{"(1, 0)": {"explain_plan": {"Plan": {"Node Type": "Aggregate", "Strategy": "Plain", "Startup Cost": 1041361.98, "Total Cost": 1041361.99, "Plan Rows": 1, "Plan Width": 97, "Plans": [{"Node Type": "Hash Join", "Parent Relationship": "Outer", "Join Type": "Inner", "Startup Cost": 930928.48, "Total Cost": 1036514.92, "Plan Rows": 969413, "Plan Width": 33, "Inner Unique": true, "Hash Cond": "(ci.role_id = rt.id), (LLVM Optimized)", "Plans": [{"Node Type": "Hash Join", "Parent Relationship": "Outer", "Join Type": "Inner", "Startup Cost": 930927.21, "Total Cost": 1023184.22, "Plan Rows": 969413, "Plan Width": 37, "Inner Unique": true, "Hash Cond": "(mc.company_type_id = ct.id), (LLVM Optimized)", "Plans": [{"Node Type": "Hash Join", "Parent Relationship": "Outer", "Join Type": "Inner", "Startup Cost": 930926.14, "Total Cost": 1009853.72, "Plan Rows": 969413, "Plan Width": 41, "Inner Unique": false, "Hash Cond": "(mc.movie_id = t.id), (LLVM Optimized)", "Plans": [{"Node Type": "Hash Join", "Parent Relationship": "Outer", "Join Type": "Inner", "Startup Cost": 6968.08, "Total Cost": 71392.69, "Plan Rows": 1282311, "Plan Width": 8, "Inner Unique": true, "Hash Cond": "(mc.company_id = cn.id), (LLVM Optimized)", "Plans": [{"Node Type": "Seq Scan", "Parent Relationship": "Outer", "Relation Name": "movie_companies", "Alias": "mc", "Startup Cost": 0.0, "Total Cost": 41817.28, "Plan Rows": 2609128, "Plan Width": 12}, {"Node Type": "Hash", "Parent Relationship": "Inner", "Startup Cost": 5903.45, "Total Cost": 5903.45, "Plan Rows": 85170, "Plan Width": 4, "Plans": [{"Node Type": "Seq Scan", "Parent Relationship": "Outer", "Relation Name": "company_name", "Alias": "cn", "Startup Cost": 0.0, "Total Cost": 5903.45, "Plan Rows": 85170, "Plan Width": 4, "Filter": "((country_code)::text = '[us]'::text)"}]}]}, {"Node Type": "Hash", "Parent Relationship": "Inner", "Startup Cost": 912029.03, "Total Cost": 912029.03, "Plan Rows": 954323, "Plan Width": 45, "Plans": [{"Node Type": "Hash Join", "Parent Relationship": "Outer", "Join Type": "Inner", "Startup Cost": 194997.99, "Total Cost": 912029.03, "Plan Rows": 954323, "Plan Width": 45, "Inner Unique": true, "Hash Cond": "(ci.movie_id = t.id), (LLVM Optimized)", "Plans": [{"Node Type": "Hash Join", "Parent Relationship": "Outer", "Join Type": "Inner", "Startup Cost": 106747.61, "Total Cost": 811624.17, "Plan Rows": 696330, "Plan Width": 24, "Inner Unique": true, "Hash Cond": "(ci.person_role_id = chn.id), (LLVM Optimized)", "Plans": [{"Node Type": "Seq Scan", "Parent Relationship": "Outer", "Relation Name": "cast_info", "Alias": "ci", "Startup Cost": 0.0, "Total Cost": 692526.68, "Plan Rows": 1436424, "Plan Width": 12, "Filter": "((note)::text ~~ '%(producer)%'::text), (LLVM Optimized)"}, {"Node Type": "Hash", "Parent Relationship": "Inner", "Startup Cost": 67493.38, "Total Cost": 67493.38, "Plan Rows": 3140338, "Plan Width": 20, "Plans": [{"Node Type": "Seq Scan", "Parent Relationship": "Outer", "Relation Name": "char_name", "Alias": "chn", "Startup Cost": 0.0, "Total Cost": 67493.38, "Plan Rows": 3140338, "Plan Width": 20}]}]}, {"Node Type": "Hash", "Parent Relationship": "Inner", "Startup Cost": 66389.89, "Total Cost": 66389.89, "Plan Rows": 1748840, "Plan Width": 21, "Plans": [{"Node Type": "Seq Scan", "Parent Relationship": "Outer", "Relation Name": "title", "Alias": "t", "Startup Cost": 0.0, "Total Cost": 66389.89, "Plan Rows": 1748840, "Plan Width": 21, "Filter": "(production_year > 1990), (LLVM Optimized)"}]}]}]}]}, {"Node Type": "Hash", "Parent Relationship": "Inner", "Startup Cost": 1.03, "Total Cost": 1.03, "Plan Rows": 3, "Plan Width": 4, "Plans": [{"Node Type": "Seq Scan", "Parent Relationship": "Outer", "Relation Name": "company_type", "Alias": "ct", "Startup Cost": 0.0, "Total Cost": 1.03, "Plan Rows": 3, "Plan Width": 4}]}]}, {"Node Type": "Hash", "Parent Relationship": "Inner", "Startup Cost": 1.12, "Total Cost": 1.12, "Plan Rows": 12, "Plan Width": 4, "Plans": [{"Node Type": "Seq Scan", "Parent Relationship": "Outer", "Relation Name": "role_type", "Alias": "rt", "Startup Cost": 0.0, "Total Cost": 1.12, "Plan Rows": 12, "Plan Width": 4}]}]}]}, "Unique SQL Id": 3145361615}, "explain_analyze_plan": {"Plan": {"Node Type": "Aggregate", "Strategy": "Plain", "Startup Cost": 1041361.98, "Total Cost": 1041361.99, "Plan Rows": 1, "Plan Width": 97, "Actual Startup Time": 16188.609, "Actual Total Time": 16188.61, "Actual Rows": 1, "Actual Loops": 1, "Plans": [{"Node Type": "Hash Join", "Parent Relationship": "Outer", "Join Type": "Inner", "Startup Cost": 930928.48, "Total Cost": 1036514.92, "Plan Rows": 969413, "Plan Width": 33, "Actual Startup Time": 15828.872, "Actual Total Time": 16188.552, "Actual Rows": 4, "Actual Loops": 1, "Inner Unique": true, "Hash Cond": "(ci.role_id = rt.id), (LLVM Optimized, Jit Execute)", "Plans": [{"Node Type": "Hash Join", "Parent Relationship": "Outer", "Join Type": "Inner", "Startup Cost": 930927.21, "Total Cost": 1023184.22, "Plan Rows": 969413, "Plan Width": 37, "Actual Startup Time": 15828.776, "Actual Total Time": 16188.441, "Actual Rows": 4, "Actual Loops": 1, "Inner Unique": true, "Hash Cond": "(mc.company_type_id = ct.id), (LLVM Optimized, Jit Execute)", "Plans": [{"Node Type": "Hash Join", "Parent Relationship": "Outer", "Join Type": "Inner", "Startup Cost": 930926.14, "Total Cost": 1009853.72, "Plan Rows": 969413, "Plan Width": 41, "Actual Startup Time": 15005.566, "Actual Total Time": 16188.307, "Actual Rows": 10, "Actual Loops": 1, "Inner Unique": false, "Hash Cond": "(mc.movie_id = t.id), (LLVM Optimized, Jit Execute)", "Plans": [{"Node Type": "Hash Join", "Parent Relationship": "Outer", "Join Type": "Inner", "Startup Cost": 6968.08, "Total Cost": 71392.69, "Plan Rows": 1282311, "Plan Width": 8, "Actual Startup Time": 112.673, "Actual Total Time": 1492.413, "Actual Rows": 1153797, "Actual Loops": 1, "Inner Unique": true, "Hash Cond": "(mc.company_id = cn.id), (LLVM Optimized, Jit Execute)", "Plans": [{"Node Type": "Seq Scan", "Parent Relationship": "Outer", "Relation Name": "movie_companies", "Alias": "mc", "Startup Cost": 0.0, "Total Cost": 41817.28, "Plan Rows": 2609128, "Plan Width": 12, "Actual Startup Time": 0.016, "Actual Total Time": 568.795, "Actual Rows": 2609128, "Actual Loops": 1}, {"Node Type": "Hash", "Parent Relationship": "Inner", "Startup Cost": 5903.45, "Total Cost": 5903.45, "Plan Rows": 85170, "Plan Width": 4, "Actual Startup Time": 112.55, "Actual Total Time": 112.55, "Actual Rows": 84843, "Actual Loops": 1, "Hash Buckets": 131072, "Hash Batches": 1, "Original Hash Batches": 1, "Peak Memory Usage": 2983, "Plans": [{"Node Type": "Seq Scan", "Parent Relationship": "Outer", "Relation Name": "company_name", "Alias": "cn", "Startup Cost": 0.0, "Total Cost": 5903.45, "Plan Rows": 85170, "Plan Width": 4, "Actual Startup Time": 0.027, "Actual Total Time": 89.932, "Actual Rows": 84843, "Actual Loops": 1, "Filter": "((country_code)::text = '[us]'::text)", "Rows Removed by Filter": 150153}]}]}, {"Node Type": "Hash", "Parent Relationship": "Inner", "Startup Cost": 912029.03, "Total Cost": 912029.03, "Plan Rows": 954323, "Plan Width": 45, "Actual Startup Time": 14488.293, "Actual Total Time": 14488.293, "Actual Rows": 12, "Actual Loops": 1, "Hash Buckets": 1048576, "Hash Batches": 1, "Original Hash Batches": 1, "Peak Memory Usage": 1, "Plans": [{"Node Type": "Hash Join", "Parent Relationship": "Outer", "Join Type": "Inner", "Startup Cost": 194997.99, "Total Cost": 912029.03, "Plan Rows": 954323, "Plan Width": 45, "Actual Startup Time": 4529.624, "Actual Total Time": 14488.212, "Actual Rows": 12, "Actual Loops": 1, "Inner Unique": true, "Hash Cond": "(ci.movie_id = t.id), (LLVM Optimized, Jit Execute)", "Plans": [{"Node Type": "Hash Join", "Parent Relationship": "Outer", "Join Type": "Inner", "Startup Cost": 106747.61, "Total Cost": 811624.17, "Plan Rows": 696330, "Plan Width": 24, "Actual Startup Time": 2991.698, "Actual Total Time": 12936.256, "Actual Rows": 15, "Actual Loops": 1, "Inner Unique": true, "Hash Cond": "(ci.person_role_id = chn.id), (LLVM Optimized, Jit Execute)", "Plans": [{"Node Type": "Seq Scan", "Parent Relationship": "Outer", "Relation Name": "cast_info", "Alias": "ci", "Startup Cost": 0.0, "Total Cost": 692526.68, "Plan Rows": 1436424, "Plan Width": 12, "Actual Startup Time": 689.018, "Actual Total Time": 10483.608, "Actual Rows": 1435439, "Actual Loops": 1, "Filter": "((note)::text ~~ '%(producer)%'::text), (LLVM Optimized, Jit Execute)", "Rows Removed by Filter": 34808904}, {"Node Type": "Hash", "Parent Relationship": "Inner", "Startup Cost": 67493.38, "Total Cost": 67493.38, "Plan Rows": 3140338, "Plan Width": 20, "Actual Startup Time": 2297.894, "Actual Total Time": 2297.894, "Actual Rows": 3140338, "Actual Loops": 1, "Hash Buckets": 4194304, "Hash Batches": 1, "Original Hash Batches": 1, "Peak Memory Usage": 165269, "Plans": [{"Node Type": "Seq Scan", "Parent Relationship": "Outer", "Relation Name": "char_name", "Alias": "chn", "Startup Cost": 0.0, "Total Cost": 67493.38, "Plan Rows": 3140338, "Plan Width": 20, "Actual Startup Time": 0.047, "Actual Total Time": 983.534, "Actual Rows": 3140338, "Actual Loops": 1}]}]}, {"Node Type": "Hash", "Parent Relationship": "Inner", "Startup Cost": 66389.89, "Total Cost": 66389.89, "Plan Rows": 1748840, "Plan Width": 21, "Actual Startup Time": 1536.691, "Actual Total Time": 1536.691, "Actual Rows": 1749032, "Actual Loops": 1, "Hash Buckets": 2097152, "Hash Batches": 1, "Original Hash Batches": 1, "Peak Memory Usage": 93635, "Plans": [{"Node Type": "Seq Scan", "Parent Relationship": "Outer", "Relation Name": "title", "Alias": "t", "Startup Cost": 0.0, "Total Cost": 66389.89, "Plan Rows": 1748840, "Plan Width": 21, "Actual Startup Time": 0.032, "Actual Total Time": 903.509, "Actual Rows": 1749032, "Actual Loops": 1, "Filter": "(production_year > 1990), (LLVM Optimized, Jit Execute)", "Rows Removed by Filter": 779279}]}]}]}]}, {"Node Type": "Hash", "Parent Relationship": "Inner", "Startup Cost": 1.03, "Total Cost": 1.03, "Plan Rows": 3, "Plan Width": 4, "Actual Startup Time": 0.007, "Actual Total Time": 0.007, "Actual Rows": 3, "Actual Loops": 1, "Hash Buckets": 32768, "Hash Batches": 1, "Original Hash Batches": 1, "Peak Memory Usage": 1, "Plans": [{"Node Type": "Seq Scan", "Parent Relationship": "Outer", "Relation Name": "company_type", "Alias": "ct", "Startup Cost": 0.0, "Total Cost": 1.03, "Plan Rows": 3, "Plan Width": 4, "Actual Startup Time": 0.003, "Actual Total Time": 0.003, "Actual Rows": 3, "Actual Loops": 1}]}]}, {"Node Type": "Hash", "Parent Relationship": "Inner", "Startup Cost": 1.12, "Total Cost": 1.12, "Plan Rows": 12, "Plan Width": 4, "Actual Startup Time": 0.039, "Actual Total Time": 0.039, "Actual Rows": 12, "Actual Loops": 1, "Hash Buckets": 32768, "Hash Batches": 1, "Original Hash Batches": 1, "Peak Memory Usage": 1, "Plans": [{"Node Type": "Seq Scan", "Parent Relationship": "Outer", "Relation Name": "role_type", "Alias": "rt", "Startup Cost": 0.0, "Total Cost": 1.12, "Plan Rows": 12, "Plan Width": 4, "Actual Startup Time": 0.018, "Actual Total Time": 0.024, "Actual Rows": 12, "Actual Loops": 1}]}]}]}, "Triggers": [], "Planner Runtime": 41.396, "Total Runtime": 16199.863, "Unique SQL Id": 3145361615}}, "(1, 1)": {"explain_plan": {"Plan": {"Node Type": "Aggregate", "Strategy": "Plain", "Startup Cost": 1476554.64, "Total Cost": 1476554.65, "Plan Rows": 1, "Plan Width": 97, "Plans": [{"Node Type": "Hash Join", "Parent Relationship": "Outer", "Join Type": "Inner", "Startup Cost": 391129.15, "Total Cost": 1471707.57, "Plan Rows": 969413, "Plan Width": 33, "Inner Unique": true, "Hash Cond": "(mc.company_type_id = ct.id), (LLVM Optimized)", "Plans": [{"Node Type": "Hash Join", "Parent Relationship": "Outer", "Join Type": "Inner", "Startup Cost": 391120.82, "Total Cost": 1458369.81, "Plan Rows": 969413, "Plan Width": 37, "Inner Unique": false, "Hash Cond": "(ci.movie_id = t.id), (LLVM Optimized)", "Plans": [{"Node Type": "Hash Join", "Parent Relationship": "Outer", "Join Type": "Inner", "Startup Cost": 80683.05, "Total Cost": 1135626.49, "Plan Rows": 696330, "Plan Width": 20, "Inner Unique": true, "Hash Cond": "(ci.role_id = rt.id), (LLVM Optimized)", "Plans": [{"Node Type": "Merge Join", "Parent Relationship": "Outer", "Join Type": "Inner", "Startup Cost": 80674.47, "Total Cost": 1126861.56, "Plan Rows": 696330, "Plan Width": 24, "Inner Unique": false, "Merge Cond": "(chn.id = ci.person_role_id)", "Plans": [{"Node Type": "Index Scan", "Parent Relationship": "Outer", "Scan Direction": "Forward", "Index Name": "char_name_pkey", "Relation Name": "char_name", "Alias": "chn", "Startup Cost": 0.0, "Total Cost": 129875.46, "Plan Rows": 3140338, "Plan Width": 20}, {"Node Type": "Index Scan", "Parent Relationship": "Inner", "Scan Direction": "Forward", "Index Name": "person_role_id_cast_info", "Relation Name": "cast_info", "Alias": "ci", "Startup Cost": 0.0, "Total Cost": 2022508.08, "Plan Rows": 1436424, "Plan Width": 12, "Filter": "((note)::text ~~ '%(producer)%'::text), (LLVM Optimized)"}]}, {"Node Type": "Hash", "Parent Relationship": "Inner", "Startup Cost": 8.43, "Total Cost": 8.43, "Plan Rows": 12, "Plan Width": 4, "Plans": [{"Node Type": "Index Only Scan", "Parent Relationship": "Outer", "Scan Direction": "Forward", "Index Name": "role_type_pkey", "Relation Name": "role_type", "Alias": "rt", "Startup Cost": 0.0, "Total Cost": 8.43, "Plan Rows": 12, "Plan Width": 4}]}]}, {"Node Type": "Hash", "Parent Relationship": "Inner", "Startup Cost": 288231.21, "Total Cost": 288231.21, "Plan Rows": 1776525, "Plan Width": 29, "Plans": [{"Node Type": "Hash Join", "Parent Relationship": "Outer", "Join Type": "Inner", "Startup Cost": 149867.78, "Total Cost": 288231.21, "Plan Rows": 1776525, "Plan Width": 29, "Inner Unique": true, "Hash Cond": "(mc.movie_id = t.id), (LLVM Optimized)", "Plans": [{"Node Type": "Hash Join", "Parent Relationship": "Outer", "Join Type": "Inner", "Startup Cost": 11566.01, "Total Cost": 127355.52, "Plan Rows": 1282311, "Plan Width": 8, "Inner Unique": true, "Hash Cond": "(mc.company_id = cn.id), (LLVM Optimized)", "Plans": [{"Node Type": "Index Scan", "Parent Relationship": "Outer", "Scan Direction": "Forward", "Index Name": "company_type_id_movie_companies", "Relation Name": "movie_companies", "Alias": "mc", "Startup Cost": 0.0, "Total Cost": 93182.17, "Plan Rows": 2609128, "Plan Width": 12}, {"Node Type": "Hash", "Parent Relationship": "Inner", "Startup Cost": 10501.39, "Total Cost": 10501.39, "Plan Rows": 85170, "Plan Width": 4, "Plans": [{"Node Type": "Index Scan", "Parent Relationship": "Outer", "Scan Direction": "Forward", "Index Name": "company_name_pkey", "Relation Name": "company_name", "Alias": "cn", "Startup Cost": 0.0, "Total Cost": 10501.39, "Plan Rows": 85170, "Plan Width": 4, "Filter": "((country_code)::text = '[us]'::text)"}]}]}, {"Node Type": "Hash", "Parent Relationship": "Inner", "Startup Cost": 116441.27, "Total Cost": 116441.27, "Plan Rows": 1748840, "Plan Width": 21, "Plans": [{"Node Type": "Index Scan", "Parent Relationship": "Outer", "Scan Direction": "Forward", "Index Name": "title_pkey", "Relation Name": "title", "Alias": "t", "Startup Cost": 0.0, "Total Cost": 116441.27, "Plan Rows": 1748840, "Plan Width": 21, "Filter": "(production_year > 1990), (LLVM Optimized)"}]}]}]}]}, {"Node Type": "Hash", "Parent Relationship": "Inner", "Startup Cost": 8.29, "Total Cost": 8.29, "Plan Rows": 3, "Plan Width": 4, "Plans": [{"Node Type": "Index Only Scan", "Parent Relationship": "Outer", "Scan Direction": "Forward", "Index Name": "company_type_pkey", "Relation Name": "company_type", "Alias": "ct", "Startup Cost": 0.0, "Total Cost": 8.29, "Plan Rows": 3, "Plan Width": 4}]}]}]}, "Unique SQL Id": 3145361615}, "explain_analyze_plan": {"Plan": {"Node Type": "Aggregate", "Strategy": "Plain", "Startup Cost": 1476554.64, "Total Cost": 1476554.65, "Plan Rows": 1, "Plan Width": 97, "Actual Startup Time": 24092.525, "Actual Total Time": 24092.526, "Actual Rows": 1, "Actual Loops": 1, "Plans": [{"Node Type": "Hash Join", "Parent Relationship": "Outer", "Join Type": "Inner", "Startup Cost": 391129.15, "Total Cost": 1471707.57, "Plan Rows": 969413, "Plan Width": 33, "Actual Startup Time": 7259.474, "Actual Total Time": 24092.475, "Actual Rows": 4, "Actual Loops": 1, "Inner Unique": true, "Hash Cond": "(mc.company_type_id = ct.id), (LLVM Optimized, Jit Execute)", "Plans": [{"Node Type": "Hash Join", "Parent Relationship": "Outer", "Join Type": "Inner", "Startup Cost": 391120.82, "Total Cost": 1458369.81, "Plan Rows": 969413, "Plan Width": 37, "Actual Startup Time": 7259.401, "Actual Total Time": 24090.968, "Actual Rows": 10, "Actual Loops": 1, "Inner Unique": false, "Hash Cond": "(ci.movie_id = t.id), (LLVM Optimized, Jit Execute)", "Plans": [{"Node Type": "Hash Join", "Parent Relationship": "Outer", "Join Type": "Inner", "Startup Cost": 80683.05, "Total Cost": 1135626.49, "Plan Rows": 696330, "Plan Width": 20, "Actual Startup Time": 153.183, "Actual Total Time": 16984.585, "Actual Rows": 15, "Actual Loops": 1, "Inner Unique": true, "Hash Cond": "(ci.role_id = rt.id), (LLVM Optimized, Jit Execute)", "Plans": [{"Node Type": "Merge Join", "Parent Relationship": "Outer", "Join Type": "Inner", "Startup Cost": 80674.47, "Total Cost": 1126861.56, "Plan Rows": 696330, "Plan Width": 24, "Actual Startup Time": 153.116, "Actual Total Time": 16984.43, "Actual Rows": 15, "Actual Loops": 1, "Inner Unique": false, "Merge Cond": "(chn.id = ci.person_role_id)", "Plans": [{"Node Type": "Index Scan", "Parent Relationship": "Outer", "Scan Direction": "Forward", "Index Name": "char_name_pkey", "Relation Name": "char_name", "Alias": "chn", "Startup Cost": 0.0, "Total Cost": 129875.46, "Plan Rows": 3140338, "Plan Width": 20, "Actual Startup Time": 0.024, "Actual Total Time": 909.418, "Actual Rows": 881591, "Actual Loops": 1}, {"Node Type": "Index Scan", "Parent Relationship": "Inner", "Scan Direction": "Forward", "Index Name": "person_role_id_cast_info", "Relation Name": "cast_info", "Alias": "ci", "Startup Cost": 0.0, "Total Cost": 2022508.08, "Plan Rows": 1436424, "Plan Width": 12, "Actual Startup Time": 153.073, "Actual Total Time": 15951.655, "Actual Rows": 16, "Actual Loops": 1, "Filter": "((note)::text ~~ '%(producer)%'::text), (LLVM Optimized, Jit Execute)", "Rows Removed by Filter": 20122645}]}, {"Node Type": "Hash", "Parent Relationship": "Inner", "Startup Cost": 8.43, "Total Cost": 8.43, "Plan Rows": 12, "Plan Width": 4, "Actual Startup Time": 0.009, "Actual Total Time": 0.009, "Actual Rows": 12, "Actual Loops": 1, "Hash Buckets": 32768, "Hash Batches": 1, "Original Hash Batches": 1, "Peak Memory Usage": 1, "Plans": [{"Node Type": "Index Only Scan", "Parent Relationship": "Outer", "Scan Direction": "Forward", "Index Name": "role_type_pkey", "Relation Name": "role_type", "Alias": "rt", "Startup Cost": 0.0, "Total Cost": 8.43, "Plan Rows": 12, "Plan Width": 4, "Actual Startup Time": 0.002, "Actual Total Time": 0.003, "Actual Rows": 12, "Actual Loops": 1, "Heap Fetches": 0}]}]}, {"Node Type": "Hash", "Parent Relationship": "Inner", "Startup Cost": 288231.21, "Total Cost": 288231.21, "Plan Rows": 1776525, "Plan Width": 29, "Actual Startup Time": 7102.265, "Actual Total Time": 7102.265, "Actual Rows": 596249, "Actual Loops": 1, "Hash Buckets": 2097152, "Hash Batches": 1, "Original Hash Batches": 1, "Peak Memory Usage": 37921, "Plans": [{"Node Type": "Hash Join", "Parent Relationship": "Outer", "Join Type": "Inner", "Startup Cost": 149867.78, "Total Cost": 288231.21, "Plan Rows": 1776525, "Plan Width": 29, "Actual Startup Time": 4369.395, "Actual Total Time": 6883.537, "Actual Rows": 596249, "Actual Loops": 1, "Inner Unique": true, "Hash Cond": "(mc.movie_id = t.id), (LLVM Optimized, Jit Execute)", "Plans": [{"Node Type": "Hash Join", "Parent Relationship": "Outer", "Join Type": "Inner", "Startup Cost": 11566.01, "Total Cost": 127355.52, "Plan Rows": 1282311, "Plan Width": 8, "Actual Startup Time": 312.034, "Actual Total Time": 2352.022, "Actual Rows": 1153797, "Actual Loops": 1, "Inner Unique": true, "Hash Cond": "(mc.company_id = cn.id), (LLVM Optimized, Jit Execute)", "Plans": [{"Node Type": "Index Scan", "Parent Relationship": "Outer", "Scan Direction": "Forward", "Index Name": "company_type_id_movie_companies", "Relation Name": "movie_companies", "Alias": "mc", "Startup Cost": 0.0, "Total Cost": 93182.17, "Plan Rows": 2609128, "Plan Width": 12, "Actual Startup Time": 0.046, "Actual Total Time": 1211.245, "Actual Rows": 2609128, "Actual Loops": 1}, {"Node Type": "Hash", "Parent Relationship": "Inner", "Startup Cost": 10501.39, "Total Cost": 10501.39, "Plan Rows": 85170, "Plan Width": 4, "Actual Startup Time": 311.878, "Actual Total Time": 311.878, "Actual Rows": 84843, "Actual Loops": 1, "Hash Buckets": 131072, "Hash Batches": 1, "Original Hash Batches": 1, "Peak Memory Usage": 2983, "Plans": [{"Node Type": "Index Scan", "Parent Relationship": "Outer", "Scan Direction": "Forward", "Index Name": "company_name_pkey", "Relation Name": "company_name", "Alias": "cn", "Startup Cost": 0.0, "Total Cost": 10501.39, "Plan Rows": 85170, "Plan Width": 4, "Actual Startup Time": 0.032, "Actual Total Time": 286.34, "Actual Rows": 84843, "Actual Loops": 1, "Filter": "((country_code)::text = '[us]'::text)", "Rows Removed by Filter": 150153}]}]}, {"Node Type": "Hash", "Parent Relationship": "Inner", "Startup Cost": 116441.27, "Total Cost": 116441.27, "Plan Rows": 1748840, "Plan Width": 21, "Actual Startup Time": 4056.117, "Actual Total Time": 4056.117, "Actual Rows": 1749032, "Actual Loops": 1, "Hash Buckets": 2097152, "Hash Batches": 1, "Original Hash Batches": 1, "Peak Memory Usage": 93635, "Plans": [{"Node Type": "Index Scan", "Parent Relationship": "Outer", "Scan Direction": "Forward", "Index Name": "title_pkey", "Relation Name": "title", "Alias": "t", "Startup Cost": 0.0, "Total Cost": 116441.27, "Plan Rows": 1748840, "Plan Width": 21, "Actual Startup Time": 0.046, "Actual Total Time": 3321.627, "Actual Rows": 1749032, "Actual Loops": 1, "Filter": "(production_year > 1990), (LLVM Optimized, Jit Execute)", "Rows Removed by Filter": 779279}]}]}]}]}, {"Node Type": "Hash", "Parent Relationship": "Inner", "Startup Cost": 8.29, "Total Cost": 8.29, "Plan Rows": 3, "Plan Width": 4, "Actual Startup Time": 0.025, "Actual Total Time": 0.025, "Actual Rows": 3, "Actual Loops": 1, "Hash Buckets": 32768, "Hash Batches": 1, "Original Hash Batches": 1, "Peak Memory Usage": 1, "Plans": [{"Node Type": "Index Only Scan", "Parent Relationship": "Outer", "Scan Direction": "Forward", "Index Name": "company_type_pkey", "Relation Name": "company_type", "Alias": "ct", "Startup Cost": 0.0, "Total Cost": 8.29, "Plan Rows": 3, "Plan Width": 4, "Actual Startup Time": 0.01, "Actual Total Time": 0.012, "Actual Rows": 3, "Actual Loops": 1, "Heap Fetches": 0}]}]}]}, "Triggers": [], "Planner Runtime": 34.516, "Total Runtime": 24103.809, "Unique SQL Id": 3145361615}}, "(1, 2)": {"explain_plan": {"Plan": {"Node Type": "Aggregate", "Strategy": "Plain", "Startup Cost": 1041361.98, "Total Cost": 1041361.99, "Plan Rows": 1, "Plan Width": 97, "Plans": [{"Node Type": "Hash Join", "Parent Relationship": "Outer", "Join Type": "Inner", "Startup Cost": 930928.48, "Total Cost": 1036514.92, "Plan Rows": 969413, "Plan Width": 33, "Inner Unique": true, "Hash Cond": "(ci.role_id = rt.id), (LLVM Optimized)", "Plans": [{"Node Type": "Hash Join", "Parent Relationship": "Outer", "Join Type": "Inner", "Startup Cost": 930927.21, "Total Cost": 1023184.22, "Plan Rows": 969413, "Plan Width": 37, "Inner Unique": true, "Hash Cond": "(mc.company_type_id = ct.id), (LLVM Optimized)", "Plans": [{"Node Type": "Hash Join", "Parent Relationship": "Outer", "Join Type": "Inner", "Startup Cost": 930926.14, "Total Cost": 1009853.72, "Plan Rows": 969413, "Plan Width": 41, "Inner Unique": false, "Hash Cond": "(mc.movie_id = t.id), (LLVM Optimized)", "Plans": [{"Node Type": "Hash Join", "Parent Relationship": "Outer", "Join Type": "Inner", "Startup Cost": 6968.08, "Total Cost": 71392.69, "Plan Rows": 1282311, "Plan Width": 8, "Inner Unique": true, "Hash Cond": "(mc.company_id = cn.id), (LLVM Optimized)", "Plans": [{"Node Type": "Seq Scan", "Parent Relationship": "Outer", "Relation Name": "movie_companies", "Alias": "mc", "Startup Cost": 0.0, "Total Cost": 41817.28, "Plan Rows": 2609128, "Plan Width": 12}, {"Node Type": "Hash", "Parent Relationship": "Inner", "Startup Cost": 5903.45, "Total Cost": 5903.45, "Plan Rows": 85170, "Plan Width": 4, "Plans": [{"Node Type": "Seq Scan", "Parent Relationship": "Outer", "Relation Name": "company_name", "Alias": "cn", "Startup Cost": 0.0, "Total Cost": 5903.45, "Plan Rows": 85170, "Plan Width": 4, "Filter": "((country_code)::text = '[us]'::text)"}]}]}, {"Node Type": "Hash", "Parent Relationship": "Inner", "Startup Cost": 912029.03, "Total Cost": 912029.03, "Plan Rows": 954323, "Plan Width": 45, "Plans": [{"Node Type": "Hash Join", "Parent Relationship": "Outer", "Join Type": "Inner", "Startup Cost": 194997.99, "Total Cost": 912029.03, "Plan Rows": 954323, "Plan Width": 45, "Inner Unique": true, "Hash Cond": "(ci.movie_id = t.id), (LLVM Optimized)", "Plans": [{"Node Type": "Hash Join", "Parent Relationship": "Outer", "Join Type": "Inner", "Startup Cost": 106747.61, "Total Cost": 811624.17, "Plan Rows": 696330, "Plan Width": 24, "Inner Unique": true, "Hash Cond": "(ci.person_role_id = chn.id), (LLVM Optimized)", "Plans": [{"Node Type": "Seq Scan", "Parent Relationship": "Outer", "Relation Name": "cast_info", "Alias": "ci", "Startup Cost": 0.0, "Total Cost": 692526.68, "Plan Rows": 1436424, "Plan Width": 12, "Filter": "((note)::text ~~ '%(producer)%'::text), (LLVM Optimized)"}, {"Node Type": "Hash", "Parent Relationship": "Inner", "Startup Cost": 67493.38, "Total Cost": 67493.38, "Plan Rows": 3140338, "Plan Width": 20, "Plans": [{"Node Type": "Seq Scan", "Parent Relationship": "Outer", "Relation Name": "char_name", "Alias": "chn", "Startup Cost": 0.0, "Total Cost": 67493.38, "Plan Rows": 3140338, "Plan Width": 20}]}]}, {"Node Type": "Hash", "Parent Relationship": "Inner", "Startup Cost": 66389.89, "Total Cost": 66389.89, "Plan Rows": 1748840, "Plan Width": 21, "Plans": [{"Node Type": "Seq Scan", "Parent Relationship": "Outer", "Relation Name": "title", "Alias": "t", "Startup Cost": 0.0, "Total Cost": 66389.89, "Plan Rows": 1748840, "Plan Width": 21, "Filter": "(production_year > 1990), (LLVM Optimized)"}]}]}]}]}, {"Node Type": "Hash", "Parent Relationship": "Inner", "Startup Cost": 1.03, "Total Cost": 1.03, "Plan Rows": 3, "Plan Width": 4, "Plans": [{"Node Type": "Seq Scan", "Parent Relationship": "Outer", "Relation Name": "company_type", "Alias": "ct", "Startup Cost": 0.0, "Total Cost": 1.03, "Plan Rows": 3, "Plan Width": 4}]}]}, {"Node Type": "Hash", "Parent Relationship": "Inner", "Startup Cost": 1.12, "Total Cost": 1.12, "Plan Rows": 12, "Plan Width": 4, "Plans": [{"Node Type": "Seq Scan", "Parent Relationship": "Outer", "Relation Name": "role_type", "Alias": "rt", "Startup Cost": 0.0, "Total Cost": 1.12, "Plan Rows": 12, "Plan Width": 4}]}]}]}, "Unique SQL Id": 3145361615}, "explain_analyze_plan": {"Plan": {"Node Type": "Aggregate", "Strategy": "Plain", "Startup Cost": 1041361.98, "Total Cost": 1041361.99, "Plan Rows": 1, "Plan Width": 97, "Actual Startup Time": 16188.609, "Actual Total Time": 16188.61, "Actual Rows": 1, "Actual Loops": 1, "Plans": [{"Node Type": "Hash Join", "Parent Relationship": "Outer", "Join Type": "Inner", "Startup Cost": 930928.48, "Total Cost": 1036514.92, "Plan Rows": 969413, "Plan Width": 33, "Actual Startup Time": 15828.872, "Actual Total Time": 16188.552, "Actual Rows": 4, "Actual Loops": 1, "Inner Unique": true, "Hash Cond": "(ci.role_id = rt.id), (LLVM Optimized, Jit Execute)", "Plans": [{"Node Type": "Hash Join", "Parent Relationship": "Outer", "Join Type": "Inner", "Startup Cost": 930927.21, "Total Cost": 1023184.22, "Plan Rows": 969413, "Plan Width": 37, "Actual Startup Time": 15828.776, "Actual Total Time": 16188.441, "Actual Rows": 4, "Actual Loops": 1, "Inner Unique": true, "Hash Cond": "(mc.company_type_id = ct.id), (LLVM Optimized, Jit Execute)", "Plans": [{"Node Type": "Hash Join", "Parent Relationship": "Outer", "Join Type": "Inner", "Startup Cost": 930926.14, "Total Cost": 1009853.72, "Plan Rows": 969413, "Plan Width": 41, "Actual Startup Time": 15005.566, "Actual Total Time": 16188.307, "Actual Rows": 10, "Actual Loops": 1, "Inner Unique": false, "Hash Cond": "(mc.movie_id = t.id), (LLVM Optimized, Jit Execute)", "Plans": [{"Node Type": "Hash Join", "Parent Relationship": "Outer", "Join Type": "Inner", "Startup Cost": 6968.08, "Total Cost": 71392.69, "Plan Rows": 1282311, "Plan Width": 8, "Actual Startup Time": 112.673, "Actual Total Time": 1492.413, "Actual Rows": 1153797, "Actual Loops": 1, "Inner Unique": true, "Hash Cond": "(mc.company_id = cn.id), (LLVM Optimized, Jit Execute)", "Plans": [{"Node Type": "Seq Scan", "Parent Relationship": "Outer", "Relation Name": "movie_companies", "Alias": "mc", "Startup Cost": 0.0, "Total Cost": 41817.28, "Plan Rows": 2609128, "Plan Width": 12, "Actual Startup Time": 0.016, "Actual Total Time": 568.795, "Actual Rows": 2609128, "Actual Loops": 1}, {"Node Type": "Hash", "Parent Relationship": "Inner", "Startup Cost": 5903.45, "Total Cost": 5903.45, "Plan Rows": 85170, "Plan Width": 4, "Actual Startup Time": 112.55, "Actual Total Time": 112.55, "Actual Rows": 84843, "Actual Loops": 1, "Hash Buckets": 131072, "Hash Batches": 1, "Original Hash Batches": 1, "Peak Memory Usage": 2983, "Plans": [{"Node Type": "Seq Scan", "Parent Relationship": "Outer", "Relation Name": "company_name", "Alias": "cn", "Startup Cost": 0.0, "Total Cost": 5903.45, "Plan Rows": 85170, "Plan Width": 4, "Actual Startup Time": 0.027, "Actual Total Time": 89.932, "Actual Rows": 84843, "Actual Loops": 1, "Filter": "((country_code)::text = '[us]'::text)", "Rows Removed by Filter": 150153}]}]}, {"Node Type": "Hash", "Parent Relationship": "Inner", "Startup Cost": 912029.03, "Total Cost": 912029.03, "Plan Rows": 954323, "Plan Width": 45, "Actual Startup Time": 14488.293, "Actual Total Time": 14488.293, "Actual Rows": 12, "Actual Loops": 1, "Hash Buckets": 1048576, "Hash Batches": 1, "Original Hash Batches": 1, "Peak Memory Usage": 1, "Plans": [{"Node Type": "Hash Join", "Parent Relationship": "Outer", "Join Type": "Inner", "Startup Cost": 194997.99, "Total Cost": 912029.03, "Plan Rows": 954323, "Plan Width": 45, "Actual Startup Time": 4529.624, "Actual Total Time": 14488.212, "Actual Rows": 12, "Actual Loops": 1, "Inner Unique": true, "Hash Cond": "(ci.movie_id = t.id), (LLVM Optimized, Jit Execute)", "Plans": [{"Node Type": "Hash Join", "Parent Relationship": "Outer", "Join Type": "Inner", "Startup Cost": 106747.61, "Total Cost": 811624.17, "Plan Rows": 696330, "Plan Width": 24, "Actual Startup Time": 2991.698, "Actual Total Time": 12936.256, "Actual Rows": 15, "Actual Loops": 1, "Inner Unique": true, "Hash Cond": "(ci.person_role_id = chn.id), (LLVM Optimized, Jit Execute)", "Plans": [{"Node Type": "Seq Scan", "Parent Relationship": "Outer", "Relation Name": "cast_info", "Alias": "ci", "Startup Cost": 0.0, "Total Cost": 692526.68, "Plan Rows": 1436424, "Plan Width": 12, "Actual Startup Time": 689.018, "Actual Total Time": 10483.608, "Actual Rows": 1435439, "Actual Loops": 1, "Filter": "((note)::text ~~ '%(producer)%'::text), (LLVM Optimized, Jit Execute)", "Rows Removed by Filter": 34808904}, {"Node Type": "Hash", "Parent Relationship": "Inner", "Startup Cost": 67493.38, "Total Cost": 67493.38, "Plan Rows": 3140338, "Plan Width": 20, "Actual Startup Time": 2297.894, "Actual Total Time": 2297.894, "Actual Rows": 3140338, "Actual Loops": 1, "Hash Buckets": 4194304, "Hash Batches": 1, "Original Hash Batches": 1, "Peak Memory Usage": 165269, "Plans": [{"Node Type": "Seq Scan", "Parent Relationship": "Outer", "Relation Name": "char_name", "Alias": "chn", "Startup Cost": 0.0, "Total Cost": 67493.38, "Plan Rows": 3140338, "Plan Width": 20, "Actual Startup Time": 0.047, "Actual Total Time": 983.534, "Actual Rows": 3140338, "Actual Loops": 1}]}]}, {"Node Type": "Hash", "Parent Relationship": "Inner", "Startup Cost": 66389.89, "Total Cost": 66389.89, "Plan Rows": 1748840, "Plan Width": 21, "Actual Startup Time": 1536.691, "Actual Total Time": 1536.691, "Actual Rows": 1749032, "Actual Loops": 1, "Hash Buckets": 2097152, "Hash Batches": 1, "Original Hash Batches": 1, "Peak Memory Usage": 93635, "Plans": [{"Node Type": "Seq Scan", "Parent Relationship": "Outer", "Relation Name": "title", "Alias": "t", "Startup Cost": 0.0, "Total Cost": 66389.89, "Plan Rows": 1748840, "Plan Width": 21, "Actual Startup Time": 0.032, "Actual Total Time": 903.509, "Actual Rows": 1749032, "Actual Loops": 1, "Filter": "(production_year > 1990), (LLVM Optimized, Jit Execute)", "Rows Removed by Filter": 779279}]}]}]}]}, {"Node Type": "Hash", "Parent Relationship": "Inner", "Startup Cost": 1.03, "Total Cost": 1.03, "Plan Rows": 3, "Plan Width": 4, "Actual Startup Time": 0.007, "Actual Total Time": 0.007, "Actual Rows": 3, "Actual Loops": 1, "Hash Buckets": 32768, "Hash Batches": 1, "Original Hash Batches": 1, "Peak Memory Usage": 1, "Plans": [{"Node Type": "Seq Scan", "Parent Relationship": "Outer", "Relation Name": "company_type", "Alias": "ct", "Startup Cost": 0.0, "Total Cost": 1.03, "Plan Rows": 3, "Plan Width": 4, "Actual Startup Time": 0.003, "Actual Total Time": 0.003, "Actual Rows": 3, "Actual Loops": 1}]}]}, {"Node Type": "Hash", "Parent Relationship": "Inner", "Startup Cost": 1.12, "Total Cost": 1.12, "Plan Rows": 12, "Plan Width": 4, "Actual Startup Time": 0.039, "Actual Total Time": 0.039, "Actual Rows": 12, "Actual Loops": 1, "Hash Buckets": 32768, "Hash Batches": 1, "Original Hash Batches": 1, "Peak Memory Usage": 1, "Plans": [{"Node Type": "Seq Scan", "Parent Relationship": "Outer", "Relation Name": "role_type", "Alias": "rt", "Startup Cost": 0.0, "Total Cost": 1.12, "Plan Rows": 12, "Plan Width": 4, "Actual Startup Time": 0.018, "Actual Total Time": 0.024, "Actual Rows": 12, "Actual Loops": 1}]}]}]}, "Triggers": [], "Planner Runtime": 41.396, "Total Runtime": 16199.863, "Unique SQL Id": 3145361615}}, "(1, 3)": {"explain_plan": {"Plan": {"Node Type": "Aggregate", "Strategy": "Plain", "Startup Cost": 1000042785415.19, "Total Cost": 1000042785415.2, "Plan Rows": 1, "Plan Width": 97, "Plans": [{"Node Type": "Nested Loop", "Parent Relationship": "Outer", "Join Type": "Inner", "Startup Cost": 10000000001.85, "Total Cost": 1000042780568.12, "Plan Rows": 969413, "Plan Width": 33, "Inner Unique": true, "Plans": [{"Node Type": "Nested Loop", "Parent Relationship": "Outer", "Join Type": "Inner", "Startup Cost": 10000000001.59, "Total Cost": 1000038631235.16, "Plan Rows": 969413, "Plan Width": 37, "Inner Unique": true, "Plans": [{"Node Type": "Nested Loop", "Parent Relationship": "Outer", "Join Type": "Inner", "Startup Cost": 10000000001.32, "Total Cost": 1000035624536.13, "Plan Rows": 699731, "Plan Width": 28, "Inner Unique": true, "Plans": [{"Node Type": "Nested Loop", "Parent Relationship": "Outer", "Join Type": "Inner", "Startup Cost": 10000000001.06, "Total Cost": 1000032629508.62, "Plan Rows": 699731, "Plan Width": 32, "Inner Unique": true, "Plans": [{"Node Type": "Nested Loop", "Parent Relationship": "Outer", "Join Type": "Inner", "Startup Cost": 10000000000.77, "Total Cost": 1000026404533.61, "Plan Rows": 1443440, "Plan Width": 20, "Inner Unique": false, "Plans": [{"Node Type": "Nested Loop", "Parent Relationship": "Outer", "Join Type": "Inner", "Startup Cost": 10000000000.26, "Total Cost": 1000020494063.94, "Plan Rows": 1282311, "Plan Width": 8, "Inner Unique": true, "Plans": [{"Node Type": "Index Scan", "Parent Relationship": "Outer", "Scan Direction": "Forward", "Index Name": "company_type_id_movie_companies", "Relation Name": "movie_companies", "Alias": "mc", "Startup Cost": 10000000000.0, "Total Cost": 1000009318217.0, "Plan Rows": 2609128, "Plan Width": 12}, {"Node Type": "Bitmap Heap Scan", "Parent Relationship": "Inner", "Relation Name": "company_name", "Alias": "cn", "Startup Cost": 0.26, "Total Cost": 4.27, "Plan Rows": 1, "Plan Width": 4, "Recheck Cond": "(id = mc.company_id)", "Filter": "((country_code)::text = '[us]'::text)", "Plans": [{"Node Type": "Bitmap Index Scan", "Parent Relationship": "Outer", "Index Name": "company_name_pkey", "Startup Cost": 0.0, "Total Cost": 0.26, "Plan Rows": 1, "Plan Width": 0, "Index Cond": "(id = mc.company_id)"}]}]}, {"Node Type": "Bitmap Heap Scan", "Parent Relationship": "Inner", "Relation Name": "cast_info", "Alias": "ci", "Startup Cost": 0.51, "Total Cost": 4.6, "Plan Rows": 1, "Plan Width": 12, "Recheck Cond": "(movie_id = mc.movie_id)", "Filter": "((note)::text ~~ '%(producer)%'::text)", "Plans": [{"Node Type": "Bitmap Index Scan", "Parent Relationship": "Outer", "Index Name": "movie_id_cast_info", "Startup Cost": 0.0, "Total Cost": 0.51, "Plan Rows": 6, "Plan Width": 0, "Index Cond": "(movie_id = mc.movie_id)"}]}]}, {"Node Type": "Bitmap Heap Scan", "Parent Relationship": "Inner", "Relation Name": "char_name", "Alias": "chn", "Startup Cost": 0.29, "Total Cost": 4.3, "Plan Rows": 1, "Plan Width": 20, "Recheck Cond": "(id = ci.person_role_id)", "Plans": [{"Node Type": "Bitmap Index Scan", "Parent Relationship": "Outer", "Index Name": "char_name_pkey", "Startup Cost": 0.0, "Total Cost": 0.29, "Plan Rows": 1, "Plan Width": 0, "Index Cond": "(id = ci.person_role_id)"}]}]}, {"Node Type": "Bitmap Heap Scan", "Parent Relationship": "Inner", "Relation Name": "role_type", "Alias": "rt", "Startup Cost": 0.26, "Total Cost": 4.27, "Plan Rows": 1, "Plan Width": 4, "Recheck Cond": "(id = ci.role_id)", "Plans": [{"Node Type": "Bitmap Index Scan", "Parent Relationship": "Outer", "Index Name": "role_type_pkey", "Startup Cost": 0.0, "Total Cost": 0.26, "Plan Rows": 1, "Plan Width": 0, "Index Cond": "(id = ci.role_id)"}]}]}, {"Node Type": "Bitmap Heap Scan", "Parent Relationship": "Inner", "Relation Name": "title", "Alias": "t", "Startup Cost": 0.27, "Total Cost": 4.29, "Plan Rows": 1, "Plan Width": 21, "Recheck Cond": "(id = mc.movie_id)", "Filter": "(production_year > 1990)", "Plans": [{"Node Type": "Bitmap Index Scan", "Parent Relationship": "Outer", "Index Name": "title_pkey", "Startup Cost": 0.0, "Total Cost": 0.27, "Plan Rows": 1, "Plan Width": 0, "Index Cond": "(id = mc.movie_id)"}]}]}, {"Node Type": "Bitmap Heap Scan", "Parent Relationship": "Inner", "Relation Name": "company_type", "Alias": "ct", "Startup Cost": 0.26, "Total Cost": 4.27, "Plan Rows": 1, "Plan Width": 4, "Recheck Cond": "(id = mc.company_type_id)", "Plans": [{"Node Type": "Bitmap Index Scan", "Parent Relationship": "Outer", "Index Name": "company_type_pkey", "Startup Cost": 0.0, "Total Cost": 0.26, "Plan Rows": 1, "Plan Width": 0, "Index Cond": "(id = mc.company_type_id)"}]}]}]}, "Unique SQL Id": 3145361615}, "explain_analyze_plan": null}, "(1, 4)": {"explain_plan": {"Plan": {"Node Type": "Aggregate", "Strategy": "Plain", "Startup Cost": 1041361.98, "Total Cost": 1041361.99, "Plan Rows": 1, "Plan Width": 97, "Plans": [{"Node Type": "Hash Join", "Parent Relationship": "Outer", "Join Type": "Inner", "Startup Cost": 930928.48, "Total Cost": 1036514.92, "Plan Rows": 969413, "Plan Width": 33, "Inner Unique": true, "Hash Cond": "(ci.role_id = rt.id), (LLVM Optimized)", "Plans": [{"Node Type": "Hash Join", "Parent Relationship": "Outer", "Join Type": "Inner", "Startup Cost": 930927.21, "Total Cost": 1023184.22, "Plan Rows": 969413, "Plan Width": 37, "Inner Unique": true, "Hash Cond": "(mc.company_type_id = ct.id), (LLVM Optimized)", "Plans": [{"Node Type": "Hash Join", "Parent Relationship": "Outer", "Join Type": "Inner", "Startup Cost": 930926.14, "Total Cost": 1009853.72, "Plan Rows": 969413, "Plan Width": 41, "Inner Unique": false, "Hash Cond": "(mc.movie_id = t.id), (LLVM Optimized)", "Plans": [{"Node Type": "Hash Join", "Parent Relationship": "Outer", "Join Type": "Inner", "Startup Cost": 6968.08, "Total Cost": 71392.69, "Plan Rows": 1282311, "Plan Width": 8, "Inner Unique": true, "Hash Cond": "(mc.company_id = cn.id), (LLVM Optimized)", "Plans": [{"Node Type": "Seq Scan", "Parent Relationship": "Outer", "Relation Name": "movie_companies", "Alias": "mc", "Startup Cost": 0.0, "Total Cost": 41817.28, "Plan Rows": 2609128, "Plan Width": 12}, {"Node Type": "Hash", "Parent Relationship": "Inner", "Startup Cost": 5903.45, "Total Cost": 5903.45, "Plan Rows": 85170, "Plan Width": 4, "Plans": [{"Node Type": "Seq Scan", "Parent Relationship": "Outer", "Relation Name": "company_name", "Alias": "cn", "Startup Cost": 0.0, "Total Cost": 5903.45, "Plan Rows": 85170, "Plan Width": 4, "Filter": "((country_code)::text = '[us]'::text)"}]}]}, {"Node Type": "Hash", "Parent Relationship": "Inner", "Startup Cost": 912029.03, "Total Cost": 912029.03, "Plan Rows": 954323, "Plan Width": 45, "Plans": [{"Node Type": "Hash Join", "Parent Relationship": "Outer", "Join Type": "Inner", "Startup Cost": 194997.99, "Total Cost": 912029.03, "Plan Rows": 954323, "Plan Width": 45, "Inner Unique": true, "Hash Cond": "(ci.movie_id = t.id), (LLVM Optimized)", "Plans": [{"Node Type": "Hash Join", "Parent Relationship": "Outer", "Join Type": "Inner", "Startup Cost": 106747.61, "Total Cost": 811624.17, "Plan Rows": 696330, "Plan Width": 24, "Inner Unique": true, "Hash Cond": "(ci.person_role_id = chn.id), (LLVM Optimized)", "Plans": [{"Node Type": "Seq Scan", "Parent Relationship": "Outer", "Relation Name": "cast_info", "Alias": "ci", "Startup Cost": 0.0, "Total Cost": 692526.68, "Plan Rows": 1436424, "Plan Width": 12, "Filter": "((note)::text ~~ '%(producer)%'::text), (LLVM Optimized)"}, {"Node Type": "Hash", "Parent Relationship": "Inner", "Startup Cost": 67493.38, "Total Cost": 67493.38, "Plan Rows": 3140338, "Plan Width": 20, "Plans": [{"Node Type": "Seq Scan", "Parent Relationship": "Outer", "Relation Name": "char_name", "Alias": "chn", "Startup Cost": 0.0, "Total Cost": 67493.38, "Plan Rows": 3140338, "Plan Width": 20}]}]}, {"Node Type": "Hash", "Parent Relationship": "Inner", "Startup Cost": 66389.89, "Total Cost": 66389.89, "Plan Rows": 1748840, "Plan Width": 21, "Plans": [{"Node Type": "Seq Scan", "Parent Relationship": "Outer", "Relation Name": "title", "Alias": "t", "Startup Cost": 0.0, "Total Cost": 66389.89, "Plan Rows": 1748840, "Plan Width": 21, "Filter": "(production_year > 1990), (LLVM Optimized)"}]}]}]}]}, {"Node Type": "Hash", "Parent Relationship": "Inner", "Startup Cost": 1.03, "Total Cost": 1.03, "Plan Rows": 3, "Plan Width": 4, "Plans": [{"Node Type": "Seq Scan", "Parent Relationship": "Outer", "Relation Name": "company_type", "Alias": "ct", "Startup Cost": 0.0, "Total Cost": 1.03, "Plan Rows": 3, "Plan Width": 4}]}]}, {"Node Type": "Hash", "Parent Relationship": "Inner", "Startup Cost": 1.12, "Total Cost": 1.12, "Plan Rows": 12, "Plan Width": 4, "Plans": [{"Node Type": "Seq Scan", "Parent Relationship": "Outer", "Relation Name": "role_type", "Alias": "rt", "Startup Cost": 0.0, "Total Cost": 1.12, "Plan Rows": 12, "Plan Width": 4}]}]}]}, "Unique SQL Id": 3145361615}, "explain_analyze_plan": {"Plan": {"Node Type": "Aggregate", "Strategy": "Plain", "Startup Cost": 1041361.98, "Total Cost": 1041361.99, "Plan Rows": 1, "Plan Width": 97, "Actual Startup Time": 16188.609, "Actual Total Time": 16188.61, "Actual Rows": 1, "Actual Loops": 1, "Plans": [{"Node Type": "Hash Join", "Parent Relationship": "Outer", "Join Type": "Inner", "Startup Cost": 930928.48, "Total Cost": 1036514.92, "Plan Rows": 969413, "Plan Width": 33, "Actual Startup Time": 15828.872, "Actual Total Time": 16188.552, "Actual Rows": 4, "Actual Loops": 1, "Inner Unique": true, "Hash Cond": "(ci.role_id = rt.id), (LLVM Optimized, Jit Execute)", "Plans": [{"Node Type": "Hash Join", "Parent Relationship": "Outer", "Join Type": "Inner", "Startup Cost": 930927.21, "Total Cost": 1023184.22, "Plan Rows": 969413, "Plan Width": 37, "Actual Startup Time": 15828.776, "Actual Total Time": 16188.441, "Actual Rows": 4, "Actual Loops": 1, "Inner Unique": true, "Hash Cond": "(mc.company_type_id = ct.id), (LLVM Optimized, Jit Execute)", "Plans": [{"Node Type": "Hash Join", "Parent Relationship": "Outer", "Join Type": "Inner", "Startup Cost": 930926.14, "Total Cost": 1009853.72, "Plan Rows": 969413, "Plan Width": 41, "Actual Startup Time": 15005.566, "Actual Total Time": 16188.307, "Actual Rows": 10, "Actual Loops": 1, "Inner Unique": false, "Hash Cond": "(mc.movie_id = t.id), (LLVM Optimized, Jit Execute)", "Plans": [{"Node Type": "Hash Join", "Parent Relationship": "Outer", "Join Type": "Inner", "Startup Cost": 6968.08, "Total Cost": 71392.69, "Plan Rows": 1282311, "Plan Width": 8, "Actual Startup Time": 112.673, "Actual Total Time": 1492.413, "Actual Rows": 1153797, "Actual Loops": 1, "Inner Unique": true, "Hash Cond": "(mc.company_id = cn.id), (LLVM Optimized, Jit Execute)", "Plans": [{"Node Type": "Seq Scan", "Parent Relationship": "Outer", "Relation Name": "movie_companies", "Alias": "mc", "Startup Cost": 0.0, "Total Cost": 41817.28, "Plan Rows": 2609128, "Plan Width": 12, "Actual Startup Time": 0.016, "Actual Total Time": 568.795, "Actual Rows": 2609128, "Actual Loops": 1}, {"Node Type": "Hash", "Parent Relationship": "Inner", "Startup Cost": 5903.45, "Total Cost": 5903.45, "Plan Rows": 85170, "Plan Width": 4, "Actual Startup Time": 112.55, "Actual Total Time": 112.55, "Actual Rows": 84843, "Actual Loops": 1, "Hash Buckets": 131072, "Hash Batches": 1, "Original Hash Batches": 1, "Peak Memory Usage": 2983, "Plans": [{"Node Type": "Seq Scan", "Parent Relationship": "Outer", "Relation Name": "company_name", "Alias": "cn", "Startup Cost": 0.0, "Total Cost": 5903.45, "Plan Rows": 85170, "Plan Width": 4, "Actual Startup Time": 0.027, "Actual Total Time": 89.932, "Actual Rows": 84843, "Actual Loops": 1, "Filter": "((country_code)::text = '[us]'::text)", "Rows Removed by Filter": 150153}]}]}, {"Node Type": "Hash", "Parent Relationship": "Inner", "Startup Cost": 912029.03, "Total Cost": 912029.03, "Plan Rows": 954323, "Plan Width": 45, "Actual Startup Time": 14488.293, "Actual Total Time": 14488.293, "Actual Rows": 12, "Actual Loops": 1, "Hash Buckets": 1048576, "Hash Batches": 1, "Original Hash Batches": 1, "Peak Memory Usage": 1, "Plans": [{"Node Type": "Hash Join", "Parent Relationship": "Outer", "Join Type": "Inner", "Startup Cost": 194997.99, "Total Cost": 912029.03, "Plan Rows": 954323, "Plan Width": 45, "Actual Startup Time": 4529.624, "Actual Total Time": 14488.212, "Actual Rows": 12, "Actual Loops": 1, "Inner Unique": true, "Hash Cond": "(ci.movie_id = t.id), (LLVM Optimized, Jit Execute)", "Plans": [{"Node Type": "Hash Join", "Parent Relationship": "Outer", "Join Type": "Inner", "Startup Cost": 106747.61, "Total Cost": 811624.17, "Plan Rows": 696330, "Plan Width": 24, "Actual Startup Time": 2991.698, "Actual Total Time": 12936.256, "Actual Rows": 15, "Actual Loops": 1, "Inner Unique": true, "Hash Cond": "(ci.person_role_id = chn.id), (LLVM Optimized, Jit Execute)", "Plans": [{"Node Type": "Seq Scan", "Parent Relationship": "Outer", "Relation Name": "cast_info", "Alias": "ci", "Startup Cost": 0.0, "Total Cost": 692526.68, "Plan Rows": 1436424, "Plan Width": 12, "Actual Startup Time": 689.018, "Actual Total Time": 10483.608, "Actual Rows": 1435439, "Actual Loops": 1, "Filter": "((note)::text ~~ '%(producer)%'::text), (LLVM Optimized, Jit Execute)", "Rows Removed by Filter": 34808904}, {"Node Type": "Hash", "Parent Relationship": "Inner", "Startup Cost": 67493.38, "Total Cost": 67493.38, "Plan Rows": 3140338, "Plan Width": 20, "Actual Startup Time": 2297.894, "Actual Total Time": 2297.894, "Actual Rows": 3140338, "Actual Loops": 1, "Hash Buckets": 4194304, "Hash Batches": 1, "Original Hash Batches": 1, "Peak Memory Usage": 165269, "Plans": [{"Node Type": "Seq Scan", "Parent Relationship": "Outer", "Relation Name": "char_name", "Alias": "chn", "Startup Cost": 0.0, "Total Cost": 67493.38, "Plan Rows": 3140338, "Plan Width": 20, "Actual Startup Time": 0.047, "Actual Total Time": 983.534, "Actual Rows": 3140338, "Actual Loops": 1}]}]}, {"Node Type": "Hash", "Parent Relationship": "Inner", "Startup Cost": 66389.89, "Total Cost": 66389.89, "Plan Rows": 1748840, "Plan Width": 21, "Actual Startup Time": 1536.691, "Actual Total Time": 1536.691, "Actual Rows": 1749032, "Actual Loops": 1, "Hash Buckets": 2097152, "Hash Batches": 1, "Original Hash Batches": 1, "Peak Memory Usage": 93635, "Plans": [{"Node Type": "Seq Scan", "Parent Relationship": "Outer", "Relation Name": "title", "Alias": "t", "Startup Cost": 0.0, "Total Cost": 66389.89, "Plan Rows": 1748840, "Plan Width": 21, "Actual Startup Time": 0.032, "Actual Total Time": 903.509, "Actual Rows": 1749032, "Actual Loops": 1, "Filter": "(production_year > 1990), (LLVM Optimized, Jit Execute)", "Rows Removed by Filter": 779279}]}]}]}]}, {"Node Type": "Hash", "Parent Relationship": "Inner", "Startup Cost": 1.03, "Total Cost": 1.03, "Plan Rows": 3, "Plan Width": 4, "Actual Startup Time": 0.007, "Actual Total Time": 0.007, "Actual Rows": 3, "Actual Loops": 1, "Hash Buckets": 32768, "Hash Batches": 1, "Original Hash Batches": 1, "Peak Memory Usage": 1, "Plans": [{"Node Type": "Seq Scan", "Parent Relationship": "Outer", "Relation Name": "company_type", "Alias": "ct", "Startup Cost": 0.0, "Total Cost": 1.03, "Plan Rows": 3, "Plan Width": 4, "Actual Startup Time": 0.003, "Actual Total Time": 0.003, "Actual Rows": 3, "Actual Loops": 1}]}]}, {"Node Type": "Hash", "Parent Relationship": "Inner", "Startup Cost": 1.12, "Total Cost": 1.12, "Plan Rows": 12, "Plan Width": 4, "Actual Startup Time": 0.039, "Actual Total Time": 0.039, "Actual Rows": 12, "Actual Loops": 1, "Hash Buckets": 32768, "Hash Batches": 1, "Original Hash Batches": 1, "Peak Memory Usage": 1, "Plans": [{"Node Type": "Seq Scan", "Parent Relationship": "Outer", "Relation Name": "role_type", "Alias": "rt", "Startup Cost": 0.0, "Total Cost": 1.12, "Plan Rows": 12, "Plan Width": 4, "Actual Startup Time": 0.018, "Actual Total Time": 0.024, "Actual Rows": 12, "Actual Loops": 1}]}]}]}, "Triggers": [], "Planner Runtime": 41.396, "Total Runtime": 16199.863, "Unique SQL Id": 3145361615}}, "(1, 5)": {"explain_plan": {"Plan": {"Node Type": "Aggregate", "Strategy": "Plain", "Startup Cost": 1476562.64, "Total Cost": 1476562.65, "Plan Rows": 1, "Plan Width": 97, "Plans": [{"Node Type": "Hash Join", "Parent Relationship": "Outer", "Join Type": "Inner", "Startup Cost": 391137.15, "Total Cost": 1471715.57, "Plan Rows": 969413, "Plan Width": 33, "Inner Unique": true, "Hash Cond": "(mc.company_type_id = ct.id), (LLVM Optimized)", "Plans": [{"Node Type": "Hash Join", "Parent Relationship": "Outer", "Join Type": "Inner", "Startup Cost": 391124.82, "Total Cost": 1458373.81, "Plan Rows": 969413, "Plan Width": 37, "Inner Unique": false, "Hash Cond": "(ci.movie_id = t.id), (LLVM Optimized)", "Plans": [{"Node Type": "Hash Join", "Parent Relationship": "Outer", "Join Type": "Inner", "Startup Cost": 80687.05, "Total Cost": 1135630.49, "Plan Rows": 696330, "Plan Width": 20, "Inner Unique": true, "Hash Cond": "(ci.role_id = rt.id), (LLVM Optimized)", "Plans": [{"Node Type": "Merge Join", "Parent Relationship": "Outer", "Join Type": "Inner", "Startup Cost": 80674.47, "Total Cost": 1126861.56, "Plan Rows": 696330, "Plan Width": 24, "Inner Unique": false, "Merge Cond": "(chn.id = ci.person_role_id)", "Plans": [{"Node Type": "Index Scan", "Parent Relationship": "Outer", "Scan Direction": "Forward", "Index Name": "char_name_pkey", "Relation Name": "char_name", "Alias": "chn", "Startup Cost": 0.0, "Total Cost": 129875.46, "Plan Rows": 3140338, "Plan Width": 20}, {"Node Type": "Index Scan", "Parent Relationship": "Inner", "Scan Direction": "Forward", "Index Name": "person_role_id_cast_info", "Relation Name": "cast_info", "Alias": "ci", "Startup Cost": 0.0, "Total Cost": 2022508.08, "Plan Rows": 1436424, "Plan Width": 12, "Filter": "((note)::text ~~ '%(producer)%'::text), (LLVM Optimized)"}]}, {"Node Type": "Hash", "Parent Relationship": "Inner", "Startup Cost": 12.43, "Total Cost": 12.43, "Plan Rows": 12, "Plan Width": 4, "Plans": [{"Node Type": "Index Scan", "Parent Relationship": "Outer", "Scan Direction": "Forward", "Index Name": "role_type_pkey", "Relation Name": "role_type", "Alias": "rt", "Startup Cost": 0.0, "Total Cost": 12.43, "Plan Rows": 12, "Plan Width": 4}]}]}, {"Node Type": "Hash", "Parent Relationship": "Inner", "Startup Cost": 288231.21, "Total Cost": 288231.21, "Plan Rows": 1776525, "Plan Width": 29, "Plans": [{"Node Type": "Hash Join", "Parent Relationship": "Outer", "Join Type": "Inner", "Startup Cost": 149867.78, "Total Cost": 288231.21, "Plan Rows": 1776525, "Plan Width": 29, "Inner Unique": true, "Hash Cond": "(mc.movie_id = t.id), (LLVM Optimized)", "Plans": [{"Node Type": "Hash Join", "Parent Relationship": "Outer", "Join Type": "Inner", "Startup Cost": 11566.01, "Total Cost": 127355.52, "Plan Rows": 1282311, "Plan Width": 8, "Inner Unique": true, "Hash Cond": "(mc.company_id = cn.id), (LLVM Optimized)", "Plans": [{"Node Type": "Index Scan", "Parent Relationship": "Outer", "Scan Direction": "Forward", "Index Name": "company_type_id_movie_companies", "Relation Name": "movie_companies", "Alias": "mc", "Startup Cost": 0.0, "Total Cost": 93182.17, "Plan Rows": 2609128, "Plan Width": 12}, {"Node Type": "Hash", "Parent Relationship": "Inner", "Startup Cost": 10501.39, "Total Cost": 10501.39, "Plan Rows": 85170, "Plan Width": 4, "Plans": [{"Node Type": "Index Scan", "Parent Relationship": "Outer", "Scan Direction": "Forward", "Index Name": "company_name_pkey", "Relation Name": "company_name", "Alias": "cn", "Startup Cost": 0.0, "Total Cost": 10501.39, "Plan Rows": 85170, "Plan Width": 4, "Filter": "((country_code)::text = '[us]'::text)"}]}]}, {"Node Type": "Hash", "Parent Relationship": "Inner", "Startup Cost": 116441.27, "Total Cost": 116441.27, "Plan Rows": 1748840, "Plan Width": 21, "Plans": [{"Node Type": "Index Scan", "Parent Relationship": "Outer", "Scan Direction": "Forward", "Index Name": "title_pkey", "Relation Name": "title", "Alias": "t", "Startup Cost": 0.0, "Total Cost": 116441.27, "Plan Rows": 1748840, "Plan Width": 21, "Filter": "(production_year > 1990), (LLVM Optimized)"}]}]}]}]}, {"Node Type": "Hash", "Parent Relationship": "Inner", "Startup Cost": 12.29, "Total Cost": 12.29, "Plan Rows": 3, "Plan Width": 4, "Plans": [{"Node Type": "Index Scan", "Parent Relationship": "Outer", "Scan Direction": "Forward", "Index Name": "company_type_pkey", "Relation Name": "company_type", "Alias": "ct", "Startup Cost": 0.0, "Total Cost": 12.29, "Plan Rows": 3, "Plan Width": 4}]}]}]}, "Unique SQL Id": 3145361615}, "explain_analyze_plan": {"Plan": {"Node Type": "Aggregate", "Strategy": "Plain", "Startup Cost": 1476562.64, "Total Cost": 1476562.65, "Plan Rows": 1, "Plan Width": 97, "Actual Startup Time": 24819.521, "Actual Total Time": 24819.522, "Actual Rows": 1, "Actual Loops": 1, "Plans": [{"Node Type": "Hash Join", "Parent Relationship": "Outer", "Join Type": "Inner", "Startup Cost": 391137.15, "Total Cost": 1471715.57, "Plan Rows": 969413, "Plan Width": 33, "Actual Startup Time": 7165.036, "Actual Total Time": 24819.475, "Actual Rows": 4, "Actual Loops": 1, "Inner Unique": true, "Hash Cond": "(mc.company_type_id = ct.id), (LLVM Optimized, Jit Execute)", "Plans": [{"Node Type": "Hash Join", "Parent Relationship": "Outer", "Join Type": "Inner", "Startup Cost": 391124.82, "Total Cost": 1458373.81, "Plan Rows": 969413, "Plan Width": 37, "Actual Startup Time": 7164.959, "Actual Total Time": 24817.815, "Actual Rows": 10, "Actual Loops": 1, "Inner Unique": false, "Hash Cond": "(ci.movie_id = t.id), (LLVM Optimized, Jit Execute)", "Plans": [{"Node Type": "Hash Join", "Parent Relationship": "Outer", "Join Type": "Inner", "Startup Cost": 80687.05, "Total Cost": 1135630.49, "Plan Rows": 696330, "Plan Width": 20, "Actual Startup Time": 152.318, "Actual Total Time": 17805.066, "Actual Rows": 15, "Actual Loops": 1, "Inner Unique": true, "Hash Cond": "(ci.role_id = rt.id), (LLVM Optimized, Jit Execute)", "Plans": [{"Node Type": "Merge Join", "Parent Relationship": "Outer", "Join Type": "Inner", "Startup Cost": 80674.47, "Total Cost": 1126861.56, "Plan Rows": 696330, "Plan Width": 24, "Actual Startup Time": 152.243, "Actual Total Time": 17804.901, "Actual Rows": 15, "Actual Loops": 1, "Inner Unique": false, "Merge Cond": "(chn.id = ci.person_role_id)", "Plans": [{"Node Type": "Index Scan", "Parent Relationship": "Outer", "Scan Direction": "Forward", "Index Name": "char_name_pkey", "Relation Name": "char_name", "Alias": "chn", "Startup Cost": 0.0, "Total Cost": 129875.46, "Plan Rows": 3140338, "Plan Width": 20, "Actual Startup Time": 0.02, "Actual Total Time": 905.347, "Actual Rows": 881591, "Actual Loops": 1}, {"Node Type": "Index Scan", "Parent Relationship": "Inner", "Scan Direction": "Forward", "Index Name": "person_role_id_cast_info", "Relation Name": "cast_info", "Alias": "ci", "Startup Cost": 0.0, "Total Cost": 2022508.08, "Plan Rows": 1436424, "Plan Width": 12, "Actual Startup Time": 152.205, "Actual Total Time": 16776.104, "Actual Rows": 16, "Actual Loops": 1, "Filter": "((note)::text ~~ '%(producer)%'::text), (LLVM Optimized, Jit Execute)", "Rows Removed by Filter": 20122645}]}, {"Node Type": "Hash", "Parent Relationship": "Inner", "Startup Cost": 12.43, "Total Cost": 12.43, "Plan Rows": 12, "Plan Width": 4, "Actual Startup Time": 0.014, "Actual Total Time": 0.014, "Actual Rows": 12, "Actual Loops": 1, "Hash Buckets": 32768, "Hash Batches": 1, "Original Hash Batches": 1, "Peak Memory Usage": 1, "Plans": [{"Node Type": "Index Scan", "Parent Relationship": "Outer", "Scan Direction": "Forward", "Index Name": "role_type_pkey", "Relation Name": "role_type", "Alias": "rt", "Startup Cost": 0.0, "Total Cost": 12.43, "Plan Rows": 12, "Plan Width": 4, "Actual Startup Time": 0.004, "Actual Total Time": 0.01, "Actual Rows": 12, "Actual Loops": 1}]}]}, {"Node Type": "Hash", "Parent Relationship": "Inner", "Startup Cost": 288231.21, "Total Cost": 288231.21, "Plan Rows": 1776525, "Plan Width": 29, "Actual Startup Time": 7009.048, "Actual Total Time": 7009.048, "Actual Rows": 596249, "Actual Loops": 1, "Hash Buckets": 2097152, "Hash Batches": 1, "Original Hash Batches": 1, "Peak Memory Usage": 37921, "Plans": [{"Node Type": "Hash Join", "Parent Relationship": "Outer", "Join Type": "Inner", "Startup Cost": 149867.78, "Total Cost": 288231.21, "Plan Rows": 1776525, "Plan Width": 29, "Actual Startup Time": 4339.876, "Actual Total Time": 6788.754, "Actual Rows": 596249, "Actual Loops": 1, "Inner Unique": true, "Hash Cond": "(mc.movie_id = t.id), (LLVM Optimized, Jit Execute)", "Plans": [{"Node Type": "Hash Join", "Parent Relationship": "Outer", "Join Type": "Inner", "Startup Cost": 11566.01, "Total Cost": 127355.52, "Plan Rows": 1282311, "Plan Width": 8, "Actual Startup Time": 343.92, "Actual Total Time": 2312.504, "Actual Rows": 1153797, "Actual Loops": 1, "Inner Unique": true, "Hash Cond": "(mc.company_id = cn.id), (LLVM Optimized, Jit Execute)", "Plans": [{"Node Type": "Index Scan", "Parent Relationship": "Outer", "Scan Direction": "Forward", "Index Name": "company_type_id_movie_companies", "Relation Name": "movie_companies", "Alias": "mc", "Startup Cost": 0.0, "Total Cost": 93182.17, "Plan Rows": 2609128, "Plan Width": 12, "Actual Startup Time": 0.043, "Actual Total Time": 1135.587, "Actual Rows": 2609128, "Actual Loops": 1}, {"Node Type": "Hash", "Parent Relationship": "Inner", "Startup Cost": 10501.39, "Total Cost": 10501.39, "Plan Rows": 85170, "Plan Width": 4, "Actual Startup Time": 343.768, "Actual Total Time": 343.768, "Actual Rows": 84843, "Actual Loops": 1, "Hash Buckets": 131072, "Hash Batches": 1, "Original Hash Batches": 1, "Peak Memory Usage": 2983, "Plans": [{"Node Type": "Index Scan", "Parent Relationship": "Outer", "Scan Direction": "Forward", "Index Name": "company_name_pkey", "Relation Name": "company_name", "Alias": "cn", "Startup Cost": 0.0, "Total Cost": 10501.39, "Plan Rows": 85170, "Plan Width": 4, "Actual Startup Time": 0.033, "Actual Total Time": 311.12, "Actual Rows": 84843, "Actual Loops": 1, "Filter": "((country_code)::text = '[us]'::text)", "Rows Removed by Filter": 150153}]}]}, {"Node Type": "Hash", "Parent Relationship": "Inner", "Startup Cost": 116441.27, "Total Cost": 116441.27, "Plan Rows": 1748840, "Plan Width": 21, "Actual Startup Time": 3993.451, "Actual Total Time": 3993.451, "Actual Rows": 1749032, "Actual Loops": 1, "Hash Buckets": 2097152, "Hash Batches": 1, "Original Hash Batches": 1, "Peak Memory Usage": 93635, "Plans": [{"Node Type": "Index Scan", "Parent Relationship": "Outer", "Scan Direction": "Forward", "Index Name": "title_pkey", "Relation Name": "title", "Alias": "t", "Startup Cost": 0.0, "Total Cost": 116441.27, "Plan Rows": 1748840, "Plan Width": 21, "Actual Startup Time": 0.049, "Actual Total Time": 3141.539, "Actual Rows": 1749032, "Actual Loops": 1, "Filter": "(production_year > 1990), (LLVM Optimized, Jit Execute)", "Rows Removed by Filter": 779279}]}]}]}]}, {"Node Type": "Hash", "Parent Relationship": "Inner", "Startup Cost": 12.29, "Total Cost": 12.29, "Plan Rows": 3, "Plan Width": 4, "Actual Startup Time": 0.027, "Actual Total Time": 0.027, "Actual Rows": 3, "Actual Loops": 1, "Hash Buckets": 32768, "Hash Batches": 1, "Original Hash Batches": 1, "Peak Memory Usage": 1, "Plans": [{"Node Type": "Index Scan", "Parent Relationship": "Outer", "Scan Direction": "Forward", "Index Name": "company_type_pkey", "Relation Name": "company_type", "Alias": "ct", "Startup Cost": 0.0, "Total Cost": 12.29, "Plan Rows": 3, "Plan Width": 4, "Actual Startup Time": 0.014, "Actual Total Time": 0.017, "Actual Rows": 3, "Actual Loops": 1}]}]}]}, "Triggers": [], "Planner Runtime": 34.273, "Total Runtime": 24830.405, "Unique SQL Id": 3145361615}}, "(1, 6)": {"explain_plan": {"Plan": {"Node Type": "Aggregate", "Strategy": "Plain", "Startup Cost": 1041361.98, "Total Cost": 1041361.99, "Plan Rows": 1, "Plan Width": 97, "Plans": [{"Node Type": "Hash Join", "Parent Relationship": "Outer", "Join Type": "Inner", "Startup Cost": 930928.48, "Total Cost": 1036514.92, "Plan Rows": 969413, "Plan Width": 33, "Inner Unique": true, "Hash Cond": "(ci.role_id = rt.id), (LLVM Optimized)", "Plans": [{"Node Type": "Hash Join", "Parent Relationship": "Outer", "Join Type": "Inner", "Startup Cost": 930927.21, "Total Cost": 1023184.22, "Plan Rows": 969413, "Plan Width": 37, "Inner Unique": true, "Hash Cond": "(mc.company_type_id = ct.id), (LLVM Optimized)", "Plans": [{"Node Type": "Hash Join", "Parent Relationship": "Outer", "Join Type": "Inner", "Startup Cost": 930926.14, "Total Cost": 1009853.72, "Plan Rows": 969413, "Plan Width": 41, "Inner Unique": false, "Hash Cond": "(mc.movie_id = t.id), (LLVM Optimized)", "Plans": [{"Node Type": "Hash Join", "Parent Relationship": "Outer", "Join Type": "Inner", "Startup Cost": 6968.08, "Total Cost": 71392.69, "Plan Rows": 1282311, "Plan Width": 8, "Inner Unique": true, "Hash Cond": "(mc.company_id = cn.id), (LLVM Optimized)", "Plans": [{"Node Type": "Seq Scan", "Parent Relationship": "Outer", "Relation Name": "movie_companies", "Alias": "mc", "Startup Cost": 0.0, "Total Cost": 41817.28, "Plan Rows": 2609128, "Plan Width": 12}, {"Node Type": "Hash", "Parent Relationship": "Inner", "Startup Cost": 5903.45, "Total Cost": 5903.45, "Plan Rows": 85170, "Plan Width": 4, "Plans": [{"Node Type": "Seq Scan", "Parent Relationship": "Outer", "Relation Name": "company_name", "Alias": "cn", "Startup Cost": 0.0, "Total Cost": 5903.45, "Plan Rows": 85170, "Plan Width": 4, "Filter": "((country_code)::text = '[us]'::text)"}]}]}, {"Node Type": "Hash", "Parent Relationship": "Inner", "Startup Cost": 912029.03, "Total Cost": 912029.03, "Plan Rows": 954323, "Plan Width": 45, "Plans": [{"Node Type": "Hash Join", "Parent Relationship": "Outer", "Join Type": "Inner", "Startup Cost": 194997.99, "Total Cost": 912029.03, "Plan Rows": 954323, "Plan Width": 45, "Inner Unique": true, "Hash Cond": "(ci.movie_id = t.id), (LLVM Optimized)", "Plans": [{"Node Type": "Hash Join", "Parent Relationship": "Outer", "Join Type": "Inner", "Startup Cost": 106747.61, "Total Cost": 811624.17, "Plan Rows": 696330, "Plan Width": 24, "Inner Unique": true, "Hash Cond": "(ci.person_role_id = chn.id), (LLVM Optimized)", "Plans": [{"Node Type": "Seq Scan", "Parent Relationship": "Outer", "Relation Name": "cast_info", "Alias": "ci", "Startup Cost": 0.0, "Total Cost": 692526.68, "Plan Rows": 1436424, "Plan Width": 12, "Filter": "((note)::text ~~ '%(producer)%'::text), (LLVM Optimized)"}, {"Node Type": "Hash", "Parent Relationship": "Inner", "Startup Cost": 67493.38, "Total Cost": 67493.38, "Plan Rows": 3140338, "Plan Width": 20, "Plans": [{"Node Type": "Seq Scan", "Parent Relationship": "Outer", "Relation Name": "char_name", "Alias": "chn", "Startup Cost": 0.0, "Total Cost": 67493.38, "Plan Rows": 3140338, "Plan Width": 20}]}]}, {"Node Type": "Hash", "Parent Relationship": "Inner", "Startup Cost": 66389.89, "Total Cost": 66389.89, "Plan Rows": 1748840, "Plan Width": 21, "Plans": [{"Node Type": "Seq Scan", "Parent Relationship": "Outer", "Relation Name": "title", "Alias": "t", "Startup Cost": 0.0, "Total Cost": 66389.89, "Plan Rows": 1748840, "Plan Width": 21, "Filter": "(production_year > 1990), (LLVM Optimized)"}]}]}]}]}, {"Node Type": "Hash", "Parent Relationship": "Inner", "Startup Cost": 1.03, "Total Cost": 1.03, "Plan Rows": 3, "Plan Width": 4, "Plans": [{"Node Type": "Seq Scan", "Parent Relationship": "Outer", "Relation Name": "company_type", "Alias": "ct", "Startup Cost": 0.0, "Total Cost": 1.03, "Plan Rows": 3, "Plan Width": 4}]}]}, {"Node Type": "Hash", "Parent Relationship": "Inner", "Startup Cost": 1.12, "Total Cost": 1.12, "Plan Rows": 12, "Plan Width": 4, "Plans": [{"Node Type": "Seq Scan", "Parent Relationship": "Outer", "Relation Name": "role_type", "Alias": "rt", "Startup Cost": 0.0, "Total Cost": 1.12, "Plan Rows": 12, "Plan Width": 4}]}]}]}, "Unique SQL Id": 3145361615}, "explain_analyze_plan": {"Plan": {"Node Type": "Aggregate", "Strategy": "Plain", "Startup Cost": 1041361.98, "Total Cost": 1041361.99, "Plan Rows": 1, "Plan Width": 97, "Actual Startup Time": 16188.609, "Actual Total Time": 16188.61, "Actual Rows": 1, "Actual Loops": 1, "Plans": [{"Node Type": "Hash Join", "Parent Relationship": "Outer", "Join Type": "Inner", "Startup Cost": 930928.48, "Total Cost": 1036514.92, "Plan Rows": 969413, "Plan Width": 33, "Actual Startup Time": 15828.872, "Actual Total Time": 16188.552, "Actual Rows": 4, "Actual Loops": 1, "Inner Unique": true, "Hash Cond": "(ci.role_id = rt.id), (LLVM Optimized, Jit Execute)", "Plans": [{"Node Type": "Hash Join", "Parent Relationship": "Outer", "Join Type": "Inner", "Startup Cost": 930927.21, "Total Cost": 1023184.22, "Plan Rows": 969413, "Plan Width": 37, "Actual Startup Time": 15828.776, "Actual Total Time": 16188.441, "Actual Rows": 4, "Actual Loops": 1, "Inner Unique": true, "Hash Cond": "(mc.company_type_id = ct.id), (LLVM Optimized, Jit Execute)", "Plans": [{"Node Type": "Hash Join", "Parent Relationship": "Outer", "Join Type": "Inner", "Startup Cost": 930926.14, "Total Cost": 1009853.72, "Plan Rows": 969413, "Plan Width": 41, "Actual Startup Time": 15005.566, "Actual Total Time": 16188.307, "Actual Rows": 10, "Actual Loops": 1, "Inner Unique": false, "Hash Cond": "(mc.movie_id = t.id), (LLVM Optimized, Jit Execute)", "Plans": [{"Node Type": "Hash Join", "Parent Relationship": "Outer", "Join Type": "Inner", "Startup Cost": 6968.08, "Total Cost": 71392.69, "Plan Rows": 1282311, "Plan Width": 8, "Actual Startup Time": 112.673, "Actual Total Time": 1492.413, "Actual Rows": 1153797, "Actual Loops": 1, "Inner Unique": true, "Hash Cond": "(mc.company_id = cn.id), (LLVM Optimized, Jit Execute)", "Plans": [{"Node Type": "Seq Scan", "Parent Relationship": "Outer", "Relation Name": "movie_companies", "Alias": "mc", "Startup Cost": 0.0, "Total Cost": 41817.28, "Plan Rows": 2609128, "Plan Width": 12, "Actual Startup Time": 0.016, "Actual Total Time": 568.795, "Actual Rows": 2609128, "Actual Loops": 1}, {"Node Type": "Hash", "Parent Relationship": "Inner", "Startup Cost": 5903.45, "Total Cost": 5903.45, "Plan Rows": 85170, "Plan Width": 4, "Actual Startup Time": 112.55, "Actual Total Time": 112.55, "Actual Rows": 84843, "Actual Loops": 1, "Hash Buckets": 131072, "Hash Batches": 1, "Original Hash Batches": 1, "Peak Memory Usage": 2983, "Plans": [{"Node Type": "Seq Scan", "Parent Relationship": "Outer", "Relation Name": "company_name", "Alias": "cn", "Startup Cost": 0.0, "Total Cost": 5903.45, "Plan Rows": 85170, "Plan Width": 4, "Actual Startup Time": 0.027, "Actual Total Time": 89.932, "Actual Rows": 84843, "Actual Loops": 1, "Filter": "((country_code)::text = '[us]'::text)", "Rows Removed by Filter": 150153}]}]}, {"Node Type": "Hash", "Parent Relationship": "Inner", "Startup Cost": 912029.03, "Total Cost": 912029.03, "Plan Rows": 954323, "Plan Width": 45, "Actual Startup Time": 14488.293, "Actual Total Time": 14488.293, "Actual Rows": 12, "Actual Loops": 1, "Hash Buckets": 1048576, "Hash Batches": 1, "Original Hash Batches": 1, "Peak Memory Usage": 1, "Plans": [{"Node Type": "Hash Join", "Parent Relationship": "Outer", "Join Type": "Inner", "Startup Cost": 194997.99, "Total Cost": 912029.03, "Plan Rows": 954323, "Plan Width": 45, "Actual Startup Time": 4529.624, "Actual Total Time": 14488.212, "Actual Rows": 12, "Actual Loops": 1, "Inner Unique": true, "Hash Cond": "(ci.movie_id = t.id), (LLVM Optimized, Jit Execute)", "Plans": [{"Node Type": "Hash Join", "Parent Relationship": "Outer", "Join Type": "Inner", "Startup Cost": 106747.61, "Total Cost": 811624.17, "Plan Rows": 696330, "Plan Width": 24, "Actual Startup Time": 2991.698, "Actual Total Time": 12936.256, "Actual Rows": 15, "Actual Loops": 1, "Inner Unique": true, "Hash Cond": "(ci.person_role_id = chn.id), (LLVM Optimized, Jit Execute)", "Plans": [{"Node Type": "Seq Scan", "Parent Relationship": "Outer", "Relation Name": "cast_info", "Alias": "ci", "Startup Cost": 0.0, "Total Cost": 692526.68, "Plan Rows": 1436424, "Plan Width": 12, "Actual Startup Time": 689.018, "Actual Total Time": 10483.608, "Actual Rows": 1435439, "Actual Loops": 1, "Filter": "((note)::text ~~ '%(producer)%'::text), (LLVM Optimized, Jit Execute)", "Rows Removed by Filter": 34808904}, {"Node Type": "Hash", "Parent Relationship": "Inner", "Startup Cost": 67493.38, "Total Cost": 67493.38, "Plan Rows": 3140338, "Plan Width": 20, "Actual Startup Time": 2297.894, "Actual Total Time": 2297.894, "Actual Rows": 3140338, "Actual Loops": 1, "Hash Buckets": 4194304, "Hash Batches": 1, "Original Hash Batches": 1, "Peak Memory Usage": 165269, "Plans": [{"Node Type": "Seq Scan", "Parent Relationship": "Outer", "Relation Name": "char_name", "Alias": "chn", "Startup Cost": 0.0, "Total Cost": 67493.38, "Plan Rows": 3140338, "Plan Width": 20, "Actual Startup Time": 0.047, "Actual Total Time": 983.534, "Actual Rows": 3140338, "Actual Loops": 1}]}]}, {"Node Type": "Hash", "Parent Relationship": "Inner", "Startup Cost": 66389.89, "Total Cost": 66389.89, "Plan Rows": 1748840, "Plan Width": 21, "Actual Startup Time": 1536.691, "Actual Total Time": 1536.691, "Actual Rows": 1749032, "Actual Loops": 1, "Hash Buckets": 2097152, "Hash Batches": 1, "Original Hash Batches": 1, "Peak Memory Usage": 93635, "Plans": [{"Node Type": "Seq Scan", "Parent Relationship": "Outer", "Relation Name": "title", "Alias": "t", "Startup Cost": 0.0, "Total Cost": 66389.89, "Plan Rows": 1748840, "Plan Width": 21, "Actual Startup Time": 0.032, "Actual Total Time": 903.509, "Actual Rows": 1749032, "Actual Loops": 1, "Filter": "(production_year > 1990), (LLVM Optimized, Jit Execute)", "Rows Removed by Filter": 779279}]}]}]}]}, {"Node Type": "Hash", "Parent Relationship": "Inner", "Startup Cost": 1.03, "Total Cost": 1.03, "Plan Rows": 3, "Plan Width": 4, "Actual Startup Time": 0.007, "Actual Total Time": 0.007, "Actual Rows": 3, "Actual Loops": 1, "Hash Buckets": 32768, "Hash Batches": 1, "Original Hash Batches": 1, "Peak Memory Usage": 1, "Plans": [{"Node Type": "Seq Scan", "Parent Relationship": "Outer", "Relation Name": "company_type", "Alias": "ct", "Startup Cost": 0.0, "Total Cost": 1.03, "Plan Rows": 3, "Plan Width": 4, "Actual Startup Time": 0.003, "Actual Total Time": 0.003, "Actual Rows": 3, "Actual Loops": 1}]}]}, {"Node Type": "Hash", "Parent Relationship": "Inner", "Startup Cost": 1.12, "Total Cost": 1.12, "Plan Rows": 12, "Plan Width": 4, "Actual Startup Time": 0.039, "Actual Total Time": 0.039, "Actual Rows": 12, "Actual Loops": 1, "Hash Buckets": 32768, "Hash Batches": 1, "Original Hash Batches": 1, "Peak Memory Usage": 1, "Plans": [{"Node Type": "Seq Scan", "Parent Relationship": "Outer", "Relation Name": "role_type", "Alias": "rt", "Startup Cost": 0.0, "Total Cost": 1.12, "Plan Rows": 12, "Plan Width": 4, "Actual Startup Time": 0.018, "Actual Total Time": 0.024, "Actual Rows": 12, "Actual Loops": 1}]}]}]}, "Triggers": [], "Planner Runtime": 41.396, "Total Runtime": 16199.863, "Unique SQL Id": 3145361615}}, "(1, 7)": {"explain_plan": {"Plan": {"Node Type": "Aggregate", "Strategy": "Plain", "Startup Cost": 1000042785415.19, "Total Cost": 1000042785415.2, "Plan Rows": 1, "Plan Width": 97, "Plans": [{"Node Type": "Nested Loop", "Parent Relationship": "Outer", "Join Type": "Inner", "Startup Cost": 10000000001.85, "Total Cost": 1000042780568.12, "Plan Rows": 969413, "Plan Width": 33, "Inner Unique": true, "Plans": [{"Node Type": "Nested Loop", "Parent Relationship": "Outer", "Join Type": "Inner", "Startup Cost": 10000000001.59, "Total Cost": 1000038631235.16, "Plan Rows": 969413, "Plan Width": 37, "Inner Unique": true, "Plans": [{"Node Type": "Nested Loop", "Parent Relationship": "Outer", "Join Type": "Inner", "Startup Cost": 10000000001.32, "Total Cost": 1000035624536.13, "Plan Rows": 699731, "Plan Width": 28, "Inner Unique": true, "Plans": [{"Node Type": "Nested Loop", "Parent Relationship": "Outer", "Join Type": "Inner", "Startup Cost": 10000000001.06, "Total Cost": 1000032629508.62, "Plan Rows": 699731, "Plan Width": 32, "Inner Unique": true, "Plans": [{"Node Type": "Nested Loop", "Parent Relationship": "Outer", "Join Type": "Inner", "Startup Cost": 10000000000.77, "Total Cost": 1000026404533.61, "Plan Rows": 1443440, "Plan Width": 20, "Inner Unique": false, "Plans": [{"Node Type": "Nested Loop", "Parent Relationship": "Outer", "Join Type": "Inner", "Startup Cost": 10000000000.26, "Total Cost": 1000020494063.94, "Plan Rows": 1282311, "Plan Width": 8, "Inner Unique": true, "Plans": [{"Node Type": "Index Scan", "Parent Relationship": "Outer", "Scan Direction": "Forward", "Index Name": "company_type_id_movie_companies", "Relation Name": "movie_companies", "Alias": "mc", "Startup Cost": 10000000000.0, "Total Cost": 1000009318217.0, "Plan Rows": 2609128, "Plan Width": 12}, {"Node Type": "Bitmap Heap Scan", "Parent Relationship": "Inner", "Relation Name": "company_name", "Alias": "cn", "Startup Cost": 0.26, "Total Cost": 4.27, "Plan Rows": 1, "Plan Width": 4, "Recheck Cond": "(id = mc.company_id)", "Filter": "((country_code)::text = '[us]'::text)", "Plans": [{"Node Type": "Bitmap Index Scan", "Parent Relationship": "Outer", "Index Name": "company_name_pkey", "Startup Cost": 0.0, "Total Cost": 0.26, "Plan Rows": 1, "Plan Width": 0, "Index Cond": "(id = mc.company_id)"}]}]}, {"Node Type": "Bitmap Heap Scan", "Parent Relationship": "Inner", "Relation Name": "cast_info", "Alias": "ci", "Startup Cost": 0.51, "Total Cost": 4.6, "Plan Rows": 1, "Plan Width": 12, "Recheck Cond": "(movie_id = mc.movie_id)", "Filter": "((note)::text ~~ '%(producer)%'::text)", "Plans": [{"Node Type": "Bitmap Index Scan", "Parent Relationship": "Outer", "Index Name": "movie_id_cast_info", "Startup Cost": 0.0, "Total Cost": 0.51, "Plan Rows": 6, "Plan Width": 0, "Index Cond": "(movie_id = mc.movie_id)"}]}]}, {"Node Type": "Bitmap Heap Scan", "Parent Relationship": "Inner", "Relation Name": "char_name", "Alias": "chn", "Startup Cost": 0.29, "Total Cost": 4.3, "Plan Rows": 1, "Plan Width": 20, "Recheck Cond": "(id = ci.person_role_id)", "Plans": [{"Node Type": "Bitmap Index Scan", "Parent Relationship": "Outer", "Index Name": "char_name_pkey", "Startup Cost": 0.0, "Total Cost": 0.29, "Plan Rows": 1, "Plan Width": 0, "Index Cond": "(id = ci.person_role_id)"}]}]}, {"Node Type": "Bitmap Heap Scan", "Parent Relationship": "Inner", "Relation Name": "role_type", "Alias": "rt", "Startup Cost": 0.26, "Total Cost": 4.27, "Plan Rows": 1, "Plan Width": 4, "Recheck Cond": "(id = ci.role_id)", "Plans": [{"Node Type": "Bitmap Index Scan", "Parent Relationship": "Outer", "Index Name": "role_type_pkey", "Startup Cost": 0.0, "Total Cost": 0.26, "Plan Rows": 1, "Plan Width": 0, "Index Cond": "(id = ci.role_id)"}]}]}, {"Node Type": "Bitmap Heap Scan", "Parent Relationship": "Inner", "Relation Name": "title", "Alias": "t", "Startup Cost": 0.27, "Total Cost": 4.29, "Plan Rows": 1, "Plan Width": 21, "Recheck Cond": "(id = mc.movie_id)", "Filter": "(production_year > 1990)", "Plans": [{"Node Type": "Bitmap Index Scan", "Parent Relationship": "Outer", "Index Name": "title_pkey", "Startup Cost": 0.0, "Total Cost": 0.27, "Plan Rows": 1, "Plan Width": 0, "Index Cond": "(id = mc.movie_id)"}]}]}, {"Node Type": "Bitmap Heap Scan", "Parent Relationship": "Inner", "Relation Name": "company_type", "Alias": "ct", "Startup Cost": 0.26, "Total Cost": 4.27, "Plan Rows": 1, "Plan Width": 4, "Recheck Cond": "(id = mc.company_type_id)", "Plans": [{"Node Type": "Bitmap Index Scan", "Parent Relationship": "Outer", "Index Name": "company_type_pkey", "Startup Cost": 0.0, "Total Cost": 0.26, "Plan Rows": 1, "Plan Width": 0, "Index Cond": "(id = mc.company_type_id)"}]}]}]}, "Unique SQL Id": 3145361615}, "explain_analyze_plan": null}, "(1, 8)": {"explain_plan": {"Plan": {"Node Type": "Aggregate", "Strategy": "Plain", "Startup Cost": 1041361.98, "Total Cost": 1041361.99, "Plan Rows": 1, "Plan Width": 97, "Plans": [{"Node Type": "Hash Join", "Parent Relationship": "Outer", "Join Type": "Inner", "Startup Cost": 930928.48, "Total Cost": 1036514.92, "Plan Rows": 969413, "Plan Width": 33, "Inner Unique": true, "Hash Cond": "(ci.role_id = rt.id), (LLVM Optimized)", "Plans": [{"Node Type": "Hash Join", "Parent Relationship": "Outer", "Join Type": "Inner", "Startup Cost": 930927.21, "Total Cost": 1023184.22, "Plan Rows": 969413, "Plan Width": 37, "Inner Unique": true, "Hash Cond": "(mc.company_type_id = ct.id), (LLVM Optimized)", "Plans": [{"Node Type": "Hash Join", "Parent Relationship": "Outer", "Join Type": "Inner", "Startup Cost": 930926.14, "Total Cost": 1009853.72, "Plan Rows": 969413, "Plan Width": 41, "Inner Unique": false, "Hash Cond": "(mc.movie_id = t.id), (LLVM Optimized)", "Plans": [{"Node Type": "Hash Join", "Parent Relationship": "Outer", "Join Type": "Inner", "Startup Cost": 6968.08, "Total Cost": 71392.69, "Plan Rows": 1282311, "Plan Width": 8, "Inner Unique": true, "Hash Cond": "(mc.company_id = cn.id), (LLVM Optimized)", "Plans": [{"Node Type": "Seq Scan", "Parent Relationship": "Outer", "Relation Name": "movie_companies", "Alias": "mc", "Startup Cost": 0.0, "Total Cost": 41817.28, "Plan Rows": 2609128, "Plan Width": 12}, {"Node Type": "Hash", "Parent Relationship": "Inner", "Startup Cost": 5903.45, "Total Cost": 5903.45, "Plan Rows": 85170, "Plan Width": 4, "Plans": [{"Node Type": "Seq Scan", "Parent Relationship": "Outer", "Relation Name": "company_name", "Alias": "cn", "Startup Cost": 0.0, "Total Cost": 5903.45, "Plan Rows": 85170, "Plan Width": 4, "Filter": "((country_code)::text = '[us]'::text)"}]}]}, {"Node Type": "Hash", "Parent Relationship": "Inner", "Startup Cost": 912029.03, "Total Cost": 912029.03, "Plan Rows": 954323, "Plan Width": 45, "Plans": [{"Node Type": "Hash Join", "Parent Relationship": "Outer", "Join Type": "Inner", "Startup Cost": 194997.99, "Total Cost": 912029.03, "Plan Rows": 954323, "Plan Width": 45, "Inner Unique": true, "Hash Cond": "(ci.movie_id = t.id), (LLVM Optimized)", "Plans": [{"Node Type": "Hash Join", "Parent Relationship": "Outer", "Join Type": "Inner", "Startup Cost": 106747.61, "Total Cost": 811624.17, "Plan Rows": 696330, "Plan Width": 24, "Inner Unique": true, "Hash Cond": "(ci.person_role_id = chn.id), (LLVM Optimized)", "Plans": [{"Node Type": "Seq Scan", "Parent Relationship": "Outer", "Relation Name": "cast_info", "Alias": "ci", "Startup Cost": 0.0, "Total Cost": 692526.68, "Plan Rows": 1436424, "Plan Width": 12, "Filter": "((note)::text ~~ '%(producer)%'::text), (LLVM Optimized)"}, {"Node Type": "Hash", "Parent Relationship": "Inner", "Startup Cost": 67493.38, "Total Cost": 67493.38, "Plan Rows": 3140338, "Plan Width": 20, "Plans": [{"Node Type": "Seq Scan", "Parent Relationship": "Outer", "Relation Name": "char_name", "Alias": "chn", "Startup Cost": 0.0, "Total Cost": 67493.38, "Plan Rows": 3140338, "Plan Width": 20}]}]}, {"Node Type": "Hash", "Parent Relationship": "Inner", "Startup Cost": 66389.89, "Total Cost": 66389.89, "Plan Rows": 1748840, "Plan Width": 21, "Plans": [{"Node Type": "Seq Scan", "Parent Relationship": "Outer", "Relation Name": "title", "Alias": "t", "Startup Cost": 0.0, "Total Cost": 66389.89, "Plan Rows": 1748840, "Plan Width": 21, "Filter": "(production_year > 1990), (LLVM Optimized)"}]}]}]}]}, {"Node Type": "Hash", "Parent Relationship": "Inner", "Startup Cost": 1.03, "Total Cost": 1.03, "Plan Rows": 3, "Plan Width": 4, "Plans": [{"Node Type": "Seq Scan", "Parent Relationship": "Outer", "Relation Name": "company_type", "Alias": "ct", "Startup Cost": 0.0, "Total Cost": 1.03, "Plan Rows": 3, "Plan Width": 4}]}]}, {"Node Type": "Hash", "Parent Relationship": "Inner", "Startup Cost": 1.12, "Total Cost": 1.12, "Plan Rows": 12, "Plan Width": 4, "Plans": [{"Node Type": "Seq Scan", "Parent Relationship": "Outer", "Relation Name": "role_type", "Alias": "rt", "Startup Cost": 0.0, "Total Cost": 1.12, "Plan Rows": 12, "Plan Width": 4}]}]}]}, "Unique SQL Id": 3145361615}, "explain_analyze_plan": {"Plan": {"Node Type": "Aggregate", "Strategy": "Plain", "Startup Cost": 1041361.98, "Total Cost": 1041361.99, "Plan Rows": 1, "Plan Width": 97, "Actual Startup Time": 16188.609, "Actual Total Time": 16188.61, "Actual Rows": 1, "Actual Loops": 1, "Plans": [{"Node Type": "Hash Join", "Parent Relationship": "Outer", "Join Type": "Inner", "Startup Cost": 930928.48, "Total Cost": 1036514.92, "Plan Rows": 969413, "Plan Width": 33, "Actual Startup Time": 15828.872, "Actual Total Time": 16188.552, "Actual Rows": 4, "Actual Loops": 1, "Inner Unique": true, "Hash Cond": "(ci.role_id = rt.id), (LLVM Optimized, Jit Execute)", "Plans": [{"Node Type": "Hash Join", "Parent Relationship": "Outer", "Join Type": "Inner", "Startup Cost": 930927.21, "Total Cost": 1023184.22, "Plan Rows": 969413, "Plan Width": 37, "Actual Startup Time": 15828.776, "Actual Total Time": 16188.441, "Actual Rows": 4, "Actual Loops": 1, "Inner Unique": true, "Hash Cond": "(mc.company_type_id = ct.id), (LLVM Optimized, Jit Execute)", "Plans": [{"Node Type": "Hash Join", "Parent Relationship": "Outer", "Join Type": "Inner", "Startup Cost": 930926.14, "Total Cost": 1009853.72, "Plan Rows": 969413, "Plan Width": 41, "Actual Startup Time": 15005.566, "Actual Total Time": 16188.307, "Actual Rows": 10, "Actual Loops": 1, "Inner Unique": false, "Hash Cond": "(mc.movie_id = t.id), (LLVM Optimized, Jit Execute)", "Plans": [{"Node Type": "Hash Join", "Parent Relationship": "Outer", "Join Type": "Inner", "Startup Cost": 6968.08, "Total Cost": 71392.69, "Plan Rows": 1282311, "Plan Width": 8, "Actual Startup Time": 112.673, "Actual Total Time": 1492.413, "Actual Rows": 1153797, "Actual Loops": 1, "Inner Unique": true, "Hash Cond": "(mc.company_id = cn.id), (LLVM Optimized, Jit Execute)", "Plans": [{"Node Type": "Seq Scan", "Parent Relationship": "Outer", "Relation Name": "movie_companies", "Alias": "mc", "Startup Cost": 0.0, "Total Cost": 41817.28, "Plan Rows": 2609128, "Plan Width": 12, "Actual Startup Time": 0.016, "Actual Total Time": 568.795, "Actual Rows": 2609128, "Actual Loops": 1}, {"Node Type": "Hash", "Parent Relationship": "Inner", "Startup Cost": 5903.45, "Total Cost": 5903.45, "Plan Rows": 85170, "Plan Width": 4, "Actual Startup Time": 112.55, "Actual Total Time": 112.55, "Actual Rows": 84843, "Actual Loops": 1, "Hash Buckets": 131072, "Hash Batches": 1, "Original Hash Batches": 1, "Peak Memory Usage": 2983, "Plans": [{"Node Type": "Seq Scan", "Parent Relationship": "Outer", "Relation Name": "company_name", "Alias": "cn", "Startup Cost": 0.0, "Total Cost": 5903.45, "Plan Rows": 85170, "Plan Width": 4, "Actual Startup Time": 0.027, "Actual Total Time": 89.932, "Actual Rows": 84843, "Actual Loops": 1, "Filter": "((country_code)::text = '[us]'::text)", "Rows Removed by Filter": 150153}]}]}, {"Node Type": "Hash", "Parent Relationship": "Inner", "Startup Cost": 912029.03, "Total Cost": 912029.03, "Plan Rows": 954323, "Plan Width": 45, "Actual Startup Time": 14488.293, "Actual Total Time": 14488.293, "Actual Rows": 12, "Actual Loops": 1, "Hash Buckets": 1048576, "Hash Batches": 1, "Original Hash Batches": 1, "Peak Memory Usage": 1, "Plans": [{"Node Type": "Hash Join", "Parent Relationship": "Outer", "Join Type": "Inner", "Startup Cost": 194997.99, "Total Cost": 912029.03, "Plan Rows": 954323, "Plan Width": 45, "Actual Startup Time": 4529.624, "Actual Total Time": 14488.212, "Actual Rows": 12, "Actual Loops": 1, "Inner Unique": true, "Hash Cond": "(ci.movie_id = t.id), (LLVM Optimized, Jit Execute)", "Plans": [{"Node Type": "Hash Join", "Parent Relationship": "Outer", "Join Type": "Inner", "Startup Cost": 106747.61, "Total Cost": 811624.17, "Plan Rows": 696330, "Plan Width": 24, "Actual Startup Time": 2991.698, "Actual Total Time": 12936.256, "Actual Rows": 15, "Actual Loops": 1, "Inner Unique": true, "Hash Cond": "(ci.person_role_id = chn.id), (LLVM Optimized, Jit Execute)", "Plans": [{"Node Type": "Seq Scan", "Parent Relationship": "Outer", "Relation Name": "cast_info", "Alias": "ci", "Startup Cost": 0.0, "Total Cost": 692526.68, "Plan Rows": 1436424, "Plan Width": 12, "Actual Startup Time": 689.018, "Actual Total Time": 10483.608, "Actual Rows": 1435439, "Actual Loops": 1, "Filter": "((note)::text ~~ '%(producer)%'::text), (LLVM Optimized, Jit Execute)", "Rows Removed by Filter": 34808904}, {"Node Type": "Hash", "Parent Relationship": "Inner", "Startup Cost": 67493.38, "Total Cost": 67493.38, "Plan Rows": 3140338, "Plan Width": 20, "Actual Startup Time": 2297.894, "Actual Total Time": 2297.894, "Actual Rows": 3140338, "Actual Loops": 1, "Hash Buckets": 4194304, "Hash Batches": 1, "Original Hash Batches": 1, "Peak Memory Usage": 165269, "Plans": [{"Node Type": "Seq Scan", "Parent Relationship": "Outer", "Relation Name": "char_name", "Alias": "chn", "Startup Cost": 0.0, "Total Cost": 67493.38, "Plan Rows": 3140338, "Plan Width": 20, "Actual Startup Time": 0.047, "Actual Total Time": 983.534, "Actual Rows": 3140338, "Actual Loops": 1}]}]}, {"Node Type": "Hash", "Parent Relationship": "Inner", "Startup Cost": 66389.89, "Total Cost": 66389.89, "Plan Rows": 1748840, "Plan Width": 21, "Actual Startup Time": 1536.691, "Actual Total Time": 1536.691, "Actual Rows": 1749032, "Actual Loops": 1, "Hash Buckets": 2097152, "Hash Batches": 1, "Original Hash Batches": 1, "Peak Memory Usage": 93635, "Plans": [{"Node Type": "Seq Scan", "Parent Relationship": "Outer", "Relation Name": "title", "Alias": "t", "Startup Cost": 0.0, "Total Cost": 66389.89, "Plan Rows": 1748840, "Plan Width": 21, "Actual Startup Time": 0.032, "Actual Total Time": 903.509, "Actual Rows": 1749032, "Actual Loops": 1, "Filter": "(production_year > 1990), (LLVM Optimized, Jit Execute)", "Rows Removed by Filter": 779279}]}]}]}]}, {"Node Type": "Hash", "Parent Relationship": "Inner", "Startup Cost": 1.03, "Total Cost": 1.03, "Plan Rows": 3, "Plan Width": 4, "Actual Startup Time": 0.007, "Actual Total Time": 0.007, "Actual Rows": 3, "Actual Loops": 1, "Hash Buckets": 32768, "Hash Batches": 1, "Original Hash Batches": 1, "Peak Memory Usage": 1, "Plans": [{"Node Type": "Seq Scan", "Parent Relationship": "Outer", "Relation Name": "company_type", "Alias": "ct", "Startup Cost": 0.0, "Total Cost": 1.03, "Plan Rows": 3, "Plan Width": 4, "Actual Startup Time": 0.003, "Actual Total Time": 0.003, "Actual Rows": 3, "Actual Loops": 1}]}]}, {"Node Type": "Hash", "Parent Relationship": "Inner", "Startup Cost": 1.12, "Total Cost": 1.12, "Plan Rows": 12, "Plan Width": 4, "Actual Startup Time": 0.039, "Actual Total Time": 0.039, "Actual Rows": 12, "Actual Loops": 1, "Hash Buckets": 32768, "Hash Batches": 1, "Original Hash Batches": 1, "Peak Memory Usage": 1, "Plans": [{"Node Type": "Seq Scan", "Parent Relationship": "Outer", "Relation Name": "role_type", "Alias": "rt", "Startup Cost": 0.0, "Total Cost": 1.12, "Plan Rows": 12, "Plan Width": 4, "Actual Startup Time": 0.018, "Actual Total Time": 0.024, "Actual Rows": 12, "Actual Loops": 1}]}]}]}, "Triggers": [], "Planner Runtime": 41.396, "Total Runtime": 16199.863, "Unique SQL Id": 3145361615}}, "(1, 9)": {"explain_plan": {"Plan": {"Node Type": "Aggregate", "Strategy": "Plain", "Startup Cost": 1476554.64, "Total Cost": 1476554.65, "Plan Rows": 1, "Plan Width": 97, "Plans": [{"Node Type": "Hash Join", "Parent Relationship": "Outer", "Join Type": "Inner", "Startup Cost": 391129.15, "Total Cost": 1471707.57, "Plan Rows": 969413, "Plan Width": 33, "Inner Unique": true, "Hash Cond": "(mc.company_type_id = ct.id), (LLVM Optimized)", "Plans": [{"Node Type": "Hash Join", "Parent Relationship": "Outer", "Join Type": "Inner", "Startup Cost": 391120.82, "Total Cost": 1458369.81, "Plan Rows": 969413, "Plan Width": 37, "Inner Unique": false, "Hash Cond": "(ci.movie_id = t.id), (LLVM Optimized)", "Plans": [{"Node Type": "Hash Join", "Parent Relationship": "Outer", "Join Type": "Inner", "Startup Cost": 80683.05, "Total Cost": 1135626.49, "Plan Rows": 696330, "Plan Width": 20, "Inner Unique": true, "Hash Cond": "(ci.role_id = rt.id), (LLVM Optimized)", "Plans": [{"Node Type": "Merge Join", "Parent Relationship": "Outer", "Join Type": "Inner", "Startup Cost": 80674.47, "Total Cost": 1126861.56, "Plan Rows": 696330, "Plan Width": 24, "Inner Unique": false, "Merge Cond": "(chn.id = ci.person_role_id)", "Plans": [{"Node Type": "Index Scan", "Parent Relationship": "Outer", "Scan Direction": "Forward", "Index Name": "char_name_pkey", "Relation Name": "char_name", "Alias": "chn", "Startup Cost": 0.0, "Total Cost": 129875.46, "Plan Rows": 3140338, "Plan Width": 20}, {"Node Type": "Index Scan", "Parent Relationship": "Inner", "Scan Direction": "Forward", "Index Name": "person_role_id_cast_info", "Relation Name": "cast_info", "Alias": "ci", "Startup Cost": 0.0, "Total Cost": 2022508.08, "Plan Rows": 1436424, "Plan Width": 12, "Filter": "((note)::text ~~ '%(producer)%'::text), (LLVM Optimized)"}]}, {"Node Type": "Hash", "Parent Relationship": "Inner", "Startup Cost": 8.43, "Total Cost": 8.43, "Plan Rows": 12, "Plan Width": 4, "Plans": [{"Node Type": "Index Only Scan", "Parent Relationship": "Outer", "Scan Direction": "Forward", "Index Name": "role_type_pkey", "Relation Name": "role_type", "Alias": "rt", "Startup Cost": 0.0, "Total Cost": 8.43, "Plan Rows": 12, "Plan Width": 4}]}]}, {"Node Type": "Hash", "Parent Relationship": "Inner", "Startup Cost": 288231.21, "Total Cost": 288231.21, "Plan Rows": 1776525, "Plan Width": 29, "Plans": [{"Node Type": "Hash Join", "Parent Relationship": "Outer", "Join Type": "Inner", "Startup Cost": 149867.78, "Total Cost": 288231.21, "Plan Rows": 1776525, "Plan Width": 29, "Inner Unique": true, "Hash Cond": "(mc.movie_id = t.id), (LLVM Optimized)", "Plans": [{"Node Type": "Hash Join", "Parent Relationship": "Outer", "Join Type": "Inner", "Startup Cost": 11566.01, "Total Cost": 127355.52, "Plan Rows": 1282311, "Plan Width": 8, "Inner Unique": true, "Hash Cond": "(mc.company_id = cn.id), (LLVM Optimized)", "Plans": [{"Node Type": "Index Scan", "Parent Relationship": "Outer", "Scan Direction": "Forward", "Index Name": "company_type_id_movie_companies", "Relation Name": "movie_companies", "Alias": "mc", "Startup Cost": 0.0, "Total Cost": 93182.17, "Plan Rows": 2609128, "Plan Width": 12}, {"Node Type": "Hash", "Parent Relationship": "Inner", "Startup Cost": 10501.39, "Total Cost": 10501.39, "Plan Rows": 85170, "Plan Width": 4, "Plans": [{"Node Type": "Index Scan", "Parent Relationship": "Outer", "Scan Direction": "Forward", "Index Name": "company_name_pkey", "Relation Name": "company_name", "Alias": "cn", "Startup Cost": 0.0, "Total Cost": 10501.39, "Plan Rows": 85170, "Plan Width": 4, "Filter": "((country_code)::text = '[us]'::text)"}]}]}, {"Node Type": "Hash", "Parent Relationship": "Inner", "Startup Cost": 116441.27, "Total Cost": 116441.27, "Plan Rows": 1748840, "Plan Width": 21, "Plans": [{"Node Type": "Index Scan", "Parent Relationship": "Outer", "Scan Direction": "Forward", "Index Name": "title_pkey", "Relation Name": "title", "Alias": "t", "Startup Cost": 0.0, "Total Cost": 116441.27, "Plan Rows": 1748840, "Plan Width": 21, "Filter": "(production_year > 1990), (LLVM Optimized)"}]}]}]}]}, {"Node Type": "Hash", "Parent Relationship": "Inner", "Startup Cost": 8.29, "Total Cost": 8.29, "Plan Rows": 3, "Plan Width": 4, "Plans": [{"Node Type": "Index Only Scan", "Parent Relationship": "Outer", "Scan Direction": "Forward", "Index Name": "company_type_pkey", "Relation Name": "company_type", "Alias": "ct", "Startup Cost": 0.0, "Total Cost": 8.29, "Plan Rows": 3, "Plan Width": 4}]}]}]}, "Unique SQL Id": 3145361615}, "explain_analyze_plan": {"Plan": {"Node Type": "Aggregate", "Strategy": "Plain", "Startup Cost": 1476554.64, "Total Cost": 1476554.65, "Plan Rows": 1, "Plan Width": 97, "Actual Startup Time": 24092.525, "Actual Total Time": 24092.526, "Actual Rows": 1, "Actual Loops": 1, "Plans": [{"Node Type": "Hash Join", "Parent Relationship": "Outer", "Join Type": "Inner", "Startup Cost": 391129.15, "Total Cost": 1471707.57, "Plan Rows": 969413, "Plan Width": 33, "Actual Startup Time": 7259.474, "Actual Total Time": 24092.475, "Actual Rows": 4, "Actual Loops": 1, "Inner Unique": true, "Hash Cond": "(mc.company_type_id = ct.id), (LLVM Optimized, Jit Execute)", "Plans": [{"Node Type": "Hash Join", "Parent Relationship": "Outer", "Join Type": "Inner", "Startup Cost": 391120.82, "Total Cost": 1458369.81, "Plan Rows": 969413, "Plan Width": 37, "Actual Startup Time": 7259.401, "Actual Total Time": 24090.968, "Actual Rows": 10, "Actual Loops": 1, "Inner Unique": false, "Hash Cond": "(ci.movie_id = t.id), (LLVM Optimized, Jit Execute)", "Plans": [{"Node Type": "Hash Join", "Parent Relationship": "Outer", "Join Type": "Inner", "Startup Cost": 80683.05, "Total Cost": 1135626.49, "Plan Rows": 696330, "Plan Width": 20, "Actual Startup Time": 153.183, "Actual Total Time": 16984.585, "Actual Rows": 15, "Actual Loops": 1, "Inner Unique": true, "Hash Cond": "(ci.role_id = rt.id), (LLVM Optimized, Jit Execute)", "Plans": [{"Node Type": "Merge Join", "Parent Relationship": "Outer", "Join Type": "Inner", "Startup Cost": 80674.47, "Total Cost": 1126861.56, "Plan Rows": 696330, "Plan Width": 24, "Actual Startup Time": 153.116, "Actual Total Time": 16984.43, "Actual Rows": 15, "Actual Loops": 1, "Inner Unique": false, "Merge Cond": "(chn.id = ci.person_role_id)", "Plans": [{"Node Type": "Index Scan", "Parent Relationship": "Outer", "Scan Direction": "Forward", "Index Name": "char_name_pkey", "Relation Name": "char_name", "Alias": "chn", "Startup Cost": 0.0, "Total Cost": 129875.46, "Plan Rows": 3140338, "Plan Width": 20, "Actual Startup Time": 0.024, "Actual Total Time": 909.418, "Actual Rows": 881591, "Actual Loops": 1}, {"Node Type": "Index Scan", "Parent Relationship": "Inner", "Scan Direction": "Forward", "Index Name": "person_role_id_cast_info", "Relation Name": "cast_info", "Alias": "ci", "Startup Cost": 0.0, "Total Cost": 2022508.08, "Plan Rows": 1436424, "Plan Width": 12, "Actual Startup Time": 153.073, "Actual Total Time": 15951.655, "Actual Rows": 16, "Actual Loops": 1, "Filter": "((note)::text ~~ '%(producer)%'::text), (LLVM Optimized, Jit Execute)", "Rows Removed by Filter": 20122645}]}, {"Node Type": "Hash", "Parent Relationship": "Inner", "Startup Cost": 8.43, "Total Cost": 8.43, "Plan Rows": 12, "Plan Width": 4, "Actual Startup Time": 0.009, "Actual Total Time": 0.009, "Actual Rows": 12, "Actual Loops": 1, "Hash Buckets": 32768, "Hash Batches": 1, "Original Hash Batches": 1, "Peak Memory Usage": 1, "Plans": [{"Node Type": "Index Only Scan", "Parent Relationship": "Outer", "Scan Direction": "Forward", "Index Name": "role_type_pkey", "Relation Name": "role_type", "Alias": "rt", "Startup Cost": 0.0, "Total Cost": 8.43, "Plan Rows": 12, "Plan Width": 4, "Actual Startup Time": 0.002, "Actual Total Time": 0.003, "Actual Rows": 12, "Actual Loops": 1, "Heap Fetches": 0}]}]}, {"Node Type": "Hash", "Parent Relationship": "Inner", "Startup Cost": 288231.21, "Total Cost": 288231.21, "Plan Rows": 1776525, "Plan Width": 29, "Actual Startup Time": 7102.265, "Actual Total Time": 7102.265, "Actual Rows": 596249, "Actual Loops": 1, "Hash Buckets": 2097152, "Hash Batches": 1, "Original Hash Batches": 1, "Peak Memory Usage": 37921, "Plans": [{"Node Type": "Hash Join", "Parent Relationship": "Outer", "Join Type": "Inner", "Startup Cost": 149867.78, "Total Cost": 288231.21, "Plan Rows": 1776525, "Plan Width": 29, "Actual Startup Time": 4369.395, "Actual Total Time": 6883.537, "Actual Rows": 596249, "Actual Loops": 1, "Inner Unique": true, "Hash Cond": "(mc.movie_id = t.id), (LLVM Optimized, Jit Execute)", "Plans": [{"Node Type": "Hash Join", "Parent Relationship": "Outer", "Join Type": "Inner", "Startup Cost": 11566.01, "Total Cost": 127355.52, "Plan Rows": 1282311, "Plan Width": 8, "Actual Startup Time": 312.034, "Actual Total Time": 2352.022, "Actual Rows": 1153797, "Actual Loops": 1, "Inner Unique": true, "Hash Cond": "(mc.company_id = cn.id), (LLVM Optimized, Jit Execute)", "Plans": [{"Node Type": "Index Scan", "Parent Relationship": "Outer", "Scan Direction": "Forward", "Index Name": "company_type_id_movie_companies", "Relation Name": "movie_companies", "Alias": "mc", "Startup Cost": 0.0, "Total Cost": 93182.17, "Plan Rows": 2609128, "Plan Width": 12, "Actual Startup Time": 0.046, "Actual Total Time": 1211.245, "Actual Rows": 2609128, "Actual Loops": 1}, {"Node Type": "Hash", "Parent Relationship": "Inner", "Startup Cost": 10501.39, "Total Cost": 10501.39, "Plan Rows": 85170, "Plan Width": 4, "Actual Startup Time": 311.878, "Actual Total Time": 311.878, "Actual Rows": 84843, "Actual Loops": 1, "Hash Buckets": 131072, "Hash Batches": 1, "Original Hash Batches": 1, "Peak Memory Usage": 2983, "Plans": [{"Node Type": "Index Scan", "Parent Relationship": "Outer", "Scan Direction": "Forward", "Index Name": "company_name_pkey", "Relation Name": "company_name", "Alias": "cn", "Startup Cost": 0.0, "Total Cost": 10501.39, "Plan Rows": 85170, "Plan Width": 4, "Actual Startup Time": 0.032, "Actual Total Time": 286.34, "Actual Rows": 84843, "Actual Loops": 1, "Filter": "((country_code)::text = '[us]'::text)", "Rows Removed by Filter": 150153}]}]}, {"Node Type": "Hash", "Parent Relationship": "Inner", "Startup Cost": 116441.27, "Total Cost": 116441.27, "Plan Rows": 1748840, "Plan Width": 21, "Actual Startup Time": 4056.117, "Actual Total Time": 4056.117, "Actual Rows": 1749032, "Actual Loops": 1, "Hash Buckets": 2097152, "Hash Batches": 1, "Original Hash Batches": 1, "Peak Memory Usage": 93635, "Plans": [{"Node Type": "Index Scan", "Parent Relationship": "Outer", "Scan Direction": "Forward", "Index Name": "title_pkey", "Relation Name": "title", "Alias": "t", "Startup Cost": 0.0, "Total Cost": 116441.27, "Plan Rows": 1748840, "Plan Width": 21, "Actual Startup Time": 0.046, "Actual Total Time": 3321.627, "Actual Rows": 1749032, "Actual Loops": 1, "Filter": "(production_year > 1990), (LLVM Optimized, Jit Execute)", "Rows Removed by Filter": 779279}]}]}]}]}, {"Node Type": "Hash", "Parent Relationship": "Inner", "Startup Cost": 8.29, "Total Cost": 8.29, "Plan Rows": 3, "Plan Width": 4, "Actual Startup Time": 0.025, "Actual Total Time": 0.025, "Actual Rows": 3, "Actual Loops": 1, "Hash Buckets": 32768, "Hash Batches": 1, "Original Hash Batches": 1, "Peak Memory Usage": 1, "Plans": [{"Node Type": "Index Only Scan", "Parent Relationship": "Outer", "Scan Direction": "Forward", "Index Name": "company_type_pkey", "Relation Name": "company_type", "Alias": "ct", "Startup Cost": 0.0, "Total Cost": 8.29, "Plan Rows": 3, "Plan Width": 4, "Actual Startup Time": 0.01, "Actual Total Time": 0.012, "Actual Rows": 3, "Actual Loops": 1, "Heap Fetches": 0}]}]}]}, "Triggers": [], "Planner Runtime": 34.516, "Total Runtime": 24103.809, "Unique SQL Id": 3145361615}}, "(1, 10)": {"explain_plan": {"Plan": {"Node Type": "Aggregate", "Strategy": "Plain", "Startup Cost": 1041361.98, "Total Cost": 1041361.99, "Plan Rows": 1, "Plan Width": 97, "Plans": [{"Node Type": "Hash Join", "Parent Relationship": "Outer", "Join Type": "Inner", "Startup Cost": 930928.48, "Total Cost": 1036514.92, "Plan Rows": 969413, "Plan Width": 33, "Inner Unique": true, "Hash Cond": "(ci.role_id = rt.id), (LLVM Optimized)", "Plans": [{"Node Type": "Hash Join", "Parent Relationship": "Outer", "Join Type": "Inner", "Startup Cost": 930927.21, "Total Cost": 1023184.22, "Plan Rows": 969413, "Plan Width": 37, "Inner Unique": true, "Hash Cond": "(mc.company_type_id = ct.id), (LLVM Optimized)", "Plans": [{"Node Type": "Hash Join", "Parent Relationship": "Outer", "Join Type": "Inner", "Startup Cost": 930926.14, "Total Cost": 1009853.72, "Plan Rows": 969413, "Plan Width": 41, "Inner Unique": false, "Hash Cond": "(mc.movie_id = t.id), (LLVM Optimized)", "Plans": [{"Node Type": "Hash Join", "Parent Relationship": "Outer", "Join Type": "Inner", "Startup Cost": 6968.08, "Total Cost": 71392.69, "Plan Rows": 1282311, "Plan Width": 8, "Inner Unique": true, "Hash Cond": "(mc.company_id = cn.id), (LLVM Optimized)", "Plans": [{"Node Type": "Seq Scan", "Parent Relationship": "Outer", "Relation Name": "movie_companies", "Alias": "mc", "Startup Cost": 0.0, "Total Cost": 41817.28, "Plan Rows": 2609128, "Plan Width": 12}, {"Node Type": "Hash", "Parent Relationship": "Inner", "Startup Cost": 5903.45, "Total Cost": 5903.45, "Plan Rows": 85170, "Plan Width": 4, "Plans": [{"Node Type": "Seq Scan", "Parent Relationship": "Outer", "Relation Name": "company_name", "Alias": "cn", "Startup Cost": 0.0, "Total Cost": 5903.45, "Plan Rows": 85170, "Plan Width": 4, "Filter": "((country_code)::text = '[us]'::text)"}]}]}, {"Node Type": "Hash", "Parent Relationship": "Inner", "Startup Cost": 912029.03, "Total Cost": 912029.03, "Plan Rows": 954323, "Plan Width": 45, "Plans": [{"Node Type": "Hash Join", "Parent Relationship": "Outer", "Join Type": "Inner", "Startup Cost": 194997.99, "Total Cost": 912029.03, "Plan Rows": 954323, "Plan Width": 45, "Inner Unique": true, "Hash Cond": "(ci.movie_id = t.id), (LLVM Optimized)", "Plans": [{"Node Type": "Hash Join", "Parent Relationship": "Outer", "Join Type": "Inner", "Startup Cost": 106747.61, "Total Cost": 811624.17, "Plan Rows": 696330, "Plan Width": 24, "Inner Unique": true, "Hash Cond": "(ci.person_role_id = chn.id), (LLVM Optimized)", "Plans": [{"Node Type": "Seq Scan", "Parent Relationship": "Outer", "Relation Name": "cast_info", "Alias": "ci", "Startup Cost": 0.0, "Total Cost": 692526.68, "Plan Rows": 1436424, "Plan Width": 12, "Filter": "((note)::text ~~ '%(producer)%'::text), (LLVM Optimized)"}, {"Node Type": "Hash", "Parent Relationship": "Inner", "Startup Cost": 67493.38, "Total Cost": 67493.38, "Plan Rows": 3140338, "Plan Width": 20, "Plans": [{"Node Type": "Seq Scan", "Parent Relationship": "Outer", "Relation Name": "char_name", "Alias": "chn", "Startup Cost": 0.0, "Total Cost": 67493.38, "Plan Rows": 3140338, "Plan Width": 20}]}]}, {"Node Type": "Hash", "Parent Relationship": "Inner", "Startup Cost": 66389.89, "Total Cost": 66389.89, "Plan Rows": 1748840, "Plan Width": 21, "Plans": [{"Node Type": "Seq Scan", "Parent Relationship": "Outer", "Relation Name": "title", "Alias": "t", "Startup Cost": 0.0, "Total Cost": 66389.89, "Plan Rows": 1748840, "Plan Width": 21, "Filter": "(production_year > 1990), (LLVM Optimized)"}]}]}]}]}, {"Node Type": "Hash", "Parent Relationship": "Inner", "Startup Cost": 1.03, "Total Cost": 1.03, "Plan Rows": 3, "Plan Width": 4, "Plans": [{"Node Type": "Seq Scan", "Parent Relationship": "Outer", "Relation Name": "company_type", "Alias": "ct", "Startup Cost": 0.0, "Total Cost": 1.03, "Plan Rows": 3, "Plan Width": 4}]}]}, {"Node Type": "Hash", "Parent Relationship": "Inner", "Startup Cost": 1.12, "Total Cost": 1.12, "Plan Rows": 12, "Plan Width": 4, "Plans": [{"Node Type": "Seq Scan", "Parent Relationship": "Outer", "Relation Name": "role_type", "Alias": "rt", "Startup Cost": 0.0, "Total Cost": 1.12, "Plan Rows": 12, "Plan Width": 4}]}]}]}, "Unique SQL Id": 3145361615}, "explain_analyze_plan": {"Plan": {"Node Type": "Aggregate", "Strategy": "Plain", "Startup Cost": 1041361.98, "Total Cost": 1041361.99, "Plan Rows": 1, "Plan Width": 97, "Actual Startup Time": 16188.609, "Actual Total Time": 16188.61, "Actual Rows": 1, "Actual Loops": 1, "Plans": [{"Node Type": "Hash Join", "Parent Relationship": "Outer", "Join Type": "Inner", "Startup Cost": 930928.48, "Total Cost": 1036514.92, "Plan Rows": 969413, "Plan Width": 33, "Actual Startup Time": 15828.872, "Actual Total Time": 16188.552, "Actual Rows": 4, "Actual Loops": 1, "Inner Unique": true, "Hash Cond": "(ci.role_id = rt.id), (LLVM Optimized, Jit Execute)", "Plans": [{"Node Type": "Hash Join", "Parent Relationship": "Outer", "Join Type": "Inner", "Startup Cost": 930927.21, "Total Cost": 1023184.22, "Plan Rows": 969413, "Plan Width": 37, "Actual Startup Time": 15828.776, "Actual Total Time": 16188.441, "Actual Rows": 4, "Actual Loops": 1, "Inner Unique": true, "Hash Cond": "(mc.company_type_id = ct.id), (LLVM Optimized, Jit Execute)", "Plans": [{"Node Type": "Hash Join", "Parent Relationship": "Outer", "Join Type": "Inner", "Startup Cost": 930926.14, "Total Cost": 1009853.72, "Plan Rows": 969413, "Plan Width": 41, "Actual Startup Time": 15005.566, "Actual Total Time": 16188.307, "Actual Rows": 10, "Actual Loops": 1, "Inner Unique": false, "Hash Cond": "(mc.movie_id = t.id), (LLVM Optimized, Jit Execute)", "Plans": [{"Node Type": "Hash Join", "Parent Relationship": "Outer", "Join Type": "Inner", "Startup Cost": 6968.08, "Total Cost": 71392.69, "Plan Rows": 1282311, "Plan Width": 8, "Actual Startup Time": 112.673, "Actual Total Time": 1492.413, "Actual Rows": 1153797, "Actual Loops": 1, "Inner Unique": true, "Hash Cond": "(mc.company_id = cn.id), (LLVM Optimized, Jit Execute)", "Plans": [{"Node Type": "Seq Scan", "Parent Relationship": "Outer", "Relation Name": "movie_companies", "Alias": "mc", "Startup Cost": 0.0, "Total Cost": 41817.28, "Plan Rows": 2609128, "Plan Width": 12, "Actual Startup Time": 0.016, "Actual Total Time": 568.795, "Actual Rows": 2609128, "Actual Loops": 1}, {"Node Type": "Hash", "Parent Relationship": "Inner", "Startup Cost": 5903.45, "Total Cost": 5903.45, "Plan Rows": 85170, "Plan Width": 4, "Actual Startup Time": 112.55, "Actual Total Time": 112.55, "Actual Rows": 84843, "Actual Loops": 1, "Hash Buckets": 131072, "Hash Batches": 1, "Original Hash Batches": 1, "Peak Memory Usage": 2983, "Plans": [{"Node Type": "Seq Scan", "Parent Relationship": "Outer", "Relation Name": "company_name", "Alias": "cn", "Startup Cost": 0.0, "Total Cost": 5903.45, "Plan Rows": 85170, "Plan Width": 4, "Actual Startup Time": 0.027, "Actual Total Time": 89.932, "Actual Rows": 84843, "Actual Loops": 1, "Filter": "((country_code)::text = '[us]'::text)", "Rows Removed by Filter": 150153}]}]}, {"Node Type": "Hash", "Parent Relationship": "Inner", "Startup Cost": 912029.03, "Total Cost": 912029.03, "Plan Rows": 954323, "Plan Width": 45, "Actual Startup Time": 14488.293, "Actual Total Time": 14488.293, "Actual Rows": 12, "Actual Loops": 1, "Hash Buckets": 1048576, "Hash Batches": 1, "Original Hash Batches": 1, "Peak Memory Usage": 1, "Plans": [{"Node Type": "Hash Join", "Parent Relationship": "Outer", "Join Type": "Inner", "Startup Cost": 194997.99, "Total Cost": 912029.03, "Plan Rows": 954323, "Plan Width": 45, "Actual Startup Time": 4529.624, "Actual Total Time": 14488.212, "Actual Rows": 12, "Actual Loops": 1, "Inner Unique": true, "Hash Cond": "(ci.movie_id = t.id), (LLVM Optimized, Jit Execute)", "Plans": [{"Node Type": "Hash Join", "Parent Relationship": "Outer", "Join Type": "Inner", "Startup Cost": 106747.61, "Total Cost": 811624.17, "Plan Rows": 696330, "Plan Width": 24, "Actual Startup Time": 2991.698, "Actual Total Time": 12936.256, "Actual Rows": 15, "Actual Loops": 1, "Inner Unique": true, "Hash Cond": "(ci.person_role_id = chn.id), (LLVM Optimized, Jit Execute)", "Plans": [{"Node Type": "Seq Scan", "Parent Relationship": "Outer", "Relation Name": "cast_info", "Alias": "ci", "Startup Cost": 0.0, "Total Cost": 692526.68, "Plan Rows": 1436424, "Plan Width": 12, "Actual Startup Time": 689.018, "Actual Total Time": 10483.608, "Actual Rows": 1435439, "Actual Loops": 1, "Filter": "((note)::text ~~ '%(producer)%'::text), (LLVM Optimized, Jit Execute)", "Rows Removed by Filter": 34808904}, {"Node Type": "Hash", "Parent Relationship": "Inner", "Startup Cost": 67493.38, "Total Cost": 67493.38, "Plan Rows": 3140338, "Plan Width": 20, "Actual Startup Time": 2297.894, "Actual Total Time": 2297.894, "Actual Rows": 3140338, "Actual Loops": 1, "Hash Buckets": 4194304, "Hash Batches": 1, "Original Hash Batches": 1, "Peak Memory Usage": 165269, "Plans": [{"Node Type": "Seq Scan", "Parent Relationship": "Outer", "Relation Name": "char_name", "Alias": "chn", "Startup Cost": 0.0, "Total Cost": 67493.38, "Plan Rows": 3140338, "Plan Width": 20, "Actual Startup Time": 0.047, "Actual Total Time": 983.534, "Actual Rows": 3140338, "Actual Loops": 1}]}]}, {"Node Type": "Hash", "Parent Relationship": "Inner", "Startup Cost": 66389.89, "Total Cost": 66389.89, "Plan Rows": 1748840, "Plan Width": 21, "Actual Startup Time": 1536.691, "Actual Total Time": 1536.691, "Actual Rows": 1749032, "Actual Loops": 1, "Hash Buckets": 2097152, "Hash Batches": 1, "Original Hash Batches": 1, "Peak Memory Usage": 93635, "Plans": [{"Node Type": "Seq Scan", "Parent Relationship": "Outer", "Relation Name": "title", "Alias": "t", "Startup Cost": 0.0, "Total Cost": 66389.89, "Plan Rows": 1748840, "Plan Width": 21, "Actual Startup Time": 0.032, "Actual Total Time": 903.509, "Actual Rows": 1749032, "Actual Loops": 1, "Filter": "(production_year > 1990), (LLVM Optimized, Jit Execute)", "Rows Removed by Filter": 779279}]}]}]}]}, {"Node Type": "Hash", "Parent Relationship": "Inner", "Startup Cost": 1.03, "Total Cost": 1.03, "Plan Rows": 3, "Plan Width": 4, "Actual Startup Time": 0.007, "Actual Total Time": 0.007, "Actual Rows": 3, "Actual Loops": 1, "Hash Buckets": 32768, "Hash Batches": 1, "Original Hash Batches": 1, "Peak Memory Usage": 1, "Plans": [{"Node Type": "Seq Scan", "Parent Relationship": "Outer", "Relation Name": "company_type", "Alias": "ct", "Startup Cost": 0.0, "Total Cost": 1.03, "Plan Rows": 3, "Plan Width": 4, "Actual Startup Time": 0.003, "Actual Total Time": 0.003, "Actual Rows": 3, "Actual Loops": 1}]}]}, {"Node Type": "Hash", "Parent Relationship": "Inner", "Startup Cost": 1.12, "Total Cost": 1.12, "Plan Rows": 12, "Plan Width": 4, "Actual Startup Time": 0.039, "Actual Total Time": 0.039, "Actual Rows": 12, "Actual Loops": 1, "Hash Buckets": 32768, "Hash Batches": 1, "Original Hash Batches": 1, "Peak Memory Usage": 1, "Plans": [{"Node Type": "Seq Scan", "Parent Relationship": "Outer", "Relation Name": "role_type", "Alias": "rt", "Startup Cost": 0.0, "Total Cost": 1.12, "Plan Rows": 12, "Plan Width": 4, "Actual Startup Time": 0.018, "Actual Total Time": 0.024, "Actual Rows": 12, "Actual Loops": 1}]}]}]}, "Triggers": [], "Planner Runtime": 41.396, "Total Runtime": 16199.863, "Unique SQL Id": 3145361615}}, "(1, 11)": {"explain_plan": {"Plan": {"Node Type": "Aggregate", "Strategy": "Plain", "Startup Cost": 3972961914007.03, "Total Cost": 3972961914007.04, "Plan Rows": 1, "Plan Width": 97, "Plans": [{"Node Type": "Merge Join", "Parent Relationship": "Outer", "Join Type": "Inner", "Startup Cost": 309264820736.24, "Total Cost": 3972961909159.97, "Plan Rows": 969413, "Plan Width": 33, "Inner Unique": true, "Merge Cond": "(ci.person_role_id = chn.id)", "Plans": [{"Node Type": "Nested Loop", "Parent Relationship": "Outer", "Join Type": "Inner", "Startup Cost": 60000000000.0, "Total Cost": 6069052206323.43, "Plan Rows": 1999754, "Plan Width": 21, "Inner Unique": true, "Join Filter": "(mc.movie_id = t.id), (LLVM Optimized)", "Plans": [{"Node Type": "Nested Loop", "Parent Relationship": "Outer", "Join Type": "Inner", "Startup Cost": 50000000000.0, "Total Cost": 5031175373680.67, "Plan Rows": 1443440, "Plan Width": 12, "Inner Unique": true, "Join Filter": "(mc.company_type_id = ct.id), (LLVM Optimized)", "Plans": [{"Node Type": "Nested Loop", "Parent Relationship": "Outer", "Join Type": "Inner", "Startup Cost": 40000000000.0, "Total Cost": 4031175307896.36, "Plan Rows": 1443440, "Plan Width": 16, "Inner Unique": false, "Join Filter": "(ci.movie_id = mc.movie_id), (LLVM Optimized)", "Plans": [{"Node Type": "Nested Loop", "Parent Relationship": "Outer", "Join Type": "Inner", "Startup Cost": 20000000000.0, "Total Cost": 2000202510207.33, "Plan Rows": 1436424, "Plan Width": 8, "Inner Unique": true, "Join Filter": "(ci.role_id = rt.id), (LLVM Optimized)", "Plans": [{"Node Type": "Index Scan", "Parent Relationship": "Outer", "Scan Direction": "Forward", "Index Name": "person_role_id_cast_info", "Relation Name": "cast_info", "Alias": "ci", "Startup Cost": 10000000000.0, "Total Cost": 1000202250807.98, "Plan Rows": 1436424, "Plan Width": 12, "Filter": "((note)::text ~~ '%(producer)%'::text), (LLVM Optimized)"}, {"Node Type": "Materialize", "Parent Relationship": "Inner", "Startup Cost": 10000000000.0, "Total Cost": 1000000000843.06, "Plan Rows": 12, "Plan Width": 4, "Plans": [{"Node Type": "Index Only Scan", "Parent Relationship": "Outer", "Scan Direction": "Forward", "Index Name": "role_type_pkey", "Relation Name": "role_type", "Alias": "rt", "Startup Cost": 10000000000.0, "Total Cost": 1000000000843.0, "Plan Rows": 12, "Plan Width": 4}]}]}, {"Node Type": "Materialize", "Parent Relationship": "Inner", "Startup Cost": 20000000000.0, "Total Cost": 2003343666456.85, "Plan Rows": 1282311, "Plan Width": 8, "Plans": [{"Node Type": "Nested Loop", "Parent Relationship": "Outer", "Join Type": "Inner", "Startup Cost": 20000000000.0, "Total Cost": 2003343660045.29, "Plan Rows": 1282311, "Plan Width": 8, "Inner Unique": true, "Join Filter": "(cn.id = mc.company_id), (LLVM Optimized)", "Plans": [{"Node Type": "Index Scan", "Parent Relationship": "Outer", "Scan Direction": "Forward", "Index Name": "company_type_id_movie_companies", "Relation Name": "movie_companies", "Alias": "mc", "Startup Cost": 10000000000.0, "Total Cost": 1000009318217.0, "Plan Rows": 2609128, "Plan Width": 12}, {"Node Type": "Materialize", "Parent Relationship": "Inner", "Startup Cost": 10000000000.0, "Total Cost": 1000001050564.82, "Plan Rows": 85170, "Plan Width": 4, "Plans": [{"Node Type": "Index Scan", "Parent Relationship": "Outer", "Scan Direction": "Forward", "Index Name": "company_name_pkey", "Relation Name": "company_name", "Alias": "cn", "Startup Cost": 10000000000.0, "Total Cost": 1000001050138.97, "Plan Rows": 85170, "Plan Width": 4, "Filter": "((country_code)::text = '[us]'::text)"}]}]}]}]}, {"Node Type": "Materialize", "Parent Relationship": "Inner", "Startup Cost": 10000000000.0, "Total Cost": 1000000000829.52, "Plan Rows": 3, "Plan Width": 4, "Plans": [{"Node Type": "Index Only Scan", "Parent Relationship": "Outer", "Scan Direction": "Forward", "Index Name": "company_type_pkey", "Relation Name": "company_type", "Alias": "ct", "Startup Cost": 10000000000.0, "Total Cost": 1000000000829.5, "Plan Rows": 3, "Plan Width": 4}]}]}, {"Node Type": "Materialize", "Parent Relationship": "Inner", "Startup Cost": 10000000000.0, "Total Cost": 1000011652870.86, "Plan Rows": 1748840, "Plan Width": 21, "Plans": [{"Node Type": "Index Scan", "Parent Relationship": "Outer", "Scan Direction": "Forward", "Index Name": "title_pkey", "Relation Name": "title", "Alias": "t", "Startup Cost": 10000000000.0, "Total Cost": 1000011644126.66, "Plan Rows": 1748840, "Plan Width": 21, "Filter": "(production_year > 1990), (LLVM Optimized)"}]}]}, {"Node Type": "Index Scan", "Parent Relationship": "Inner", "Scan Direction": "Forward", "Index Name": "char_name_pkey", "Relation Name": "char_name", "Alias": "chn", "Startup Cost": 10000000000.0, "Total Cost": 1000012987545.51, "Plan Rows": 3140338, "Plan Width": 20}]}]}, "Unique SQL Id": 3145361615}, "explain_analyze_plan": null}, "(1, 12)": {"explain_plan": {"Plan": {"Node Type": "Aggregate", "Strategy": "Plain", "Startup Cost": 1041361.98, "Total Cost": 1041361.99, "Plan Rows": 1, "Plan Width": 97, "Plans": [{"Node Type": "Hash Join", "Parent Relationship": "Outer", "Join Type": "Inner", "Startup Cost": 930928.48, "Total Cost": 1036514.92, "Plan Rows": 969413, "Plan Width": 33, "Inner Unique": true, "Hash Cond": "(ci.role_id = rt.id), (LLVM Optimized)", "Plans": [{"Node Type": "Hash Join", "Parent Relationship": "Outer", "Join Type": "Inner", "Startup Cost": 930927.21, "Total Cost": 1023184.22, "Plan Rows": 969413, "Plan Width": 37, "Inner Unique": true, "Hash Cond": "(mc.company_type_id = ct.id), (LLVM Optimized)", "Plans": [{"Node Type": "Hash Join", "Parent Relationship": "Outer", "Join Type": "Inner", "Startup Cost": 930926.14, "Total Cost": 1009853.72, "Plan Rows": 969413, "Plan Width": 41, "Inner Unique": false, "Hash Cond": "(mc.movie_id = t.id), (LLVM Optimized)", "Plans": [{"Node Type": "Hash Join", "Parent Relationship": "Outer", "Join Type": "Inner", "Startup Cost": 6968.08, "Total Cost": 71392.69, "Plan Rows": 1282311, "Plan Width": 8, "Inner Unique": true, "Hash Cond": "(mc.company_id = cn.id), (LLVM Optimized)", "Plans": [{"Node Type": "Seq Scan", "Parent Relationship": "Outer", "Relation Name": "movie_companies", "Alias": "mc", "Startup Cost": 0.0, "Total Cost": 41817.28, "Plan Rows": 2609128, "Plan Width": 12}, {"Node Type": "Hash", "Parent Relationship": "Inner", "Startup Cost": 5903.45, "Total Cost": 5903.45, "Plan Rows": 85170, "Plan Width": 4, "Plans": [{"Node Type": "Seq Scan", "Parent Relationship": "Outer", "Relation Name": "company_name", "Alias": "cn", "Startup Cost": 0.0, "Total Cost": 5903.45, "Plan Rows": 85170, "Plan Width": 4, "Filter": "((country_code)::text = '[us]'::text)"}]}]}, {"Node Type": "Hash", "Parent Relationship": "Inner", "Startup Cost": 912029.03, "Total Cost": 912029.03, "Plan Rows": 954323, "Plan Width": 45, "Plans": [{"Node Type": "Hash Join", "Parent Relationship": "Outer", "Join Type": "Inner", "Startup Cost": 194997.99, "Total Cost": 912029.03, "Plan Rows": 954323, "Plan Width": 45, "Inner Unique": true, "Hash Cond": "(ci.movie_id = t.id), (LLVM Optimized)", "Plans": [{"Node Type": "Hash Join", "Parent Relationship": "Outer", "Join Type": "Inner", "Startup Cost": 106747.61, "Total Cost": 811624.17, "Plan Rows": 696330, "Plan Width": 24, "Inner Unique": true, "Hash Cond": "(ci.person_role_id = chn.id), (LLVM Optimized)", "Plans": [{"Node Type": "Seq Scan", "Parent Relationship": "Outer", "Relation Name": "cast_info", "Alias": "ci", "Startup Cost": 0.0, "Total Cost": 692526.68, "Plan Rows": 1436424, "Plan Width": 12, "Filter": "((note)::text ~~ '%(producer)%'::text), (LLVM Optimized)"}, {"Node Type": "Hash", "Parent Relationship": "Inner", "Startup Cost": 67493.38, "Total Cost": 67493.38, "Plan Rows": 3140338, "Plan Width": 20, "Plans": [{"Node Type": "Seq Scan", "Parent Relationship": "Outer", "Relation Name": "char_name", "Alias": "chn", "Startup Cost": 0.0, "Total Cost": 67493.38, "Plan Rows": 3140338, "Plan Width": 20}]}]}, {"Node Type": "Hash", "Parent Relationship": "Inner", "Startup Cost": 66389.89, "Total Cost": 66389.89, "Plan Rows": 1748840, "Plan Width": 21, "Plans": [{"Node Type": "Seq Scan", "Parent Relationship": "Outer", "Relation Name": "title", "Alias": "t", "Startup Cost": 0.0, "Total Cost": 66389.89, "Plan Rows": 1748840, "Plan Width": 21, "Filter": "(production_year > 1990), (LLVM Optimized)"}]}]}]}]}, {"Node Type": "Hash", "Parent Relationship": "Inner", "Startup Cost": 1.03, "Total Cost": 1.03, "Plan Rows": 3, "Plan Width": 4, "Plans": [{"Node Type": "Seq Scan", "Parent Relationship": "Outer", "Relation Name": "company_type", "Alias": "ct", "Startup Cost": 0.0, "Total Cost": 1.03, "Plan Rows": 3, "Plan Width": 4}]}]}, {"Node Type": "Hash", "Parent Relationship": "Inner", "Startup Cost": 1.12, "Total Cost": 1.12, "Plan Rows": 12, "Plan Width": 4, "Plans": [{"Node Type": "Seq Scan", "Parent Relationship": "Outer", "Relation Name": "role_type", "Alias": "rt", "Startup Cost": 0.0, "Total Cost": 1.12, "Plan Rows": 12, "Plan Width": 4}]}]}]}, "Unique SQL Id": 3145361615}, "explain_analyze_plan": {"Plan": {"Node Type": "Aggregate", "Strategy": "Plain", "Startup Cost": 1041361.98, "Total Cost": 1041361.99, "Plan Rows": 1, "Plan Width": 97, "Actual Startup Time": 16188.609, "Actual Total Time": 16188.61, "Actual Rows": 1, "Actual Loops": 1, "Plans": [{"Node Type": "Hash Join", "Parent Relationship": "Outer", "Join Type": "Inner", "Startup Cost": 930928.48, "Total Cost": 1036514.92, "Plan Rows": 969413, "Plan Width": 33, "Actual Startup Time": 15828.872, "Actual Total Time": 16188.552, "Actual Rows": 4, "Actual Loops": 1, "Inner Unique": true, "Hash Cond": "(ci.role_id = rt.id), (LLVM Optimized, Jit Execute)", "Plans": [{"Node Type": "Hash Join", "Parent Relationship": "Outer", "Join Type": "Inner", "Startup Cost": 930927.21, "Total Cost": 1023184.22, "Plan Rows": 969413, "Plan Width": 37, "Actual Startup Time": 15828.776, "Actual Total Time": 16188.441, "Actual Rows": 4, "Actual Loops": 1, "Inner Unique": true, "Hash Cond": "(mc.company_type_id = ct.id), (LLVM Optimized, Jit Execute)", "Plans": [{"Node Type": "Hash Join", "Parent Relationship": "Outer", "Join Type": "Inner", "Startup Cost": 930926.14, "Total Cost": 1009853.72, "Plan Rows": 969413, "Plan Width": 41, "Actual Startup Time": 15005.566, "Actual Total Time": 16188.307, "Actual Rows": 10, "Actual Loops": 1, "Inner Unique": false, "Hash Cond": "(mc.movie_id = t.id), (LLVM Optimized, Jit Execute)", "Plans": [{"Node Type": "Hash Join", "Parent Relationship": "Outer", "Join Type": "Inner", "Startup Cost": 6968.08, "Total Cost": 71392.69, "Plan Rows": 1282311, "Plan Width": 8, "Actual Startup Time": 112.673, "Actual Total Time": 1492.413, "Actual Rows": 1153797, "Actual Loops": 1, "Inner Unique": true, "Hash Cond": "(mc.company_id = cn.id), (LLVM Optimized, Jit Execute)", "Plans": [{"Node Type": "Seq Scan", "Parent Relationship": "Outer", "Relation Name": "movie_companies", "Alias": "mc", "Startup Cost": 0.0, "Total Cost": 41817.28, "Plan Rows": 2609128, "Plan Width": 12, "Actual Startup Time": 0.016, "Actual Total Time": 568.795, "Actual Rows": 2609128, "Actual Loops": 1}, {"Node Type": "Hash", "Parent Relationship": "Inner", "Startup Cost": 5903.45, "Total Cost": 5903.45, "Plan Rows": 85170, "Plan Width": 4, "Actual Startup Time": 112.55, "Actual Total Time": 112.55, "Actual Rows": 84843, "Actual Loops": 1, "Hash Buckets": 131072, "Hash Batches": 1, "Original Hash Batches": 1, "Peak Memory Usage": 2983, "Plans": [{"Node Type": "Seq Scan", "Parent Relationship": "Outer", "Relation Name": "company_name", "Alias": "cn", "Startup Cost": 0.0, "Total Cost": 5903.45, "Plan Rows": 85170, "Plan Width": 4, "Actual Startup Time": 0.027, "Actual Total Time": 89.932, "Actual Rows": 84843, "Actual Loops": 1, "Filter": "((country_code)::text = '[us]'::text)", "Rows Removed by Filter": 150153}]}]}, {"Node Type": "Hash", "Parent Relationship": "Inner", "Startup Cost": 912029.03, "Total Cost": 912029.03, "Plan Rows": 954323, "Plan Width": 45, "Actual Startup Time": 14488.293, "Actual Total Time": 14488.293, "Actual Rows": 12, "Actual Loops": 1, "Hash Buckets": 1048576, "Hash Batches": 1, "Original Hash Batches": 1, "Peak Memory Usage": 1, "Plans": [{"Node Type": "Hash Join", "Parent Relationship": "Outer", "Join Type": "Inner", "Startup Cost": 194997.99, "Total Cost": 912029.03, "Plan Rows": 954323, "Plan Width": 45, "Actual Startup Time": 4529.624, "Actual Total Time": 14488.212, "Actual Rows": 12, "Actual Loops": 1, "Inner Unique": true, "Hash Cond": "(ci.movie_id = t.id), (LLVM Optimized, Jit Execute)", "Plans": [{"Node Type": "Hash Join", "Parent Relationship": "Outer", "Join Type": "Inner", "Startup Cost": 106747.61, "Total Cost": 811624.17, "Plan Rows": 696330, "Plan Width": 24, "Actual Startup Time": 2991.698, "Actual Total Time": 12936.256, "Actual Rows": 15, "Actual Loops": 1, "Inner Unique": true, "Hash Cond": "(ci.person_role_id = chn.id), (LLVM Optimized, Jit Execute)", "Plans": [{"Node Type": "Seq Scan", "Parent Relationship": "Outer", "Relation Name": "cast_info", "Alias": "ci", "Startup Cost": 0.0, "Total Cost": 692526.68, "Plan Rows": 1436424, "Plan Width": 12, "Actual Startup Time": 689.018, "Actual Total Time": 10483.608, "Actual Rows": 1435439, "Actual Loops": 1, "Filter": "((note)::text ~~ '%(producer)%'::text), (LLVM Optimized, Jit Execute)", "Rows Removed by Filter": 34808904}, {"Node Type": "Hash", "Parent Relationship": "Inner", "Startup Cost": 67493.38, "Total Cost": 67493.38, "Plan Rows": 3140338, "Plan Width": 20, "Actual Startup Time": 2297.894, "Actual Total Time": 2297.894, "Actual Rows": 3140338, "Actual Loops": 1, "Hash Buckets": 4194304, "Hash Batches": 1, "Original Hash Batches": 1, "Peak Memory Usage": 165269, "Plans": [{"Node Type": "Seq Scan", "Parent Relationship": "Outer", "Relation Name": "char_name", "Alias": "chn", "Startup Cost": 0.0, "Total Cost": 67493.38, "Plan Rows": 3140338, "Plan Width": 20, "Actual Startup Time": 0.047, "Actual Total Time": 983.534, "Actual Rows": 3140338, "Actual Loops": 1}]}]}, {"Node Type": "Hash", "Parent Relationship": "Inner", "Startup Cost": 66389.89, "Total Cost": 66389.89, "Plan Rows": 1748840, "Plan Width": 21, "Actual Startup Time": 1536.691, "Actual Total Time": 1536.691, "Actual Rows": 1749032, "Actual Loops": 1, "Hash Buckets": 2097152, "Hash Batches": 1, "Original Hash Batches": 1, "Peak Memory Usage": 93635, "Plans": [{"Node Type": "Seq Scan", "Parent Relationship": "Outer", "Relation Name": "title", "Alias": "t", "Startup Cost": 0.0, "Total Cost": 66389.89, "Plan Rows": 1748840, "Plan Width": 21, "Actual Startup Time": 0.032, "Actual Total Time": 903.509, "Actual Rows": 1749032, "Actual Loops": 1, "Filter": "(production_year > 1990), (LLVM Optimized, Jit Execute)", "Rows Removed by Filter": 779279}]}]}]}]}, {"Node Type": "Hash", "Parent Relationship": "Inner", "Startup Cost": 1.03, "Total Cost": 1.03, "Plan Rows": 3, "Plan Width": 4, "Actual Startup Time": 0.007, "Actual Total Time": 0.007, "Actual Rows": 3, "Actual Loops": 1, "Hash Buckets": 32768, "Hash Batches": 1, "Original Hash Batches": 1, "Peak Memory Usage": 1, "Plans": [{"Node Type": "Seq Scan", "Parent Relationship": "Outer", "Relation Name": "company_type", "Alias": "ct", "Startup Cost": 0.0, "Total Cost": 1.03, "Plan Rows": 3, "Plan Width": 4, "Actual Startup Time": 0.003, "Actual Total Time": 0.003, "Actual Rows": 3, "Actual Loops": 1}]}]}, {"Node Type": "Hash", "Parent Relationship": "Inner", "Startup Cost": 1.12, "Total Cost": 1.12, "Plan Rows": 12, "Plan Width": 4, "Actual Startup Time": 0.039, "Actual Total Time": 0.039, "Actual Rows": 12, "Actual Loops": 1, "Hash Buckets": 32768, "Hash Batches": 1, "Original Hash Batches": 1, "Peak Memory Usage": 1, "Plans": [{"Node Type": "Seq Scan", "Parent Relationship": "Outer", "Relation Name": "role_type", "Alias": "rt", "Startup Cost": 0.0, "Total Cost": 1.12, "Plan Rows": 12, "Plan Width": 4, "Actual Startup Time": 0.018, "Actual Total Time": 0.024, "Actual Rows": 12, "Actual Loops": 1}]}]}]}, "Triggers": [], "Planner Runtime": 41.396, "Total Runtime": 16199.863, "Unique SQL Id": 3145361615}}, "(1, 13)": {"explain_plan": {"Plan": {"Node Type": "Aggregate", "Strategy": "Plain", "Startup Cost": 1476562.64, "Total Cost": 1476562.65, "Plan Rows": 1, "Plan Width": 97, "Plans": [{"Node Type": "Hash Join", "Parent Relationship": "Outer", "Join Type": "Inner", "Startup Cost": 391137.15, "Total Cost": 1471715.57, "Plan Rows": 969413, "Plan Width": 33, "Inner Unique": true, "Hash Cond": "(mc.company_type_id = ct.id), (LLVM Optimized)", "Plans": [{"Node Type": "Hash Join", "Parent Relationship": "Outer", "Join Type": "Inner", "Startup Cost": 391124.82, "Total Cost": 1458373.81, "Plan Rows": 969413, "Plan Width": 37, "Inner Unique": false, "Hash Cond": "(ci.movie_id = t.id), (LLVM Optimized)", "Plans": [{"Node Type": "Hash Join", "Parent Relationship": "Outer", "Join Type": "Inner", "Startup Cost": 80687.05, "Total Cost": 1135630.49, "Plan Rows": 696330, "Plan Width": 20, "Inner Unique": true, "Hash Cond": "(ci.role_id = rt.id), (LLVM Optimized)", "Plans": [{"Node Type": "Merge Join", "Parent Relationship": "Outer", "Join Type": "Inner", "Startup Cost": 80674.47, "Total Cost": 1126861.56, "Plan Rows": 696330, "Plan Width": 24, "Inner Unique": false, "Merge Cond": "(chn.id = ci.person_role_id)", "Plans": [{"Node Type": "Index Scan", "Parent Relationship": "Outer", "Scan Direction": "Forward", "Index Name": "char_name_pkey", "Relation Name": "char_name", "Alias": "chn", "Startup Cost": 0.0, "Total Cost": 129875.46, "Plan Rows": 3140338, "Plan Width": 20}, {"Node Type": "Index Scan", "Parent Relationship": "Inner", "Scan Direction": "Forward", "Index Name": "person_role_id_cast_info", "Relation Name": "cast_info", "Alias": "ci", "Startup Cost": 0.0, "Total Cost": 2022508.08, "Plan Rows": 1436424, "Plan Width": 12, "Filter": "((note)::text ~~ '%(producer)%'::text), (LLVM Optimized)"}]}, {"Node Type": "Hash", "Parent Relationship": "Inner", "Startup Cost": 12.43, "Total Cost": 12.43, "Plan Rows": 12, "Plan Width": 4, "Plans": [{"Node Type": "Index Scan", "Parent Relationship": "Outer", "Scan Direction": "Forward", "Index Name": "role_type_pkey", "Relation Name": "role_type", "Alias": "rt", "Startup Cost": 0.0, "Total Cost": 12.43, "Plan Rows": 12, "Plan Width": 4}]}]}, {"Node Type": "Hash", "Parent Relationship": "Inner", "Startup Cost": 288231.21, "Total Cost": 288231.21, "Plan Rows": 1776525, "Plan Width": 29, "Plans": [{"Node Type": "Hash Join", "Parent Relationship": "Outer", "Join Type": "Inner", "Startup Cost": 149867.78, "Total Cost": 288231.21, "Plan Rows": 1776525, "Plan Width": 29, "Inner Unique": true, "Hash Cond": "(mc.movie_id = t.id), (LLVM Optimized)", "Plans": [{"Node Type": "Hash Join", "Parent Relationship": "Outer", "Join Type": "Inner", "Startup Cost": 11566.01, "Total Cost": 127355.52, "Plan Rows": 1282311, "Plan Width": 8, "Inner Unique": true, "Hash Cond": "(mc.company_id = cn.id), (LLVM Optimized)", "Plans": [{"Node Type": "Index Scan", "Parent Relationship": "Outer", "Scan Direction": "Forward", "Index Name": "company_type_id_movie_companies", "Relation Name": "movie_companies", "Alias": "mc", "Startup Cost": 0.0, "Total Cost": 93182.17, "Plan Rows": 2609128, "Plan Width": 12}, {"Node Type": "Hash", "Parent Relationship": "Inner", "Startup Cost": 10501.39, "Total Cost": 10501.39, "Plan Rows": 85170, "Plan Width": 4, "Plans": [{"Node Type": "Index Scan", "Parent Relationship": "Outer", "Scan Direction": "Forward", "Index Name": "company_name_pkey", "Relation Name": "company_name", "Alias": "cn", "Startup Cost": 0.0, "Total Cost": 10501.39, "Plan Rows": 85170, "Plan Width": 4, "Filter": "((country_code)::text = '[us]'::text)"}]}]}, {"Node Type": "Hash", "Parent Relationship": "Inner", "Startup Cost": 116441.27, "Total Cost": 116441.27, "Plan Rows": 1748840, "Plan Width": 21, "Plans": [{"Node Type": "Index Scan", "Parent Relationship": "Outer", "Scan Direction": "Forward", "Index Name": "title_pkey", "Relation Name": "title", "Alias": "t", "Startup Cost": 0.0, "Total Cost": 116441.27, "Plan Rows": 1748840, "Plan Width": 21, "Filter": "(production_year > 1990), (LLVM Optimized)"}]}]}]}]}, {"Node Type": "Hash", "Parent Relationship": "Inner", "Startup Cost": 12.29, "Total Cost": 12.29, "Plan Rows": 3, "Plan Width": 4, "Plans": [{"Node Type": "Index Scan", "Parent Relationship": "Outer", "Scan Direction": "Forward", "Index Name": "company_type_pkey", "Relation Name": "company_type", "Alias": "ct", "Startup Cost": 0.0, "Total Cost": 12.29, "Plan Rows": 3, "Plan Width": 4}]}]}]}, "Unique SQL Id": 3145361615}, "explain_analyze_plan": {"Plan": {"Node Type": "Aggregate", "Strategy": "Plain", "Startup Cost": 1476562.64, "Total Cost": 1476562.65, "Plan Rows": 1, "Plan Width": 97, "Actual Startup Time": 24819.521, "Actual Total Time": 24819.522, "Actual Rows": 1, "Actual Loops": 1, "Plans": [{"Node Type": "Hash Join", "Parent Relationship": "Outer", "Join Type": "Inner", "Startup Cost": 391137.15, "Total Cost": 1471715.57, "Plan Rows": 969413, "Plan Width": 33, "Actual Startup Time": 7165.036, "Actual Total Time": 24819.475, "Actual Rows": 4, "Actual Loops": 1, "Inner Unique": true, "Hash Cond": "(mc.company_type_id = ct.id), (LLVM Optimized, Jit Execute)", "Plans": [{"Node Type": "Hash Join", "Parent Relationship": "Outer", "Join Type": "Inner", "Startup Cost": 391124.82, "Total Cost": 1458373.81, "Plan Rows": 969413, "Plan Width": 37, "Actual Startup Time": 7164.959, "Actual Total Time": 24817.815, "Actual Rows": 10, "Actual Loops": 1, "Inner Unique": false, "Hash Cond": "(ci.movie_id = t.id), (LLVM Optimized, Jit Execute)", "Plans": [{"Node Type": "Hash Join", "Parent Relationship": "Outer", "Join Type": "Inner", "Startup Cost": 80687.05, "Total Cost": 1135630.49, "Plan Rows": 696330, "Plan Width": 20, "Actual Startup Time": 152.318, "Actual Total Time": 17805.066, "Actual Rows": 15, "Actual Loops": 1, "Inner Unique": true, "Hash Cond": "(ci.role_id = rt.id), (LLVM Optimized, Jit Execute)", "Plans": [{"Node Type": "Merge Join", "Parent Relationship": "Outer", "Join Type": "Inner", "Startup Cost": 80674.47, "Total Cost": 1126861.56, "Plan Rows": 696330, "Plan Width": 24, "Actual Startup Time": 152.243, "Actual Total Time": 17804.901, "Actual Rows": 15, "Actual Loops": 1, "Inner Unique": false, "Merge Cond": "(chn.id = ci.person_role_id)", "Plans": [{"Node Type": "Index Scan", "Parent Relationship": "Outer", "Scan Direction": "Forward", "Index Name": "char_name_pkey", "Relation Name": "char_name", "Alias": "chn", "Startup Cost": 0.0, "Total Cost": 129875.46, "Plan Rows": 3140338, "Plan Width": 20, "Actual Startup Time": 0.02, "Actual Total Time": 905.347, "Actual Rows": 881591, "Actual Loops": 1}, {"Node Type": "Index Scan", "Parent Relationship": "Inner", "Scan Direction": "Forward", "Index Name": "person_role_id_cast_info", "Relation Name": "cast_info", "Alias": "ci", "Startup Cost": 0.0, "Total Cost": 2022508.08, "Plan Rows": 1436424, "Plan Width": 12, "Actual Startup Time": 152.205, "Actual Total Time": 16776.104, "Actual Rows": 16, "Actual Loops": 1, "Filter": "((note)::text ~~ '%(producer)%'::text), (LLVM Optimized, Jit Execute)", "Rows Removed by Filter": 20122645}]}, {"Node Type": "Hash", "Parent Relationship": "Inner", "Startup Cost": 12.43, "Total Cost": 12.43, "Plan Rows": 12, "Plan Width": 4, "Actual Startup Time": 0.014, "Actual Total Time": 0.014, "Actual Rows": 12, "Actual Loops": 1, "Hash Buckets": 32768, "Hash Batches": 1, "Original Hash Batches": 1, "Peak Memory Usage": 1, "Plans": [{"Node Type": "Index Scan", "Parent Relationship": "Outer", "Scan Direction": "Forward", "Index Name": "role_type_pkey", "Relation Name": "role_type", "Alias": "rt", "Startup Cost": 0.0, "Total Cost": 12.43, "Plan Rows": 12, "Plan Width": 4, "Actual Startup Time": 0.004, "Actual Total Time": 0.01, "Actual Rows": 12, "Actual Loops": 1}]}]}, {"Node Type": "Hash", "Parent Relationship": "Inner", "Startup Cost": 288231.21, "Total Cost": 288231.21, "Plan Rows": 1776525, "Plan Width": 29, "Actual Startup Time": 7009.048, "Actual Total Time": 7009.048, "Actual Rows": 596249, "Actual Loops": 1, "Hash Buckets": 2097152, "Hash Batches": 1, "Original Hash Batches": 1, "Peak Memory Usage": 37921, "Plans": [{"Node Type": "Hash Join", "Parent Relationship": "Outer", "Join Type": "Inner", "Startup Cost": 149867.78, "Total Cost": 288231.21, "Plan Rows": 1776525, "Plan Width": 29, "Actual Startup Time": 4339.876, "Actual Total Time": 6788.754, "Actual Rows": 596249, "Actual Loops": 1, "Inner Unique": true, "Hash Cond": "(mc.movie_id = t.id), (LLVM Optimized, Jit Execute)", "Plans": [{"Node Type": "Hash Join", "Parent Relationship": "Outer", "Join Type": "Inner", "Startup Cost": 11566.01, "Total Cost": 127355.52, "Plan Rows": 1282311, "Plan Width": 8, "Actual Startup Time": 343.92, "Actual Total Time": 2312.504, "Actual Rows": 1153797, "Actual Loops": 1, "Inner Unique": true, "Hash Cond": "(mc.company_id = cn.id), (LLVM Optimized, Jit Execute)", "Plans": [{"Node Type": "Index Scan", "Parent Relationship": "Outer", "Scan Direction": "Forward", "Index Name": "company_type_id_movie_companies", "Relation Name": "movie_companies", "Alias": "mc", "Startup Cost": 0.0, "Total Cost": 93182.17, "Plan Rows": 2609128, "Plan Width": 12, "Actual Startup Time": 0.043, "Actual Total Time": 1135.587, "Actual Rows": 2609128, "Actual Loops": 1}, {"Node Type": "Hash", "Parent Relationship": "Inner", "Startup Cost": 10501.39, "Total Cost": 10501.39, "Plan Rows": 85170, "Plan Width": 4, "Actual Startup Time": 343.768, "Actual Total Time": 343.768, "Actual Rows": 84843, "Actual Loops": 1, "Hash Buckets": 131072, "Hash Batches": 1, "Original Hash Batches": 1, "Peak Memory Usage": 2983, "Plans": [{"Node Type": "Index Scan", "Parent Relationship": "Outer", "Scan Direction": "Forward", "Index Name": "company_name_pkey", "Relation Name": "company_name", "Alias": "cn", "Startup Cost": 0.0, "Total Cost": 10501.39, "Plan Rows": 85170, "Plan Width": 4, "Actual Startup Time": 0.033, "Actual Total Time": 311.12, "Actual Rows": 84843, "Actual Loops": 1, "Filter": "((country_code)::text = '[us]'::text)", "Rows Removed by Filter": 150153}]}]}, {"Node Type": "Hash", "Parent Relationship": "Inner", "Startup Cost": 116441.27, "Total Cost": 116441.27, "Plan Rows": 1748840, "Plan Width": 21, "Actual Startup Time": 3993.451, "Actual Total Time": 3993.451, "Actual Rows": 1749032, "Actual Loops": 1, "Hash Buckets": 2097152, "Hash Batches": 1, "Original Hash Batches": 1, "Peak Memory Usage": 93635, "Plans": [{"Node Type": "Index Scan", "Parent Relationship": "Outer", "Scan Direction": "Forward", "Index Name": "title_pkey", "Relation Name": "title", "Alias": "t", "Startup Cost": 0.0, "Total Cost": 116441.27, "Plan Rows": 1748840, "Plan Width": 21, "Actual Startup Time": 0.049, "Actual Total Time": 3141.539, "Actual Rows": 1749032, "Actual Loops": 1, "Filter": "(production_year > 1990), (LLVM Optimized, Jit Execute)", "Rows Removed by Filter": 779279}]}]}]}]}, {"Node Type": "Hash", "Parent Relationship": "Inner", "Startup Cost": 12.29, "Total Cost": 12.29, "Plan Rows": 3, "Plan Width": 4, "Actual Startup Time": 0.027, "Actual Total Time": 0.027, "Actual Rows": 3, "Actual Loops": 1, "Hash Buckets": 32768, "Hash Batches": 1, "Original Hash Batches": 1, "Peak Memory Usage": 1, "Plans": [{"Node Type": "Index Scan", "Parent Relationship": "Outer", "Scan Direction": "Forward", "Index Name": "company_type_pkey", "Relation Name": "company_type", "Alias": "ct", "Startup Cost": 0.0, "Total Cost": 12.29, "Plan Rows": 3, "Plan Width": 4, "Actual Startup Time": 0.014, "Actual Total Time": 0.017, "Actual Rows": 3, "Actual Loops": 1}]}]}]}, "Triggers": [], "Planner Runtime": 34.273, "Total Runtime": 24830.405, "Unique SQL Id": 3145361615}}, "(1, 14)": {"explain_plan": {"Plan": {"Node Type": "Aggregate", "Strategy": "Plain", "Startup Cost": 1041361.98, "Total Cost": 1041361.99, "Plan Rows": 1, "Plan Width": 97, "Plans": [{"Node Type": "Hash Join", "Parent Relationship": "Outer", "Join Type": "Inner", "Startup Cost": 930928.48, "Total Cost": 1036514.92, "Plan Rows": 969413, "Plan Width": 33, "Inner Unique": true, "Hash Cond": "(ci.role_id = rt.id), (LLVM Optimized)", "Plans": [{"Node Type": "Hash Join", "Parent Relationship": "Outer", "Join Type": "Inner", "Startup Cost": 930927.21, "Total Cost": 1023184.22, "Plan Rows": 969413, "Plan Width": 37, "Inner Unique": true, "Hash Cond": "(mc.company_type_id = ct.id), (LLVM Optimized)", "Plans": [{"Node Type": "Hash Join", "Parent Relationship": "Outer", "Join Type": "Inner", "Startup Cost": 930926.14, "Total Cost": 1009853.72, "Plan Rows": 969413, "Plan Width": 41, "Inner Unique": false, "Hash Cond": "(mc.movie_id = t.id), (LLVM Optimized)", "Plans": [{"Node Type": "Hash Join", "Parent Relationship": "Outer", "Join Type": "Inner", "Startup Cost": 6968.08, "Total Cost": 71392.69, "Plan Rows": 1282311, "Plan Width": 8, "Inner Unique": true, "Hash Cond": "(mc.company_id = cn.id), (LLVM Optimized)", "Plans": [{"Node Type": "Seq Scan", "Parent Relationship": "Outer", "Relation Name": "movie_companies", "Alias": "mc", "Startup Cost": 0.0, "Total Cost": 41817.28, "Plan Rows": 2609128, "Plan Width": 12}, {"Node Type": "Hash", "Parent Relationship": "Inner", "Startup Cost": 5903.45, "Total Cost": 5903.45, "Plan Rows": 85170, "Plan Width": 4, "Plans": [{"Node Type": "Seq Scan", "Parent Relationship": "Outer", "Relation Name": "company_name", "Alias": "cn", "Startup Cost": 0.0, "Total Cost": 5903.45, "Plan Rows": 85170, "Plan Width": 4, "Filter": "((country_code)::text = '[us]'::text)"}]}]}, {"Node Type": "Hash", "Parent Relationship": "Inner", "Startup Cost": 912029.03, "Total Cost": 912029.03, "Plan Rows": 954323, "Plan Width": 45, "Plans": [{"Node Type": "Hash Join", "Parent Relationship": "Outer", "Join Type": "Inner", "Startup Cost": 194997.99, "Total Cost": 912029.03, "Plan Rows": 954323, "Plan Width": 45, "Inner Unique": true, "Hash Cond": "(ci.movie_id = t.id), (LLVM Optimized)", "Plans": [{"Node Type": "Hash Join", "Parent Relationship": "Outer", "Join Type": "Inner", "Startup Cost": 106747.61, "Total Cost": 811624.17, "Plan Rows": 696330, "Plan Width": 24, "Inner Unique": true, "Hash Cond": "(ci.person_role_id = chn.id), (LLVM Optimized)", "Plans": [{"Node Type": "Seq Scan", "Parent Relationship": "Outer", "Relation Name": "cast_info", "Alias": "ci", "Startup Cost": 0.0, "Total Cost": 692526.68, "Plan Rows": 1436424, "Plan Width": 12, "Filter": "((note)::text ~~ '%(producer)%'::text), (LLVM Optimized)"}, {"Node Type": "Hash", "Parent Relationship": "Inner", "Startup Cost": 67493.38, "Total Cost": 67493.38, "Plan Rows": 3140338, "Plan Width": 20, "Plans": [{"Node Type": "Seq Scan", "Parent Relationship": "Outer", "Relation Name": "char_name", "Alias": "chn", "Startup Cost": 0.0, "Total Cost": 67493.38, "Plan Rows": 3140338, "Plan Width": 20}]}]}, {"Node Type": "Hash", "Parent Relationship": "Inner", "Startup Cost": 66389.89, "Total Cost": 66389.89, "Plan Rows": 1748840, "Plan Width": 21, "Plans": [{"Node Type": "Seq Scan", "Parent Relationship": "Outer", "Relation Name": "title", "Alias": "t", "Startup Cost": 0.0, "Total Cost": 66389.89, "Plan Rows": 1748840, "Plan Width": 21, "Filter": "(production_year > 1990), (LLVM Optimized)"}]}]}]}]}, {"Node Type": "Hash", "Parent Relationship": "Inner", "Startup Cost": 1.03, "Total Cost": 1.03, "Plan Rows": 3, "Plan Width": 4, "Plans": [{"Node Type": "Seq Scan", "Parent Relationship": "Outer", "Relation Name": "company_type", "Alias": "ct", "Startup Cost": 0.0, "Total Cost": 1.03, "Plan Rows": 3, "Plan Width": 4}]}]}, {"Node Type": "Hash", "Parent Relationship": "Inner", "Startup Cost": 1.12, "Total Cost": 1.12, "Plan Rows": 12, "Plan Width": 4, "Plans": [{"Node Type": "Seq Scan", "Parent Relationship": "Outer", "Relation Name": "role_type", "Alias": "rt", "Startup Cost": 0.0, "Total Cost": 1.12, "Plan Rows": 12, "Plan Width": 4}]}]}]}, "Unique SQL Id": 3145361615}, "explain_analyze_plan": {"Plan": {"Node Type": "Aggregate", "Strategy": "Plain", "Startup Cost": 1041361.98, "Total Cost": 1041361.99, "Plan Rows": 1, "Plan Width": 97, "Actual Startup Time": 16188.609, "Actual Total Time": 16188.61, "Actual Rows": 1, "Actual Loops": 1, "Plans": [{"Node Type": "Hash Join", "Parent Relationship": "Outer", "Join Type": "Inner", "Startup Cost": 930928.48, "Total Cost": 1036514.92, "Plan Rows": 969413, "Plan Width": 33, "Actual Startup Time": 15828.872, "Actual Total Time": 16188.552, "Actual Rows": 4, "Actual Loops": 1, "Inner Unique": true, "Hash Cond": "(ci.role_id = rt.id), (LLVM Optimized, Jit Execute)", "Plans": [{"Node Type": "Hash Join", "Parent Relationship": "Outer", "Join Type": "Inner", "Startup Cost": 930927.21, "Total Cost": 1023184.22, "Plan Rows": 969413, "Plan Width": 37, "Actual Startup Time": 15828.776, "Actual Total Time": 16188.441, "Actual Rows": 4, "Actual Loops": 1, "Inner Unique": true, "Hash Cond": "(mc.company_type_id = ct.id), (LLVM Optimized, Jit Execute)", "Plans": [{"Node Type": "Hash Join", "Parent Relationship": "Outer", "Join Type": "Inner", "Startup Cost": 930926.14, "Total Cost": 1009853.72, "Plan Rows": 969413, "Plan Width": 41, "Actual Startup Time": 15005.566, "Actual Total Time": 16188.307, "Actual Rows": 10, "Actual Loops": 1, "Inner Unique": false, "Hash Cond": "(mc.movie_id = t.id), (LLVM Optimized, Jit Execute)", "Plans": [{"Node Type": "Hash Join", "Parent Relationship": "Outer", "Join Type": "Inner", "Startup Cost": 6968.08, "Total Cost": 71392.69, "Plan Rows": 1282311, "Plan Width": 8, "Actual Startup Time": 112.673, "Actual Total Time": 1492.413, "Actual Rows": 1153797, "Actual Loops": 1, "Inner Unique": true, "Hash Cond": "(mc.company_id = cn.id), (LLVM Optimized, Jit Execute)", "Plans": [{"Node Type": "Seq Scan", "Parent Relationship": "Outer", "Relation Name": "movie_companies", "Alias": "mc", "Startup Cost": 0.0, "Total Cost": 41817.28, "Plan Rows": 2609128, "Plan Width": 12, "Actual Startup Time": 0.016, "Actual Total Time": 568.795, "Actual Rows": 2609128, "Actual Loops": 1}, {"Node Type": "Hash", "Parent Relationship": "Inner", "Startup Cost": 5903.45, "Total Cost": 5903.45, "Plan Rows": 85170, "Plan Width": 4, "Actual Startup Time": 112.55, "Actual Total Time": 112.55, "Actual Rows": 84843, "Actual Loops": 1, "Hash Buckets": 131072, "Hash Batches": 1, "Original Hash Batches": 1, "Peak Memory Usage": 2983, "Plans": [{"Node Type": "Seq Scan", "Parent Relationship": "Outer", "Relation Name": "company_name", "Alias": "cn", "Startup Cost": 0.0, "Total Cost": 5903.45, "Plan Rows": 85170, "Plan Width": 4, "Actual Startup Time": 0.027, "Actual Total Time": 89.932, "Actual Rows": 84843, "Actual Loops": 1, "Filter": "((country_code)::text = '[us]'::text)", "Rows Removed by Filter": 150153}]}]}, {"Node Type": "Hash", "Parent Relationship": "Inner", "Startup Cost": 912029.03, "Total Cost": 912029.03, "Plan Rows": 954323, "Plan Width": 45, "Actual Startup Time": 14488.293, "Actual Total Time": 14488.293, "Actual Rows": 12, "Actual Loops": 1, "Hash Buckets": 1048576, "Hash Batches": 1, "Original Hash Batches": 1, "Peak Memory Usage": 1, "Plans": [{"Node Type": "Hash Join", "Parent Relationship": "Outer", "Join Type": "Inner", "Startup Cost": 194997.99, "Total Cost": 912029.03, "Plan Rows": 954323, "Plan Width": 45, "Actual Startup Time": 4529.624, "Actual Total Time": 14488.212, "Actual Rows": 12, "Actual Loops": 1, "Inner Unique": true, "Hash Cond": "(ci.movie_id = t.id), (LLVM Optimized, Jit Execute)", "Plans": [{"Node Type": "Hash Join", "Parent Relationship": "Outer", "Join Type": "Inner", "Startup Cost": 106747.61, "Total Cost": 811624.17, "Plan Rows": 696330, "Plan Width": 24, "Actual Startup Time": 2991.698, "Actual Total Time": 12936.256, "Actual Rows": 15, "Actual Loops": 1, "Inner Unique": true, "Hash Cond": "(ci.person_role_id = chn.id), (LLVM Optimized, Jit Execute)", "Plans": [{"Node Type": "Seq Scan", "Parent Relationship": "Outer", "Relation Name": "cast_info", "Alias": "ci", "Startup Cost": 0.0, "Total Cost": 692526.68, "Plan Rows": 1436424, "Plan Width": 12, "Actual Startup Time": 689.018, "Actual Total Time": 10483.608, "Actual Rows": 1435439, "Actual Loops": 1, "Filter": "((note)::text ~~ '%(producer)%'::text), (LLVM Optimized, Jit Execute)", "Rows Removed by Filter": 34808904}, {"Node Type": "Hash", "Parent Relationship": "Inner", "Startup Cost": 67493.38, "Total Cost": 67493.38, "Plan Rows": 3140338, "Plan Width": 20, "Actual Startup Time": 2297.894, "Actual Total Time": 2297.894, "Actual Rows": 3140338, "Actual Loops": 1, "Hash Buckets": 4194304, "Hash Batches": 1, "Original Hash Batches": 1, "Peak Memory Usage": 165269, "Plans": [{"Node Type": "Seq Scan", "Parent Relationship": "Outer", "Relation Name": "char_name", "Alias": "chn", "Startup Cost": 0.0, "Total Cost": 67493.38, "Plan Rows": 3140338, "Plan Width": 20, "Actual Startup Time": 0.047, "Actual Total Time": 983.534, "Actual Rows": 3140338, "Actual Loops": 1}]}]}, {"Node Type": "Hash", "Parent Relationship": "Inner", "Startup Cost": 66389.89, "Total Cost": 66389.89, "Plan Rows": 1748840, "Plan Width": 21, "Actual Startup Time": 1536.691, "Actual Total Time": 1536.691, "Actual Rows": 1749032, "Actual Loops": 1, "Hash Buckets": 2097152, "Hash Batches": 1, "Original Hash Batches": 1, "Peak Memory Usage": 93635, "Plans": [{"Node Type": "Seq Scan", "Parent Relationship": "Outer", "Relation Name": "title", "Alias": "t", "Startup Cost": 0.0, "Total Cost": 66389.89, "Plan Rows": 1748840, "Plan Width": 21, "Actual Startup Time": 0.032, "Actual Total Time": 903.509, "Actual Rows": 1749032, "Actual Loops": 1, "Filter": "(production_year > 1990), (LLVM Optimized, Jit Execute)", "Rows Removed by Filter": 779279}]}]}]}]}, {"Node Type": "Hash", "Parent Relationship": "Inner", "Startup Cost": 1.03, "Total Cost": 1.03, "Plan Rows": 3, "Plan Width": 4, "Actual Startup Time": 0.007, "Actual Total Time": 0.007, "Actual Rows": 3, "Actual Loops": 1, "Hash Buckets": 32768, "Hash Batches": 1, "Original Hash Batches": 1, "Peak Memory Usage": 1, "Plans": [{"Node Type": "Seq Scan", "Parent Relationship": "Outer", "Relation Name": "company_type", "Alias": "ct", "Startup Cost": 0.0, "Total Cost": 1.03, "Plan Rows": 3, "Plan Width": 4, "Actual Startup Time": 0.003, "Actual Total Time": 0.003, "Actual Rows": 3, "Actual Loops": 1}]}]}, {"Node Type": "Hash", "Parent Relationship": "Inner", "Startup Cost": 1.12, "Total Cost": 1.12, "Plan Rows": 12, "Plan Width": 4, "Actual Startup Time": 0.039, "Actual Total Time": 0.039, "Actual Rows": 12, "Actual Loops": 1, "Hash Buckets": 32768, "Hash Batches": 1, "Original Hash Batches": 1, "Peak Memory Usage": 1, "Plans": [{"Node Type": "Seq Scan", "Parent Relationship": "Outer", "Relation Name": "role_type", "Alias": "rt", "Startup Cost": 0.0, "Total Cost": 1.12, "Plan Rows": 12, "Plan Width": 4, "Actual Startup Time": 0.018, "Actual Total Time": 0.024, "Actual Rows": 12, "Actual Loops": 1}]}]}]}, "Triggers": [], "Planner Runtime": 41.396, "Total Runtime": 16199.863, "Unique SQL Id": 3145361615}}, "(1, 15)": {"explain_plan": {"Plan": {"Node Type": "Aggregate", "Strategy": "Plain", "Startup Cost": 3972961914394.84, "Total Cost": 3972961914394.85, "Plan Rows": 1, "Plan Width": 97, "Plans": [{"Node Type": "Merge Join", "Parent Relationship": "Outer", "Join Type": "Inner", "Startup Cost": 309264820768.09, "Total Cost": 3972961909547.78, "Plan Rows": 969413, "Plan Width": 33, "Inner Unique": true, "Merge Cond": "(ci.person_role_id = chn.id)", "Plans": [{"Node Type": "Nested Loop", "Parent Relationship": "Outer", "Join Type": "Inner", "Startup Cost": 60000000000.0, "Total Cost": 6069052207123.43, "Plan Rows": 1999754, "Plan Width": 21, "Inner Unique": true, "Join Filter": "(mc.movie_id = t.id), (LLVM Optimized)", "Plans": [{"Node Type": "Nested Loop", "Parent Relationship": "Outer", "Join Type": "Inner", "Startup Cost": 50000000000.0, "Total Cost": 5031175374480.67, "Plan Rows": 1443440, "Plan Width": 12, "Inner Unique": true, "Join Filter": "(mc.company_type_id = ct.id), (LLVM Optimized)", "Plans": [{"Node Type": "Nested Loop", "Parent Relationship": "Outer", "Join Type": "Inner", "Startup Cost": 40000000000.0, "Total Cost": 4031175308296.36, "Plan Rows": 1443440, "Plan Width": 16, "Inner Unique": false, "Join Filter": "(ci.movie_id = mc.movie_id), (LLVM Optimized)", "Plans": [{"Node Type": "Nested Loop", "Parent Relationship": "Outer", "Join Type": "Inner", "Startup Cost": 20000000000.0, "Total Cost": 2000202510607.33, "Plan Rows": 1436424, "Plan Width": 8, "Inner Unique": true, "Join Filter": "(ci.role_id = rt.id), (LLVM Optimized)", "Plans": [{"Node Type": "Index Scan", "Parent Relationship": "Outer", "Scan Direction": "Forward", "Index Name": "person_role_id_cast_info", "Relation Name": "cast_info", "Alias": "ci", "Startup Cost": 10000000000.0, "Total Cost": 1000202250807.98, "Plan Rows": 1436424, "Plan Width": 12, "Filter": "((note)::text ~~ '%(producer)%'::text), (LLVM Optimized)"}, {"Node Type": "Materialize", "Parent Relationship": "Inner", "Startup Cost": 10000000000.0, "Total Cost": 1000000001243.06, "Plan Rows": 12, "Plan Width": 4, "Plans": [{"Node Type": "Index Scan", "Parent Relationship": "Outer", "Scan Direction": "Forward", "Index Name": "role_type_pkey", "Relation Name": "role_type", "Alias": "rt", "Startup Cost": 10000000000.0, "Total Cost": 1000000001243.0, "Plan Rows": 12, "Plan Width": 4}]}]}, {"Node Type": "Materialize", "Parent Relationship": "Inner", "Startup Cost": 20000000000.0, "Total Cost": 2003343666456.85, "Plan Rows": 1282311, "Plan Width": 8, "Plans": [{"Node Type": "Nested Loop", "Parent Relationship": "Outer", "Join Type": "Inner", "Startup Cost": 20000000000.0, "Total Cost": 2003343660045.29, "Plan Rows": 1282311, "Plan Width": 8, "Inner Unique": true, "Join Filter": "(cn.id = mc.company_id), (LLVM Optimized)", "Plans": [{"Node Type": "Index Scan", "Parent Relationship": "Outer", "Scan Direction": "Forward", "Index Name": "company_type_id_movie_companies", "Relation Name": "movie_companies", "Alias": "mc", "Startup Cost": 10000000000.0, "Total Cost": 1000009318217.0, "Plan Rows": 2609128, "Plan Width": 12}, {"Node Type": "Materialize", "Parent Relationship": "Inner", "Startup Cost": 10000000000.0, "Total Cost": 1000001050564.82, "Plan Rows": 85170, "Plan Width": 4, "Plans": [{"Node Type": "Index Scan", "Parent Relationship": "Outer", "Scan Direction": "Forward", "Index Name": "company_name_pkey", "Relation Name": "company_name", "Alias": "cn", "Startup Cost": 10000000000.0, "Total Cost": 1000001050138.97, "Plan Rows": 85170, "Plan Width": 4, "Filter": "((country_code)::text = '[us]'::text)"}]}]}]}]}, {"Node Type": "Materialize", "Parent Relationship": "Inner", "Startup Cost": 10000000000.0, "Total Cost": 1000000001229.52, "Plan Rows": 3, "Plan Width": 4, "Plans": [{"Node Type": "Index Scan", "Parent Relationship": "Outer", "Scan Direction": "Forward", "Index Name": "company_type_pkey", "Relation Name": "company_type", "Alias": "ct", "Startup Cost": 10000000000.0, "Total Cost": 1000000001229.5, "Plan Rows": 3, "Plan Width": 4}]}]}, {"Node Type": "Materialize", "Parent Relationship": "Inner", "Startup Cost": 10000000000.0, "Total Cost": 1000011652870.86, "Plan Rows": 1748840, "Plan Width": 21, "Plans": [{"Node Type": "Index Scan", "Parent Relationship": "Outer", "Scan Direction": "Forward", "Index Name": "title_pkey", "Relation Name": "title", "Alias": "t", "Startup Cost": 10000000000.0, "Total Cost": 1000011644126.66, "Plan Rows": 1748840, "Plan Width": 21, "Filter": "(production_year > 1990), (LLVM Optimized)"}]}]}, {"Node Type": "Index Scan", "Parent Relationship": "Inner", "Scan Direction": "Forward", "Index Name": "char_name_pkey", "Relation Name": "char_name", "Alias": "chn", "Startup Cost": 10000000000.0, "Total Cost": 1000012987545.51, "Plan Rows": 3140338, "Plan Width": 20}]}]}, "Unique SQL Id": 3145361615}, "explain_analyze_plan": null}, "(1, 16)": {"explain_plan": {"Plan": {"Node Type": "Aggregate", "Strategy": "Plain", "Startup Cost": 1602394.58, "Total Cost": 1602394.59, "Plan Rows": 1, "Plan Width": 97, "Plans": [{"Node Type": "Merge Join", "Parent Relationship": "Outer", "Join Type": "Inner", "Startup Cost": 1417030.12, "Total Cost": 1597547.51, "Plan Rows": 969413, "Plan Width": 33, "Inner Unique": true, "Merge Cond": "(mc.movie_id = t.id)", "Plans": [{"Node Type": "Nested Loop", "Parent Relationship": "Outer", "Join Type": "Inner", "Startup Cost": 1417027.5, "Total Cost": 1465406.47, "Plan Rows": 699731, "Plan Width": 24, "Inner Unique": true, "Join Filter": "(mc.company_type_id = ct.id), (LLVM Optimized)", "Plans": [{"Node Type": "Merge Join", "Parent Relationship": "Outer", "Join Type": "Inner", "Startup Cost": 1417027.5, "Total Cost": 1433917.54, "Plan Rows": 699731, "Plan Width": 28, "Inner Unique": false, "Merge Cond": "(ci.movie_id = mc.movie_id)", "Plans": [{"Node Type": "Sort", "Parent Relationship": "Outer", "Startup Cost": 1133201.22, "Total Cost": 1134942.04, "Plan Rows": 696330, "Plan Width": 20, "Sort Key": ["ci.movie_id"], "Plans": [{"Node Type": "Merge Join", "Parent Relationship": "Outer", "Join Type": "Inner", "Startup Cost": 1055179.44, "Total Cost": 1065624.44, "Plan Rows": 696330, "Plan Width": 20, "Inner Unique": false, "Merge Cond": "(rt.id = ci.role_id)", "Plans": [{"Node Type": "Sort", "Parent Relationship": "Outer", "Startup Cost": 1.34, "Total Cost": 1.37, "Plan Rows": 12, "Plan Width": 4, "Sort Key": ["rt.id"], "Plans": [{"Node Type": "Seq Scan", "Parent Relationship": "Outer", "Relation Name": "role_type", "Alias": "rt", "Startup Cost": 0.0, "Total Cost": 1.12, "Plan Rows": 12, "Plan Width": 4}]}, {"Node Type": "Sort", "Parent Relationship": "Inner", "Startup Cost": 1055178.1, "Total Cost": 1056918.93, "Plan Rows": 696330, "Plan Width": 24, "Sort Key": ["ci.role_id"], "Plans": [{"Node Type": "Merge Join", "Parent Relationship": "Outer", "Join Type": "Inner", "Startup Cost": 839716.09, "Total Cost": 987601.32, "Plan Rows": 696330, "Plan Width": 24, "Inner Unique": false, "Merge Cond": "(chn.id = ci.person_role_id)", "Plans": [{"Node Type": "Index Scan", "Parent Relationship": "Outer", "Scan Direction": "Forward", "Index Name": "char_name_pkey", "Relation Name": "char_name", "Alias": "chn", "Startup Cost": 0.0, "Total Cost": 129875.46, "Plan Rows": 3140338, "Plan Width": 20}, {"Node Type": "Sort", "Parent Relationship": "Inner", "Startup Cost": 839430.12, "Total Cost": 843021.18, "Plan Rows": 1436424, "Plan Width": 12, "Sort Key": ["ci.person_role_id"], "Plans": [{"Node Type": "Seq Scan", "Parent Relationship": "Outer", "Relation Name": "cast_info", "Alias": "ci", "Startup Cost": 0.0, "Total Cost": 692526.68, "Plan Rows": 1436424, "Plan Width": 12, "Filter": "((note)::text ~~ '%(producer)%'::text), (LLVM Optimized)"}]}]}]}]}]}, {"Node Type": "Sort", "Parent Relationship": "Inner", "Startup Cost": 283826.21, "Total Cost": 287031.99, "Plan Rows": 1282311, "Plan Width": 8, "Sort Key": ["mc.movie_id"], "Plans": [{"Node Type": "Merge Join", "Parent Relationship": "Outer", "Join Type": "Inner", "Startup Cost": 3383.04, "Total Cost": 153733.74, "Plan Rows": 1282311, "Plan Width": 8, "Inner Unique": false, "Merge Cond": "(cn.id = mc.company_id)", "Plans": [{"Node Type": "Index Scan", "Parent Relationship": "Outer", "Scan Direction": "Forward", "Index Name": "company_name_pkey", "Relation Name": "company_name", "Alias": "cn", "Startup Cost": 0.0, "Total Cost": 10501.39, "Plan Rows": 85170, "Plan Width": 4, "Filter": "((country_code)::text = '[us]'::text)"}, {"Node Type": "Index Scan", "Parent Relationship": "Inner", "Scan Direction": "Forward", "Index Name": "company_id_movie_companies", "Relation Name": "movie_companies", "Alias": "mc", "Startup Cost": 0.0, "Total Cost": 123673.5, "Plan Rows": 2609128, "Plan Width": 12}]}]}]}, {"Node Type": "Materialize", "Parent Relationship": "Inner", "Startup Cost": 0.0, "Total Cost": 1.04, "Plan Rows": 3, "Plan Width": 4, "Plans": [{"Node Type": "Seq Scan", "Parent Relationship": "Outer", "Relation Name": "company_type", "Alias": "ct", "Startup Cost": 0.0, "Total Cost": 1.03, "Plan Rows": 3, "Plan Width": 4}]}]}, {"Node Type": "Index Scan", "Parent Relationship": "Inner", "Scan Direction": "Forward", "Index Name": "title_pkey", "Relation Name": "title", "Alias": "t", "Startup Cost": 0.0, "Total Cost": 116441.27, "Plan Rows": 1748840, "Plan Width": 21, "Filter": "(production_year > 1990), (LLVM Optimized)"}]}]}, "Unique SQL Id": 3145361615}, "explain_analyze_plan": {"Plan": {"Node Type": "Aggregate", "Strategy": "Plain", "Startup Cost": 1602394.58, "Total Cost": 1602394.59, "Plan Rows": 1, "Plan Width": 97, "Actual Startup Time": 19007.165, "Actual Total Time": 19007.165, "Actual Rows": 1, "Actual Loops": 1, "Plans": [{"Node Type": "Merge Join", "Parent Relationship": "Outer", "Join Type": "Inner", "Startup Cost": 1417030.12, "Total Cost": 1597547.51, "Plan Rows": 969413, "Plan Width": 33, "Actual Startup Time": 18476.95, "Actual Total Time": 19007.096, "Actual Rows": 4, "Actual Loops": 1, "Inner Unique": true, "Merge Cond": "(mc.movie_id = t.id)", "Plans": [{"Node Type": "Nested Loop", "Parent Relationship": "Outer", "Join Type": "Inner", "Startup Cost": 1417027.5, "Total Cost": 1465406.47, "Plan Rows": 699731, "Plan Width": 24, "Actual Startup Time": 16224.032, "Actual Total Time": 16347.788, "Actual Rows": 6, "Actual Loops": 1, "Inner Unique": true, "Join Filter": "(mc.company_type_id = ct.id), (LLVM Optimized, Jit Execute)", "Rows Removed by Join Filter": 24, "Plans": [{"Node Type": "Merge Join", "Parent Relationship": "Outer", "Join Type": "Inner", "Startup Cost": 1417027.5, "Total Cost": 1433917.54, "Plan Rows": 699731, "Plan Width": 28, "Actual Startup Time": 16223.907, "Actual Total Time": 16347.601, "Actual Rows": 14, "Actual Loops": 1, "Inner Unique": false, "Merge Cond": "(ci.movie_id = mc.movie_id)", "Plans": [{"Node Type": "Sort", "Parent Relationship": "Outer", "Startup Cost": 1133201.22, "Total Cost": 1134942.04, "Plan Rows": 696330, "Plan Width": 20, "Actual Startup Time": 11906.722, "Actual Total Time": 11906.729, "Actual Rows": 15, "Actual Loops": 1, "Sort Key": ["ci.movie_id"], "Sort Method": "quicksort", "Sort Space Used": 26, "Sort Space Type": "Memory", "Plans": [{"Node Type": "Merge Join", "Parent Relationship": "Outer", "Join Type": "Inner", "Startup Cost": 1055179.44, "Total Cost": 1065624.44, "Plan Rows": 696330, "Plan Width": 20, "Actual Startup Time": 11906.683, "Actual Total Time": 11906.696, "Actual Rows": 15, "Actual Loops": 1, "Inner Unique": false, "Merge Cond": "(rt.id = ci.role_id)", "Plans": [{"Node Type": "Sort", "Parent Relationship": "Outer", "Startup Cost": 1.34, "Total Cost": 1.37, "Plan Rows": 12, "Plan Width": 4, "Actual Startup Time": 0.036, "Actual Total Time": 0.036, "Actual Rows": 3, "Actual Loops": 1, "Sort Key": ["rt.id"], "Sort Method": "quicksort", "Sort Space Used": 25, "Sort Space Type": "Memory", "Plans": [{"Node Type": "Seq Scan", "Parent Relationship": "Outer", "Relation Name": "role_type", "Alias": "rt", "Startup Cost": 0.0, "Total Cost": 1.12, "Plan Rows": 12, "Plan Width": 4, "Actual Startup Time": 0.016, "Actual Total Time": 0.021, "Actual Rows": 12, "Actual Loops": 1}]}, {"Node Type": "Sort", "Parent Relationship": "Inner", "Startup Cost": 1055178.1, "Total Cost": 1056918.93, "Plan Rows": 696330, "Plan Width": 24, "Actual Startup Time": 11906.636, "Actual Total Time": 11906.638, "Actual Rows": 15, "Actual Loops": 1, "Sort Key": ["ci.role_id"], "Sort Method": "quicksort", "Sort Space Used": 26, "Sort Space Type": "Memory", "Plans": [{"Node Type": "Merge Join", "Parent Relationship": "Outer", "Join Type": "Inner", "Startup Cost": 839716.09, "Total Cost": 987601.32, "Plan Rows": 696330, "Plan Width": 24, "Actual Startup Time": 10900.302, "Actual Total Time": 11906.592, "Actual Rows": 15, "Actual Loops": 1, "Inner Unique": false, "Merge Cond": "(chn.id = ci.person_role_id)", "Plans": [{"Node Type": "Index Scan", "Parent Relationship": "Outer", "Scan Direction": "Forward", "Index Name": "char_name_pkey", "Relation Name": "char_name", "Alias": "chn", "Startup Cost": 0.0, "Total Cost": 129875.46, "Plan Rows": 3140338, "Plan Width": 20, "Actual Startup Time": 0.023, "Actual Total Time": 882.736, "Actual Rows": 881591, "Actual Loops": 1}, {"Node Type": "Sort", "Parent Relationship": "Inner", "Startup Cost": 839430.12, "Total Cost": 843021.18, "Plan Rows": 1436424, "Plan Width": 12, "Actual Startup Time": 10900.192, "Actual Total Time": 10900.2, "Actual Rows": 16, "Actual Loops": 1, "Sort Key": ["ci.person_role_id"], "Sort Method": "quicksort", "Sort Space Used": 138868, "Sort Space Type": "Memory", "Plans": [{"Node Type": "Seq Scan", "Parent Relationship": "Outer", "Relation Name": "cast_info", "Alias": "ci", "Startup Cost": 0.0, "Total Cost": 692526.68, "Plan Rows": 1436424, "Plan Width": 12, "Actual Startup Time": 665.271, "Actual Total Time": 10569.423, "Actual Rows": 1435439, "Actual Loops": 1, "Filter": "((note)::text ~~ '%(producer)%'::text), (LLVM Optimized, Jit Execute)", "Rows Removed by Filter": 34808904}]}]}]}]}]}, {"Node Type": "Sort", "Parent Relationship": "Inner", "Startup Cost": 283826.21, "Total Cost": 287031.99, "Plan Rows": 1282311, "Plan Width": 8, "Actual Startup Time": 4130.856, "Actual Total Time": 4292.308, "Actual Rows": 1147175, "Actual Loops": 1, "Sort Key": ["mc.movie_id"], "Sort Method": "quicksort", "Sort Space Used": 121265, "Sort Space Type": "Memory", "Plans": [{"Node Type": "Merge Join", "Parent Relationship": "Outer", "Join Type": "Inner", "Startup Cost": 3383.04, "Total Cost": 153733.74, "Plan Rows": 1282311, "Plan Width": 8, "Actual Startup Time": 0.102, "Actual Total Time": 3683.575, "Actual Rows": 1153797, "Actual Loops": 1, "Inner Unique": false, "Merge Cond": "(cn.id = mc.company_id)", "Plans": [{"Node Type": "Index Scan", "Parent Relationship": "Outer", "Scan Direction": "Forward", "Index Name": "company_name_pkey", "Relation Name": "company_name", "Alias": "cn", "Startup Cost": 0.0, "Total Cost": 10501.39, "Plan Rows": 85170, "Plan Width": 4, "Actual Startup Time": 0.069, "Actual Total Time": 338.528, "Actual Rows": 84843, "Actual Loops": 1, "Filter": "((country_code)::text = '[us]'::text)", "Rows Removed by Filter": 150153}, {"Node Type": "Index Scan", "Parent Relationship": "Inner", "Scan Direction": "Forward", "Index Name": "company_id_movie_companies", "Relation Name": "movie_companies", "Alias": "mc", "Startup Cost": 0.0, "Total Cost": 123673.5, "Plan Rows": 2609128, "Plan Width": 12, "Actual Startup Time": 0.025, "Actual Total Time": 2775.55, "Actual Rows": 2609128, "Actual Loops": 1}]}]}]}, {"Node Type": "Materialize", "Parent Relationship": "Inner", "Startup Cost": 0.0, "Total Cost": 1.04, "Plan Rows": 3, "Plan Width": 4, "Actual Startup Time": 0.063, "Actual Total Time": 0.078, "Actual Rows": 30, "Actual Loops": 14, "Plans": [{"Node Type": "Seq Scan", "Parent Relationship": "Outer", "Relation Name": "company_type", "Alias": "ct", "Startup Cost": 0.0, "Total Cost": 1.03, "Plan Rows": 3, "Plan Width": 4, "Actual Startup Time": 0.035, "Actual Total Time": 0.043, "Actual Rows": 3, "Actual Loops": 1}]}]}, {"Node Type": "Index Scan", "Parent Relationship": "Inner", "Scan Direction": "Forward", "Index Name": "title_pkey", "Relation Name": "title", "Alias": "t", "Startup Cost": 0.0, "Total Cost": 116441.27, "Plan Rows": 1748840, "Plan Width": 21, "Actual Startup Time": 0.044, "Actual Total Time": 2436.975, "Actual Rows": 1561981, "Actual Loops": 1, "Filter": "(production_year > 1990), (LLVM Optimized, Jit Execute)", "Rows Removed by Filter": 642389}]}]}, "Triggers": [], "Planner Runtime": 23.271, "Total Runtime": 19017.017, "Unique SQL Id": 3145361615}}, "(1, 17)": {"explain_plan": {"Plan": {"Node Type": "Aggregate", "Strategy": "Plain", "Startup Cost": 1741668.45, "Total Cost": 1741668.46, "Plan Rows": 1, "Plan Width": 97, "Plans": [{"Node Type": "Merge Join", "Parent Relationship": "Outer", "Join Type": "Inner", "Startup Cost": 1556296.73, "Total Cost": 1736821.38, "Plan Rows": 969413, "Plan Width": 33, "Inner Unique": true, "Merge Cond": "(mc.movie_id = t.id)", "Plans": [{"Node Type": "Nested Loop", "Parent Relationship": "Outer", "Join Type": "Inner", "Startup Cost": 1556294.1, "Total Cost": 1604680.34, "Plan Rows": 699731, "Plan Width": 24, "Inner Unique": true, "Join Filter": "(mc.company_type_id = ct.id), (LLVM Optimized)", "Plans": [{"Node Type": "Merge Join", "Parent Relationship": "Outer", "Join Type": "Inner", "Startup Cost": 1556294.1, "Total Cost": 1573184.14, "Plan Rows": 699731, "Plan Width": 28, "Inner Unique": false, "Merge Cond": "(ci.movie_id = mc.movie_id)", "Plans": [{"Node Type": "Sort", "Parent Relationship": "Outer", "Startup Cost": 1272467.82, "Total Cost": 1274208.65, "Plan Rows": 696330, "Plan Width": 20, "Sort Key": ["ci.movie_id"], "Plans": [{"Node Type": "Merge Join", "Parent Relationship": "Outer", "Join Type": "Inner", "Startup Cost": 1194438.34, "Total Cost": 1204891.05, "Plan Rows": 696330, "Plan Width": 20, "Inner Unique": false, "Merge Cond": "(rt.id = ci.role_id)", "Plans": [{"Node Type": "Index Only Scan", "Parent Relationship": "Outer", "Scan Direction": "Forward", "Index Name": "role_type_pkey", "Relation Name": "role_type", "Alias": "rt", "Startup Cost": 0.0, "Total Cost": 8.43, "Plan Rows": 12, "Plan Width": 4}, {"Node Type": "Sort", "Parent Relationship": "Inner", "Startup Cost": 1194438.34, "Total Cost": 1196179.17, "Plan Rows": 696330, "Plan Width": 24, "Sort Key": ["ci.role_id"], "Plans": [{"Node Type": "Merge Join", "Parent Relationship": "Outer", "Join Type": "Inner", "Startup Cost": 80674.47, "Total Cost": 1126861.56, "Plan Rows": 696330, "Plan Width": 24, "Inner Unique": false, "Merge Cond": "(chn.id = ci.person_role_id)", "Plans": [{"Node Type": "Index Scan", "Parent Relationship": "Outer", "Scan Direction": "Forward", "Index Name": "char_name_pkey", "Relation Name": "char_name", "Alias": "chn", "Startup Cost": 0.0, "Total Cost": 129875.46, "Plan Rows": 3140338, "Plan Width": 20}, {"Node Type": "Index Scan", "Parent Relationship": "Inner", "Scan Direction": "Forward", "Index Name": "person_role_id_cast_info", "Relation Name": "cast_info", "Alias": "ci", "Startup Cost": 0.0, "Total Cost": 2022508.08, "Plan Rows": 1436424, "Plan Width": 12, "Filter": "((note)::text ~~ '%(producer)%'::text), (LLVM Optimized)"}]}]}]}]}, {"Node Type": "Sort", "Parent Relationship": "Inner", "Startup Cost": 283826.21, "Total Cost": 287031.99, "Plan Rows": 1282311, "Plan Width": 8, "Sort Key": ["mc.movie_id"], "Plans": [{"Node Type": "Merge Join", "Parent Relationship": "Outer", "Join Type": "Inner", "Startup Cost": 3383.04, "Total Cost": 153733.74, "Plan Rows": 1282311, "Plan Width": 8, "Inner Unique": false, "Merge Cond": "(cn.id = mc.company_id)", "Plans": [{"Node Type": "Index Scan", "Parent Relationship": "Outer", "Scan Direction": "Forward", "Index Name": "company_name_pkey", "Relation Name": "company_name", "Alias": "cn", "Startup Cost": 0.0, "Total Cost": 10501.39, "Plan Rows": 85170, "Plan Width": 4, "Filter": "((country_code)::text = '[us]'::text)"}, {"Node Type": "Index Scan", "Parent Relationship": "Inner", "Scan Direction": "Forward", "Index Name": "company_id_movie_companies", "Relation Name": "movie_companies", "Alias": "mc", "Startup Cost": 0.0, "Total Cost": 123673.5, "Plan Rows": 2609128, "Plan Width": 12}]}]}]}, {"Node Type": "Materialize", "Parent Relationship": "Inner", "Startup Cost": 0.0, "Total Cost": 8.31, "Plan Rows": 3, "Plan Width": 4, "Plans": [{"Node Type": "Index Only Scan", "Parent Relationship": "Outer", "Scan Direction": "Forward", "Index Name": "company_type_pkey", "Relation Name": "company_type", "Alias": "ct", "Startup Cost": 0.0, "Total Cost": 8.29, "Plan Rows": 3, "Plan Width": 4}]}]}, {"Node Type": "Index Scan", "Parent Relationship": "Inner", "Scan Direction": "Forward", "Index Name": "title_pkey", "Relation Name": "title", "Alias": "t", "Startup Cost": 0.0, "Total Cost": 116441.27, "Plan Rows": 1748840, "Plan Width": 21, "Filter": "(production_year > 1990), (LLVM Optimized)"}]}]}, "Unique SQL Id": 3145361615}, "explain_analyze_plan": {"Plan": {"Node Type": "Aggregate", "Strategy": "Plain", "Startup Cost": 1741668.45, "Total Cost": 1741668.46, "Plan Rows": 1, "Plan Width": 97, "Actual Startup Time": 25053.531, "Actual Total Time": 25053.532, "Actual Rows": 1, "Actual Loops": 1, "Plans": [{"Node Type": "Merge Join", "Parent Relationship": "Outer", "Join Type": "Inner", "Startup Cost": 1556296.73, "Total Cost": 1736821.38, "Plan Rows": 969413, "Plan Width": 33, "Actual Startup Time": 24512.812, "Actual Total Time": 25053.386, "Actual Rows": 4, "Actual Loops": 1, "Inner Unique": true, "Merge Cond": "(mc.movie_id = t.id)", "Plans": [{"Node Type": "Nested Loop", "Parent Relationship": "Outer", "Join Type": "Inner", "Startup Cost": 1556294.1, "Total Cost": 1604680.34, "Plan Rows": 699731, "Plan Width": 24, "Actual Startup Time": 22040.994, "Actual Total Time": 22166.053, "Actual Rows": 6, "Actual Loops": 1, "Inner Unique": true, "Join Filter": "(mc.company_type_id = ct.id), (LLVM Optimized, Jit Execute)", "Rows Removed by Join Filter": 24, "Plans": [{"Node Type": "Merge Join", "Parent Relationship": "Outer", "Join Type": "Inner", "Startup Cost": 1556294.1, "Total Cost": 1573184.14, "Plan Rows": 699731, "Plan Width": 28, "Actual Startup Time": 22040.947, "Actual Total Time": 22165.949, "Actual Rows": 14, "Actual Loops": 1, "Inner Unique": false, "Merge Cond": "(ci.movie_id = mc.movie_id)", "Plans": [{"Node Type": "Sort", "Parent Relationship": "Outer", "Startup Cost": 1272467.82, "Total Cost": 1274208.65, "Plan Rows": 696330, "Plan Width": 20, "Actual Startup Time": 17662.459, "Actual Total Time": 17662.467, "Actual Rows": 15, "Actual Loops": 1, "Sort Key": ["ci.movie_id"], "Sort Method": "quicksort", "Sort Space Used": 26, "Sort Space Type": "Memory", "Plans": [{"Node Type": "Merge Join", "Parent Relationship": "Outer", "Join Type": "Inner", "Startup Cost": 1194438.34, "Total Cost": 1204891.05, "Plan Rows": 696330, "Plan Width": 20, "Actual Startup Time": 17662.392, "Actual Total Time": 17662.423, "Actual Rows": 15, "Actual Loops": 1, "Inner Unique": false, "Merge Cond": "(rt.id = ci.role_id)", "Plans": [{"Node Type": "Index Only Scan", "Parent Relationship": "Outer", "Scan Direction": "Forward", "Index Name": "role_type_pkey", "Relation Name": "role_type", "Alias": "rt", "Startup Cost": 0.0, "Total Cost": 8.43, "Plan Rows": 12, "Plan Width": 4, "Actual Startup Time": 0.009, "Actual Total Time": 0.018, "Actual Rows": 3, "Actual Loops": 1, "Heap Fetches": 0}, {"Node Type": "Sort", "Parent Relationship": "Inner", "Startup Cost": 1194438.34, "Total Cost": 1196179.17, "Plan Rows": 696330, "Plan Width": 24, "Actual Startup Time": 17662.301, "Actual Total Time": 17662.304, "Actual Rows": 15, "Actual Loops": 1, "Sort Key": ["ci.role_id"], "Sort Method": "quicksort", "Sort Space Used": 26, "Sort Space Type": "Memory", "Plans": [{"Node Type": "Merge Join", "Parent Relationship": "Outer", "Join Type": "Inner", "Startup Cost": 80674.47, "Total Cost": 1126861.56, "Plan Rows": 696330, "Plan Width": 24, "Actual Startup Time": 154.823, "Actual Total Time": 17662.219, "Actual Rows": 15, "Actual Loops": 1, "Inner Unique": false, "Merge Cond": "(chn.id = ci.person_role_id)", "Plans": [{"Node Type": "Index Scan", "Parent Relationship": "Outer", "Scan Direction": "Forward", "Index Name": "char_name_pkey", "Relation Name": "char_name", "Alias": "chn", "Startup Cost": 0.0, "Total Cost": 129875.46, "Plan Rows": 3140338, "Plan Width": 20, "Actual Startup Time": 0.026, "Actual Total Time": 892.102, "Actual Rows": 881591, "Actual Loops": 1}, {"Node Type": "Index Scan", "Parent Relationship": "Inner", "Scan Direction": "Forward", "Index Name": "person_role_id_cast_info", "Relation Name": "cast_info", "Alias": "ci", "Startup Cost": 0.0, "Total Cost": 2022508.08, "Plan Rows": 1436424, "Plan Width": 12, "Actual Startup Time": 154.782, "Actual Total Time": 16647.349, "Actual Rows": 16, "Actual Loops": 1, "Filter": "((note)::text ~~ '%(producer)%'::text), (LLVM Optimized, Jit Execute)", "Rows Removed by Filter": 20122645}]}]}]}]}, {"Node Type": "Sort", "Parent Relationship": "Inner", "Startup Cost": 283826.21, "Total Cost": 287031.99, "Plan Rows": 1282311, "Plan Width": 8, "Actual Startup Time": 4217.11, "Actual Total Time": 4354.971, "Actual Rows": 1147175, "Actual Loops": 1, "Sort Key": ["mc.movie_id"], "Sort Method": "quicksort", "Sort Space Used": 121265, "Sort Space Type": "Memory", "Plans": [{"Node Type": "Merge Join", "Parent Relationship": "Outer", "Join Type": "Inner", "Startup Cost": 3383.04, "Total Cost": 153733.74, "Plan Rows": 1282311, "Plan Width": 8, "Actual Startup Time": 0.135, "Actual Total Time": 3773.704, "Actual Rows": 1153797, "Actual Loops": 1, "Inner Unique": false, "Merge Cond": "(cn.id = mc.company_id)", "Plans": [{"Node Type": "Index Scan", "Parent Relationship": "Outer", "Scan Direction": "Forward", "Index Name": "company_name_pkey", "Relation Name": "company_name", "Alias": "cn", "Startup Cost": 0.0, "Total Cost": 10501.39, "Plan Rows": 85170, "Plan Width": 4, "Actual Startup Time": 0.101, "Actual Total Time": 368.703, "Actual Rows": 84843, "Actual Loops": 1, "Filter": "((country_code)::text = '[us]'::text)", "Rows Removed by Filter": 150153}, {"Node Type": "Index Scan", "Parent Relationship": "Inner", "Scan Direction": "Forward", "Index Name": "company_id_movie_companies", "Relation Name": "movie_companies", "Alias": "mc", "Startup Cost": 0.0, "Total Cost": 123673.5, "Plan Rows": 2609128, "Plan Width": 12, "Actual Startup Time": 0.027, "Actual Total Time": 2842.67, "Actual Rows": 2609128, "Actual Loops": 1}]}]}]}, {"Node Type": "Materialize", "Parent Relationship": "Inner", "Startup Cost": 0.0, "Total Cost": 8.31, "Plan Rows": 3, "Plan Width": 4, "Actual Startup Time": 0.045, "Actual Total Time": 0.057, "Actual Rows": 30, "Actual Loops": 14, "Plans": [{"Node Type": "Index Only Scan", "Parent Relationship": "Outer", "Scan Direction": "Forward", "Index Name": "company_type_pkey", "Relation Name": "company_type", "Alias": "ct", "Startup Cost": 0.0, "Total Cost": 8.29, "Plan Rows": 3, "Plan Width": 4, "Actual Startup Time": 0.025, "Actual Total Time": 0.031, "Actual Rows": 3, "Actual Loops": 1, "Heap Fetches": 0}]}]}, {"Node Type": "Index Scan", "Parent Relationship": "Inner", "Scan Direction": "Forward", "Index Name": "title_pkey", "Relation Name": "title", "Alias": "t", "Startup Cost": 0.0, "Total Cost": 116441.27, "Plan Rows": 1748840, "Plan Width": 21, "Actual Startup Time": 0.05, "Actual Total Time": 2664.09, "Actual Rows": 1561981, "Actual Loops": 1, "Filter": "(production_year > 1990), (LLVM Optimized, Jit Execute)", "Rows Removed by Filter": 642389}]}]}, "Triggers": [], "Planner Runtime": 21.114, "Total Runtime": 25063.509, "Unique SQL Id": 3145361615}}, "(1, 18)": {"explain_plan": {"Plan": {"Node Type": "Aggregate", "Strategy": "Plain", "Startup Cost": 2227835.72, "Total Cost": 2227835.73, "Plan Rows": 1, "Plan Width": 97, "Plans": [{"Node Type": "Merge Join", "Parent Relationship": "Outer", "Join Type": "Inner", "Startup Cost": 2154430.59, "Total Cost": 2222988.65, "Plan Rows": 969413, "Plan Width": 33, "Inner Unique": true, "Merge Cond": "(mc.movie_id = t.id)", "Plans": [{"Node Type": "Nested Loop", "Parent Relationship": "Outer", "Join Type": "Inner", "Startup Cost": 1906703.59, "Total Cost": 1955082.56, "Plan Rows": 699731, "Plan Width": 24, "Inner Unique": true, "Join Filter": "(mc.company_type_id = ct.id), (LLVM Optimized)", "Plans": [{"Node Type": "Merge Join", "Parent Relationship": "Outer", "Join Type": "Inner", "Startup Cost": 1906703.59, "Total Cost": 1923593.63, "Plan Rows": 699731, "Plan Width": 28, "Inner Unique": false, "Merge Cond": "(ci.movie_id = mc.movie_id)", "Plans": [{"Node Type": "Sort", "Parent Relationship": "Outer", "Startup Cost": 1417551.53, "Total Cost": 1419292.36, "Plan Rows": 696330, "Plan Width": 20, "Sort Key": ["ci.movie_id"], "Plans": [{"Node Type": "Merge Join", "Parent Relationship": "Outer", "Join Type": "Inner", "Startup Cost": 1339529.75, "Total Cost": 1349974.75, "Plan Rows": 696330, "Plan Width": 20, "Inner Unique": false, "Merge Cond": "(rt.id = ci.role_id)", "Plans": [{"Node Type": "Sort", "Parent Relationship": "Outer", "Startup Cost": 1.34, "Total Cost": 1.37, "Plan Rows": 12, "Plan Width": 4, "Sort Key": ["rt.id"], "Plans": [{"Node Type": "Seq Scan", "Parent Relationship": "Outer", "Relation Name": "role_type", "Alias": "rt", "Startup Cost": 0.0, "Total Cost": 1.12, "Plan Rows": 12, "Plan Width": 4}]}, {"Node Type": "Sort", "Parent Relationship": "Inner", "Startup Cost": 1339528.41, "Total Cost": 1341269.24, "Plan Rows": 696330, "Plan Width": 24, "Sort Key": ["ci.role_id"], "Plans": [{"Node Type": "Merge Join", "Parent Relationship": "Outer", "Join Type": "Inner", "Startup Cost": 1246091.02, "Total Cost": 1271951.64, "Plan Rows": 696330, "Plan Width": 24, "Inner Unique": false, "Merge Cond": "(chn.id = ci.person_role_id)", "Plans": [{"Node Type": "Sort", "Parent Relationship": "Outer", "Startup Cost": 406374.92, "Total Cost": 414225.77, "Plan Rows": 3140338, "Plan Width": 20, "Sort Key": ["chn.id"], "Plans": [{"Node Type": "Seq Scan", "Parent Relationship": "Outer", "Relation Name": "char_name", "Alias": "chn", "Startup Cost": 0.0, "Total Cost": 67493.38, "Plan Rows": 3140338, "Plan Width": 20}]}, {"Node Type": "Sort", "Parent Relationship": "Inner", "Startup Cost": 839430.12, "Total Cost": 843021.18, "Plan Rows": 1436424, "Plan Width": 12, "Sort Key": ["ci.person_role_id"], "Plans": [{"Node Type": "Seq Scan", "Parent Relationship": "Outer", "Relation Name": "cast_info", "Alias": "ci", "Startup Cost": 0.0, "Total Cost": 692526.68, "Plan Rows": 1436424, "Plan Width": 12, "Filter": "((note)::text ~~ '%(producer)%'::text), (LLVM Optimized)"}]}]}]}]}]}, {"Node Type": "Sort", "Parent Relationship": "Inner", "Startup Cost": 489151.99, "Total Cost": 492357.77, "Plan Rows": 1282311, "Plan Width": 8, "Sort Key": ["mc.movie_id"], "Plans": [{"Node Type": "Merge Join", "Parent Relationship": "Outer", "Join Type": "Inner", "Startup Cost": 333103.9, "Total Cost": 359059.52, "Plan Rows": 1282311, "Plan Width": 8, "Inner Unique": false, "Merge Cond": "(cn.id = mc.company_id)", "Plans": [{"Node Type": "Sort", "Parent Relationship": "Outer", "Startup Cost": 12878.05, "Total Cost": 13090.97, "Plan Rows": 85170, "Plan Width": 4, "Sort Key": ["cn.id"], "Plans": [{"Node Type": "Seq Scan", "Parent Relationship": "Outer", "Relation Name": "company_name", "Alias": "cn", "Startup Cost": 0.0, "Total Cost": 5903.45, "Plan Rows": 85170, "Plan Width": 4, "Filter": "((country_code)::text = '[us]'::text)"}]}, {"Node Type": "Sort", "Parent Relationship": "Inner", "Startup Cost": 319886.87, "Total Cost": 326409.69, "Plan Rows": 2609128, "Plan Width": 12, "Sort Key": ["mc.company_id"], "Plans": [{"Node Type": "Seq Scan", "Parent Relationship": "Outer", "Relation Name": "movie_companies", "Alias": "mc", "Startup Cost": 0.0, "Total Cost": 41817.28, "Plan Rows": 2609128, "Plan Width": 12}]}]}]}]}, {"Node Type": "Materialize", "Parent Relationship": "Inner", "Startup Cost": 0.0, "Total Cost": 1.04, "Plan Rows": 3, "Plan Width": 4, "Plans": [{"Node Type": "Seq Scan", "Parent Relationship": "Outer", "Relation Name": "company_type", "Alias": "ct", "Startup Cost": 0.0, "Total Cost": 1.03, "Plan Rows": 3, "Plan Width": 4}]}]}, {"Node Type": "Sort", "Parent Relationship": "Inner", "Startup Cost": 247726.82, "Total Cost": 252098.92, "Plan Rows": 1748840, "Plan Width": 21, "Sort Key": ["t.id"], "Plans": [{"Node Type": "Seq Scan", "Parent Relationship": "Outer", "Relation Name": "title", "Alias": "t", "Startup Cost": 0.0, "Total Cost": 66389.89, "Plan Rows": 1748840, "Plan Width": 21, "Filter": "(production_year > 1990), (LLVM Optimized)"}]}]}]}, "Unique SQL Id": 3145361615}, "explain_analyze_plan": {"Plan": {"Node Type": "Aggregate", "Strategy": "Plain", "Startup Cost": 2227835.72, "Total Cost": 2227835.73, "Plan Rows": 1, "Plan Width": 97, "Actual Startup Time": 19345.38, "Actual Total Time": 19345.381, "Actual Rows": 1, "Actual Loops": 1, "Plans": [{"Node Type": "Merge Join", "Parent Relationship": "Outer", "Join Type": "Inner", "Startup Cost": 2154430.59, "Total Cost": 2222988.65, "Plan Rows": 969413, "Plan Width": 33, "Actual Startup Time": 19143.486, "Actual Total Time": 19345.32, "Actual Rows": 4, "Actual Loops": 1, "Inner Unique": true, "Merge Cond": "(mc.movie_id = t.id)", "Plans": [{"Node Type": "Nested Loop", "Parent Relationship": "Outer", "Join Type": "Inner", "Startup Cost": 1906703.59, "Total Cost": 1955082.56, "Plan Rows": 699731, "Plan Width": 24, "Actual Startup Time": 17076.502, "Actual Total Time": 17219.545, "Actual Rows": 6, "Actual Loops": 1, "Inner Unique": true, "Join Filter": "(mc.company_type_id = ct.id), (LLVM Optimized, Jit Execute)", "Rows Removed by Join Filter": 24, "Plans": [{"Node Type": "Merge Join", "Parent Relationship": "Outer", "Join Type": "Inner", "Startup Cost": 1906703.59, "Total Cost": 1923593.63, "Plan Rows": 699731, "Plan Width": 28, "Actual Startup Time": 17076.454, "Actual Total Time": 17219.442, "Actual Rows": 14, "Actual Loops": 1, "Inner Unique": false, "Merge Cond": "(ci.movie_id = mc.movie_id)", "Plans": [{"Node Type": "Sort", "Parent Relationship": "Outer", "Startup Cost": 1417551.53, "Total Cost": 1419292.36, "Plan Rows": 696330, "Plan Width": 20, "Actual Startup Time": 13492.849, "Actual Total Time": 13492.855, "Actual Rows": 15, "Actual Loops": 1, "Sort Key": ["ci.movie_id"], "Sort Method": "quicksort", "Sort Space Used": 26, "Sort Space Type": "Memory", "Plans": [{"Node Type": "Merge Join", "Parent Relationship": "Outer", "Join Type": "Inner", "Startup Cost": 1339529.75, "Total Cost": 1349974.75, "Plan Rows": 696330, "Plan Width": 20, "Actual Startup Time": 13492.817, "Actual Total Time": 13492.831, "Actual Rows": 15, "Actual Loops": 1, "Inner Unique": false, "Merge Cond": "(rt.id = ci.role_id)", "Plans": [{"Node Type": "Sort", "Parent Relationship": "Outer", "Startup Cost": 1.34, "Total Cost": 1.37, "Plan Rows": 12, "Plan Width": 4, "Actual Startup Time": 0.038, "Actual Total Time": 0.038, "Actual Rows": 3, "Actual Loops": 1, "Sort Key": ["rt.id"], "Sort Method": "quicksort", "Sort Space Used": 25, "Sort Space Type": "Memory", "Plans": [{"Node Type": "Seq Scan", "Parent Relationship": "Outer", "Relation Name": "role_type", "Alias": "rt", "Startup Cost": 0.0, "Total Cost": 1.12, "Plan Rows": 12, "Plan Width": 4, "Actual Startup Time": 0.017, "Actual Total Time": 0.02, "Actual Rows": 12, "Actual Loops": 1}]}, {"Node Type": "Sort", "Parent Relationship": "Inner", "Startup Cost": 1339528.41, "Total Cost": 1341269.24, "Plan Rows": 696330, "Plan Width": 24, "Actual Startup Time": 13492.769, "Actual Total Time": 13492.772, "Actual Rows": 15, "Actual Loops": 1, "Sort Key": ["ci.role_id"], "Sort Method": "quicksort", "Sort Space Used": 26, "Sort Space Type": "Memory", "Plans": [{"Node Type": "Merge Join", "Parent Relationship": "Outer", "Join Type": "Inner", "Startup Cost": 1246091.02, "Total Cost": 1271951.64, "Plan Rows": 696330, "Plan Width": 24, "Actual Startup Time": 13218.483, "Actual Total Time": 13492.726, "Actual Rows": 15, "Actual Loops": 1, "Inner Unique": false, "Merge Cond": "(chn.id = ci.person_role_id)", "Plans": [{"Node Type": "Sort", "Parent Relationship": "Outer", "Startup Cost": 406374.92, "Total Cost": 414225.77, "Plan Rows": 3140338, "Plan Width": 20, "Actual Startup Time": 2259.117, "Actual Total Time": 2399.635, "Actual Rows": 881591, "Actual Loops": 1, "Sort Key": ["chn.id"], "Sort Method": "quicksort", "Sort Space Used": 396731, "Sort Space Type": "Memory", "Plans": [{"Node Type": "Seq Scan", "Parent Relationship": "Outer", "Relation Name": "char_name", "Alias": "chn", "Startup Cost": 0.0, "Total Cost": 67493.38, "Plan Rows": 3140338, "Plan Width": 20, "Actual Startup Time": 0.018, "Actual Total Time": 938.23, "Actual Rows": 3140338, "Actual Loops": 1}]}, {"Node Type": "Sort", "Parent Relationship": "Inner", "Startup Cost": 839430.12, "Total Cost": 843021.18, "Plan Rows": 1436424, "Plan Width": 12, "Actual Startup Time": 10959.348, "Actual Total Time": 10959.349, "Actual Rows": 16, "Actual Loops": 1, "Sort Key": ["ci.person_role_id"], "Sort Method": "quicksort", "Sort Space Used": 138868, "Sort Space Type": "Memory", "Plans": [{"Node Type": "Seq Scan", "Parent Relationship": "Outer", "Relation Name": "cast_info", "Alias": "ci", "Startup Cost": 0.0, "Total Cost": 692526.68, "Plan Rows": 1436424, "Plan Width": 12, "Actual Startup Time": 648.004, "Actual Total Time": 10627.029, "Actual Rows": 1435439, "Actual Loops": 1, "Filter": "((note)::text ~~ '%(producer)%'::text), (LLVM Optimized, Jit Execute)", "Rows Removed by Filter": 34808904}]}]}]}]}]}, {"Node Type": "Sort", "Parent Relationship": "Inner", "Startup Cost": 489151.99, "Total Cost": 492357.77, "Plan Rows": 1282311, "Plan Width": 8, "Actual Startup Time": 3398.523, "Actual Total Time": 3578.544, "Actual Rows": 1147175, "Actual Loops": 1, "Sort Key": ["mc.movie_id"], "Sort Method": "quicksort", "Sort Space Used": 121265, "Sort Space Type": "Memory", "Plans": [{"Node Type": "Merge Join", "Parent Relationship": "Outer", "Join Type": "Inner", "Startup Cost": 333103.9, "Total Cost": 359059.52, "Plan Rows": 1282311, "Plan Width": 8, "Actual Startup Time": 1736.663, "Actual Total Time": 2971.029, "Actual Rows": 1153797, "Actual Loops": 1, "Inner Unique": false, "Merge Cond": "(cn.id = mc.company_id)", "Plans": [{"Node Type": "Sort", "Parent Relationship": "Outer", "Startup Cost": 12878.05, "Total Cost": 13090.97, "Plan Rows": 85170, "Plan Width": 4, "Actual Startup Time": 118.016, "Actual Total Time": 135.333, "Actual Rows": 84843, "Actual Loops": 1, "Sort Key": ["cn.id"], "Sort Method": "quicksort", "Sort Space Used": 8375, "Sort Space Type": "Memory", "Plans": [{"Node Type": "Seq Scan", "Parent Relationship": "Outer", "Relation Name": "company_name", "Alias": "cn", "Startup Cost": 0.0, "Total Cost": 5903.45, "Plan Rows": 85170, "Plan Width": 4, "Actual Startup Time": 0.062, "Actual Total Time": 87.643, "Actual Rows": 84843, "Actual Loops": 1, "Filter": "((country_code)::text = '[us]'::text)", "Rows Removed by Filter": 150153}]}, {"Node Type": "Sort", "Parent Relationship": "Inner", "Startup Cost": 319886.87, "Total Cost": 326409.69, "Plan Rows": 2609128, "Plan Width": 12, "Actual Startup Time": 1618.635, "Actual Total Time": 2303.982, "Actual Rows": 2609128, "Actual Loops": 1, "Sort Key": ["mc.company_id"], "Sort Method": "quicksort", "Sort Space Used": 342910, "Sort Space Type": "Memory", "Plans": [{"Node Type": "Seq Scan", "Parent Relationship": "Outer", "Relation Name": "movie_companies", "Alias": "mc", "Startup Cost": 0.0, "Total Cost": 41817.28, "Plan Rows": 2609128, "Plan Width": 12, "Actual Startup Time": 0.049, "Actual Total Time": 727.085, "Actual Rows": 2609128, "Actual Loops": 1}]}]}]}]}, {"Node Type": "Materialize", "Parent Relationship": "Inner", "Startup Cost": 0.0, "Total Cost": 1.04, "Plan Rows": 3, "Plan Width": 4, "Actual Startup Time": 0.049, "Actual Total Time": 0.065, "Actual Rows": 30, "Actual Loops": 14, "Plans": [{"Node Type": "Seq Scan", "Parent Relationship": "Outer", "Relation Name": "company_type", "Alias": "ct", "Startup Cost": 0.0, "Total Cost": 1.03, "Plan Rows": 3, "Plan Width": 4, "Actual Startup Time": 0.031, "Actual Total Time": 0.04, "Actual Rows": 3, "Actual Loops": 1}]}]}, {"Node Type": "Sort", "Parent Relationship": "Inner", "Startup Cost": 247726.82, "Total Cost": 252098.92, "Plan Rows": 1748840, "Plan Width": 21, "Actual Startup Time": 1568.534, "Actual Total Time": 1885.052, "Actual Rows": 1561981, "Actual Loops": 1, "Sort Key": ["t.id"], "Sort Method": "quicksort", "Sort Space Used": 219702, "Sort Space Type": "Memory", "Plans": [{"Node Type": "Seq Scan", "Parent Relationship": "Outer", "Relation Name": "title", "Alias": "t", "Startup Cost": 0.0, "Total Cost": 66389.89, "Plan Rows": 1748840, "Plan Width": 21, "Actual Startup Time": 0.02, "Actual Total Time": 839.335, "Actual Rows": 1749032, "Actual Loops": 1, "Filter": "(production_year > 1990), (LLVM Optimized, Jit Execute)", "Rows Removed by Filter": 779279}]}]}]}, "Triggers": [], "Planner Runtime": 15.598, "Total Runtime": 19355.374, "Unique SQL Id": 3145361615}}, "(1, 19)": {"explain_plan": {"Plan": {"Node Type": "Aggregate", "Strategy": "Plain", "Startup Cost": 1000042785415.19, "Total Cost": 1000042785415.2, "Plan Rows": 1, "Plan Width": 97, "Plans": [{"Node Type": "Nested Loop", "Parent Relationship": "Outer", "Join Type": "Inner", "Startup Cost": 10000000001.85, "Total Cost": 1000042780568.12, "Plan Rows": 969413, "Plan Width": 33, "Inner Unique": true, "Plans": [{"Node Type": "Nested Loop", "Parent Relationship": "Outer", "Join Type": "Inner", "Startup Cost": 10000000001.59, "Total Cost": 1000038631235.16, "Plan Rows": 969413, "Plan Width": 37, "Inner Unique": true, "Plans": [{"Node Type": "Nested Loop", "Parent Relationship": "Outer", "Join Type": "Inner", "Startup Cost": 10000000001.32, "Total Cost": 1000035624536.13, "Plan Rows": 699731, "Plan Width": 28, "Inner Unique": true, "Plans": [{"Node Type": "Nested Loop", "Parent Relationship": "Outer", "Join Type": "Inner", "Startup Cost": 10000000001.06, "Total Cost": 1000032629508.62, "Plan Rows": 699731, "Plan Width": 32, "Inner Unique": true, "Plans": [{"Node Type": "Nested Loop", "Parent Relationship": "Outer", "Join Type": "Inner", "Startup Cost": 10000000000.77, "Total Cost": 1000026404533.61, "Plan Rows": 1443440, "Plan Width": 20, "Inner Unique": false, "Plans": [{"Node Type": "Nested Loop", "Parent Relationship": "Outer", "Join Type": "Inner", "Startup Cost": 10000000000.26, "Total Cost": 1000020494063.94, "Plan Rows": 1282311, "Plan Width": 8, "Inner Unique": true, "Plans": [{"Node Type": "Index Scan", "Parent Relationship": "Outer", "Scan Direction": "Forward", "Index Name": "company_type_id_movie_companies", "Relation Name": "movie_companies", "Alias": "mc", "Startup Cost": 10000000000.0, "Total Cost": 1000009318217.0, "Plan Rows": 2609128, "Plan Width": 12}, {"Node Type": "Bitmap Heap Scan", "Parent Relationship": "Inner", "Relation Name": "company_name", "Alias": "cn", "Startup Cost": 0.26, "Total Cost": 4.27, "Plan Rows": 1, "Plan Width": 4, "Recheck Cond": "(id = mc.company_id)", "Filter": "((country_code)::text = '[us]'::text)", "Plans": [{"Node Type": "Bitmap Index Scan", "Parent Relationship": "Outer", "Index Name": "company_name_pkey", "Startup Cost": 0.0, "Total Cost": 0.26, "Plan Rows": 1, "Plan Width": 0, "Index Cond": "(id = mc.company_id)"}]}]}, {"Node Type": "Bitmap Heap Scan", "Parent Relationship": "Inner", "Relation Name": "cast_info", "Alias": "ci", "Startup Cost": 0.51, "Total Cost": 4.6, "Plan Rows": 1, "Plan Width": 12, "Recheck Cond": "(movie_id = mc.movie_id)", "Filter": "((note)::text ~~ '%(producer)%'::text)", "Plans": [{"Node Type": "Bitmap Index Scan", "Parent Relationship": "Outer", "Index Name": "movie_id_cast_info", "Startup Cost": 0.0, "Total Cost": 0.51, "Plan Rows": 6, "Plan Width": 0, "Index Cond": "(movie_id = mc.movie_id)"}]}]}, {"Node Type": "Bitmap Heap Scan", "Parent Relationship": "Inner", "Relation Name": "char_name", "Alias": "chn", "Startup Cost": 0.29, "Total Cost": 4.3, "Plan Rows": 1, "Plan Width": 20, "Recheck Cond": "(id = ci.person_role_id)", "Plans": [{"Node Type": "Bitmap Index Scan", "Parent Relationship": "Outer", "Index Name": "char_name_pkey", "Startup Cost": 0.0, "Total Cost": 0.29, "Plan Rows": 1, "Plan Width": 0, "Index Cond": "(id = ci.person_role_id)"}]}]}, {"Node Type": "Bitmap Heap Scan", "Parent Relationship": "Inner", "Relation Name": "role_type", "Alias": "rt", "Startup Cost": 0.26, "Total Cost": 4.27, "Plan Rows": 1, "Plan Width": 4, "Recheck Cond": "(id = ci.role_id)", "Plans": [{"Node Type": "Bitmap Index Scan", "Parent Relationship": "Outer", "Index Name": "role_type_pkey", "Startup Cost": 0.0, "Total Cost": 0.26, "Plan Rows": 1, "Plan Width": 0, "Index Cond": "(id = ci.role_id)"}]}]}, {"Node Type": "Bitmap Heap Scan", "Parent Relationship": "Inner", "Relation Name": "title", "Alias": "t", "Startup Cost": 0.27, "Total Cost": 4.29, "Plan Rows": 1, "Plan Width": 21, "Recheck Cond": "(id = mc.movie_id)", "Filter": "(production_year > 1990)", "Plans": [{"Node Type": "Bitmap Index Scan", "Parent Relationship": "Outer", "Index Name": "title_pkey", "Startup Cost": 0.0, "Total Cost": 0.27, "Plan Rows": 1, "Plan Width": 0, "Index Cond": "(id = mc.movie_id)"}]}]}, {"Node Type": "Bitmap Heap Scan", "Parent Relationship": "Inner", "Relation Name": "company_type", "Alias": "ct", "Startup Cost": 0.26, "Total Cost": 4.27, "Plan Rows": 1, "Plan Width": 4, "Recheck Cond": "(id = mc.company_type_id)", "Plans": [{"Node Type": "Bitmap Index Scan", "Parent Relationship": "Outer", "Index Name": "company_type_pkey", "Startup Cost": 0.0, "Total Cost": 0.26, "Plan Rows": 1, "Plan Width": 0, "Index Cond": "(id = mc.company_type_id)"}]}]}]}, "Unique SQL Id": 3145361615}, "explain_analyze_plan": null}, "(1, 20)": {"explain_plan": {"Plan": {"Node Type": "Aggregate", "Strategy": "Plain", "Startup Cost": 1602394.58, "Total Cost": 1602394.59, "Plan Rows": 1, "Plan Width": 97, "Plans": [{"Node Type": "Merge Join", "Parent Relationship": "Outer", "Join Type": "Inner", "Startup Cost": 1417030.12, "Total Cost": 1597547.51, "Plan Rows": 969413, "Plan Width": 33, "Inner Unique": true, "Merge Cond": "(mc.movie_id = t.id)", "Plans": [{"Node Type": "Nested Loop", "Parent Relationship": "Outer", "Join Type": "Inner", "Startup Cost": 1417027.5, "Total Cost": 1465406.47, "Plan Rows": 699731, "Plan Width": 24, "Inner Unique": true, "Join Filter": "(mc.company_type_id = ct.id), (LLVM Optimized)", "Plans": [{"Node Type": "Merge Join", "Parent Relationship": "Outer", "Join Type": "Inner", "Startup Cost": 1417027.5, "Total Cost": 1433917.54, "Plan Rows": 699731, "Plan Width": 28, "Inner Unique": false, "Merge Cond": "(ci.movie_id = mc.movie_id)", "Plans": [{"Node Type": "Sort", "Parent Relationship": "Outer", "Startup Cost": 1133201.22, "Total Cost": 1134942.04, "Plan Rows": 696330, "Plan Width": 20, "Sort Key": ["ci.movie_id"], "Plans": [{"Node Type": "Merge Join", "Parent Relationship": "Outer", "Join Type": "Inner", "Startup Cost": 1055179.44, "Total Cost": 1065624.44, "Plan Rows": 696330, "Plan Width": 20, "Inner Unique": false, "Merge Cond": "(rt.id = ci.role_id)", "Plans": [{"Node Type": "Sort", "Parent Relationship": "Outer", "Startup Cost": 1.34, "Total Cost": 1.37, "Plan Rows": 12, "Plan Width": 4, "Sort Key": ["rt.id"], "Plans": [{"Node Type": "Seq Scan", "Parent Relationship": "Outer", "Relation Name": "role_type", "Alias": "rt", "Startup Cost": 0.0, "Total Cost": 1.12, "Plan Rows": 12, "Plan Width": 4}]}, {"Node Type": "Sort", "Parent Relationship": "Inner", "Startup Cost": 1055178.1, "Total Cost": 1056918.93, "Plan Rows": 696330, "Plan Width": 24, "Sort Key": ["ci.role_id"], "Plans": [{"Node Type": "Merge Join", "Parent Relationship": "Outer", "Join Type": "Inner", "Startup Cost": 839716.09, "Total Cost": 987601.32, "Plan Rows": 696330, "Plan Width": 24, "Inner Unique": false, "Merge Cond": "(chn.id = ci.person_role_id)", "Plans": [{"Node Type": "Index Scan", "Parent Relationship": "Outer", "Scan Direction": "Forward", "Index Name": "char_name_pkey", "Relation Name": "char_name", "Alias": "chn", "Startup Cost": 0.0, "Total Cost": 129875.46, "Plan Rows": 3140338, "Plan Width": 20}, {"Node Type": "Sort", "Parent Relationship": "Inner", "Startup Cost": 839430.12, "Total Cost": 843021.18, "Plan Rows": 1436424, "Plan Width": 12, "Sort Key": ["ci.person_role_id"], "Plans": [{"Node Type": "Seq Scan", "Parent Relationship": "Outer", "Relation Name": "cast_info", "Alias": "ci", "Startup Cost": 0.0, "Total Cost": 692526.68, "Plan Rows": 1436424, "Plan Width": 12, "Filter": "((note)::text ~~ '%(producer)%'::text), (LLVM Optimized)"}]}]}]}]}]}, {"Node Type": "Sort", "Parent Relationship": "Inner", "Startup Cost": 283826.21, "Total Cost": 287031.99, "Plan Rows": 1282311, "Plan Width": 8, "Sort Key": ["mc.movie_id"], "Plans": [{"Node Type": "Merge Join", "Parent Relationship": "Outer", "Join Type": "Inner", "Startup Cost": 3383.04, "Total Cost": 153733.74, "Plan Rows": 1282311, "Plan Width": 8, "Inner Unique": false, "Merge Cond": "(cn.id = mc.company_id)", "Plans": [{"Node Type": "Index Scan", "Parent Relationship": "Outer", "Scan Direction": "Forward", "Index Name": "company_name_pkey", "Relation Name": "company_name", "Alias": "cn", "Startup Cost": 0.0, "Total Cost": 10501.39, "Plan Rows": 85170, "Plan Width": 4, "Filter": "((country_code)::text = '[us]'::text)"}, {"Node Type": "Index Scan", "Parent Relationship": "Inner", "Scan Direction": "Forward", "Index Name": "company_id_movie_companies", "Relation Name": "movie_companies", "Alias": "mc", "Startup Cost": 0.0, "Total Cost": 123673.5, "Plan Rows": 2609128, "Plan Width": 12}]}]}]}, {"Node Type": "Materialize", "Parent Relationship": "Inner", "Startup Cost": 0.0, "Total Cost": 1.04, "Plan Rows": 3, "Plan Width": 4, "Plans": [{"Node Type": "Seq Scan", "Parent Relationship": "Outer", "Relation Name": "company_type", "Alias": "ct", "Startup Cost": 0.0, "Total Cost": 1.03, "Plan Rows": 3, "Plan Width": 4}]}]}, {"Node Type": "Index Scan", "Parent Relationship": "Inner", "Scan Direction": "Forward", "Index Name": "title_pkey", "Relation Name": "title", "Alias": "t", "Startup Cost": 0.0, "Total Cost": 116441.27, "Plan Rows": 1748840, "Plan Width": 21, "Filter": "(production_year > 1990), (LLVM Optimized)"}]}]}, "Unique SQL Id": 3145361615}, "explain_analyze_plan": {"Plan": {"Node Type": "Aggregate", "Strategy": "Plain", "Startup Cost": 1602394.58, "Total Cost": 1602394.59, "Plan Rows": 1, "Plan Width": 97, "Actual Startup Time": 19007.165, "Actual Total Time": 19007.165, "Actual Rows": 1, "Actual Loops": 1, "Plans": [{"Node Type": "Merge Join", "Parent Relationship": "Outer", "Join Type": "Inner", "Startup Cost": 1417030.12, "Total Cost": 1597547.51, "Plan Rows": 969413, "Plan Width": 33, "Actual Startup Time": 18476.95, "Actual Total Time": 19007.096, "Actual Rows": 4, "Actual Loops": 1, "Inner Unique": true, "Merge Cond": "(mc.movie_id = t.id)", "Plans": [{"Node Type": "Nested Loop", "Parent Relationship": "Outer", "Join Type": "Inner", "Startup Cost": 1417027.5, "Total Cost": 1465406.47, "Plan Rows": 699731, "Plan Width": 24, "Actual Startup Time": 16224.032, "Actual Total Time": 16347.788, "Actual Rows": 6, "Actual Loops": 1, "Inner Unique": true, "Join Filter": "(mc.company_type_id = ct.id), (LLVM Optimized, Jit Execute)", "Rows Removed by Join Filter": 24, "Plans": [{"Node Type": "Merge Join", "Parent Relationship": "Outer", "Join Type": "Inner", "Startup Cost": 1417027.5, "Total Cost": 1433917.54, "Plan Rows": 699731, "Plan Width": 28, "Actual Startup Time": 16223.907, "Actual Total Time": 16347.601, "Actual Rows": 14, "Actual Loops": 1, "Inner Unique": false, "Merge Cond": "(ci.movie_id = mc.movie_id)", "Plans": [{"Node Type": "Sort", "Parent Relationship": "Outer", "Startup Cost": 1133201.22, "Total Cost": 1134942.04, "Plan Rows": 696330, "Plan Width": 20, "Actual Startup Time": 11906.722, "Actual Total Time": 11906.729, "Actual Rows": 15, "Actual Loops": 1, "Sort Key": ["ci.movie_id"], "Sort Method": "quicksort", "Sort Space Used": 26, "Sort Space Type": "Memory", "Plans": [{"Node Type": "Merge Join", "Parent Relationship": "Outer", "Join Type": "Inner", "Startup Cost": 1055179.44, "Total Cost": 1065624.44, "Plan Rows": 696330, "Plan Width": 20, "Actual Startup Time": 11906.683, "Actual Total Time": 11906.696, "Actual Rows": 15, "Actual Loops": 1, "Inner Unique": false, "Merge Cond": "(rt.id = ci.role_id)", "Plans": [{"Node Type": "Sort", "Parent Relationship": "Outer", "Startup Cost": 1.34, "Total Cost": 1.37, "Plan Rows": 12, "Plan Width": 4, "Actual Startup Time": 0.036, "Actual Total Time": 0.036, "Actual Rows": 3, "Actual Loops": 1, "Sort Key": ["rt.id"], "Sort Method": "quicksort", "Sort Space Used": 25, "Sort Space Type": "Memory", "Plans": [{"Node Type": "Seq Scan", "Parent Relationship": "Outer", "Relation Name": "role_type", "Alias": "rt", "Startup Cost": 0.0, "Total Cost": 1.12, "Plan Rows": 12, "Plan Width": 4, "Actual Startup Time": 0.016, "Actual Total Time": 0.021, "Actual Rows": 12, "Actual Loops": 1}]}, {"Node Type": "Sort", "Parent Relationship": "Inner", "Startup Cost": 1055178.1, "Total Cost": 1056918.93, "Plan Rows": 696330, "Plan Width": 24, "Actual Startup Time": 11906.636, "Actual Total Time": 11906.638, "Actual Rows": 15, "Actual Loops": 1, "Sort Key": ["ci.role_id"], "Sort Method": "quicksort", "Sort Space Used": 26, "Sort Space Type": "Memory", "Plans": [{"Node Type": "Merge Join", "Parent Relationship": "Outer", "Join Type": "Inner", "Startup Cost": 839716.09, "Total Cost": 987601.32, "Plan Rows": 696330, "Plan Width": 24, "Actual Startup Time": 10900.302, "Actual Total Time": 11906.592, "Actual Rows": 15, "Actual Loops": 1, "Inner Unique": false, "Merge Cond": "(chn.id = ci.person_role_id)", "Plans": [{"Node Type": "Index Scan", "Parent Relationship": "Outer", "Scan Direction": "Forward", "Index Name": "char_name_pkey", "Relation Name": "char_name", "Alias": "chn", "Startup Cost": 0.0, "Total Cost": 129875.46, "Plan Rows": 3140338, "Plan Width": 20, "Actual Startup Time": 0.023, "Actual Total Time": 882.736, "Actual Rows": 881591, "Actual Loops": 1}, {"Node Type": "Sort", "Parent Relationship": "Inner", "Startup Cost": 839430.12, "Total Cost": 843021.18, "Plan Rows": 1436424, "Plan Width": 12, "Actual Startup Time": 10900.192, "Actual Total Time": 10900.2, "Actual Rows": 16, "Actual Loops": 1, "Sort Key": ["ci.person_role_id"], "Sort Method": "quicksort", "Sort Space Used": 138868, "Sort Space Type": "Memory", "Plans": [{"Node Type": "Seq Scan", "Parent Relationship": "Outer", "Relation Name": "cast_info", "Alias": "ci", "Startup Cost": 0.0, "Total Cost": 692526.68, "Plan Rows": 1436424, "Plan Width": 12, "Actual Startup Time": 665.271, "Actual Total Time": 10569.423, "Actual Rows": 1435439, "Actual Loops": 1, "Filter": "((note)::text ~~ '%(producer)%'::text), (LLVM Optimized, Jit Execute)", "Rows Removed by Filter": 34808904}]}]}]}]}]}, {"Node Type": "Sort", "Parent Relationship": "Inner", "Startup Cost": 283826.21, "Total Cost": 287031.99, "Plan Rows": 1282311, "Plan Width": 8, "Actual Startup Time": 4130.856, "Actual Total Time": 4292.308, "Actual Rows": 1147175, "Actual Loops": 1, "Sort Key": ["mc.movie_id"], "Sort Method": "quicksort", "Sort Space Used": 121265, "Sort Space Type": "Memory", "Plans": [{"Node Type": "Merge Join", "Parent Relationship": "Outer", "Join Type": "Inner", "Startup Cost": 3383.04, "Total Cost": 153733.74, "Plan Rows": 1282311, "Plan Width": 8, "Actual Startup Time": 0.102, "Actual Total Time": 3683.575, "Actual Rows": 1153797, "Actual Loops": 1, "Inner Unique": false, "Merge Cond": "(cn.id = mc.company_id)", "Plans": [{"Node Type": "Index Scan", "Parent Relationship": "Outer", "Scan Direction": "Forward", "Index Name": "company_name_pkey", "Relation Name": "company_name", "Alias": "cn", "Startup Cost": 0.0, "Total Cost": 10501.39, "Plan Rows": 85170, "Plan Width": 4, "Actual Startup Time": 0.069, "Actual Total Time": 338.528, "Actual Rows": 84843, "Actual Loops": 1, "Filter": "((country_code)::text = '[us]'::text)", "Rows Removed by Filter": 150153}, {"Node Type": "Index Scan", "Parent Relationship": "Inner", "Scan Direction": "Forward", "Index Name": "company_id_movie_companies", "Relation Name": "movie_companies", "Alias": "mc", "Startup Cost": 0.0, "Total Cost": 123673.5, "Plan Rows": 2609128, "Plan Width": 12, "Actual Startup Time": 0.025, "Actual Total Time": 2775.55, "Actual Rows": 2609128, "Actual Loops": 1}]}]}]}, {"Node Type": "Materialize", "Parent Relationship": "Inner", "Startup Cost": 0.0, "Total Cost": 1.04, "Plan Rows": 3, "Plan Width": 4, "Actual Startup Time": 0.063, "Actual Total Time": 0.078, "Actual Rows": 30, "Actual Loops": 14, "Plans": [{"Node Type": "Seq Scan", "Parent Relationship": "Outer", "Relation Name": "company_type", "Alias": "ct", "Startup Cost": 0.0, "Total Cost": 1.03, "Plan Rows": 3, "Plan Width": 4, "Actual Startup Time": 0.035, "Actual Total Time": 0.043, "Actual Rows": 3, "Actual Loops": 1}]}]}, {"Node Type": "Index Scan", "Parent Relationship": "Inner", "Scan Direction": "Forward", "Index Name": "title_pkey", "Relation Name": "title", "Alias": "t", "Startup Cost": 0.0, "Total Cost": 116441.27, "Plan Rows": 1748840, "Plan Width": 21, "Actual Startup Time": 0.044, "Actual Total Time": 2436.975, "Actual Rows": 1561981, "Actual Loops": 1, "Filter": "(production_year > 1990), (LLVM Optimized, Jit Execute)", "Rows Removed by Filter": 642389}]}]}, "Triggers": [], "Planner Runtime": 23.271, "Total Runtime": 19017.017, "Unique SQL Id": 3145361615}}, "(1, 21)": {"explain_plan": {"Plan": {"Node Type": "Aggregate", "Strategy": "Plain", "Startup Cost": 1741676.11, "Total Cost": 1741676.12, "Plan Rows": 1, "Plan Width": 97, "Plans": [{"Node Type": "Merge Join", "Parent Relationship": "Outer", "Join Type": "Inner", "Startup Cost": 1556300.39, "Total Cost": 1736829.05, "Plan Rows": 969413, "Plan Width": 33, "Inner Unique": true, "Merge Cond": "(mc.movie_id = t.id)", "Plans": [{"Node Type": "Nested Loop", "Parent Relationship": "Outer", "Join Type": "Inner", "Startup Cost": 1556297.77, "Total Cost": 1604688.01, "Plan Rows": 699731, "Plan Width": 24, "Inner Unique": true, "Join Filter": "(mc.company_type_id = ct.id), (LLVM Optimized)", "Plans": [{"Node Type": "Merge Join", "Parent Relationship": "Outer", "Join Type": "Inner", "Startup Cost": 1556297.77, "Total Cost": 1573187.81, "Plan Rows": 699731, "Plan Width": 28, "Inner Unique": false, "Merge Cond": "(ci.movie_id = mc.movie_id)", "Plans": [{"Node Type": "Sort", "Parent Relationship": "Outer", "Startup Cost": 1272471.49, "Total Cost": 1274212.32, "Plan Rows": 696330, "Plan Width": 20, "Sort Key": ["ci.movie_id"], "Plans": [{"Node Type": "Merge Join", "Parent Relationship": "Outer", "Join Type": "Inner", "Startup Cost": 1194438.34, "Total Cost": 1204894.71, "Plan Rows": 696330, "Plan Width": 20, "Inner Unique": false, "Merge Cond": "(rt.id = ci.role_id)", "Plans": [{"Node Type": "Index Scan", "Parent Relationship": "Outer", "Scan Direction": "Forward", "Index Name": "role_type_pkey", "Relation Name": "role_type", "Alias": "rt", "Startup Cost": 0.0, "Total Cost": 12.43, "Plan Rows": 12, "Plan Width": 4}, {"Node Type": "Sort", "Parent Relationship": "Inner", "Startup Cost": 1194438.34, "Total Cost": 1196179.17, "Plan Rows": 696330, "Plan Width": 24, "Sort Key": ["ci.role_id"], "Plans": [{"Node Type": "Merge Join", "Parent Relationship": "Outer", "Join Type": "Inner", "Startup Cost": 80674.47, "Total Cost": 1126861.56, "Plan Rows": 696330, "Plan Width": 24, "Inner Unique": false, "Merge Cond": "(chn.id = ci.person_role_id)", "Plans": [{"Node Type": "Index Scan", "Parent Relationship": "Outer", "Scan Direction": "Forward", "Index Name": "char_name_pkey", "Relation Name": "char_name", "Alias": "chn", "Startup Cost": 0.0, "Total Cost": 129875.46, "Plan Rows": 3140338, "Plan Width": 20}, {"Node Type": "Index Scan", "Parent Relationship": "Inner", "Scan Direction": "Forward", "Index Name": "person_role_id_cast_info", "Relation Name": "cast_info", "Alias": "ci", "Startup Cost": 0.0, "Total Cost": 2022508.08, "Plan Rows": 1436424, "Plan Width": 12, "Filter": "((note)::text ~~ '%(producer)%'::text), (LLVM Optimized)"}]}]}]}]}, {"Node Type": "Sort", "Parent Relationship": "Inner", "Startup Cost": 283826.21, "Total Cost": 287031.99, "Plan Rows": 1282311, "Plan Width": 8, "Sort Key": ["mc.movie_id"], "Plans": [{"Node Type": "Merge Join", "Parent Relationship": "Outer", "Join Type": "Inner", "Startup Cost": 3383.04, "Total Cost": 153733.74, "Plan Rows": 1282311, "Plan Width": 8, "Inner Unique": false, "Merge Cond": "(cn.id = mc.company_id)", "Plans": [{"Node Type": "Index Scan", "Parent Relationship": "Outer", "Scan Direction": "Forward", "Index Name": "company_name_pkey", "Relation Name": "company_name", "Alias": "cn", "Startup Cost": 0.0, "Total Cost": 10501.39, "Plan Rows": 85170, "Plan Width": 4, "Filter": "((country_code)::text = '[us]'::text)"}, {"Node Type": "Index Scan", "Parent Relationship": "Inner", "Scan Direction": "Forward", "Index Name": "company_id_movie_companies", "Relation Name": "movie_companies", "Alias": "mc", "Startup Cost": 0.0, "Total Cost": 123673.5, "Plan Rows": 2609128, "Plan Width": 12}]}]}]}, {"Node Type": "Materialize", "Parent Relationship": "Inner", "Startup Cost": 0.0, "Total Cost": 12.31, "Plan Rows": 3, "Plan Width": 4, "Plans": [{"Node Type": "Index Scan", "Parent Relationship": "Outer", "Scan Direction": "Forward", "Index Name": "company_type_pkey", "Relation Name": "company_type", "Alias": "ct", "Startup Cost": 0.0, "Total Cost": 12.29, "Plan Rows": 3, "Plan Width": 4}]}]}, {"Node Type": "Index Scan", "Parent Relationship": "Inner", "Scan Direction": "Forward", "Index Name": "title_pkey", "Relation Name": "title", "Alias": "t", "Startup Cost": 0.0, "Total Cost": 116441.27, "Plan Rows": 1748840, "Plan Width": 21, "Filter": "(production_year > 1990), (LLVM Optimized)"}]}]}, "Unique SQL Id": 3145361615}, "explain_analyze_plan": {"Plan": {"Node Type": "Aggregate", "Strategy": "Plain", "Startup Cost": 1741676.11, "Total Cost": 1741676.12, "Plan Rows": 1, "Plan Width": 97, "Actual Startup Time": 26642.953, "Actual Total Time": 26642.954, "Actual Rows": 1, "Actual Loops": 1, "Plans": [{"Node Type": "Merge Join", "Parent Relationship": "Outer", "Join Type": "Inner", "Startup Cost": 1556300.39, "Total Cost": 1736829.05, "Plan Rows": 969413, "Plan Width": 33, "Actual Startup Time": 26050.758, "Actual Total Time": 26642.89, "Actual Rows": 4, "Actual Loops": 1, "Inner Unique": true, "Merge Cond": "(mc.movie_id = t.id)", "Plans": [{"Node Type": "Nested Loop", "Parent Relationship": "Outer", "Join Type": "Inner", "Startup Cost": 1556297.77, "Total Cost": 1604688.01, "Plan Rows": 699731, "Plan Width": 24, "Actual Startup Time": 23375.186, "Actual Total Time": 23518.389, "Actual Rows": 6, "Actual Loops": 1, "Inner Unique": true, "Join Filter": "(mc.company_type_id = ct.id), (LLVM Optimized, Jit Execute)", "Rows Removed by Join Filter": 24, "Plans": [{"Node Type": "Merge Join", "Parent Relationship": "Outer", "Join Type": "Inner", "Startup Cost": 1556297.77, "Total Cost": 1573187.81, "Plan Rows": 699731, "Plan Width": 28, "Actual Startup Time": 23375.139, "Actual Total Time": 23518.279, "Actual Rows": 14, "Actual Loops": 1, "Inner Unique": false, "Merge Cond": "(ci.movie_id = mc.movie_id)", "Plans": [{"Node Type": "Sort", "Parent Relationship": "Outer", "Startup Cost": 1272471.49, "Total Cost": 1274212.32, "Plan Rows": 696330, "Plan Width": 20, "Actual Startup Time": 18830.864, "Actual Total Time": 18830.869, "Actual Rows": 15, "Actual Loops": 1, "Sort Key": ["ci.movie_id"], "Sort Method": "quicksort", "Sort Space Used": 26, "Sort Space Type": "Memory", "Plans": [{"Node Type": "Merge Join", "Parent Relationship": "Outer", "Join Type": "Inner", "Startup Cost": 1194438.34, "Total Cost": 1204894.71, "Plan Rows": 696330, "Plan Width": 20, "Actual Startup Time": 18830.819, "Actual Total Time": 18830.838, "Actual Rows": 15, "Actual Loops": 1, "Inner Unique": false, "Merge Cond": "(rt.id = ci.role_id)", "Plans": [{"Node Type": "Index Scan", "Parent Relationship": "Outer", "Scan Direction": "Forward", "Index Name": "role_type_pkey", "Relation Name": "role_type", "Alias": "rt", "Startup Cost": 0.0, "Total Cost": 12.43, "Plan Rows": 12, "Plan Width": 4, "Actual Startup Time": 0.013, "Actual Total Time": 0.016, "Actual Rows": 3, "Actual Loops": 1}, {"Node Type": "Sort", "Parent Relationship": "Inner", "Startup Cost": 1194438.34, "Total Cost": 1196179.17, "Plan Rows": 696330, "Plan Width": 24, "Actual Startup Time": 18830.793, "Actual Total Time": 18830.794, "Actual Rows": 15, "Actual Loops": 1, "Sort Key": ["ci.role_id"], "Sort Method": "quicksort", "Sort Space Used": 26, "Sort Space Type": "Memory", "Plans": [{"Node Type": "Merge Join", "Parent Relationship": "Outer", "Join Type": "Inner", "Startup Cost": 80674.47, "Total Cost": 1126861.56, "Plan Rows": 696330, "Plan Width": 24, "Actual Startup Time": 153.389, "Actual Total Time": 18830.717, "Actual Rows": 15, "Actual Loops": 1, "Inner Unique": false, "Merge Cond": "(chn.id = ci.person_role_id)", "Plans": [{"Node Type": "Index Scan", "Parent Relationship": "Outer", "Scan Direction": "Forward", "Index Name": "char_name_pkey", "Relation Name": "char_name", "Alias": "chn", "Startup Cost": 0.0, "Total Cost": 129875.46, "Plan Rows": 3140338, "Plan Width": 20, "Actual Startup Time": 0.02, "Actual Total Time": 955.91, "Actual Rows": 881591, "Actual Loops": 1}, {"Node Type": "Index Scan", "Parent Relationship": "Inner", "Scan Direction": "Forward", "Index Name": "person_role_id_cast_info", "Relation Name": "cast_info", "Alias": "ci", "Startup Cost": 0.0, "Total Cost": 2022508.08, "Plan Rows": 1436424, "Plan Width": 12, "Actual Startup Time": 153.354, "Actual Total Time": 17752.307, "Actual Rows": 16, "Actual Loops": 1, "Filter": "((note)::text ~~ '%(producer)%'::text), (LLVM Optimized, Jit Execute)", "Rows Removed by Filter": 20122645}]}]}]}]}, {"Node Type": "Sort", "Parent Relationship": "Inner", "Startup Cost": 283826.21, "Total Cost": 287031.99, "Plan Rows": 1282311, "Plan Width": 8, "Actual Startup Time": 4339.357, "Actual Total Time": 4538.144, "Actual Rows": 1147175, "Actual Loops": 1, "Sort Key": ["mc.movie_id"], "Sort Method": "quicksort", "Sort Space Used": 121265, "Sort Space Type": "Memory", "Plans": [{"Node Type": "Merge Join", "Parent Relationship": "Outer", "Join Type": "Inner", "Startup Cost": 3383.04, "Total Cost": 153733.74, "Plan Rows": 1282311, "Plan Width": 8, "Actual Startup Time": 0.09, "Actual Total Time": 3893.554, "Actual Rows": 1153797, "Actual Loops": 1, "Inner Unique": false, "Merge Cond": "(cn.id = mc.company_id)", "Plans": [{"Node Type": "Index Scan", "Parent Relationship": "Outer", "Scan Direction": "Forward", "Index Name": "company_name_pkey", "Relation Name": "company_name", "Alias": "cn", "Startup Cost": 0.0, "Total Cost": 10501.39, "Plan Rows": 85170, "Plan Width": 4, "Actual Startup Time": 0.058, "Actual Total Time": 372.253, "Actual Rows": 84843, "Actual Loops": 1, "Filter": "((country_code)::text = '[us]'::text)", "Rows Removed by Filter": 150153}, {"Node Type": "Index Scan", "Parent Relationship": "Inner", "Scan Direction": "Forward", "Index Name": "company_id_movie_companies", "Relation Name": "movie_companies", "Alias": "mc", "Startup Cost": 0.0, "Total Cost": 123673.5, "Plan Rows": 2609128, "Plan Width": 12, "Actual Startup Time": 0.024, "Actual Total Time": 2956.505, "Actual Rows": 2609128, "Actual Loops": 1}]}]}]}, {"Node Type": "Materialize", "Parent Relationship": "Inner", "Startup Cost": 0.0, "Total Cost": 12.31, "Plan Rows": 3, "Plan Width": 4, "Actual Startup Time": 0.04, "Actual Total Time": 0.053, "Actual Rows": 30, "Actual Loops": 14, "Plans": [{"Node Type": "Index Scan", "Parent Relationship": "Outer", "Scan Direction": "Forward", "Index Name": "company_type_pkey", "Relation Name": "company_type", "Alias": "ct", "Startup Cost": 0.0, "Total Cost": 12.29, "Plan Rows": 3, "Plan Width": 4, "Actual Startup Time": 0.028, "Actual Total Time": 0.037, "Actual Rows": 3, "Actual Loops": 1}]}]}, {"Node Type": "Index Scan", "Parent Relationship": "Inner", "Scan Direction": "Forward", "Index Name": "title_pkey", "Relation Name": "title", "Alias": "t", "Startup Cost": 0.0, "Total Cost": 116441.27, "Plan Rows": 1748840, "Plan Width": 21, "Actual Startup Time": 0.045, "Actual Total Time": 2898.753, "Actual Rows": 1561981, "Actual Loops": 1, "Filter": "(production_year > 1990), (LLVM Optimized, Jit Execute)", "Rows Removed by Filter": 642389}]}]}, "Triggers": [], "Planner Runtime": 20.858, "Total Runtime": 26652.785, "Unique SQL Id": 3145361615}}, "(1, 22)": {"explain_plan": {"Plan": {"Node Type": "Aggregate", "Strategy": "Plain", "Startup Cost": 2227835.72, "Total Cost": 2227835.73, "Plan Rows": 1, "Plan Width": 97, "Plans": [{"Node Type": "Merge Join", "Parent Relationship": "Outer", "Join Type": "Inner", "Startup Cost": 2154430.59, "Total Cost": 2222988.65, "Plan Rows": 969413, "Plan Width": 33, "Inner Unique": true, "Merge Cond": "(mc.movie_id = t.id)", "Plans": [{"Node Type": "Nested Loop", "Parent Relationship": "Outer", "Join Type": "Inner", "Startup Cost": 1906703.59, "Total Cost": 1955082.56, "Plan Rows": 699731, "Plan Width": 24, "Inner Unique": true, "Join Filter": "(mc.company_type_id = ct.id), (LLVM Optimized)", "Plans": [{"Node Type": "Merge Join", "Parent Relationship": "Outer", "Join Type": "Inner", "Startup Cost": 1906703.59, "Total Cost": 1923593.63, "Plan Rows": 699731, "Plan Width": 28, "Inner Unique": false, "Merge Cond": "(ci.movie_id = mc.movie_id)", "Plans": [{"Node Type": "Sort", "Parent Relationship": "Outer", "Startup Cost": 1417551.53, "Total Cost": 1419292.36, "Plan Rows": 696330, "Plan Width": 20, "Sort Key": ["ci.movie_id"], "Plans": [{"Node Type": "Merge Join", "Parent Relationship": "Outer", "Join Type": "Inner", "Startup Cost": 1339529.75, "Total Cost": 1349974.75, "Plan Rows": 696330, "Plan Width": 20, "Inner Unique": false, "Merge Cond": "(rt.id = ci.role_id)", "Plans": [{"Node Type": "Sort", "Parent Relationship": "Outer", "Startup Cost": 1.34, "Total Cost": 1.37, "Plan Rows": 12, "Plan Width": 4, "Sort Key": ["rt.id"], "Plans": [{"Node Type": "Seq Scan", "Parent Relationship": "Outer", "Relation Name": "role_type", "Alias": "rt", "Startup Cost": 0.0, "Total Cost": 1.12, "Plan Rows": 12, "Plan Width": 4}]}, {"Node Type": "Sort", "Parent Relationship": "Inner", "Startup Cost": 1339528.41, "Total Cost": 1341269.24, "Plan Rows": 696330, "Plan Width": 24, "Sort Key": ["ci.role_id"], "Plans": [{"Node Type": "Merge Join", "Parent Relationship": "Outer", "Join Type": "Inner", "Startup Cost": 1246091.02, "Total Cost": 1271951.64, "Plan Rows": 696330, "Plan Width": 24, "Inner Unique": false, "Merge Cond": "(chn.id = ci.person_role_id)", "Plans": [{"Node Type": "Sort", "Parent Relationship": "Outer", "Startup Cost": 406374.92, "Total Cost": 414225.77, "Plan Rows": 3140338, "Plan Width": 20, "Sort Key": ["chn.id"], "Plans": [{"Node Type": "Seq Scan", "Parent Relationship": "Outer", "Relation Name": "char_name", "Alias": "chn", "Startup Cost": 0.0, "Total Cost": 67493.38, "Plan Rows": 3140338, "Plan Width": 20}]}, {"Node Type": "Sort", "Parent Relationship": "Inner", "Startup Cost": 839430.12, "Total Cost": 843021.18, "Plan Rows": 1436424, "Plan Width": 12, "Sort Key": ["ci.person_role_id"], "Plans": [{"Node Type": "Seq Scan", "Parent Relationship": "Outer", "Relation Name": "cast_info", "Alias": "ci", "Startup Cost": 0.0, "Total Cost": 692526.68, "Plan Rows": 1436424, "Plan Width": 12, "Filter": "((note)::text ~~ '%(producer)%'::text), (LLVM Optimized)"}]}]}]}]}]}, {"Node Type": "Sort", "Parent Relationship": "Inner", "Startup Cost": 489151.99, "Total Cost": 492357.77, "Plan Rows": 1282311, "Plan Width": 8, "Sort Key": ["mc.movie_id"], "Plans": [{"Node Type": "Merge Join", "Parent Relationship": "Outer", "Join Type": "Inner", "Startup Cost": 333103.9, "Total Cost": 359059.52, "Plan Rows": 1282311, "Plan Width": 8, "Inner Unique": false, "Merge Cond": "(cn.id = mc.company_id)", "Plans": [{"Node Type": "Sort", "Parent Relationship": "Outer", "Startup Cost": 12878.05, "Total Cost": 13090.97, "Plan Rows": 85170, "Plan Width": 4, "Sort Key": ["cn.id"], "Plans": [{"Node Type": "Seq Scan", "Parent Relationship": "Outer", "Relation Name": "company_name", "Alias": "cn", "Startup Cost": 0.0, "Total Cost": 5903.45, "Plan Rows": 85170, "Plan Width": 4, "Filter": "((country_code)::text = '[us]'::text)"}]}, {"Node Type": "Sort", "Parent Relationship": "Inner", "Startup Cost": 319886.87, "Total Cost": 326409.69, "Plan Rows": 2609128, "Plan Width": 12, "Sort Key": ["mc.company_id"], "Plans": [{"Node Type": "Seq Scan", "Parent Relationship": "Outer", "Relation Name": "movie_companies", "Alias": "mc", "Startup Cost": 0.0, "Total Cost": 41817.28, "Plan Rows": 2609128, "Plan Width": 12}]}]}]}]}, {"Node Type": "Materialize", "Parent Relationship": "Inner", "Startup Cost": 0.0, "Total Cost": 1.04, "Plan Rows": 3, "Plan Width": 4, "Plans": [{"Node Type": "Seq Scan", "Parent Relationship": "Outer", "Relation Name": "company_type", "Alias": "ct", "Startup Cost": 0.0, "Total Cost": 1.03, "Plan Rows": 3, "Plan Width": 4}]}]}, {"Node Type": "Sort", "Parent Relationship": "Inner", "Startup Cost": 247726.82, "Total Cost": 252098.92, "Plan Rows": 1748840, "Plan Width": 21, "Sort Key": ["t.id"], "Plans": [{"Node Type": "Seq Scan", "Parent Relationship": "Outer", "Relation Name": "title", "Alias": "t", "Startup Cost": 0.0, "Total Cost": 66389.89, "Plan Rows": 1748840, "Plan Width": 21, "Filter": "(production_year > 1990), (LLVM Optimized)"}]}]}]}, "Unique SQL Id": 3145361615}, "explain_analyze_plan": {"Plan": {"Node Type": "Aggregate", "Strategy": "Plain", "Startup Cost": 2227835.72, "Total Cost": 2227835.73, "Plan Rows": 1, "Plan Width": 97, "Actual Startup Time": 19345.38, "Actual Total Time": 19345.381, "Actual Rows": 1, "Actual Loops": 1, "Plans": [{"Node Type": "Merge Join", "Parent Relationship": "Outer", "Join Type": "Inner", "Startup Cost": 2154430.59, "Total Cost": 2222988.65, "Plan Rows": 969413, "Plan Width": 33, "Actual Startup Time": 19143.486, "Actual Total Time": 19345.32, "Actual Rows": 4, "Actual Loops": 1, "Inner Unique": true, "Merge Cond": "(mc.movie_id = t.id)", "Plans": [{"Node Type": "Nested Loop", "Parent Relationship": "Outer", "Join Type": "Inner", "Startup Cost": 1906703.59, "Total Cost": 1955082.56, "Plan Rows": 699731, "Plan Width": 24, "Actual Startup Time": 17076.502, "Actual Total Time": 17219.545, "Actual Rows": 6, "Actual Loops": 1, "Inner Unique": true, "Join Filter": "(mc.company_type_id = ct.id), (LLVM Optimized, Jit Execute)", "Rows Removed by Join Filter": 24, "Plans": [{"Node Type": "Merge Join", "Parent Relationship": "Outer", "Join Type": "Inner", "Startup Cost": 1906703.59, "Total Cost": 1923593.63, "Plan Rows": 699731, "Plan Width": 28, "Actual Startup Time": 17076.454, "Actual Total Time": 17219.442, "Actual Rows": 14, "Actual Loops": 1, "Inner Unique": false, "Merge Cond": "(ci.movie_id = mc.movie_id)", "Plans": [{"Node Type": "Sort", "Parent Relationship": "Outer", "Startup Cost": 1417551.53, "Total Cost": 1419292.36, "Plan Rows": 696330, "Plan Width": 20, "Actual Startup Time": 13492.849, "Actual Total Time": 13492.855, "Actual Rows": 15, "Actual Loops": 1, "Sort Key": ["ci.movie_id"], "Sort Method": "quicksort", "Sort Space Used": 26, "Sort Space Type": "Memory", "Plans": [{"Node Type": "Merge Join", "Parent Relationship": "Outer", "Join Type": "Inner", "Startup Cost": 1339529.75, "Total Cost": 1349974.75, "Plan Rows": 696330, "Plan Width": 20, "Actual Startup Time": 13492.817, "Actual Total Time": 13492.831, "Actual Rows": 15, "Actual Loops": 1, "Inner Unique": false, "Merge Cond": "(rt.id = ci.role_id)", "Plans": [{"Node Type": "Sort", "Parent Relationship": "Outer", "Startup Cost": 1.34, "Total Cost": 1.37, "Plan Rows": 12, "Plan Width": 4, "Actual Startup Time": 0.038, "Actual Total Time": 0.038, "Actual Rows": 3, "Actual Loops": 1, "Sort Key": ["rt.id"], "Sort Method": "quicksort", "Sort Space Used": 25, "Sort Space Type": "Memory", "Plans": [{"Node Type": "Seq Scan", "Parent Relationship": "Outer", "Relation Name": "role_type", "Alias": "rt", "Startup Cost": 0.0, "Total Cost": 1.12, "Plan Rows": 12, "Plan Width": 4, "Actual Startup Time": 0.017, "Actual Total Time": 0.02, "Actual Rows": 12, "Actual Loops": 1}]}, {"Node Type": "Sort", "Parent Relationship": "Inner", "Startup Cost": 1339528.41, "Total Cost": 1341269.24, "Plan Rows": 696330, "Plan Width": 24, "Actual Startup Time": 13492.769, "Actual Total Time": 13492.772, "Actual Rows": 15, "Actual Loops": 1, "Sort Key": ["ci.role_id"], "Sort Method": "quicksort", "Sort Space Used": 26, "Sort Space Type": "Memory", "Plans": [{"Node Type": "Merge Join", "Parent Relationship": "Outer", "Join Type": "Inner", "Startup Cost": 1246091.02, "Total Cost": 1271951.64, "Plan Rows": 696330, "Plan Width": 24, "Actual Startup Time": 13218.483, "Actual Total Time": 13492.726, "Actual Rows": 15, "Actual Loops": 1, "Inner Unique": false, "Merge Cond": "(chn.id = ci.person_role_id)", "Plans": [{"Node Type": "Sort", "Parent Relationship": "Outer", "Startup Cost": 406374.92, "Total Cost": 414225.77, "Plan Rows": 3140338, "Plan Width": 20, "Actual Startup Time": 2259.117, "Actual Total Time": 2399.635, "Actual Rows": 881591, "Actual Loops": 1, "Sort Key": ["chn.id"], "Sort Method": "quicksort", "Sort Space Used": 396731, "Sort Space Type": "Memory", "Plans": [{"Node Type": "Seq Scan", "Parent Relationship": "Outer", "Relation Name": "char_name", "Alias": "chn", "Startup Cost": 0.0, "Total Cost": 67493.38, "Plan Rows": 3140338, "Plan Width": 20, "Actual Startup Time": 0.018, "Actual Total Time": 938.23, "Actual Rows": 3140338, "Actual Loops": 1}]}, {"Node Type": "Sort", "Parent Relationship": "Inner", "Startup Cost": 839430.12, "Total Cost": 843021.18, "Plan Rows": 1436424, "Plan Width": 12, "Actual Startup Time": 10959.348, "Actual Total Time": 10959.349, "Actual Rows": 16, "Actual Loops": 1, "Sort Key": ["ci.person_role_id"], "Sort Method": "quicksort", "Sort Space Used": 138868, "Sort Space Type": "Memory", "Plans": [{"Node Type": "Seq Scan", "Parent Relationship": "Outer", "Relation Name": "cast_info", "Alias": "ci", "Startup Cost": 0.0, "Total Cost": 692526.68, "Plan Rows": 1436424, "Plan Width": 12, "Actual Startup Time": 648.004, "Actual Total Time": 10627.029, "Actual Rows": 1435439, "Actual Loops": 1, "Filter": "((note)::text ~~ '%(producer)%'::text), (LLVM Optimized, Jit Execute)", "Rows Removed by Filter": 34808904}]}]}]}]}]}, {"Node Type": "Sort", "Parent Relationship": "Inner", "Startup Cost": 489151.99, "Total Cost": 492357.77, "Plan Rows": 1282311, "Plan Width": 8, "Actual Startup Time": 3398.523, "Actual Total Time": 3578.544, "Actual Rows": 1147175, "Actual Loops": 1, "Sort Key": ["mc.movie_id"], "Sort Method": "quicksort", "Sort Space Used": 121265, "Sort Space Type": "Memory", "Plans": [{"Node Type": "Merge Join", "Parent Relationship": "Outer", "Join Type": "Inner", "Startup Cost": 333103.9, "Total Cost": 359059.52, "Plan Rows": 1282311, "Plan Width": 8, "Actual Startup Time": 1736.663, "Actual Total Time": 2971.029, "Actual Rows": 1153797, "Actual Loops": 1, "Inner Unique": false, "Merge Cond": "(cn.id = mc.company_id)", "Plans": [{"Node Type": "Sort", "Parent Relationship": "Outer", "Startup Cost": 12878.05, "Total Cost": 13090.97, "Plan Rows": 85170, "Plan Width": 4, "Actual Startup Time": 118.016, "Actual Total Time": 135.333, "Actual Rows": 84843, "Actual Loops": 1, "Sort Key": ["cn.id"], "Sort Method": "quicksort", "Sort Space Used": 8375, "Sort Space Type": "Memory", "Plans": [{"Node Type": "Seq Scan", "Parent Relationship": "Outer", "Relation Name": "company_name", "Alias": "cn", "Startup Cost": 0.0, "Total Cost": 5903.45, "Plan Rows": 85170, "Plan Width": 4, "Actual Startup Time": 0.062, "Actual Total Time": 87.643, "Actual Rows": 84843, "Actual Loops": 1, "Filter": "((country_code)::text = '[us]'::text)", "Rows Removed by Filter": 150153}]}, {"Node Type": "Sort", "Parent Relationship": "Inner", "Startup Cost": 319886.87, "Total Cost": 326409.69, "Plan Rows": 2609128, "Plan Width": 12, "Actual Startup Time": 1618.635, "Actual Total Time": 2303.982, "Actual Rows": 2609128, "Actual Loops": 1, "Sort Key": ["mc.company_id"], "Sort Method": "quicksort", "Sort Space Used": 342910, "Sort Space Type": "Memory", "Plans": [{"Node Type": "Seq Scan", "Parent Relationship": "Outer", "Relation Name": "movie_companies", "Alias": "mc", "Startup Cost": 0.0, "Total Cost": 41817.28, "Plan Rows": 2609128, "Plan Width": 12, "Actual Startup Time": 0.049, "Actual Total Time": 727.085, "Actual Rows": 2609128, "Actual Loops": 1}]}]}]}]}, {"Node Type": "Materialize", "Parent Relationship": "Inner", "Startup Cost": 0.0, "Total Cost": 1.04, "Plan Rows": 3, "Plan Width": 4, "Actual Startup Time": 0.049, "Actual Total Time": 0.065, "Actual Rows": 30, "Actual Loops": 14, "Plans": [{"Node Type": "Seq Scan", "Parent Relationship": "Outer", "Relation Name": "company_type", "Alias": "ct", "Startup Cost": 0.0, "Total Cost": 1.03, "Plan Rows": 3, "Plan Width": 4, "Actual Startup Time": 0.031, "Actual Total Time": 0.04, "Actual Rows": 3, "Actual Loops": 1}]}]}, {"Node Type": "Sort", "Parent Relationship": "Inner", "Startup Cost": 247726.82, "Total Cost": 252098.92, "Plan Rows": 1748840, "Plan Width": 21, "Actual Startup Time": 1568.534, "Actual Total Time": 1885.052, "Actual Rows": 1561981, "Actual Loops": 1, "Sort Key": ["t.id"], "Sort Method": "quicksort", "Sort Space Used": 219702, "Sort Space Type": "Memory", "Plans": [{"Node Type": "Seq Scan", "Parent Relationship": "Outer", "Relation Name": "title", "Alias": "t", "Startup Cost": 0.0, "Total Cost": 66389.89, "Plan Rows": 1748840, "Plan Width": 21, "Actual Startup Time": 0.02, "Actual Total Time": 839.335, "Actual Rows": 1749032, "Actual Loops": 1, "Filter": "(production_year > 1990), (LLVM Optimized, Jit Execute)", "Rows Removed by Filter": 779279}]}]}]}, "Triggers": [], "Planner Runtime": 15.598, "Total Runtime": 19355.374, "Unique SQL Id": 3145361615}}, "(1, 23)": {"explain_plan": {"Plan": {"Node Type": "Aggregate", "Strategy": "Plain", "Startup Cost": 1000042785415.19, "Total Cost": 1000042785415.2, "Plan Rows": 1, "Plan Width": 97, "Plans": [{"Node Type": "Nested Loop", "Parent Relationship": "Outer", "Join Type": "Inner", "Startup Cost": 10000000001.85, "Total Cost": 1000042780568.12, "Plan Rows": 969413, "Plan Width": 33, "Inner Unique": true, "Plans": [{"Node Type": "Nested Loop", "Parent Relationship": "Outer", "Join Type": "Inner", "Startup Cost": 10000000001.59, "Total Cost": 1000038631235.16, "Plan Rows": 969413, "Plan Width": 37, "Inner Unique": true, "Plans": [{"Node Type": "Nested Loop", "Parent Relationship": "Outer", "Join Type": "Inner", "Startup Cost": 10000000001.32, "Total Cost": 1000035624536.13, "Plan Rows": 699731, "Plan Width": 28, "Inner Unique": true, "Plans": [{"Node Type": "Nested Loop", "Parent Relationship": "Outer", "Join Type": "Inner", "Startup Cost": 10000000001.06, "Total Cost": 1000032629508.62, "Plan Rows": 699731, "Plan Width": 32, "Inner Unique": true, "Plans": [{"Node Type": "Nested Loop", "Parent Relationship": "Outer", "Join Type": "Inner", "Startup Cost": 10000000000.77, "Total Cost": 1000026404533.61, "Plan Rows": 1443440, "Plan Width": 20, "Inner Unique": false, "Plans": [{"Node Type": "Nested Loop", "Parent Relationship": "Outer", "Join Type": "Inner", "Startup Cost": 10000000000.26, "Total Cost": 1000020494063.94, "Plan Rows": 1282311, "Plan Width": 8, "Inner Unique": true, "Plans": [{"Node Type": "Index Scan", "Parent Relationship": "Outer", "Scan Direction": "Forward", "Index Name": "company_type_id_movie_companies", "Relation Name": "movie_companies", "Alias": "mc", "Startup Cost": 10000000000.0, "Total Cost": 1000009318217.0, "Plan Rows": 2609128, "Plan Width": 12}, {"Node Type": "Bitmap Heap Scan", "Parent Relationship": "Inner", "Relation Name": "company_name", "Alias": "cn", "Startup Cost": 0.26, "Total Cost": 4.27, "Plan Rows": 1, "Plan Width": 4, "Recheck Cond": "(id = mc.company_id)", "Filter": "((country_code)::text = '[us]'::text)", "Plans": [{"Node Type": "Bitmap Index Scan", "Parent Relationship": "Outer", "Index Name": "company_name_pkey", "Startup Cost": 0.0, "Total Cost": 0.26, "Plan Rows": 1, "Plan Width": 0, "Index Cond": "(id = mc.company_id)"}]}]}, {"Node Type": "Bitmap Heap Scan", "Parent Relationship": "Inner", "Relation Name": "cast_info", "Alias": "ci", "Startup Cost": 0.51, "Total Cost": 4.6, "Plan Rows": 1, "Plan Width": 12, "Recheck Cond": "(movie_id = mc.movie_id)", "Filter": "((note)::text ~~ '%(producer)%'::text)", "Plans": [{"Node Type": "Bitmap Index Scan", "Parent Relationship": "Outer", "Index Name": "movie_id_cast_info", "Startup Cost": 0.0, "Total Cost": 0.51, "Plan Rows": 6, "Plan Width": 0, "Index Cond": "(movie_id = mc.movie_id)"}]}]}, {"Node Type": "Bitmap Heap Scan", "Parent Relationship": "Inner", "Relation Name": "char_name", "Alias": "chn", "Startup Cost": 0.29, "Total Cost": 4.3, "Plan Rows": 1, "Plan Width": 20, "Recheck Cond": "(id = ci.person_role_id)", "Plans": [{"Node Type": "Bitmap Index Scan", "Parent Relationship": "Outer", "Index Name": "char_name_pkey", "Startup Cost": 0.0, "Total Cost": 0.29, "Plan Rows": 1, "Plan Width": 0, "Index Cond": "(id = ci.person_role_id)"}]}]}, {"Node Type": "Bitmap Heap Scan", "Parent Relationship": "Inner", "Relation Name": "role_type", "Alias": "rt", "Startup Cost": 0.26, "Total Cost": 4.27, "Plan Rows": 1, "Plan Width": 4, "Recheck Cond": "(id = ci.role_id)", "Plans": [{"Node Type": "Bitmap Index Scan", "Parent Relationship": "Outer", "Index Name": "role_type_pkey", "Startup Cost": 0.0, "Total Cost": 0.26, "Plan Rows": 1, "Plan Width": 0, "Index Cond": "(id = ci.role_id)"}]}]}, {"Node Type": "Bitmap Heap Scan", "Parent Relationship": "Inner", "Relation Name": "title", "Alias": "t", "Startup Cost": 0.27, "Total Cost": 4.29, "Plan Rows": 1, "Plan Width": 21, "Recheck Cond": "(id = mc.movie_id)", "Filter": "(production_year > 1990)", "Plans": [{"Node Type": "Bitmap Index Scan", "Parent Relationship": "Outer", "Index Name": "title_pkey", "Startup Cost": 0.0, "Total Cost": 0.27, "Plan Rows": 1, "Plan Width": 0, "Index Cond": "(id = mc.movie_id)"}]}]}, {"Node Type": "Bitmap Heap Scan", "Parent Relationship": "Inner", "Relation Name": "company_type", "Alias": "ct", "Startup Cost": 0.26, "Total Cost": 4.27, "Plan Rows": 1, "Plan Width": 4, "Recheck Cond": "(id = mc.company_type_id)", "Plans": [{"Node Type": "Bitmap Index Scan", "Parent Relationship": "Outer", "Index Name": "company_type_pkey", "Startup Cost": 0.0, "Total Cost": 0.26, "Plan Rows": 1, "Plan Width": 0, "Index Cond": "(id = mc.company_type_id)"}]}]}]}, "Unique SQL Id": 3145361615}, "explain_analyze_plan": null}, "(1, 24)": {"explain_plan": {"Plan": {"Node Type": "Aggregate", "Strategy": "Plain", "Startup Cost": 1602394.58, "Total Cost": 1602394.59, "Plan Rows": 1, "Plan Width": 97, "Plans": [{"Node Type": "Merge Join", "Parent Relationship": "Outer", "Join Type": "Inner", "Startup Cost": 1417030.12, "Total Cost": 1597547.51, "Plan Rows": 969413, "Plan Width": 33, "Inner Unique": true, "Merge Cond": "(mc.movie_id = t.id)", "Plans": [{"Node Type": "Nested Loop", "Parent Relationship": "Outer", "Join Type": "Inner", "Startup Cost": 1417027.5, "Total Cost": 1465406.47, "Plan Rows": 699731, "Plan Width": 24, "Inner Unique": true, "Join Filter": "(mc.company_type_id = ct.id), (LLVM Optimized)", "Plans": [{"Node Type": "Merge Join", "Parent Relationship": "Outer", "Join Type": "Inner", "Startup Cost": 1417027.5, "Total Cost": 1433917.54, "Plan Rows": 699731, "Plan Width": 28, "Inner Unique": false, "Merge Cond": "(ci.movie_id = mc.movie_id)", "Plans": [{"Node Type": "Sort", "Parent Relationship": "Outer", "Startup Cost": 1133201.22, "Total Cost": 1134942.04, "Plan Rows": 696330, "Plan Width": 20, "Sort Key": ["ci.movie_id"], "Plans": [{"Node Type": "Merge Join", "Parent Relationship": "Outer", "Join Type": "Inner", "Startup Cost": 1055179.44, "Total Cost": 1065624.44, "Plan Rows": 696330, "Plan Width": 20, "Inner Unique": false, "Merge Cond": "(rt.id = ci.role_id)", "Plans": [{"Node Type": "Sort", "Parent Relationship": "Outer", "Startup Cost": 1.34, "Total Cost": 1.37, "Plan Rows": 12, "Plan Width": 4, "Sort Key": ["rt.id"], "Plans": [{"Node Type": "Seq Scan", "Parent Relationship": "Outer", "Relation Name": "role_type", "Alias": "rt", "Startup Cost": 0.0, "Total Cost": 1.12, "Plan Rows": 12, "Plan Width": 4}]}, {"Node Type": "Sort", "Parent Relationship": "Inner", "Startup Cost": 1055178.1, "Total Cost": 1056918.93, "Plan Rows": 696330, "Plan Width": 24, "Sort Key": ["ci.role_id"], "Plans": [{"Node Type": "Merge Join", "Parent Relationship": "Outer", "Join Type": "Inner", "Startup Cost": 839716.09, "Total Cost": 987601.32, "Plan Rows": 696330, "Plan Width": 24, "Inner Unique": false, "Merge Cond": "(chn.id = ci.person_role_id)", "Plans": [{"Node Type": "Index Scan", "Parent Relationship": "Outer", "Scan Direction": "Forward", "Index Name": "char_name_pkey", "Relation Name": "char_name", "Alias": "chn", "Startup Cost": 0.0, "Total Cost": 129875.46, "Plan Rows": 3140338, "Plan Width": 20}, {"Node Type": "Sort", "Parent Relationship": "Inner", "Startup Cost": 839430.12, "Total Cost": 843021.18, "Plan Rows": 1436424, "Plan Width": 12, "Sort Key": ["ci.person_role_id"], "Plans": [{"Node Type": "Seq Scan", "Parent Relationship": "Outer", "Relation Name": "cast_info", "Alias": "ci", "Startup Cost": 0.0, "Total Cost": 692526.68, "Plan Rows": 1436424, "Plan Width": 12, "Filter": "((note)::text ~~ '%(producer)%'::text), (LLVM Optimized)"}]}]}]}]}]}, {"Node Type": "Sort", "Parent Relationship": "Inner", "Startup Cost": 283826.21, "Total Cost": 287031.99, "Plan Rows": 1282311, "Plan Width": 8, "Sort Key": ["mc.movie_id"], "Plans": [{"Node Type": "Merge Join", "Parent Relationship": "Outer", "Join Type": "Inner", "Startup Cost": 3383.04, "Total Cost": 153733.74, "Plan Rows": 1282311, "Plan Width": 8, "Inner Unique": false, "Merge Cond": "(cn.id = mc.company_id)", "Plans": [{"Node Type": "Index Scan", "Parent Relationship": "Outer", "Scan Direction": "Forward", "Index Name": "company_name_pkey", "Relation Name": "company_name", "Alias": "cn", "Startup Cost": 0.0, "Total Cost": 10501.39, "Plan Rows": 85170, "Plan Width": 4, "Filter": "((country_code)::text = '[us]'::text)"}, {"Node Type": "Index Scan", "Parent Relationship": "Inner", "Scan Direction": "Forward", "Index Name": "company_id_movie_companies", "Relation Name": "movie_companies", "Alias": "mc", "Startup Cost": 0.0, "Total Cost": 123673.5, "Plan Rows": 2609128, "Plan Width": 12}]}]}]}, {"Node Type": "Materialize", "Parent Relationship": "Inner", "Startup Cost": 0.0, "Total Cost": 1.04, "Plan Rows": 3, "Plan Width": 4, "Plans": [{"Node Type": "Seq Scan", "Parent Relationship": "Outer", "Relation Name": "company_type", "Alias": "ct", "Startup Cost": 0.0, "Total Cost": 1.03, "Plan Rows": 3, "Plan Width": 4}]}]}, {"Node Type": "Index Scan", "Parent Relationship": "Inner", "Scan Direction": "Forward", "Index Name": "title_pkey", "Relation Name": "title", "Alias": "t", "Startup Cost": 0.0, "Total Cost": 116441.27, "Plan Rows": 1748840, "Plan Width": 21, "Filter": "(production_year > 1990), (LLVM Optimized)"}]}]}, "Unique SQL Id": 3145361615}, "explain_analyze_plan": {"Plan": {"Node Type": "Aggregate", "Strategy": "Plain", "Startup Cost": 1602394.58, "Total Cost": 1602394.59, "Plan Rows": 1, "Plan Width": 97, "Actual Startup Time": 19007.165, "Actual Total Time": 19007.165, "Actual Rows": 1, "Actual Loops": 1, "Plans": [{"Node Type": "Merge Join", "Parent Relationship": "Outer", "Join Type": "Inner", "Startup Cost": 1417030.12, "Total Cost": 1597547.51, "Plan Rows": 969413, "Plan Width": 33, "Actual Startup Time": 18476.95, "Actual Total Time": 19007.096, "Actual Rows": 4, "Actual Loops": 1, "Inner Unique": true, "Merge Cond": "(mc.movie_id = t.id)", "Plans": [{"Node Type": "Nested Loop", "Parent Relationship": "Outer", "Join Type": "Inner", "Startup Cost": 1417027.5, "Total Cost": 1465406.47, "Plan Rows": 699731, "Plan Width": 24, "Actual Startup Time": 16224.032, "Actual Total Time": 16347.788, "Actual Rows": 6, "Actual Loops": 1, "Inner Unique": true, "Join Filter": "(mc.company_type_id = ct.id), (LLVM Optimized, Jit Execute)", "Rows Removed by Join Filter": 24, "Plans": [{"Node Type": "Merge Join", "Parent Relationship": "Outer", "Join Type": "Inner", "Startup Cost": 1417027.5, "Total Cost": 1433917.54, "Plan Rows": 699731, "Plan Width": 28, "Actual Startup Time": 16223.907, "Actual Total Time": 16347.601, "Actual Rows": 14, "Actual Loops": 1, "Inner Unique": false, "Merge Cond": "(ci.movie_id = mc.movie_id)", "Plans": [{"Node Type": "Sort", "Parent Relationship": "Outer", "Startup Cost": 1133201.22, "Total Cost": 1134942.04, "Plan Rows": 696330, "Plan Width": 20, "Actual Startup Time": 11906.722, "Actual Total Time": 11906.729, "Actual Rows": 15, "Actual Loops": 1, "Sort Key": ["ci.movie_id"], "Sort Method": "quicksort", "Sort Space Used": 26, "Sort Space Type": "Memory", "Plans": [{"Node Type": "Merge Join", "Parent Relationship": "Outer", "Join Type": "Inner", "Startup Cost": 1055179.44, "Total Cost": 1065624.44, "Plan Rows": 696330, "Plan Width": 20, "Actual Startup Time": 11906.683, "Actual Total Time": 11906.696, "Actual Rows": 15, "Actual Loops": 1, "Inner Unique": false, "Merge Cond": "(rt.id = ci.role_id)", "Plans": [{"Node Type": "Sort", "Parent Relationship": "Outer", "Startup Cost": 1.34, "Total Cost": 1.37, "Plan Rows": 12, "Plan Width": 4, "Actual Startup Time": 0.036, "Actual Total Time": 0.036, "Actual Rows": 3, "Actual Loops": 1, "Sort Key": ["rt.id"], "Sort Method": "quicksort", "Sort Space Used": 25, "Sort Space Type": "Memory", "Plans": [{"Node Type": "Seq Scan", "Parent Relationship": "Outer", "Relation Name": "role_type", "Alias": "rt", "Startup Cost": 0.0, "Total Cost": 1.12, "Plan Rows": 12, "Plan Width": 4, "Actual Startup Time": 0.016, "Actual Total Time": 0.021, "Actual Rows": 12, "Actual Loops": 1}]}, {"Node Type": "Sort", "Parent Relationship": "Inner", "Startup Cost": 1055178.1, "Total Cost": 1056918.93, "Plan Rows": 696330, "Plan Width": 24, "Actual Startup Time": 11906.636, "Actual Total Time": 11906.638, "Actual Rows": 15, "Actual Loops": 1, "Sort Key": ["ci.role_id"], "Sort Method": "quicksort", "Sort Space Used": 26, "Sort Space Type": "Memory", "Plans": [{"Node Type": "Merge Join", "Parent Relationship": "Outer", "Join Type": "Inner", "Startup Cost": 839716.09, "Total Cost": 987601.32, "Plan Rows": 696330, "Plan Width": 24, "Actual Startup Time": 10900.302, "Actual Total Time": 11906.592, "Actual Rows": 15, "Actual Loops": 1, "Inner Unique": false, "Merge Cond": "(chn.id = ci.person_role_id)", "Plans": [{"Node Type": "Index Scan", "Parent Relationship": "Outer", "Scan Direction": "Forward", "Index Name": "char_name_pkey", "Relation Name": "char_name", "Alias": "chn", "Startup Cost": 0.0, "Total Cost": 129875.46, "Plan Rows": 3140338, "Plan Width": 20, "Actual Startup Time": 0.023, "Actual Total Time": 882.736, "Actual Rows": 881591, "Actual Loops": 1}, {"Node Type": "Sort", "Parent Relationship": "Inner", "Startup Cost": 839430.12, "Total Cost": 843021.18, "Plan Rows": 1436424, "Plan Width": 12, "Actual Startup Time": 10900.192, "Actual Total Time": 10900.2, "Actual Rows": 16, "Actual Loops": 1, "Sort Key": ["ci.person_role_id"], "Sort Method": "quicksort", "Sort Space Used": 138868, "Sort Space Type": "Memory", "Plans": [{"Node Type": "Seq Scan", "Parent Relationship": "Outer", "Relation Name": "cast_info", "Alias": "ci", "Startup Cost": 0.0, "Total Cost": 692526.68, "Plan Rows": 1436424, "Plan Width": 12, "Actual Startup Time": 665.271, "Actual Total Time": 10569.423, "Actual Rows": 1435439, "Actual Loops": 1, "Filter": "((note)::text ~~ '%(producer)%'::text), (LLVM Optimized, Jit Execute)", "Rows Removed by Filter": 34808904}]}]}]}]}]}, {"Node Type": "Sort", "Parent Relationship": "Inner", "Startup Cost": 283826.21, "Total Cost": 287031.99, "Plan Rows": 1282311, "Plan Width": 8, "Actual Startup Time": 4130.856, "Actual Total Time": 4292.308, "Actual Rows": 1147175, "Actual Loops": 1, "Sort Key": ["mc.movie_id"], "Sort Method": "quicksort", "Sort Space Used": 121265, "Sort Space Type": "Memory", "Plans": [{"Node Type": "Merge Join", "Parent Relationship": "Outer", "Join Type": "Inner", "Startup Cost": 3383.04, "Total Cost": 153733.74, "Plan Rows": 1282311, "Plan Width": 8, "Actual Startup Time": 0.102, "Actual Total Time": 3683.575, "Actual Rows": 1153797, "Actual Loops": 1, "Inner Unique": false, "Merge Cond": "(cn.id = mc.company_id)", "Plans": [{"Node Type": "Index Scan", "Parent Relationship": "Outer", "Scan Direction": "Forward", "Index Name": "company_name_pkey", "Relation Name": "company_name", "Alias": "cn", "Startup Cost": 0.0, "Total Cost": 10501.39, "Plan Rows": 85170, "Plan Width": 4, "Actual Startup Time": 0.069, "Actual Total Time": 338.528, "Actual Rows": 84843, "Actual Loops": 1, "Filter": "((country_code)::text = '[us]'::text)", "Rows Removed by Filter": 150153}, {"Node Type": "Index Scan", "Parent Relationship": "Inner", "Scan Direction": "Forward", "Index Name": "company_id_movie_companies", "Relation Name": "movie_companies", "Alias": "mc", "Startup Cost": 0.0, "Total Cost": 123673.5, "Plan Rows": 2609128, "Plan Width": 12, "Actual Startup Time": 0.025, "Actual Total Time": 2775.55, "Actual Rows": 2609128, "Actual Loops": 1}]}]}]}, {"Node Type": "Materialize", "Parent Relationship": "Inner", "Startup Cost": 0.0, "Total Cost": 1.04, "Plan Rows": 3, "Plan Width": 4, "Actual Startup Time": 0.063, "Actual Total Time": 0.078, "Actual Rows": 30, "Actual Loops": 14, "Plans": [{"Node Type": "Seq Scan", "Parent Relationship": "Outer", "Relation Name": "company_type", "Alias": "ct", "Startup Cost": 0.0, "Total Cost": 1.03, "Plan Rows": 3, "Plan Width": 4, "Actual Startup Time": 0.035, "Actual Total Time": 0.043, "Actual Rows": 3, "Actual Loops": 1}]}]}, {"Node Type": "Index Scan", "Parent Relationship": "Inner", "Scan Direction": "Forward", "Index Name": "title_pkey", "Relation Name": "title", "Alias": "t", "Startup Cost": 0.0, "Total Cost": 116441.27, "Plan Rows": 1748840, "Plan Width": 21, "Actual Startup Time": 0.044, "Actual Total Time": 2436.975, "Actual Rows": 1561981, "Actual Loops": 1, "Filter": "(production_year > 1990), (LLVM Optimized, Jit Execute)", "Rows Removed by Filter": 642389}]}]}, "Triggers": [], "Planner Runtime": 23.271, "Total Runtime": 19017.017, "Unique SQL Id": 3145361615}}, "(1, 25)": {"explain_plan": {"Plan": {"Node Type": "Aggregate", "Strategy": "Plain", "Startup Cost": 1741668.45, "Total Cost": 1741668.46, "Plan Rows": 1, "Plan Width": 97, "Plans": [{"Node Type": "Merge Join", "Parent Relationship": "Outer", "Join Type": "Inner", "Startup Cost": 1556296.73, "Total Cost": 1736821.38, "Plan Rows": 969413, "Plan Width": 33, "Inner Unique": true, "Merge Cond": "(mc.movie_id = t.id)", "Plans": [{"Node Type": "Nested Loop", "Parent Relationship": "Outer", "Join Type": "Inner", "Startup Cost": 1556294.1, "Total Cost": 1604680.34, "Plan Rows": 699731, "Plan Width": 24, "Inner Unique": true, "Join Filter": "(mc.company_type_id = ct.id), (LLVM Optimized)", "Plans": [{"Node Type": "Merge Join", "Parent Relationship": "Outer", "Join Type": "Inner", "Startup Cost": 1556294.1, "Total Cost": 1573184.14, "Plan Rows": 699731, "Plan Width": 28, "Inner Unique": false, "Merge Cond": "(ci.movie_id = mc.movie_id)", "Plans": [{"Node Type": "Sort", "Parent Relationship": "Outer", "Startup Cost": 1272467.82, "Total Cost": 1274208.65, "Plan Rows": 696330, "Plan Width": 20, "Sort Key": ["ci.movie_id"], "Plans": [{"Node Type": "Merge Join", "Parent Relationship": "Outer", "Join Type": "Inner", "Startup Cost": 1194438.34, "Total Cost": 1204891.05, "Plan Rows": 696330, "Plan Width": 20, "Inner Unique": false, "Merge Cond": "(rt.id = ci.role_id)", "Plans": [{"Node Type": "Index Only Scan", "Parent Relationship": "Outer", "Scan Direction": "Forward", "Index Name": "role_type_pkey", "Relation Name": "role_type", "Alias": "rt", "Startup Cost": 0.0, "Total Cost": 8.43, "Plan Rows": 12, "Plan Width": 4}, {"Node Type": "Sort", "Parent Relationship": "Inner", "Startup Cost": 1194438.34, "Total Cost": 1196179.17, "Plan Rows": 696330, "Plan Width": 24, "Sort Key": ["ci.role_id"], "Plans": [{"Node Type": "Merge Join", "Parent Relationship": "Outer", "Join Type": "Inner", "Startup Cost": 80674.47, "Total Cost": 1126861.56, "Plan Rows": 696330, "Plan Width": 24, "Inner Unique": false, "Merge Cond": "(chn.id = ci.person_role_id)", "Plans": [{"Node Type": "Index Scan", "Parent Relationship": "Outer", "Scan Direction": "Forward", "Index Name": "char_name_pkey", "Relation Name": "char_name", "Alias": "chn", "Startup Cost": 0.0, "Total Cost": 129875.46, "Plan Rows": 3140338, "Plan Width": 20}, {"Node Type": "Index Scan", "Parent Relationship": "Inner", "Scan Direction": "Forward", "Index Name": "person_role_id_cast_info", "Relation Name": "cast_info", "Alias": "ci", "Startup Cost": 0.0, "Total Cost": 2022508.08, "Plan Rows": 1436424, "Plan Width": 12, "Filter": "((note)::text ~~ '%(producer)%'::text), (LLVM Optimized)"}]}]}]}]}, {"Node Type": "Sort", "Parent Relationship": "Inner", "Startup Cost": 283826.21, "Total Cost": 287031.99, "Plan Rows": 1282311, "Plan Width": 8, "Sort Key": ["mc.movie_id"], "Plans": [{"Node Type": "Merge Join", "Parent Relationship": "Outer", "Join Type": "Inner", "Startup Cost": 3383.04, "Total Cost": 153733.74, "Plan Rows": 1282311, "Plan Width": 8, "Inner Unique": false, "Merge Cond": "(cn.id = mc.company_id)", "Plans": [{"Node Type": "Index Scan", "Parent Relationship": "Outer", "Scan Direction": "Forward", "Index Name": "company_name_pkey", "Relation Name": "company_name", "Alias": "cn", "Startup Cost": 0.0, "Total Cost": 10501.39, "Plan Rows": 85170, "Plan Width": 4, "Filter": "((country_code)::text = '[us]'::text)"}, {"Node Type": "Index Scan", "Parent Relationship": "Inner", "Scan Direction": "Forward", "Index Name": "company_id_movie_companies", "Relation Name": "movie_companies", "Alias": "mc", "Startup Cost": 0.0, "Total Cost": 123673.5, "Plan Rows": 2609128, "Plan Width": 12}]}]}]}, {"Node Type": "Materialize", "Parent Relationship": "Inner", "Startup Cost": 0.0, "Total Cost": 8.31, "Plan Rows": 3, "Plan Width": 4, "Plans": [{"Node Type": "Index Only Scan", "Parent Relationship": "Outer", "Scan Direction": "Forward", "Index Name": "company_type_pkey", "Relation Name": "company_type", "Alias": "ct", "Startup Cost": 0.0, "Total Cost": 8.29, "Plan Rows": 3, "Plan Width": 4}]}]}, {"Node Type": "Index Scan", "Parent Relationship": "Inner", "Scan Direction": "Forward", "Index Name": "title_pkey", "Relation Name": "title", "Alias": "t", "Startup Cost": 0.0, "Total Cost": 116441.27, "Plan Rows": 1748840, "Plan Width": 21, "Filter": "(production_year > 1990), (LLVM Optimized)"}]}]}, "Unique SQL Id": 3145361615}, "explain_analyze_plan": {"Plan": {"Node Type": "Aggregate", "Strategy": "Plain", "Startup Cost": 1741668.45, "Total Cost": 1741668.46, "Plan Rows": 1, "Plan Width": 97, "Actual Startup Time": 25053.531, "Actual Total Time": 25053.532, "Actual Rows": 1, "Actual Loops": 1, "Plans": [{"Node Type": "Merge Join", "Parent Relationship": "Outer", "Join Type": "Inner", "Startup Cost": 1556296.73, "Total Cost": 1736821.38, "Plan Rows": 969413, "Plan Width": 33, "Actual Startup Time": 24512.812, "Actual Total Time": 25053.386, "Actual Rows": 4, "Actual Loops": 1, "Inner Unique": true, "Merge Cond": "(mc.movie_id = t.id)", "Plans": [{"Node Type": "Nested Loop", "Parent Relationship": "Outer", "Join Type": "Inner", "Startup Cost": 1556294.1, "Total Cost": 1604680.34, "Plan Rows": 699731, "Plan Width": 24, "Actual Startup Time": 22040.994, "Actual Total Time": 22166.053, "Actual Rows": 6, "Actual Loops": 1, "Inner Unique": true, "Join Filter": "(mc.company_type_id = ct.id), (LLVM Optimized, Jit Execute)", "Rows Removed by Join Filter": 24, "Plans": [{"Node Type": "Merge Join", "Parent Relationship": "Outer", "Join Type": "Inner", "Startup Cost": 1556294.1, "Total Cost": 1573184.14, "Plan Rows": 699731, "Plan Width": 28, "Actual Startup Time": 22040.947, "Actual Total Time": 22165.949, "Actual Rows": 14, "Actual Loops": 1, "Inner Unique": false, "Merge Cond": "(ci.movie_id = mc.movie_id)", "Plans": [{"Node Type": "Sort", "Parent Relationship": "Outer", "Startup Cost": 1272467.82, "Total Cost": 1274208.65, "Plan Rows": 696330, "Plan Width": 20, "Actual Startup Time": 17662.459, "Actual Total Time": 17662.467, "Actual Rows": 15, "Actual Loops": 1, "Sort Key": ["ci.movie_id"], "Sort Method": "quicksort", "Sort Space Used": 26, "Sort Space Type": "Memory", "Plans": [{"Node Type": "Merge Join", "Parent Relationship": "Outer", "Join Type": "Inner", "Startup Cost": 1194438.34, "Total Cost": 1204891.05, "Plan Rows": 696330, "Plan Width": 20, "Actual Startup Time": 17662.392, "Actual Total Time": 17662.423, "Actual Rows": 15, "Actual Loops": 1, "Inner Unique": false, "Merge Cond": "(rt.id = ci.role_id)", "Plans": [{"Node Type": "Index Only Scan", "Parent Relationship": "Outer", "Scan Direction": "Forward", "Index Name": "role_type_pkey", "Relation Name": "role_type", "Alias": "rt", "Startup Cost": 0.0, "Total Cost": 8.43, "Plan Rows": 12, "Plan Width": 4, "Actual Startup Time": 0.009, "Actual Total Time": 0.018, "Actual Rows": 3, "Actual Loops": 1, "Heap Fetches": 0}, {"Node Type": "Sort", "Parent Relationship": "Inner", "Startup Cost": 1194438.34, "Total Cost": 1196179.17, "Plan Rows": 696330, "Plan Width": 24, "Actual Startup Time": 17662.301, "Actual Total Time": 17662.304, "Actual Rows": 15, "Actual Loops": 1, "Sort Key": ["ci.role_id"], "Sort Method": "quicksort", "Sort Space Used": 26, "Sort Space Type": "Memory", "Plans": [{"Node Type": "Merge Join", "Parent Relationship": "Outer", "Join Type": "Inner", "Startup Cost": 80674.47, "Total Cost": 1126861.56, "Plan Rows": 696330, "Plan Width": 24, "Actual Startup Time": 154.823, "Actual Total Time": 17662.219, "Actual Rows": 15, "Actual Loops": 1, "Inner Unique": false, "Merge Cond": "(chn.id = ci.person_role_id)", "Plans": [{"Node Type": "Index Scan", "Parent Relationship": "Outer", "Scan Direction": "Forward", "Index Name": "char_name_pkey", "Relation Name": "char_name", "Alias": "chn", "Startup Cost": 0.0, "Total Cost": 129875.46, "Plan Rows": 3140338, "Plan Width": 20, "Actual Startup Time": 0.026, "Actual Total Time": 892.102, "Actual Rows": 881591, "Actual Loops": 1}, {"Node Type": "Index Scan", "Parent Relationship": "Inner", "Scan Direction": "Forward", "Index Name": "person_role_id_cast_info", "Relation Name": "cast_info", "Alias": "ci", "Startup Cost": 0.0, "Total Cost": 2022508.08, "Plan Rows": 1436424, "Plan Width": 12, "Actual Startup Time": 154.782, "Actual Total Time": 16647.349, "Actual Rows": 16, "Actual Loops": 1, "Filter": "((note)::text ~~ '%(producer)%'::text), (LLVM Optimized, Jit Execute)", "Rows Removed by Filter": 20122645}]}]}]}]}, {"Node Type": "Sort", "Parent Relationship": "Inner", "Startup Cost": 283826.21, "Total Cost": 287031.99, "Plan Rows": 1282311, "Plan Width": 8, "Actual Startup Time": 4217.11, "Actual Total Time": 4354.971, "Actual Rows": 1147175, "Actual Loops": 1, "Sort Key": ["mc.movie_id"], "Sort Method": "quicksort", "Sort Space Used": 121265, "Sort Space Type": "Memory", "Plans": [{"Node Type": "Merge Join", "Parent Relationship": "Outer", "Join Type": "Inner", "Startup Cost": 3383.04, "Total Cost": 153733.74, "Plan Rows": 1282311, "Plan Width": 8, "Actual Startup Time": 0.135, "Actual Total Time": 3773.704, "Actual Rows": 1153797, "Actual Loops": 1, "Inner Unique": false, "Merge Cond": "(cn.id = mc.company_id)", "Plans": [{"Node Type": "Index Scan", "Parent Relationship": "Outer", "Scan Direction": "Forward", "Index Name": "company_name_pkey", "Relation Name": "company_name", "Alias": "cn", "Startup Cost": 0.0, "Total Cost": 10501.39, "Plan Rows": 85170, "Plan Width": 4, "Actual Startup Time": 0.101, "Actual Total Time": 368.703, "Actual Rows": 84843, "Actual Loops": 1, "Filter": "((country_code)::text = '[us]'::text)", "Rows Removed by Filter": 150153}, {"Node Type": "Index Scan", "Parent Relationship": "Inner", "Scan Direction": "Forward", "Index Name": "company_id_movie_companies", "Relation Name": "movie_companies", "Alias": "mc", "Startup Cost": 0.0, "Total Cost": 123673.5, "Plan Rows": 2609128, "Plan Width": 12, "Actual Startup Time": 0.027, "Actual Total Time": 2842.67, "Actual Rows": 2609128, "Actual Loops": 1}]}]}]}, {"Node Type": "Materialize", "Parent Relationship": "Inner", "Startup Cost": 0.0, "Total Cost": 8.31, "Plan Rows": 3, "Plan Width": 4, "Actual Startup Time": 0.045, "Actual Total Time": 0.057, "Actual Rows": 30, "Actual Loops": 14, "Plans": [{"Node Type": "Index Only Scan", "Parent Relationship": "Outer", "Scan Direction": "Forward", "Index Name": "company_type_pkey", "Relation Name": "company_type", "Alias": "ct", "Startup Cost": 0.0, "Total Cost": 8.29, "Plan Rows": 3, "Plan Width": 4, "Actual Startup Time": 0.025, "Actual Total Time": 0.031, "Actual Rows": 3, "Actual Loops": 1, "Heap Fetches": 0}]}]}, {"Node Type": "Index Scan", "Parent Relationship": "Inner", "Scan Direction": "Forward", "Index Name": "title_pkey", "Relation Name": "title", "Alias": "t", "Startup Cost": 0.0, "Total Cost": 116441.27, "Plan Rows": 1748840, "Plan Width": 21, "Actual Startup Time": 0.05, "Actual Total Time": 2664.09, "Actual Rows": 1561981, "Actual Loops": 1, "Filter": "(production_year > 1990), (LLVM Optimized, Jit Execute)", "Rows Removed by Filter": 642389}]}]}, "Triggers": [], "Planner Runtime": 21.114, "Total Runtime": 25063.509, "Unique SQL Id": 3145361615}}, "(1, 26)": {"explain_plan": {"Plan": {"Node Type": "Aggregate", "Strategy": "Plain", "Startup Cost": 2227835.72, "Total Cost": 2227835.73, "Plan Rows": 1, "Plan Width": 97, "Plans": [{"Node Type": "Merge Join", "Parent Relationship": "Outer", "Join Type": "Inner", "Startup Cost": 2154430.59, "Total Cost": 2222988.65, "Plan Rows": 969413, "Plan Width": 33, "Inner Unique": true, "Merge Cond": "(mc.movie_id = t.id)", "Plans": [{"Node Type": "Nested Loop", "Parent Relationship": "Outer", "Join Type": "Inner", "Startup Cost": 1906703.59, "Total Cost": 1955082.56, "Plan Rows": 699731, "Plan Width": 24, "Inner Unique": true, "Join Filter": "(mc.company_type_id = ct.id), (LLVM Optimized)", "Plans": [{"Node Type": "Merge Join", "Parent Relationship": "Outer", "Join Type": "Inner", "Startup Cost": 1906703.59, "Total Cost": 1923593.63, "Plan Rows": 699731, "Plan Width": 28, "Inner Unique": false, "Merge Cond": "(ci.movie_id = mc.movie_id)", "Plans": [{"Node Type": "Sort", "Parent Relationship": "Outer", "Startup Cost": 1417551.53, "Total Cost": 1419292.36, "Plan Rows": 696330, "Plan Width": 20, "Sort Key": ["ci.movie_id"], "Plans": [{"Node Type": "Merge Join", "Parent Relationship": "Outer", "Join Type": "Inner", "Startup Cost": 1339529.75, "Total Cost": 1349974.75, "Plan Rows": 696330, "Plan Width": 20, "Inner Unique": false, "Merge Cond": "(rt.id = ci.role_id)", "Plans": [{"Node Type": "Sort", "Parent Relationship": "Outer", "Startup Cost": 1.34, "Total Cost": 1.37, "Plan Rows": 12, "Plan Width": 4, "Sort Key": ["rt.id"], "Plans": [{"Node Type": "Seq Scan", "Parent Relationship": "Outer", "Relation Name": "role_type", "Alias": "rt", "Startup Cost": 0.0, "Total Cost": 1.12, "Plan Rows": 12, "Plan Width": 4}]}, {"Node Type": "Sort", "Parent Relationship": "Inner", "Startup Cost": 1339528.41, "Total Cost": 1341269.24, "Plan Rows": 696330, "Plan Width": 24, "Sort Key": ["ci.role_id"], "Plans": [{"Node Type": "Merge Join", "Parent Relationship": "Outer", "Join Type": "Inner", "Startup Cost": 1246091.02, "Total Cost": 1271951.64, "Plan Rows": 696330, "Plan Width": 24, "Inner Unique": false, "Merge Cond": "(chn.id = ci.person_role_id)", "Plans": [{"Node Type": "Sort", "Parent Relationship": "Outer", "Startup Cost": 406374.92, "Total Cost": 414225.77, "Plan Rows": 3140338, "Plan Width": 20, "Sort Key": ["chn.id"], "Plans": [{"Node Type": "Seq Scan", "Parent Relationship": "Outer", "Relation Name": "char_name", "Alias": "chn", "Startup Cost": 0.0, "Total Cost": 67493.38, "Plan Rows": 3140338, "Plan Width": 20}]}, {"Node Type": "Sort", "Parent Relationship": "Inner", "Startup Cost": 839430.12, "Total Cost": 843021.18, "Plan Rows": 1436424, "Plan Width": 12, "Sort Key": ["ci.person_role_id"], "Plans": [{"Node Type": "Seq Scan", "Parent Relationship": "Outer", "Relation Name": "cast_info", "Alias": "ci", "Startup Cost": 0.0, "Total Cost": 692526.68, "Plan Rows": 1436424, "Plan Width": 12, "Filter": "((note)::text ~~ '%(producer)%'::text), (LLVM Optimized)"}]}]}]}]}]}, {"Node Type": "Sort", "Parent Relationship": "Inner", "Startup Cost": 489151.99, "Total Cost": 492357.77, "Plan Rows": 1282311, "Plan Width": 8, "Sort Key": ["mc.movie_id"], "Plans": [{"Node Type": "Merge Join", "Parent Relationship": "Outer", "Join Type": "Inner", "Startup Cost": 333103.9, "Total Cost": 359059.52, "Plan Rows": 1282311, "Plan Width": 8, "Inner Unique": false, "Merge Cond": "(cn.id = mc.company_id)", "Plans": [{"Node Type": "Sort", "Parent Relationship": "Outer", "Startup Cost": 12878.05, "Total Cost": 13090.97, "Plan Rows": 85170, "Plan Width": 4, "Sort Key": ["cn.id"], "Plans": [{"Node Type": "Seq Scan", "Parent Relationship": "Outer", "Relation Name": "company_name", "Alias": "cn", "Startup Cost": 0.0, "Total Cost": 5903.45, "Plan Rows": 85170, "Plan Width": 4, "Filter": "((country_code)::text = '[us]'::text)"}]}, {"Node Type": "Sort", "Parent Relationship": "Inner", "Startup Cost": 319886.87, "Total Cost": 326409.69, "Plan Rows": 2609128, "Plan Width": 12, "Sort Key": ["mc.company_id"], "Plans": [{"Node Type": "Seq Scan", "Parent Relationship": "Outer", "Relation Name": "movie_companies", "Alias": "mc", "Startup Cost": 0.0, "Total Cost": 41817.28, "Plan Rows": 2609128, "Plan Width": 12}]}]}]}]}, {"Node Type": "Materialize", "Parent Relationship": "Inner", "Startup Cost": 0.0, "Total Cost": 1.04, "Plan Rows": 3, "Plan Width": 4, "Plans": [{"Node Type": "Seq Scan", "Parent Relationship": "Outer", "Relation Name": "company_type", "Alias": "ct", "Startup Cost": 0.0, "Total Cost": 1.03, "Plan Rows": 3, "Plan Width": 4}]}]}, {"Node Type": "Sort", "Parent Relationship": "Inner", "Startup Cost": 247726.82, "Total Cost": 252098.92, "Plan Rows": 1748840, "Plan Width": 21, "Sort Key": ["t.id"], "Plans": [{"Node Type": "Seq Scan", "Parent Relationship": "Outer", "Relation Name": "title", "Alias": "t", "Startup Cost": 0.0, "Total Cost": 66389.89, "Plan Rows": 1748840, "Plan Width": 21, "Filter": "(production_year > 1990), (LLVM Optimized)"}]}]}]}, "Unique SQL Id": 3145361615}, "explain_analyze_plan": {"Plan": {"Node Type": "Aggregate", "Strategy": "Plain", "Startup Cost": 2227835.72, "Total Cost": 2227835.73, "Plan Rows": 1, "Plan Width": 97, "Actual Startup Time": 19345.38, "Actual Total Time": 19345.381, "Actual Rows": 1, "Actual Loops": 1, "Plans": [{"Node Type": "Merge Join", "Parent Relationship": "Outer", "Join Type": "Inner", "Startup Cost": 2154430.59, "Total Cost": 2222988.65, "Plan Rows": 969413, "Plan Width": 33, "Actual Startup Time": 19143.486, "Actual Total Time": 19345.32, "Actual Rows": 4, "Actual Loops": 1, "Inner Unique": true, "Merge Cond": "(mc.movie_id = t.id)", "Plans": [{"Node Type": "Nested Loop", "Parent Relationship": "Outer", "Join Type": "Inner", "Startup Cost": 1906703.59, "Total Cost": 1955082.56, "Plan Rows": 699731, "Plan Width": 24, "Actual Startup Time": 17076.502, "Actual Total Time": 17219.545, "Actual Rows": 6, "Actual Loops": 1, "Inner Unique": true, "Join Filter": "(mc.company_type_id = ct.id), (LLVM Optimized, Jit Execute)", "Rows Removed by Join Filter": 24, "Plans": [{"Node Type": "Merge Join", "Parent Relationship": "Outer", "Join Type": "Inner", "Startup Cost": 1906703.59, "Total Cost": 1923593.63, "Plan Rows": 699731, "Plan Width": 28, "Actual Startup Time": 17076.454, "Actual Total Time": 17219.442, "Actual Rows": 14, "Actual Loops": 1, "Inner Unique": false, "Merge Cond": "(ci.movie_id = mc.movie_id)", "Plans": [{"Node Type": "Sort", "Parent Relationship": "Outer", "Startup Cost": 1417551.53, "Total Cost": 1419292.36, "Plan Rows": 696330, "Plan Width": 20, "Actual Startup Time": 13492.849, "Actual Total Time": 13492.855, "Actual Rows": 15, "Actual Loops": 1, "Sort Key": ["ci.movie_id"], "Sort Method": "quicksort", "Sort Space Used": 26, "Sort Space Type": "Memory", "Plans": [{"Node Type": "Merge Join", "Parent Relationship": "Outer", "Join Type": "Inner", "Startup Cost": 1339529.75, "Total Cost": 1349974.75, "Plan Rows": 696330, "Plan Width": 20, "Actual Startup Time": 13492.817, "Actual Total Time": 13492.831, "Actual Rows": 15, "Actual Loops": 1, "Inner Unique": false, "Merge Cond": "(rt.id = ci.role_id)", "Plans": [{"Node Type": "Sort", "Parent Relationship": "Outer", "Startup Cost": 1.34, "Total Cost": 1.37, "Plan Rows": 12, "Plan Width": 4, "Actual Startup Time": 0.038, "Actual Total Time": 0.038, "Actual Rows": 3, "Actual Loops": 1, "Sort Key": ["rt.id"], "Sort Method": "quicksort", "Sort Space Used": 25, "Sort Space Type": "Memory", "Plans": [{"Node Type": "Seq Scan", "Parent Relationship": "Outer", "Relation Name": "role_type", "Alias": "rt", "Startup Cost": 0.0, "Total Cost": 1.12, "Plan Rows": 12, "Plan Width": 4, "Actual Startup Time": 0.017, "Actual Total Time": 0.02, "Actual Rows": 12, "Actual Loops": 1}]}, {"Node Type": "Sort", "Parent Relationship": "Inner", "Startup Cost": 1339528.41, "Total Cost": 1341269.24, "Plan Rows": 696330, "Plan Width": 24, "Actual Startup Time": 13492.769, "Actual Total Time": 13492.772, "Actual Rows": 15, "Actual Loops": 1, "Sort Key": ["ci.role_id"], "Sort Method": "quicksort", "Sort Space Used": 26, "Sort Space Type": "Memory", "Plans": [{"Node Type": "Merge Join", "Parent Relationship": "Outer", "Join Type": "Inner", "Startup Cost": 1246091.02, "Total Cost": 1271951.64, "Plan Rows": 696330, "Plan Width": 24, "Actual Startup Time": 13218.483, "Actual Total Time": 13492.726, "Actual Rows": 15, "Actual Loops": 1, "Inner Unique": false, "Merge Cond": "(chn.id = ci.person_role_id)", "Plans": [{"Node Type": "Sort", "Parent Relationship": "Outer", "Startup Cost": 406374.92, "Total Cost": 414225.77, "Plan Rows": 3140338, "Plan Width": 20, "Actual Startup Time": 2259.117, "Actual Total Time": 2399.635, "Actual Rows": 881591, "Actual Loops": 1, "Sort Key": ["chn.id"], "Sort Method": "quicksort", "Sort Space Used": 396731, "Sort Space Type": "Memory", "Plans": [{"Node Type": "Seq Scan", "Parent Relationship": "Outer", "Relation Name": "char_name", "Alias": "chn", "Startup Cost": 0.0, "Total Cost": 67493.38, "Plan Rows": 3140338, "Plan Width": 20, "Actual Startup Time": 0.018, "Actual Total Time": 938.23, "Actual Rows": 3140338, "Actual Loops": 1}]}, {"Node Type": "Sort", "Parent Relationship": "Inner", "Startup Cost": 839430.12, "Total Cost": 843021.18, "Plan Rows": 1436424, "Plan Width": 12, "Actual Startup Time": 10959.348, "Actual Total Time": 10959.349, "Actual Rows": 16, "Actual Loops": 1, "Sort Key": ["ci.person_role_id"], "Sort Method": "quicksort", "Sort Space Used": 138868, "Sort Space Type": "Memory", "Plans": [{"Node Type": "Seq Scan", "Parent Relationship": "Outer", "Relation Name": "cast_info", "Alias": "ci", "Startup Cost": 0.0, "Total Cost": 692526.68, "Plan Rows": 1436424, "Plan Width": 12, "Actual Startup Time": 648.004, "Actual Total Time": 10627.029, "Actual Rows": 1435439, "Actual Loops": 1, "Filter": "((note)::text ~~ '%(producer)%'::text), (LLVM Optimized, Jit Execute)", "Rows Removed by Filter": 34808904}]}]}]}]}]}, {"Node Type": "Sort", "Parent Relationship": "Inner", "Startup Cost": 489151.99, "Total Cost": 492357.77, "Plan Rows": 1282311, "Plan Width": 8, "Actual Startup Time": 3398.523, "Actual Total Time": 3578.544, "Actual Rows": 1147175, "Actual Loops": 1, "Sort Key": ["mc.movie_id"], "Sort Method": "quicksort", "Sort Space Used": 121265, "Sort Space Type": "Memory", "Plans": [{"Node Type": "Merge Join", "Parent Relationship": "Outer", "Join Type": "Inner", "Startup Cost": 333103.9, "Total Cost": 359059.52, "Plan Rows": 1282311, "Plan Width": 8, "Actual Startup Time": 1736.663, "Actual Total Time": 2971.029, "Actual Rows": 1153797, "Actual Loops": 1, "Inner Unique": false, "Merge Cond": "(cn.id = mc.company_id)", "Plans": [{"Node Type": "Sort", "Parent Relationship": "Outer", "Startup Cost": 12878.05, "Total Cost": 13090.97, "Plan Rows": 85170, "Plan Width": 4, "Actual Startup Time": 118.016, "Actual Total Time": 135.333, "Actual Rows": 84843, "Actual Loops": 1, "Sort Key": ["cn.id"], "Sort Method": "quicksort", "Sort Space Used": 8375, "Sort Space Type": "Memory", "Plans": [{"Node Type": "Seq Scan", "Parent Relationship": "Outer", "Relation Name": "company_name", "Alias": "cn", "Startup Cost": 0.0, "Total Cost": 5903.45, "Plan Rows": 85170, "Plan Width": 4, "Actual Startup Time": 0.062, "Actual Total Time": 87.643, "Actual Rows": 84843, "Actual Loops": 1, "Filter": "((country_code)::text = '[us]'::text)", "Rows Removed by Filter": 150153}]}, {"Node Type": "Sort", "Parent Relationship": "Inner", "Startup Cost": 319886.87, "Total Cost": 326409.69, "Plan Rows": 2609128, "Plan Width": 12, "Actual Startup Time": 1618.635, "Actual Total Time": 2303.982, "Actual Rows": 2609128, "Actual Loops": 1, "Sort Key": ["mc.company_id"], "Sort Method": "quicksort", "Sort Space Used": 342910, "Sort Space Type": "Memory", "Plans": [{"Node Type": "Seq Scan", "Parent Relationship": "Outer", "Relation Name": "movie_companies", "Alias": "mc", "Startup Cost": 0.0, "Total Cost": 41817.28, "Plan Rows": 2609128, "Plan Width": 12, "Actual Startup Time": 0.049, "Actual Total Time": 727.085, "Actual Rows": 2609128, "Actual Loops": 1}]}]}]}]}, {"Node Type": "Materialize", "Parent Relationship": "Inner", "Startup Cost": 0.0, "Total Cost": 1.04, "Plan Rows": 3, "Plan Width": 4, "Actual Startup Time": 0.049, "Actual Total Time": 0.065, "Actual Rows": 30, "Actual Loops": 14, "Plans": [{"Node Type": "Seq Scan", "Parent Relationship": "Outer", "Relation Name": "company_type", "Alias": "ct", "Startup Cost": 0.0, "Total Cost": 1.03, "Plan Rows": 3, "Plan Width": 4, "Actual Startup Time": 0.031, "Actual Total Time": 0.04, "Actual Rows": 3, "Actual Loops": 1}]}]}, {"Node Type": "Sort", "Parent Relationship": "Inner", "Startup Cost": 247726.82, "Total Cost": 252098.92, "Plan Rows": 1748840, "Plan Width": 21, "Actual Startup Time": 1568.534, "Actual Total Time": 1885.052, "Actual Rows": 1561981, "Actual Loops": 1, "Sort Key": ["t.id"], "Sort Method": "quicksort", "Sort Space Used": 219702, "Sort Space Type": "Memory", "Plans": [{"Node Type": "Seq Scan", "Parent Relationship": "Outer", "Relation Name": "title", "Alias": "t", "Startup Cost": 0.0, "Total Cost": 66389.89, "Plan Rows": 1748840, "Plan Width": 21, "Actual Startup Time": 0.02, "Actual Total Time": 839.335, "Actual Rows": 1749032, "Actual Loops": 1, "Filter": "(production_year > 1990), (LLVM Optimized, Jit Execute)", "Rows Removed by Filter": 779279}]}]}]}, "Triggers": [], "Planner Runtime": 15.598, "Total Runtime": 19355.374, "Unique SQL Id": 3145361615}}, "(1, 27)": {"explain_plan": {"Plan": {"Node Type": "Aggregate", "Strategy": "Plain", "Startup Cost": 3972961914007.03, "Total Cost": 3972961914007.04, "Plan Rows": 1, "Plan Width": 97, "Plans": [{"Node Type": "Merge Join", "Parent Relationship": "Outer", "Join Type": "Inner", "Startup Cost": 309264820736.24, "Total Cost": 3972961909159.97, "Plan Rows": 969413, "Plan Width": 33, "Inner Unique": true, "Merge Cond": "(ci.person_role_id = chn.id)", "Plans": [{"Node Type": "Nested Loop", "Parent Relationship": "Outer", "Join Type": "Inner", "Startup Cost": 60000000000.0, "Total Cost": 6069052206323.43, "Plan Rows": 1999754, "Plan Width": 21, "Inner Unique": true, "Join Filter": "(mc.movie_id = t.id), (LLVM Optimized)", "Plans": [{"Node Type": "Nested Loop", "Parent Relationship": "Outer", "Join Type": "Inner", "Startup Cost": 50000000000.0, "Total Cost": 5031175373680.67, "Plan Rows": 1443440, "Plan Width": 12, "Inner Unique": true, "Join Filter": "(mc.company_type_id = ct.id), (LLVM Optimized)", "Plans": [{"Node Type": "Nested Loop", "Parent Relationship": "Outer", "Join Type": "Inner", "Startup Cost": 40000000000.0, "Total Cost": 4031175307896.36, "Plan Rows": 1443440, "Plan Width": 16, "Inner Unique": false, "Join Filter": "(ci.movie_id = mc.movie_id), (LLVM Optimized)", "Plans": [{"Node Type": "Nested Loop", "Parent Relationship": "Outer", "Join Type": "Inner", "Startup Cost": 20000000000.0, "Total Cost": 2000202510207.33, "Plan Rows": 1436424, "Plan Width": 8, "Inner Unique": true, "Join Filter": "(ci.role_id = rt.id), (LLVM Optimized)", "Plans": [{"Node Type": "Index Scan", "Parent Relationship": "Outer", "Scan Direction": "Forward", "Index Name": "person_role_id_cast_info", "Relation Name": "cast_info", "Alias": "ci", "Startup Cost": 10000000000.0, "Total Cost": 1000202250807.98, "Plan Rows": 1436424, "Plan Width": 12, "Filter": "((note)::text ~~ '%(producer)%'::text), (LLVM Optimized)"}, {"Node Type": "Materialize", "Parent Relationship": "Inner", "Startup Cost": 10000000000.0, "Total Cost": 1000000000843.06, "Plan Rows": 12, "Plan Width": 4, "Plans": [{"Node Type": "Index Only Scan", "Parent Relationship": "Outer", "Scan Direction": "Forward", "Index Name": "role_type_pkey", "Relation Name": "role_type", "Alias": "rt", "Startup Cost": 10000000000.0, "Total Cost": 1000000000843.0, "Plan Rows": 12, "Plan Width": 4}]}]}, {"Node Type": "Materialize", "Parent Relationship": "Inner", "Startup Cost": 20000000000.0, "Total Cost": 2003343666456.85, "Plan Rows": 1282311, "Plan Width": 8, "Plans": [{"Node Type": "Nested Loop", "Parent Relationship": "Outer", "Join Type": "Inner", "Startup Cost": 20000000000.0, "Total Cost": 2003343660045.29, "Plan Rows": 1282311, "Plan Width": 8, "Inner Unique": true, "Join Filter": "(cn.id = mc.company_id), (LLVM Optimized)", "Plans": [{"Node Type": "Index Scan", "Parent Relationship": "Outer", "Scan Direction": "Forward", "Index Name": "company_type_id_movie_companies", "Relation Name": "movie_companies", "Alias": "mc", "Startup Cost": 10000000000.0, "Total Cost": 1000009318217.0, "Plan Rows": 2609128, "Plan Width": 12}, {"Node Type": "Materialize", "Parent Relationship": "Inner", "Startup Cost": 10000000000.0, "Total Cost": 1000001050564.82, "Plan Rows": 85170, "Plan Width": 4, "Plans": [{"Node Type": "Index Scan", "Parent Relationship": "Outer", "Scan Direction": "Forward", "Index Name": "company_name_pkey", "Relation Name": "company_name", "Alias": "cn", "Startup Cost": 10000000000.0, "Total Cost": 1000001050138.97, "Plan Rows": 85170, "Plan Width": 4, "Filter": "((country_code)::text = '[us]'::text)"}]}]}]}]}, {"Node Type": "Materialize", "Parent Relationship": "Inner", "Startup Cost": 10000000000.0, "Total Cost": 1000000000829.52, "Plan Rows": 3, "Plan Width": 4, "Plans": [{"Node Type": "Index Only Scan", "Parent Relationship": "Outer", "Scan Direction": "Forward", "Index Name": "company_type_pkey", "Relation Name": "company_type", "Alias": "ct", "Startup Cost": 10000000000.0, "Total Cost": 1000000000829.5, "Plan Rows": 3, "Plan Width": 4}]}]}, {"Node Type": "Materialize", "Parent Relationship": "Inner", "Startup Cost": 10000000000.0, "Total Cost": 1000011652870.86, "Plan Rows": 1748840, "Plan Width": 21, "Plans": [{"Node Type": "Index Scan", "Parent Relationship": "Outer", "Scan Direction": "Forward", "Index Name": "title_pkey", "Relation Name": "title", "Alias": "t", "Startup Cost": 10000000000.0, "Total Cost": 1000011644126.66, "Plan Rows": 1748840, "Plan Width": 21, "Filter": "(production_year > 1990), (LLVM Optimized)"}]}]}, {"Node Type": "Index Scan", "Parent Relationship": "Inner", "Scan Direction": "Forward", "Index Name": "char_name_pkey", "Relation Name": "char_name", "Alias": "chn", "Startup Cost": 10000000000.0, "Total Cost": 1000012987545.51, "Plan Rows": 3140338, "Plan Width": 20}]}]}, "Unique SQL Id": 3145361615}, "explain_analyze_plan": null}, "(1, 28)": {"explain_plan": {"Plan": {"Node Type": "Aggregate", "Strategy": "Plain", "Startup Cost": 1602394.58, "Total Cost": 1602394.59, "Plan Rows": 1, "Plan Width": 97, "Plans": [{"Node Type": "Merge Join", "Parent Relationship": "Outer", "Join Type": "Inner", "Startup Cost": 1417030.12, "Total Cost": 1597547.51, "Plan Rows": 969413, "Plan Width": 33, "Inner Unique": true, "Merge Cond": "(mc.movie_id = t.id)", "Plans": [{"Node Type": "Nested Loop", "Parent Relationship": "Outer", "Join Type": "Inner", "Startup Cost": 1417027.5, "Total Cost": 1465406.47, "Plan Rows": 699731, "Plan Width": 24, "Inner Unique": true, "Join Filter": "(mc.company_type_id = ct.id), (LLVM Optimized)", "Plans": [{"Node Type": "Merge Join", "Parent Relationship": "Outer", "Join Type": "Inner", "Startup Cost": 1417027.5, "Total Cost": 1433917.54, "Plan Rows": 699731, "Plan Width": 28, "Inner Unique": false, "Merge Cond": "(ci.movie_id = mc.movie_id)", "Plans": [{"Node Type": "Sort", "Parent Relationship": "Outer", "Startup Cost": 1133201.22, "Total Cost": 1134942.04, "Plan Rows": 696330, "Plan Width": 20, "Sort Key": ["ci.movie_id"], "Plans": [{"Node Type": "Merge Join", "Parent Relationship": "Outer", "Join Type": "Inner", "Startup Cost": 1055179.44, "Total Cost": 1065624.44, "Plan Rows": 696330, "Plan Width": 20, "Inner Unique": false, "Merge Cond": "(rt.id = ci.role_id)", "Plans": [{"Node Type": "Sort", "Parent Relationship": "Outer", "Startup Cost": 1.34, "Total Cost": 1.37, "Plan Rows": 12, "Plan Width": 4, "Sort Key": ["rt.id"], "Plans": [{"Node Type": "Seq Scan", "Parent Relationship": "Outer", "Relation Name": "role_type", "Alias": "rt", "Startup Cost": 0.0, "Total Cost": 1.12, "Plan Rows": 12, "Plan Width": 4}]}, {"Node Type": "Sort", "Parent Relationship": "Inner", "Startup Cost": 1055178.1, "Total Cost": 1056918.93, "Plan Rows": 696330, "Plan Width": 24, "Sort Key": ["ci.role_id"], "Plans": [{"Node Type": "Merge Join", "Parent Relationship": "Outer", "Join Type": "Inner", "Startup Cost": 839716.09, "Total Cost": 987601.32, "Plan Rows": 696330, "Plan Width": 24, "Inner Unique": false, "Merge Cond": "(chn.id = ci.person_role_id)", "Plans": [{"Node Type": "Index Scan", "Parent Relationship": "Outer", "Scan Direction": "Forward", "Index Name": "char_name_pkey", "Relation Name": "char_name", "Alias": "chn", "Startup Cost": 0.0, "Total Cost": 129875.46, "Plan Rows": 3140338, "Plan Width": 20}, {"Node Type": "Sort", "Parent Relationship": "Inner", "Startup Cost": 839430.12, "Total Cost": 843021.18, "Plan Rows": 1436424, "Plan Width": 12, "Sort Key": ["ci.person_role_id"], "Plans": [{"Node Type": "Seq Scan", "Parent Relationship": "Outer", "Relation Name": "cast_info", "Alias": "ci", "Startup Cost": 0.0, "Total Cost": 692526.68, "Plan Rows": 1436424, "Plan Width": 12, "Filter": "((note)::text ~~ '%(producer)%'::text), (LLVM Optimized)"}]}]}]}]}]}, {"Node Type": "Sort", "Parent Relationship": "Inner", "Startup Cost": 283826.21, "Total Cost": 287031.99, "Plan Rows": 1282311, "Plan Width": 8, "Sort Key": ["mc.movie_id"], "Plans": [{"Node Type": "Merge Join", "Parent Relationship": "Outer", "Join Type": "Inner", "Startup Cost": 3383.04, "Total Cost": 153733.74, "Plan Rows": 1282311, "Plan Width": 8, "Inner Unique": false, "Merge Cond": "(cn.id = mc.company_id)", "Plans": [{"Node Type": "Index Scan", "Parent Relationship": "Outer", "Scan Direction": "Forward", "Index Name": "company_name_pkey", "Relation Name": "company_name", "Alias": "cn", "Startup Cost": 0.0, "Total Cost": 10501.39, "Plan Rows": 85170, "Plan Width": 4, "Filter": "((country_code)::text = '[us]'::text)"}, {"Node Type": "Index Scan", "Parent Relationship": "Inner", "Scan Direction": "Forward", "Index Name": "company_id_movie_companies", "Relation Name": "movie_companies", "Alias": "mc", "Startup Cost": 0.0, "Total Cost": 123673.5, "Plan Rows": 2609128, "Plan Width": 12}]}]}]}, {"Node Type": "Materialize", "Parent Relationship": "Inner", "Startup Cost": 0.0, "Total Cost": 1.04, "Plan Rows": 3, "Plan Width": 4, "Plans": [{"Node Type": "Seq Scan", "Parent Relationship": "Outer", "Relation Name": "company_type", "Alias": "ct", "Startup Cost": 0.0, "Total Cost": 1.03, "Plan Rows": 3, "Plan Width": 4}]}]}, {"Node Type": "Index Scan", "Parent Relationship": "Inner", "Scan Direction": "Forward", "Index Name": "title_pkey", "Relation Name": "title", "Alias": "t", "Startup Cost": 0.0, "Total Cost": 116441.27, "Plan Rows": 1748840, "Plan Width": 21, "Filter": "(production_year > 1990), (LLVM Optimized)"}]}]}, "Unique SQL Id": 3145361615}, "explain_analyze_plan": {"Plan": {"Node Type": "Aggregate", "Strategy": "Plain", "Startup Cost": 1602394.58, "Total Cost": 1602394.59, "Plan Rows": 1, "Plan Width": 97, "Actual Startup Time": 19007.165, "Actual Total Time": 19007.165, "Actual Rows": 1, "Actual Loops": 1, "Plans": [{"Node Type": "Merge Join", "Parent Relationship": "Outer", "Join Type": "Inner", "Startup Cost": 1417030.12, "Total Cost": 1597547.51, "Plan Rows": 969413, "Plan Width": 33, "Actual Startup Time": 18476.95, "Actual Total Time": 19007.096, "Actual Rows": 4, "Actual Loops": 1, "Inner Unique": true, "Merge Cond": "(mc.movie_id = t.id)", "Plans": [{"Node Type": "Nested Loop", "Parent Relationship": "Outer", "Join Type": "Inner", "Startup Cost": 1417027.5, "Total Cost": 1465406.47, "Plan Rows": 699731, "Plan Width": 24, "Actual Startup Time": 16224.032, "Actual Total Time": 16347.788, "Actual Rows": 6, "Actual Loops": 1, "Inner Unique": true, "Join Filter": "(mc.company_type_id = ct.id), (LLVM Optimized, Jit Execute)", "Rows Removed by Join Filter": 24, "Plans": [{"Node Type": "Merge Join", "Parent Relationship": "Outer", "Join Type": "Inner", "Startup Cost": 1417027.5, "Total Cost": 1433917.54, "Plan Rows": 699731, "Plan Width": 28, "Actual Startup Time": 16223.907, "Actual Total Time": 16347.601, "Actual Rows": 14, "Actual Loops": 1, "Inner Unique": false, "Merge Cond": "(ci.movie_id = mc.movie_id)", "Plans": [{"Node Type": "Sort", "Parent Relationship": "Outer", "Startup Cost": 1133201.22, "Total Cost": 1134942.04, "Plan Rows": 696330, "Plan Width": 20, "Actual Startup Time": 11906.722, "Actual Total Time": 11906.729, "Actual Rows": 15, "Actual Loops": 1, "Sort Key": ["ci.movie_id"], "Sort Method": "quicksort", "Sort Space Used": 26, "Sort Space Type": "Memory", "Plans": [{"Node Type": "Merge Join", "Parent Relationship": "Outer", "Join Type": "Inner", "Startup Cost": 1055179.44, "Total Cost": 1065624.44, "Plan Rows": 696330, "Plan Width": 20, "Actual Startup Time": 11906.683, "Actual Total Time": 11906.696, "Actual Rows": 15, "Actual Loops": 1, "Inner Unique": false, "Merge Cond": "(rt.id = ci.role_id)", "Plans": [{"Node Type": "Sort", "Parent Relationship": "Outer", "Startup Cost": 1.34, "Total Cost": 1.37, "Plan Rows": 12, "Plan Width": 4, "Actual Startup Time": 0.036, "Actual Total Time": 0.036, "Actual Rows": 3, "Actual Loops": 1, "Sort Key": ["rt.id"], "Sort Method": "quicksort", "Sort Space Used": 25, "Sort Space Type": "Memory", "Plans": [{"Node Type": "Seq Scan", "Parent Relationship": "Outer", "Relation Name": "role_type", "Alias": "rt", "Startup Cost": 0.0, "Total Cost": 1.12, "Plan Rows": 12, "Plan Width": 4, "Actual Startup Time": 0.016, "Actual Total Time": 0.021, "Actual Rows": 12, "Actual Loops": 1}]}, {"Node Type": "Sort", "Parent Relationship": "Inner", "Startup Cost": 1055178.1, "Total Cost": 1056918.93, "Plan Rows": 696330, "Plan Width": 24, "Actual Startup Time": 11906.636, "Actual Total Time": 11906.638, "Actual Rows": 15, "Actual Loops": 1, "Sort Key": ["ci.role_id"], "Sort Method": "quicksort", "Sort Space Used": 26, "Sort Space Type": "Memory", "Plans": [{"Node Type": "Merge Join", "Parent Relationship": "Outer", "Join Type": "Inner", "Startup Cost": 839716.09, "Total Cost": 987601.32, "Plan Rows": 696330, "Plan Width": 24, "Actual Startup Time": 10900.302, "Actual Total Time": 11906.592, "Actual Rows": 15, "Actual Loops": 1, "Inner Unique": false, "Merge Cond": "(chn.id = ci.person_role_id)", "Plans": [{"Node Type": "Index Scan", "Parent Relationship": "Outer", "Scan Direction": "Forward", "Index Name": "char_name_pkey", "Relation Name": "char_name", "Alias": "chn", "Startup Cost": 0.0, "Total Cost": 129875.46, "Plan Rows": 3140338, "Plan Width": 20, "Actual Startup Time": 0.023, "Actual Total Time": 882.736, "Actual Rows": 881591, "Actual Loops": 1}, {"Node Type": "Sort", "Parent Relationship": "Inner", "Startup Cost": 839430.12, "Total Cost": 843021.18, "Plan Rows": 1436424, "Plan Width": 12, "Actual Startup Time": 10900.192, "Actual Total Time": 10900.2, "Actual Rows": 16, "Actual Loops": 1, "Sort Key": ["ci.person_role_id"], "Sort Method": "quicksort", "Sort Space Used": 138868, "Sort Space Type": "Memory", "Plans": [{"Node Type": "Seq Scan", "Parent Relationship": "Outer", "Relation Name": "cast_info", "Alias": "ci", "Startup Cost": 0.0, "Total Cost": 692526.68, "Plan Rows": 1436424, "Plan Width": 12, "Actual Startup Time": 665.271, "Actual Total Time": 10569.423, "Actual Rows": 1435439, "Actual Loops": 1, "Filter": "((note)::text ~~ '%(producer)%'::text), (LLVM Optimized, Jit Execute)", "Rows Removed by Filter": 34808904}]}]}]}]}]}, {"Node Type": "Sort", "Parent Relationship": "Inner", "Startup Cost": 283826.21, "Total Cost": 287031.99, "Plan Rows": 1282311, "Plan Width": 8, "Actual Startup Time": 4130.856, "Actual Total Time": 4292.308, "Actual Rows": 1147175, "Actual Loops": 1, "Sort Key": ["mc.movie_id"], "Sort Method": "quicksort", "Sort Space Used": 121265, "Sort Space Type": "Memory", "Plans": [{"Node Type": "Merge Join", "Parent Relationship": "Outer", "Join Type": "Inner", "Startup Cost": 3383.04, "Total Cost": 153733.74, "Plan Rows": 1282311, "Plan Width": 8, "Actual Startup Time": 0.102, "Actual Total Time": 3683.575, "Actual Rows": 1153797, "Actual Loops": 1, "Inner Unique": false, "Merge Cond": "(cn.id = mc.company_id)", "Plans": [{"Node Type": "Index Scan", "Parent Relationship": "Outer", "Scan Direction": "Forward", "Index Name": "company_name_pkey", "Relation Name": "company_name", "Alias": "cn", "Startup Cost": 0.0, "Total Cost": 10501.39, "Plan Rows": 85170, "Plan Width": 4, "Actual Startup Time": 0.069, "Actual Total Time": 338.528, "Actual Rows": 84843, "Actual Loops": 1, "Filter": "((country_code)::text = '[us]'::text)", "Rows Removed by Filter": 150153}, {"Node Type": "Index Scan", "Parent Relationship": "Inner", "Scan Direction": "Forward", "Index Name": "company_id_movie_companies", "Relation Name": "movie_companies", "Alias": "mc", "Startup Cost": 0.0, "Total Cost": 123673.5, "Plan Rows": 2609128, "Plan Width": 12, "Actual Startup Time": 0.025, "Actual Total Time": 2775.55, "Actual Rows": 2609128, "Actual Loops": 1}]}]}]}, {"Node Type": "Materialize", "Parent Relationship": "Inner", "Startup Cost": 0.0, "Total Cost": 1.04, "Plan Rows": 3, "Plan Width": 4, "Actual Startup Time": 0.063, "Actual Total Time": 0.078, "Actual Rows": 30, "Actual Loops": 14, "Plans": [{"Node Type": "Seq Scan", "Parent Relationship": "Outer", "Relation Name": "company_type", "Alias": "ct", "Startup Cost": 0.0, "Total Cost": 1.03, "Plan Rows": 3, "Plan Width": 4, "Actual Startup Time": 0.035, "Actual Total Time": 0.043, "Actual Rows": 3, "Actual Loops": 1}]}]}, {"Node Type": "Index Scan", "Parent Relationship": "Inner", "Scan Direction": "Forward", "Index Name": "title_pkey", "Relation Name": "title", "Alias": "t", "Startup Cost": 0.0, "Total Cost": 116441.27, "Plan Rows": 1748840, "Plan Width": 21, "Actual Startup Time": 0.044, "Actual Total Time": 2436.975, "Actual Rows": 1561981, "Actual Loops": 1, "Filter": "(production_year > 1990), (LLVM Optimized, Jit Execute)", "Rows Removed by Filter": 642389}]}]}, "Triggers": [], "Planner Runtime": 23.271, "Total Runtime": 19017.017, "Unique SQL Id": 3145361615}}, "(1, 29)": {"explain_plan": {"Plan": {"Node Type": "Aggregate", "Strategy": "Plain", "Startup Cost": 1741676.11, "Total Cost": 1741676.12, "Plan Rows": 1, "Plan Width": 97, "Plans": [{"Node Type": "Merge Join", "Parent Relationship": "Outer", "Join Type": "Inner", "Startup Cost": 1556300.39, "Total Cost": 1736829.05, "Plan Rows": 969413, "Plan Width": 33, "Inner Unique": true, "Merge Cond": "(mc.movie_id = t.id)", "Plans": [{"Node Type": "Nested Loop", "Parent Relationship": "Outer", "Join Type": "Inner", "Startup Cost": 1556297.77, "Total Cost": 1604688.01, "Plan Rows": 699731, "Plan Width": 24, "Inner Unique": true, "Join Filter": "(mc.company_type_id = ct.id), (LLVM Optimized)", "Plans": [{"Node Type": "Merge Join", "Parent Relationship": "Outer", "Join Type": "Inner", "Startup Cost": 1556297.77, "Total Cost": 1573187.81, "Plan Rows": 699731, "Plan Width": 28, "Inner Unique": false, "Merge Cond": "(ci.movie_id = mc.movie_id)", "Plans": [{"Node Type": "Sort", "Parent Relationship": "Outer", "Startup Cost": 1272471.49, "Total Cost": 1274212.32, "Plan Rows": 696330, "Plan Width": 20, "Sort Key": ["ci.movie_id"], "Plans": [{"Node Type": "Merge Join", "Parent Relationship": "Outer", "Join Type": "Inner", "Startup Cost": 1194438.34, "Total Cost": 1204894.71, "Plan Rows": 696330, "Plan Width": 20, "Inner Unique": false, "Merge Cond": "(rt.id = ci.role_id)", "Plans": [{"Node Type": "Index Scan", "Parent Relationship": "Outer", "Scan Direction": "Forward", "Index Name": "role_type_pkey", "Relation Name": "role_type", "Alias": "rt", "Startup Cost": 0.0, "Total Cost": 12.43, "Plan Rows": 12, "Plan Width": 4}, {"Node Type": "Sort", "Parent Relationship": "Inner", "Startup Cost": 1194438.34, "Total Cost": 1196179.17, "Plan Rows": 696330, "Plan Width": 24, "Sort Key": ["ci.role_id"], "Plans": [{"Node Type": "Merge Join", "Parent Relationship": "Outer", "Join Type": "Inner", "Startup Cost": 80674.47, "Total Cost": 1126861.56, "Plan Rows": 696330, "Plan Width": 24, "Inner Unique": false, "Merge Cond": "(chn.id = ci.person_role_id)", "Plans": [{"Node Type": "Index Scan", "Parent Relationship": "Outer", "Scan Direction": "Forward", "Index Name": "char_name_pkey", "Relation Name": "char_name", "Alias": "chn", "Startup Cost": 0.0, "Total Cost": 129875.46, "Plan Rows": 3140338, "Plan Width": 20}, {"Node Type": "Index Scan", "Parent Relationship": "Inner", "Scan Direction": "Forward", "Index Name": "person_role_id_cast_info", "Relation Name": "cast_info", "Alias": "ci", "Startup Cost": 0.0, "Total Cost": 2022508.08, "Plan Rows": 1436424, "Plan Width": 12, "Filter": "((note)::text ~~ '%(producer)%'::text), (LLVM Optimized)"}]}]}]}]}, {"Node Type": "Sort", "Parent Relationship": "Inner", "Startup Cost": 283826.21, "Total Cost": 287031.99, "Plan Rows": 1282311, "Plan Width": 8, "Sort Key": ["mc.movie_id"], "Plans": [{"Node Type": "Merge Join", "Parent Relationship": "Outer", "Join Type": "Inner", "Startup Cost": 3383.04, "Total Cost": 153733.74, "Plan Rows": 1282311, "Plan Width": 8, "Inner Unique": false, "Merge Cond": "(cn.id = mc.company_id)", "Plans": [{"Node Type": "Index Scan", "Parent Relationship": "Outer", "Scan Direction": "Forward", "Index Name": "company_name_pkey", "Relation Name": "company_name", "Alias": "cn", "Startup Cost": 0.0, "Total Cost": 10501.39, "Plan Rows": 85170, "Plan Width": 4, "Filter": "((country_code)::text = '[us]'::text)"}, {"Node Type": "Index Scan", "Parent Relationship": "Inner", "Scan Direction": "Forward", "Index Name": "company_id_movie_companies", "Relation Name": "movie_companies", "Alias": "mc", "Startup Cost": 0.0, "Total Cost": 123673.5, "Plan Rows": 2609128, "Plan Width": 12}]}]}]}, {"Node Type": "Materialize", "Parent Relationship": "Inner", "Startup Cost": 0.0, "Total Cost": 12.31, "Plan Rows": 3, "Plan Width": 4, "Plans": [{"Node Type": "Index Scan", "Parent Relationship": "Outer", "Scan Direction": "Forward", "Index Name": "company_type_pkey", "Relation Name": "company_type", "Alias": "ct", "Startup Cost": 0.0, "Total Cost": 12.29, "Plan Rows": 3, "Plan Width": 4}]}]}, {"Node Type": "Index Scan", "Parent Relationship": "Inner", "Scan Direction": "Forward", "Index Name": "title_pkey", "Relation Name": "title", "Alias": "t", "Startup Cost": 0.0, "Total Cost": 116441.27, "Plan Rows": 1748840, "Plan Width": 21, "Filter": "(production_year > 1990), (LLVM Optimized)"}]}]}, "Unique SQL Id": 3145361615}, "explain_analyze_plan": {"Plan": {"Node Type": "Aggregate", "Strategy": "Plain", "Startup Cost": 1741676.11, "Total Cost": 1741676.12, "Plan Rows": 1, "Plan Width": 97, "Actual Startup Time": 26642.953, "Actual Total Time": 26642.954, "Actual Rows": 1, "Actual Loops": 1, "Plans": [{"Node Type": "Merge Join", "Parent Relationship": "Outer", "Join Type": "Inner", "Startup Cost": 1556300.39, "Total Cost": 1736829.05, "Plan Rows": 969413, "Plan Width": 33, "Actual Startup Time": 26050.758, "Actual Total Time": 26642.89, "Actual Rows": 4, "Actual Loops": 1, "Inner Unique": true, "Merge Cond": "(mc.movie_id = t.id)", "Plans": [{"Node Type": "Nested Loop", "Parent Relationship": "Outer", "Join Type": "Inner", "Startup Cost": 1556297.77, "Total Cost": 1604688.01, "Plan Rows": 699731, "Plan Width": 24, "Actual Startup Time": 23375.186, "Actual Total Time": 23518.389, "Actual Rows": 6, "Actual Loops": 1, "Inner Unique": true, "Join Filter": "(mc.company_type_id = ct.id), (LLVM Optimized, Jit Execute)", "Rows Removed by Join Filter": 24, "Plans": [{"Node Type": "Merge Join", "Parent Relationship": "Outer", "Join Type": "Inner", "Startup Cost": 1556297.77, "Total Cost": 1573187.81, "Plan Rows": 699731, "Plan Width": 28, "Actual Startup Time": 23375.139, "Actual Total Time": 23518.279, "Actual Rows": 14, "Actual Loops": 1, "Inner Unique": false, "Merge Cond": "(ci.movie_id = mc.movie_id)", "Plans": [{"Node Type": "Sort", "Parent Relationship": "Outer", "Startup Cost": 1272471.49, "Total Cost": 1274212.32, "Plan Rows": 696330, "Plan Width": 20, "Actual Startup Time": 18830.864, "Actual Total Time": 18830.869, "Actual Rows": 15, "Actual Loops": 1, "Sort Key": ["ci.movie_id"], "Sort Method": "quicksort", "Sort Space Used": 26, "Sort Space Type": "Memory", "Plans": [{"Node Type": "Merge Join", "Parent Relationship": "Outer", "Join Type": "Inner", "Startup Cost": 1194438.34, "Total Cost": 1204894.71, "Plan Rows": 696330, "Plan Width": 20, "Actual Startup Time": 18830.819, "Actual Total Time": 18830.838, "Actual Rows": 15, "Actual Loops": 1, "Inner Unique": false, "Merge Cond": "(rt.id = ci.role_id)", "Plans": [{"Node Type": "Index Scan", "Parent Relationship": "Outer", "Scan Direction": "Forward", "Index Name": "role_type_pkey", "Relation Name": "role_type", "Alias": "rt", "Startup Cost": 0.0, "Total Cost": 12.43, "Plan Rows": 12, "Plan Width": 4, "Actual Startup Time": 0.013, "Actual Total Time": 0.016, "Actual Rows": 3, "Actual Loops": 1}, {"Node Type": "Sort", "Parent Relationship": "Inner", "Startup Cost": 1194438.34, "Total Cost": 1196179.17, "Plan Rows": 696330, "Plan Width": 24, "Actual Startup Time": 18830.793, "Actual Total Time": 18830.794, "Actual Rows": 15, "Actual Loops": 1, "Sort Key": ["ci.role_id"], "Sort Method": "quicksort", "Sort Space Used": 26, "Sort Space Type": "Memory", "Plans": [{"Node Type": "Merge Join", "Parent Relationship": "Outer", "Join Type": "Inner", "Startup Cost": 80674.47, "Total Cost": 1126861.56, "Plan Rows": 696330, "Plan Width": 24, "Actual Startup Time": 153.389, "Actual Total Time": 18830.717, "Actual Rows": 15, "Actual Loops": 1, "Inner Unique": false, "Merge Cond": "(chn.id = ci.person_role_id)", "Plans": [{"Node Type": "Index Scan", "Parent Relationship": "Outer", "Scan Direction": "Forward", "Index Name": "char_name_pkey", "Relation Name": "char_name", "Alias": "chn", "Startup Cost": 0.0, "Total Cost": 129875.46, "Plan Rows": 3140338, "Plan Width": 20, "Actual Startup Time": 0.02, "Actual Total Time": 955.91, "Actual Rows": 881591, "Actual Loops": 1}, {"Node Type": "Index Scan", "Parent Relationship": "Inner", "Scan Direction": "Forward", "Index Name": "person_role_id_cast_info", "Relation Name": "cast_info", "Alias": "ci", "Startup Cost": 0.0, "Total Cost": 2022508.08, "Plan Rows": 1436424, "Plan Width": 12, "Actual Startup Time": 153.354, "Actual Total Time": 17752.307, "Actual Rows": 16, "Actual Loops": 1, "Filter": "((note)::text ~~ '%(producer)%'::text), (LLVM Optimized, Jit Execute)", "Rows Removed by Filter": 20122645}]}]}]}]}, {"Node Type": "Sort", "Parent Relationship": "Inner", "Startup Cost": 283826.21, "Total Cost": 287031.99, "Plan Rows": 1282311, "Plan Width": 8, "Actual Startup Time": 4339.357, "Actual Total Time": 4538.144, "Actual Rows": 1147175, "Actual Loops": 1, "Sort Key": ["mc.movie_id"], "Sort Method": "quicksort", "Sort Space Used": 121265, "Sort Space Type": "Memory", "Plans": [{"Node Type": "Merge Join", "Parent Relationship": "Outer", "Join Type": "Inner", "Startup Cost": 3383.04, "Total Cost": 153733.74, "Plan Rows": 1282311, "Plan Width": 8, "Actual Startup Time": 0.09, "Actual Total Time": 3893.554, "Actual Rows": 1153797, "Actual Loops": 1, "Inner Unique": false, "Merge Cond": "(cn.id = mc.company_id)", "Plans": [{"Node Type": "Index Scan", "Parent Relationship": "Outer", "Scan Direction": "Forward", "Index Name": "company_name_pkey", "Relation Name": "company_name", "Alias": "cn", "Startup Cost": 0.0, "Total Cost": 10501.39, "Plan Rows": 85170, "Plan Width": 4, "Actual Startup Time": 0.058, "Actual Total Time": 372.253, "Actual Rows": 84843, "Actual Loops": 1, "Filter": "((country_code)::text = '[us]'::text)", "Rows Removed by Filter": 150153}, {"Node Type": "Index Scan", "Parent Relationship": "Inner", "Scan Direction": "Forward", "Index Name": "company_id_movie_companies", "Relation Name": "movie_companies", "Alias": "mc", "Startup Cost": 0.0, "Total Cost": 123673.5, "Plan Rows": 2609128, "Plan Width": 12, "Actual Startup Time": 0.024, "Actual Total Time": 2956.505, "Actual Rows": 2609128, "Actual Loops": 1}]}]}]}, {"Node Type": "Materialize", "Parent Relationship": "Inner", "Startup Cost": 0.0, "Total Cost": 12.31, "Plan Rows": 3, "Plan Width": 4, "Actual Startup Time": 0.04, "Actual Total Time": 0.053, "Actual Rows": 30, "Actual Loops": 14, "Plans": [{"Node Type": "Index Scan", "Parent Relationship": "Outer", "Scan Direction": "Forward", "Index Name": "company_type_pkey", "Relation Name": "company_type", "Alias": "ct", "Startup Cost": 0.0, "Total Cost": 12.29, "Plan Rows": 3, "Plan Width": 4, "Actual Startup Time": 0.028, "Actual Total Time": 0.037, "Actual Rows": 3, "Actual Loops": 1}]}]}, {"Node Type": "Index Scan", "Parent Relationship": "Inner", "Scan Direction": "Forward", "Index Name": "title_pkey", "Relation Name": "title", "Alias": "t", "Startup Cost": 0.0, "Total Cost": 116441.27, "Plan Rows": 1748840, "Plan Width": 21, "Actual Startup Time": 0.045, "Actual Total Time": 2898.753, "Actual Rows": 1561981, "Actual Loops": 1, "Filter": "(production_year > 1990), (LLVM Optimized, Jit Execute)", "Rows Removed by Filter": 642389}]}]}, "Triggers": [], "Planner Runtime": 20.858, "Total Runtime": 26652.785, "Unique SQL Id": 3145361615}}, "(1, 30)": {"explain_plan": {"Plan": {"Node Type": "Aggregate", "Strategy": "Plain", "Startup Cost": 2227835.72, "Total Cost": 2227835.73, "Plan Rows": 1, "Plan Width": 97, "Plans": [{"Node Type": "Merge Join", "Parent Relationship": "Outer", "Join Type": "Inner", "Startup Cost": 2154430.59, "Total Cost": 2222988.65, "Plan Rows": 969413, "Plan Width": 33, "Inner Unique": true, "Merge Cond": "(mc.movie_id = t.id)", "Plans": [{"Node Type": "Nested Loop", "Parent Relationship": "Outer", "Join Type": "Inner", "Startup Cost": 1906703.59, "Total Cost": 1955082.56, "Plan Rows": 699731, "Plan Width": 24, "Inner Unique": true, "Join Filter": "(mc.company_type_id = ct.id), (LLVM Optimized)", "Plans": [{"Node Type": "Merge Join", "Parent Relationship": "Outer", "Join Type": "Inner", "Startup Cost": 1906703.59, "Total Cost": 1923593.63, "Plan Rows": 699731, "Plan Width": 28, "Inner Unique": false, "Merge Cond": "(ci.movie_id = mc.movie_id)", "Plans": [{"Node Type": "Sort", "Parent Relationship": "Outer", "Startup Cost": 1417551.53, "Total Cost": 1419292.36, "Plan Rows": 696330, "Plan Width": 20, "Sort Key": ["ci.movie_id"], "Plans": [{"Node Type": "Merge Join", "Parent Relationship": "Outer", "Join Type": "Inner", "Startup Cost": 1339529.75, "Total Cost": 1349974.75, "Plan Rows": 696330, "Plan Width": 20, "Inner Unique": false, "Merge Cond": "(rt.id = ci.role_id)", "Plans": [{"Node Type": "Sort", "Parent Relationship": "Outer", "Startup Cost": 1.34, "Total Cost": 1.37, "Plan Rows": 12, "Plan Width": 4, "Sort Key": ["rt.id"], "Plans": [{"Node Type": "Seq Scan", "Parent Relationship": "Outer", "Relation Name": "role_type", "Alias": "rt", "Startup Cost": 0.0, "Total Cost": 1.12, "Plan Rows": 12, "Plan Width": 4}]}, {"Node Type": "Sort", "Parent Relationship": "Inner", "Startup Cost": 1339528.41, "Total Cost": 1341269.24, "Plan Rows": 696330, "Plan Width": 24, "Sort Key": ["ci.role_id"], "Plans": [{"Node Type": "Merge Join", "Parent Relationship": "Outer", "Join Type": "Inner", "Startup Cost": 1246091.02, "Total Cost": 1271951.64, "Plan Rows": 696330, "Plan Width": 24, "Inner Unique": false, "Merge Cond": "(chn.id = ci.person_role_id)", "Plans": [{"Node Type": "Sort", "Parent Relationship": "Outer", "Startup Cost": 406374.92, "Total Cost": 414225.77, "Plan Rows": 3140338, "Plan Width": 20, "Sort Key": ["chn.id"], "Plans": [{"Node Type": "Seq Scan", "Parent Relationship": "Outer", "Relation Name": "char_name", "Alias": "chn", "Startup Cost": 0.0, "Total Cost": 67493.38, "Plan Rows": 3140338, "Plan Width": 20}]}, {"Node Type": "Sort", "Parent Relationship": "Inner", "Startup Cost": 839430.12, "Total Cost": 843021.18, "Plan Rows": 1436424, "Plan Width": 12, "Sort Key": ["ci.person_role_id"], "Plans": [{"Node Type": "Seq Scan", "Parent Relationship": "Outer", "Relation Name": "cast_info", "Alias": "ci", "Startup Cost": 0.0, "Total Cost": 692526.68, "Plan Rows": 1436424, "Plan Width": 12, "Filter": "((note)::text ~~ '%(producer)%'::text), (LLVM Optimized)"}]}]}]}]}]}, {"Node Type": "Sort", "Parent Relationship": "Inner", "Startup Cost": 489151.99, "Total Cost": 492357.77, "Plan Rows": 1282311, "Plan Width": 8, "Sort Key": ["mc.movie_id"], "Plans": [{"Node Type": "Merge Join", "Parent Relationship": "Outer", "Join Type": "Inner", "Startup Cost": 333103.9, "Total Cost": 359059.52, "Plan Rows": 1282311, "Plan Width": 8, "Inner Unique": false, "Merge Cond": "(cn.id = mc.company_id)", "Plans": [{"Node Type": "Sort", "Parent Relationship": "Outer", "Startup Cost": 12878.05, "Total Cost": 13090.97, "Plan Rows": 85170, "Plan Width": 4, "Sort Key": ["cn.id"], "Plans": [{"Node Type": "Seq Scan", "Parent Relationship": "Outer", "Relation Name": "company_name", "Alias": "cn", "Startup Cost": 0.0, "Total Cost": 5903.45, "Plan Rows": 85170, "Plan Width": 4, "Filter": "((country_code)::text = '[us]'::text)"}]}, {"Node Type": "Sort", "Parent Relationship": "Inner", "Startup Cost": 319886.87, "Total Cost": 326409.69, "Plan Rows": 2609128, "Plan Width": 12, "Sort Key": ["mc.company_id"], "Plans": [{"Node Type": "Seq Scan", "Parent Relationship": "Outer", "Relation Name": "movie_companies", "Alias": "mc", "Startup Cost": 0.0, "Total Cost": 41817.28, "Plan Rows": 2609128, "Plan Width": 12}]}]}]}]}, {"Node Type": "Materialize", "Parent Relationship": "Inner", "Startup Cost": 0.0, "Total Cost": 1.04, "Plan Rows": 3, "Plan Width": 4, "Plans": [{"Node Type": "Seq Scan", "Parent Relationship": "Outer", "Relation Name": "company_type", "Alias": "ct", "Startup Cost": 0.0, "Total Cost": 1.03, "Plan Rows": 3, "Plan Width": 4}]}]}, {"Node Type": "Sort", "Parent Relationship": "Inner", "Startup Cost": 247726.82, "Total Cost": 252098.92, "Plan Rows": 1748840, "Plan Width": 21, "Sort Key": ["t.id"], "Plans": [{"Node Type": "Seq Scan", "Parent Relationship": "Outer", "Relation Name": "title", "Alias": "t", "Startup Cost": 0.0, "Total Cost": 66389.89, "Plan Rows": 1748840, "Plan Width": 21, "Filter": "(production_year > 1990), (LLVM Optimized)"}]}]}]}, "Unique SQL Id": 3145361615}, "explain_analyze_plan": {"Plan": {"Node Type": "Aggregate", "Strategy": "Plain", "Startup Cost": 2227835.72, "Total Cost": 2227835.73, "Plan Rows": 1, "Plan Width": 97, "Actual Startup Time": 19345.38, "Actual Total Time": 19345.381, "Actual Rows": 1, "Actual Loops": 1, "Plans": [{"Node Type": "Merge Join", "Parent Relationship": "Outer", "Join Type": "Inner", "Startup Cost": 2154430.59, "Total Cost": 2222988.65, "Plan Rows": 969413, "Plan Width": 33, "Actual Startup Time": 19143.486, "Actual Total Time": 19345.32, "Actual Rows": 4, "Actual Loops": 1, "Inner Unique": true, "Merge Cond": "(mc.movie_id = t.id)", "Plans": [{"Node Type": "Nested Loop", "Parent Relationship": "Outer", "Join Type": "Inner", "Startup Cost": 1906703.59, "Total Cost": 1955082.56, "Plan Rows": 699731, "Plan Width": 24, "Actual Startup Time": 17076.502, "Actual Total Time": 17219.545, "Actual Rows": 6, "Actual Loops": 1, "Inner Unique": true, "Join Filter": "(mc.company_type_id = ct.id), (LLVM Optimized, Jit Execute)", "Rows Removed by Join Filter": 24, "Plans": [{"Node Type": "Merge Join", "Parent Relationship": "Outer", "Join Type": "Inner", "Startup Cost": 1906703.59, "Total Cost": 1923593.63, "Plan Rows": 699731, "Plan Width": 28, "Actual Startup Time": 17076.454, "Actual Total Time": 17219.442, "Actual Rows": 14, "Actual Loops": 1, "Inner Unique": false, "Merge Cond": "(ci.movie_id = mc.movie_id)", "Plans": [{"Node Type": "Sort", "Parent Relationship": "Outer", "Startup Cost": 1417551.53, "Total Cost": 1419292.36, "Plan Rows": 696330, "Plan Width": 20, "Actual Startup Time": 13492.849, "Actual Total Time": 13492.855, "Actual Rows": 15, "Actual Loops": 1, "Sort Key": ["ci.movie_id"], "Sort Method": "quicksort", "Sort Space Used": 26, "Sort Space Type": "Memory", "Plans": [{"Node Type": "Merge Join", "Parent Relationship": "Outer", "Join Type": "Inner", "Startup Cost": 1339529.75, "Total Cost": 1349974.75, "Plan Rows": 696330, "Plan Width": 20, "Actual Startup Time": 13492.817, "Actual Total Time": 13492.831, "Actual Rows": 15, "Actual Loops": 1, "Inner Unique": false, "Merge Cond": "(rt.id = ci.role_id)", "Plans": [{"Node Type": "Sort", "Parent Relationship": "Outer", "Startup Cost": 1.34, "Total Cost": 1.37, "Plan Rows": 12, "Plan Width": 4, "Actual Startup Time": 0.038, "Actual Total Time": 0.038, "Actual Rows": 3, "Actual Loops": 1, "Sort Key": ["rt.id"], "Sort Method": "quicksort", "Sort Space Used": 25, "Sort Space Type": "Memory", "Plans": [{"Node Type": "Seq Scan", "Parent Relationship": "Outer", "Relation Name": "role_type", "Alias": "rt", "Startup Cost": 0.0, "Total Cost": 1.12, "Plan Rows": 12, "Plan Width": 4, "Actual Startup Time": 0.017, "Actual Total Time": 0.02, "Actual Rows": 12, "Actual Loops": 1}]}, {"Node Type": "Sort", "Parent Relationship": "Inner", "Startup Cost": 1339528.41, "Total Cost": 1341269.24, "Plan Rows": 696330, "Plan Width": 24, "Actual Startup Time": 13492.769, "Actual Total Time": 13492.772, "Actual Rows": 15, "Actual Loops": 1, "Sort Key": ["ci.role_id"], "Sort Method": "quicksort", "Sort Space Used": 26, "Sort Space Type": "Memory", "Plans": [{"Node Type": "Merge Join", "Parent Relationship": "Outer", "Join Type": "Inner", "Startup Cost": 1246091.02, "Total Cost": 1271951.64, "Plan Rows": 696330, "Plan Width": 24, "Actual Startup Time": 13218.483, "Actual Total Time": 13492.726, "Actual Rows": 15, "Actual Loops": 1, "Inner Unique": false, "Merge Cond": "(chn.id = ci.person_role_id)", "Plans": [{"Node Type": "Sort", "Parent Relationship": "Outer", "Startup Cost": 406374.92, "Total Cost": 414225.77, "Plan Rows": 3140338, "Plan Width": 20, "Actual Startup Time": 2259.117, "Actual Total Time": 2399.635, "Actual Rows": 881591, "Actual Loops": 1, "Sort Key": ["chn.id"], "Sort Method": "quicksort", "Sort Space Used": 396731, "Sort Space Type": "Memory", "Plans": [{"Node Type": "Seq Scan", "Parent Relationship": "Outer", "Relation Name": "char_name", "Alias": "chn", "Startup Cost": 0.0, "Total Cost": 67493.38, "Plan Rows": 3140338, "Plan Width": 20, "Actual Startup Time": 0.018, "Actual Total Time": 938.23, "Actual Rows": 3140338, "Actual Loops": 1}]}, {"Node Type": "Sort", "Parent Relationship": "Inner", "Startup Cost": 839430.12, "Total Cost": 843021.18, "Plan Rows": 1436424, "Plan Width": 12, "Actual Startup Time": 10959.348, "Actual Total Time": 10959.349, "Actual Rows": 16, "Actual Loops": 1, "Sort Key": ["ci.person_role_id"], "Sort Method": "quicksort", "Sort Space Used": 138868, "Sort Space Type": "Memory", "Plans": [{"Node Type": "Seq Scan", "Parent Relationship": "Outer", "Relation Name": "cast_info", "Alias": "ci", "Startup Cost": 0.0, "Total Cost": 692526.68, "Plan Rows": 1436424, "Plan Width": 12, "Actual Startup Time": 648.004, "Actual Total Time": 10627.029, "Actual Rows": 1435439, "Actual Loops": 1, "Filter": "((note)::text ~~ '%(producer)%'::text), (LLVM Optimized, Jit Execute)", "Rows Removed by Filter": 34808904}]}]}]}]}]}, {"Node Type": "Sort", "Parent Relationship": "Inner", "Startup Cost": 489151.99, "Total Cost": 492357.77, "Plan Rows": 1282311, "Plan Width": 8, "Actual Startup Time": 3398.523, "Actual Total Time": 3578.544, "Actual Rows": 1147175, "Actual Loops": 1, "Sort Key": ["mc.movie_id"], "Sort Method": "quicksort", "Sort Space Used": 121265, "Sort Space Type": "Memory", "Plans": [{"Node Type": "Merge Join", "Parent Relationship": "Outer", "Join Type": "Inner", "Startup Cost": 333103.9, "Total Cost": 359059.52, "Plan Rows": 1282311, "Plan Width": 8, "Actual Startup Time": 1736.663, "Actual Total Time": 2971.029, "Actual Rows": 1153797, "Actual Loops": 1, "Inner Unique": false, "Merge Cond": "(cn.id = mc.company_id)", "Plans": [{"Node Type": "Sort", "Parent Relationship": "Outer", "Startup Cost": 12878.05, "Total Cost": 13090.97, "Plan Rows": 85170, "Plan Width": 4, "Actual Startup Time": 118.016, "Actual Total Time": 135.333, "Actual Rows": 84843, "Actual Loops": 1, "Sort Key": ["cn.id"], "Sort Method": "quicksort", "Sort Space Used": 8375, "Sort Space Type": "Memory", "Plans": [{"Node Type": "Seq Scan", "Parent Relationship": "Outer", "Relation Name": "company_name", "Alias": "cn", "Startup Cost": 0.0, "Total Cost": 5903.45, "Plan Rows": 85170, "Plan Width": 4, "Actual Startup Time": 0.062, "Actual Total Time": 87.643, "Actual Rows": 84843, "Actual Loops": 1, "Filter": "((country_code)::text = '[us]'::text)", "Rows Removed by Filter": 150153}]}, {"Node Type": "Sort", "Parent Relationship": "Inner", "Startup Cost": 319886.87, "Total Cost": 326409.69, "Plan Rows": 2609128, "Plan Width": 12, "Actual Startup Time": 1618.635, "Actual Total Time": 2303.982, "Actual Rows": 2609128, "Actual Loops": 1, "Sort Key": ["mc.company_id"], "Sort Method": "quicksort", "Sort Space Used": 342910, "Sort Space Type": "Memory", "Plans": [{"Node Type": "Seq Scan", "Parent Relationship": "Outer", "Relation Name": "movie_companies", "Alias": "mc", "Startup Cost": 0.0, "Total Cost": 41817.28, "Plan Rows": 2609128, "Plan Width": 12, "Actual Startup Time": 0.049, "Actual Total Time": 727.085, "Actual Rows": 2609128, "Actual Loops": 1}]}]}]}]}, {"Node Type": "Materialize", "Parent Relationship": "Inner", "Startup Cost": 0.0, "Total Cost": 1.04, "Plan Rows": 3, "Plan Width": 4, "Actual Startup Time": 0.049, "Actual Total Time": 0.065, "Actual Rows": 30, "Actual Loops": 14, "Plans": [{"Node Type": "Seq Scan", "Parent Relationship": "Outer", "Relation Name": "company_type", "Alias": "ct", "Startup Cost": 0.0, "Total Cost": 1.03, "Plan Rows": 3, "Plan Width": 4, "Actual Startup Time": 0.031, "Actual Total Time": 0.04, "Actual Rows": 3, "Actual Loops": 1}]}]}, {"Node Type": "Sort", "Parent Relationship": "Inner", "Startup Cost": 247726.82, "Total Cost": 252098.92, "Plan Rows": 1748840, "Plan Width": 21, "Actual Startup Time": 1568.534, "Actual Total Time": 1885.052, "Actual Rows": 1561981, "Actual Loops": 1, "Sort Key": ["t.id"], "Sort Method": "quicksort", "Sort Space Used": 219702, "Sort Space Type": "Memory", "Plans": [{"Node Type": "Seq Scan", "Parent Relationship": "Outer", "Relation Name": "title", "Alias": "t", "Startup Cost": 0.0, "Total Cost": 66389.89, "Plan Rows": 1748840, "Plan Width": 21, "Actual Startup Time": 0.02, "Actual Total Time": 839.335, "Actual Rows": 1749032, "Actual Loops": 1, "Filter": "(production_year > 1990), (LLVM Optimized, Jit Execute)", "Rows Removed by Filter": 779279}]}]}]}, "Triggers": [], "Planner Runtime": 15.598, "Total Runtime": 19355.374, "Unique SQL Id": 3145361615}}, "(1, 31)": {"explain_plan": {"Plan": {"Node Type": "Aggregate", "Strategy": "Plain", "Startup Cost": 3972961914394.84, "Total Cost": 3972961914394.85, "Plan Rows": 1, "Plan Width": 97, "Plans": [{"Node Type": "Merge Join", "Parent Relationship": "Outer", "Join Type": "Inner", "Startup Cost": 309264820768.09, "Total Cost": 3972961909547.78, "Plan Rows": 969413, "Plan Width": 33, "Inner Unique": true, "Merge Cond": "(ci.person_role_id = chn.id)", "Plans": [{"Node Type": "Nested Loop", "Parent Relationship": "Outer", "Join Type": "Inner", "Startup Cost": 60000000000.0, "Total Cost": 6069052207123.43, "Plan Rows": 1999754, "Plan Width": 21, "Inner Unique": true, "Join Filter": "(mc.movie_id = t.id), (LLVM Optimized)", "Plans": [{"Node Type": "Nested Loop", "Parent Relationship": "Outer", "Join Type": "Inner", "Startup Cost": 50000000000.0, "Total Cost": 5031175374480.67, "Plan Rows": 1443440, "Plan Width": 12, "Inner Unique": true, "Join Filter": "(mc.company_type_id = ct.id), (LLVM Optimized)", "Plans": [{"Node Type": "Nested Loop", "Parent Relationship": "Outer", "Join Type": "Inner", "Startup Cost": 40000000000.0, "Total Cost": 4031175308296.36, "Plan Rows": 1443440, "Plan Width": 16, "Inner Unique": false, "Join Filter": "(ci.movie_id = mc.movie_id), (LLVM Optimized)", "Plans": [{"Node Type": "Nested Loop", "Parent Relationship": "Outer", "Join Type": "Inner", "Startup Cost": 20000000000.0, "Total Cost": 2000202510607.33, "Plan Rows": 1436424, "Plan Width": 8, "Inner Unique": true, "Join Filter": "(ci.role_id = rt.id), (LLVM Optimized)", "Plans": [{"Node Type": "Index Scan", "Parent Relationship": "Outer", "Scan Direction": "Forward", "Index Name": "person_role_id_cast_info", "Relation Name": "cast_info", "Alias": "ci", "Startup Cost": 10000000000.0, "Total Cost": 1000202250807.98, "Plan Rows": 1436424, "Plan Width": 12, "Filter": "((note)::text ~~ '%(producer)%'::text), (LLVM Optimized)"}, {"Node Type": "Materialize", "Parent Relationship": "Inner", "Startup Cost": 10000000000.0, "Total Cost": 1000000001243.06, "Plan Rows": 12, "Plan Width": 4, "Plans": [{"Node Type": "Index Scan", "Parent Relationship": "Outer", "Scan Direction": "Forward", "Index Name": "role_type_pkey", "Relation Name": "role_type", "Alias": "rt", "Startup Cost": 10000000000.0, "Total Cost": 1000000001243.0, "Plan Rows": 12, "Plan Width": 4}]}]}, {"Node Type": "Materialize", "Parent Relationship": "Inner", "Startup Cost": 20000000000.0, "Total Cost": 2003343666456.85, "Plan Rows": 1282311, "Plan Width": 8, "Plans": [{"Node Type": "Nested Loop", "Parent Relationship": "Outer", "Join Type": "Inner", "Startup Cost": 20000000000.0, "Total Cost": 2003343660045.29, "Plan Rows": 1282311, "Plan Width": 8, "Inner Unique": true, "Join Filter": "(cn.id = mc.company_id), (LLVM Optimized)", "Plans": [{"Node Type": "Index Scan", "Parent Relationship": "Outer", "Scan Direction": "Forward", "Index Name": "company_type_id_movie_companies", "Relation Name": "movie_companies", "Alias": "mc", "Startup Cost": 10000000000.0, "Total Cost": 1000009318217.0, "Plan Rows": 2609128, "Plan Width": 12}, {"Node Type": "Materialize", "Parent Relationship": "Inner", "Startup Cost": 10000000000.0, "Total Cost": 1000001050564.82, "Plan Rows": 85170, "Plan Width": 4, "Plans": [{"Node Type": "Index Scan", "Parent Relationship": "Outer", "Scan Direction": "Forward", "Index Name": "company_name_pkey", "Relation Name": "company_name", "Alias": "cn", "Startup Cost": 10000000000.0, "Total Cost": 1000001050138.97, "Plan Rows": 85170, "Plan Width": 4, "Filter": "((country_code)::text = '[us]'::text)"}]}]}]}]}, {"Node Type": "Materialize", "Parent Relationship": "Inner", "Startup Cost": 10000000000.0, "Total Cost": 1000000001229.52, "Plan Rows": 3, "Plan Width": 4, "Plans": [{"Node Type": "Index Scan", "Parent Relationship": "Outer", "Scan Direction": "Forward", "Index Name": "company_type_pkey", "Relation Name": "company_type", "Alias": "ct", "Startup Cost": 10000000000.0, "Total Cost": 1000000001229.5, "Plan Rows": 3, "Plan Width": 4}]}]}, {"Node Type": "Materialize", "Parent Relationship": "Inner", "Startup Cost": 10000000000.0, "Total Cost": 1000011652870.86, "Plan Rows": 1748840, "Plan Width": 21, "Plans": [{"Node Type": "Index Scan", "Parent Relationship": "Outer", "Scan Direction": "Forward", "Index Name": "title_pkey", "Relation Name": "title", "Alias": "t", "Startup Cost": 10000000000.0, "Total Cost": 1000011644126.66, "Plan Rows": 1748840, "Plan Width": 21, "Filter": "(production_year > 1990), (LLVM Optimized)"}]}]}, {"Node Type": "Index Scan", "Parent Relationship": "Inner", "Scan Direction": "Forward", "Index Name": "char_name_pkey", "Relation Name": "char_name", "Alias": "chn", "Startup Cost": 10000000000.0, "Total Cost": 1000012987545.51, "Plan Rows": 3140338, "Plan Width": 20}]}]}, "Unique SQL Id": 3145361615}, "explain_analyze_plan": null}, "(1, 32)": {"explain_plan": {"Plan": {"Node Type": "Aggregate", "Strategy": "Plain", "Startup Cost": 1041361.98, "Total Cost": 1041361.99, "Plan Rows": 1, "Plan Width": 97, "Plans": [{"Node Type": "Hash Join", "Parent Relationship": "Outer", "Join Type": "Inner", "Startup Cost": 930928.48, "Total Cost": 1036514.92, "Plan Rows": 969413, "Plan Width": 33, "Inner Unique": true, "Hash Cond": "(ci.role_id = rt.id), (LLVM Optimized)", "Plans": [{"Node Type": "Hash Join", "Parent Relationship": "Outer", "Join Type": "Inner", "Startup Cost": 930927.21, "Total Cost": 1023184.22, "Plan Rows": 969413, "Plan Width": 37, "Inner Unique": true, "Hash Cond": "(mc.company_type_id = ct.id), (LLVM Optimized)", "Plans": [{"Node Type": "Hash Join", "Parent Relationship": "Outer", "Join Type": "Inner", "Startup Cost": 930926.14, "Total Cost": 1009853.72, "Plan Rows": 969413, "Plan Width": 41, "Inner Unique": false, "Hash Cond": "(mc.movie_id = t.id), (LLVM Optimized)", "Plans": [{"Node Type": "Hash Join", "Parent Relationship": "Outer", "Join Type": "Inner", "Startup Cost": 6968.08, "Total Cost": 71392.69, "Plan Rows": 1282311, "Plan Width": 8, "Inner Unique": true, "Hash Cond": "(mc.company_id = cn.id), (LLVM Optimized)", "Plans": [{"Node Type": "Seq Scan", "Parent Relationship": "Outer", "Relation Name": "movie_companies", "Alias": "mc", "Startup Cost": 0.0, "Total Cost": 41817.28, "Plan Rows": 2609128, "Plan Width": 12}, {"Node Type": "Hash", "Parent Relationship": "Inner", "Startup Cost": 5903.45, "Total Cost": 5903.45, "Plan Rows": 85170, "Plan Width": 4, "Plans": [{"Node Type": "Seq Scan", "Parent Relationship": "Outer", "Relation Name": "company_name", "Alias": "cn", "Startup Cost": 0.0, "Total Cost": 5903.45, "Plan Rows": 85170, "Plan Width": 4, "Filter": "((country_code)::text = '[us]'::text)"}]}]}, {"Node Type": "Hash", "Parent Relationship": "Inner", "Startup Cost": 912029.03, "Total Cost": 912029.03, "Plan Rows": 954323, "Plan Width": 45, "Plans": [{"Node Type": "Hash Join", "Parent Relationship": "Outer", "Join Type": "Inner", "Startup Cost": 194997.99, "Total Cost": 912029.03, "Plan Rows": 954323, "Plan Width": 45, "Inner Unique": true, "Hash Cond": "(ci.movie_id = t.id), (LLVM Optimized)", "Plans": [{"Node Type": "Hash Join", "Parent Relationship": "Outer", "Join Type": "Inner", "Startup Cost": 106747.61, "Total Cost": 811624.17, "Plan Rows": 696330, "Plan Width": 24, "Inner Unique": true, "Hash Cond": "(ci.person_role_id = chn.id), (LLVM Optimized)", "Plans": [{"Node Type": "Seq Scan", "Parent Relationship": "Outer", "Relation Name": "cast_info", "Alias": "ci", "Startup Cost": 0.0, "Total Cost": 692526.68, "Plan Rows": 1436424, "Plan Width": 12, "Filter": "((note)::text ~~ '%(producer)%'::text), (LLVM Optimized)"}, {"Node Type": "Hash", "Parent Relationship": "Inner", "Startup Cost": 67493.38, "Total Cost": 67493.38, "Plan Rows": 3140338, "Plan Width": 20, "Plans": [{"Node Type": "Seq Scan", "Parent Relationship": "Outer", "Relation Name": "char_name", "Alias": "chn", "Startup Cost": 0.0, "Total Cost": 67493.38, "Plan Rows": 3140338, "Plan Width": 20}]}]}, {"Node Type": "Hash", "Parent Relationship": "Inner", "Startup Cost": 66389.89, "Total Cost": 66389.89, "Plan Rows": 1748840, "Plan Width": 21, "Plans": [{"Node Type": "Seq Scan", "Parent Relationship": "Outer", "Relation Name": "title", "Alias": "t", "Startup Cost": 0.0, "Total Cost": 66389.89, "Plan Rows": 1748840, "Plan Width": 21, "Filter": "(production_year > 1990), (LLVM Optimized)"}]}]}]}]}, {"Node Type": "Hash", "Parent Relationship": "Inner", "Startup Cost": 1.03, "Total Cost": 1.03, "Plan Rows": 3, "Plan Width": 4, "Plans": [{"Node Type": "Seq Scan", "Parent Relationship": "Outer", "Relation Name": "company_type", "Alias": "ct", "Startup Cost": 0.0, "Total Cost": 1.03, "Plan Rows": 3, "Plan Width": 4}]}]}, {"Node Type": "Hash", "Parent Relationship": "Inner", "Startup Cost": 1.12, "Total Cost": 1.12, "Plan Rows": 12, "Plan Width": 4, "Plans": [{"Node Type": "Seq Scan", "Parent Relationship": "Outer", "Relation Name": "role_type", "Alias": "rt", "Startup Cost": 0.0, "Total Cost": 1.12, "Plan Rows": 12, "Plan Width": 4}]}]}]}, "Unique SQL Id": 3145361615}, "explain_analyze_plan": {"Plan": {"Node Type": "Aggregate", "Strategy": "Plain", "Startup Cost": 1041361.98, "Total Cost": 1041361.99, "Plan Rows": 1, "Plan Width": 97, "Actual Startup Time": 16188.609, "Actual Total Time": 16188.61, "Actual Rows": 1, "Actual Loops": 1, "Plans": [{"Node Type": "Hash Join", "Parent Relationship": "Outer", "Join Type": "Inner", "Startup Cost": 930928.48, "Total Cost": 1036514.92, "Plan Rows": 969413, "Plan Width": 33, "Actual Startup Time": 15828.872, "Actual Total Time": 16188.552, "Actual Rows": 4, "Actual Loops": 1, "Inner Unique": true, "Hash Cond": "(ci.role_id = rt.id), (LLVM Optimized, Jit Execute)", "Plans": [{"Node Type": "Hash Join", "Parent Relationship": "Outer", "Join Type": "Inner", "Startup Cost": 930927.21, "Total Cost": 1023184.22, "Plan Rows": 969413, "Plan Width": 37, "Actual Startup Time": 15828.776, "Actual Total Time": 16188.441, "Actual Rows": 4, "Actual Loops": 1, "Inner Unique": true, "Hash Cond": "(mc.company_type_id = ct.id), (LLVM Optimized, Jit Execute)", "Plans": [{"Node Type": "Hash Join", "Parent Relationship": "Outer", "Join Type": "Inner", "Startup Cost": 930926.14, "Total Cost": 1009853.72, "Plan Rows": 969413, "Plan Width": 41, "Actual Startup Time": 15005.566, "Actual Total Time": 16188.307, "Actual Rows": 10, "Actual Loops": 1, "Inner Unique": false, "Hash Cond": "(mc.movie_id = t.id), (LLVM Optimized, Jit Execute)", "Plans": [{"Node Type": "Hash Join", "Parent Relationship": "Outer", "Join Type": "Inner", "Startup Cost": 6968.08, "Total Cost": 71392.69, "Plan Rows": 1282311, "Plan Width": 8, "Actual Startup Time": 112.673, "Actual Total Time": 1492.413, "Actual Rows": 1153797, "Actual Loops": 1, "Inner Unique": true, "Hash Cond": "(mc.company_id = cn.id), (LLVM Optimized, Jit Execute)", "Plans": [{"Node Type": "Seq Scan", "Parent Relationship": "Outer", "Relation Name": "movie_companies", "Alias": "mc", "Startup Cost": 0.0, "Total Cost": 41817.28, "Plan Rows": 2609128, "Plan Width": 12, "Actual Startup Time": 0.016, "Actual Total Time": 568.795, "Actual Rows": 2609128, "Actual Loops": 1}, {"Node Type": "Hash", "Parent Relationship": "Inner", "Startup Cost": 5903.45, "Total Cost": 5903.45, "Plan Rows": 85170, "Plan Width": 4, "Actual Startup Time": 112.55, "Actual Total Time": 112.55, "Actual Rows": 84843, "Actual Loops": 1, "Hash Buckets": 131072, "Hash Batches": 1, "Original Hash Batches": 1, "Peak Memory Usage": 2983, "Plans": [{"Node Type": "Seq Scan", "Parent Relationship": "Outer", "Relation Name": "company_name", "Alias": "cn", "Startup Cost": 0.0, "Total Cost": 5903.45, "Plan Rows": 85170, "Plan Width": 4, "Actual Startup Time": 0.027, "Actual Total Time": 89.932, "Actual Rows": 84843, "Actual Loops": 1, "Filter": "((country_code)::text = '[us]'::text)", "Rows Removed by Filter": 150153}]}]}, {"Node Type": "Hash", "Parent Relationship": "Inner", "Startup Cost": 912029.03, "Total Cost": 912029.03, "Plan Rows": 954323, "Plan Width": 45, "Actual Startup Time": 14488.293, "Actual Total Time": 14488.293, "Actual Rows": 12, "Actual Loops": 1, "Hash Buckets": 1048576, "Hash Batches": 1, "Original Hash Batches": 1, "Peak Memory Usage": 1, "Plans": [{"Node Type": "Hash Join", "Parent Relationship": "Outer", "Join Type": "Inner", "Startup Cost": 194997.99, "Total Cost": 912029.03, "Plan Rows": 954323, "Plan Width": 45, "Actual Startup Time": 4529.624, "Actual Total Time": 14488.212, "Actual Rows": 12, "Actual Loops": 1, "Inner Unique": true, "Hash Cond": "(ci.movie_id = t.id), (LLVM Optimized, Jit Execute)", "Plans": [{"Node Type": "Hash Join", "Parent Relationship": "Outer", "Join Type": "Inner", "Startup Cost": 106747.61, "Total Cost": 811624.17, "Plan Rows": 696330, "Plan Width": 24, "Actual Startup Time": 2991.698, "Actual Total Time": 12936.256, "Actual Rows": 15, "Actual Loops": 1, "Inner Unique": true, "Hash Cond": "(ci.person_role_id = chn.id), (LLVM Optimized, Jit Execute)", "Plans": [{"Node Type": "Seq Scan", "Parent Relationship": "Outer", "Relation Name": "cast_info", "Alias": "ci", "Startup Cost": 0.0, "Total Cost": 692526.68, "Plan Rows": 1436424, "Plan Width": 12, "Actual Startup Time": 689.018, "Actual Total Time": 10483.608, "Actual Rows": 1435439, "Actual Loops": 1, "Filter": "((note)::text ~~ '%(producer)%'::text), (LLVM Optimized, Jit Execute)", "Rows Removed by Filter": 34808904}, {"Node Type": "Hash", "Parent Relationship": "Inner", "Startup Cost": 67493.38, "Total Cost": 67493.38, "Plan Rows": 3140338, "Plan Width": 20, "Actual Startup Time": 2297.894, "Actual Total Time": 2297.894, "Actual Rows": 3140338, "Actual Loops": 1, "Hash Buckets": 4194304, "Hash Batches": 1, "Original Hash Batches": 1, "Peak Memory Usage": 165269, "Plans": [{"Node Type": "Seq Scan", "Parent Relationship": "Outer", "Relation Name": "char_name", "Alias": "chn", "Startup Cost": 0.0, "Total Cost": 67493.38, "Plan Rows": 3140338, "Plan Width": 20, "Actual Startup Time": 0.047, "Actual Total Time": 983.534, "Actual Rows": 3140338, "Actual Loops": 1}]}]}, {"Node Type": "Hash", "Parent Relationship": "Inner", "Startup Cost": 66389.89, "Total Cost": 66389.89, "Plan Rows": 1748840, "Plan Width": 21, "Actual Startup Time": 1536.691, "Actual Total Time": 1536.691, "Actual Rows": 1749032, "Actual Loops": 1, "Hash Buckets": 2097152, "Hash Batches": 1, "Original Hash Batches": 1, "Peak Memory Usage": 93635, "Plans": [{"Node Type": "Seq Scan", "Parent Relationship": "Outer", "Relation Name": "title", "Alias": "t", "Startup Cost": 0.0, "Total Cost": 66389.89, "Plan Rows": 1748840, "Plan Width": 21, "Actual Startup Time": 0.032, "Actual Total Time": 903.509, "Actual Rows": 1749032, "Actual Loops": 1, "Filter": "(production_year > 1990), (LLVM Optimized, Jit Execute)", "Rows Removed by Filter": 779279}]}]}]}]}, {"Node Type": "Hash", "Parent Relationship": "Inner", "Startup Cost": 1.03, "Total Cost": 1.03, "Plan Rows": 3, "Plan Width": 4, "Actual Startup Time": 0.007, "Actual Total Time": 0.007, "Actual Rows": 3, "Actual Loops": 1, "Hash Buckets": 32768, "Hash Batches": 1, "Original Hash Batches": 1, "Peak Memory Usage": 1, "Plans": [{"Node Type": "Seq Scan", "Parent Relationship": "Outer", "Relation Name": "company_type", "Alias": "ct", "Startup Cost": 0.0, "Total Cost": 1.03, "Plan Rows": 3, "Plan Width": 4, "Actual Startup Time": 0.003, "Actual Total Time": 0.003, "Actual Rows": 3, "Actual Loops": 1}]}]}, {"Node Type": "Hash", "Parent Relationship": "Inner", "Startup Cost": 1.12, "Total Cost": 1.12, "Plan Rows": 12, "Plan Width": 4, "Actual Startup Time": 0.039, "Actual Total Time": 0.039, "Actual Rows": 12, "Actual Loops": 1, "Hash Buckets": 32768, "Hash Batches": 1, "Original Hash Batches": 1, "Peak Memory Usage": 1, "Plans": [{"Node Type": "Seq Scan", "Parent Relationship": "Outer", "Relation Name": "role_type", "Alias": "rt", "Startup Cost": 0.0, "Total Cost": 1.12, "Plan Rows": 12, "Plan Width": 4, "Actual Startup Time": 0.018, "Actual Total Time": 0.024, "Actual Rows": 12, "Actual Loops": 1}]}]}]}, "Triggers": [], "Planner Runtime": 41.396, "Total Runtime": 16199.863, "Unique SQL Id": 3145361615}}, "(1, 33)": {"explain_plan": {"Plan": {"Node Type": "Aggregate", "Strategy": "Plain", "Startup Cost": 1734929.7, "Total Cost": 1734929.71, "Plan Rows": 1, "Plan Width": 97, "Plans": [{"Node Type": "Hash Join", "Parent Relationship": "Outer", "Join Type": "Inner", "Startup Cost": 319014.37, "Total Cost": 1730082.63, "Plan Rows": 969413, "Plan Width": 33, "Inner Unique": true, "Hash Cond": "(mc.movie_id = t.id), (LLVM Optimized)", "Plans": [{"Node Type": "Hash Join", "Parent Relationship": "Outer", "Join Type": "Inner", "Startup Cost": 180712.61, "Total Cost": 1579462.74, "Plan Rows": 699731, "Plan Width": 24, "Inner Unique": true, "Hash Cond": "(ci.role_id = rt.id), (LLVM Optimized)", "Plans": [{"Node Type": "Hash Join", "Parent Relationship": "Outer", "Join Type": "Inner", "Startup Cost": 180704.03, "Total Cost": 1569832.86, "Plan Rows": 699731, "Plan Width": 28, "Inner Unique": true, "Hash Cond": "(mc.company_type_id = ct.id), (LLVM Optimized)", "Plans": [{"Node Type": "Hash Join", "Parent Relationship": "Outer", "Join Type": "Inner", "Startup Cost": 180695.69, "Total Cost": 1560203.23, "Plan Rows": 699731, "Plan Width": 32, "Inner Unique": true, "Hash Cond": "(ci.person_role_id = chn.id), (LLVM Optimized)", "Plans": [{"Node Type": "Nested Loop", "Parent Relationship": "Outer", "Join Type": "Inner", "Startup Cost": 11566.01, "Total Cost": 1378663.33, "Plan Rows": 1443440, "Plan Width": 20, "Inner Unique": false, "Plans": [{"Node Type": "Hash Join", "Parent Relationship": "Outer", "Join Type": "Inner", "Startup Cost": 11566.01, "Total Cost": 127355.52, "Plan Rows": 1282311, "Plan Width": 8, "Inner Unique": true, "Hash Cond": "(mc.company_id = cn.id), (LLVM Optimized)", "Plans": [{"Node Type": "Index Scan", "Parent Relationship": "Outer", "Scan Direction": "Forward", "Index Name": "company_type_id_movie_companies", "Relation Name": "movie_companies", "Alias": "mc", "Startup Cost": 0.0, "Total Cost": 93182.17, "Plan Rows": 2609128, "Plan Width": 12}, {"Node Type": "Hash", "Parent Relationship": "Inner", "Startup Cost": 10501.39, "Total Cost": 10501.39, "Plan Rows": 85170, "Plan Width": 4, "Plans": [{"Node Type": "Index Scan", "Parent Relationship": "Outer", "Scan Direction": "Forward", "Index Name": "company_name_pkey", "Relation Name": "company_name", "Alias": "cn", "Startup Cost": 0.0, "Total Cost": 10501.39, "Plan Rows": 85170, "Plan Width": 4, "Filter": "((country_code)::text = '[us]'::text)"}]}]}, {"Node Type": "Index Scan", "Parent Relationship": "Inner", "Scan Direction": "Forward", "Index Name": "movie_id_cast_info", "Relation Name": "cast_info", "Alias": "ci", "Startup Cost": 0.0, "Total Cost": 0.97, "Plan Rows": 1, "Plan Width": 12, "Index Cond": "(movie_id = mc.movie_id)", "Filter": "((note)::text ~~ '%(producer)%'::text)"}]}, {"Node Type": "Hash", "Parent Relationship": "Inner", "Startup Cost": 129875.46, "Total Cost": 129875.46, "Plan Rows": 3140338, "Plan Width": 20, "Plans": [{"Node Type": "Index Scan", "Parent Relationship": "Outer", "Scan Direction": "Forward", "Index Name": "char_name_pkey", "Relation Name": "char_name", "Alias": "chn", "Startup Cost": 0.0, "Total Cost": 129875.46, "Plan Rows": 3140338, "Plan Width": 20}]}]}, {"Node Type": "Hash", "Parent Relationship": "Inner", "Startup Cost": 8.29, "Total Cost": 8.29, "Plan Rows": 3, "Plan Width": 4, "Plans": [{"Node Type": "Index Only Scan", "Parent Relationship": "Outer", "Scan Direction": "Forward", "Index Name": "company_type_pkey", "Relation Name": "company_type", "Alias": "ct", "Startup Cost": 0.0, "Total Cost": 8.29, "Plan Rows": 3, "Plan Width": 4}]}]}, {"Node Type": "Hash", "Parent Relationship": "Inner", "Startup Cost": 8.43, "Total Cost": 8.43, "Plan Rows": 12, "Plan Width": 4, "Plans": [{"Node Type": "Index Only Scan", "Parent Relationship": "Outer", "Scan Direction": "Forward", "Index Name": "role_type_pkey", "Relation Name": "role_type", "Alias": "rt", "Startup Cost": 0.0, "Total Cost": 8.43, "Plan Rows": 12, "Plan Width": 4}]}]}, {"Node Type": "Hash", "Parent Relationship": "Inner", "Startup Cost": 116441.27, "Total Cost": 116441.27, "Plan Rows": 1748840, "Plan Width": 21, "Plans": [{"Node Type": "Index Scan", "Parent Relationship": "Outer", "Scan Direction": "Forward", "Index Name": "title_pkey", "Relation Name": "title", "Alias": "t", "Startup Cost": 0.0, "Total Cost": 116441.27, "Plan Rows": 1748840, "Plan Width": 21, "Filter": "(production_year > 1990), (LLVM Optimized)"}]}]}]}, "Unique SQL Id": 3145361615}, "explain_analyze_plan": null}, "(1, 34)": {"explain_plan": {"Plan": {"Node Type": "Aggregate", "Strategy": "Plain", "Startup Cost": 1041361.98, "Total Cost": 1041361.99, "Plan Rows": 1, "Plan Width": 97, "Plans": [{"Node Type": "Hash Join", "Parent Relationship": "Outer", "Join Type": "Inner", "Startup Cost": 930928.48, "Total Cost": 1036514.92, "Plan Rows": 969413, "Plan Width": 33, "Inner Unique": true, "Hash Cond": "(ci.role_id = rt.id), (LLVM Optimized)", "Plans": [{"Node Type": "Hash Join", "Parent Relationship": "Outer", "Join Type": "Inner", "Startup Cost": 930927.21, "Total Cost": 1023184.22, "Plan Rows": 969413, "Plan Width": 37, "Inner Unique": true, "Hash Cond": "(mc.company_type_id = ct.id), (LLVM Optimized)", "Plans": [{"Node Type": "Hash Join", "Parent Relationship": "Outer", "Join Type": "Inner", "Startup Cost": 930926.14, "Total Cost": 1009853.72, "Plan Rows": 969413, "Plan Width": 41, "Inner Unique": false, "Hash Cond": "(mc.movie_id = t.id), (LLVM Optimized)", "Plans": [{"Node Type": "Hash Join", "Parent Relationship": "Outer", "Join Type": "Inner", "Startup Cost": 6968.08, "Total Cost": 71392.69, "Plan Rows": 1282311, "Plan Width": 8, "Inner Unique": true, "Hash Cond": "(mc.company_id = cn.id), (LLVM Optimized)", "Plans": [{"Node Type": "Seq Scan", "Parent Relationship": "Outer", "Relation Name": "movie_companies", "Alias": "mc", "Startup Cost": 0.0, "Total Cost": 41817.28, "Plan Rows": 2609128, "Plan Width": 12}, {"Node Type": "Hash", "Parent Relationship": "Inner", "Startup Cost": 5903.45, "Total Cost": 5903.45, "Plan Rows": 85170, "Plan Width": 4, "Plans": [{"Node Type": "Seq Scan", "Parent Relationship": "Outer", "Relation Name": "company_name", "Alias": "cn", "Startup Cost": 0.0, "Total Cost": 5903.45, "Plan Rows": 85170, "Plan Width": 4, "Filter": "((country_code)::text = '[us]'::text)"}]}]}, {"Node Type": "Hash", "Parent Relationship": "Inner", "Startup Cost": 912029.03, "Total Cost": 912029.03, "Plan Rows": 954323, "Plan Width": 45, "Plans": [{"Node Type": "Hash Join", "Parent Relationship": "Outer", "Join Type": "Inner", "Startup Cost": 194997.99, "Total Cost": 912029.03, "Plan Rows": 954323, "Plan Width": 45, "Inner Unique": true, "Hash Cond": "(ci.movie_id = t.id), (LLVM Optimized)", "Plans": [{"Node Type": "Hash Join", "Parent Relationship": "Outer", "Join Type": "Inner", "Startup Cost": 106747.61, "Total Cost": 811624.17, "Plan Rows": 696330, "Plan Width": 24, "Inner Unique": true, "Hash Cond": "(ci.person_role_id = chn.id), (LLVM Optimized)", "Plans": [{"Node Type": "Seq Scan", "Parent Relationship": "Outer", "Relation Name": "cast_info", "Alias": "ci", "Startup Cost": 0.0, "Total Cost": 692526.68, "Plan Rows": 1436424, "Plan Width": 12, "Filter": "((note)::text ~~ '%(producer)%'::text), (LLVM Optimized)"}, {"Node Type": "Hash", "Parent Relationship": "Inner", "Startup Cost": 67493.38, "Total Cost": 67493.38, "Plan Rows": 3140338, "Plan Width": 20, "Plans": [{"Node Type": "Seq Scan", "Parent Relationship": "Outer", "Relation Name": "char_name", "Alias": "chn", "Startup Cost": 0.0, "Total Cost": 67493.38, "Plan Rows": 3140338, "Plan Width": 20}]}]}, {"Node Type": "Hash", "Parent Relationship": "Inner", "Startup Cost": 66389.89, "Total Cost": 66389.89, "Plan Rows": 1748840, "Plan Width": 21, "Plans": [{"Node Type": "Seq Scan", "Parent Relationship": "Outer", "Relation Name": "title", "Alias": "t", "Startup Cost": 0.0, "Total Cost": 66389.89, "Plan Rows": 1748840, "Plan Width": 21, "Filter": "(production_year > 1990), (LLVM Optimized)"}]}]}]}]}, {"Node Type": "Hash", "Parent Relationship": "Inner", "Startup Cost": 1.03, "Total Cost": 1.03, "Plan Rows": 3, "Plan Width": 4, "Plans": [{"Node Type": "Seq Scan", "Parent Relationship": "Outer", "Relation Name": "company_type", "Alias": "ct", "Startup Cost": 0.0, "Total Cost": 1.03, "Plan Rows": 3, "Plan Width": 4}]}]}, {"Node Type": "Hash", "Parent Relationship": "Inner", "Startup Cost": 1.12, "Total Cost": 1.12, "Plan Rows": 12, "Plan Width": 4, "Plans": [{"Node Type": "Seq Scan", "Parent Relationship": "Outer", "Relation Name": "role_type", "Alias": "rt", "Startup Cost": 0.0, "Total Cost": 1.12, "Plan Rows": 12, "Plan Width": 4}]}]}]}, "Unique SQL Id": 3145361615}, "explain_analyze_plan": {"Plan": {"Node Type": "Aggregate", "Strategy": "Plain", "Startup Cost": 1041361.98, "Total Cost": 1041361.99, "Plan Rows": 1, "Plan Width": 97, "Actual Startup Time": 16188.609, "Actual Total Time": 16188.61, "Actual Rows": 1, "Actual Loops": 1, "Plans": [{"Node Type": "Hash Join", "Parent Relationship": "Outer", "Join Type": "Inner", "Startup Cost": 930928.48, "Total Cost": 1036514.92, "Plan Rows": 969413, "Plan Width": 33, "Actual Startup Time": 15828.872, "Actual Total Time": 16188.552, "Actual Rows": 4, "Actual Loops": 1, "Inner Unique": true, "Hash Cond": "(ci.role_id = rt.id), (LLVM Optimized, Jit Execute)", "Plans": [{"Node Type": "Hash Join", "Parent Relationship": "Outer", "Join Type": "Inner", "Startup Cost": 930927.21, "Total Cost": 1023184.22, "Plan Rows": 969413, "Plan Width": 37, "Actual Startup Time": 15828.776, "Actual Total Time": 16188.441, "Actual Rows": 4, "Actual Loops": 1, "Inner Unique": true, "Hash Cond": "(mc.company_type_id = ct.id), (LLVM Optimized, Jit Execute)", "Plans": [{"Node Type": "Hash Join", "Parent Relationship": "Outer", "Join Type": "Inner", "Startup Cost": 930926.14, "Total Cost": 1009853.72, "Plan Rows": 969413, "Plan Width": 41, "Actual Startup Time": 15005.566, "Actual Total Time": 16188.307, "Actual Rows": 10, "Actual Loops": 1, "Inner Unique": false, "Hash Cond": "(mc.movie_id = t.id), (LLVM Optimized, Jit Execute)", "Plans": [{"Node Type": "Hash Join", "Parent Relationship": "Outer", "Join Type": "Inner", "Startup Cost": 6968.08, "Total Cost": 71392.69, "Plan Rows": 1282311, "Plan Width": 8, "Actual Startup Time": 112.673, "Actual Total Time": 1492.413, "Actual Rows": 1153797, "Actual Loops": 1, "Inner Unique": true, "Hash Cond": "(mc.company_id = cn.id), (LLVM Optimized, Jit Execute)", "Plans": [{"Node Type": "Seq Scan", "Parent Relationship": "Outer", "Relation Name": "movie_companies", "Alias": "mc", "Startup Cost": 0.0, "Total Cost": 41817.28, "Plan Rows": 2609128, "Plan Width": 12, "Actual Startup Time": 0.016, "Actual Total Time": 568.795, "Actual Rows": 2609128, "Actual Loops": 1}, {"Node Type": "Hash", "Parent Relationship": "Inner", "Startup Cost": 5903.45, "Total Cost": 5903.45, "Plan Rows": 85170, "Plan Width": 4, "Actual Startup Time": 112.55, "Actual Total Time": 112.55, "Actual Rows": 84843, "Actual Loops": 1, "Hash Buckets": 131072, "Hash Batches": 1, "Original Hash Batches": 1, "Peak Memory Usage": 2983, "Plans": [{"Node Type": "Seq Scan", "Parent Relationship": "Outer", "Relation Name": "company_name", "Alias": "cn", "Startup Cost": 0.0, "Total Cost": 5903.45, "Plan Rows": 85170, "Plan Width": 4, "Actual Startup Time": 0.027, "Actual Total Time": 89.932, "Actual Rows": 84843, "Actual Loops": 1, "Filter": "((country_code)::text = '[us]'::text)", "Rows Removed by Filter": 150153}]}]}, {"Node Type": "Hash", "Parent Relationship": "Inner", "Startup Cost": 912029.03, "Total Cost": 912029.03, "Plan Rows": 954323, "Plan Width": 45, "Actual Startup Time": 14488.293, "Actual Total Time": 14488.293, "Actual Rows": 12, "Actual Loops": 1, "Hash Buckets": 1048576, "Hash Batches": 1, "Original Hash Batches": 1, "Peak Memory Usage": 1, "Plans": [{"Node Type": "Hash Join", "Parent Relationship": "Outer", "Join Type": "Inner", "Startup Cost": 194997.99, "Total Cost": 912029.03, "Plan Rows": 954323, "Plan Width": 45, "Actual Startup Time": 4529.624, "Actual Total Time": 14488.212, "Actual Rows": 12, "Actual Loops": 1, "Inner Unique": true, "Hash Cond": "(ci.movie_id = t.id), (LLVM Optimized, Jit Execute)", "Plans": [{"Node Type": "Hash Join", "Parent Relationship": "Outer", "Join Type": "Inner", "Startup Cost": 106747.61, "Total Cost": 811624.17, "Plan Rows": 696330, "Plan Width": 24, "Actual Startup Time": 2991.698, "Actual Total Time": 12936.256, "Actual Rows": 15, "Actual Loops": 1, "Inner Unique": true, "Hash Cond": "(ci.person_role_id = chn.id), (LLVM Optimized, Jit Execute)", "Plans": [{"Node Type": "Seq Scan", "Parent Relationship": "Outer", "Relation Name": "cast_info", "Alias": "ci", "Startup Cost": 0.0, "Total Cost": 692526.68, "Plan Rows": 1436424, "Plan Width": 12, "Actual Startup Time": 689.018, "Actual Total Time": 10483.608, "Actual Rows": 1435439, "Actual Loops": 1, "Filter": "((note)::text ~~ '%(producer)%'::text), (LLVM Optimized, Jit Execute)", "Rows Removed by Filter": 34808904}, {"Node Type": "Hash", "Parent Relationship": "Inner", "Startup Cost": 67493.38, "Total Cost": 67493.38, "Plan Rows": 3140338, "Plan Width": 20, "Actual Startup Time": 2297.894, "Actual Total Time": 2297.894, "Actual Rows": 3140338, "Actual Loops": 1, "Hash Buckets": 4194304, "Hash Batches": 1, "Original Hash Batches": 1, "Peak Memory Usage": 165269, "Plans": [{"Node Type": "Seq Scan", "Parent Relationship": "Outer", "Relation Name": "char_name", "Alias": "chn", "Startup Cost": 0.0, "Total Cost": 67493.38, "Plan Rows": 3140338, "Plan Width": 20, "Actual Startup Time": 0.047, "Actual Total Time": 983.534, "Actual Rows": 3140338, "Actual Loops": 1}]}]}, {"Node Type": "Hash", "Parent Relationship": "Inner", "Startup Cost": 66389.89, "Total Cost": 66389.89, "Plan Rows": 1748840, "Plan Width": 21, "Actual Startup Time": 1536.691, "Actual Total Time": 1536.691, "Actual Rows": 1749032, "Actual Loops": 1, "Hash Buckets": 2097152, "Hash Batches": 1, "Original Hash Batches": 1, "Peak Memory Usage": 93635, "Plans": [{"Node Type": "Seq Scan", "Parent Relationship": "Outer", "Relation Name": "title", "Alias": "t", "Startup Cost": 0.0, "Total Cost": 66389.89, "Plan Rows": 1748840, "Plan Width": 21, "Actual Startup Time": 0.032, "Actual Total Time": 903.509, "Actual Rows": 1749032, "Actual Loops": 1, "Filter": "(production_year > 1990), (LLVM Optimized, Jit Execute)", "Rows Removed by Filter": 779279}]}]}]}]}, {"Node Type": "Hash", "Parent Relationship": "Inner", "Startup Cost": 1.03, "Total Cost": 1.03, "Plan Rows": 3, "Plan Width": 4, "Actual Startup Time": 0.007, "Actual Total Time": 0.007, "Actual Rows": 3, "Actual Loops": 1, "Hash Buckets": 32768, "Hash Batches": 1, "Original Hash Batches": 1, "Peak Memory Usage": 1, "Plans": [{"Node Type": "Seq Scan", "Parent Relationship": "Outer", "Relation Name": "company_type", "Alias": "ct", "Startup Cost": 0.0, "Total Cost": 1.03, "Plan Rows": 3, "Plan Width": 4, "Actual Startup Time": 0.003, "Actual Total Time": 0.003, "Actual Rows": 3, "Actual Loops": 1}]}]}, {"Node Type": "Hash", "Parent Relationship": "Inner", "Startup Cost": 1.12, "Total Cost": 1.12, "Plan Rows": 12, "Plan Width": 4, "Actual Startup Time": 0.039, "Actual Total Time": 0.039, "Actual Rows": 12, "Actual Loops": 1, "Hash Buckets": 32768, "Hash Batches": 1, "Original Hash Batches": 1, "Peak Memory Usage": 1, "Plans": [{"Node Type": "Seq Scan", "Parent Relationship": "Outer", "Relation Name": "role_type", "Alias": "rt", "Startup Cost": 0.0, "Total Cost": 1.12, "Plan Rows": 12, "Plan Width": 4, "Actual Startup Time": 0.018, "Actual Total Time": 0.024, "Actual Rows": 12, "Actual Loops": 1}]}]}]}, "Triggers": [], "Planner Runtime": 41.396, "Total Runtime": 16199.863, "Unique SQL Id": 3145361615}}, "(1, 35)": {"explain_plan": {"Plan": {"Node Type": "Aggregate", "Strategy": "Plain", "Startup Cost": 1000042785415.19, "Total Cost": 1000042785415.2, "Plan Rows": 1, "Plan Width": 97, "Plans": [{"Node Type": "Nested Loop", "Parent Relationship": "Outer", "Join Type": "Inner", "Startup Cost": 10000000001.85, "Total Cost": 1000042780568.12, "Plan Rows": 969413, "Plan Width": 33, "Inner Unique": true, "Plans": [{"Node Type": "Nested Loop", "Parent Relationship": "Outer", "Join Type": "Inner", "Startup Cost": 10000000001.59, "Total Cost": 1000038631235.16, "Plan Rows": 969413, "Plan Width": 37, "Inner Unique": true, "Plans": [{"Node Type": "Nested Loop", "Parent Relationship": "Outer", "Join Type": "Inner", "Startup Cost": 10000000001.32, "Total Cost": 1000035624536.13, "Plan Rows": 699731, "Plan Width": 28, "Inner Unique": true, "Plans": [{"Node Type": "Nested Loop", "Parent Relationship": "Outer", "Join Type": "Inner", "Startup Cost": 10000000001.06, "Total Cost": 1000032629508.62, "Plan Rows": 699731, "Plan Width": 32, "Inner Unique": true, "Plans": [{"Node Type": "Nested Loop", "Parent Relationship": "Outer", "Join Type": "Inner", "Startup Cost": 10000000000.77, "Total Cost": 1000026404533.61, "Plan Rows": 1443440, "Plan Width": 20, "Inner Unique": false, "Plans": [{"Node Type": "Nested Loop", "Parent Relationship": "Outer", "Join Type": "Inner", "Startup Cost": 10000000000.26, "Total Cost": 1000020494063.94, "Plan Rows": 1282311, "Plan Width": 8, "Inner Unique": true, "Plans": [{"Node Type": "Index Scan", "Parent Relationship": "Outer", "Scan Direction": "Forward", "Index Name": "company_type_id_movie_companies", "Relation Name": "movie_companies", "Alias": "mc", "Startup Cost": 10000000000.0, "Total Cost": 1000009318217.0, "Plan Rows": 2609128, "Plan Width": 12}, {"Node Type": "Bitmap Heap Scan", "Parent Relationship": "Inner", "Relation Name": "company_name", "Alias": "cn", "Startup Cost": 0.26, "Total Cost": 4.27, "Plan Rows": 1, "Plan Width": 4, "Recheck Cond": "(id = mc.company_id)", "Filter": "((country_code)::text = '[us]'::text)", "Plans": [{"Node Type": "Bitmap Index Scan", "Parent Relationship": "Outer", "Index Name": "company_name_pkey", "Startup Cost": 0.0, "Total Cost": 0.26, "Plan Rows": 1, "Plan Width": 0, "Index Cond": "(id = mc.company_id)"}]}]}, {"Node Type": "Bitmap Heap Scan", "Parent Relationship": "Inner", "Relation Name": "cast_info", "Alias": "ci", "Startup Cost": 0.51, "Total Cost": 4.6, "Plan Rows": 1, "Plan Width": 12, "Recheck Cond": "(movie_id = mc.movie_id)", "Filter": "((note)::text ~~ '%(producer)%'::text)", "Plans": [{"Node Type": "Bitmap Index Scan", "Parent Relationship": "Outer", "Index Name": "movie_id_cast_info", "Startup Cost": 0.0, "Total Cost": 0.51, "Plan Rows": 6, "Plan Width": 0, "Index Cond": "(movie_id = mc.movie_id)"}]}]}, {"Node Type": "Bitmap Heap Scan", "Parent Relationship": "Inner", "Relation Name": "char_name", "Alias": "chn", "Startup Cost": 0.29, "Total Cost": 4.3, "Plan Rows": 1, "Plan Width": 20, "Recheck Cond": "(id = ci.person_role_id)", "Plans": [{"Node Type": "Bitmap Index Scan", "Parent Relationship": "Outer", "Index Name": "char_name_pkey", "Startup Cost": 0.0, "Total Cost": 0.29, "Plan Rows": 1, "Plan Width": 0, "Index Cond": "(id = ci.person_role_id)"}]}]}, {"Node Type": "Bitmap Heap Scan", "Parent Relationship": "Inner", "Relation Name": "role_type", "Alias": "rt", "Startup Cost": 0.26, "Total Cost": 4.27, "Plan Rows": 1, "Plan Width": 4, "Recheck Cond": "(id = ci.role_id)", "Plans": [{"Node Type": "Bitmap Index Scan", "Parent Relationship": "Outer", "Index Name": "role_type_pkey", "Startup Cost": 0.0, "Total Cost": 0.26, "Plan Rows": 1, "Plan Width": 0, "Index Cond": "(id = ci.role_id)"}]}]}, {"Node Type": "Bitmap Heap Scan", "Parent Relationship": "Inner", "Relation Name": "title", "Alias": "t", "Startup Cost": 0.27, "Total Cost": 4.29, "Plan Rows": 1, "Plan Width": 21, "Recheck Cond": "(id = mc.movie_id)", "Filter": "(production_year > 1990)", "Plans": [{"Node Type": "Bitmap Index Scan", "Parent Relationship": "Outer", "Index Name": "title_pkey", "Startup Cost": 0.0, "Total Cost": 0.27, "Plan Rows": 1, "Plan Width": 0, "Index Cond": "(id = mc.movie_id)"}]}]}, {"Node Type": "Bitmap Heap Scan", "Parent Relationship": "Inner", "Relation Name": "company_type", "Alias": "ct", "Startup Cost": 0.26, "Total Cost": 4.27, "Plan Rows": 1, "Plan Width": 4, "Recheck Cond": "(id = mc.company_type_id)", "Plans": [{"Node Type": "Bitmap Index Scan", "Parent Relationship": "Outer", "Index Name": "company_type_pkey", "Startup Cost": 0.0, "Total Cost": 0.26, "Plan Rows": 1, "Plan Width": 0, "Index Cond": "(id = mc.company_type_id)"}]}]}]}, "Unique SQL Id": 3145361615}, "explain_analyze_plan": null}, "(1, 36)": {"explain_plan": {"Plan": {"Node Type": "Aggregate", "Strategy": "Plain", "Startup Cost": 1041361.98, "Total Cost": 1041361.99, "Plan Rows": 1, "Plan Width": 97, "Plans": [{"Node Type": "Hash Join", "Parent Relationship": "Outer", "Join Type": "Inner", "Startup Cost": 930928.48, "Total Cost": 1036514.92, "Plan Rows": 969413, "Plan Width": 33, "Inner Unique": true, "Hash Cond": "(ci.role_id = rt.id), (LLVM Optimized)", "Plans": [{"Node Type": "Hash Join", "Parent Relationship": "Outer", "Join Type": "Inner", "Startup Cost": 930927.21, "Total Cost": 1023184.22, "Plan Rows": 969413, "Plan Width": 37, "Inner Unique": true, "Hash Cond": "(mc.company_type_id = ct.id), (LLVM Optimized)", "Plans": [{"Node Type": "Hash Join", "Parent Relationship": "Outer", "Join Type": "Inner", "Startup Cost": 930926.14, "Total Cost": 1009853.72, "Plan Rows": 969413, "Plan Width": 41, "Inner Unique": false, "Hash Cond": "(mc.movie_id = t.id), (LLVM Optimized)", "Plans": [{"Node Type": "Hash Join", "Parent Relationship": "Outer", "Join Type": "Inner", "Startup Cost": 6968.08, "Total Cost": 71392.69, "Plan Rows": 1282311, "Plan Width": 8, "Inner Unique": true, "Hash Cond": "(mc.company_id = cn.id), (LLVM Optimized)", "Plans": [{"Node Type": "Seq Scan", "Parent Relationship": "Outer", "Relation Name": "movie_companies", "Alias": "mc", "Startup Cost": 0.0, "Total Cost": 41817.28, "Plan Rows": 2609128, "Plan Width": 12}, {"Node Type": "Hash", "Parent Relationship": "Inner", "Startup Cost": 5903.45, "Total Cost": 5903.45, "Plan Rows": 85170, "Plan Width": 4, "Plans": [{"Node Type": "Seq Scan", "Parent Relationship": "Outer", "Relation Name": "company_name", "Alias": "cn", "Startup Cost": 0.0, "Total Cost": 5903.45, "Plan Rows": 85170, "Plan Width": 4, "Filter": "((country_code)::text = '[us]'::text)"}]}]}, {"Node Type": "Hash", "Parent Relationship": "Inner", "Startup Cost": 912029.03, "Total Cost": 912029.03, "Plan Rows": 954323, "Plan Width": 45, "Plans": [{"Node Type": "Hash Join", "Parent Relationship": "Outer", "Join Type": "Inner", "Startup Cost": 194997.99, "Total Cost": 912029.03, "Plan Rows": 954323, "Plan Width": 45, "Inner Unique": true, "Hash Cond": "(ci.movie_id = t.id), (LLVM Optimized)", "Plans": [{"Node Type": "Hash Join", "Parent Relationship": "Outer", "Join Type": "Inner", "Startup Cost": 106747.61, "Total Cost": 811624.17, "Plan Rows": 696330, "Plan Width": 24, "Inner Unique": true, "Hash Cond": "(ci.person_role_id = chn.id), (LLVM Optimized)", "Plans": [{"Node Type": "Seq Scan", "Parent Relationship": "Outer", "Relation Name": "cast_info", "Alias": "ci", "Startup Cost": 0.0, "Total Cost": 692526.68, "Plan Rows": 1436424, "Plan Width": 12, "Filter": "((note)::text ~~ '%(producer)%'::text), (LLVM Optimized)"}, {"Node Type": "Hash", "Parent Relationship": "Inner", "Startup Cost": 67493.38, "Total Cost": 67493.38, "Plan Rows": 3140338, "Plan Width": 20, "Plans": [{"Node Type": "Seq Scan", "Parent Relationship": "Outer", "Relation Name": "char_name", "Alias": "chn", "Startup Cost": 0.0, "Total Cost": 67493.38, "Plan Rows": 3140338, "Plan Width": 20}]}]}, {"Node Type": "Hash", "Parent Relationship": "Inner", "Startup Cost": 66389.89, "Total Cost": 66389.89, "Plan Rows": 1748840, "Plan Width": 21, "Plans": [{"Node Type": "Seq Scan", "Parent Relationship": "Outer", "Relation Name": "title", "Alias": "t", "Startup Cost": 0.0, "Total Cost": 66389.89, "Plan Rows": 1748840, "Plan Width": 21, "Filter": "(production_year > 1990), (LLVM Optimized)"}]}]}]}]}, {"Node Type": "Hash", "Parent Relationship": "Inner", "Startup Cost": 1.03, "Total Cost": 1.03, "Plan Rows": 3, "Plan Width": 4, "Plans": [{"Node Type": "Seq Scan", "Parent Relationship": "Outer", "Relation Name": "company_type", "Alias": "ct", "Startup Cost": 0.0, "Total Cost": 1.03, "Plan Rows": 3, "Plan Width": 4}]}]}, {"Node Type": "Hash", "Parent Relationship": "Inner", "Startup Cost": 1.12, "Total Cost": 1.12, "Plan Rows": 12, "Plan Width": 4, "Plans": [{"Node Type": "Seq Scan", "Parent Relationship": "Outer", "Relation Name": "role_type", "Alias": "rt", "Startup Cost": 0.0, "Total Cost": 1.12, "Plan Rows": 12, "Plan Width": 4}]}]}]}, "Unique SQL Id": 3145361615}, "explain_analyze_plan": {"Plan": {"Node Type": "Aggregate", "Strategy": "Plain", "Startup Cost": 1041361.98, "Total Cost": 1041361.99, "Plan Rows": 1, "Plan Width": 97, "Actual Startup Time": 16188.609, "Actual Total Time": 16188.61, "Actual Rows": 1, "Actual Loops": 1, "Plans": [{"Node Type": "Hash Join", "Parent Relationship": "Outer", "Join Type": "Inner", "Startup Cost": 930928.48, "Total Cost": 1036514.92, "Plan Rows": 969413, "Plan Width": 33, "Actual Startup Time": 15828.872, "Actual Total Time": 16188.552, "Actual Rows": 4, "Actual Loops": 1, "Inner Unique": true, "Hash Cond": "(ci.role_id = rt.id), (LLVM Optimized, Jit Execute)", "Plans": [{"Node Type": "Hash Join", "Parent Relationship": "Outer", "Join Type": "Inner", "Startup Cost": 930927.21, "Total Cost": 1023184.22, "Plan Rows": 969413, "Plan Width": 37, "Actual Startup Time": 15828.776, "Actual Total Time": 16188.441, "Actual Rows": 4, "Actual Loops": 1, "Inner Unique": true, "Hash Cond": "(mc.company_type_id = ct.id), (LLVM Optimized, Jit Execute)", "Plans": [{"Node Type": "Hash Join", "Parent Relationship": "Outer", "Join Type": "Inner", "Startup Cost": 930926.14, "Total Cost": 1009853.72, "Plan Rows": 969413, "Plan Width": 41, "Actual Startup Time": 15005.566, "Actual Total Time": 16188.307, "Actual Rows": 10, "Actual Loops": 1, "Inner Unique": false, "Hash Cond": "(mc.movie_id = t.id), (LLVM Optimized, Jit Execute)", "Plans": [{"Node Type": "Hash Join", "Parent Relationship": "Outer", "Join Type": "Inner", "Startup Cost": 6968.08, "Total Cost": 71392.69, "Plan Rows": 1282311, "Plan Width": 8, "Actual Startup Time": 112.673, "Actual Total Time": 1492.413, "Actual Rows": 1153797, "Actual Loops": 1, "Inner Unique": true, "Hash Cond": "(mc.company_id = cn.id), (LLVM Optimized, Jit Execute)", "Plans": [{"Node Type": "Seq Scan", "Parent Relationship": "Outer", "Relation Name": "movie_companies", "Alias": "mc", "Startup Cost": 0.0, "Total Cost": 41817.28, "Plan Rows": 2609128, "Plan Width": 12, "Actual Startup Time": 0.016, "Actual Total Time": 568.795, "Actual Rows": 2609128, "Actual Loops": 1}, {"Node Type": "Hash", "Parent Relationship": "Inner", "Startup Cost": 5903.45, "Total Cost": 5903.45, "Plan Rows": 85170, "Plan Width": 4, "Actual Startup Time": 112.55, "Actual Total Time": 112.55, "Actual Rows": 84843, "Actual Loops": 1, "Hash Buckets": 131072, "Hash Batches": 1, "Original Hash Batches": 1, "Peak Memory Usage": 2983, "Plans": [{"Node Type": "Seq Scan", "Parent Relationship": "Outer", "Relation Name": "company_name", "Alias": "cn", "Startup Cost": 0.0, "Total Cost": 5903.45, "Plan Rows": 85170, "Plan Width": 4, "Actual Startup Time": 0.027, "Actual Total Time": 89.932, "Actual Rows": 84843, "Actual Loops": 1, "Filter": "((country_code)::text = '[us]'::text)", "Rows Removed by Filter": 150153}]}]}, {"Node Type": "Hash", "Parent Relationship": "Inner", "Startup Cost": 912029.03, "Total Cost": 912029.03, "Plan Rows": 954323, "Plan Width": 45, "Actual Startup Time": 14488.293, "Actual Total Time": 14488.293, "Actual Rows": 12, "Actual Loops": 1, "Hash Buckets": 1048576, "Hash Batches": 1, "Original Hash Batches": 1, "Peak Memory Usage": 1, "Plans": [{"Node Type": "Hash Join", "Parent Relationship": "Outer", "Join Type": "Inner", "Startup Cost": 194997.99, "Total Cost": 912029.03, "Plan Rows": 954323, "Plan Width": 45, "Actual Startup Time": 4529.624, "Actual Total Time": 14488.212, "Actual Rows": 12, "Actual Loops": 1, "Inner Unique": true, "Hash Cond": "(ci.movie_id = t.id), (LLVM Optimized, Jit Execute)", "Plans": [{"Node Type": "Hash Join", "Parent Relationship": "Outer", "Join Type": "Inner", "Startup Cost": 106747.61, "Total Cost": 811624.17, "Plan Rows": 696330, "Plan Width": 24, "Actual Startup Time": 2991.698, "Actual Total Time": 12936.256, "Actual Rows": 15, "Actual Loops": 1, "Inner Unique": true, "Hash Cond": "(ci.person_role_id = chn.id), (LLVM Optimized, Jit Execute)", "Plans": [{"Node Type": "Seq Scan", "Parent Relationship": "Outer", "Relation Name": "cast_info", "Alias": "ci", "Startup Cost": 0.0, "Total Cost": 692526.68, "Plan Rows": 1436424, "Plan Width": 12, "Actual Startup Time": 689.018, "Actual Total Time": 10483.608, "Actual Rows": 1435439, "Actual Loops": 1, "Filter": "((note)::text ~~ '%(producer)%'::text), (LLVM Optimized, Jit Execute)", "Rows Removed by Filter": 34808904}, {"Node Type": "Hash", "Parent Relationship": "Inner", "Startup Cost": 67493.38, "Total Cost": 67493.38, "Plan Rows": 3140338, "Plan Width": 20, "Actual Startup Time": 2297.894, "Actual Total Time": 2297.894, "Actual Rows": 3140338, "Actual Loops": 1, "Hash Buckets": 4194304, "Hash Batches": 1, "Original Hash Batches": 1, "Peak Memory Usage": 165269, "Plans": [{"Node Type": "Seq Scan", "Parent Relationship": "Outer", "Relation Name": "char_name", "Alias": "chn", "Startup Cost": 0.0, "Total Cost": 67493.38, "Plan Rows": 3140338, "Plan Width": 20, "Actual Startup Time": 0.047, "Actual Total Time": 983.534, "Actual Rows": 3140338, "Actual Loops": 1}]}]}, {"Node Type": "Hash", "Parent Relationship": "Inner", "Startup Cost": 66389.89, "Total Cost": 66389.89, "Plan Rows": 1748840, "Plan Width": 21, "Actual Startup Time": 1536.691, "Actual Total Time": 1536.691, "Actual Rows": 1749032, "Actual Loops": 1, "Hash Buckets": 2097152, "Hash Batches": 1, "Original Hash Batches": 1, "Peak Memory Usage": 93635, "Plans": [{"Node Type": "Seq Scan", "Parent Relationship": "Outer", "Relation Name": "title", "Alias": "t", "Startup Cost": 0.0, "Total Cost": 66389.89, "Plan Rows": 1748840, "Plan Width": 21, "Actual Startup Time": 0.032, "Actual Total Time": 903.509, "Actual Rows": 1749032, "Actual Loops": 1, "Filter": "(production_year > 1990), (LLVM Optimized, Jit Execute)", "Rows Removed by Filter": 779279}]}]}]}]}, {"Node Type": "Hash", "Parent Relationship": "Inner", "Startup Cost": 1.03, "Total Cost": 1.03, "Plan Rows": 3, "Plan Width": 4, "Actual Startup Time": 0.007, "Actual Total Time": 0.007, "Actual Rows": 3, "Actual Loops": 1, "Hash Buckets": 32768, "Hash Batches": 1, "Original Hash Batches": 1, "Peak Memory Usage": 1, "Plans": [{"Node Type": "Seq Scan", "Parent Relationship": "Outer", "Relation Name": "company_type", "Alias": "ct", "Startup Cost": 0.0, "Total Cost": 1.03, "Plan Rows": 3, "Plan Width": 4, "Actual Startup Time": 0.003, "Actual Total Time": 0.003, "Actual Rows": 3, "Actual Loops": 1}]}]}, {"Node Type": "Hash", "Parent Relationship": "Inner", "Startup Cost": 1.12, "Total Cost": 1.12, "Plan Rows": 12, "Plan Width": 4, "Actual Startup Time": 0.039, "Actual Total Time": 0.039, "Actual Rows": 12, "Actual Loops": 1, "Hash Buckets": 32768, "Hash Batches": 1, "Original Hash Batches": 1, "Peak Memory Usage": 1, "Plans": [{"Node Type": "Seq Scan", "Parent Relationship": "Outer", "Relation Name": "role_type", "Alias": "rt", "Startup Cost": 0.0, "Total Cost": 1.12, "Plan Rows": 12, "Plan Width": 4, "Actual Startup Time": 0.018, "Actual Total Time": 0.024, "Actual Rows": 12, "Actual Loops": 1}]}]}]}, "Triggers": [], "Planner Runtime": 41.396, "Total Runtime": 16199.863, "Unique SQL Id": 3145361615}}, "(1, 37)": {"explain_plan": {"Plan": {"Node Type": "Aggregate", "Strategy": "Plain", "Startup Cost": 1734937.7, "Total Cost": 1734937.71, "Plan Rows": 1, "Plan Width": 97, "Plans": [{"Node Type": "Hash Join", "Parent Relationship": "Outer", "Join Type": "Inner", "Startup Cost": 319022.37, "Total Cost": 1730090.63, "Plan Rows": 969413, "Plan Width": 33, "Inner Unique": true, "Hash Cond": "(mc.movie_id = t.id), (LLVM Optimized)", "Plans": [{"Node Type": "Hash Join", "Parent Relationship": "Outer", "Join Type": "Inner", "Startup Cost": 180720.61, "Total Cost": 1579470.74, "Plan Rows": 699731, "Plan Width": 24, "Inner Unique": true, "Hash Cond": "(ci.role_id = rt.id), (LLVM Optimized)", "Plans": [{"Node Type": "Hash Join", "Parent Relationship": "Outer", "Join Type": "Inner", "Startup Cost": 180708.03, "Total Cost": 1569836.86, "Plan Rows": 699731, "Plan Width": 28, "Inner Unique": true, "Hash Cond": "(mc.company_type_id = ct.id), (LLVM Optimized)", "Plans": [{"Node Type": "Hash Join", "Parent Relationship": "Outer", "Join Type": "Inner", "Startup Cost": 180695.69, "Total Cost": 1560203.23, "Plan Rows": 699731, "Plan Width": 32, "Inner Unique": true, "Hash Cond": "(ci.person_role_id = chn.id), (LLVM Optimized)", "Plans": [{"Node Type": "Nested Loop", "Parent Relationship": "Outer", "Join Type": "Inner", "Startup Cost": 11566.01, "Total Cost": 1378663.33, "Plan Rows": 1443440, "Plan Width": 20, "Inner Unique": false, "Plans": [{"Node Type": "Hash Join", "Parent Relationship": "Outer", "Join Type": "Inner", "Startup Cost": 11566.01, "Total Cost": 127355.52, "Plan Rows": 1282311, "Plan Width": 8, "Inner Unique": true, "Hash Cond": "(mc.company_id = cn.id), (LLVM Optimized)", "Plans": [{"Node Type": "Index Scan", "Parent Relationship": "Outer", "Scan Direction": "Forward", "Index Name": "company_type_id_movie_companies", "Relation Name": "movie_companies", "Alias": "mc", "Startup Cost": 0.0, "Total Cost": 93182.17, "Plan Rows": 2609128, "Plan Width": 12}, {"Node Type": "Hash", "Parent Relationship": "Inner", "Startup Cost": 10501.39, "Total Cost": 10501.39, "Plan Rows": 85170, "Plan Width": 4, "Plans": [{"Node Type": "Index Scan", "Parent Relationship": "Outer", "Scan Direction": "Forward", "Index Name": "company_name_pkey", "Relation Name": "company_name", "Alias": "cn", "Startup Cost": 0.0, "Total Cost": 10501.39, "Plan Rows": 85170, "Plan Width": 4, "Filter": "((country_code)::text = '[us]'::text)"}]}]}, {"Node Type": "Index Scan", "Parent Relationship": "Inner", "Scan Direction": "Forward", "Index Name": "movie_id_cast_info", "Relation Name": "cast_info", "Alias": "ci", "Startup Cost": 0.0, "Total Cost": 0.97, "Plan Rows": 1, "Plan Width": 12, "Index Cond": "(movie_id = mc.movie_id)", "Filter": "((note)::text ~~ '%(producer)%'::text)"}]}, {"Node Type": "Hash", "Parent Relationship": "Inner", "Startup Cost": 129875.46, "Total Cost": 129875.46, "Plan Rows": 3140338, "Plan Width": 20, "Plans": [{"Node Type": "Index Scan", "Parent Relationship": "Outer", "Scan Direction": "Forward", "Index Name": "char_name_pkey", "Relation Name": "char_name", "Alias": "chn", "Startup Cost": 0.0, "Total Cost": 129875.46, "Plan Rows": 3140338, "Plan Width": 20}]}]}, {"Node Type": "Hash", "Parent Relationship": "Inner", "Startup Cost": 12.29, "Total Cost": 12.29, "Plan Rows": 3, "Plan Width": 4, "Plans": [{"Node Type": "Index Scan", "Parent Relationship": "Outer", "Scan Direction": "Forward", "Index Name": "company_type_pkey", "Relation Name": "company_type", "Alias": "ct", "Startup Cost": 0.0, "Total Cost": 12.29, "Plan Rows": 3, "Plan Width": 4}]}]}, {"Node Type": "Hash", "Parent Relationship": "Inner", "Startup Cost": 12.43, "Total Cost": 12.43, "Plan Rows": 12, "Plan Width": 4, "Plans": [{"Node Type": "Index Scan", "Parent Relationship": "Outer", "Scan Direction": "Forward", "Index Name": "role_type_pkey", "Relation Name": "role_type", "Alias": "rt", "Startup Cost": 0.0, "Total Cost": 12.43, "Plan Rows": 12, "Plan Width": 4}]}]}, {"Node Type": "Hash", "Parent Relationship": "Inner", "Startup Cost": 116441.27, "Total Cost": 116441.27, "Plan Rows": 1748840, "Plan Width": 21, "Plans": [{"Node Type": "Index Scan", "Parent Relationship": "Outer", "Scan Direction": "Forward", "Index Name": "title_pkey", "Relation Name": "title", "Alias": "t", "Startup Cost": 0.0, "Total Cost": 116441.27, "Plan Rows": 1748840, "Plan Width": 21, "Filter": "(production_year > 1990), (LLVM Optimized)"}]}]}]}, "Unique SQL Id": 3145361615}, "explain_analyze_plan": null}, "(1, 38)": {"explain_plan": {"Plan": {"Node Type": "Aggregate", "Strategy": "Plain", "Startup Cost": 1041361.98, "Total Cost": 1041361.99, "Plan Rows": 1, "Plan Width": 97, "Plans": [{"Node Type": "Hash Join", "Parent Relationship": "Outer", "Join Type": "Inner", "Startup Cost": 930928.48, "Total Cost": 1036514.92, "Plan Rows": 969413, "Plan Width": 33, "Inner Unique": true, "Hash Cond": "(ci.role_id = rt.id), (LLVM Optimized)", "Plans": [{"Node Type": "Hash Join", "Parent Relationship": "Outer", "Join Type": "Inner", "Startup Cost": 930927.21, "Total Cost": 1023184.22, "Plan Rows": 969413, "Plan Width": 37, "Inner Unique": true, "Hash Cond": "(mc.company_type_id = ct.id), (LLVM Optimized)", "Plans": [{"Node Type": "Hash Join", "Parent Relationship": "Outer", "Join Type": "Inner", "Startup Cost": 930926.14, "Total Cost": 1009853.72, "Plan Rows": 969413, "Plan Width": 41, "Inner Unique": false, "Hash Cond": "(mc.movie_id = t.id), (LLVM Optimized)", "Plans": [{"Node Type": "Hash Join", "Parent Relationship": "Outer", "Join Type": "Inner", "Startup Cost": 6968.08, "Total Cost": 71392.69, "Plan Rows": 1282311, "Plan Width": 8, "Inner Unique": true, "Hash Cond": "(mc.company_id = cn.id), (LLVM Optimized)", "Plans": [{"Node Type": "Seq Scan", "Parent Relationship": "Outer", "Relation Name": "movie_companies", "Alias": "mc", "Startup Cost": 0.0, "Total Cost": 41817.28, "Plan Rows": 2609128, "Plan Width": 12}, {"Node Type": "Hash", "Parent Relationship": "Inner", "Startup Cost": 5903.45, "Total Cost": 5903.45, "Plan Rows": 85170, "Plan Width": 4, "Plans": [{"Node Type": "Seq Scan", "Parent Relationship": "Outer", "Relation Name": "company_name", "Alias": "cn", "Startup Cost": 0.0, "Total Cost": 5903.45, "Plan Rows": 85170, "Plan Width": 4, "Filter": "((country_code)::text = '[us]'::text)"}]}]}, {"Node Type": "Hash", "Parent Relationship": "Inner", "Startup Cost": 912029.03, "Total Cost": 912029.03, "Plan Rows": 954323, "Plan Width": 45, "Plans": [{"Node Type": "Hash Join", "Parent Relationship": "Outer", "Join Type": "Inner", "Startup Cost": 194997.99, "Total Cost": 912029.03, "Plan Rows": 954323, "Plan Width": 45, "Inner Unique": true, "Hash Cond": "(ci.movie_id = t.id), (LLVM Optimized)", "Plans": [{"Node Type": "Hash Join", "Parent Relationship": "Outer", "Join Type": "Inner", "Startup Cost": 106747.61, "Total Cost": 811624.17, "Plan Rows": 696330, "Plan Width": 24, "Inner Unique": true, "Hash Cond": "(ci.person_role_id = chn.id), (LLVM Optimized)", "Plans": [{"Node Type": "Seq Scan", "Parent Relationship": "Outer", "Relation Name": "cast_info", "Alias": "ci", "Startup Cost": 0.0, "Total Cost": 692526.68, "Plan Rows": 1436424, "Plan Width": 12, "Filter": "((note)::text ~~ '%(producer)%'::text), (LLVM Optimized)"}, {"Node Type": "Hash", "Parent Relationship": "Inner", "Startup Cost": 67493.38, "Total Cost": 67493.38, "Plan Rows": 3140338, "Plan Width": 20, "Plans": [{"Node Type": "Seq Scan", "Parent Relationship": "Outer", "Relation Name": "char_name", "Alias": "chn", "Startup Cost": 0.0, "Total Cost": 67493.38, "Plan Rows": 3140338, "Plan Width": 20}]}]}, {"Node Type": "Hash", "Parent Relationship": "Inner", "Startup Cost": 66389.89, "Total Cost": 66389.89, "Plan Rows": 1748840, "Plan Width": 21, "Plans": [{"Node Type": "Seq Scan", "Parent Relationship": "Outer", "Relation Name": "title", "Alias": "t", "Startup Cost": 0.0, "Total Cost": 66389.89, "Plan Rows": 1748840, "Plan Width": 21, "Filter": "(production_year > 1990), (LLVM Optimized)"}]}]}]}]}, {"Node Type": "Hash", "Parent Relationship": "Inner", "Startup Cost": 1.03, "Total Cost": 1.03, "Plan Rows": 3, "Plan Width": 4, "Plans": [{"Node Type": "Seq Scan", "Parent Relationship": "Outer", "Relation Name": "company_type", "Alias": "ct", "Startup Cost": 0.0, "Total Cost": 1.03, "Plan Rows": 3, "Plan Width": 4}]}]}, {"Node Type": "Hash", "Parent Relationship": "Inner", "Startup Cost": 1.12, "Total Cost": 1.12, "Plan Rows": 12, "Plan Width": 4, "Plans": [{"Node Type": "Seq Scan", "Parent Relationship": "Outer", "Relation Name": "role_type", "Alias": "rt", "Startup Cost": 0.0, "Total Cost": 1.12, "Plan Rows": 12, "Plan Width": 4}]}]}]}, "Unique SQL Id": 3145361615}, "explain_analyze_plan": {"Plan": {"Node Type": "Aggregate", "Strategy": "Plain", "Startup Cost": 1041361.98, "Total Cost": 1041361.99, "Plan Rows": 1, "Plan Width": 97, "Actual Startup Time": 16188.609, "Actual Total Time": 16188.61, "Actual Rows": 1, "Actual Loops": 1, "Plans": [{"Node Type": "Hash Join", "Parent Relationship": "Outer", "Join Type": "Inner", "Startup Cost": 930928.48, "Total Cost": 1036514.92, "Plan Rows": 969413, "Plan Width": 33, "Actual Startup Time": 15828.872, "Actual Total Time": 16188.552, "Actual Rows": 4, "Actual Loops": 1, "Inner Unique": true, "Hash Cond": "(ci.role_id = rt.id), (LLVM Optimized, Jit Execute)", "Plans": [{"Node Type": "Hash Join", "Parent Relationship": "Outer", "Join Type": "Inner", "Startup Cost": 930927.21, "Total Cost": 1023184.22, "Plan Rows": 969413, "Plan Width": 37, "Actual Startup Time": 15828.776, "Actual Total Time": 16188.441, "Actual Rows": 4, "Actual Loops": 1, "Inner Unique": true, "Hash Cond": "(mc.company_type_id = ct.id), (LLVM Optimized, Jit Execute)", "Plans": [{"Node Type": "Hash Join", "Parent Relationship": "Outer", "Join Type": "Inner", "Startup Cost": 930926.14, "Total Cost": 1009853.72, "Plan Rows": 969413, "Plan Width": 41, "Actual Startup Time": 15005.566, "Actual Total Time": 16188.307, "Actual Rows": 10, "Actual Loops": 1, "Inner Unique": false, "Hash Cond": "(mc.movie_id = t.id), (LLVM Optimized, Jit Execute)", "Plans": [{"Node Type": "Hash Join", "Parent Relationship": "Outer", "Join Type": "Inner", "Startup Cost": 6968.08, "Total Cost": 71392.69, "Plan Rows": 1282311, "Plan Width": 8, "Actual Startup Time": 112.673, "Actual Total Time": 1492.413, "Actual Rows": 1153797, "Actual Loops": 1, "Inner Unique": true, "Hash Cond": "(mc.company_id = cn.id), (LLVM Optimized, Jit Execute)", "Plans": [{"Node Type": "Seq Scan", "Parent Relationship": "Outer", "Relation Name": "movie_companies", "Alias": "mc", "Startup Cost": 0.0, "Total Cost": 41817.28, "Plan Rows": 2609128, "Plan Width": 12, "Actual Startup Time": 0.016, "Actual Total Time": 568.795, "Actual Rows": 2609128, "Actual Loops": 1}, {"Node Type": "Hash", "Parent Relationship": "Inner", "Startup Cost": 5903.45, "Total Cost": 5903.45, "Plan Rows": 85170, "Plan Width": 4, "Actual Startup Time": 112.55, "Actual Total Time": 112.55, "Actual Rows": 84843, "Actual Loops": 1, "Hash Buckets": 131072, "Hash Batches": 1, "Original Hash Batches": 1, "Peak Memory Usage": 2983, "Plans": [{"Node Type": "Seq Scan", "Parent Relationship": "Outer", "Relation Name": "company_name", "Alias": "cn", "Startup Cost": 0.0, "Total Cost": 5903.45, "Plan Rows": 85170, "Plan Width": 4, "Actual Startup Time": 0.027, "Actual Total Time": 89.932, "Actual Rows": 84843, "Actual Loops": 1, "Filter": "((country_code)::text = '[us]'::text)", "Rows Removed by Filter": 150153}]}]}, {"Node Type": "Hash", "Parent Relationship": "Inner", "Startup Cost": 912029.03, "Total Cost": 912029.03, "Plan Rows": 954323, "Plan Width": 45, "Actual Startup Time": 14488.293, "Actual Total Time": 14488.293, "Actual Rows": 12, "Actual Loops": 1, "Hash Buckets": 1048576, "Hash Batches": 1, "Original Hash Batches": 1, "Peak Memory Usage": 1, "Plans": [{"Node Type": "Hash Join", "Parent Relationship": "Outer", "Join Type": "Inner", "Startup Cost": 194997.99, "Total Cost": 912029.03, "Plan Rows": 954323, "Plan Width": 45, "Actual Startup Time": 4529.624, "Actual Total Time": 14488.212, "Actual Rows": 12, "Actual Loops": 1, "Inner Unique": true, "Hash Cond": "(ci.movie_id = t.id), (LLVM Optimized, Jit Execute)", "Plans": [{"Node Type": "Hash Join", "Parent Relationship": "Outer", "Join Type": "Inner", "Startup Cost": 106747.61, "Total Cost": 811624.17, "Plan Rows": 696330, "Plan Width": 24, "Actual Startup Time": 2991.698, "Actual Total Time": 12936.256, "Actual Rows": 15, "Actual Loops": 1, "Inner Unique": true, "Hash Cond": "(ci.person_role_id = chn.id), (LLVM Optimized, Jit Execute)", "Plans": [{"Node Type": "Seq Scan", "Parent Relationship": "Outer", "Relation Name": "cast_info", "Alias": "ci", "Startup Cost": 0.0, "Total Cost": 692526.68, "Plan Rows": 1436424, "Plan Width": 12, "Actual Startup Time": 689.018, "Actual Total Time": 10483.608, "Actual Rows": 1435439, "Actual Loops": 1, "Filter": "((note)::text ~~ '%(producer)%'::text), (LLVM Optimized, Jit Execute)", "Rows Removed by Filter": 34808904}, {"Node Type": "Hash", "Parent Relationship": "Inner", "Startup Cost": 67493.38, "Total Cost": 67493.38, "Plan Rows": 3140338, "Plan Width": 20, "Actual Startup Time": 2297.894, "Actual Total Time": 2297.894, "Actual Rows": 3140338, "Actual Loops": 1, "Hash Buckets": 4194304, "Hash Batches": 1, "Original Hash Batches": 1, "Peak Memory Usage": 165269, "Plans": [{"Node Type": "Seq Scan", "Parent Relationship": "Outer", "Relation Name": "char_name", "Alias": "chn", "Startup Cost": 0.0, "Total Cost": 67493.38, "Plan Rows": 3140338, "Plan Width": 20, "Actual Startup Time": 0.047, "Actual Total Time": 983.534, "Actual Rows": 3140338, "Actual Loops": 1}]}]}, {"Node Type": "Hash", "Parent Relationship": "Inner", "Startup Cost": 66389.89, "Total Cost": 66389.89, "Plan Rows": 1748840, "Plan Width": 21, "Actual Startup Time": 1536.691, "Actual Total Time": 1536.691, "Actual Rows": 1749032, "Actual Loops": 1, "Hash Buckets": 2097152, "Hash Batches": 1, "Original Hash Batches": 1, "Peak Memory Usage": 93635, "Plans": [{"Node Type": "Seq Scan", "Parent Relationship": "Outer", "Relation Name": "title", "Alias": "t", "Startup Cost": 0.0, "Total Cost": 66389.89, "Plan Rows": 1748840, "Plan Width": 21, "Actual Startup Time": 0.032, "Actual Total Time": 903.509, "Actual Rows": 1749032, "Actual Loops": 1, "Filter": "(production_year > 1990), (LLVM Optimized, Jit Execute)", "Rows Removed by Filter": 779279}]}]}]}]}, {"Node Type": "Hash", "Parent Relationship": "Inner", "Startup Cost": 1.03, "Total Cost": 1.03, "Plan Rows": 3, "Plan Width": 4, "Actual Startup Time": 0.007, "Actual Total Time": 0.007, "Actual Rows": 3, "Actual Loops": 1, "Hash Buckets": 32768, "Hash Batches": 1, "Original Hash Batches": 1, "Peak Memory Usage": 1, "Plans": [{"Node Type": "Seq Scan", "Parent Relationship": "Outer", "Relation Name": "company_type", "Alias": "ct", "Startup Cost": 0.0, "Total Cost": 1.03, "Plan Rows": 3, "Plan Width": 4, "Actual Startup Time": 0.003, "Actual Total Time": 0.003, "Actual Rows": 3, "Actual Loops": 1}]}]}, {"Node Type": "Hash", "Parent Relationship": "Inner", "Startup Cost": 1.12, "Total Cost": 1.12, "Plan Rows": 12, "Plan Width": 4, "Actual Startup Time": 0.039, "Actual Total Time": 0.039, "Actual Rows": 12, "Actual Loops": 1, "Hash Buckets": 32768, "Hash Batches": 1, "Original Hash Batches": 1, "Peak Memory Usage": 1, "Plans": [{"Node Type": "Seq Scan", "Parent Relationship": "Outer", "Relation Name": "role_type", "Alias": "rt", "Startup Cost": 0.0, "Total Cost": 1.12, "Plan Rows": 12, "Plan Width": 4, "Actual Startup Time": 0.018, "Actual Total Time": 0.024, "Actual Rows": 12, "Actual Loops": 1}]}]}]}, "Triggers": [], "Planner Runtime": 41.396, "Total Runtime": 16199.863, "Unique SQL Id": 3145361615}}, "(1, 39)": {"explain_plan": {"Plan": {"Node Type": "Aggregate", "Strategy": "Plain", "Startup Cost": 1000042785415.19, "Total Cost": 1000042785415.2, "Plan Rows": 1, "Plan Width": 97, "Plans": [{"Node Type": "Nested Loop", "Parent Relationship": "Outer", "Join Type": "Inner", "Startup Cost": 10000000001.85, "Total Cost": 1000042780568.12, "Plan Rows": 969413, "Plan Width": 33, "Inner Unique": true, "Plans": [{"Node Type": "Nested Loop", "Parent Relationship": "Outer", "Join Type": "Inner", "Startup Cost": 10000000001.59, "Total Cost": 1000038631235.16, "Plan Rows": 969413, "Plan Width": 37, "Inner Unique": true, "Plans": [{"Node Type": "Nested Loop", "Parent Relationship": "Outer", "Join Type": "Inner", "Startup Cost": 10000000001.32, "Total Cost": 1000035624536.13, "Plan Rows": 699731, "Plan Width": 28, "Inner Unique": true, "Plans": [{"Node Type": "Nested Loop", "Parent Relationship": "Outer", "Join Type": "Inner", "Startup Cost": 10000000001.06, "Total Cost": 1000032629508.62, "Plan Rows": 699731, "Plan Width": 32, "Inner Unique": true, "Plans": [{"Node Type": "Nested Loop", "Parent Relationship": "Outer", "Join Type": "Inner", "Startup Cost": 10000000000.77, "Total Cost": 1000026404533.61, "Plan Rows": 1443440, "Plan Width": 20, "Inner Unique": false, "Plans": [{"Node Type": "Nested Loop", "Parent Relationship": "Outer", "Join Type": "Inner", "Startup Cost": 10000000000.26, "Total Cost": 1000020494063.94, "Plan Rows": 1282311, "Plan Width": 8, "Inner Unique": true, "Plans": [{"Node Type": "Index Scan", "Parent Relationship": "Outer", "Scan Direction": "Forward", "Index Name": "company_type_id_movie_companies", "Relation Name": "movie_companies", "Alias": "mc", "Startup Cost": 10000000000.0, "Total Cost": 1000009318217.0, "Plan Rows": 2609128, "Plan Width": 12}, {"Node Type": "Bitmap Heap Scan", "Parent Relationship": "Inner", "Relation Name": "company_name", "Alias": "cn", "Startup Cost": 0.26, "Total Cost": 4.27, "Plan Rows": 1, "Plan Width": 4, "Recheck Cond": "(id = mc.company_id)", "Filter": "((country_code)::text = '[us]'::text)", "Plans": [{"Node Type": "Bitmap Index Scan", "Parent Relationship": "Outer", "Index Name": "company_name_pkey", "Startup Cost": 0.0, "Total Cost": 0.26, "Plan Rows": 1, "Plan Width": 0, "Index Cond": "(id = mc.company_id)"}]}]}, {"Node Type": "Bitmap Heap Scan", "Parent Relationship": "Inner", "Relation Name": "cast_info", "Alias": "ci", "Startup Cost": 0.51, "Total Cost": 4.6, "Plan Rows": 1, "Plan Width": 12, "Recheck Cond": "(movie_id = mc.movie_id)", "Filter": "((note)::text ~~ '%(producer)%'::text)", "Plans": [{"Node Type": "Bitmap Index Scan", "Parent Relationship": "Outer", "Index Name": "movie_id_cast_info", "Startup Cost": 0.0, "Total Cost": 0.51, "Plan Rows": 6, "Plan Width": 0, "Index Cond": "(movie_id = mc.movie_id)"}]}]}, {"Node Type": "Bitmap Heap Scan", "Parent Relationship": "Inner", "Relation Name": "char_name", "Alias": "chn", "Startup Cost": 0.29, "Total Cost": 4.3, "Plan Rows": 1, "Plan Width": 20, "Recheck Cond": "(id = ci.person_role_id)", "Plans": [{"Node Type": "Bitmap Index Scan", "Parent Relationship": "Outer", "Index Name": "char_name_pkey", "Startup Cost": 0.0, "Total Cost": 0.29, "Plan Rows": 1, "Plan Width": 0, "Index Cond": "(id = ci.person_role_id)"}]}]}, {"Node Type": "Bitmap Heap Scan", "Parent Relationship": "Inner", "Relation Name": "role_type", "Alias": "rt", "Startup Cost": 0.26, "Total Cost": 4.27, "Plan Rows": 1, "Plan Width": 4, "Recheck Cond": "(id = ci.role_id)", "Plans": [{"Node Type": "Bitmap Index Scan", "Parent Relationship": "Outer", "Index Name": "role_type_pkey", "Startup Cost": 0.0, "Total Cost": 0.26, "Plan Rows": 1, "Plan Width": 0, "Index Cond": "(id = ci.role_id)"}]}]}, {"Node Type": "Bitmap Heap Scan", "Parent Relationship": "Inner", "Relation Name": "title", "Alias": "t", "Startup Cost": 0.27, "Total Cost": 4.29, "Plan Rows": 1, "Plan Width": 21, "Recheck Cond": "(id = mc.movie_id)", "Filter": "(production_year > 1990)", "Plans": [{"Node Type": "Bitmap Index Scan", "Parent Relationship": "Outer", "Index Name": "title_pkey", "Startup Cost": 0.0, "Total Cost": 0.27, "Plan Rows": 1, "Plan Width": 0, "Index Cond": "(id = mc.movie_id)"}]}]}, {"Node Type": "Bitmap Heap Scan", "Parent Relationship": "Inner", "Relation Name": "company_type", "Alias": "ct", "Startup Cost": 0.26, "Total Cost": 4.27, "Plan Rows": 1, "Plan Width": 4, "Recheck Cond": "(id = mc.company_type_id)", "Plans": [{"Node Type": "Bitmap Index Scan", "Parent Relationship": "Outer", "Index Name": "company_type_pkey", "Startup Cost": 0.0, "Total Cost": 0.26, "Plan Rows": 1, "Plan Width": 0, "Index Cond": "(id = mc.company_type_id)"}]}]}]}, "Unique SQL Id": 3145361615}, "explain_analyze_plan": null}, "(1, 40)": {"explain_plan": {"Plan": {"Node Type": "Aggregate", "Strategy": "Plain", "Startup Cost": 1041361.98, "Total Cost": 1041361.99, "Plan Rows": 1, "Plan Width": 97, "Plans": [{"Node Type": "Hash Join", "Parent Relationship": "Outer", "Join Type": "Inner", "Startup Cost": 930928.48, "Total Cost": 1036514.92, "Plan Rows": 969413, "Plan Width": 33, "Inner Unique": true, "Hash Cond": "(ci.role_id = rt.id), (LLVM Optimized)", "Plans": [{"Node Type": "Hash Join", "Parent Relationship": "Outer", "Join Type": "Inner", "Startup Cost": 930927.21, "Total Cost": 1023184.22, "Plan Rows": 969413, "Plan Width": 37, "Inner Unique": true, "Hash Cond": "(mc.company_type_id = ct.id), (LLVM Optimized)", "Plans": [{"Node Type": "Hash Join", "Parent Relationship": "Outer", "Join Type": "Inner", "Startup Cost": 930926.14, "Total Cost": 1009853.72, "Plan Rows": 969413, "Plan Width": 41, "Inner Unique": false, "Hash Cond": "(mc.movie_id = t.id), (LLVM Optimized)", "Plans": [{"Node Type": "Hash Join", "Parent Relationship": "Outer", "Join Type": "Inner", "Startup Cost": 6968.08, "Total Cost": 71392.69, "Plan Rows": 1282311, "Plan Width": 8, "Inner Unique": true, "Hash Cond": "(mc.company_id = cn.id), (LLVM Optimized)", "Plans": [{"Node Type": "Seq Scan", "Parent Relationship": "Outer", "Relation Name": "movie_companies", "Alias": "mc", "Startup Cost": 0.0, "Total Cost": 41817.28, "Plan Rows": 2609128, "Plan Width": 12}, {"Node Type": "Hash", "Parent Relationship": "Inner", "Startup Cost": 5903.45, "Total Cost": 5903.45, "Plan Rows": 85170, "Plan Width": 4, "Plans": [{"Node Type": "Seq Scan", "Parent Relationship": "Outer", "Relation Name": "company_name", "Alias": "cn", "Startup Cost": 0.0, "Total Cost": 5903.45, "Plan Rows": 85170, "Plan Width": 4, "Filter": "((country_code)::text = '[us]'::text)"}]}]}, {"Node Type": "Hash", "Parent Relationship": "Inner", "Startup Cost": 912029.03, "Total Cost": 912029.03, "Plan Rows": 954323, "Plan Width": 45, "Plans": [{"Node Type": "Hash Join", "Parent Relationship": "Outer", "Join Type": "Inner", "Startup Cost": 194997.99, "Total Cost": 912029.03, "Plan Rows": 954323, "Plan Width": 45, "Inner Unique": true, "Hash Cond": "(ci.movie_id = t.id), (LLVM Optimized)", "Plans": [{"Node Type": "Hash Join", "Parent Relationship": "Outer", "Join Type": "Inner", "Startup Cost": 106747.61, "Total Cost": 811624.17, "Plan Rows": 696330, "Plan Width": 24, "Inner Unique": true, "Hash Cond": "(ci.person_role_id = chn.id), (LLVM Optimized)", "Plans": [{"Node Type": "Seq Scan", "Parent Relationship": "Outer", "Relation Name": "cast_info", "Alias": "ci", "Startup Cost": 0.0, "Total Cost": 692526.68, "Plan Rows": 1436424, "Plan Width": 12, "Filter": "((note)::text ~~ '%(producer)%'::text), (LLVM Optimized)"}, {"Node Type": "Hash", "Parent Relationship": "Inner", "Startup Cost": 67493.38, "Total Cost": 67493.38, "Plan Rows": 3140338, "Plan Width": 20, "Plans": [{"Node Type": "Seq Scan", "Parent Relationship": "Outer", "Relation Name": "char_name", "Alias": "chn", "Startup Cost": 0.0, "Total Cost": 67493.38, "Plan Rows": 3140338, "Plan Width": 20}]}]}, {"Node Type": "Hash", "Parent Relationship": "Inner", "Startup Cost": 66389.89, "Total Cost": 66389.89, "Plan Rows": 1748840, "Plan Width": 21, "Plans": [{"Node Type": "Seq Scan", "Parent Relationship": "Outer", "Relation Name": "title", "Alias": "t", "Startup Cost": 0.0, "Total Cost": 66389.89, "Plan Rows": 1748840, "Plan Width": 21, "Filter": "(production_year > 1990), (LLVM Optimized)"}]}]}]}]}, {"Node Type": "Hash", "Parent Relationship": "Inner", "Startup Cost": 1.03, "Total Cost": 1.03, "Plan Rows": 3, "Plan Width": 4, "Plans": [{"Node Type": "Seq Scan", "Parent Relationship": "Outer", "Relation Name": "company_type", "Alias": "ct", "Startup Cost": 0.0, "Total Cost": 1.03, "Plan Rows": 3, "Plan Width": 4}]}]}, {"Node Type": "Hash", "Parent Relationship": "Inner", "Startup Cost": 1.12, "Total Cost": 1.12, "Plan Rows": 12, "Plan Width": 4, "Plans": [{"Node Type": "Seq Scan", "Parent Relationship": "Outer", "Relation Name": "role_type", "Alias": "rt", "Startup Cost": 0.0, "Total Cost": 1.12, "Plan Rows": 12, "Plan Width": 4}]}]}]}, "Unique SQL Id": 3145361615}, "explain_analyze_plan": {"Plan": {"Node Type": "Aggregate", "Strategy": "Plain", "Startup Cost": 1041361.98, "Total Cost": 1041361.99, "Plan Rows": 1, "Plan Width": 97, "Actual Startup Time": 16188.609, "Actual Total Time": 16188.61, "Actual Rows": 1, "Actual Loops": 1, "Plans": [{"Node Type": "Hash Join", "Parent Relationship": "Outer", "Join Type": "Inner", "Startup Cost": 930928.48, "Total Cost": 1036514.92, "Plan Rows": 969413, "Plan Width": 33, "Actual Startup Time": 15828.872, "Actual Total Time": 16188.552, "Actual Rows": 4, "Actual Loops": 1, "Inner Unique": true, "Hash Cond": "(ci.role_id = rt.id), (LLVM Optimized, Jit Execute)", "Plans": [{"Node Type": "Hash Join", "Parent Relationship": "Outer", "Join Type": "Inner", "Startup Cost": 930927.21, "Total Cost": 1023184.22, "Plan Rows": 969413, "Plan Width": 37, "Actual Startup Time": 15828.776, "Actual Total Time": 16188.441, "Actual Rows": 4, "Actual Loops": 1, "Inner Unique": true, "Hash Cond": "(mc.company_type_id = ct.id), (LLVM Optimized, Jit Execute)", "Plans": [{"Node Type": "Hash Join", "Parent Relationship": "Outer", "Join Type": "Inner", "Startup Cost": 930926.14, "Total Cost": 1009853.72, "Plan Rows": 969413, "Plan Width": 41, "Actual Startup Time": 15005.566, "Actual Total Time": 16188.307, "Actual Rows": 10, "Actual Loops": 1, "Inner Unique": false, "Hash Cond": "(mc.movie_id = t.id), (LLVM Optimized, Jit Execute)", "Plans": [{"Node Type": "Hash Join", "Parent Relationship": "Outer", "Join Type": "Inner", "Startup Cost": 6968.08, "Total Cost": 71392.69, "Plan Rows": 1282311, "Plan Width": 8, "Actual Startup Time": 112.673, "Actual Total Time": 1492.413, "Actual Rows": 1153797, "Actual Loops": 1, "Inner Unique": true, "Hash Cond": "(mc.company_id = cn.id), (LLVM Optimized, Jit Execute)", "Plans": [{"Node Type": "Seq Scan", "Parent Relationship": "Outer", "Relation Name": "movie_companies", "Alias": "mc", "Startup Cost": 0.0, "Total Cost": 41817.28, "Plan Rows": 2609128, "Plan Width": 12, "Actual Startup Time": 0.016, "Actual Total Time": 568.795, "Actual Rows": 2609128, "Actual Loops": 1}, {"Node Type": "Hash", "Parent Relationship": "Inner", "Startup Cost": 5903.45, "Total Cost": 5903.45, "Plan Rows": 85170, "Plan Width": 4, "Actual Startup Time": 112.55, "Actual Total Time": 112.55, "Actual Rows": 84843, "Actual Loops": 1, "Hash Buckets": 131072, "Hash Batches": 1, "Original Hash Batches": 1, "Peak Memory Usage": 2983, "Plans": [{"Node Type": "Seq Scan", "Parent Relationship": "Outer", "Relation Name": "company_name", "Alias": "cn", "Startup Cost": 0.0, "Total Cost": 5903.45, "Plan Rows": 85170, "Plan Width": 4, "Actual Startup Time": 0.027, "Actual Total Time": 89.932, "Actual Rows": 84843, "Actual Loops": 1, "Filter": "((country_code)::text = '[us]'::text)", "Rows Removed by Filter": 150153}]}]}, {"Node Type": "Hash", "Parent Relationship": "Inner", "Startup Cost": 912029.03, "Total Cost": 912029.03, "Plan Rows": 954323, "Plan Width": 45, "Actual Startup Time": 14488.293, "Actual Total Time": 14488.293, "Actual Rows": 12, "Actual Loops": 1, "Hash Buckets": 1048576, "Hash Batches": 1, "Original Hash Batches": 1, "Peak Memory Usage": 1, "Plans": [{"Node Type": "Hash Join", "Parent Relationship": "Outer", "Join Type": "Inner", "Startup Cost": 194997.99, "Total Cost": 912029.03, "Plan Rows": 954323, "Plan Width": 45, "Actual Startup Time": 4529.624, "Actual Total Time": 14488.212, "Actual Rows": 12, "Actual Loops": 1, "Inner Unique": true, "Hash Cond": "(ci.movie_id = t.id), (LLVM Optimized, Jit Execute)", "Plans": [{"Node Type": "Hash Join", "Parent Relationship": "Outer", "Join Type": "Inner", "Startup Cost": 106747.61, "Total Cost": 811624.17, "Plan Rows": 696330, "Plan Width": 24, "Actual Startup Time": 2991.698, "Actual Total Time": 12936.256, "Actual Rows": 15, "Actual Loops": 1, "Inner Unique": true, "Hash Cond": "(ci.person_role_id = chn.id), (LLVM Optimized, Jit Execute)", "Plans": [{"Node Type": "Seq Scan", "Parent Relationship": "Outer", "Relation Name": "cast_info", "Alias": "ci", "Startup Cost": 0.0, "Total Cost": 692526.68, "Plan Rows": 1436424, "Plan Width": 12, "Actual Startup Time": 689.018, "Actual Total Time": 10483.608, "Actual Rows": 1435439, "Actual Loops": 1, "Filter": "((note)::text ~~ '%(producer)%'::text), (LLVM Optimized, Jit Execute)", "Rows Removed by Filter": 34808904}, {"Node Type": "Hash", "Parent Relationship": "Inner", "Startup Cost": 67493.38, "Total Cost": 67493.38, "Plan Rows": 3140338, "Plan Width": 20, "Actual Startup Time": 2297.894, "Actual Total Time": 2297.894, "Actual Rows": 3140338, "Actual Loops": 1, "Hash Buckets": 4194304, "Hash Batches": 1, "Original Hash Batches": 1, "Peak Memory Usage": 165269, "Plans": [{"Node Type": "Seq Scan", "Parent Relationship": "Outer", "Relation Name": "char_name", "Alias": "chn", "Startup Cost": 0.0, "Total Cost": 67493.38, "Plan Rows": 3140338, "Plan Width": 20, "Actual Startup Time": 0.047, "Actual Total Time": 983.534, "Actual Rows": 3140338, "Actual Loops": 1}]}]}, {"Node Type": "Hash", "Parent Relationship": "Inner", "Startup Cost": 66389.89, "Total Cost": 66389.89, "Plan Rows": 1748840, "Plan Width": 21, "Actual Startup Time": 1536.691, "Actual Total Time": 1536.691, "Actual Rows": 1749032, "Actual Loops": 1, "Hash Buckets": 2097152, "Hash Batches": 1, "Original Hash Batches": 1, "Peak Memory Usage": 93635, "Plans": [{"Node Type": "Seq Scan", "Parent Relationship": "Outer", "Relation Name": "title", "Alias": "t", "Startup Cost": 0.0, "Total Cost": 66389.89, "Plan Rows": 1748840, "Plan Width": 21, "Actual Startup Time": 0.032, "Actual Total Time": 903.509, "Actual Rows": 1749032, "Actual Loops": 1, "Filter": "(production_year > 1990), (LLVM Optimized, Jit Execute)", "Rows Removed by Filter": 779279}]}]}]}]}, {"Node Type": "Hash", "Parent Relationship": "Inner", "Startup Cost": 1.03, "Total Cost": 1.03, "Plan Rows": 3, "Plan Width": 4, "Actual Startup Time": 0.007, "Actual Total Time": 0.007, "Actual Rows": 3, "Actual Loops": 1, "Hash Buckets": 32768, "Hash Batches": 1, "Original Hash Batches": 1, "Peak Memory Usage": 1, "Plans": [{"Node Type": "Seq Scan", "Parent Relationship": "Outer", "Relation Name": "company_type", "Alias": "ct", "Startup Cost": 0.0, "Total Cost": 1.03, "Plan Rows": 3, "Plan Width": 4, "Actual Startup Time": 0.003, "Actual Total Time": 0.003, "Actual Rows": 3, "Actual Loops": 1}]}]}, {"Node Type": "Hash", "Parent Relationship": "Inner", "Startup Cost": 1.12, "Total Cost": 1.12, "Plan Rows": 12, "Plan Width": 4, "Actual Startup Time": 0.039, "Actual Total Time": 0.039, "Actual Rows": 12, "Actual Loops": 1, "Hash Buckets": 32768, "Hash Batches": 1, "Original Hash Batches": 1, "Peak Memory Usage": 1, "Plans": [{"Node Type": "Seq Scan", "Parent Relationship": "Outer", "Relation Name": "role_type", "Alias": "rt", "Startup Cost": 0.0, "Total Cost": 1.12, "Plan Rows": 12, "Plan Width": 4, "Actual Startup Time": 0.018, "Actual Total Time": 0.024, "Actual Rows": 12, "Actual Loops": 1}]}]}]}, "Triggers": [], "Planner Runtime": 41.396, "Total Runtime": 16199.863, "Unique SQL Id": 3145361615}}, "(1, 41)": {"explain_plan": {"Plan": {"Node Type": "Aggregate", "Strategy": "Plain", "Startup Cost": 1734929.7, "Total Cost": 1734929.71, "Plan Rows": 1, "Plan Width": 97, "Plans": [{"Node Type": "Hash Join", "Parent Relationship": "Outer", "Join Type": "Inner", "Startup Cost": 319014.37, "Total Cost": 1730082.63, "Plan Rows": 969413, "Plan Width": 33, "Inner Unique": true, "Hash Cond": "(mc.movie_id = t.id), (LLVM Optimized)", "Plans": [{"Node Type": "Hash Join", "Parent Relationship": "Outer", "Join Type": "Inner", "Startup Cost": 180712.61, "Total Cost": 1579462.74, "Plan Rows": 699731, "Plan Width": 24, "Inner Unique": true, "Hash Cond": "(ci.role_id = rt.id), (LLVM Optimized)", "Plans": [{"Node Type": "Hash Join", "Parent Relationship": "Outer", "Join Type": "Inner", "Startup Cost": 180704.03, "Total Cost": 1569832.86, "Plan Rows": 699731, "Plan Width": 28, "Inner Unique": true, "Hash Cond": "(mc.company_type_id = ct.id), (LLVM Optimized)", "Plans": [{"Node Type": "Hash Join", "Parent Relationship": "Outer", "Join Type": "Inner", "Startup Cost": 180695.69, "Total Cost": 1560203.23, "Plan Rows": 699731, "Plan Width": 32, "Inner Unique": true, "Hash Cond": "(ci.person_role_id = chn.id), (LLVM Optimized)", "Plans": [{"Node Type": "Nested Loop", "Parent Relationship": "Outer", "Join Type": "Inner", "Startup Cost": 11566.01, "Total Cost": 1378663.33, "Plan Rows": 1443440, "Plan Width": 20, "Inner Unique": false, "Plans": [{"Node Type": "Hash Join", "Parent Relationship": "Outer", "Join Type": "Inner", "Startup Cost": 11566.01, "Total Cost": 127355.52, "Plan Rows": 1282311, "Plan Width": 8, "Inner Unique": true, "Hash Cond": "(mc.company_id = cn.id), (LLVM Optimized)", "Plans": [{"Node Type": "Index Scan", "Parent Relationship": "Outer", "Scan Direction": "Forward", "Index Name": "company_type_id_movie_companies", "Relation Name": "movie_companies", "Alias": "mc", "Startup Cost": 0.0, "Total Cost": 93182.17, "Plan Rows": 2609128, "Plan Width": 12}, {"Node Type": "Hash", "Parent Relationship": "Inner", "Startup Cost": 10501.39, "Total Cost": 10501.39, "Plan Rows": 85170, "Plan Width": 4, "Plans": [{"Node Type": "Index Scan", "Parent Relationship": "Outer", "Scan Direction": "Forward", "Index Name": "company_name_pkey", "Relation Name": "company_name", "Alias": "cn", "Startup Cost": 0.0, "Total Cost": 10501.39, "Plan Rows": 85170, "Plan Width": 4, "Filter": "((country_code)::text = '[us]'::text)"}]}]}, {"Node Type": "Index Scan", "Parent Relationship": "Inner", "Scan Direction": "Forward", "Index Name": "movie_id_cast_info", "Relation Name": "cast_info", "Alias": "ci", "Startup Cost": 0.0, "Total Cost": 0.97, "Plan Rows": 1, "Plan Width": 12, "Index Cond": "(movie_id = mc.movie_id)", "Filter": "((note)::text ~~ '%(producer)%'::text)"}]}, {"Node Type": "Hash", "Parent Relationship": "Inner", "Startup Cost": 129875.46, "Total Cost": 129875.46, "Plan Rows": 3140338, "Plan Width": 20, "Plans": [{"Node Type": "Index Scan", "Parent Relationship": "Outer", "Scan Direction": "Forward", "Index Name": "char_name_pkey", "Relation Name": "char_name", "Alias": "chn", "Startup Cost": 0.0, "Total Cost": 129875.46, "Plan Rows": 3140338, "Plan Width": 20}]}]}, {"Node Type": "Hash", "Parent Relationship": "Inner", "Startup Cost": 8.29, "Total Cost": 8.29, "Plan Rows": 3, "Plan Width": 4, "Plans": [{"Node Type": "Index Only Scan", "Parent Relationship": "Outer", "Scan Direction": "Forward", "Index Name": "company_type_pkey", "Relation Name": "company_type", "Alias": "ct", "Startup Cost": 0.0, "Total Cost": 8.29, "Plan Rows": 3, "Plan Width": 4}]}]}, {"Node Type": "Hash", "Parent Relationship": "Inner", "Startup Cost": 8.43, "Total Cost": 8.43, "Plan Rows": 12, "Plan Width": 4, "Plans": [{"Node Type": "Index Only Scan", "Parent Relationship": "Outer", "Scan Direction": "Forward", "Index Name": "role_type_pkey", "Relation Name": "role_type", "Alias": "rt", "Startup Cost": 0.0, "Total Cost": 8.43, "Plan Rows": 12, "Plan Width": 4}]}]}, {"Node Type": "Hash", "Parent Relationship": "Inner", "Startup Cost": 116441.27, "Total Cost": 116441.27, "Plan Rows": 1748840, "Plan Width": 21, "Plans": [{"Node Type": "Index Scan", "Parent Relationship": "Outer", "Scan Direction": "Forward", "Index Name": "title_pkey", "Relation Name": "title", "Alias": "t", "Startup Cost": 0.0, "Total Cost": 116441.27, "Plan Rows": 1748840, "Plan Width": 21, "Filter": "(production_year > 1990), (LLVM Optimized)"}]}]}]}, "Unique SQL Id": 3145361615}, "explain_analyze_plan": null}, "(1, 42)": {"explain_plan": {"Plan": {"Node Type": "Aggregate", "Strategy": "Plain", "Startup Cost": 1041361.98, "Total Cost": 1041361.99, "Plan Rows": 1, "Plan Width": 97, "Plans": [{"Node Type": "Hash Join", "Parent Relationship": "Outer", "Join Type": "Inner", "Startup Cost": 930928.48, "Total Cost": 1036514.92, "Plan Rows": 969413, "Plan Width": 33, "Inner Unique": true, "Hash Cond": "(ci.role_id = rt.id), (LLVM Optimized)", "Plans": [{"Node Type": "Hash Join", "Parent Relationship": "Outer", "Join Type": "Inner", "Startup Cost": 930927.21, "Total Cost": 1023184.22, "Plan Rows": 969413, "Plan Width": 37, "Inner Unique": true, "Hash Cond": "(mc.company_type_id = ct.id), (LLVM Optimized)", "Plans": [{"Node Type": "Hash Join", "Parent Relationship": "Outer", "Join Type": "Inner", "Startup Cost": 930926.14, "Total Cost": 1009853.72, "Plan Rows": 969413, "Plan Width": 41, "Inner Unique": false, "Hash Cond": "(mc.movie_id = t.id), (LLVM Optimized)", "Plans": [{"Node Type": "Hash Join", "Parent Relationship": "Outer", "Join Type": "Inner", "Startup Cost": 6968.08, "Total Cost": 71392.69, "Plan Rows": 1282311, "Plan Width": 8, "Inner Unique": true, "Hash Cond": "(mc.company_id = cn.id), (LLVM Optimized)", "Plans": [{"Node Type": "Seq Scan", "Parent Relationship": "Outer", "Relation Name": "movie_companies", "Alias": "mc", "Startup Cost": 0.0, "Total Cost": 41817.28, "Plan Rows": 2609128, "Plan Width": 12}, {"Node Type": "Hash", "Parent Relationship": "Inner", "Startup Cost": 5903.45, "Total Cost": 5903.45, "Plan Rows": 85170, "Plan Width": 4, "Plans": [{"Node Type": "Seq Scan", "Parent Relationship": "Outer", "Relation Name": "company_name", "Alias": "cn", "Startup Cost": 0.0, "Total Cost": 5903.45, "Plan Rows": 85170, "Plan Width": 4, "Filter": "((country_code)::text = '[us]'::text)"}]}]}, {"Node Type": "Hash", "Parent Relationship": "Inner", "Startup Cost": 912029.03, "Total Cost": 912029.03, "Plan Rows": 954323, "Plan Width": 45, "Plans": [{"Node Type": "Hash Join", "Parent Relationship": "Outer", "Join Type": "Inner", "Startup Cost": 194997.99, "Total Cost": 912029.03, "Plan Rows": 954323, "Plan Width": 45, "Inner Unique": true, "Hash Cond": "(ci.movie_id = t.id), (LLVM Optimized)", "Plans": [{"Node Type": "Hash Join", "Parent Relationship": "Outer", "Join Type": "Inner", "Startup Cost": 106747.61, "Total Cost": 811624.17, "Plan Rows": 696330, "Plan Width": 24, "Inner Unique": true, "Hash Cond": "(ci.person_role_id = chn.id), (LLVM Optimized)", "Plans": [{"Node Type": "Seq Scan", "Parent Relationship": "Outer", "Relation Name": "cast_info", "Alias": "ci", "Startup Cost": 0.0, "Total Cost": 692526.68, "Plan Rows": 1436424, "Plan Width": 12, "Filter": "((note)::text ~~ '%(producer)%'::text), (LLVM Optimized)"}, {"Node Type": "Hash", "Parent Relationship": "Inner", "Startup Cost": 67493.38, "Total Cost": 67493.38, "Plan Rows": 3140338, "Plan Width": 20, "Plans": [{"Node Type": "Seq Scan", "Parent Relationship": "Outer", "Relation Name": "char_name", "Alias": "chn", "Startup Cost": 0.0, "Total Cost": 67493.38, "Plan Rows": 3140338, "Plan Width": 20}]}]}, {"Node Type": "Hash", "Parent Relationship": "Inner", "Startup Cost": 66389.89, "Total Cost": 66389.89, "Plan Rows": 1748840, "Plan Width": 21, "Plans": [{"Node Type": "Seq Scan", "Parent Relationship": "Outer", "Relation Name": "title", "Alias": "t", "Startup Cost": 0.0, "Total Cost": 66389.89, "Plan Rows": 1748840, "Plan Width": 21, "Filter": "(production_year > 1990), (LLVM Optimized)"}]}]}]}]}, {"Node Type": "Hash", "Parent Relationship": "Inner", "Startup Cost": 1.03, "Total Cost": 1.03, "Plan Rows": 3, "Plan Width": 4, "Plans": [{"Node Type": "Seq Scan", "Parent Relationship": "Outer", "Relation Name": "company_type", "Alias": "ct", "Startup Cost": 0.0, "Total Cost": 1.03, "Plan Rows": 3, "Plan Width": 4}]}]}, {"Node Type": "Hash", "Parent Relationship": "Inner", "Startup Cost": 1.12, "Total Cost": 1.12, "Plan Rows": 12, "Plan Width": 4, "Plans": [{"Node Type": "Seq Scan", "Parent Relationship": "Outer", "Relation Name": "role_type", "Alias": "rt", "Startup Cost": 0.0, "Total Cost": 1.12, "Plan Rows": 12, "Plan Width": 4}]}]}]}, "Unique SQL Id": 3145361615}, "explain_analyze_plan": {"Plan": {"Node Type": "Aggregate", "Strategy": "Plain", "Startup Cost": 1041361.98, "Total Cost": 1041361.99, "Plan Rows": 1, "Plan Width": 97, "Actual Startup Time": 16188.609, "Actual Total Time": 16188.61, "Actual Rows": 1, "Actual Loops": 1, "Plans": [{"Node Type": "Hash Join", "Parent Relationship": "Outer", "Join Type": "Inner", "Startup Cost": 930928.48, "Total Cost": 1036514.92, "Plan Rows": 969413, "Plan Width": 33, "Actual Startup Time": 15828.872, "Actual Total Time": 16188.552, "Actual Rows": 4, "Actual Loops": 1, "Inner Unique": true, "Hash Cond": "(ci.role_id = rt.id), (LLVM Optimized, Jit Execute)", "Plans": [{"Node Type": "Hash Join", "Parent Relationship": "Outer", "Join Type": "Inner", "Startup Cost": 930927.21, "Total Cost": 1023184.22, "Plan Rows": 969413, "Plan Width": 37, "Actual Startup Time": 15828.776, "Actual Total Time": 16188.441, "Actual Rows": 4, "Actual Loops": 1, "Inner Unique": true, "Hash Cond": "(mc.company_type_id = ct.id), (LLVM Optimized, Jit Execute)", "Plans": [{"Node Type": "Hash Join", "Parent Relationship": "Outer", "Join Type": "Inner", "Startup Cost": 930926.14, "Total Cost": 1009853.72, "Plan Rows": 969413, "Plan Width": 41, "Actual Startup Time": 15005.566, "Actual Total Time": 16188.307, "Actual Rows": 10, "Actual Loops": 1, "Inner Unique": false, "Hash Cond": "(mc.movie_id = t.id), (LLVM Optimized, Jit Execute)", "Plans": [{"Node Type": "Hash Join", "Parent Relationship": "Outer", "Join Type": "Inner", "Startup Cost": 6968.08, "Total Cost": 71392.69, "Plan Rows": 1282311, "Plan Width": 8, "Actual Startup Time": 112.673, "Actual Total Time": 1492.413, "Actual Rows": 1153797, "Actual Loops": 1, "Inner Unique": true, "Hash Cond": "(mc.company_id = cn.id), (LLVM Optimized, Jit Execute)", "Plans": [{"Node Type": "Seq Scan", "Parent Relationship": "Outer", "Relation Name": "movie_companies", "Alias": "mc", "Startup Cost": 0.0, "Total Cost": 41817.28, "Plan Rows": 2609128, "Plan Width": 12, "Actual Startup Time": 0.016, "Actual Total Time": 568.795, "Actual Rows": 2609128, "Actual Loops": 1}, {"Node Type": "Hash", "Parent Relationship": "Inner", "Startup Cost": 5903.45, "Total Cost": 5903.45, "Plan Rows": 85170, "Plan Width": 4, "Actual Startup Time": 112.55, "Actual Total Time": 112.55, "Actual Rows": 84843, "Actual Loops": 1, "Hash Buckets": 131072, "Hash Batches": 1, "Original Hash Batches": 1, "Peak Memory Usage": 2983, "Plans": [{"Node Type": "Seq Scan", "Parent Relationship": "Outer", "Relation Name": "company_name", "Alias": "cn", "Startup Cost": 0.0, "Total Cost": 5903.45, "Plan Rows": 85170, "Plan Width": 4, "Actual Startup Time": 0.027, "Actual Total Time": 89.932, "Actual Rows": 84843, "Actual Loops": 1, "Filter": "((country_code)::text = '[us]'::text)", "Rows Removed by Filter": 150153}]}]}, {"Node Type": "Hash", "Parent Relationship": "Inner", "Startup Cost": 912029.03, "Total Cost": 912029.03, "Plan Rows": 954323, "Plan Width": 45, "Actual Startup Time": 14488.293, "Actual Total Time": 14488.293, "Actual Rows": 12, "Actual Loops": 1, "Hash Buckets": 1048576, "Hash Batches": 1, "Original Hash Batches": 1, "Peak Memory Usage": 1, "Plans": [{"Node Type": "Hash Join", "Parent Relationship": "Outer", "Join Type": "Inner", "Startup Cost": 194997.99, "Total Cost": 912029.03, "Plan Rows": 954323, "Plan Width": 45, "Actual Startup Time": 4529.624, "Actual Total Time": 14488.212, "Actual Rows": 12, "Actual Loops": 1, "Inner Unique": true, "Hash Cond": "(ci.movie_id = t.id), (LLVM Optimized, Jit Execute)", "Plans": [{"Node Type": "Hash Join", "Parent Relationship": "Outer", "Join Type": "Inner", "Startup Cost": 106747.61, "Total Cost": 811624.17, "Plan Rows": 696330, "Plan Width": 24, "Actual Startup Time": 2991.698, "Actual Total Time": 12936.256, "Actual Rows": 15, "Actual Loops": 1, "Inner Unique": true, "Hash Cond": "(ci.person_role_id = chn.id), (LLVM Optimized, Jit Execute)", "Plans": [{"Node Type": "Seq Scan", "Parent Relationship": "Outer", "Relation Name": "cast_info", "Alias": "ci", "Startup Cost": 0.0, "Total Cost": 692526.68, "Plan Rows": 1436424, "Plan Width": 12, "Actual Startup Time": 689.018, "Actual Total Time": 10483.608, "Actual Rows": 1435439, "Actual Loops": 1, "Filter": "((note)::text ~~ '%(producer)%'::text), (LLVM Optimized, Jit Execute)", "Rows Removed by Filter": 34808904}, {"Node Type": "Hash", "Parent Relationship": "Inner", "Startup Cost": 67493.38, "Total Cost": 67493.38, "Plan Rows": 3140338, "Plan Width": 20, "Actual Startup Time": 2297.894, "Actual Total Time": 2297.894, "Actual Rows": 3140338, "Actual Loops": 1, "Hash Buckets": 4194304, "Hash Batches": 1, "Original Hash Batches": 1, "Peak Memory Usage": 165269, "Plans": [{"Node Type": "Seq Scan", "Parent Relationship": "Outer", "Relation Name": "char_name", "Alias": "chn", "Startup Cost": 0.0, "Total Cost": 67493.38, "Plan Rows": 3140338, "Plan Width": 20, "Actual Startup Time": 0.047, "Actual Total Time": 983.534, "Actual Rows": 3140338, "Actual Loops": 1}]}]}, {"Node Type": "Hash", "Parent Relationship": "Inner", "Startup Cost": 66389.89, "Total Cost": 66389.89, "Plan Rows": 1748840, "Plan Width": 21, "Actual Startup Time": 1536.691, "Actual Total Time": 1536.691, "Actual Rows": 1749032, "Actual Loops": 1, "Hash Buckets": 2097152, "Hash Batches": 1, "Original Hash Batches": 1, "Peak Memory Usage": 93635, "Plans": [{"Node Type": "Seq Scan", "Parent Relationship": "Outer", "Relation Name": "title", "Alias": "t", "Startup Cost": 0.0, "Total Cost": 66389.89, "Plan Rows": 1748840, "Plan Width": 21, "Actual Startup Time": 0.032, "Actual Total Time": 903.509, "Actual Rows": 1749032, "Actual Loops": 1, "Filter": "(production_year > 1990), (LLVM Optimized, Jit Execute)", "Rows Removed by Filter": 779279}]}]}]}]}, {"Node Type": "Hash", "Parent Relationship": "Inner", "Startup Cost": 1.03, "Total Cost": 1.03, "Plan Rows": 3, "Plan Width": 4, "Actual Startup Time": 0.007, "Actual Total Time": 0.007, "Actual Rows": 3, "Actual Loops": 1, "Hash Buckets": 32768, "Hash Batches": 1, "Original Hash Batches": 1, "Peak Memory Usage": 1, "Plans": [{"Node Type": "Seq Scan", "Parent Relationship": "Outer", "Relation Name": "company_type", "Alias": "ct", "Startup Cost": 0.0, "Total Cost": 1.03, "Plan Rows": 3, "Plan Width": 4, "Actual Startup Time": 0.003, "Actual Total Time": 0.003, "Actual Rows": 3, "Actual Loops": 1}]}]}, {"Node Type": "Hash", "Parent Relationship": "Inner", "Startup Cost": 1.12, "Total Cost": 1.12, "Plan Rows": 12, "Plan Width": 4, "Actual Startup Time": 0.039, "Actual Total Time": 0.039, "Actual Rows": 12, "Actual Loops": 1, "Hash Buckets": 32768, "Hash Batches": 1, "Original Hash Batches": 1, "Peak Memory Usage": 1, "Plans": [{"Node Type": "Seq Scan", "Parent Relationship": "Outer", "Relation Name": "role_type", "Alias": "rt", "Startup Cost": 0.0, "Total Cost": 1.12, "Plan Rows": 12, "Plan Width": 4, "Actual Startup Time": 0.018, "Actual Total Time": 0.024, "Actual Rows": 12, "Actual Loops": 1}]}]}]}, "Triggers": [], "Planner Runtime": 41.396, "Total Runtime": 16199.863, "Unique SQL Id": 3145361615}}, "(1, 43)": {"explain_plan": {"Plan": {"Node Type": "Aggregate", "Strategy": "Plain", "Startup Cost": 7102924028767.26, "Total Cost": 7102924028767.27, "Plan Rows": 1, "Plan Width": 97, "Plans": [{"Node Type": "Nested Loop", "Parent Relationship": "Outer", "Join Type": "Inner", "Startup Cost": 70000000000.0, "Total Cost": 7102924023920.19, "Plan Rows": 969413, "Plan Width": 33, "Inner Unique": true, "Join Filter": "(ci.role_id = rt.id), (LLVM Optimized)", "Plans": [{"Node Type": "Nested Loop", "Parent Relationship": "Outer", "Join Type": "Inner", "Startup Cost": 60000000000.0, "Total Cost": 6102923848582.82, "Plan Rows": 969413, "Plan Width": 37, "Inner Unique": true, "Join Filter": "(mc.movie_id = t.id), (LLVM Optimized)", "Plans": [{"Node Type": "Nested Loop", "Parent Relationship": "Outer", "Join Type": "Inner", "Startup Cost": 50000000000.0, "Total Cost": 5084556436653.46, "Plan Rows": 699731, "Plan Width": 28, "Inner Unique": true, "Join Filter": "(mc.company_type_id = ct.id), (LLVM Optimized)", "Plans": [{"Node Type": "Nested Loop", "Parent Relationship": "Outer", "Join Type": "Inner", "Startup Cost": 40000000000.0, "Total Cost": 4084556404336.05, "Plan Rows": 699731, "Plan Width": 32, "Inner Unique": false, "Join Filter": "(ci.movie_id = mc.movie_id), (LLVM Optimized)", "Plans": [{"Node Type": "Nested Loop", "Parent Relationship": "Outer", "Join Type": "Inner", "Startup Cost": 20000000000.0, "Total Cost": 2067819066805.53, "Plan Rows": 696330, "Plan Width": 24, "Inner Unique": true, "Join Filter": "(chn.id = ci.person_role_id), (LLVM Optimized)", "Plans": [{"Node Type": "Index Scan", "Parent Relationship": "Outer", "Scan Direction": "Forward", "Index Name": "role_id_cast_info", "Relation Name": "cast_info", "Alias": "ci", "Startup Cost": 10000000000.0, "Total Cost": 1000143218339.5, "Plan Rows": 1436424, "Plan Width": 12, "Filter": "((note)::text ~~ '%(producer)%'::text), (LLVM Optimized)"}, {"Node Type": "Materialize", "Parent Relationship": "Inner", "Startup Cost": 10000000000.0, "Total Cost": 1000013003247.2, "Plan Rows": 3140338, "Plan Width": 20, "Plans": [{"Node Type": "Index Scan", "Parent Relationship": "Outer", "Scan Direction": "Forward", "Index Name": "char_name_pkey", "Relation Name": "char_name", "Alias": "chn", "Startup Cost": 10000000000.0, "Total Cost": 1000012987545.51, "Plan Rows": 3140338, "Plan Width": 20}]}]}, {"Node Type": "Materialize", "Parent Relationship": "Inner", "Startup Cost": 20000000000.0, "Total Cost": 2003343666456.85, "Plan Rows": 1282311, "Plan Width": 8, "Plans": [{"Node Type": "Nested Loop", "Parent Relationship": "Outer", "Join Type": "Inner", "Startup Cost": 20000000000.0, "Total Cost": 2003343660045.29, "Plan Rows": 1282311, "Plan Width": 8, "Inner Unique": true, "Join Filter": "(cn.id = mc.company_id), (LLVM Optimized)", "Plans": [{"Node Type": "Index Scan", "Parent Relationship": "Outer", "Scan Direction": "Forward", "Index Name": "company_type_id_movie_companies", "Relation Name": "movie_companies", "Alias": "mc", "Startup Cost": 10000000000.0, "Total Cost": 1000009318217.0, "Plan Rows": 2609128, "Plan Width": 12}, {"Node Type": "Materialize", "Parent Relationship": "Inner", "Startup Cost": 10000000000.0, "Total Cost": 1000001050564.82, "Plan Rows": 85170, "Plan Width": 4, "Plans": [{"Node Type": "Index Scan", "Parent Relationship": "Outer", "Scan Direction": "Forward", "Index Name": "company_name_pkey", "Relation Name": "company_name", "Alias": "cn", "Startup Cost": 10000000000.0, "Total Cost": 1000001050138.97, "Plan Rows": 85170, "Plan Width": 4, "Filter": "((country_code)::text = '[us]'::text)"}]}]}]}]}, {"Node Type": "Materialize", "Parent Relationship": "Inner", "Startup Cost": 10000000000.0, "Total Cost": 1000000000829.52, "Plan Rows": 3, "Plan Width": 4, "Plans": [{"Node Type": "Index Only Scan", "Parent Relationship": "Outer", "Scan Direction": "Forward", "Index Name": "company_type_pkey", "Relation Name": "company_type", "Alias": "ct", "Startup Cost": 10000000000.0, "Total Cost": 1000000000829.5, "Plan Rows": 3, "Plan Width": 4}]}]}, {"Node Type": "Materialize", "Parent Relationship": "Inner", "Startup Cost": 10000000000.0, "Total Cost": 1000011652870.86, "Plan Rows": 1748840, "Plan Width": 21, "Plans": [{"Node Type": "Index Scan", "Parent Relationship": "Outer", "Scan Direction": "Forward", "Index Name": "title_pkey", "Relation Name": "title", "Alias": "t", "Startup Cost": 10000000000.0, "Total Cost": 1000011644126.66, "Plan Rows": 1748840, "Plan Width": 21, "Filter": "(production_year > 1990), (LLVM Optimized)"}]}]}, {"Node Type": "Materialize", "Parent Relationship": "Inner", "Startup Cost": 10000000000.0, "Total Cost": 1000000000843.06, "Plan Rows": 12, "Plan Width": 4, "Plans": [{"Node Type": "Index Only Scan", "Parent Relationship": "Outer", "Scan Direction": "Forward", "Index Name": "role_type_pkey", "Relation Name": "role_type", "Alias": "rt", "Startup Cost": 10000000000.0, "Total Cost": 1000000000843.0, "Plan Rows": 12, "Plan Width": 4}]}]}]}, "Unique SQL Id": 3145361615}, "explain_analyze_plan": null}, "(1, 44)": {"explain_plan": {"Plan": {"Node Type": "Aggregate", "Strategy": "Plain", "Startup Cost": 1041361.98, "Total Cost": 1041361.99, "Plan Rows": 1, "Plan Width": 97, "Plans": [{"Node Type": "Hash Join", "Parent Relationship": "Outer", "Join Type": "Inner", "Startup Cost": 930928.48, "Total Cost": 1036514.92, "Plan Rows": 969413, "Plan Width": 33, "Inner Unique": true, "Hash Cond": "(ci.role_id = rt.id), (LLVM Optimized)", "Plans": [{"Node Type": "Hash Join", "Parent Relationship": "Outer", "Join Type": "Inner", "Startup Cost": 930927.21, "Total Cost": 1023184.22, "Plan Rows": 969413, "Plan Width": 37, "Inner Unique": true, "Hash Cond": "(mc.company_type_id = ct.id), (LLVM Optimized)", "Plans": [{"Node Type": "Hash Join", "Parent Relationship": "Outer", "Join Type": "Inner", "Startup Cost": 930926.14, "Total Cost": 1009853.72, "Plan Rows": 969413, "Plan Width": 41, "Inner Unique": false, "Hash Cond": "(mc.movie_id = t.id), (LLVM Optimized)", "Plans": [{"Node Type": "Hash Join", "Parent Relationship": "Outer", "Join Type": "Inner", "Startup Cost": 6968.08, "Total Cost": 71392.69, "Plan Rows": 1282311, "Plan Width": 8, "Inner Unique": true, "Hash Cond": "(mc.company_id = cn.id), (LLVM Optimized)", "Plans": [{"Node Type": "Seq Scan", "Parent Relationship": "Outer", "Relation Name": "movie_companies", "Alias": "mc", "Startup Cost": 0.0, "Total Cost": 41817.28, "Plan Rows": 2609128, "Plan Width": 12}, {"Node Type": "Hash", "Parent Relationship": "Inner", "Startup Cost": 5903.45, "Total Cost": 5903.45, "Plan Rows": 85170, "Plan Width": 4, "Plans": [{"Node Type": "Seq Scan", "Parent Relationship": "Outer", "Relation Name": "company_name", "Alias": "cn", "Startup Cost": 0.0, "Total Cost": 5903.45, "Plan Rows": 85170, "Plan Width": 4, "Filter": "((country_code)::text = '[us]'::text)"}]}]}, {"Node Type": "Hash", "Parent Relationship": "Inner", "Startup Cost": 912029.03, "Total Cost": 912029.03, "Plan Rows": 954323, "Plan Width": 45, "Plans": [{"Node Type": "Hash Join", "Parent Relationship": "Outer", "Join Type": "Inner", "Startup Cost": 194997.99, "Total Cost": 912029.03, "Plan Rows": 954323, "Plan Width": 45, "Inner Unique": true, "Hash Cond": "(ci.movie_id = t.id), (LLVM Optimized)", "Plans": [{"Node Type": "Hash Join", "Parent Relationship": "Outer", "Join Type": "Inner", "Startup Cost": 106747.61, "Total Cost": 811624.17, "Plan Rows": 696330, "Plan Width": 24, "Inner Unique": true, "Hash Cond": "(ci.person_role_id = chn.id), (LLVM Optimized)", "Plans": [{"Node Type": "Seq Scan", "Parent Relationship": "Outer", "Relation Name": "cast_info", "Alias": "ci", "Startup Cost": 0.0, "Total Cost": 692526.68, "Plan Rows": 1436424, "Plan Width": 12, "Filter": "((note)::text ~~ '%(producer)%'::text), (LLVM Optimized)"}, {"Node Type": "Hash", "Parent Relationship": "Inner", "Startup Cost": 67493.38, "Total Cost": 67493.38, "Plan Rows": 3140338, "Plan Width": 20, "Plans": [{"Node Type": "Seq Scan", "Parent Relationship": "Outer", "Relation Name": "char_name", "Alias": "chn", "Startup Cost": 0.0, "Total Cost": 67493.38, "Plan Rows": 3140338, "Plan Width": 20}]}]}, {"Node Type": "Hash", "Parent Relationship": "Inner", "Startup Cost": 66389.89, "Total Cost": 66389.89, "Plan Rows": 1748840, "Plan Width": 21, "Plans": [{"Node Type": "Seq Scan", "Parent Relationship": "Outer", "Relation Name": "title", "Alias": "t", "Startup Cost": 0.0, "Total Cost": 66389.89, "Plan Rows": 1748840, "Plan Width": 21, "Filter": "(production_year > 1990), (LLVM Optimized)"}]}]}]}]}, {"Node Type": "Hash", "Parent Relationship": "Inner", "Startup Cost": 1.03, "Total Cost": 1.03, "Plan Rows": 3, "Plan Width": 4, "Plans": [{"Node Type": "Seq Scan", "Parent Relationship": "Outer", "Relation Name": "company_type", "Alias": "ct", "Startup Cost": 0.0, "Total Cost": 1.03, "Plan Rows": 3, "Plan Width": 4}]}]}, {"Node Type": "Hash", "Parent Relationship": "Inner", "Startup Cost": 1.12, "Total Cost": 1.12, "Plan Rows": 12, "Plan Width": 4, "Plans": [{"Node Type": "Seq Scan", "Parent Relationship": "Outer", "Relation Name": "role_type", "Alias": "rt", "Startup Cost": 0.0, "Total Cost": 1.12, "Plan Rows": 12, "Plan Width": 4}]}]}]}, "Unique SQL Id": 3145361615}, "explain_analyze_plan": {"Plan": {"Node Type": "Aggregate", "Strategy": "Plain", "Startup Cost": 1041361.98, "Total Cost": 1041361.99, "Plan Rows": 1, "Plan Width": 97, "Actual Startup Time": 16188.609, "Actual Total Time": 16188.61, "Actual Rows": 1, "Actual Loops": 1, "Plans": [{"Node Type": "Hash Join", "Parent Relationship": "Outer", "Join Type": "Inner", "Startup Cost": 930928.48, "Total Cost": 1036514.92, "Plan Rows": 969413, "Plan Width": 33, "Actual Startup Time": 15828.872, "Actual Total Time": 16188.552, "Actual Rows": 4, "Actual Loops": 1, "Inner Unique": true, "Hash Cond": "(ci.role_id = rt.id), (LLVM Optimized, Jit Execute)", "Plans": [{"Node Type": "Hash Join", "Parent Relationship": "Outer", "Join Type": "Inner", "Startup Cost": 930927.21, "Total Cost": 1023184.22, "Plan Rows": 969413, "Plan Width": 37, "Actual Startup Time": 15828.776, "Actual Total Time": 16188.441, "Actual Rows": 4, "Actual Loops": 1, "Inner Unique": true, "Hash Cond": "(mc.company_type_id = ct.id), (LLVM Optimized, Jit Execute)", "Plans": [{"Node Type": "Hash Join", "Parent Relationship": "Outer", "Join Type": "Inner", "Startup Cost": 930926.14, "Total Cost": 1009853.72, "Plan Rows": 969413, "Plan Width": 41, "Actual Startup Time": 15005.566, "Actual Total Time": 16188.307, "Actual Rows": 10, "Actual Loops": 1, "Inner Unique": false, "Hash Cond": "(mc.movie_id = t.id), (LLVM Optimized, Jit Execute)", "Plans": [{"Node Type": "Hash Join", "Parent Relationship": "Outer", "Join Type": "Inner", "Startup Cost": 6968.08, "Total Cost": 71392.69, "Plan Rows": 1282311, "Plan Width": 8, "Actual Startup Time": 112.673, "Actual Total Time": 1492.413, "Actual Rows": 1153797, "Actual Loops": 1, "Inner Unique": true, "Hash Cond": "(mc.company_id = cn.id), (LLVM Optimized, Jit Execute)", "Plans": [{"Node Type": "Seq Scan", "Parent Relationship": "Outer", "Relation Name": "movie_companies", "Alias": "mc", "Startup Cost": 0.0, "Total Cost": 41817.28, "Plan Rows": 2609128, "Plan Width": 12, "Actual Startup Time": 0.016, "Actual Total Time": 568.795, "Actual Rows": 2609128, "Actual Loops": 1}, {"Node Type": "Hash", "Parent Relationship": "Inner", "Startup Cost": 5903.45, "Total Cost": 5903.45, "Plan Rows": 85170, "Plan Width": 4, "Actual Startup Time": 112.55, "Actual Total Time": 112.55, "Actual Rows": 84843, "Actual Loops": 1, "Hash Buckets": 131072, "Hash Batches": 1, "Original Hash Batches": 1, "Peak Memory Usage": 2983, "Plans": [{"Node Type": "Seq Scan", "Parent Relationship": "Outer", "Relation Name": "company_name", "Alias": "cn", "Startup Cost": 0.0, "Total Cost": 5903.45, "Plan Rows": 85170, "Plan Width": 4, "Actual Startup Time": 0.027, "Actual Total Time": 89.932, "Actual Rows": 84843, "Actual Loops": 1, "Filter": "((country_code)::text = '[us]'::text)", "Rows Removed by Filter": 150153}]}]}, {"Node Type": "Hash", "Parent Relationship": "Inner", "Startup Cost": 912029.03, "Total Cost": 912029.03, "Plan Rows": 954323, "Plan Width": 45, "Actual Startup Time": 14488.293, "Actual Total Time": 14488.293, "Actual Rows": 12, "Actual Loops": 1, "Hash Buckets": 1048576, "Hash Batches": 1, "Original Hash Batches": 1, "Peak Memory Usage": 1, "Plans": [{"Node Type": "Hash Join", "Parent Relationship": "Outer", "Join Type": "Inner", "Startup Cost": 194997.99, "Total Cost": 912029.03, "Plan Rows": 954323, "Plan Width": 45, "Actual Startup Time": 4529.624, "Actual Total Time": 14488.212, "Actual Rows": 12, "Actual Loops": 1, "Inner Unique": true, "Hash Cond": "(ci.movie_id = t.id), (LLVM Optimized, Jit Execute)", "Plans": [{"Node Type": "Hash Join", "Parent Relationship": "Outer", "Join Type": "Inner", "Startup Cost": 106747.61, "Total Cost": 811624.17, "Plan Rows": 696330, "Plan Width": 24, "Actual Startup Time": 2991.698, "Actual Total Time": 12936.256, "Actual Rows": 15, "Actual Loops": 1, "Inner Unique": true, "Hash Cond": "(ci.person_role_id = chn.id), (LLVM Optimized, Jit Execute)", "Plans": [{"Node Type": "Seq Scan", "Parent Relationship": "Outer", "Relation Name": "cast_info", "Alias": "ci", "Startup Cost": 0.0, "Total Cost": 692526.68, "Plan Rows": 1436424, "Plan Width": 12, "Actual Startup Time": 689.018, "Actual Total Time": 10483.608, "Actual Rows": 1435439, "Actual Loops": 1, "Filter": "((note)::text ~~ '%(producer)%'::text), (LLVM Optimized, Jit Execute)", "Rows Removed by Filter": 34808904}, {"Node Type": "Hash", "Parent Relationship": "Inner", "Startup Cost": 67493.38, "Total Cost": 67493.38, "Plan Rows": 3140338, "Plan Width": 20, "Actual Startup Time": 2297.894, "Actual Total Time": 2297.894, "Actual Rows": 3140338, "Actual Loops": 1, "Hash Buckets": 4194304, "Hash Batches": 1, "Original Hash Batches": 1, "Peak Memory Usage": 165269, "Plans": [{"Node Type": "Seq Scan", "Parent Relationship": "Outer", "Relation Name": "char_name", "Alias": "chn", "Startup Cost": 0.0, "Total Cost": 67493.38, "Plan Rows": 3140338, "Plan Width": 20, "Actual Startup Time": 0.047, "Actual Total Time": 983.534, "Actual Rows": 3140338, "Actual Loops": 1}]}]}, {"Node Type": "Hash", "Parent Relationship": "Inner", "Startup Cost": 66389.89, "Total Cost": 66389.89, "Plan Rows": 1748840, "Plan Width": 21, "Actual Startup Time": 1536.691, "Actual Total Time": 1536.691, "Actual Rows": 1749032, "Actual Loops": 1, "Hash Buckets": 2097152, "Hash Batches": 1, "Original Hash Batches": 1, "Peak Memory Usage": 93635, "Plans": [{"Node Type": "Seq Scan", "Parent Relationship": "Outer", "Relation Name": "title", "Alias": "t", "Startup Cost": 0.0, "Total Cost": 66389.89, "Plan Rows": 1748840, "Plan Width": 21, "Actual Startup Time": 0.032, "Actual Total Time": 903.509, "Actual Rows": 1749032, "Actual Loops": 1, "Filter": "(production_year > 1990), (LLVM Optimized, Jit Execute)", "Rows Removed by Filter": 779279}]}]}]}]}, {"Node Type": "Hash", "Parent Relationship": "Inner", "Startup Cost": 1.03, "Total Cost": 1.03, "Plan Rows": 3, "Plan Width": 4, "Actual Startup Time": 0.007, "Actual Total Time": 0.007, "Actual Rows": 3, "Actual Loops": 1, "Hash Buckets": 32768, "Hash Batches": 1, "Original Hash Batches": 1, "Peak Memory Usage": 1, "Plans": [{"Node Type": "Seq Scan", "Parent Relationship": "Outer", "Relation Name": "company_type", "Alias": "ct", "Startup Cost": 0.0, "Total Cost": 1.03, "Plan Rows": 3, "Plan Width": 4, "Actual Startup Time": 0.003, "Actual Total Time": 0.003, "Actual Rows": 3, "Actual Loops": 1}]}]}, {"Node Type": "Hash", "Parent Relationship": "Inner", "Startup Cost": 1.12, "Total Cost": 1.12, "Plan Rows": 12, "Plan Width": 4, "Actual Startup Time": 0.039, "Actual Total Time": 0.039, "Actual Rows": 12, "Actual Loops": 1, "Hash Buckets": 32768, "Hash Batches": 1, "Original Hash Batches": 1, "Peak Memory Usage": 1, "Plans": [{"Node Type": "Seq Scan", "Parent Relationship": "Outer", "Relation Name": "role_type", "Alias": "rt", "Startup Cost": 0.0, "Total Cost": 1.12, "Plan Rows": 12, "Plan Width": 4, "Actual Startup Time": 0.018, "Actual Total Time": 0.024, "Actual Rows": 12, "Actual Loops": 1}]}]}]}, "Triggers": [], "Planner Runtime": 41.396, "Total Runtime": 16199.863, "Unique SQL Id": 3145361615}}, "(1, 45)": {"explain_plan": {"Plan": {"Node Type": "Aggregate", "Strategy": "Plain", "Startup Cost": 1734937.7, "Total Cost": 1734937.71, "Plan Rows": 1, "Plan Width": 97, "Plans": [{"Node Type": "Hash Join", "Parent Relationship": "Outer", "Join Type": "Inner", "Startup Cost": 319022.37, "Total Cost": 1730090.63, "Plan Rows": 969413, "Plan Width": 33, "Inner Unique": true, "Hash Cond": "(mc.movie_id = t.id), (LLVM Optimized)", "Plans": [{"Node Type": "Hash Join", "Parent Relationship": "Outer", "Join Type": "Inner", "Startup Cost": 180720.61, "Total Cost": 1579470.74, "Plan Rows": 699731, "Plan Width": 24, "Inner Unique": true, "Hash Cond": "(ci.role_id = rt.id), (LLVM Optimized)", "Plans": [{"Node Type": "Hash Join", "Parent Relationship": "Outer", "Join Type": "Inner", "Startup Cost": 180708.03, "Total Cost": 1569836.86, "Plan Rows": 699731, "Plan Width": 28, "Inner Unique": true, "Hash Cond": "(mc.company_type_id = ct.id), (LLVM Optimized)", "Plans": [{"Node Type": "Hash Join", "Parent Relationship": "Outer", "Join Type": "Inner", "Startup Cost": 180695.69, "Total Cost": 1560203.23, "Plan Rows": 699731, "Plan Width": 32, "Inner Unique": true, "Hash Cond": "(ci.person_role_id = chn.id), (LLVM Optimized)", "Plans": [{"Node Type": "Nested Loop", "Parent Relationship": "Outer", "Join Type": "Inner", "Startup Cost": 11566.01, "Total Cost": 1378663.33, "Plan Rows": 1443440, "Plan Width": 20, "Inner Unique": false, "Plans": [{"Node Type": "Hash Join", "Parent Relationship": "Outer", "Join Type": "Inner", "Startup Cost": 11566.01, "Total Cost": 127355.52, "Plan Rows": 1282311, "Plan Width": 8, "Inner Unique": true, "Hash Cond": "(mc.company_id = cn.id), (LLVM Optimized)", "Plans": [{"Node Type": "Index Scan", "Parent Relationship": "Outer", "Scan Direction": "Forward", "Index Name": "company_type_id_movie_companies", "Relation Name": "movie_companies", "Alias": "mc", "Startup Cost": 0.0, "Total Cost": 93182.17, "Plan Rows": 2609128, "Plan Width": 12}, {"Node Type": "Hash", "Parent Relationship": "Inner", "Startup Cost": 10501.39, "Total Cost": 10501.39, "Plan Rows": 85170, "Plan Width": 4, "Plans": [{"Node Type": "Index Scan", "Parent Relationship": "Outer", "Scan Direction": "Forward", "Index Name": "company_name_pkey", "Relation Name": "company_name", "Alias": "cn", "Startup Cost": 0.0, "Total Cost": 10501.39, "Plan Rows": 85170, "Plan Width": 4, "Filter": "((country_code)::text = '[us]'::text)"}]}]}, {"Node Type": "Index Scan", "Parent Relationship": "Inner", "Scan Direction": "Forward", "Index Name": "movie_id_cast_info", "Relation Name": "cast_info", "Alias": "ci", "Startup Cost": 0.0, "Total Cost": 0.97, "Plan Rows": 1, "Plan Width": 12, "Index Cond": "(movie_id = mc.movie_id)", "Filter": "((note)::text ~~ '%(producer)%'::text)"}]}, {"Node Type": "Hash", "Parent Relationship": "Inner", "Startup Cost": 129875.46, "Total Cost": 129875.46, "Plan Rows": 3140338, "Plan Width": 20, "Plans": [{"Node Type": "Index Scan", "Parent Relationship": "Outer", "Scan Direction": "Forward", "Index Name": "char_name_pkey", "Relation Name": "char_name", "Alias": "chn", "Startup Cost": 0.0, "Total Cost": 129875.46, "Plan Rows": 3140338, "Plan Width": 20}]}]}, {"Node Type": "Hash", "Parent Relationship": "Inner", "Startup Cost": 12.29, "Total Cost": 12.29, "Plan Rows": 3, "Plan Width": 4, "Plans": [{"Node Type": "Index Scan", "Parent Relationship": "Outer", "Scan Direction": "Forward", "Index Name": "company_type_pkey", "Relation Name": "company_type", "Alias": "ct", "Startup Cost": 0.0, "Total Cost": 12.29, "Plan Rows": 3, "Plan Width": 4}]}]}, {"Node Type": "Hash", "Parent Relationship": "Inner", "Startup Cost": 12.43, "Total Cost": 12.43, "Plan Rows": 12, "Plan Width": 4, "Plans": [{"Node Type": "Index Scan", "Parent Relationship": "Outer", "Scan Direction": "Forward", "Index Name": "role_type_pkey", "Relation Name": "role_type", "Alias": "rt", "Startup Cost": 0.0, "Total Cost": 12.43, "Plan Rows": 12, "Plan Width": 4}]}]}, {"Node Type": "Hash", "Parent Relationship": "Inner", "Startup Cost": 116441.27, "Total Cost": 116441.27, "Plan Rows": 1748840, "Plan Width": 21, "Plans": [{"Node Type": "Index Scan", "Parent Relationship": "Outer", "Scan Direction": "Forward", "Index Name": "title_pkey", "Relation Name": "title", "Alias": "t", "Startup Cost": 0.0, "Total Cost": 116441.27, "Plan Rows": 1748840, "Plan Width": 21, "Filter": "(production_year > 1990), (LLVM Optimized)"}]}]}]}, "Unique SQL Id": 3145361615}, "explain_analyze_plan": null}, "(1, 46)": {"explain_plan": {"Plan": {"Node Type": "Aggregate", "Strategy": "Plain", "Startup Cost": 1041361.98, "Total Cost": 1041361.99, "Plan Rows": 1, "Plan Width": 97, "Plans": [{"Node Type": "Hash Join", "Parent Relationship": "Outer", "Join Type": "Inner", "Startup Cost": 930928.48, "Total Cost": 1036514.92, "Plan Rows": 969413, "Plan Width": 33, "Inner Unique": true, "Hash Cond": "(ci.role_id = rt.id), (LLVM Optimized)", "Plans": [{"Node Type": "Hash Join", "Parent Relationship": "Outer", "Join Type": "Inner", "Startup Cost": 930927.21, "Total Cost": 1023184.22, "Plan Rows": 969413, "Plan Width": 37, "Inner Unique": true, "Hash Cond": "(mc.company_type_id = ct.id), (LLVM Optimized)", "Plans": [{"Node Type": "Hash Join", "Parent Relationship": "Outer", "Join Type": "Inner", "Startup Cost": 930926.14, "Total Cost": 1009853.72, "Plan Rows": 969413, "Plan Width": 41, "Inner Unique": false, "Hash Cond": "(mc.movie_id = t.id), (LLVM Optimized)", "Plans": [{"Node Type": "Hash Join", "Parent Relationship": "Outer", "Join Type": "Inner", "Startup Cost": 6968.08, "Total Cost": 71392.69, "Plan Rows": 1282311, "Plan Width": 8, "Inner Unique": true, "Hash Cond": "(mc.company_id = cn.id), (LLVM Optimized)", "Plans": [{"Node Type": "Seq Scan", "Parent Relationship": "Outer", "Relation Name": "movie_companies", "Alias": "mc", "Startup Cost": 0.0, "Total Cost": 41817.28, "Plan Rows": 2609128, "Plan Width": 12}, {"Node Type": "Hash", "Parent Relationship": "Inner", "Startup Cost": 5903.45, "Total Cost": 5903.45, "Plan Rows": 85170, "Plan Width": 4, "Plans": [{"Node Type": "Seq Scan", "Parent Relationship": "Outer", "Relation Name": "company_name", "Alias": "cn", "Startup Cost": 0.0, "Total Cost": 5903.45, "Plan Rows": 85170, "Plan Width": 4, "Filter": "((country_code)::text = '[us]'::text)"}]}]}, {"Node Type": "Hash", "Parent Relationship": "Inner", "Startup Cost": 912029.03, "Total Cost": 912029.03, "Plan Rows": 954323, "Plan Width": 45, "Plans": [{"Node Type": "Hash Join", "Parent Relationship": "Outer", "Join Type": "Inner", "Startup Cost": 194997.99, "Total Cost": 912029.03, "Plan Rows": 954323, "Plan Width": 45, "Inner Unique": true, "Hash Cond": "(ci.movie_id = t.id), (LLVM Optimized)", "Plans": [{"Node Type": "Hash Join", "Parent Relationship": "Outer", "Join Type": "Inner", "Startup Cost": 106747.61, "Total Cost": 811624.17, "Plan Rows": 696330, "Plan Width": 24, "Inner Unique": true, "Hash Cond": "(ci.person_role_id = chn.id), (LLVM Optimized)", "Plans": [{"Node Type": "Seq Scan", "Parent Relationship": "Outer", "Relation Name": "cast_info", "Alias": "ci", "Startup Cost": 0.0, "Total Cost": 692526.68, "Plan Rows": 1436424, "Plan Width": 12, "Filter": "((note)::text ~~ '%(producer)%'::text), (LLVM Optimized)"}, {"Node Type": "Hash", "Parent Relationship": "Inner", "Startup Cost": 67493.38, "Total Cost": 67493.38, "Plan Rows": 3140338, "Plan Width": 20, "Plans": [{"Node Type": "Seq Scan", "Parent Relationship": "Outer", "Relation Name": "char_name", "Alias": "chn", "Startup Cost": 0.0, "Total Cost": 67493.38, "Plan Rows": 3140338, "Plan Width": 20}]}]}, {"Node Type": "Hash", "Parent Relationship": "Inner", "Startup Cost": 66389.89, "Total Cost": 66389.89, "Plan Rows": 1748840, "Plan Width": 21, "Plans": [{"Node Type": "Seq Scan", "Parent Relationship": "Outer", "Relation Name": "title", "Alias": "t", "Startup Cost": 0.0, "Total Cost": 66389.89, "Plan Rows": 1748840, "Plan Width": 21, "Filter": "(production_year > 1990), (LLVM Optimized)"}]}]}]}]}, {"Node Type": "Hash", "Parent Relationship": "Inner", "Startup Cost": 1.03, "Total Cost": 1.03, "Plan Rows": 3, "Plan Width": 4, "Plans": [{"Node Type": "Seq Scan", "Parent Relationship": "Outer", "Relation Name": "company_type", "Alias": "ct", "Startup Cost": 0.0, "Total Cost": 1.03, "Plan Rows": 3, "Plan Width": 4}]}]}, {"Node Type": "Hash", "Parent Relationship": "Inner", "Startup Cost": 1.12, "Total Cost": 1.12, "Plan Rows": 12, "Plan Width": 4, "Plans": [{"Node Type": "Seq Scan", "Parent Relationship": "Outer", "Relation Name": "role_type", "Alias": "rt", "Startup Cost": 0.0, "Total Cost": 1.12, "Plan Rows": 12, "Plan Width": 4}]}]}]}, "Unique SQL Id": 3145361615}, "explain_analyze_plan": {"Plan": {"Node Type": "Aggregate", "Strategy": "Plain", "Startup Cost": 1041361.98, "Total Cost": 1041361.99, "Plan Rows": 1, "Plan Width": 97, "Actual Startup Time": 16188.609, "Actual Total Time": 16188.61, "Actual Rows": 1, "Actual Loops": 1, "Plans": [{"Node Type": "Hash Join", "Parent Relationship": "Outer", "Join Type": "Inner", "Startup Cost": 930928.48, "Total Cost": 1036514.92, "Plan Rows": 969413, "Plan Width": 33, "Actual Startup Time": 15828.872, "Actual Total Time": 16188.552, "Actual Rows": 4, "Actual Loops": 1, "Inner Unique": true, "Hash Cond": "(ci.role_id = rt.id), (LLVM Optimized, Jit Execute)", "Plans": [{"Node Type": "Hash Join", "Parent Relationship": "Outer", "Join Type": "Inner", "Startup Cost": 930927.21, "Total Cost": 1023184.22, "Plan Rows": 969413, "Plan Width": 37, "Actual Startup Time": 15828.776, "Actual Total Time": 16188.441, "Actual Rows": 4, "Actual Loops": 1, "Inner Unique": true, "Hash Cond": "(mc.company_type_id = ct.id), (LLVM Optimized, Jit Execute)", "Plans": [{"Node Type": "Hash Join", "Parent Relationship": "Outer", "Join Type": "Inner", "Startup Cost": 930926.14, "Total Cost": 1009853.72, "Plan Rows": 969413, "Plan Width": 41, "Actual Startup Time": 15005.566, "Actual Total Time": 16188.307, "Actual Rows": 10, "Actual Loops": 1, "Inner Unique": false, "Hash Cond": "(mc.movie_id = t.id), (LLVM Optimized, Jit Execute)", "Plans": [{"Node Type": "Hash Join", "Parent Relationship": "Outer", "Join Type": "Inner", "Startup Cost": 6968.08, "Total Cost": 71392.69, "Plan Rows": 1282311, "Plan Width": 8, "Actual Startup Time": 112.673, "Actual Total Time": 1492.413, "Actual Rows": 1153797, "Actual Loops": 1, "Inner Unique": true, "Hash Cond": "(mc.company_id = cn.id), (LLVM Optimized, Jit Execute)", "Plans": [{"Node Type": "Seq Scan", "Parent Relationship": "Outer", "Relation Name": "movie_companies", "Alias": "mc", "Startup Cost": 0.0, "Total Cost": 41817.28, "Plan Rows": 2609128, "Plan Width": 12, "Actual Startup Time": 0.016, "Actual Total Time": 568.795, "Actual Rows": 2609128, "Actual Loops": 1}, {"Node Type": "Hash", "Parent Relationship": "Inner", "Startup Cost": 5903.45, "Total Cost": 5903.45, "Plan Rows": 85170, "Plan Width": 4, "Actual Startup Time": 112.55, "Actual Total Time": 112.55, "Actual Rows": 84843, "Actual Loops": 1, "Hash Buckets": 131072, "Hash Batches": 1, "Original Hash Batches": 1, "Peak Memory Usage": 2983, "Plans": [{"Node Type": "Seq Scan", "Parent Relationship": "Outer", "Relation Name": "company_name", "Alias": "cn", "Startup Cost": 0.0, "Total Cost": 5903.45, "Plan Rows": 85170, "Plan Width": 4, "Actual Startup Time": 0.027, "Actual Total Time": 89.932, "Actual Rows": 84843, "Actual Loops": 1, "Filter": "((country_code)::text = '[us]'::text)", "Rows Removed by Filter": 150153}]}]}, {"Node Type": "Hash", "Parent Relationship": "Inner", "Startup Cost": 912029.03, "Total Cost": 912029.03, "Plan Rows": 954323, "Plan Width": 45, "Actual Startup Time": 14488.293, "Actual Total Time": 14488.293, "Actual Rows": 12, "Actual Loops": 1, "Hash Buckets": 1048576, "Hash Batches": 1, "Original Hash Batches": 1, "Peak Memory Usage": 1, "Plans": [{"Node Type": "Hash Join", "Parent Relationship": "Outer", "Join Type": "Inner", "Startup Cost": 194997.99, "Total Cost": 912029.03, "Plan Rows": 954323, "Plan Width": 45, "Actual Startup Time": 4529.624, "Actual Total Time": 14488.212, "Actual Rows": 12, "Actual Loops": 1, "Inner Unique": true, "Hash Cond": "(ci.movie_id = t.id), (LLVM Optimized, Jit Execute)", "Plans": [{"Node Type": "Hash Join", "Parent Relationship": "Outer", "Join Type": "Inner", "Startup Cost": 106747.61, "Total Cost": 811624.17, "Plan Rows": 696330, "Plan Width": 24, "Actual Startup Time": 2991.698, "Actual Total Time": 12936.256, "Actual Rows": 15, "Actual Loops": 1, "Inner Unique": true, "Hash Cond": "(ci.person_role_id = chn.id), (LLVM Optimized, Jit Execute)", "Plans": [{"Node Type": "Seq Scan", "Parent Relationship": "Outer", "Relation Name": "cast_info", "Alias": "ci", "Startup Cost": 0.0, "Total Cost": 692526.68, "Plan Rows": 1436424, "Plan Width": 12, "Actual Startup Time": 689.018, "Actual Total Time": 10483.608, "Actual Rows": 1435439, "Actual Loops": 1, "Filter": "((note)::text ~~ '%(producer)%'::text), (LLVM Optimized, Jit Execute)", "Rows Removed by Filter": 34808904}, {"Node Type": "Hash", "Parent Relationship": "Inner", "Startup Cost": 67493.38, "Total Cost": 67493.38, "Plan Rows": 3140338, "Plan Width": 20, "Actual Startup Time": 2297.894, "Actual Total Time": 2297.894, "Actual Rows": 3140338, "Actual Loops": 1, "Hash Buckets": 4194304, "Hash Batches": 1, "Original Hash Batches": 1, "Peak Memory Usage": 165269, "Plans": [{"Node Type": "Seq Scan", "Parent Relationship": "Outer", "Relation Name": "char_name", "Alias": "chn", "Startup Cost": 0.0, "Total Cost": 67493.38, "Plan Rows": 3140338, "Plan Width": 20, "Actual Startup Time": 0.047, "Actual Total Time": 983.534, "Actual Rows": 3140338, "Actual Loops": 1}]}]}, {"Node Type": "Hash", "Parent Relationship": "Inner", "Startup Cost": 66389.89, "Total Cost": 66389.89, "Plan Rows": 1748840, "Plan Width": 21, "Actual Startup Time": 1536.691, "Actual Total Time": 1536.691, "Actual Rows": 1749032, "Actual Loops": 1, "Hash Buckets": 2097152, "Hash Batches": 1, "Original Hash Batches": 1, "Peak Memory Usage": 93635, "Plans": [{"Node Type": "Seq Scan", "Parent Relationship": "Outer", "Relation Name": "title", "Alias": "t", "Startup Cost": 0.0, "Total Cost": 66389.89, "Plan Rows": 1748840, "Plan Width": 21, "Actual Startup Time": 0.032, "Actual Total Time": 903.509, "Actual Rows": 1749032, "Actual Loops": 1, "Filter": "(production_year > 1990), (LLVM Optimized, Jit Execute)", "Rows Removed by Filter": 779279}]}]}]}]}, {"Node Type": "Hash", "Parent Relationship": "Inner", "Startup Cost": 1.03, "Total Cost": 1.03, "Plan Rows": 3, "Plan Width": 4, "Actual Startup Time": 0.007, "Actual Total Time": 0.007, "Actual Rows": 3, "Actual Loops": 1, "Hash Buckets": 32768, "Hash Batches": 1, "Original Hash Batches": 1, "Peak Memory Usage": 1, "Plans": [{"Node Type": "Seq Scan", "Parent Relationship": "Outer", "Relation Name": "company_type", "Alias": "ct", "Startup Cost": 0.0, "Total Cost": 1.03, "Plan Rows": 3, "Plan Width": 4, "Actual Startup Time": 0.003, "Actual Total Time": 0.003, "Actual Rows": 3, "Actual Loops": 1}]}]}, {"Node Type": "Hash", "Parent Relationship": "Inner", "Startup Cost": 1.12, "Total Cost": 1.12, "Plan Rows": 12, "Plan Width": 4, "Actual Startup Time": 0.039, "Actual Total Time": 0.039, "Actual Rows": 12, "Actual Loops": 1, "Hash Buckets": 32768, "Hash Batches": 1, "Original Hash Batches": 1, "Peak Memory Usage": 1, "Plans": [{"Node Type": "Seq Scan", "Parent Relationship": "Outer", "Relation Name": "role_type", "Alias": "rt", "Startup Cost": 0.0, "Total Cost": 1.12, "Plan Rows": 12, "Plan Width": 4, "Actual Startup Time": 0.018, "Actual Total Time": 0.024, "Actual Rows": 12, "Actual Loops": 1}]}]}]}, "Triggers": [], "Planner Runtime": 41.396, "Total Runtime": 16199.863, "Unique SQL Id": 3145361615}}, "(1, 47)": {"explain_plan": {"Plan": {"Node Type": "Aggregate", "Strategy": "Plain", "Startup Cost": 7102924029567.26, "Total Cost": 7102924029567.27, "Plan Rows": 1, "Plan Width": 97, "Plans": [{"Node Type": "Nested Loop", "Parent Relationship": "Outer", "Join Type": "Inner", "Startup Cost": 70000000000.0, "Total Cost": 7102924024720.19, "Plan Rows": 969413, "Plan Width": 33, "Inner Unique": true, "Join Filter": "(ci.role_id = rt.id), (LLVM Optimized)", "Plans": [{"Node Type": "Nested Loop", "Parent Relationship": "Outer", "Join Type": "Inner", "Startup Cost": 60000000000.0, "Total Cost": 6102923848982.82, "Plan Rows": 969413, "Plan Width": 37, "Inner Unique": true, "Join Filter": "(mc.movie_id = t.id), (LLVM Optimized)", "Plans": [{"Node Type": "Nested Loop", "Parent Relationship": "Outer", "Join Type": "Inner", "Startup Cost": 50000000000.0, "Total Cost": 5084556437053.46, "Plan Rows": 699731, "Plan Width": 28, "Inner Unique": true, "Join Filter": "(mc.company_type_id = ct.id), (LLVM Optimized)", "Plans": [{"Node Type": "Nested Loop", "Parent Relationship": "Outer", "Join Type": "Inner", "Startup Cost": 40000000000.0, "Total Cost": 4084556404336.05, "Plan Rows": 699731, "Plan Width": 32, "Inner Unique": false, "Join Filter": "(ci.movie_id = mc.movie_id), (LLVM Optimized)", "Plans": [{"Node Type": "Nested Loop", "Parent Relationship": "Outer", "Join Type": "Inner", "Startup Cost": 20000000000.0, "Total Cost": 2067819066805.53, "Plan Rows": 696330, "Plan Width": 24, "Inner Unique": true, "Join Filter": "(chn.id = ci.person_role_id), (LLVM Optimized)", "Plans": [{"Node Type": "Index Scan", "Parent Relationship": "Outer", "Scan Direction": "Forward", "Index Name": "role_id_cast_info", "Relation Name": "cast_info", "Alias": "ci", "Startup Cost": 10000000000.0, "Total Cost": 1000143218339.5, "Plan Rows": 1436424, "Plan Width": 12, "Filter": "((note)::text ~~ '%(producer)%'::text), (LLVM Optimized)"}, {"Node Type": "Materialize", "Parent Relationship": "Inner", "Startup Cost": 10000000000.0, "Total Cost": 1000013003247.2, "Plan Rows": 3140338, "Plan Width": 20, "Plans": [{"Node Type": "Index Scan", "Parent Relationship": "Outer", "Scan Direction": "Forward", "Index Name": "char_name_pkey", "Relation Name": "char_name", "Alias": "chn", "Startup Cost": 10000000000.0, "Total Cost": 1000012987545.51, "Plan Rows": 3140338, "Plan Width": 20}]}]}, {"Node Type": "Materialize", "Parent Relationship": "Inner", "Startup Cost": 20000000000.0, "Total Cost": 2003343666456.85, "Plan Rows": 1282311, "Plan Width": 8, "Plans": [{"Node Type": "Nested Loop", "Parent Relationship": "Outer", "Join Type": "Inner", "Startup Cost": 20000000000.0, "Total Cost": 2003343660045.29, "Plan Rows": 1282311, "Plan Width": 8, "Inner Unique": true, "Join Filter": "(cn.id = mc.company_id), (LLVM Optimized)", "Plans": [{"Node Type": "Index Scan", "Parent Relationship": "Outer", "Scan Direction": "Forward", "Index Name": "company_type_id_movie_companies", "Relation Name": "movie_companies", "Alias": "mc", "Startup Cost": 10000000000.0, "Total Cost": 1000009318217.0, "Plan Rows": 2609128, "Plan Width": 12}, {"Node Type": "Materialize", "Parent Relationship": "Inner", "Startup Cost": 10000000000.0, "Total Cost": 1000001050564.82, "Plan Rows": 85170, "Plan Width": 4, "Plans": [{"Node Type": "Index Scan", "Parent Relationship": "Outer", "Scan Direction": "Forward", "Index Name": "company_name_pkey", "Relation Name": "company_name", "Alias": "cn", "Startup Cost": 10000000000.0, "Total Cost": 1000001050138.97, "Plan Rows": 85170, "Plan Width": 4, "Filter": "((country_code)::text = '[us]'::text)"}]}]}]}]}, {"Node Type": "Materialize", "Parent Relationship": "Inner", "Startup Cost": 10000000000.0, "Total Cost": 1000000001229.52, "Plan Rows": 3, "Plan Width": 4, "Plans": [{"Node Type": "Index Scan", "Parent Relationship": "Outer", "Scan Direction": "Forward", "Index Name": "company_type_pkey", "Relation Name": "company_type", "Alias": "ct", "Startup Cost": 10000000000.0, "Total Cost": 1000000001229.5, "Plan Rows": 3, "Plan Width": 4}]}]}, {"Node Type": "Materialize", "Parent Relationship": "Inner", "Startup Cost": 10000000000.0, "Total Cost": 1000011652870.86, "Plan Rows": 1748840, "Plan Width": 21, "Plans": [{"Node Type": "Index Scan", "Parent Relationship": "Outer", "Scan Direction": "Forward", "Index Name": "title_pkey", "Relation Name": "title", "Alias": "t", "Startup Cost": 10000000000.0, "Total Cost": 1000011644126.66, "Plan Rows": 1748840, "Plan Width": 21, "Filter": "(production_year > 1990), (LLVM Optimized)"}]}]}, {"Node Type": "Materialize", "Parent Relationship": "Inner", "Startup Cost": 10000000000.0, "Total Cost": 1000000001243.06, "Plan Rows": 12, "Plan Width": 4, "Plans": [{"Node Type": "Index Scan", "Parent Relationship": "Outer", "Scan Direction": "Forward", "Index Name": "role_type_pkey", "Relation Name": "role_type", "Alias": "rt", "Startup Cost": 10000000000.0, "Total Cost": 1000000001243.0, "Plan Rows": 12, "Plan Width": 4}]}]}]}, "Unique SQL Id": 3145361615}, "explain_analyze_plan": null}, "(1, 48)": {"explain_plan": {"Plan": {"Node Type": "Aggregate", "Strategy": "Plain", "Startup Cost": 2366619.22, "Total Cost": 2366619.23, "Plan Rows": 1, "Plan Width": 97, "Plans": [{"Node Type": "Nested Loop", "Parent Relationship": "Outer", "Join Type": "Inner", "Startup Cost": 0.0, "Total Cost": 2361772.15, "Plan Rows": 969413, "Plan Width": 33, "Inner Unique": true, "Plans": [{"Node Type": "Nested Loop", "Parent Relationship": "Outer", "Join Type": "Inner", "Startup Cost": 0.0, "Total Cost": 2116855.61, "Plan Rows": 699731, "Plan Width": 24, "Inner Unique": true, "Join Filter": "(mc.company_type_id = ct.id), (LLVM Optimized)", "Plans": [{"Node Type": "Nested Loop", "Parent Relationship": "Outer", "Join Type": "Inner", "Startup Cost": 0.0, "Total Cost": 2085366.68, "Plan Rows": 699731, "Plan Width": 28, "Inner Unique": true, "Plans": [{"Node Type": "Nested Loop", "Parent Relationship": "Outer", "Join Type": "Inner", "Startup Cost": 0.0, "Total Cost": 1675808.66, "Plan Rows": 1423748, "Plan Width": 32, "Inner Unique": false, "Plans": [{"Node Type": "Nested Loop", "Parent Relationship": "Outer", "Join Type": "Inner", "Startup Cost": 0.0, "Total Cost": 1410889.95, "Plan Rows": 696330, "Plan Width": 20, "Inner Unique": true, "Join Filter": "(ci.role_id = rt.id), (LLVM Optimized)", "Plans": [{"Node Type": "Nested Loop", "Parent Relationship": "Outer", "Join Type": "Inner", "Startup Cost": 0.0, "Total Cost": 1285549.4, "Plan Rows": 696330, "Plan Width": 24, "Inner Unique": true, "Plans": [{"Node Type": "Seq Scan", "Parent Relationship": "Outer", "Relation Name": "cast_info", "Alias": "ci", "Startup Cost": 0.0, "Total Cost": 692526.68, "Plan Rows": 1436424, "Plan Width": 12, "Filter": "((note)::text ~~ '%(producer)%'::text), (LLVM Optimized)"}, {"Node Type": "Index Scan", "Parent Relationship": "Inner", "Scan Direction": "Forward", "Index Name": "char_name_pkey", "Relation Name": "char_name", "Alias": "chn", "Startup Cost": 0.0, "Total Cost": 0.4, "Plan Rows": 1, "Plan Width": 20, "Index Cond": "(id = ci.person_role_id)"}]}, {"Node Type": "Materialize", "Parent Relationship": "Inner", "Startup Cost": 0.0, "Total Cost": 1.18, "Plan Rows": 12, "Plan Width": 4, "Plans": [{"Node Type": "Seq Scan", "Parent Relationship": "Outer", "Relation Name": "role_type", "Alias": "rt", "Startup Cost": 0.0, "Total Cost": 1.12, "Plan Rows": 12, "Plan Width": 4}]}]}, {"Node Type": "Index Scan", "Parent Relationship": "Inner", "Scan Direction": "Forward", "Index Name": "movie_id_movie_companies", "Relation Name": "movie_companies", "Alias": "mc", "Startup Cost": 0.0, "Total Cost": 0.36, "Plan Rows": 2, "Plan Width": 12, "Index Cond": "(movie_id = ci.movie_id)"}]}, {"Node Type": "Index Scan", "Parent Relationship": "Inner", "Scan Direction": "Forward", "Index Name": "company_name_pkey", "Relation Name": "company_name", "Alias": "cn", "Startup Cost": 0.0, "Total Cost": 0.28, "Plan Rows": 1, "Plan Width": 4, "Index Cond": "(id = mc.company_id)", "Filter": "((country_code)::text = '[us]'::text)"}]}, {"Node Type": "Materialize", "Parent Relationship": "Inner", "Startup Cost": 0.0, "Total Cost": 1.04, "Plan Rows": 3, "Plan Width": 4, "Plans": [{"Node Type": "Seq Scan", "Parent Relationship": "Outer", "Relation Name": "company_type", "Alias": "ct", "Startup Cost": 0.0, "Total Cost": 1.03, "Plan Rows": 3, "Plan Width": 4}]}]}, {"Node Type": "Index Scan", "Parent Relationship": "Inner", "Scan Direction": "Forward", "Index Name": "title_pkey", "Relation Name": "title", "Alias": "t", "Startup Cost": 0.0, "Total Cost": 0.34, "Plan Rows": 1, "Plan Width": 21, "Index Cond": "(id = mc.movie_id)", "Filter": "(production_year > 1990)"}]}]}, "Unique SQL Id": 3145361615}, "explain_analyze_plan": {"Plan": {"Node Type": "Aggregate", "Strategy": "Plain", "Startup Cost": 2366619.22, "Total Cost": 2366619.23, "Plan Rows": 1, "Plan Width": 97, "Actual Startup Time": 11345.176, "Actual Total Time": 11345.176, "Actual Rows": 1, "Actual Loops": 1, "Plans": [{"Node Type": "Nested Loop", "Parent Relationship": "Outer", "Join Type": "Inner", "Startup Cost": 0.0, "Total Cost": 2361772.15, "Plan Rows": 969413, "Plan Width": 33, "Actual Startup Time": 689.813, "Actual Total Time": 11345.132, "Actual Rows": 4, "Actual Loops": 1, "Inner Unique": true, "Plans": [{"Node Type": "Nested Loop", "Parent Relationship": "Outer", "Join Type": "Inner", "Startup Cost": 0.0, "Total Cost": 2116855.61, "Plan Rows": 699731, "Plan Width": 24, "Actual Startup Time": 689.795, "Actual Total Time": 11345.065, "Actual Rows": 6, "Actual Loops": 1, "Inner Unique": true, "Join Filter": "(mc.company_type_id = ct.id), (LLVM Optimized, Jit Execute)", "Rows Removed by Join Filter": 24, "Plans": [{"Node Type": "Nested Loop", "Parent Relationship": "Outer", "Join Type": "Inner", "Startup Cost": 0.0, "Total Cost": 2085366.68, "Plan Rows": 699731, "Plan Width": 28, "Actual Startup Time": 689.765, "Actual Total Time": 11345.022, "Actual Rows": 14, "Actual Loops": 1, "Inner Unique": true, "Plans": [{"Node Type": "Nested Loop", "Parent Relationship": "Outer", "Join Type": "Inner", "Startup Cost": 0.0, "Total Cost": 1675808.66, "Plan Rows": 1423748, "Plan Width": 32, "Actual Startup Time": 689.723, "Actual Total Time": 11344.545, "Actual Rows": 31, "Actual Loops": 1, "Inner Unique": false, "Plans": [{"Node Type": "Nested Loop", "Parent Relationship": "Outer", "Join Type": "Inner", "Startup Cost": 0.0, "Total Cost": 1410889.95, "Plan Rows": 696330, "Plan Width": 20, "Actual Startup Time": 689.587, "Actual Total Time": 11343.23, "Actual Rows": 15, "Actual Loops": 1, "Inner Unique": true, "Join Filter": "(ci.role_id = rt.id), (LLVM Optimized, Jit Execute)", "Rows Removed by Join Filter": 2, "Plans": [{"Node Type": "Nested Loop", "Parent Relationship": "Outer", "Join Type": "Inner", "Startup Cost": 0.0, "Total Cost": 1285549.4, "Plan Rows": 696330, "Plan Width": 24, "Actual Startup Time": 689.559, "Actual Total Time": 11343.104, "Actual Rows": 15, "Actual Loops": 1, "Inner Unique": true, "Plans": [{"Node Type": "Seq Scan", "Parent Relationship": "Outer", "Relation Name": "cast_info", "Alias": "ci", "Startup Cost": 0.0, "Total Cost": 692526.68, "Plan Rows": 1436424, "Plan Width": 12, "Actual Startup Time": 689.509, "Actual Total Time": 10582.164, "Actual Rows": 1435439, "Actual Loops": 1, "Filter": "((note)::text ~~ '%(producer)%'::text), (LLVM Optimized, Jit Execute)", "Rows Removed by Filter": 34808904}, {"Node Type": "Index Scan", "Parent Relationship": "Inner", "Scan Direction": "Forward", "Index Name": "char_name_pkey", "Relation Name": "char_name", "Alias": "chn", "Startup Cost": 0.0, "Total Cost": 0.4, "Plan Rows": 1, "Plan Width": 20, "Actual Startup Time": 233.516, "Actual Total Time": 233.516, "Actual Rows": 15, "Actual Loops": 1435439, "Index Cond": "(id = ci.person_role_id)", "Rows Removed by Index Recheck": 0}]}, {"Node Type": "Materialize", "Parent Relationship": "Inner", "Startup Cost": 0.0, "Total Cost": 1.18, "Plan Rows": 12, "Plan Width": 4, "Actual Startup Time": 0.042, "Actual Total Time": 0.05, "Actual Rows": 17, "Actual Loops": 15, "Plans": [{"Node Type": "Seq Scan", "Parent Relationship": "Outer", "Relation Name": "role_type", "Alias": "rt", "Startup Cost": 0.0, "Total Cost": 1.12, "Plan Rows": 12, "Plan Width": 4, "Actual Startup Time": 0.009, "Actual Total Time": 0.011, "Actual Rows": 2, "Actual Loops": 1}]}]}, {"Node Type": "Index Scan", "Parent Relationship": "Inner", "Scan Direction": "Forward", "Index Name": "movie_id_movie_companies", "Relation Name": "movie_companies", "Alias": "mc", "Startup Cost": 0.0, "Total Cost": 0.36, "Plan Rows": 2, "Plan Width": 12, "Actual Startup Time": 1.211, "Actual Total Time": 1.242, "Actual Rows": 31, "Actual Loops": 15, "Index Cond": "(movie_id = ci.movie_id)", "Rows Removed by Index Recheck": 0}]}, {"Node Type": "Index Scan", "Parent Relationship": "Inner", "Scan Direction": "Forward", "Index Name": "company_name_pkey", "Relation Name": "company_name", "Alias": "cn", "Startup Cost": 0.0, "Total Cost": 0.28, "Plan Rows": 1, "Plan Width": 4, "Actual Startup Time": 0.403, "Actual Total Time": 0.403, "Actual Rows": 14, "Actual Loops": 31, "Index Cond": "(id = mc.company_id)", "Rows Removed by Index Recheck": 0, "Filter": "((country_code)::text = '[us]'::text)", "Rows Removed by Filter": 17}]}, {"Node Type": "Materialize", "Parent Relationship": "Inner", "Startup Cost": 0.0, "Total Cost": 1.04, "Plan Rows": 3, "Plan Width": 4, "Actual Startup Time": 0.015, "Actual Total Time": 0.02, "Actual Rows": 30, "Actual Loops": 14, "Plans": [{"Node Type": "Seq Scan", "Parent Relationship": "Outer", "Relation Name": "company_type", "Alias": "ct", "Startup Cost": 0.0, "Total Cost": 1.03, "Plan Rows": 3, "Plan Width": 4, "Actual Startup Time": 0.005, "Actual Total Time": 0.006, "Actual Rows": 3, "Actual Loops": 1}]}]}, {"Node Type": "Index Scan", "Parent Relationship": "Inner", "Scan Direction": "Forward", "Index Name": "title_pkey", "Relation Name": "title", "Alias": "t", "Startup Cost": 0.0, "Total Cost": 0.34, "Plan Rows": 1, "Plan Width": 21, "Actual Startup Time": 0.052, "Actual Total Time": 0.052, "Actual Rows": 4, "Actual Loops": 6, "Index Cond": "(id = mc.movie_id)", "Rows Removed by Index Recheck": 0, "Filter": "(production_year > 1990)", "Rows Removed by Filter": 2}]}]}, "Triggers": [], "Planner Runtime": 3.457, "Total Runtime": 11355.065, "Unique SQL Id": 3145361615}}, "(1, 49)": {"explain_plan": {"Plan": {"Node Type": "Aggregate", "Strategy": "Plain", "Startup Cost": 2425779.29, "Total Cost": 2425779.3, "Plan Rows": 1, "Plan Width": 97, "Plans": [{"Node Type": "Nested Loop", "Parent Relationship": "Outer", "Join Type": "Inner", "Startup Cost": 0.0, "Total Cost": 2420932.22, "Plan Rows": 969413, "Plan Width": 33, "Inner Unique": true, "Plans": [{"Node Type": "Nested Loop", "Parent Relationship": "Outer", "Join Type": "Inner", "Startup Cost": 0.0, "Total Cost": 2176015.68, "Plan Rows": 699731, "Plan Width": 24, "Inner Unique": true, "Join Filter": "(ci.role_id = rt.id), (LLVM Optimized)", "Plans": [{"Node Type": "Nested Loop", "Parent Relationship": "Outer", "Join Type": "Inner", "Startup Cost": 0.0, "Total Cost": 2050055.64, "Plan Rows": 699731, "Plan Width": 28, "Inner Unique": true, "Join Filter": "(mc.company_type_id = ct.id), (LLVM Optimized)", "Plans": [{"Node Type": "Nested Loop", "Parent Relationship": "Outer", "Join Type": "Inner", "Startup Cost": 0.0, "Total Cost": 2018559.45, "Plan Rows": 699731, "Plan Width": 32, "Inner Unique": true, "Plans": [{"Node Type": "Nested Loop", "Parent Relationship": "Outer", "Join Type": "Inner", "Startup Cost": 0.0, "Total Cost": 1422640.19, "Plan Rows": 1443440, "Plan Width": 20, "Inner Unique": false, "Plans": [{"Node Type": "Nested Loop", "Parent Relationship": "Outer", "Join Type": "Inner", "Startup Cost": 0.0, "Total Cost": 171332.39, "Plan Rows": 1282311, "Plan Width": 8, "Inner Unique": false, "Plans": [{"Node Type": "Index Scan", "Parent Relationship": "Outer", "Scan Direction": "Forward", "Index Name": "company_name_pkey", "Relation Name": "company_name", "Alias": "cn", "Startup Cost": 0.0, "Total Cost": 10501.39, "Plan Rows": 85170, "Plan Width": 4, "Filter": "((country_code)::text = '[us]'::text)"}, {"Node Type": "Index Scan", "Parent Relationship": "Inner", "Scan Direction": "Forward", "Index Name": "company_id_movie_companies", "Relation Name": "movie_companies", "Alias": "mc", "Startup Cost": 0.0, "Total Cost": 1.74, "Plan Rows": 15, "Plan Width": 12, "Index Cond": "(company_id = cn.id)"}]}, {"Node Type": "Index Scan", "Parent Relationship": "Inner", "Scan Direction": "Forward", "Index Name": "movie_id_cast_info", "Relation Name": "cast_info", "Alias": "ci", "Startup Cost": 0.0, "Total Cost": 0.97, "Plan Rows": 1, "Plan Width": 12, "Index Cond": "(movie_id = mc.movie_id)", "Filter": "((note)::text ~~ '%(producer)%'::text)"}]}, {"Node Type": "Index Scan", "Parent Relationship": "Inner", "Scan Direction": "Forward", "Index Name": "char_name_pkey", "Relation Name": "char_name", "Alias": "chn", "Startup Cost": 0.0, "Total Cost": 0.4, "Plan Rows": 1, "Plan Width": 20, "Index Cond": "(id = ci.person_role_id)"}]}, {"Node Type": "Materialize", "Parent Relationship": "Inner", "Startup Cost": 0.0, "Total Cost": 8.31, "Plan Rows": 3, "Plan Width": 4, "Plans": [{"Node Type": "Index Only Scan", "Parent Relationship": "Outer", "Scan Direction": "Forward", "Index Name": "company_type_pkey", "Relation Name": "company_type", "Alias": "ct", "Startup Cost": 0.0, "Total Cost": 8.29, "Plan Rows": 3, "Plan Width": 4}]}]}, {"Node Type": "Materialize", "Parent Relationship": "Inner", "Startup Cost": 0.0, "Total Cost": 8.49, "Plan Rows": 12, "Plan Width": 4, "Plans": [{"Node Type": "Index Only Scan", "Parent Relationship": "Outer", "Scan Direction": "Forward", "Index Name": "role_type_pkey", "Relation Name": "role_type", "Alias": "rt", "Startup Cost": 0.0, "Total Cost": 8.43, "Plan Rows": 12, "Plan Width": 4}]}]}, {"Node Type": "Index Scan", "Parent Relationship": "Inner", "Scan Direction": "Forward", "Index Name": "title_pkey", "Relation Name": "title", "Alias": "t", "Startup Cost": 0.0, "Total Cost": 0.34, "Plan Rows": 1, "Plan Width": 21, "Index Cond": "(id = mc.movie_id)", "Filter": "(production_year > 1990)"}]}]}, "Unique SQL Id": 3145361615}, "explain_analyze_plan": null}, "(1, 50)": {"explain_plan": {"Plan": {"Node Type": "Aggregate", "Strategy": "Plain", "Startup Cost": 15749262.27, "Total Cost": 15749262.28, "Plan Rows": 1, "Plan Width": 97, "Plans": [{"Node Type": "Nested Loop", "Parent Relationship": "Outer", "Join Type": "Inner", "Startup Cost": 1.89, "Total Cost": 15744415.21, "Plan Rows": 969413, "Plan Width": 33, "Inner Unique": true, "Plans": [{"Node Type": "Nested Loop", "Parent Relationship": "Outer", "Join Type": "Inner", "Startup Cost": 1.62, "Total Cost": 12737716.17, "Plan Rows": 699731, "Plan Width": 24, "Inner Unique": true, "Join Filter": "(ci.role_id = rt.id), (LLVM Optimized)", "Plans": [{"Node Type": "Nested Loop", "Parent Relationship": "Outer", "Join Type": "Inner", "Startup Cost": 1.62, "Total Cost": 12611763.44, "Plan Rows": 699731, "Plan Width": 28, "Inner Unique": true, "Join Filter": "(mc.company_type_id = ct.id), (LLVM Optimized)", "Plans": [{"Node Type": "Nested Loop", "Parent Relationship": "Outer", "Join Type": "Inner", "Startup Cost": 1.62, "Total Cost": 12580274.51, "Plan Rows": 699731, "Plan Width": 32, "Inner Unique": true, "Plans": [{"Node Type": "Nested Loop", "Parent Relationship": "Outer", "Join Type": "Inner", "Startup Cost": 1.33, "Total Cost": 6355299.51, "Plan Rows": 1443440, "Plan Width": 20, "Inner Unique": false, "Plans": [{"Node Type": "Nested Loop", "Parent Relationship": "Outer", "Join Type": "Inner", "Startup Cost": 0.82, "Total Cost": 444829.84, "Plan Rows": 1282311, "Plan Width": 8, "Inner Unique": false, "Plans": [{"Node Type": "Seq Scan", "Parent Relationship": "Outer", "Relation Name": "company_name", "Alias": "cn", "Startup Cost": 0.0, "Total Cost": 5903.45, "Plan Rows": 85170, "Plan Width": 4, "Filter": "((country_code)::text = '[us]'::text)"}, {"Node Type": "Bitmap Heap Scan", "Parent Relationship": "Inner", "Relation Name": "movie_companies", "Alias": "mc", "Startup Cost": 0.82, "Total Cost": 5.0, "Plan Rows": 15, "Plan Width": 12, "Recheck Cond": "(company_id = cn.id)", "Plans": [{"Node Type": "Bitmap Index Scan", "Parent Relationship": "Outer", "Index Name": "company_id_movie_companies", "Startup Cost": 0.0, "Total Cost": 0.81, "Plan Rows": 15, "Plan Width": 0, "Index Cond": "(company_id = cn.id)"}]}]}, {"Node Type": "Bitmap Heap Scan", "Parent Relationship": "Inner", "Relation Name": "cast_info", "Alias": "ci", "Startup Cost": 0.51, "Total Cost": 4.6, "Plan Rows": 1, "Plan Width": 12, "Recheck Cond": "(movie_id = mc.movie_id)", "Filter": "((note)::text ~~ '%(producer)%'::text)", "Plans": [{"Node Type": "Bitmap Index Scan", "Parent Relationship": "Outer", "Index Name": "movie_id_cast_info", "Startup Cost": 0.0, "Total Cost": 0.51, "Plan Rows": 6, "Plan Width": 0, "Index Cond": "(movie_id = mc.movie_id)"}]}]}, {"Node Type": "Bitmap Heap Scan", "Parent Relationship": "Inner", "Relation Name": "char_name", "Alias": "chn", "Startup Cost": 0.29, "Total Cost": 4.3, "Plan Rows": 1, "Plan Width": 20, "Recheck Cond": "(id = ci.person_role_id)", "Plans": [{"Node Type": "Bitmap Index Scan", "Parent Relationship": "Outer", "Index Name": "char_name_pkey", "Startup Cost": 0.0, "Total Cost": 0.29, "Plan Rows": 1, "Plan Width": 0, "Index Cond": "(id = ci.person_role_id)"}]}]}, {"Node Type": "Materialize", "Parent Relationship": "Inner", "Startup Cost": 0.0, "Total Cost": 1.04, "Plan Rows": 3, "Plan Width": 4, "Plans": [{"Node Type": "Seq Scan", "Parent Relationship": "Outer", "Relation Name": "company_type", "Alias": "ct", "Startup Cost": 0.0, "Total Cost": 1.03, "Plan Rows": 3, "Plan Width": 4}]}]}, {"Node Type": "Materialize", "Parent Relationship": "Inner", "Startup Cost": 0.0, "Total Cost": 1.18, "Plan Rows": 12, "Plan Width": 4, "Plans": [{"Node Type": "Seq Scan", "Parent Relationship": "Outer", "Relation Name": "role_type", "Alias": "rt", "Startup Cost": 0.0, "Total Cost": 1.12, "Plan Rows": 12, "Plan Width": 4}]}]}, {"Node Type": "Bitmap Heap Scan", "Parent Relationship": "Inner", "Relation Name": "title", "Alias": "t", "Startup Cost": 0.27, "Total Cost": 4.29, "Plan Rows": 1, "Plan Width": 21, "Recheck Cond": "(id = mc.movie_id)", "Filter": "(production_year > 1990)", "Plans": [{"Node Type": "Bitmap Index Scan", "Parent Relationship": "Outer", "Index Name": "title_pkey", "Startup Cost": 0.0, "Total Cost": 0.27, "Plan Rows": 1, "Plan Width": 0, "Index Cond": "(id = mc.movie_id)"}]}]}]}, "Unique SQL Id": 3145361615}, "explain_analyze_plan": null}, "(1, 51)": {"explain_plan": {"Plan": {"Node Type": "Aggregate", "Strategy": "Plain", "Startup Cost": 1000042785415.19, "Total Cost": 1000042785415.2, "Plan Rows": 1, "Plan Width": 97, "Plans": [{"Node Type": "Nested Loop", "Parent Relationship": "Outer", "Join Type": "Inner", "Startup Cost": 10000000001.85, "Total Cost": 1000042780568.12, "Plan Rows": 969413, "Plan Width": 33, "Inner Unique": true, "Plans": [{"Node Type": "Nested Loop", "Parent Relationship": "Outer", "Join Type": "Inner", "Startup Cost": 10000000001.59, "Total Cost": 1000038631235.16, "Plan Rows": 969413, "Plan Width": 37, "Inner Unique": true, "Plans": [{"Node Type": "Nested Loop", "Parent Relationship": "Outer", "Join Type": "Inner", "Startup Cost": 10000000001.32, "Total Cost": 1000035624536.13, "Plan Rows": 699731, "Plan Width": 28, "Inner Unique": true, "Plans": [{"Node Type": "Nested Loop", "Parent Relationship": "Outer", "Join Type": "Inner", "Startup Cost": 10000000001.06, "Total Cost": 1000032629508.62, "Plan Rows": 699731, "Plan Width": 32, "Inner Unique": true, "Plans": [{"Node Type": "Nested Loop", "Parent Relationship": "Outer", "Join Type": "Inner", "Startup Cost": 10000000000.77, "Total Cost": 1000026404533.61, "Plan Rows": 1443440, "Plan Width": 20, "Inner Unique": false, "Plans": [{"Node Type": "Nested Loop", "Parent Relationship": "Outer", "Join Type": "Inner", "Startup Cost": 10000000000.26, "Total Cost": 1000020494063.94, "Plan Rows": 1282311, "Plan Width": 8, "Inner Unique": true, "Plans": [{"Node Type": "Index Scan", "Parent Relationship": "Outer", "Scan Direction": "Forward", "Index Name": "company_type_id_movie_companies", "Relation Name": "movie_companies", "Alias": "mc", "Startup Cost": 10000000000.0, "Total Cost": 1000009318217.0, "Plan Rows": 2609128, "Plan Width": 12}, {"Node Type": "Bitmap Heap Scan", "Parent Relationship": "Inner", "Relation Name": "company_name", "Alias": "cn", "Startup Cost": 0.26, "Total Cost": 4.27, "Plan Rows": 1, "Plan Width": 4, "Recheck Cond": "(id = mc.company_id)", "Filter": "((country_code)::text = '[us]'::text)", "Plans": [{"Node Type": "Bitmap Index Scan", "Parent Relationship": "Outer", "Index Name": "company_name_pkey", "Startup Cost": 0.0, "Total Cost": 0.26, "Plan Rows": 1, "Plan Width": 0, "Index Cond": "(id = mc.company_id)"}]}]}, {"Node Type": "Bitmap Heap Scan", "Parent Relationship": "Inner", "Relation Name": "cast_info", "Alias": "ci", "Startup Cost": 0.51, "Total Cost": 4.6, "Plan Rows": 1, "Plan Width": 12, "Recheck Cond": "(movie_id = mc.movie_id)", "Filter": "((note)::text ~~ '%(producer)%'::text)", "Plans": [{"Node Type": "Bitmap Index Scan", "Parent Relationship": "Outer", "Index Name": "movie_id_cast_info", "Startup Cost": 0.0, "Total Cost": 0.51, "Plan Rows": 6, "Plan Width": 0, "Index Cond": "(movie_id = mc.movie_id)"}]}]}, {"Node Type": "Bitmap Heap Scan", "Parent Relationship": "Inner", "Relation Name": "char_name", "Alias": "chn", "Startup Cost": 0.29, "Total Cost": 4.3, "Plan Rows": 1, "Plan Width": 20, "Recheck Cond": "(id = ci.person_role_id)", "Plans": [{"Node Type": "Bitmap Index Scan", "Parent Relationship": "Outer", "Index Name": "char_name_pkey", "Startup Cost": 0.0, "Total Cost": 0.29, "Plan Rows": 1, "Plan Width": 0, "Index Cond": "(id = ci.person_role_id)"}]}]}, {"Node Type": "Bitmap Heap Scan", "Parent Relationship": "Inner", "Relation Name": "role_type", "Alias": "rt", "Startup Cost": 0.26, "Total Cost": 4.27, "Plan Rows": 1, "Plan Width": 4, "Recheck Cond": "(id = ci.role_id)", "Plans": [{"Node Type": "Bitmap Index Scan", "Parent Relationship": "Outer", "Index Name": "role_type_pkey", "Startup Cost": 0.0, "Total Cost": 0.26, "Plan Rows": 1, "Plan Width": 0, "Index Cond": "(id = ci.role_id)"}]}]}, {"Node Type": "Bitmap Heap Scan", "Parent Relationship": "Inner", "Relation Name": "title", "Alias": "t", "Startup Cost": 0.27, "Total Cost": 4.29, "Plan Rows": 1, "Plan Width": 21, "Recheck Cond": "(id = mc.movie_id)", "Filter": "(production_year > 1990)", "Plans": [{"Node Type": "Bitmap Index Scan", "Parent Relationship": "Outer", "Index Name": "title_pkey", "Startup Cost": 0.0, "Total Cost": 0.27, "Plan Rows": 1, "Plan Width": 0, "Index Cond": "(id = mc.movie_id)"}]}]}, {"Node Type": "Bitmap Heap Scan", "Parent Relationship": "Inner", "Relation Name": "company_type", "Alias": "ct", "Startup Cost": 0.26, "Total Cost": 4.27, "Plan Rows": 1, "Plan Width": 4, "Recheck Cond": "(id = mc.company_type_id)", "Plans": [{"Node Type": "Bitmap Index Scan", "Parent Relationship": "Outer", "Index Name": "company_type_pkey", "Startup Cost": 0.0, "Total Cost": 0.26, "Plan Rows": 1, "Plan Width": 0, "Index Cond": "(id = mc.company_type_id)"}]}]}]}, "Unique SQL Id": 3145361615}, "explain_analyze_plan": null}, "(1, 52)": {"explain_plan": {"Plan": {"Node Type": "Aggregate", "Strategy": "Plain", "Startup Cost": 2366619.22, "Total Cost": 2366619.23, "Plan Rows": 1, "Plan Width": 97, "Plans": [{"Node Type": "Nested Loop", "Parent Relationship": "Outer", "Join Type": "Inner", "Startup Cost": 0.0, "Total Cost": 2361772.15, "Plan Rows": 969413, "Plan Width": 33, "Inner Unique": true, "Plans": [{"Node Type": "Nested Loop", "Parent Relationship": "Outer", "Join Type": "Inner", "Startup Cost": 0.0, "Total Cost": 2116855.61, "Plan Rows": 699731, "Plan Width": 24, "Inner Unique": true, "Join Filter": "(mc.company_type_id = ct.id), (LLVM Optimized)", "Plans": [{"Node Type": "Nested Loop", "Parent Relationship": "Outer", "Join Type": "Inner", "Startup Cost": 0.0, "Total Cost": 2085366.68, "Plan Rows": 699731, "Plan Width": 28, "Inner Unique": true, "Plans": [{"Node Type": "Nested Loop", "Parent Relationship": "Outer", "Join Type": "Inner", "Startup Cost": 0.0, "Total Cost": 1675808.66, "Plan Rows": 1423748, "Plan Width": 32, "Inner Unique": false, "Plans": [{"Node Type": "Nested Loop", "Parent Relationship": "Outer", "Join Type": "Inner", "Startup Cost": 0.0, "Total Cost": 1410889.95, "Plan Rows": 696330, "Plan Width": 20, "Inner Unique": true, "Join Filter": "(ci.role_id = rt.id), (LLVM Optimized)", "Plans": [{"Node Type": "Nested Loop", "Parent Relationship": "Outer", "Join Type": "Inner", "Startup Cost": 0.0, "Total Cost": 1285549.4, "Plan Rows": 696330, "Plan Width": 24, "Inner Unique": true, "Plans": [{"Node Type": "Seq Scan", "Parent Relationship": "Outer", "Relation Name": "cast_info", "Alias": "ci", "Startup Cost": 0.0, "Total Cost": 692526.68, "Plan Rows": 1436424, "Plan Width": 12, "Filter": "((note)::text ~~ '%(producer)%'::text), (LLVM Optimized)"}, {"Node Type": "Index Scan", "Parent Relationship": "Inner", "Scan Direction": "Forward", "Index Name": "char_name_pkey", "Relation Name": "char_name", "Alias": "chn", "Startup Cost": 0.0, "Total Cost": 0.4, "Plan Rows": 1, "Plan Width": 20, "Index Cond": "(id = ci.person_role_id)"}]}, {"Node Type": "Materialize", "Parent Relationship": "Inner", "Startup Cost": 0.0, "Total Cost": 1.18, "Plan Rows": 12, "Plan Width": 4, "Plans": [{"Node Type": "Seq Scan", "Parent Relationship": "Outer", "Relation Name": "role_type", "Alias": "rt", "Startup Cost": 0.0, "Total Cost": 1.12, "Plan Rows": 12, "Plan Width": 4}]}]}, {"Node Type": "Index Scan", "Parent Relationship": "Inner", "Scan Direction": "Forward", "Index Name": "movie_id_movie_companies", "Relation Name": "movie_companies", "Alias": "mc", "Startup Cost": 0.0, "Total Cost": 0.36, "Plan Rows": 2, "Plan Width": 12, "Index Cond": "(movie_id = ci.movie_id)"}]}, {"Node Type": "Index Scan", "Parent Relationship": "Inner", "Scan Direction": "Forward", "Index Name": "company_name_pkey", "Relation Name": "company_name", "Alias": "cn", "Startup Cost": 0.0, "Total Cost": 0.28, "Plan Rows": 1, "Plan Width": 4, "Index Cond": "(id = mc.company_id)", "Filter": "((country_code)::text = '[us]'::text)"}]}, {"Node Type": "Materialize", "Parent Relationship": "Inner", "Startup Cost": 0.0, "Total Cost": 1.04, "Plan Rows": 3, "Plan Width": 4, "Plans": [{"Node Type": "Seq Scan", "Parent Relationship": "Outer", "Relation Name": "company_type", "Alias": "ct", "Startup Cost": 0.0, "Total Cost": 1.03, "Plan Rows": 3, "Plan Width": 4}]}]}, {"Node Type": "Index Scan", "Parent Relationship": "Inner", "Scan Direction": "Forward", "Index Name": "title_pkey", "Relation Name": "title", "Alias": "t", "Startup Cost": 0.0, "Total Cost": 0.34, "Plan Rows": 1, "Plan Width": 21, "Index Cond": "(id = mc.movie_id)", "Filter": "(production_year > 1990)"}]}]}, "Unique SQL Id": 3145361615}, "explain_analyze_plan": {"Plan": {"Node Type": "Aggregate", "Strategy": "Plain", "Startup Cost": 2366619.22, "Total Cost": 2366619.23, "Plan Rows": 1, "Plan Width": 97, "Actual Startup Time": 11345.176, "Actual Total Time": 11345.176, "Actual Rows": 1, "Actual Loops": 1, "Plans": [{"Node Type": "Nested Loop", "Parent Relationship": "Outer", "Join Type": "Inner", "Startup Cost": 0.0, "Total Cost": 2361772.15, "Plan Rows": 969413, "Plan Width": 33, "Actual Startup Time": 689.813, "Actual Total Time": 11345.132, "Actual Rows": 4, "Actual Loops": 1, "Inner Unique": true, "Plans": [{"Node Type": "Nested Loop", "Parent Relationship": "Outer", "Join Type": "Inner", "Startup Cost": 0.0, "Total Cost": 2116855.61, "Plan Rows": 699731, "Plan Width": 24, "Actual Startup Time": 689.795, "Actual Total Time": 11345.065, "Actual Rows": 6, "Actual Loops": 1, "Inner Unique": true, "Join Filter": "(mc.company_type_id = ct.id), (LLVM Optimized, Jit Execute)", "Rows Removed by Join Filter": 24, "Plans": [{"Node Type": "Nested Loop", "Parent Relationship": "Outer", "Join Type": "Inner", "Startup Cost": 0.0, "Total Cost": 2085366.68, "Plan Rows": 699731, "Plan Width": 28, "Actual Startup Time": 689.765, "Actual Total Time": 11345.022, "Actual Rows": 14, "Actual Loops": 1, "Inner Unique": true, "Plans": [{"Node Type": "Nested Loop", "Parent Relationship": "Outer", "Join Type": "Inner", "Startup Cost": 0.0, "Total Cost": 1675808.66, "Plan Rows": 1423748, "Plan Width": 32, "Actual Startup Time": 689.723, "Actual Total Time": 11344.545, "Actual Rows": 31, "Actual Loops": 1, "Inner Unique": false, "Plans": [{"Node Type": "Nested Loop", "Parent Relationship": "Outer", "Join Type": "Inner", "Startup Cost": 0.0, "Total Cost": 1410889.95, "Plan Rows": 696330, "Plan Width": 20, "Actual Startup Time": 689.587, "Actual Total Time": 11343.23, "Actual Rows": 15, "Actual Loops": 1, "Inner Unique": true, "Join Filter": "(ci.role_id = rt.id), (LLVM Optimized, Jit Execute)", "Rows Removed by Join Filter": 2, "Plans": [{"Node Type": "Nested Loop", "Parent Relationship": "Outer", "Join Type": "Inner", "Startup Cost": 0.0, "Total Cost": 1285549.4, "Plan Rows": 696330, "Plan Width": 24, "Actual Startup Time": 689.559, "Actual Total Time": 11343.104, "Actual Rows": 15, "Actual Loops": 1, "Inner Unique": true, "Plans": [{"Node Type": "Seq Scan", "Parent Relationship": "Outer", "Relation Name": "cast_info", "Alias": "ci", "Startup Cost": 0.0, "Total Cost": 692526.68, "Plan Rows": 1436424, "Plan Width": 12, "Actual Startup Time": 689.509, "Actual Total Time": 10582.164, "Actual Rows": 1435439, "Actual Loops": 1, "Filter": "((note)::text ~~ '%(producer)%'::text), (LLVM Optimized, Jit Execute)", "Rows Removed by Filter": 34808904}, {"Node Type": "Index Scan", "Parent Relationship": "Inner", "Scan Direction": "Forward", "Index Name": "char_name_pkey", "Relation Name": "char_name", "Alias": "chn", "Startup Cost": 0.0, "Total Cost": 0.4, "Plan Rows": 1, "Plan Width": 20, "Actual Startup Time": 233.516, "Actual Total Time": 233.516, "Actual Rows": 15, "Actual Loops": 1435439, "Index Cond": "(id = ci.person_role_id)", "Rows Removed by Index Recheck": 0}]}, {"Node Type": "Materialize", "Parent Relationship": "Inner", "Startup Cost": 0.0, "Total Cost": 1.18, "Plan Rows": 12, "Plan Width": 4, "Actual Startup Time": 0.042, "Actual Total Time": 0.05, "Actual Rows": 17, "Actual Loops": 15, "Plans": [{"Node Type": "Seq Scan", "Parent Relationship": "Outer", "Relation Name": "role_type", "Alias": "rt", "Startup Cost": 0.0, "Total Cost": 1.12, "Plan Rows": 12, "Plan Width": 4, "Actual Startup Time": 0.009, "Actual Total Time": 0.011, "Actual Rows": 2, "Actual Loops": 1}]}]}, {"Node Type": "Index Scan", "Parent Relationship": "Inner", "Scan Direction": "Forward", "Index Name": "movie_id_movie_companies", "Relation Name": "movie_companies", "Alias": "mc", "Startup Cost": 0.0, "Total Cost": 0.36, "Plan Rows": 2, "Plan Width": 12, "Actual Startup Time": 1.211, "Actual Total Time": 1.242, "Actual Rows": 31, "Actual Loops": 15, "Index Cond": "(movie_id = ci.movie_id)", "Rows Removed by Index Recheck": 0}]}, {"Node Type": "Index Scan", "Parent Relationship": "Inner", "Scan Direction": "Forward", "Index Name": "company_name_pkey", "Relation Name": "company_name", "Alias": "cn", "Startup Cost": 0.0, "Total Cost": 0.28, "Plan Rows": 1, "Plan Width": 4, "Actual Startup Time": 0.403, "Actual Total Time": 0.403, "Actual Rows": 14, "Actual Loops": 31, "Index Cond": "(id = mc.company_id)", "Rows Removed by Index Recheck": 0, "Filter": "((country_code)::text = '[us]'::text)", "Rows Removed by Filter": 17}]}, {"Node Type": "Materialize", "Parent Relationship": "Inner", "Startup Cost": 0.0, "Total Cost": 1.04, "Plan Rows": 3, "Plan Width": 4, "Actual Startup Time": 0.015, "Actual Total Time": 0.02, "Actual Rows": 30, "Actual Loops": 14, "Plans": [{"Node Type": "Seq Scan", "Parent Relationship": "Outer", "Relation Name": "company_type", "Alias": "ct", "Startup Cost": 0.0, "Total Cost": 1.03, "Plan Rows": 3, "Plan Width": 4, "Actual Startup Time": 0.005, "Actual Total Time": 0.006, "Actual Rows": 3, "Actual Loops": 1}]}]}, {"Node Type": "Index Scan", "Parent Relationship": "Inner", "Scan Direction": "Forward", "Index Name": "title_pkey", "Relation Name": "title", "Alias": "t", "Startup Cost": 0.0, "Total Cost": 0.34, "Plan Rows": 1, "Plan Width": 21, "Actual Startup Time": 0.052, "Actual Total Time": 0.052, "Actual Rows": 4, "Actual Loops": 6, "Index Cond": "(id = mc.movie_id)", "Rows Removed by Index Recheck": 0, "Filter": "(production_year > 1990)", "Rows Removed by Filter": 2}]}]}, "Triggers": [], "Planner Runtime": 3.457, "Total Runtime": 11355.065, "Unique SQL Id": 3145361615}}, "(1, 53)": {"explain_plan": {"Plan": {"Node Type": "Aggregate", "Strategy": "Plain", "Startup Cost": 2425787.29, "Total Cost": 2425787.3, "Plan Rows": 1, "Plan Width": 97, "Plans": [{"Node Type": "Nested Loop", "Parent Relationship": "Outer", "Join Type": "Inner", "Startup Cost": 0.0, "Total Cost": 2420940.22, "Plan Rows": 969413, "Plan Width": 33, "Inner Unique": true, "Plans": [{"Node Type": "Nested Loop", "Parent Relationship": "Outer", "Join Type": "Inner", "Startup Cost": 0.0, "Total Cost": 2176023.68, "Plan Rows": 699731, "Plan Width": 24, "Inner Unique": true, "Join Filter": "(ci.role_id = rt.id), (LLVM Optimized)", "Plans": [{"Node Type": "Nested Loop", "Parent Relationship": "Outer", "Join Type": "Inner", "Startup Cost": 0.0, "Total Cost": 2050059.64, "Plan Rows": 699731, "Plan Width": 28, "Inner Unique": true, "Join Filter": "(mc.company_type_id = ct.id), (LLVM Optimized)", "Plans": [{"Node Type": "Nested Loop", "Parent Relationship": "Outer", "Join Type": "Inner", "Startup Cost": 0.0, "Total Cost": 2018559.45, "Plan Rows": 699731, "Plan Width": 32, "Inner Unique": true, "Plans": [{"Node Type": "Nested Loop", "Parent Relationship": "Outer", "Join Type": "Inner", "Startup Cost": 0.0, "Total Cost": 1422640.19, "Plan Rows": 1443440, "Plan Width": 20, "Inner Unique": false, "Plans": [{"Node Type": "Nested Loop", "Parent Relationship": "Outer", "Join Type": "Inner", "Startup Cost": 0.0, "Total Cost": 171332.39, "Plan Rows": 1282311, "Plan Width": 8, "Inner Unique": false, "Plans": [{"Node Type": "Index Scan", "Parent Relationship": "Outer", "Scan Direction": "Forward", "Index Name": "company_name_pkey", "Relation Name": "company_name", "Alias": "cn", "Startup Cost": 0.0, "Total Cost": 10501.39, "Plan Rows": 85170, "Plan Width": 4, "Filter": "((country_code)::text = '[us]'::text)"}, {"Node Type": "Index Scan", "Parent Relationship": "Inner", "Scan Direction": "Forward", "Index Name": "company_id_movie_companies", "Relation Name": "movie_companies", "Alias": "mc", "Startup Cost": 0.0, "Total Cost": 1.74, "Plan Rows": 15, "Plan Width": 12, "Index Cond": "(company_id = cn.id)"}]}, {"Node Type": "Index Scan", "Parent Relationship": "Inner", "Scan Direction": "Forward", "Index Name": "movie_id_cast_info", "Relation Name": "cast_info", "Alias": "ci", "Startup Cost": 0.0, "Total Cost": 0.97, "Plan Rows": 1, "Plan Width": 12, "Index Cond": "(movie_id = mc.movie_id)", "Filter": "((note)::text ~~ '%(producer)%'::text)"}]}, {"Node Type": "Index Scan", "Parent Relationship": "Inner", "Scan Direction": "Forward", "Index Name": "char_name_pkey", "Relation Name": "char_name", "Alias": "chn", "Startup Cost": 0.0, "Total Cost": 0.4, "Plan Rows": 1, "Plan Width": 20, "Index Cond": "(id = ci.person_role_id)"}]}, {"Node Type": "Materialize", "Parent Relationship": "Inner", "Startup Cost": 0.0, "Total Cost": 12.31, "Plan Rows": 3, "Plan Width": 4, "Plans": [{"Node Type": "Index Scan", "Parent Relationship": "Outer", "Scan Direction": "Forward", "Index Name": "company_type_pkey", "Relation Name": "company_type", "Alias": "ct", "Startup Cost": 0.0, "Total Cost": 12.29, "Plan Rows": 3, "Plan Width": 4}]}]}, {"Node Type": "Materialize", "Parent Relationship": "Inner", "Startup Cost": 0.0, "Total Cost": 12.49, "Plan Rows": 12, "Plan Width": 4, "Plans": [{"Node Type": "Index Scan", "Parent Relationship": "Outer", "Scan Direction": "Forward", "Index Name": "role_type_pkey", "Relation Name": "role_type", "Alias": "rt", "Startup Cost": 0.0, "Total Cost": 12.43, "Plan Rows": 12, "Plan Width": 4}]}]}, {"Node Type": "Index Scan", "Parent Relationship": "Inner", "Scan Direction": "Forward", "Index Name": "title_pkey", "Relation Name": "title", "Alias": "t", "Startup Cost": 0.0, "Total Cost": 0.34, "Plan Rows": 1, "Plan Width": 21, "Index Cond": "(id = mc.movie_id)", "Filter": "(production_year > 1990)"}]}]}, "Unique SQL Id": 3145361615}, "explain_analyze_plan": null}, "(1, 54)": {"explain_plan": {"Plan": {"Node Type": "Aggregate", "Strategy": "Plain", "Startup Cost": 15749262.27, "Total Cost": 15749262.28, "Plan Rows": 1, "Plan Width": 97, "Plans": [{"Node Type": "Nested Loop", "Parent Relationship": "Outer", "Join Type": "Inner", "Startup Cost": 1.89, "Total Cost": 15744415.21, "Plan Rows": 969413, "Plan Width": 33, "Inner Unique": true, "Plans": [{"Node Type": "Nested Loop", "Parent Relationship": "Outer", "Join Type": "Inner", "Startup Cost": 1.62, "Total Cost": 12737716.17, "Plan Rows": 699731, "Plan Width": 24, "Inner Unique": true, "Join Filter": "(ci.role_id = rt.id), (LLVM Optimized)", "Plans": [{"Node Type": "Nested Loop", "Parent Relationship": "Outer", "Join Type": "Inner", "Startup Cost": 1.62, "Total Cost": 12611763.44, "Plan Rows": 699731, "Plan Width": 28, "Inner Unique": true, "Join Filter": "(mc.company_type_id = ct.id), (LLVM Optimized)", "Plans": [{"Node Type": "Nested Loop", "Parent Relationship": "Outer", "Join Type": "Inner", "Startup Cost": 1.62, "Total Cost": 12580274.51, "Plan Rows": 699731, "Plan Width": 32, "Inner Unique": true, "Plans": [{"Node Type": "Nested Loop", "Parent Relationship": "Outer", "Join Type": "Inner", "Startup Cost": 1.33, "Total Cost": 6355299.51, "Plan Rows": 1443440, "Plan Width": 20, "Inner Unique": false, "Plans": [{"Node Type": "Nested Loop", "Parent Relationship": "Outer", "Join Type": "Inner", "Startup Cost": 0.82, "Total Cost": 444829.84, "Plan Rows": 1282311, "Plan Width": 8, "Inner Unique": false, "Plans": [{"Node Type": "Seq Scan", "Parent Relationship": "Outer", "Relation Name": "company_name", "Alias": "cn", "Startup Cost": 0.0, "Total Cost": 5903.45, "Plan Rows": 85170, "Plan Width": 4, "Filter": "((country_code)::text = '[us]'::text)"}, {"Node Type": "Bitmap Heap Scan", "Parent Relationship": "Inner", "Relation Name": "movie_companies", "Alias": "mc", "Startup Cost": 0.82, "Total Cost": 5.0, "Plan Rows": 15, "Plan Width": 12, "Recheck Cond": "(company_id = cn.id)", "Plans": [{"Node Type": "Bitmap Index Scan", "Parent Relationship": "Outer", "Index Name": "company_id_movie_companies", "Startup Cost": 0.0, "Total Cost": 0.81, "Plan Rows": 15, "Plan Width": 0, "Index Cond": "(company_id = cn.id)"}]}]}, {"Node Type": "Bitmap Heap Scan", "Parent Relationship": "Inner", "Relation Name": "cast_info", "Alias": "ci", "Startup Cost": 0.51, "Total Cost": 4.6, "Plan Rows": 1, "Plan Width": 12, "Recheck Cond": "(movie_id = mc.movie_id)", "Filter": "((note)::text ~~ '%(producer)%'::text)", "Plans": [{"Node Type": "Bitmap Index Scan", "Parent Relationship": "Outer", "Index Name": "movie_id_cast_info", "Startup Cost": 0.0, "Total Cost": 0.51, "Plan Rows": 6, "Plan Width": 0, "Index Cond": "(movie_id = mc.movie_id)"}]}]}, {"Node Type": "Bitmap Heap Scan", "Parent Relationship": "Inner", "Relation Name": "char_name", "Alias": "chn", "Startup Cost": 0.29, "Total Cost": 4.3, "Plan Rows": 1, "Plan Width": 20, "Recheck Cond": "(id = ci.person_role_id)", "Plans": [{"Node Type": "Bitmap Index Scan", "Parent Relationship": "Outer", "Index Name": "char_name_pkey", "Startup Cost": 0.0, "Total Cost": 0.29, "Plan Rows": 1, "Plan Width": 0, "Index Cond": "(id = ci.person_role_id)"}]}]}, {"Node Type": "Materialize", "Parent Relationship": "Inner", "Startup Cost": 0.0, "Total Cost": 1.04, "Plan Rows": 3, "Plan Width": 4, "Plans": [{"Node Type": "Seq Scan", "Parent Relationship": "Outer", "Relation Name": "company_type", "Alias": "ct", "Startup Cost": 0.0, "Total Cost": 1.03, "Plan Rows": 3, "Plan Width": 4}]}]}, {"Node Type": "Materialize", "Parent Relationship": "Inner", "Startup Cost": 0.0, "Total Cost": 1.18, "Plan Rows": 12, "Plan Width": 4, "Plans": [{"Node Type": "Seq Scan", "Parent Relationship": "Outer", "Relation Name": "role_type", "Alias": "rt", "Startup Cost": 0.0, "Total Cost": 1.12, "Plan Rows": 12, "Plan Width": 4}]}]}, {"Node Type": "Bitmap Heap Scan", "Parent Relationship": "Inner", "Relation Name": "title", "Alias": "t", "Startup Cost": 0.27, "Total Cost": 4.29, "Plan Rows": 1, "Plan Width": 21, "Recheck Cond": "(id = mc.movie_id)", "Filter": "(production_year > 1990)", "Plans": [{"Node Type": "Bitmap Index Scan", "Parent Relationship": "Outer", "Index Name": "title_pkey", "Startup Cost": 0.0, "Total Cost": 0.27, "Plan Rows": 1, "Plan Width": 0, "Index Cond": "(id = mc.movie_id)"}]}]}]}, "Unique SQL Id": 3145361615}, "explain_analyze_plan": null}, "(1, 55)": {"explain_plan": {"Plan": {"Node Type": "Aggregate", "Strategy": "Plain", "Startup Cost": 1000042785415.19, "Total Cost": 1000042785415.2, "Plan Rows": 1, "Plan Width": 97, "Plans": [{"Node Type": "Nested Loop", "Parent Relationship": "Outer", "Join Type": "Inner", "Startup Cost": 10000000001.85, "Total Cost": 1000042780568.12, "Plan Rows": 969413, "Plan Width": 33, "Inner Unique": true, "Plans": [{"Node Type": "Nested Loop", "Parent Relationship": "Outer", "Join Type": "Inner", "Startup Cost": 10000000001.59, "Total Cost": 1000038631235.16, "Plan Rows": 969413, "Plan Width": 37, "Inner Unique": true, "Plans": [{"Node Type": "Nested Loop", "Parent Relationship": "Outer", "Join Type": "Inner", "Startup Cost": 10000000001.32, "Total Cost": 1000035624536.13, "Plan Rows": 699731, "Plan Width": 28, "Inner Unique": true, "Plans": [{"Node Type": "Nested Loop", "Parent Relationship": "Outer", "Join Type": "Inner", "Startup Cost": 10000000001.06, "Total Cost": 1000032629508.62, "Plan Rows": 699731, "Plan Width": 32, "Inner Unique": true, "Plans": [{"Node Type": "Nested Loop", "Parent Relationship": "Outer", "Join Type": "Inner", "Startup Cost": 10000000000.77, "Total Cost": 1000026404533.61, "Plan Rows": 1443440, "Plan Width": 20, "Inner Unique": false, "Plans": [{"Node Type": "Nested Loop", "Parent Relationship": "Outer", "Join Type": "Inner", "Startup Cost": 10000000000.26, "Total Cost": 1000020494063.94, "Plan Rows": 1282311, "Plan Width": 8, "Inner Unique": true, "Plans": [{"Node Type": "Index Scan", "Parent Relationship": "Outer", "Scan Direction": "Forward", "Index Name": "company_type_id_movie_companies", "Relation Name": "movie_companies", "Alias": "mc", "Startup Cost": 10000000000.0, "Total Cost": 1000009318217.0, "Plan Rows": 2609128, "Plan Width": 12}, {"Node Type": "Bitmap Heap Scan", "Parent Relationship": "Inner", "Relation Name": "company_name", "Alias": "cn", "Startup Cost": 0.26, "Total Cost": 4.27, "Plan Rows": 1, "Plan Width": 4, "Recheck Cond": "(id = mc.company_id)", "Filter": "((country_code)::text = '[us]'::text)", "Plans": [{"Node Type": "Bitmap Index Scan", "Parent Relationship": "Outer", "Index Name": "company_name_pkey", "Startup Cost": 0.0, "Total Cost": 0.26, "Plan Rows": 1, "Plan Width": 0, "Index Cond": "(id = mc.company_id)"}]}]}, {"Node Type": "Bitmap Heap Scan", "Parent Relationship": "Inner", "Relation Name": "cast_info", "Alias": "ci", "Startup Cost": 0.51, "Total Cost": 4.6, "Plan Rows": 1, "Plan Width": 12, "Recheck Cond": "(movie_id = mc.movie_id)", "Filter": "((note)::text ~~ '%(producer)%'::text)", "Plans": [{"Node Type": "Bitmap Index Scan", "Parent Relationship": "Outer", "Index Name": "movie_id_cast_info", "Startup Cost": 0.0, "Total Cost": 0.51, "Plan Rows": 6, "Plan Width": 0, "Index Cond": "(movie_id = mc.movie_id)"}]}]}, {"Node Type": "Bitmap Heap Scan", "Parent Relationship": "Inner", "Relation Name": "char_name", "Alias": "chn", "Startup Cost": 0.29, "Total Cost": 4.3, "Plan Rows": 1, "Plan Width": 20, "Recheck Cond": "(id = ci.person_role_id)", "Plans": [{"Node Type": "Bitmap Index Scan", "Parent Relationship": "Outer", "Index Name": "char_name_pkey", "Startup Cost": 0.0, "Total Cost": 0.29, "Plan Rows": 1, "Plan Width": 0, "Index Cond": "(id = ci.person_role_id)"}]}]}, {"Node Type": "Bitmap Heap Scan", "Parent Relationship": "Inner", "Relation Name": "role_type", "Alias": "rt", "Startup Cost": 0.26, "Total Cost": 4.27, "Plan Rows": 1, "Plan Width": 4, "Recheck Cond": "(id = ci.role_id)", "Plans": [{"Node Type": "Bitmap Index Scan", "Parent Relationship": "Outer", "Index Name": "role_type_pkey", "Startup Cost": 0.0, "Total Cost": 0.26, "Plan Rows": 1, "Plan Width": 0, "Index Cond": "(id = ci.role_id)"}]}]}, {"Node Type": "Bitmap Heap Scan", "Parent Relationship": "Inner", "Relation Name": "title", "Alias": "t", "Startup Cost": 0.27, "Total Cost": 4.29, "Plan Rows": 1, "Plan Width": 21, "Recheck Cond": "(id = mc.movie_id)", "Filter": "(production_year > 1990)", "Plans": [{"Node Type": "Bitmap Index Scan", "Parent Relationship": "Outer", "Index Name": "title_pkey", "Startup Cost": 0.0, "Total Cost": 0.27, "Plan Rows": 1, "Plan Width": 0, "Index Cond": "(id = mc.movie_id)"}]}]}, {"Node Type": "Bitmap Heap Scan", "Parent Relationship": "Inner", "Relation Name": "company_type", "Alias": "ct", "Startup Cost": 0.26, "Total Cost": 4.27, "Plan Rows": 1, "Plan Width": 4, "Recheck Cond": "(id = mc.company_type_id)", "Plans": [{"Node Type": "Bitmap Index Scan", "Parent Relationship": "Outer", "Index Name": "company_type_pkey", "Startup Cost": 0.0, "Total Cost": 0.26, "Plan Rows": 1, "Plan Width": 0, "Index Cond": "(id = mc.company_type_id)"}]}]}]}, "Unique SQL Id": 3145361615}, "explain_analyze_plan": null}, "(1, 56)": {"explain_plan": {"Plan": {"Node Type": "Aggregate", "Strategy": "Plain", "Startup Cost": 2366619.22, "Total Cost": 2366619.23, "Plan Rows": 1, "Plan Width": 97, "Plans": [{"Node Type": "Nested Loop", "Parent Relationship": "Outer", "Join Type": "Inner", "Startup Cost": 0.0, "Total Cost": 2361772.15, "Plan Rows": 969413, "Plan Width": 33, "Inner Unique": true, "Plans": [{"Node Type": "Nested Loop", "Parent Relationship": "Outer", "Join Type": "Inner", "Startup Cost": 0.0, "Total Cost": 2116855.61, "Plan Rows": 699731, "Plan Width": 24, "Inner Unique": true, "Join Filter": "(mc.company_type_id = ct.id), (LLVM Optimized)", "Plans": [{"Node Type": "Nested Loop", "Parent Relationship": "Outer", "Join Type": "Inner", "Startup Cost": 0.0, "Total Cost": 2085366.68, "Plan Rows": 699731, "Plan Width": 28, "Inner Unique": true, "Plans": [{"Node Type": "Nested Loop", "Parent Relationship": "Outer", "Join Type": "Inner", "Startup Cost": 0.0, "Total Cost": 1675808.66, "Plan Rows": 1423748, "Plan Width": 32, "Inner Unique": false, "Plans": [{"Node Type": "Nested Loop", "Parent Relationship": "Outer", "Join Type": "Inner", "Startup Cost": 0.0, "Total Cost": 1410889.95, "Plan Rows": 696330, "Plan Width": 20, "Inner Unique": true, "Join Filter": "(ci.role_id = rt.id), (LLVM Optimized)", "Plans": [{"Node Type": "Nested Loop", "Parent Relationship": "Outer", "Join Type": "Inner", "Startup Cost": 0.0, "Total Cost": 1285549.4, "Plan Rows": 696330, "Plan Width": 24, "Inner Unique": true, "Plans": [{"Node Type": "Seq Scan", "Parent Relationship": "Outer", "Relation Name": "cast_info", "Alias": "ci", "Startup Cost": 0.0, "Total Cost": 692526.68, "Plan Rows": 1436424, "Plan Width": 12, "Filter": "((note)::text ~~ '%(producer)%'::text), (LLVM Optimized)"}, {"Node Type": "Index Scan", "Parent Relationship": "Inner", "Scan Direction": "Forward", "Index Name": "char_name_pkey", "Relation Name": "char_name", "Alias": "chn", "Startup Cost": 0.0, "Total Cost": 0.4, "Plan Rows": 1, "Plan Width": 20, "Index Cond": "(id = ci.person_role_id)"}]}, {"Node Type": "Materialize", "Parent Relationship": "Inner", "Startup Cost": 0.0, "Total Cost": 1.18, "Plan Rows": 12, "Plan Width": 4, "Plans": [{"Node Type": "Seq Scan", "Parent Relationship": "Outer", "Relation Name": "role_type", "Alias": "rt", "Startup Cost": 0.0, "Total Cost": 1.12, "Plan Rows": 12, "Plan Width": 4}]}]}, {"Node Type": "Index Scan", "Parent Relationship": "Inner", "Scan Direction": "Forward", "Index Name": "movie_id_movie_companies", "Relation Name": "movie_companies", "Alias": "mc", "Startup Cost": 0.0, "Total Cost": 0.36, "Plan Rows": 2, "Plan Width": 12, "Index Cond": "(movie_id = ci.movie_id)"}]}, {"Node Type": "Index Scan", "Parent Relationship": "Inner", "Scan Direction": "Forward", "Index Name": "company_name_pkey", "Relation Name": "company_name", "Alias": "cn", "Startup Cost": 0.0, "Total Cost": 0.28, "Plan Rows": 1, "Plan Width": 4, "Index Cond": "(id = mc.company_id)", "Filter": "((country_code)::text = '[us]'::text)"}]}, {"Node Type": "Materialize", "Parent Relationship": "Inner", "Startup Cost": 0.0, "Total Cost": 1.04, "Plan Rows": 3, "Plan Width": 4, "Plans": [{"Node Type": "Seq Scan", "Parent Relationship": "Outer", "Relation Name": "company_type", "Alias": "ct", "Startup Cost": 0.0, "Total Cost": 1.03, "Plan Rows": 3, "Plan Width": 4}]}]}, {"Node Type": "Index Scan", "Parent Relationship": "Inner", "Scan Direction": "Forward", "Index Name": "title_pkey", "Relation Name": "title", "Alias": "t", "Startup Cost": 0.0, "Total Cost": 0.34, "Plan Rows": 1, "Plan Width": 21, "Index Cond": "(id = mc.movie_id)", "Filter": "(production_year > 1990)"}]}]}, "Unique SQL Id": 3145361615}, "explain_analyze_plan": {"Plan": {"Node Type": "Aggregate", "Strategy": "Plain", "Startup Cost": 2366619.22, "Total Cost": 2366619.23, "Plan Rows": 1, "Plan Width": 97, "Actual Startup Time": 11345.176, "Actual Total Time": 11345.176, "Actual Rows": 1, "Actual Loops": 1, "Plans": [{"Node Type": "Nested Loop", "Parent Relationship": "Outer", "Join Type": "Inner", "Startup Cost": 0.0, "Total Cost": 2361772.15, "Plan Rows": 969413, "Plan Width": 33, "Actual Startup Time": 689.813, "Actual Total Time": 11345.132, "Actual Rows": 4, "Actual Loops": 1, "Inner Unique": true, "Plans": [{"Node Type": "Nested Loop", "Parent Relationship": "Outer", "Join Type": "Inner", "Startup Cost": 0.0, "Total Cost": 2116855.61, "Plan Rows": 699731, "Plan Width": 24, "Actual Startup Time": 689.795, "Actual Total Time": 11345.065, "Actual Rows": 6, "Actual Loops": 1, "Inner Unique": true, "Join Filter": "(mc.company_type_id = ct.id), (LLVM Optimized, Jit Execute)", "Rows Removed by Join Filter": 24, "Plans": [{"Node Type": "Nested Loop", "Parent Relationship": "Outer", "Join Type": "Inner", "Startup Cost": 0.0, "Total Cost": 2085366.68, "Plan Rows": 699731, "Plan Width": 28, "Actual Startup Time": 689.765, "Actual Total Time": 11345.022, "Actual Rows": 14, "Actual Loops": 1, "Inner Unique": true, "Plans": [{"Node Type": "Nested Loop", "Parent Relationship": "Outer", "Join Type": "Inner", "Startup Cost": 0.0, "Total Cost": 1675808.66, "Plan Rows": 1423748, "Plan Width": 32, "Actual Startup Time": 689.723, "Actual Total Time": 11344.545, "Actual Rows": 31, "Actual Loops": 1, "Inner Unique": false, "Plans": [{"Node Type": "Nested Loop", "Parent Relationship": "Outer", "Join Type": "Inner", "Startup Cost": 0.0, "Total Cost": 1410889.95, "Plan Rows": 696330, "Plan Width": 20, "Actual Startup Time": 689.587, "Actual Total Time": 11343.23, "Actual Rows": 15, "Actual Loops": 1, "Inner Unique": true, "Join Filter": "(ci.role_id = rt.id), (LLVM Optimized, Jit Execute)", "Rows Removed by Join Filter": 2, "Plans": [{"Node Type": "Nested Loop", "Parent Relationship": "Outer", "Join Type": "Inner", "Startup Cost": 0.0, "Total Cost": 1285549.4, "Plan Rows": 696330, "Plan Width": 24, "Actual Startup Time": 689.559, "Actual Total Time": 11343.104, "Actual Rows": 15, "Actual Loops": 1, "Inner Unique": true, "Plans": [{"Node Type": "Seq Scan", "Parent Relationship": "Outer", "Relation Name": "cast_info", "Alias": "ci", "Startup Cost": 0.0, "Total Cost": 692526.68, "Plan Rows": 1436424, "Plan Width": 12, "Actual Startup Time": 689.509, "Actual Total Time": 10582.164, "Actual Rows": 1435439, "Actual Loops": 1, "Filter": "((note)::text ~~ '%(producer)%'::text), (LLVM Optimized, Jit Execute)", "Rows Removed by Filter": 34808904}, {"Node Type": "Index Scan", "Parent Relationship": "Inner", "Scan Direction": "Forward", "Index Name": "char_name_pkey", "Relation Name": "char_name", "Alias": "chn", "Startup Cost": 0.0, "Total Cost": 0.4, "Plan Rows": 1, "Plan Width": 20, "Actual Startup Time": 233.516, "Actual Total Time": 233.516, "Actual Rows": 15, "Actual Loops": 1435439, "Index Cond": "(id = ci.person_role_id)", "Rows Removed by Index Recheck": 0}]}, {"Node Type": "Materialize", "Parent Relationship": "Inner", "Startup Cost": 0.0, "Total Cost": 1.18, "Plan Rows": 12, "Plan Width": 4, "Actual Startup Time": 0.042, "Actual Total Time": 0.05, "Actual Rows": 17, "Actual Loops": 15, "Plans": [{"Node Type": "Seq Scan", "Parent Relationship": "Outer", "Relation Name": "role_type", "Alias": "rt", "Startup Cost": 0.0, "Total Cost": 1.12, "Plan Rows": 12, "Plan Width": 4, "Actual Startup Time": 0.009, "Actual Total Time": 0.011, "Actual Rows": 2, "Actual Loops": 1}]}]}, {"Node Type": "Index Scan", "Parent Relationship": "Inner", "Scan Direction": "Forward", "Index Name": "movie_id_movie_companies", "Relation Name": "movie_companies", "Alias": "mc", "Startup Cost": 0.0, "Total Cost": 0.36, "Plan Rows": 2, "Plan Width": 12, "Actual Startup Time": 1.211, "Actual Total Time": 1.242, "Actual Rows": 31, "Actual Loops": 15, "Index Cond": "(movie_id = ci.movie_id)", "Rows Removed by Index Recheck": 0}]}, {"Node Type": "Index Scan", "Parent Relationship": "Inner", "Scan Direction": "Forward", "Index Name": "company_name_pkey", "Relation Name": "company_name", "Alias": "cn", "Startup Cost": 0.0, "Total Cost": 0.28, "Plan Rows": 1, "Plan Width": 4, "Actual Startup Time": 0.403, "Actual Total Time": 0.403, "Actual Rows": 14, "Actual Loops": 31, "Index Cond": "(id = mc.company_id)", "Rows Removed by Index Recheck": 0, "Filter": "((country_code)::text = '[us]'::text)", "Rows Removed by Filter": 17}]}, {"Node Type": "Materialize", "Parent Relationship": "Inner", "Startup Cost": 0.0, "Total Cost": 1.04, "Plan Rows": 3, "Plan Width": 4, "Actual Startup Time": 0.015, "Actual Total Time": 0.02, "Actual Rows": 30, "Actual Loops": 14, "Plans": [{"Node Type": "Seq Scan", "Parent Relationship": "Outer", "Relation Name": "company_type", "Alias": "ct", "Startup Cost": 0.0, "Total Cost": 1.03, "Plan Rows": 3, "Plan Width": 4, "Actual Startup Time": 0.005, "Actual Total Time": 0.006, "Actual Rows": 3, "Actual Loops": 1}]}]}, {"Node Type": "Index Scan", "Parent Relationship": "Inner", "Scan Direction": "Forward", "Index Name": "title_pkey", "Relation Name": "title", "Alias": "t", "Startup Cost": 0.0, "Total Cost": 0.34, "Plan Rows": 1, "Plan Width": 21, "Actual Startup Time": 0.052, "Actual Total Time": 0.052, "Actual Rows": 4, "Actual Loops": 6, "Index Cond": "(id = mc.movie_id)", "Rows Removed by Index Recheck": 0, "Filter": "(production_year > 1990)", "Rows Removed by Filter": 2}]}]}, "Triggers": [], "Planner Runtime": 3.457, "Total Runtime": 11355.065, "Unique SQL Id": 3145361615}}, "(1, 57)": {"explain_plan": {"Plan": {"Node Type": "Aggregate", "Strategy": "Plain", "Startup Cost": 2425779.29, "Total Cost": 2425779.3, "Plan Rows": 1, "Plan Width": 97, "Plans": [{"Node Type": "Nested Loop", "Parent Relationship": "Outer", "Join Type": "Inner", "Startup Cost": 0.0, "Total Cost": 2420932.22, "Plan Rows": 969413, "Plan Width": 33, "Inner Unique": true, "Plans": [{"Node Type": "Nested Loop", "Parent Relationship": "Outer", "Join Type": "Inner", "Startup Cost": 0.0, "Total Cost": 2176015.68, "Plan Rows": 699731, "Plan Width": 24, "Inner Unique": true, "Join Filter": "(ci.role_id = rt.id), (LLVM Optimized)", "Plans": [{"Node Type": "Nested Loop", "Parent Relationship": "Outer", "Join Type": "Inner", "Startup Cost": 0.0, "Total Cost": 2050055.64, "Plan Rows": 699731, "Plan Width": 28, "Inner Unique": true, "Join Filter": "(mc.company_type_id = ct.id), (LLVM Optimized)", "Plans": [{"Node Type": "Nested Loop", "Parent Relationship": "Outer", "Join Type": "Inner", "Startup Cost": 0.0, "Total Cost": 2018559.45, "Plan Rows": 699731, "Plan Width": 32, "Inner Unique": true, "Plans": [{"Node Type": "Nested Loop", "Parent Relationship": "Outer", "Join Type": "Inner", "Startup Cost": 0.0, "Total Cost": 1422640.19, "Plan Rows": 1443440, "Plan Width": 20, "Inner Unique": false, "Plans": [{"Node Type": "Nested Loop", "Parent Relationship": "Outer", "Join Type": "Inner", "Startup Cost": 0.0, "Total Cost": 171332.39, "Plan Rows": 1282311, "Plan Width": 8, "Inner Unique": false, "Plans": [{"Node Type": "Index Scan", "Parent Relationship": "Outer", "Scan Direction": "Forward", "Index Name": "company_name_pkey", "Relation Name": "company_name", "Alias": "cn", "Startup Cost": 0.0, "Total Cost": 10501.39, "Plan Rows": 85170, "Plan Width": 4, "Filter": "((country_code)::text = '[us]'::text)"}, {"Node Type": "Index Scan", "Parent Relationship": "Inner", "Scan Direction": "Forward", "Index Name": "company_id_movie_companies", "Relation Name": "movie_companies", "Alias": "mc", "Startup Cost": 0.0, "Total Cost": 1.74, "Plan Rows": 15, "Plan Width": 12, "Index Cond": "(company_id = cn.id)"}]}, {"Node Type": "Index Scan", "Parent Relationship": "Inner", "Scan Direction": "Forward", "Index Name": "movie_id_cast_info", "Relation Name": "cast_info", "Alias": "ci", "Startup Cost": 0.0, "Total Cost": 0.97, "Plan Rows": 1, "Plan Width": 12, "Index Cond": "(movie_id = mc.movie_id)", "Filter": "((note)::text ~~ '%(producer)%'::text)"}]}, {"Node Type": "Index Scan", "Parent Relationship": "Inner", "Scan Direction": "Forward", "Index Name": "char_name_pkey", "Relation Name": "char_name", "Alias": "chn", "Startup Cost": 0.0, "Total Cost": 0.4, "Plan Rows": 1, "Plan Width": 20, "Index Cond": "(id = ci.person_role_id)"}]}, {"Node Type": "Materialize", "Parent Relationship": "Inner", "Startup Cost": 0.0, "Total Cost": 8.31, "Plan Rows": 3, "Plan Width": 4, "Plans": [{"Node Type": "Index Only Scan", "Parent Relationship": "Outer", "Scan Direction": "Forward", "Index Name": "company_type_pkey", "Relation Name": "company_type", "Alias": "ct", "Startup Cost": 0.0, "Total Cost": 8.29, "Plan Rows": 3, "Plan Width": 4}]}]}, {"Node Type": "Materialize", "Parent Relationship": "Inner", "Startup Cost": 0.0, "Total Cost": 8.49, "Plan Rows": 12, "Plan Width": 4, "Plans": [{"Node Type": "Index Only Scan", "Parent Relationship": "Outer", "Scan Direction": "Forward", "Index Name": "role_type_pkey", "Relation Name": "role_type", "Alias": "rt", "Startup Cost": 0.0, "Total Cost": 8.43, "Plan Rows": 12, "Plan Width": 4}]}]}, {"Node Type": "Index Scan", "Parent Relationship": "Inner", "Scan Direction": "Forward", "Index Name": "title_pkey", "Relation Name": "title", "Alias": "t", "Startup Cost": 0.0, "Total Cost": 0.34, "Plan Rows": 1, "Plan Width": 21, "Index Cond": "(id = mc.movie_id)", "Filter": "(production_year > 1990)"}]}]}, "Unique SQL Id": 3145361615}, "explain_analyze_plan": null}, "(1, 58)": {"explain_plan": {"Plan": {"Node Type": "Aggregate", "Strategy": "Plain", "Startup Cost": 102746625357.49, "Total Cost": 102746625357.5, "Plan Rows": 1, "Plan Width": 97, "Plans": [{"Node Type": "Nested Loop", "Parent Relationship": "Outer", "Join Type": "Inner", "Startup Cost": 0.0, "Total Cost": 102746620510.42, "Plan Rows": 969413, "Plan Width": 33, "Inner Unique": false, "Join Filter": "(mc.movie_id = t.id), (LLVM Optimized)", "Plans": [{"Node Type": "Seq Scan", "Parent Relationship": "Outer", "Relation Name": "title", "Alias": "t", "Startup Cost": 0.0, "Total Cost": 66389.89, "Plan Rows": 1748840, "Plan Width": 21, "Filter": "(production_year > 1990), (LLVM Optimized)"}, {"Node Type": "Materialize", "Parent Relationship": "Inner", "Startup Cost": 0.0, "Total Cost": 84390792439.26, "Plan Rows": 699731, "Plan Width": 24, "Plans": [{"Node Type": "Nested Loop", "Parent Relationship": "Outer", "Join Type": "Inner", "Startup Cost": 0.0, "Total Cost": 84390788940.61, "Plan Rows": 699731, "Plan Width": 24, "Inner Unique": true, "Join Filter": "(mc.company_type_id = ct.id), (LLVM Optimized)", "Plans": [{"Node Type": "Nested Loop", "Parent Relationship": "Outer", "Join Type": "Inner", "Startup Cost": 0.0, "Total Cost": 84390757451.68, "Plan Rows": 699731, "Plan Width": 28, "Inner Unique": false, "Join Filter": "(mc.movie_id = ci.movie_id), (LLVM Optimized)", "Plans": [{"Node Type": "Nested Loop", "Parent Relationship": "Outer", "Join Type": "Inner", "Startup Cost": 0.0, "Total Cost": 3333339410.06, "Plan Rows": 1282311, "Plan Width": 8, "Inner Unique": true, "Join Filter": "(cn.id = mc.company_id), (LLVM Optimized)", "Plans": [{"Node Type": "Seq Scan", "Parent Relationship": "Outer", "Relation Name": "movie_companies", "Alias": "mc", "Startup Cost": 0.0, "Total Cost": 41817.28, "Plan Rows": 2609128, "Plan Width": 12}, {"Node Type": "Materialize", "Parent Relationship": "Inner", "Startup Cost": 0.0, "Total Cost": 6329.3, "Plan Rows": 85170, "Plan Width": 4, "Plans": [{"Node Type": "Seq Scan", "Parent Relationship": "Outer", "Relation Name": "company_name", "Alias": "cn", "Startup Cost": 0.0, "Total Cost": 5903.45, "Plan Rows": 85170, "Plan Width": 4, "Filter": "((country_code)::text = '[us]'::text)"}]}]}, {"Node Type": "Materialize", "Parent Relationship": "Inner", "Startup Cost": 0.0, "Total Cost": 67663745503.0, "Plan Rows": 696330, "Plan Width": 20, "Plans": [{"Node Type": "Nested Loop", "Parent Relationship": "Outer", "Join Type": "Inner", "Startup Cost": 0.0, "Total Cost": 67663742021.35, "Plan Rows": 696330, "Plan Width": 20, "Inner Unique": true, "Join Filter": "(ci.role_id = rt.id), (LLVM Optimized)", "Plans": [{"Node Type": "Nested Loop", "Parent Relationship": "Outer", "Join Type": "Inner", "Startup Cost": 0.0, "Total Cost": 67663616680.79, "Plan Rows": 696330, "Plan Width": 24, "Inner Unique": false, "Join Filter": "(chn.id = ci.person_role_id), (LLVM Optimized)", "Plans": [{"Node Type": "Seq Scan", "Parent Relationship": "Outer", "Relation Name": "char_name", "Alias": "chn", "Startup Cost": 0.0, "Total Cost": 67493.38, "Plan Rows": 3140338, "Plan Width": 20}, {"Node Type": "Materialize", "Parent Relationship": "Inner", "Startup Cost": 0.0, "Total Cost": 699708.8, "Plan Rows": 1436424, "Plan Width": 12, "Plans": [{"Node Type": "Seq Scan", "Parent Relationship": "Outer", "Relation Name": "cast_info", "Alias": "ci", "Startup Cost": 0.0, "Total Cost": 692526.68, "Plan Rows": 1436424, "Plan Width": 12, "Filter": "((note)::text ~~ '%(producer)%'::text), (LLVM Optimized)"}]}]}, {"Node Type": "Materialize", "Parent Relationship": "Inner", "Startup Cost": 0.0, "Total Cost": 1.18, "Plan Rows": 12, "Plan Width": 4, "Plans": [{"Node Type": "Seq Scan", "Parent Relationship": "Outer", "Relation Name": "role_type", "Alias": "rt", "Startup Cost": 0.0, "Total Cost": 1.12, "Plan Rows": 12, "Plan Width": 4}]}]}]}]}, {"Node Type": "Materialize", "Parent Relationship": "Inner", "Startup Cost": 0.0, "Total Cost": 1.04, "Plan Rows": 3, "Plan Width": 4, "Plans": [{"Node Type": "Seq Scan", "Parent Relationship": "Outer", "Relation Name": "company_type", "Alias": "ct", "Startup Cost": 0.0, "Total Cost": 1.03, "Plan Rows": 3, "Plan Width": 4}]}]}]}]}]}, "Unique SQL Id": 3145361615}, "explain_analyze_plan": null}, "(1, 59)": {"explain_plan": {"Plan": {"Node Type": "Aggregate", "Strategy": "Plain", "Startup Cost": 7102923990895.23, "Total Cost": 7102923990895.24, "Plan Rows": 1, "Plan Width": 97, "Plans": [{"Node Type": "Nested Loop", "Parent Relationship": "Outer", "Join Type": "Inner", "Startup Cost": 70000000000.0, "Total Cost": 7102923986048.17, "Plan Rows": 969413, "Plan Width": 33, "Inner Unique": true, "Join Filter": "(mc.company_type_id = ct.id), (LLVM Optimized)", "Plans": [{"Node Type": "Nested Loop", "Parent Relationship": "Outer", "Join Type": "Inner", "Startup Cost": 60000000000.0, "Total Cost": 6102923941595.08, "Plan Rows": 969413, "Plan Width": 37, "Inner Unique": true, "Join Filter": "(mc.movie_id = t.id), (LLVM Optimized)", "Plans": [{"Node Type": "Nested Loop", "Parent Relationship": "Outer", "Join Type": "Inner", "Startup Cost": 50000000000.0, "Total Cost": 5084556529665.71, "Plan Rows": 699731, "Plan Width": 28, "Inner Unique": true, "Join Filter": "(ci.role_id = rt.id), (LLVM Optimized)", "Plans": [{"Node Type": "Nested Loop", "Parent Relationship": "Outer", "Join Type": "Inner", "Startup Cost": 40000000000.0, "Total Cost": 4084556402871.1, "Plan Rows": 699731, "Plan Width": 32, "Inner Unique": false, "Join Filter": "(ci.movie_id = mc.movie_id), (LLVM Optimized)", "Plans": [{"Node Type": "Nested Loop", "Parent Relationship": "Outer", "Join Type": "Inner", "Startup Cost": 20000000000.0, "Total Cost": 2003343660045.29, "Plan Rows": 1282311, "Plan Width": 8, "Inner Unique": true, "Join Filter": "(cn.id = mc.company_id), (LLVM Optimized)", "Plans": [{"Node Type": "Index Scan", "Parent Relationship": "Outer", "Scan Direction": "Forward", "Index Name": "company_type_id_movie_companies", "Relation Name": "movie_companies", "Alias": "mc", "Startup Cost": 10000000000.0, "Total Cost": 1000009318217.0, "Plan Rows": 2609128, "Plan Width": 12}, {"Node Type": "Materialize", "Parent Relationship": "Inner", "Startup Cost": 10000000000.0, "Total Cost": 1000001050564.82, "Plan Rows": 85170, "Plan Width": 4, "Plans": [{"Node Type": "Index Scan", "Parent Relationship": "Outer", "Scan Direction": "Forward", "Index Name": "company_name_pkey", "Relation Name": "company_name", "Alias": "cn", "Startup Cost": 10000000000.0, "Total Cost": 1000001050138.97, "Plan Rows": 85170, "Plan Width": 4, "Filter": "((country_code)::text = '[us]'::text)"}]}]}, {"Node Type": "Materialize", "Parent Relationship": "Inner", "Startup Cost": 20000000000.0, "Total Cost": 2067819070287.18, "Plan Rows": 696330, "Plan Width": 24, "Plans": [{"Node Type": "Nested Loop", "Parent Relationship": "Outer", "Join Type": "Inner", "Startup Cost": 20000000000.0, "Total Cost": 2067819066805.53, "Plan Rows": 696330, "Plan Width": 24, "Inner Unique": true, "Join Filter": "(chn.id = ci.person_role_id), (LLVM Optimized)", "Plans": [{"Node Type": "Index Scan", "Parent Relationship": "Outer", "Scan Direction": "Forward", "Index Name": "role_id_cast_info", "Relation Name": "cast_info", "Alias": "ci", "Startup Cost": 10000000000.0, "Total Cost": 1000143218339.5, "Plan Rows": 1436424, "Plan Width": 12, "Filter": "((note)::text ~~ '%(producer)%'::text), (LLVM Optimized)"}, {"Node Type": "Materialize", "Parent Relationship": "Inner", "Startup Cost": 10000000000.0, "Total Cost": 1000013003247.2, "Plan Rows": 3140338, "Plan Width": 20, "Plans": [{"Node Type": "Index Scan", "Parent Relationship": "Outer", "Scan Direction": "Forward", "Index Name": "char_name_pkey", "Relation Name": "char_name", "Alias": "chn", "Startup Cost": 10000000000.0, "Total Cost": 1000012987545.51, "Plan Rows": 3140338, "Plan Width": 20}]}]}]}]}, {"Node Type": "Materialize", "Parent Relationship": "Inner", "Startup Cost": 10000000000.0, "Total Cost": 1000000000843.06, "Plan Rows": 12, "Plan Width": 4, "Plans": [{"Node Type": "Index Only Scan", "Parent Relationship": "Outer", "Scan Direction": "Forward", "Index Name": "role_type_pkey", "Relation Name": "role_type", "Alias": "rt", "Startup Cost": 10000000000.0, "Total Cost": 1000000000843.0, "Plan Rows": 12, "Plan Width": 4}]}]}, {"Node Type": "Materialize", "Parent Relationship": "Inner", "Startup Cost": 10000000000.0, "Total Cost": 1000011652870.86, "Plan Rows": 1748840, "Plan Width": 21, "Plans": [{"Node Type": "Index Scan", "Parent Relationship": "Outer", "Scan Direction": "Forward", "Index Name": "title_pkey", "Relation Name": "title", "Alias": "t", "Startup Cost": 10000000000.0, "Total Cost": 1000011644126.66, "Plan Rows": 1748840, "Plan Width": 21, "Filter": "(production_year > 1990), (LLVM Optimized)"}]}]}, {"Node Type": "Materialize", "Parent Relationship": "Inner", "Startup Cost": 10000000000.0, "Total Cost": 1000000000829.52, "Plan Rows": 3, "Plan Width": 4, "Plans": [{"Node Type": "Index Only Scan", "Parent Relationship": "Outer", "Scan Direction": "Forward", "Index Name": "company_type_pkey", "Relation Name": "company_type", "Alias": "ct", "Startup Cost": 10000000000.0, "Total Cost": 1000000000829.5, "Plan Rows": 3, "Plan Width": 4}]}]}]}, "Unique SQL Id": 3145361615}, "explain_analyze_plan": null}, "(1, 60)": {"explain_plan": {"Plan": {"Node Type": "Aggregate", "Strategy": "Plain", "Startup Cost": 2366619.22, "Total Cost": 2366619.23, "Plan Rows": 1, "Plan Width": 97, "Plans": [{"Node Type": "Nested Loop", "Parent Relationship": "Outer", "Join Type": "Inner", "Startup Cost": 0.0, "Total Cost": 2361772.15, "Plan Rows": 969413, "Plan Width": 33, "Inner Unique": true, "Plans": [{"Node Type": "Nested Loop", "Parent Relationship": "Outer", "Join Type": "Inner", "Startup Cost": 0.0, "Total Cost": 2116855.61, "Plan Rows": 699731, "Plan Width": 24, "Inner Unique": true, "Join Filter": "(mc.company_type_id = ct.id), (LLVM Optimized)", "Plans": [{"Node Type": "Nested Loop", "Parent Relationship": "Outer", "Join Type": "Inner", "Startup Cost": 0.0, "Total Cost": 2085366.68, "Plan Rows": 699731, "Plan Width": 28, "Inner Unique": true, "Plans": [{"Node Type": "Nested Loop", "Parent Relationship": "Outer", "Join Type": "Inner", "Startup Cost": 0.0, "Total Cost": 1675808.66, "Plan Rows": 1423748, "Plan Width": 32, "Inner Unique": false, "Plans": [{"Node Type": "Nested Loop", "Parent Relationship": "Outer", "Join Type": "Inner", "Startup Cost": 0.0, "Total Cost": 1410889.95, "Plan Rows": 696330, "Plan Width": 20, "Inner Unique": true, "Join Filter": "(ci.role_id = rt.id), (LLVM Optimized)", "Plans": [{"Node Type": "Nested Loop", "Parent Relationship": "Outer", "Join Type": "Inner", "Startup Cost": 0.0, "Total Cost": 1285549.4, "Plan Rows": 696330, "Plan Width": 24, "Inner Unique": true, "Plans": [{"Node Type": "Seq Scan", "Parent Relationship": "Outer", "Relation Name": "cast_info", "Alias": "ci", "Startup Cost": 0.0, "Total Cost": 692526.68, "Plan Rows": 1436424, "Plan Width": 12, "Filter": "((note)::text ~~ '%(producer)%'::text), (LLVM Optimized)"}, {"Node Type": "Index Scan", "Parent Relationship": "Inner", "Scan Direction": "Forward", "Index Name": "char_name_pkey", "Relation Name": "char_name", "Alias": "chn", "Startup Cost": 0.0, "Total Cost": 0.4, "Plan Rows": 1, "Plan Width": 20, "Index Cond": "(id = ci.person_role_id)"}]}, {"Node Type": "Materialize", "Parent Relationship": "Inner", "Startup Cost": 0.0, "Total Cost": 1.18, "Plan Rows": 12, "Plan Width": 4, "Plans": [{"Node Type": "Seq Scan", "Parent Relationship": "Outer", "Relation Name": "role_type", "Alias": "rt", "Startup Cost": 0.0, "Total Cost": 1.12, "Plan Rows": 12, "Plan Width": 4}]}]}, {"Node Type": "Index Scan", "Parent Relationship": "Inner", "Scan Direction": "Forward", "Index Name": "movie_id_movie_companies", "Relation Name": "movie_companies", "Alias": "mc", "Startup Cost": 0.0, "Total Cost": 0.36, "Plan Rows": 2, "Plan Width": 12, "Index Cond": "(movie_id = ci.movie_id)"}]}, {"Node Type": "Index Scan", "Parent Relationship": "Inner", "Scan Direction": "Forward", "Index Name": "company_name_pkey", "Relation Name": "company_name", "Alias": "cn", "Startup Cost": 0.0, "Total Cost": 0.28, "Plan Rows": 1, "Plan Width": 4, "Index Cond": "(id = mc.company_id)", "Filter": "((country_code)::text = '[us]'::text)"}]}, {"Node Type": "Materialize", "Parent Relationship": "Inner", "Startup Cost": 0.0, "Total Cost": 1.04, "Plan Rows": 3, "Plan Width": 4, "Plans": [{"Node Type": "Seq Scan", "Parent Relationship": "Outer", "Relation Name": "company_type", "Alias": "ct", "Startup Cost": 0.0, "Total Cost": 1.03, "Plan Rows": 3, "Plan Width": 4}]}]}, {"Node Type": "Index Scan", "Parent Relationship": "Inner", "Scan Direction": "Forward", "Index Name": "title_pkey", "Relation Name": "title", "Alias": "t", "Startup Cost": 0.0, "Total Cost": 0.34, "Plan Rows": 1, "Plan Width": 21, "Index Cond": "(id = mc.movie_id)", "Filter": "(production_year > 1990)"}]}]}, "Unique SQL Id": 3145361615}, "explain_analyze_plan": {"Plan": {"Node Type": "Aggregate", "Strategy": "Plain", "Startup Cost": 2366619.22, "Total Cost": 2366619.23, "Plan Rows": 1, "Plan Width": 97, "Actual Startup Time": 11345.176, "Actual Total Time": 11345.176, "Actual Rows": 1, "Actual Loops": 1, "Plans": [{"Node Type": "Nested Loop", "Parent Relationship": "Outer", "Join Type": "Inner", "Startup Cost": 0.0, "Total Cost": 2361772.15, "Plan Rows": 969413, "Plan Width": 33, "Actual Startup Time": 689.813, "Actual Total Time": 11345.132, "Actual Rows": 4, "Actual Loops": 1, "Inner Unique": true, "Plans": [{"Node Type": "Nested Loop", "Parent Relationship": "Outer", "Join Type": "Inner", "Startup Cost": 0.0, "Total Cost": 2116855.61, "Plan Rows": 699731, "Plan Width": 24, "Actual Startup Time": 689.795, "Actual Total Time": 11345.065, "Actual Rows": 6, "Actual Loops": 1, "Inner Unique": true, "Join Filter": "(mc.company_type_id = ct.id), (LLVM Optimized, Jit Execute)", "Rows Removed by Join Filter": 24, "Plans": [{"Node Type": "Nested Loop", "Parent Relationship": "Outer", "Join Type": "Inner", "Startup Cost": 0.0, "Total Cost": 2085366.68, "Plan Rows": 699731, "Plan Width": 28, "Actual Startup Time": 689.765, "Actual Total Time": 11345.022, "Actual Rows": 14, "Actual Loops": 1, "Inner Unique": true, "Plans": [{"Node Type": "Nested Loop", "Parent Relationship": "Outer", "Join Type": "Inner", "Startup Cost": 0.0, "Total Cost": 1675808.66, "Plan Rows": 1423748, "Plan Width": 32, "Actual Startup Time": 689.723, "Actual Total Time": 11344.545, "Actual Rows": 31, "Actual Loops": 1, "Inner Unique": false, "Plans": [{"Node Type": "Nested Loop", "Parent Relationship": "Outer", "Join Type": "Inner", "Startup Cost": 0.0, "Total Cost": 1410889.95, "Plan Rows": 696330, "Plan Width": 20, "Actual Startup Time": 689.587, "Actual Total Time": 11343.23, "Actual Rows": 15, "Actual Loops": 1, "Inner Unique": true, "Join Filter": "(ci.role_id = rt.id), (LLVM Optimized, Jit Execute)", "Rows Removed by Join Filter": 2, "Plans": [{"Node Type": "Nested Loop", "Parent Relationship": "Outer", "Join Type": "Inner", "Startup Cost": 0.0, "Total Cost": 1285549.4, "Plan Rows": 696330, "Plan Width": 24, "Actual Startup Time": 689.559, "Actual Total Time": 11343.104, "Actual Rows": 15, "Actual Loops": 1, "Inner Unique": true, "Plans": [{"Node Type": "Seq Scan", "Parent Relationship": "Outer", "Relation Name": "cast_info", "Alias": "ci", "Startup Cost": 0.0, "Total Cost": 692526.68, "Plan Rows": 1436424, "Plan Width": 12, "Actual Startup Time": 689.509, "Actual Total Time": 10582.164, "Actual Rows": 1435439, "Actual Loops": 1, "Filter": "((note)::text ~~ '%(producer)%'::text), (LLVM Optimized, Jit Execute)", "Rows Removed by Filter": 34808904}, {"Node Type": "Index Scan", "Parent Relationship": "Inner", "Scan Direction": "Forward", "Index Name": "char_name_pkey", "Relation Name": "char_name", "Alias": "chn", "Startup Cost": 0.0, "Total Cost": 0.4, "Plan Rows": 1, "Plan Width": 20, "Actual Startup Time": 233.516, "Actual Total Time": 233.516, "Actual Rows": 15, "Actual Loops": 1435439, "Index Cond": "(id = ci.person_role_id)", "Rows Removed by Index Recheck": 0}]}, {"Node Type": "Materialize", "Parent Relationship": "Inner", "Startup Cost": 0.0, "Total Cost": 1.18, "Plan Rows": 12, "Plan Width": 4, "Actual Startup Time": 0.042, "Actual Total Time": 0.05, "Actual Rows": 17, "Actual Loops": 15, "Plans": [{"Node Type": "Seq Scan", "Parent Relationship": "Outer", "Relation Name": "role_type", "Alias": "rt", "Startup Cost": 0.0, "Total Cost": 1.12, "Plan Rows": 12, "Plan Width": 4, "Actual Startup Time": 0.009, "Actual Total Time": 0.011, "Actual Rows": 2, "Actual Loops": 1}]}]}, {"Node Type": "Index Scan", "Parent Relationship": "Inner", "Scan Direction": "Forward", "Index Name": "movie_id_movie_companies", "Relation Name": "movie_companies", "Alias": "mc", "Startup Cost": 0.0, "Total Cost": 0.36, "Plan Rows": 2, "Plan Width": 12, "Actual Startup Time": 1.211, "Actual Total Time": 1.242, "Actual Rows": 31, "Actual Loops": 15, "Index Cond": "(movie_id = ci.movie_id)", "Rows Removed by Index Recheck": 0}]}, {"Node Type": "Index Scan", "Parent Relationship": "Inner", "Scan Direction": "Forward", "Index Name": "company_name_pkey", "Relation Name": "company_name", "Alias": "cn", "Startup Cost": 0.0, "Total Cost": 0.28, "Plan Rows": 1, "Plan Width": 4, "Actual Startup Time": 0.403, "Actual Total Time": 0.403, "Actual Rows": 14, "Actual Loops": 31, "Index Cond": "(id = mc.company_id)", "Rows Removed by Index Recheck": 0, "Filter": "((country_code)::text = '[us]'::text)", "Rows Removed by Filter": 17}]}, {"Node Type": "Materialize", "Parent Relationship": "Inner", "Startup Cost": 0.0, "Total Cost": 1.04, "Plan Rows": 3, "Plan Width": 4, "Actual Startup Time": 0.015, "Actual Total Time": 0.02, "Actual Rows": 30, "Actual Loops": 14, "Plans": [{"Node Type": "Seq Scan", "Parent Relationship": "Outer", "Relation Name": "company_type", "Alias": "ct", "Startup Cost": 0.0, "Total Cost": 1.03, "Plan Rows": 3, "Plan Width": 4, "Actual Startup Time": 0.005, "Actual Total Time": 0.006, "Actual Rows": 3, "Actual Loops": 1}]}]}, {"Node Type": "Index Scan", "Parent Relationship": "Inner", "Scan Direction": "Forward", "Index Name": "title_pkey", "Relation Name": "title", "Alias": "t", "Startup Cost": 0.0, "Total Cost": 0.34, "Plan Rows": 1, "Plan Width": 21, "Actual Startup Time": 0.052, "Actual Total Time": 0.052, "Actual Rows": 4, "Actual Loops": 6, "Index Cond": "(id = mc.movie_id)", "Rows Removed by Index Recheck": 0, "Filter": "(production_year > 1990)", "Rows Removed by Filter": 2}]}]}, "Triggers": [], "Planner Runtime": 3.457, "Total Runtime": 11355.065, "Unique SQL Id": 3145361615}}, "(1, 61)": {"explain_plan": {"Plan": {"Node Type": "Aggregate", "Strategy": "Plain", "Startup Cost": 2425787.29, "Total Cost": 2425787.3, "Plan Rows": 1, "Plan Width": 97, "Plans": [{"Node Type": "Nested Loop", "Parent Relationship": "Outer", "Join Type": "Inner", "Startup Cost": 0.0, "Total Cost": 2420940.22, "Plan Rows": 969413, "Plan Width": 33, "Inner Unique": true, "Plans": [{"Node Type": "Nested Loop", "Parent Relationship": "Outer", "Join Type": "Inner", "Startup Cost": 0.0, "Total Cost": 2176023.68, "Plan Rows": 699731, "Plan Width": 24, "Inner Unique": true, "Join Filter": "(ci.role_id = rt.id), (LLVM Optimized)", "Plans": [{"Node Type": "Nested Loop", "Parent Relationship": "Outer", "Join Type": "Inner", "Startup Cost": 0.0, "Total Cost": 2050059.64, "Plan Rows": 699731, "Plan Width": 28, "Inner Unique": true, "Join Filter": "(mc.company_type_id = ct.id), (LLVM Optimized)", "Plans": [{"Node Type": "Nested Loop", "Parent Relationship": "Outer", "Join Type": "Inner", "Startup Cost": 0.0, "Total Cost": 2018559.45, "Plan Rows": 699731, "Plan Width": 32, "Inner Unique": true, "Plans": [{"Node Type": "Nested Loop", "Parent Relationship": "Outer", "Join Type": "Inner", "Startup Cost": 0.0, "Total Cost": 1422640.19, "Plan Rows": 1443440, "Plan Width": 20, "Inner Unique": false, "Plans": [{"Node Type": "Nested Loop", "Parent Relationship": "Outer", "Join Type": "Inner", "Startup Cost": 0.0, "Total Cost": 171332.39, "Plan Rows": 1282311, "Plan Width": 8, "Inner Unique": false, "Plans": [{"Node Type": "Index Scan", "Parent Relationship": "Outer", "Scan Direction": "Forward", "Index Name": "company_name_pkey", "Relation Name": "company_name", "Alias": "cn", "Startup Cost": 0.0, "Total Cost": 10501.39, "Plan Rows": 85170, "Plan Width": 4, "Filter": "((country_code)::text = '[us]'::text)"}, {"Node Type": "Index Scan", "Parent Relationship": "Inner", "Scan Direction": "Forward", "Index Name": "company_id_movie_companies", "Relation Name": "movie_companies", "Alias": "mc", "Startup Cost": 0.0, "Total Cost": 1.74, "Plan Rows": 15, "Plan Width": 12, "Index Cond": "(company_id = cn.id)"}]}, {"Node Type": "Index Scan", "Parent Relationship": "Inner", "Scan Direction": "Forward", "Index Name": "movie_id_cast_info", "Relation Name": "cast_info", "Alias": "ci", "Startup Cost": 0.0, "Total Cost": 0.97, "Plan Rows": 1, "Plan Width": 12, "Index Cond": "(movie_id = mc.movie_id)", "Filter": "((note)::text ~~ '%(producer)%'::text)"}]}, {"Node Type": "Index Scan", "Parent Relationship": "Inner", "Scan Direction": "Forward", "Index Name": "char_name_pkey", "Relation Name": "char_name", "Alias": "chn", "Startup Cost": 0.0, "Total Cost": 0.4, "Plan Rows": 1, "Plan Width": 20, "Index Cond": "(id = ci.person_role_id)"}]}, {"Node Type": "Materialize", "Parent Relationship": "Inner", "Startup Cost": 0.0, "Total Cost": 12.31, "Plan Rows": 3, "Plan Width": 4, "Plans": [{"Node Type": "Index Scan", "Parent Relationship": "Outer", "Scan Direction": "Forward", "Index Name": "company_type_pkey", "Relation Name": "company_type", "Alias": "ct", "Startup Cost": 0.0, "Total Cost": 12.29, "Plan Rows": 3, "Plan Width": 4}]}]}, {"Node Type": "Materialize", "Parent Relationship": "Inner", "Startup Cost": 0.0, "Total Cost": 12.49, "Plan Rows": 12, "Plan Width": 4, "Plans": [{"Node Type": "Index Scan", "Parent Relationship": "Outer", "Scan Direction": "Forward", "Index Name": "role_type_pkey", "Relation Name": "role_type", "Alias": "rt", "Startup Cost": 0.0, "Total Cost": 12.43, "Plan Rows": 12, "Plan Width": 4}]}]}, {"Node Type": "Index Scan", "Parent Relationship": "Inner", "Scan Direction": "Forward", "Index Name": "title_pkey", "Relation Name": "title", "Alias": "t", "Startup Cost": 0.0, "Total Cost": 0.34, "Plan Rows": 1, "Plan Width": 21, "Index Cond": "(id = mc.movie_id)", "Filter": "(production_year > 1990)"}]}]}, "Unique SQL Id": 3145361615}, "explain_analyze_plan": null}, "(1, 62)": {"explain_plan": {"Plan": {"Node Type": "Aggregate", "Strategy": "Plain", "Startup Cost": 102746625357.49, "Total Cost": 102746625357.5, "Plan Rows": 1, "Plan Width": 97, "Plans": [{"Node Type": "Nested Loop", "Parent Relationship": "Outer", "Join Type": "Inner", "Startup Cost": 0.0, "Total Cost": 102746620510.42, "Plan Rows": 969413, "Plan Width": 33, "Inner Unique": false, "Join Filter": "(mc.movie_id = t.id), (LLVM Optimized)", "Plans": [{"Node Type": "Seq Scan", "Parent Relationship": "Outer", "Relation Name": "title", "Alias": "t", "Startup Cost": 0.0, "Total Cost": 66389.89, "Plan Rows": 1748840, "Plan Width": 21, "Filter": "(production_year > 1990), (LLVM Optimized)"}, {"Node Type": "Materialize", "Parent Relationship": "Inner", "Startup Cost": 0.0, "Total Cost": 84390792439.26, "Plan Rows": 699731, "Plan Width": 24, "Plans": [{"Node Type": "Nested Loop", "Parent Relationship": "Outer", "Join Type": "Inner", "Startup Cost": 0.0, "Total Cost": 84390788940.61, "Plan Rows": 699731, "Plan Width": 24, "Inner Unique": true, "Join Filter": "(mc.company_type_id = ct.id), (LLVM Optimized)", "Plans": [{"Node Type": "Nested Loop", "Parent Relationship": "Outer", "Join Type": "Inner", "Startup Cost": 0.0, "Total Cost": 84390757451.68, "Plan Rows": 699731, "Plan Width": 28, "Inner Unique": false, "Join Filter": "(mc.movie_id = ci.movie_id), (LLVM Optimized)", "Plans": [{"Node Type": "Nested Loop", "Parent Relationship": "Outer", "Join Type": "Inner", "Startup Cost": 0.0, "Total Cost": 3333339410.06, "Plan Rows": 1282311, "Plan Width": 8, "Inner Unique": true, "Join Filter": "(cn.id = mc.company_id), (LLVM Optimized)", "Plans": [{"Node Type": "Seq Scan", "Parent Relationship": "Outer", "Relation Name": "movie_companies", "Alias": "mc", "Startup Cost": 0.0, "Total Cost": 41817.28, "Plan Rows": 2609128, "Plan Width": 12}, {"Node Type": "Materialize", "Parent Relationship": "Inner", "Startup Cost": 0.0, "Total Cost": 6329.3, "Plan Rows": 85170, "Plan Width": 4, "Plans": [{"Node Type": "Seq Scan", "Parent Relationship": "Outer", "Relation Name": "company_name", "Alias": "cn", "Startup Cost": 0.0, "Total Cost": 5903.45, "Plan Rows": 85170, "Plan Width": 4, "Filter": "((country_code)::text = '[us]'::text)"}]}]}, {"Node Type": "Materialize", "Parent Relationship": "Inner", "Startup Cost": 0.0, "Total Cost": 67663745503.0, "Plan Rows": 696330, "Plan Width": 20, "Plans": [{"Node Type": "Nested Loop", "Parent Relationship": "Outer", "Join Type": "Inner", "Startup Cost": 0.0, "Total Cost": 67663742021.35, "Plan Rows": 696330, "Plan Width": 20, "Inner Unique": true, "Join Filter": "(ci.role_id = rt.id), (LLVM Optimized)", "Plans": [{"Node Type": "Nested Loop", "Parent Relationship": "Outer", "Join Type": "Inner", "Startup Cost": 0.0, "Total Cost": 67663616680.79, "Plan Rows": 696330, "Plan Width": 24, "Inner Unique": false, "Join Filter": "(chn.id = ci.person_role_id), (LLVM Optimized)", "Plans": [{"Node Type": "Seq Scan", "Parent Relationship": "Outer", "Relation Name": "char_name", "Alias": "chn", "Startup Cost": 0.0, "Total Cost": 67493.38, "Plan Rows": 3140338, "Plan Width": 20}, {"Node Type": "Materialize", "Parent Relationship": "Inner", "Startup Cost": 0.0, "Total Cost": 699708.8, "Plan Rows": 1436424, "Plan Width": 12, "Plans": [{"Node Type": "Seq Scan", "Parent Relationship": "Outer", "Relation Name": "cast_info", "Alias": "ci", "Startup Cost": 0.0, "Total Cost": 692526.68, "Plan Rows": 1436424, "Plan Width": 12, "Filter": "((note)::text ~~ '%(producer)%'::text), (LLVM Optimized)"}]}]}, {"Node Type": "Materialize", "Parent Relationship": "Inner", "Startup Cost": 0.0, "Total Cost": 1.18, "Plan Rows": 12, "Plan Width": 4, "Plans": [{"Node Type": "Seq Scan", "Parent Relationship": "Outer", "Relation Name": "role_type", "Alias": "rt", "Startup Cost": 0.0, "Total Cost": 1.12, "Plan Rows": 12, "Plan Width": 4}]}]}]}]}, {"Node Type": "Materialize", "Parent Relationship": "Inner", "Startup Cost": 0.0, "Total Cost": 1.04, "Plan Rows": 3, "Plan Width": 4, "Plans": [{"Node Type": "Seq Scan", "Parent Relationship": "Outer", "Relation Name": "company_type", "Alias": "ct", "Startup Cost": 0.0, "Total Cost": 1.03, "Plan Rows": 3, "Plan Width": 4}]}]}]}]}]}, "Unique SQL Id": 3145361615}, "explain_analyze_plan": null}, "(1, 63)": {"explain_plan": {"Plan": {"Node Type": "Aggregate", "Strategy": "Plain", "Startup Cost": 7102923991695.23, "Total Cost": 7102923991695.24, "Plan Rows": 1, "Plan Width": 97, "Plans": [{"Node Type": "Nested Loop", "Parent Relationship": "Outer", "Join Type": "Inner", "Startup Cost": 70000000000.0, "Total Cost": 7102923986848.17, "Plan Rows": 969413, "Plan Width": 33, "Inner Unique": true, "Join Filter": "(mc.company_type_id = ct.id), (LLVM Optimized)", "Plans": [{"Node Type": "Nested Loop", "Parent Relationship": "Outer", "Join Type": "Inner", "Startup Cost": 60000000000.0, "Total Cost": 6102923941995.08, "Plan Rows": 969413, "Plan Width": 37, "Inner Unique": true, "Join Filter": "(mc.movie_id = t.id), (LLVM Optimized)", "Plans": [{"Node Type": "Nested Loop", "Parent Relationship": "Outer", "Join Type": "Inner", "Startup Cost": 50000000000.0, "Total Cost": 5084556530065.71, "Plan Rows": 699731, "Plan Width": 28, "Inner Unique": true, "Join Filter": "(ci.role_id = rt.id), (LLVM Optimized)", "Plans": [{"Node Type": "Nested Loop", "Parent Relationship": "Outer", "Join Type": "Inner", "Startup Cost": 40000000000.0, "Total Cost": 4084556402871.1, "Plan Rows": 699731, "Plan Width": 32, "Inner Unique": false, "Join Filter": "(ci.movie_id = mc.movie_id), (LLVM Optimized)", "Plans": [{"Node Type": "Nested Loop", "Parent Relationship": "Outer", "Join Type": "Inner", "Startup Cost": 20000000000.0, "Total Cost": 2003343660045.29, "Plan Rows": 1282311, "Plan Width": 8, "Inner Unique": true, "Join Filter": "(cn.id = mc.company_id), (LLVM Optimized)", "Plans": [{"Node Type": "Index Scan", "Parent Relationship": "Outer", "Scan Direction": "Forward", "Index Name": "company_type_id_movie_companies", "Relation Name": "movie_companies", "Alias": "mc", "Startup Cost": 10000000000.0, "Total Cost": 1000009318217.0, "Plan Rows": 2609128, "Plan Width": 12}, {"Node Type": "Materialize", "Parent Relationship": "Inner", "Startup Cost": 10000000000.0, "Total Cost": 1000001050564.82, "Plan Rows": 85170, "Plan Width": 4, "Plans": [{"Node Type": "Index Scan", "Parent Relationship": "Outer", "Scan Direction": "Forward", "Index Name": "company_name_pkey", "Relation Name": "company_name", "Alias": "cn", "Startup Cost": 10000000000.0, "Total Cost": 1000001050138.97, "Plan Rows": 85170, "Plan Width": 4, "Filter": "((country_code)::text = '[us]'::text)"}]}]}, {"Node Type": "Materialize", "Parent Relationship": "Inner", "Startup Cost": 20000000000.0, "Total Cost": 2067819070287.18, "Plan Rows": 696330, "Plan Width": 24, "Plans": [{"Node Type": "Nested Loop", "Parent Relationship": "Outer", "Join Type": "Inner", "Startup Cost": 20000000000.0, "Total Cost": 2067819066805.53, "Plan Rows": 696330, "Plan Width": 24, "Inner Unique": true, "Join Filter": "(chn.id = ci.person_role_id), (LLVM Optimized)", "Plans": [{"Node Type": "Index Scan", "Parent Relationship": "Outer", "Scan Direction": "Forward", "Index Name": "role_id_cast_info", "Relation Name": "cast_info", "Alias": "ci", "Startup Cost": 10000000000.0, "Total Cost": 1000143218339.5, "Plan Rows": 1436424, "Plan Width": 12, "Filter": "((note)::text ~~ '%(producer)%'::text), (LLVM Optimized)"}, {"Node Type": "Materialize", "Parent Relationship": "Inner", "Startup Cost": 10000000000.0, "Total Cost": 1000013003247.2, "Plan Rows": 3140338, "Plan Width": 20, "Plans": [{"Node Type": "Index Scan", "Parent Relationship": "Outer", "Scan Direction": "Forward", "Index Name": "char_name_pkey", "Relation Name": "char_name", "Alias": "chn", "Startup Cost": 10000000000.0, "Total Cost": 1000012987545.51, "Plan Rows": 3140338, "Plan Width": 20}]}]}]}]}, {"Node Type": "Materialize", "Parent Relationship": "Inner", "Startup Cost": 10000000000.0, "Total Cost": 1000000001243.06, "Plan Rows": 12, "Plan Width": 4, "Plans": [{"Node Type": "Index Scan", "Parent Relationship": "Outer", "Scan Direction": "Forward", "Index Name": "role_type_pkey", "Relation Name": "role_type", "Alias": "rt", "Startup Cost": 10000000000.0, "Total Cost": 1000000001243.0, "Plan Rows": 12, "Plan Width": 4}]}]}, {"Node Type": "Materialize", "Parent Relationship": "Inner", "Startup Cost": 10000000000.0, "Total Cost": 1000011652870.86, "Plan Rows": 1748840, "Plan Width": 21, "Plans": [{"Node Type": "Index Scan", "Parent Relationship": "Outer", "Scan Direction": "Forward", "Index Name": "title_pkey", "Relation Name": "title", "Alias": "t", "Startup Cost": 10000000000.0, "Total Cost": 1000011644126.66, "Plan Rows": 1748840, "Plan Width": 21, "Filter": "(production_year > 1990), (LLVM Optimized)"}]}]}, {"Node Type": "Materialize", "Parent Relationship": "Inner", "Startup Cost": 10000000000.0, "Total Cost": 1000000001229.52, "Plan Rows": 3, "Plan Width": 4, "Plans": [{"Node Type": "Index Scan", "Parent Relationship": "Outer", "Scan Direction": "Forward", "Index Name": "company_type_pkey", "Relation Name": "company_type", "Alias": "ct", "Startup Cost": 10000000000.0, "Total Cost": 1000000001229.5, "Plan Rows": 3, "Plan Width": 4}]}]}]}, "Unique SQL Id": 3145361615}, "explain_analyze_plan": null}, "(1, 64)": {"explain_plan": {"Plan": {"Node Type": "Aggregate", "Strategy": "Plain", "Startup Cost": 1041361.98, "Total Cost": 1041361.99, "Plan Rows": 1, "Plan Width": 97, "Plans": [{"Node Type": "Hash Join", "Parent Relationship": "Outer", "Join Type": "Inner", "Startup Cost": 930928.48, "Total Cost": 1036514.92, "Plan Rows": 969413, "Plan Width": 33, "Inner Unique": true, "Hash Cond": "(ci.role_id = rt.id), (LLVM Optimized)", "Plans": [{"Node Type": "Hash Join", "Parent Relationship": "Outer", "Join Type": "Inner", "Startup Cost": 930927.21, "Total Cost": 1023184.22, "Plan Rows": 969413, "Plan Width": 37, "Inner Unique": true, "Hash Cond": "(mc.company_type_id = ct.id), (LLVM Optimized)", "Plans": [{"Node Type": "Hash Join", "Parent Relationship": "Outer", "Join Type": "Inner", "Startup Cost": 930926.14, "Total Cost": 1009853.72, "Plan Rows": 969413, "Plan Width": 41, "Inner Unique": false, "Hash Cond": "(mc.movie_id = t.id), (LLVM Optimized)", "Plans": [{"Node Type": "Hash Join", "Parent Relationship": "Outer", "Join Type": "Inner", "Startup Cost": 6968.08, "Total Cost": 71392.69, "Plan Rows": 1282311, "Plan Width": 8, "Inner Unique": true, "Hash Cond": "(mc.company_id = cn.id), (LLVM Optimized)", "Plans": [{"Node Type": "Seq Scan", "Parent Relationship": "Outer", "Relation Name": "movie_companies", "Alias": "mc", "Startup Cost": 0.0, "Total Cost": 41817.28, "Plan Rows": 2609128, "Plan Width": 12}, {"Node Type": "Hash", "Parent Relationship": "Inner", "Startup Cost": 5903.45, "Total Cost": 5903.45, "Plan Rows": 85170, "Plan Width": 4, "Plans": [{"Node Type": "Seq Scan", "Parent Relationship": "Outer", "Relation Name": "company_name", "Alias": "cn", "Startup Cost": 0.0, "Total Cost": 5903.45, "Plan Rows": 85170, "Plan Width": 4, "Filter": "((country_code)::text = '[us]'::text)"}]}]}, {"Node Type": "Hash", "Parent Relationship": "Inner", "Startup Cost": 912029.03, "Total Cost": 912029.03, "Plan Rows": 954323, "Plan Width": 45, "Plans": [{"Node Type": "Hash Join", "Parent Relationship": "Outer", "Join Type": "Inner", "Startup Cost": 194997.99, "Total Cost": 912029.03, "Plan Rows": 954323, "Plan Width": 45, "Inner Unique": true, "Hash Cond": "(ci.movie_id = t.id), (LLVM Optimized)", "Plans": [{"Node Type": "Hash Join", "Parent Relationship": "Outer", "Join Type": "Inner", "Startup Cost": 106747.61, "Total Cost": 811624.17, "Plan Rows": 696330, "Plan Width": 24, "Inner Unique": true, "Hash Cond": "(ci.person_role_id = chn.id), (LLVM Optimized)", "Plans": [{"Node Type": "Seq Scan", "Parent Relationship": "Outer", "Relation Name": "cast_info", "Alias": "ci", "Startup Cost": 0.0, "Total Cost": 692526.68, "Plan Rows": 1436424, "Plan Width": 12, "Filter": "((note)::text ~~ '%(producer)%'::text), (LLVM Optimized)"}, {"Node Type": "Hash", "Parent Relationship": "Inner", "Startup Cost": 67493.38, "Total Cost": 67493.38, "Plan Rows": 3140338, "Plan Width": 20, "Plans": [{"Node Type": "Seq Scan", "Parent Relationship": "Outer", "Relation Name": "char_name", "Alias": "chn", "Startup Cost": 0.0, "Total Cost": 67493.38, "Plan Rows": 3140338, "Plan Width": 20}]}]}, {"Node Type": "Hash", "Parent Relationship": "Inner", "Startup Cost": 66389.89, "Total Cost": 66389.89, "Plan Rows": 1748840, "Plan Width": 21, "Plans": [{"Node Type": "Seq Scan", "Parent Relationship": "Outer", "Relation Name": "title", "Alias": "t", "Startup Cost": 0.0, "Total Cost": 66389.89, "Plan Rows": 1748840, "Plan Width": 21, "Filter": "(production_year > 1990), (LLVM Optimized)"}]}]}]}]}, {"Node Type": "Hash", "Parent Relationship": "Inner", "Startup Cost": 1.03, "Total Cost": 1.03, "Plan Rows": 3, "Plan Width": 4, "Plans": [{"Node Type": "Seq Scan", "Parent Relationship": "Outer", "Relation Name": "company_type", "Alias": "ct", "Startup Cost": 0.0, "Total Cost": 1.03, "Plan Rows": 3, "Plan Width": 4}]}]}, {"Node Type": "Hash", "Parent Relationship": "Inner", "Startup Cost": 1.12, "Total Cost": 1.12, "Plan Rows": 12, "Plan Width": 4, "Plans": [{"Node Type": "Seq Scan", "Parent Relationship": "Outer", "Relation Name": "role_type", "Alias": "rt", "Startup Cost": 0.0, "Total Cost": 1.12, "Plan Rows": 12, "Plan Width": 4}]}]}]}, "Unique SQL Id": 3145361615}, "explain_analyze_plan": {"Plan": {"Node Type": "Aggregate", "Strategy": "Plain", "Startup Cost": 1041361.98, "Total Cost": 1041361.99, "Plan Rows": 1, "Plan Width": 97, "Actual Startup Time": 16188.609, "Actual Total Time": 16188.61, "Actual Rows": 1, "Actual Loops": 1, "Plans": [{"Node Type": "Hash Join", "Parent Relationship": "Outer", "Join Type": "Inner", "Startup Cost": 930928.48, "Total Cost": 1036514.92, "Plan Rows": 969413, "Plan Width": 33, "Actual Startup Time": 15828.872, "Actual Total Time": 16188.552, "Actual Rows": 4, "Actual Loops": 1, "Inner Unique": true, "Hash Cond": "(ci.role_id = rt.id), (LLVM Optimized, Jit Execute)", "Plans": [{"Node Type": "Hash Join", "Parent Relationship": "Outer", "Join Type": "Inner", "Startup Cost": 930927.21, "Total Cost": 1023184.22, "Plan Rows": 969413, "Plan Width": 37, "Actual Startup Time": 15828.776, "Actual Total Time": 16188.441, "Actual Rows": 4, "Actual Loops": 1, "Inner Unique": true, "Hash Cond": "(mc.company_type_id = ct.id), (LLVM Optimized, Jit Execute)", "Plans": [{"Node Type": "Hash Join", "Parent Relationship": "Outer", "Join Type": "Inner", "Startup Cost": 930926.14, "Total Cost": 1009853.72, "Plan Rows": 969413, "Plan Width": 41, "Actual Startup Time": 15005.566, "Actual Total Time": 16188.307, "Actual Rows": 10, "Actual Loops": 1, "Inner Unique": false, "Hash Cond": "(mc.movie_id = t.id), (LLVM Optimized, Jit Execute)", "Plans": [{"Node Type": "Hash Join", "Parent Relationship": "Outer", "Join Type": "Inner", "Startup Cost": 6968.08, "Total Cost": 71392.69, "Plan Rows": 1282311, "Plan Width": 8, "Actual Startup Time": 112.673, "Actual Total Time": 1492.413, "Actual Rows": 1153797, "Actual Loops": 1, "Inner Unique": true, "Hash Cond": "(mc.company_id = cn.id), (LLVM Optimized, Jit Execute)", "Plans": [{"Node Type": "Seq Scan", "Parent Relationship": "Outer", "Relation Name": "movie_companies", "Alias": "mc", "Startup Cost": 0.0, "Total Cost": 41817.28, "Plan Rows": 2609128, "Plan Width": 12, "Actual Startup Time": 0.016, "Actual Total Time": 568.795, "Actual Rows": 2609128, "Actual Loops": 1}, {"Node Type": "Hash", "Parent Relationship": "Inner", "Startup Cost": 5903.45, "Total Cost": 5903.45, "Plan Rows": 85170, "Plan Width": 4, "Actual Startup Time": 112.55, "Actual Total Time": 112.55, "Actual Rows": 84843, "Actual Loops": 1, "Hash Buckets": 131072, "Hash Batches": 1, "Original Hash Batches": 1, "Peak Memory Usage": 2983, "Plans": [{"Node Type": "Seq Scan", "Parent Relationship": "Outer", "Relation Name": "company_name", "Alias": "cn", "Startup Cost": 0.0, "Total Cost": 5903.45, "Plan Rows": 85170, "Plan Width": 4, "Actual Startup Time": 0.027, "Actual Total Time": 89.932, "Actual Rows": 84843, "Actual Loops": 1, "Filter": "((country_code)::text = '[us]'::text)", "Rows Removed by Filter": 150153}]}]}, {"Node Type": "Hash", "Parent Relationship": "Inner", "Startup Cost": 912029.03, "Total Cost": 912029.03, "Plan Rows": 954323, "Plan Width": 45, "Actual Startup Time": 14488.293, "Actual Total Time": 14488.293, "Actual Rows": 12, "Actual Loops": 1, "Hash Buckets": 1048576, "Hash Batches": 1, "Original Hash Batches": 1, "Peak Memory Usage": 1, "Plans": [{"Node Type": "Hash Join", "Parent Relationship": "Outer", "Join Type": "Inner", "Startup Cost": 194997.99, "Total Cost": 912029.03, "Plan Rows": 954323, "Plan Width": 45, "Actual Startup Time": 4529.624, "Actual Total Time": 14488.212, "Actual Rows": 12, "Actual Loops": 1, "Inner Unique": true, "Hash Cond": "(ci.movie_id = t.id), (LLVM Optimized, Jit Execute)", "Plans": [{"Node Type": "Hash Join", "Parent Relationship": "Outer", "Join Type": "Inner", "Startup Cost": 106747.61, "Total Cost": 811624.17, "Plan Rows": 696330, "Plan Width": 24, "Actual Startup Time": 2991.698, "Actual Total Time": 12936.256, "Actual Rows": 15, "Actual Loops": 1, "Inner Unique": true, "Hash Cond": "(ci.person_role_id = chn.id), (LLVM Optimized, Jit Execute)", "Plans": [{"Node Type": "Seq Scan", "Parent Relationship": "Outer", "Relation Name": "cast_info", "Alias": "ci", "Startup Cost": 0.0, "Total Cost": 692526.68, "Plan Rows": 1436424, "Plan Width": 12, "Actual Startup Time": 689.018, "Actual Total Time": 10483.608, "Actual Rows": 1435439, "Actual Loops": 1, "Filter": "((note)::text ~~ '%(producer)%'::text), (LLVM Optimized, Jit Execute)", "Rows Removed by Filter": 34808904}, {"Node Type": "Hash", "Parent Relationship": "Inner", "Startup Cost": 67493.38, "Total Cost": 67493.38, "Plan Rows": 3140338, "Plan Width": 20, "Actual Startup Time": 2297.894, "Actual Total Time": 2297.894, "Actual Rows": 3140338, "Actual Loops": 1, "Hash Buckets": 4194304, "Hash Batches": 1, "Original Hash Batches": 1, "Peak Memory Usage": 165269, "Plans": [{"Node Type": "Seq Scan", "Parent Relationship": "Outer", "Relation Name": "char_name", "Alias": "chn", "Startup Cost": 0.0, "Total Cost": 67493.38, "Plan Rows": 3140338, "Plan Width": 20, "Actual Startup Time": 0.047, "Actual Total Time": 983.534, "Actual Rows": 3140338, "Actual Loops": 1}]}]}, {"Node Type": "Hash", "Parent Relationship": "Inner", "Startup Cost": 66389.89, "Total Cost": 66389.89, "Plan Rows": 1748840, "Plan Width": 21, "Actual Startup Time": 1536.691, "Actual Total Time": 1536.691, "Actual Rows": 1749032, "Actual Loops": 1, "Hash Buckets": 2097152, "Hash Batches": 1, "Original Hash Batches": 1, "Peak Memory Usage": 93635, "Plans": [{"Node Type": "Seq Scan", "Parent Relationship": "Outer", "Relation Name": "title", "Alias": "t", "Startup Cost": 0.0, "Total Cost": 66389.89, "Plan Rows": 1748840, "Plan Width": 21, "Actual Startup Time": 0.032, "Actual Total Time": 903.509, "Actual Rows": 1749032, "Actual Loops": 1, "Filter": "(production_year > 1990), (LLVM Optimized, Jit Execute)", "Rows Removed by Filter": 779279}]}]}]}]}, {"Node Type": "Hash", "Parent Relationship": "Inner", "Startup Cost": 1.03, "Total Cost": 1.03, "Plan Rows": 3, "Plan Width": 4, "Actual Startup Time": 0.007, "Actual Total Time": 0.007, "Actual Rows": 3, "Actual Loops": 1, "Hash Buckets": 32768, "Hash Batches": 1, "Original Hash Batches": 1, "Peak Memory Usage": 1, "Plans": [{"Node Type": "Seq Scan", "Parent Relationship": "Outer", "Relation Name": "company_type", "Alias": "ct", "Startup Cost": 0.0, "Total Cost": 1.03, "Plan Rows": 3, "Plan Width": 4, "Actual Startup Time": 0.003, "Actual Total Time": 0.003, "Actual Rows": 3, "Actual Loops": 1}]}]}, {"Node Type": "Hash", "Parent Relationship": "Inner", "Startup Cost": 1.12, "Total Cost": 1.12, "Plan Rows": 12, "Plan Width": 4, "Actual Startup Time": 0.039, "Actual Total Time": 0.039, "Actual Rows": 12, "Actual Loops": 1, "Hash Buckets": 32768, "Hash Batches": 1, "Original Hash Batches": 1, "Peak Memory Usage": 1, "Plans": [{"Node Type": "Seq Scan", "Parent Relationship": "Outer", "Relation Name": "role_type", "Alias": "rt", "Startup Cost": 0.0, "Total Cost": 1.12, "Plan Rows": 12, "Plan Width": 4, "Actual Startup Time": 0.018, "Actual Total Time": 0.024, "Actual Rows": 12, "Actual Loops": 1}]}]}]}, "Triggers": [], "Planner Runtime": 41.396, "Total Runtime": 16199.863, "Unique SQL Id": 3145361615}}, "(1, 65)": {"explain_plan": {"Plan": {"Node Type": "Aggregate", "Strategy": "Plain", "Startup Cost": 1476554.64, "Total Cost": 1476554.65, "Plan Rows": 1, "Plan Width": 97, "Plans": [{"Node Type": "Hash Join", "Parent Relationship": "Outer", "Join Type": "Inner", "Startup Cost": 391129.15, "Total Cost": 1471707.57, "Plan Rows": 969413, "Plan Width": 33, "Inner Unique": true, "Hash Cond": "(mc.company_type_id = ct.id), (LLVM Optimized)", "Plans": [{"Node Type": "Hash Join", "Parent Relationship": "Outer", "Join Type": "Inner", "Startup Cost": 391120.82, "Total Cost": 1458369.81, "Plan Rows": 969413, "Plan Width": 37, "Inner Unique": false, "Hash Cond": "(ci.movie_id = t.id), (LLVM Optimized)", "Plans": [{"Node Type": "Hash Join", "Parent Relationship": "Outer", "Join Type": "Inner", "Startup Cost": 80683.05, "Total Cost": 1135626.49, "Plan Rows": 696330, "Plan Width": 20, "Inner Unique": true, "Hash Cond": "(ci.role_id = rt.id), (LLVM Optimized)", "Plans": [{"Node Type": "Merge Join", "Parent Relationship": "Outer", "Join Type": "Inner", "Startup Cost": 80674.47, "Total Cost": 1126861.56, "Plan Rows": 696330, "Plan Width": 24, "Inner Unique": false, "Merge Cond": "(chn.id = ci.person_role_id)", "Plans": [{"Node Type": "Index Scan", "Parent Relationship": "Outer", "Scan Direction": "Forward", "Index Name": "char_name_pkey", "Relation Name": "char_name", "Alias": "chn", "Startup Cost": 0.0, "Total Cost": 129875.46, "Plan Rows": 3140338, "Plan Width": 20}, {"Node Type": "Index Scan", "Parent Relationship": "Inner", "Scan Direction": "Forward", "Index Name": "person_role_id_cast_info", "Relation Name": "cast_info", "Alias": "ci", "Startup Cost": 0.0, "Total Cost": 2022508.08, "Plan Rows": 1436424, "Plan Width": 12, "Filter": "((note)::text ~~ '%(producer)%'::text), (LLVM Optimized)"}]}, {"Node Type": "Hash", "Parent Relationship": "Inner", "Startup Cost": 8.43, "Total Cost": 8.43, "Plan Rows": 12, "Plan Width": 4, "Plans": [{"Node Type": "Index Only Scan", "Parent Relationship": "Outer", "Scan Direction": "Forward", "Index Name": "role_type_pkey", "Relation Name": "role_type", "Alias": "rt", "Startup Cost": 0.0, "Total Cost": 8.43, "Plan Rows": 12, "Plan Width": 4}]}]}, {"Node Type": "Hash", "Parent Relationship": "Inner", "Startup Cost": 288231.21, "Total Cost": 288231.21, "Plan Rows": 1776525, "Plan Width": 29, "Plans": [{"Node Type": "Hash Join", "Parent Relationship": "Outer", "Join Type": "Inner", "Startup Cost": 149867.78, "Total Cost": 288231.21, "Plan Rows": 1776525, "Plan Width": 29, "Inner Unique": true, "Hash Cond": "(mc.movie_id = t.id), (LLVM Optimized)", "Plans": [{"Node Type": "Hash Join", "Parent Relationship": "Outer", "Join Type": "Inner", "Startup Cost": 11566.01, "Total Cost": 127355.52, "Plan Rows": 1282311, "Plan Width": 8, "Inner Unique": true, "Hash Cond": "(mc.company_id = cn.id), (LLVM Optimized)", "Plans": [{"Node Type": "Index Scan", "Parent Relationship": "Outer", "Scan Direction": "Forward", "Index Name": "company_type_id_movie_companies", "Relation Name": "movie_companies", "Alias": "mc", "Startup Cost": 0.0, "Total Cost": 93182.17, "Plan Rows": 2609128, "Plan Width": 12}, {"Node Type": "Hash", "Parent Relationship": "Inner", "Startup Cost": 10501.39, "Total Cost": 10501.39, "Plan Rows": 85170, "Plan Width": 4, "Plans": [{"Node Type": "Index Scan", "Parent Relationship": "Outer", "Scan Direction": "Forward", "Index Name": "company_name_pkey", "Relation Name": "company_name", "Alias": "cn", "Startup Cost": 0.0, "Total Cost": 10501.39, "Plan Rows": 85170, "Plan Width": 4, "Filter": "((country_code)::text = '[us]'::text)"}]}]}, {"Node Type": "Hash", "Parent Relationship": "Inner", "Startup Cost": 116441.27, "Total Cost": 116441.27, "Plan Rows": 1748840, "Plan Width": 21, "Plans": [{"Node Type": "Index Scan", "Parent Relationship": "Outer", "Scan Direction": "Forward", "Index Name": "title_pkey", "Relation Name": "title", "Alias": "t", "Startup Cost": 0.0, "Total Cost": 116441.27, "Plan Rows": 1748840, "Plan Width": 21, "Filter": "(production_year > 1990), (LLVM Optimized)"}]}]}]}]}, {"Node Type": "Hash", "Parent Relationship": "Inner", "Startup Cost": 8.29, "Total Cost": 8.29, "Plan Rows": 3, "Plan Width": 4, "Plans": [{"Node Type": "Index Only Scan", "Parent Relationship": "Outer", "Scan Direction": "Forward", "Index Name": "company_type_pkey", "Relation Name": "company_type", "Alias": "ct", "Startup Cost": 0.0, "Total Cost": 8.29, "Plan Rows": 3, "Plan Width": 4}]}]}]}, "Unique SQL Id": 3145361615}, "explain_analyze_plan": {"Plan": {"Node Type": "Aggregate", "Strategy": "Plain", "Startup Cost": 1476554.64, "Total Cost": 1476554.65, "Plan Rows": 1, "Plan Width": 97, "Actual Startup Time": 24092.525, "Actual Total Time": 24092.526, "Actual Rows": 1, "Actual Loops": 1, "Plans": [{"Node Type": "Hash Join", "Parent Relationship": "Outer", "Join Type": "Inner", "Startup Cost": 391129.15, "Total Cost": 1471707.57, "Plan Rows": 969413, "Plan Width": 33, "Actual Startup Time": 7259.474, "Actual Total Time": 24092.475, "Actual Rows": 4, "Actual Loops": 1, "Inner Unique": true, "Hash Cond": "(mc.company_type_id = ct.id), (LLVM Optimized, Jit Execute)", "Plans": [{"Node Type": "Hash Join", "Parent Relationship": "Outer", "Join Type": "Inner", "Startup Cost": 391120.82, "Total Cost": 1458369.81, "Plan Rows": 969413, "Plan Width": 37, "Actual Startup Time": 7259.401, "Actual Total Time": 24090.968, "Actual Rows": 10, "Actual Loops": 1, "Inner Unique": false, "Hash Cond": "(ci.movie_id = t.id), (LLVM Optimized, Jit Execute)", "Plans": [{"Node Type": "Hash Join", "Parent Relationship": "Outer", "Join Type": "Inner", "Startup Cost": 80683.05, "Total Cost": 1135626.49, "Plan Rows": 696330, "Plan Width": 20, "Actual Startup Time": 153.183, "Actual Total Time": 16984.585, "Actual Rows": 15, "Actual Loops": 1, "Inner Unique": true, "Hash Cond": "(ci.role_id = rt.id), (LLVM Optimized, Jit Execute)", "Plans": [{"Node Type": "Merge Join", "Parent Relationship": "Outer", "Join Type": "Inner", "Startup Cost": 80674.47, "Total Cost": 1126861.56, "Plan Rows": 696330, "Plan Width": 24, "Actual Startup Time": 153.116, "Actual Total Time": 16984.43, "Actual Rows": 15, "Actual Loops": 1, "Inner Unique": false, "Merge Cond": "(chn.id = ci.person_role_id)", "Plans": [{"Node Type": "Index Scan", "Parent Relationship": "Outer", "Scan Direction": "Forward", "Index Name": "char_name_pkey", "Relation Name": "char_name", "Alias": "chn", "Startup Cost": 0.0, "Total Cost": 129875.46, "Plan Rows": 3140338, "Plan Width": 20, "Actual Startup Time": 0.024, "Actual Total Time": 909.418, "Actual Rows": 881591, "Actual Loops": 1}, {"Node Type": "Index Scan", "Parent Relationship": "Inner", "Scan Direction": "Forward", "Index Name": "person_role_id_cast_info", "Relation Name": "cast_info", "Alias": "ci", "Startup Cost": 0.0, "Total Cost": 2022508.08, "Plan Rows": 1436424, "Plan Width": 12, "Actual Startup Time": 153.073, "Actual Total Time": 15951.655, "Actual Rows": 16, "Actual Loops": 1, "Filter": "((note)::text ~~ '%(producer)%'::text), (LLVM Optimized, Jit Execute)", "Rows Removed by Filter": 20122645}]}, {"Node Type": "Hash", "Parent Relationship": "Inner", "Startup Cost": 8.43, "Total Cost": 8.43, "Plan Rows": 12, "Plan Width": 4, "Actual Startup Time": 0.009, "Actual Total Time": 0.009, "Actual Rows": 12, "Actual Loops": 1, "Hash Buckets": 32768, "Hash Batches": 1, "Original Hash Batches": 1, "Peak Memory Usage": 1, "Plans": [{"Node Type": "Index Only Scan", "Parent Relationship": "Outer", "Scan Direction": "Forward", "Index Name": "role_type_pkey", "Relation Name": "role_type", "Alias": "rt", "Startup Cost": 0.0, "Total Cost": 8.43, "Plan Rows": 12, "Plan Width": 4, "Actual Startup Time": 0.002, "Actual Total Time": 0.003, "Actual Rows": 12, "Actual Loops": 1, "Heap Fetches": 0}]}]}, {"Node Type": "Hash", "Parent Relationship": "Inner", "Startup Cost": 288231.21, "Total Cost": 288231.21, "Plan Rows": 1776525, "Plan Width": 29, "Actual Startup Time": 7102.265, "Actual Total Time": 7102.265, "Actual Rows": 596249, "Actual Loops": 1, "Hash Buckets": 2097152, "Hash Batches": 1, "Original Hash Batches": 1, "Peak Memory Usage": 37921, "Plans": [{"Node Type": "Hash Join", "Parent Relationship": "Outer", "Join Type": "Inner", "Startup Cost": 149867.78, "Total Cost": 288231.21, "Plan Rows": 1776525, "Plan Width": 29, "Actual Startup Time": 4369.395, "Actual Total Time": 6883.537, "Actual Rows": 596249, "Actual Loops": 1, "Inner Unique": true, "Hash Cond": "(mc.movie_id = t.id), (LLVM Optimized, Jit Execute)", "Plans": [{"Node Type": "Hash Join", "Parent Relationship": "Outer", "Join Type": "Inner", "Startup Cost": 11566.01, "Total Cost": 127355.52, "Plan Rows": 1282311, "Plan Width": 8, "Actual Startup Time": 312.034, "Actual Total Time": 2352.022, "Actual Rows": 1153797, "Actual Loops": 1, "Inner Unique": true, "Hash Cond": "(mc.company_id = cn.id), (LLVM Optimized, Jit Execute)", "Plans": [{"Node Type": "Index Scan", "Parent Relationship": "Outer", "Scan Direction": "Forward", "Index Name": "company_type_id_movie_companies", "Relation Name": "movie_companies", "Alias": "mc", "Startup Cost": 0.0, "Total Cost": 93182.17, "Plan Rows": 2609128, "Plan Width": 12, "Actual Startup Time": 0.046, "Actual Total Time": 1211.245, "Actual Rows": 2609128, "Actual Loops": 1}, {"Node Type": "Hash", "Parent Relationship": "Inner", "Startup Cost": 10501.39, "Total Cost": 10501.39, "Plan Rows": 85170, "Plan Width": 4, "Actual Startup Time": 311.878, "Actual Total Time": 311.878, "Actual Rows": 84843, "Actual Loops": 1, "Hash Buckets": 131072, "Hash Batches": 1, "Original Hash Batches": 1, "Peak Memory Usage": 2983, "Plans": [{"Node Type": "Index Scan", "Parent Relationship": "Outer", "Scan Direction": "Forward", "Index Name": "company_name_pkey", "Relation Name": "company_name", "Alias": "cn", "Startup Cost": 0.0, "Total Cost": 10501.39, "Plan Rows": 85170, "Plan Width": 4, "Actual Startup Time": 0.032, "Actual Total Time": 286.34, "Actual Rows": 84843, "Actual Loops": 1, "Filter": "((country_code)::text = '[us]'::text)", "Rows Removed by Filter": 150153}]}]}, {"Node Type": "Hash", "Parent Relationship": "Inner", "Startup Cost": 116441.27, "Total Cost": 116441.27, "Plan Rows": 1748840, "Plan Width": 21, "Actual Startup Time": 4056.117, "Actual Total Time": 4056.117, "Actual Rows": 1749032, "Actual Loops": 1, "Hash Buckets": 2097152, "Hash Batches": 1, "Original Hash Batches": 1, "Peak Memory Usage": 93635, "Plans": [{"Node Type": "Index Scan", "Parent Relationship": "Outer", "Scan Direction": "Forward", "Index Name": "title_pkey", "Relation Name": "title", "Alias": "t", "Startup Cost": 0.0, "Total Cost": 116441.27, "Plan Rows": 1748840, "Plan Width": 21, "Actual Startup Time": 0.046, "Actual Total Time": 3321.627, "Actual Rows": 1749032, "Actual Loops": 1, "Filter": "(production_year > 1990), (LLVM Optimized, Jit Execute)", "Rows Removed by Filter": 779279}]}]}]}]}, {"Node Type": "Hash", "Parent Relationship": "Inner", "Startup Cost": 8.29, "Total Cost": 8.29, "Plan Rows": 3, "Plan Width": 4, "Actual Startup Time": 0.025, "Actual Total Time": 0.025, "Actual Rows": 3, "Actual Loops": 1, "Hash Buckets": 32768, "Hash Batches": 1, "Original Hash Batches": 1, "Peak Memory Usage": 1, "Plans": [{"Node Type": "Index Only Scan", "Parent Relationship": "Outer", "Scan Direction": "Forward", "Index Name": "company_type_pkey", "Relation Name": "company_type", "Alias": "ct", "Startup Cost": 0.0, "Total Cost": 8.29, "Plan Rows": 3, "Plan Width": 4, "Actual Startup Time": 0.01, "Actual Total Time": 0.012, "Actual Rows": 3, "Actual Loops": 1, "Heap Fetches": 0}]}]}]}, "Triggers": [], "Planner Runtime": 34.516, "Total Runtime": 24103.809, "Unique SQL Id": 3145361615}}, "(1, 66)": {"explain_plan": {"Plan": {"Node Type": "Aggregate", "Strategy": "Plain", "Startup Cost": 1041361.98, "Total Cost": 1041361.99, "Plan Rows": 1, "Plan Width": 97, "Plans": [{"Node Type": "Hash Join", "Parent Relationship": "Outer", "Join Type": "Inner", "Startup Cost": 930928.48, "Total Cost": 1036514.92, "Plan Rows": 969413, "Plan Width": 33, "Inner Unique": true, "Hash Cond": "(ci.role_id = rt.id), (LLVM Optimized)", "Plans": [{"Node Type": "Hash Join", "Parent Relationship": "Outer", "Join Type": "Inner", "Startup Cost": 930927.21, "Total Cost": 1023184.22, "Plan Rows": 969413, "Plan Width": 37, "Inner Unique": true, "Hash Cond": "(mc.company_type_id = ct.id), (LLVM Optimized)", "Plans": [{"Node Type": "Hash Join", "Parent Relationship": "Outer", "Join Type": "Inner", "Startup Cost": 930926.14, "Total Cost": 1009853.72, "Plan Rows": 969413, "Plan Width": 41, "Inner Unique": false, "Hash Cond": "(mc.movie_id = t.id), (LLVM Optimized)", "Plans": [{"Node Type": "Hash Join", "Parent Relationship": "Outer", "Join Type": "Inner", "Startup Cost": 6968.08, "Total Cost": 71392.69, "Plan Rows": 1282311, "Plan Width": 8, "Inner Unique": true, "Hash Cond": "(mc.company_id = cn.id), (LLVM Optimized)", "Plans": [{"Node Type": "Seq Scan", "Parent Relationship": "Outer", "Relation Name": "movie_companies", "Alias": "mc", "Startup Cost": 0.0, "Total Cost": 41817.28, "Plan Rows": 2609128, "Plan Width": 12}, {"Node Type": "Hash", "Parent Relationship": "Inner", "Startup Cost": 5903.45, "Total Cost": 5903.45, "Plan Rows": 85170, "Plan Width": 4, "Plans": [{"Node Type": "Seq Scan", "Parent Relationship": "Outer", "Relation Name": "company_name", "Alias": "cn", "Startup Cost": 0.0, "Total Cost": 5903.45, "Plan Rows": 85170, "Plan Width": 4, "Filter": "((country_code)::text = '[us]'::text)"}]}]}, {"Node Type": "Hash", "Parent Relationship": "Inner", "Startup Cost": 912029.03, "Total Cost": 912029.03, "Plan Rows": 954323, "Plan Width": 45, "Plans": [{"Node Type": "Hash Join", "Parent Relationship": "Outer", "Join Type": "Inner", "Startup Cost": 194997.99, "Total Cost": 912029.03, "Plan Rows": 954323, "Plan Width": 45, "Inner Unique": true, "Hash Cond": "(ci.movie_id = t.id), (LLVM Optimized)", "Plans": [{"Node Type": "Hash Join", "Parent Relationship": "Outer", "Join Type": "Inner", "Startup Cost": 106747.61, "Total Cost": 811624.17, "Plan Rows": 696330, "Plan Width": 24, "Inner Unique": true, "Hash Cond": "(ci.person_role_id = chn.id), (LLVM Optimized)", "Plans": [{"Node Type": "Seq Scan", "Parent Relationship": "Outer", "Relation Name": "cast_info", "Alias": "ci", "Startup Cost": 0.0, "Total Cost": 692526.68, "Plan Rows": 1436424, "Plan Width": 12, "Filter": "((note)::text ~~ '%(producer)%'::text), (LLVM Optimized)"}, {"Node Type": "Hash", "Parent Relationship": "Inner", "Startup Cost": 67493.38, "Total Cost": 67493.38, "Plan Rows": 3140338, "Plan Width": 20, "Plans": [{"Node Type": "Seq Scan", "Parent Relationship": "Outer", "Relation Name": "char_name", "Alias": "chn", "Startup Cost": 0.0, "Total Cost": 67493.38, "Plan Rows": 3140338, "Plan Width": 20}]}]}, {"Node Type": "Hash", "Parent Relationship": "Inner", "Startup Cost": 66389.89, "Total Cost": 66389.89, "Plan Rows": 1748840, "Plan Width": 21, "Plans": [{"Node Type": "Seq Scan", "Parent Relationship": "Outer", "Relation Name": "title", "Alias": "t", "Startup Cost": 0.0, "Total Cost": 66389.89, "Plan Rows": 1748840, "Plan Width": 21, "Filter": "(production_year > 1990), (LLVM Optimized)"}]}]}]}]}, {"Node Type": "Hash", "Parent Relationship": "Inner", "Startup Cost": 1.03, "Total Cost": 1.03, "Plan Rows": 3, "Plan Width": 4, "Plans": [{"Node Type": "Seq Scan", "Parent Relationship": "Outer", "Relation Name": "company_type", "Alias": "ct", "Startup Cost": 0.0, "Total Cost": 1.03, "Plan Rows": 3, "Plan Width": 4}]}]}, {"Node Type": "Hash", "Parent Relationship": "Inner", "Startup Cost": 1.12, "Total Cost": 1.12, "Plan Rows": 12, "Plan Width": 4, "Plans": [{"Node Type": "Seq Scan", "Parent Relationship": "Outer", "Relation Name": "role_type", "Alias": "rt", "Startup Cost": 0.0, "Total Cost": 1.12, "Plan Rows": 12, "Plan Width": 4}]}]}]}, "Unique SQL Id": 3145361615}, "explain_analyze_plan": {"Plan": {"Node Type": "Aggregate", "Strategy": "Plain", "Startup Cost": 1041361.98, "Total Cost": 1041361.99, "Plan Rows": 1, "Plan Width": 97, "Actual Startup Time": 16188.609, "Actual Total Time": 16188.61, "Actual Rows": 1, "Actual Loops": 1, "Plans": [{"Node Type": "Hash Join", "Parent Relationship": "Outer", "Join Type": "Inner", "Startup Cost": 930928.48, "Total Cost": 1036514.92, "Plan Rows": 969413, "Plan Width": 33, "Actual Startup Time": 15828.872, "Actual Total Time": 16188.552, "Actual Rows": 4, "Actual Loops": 1, "Inner Unique": true, "Hash Cond": "(ci.role_id = rt.id), (LLVM Optimized, Jit Execute)", "Plans": [{"Node Type": "Hash Join", "Parent Relationship": "Outer", "Join Type": "Inner", "Startup Cost": 930927.21, "Total Cost": 1023184.22, "Plan Rows": 969413, "Plan Width": 37, "Actual Startup Time": 15828.776, "Actual Total Time": 16188.441, "Actual Rows": 4, "Actual Loops": 1, "Inner Unique": true, "Hash Cond": "(mc.company_type_id = ct.id), (LLVM Optimized, Jit Execute)", "Plans": [{"Node Type": "Hash Join", "Parent Relationship": "Outer", "Join Type": "Inner", "Startup Cost": 930926.14, "Total Cost": 1009853.72, "Plan Rows": 969413, "Plan Width": 41, "Actual Startup Time": 15005.566, "Actual Total Time": 16188.307, "Actual Rows": 10, "Actual Loops": 1, "Inner Unique": false, "Hash Cond": "(mc.movie_id = t.id), (LLVM Optimized, Jit Execute)", "Plans": [{"Node Type": "Hash Join", "Parent Relationship": "Outer", "Join Type": "Inner", "Startup Cost": 6968.08, "Total Cost": 71392.69, "Plan Rows": 1282311, "Plan Width": 8, "Actual Startup Time": 112.673, "Actual Total Time": 1492.413, "Actual Rows": 1153797, "Actual Loops": 1, "Inner Unique": true, "Hash Cond": "(mc.company_id = cn.id), (LLVM Optimized, Jit Execute)", "Plans": [{"Node Type": "Seq Scan", "Parent Relationship": "Outer", "Relation Name": "movie_companies", "Alias": "mc", "Startup Cost": 0.0, "Total Cost": 41817.28, "Plan Rows": 2609128, "Plan Width": 12, "Actual Startup Time": 0.016, "Actual Total Time": 568.795, "Actual Rows": 2609128, "Actual Loops": 1}, {"Node Type": "Hash", "Parent Relationship": "Inner", "Startup Cost": 5903.45, "Total Cost": 5903.45, "Plan Rows": 85170, "Plan Width": 4, "Actual Startup Time": 112.55, "Actual Total Time": 112.55, "Actual Rows": 84843, "Actual Loops": 1, "Hash Buckets": 131072, "Hash Batches": 1, "Original Hash Batches": 1, "Peak Memory Usage": 2983, "Plans": [{"Node Type": "Seq Scan", "Parent Relationship": "Outer", "Relation Name": "company_name", "Alias": "cn", "Startup Cost": 0.0, "Total Cost": 5903.45, "Plan Rows": 85170, "Plan Width": 4, "Actual Startup Time": 0.027, "Actual Total Time": 89.932, "Actual Rows": 84843, "Actual Loops": 1, "Filter": "((country_code)::text = '[us]'::text)", "Rows Removed by Filter": 150153}]}]}, {"Node Type": "Hash", "Parent Relationship": "Inner", "Startup Cost": 912029.03, "Total Cost": 912029.03, "Plan Rows": 954323, "Plan Width": 45, "Actual Startup Time": 14488.293, "Actual Total Time": 14488.293, "Actual Rows": 12, "Actual Loops": 1, "Hash Buckets": 1048576, "Hash Batches": 1, "Original Hash Batches": 1, "Peak Memory Usage": 1, "Plans": [{"Node Type": "Hash Join", "Parent Relationship": "Outer", "Join Type": "Inner", "Startup Cost": 194997.99, "Total Cost": 912029.03, "Plan Rows": 954323, "Plan Width": 45, "Actual Startup Time": 4529.624, "Actual Total Time": 14488.212, "Actual Rows": 12, "Actual Loops": 1, "Inner Unique": true, "Hash Cond": "(ci.movie_id = t.id), (LLVM Optimized, Jit Execute)", "Plans": [{"Node Type": "Hash Join", "Parent Relationship": "Outer", "Join Type": "Inner", "Startup Cost": 106747.61, "Total Cost": 811624.17, "Plan Rows": 696330, "Plan Width": 24, "Actual Startup Time": 2991.698, "Actual Total Time": 12936.256, "Actual Rows": 15, "Actual Loops": 1, "Inner Unique": true, "Hash Cond": "(ci.person_role_id = chn.id), (LLVM Optimized, Jit Execute)", "Plans": [{"Node Type": "Seq Scan", "Parent Relationship": "Outer", "Relation Name": "cast_info", "Alias": "ci", "Startup Cost": 0.0, "Total Cost": 692526.68, "Plan Rows": 1436424, "Plan Width": 12, "Actual Startup Time": 689.018, "Actual Total Time": 10483.608, "Actual Rows": 1435439, "Actual Loops": 1, "Filter": "((note)::text ~~ '%(producer)%'::text), (LLVM Optimized, Jit Execute)", "Rows Removed by Filter": 34808904}, {"Node Type": "Hash", "Parent Relationship": "Inner", "Startup Cost": 67493.38, "Total Cost": 67493.38, "Plan Rows": 3140338, "Plan Width": 20, "Actual Startup Time": 2297.894, "Actual Total Time": 2297.894, "Actual Rows": 3140338, "Actual Loops": 1, "Hash Buckets": 4194304, "Hash Batches": 1, "Original Hash Batches": 1, "Peak Memory Usage": 165269, "Plans": [{"Node Type": "Seq Scan", "Parent Relationship": "Outer", "Relation Name": "char_name", "Alias": "chn", "Startup Cost": 0.0, "Total Cost": 67493.38, "Plan Rows": 3140338, "Plan Width": 20, "Actual Startup Time": 0.047, "Actual Total Time": 983.534, "Actual Rows": 3140338, "Actual Loops": 1}]}]}, {"Node Type": "Hash", "Parent Relationship": "Inner", "Startup Cost": 66389.89, "Total Cost": 66389.89, "Plan Rows": 1748840, "Plan Width": 21, "Actual Startup Time": 1536.691, "Actual Total Time": 1536.691, "Actual Rows": 1749032, "Actual Loops": 1, "Hash Buckets": 2097152, "Hash Batches": 1, "Original Hash Batches": 1, "Peak Memory Usage": 93635, "Plans": [{"Node Type": "Seq Scan", "Parent Relationship": "Outer", "Relation Name": "title", "Alias": "t", "Startup Cost": 0.0, "Total Cost": 66389.89, "Plan Rows": 1748840, "Plan Width": 21, "Actual Startup Time": 0.032, "Actual Total Time": 903.509, "Actual Rows": 1749032, "Actual Loops": 1, "Filter": "(production_year > 1990), (LLVM Optimized, Jit Execute)", "Rows Removed by Filter": 779279}]}]}]}]}, {"Node Type": "Hash", "Parent Relationship": "Inner", "Startup Cost": 1.03, "Total Cost": 1.03, "Plan Rows": 3, "Plan Width": 4, "Actual Startup Time": 0.007, "Actual Total Time": 0.007, "Actual Rows": 3, "Actual Loops": 1, "Hash Buckets": 32768, "Hash Batches": 1, "Original Hash Batches": 1, "Peak Memory Usage": 1, "Plans": [{"Node Type": "Seq Scan", "Parent Relationship": "Outer", "Relation Name": "company_type", "Alias": "ct", "Startup Cost": 0.0, "Total Cost": 1.03, "Plan Rows": 3, "Plan Width": 4, "Actual Startup Time": 0.003, "Actual Total Time": 0.003, "Actual Rows": 3, "Actual Loops": 1}]}]}, {"Node Type": "Hash", "Parent Relationship": "Inner", "Startup Cost": 1.12, "Total Cost": 1.12, "Plan Rows": 12, "Plan Width": 4, "Actual Startup Time": 0.039, "Actual Total Time": 0.039, "Actual Rows": 12, "Actual Loops": 1, "Hash Buckets": 32768, "Hash Batches": 1, "Original Hash Batches": 1, "Peak Memory Usage": 1, "Plans": [{"Node Type": "Seq Scan", "Parent Relationship": "Outer", "Relation Name": "role_type", "Alias": "rt", "Startup Cost": 0.0, "Total Cost": 1.12, "Plan Rows": 12, "Plan Width": 4, "Actual Startup Time": 0.018, "Actual Total Time": 0.024, "Actual Rows": 12, "Actual Loops": 1}]}]}]}, "Triggers": [], "Planner Runtime": 41.396, "Total Runtime": 16199.863, "Unique SQL Id": 3145361615}}, "(1, 67)": {"explain_plan": {"Plan": {"Node Type": "Aggregate", "Strategy": "Plain", "Startup Cost": 1000042785415.19, "Total Cost": 1000042785415.2, "Plan Rows": 1, "Plan Width": 97, "Plans": [{"Node Type": "Nested Loop", "Parent Relationship": "Outer", "Join Type": "Inner", "Startup Cost": 10000000001.85, "Total Cost": 1000042780568.12, "Plan Rows": 969413, "Plan Width": 33, "Inner Unique": true, "Plans": [{"Node Type": "Nested Loop", "Parent Relationship": "Outer", "Join Type": "Inner", "Startup Cost": 10000000001.59, "Total Cost": 1000038631235.16, "Plan Rows": 969413, "Plan Width": 37, "Inner Unique": true, "Plans": [{"Node Type": "Nested Loop", "Parent Relationship": "Outer", "Join Type": "Inner", "Startup Cost": 10000000001.32, "Total Cost": 1000035624536.13, "Plan Rows": 699731, "Plan Width": 28, "Inner Unique": true, "Plans": [{"Node Type": "Nested Loop", "Parent Relationship": "Outer", "Join Type": "Inner", "Startup Cost": 10000000001.06, "Total Cost": 1000032629508.62, "Plan Rows": 699731, "Plan Width": 32, "Inner Unique": true, "Plans": [{"Node Type": "Nested Loop", "Parent Relationship": "Outer", "Join Type": "Inner", "Startup Cost": 10000000000.77, "Total Cost": 1000026404533.61, "Plan Rows": 1443440, "Plan Width": 20, "Inner Unique": false, "Plans": [{"Node Type": "Nested Loop", "Parent Relationship": "Outer", "Join Type": "Inner", "Startup Cost": 10000000000.26, "Total Cost": 1000020494063.94, "Plan Rows": 1282311, "Plan Width": 8, "Inner Unique": true, "Plans": [{"Node Type": "Index Scan", "Parent Relationship": "Outer", "Scan Direction": "Forward", "Index Name": "company_type_id_movie_companies", "Relation Name": "movie_companies", "Alias": "mc", "Startup Cost": 10000000000.0, "Total Cost": 1000009318217.0, "Plan Rows": 2609128, "Plan Width": 12}, {"Node Type": "Bitmap Heap Scan", "Parent Relationship": "Inner", "Relation Name": "company_name", "Alias": "cn", "Startup Cost": 0.26, "Total Cost": 4.27, "Plan Rows": 1, "Plan Width": 4, "Recheck Cond": "(id = mc.company_id)", "Filter": "((country_code)::text = '[us]'::text)", "Plans": [{"Node Type": "Bitmap Index Scan", "Parent Relationship": "Outer", "Index Name": "company_name_pkey", "Startup Cost": 0.0, "Total Cost": 0.26, "Plan Rows": 1, "Plan Width": 0, "Index Cond": "(id = mc.company_id)"}]}]}, {"Node Type": "Bitmap Heap Scan", "Parent Relationship": "Inner", "Relation Name": "cast_info", "Alias": "ci", "Startup Cost": 0.51, "Total Cost": 4.6, "Plan Rows": 1, "Plan Width": 12, "Recheck Cond": "(movie_id = mc.movie_id)", "Filter": "((note)::text ~~ '%(producer)%'::text)", "Plans": [{"Node Type": "Bitmap Index Scan", "Parent Relationship": "Outer", "Index Name": "movie_id_cast_info", "Startup Cost": 0.0, "Total Cost": 0.51, "Plan Rows": 6, "Plan Width": 0, "Index Cond": "(movie_id = mc.movie_id)"}]}]}, {"Node Type": "Bitmap Heap Scan", "Parent Relationship": "Inner", "Relation Name": "char_name", "Alias": "chn", "Startup Cost": 0.29, "Total Cost": 4.3, "Plan Rows": 1, "Plan Width": 20, "Recheck Cond": "(id = ci.person_role_id)", "Plans": [{"Node Type": "Bitmap Index Scan", "Parent Relationship": "Outer", "Index Name": "char_name_pkey", "Startup Cost": 0.0, "Total Cost": 0.29, "Plan Rows": 1, "Plan Width": 0, "Index Cond": "(id = ci.person_role_id)"}]}]}, {"Node Type": "Bitmap Heap Scan", "Parent Relationship": "Inner", "Relation Name": "role_type", "Alias": "rt", "Startup Cost": 0.26, "Total Cost": 4.27, "Plan Rows": 1, "Plan Width": 4, "Recheck Cond": "(id = ci.role_id)", "Plans": [{"Node Type": "Bitmap Index Scan", "Parent Relationship": "Outer", "Index Name": "role_type_pkey", "Startup Cost": 0.0, "Total Cost": 0.26, "Plan Rows": 1, "Plan Width": 0, "Index Cond": "(id = ci.role_id)"}]}]}, {"Node Type": "Bitmap Heap Scan", "Parent Relationship": "Inner", "Relation Name": "title", "Alias": "t", "Startup Cost": 0.27, "Total Cost": 4.29, "Plan Rows": 1, "Plan Width": 21, "Recheck Cond": "(id = mc.movie_id)", "Filter": "(production_year > 1990)", "Plans": [{"Node Type": "Bitmap Index Scan", "Parent Relationship": "Outer", "Index Name": "title_pkey", "Startup Cost": 0.0, "Total Cost": 0.27, "Plan Rows": 1, "Plan Width": 0, "Index Cond": "(id = mc.movie_id)"}]}]}, {"Node Type": "Bitmap Heap Scan", "Parent Relationship": "Inner", "Relation Name": "company_type", "Alias": "ct", "Startup Cost": 0.26, "Total Cost": 4.27, "Plan Rows": 1, "Plan Width": 4, "Recheck Cond": "(id = mc.company_type_id)", "Plans": [{"Node Type": "Bitmap Index Scan", "Parent Relationship": "Outer", "Index Name": "company_type_pkey", "Startup Cost": 0.0, "Total Cost": 0.26, "Plan Rows": 1, "Plan Width": 0, "Index Cond": "(id = mc.company_type_id)"}]}]}]}, "Unique SQL Id": 3145361615}, "explain_analyze_plan": null}, "(1, 68)": {"explain_plan": {"Plan": {"Node Type": "Aggregate", "Strategy": "Plain", "Startup Cost": 1041361.98, "Total Cost": 1041361.99, "Plan Rows": 1, "Plan Width": 97, "Plans": [{"Node Type": "Hash Join", "Parent Relationship": "Outer", "Join Type": "Inner", "Startup Cost": 930928.48, "Total Cost": 1036514.92, "Plan Rows": 969413, "Plan Width": 33, "Inner Unique": true, "Hash Cond": "(ci.role_id = rt.id), (LLVM Optimized)", "Plans": [{"Node Type": "Hash Join", "Parent Relationship": "Outer", "Join Type": "Inner", "Startup Cost": 930927.21, "Total Cost": 1023184.22, "Plan Rows": 969413, "Plan Width": 37, "Inner Unique": true, "Hash Cond": "(mc.company_type_id = ct.id), (LLVM Optimized)", "Plans": [{"Node Type": "Hash Join", "Parent Relationship": "Outer", "Join Type": "Inner", "Startup Cost": 930926.14, "Total Cost": 1009853.72, "Plan Rows": 969413, "Plan Width": 41, "Inner Unique": false, "Hash Cond": "(mc.movie_id = t.id), (LLVM Optimized)", "Plans": [{"Node Type": "Hash Join", "Parent Relationship": "Outer", "Join Type": "Inner", "Startup Cost": 6968.08, "Total Cost": 71392.69, "Plan Rows": 1282311, "Plan Width": 8, "Inner Unique": true, "Hash Cond": "(mc.company_id = cn.id), (LLVM Optimized)", "Plans": [{"Node Type": "Seq Scan", "Parent Relationship": "Outer", "Relation Name": "movie_companies", "Alias": "mc", "Startup Cost": 0.0, "Total Cost": 41817.28, "Plan Rows": 2609128, "Plan Width": 12}, {"Node Type": "Hash", "Parent Relationship": "Inner", "Startup Cost": 5903.45, "Total Cost": 5903.45, "Plan Rows": 85170, "Plan Width": 4, "Plans": [{"Node Type": "Seq Scan", "Parent Relationship": "Outer", "Relation Name": "company_name", "Alias": "cn", "Startup Cost": 0.0, "Total Cost": 5903.45, "Plan Rows": 85170, "Plan Width": 4, "Filter": "((country_code)::text = '[us]'::text)"}]}]}, {"Node Type": "Hash", "Parent Relationship": "Inner", "Startup Cost": 912029.03, "Total Cost": 912029.03, "Plan Rows": 954323, "Plan Width": 45, "Plans": [{"Node Type": "Hash Join", "Parent Relationship": "Outer", "Join Type": "Inner", "Startup Cost": 194997.99, "Total Cost": 912029.03, "Plan Rows": 954323, "Plan Width": 45, "Inner Unique": true, "Hash Cond": "(ci.movie_id = t.id), (LLVM Optimized)", "Plans": [{"Node Type": "Hash Join", "Parent Relationship": "Outer", "Join Type": "Inner", "Startup Cost": 106747.61, "Total Cost": 811624.17, "Plan Rows": 696330, "Plan Width": 24, "Inner Unique": true, "Hash Cond": "(ci.person_role_id = chn.id), (LLVM Optimized)", "Plans": [{"Node Type": "Seq Scan", "Parent Relationship": "Outer", "Relation Name": "cast_info", "Alias": "ci", "Startup Cost": 0.0, "Total Cost": 692526.68, "Plan Rows": 1436424, "Plan Width": 12, "Filter": "((note)::text ~~ '%(producer)%'::text), (LLVM Optimized)"}, {"Node Type": "Hash", "Parent Relationship": "Inner", "Startup Cost": 67493.38, "Total Cost": 67493.38, "Plan Rows": 3140338, "Plan Width": 20, "Plans": [{"Node Type": "Seq Scan", "Parent Relationship": "Outer", "Relation Name": "char_name", "Alias": "chn", "Startup Cost": 0.0, "Total Cost": 67493.38, "Plan Rows": 3140338, "Plan Width": 20}]}]}, {"Node Type": "Hash", "Parent Relationship": "Inner", "Startup Cost": 66389.89, "Total Cost": 66389.89, "Plan Rows": 1748840, "Plan Width": 21, "Plans": [{"Node Type": "Seq Scan", "Parent Relationship": "Outer", "Relation Name": "title", "Alias": "t", "Startup Cost": 0.0, "Total Cost": 66389.89, "Plan Rows": 1748840, "Plan Width": 21, "Filter": "(production_year > 1990), (LLVM Optimized)"}]}]}]}]}, {"Node Type": "Hash", "Parent Relationship": "Inner", "Startup Cost": 1.03, "Total Cost": 1.03, "Plan Rows": 3, "Plan Width": 4, "Plans": [{"Node Type": "Seq Scan", "Parent Relationship": "Outer", "Relation Name": "company_type", "Alias": "ct", "Startup Cost": 0.0, "Total Cost": 1.03, "Plan Rows": 3, "Plan Width": 4}]}]}, {"Node Type": "Hash", "Parent Relationship": "Inner", "Startup Cost": 1.12, "Total Cost": 1.12, "Plan Rows": 12, "Plan Width": 4, "Plans": [{"Node Type": "Seq Scan", "Parent Relationship": "Outer", "Relation Name": "role_type", "Alias": "rt", "Startup Cost": 0.0, "Total Cost": 1.12, "Plan Rows": 12, "Plan Width": 4}]}]}]}, "Unique SQL Id": 3145361615}, "explain_analyze_plan": {"Plan": {"Node Type": "Aggregate", "Strategy": "Plain", "Startup Cost": 1041361.98, "Total Cost": 1041361.99, "Plan Rows": 1, "Plan Width": 97, "Actual Startup Time": 16188.609, "Actual Total Time": 16188.61, "Actual Rows": 1, "Actual Loops": 1, "Plans": [{"Node Type": "Hash Join", "Parent Relationship": "Outer", "Join Type": "Inner", "Startup Cost": 930928.48, "Total Cost": 1036514.92, "Plan Rows": 969413, "Plan Width": 33, "Actual Startup Time": 15828.872, "Actual Total Time": 16188.552, "Actual Rows": 4, "Actual Loops": 1, "Inner Unique": true, "Hash Cond": "(ci.role_id = rt.id), (LLVM Optimized, Jit Execute)", "Plans": [{"Node Type": "Hash Join", "Parent Relationship": "Outer", "Join Type": "Inner", "Startup Cost": 930927.21, "Total Cost": 1023184.22, "Plan Rows": 969413, "Plan Width": 37, "Actual Startup Time": 15828.776, "Actual Total Time": 16188.441, "Actual Rows": 4, "Actual Loops": 1, "Inner Unique": true, "Hash Cond": "(mc.company_type_id = ct.id), (LLVM Optimized, Jit Execute)", "Plans": [{"Node Type": "Hash Join", "Parent Relationship": "Outer", "Join Type": "Inner", "Startup Cost": 930926.14, "Total Cost": 1009853.72, "Plan Rows": 969413, "Plan Width": 41, "Actual Startup Time": 15005.566, "Actual Total Time": 16188.307, "Actual Rows": 10, "Actual Loops": 1, "Inner Unique": false, "Hash Cond": "(mc.movie_id = t.id), (LLVM Optimized, Jit Execute)", "Plans": [{"Node Type": "Hash Join", "Parent Relationship": "Outer", "Join Type": "Inner", "Startup Cost": 6968.08, "Total Cost": 71392.69, "Plan Rows": 1282311, "Plan Width": 8, "Actual Startup Time": 112.673, "Actual Total Time": 1492.413, "Actual Rows": 1153797, "Actual Loops": 1, "Inner Unique": true, "Hash Cond": "(mc.company_id = cn.id), (LLVM Optimized, Jit Execute)", "Plans": [{"Node Type": "Seq Scan", "Parent Relationship": "Outer", "Relation Name": "movie_companies", "Alias": "mc", "Startup Cost": 0.0, "Total Cost": 41817.28, "Plan Rows": 2609128, "Plan Width": 12, "Actual Startup Time": 0.016, "Actual Total Time": 568.795, "Actual Rows": 2609128, "Actual Loops": 1}, {"Node Type": "Hash", "Parent Relationship": "Inner", "Startup Cost": 5903.45, "Total Cost": 5903.45, "Plan Rows": 85170, "Plan Width": 4, "Actual Startup Time": 112.55, "Actual Total Time": 112.55, "Actual Rows": 84843, "Actual Loops": 1, "Hash Buckets": 131072, "Hash Batches": 1, "Original Hash Batches": 1, "Peak Memory Usage": 2983, "Plans": [{"Node Type": "Seq Scan", "Parent Relationship": "Outer", "Relation Name": "company_name", "Alias": "cn", "Startup Cost": 0.0, "Total Cost": 5903.45, "Plan Rows": 85170, "Plan Width": 4, "Actual Startup Time": 0.027, "Actual Total Time": 89.932, "Actual Rows": 84843, "Actual Loops": 1, "Filter": "((country_code)::text = '[us]'::text)", "Rows Removed by Filter": 150153}]}]}, {"Node Type": "Hash", "Parent Relationship": "Inner", "Startup Cost": 912029.03, "Total Cost": 912029.03, "Plan Rows": 954323, "Plan Width": 45, "Actual Startup Time": 14488.293, "Actual Total Time": 14488.293, "Actual Rows": 12, "Actual Loops": 1, "Hash Buckets": 1048576, "Hash Batches": 1, "Original Hash Batches": 1, "Peak Memory Usage": 1, "Plans": [{"Node Type": "Hash Join", "Parent Relationship": "Outer", "Join Type": "Inner", "Startup Cost": 194997.99, "Total Cost": 912029.03, "Plan Rows": 954323, "Plan Width": 45, "Actual Startup Time": 4529.624, "Actual Total Time": 14488.212, "Actual Rows": 12, "Actual Loops": 1, "Inner Unique": true, "Hash Cond": "(ci.movie_id = t.id), (LLVM Optimized, Jit Execute)", "Plans": [{"Node Type": "Hash Join", "Parent Relationship": "Outer", "Join Type": "Inner", "Startup Cost": 106747.61, "Total Cost": 811624.17, "Plan Rows": 696330, "Plan Width": 24, "Actual Startup Time": 2991.698, "Actual Total Time": 12936.256, "Actual Rows": 15, "Actual Loops": 1, "Inner Unique": true, "Hash Cond": "(ci.person_role_id = chn.id), (LLVM Optimized, Jit Execute)", "Plans": [{"Node Type": "Seq Scan", "Parent Relationship": "Outer", "Relation Name": "cast_info", "Alias": "ci", "Startup Cost": 0.0, "Total Cost": 692526.68, "Plan Rows": 1436424, "Plan Width": 12, "Actual Startup Time": 689.018, "Actual Total Time": 10483.608, "Actual Rows": 1435439, "Actual Loops": 1, "Filter": "((note)::text ~~ '%(producer)%'::text), (LLVM Optimized, Jit Execute)", "Rows Removed by Filter": 34808904}, {"Node Type": "Hash", "Parent Relationship": "Inner", "Startup Cost": 67493.38, "Total Cost": 67493.38, "Plan Rows": 3140338, "Plan Width": 20, "Actual Startup Time": 2297.894, "Actual Total Time": 2297.894, "Actual Rows": 3140338, "Actual Loops": 1, "Hash Buckets": 4194304, "Hash Batches": 1, "Original Hash Batches": 1, "Peak Memory Usage": 165269, "Plans": [{"Node Type": "Seq Scan", "Parent Relationship": "Outer", "Relation Name": "char_name", "Alias": "chn", "Startup Cost": 0.0, "Total Cost": 67493.38, "Plan Rows": 3140338, "Plan Width": 20, "Actual Startup Time": 0.047, "Actual Total Time": 983.534, "Actual Rows": 3140338, "Actual Loops": 1}]}]}, {"Node Type": "Hash", "Parent Relationship": "Inner", "Startup Cost": 66389.89, "Total Cost": 66389.89, "Plan Rows": 1748840, "Plan Width": 21, "Actual Startup Time": 1536.691, "Actual Total Time": 1536.691, "Actual Rows": 1749032, "Actual Loops": 1, "Hash Buckets": 2097152, "Hash Batches": 1, "Original Hash Batches": 1, "Peak Memory Usage": 93635, "Plans": [{"Node Type": "Seq Scan", "Parent Relationship": "Outer", "Relation Name": "title", "Alias": "t", "Startup Cost": 0.0, "Total Cost": 66389.89, "Plan Rows": 1748840, "Plan Width": 21, "Actual Startup Time": 0.032, "Actual Total Time": 903.509, "Actual Rows": 1749032, "Actual Loops": 1, "Filter": "(production_year > 1990), (LLVM Optimized, Jit Execute)", "Rows Removed by Filter": 779279}]}]}]}]}, {"Node Type": "Hash", "Parent Relationship": "Inner", "Startup Cost": 1.03, "Total Cost": 1.03, "Plan Rows": 3, "Plan Width": 4, "Actual Startup Time": 0.007, "Actual Total Time": 0.007, "Actual Rows": 3, "Actual Loops": 1, "Hash Buckets": 32768, "Hash Batches": 1, "Original Hash Batches": 1, "Peak Memory Usage": 1, "Plans": [{"Node Type": "Seq Scan", "Parent Relationship": "Outer", "Relation Name": "company_type", "Alias": "ct", "Startup Cost": 0.0, "Total Cost": 1.03, "Plan Rows": 3, "Plan Width": 4, "Actual Startup Time": 0.003, "Actual Total Time": 0.003, "Actual Rows": 3, "Actual Loops": 1}]}]}, {"Node Type": "Hash", "Parent Relationship": "Inner", "Startup Cost": 1.12, "Total Cost": 1.12, "Plan Rows": 12, "Plan Width": 4, "Actual Startup Time": 0.039, "Actual Total Time": 0.039, "Actual Rows": 12, "Actual Loops": 1, "Hash Buckets": 32768, "Hash Batches": 1, "Original Hash Batches": 1, "Peak Memory Usage": 1, "Plans": [{"Node Type": "Seq Scan", "Parent Relationship": "Outer", "Relation Name": "role_type", "Alias": "rt", "Startup Cost": 0.0, "Total Cost": 1.12, "Plan Rows": 12, "Plan Width": 4, "Actual Startup Time": 0.018, "Actual Total Time": 0.024, "Actual Rows": 12, "Actual Loops": 1}]}]}]}, "Triggers": [], "Planner Runtime": 41.396, "Total Runtime": 16199.863, "Unique SQL Id": 3145361615}}, "(1, 69)": {"explain_plan": {"Plan": {"Node Type": "Aggregate", "Strategy": "Plain", "Startup Cost": 1476562.64, "Total Cost": 1476562.65, "Plan Rows": 1, "Plan Width": 97, "Plans": [{"Node Type": "Hash Join", "Parent Relationship": "Outer", "Join Type": "Inner", "Startup Cost": 391137.15, "Total Cost": 1471715.57, "Plan Rows": 969413, "Plan Width": 33, "Inner Unique": true, "Hash Cond": "(mc.company_type_id = ct.id), (LLVM Optimized)", "Plans": [{"Node Type": "Hash Join", "Parent Relationship": "Outer", "Join Type": "Inner", "Startup Cost": 391124.82, "Total Cost": 1458373.81, "Plan Rows": 969413, "Plan Width": 37, "Inner Unique": false, "Hash Cond": "(ci.movie_id = t.id), (LLVM Optimized)", "Plans": [{"Node Type": "Hash Join", "Parent Relationship": "Outer", "Join Type": "Inner", "Startup Cost": 80687.05, "Total Cost": 1135630.49, "Plan Rows": 696330, "Plan Width": 20, "Inner Unique": true, "Hash Cond": "(ci.role_id = rt.id), (LLVM Optimized)", "Plans": [{"Node Type": "Merge Join", "Parent Relationship": "Outer", "Join Type": "Inner", "Startup Cost": 80674.47, "Total Cost": 1126861.56, "Plan Rows": 696330, "Plan Width": 24, "Inner Unique": false, "Merge Cond": "(chn.id = ci.person_role_id)", "Plans": [{"Node Type": "Index Scan", "Parent Relationship": "Outer", "Scan Direction": "Forward", "Index Name": "char_name_pkey", "Relation Name": "char_name", "Alias": "chn", "Startup Cost": 0.0, "Total Cost": 129875.46, "Plan Rows": 3140338, "Plan Width": 20}, {"Node Type": "Index Scan", "Parent Relationship": "Inner", "Scan Direction": "Forward", "Index Name": "person_role_id_cast_info", "Relation Name": "cast_info", "Alias": "ci", "Startup Cost": 0.0, "Total Cost": 2022508.08, "Plan Rows": 1436424, "Plan Width": 12, "Filter": "((note)::text ~~ '%(producer)%'::text), (LLVM Optimized)"}]}, {"Node Type": "Hash", "Parent Relationship": "Inner", "Startup Cost": 12.43, "Total Cost": 12.43, "Plan Rows": 12, "Plan Width": 4, "Plans": [{"Node Type": "Index Scan", "Parent Relationship": "Outer", "Scan Direction": "Forward", "Index Name": "role_type_pkey", "Relation Name": "role_type", "Alias": "rt", "Startup Cost": 0.0, "Total Cost": 12.43, "Plan Rows": 12, "Plan Width": 4}]}]}, {"Node Type": "Hash", "Parent Relationship": "Inner", "Startup Cost": 288231.21, "Total Cost": 288231.21, "Plan Rows": 1776525, "Plan Width": 29, "Plans": [{"Node Type": "Hash Join", "Parent Relationship": "Outer", "Join Type": "Inner", "Startup Cost": 149867.78, "Total Cost": 288231.21, "Plan Rows": 1776525, "Plan Width": 29, "Inner Unique": true, "Hash Cond": "(mc.movie_id = t.id), (LLVM Optimized)", "Plans": [{"Node Type": "Hash Join", "Parent Relationship": "Outer", "Join Type": "Inner", "Startup Cost": 11566.01, "Total Cost": 127355.52, "Plan Rows": 1282311, "Plan Width": 8, "Inner Unique": true, "Hash Cond": "(mc.company_id = cn.id), (LLVM Optimized)", "Plans": [{"Node Type": "Index Scan", "Parent Relationship": "Outer", "Scan Direction": "Forward", "Index Name": "company_type_id_movie_companies", "Relation Name": "movie_companies", "Alias": "mc", "Startup Cost": 0.0, "Total Cost": 93182.17, "Plan Rows": 2609128, "Plan Width": 12}, {"Node Type": "Hash", "Parent Relationship": "Inner", "Startup Cost": 10501.39, "Total Cost": 10501.39, "Plan Rows": 85170, "Plan Width": 4, "Plans": [{"Node Type": "Index Scan", "Parent Relationship": "Outer", "Scan Direction": "Forward", "Index Name": "company_name_pkey", "Relation Name": "company_name", "Alias": "cn", "Startup Cost": 0.0, "Total Cost": 10501.39, "Plan Rows": 85170, "Plan Width": 4, "Filter": "((country_code)::text = '[us]'::text)"}]}]}, {"Node Type": "Hash", "Parent Relationship": "Inner", "Startup Cost": 116441.27, "Total Cost": 116441.27, "Plan Rows": 1748840, "Plan Width": 21, "Plans": [{"Node Type": "Index Scan", "Parent Relationship": "Outer", "Scan Direction": "Forward", "Index Name": "title_pkey", "Relation Name": "title", "Alias": "t", "Startup Cost": 0.0, "Total Cost": 116441.27, "Plan Rows": 1748840, "Plan Width": 21, "Filter": "(production_year > 1990), (LLVM Optimized)"}]}]}]}]}, {"Node Type": "Hash", "Parent Relationship": "Inner", "Startup Cost": 12.29, "Total Cost": 12.29, "Plan Rows": 3, "Plan Width": 4, "Plans": [{"Node Type": "Index Scan", "Parent Relationship": "Outer", "Scan Direction": "Forward", "Index Name": "company_type_pkey", "Relation Name": "company_type", "Alias": "ct", "Startup Cost": 0.0, "Total Cost": 12.29, "Plan Rows": 3, "Plan Width": 4}]}]}]}, "Unique SQL Id": 3145361615}, "explain_analyze_plan": {"Plan": {"Node Type": "Aggregate", "Strategy": "Plain", "Startup Cost": 1476562.64, "Total Cost": 1476562.65, "Plan Rows": 1, "Plan Width": 97, "Actual Startup Time": 24819.521, "Actual Total Time": 24819.522, "Actual Rows": 1, "Actual Loops": 1, "Plans": [{"Node Type": "Hash Join", "Parent Relationship": "Outer", "Join Type": "Inner", "Startup Cost": 391137.15, "Total Cost": 1471715.57, "Plan Rows": 969413, "Plan Width": 33, "Actual Startup Time": 7165.036, "Actual Total Time": 24819.475, "Actual Rows": 4, "Actual Loops": 1, "Inner Unique": true, "Hash Cond": "(mc.company_type_id = ct.id), (LLVM Optimized, Jit Execute)", "Plans": [{"Node Type": "Hash Join", "Parent Relationship": "Outer", "Join Type": "Inner", "Startup Cost": 391124.82, "Total Cost": 1458373.81, "Plan Rows": 969413, "Plan Width": 37, "Actual Startup Time": 7164.959, "Actual Total Time": 24817.815, "Actual Rows": 10, "Actual Loops": 1, "Inner Unique": false, "Hash Cond": "(ci.movie_id = t.id), (LLVM Optimized, Jit Execute)", "Plans": [{"Node Type": "Hash Join", "Parent Relationship": "Outer", "Join Type": "Inner", "Startup Cost": 80687.05, "Total Cost": 1135630.49, "Plan Rows": 696330, "Plan Width": 20, "Actual Startup Time": 152.318, "Actual Total Time": 17805.066, "Actual Rows": 15, "Actual Loops": 1, "Inner Unique": true, "Hash Cond": "(ci.role_id = rt.id), (LLVM Optimized, Jit Execute)", "Plans": [{"Node Type": "Merge Join", "Parent Relationship": "Outer", "Join Type": "Inner", "Startup Cost": 80674.47, "Total Cost": 1126861.56, "Plan Rows": 696330, "Plan Width": 24, "Actual Startup Time": 152.243, "Actual Total Time": 17804.901, "Actual Rows": 15, "Actual Loops": 1, "Inner Unique": false, "Merge Cond": "(chn.id = ci.person_role_id)", "Plans": [{"Node Type": "Index Scan", "Parent Relationship": "Outer", "Scan Direction": "Forward", "Index Name": "char_name_pkey", "Relation Name": "char_name", "Alias": "chn", "Startup Cost": 0.0, "Total Cost": 129875.46, "Plan Rows": 3140338, "Plan Width": 20, "Actual Startup Time": 0.02, "Actual Total Time": 905.347, "Actual Rows": 881591, "Actual Loops": 1}, {"Node Type": "Index Scan", "Parent Relationship": "Inner", "Scan Direction": "Forward", "Index Name": "person_role_id_cast_info", "Relation Name": "cast_info", "Alias": "ci", "Startup Cost": 0.0, "Total Cost": 2022508.08, "Plan Rows": 1436424, "Plan Width": 12, "Actual Startup Time": 152.205, "Actual Total Time": 16776.104, "Actual Rows": 16, "Actual Loops": 1, "Filter": "((note)::text ~~ '%(producer)%'::text), (LLVM Optimized, Jit Execute)", "Rows Removed by Filter": 20122645}]}, {"Node Type": "Hash", "Parent Relationship": "Inner", "Startup Cost": 12.43, "Total Cost": 12.43, "Plan Rows": 12, "Plan Width": 4, "Actual Startup Time": 0.014, "Actual Total Time": 0.014, "Actual Rows": 12, "Actual Loops": 1, "Hash Buckets": 32768, "Hash Batches": 1, "Original Hash Batches": 1, "Peak Memory Usage": 1, "Plans": [{"Node Type": "Index Scan", "Parent Relationship": "Outer", "Scan Direction": "Forward", "Index Name": "role_type_pkey", "Relation Name": "role_type", "Alias": "rt", "Startup Cost": 0.0, "Total Cost": 12.43, "Plan Rows": 12, "Plan Width": 4, "Actual Startup Time": 0.004, "Actual Total Time": 0.01, "Actual Rows": 12, "Actual Loops": 1}]}]}, {"Node Type": "Hash", "Parent Relationship": "Inner", "Startup Cost": 288231.21, "Total Cost": 288231.21, "Plan Rows": 1776525, "Plan Width": 29, "Actual Startup Time": 7009.048, "Actual Total Time": 7009.048, "Actual Rows": 596249, "Actual Loops": 1, "Hash Buckets": 2097152, "Hash Batches": 1, "Original Hash Batches": 1, "Peak Memory Usage": 37921, "Plans": [{"Node Type": "Hash Join", "Parent Relationship": "Outer", "Join Type": "Inner", "Startup Cost": 149867.78, "Total Cost": 288231.21, "Plan Rows": 1776525, "Plan Width": 29, "Actual Startup Time": 4339.876, "Actual Total Time": 6788.754, "Actual Rows": 596249, "Actual Loops": 1, "Inner Unique": true, "Hash Cond": "(mc.movie_id = t.id), (LLVM Optimized, Jit Execute)", "Plans": [{"Node Type": "Hash Join", "Parent Relationship": "Outer", "Join Type": "Inner", "Startup Cost": 11566.01, "Total Cost": 127355.52, "Plan Rows": 1282311, "Plan Width": 8, "Actual Startup Time": 343.92, "Actual Total Time": 2312.504, "Actual Rows": 1153797, "Actual Loops": 1, "Inner Unique": true, "Hash Cond": "(mc.company_id = cn.id), (LLVM Optimized, Jit Execute)", "Plans": [{"Node Type": "Index Scan", "Parent Relationship": "Outer", "Scan Direction": "Forward", "Index Name": "company_type_id_movie_companies", "Relation Name": "movie_companies", "Alias": "mc", "Startup Cost": 0.0, "Total Cost": 93182.17, "Plan Rows": 2609128, "Plan Width": 12, "Actual Startup Time": 0.043, "Actual Total Time": 1135.587, "Actual Rows": 2609128, "Actual Loops": 1}, {"Node Type": "Hash", "Parent Relationship": "Inner", "Startup Cost": 10501.39, "Total Cost": 10501.39, "Plan Rows": 85170, "Plan Width": 4, "Actual Startup Time": 343.768, "Actual Total Time": 343.768, "Actual Rows": 84843, "Actual Loops": 1, "Hash Buckets": 131072, "Hash Batches": 1, "Original Hash Batches": 1, "Peak Memory Usage": 2983, "Plans": [{"Node Type": "Index Scan", "Parent Relationship": "Outer", "Scan Direction": "Forward", "Index Name": "company_name_pkey", "Relation Name": "company_name", "Alias": "cn", "Startup Cost": 0.0, "Total Cost": 10501.39, "Plan Rows": 85170, "Plan Width": 4, "Actual Startup Time": 0.033, "Actual Total Time": 311.12, "Actual Rows": 84843, "Actual Loops": 1, "Filter": "((country_code)::text = '[us]'::text)", "Rows Removed by Filter": 150153}]}]}, {"Node Type": "Hash", "Parent Relationship": "Inner", "Startup Cost": 116441.27, "Total Cost": 116441.27, "Plan Rows": 1748840, "Plan Width": 21, "Actual Startup Time": 3993.451, "Actual Total Time": 3993.451, "Actual Rows": 1749032, "Actual Loops": 1, "Hash Buckets": 2097152, "Hash Batches": 1, "Original Hash Batches": 1, "Peak Memory Usage": 93635, "Plans": [{"Node Type": "Index Scan", "Parent Relationship": "Outer", "Scan Direction": "Forward", "Index Name": "title_pkey", "Relation Name": "title", "Alias": "t", "Startup Cost": 0.0, "Total Cost": 116441.27, "Plan Rows": 1748840, "Plan Width": 21, "Actual Startup Time": 0.049, "Actual Total Time": 3141.539, "Actual Rows": 1749032, "Actual Loops": 1, "Filter": "(production_year > 1990), (LLVM Optimized, Jit Execute)", "Rows Removed by Filter": 779279}]}]}]}]}, {"Node Type": "Hash", "Parent Relationship": "Inner", "Startup Cost": 12.29, "Total Cost": 12.29, "Plan Rows": 3, "Plan Width": 4, "Actual Startup Time": 0.027, "Actual Total Time": 0.027, "Actual Rows": 3, "Actual Loops": 1, "Hash Buckets": 32768, "Hash Batches": 1, "Original Hash Batches": 1, "Peak Memory Usage": 1, "Plans": [{"Node Type": "Index Scan", "Parent Relationship": "Outer", "Scan Direction": "Forward", "Index Name": "company_type_pkey", "Relation Name": "company_type", "Alias": "ct", "Startup Cost": 0.0, "Total Cost": 12.29, "Plan Rows": 3, "Plan Width": 4, "Actual Startup Time": 0.014, "Actual Total Time": 0.017, "Actual Rows": 3, "Actual Loops": 1}]}]}]}, "Triggers": [], "Planner Runtime": 34.273, "Total Runtime": 24830.405, "Unique SQL Id": 3145361615}}, "(1, 70)": {"explain_plan": {"Plan": {"Node Type": "Aggregate", "Strategy": "Plain", "Startup Cost": 1041361.98, "Total Cost": 1041361.99, "Plan Rows": 1, "Plan Width": 97, "Plans": [{"Node Type": "Hash Join", "Parent Relationship": "Outer", "Join Type": "Inner", "Startup Cost": 930928.48, "Total Cost": 1036514.92, "Plan Rows": 969413, "Plan Width": 33, "Inner Unique": true, "Hash Cond": "(ci.role_id = rt.id), (LLVM Optimized)", "Plans": [{"Node Type": "Hash Join", "Parent Relationship": "Outer", "Join Type": "Inner", "Startup Cost": 930927.21, "Total Cost": 1023184.22, "Plan Rows": 969413, "Plan Width": 37, "Inner Unique": true, "Hash Cond": "(mc.company_type_id = ct.id), (LLVM Optimized)", "Plans": [{"Node Type": "Hash Join", "Parent Relationship": "Outer", "Join Type": "Inner", "Startup Cost": 930926.14, "Total Cost": 1009853.72, "Plan Rows": 969413, "Plan Width": 41, "Inner Unique": false, "Hash Cond": "(mc.movie_id = t.id), (LLVM Optimized)", "Plans": [{"Node Type": "Hash Join", "Parent Relationship": "Outer", "Join Type": "Inner", "Startup Cost": 6968.08, "Total Cost": 71392.69, "Plan Rows": 1282311, "Plan Width": 8, "Inner Unique": true, "Hash Cond": "(mc.company_id = cn.id), (LLVM Optimized)", "Plans": [{"Node Type": "Seq Scan", "Parent Relationship": "Outer", "Relation Name": "movie_companies", "Alias": "mc", "Startup Cost": 0.0, "Total Cost": 41817.28, "Plan Rows": 2609128, "Plan Width": 12}, {"Node Type": "Hash", "Parent Relationship": "Inner", "Startup Cost": 5903.45, "Total Cost": 5903.45, "Plan Rows": 85170, "Plan Width": 4, "Plans": [{"Node Type": "Seq Scan", "Parent Relationship": "Outer", "Relation Name": "company_name", "Alias": "cn", "Startup Cost": 0.0, "Total Cost": 5903.45, "Plan Rows": 85170, "Plan Width": 4, "Filter": "((country_code)::text = '[us]'::text)"}]}]}, {"Node Type": "Hash", "Parent Relationship": "Inner", "Startup Cost": 912029.03, "Total Cost": 912029.03, "Plan Rows": 954323, "Plan Width": 45, "Plans": [{"Node Type": "Hash Join", "Parent Relationship": "Outer", "Join Type": "Inner", "Startup Cost": 194997.99, "Total Cost": 912029.03, "Plan Rows": 954323, "Plan Width": 45, "Inner Unique": true, "Hash Cond": "(ci.movie_id = t.id), (LLVM Optimized)", "Plans": [{"Node Type": "Hash Join", "Parent Relationship": "Outer", "Join Type": "Inner", "Startup Cost": 106747.61, "Total Cost": 811624.17, "Plan Rows": 696330, "Plan Width": 24, "Inner Unique": true, "Hash Cond": "(ci.person_role_id = chn.id), (LLVM Optimized)", "Plans": [{"Node Type": "Seq Scan", "Parent Relationship": "Outer", "Relation Name": "cast_info", "Alias": "ci", "Startup Cost": 0.0, "Total Cost": 692526.68, "Plan Rows": 1436424, "Plan Width": 12, "Filter": "((note)::text ~~ '%(producer)%'::text), (LLVM Optimized)"}, {"Node Type": "Hash", "Parent Relationship": "Inner", "Startup Cost": 67493.38, "Total Cost": 67493.38, "Plan Rows": 3140338, "Plan Width": 20, "Plans": [{"Node Type": "Seq Scan", "Parent Relationship": "Outer", "Relation Name": "char_name", "Alias": "chn", "Startup Cost": 0.0, "Total Cost": 67493.38, "Plan Rows": 3140338, "Plan Width": 20}]}]}, {"Node Type": "Hash", "Parent Relationship": "Inner", "Startup Cost": 66389.89, "Total Cost": 66389.89, "Plan Rows": 1748840, "Plan Width": 21, "Plans": [{"Node Type": "Seq Scan", "Parent Relationship": "Outer", "Relation Name": "title", "Alias": "t", "Startup Cost": 0.0, "Total Cost": 66389.89, "Plan Rows": 1748840, "Plan Width": 21, "Filter": "(production_year > 1990), (LLVM Optimized)"}]}]}]}]}, {"Node Type": "Hash", "Parent Relationship": "Inner", "Startup Cost": 1.03, "Total Cost": 1.03, "Plan Rows": 3, "Plan Width": 4, "Plans": [{"Node Type": "Seq Scan", "Parent Relationship": "Outer", "Relation Name": "company_type", "Alias": "ct", "Startup Cost": 0.0, "Total Cost": 1.03, "Plan Rows": 3, "Plan Width": 4}]}]}, {"Node Type": "Hash", "Parent Relationship": "Inner", "Startup Cost": 1.12, "Total Cost": 1.12, "Plan Rows": 12, "Plan Width": 4, "Plans": [{"Node Type": "Seq Scan", "Parent Relationship": "Outer", "Relation Name": "role_type", "Alias": "rt", "Startup Cost": 0.0, "Total Cost": 1.12, "Plan Rows": 12, "Plan Width": 4}]}]}]}, "Unique SQL Id": 3145361615}, "explain_analyze_plan": {"Plan": {"Node Type": "Aggregate", "Strategy": "Plain", "Startup Cost": 1041361.98, "Total Cost": 1041361.99, "Plan Rows": 1, "Plan Width": 97, "Actual Startup Time": 16188.609, "Actual Total Time": 16188.61, "Actual Rows": 1, "Actual Loops": 1, "Plans": [{"Node Type": "Hash Join", "Parent Relationship": "Outer", "Join Type": "Inner", "Startup Cost": 930928.48, "Total Cost": 1036514.92, "Plan Rows": 969413, "Plan Width": 33, "Actual Startup Time": 15828.872, "Actual Total Time": 16188.552, "Actual Rows": 4, "Actual Loops": 1, "Inner Unique": true, "Hash Cond": "(ci.role_id = rt.id), (LLVM Optimized, Jit Execute)", "Plans": [{"Node Type": "Hash Join", "Parent Relationship": "Outer", "Join Type": "Inner", "Startup Cost": 930927.21, "Total Cost": 1023184.22, "Plan Rows": 969413, "Plan Width": 37, "Actual Startup Time": 15828.776, "Actual Total Time": 16188.441, "Actual Rows": 4, "Actual Loops": 1, "Inner Unique": true, "Hash Cond": "(mc.company_type_id = ct.id), (LLVM Optimized, Jit Execute)", "Plans": [{"Node Type": "Hash Join", "Parent Relationship": "Outer", "Join Type": "Inner", "Startup Cost": 930926.14, "Total Cost": 1009853.72, "Plan Rows": 969413, "Plan Width": 41, "Actual Startup Time": 15005.566, "Actual Total Time": 16188.307, "Actual Rows": 10, "Actual Loops": 1, "Inner Unique": false, "Hash Cond": "(mc.movie_id = t.id), (LLVM Optimized, Jit Execute)", "Plans": [{"Node Type": "Hash Join", "Parent Relationship": "Outer", "Join Type": "Inner", "Startup Cost": 6968.08, "Total Cost": 71392.69, "Plan Rows": 1282311, "Plan Width": 8, "Actual Startup Time": 112.673, "Actual Total Time": 1492.413, "Actual Rows": 1153797, "Actual Loops": 1, "Inner Unique": true, "Hash Cond": "(mc.company_id = cn.id), (LLVM Optimized, Jit Execute)", "Plans": [{"Node Type": "Seq Scan", "Parent Relationship": "Outer", "Relation Name": "movie_companies", "Alias": "mc", "Startup Cost": 0.0, "Total Cost": 41817.28, "Plan Rows": 2609128, "Plan Width": 12, "Actual Startup Time": 0.016, "Actual Total Time": 568.795, "Actual Rows": 2609128, "Actual Loops": 1}, {"Node Type": "Hash", "Parent Relationship": "Inner", "Startup Cost": 5903.45, "Total Cost": 5903.45, "Plan Rows": 85170, "Plan Width": 4, "Actual Startup Time": 112.55, "Actual Total Time": 112.55, "Actual Rows": 84843, "Actual Loops": 1, "Hash Buckets": 131072, "Hash Batches": 1, "Original Hash Batches": 1, "Peak Memory Usage": 2983, "Plans": [{"Node Type": "Seq Scan", "Parent Relationship": "Outer", "Relation Name": "company_name", "Alias": "cn", "Startup Cost": 0.0, "Total Cost": 5903.45, "Plan Rows": 85170, "Plan Width": 4, "Actual Startup Time": 0.027, "Actual Total Time": 89.932, "Actual Rows": 84843, "Actual Loops": 1, "Filter": "((country_code)::text = '[us]'::text)", "Rows Removed by Filter": 150153}]}]}, {"Node Type": "Hash", "Parent Relationship": "Inner", "Startup Cost": 912029.03, "Total Cost": 912029.03, "Plan Rows": 954323, "Plan Width": 45, "Actual Startup Time": 14488.293, "Actual Total Time": 14488.293, "Actual Rows": 12, "Actual Loops": 1, "Hash Buckets": 1048576, "Hash Batches": 1, "Original Hash Batches": 1, "Peak Memory Usage": 1, "Plans": [{"Node Type": "Hash Join", "Parent Relationship": "Outer", "Join Type": "Inner", "Startup Cost": 194997.99, "Total Cost": 912029.03, "Plan Rows": 954323, "Plan Width": 45, "Actual Startup Time": 4529.624, "Actual Total Time": 14488.212, "Actual Rows": 12, "Actual Loops": 1, "Inner Unique": true, "Hash Cond": "(ci.movie_id = t.id), (LLVM Optimized, Jit Execute)", "Plans": [{"Node Type": "Hash Join", "Parent Relationship": "Outer", "Join Type": "Inner", "Startup Cost": 106747.61, "Total Cost": 811624.17, "Plan Rows": 696330, "Plan Width": 24, "Actual Startup Time": 2991.698, "Actual Total Time": 12936.256, "Actual Rows": 15, "Actual Loops": 1, "Inner Unique": true, "Hash Cond": "(ci.person_role_id = chn.id), (LLVM Optimized, Jit Execute)", "Plans": [{"Node Type": "Seq Scan", "Parent Relationship": "Outer", "Relation Name": "cast_info", "Alias": "ci", "Startup Cost": 0.0, "Total Cost": 692526.68, "Plan Rows": 1436424, "Plan Width": 12, "Actual Startup Time": 689.018, "Actual Total Time": 10483.608, "Actual Rows": 1435439, "Actual Loops": 1, "Filter": "((note)::text ~~ '%(producer)%'::text), (LLVM Optimized, Jit Execute)", "Rows Removed by Filter": 34808904}, {"Node Type": "Hash", "Parent Relationship": "Inner", "Startup Cost": 67493.38, "Total Cost": 67493.38, "Plan Rows": 3140338, "Plan Width": 20, "Actual Startup Time": 2297.894, "Actual Total Time": 2297.894, "Actual Rows": 3140338, "Actual Loops": 1, "Hash Buckets": 4194304, "Hash Batches": 1, "Original Hash Batches": 1, "Peak Memory Usage": 165269, "Plans": [{"Node Type": "Seq Scan", "Parent Relationship": "Outer", "Relation Name": "char_name", "Alias": "chn", "Startup Cost": 0.0, "Total Cost": 67493.38, "Plan Rows": 3140338, "Plan Width": 20, "Actual Startup Time": 0.047, "Actual Total Time": 983.534, "Actual Rows": 3140338, "Actual Loops": 1}]}]}, {"Node Type": "Hash", "Parent Relationship": "Inner", "Startup Cost": 66389.89, "Total Cost": 66389.89, "Plan Rows": 1748840, "Plan Width": 21, "Actual Startup Time": 1536.691, "Actual Total Time": 1536.691, "Actual Rows": 1749032, "Actual Loops": 1, "Hash Buckets": 2097152, "Hash Batches": 1, "Original Hash Batches": 1, "Peak Memory Usage": 93635, "Plans": [{"Node Type": "Seq Scan", "Parent Relationship": "Outer", "Relation Name": "title", "Alias": "t", "Startup Cost": 0.0, "Total Cost": 66389.89, "Plan Rows": 1748840, "Plan Width": 21, "Actual Startup Time": 0.032, "Actual Total Time": 903.509, "Actual Rows": 1749032, "Actual Loops": 1, "Filter": "(production_year > 1990), (LLVM Optimized, Jit Execute)", "Rows Removed by Filter": 779279}]}]}]}]}, {"Node Type": "Hash", "Parent Relationship": "Inner", "Startup Cost": 1.03, "Total Cost": 1.03, "Plan Rows": 3, "Plan Width": 4, "Actual Startup Time": 0.007, "Actual Total Time": 0.007, "Actual Rows": 3, "Actual Loops": 1, "Hash Buckets": 32768, "Hash Batches": 1, "Original Hash Batches": 1, "Peak Memory Usage": 1, "Plans": [{"Node Type": "Seq Scan", "Parent Relationship": "Outer", "Relation Name": "company_type", "Alias": "ct", "Startup Cost": 0.0, "Total Cost": 1.03, "Plan Rows": 3, "Plan Width": 4, "Actual Startup Time": 0.003, "Actual Total Time": 0.003, "Actual Rows": 3, "Actual Loops": 1}]}]}, {"Node Type": "Hash", "Parent Relationship": "Inner", "Startup Cost": 1.12, "Total Cost": 1.12, "Plan Rows": 12, "Plan Width": 4, "Actual Startup Time": 0.039, "Actual Total Time": 0.039, "Actual Rows": 12, "Actual Loops": 1, "Hash Buckets": 32768, "Hash Batches": 1, "Original Hash Batches": 1, "Peak Memory Usage": 1, "Plans": [{"Node Type": "Seq Scan", "Parent Relationship": "Outer", "Relation Name": "role_type", "Alias": "rt", "Startup Cost": 0.0, "Total Cost": 1.12, "Plan Rows": 12, "Plan Width": 4, "Actual Startup Time": 0.018, "Actual Total Time": 0.024, "Actual Rows": 12, "Actual Loops": 1}]}]}]}, "Triggers": [], "Planner Runtime": 41.396, "Total Runtime": 16199.863, "Unique SQL Id": 3145361615}}, "(1, 71)": {"explain_plan": {"Plan": {"Node Type": "Aggregate", "Strategy": "Plain", "Startup Cost": 1000042785415.19, "Total Cost": 1000042785415.2, "Plan Rows": 1, "Plan Width": 97, "Plans": [{"Node Type": "Nested Loop", "Parent Relationship": "Outer", "Join Type": "Inner", "Startup Cost": 10000000001.85, "Total Cost": 1000042780568.12, "Plan Rows": 969413, "Plan Width": 33, "Inner Unique": true, "Plans": [{"Node Type": "Nested Loop", "Parent Relationship": "Outer", "Join Type": "Inner", "Startup Cost": 10000000001.59, "Total Cost": 1000038631235.16, "Plan Rows": 969413, "Plan Width": 37, "Inner Unique": true, "Plans": [{"Node Type": "Nested Loop", "Parent Relationship": "Outer", "Join Type": "Inner", "Startup Cost": 10000000001.32, "Total Cost": 1000035624536.13, "Plan Rows": 699731, "Plan Width": 28, "Inner Unique": true, "Plans": [{"Node Type": "Nested Loop", "Parent Relationship": "Outer", "Join Type": "Inner", "Startup Cost": 10000000001.06, "Total Cost": 1000032629508.62, "Plan Rows": 699731, "Plan Width": 32, "Inner Unique": true, "Plans": [{"Node Type": "Nested Loop", "Parent Relationship": "Outer", "Join Type": "Inner", "Startup Cost": 10000000000.77, "Total Cost": 1000026404533.61, "Plan Rows": 1443440, "Plan Width": 20, "Inner Unique": false, "Plans": [{"Node Type": "Nested Loop", "Parent Relationship": "Outer", "Join Type": "Inner", "Startup Cost": 10000000000.26, "Total Cost": 1000020494063.94, "Plan Rows": 1282311, "Plan Width": 8, "Inner Unique": true, "Plans": [{"Node Type": "Index Scan", "Parent Relationship": "Outer", "Scan Direction": "Forward", "Index Name": "company_type_id_movie_companies", "Relation Name": "movie_companies", "Alias": "mc", "Startup Cost": 10000000000.0, "Total Cost": 1000009318217.0, "Plan Rows": 2609128, "Plan Width": 12}, {"Node Type": "Bitmap Heap Scan", "Parent Relationship": "Inner", "Relation Name": "company_name", "Alias": "cn", "Startup Cost": 0.26, "Total Cost": 4.27, "Plan Rows": 1, "Plan Width": 4, "Recheck Cond": "(id = mc.company_id)", "Filter": "((country_code)::text = '[us]'::text)", "Plans": [{"Node Type": "Bitmap Index Scan", "Parent Relationship": "Outer", "Index Name": "company_name_pkey", "Startup Cost": 0.0, "Total Cost": 0.26, "Plan Rows": 1, "Plan Width": 0, "Index Cond": "(id = mc.company_id)"}]}]}, {"Node Type": "Bitmap Heap Scan", "Parent Relationship": "Inner", "Relation Name": "cast_info", "Alias": "ci", "Startup Cost": 0.51, "Total Cost": 4.6, "Plan Rows": 1, "Plan Width": 12, "Recheck Cond": "(movie_id = mc.movie_id)", "Filter": "((note)::text ~~ '%(producer)%'::text)", "Plans": [{"Node Type": "Bitmap Index Scan", "Parent Relationship": "Outer", "Index Name": "movie_id_cast_info", "Startup Cost": 0.0, "Total Cost": 0.51, "Plan Rows": 6, "Plan Width": 0, "Index Cond": "(movie_id = mc.movie_id)"}]}]}, {"Node Type": "Bitmap Heap Scan", "Parent Relationship": "Inner", "Relation Name": "char_name", "Alias": "chn", "Startup Cost": 0.29, "Total Cost": 4.3, "Plan Rows": 1, "Plan Width": 20, "Recheck Cond": "(id = ci.person_role_id)", "Plans": [{"Node Type": "Bitmap Index Scan", "Parent Relationship": "Outer", "Index Name": "char_name_pkey", "Startup Cost": 0.0, "Total Cost": 0.29, "Plan Rows": 1, "Plan Width": 0, "Index Cond": "(id = ci.person_role_id)"}]}]}, {"Node Type": "Bitmap Heap Scan", "Parent Relationship": "Inner", "Relation Name": "role_type", "Alias": "rt", "Startup Cost": 0.26, "Total Cost": 4.27, "Plan Rows": 1, "Plan Width": 4, "Recheck Cond": "(id = ci.role_id)", "Plans": [{"Node Type": "Bitmap Index Scan", "Parent Relationship": "Outer", "Index Name": "role_type_pkey", "Startup Cost": 0.0, "Total Cost": 0.26, "Plan Rows": 1, "Plan Width": 0, "Index Cond": "(id = ci.role_id)"}]}]}, {"Node Type": "Bitmap Heap Scan", "Parent Relationship": "Inner", "Relation Name": "title", "Alias": "t", "Startup Cost": 0.27, "Total Cost": 4.29, "Plan Rows": 1, "Plan Width": 21, "Recheck Cond": "(id = mc.movie_id)", "Filter": "(production_year > 1990)", "Plans": [{"Node Type": "Bitmap Index Scan", "Parent Relationship": "Outer", "Index Name": "title_pkey", "Startup Cost": 0.0, "Total Cost": 0.27, "Plan Rows": 1, "Plan Width": 0, "Index Cond": "(id = mc.movie_id)"}]}]}, {"Node Type": "Bitmap Heap Scan", "Parent Relationship": "Inner", "Relation Name": "company_type", "Alias": "ct", "Startup Cost": 0.26, "Total Cost": 4.27, "Plan Rows": 1, "Plan Width": 4, "Recheck Cond": "(id = mc.company_type_id)", "Plans": [{"Node Type": "Bitmap Index Scan", "Parent Relationship": "Outer", "Index Name": "company_type_pkey", "Startup Cost": 0.0, "Total Cost": 0.26, "Plan Rows": 1, "Plan Width": 0, "Index Cond": "(id = mc.company_type_id)"}]}]}]}, "Unique SQL Id": 3145361615}, "explain_analyze_plan": null}, "(1, 72)": {"explain_plan": {"Plan": {"Node Type": "Aggregate", "Strategy": "Plain", "Startup Cost": 1041361.98, "Total Cost": 1041361.99, "Plan Rows": 1, "Plan Width": 97, "Plans": [{"Node Type": "Hash Join", "Parent Relationship": "Outer", "Join Type": "Inner", "Startup Cost": 930928.48, "Total Cost": 1036514.92, "Plan Rows": 969413, "Plan Width": 33, "Inner Unique": true, "Hash Cond": "(ci.role_id = rt.id), (LLVM Optimized)", "Plans": [{"Node Type": "Hash Join", "Parent Relationship": "Outer", "Join Type": "Inner", "Startup Cost": 930927.21, "Total Cost": 1023184.22, "Plan Rows": 969413, "Plan Width": 37, "Inner Unique": true, "Hash Cond": "(mc.company_type_id = ct.id), (LLVM Optimized)", "Plans": [{"Node Type": "Hash Join", "Parent Relationship": "Outer", "Join Type": "Inner", "Startup Cost": 930926.14, "Total Cost": 1009853.72, "Plan Rows": 969413, "Plan Width": 41, "Inner Unique": false, "Hash Cond": "(mc.movie_id = t.id), (LLVM Optimized)", "Plans": [{"Node Type": "Hash Join", "Parent Relationship": "Outer", "Join Type": "Inner", "Startup Cost": 6968.08, "Total Cost": 71392.69, "Plan Rows": 1282311, "Plan Width": 8, "Inner Unique": true, "Hash Cond": "(mc.company_id = cn.id), (LLVM Optimized)", "Plans": [{"Node Type": "Seq Scan", "Parent Relationship": "Outer", "Relation Name": "movie_companies", "Alias": "mc", "Startup Cost": 0.0, "Total Cost": 41817.28, "Plan Rows": 2609128, "Plan Width": 12}, {"Node Type": "Hash", "Parent Relationship": "Inner", "Startup Cost": 5903.45, "Total Cost": 5903.45, "Plan Rows": 85170, "Plan Width": 4, "Plans": [{"Node Type": "Seq Scan", "Parent Relationship": "Outer", "Relation Name": "company_name", "Alias": "cn", "Startup Cost": 0.0, "Total Cost": 5903.45, "Plan Rows": 85170, "Plan Width": 4, "Filter": "((country_code)::text = '[us]'::text)"}]}]}, {"Node Type": "Hash", "Parent Relationship": "Inner", "Startup Cost": 912029.03, "Total Cost": 912029.03, "Plan Rows": 954323, "Plan Width": 45, "Plans": [{"Node Type": "Hash Join", "Parent Relationship": "Outer", "Join Type": "Inner", "Startup Cost": 194997.99, "Total Cost": 912029.03, "Plan Rows": 954323, "Plan Width": 45, "Inner Unique": true, "Hash Cond": "(ci.movie_id = t.id), (LLVM Optimized)", "Plans": [{"Node Type": "Hash Join", "Parent Relationship": "Outer", "Join Type": "Inner", "Startup Cost": 106747.61, "Total Cost": 811624.17, "Plan Rows": 696330, "Plan Width": 24, "Inner Unique": true, "Hash Cond": "(ci.person_role_id = chn.id), (LLVM Optimized)", "Plans": [{"Node Type": "Seq Scan", "Parent Relationship": "Outer", "Relation Name": "cast_info", "Alias": "ci", "Startup Cost": 0.0, "Total Cost": 692526.68, "Plan Rows": 1436424, "Plan Width": 12, "Filter": "((note)::text ~~ '%(producer)%'::text), (LLVM Optimized)"}, {"Node Type": "Hash", "Parent Relationship": "Inner", "Startup Cost": 67493.38, "Total Cost": 67493.38, "Plan Rows": 3140338, "Plan Width": 20, "Plans": [{"Node Type": "Seq Scan", "Parent Relationship": "Outer", "Relation Name": "char_name", "Alias": "chn", "Startup Cost": 0.0, "Total Cost": 67493.38, "Plan Rows": 3140338, "Plan Width": 20}]}]}, {"Node Type": "Hash", "Parent Relationship": "Inner", "Startup Cost": 66389.89, "Total Cost": 66389.89, "Plan Rows": 1748840, "Plan Width": 21, "Plans": [{"Node Type": "Seq Scan", "Parent Relationship": "Outer", "Relation Name": "title", "Alias": "t", "Startup Cost": 0.0, "Total Cost": 66389.89, "Plan Rows": 1748840, "Plan Width": 21, "Filter": "(production_year > 1990), (LLVM Optimized)"}]}]}]}]}, {"Node Type": "Hash", "Parent Relationship": "Inner", "Startup Cost": 1.03, "Total Cost": 1.03, "Plan Rows": 3, "Plan Width": 4, "Plans": [{"Node Type": "Seq Scan", "Parent Relationship": "Outer", "Relation Name": "company_type", "Alias": "ct", "Startup Cost": 0.0, "Total Cost": 1.03, "Plan Rows": 3, "Plan Width": 4}]}]}, {"Node Type": "Hash", "Parent Relationship": "Inner", "Startup Cost": 1.12, "Total Cost": 1.12, "Plan Rows": 12, "Plan Width": 4, "Plans": [{"Node Type": "Seq Scan", "Parent Relationship": "Outer", "Relation Name": "role_type", "Alias": "rt", "Startup Cost": 0.0, "Total Cost": 1.12, "Plan Rows": 12, "Plan Width": 4}]}]}]}, "Unique SQL Id": 3145361615}, "explain_analyze_plan": {"Plan": {"Node Type": "Aggregate", "Strategy": "Plain", "Startup Cost": 1041361.98, "Total Cost": 1041361.99, "Plan Rows": 1, "Plan Width": 97, "Actual Startup Time": 16188.609, "Actual Total Time": 16188.61, "Actual Rows": 1, "Actual Loops": 1, "Plans": [{"Node Type": "Hash Join", "Parent Relationship": "Outer", "Join Type": "Inner", "Startup Cost": 930928.48, "Total Cost": 1036514.92, "Plan Rows": 969413, "Plan Width": 33, "Actual Startup Time": 15828.872, "Actual Total Time": 16188.552, "Actual Rows": 4, "Actual Loops": 1, "Inner Unique": true, "Hash Cond": "(ci.role_id = rt.id), (LLVM Optimized, Jit Execute)", "Plans": [{"Node Type": "Hash Join", "Parent Relationship": "Outer", "Join Type": "Inner", "Startup Cost": 930927.21, "Total Cost": 1023184.22, "Plan Rows": 969413, "Plan Width": 37, "Actual Startup Time": 15828.776, "Actual Total Time": 16188.441, "Actual Rows": 4, "Actual Loops": 1, "Inner Unique": true, "Hash Cond": "(mc.company_type_id = ct.id), (LLVM Optimized, Jit Execute)", "Plans": [{"Node Type": "Hash Join", "Parent Relationship": "Outer", "Join Type": "Inner", "Startup Cost": 930926.14, "Total Cost": 1009853.72, "Plan Rows": 969413, "Plan Width": 41, "Actual Startup Time": 15005.566, "Actual Total Time": 16188.307, "Actual Rows": 10, "Actual Loops": 1, "Inner Unique": false, "Hash Cond": "(mc.movie_id = t.id), (LLVM Optimized, Jit Execute)", "Plans": [{"Node Type": "Hash Join", "Parent Relationship": "Outer", "Join Type": "Inner", "Startup Cost": 6968.08, "Total Cost": 71392.69, "Plan Rows": 1282311, "Plan Width": 8, "Actual Startup Time": 112.673, "Actual Total Time": 1492.413, "Actual Rows": 1153797, "Actual Loops": 1, "Inner Unique": true, "Hash Cond": "(mc.company_id = cn.id), (LLVM Optimized, Jit Execute)", "Plans": [{"Node Type": "Seq Scan", "Parent Relationship": "Outer", "Relation Name": "movie_companies", "Alias": "mc", "Startup Cost": 0.0, "Total Cost": 41817.28, "Plan Rows": 2609128, "Plan Width": 12, "Actual Startup Time": 0.016, "Actual Total Time": 568.795, "Actual Rows": 2609128, "Actual Loops": 1}, {"Node Type": "Hash", "Parent Relationship": "Inner", "Startup Cost": 5903.45, "Total Cost": 5903.45, "Plan Rows": 85170, "Plan Width": 4, "Actual Startup Time": 112.55, "Actual Total Time": 112.55, "Actual Rows": 84843, "Actual Loops": 1, "Hash Buckets": 131072, "Hash Batches": 1, "Original Hash Batches": 1, "Peak Memory Usage": 2983, "Plans": [{"Node Type": "Seq Scan", "Parent Relationship": "Outer", "Relation Name": "company_name", "Alias": "cn", "Startup Cost": 0.0, "Total Cost": 5903.45, "Plan Rows": 85170, "Plan Width": 4, "Actual Startup Time": 0.027, "Actual Total Time": 89.932, "Actual Rows": 84843, "Actual Loops": 1, "Filter": "((country_code)::text = '[us]'::text)", "Rows Removed by Filter": 150153}]}]}, {"Node Type": "Hash", "Parent Relationship": "Inner", "Startup Cost": 912029.03, "Total Cost": 912029.03, "Plan Rows": 954323, "Plan Width": 45, "Actual Startup Time": 14488.293, "Actual Total Time": 14488.293, "Actual Rows": 12, "Actual Loops": 1, "Hash Buckets": 1048576, "Hash Batches": 1, "Original Hash Batches": 1, "Peak Memory Usage": 1, "Plans": [{"Node Type": "Hash Join", "Parent Relationship": "Outer", "Join Type": "Inner", "Startup Cost": 194997.99, "Total Cost": 912029.03, "Plan Rows": 954323, "Plan Width": 45, "Actual Startup Time": 4529.624, "Actual Total Time": 14488.212, "Actual Rows": 12, "Actual Loops": 1, "Inner Unique": true, "Hash Cond": "(ci.movie_id = t.id), (LLVM Optimized, Jit Execute)", "Plans": [{"Node Type": "Hash Join", "Parent Relationship": "Outer", "Join Type": "Inner", "Startup Cost": 106747.61, "Total Cost": 811624.17, "Plan Rows": 696330, "Plan Width": 24, "Actual Startup Time": 2991.698, "Actual Total Time": 12936.256, "Actual Rows": 15, "Actual Loops": 1, "Inner Unique": true, "Hash Cond": "(ci.person_role_id = chn.id), (LLVM Optimized, Jit Execute)", "Plans": [{"Node Type": "Seq Scan", "Parent Relationship": "Outer", "Relation Name": "cast_info", "Alias": "ci", "Startup Cost": 0.0, "Total Cost": 692526.68, "Plan Rows": 1436424, "Plan Width": 12, "Actual Startup Time": 689.018, "Actual Total Time": 10483.608, "Actual Rows": 1435439, "Actual Loops": 1, "Filter": "((note)::text ~~ '%(producer)%'::text), (LLVM Optimized, Jit Execute)", "Rows Removed by Filter": 34808904}, {"Node Type": "Hash", "Parent Relationship": "Inner", "Startup Cost": 67493.38, "Total Cost": 67493.38, "Plan Rows": 3140338, "Plan Width": 20, "Actual Startup Time": 2297.894, "Actual Total Time": 2297.894, "Actual Rows": 3140338, "Actual Loops": 1, "Hash Buckets": 4194304, "Hash Batches": 1, "Original Hash Batches": 1, "Peak Memory Usage": 165269, "Plans": [{"Node Type": "Seq Scan", "Parent Relationship": "Outer", "Relation Name": "char_name", "Alias": "chn", "Startup Cost": 0.0, "Total Cost": 67493.38, "Plan Rows": 3140338, "Plan Width": 20, "Actual Startup Time": 0.047, "Actual Total Time": 983.534, "Actual Rows": 3140338, "Actual Loops": 1}]}]}, {"Node Type": "Hash", "Parent Relationship": "Inner", "Startup Cost": 66389.89, "Total Cost": 66389.89, "Plan Rows": 1748840, "Plan Width": 21, "Actual Startup Time": 1536.691, "Actual Total Time": 1536.691, "Actual Rows": 1749032, "Actual Loops": 1, "Hash Buckets": 2097152, "Hash Batches": 1, "Original Hash Batches": 1, "Peak Memory Usage": 93635, "Plans": [{"Node Type": "Seq Scan", "Parent Relationship": "Outer", "Relation Name": "title", "Alias": "t", "Startup Cost": 0.0, "Total Cost": 66389.89, "Plan Rows": 1748840, "Plan Width": 21, "Actual Startup Time": 0.032, "Actual Total Time": 903.509, "Actual Rows": 1749032, "Actual Loops": 1, "Filter": "(production_year > 1990), (LLVM Optimized, Jit Execute)", "Rows Removed by Filter": 779279}]}]}]}]}, {"Node Type": "Hash", "Parent Relationship": "Inner", "Startup Cost": 1.03, "Total Cost": 1.03, "Plan Rows": 3, "Plan Width": 4, "Actual Startup Time": 0.007, "Actual Total Time": 0.007, "Actual Rows": 3, "Actual Loops": 1, "Hash Buckets": 32768, "Hash Batches": 1, "Original Hash Batches": 1, "Peak Memory Usage": 1, "Plans": [{"Node Type": "Seq Scan", "Parent Relationship": "Outer", "Relation Name": "company_type", "Alias": "ct", "Startup Cost": 0.0, "Total Cost": 1.03, "Plan Rows": 3, "Plan Width": 4, "Actual Startup Time": 0.003, "Actual Total Time": 0.003, "Actual Rows": 3, "Actual Loops": 1}]}]}, {"Node Type": "Hash", "Parent Relationship": "Inner", "Startup Cost": 1.12, "Total Cost": 1.12, "Plan Rows": 12, "Plan Width": 4, "Actual Startup Time": 0.039, "Actual Total Time": 0.039, "Actual Rows": 12, "Actual Loops": 1, "Hash Buckets": 32768, "Hash Batches": 1, "Original Hash Batches": 1, "Peak Memory Usage": 1, "Plans": [{"Node Type": "Seq Scan", "Parent Relationship": "Outer", "Relation Name": "role_type", "Alias": "rt", "Startup Cost": 0.0, "Total Cost": 1.12, "Plan Rows": 12, "Plan Width": 4, "Actual Startup Time": 0.018, "Actual Total Time": 0.024, "Actual Rows": 12, "Actual Loops": 1}]}]}]}, "Triggers": [], "Planner Runtime": 41.396, "Total Runtime": 16199.863, "Unique SQL Id": 3145361615}}, "(1, 73)": {"explain_plan": {"Plan": {"Node Type": "Aggregate", "Strategy": "Plain", "Startup Cost": 1476554.64, "Total Cost": 1476554.65, "Plan Rows": 1, "Plan Width": 97, "Plans": [{"Node Type": "Hash Join", "Parent Relationship": "Outer", "Join Type": "Inner", "Startup Cost": 391129.15, "Total Cost": 1471707.57, "Plan Rows": 969413, "Plan Width": 33, "Inner Unique": true, "Hash Cond": "(mc.company_type_id = ct.id), (LLVM Optimized)", "Plans": [{"Node Type": "Hash Join", "Parent Relationship": "Outer", "Join Type": "Inner", "Startup Cost": 391120.82, "Total Cost": 1458369.81, "Plan Rows": 969413, "Plan Width": 37, "Inner Unique": false, "Hash Cond": "(ci.movie_id = t.id), (LLVM Optimized)", "Plans": [{"Node Type": "Hash Join", "Parent Relationship": "Outer", "Join Type": "Inner", "Startup Cost": 80683.05, "Total Cost": 1135626.49, "Plan Rows": 696330, "Plan Width": 20, "Inner Unique": true, "Hash Cond": "(ci.role_id = rt.id), (LLVM Optimized)", "Plans": [{"Node Type": "Merge Join", "Parent Relationship": "Outer", "Join Type": "Inner", "Startup Cost": 80674.47, "Total Cost": 1126861.56, "Plan Rows": 696330, "Plan Width": 24, "Inner Unique": false, "Merge Cond": "(chn.id = ci.person_role_id)", "Plans": [{"Node Type": "Index Scan", "Parent Relationship": "Outer", "Scan Direction": "Forward", "Index Name": "char_name_pkey", "Relation Name": "char_name", "Alias": "chn", "Startup Cost": 0.0, "Total Cost": 129875.46, "Plan Rows": 3140338, "Plan Width": 20}, {"Node Type": "Index Scan", "Parent Relationship": "Inner", "Scan Direction": "Forward", "Index Name": "person_role_id_cast_info", "Relation Name": "cast_info", "Alias": "ci", "Startup Cost": 0.0, "Total Cost": 2022508.08, "Plan Rows": 1436424, "Plan Width": 12, "Filter": "((note)::text ~~ '%(producer)%'::text), (LLVM Optimized)"}]}, {"Node Type": "Hash", "Parent Relationship": "Inner", "Startup Cost": 8.43, "Total Cost": 8.43, "Plan Rows": 12, "Plan Width": 4, "Plans": [{"Node Type": "Index Only Scan", "Parent Relationship": "Outer", "Scan Direction": "Forward", "Index Name": "role_type_pkey", "Relation Name": "role_type", "Alias": "rt", "Startup Cost": 0.0, "Total Cost": 8.43, "Plan Rows": 12, "Plan Width": 4}]}]}, {"Node Type": "Hash", "Parent Relationship": "Inner", "Startup Cost": 288231.21, "Total Cost": 288231.21, "Plan Rows": 1776525, "Plan Width": 29, "Plans": [{"Node Type": "Hash Join", "Parent Relationship": "Outer", "Join Type": "Inner", "Startup Cost": 149867.78, "Total Cost": 288231.21, "Plan Rows": 1776525, "Plan Width": 29, "Inner Unique": true, "Hash Cond": "(mc.movie_id = t.id), (LLVM Optimized)", "Plans": [{"Node Type": "Hash Join", "Parent Relationship": "Outer", "Join Type": "Inner", "Startup Cost": 11566.01, "Total Cost": 127355.52, "Plan Rows": 1282311, "Plan Width": 8, "Inner Unique": true, "Hash Cond": "(mc.company_id = cn.id), (LLVM Optimized)", "Plans": [{"Node Type": "Index Scan", "Parent Relationship": "Outer", "Scan Direction": "Forward", "Index Name": "company_type_id_movie_companies", "Relation Name": "movie_companies", "Alias": "mc", "Startup Cost": 0.0, "Total Cost": 93182.17, "Plan Rows": 2609128, "Plan Width": 12}, {"Node Type": "Hash", "Parent Relationship": "Inner", "Startup Cost": 10501.39, "Total Cost": 10501.39, "Plan Rows": 85170, "Plan Width": 4, "Plans": [{"Node Type": "Index Scan", "Parent Relationship": "Outer", "Scan Direction": "Forward", "Index Name": "company_name_pkey", "Relation Name": "company_name", "Alias": "cn", "Startup Cost": 0.0, "Total Cost": 10501.39, "Plan Rows": 85170, "Plan Width": 4, "Filter": "((country_code)::text = '[us]'::text)"}]}]}, {"Node Type": "Hash", "Parent Relationship": "Inner", "Startup Cost": 116441.27, "Total Cost": 116441.27, "Plan Rows": 1748840, "Plan Width": 21, "Plans": [{"Node Type": "Index Scan", "Parent Relationship": "Outer", "Scan Direction": "Forward", "Index Name": "title_pkey", "Relation Name": "title", "Alias": "t", "Startup Cost": 0.0, "Total Cost": 116441.27, "Plan Rows": 1748840, "Plan Width": 21, "Filter": "(production_year > 1990), (LLVM Optimized)"}]}]}]}]}, {"Node Type": "Hash", "Parent Relationship": "Inner", "Startup Cost": 8.29, "Total Cost": 8.29, "Plan Rows": 3, "Plan Width": 4, "Plans": [{"Node Type": "Index Only Scan", "Parent Relationship": "Outer", "Scan Direction": "Forward", "Index Name": "company_type_pkey", "Relation Name": "company_type", "Alias": "ct", "Startup Cost": 0.0, "Total Cost": 8.29, "Plan Rows": 3, "Plan Width": 4}]}]}]}, "Unique SQL Id": 3145361615}, "explain_analyze_plan": {"Plan": {"Node Type": "Aggregate", "Strategy": "Plain", "Startup Cost": 1476554.64, "Total Cost": 1476554.65, "Plan Rows": 1, "Plan Width": 97, "Actual Startup Time": 24092.525, "Actual Total Time": 24092.526, "Actual Rows": 1, "Actual Loops": 1, "Plans": [{"Node Type": "Hash Join", "Parent Relationship": "Outer", "Join Type": "Inner", "Startup Cost": 391129.15, "Total Cost": 1471707.57, "Plan Rows": 969413, "Plan Width": 33, "Actual Startup Time": 7259.474, "Actual Total Time": 24092.475, "Actual Rows": 4, "Actual Loops": 1, "Inner Unique": true, "Hash Cond": "(mc.company_type_id = ct.id), (LLVM Optimized, Jit Execute)", "Plans": [{"Node Type": "Hash Join", "Parent Relationship": "Outer", "Join Type": "Inner", "Startup Cost": 391120.82, "Total Cost": 1458369.81, "Plan Rows": 969413, "Plan Width": 37, "Actual Startup Time": 7259.401, "Actual Total Time": 24090.968, "Actual Rows": 10, "Actual Loops": 1, "Inner Unique": false, "Hash Cond": "(ci.movie_id = t.id), (LLVM Optimized, Jit Execute)", "Plans": [{"Node Type": "Hash Join", "Parent Relationship": "Outer", "Join Type": "Inner", "Startup Cost": 80683.05, "Total Cost": 1135626.49, "Plan Rows": 696330, "Plan Width": 20, "Actual Startup Time": 153.183, "Actual Total Time": 16984.585, "Actual Rows": 15, "Actual Loops": 1, "Inner Unique": true, "Hash Cond": "(ci.role_id = rt.id), (LLVM Optimized, Jit Execute)", "Plans": [{"Node Type": "Merge Join", "Parent Relationship": "Outer", "Join Type": "Inner", "Startup Cost": 80674.47, "Total Cost": 1126861.56, "Plan Rows": 696330, "Plan Width": 24, "Actual Startup Time": 153.116, "Actual Total Time": 16984.43, "Actual Rows": 15, "Actual Loops": 1, "Inner Unique": false, "Merge Cond": "(chn.id = ci.person_role_id)", "Plans": [{"Node Type": "Index Scan", "Parent Relationship": "Outer", "Scan Direction": "Forward", "Index Name": "char_name_pkey", "Relation Name": "char_name", "Alias": "chn", "Startup Cost": 0.0, "Total Cost": 129875.46, "Plan Rows": 3140338, "Plan Width": 20, "Actual Startup Time": 0.024, "Actual Total Time": 909.418, "Actual Rows": 881591, "Actual Loops": 1}, {"Node Type": "Index Scan", "Parent Relationship": "Inner", "Scan Direction": "Forward", "Index Name": "person_role_id_cast_info", "Relation Name": "cast_info", "Alias": "ci", "Startup Cost": 0.0, "Total Cost": 2022508.08, "Plan Rows": 1436424, "Plan Width": 12, "Actual Startup Time": 153.073, "Actual Total Time": 15951.655, "Actual Rows": 16, "Actual Loops": 1, "Filter": "((note)::text ~~ '%(producer)%'::text), (LLVM Optimized, Jit Execute)", "Rows Removed by Filter": 20122645}]}, {"Node Type": "Hash", "Parent Relationship": "Inner", "Startup Cost": 8.43, "Total Cost": 8.43, "Plan Rows": 12, "Plan Width": 4, "Actual Startup Time": 0.009, "Actual Total Time": 0.009, "Actual Rows": 12, "Actual Loops": 1, "Hash Buckets": 32768, "Hash Batches": 1, "Original Hash Batches": 1, "Peak Memory Usage": 1, "Plans": [{"Node Type": "Index Only Scan", "Parent Relationship": "Outer", "Scan Direction": "Forward", "Index Name": "role_type_pkey", "Relation Name": "role_type", "Alias": "rt", "Startup Cost": 0.0, "Total Cost": 8.43, "Plan Rows": 12, "Plan Width": 4, "Actual Startup Time": 0.002, "Actual Total Time": 0.003, "Actual Rows": 12, "Actual Loops": 1, "Heap Fetches": 0}]}]}, {"Node Type": "Hash", "Parent Relationship": "Inner", "Startup Cost": 288231.21, "Total Cost": 288231.21, "Plan Rows": 1776525, "Plan Width": 29, "Actual Startup Time": 7102.265, "Actual Total Time": 7102.265, "Actual Rows": 596249, "Actual Loops": 1, "Hash Buckets": 2097152, "Hash Batches": 1, "Original Hash Batches": 1, "Peak Memory Usage": 37921, "Plans": [{"Node Type": "Hash Join", "Parent Relationship": "Outer", "Join Type": "Inner", "Startup Cost": 149867.78, "Total Cost": 288231.21, "Plan Rows": 1776525, "Plan Width": 29, "Actual Startup Time": 4369.395, "Actual Total Time": 6883.537, "Actual Rows": 596249, "Actual Loops": 1, "Inner Unique": true, "Hash Cond": "(mc.movie_id = t.id), (LLVM Optimized, Jit Execute)", "Plans": [{"Node Type": "Hash Join", "Parent Relationship": "Outer", "Join Type": "Inner", "Startup Cost": 11566.01, "Total Cost": 127355.52, "Plan Rows": 1282311, "Plan Width": 8, "Actual Startup Time": 312.034, "Actual Total Time": 2352.022, "Actual Rows": 1153797, "Actual Loops": 1, "Inner Unique": true, "Hash Cond": "(mc.company_id = cn.id), (LLVM Optimized, Jit Execute)", "Plans": [{"Node Type": "Index Scan", "Parent Relationship": "Outer", "Scan Direction": "Forward", "Index Name": "company_type_id_movie_companies", "Relation Name": "movie_companies", "Alias": "mc", "Startup Cost": 0.0, "Total Cost": 93182.17, "Plan Rows": 2609128, "Plan Width": 12, "Actual Startup Time": 0.046, "Actual Total Time": 1211.245, "Actual Rows": 2609128, "Actual Loops": 1}, {"Node Type": "Hash", "Parent Relationship": "Inner", "Startup Cost": 10501.39, "Total Cost": 10501.39, "Plan Rows": 85170, "Plan Width": 4, "Actual Startup Time": 311.878, "Actual Total Time": 311.878, "Actual Rows": 84843, "Actual Loops": 1, "Hash Buckets": 131072, "Hash Batches": 1, "Original Hash Batches": 1, "Peak Memory Usage": 2983, "Plans": [{"Node Type": "Index Scan", "Parent Relationship": "Outer", "Scan Direction": "Forward", "Index Name": "company_name_pkey", "Relation Name": "company_name", "Alias": "cn", "Startup Cost": 0.0, "Total Cost": 10501.39, "Plan Rows": 85170, "Plan Width": 4, "Actual Startup Time": 0.032, "Actual Total Time": 286.34, "Actual Rows": 84843, "Actual Loops": 1, "Filter": "((country_code)::text = '[us]'::text)", "Rows Removed by Filter": 150153}]}]}, {"Node Type": "Hash", "Parent Relationship": "Inner", "Startup Cost": 116441.27, "Total Cost": 116441.27, "Plan Rows": 1748840, "Plan Width": 21, "Actual Startup Time": 4056.117, "Actual Total Time": 4056.117, "Actual Rows": 1749032, "Actual Loops": 1, "Hash Buckets": 2097152, "Hash Batches": 1, "Original Hash Batches": 1, "Peak Memory Usage": 93635, "Plans": [{"Node Type": "Index Scan", "Parent Relationship": "Outer", "Scan Direction": "Forward", "Index Name": "title_pkey", "Relation Name": "title", "Alias": "t", "Startup Cost": 0.0, "Total Cost": 116441.27, "Plan Rows": 1748840, "Plan Width": 21, "Actual Startup Time": 0.046, "Actual Total Time": 3321.627, "Actual Rows": 1749032, "Actual Loops": 1, "Filter": "(production_year > 1990), (LLVM Optimized, Jit Execute)", "Rows Removed by Filter": 779279}]}]}]}]}, {"Node Type": "Hash", "Parent Relationship": "Inner", "Startup Cost": 8.29, "Total Cost": 8.29, "Plan Rows": 3, "Plan Width": 4, "Actual Startup Time": 0.025, "Actual Total Time": 0.025, "Actual Rows": 3, "Actual Loops": 1, "Hash Buckets": 32768, "Hash Batches": 1, "Original Hash Batches": 1, "Peak Memory Usage": 1, "Plans": [{"Node Type": "Index Only Scan", "Parent Relationship": "Outer", "Scan Direction": "Forward", "Index Name": "company_type_pkey", "Relation Name": "company_type", "Alias": "ct", "Startup Cost": 0.0, "Total Cost": 8.29, "Plan Rows": 3, "Plan Width": 4, "Actual Startup Time": 0.01, "Actual Total Time": 0.012, "Actual Rows": 3, "Actual Loops": 1, "Heap Fetches": 0}]}]}]}, "Triggers": [], "Planner Runtime": 34.516, "Total Runtime": 24103.809, "Unique SQL Id": 3145361615}}, "(1, 74)": {"explain_plan": {"Plan": {"Node Type": "Aggregate", "Strategy": "Plain", "Startup Cost": 1041361.98, "Total Cost": 1041361.99, "Plan Rows": 1, "Plan Width": 97, "Plans": [{"Node Type": "Hash Join", "Parent Relationship": "Outer", "Join Type": "Inner", "Startup Cost": 930928.48, "Total Cost": 1036514.92, "Plan Rows": 969413, "Plan Width": 33, "Inner Unique": true, "Hash Cond": "(ci.role_id = rt.id), (LLVM Optimized)", "Plans": [{"Node Type": "Hash Join", "Parent Relationship": "Outer", "Join Type": "Inner", "Startup Cost": 930927.21, "Total Cost": 1023184.22, "Plan Rows": 969413, "Plan Width": 37, "Inner Unique": true, "Hash Cond": "(mc.company_type_id = ct.id), (LLVM Optimized)", "Plans": [{"Node Type": "Hash Join", "Parent Relationship": "Outer", "Join Type": "Inner", "Startup Cost": 930926.14, "Total Cost": 1009853.72, "Plan Rows": 969413, "Plan Width": 41, "Inner Unique": false, "Hash Cond": "(mc.movie_id = t.id), (LLVM Optimized)", "Plans": [{"Node Type": "Hash Join", "Parent Relationship": "Outer", "Join Type": "Inner", "Startup Cost": 6968.08, "Total Cost": 71392.69, "Plan Rows": 1282311, "Plan Width": 8, "Inner Unique": true, "Hash Cond": "(mc.company_id = cn.id), (LLVM Optimized)", "Plans": [{"Node Type": "Seq Scan", "Parent Relationship": "Outer", "Relation Name": "movie_companies", "Alias": "mc", "Startup Cost": 0.0, "Total Cost": 41817.28, "Plan Rows": 2609128, "Plan Width": 12}, {"Node Type": "Hash", "Parent Relationship": "Inner", "Startup Cost": 5903.45, "Total Cost": 5903.45, "Plan Rows": 85170, "Plan Width": 4, "Plans": [{"Node Type": "Seq Scan", "Parent Relationship": "Outer", "Relation Name": "company_name", "Alias": "cn", "Startup Cost": 0.0, "Total Cost": 5903.45, "Plan Rows": 85170, "Plan Width": 4, "Filter": "((country_code)::text = '[us]'::text)"}]}]}, {"Node Type": "Hash", "Parent Relationship": "Inner", "Startup Cost": 912029.03, "Total Cost": 912029.03, "Plan Rows": 954323, "Plan Width": 45, "Plans": [{"Node Type": "Hash Join", "Parent Relationship": "Outer", "Join Type": "Inner", "Startup Cost": 194997.99, "Total Cost": 912029.03, "Plan Rows": 954323, "Plan Width": 45, "Inner Unique": true, "Hash Cond": "(ci.movie_id = t.id), (LLVM Optimized)", "Plans": [{"Node Type": "Hash Join", "Parent Relationship": "Outer", "Join Type": "Inner", "Startup Cost": 106747.61, "Total Cost": 811624.17, "Plan Rows": 696330, "Plan Width": 24, "Inner Unique": true, "Hash Cond": "(ci.person_role_id = chn.id), (LLVM Optimized)", "Plans": [{"Node Type": "Seq Scan", "Parent Relationship": "Outer", "Relation Name": "cast_info", "Alias": "ci", "Startup Cost": 0.0, "Total Cost": 692526.68, "Plan Rows": 1436424, "Plan Width": 12, "Filter": "((note)::text ~~ '%(producer)%'::text), (LLVM Optimized)"}, {"Node Type": "Hash", "Parent Relationship": "Inner", "Startup Cost": 67493.38, "Total Cost": 67493.38, "Plan Rows": 3140338, "Plan Width": 20, "Plans": [{"Node Type": "Seq Scan", "Parent Relationship": "Outer", "Relation Name": "char_name", "Alias": "chn", "Startup Cost": 0.0, "Total Cost": 67493.38, "Plan Rows": 3140338, "Plan Width": 20}]}]}, {"Node Type": "Hash", "Parent Relationship": "Inner", "Startup Cost": 66389.89, "Total Cost": 66389.89, "Plan Rows": 1748840, "Plan Width": 21, "Plans": [{"Node Type": "Seq Scan", "Parent Relationship": "Outer", "Relation Name": "title", "Alias": "t", "Startup Cost": 0.0, "Total Cost": 66389.89, "Plan Rows": 1748840, "Plan Width": 21, "Filter": "(production_year > 1990), (LLVM Optimized)"}]}]}]}]}, {"Node Type": "Hash", "Parent Relationship": "Inner", "Startup Cost": 1.03, "Total Cost": 1.03, "Plan Rows": 3, "Plan Width": 4, "Plans": [{"Node Type": "Seq Scan", "Parent Relationship": "Outer", "Relation Name": "company_type", "Alias": "ct", "Startup Cost": 0.0, "Total Cost": 1.03, "Plan Rows": 3, "Plan Width": 4}]}]}, {"Node Type": "Hash", "Parent Relationship": "Inner", "Startup Cost": 1.12, "Total Cost": 1.12, "Plan Rows": 12, "Plan Width": 4, "Plans": [{"Node Type": "Seq Scan", "Parent Relationship": "Outer", "Relation Name": "role_type", "Alias": "rt", "Startup Cost": 0.0, "Total Cost": 1.12, "Plan Rows": 12, "Plan Width": 4}]}]}]}, "Unique SQL Id": 3145361615}, "explain_analyze_plan": {"Plan": {"Node Type": "Aggregate", "Strategy": "Plain", "Startup Cost": 1041361.98, "Total Cost": 1041361.99, "Plan Rows": 1, "Plan Width": 97, "Actual Startup Time": 16188.609, "Actual Total Time": 16188.61, "Actual Rows": 1, "Actual Loops": 1, "Plans": [{"Node Type": "Hash Join", "Parent Relationship": "Outer", "Join Type": "Inner", "Startup Cost": 930928.48, "Total Cost": 1036514.92, "Plan Rows": 969413, "Plan Width": 33, "Actual Startup Time": 15828.872, "Actual Total Time": 16188.552, "Actual Rows": 4, "Actual Loops": 1, "Inner Unique": true, "Hash Cond": "(ci.role_id = rt.id), (LLVM Optimized, Jit Execute)", "Plans": [{"Node Type": "Hash Join", "Parent Relationship": "Outer", "Join Type": "Inner", "Startup Cost": 930927.21, "Total Cost": 1023184.22, "Plan Rows": 969413, "Plan Width": 37, "Actual Startup Time": 15828.776, "Actual Total Time": 16188.441, "Actual Rows": 4, "Actual Loops": 1, "Inner Unique": true, "Hash Cond": "(mc.company_type_id = ct.id), (LLVM Optimized, Jit Execute)", "Plans": [{"Node Type": "Hash Join", "Parent Relationship": "Outer", "Join Type": "Inner", "Startup Cost": 930926.14, "Total Cost": 1009853.72, "Plan Rows": 969413, "Plan Width": 41, "Actual Startup Time": 15005.566, "Actual Total Time": 16188.307, "Actual Rows": 10, "Actual Loops": 1, "Inner Unique": false, "Hash Cond": "(mc.movie_id = t.id), (LLVM Optimized, Jit Execute)", "Plans": [{"Node Type": "Hash Join", "Parent Relationship": "Outer", "Join Type": "Inner", "Startup Cost": 6968.08, "Total Cost": 71392.69, "Plan Rows": 1282311, "Plan Width": 8, "Actual Startup Time": 112.673, "Actual Total Time": 1492.413, "Actual Rows": 1153797, "Actual Loops": 1, "Inner Unique": true, "Hash Cond": "(mc.company_id = cn.id), (LLVM Optimized, Jit Execute)", "Plans": [{"Node Type": "Seq Scan", "Parent Relationship": "Outer", "Relation Name": "movie_companies", "Alias": "mc", "Startup Cost": 0.0, "Total Cost": 41817.28, "Plan Rows": 2609128, "Plan Width": 12, "Actual Startup Time": 0.016, "Actual Total Time": 568.795, "Actual Rows": 2609128, "Actual Loops": 1}, {"Node Type": "Hash", "Parent Relationship": "Inner", "Startup Cost": 5903.45, "Total Cost": 5903.45, "Plan Rows": 85170, "Plan Width": 4, "Actual Startup Time": 112.55, "Actual Total Time": 112.55, "Actual Rows": 84843, "Actual Loops": 1, "Hash Buckets": 131072, "Hash Batches": 1, "Original Hash Batches": 1, "Peak Memory Usage": 2983, "Plans": [{"Node Type": "Seq Scan", "Parent Relationship": "Outer", "Relation Name": "company_name", "Alias": "cn", "Startup Cost": 0.0, "Total Cost": 5903.45, "Plan Rows": 85170, "Plan Width": 4, "Actual Startup Time": 0.027, "Actual Total Time": 89.932, "Actual Rows": 84843, "Actual Loops": 1, "Filter": "((country_code)::text = '[us]'::text)", "Rows Removed by Filter": 150153}]}]}, {"Node Type": "Hash", "Parent Relationship": "Inner", "Startup Cost": 912029.03, "Total Cost": 912029.03, "Plan Rows": 954323, "Plan Width": 45, "Actual Startup Time": 14488.293, "Actual Total Time": 14488.293, "Actual Rows": 12, "Actual Loops": 1, "Hash Buckets": 1048576, "Hash Batches": 1, "Original Hash Batches": 1, "Peak Memory Usage": 1, "Plans": [{"Node Type": "Hash Join", "Parent Relationship": "Outer", "Join Type": "Inner", "Startup Cost": 194997.99, "Total Cost": 912029.03, "Plan Rows": 954323, "Plan Width": 45, "Actual Startup Time": 4529.624, "Actual Total Time": 14488.212, "Actual Rows": 12, "Actual Loops": 1, "Inner Unique": true, "Hash Cond": "(ci.movie_id = t.id), (LLVM Optimized, Jit Execute)", "Plans": [{"Node Type": "Hash Join", "Parent Relationship": "Outer", "Join Type": "Inner", "Startup Cost": 106747.61, "Total Cost": 811624.17, "Plan Rows": 696330, "Plan Width": 24, "Actual Startup Time": 2991.698, "Actual Total Time": 12936.256, "Actual Rows": 15, "Actual Loops": 1, "Inner Unique": true, "Hash Cond": "(ci.person_role_id = chn.id), (LLVM Optimized, Jit Execute)", "Plans": [{"Node Type": "Seq Scan", "Parent Relationship": "Outer", "Relation Name": "cast_info", "Alias": "ci", "Startup Cost": 0.0, "Total Cost": 692526.68, "Plan Rows": 1436424, "Plan Width": 12, "Actual Startup Time": 689.018, "Actual Total Time": 10483.608, "Actual Rows": 1435439, "Actual Loops": 1, "Filter": "((note)::text ~~ '%(producer)%'::text), (LLVM Optimized, Jit Execute)", "Rows Removed by Filter": 34808904}, {"Node Type": "Hash", "Parent Relationship": "Inner", "Startup Cost": 67493.38, "Total Cost": 67493.38, "Plan Rows": 3140338, "Plan Width": 20, "Actual Startup Time": 2297.894, "Actual Total Time": 2297.894, "Actual Rows": 3140338, "Actual Loops": 1, "Hash Buckets": 4194304, "Hash Batches": 1, "Original Hash Batches": 1, "Peak Memory Usage": 165269, "Plans": [{"Node Type": "Seq Scan", "Parent Relationship": "Outer", "Relation Name": "char_name", "Alias": "chn", "Startup Cost": 0.0, "Total Cost": 67493.38, "Plan Rows": 3140338, "Plan Width": 20, "Actual Startup Time": 0.047, "Actual Total Time": 983.534, "Actual Rows": 3140338, "Actual Loops": 1}]}]}, {"Node Type": "Hash", "Parent Relationship": "Inner", "Startup Cost": 66389.89, "Total Cost": 66389.89, "Plan Rows": 1748840, "Plan Width": 21, "Actual Startup Time": 1536.691, "Actual Total Time": 1536.691, "Actual Rows": 1749032, "Actual Loops": 1, "Hash Buckets": 2097152, "Hash Batches": 1, "Original Hash Batches": 1, "Peak Memory Usage": 93635, "Plans": [{"Node Type": "Seq Scan", "Parent Relationship": "Outer", "Relation Name": "title", "Alias": "t", "Startup Cost": 0.0, "Total Cost": 66389.89, "Plan Rows": 1748840, "Plan Width": 21, "Actual Startup Time": 0.032, "Actual Total Time": 903.509, "Actual Rows": 1749032, "Actual Loops": 1, "Filter": "(production_year > 1990), (LLVM Optimized, Jit Execute)", "Rows Removed by Filter": 779279}]}]}]}]}, {"Node Type": "Hash", "Parent Relationship": "Inner", "Startup Cost": 1.03, "Total Cost": 1.03, "Plan Rows": 3, "Plan Width": 4, "Actual Startup Time": 0.007, "Actual Total Time": 0.007, "Actual Rows": 3, "Actual Loops": 1, "Hash Buckets": 32768, "Hash Batches": 1, "Original Hash Batches": 1, "Peak Memory Usage": 1, "Plans": [{"Node Type": "Seq Scan", "Parent Relationship": "Outer", "Relation Name": "company_type", "Alias": "ct", "Startup Cost": 0.0, "Total Cost": 1.03, "Plan Rows": 3, "Plan Width": 4, "Actual Startup Time": 0.003, "Actual Total Time": 0.003, "Actual Rows": 3, "Actual Loops": 1}]}]}, {"Node Type": "Hash", "Parent Relationship": "Inner", "Startup Cost": 1.12, "Total Cost": 1.12, "Plan Rows": 12, "Plan Width": 4, "Actual Startup Time": 0.039, "Actual Total Time": 0.039, "Actual Rows": 12, "Actual Loops": 1, "Hash Buckets": 32768, "Hash Batches": 1, "Original Hash Batches": 1, "Peak Memory Usage": 1, "Plans": [{"Node Type": "Seq Scan", "Parent Relationship": "Outer", "Relation Name": "role_type", "Alias": "rt", "Startup Cost": 0.0, "Total Cost": 1.12, "Plan Rows": 12, "Plan Width": 4, "Actual Startup Time": 0.018, "Actual Total Time": 0.024, "Actual Rows": 12, "Actual Loops": 1}]}]}]}, "Triggers": [], "Planner Runtime": 41.396, "Total Runtime": 16199.863, "Unique SQL Id": 3145361615}}, "(1, 75)": {"explain_plan": {"Plan": {"Node Type": "Aggregate", "Strategy": "Plain", "Startup Cost": 6404836172964.85, "Total Cost": 6404836172964.86, "Plan Rows": 1, "Plan Width": 97, "Plans": [{"Node Type": "Hash Join", "Parent Relationship": "Outer", "Join Type": "Inner", "Startup Cost": 4427546227410.03, "Total Cost": 6404836168117.79, "Plan Rows": 969413, "Plan Width": 33, "Inner Unique": true, "Hash Cond": "(mc.company_type_id = ct.id), (LLVM Optimized)", "Plans": [{"Node Type": "Hash Join", "Parent Relationship": "Outer", "Join Type": "Inner", "Startup Cost": 3427546226580.49, "Total Cost": 5404836153958.82, "Plan Rows": 969413, "Plan Width": 37, "Inner Unique": true, "Hash Cond": "(mc.company_id = cn.id), (LLVM Optimized)", "Plans": [{"Node Type": "Merge Join", "Parent Relationship": "Outer", "Join Type": "Inner", "Startup Cost": 2427545175376.9, "Total Cost": 4404835085664.31, "Plan Rows": 1972473, "Plan Width": 41, "Inner Unique": false, "Merge Cond": "(t.id = ci.movie_id)", "Plans": [{"Node Type": "Merge Join", "Parent Relationship": "Outer", "Join Type": "Inner", "Startup Cost": 20021511654.95, "Total Cost": 1999075977462.98, "Plan Rows": 3614708, "Plan Width": 33, "Inner Unique": false, "Merge Cond": "(t.id = mc.movie_id)", "Plans": [{"Node Type": "Index Scan", "Parent Relationship": "Outer", "Scan Direction": "Forward", "Index Name": "title_pkey", "Relation Name": "title", "Alias": "t", "Startup Cost": 10000000000.0, "Total Cost": 1000011644126.66, "Plan Rows": 1748840, "Plan Width": 21, "Filter": "(production_year > 1990), (LLVM Optimized)"}, {"Node Type": "Materialize", "Parent Relationship": "Inner", "Startup Cost": 10000000000.0, "Total Cost": 1000013058468.95, "Plan Rows": 2609128, "Plan Width": 12, "Plans": [{"Node Type": "Index Scan", "Parent Relationship": "Outer", "Scan Direction": "Forward", "Index Name": "movie_id_movie_companies", "Relation Name": "movie_companies", "Alias": "mc", "Startup Cost": 10000000000.0, "Total Cost": 1000013051946.13, "Plan Rows": 2609128, "Plan Width": 12}]}]}, {"Node Type": "Sort", "Parent Relationship": "Inner", "Startup Cost": 2407523663721.91, "Total Cost": 2407523665462.74, "Plan Rows": 696330, "Plan Width": 20, "Sort Key": ["ci.movie_id"], "Plans": [{"Node Type": "Merge Join", "Parent Relationship": "Outer", "Join Type": "Inner", "Startup Cost": 1500023584927.4, "Total Cost": 2407523596145.13, "Plan Rows": 696330, "Plan Width": 20, "Inner Unique": false, "Merge Cond": "(rt.id = ci.role_id)", "Plans": [{"Node Type": "Index Only Scan", "Parent Relationship": "Outer", "Scan Direction": "Forward", "Index Name": "role_type_pkey", "Relation Name": "role_type", "Alias": "rt", "Startup Cost": 10000000000.0, "Total Cost": 1000000000843.0, "Plan Rows": 12, "Plan Width": 4}, {"Node Type": "Sort", "Parent Relationship": "Inner", "Startup Cost": 1490023584927.4, "Total Cost": 1490023586668.23, "Plan Rows": 696330, "Plan Width": 24, "Sort Key": ["ci.role_id"], "Plans": [{"Node Type": "Merge Join", "Parent Relationship": "Outer", "Join Type": "Inner", "Startup Cost": 59427507435.38, "Total Cost": 1490023517350.63, "Plan Rows": 696330, "Plan Width": 24, "Inner Unique": false, "Merge Cond": "(chn.id = ci.person_role_id)", "Plans": [{"Node Type": "Index Scan", "Parent Relationship": "Outer", "Scan Direction": "Forward", "Index Name": "char_name_pkey", "Relation Name": "char_name", "Alias": "chn", "Startup Cost": 10000000000.0, "Total Cost": 1000012987545.51, "Plan Rows": 3140338, "Plan Width": 20}, {"Node Type": "Index Scan", "Parent Relationship": "Inner", "Scan Direction": "Forward", "Index Name": "person_role_id_cast_info", "Relation Name": "cast_info", "Alias": "ci", "Startup Cost": 10000000000.0, "Total Cost": 1000202250807.98, "Plan Rows": 1436424, "Plan Width": 12, "Filter": "((note)::text ~~ '%(producer)%'::text), (LLVM Optimized)"}]}]}]}]}]}, {"Node Type": "Hash", "Parent Relationship": "Inner", "Startup Cost": 1000001050138.97, "Total Cost": 1000001050138.97, "Plan Rows": 85170, "Plan Width": 4, "Plans": [{"Node Type": "Index Scan", "Parent Relationship": "Outer", "Scan Direction": "Forward", "Index Name": "company_name_pkey", "Relation Name": "company_name", "Alias": "cn", "Startup Cost": 10000000000.0, "Total Cost": 1000001050138.97, "Plan Rows": 85170, "Plan Width": 4, "Filter": "((country_code)::text = '[us]'::text)"}]}]}, {"Node Type": "Hash", "Parent Relationship": "Inner", "Startup Cost": 1000000000829.5, "Total Cost": 1000000000829.5, "Plan Rows": 3, "Plan Width": 4, "Plans": [{"Node Type": "Index Only Scan", "Parent Relationship": "Outer", "Scan Direction": "Forward", "Index Name": "company_type_pkey", "Relation Name": "company_type", "Alias": "ct", "Startup Cost": 10000000000.0, "Total Cost": 1000000000829.5, "Plan Rows": 3, "Plan Width": 4}]}]}]}, "Unique SQL Id": 3145361615}, "explain_analyze_plan": {"Plan": {"Node Type": "Aggregate", "Strategy": "Plain", "Startup Cost": 6404836172964.85, "Total Cost": 6404836172964.86, "Plan Rows": 1, "Plan Width": 97, "Actual Startup Time": 25606.961, "Actual Total Time": 25606.961, "Actual Rows": 1, "Actual Loops": 1, "Plans": [{"Node Type": "Hash Join", "Parent Relationship": "Outer", "Join Type": "Inner", "Startup Cost": 4427546227410.03, "Total Cost": 6404836168117.79, "Plan Rows": 969413, "Plan Width": 33, "Actual Startup Time": 22984.256, "Actual Total Time": 25606.895, "Actual Rows": 4, "Actual Loops": 1, "Inner Unique": true, "Hash Cond": "(mc.company_type_id = ct.id), (LLVM Optimized, Jit Execute)", "Plans": [{"Node Type": "Hash Join", "Parent Relationship": "Outer", "Join Type": "Inner", "Startup Cost": 3427546226580.49, "Total Cost": 5404836153958.82, "Plan Rows": 969413, "Plan Width": 37, "Actual Startup Time": 22984.156, "Actual Total Time": 25606.612, "Actual Rows": 10, "Actual Loops": 1, "Inner Unique": true, "Hash Cond": "(mc.company_id = cn.id), (LLVM Optimized, Jit Execute)", "Plans": [{"Node Type": "Merge Join", "Parent Relationship": "Outer", "Join Type": "Inner", "Startup Cost": 2427545175376.9, "Total Cost": 4404835085664.31, "Plan Rows": 1972473, "Plan Width": 41, "Actual Startup Time": 21964.32, "Actual Total Time": 25296.744, "Actual Rows": 23, "Actual Loops": 1, "Inner Unique": false, "Merge Cond": "(t.id = ci.movie_id)", "Plans": [{"Node Type": "Merge Join", "Parent Relationship": "Outer", "Join Type": "Inner", "Startup Cost": 20021511654.95, "Total Cost": 1999075977462.98, "Plan Rows": 3614708, "Plan Width": 33, "Actual Startup Time": 0.132, "Actual Total Time": 7038.645, "Actual Rows": 1492174, "Actual Loops": 1, "Inner Unique": false, "Merge Cond": "(t.id = mc.movie_id)", "Plans": [{"Node Type": "Index Scan", "Parent Relationship": "Outer", "Scan Direction": "Forward", "Index Name": "title_pkey", "Relation Name": "title", "Alias": "t", "Startup Cost": 10000000000.0, "Total Cost": 1000011644126.66, "Plan Rows": 1748840, "Plan Width": 21, "Actual Startup Time": 0.066, "Actual Total Time": 3289.215, "Actual Rows": 1740106, "Actual Loops": 1, "Filter": "(production_year > 1990), (LLVM Optimized, Jit Execute)", "Rows Removed by Filter": 769449}, {"Node Type": "Materialize", "Parent Relationship": "Inner", "Startup Cost": 10000000000.0, "Total Cost": 1000013058468.95, "Plan Rows": 2609128, "Plan Width": 12, "Actual Startup Time": 0.052, "Actual Total Time": 2718.032, "Actual Rows": 2580385, "Actual Loops": 1, "Plans": [{"Node Type": "Index Scan", "Parent Relationship": "Outer", "Scan Direction": "Forward", "Index Name": "movie_id_movie_companies", "Relation Name": "movie_companies", "Alias": "mc", "Startup Cost": 10000000000.0, "Total Cost": 1000013051946.13, "Plan Rows": 2609128, "Plan Width": 12, "Actual Startup Time": 0.03, "Actual Total Time": 1884.125, "Actual Rows": 2580385, "Actual Loops": 1}]}]}, {"Node Type": "Sort", "Parent Relationship": "Inner", "Startup Cost": 2407523663721.91, "Total Cost": 2407523665462.74, "Plan Rows": 696330, "Plan Width": 20, "Actual Startup Time": 18055.853, "Actual Total Time": 18055.876, "Actual Rows": 28, "Actual Loops": 1, "Sort Key": ["ci.movie_id"], "Sort Method": "quicksort", "Sort Space Used": 26, "Sort Space Type": "Memory", "Plans": [{"Node Type": "Merge Join", "Parent Relationship": "Outer", "Join Type": "Inner", "Startup Cost": 1500023584927.4, "Total Cost": 2407523596145.13, "Plan Rows": 696330, "Plan Width": 20, "Actual Startup Time": 18055.795, "Actual Total Time": 18055.815, "Actual Rows": 15, "Actual Loops": 1, "Inner Unique": false, "Merge Cond": "(rt.id = ci.role_id)", "Plans": [{"Node Type": "Index Only Scan", "Parent Relationship": "Outer", "Scan Direction": "Forward", "Index Name": "role_type_pkey", "Relation Name": "role_type", "Alias": "rt", "Startup Cost": 10000000000.0, "Total Cost": 1000000000843.0, "Plan Rows": 12, "Plan Width": 4, "Actual Startup Time": 0.007, "Actual Total Time": 0.012, "Actual Rows": 3, "Actual Loops": 1, "Heap Fetches": 0}, {"Node Type": "Sort", "Parent Relationship": "Inner", "Startup Cost": 1490023584927.4, "Total Cost": 1490023586668.23, "Plan Rows": 696330, "Plan Width": 24, "Actual Startup Time": 18055.779, "Actual Total Time": 18055.781, "Actual Rows": 15, "Actual Loops": 1, "Sort Key": ["ci.role_id"], "Sort Method": "quicksort", "Sort Space Used": 26, "Sort Space Type": "Memory", "Plans": [{"Node Type": "Merge Join", "Parent Relationship": "Outer", "Join Type": "Inner", "Startup Cost": 59427507435.38, "Total Cost": 1490023517350.63, "Plan Rows": 696330, "Plan Width": 24, "Actual Startup Time": 151.168, "Actual Total Time": 18055.624, "Actual Rows": 15, "Actual Loops": 1, "Inner Unique": false, "Merge Cond": "(chn.id = ci.person_role_id)", "Plans": [{"Node Type": "Index Scan", "Parent Relationship": "Outer", "Scan Direction": "Forward", "Index Name": "char_name_pkey", "Relation Name": "char_name", "Alias": "chn", "Startup Cost": 10000000000.0, "Total Cost": 1000012987545.51, "Plan Rows": 3140338, "Plan Width": 20, "Actual Startup Time": 0.025, "Actual Total Time": 945.13, "Actual Rows": 881591, "Actual Loops": 1}, {"Node Type": "Index Scan", "Parent Relationship": "Inner", "Scan Direction": "Forward", "Index Name": "person_role_id_cast_info", "Relation Name": "cast_info", "Alias": "ci", "Startup Cost": 10000000000.0, "Total Cost": 1000202250807.98, "Plan Rows": 1436424, "Plan Width": 12, "Actual Startup Time": 151.127, "Actual Total Time": 16987.226, "Actual Rows": 16, "Actual Loops": 1, "Filter": "((note)::text ~~ '%(producer)%'::text), (LLVM Optimized, Jit Execute)", "Rows Removed by Filter": 20122645}]}]}]}]}]}, {"Node Type": "Hash", "Parent Relationship": "Inner", "Startup Cost": 1000001050138.97, "Total Cost": 1000001050138.97, "Plan Rows": 85170, "Plan Width": 4, "Actual Startup Time": 309.645, "Actual Total Time": 309.645, "Actual Rows": 84843, "Actual Loops": 1, "Hash Buckets": 131072, "Hash Batches": 1, "Original Hash Batches": 1, "Peak Memory Usage": 2983, "Plans": [{"Node Type": "Index Scan", "Parent Relationship": "Outer", "Scan Direction": "Forward", "Index Name": "company_name_pkey", "Relation Name": "company_name", "Alias": "cn", "Startup Cost": 10000000000.0, "Total Cost": 1000001050138.97, "Plan Rows": 85170, "Plan Width": 4, "Actual Startup Time": 0.048, "Actual Total Time": 282.61, "Actual Rows": 84843, "Actual Loops": 1, "Filter": "((country_code)::text = '[us]'::text)", "Rows Removed by Filter": 150153}]}]}, {"Node Type": "Hash", "Parent Relationship": "Inner", "Startup Cost": 1000000000829.5, "Total Cost": 1000000000829.5, "Plan Rows": 3, "Plan Width": 4, "Actual Startup Time": 0.032, "Actual Total Time": 0.032, "Actual Rows": 3, "Actual Loops": 1, "Hash Buckets": 32768, "Hash Batches": 1, "Original Hash Batches": 1, "Peak Memory Usage": 1, "Plans": [{"Node Type": "Index Only Scan", "Parent Relationship": "Outer", "Scan Direction": "Forward", "Index Name": "company_type_pkey", "Relation Name": "company_type", "Alias": "ct", "Startup Cost": 10000000000.0, "Total Cost": 1000000000829.5, "Plan Rows": 3, "Plan Width": 4, "Actual Startup Time": 0.014, "Actual Total Time": 0.018, "Actual Rows": 3, "Actual Loops": 1, "Heap Fetches": 0}]}]}]}, "Triggers": [], "Planner Runtime": 51.922, "Total Runtime": 25617.495, "Unique SQL Id": 3145361615}}, "(1, 76)": {"explain_plan": {"Plan": {"Node Type": "Aggregate", "Strategy": "Plain", "Startup Cost": 1041361.98, "Total Cost": 1041361.99, "Plan Rows": 1, "Plan Width": 97, "Plans": [{"Node Type": "Hash Join", "Parent Relationship": "Outer", "Join Type": "Inner", "Startup Cost": 930928.48, "Total Cost": 1036514.92, "Plan Rows": 969413, "Plan Width": 33, "Inner Unique": true, "Hash Cond": "(ci.role_id = rt.id), (LLVM Optimized)", "Plans": [{"Node Type": "Hash Join", "Parent Relationship": "Outer", "Join Type": "Inner", "Startup Cost": 930927.21, "Total Cost": 1023184.22, "Plan Rows": 969413, "Plan Width": 37, "Inner Unique": true, "Hash Cond": "(mc.company_type_id = ct.id), (LLVM Optimized)", "Plans": [{"Node Type": "Hash Join", "Parent Relationship": "Outer", "Join Type": "Inner", "Startup Cost": 930926.14, "Total Cost": 1009853.72, "Plan Rows": 969413, "Plan Width": 41, "Inner Unique": false, "Hash Cond": "(mc.movie_id = t.id), (LLVM Optimized)", "Plans": [{"Node Type": "Hash Join", "Parent Relationship": "Outer", "Join Type": "Inner", "Startup Cost": 6968.08, "Total Cost": 71392.69, "Plan Rows": 1282311, "Plan Width": 8, "Inner Unique": true, "Hash Cond": "(mc.company_id = cn.id), (LLVM Optimized)", "Plans": [{"Node Type": "Seq Scan", "Parent Relationship": "Outer", "Relation Name": "movie_companies", "Alias": "mc", "Startup Cost": 0.0, "Total Cost": 41817.28, "Plan Rows": 2609128, "Plan Width": 12}, {"Node Type": "Hash", "Parent Relationship": "Inner", "Startup Cost": 5903.45, "Total Cost": 5903.45, "Plan Rows": 85170, "Plan Width": 4, "Plans": [{"Node Type": "Seq Scan", "Parent Relationship": "Outer", "Relation Name": "company_name", "Alias": "cn", "Startup Cost": 0.0, "Total Cost": 5903.45, "Plan Rows": 85170, "Plan Width": 4, "Filter": "((country_code)::text = '[us]'::text)"}]}]}, {"Node Type": "Hash", "Parent Relationship": "Inner", "Startup Cost": 912029.03, "Total Cost": 912029.03, "Plan Rows": 954323, "Plan Width": 45, "Plans": [{"Node Type": "Hash Join", "Parent Relationship": "Outer", "Join Type": "Inner", "Startup Cost": 194997.99, "Total Cost": 912029.03, "Plan Rows": 954323, "Plan Width": 45, "Inner Unique": true, "Hash Cond": "(ci.movie_id = t.id), (LLVM Optimized)", "Plans": [{"Node Type": "Hash Join", "Parent Relationship": "Outer", "Join Type": "Inner", "Startup Cost": 106747.61, "Total Cost": 811624.17, "Plan Rows": 696330, "Plan Width": 24, "Inner Unique": true, "Hash Cond": "(ci.person_role_id = chn.id), (LLVM Optimized)", "Plans": [{"Node Type": "Seq Scan", "Parent Relationship": "Outer", "Relation Name": "cast_info", "Alias": "ci", "Startup Cost": 0.0, "Total Cost": 692526.68, "Plan Rows": 1436424, "Plan Width": 12, "Filter": "((note)::text ~~ '%(producer)%'::text), (LLVM Optimized)"}, {"Node Type": "Hash", "Parent Relationship": "Inner", "Startup Cost": 67493.38, "Total Cost": 67493.38, "Plan Rows": 3140338, "Plan Width": 20, "Plans": [{"Node Type": "Seq Scan", "Parent Relationship": "Outer", "Relation Name": "char_name", "Alias": "chn", "Startup Cost": 0.0, "Total Cost": 67493.38, "Plan Rows": 3140338, "Plan Width": 20}]}]}, {"Node Type": "Hash", "Parent Relationship": "Inner", "Startup Cost": 66389.89, "Total Cost": 66389.89, "Plan Rows": 1748840, "Plan Width": 21, "Plans": [{"Node Type": "Seq Scan", "Parent Relationship": "Outer", "Relation Name": "title", "Alias": "t", "Startup Cost": 0.0, "Total Cost": 66389.89, "Plan Rows": 1748840, "Plan Width": 21, "Filter": "(production_year > 1990), (LLVM Optimized)"}]}]}]}]}, {"Node Type": "Hash", "Parent Relationship": "Inner", "Startup Cost": 1.03, "Total Cost": 1.03, "Plan Rows": 3, "Plan Width": 4, "Plans": [{"Node Type": "Seq Scan", "Parent Relationship": "Outer", "Relation Name": "company_type", "Alias": "ct", "Startup Cost": 0.0, "Total Cost": 1.03, "Plan Rows": 3, "Plan Width": 4}]}]}, {"Node Type": "Hash", "Parent Relationship": "Inner", "Startup Cost": 1.12, "Total Cost": 1.12, "Plan Rows": 12, "Plan Width": 4, "Plans": [{"Node Type": "Seq Scan", "Parent Relationship": "Outer", "Relation Name": "role_type", "Alias": "rt", "Startup Cost": 0.0, "Total Cost": 1.12, "Plan Rows": 12, "Plan Width": 4}]}]}]}, "Unique SQL Id": 3145361615}, "explain_analyze_plan": {"Plan": {"Node Type": "Aggregate", "Strategy": "Plain", "Startup Cost": 1041361.98, "Total Cost": 1041361.99, "Plan Rows": 1, "Plan Width": 97, "Actual Startup Time": 16188.609, "Actual Total Time": 16188.61, "Actual Rows": 1, "Actual Loops": 1, "Plans": [{"Node Type": "Hash Join", "Parent Relationship": "Outer", "Join Type": "Inner", "Startup Cost": 930928.48, "Total Cost": 1036514.92, "Plan Rows": 969413, "Plan Width": 33, "Actual Startup Time": 15828.872, "Actual Total Time": 16188.552, "Actual Rows": 4, "Actual Loops": 1, "Inner Unique": true, "Hash Cond": "(ci.role_id = rt.id), (LLVM Optimized, Jit Execute)", "Plans": [{"Node Type": "Hash Join", "Parent Relationship": "Outer", "Join Type": "Inner", "Startup Cost": 930927.21, "Total Cost": 1023184.22, "Plan Rows": 969413, "Plan Width": 37, "Actual Startup Time": 15828.776, "Actual Total Time": 16188.441, "Actual Rows": 4, "Actual Loops": 1, "Inner Unique": true, "Hash Cond": "(mc.company_type_id = ct.id), (LLVM Optimized, Jit Execute)", "Plans": [{"Node Type": "Hash Join", "Parent Relationship": "Outer", "Join Type": "Inner", "Startup Cost": 930926.14, "Total Cost": 1009853.72, "Plan Rows": 969413, "Plan Width": 41, "Actual Startup Time": 15005.566, "Actual Total Time": 16188.307, "Actual Rows": 10, "Actual Loops": 1, "Inner Unique": false, "Hash Cond": "(mc.movie_id = t.id), (LLVM Optimized, Jit Execute)", "Plans": [{"Node Type": "Hash Join", "Parent Relationship": "Outer", "Join Type": "Inner", "Startup Cost": 6968.08, "Total Cost": 71392.69, "Plan Rows": 1282311, "Plan Width": 8, "Actual Startup Time": 112.673, "Actual Total Time": 1492.413, "Actual Rows": 1153797, "Actual Loops": 1, "Inner Unique": true, "Hash Cond": "(mc.company_id = cn.id), (LLVM Optimized, Jit Execute)", "Plans": [{"Node Type": "Seq Scan", "Parent Relationship": "Outer", "Relation Name": "movie_companies", "Alias": "mc", "Startup Cost": 0.0, "Total Cost": 41817.28, "Plan Rows": 2609128, "Plan Width": 12, "Actual Startup Time": 0.016, "Actual Total Time": 568.795, "Actual Rows": 2609128, "Actual Loops": 1}, {"Node Type": "Hash", "Parent Relationship": "Inner", "Startup Cost": 5903.45, "Total Cost": 5903.45, "Plan Rows": 85170, "Plan Width": 4, "Actual Startup Time": 112.55, "Actual Total Time": 112.55, "Actual Rows": 84843, "Actual Loops": 1, "Hash Buckets": 131072, "Hash Batches": 1, "Original Hash Batches": 1, "Peak Memory Usage": 2983, "Plans": [{"Node Type": "Seq Scan", "Parent Relationship": "Outer", "Relation Name": "company_name", "Alias": "cn", "Startup Cost": 0.0, "Total Cost": 5903.45, "Plan Rows": 85170, "Plan Width": 4, "Actual Startup Time": 0.027, "Actual Total Time": 89.932, "Actual Rows": 84843, "Actual Loops": 1, "Filter": "((country_code)::text = '[us]'::text)", "Rows Removed by Filter": 150153}]}]}, {"Node Type": "Hash", "Parent Relationship": "Inner", "Startup Cost": 912029.03, "Total Cost": 912029.03, "Plan Rows": 954323, "Plan Width": 45, "Actual Startup Time": 14488.293, "Actual Total Time": 14488.293, "Actual Rows": 12, "Actual Loops": 1, "Hash Buckets": 1048576, "Hash Batches": 1, "Original Hash Batches": 1, "Peak Memory Usage": 1, "Plans": [{"Node Type": "Hash Join", "Parent Relationship": "Outer", "Join Type": "Inner", "Startup Cost": 194997.99, "Total Cost": 912029.03, "Plan Rows": 954323, "Plan Width": 45, "Actual Startup Time": 4529.624, "Actual Total Time": 14488.212, "Actual Rows": 12, "Actual Loops": 1, "Inner Unique": true, "Hash Cond": "(ci.movie_id = t.id), (LLVM Optimized, Jit Execute)", "Plans": [{"Node Type": "Hash Join", "Parent Relationship": "Outer", "Join Type": "Inner", "Startup Cost": 106747.61, "Total Cost": 811624.17, "Plan Rows": 696330, "Plan Width": 24, "Actual Startup Time": 2991.698, "Actual Total Time": 12936.256, "Actual Rows": 15, "Actual Loops": 1, "Inner Unique": true, "Hash Cond": "(ci.person_role_id = chn.id), (LLVM Optimized, Jit Execute)", "Plans": [{"Node Type": "Seq Scan", "Parent Relationship": "Outer", "Relation Name": "cast_info", "Alias": "ci", "Startup Cost": 0.0, "Total Cost": 692526.68, "Plan Rows": 1436424, "Plan Width": 12, "Actual Startup Time": 689.018, "Actual Total Time": 10483.608, "Actual Rows": 1435439, "Actual Loops": 1, "Filter": "((note)::text ~~ '%(producer)%'::text), (LLVM Optimized, Jit Execute)", "Rows Removed by Filter": 34808904}, {"Node Type": "Hash", "Parent Relationship": "Inner", "Startup Cost": 67493.38, "Total Cost": 67493.38, "Plan Rows": 3140338, "Plan Width": 20, "Actual Startup Time": 2297.894, "Actual Total Time": 2297.894, "Actual Rows": 3140338, "Actual Loops": 1, "Hash Buckets": 4194304, "Hash Batches": 1, "Original Hash Batches": 1, "Peak Memory Usage": 165269, "Plans": [{"Node Type": "Seq Scan", "Parent Relationship": "Outer", "Relation Name": "char_name", "Alias": "chn", "Startup Cost": 0.0, "Total Cost": 67493.38, "Plan Rows": 3140338, "Plan Width": 20, "Actual Startup Time": 0.047, "Actual Total Time": 983.534, "Actual Rows": 3140338, "Actual Loops": 1}]}]}, {"Node Type": "Hash", "Parent Relationship": "Inner", "Startup Cost": 66389.89, "Total Cost": 66389.89, "Plan Rows": 1748840, "Plan Width": 21, "Actual Startup Time": 1536.691, "Actual Total Time": 1536.691, "Actual Rows": 1749032, "Actual Loops": 1, "Hash Buckets": 2097152, "Hash Batches": 1, "Original Hash Batches": 1, "Peak Memory Usage": 93635, "Plans": [{"Node Type": "Seq Scan", "Parent Relationship": "Outer", "Relation Name": "title", "Alias": "t", "Startup Cost": 0.0, "Total Cost": 66389.89, "Plan Rows": 1748840, "Plan Width": 21, "Actual Startup Time": 0.032, "Actual Total Time": 903.509, "Actual Rows": 1749032, "Actual Loops": 1, "Filter": "(production_year > 1990), (LLVM Optimized, Jit Execute)", "Rows Removed by Filter": 779279}]}]}]}]}, {"Node Type": "Hash", "Parent Relationship": "Inner", "Startup Cost": 1.03, "Total Cost": 1.03, "Plan Rows": 3, "Plan Width": 4, "Actual Startup Time": 0.007, "Actual Total Time": 0.007, "Actual Rows": 3, "Actual Loops": 1, "Hash Buckets": 32768, "Hash Batches": 1, "Original Hash Batches": 1, "Peak Memory Usage": 1, "Plans": [{"Node Type": "Seq Scan", "Parent Relationship": "Outer", "Relation Name": "company_type", "Alias": "ct", "Startup Cost": 0.0, "Total Cost": 1.03, "Plan Rows": 3, "Plan Width": 4, "Actual Startup Time": 0.003, "Actual Total Time": 0.003, "Actual Rows": 3, "Actual Loops": 1}]}]}, {"Node Type": "Hash", "Parent Relationship": "Inner", "Startup Cost": 1.12, "Total Cost": 1.12, "Plan Rows": 12, "Plan Width": 4, "Actual Startup Time": 0.039, "Actual Total Time": 0.039, "Actual Rows": 12, "Actual Loops": 1, "Hash Buckets": 32768, "Hash Batches": 1, "Original Hash Batches": 1, "Peak Memory Usage": 1, "Plans": [{"Node Type": "Seq Scan", "Parent Relationship": "Outer", "Relation Name": "role_type", "Alias": "rt", "Startup Cost": 0.0, "Total Cost": 1.12, "Plan Rows": 12, "Plan Width": 4, "Actual Startup Time": 0.018, "Actual Total Time": 0.024, "Actual Rows": 12, "Actual Loops": 1}]}]}]}, "Triggers": [], "Planner Runtime": 41.396, "Total Runtime": 16199.863, "Unique SQL Id": 3145361615}}, "(1, 77)": {"explain_plan": {"Plan": {"Node Type": "Aggregate", "Strategy": "Plain", "Startup Cost": 1476562.64, "Total Cost": 1476562.65, "Plan Rows": 1, "Plan Width": 97, "Plans": [{"Node Type": "Hash Join", "Parent Relationship": "Outer", "Join Type": "Inner", "Startup Cost": 391137.15, "Total Cost": 1471715.57, "Plan Rows": 969413, "Plan Width": 33, "Inner Unique": true, "Hash Cond": "(mc.company_type_id = ct.id), (LLVM Optimized)", "Plans": [{"Node Type": "Hash Join", "Parent Relationship": "Outer", "Join Type": "Inner", "Startup Cost": 391124.82, "Total Cost": 1458373.81, "Plan Rows": 969413, "Plan Width": 37, "Inner Unique": false, "Hash Cond": "(ci.movie_id = t.id), (LLVM Optimized)", "Plans": [{"Node Type": "Hash Join", "Parent Relationship": "Outer", "Join Type": "Inner", "Startup Cost": 80687.05, "Total Cost": 1135630.49, "Plan Rows": 696330, "Plan Width": 20, "Inner Unique": true, "Hash Cond": "(ci.role_id = rt.id), (LLVM Optimized)", "Plans": [{"Node Type": "Merge Join", "Parent Relationship": "Outer", "Join Type": "Inner", "Startup Cost": 80674.47, "Total Cost": 1126861.56, "Plan Rows": 696330, "Plan Width": 24, "Inner Unique": false, "Merge Cond": "(chn.id = ci.person_role_id)", "Plans": [{"Node Type": "Index Scan", "Parent Relationship": "Outer", "Scan Direction": "Forward", "Index Name": "char_name_pkey", "Relation Name": "char_name", "Alias": "chn", "Startup Cost": 0.0, "Total Cost": 129875.46, "Plan Rows": 3140338, "Plan Width": 20}, {"Node Type": "Index Scan", "Parent Relationship": "Inner", "Scan Direction": "Forward", "Index Name": "person_role_id_cast_info", "Relation Name": "cast_info", "Alias": "ci", "Startup Cost": 0.0, "Total Cost": 2022508.08, "Plan Rows": 1436424, "Plan Width": 12, "Filter": "((note)::text ~~ '%(producer)%'::text), (LLVM Optimized)"}]}, {"Node Type": "Hash", "Parent Relationship": "Inner", "Startup Cost": 12.43, "Total Cost": 12.43, "Plan Rows": 12, "Plan Width": 4, "Plans": [{"Node Type": "Index Scan", "Parent Relationship": "Outer", "Scan Direction": "Forward", "Index Name": "role_type_pkey", "Relation Name": "role_type", "Alias": "rt", "Startup Cost": 0.0, "Total Cost": 12.43, "Plan Rows": 12, "Plan Width": 4}]}]}, {"Node Type": "Hash", "Parent Relationship": "Inner", "Startup Cost": 288231.21, "Total Cost": 288231.21, "Plan Rows": 1776525, "Plan Width": 29, "Plans": [{"Node Type": "Hash Join", "Parent Relationship": "Outer", "Join Type": "Inner", "Startup Cost": 149867.78, "Total Cost": 288231.21, "Plan Rows": 1776525, "Plan Width": 29, "Inner Unique": true, "Hash Cond": "(mc.movie_id = t.id), (LLVM Optimized)", "Plans": [{"Node Type": "Hash Join", "Parent Relationship": "Outer", "Join Type": "Inner", "Startup Cost": 11566.01, "Total Cost": 127355.52, "Plan Rows": 1282311, "Plan Width": 8, "Inner Unique": true, "Hash Cond": "(mc.company_id = cn.id), (LLVM Optimized)", "Plans": [{"Node Type": "Index Scan", "Parent Relationship": "Outer", "Scan Direction": "Forward", "Index Name": "company_type_id_movie_companies", "Relation Name": "movie_companies", "Alias": "mc", "Startup Cost": 0.0, "Total Cost": 93182.17, "Plan Rows": 2609128, "Plan Width": 12}, {"Node Type": "Hash", "Parent Relationship": "Inner", "Startup Cost": 10501.39, "Total Cost": 10501.39, "Plan Rows": 85170, "Plan Width": 4, "Plans": [{"Node Type": "Index Scan", "Parent Relationship": "Outer", "Scan Direction": "Forward", "Index Name": "company_name_pkey", "Relation Name": "company_name", "Alias": "cn", "Startup Cost": 0.0, "Total Cost": 10501.39, "Plan Rows": 85170, "Plan Width": 4, "Filter": "((country_code)::text = '[us]'::text)"}]}]}, {"Node Type": "Hash", "Parent Relationship": "Inner", "Startup Cost": 116441.27, "Total Cost": 116441.27, "Plan Rows": 1748840, "Plan Width": 21, "Plans": [{"Node Type": "Index Scan", "Parent Relationship": "Outer", "Scan Direction": "Forward", "Index Name": "title_pkey", "Relation Name": "title", "Alias": "t", "Startup Cost": 0.0, "Total Cost": 116441.27, "Plan Rows": 1748840, "Plan Width": 21, "Filter": "(production_year > 1990), (LLVM Optimized)"}]}]}]}]}, {"Node Type": "Hash", "Parent Relationship": "Inner", "Startup Cost": 12.29, "Total Cost": 12.29, "Plan Rows": 3, "Plan Width": 4, "Plans": [{"Node Type": "Index Scan", "Parent Relationship": "Outer", "Scan Direction": "Forward", "Index Name": "company_type_pkey", "Relation Name": "company_type", "Alias": "ct", "Startup Cost": 0.0, "Total Cost": 12.29, "Plan Rows": 3, "Plan Width": 4}]}]}]}, "Unique SQL Id": 3145361615}, "explain_analyze_plan": {"Plan": {"Node Type": "Aggregate", "Strategy": "Plain", "Startup Cost": 1476562.64, "Total Cost": 1476562.65, "Plan Rows": 1, "Plan Width": 97, "Actual Startup Time": 24819.521, "Actual Total Time": 24819.522, "Actual Rows": 1, "Actual Loops": 1, "Plans": [{"Node Type": "Hash Join", "Parent Relationship": "Outer", "Join Type": "Inner", "Startup Cost": 391137.15, "Total Cost": 1471715.57, "Plan Rows": 969413, "Plan Width": 33, "Actual Startup Time": 7165.036, "Actual Total Time": 24819.475, "Actual Rows": 4, "Actual Loops": 1, "Inner Unique": true, "Hash Cond": "(mc.company_type_id = ct.id), (LLVM Optimized, Jit Execute)", "Plans": [{"Node Type": "Hash Join", "Parent Relationship": "Outer", "Join Type": "Inner", "Startup Cost": 391124.82, "Total Cost": 1458373.81, "Plan Rows": 969413, "Plan Width": 37, "Actual Startup Time": 7164.959, "Actual Total Time": 24817.815, "Actual Rows": 10, "Actual Loops": 1, "Inner Unique": false, "Hash Cond": "(ci.movie_id = t.id), (LLVM Optimized, Jit Execute)", "Plans": [{"Node Type": "Hash Join", "Parent Relationship": "Outer", "Join Type": "Inner", "Startup Cost": 80687.05, "Total Cost": 1135630.49, "Plan Rows": 696330, "Plan Width": 20, "Actual Startup Time": 152.318, "Actual Total Time": 17805.066, "Actual Rows": 15, "Actual Loops": 1, "Inner Unique": true, "Hash Cond": "(ci.role_id = rt.id), (LLVM Optimized, Jit Execute)", "Plans": [{"Node Type": "Merge Join", "Parent Relationship": "Outer", "Join Type": "Inner", "Startup Cost": 80674.47, "Total Cost": 1126861.56, "Plan Rows": 696330, "Plan Width": 24, "Actual Startup Time": 152.243, "Actual Total Time": 17804.901, "Actual Rows": 15, "Actual Loops": 1, "Inner Unique": false, "Merge Cond": "(chn.id = ci.person_role_id)", "Plans": [{"Node Type": "Index Scan", "Parent Relationship": "Outer", "Scan Direction": "Forward", "Index Name": "char_name_pkey", "Relation Name": "char_name", "Alias": "chn", "Startup Cost": 0.0, "Total Cost": 129875.46, "Plan Rows": 3140338, "Plan Width": 20, "Actual Startup Time": 0.02, "Actual Total Time": 905.347, "Actual Rows": 881591, "Actual Loops": 1}, {"Node Type": "Index Scan", "Parent Relationship": "Inner", "Scan Direction": "Forward", "Index Name": "person_role_id_cast_info", "Relation Name": "cast_info", "Alias": "ci", "Startup Cost": 0.0, "Total Cost": 2022508.08, "Plan Rows": 1436424, "Plan Width": 12, "Actual Startup Time": 152.205, "Actual Total Time": 16776.104, "Actual Rows": 16, "Actual Loops": 1, "Filter": "((note)::text ~~ '%(producer)%'::text), (LLVM Optimized, Jit Execute)", "Rows Removed by Filter": 20122645}]}, {"Node Type": "Hash", "Parent Relationship": "Inner", "Startup Cost": 12.43, "Total Cost": 12.43, "Plan Rows": 12, "Plan Width": 4, "Actual Startup Time": 0.014, "Actual Total Time": 0.014, "Actual Rows": 12, "Actual Loops": 1, "Hash Buckets": 32768, "Hash Batches": 1, "Original Hash Batches": 1, "Peak Memory Usage": 1, "Plans": [{"Node Type": "Index Scan", "Parent Relationship": "Outer", "Scan Direction": "Forward", "Index Name": "role_type_pkey", "Relation Name": "role_type", "Alias": "rt", "Startup Cost": 0.0, "Total Cost": 12.43, "Plan Rows": 12, "Plan Width": 4, "Actual Startup Time": 0.004, "Actual Total Time": 0.01, "Actual Rows": 12, "Actual Loops": 1}]}]}, {"Node Type": "Hash", "Parent Relationship": "Inner", "Startup Cost": 288231.21, "Total Cost": 288231.21, "Plan Rows": 1776525, "Plan Width": 29, "Actual Startup Time": 7009.048, "Actual Total Time": 7009.048, "Actual Rows": 596249, "Actual Loops": 1, "Hash Buckets": 2097152, "Hash Batches": 1, "Original Hash Batches": 1, "Peak Memory Usage": 37921, "Plans": [{"Node Type": "Hash Join", "Parent Relationship": "Outer", "Join Type": "Inner", "Startup Cost": 149867.78, "Total Cost": 288231.21, "Plan Rows": 1776525, "Plan Width": 29, "Actual Startup Time": 4339.876, "Actual Total Time": 6788.754, "Actual Rows": 596249, "Actual Loops": 1, "Inner Unique": true, "Hash Cond": "(mc.movie_id = t.id), (LLVM Optimized, Jit Execute)", "Plans": [{"Node Type": "Hash Join", "Parent Relationship": "Outer", "Join Type": "Inner", "Startup Cost": 11566.01, "Total Cost": 127355.52, "Plan Rows": 1282311, "Plan Width": 8, "Actual Startup Time": 343.92, "Actual Total Time": 2312.504, "Actual Rows": 1153797, "Actual Loops": 1, "Inner Unique": true, "Hash Cond": "(mc.company_id = cn.id), (LLVM Optimized, Jit Execute)", "Plans": [{"Node Type": "Index Scan", "Parent Relationship": "Outer", "Scan Direction": "Forward", "Index Name": "company_type_id_movie_companies", "Relation Name": "movie_companies", "Alias": "mc", "Startup Cost": 0.0, "Total Cost": 93182.17, "Plan Rows": 2609128, "Plan Width": 12, "Actual Startup Time": 0.043, "Actual Total Time": 1135.587, "Actual Rows": 2609128, "Actual Loops": 1}, {"Node Type": "Hash", "Parent Relationship": "Inner", "Startup Cost": 10501.39, "Total Cost": 10501.39, "Plan Rows": 85170, "Plan Width": 4, "Actual Startup Time": 343.768, "Actual Total Time": 343.768, "Actual Rows": 84843, "Actual Loops": 1, "Hash Buckets": 131072, "Hash Batches": 1, "Original Hash Batches": 1, "Peak Memory Usage": 2983, "Plans": [{"Node Type": "Index Scan", "Parent Relationship": "Outer", "Scan Direction": "Forward", "Index Name": "company_name_pkey", "Relation Name": "company_name", "Alias": "cn", "Startup Cost": 0.0, "Total Cost": 10501.39, "Plan Rows": 85170, "Plan Width": 4, "Actual Startup Time": 0.033, "Actual Total Time": 311.12, "Actual Rows": 84843, "Actual Loops": 1, "Filter": "((country_code)::text = '[us]'::text)", "Rows Removed by Filter": 150153}]}]}, {"Node Type": "Hash", "Parent Relationship": "Inner", "Startup Cost": 116441.27, "Total Cost": 116441.27, "Plan Rows": 1748840, "Plan Width": 21, "Actual Startup Time": 3993.451, "Actual Total Time": 3993.451, "Actual Rows": 1749032, "Actual Loops": 1, "Hash Buckets": 2097152, "Hash Batches": 1, "Original Hash Batches": 1, "Peak Memory Usage": 93635, "Plans": [{"Node Type": "Index Scan", "Parent Relationship": "Outer", "Scan Direction": "Forward", "Index Name": "title_pkey", "Relation Name": "title", "Alias": "t", "Startup Cost": 0.0, "Total Cost": 116441.27, "Plan Rows": 1748840, "Plan Width": 21, "Actual Startup Time": 0.049, "Actual Total Time": 3141.539, "Actual Rows": 1749032, "Actual Loops": 1, "Filter": "(production_year > 1990), (LLVM Optimized, Jit Execute)", "Rows Removed by Filter": 779279}]}]}]}]}, {"Node Type": "Hash", "Parent Relationship": "Inner", "Startup Cost": 12.29, "Total Cost": 12.29, "Plan Rows": 3, "Plan Width": 4, "Actual Startup Time": 0.027, "Actual Total Time": 0.027, "Actual Rows": 3, "Actual Loops": 1, "Hash Buckets": 32768, "Hash Batches": 1, "Original Hash Batches": 1, "Peak Memory Usage": 1, "Plans": [{"Node Type": "Index Scan", "Parent Relationship": "Outer", "Scan Direction": "Forward", "Index Name": "company_type_pkey", "Relation Name": "company_type", "Alias": "ct", "Startup Cost": 0.0, "Total Cost": 12.29, "Plan Rows": 3, "Plan Width": 4, "Actual Startup Time": 0.014, "Actual Total Time": 0.017, "Actual Rows": 3, "Actual Loops": 1}]}]}]}, "Triggers": [], "Planner Runtime": 34.273, "Total Runtime": 24830.405, "Unique SQL Id": 3145361615}}, "(1, 78)": {"explain_plan": {"Plan": {"Node Type": "Aggregate", "Strategy": "Plain", "Startup Cost": 1041361.98, "Total Cost": 1041361.99, "Plan Rows": 1, "Plan Width": 97, "Plans": [{"Node Type": "Hash Join", "Parent Relationship": "Outer", "Join Type": "Inner", "Startup Cost": 930928.48, "Total Cost": 1036514.92, "Plan Rows": 969413, "Plan Width": 33, "Inner Unique": true, "Hash Cond": "(ci.role_id = rt.id), (LLVM Optimized)", "Plans": [{"Node Type": "Hash Join", "Parent Relationship": "Outer", "Join Type": "Inner", "Startup Cost": 930927.21, "Total Cost": 1023184.22, "Plan Rows": 969413, "Plan Width": 37, "Inner Unique": true, "Hash Cond": "(mc.company_type_id = ct.id), (LLVM Optimized)", "Plans": [{"Node Type": "Hash Join", "Parent Relationship": "Outer", "Join Type": "Inner", "Startup Cost": 930926.14, "Total Cost": 1009853.72, "Plan Rows": 969413, "Plan Width": 41, "Inner Unique": false, "Hash Cond": "(mc.movie_id = t.id), (LLVM Optimized)", "Plans": [{"Node Type": "Hash Join", "Parent Relationship": "Outer", "Join Type": "Inner", "Startup Cost": 6968.08, "Total Cost": 71392.69, "Plan Rows": 1282311, "Plan Width": 8, "Inner Unique": true, "Hash Cond": "(mc.company_id = cn.id), (LLVM Optimized)", "Plans": [{"Node Type": "Seq Scan", "Parent Relationship": "Outer", "Relation Name": "movie_companies", "Alias": "mc", "Startup Cost": 0.0, "Total Cost": 41817.28, "Plan Rows": 2609128, "Plan Width": 12}, {"Node Type": "Hash", "Parent Relationship": "Inner", "Startup Cost": 5903.45, "Total Cost": 5903.45, "Plan Rows": 85170, "Plan Width": 4, "Plans": [{"Node Type": "Seq Scan", "Parent Relationship": "Outer", "Relation Name": "company_name", "Alias": "cn", "Startup Cost": 0.0, "Total Cost": 5903.45, "Plan Rows": 85170, "Plan Width": 4, "Filter": "((country_code)::text = '[us]'::text)"}]}]}, {"Node Type": "Hash", "Parent Relationship": "Inner", "Startup Cost": 912029.03, "Total Cost": 912029.03, "Plan Rows": 954323, "Plan Width": 45, "Plans": [{"Node Type": "Hash Join", "Parent Relationship": "Outer", "Join Type": "Inner", "Startup Cost": 194997.99, "Total Cost": 912029.03, "Plan Rows": 954323, "Plan Width": 45, "Inner Unique": true, "Hash Cond": "(ci.movie_id = t.id), (LLVM Optimized)", "Plans": [{"Node Type": "Hash Join", "Parent Relationship": "Outer", "Join Type": "Inner", "Startup Cost": 106747.61, "Total Cost": 811624.17, "Plan Rows": 696330, "Plan Width": 24, "Inner Unique": true, "Hash Cond": "(ci.person_role_id = chn.id), (LLVM Optimized)", "Plans": [{"Node Type": "Seq Scan", "Parent Relationship": "Outer", "Relation Name": "cast_info", "Alias": "ci", "Startup Cost": 0.0, "Total Cost": 692526.68, "Plan Rows": 1436424, "Plan Width": 12, "Filter": "((note)::text ~~ '%(producer)%'::text), (LLVM Optimized)"}, {"Node Type": "Hash", "Parent Relationship": "Inner", "Startup Cost": 67493.38, "Total Cost": 67493.38, "Plan Rows": 3140338, "Plan Width": 20, "Plans": [{"Node Type": "Seq Scan", "Parent Relationship": "Outer", "Relation Name": "char_name", "Alias": "chn", "Startup Cost": 0.0, "Total Cost": 67493.38, "Plan Rows": 3140338, "Plan Width": 20}]}]}, {"Node Type": "Hash", "Parent Relationship": "Inner", "Startup Cost": 66389.89, "Total Cost": 66389.89, "Plan Rows": 1748840, "Plan Width": 21, "Plans": [{"Node Type": "Seq Scan", "Parent Relationship": "Outer", "Relation Name": "title", "Alias": "t", "Startup Cost": 0.0, "Total Cost": 66389.89, "Plan Rows": 1748840, "Plan Width": 21, "Filter": "(production_year > 1990), (LLVM Optimized)"}]}]}]}]}, {"Node Type": "Hash", "Parent Relationship": "Inner", "Startup Cost": 1.03, "Total Cost": 1.03, "Plan Rows": 3, "Plan Width": 4, "Plans": [{"Node Type": "Seq Scan", "Parent Relationship": "Outer", "Relation Name": "company_type", "Alias": "ct", "Startup Cost": 0.0, "Total Cost": 1.03, "Plan Rows": 3, "Plan Width": 4}]}]}, {"Node Type": "Hash", "Parent Relationship": "Inner", "Startup Cost": 1.12, "Total Cost": 1.12, "Plan Rows": 12, "Plan Width": 4, "Plans": [{"Node Type": "Seq Scan", "Parent Relationship": "Outer", "Relation Name": "role_type", "Alias": "rt", "Startup Cost": 0.0, "Total Cost": 1.12, "Plan Rows": 12, "Plan Width": 4}]}]}]}, "Unique SQL Id": 3145361615}, "explain_analyze_plan": {"Plan": {"Node Type": "Aggregate", "Strategy": "Plain", "Startup Cost": 1041361.98, "Total Cost": 1041361.99, "Plan Rows": 1, "Plan Width": 97, "Actual Startup Time": 16188.609, "Actual Total Time": 16188.61, "Actual Rows": 1, "Actual Loops": 1, "Plans": [{"Node Type": "Hash Join", "Parent Relationship": "Outer", "Join Type": "Inner", "Startup Cost": 930928.48, "Total Cost": 1036514.92, "Plan Rows": 969413, "Plan Width": 33, "Actual Startup Time": 15828.872, "Actual Total Time": 16188.552, "Actual Rows": 4, "Actual Loops": 1, "Inner Unique": true, "Hash Cond": "(ci.role_id = rt.id), (LLVM Optimized, Jit Execute)", "Plans": [{"Node Type": "Hash Join", "Parent Relationship": "Outer", "Join Type": "Inner", "Startup Cost": 930927.21, "Total Cost": 1023184.22, "Plan Rows": 969413, "Plan Width": 37, "Actual Startup Time": 15828.776, "Actual Total Time": 16188.441, "Actual Rows": 4, "Actual Loops": 1, "Inner Unique": true, "Hash Cond": "(mc.company_type_id = ct.id), (LLVM Optimized, Jit Execute)", "Plans": [{"Node Type": "Hash Join", "Parent Relationship": "Outer", "Join Type": "Inner", "Startup Cost": 930926.14, "Total Cost": 1009853.72, "Plan Rows": 969413, "Plan Width": 41, "Actual Startup Time": 15005.566, "Actual Total Time": 16188.307, "Actual Rows": 10, "Actual Loops": 1, "Inner Unique": false, "Hash Cond": "(mc.movie_id = t.id), (LLVM Optimized, Jit Execute)", "Plans": [{"Node Type": "Hash Join", "Parent Relationship": "Outer", "Join Type": "Inner", "Startup Cost": 6968.08, "Total Cost": 71392.69, "Plan Rows": 1282311, "Plan Width": 8, "Actual Startup Time": 112.673, "Actual Total Time": 1492.413, "Actual Rows": 1153797, "Actual Loops": 1, "Inner Unique": true, "Hash Cond": "(mc.company_id = cn.id), (LLVM Optimized, Jit Execute)", "Plans": [{"Node Type": "Seq Scan", "Parent Relationship": "Outer", "Relation Name": "movie_companies", "Alias": "mc", "Startup Cost": 0.0, "Total Cost": 41817.28, "Plan Rows": 2609128, "Plan Width": 12, "Actual Startup Time": 0.016, "Actual Total Time": 568.795, "Actual Rows": 2609128, "Actual Loops": 1}, {"Node Type": "Hash", "Parent Relationship": "Inner", "Startup Cost": 5903.45, "Total Cost": 5903.45, "Plan Rows": 85170, "Plan Width": 4, "Actual Startup Time": 112.55, "Actual Total Time": 112.55, "Actual Rows": 84843, "Actual Loops": 1, "Hash Buckets": 131072, "Hash Batches": 1, "Original Hash Batches": 1, "Peak Memory Usage": 2983, "Plans": [{"Node Type": "Seq Scan", "Parent Relationship": "Outer", "Relation Name": "company_name", "Alias": "cn", "Startup Cost": 0.0, "Total Cost": 5903.45, "Plan Rows": 85170, "Plan Width": 4, "Actual Startup Time": 0.027, "Actual Total Time": 89.932, "Actual Rows": 84843, "Actual Loops": 1, "Filter": "((country_code)::text = '[us]'::text)", "Rows Removed by Filter": 150153}]}]}, {"Node Type": "Hash", "Parent Relationship": "Inner", "Startup Cost": 912029.03, "Total Cost": 912029.03, "Plan Rows": 954323, "Plan Width": 45, "Actual Startup Time": 14488.293, "Actual Total Time": 14488.293, "Actual Rows": 12, "Actual Loops": 1, "Hash Buckets": 1048576, "Hash Batches": 1, "Original Hash Batches": 1, "Peak Memory Usage": 1, "Plans": [{"Node Type": "Hash Join", "Parent Relationship": "Outer", "Join Type": "Inner", "Startup Cost": 194997.99, "Total Cost": 912029.03, "Plan Rows": 954323, "Plan Width": 45, "Actual Startup Time": 4529.624, "Actual Total Time": 14488.212, "Actual Rows": 12, "Actual Loops": 1, "Inner Unique": true, "Hash Cond": "(ci.movie_id = t.id), (LLVM Optimized, Jit Execute)", "Plans": [{"Node Type": "Hash Join", "Parent Relationship": "Outer", "Join Type": "Inner", "Startup Cost": 106747.61, "Total Cost": 811624.17, "Plan Rows": 696330, "Plan Width": 24, "Actual Startup Time": 2991.698, "Actual Total Time": 12936.256, "Actual Rows": 15, "Actual Loops": 1, "Inner Unique": true, "Hash Cond": "(ci.person_role_id = chn.id), (LLVM Optimized, Jit Execute)", "Plans": [{"Node Type": "Seq Scan", "Parent Relationship": "Outer", "Relation Name": "cast_info", "Alias": "ci", "Startup Cost": 0.0, "Total Cost": 692526.68, "Plan Rows": 1436424, "Plan Width": 12, "Actual Startup Time": 689.018, "Actual Total Time": 10483.608, "Actual Rows": 1435439, "Actual Loops": 1, "Filter": "((note)::text ~~ '%(producer)%'::text), (LLVM Optimized, Jit Execute)", "Rows Removed by Filter": 34808904}, {"Node Type": "Hash", "Parent Relationship": "Inner", "Startup Cost": 67493.38, "Total Cost": 67493.38, "Plan Rows": 3140338, "Plan Width": 20, "Actual Startup Time": 2297.894, "Actual Total Time": 2297.894, "Actual Rows": 3140338, "Actual Loops": 1, "Hash Buckets": 4194304, "Hash Batches": 1, "Original Hash Batches": 1, "Peak Memory Usage": 165269, "Plans": [{"Node Type": "Seq Scan", "Parent Relationship": "Outer", "Relation Name": "char_name", "Alias": "chn", "Startup Cost": 0.0, "Total Cost": 67493.38, "Plan Rows": 3140338, "Plan Width": 20, "Actual Startup Time": 0.047, "Actual Total Time": 983.534, "Actual Rows": 3140338, "Actual Loops": 1}]}]}, {"Node Type": "Hash", "Parent Relationship": "Inner", "Startup Cost": 66389.89, "Total Cost": 66389.89, "Plan Rows": 1748840, "Plan Width": 21, "Actual Startup Time": 1536.691, "Actual Total Time": 1536.691, "Actual Rows": 1749032, "Actual Loops": 1, "Hash Buckets": 2097152, "Hash Batches": 1, "Original Hash Batches": 1, "Peak Memory Usage": 93635, "Plans": [{"Node Type": "Seq Scan", "Parent Relationship": "Outer", "Relation Name": "title", "Alias": "t", "Startup Cost": 0.0, "Total Cost": 66389.89, "Plan Rows": 1748840, "Plan Width": 21, "Actual Startup Time": 0.032, "Actual Total Time": 903.509, "Actual Rows": 1749032, "Actual Loops": 1, "Filter": "(production_year > 1990), (LLVM Optimized, Jit Execute)", "Rows Removed by Filter": 779279}]}]}]}]}, {"Node Type": "Hash", "Parent Relationship": "Inner", "Startup Cost": 1.03, "Total Cost": 1.03, "Plan Rows": 3, "Plan Width": 4, "Actual Startup Time": 0.007, "Actual Total Time": 0.007, "Actual Rows": 3, "Actual Loops": 1, "Hash Buckets": 32768, "Hash Batches": 1, "Original Hash Batches": 1, "Peak Memory Usage": 1, "Plans": [{"Node Type": "Seq Scan", "Parent Relationship": "Outer", "Relation Name": "company_type", "Alias": "ct", "Startup Cost": 0.0, "Total Cost": 1.03, "Plan Rows": 3, "Plan Width": 4, "Actual Startup Time": 0.003, "Actual Total Time": 0.003, "Actual Rows": 3, "Actual Loops": 1}]}]}, {"Node Type": "Hash", "Parent Relationship": "Inner", "Startup Cost": 1.12, "Total Cost": 1.12, "Plan Rows": 12, "Plan Width": 4, "Actual Startup Time": 0.039, "Actual Total Time": 0.039, "Actual Rows": 12, "Actual Loops": 1, "Hash Buckets": 32768, "Hash Batches": 1, "Original Hash Batches": 1, "Peak Memory Usage": 1, "Plans": [{"Node Type": "Seq Scan", "Parent Relationship": "Outer", "Relation Name": "role_type", "Alias": "rt", "Startup Cost": 0.0, "Total Cost": 1.12, "Plan Rows": 12, "Plan Width": 4, "Actual Startup Time": 0.018, "Actual Total Time": 0.024, "Actual Rows": 12, "Actual Loops": 1}]}]}]}, "Triggers": [], "Planner Runtime": 41.396, "Total Runtime": 16199.863, "Unique SQL Id": 3145361615}}, "(1, 79)": {"explain_plan": {"Plan": {"Node Type": "Aggregate", "Strategy": "Plain", "Startup Cost": 6404836173731.52, "Total Cost": 6404836173731.53, "Plan Rows": 1, "Plan Width": 97, "Plans": [{"Node Type": "Hash Join", "Parent Relationship": "Outer", "Join Type": "Inner", "Startup Cost": 4427546228176.7, "Total Cost": 6404836168884.46, "Plan Rows": 969413, "Plan Width": 33, "Inner Unique": true, "Hash Cond": "(mc.company_type_id = ct.id), (LLVM Optimized)", "Plans": [{"Node Type": "Hash Join", "Parent Relationship": "Outer", "Join Type": "Inner", "Startup Cost": 3427546226947.16, "Total Cost": 5404836154325.49, "Plan Rows": 969413, "Plan Width": 37, "Inner Unique": true, "Hash Cond": "(mc.company_id = cn.id), (LLVM Optimized)", "Plans": [{"Node Type": "Merge Join", "Parent Relationship": "Outer", "Join Type": "Inner", "Startup Cost": 2427545175743.56, "Total Cost": 4404835086030.98, "Plan Rows": 1972473, "Plan Width": 41, "Inner Unique": false, "Merge Cond": "(t.id = ci.movie_id)", "Plans": [{"Node Type": "Merge Join", "Parent Relationship": "Outer", "Join Type": "Inner", "Startup Cost": 20021511654.95, "Total Cost": 1999075977462.98, "Plan Rows": 3614708, "Plan Width": 33, "Inner Unique": false, "Merge Cond": "(t.id = mc.movie_id)", "Plans": [{"Node Type": "Index Scan", "Parent Relationship": "Outer", "Scan Direction": "Forward", "Index Name": "title_pkey", "Relation Name": "title", "Alias": "t", "Startup Cost": 10000000000.0, "Total Cost": 1000011644126.66, "Plan Rows": 1748840, "Plan Width": 21, "Filter": "(production_year > 1990), (LLVM Optimized)"}, {"Node Type": "Materialize", "Parent Relationship": "Inner", "Startup Cost": 10000000000.0, "Total Cost": 1000013058468.95, "Plan Rows": 2609128, "Plan Width": 12, "Plans": [{"Node Type": "Index Scan", "Parent Relationship": "Outer", "Scan Direction": "Forward", "Index Name": "movie_id_movie_companies", "Relation Name": "movie_companies", "Alias": "mc", "Startup Cost": 10000000000.0, "Total Cost": 1000013051946.13, "Plan Rows": 2609128, "Plan Width": 12}]}]}, {"Node Type": "Sort", "Parent Relationship": "Inner", "Startup Cost": 2407523664088.58, "Total Cost": 2407523665829.4, "Plan Rows": 696330, "Plan Width": 20, "Sort Key": ["ci.movie_id"], "Plans": [{"Node Type": "Merge Join", "Parent Relationship": "Outer", "Join Type": "Inner", "Startup Cost": 1500023584927.4, "Total Cost": 2407523596511.8, "Plan Rows": 696330, "Plan Width": 20, "Inner Unique": false, "Merge Cond": "(rt.id = ci.role_id)", "Plans": [{"Node Type": "Index Scan", "Parent Relationship": "Outer", "Scan Direction": "Forward", "Index Name": "role_type_pkey", "Relation Name": "role_type", "Alias": "rt", "Startup Cost": 10000000000.0, "Total Cost": 1000000001243.0, "Plan Rows": 12, "Plan Width": 4}, {"Node Type": "Sort", "Parent Relationship": "Inner", "Startup Cost": 1490023584927.4, "Total Cost": 1490023586668.23, "Plan Rows": 696330, "Plan Width": 24, "Sort Key": ["ci.role_id"], "Plans": [{"Node Type": "Merge Join", "Parent Relationship": "Outer", "Join Type": "Inner", "Startup Cost": 59427507435.38, "Total Cost": 1490023517350.63, "Plan Rows": 696330, "Plan Width": 24, "Inner Unique": false, "Merge Cond": "(chn.id = ci.person_role_id)", "Plans": [{"Node Type": "Index Scan", "Parent Relationship": "Outer", "Scan Direction": "Forward", "Index Name": "char_name_pkey", "Relation Name": "char_name", "Alias": "chn", "Startup Cost": 10000000000.0, "Total Cost": 1000012987545.51, "Plan Rows": 3140338, "Plan Width": 20}, {"Node Type": "Index Scan", "Parent Relationship": "Inner", "Scan Direction": "Forward", "Index Name": "person_role_id_cast_info", "Relation Name": "cast_info", "Alias": "ci", "Startup Cost": 10000000000.0, "Total Cost": 1000202250807.98, "Plan Rows": 1436424, "Plan Width": 12, "Filter": "((note)::text ~~ '%(producer)%'::text), (LLVM Optimized)"}]}]}]}]}]}, {"Node Type": "Hash", "Parent Relationship": "Inner", "Startup Cost": 1000001050138.97, "Total Cost": 1000001050138.97, "Plan Rows": 85170, "Plan Width": 4, "Plans": [{"Node Type": "Index Scan", "Parent Relationship": "Outer", "Scan Direction": "Forward", "Index Name": "company_name_pkey", "Relation Name": "company_name", "Alias": "cn", "Startup Cost": 10000000000.0, "Total Cost": 1000001050138.97, "Plan Rows": 85170, "Plan Width": 4, "Filter": "((country_code)::text = '[us]'::text)"}]}]}, {"Node Type": "Hash", "Parent Relationship": "Inner", "Startup Cost": 1000000001229.5, "Total Cost": 1000000001229.5, "Plan Rows": 3, "Plan Width": 4, "Plans": [{"Node Type": "Index Scan", "Parent Relationship": "Outer", "Scan Direction": "Forward", "Index Name": "company_type_pkey", "Relation Name": "company_type", "Alias": "ct", "Startup Cost": 10000000000.0, "Total Cost": 1000000001229.5, "Plan Rows": 3, "Plan Width": 4}]}]}]}, "Unique SQL Id": 3145361615}, "explain_analyze_plan": {"Plan": {"Node Type": "Aggregate", "Strategy": "Plain", "Startup Cost": 6404836173731.52, "Total Cost": 6404836173731.53, "Plan Rows": 1, "Plan Width": 97, "Actual Startup Time": 25515.278, "Actual Total Time": 25515.278, "Actual Rows": 1, "Actual Loops": 1, "Plans": [{"Node Type": "Hash Join", "Parent Relationship": "Outer", "Join Type": "Inner", "Startup Cost": 4427546228176.7, "Total Cost": 6404836168884.46, "Plan Rows": 969413, "Plan Width": 33, "Actual Startup Time": 23031.055, "Actual Total Time": 25515.113, "Actual Rows": 4, "Actual Loops": 1, "Inner Unique": true, "Hash Cond": "(mc.company_type_id = ct.id), (LLVM Optimized, Jit Execute)", "Plans": [{"Node Type": "Hash Join", "Parent Relationship": "Outer", "Join Type": "Inner", "Startup Cost": 3427546226947.16, "Total Cost": 5404836154325.49, "Plan Rows": 969413, "Plan Width": 37, "Actual Startup Time": 23030.94, "Actual Total Time": 25514.815, "Actual Rows": 10, "Actual Loops": 1, "Inner Unique": true, "Hash Cond": "(mc.company_id = cn.id), (LLVM Optimized, Jit Execute)", "Plans": [{"Node Type": "Merge Join", "Parent Relationship": "Outer", "Join Type": "Inner", "Startup Cost": 2427545175743.56, "Total Cost": 4404835086030.98, "Plan Rows": 1972473, "Plan Width": 41, "Actual Startup Time": 22040.882, "Actual Total Time": 25205.046, "Actual Rows": 23, "Actual Loops": 1, "Inner Unique": false, "Merge Cond": "(t.id = ci.movie_id)", "Plans": [{"Node Type": "Merge Join", "Parent Relationship": "Outer", "Join Type": "Inner", "Startup Cost": 20021511654.95, "Total Cost": 1999075977462.98, "Plan Rows": 3614708, "Plan Width": 33, "Actual Startup Time": 0.109, "Actual Total Time": 6663.141, "Actual Rows": 1492174, "Actual Loops": 1, "Inner Unique": false, "Merge Cond": "(t.id = mc.movie_id)", "Plans": [{"Node Type": "Index Scan", "Parent Relationship": "Outer", "Scan Direction": "Forward", "Index Name": "title_pkey", "Relation Name": "title", "Alias": "t", "Startup Cost": 10000000000.0, "Total Cost": 1000011644126.66, "Plan Rows": 1748840, "Plan Width": 21, "Actual Startup Time": 0.054, "Actual Total Time": 3114.778, "Actual Rows": 1740106, "Actual Loops": 1, "Filter": "(production_year > 1990), (LLVM Optimized, Jit Execute)", "Rows Removed by Filter": 769449}, {"Node Type": "Materialize", "Parent Relationship": "Inner", "Startup Cost": 10000000000.0, "Total Cost": 1000013058468.95, "Plan Rows": 2609128, "Plan Width": 12, "Actual Startup Time": 0.044, "Actual Total Time": 2523.753, "Actual Rows": 2580385, "Actual Loops": 1, "Plans": [{"Node Type": "Index Scan", "Parent Relationship": "Outer", "Scan Direction": "Forward", "Index Name": "movie_id_movie_companies", "Relation Name": "movie_companies", "Alias": "mc", "Startup Cost": 10000000000.0, "Total Cost": 1000013051946.13, "Plan Rows": 2609128, "Plan Width": 12, "Actual Startup Time": 0.028, "Actual Total Time": 1691.629, "Actual Rows": 2580385, "Actual Loops": 1}]}]}, {"Node Type": "Sort", "Parent Relationship": "Inner", "Startup Cost": 2407523664088.58, "Total Cost": 2407523665829.4, "Plan Rows": 696330, "Plan Width": 20, "Actual Startup Time": 18344.538, "Actual Total Time": 18344.559, "Actual Rows": 28, "Actual Loops": 1, "Sort Key": ["ci.movie_id"], "Sort Method": "quicksort", "Sort Space Used": 26, "Sort Space Type": "Memory", "Plans": [{"Node Type": "Merge Join", "Parent Relationship": "Outer", "Join Type": "Inner", "Startup Cost": 1500023584927.4, "Total Cost": 2407523596511.8, "Plan Rows": 696330, "Plan Width": 20, "Actual Startup Time": 18344.485, "Actual Total Time": 18344.509, "Actual Rows": 15, "Actual Loops": 1, "Inner Unique": false, "Merge Cond": "(rt.id = ci.role_id)", "Plans": [{"Node Type": "Index Scan", "Parent Relationship": "Outer", "Scan Direction": "Forward", "Index Name": "role_type_pkey", "Relation Name": "role_type", "Alias": "rt", "Startup Cost": 10000000000.0, "Total Cost": 1000000001243.0, "Plan Rows": 12, "Plan Width": 4, "Actual Startup Time": 0.007, "Actual Total Time": 0.011, "Actual Rows": 3, "Actual Loops": 1}, {"Node Type": "Sort", "Parent Relationship": "Inner", "Startup Cost": 1490023584927.4, "Total Cost": 1490023586668.23, "Plan Rows": 696330, "Plan Width": 24, "Actual Startup Time": 18344.466, "Actual Total Time": 18344.467, "Actual Rows": 15, "Actual Loops": 1, "Sort Key": ["ci.role_id"], "Sort Method": "quicksort", "Sort Space Used": 26, "Sort Space Type": "Memory", "Plans": [{"Node Type": "Merge Join", "Parent Relationship": "Outer", "Join Type": "Inner", "Startup Cost": 59427507435.38, "Total Cost": 1490023517350.63, "Plan Rows": 696330, "Plan Width": 24, "Actual Startup Time": 154.832, "Actual Total Time": 18344.368, "Actual Rows": 15, "Actual Loops": 1, "Inner Unique": false, "Merge Cond": "(chn.id = ci.person_role_id)", "Plans": [{"Node Type": "Index Scan", "Parent Relationship": "Outer", "Scan Direction": "Forward", "Index Name": "char_name_pkey", "Relation Name": "char_name", "Alias": "chn", "Startup Cost": 10000000000.0, "Total Cost": 1000012987545.51, "Plan Rows": 3140338, "Plan Width": 20, "Actual Startup Time": 0.024, "Actual Total Time": 919.215, "Actual Rows": 881591, "Actual Loops": 1}, {"Node Type": "Index Scan", "Parent Relationship": "Inner", "Scan Direction": "Forward", "Index Name": "person_role_id_cast_info", "Relation Name": "cast_info", "Alias": "ci", "Startup Cost": 10000000000.0, "Total Cost": 1000202250807.98, "Plan Rows": 1436424, "Plan Width": 12, "Actual Startup Time": 154.79, "Actual Total Time": 17302.143, "Actual Rows": 16, "Actual Loops": 1, "Filter": "((note)::text ~~ '%(producer)%'::text), (LLVM Optimized, Jit Execute)", "Rows Removed by Filter": 20122645}]}]}]}]}]}, {"Node Type": "Hash", "Parent Relationship": "Inner", "Startup Cost": 1000001050138.97, "Total Cost": 1000001050138.97, "Plan Rows": 85170, "Plan Width": 4, "Actual Startup Time": 309.519, "Actual Total Time": 309.519, "Actual Rows": 84843, "Actual Loops": 1, "Hash Buckets": 131072, "Hash Batches": 1, "Original Hash Batches": 1, "Peak Memory Usage": 2983, "Plans": [{"Node Type": "Index Scan", "Parent Relationship": "Outer", "Scan Direction": "Forward", "Index Name": "company_name_pkey", "Relation Name": "company_name", "Alias": "cn", "Startup Cost": 10000000000.0, "Total Cost": 1000001050138.97, "Plan Rows": 85170, "Plan Width": 4, "Actual Startup Time": 0.035, "Actual Total Time": 283.055, "Actual Rows": 84843, "Actual Loops": 1, "Filter": "((country_code)::text = '[us]'::text)", "Rows Removed by Filter": 150153}]}]}, {"Node Type": "Hash", "Parent Relationship": "Inner", "Startup Cost": 1000000001229.5, "Total Cost": 1000000001229.5, "Plan Rows": 3, "Plan Width": 4, "Actual Startup Time": 0.047, "Actual Total Time": 0.047, "Actual Rows": 3, "Actual Loops": 1, "Hash Buckets": 32768, "Hash Batches": 1, "Original Hash Batches": 1, "Peak Memory Usage": 1, "Plans": [{"Node Type": "Index Scan", "Parent Relationship": "Outer", "Scan Direction": "Forward", "Index Name": "company_type_pkey", "Relation Name": "company_type", "Alias": "ct", "Startup Cost": 10000000000.0, "Total Cost": 1000000001229.5, "Plan Rows": 3, "Plan Width": 4, "Actual Startup Time": 0.029, "Actual Total Time": 0.035, "Actual Rows": 3, "Actual Loops": 1}]}]}]}, "Triggers": [], "Planner Runtime": 52.407, "Total Runtime": 25526.061, "Unique SQL Id": 3145361615}}, "(1, 80)": {"explain_plan": {"Plan": {"Node Type": "Aggregate", "Strategy": "Plain", "Startup Cost": 1681840.29, "Total Cost": 1681840.3, "Plan Rows": 1, "Plan Width": 97, "Plans": [{"Node Type": "Merge Join", "Parent Relationship": "Outer", "Join Type": "Inner", "Startup Cost": 1664824.38, "Total Cost": 1676993.22, "Plan Rows": 969413, "Plan Width": 33, "Inner Unique": false, "Merge Cond": "(ct.id = mc.company_type_id)", "Plans": [{"Node Type": "Sort", "Parent Relationship": "Outer", "Startup Cost": 1.05, "Total Cost": 1.06, "Plan Rows": 3, "Plan Width": 4, "Sort Key": ["ct.id"], "Plans": [{"Node Type": "Seq Scan", "Parent Relationship": "Outer", "Relation Name": "company_type", "Alias": "ct", "Startup Cost": 0.0, "Total Cost": 1.03, "Plan Rows": 3, "Plan Width": 4}]}, {"Node Type": "Sort", "Parent Relationship": "Inner", "Startup Cost": 1662450.96, "Total Cost": 1664874.49, "Plan Rows": 969413, "Plan Width": 37, "Sort Key": ["mc.company_type_id"], "Plans": [{"Node Type": "Merge Join", "Parent Relationship": "Outer", "Join Type": "Inner", "Startup Cost": 1417030.12, "Total Cost": 1566058.58, "Plan Rows": 969413, "Plan Width": 37, "Inner Unique": true, "Merge Cond": "(mc.movie_id = t.id)", "Plans": [{"Node Type": "Merge Join", "Parent Relationship": "Outer", "Join Type": "Inner", "Startup Cost": 1417027.5, "Total Cost": 1433917.54, "Plan Rows": 699731, "Plan Width": 28, "Inner Unique": false, "Merge Cond": "(ci.movie_id = mc.movie_id)", "Plans": [{"Node Type": "Sort", "Parent Relationship": "Outer", "Startup Cost": 1133201.22, "Total Cost": 1134942.04, "Plan Rows": 696330, "Plan Width": 20, "Sort Key": ["ci.movie_id"], "Plans": [{"Node Type": "Merge Join", "Parent Relationship": "Outer", "Join Type": "Inner", "Startup Cost": 1055179.44, "Total Cost": 1065624.44, "Plan Rows": 696330, "Plan Width": 20, "Inner Unique": false, "Merge Cond": "(rt.id = ci.role_id)", "Plans": [{"Node Type": "Sort", "Parent Relationship": "Outer", "Startup Cost": 1.34, "Total Cost": 1.37, "Plan Rows": 12, "Plan Width": 4, "Sort Key": ["rt.id"], "Plans": [{"Node Type": "Seq Scan", "Parent Relationship": "Outer", "Relation Name": "role_type", "Alias": "rt", "Startup Cost": 0.0, "Total Cost": 1.12, "Plan Rows": 12, "Plan Width": 4}]}, {"Node Type": "Sort", "Parent Relationship": "Inner", "Startup Cost": 1055178.1, "Total Cost": 1056918.93, "Plan Rows": 696330, "Plan Width": 24, "Sort Key": ["ci.role_id"], "Plans": [{"Node Type": "Merge Join", "Parent Relationship": "Outer", "Join Type": "Inner", "Startup Cost": 839716.09, "Total Cost": 987601.32, "Plan Rows": 696330, "Plan Width": 24, "Inner Unique": false, "Merge Cond": "(chn.id = ci.person_role_id)", "Plans": [{"Node Type": "Index Scan", "Parent Relationship": "Outer", "Scan Direction": "Forward", "Index Name": "char_name_pkey", "Relation Name": "char_name", "Alias": "chn", "Startup Cost": 0.0, "Total Cost": 129875.46, "Plan Rows": 3140338, "Plan Width": 20}, {"Node Type": "Sort", "Parent Relationship": "Inner", "Startup Cost": 839430.12, "Total Cost": 843021.18, "Plan Rows": 1436424, "Plan Width": 12, "Sort Key": ["ci.person_role_id"], "Plans": [{"Node Type": "Seq Scan", "Parent Relationship": "Outer", "Relation Name": "cast_info", "Alias": "ci", "Startup Cost": 0.0, "Total Cost": 692526.68, "Plan Rows": 1436424, "Plan Width": 12, "Filter": "((note)::text ~~ '%(producer)%'::text), (LLVM Optimized)"}]}]}]}]}]}, {"Node Type": "Sort", "Parent Relationship": "Inner", "Startup Cost": 283826.21, "Total Cost": 287031.99, "Plan Rows": 1282311, "Plan Width": 8, "Sort Key": ["mc.movie_id"], "Plans": [{"Node Type": "Merge Join", "Parent Relationship": "Outer", "Join Type": "Inner", "Startup Cost": 3383.04, "Total Cost": 153733.74, "Plan Rows": 1282311, "Plan Width": 8, "Inner Unique": false, "Merge Cond": "(cn.id = mc.company_id)", "Plans": [{"Node Type": "Index Scan", "Parent Relationship": "Outer", "Scan Direction": "Forward", "Index Name": "company_name_pkey", "Relation Name": "company_name", "Alias": "cn", "Startup Cost": 0.0, "Total Cost": 10501.39, "Plan Rows": 85170, "Plan Width": 4, "Filter": "((country_code)::text = '[us]'::text)"}, {"Node Type": "Index Scan", "Parent Relationship": "Inner", "Scan Direction": "Forward", "Index Name": "company_id_movie_companies", "Relation Name": "movie_companies", "Alias": "mc", "Startup Cost": 0.0, "Total Cost": 123673.5, "Plan Rows": 2609128, "Plan Width": 12}]}]}]}, {"Node Type": "Index Scan", "Parent Relationship": "Inner", "Scan Direction": "Forward", "Index Name": "title_pkey", "Relation Name": "title", "Alias": "t", "Startup Cost": 0.0, "Total Cost": 116441.27, "Plan Rows": 1748840, "Plan Width": 21, "Filter": "(production_year > 1990), (LLVM Optimized)"}]}]}]}]}, "Unique SQL Id": 3145361615}, "explain_analyze_plan": {"Plan": {"Node Type": "Aggregate", "Strategy": "Plain", "Startup Cost": 1681840.29, "Total Cost": 1681840.3, "Plan Rows": 1, "Plan Width": 97, "Actual Startup Time": 19337.563, "Actual Total Time": 19337.563, "Actual Rows": 1, "Actual Loops": 1, "Plans": [{"Node Type": "Merge Join", "Parent Relationship": "Outer", "Join Type": "Inner", "Startup Cost": 1664824.38, "Total Cost": 1676993.22, "Plan Rows": 969413, "Plan Width": 33, "Actual Startup Time": 19337.527, "Actual Total Time": 19337.531, "Actual Rows": 4, "Actual Loops": 1, "Inner Unique": false, "Merge Cond": "(ct.id = mc.company_type_id)", "Plans": [{"Node Type": "Sort", "Parent Relationship": "Outer", "Startup Cost": 1.05, "Total Cost": 1.06, "Plan Rows": 3, "Plan Width": 4, "Actual Startup Time": 0.041, "Actual Total Time": 0.042, "Actual Rows": 2, "Actual Loops": 1, "Sort Key": ["ct.id"], "Sort Method": "quicksort", "Sort Space Used": 25, "Sort Space Type": "Memory", "Plans": [{"Node Type": "Seq Scan", "Parent Relationship": "Outer", "Relation Name": "company_type", "Alias": "ct", "Startup Cost": 0.0, "Total Cost": 1.03, "Plan Rows": 3, "Plan Width": 4, "Actual Startup Time": 0.015, "Actual Total Time": 0.018, "Actual Rows": 3, "Actual Loops": 1}]}, {"Node Type": "Sort", "Parent Relationship": "Inner", "Startup Cost": 1662450.96, "Total Cost": 1664874.49, "Plan Rows": 969413, "Plan Width": 37, "Actual Startup Time": 19337.471, "Actual Total Time": 19337.472, "Actual Rows": 10, "Actual Loops": 1, "Sort Key": ["mc.company_type_id"], "Sort Method": "quicksort", "Sort Space Used": 26, "Sort Space Type": "Memory", "Plans": [{"Node Type": "Merge Join", "Parent Relationship": "Outer", "Join Type": "Inner", "Startup Cost": 1417030.12, "Total Cost": 1566058.58, "Plan Rows": 969413, "Plan Width": 37, "Actual Startup Time": 18820.676, "Actual Total Time": 19337.426, "Actual Rows": 10, "Actual Loops": 1, "Inner Unique": true, "Merge Cond": "(mc.movie_id = t.id)", "Plans": [{"Node Type": "Merge Join", "Parent Relationship": "Outer", "Join Type": "Inner", "Startup Cost": 1417027.5, "Total Cost": 1433917.54, "Plan Rows": 699731, "Plan Width": 28, "Actual Startup Time": 16368.523, "Actual Total Time": 16490.084, "Actual Rows": 14, "Actual Loops": 1, "Inner Unique": false, "Merge Cond": "(ci.movie_id = mc.movie_id)", "Plans": [{"Node Type": "Sort", "Parent Relationship": "Outer", "Startup Cost": 1133201.22, "Total Cost": 1134942.04, "Plan Rows": 696330, "Plan Width": 20, "Actual Startup Time": 11962.282, "Actual Total Time": 11962.29, "Actual Rows": 15, "Actual Loops": 1, "Sort Key": ["ci.movie_id"], "Sort Method": "quicksort", "Sort Space Used": 26, "Sort Space Type": "Memory", "Plans": [{"Node Type": "Merge Join", "Parent Relationship": "Outer", "Join Type": "Inner", "Startup Cost": 1055179.44, "Total Cost": 1065624.44, "Plan Rows": 696330, "Plan Width": 20, "Actual Startup Time": 11962.259, "Actual Total Time": 11962.269, "Actual Rows": 15, "Actual Loops": 1, "Inner Unique": false, "Merge Cond": "(rt.id = ci.role_id)", "Plans": [{"Node Type": "Sort", "Parent Relationship": "Outer", "Startup Cost": 1.34, "Total Cost": 1.37, "Plan Rows": 12, "Plan Width": 4, "Actual Startup Time": 0.012, "Actual Total Time": 0.013, "Actual Rows": 3, "Actual Loops": 1, "Sort Key": ["rt.id"], "Sort Method": "quicksort", "Sort Space Used": 25, "Sort Space Type": "Memory", "Plans": [{"Node Type": "Seq Scan", "Parent Relationship": "Outer", "Relation Name": "role_type", "Alias": "rt", "Startup Cost": 0.0, "Total Cost": 1.12, "Plan Rows": 12, "Plan Width": 4, "Actual Startup Time": 0.004, "Actual Total Time": 0.006, "Actual Rows": 12, "Actual Loops": 1}]}, {"Node Type": "Sort", "Parent Relationship": "Inner", "Startup Cost": 1055178.1, "Total Cost": 1056918.93, "Plan Rows": 696330, "Plan Width": 24, "Actual Startup Time": 11962.24, "Actual Total Time": 11962.241, "Actual Rows": 15, "Actual Loops": 1, "Sort Key": ["ci.role_id"], "Sort Method": "quicksort", "Sort Space Used": 26, "Sort Space Type": "Memory", "Plans": [{"Node Type": "Merge Join", "Parent Relationship": "Outer", "Join Type": "Inner", "Startup Cost": 839716.09, "Total Cost": 987601.32, "Plan Rows": 696330, "Plan Width": 24, "Actual Startup Time": 10957.032, "Actual Total Time": 11962.203, "Actual Rows": 15, "Actual Loops": 1, "Inner Unique": false, "Merge Cond": "(chn.id = ci.person_role_id)", "Plans": [{"Node Type": "Index Scan", "Parent Relationship": "Outer", "Scan Direction": "Forward", "Index Name": "char_name_pkey", "Relation Name": "char_name", "Alias": "chn", "Startup Cost": 0.0, "Total Cost": 129875.46, "Plan Rows": 3140338, "Plan Width": 20, "Actual Startup Time": 0.023, "Actual Total Time": 881.034, "Actual Rows": 881591, "Actual Loops": 1}, {"Node Type": "Sort", "Parent Relationship": "Inner", "Startup Cost": 839430.12, "Total Cost": 843021.18, "Plan Rows": 1436424, "Plan Width": 12, "Actual Startup Time": 10956.912, "Actual Total Time": 10956.917, "Actual Rows": 16, "Actual Loops": 1, "Sort Key": ["ci.person_role_id"], "Sort Method": "quicksort", "Sort Space Used": 138868, "Sort Space Type": "Memory", "Plans": [{"Node Type": "Seq Scan", "Parent Relationship": "Outer", "Relation Name": "cast_info", "Alias": "ci", "Startup Cost": 0.0, "Total Cost": 692526.68, "Plan Rows": 1436424, "Plan Width": 12, "Actual Startup Time": 665.208, "Actual Total Time": 10631.048, "Actual Rows": 1435439, "Actual Loops": 1, "Filter": "((note)::text ~~ '%(producer)%'::text), (LLVM Optimized, Jit Execute)", "Rows Removed by Filter": 34808904}]}]}]}]}]}, {"Node Type": "Sort", "Parent Relationship": "Inner", "Startup Cost": 283826.21, "Total Cost": 287031.99, "Plan Rows": 1282311, "Plan Width": 8, "Actual Startup Time": 4245.493, "Actual Total Time": 4378.822, "Actual Rows": 1147175, "Actual Loops": 1, "Sort Key": ["mc.movie_id"], "Sort Method": "quicksort", "Sort Space Used": 121265, "Sort Space Type": "Memory", "Plans": [{"Node Type": "Merge Join", "Parent Relationship": "Outer", "Join Type": "Inner", "Startup Cost": 3383.04, "Total Cost": 153733.74, "Plan Rows": 1282311, "Plan Width": 8, "Actual Startup Time": 0.101, "Actual Total Time": 3799.796, "Actual Rows": 1153797, "Actual Loops": 1, "Inner Unique": false, "Merge Cond": "(cn.id = mc.company_id)", "Plans": [{"Node Type": "Index Scan", "Parent Relationship": "Outer", "Scan Direction": "Forward", "Index Name": "company_name_pkey", "Relation Name": "company_name", "Alias": "cn", "Startup Cost": 0.0, "Total Cost": 10501.39, "Plan Rows": 85170, "Plan Width": 4, "Actual Startup Time": 0.069, "Actual Total Time": 356.052, "Actual Rows": 84843, "Actual Loops": 1, "Filter": "((country_code)::text = '[us]'::text)", "Rows Removed by Filter": 150153}, {"Node Type": "Index Scan", "Parent Relationship": "Inner", "Scan Direction": "Forward", "Index Name": "company_id_movie_companies", "Relation Name": "movie_companies", "Alias": "mc", "Startup Cost": 0.0, "Total Cost": 123673.5, "Plan Rows": 2609128, "Plan Width": 12, "Actual Startup Time": 0.024, "Actual Total Time": 2882.108, "Actual Rows": 2609128, "Actual Loops": 1}]}]}]}, {"Node Type": "Index Scan", "Parent Relationship": "Inner", "Scan Direction": "Forward", "Index Name": "title_pkey", "Relation Name": "title", "Alias": "t", "Startup Cost": 0.0, "Total Cost": 116441.27, "Plan Rows": 1748840, "Plan Width": 21, "Actual Startup Time": 0.071, "Actual Total Time": 2628.177, "Actual Rows": 1561981, "Actual Loops": 1, "Filter": "(production_year > 1990), (LLVM Optimized, Jit Execute)", "Rows Removed by Filter": 642389}]}]}]}]}, "Triggers": [], "Planner Runtime": 28.278, "Total Runtime": 19347.246, "Unique SQL Id": 3145361615}}, "(1, 81)": {"explain_plan": {"Plan": {"Node Type": "Aggregate", "Strategy": "Plain", "Startup Cost": 1821114.13, "Total Cost": 1821114.14, "Plan Rows": 1, "Plan Width": 97, "Plans": [{"Node Type": "Merge Join", "Parent Relationship": "Outer", "Join Type": "Inner", "Startup Cost": 1804089.93, "Total Cost": 1816267.06, "Plan Rows": 969413, "Plan Width": 33, "Inner Unique": false, "Merge Cond": "(ct.id = mc.company_type_id)", "Plans": [{"Node Type": "Index Only Scan", "Parent Relationship": "Outer", "Scan Direction": "Forward", "Index Name": "company_type_pkey", "Relation Name": "company_type", "Alias": "ct", "Startup Cost": 0.0, "Total Cost": 8.29, "Plan Rows": 3, "Plan Width": 4}, {"Node Type": "Sort", "Parent Relationship": "Inner", "Startup Cost": 1801717.56, "Total Cost": 1804141.1, "Plan Rows": 969413, "Plan Width": 37, "Sort Key": ["mc.company_type_id"], "Plans": [{"Node Type": "Merge Join", "Parent Relationship": "Outer", "Join Type": "Inner", "Startup Cost": 1556296.73, "Total Cost": 1705325.19, "Plan Rows": 969413, "Plan Width": 37, "Inner Unique": true, "Merge Cond": "(mc.movie_id = t.id)", "Plans": [{"Node Type": "Merge Join", "Parent Relationship": "Outer", "Join Type": "Inner", "Startup Cost": 1556294.1, "Total Cost": 1573184.14, "Plan Rows": 699731, "Plan Width": 28, "Inner Unique": false, "Merge Cond": "(ci.movie_id = mc.movie_id)", "Plans": [{"Node Type": "Sort", "Parent Relationship": "Outer", "Startup Cost": 1272467.82, "Total Cost": 1274208.65, "Plan Rows": 696330, "Plan Width": 20, "Sort Key": ["ci.movie_id"], "Plans": [{"Node Type": "Merge Join", "Parent Relationship": "Outer", "Join Type": "Inner", "Startup Cost": 1194438.34, "Total Cost": 1204891.05, "Plan Rows": 696330, "Plan Width": 20, "Inner Unique": false, "Merge Cond": "(rt.id = ci.role_id)", "Plans": [{"Node Type": "Index Only Scan", "Parent Relationship": "Outer", "Scan Direction": "Forward", "Index Name": "role_type_pkey", "Relation Name": "role_type", "Alias": "rt", "Startup Cost": 0.0, "Total Cost": 8.43, "Plan Rows": 12, "Plan Width": 4}, {"Node Type": "Sort", "Parent Relationship": "Inner", "Startup Cost": 1194438.34, "Total Cost": 1196179.17, "Plan Rows": 696330, "Plan Width": 24, "Sort Key": ["ci.role_id"], "Plans": [{"Node Type": "Merge Join", "Parent Relationship": "Outer", "Join Type": "Inner", "Startup Cost": 80674.47, "Total Cost": 1126861.56, "Plan Rows": 696330, "Plan Width": 24, "Inner Unique": false, "Merge Cond": "(chn.id = ci.person_role_id)", "Plans": [{"Node Type": "Index Scan", "Parent Relationship": "Outer", "Scan Direction": "Forward", "Index Name": "char_name_pkey", "Relation Name": "char_name", "Alias": "chn", "Startup Cost": 0.0, "Total Cost": 129875.46, "Plan Rows": 3140338, "Plan Width": 20}, {"Node Type": "Index Scan", "Parent Relationship": "Inner", "Scan Direction": "Forward", "Index Name": "person_role_id_cast_info", "Relation Name": "cast_info", "Alias": "ci", "Startup Cost": 0.0, "Total Cost": 2022508.08, "Plan Rows": 1436424, "Plan Width": 12, "Filter": "((note)::text ~~ '%(producer)%'::text), (LLVM Optimized)"}]}]}]}]}, {"Node Type": "Sort", "Parent Relationship": "Inner", "Startup Cost": 283826.21, "Total Cost": 287031.99, "Plan Rows": 1282311, "Plan Width": 8, "Sort Key": ["mc.movie_id"], "Plans": [{"Node Type": "Merge Join", "Parent Relationship": "Outer", "Join Type": "Inner", "Startup Cost": 3383.04, "Total Cost": 153733.74, "Plan Rows": 1282311, "Plan Width": 8, "Inner Unique": false, "Merge Cond": "(cn.id = mc.company_id)", "Plans": [{"Node Type": "Index Scan", "Parent Relationship": "Outer", "Scan Direction": "Forward", "Index Name": "company_name_pkey", "Relation Name": "company_name", "Alias": "cn", "Startup Cost": 0.0, "Total Cost": 10501.39, "Plan Rows": 85170, "Plan Width": 4, "Filter": "((country_code)::text = '[us]'::text)"}, {"Node Type": "Index Scan", "Parent Relationship": "Inner", "Scan Direction": "Forward", "Index Name": "company_id_movie_companies", "Relation Name": "movie_companies", "Alias": "mc", "Startup Cost": 0.0, "Total Cost": 123673.5, "Plan Rows": 2609128, "Plan Width": 12}]}]}]}, {"Node Type": "Index Scan", "Parent Relationship": "Inner", "Scan Direction": "Forward", "Index Name": "title_pkey", "Relation Name": "title", "Alias": "t", "Startup Cost": 0.0, "Total Cost": 116441.27, "Plan Rows": 1748840, "Plan Width": 21, "Filter": "(production_year > 1990), (LLVM Optimized)"}]}]}]}]}, "Unique SQL Id": 3145361615}, "explain_analyze_plan": {"Plan": {"Node Type": "Aggregate", "Strategy": "Plain", "Startup Cost": 1821114.13, "Total Cost": 1821114.14, "Plan Rows": 1, "Plan Width": 97, "Actual Startup Time": 26316.181, "Actual Total Time": 26316.182, "Actual Rows": 1, "Actual Loops": 1, "Plans": [{"Node Type": "Merge Join", "Parent Relationship": "Outer", "Join Type": "Inner", "Startup Cost": 1804089.93, "Total Cost": 1816267.06, "Plan Rows": 969413, "Plan Width": 33, "Actual Startup Time": 26316.141, "Actual Total Time": 26316.151, "Actual Rows": 4, "Actual Loops": 1, "Inner Unique": false, "Merge Cond": "(ct.id = mc.company_type_id)", "Plans": [{"Node Type": "Index Only Scan", "Parent Relationship": "Outer", "Scan Direction": "Forward", "Index Name": "company_type_pkey", "Relation Name": "company_type", "Alias": "ct", "Startup Cost": 0.0, "Total Cost": 8.29, "Plan Rows": 3, "Plan Width": 4, "Actual Startup Time": 0.008, "Actual Total Time": 0.014, "Actual Rows": 2, "Actual Loops": 1, "Heap Fetches": 0}, {"Node Type": "Sort", "Parent Relationship": "Inner", "Startup Cost": 1801717.56, "Total Cost": 1804141.1, "Plan Rows": 969413, "Plan Width": 37, "Actual Startup Time": 26316.115, "Actual Total Time": 26316.115, "Actual Rows": 10, "Actual Loops": 1, "Sort Key": ["mc.company_type_id"], "Sort Method": "quicksort", "Sort Space Used": 26, "Sort Space Type": "Memory", "Plans": [{"Node Type": "Merge Join", "Parent Relationship": "Outer", "Join Type": "Inner", "Startup Cost": 1556296.73, "Total Cost": 1705325.19, "Plan Rows": 969413, "Plan Width": 37, "Actual Startup Time": 25797.341, "Actual Total Time": 26316.064, "Actual Rows": 10, "Actual Loops": 1, "Inner Unique": true, "Merge Cond": "(mc.movie_id = t.id)", "Plans": [{"Node Type": "Merge Join", "Parent Relationship": "Outer", "Join Type": "Inner", "Startup Cost": 1556294.1, "Total Cost": 1573184.14, "Plan Rows": 699731, "Plan Width": 28, "Actual Startup Time": 23331.241, "Actual Total Time": 23451.407, "Actual Rows": 14, "Actual Loops": 1, "Inner Unique": false, "Merge Cond": "(ci.movie_id = mc.movie_id)", "Plans": [{"Node Type": "Sort", "Parent Relationship": "Outer", "Startup Cost": 1272467.82, "Total Cost": 1274208.65, "Plan Rows": 696330, "Plan Width": 20, "Actual Startup Time": 18785.825, "Actual Total Time": 18785.83, "Actual Rows": 15, "Actual Loops": 1, "Sort Key": ["ci.movie_id"], "Sort Method": "quicksort", "Sort Space Used": 26, "Sort Space Type": "Memory", "Plans": [{"Node Type": "Merge Join", "Parent Relationship": "Outer", "Join Type": "Inner", "Startup Cost": 1194438.34, "Total Cost": 1204891.05, "Plan Rows": 696330, "Plan Width": 20, "Actual Startup Time": 18785.765, "Actual Total Time": 18785.8, "Actual Rows": 15, "Actual Loops": 1, "Inner Unique": false, "Merge Cond": "(rt.id = ci.role_id)", "Plans": [{"Node Type": "Index Only Scan", "Parent Relationship": "Outer", "Scan Direction": "Forward", "Index Name": "role_type_pkey", "Relation Name": "role_type", "Alias": "rt", "Startup Cost": 0.0, "Total Cost": 8.43, "Plan Rows": 12, "Plan Width": 4, "Actual Startup Time": 0.002, "Actual Total Time": 0.012, "Actual Rows": 3, "Actual Loops": 1, "Heap Fetches": 0}, {"Node Type": "Sort", "Parent Relationship": "Inner", "Startup Cost": 1194438.34, "Total Cost": 1196179.17, "Plan Rows": 696330, "Plan Width": 24, "Actual Startup Time": 18785.638, "Actual Total Time": 18785.641, "Actual Rows": 15, "Actual Loops": 1, "Sort Key": ["ci.role_id"], "Sort Method": "quicksort", "Sort Space Used": 26, "Sort Space Type": "Memory", "Plans": [{"Node Type": "Merge Join", "Parent Relationship": "Outer", "Join Type": "Inner", "Startup Cost": 80674.47, "Total Cost": 1126861.56, "Plan Rows": 696330, "Plan Width": 24, "Actual Startup Time": 153.527, "Actual Total Time": 18785.568, "Actual Rows": 15, "Actual Loops": 1, "Inner Unique": false, "Merge Cond": "(chn.id = ci.person_role_id)", "Plans": [{"Node Type": "Index Scan", "Parent Relationship": "Outer", "Scan Direction": "Forward", "Index Name": "char_name_pkey", "Relation Name": "char_name", "Alias": "chn", "Startup Cost": 0.0, "Total Cost": 129875.46, "Plan Rows": 3140338, "Plan Width": 20, "Actual Startup Time": 0.026, "Actual Total Time": 978.502, "Actual Rows": 881591, "Actual Loops": 1}, {"Node Type": "Index Scan", "Parent Relationship": "Inner", "Scan Direction": "Forward", "Index Name": "person_role_id_cast_info", "Relation Name": "cast_info", "Alias": "ci", "Startup Cost": 0.0, "Total Cost": 2022508.08, "Plan Rows": 1436424, "Plan Width": 12, "Actual Startup Time": 153.487, "Actual Total Time": 17683.207, "Actual Rows": 16, "Actual Loops": 1, "Filter": "((note)::text ~~ '%(producer)%'::text), (LLVM Optimized, Jit Execute)", "Rows Removed by Filter": 20122645}]}]}]}]}, {"Node Type": "Sort", "Parent Relationship": "Inner", "Startup Cost": 283826.21, "Total Cost": 287031.99, "Plan Rows": 1282311, "Plan Width": 8, "Actual Startup Time": 4383.477, "Actual Total Time": 4516.756, "Actual Rows": 1147175, "Actual Loops": 1, "Sort Key": ["mc.movie_id"], "Sort Method": "quicksort", "Sort Space Used": 121265, "Sort Space Type": "Memory", "Plans": [{"Node Type": "Merge Join", "Parent Relationship": "Outer", "Join Type": "Inner", "Startup Cost": 3383.04, "Total Cost": 153733.74, "Plan Rows": 1282311, "Plan Width": 8, "Actual Startup Time": 0.113, "Actual Total Time": 3937.835, "Actual Rows": 1153797, "Actual Loops": 1, "Inner Unique": false, "Merge Cond": "(cn.id = mc.company_id)", "Plans": [{"Node Type": "Index Scan", "Parent Relationship": "Outer", "Scan Direction": "Forward", "Index Name": "company_name_pkey", "Relation Name": "company_name", "Alias": "cn", "Startup Cost": 0.0, "Total Cost": 10501.39, "Plan Rows": 85170, "Plan Width": 4, "Actual Startup Time": 0.08, "Actual Total Time": 363.655, "Actual Rows": 84843, "Actual Loops": 1, "Filter": "((country_code)::text = '[us]'::text)", "Rows Removed by Filter": 150153}, {"Node Type": "Index Scan", "Parent Relationship": "Inner", "Scan Direction": "Forward", "Index Name": "company_id_movie_companies", "Relation Name": "movie_companies", "Alias": "mc", "Startup Cost": 0.0, "Total Cost": 123673.5, "Plan Rows": 2609128, "Plan Width": 12, "Actual Startup Time": 0.026, "Actual Total Time": 3006.342, "Actual Rows": 2609128, "Actual Loops": 1}]}]}]}, {"Node Type": "Index Scan", "Parent Relationship": "Inner", "Scan Direction": "Forward", "Index Name": "title_pkey", "Relation Name": "title", "Alias": "t", "Startup Cost": 0.0, "Total Cost": 116441.27, "Plan Rows": 1748840, "Plan Width": 21, "Actual Startup Time": 0.069, "Actual Total Time": 2643.273, "Actual Rows": 1561981, "Actual Loops": 1, "Filter": "(production_year > 1990), (LLVM Optimized, Jit Execute)", "Rows Removed by Filter": 642389}]}]}]}]}, "Triggers": [], "Planner Runtime": 26.177, "Total Runtime": 26325.801, "Unique SQL Id": 3145361615}}, "(1, 82)": {"explain_plan": {"Plan": {"Node Type": "Aggregate", "Strategy": "Plain", "Startup Cost": 2307281.43, "Total Cost": 2307281.44, "Plan Rows": 1, "Plan Width": 97, "Plans": [{"Node Type": "Merge Join", "Parent Relationship": "Outer", "Join Type": "Inner", "Startup Cost": 2290265.52, "Total Cost": 2302434.36, "Plan Rows": 969413, "Plan Width": 33, "Inner Unique": false, "Merge Cond": "(ct.id = mc.company_type_id)", "Plans": [{"Node Type": "Sort", "Parent Relationship": "Outer", "Startup Cost": 1.05, "Total Cost": 1.06, "Plan Rows": 3, "Plan Width": 4, "Sort Key": ["ct.id"], "Plans": [{"Node Type": "Seq Scan", "Parent Relationship": "Outer", "Relation Name": "company_type", "Alias": "ct", "Startup Cost": 0.0, "Total Cost": 1.03, "Plan Rows": 3, "Plan Width": 4}]}, {"Node Type": "Sort", "Parent Relationship": "Inner", "Startup Cost": 2287892.1, "Total Cost": 2290315.63, "Plan Rows": 969413, "Plan Width": 37, "Sort Key": ["mc.company_type_id"], "Plans": [{"Node Type": "Merge Join", "Parent Relationship": "Outer", "Join Type": "Inner", "Startup Cost": 2154430.59, "Total Cost": 2191499.72, "Plan Rows": 969413, "Plan Width": 37, "Inner Unique": true, "Merge Cond": "(mc.movie_id = t.id)", "Plans": [{"Node Type": "Merge Join", "Parent Relationship": "Outer", "Join Type": "Inner", "Startup Cost": 1906703.59, "Total Cost": 1923593.63, "Plan Rows": 699731, "Plan Width": 28, "Inner Unique": false, "Merge Cond": "(ci.movie_id = mc.movie_id)", "Plans": [{"Node Type": "Sort", "Parent Relationship": "Outer", "Startup Cost": 1417551.53, "Total Cost": 1419292.36, "Plan Rows": 696330, "Plan Width": 20, "Sort Key": ["ci.movie_id"], "Plans": [{"Node Type": "Merge Join", "Parent Relationship": "Outer", "Join Type": "Inner", "Startup Cost": 1339529.75, "Total Cost": 1349974.75, "Plan Rows": 696330, "Plan Width": 20, "Inner Unique": false, "Merge Cond": "(rt.id = ci.role_id)", "Plans": [{"Node Type": "Sort", "Parent Relationship": "Outer", "Startup Cost": 1.34, "Total Cost": 1.37, "Plan Rows": 12, "Plan Width": 4, "Sort Key": ["rt.id"], "Plans": [{"Node Type": "Seq Scan", "Parent Relationship": "Outer", "Relation Name": "role_type", "Alias": "rt", "Startup Cost": 0.0, "Total Cost": 1.12, "Plan Rows": 12, "Plan Width": 4}]}, {"Node Type": "Sort", "Parent Relationship": "Inner", "Startup Cost": 1339528.41, "Total Cost": 1341269.24, "Plan Rows": 696330, "Plan Width": 24, "Sort Key": ["ci.role_id"], "Plans": [{"Node Type": "Merge Join", "Parent Relationship": "Outer", "Join Type": "Inner", "Startup Cost": 1246091.02, "Total Cost": 1271951.64, "Plan Rows": 696330, "Plan Width": 24, "Inner Unique": false, "Merge Cond": "(chn.id = ci.person_role_id)", "Plans": [{"Node Type": "Sort", "Parent Relationship": "Outer", "Startup Cost": 406374.92, "Total Cost": 414225.77, "Plan Rows": 3140338, "Plan Width": 20, "Sort Key": ["chn.id"], "Plans": [{"Node Type": "Seq Scan", "Parent Relationship": "Outer", "Relation Name": "char_name", "Alias": "chn", "Startup Cost": 0.0, "Total Cost": 67493.38, "Plan Rows": 3140338, "Plan Width": 20}]}, {"Node Type": "Sort", "Parent Relationship": "Inner", "Startup Cost": 839430.12, "Total Cost": 843021.18, "Plan Rows": 1436424, "Plan Width": 12, "Sort Key": ["ci.person_role_id"], "Plans": [{"Node Type": "Seq Scan", "Parent Relationship": "Outer", "Relation Name": "cast_info", "Alias": "ci", "Startup Cost": 0.0, "Total Cost": 692526.68, "Plan Rows": 1436424, "Plan Width": 12, "Filter": "((note)::text ~~ '%(producer)%'::text), (LLVM Optimized)"}]}]}]}]}]}, {"Node Type": "Sort", "Parent Relationship": "Inner", "Startup Cost": 489151.99, "Total Cost": 492357.77, "Plan Rows": 1282311, "Plan Width": 8, "Sort Key": ["mc.movie_id"], "Plans": [{"Node Type": "Merge Join", "Parent Relationship": "Outer", "Join Type": "Inner", "Startup Cost": 333103.9, "Total Cost": 359059.52, "Plan Rows": 1282311, "Plan Width": 8, "Inner Unique": false, "Merge Cond": "(cn.id = mc.company_id)", "Plans": [{"Node Type": "Sort", "Parent Relationship": "Outer", "Startup Cost": 12878.05, "Total Cost": 13090.97, "Plan Rows": 85170, "Plan Width": 4, "Sort Key": ["cn.id"], "Plans": [{"Node Type": "Seq Scan", "Parent Relationship": "Outer", "Relation Name": "company_name", "Alias": "cn", "Startup Cost": 0.0, "Total Cost": 5903.45, "Plan Rows": 85170, "Plan Width": 4, "Filter": "((country_code)::text = '[us]'::text)"}]}, {"Node Type": "Sort", "Parent Relationship": "Inner", "Startup Cost": 319886.87, "Total Cost": 326409.69, "Plan Rows": 2609128, "Plan Width": 12, "Sort Key": ["mc.company_id"], "Plans": [{"Node Type": "Seq Scan", "Parent Relationship": "Outer", "Relation Name": "movie_companies", "Alias": "mc", "Startup Cost": 0.0, "Total Cost": 41817.28, "Plan Rows": 2609128, "Plan Width": 12}]}]}]}]}, {"Node Type": "Sort", "Parent Relationship": "Inner", "Startup Cost": 247726.82, "Total Cost": 252098.92, "Plan Rows": 1748840, "Plan Width": 21, "Sort Key": ["t.id"], "Plans": [{"Node Type": "Seq Scan", "Parent Relationship": "Outer", "Relation Name": "title", "Alias": "t", "Startup Cost": 0.0, "Total Cost": 66389.89, "Plan Rows": 1748840, "Plan Width": 21, "Filter": "(production_year > 1990), (LLVM Optimized)"}]}]}]}]}]}, "Unique SQL Id": 3145361615}, "explain_analyze_plan": {"Plan": {"Node Type": "Aggregate", "Strategy": "Plain", "Startup Cost": 2307281.43, "Total Cost": 2307281.44, "Plan Rows": 1, "Plan Width": 97, "Actual Startup Time": 19009.286, "Actual Total Time": 19009.286, "Actual Rows": 1, "Actual Loops": 1, "Plans": [{"Node Type": "Merge Join", "Parent Relationship": "Outer", "Join Type": "Inner", "Startup Cost": 2290265.52, "Total Cost": 2302434.36, "Plan Rows": 969413, "Plan Width": 33, "Actual Startup Time": 19009.248, "Actual Total Time": 19009.254, "Actual Rows": 4, "Actual Loops": 1, "Inner Unique": false, "Merge Cond": "(ct.id = mc.company_type_id)", "Plans": [{"Node Type": "Sort", "Parent Relationship": "Outer", "Startup Cost": 1.05, "Total Cost": 1.06, "Plan Rows": 3, "Plan Width": 4, "Actual Startup Time": 0.038, "Actual Total Time": 0.038, "Actual Rows": 2, "Actual Loops": 1, "Sort Key": ["ct.id"], "Sort Method": "quicksort", "Sort Space Used": 25, "Sort Space Type": "Memory", "Plans": [{"Node Type": "Seq Scan", "Parent Relationship": "Outer", "Relation Name": "company_type", "Alias": "ct", "Startup Cost": 0.0, "Total Cost": 1.03, "Plan Rows": 3, "Plan Width": 4, "Actual Startup Time": 0.017, "Actual Total Time": 0.019, "Actual Rows": 3, "Actual Loops": 1}]}, {"Node Type": "Sort", "Parent Relationship": "Inner", "Startup Cost": 2287892.1, "Total Cost": 2290315.63, "Plan Rows": 969413, "Plan Width": 37, "Actual Startup Time": 19009.195, "Actual Total Time": 19009.195, "Actual Rows": 10, "Actual Loops": 1, "Sort Key": ["mc.company_type_id"], "Sort Method": "quicksort", "Sort Space Used": 26, "Sort Space Type": "Memory", "Plans": [{"Node Type": "Merge Join", "Parent Relationship": "Outer", "Join Type": "Inner", "Startup Cost": 2154430.59, "Total Cost": 2191499.72, "Plan Rows": 969413, "Plan Width": 37, "Actual Startup Time": 18809.341, "Actual Total Time": 19009.158, "Actual Rows": 10, "Actual Loops": 1, "Inner Unique": true, "Merge Cond": "(mc.movie_id = t.id)", "Plans": [{"Node Type": "Merge Join", "Parent Relationship": "Outer", "Join Type": "Inner", "Startup Cost": 1906703.59, "Total Cost": 1923593.63, "Plan Rows": 699731, "Plan Width": 28, "Actual Startup Time": 16821.602, "Actual Total Time": 16962.386, "Actual Rows": 14, "Actual Loops": 1, "Inner Unique": false, "Merge Cond": "(ci.movie_id = mc.movie_id)", "Plans": [{"Node Type": "Sort", "Parent Relationship": "Outer", "Startup Cost": 1417551.53, "Total Cost": 1419292.36, "Plan Rows": 696330, "Plan Width": 20, "Actual Startup Time": 13499.16, "Actual Total Time": 13499.168, "Actual Rows": 15, "Actual Loops": 1, "Sort Key": ["ci.movie_id"], "Sort Method": "quicksort", "Sort Space Used": 26, "Sort Space Type": "Memory", "Plans": [{"Node Type": "Merge Join", "Parent Relationship": "Outer", "Join Type": "Inner", "Startup Cost": 1339529.75, "Total Cost": 1349974.75, "Plan Rows": 696330, "Plan Width": 20, "Actual Startup Time": 13499.13, "Actual Total Time": 13499.142, "Actual Rows": 15, "Actual Loops": 1, "Inner Unique": false, "Merge Cond": "(rt.id = ci.role_id)", "Plans": [{"Node Type": "Sort", "Parent Relationship": "Outer", "Startup Cost": 1.34, "Total Cost": 1.37, "Plan Rows": 12, "Plan Width": 4, "Actual Startup Time": 0.012, "Actual Total Time": 0.013, "Actual Rows": 3, "Actual Loops": 1, "Sort Key": ["rt.id"], "Sort Method": "quicksort", "Sort Space Used": 25, "Sort Space Type": "Memory", "Plans": [{"Node Type": "Seq Scan", "Parent Relationship": "Outer", "Relation Name": "role_type", "Alias": "rt", "Startup Cost": 0.0, "Total Cost": 1.12, "Plan Rows": 12, "Plan Width": 4, "Actual Startup Time": 0.005, "Actual Total Time": 0.008, "Actual Rows": 12, "Actual Loops": 1}]}, {"Node Type": "Sort", "Parent Relationship": "Inner", "Startup Cost": 1339528.41, "Total Cost": 1341269.24, "Plan Rows": 696330, "Plan Width": 24, "Actual Startup Time": 13499.107, "Actual Total Time": 13499.108, "Actual Rows": 15, "Actual Loops": 1, "Sort Key": ["ci.role_id"], "Sort Method": "quicksort", "Sort Space Used": 26, "Sort Space Type": "Memory", "Plans": [{"Node Type": "Merge Join", "Parent Relationship": "Outer", "Join Type": "Inner", "Startup Cost": 1246091.02, "Total Cost": 1271951.64, "Plan Rows": 696330, "Plan Width": 24, "Actual Startup Time": 13225.548, "Actual Total Time": 13499.066, "Actual Rows": 15, "Actual Loops": 1, "Inner Unique": false, "Merge Cond": "(chn.id = ci.person_role_id)", "Plans": [{"Node Type": "Sort", "Parent Relationship": "Outer", "Startup Cost": 406374.92, "Total Cost": 414225.77, "Plan Rows": 3140338, "Plan Width": 20, "Actual Startup Time": 2276.056, "Actual Total Time": 2414.755, "Actual Rows": 881591, "Actual Loops": 1, "Sort Key": ["chn.id"], "Sort Method": "quicksort", "Sort Space Used": 396731, "Sort Space Type": "Memory", "Plans": [{"Node Type": "Seq Scan", "Parent Relationship": "Outer", "Relation Name": "char_name", "Alias": "chn", "Startup Cost": 0.0, "Total Cost": 67493.38, "Plan Rows": 3140338, "Plan Width": 20, "Actual Startup Time": 0.015, "Actual Total Time": 944.093, "Actual Rows": 3140338, "Actual Loops": 1}]}, {"Node Type": "Sort", "Parent Relationship": "Inner", "Startup Cost": 839430.12, "Total Cost": 843021.18, "Plan Rows": 1436424, "Plan Width": 12, "Actual Startup Time": 10949.408, "Actual Total Time": 10949.412, "Actual Rows": 16, "Actual Loops": 1, "Sort Key": ["ci.person_role_id"], "Sort Method": "quicksort", "Sort Space Used": 138868, "Sort Space Type": "Memory", "Plans": [{"Node Type": "Seq Scan", "Parent Relationship": "Outer", "Relation Name": "cast_info", "Alias": "ci", "Startup Cost": 0.0, "Total Cost": 692526.68, "Plan Rows": 1436424, "Plan Width": 12, "Actual Startup Time": 688.391, "Actual Total Time": 10625.04, "Actual Rows": 1435439, "Actual Loops": 1, "Filter": "((note)::text ~~ '%(producer)%'::text), (LLVM Optimized, Jit Execute)", "Rows Removed by Filter": 34808904}]}]}]}]}]}, {"Node Type": "Sort", "Parent Relationship": "Inner", "Startup Cost": 489151.99, "Total Cost": 492357.77, "Plan Rows": 1282311, "Plan Width": 8, "Actual Startup Time": 3144.888, "Actual Total Time": 3314.902, "Actual Rows": 1147175, "Actual Loops": 1, "Sort Key": ["mc.movie_id"], "Sort Method": "quicksort", "Sort Space Used": 121265, "Sort Space Type": "Memory", "Plans": [{"Node Type": "Merge Join", "Parent Relationship": "Outer", "Join Type": "Inner", "Startup Cost": 333103.9, "Total Cost": 359059.52, "Plan Rows": 1282311, "Plan Width": 8, "Actual Startup Time": 1733.544, "Actual Total Time": 2722.665, "Actual Rows": 1153797, "Actual Loops": 1, "Inner Unique": false, "Merge Cond": "(cn.id = mc.company_id)", "Plans": [{"Node Type": "Sort", "Parent Relationship": "Outer", "Startup Cost": 12878.05, "Total Cost": 13090.97, "Plan Rows": 85170, "Plan Width": 4, "Actual Startup Time": 117.849, "Actual Total Time": 131.619, "Actual Rows": 84843, "Actual Loops": 1, "Sort Key": ["cn.id"], "Sort Method": "quicksort", "Sort Space Used": 8375, "Sort Space Type": "Memory", "Plans": [{"Node Type": "Seq Scan", "Parent Relationship": "Outer", "Relation Name": "company_name", "Alias": "cn", "Startup Cost": 0.0, "Total Cost": 5903.45, "Plan Rows": 85170, "Plan Width": 4, "Actual Startup Time": 0.06, "Actual Total Time": 87.547, "Actual Rows": 84843, "Actual Loops": 1, "Filter": "((country_code)::text = '[us]'::text)", "Rows Removed by Filter": 150153}]}, {"Node Type": "Sort", "Parent Relationship": "Inner", "Startup Cost": 319886.87, "Total Cost": 326409.69, "Plan Rows": 2609128, "Plan Width": 12, "Actual Startup Time": 1615.68, "Actual Total Time": 2076.847, "Actual Rows": 2609128, "Actual Loops": 1, "Sort Key": ["mc.company_id"], "Sort Method": "quicksort", "Sort Space Used": 342910, "Sort Space Type": "Memory", "Plans": [{"Node Type": "Seq Scan", "Parent Relationship": "Outer", "Relation Name": "movie_companies", "Alias": "mc", "Startup Cost": 0.0, "Total Cost": 41817.28, "Plan Rows": 2609128, "Plan Width": 12, "Actual Startup Time": 0.034, "Actual Total Time": 723.03, "Actual Rows": 2609128, "Actual Loops": 1}]}]}]}]}, {"Node Type": "Sort", "Parent Relationship": "Inner", "Startup Cost": 247726.82, "Total Cost": 252098.92, "Plan Rows": 1748840, "Plan Width": 21, "Actual Startup Time": 1567.743, "Actual Total Time": 1810.038, "Actual Rows": 1561981, "Actual Loops": 1, "Sort Key": ["t.id"], "Sort Method": "quicksort", "Sort Space Used": 219702, "Sort Space Type": "Memory", "Plans": [{"Node Type": "Seq Scan", "Parent Relationship": "Outer", "Relation Name": "title", "Alias": "t", "Startup Cost": 0.0, "Total Cost": 66389.89, "Plan Rows": 1748840, "Plan Width": 21, "Actual Startup Time": 0.049, "Actual Total Time": 841.99, "Actual Rows": 1749032, "Actual Loops": 1, "Filter": "(production_year > 1990), (LLVM Optimized, Jit Execute)", "Rows Removed by Filter": 779279}]}]}]}]}]}, "Triggers": [], "Planner Runtime": 17.068, "Total Runtime": 19019.021, "Unique SQL Id": 3145361615}}, "(1, 83)": {"explain_plan": {"Plan": {"Node Type": "Aggregate", "Strategy": "Plain", "Startup Cost": 1000042785415.19, "Total Cost": 1000042785415.2, "Plan Rows": 1, "Plan Width": 97, "Plans": [{"Node Type": "Nested Loop", "Parent Relationship": "Outer", "Join Type": "Inner", "Startup Cost": 10000000001.85, "Total Cost": 1000042780568.12, "Plan Rows": 969413, "Plan Width": 33, "Inner Unique": true, "Plans": [{"Node Type": "Nested Loop", "Parent Relationship": "Outer", "Join Type": "Inner", "Startup Cost": 10000000001.59, "Total Cost": 1000038631235.16, "Plan Rows": 969413, "Plan Width": 37, "Inner Unique": true, "Plans": [{"Node Type": "Nested Loop", "Parent Relationship": "Outer", "Join Type": "Inner", "Startup Cost": 10000000001.32, "Total Cost": 1000035624536.13, "Plan Rows": 699731, "Plan Width": 28, "Inner Unique": true, "Plans": [{"Node Type": "Nested Loop", "Parent Relationship": "Outer", "Join Type": "Inner", "Startup Cost": 10000000001.06, "Total Cost": 1000032629508.62, "Plan Rows": 699731, "Plan Width": 32, "Inner Unique": true, "Plans": [{"Node Type": "Nested Loop", "Parent Relationship": "Outer", "Join Type": "Inner", "Startup Cost": 10000000000.77, "Total Cost": 1000026404533.61, "Plan Rows": 1443440, "Plan Width": 20, "Inner Unique": false, "Plans": [{"Node Type": "Nested Loop", "Parent Relationship": "Outer", "Join Type": "Inner", "Startup Cost": 10000000000.26, "Total Cost": 1000020494063.94, "Plan Rows": 1282311, "Plan Width": 8, "Inner Unique": true, "Plans": [{"Node Type": "Index Scan", "Parent Relationship": "Outer", "Scan Direction": "Forward", "Index Name": "company_type_id_movie_companies", "Relation Name": "movie_companies", "Alias": "mc", "Startup Cost": 10000000000.0, "Total Cost": 1000009318217.0, "Plan Rows": 2609128, "Plan Width": 12}, {"Node Type": "Bitmap Heap Scan", "Parent Relationship": "Inner", "Relation Name": "company_name", "Alias": "cn", "Startup Cost": 0.26, "Total Cost": 4.27, "Plan Rows": 1, "Plan Width": 4, "Recheck Cond": "(id = mc.company_id)", "Filter": "((country_code)::text = '[us]'::text)", "Plans": [{"Node Type": "Bitmap Index Scan", "Parent Relationship": "Outer", "Index Name": "company_name_pkey", "Startup Cost": 0.0, "Total Cost": 0.26, "Plan Rows": 1, "Plan Width": 0, "Index Cond": "(id = mc.company_id)"}]}]}, {"Node Type": "Bitmap Heap Scan", "Parent Relationship": "Inner", "Relation Name": "cast_info", "Alias": "ci", "Startup Cost": 0.51, "Total Cost": 4.6, "Plan Rows": 1, "Plan Width": 12, "Recheck Cond": "(movie_id = mc.movie_id)", "Filter": "((note)::text ~~ '%(producer)%'::text)", "Plans": [{"Node Type": "Bitmap Index Scan", "Parent Relationship": "Outer", "Index Name": "movie_id_cast_info", "Startup Cost": 0.0, "Total Cost": 0.51, "Plan Rows": 6, "Plan Width": 0, "Index Cond": "(movie_id = mc.movie_id)"}]}]}, {"Node Type": "Bitmap Heap Scan", "Parent Relationship": "Inner", "Relation Name": "char_name", "Alias": "chn", "Startup Cost": 0.29, "Total Cost": 4.3, "Plan Rows": 1, "Plan Width": 20, "Recheck Cond": "(id = ci.person_role_id)", "Plans": [{"Node Type": "Bitmap Index Scan", "Parent Relationship": "Outer", "Index Name": "char_name_pkey", "Startup Cost": 0.0, "Total Cost": 0.29, "Plan Rows": 1, "Plan Width": 0, "Index Cond": "(id = ci.person_role_id)"}]}]}, {"Node Type": "Bitmap Heap Scan", "Parent Relationship": "Inner", "Relation Name": "role_type", "Alias": "rt", "Startup Cost": 0.26, "Total Cost": 4.27, "Plan Rows": 1, "Plan Width": 4, "Recheck Cond": "(id = ci.role_id)", "Plans": [{"Node Type": "Bitmap Index Scan", "Parent Relationship": "Outer", "Index Name": "role_type_pkey", "Startup Cost": 0.0, "Total Cost": 0.26, "Plan Rows": 1, "Plan Width": 0, "Index Cond": "(id = ci.role_id)"}]}]}, {"Node Type": "Bitmap Heap Scan", "Parent Relationship": "Inner", "Relation Name": "title", "Alias": "t", "Startup Cost": 0.27, "Total Cost": 4.29, "Plan Rows": 1, "Plan Width": 21, "Recheck Cond": "(id = mc.movie_id)", "Filter": "(production_year > 1990)", "Plans": [{"Node Type": "Bitmap Index Scan", "Parent Relationship": "Outer", "Index Name": "title_pkey", "Startup Cost": 0.0, "Total Cost": 0.27, "Plan Rows": 1, "Plan Width": 0, "Index Cond": "(id = mc.movie_id)"}]}]}, {"Node Type": "Bitmap Heap Scan", "Parent Relationship": "Inner", "Relation Name": "company_type", "Alias": "ct", "Startup Cost": 0.26, "Total Cost": 4.27, "Plan Rows": 1, "Plan Width": 4, "Recheck Cond": "(id = mc.company_type_id)", "Plans": [{"Node Type": "Bitmap Index Scan", "Parent Relationship": "Outer", "Index Name": "company_type_pkey", "Startup Cost": 0.0, "Total Cost": 0.26, "Plan Rows": 1, "Plan Width": 0, "Index Cond": "(id = mc.company_type_id)"}]}]}]}, "Unique SQL Id": 3145361615}, "explain_analyze_plan": null}, "(1, 84)": {"explain_plan": {"Plan": {"Node Type": "Aggregate", "Strategy": "Plain", "Startup Cost": 1681840.29, "Total Cost": 1681840.3, "Plan Rows": 1, "Plan Width": 97, "Plans": [{"Node Type": "Merge Join", "Parent Relationship": "Outer", "Join Type": "Inner", "Startup Cost": 1664824.38, "Total Cost": 1676993.22, "Plan Rows": 969413, "Plan Width": 33, "Inner Unique": false, "Merge Cond": "(ct.id = mc.company_type_id)", "Plans": [{"Node Type": "Sort", "Parent Relationship": "Outer", "Startup Cost": 1.05, "Total Cost": 1.06, "Plan Rows": 3, "Plan Width": 4, "Sort Key": ["ct.id"], "Plans": [{"Node Type": "Seq Scan", "Parent Relationship": "Outer", "Relation Name": "company_type", "Alias": "ct", "Startup Cost": 0.0, "Total Cost": 1.03, "Plan Rows": 3, "Plan Width": 4}]}, {"Node Type": "Sort", "Parent Relationship": "Inner", "Startup Cost": 1662450.96, "Total Cost": 1664874.49, "Plan Rows": 969413, "Plan Width": 37, "Sort Key": ["mc.company_type_id"], "Plans": [{"Node Type": "Merge Join", "Parent Relationship": "Outer", "Join Type": "Inner", "Startup Cost": 1417030.12, "Total Cost": 1566058.58, "Plan Rows": 969413, "Plan Width": 37, "Inner Unique": true, "Merge Cond": "(mc.movie_id = t.id)", "Plans": [{"Node Type": "Merge Join", "Parent Relationship": "Outer", "Join Type": "Inner", "Startup Cost": 1417027.5, "Total Cost": 1433917.54, "Plan Rows": 699731, "Plan Width": 28, "Inner Unique": false, "Merge Cond": "(ci.movie_id = mc.movie_id)", "Plans": [{"Node Type": "Sort", "Parent Relationship": "Outer", "Startup Cost": 1133201.22, "Total Cost": 1134942.04, "Plan Rows": 696330, "Plan Width": 20, "Sort Key": ["ci.movie_id"], "Plans": [{"Node Type": "Merge Join", "Parent Relationship": "Outer", "Join Type": "Inner", "Startup Cost": 1055179.44, "Total Cost": 1065624.44, "Plan Rows": 696330, "Plan Width": 20, "Inner Unique": false, "Merge Cond": "(rt.id = ci.role_id)", "Plans": [{"Node Type": "Sort", "Parent Relationship": "Outer", "Startup Cost": 1.34, "Total Cost": 1.37, "Plan Rows": 12, "Plan Width": 4, "Sort Key": ["rt.id"], "Plans": [{"Node Type": "Seq Scan", "Parent Relationship": "Outer", "Relation Name": "role_type", "Alias": "rt", "Startup Cost": 0.0, "Total Cost": 1.12, "Plan Rows": 12, "Plan Width": 4}]}, {"Node Type": "Sort", "Parent Relationship": "Inner", "Startup Cost": 1055178.1, "Total Cost": 1056918.93, "Plan Rows": 696330, "Plan Width": 24, "Sort Key": ["ci.role_id"], "Plans": [{"Node Type": "Merge Join", "Parent Relationship": "Outer", "Join Type": "Inner", "Startup Cost": 839716.09, "Total Cost": 987601.32, "Plan Rows": 696330, "Plan Width": 24, "Inner Unique": false, "Merge Cond": "(chn.id = ci.person_role_id)", "Plans": [{"Node Type": "Index Scan", "Parent Relationship": "Outer", "Scan Direction": "Forward", "Index Name": "char_name_pkey", "Relation Name": "char_name", "Alias": "chn", "Startup Cost": 0.0, "Total Cost": 129875.46, "Plan Rows": 3140338, "Plan Width": 20}, {"Node Type": "Sort", "Parent Relationship": "Inner", "Startup Cost": 839430.12, "Total Cost": 843021.18, "Plan Rows": 1436424, "Plan Width": 12, "Sort Key": ["ci.person_role_id"], "Plans": [{"Node Type": "Seq Scan", "Parent Relationship": "Outer", "Relation Name": "cast_info", "Alias": "ci", "Startup Cost": 0.0, "Total Cost": 692526.68, "Plan Rows": 1436424, "Plan Width": 12, "Filter": "((note)::text ~~ '%(producer)%'::text), (LLVM Optimized)"}]}]}]}]}]}, {"Node Type": "Sort", "Parent Relationship": "Inner", "Startup Cost": 283826.21, "Total Cost": 287031.99, "Plan Rows": 1282311, "Plan Width": 8, "Sort Key": ["mc.movie_id"], "Plans": [{"Node Type": "Merge Join", "Parent Relationship": "Outer", "Join Type": "Inner", "Startup Cost": 3383.04, "Total Cost": 153733.74, "Plan Rows": 1282311, "Plan Width": 8, "Inner Unique": false, "Merge Cond": "(cn.id = mc.company_id)", "Plans": [{"Node Type": "Index Scan", "Parent Relationship": "Outer", "Scan Direction": "Forward", "Index Name": "company_name_pkey", "Relation Name": "company_name", "Alias": "cn", "Startup Cost": 0.0, "Total Cost": 10501.39, "Plan Rows": 85170, "Plan Width": 4, "Filter": "((country_code)::text = '[us]'::text)"}, {"Node Type": "Index Scan", "Parent Relationship": "Inner", "Scan Direction": "Forward", "Index Name": "company_id_movie_companies", "Relation Name": "movie_companies", "Alias": "mc", "Startup Cost": 0.0, "Total Cost": 123673.5, "Plan Rows": 2609128, "Plan Width": 12}]}]}]}, {"Node Type": "Index Scan", "Parent Relationship": "Inner", "Scan Direction": "Forward", "Index Name": "title_pkey", "Relation Name": "title", "Alias": "t", "Startup Cost": 0.0, "Total Cost": 116441.27, "Plan Rows": 1748840, "Plan Width": 21, "Filter": "(production_year > 1990), (LLVM Optimized)"}]}]}]}]}, "Unique SQL Id": 3145361615}, "explain_analyze_plan": {"Plan": {"Node Type": "Aggregate", "Strategy": "Plain", "Startup Cost": 1681840.29, "Total Cost": 1681840.3, "Plan Rows": 1, "Plan Width": 97, "Actual Startup Time": 19337.563, "Actual Total Time": 19337.563, "Actual Rows": 1, "Actual Loops": 1, "Plans": [{"Node Type": "Merge Join", "Parent Relationship": "Outer", "Join Type": "Inner", "Startup Cost": 1664824.38, "Total Cost": 1676993.22, "Plan Rows": 969413, "Plan Width": 33, "Actual Startup Time": 19337.527, "Actual Total Time": 19337.531, "Actual Rows": 4, "Actual Loops": 1, "Inner Unique": false, "Merge Cond": "(ct.id = mc.company_type_id)", "Plans": [{"Node Type": "Sort", "Parent Relationship": "Outer", "Startup Cost": 1.05, "Total Cost": 1.06, "Plan Rows": 3, "Plan Width": 4, "Actual Startup Time": 0.041, "Actual Total Time": 0.042, "Actual Rows": 2, "Actual Loops": 1, "Sort Key": ["ct.id"], "Sort Method": "quicksort", "Sort Space Used": 25, "Sort Space Type": "Memory", "Plans": [{"Node Type": "Seq Scan", "Parent Relationship": "Outer", "Relation Name": "company_type", "Alias": "ct", "Startup Cost": 0.0, "Total Cost": 1.03, "Plan Rows": 3, "Plan Width": 4, "Actual Startup Time": 0.015, "Actual Total Time": 0.018, "Actual Rows": 3, "Actual Loops": 1}]}, {"Node Type": "Sort", "Parent Relationship": "Inner", "Startup Cost": 1662450.96, "Total Cost": 1664874.49, "Plan Rows": 969413, "Plan Width": 37, "Actual Startup Time": 19337.471, "Actual Total Time": 19337.472, "Actual Rows": 10, "Actual Loops": 1, "Sort Key": ["mc.company_type_id"], "Sort Method": "quicksort", "Sort Space Used": 26, "Sort Space Type": "Memory", "Plans": [{"Node Type": "Merge Join", "Parent Relationship": "Outer", "Join Type": "Inner", "Startup Cost": 1417030.12, "Total Cost": 1566058.58, "Plan Rows": 969413, "Plan Width": 37, "Actual Startup Time": 18820.676, "Actual Total Time": 19337.426, "Actual Rows": 10, "Actual Loops": 1, "Inner Unique": true, "Merge Cond": "(mc.movie_id = t.id)", "Plans": [{"Node Type": "Merge Join", "Parent Relationship": "Outer", "Join Type": "Inner", "Startup Cost": 1417027.5, "Total Cost": 1433917.54, "Plan Rows": 699731, "Plan Width": 28, "Actual Startup Time": 16368.523, "Actual Total Time": 16490.084, "Actual Rows": 14, "Actual Loops": 1, "Inner Unique": false, "Merge Cond": "(ci.movie_id = mc.movie_id)", "Plans": [{"Node Type": "Sort", "Parent Relationship": "Outer", "Startup Cost": 1133201.22, "Total Cost": 1134942.04, "Plan Rows": 696330, "Plan Width": 20, "Actual Startup Time": 11962.282, "Actual Total Time": 11962.29, "Actual Rows": 15, "Actual Loops": 1, "Sort Key": ["ci.movie_id"], "Sort Method": "quicksort", "Sort Space Used": 26, "Sort Space Type": "Memory", "Plans": [{"Node Type": "Merge Join", "Parent Relationship": "Outer", "Join Type": "Inner", "Startup Cost": 1055179.44, "Total Cost": 1065624.44, "Plan Rows": 696330, "Plan Width": 20, "Actual Startup Time": 11962.259, "Actual Total Time": 11962.269, "Actual Rows": 15, "Actual Loops": 1, "Inner Unique": false, "Merge Cond": "(rt.id = ci.role_id)", "Plans": [{"Node Type": "Sort", "Parent Relationship": "Outer", "Startup Cost": 1.34, "Total Cost": 1.37, "Plan Rows": 12, "Plan Width": 4, "Actual Startup Time": 0.012, "Actual Total Time": 0.013, "Actual Rows": 3, "Actual Loops": 1, "Sort Key": ["rt.id"], "Sort Method": "quicksort", "Sort Space Used": 25, "Sort Space Type": "Memory", "Plans": [{"Node Type": "Seq Scan", "Parent Relationship": "Outer", "Relation Name": "role_type", "Alias": "rt", "Startup Cost": 0.0, "Total Cost": 1.12, "Plan Rows": 12, "Plan Width": 4, "Actual Startup Time": 0.004, "Actual Total Time": 0.006, "Actual Rows": 12, "Actual Loops": 1}]}, {"Node Type": "Sort", "Parent Relationship": "Inner", "Startup Cost": 1055178.1, "Total Cost": 1056918.93, "Plan Rows": 696330, "Plan Width": 24, "Actual Startup Time": 11962.24, "Actual Total Time": 11962.241, "Actual Rows": 15, "Actual Loops": 1, "Sort Key": ["ci.role_id"], "Sort Method": "quicksort", "Sort Space Used": 26, "Sort Space Type": "Memory", "Plans": [{"Node Type": "Merge Join", "Parent Relationship": "Outer", "Join Type": "Inner", "Startup Cost": 839716.09, "Total Cost": 987601.32, "Plan Rows": 696330, "Plan Width": 24, "Actual Startup Time": 10957.032, "Actual Total Time": 11962.203, "Actual Rows": 15, "Actual Loops": 1, "Inner Unique": false, "Merge Cond": "(chn.id = ci.person_role_id)", "Plans": [{"Node Type": "Index Scan", "Parent Relationship": "Outer", "Scan Direction": "Forward", "Index Name": "char_name_pkey", "Relation Name": "char_name", "Alias": "chn", "Startup Cost": 0.0, "Total Cost": 129875.46, "Plan Rows": 3140338, "Plan Width": 20, "Actual Startup Time": 0.023, "Actual Total Time": 881.034, "Actual Rows": 881591, "Actual Loops": 1}, {"Node Type": "Sort", "Parent Relationship": "Inner", "Startup Cost": 839430.12, "Total Cost": 843021.18, "Plan Rows": 1436424, "Plan Width": 12, "Actual Startup Time": 10956.912, "Actual Total Time": 10956.917, "Actual Rows": 16, "Actual Loops": 1, "Sort Key": ["ci.person_role_id"], "Sort Method": "quicksort", "Sort Space Used": 138868, "Sort Space Type": "Memory", "Plans": [{"Node Type": "Seq Scan", "Parent Relationship": "Outer", "Relation Name": "cast_info", "Alias": "ci", "Startup Cost": 0.0, "Total Cost": 692526.68, "Plan Rows": 1436424, "Plan Width": 12, "Actual Startup Time": 665.208, "Actual Total Time": 10631.048, "Actual Rows": 1435439, "Actual Loops": 1, "Filter": "((note)::text ~~ '%(producer)%'::text), (LLVM Optimized, Jit Execute)", "Rows Removed by Filter": 34808904}]}]}]}]}]}, {"Node Type": "Sort", "Parent Relationship": "Inner", "Startup Cost": 283826.21, "Total Cost": 287031.99, "Plan Rows": 1282311, "Plan Width": 8, "Actual Startup Time": 4245.493, "Actual Total Time": 4378.822, "Actual Rows": 1147175, "Actual Loops": 1, "Sort Key": ["mc.movie_id"], "Sort Method": "quicksort", "Sort Space Used": 121265, "Sort Space Type": "Memory", "Plans": [{"Node Type": "Merge Join", "Parent Relationship": "Outer", "Join Type": "Inner", "Startup Cost": 3383.04, "Total Cost": 153733.74, "Plan Rows": 1282311, "Plan Width": 8, "Actual Startup Time": 0.101, "Actual Total Time": 3799.796, "Actual Rows": 1153797, "Actual Loops": 1, "Inner Unique": false, "Merge Cond": "(cn.id = mc.company_id)", "Plans": [{"Node Type": "Index Scan", "Parent Relationship": "Outer", "Scan Direction": "Forward", "Index Name": "company_name_pkey", "Relation Name": "company_name", "Alias": "cn", "Startup Cost": 0.0, "Total Cost": 10501.39, "Plan Rows": 85170, "Plan Width": 4, "Actual Startup Time": 0.069, "Actual Total Time": 356.052, "Actual Rows": 84843, "Actual Loops": 1, "Filter": "((country_code)::text = '[us]'::text)", "Rows Removed by Filter": 150153}, {"Node Type": "Index Scan", "Parent Relationship": "Inner", "Scan Direction": "Forward", "Index Name": "company_id_movie_companies", "Relation Name": "movie_companies", "Alias": "mc", "Startup Cost": 0.0, "Total Cost": 123673.5, "Plan Rows": 2609128, "Plan Width": 12, "Actual Startup Time": 0.024, "Actual Total Time": 2882.108, "Actual Rows": 2609128, "Actual Loops": 1}]}]}]}, {"Node Type": "Index Scan", "Parent Relationship": "Inner", "Scan Direction": "Forward", "Index Name": "title_pkey", "Relation Name": "title", "Alias": "t", "Startup Cost": 0.0, "Total Cost": 116441.27, "Plan Rows": 1748840, "Plan Width": 21, "Actual Startup Time": 0.071, "Actual Total Time": 2628.177, "Actual Rows": 1561981, "Actual Loops": 1, "Filter": "(production_year > 1990), (LLVM Optimized, Jit Execute)", "Rows Removed by Filter": 642389}]}]}]}]}, "Triggers": [], "Planner Runtime": 28.278, "Total Runtime": 19347.246, "Unique SQL Id": 3145361615}}, "(1, 85)": {"explain_plan": {"Plan": {"Node Type": "Aggregate", "Strategy": "Plain", "Startup Cost": 1821121.79, "Total Cost": 1821121.8, "Plan Rows": 1, "Plan Width": 97, "Plans": [{"Node Type": "Merge Join", "Parent Relationship": "Outer", "Join Type": "Inner", "Startup Cost": 1804093.6, "Total Cost": 1816274.73, "Plan Rows": 969413, "Plan Width": 33, "Inner Unique": false, "Merge Cond": "(ct.id = mc.company_type_id)", "Plans": [{"Node Type": "Index Scan", "Parent Relationship": "Outer", "Scan Direction": "Forward", "Index Name": "company_type_pkey", "Relation Name": "company_type", "Alias": "ct", "Startup Cost": 0.0, "Total Cost": 12.29, "Plan Rows": 3, "Plan Width": 4}, {"Node Type": "Sort", "Parent Relationship": "Inner", "Startup Cost": 1801721.23, "Total Cost": 1804144.76, "Plan Rows": 969413, "Plan Width": 37, "Sort Key": ["mc.company_type_id"], "Plans": [{"Node Type": "Merge Join", "Parent Relationship": "Outer", "Join Type": "Inner", "Startup Cost": 1556300.39, "Total Cost": 1705328.85, "Plan Rows": 969413, "Plan Width": 37, "Inner Unique": true, "Merge Cond": "(mc.movie_id = t.id)", "Plans": [{"Node Type": "Merge Join", "Parent Relationship": "Outer", "Join Type": "Inner", "Startup Cost": 1556297.77, "Total Cost": 1573187.81, "Plan Rows": 699731, "Plan Width": 28, "Inner Unique": false, "Merge Cond": "(ci.movie_id = mc.movie_id)", "Plans": [{"Node Type": "Sort", "Parent Relationship": "Outer", "Startup Cost": 1272471.49, "Total Cost": 1274212.32, "Plan Rows": 696330, "Plan Width": 20, "Sort Key": ["ci.movie_id"], "Plans": [{"Node Type": "Merge Join", "Parent Relationship": "Outer", "Join Type": "Inner", "Startup Cost": 1194438.34, "Total Cost": 1204894.71, "Plan Rows": 696330, "Plan Width": 20, "Inner Unique": false, "Merge Cond": "(rt.id = ci.role_id)", "Plans": [{"Node Type": "Index Scan", "Parent Relationship": "Outer", "Scan Direction": "Forward", "Index Name": "role_type_pkey", "Relation Name": "role_type", "Alias": "rt", "Startup Cost": 0.0, "Total Cost": 12.43, "Plan Rows": 12, "Plan Width": 4}, {"Node Type": "Sort", "Parent Relationship": "Inner", "Startup Cost": 1194438.34, "Total Cost": 1196179.17, "Plan Rows": 696330, "Plan Width": 24, "Sort Key": ["ci.role_id"], "Plans": [{"Node Type": "Merge Join", "Parent Relationship": "Outer", "Join Type": "Inner", "Startup Cost": 80674.47, "Total Cost": 1126861.56, "Plan Rows": 696330, "Plan Width": 24, "Inner Unique": false, "Merge Cond": "(chn.id = ci.person_role_id)", "Plans": [{"Node Type": "Index Scan", "Parent Relationship": "Outer", "Scan Direction": "Forward", "Index Name": "char_name_pkey", "Relation Name": "char_name", "Alias": "chn", "Startup Cost": 0.0, "Total Cost": 129875.46, "Plan Rows": 3140338, "Plan Width": 20}, {"Node Type": "Index Scan", "Parent Relationship": "Inner", "Scan Direction": "Forward", "Index Name": "person_role_id_cast_info", "Relation Name": "cast_info", "Alias": "ci", "Startup Cost": 0.0, "Total Cost": 2022508.08, "Plan Rows": 1436424, "Plan Width": 12, "Filter": "((note)::text ~~ '%(producer)%'::text), (LLVM Optimized)"}]}]}]}]}, {"Node Type": "Sort", "Parent Relationship": "Inner", "Startup Cost": 283826.21, "Total Cost": 287031.99, "Plan Rows": 1282311, "Plan Width": 8, "Sort Key": ["mc.movie_id"], "Plans": [{"Node Type": "Merge Join", "Parent Relationship": "Outer", "Join Type": "Inner", "Startup Cost": 3383.04, "Total Cost": 153733.74, "Plan Rows": 1282311, "Plan Width": 8, "Inner Unique": false, "Merge Cond": "(cn.id = mc.company_id)", "Plans": [{"Node Type": "Index Scan", "Parent Relationship": "Outer", "Scan Direction": "Forward", "Index Name": "company_name_pkey", "Relation Name": "company_name", "Alias": "cn", "Startup Cost": 0.0, "Total Cost": 10501.39, "Plan Rows": 85170, "Plan Width": 4, "Filter": "((country_code)::text = '[us]'::text)"}, {"Node Type": "Index Scan", "Parent Relationship": "Inner", "Scan Direction": "Forward", "Index Name": "company_id_movie_companies", "Relation Name": "movie_companies", "Alias": "mc", "Startup Cost": 0.0, "Total Cost": 123673.5, "Plan Rows": 2609128, "Plan Width": 12}]}]}]}, {"Node Type": "Index Scan", "Parent Relationship": "Inner", "Scan Direction": "Forward", "Index Name": "title_pkey", "Relation Name": "title", "Alias": "t", "Startup Cost": 0.0, "Total Cost": 116441.27, "Plan Rows": 1748840, "Plan Width": 21, "Filter": "(production_year > 1990), (LLVM Optimized)"}]}]}]}]}, "Unique SQL Id": 3145361615}, "explain_analyze_plan": {"Plan": {"Node Type": "Aggregate", "Strategy": "Plain", "Startup Cost": 1821121.79, "Total Cost": 1821121.8, "Plan Rows": 1, "Plan Width": 97, "Actual Startup Time": 26308.5, "Actual Total Time": 26308.5, "Actual Rows": 1, "Actual Loops": 1, "Plans": [{"Node Type": "Merge Join", "Parent Relationship": "Outer", "Join Type": "Inner", "Startup Cost": 1804093.6, "Total Cost": 1816274.73, "Plan Rows": 969413, "Plan Width": 33, "Actual Startup Time": 26308.449, "Actual Total Time": 26308.468, "Actual Rows": 4, "Actual Loops": 1, "Inner Unique": false, "Merge Cond": "(ct.id = mc.company_type_id)", "Plans": [{"Node Type": "Index Scan", "Parent Relationship": "Outer", "Scan Direction": "Forward", "Index Name": "company_type_pkey", "Relation Name": "company_type", "Alias": "ct", "Startup Cost": 0.0, "Total Cost": 12.29, "Plan Rows": 3, "Plan Width": 4, "Actual Startup Time": 0.014, "Actual Total Time": 0.028, "Actual Rows": 2, "Actual Loops": 1}, {"Node Type": "Sort", "Parent Relationship": "Inner", "Startup Cost": 1801721.23, "Total Cost": 1804144.76, "Plan Rows": 969413, "Plan Width": 37, "Actual Startup Time": 26308.418, "Actual Total Time": 26308.418, "Actual Rows": 10, "Actual Loops": 1, "Sort Key": ["mc.company_type_id"], "Sort Method": "quicksort", "Sort Space Used": 26, "Sort Space Type": "Memory", "Plans": [{"Node Type": "Merge Join", "Parent Relationship": "Outer", "Join Type": "Inner", "Startup Cost": 1556300.39, "Total Cost": 1705328.85, "Plan Rows": 969413, "Plan Width": 37, "Actual Startup Time": 25776.336, "Actual Total Time": 26308.36, "Actual Rows": 10, "Actual Loops": 1, "Inner Unique": true, "Merge Cond": "(mc.movie_id = t.id)", "Plans": [{"Node Type": "Merge Join", "Parent Relationship": "Outer", "Join Type": "Inner", "Startup Cost": 1556297.77, "Total Cost": 1573187.81, "Plan Rows": 699731, "Plan Width": 28, "Actual Startup Time": 23451.127, "Actual Total Time": 23572.218, "Actual Rows": 14, "Actual Loops": 1, "Inner Unique": false, "Merge Cond": "(ci.movie_id = mc.movie_id)", "Plans": [{"Node Type": "Sort", "Parent Relationship": "Outer", "Startup Cost": 1272471.49, "Total Cost": 1274212.32, "Plan Rows": 696330, "Plan Width": 20, "Actual Startup Time": 18885.684, "Actual Total Time": 18885.691, "Actual Rows": 15, "Actual Loops": 1, "Sort Key": ["ci.movie_id"], "Sort Method": "quicksort", "Sort Space Used": 26, "Sort Space Type": "Memory", "Plans": [{"Node Type": "Merge Join", "Parent Relationship": "Outer", "Join Type": "Inner", "Startup Cost": 1194438.34, "Total Cost": 1204894.71, "Plan Rows": 696330, "Plan Width": 20, "Actual Startup Time": 18885.643, "Actual Total Time": 18885.663, "Actual Rows": 15, "Actual Loops": 1, "Inner Unique": false, "Merge Cond": "(rt.id = ci.role_id)", "Plans": [{"Node Type": "Index Scan", "Parent Relationship": "Outer", "Scan Direction": "Forward", "Index Name": "role_type_pkey", "Relation Name": "role_type", "Alias": "rt", "Startup Cost": 0.0, "Total Cost": 12.43, "Plan Rows": 12, "Plan Width": 4, "Actual Startup Time": 0.004, "Actual Total Time": 0.01, "Actual Rows": 3, "Actual Loops": 1}, {"Node Type": "Sort", "Parent Relationship": "Inner", "Startup Cost": 1194438.34, "Total Cost": 1196179.17, "Plan Rows": 696330, "Plan Width": 24, "Actual Startup Time": 18885.628, "Actual Total Time": 18885.63, "Actual Rows": 15, "Actual Loops": 1, "Sort Key": ["ci.role_id"], "Sort Method": "quicksort", "Sort Space Used": 26, "Sort Space Type": "Memory", "Plans": [{"Node Type": "Merge Join", "Parent Relationship": "Outer", "Join Type": "Inner", "Startup Cost": 80674.47, "Total Cost": 1126861.56, "Plan Rows": 696330, "Plan Width": 24, "Actual Startup Time": 153.872, "Actual Total Time": 18885.489, "Actual Rows": 15, "Actual Loops": 1, "Inner Unique": false, "Merge Cond": "(chn.id = ci.person_role_id)", "Plans": [{"Node Type": "Index Scan", "Parent Relationship": "Outer", "Scan Direction": "Forward", "Index Name": "char_name_pkey", "Relation Name": "char_name", "Alias": "chn", "Startup Cost": 0.0, "Total Cost": 129875.46, "Plan Rows": 3140338, "Plan Width": 20, "Actual Startup Time": 0.019, "Actual Total Time": 921.739, "Actual Rows": 881591, "Actual Loops": 1}, {"Node Type": "Index Scan", "Parent Relationship": "Inner", "Scan Direction": "Forward", "Index Name": "person_role_id_cast_info", "Relation Name": "cast_info", "Alias": "ci", "Startup Cost": 0.0, "Total Cost": 2022508.08, "Plan Rows": 1436424, "Plan Width": 12, "Actual Startup Time": 153.839, "Actual Total Time": 17841.133, "Actual Rows": 16, "Actual Loops": 1, "Filter": "((note)::text ~~ '%(producer)%'::text), (LLVM Optimized, Jit Execute)", "Rows Removed by Filter": 20122645}]}]}]}]}, {"Node Type": "Sort", "Parent Relationship": "Inner", "Startup Cost": 283826.21, "Total Cost": 287031.99, "Plan Rows": 1282311, "Plan Width": 8, "Actual Startup Time": 4363.269, "Actual Total Time": 4537.167, "Actual Rows": 1147175, "Actual Loops": 1, "Sort Key": ["mc.movie_id"], "Sort Method": "quicksort", "Sort Space Used": 121265, "Sort Space Type": "Memory", "Plans": [{"Node Type": "Merge Join", "Parent Relationship": "Outer", "Join Type": "Inner", "Startup Cost": 3383.04, "Total Cost": 153733.74, "Plan Rows": 1282311, "Plan Width": 8, "Actual Startup Time": 0.097, "Actual Total Time": 3916.132, "Actual Rows": 1153797, "Actual Loops": 1, "Inner Unique": false, "Merge Cond": "(cn.id = mc.company_id)", "Plans": [{"Node Type": "Index Scan", "Parent Relationship": "Outer", "Scan Direction": "Forward", "Index Name": "company_name_pkey", "Relation Name": "company_name", "Alias": "cn", "Startup Cost": 0.0, "Total Cost": 10501.39, "Plan Rows": 85170, "Plan Width": 4, "Actual Startup Time": 0.066, "Actual Total Time": 389.674, "Actual Rows": 84843, "Actual Loops": 1, "Filter": "((country_code)::text = '[us]'::text)", "Rows Removed by Filter": 150153}, {"Node Type": "Index Scan", "Parent Relationship": "Inner", "Scan Direction": "Forward", "Index Name": "company_id_movie_companies", "Relation Name": "movie_companies", "Alias": "mc", "Startup Cost": 0.0, "Total Cost": 123673.5, "Plan Rows": 2609128, "Plan Width": 12, "Actual Startup Time": 0.023, "Actual Total Time": 2960.629, "Actual Rows": 2609128, "Actual Loops": 1}]}]}]}, {"Node Type": "Index Scan", "Parent Relationship": "Inner", "Scan Direction": "Forward", "Index Name": "title_pkey", "Relation Name": "title", "Alias": "t", "Startup Cost": 0.0, "Total Cost": 116441.27, "Plan Rows": 1748840, "Plan Width": 21, "Actual Startup Time": 0.072, "Actual Total Time": 2513.875, "Actual Rows": 1561981, "Actual Loops": 1, "Filter": "(production_year > 1990), (LLVM Optimized, Jit Execute)", "Rows Removed by Filter": 642389}]}]}]}]}, "Triggers": [], "Planner Runtime": 26.133, "Total Runtime": 26318.17, "Unique SQL Id": 3145361615}}, "(1, 86)": {"explain_plan": {"Plan": {"Node Type": "Aggregate", "Strategy": "Plain", "Startup Cost": 2307281.43, "Total Cost": 2307281.44, "Plan Rows": 1, "Plan Width": 97, "Plans": [{"Node Type": "Merge Join", "Parent Relationship": "Outer", "Join Type": "Inner", "Startup Cost": 2290265.52, "Total Cost": 2302434.36, "Plan Rows": 969413, "Plan Width": 33, "Inner Unique": false, "Merge Cond": "(ct.id = mc.company_type_id)", "Plans": [{"Node Type": "Sort", "Parent Relationship": "Outer", "Startup Cost": 1.05, "Total Cost": 1.06, "Plan Rows": 3, "Plan Width": 4, "Sort Key": ["ct.id"], "Plans": [{"Node Type": "Seq Scan", "Parent Relationship": "Outer", "Relation Name": "company_type", "Alias": "ct", "Startup Cost": 0.0, "Total Cost": 1.03, "Plan Rows": 3, "Plan Width": 4}]}, {"Node Type": "Sort", "Parent Relationship": "Inner", "Startup Cost": 2287892.1, "Total Cost": 2290315.63, "Plan Rows": 969413, "Plan Width": 37, "Sort Key": ["mc.company_type_id"], "Plans": [{"Node Type": "Merge Join", "Parent Relationship": "Outer", "Join Type": "Inner", "Startup Cost": 2154430.59, "Total Cost": 2191499.72, "Plan Rows": 969413, "Plan Width": 37, "Inner Unique": true, "Merge Cond": "(mc.movie_id = t.id)", "Plans": [{"Node Type": "Merge Join", "Parent Relationship": "Outer", "Join Type": "Inner", "Startup Cost": 1906703.59, "Total Cost": 1923593.63, "Plan Rows": 699731, "Plan Width": 28, "Inner Unique": false, "Merge Cond": "(ci.movie_id = mc.movie_id)", "Plans": [{"Node Type": "Sort", "Parent Relationship": "Outer", "Startup Cost": 1417551.53, "Total Cost": 1419292.36, "Plan Rows": 696330, "Plan Width": 20, "Sort Key": ["ci.movie_id"], "Plans": [{"Node Type": "Merge Join", "Parent Relationship": "Outer", "Join Type": "Inner", "Startup Cost": 1339529.75, "Total Cost": 1349974.75, "Plan Rows": 696330, "Plan Width": 20, "Inner Unique": false, "Merge Cond": "(rt.id = ci.role_id)", "Plans": [{"Node Type": "Sort", "Parent Relationship": "Outer", "Startup Cost": 1.34, "Total Cost": 1.37, "Plan Rows": 12, "Plan Width": 4, "Sort Key": ["rt.id"], "Plans": [{"Node Type": "Seq Scan", "Parent Relationship": "Outer", "Relation Name": "role_type", "Alias": "rt", "Startup Cost": 0.0, "Total Cost": 1.12, "Plan Rows": 12, "Plan Width": 4}]}, {"Node Type": "Sort", "Parent Relationship": "Inner", "Startup Cost": 1339528.41, "Total Cost": 1341269.24, "Plan Rows": 696330, "Plan Width": 24, "Sort Key": ["ci.role_id"], "Plans": [{"Node Type": "Merge Join", "Parent Relationship": "Outer", "Join Type": "Inner", "Startup Cost": 1246091.02, "Total Cost": 1271951.64, "Plan Rows": 696330, "Plan Width": 24, "Inner Unique": false, "Merge Cond": "(chn.id = ci.person_role_id)", "Plans": [{"Node Type": "Sort", "Parent Relationship": "Outer", "Startup Cost": 406374.92, "Total Cost": 414225.77, "Plan Rows": 3140338, "Plan Width": 20, "Sort Key": ["chn.id"], "Plans": [{"Node Type": "Seq Scan", "Parent Relationship": "Outer", "Relation Name": "char_name", "Alias": "chn", "Startup Cost": 0.0, "Total Cost": 67493.38, "Plan Rows": 3140338, "Plan Width": 20}]}, {"Node Type": "Sort", "Parent Relationship": "Inner", "Startup Cost": 839430.12, "Total Cost": 843021.18, "Plan Rows": 1436424, "Plan Width": 12, "Sort Key": ["ci.person_role_id"], "Plans": [{"Node Type": "Seq Scan", "Parent Relationship": "Outer", "Relation Name": "cast_info", "Alias": "ci", "Startup Cost": 0.0, "Total Cost": 692526.68, "Plan Rows": 1436424, "Plan Width": 12, "Filter": "((note)::text ~~ '%(producer)%'::text), (LLVM Optimized)"}]}]}]}]}]}, {"Node Type": "Sort", "Parent Relationship": "Inner", "Startup Cost": 489151.99, "Total Cost": 492357.77, "Plan Rows": 1282311, "Plan Width": 8, "Sort Key": ["mc.movie_id"], "Plans": [{"Node Type": "Merge Join", "Parent Relationship": "Outer", "Join Type": "Inner", "Startup Cost": 333103.9, "Total Cost": 359059.52, "Plan Rows": 1282311, "Plan Width": 8, "Inner Unique": false, "Merge Cond": "(cn.id = mc.company_id)", "Plans": [{"Node Type": "Sort", "Parent Relationship": "Outer", "Startup Cost": 12878.05, "Total Cost": 13090.97, "Plan Rows": 85170, "Plan Width": 4, "Sort Key": ["cn.id"], "Plans": [{"Node Type": "Seq Scan", "Parent Relationship": "Outer", "Relation Name": "company_name", "Alias": "cn", "Startup Cost": 0.0, "Total Cost": 5903.45, "Plan Rows": 85170, "Plan Width": 4, "Filter": "((country_code)::text = '[us]'::text)"}]}, {"Node Type": "Sort", "Parent Relationship": "Inner", "Startup Cost": 319886.87, "Total Cost": 326409.69, "Plan Rows": 2609128, "Plan Width": 12, "Sort Key": ["mc.company_id"], "Plans": [{"Node Type": "Seq Scan", "Parent Relationship": "Outer", "Relation Name": "movie_companies", "Alias": "mc", "Startup Cost": 0.0, "Total Cost": 41817.28, "Plan Rows": 2609128, "Plan Width": 12}]}]}]}]}, {"Node Type": "Sort", "Parent Relationship": "Inner", "Startup Cost": 247726.82, "Total Cost": 252098.92, "Plan Rows": 1748840, "Plan Width": 21, "Sort Key": ["t.id"], "Plans": [{"Node Type": "Seq Scan", "Parent Relationship": "Outer", "Relation Name": "title", "Alias": "t", "Startup Cost": 0.0, "Total Cost": 66389.89, "Plan Rows": 1748840, "Plan Width": 21, "Filter": "(production_year > 1990), (LLVM Optimized)"}]}]}]}]}]}, "Unique SQL Id": 3145361615}, "explain_analyze_plan": {"Plan": {"Node Type": "Aggregate", "Strategy": "Plain", "Startup Cost": 2307281.43, "Total Cost": 2307281.44, "Plan Rows": 1, "Plan Width": 97, "Actual Startup Time": 19009.286, "Actual Total Time": 19009.286, "Actual Rows": 1, "Actual Loops": 1, "Plans": [{"Node Type": "Merge Join", "Parent Relationship": "Outer", "Join Type": "Inner", "Startup Cost": 2290265.52, "Total Cost": 2302434.36, "Plan Rows": 969413, "Plan Width": 33, "Actual Startup Time": 19009.248, "Actual Total Time": 19009.254, "Actual Rows": 4, "Actual Loops": 1, "Inner Unique": false, "Merge Cond": "(ct.id = mc.company_type_id)", "Plans": [{"Node Type": "Sort", "Parent Relationship": "Outer", "Startup Cost": 1.05, "Total Cost": 1.06, "Plan Rows": 3, "Plan Width": 4, "Actual Startup Time": 0.038, "Actual Total Time": 0.038, "Actual Rows": 2, "Actual Loops": 1, "Sort Key": ["ct.id"], "Sort Method": "quicksort", "Sort Space Used": 25, "Sort Space Type": "Memory", "Plans": [{"Node Type": "Seq Scan", "Parent Relationship": "Outer", "Relation Name": "company_type", "Alias": "ct", "Startup Cost": 0.0, "Total Cost": 1.03, "Plan Rows": 3, "Plan Width": 4, "Actual Startup Time": 0.017, "Actual Total Time": 0.019, "Actual Rows": 3, "Actual Loops": 1}]}, {"Node Type": "Sort", "Parent Relationship": "Inner", "Startup Cost": 2287892.1, "Total Cost": 2290315.63, "Plan Rows": 969413, "Plan Width": 37, "Actual Startup Time": 19009.195, "Actual Total Time": 19009.195, "Actual Rows": 10, "Actual Loops": 1, "Sort Key": ["mc.company_type_id"], "Sort Method": "quicksort", "Sort Space Used": 26, "Sort Space Type": "Memory", "Plans": [{"Node Type": "Merge Join", "Parent Relationship": "Outer", "Join Type": "Inner", "Startup Cost": 2154430.59, "Total Cost": 2191499.72, "Plan Rows": 969413, "Plan Width": 37, "Actual Startup Time": 18809.341, "Actual Total Time": 19009.158, "Actual Rows": 10, "Actual Loops": 1, "Inner Unique": true, "Merge Cond": "(mc.movie_id = t.id)", "Plans": [{"Node Type": "Merge Join", "Parent Relationship": "Outer", "Join Type": "Inner", "Startup Cost": 1906703.59, "Total Cost": 1923593.63, "Plan Rows": 699731, "Plan Width": 28, "Actual Startup Time": 16821.602, "Actual Total Time": 16962.386, "Actual Rows": 14, "Actual Loops": 1, "Inner Unique": false, "Merge Cond": "(ci.movie_id = mc.movie_id)", "Plans": [{"Node Type": "Sort", "Parent Relationship": "Outer", "Startup Cost": 1417551.53, "Total Cost": 1419292.36, "Plan Rows": 696330, "Plan Width": 20, "Actual Startup Time": 13499.16, "Actual Total Time": 13499.168, "Actual Rows": 15, "Actual Loops": 1, "Sort Key": ["ci.movie_id"], "Sort Method": "quicksort", "Sort Space Used": 26, "Sort Space Type": "Memory", "Plans": [{"Node Type": "Merge Join", "Parent Relationship": "Outer", "Join Type": "Inner", "Startup Cost": 1339529.75, "Total Cost": 1349974.75, "Plan Rows": 696330, "Plan Width": 20, "Actual Startup Time": 13499.13, "Actual Total Time": 13499.142, "Actual Rows": 15, "Actual Loops": 1, "Inner Unique": false, "Merge Cond": "(rt.id = ci.role_id)", "Plans": [{"Node Type": "Sort", "Parent Relationship": "Outer", "Startup Cost": 1.34, "Total Cost": 1.37, "Plan Rows": 12, "Plan Width": 4, "Actual Startup Time": 0.012, "Actual Total Time": 0.013, "Actual Rows": 3, "Actual Loops": 1, "Sort Key": ["rt.id"], "Sort Method": "quicksort", "Sort Space Used": 25, "Sort Space Type": "Memory", "Plans": [{"Node Type": "Seq Scan", "Parent Relationship": "Outer", "Relation Name": "role_type", "Alias": "rt", "Startup Cost": 0.0, "Total Cost": 1.12, "Plan Rows": 12, "Plan Width": 4, "Actual Startup Time": 0.005, "Actual Total Time": 0.008, "Actual Rows": 12, "Actual Loops": 1}]}, {"Node Type": "Sort", "Parent Relationship": "Inner", "Startup Cost": 1339528.41, "Total Cost": 1341269.24, "Plan Rows": 696330, "Plan Width": 24, "Actual Startup Time": 13499.107, "Actual Total Time": 13499.108, "Actual Rows": 15, "Actual Loops": 1, "Sort Key": ["ci.role_id"], "Sort Method": "quicksort", "Sort Space Used": 26, "Sort Space Type": "Memory", "Plans": [{"Node Type": "Merge Join", "Parent Relationship": "Outer", "Join Type": "Inner", "Startup Cost": 1246091.02, "Total Cost": 1271951.64, "Plan Rows": 696330, "Plan Width": 24, "Actual Startup Time": 13225.548, "Actual Total Time": 13499.066, "Actual Rows": 15, "Actual Loops": 1, "Inner Unique": false, "Merge Cond": "(chn.id = ci.person_role_id)", "Plans": [{"Node Type": "Sort", "Parent Relationship": "Outer", "Startup Cost": 406374.92, "Total Cost": 414225.77, "Plan Rows": 3140338, "Plan Width": 20, "Actual Startup Time": 2276.056, "Actual Total Time": 2414.755, "Actual Rows": 881591, "Actual Loops": 1, "Sort Key": ["chn.id"], "Sort Method": "quicksort", "Sort Space Used": 396731, "Sort Space Type": "Memory", "Plans": [{"Node Type": "Seq Scan", "Parent Relationship": "Outer", "Relation Name": "char_name", "Alias": "chn", "Startup Cost": 0.0, "Total Cost": 67493.38, "Plan Rows": 3140338, "Plan Width": 20, "Actual Startup Time": 0.015, "Actual Total Time": 944.093, "Actual Rows": 3140338, "Actual Loops": 1}]}, {"Node Type": "Sort", "Parent Relationship": "Inner", "Startup Cost": 839430.12, "Total Cost": 843021.18, "Plan Rows": 1436424, "Plan Width": 12, "Actual Startup Time": 10949.408, "Actual Total Time": 10949.412, "Actual Rows": 16, "Actual Loops": 1, "Sort Key": ["ci.person_role_id"], "Sort Method": "quicksort", "Sort Space Used": 138868, "Sort Space Type": "Memory", "Plans": [{"Node Type": "Seq Scan", "Parent Relationship": "Outer", "Relation Name": "cast_info", "Alias": "ci", "Startup Cost": 0.0, "Total Cost": 692526.68, "Plan Rows": 1436424, "Plan Width": 12, "Actual Startup Time": 688.391, "Actual Total Time": 10625.04, "Actual Rows": 1435439, "Actual Loops": 1, "Filter": "((note)::text ~~ '%(producer)%'::text), (LLVM Optimized, Jit Execute)", "Rows Removed by Filter": 34808904}]}]}]}]}]}, {"Node Type": "Sort", "Parent Relationship": "Inner", "Startup Cost": 489151.99, "Total Cost": 492357.77, "Plan Rows": 1282311, "Plan Width": 8, "Actual Startup Time": 3144.888, "Actual Total Time": 3314.902, "Actual Rows": 1147175, "Actual Loops": 1, "Sort Key": ["mc.movie_id"], "Sort Method": "quicksort", "Sort Space Used": 121265, "Sort Space Type": "Memory", "Plans": [{"Node Type": "Merge Join", "Parent Relationship": "Outer", "Join Type": "Inner", "Startup Cost": 333103.9, "Total Cost": 359059.52, "Plan Rows": 1282311, "Plan Width": 8, "Actual Startup Time": 1733.544, "Actual Total Time": 2722.665, "Actual Rows": 1153797, "Actual Loops": 1, "Inner Unique": false, "Merge Cond": "(cn.id = mc.company_id)", "Plans": [{"Node Type": "Sort", "Parent Relationship": "Outer", "Startup Cost": 12878.05, "Total Cost": 13090.97, "Plan Rows": 85170, "Plan Width": 4, "Actual Startup Time": 117.849, "Actual Total Time": 131.619, "Actual Rows": 84843, "Actual Loops": 1, "Sort Key": ["cn.id"], "Sort Method": "quicksort", "Sort Space Used": 8375, "Sort Space Type": "Memory", "Plans": [{"Node Type": "Seq Scan", "Parent Relationship": "Outer", "Relation Name": "company_name", "Alias": "cn", "Startup Cost": 0.0, "Total Cost": 5903.45, "Plan Rows": 85170, "Plan Width": 4, "Actual Startup Time": 0.06, "Actual Total Time": 87.547, "Actual Rows": 84843, "Actual Loops": 1, "Filter": "((country_code)::text = '[us]'::text)", "Rows Removed by Filter": 150153}]}, {"Node Type": "Sort", "Parent Relationship": "Inner", "Startup Cost": 319886.87, "Total Cost": 326409.69, "Plan Rows": 2609128, "Plan Width": 12, "Actual Startup Time": 1615.68, "Actual Total Time": 2076.847, "Actual Rows": 2609128, "Actual Loops": 1, "Sort Key": ["mc.company_id"], "Sort Method": "quicksort", "Sort Space Used": 342910, "Sort Space Type": "Memory", "Plans": [{"Node Type": "Seq Scan", "Parent Relationship": "Outer", "Relation Name": "movie_companies", "Alias": "mc", "Startup Cost": 0.0, "Total Cost": 41817.28, "Plan Rows": 2609128, "Plan Width": 12, "Actual Startup Time": 0.034, "Actual Total Time": 723.03, "Actual Rows": 2609128, "Actual Loops": 1}]}]}]}]}, {"Node Type": "Sort", "Parent Relationship": "Inner", "Startup Cost": 247726.82, "Total Cost": 252098.92, "Plan Rows": 1748840, "Plan Width": 21, "Actual Startup Time": 1567.743, "Actual Total Time": 1810.038, "Actual Rows": 1561981, "Actual Loops": 1, "Sort Key": ["t.id"], "Sort Method": "quicksort", "Sort Space Used": 219702, "Sort Space Type": "Memory", "Plans": [{"Node Type": "Seq Scan", "Parent Relationship": "Outer", "Relation Name": "title", "Alias": "t", "Startup Cost": 0.0, "Total Cost": 66389.89, "Plan Rows": 1748840, "Plan Width": 21, "Actual Startup Time": 0.049, "Actual Total Time": 841.99, "Actual Rows": 1749032, "Actual Loops": 1, "Filter": "(production_year > 1990), (LLVM Optimized, Jit Execute)", "Rows Removed by Filter": 779279}]}]}]}]}]}, "Triggers": [], "Planner Runtime": 17.068, "Total Runtime": 19019.021, "Unique SQL Id": 3145361615}}, "(1, 87)": {"explain_plan": {"Plan": {"Node Type": "Aggregate", "Strategy": "Plain", "Startup Cost": 1000042785415.19, "Total Cost": 1000042785415.2, "Plan Rows": 1, "Plan Width": 97, "Plans": [{"Node Type": "Nested Loop", "Parent Relationship": "Outer", "Join Type": "Inner", "Startup Cost": 10000000001.85, "Total Cost": 1000042780568.12, "Plan Rows": 969413, "Plan Width": 33, "Inner Unique": true, "Plans": [{"Node Type": "Nested Loop", "Parent Relationship": "Outer", "Join Type": "Inner", "Startup Cost": 10000000001.59, "Total Cost": 1000038631235.16, "Plan Rows": 969413, "Plan Width": 37, "Inner Unique": true, "Plans": [{"Node Type": "Nested Loop", "Parent Relationship": "Outer", "Join Type": "Inner", "Startup Cost": 10000000001.32, "Total Cost": 1000035624536.13, "Plan Rows": 699731, "Plan Width": 28, "Inner Unique": true, "Plans": [{"Node Type": "Nested Loop", "Parent Relationship": "Outer", "Join Type": "Inner", "Startup Cost": 10000000001.06, "Total Cost": 1000032629508.62, "Plan Rows": 699731, "Plan Width": 32, "Inner Unique": true, "Plans": [{"Node Type": "Nested Loop", "Parent Relationship": "Outer", "Join Type": "Inner", "Startup Cost": 10000000000.77, "Total Cost": 1000026404533.61, "Plan Rows": 1443440, "Plan Width": 20, "Inner Unique": false, "Plans": [{"Node Type": "Nested Loop", "Parent Relationship": "Outer", "Join Type": "Inner", "Startup Cost": 10000000000.26, "Total Cost": 1000020494063.94, "Plan Rows": 1282311, "Plan Width": 8, "Inner Unique": true, "Plans": [{"Node Type": "Index Scan", "Parent Relationship": "Outer", "Scan Direction": "Forward", "Index Name": "company_type_id_movie_companies", "Relation Name": "movie_companies", "Alias": "mc", "Startup Cost": 10000000000.0, "Total Cost": 1000009318217.0, "Plan Rows": 2609128, "Plan Width": 12}, {"Node Type": "Bitmap Heap Scan", "Parent Relationship": "Inner", "Relation Name": "company_name", "Alias": "cn", "Startup Cost": 0.26, "Total Cost": 4.27, "Plan Rows": 1, "Plan Width": 4, "Recheck Cond": "(id = mc.company_id)", "Filter": "((country_code)::text = '[us]'::text)", "Plans": [{"Node Type": "Bitmap Index Scan", "Parent Relationship": "Outer", "Index Name": "company_name_pkey", "Startup Cost": 0.0, "Total Cost": 0.26, "Plan Rows": 1, "Plan Width": 0, "Index Cond": "(id = mc.company_id)"}]}]}, {"Node Type": "Bitmap Heap Scan", "Parent Relationship": "Inner", "Relation Name": "cast_info", "Alias": "ci", "Startup Cost": 0.51, "Total Cost": 4.6, "Plan Rows": 1, "Plan Width": 12, "Recheck Cond": "(movie_id = mc.movie_id)", "Filter": "((note)::text ~~ '%(producer)%'::text)", "Plans": [{"Node Type": "Bitmap Index Scan", "Parent Relationship": "Outer", "Index Name": "movie_id_cast_info", "Startup Cost": 0.0, "Total Cost": 0.51, "Plan Rows": 6, "Plan Width": 0, "Index Cond": "(movie_id = mc.movie_id)"}]}]}, {"Node Type": "Bitmap Heap Scan", "Parent Relationship": "Inner", "Relation Name": "char_name", "Alias": "chn", "Startup Cost": 0.29, "Total Cost": 4.3, "Plan Rows": 1, "Plan Width": 20, "Recheck Cond": "(id = ci.person_role_id)", "Plans": [{"Node Type": "Bitmap Index Scan", "Parent Relationship": "Outer", "Index Name": "char_name_pkey", "Startup Cost": 0.0, "Total Cost": 0.29, "Plan Rows": 1, "Plan Width": 0, "Index Cond": "(id = ci.person_role_id)"}]}]}, {"Node Type": "Bitmap Heap Scan", "Parent Relationship": "Inner", "Relation Name": "role_type", "Alias": "rt", "Startup Cost": 0.26, "Total Cost": 4.27, "Plan Rows": 1, "Plan Width": 4, "Recheck Cond": "(id = ci.role_id)", "Plans": [{"Node Type": "Bitmap Index Scan", "Parent Relationship": "Outer", "Index Name": "role_type_pkey", "Startup Cost": 0.0, "Total Cost": 0.26, "Plan Rows": 1, "Plan Width": 0, "Index Cond": "(id = ci.role_id)"}]}]}, {"Node Type": "Bitmap Heap Scan", "Parent Relationship": "Inner", "Relation Name": "title", "Alias": "t", "Startup Cost": 0.27, "Total Cost": 4.29, "Plan Rows": 1, "Plan Width": 21, "Recheck Cond": "(id = mc.movie_id)", "Filter": "(production_year > 1990)", "Plans": [{"Node Type": "Bitmap Index Scan", "Parent Relationship": "Outer", "Index Name": "title_pkey", "Startup Cost": 0.0, "Total Cost": 0.27, "Plan Rows": 1, "Plan Width": 0, "Index Cond": "(id = mc.movie_id)"}]}]}, {"Node Type": "Bitmap Heap Scan", "Parent Relationship": "Inner", "Relation Name": "company_type", "Alias": "ct", "Startup Cost": 0.26, "Total Cost": 4.27, "Plan Rows": 1, "Plan Width": 4, "Recheck Cond": "(id = mc.company_type_id)", "Plans": [{"Node Type": "Bitmap Index Scan", "Parent Relationship": "Outer", "Index Name": "company_type_pkey", "Startup Cost": 0.0, "Total Cost": 0.26, "Plan Rows": 1, "Plan Width": 0, "Index Cond": "(id = mc.company_type_id)"}]}]}]}, "Unique SQL Id": 3145361615}, "explain_analyze_plan": null}, "(1, 88)": {"explain_plan": {"Plan": {"Node Type": "Aggregate", "Strategy": "Plain", "Startup Cost": 1681840.29, "Total Cost": 1681840.3, "Plan Rows": 1, "Plan Width": 97, "Plans": [{"Node Type": "Merge Join", "Parent Relationship": "Outer", "Join Type": "Inner", "Startup Cost": 1664824.38, "Total Cost": 1676993.22, "Plan Rows": 969413, "Plan Width": 33, "Inner Unique": false, "Merge Cond": "(ct.id = mc.company_type_id)", "Plans": [{"Node Type": "Sort", "Parent Relationship": "Outer", "Startup Cost": 1.05, "Total Cost": 1.06, "Plan Rows": 3, "Plan Width": 4, "Sort Key": ["ct.id"], "Plans": [{"Node Type": "Seq Scan", "Parent Relationship": "Outer", "Relation Name": "company_type", "Alias": "ct", "Startup Cost": 0.0, "Total Cost": 1.03, "Plan Rows": 3, "Plan Width": 4}]}, {"Node Type": "Sort", "Parent Relationship": "Inner", "Startup Cost": 1662450.96, "Total Cost": 1664874.49, "Plan Rows": 969413, "Plan Width": 37, "Sort Key": ["mc.company_type_id"], "Plans": [{"Node Type": "Merge Join", "Parent Relationship": "Outer", "Join Type": "Inner", "Startup Cost": 1417030.12, "Total Cost": 1566058.58, "Plan Rows": 969413, "Plan Width": 37, "Inner Unique": true, "Merge Cond": "(mc.movie_id = t.id)", "Plans": [{"Node Type": "Merge Join", "Parent Relationship": "Outer", "Join Type": "Inner", "Startup Cost": 1417027.5, "Total Cost": 1433917.54, "Plan Rows": 699731, "Plan Width": 28, "Inner Unique": false, "Merge Cond": "(ci.movie_id = mc.movie_id)", "Plans": [{"Node Type": "Sort", "Parent Relationship": "Outer", "Startup Cost": 1133201.22, "Total Cost": 1134942.04, "Plan Rows": 696330, "Plan Width": 20, "Sort Key": ["ci.movie_id"], "Plans": [{"Node Type": "Merge Join", "Parent Relationship": "Outer", "Join Type": "Inner", "Startup Cost": 1055179.44, "Total Cost": 1065624.44, "Plan Rows": 696330, "Plan Width": 20, "Inner Unique": false, "Merge Cond": "(rt.id = ci.role_id)", "Plans": [{"Node Type": "Sort", "Parent Relationship": "Outer", "Startup Cost": 1.34, "Total Cost": 1.37, "Plan Rows": 12, "Plan Width": 4, "Sort Key": ["rt.id"], "Plans": [{"Node Type": "Seq Scan", "Parent Relationship": "Outer", "Relation Name": "role_type", "Alias": "rt", "Startup Cost": 0.0, "Total Cost": 1.12, "Plan Rows": 12, "Plan Width": 4}]}, {"Node Type": "Sort", "Parent Relationship": "Inner", "Startup Cost": 1055178.1, "Total Cost": 1056918.93, "Plan Rows": 696330, "Plan Width": 24, "Sort Key": ["ci.role_id"], "Plans": [{"Node Type": "Merge Join", "Parent Relationship": "Outer", "Join Type": "Inner", "Startup Cost": 839716.09, "Total Cost": 987601.32, "Plan Rows": 696330, "Plan Width": 24, "Inner Unique": false, "Merge Cond": "(chn.id = ci.person_role_id)", "Plans": [{"Node Type": "Index Scan", "Parent Relationship": "Outer", "Scan Direction": "Forward", "Index Name": "char_name_pkey", "Relation Name": "char_name", "Alias": "chn", "Startup Cost": 0.0, "Total Cost": 129875.46, "Plan Rows": 3140338, "Plan Width": 20}, {"Node Type": "Sort", "Parent Relationship": "Inner", "Startup Cost": 839430.12, "Total Cost": 843021.18, "Plan Rows": 1436424, "Plan Width": 12, "Sort Key": ["ci.person_role_id"], "Plans": [{"Node Type": "Seq Scan", "Parent Relationship": "Outer", "Relation Name": "cast_info", "Alias": "ci", "Startup Cost": 0.0, "Total Cost": 692526.68, "Plan Rows": 1436424, "Plan Width": 12, "Filter": "((note)::text ~~ '%(producer)%'::text), (LLVM Optimized)"}]}]}]}]}]}, {"Node Type": "Sort", "Parent Relationship": "Inner", "Startup Cost": 283826.21, "Total Cost": 287031.99, "Plan Rows": 1282311, "Plan Width": 8, "Sort Key": ["mc.movie_id"], "Plans": [{"Node Type": "Merge Join", "Parent Relationship": "Outer", "Join Type": "Inner", "Startup Cost": 3383.04, "Total Cost": 153733.74, "Plan Rows": 1282311, "Plan Width": 8, "Inner Unique": false, "Merge Cond": "(cn.id = mc.company_id)", "Plans": [{"Node Type": "Index Scan", "Parent Relationship": "Outer", "Scan Direction": "Forward", "Index Name": "company_name_pkey", "Relation Name": "company_name", "Alias": "cn", "Startup Cost": 0.0, "Total Cost": 10501.39, "Plan Rows": 85170, "Plan Width": 4, "Filter": "((country_code)::text = '[us]'::text)"}, {"Node Type": "Index Scan", "Parent Relationship": "Inner", "Scan Direction": "Forward", "Index Name": "company_id_movie_companies", "Relation Name": "movie_companies", "Alias": "mc", "Startup Cost": 0.0, "Total Cost": 123673.5, "Plan Rows": 2609128, "Plan Width": 12}]}]}]}, {"Node Type": "Index Scan", "Parent Relationship": "Inner", "Scan Direction": "Forward", "Index Name": "title_pkey", "Relation Name": "title", "Alias": "t", "Startup Cost": 0.0, "Total Cost": 116441.27, "Plan Rows": 1748840, "Plan Width": 21, "Filter": "(production_year > 1990), (LLVM Optimized)"}]}]}]}]}, "Unique SQL Id": 3145361615}, "explain_analyze_plan": {"Plan": {"Node Type": "Aggregate", "Strategy": "Plain", "Startup Cost": 1681840.29, "Total Cost": 1681840.3, "Plan Rows": 1, "Plan Width": 97, "Actual Startup Time": 19337.563, "Actual Total Time": 19337.563, "Actual Rows": 1, "Actual Loops": 1, "Plans": [{"Node Type": "Merge Join", "Parent Relationship": "Outer", "Join Type": "Inner", "Startup Cost": 1664824.38, "Total Cost": 1676993.22, "Plan Rows": 969413, "Plan Width": 33, "Actual Startup Time": 19337.527, "Actual Total Time": 19337.531, "Actual Rows": 4, "Actual Loops": 1, "Inner Unique": false, "Merge Cond": "(ct.id = mc.company_type_id)", "Plans": [{"Node Type": "Sort", "Parent Relationship": "Outer", "Startup Cost": 1.05, "Total Cost": 1.06, "Plan Rows": 3, "Plan Width": 4, "Actual Startup Time": 0.041, "Actual Total Time": 0.042, "Actual Rows": 2, "Actual Loops": 1, "Sort Key": ["ct.id"], "Sort Method": "quicksort", "Sort Space Used": 25, "Sort Space Type": "Memory", "Plans": [{"Node Type": "Seq Scan", "Parent Relationship": "Outer", "Relation Name": "company_type", "Alias": "ct", "Startup Cost": 0.0, "Total Cost": 1.03, "Plan Rows": 3, "Plan Width": 4, "Actual Startup Time": 0.015, "Actual Total Time": 0.018, "Actual Rows": 3, "Actual Loops": 1}]}, {"Node Type": "Sort", "Parent Relationship": "Inner", "Startup Cost": 1662450.96, "Total Cost": 1664874.49, "Plan Rows": 969413, "Plan Width": 37, "Actual Startup Time": 19337.471, "Actual Total Time": 19337.472, "Actual Rows": 10, "Actual Loops": 1, "Sort Key": ["mc.company_type_id"], "Sort Method": "quicksort", "Sort Space Used": 26, "Sort Space Type": "Memory", "Plans": [{"Node Type": "Merge Join", "Parent Relationship": "Outer", "Join Type": "Inner", "Startup Cost": 1417030.12, "Total Cost": 1566058.58, "Plan Rows": 969413, "Plan Width": 37, "Actual Startup Time": 18820.676, "Actual Total Time": 19337.426, "Actual Rows": 10, "Actual Loops": 1, "Inner Unique": true, "Merge Cond": "(mc.movie_id = t.id)", "Plans": [{"Node Type": "Merge Join", "Parent Relationship": "Outer", "Join Type": "Inner", "Startup Cost": 1417027.5, "Total Cost": 1433917.54, "Plan Rows": 699731, "Plan Width": 28, "Actual Startup Time": 16368.523, "Actual Total Time": 16490.084, "Actual Rows": 14, "Actual Loops": 1, "Inner Unique": false, "Merge Cond": "(ci.movie_id = mc.movie_id)", "Plans": [{"Node Type": "Sort", "Parent Relationship": "Outer", "Startup Cost": 1133201.22, "Total Cost": 1134942.04, "Plan Rows": 696330, "Plan Width": 20, "Actual Startup Time": 11962.282, "Actual Total Time": 11962.29, "Actual Rows": 15, "Actual Loops": 1, "Sort Key": ["ci.movie_id"], "Sort Method": "quicksort", "Sort Space Used": 26, "Sort Space Type": "Memory", "Plans": [{"Node Type": "Merge Join", "Parent Relationship": "Outer", "Join Type": "Inner", "Startup Cost": 1055179.44, "Total Cost": 1065624.44, "Plan Rows": 696330, "Plan Width": 20, "Actual Startup Time": 11962.259, "Actual Total Time": 11962.269, "Actual Rows": 15, "Actual Loops": 1, "Inner Unique": false, "Merge Cond": "(rt.id = ci.role_id)", "Plans": [{"Node Type": "Sort", "Parent Relationship": "Outer", "Startup Cost": 1.34, "Total Cost": 1.37, "Plan Rows": 12, "Plan Width": 4, "Actual Startup Time": 0.012, "Actual Total Time": 0.013, "Actual Rows": 3, "Actual Loops": 1, "Sort Key": ["rt.id"], "Sort Method": "quicksort", "Sort Space Used": 25, "Sort Space Type": "Memory", "Plans": [{"Node Type": "Seq Scan", "Parent Relationship": "Outer", "Relation Name": "role_type", "Alias": "rt", "Startup Cost": 0.0, "Total Cost": 1.12, "Plan Rows": 12, "Plan Width": 4, "Actual Startup Time": 0.004, "Actual Total Time": 0.006, "Actual Rows": 12, "Actual Loops": 1}]}, {"Node Type": "Sort", "Parent Relationship": "Inner", "Startup Cost": 1055178.1, "Total Cost": 1056918.93, "Plan Rows": 696330, "Plan Width": 24, "Actual Startup Time": 11962.24, "Actual Total Time": 11962.241, "Actual Rows": 15, "Actual Loops": 1, "Sort Key": ["ci.role_id"], "Sort Method": "quicksort", "Sort Space Used": 26, "Sort Space Type": "Memory", "Plans": [{"Node Type": "Merge Join", "Parent Relationship": "Outer", "Join Type": "Inner", "Startup Cost": 839716.09, "Total Cost": 987601.32, "Plan Rows": 696330, "Plan Width": 24, "Actual Startup Time": 10957.032, "Actual Total Time": 11962.203, "Actual Rows": 15, "Actual Loops": 1, "Inner Unique": false, "Merge Cond": "(chn.id = ci.person_role_id)", "Plans": [{"Node Type": "Index Scan", "Parent Relationship": "Outer", "Scan Direction": "Forward", "Index Name": "char_name_pkey", "Relation Name": "char_name", "Alias": "chn", "Startup Cost": 0.0, "Total Cost": 129875.46, "Plan Rows": 3140338, "Plan Width": 20, "Actual Startup Time": 0.023, "Actual Total Time": 881.034, "Actual Rows": 881591, "Actual Loops": 1}, {"Node Type": "Sort", "Parent Relationship": "Inner", "Startup Cost": 839430.12, "Total Cost": 843021.18, "Plan Rows": 1436424, "Plan Width": 12, "Actual Startup Time": 10956.912, "Actual Total Time": 10956.917, "Actual Rows": 16, "Actual Loops": 1, "Sort Key": ["ci.person_role_id"], "Sort Method": "quicksort", "Sort Space Used": 138868, "Sort Space Type": "Memory", "Plans": [{"Node Type": "Seq Scan", "Parent Relationship": "Outer", "Relation Name": "cast_info", "Alias": "ci", "Startup Cost": 0.0, "Total Cost": 692526.68, "Plan Rows": 1436424, "Plan Width": 12, "Actual Startup Time": 665.208, "Actual Total Time": 10631.048, "Actual Rows": 1435439, "Actual Loops": 1, "Filter": "((note)::text ~~ '%(producer)%'::text), (LLVM Optimized, Jit Execute)", "Rows Removed by Filter": 34808904}]}]}]}]}]}, {"Node Type": "Sort", "Parent Relationship": "Inner", "Startup Cost": 283826.21, "Total Cost": 287031.99, "Plan Rows": 1282311, "Plan Width": 8, "Actual Startup Time": 4245.493, "Actual Total Time": 4378.822, "Actual Rows": 1147175, "Actual Loops": 1, "Sort Key": ["mc.movie_id"], "Sort Method": "quicksort", "Sort Space Used": 121265, "Sort Space Type": "Memory", "Plans": [{"Node Type": "Merge Join", "Parent Relationship": "Outer", "Join Type": "Inner", "Startup Cost": 3383.04, "Total Cost": 153733.74, "Plan Rows": 1282311, "Plan Width": 8, "Actual Startup Time": 0.101, "Actual Total Time": 3799.796, "Actual Rows": 1153797, "Actual Loops": 1, "Inner Unique": false, "Merge Cond": "(cn.id = mc.company_id)", "Plans": [{"Node Type": "Index Scan", "Parent Relationship": "Outer", "Scan Direction": "Forward", "Index Name": "company_name_pkey", "Relation Name": "company_name", "Alias": "cn", "Startup Cost": 0.0, "Total Cost": 10501.39, "Plan Rows": 85170, "Plan Width": 4, "Actual Startup Time": 0.069, "Actual Total Time": 356.052, "Actual Rows": 84843, "Actual Loops": 1, "Filter": "((country_code)::text = '[us]'::text)", "Rows Removed by Filter": 150153}, {"Node Type": "Index Scan", "Parent Relationship": "Inner", "Scan Direction": "Forward", "Index Name": "company_id_movie_companies", "Relation Name": "movie_companies", "Alias": "mc", "Startup Cost": 0.0, "Total Cost": 123673.5, "Plan Rows": 2609128, "Plan Width": 12, "Actual Startup Time": 0.024, "Actual Total Time": 2882.108, "Actual Rows": 2609128, "Actual Loops": 1}]}]}]}, {"Node Type": "Index Scan", "Parent Relationship": "Inner", "Scan Direction": "Forward", "Index Name": "title_pkey", "Relation Name": "title", "Alias": "t", "Startup Cost": 0.0, "Total Cost": 116441.27, "Plan Rows": 1748840, "Plan Width": 21, "Actual Startup Time": 0.071, "Actual Total Time": 2628.177, "Actual Rows": 1561981, "Actual Loops": 1, "Filter": "(production_year > 1990), (LLVM Optimized, Jit Execute)", "Rows Removed by Filter": 642389}]}]}]}]}, "Triggers": [], "Planner Runtime": 28.278, "Total Runtime": 19347.246, "Unique SQL Id": 3145361615}}, "(1, 89)": {"explain_plan": {"Plan": {"Node Type": "Aggregate", "Strategy": "Plain", "Startup Cost": 1821114.13, "Total Cost": 1821114.14, "Plan Rows": 1, "Plan Width": 97, "Plans": [{"Node Type": "Merge Join", "Parent Relationship": "Outer", "Join Type": "Inner", "Startup Cost": 1804089.93, "Total Cost": 1816267.06, "Plan Rows": 969413, "Plan Width": 33, "Inner Unique": false, "Merge Cond": "(ct.id = mc.company_type_id)", "Plans": [{"Node Type": "Index Only Scan", "Parent Relationship": "Outer", "Scan Direction": "Forward", "Index Name": "company_type_pkey", "Relation Name": "company_type", "Alias": "ct", "Startup Cost": 0.0, "Total Cost": 8.29, "Plan Rows": 3, "Plan Width": 4}, {"Node Type": "Sort", "Parent Relationship": "Inner", "Startup Cost": 1801717.56, "Total Cost": 1804141.1, "Plan Rows": 969413, "Plan Width": 37, "Sort Key": ["mc.company_type_id"], "Plans": [{"Node Type": "Merge Join", "Parent Relationship": "Outer", "Join Type": "Inner", "Startup Cost": 1556296.73, "Total Cost": 1705325.19, "Plan Rows": 969413, "Plan Width": 37, "Inner Unique": true, "Merge Cond": "(mc.movie_id = t.id)", "Plans": [{"Node Type": "Merge Join", "Parent Relationship": "Outer", "Join Type": "Inner", "Startup Cost": 1556294.1, "Total Cost": 1573184.14, "Plan Rows": 699731, "Plan Width": 28, "Inner Unique": false, "Merge Cond": "(ci.movie_id = mc.movie_id)", "Plans": [{"Node Type": "Sort", "Parent Relationship": "Outer", "Startup Cost": 1272467.82, "Total Cost": 1274208.65, "Plan Rows": 696330, "Plan Width": 20, "Sort Key": ["ci.movie_id"], "Plans": [{"Node Type": "Merge Join", "Parent Relationship": "Outer", "Join Type": "Inner", "Startup Cost": 1194438.34, "Total Cost": 1204891.05, "Plan Rows": 696330, "Plan Width": 20, "Inner Unique": false, "Merge Cond": "(rt.id = ci.role_id)", "Plans": [{"Node Type": "Index Only Scan", "Parent Relationship": "Outer", "Scan Direction": "Forward", "Index Name": "role_type_pkey", "Relation Name": "role_type", "Alias": "rt", "Startup Cost": 0.0, "Total Cost": 8.43, "Plan Rows": 12, "Plan Width": 4}, {"Node Type": "Sort", "Parent Relationship": "Inner", "Startup Cost": 1194438.34, "Total Cost": 1196179.17, "Plan Rows": 696330, "Plan Width": 24, "Sort Key": ["ci.role_id"], "Plans": [{"Node Type": "Merge Join", "Parent Relationship": "Outer", "Join Type": "Inner", "Startup Cost": 80674.47, "Total Cost": 1126861.56, "Plan Rows": 696330, "Plan Width": 24, "Inner Unique": false, "Merge Cond": "(chn.id = ci.person_role_id)", "Plans": [{"Node Type": "Index Scan", "Parent Relationship": "Outer", "Scan Direction": "Forward", "Index Name": "char_name_pkey", "Relation Name": "char_name", "Alias": "chn", "Startup Cost": 0.0, "Total Cost": 129875.46, "Plan Rows": 3140338, "Plan Width": 20}, {"Node Type": "Index Scan", "Parent Relationship": "Inner", "Scan Direction": "Forward", "Index Name": "person_role_id_cast_info", "Relation Name": "cast_info", "Alias": "ci", "Startup Cost": 0.0, "Total Cost": 2022508.08, "Plan Rows": 1436424, "Plan Width": 12, "Filter": "((note)::text ~~ '%(producer)%'::text), (LLVM Optimized)"}]}]}]}]}, {"Node Type": "Sort", "Parent Relationship": "Inner", "Startup Cost": 283826.21, "Total Cost": 287031.99, "Plan Rows": 1282311, "Plan Width": 8, "Sort Key": ["mc.movie_id"], "Plans": [{"Node Type": "Merge Join", "Parent Relationship": "Outer", "Join Type": "Inner", "Startup Cost": 3383.04, "Total Cost": 153733.74, "Plan Rows": 1282311, "Plan Width": 8, "Inner Unique": false, "Merge Cond": "(cn.id = mc.company_id)", "Plans": [{"Node Type": "Index Scan", "Parent Relationship": "Outer", "Scan Direction": "Forward", "Index Name": "company_name_pkey", "Relation Name": "company_name", "Alias": "cn", "Startup Cost": 0.0, "Total Cost": 10501.39, "Plan Rows": 85170, "Plan Width": 4, "Filter": "((country_code)::text = '[us]'::text)"}, {"Node Type": "Index Scan", "Parent Relationship": "Inner", "Scan Direction": "Forward", "Index Name": "company_id_movie_companies", "Relation Name": "movie_companies", "Alias": "mc", "Startup Cost": 0.0, "Total Cost": 123673.5, "Plan Rows": 2609128, "Plan Width": 12}]}]}]}, {"Node Type": "Index Scan", "Parent Relationship": "Inner", "Scan Direction": "Forward", "Index Name": "title_pkey", "Relation Name": "title", "Alias": "t", "Startup Cost": 0.0, "Total Cost": 116441.27, "Plan Rows": 1748840, "Plan Width": 21, "Filter": "(production_year > 1990), (LLVM Optimized)"}]}]}]}]}, "Unique SQL Id": 3145361615}, "explain_analyze_plan": {"Plan": {"Node Type": "Aggregate", "Strategy": "Plain", "Startup Cost": 1821114.13, "Total Cost": 1821114.14, "Plan Rows": 1, "Plan Width": 97, "Actual Startup Time": 26316.181, "Actual Total Time": 26316.182, "Actual Rows": 1, "Actual Loops": 1, "Plans": [{"Node Type": "Merge Join", "Parent Relationship": "Outer", "Join Type": "Inner", "Startup Cost": 1804089.93, "Total Cost": 1816267.06, "Plan Rows": 969413, "Plan Width": 33, "Actual Startup Time": 26316.141, "Actual Total Time": 26316.151, "Actual Rows": 4, "Actual Loops": 1, "Inner Unique": false, "Merge Cond": "(ct.id = mc.company_type_id)", "Plans": [{"Node Type": "Index Only Scan", "Parent Relationship": "Outer", "Scan Direction": "Forward", "Index Name": "company_type_pkey", "Relation Name": "company_type", "Alias": "ct", "Startup Cost": 0.0, "Total Cost": 8.29, "Plan Rows": 3, "Plan Width": 4, "Actual Startup Time": 0.008, "Actual Total Time": 0.014, "Actual Rows": 2, "Actual Loops": 1, "Heap Fetches": 0}, {"Node Type": "Sort", "Parent Relationship": "Inner", "Startup Cost": 1801717.56, "Total Cost": 1804141.1, "Plan Rows": 969413, "Plan Width": 37, "Actual Startup Time": 26316.115, "Actual Total Time": 26316.115, "Actual Rows": 10, "Actual Loops": 1, "Sort Key": ["mc.company_type_id"], "Sort Method": "quicksort", "Sort Space Used": 26, "Sort Space Type": "Memory", "Plans": [{"Node Type": "Merge Join", "Parent Relationship": "Outer", "Join Type": "Inner", "Startup Cost": 1556296.73, "Total Cost": 1705325.19, "Plan Rows": 969413, "Plan Width": 37, "Actual Startup Time": 25797.341, "Actual Total Time": 26316.064, "Actual Rows": 10, "Actual Loops": 1, "Inner Unique": true, "Merge Cond": "(mc.movie_id = t.id)", "Plans": [{"Node Type": "Merge Join", "Parent Relationship": "Outer", "Join Type": "Inner", "Startup Cost": 1556294.1, "Total Cost": 1573184.14, "Plan Rows": 699731, "Plan Width": 28, "Actual Startup Time": 23331.241, "Actual Total Time": 23451.407, "Actual Rows": 14, "Actual Loops": 1, "Inner Unique": false, "Merge Cond": "(ci.movie_id = mc.movie_id)", "Plans": [{"Node Type": "Sort", "Parent Relationship": "Outer", "Startup Cost": 1272467.82, "Total Cost": 1274208.65, "Plan Rows": 696330, "Plan Width": 20, "Actual Startup Time": 18785.825, "Actual Total Time": 18785.83, "Actual Rows": 15, "Actual Loops": 1, "Sort Key": ["ci.movie_id"], "Sort Method": "quicksort", "Sort Space Used": 26, "Sort Space Type": "Memory", "Plans": [{"Node Type": "Merge Join", "Parent Relationship": "Outer", "Join Type": "Inner", "Startup Cost": 1194438.34, "Total Cost": 1204891.05, "Plan Rows": 696330, "Plan Width": 20, "Actual Startup Time": 18785.765, "Actual Total Time": 18785.8, "Actual Rows": 15, "Actual Loops": 1, "Inner Unique": false, "Merge Cond": "(rt.id = ci.role_id)", "Plans": [{"Node Type": "Index Only Scan", "Parent Relationship": "Outer", "Scan Direction": "Forward", "Index Name": "role_type_pkey", "Relation Name": "role_type", "Alias": "rt", "Startup Cost": 0.0, "Total Cost": 8.43, "Plan Rows": 12, "Plan Width": 4, "Actual Startup Time": 0.002, "Actual Total Time": 0.012, "Actual Rows": 3, "Actual Loops": 1, "Heap Fetches": 0}, {"Node Type": "Sort", "Parent Relationship": "Inner", "Startup Cost": 1194438.34, "Total Cost": 1196179.17, "Plan Rows": 696330, "Plan Width": 24, "Actual Startup Time": 18785.638, "Actual Total Time": 18785.641, "Actual Rows": 15, "Actual Loops": 1, "Sort Key": ["ci.role_id"], "Sort Method": "quicksort", "Sort Space Used": 26, "Sort Space Type": "Memory", "Plans": [{"Node Type": "Merge Join", "Parent Relationship": "Outer", "Join Type": "Inner", "Startup Cost": 80674.47, "Total Cost": 1126861.56, "Plan Rows": 696330, "Plan Width": 24, "Actual Startup Time": 153.527, "Actual Total Time": 18785.568, "Actual Rows": 15, "Actual Loops": 1, "Inner Unique": false, "Merge Cond": "(chn.id = ci.person_role_id)", "Plans": [{"Node Type": "Index Scan", "Parent Relationship": "Outer", "Scan Direction": "Forward", "Index Name": "char_name_pkey", "Relation Name": "char_name", "Alias": "chn", "Startup Cost": 0.0, "Total Cost": 129875.46, "Plan Rows": 3140338, "Plan Width": 20, "Actual Startup Time": 0.026, "Actual Total Time": 978.502, "Actual Rows": 881591, "Actual Loops": 1}, {"Node Type": "Index Scan", "Parent Relationship": "Inner", "Scan Direction": "Forward", "Index Name": "person_role_id_cast_info", "Relation Name": "cast_info", "Alias": "ci", "Startup Cost": 0.0, "Total Cost": 2022508.08, "Plan Rows": 1436424, "Plan Width": 12, "Actual Startup Time": 153.487, "Actual Total Time": 17683.207, "Actual Rows": 16, "Actual Loops": 1, "Filter": "((note)::text ~~ '%(producer)%'::text), (LLVM Optimized, Jit Execute)", "Rows Removed by Filter": 20122645}]}]}]}]}, {"Node Type": "Sort", "Parent Relationship": "Inner", "Startup Cost": 283826.21, "Total Cost": 287031.99, "Plan Rows": 1282311, "Plan Width": 8, "Actual Startup Time": 4383.477, "Actual Total Time": 4516.756, "Actual Rows": 1147175, "Actual Loops": 1, "Sort Key": ["mc.movie_id"], "Sort Method": "quicksort", "Sort Space Used": 121265, "Sort Space Type": "Memory", "Plans": [{"Node Type": "Merge Join", "Parent Relationship": "Outer", "Join Type": "Inner", "Startup Cost": 3383.04, "Total Cost": 153733.74, "Plan Rows": 1282311, "Plan Width": 8, "Actual Startup Time": 0.113, "Actual Total Time": 3937.835, "Actual Rows": 1153797, "Actual Loops": 1, "Inner Unique": false, "Merge Cond": "(cn.id = mc.company_id)", "Plans": [{"Node Type": "Index Scan", "Parent Relationship": "Outer", "Scan Direction": "Forward", "Index Name": "company_name_pkey", "Relation Name": "company_name", "Alias": "cn", "Startup Cost": 0.0, "Total Cost": 10501.39, "Plan Rows": 85170, "Plan Width": 4, "Actual Startup Time": 0.08, "Actual Total Time": 363.655, "Actual Rows": 84843, "Actual Loops": 1, "Filter": "((country_code)::text = '[us]'::text)", "Rows Removed by Filter": 150153}, {"Node Type": "Index Scan", "Parent Relationship": "Inner", "Scan Direction": "Forward", "Index Name": "company_id_movie_companies", "Relation Name": "movie_companies", "Alias": "mc", "Startup Cost": 0.0, "Total Cost": 123673.5, "Plan Rows": 2609128, "Plan Width": 12, "Actual Startup Time": 0.026, "Actual Total Time": 3006.342, "Actual Rows": 2609128, "Actual Loops": 1}]}]}]}, {"Node Type": "Index Scan", "Parent Relationship": "Inner", "Scan Direction": "Forward", "Index Name": "title_pkey", "Relation Name": "title", "Alias": "t", "Startup Cost": 0.0, "Total Cost": 116441.27, "Plan Rows": 1748840, "Plan Width": 21, "Actual Startup Time": 0.069, "Actual Total Time": 2643.273, "Actual Rows": 1561981, "Actual Loops": 1, "Filter": "(production_year > 1990), (LLVM Optimized, Jit Execute)", "Rows Removed by Filter": 642389}]}]}]}]}, "Triggers": [], "Planner Runtime": 26.177, "Total Runtime": 26325.801, "Unique SQL Id": 3145361615}}, "(1, 90)": {"explain_plan": {"Plan": {"Node Type": "Aggregate", "Strategy": "Plain", "Startup Cost": 2307281.43, "Total Cost": 2307281.44, "Plan Rows": 1, "Plan Width": 97, "Plans": [{"Node Type": "Merge Join", "Parent Relationship": "Outer", "Join Type": "Inner", "Startup Cost": 2290265.52, "Total Cost": 2302434.36, "Plan Rows": 969413, "Plan Width": 33, "Inner Unique": false, "Merge Cond": "(ct.id = mc.company_type_id)", "Plans": [{"Node Type": "Sort", "Parent Relationship": "Outer", "Startup Cost": 1.05, "Total Cost": 1.06, "Plan Rows": 3, "Plan Width": 4, "Sort Key": ["ct.id"], "Plans": [{"Node Type": "Seq Scan", "Parent Relationship": "Outer", "Relation Name": "company_type", "Alias": "ct", "Startup Cost": 0.0, "Total Cost": 1.03, "Plan Rows": 3, "Plan Width": 4}]}, {"Node Type": "Sort", "Parent Relationship": "Inner", "Startup Cost": 2287892.1, "Total Cost": 2290315.63, "Plan Rows": 969413, "Plan Width": 37, "Sort Key": ["mc.company_type_id"], "Plans": [{"Node Type": "Merge Join", "Parent Relationship": "Outer", "Join Type": "Inner", "Startup Cost": 2154430.59, "Total Cost": 2191499.72, "Plan Rows": 969413, "Plan Width": 37, "Inner Unique": true, "Merge Cond": "(mc.movie_id = t.id)", "Plans": [{"Node Type": "Merge Join", "Parent Relationship": "Outer", "Join Type": "Inner", "Startup Cost": 1906703.59, "Total Cost": 1923593.63, "Plan Rows": 699731, "Plan Width": 28, "Inner Unique": false, "Merge Cond": "(ci.movie_id = mc.movie_id)", "Plans": [{"Node Type": "Sort", "Parent Relationship": "Outer", "Startup Cost": 1417551.53, "Total Cost": 1419292.36, "Plan Rows": 696330, "Plan Width": 20, "Sort Key": ["ci.movie_id"], "Plans": [{"Node Type": "Merge Join", "Parent Relationship": "Outer", "Join Type": "Inner", "Startup Cost": 1339529.75, "Total Cost": 1349974.75, "Plan Rows": 696330, "Plan Width": 20, "Inner Unique": false, "Merge Cond": "(rt.id = ci.role_id)", "Plans": [{"Node Type": "Sort", "Parent Relationship": "Outer", "Startup Cost": 1.34, "Total Cost": 1.37, "Plan Rows": 12, "Plan Width": 4, "Sort Key": ["rt.id"], "Plans": [{"Node Type": "Seq Scan", "Parent Relationship": "Outer", "Relation Name": "role_type", "Alias": "rt", "Startup Cost": 0.0, "Total Cost": 1.12, "Plan Rows": 12, "Plan Width": 4}]}, {"Node Type": "Sort", "Parent Relationship": "Inner", "Startup Cost": 1339528.41, "Total Cost": 1341269.24, "Plan Rows": 696330, "Plan Width": 24, "Sort Key": ["ci.role_id"], "Plans": [{"Node Type": "Merge Join", "Parent Relationship": "Outer", "Join Type": "Inner", "Startup Cost": 1246091.02, "Total Cost": 1271951.64, "Plan Rows": 696330, "Plan Width": 24, "Inner Unique": false, "Merge Cond": "(chn.id = ci.person_role_id)", "Plans": [{"Node Type": "Sort", "Parent Relationship": "Outer", "Startup Cost": 406374.92, "Total Cost": 414225.77, "Plan Rows": 3140338, "Plan Width": 20, "Sort Key": ["chn.id"], "Plans": [{"Node Type": "Seq Scan", "Parent Relationship": "Outer", "Relation Name": "char_name", "Alias": "chn", "Startup Cost": 0.0, "Total Cost": 67493.38, "Plan Rows": 3140338, "Plan Width": 20}]}, {"Node Type": "Sort", "Parent Relationship": "Inner", "Startup Cost": 839430.12, "Total Cost": 843021.18, "Plan Rows": 1436424, "Plan Width": 12, "Sort Key": ["ci.person_role_id"], "Plans": [{"Node Type": "Seq Scan", "Parent Relationship": "Outer", "Relation Name": "cast_info", "Alias": "ci", "Startup Cost": 0.0, "Total Cost": 692526.68, "Plan Rows": 1436424, "Plan Width": 12, "Filter": "((note)::text ~~ '%(producer)%'::text), (LLVM Optimized)"}]}]}]}]}]}, {"Node Type": "Sort", "Parent Relationship": "Inner", "Startup Cost": 489151.99, "Total Cost": 492357.77, "Plan Rows": 1282311, "Plan Width": 8, "Sort Key": ["mc.movie_id"], "Plans": [{"Node Type": "Merge Join", "Parent Relationship": "Outer", "Join Type": "Inner", "Startup Cost": 333103.9, "Total Cost": 359059.52, "Plan Rows": 1282311, "Plan Width": 8, "Inner Unique": false, "Merge Cond": "(cn.id = mc.company_id)", "Plans": [{"Node Type": "Sort", "Parent Relationship": "Outer", "Startup Cost": 12878.05, "Total Cost": 13090.97, "Plan Rows": 85170, "Plan Width": 4, "Sort Key": ["cn.id"], "Plans": [{"Node Type": "Seq Scan", "Parent Relationship": "Outer", "Relation Name": "company_name", "Alias": "cn", "Startup Cost": 0.0, "Total Cost": 5903.45, "Plan Rows": 85170, "Plan Width": 4, "Filter": "((country_code)::text = '[us]'::text)"}]}, {"Node Type": "Sort", "Parent Relationship": "Inner", "Startup Cost": 319886.87, "Total Cost": 326409.69, "Plan Rows": 2609128, "Plan Width": 12, "Sort Key": ["mc.company_id"], "Plans": [{"Node Type": "Seq Scan", "Parent Relationship": "Outer", "Relation Name": "movie_companies", "Alias": "mc", "Startup Cost": 0.0, "Total Cost": 41817.28, "Plan Rows": 2609128, "Plan Width": 12}]}]}]}]}, {"Node Type": "Sort", "Parent Relationship": "Inner", "Startup Cost": 247726.82, "Total Cost": 252098.92, "Plan Rows": 1748840, "Plan Width": 21, "Sort Key": ["t.id"], "Plans": [{"Node Type": "Seq Scan", "Parent Relationship": "Outer", "Relation Name": "title", "Alias": "t", "Startup Cost": 0.0, "Total Cost": 66389.89, "Plan Rows": 1748840, "Plan Width": 21, "Filter": "(production_year > 1990), (LLVM Optimized)"}]}]}]}]}]}, "Unique SQL Id": 3145361615}, "explain_analyze_plan": {"Plan": {"Node Type": "Aggregate", "Strategy": "Plain", "Startup Cost": 2307281.43, "Total Cost": 2307281.44, "Plan Rows": 1, "Plan Width": 97, "Actual Startup Time": 19009.286, "Actual Total Time": 19009.286, "Actual Rows": 1, "Actual Loops": 1, "Plans": [{"Node Type": "Merge Join", "Parent Relationship": "Outer", "Join Type": "Inner", "Startup Cost": 2290265.52, "Total Cost": 2302434.36, "Plan Rows": 969413, "Plan Width": 33, "Actual Startup Time": 19009.248, "Actual Total Time": 19009.254, "Actual Rows": 4, "Actual Loops": 1, "Inner Unique": false, "Merge Cond": "(ct.id = mc.company_type_id)", "Plans": [{"Node Type": "Sort", "Parent Relationship": "Outer", "Startup Cost": 1.05, "Total Cost": 1.06, "Plan Rows": 3, "Plan Width": 4, "Actual Startup Time": 0.038, "Actual Total Time": 0.038, "Actual Rows": 2, "Actual Loops": 1, "Sort Key": ["ct.id"], "Sort Method": "quicksort", "Sort Space Used": 25, "Sort Space Type": "Memory", "Plans": [{"Node Type": "Seq Scan", "Parent Relationship": "Outer", "Relation Name": "company_type", "Alias": "ct", "Startup Cost": 0.0, "Total Cost": 1.03, "Plan Rows": 3, "Plan Width": 4, "Actual Startup Time": 0.017, "Actual Total Time": 0.019, "Actual Rows": 3, "Actual Loops": 1}]}, {"Node Type": "Sort", "Parent Relationship": "Inner", "Startup Cost": 2287892.1, "Total Cost": 2290315.63, "Plan Rows": 969413, "Plan Width": 37, "Actual Startup Time": 19009.195, "Actual Total Time": 19009.195, "Actual Rows": 10, "Actual Loops": 1, "Sort Key": ["mc.company_type_id"], "Sort Method": "quicksort", "Sort Space Used": 26, "Sort Space Type": "Memory", "Plans": [{"Node Type": "Merge Join", "Parent Relationship": "Outer", "Join Type": "Inner", "Startup Cost": 2154430.59, "Total Cost": 2191499.72, "Plan Rows": 969413, "Plan Width": 37, "Actual Startup Time": 18809.341, "Actual Total Time": 19009.158, "Actual Rows": 10, "Actual Loops": 1, "Inner Unique": true, "Merge Cond": "(mc.movie_id = t.id)", "Plans": [{"Node Type": "Merge Join", "Parent Relationship": "Outer", "Join Type": "Inner", "Startup Cost": 1906703.59, "Total Cost": 1923593.63, "Plan Rows": 699731, "Plan Width": 28, "Actual Startup Time": 16821.602, "Actual Total Time": 16962.386, "Actual Rows": 14, "Actual Loops": 1, "Inner Unique": false, "Merge Cond": "(ci.movie_id = mc.movie_id)", "Plans": [{"Node Type": "Sort", "Parent Relationship": "Outer", "Startup Cost": 1417551.53, "Total Cost": 1419292.36, "Plan Rows": 696330, "Plan Width": 20, "Actual Startup Time": 13499.16, "Actual Total Time": 13499.168, "Actual Rows": 15, "Actual Loops": 1, "Sort Key": ["ci.movie_id"], "Sort Method": "quicksort", "Sort Space Used": 26, "Sort Space Type": "Memory", "Plans": [{"Node Type": "Merge Join", "Parent Relationship": "Outer", "Join Type": "Inner", "Startup Cost": 1339529.75, "Total Cost": 1349974.75, "Plan Rows": 696330, "Plan Width": 20, "Actual Startup Time": 13499.13, "Actual Total Time": 13499.142, "Actual Rows": 15, "Actual Loops": 1, "Inner Unique": false, "Merge Cond": "(rt.id = ci.role_id)", "Plans": [{"Node Type": "Sort", "Parent Relationship": "Outer", "Startup Cost": 1.34, "Total Cost": 1.37, "Plan Rows": 12, "Plan Width": 4, "Actual Startup Time": 0.012, "Actual Total Time": 0.013, "Actual Rows": 3, "Actual Loops": 1, "Sort Key": ["rt.id"], "Sort Method": "quicksort", "Sort Space Used": 25, "Sort Space Type": "Memory", "Plans": [{"Node Type": "Seq Scan", "Parent Relationship": "Outer", "Relation Name": "role_type", "Alias": "rt", "Startup Cost": 0.0, "Total Cost": 1.12, "Plan Rows": 12, "Plan Width": 4, "Actual Startup Time": 0.005, "Actual Total Time": 0.008, "Actual Rows": 12, "Actual Loops": 1}]}, {"Node Type": "Sort", "Parent Relationship": "Inner", "Startup Cost": 1339528.41, "Total Cost": 1341269.24, "Plan Rows": 696330, "Plan Width": 24, "Actual Startup Time": 13499.107, "Actual Total Time": 13499.108, "Actual Rows": 15, "Actual Loops": 1, "Sort Key": ["ci.role_id"], "Sort Method": "quicksort", "Sort Space Used": 26, "Sort Space Type": "Memory", "Plans": [{"Node Type": "Merge Join", "Parent Relationship": "Outer", "Join Type": "Inner", "Startup Cost": 1246091.02, "Total Cost": 1271951.64, "Plan Rows": 696330, "Plan Width": 24, "Actual Startup Time": 13225.548, "Actual Total Time": 13499.066, "Actual Rows": 15, "Actual Loops": 1, "Inner Unique": false, "Merge Cond": "(chn.id = ci.person_role_id)", "Plans": [{"Node Type": "Sort", "Parent Relationship": "Outer", "Startup Cost": 406374.92, "Total Cost": 414225.77, "Plan Rows": 3140338, "Plan Width": 20, "Actual Startup Time": 2276.056, "Actual Total Time": 2414.755, "Actual Rows": 881591, "Actual Loops": 1, "Sort Key": ["chn.id"], "Sort Method": "quicksort", "Sort Space Used": 396731, "Sort Space Type": "Memory", "Plans": [{"Node Type": "Seq Scan", "Parent Relationship": "Outer", "Relation Name": "char_name", "Alias": "chn", "Startup Cost": 0.0, "Total Cost": 67493.38, "Plan Rows": 3140338, "Plan Width": 20, "Actual Startup Time": 0.015, "Actual Total Time": 944.093, "Actual Rows": 3140338, "Actual Loops": 1}]}, {"Node Type": "Sort", "Parent Relationship": "Inner", "Startup Cost": 839430.12, "Total Cost": 843021.18, "Plan Rows": 1436424, "Plan Width": 12, "Actual Startup Time": 10949.408, "Actual Total Time": 10949.412, "Actual Rows": 16, "Actual Loops": 1, "Sort Key": ["ci.person_role_id"], "Sort Method": "quicksort", "Sort Space Used": 138868, "Sort Space Type": "Memory", "Plans": [{"Node Type": "Seq Scan", "Parent Relationship": "Outer", "Relation Name": "cast_info", "Alias": "ci", "Startup Cost": 0.0, "Total Cost": 692526.68, "Plan Rows": 1436424, "Plan Width": 12, "Actual Startup Time": 688.391, "Actual Total Time": 10625.04, "Actual Rows": 1435439, "Actual Loops": 1, "Filter": "((note)::text ~~ '%(producer)%'::text), (LLVM Optimized, Jit Execute)", "Rows Removed by Filter": 34808904}]}]}]}]}]}, {"Node Type": "Sort", "Parent Relationship": "Inner", "Startup Cost": 489151.99, "Total Cost": 492357.77, "Plan Rows": 1282311, "Plan Width": 8, "Actual Startup Time": 3144.888, "Actual Total Time": 3314.902, "Actual Rows": 1147175, "Actual Loops": 1, "Sort Key": ["mc.movie_id"], "Sort Method": "quicksort", "Sort Space Used": 121265, "Sort Space Type": "Memory", "Plans": [{"Node Type": "Merge Join", "Parent Relationship": "Outer", "Join Type": "Inner", "Startup Cost": 333103.9, "Total Cost": 359059.52, "Plan Rows": 1282311, "Plan Width": 8, "Actual Startup Time": 1733.544, "Actual Total Time": 2722.665, "Actual Rows": 1153797, "Actual Loops": 1, "Inner Unique": false, "Merge Cond": "(cn.id = mc.company_id)", "Plans": [{"Node Type": "Sort", "Parent Relationship": "Outer", "Startup Cost": 12878.05, "Total Cost": 13090.97, "Plan Rows": 85170, "Plan Width": 4, "Actual Startup Time": 117.849, "Actual Total Time": 131.619, "Actual Rows": 84843, "Actual Loops": 1, "Sort Key": ["cn.id"], "Sort Method": "quicksort", "Sort Space Used": 8375, "Sort Space Type": "Memory", "Plans": [{"Node Type": "Seq Scan", "Parent Relationship": "Outer", "Relation Name": "company_name", "Alias": "cn", "Startup Cost": 0.0, "Total Cost": 5903.45, "Plan Rows": 85170, "Plan Width": 4, "Actual Startup Time": 0.06, "Actual Total Time": 87.547, "Actual Rows": 84843, "Actual Loops": 1, "Filter": "((country_code)::text = '[us]'::text)", "Rows Removed by Filter": 150153}]}, {"Node Type": "Sort", "Parent Relationship": "Inner", "Startup Cost": 319886.87, "Total Cost": 326409.69, "Plan Rows": 2609128, "Plan Width": 12, "Actual Startup Time": 1615.68, "Actual Total Time": 2076.847, "Actual Rows": 2609128, "Actual Loops": 1, "Sort Key": ["mc.company_id"], "Sort Method": "quicksort", "Sort Space Used": 342910, "Sort Space Type": "Memory", "Plans": [{"Node Type": "Seq Scan", "Parent Relationship": "Outer", "Relation Name": "movie_companies", "Alias": "mc", "Startup Cost": 0.0, "Total Cost": 41817.28, "Plan Rows": 2609128, "Plan Width": 12, "Actual Startup Time": 0.034, "Actual Total Time": 723.03, "Actual Rows": 2609128, "Actual Loops": 1}]}]}]}]}, {"Node Type": "Sort", "Parent Relationship": "Inner", "Startup Cost": 247726.82, "Total Cost": 252098.92, "Plan Rows": 1748840, "Plan Width": 21, "Actual Startup Time": 1567.743, "Actual Total Time": 1810.038, "Actual Rows": 1561981, "Actual Loops": 1, "Sort Key": ["t.id"], "Sort Method": "quicksort", "Sort Space Used": 219702, "Sort Space Type": "Memory", "Plans": [{"Node Type": "Seq Scan", "Parent Relationship": "Outer", "Relation Name": "title", "Alias": "t", "Startup Cost": 0.0, "Total Cost": 66389.89, "Plan Rows": 1748840, "Plan Width": 21, "Actual Startup Time": 0.049, "Actual Total Time": 841.99, "Actual Rows": 1749032, "Actual Loops": 1, "Filter": "(production_year > 1990), (LLVM Optimized, Jit Execute)", "Rows Removed by Filter": 779279}]}]}]}]}]}, "Triggers": [], "Planner Runtime": 17.068, "Total Runtime": 19019.021, "Unique SQL Id": 3145361615}}, "(1, 91)": {"explain_plan": {"Plan": {"Node Type": "Aggregate", "Strategy": "Plain", "Startup Cost": 6404836478420.44, "Total Cost": 6404836478420.45, "Plan Rows": 1, "Plan Width": 97, "Plans": [{"Node Type": "Merge Join", "Parent Relationship": "Outer", "Join Type": "Inner", "Startup Cost": 5414836460575.04, "Total Cost": 6404836473573.37, "Plan Rows": 969413, "Plan Width": 33, "Inner Unique": false, "Merge Cond": "(ct.id = mc.company_type_id)", "Plans": [{"Node Type": "Index Only Scan", "Parent Relationship": "Outer", "Scan Direction": "Forward", "Index Name": "company_type_pkey", "Relation Name": "company_type", "Alias": "ct", "Startup Cost": 10000000000.0, "Total Cost": 1000000000829.5, "Plan Rows": 3, "Plan Width": 4}, {"Node Type": "Sort", "Parent Relationship": "Inner", "Startup Cost": 5404836458202.67, "Total Cost": 5404836460626.2, "Plan Rows": 969413, "Plan Width": 37, "Sort Key": ["mc.company_type_id"], "Plans": [{"Node Type": "Merge Join", "Parent Relationship": "Outer", "Join Type": "Inner", "Startup Cost": 4414835292158.16, "Total Cost": 5404836361810.29, "Plan Rows": 969413, "Plan Width": 37, "Inner Unique": false, "Merge Cond": "(cn.id = mc.company_id)", "Plans": [{"Node Type": "Index Scan", "Parent Relationship": "Outer", "Scan Direction": "Forward", "Index Name": "company_name_pkey", "Relation Name": "company_name", "Alias": "cn", "Startup Cost": 10000000000.0, "Total Cost": 1000001050138.97, "Plan Rows": 85170, "Plan Width": 4, "Filter": "((country_code)::text = '[us]'::text)"}, {"Node Type": "Sort", "Parent Relationship": "Inner", "Startup Cost": 4404835291901.89, "Total Cost": 4404835296833.07, "Plan Rows": 1972473, "Plan Width": 41, "Sort Key": ["mc.company_id"], "Plans": [{"Node Type": "Merge Join", "Parent Relationship": "Outer", "Join Type": "Inner", "Startup Cost": 2427545175376.9, "Total Cost": 4404835085664.31, "Plan Rows": 1972473, "Plan Width": 41, "Inner Unique": false, "Merge Cond": "(t.id = ci.movie_id)", "Plans": [{"Node Type": "Merge Join", "Parent Relationship": "Outer", "Join Type": "Inner", "Startup Cost": 20021511654.95, "Total Cost": 1999075977462.98, "Plan Rows": 3614708, "Plan Width": 33, "Inner Unique": false, "Merge Cond": "(t.id = mc.movie_id)", "Plans": [{"Node Type": "Index Scan", "Parent Relationship": "Outer", "Scan Direction": "Forward", "Index Name": "title_pkey", "Relation Name": "title", "Alias": "t", "Startup Cost": 10000000000.0, "Total Cost": 1000011644126.66, "Plan Rows": 1748840, "Plan Width": 21, "Filter": "(production_year > 1990), (LLVM Optimized)"}, {"Node Type": "Materialize", "Parent Relationship": "Inner", "Startup Cost": 10000000000.0, "Total Cost": 1000013058468.95, "Plan Rows": 2609128, "Plan Width": 12, "Plans": [{"Node Type": "Index Scan", "Parent Relationship": "Outer", "Scan Direction": "Forward", "Index Name": "movie_id_movie_companies", "Relation Name": "movie_companies", "Alias": "mc", "Startup Cost": 10000000000.0, "Total Cost": 1000013051946.13, "Plan Rows": 2609128, "Plan Width": 12}]}]}, {"Node Type": "Sort", "Parent Relationship": "Inner", "Startup Cost": 2407523663721.91, "Total Cost": 2407523665462.74, "Plan Rows": 696330, "Plan Width": 20, "Sort Key": ["ci.movie_id"], "Plans": [{"Node Type": "Merge Join", "Parent Relationship": "Outer", "Join Type": "Inner", "Startup Cost": 1500023584927.4, "Total Cost": 2407523596145.13, "Plan Rows": 696330, "Plan Width": 20, "Inner Unique": false, "Merge Cond": "(rt.id = ci.role_id)", "Plans": [{"Node Type": "Index Only Scan", "Parent Relationship": "Outer", "Scan Direction": "Forward", "Index Name": "role_type_pkey", "Relation Name": "role_type", "Alias": "rt", "Startup Cost": 10000000000.0, "Total Cost": 1000000000843.0, "Plan Rows": 12, "Plan Width": 4}, {"Node Type": "Sort", "Parent Relationship": "Inner", "Startup Cost": 1490023584927.4, "Total Cost": 1490023586668.23, "Plan Rows": 696330, "Plan Width": 24, "Sort Key": ["ci.role_id"], "Plans": [{"Node Type": "Merge Join", "Parent Relationship": "Outer", "Join Type": "Inner", "Startup Cost": 59427507435.38, "Total Cost": 1490023517350.63, "Plan Rows": 696330, "Plan Width": 24, "Inner Unique": false, "Merge Cond": "(chn.id = ci.person_role_id)", "Plans": [{"Node Type": "Index Scan", "Parent Relationship": "Outer", "Scan Direction": "Forward", "Index Name": "char_name_pkey", "Relation Name": "char_name", "Alias": "chn", "Startup Cost": 10000000000.0, "Total Cost": 1000012987545.51, "Plan Rows": 3140338, "Plan Width": 20}, {"Node Type": "Index Scan", "Parent Relationship": "Inner", "Scan Direction": "Forward", "Index Name": "person_role_id_cast_info", "Relation Name": "cast_info", "Alias": "ci", "Startup Cost": 10000000000.0, "Total Cost": 1000202250807.98, "Plan Rows": 1436424, "Plan Width": 12, "Filter": "((note)::text ~~ '%(producer)%'::text), (LLVM Optimized)"}]}]}]}]}]}]}]}]}]}]}, "Unique SQL Id": 3145361615}, "explain_analyze_plan": {"Plan": {"Node Type": "Aggregate", "Strategy": "Plain", "Startup Cost": 6404836478420.44, "Total Cost": 6404836478420.45, "Plan Rows": 1, "Plan Width": 97, "Actual Startup Time": 25618.59, "Actual Total Time": 25618.59, "Actual Rows": 1, "Actual Loops": 1, "Plans": [{"Node Type": "Merge Join", "Parent Relationship": "Outer", "Join Type": "Inner", "Startup Cost": 5414836460575.04, "Total Cost": 6404836473573.37, "Plan Rows": 969413, "Plan Width": 33, "Actual Startup Time": 25618.548, "Actual Total Time": 25618.556, "Actual Rows": 4, "Actual Loops": 1, "Inner Unique": false, "Merge Cond": "(ct.id = mc.company_type_id)", "Plans": [{"Node Type": "Index Only Scan", "Parent Relationship": "Outer", "Scan Direction": "Forward", "Index Name": "company_type_pkey", "Relation Name": "company_type", "Alias": "ct", "Startup Cost": 10000000000.0, "Total Cost": 1000000000829.5, "Plan Rows": 3, "Plan Width": 4, "Actual Startup Time": 0.009, "Actual Total Time": 0.014, "Actual Rows": 2, "Actual Loops": 1, "Heap Fetches": 0}, {"Node Type": "Sort", "Parent Relationship": "Inner", "Startup Cost": 5404836458202.67, "Total Cost": 5404836460626.2, "Plan Rows": 969413, "Plan Width": 37, "Actual Startup Time": 25618.527, "Actual Total Time": 25618.528, "Actual Rows": 10, "Actual Loops": 1, "Sort Key": ["mc.company_type_id"], "Sort Method": "quicksort", "Sort Space Used": 26, "Sort Space Type": "Memory", "Plans": [{"Node Type": "Merge Join", "Parent Relationship": "Outer", "Join Type": "Inner", "Startup Cost": 4414835292158.16, "Total Cost": 5404836361810.29, "Plan Rows": 969413, "Plan Width": 37, "Actual Startup Time": 25422.565, "Actual Total Time": 25618.495, "Actual Rows": 10, "Actual Loops": 1, "Inner Unique": false, "Merge Cond": "(cn.id = mc.company_id)", "Plans": [{"Node Type": "Index Scan", "Parent Relationship": "Outer", "Scan Direction": "Forward", "Index Name": "company_name_pkey", "Relation Name": "company_name", "Alias": "cn", "Startup Cost": 10000000000.0, "Total Cost": 1000001050138.97, "Plan Rows": 85170, "Plan Width": 4, "Actual Startup Time": 0.038, "Actual Total Time": 189.775, "Actual Rows": 57716, "Actual Loops": 1, "Filter": "((country_code)::text = '[us]'::text)", "Rows Removed by Filter": 101860}, {"Node Type": "Sort", "Parent Relationship": "Inner", "Startup Cost": 4404835291901.89, "Total Cost": 4404835296833.07, "Plan Rows": 1972473, "Plan Width": 41, "Actual Startup Time": 25419.893, "Actual Total Time": 25419.903, "Actual Rows": 23, "Actual Loops": 1, "Sort Key": ["mc.company_id"], "Sort Method": "quicksort", "Sort Space Used": 28, "Sort Space Type": "Memory", "Plans": [{"Node Type": "Merge Join", "Parent Relationship": "Outer", "Join Type": "Inner", "Startup Cost": 2427545175376.9, "Total Cost": 4404835085664.31, "Plan Rows": 1972473, "Plan Width": 41, "Actual Startup Time": 22200.939, "Actual Total Time": 25419.828, "Actual Rows": 23, "Actual Loops": 1, "Inner Unique": false, "Merge Cond": "(t.id = ci.movie_id)", "Plans": [{"Node Type": "Merge Join", "Parent Relationship": "Outer", "Join Type": "Inner", "Startup Cost": 20021511654.95, "Total Cost": 1999075977462.98, "Plan Rows": 3614708, "Plan Width": 33, "Actual Startup Time": 0.065, "Actual Total Time": 6759.01, "Actual Rows": 1492174, "Actual Loops": 1, "Inner Unique": false, "Merge Cond": "(t.id = mc.movie_id)", "Plans": [{"Node Type": "Index Scan", "Parent Relationship": "Outer", "Scan Direction": "Forward", "Index Name": "title_pkey", "Relation Name": "title", "Alias": "t", "Startup Cost": 10000000000.0, "Total Cost": 1000011644126.66, "Plan Rows": 1748840, "Plan Width": 21, "Actual Startup Time": 0.022, "Actual Total Time": 3161.886, "Actual Rows": 1740106, "Actual Loops": 1, "Filter": "(production_year > 1990), (LLVM Optimized, Jit Execute)", "Rows Removed by Filter": 769449}, {"Node Type": "Materialize", "Parent Relationship": "Inner", "Startup Cost": 10000000000.0, "Total Cost": 1000013058468.95, "Plan Rows": 2609128, "Plan Width": 12, "Actual Startup Time": 0.032, "Actual Total Time": 2574.465, "Actual Rows": 2580385, "Actual Loops": 1, "Plans": [{"Node Type": "Index Scan", "Parent Relationship": "Outer", "Scan Direction": "Forward", "Index Name": "movie_id_movie_companies", "Relation Name": "movie_companies", "Alias": "mc", "Startup Cost": 10000000000.0, "Total Cost": 1000013051946.13, "Plan Rows": 2609128, "Plan Width": 12, "Actual Startup Time": 0.019, "Actual Total Time": 1749.399, "Actual Rows": 2580385, "Actual Loops": 1}]}]}, {"Node Type": "Sort", "Parent Relationship": "Inner", "Startup Cost": 2407523663721.91, "Total Cost": 2407523665462.74, "Plan Rows": 696330, "Plan Width": 20, "Actual Startup Time": 18464.865, "Actual Total Time": 18464.886, "Actual Rows": 28, "Actual Loops": 1, "Sort Key": ["ci.movie_id"], "Sort Method": "quicksort", "Sort Space Used": 26, "Sort Space Type": "Memory", "Plans": [{"Node Type": "Merge Join", "Parent Relationship": "Outer", "Join Type": "Inner", "Startup Cost": 1500023584927.4, "Total Cost": 2407523596145.13, "Plan Rows": 696330, "Plan Width": 20, "Actual Startup Time": 18464.822, "Actual Total Time": 18464.847, "Actual Rows": 15, "Actual Loops": 1, "Inner Unique": false, "Merge Cond": "(rt.id = ci.role_id)", "Plans": [{"Node Type": "Index Only Scan", "Parent Relationship": "Outer", "Scan Direction": "Forward", "Index Name": "role_type_pkey", "Relation Name": "role_type", "Alias": "rt", "Startup Cost": 10000000000.0, "Total Cost": 1000000000843.0, "Plan Rows": 12, "Plan Width": 4, "Actual Startup Time": 0.003, "Actual Total Time": 0.01, "Actual Rows": 3, "Actual Loops": 1, "Heap Fetches": 0}, {"Node Type": "Sort", "Parent Relationship": "Inner", "Startup Cost": 1490023584927.4, "Total Cost": 1490023586668.23, "Plan Rows": 696330, "Plan Width": 24, "Actual Startup Time": 18464.807, "Actual Total Time": 18464.809, "Actual Rows": 15, "Actual Loops": 1, "Sort Key": ["ci.role_id"], "Sort Method": "quicksort", "Sort Space Used": 26, "Sort Space Type": "Memory", "Plans": [{"Node Type": "Merge Join", "Parent Relationship": "Outer", "Join Type": "Inner", "Startup Cost": 59427507435.38, "Total Cost": 1490023517350.63, "Plan Rows": 696330, "Plan Width": 24, "Actual Startup Time": 155.541, "Actual Total Time": 18464.673, "Actual Rows": 15, "Actual Loops": 1, "Inner Unique": false, "Merge Cond": "(chn.id = ci.person_role_id)", "Plans": [{"Node Type": "Index Scan", "Parent Relationship": "Outer", "Scan Direction": "Forward", "Index Name": "char_name_pkey", "Relation Name": "char_name", "Alias": "chn", "Startup Cost": 10000000000.0, "Total Cost": 1000012987545.51, "Plan Rows": 3140338, "Plan Width": 20, "Actual Startup Time": 0.021, "Actual Total Time": 971.175, "Actual Rows": 881591, "Actual Loops": 1}, {"Node Type": "Index Scan", "Parent Relationship": "Inner", "Scan Direction": "Forward", "Index Name": "person_role_id_cast_info", "Relation Name": "cast_info", "Alias": "ci", "Startup Cost": 10000000000.0, "Total Cost": 1000202250807.98, "Plan Rows": 1436424, "Plan Width": 12, "Actual Startup Time": 155.506, "Actual Total Time": 17370.088, "Actual Rows": 16, "Actual Loops": 1, "Filter": "((note)::text ~~ '%(producer)%'::text), (LLVM Optimized, Jit Execute)", "Rows Removed by Filter": 20122645}]}]}]}]}]}]}]}]}]}]}, "Triggers": [], "Planner Runtime": 44.324, "Total Runtime": 25628.178, "Unique SQL Id": 3145361615}}, "(1, 92)": {"explain_plan": {"Plan": {"Node Type": "Aggregate", "Strategy": "Plain", "Startup Cost": 1681840.29, "Total Cost": 1681840.3, "Plan Rows": 1, "Plan Width": 97, "Plans": [{"Node Type": "Merge Join", "Parent Relationship": "Outer", "Join Type": "Inner", "Startup Cost": 1664824.38, "Total Cost": 1676993.22, "Plan Rows": 969413, "Plan Width": 33, "Inner Unique": false, "Merge Cond": "(ct.id = mc.company_type_id)", "Plans": [{"Node Type": "Sort", "Parent Relationship": "Outer", "Startup Cost": 1.05, "Total Cost": 1.06, "Plan Rows": 3, "Plan Width": 4, "Sort Key": ["ct.id"], "Plans": [{"Node Type": "Seq Scan", "Parent Relationship": "Outer", "Relation Name": "company_type", "Alias": "ct", "Startup Cost": 0.0, "Total Cost": 1.03, "Plan Rows": 3, "Plan Width": 4}]}, {"Node Type": "Sort", "Parent Relationship": "Inner", "Startup Cost": 1662450.96, "Total Cost": 1664874.49, "Plan Rows": 969413, "Plan Width": 37, "Sort Key": ["mc.company_type_id"], "Plans": [{"Node Type": "Merge Join", "Parent Relationship": "Outer", "Join Type": "Inner", "Startup Cost": 1417030.12, "Total Cost": 1566058.58, "Plan Rows": 969413, "Plan Width": 37, "Inner Unique": true, "Merge Cond": "(mc.movie_id = t.id)", "Plans": [{"Node Type": "Merge Join", "Parent Relationship": "Outer", "Join Type": "Inner", "Startup Cost": 1417027.5, "Total Cost": 1433917.54, "Plan Rows": 699731, "Plan Width": 28, "Inner Unique": false, "Merge Cond": "(ci.movie_id = mc.movie_id)", "Plans": [{"Node Type": "Sort", "Parent Relationship": "Outer", "Startup Cost": 1133201.22, "Total Cost": 1134942.04, "Plan Rows": 696330, "Plan Width": 20, "Sort Key": ["ci.movie_id"], "Plans": [{"Node Type": "Merge Join", "Parent Relationship": "Outer", "Join Type": "Inner", "Startup Cost": 1055179.44, "Total Cost": 1065624.44, "Plan Rows": 696330, "Plan Width": 20, "Inner Unique": false, "Merge Cond": "(rt.id = ci.role_id)", "Plans": [{"Node Type": "Sort", "Parent Relationship": "Outer", "Startup Cost": 1.34, "Total Cost": 1.37, "Plan Rows": 12, "Plan Width": 4, "Sort Key": ["rt.id"], "Plans": [{"Node Type": "Seq Scan", "Parent Relationship": "Outer", "Relation Name": "role_type", "Alias": "rt", "Startup Cost": 0.0, "Total Cost": 1.12, "Plan Rows": 12, "Plan Width": 4}]}, {"Node Type": "Sort", "Parent Relationship": "Inner", "Startup Cost": 1055178.1, "Total Cost": 1056918.93, "Plan Rows": 696330, "Plan Width": 24, "Sort Key": ["ci.role_id"], "Plans": [{"Node Type": "Merge Join", "Parent Relationship": "Outer", "Join Type": "Inner", "Startup Cost": 839716.09, "Total Cost": 987601.32, "Plan Rows": 696330, "Plan Width": 24, "Inner Unique": false, "Merge Cond": "(chn.id = ci.person_role_id)", "Plans": [{"Node Type": "Index Scan", "Parent Relationship": "Outer", "Scan Direction": "Forward", "Index Name": "char_name_pkey", "Relation Name": "char_name", "Alias": "chn", "Startup Cost": 0.0, "Total Cost": 129875.46, "Plan Rows": 3140338, "Plan Width": 20}, {"Node Type": "Sort", "Parent Relationship": "Inner", "Startup Cost": 839430.12, "Total Cost": 843021.18, "Plan Rows": 1436424, "Plan Width": 12, "Sort Key": ["ci.person_role_id"], "Plans": [{"Node Type": "Seq Scan", "Parent Relationship": "Outer", "Relation Name": "cast_info", "Alias": "ci", "Startup Cost": 0.0, "Total Cost": 692526.68, "Plan Rows": 1436424, "Plan Width": 12, "Filter": "((note)::text ~~ '%(producer)%'::text), (LLVM Optimized)"}]}]}]}]}]}, {"Node Type": "Sort", "Parent Relationship": "Inner", "Startup Cost": 283826.21, "Total Cost": 287031.99, "Plan Rows": 1282311, "Plan Width": 8, "Sort Key": ["mc.movie_id"], "Plans": [{"Node Type": "Merge Join", "Parent Relationship": "Outer", "Join Type": "Inner", "Startup Cost": 3383.04, "Total Cost": 153733.74, "Plan Rows": 1282311, "Plan Width": 8, "Inner Unique": false, "Merge Cond": "(cn.id = mc.company_id)", "Plans": [{"Node Type": "Index Scan", "Parent Relationship": "Outer", "Scan Direction": "Forward", "Index Name": "company_name_pkey", "Relation Name": "company_name", "Alias": "cn", "Startup Cost": 0.0, "Total Cost": 10501.39, "Plan Rows": 85170, "Plan Width": 4, "Filter": "((country_code)::text = '[us]'::text)"}, {"Node Type": "Index Scan", "Parent Relationship": "Inner", "Scan Direction": "Forward", "Index Name": "company_id_movie_companies", "Relation Name": "movie_companies", "Alias": "mc", "Startup Cost": 0.0, "Total Cost": 123673.5, "Plan Rows": 2609128, "Plan Width": 12}]}]}]}, {"Node Type": "Index Scan", "Parent Relationship": "Inner", "Scan Direction": "Forward", "Index Name": "title_pkey", "Relation Name": "title", "Alias": "t", "Startup Cost": 0.0, "Total Cost": 116441.27, "Plan Rows": 1748840, "Plan Width": 21, "Filter": "(production_year > 1990), (LLVM Optimized)"}]}]}]}]}, "Unique SQL Id": 3145361615}, "explain_analyze_plan": {"Plan": {"Node Type": "Aggregate", "Strategy": "Plain", "Startup Cost": 1681840.29, "Total Cost": 1681840.3, "Plan Rows": 1, "Plan Width": 97, "Actual Startup Time": 19337.563, "Actual Total Time": 19337.563, "Actual Rows": 1, "Actual Loops": 1, "Plans": [{"Node Type": "Merge Join", "Parent Relationship": "Outer", "Join Type": "Inner", "Startup Cost": 1664824.38, "Total Cost": 1676993.22, "Plan Rows": 969413, "Plan Width": 33, "Actual Startup Time": 19337.527, "Actual Total Time": 19337.531, "Actual Rows": 4, "Actual Loops": 1, "Inner Unique": false, "Merge Cond": "(ct.id = mc.company_type_id)", "Plans": [{"Node Type": "Sort", "Parent Relationship": "Outer", "Startup Cost": 1.05, "Total Cost": 1.06, "Plan Rows": 3, "Plan Width": 4, "Actual Startup Time": 0.041, "Actual Total Time": 0.042, "Actual Rows": 2, "Actual Loops": 1, "Sort Key": ["ct.id"], "Sort Method": "quicksort", "Sort Space Used": 25, "Sort Space Type": "Memory", "Plans": [{"Node Type": "Seq Scan", "Parent Relationship": "Outer", "Relation Name": "company_type", "Alias": "ct", "Startup Cost": 0.0, "Total Cost": 1.03, "Plan Rows": 3, "Plan Width": 4, "Actual Startup Time": 0.015, "Actual Total Time": 0.018, "Actual Rows": 3, "Actual Loops": 1}]}, {"Node Type": "Sort", "Parent Relationship": "Inner", "Startup Cost": 1662450.96, "Total Cost": 1664874.49, "Plan Rows": 969413, "Plan Width": 37, "Actual Startup Time": 19337.471, "Actual Total Time": 19337.472, "Actual Rows": 10, "Actual Loops": 1, "Sort Key": ["mc.company_type_id"], "Sort Method": "quicksort", "Sort Space Used": 26, "Sort Space Type": "Memory", "Plans": [{"Node Type": "Merge Join", "Parent Relationship": "Outer", "Join Type": "Inner", "Startup Cost": 1417030.12, "Total Cost": 1566058.58, "Plan Rows": 969413, "Plan Width": 37, "Actual Startup Time": 18820.676, "Actual Total Time": 19337.426, "Actual Rows": 10, "Actual Loops": 1, "Inner Unique": true, "Merge Cond": "(mc.movie_id = t.id)", "Plans": [{"Node Type": "Merge Join", "Parent Relationship": "Outer", "Join Type": "Inner", "Startup Cost": 1417027.5, "Total Cost": 1433917.54, "Plan Rows": 699731, "Plan Width": 28, "Actual Startup Time": 16368.523, "Actual Total Time": 16490.084, "Actual Rows": 14, "Actual Loops": 1, "Inner Unique": false, "Merge Cond": "(ci.movie_id = mc.movie_id)", "Plans": [{"Node Type": "Sort", "Parent Relationship": "Outer", "Startup Cost": 1133201.22, "Total Cost": 1134942.04, "Plan Rows": 696330, "Plan Width": 20, "Actual Startup Time": 11962.282, "Actual Total Time": 11962.29, "Actual Rows": 15, "Actual Loops": 1, "Sort Key": ["ci.movie_id"], "Sort Method": "quicksort", "Sort Space Used": 26, "Sort Space Type": "Memory", "Plans": [{"Node Type": "Merge Join", "Parent Relationship": "Outer", "Join Type": "Inner", "Startup Cost": 1055179.44, "Total Cost": 1065624.44, "Plan Rows": 696330, "Plan Width": 20, "Actual Startup Time": 11962.259, "Actual Total Time": 11962.269, "Actual Rows": 15, "Actual Loops": 1, "Inner Unique": false, "Merge Cond": "(rt.id = ci.role_id)", "Plans": [{"Node Type": "Sort", "Parent Relationship": "Outer", "Startup Cost": 1.34, "Total Cost": 1.37, "Plan Rows": 12, "Plan Width": 4, "Actual Startup Time": 0.012, "Actual Total Time": 0.013, "Actual Rows": 3, "Actual Loops": 1, "Sort Key": ["rt.id"], "Sort Method": "quicksort", "Sort Space Used": 25, "Sort Space Type": "Memory", "Plans": [{"Node Type": "Seq Scan", "Parent Relationship": "Outer", "Relation Name": "role_type", "Alias": "rt", "Startup Cost": 0.0, "Total Cost": 1.12, "Plan Rows": 12, "Plan Width": 4, "Actual Startup Time": 0.004, "Actual Total Time": 0.006, "Actual Rows": 12, "Actual Loops": 1}]}, {"Node Type": "Sort", "Parent Relationship": "Inner", "Startup Cost": 1055178.1, "Total Cost": 1056918.93, "Plan Rows": 696330, "Plan Width": 24, "Actual Startup Time": 11962.24, "Actual Total Time": 11962.241, "Actual Rows": 15, "Actual Loops": 1, "Sort Key": ["ci.role_id"], "Sort Method": "quicksort", "Sort Space Used": 26, "Sort Space Type": "Memory", "Plans": [{"Node Type": "Merge Join", "Parent Relationship": "Outer", "Join Type": "Inner", "Startup Cost": 839716.09, "Total Cost": 987601.32, "Plan Rows": 696330, "Plan Width": 24, "Actual Startup Time": 10957.032, "Actual Total Time": 11962.203, "Actual Rows": 15, "Actual Loops": 1, "Inner Unique": false, "Merge Cond": "(chn.id = ci.person_role_id)", "Plans": [{"Node Type": "Index Scan", "Parent Relationship": "Outer", "Scan Direction": "Forward", "Index Name": "char_name_pkey", "Relation Name": "char_name", "Alias": "chn", "Startup Cost": 0.0, "Total Cost": 129875.46, "Plan Rows": 3140338, "Plan Width": 20, "Actual Startup Time": 0.023, "Actual Total Time": 881.034, "Actual Rows": 881591, "Actual Loops": 1}, {"Node Type": "Sort", "Parent Relationship": "Inner", "Startup Cost": 839430.12, "Total Cost": 843021.18, "Plan Rows": 1436424, "Plan Width": 12, "Actual Startup Time": 10956.912, "Actual Total Time": 10956.917, "Actual Rows": 16, "Actual Loops": 1, "Sort Key": ["ci.person_role_id"], "Sort Method": "quicksort", "Sort Space Used": 138868, "Sort Space Type": "Memory", "Plans": [{"Node Type": "Seq Scan", "Parent Relationship": "Outer", "Relation Name": "cast_info", "Alias": "ci", "Startup Cost": 0.0, "Total Cost": 692526.68, "Plan Rows": 1436424, "Plan Width": 12, "Actual Startup Time": 665.208, "Actual Total Time": 10631.048, "Actual Rows": 1435439, "Actual Loops": 1, "Filter": "((note)::text ~~ '%(producer)%'::text), (LLVM Optimized, Jit Execute)", "Rows Removed by Filter": 34808904}]}]}]}]}]}, {"Node Type": "Sort", "Parent Relationship": "Inner", "Startup Cost": 283826.21, "Total Cost": 287031.99, "Plan Rows": 1282311, "Plan Width": 8, "Actual Startup Time": 4245.493, "Actual Total Time": 4378.822, "Actual Rows": 1147175, "Actual Loops": 1, "Sort Key": ["mc.movie_id"], "Sort Method": "quicksort", "Sort Space Used": 121265, "Sort Space Type": "Memory", "Plans": [{"Node Type": "Merge Join", "Parent Relationship": "Outer", "Join Type": "Inner", "Startup Cost": 3383.04, "Total Cost": 153733.74, "Plan Rows": 1282311, "Plan Width": 8, "Actual Startup Time": 0.101, "Actual Total Time": 3799.796, "Actual Rows": 1153797, "Actual Loops": 1, "Inner Unique": false, "Merge Cond": "(cn.id = mc.company_id)", "Plans": [{"Node Type": "Index Scan", "Parent Relationship": "Outer", "Scan Direction": "Forward", "Index Name": "company_name_pkey", "Relation Name": "company_name", "Alias": "cn", "Startup Cost": 0.0, "Total Cost": 10501.39, "Plan Rows": 85170, "Plan Width": 4, "Actual Startup Time": 0.069, "Actual Total Time": 356.052, "Actual Rows": 84843, "Actual Loops": 1, "Filter": "((country_code)::text = '[us]'::text)", "Rows Removed by Filter": 150153}, {"Node Type": "Index Scan", "Parent Relationship": "Inner", "Scan Direction": "Forward", "Index Name": "company_id_movie_companies", "Relation Name": "movie_companies", "Alias": "mc", "Startup Cost": 0.0, "Total Cost": 123673.5, "Plan Rows": 2609128, "Plan Width": 12, "Actual Startup Time": 0.024, "Actual Total Time": 2882.108, "Actual Rows": 2609128, "Actual Loops": 1}]}]}]}, {"Node Type": "Index Scan", "Parent Relationship": "Inner", "Scan Direction": "Forward", "Index Name": "title_pkey", "Relation Name": "title", "Alias": "t", "Startup Cost": 0.0, "Total Cost": 116441.27, "Plan Rows": 1748840, "Plan Width": 21, "Actual Startup Time": 0.071, "Actual Total Time": 2628.177, "Actual Rows": 1561981, "Actual Loops": 1, "Filter": "(production_year > 1990), (LLVM Optimized, Jit Execute)", "Rows Removed by Filter": 642389}]}]}]}]}, "Triggers": [], "Planner Runtime": 28.278, "Total Runtime": 19347.246, "Unique SQL Id": 3145361615}}, "(1, 93)": {"explain_plan": {"Plan": {"Node Type": "Aggregate", "Strategy": "Plain", "Startup Cost": 1821121.79, "Total Cost": 1821121.8, "Plan Rows": 1, "Plan Width": 97, "Plans": [{"Node Type": "Merge Join", "Parent Relationship": "Outer", "Join Type": "Inner", "Startup Cost": 1804093.6, "Total Cost": 1816274.73, "Plan Rows": 969413, "Plan Width": 33, "Inner Unique": false, "Merge Cond": "(ct.id = mc.company_type_id)", "Plans": [{"Node Type": "Index Scan", "Parent Relationship": "Outer", "Scan Direction": "Forward", "Index Name": "company_type_pkey", "Relation Name": "company_type", "Alias": "ct", "Startup Cost": 0.0, "Total Cost": 12.29, "Plan Rows": 3, "Plan Width": 4}, {"Node Type": "Sort", "Parent Relationship": "Inner", "Startup Cost": 1801721.23, "Total Cost": 1804144.76, "Plan Rows": 969413, "Plan Width": 37, "Sort Key": ["mc.company_type_id"], "Plans": [{"Node Type": "Merge Join", "Parent Relationship": "Outer", "Join Type": "Inner", "Startup Cost": 1556300.39, "Total Cost": 1705328.85, "Plan Rows": 969413, "Plan Width": 37, "Inner Unique": true, "Merge Cond": "(mc.movie_id = t.id)", "Plans": [{"Node Type": "Merge Join", "Parent Relationship": "Outer", "Join Type": "Inner", "Startup Cost": 1556297.77, "Total Cost": 1573187.81, "Plan Rows": 699731, "Plan Width": 28, "Inner Unique": false, "Merge Cond": "(ci.movie_id = mc.movie_id)", "Plans": [{"Node Type": "Sort", "Parent Relationship": "Outer", "Startup Cost": 1272471.49, "Total Cost": 1274212.32, "Plan Rows": 696330, "Plan Width": 20, "Sort Key": ["ci.movie_id"], "Plans": [{"Node Type": "Merge Join", "Parent Relationship": "Outer", "Join Type": "Inner", "Startup Cost": 1194438.34, "Total Cost": 1204894.71, "Plan Rows": 696330, "Plan Width": 20, "Inner Unique": false, "Merge Cond": "(rt.id = ci.role_id)", "Plans": [{"Node Type": "Index Scan", "Parent Relationship": "Outer", "Scan Direction": "Forward", "Index Name": "role_type_pkey", "Relation Name": "role_type", "Alias": "rt", "Startup Cost": 0.0, "Total Cost": 12.43, "Plan Rows": 12, "Plan Width": 4}, {"Node Type": "Sort", "Parent Relationship": "Inner", "Startup Cost": 1194438.34, "Total Cost": 1196179.17, "Plan Rows": 696330, "Plan Width": 24, "Sort Key": ["ci.role_id"], "Plans": [{"Node Type": "Merge Join", "Parent Relationship": "Outer", "Join Type": "Inner", "Startup Cost": 80674.47, "Total Cost": 1126861.56, "Plan Rows": 696330, "Plan Width": 24, "Inner Unique": false, "Merge Cond": "(chn.id = ci.person_role_id)", "Plans": [{"Node Type": "Index Scan", "Parent Relationship": "Outer", "Scan Direction": "Forward", "Index Name": "char_name_pkey", "Relation Name": "char_name", "Alias": "chn", "Startup Cost": 0.0, "Total Cost": 129875.46, "Plan Rows": 3140338, "Plan Width": 20}, {"Node Type": "Index Scan", "Parent Relationship": "Inner", "Scan Direction": "Forward", "Index Name": "person_role_id_cast_info", "Relation Name": "cast_info", "Alias": "ci", "Startup Cost": 0.0, "Total Cost": 2022508.08, "Plan Rows": 1436424, "Plan Width": 12, "Filter": "((note)::text ~~ '%(producer)%'::text), (LLVM Optimized)"}]}]}]}]}, {"Node Type": "Sort", "Parent Relationship": "Inner", "Startup Cost": 283826.21, "Total Cost": 287031.99, "Plan Rows": 1282311, "Plan Width": 8, "Sort Key": ["mc.movie_id"], "Plans": [{"Node Type": "Merge Join", "Parent Relationship": "Outer", "Join Type": "Inner", "Startup Cost": 3383.04, "Total Cost": 153733.74, "Plan Rows": 1282311, "Plan Width": 8, "Inner Unique": false, "Merge Cond": "(cn.id = mc.company_id)", "Plans": [{"Node Type": "Index Scan", "Parent Relationship": "Outer", "Scan Direction": "Forward", "Index Name": "company_name_pkey", "Relation Name": "company_name", "Alias": "cn", "Startup Cost": 0.0, "Total Cost": 10501.39, "Plan Rows": 85170, "Plan Width": 4, "Filter": "((country_code)::text = '[us]'::text)"}, {"Node Type": "Index Scan", "Parent Relationship": "Inner", "Scan Direction": "Forward", "Index Name": "company_id_movie_companies", "Relation Name": "movie_companies", "Alias": "mc", "Startup Cost": 0.0, "Total Cost": 123673.5, "Plan Rows": 2609128, "Plan Width": 12}]}]}]}, {"Node Type": "Index Scan", "Parent Relationship": "Inner", "Scan Direction": "Forward", "Index Name": "title_pkey", "Relation Name": "title", "Alias": "t", "Startup Cost": 0.0, "Total Cost": 116441.27, "Plan Rows": 1748840, "Plan Width": 21, "Filter": "(production_year > 1990), (LLVM Optimized)"}]}]}]}]}, "Unique SQL Id": 3145361615}, "explain_analyze_plan": {"Plan": {"Node Type": "Aggregate", "Strategy": "Plain", "Startup Cost": 1821121.79, "Total Cost": 1821121.8, "Plan Rows": 1, "Plan Width": 97, "Actual Startup Time": 26308.5, "Actual Total Time": 26308.5, "Actual Rows": 1, "Actual Loops": 1, "Plans": [{"Node Type": "Merge Join", "Parent Relationship": "Outer", "Join Type": "Inner", "Startup Cost": 1804093.6, "Total Cost": 1816274.73, "Plan Rows": 969413, "Plan Width": 33, "Actual Startup Time": 26308.449, "Actual Total Time": 26308.468, "Actual Rows": 4, "Actual Loops": 1, "Inner Unique": false, "Merge Cond": "(ct.id = mc.company_type_id)", "Plans": [{"Node Type": "Index Scan", "Parent Relationship": "Outer", "Scan Direction": "Forward", "Index Name": "company_type_pkey", "Relation Name": "company_type", "Alias": "ct", "Startup Cost": 0.0, "Total Cost": 12.29, "Plan Rows": 3, "Plan Width": 4, "Actual Startup Time": 0.014, "Actual Total Time": 0.028, "Actual Rows": 2, "Actual Loops": 1}, {"Node Type": "Sort", "Parent Relationship": "Inner", "Startup Cost": 1801721.23, "Total Cost": 1804144.76, "Plan Rows": 969413, "Plan Width": 37, "Actual Startup Time": 26308.418, "Actual Total Time": 26308.418, "Actual Rows": 10, "Actual Loops": 1, "Sort Key": ["mc.company_type_id"], "Sort Method": "quicksort", "Sort Space Used": 26, "Sort Space Type": "Memory", "Plans": [{"Node Type": "Merge Join", "Parent Relationship": "Outer", "Join Type": "Inner", "Startup Cost": 1556300.39, "Total Cost": 1705328.85, "Plan Rows": 969413, "Plan Width": 37, "Actual Startup Time": 25776.336, "Actual Total Time": 26308.36, "Actual Rows": 10, "Actual Loops": 1, "Inner Unique": true, "Merge Cond": "(mc.movie_id = t.id)", "Plans": [{"Node Type": "Merge Join", "Parent Relationship": "Outer", "Join Type": "Inner", "Startup Cost": 1556297.77, "Total Cost": 1573187.81, "Plan Rows": 699731, "Plan Width": 28, "Actual Startup Time": 23451.127, "Actual Total Time": 23572.218, "Actual Rows": 14, "Actual Loops": 1, "Inner Unique": false, "Merge Cond": "(ci.movie_id = mc.movie_id)", "Plans": [{"Node Type": "Sort", "Parent Relationship": "Outer", "Startup Cost": 1272471.49, "Total Cost": 1274212.32, "Plan Rows": 696330, "Plan Width": 20, "Actual Startup Time": 18885.684, "Actual Total Time": 18885.691, "Actual Rows": 15, "Actual Loops": 1, "Sort Key": ["ci.movie_id"], "Sort Method": "quicksort", "Sort Space Used": 26, "Sort Space Type": "Memory", "Plans": [{"Node Type": "Merge Join", "Parent Relationship": "Outer", "Join Type": "Inner", "Startup Cost": 1194438.34, "Total Cost": 1204894.71, "Plan Rows": 696330, "Plan Width": 20, "Actual Startup Time": 18885.643, "Actual Total Time": 18885.663, "Actual Rows": 15, "Actual Loops": 1, "Inner Unique": false, "Merge Cond": "(rt.id = ci.role_id)", "Plans": [{"Node Type": "Index Scan", "Parent Relationship": "Outer", "Scan Direction": "Forward", "Index Name": "role_type_pkey", "Relation Name": "role_type", "Alias": "rt", "Startup Cost": 0.0, "Total Cost": 12.43, "Plan Rows": 12, "Plan Width": 4, "Actual Startup Time": 0.004, "Actual Total Time": 0.01, "Actual Rows": 3, "Actual Loops": 1}, {"Node Type": "Sort", "Parent Relationship": "Inner", "Startup Cost": 1194438.34, "Total Cost": 1196179.17, "Plan Rows": 696330, "Plan Width": 24, "Actual Startup Time": 18885.628, "Actual Total Time": 18885.63, "Actual Rows": 15, "Actual Loops": 1, "Sort Key": ["ci.role_id"], "Sort Method": "quicksort", "Sort Space Used": 26, "Sort Space Type": "Memory", "Plans": [{"Node Type": "Merge Join", "Parent Relationship": "Outer", "Join Type": "Inner", "Startup Cost": 80674.47, "Total Cost": 1126861.56, "Plan Rows": 696330, "Plan Width": 24, "Actual Startup Time": 153.872, "Actual Total Time": 18885.489, "Actual Rows": 15, "Actual Loops": 1, "Inner Unique": false, "Merge Cond": "(chn.id = ci.person_role_id)", "Plans": [{"Node Type": "Index Scan", "Parent Relationship": "Outer", "Scan Direction": "Forward", "Index Name": "char_name_pkey", "Relation Name": "char_name", "Alias": "chn", "Startup Cost": 0.0, "Total Cost": 129875.46, "Plan Rows": 3140338, "Plan Width": 20, "Actual Startup Time": 0.019, "Actual Total Time": 921.739, "Actual Rows": 881591, "Actual Loops": 1}, {"Node Type": "Index Scan", "Parent Relationship": "Inner", "Scan Direction": "Forward", "Index Name": "person_role_id_cast_info", "Relation Name": "cast_info", "Alias": "ci", "Startup Cost": 0.0, "Total Cost": 2022508.08, "Plan Rows": 1436424, "Plan Width": 12, "Actual Startup Time": 153.839, "Actual Total Time": 17841.133, "Actual Rows": 16, "Actual Loops": 1, "Filter": "((note)::text ~~ '%(producer)%'::text), (LLVM Optimized, Jit Execute)", "Rows Removed by Filter": 20122645}]}]}]}]}, {"Node Type": "Sort", "Parent Relationship": "Inner", "Startup Cost": 283826.21, "Total Cost": 287031.99, "Plan Rows": 1282311, "Plan Width": 8, "Actual Startup Time": 4363.269, "Actual Total Time": 4537.167, "Actual Rows": 1147175, "Actual Loops": 1, "Sort Key": ["mc.movie_id"], "Sort Method": "quicksort", "Sort Space Used": 121265, "Sort Space Type": "Memory", "Plans": [{"Node Type": "Merge Join", "Parent Relationship": "Outer", "Join Type": "Inner", "Startup Cost": 3383.04, "Total Cost": 153733.74, "Plan Rows": 1282311, "Plan Width": 8, "Actual Startup Time": 0.097, "Actual Total Time": 3916.132, "Actual Rows": 1153797, "Actual Loops": 1, "Inner Unique": false, "Merge Cond": "(cn.id = mc.company_id)", "Plans": [{"Node Type": "Index Scan", "Parent Relationship": "Outer", "Scan Direction": "Forward", "Index Name": "company_name_pkey", "Relation Name": "company_name", "Alias": "cn", "Startup Cost": 0.0, "Total Cost": 10501.39, "Plan Rows": 85170, "Plan Width": 4, "Actual Startup Time": 0.066, "Actual Total Time": 389.674, "Actual Rows": 84843, "Actual Loops": 1, "Filter": "((country_code)::text = '[us]'::text)", "Rows Removed by Filter": 150153}, {"Node Type": "Index Scan", "Parent Relationship": "Inner", "Scan Direction": "Forward", "Index Name": "company_id_movie_companies", "Relation Name": "movie_companies", "Alias": "mc", "Startup Cost": 0.0, "Total Cost": 123673.5, "Plan Rows": 2609128, "Plan Width": 12, "Actual Startup Time": 0.023, "Actual Total Time": 2960.629, "Actual Rows": 2609128, "Actual Loops": 1}]}]}]}, {"Node Type": "Index Scan", "Parent Relationship": "Inner", "Scan Direction": "Forward", "Index Name": "title_pkey", "Relation Name": "title", "Alias": "t", "Startup Cost": 0.0, "Total Cost": 116441.27, "Plan Rows": 1748840, "Plan Width": 21, "Actual Startup Time": 0.072, "Actual Total Time": 2513.875, "Actual Rows": 1561981, "Actual Loops": 1, "Filter": "(production_year > 1990), (LLVM Optimized, Jit Execute)", "Rows Removed by Filter": 642389}]}]}]}]}, "Triggers": [], "Planner Runtime": 26.133, "Total Runtime": 26318.17, "Unique SQL Id": 3145361615}}, "(1, 94)": {"explain_plan": {"Plan": {"Node Type": "Aggregate", "Strategy": "Plain", "Startup Cost": 2307281.43, "Total Cost": 2307281.44, "Plan Rows": 1, "Plan Width": 97, "Plans": [{"Node Type": "Merge Join", "Parent Relationship": "Outer", "Join Type": "Inner", "Startup Cost": 2290265.52, "Total Cost": 2302434.36, "Plan Rows": 969413, "Plan Width": 33, "Inner Unique": false, "Merge Cond": "(ct.id = mc.company_type_id)", "Plans": [{"Node Type": "Sort", "Parent Relationship": "Outer", "Startup Cost": 1.05, "Total Cost": 1.06, "Plan Rows": 3, "Plan Width": 4, "Sort Key": ["ct.id"], "Plans": [{"Node Type": "Seq Scan", "Parent Relationship": "Outer", "Relation Name": "company_type", "Alias": "ct", "Startup Cost": 0.0, "Total Cost": 1.03, "Plan Rows": 3, "Plan Width": 4}]}, {"Node Type": "Sort", "Parent Relationship": "Inner", "Startup Cost": 2287892.1, "Total Cost": 2290315.63, "Plan Rows": 969413, "Plan Width": 37, "Sort Key": ["mc.company_type_id"], "Plans": [{"Node Type": "Merge Join", "Parent Relationship": "Outer", "Join Type": "Inner", "Startup Cost": 2154430.59, "Total Cost": 2191499.72, "Plan Rows": 969413, "Plan Width": 37, "Inner Unique": true, "Merge Cond": "(mc.movie_id = t.id)", "Plans": [{"Node Type": "Merge Join", "Parent Relationship": "Outer", "Join Type": "Inner", "Startup Cost": 1906703.59, "Total Cost": 1923593.63, "Plan Rows": 699731, "Plan Width": 28, "Inner Unique": false, "Merge Cond": "(ci.movie_id = mc.movie_id)", "Plans": [{"Node Type": "Sort", "Parent Relationship": "Outer", "Startup Cost": 1417551.53, "Total Cost": 1419292.36, "Plan Rows": 696330, "Plan Width": 20, "Sort Key": ["ci.movie_id"], "Plans": [{"Node Type": "Merge Join", "Parent Relationship": "Outer", "Join Type": "Inner", "Startup Cost": 1339529.75, "Total Cost": 1349974.75, "Plan Rows": 696330, "Plan Width": 20, "Inner Unique": false, "Merge Cond": "(rt.id = ci.role_id)", "Plans": [{"Node Type": "Sort", "Parent Relationship": "Outer", "Startup Cost": 1.34, "Total Cost": 1.37, "Plan Rows": 12, "Plan Width": 4, "Sort Key": ["rt.id"], "Plans": [{"Node Type": "Seq Scan", "Parent Relationship": "Outer", "Relation Name": "role_type", "Alias": "rt", "Startup Cost": 0.0, "Total Cost": 1.12, "Plan Rows": 12, "Plan Width": 4}]}, {"Node Type": "Sort", "Parent Relationship": "Inner", "Startup Cost": 1339528.41, "Total Cost": 1341269.24, "Plan Rows": 696330, "Plan Width": 24, "Sort Key": ["ci.role_id"], "Plans": [{"Node Type": "Merge Join", "Parent Relationship": "Outer", "Join Type": "Inner", "Startup Cost": 1246091.02, "Total Cost": 1271951.64, "Plan Rows": 696330, "Plan Width": 24, "Inner Unique": false, "Merge Cond": "(chn.id = ci.person_role_id)", "Plans": [{"Node Type": "Sort", "Parent Relationship": "Outer", "Startup Cost": 406374.92, "Total Cost": 414225.77, "Plan Rows": 3140338, "Plan Width": 20, "Sort Key": ["chn.id"], "Plans": [{"Node Type": "Seq Scan", "Parent Relationship": "Outer", "Relation Name": "char_name", "Alias": "chn", "Startup Cost": 0.0, "Total Cost": 67493.38, "Plan Rows": 3140338, "Plan Width": 20}]}, {"Node Type": "Sort", "Parent Relationship": "Inner", "Startup Cost": 839430.12, "Total Cost": 843021.18, "Plan Rows": 1436424, "Plan Width": 12, "Sort Key": ["ci.person_role_id"], "Plans": [{"Node Type": "Seq Scan", "Parent Relationship": "Outer", "Relation Name": "cast_info", "Alias": "ci", "Startup Cost": 0.0, "Total Cost": 692526.68, "Plan Rows": 1436424, "Plan Width": 12, "Filter": "((note)::text ~~ '%(producer)%'::text), (LLVM Optimized)"}]}]}]}]}]}, {"Node Type": "Sort", "Parent Relationship": "Inner", "Startup Cost": 489151.99, "Total Cost": 492357.77, "Plan Rows": 1282311, "Plan Width": 8, "Sort Key": ["mc.movie_id"], "Plans": [{"Node Type": "Merge Join", "Parent Relationship": "Outer", "Join Type": "Inner", "Startup Cost": 333103.9, "Total Cost": 359059.52, "Plan Rows": 1282311, "Plan Width": 8, "Inner Unique": false, "Merge Cond": "(cn.id = mc.company_id)", "Plans": [{"Node Type": "Sort", "Parent Relationship": "Outer", "Startup Cost": 12878.05, "Total Cost": 13090.97, "Plan Rows": 85170, "Plan Width": 4, "Sort Key": ["cn.id"], "Plans": [{"Node Type": "Seq Scan", "Parent Relationship": "Outer", "Relation Name": "company_name", "Alias": "cn", "Startup Cost": 0.0, "Total Cost": 5903.45, "Plan Rows": 85170, "Plan Width": 4, "Filter": "((country_code)::text = '[us]'::text)"}]}, {"Node Type": "Sort", "Parent Relationship": "Inner", "Startup Cost": 319886.87, "Total Cost": 326409.69, "Plan Rows": 2609128, "Plan Width": 12, "Sort Key": ["mc.company_id"], "Plans": [{"Node Type": "Seq Scan", "Parent Relationship": "Outer", "Relation Name": "movie_companies", "Alias": "mc", "Startup Cost": 0.0, "Total Cost": 41817.28, "Plan Rows": 2609128, "Plan Width": 12}]}]}]}]}, {"Node Type": "Sort", "Parent Relationship": "Inner", "Startup Cost": 247726.82, "Total Cost": 252098.92, "Plan Rows": 1748840, "Plan Width": 21, "Sort Key": ["t.id"], "Plans": [{"Node Type": "Seq Scan", "Parent Relationship": "Outer", "Relation Name": "title", "Alias": "t", "Startup Cost": 0.0, "Total Cost": 66389.89, "Plan Rows": 1748840, "Plan Width": 21, "Filter": "(production_year > 1990), (LLVM Optimized)"}]}]}]}]}]}, "Unique SQL Id": 3145361615}, "explain_analyze_plan": {"Plan": {"Node Type": "Aggregate", "Strategy": "Plain", "Startup Cost": 2307281.43, "Total Cost": 2307281.44, "Plan Rows": 1, "Plan Width": 97, "Actual Startup Time": 19009.286, "Actual Total Time": 19009.286, "Actual Rows": 1, "Actual Loops": 1, "Plans": [{"Node Type": "Merge Join", "Parent Relationship": "Outer", "Join Type": "Inner", "Startup Cost": 2290265.52, "Total Cost": 2302434.36, "Plan Rows": 969413, "Plan Width": 33, "Actual Startup Time": 19009.248, "Actual Total Time": 19009.254, "Actual Rows": 4, "Actual Loops": 1, "Inner Unique": false, "Merge Cond": "(ct.id = mc.company_type_id)", "Plans": [{"Node Type": "Sort", "Parent Relationship": "Outer", "Startup Cost": 1.05, "Total Cost": 1.06, "Plan Rows": 3, "Plan Width": 4, "Actual Startup Time": 0.038, "Actual Total Time": 0.038, "Actual Rows": 2, "Actual Loops": 1, "Sort Key": ["ct.id"], "Sort Method": "quicksort", "Sort Space Used": 25, "Sort Space Type": "Memory", "Plans": [{"Node Type": "Seq Scan", "Parent Relationship": "Outer", "Relation Name": "company_type", "Alias": "ct", "Startup Cost": 0.0, "Total Cost": 1.03, "Plan Rows": 3, "Plan Width": 4, "Actual Startup Time": 0.017, "Actual Total Time": 0.019, "Actual Rows": 3, "Actual Loops": 1}]}, {"Node Type": "Sort", "Parent Relationship": "Inner", "Startup Cost": 2287892.1, "Total Cost": 2290315.63, "Plan Rows": 969413, "Plan Width": 37, "Actual Startup Time": 19009.195, "Actual Total Time": 19009.195, "Actual Rows": 10, "Actual Loops": 1, "Sort Key": ["mc.company_type_id"], "Sort Method": "quicksort", "Sort Space Used": 26, "Sort Space Type": "Memory", "Plans": [{"Node Type": "Merge Join", "Parent Relationship": "Outer", "Join Type": "Inner", "Startup Cost": 2154430.59, "Total Cost": 2191499.72, "Plan Rows": 969413, "Plan Width": 37, "Actual Startup Time": 18809.341, "Actual Total Time": 19009.158, "Actual Rows": 10, "Actual Loops": 1, "Inner Unique": true, "Merge Cond": "(mc.movie_id = t.id)", "Plans": [{"Node Type": "Merge Join", "Parent Relationship": "Outer", "Join Type": "Inner", "Startup Cost": 1906703.59, "Total Cost": 1923593.63, "Plan Rows": 699731, "Plan Width": 28, "Actual Startup Time": 16821.602, "Actual Total Time": 16962.386, "Actual Rows": 14, "Actual Loops": 1, "Inner Unique": false, "Merge Cond": "(ci.movie_id = mc.movie_id)", "Plans": [{"Node Type": "Sort", "Parent Relationship": "Outer", "Startup Cost": 1417551.53, "Total Cost": 1419292.36, "Plan Rows": 696330, "Plan Width": 20, "Actual Startup Time": 13499.16, "Actual Total Time": 13499.168, "Actual Rows": 15, "Actual Loops": 1, "Sort Key": ["ci.movie_id"], "Sort Method": "quicksort", "Sort Space Used": 26, "Sort Space Type": "Memory", "Plans": [{"Node Type": "Merge Join", "Parent Relationship": "Outer", "Join Type": "Inner", "Startup Cost": 1339529.75, "Total Cost": 1349974.75, "Plan Rows": 696330, "Plan Width": 20, "Actual Startup Time": 13499.13, "Actual Total Time": 13499.142, "Actual Rows": 15, "Actual Loops": 1, "Inner Unique": false, "Merge Cond": "(rt.id = ci.role_id)", "Plans": [{"Node Type": "Sort", "Parent Relationship": "Outer", "Startup Cost": 1.34, "Total Cost": 1.37, "Plan Rows": 12, "Plan Width": 4, "Actual Startup Time": 0.012, "Actual Total Time": 0.013, "Actual Rows": 3, "Actual Loops": 1, "Sort Key": ["rt.id"], "Sort Method": "quicksort", "Sort Space Used": 25, "Sort Space Type": "Memory", "Plans": [{"Node Type": "Seq Scan", "Parent Relationship": "Outer", "Relation Name": "role_type", "Alias": "rt", "Startup Cost": 0.0, "Total Cost": 1.12, "Plan Rows": 12, "Plan Width": 4, "Actual Startup Time": 0.005, "Actual Total Time": 0.008, "Actual Rows": 12, "Actual Loops": 1}]}, {"Node Type": "Sort", "Parent Relationship": "Inner", "Startup Cost": 1339528.41, "Total Cost": 1341269.24, "Plan Rows": 696330, "Plan Width": 24, "Actual Startup Time": 13499.107, "Actual Total Time": 13499.108, "Actual Rows": 15, "Actual Loops": 1, "Sort Key": ["ci.role_id"], "Sort Method": "quicksort", "Sort Space Used": 26, "Sort Space Type": "Memory", "Plans": [{"Node Type": "Merge Join", "Parent Relationship": "Outer", "Join Type": "Inner", "Startup Cost": 1246091.02, "Total Cost": 1271951.64, "Plan Rows": 696330, "Plan Width": 24, "Actual Startup Time": 13225.548, "Actual Total Time": 13499.066, "Actual Rows": 15, "Actual Loops": 1, "Inner Unique": false, "Merge Cond": "(chn.id = ci.person_role_id)", "Plans": [{"Node Type": "Sort", "Parent Relationship": "Outer", "Startup Cost": 406374.92, "Total Cost": 414225.77, "Plan Rows": 3140338, "Plan Width": 20, "Actual Startup Time": 2276.056, "Actual Total Time": 2414.755, "Actual Rows": 881591, "Actual Loops": 1, "Sort Key": ["chn.id"], "Sort Method": "quicksort", "Sort Space Used": 396731, "Sort Space Type": "Memory", "Plans": [{"Node Type": "Seq Scan", "Parent Relationship": "Outer", "Relation Name": "char_name", "Alias": "chn", "Startup Cost": 0.0, "Total Cost": 67493.38, "Plan Rows": 3140338, "Plan Width": 20, "Actual Startup Time": 0.015, "Actual Total Time": 944.093, "Actual Rows": 3140338, "Actual Loops": 1}]}, {"Node Type": "Sort", "Parent Relationship": "Inner", "Startup Cost": 839430.12, "Total Cost": 843021.18, "Plan Rows": 1436424, "Plan Width": 12, "Actual Startup Time": 10949.408, "Actual Total Time": 10949.412, "Actual Rows": 16, "Actual Loops": 1, "Sort Key": ["ci.person_role_id"], "Sort Method": "quicksort", "Sort Space Used": 138868, "Sort Space Type": "Memory", "Plans": [{"Node Type": "Seq Scan", "Parent Relationship": "Outer", "Relation Name": "cast_info", "Alias": "ci", "Startup Cost": 0.0, "Total Cost": 692526.68, "Plan Rows": 1436424, "Plan Width": 12, "Actual Startup Time": 688.391, "Actual Total Time": 10625.04, "Actual Rows": 1435439, "Actual Loops": 1, "Filter": "((note)::text ~~ '%(producer)%'::text), (LLVM Optimized, Jit Execute)", "Rows Removed by Filter": 34808904}]}]}]}]}]}, {"Node Type": "Sort", "Parent Relationship": "Inner", "Startup Cost": 489151.99, "Total Cost": 492357.77, "Plan Rows": 1282311, "Plan Width": 8, "Actual Startup Time": 3144.888, "Actual Total Time": 3314.902, "Actual Rows": 1147175, "Actual Loops": 1, "Sort Key": ["mc.movie_id"], "Sort Method": "quicksort", "Sort Space Used": 121265, "Sort Space Type": "Memory", "Plans": [{"Node Type": "Merge Join", "Parent Relationship": "Outer", "Join Type": "Inner", "Startup Cost": 333103.9, "Total Cost": 359059.52, "Plan Rows": 1282311, "Plan Width": 8, "Actual Startup Time": 1733.544, "Actual Total Time": 2722.665, "Actual Rows": 1153797, "Actual Loops": 1, "Inner Unique": false, "Merge Cond": "(cn.id = mc.company_id)", "Plans": [{"Node Type": "Sort", "Parent Relationship": "Outer", "Startup Cost": 12878.05, "Total Cost": 13090.97, "Plan Rows": 85170, "Plan Width": 4, "Actual Startup Time": 117.849, "Actual Total Time": 131.619, "Actual Rows": 84843, "Actual Loops": 1, "Sort Key": ["cn.id"], "Sort Method": "quicksort", "Sort Space Used": 8375, "Sort Space Type": "Memory", "Plans": [{"Node Type": "Seq Scan", "Parent Relationship": "Outer", "Relation Name": "company_name", "Alias": "cn", "Startup Cost": 0.0, "Total Cost": 5903.45, "Plan Rows": 85170, "Plan Width": 4, "Actual Startup Time": 0.06, "Actual Total Time": 87.547, "Actual Rows": 84843, "Actual Loops": 1, "Filter": "((country_code)::text = '[us]'::text)", "Rows Removed by Filter": 150153}]}, {"Node Type": "Sort", "Parent Relationship": "Inner", "Startup Cost": 319886.87, "Total Cost": 326409.69, "Plan Rows": 2609128, "Plan Width": 12, "Actual Startup Time": 1615.68, "Actual Total Time": 2076.847, "Actual Rows": 2609128, "Actual Loops": 1, "Sort Key": ["mc.company_id"], "Sort Method": "quicksort", "Sort Space Used": 342910, "Sort Space Type": "Memory", "Plans": [{"Node Type": "Seq Scan", "Parent Relationship": "Outer", "Relation Name": "movie_companies", "Alias": "mc", "Startup Cost": 0.0, "Total Cost": 41817.28, "Plan Rows": 2609128, "Plan Width": 12, "Actual Startup Time": 0.034, "Actual Total Time": 723.03, "Actual Rows": 2609128, "Actual Loops": 1}]}]}]}]}, {"Node Type": "Sort", "Parent Relationship": "Inner", "Startup Cost": 247726.82, "Total Cost": 252098.92, "Plan Rows": 1748840, "Plan Width": 21, "Actual Startup Time": 1567.743, "Actual Total Time": 1810.038, "Actual Rows": 1561981, "Actual Loops": 1, "Sort Key": ["t.id"], "Sort Method": "quicksort", "Sort Space Used": 219702, "Sort Space Type": "Memory", "Plans": [{"Node Type": "Seq Scan", "Parent Relationship": "Outer", "Relation Name": "title", "Alias": "t", "Startup Cost": 0.0, "Total Cost": 66389.89, "Plan Rows": 1748840, "Plan Width": 21, "Actual Startup Time": 0.049, "Actual Total Time": 841.99, "Actual Rows": 1749032, "Actual Loops": 1, "Filter": "(production_year > 1990), (LLVM Optimized, Jit Execute)", "Rows Removed by Filter": 779279}]}]}]}]}]}, "Triggers": [], "Planner Runtime": 17.068, "Total Runtime": 19019.021, "Unique SQL Id": 3145361615}}, "(1, 95)": {"explain_plan": {"Plan": {"Node Type": "Aggregate", "Strategy": "Plain", "Startup Cost": 6404836479187.1, "Total Cost": 6404836479187.11, "Plan Rows": 1, "Plan Width": 97, "Plans": [{"Node Type": "Merge Join", "Parent Relationship": "Outer", "Join Type": "Inner", "Startup Cost": 5414836460941.71, "Total Cost": 6404836474340.04, "Plan Rows": 969413, "Plan Width": 33, "Inner Unique": false, "Merge Cond": "(ct.id = mc.company_type_id)", "Plans": [{"Node Type": "Index Scan", "Parent Relationship": "Outer", "Scan Direction": "Forward", "Index Name": "company_type_pkey", "Relation Name": "company_type", "Alias": "ct", "Startup Cost": 10000000000.0, "Total Cost": 1000000001229.5, "Plan Rows": 3, "Plan Width": 4}, {"Node Type": "Sort", "Parent Relationship": "Inner", "Startup Cost": 5404836458569.34, "Total Cost": 5404836460992.87, "Plan Rows": 969413, "Plan Width": 37, "Sort Key": ["mc.company_type_id"], "Plans": [{"Node Type": "Merge Join", "Parent Relationship": "Outer", "Join Type": "Inner", "Startup Cost": 4414835292524.82, "Total Cost": 5404836362176.96, "Plan Rows": 969413, "Plan Width": 37, "Inner Unique": false, "Merge Cond": "(cn.id = mc.company_id)", "Plans": [{"Node Type": "Index Scan", "Parent Relationship": "Outer", "Scan Direction": "Forward", "Index Name": "company_name_pkey", "Relation Name": "company_name", "Alias": "cn", "Startup Cost": 10000000000.0, "Total Cost": 1000001050138.97, "Plan Rows": 85170, "Plan Width": 4, "Filter": "((country_code)::text = '[us]'::text)"}, {"Node Type": "Sort", "Parent Relationship": "Inner", "Startup Cost": 4404835292268.56, "Total Cost": 4404835297199.74, "Plan Rows": 1972473, "Plan Width": 41, "Sort Key": ["mc.company_id"], "Plans": [{"Node Type": "Merge Join", "Parent Relationship": "Outer", "Join Type": "Inner", "Startup Cost": 2427545175743.56, "Total Cost": 4404835086030.98, "Plan Rows": 1972473, "Plan Width": 41, "Inner Unique": false, "Merge Cond": "(t.id = ci.movie_id)", "Plans": [{"Node Type": "Merge Join", "Parent Relationship": "Outer", "Join Type": "Inner", "Startup Cost": 20021511654.95, "Total Cost": 1999075977462.98, "Plan Rows": 3614708, "Plan Width": 33, "Inner Unique": false, "Merge Cond": "(t.id = mc.movie_id)", "Plans": [{"Node Type": "Index Scan", "Parent Relationship": "Outer", "Scan Direction": "Forward", "Index Name": "title_pkey", "Relation Name": "title", "Alias": "t", "Startup Cost": 10000000000.0, "Total Cost": 1000011644126.66, "Plan Rows": 1748840, "Plan Width": 21, "Filter": "(production_year > 1990), (LLVM Optimized)"}, {"Node Type": "Materialize", "Parent Relationship": "Inner", "Startup Cost": 10000000000.0, "Total Cost": 1000013058468.95, "Plan Rows": 2609128, "Plan Width": 12, "Plans": [{"Node Type": "Index Scan", "Parent Relationship": "Outer", "Scan Direction": "Forward", "Index Name": "movie_id_movie_companies", "Relation Name": "movie_companies", "Alias": "mc", "Startup Cost": 10000000000.0, "Total Cost": 1000013051946.13, "Plan Rows": 2609128, "Plan Width": 12}]}]}, {"Node Type": "Sort", "Parent Relationship": "Inner", "Startup Cost": 2407523664088.58, "Total Cost": 2407523665829.4, "Plan Rows": 696330, "Plan Width": 20, "Sort Key": ["ci.movie_id"], "Plans": [{"Node Type": "Merge Join", "Parent Relationship": "Outer", "Join Type": "Inner", "Startup Cost": 1500023584927.4, "Total Cost": 2407523596511.8, "Plan Rows": 696330, "Plan Width": 20, "Inner Unique": false, "Merge Cond": "(rt.id = ci.role_id)", "Plans": [{"Node Type": "Index Scan", "Parent Relationship": "Outer", "Scan Direction": "Forward", "Index Name": "role_type_pkey", "Relation Name": "role_type", "Alias": "rt", "Startup Cost": 10000000000.0, "Total Cost": 1000000001243.0, "Plan Rows": 12, "Plan Width": 4}, {"Node Type": "Sort", "Parent Relationship": "Inner", "Startup Cost": 1490023584927.4, "Total Cost": 1490023586668.23, "Plan Rows": 696330, "Plan Width": 24, "Sort Key": ["ci.role_id"], "Plans": [{"Node Type": "Merge Join", "Parent Relationship": "Outer", "Join Type": "Inner", "Startup Cost": 59427507435.38, "Total Cost": 1490023517350.63, "Plan Rows": 696330, "Plan Width": 24, "Inner Unique": false, "Merge Cond": "(chn.id = ci.person_role_id)", "Plans": [{"Node Type": "Index Scan", "Parent Relationship": "Outer", "Scan Direction": "Forward", "Index Name": "char_name_pkey", "Relation Name": "char_name", "Alias": "chn", "Startup Cost": 10000000000.0, "Total Cost": 1000012987545.51, "Plan Rows": 3140338, "Plan Width": 20}, {"Node Type": "Index Scan", "Parent Relationship": "Inner", "Scan Direction": "Forward", "Index Name": "person_role_id_cast_info", "Relation Name": "cast_info", "Alias": "ci", "Startup Cost": 10000000000.0, "Total Cost": 1000202250807.98, "Plan Rows": 1436424, "Plan Width": 12, "Filter": "((note)::text ~~ '%(producer)%'::text), (LLVM Optimized)"}]}]}]}]}]}]}]}]}]}]}, "Unique SQL Id": 3145361615}, "explain_analyze_plan": {"Plan": {"Node Type": "Aggregate", "Strategy": "Plain", "Startup Cost": 6404836479187.1, "Total Cost": 6404836479187.11, "Plan Rows": 1, "Plan Width": 97, "Actual Startup Time": 25420.188, "Actual Total Time": 25420.188, "Actual Rows": 1, "Actual Loops": 1, "Plans": [{"Node Type": "Merge Join", "Parent Relationship": "Outer", "Join Type": "Inner", "Startup Cost": 5414836460941.71, "Total Cost": 6404836474340.04, "Plan Rows": 969413, "Plan Width": 33, "Actual Startup Time": 25420.146, "Actual Total Time": 25420.159, "Actual Rows": 4, "Actual Loops": 1, "Inner Unique": false, "Merge Cond": "(ct.id = mc.company_type_id)", "Plans": [{"Node Type": "Index Scan", "Parent Relationship": "Outer", "Scan Direction": "Forward", "Index Name": "company_type_pkey", "Relation Name": "company_type", "Alias": "ct", "Startup Cost": 10000000000.0, "Total Cost": 1000000001229.5, "Plan Rows": 3, "Plan Width": 4, "Actual Startup Time": 0.013, "Actual Total Time": 0.019, "Actual Rows": 2, "Actual Loops": 1}, {"Node Type": "Sort", "Parent Relationship": "Inner", "Startup Cost": 5404836458569.34, "Total Cost": 5404836460992.87, "Plan Rows": 969413, "Plan Width": 37, "Actual Startup Time": 25420.112, "Actual Total Time": 25420.115, "Actual Rows": 10, "Actual Loops": 1, "Sort Key": ["mc.company_type_id"], "Sort Method": "quicksort", "Sort Space Used": 26, "Sort Space Type": "Memory", "Plans": [{"Node Type": "Merge Join", "Parent Relationship": "Outer", "Join Type": "Inner", "Startup Cost": 4414835292524.82, "Total Cost": 5404836362176.96, "Plan Rows": 969413, "Plan Width": 37, "Actual Startup Time": 25221.543, "Actual Total Time": 25420.085, "Actual Rows": 10, "Actual Loops": 1, "Inner Unique": false, "Merge Cond": "(cn.id = mc.company_id)", "Plans": [{"Node Type": "Index Scan", "Parent Relationship": "Outer", "Scan Direction": "Forward", "Index Name": "company_name_pkey", "Relation Name": "company_name", "Alias": "cn", "Startup Cost": 10000000000.0, "Total Cost": 1000001050138.97, "Plan Rows": 85170, "Plan Width": 4, "Actual Startup Time": 0.028, "Actual Total Time": 192.125, "Actual Rows": 57716, "Actual Loops": 1, "Filter": "((country_code)::text = '[us]'::text)", "Rows Removed by Filter": 101860}, {"Node Type": "Sort", "Parent Relationship": "Inner", "Startup Cost": 4404835292268.56, "Total Cost": 4404835297199.74, "Plan Rows": 1972473, "Plan Width": 41, "Actual Startup Time": 25219.231, "Actual Total Time": 25219.242, "Actual Rows": 23, "Actual Loops": 1, "Sort Key": ["mc.company_id"], "Sort Method": "quicksort", "Sort Space Used": 28, "Sort Space Type": "Memory", "Plans": [{"Node Type": "Merge Join", "Parent Relationship": "Outer", "Join Type": "Inner", "Startup Cost": 2427545175743.56, "Total Cost": 4404835086030.98, "Plan Rows": 1972473, "Plan Width": 41, "Actual Startup Time": 21965.295, "Actual Total Time": 25219.168, "Actual Rows": 23, "Actual Loops": 1, "Inner Unique": false, "Merge Cond": "(t.id = ci.movie_id)", "Plans": [{"Node Type": "Merge Join", "Parent Relationship": "Outer", "Join Type": "Inner", "Startup Cost": 20021511654.95, "Total Cost": 1999075977462.98, "Plan Rows": 3614708, "Plan Width": 33, "Actual Startup Time": 0.068, "Actual Total Time": 6715.329, "Actual Rows": 1492174, "Actual Loops": 1, "Inner Unique": false, "Merge Cond": "(t.id = mc.movie_id)", "Plans": [{"Node Type": "Index Scan", "Parent Relationship": "Outer", "Scan Direction": "Forward", "Index Name": "title_pkey", "Relation Name": "title", "Alias": "t", "Startup Cost": 10000000000.0, "Total Cost": 1000011644126.66, "Plan Rows": 1748840, "Plan Width": 21, "Actual Startup Time": 0.023, "Actual Total Time": 3126.025, "Actual Rows": 1740106, "Actual Loops": 1, "Filter": "(production_year > 1990), (LLVM Optimized, Jit Execute)", "Rows Removed by Filter": 769449}, {"Node Type": "Materialize", "Parent Relationship": "Inner", "Startup Cost": 10000000000.0, "Total Cost": 1000013058468.95, "Plan Rows": 2609128, "Plan Width": 12, "Actual Startup Time": 0.035, "Actual Total Time": 2566.206, "Actual Rows": 2580385, "Actual Loops": 1, "Plans": [{"Node Type": "Index Scan", "Parent Relationship": "Outer", "Scan Direction": "Forward", "Index Name": "movie_id_movie_companies", "Relation Name": "movie_companies", "Alias": "mc", "Startup Cost": 10000000000.0, "Total Cost": 1000013051946.13, "Plan Rows": 2609128, "Plan Width": 12, "Actual Startup Time": 0.018, "Actual Total Time": 1741.498, "Actual Rows": 2580385, "Actual Loops": 1}]}]}, {"Node Type": "Sort", "Parent Relationship": "Inner", "Startup Cost": 2407523664088.58, "Total Cost": 2407523665829.4, "Plan Rows": 696330, "Plan Width": 20, "Actual Startup Time": 18306.241, "Actual Total Time": 18306.262, "Actual Rows": 28, "Actual Loops": 1, "Sort Key": ["ci.movie_id"], "Sort Method": "quicksort", "Sort Space Used": 26, "Sort Space Type": "Memory", "Plans": [{"Node Type": "Merge Join", "Parent Relationship": "Outer", "Join Type": "Inner", "Startup Cost": 1500023584927.4, "Total Cost": 2407523596511.8, "Plan Rows": 696330, "Plan Width": 20, "Actual Startup Time": 18306.185, "Actual Total Time": 18306.221, "Actual Rows": 15, "Actual Loops": 1, "Inner Unique": false, "Merge Cond": "(rt.id = ci.role_id)", "Plans": [{"Node Type": "Index Scan", "Parent Relationship": "Outer", "Scan Direction": "Forward", "Index Name": "role_type_pkey", "Relation Name": "role_type", "Alias": "rt", "Startup Cost": 10000000000.0, "Total Cost": 1000000001243.0, "Plan Rows": 12, "Plan Width": 4, "Actual Startup Time": 0.004, "Actual Total Time": 0.01, "Actual Rows": 3, "Actual Loops": 1}, {"Node Type": "Sort", "Parent Relationship": "Inner", "Startup Cost": 1490023584927.4, "Total Cost": 1490023586668.23, "Plan Rows": 696330, "Plan Width": 24, "Actual Startup Time": 18306.17, "Actual Total Time": 18306.172, "Actual Rows": 15, "Actual Loops": 1, "Sort Key": ["ci.role_id"], "Sort Method": "quicksort", "Sort Space Used": 26, "Sort Space Type": "Memory", "Plans": [{"Node Type": "Merge Join", "Parent Relationship": "Outer", "Join Type": "Inner", "Startup Cost": 59427507435.38, "Total Cost": 1490023517350.63, "Plan Rows": 696330, "Plan Width": 24, "Actual Startup Time": 154.266, "Actual Total Time": 18306.081, "Actual Rows": 15, "Actual Loops": 1, "Inner Unique": false, "Merge Cond": "(chn.id = ci.person_role_id)", "Plans": [{"Node Type": "Index Scan", "Parent Relationship": "Outer", "Scan Direction": "Forward", "Index Name": "char_name_pkey", "Relation Name": "char_name", "Alias": "chn", "Startup Cost": 10000000000.0, "Total Cost": 1000012987545.51, "Plan Rows": 3140338, "Plan Width": 20, "Actual Startup Time": 0.019, "Actual Total Time": 972.751, "Actual Rows": 881591, "Actual Loops": 1}, {"Node Type": "Index Scan", "Parent Relationship": "Inner", "Scan Direction": "Forward", "Index Name": "person_role_id_cast_info", "Relation Name": "cast_info", "Alias": "ci", "Startup Cost": 10000000000.0, "Total Cost": 1000202250807.98, "Plan Rows": 1436424, "Plan Width": 12, "Actual Startup Time": 154.232, "Actual Total Time": 17210.13, "Actual Rows": 16, "Actual Loops": 1, "Filter": "((note)::text ~~ '%(producer)%'::text), (LLVM Optimized, Jit Execute)", "Rows Removed by Filter": 20122645}]}]}]}]}]}]}]}]}]}]}, "Triggers": [], "Planner Runtime": 44.606, "Total Runtime": 25430.009, "Unique SQL Id": 3145361615}}, "(1, 96)": {"explain_plan": {"Plan": {"Node Type": "Aggregate", "Strategy": "Plain", "Startup Cost": 1041361.98, "Total Cost": 1041361.99, "Plan Rows": 1, "Plan Width": 97, "Plans": [{"Node Type": "Hash Join", "Parent Relationship": "Outer", "Join Type": "Inner", "Startup Cost": 930928.48, "Total Cost": 1036514.92, "Plan Rows": 969413, "Plan Width": 33, "Inner Unique": true, "Hash Cond": "(ci.role_id = rt.id), (LLVM Optimized)", "Plans": [{"Node Type": "Hash Join", "Parent Relationship": "Outer", "Join Type": "Inner", "Startup Cost": 930927.21, "Total Cost": 1023184.22, "Plan Rows": 969413, "Plan Width": 37, "Inner Unique": true, "Hash Cond": "(mc.company_type_id = ct.id), (LLVM Optimized)", "Plans": [{"Node Type": "Hash Join", "Parent Relationship": "Outer", "Join Type": "Inner", "Startup Cost": 930926.14, "Total Cost": 1009853.72, "Plan Rows": 969413, "Plan Width": 41, "Inner Unique": false, "Hash Cond": "(mc.movie_id = t.id), (LLVM Optimized)", "Plans": [{"Node Type": "Hash Join", "Parent Relationship": "Outer", "Join Type": "Inner", "Startup Cost": 6968.08, "Total Cost": 71392.69, "Plan Rows": 1282311, "Plan Width": 8, "Inner Unique": true, "Hash Cond": "(mc.company_id = cn.id), (LLVM Optimized)", "Plans": [{"Node Type": "Seq Scan", "Parent Relationship": "Outer", "Relation Name": "movie_companies", "Alias": "mc", "Startup Cost": 0.0, "Total Cost": 41817.28, "Plan Rows": 2609128, "Plan Width": 12}, {"Node Type": "Hash", "Parent Relationship": "Inner", "Startup Cost": 5903.45, "Total Cost": 5903.45, "Plan Rows": 85170, "Plan Width": 4, "Plans": [{"Node Type": "Seq Scan", "Parent Relationship": "Outer", "Relation Name": "company_name", "Alias": "cn", "Startup Cost": 0.0, "Total Cost": 5903.45, "Plan Rows": 85170, "Plan Width": 4, "Filter": "((country_code)::text = '[us]'::text)"}]}]}, {"Node Type": "Hash", "Parent Relationship": "Inner", "Startup Cost": 912029.03, "Total Cost": 912029.03, "Plan Rows": 954323, "Plan Width": 45, "Plans": [{"Node Type": "Hash Join", "Parent Relationship": "Outer", "Join Type": "Inner", "Startup Cost": 194997.99, "Total Cost": 912029.03, "Plan Rows": 954323, "Plan Width": 45, "Inner Unique": true, "Hash Cond": "(ci.movie_id = t.id), (LLVM Optimized)", "Plans": [{"Node Type": "Hash Join", "Parent Relationship": "Outer", "Join Type": "Inner", "Startup Cost": 106747.61, "Total Cost": 811624.17, "Plan Rows": 696330, "Plan Width": 24, "Inner Unique": true, "Hash Cond": "(ci.person_role_id = chn.id), (LLVM Optimized)", "Plans": [{"Node Type": "Seq Scan", "Parent Relationship": "Outer", "Relation Name": "cast_info", "Alias": "ci", "Startup Cost": 0.0, "Total Cost": 692526.68, "Plan Rows": 1436424, "Plan Width": 12, "Filter": "((note)::text ~~ '%(producer)%'::text), (LLVM Optimized)"}, {"Node Type": "Hash", "Parent Relationship": "Inner", "Startup Cost": 67493.38, "Total Cost": 67493.38, "Plan Rows": 3140338, "Plan Width": 20, "Plans": [{"Node Type": "Seq Scan", "Parent Relationship": "Outer", "Relation Name": "char_name", "Alias": "chn", "Startup Cost": 0.0, "Total Cost": 67493.38, "Plan Rows": 3140338, "Plan Width": 20}]}]}, {"Node Type": "Hash", "Parent Relationship": "Inner", "Startup Cost": 66389.89, "Total Cost": 66389.89, "Plan Rows": 1748840, "Plan Width": 21, "Plans": [{"Node Type": "Seq Scan", "Parent Relationship": "Outer", "Relation Name": "title", "Alias": "t", "Startup Cost": 0.0, "Total Cost": 66389.89, "Plan Rows": 1748840, "Plan Width": 21, "Filter": "(production_year > 1990), (LLVM Optimized)"}]}]}]}]}, {"Node Type": "Hash", "Parent Relationship": "Inner", "Startup Cost": 1.03, "Total Cost": 1.03, "Plan Rows": 3, "Plan Width": 4, "Plans": [{"Node Type": "Seq Scan", "Parent Relationship": "Outer", "Relation Name": "company_type", "Alias": "ct", "Startup Cost": 0.0, "Total Cost": 1.03, "Plan Rows": 3, "Plan Width": 4}]}]}, {"Node Type": "Hash", "Parent Relationship": "Inner", "Startup Cost": 1.12, "Total Cost": 1.12, "Plan Rows": 12, "Plan Width": 4, "Plans": [{"Node Type": "Seq Scan", "Parent Relationship": "Outer", "Relation Name": "role_type", "Alias": "rt", "Startup Cost": 0.0, "Total Cost": 1.12, "Plan Rows": 12, "Plan Width": 4}]}]}]}, "Unique SQL Id": 3145361615}, "explain_analyze_plan": {"Plan": {"Node Type": "Aggregate", "Strategy": "Plain", "Startup Cost": 1041361.98, "Total Cost": 1041361.99, "Plan Rows": 1, "Plan Width": 97, "Actual Startup Time": 16188.609, "Actual Total Time": 16188.61, "Actual Rows": 1, "Actual Loops": 1, "Plans": [{"Node Type": "Hash Join", "Parent Relationship": "Outer", "Join Type": "Inner", "Startup Cost": 930928.48, "Total Cost": 1036514.92, "Plan Rows": 969413, "Plan Width": 33, "Actual Startup Time": 15828.872, "Actual Total Time": 16188.552, "Actual Rows": 4, "Actual Loops": 1, "Inner Unique": true, "Hash Cond": "(ci.role_id = rt.id), (LLVM Optimized, Jit Execute)", "Plans": [{"Node Type": "Hash Join", "Parent Relationship": "Outer", "Join Type": "Inner", "Startup Cost": 930927.21, "Total Cost": 1023184.22, "Plan Rows": 969413, "Plan Width": 37, "Actual Startup Time": 15828.776, "Actual Total Time": 16188.441, "Actual Rows": 4, "Actual Loops": 1, "Inner Unique": true, "Hash Cond": "(mc.company_type_id = ct.id), (LLVM Optimized, Jit Execute)", "Plans": [{"Node Type": "Hash Join", "Parent Relationship": "Outer", "Join Type": "Inner", "Startup Cost": 930926.14, "Total Cost": 1009853.72, "Plan Rows": 969413, "Plan Width": 41, "Actual Startup Time": 15005.566, "Actual Total Time": 16188.307, "Actual Rows": 10, "Actual Loops": 1, "Inner Unique": false, "Hash Cond": "(mc.movie_id = t.id), (LLVM Optimized, Jit Execute)", "Plans": [{"Node Type": "Hash Join", "Parent Relationship": "Outer", "Join Type": "Inner", "Startup Cost": 6968.08, "Total Cost": 71392.69, "Plan Rows": 1282311, "Plan Width": 8, "Actual Startup Time": 112.673, "Actual Total Time": 1492.413, "Actual Rows": 1153797, "Actual Loops": 1, "Inner Unique": true, "Hash Cond": "(mc.company_id = cn.id), (LLVM Optimized, Jit Execute)", "Plans": [{"Node Type": "Seq Scan", "Parent Relationship": "Outer", "Relation Name": "movie_companies", "Alias": "mc", "Startup Cost": 0.0, "Total Cost": 41817.28, "Plan Rows": 2609128, "Plan Width": 12, "Actual Startup Time": 0.016, "Actual Total Time": 568.795, "Actual Rows": 2609128, "Actual Loops": 1}, {"Node Type": "Hash", "Parent Relationship": "Inner", "Startup Cost": 5903.45, "Total Cost": 5903.45, "Plan Rows": 85170, "Plan Width": 4, "Actual Startup Time": 112.55, "Actual Total Time": 112.55, "Actual Rows": 84843, "Actual Loops": 1, "Hash Buckets": 131072, "Hash Batches": 1, "Original Hash Batches": 1, "Peak Memory Usage": 2983, "Plans": [{"Node Type": "Seq Scan", "Parent Relationship": "Outer", "Relation Name": "company_name", "Alias": "cn", "Startup Cost": 0.0, "Total Cost": 5903.45, "Plan Rows": 85170, "Plan Width": 4, "Actual Startup Time": 0.027, "Actual Total Time": 89.932, "Actual Rows": 84843, "Actual Loops": 1, "Filter": "((country_code)::text = '[us]'::text)", "Rows Removed by Filter": 150153}]}]}, {"Node Type": "Hash", "Parent Relationship": "Inner", "Startup Cost": 912029.03, "Total Cost": 912029.03, "Plan Rows": 954323, "Plan Width": 45, "Actual Startup Time": 14488.293, "Actual Total Time": 14488.293, "Actual Rows": 12, "Actual Loops": 1, "Hash Buckets": 1048576, "Hash Batches": 1, "Original Hash Batches": 1, "Peak Memory Usage": 1, "Plans": [{"Node Type": "Hash Join", "Parent Relationship": "Outer", "Join Type": "Inner", "Startup Cost": 194997.99, "Total Cost": 912029.03, "Plan Rows": 954323, "Plan Width": 45, "Actual Startup Time": 4529.624, "Actual Total Time": 14488.212, "Actual Rows": 12, "Actual Loops": 1, "Inner Unique": true, "Hash Cond": "(ci.movie_id = t.id), (LLVM Optimized, Jit Execute)", "Plans": [{"Node Type": "Hash Join", "Parent Relationship": "Outer", "Join Type": "Inner", "Startup Cost": 106747.61, "Total Cost": 811624.17, "Plan Rows": 696330, "Plan Width": 24, "Actual Startup Time": 2991.698, "Actual Total Time": 12936.256, "Actual Rows": 15, "Actual Loops": 1, "Inner Unique": true, "Hash Cond": "(ci.person_role_id = chn.id), (LLVM Optimized, Jit Execute)", "Plans": [{"Node Type": "Seq Scan", "Parent Relationship": "Outer", "Relation Name": "cast_info", "Alias": "ci", "Startup Cost": 0.0, "Total Cost": 692526.68, "Plan Rows": 1436424, "Plan Width": 12, "Actual Startup Time": 689.018, "Actual Total Time": 10483.608, "Actual Rows": 1435439, "Actual Loops": 1, "Filter": "((note)::text ~~ '%(producer)%'::text), (LLVM Optimized, Jit Execute)", "Rows Removed by Filter": 34808904}, {"Node Type": "Hash", "Parent Relationship": "Inner", "Startup Cost": 67493.38, "Total Cost": 67493.38, "Plan Rows": 3140338, "Plan Width": 20, "Actual Startup Time": 2297.894, "Actual Total Time": 2297.894, "Actual Rows": 3140338, "Actual Loops": 1, "Hash Buckets": 4194304, "Hash Batches": 1, "Original Hash Batches": 1, "Peak Memory Usage": 165269, "Plans": [{"Node Type": "Seq Scan", "Parent Relationship": "Outer", "Relation Name": "char_name", "Alias": "chn", "Startup Cost": 0.0, "Total Cost": 67493.38, "Plan Rows": 3140338, "Plan Width": 20, "Actual Startup Time": 0.047, "Actual Total Time": 983.534, "Actual Rows": 3140338, "Actual Loops": 1}]}]}, {"Node Type": "Hash", "Parent Relationship": "Inner", "Startup Cost": 66389.89, "Total Cost": 66389.89, "Plan Rows": 1748840, "Plan Width": 21, "Actual Startup Time": 1536.691, "Actual Total Time": 1536.691, "Actual Rows": 1749032, "Actual Loops": 1, "Hash Buckets": 2097152, "Hash Batches": 1, "Original Hash Batches": 1, "Peak Memory Usage": 93635, "Plans": [{"Node Type": "Seq Scan", "Parent Relationship": "Outer", "Relation Name": "title", "Alias": "t", "Startup Cost": 0.0, "Total Cost": 66389.89, "Plan Rows": 1748840, "Plan Width": 21, "Actual Startup Time": 0.032, "Actual Total Time": 903.509, "Actual Rows": 1749032, "Actual Loops": 1, "Filter": "(production_year > 1990), (LLVM Optimized, Jit Execute)", "Rows Removed by Filter": 779279}]}]}]}]}, {"Node Type": "Hash", "Parent Relationship": "Inner", "Startup Cost": 1.03, "Total Cost": 1.03, "Plan Rows": 3, "Plan Width": 4, "Actual Startup Time": 0.007, "Actual Total Time": 0.007, "Actual Rows": 3, "Actual Loops": 1, "Hash Buckets": 32768, "Hash Batches": 1, "Original Hash Batches": 1, "Peak Memory Usage": 1, "Plans": [{"Node Type": "Seq Scan", "Parent Relationship": "Outer", "Relation Name": "company_type", "Alias": "ct", "Startup Cost": 0.0, "Total Cost": 1.03, "Plan Rows": 3, "Plan Width": 4, "Actual Startup Time": 0.003, "Actual Total Time": 0.003, "Actual Rows": 3, "Actual Loops": 1}]}]}, {"Node Type": "Hash", "Parent Relationship": "Inner", "Startup Cost": 1.12, "Total Cost": 1.12, "Plan Rows": 12, "Plan Width": 4, "Actual Startup Time": 0.039, "Actual Total Time": 0.039, "Actual Rows": 12, "Actual Loops": 1, "Hash Buckets": 32768, "Hash Batches": 1, "Original Hash Batches": 1, "Peak Memory Usage": 1, "Plans": [{"Node Type": "Seq Scan", "Parent Relationship": "Outer", "Relation Name": "role_type", "Alias": "rt", "Startup Cost": 0.0, "Total Cost": 1.12, "Plan Rows": 12, "Plan Width": 4, "Actual Startup Time": 0.018, "Actual Total Time": 0.024, "Actual Rows": 12, "Actual Loops": 1}]}]}]}, "Triggers": [], "Planner Runtime": 41.396, "Total Runtime": 16199.863, "Unique SQL Id": 3145361615}}, "(1, 97)": {"explain_plan": {"Plan": {"Node Type": "Aggregate", "Strategy": "Plain", "Startup Cost": 1734929.7, "Total Cost": 1734929.71, "Plan Rows": 1, "Plan Width": 97, "Plans": [{"Node Type": "Hash Join", "Parent Relationship": "Outer", "Join Type": "Inner", "Startup Cost": 319014.37, "Total Cost": 1730082.63, "Plan Rows": 969413, "Plan Width": 33, "Inner Unique": true, "Hash Cond": "(mc.movie_id = t.id), (LLVM Optimized)", "Plans": [{"Node Type": "Hash Join", "Parent Relationship": "Outer", "Join Type": "Inner", "Startup Cost": 180712.61, "Total Cost": 1579462.74, "Plan Rows": 699731, "Plan Width": 24, "Inner Unique": true, "Hash Cond": "(ci.role_id = rt.id), (LLVM Optimized)", "Plans": [{"Node Type": "Hash Join", "Parent Relationship": "Outer", "Join Type": "Inner", "Startup Cost": 180704.03, "Total Cost": 1569832.86, "Plan Rows": 699731, "Plan Width": 28, "Inner Unique": true, "Hash Cond": "(mc.company_type_id = ct.id), (LLVM Optimized)", "Plans": [{"Node Type": "Hash Join", "Parent Relationship": "Outer", "Join Type": "Inner", "Startup Cost": 180695.69, "Total Cost": 1560203.23, "Plan Rows": 699731, "Plan Width": 32, "Inner Unique": true, "Hash Cond": "(ci.person_role_id = chn.id), (LLVM Optimized)", "Plans": [{"Node Type": "Nested Loop", "Parent Relationship": "Outer", "Join Type": "Inner", "Startup Cost": 11566.01, "Total Cost": 1378663.33, "Plan Rows": 1443440, "Plan Width": 20, "Inner Unique": false, "Plans": [{"Node Type": "Hash Join", "Parent Relationship": "Outer", "Join Type": "Inner", "Startup Cost": 11566.01, "Total Cost": 127355.52, "Plan Rows": 1282311, "Plan Width": 8, "Inner Unique": true, "Hash Cond": "(mc.company_id = cn.id), (LLVM Optimized)", "Plans": [{"Node Type": "Index Scan", "Parent Relationship": "Outer", "Scan Direction": "Forward", "Index Name": "company_type_id_movie_companies", "Relation Name": "movie_companies", "Alias": "mc", "Startup Cost": 0.0, "Total Cost": 93182.17, "Plan Rows": 2609128, "Plan Width": 12}, {"Node Type": "Hash", "Parent Relationship": "Inner", "Startup Cost": 10501.39, "Total Cost": 10501.39, "Plan Rows": 85170, "Plan Width": 4, "Plans": [{"Node Type": "Index Scan", "Parent Relationship": "Outer", "Scan Direction": "Forward", "Index Name": "company_name_pkey", "Relation Name": "company_name", "Alias": "cn", "Startup Cost": 0.0, "Total Cost": 10501.39, "Plan Rows": 85170, "Plan Width": 4, "Filter": "((country_code)::text = '[us]'::text)"}]}]}, {"Node Type": "Index Scan", "Parent Relationship": "Inner", "Scan Direction": "Forward", "Index Name": "movie_id_cast_info", "Relation Name": "cast_info", "Alias": "ci", "Startup Cost": 0.0, "Total Cost": 0.97, "Plan Rows": 1, "Plan Width": 12, "Index Cond": "(movie_id = mc.movie_id)", "Filter": "((note)::text ~~ '%(producer)%'::text)"}]}, {"Node Type": "Hash", "Parent Relationship": "Inner", "Startup Cost": 129875.46, "Total Cost": 129875.46, "Plan Rows": 3140338, "Plan Width": 20, "Plans": [{"Node Type": "Index Scan", "Parent Relationship": "Outer", "Scan Direction": "Forward", "Index Name": "char_name_pkey", "Relation Name": "char_name", "Alias": "chn", "Startup Cost": 0.0, "Total Cost": 129875.46, "Plan Rows": 3140338, "Plan Width": 20}]}]}, {"Node Type": "Hash", "Parent Relationship": "Inner", "Startup Cost": 8.29, "Total Cost": 8.29, "Plan Rows": 3, "Plan Width": 4, "Plans": [{"Node Type": "Index Only Scan", "Parent Relationship": "Outer", "Scan Direction": "Forward", "Index Name": "company_type_pkey", "Relation Name": "company_type", "Alias": "ct", "Startup Cost": 0.0, "Total Cost": 8.29, "Plan Rows": 3, "Plan Width": 4}]}]}, {"Node Type": "Hash", "Parent Relationship": "Inner", "Startup Cost": 8.43, "Total Cost": 8.43, "Plan Rows": 12, "Plan Width": 4, "Plans": [{"Node Type": "Index Only Scan", "Parent Relationship": "Outer", "Scan Direction": "Forward", "Index Name": "role_type_pkey", "Relation Name": "role_type", "Alias": "rt", "Startup Cost": 0.0, "Total Cost": 8.43, "Plan Rows": 12, "Plan Width": 4}]}]}, {"Node Type": "Hash", "Parent Relationship": "Inner", "Startup Cost": 116441.27, "Total Cost": 116441.27, "Plan Rows": 1748840, "Plan Width": 21, "Plans": [{"Node Type": "Index Scan", "Parent Relationship": "Outer", "Scan Direction": "Forward", "Index Name": "title_pkey", "Relation Name": "title", "Alias": "t", "Startup Cost": 0.0, "Total Cost": 116441.27, "Plan Rows": 1748840, "Plan Width": 21, "Filter": "(production_year > 1990), (LLVM Optimized)"}]}]}]}, "Unique SQL Id": 3145361615}, "explain_analyze_plan": null}, "(1, 98)": {"explain_plan": {"Plan": {"Node Type": "Aggregate", "Strategy": "Plain", "Startup Cost": 1041361.98, "Total Cost": 1041361.99, "Plan Rows": 1, "Plan Width": 97, "Plans": [{"Node Type": "Hash Join", "Parent Relationship": "Outer", "Join Type": "Inner", "Startup Cost": 930928.48, "Total Cost": 1036514.92, "Plan Rows": 969413, "Plan Width": 33, "Inner Unique": true, "Hash Cond": "(ci.role_id = rt.id), (LLVM Optimized)", "Plans": [{"Node Type": "Hash Join", "Parent Relationship": "Outer", "Join Type": "Inner", "Startup Cost": 930927.21, "Total Cost": 1023184.22, "Plan Rows": 969413, "Plan Width": 37, "Inner Unique": true, "Hash Cond": "(mc.company_type_id = ct.id), (LLVM Optimized)", "Plans": [{"Node Type": "Hash Join", "Parent Relationship": "Outer", "Join Type": "Inner", "Startup Cost": 930926.14, "Total Cost": 1009853.72, "Plan Rows": 969413, "Plan Width": 41, "Inner Unique": false, "Hash Cond": "(mc.movie_id = t.id), (LLVM Optimized)", "Plans": [{"Node Type": "Hash Join", "Parent Relationship": "Outer", "Join Type": "Inner", "Startup Cost": 6968.08, "Total Cost": 71392.69, "Plan Rows": 1282311, "Plan Width": 8, "Inner Unique": true, "Hash Cond": "(mc.company_id = cn.id), (LLVM Optimized)", "Plans": [{"Node Type": "Seq Scan", "Parent Relationship": "Outer", "Relation Name": "movie_companies", "Alias": "mc", "Startup Cost": 0.0, "Total Cost": 41817.28, "Plan Rows": 2609128, "Plan Width": 12}, {"Node Type": "Hash", "Parent Relationship": "Inner", "Startup Cost": 5903.45, "Total Cost": 5903.45, "Plan Rows": 85170, "Plan Width": 4, "Plans": [{"Node Type": "Seq Scan", "Parent Relationship": "Outer", "Relation Name": "company_name", "Alias": "cn", "Startup Cost": 0.0, "Total Cost": 5903.45, "Plan Rows": 85170, "Plan Width": 4, "Filter": "((country_code)::text = '[us]'::text)"}]}]}, {"Node Type": "Hash", "Parent Relationship": "Inner", "Startup Cost": 912029.03, "Total Cost": 912029.03, "Plan Rows": 954323, "Plan Width": 45, "Plans": [{"Node Type": "Hash Join", "Parent Relationship": "Outer", "Join Type": "Inner", "Startup Cost": 194997.99, "Total Cost": 912029.03, "Plan Rows": 954323, "Plan Width": 45, "Inner Unique": true, "Hash Cond": "(ci.movie_id = t.id), (LLVM Optimized)", "Plans": [{"Node Type": "Hash Join", "Parent Relationship": "Outer", "Join Type": "Inner", "Startup Cost": 106747.61, "Total Cost": 811624.17, "Plan Rows": 696330, "Plan Width": 24, "Inner Unique": true, "Hash Cond": "(ci.person_role_id = chn.id), (LLVM Optimized)", "Plans": [{"Node Type": "Seq Scan", "Parent Relationship": "Outer", "Relation Name": "cast_info", "Alias": "ci", "Startup Cost": 0.0, "Total Cost": 692526.68, "Plan Rows": 1436424, "Plan Width": 12, "Filter": "((note)::text ~~ '%(producer)%'::text), (LLVM Optimized)"}, {"Node Type": "Hash", "Parent Relationship": "Inner", "Startup Cost": 67493.38, "Total Cost": 67493.38, "Plan Rows": 3140338, "Plan Width": 20, "Plans": [{"Node Type": "Seq Scan", "Parent Relationship": "Outer", "Relation Name": "char_name", "Alias": "chn", "Startup Cost": 0.0, "Total Cost": 67493.38, "Plan Rows": 3140338, "Plan Width": 20}]}]}, {"Node Type": "Hash", "Parent Relationship": "Inner", "Startup Cost": 66389.89, "Total Cost": 66389.89, "Plan Rows": 1748840, "Plan Width": 21, "Plans": [{"Node Type": "Seq Scan", "Parent Relationship": "Outer", "Relation Name": "title", "Alias": "t", "Startup Cost": 0.0, "Total Cost": 66389.89, "Plan Rows": 1748840, "Plan Width": 21, "Filter": "(production_year > 1990), (LLVM Optimized)"}]}]}]}]}, {"Node Type": "Hash", "Parent Relationship": "Inner", "Startup Cost": 1.03, "Total Cost": 1.03, "Plan Rows": 3, "Plan Width": 4, "Plans": [{"Node Type": "Seq Scan", "Parent Relationship": "Outer", "Relation Name": "company_type", "Alias": "ct", "Startup Cost": 0.0, "Total Cost": 1.03, "Plan Rows": 3, "Plan Width": 4}]}]}, {"Node Type": "Hash", "Parent Relationship": "Inner", "Startup Cost": 1.12, "Total Cost": 1.12, "Plan Rows": 12, "Plan Width": 4, "Plans": [{"Node Type": "Seq Scan", "Parent Relationship": "Outer", "Relation Name": "role_type", "Alias": "rt", "Startup Cost": 0.0, "Total Cost": 1.12, "Plan Rows": 12, "Plan Width": 4}]}]}]}, "Unique SQL Id": 3145361615}, "explain_analyze_plan": {"Plan": {"Node Type": "Aggregate", "Strategy": "Plain", "Startup Cost": 1041361.98, "Total Cost": 1041361.99, "Plan Rows": 1, "Plan Width": 97, "Actual Startup Time": 16188.609, "Actual Total Time": 16188.61, "Actual Rows": 1, "Actual Loops": 1, "Plans": [{"Node Type": "Hash Join", "Parent Relationship": "Outer", "Join Type": "Inner", "Startup Cost": 930928.48, "Total Cost": 1036514.92, "Plan Rows": 969413, "Plan Width": 33, "Actual Startup Time": 15828.872, "Actual Total Time": 16188.552, "Actual Rows": 4, "Actual Loops": 1, "Inner Unique": true, "Hash Cond": "(ci.role_id = rt.id), (LLVM Optimized, Jit Execute)", "Plans": [{"Node Type": "Hash Join", "Parent Relationship": "Outer", "Join Type": "Inner", "Startup Cost": 930927.21, "Total Cost": 1023184.22, "Plan Rows": 969413, "Plan Width": 37, "Actual Startup Time": 15828.776, "Actual Total Time": 16188.441, "Actual Rows": 4, "Actual Loops": 1, "Inner Unique": true, "Hash Cond": "(mc.company_type_id = ct.id), (LLVM Optimized, Jit Execute)", "Plans": [{"Node Type": "Hash Join", "Parent Relationship": "Outer", "Join Type": "Inner", "Startup Cost": 930926.14, "Total Cost": 1009853.72, "Plan Rows": 969413, "Plan Width": 41, "Actual Startup Time": 15005.566, "Actual Total Time": 16188.307, "Actual Rows": 10, "Actual Loops": 1, "Inner Unique": false, "Hash Cond": "(mc.movie_id = t.id), (LLVM Optimized, Jit Execute)", "Plans": [{"Node Type": "Hash Join", "Parent Relationship": "Outer", "Join Type": "Inner", "Startup Cost": 6968.08, "Total Cost": 71392.69, "Plan Rows": 1282311, "Plan Width": 8, "Actual Startup Time": 112.673, "Actual Total Time": 1492.413, "Actual Rows": 1153797, "Actual Loops": 1, "Inner Unique": true, "Hash Cond": "(mc.company_id = cn.id), (LLVM Optimized, Jit Execute)", "Plans": [{"Node Type": "Seq Scan", "Parent Relationship": "Outer", "Relation Name": "movie_companies", "Alias": "mc", "Startup Cost": 0.0, "Total Cost": 41817.28, "Plan Rows": 2609128, "Plan Width": 12, "Actual Startup Time": 0.016, "Actual Total Time": 568.795, "Actual Rows": 2609128, "Actual Loops": 1}, {"Node Type": "Hash", "Parent Relationship": "Inner", "Startup Cost": 5903.45, "Total Cost": 5903.45, "Plan Rows": 85170, "Plan Width": 4, "Actual Startup Time": 112.55, "Actual Total Time": 112.55, "Actual Rows": 84843, "Actual Loops": 1, "Hash Buckets": 131072, "Hash Batches": 1, "Original Hash Batches": 1, "Peak Memory Usage": 2983, "Plans": [{"Node Type": "Seq Scan", "Parent Relationship": "Outer", "Relation Name": "company_name", "Alias": "cn", "Startup Cost": 0.0, "Total Cost": 5903.45, "Plan Rows": 85170, "Plan Width": 4, "Actual Startup Time": 0.027, "Actual Total Time": 89.932, "Actual Rows": 84843, "Actual Loops": 1, "Filter": "((country_code)::text = '[us]'::text)", "Rows Removed by Filter": 150153}]}]}, {"Node Type": "Hash", "Parent Relationship": "Inner", "Startup Cost": 912029.03, "Total Cost": 912029.03, "Plan Rows": 954323, "Plan Width": 45, "Actual Startup Time": 14488.293, "Actual Total Time": 14488.293, "Actual Rows": 12, "Actual Loops": 1, "Hash Buckets": 1048576, "Hash Batches": 1, "Original Hash Batches": 1, "Peak Memory Usage": 1, "Plans": [{"Node Type": "Hash Join", "Parent Relationship": "Outer", "Join Type": "Inner", "Startup Cost": 194997.99, "Total Cost": 912029.03, "Plan Rows": 954323, "Plan Width": 45, "Actual Startup Time": 4529.624, "Actual Total Time": 14488.212, "Actual Rows": 12, "Actual Loops": 1, "Inner Unique": true, "Hash Cond": "(ci.movie_id = t.id), (LLVM Optimized, Jit Execute)", "Plans": [{"Node Type": "Hash Join", "Parent Relationship": "Outer", "Join Type": "Inner", "Startup Cost": 106747.61, "Total Cost": 811624.17, "Plan Rows": 696330, "Plan Width": 24, "Actual Startup Time": 2991.698, "Actual Total Time": 12936.256, "Actual Rows": 15, "Actual Loops": 1, "Inner Unique": true, "Hash Cond": "(ci.person_role_id = chn.id), (LLVM Optimized, Jit Execute)", "Plans": [{"Node Type": "Seq Scan", "Parent Relationship": "Outer", "Relation Name": "cast_info", "Alias": "ci", "Startup Cost": 0.0, "Total Cost": 692526.68, "Plan Rows": 1436424, "Plan Width": 12, "Actual Startup Time": 689.018, "Actual Total Time": 10483.608, "Actual Rows": 1435439, "Actual Loops": 1, "Filter": "((note)::text ~~ '%(producer)%'::text), (LLVM Optimized, Jit Execute)", "Rows Removed by Filter": 34808904}, {"Node Type": "Hash", "Parent Relationship": "Inner", "Startup Cost": 67493.38, "Total Cost": 67493.38, "Plan Rows": 3140338, "Plan Width": 20, "Actual Startup Time": 2297.894, "Actual Total Time": 2297.894, "Actual Rows": 3140338, "Actual Loops": 1, "Hash Buckets": 4194304, "Hash Batches": 1, "Original Hash Batches": 1, "Peak Memory Usage": 165269, "Plans": [{"Node Type": "Seq Scan", "Parent Relationship": "Outer", "Relation Name": "char_name", "Alias": "chn", "Startup Cost": 0.0, "Total Cost": 67493.38, "Plan Rows": 3140338, "Plan Width": 20, "Actual Startup Time": 0.047, "Actual Total Time": 983.534, "Actual Rows": 3140338, "Actual Loops": 1}]}]}, {"Node Type": "Hash", "Parent Relationship": "Inner", "Startup Cost": 66389.89, "Total Cost": 66389.89, "Plan Rows": 1748840, "Plan Width": 21, "Actual Startup Time": 1536.691, "Actual Total Time": 1536.691, "Actual Rows": 1749032, "Actual Loops": 1, "Hash Buckets": 2097152, "Hash Batches": 1, "Original Hash Batches": 1, "Peak Memory Usage": 93635, "Plans": [{"Node Type": "Seq Scan", "Parent Relationship": "Outer", "Relation Name": "title", "Alias": "t", "Startup Cost": 0.0, "Total Cost": 66389.89, "Plan Rows": 1748840, "Plan Width": 21, "Actual Startup Time": 0.032, "Actual Total Time": 903.509, "Actual Rows": 1749032, "Actual Loops": 1, "Filter": "(production_year > 1990), (LLVM Optimized, Jit Execute)", "Rows Removed by Filter": 779279}]}]}]}]}, {"Node Type": "Hash", "Parent Relationship": "Inner", "Startup Cost": 1.03, "Total Cost": 1.03, "Plan Rows": 3, "Plan Width": 4, "Actual Startup Time": 0.007, "Actual Total Time": 0.007, "Actual Rows": 3, "Actual Loops": 1, "Hash Buckets": 32768, "Hash Batches": 1, "Original Hash Batches": 1, "Peak Memory Usage": 1, "Plans": [{"Node Type": "Seq Scan", "Parent Relationship": "Outer", "Relation Name": "company_type", "Alias": "ct", "Startup Cost": 0.0, "Total Cost": 1.03, "Plan Rows": 3, "Plan Width": 4, "Actual Startup Time": 0.003, "Actual Total Time": 0.003, "Actual Rows": 3, "Actual Loops": 1}]}]}, {"Node Type": "Hash", "Parent Relationship": "Inner", "Startup Cost": 1.12, "Total Cost": 1.12, "Plan Rows": 12, "Plan Width": 4, "Actual Startup Time": 0.039, "Actual Total Time": 0.039, "Actual Rows": 12, "Actual Loops": 1, "Hash Buckets": 32768, "Hash Batches": 1, "Original Hash Batches": 1, "Peak Memory Usage": 1, "Plans": [{"Node Type": "Seq Scan", "Parent Relationship": "Outer", "Relation Name": "role_type", "Alias": "rt", "Startup Cost": 0.0, "Total Cost": 1.12, "Plan Rows": 12, "Plan Width": 4, "Actual Startup Time": 0.018, "Actual Total Time": 0.024, "Actual Rows": 12, "Actual Loops": 1}]}]}]}, "Triggers": [], "Planner Runtime": 41.396, "Total Runtime": 16199.863, "Unique SQL Id": 3145361615}}, "(1, 99)": {"explain_plan": {"Plan": {"Node Type": "Aggregate", "Strategy": "Plain", "Startup Cost": 1000042785415.19, "Total Cost": 1000042785415.2, "Plan Rows": 1, "Plan Width": 97, "Plans": [{"Node Type": "Nested Loop", "Parent Relationship": "Outer", "Join Type": "Inner", "Startup Cost": 10000000001.85, "Total Cost": 1000042780568.12, "Plan Rows": 969413, "Plan Width": 33, "Inner Unique": true, "Plans": [{"Node Type": "Nested Loop", "Parent Relationship": "Outer", "Join Type": "Inner", "Startup Cost": 10000000001.59, "Total Cost": 1000038631235.16, "Plan Rows": 969413, "Plan Width": 37, "Inner Unique": true, "Plans": [{"Node Type": "Nested Loop", "Parent Relationship": "Outer", "Join Type": "Inner", "Startup Cost": 10000000001.32, "Total Cost": 1000035624536.13, "Plan Rows": 699731, "Plan Width": 28, "Inner Unique": true, "Plans": [{"Node Type": "Nested Loop", "Parent Relationship": "Outer", "Join Type": "Inner", "Startup Cost": 10000000001.06, "Total Cost": 1000032629508.62, "Plan Rows": 699731, "Plan Width": 32, "Inner Unique": true, "Plans": [{"Node Type": "Nested Loop", "Parent Relationship": "Outer", "Join Type": "Inner", "Startup Cost": 10000000000.77, "Total Cost": 1000026404533.61, "Plan Rows": 1443440, "Plan Width": 20, "Inner Unique": false, "Plans": [{"Node Type": "Nested Loop", "Parent Relationship": "Outer", "Join Type": "Inner", "Startup Cost": 10000000000.26, "Total Cost": 1000020494063.94, "Plan Rows": 1282311, "Plan Width": 8, "Inner Unique": true, "Plans": [{"Node Type": "Index Scan", "Parent Relationship": "Outer", "Scan Direction": "Forward", "Index Name": "company_type_id_movie_companies", "Relation Name": "movie_companies", "Alias": "mc", "Startup Cost": 10000000000.0, "Total Cost": 1000009318217.0, "Plan Rows": 2609128, "Plan Width": 12}, {"Node Type": "Bitmap Heap Scan", "Parent Relationship": "Inner", "Relation Name": "company_name", "Alias": "cn", "Startup Cost": 0.26, "Total Cost": 4.27, "Plan Rows": 1, "Plan Width": 4, "Recheck Cond": "(id = mc.company_id)", "Filter": "((country_code)::text = '[us]'::text)", "Plans": [{"Node Type": "Bitmap Index Scan", "Parent Relationship": "Outer", "Index Name": "company_name_pkey", "Startup Cost": 0.0, "Total Cost": 0.26, "Plan Rows": 1, "Plan Width": 0, "Index Cond": "(id = mc.company_id)"}]}]}, {"Node Type": "Bitmap Heap Scan", "Parent Relationship": "Inner", "Relation Name": "cast_info", "Alias": "ci", "Startup Cost": 0.51, "Total Cost": 4.6, "Plan Rows": 1, "Plan Width": 12, "Recheck Cond": "(movie_id = mc.movie_id)", "Filter": "((note)::text ~~ '%(producer)%'::text)", "Plans": [{"Node Type": "Bitmap Index Scan", "Parent Relationship": "Outer", "Index Name": "movie_id_cast_info", "Startup Cost": 0.0, "Total Cost": 0.51, "Plan Rows": 6, "Plan Width": 0, "Index Cond": "(movie_id = mc.movie_id)"}]}]}, {"Node Type": "Bitmap Heap Scan", "Parent Relationship": "Inner", "Relation Name": "char_name", "Alias": "chn", "Startup Cost": 0.29, "Total Cost": 4.3, "Plan Rows": 1, "Plan Width": 20, "Recheck Cond": "(id = ci.person_role_id)", "Plans": [{"Node Type": "Bitmap Index Scan", "Parent Relationship": "Outer", "Index Name": "char_name_pkey", "Startup Cost": 0.0, "Total Cost": 0.29, "Plan Rows": 1, "Plan Width": 0, "Index Cond": "(id = ci.person_role_id)"}]}]}, {"Node Type": "Bitmap Heap Scan", "Parent Relationship": "Inner", "Relation Name": "role_type", "Alias": "rt", "Startup Cost": 0.26, "Total Cost": 4.27, "Plan Rows": 1, "Plan Width": 4, "Recheck Cond": "(id = ci.role_id)", "Plans": [{"Node Type": "Bitmap Index Scan", "Parent Relationship": "Outer", "Index Name": "role_type_pkey", "Startup Cost": 0.0, "Total Cost": 0.26, "Plan Rows": 1, "Plan Width": 0, "Index Cond": "(id = ci.role_id)"}]}]}, {"Node Type": "Bitmap Heap Scan", "Parent Relationship": "Inner", "Relation Name": "title", "Alias": "t", "Startup Cost": 0.27, "Total Cost": 4.29, "Plan Rows": 1, "Plan Width": 21, "Recheck Cond": "(id = mc.movie_id)", "Filter": "(production_year > 1990)", "Plans": [{"Node Type": "Bitmap Index Scan", "Parent Relationship": "Outer", "Index Name": "title_pkey", "Startup Cost": 0.0, "Total Cost": 0.27, "Plan Rows": 1, "Plan Width": 0, "Index Cond": "(id = mc.movie_id)"}]}]}, {"Node Type": "Bitmap Heap Scan", "Parent Relationship": "Inner", "Relation Name": "company_type", "Alias": "ct", "Startup Cost": 0.26, "Total Cost": 4.27, "Plan Rows": 1, "Plan Width": 4, "Recheck Cond": "(id = mc.company_type_id)", "Plans": [{"Node Type": "Bitmap Index Scan", "Parent Relationship": "Outer", "Index Name": "company_type_pkey", "Startup Cost": 0.0, "Total Cost": 0.26, "Plan Rows": 1, "Plan Width": 0, "Index Cond": "(id = mc.company_type_id)"}]}]}]}, "Unique SQL Id": 3145361615}, "explain_analyze_plan": null}, "(1, 100)": {"explain_plan": {"Plan": {"Node Type": "Aggregate", "Strategy": "Plain", "Startup Cost": 1041361.98, "Total Cost": 1041361.99, "Plan Rows": 1, "Plan Width": 97, "Plans": [{"Node Type": "Hash Join", "Parent Relationship": "Outer", "Join Type": "Inner", "Startup Cost": 930928.48, "Total Cost": 1036514.92, "Plan Rows": 969413, "Plan Width": 33, "Inner Unique": true, "Hash Cond": "(ci.role_id = rt.id), (LLVM Optimized)", "Plans": [{"Node Type": "Hash Join", "Parent Relationship": "Outer", "Join Type": "Inner", "Startup Cost": 930927.21, "Total Cost": 1023184.22, "Plan Rows": 969413, "Plan Width": 37, "Inner Unique": true, "Hash Cond": "(mc.company_type_id = ct.id), (LLVM Optimized)", "Plans": [{"Node Type": "Hash Join", "Parent Relationship": "Outer", "Join Type": "Inner", "Startup Cost": 930926.14, "Total Cost": 1009853.72, "Plan Rows": 969413, "Plan Width": 41, "Inner Unique": false, "Hash Cond": "(mc.movie_id = t.id), (LLVM Optimized)", "Plans": [{"Node Type": "Hash Join", "Parent Relationship": "Outer", "Join Type": "Inner", "Startup Cost": 6968.08, "Total Cost": 71392.69, "Plan Rows": 1282311, "Plan Width": 8, "Inner Unique": true, "Hash Cond": "(mc.company_id = cn.id), (LLVM Optimized)", "Plans": [{"Node Type": "Seq Scan", "Parent Relationship": "Outer", "Relation Name": "movie_companies", "Alias": "mc", "Startup Cost": 0.0, "Total Cost": 41817.28, "Plan Rows": 2609128, "Plan Width": 12}, {"Node Type": "Hash", "Parent Relationship": "Inner", "Startup Cost": 5903.45, "Total Cost": 5903.45, "Plan Rows": 85170, "Plan Width": 4, "Plans": [{"Node Type": "Seq Scan", "Parent Relationship": "Outer", "Relation Name": "company_name", "Alias": "cn", "Startup Cost": 0.0, "Total Cost": 5903.45, "Plan Rows": 85170, "Plan Width": 4, "Filter": "((country_code)::text = '[us]'::text)"}]}]}, {"Node Type": "Hash", "Parent Relationship": "Inner", "Startup Cost": 912029.03, "Total Cost": 912029.03, "Plan Rows": 954323, "Plan Width": 45, "Plans": [{"Node Type": "Hash Join", "Parent Relationship": "Outer", "Join Type": "Inner", "Startup Cost": 194997.99, "Total Cost": 912029.03, "Plan Rows": 954323, "Plan Width": 45, "Inner Unique": true, "Hash Cond": "(ci.movie_id = t.id), (LLVM Optimized)", "Plans": [{"Node Type": "Hash Join", "Parent Relationship": "Outer", "Join Type": "Inner", "Startup Cost": 106747.61, "Total Cost": 811624.17, "Plan Rows": 696330, "Plan Width": 24, "Inner Unique": true, "Hash Cond": "(ci.person_role_id = chn.id), (LLVM Optimized)", "Plans": [{"Node Type": "Seq Scan", "Parent Relationship": "Outer", "Relation Name": "cast_info", "Alias": "ci", "Startup Cost": 0.0, "Total Cost": 692526.68, "Plan Rows": 1436424, "Plan Width": 12, "Filter": "((note)::text ~~ '%(producer)%'::text), (LLVM Optimized)"}, {"Node Type": "Hash", "Parent Relationship": "Inner", "Startup Cost": 67493.38, "Total Cost": 67493.38, "Plan Rows": 3140338, "Plan Width": 20, "Plans": [{"Node Type": "Seq Scan", "Parent Relationship": "Outer", "Relation Name": "char_name", "Alias": "chn", "Startup Cost": 0.0, "Total Cost": 67493.38, "Plan Rows": 3140338, "Plan Width": 20}]}]}, {"Node Type": "Hash", "Parent Relationship": "Inner", "Startup Cost": 66389.89, "Total Cost": 66389.89, "Plan Rows": 1748840, "Plan Width": 21, "Plans": [{"Node Type": "Seq Scan", "Parent Relationship": "Outer", "Relation Name": "title", "Alias": "t", "Startup Cost": 0.0, "Total Cost": 66389.89, "Plan Rows": 1748840, "Plan Width": 21, "Filter": "(production_year > 1990), (LLVM Optimized)"}]}]}]}]}, {"Node Type": "Hash", "Parent Relationship": "Inner", "Startup Cost": 1.03, "Total Cost": 1.03, "Plan Rows": 3, "Plan Width": 4, "Plans": [{"Node Type": "Seq Scan", "Parent Relationship": "Outer", "Relation Name": "company_type", "Alias": "ct", "Startup Cost": 0.0, "Total Cost": 1.03, "Plan Rows": 3, "Plan Width": 4}]}]}, {"Node Type": "Hash", "Parent Relationship": "Inner", "Startup Cost": 1.12, "Total Cost": 1.12, "Plan Rows": 12, "Plan Width": 4, "Plans": [{"Node Type": "Seq Scan", "Parent Relationship": "Outer", "Relation Name": "role_type", "Alias": "rt", "Startup Cost": 0.0, "Total Cost": 1.12, "Plan Rows": 12, "Plan Width": 4}]}]}]}, "Unique SQL Id": 3145361615}, "explain_analyze_plan": {"Plan": {"Node Type": "Aggregate", "Strategy": "Plain", "Startup Cost": 1041361.98, "Total Cost": 1041361.99, "Plan Rows": 1, "Plan Width": 97, "Actual Startup Time": 16188.609, "Actual Total Time": 16188.61, "Actual Rows": 1, "Actual Loops": 1, "Plans": [{"Node Type": "Hash Join", "Parent Relationship": "Outer", "Join Type": "Inner", "Startup Cost": 930928.48, "Total Cost": 1036514.92, "Plan Rows": 969413, "Plan Width": 33, "Actual Startup Time": 15828.872, "Actual Total Time": 16188.552, "Actual Rows": 4, "Actual Loops": 1, "Inner Unique": true, "Hash Cond": "(ci.role_id = rt.id), (LLVM Optimized, Jit Execute)", "Plans": [{"Node Type": "Hash Join", "Parent Relationship": "Outer", "Join Type": "Inner", "Startup Cost": 930927.21, "Total Cost": 1023184.22, "Plan Rows": 969413, "Plan Width": 37, "Actual Startup Time": 15828.776, "Actual Total Time": 16188.441, "Actual Rows": 4, "Actual Loops": 1, "Inner Unique": true, "Hash Cond": "(mc.company_type_id = ct.id), (LLVM Optimized, Jit Execute)", "Plans": [{"Node Type": "Hash Join", "Parent Relationship": "Outer", "Join Type": "Inner", "Startup Cost": 930926.14, "Total Cost": 1009853.72, "Plan Rows": 969413, "Plan Width": 41, "Actual Startup Time": 15005.566, "Actual Total Time": 16188.307, "Actual Rows": 10, "Actual Loops": 1, "Inner Unique": false, "Hash Cond": "(mc.movie_id = t.id), (LLVM Optimized, Jit Execute)", "Plans": [{"Node Type": "Hash Join", "Parent Relationship": "Outer", "Join Type": "Inner", "Startup Cost": 6968.08, "Total Cost": 71392.69, "Plan Rows": 1282311, "Plan Width": 8, "Actual Startup Time": 112.673, "Actual Total Time": 1492.413, "Actual Rows": 1153797, "Actual Loops": 1, "Inner Unique": true, "Hash Cond": "(mc.company_id = cn.id), (LLVM Optimized, Jit Execute)", "Plans": [{"Node Type": "Seq Scan", "Parent Relationship": "Outer", "Relation Name": "movie_companies", "Alias": "mc", "Startup Cost": 0.0, "Total Cost": 41817.28, "Plan Rows": 2609128, "Plan Width": 12, "Actual Startup Time": 0.016, "Actual Total Time": 568.795, "Actual Rows": 2609128, "Actual Loops": 1}, {"Node Type": "Hash", "Parent Relationship": "Inner", "Startup Cost": 5903.45, "Total Cost": 5903.45, "Plan Rows": 85170, "Plan Width": 4, "Actual Startup Time": 112.55, "Actual Total Time": 112.55, "Actual Rows": 84843, "Actual Loops": 1, "Hash Buckets": 131072, "Hash Batches": 1, "Original Hash Batches": 1, "Peak Memory Usage": 2983, "Plans": [{"Node Type": "Seq Scan", "Parent Relationship": "Outer", "Relation Name": "company_name", "Alias": "cn", "Startup Cost": 0.0, "Total Cost": 5903.45, "Plan Rows": 85170, "Plan Width": 4, "Actual Startup Time": 0.027, "Actual Total Time": 89.932, "Actual Rows": 84843, "Actual Loops": 1, "Filter": "((country_code)::text = '[us]'::text)", "Rows Removed by Filter": 150153}]}]}, {"Node Type": "Hash", "Parent Relationship": "Inner", "Startup Cost": 912029.03, "Total Cost": 912029.03, "Plan Rows": 954323, "Plan Width": 45, "Actual Startup Time": 14488.293, "Actual Total Time": 14488.293, "Actual Rows": 12, "Actual Loops": 1, "Hash Buckets": 1048576, "Hash Batches": 1, "Original Hash Batches": 1, "Peak Memory Usage": 1, "Plans": [{"Node Type": "Hash Join", "Parent Relationship": "Outer", "Join Type": "Inner", "Startup Cost": 194997.99, "Total Cost": 912029.03, "Plan Rows": 954323, "Plan Width": 45, "Actual Startup Time": 4529.624, "Actual Total Time": 14488.212, "Actual Rows": 12, "Actual Loops": 1, "Inner Unique": true, "Hash Cond": "(ci.movie_id = t.id), (LLVM Optimized, Jit Execute)", "Plans": [{"Node Type": "Hash Join", "Parent Relationship": "Outer", "Join Type": "Inner", "Startup Cost": 106747.61, "Total Cost": 811624.17, "Plan Rows": 696330, "Plan Width": 24, "Actual Startup Time": 2991.698, "Actual Total Time": 12936.256, "Actual Rows": 15, "Actual Loops": 1, "Inner Unique": true, "Hash Cond": "(ci.person_role_id = chn.id), (LLVM Optimized, Jit Execute)", "Plans": [{"Node Type": "Seq Scan", "Parent Relationship": "Outer", "Relation Name": "cast_info", "Alias": "ci", "Startup Cost": 0.0, "Total Cost": 692526.68, "Plan Rows": 1436424, "Plan Width": 12, "Actual Startup Time": 689.018, "Actual Total Time": 10483.608, "Actual Rows": 1435439, "Actual Loops": 1, "Filter": "((note)::text ~~ '%(producer)%'::text), (LLVM Optimized, Jit Execute)", "Rows Removed by Filter": 34808904}, {"Node Type": "Hash", "Parent Relationship": "Inner", "Startup Cost": 67493.38, "Total Cost": 67493.38, "Plan Rows": 3140338, "Plan Width": 20, "Actual Startup Time": 2297.894, "Actual Total Time": 2297.894, "Actual Rows": 3140338, "Actual Loops": 1, "Hash Buckets": 4194304, "Hash Batches": 1, "Original Hash Batches": 1, "Peak Memory Usage": 165269, "Plans": [{"Node Type": "Seq Scan", "Parent Relationship": "Outer", "Relation Name": "char_name", "Alias": "chn", "Startup Cost": 0.0, "Total Cost": 67493.38, "Plan Rows": 3140338, "Plan Width": 20, "Actual Startup Time": 0.047, "Actual Total Time": 983.534, "Actual Rows": 3140338, "Actual Loops": 1}]}]}, {"Node Type": "Hash", "Parent Relationship": "Inner", "Startup Cost": 66389.89, "Total Cost": 66389.89, "Plan Rows": 1748840, "Plan Width": 21, "Actual Startup Time": 1536.691, "Actual Total Time": 1536.691, "Actual Rows": 1749032, "Actual Loops": 1, "Hash Buckets": 2097152, "Hash Batches": 1, "Original Hash Batches": 1, "Peak Memory Usage": 93635, "Plans": [{"Node Type": "Seq Scan", "Parent Relationship": "Outer", "Relation Name": "title", "Alias": "t", "Startup Cost": 0.0, "Total Cost": 66389.89, "Plan Rows": 1748840, "Plan Width": 21, "Actual Startup Time": 0.032, "Actual Total Time": 903.509, "Actual Rows": 1749032, "Actual Loops": 1, "Filter": "(production_year > 1990), (LLVM Optimized, Jit Execute)", "Rows Removed by Filter": 779279}]}]}]}]}, {"Node Type": "Hash", "Parent Relationship": "Inner", "Startup Cost": 1.03, "Total Cost": 1.03, "Plan Rows": 3, "Plan Width": 4, "Actual Startup Time": 0.007, "Actual Total Time": 0.007, "Actual Rows": 3, "Actual Loops": 1, "Hash Buckets": 32768, "Hash Batches": 1, "Original Hash Batches": 1, "Peak Memory Usage": 1, "Plans": [{"Node Type": "Seq Scan", "Parent Relationship": "Outer", "Relation Name": "company_type", "Alias": "ct", "Startup Cost": 0.0, "Total Cost": 1.03, "Plan Rows": 3, "Plan Width": 4, "Actual Startup Time": 0.003, "Actual Total Time": 0.003, "Actual Rows": 3, "Actual Loops": 1}]}]}, {"Node Type": "Hash", "Parent Relationship": "Inner", "Startup Cost": 1.12, "Total Cost": 1.12, "Plan Rows": 12, "Plan Width": 4, "Actual Startup Time": 0.039, "Actual Total Time": 0.039, "Actual Rows": 12, "Actual Loops": 1, "Hash Buckets": 32768, "Hash Batches": 1, "Original Hash Batches": 1, "Peak Memory Usage": 1, "Plans": [{"Node Type": "Seq Scan", "Parent Relationship": "Outer", "Relation Name": "role_type", "Alias": "rt", "Startup Cost": 0.0, "Total Cost": 1.12, "Plan Rows": 12, "Plan Width": 4, "Actual Startup Time": 0.018, "Actual Total Time": 0.024, "Actual Rows": 12, "Actual Loops": 1}]}]}]}, "Triggers": [], "Planner Runtime": 41.396, "Total Runtime": 16199.863, "Unique SQL Id": 3145361615}}, "(1, 101)": {"explain_plan": {"Plan": {"Node Type": "Aggregate", "Strategy": "Plain", "Startup Cost": 1734937.7, "Total Cost": 1734937.71, "Plan Rows": 1, "Plan Width": 97, "Plans": [{"Node Type": "Hash Join", "Parent Relationship": "Outer", "Join Type": "Inner", "Startup Cost": 319022.37, "Total Cost": 1730090.63, "Plan Rows": 969413, "Plan Width": 33, "Inner Unique": true, "Hash Cond": "(mc.movie_id = t.id), (LLVM Optimized)", "Plans": [{"Node Type": "Hash Join", "Parent Relationship": "Outer", "Join Type": "Inner", "Startup Cost": 180720.61, "Total Cost": 1579470.74, "Plan Rows": 699731, "Plan Width": 24, "Inner Unique": true, "Hash Cond": "(ci.role_id = rt.id), (LLVM Optimized)", "Plans": [{"Node Type": "Hash Join", "Parent Relationship": "Outer", "Join Type": "Inner", "Startup Cost": 180708.03, "Total Cost": 1569836.86, "Plan Rows": 699731, "Plan Width": 28, "Inner Unique": true, "Hash Cond": "(mc.company_type_id = ct.id), (LLVM Optimized)", "Plans": [{"Node Type": "Hash Join", "Parent Relationship": "Outer", "Join Type": "Inner", "Startup Cost": 180695.69, "Total Cost": 1560203.23, "Plan Rows": 699731, "Plan Width": 32, "Inner Unique": true, "Hash Cond": "(ci.person_role_id = chn.id), (LLVM Optimized)", "Plans": [{"Node Type": "Nested Loop", "Parent Relationship": "Outer", "Join Type": "Inner", "Startup Cost": 11566.01, "Total Cost": 1378663.33, "Plan Rows": 1443440, "Plan Width": 20, "Inner Unique": false, "Plans": [{"Node Type": "Hash Join", "Parent Relationship": "Outer", "Join Type": "Inner", "Startup Cost": 11566.01, "Total Cost": 127355.52, "Plan Rows": 1282311, "Plan Width": 8, "Inner Unique": true, "Hash Cond": "(mc.company_id = cn.id), (LLVM Optimized)", "Plans": [{"Node Type": "Index Scan", "Parent Relationship": "Outer", "Scan Direction": "Forward", "Index Name": "company_type_id_movie_companies", "Relation Name": "movie_companies", "Alias": "mc", "Startup Cost": 0.0, "Total Cost": 93182.17, "Plan Rows": 2609128, "Plan Width": 12}, {"Node Type": "Hash", "Parent Relationship": "Inner", "Startup Cost": 10501.39, "Total Cost": 10501.39, "Plan Rows": 85170, "Plan Width": 4, "Plans": [{"Node Type": "Index Scan", "Parent Relationship": "Outer", "Scan Direction": "Forward", "Index Name": "company_name_pkey", "Relation Name": "company_name", "Alias": "cn", "Startup Cost": 0.0, "Total Cost": 10501.39, "Plan Rows": 85170, "Plan Width": 4, "Filter": "((country_code)::text = '[us]'::text)"}]}]}, {"Node Type": "Index Scan", "Parent Relationship": "Inner", "Scan Direction": "Forward", "Index Name": "movie_id_cast_info", "Relation Name": "cast_info", "Alias": "ci", "Startup Cost": 0.0, "Total Cost": 0.97, "Plan Rows": 1, "Plan Width": 12, "Index Cond": "(movie_id = mc.movie_id)", "Filter": "((note)::text ~~ '%(producer)%'::text)"}]}, {"Node Type": "Hash", "Parent Relationship": "Inner", "Startup Cost": 129875.46, "Total Cost": 129875.46, "Plan Rows": 3140338, "Plan Width": 20, "Plans": [{"Node Type": "Index Scan", "Parent Relationship": "Outer", "Scan Direction": "Forward", "Index Name": "char_name_pkey", "Relation Name": "char_name", "Alias": "chn", "Startup Cost": 0.0, "Total Cost": 129875.46, "Plan Rows": 3140338, "Plan Width": 20}]}]}, {"Node Type": "Hash", "Parent Relationship": "Inner", "Startup Cost": 12.29, "Total Cost": 12.29, "Plan Rows": 3, "Plan Width": 4, "Plans": [{"Node Type": "Index Scan", "Parent Relationship": "Outer", "Scan Direction": "Forward", "Index Name": "company_type_pkey", "Relation Name": "company_type", "Alias": "ct", "Startup Cost": 0.0, "Total Cost": 12.29, "Plan Rows": 3, "Plan Width": 4}]}]}, {"Node Type": "Hash", "Parent Relationship": "Inner", "Startup Cost": 12.43, "Total Cost": 12.43, "Plan Rows": 12, "Plan Width": 4, "Plans": [{"Node Type": "Index Scan", "Parent Relationship": "Outer", "Scan Direction": "Forward", "Index Name": "role_type_pkey", "Relation Name": "role_type", "Alias": "rt", "Startup Cost": 0.0, "Total Cost": 12.43, "Plan Rows": 12, "Plan Width": 4}]}]}, {"Node Type": "Hash", "Parent Relationship": "Inner", "Startup Cost": 116441.27, "Total Cost": 116441.27, "Plan Rows": 1748840, "Plan Width": 21, "Plans": [{"Node Type": "Index Scan", "Parent Relationship": "Outer", "Scan Direction": "Forward", "Index Name": "title_pkey", "Relation Name": "title", "Alias": "t", "Startup Cost": 0.0, "Total Cost": 116441.27, "Plan Rows": 1748840, "Plan Width": 21, "Filter": "(production_year > 1990), (LLVM Optimized)"}]}]}]}, "Unique SQL Id": 3145361615}, "explain_analyze_plan": null}, "(1, 102)": {"explain_plan": {"Plan": {"Node Type": "Aggregate", "Strategy": "Plain", "Startup Cost": 1041361.98, "Total Cost": 1041361.99, "Plan Rows": 1, "Plan Width": 97, "Plans": [{"Node Type": "Hash Join", "Parent Relationship": "Outer", "Join Type": "Inner", "Startup Cost": 930928.48, "Total Cost": 1036514.92, "Plan Rows": 969413, "Plan Width": 33, "Inner Unique": true, "Hash Cond": "(ci.role_id = rt.id), (LLVM Optimized)", "Plans": [{"Node Type": "Hash Join", "Parent Relationship": "Outer", "Join Type": "Inner", "Startup Cost": 930927.21, "Total Cost": 1023184.22, "Plan Rows": 969413, "Plan Width": 37, "Inner Unique": true, "Hash Cond": "(mc.company_type_id = ct.id), (LLVM Optimized)", "Plans": [{"Node Type": "Hash Join", "Parent Relationship": "Outer", "Join Type": "Inner", "Startup Cost": 930926.14, "Total Cost": 1009853.72, "Plan Rows": 969413, "Plan Width": 41, "Inner Unique": false, "Hash Cond": "(mc.movie_id = t.id), (LLVM Optimized)", "Plans": [{"Node Type": "Hash Join", "Parent Relationship": "Outer", "Join Type": "Inner", "Startup Cost": 6968.08, "Total Cost": 71392.69, "Plan Rows": 1282311, "Plan Width": 8, "Inner Unique": true, "Hash Cond": "(mc.company_id = cn.id), (LLVM Optimized)", "Plans": [{"Node Type": "Seq Scan", "Parent Relationship": "Outer", "Relation Name": "movie_companies", "Alias": "mc", "Startup Cost": 0.0, "Total Cost": 41817.28, "Plan Rows": 2609128, "Plan Width": 12}, {"Node Type": "Hash", "Parent Relationship": "Inner", "Startup Cost": 5903.45, "Total Cost": 5903.45, "Plan Rows": 85170, "Plan Width": 4, "Plans": [{"Node Type": "Seq Scan", "Parent Relationship": "Outer", "Relation Name": "company_name", "Alias": "cn", "Startup Cost": 0.0, "Total Cost": 5903.45, "Plan Rows": 85170, "Plan Width": 4, "Filter": "((country_code)::text = '[us]'::text)"}]}]}, {"Node Type": "Hash", "Parent Relationship": "Inner", "Startup Cost": 912029.03, "Total Cost": 912029.03, "Plan Rows": 954323, "Plan Width": 45, "Plans": [{"Node Type": "Hash Join", "Parent Relationship": "Outer", "Join Type": "Inner", "Startup Cost": 194997.99, "Total Cost": 912029.03, "Plan Rows": 954323, "Plan Width": 45, "Inner Unique": true, "Hash Cond": "(ci.movie_id = t.id), (LLVM Optimized)", "Plans": [{"Node Type": "Hash Join", "Parent Relationship": "Outer", "Join Type": "Inner", "Startup Cost": 106747.61, "Total Cost": 811624.17, "Plan Rows": 696330, "Plan Width": 24, "Inner Unique": true, "Hash Cond": "(ci.person_role_id = chn.id), (LLVM Optimized)", "Plans": [{"Node Type": "Seq Scan", "Parent Relationship": "Outer", "Relation Name": "cast_info", "Alias": "ci", "Startup Cost": 0.0, "Total Cost": 692526.68, "Plan Rows": 1436424, "Plan Width": 12, "Filter": "((note)::text ~~ '%(producer)%'::text), (LLVM Optimized)"}, {"Node Type": "Hash", "Parent Relationship": "Inner", "Startup Cost": 67493.38, "Total Cost": 67493.38, "Plan Rows": 3140338, "Plan Width": 20, "Plans": [{"Node Type": "Seq Scan", "Parent Relationship": "Outer", "Relation Name": "char_name", "Alias": "chn", "Startup Cost": 0.0, "Total Cost": 67493.38, "Plan Rows": 3140338, "Plan Width": 20}]}]}, {"Node Type": "Hash", "Parent Relationship": "Inner", "Startup Cost": 66389.89, "Total Cost": 66389.89, "Plan Rows": 1748840, "Plan Width": 21, "Plans": [{"Node Type": "Seq Scan", "Parent Relationship": "Outer", "Relation Name": "title", "Alias": "t", "Startup Cost": 0.0, "Total Cost": 66389.89, "Plan Rows": 1748840, "Plan Width": 21, "Filter": "(production_year > 1990), (LLVM Optimized)"}]}]}]}]}, {"Node Type": "Hash", "Parent Relationship": "Inner", "Startup Cost": 1.03, "Total Cost": 1.03, "Plan Rows": 3, "Plan Width": 4, "Plans": [{"Node Type": "Seq Scan", "Parent Relationship": "Outer", "Relation Name": "company_type", "Alias": "ct", "Startup Cost": 0.0, "Total Cost": 1.03, "Plan Rows": 3, "Plan Width": 4}]}]}, {"Node Type": "Hash", "Parent Relationship": "Inner", "Startup Cost": 1.12, "Total Cost": 1.12, "Plan Rows": 12, "Plan Width": 4, "Plans": [{"Node Type": "Seq Scan", "Parent Relationship": "Outer", "Relation Name": "role_type", "Alias": "rt", "Startup Cost": 0.0, "Total Cost": 1.12, "Plan Rows": 12, "Plan Width": 4}]}]}]}, "Unique SQL Id": 3145361615}, "explain_analyze_plan": {"Plan": {"Node Type": "Aggregate", "Strategy": "Plain", "Startup Cost": 1041361.98, "Total Cost": 1041361.99, "Plan Rows": 1, "Plan Width": 97, "Actual Startup Time": 16188.609, "Actual Total Time": 16188.61, "Actual Rows": 1, "Actual Loops": 1, "Plans": [{"Node Type": "Hash Join", "Parent Relationship": "Outer", "Join Type": "Inner", "Startup Cost": 930928.48, "Total Cost": 1036514.92, "Plan Rows": 969413, "Plan Width": 33, "Actual Startup Time": 15828.872, "Actual Total Time": 16188.552, "Actual Rows": 4, "Actual Loops": 1, "Inner Unique": true, "Hash Cond": "(ci.role_id = rt.id), (LLVM Optimized, Jit Execute)", "Plans": [{"Node Type": "Hash Join", "Parent Relationship": "Outer", "Join Type": "Inner", "Startup Cost": 930927.21, "Total Cost": 1023184.22, "Plan Rows": 969413, "Plan Width": 37, "Actual Startup Time": 15828.776, "Actual Total Time": 16188.441, "Actual Rows": 4, "Actual Loops": 1, "Inner Unique": true, "Hash Cond": "(mc.company_type_id = ct.id), (LLVM Optimized, Jit Execute)", "Plans": [{"Node Type": "Hash Join", "Parent Relationship": "Outer", "Join Type": "Inner", "Startup Cost": 930926.14, "Total Cost": 1009853.72, "Plan Rows": 969413, "Plan Width": 41, "Actual Startup Time": 15005.566, "Actual Total Time": 16188.307, "Actual Rows": 10, "Actual Loops": 1, "Inner Unique": false, "Hash Cond": "(mc.movie_id = t.id), (LLVM Optimized, Jit Execute)", "Plans": [{"Node Type": "Hash Join", "Parent Relationship": "Outer", "Join Type": "Inner", "Startup Cost": 6968.08, "Total Cost": 71392.69, "Plan Rows": 1282311, "Plan Width": 8, "Actual Startup Time": 112.673, "Actual Total Time": 1492.413, "Actual Rows": 1153797, "Actual Loops": 1, "Inner Unique": true, "Hash Cond": "(mc.company_id = cn.id), (LLVM Optimized, Jit Execute)", "Plans": [{"Node Type": "Seq Scan", "Parent Relationship": "Outer", "Relation Name": "movie_companies", "Alias": "mc", "Startup Cost": 0.0, "Total Cost": 41817.28, "Plan Rows": 2609128, "Plan Width": 12, "Actual Startup Time": 0.016, "Actual Total Time": 568.795, "Actual Rows": 2609128, "Actual Loops": 1}, {"Node Type": "Hash", "Parent Relationship": "Inner", "Startup Cost": 5903.45, "Total Cost": 5903.45, "Plan Rows": 85170, "Plan Width": 4, "Actual Startup Time": 112.55, "Actual Total Time": 112.55, "Actual Rows": 84843, "Actual Loops": 1, "Hash Buckets": 131072, "Hash Batches": 1, "Original Hash Batches": 1, "Peak Memory Usage": 2983, "Plans": [{"Node Type": "Seq Scan", "Parent Relationship": "Outer", "Relation Name": "company_name", "Alias": "cn", "Startup Cost": 0.0, "Total Cost": 5903.45, "Plan Rows": 85170, "Plan Width": 4, "Actual Startup Time": 0.027, "Actual Total Time": 89.932, "Actual Rows": 84843, "Actual Loops": 1, "Filter": "((country_code)::text = '[us]'::text)", "Rows Removed by Filter": 150153}]}]}, {"Node Type": "Hash", "Parent Relationship": "Inner", "Startup Cost": 912029.03, "Total Cost": 912029.03, "Plan Rows": 954323, "Plan Width": 45, "Actual Startup Time": 14488.293, "Actual Total Time": 14488.293, "Actual Rows": 12, "Actual Loops": 1, "Hash Buckets": 1048576, "Hash Batches": 1, "Original Hash Batches": 1, "Peak Memory Usage": 1, "Plans": [{"Node Type": "Hash Join", "Parent Relationship": "Outer", "Join Type": "Inner", "Startup Cost": 194997.99, "Total Cost": 912029.03, "Plan Rows": 954323, "Plan Width": 45, "Actual Startup Time": 4529.624, "Actual Total Time": 14488.212, "Actual Rows": 12, "Actual Loops": 1, "Inner Unique": true, "Hash Cond": "(ci.movie_id = t.id), (LLVM Optimized, Jit Execute)", "Plans": [{"Node Type": "Hash Join", "Parent Relationship": "Outer", "Join Type": "Inner", "Startup Cost": 106747.61, "Total Cost": 811624.17, "Plan Rows": 696330, "Plan Width": 24, "Actual Startup Time": 2991.698, "Actual Total Time": 12936.256, "Actual Rows": 15, "Actual Loops": 1, "Inner Unique": true, "Hash Cond": "(ci.person_role_id = chn.id), (LLVM Optimized, Jit Execute)", "Plans": [{"Node Type": "Seq Scan", "Parent Relationship": "Outer", "Relation Name": "cast_info", "Alias": "ci", "Startup Cost": 0.0, "Total Cost": 692526.68, "Plan Rows": 1436424, "Plan Width": 12, "Actual Startup Time": 689.018, "Actual Total Time": 10483.608, "Actual Rows": 1435439, "Actual Loops": 1, "Filter": "((note)::text ~~ '%(producer)%'::text), (LLVM Optimized, Jit Execute)", "Rows Removed by Filter": 34808904}, {"Node Type": "Hash", "Parent Relationship": "Inner", "Startup Cost": 67493.38, "Total Cost": 67493.38, "Plan Rows": 3140338, "Plan Width": 20, "Actual Startup Time": 2297.894, "Actual Total Time": 2297.894, "Actual Rows": 3140338, "Actual Loops": 1, "Hash Buckets": 4194304, "Hash Batches": 1, "Original Hash Batches": 1, "Peak Memory Usage": 165269, "Plans": [{"Node Type": "Seq Scan", "Parent Relationship": "Outer", "Relation Name": "char_name", "Alias": "chn", "Startup Cost": 0.0, "Total Cost": 67493.38, "Plan Rows": 3140338, "Plan Width": 20, "Actual Startup Time": 0.047, "Actual Total Time": 983.534, "Actual Rows": 3140338, "Actual Loops": 1}]}]}, {"Node Type": "Hash", "Parent Relationship": "Inner", "Startup Cost": 66389.89, "Total Cost": 66389.89, "Plan Rows": 1748840, "Plan Width": 21, "Actual Startup Time": 1536.691, "Actual Total Time": 1536.691, "Actual Rows": 1749032, "Actual Loops": 1, "Hash Buckets": 2097152, "Hash Batches": 1, "Original Hash Batches": 1, "Peak Memory Usage": 93635, "Plans": [{"Node Type": "Seq Scan", "Parent Relationship": "Outer", "Relation Name": "title", "Alias": "t", "Startup Cost": 0.0, "Total Cost": 66389.89, "Plan Rows": 1748840, "Plan Width": 21, "Actual Startup Time": 0.032, "Actual Total Time": 903.509, "Actual Rows": 1749032, "Actual Loops": 1, "Filter": "(production_year > 1990), (LLVM Optimized, Jit Execute)", "Rows Removed by Filter": 779279}]}]}]}]}, {"Node Type": "Hash", "Parent Relationship": "Inner", "Startup Cost": 1.03, "Total Cost": 1.03, "Plan Rows": 3, "Plan Width": 4, "Actual Startup Time": 0.007, "Actual Total Time": 0.007, "Actual Rows": 3, "Actual Loops": 1, "Hash Buckets": 32768, "Hash Batches": 1, "Original Hash Batches": 1, "Peak Memory Usage": 1, "Plans": [{"Node Type": "Seq Scan", "Parent Relationship": "Outer", "Relation Name": "company_type", "Alias": "ct", "Startup Cost": 0.0, "Total Cost": 1.03, "Plan Rows": 3, "Plan Width": 4, "Actual Startup Time": 0.003, "Actual Total Time": 0.003, "Actual Rows": 3, "Actual Loops": 1}]}]}, {"Node Type": "Hash", "Parent Relationship": "Inner", "Startup Cost": 1.12, "Total Cost": 1.12, "Plan Rows": 12, "Plan Width": 4, "Actual Startup Time": 0.039, "Actual Total Time": 0.039, "Actual Rows": 12, "Actual Loops": 1, "Hash Buckets": 32768, "Hash Batches": 1, "Original Hash Batches": 1, "Peak Memory Usage": 1, "Plans": [{"Node Type": "Seq Scan", "Parent Relationship": "Outer", "Relation Name": "role_type", "Alias": "rt", "Startup Cost": 0.0, "Total Cost": 1.12, "Plan Rows": 12, "Plan Width": 4, "Actual Startup Time": 0.018, "Actual Total Time": 0.024, "Actual Rows": 12, "Actual Loops": 1}]}]}]}, "Triggers": [], "Planner Runtime": 41.396, "Total Runtime": 16199.863, "Unique SQL Id": 3145361615}}, "(1, 103)": {"explain_plan": {"Plan": {"Node Type": "Aggregate", "Strategy": "Plain", "Startup Cost": 1000042785415.19, "Total Cost": 1000042785415.2, "Plan Rows": 1, "Plan Width": 97, "Plans": [{"Node Type": "Nested Loop", "Parent Relationship": "Outer", "Join Type": "Inner", "Startup Cost": 10000000001.85, "Total Cost": 1000042780568.12, "Plan Rows": 969413, "Plan Width": 33, "Inner Unique": true, "Plans": [{"Node Type": "Nested Loop", "Parent Relationship": "Outer", "Join Type": "Inner", "Startup Cost": 10000000001.59, "Total Cost": 1000038631235.16, "Plan Rows": 969413, "Plan Width": 37, "Inner Unique": true, "Plans": [{"Node Type": "Nested Loop", "Parent Relationship": "Outer", "Join Type": "Inner", "Startup Cost": 10000000001.32, "Total Cost": 1000035624536.13, "Plan Rows": 699731, "Plan Width": 28, "Inner Unique": true, "Plans": [{"Node Type": "Nested Loop", "Parent Relationship": "Outer", "Join Type": "Inner", "Startup Cost": 10000000001.06, "Total Cost": 1000032629508.62, "Plan Rows": 699731, "Plan Width": 32, "Inner Unique": true, "Plans": [{"Node Type": "Nested Loop", "Parent Relationship": "Outer", "Join Type": "Inner", "Startup Cost": 10000000000.77, "Total Cost": 1000026404533.61, "Plan Rows": 1443440, "Plan Width": 20, "Inner Unique": false, "Plans": [{"Node Type": "Nested Loop", "Parent Relationship": "Outer", "Join Type": "Inner", "Startup Cost": 10000000000.26, "Total Cost": 1000020494063.94, "Plan Rows": 1282311, "Plan Width": 8, "Inner Unique": true, "Plans": [{"Node Type": "Index Scan", "Parent Relationship": "Outer", "Scan Direction": "Forward", "Index Name": "company_type_id_movie_companies", "Relation Name": "movie_companies", "Alias": "mc", "Startup Cost": 10000000000.0, "Total Cost": 1000009318217.0, "Plan Rows": 2609128, "Plan Width": 12}, {"Node Type": "Bitmap Heap Scan", "Parent Relationship": "Inner", "Relation Name": "company_name", "Alias": "cn", "Startup Cost": 0.26, "Total Cost": 4.27, "Plan Rows": 1, "Plan Width": 4, "Recheck Cond": "(id = mc.company_id)", "Filter": "((country_code)::text = '[us]'::text)", "Plans": [{"Node Type": "Bitmap Index Scan", "Parent Relationship": "Outer", "Index Name": "company_name_pkey", "Startup Cost": 0.0, "Total Cost": 0.26, "Plan Rows": 1, "Plan Width": 0, "Index Cond": "(id = mc.company_id)"}]}]}, {"Node Type": "Bitmap Heap Scan", "Parent Relationship": "Inner", "Relation Name": "cast_info", "Alias": "ci", "Startup Cost": 0.51, "Total Cost": 4.6, "Plan Rows": 1, "Plan Width": 12, "Recheck Cond": "(movie_id = mc.movie_id)", "Filter": "((note)::text ~~ '%(producer)%'::text)", "Plans": [{"Node Type": "Bitmap Index Scan", "Parent Relationship": "Outer", "Index Name": "movie_id_cast_info", "Startup Cost": 0.0, "Total Cost": 0.51, "Plan Rows": 6, "Plan Width": 0, "Index Cond": "(movie_id = mc.movie_id)"}]}]}, {"Node Type": "Bitmap Heap Scan", "Parent Relationship": "Inner", "Relation Name": "char_name", "Alias": "chn", "Startup Cost": 0.29, "Total Cost": 4.3, "Plan Rows": 1, "Plan Width": 20, "Recheck Cond": "(id = ci.person_role_id)", "Plans": [{"Node Type": "Bitmap Index Scan", "Parent Relationship": "Outer", "Index Name": "char_name_pkey", "Startup Cost": 0.0, "Total Cost": 0.29, "Plan Rows": 1, "Plan Width": 0, "Index Cond": "(id = ci.person_role_id)"}]}]}, {"Node Type": "Bitmap Heap Scan", "Parent Relationship": "Inner", "Relation Name": "role_type", "Alias": "rt", "Startup Cost": 0.26, "Total Cost": 4.27, "Plan Rows": 1, "Plan Width": 4, "Recheck Cond": "(id = ci.role_id)", "Plans": [{"Node Type": "Bitmap Index Scan", "Parent Relationship": "Outer", "Index Name": "role_type_pkey", "Startup Cost": 0.0, "Total Cost": 0.26, "Plan Rows": 1, "Plan Width": 0, "Index Cond": "(id = ci.role_id)"}]}]}, {"Node Type": "Bitmap Heap Scan", "Parent Relationship": "Inner", "Relation Name": "title", "Alias": "t", "Startup Cost": 0.27, "Total Cost": 4.29, "Plan Rows": 1, "Plan Width": 21, "Recheck Cond": "(id = mc.movie_id)", "Filter": "(production_year > 1990)", "Plans": [{"Node Type": "Bitmap Index Scan", "Parent Relationship": "Outer", "Index Name": "title_pkey", "Startup Cost": 0.0, "Total Cost": 0.27, "Plan Rows": 1, "Plan Width": 0, "Index Cond": "(id = mc.movie_id)"}]}]}, {"Node Type": "Bitmap Heap Scan", "Parent Relationship": "Inner", "Relation Name": "company_type", "Alias": "ct", "Startup Cost": 0.26, "Total Cost": 4.27, "Plan Rows": 1, "Plan Width": 4, "Recheck Cond": "(id = mc.company_type_id)", "Plans": [{"Node Type": "Bitmap Index Scan", "Parent Relationship": "Outer", "Index Name": "company_type_pkey", "Startup Cost": 0.0, "Total Cost": 0.26, "Plan Rows": 1, "Plan Width": 0, "Index Cond": "(id = mc.company_type_id)"}]}]}]}, "Unique SQL Id": 3145361615}, "explain_analyze_plan": null}, "(1, 104)": {"explain_plan": {"Plan": {"Node Type": "Aggregate", "Strategy": "Plain", "Startup Cost": 1041361.98, "Total Cost": 1041361.99, "Plan Rows": 1, "Plan Width": 97, "Plans": [{"Node Type": "Hash Join", "Parent Relationship": "Outer", "Join Type": "Inner", "Startup Cost": 930928.48, "Total Cost": 1036514.92, "Plan Rows": 969413, "Plan Width": 33, "Inner Unique": true, "Hash Cond": "(ci.role_id = rt.id), (LLVM Optimized)", "Plans": [{"Node Type": "Hash Join", "Parent Relationship": "Outer", "Join Type": "Inner", "Startup Cost": 930927.21, "Total Cost": 1023184.22, "Plan Rows": 969413, "Plan Width": 37, "Inner Unique": true, "Hash Cond": "(mc.company_type_id = ct.id), (LLVM Optimized)", "Plans": [{"Node Type": "Hash Join", "Parent Relationship": "Outer", "Join Type": "Inner", "Startup Cost": 930926.14, "Total Cost": 1009853.72, "Plan Rows": 969413, "Plan Width": 41, "Inner Unique": false, "Hash Cond": "(mc.movie_id = t.id), (LLVM Optimized)", "Plans": [{"Node Type": "Hash Join", "Parent Relationship": "Outer", "Join Type": "Inner", "Startup Cost": 6968.08, "Total Cost": 71392.69, "Plan Rows": 1282311, "Plan Width": 8, "Inner Unique": true, "Hash Cond": "(mc.company_id = cn.id), (LLVM Optimized)", "Plans": [{"Node Type": "Seq Scan", "Parent Relationship": "Outer", "Relation Name": "movie_companies", "Alias": "mc", "Startup Cost": 0.0, "Total Cost": 41817.28, "Plan Rows": 2609128, "Plan Width": 12}, {"Node Type": "Hash", "Parent Relationship": "Inner", "Startup Cost": 5903.45, "Total Cost": 5903.45, "Plan Rows": 85170, "Plan Width": 4, "Plans": [{"Node Type": "Seq Scan", "Parent Relationship": "Outer", "Relation Name": "company_name", "Alias": "cn", "Startup Cost": 0.0, "Total Cost": 5903.45, "Plan Rows": 85170, "Plan Width": 4, "Filter": "((country_code)::text = '[us]'::text)"}]}]}, {"Node Type": "Hash", "Parent Relationship": "Inner", "Startup Cost": 912029.03, "Total Cost": 912029.03, "Plan Rows": 954323, "Plan Width": 45, "Plans": [{"Node Type": "Hash Join", "Parent Relationship": "Outer", "Join Type": "Inner", "Startup Cost": 194997.99, "Total Cost": 912029.03, "Plan Rows": 954323, "Plan Width": 45, "Inner Unique": true, "Hash Cond": "(ci.movie_id = t.id), (LLVM Optimized)", "Plans": [{"Node Type": "Hash Join", "Parent Relationship": "Outer", "Join Type": "Inner", "Startup Cost": 106747.61, "Total Cost": 811624.17, "Plan Rows": 696330, "Plan Width": 24, "Inner Unique": true, "Hash Cond": "(ci.person_role_id = chn.id), (LLVM Optimized)", "Plans": [{"Node Type": "Seq Scan", "Parent Relationship": "Outer", "Relation Name": "cast_info", "Alias": "ci", "Startup Cost": 0.0, "Total Cost": 692526.68, "Plan Rows": 1436424, "Plan Width": 12, "Filter": "((note)::text ~~ '%(producer)%'::text), (LLVM Optimized)"}, {"Node Type": "Hash", "Parent Relationship": "Inner", "Startup Cost": 67493.38, "Total Cost": 67493.38, "Plan Rows": 3140338, "Plan Width": 20, "Plans": [{"Node Type": "Seq Scan", "Parent Relationship": "Outer", "Relation Name": "char_name", "Alias": "chn", "Startup Cost": 0.0, "Total Cost": 67493.38, "Plan Rows": 3140338, "Plan Width": 20}]}]}, {"Node Type": "Hash", "Parent Relationship": "Inner", "Startup Cost": 66389.89, "Total Cost": 66389.89, "Plan Rows": 1748840, "Plan Width": 21, "Plans": [{"Node Type": "Seq Scan", "Parent Relationship": "Outer", "Relation Name": "title", "Alias": "t", "Startup Cost": 0.0, "Total Cost": 66389.89, "Plan Rows": 1748840, "Plan Width": 21, "Filter": "(production_year > 1990), (LLVM Optimized)"}]}]}]}]}, {"Node Type": "Hash", "Parent Relationship": "Inner", "Startup Cost": 1.03, "Total Cost": 1.03, "Plan Rows": 3, "Plan Width": 4, "Plans": [{"Node Type": "Seq Scan", "Parent Relationship": "Outer", "Relation Name": "company_type", "Alias": "ct", "Startup Cost": 0.0, "Total Cost": 1.03, "Plan Rows": 3, "Plan Width": 4}]}]}, {"Node Type": "Hash", "Parent Relationship": "Inner", "Startup Cost": 1.12, "Total Cost": 1.12, "Plan Rows": 12, "Plan Width": 4, "Plans": [{"Node Type": "Seq Scan", "Parent Relationship": "Outer", "Relation Name": "role_type", "Alias": "rt", "Startup Cost": 0.0, "Total Cost": 1.12, "Plan Rows": 12, "Plan Width": 4}]}]}]}, "Unique SQL Id": 3145361615}, "explain_analyze_plan": {"Plan": {"Node Type": "Aggregate", "Strategy": "Plain", "Startup Cost": 1041361.98, "Total Cost": 1041361.99, "Plan Rows": 1, "Plan Width": 97, "Actual Startup Time": 16188.609, "Actual Total Time": 16188.61, "Actual Rows": 1, "Actual Loops": 1, "Plans": [{"Node Type": "Hash Join", "Parent Relationship": "Outer", "Join Type": "Inner", "Startup Cost": 930928.48, "Total Cost": 1036514.92, "Plan Rows": 969413, "Plan Width": 33, "Actual Startup Time": 15828.872, "Actual Total Time": 16188.552, "Actual Rows": 4, "Actual Loops": 1, "Inner Unique": true, "Hash Cond": "(ci.role_id = rt.id), (LLVM Optimized, Jit Execute)", "Plans": [{"Node Type": "Hash Join", "Parent Relationship": "Outer", "Join Type": "Inner", "Startup Cost": 930927.21, "Total Cost": 1023184.22, "Plan Rows": 969413, "Plan Width": 37, "Actual Startup Time": 15828.776, "Actual Total Time": 16188.441, "Actual Rows": 4, "Actual Loops": 1, "Inner Unique": true, "Hash Cond": "(mc.company_type_id = ct.id), (LLVM Optimized, Jit Execute)", "Plans": [{"Node Type": "Hash Join", "Parent Relationship": "Outer", "Join Type": "Inner", "Startup Cost": 930926.14, "Total Cost": 1009853.72, "Plan Rows": 969413, "Plan Width": 41, "Actual Startup Time": 15005.566, "Actual Total Time": 16188.307, "Actual Rows": 10, "Actual Loops": 1, "Inner Unique": false, "Hash Cond": "(mc.movie_id = t.id), (LLVM Optimized, Jit Execute)", "Plans": [{"Node Type": "Hash Join", "Parent Relationship": "Outer", "Join Type": "Inner", "Startup Cost": 6968.08, "Total Cost": 71392.69, "Plan Rows": 1282311, "Plan Width": 8, "Actual Startup Time": 112.673, "Actual Total Time": 1492.413, "Actual Rows": 1153797, "Actual Loops": 1, "Inner Unique": true, "Hash Cond": "(mc.company_id = cn.id), (LLVM Optimized, Jit Execute)", "Plans": [{"Node Type": "Seq Scan", "Parent Relationship": "Outer", "Relation Name": "movie_companies", "Alias": "mc", "Startup Cost": 0.0, "Total Cost": 41817.28, "Plan Rows": 2609128, "Plan Width": 12, "Actual Startup Time": 0.016, "Actual Total Time": 568.795, "Actual Rows": 2609128, "Actual Loops": 1}, {"Node Type": "Hash", "Parent Relationship": "Inner", "Startup Cost": 5903.45, "Total Cost": 5903.45, "Plan Rows": 85170, "Plan Width": 4, "Actual Startup Time": 112.55, "Actual Total Time": 112.55, "Actual Rows": 84843, "Actual Loops": 1, "Hash Buckets": 131072, "Hash Batches": 1, "Original Hash Batches": 1, "Peak Memory Usage": 2983, "Plans": [{"Node Type": "Seq Scan", "Parent Relationship": "Outer", "Relation Name": "company_name", "Alias": "cn", "Startup Cost": 0.0, "Total Cost": 5903.45, "Plan Rows": 85170, "Plan Width": 4, "Actual Startup Time": 0.027, "Actual Total Time": 89.932, "Actual Rows": 84843, "Actual Loops": 1, "Filter": "((country_code)::text = '[us]'::text)", "Rows Removed by Filter": 150153}]}]}, {"Node Type": "Hash", "Parent Relationship": "Inner", "Startup Cost": 912029.03, "Total Cost": 912029.03, "Plan Rows": 954323, "Plan Width": 45, "Actual Startup Time": 14488.293, "Actual Total Time": 14488.293, "Actual Rows": 12, "Actual Loops": 1, "Hash Buckets": 1048576, "Hash Batches": 1, "Original Hash Batches": 1, "Peak Memory Usage": 1, "Plans": [{"Node Type": "Hash Join", "Parent Relationship": "Outer", "Join Type": "Inner", "Startup Cost": 194997.99, "Total Cost": 912029.03, "Plan Rows": 954323, "Plan Width": 45, "Actual Startup Time": 4529.624, "Actual Total Time": 14488.212, "Actual Rows": 12, "Actual Loops": 1, "Inner Unique": true, "Hash Cond": "(ci.movie_id = t.id), (LLVM Optimized, Jit Execute)", "Plans": [{"Node Type": "Hash Join", "Parent Relationship": "Outer", "Join Type": "Inner", "Startup Cost": 106747.61, "Total Cost": 811624.17, "Plan Rows": 696330, "Plan Width": 24, "Actual Startup Time": 2991.698, "Actual Total Time": 12936.256, "Actual Rows": 15, "Actual Loops": 1, "Inner Unique": true, "Hash Cond": "(ci.person_role_id = chn.id), (LLVM Optimized, Jit Execute)", "Plans": [{"Node Type": "Seq Scan", "Parent Relationship": "Outer", "Relation Name": "cast_info", "Alias": "ci", "Startup Cost": 0.0, "Total Cost": 692526.68, "Plan Rows": 1436424, "Plan Width": 12, "Actual Startup Time": 689.018, "Actual Total Time": 10483.608, "Actual Rows": 1435439, "Actual Loops": 1, "Filter": "((note)::text ~~ '%(producer)%'::text), (LLVM Optimized, Jit Execute)", "Rows Removed by Filter": 34808904}, {"Node Type": "Hash", "Parent Relationship": "Inner", "Startup Cost": 67493.38, "Total Cost": 67493.38, "Plan Rows": 3140338, "Plan Width": 20, "Actual Startup Time": 2297.894, "Actual Total Time": 2297.894, "Actual Rows": 3140338, "Actual Loops": 1, "Hash Buckets": 4194304, "Hash Batches": 1, "Original Hash Batches": 1, "Peak Memory Usage": 165269, "Plans": [{"Node Type": "Seq Scan", "Parent Relationship": "Outer", "Relation Name": "char_name", "Alias": "chn", "Startup Cost": 0.0, "Total Cost": 67493.38, "Plan Rows": 3140338, "Plan Width": 20, "Actual Startup Time": 0.047, "Actual Total Time": 983.534, "Actual Rows": 3140338, "Actual Loops": 1}]}]}, {"Node Type": "Hash", "Parent Relationship": "Inner", "Startup Cost": 66389.89, "Total Cost": 66389.89, "Plan Rows": 1748840, "Plan Width": 21, "Actual Startup Time": 1536.691, "Actual Total Time": 1536.691, "Actual Rows": 1749032, "Actual Loops": 1, "Hash Buckets": 2097152, "Hash Batches": 1, "Original Hash Batches": 1, "Peak Memory Usage": 93635, "Plans": [{"Node Type": "Seq Scan", "Parent Relationship": "Outer", "Relation Name": "title", "Alias": "t", "Startup Cost": 0.0, "Total Cost": 66389.89, "Plan Rows": 1748840, "Plan Width": 21, "Actual Startup Time": 0.032, "Actual Total Time": 903.509, "Actual Rows": 1749032, "Actual Loops": 1, "Filter": "(production_year > 1990), (LLVM Optimized, Jit Execute)", "Rows Removed by Filter": 779279}]}]}]}]}, {"Node Type": "Hash", "Parent Relationship": "Inner", "Startup Cost": 1.03, "Total Cost": 1.03, "Plan Rows": 3, "Plan Width": 4, "Actual Startup Time": 0.007, "Actual Total Time": 0.007, "Actual Rows": 3, "Actual Loops": 1, "Hash Buckets": 32768, "Hash Batches": 1, "Original Hash Batches": 1, "Peak Memory Usage": 1, "Plans": [{"Node Type": "Seq Scan", "Parent Relationship": "Outer", "Relation Name": "company_type", "Alias": "ct", "Startup Cost": 0.0, "Total Cost": 1.03, "Plan Rows": 3, "Plan Width": 4, "Actual Startup Time": 0.003, "Actual Total Time": 0.003, "Actual Rows": 3, "Actual Loops": 1}]}]}, {"Node Type": "Hash", "Parent Relationship": "Inner", "Startup Cost": 1.12, "Total Cost": 1.12, "Plan Rows": 12, "Plan Width": 4, "Actual Startup Time": 0.039, "Actual Total Time": 0.039, "Actual Rows": 12, "Actual Loops": 1, "Hash Buckets": 32768, "Hash Batches": 1, "Original Hash Batches": 1, "Peak Memory Usage": 1, "Plans": [{"Node Type": "Seq Scan", "Parent Relationship": "Outer", "Relation Name": "role_type", "Alias": "rt", "Startup Cost": 0.0, "Total Cost": 1.12, "Plan Rows": 12, "Plan Width": 4, "Actual Startup Time": 0.018, "Actual Total Time": 0.024, "Actual Rows": 12, "Actual Loops": 1}]}]}]}, "Triggers": [], "Planner Runtime": 41.396, "Total Runtime": 16199.863, "Unique SQL Id": 3145361615}}, "(1, 105)": {"explain_plan": {"Plan": {"Node Type": "Aggregate", "Strategy": "Plain", "Startup Cost": 1734929.7, "Total Cost": 1734929.71, "Plan Rows": 1, "Plan Width": 97, "Plans": [{"Node Type": "Hash Join", "Parent Relationship": "Outer", "Join Type": "Inner", "Startup Cost": 319014.37, "Total Cost": 1730082.63, "Plan Rows": 969413, "Plan Width": 33, "Inner Unique": true, "Hash Cond": "(mc.movie_id = t.id), (LLVM Optimized)", "Plans": [{"Node Type": "Hash Join", "Parent Relationship": "Outer", "Join Type": "Inner", "Startup Cost": 180712.61, "Total Cost": 1579462.74, "Plan Rows": 699731, "Plan Width": 24, "Inner Unique": true, "Hash Cond": "(ci.role_id = rt.id), (LLVM Optimized)", "Plans": [{"Node Type": "Hash Join", "Parent Relationship": "Outer", "Join Type": "Inner", "Startup Cost": 180704.03, "Total Cost": 1569832.86, "Plan Rows": 699731, "Plan Width": 28, "Inner Unique": true, "Hash Cond": "(mc.company_type_id = ct.id), (LLVM Optimized)", "Plans": [{"Node Type": "Hash Join", "Parent Relationship": "Outer", "Join Type": "Inner", "Startup Cost": 180695.69, "Total Cost": 1560203.23, "Plan Rows": 699731, "Plan Width": 32, "Inner Unique": true, "Hash Cond": "(ci.person_role_id = chn.id), (LLVM Optimized)", "Plans": [{"Node Type": "Nested Loop", "Parent Relationship": "Outer", "Join Type": "Inner", "Startup Cost": 11566.01, "Total Cost": 1378663.33, "Plan Rows": 1443440, "Plan Width": 20, "Inner Unique": false, "Plans": [{"Node Type": "Hash Join", "Parent Relationship": "Outer", "Join Type": "Inner", "Startup Cost": 11566.01, "Total Cost": 127355.52, "Plan Rows": 1282311, "Plan Width": 8, "Inner Unique": true, "Hash Cond": "(mc.company_id = cn.id), (LLVM Optimized)", "Plans": [{"Node Type": "Index Scan", "Parent Relationship": "Outer", "Scan Direction": "Forward", "Index Name": "company_type_id_movie_companies", "Relation Name": "movie_companies", "Alias": "mc", "Startup Cost": 0.0, "Total Cost": 93182.17, "Plan Rows": 2609128, "Plan Width": 12}, {"Node Type": "Hash", "Parent Relationship": "Inner", "Startup Cost": 10501.39, "Total Cost": 10501.39, "Plan Rows": 85170, "Plan Width": 4, "Plans": [{"Node Type": "Index Scan", "Parent Relationship": "Outer", "Scan Direction": "Forward", "Index Name": "company_name_pkey", "Relation Name": "company_name", "Alias": "cn", "Startup Cost": 0.0, "Total Cost": 10501.39, "Plan Rows": 85170, "Plan Width": 4, "Filter": "((country_code)::text = '[us]'::text)"}]}]}, {"Node Type": "Index Scan", "Parent Relationship": "Inner", "Scan Direction": "Forward", "Index Name": "movie_id_cast_info", "Relation Name": "cast_info", "Alias": "ci", "Startup Cost": 0.0, "Total Cost": 0.97, "Plan Rows": 1, "Plan Width": 12, "Index Cond": "(movie_id = mc.movie_id)", "Filter": "((note)::text ~~ '%(producer)%'::text)"}]}, {"Node Type": "Hash", "Parent Relationship": "Inner", "Startup Cost": 129875.46, "Total Cost": 129875.46, "Plan Rows": 3140338, "Plan Width": 20, "Plans": [{"Node Type": "Index Scan", "Parent Relationship": "Outer", "Scan Direction": "Forward", "Index Name": "char_name_pkey", "Relation Name": "char_name", "Alias": "chn", "Startup Cost": 0.0, "Total Cost": 129875.46, "Plan Rows": 3140338, "Plan Width": 20}]}]}, {"Node Type": "Hash", "Parent Relationship": "Inner", "Startup Cost": 8.29, "Total Cost": 8.29, "Plan Rows": 3, "Plan Width": 4, "Plans": [{"Node Type": "Index Only Scan", "Parent Relationship": "Outer", "Scan Direction": "Forward", "Index Name": "company_type_pkey", "Relation Name": "company_type", "Alias": "ct", "Startup Cost": 0.0, "Total Cost": 8.29, "Plan Rows": 3, "Plan Width": 4}]}]}, {"Node Type": "Hash", "Parent Relationship": "Inner", "Startup Cost": 8.43, "Total Cost": 8.43, "Plan Rows": 12, "Plan Width": 4, "Plans": [{"Node Type": "Index Only Scan", "Parent Relationship": "Outer", "Scan Direction": "Forward", "Index Name": "role_type_pkey", "Relation Name": "role_type", "Alias": "rt", "Startup Cost": 0.0, "Total Cost": 8.43, "Plan Rows": 12, "Plan Width": 4}]}]}, {"Node Type": "Hash", "Parent Relationship": "Inner", "Startup Cost": 116441.27, "Total Cost": 116441.27, "Plan Rows": 1748840, "Plan Width": 21, "Plans": [{"Node Type": "Index Scan", "Parent Relationship": "Outer", "Scan Direction": "Forward", "Index Name": "title_pkey", "Relation Name": "title", "Alias": "t", "Startup Cost": 0.0, "Total Cost": 116441.27, "Plan Rows": 1748840, "Plan Width": 21, "Filter": "(production_year > 1990), (LLVM Optimized)"}]}]}]}, "Unique SQL Id": 3145361615}, "explain_analyze_plan": null}, "(1, 106)": {"explain_plan": {"Plan": {"Node Type": "Aggregate", "Strategy": "Plain", "Startup Cost": 1041361.98, "Total Cost": 1041361.99, "Plan Rows": 1, "Plan Width": 97, "Plans": [{"Node Type": "Hash Join", "Parent Relationship": "Outer", "Join Type": "Inner", "Startup Cost": 930928.48, "Total Cost": 1036514.92, "Plan Rows": 969413, "Plan Width": 33, "Inner Unique": true, "Hash Cond": "(ci.role_id = rt.id), (LLVM Optimized)", "Plans": [{"Node Type": "Hash Join", "Parent Relationship": "Outer", "Join Type": "Inner", "Startup Cost": 930927.21, "Total Cost": 1023184.22, "Plan Rows": 969413, "Plan Width": 37, "Inner Unique": true, "Hash Cond": "(mc.company_type_id = ct.id), (LLVM Optimized)", "Plans": [{"Node Type": "Hash Join", "Parent Relationship": "Outer", "Join Type": "Inner", "Startup Cost": 930926.14, "Total Cost": 1009853.72, "Plan Rows": 969413, "Plan Width": 41, "Inner Unique": false, "Hash Cond": "(mc.movie_id = t.id), (LLVM Optimized)", "Plans": [{"Node Type": "Hash Join", "Parent Relationship": "Outer", "Join Type": "Inner", "Startup Cost": 6968.08, "Total Cost": 71392.69, "Plan Rows": 1282311, "Plan Width": 8, "Inner Unique": true, "Hash Cond": "(mc.company_id = cn.id), (LLVM Optimized)", "Plans": [{"Node Type": "Seq Scan", "Parent Relationship": "Outer", "Relation Name": "movie_companies", "Alias": "mc", "Startup Cost": 0.0, "Total Cost": 41817.28, "Plan Rows": 2609128, "Plan Width": 12}, {"Node Type": "Hash", "Parent Relationship": "Inner", "Startup Cost": 5903.45, "Total Cost": 5903.45, "Plan Rows": 85170, "Plan Width": 4, "Plans": [{"Node Type": "Seq Scan", "Parent Relationship": "Outer", "Relation Name": "company_name", "Alias": "cn", "Startup Cost": 0.0, "Total Cost": 5903.45, "Plan Rows": 85170, "Plan Width": 4, "Filter": "((country_code)::text = '[us]'::text)"}]}]}, {"Node Type": "Hash", "Parent Relationship": "Inner", "Startup Cost": 912029.03, "Total Cost": 912029.03, "Plan Rows": 954323, "Plan Width": 45, "Plans": [{"Node Type": "Hash Join", "Parent Relationship": "Outer", "Join Type": "Inner", "Startup Cost": 194997.99, "Total Cost": 912029.03, "Plan Rows": 954323, "Plan Width": 45, "Inner Unique": true, "Hash Cond": "(ci.movie_id = t.id), (LLVM Optimized)", "Plans": [{"Node Type": "Hash Join", "Parent Relationship": "Outer", "Join Type": "Inner", "Startup Cost": 106747.61, "Total Cost": 811624.17, "Plan Rows": 696330, "Plan Width": 24, "Inner Unique": true, "Hash Cond": "(ci.person_role_id = chn.id), (LLVM Optimized)", "Plans": [{"Node Type": "Seq Scan", "Parent Relationship": "Outer", "Relation Name": "cast_info", "Alias": "ci", "Startup Cost": 0.0, "Total Cost": 692526.68, "Plan Rows": 1436424, "Plan Width": 12, "Filter": "((note)::text ~~ '%(producer)%'::text), (LLVM Optimized)"}, {"Node Type": "Hash", "Parent Relationship": "Inner", "Startup Cost": 67493.38, "Total Cost": 67493.38, "Plan Rows": 3140338, "Plan Width": 20, "Plans": [{"Node Type": "Seq Scan", "Parent Relationship": "Outer", "Relation Name": "char_name", "Alias": "chn", "Startup Cost": 0.0, "Total Cost": 67493.38, "Plan Rows": 3140338, "Plan Width": 20}]}]}, {"Node Type": "Hash", "Parent Relationship": "Inner", "Startup Cost": 66389.89, "Total Cost": 66389.89, "Plan Rows": 1748840, "Plan Width": 21, "Plans": [{"Node Type": "Seq Scan", "Parent Relationship": "Outer", "Relation Name": "title", "Alias": "t", "Startup Cost": 0.0, "Total Cost": 66389.89, "Plan Rows": 1748840, "Plan Width": 21, "Filter": "(production_year > 1990), (LLVM Optimized)"}]}]}]}]}, {"Node Type": "Hash", "Parent Relationship": "Inner", "Startup Cost": 1.03, "Total Cost": 1.03, "Plan Rows": 3, "Plan Width": 4, "Plans": [{"Node Type": "Seq Scan", "Parent Relationship": "Outer", "Relation Name": "company_type", "Alias": "ct", "Startup Cost": 0.0, "Total Cost": 1.03, "Plan Rows": 3, "Plan Width": 4}]}]}, {"Node Type": "Hash", "Parent Relationship": "Inner", "Startup Cost": 1.12, "Total Cost": 1.12, "Plan Rows": 12, "Plan Width": 4, "Plans": [{"Node Type": "Seq Scan", "Parent Relationship": "Outer", "Relation Name": "role_type", "Alias": "rt", "Startup Cost": 0.0, "Total Cost": 1.12, "Plan Rows": 12, "Plan Width": 4}]}]}]}, "Unique SQL Id": 3145361615}, "explain_analyze_plan": {"Plan": {"Node Type": "Aggregate", "Strategy": "Plain", "Startup Cost": 1041361.98, "Total Cost": 1041361.99, "Plan Rows": 1, "Plan Width": 97, "Actual Startup Time": 16188.609, "Actual Total Time": 16188.61, "Actual Rows": 1, "Actual Loops": 1, "Plans": [{"Node Type": "Hash Join", "Parent Relationship": "Outer", "Join Type": "Inner", "Startup Cost": 930928.48, "Total Cost": 1036514.92, "Plan Rows": 969413, "Plan Width": 33, "Actual Startup Time": 15828.872, "Actual Total Time": 16188.552, "Actual Rows": 4, "Actual Loops": 1, "Inner Unique": true, "Hash Cond": "(ci.role_id = rt.id), (LLVM Optimized, Jit Execute)", "Plans": [{"Node Type": "Hash Join", "Parent Relationship": "Outer", "Join Type": "Inner", "Startup Cost": 930927.21, "Total Cost": 1023184.22, "Plan Rows": 969413, "Plan Width": 37, "Actual Startup Time": 15828.776, "Actual Total Time": 16188.441, "Actual Rows": 4, "Actual Loops": 1, "Inner Unique": true, "Hash Cond": "(mc.company_type_id = ct.id), (LLVM Optimized, Jit Execute)", "Plans": [{"Node Type": "Hash Join", "Parent Relationship": "Outer", "Join Type": "Inner", "Startup Cost": 930926.14, "Total Cost": 1009853.72, "Plan Rows": 969413, "Plan Width": 41, "Actual Startup Time": 15005.566, "Actual Total Time": 16188.307, "Actual Rows": 10, "Actual Loops": 1, "Inner Unique": false, "Hash Cond": "(mc.movie_id = t.id), (LLVM Optimized, Jit Execute)", "Plans": [{"Node Type": "Hash Join", "Parent Relationship": "Outer", "Join Type": "Inner", "Startup Cost": 6968.08, "Total Cost": 71392.69, "Plan Rows": 1282311, "Plan Width": 8, "Actual Startup Time": 112.673, "Actual Total Time": 1492.413, "Actual Rows": 1153797, "Actual Loops": 1, "Inner Unique": true, "Hash Cond": "(mc.company_id = cn.id), (LLVM Optimized, Jit Execute)", "Plans": [{"Node Type": "Seq Scan", "Parent Relationship": "Outer", "Relation Name": "movie_companies", "Alias": "mc", "Startup Cost": 0.0, "Total Cost": 41817.28, "Plan Rows": 2609128, "Plan Width": 12, "Actual Startup Time": 0.016, "Actual Total Time": 568.795, "Actual Rows": 2609128, "Actual Loops": 1}, {"Node Type": "Hash", "Parent Relationship": "Inner", "Startup Cost": 5903.45, "Total Cost": 5903.45, "Plan Rows": 85170, "Plan Width": 4, "Actual Startup Time": 112.55, "Actual Total Time": 112.55, "Actual Rows": 84843, "Actual Loops": 1, "Hash Buckets": 131072, "Hash Batches": 1, "Original Hash Batches": 1, "Peak Memory Usage": 2983, "Plans": [{"Node Type": "Seq Scan", "Parent Relationship": "Outer", "Relation Name": "company_name", "Alias": "cn", "Startup Cost": 0.0, "Total Cost": 5903.45, "Plan Rows": 85170, "Plan Width": 4, "Actual Startup Time": 0.027, "Actual Total Time": 89.932, "Actual Rows": 84843, "Actual Loops": 1, "Filter": "((country_code)::text = '[us]'::text)", "Rows Removed by Filter": 150153}]}]}, {"Node Type": "Hash", "Parent Relationship": "Inner", "Startup Cost": 912029.03, "Total Cost": 912029.03, "Plan Rows": 954323, "Plan Width": 45, "Actual Startup Time": 14488.293, "Actual Total Time": 14488.293, "Actual Rows": 12, "Actual Loops": 1, "Hash Buckets": 1048576, "Hash Batches": 1, "Original Hash Batches": 1, "Peak Memory Usage": 1, "Plans": [{"Node Type": "Hash Join", "Parent Relationship": "Outer", "Join Type": "Inner", "Startup Cost": 194997.99, "Total Cost": 912029.03, "Plan Rows": 954323, "Plan Width": 45, "Actual Startup Time": 4529.624, "Actual Total Time": 14488.212, "Actual Rows": 12, "Actual Loops": 1, "Inner Unique": true, "Hash Cond": "(ci.movie_id = t.id), (LLVM Optimized, Jit Execute)", "Plans": [{"Node Type": "Hash Join", "Parent Relationship": "Outer", "Join Type": "Inner", "Startup Cost": 106747.61, "Total Cost": 811624.17, "Plan Rows": 696330, "Plan Width": 24, "Actual Startup Time": 2991.698, "Actual Total Time": 12936.256, "Actual Rows": 15, "Actual Loops": 1, "Inner Unique": true, "Hash Cond": "(ci.person_role_id = chn.id), (LLVM Optimized, Jit Execute)", "Plans": [{"Node Type": "Seq Scan", "Parent Relationship": "Outer", "Relation Name": "cast_info", "Alias": "ci", "Startup Cost": 0.0, "Total Cost": 692526.68, "Plan Rows": 1436424, "Plan Width": 12, "Actual Startup Time": 689.018, "Actual Total Time": 10483.608, "Actual Rows": 1435439, "Actual Loops": 1, "Filter": "((note)::text ~~ '%(producer)%'::text), (LLVM Optimized, Jit Execute)", "Rows Removed by Filter": 34808904}, {"Node Type": "Hash", "Parent Relationship": "Inner", "Startup Cost": 67493.38, "Total Cost": 67493.38, "Plan Rows": 3140338, "Plan Width": 20, "Actual Startup Time": 2297.894, "Actual Total Time": 2297.894, "Actual Rows": 3140338, "Actual Loops": 1, "Hash Buckets": 4194304, "Hash Batches": 1, "Original Hash Batches": 1, "Peak Memory Usage": 165269, "Plans": [{"Node Type": "Seq Scan", "Parent Relationship": "Outer", "Relation Name": "char_name", "Alias": "chn", "Startup Cost": 0.0, "Total Cost": 67493.38, "Plan Rows": 3140338, "Plan Width": 20, "Actual Startup Time": 0.047, "Actual Total Time": 983.534, "Actual Rows": 3140338, "Actual Loops": 1}]}]}, {"Node Type": "Hash", "Parent Relationship": "Inner", "Startup Cost": 66389.89, "Total Cost": 66389.89, "Plan Rows": 1748840, "Plan Width": 21, "Actual Startup Time": 1536.691, "Actual Total Time": 1536.691, "Actual Rows": 1749032, "Actual Loops": 1, "Hash Buckets": 2097152, "Hash Batches": 1, "Original Hash Batches": 1, "Peak Memory Usage": 93635, "Plans": [{"Node Type": "Seq Scan", "Parent Relationship": "Outer", "Relation Name": "title", "Alias": "t", "Startup Cost": 0.0, "Total Cost": 66389.89, "Plan Rows": 1748840, "Plan Width": 21, "Actual Startup Time": 0.032, "Actual Total Time": 903.509, "Actual Rows": 1749032, "Actual Loops": 1, "Filter": "(production_year > 1990), (LLVM Optimized, Jit Execute)", "Rows Removed by Filter": 779279}]}]}]}]}, {"Node Type": "Hash", "Parent Relationship": "Inner", "Startup Cost": 1.03, "Total Cost": 1.03, "Plan Rows": 3, "Plan Width": 4, "Actual Startup Time": 0.007, "Actual Total Time": 0.007, "Actual Rows": 3, "Actual Loops": 1, "Hash Buckets": 32768, "Hash Batches": 1, "Original Hash Batches": 1, "Peak Memory Usage": 1, "Plans": [{"Node Type": "Seq Scan", "Parent Relationship": "Outer", "Relation Name": "company_type", "Alias": "ct", "Startup Cost": 0.0, "Total Cost": 1.03, "Plan Rows": 3, "Plan Width": 4, "Actual Startup Time": 0.003, "Actual Total Time": 0.003, "Actual Rows": 3, "Actual Loops": 1}]}]}, {"Node Type": "Hash", "Parent Relationship": "Inner", "Startup Cost": 1.12, "Total Cost": 1.12, "Plan Rows": 12, "Plan Width": 4, "Actual Startup Time": 0.039, "Actual Total Time": 0.039, "Actual Rows": 12, "Actual Loops": 1, "Hash Buckets": 32768, "Hash Batches": 1, "Original Hash Batches": 1, "Peak Memory Usage": 1, "Plans": [{"Node Type": "Seq Scan", "Parent Relationship": "Outer", "Relation Name": "role_type", "Alias": "rt", "Startup Cost": 0.0, "Total Cost": 1.12, "Plan Rows": 12, "Plan Width": 4, "Actual Startup Time": 0.018, "Actual Total Time": 0.024, "Actual Rows": 12, "Actual Loops": 1}]}]}]}, "Triggers": [], "Planner Runtime": 41.396, "Total Runtime": 16199.863, "Unique SQL Id": 3145361615}}, "(1, 107)": {"explain_plan": {"Plan": {"Node Type": "Aggregate", "Strategy": "Plain", "Startup Cost": 7000178568599.87, "Total Cost": 7000178568599.88, "Plan Rows": 1, "Plan Width": 97, "Plans": [{"Node Type": "Hash Join", "Parent Relationship": "Outer", "Join Type": "Inner", "Startup Cost": 6010035096494.28, "Total Cost": 7000178563752.8, "Plan Rows": 969413, "Plan Width": 33, "Inner Unique": true, "Hash Cond": "(mc.movie_id = t.id), (LLVM Optimized)", "Plans": [{"Node Type": "Hash Join", "Parent Relationship": "Outer", "Join Type": "Inner", "Startup Cost": 5010023430507.12, "Total Cost": 6000166885447.52, "Plan Rows": 699731, "Plan Width": 24, "Inner Unique": true, "Hash Cond": "(ci.role_id = rt.id), (LLVM Optimized)", "Plans": [{"Node Type": "Hash Join", "Parent Relationship": "Outer", "Join Type": "Inner", "Startup Cost": 4010023429663.96, "Total Cost": 5000166874983.06, "Plan Rows": 699731, "Plan Width": 28, "Inner Unique": true, "Hash Cond": "(mc.company_type_id = ct.id), (LLVM Optimized)", "Plans": [{"Node Type": "Hash Join", "Parent Relationship": "Outer", "Join Type": "Inner", "Startup Cost": 3010023428834.43, "Total Cost": 4000166864532.23, "Plan Rows": 699731, "Plan Width": 32, "Inner Unique": true, "Hash Cond": "(mc.company_id = cn.id), (LLVM Optimized)", "Plans": [{"Node Type": "Hash Join", "Parent Relationship": "Outer", "Join Type": "Inner", "Startup Cost": 2010022377630.83, "Total Cost": 3000165800992.27, "Plan Rows": 1423748, "Plan Width": 36, "Inner Unique": false, "Hash Cond": "(ci.movie_id = mc.movie_id), (LLVM Optimized)", "Plans": [{"Node Type": "Hash Join", "Parent Relationship": "Outer", "Join Type": "Inner", "Startup Cost": 1010013026799.73, "Total Cost": 2000156257489.12, "Plan Rows": 696330, "Plan Width": 24, "Inner Unique": true, "Hash Cond": "(ci.person_role_id = chn.id), (LLVM Optimized)", "Plans": [{"Node Type": "Index Scan", "Parent Relationship": "Outer", "Scan Direction": "Forward", "Index Name": "role_id_cast_info", "Relation Name": "cast_info", "Alias": "ci", "Startup Cost": 10000000000.0, "Total Cost": 1000143218339.5, "Plan Rows": 1436424, "Plan Width": 12, "Filter": "((note)::text ~~ '%(producer)%'::text), (LLVM Optimized)"}, {"Node Type": "Hash", "Parent Relationship": "Inner", "Startup Cost": 1000012987545.51, "Total Cost": 1000012987545.51, "Plan Rows": 3140338, "Plan Width": 20, "Plans": [{"Node Type": "Index Scan", "Parent Relationship": "Outer", "Scan Direction": "Forward", "Index Name": "char_name_pkey", "Relation Name": "char_name", "Alias": "chn", "Startup Cost": 10000000000.0, "Total Cost": 1000012987545.51, "Plan Rows": 3140338, "Plan Width": 20}]}]}, {"Node Type": "Hash", "Parent Relationship": "Inner", "Startup Cost": 1000009318217.0, "Total Cost": 1000009318217.0, "Plan Rows": 2609128, "Plan Width": 12, "Plans": [{"Node Type": "Index Scan", "Parent Relationship": "Outer", "Scan Direction": "Forward", "Index Name": "company_type_id_movie_companies", "Relation Name": "movie_companies", "Alias": "mc", "Startup Cost": 10000000000.0, "Total Cost": 1000009318217.0, "Plan Rows": 2609128, "Plan Width": 12}]}]}, {"Node Type": "Hash", "Parent Relationship": "Inner", "Startup Cost": 1000001050138.97, "Total Cost": 1000001050138.97, "Plan Rows": 85170, "Plan Width": 4, "Plans": [{"Node Type": "Index Scan", "Parent Relationship": "Outer", "Scan Direction": "Forward", "Index Name": "company_name_pkey", "Relation Name": "company_name", "Alias": "cn", "Startup Cost": 10000000000.0, "Total Cost": 1000001050138.97, "Plan Rows": 85170, "Plan Width": 4, "Filter": "((country_code)::text = '[us]'::text)"}]}]}, {"Node Type": "Hash", "Parent Relationship": "Inner", "Startup Cost": 1000000000829.5, "Total Cost": 1000000000829.5, "Plan Rows": 3, "Plan Width": 4, "Plans": [{"Node Type": "Index Only Scan", "Parent Relationship": "Outer", "Scan Direction": "Forward", "Index Name": "company_type_pkey", "Relation Name": "company_type", "Alias": "ct", "Startup Cost": 10000000000.0, "Total Cost": 1000000000829.5, "Plan Rows": 3, "Plan Width": 4}]}]}, {"Node Type": "Hash", "Parent Relationship": "Inner", "Startup Cost": 1000000000843.0, "Total Cost": 1000000000843.0, "Plan Rows": 12, "Plan Width": 4, "Plans": [{"Node Type": "Index Only Scan", "Parent Relationship": "Outer", "Scan Direction": "Forward", "Index Name": "role_type_pkey", "Relation Name": "role_type", "Alias": "rt", "Startup Cost": 10000000000.0, "Total Cost": 1000000000843.0, "Plan Rows": 12, "Plan Width": 4}]}]}, {"Node Type": "Hash", "Parent Relationship": "Inner", "Startup Cost": 1000011644126.66, "Total Cost": 1000011644126.66, "Plan Rows": 1748840, "Plan Width": 21, "Plans": [{"Node Type": "Index Scan", "Parent Relationship": "Outer", "Scan Direction": "Forward", "Index Name": "title_pkey", "Relation Name": "title", "Alias": "t", "Startup Cost": 10000000000.0, "Total Cost": 1000011644126.66, "Plan Rows": 1748840, "Plan Width": 21, "Filter": "(production_year > 1990), (LLVM Optimized)"}]}]}]}, "Unique SQL Id": 3145361615}, "explain_analyze_plan": {"Plan": {"Node Type": "Aggregate", "Strategy": "Plain", "Startup Cost": 7000178568599.87, "Total Cost": 7000178568599.88, "Plan Rows": 1, "Plan Width": 97, "Actual Startup Time": 30273.522, "Actual Total Time": 30273.523, "Actual Rows": 1, "Actual Loops": 1, "Plans": [{"Node Type": "Hash Join", "Parent Relationship": "Outer", "Join Type": "Inner", "Startup Cost": 6010035096494.28, "Total Cost": 7000178563752.8, "Plan Rows": 969413, "Plan Width": 33, "Actual Startup Time": 12812.586, "Actual Total Time": 30273.464, "Actual Rows": 4, "Actual Loops": 1, "Inner Unique": true, "Hash Cond": "(mc.movie_id = t.id), (LLVM Optimized, Jit Execute)", "Plans": [{"Node Type": "Hash Join", "Parent Relationship": "Outer", "Join Type": "Inner", "Startup Cost": 5010023430507.12, "Total Cost": 6000166885447.52, "Plan Rows": 699731, "Plan Width": 24, "Actual Startup Time": 8871.368, "Actual Total Time": 26332.21, "Actual Rows": 6, "Actual Loops": 1, "Inner Unique": true, "Hash Cond": "(ci.role_id = rt.id), (LLVM Optimized, Jit Execute)", "Plans": [{"Node Type": "Hash Join", "Parent Relationship": "Outer", "Join Type": "Inner", "Startup Cost": 4010023429663.96, "Total Cost": 5000166874983.06, "Plan Rows": 699731, "Plan Width": 28, "Actual Startup Time": 8871.271, "Actual Total Time": 26332.087, "Actual Rows": 6, "Actual Loops": 1, "Inner Unique": true, "Hash Cond": "(mc.company_type_id = ct.id), (LLVM Optimized, Jit Execute)", "Plans": [{"Node Type": "Hash Join", "Parent Relationship": "Outer", "Join Type": "Inner", "Startup Cost": 3010023428834.43, "Total Cost": 4000166864532.23, "Plan Rows": 699731, "Plan Width": 32, "Actual Startup Time": 8871.226, "Actual Total Time": 26331.863, "Actual Rows": 14, "Actual Loops": 1, "Inner Unique": true, "Hash Cond": "(mc.company_id = cn.id), (LLVM Optimized, Jit Execute)", "Plans": [{"Node Type": "Hash Join", "Parent Relationship": "Outer", "Join Type": "Inner", "Startup Cost": 2010022377630.83, "Total Cost": 3000165800992.27, "Plan Rows": 1423748, "Plan Width": 36, "Actual Startup Time": 8512.77, "Actual Total Time": 25967.933, "Actual Rows": 31, "Actual Loops": 1, "Inner Unique": false, "Hash Cond": "(ci.movie_id = mc.movie_id), (LLVM Optimized, Jit Execute)", "Plans": [{"Node Type": "Hash Join", "Parent Relationship": "Outer", "Join Type": "Inner", "Startup Cost": 1010013026799.73, "Total Cost": 2000156257489.12, "Plan Rows": 696330, "Plan Width": 24, "Actual Startup Time": 6358.809, "Actual Total Time": 23805.942, "Actual Rows": 15, "Actual Loops": 1, "Inner Unique": true, "Hash Cond": "(ci.person_role_id = chn.id), (LLVM Optimized, Jit Execute)", "Plans": [{"Node Type": "Index Scan", "Parent Relationship": "Outer", "Scan Direction": "Forward", "Index Name": "role_id_cast_info", "Relation Name": "cast_info", "Alias": "ci", "Startup Cost": 10000000000.0, "Total Cost": 1000143218339.5, "Plan Rows": 1436424, "Plan Width": 12, "Actual Startup Time": 1208.604, "Actual Total Time": 18504.039, "Actual Rows": 1435439, "Actual Loops": 1, "Filter": "((note)::text ~~ '%(producer)%'::text), (LLVM Optimized, Jit Execute)", "Rows Removed by Filter": 34808904}, {"Node Type": "Hash", "Parent Relationship": "Inner", "Startup Cost": 1000012987545.51, "Total Cost": 1000012987545.51, "Plan Rows": 3140338, "Plan Width": 20, "Actual Startup Time": 5147.632, "Actual Total Time": 5147.632, "Actual Rows": 3140338, "Actual Loops": 1, "Hash Buckets": 4194304, "Hash Batches": 1, "Original Hash Batches": 1, "Peak Memory Usage": 165269, "Plans": [{"Node Type": "Index Scan", "Parent Relationship": "Outer", "Scan Direction": "Forward", "Index Name": "char_name_pkey", "Relation Name": "char_name", "Alias": "chn", "Startup Cost": 10000000000.0, "Total Cost": 1000012987545.51, "Plan Rows": 3140338, "Plan Width": 20, "Actual Startup Time": 0.066, "Actual Total Time": 3752.975, "Actual Rows": 3140338, "Actual Loops": 1}]}]}, {"Node Type": "Hash", "Parent Relationship": "Inner", "Startup Cost": 1000009318217.0, "Total Cost": 1000009318217.0, "Plan Rows": 2609128, "Plan Width": 12, "Actual Startup Time": 2151.487, "Actual Total Time": 2151.487, "Actual Rows": 2609128, "Actual Loops": 1, "Hash Buckets": 4194304, "Hash Batches": 1, "Original Hash Batches": 1, "Peak Memory Usage": 112111, "Plans": [{"Node Type": "Index Scan", "Parent Relationship": "Outer", "Scan Direction": "Forward", "Index Name": "company_type_id_movie_companies", "Relation Name": "movie_companies", "Alias": "mc", "Startup Cost": 10000000000.0, "Total Cost": 1000009318217.0, "Plan Rows": 2609128, "Plan Width": 12, "Actual Startup Time": 0.037, "Actual Total Time": 1325.276, "Actual Rows": 2609128, "Actual Loops": 1}]}]}, {"Node Type": "Hash", "Parent Relationship": "Inner", "Startup Cost": 1000001050138.97, "Total Cost": 1000001050138.97, "Plan Rows": 85170, "Plan Width": 4, "Actual Startup Time": 358.361, "Actual Total Time": 358.361, "Actual Rows": 84843, "Actual Loops": 1, "Hash Buckets": 131072, "Hash Batches": 1, "Original Hash Batches": 1, "Peak Memory Usage": 2983, "Plans": [{"Node Type": "Index Scan", "Parent Relationship": "Outer", "Scan Direction": "Forward", "Index Name": "company_name_pkey", "Relation Name": "company_name", "Alias": "cn", "Startup Cost": 10000000000.0, "Total Cost": 1000001050138.97, "Plan Rows": 85170, "Plan Width": 4, "Actual Startup Time": 0.05, "Actual Total Time": 320.955, "Actual Rows": 84843, "Actual Loops": 1, "Filter": "((country_code)::text = '[us]'::text)", "Rows Removed by Filter": 150153}]}]}, {"Node Type": "Hash", "Parent Relationship": "Inner", "Startup Cost": 1000000000829.5, "Total Cost": 1000000000829.5, "Plan Rows": 3, "Plan Width": 4, "Actual Startup Time": 0.01, "Actual Total Time": 0.01, "Actual Rows": 3, "Actual Loops": 1, "Hash Buckets": 32768, "Hash Batches": 1, "Original Hash Batches": 1, "Peak Memory Usage": 1, "Plans": [{"Node Type": "Index Only Scan", "Parent Relationship": "Outer", "Scan Direction": "Forward", "Index Name": "company_type_pkey", "Relation Name": "company_type", "Alias": "ct", "Startup Cost": 10000000000.0, "Total Cost": 1000000000829.5, "Plan Rows": 3, "Plan Width": 4, "Actual Startup Time": 0.002, "Actual Total Time": 0.002, "Actual Rows": 3, "Actual Loops": 1, "Heap Fetches": 0}]}]}, {"Node Type": "Hash", "Parent Relationship": "Inner", "Startup Cost": 1000000000843.0, "Total Cost": 1000000000843.0, "Plan Rows": 12, "Plan Width": 4, "Actual Startup Time": 0.028, "Actual Total Time": 0.028, "Actual Rows": 12, "Actual Loops": 1, "Hash Buckets": 32768, "Hash Batches": 1, "Original Hash Batches": 1, "Peak Memory Usage": 1, "Plans": [{"Node Type": "Index Only Scan", "Parent Relationship": "Outer", "Scan Direction": "Forward", "Index Name": "role_type_pkey", "Relation Name": "role_type", "Alias": "rt", "Startup Cost": 10000000000.0, "Total Cost": 1000000000843.0, "Plan Rows": 12, "Plan Width": 4, "Actual Startup Time": 0.014, "Actual Total Time": 0.017, "Actual Rows": 12, "Actual Loops": 1, "Heap Fetches": 0}]}]}, {"Node Type": "Hash", "Parent Relationship": "Inner", "Startup Cost": 1000011644126.66, "Total Cost": 1000011644126.66, "Plan Rows": 1748840, "Plan Width": 21, "Actual Startup Time": 3939.893, "Actual Total Time": 3939.893, "Actual Rows": 1749032, "Actual Loops": 1, "Hash Buckets": 2097152, "Hash Batches": 1, "Original Hash Batches": 1, "Peak Memory Usage": 93635, "Plans": [{"Node Type": "Index Scan", "Parent Relationship": "Outer", "Scan Direction": "Forward", "Index Name": "title_pkey", "Relation Name": "title", "Alias": "t", "Startup Cost": 10000000000.0, "Total Cost": 1000011644126.66, "Plan Rows": 1748840, "Plan Width": 21, "Actual Startup Time": 0.067, "Actual Total Time": 3170.455, "Actual Rows": 1749032, "Actual Loops": 1, "Filter": "(production_year > 1990), (LLVM Optimized, Jit Execute)", "Rows Removed by Filter": 779279}]}]}]}, "Triggers": [], "Planner Runtime": 18.499, "Total Runtime": 30288.979, "Unique SQL Id": 3145361615}}, "(1, 108)": {"explain_plan": {"Plan": {"Node Type": "Aggregate", "Strategy": "Plain", "Startup Cost": 1041361.98, "Total Cost": 1041361.99, "Plan Rows": 1, "Plan Width": 97, "Plans": [{"Node Type": "Hash Join", "Parent Relationship": "Outer", "Join Type": "Inner", "Startup Cost": 930928.48, "Total Cost": 1036514.92, "Plan Rows": 969413, "Plan Width": 33, "Inner Unique": true, "Hash Cond": "(ci.role_id = rt.id), (LLVM Optimized)", "Plans": [{"Node Type": "Hash Join", "Parent Relationship": "Outer", "Join Type": "Inner", "Startup Cost": 930927.21, "Total Cost": 1023184.22, "Plan Rows": 969413, "Plan Width": 37, "Inner Unique": true, "Hash Cond": "(mc.company_type_id = ct.id), (LLVM Optimized)", "Plans": [{"Node Type": "Hash Join", "Parent Relationship": "Outer", "Join Type": "Inner", "Startup Cost": 930926.14, "Total Cost": 1009853.72, "Plan Rows": 969413, "Plan Width": 41, "Inner Unique": false, "Hash Cond": "(mc.movie_id = t.id), (LLVM Optimized)", "Plans": [{"Node Type": "Hash Join", "Parent Relationship": "Outer", "Join Type": "Inner", "Startup Cost": 6968.08, "Total Cost": 71392.69, "Plan Rows": 1282311, "Plan Width": 8, "Inner Unique": true, "Hash Cond": "(mc.company_id = cn.id), (LLVM Optimized)", "Plans": [{"Node Type": "Seq Scan", "Parent Relationship": "Outer", "Relation Name": "movie_companies", "Alias": "mc", "Startup Cost": 0.0, "Total Cost": 41817.28, "Plan Rows": 2609128, "Plan Width": 12}, {"Node Type": "Hash", "Parent Relationship": "Inner", "Startup Cost": 5903.45, "Total Cost": 5903.45, "Plan Rows": 85170, "Plan Width": 4, "Plans": [{"Node Type": "Seq Scan", "Parent Relationship": "Outer", "Relation Name": "company_name", "Alias": "cn", "Startup Cost": 0.0, "Total Cost": 5903.45, "Plan Rows": 85170, "Plan Width": 4, "Filter": "((country_code)::text = '[us]'::text)"}]}]}, {"Node Type": "Hash", "Parent Relationship": "Inner", "Startup Cost": 912029.03, "Total Cost": 912029.03, "Plan Rows": 954323, "Plan Width": 45, "Plans": [{"Node Type": "Hash Join", "Parent Relationship": "Outer", "Join Type": "Inner", "Startup Cost": 194997.99, "Total Cost": 912029.03, "Plan Rows": 954323, "Plan Width": 45, "Inner Unique": true, "Hash Cond": "(ci.movie_id = t.id), (LLVM Optimized)", "Plans": [{"Node Type": "Hash Join", "Parent Relationship": "Outer", "Join Type": "Inner", "Startup Cost": 106747.61, "Total Cost": 811624.17, "Plan Rows": 696330, "Plan Width": 24, "Inner Unique": true, "Hash Cond": "(ci.person_role_id = chn.id), (LLVM Optimized)", "Plans": [{"Node Type": "Seq Scan", "Parent Relationship": "Outer", "Relation Name": "cast_info", "Alias": "ci", "Startup Cost": 0.0, "Total Cost": 692526.68, "Plan Rows": 1436424, "Plan Width": 12, "Filter": "((note)::text ~~ '%(producer)%'::text), (LLVM Optimized)"}, {"Node Type": "Hash", "Parent Relationship": "Inner", "Startup Cost": 67493.38, "Total Cost": 67493.38, "Plan Rows": 3140338, "Plan Width": 20, "Plans": [{"Node Type": "Seq Scan", "Parent Relationship": "Outer", "Relation Name": "char_name", "Alias": "chn", "Startup Cost": 0.0, "Total Cost": 67493.38, "Plan Rows": 3140338, "Plan Width": 20}]}]}, {"Node Type": "Hash", "Parent Relationship": "Inner", "Startup Cost": 66389.89, "Total Cost": 66389.89, "Plan Rows": 1748840, "Plan Width": 21, "Plans": [{"Node Type": "Seq Scan", "Parent Relationship": "Outer", "Relation Name": "title", "Alias": "t", "Startup Cost": 0.0, "Total Cost": 66389.89, "Plan Rows": 1748840, "Plan Width": 21, "Filter": "(production_year > 1990), (LLVM Optimized)"}]}]}]}]}, {"Node Type": "Hash", "Parent Relationship": "Inner", "Startup Cost": 1.03, "Total Cost": 1.03, "Plan Rows": 3, "Plan Width": 4, "Plans": [{"Node Type": "Seq Scan", "Parent Relationship": "Outer", "Relation Name": "company_type", "Alias": "ct", "Startup Cost": 0.0, "Total Cost": 1.03, "Plan Rows": 3, "Plan Width": 4}]}]}, {"Node Type": "Hash", "Parent Relationship": "Inner", "Startup Cost": 1.12, "Total Cost": 1.12, "Plan Rows": 12, "Plan Width": 4, "Plans": [{"Node Type": "Seq Scan", "Parent Relationship": "Outer", "Relation Name": "role_type", "Alias": "rt", "Startup Cost": 0.0, "Total Cost": 1.12, "Plan Rows": 12, "Plan Width": 4}]}]}]}, "Unique SQL Id": 3145361615}, "explain_analyze_plan": {"Plan": {"Node Type": "Aggregate", "Strategy": "Plain", "Startup Cost": 1041361.98, "Total Cost": 1041361.99, "Plan Rows": 1, "Plan Width": 97, "Actual Startup Time": 16188.609, "Actual Total Time": 16188.61, "Actual Rows": 1, "Actual Loops": 1, "Plans": [{"Node Type": "Hash Join", "Parent Relationship": "Outer", "Join Type": "Inner", "Startup Cost": 930928.48, "Total Cost": 1036514.92, "Plan Rows": 969413, "Plan Width": 33, "Actual Startup Time": 15828.872, "Actual Total Time": 16188.552, "Actual Rows": 4, "Actual Loops": 1, "Inner Unique": true, "Hash Cond": "(ci.role_id = rt.id), (LLVM Optimized, Jit Execute)", "Plans": [{"Node Type": "Hash Join", "Parent Relationship": "Outer", "Join Type": "Inner", "Startup Cost": 930927.21, "Total Cost": 1023184.22, "Plan Rows": 969413, "Plan Width": 37, "Actual Startup Time": 15828.776, "Actual Total Time": 16188.441, "Actual Rows": 4, "Actual Loops": 1, "Inner Unique": true, "Hash Cond": "(mc.company_type_id = ct.id), (LLVM Optimized, Jit Execute)", "Plans": [{"Node Type": "Hash Join", "Parent Relationship": "Outer", "Join Type": "Inner", "Startup Cost": 930926.14, "Total Cost": 1009853.72, "Plan Rows": 969413, "Plan Width": 41, "Actual Startup Time": 15005.566, "Actual Total Time": 16188.307, "Actual Rows": 10, "Actual Loops": 1, "Inner Unique": false, "Hash Cond": "(mc.movie_id = t.id), (LLVM Optimized, Jit Execute)", "Plans": [{"Node Type": "Hash Join", "Parent Relationship": "Outer", "Join Type": "Inner", "Startup Cost": 6968.08, "Total Cost": 71392.69, "Plan Rows": 1282311, "Plan Width": 8, "Actual Startup Time": 112.673, "Actual Total Time": 1492.413, "Actual Rows": 1153797, "Actual Loops": 1, "Inner Unique": true, "Hash Cond": "(mc.company_id = cn.id), (LLVM Optimized, Jit Execute)", "Plans": [{"Node Type": "Seq Scan", "Parent Relationship": "Outer", "Relation Name": "movie_companies", "Alias": "mc", "Startup Cost": 0.0, "Total Cost": 41817.28, "Plan Rows": 2609128, "Plan Width": 12, "Actual Startup Time": 0.016, "Actual Total Time": 568.795, "Actual Rows": 2609128, "Actual Loops": 1}, {"Node Type": "Hash", "Parent Relationship": "Inner", "Startup Cost": 5903.45, "Total Cost": 5903.45, "Plan Rows": 85170, "Plan Width": 4, "Actual Startup Time": 112.55, "Actual Total Time": 112.55, "Actual Rows": 84843, "Actual Loops": 1, "Hash Buckets": 131072, "Hash Batches": 1, "Original Hash Batches": 1, "Peak Memory Usage": 2983, "Plans": [{"Node Type": "Seq Scan", "Parent Relationship": "Outer", "Relation Name": "company_name", "Alias": "cn", "Startup Cost": 0.0, "Total Cost": 5903.45, "Plan Rows": 85170, "Plan Width": 4, "Actual Startup Time": 0.027, "Actual Total Time": 89.932, "Actual Rows": 84843, "Actual Loops": 1, "Filter": "((country_code)::text = '[us]'::text)", "Rows Removed by Filter": 150153}]}]}, {"Node Type": "Hash", "Parent Relationship": "Inner", "Startup Cost": 912029.03, "Total Cost": 912029.03, "Plan Rows": 954323, "Plan Width": 45, "Actual Startup Time": 14488.293, "Actual Total Time": 14488.293, "Actual Rows": 12, "Actual Loops": 1, "Hash Buckets": 1048576, "Hash Batches": 1, "Original Hash Batches": 1, "Peak Memory Usage": 1, "Plans": [{"Node Type": "Hash Join", "Parent Relationship": "Outer", "Join Type": "Inner", "Startup Cost": 194997.99, "Total Cost": 912029.03, "Plan Rows": 954323, "Plan Width": 45, "Actual Startup Time": 4529.624, "Actual Total Time": 14488.212, "Actual Rows": 12, "Actual Loops": 1, "Inner Unique": true, "Hash Cond": "(ci.movie_id = t.id), (LLVM Optimized, Jit Execute)", "Plans": [{"Node Type": "Hash Join", "Parent Relationship": "Outer", "Join Type": "Inner", "Startup Cost": 106747.61, "Total Cost": 811624.17, "Plan Rows": 696330, "Plan Width": 24, "Actual Startup Time": 2991.698, "Actual Total Time": 12936.256, "Actual Rows": 15, "Actual Loops": 1, "Inner Unique": true, "Hash Cond": "(ci.person_role_id = chn.id), (LLVM Optimized, Jit Execute)", "Plans": [{"Node Type": "Seq Scan", "Parent Relationship": "Outer", "Relation Name": "cast_info", "Alias": "ci", "Startup Cost": 0.0, "Total Cost": 692526.68, "Plan Rows": 1436424, "Plan Width": 12, "Actual Startup Time": 689.018, "Actual Total Time": 10483.608, "Actual Rows": 1435439, "Actual Loops": 1, "Filter": "((note)::text ~~ '%(producer)%'::text), (LLVM Optimized, Jit Execute)", "Rows Removed by Filter": 34808904}, {"Node Type": "Hash", "Parent Relationship": "Inner", "Startup Cost": 67493.38, "Total Cost": 67493.38, "Plan Rows": 3140338, "Plan Width": 20, "Actual Startup Time": 2297.894, "Actual Total Time": 2297.894, "Actual Rows": 3140338, "Actual Loops": 1, "Hash Buckets": 4194304, "Hash Batches": 1, "Original Hash Batches": 1, "Peak Memory Usage": 165269, "Plans": [{"Node Type": "Seq Scan", "Parent Relationship": "Outer", "Relation Name": "char_name", "Alias": "chn", "Startup Cost": 0.0, "Total Cost": 67493.38, "Plan Rows": 3140338, "Plan Width": 20, "Actual Startup Time": 0.047, "Actual Total Time": 983.534, "Actual Rows": 3140338, "Actual Loops": 1}]}]}, {"Node Type": "Hash", "Parent Relationship": "Inner", "Startup Cost": 66389.89, "Total Cost": 66389.89, "Plan Rows": 1748840, "Plan Width": 21, "Actual Startup Time": 1536.691, "Actual Total Time": 1536.691, "Actual Rows": 1749032, "Actual Loops": 1, "Hash Buckets": 2097152, "Hash Batches": 1, "Original Hash Batches": 1, "Peak Memory Usage": 93635, "Plans": [{"Node Type": "Seq Scan", "Parent Relationship": "Outer", "Relation Name": "title", "Alias": "t", "Startup Cost": 0.0, "Total Cost": 66389.89, "Plan Rows": 1748840, "Plan Width": 21, "Actual Startup Time": 0.032, "Actual Total Time": 903.509, "Actual Rows": 1749032, "Actual Loops": 1, "Filter": "(production_year > 1990), (LLVM Optimized, Jit Execute)", "Rows Removed by Filter": 779279}]}]}]}]}, {"Node Type": "Hash", "Parent Relationship": "Inner", "Startup Cost": 1.03, "Total Cost": 1.03, "Plan Rows": 3, "Plan Width": 4, "Actual Startup Time": 0.007, "Actual Total Time": 0.007, "Actual Rows": 3, "Actual Loops": 1, "Hash Buckets": 32768, "Hash Batches": 1, "Original Hash Batches": 1, "Peak Memory Usage": 1, "Plans": [{"Node Type": "Seq Scan", "Parent Relationship": "Outer", "Relation Name": "company_type", "Alias": "ct", "Startup Cost": 0.0, "Total Cost": 1.03, "Plan Rows": 3, "Plan Width": 4, "Actual Startup Time": 0.003, "Actual Total Time": 0.003, "Actual Rows": 3, "Actual Loops": 1}]}]}, {"Node Type": "Hash", "Parent Relationship": "Inner", "Startup Cost": 1.12, "Total Cost": 1.12, "Plan Rows": 12, "Plan Width": 4, "Actual Startup Time": 0.039, "Actual Total Time": 0.039, "Actual Rows": 12, "Actual Loops": 1, "Hash Buckets": 32768, "Hash Batches": 1, "Original Hash Batches": 1, "Peak Memory Usage": 1, "Plans": [{"Node Type": "Seq Scan", "Parent Relationship": "Outer", "Relation Name": "role_type", "Alias": "rt", "Startup Cost": 0.0, "Total Cost": 1.12, "Plan Rows": 12, "Plan Width": 4, "Actual Startup Time": 0.018, "Actual Total Time": 0.024, "Actual Rows": 12, "Actual Loops": 1}]}]}]}, "Triggers": [], "Planner Runtime": 41.396, "Total Runtime": 16199.863, "Unique SQL Id": 3145361615}}, "(1, 109)": {"explain_plan": {"Plan": {"Node Type": "Aggregate", "Strategy": "Plain", "Startup Cost": 1734937.7, "Total Cost": 1734937.71, "Plan Rows": 1, "Plan Width": 97, "Plans": [{"Node Type": "Hash Join", "Parent Relationship": "Outer", "Join Type": "Inner", "Startup Cost": 319022.37, "Total Cost": 1730090.63, "Plan Rows": 969413, "Plan Width": 33, "Inner Unique": true, "Hash Cond": "(mc.movie_id = t.id), (LLVM Optimized)", "Plans": [{"Node Type": "Hash Join", "Parent Relationship": "Outer", "Join Type": "Inner", "Startup Cost": 180720.61, "Total Cost": 1579470.74, "Plan Rows": 699731, "Plan Width": 24, "Inner Unique": true, "Hash Cond": "(ci.role_id = rt.id), (LLVM Optimized)", "Plans": [{"Node Type": "Hash Join", "Parent Relationship": "Outer", "Join Type": "Inner", "Startup Cost": 180708.03, "Total Cost": 1569836.86, "Plan Rows": 699731, "Plan Width": 28, "Inner Unique": true, "Hash Cond": "(mc.company_type_id = ct.id), (LLVM Optimized)", "Plans": [{"Node Type": "Hash Join", "Parent Relationship": "Outer", "Join Type": "Inner", "Startup Cost": 180695.69, "Total Cost": 1560203.23, "Plan Rows": 699731, "Plan Width": 32, "Inner Unique": true, "Hash Cond": "(ci.person_role_id = chn.id), (LLVM Optimized)", "Plans": [{"Node Type": "Nested Loop", "Parent Relationship": "Outer", "Join Type": "Inner", "Startup Cost": 11566.01, "Total Cost": 1378663.33, "Plan Rows": 1443440, "Plan Width": 20, "Inner Unique": false, "Plans": [{"Node Type": "Hash Join", "Parent Relationship": "Outer", "Join Type": "Inner", "Startup Cost": 11566.01, "Total Cost": 127355.52, "Plan Rows": 1282311, "Plan Width": 8, "Inner Unique": true, "Hash Cond": "(mc.company_id = cn.id), (LLVM Optimized)", "Plans": [{"Node Type": "Index Scan", "Parent Relationship": "Outer", "Scan Direction": "Forward", "Index Name": "company_type_id_movie_companies", "Relation Name": "movie_companies", "Alias": "mc", "Startup Cost": 0.0, "Total Cost": 93182.17, "Plan Rows": 2609128, "Plan Width": 12}, {"Node Type": "Hash", "Parent Relationship": "Inner", "Startup Cost": 10501.39, "Total Cost": 10501.39, "Plan Rows": 85170, "Plan Width": 4, "Plans": [{"Node Type": "Index Scan", "Parent Relationship": "Outer", "Scan Direction": "Forward", "Index Name": "company_name_pkey", "Relation Name": "company_name", "Alias": "cn", "Startup Cost": 0.0, "Total Cost": 10501.39, "Plan Rows": 85170, "Plan Width": 4, "Filter": "((country_code)::text = '[us]'::text)"}]}]}, {"Node Type": "Index Scan", "Parent Relationship": "Inner", "Scan Direction": "Forward", "Index Name": "movie_id_cast_info", "Relation Name": "cast_info", "Alias": "ci", "Startup Cost": 0.0, "Total Cost": 0.97, "Plan Rows": 1, "Plan Width": 12, "Index Cond": "(movie_id = mc.movie_id)", "Filter": "((note)::text ~~ '%(producer)%'::text)"}]}, {"Node Type": "Hash", "Parent Relationship": "Inner", "Startup Cost": 129875.46, "Total Cost": 129875.46, "Plan Rows": 3140338, "Plan Width": 20, "Plans": [{"Node Type": "Index Scan", "Parent Relationship": "Outer", "Scan Direction": "Forward", "Index Name": "char_name_pkey", "Relation Name": "char_name", "Alias": "chn", "Startup Cost": 0.0, "Total Cost": 129875.46, "Plan Rows": 3140338, "Plan Width": 20}]}]}, {"Node Type": "Hash", "Parent Relationship": "Inner", "Startup Cost": 12.29, "Total Cost": 12.29, "Plan Rows": 3, "Plan Width": 4, "Plans": [{"Node Type": "Index Scan", "Parent Relationship": "Outer", "Scan Direction": "Forward", "Index Name": "company_type_pkey", "Relation Name": "company_type", "Alias": "ct", "Startup Cost": 0.0, "Total Cost": 12.29, "Plan Rows": 3, "Plan Width": 4}]}]}, {"Node Type": "Hash", "Parent Relationship": "Inner", "Startup Cost": 12.43, "Total Cost": 12.43, "Plan Rows": 12, "Plan Width": 4, "Plans": [{"Node Type": "Index Scan", "Parent Relationship": "Outer", "Scan Direction": "Forward", "Index Name": "role_type_pkey", "Relation Name": "role_type", "Alias": "rt", "Startup Cost": 0.0, "Total Cost": 12.43, "Plan Rows": 12, "Plan Width": 4}]}]}, {"Node Type": "Hash", "Parent Relationship": "Inner", "Startup Cost": 116441.27, "Total Cost": 116441.27, "Plan Rows": 1748840, "Plan Width": 21, "Plans": [{"Node Type": "Index Scan", "Parent Relationship": "Outer", "Scan Direction": "Forward", "Index Name": "title_pkey", "Relation Name": "title", "Alias": "t", "Startup Cost": 0.0, "Total Cost": 116441.27, "Plan Rows": 1748840, "Plan Width": 21, "Filter": "(production_year > 1990), (LLVM Optimized)"}]}]}]}, "Unique SQL Id": 3145361615}, "explain_analyze_plan": null}, "(1, 110)": {"explain_plan": {"Plan": {"Node Type": "Aggregate", "Strategy": "Plain", "Startup Cost": 1041361.98, "Total Cost": 1041361.99, "Plan Rows": 1, "Plan Width": 97, "Plans": [{"Node Type": "Hash Join", "Parent Relationship": "Outer", "Join Type": "Inner", "Startup Cost": 930928.48, "Total Cost": 1036514.92, "Plan Rows": 969413, "Plan Width": 33, "Inner Unique": true, "Hash Cond": "(ci.role_id = rt.id), (LLVM Optimized)", "Plans": [{"Node Type": "Hash Join", "Parent Relationship": "Outer", "Join Type": "Inner", "Startup Cost": 930927.21, "Total Cost": 1023184.22, "Plan Rows": 969413, "Plan Width": 37, "Inner Unique": true, "Hash Cond": "(mc.company_type_id = ct.id), (LLVM Optimized)", "Plans": [{"Node Type": "Hash Join", "Parent Relationship": "Outer", "Join Type": "Inner", "Startup Cost": 930926.14, "Total Cost": 1009853.72, "Plan Rows": 969413, "Plan Width": 41, "Inner Unique": false, "Hash Cond": "(mc.movie_id = t.id), (LLVM Optimized)", "Plans": [{"Node Type": "Hash Join", "Parent Relationship": "Outer", "Join Type": "Inner", "Startup Cost": 6968.08, "Total Cost": 71392.69, "Plan Rows": 1282311, "Plan Width": 8, "Inner Unique": true, "Hash Cond": "(mc.company_id = cn.id), (LLVM Optimized)", "Plans": [{"Node Type": "Seq Scan", "Parent Relationship": "Outer", "Relation Name": "movie_companies", "Alias": "mc", "Startup Cost": 0.0, "Total Cost": 41817.28, "Plan Rows": 2609128, "Plan Width": 12}, {"Node Type": "Hash", "Parent Relationship": "Inner", "Startup Cost": 5903.45, "Total Cost": 5903.45, "Plan Rows": 85170, "Plan Width": 4, "Plans": [{"Node Type": "Seq Scan", "Parent Relationship": "Outer", "Relation Name": "company_name", "Alias": "cn", "Startup Cost": 0.0, "Total Cost": 5903.45, "Plan Rows": 85170, "Plan Width": 4, "Filter": "((country_code)::text = '[us]'::text)"}]}]}, {"Node Type": "Hash", "Parent Relationship": "Inner", "Startup Cost": 912029.03, "Total Cost": 912029.03, "Plan Rows": 954323, "Plan Width": 45, "Plans": [{"Node Type": "Hash Join", "Parent Relationship": "Outer", "Join Type": "Inner", "Startup Cost": 194997.99, "Total Cost": 912029.03, "Plan Rows": 954323, "Plan Width": 45, "Inner Unique": true, "Hash Cond": "(ci.movie_id = t.id), (LLVM Optimized)", "Plans": [{"Node Type": "Hash Join", "Parent Relationship": "Outer", "Join Type": "Inner", "Startup Cost": 106747.61, "Total Cost": 811624.17, "Plan Rows": 696330, "Plan Width": 24, "Inner Unique": true, "Hash Cond": "(ci.person_role_id = chn.id), (LLVM Optimized)", "Plans": [{"Node Type": "Seq Scan", "Parent Relationship": "Outer", "Relation Name": "cast_info", "Alias": "ci", "Startup Cost": 0.0, "Total Cost": 692526.68, "Plan Rows": 1436424, "Plan Width": 12, "Filter": "((note)::text ~~ '%(producer)%'::text), (LLVM Optimized)"}, {"Node Type": "Hash", "Parent Relationship": "Inner", "Startup Cost": 67493.38, "Total Cost": 67493.38, "Plan Rows": 3140338, "Plan Width": 20, "Plans": [{"Node Type": "Seq Scan", "Parent Relationship": "Outer", "Relation Name": "char_name", "Alias": "chn", "Startup Cost": 0.0, "Total Cost": 67493.38, "Plan Rows": 3140338, "Plan Width": 20}]}]}, {"Node Type": "Hash", "Parent Relationship": "Inner", "Startup Cost": 66389.89, "Total Cost": 66389.89, "Plan Rows": 1748840, "Plan Width": 21, "Plans": [{"Node Type": "Seq Scan", "Parent Relationship": "Outer", "Relation Name": "title", "Alias": "t", "Startup Cost": 0.0, "Total Cost": 66389.89, "Plan Rows": 1748840, "Plan Width": 21, "Filter": "(production_year > 1990), (LLVM Optimized)"}]}]}]}]}, {"Node Type": "Hash", "Parent Relationship": "Inner", "Startup Cost": 1.03, "Total Cost": 1.03, "Plan Rows": 3, "Plan Width": 4, "Plans": [{"Node Type": "Seq Scan", "Parent Relationship": "Outer", "Relation Name": "company_type", "Alias": "ct", "Startup Cost": 0.0, "Total Cost": 1.03, "Plan Rows": 3, "Plan Width": 4}]}]}, {"Node Type": "Hash", "Parent Relationship": "Inner", "Startup Cost": 1.12, "Total Cost": 1.12, "Plan Rows": 12, "Plan Width": 4, "Plans": [{"Node Type": "Seq Scan", "Parent Relationship": "Outer", "Relation Name": "role_type", "Alias": "rt", "Startup Cost": 0.0, "Total Cost": 1.12, "Plan Rows": 12, "Plan Width": 4}]}]}]}, "Unique SQL Id": 3145361615}, "explain_analyze_plan": {"Plan": {"Node Type": "Aggregate", "Strategy": "Plain", "Startup Cost": 1041361.98, "Total Cost": 1041361.99, "Plan Rows": 1, "Plan Width": 97, "Actual Startup Time": 16188.609, "Actual Total Time": 16188.61, "Actual Rows": 1, "Actual Loops": 1, "Plans": [{"Node Type": "Hash Join", "Parent Relationship": "Outer", "Join Type": "Inner", "Startup Cost": 930928.48, "Total Cost": 1036514.92, "Plan Rows": 969413, "Plan Width": 33, "Actual Startup Time": 15828.872, "Actual Total Time": 16188.552, "Actual Rows": 4, "Actual Loops": 1, "Inner Unique": true, "Hash Cond": "(ci.role_id = rt.id), (LLVM Optimized, Jit Execute)", "Plans": [{"Node Type": "Hash Join", "Parent Relationship": "Outer", "Join Type": "Inner", "Startup Cost": 930927.21, "Total Cost": 1023184.22, "Plan Rows": 969413, "Plan Width": 37, "Actual Startup Time": 15828.776, "Actual Total Time": 16188.441, "Actual Rows": 4, "Actual Loops": 1, "Inner Unique": true, "Hash Cond": "(mc.company_type_id = ct.id), (LLVM Optimized, Jit Execute)", "Plans": [{"Node Type": "Hash Join", "Parent Relationship": "Outer", "Join Type": "Inner", "Startup Cost": 930926.14, "Total Cost": 1009853.72, "Plan Rows": 969413, "Plan Width": 41, "Actual Startup Time": 15005.566, "Actual Total Time": 16188.307, "Actual Rows": 10, "Actual Loops": 1, "Inner Unique": false, "Hash Cond": "(mc.movie_id = t.id), (LLVM Optimized, Jit Execute)", "Plans": [{"Node Type": "Hash Join", "Parent Relationship": "Outer", "Join Type": "Inner", "Startup Cost": 6968.08, "Total Cost": 71392.69, "Plan Rows": 1282311, "Plan Width": 8, "Actual Startup Time": 112.673, "Actual Total Time": 1492.413, "Actual Rows": 1153797, "Actual Loops": 1, "Inner Unique": true, "Hash Cond": "(mc.company_id = cn.id), (LLVM Optimized, Jit Execute)", "Plans": [{"Node Type": "Seq Scan", "Parent Relationship": "Outer", "Relation Name": "movie_companies", "Alias": "mc", "Startup Cost": 0.0, "Total Cost": 41817.28, "Plan Rows": 2609128, "Plan Width": 12, "Actual Startup Time": 0.016, "Actual Total Time": 568.795, "Actual Rows": 2609128, "Actual Loops": 1}, {"Node Type": "Hash", "Parent Relationship": "Inner", "Startup Cost": 5903.45, "Total Cost": 5903.45, "Plan Rows": 85170, "Plan Width": 4, "Actual Startup Time": 112.55, "Actual Total Time": 112.55, "Actual Rows": 84843, "Actual Loops": 1, "Hash Buckets": 131072, "Hash Batches": 1, "Original Hash Batches": 1, "Peak Memory Usage": 2983, "Plans": [{"Node Type": "Seq Scan", "Parent Relationship": "Outer", "Relation Name": "company_name", "Alias": "cn", "Startup Cost": 0.0, "Total Cost": 5903.45, "Plan Rows": 85170, "Plan Width": 4, "Actual Startup Time": 0.027, "Actual Total Time": 89.932, "Actual Rows": 84843, "Actual Loops": 1, "Filter": "((country_code)::text = '[us]'::text)", "Rows Removed by Filter": 150153}]}]}, {"Node Type": "Hash", "Parent Relationship": "Inner", "Startup Cost": 912029.03, "Total Cost": 912029.03, "Plan Rows": 954323, "Plan Width": 45, "Actual Startup Time": 14488.293, "Actual Total Time": 14488.293, "Actual Rows": 12, "Actual Loops": 1, "Hash Buckets": 1048576, "Hash Batches": 1, "Original Hash Batches": 1, "Peak Memory Usage": 1, "Plans": [{"Node Type": "Hash Join", "Parent Relationship": "Outer", "Join Type": "Inner", "Startup Cost": 194997.99, "Total Cost": 912029.03, "Plan Rows": 954323, "Plan Width": 45, "Actual Startup Time": 4529.624, "Actual Total Time": 14488.212, "Actual Rows": 12, "Actual Loops": 1, "Inner Unique": true, "Hash Cond": "(ci.movie_id = t.id), (LLVM Optimized, Jit Execute)", "Plans": [{"Node Type": "Hash Join", "Parent Relationship": "Outer", "Join Type": "Inner", "Startup Cost": 106747.61, "Total Cost": 811624.17, "Plan Rows": 696330, "Plan Width": 24, "Actual Startup Time": 2991.698, "Actual Total Time": 12936.256, "Actual Rows": 15, "Actual Loops": 1, "Inner Unique": true, "Hash Cond": "(ci.person_role_id = chn.id), (LLVM Optimized, Jit Execute)", "Plans": [{"Node Type": "Seq Scan", "Parent Relationship": "Outer", "Relation Name": "cast_info", "Alias": "ci", "Startup Cost": 0.0, "Total Cost": 692526.68, "Plan Rows": 1436424, "Plan Width": 12, "Actual Startup Time": 689.018, "Actual Total Time": 10483.608, "Actual Rows": 1435439, "Actual Loops": 1, "Filter": "((note)::text ~~ '%(producer)%'::text), (LLVM Optimized, Jit Execute)", "Rows Removed by Filter": 34808904}, {"Node Type": "Hash", "Parent Relationship": "Inner", "Startup Cost": 67493.38, "Total Cost": 67493.38, "Plan Rows": 3140338, "Plan Width": 20, "Actual Startup Time": 2297.894, "Actual Total Time": 2297.894, "Actual Rows": 3140338, "Actual Loops": 1, "Hash Buckets": 4194304, "Hash Batches": 1, "Original Hash Batches": 1, "Peak Memory Usage": 165269, "Plans": [{"Node Type": "Seq Scan", "Parent Relationship": "Outer", "Relation Name": "char_name", "Alias": "chn", "Startup Cost": 0.0, "Total Cost": 67493.38, "Plan Rows": 3140338, "Plan Width": 20, "Actual Startup Time": 0.047, "Actual Total Time": 983.534, "Actual Rows": 3140338, "Actual Loops": 1}]}]}, {"Node Type": "Hash", "Parent Relationship": "Inner", "Startup Cost": 66389.89, "Total Cost": 66389.89, "Plan Rows": 1748840, "Plan Width": 21, "Actual Startup Time": 1536.691, "Actual Total Time": 1536.691, "Actual Rows": 1749032, "Actual Loops": 1, "Hash Buckets": 2097152, "Hash Batches": 1, "Original Hash Batches": 1, "Peak Memory Usage": 93635, "Plans": [{"Node Type": "Seq Scan", "Parent Relationship": "Outer", "Relation Name": "title", "Alias": "t", "Startup Cost": 0.0, "Total Cost": 66389.89, "Plan Rows": 1748840, "Plan Width": 21, "Actual Startup Time": 0.032, "Actual Total Time": 903.509, "Actual Rows": 1749032, "Actual Loops": 1, "Filter": "(production_year > 1990), (LLVM Optimized, Jit Execute)", "Rows Removed by Filter": 779279}]}]}]}]}, {"Node Type": "Hash", "Parent Relationship": "Inner", "Startup Cost": 1.03, "Total Cost": 1.03, "Plan Rows": 3, "Plan Width": 4, "Actual Startup Time": 0.007, "Actual Total Time": 0.007, "Actual Rows": 3, "Actual Loops": 1, "Hash Buckets": 32768, "Hash Batches": 1, "Original Hash Batches": 1, "Peak Memory Usage": 1, "Plans": [{"Node Type": "Seq Scan", "Parent Relationship": "Outer", "Relation Name": "company_type", "Alias": "ct", "Startup Cost": 0.0, "Total Cost": 1.03, "Plan Rows": 3, "Plan Width": 4, "Actual Startup Time": 0.003, "Actual Total Time": 0.003, "Actual Rows": 3, "Actual Loops": 1}]}]}, {"Node Type": "Hash", "Parent Relationship": "Inner", "Startup Cost": 1.12, "Total Cost": 1.12, "Plan Rows": 12, "Plan Width": 4, "Actual Startup Time": 0.039, "Actual Total Time": 0.039, "Actual Rows": 12, "Actual Loops": 1, "Hash Buckets": 32768, "Hash Batches": 1, "Original Hash Batches": 1, "Peak Memory Usage": 1, "Plans": [{"Node Type": "Seq Scan", "Parent Relationship": "Outer", "Relation Name": "role_type", "Alias": "rt", "Startup Cost": 0.0, "Total Cost": 1.12, "Plan Rows": 12, "Plan Width": 4, "Actual Startup Time": 0.018, "Actual Total Time": 0.024, "Actual Rows": 12, "Actual Loops": 1}]}]}]}, "Triggers": [], "Planner Runtime": 41.396, "Total Runtime": 16199.863, "Unique SQL Id": 3145361615}}, "(1, 111)": {"explain_plan": {"Plan": {"Node Type": "Aggregate", "Strategy": "Plain", "Startup Cost": 7000178569399.87, "Total Cost": 7000178569399.88, "Plan Rows": 1, "Plan Width": 97, "Plans": [{"Node Type": "Hash Join", "Parent Relationship": "Outer", "Join Type": "Inner", "Startup Cost": 6010035097294.28, "Total Cost": 7000178564552.8, "Plan Rows": 969413, "Plan Width": 33, "Inner Unique": true, "Hash Cond": "(mc.movie_id = t.id), (LLVM Optimized)", "Plans": [{"Node Type": "Hash Join", "Parent Relationship": "Outer", "Join Type": "Inner", "Startup Cost": 5010023431307.12, "Total Cost": 6000166886247.52, "Plan Rows": 699731, "Plan Width": 24, "Inner Unique": true, "Hash Cond": "(ci.role_id = rt.id), (LLVM Optimized)", "Plans": [{"Node Type": "Hash Join", "Parent Relationship": "Outer", "Join Type": "Inner", "Startup Cost": 4010023430063.96, "Total Cost": 5000166875383.06, "Plan Rows": 699731, "Plan Width": 28, "Inner Unique": true, "Hash Cond": "(mc.company_type_id = ct.id), (LLVM Optimized)", "Plans": [{"Node Type": "Hash Join", "Parent Relationship": "Outer", "Join Type": "Inner", "Startup Cost": 3010023428834.43, "Total Cost": 4000166864532.23, "Plan Rows": 699731, "Plan Width": 32, "Inner Unique": true, "Hash Cond": "(mc.company_id = cn.id), (LLVM Optimized)", "Plans": [{"Node Type": "Hash Join", "Parent Relationship": "Outer", "Join Type": "Inner", "Startup Cost": 2010022377630.83, "Total Cost": 3000165800992.27, "Plan Rows": 1423748, "Plan Width": 36, "Inner Unique": false, "Hash Cond": "(ci.movie_id = mc.movie_id), (LLVM Optimized)", "Plans": [{"Node Type": "Hash Join", "Parent Relationship": "Outer", "Join Type": "Inner", "Startup Cost": 1010013026799.73, "Total Cost": 2000156257489.12, "Plan Rows": 696330, "Plan Width": 24, "Inner Unique": true, "Hash Cond": "(ci.person_role_id = chn.id), (LLVM Optimized)", "Plans": [{"Node Type": "Index Scan", "Parent Relationship": "Outer", "Scan Direction": "Forward", "Index Name": "role_id_cast_info", "Relation Name": "cast_info", "Alias": "ci", "Startup Cost": 10000000000.0, "Total Cost": 1000143218339.5, "Plan Rows": 1436424, "Plan Width": 12, "Filter": "((note)::text ~~ '%(producer)%'::text), (LLVM Optimized)"}, {"Node Type": "Hash", "Parent Relationship": "Inner", "Startup Cost": 1000012987545.51, "Total Cost": 1000012987545.51, "Plan Rows": 3140338, "Plan Width": 20, "Plans": [{"Node Type": "Index Scan", "Parent Relationship": "Outer", "Scan Direction": "Forward", "Index Name": "char_name_pkey", "Relation Name": "char_name", "Alias": "chn", "Startup Cost": 10000000000.0, "Total Cost": 1000012987545.51, "Plan Rows": 3140338, "Plan Width": 20}]}]}, {"Node Type": "Hash", "Parent Relationship": "Inner", "Startup Cost": 1000009318217.0, "Total Cost": 1000009318217.0, "Plan Rows": 2609128, "Plan Width": 12, "Plans": [{"Node Type": "Index Scan", "Parent Relationship": "Outer", "Scan Direction": "Forward", "Index Name": "company_type_id_movie_companies", "Relation Name": "movie_companies", "Alias": "mc", "Startup Cost": 10000000000.0, "Total Cost": 1000009318217.0, "Plan Rows": 2609128, "Plan Width": 12}]}]}, {"Node Type": "Hash", "Parent Relationship": "Inner", "Startup Cost": 1000001050138.97, "Total Cost": 1000001050138.97, "Plan Rows": 85170, "Plan Width": 4, "Plans": [{"Node Type": "Index Scan", "Parent Relationship": "Outer", "Scan Direction": "Forward", "Index Name": "company_name_pkey", "Relation Name": "company_name", "Alias": "cn", "Startup Cost": 10000000000.0, "Total Cost": 1000001050138.97, "Plan Rows": 85170, "Plan Width": 4, "Filter": "((country_code)::text = '[us]'::text)"}]}]}, {"Node Type": "Hash", "Parent Relationship": "Inner", "Startup Cost": 1000000001229.5, "Total Cost": 1000000001229.5, "Plan Rows": 3, "Plan Width": 4, "Plans": [{"Node Type": "Index Scan", "Parent Relationship": "Outer", "Scan Direction": "Forward", "Index Name": "company_type_pkey", "Relation Name": "company_type", "Alias": "ct", "Startup Cost": 10000000000.0, "Total Cost": 1000000001229.5, "Plan Rows": 3, "Plan Width": 4}]}]}, {"Node Type": "Hash", "Parent Relationship": "Inner", "Startup Cost": 1000000001243.0, "Total Cost": 1000000001243.0, "Plan Rows": 12, "Plan Width": 4, "Plans": [{"Node Type": "Index Scan", "Parent Relationship": "Outer", "Scan Direction": "Forward", "Index Name": "role_type_pkey", "Relation Name": "role_type", "Alias": "rt", "Startup Cost": 10000000000.0, "Total Cost": 1000000001243.0, "Plan Rows": 12, "Plan Width": 4}]}]}, {"Node Type": "Hash", "Parent Relationship": "Inner", "Startup Cost": 1000011644126.66, "Total Cost": 1000011644126.66, "Plan Rows": 1748840, "Plan Width": 21, "Plans": [{"Node Type": "Index Scan", "Parent Relationship": "Outer", "Scan Direction": "Forward", "Index Name": "title_pkey", "Relation Name": "title", "Alias": "t", "Startup Cost": 10000000000.0, "Total Cost": 1000011644126.66, "Plan Rows": 1748840, "Plan Width": 21, "Filter": "(production_year > 1990), (LLVM Optimized)"}]}]}]}, "Unique SQL Id": 3145361615}, "explain_analyze_plan": {"Plan": {"Node Type": "Aggregate", "Strategy": "Plain", "Startup Cost": 7000178569399.87, "Total Cost": 7000178569399.88, "Plan Rows": 1, "Plan Width": 97, "Actual Startup Time": 30450.734, "Actual Total Time": 30450.735, "Actual Rows": 1, "Actual Loops": 1, "Plans": [{"Node Type": "Hash Join", "Parent Relationship": "Outer", "Join Type": "Inner", "Startup Cost": 6010035097294.28, "Total Cost": 7000178564552.8, "Plan Rows": 969413, "Plan Width": 33, "Actual Startup Time": 12691.42, "Actual Total Time": 30450.682, "Actual Rows": 4, "Actual Loops": 1, "Inner Unique": true, "Hash Cond": "(mc.movie_id = t.id), (LLVM Optimized, Jit Execute)", "Plans": [{"Node Type": "Hash Join", "Parent Relationship": "Outer", "Join Type": "Inner", "Startup Cost": 5010023431307.12, "Total Cost": 6000166886247.52, "Plan Rows": 699731, "Plan Width": 24, "Actual Startup Time": 8582.121, "Actual Total Time": 26341.359, "Actual Rows": 6, "Actual Loops": 1, "Inner Unique": true, "Hash Cond": "(ci.role_id = rt.id), (LLVM Optimized, Jit Execute)", "Plans": [{"Node Type": "Hash Join", "Parent Relationship": "Outer", "Join Type": "Inner", "Startup Cost": 4010023430063.96, "Total Cost": 5000166875383.06, "Plan Rows": 699731, "Plan Width": 28, "Actual Startup Time": 8582.005, "Actual Total Time": 26341.226, "Actual Rows": 6, "Actual Loops": 1, "Inner Unique": true, "Hash Cond": "(mc.company_type_id = ct.id), (LLVM Optimized, Jit Execute)", "Plans": [{"Node Type": "Hash Join", "Parent Relationship": "Outer", "Join Type": "Inner", "Startup Cost": 3010023428834.43, "Total Cost": 4000166864532.23, "Plan Rows": 699731, "Plan Width": 32, "Actual Startup Time": 8581.957, "Actual Total Time": 26340.745, "Actual Rows": 14, "Actual Loops": 1, "Inner Unique": true, "Hash Cond": "(mc.company_id = cn.id), (LLVM Optimized, Jit Execute)", "Plans": [{"Node Type": "Hash Join", "Parent Relationship": "Outer", "Join Type": "Inner", "Startup Cost": 2010022377630.83, "Total Cost": 3000165800992.27, "Plan Rows": 1423748, "Plan Width": 36, "Actual Startup Time": 8259.232, "Actual Total Time": 26010.812, "Actual Rows": 31, "Actual Loops": 1, "Inner Unique": false, "Hash Cond": "(ci.movie_id = mc.movie_id), (LLVM Optimized, Jit Execute)", "Plans": [{"Node Type": "Hash Join", "Parent Relationship": "Outer", "Join Type": "Inner", "Startup Cost": 1010013026799.73, "Total Cost": 2000156257489.12, "Plan Rows": 696330, "Plan Width": 24, "Actual Startup Time": 6101.166, "Actual Total Time": 23842.49, "Actual Rows": 15, "Actual Loops": 1, "Inner Unique": true, "Hash Cond": "(ci.person_role_id = chn.id), (LLVM Optimized, Jit Execute)", "Plans": [{"Node Type": "Index Scan", "Parent Relationship": "Outer", "Scan Direction": "Forward", "Index Name": "role_id_cast_info", "Relation Name": "cast_info", "Alias": "ci", "Startup Cost": 10000000000.0, "Total Cost": 1000143218339.5, "Plan Rows": 1436424, "Plan Width": 12, "Actual Startup Time": 1248.67, "Actual Total Time": 18838.357, "Actual Rows": 1435439, "Actual Loops": 1, "Filter": "((note)::text ~~ '%(producer)%'::text), (LLVM Optimized, Jit Execute)", "Rows Removed by Filter": 34808904}, {"Node Type": "Hash", "Parent Relationship": "Inner", "Startup Cost": 1000012987545.51, "Total Cost": 1000012987545.51, "Plan Rows": 3140338, "Plan Width": 20, "Actual Startup Time": 4849.88, "Actual Total Time": 4849.88, "Actual Rows": 3140338, "Actual Loops": 1, "Hash Buckets": 4194304, "Hash Batches": 1, "Original Hash Batches": 1, "Peak Memory Usage": 165269, "Plans": [{"Node Type": "Index Scan", "Parent Relationship": "Outer", "Scan Direction": "Forward", "Index Name": "char_name_pkey", "Relation Name": "char_name", "Alias": "chn", "Startup Cost": 10000000000.0, "Total Cost": 1000012987545.51, "Plan Rows": 3140338, "Plan Width": 20, "Actual Startup Time": 0.066, "Actual Total Time": 3611.146, "Actual Rows": 3140338, "Actual Loops": 1}]}]}, {"Node Type": "Hash", "Parent Relationship": "Inner", "Startup Cost": 1000009318217.0, "Total Cost": 1000009318217.0, "Plan Rows": 2609128, "Plan Width": 12, "Actual Startup Time": 2155.464, "Actual Total Time": 2155.464, "Actual Rows": 2609128, "Actual Loops": 1, "Hash Buckets": 4194304, "Hash Batches": 1, "Original Hash Batches": 1, "Peak Memory Usage": 112111, "Plans": [{"Node Type": "Index Scan", "Parent Relationship": "Outer", "Scan Direction": "Forward", "Index Name": "company_type_id_movie_companies", "Relation Name": "movie_companies", "Alias": "mc", "Startup Cost": 10000000000.0, "Total Cost": 1000009318217.0, "Plan Rows": 2609128, "Plan Width": 12, "Actual Startup Time": 0.051, "Actual Total Time": 1319.092, "Actual Rows": 2609128, "Actual Loops": 1}]}]}, {"Node Type": "Hash", "Parent Relationship": "Inner", "Startup Cost": 1000001050138.97, "Total Cost": 1000001050138.97, "Plan Rows": 85170, "Plan Width": 4, "Actual Startup Time": 322.617, "Actual Total Time": 322.617, "Actual Rows": 84843, "Actual Loops": 1, "Hash Buckets": 131072, "Hash Batches": 1, "Original Hash Batches": 1, "Peak Memory Usage": 2983, "Plans": [{"Node Type": "Index Scan", "Parent Relationship": "Outer", "Scan Direction": "Forward", "Index Name": "company_name_pkey", "Relation Name": "company_name", "Alias": "cn", "Startup Cost": 10000000000.0, "Total Cost": 1000001050138.97, "Plan Rows": 85170, "Plan Width": 4, "Actual Startup Time": 0.047, "Actual Total Time": 293.389, "Actual Rows": 84843, "Actual Loops": 1, "Filter": "((country_code)::text = '[us]'::text)", "Rows Removed by Filter": 150153}]}]}, {"Node Type": "Hash", "Parent Relationship": "Inner", "Startup Cost": 1000000001229.5, "Total Cost": 1000000001229.5, "Plan Rows": 3, "Plan Width": 4, "Actual Startup Time": 0.013, "Actual Total Time": 0.013, "Actual Rows": 3, "Actual Loops": 1, "Hash Buckets": 32768, "Hash Batches": 1, "Original Hash Batches": 1, "Peak Memory Usage": 1, "Plans": [{"Node Type": "Index Scan", "Parent Relationship": "Outer", "Scan Direction": "Forward", "Index Name": "company_type_pkey", "Relation Name": "company_type", "Alias": "ct", "Startup Cost": 10000000000.0, "Total Cost": 1000000001229.5, "Plan Rows": 3, "Plan Width": 4, "Actual Startup Time": 0.006, "Actual Total Time": 0.008, "Actual Rows": 3, "Actual Loops": 1}]}]}, {"Node Type": "Hash", "Parent Relationship": "Inner", "Startup Cost": 1000000001243.0, "Total Cost": 1000000001243.0, "Plan Rows": 12, "Plan Width": 4, "Actual Startup Time": 0.033, "Actual Total Time": 0.033, "Actual Rows": 12, "Actual Loops": 1, "Hash Buckets": 32768, "Hash Batches": 1, "Original Hash Batches": 1, "Peak Memory Usage": 1, "Plans": [{"Node Type": "Index Scan", "Parent Relationship": "Outer", "Scan Direction": "Forward", "Index Name": "role_type_pkey", "Relation Name": "role_type", "Alias": "rt", "Startup Cost": 10000000000.0, "Total Cost": 1000000001243.0, "Plan Rows": 12, "Plan Width": 4, "Actual Startup Time": 0.017, "Actual Total Time": 0.024, "Actual Rows": 12, "Actual Loops": 1}]}]}, {"Node Type": "Hash", "Parent Relationship": "Inner", "Startup Cost": 1000011644126.66, "Total Cost": 1000011644126.66, "Plan Rows": 1748840, "Plan Width": 21, "Actual Startup Time": 4106.862, "Actual Total Time": 4106.862, "Actual Rows": 1749032, "Actual Loops": 1, "Hash Buckets": 2097152, "Hash Batches": 1, "Original Hash Batches": 1, "Peak Memory Usage": 93635, "Plans": [{"Node Type": "Index Scan", "Parent Relationship": "Outer", "Scan Direction": "Forward", "Index Name": "title_pkey", "Relation Name": "title", "Alias": "t", "Startup Cost": 10000000000.0, "Total Cost": 1000011644126.66, "Plan Rows": 1748840, "Plan Width": 21, "Actual Startup Time": 0.065, "Actual Total Time": 3235.165, "Actual Rows": 1749032, "Actual Loops": 1, "Filter": "(production_year > 1990), (LLVM Optimized, Jit Execute)", "Rows Removed by Filter": 779279}]}]}]}, "Triggers": [], "Planner Runtime": 18.504, "Total Runtime": 30479.922, "Unique SQL Id": 3145361615}}, "(1, 112)": {"explain_plan": {"Plan": {"Node Type": "Aggregate", "Strategy": "Plain", "Startup Cost": 2366619.22, "Total Cost": 2366619.23, "Plan Rows": 1, "Plan Width": 97, "Plans": [{"Node Type": "Nested Loop", "Parent Relationship": "Outer", "Join Type": "Inner", "Startup Cost": 0.0, "Total Cost": 2361772.15, "Plan Rows": 969413, "Plan Width": 33, "Inner Unique": true, "Plans": [{"Node Type": "Nested Loop", "Parent Relationship": "Outer", "Join Type": "Inner", "Startup Cost": 0.0, "Total Cost": 2116855.61, "Plan Rows": 699731, "Plan Width": 24, "Inner Unique": true, "Join Filter": "(mc.company_type_id = ct.id), (LLVM Optimized)", "Plans": [{"Node Type": "Nested Loop", "Parent Relationship": "Outer", "Join Type": "Inner", "Startup Cost": 0.0, "Total Cost": 2085366.68, "Plan Rows": 699731, "Plan Width": 28, "Inner Unique": true, "Plans": [{"Node Type": "Nested Loop", "Parent Relationship": "Outer", "Join Type": "Inner", "Startup Cost": 0.0, "Total Cost": 1675808.66, "Plan Rows": 1423748, "Plan Width": 32, "Inner Unique": false, "Plans": [{"Node Type": "Nested Loop", "Parent Relationship": "Outer", "Join Type": "Inner", "Startup Cost": 0.0, "Total Cost": 1410889.95, "Plan Rows": 696330, "Plan Width": 20, "Inner Unique": true, "Join Filter": "(ci.role_id = rt.id), (LLVM Optimized)", "Plans": [{"Node Type": "Nested Loop", "Parent Relationship": "Outer", "Join Type": "Inner", "Startup Cost": 0.0, "Total Cost": 1285549.4, "Plan Rows": 696330, "Plan Width": 24, "Inner Unique": true, "Plans": [{"Node Type": "Seq Scan", "Parent Relationship": "Outer", "Relation Name": "cast_info", "Alias": "ci", "Startup Cost": 0.0, "Total Cost": 692526.68, "Plan Rows": 1436424, "Plan Width": 12, "Filter": "((note)::text ~~ '%(producer)%'::text), (LLVM Optimized)"}, {"Node Type": "Index Scan", "Parent Relationship": "Inner", "Scan Direction": "Forward", "Index Name": "char_name_pkey", "Relation Name": "char_name", "Alias": "chn", "Startup Cost": 0.0, "Total Cost": 0.4, "Plan Rows": 1, "Plan Width": 20, "Index Cond": "(id = ci.person_role_id)"}]}, {"Node Type": "Materialize", "Parent Relationship": "Inner", "Startup Cost": 0.0, "Total Cost": 1.18, "Plan Rows": 12, "Plan Width": 4, "Plans": [{"Node Type": "Seq Scan", "Parent Relationship": "Outer", "Relation Name": "role_type", "Alias": "rt", "Startup Cost": 0.0, "Total Cost": 1.12, "Plan Rows": 12, "Plan Width": 4}]}]}, {"Node Type": "Index Scan", "Parent Relationship": "Inner", "Scan Direction": "Forward", "Index Name": "movie_id_movie_companies", "Relation Name": "movie_companies", "Alias": "mc", "Startup Cost": 0.0, "Total Cost": 0.36, "Plan Rows": 2, "Plan Width": 12, "Index Cond": "(movie_id = ci.movie_id)"}]}, {"Node Type": "Index Scan", "Parent Relationship": "Inner", "Scan Direction": "Forward", "Index Name": "company_name_pkey", "Relation Name": "company_name", "Alias": "cn", "Startup Cost": 0.0, "Total Cost": 0.28, "Plan Rows": 1, "Plan Width": 4, "Index Cond": "(id = mc.company_id)", "Filter": "((country_code)::text = '[us]'::text)"}]}, {"Node Type": "Materialize", "Parent Relationship": "Inner", "Startup Cost": 0.0, "Total Cost": 1.04, "Plan Rows": 3, "Plan Width": 4, "Plans": [{"Node Type": "Seq Scan", "Parent Relationship": "Outer", "Relation Name": "company_type", "Alias": "ct", "Startup Cost": 0.0, "Total Cost": 1.03, "Plan Rows": 3, "Plan Width": 4}]}]}, {"Node Type": "Index Scan", "Parent Relationship": "Inner", "Scan Direction": "Forward", "Index Name": "title_pkey", "Relation Name": "title", "Alias": "t", "Startup Cost": 0.0, "Total Cost": 0.34, "Plan Rows": 1, "Plan Width": 21, "Index Cond": "(id = mc.movie_id)", "Filter": "(production_year > 1990)"}]}]}, "Unique SQL Id": 3145361615}, "explain_analyze_plan": {"Plan": {"Node Type": "Aggregate", "Strategy": "Plain", "Startup Cost": 2366619.22, "Total Cost": 2366619.23, "Plan Rows": 1, "Plan Width": 97, "Actual Startup Time": 11345.176, "Actual Total Time": 11345.176, "Actual Rows": 1, "Actual Loops": 1, "Plans": [{"Node Type": "Nested Loop", "Parent Relationship": "Outer", "Join Type": "Inner", "Startup Cost": 0.0, "Total Cost": 2361772.15, "Plan Rows": 969413, "Plan Width": 33, "Actual Startup Time": 689.813, "Actual Total Time": 11345.132, "Actual Rows": 4, "Actual Loops": 1, "Inner Unique": true, "Plans": [{"Node Type": "Nested Loop", "Parent Relationship": "Outer", "Join Type": "Inner", "Startup Cost": 0.0, "Total Cost": 2116855.61, "Plan Rows": 699731, "Plan Width": 24, "Actual Startup Time": 689.795, "Actual Total Time": 11345.065, "Actual Rows": 6, "Actual Loops": 1, "Inner Unique": true, "Join Filter": "(mc.company_type_id = ct.id), (LLVM Optimized, Jit Execute)", "Rows Removed by Join Filter": 24, "Plans": [{"Node Type": "Nested Loop", "Parent Relationship": "Outer", "Join Type": "Inner", "Startup Cost": 0.0, "Total Cost": 2085366.68, "Plan Rows": 699731, "Plan Width": 28, "Actual Startup Time": 689.765, "Actual Total Time": 11345.022, "Actual Rows": 14, "Actual Loops": 1, "Inner Unique": true, "Plans": [{"Node Type": "Nested Loop", "Parent Relationship": "Outer", "Join Type": "Inner", "Startup Cost": 0.0, "Total Cost": 1675808.66, "Plan Rows": 1423748, "Plan Width": 32, "Actual Startup Time": 689.723, "Actual Total Time": 11344.545, "Actual Rows": 31, "Actual Loops": 1, "Inner Unique": false, "Plans": [{"Node Type": "Nested Loop", "Parent Relationship": "Outer", "Join Type": "Inner", "Startup Cost": 0.0, "Total Cost": 1410889.95, "Plan Rows": 696330, "Plan Width": 20, "Actual Startup Time": 689.587, "Actual Total Time": 11343.23, "Actual Rows": 15, "Actual Loops": 1, "Inner Unique": true, "Join Filter": "(ci.role_id = rt.id), (LLVM Optimized, Jit Execute)", "Rows Removed by Join Filter": 2, "Plans": [{"Node Type": "Nested Loop", "Parent Relationship": "Outer", "Join Type": "Inner", "Startup Cost": 0.0, "Total Cost": 1285549.4, "Plan Rows": 696330, "Plan Width": 24, "Actual Startup Time": 689.559, "Actual Total Time": 11343.104, "Actual Rows": 15, "Actual Loops": 1, "Inner Unique": true, "Plans": [{"Node Type": "Seq Scan", "Parent Relationship": "Outer", "Relation Name": "cast_info", "Alias": "ci", "Startup Cost": 0.0, "Total Cost": 692526.68, "Plan Rows": 1436424, "Plan Width": 12, "Actual Startup Time": 689.509, "Actual Total Time": 10582.164, "Actual Rows": 1435439, "Actual Loops": 1, "Filter": "((note)::text ~~ '%(producer)%'::text), (LLVM Optimized, Jit Execute)", "Rows Removed by Filter": 34808904}, {"Node Type": "Index Scan", "Parent Relationship": "Inner", "Scan Direction": "Forward", "Index Name": "char_name_pkey", "Relation Name": "char_name", "Alias": "chn", "Startup Cost": 0.0, "Total Cost": 0.4, "Plan Rows": 1, "Plan Width": 20, "Actual Startup Time": 233.516, "Actual Total Time": 233.516, "Actual Rows": 15, "Actual Loops": 1435439, "Index Cond": "(id = ci.person_role_id)", "Rows Removed by Index Recheck": 0}]}, {"Node Type": "Materialize", "Parent Relationship": "Inner", "Startup Cost": 0.0, "Total Cost": 1.18, "Plan Rows": 12, "Plan Width": 4, "Actual Startup Time": 0.042, "Actual Total Time": 0.05, "Actual Rows": 17, "Actual Loops": 15, "Plans": [{"Node Type": "Seq Scan", "Parent Relationship": "Outer", "Relation Name": "role_type", "Alias": "rt", "Startup Cost": 0.0, "Total Cost": 1.12, "Plan Rows": 12, "Plan Width": 4, "Actual Startup Time": 0.009, "Actual Total Time": 0.011, "Actual Rows": 2, "Actual Loops": 1}]}]}, {"Node Type": "Index Scan", "Parent Relationship": "Inner", "Scan Direction": "Forward", "Index Name": "movie_id_movie_companies", "Relation Name": "movie_companies", "Alias": "mc", "Startup Cost": 0.0, "Total Cost": 0.36, "Plan Rows": 2, "Plan Width": 12, "Actual Startup Time": 1.211, "Actual Total Time": 1.242, "Actual Rows": 31, "Actual Loops": 15, "Index Cond": "(movie_id = ci.movie_id)", "Rows Removed by Index Recheck": 0}]}, {"Node Type": "Index Scan", "Parent Relationship": "Inner", "Scan Direction": "Forward", "Index Name": "company_name_pkey", "Relation Name": "company_name", "Alias": "cn", "Startup Cost": 0.0, "Total Cost": 0.28, "Plan Rows": 1, "Plan Width": 4, "Actual Startup Time": 0.403, "Actual Total Time": 0.403, "Actual Rows": 14, "Actual Loops": 31, "Index Cond": "(id = mc.company_id)", "Rows Removed by Index Recheck": 0, "Filter": "((country_code)::text = '[us]'::text)", "Rows Removed by Filter": 17}]}, {"Node Type": "Materialize", "Parent Relationship": "Inner", "Startup Cost": 0.0, "Total Cost": 1.04, "Plan Rows": 3, "Plan Width": 4, "Actual Startup Time": 0.015, "Actual Total Time": 0.02, "Actual Rows": 30, "Actual Loops": 14, "Plans": [{"Node Type": "Seq Scan", "Parent Relationship": "Outer", "Relation Name": "company_type", "Alias": "ct", "Startup Cost": 0.0, "Total Cost": 1.03, "Plan Rows": 3, "Plan Width": 4, "Actual Startup Time": 0.005, "Actual Total Time": 0.006, "Actual Rows": 3, "Actual Loops": 1}]}]}, {"Node Type": "Index Scan", "Parent Relationship": "Inner", "Scan Direction": "Forward", "Index Name": "title_pkey", "Relation Name": "title", "Alias": "t", "Startup Cost": 0.0, "Total Cost": 0.34, "Plan Rows": 1, "Plan Width": 21, "Actual Startup Time": 0.052, "Actual Total Time": 0.052, "Actual Rows": 4, "Actual Loops": 6, "Index Cond": "(id = mc.movie_id)", "Rows Removed by Index Recheck": 0, "Filter": "(production_year > 1990)", "Rows Removed by Filter": 2}]}]}, "Triggers": [], "Planner Runtime": 3.457, "Total Runtime": 11355.065, "Unique SQL Id": 3145361615}}, "(1, 113)": {"explain_plan": {"Plan": {"Node Type": "Aggregate", "Strategy": "Plain", "Startup Cost": 2425779.29, "Total Cost": 2425779.3, "Plan Rows": 1, "Plan Width": 97, "Plans": [{"Node Type": "Nested Loop", "Parent Relationship": "Outer", "Join Type": "Inner", "Startup Cost": 0.0, "Total Cost": 2420932.22, "Plan Rows": 969413, "Plan Width": 33, "Inner Unique": true, "Plans": [{"Node Type": "Nested Loop", "Parent Relationship": "Outer", "Join Type": "Inner", "Startup Cost": 0.0, "Total Cost": 2176015.68, "Plan Rows": 699731, "Plan Width": 24, "Inner Unique": true, "Join Filter": "(ci.role_id = rt.id), (LLVM Optimized)", "Plans": [{"Node Type": "Nested Loop", "Parent Relationship": "Outer", "Join Type": "Inner", "Startup Cost": 0.0, "Total Cost": 2050055.64, "Plan Rows": 699731, "Plan Width": 28, "Inner Unique": true, "Join Filter": "(mc.company_type_id = ct.id), (LLVM Optimized)", "Plans": [{"Node Type": "Nested Loop", "Parent Relationship": "Outer", "Join Type": "Inner", "Startup Cost": 0.0, "Total Cost": 2018559.45, "Plan Rows": 699731, "Plan Width": 32, "Inner Unique": true, "Plans": [{"Node Type": "Nested Loop", "Parent Relationship": "Outer", "Join Type": "Inner", "Startup Cost": 0.0, "Total Cost": 1422640.19, "Plan Rows": 1443440, "Plan Width": 20, "Inner Unique": false, "Plans": [{"Node Type": "Nested Loop", "Parent Relationship": "Outer", "Join Type": "Inner", "Startup Cost": 0.0, "Total Cost": 171332.39, "Plan Rows": 1282311, "Plan Width": 8, "Inner Unique": false, "Plans": [{"Node Type": "Index Scan", "Parent Relationship": "Outer", "Scan Direction": "Forward", "Index Name": "company_name_pkey", "Relation Name": "company_name", "Alias": "cn", "Startup Cost": 0.0, "Total Cost": 10501.39, "Plan Rows": 85170, "Plan Width": 4, "Filter": "((country_code)::text = '[us]'::text)"}, {"Node Type": "Index Scan", "Parent Relationship": "Inner", "Scan Direction": "Forward", "Index Name": "company_id_movie_companies", "Relation Name": "movie_companies", "Alias": "mc", "Startup Cost": 0.0, "Total Cost": 1.74, "Plan Rows": 15, "Plan Width": 12, "Index Cond": "(company_id = cn.id)"}]}, {"Node Type": "Index Scan", "Parent Relationship": "Inner", "Scan Direction": "Forward", "Index Name": "movie_id_cast_info", "Relation Name": "cast_info", "Alias": "ci", "Startup Cost": 0.0, "Total Cost": 0.97, "Plan Rows": 1, "Plan Width": 12, "Index Cond": "(movie_id = mc.movie_id)", "Filter": "((note)::text ~~ '%(producer)%'::text)"}]}, {"Node Type": "Index Scan", "Parent Relationship": "Inner", "Scan Direction": "Forward", "Index Name": "char_name_pkey", "Relation Name": "char_name", "Alias": "chn", "Startup Cost": 0.0, "Total Cost": 0.4, "Plan Rows": 1, "Plan Width": 20, "Index Cond": "(id = ci.person_role_id)"}]}, {"Node Type": "Materialize", "Parent Relationship": "Inner", "Startup Cost": 0.0, "Total Cost": 8.31, "Plan Rows": 3, "Plan Width": 4, "Plans": [{"Node Type": "Index Only Scan", "Parent Relationship": "Outer", "Scan Direction": "Forward", "Index Name": "company_type_pkey", "Relation Name": "company_type", "Alias": "ct", "Startup Cost": 0.0, "Total Cost": 8.29, "Plan Rows": 3, "Plan Width": 4}]}]}, {"Node Type": "Materialize", "Parent Relationship": "Inner", "Startup Cost": 0.0, "Total Cost": 8.49, "Plan Rows": 12, "Plan Width": 4, "Plans": [{"Node Type": "Index Only Scan", "Parent Relationship": "Outer", "Scan Direction": "Forward", "Index Name": "role_type_pkey", "Relation Name": "role_type", "Alias": "rt", "Startup Cost": 0.0, "Total Cost": 8.43, "Plan Rows": 12, "Plan Width": 4}]}]}, {"Node Type": "Index Scan", "Parent Relationship": "Inner", "Scan Direction": "Forward", "Index Name": "title_pkey", "Relation Name": "title", "Alias": "t", "Startup Cost": 0.0, "Total Cost": 0.34, "Plan Rows": 1, "Plan Width": 21, "Index Cond": "(id = mc.movie_id)", "Filter": "(production_year > 1990)"}]}]}, "Unique SQL Id": 3145361615}, "explain_analyze_plan": null}, "(1, 114)": {"explain_plan": {"Plan": {"Node Type": "Aggregate", "Strategy": "Plain", "Startup Cost": 15749262.27, "Total Cost": 15749262.28, "Plan Rows": 1, "Plan Width": 97, "Plans": [{"Node Type": "Nested Loop", "Parent Relationship": "Outer", "Join Type": "Inner", "Startup Cost": 1.89, "Total Cost": 15744415.21, "Plan Rows": 969413, "Plan Width": 33, "Inner Unique": true, "Plans": [{"Node Type": "Nested Loop", "Parent Relationship": "Outer", "Join Type": "Inner", "Startup Cost": 1.62, "Total Cost": 12737716.17, "Plan Rows": 699731, "Plan Width": 24, "Inner Unique": true, "Join Filter": "(ci.role_id = rt.id), (LLVM Optimized)", "Plans": [{"Node Type": "Nested Loop", "Parent Relationship": "Outer", "Join Type": "Inner", "Startup Cost": 1.62, "Total Cost": 12611763.44, "Plan Rows": 699731, "Plan Width": 28, "Inner Unique": true, "Join Filter": "(mc.company_type_id = ct.id), (LLVM Optimized)", "Plans": [{"Node Type": "Nested Loop", "Parent Relationship": "Outer", "Join Type": "Inner", "Startup Cost": 1.62, "Total Cost": 12580274.51, "Plan Rows": 699731, "Plan Width": 32, "Inner Unique": true, "Plans": [{"Node Type": "Nested Loop", "Parent Relationship": "Outer", "Join Type": "Inner", "Startup Cost": 1.33, "Total Cost": 6355299.51, "Plan Rows": 1443440, "Plan Width": 20, "Inner Unique": false, "Plans": [{"Node Type": "Nested Loop", "Parent Relationship": "Outer", "Join Type": "Inner", "Startup Cost": 0.82, "Total Cost": 444829.84, "Plan Rows": 1282311, "Plan Width": 8, "Inner Unique": false, "Plans": [{"Node Type": "Seq Scan", "Parent Relationship": "Outer", "Relation Name": "company_name", "Alias": "cn", "Startup Cost": 0.0, "Total Cost": 5903.45, "Plan Rows": 85170, "Plan Width": 4, "Filter": "((country_code)::text = '[us]'::text)"}, {"Node Type": "Bitmap Heap Scan", "Parent Relationship": "Inner", "Relation Name": "movie_companies", "Alias": "mc", "Startup Cost": 0.82, "Total Cost": 5.0, "Plan Rows": 15, "Plan Width": 12, "Recheck Cond": "(company_id = cn.id)", "Plans": [{"Node Type": "Bitmap Index Scan", "Parent Relationship": "Outer", "Index Name": "company_id_movie_companies", "Startup Cost": 0.0, "Total Cost": 0.81, "Plan Rows": 15, "Plan Width": 0, "Index Cond": "(company_id = cn.id)"}]}]}, {"Node Type": "Bitmap Heap Scan", "Parent Relationship": "Inner", "Relation Name": "cast_info", "Alias": "ci", "Startup Cost": 0.51, "Total Cost": 4.6, "Plan Rows": 1, "Plan Width": 12, "Recheck Cond": "(movie_id = mc.movie_id)", "Filter": "((note)::text ~~ '%(producer)%'::text)", "Plans": [{"Node Type": "Bitmap Index Scan", "Parent Relationship": "Outer", "Index Name": "movie_id_cast_info", "Startup Cost": 0.0, "Total Cost": 0.51, "Plan Rows": 6, "Plan Width": 0, "Index Cond": "(movie_id = mc.movie_id)"}]}]}, {"Node Type": "Bitmap Heap Scan", "Parent Relationship": "Inner", "Relation Name": "char_name", "Alias": "chn", "Startup Cost": 0.29, "Total Cost": 4.3, "Plan Rows": 1, "Plan Width": 20, "Recheck Cond": "(id = ci.person_role_id)", "Plans": [{"Node Type": "Bitmap Index Scan", "Parent Relationship": "Outer", "Index Name": "char_name_pkey", "Startup Cost": 0.0, "Total Cost": 0.29, "Plan Rows": 1, "Plan Width": 0, "Index Cond": "(id = ci.person_role_id)"}]}]}, {"Node Type": "Materialize", "Parent Relationship": "Inner", "Startup Cost": 0.0, "Total Cost": 1.04, "Plan Rows": 3, "Plan Width": 4, "Plans": [{"Node Type": "Seq Scan", "Parent Relationship": "Outer", "Relation Name": "company_type", "Alias": "ct", "Startup Cost": 0.0, "Total Cost": 1.03, "Plan Rows": 3, "Plan Width": 4}]}]}, {"Node Type": "Materialize", "Parent Relationship": "Inner", "Startup Cost": 0.0, "Total Cost": 1.18, "Plan Rows": 12, "Plan Width": 4, "Plans": [{"Node Type": "Seq Scan", "Parent Relationship": "Outer", "Relation Name": "role_type", "Alias": "rt", "Startup Cost": 0.0, "Total Cost": 1.12, "Plan Rows": 12, "Plan Width": 4}]}]}, {"Node Type": "Bitmap Heap Scan", "Parent Relationship": "Inner", "Relation Name": "title", "Alias": "t", "Startup Cost": 0.27, "Total Cost": 4.29, "Plan Rows": 1, "Plan Width": 21, "Recheck Cond": "(id = mc.movie_id)", "Filter": "(production_year > 1990)", "Plans": [{"Node Type": "Bitmap Index Scan", "Parent Relationship": "Outer", "Index Name": "title_pkey", "Startup Cost": 0.0, "Total Cost": 0.27, "Plan Rows": 1, "Plan Width": 0, "Index Cond": "(id = mc.movie_id)"}]}]}]}, "Unique SQL Id": 3145361615}, "explain_analyze_plan": null}, "(1, 115)": {"explain_plan": {"Plan": {"Node Type": "Aggregate", "Strategy": "Plain", "Startup Cost": 1000042785415.19, "Total Cost": 1000042785415.2, "Plan Rows": 1, "Plan Width": 97, "Plans": [{"Node Type": "Nested Loop", "Parent Relationship": "Outer", "Join Type": "Inner", "Startup Cost": 10000000001.85, "Total Cost": 1000042780568.12, "Plan Rows": 969413, "Plan Width": 33, "Inner Unique": true, "Plans": [{"Node Type": "Nested Loop", "Parent Relationship": "Outer", "Join Type": "Inner", "Startup Cost": 10000000001.59, "Total Cost": 1000038631235.16, "Plan Rows": 969413, "Plan Width": 37, "Inner Unique": true, "Plans": [{"Node Type": "Nested Loop", "Parent Relationship": "Outer", "Join Type": "Inner", "Startup Cost": 10000000001.32, "Total Cost": 1000035624536.13, "Plan Rows": 699731, "Plan Width": 28, "Inner Unique": true, "Plans": [{"Node Type": "Nested Loop", "Parent Relationship": "Outer", "Join Type": "Inner", "Startup Cost": 10000000001.06, "Total Cost": 1000032629508.62, "Plan Rows": 699731, "Plan Width": 32, "Inner Unique": true, "Plans": [{"Node Type": "Nested Loop", "Parent Relationship": "Outer", "Join Type": "Inner", "Startup Cost": 10000000000.77, "Total Cost": 1000026404533.61, "Plan Rows": 1443440, "Plan Width": 20, "Inner Unique": false, "Plans": [{"Node Type": "Nested Loop", "Parent Relationship": "Outer", "Join Type": "Inner", "Startup Cost": 10000000000.26, "Total Cost": 1000020494063.94, "Plan Rows": 1282311, "Plan Width": 8, "Inner Unique": true, "Plans": [{"Node Type": "Index Scan", "Parent Relationship": "Outer", "Scan Direction": "Forward", "Index Name": "company_type_id_movie_companies", "Relation Name": "movie_companies", "Alias": "mc", "Startup Cost": 10000000000.0, "Total Cost": 1000009318217.0, "Plan Rows": 2609128, "Plan Width": 12}, {"Node Type": "Bitmap Heap Scan", "Parent Relationship": "Inner", "Relation Name": "company_name", "Alias": "cn", "Startup Cost": 0.26, "Total Cost": 4.27, "Plan Rows": 1, "Plan Width": 4, "Recheck Cond": "(id = mc.company_id)", "Filter": "((country_code)::text = '[us]'::text)", "Plans": [{"Node Type": "Bitmap Index Scan", "Parent Relationship": "Outer", "Index Name": "company_name_pkey", "Startup Cost": 0.0, "Total Cost": 0.26, "Plan Rows": 1, "Plan Width": 0, "Index Cond": "(id = mc.company_id)"}]}]}, {"Node Type": "Bitmap Heap Scan", "Parent Relationship": "Inner", "Relation Name": "cast_info", "Alias": "ci", "Startup Cost": 0.51, "Total Cost": 4.6, "Plan Rows": 1, "Plan Width": 12, "Recheck Cond": "(movie_id = mc.movie_id)", "Filter": "((note)::text ~~ '%(producer)%'::text)", "Plans": [{"Node Type": "Bitmap Index Scan", "Parent Relationship": "Outer", "Index Name": "movie_id_cast_info", "Startup Cost": 0.0, "Total Cost": 0.51, "Plan Rows": 6, "Plan Width": 0, "Index Cond": "(movie_id = mc.movie_id)"}]}]}, {"Node Type": "Bitmap Heap Scan", "Parent Relationship": "Inner", "Relation Name": "char_name", "Alias": "chn", "Startup Cost": 0.29, "Total Cost": 4.3, "Plan Rows": 1, "Plan Width": 20, "Recheck Cond": "(id = ci.person_role_id)", "Plans": [{"Node Type": "Bitmap Index Scan", "Parent Relationship": "Outer", "Index Name": "char_name_pkey", "Startup Cost": 0.0, "Total Cost": 0.29, "Plan Rows": 1, "Plan Width": 0, "Index Cond": "(id = ci.person_role_id)"}]}]}, {"Node Type": "Bitmap Heap Scan", "Parent Relationship": "Inner", "Relation Name": "role_type", "Alias": "rt", "Startup Cost": 0.26, "Total Cost": 4.27, "Plan Rows": 1, "Plan Width": 4, "Recheck Cond": "(id = ci.role_id)", "Plans": [{"Node Type": "Bitmap Index Scan", "Parent Relationship": "Outer", "Index Name": "role_type_pkey", "Startup Cost": 0.0, "Total Cost": 0.26, "Plan Rows": 1, "Plan Width": 0, "Index Cond": "(id = ci.role_id)"}]}]}, {"Node Type": "Bitmap Heap Scan", "Parent Relationship": "Inner", "Relation Name": "title", "Alias": "t", "Startup Cost": 0.27, "Total Cost": 4.29, "Plan Rows": 1, "Plan Width": 21, "Recheck Cond": "(id = mc.movie_id)", "Filter": "(production_year > 1990)", "Plans": [{"Node Type": "Bitmap Index Scan", "Parent Relationship": "Outer", "Index Name": "title_pkey", "Startup Cost": 0.0, "Total Cost": 0.27, "Plan Rows": 1, "Plan Width": 0, "Index Cond": "(id = mc.movie_id)"}]}]}, {"Node Type": "Bitmap Heap Scan", "Parent Relationship": "Inner", "Relation Name": "company_type", "Alias": "ct", "Startup Cost": 0.26, "Total Cost": 4.27, "Plan Rows": 1, "Plan Width": 4, "Recheck Cond": "(id = mc.company_type_id)", "Plans": [{"Node Type": "Bitmap Index Scan", "Parent Relationship": "Outer", "Index Name": "company_type_pkey", "Startup Cost": 0.0, "Total Cost": 0.26, "Plan Rows": 1, "Plan Width": 0, "Index Cond": "(id = mc.company_type_id)"}]}]}]}, "Unique SQL Id": 3145361615}, "explain_analyze_plan": null}, "(1, 116)": {"explain_plan": {"Plan": {"Node Type": "Aggregate", "Strategy": "Plain", "Startup Cost": 2366619.22, "Total Cost": 2366619.23, "Plan Rows": 1, "Plan Width": 97, "Plans": [{"Node Type": "Nested Loop", "Parent Relationship": "Outer", "Join Type": "Inner", "Startup Cost": 0.0, "Total Cost": 2361772.15, "Plan Rows": 969413, "Plan Width": 33, "Inner Unique": true, "Plans": [{"Node Type": "Nested Loop", "Parent Relationship": "Outer", "Join Type": "Inner", "Startup Cost": 0.0, "Total Cost": 2116855.61, "Plan Rows": 699731, "Plan Width": 24, "Inner Unique": true, "Join Filter": "(mc.company_type_id = ct.id), (LLVM Optimized)", "Plans": [{"Node Type": "Nested Loop", "Parent Relationship": "Outer", "Join Type": "Inner", "Startup Cost": 0.0, "Total Cost": 2085366.68, "Plan Rows": 699731, "Plan Width": 28, "Inner Unique": true, "Plans": [{"Node Type": "Nested Loop", "Parent Relationship": "Outer", "Join Type": "Inner", "Startup Cost": 0.0, "Total Cost": 1675808.66, "Plan Rows": 1423748, "Plan Width": 32, "Inner Unique": false, "Plans": [{"Node Type": "Nested Loop", "Parent Relationship": "Outer", "Join Type": "Inner", "Startup Cost": 0.0, "Total Cost": 1410889.95, "Plan Rows": 696330, "Plan Width": 20, "Inner Unique": true, "Join Filter": "(ci.role_id = rt.id), (LLVM Optimized)", "Plans": [{"Node Type": "Nested Loop", "Parent Relationship": "Outer", "Join Type": "Inner", "Startup Cost": 0.0, "Total Cost": 1285549.4, "Plan Rows": 696330, "Plan Width": 24, "Inner Unique": true, "Plans": [{"Node Type": "Seq Scan", "Parent Relationship": "Outer", "Relation Name": "cast_info", "Alias": "ci", "Startup Cost": 0.0, "Total Cost": 692526.68, "Plan Rows": 1436424, "Plan Width": 12, "Filter": "((note)::text ~~ '%(producer)%'::text), (LLVM Optimized)"}, {"Node Type": "Index Scan", "Parent Relationship": "Inner", "Scan Direction": "Forward", "Index Name": "char_name_pkey", "Relation Name": "char_name", "Alias": "chn", "Startup Cost": 0.0, "Total Cost": 0.4, "Plan Rows": 1, "Plan Width": 20, "Index Cond": "(id = ci.person_role_id)"}]}, {"Node Type": "Materialize", "Parent Relationship": "Inner", "Startup Cost": 0.0, "Total Cost": 1.18, "Plan Rows": 12, "Plan Width": 4, "Plans": [{"Node Type": "Seq Scan", "Parent Relationship": "Outer", "Relation Name": "role_type", "Alias": "rt", "Startup Cost": 0.0, "Total Cost": 1.12, "Plan Rows": 12, "Plan Width": 4}]}]}, {"Node Type": "Index Scan", "Parent Relationship": "Inner", "Scan Direction": "Forward", "Index Name": "movie_id_movie_companies", "Relation Name": "movie_companies", "Alias": "mc", "Startup Cost": 0.0, "Total Cost": 0.36, "Plan Rows": 2, "Plan Width": 12, "Index Cond": "(movie_id = ci.movie_id)"}]}, {"Node Type": "Index Scan", "Parent Relationship": "Inner", "Scan Direction": "Forward", "Index Name": "company_name_pkey", "Relation Name": "company_name", "Alias": "cn", "Startup Cost": 0.0, "Total Cost": 0.28, "Plan Rows": 1, "Plan Width": 4, "Index Cond": "(id = mc.company_id)", "Filter": "((country_code)::text = '[us]'::text)"}]}, {"Node Type": "Materialize", "Parent Relationship": "Inner", "Startup Cost": 0.0, "Total Cost": 1.04, "Plan Rows": 3, "Plan Width": 4, "Plans": [{"Node Type": "Seq Scan", "Parent Relationship": "Outer", "Relation Name": "company_type", "Alias": "ct", "Startup Cost": 0.0, "Total Cost": 1.03, "Plan Rows": 3, "Plan Width": 4}]}]}, {"Node Type": "Index Scan", "Parent Relationship": "Inner", "Scan Direction": "Forward", "Index Name": "title_pkey", "Relation Name": "title", "Alias": "t", "Startup Cost": 0.0, "Total Cost": 0.34, "Plan Rows": 1, "Plan Width": 21, "Index Cond": "(id = mc.movie_id)", "Filter": "(production_year > 1990)"}]}]}, "Unique SQL Id": 3145361615}, "explain_analyze_plan": {"Plan": {"Node Type": "Aggregate", "Strategy": "Plain", "Startup Cost": 2366619.22, "Total Cost": 2366619.23, "Plan Rows": 1, "Plan Width": 97, "Actual Startup Time": 11345.176, "Actual Total Time": 11345.176, "Actual Rows": 1, "Actual Loops": 1, "Plans": [{"Node Type": "Nested Loop", "Parent Relationship": "Outer", "Join Type": "Inner", "Startup Cost": 0.0, "Total Cost": 2361772.15, "Plan Rows": 969413, "Plan Width": 33, "Actual Startup Time": 689.813, "Actual Total Time": 11345.132, "Actual Rows": 4, "Actual Loops": 1, "Inner Unique": true, "Plans": [{"Node Type": "Nested Loop", "Parent Relationship": "Outer", "Join Type": "Inner", "Startup Cost": 0.0, "Total Cost": 2116855.61, "Plan Rows": 699731, "Plan Width": 24, "Actual Startup Time": 689.795, "Actual Total Time": 11345.065, "Actual Rows": 6, "Actual Loops": 1, "Inner Unique": true, "Join Filter": "(mc.company_type_id = ct.id), (LLVM Optimized, Jit Execute)", "Rows Removed by Join Filter": 24, "Plans": [{"Node Type": "Nested Loop", "Parent Relationship": "Outer", "Join Type": "Inner", "Startup Cost": 0.0, "Total Cost": 2085366.68, "Plan Rows": 699731, "Plan Width": 28, "Actual Startup Time": 689.765, "Actual Total Time": 11345.022, "Actual Rows": 14, "Actual Loops": 1, "Inner Unique": true, "Plans": [{"Node Type": "Nested Loop", "Parent Relationship": "Outer", "Join Type": "Inner", "Startup Cost": 0.0, "Total Cost": 1675808.66, "Plan Rows": 1423748, "Plan Width": 32, "Actual Startup Time": 689.723, "Actual Total Time": 11344.545, "Actual Rows": 31, "Actual Loops": 1, "Inner Unique": false, "Plans": [{"Node Type": "Nested Loop", "Parent Relationship": "Outer", "Join Type": "Inner", "Startup Cost": 0.0, "Total Cost": 1410889.95, "Plan Rows": 696330, "Plan Width": 20, "Actual Startup Time": 689.587, "Actual Total Time": 11343.23, "Actual Rows": 15, "Actual Loops": 1, "Inner Unique": true, "Join Filter": "(ci.role_id = rt.id), (LLVM Optimized, Jit Execute)", "Rows Removed by Join Filter": 2, "Plans": [{"Node Type": "Nested Loop", "Parent Relationship": "Outer", "Join Type": "Inner", "Startup Cost": 0.0, "Total Cost": 1285549.4, "Plan Rows": 696330, "Plan Width": 24, "Actual Startup Time": 689.559, "Actual Total Time": 11343.104, "Actual Rows": 15, "Actual Loops": 1, "Inner Unique": true, "Plans": [{"Node Type": "Seq Scan", "Parent Relationship": "Outer", "Relation Name": "cast_info", "Alias": "ci", "Startup Cost": 0.0, "Total Cost": 692526.68, "Plan Rows": 1436424, "Plan Width": 12, "Actual Startup Time": 689.509, "Actual Total Time": 10582.164, "Actual Rows": 1435439, "Actual Loops": 1, "Filter": "((note)::text ~~ '%(producer)%'::text), (LLVM Optimized, Jit Execute)", "Rows Removed by Filter": 34808904}, {"Node Type": "Index Scan", "Parent Relationship": "Inner", "Scan Direction": "Forward", "Index Name": "char_name_pkey", "Relation Name": "char_name", "Alias": "chn", "Startup Cost": 0.0, "Total Cost": 0.4, "Plan Rows": 1, "Plan Width": 20, "Actual Startup Time": 233.516, "Actual Total Time": 233.516, "Actual Rows": 15, "Actual Loops": 1435439, "Index Cond": "(id = ci.person_role_id)", "Rows Removed by Index Recheck": 0}]}, {"Node Type": "Materialize", "Parent Relationship": "Inner", "Startup Cost": 0.0, "Total Cost": 1.18, "Plan Rows": 12, "Plan Width": 4, "Actual Startup Time": 0.042, "Actual Total Time": 0.05, "Actual Rows": 17, "Actual Loops": 15, "Plans": [{"Node Type": "Seq Scan", "Parent Relationship": "Outer", "Relation Name": "role_type", "Alias": "rt", "Startup Cost": 0.0, "Total Cost": 1.12, "Plan Rows": 12, "Plan Width": 4, "Actual Startup Time": 0.009, "Actual Total Time": 0.011, "Actual Rows": 2, "Actual Loops": 1}]}]}, {"Node Type": "Index Scan", "Parent Relationship": "Inner", "Scan Direction": "Forward", "Index Name": "movie_id_movie_companies", "Relation Name": "movie_companies", "Alias": "mc", "Startup Cost": 0.0, "Total Cost": 0.36, "Plan Rows": 2, "Plan Width": 12, "Actual Startup Time": 1.211, "Actual Total Time": 1.242, "Actual Rows": 31, "Actual Loops": 15, "Index Cond": "(movie_id = ci.movie_id)", "Rows Removed by Index Recheck": 0}]}, {"Node Type": "Index Scan", "Parent Relationship": "Inner", "Scan Direction": "Forward", "Index Name": "company_name_pkey", "Relation Name": "company_name", "Alias": "cn", "Startup Cost": 0.0, "Total Cost": 0.28, "Plan Rows": 1, "Plan Width": 4, "Actual Startup Time": 0.403, "Actual Total Time": 0.403, "Actual Rows": 14, "Actual Loops": 31, "Index Cond": "(id = mc.company_id)", "Rows Removed by Index Recheck": 0, "Filter": "((country_code)::text = '[us]'::text)", "Rows Removed by Filter": 17}]}, {"Node Type": "Materialize", "Parent Relationship": "Inner", "Startup Cost": 0.0, "Total Cost": 1.04, "Plan Rows": 3, "Plan Width": 4, "Actual Startup Time": 0.015, "Actual Total Time": 0.02, "Actual Rows": 30, "Actual Loops": 14, "Plans": [{"Node Type": "Seq Scan", "Parent Relationship": "Outer", "Relation Name": "company_type", "Alias": "ct", "Startup Cost": 0.0, "Total Cost": 1.03, "Plan Rows": 3, "Plan Width": 4, "Actual Startup Time": 0.005, "Actual Total Time": 0.006, "Actual Rows": 3, "Actual Loops": 1}]}]}, {"Node Type": "Index Scan", "Parent Relationship": "Inner", "Scan Direction": "Forward", "Index Name": "title_pkey", "Relation Name": "title", "Alias": "t", "Startup Cost": 0.0, "Total Cost": 0.34, "Plan Rows": 1, "Plan Width": 21, "Actual Startup Time": 0.052, "Actual Total Time": 0.052, "Actual Rows": 4, "Actual Loops": 6, "Index Cond": "(id = mc.movie_id)", "Rows Removed by Index Recheck": 0, "Filter": "(production_year > 1990)", "Rows Removed by Filter": 2}]}]}, "Triggers": [], "Planner Runtime": 3.457, "Total Runtime": 11355.065, "Unique SQL Id": 3145361615}}, "(1, 117)": {"explain_plan": {"Plan": {"Node Type": "Aggregate", "Strategy": "Plain", "Startup Cost": 2425787.29, "Total Cost": 2425787.3, "Plan Rows": 1, "Plan Width": 97, "Plans": [{"Node Type": "Nested Loop", "Parent Relationship": "Outer", "Join Type": "Inner", "Startup Cost": 0.0, "Total Cost": 2420940.22, "Plan Rows": 969413, "Plan Width": 33, "Inner Unique": true, "Plans": [{"Node Type": "Nested Loop", "Parent Relationship": "Outer", "Join Type": "Inner", "Startup Cost": 0.0, "Total Cost": 2176023.68, "Plan Rows": 699731, "Plan Width": 24, "Inner Unique": true, "Join Filter": "(ci.role_id = rt.id), (LLVM Optimized)", "Plans": [{"Node Type": "Nested Loop", "Parent Relationship": "Outer", "Join Type": "Inner", "Startup Cost": 0.0, "Total Cost": 2050059.64, "Plan Rows": 699731, "Plan Width": 28, "Inner Unique": true, "Join Filter": "(mc.company_type_id = ct.id), (LLVM Optimized)", "Plans": [{"Node Type": "Nested Loop", "Parent Relationship": "Outer", "Join Type": "Inner", "Startup Cost": 0.0, "Total Cost": 2018559.45, "Plan Rows": 699731, "Plan Width": 32, "Inner Unique": true, "Plans": [{"Node Type": "Nested Loop", "Parent Relationship": "Outer", "Join Type": "Inner", "Startup Cost": 0.0, "Total Cost": 1422640.19, "Plan Rows": 1443440, "Plan Width": 20, "Inner Unique": false, "Plans": [{"Node Type": "Nested Loop", "Parent Relationship": "Outer", "Join Type": "Inner", "Startup Cost": 0.0, "Total Cost": 171332.39, "Plan Rows": 1282311, "Plan Width": 8, "Inner Unique": false, "Plans": [{"Node Type": "Index Scan", "Parent Relationship": "Outer", "Scan Direction": "Forward", "Index Name": "company_name_pkey", "Relation Name": "company_name", "Alias": "cn", "Startup Cost": 0.0, "Total Cost": 10501.39, "Plan Rows": 85170, "Plan Width": 4, "Filter": "((country_code)::text = '[us]'::text)"}, {"Node Type": "Index Scan", "Parent Relationship": "Inner", "Scan Direction": "Forward", "Index Name": "company_id_movie_companies", "Relation Name": "movie_companies", "Alias": "mc", "Startup Cost": 0.0, "Total Cost": 1.74, "Plan Rows": 15, "Plan Width": 12, "Index Cond": "(company_id = cn.id)"}]}, {"Node Type": "Index Scan", "Parent Relationship": "Inner", "Scan Direction": "Forward", "Index Name": "movie_id_cast_info", "Relation Name": "cast_info", "Alias": "ci", "Startup Cost": 0.0, "Total Cost": 0.97, "Plan Rows": 1, "Plan Width": 12, "Index Cond": "(movie_id = mc.movie_id)", "Filter": "((note)::text ~~ '%(producer)%'::text)"}]}, {"Node Type": "Index Scan", "Parent Relationship": "Inner", "Scan Direction": "Forward", "Index Name": "char_name_pkey", "Relation Name": "char_name", "Alias": "chn", "Startup Cost": 0.0, "Total Cost": 0.4, "Plan Rows": 1, "Plan Width": 20, "Index Cond": "(id = ci.person_role_id)"}]}, {"Node Type": "Materialize", "Parent Relationship": "Inner", "Startup Cost": 0.0, "Total Cost": 12.31, "Plan Rows": 3, "Plan Width": 4, "Plans": [{"Node Type": "Index Scan", "Parent Relationship": "Outer", "Scan Direction": "Forward", "Index Name": "company_type_pkey", "Relation Name": "company_type", "Alias": "ct", "Startup Cost": 0.0, "Total Cost": 12.29, "Plan Rows": 3, "Plan Width": 4}]}]}, {"Node Type": "Materialize", "Parent Relationship": "Inner", "Startup Cost": 0.0, "Total Cost": 12.49, "Plan Rows": 12, "Plan Width": 4, "Plans": [{"Node Type": "Index Scan", "Parent Relationship": "Outer", "Scan Direction": "Forward", "Index Name": "role_type_pkey", "Relation Name": "role_type", "Alias": "rt", "Startup Cost": 0.0, "Total Cost": 12.43, "Plan Rows": 12, "Plan Width": 4}]}]}, {"Node Type": "Index Scan", "Parent Relationship": "Inner", "Scan Direction": "Forward", "Index Name": "title_pkey", "Relation Name": "title", "Alias": "t", "Startup Cost": 0.0, "Total Cost": 0.34, "Plan Rows": 1, "Plan Width": 21, "Index Cond": "(id = mc.movie_id)", "Filter": "(production_year > 1990)"}]}]}, "Unique SQL Id": 3145361615}, "explain_analyze_plan": null}, "(1, 118)": {"explain_plan": {"Plan": {"Node Type": "Aggregate", "Strategy": "Plain", "Startup Cost": 15749262.27, "Total Cost": 15749262.28, "Plan Rows": 1, "Plan Width": 97, "Plans": [{"Node Type": "Nested Loop", "Parent Relationship": "Outer", "Join Type": "Inner", "Startup Cost": 1.89, "Total Cost": 15744415.21, "Plan Rows": 969413, "Plan Width": 33, "Inner Unique": true, "Plans": [{"Node Type": "Nested Loop", "Parent Relationship": "Outer", "Join Type": "Inner", "Startup Cost": 1.62, "Total Cost": 12737716.17, "Plan Rows": 699731, "Plan Width": 24, "Inner Unique": true, "Join Filter": "(ci.role_id = rt.id), (LLVM Optimized)", "Plans": [{"Node Type": "Nested Loop", "Parent Relationship": "Outer", "Join Type": "Inner", "Startup Cost": 1.62, "Total Cost": 12611763.44, "Plan Rows": 699731, "Plan Width": 28, "Inner Unique": true, "Join Filter": "(mc.company_type_id = ct.id), (LLVM Optimized)", "Plans": [{"Node Type": "Nested Loop", "Parent Relationship": "Outer", "Join Type": "Inner", "Startup Cost": 1.62, "Total Cost": 12580274.51, "Plan Rows": 699731, "Plan Width": 32, "Inner Unique": true, "Plans": [{"Node Type": "Nested Loop", "Parent Relationship": "Outer", "Join Type": "Inner", "Startup Cost": 1.33, "Total Cost": 6355299.51, "Plan Rows": 1443440, "Plan Width": 20, "Inner Unique": false, "Plans": [{"Node Type": "Nested Loop", "Parent Relationship": "Outer", "Join Type": "Inner", "Startup Cost": 0.82, "Total Cost": 444829.84, "Plan Rows": 1282311, "Plan Width": 8, "Inner Unique": false, "Plans": [{"Node Type": "Seq Scan", "Parent Relationship": "Outer", "Relation Name": "company_name", "Alias": "cn", "Startup Cost": 0.0, "Total Cost": 5903.45, "Plan Rows": 85170, "Plan Width": 4, "Filter": "((country_code)::text = '[us]'::text)"}, {"Node Type": "Bitmap Heap Scan", "Parent Relationship": "Inner", "Relation Name": "movie_companies", "Alias": "mc", "Startup Cost": 0.82, "Total Cost": 5.0, "Plan Rows": 15, "Plan Width": 12, "Recheck Cond": "(company_id = cn.id)", "Plans": [{"Node Type": "Bitmap Index Scan", "Parent Relationship": "Outer", "Index Name": "company_id_movie_companies", "Startup Cost": 0.0, "Total Cost": 0.81, "Plan Rows": 15, "Plan Width": 0, "Index Cond": "(company_id = cn.id)"}]}]}, {"Node Type": "Bitmap Heap Scan", "Parent Relationship": "Inner", "Relation Name": "cast_info", "Alias": "ci", "Startup Cost": 0.51, "Total Cost": 4.6, "Plan Rows": 1, "Plan Width": 12, "Recheck Cond": "(movie_id = mc.movie_id)", "Filter": "((note)::text ~~ '%(producer)%'::text)", "Plans": [{"Node Type": "Bitmap Index Scan", "Parent Relationship": "Outer", "Index Name": "movie_id_cast_info", "Startup Cost": 0.0, "Total Cost": 0.51, "Plan Rows": 6, "Plan Width": 0, "Index Cond": "(movie_id = mc.movie_id)"}]}]}, {"Node Type": "Bitmap Heap Scan", "Parent Relationship": "Inner", "Relation Name": "char_name", "Alias": "chn", "Startup Cost": 0.29, "Total Cost": 4.3, "Plan Rows": 1, "Plan Width": 20, "Recheck Cond": "(id = ci.person_role_id)", "Plans": [{"Node Type": "Bitmap Index Scan", "Parent Relationship": "Outer", "Index Name": "char_name_pkey", "Startup Cost": 0.0, "Total Cost": 0.29, "Plan Rows": 1, "Plan Width": 0, "Index Cond": "(id = ci.person_role_id)"}]}]}, {"Node Type": "Materialize", "Parent Relationship": "Inner", "Startup Cost": 0.0, "Total Cost": 1.04, "Plan Rows": 3, "Plan Width": 4, "Plans": [{"Node Type": "Seq Scan", "Parent Relationship": "Outer", "Relation Name": "company_type", "Alias": "ct", "Startup Cost": 0.0, "Total Cost": 1.03, "Plan Rows": 3, "Plan Width": 4}]}]}, {"Node Type": "Materialize", "Parent Relationship": "Inner", "Startup Cost": 0.0, "Total Cost": 1.18, "Plan Rows": 12, "Plan Width": 4, "Plans": [{"Node Type": "Seq Scan", "Parent Relationship": "Outer", "Relation Name": "role_type", "Alias": "rt", "Startup Cost": 0.0, "Total Cost": 1.12, "Plan Rows": 12, "Plan Width": 4}]}]}, {"Node Type": "Bitmap Heap Scan", "Parent Relationship": "Inner", "Relation Name": "title", "Alias": "t", "Startup Cost": 0.27, "Total Cost": 4.29, "Plan Rows": 1, "Plan Width": 21, "Recheck Cond": "(id = mc.movie_id)", "Filter": "(production_year > 1990)", "Plans": [{"Node Type": "Bitmap Index Scan", "Parent Relationship": "Outer", "Index Name": "title_pkey", "Startup Cost": 0.0, "Total Cost": 0.27, "Plan Rows": 1, "Plan Width": 0, "Index Cond": "(id = mc.movie_id)"}]}]}]}, "Unique SQL Id": 3145361615}, "explain_analyze_plan": null}, "(1, 119)": {"explain_plan": {"Plan": {"Node Type": "Aggregate", "Strategy": "Plain", "Startup Cost": 1000042785415.19, "Total Cost": 1000042785415.2, "Plan Rows": 1, "Plan Width": 97, "Plans": [{"Node Type": "Nested Loop", "Parent Relationship": "Outer", "Join Type": "Inner", "Startup Cost": 10000000001.85, "Total Cost": 1000042780568.12, "Plan Rows": 969413, "Plan Width": 33, "Inner Unique": true, "Plans": [{"Node Type": "Nested Loop", "Parent Relationship": "Outer", "Join Type": "Inner", "Startup Cost": 10000000001.59, "Total Cost": 1000038631235.16, "Plan Rows": 969413, "Plan Width": 37, "Inner Unique": true, "Plans": [{"Node Type": "Nested Loop", "Parent Relationship": "Outer", "Join Type": "Inner", "Startup Cost": 10000000001.32, "Total Cost": 1000035624536.13, "Plan Rows": 699731, "Plan Width": 28, "Inner Unique": true, "Plans": [{"Node Type": "Nested Loop", "Parent Relationship": "Outer", "Join Type": "Inner", "Startup Cost": 10000000001.06, "Total Cost": 1000032629508.62, "Plan Rows": 699731, "Plan Width": 32, "Inner Unique": true, "Plans": [{"Node Type": "Nested Loop", "Parent Relationship": "Outer", "Join Type": "Inner", "Startup Cost": 10000000000.77, "Total Cost": 1000026404533.61, "Plan Rows": 1443440, "Plan Width": 20, "Inner Unique": false, "Plans": [{"Node Type": "Nested Loop", "Parent Relationship": "Outer", "Join Type": "Inner", "Startup Cost": 10000000000.26, "Total Cost": 1000020494063.94, "Plan Rows": 1282311, "Plan Width": 8, "Inner Unique": true, "Plans": [{"Node Type": "Index Scan", "Parent Relationship": "Outer", "Scan Direction": "Forward", "Index Name": "company_type_id_movie_companies", "Relation Name": "movie_companies", "Alias": "mc", "Startup Cost": 10000000000.0, "Total Cost": 1000009318217.0, "Plan Rows": 2609128, "Plan Width": 12}, {"Node Type": "Bitmap Heap Scan", "Parent Relationship": "Inner", "Relation Name": "company_name", "Alias": "cn", "Startup Cost": 0.26, "Total Cost": 4.27, "Plan Rows": 1, "Plan Width": 4, "Recheck Cond": "(id = mc.company_id)", "Filter": "((country_code)::text = '[us]'::text)", "Plans": [{"Node Type": "Bitmap Index Scan", "Parent Relationship": "Outer", "Index Name": "company_name_pkey", "Startup Cost": 0.0, "Total Cost": 0.26, "Plan Rows": 1, "Plan Width": 0, "Index Cond": "(id = mc.company_id)"}]}]}, {"Node Type": "Bitmap Heap Scan", "Parent Relationship": "Inner", "Relation Name": "cast_info", "Alias": "ci", "Startup Cost": 0.51, "Total Cost": 4.6, "Plan Rows": 1, "Plan Width": 12, "Recheck Cond": "(movie_id = mc.movie_id)", "Filter": "((note)::text ~~ '%(producer)%'::text)", "Plans": [{"Node Type": "Bitmap Index Scan", "Parent Relationship": "Outer", "Index Name": "movie_id_cast_info", "Startup Cost": 0.0, "Total Cost": 0.51, "Plan Rows": 6, "Plan Width": 0, "Index Cond": "(movie_id = mc.movie_id)"}]}]}, {"Node Type": "Bitmap Heap Scan", "Parent Relationship": "Inner", "Relation Name": "char_name", "Alias": "chn", "Startup Cost": 0.29, "Total Cost": 4.3, "Plan Rows": 1, "Plan Width": 20, "Recheck Cond": "(id = ci.person_role_id)", "Plans": [{"Node Type": "Bitmap Index Scan", "Parent Relationship": "Outer", "Index Name": "char_name_pkey", "Startup Cost": 0.0, "Total Cost": 0.29, "Plan Rows": 1, "Plan Width": 0, "Index Cond": "(id = ci.person_role_id)"}]}]}, {"Node Type": "Bitmap Heap Scan", "Parent Relationship": "Inner", "Relation Name": "role_type", "Alias": "rt", "Startup Cost": 0.26, "Total Cost": 4.27, "Plan Rows": 1, "Plan Width": 4, "Recheck Cond": "(id = ci.role_id)", "Plans": [{"Node Type": "Bitmap Index Scan", "Parent Relationship": "Outer", "Index Name": "role_type_pkey", "Startup Cost": 0.0, "Total Cost": 0.26, "Plan Rows": 1, "Plan Width": 0, "Index Cond": "(id = ci.role_id)"}]}]}, {"Node Type": "Bitmap Heap Scan", "Parent Relationship": "Inner", "Relation Name": "title", "Alias": "t", "Startup Cost": 0.27, "Total Cost": 4.29, "Plan Rows": 1, "Plan Width": 21, "Recheck Cond": "(id = mc.movie_id)", "Filter": "(production_year > 1990)", "Plans": [{"Node Type": "Bitmap Index Scan", "Parent Relationship": "Outer", "Index Name": "title_pkey", "Startup Cost": 0.0, "Total Cost": 0.27, "Plan Rows": 1, "Plan Width": 0, "Index Cond": "(id = mc.movie_id)"}]}]}, {"Node Type": "Bitmap Heap Scan", "Parent Relationship": "Inner", "Relation Name": "company_type", "Alias": "ct", "Startup Cost": 0.26, "Total Cost": 4.27, "Plan Rows": 1, "Plan Width": 4, "Recheck Cond": "(id = mc.company_type_id)", "Plans": [{"Node Type": "Bitmap Index Scan", "Parent Relationship": "Outer", "Index Name": "company_type_pkey", "Startup Cost": 0.0, "Total Cost": 0.26, "Plan Rows": 1, "Plan Width": 0, "Index Cond": "(id = mc.company_type_id)"}]}]}]}, "Unique SQL Id": 3145361615}, "explain_analyze_plan": null}, "(1, 120)": {"explain_plan": {"Plan": {"Node Type": "Aggregate", "Strategy": "Plain", "Startup Cost": 2366619.22, "Total Cost": 2366619.23, "Plan Rows": 1, "Plan Width": 97, "Plans": [{"Node Type": "Nested Loop", "Parent Relationship": "Outer", "Join Type": "Inner", "Startup Cost": 0.0, "Total Cost": 2361772.15, "Plan Rows": 969413, "Plan Width": 33, "Inner Unique": true, "Plans": [{"Node Type": "Nested Loop", "Parent Relationship": "Outer", "Join Type": "Inner", "Startup Cost": 0.0, "Total Cost": 2116855.61, "Plan Rows": 699731, "Plan Width": 24, "Inner Unique": true, "Join Filter": "(mc.company_type_id = ct.id), (LLVM Optimized)", "Plans": [{"Node Type": "Nested Loop", "Parent Relationship": "Outer", "Join Type": "Inner", "Startup Cost": 0.0, "Total Cost": 2085366.68, "Plan Rows": 699731, "Plan Width": 28, "Inner Unique": true, "Plans": [{"Node Type": "Nested Loop", "Parent Relationship": "Outer", "Join Type": "Inner", "Startup Cost": 0.0, "Total Cost": 1675808.66, "Plan Rows": 1423748, "Plan Width": 32, "Inner Unique": false, "Plans": [{"Node Type": "Nested Loop", "Parent Relationship": "Outer", "Join Type": "Inner", "Startup Cost": 0.0, "Total Cost": 1410889.95, "Plan Rows": 696330, "Plan Width": 20, "Inner Unique": true, "Join Filter": "(ci.role_id = rt.id), (LLVM Optimized)", "Plans": [{"Node Type": "Nested Loop", "Parent Relationship": "Outer", "Join Type": "Inner", "Startup Cost": 0.0, "Total Cost": 1285549.4, "Plan Rows": 696330, "Plan Width": 24, "Inner Unique": true, "Plans": [{"Node Type": "Seq Scan", "Parent Relationship": "Outer", "Relation Name": "cast_info", "Alias": "ci", "Startup Cost": 0.0, "Total Cost": 692526.68, "Plan Rows": 1436424, "Plan Width": 12, "Filter": "((note)::text ~~ '%(producer)%'::text), (LLVM Optimized)"}, {"Node Type": "Index Scan", "Parent Relationship": "Inner", "Scan Direction": "Forward", "Index Name": "char_name_pkey", "Relation Name": "char_name", "Alias": "chn", "Startup Cost": 0.0, "Total Cost": 0.4, "Plan Rows": 1, "Plan Width": 20, "Index Cond": "(id = ci.person_role_id)"}]}, {"Node Type": "Materialize", "Parent Relationship": "Inner", "Startup Cost": 0.0, "Total Cost": 1.18, "Plan Rows": 12, "Plan Width": 4, "Plans": [{"Node Type": "Seq Scan", "Parent Relationship": "Outer", "Relation Name": "role_type", "Alias": "rt", "Startup Cost": 0.0, "Total Cost": 1.12, "Plan Rows": 12, "Plan Width": 4}]}]}, {"Node Type": "Index Scan", "Parent Relationship": "Inner", "Scan Direction": "Forward", "Index Name": "movie_id_movie_companies", "Relation Name": "movie_companies", "Alias": "mc", "Startup Cost": 0.0, "Total Cost": 0.36, "Plan Rows": 2, "Plan Width": 12, "Index Cond": "(movie_id = ci.movie_id)"}]}, {"Node Type": "Index Scan", "Parent Relationship": "Inner", "Scan Direction": "Forward", "Index Name": "company_name_pkey", "Relation Name": "company_name", "Alias": "cn", "Startup Cost": 0.0, "Total Cost": 0.28, "Plan Rows": 1, "Plan Width": 4, "Index Cond": "(id = mc.company_id)", "Filter": "((country_code)::text = '[us]'::text)"}]}, {"Node Type": "Materialize", "Parent Relationship": "Inner", "Startup Cost": 0.0, "Total Cost": 1.04, "Plan Rows": 3, "Plan Width": 4, "Plans": [{"Node Type": "Seq Scan", "Parent Relationship": "Outer", "Relation Name": "company_type", "Alias": "ct", "Startup Cost": 0.0, "Total Cost": 1.03, "Plan Rows": 3, "Plan Width": 4}]}]}, {"Node Type": "Index Scan", "Parent Relationship": "Inner", "Scan Direction": "Forward", "Index Name": "title_pkey", "Relation Name": "title", "Alias": "t", "Startup Cost": 0.0, "Total Cost": 0.34, "Plan Rows": 1, "Plan Width": 21, "Index Cond": "(id = mc.movie_id)", "Filter": "(production_year > 1990)"}]}]}, "Unique SQL Id": 3145361615}, "explain_analyze_plan": {"Plan": {"Node Type": "Aggregate", "Strategy": "Plain", "Startup Cost": 2366619.22, "Total Cost": 2366619.23, "Plan Rows": 1, "Plan Width": 97, "Actual Startup Time": 11345.176, "Actual Total Time": 11345.176, "Actual Rows": 1, "Actual Loops": 1, "Plans": [{"Node Type": "Nested Loop", "Parent Relationship": "Outer", "Join Type": "Inner", "Startup Cost": 0.0, "Total Cost": 2361772.15, "Plan Rows": 969413, "Plan Width": 33, "Actual Startup Time": 689.813, "Actual Total Time": 11345.132, "Actual Rows": 4, "Actual Loops": 1, "Inner Unique": true, "Plans": [{"Node Type": "Nested Loop", "Parent Relationship": "Outer", "Join Type": "Inner", "Startup Cost": 0.0, "Total Cost": 2116855.61, "Plan Rows": 699731, "Plan Width": 24, "Actual Startup Time": 689.795, "Actual Total Time": 11345.065, "Actual Rows": 6, "Actual Loops": 1, "Inner Unique": true, "Join Filter": "(mc.company_type_id = ct.id), (LLVM Optimized, Jit Execute)", "Rows Removed by Join Filter": 24, "Plans": [{"Node Type": "Nested Loop", "Parent Relationship": "Outer", "Join Type": "Inner", "Startup Cost": 0.0, "Total Cost": 2085366.68, "Plan Rows": 699731, "Plan Width": 28, "Actual Startup Time": 689.765, "Actual Total Time": 11345.022, "Actual Rows": 14, "Actual Loops": 1, "Inner Unique": true, "Plans": [{"Node Type": "Nested Loop", "Parent Relationship": "Outer", "Join Type": "Inner", "Startup Cost": 0.0, "Total Cost": 1675808.66, "Plan Rows": 1423748, "Plan Width": 32, "Actual Startup Time": 689.723, "Actual Total Time": 11344.545, "Actual Rows": 31, "Actual Loops": 1, "Inner Unique": false, "Plans": [{"Node Type": "Nested Loop", "Parent Relationship": "Outer", "Join Type": "Inner", "Startup Cost": 0.0, "Total Cost": 1410889.95, "Plan Rows": 696330, "Plan Width": 20, "Actual Startup Time": 689.587, "Actual Total Time": 11343.23, "Actual Rows": 15, "Actual Loops": 1, "Inner Unique": true, "Join Filter": "(ci.role_id = rt.id), (LLVM Optimized, Jit Execute)", "Rows Removed by Join Filter": 2, "Plans": [{"Node Type": "Nested Loop", "Parent Relationship": "Outer", "Join Type": "Inner", "Startup Cost": 0.0, "Total Cost": 1285549.4, "Plan Rows": 696330, "Plan Width": 24, "Actual Startup Time": 689.559, "Actual Total Time": 11343.104, "Actual Rows": 15, "Actual Loops": 1, "Inner Unique": true, "Plans": [{"Node Type": "Seq Scan", "Parent Relationship": "Outer", "Relation Name": "cast_info", "Alias": "ci", "Startup Cost": 0.0, "Total Cost": 692526.68, "Plan Rows": 1436424, "Plan Width": 12, "Actual Startup Time": 689.509, "Actual Total Time": 10582.164, "Actual Rows": 1435439, "Actual Loops": 1, "Filter": "((note)::text ~~ '%(producer)%'::text), (LLVM Optimized, Jit Execute)", "Rows Removed by Filter": 34808904}, {"Node Type": "Index Scan", "Parent Relationship": "Inner", "Scan Direction": "Forward", "Index Name": "char_name_pkey", "Relation Name": "char_name", "Alias": "chn", "Startup Cost": 0.0, "Total Cost": 0.4, "Plan Rows": 1, "Plan Width": 20, "Actual Startup Time": 233.516, "Actual Total Time": 233.516, "Actual Rows": 15, "Actual Loops": 1435439, "Index Cond": "(id = ci.person_role_id)", "Rows Removed by Index Recheck": 0}]}, {"Node Type": "Materialize", "Parent Relationship": "Inner", "Startup Cost": 0.0, "Total Cost": 1.18, "Plan Rows": 12, "Plan Width": 4, "Actual Startup Time": 0.042, "Actual Total Time": 0.05, "Actual Rows": 17, "Actual Loops": 15, "Plans": [{"Node Type": "Seq Scan", "Parent Relationship": "Outer", "Relation Name": "role_type", "Alias": "rt", "Startup Cost": 0.0, "Total Cost": 1.12, "Plan Rows": 12, "Plan Width": 4, "Actual Startup Time": 0.009, "Actual Total Time": 0.011, "Actual Rows": 2, "Actual Loops": 1}]}]}, {"Node Type": "Index Scan", "Parent Relationship": "Inner", "Scan Direction": "Forward", "Index Name": "movie_id_movie_companies", "Relation Name": "movie_companies", "Alias": "mc", "Startup Cost": 0.0, "Total Cost": 0.36, "Plan Rows": 2, "Plan Width": 12, "Actual Startup Time": 1.211, "Actual Total Time": 1.242, "Actual Rows": 31, "Actual Loops": 15, "Index Cond": "(movie_id = ci.movie_id)", "Rows Removed by Index Recheck": 0}]}, {"Node Type": "Index Scan", "Parent Relationship": "Inner", "Scan Direction": "Forward", "Index Name": "company_name_pkey", "Relation Name": "company_name", "Alias": "cn", "Startup Cost": 0.0, "Total Cost": 0.28, "Plan Rows": 1, "Plan Width": 4, "Actual Startup Time": 0.403, "Actual Total Time": 0.403, "Actual Rows": 14, "Actual Loops": 31, "Index Cond": "(id = mc.company_id)", "Rows Removed by Index Recheck": 0, "Filter": "((country_code)::text = '[us]'::text)", "Rows Removed by Filter": 17}]}, {"Node Type": "Materialize", "Parent Relationship": "Inner", "Startup Cost": 0.0, "Total Cost": 1.04, "Plan Rows": 3, "Plan Width": 4, "Actual Startup Time": 0.015, "Actual Total Time": 0.02, "Actual Rows": 30, "Actual Loops": 14, "Plans": [{"Node Type": "Seq Scan", "Parent Relationship": "Outer", "Relation Name": "company_type", "Alias": "ct", "Startup Cost": 0.0, "Total Cost": 1.03, "Plan Rows": 3, "Plan Width": 4, "Actual Startup Time": 0.005, "Actual Total Time": 0.006, "Actual Rows": 3, "Actual Loops": 1}]}]}, {"Node Type": "Index Scan", "Parent Relationship": "Inner", "Scan Direction": "Forward", "Index Name": "title_pkey", "Relation Name": "title", "Alias": "t", "Startup Cost": 0.0, "Total Cost": 0.34, "Plan Rows": 1, "Plan Width": 21, "Actual Startup Time": 0.052, "Actual Total Time": 0.052, "Actual Rows": 4, "Actual Loops": 6, "Index Cond": "(id = mc.movie_id)", "Rows Removed by Index Recheck": 0, "Filter": "(production_year > 1990)", "Rows Removed by Filter": 2}]}]}, "Triggers": [], "Planner Runtime": 3.457, "Total Runtime": 11355.065, "Unique SQL Id": 3145361615}}, "(1, 121)": {"explain_plan": {"Plan": {"Node Type": "Aggregate", "Strategy": "Plain", "Startup Cost": 2425779.29, "Total Cost": 2425779.3, "Plan Rows": 1, "Plan Width": 97, "Plans": [{"Node Type": "Nested Loop", "Parent Relationship": "Outer", "Join Type": "Inner", "Startup Cost": 0.0, "Total Cost": 2420932.22, "Plan Rows": 969413, "Plan Width": 33, "Inner Unique": true, "Plans": [{"Node Type": "Nested Loop", "Parent Relationship": "Outer", "Join Type": "Inner", "Startup Cost": 0.0, "Total Cost": 2176015.68, "Plan Rows": 699731, "Plan Width": 24, "Inner Unique": true, "Join Filter": "(ci.role_id = rt.id), (LLVM Optimized)", "Plans": [{"Node Type": "Nested Loop", "Parent Relationship": "Outer", "Join Type": "Inner", "Startup Cost": 0.0, "Total Cost": 2050055.64, "Plan Rows": 699731, "Plan Width": 28, "Inner Unique": true, "Join Filter": "(mc.company_type_id = ct.id), (LLVM Optimized)", "Plans": [{"Node Type": "Nested Loop", "Parent Relationship": "Outer", "Join Type": "Inner", "Startup Cost": 0.0, "Total Cost": 2018559.45, "Plan Rows": 699731, "Plan Width": 32, "Inner Unique": true, "Plans": [{"Node Type": "Nested Loop", "Parent Relationship": "Outer", "Join Type": "Inner", "Startup Cost": 0.0, "Total Cost": 1422640.19, "Plan Rows": 1443440, "Plan Width": 20, "Inner Unique": false, "Plans": [{"Node Type": "Nested Loop", "Parent Relationship": "Outer", "Join Type": "Inner", "Startup Cost": 0.0, "Total Cost": 171332.39, "Plan Rows": 1282311, "Plan Width": 8, "Inner Unique": false, "Plans": [{"Node Type": "Index Scan", "Parent Relationship": "Outer", "Scan Direction": "Forward", "Index Name": "company_name_pkey", "Relation Name": "company_name", "Alias": "cn", "Startup Cost": 0.0, "Total Cost": 10501.39, "Plan Rows": 85170, "Plan Width": 4, "Filter": "((country_code)::text = '[us]'::text)"}, {"Node Type": "Index Scan", "Parent Relationship": "Inner", "Scan Direction": "Forward", "Index Name": "company_id_movie_companies", "Relation Name": "movie_companies", "Alias": "mc", "Startup Cost": 0.0, "Total Cost": 1.74, "Plan Rows": 15, "Plan Width": 12, "Index Cond": "(company_id = cn.id)"}]}, {"Node Type": "Index Scan", "Parent Relationship": "Inner", "Scan Direction": "Forward", "Index Name": "movie_id_cast_info", "Relation Name": "cast_info", "Alias": "ci", "Startup Cost": 0.0, "Total Cost": 0.97, "Plan Rows": 1, "Plan Width": 12, "Index Cond": "(movie_id = mc.movie_id)", "Filter": "((note)::text ~~ '%(producer)%'::text)"}]}, {"Node Type": "Index Scan", "Parent Relationship": "Inner", "Scan Direction": "Forward", "Index Name": "char_name_pkey", "Relation Name": "char_name", "Alias": "chn", "Startup Cost": 0.0, "Total Cost": 0.4, "Plan Rows": 1, "Plan Width": 20, "Index Cond": "(id = ci.person_role_id)"}]}, {"Node Type": "Materialize", "Parent Relationship": "Inner", "Startup Cost": 0.0, "Total Cost": 8.31, "Plan Rows": 3, "Plan Width": 4, "Plans": [{"Node Type": "Index Only Scan", "Parent Relationship": "Outer", "Scan Direction": "Forward", "Index Name": "company_type_pkey", "Relation Name": "company_type", "Alias": "ct", "Startup Cost": 0.0, "Total Cost": 8.29, "Plan Rows": 3, "Plan Width": 4}]}]}, {"Node Type": "Materialize", "Parent Relationship": "Inner", "Startup Cost": 0.0, "Total Cost": 8.49, "Plan Rows": 12, "Plan Width": 4, "Plans": [{"Node Type": "Index Only Scan", "Parent Relationship": "Outer", "Scan Direction": "Forward", "Index Name": "role_type_pkey", "Relation Name": "role_type", "Alias": "rt", "Startup Cost": 0.0, "Total Cost": 8.43, "Plan Rows": 12, "Plan Width": 4}]}]}, {"Node Type": "Index Scan", "Parent Relationship": "Inner", "Scan Direction": "Forward", "Index Name": "title_pkey", "Relation Name": "title", "Alias": "t", "Startup Cost": 0.0, "Total Cost": 0.34, "Plan Rows": 1, "Plan Width": 21, "Index Cond": "(id = mc.movie_id)", "Filter": "(production_year > 1990)"}]}]}, "Unique SQL Id": 3145361615}, "explain_analyze_plan": null}, "(1, 122)": {"explain_plan": {"Plan": {"Node Type": "Aggregate", "Strategy": "Plain", "Startup Cost": 102746625357.49, "Total Cost": 102746625357.5, "Plan Rows": 1, "Plan Width": 97, "Plans": [{"Node Type": "Nested Loop", "Parent Relationship": "Outer", "Join Type": "Inner", "Startup Cost": 0.0, "Total Cost": 102746620510.42, "Plan Rows": 969413, "Plan Width": 33, "Inner Unique": false, "Join Filter": "(mc.movie_id = t.id), (LLVM Optimized)", "Plans": [{"Node Type": "Seq Scan", "Parent Relationship": "Outer", "Relation Name": "title", "Alias": "t", "Startup Cost": 0.0, "Total Cost": 66389.89, "Plan Rows": 1748840, "Plan Width": 21, "Filter": "(production_year > 1990), (LLVM Optimized)"}, {"Node Type": "Materialize", "Parent Relationship": "Inner", "Startup Cost": 0.0, "Total Cost": 84390792439.26, "Plan Rows": 699731, "Plan Width": 24, "Plans": [{"Node Type": "Nested Loop", "Parent Relationship": "Outer", "Join Type": "Inner", "Startup Cost": 0.0, "Total Cost": 84390788940.61, "Plan Rows": 699731, "Plan Width": 24, "Inner Unique": true, "Join Filter": "(mc.company_type_id = ct.id), (LLVM Optimized)", "Plans": [{"Node Type": "Nested Loop", "Parent Relationship": "Outer", "Join Type": "Inner", "Startup Cost": 0.0, "Total Cost": 84390757451.68, "Plan Rows": 699731, "Plan Width": 28, "Inner Unique": false, "Join Filter": "(mc.movie_id = ci.movie_id), (LLVM Optimized)", "Plans": [{"Node Type": "Nested Loop", "Parent Relationship": "Outer", "Join Type": "Inner", "Startup Cost": 0.0, "Total Cost": 3333339410.06, "Plan Rows": 1282311, "Plan Width": 8, "Inner Unique": true, "Join Filter": "(cn.id = mc.company_id), (LLVM Optimized)", "Plans": [{"Node Type": "Seq Scan", "Parent Relationship": "Outer", "Relation Name": "movie_companies", "Alias": "mc", "Startup Cost": 0.0, "Total Cost": 41817.28, "Plan Rows": 2609128, "Plan Width": 12}, {"Node Type": "Materialize", "Parent Relationship": "Inner", "Startup Cost": 0.0, "Total Cost": 6329.3, "Plan Rows": 85170, "Plan Width": 4, "Plans": [{"Node Type": "Seq Scan", "Parent Relationship": "Outer", "Relation Name": "company_name", "Alias": "cn", "Startup Cost": 0.0, "Total Cost": 5903.45, "Plan Rows": 85170, "Plan Width": 4, "Filter": "((country_code)::text = '[us]'::text)"}]}]}, {"Node Type": "Materialize", "Parent Relationship": "Inner", "Startup Cost": 0.0, "Total Cost": 67663745503.0, "Plan Rows": 696330, "Plan Width": 20, "Plans": [{"Node Type": "Nested Loop", "Parent Relationship": "Outer", "Join Type": "Inner", "Startup Cost": 0.0, "Total Cost": 67663742021.35, "Plan Rows": 696330, "Plan Width": 20, "Inner Unique": true, "Join Filter": "(ci.role_id = rt.id), (LLVM Optimized)", "Plans": [{"Node Type": "Nested Loop", "Parent Relationship": "Outer", "Join Type": "Inner", "Startup Cost": 0.0, "Total Cost": 67663616680.79, "Plan Rows": 696330, "Plan Width": 24, "Inner Unique": false, "Join Filter": "(chn.id = ci.person_role_id), (LLVM Optimized)", "Plans": [{"Node Type": "Seq Scan", "Parent Relationship": "Outer", "Relation Name": "char_name", "Alias": "chn", "Startup Cost": 0.0, "Total Cost": 67493.38, "Plan Rows": 3140338, "Plan Width": 20}, {"Node Type": "Materialize", "Parent Relationship": "Inner", "Startup Cost": 0.0, "Total Cost": 699708.8, "Plan Rows": 1436424, "Plan Width": 12, "Plans": [{"Node Type": "Seq Scan", "Parent Relationship": "Outer", "Relation Name": "cast_info", "Alias": "ci", "Startup Cost": 0.0, "Total Cost": 692526.68, "Plan Rows": 1436424, "Plan Width": 12, "Filter": "((note)::text ~~ '%(producer)%'::text), (LLVM Optimized)"}]}]}, {"Node Type": "Materialize", "Parent Relationship": "Inner", "Startup Cost": 0.0, "Total Cost": 1.18, "Plan Rows": 12, "Plan Width": 4, "Plans": [{"Node Type": "Seq Scan", "Parent Relationship": "Outer", "Relation Name": "role_type", "Alias": "rt", "Startup Cost": 0.0, "Total Cost": 1.12, "Plan Rows": 12, "Plan Width": 4}]}]}]}]}, {"Node Type": "Materialize", "Parent Relationship": "Inner", "Startup Cost": 0.0, "Total Cost": 1.04, "Plan Rows": 3, "Plan Width": 4, "Plans": [{"Node Type": "Seq Scan", "Parent Relationship": "Outer", "Relation Name": "company_type", "Alias": "ct", "Startup Cost": 0.0, "Total Cost": 1.03, "Plan Rows": 3, "Plan Width": 4}]}]}]}]}]}, "Unique SQL Id": 3145361615}, "explain_analyze_plan": null}, "(1, 123)": {"explain_plan": {"Plan": {"Node Type": "Aggregate", "Strategy": "Plain", "Startup Cost": 7102923990895.23, "Total Cost": 7102923990895.24, "Plan Rows": 1, "Plan Width": 97, "Plans": [{"Node Type": "Nested Loop", "Parent Relationship": "Outer", "Join Type": "Inner", "Startup Cost": 70000000000.0, "Total Cost": 7102923986048.17, "Plan Rows": 969413, "Plan Width": 33, "Inner Unique": true, "Join Filter": "(mc.company_type_id = ct.id), (LLVM Optimized)", "Plans": [{"Node Type": "Nested Loop", "Parent Relationship": "Outer", "Join Type": "Inner", "Startup Cost": 60000000000.0, "Total Cost": 6102923941595.08, "Plan Rows": 969413, "Plan Width": 37, "Inner Unique": true, "Join Filter": "(mc.movie_id = t.id), (LLVM Optimized)", "Plans": [{"Node Type": "Nested Loop", "Parent Relationship": "Outer", "Join Type": "Inner", "Startup Cost": 50000000000.0, "Total Cost": 5084556529665.71, "Plan Rows": 699731, "Plan Width": 28, "Inner Unique": true, "Join Filter": "(ci.role_id = rt.id), (LLVM Optimized)", "Plans": [{"Node Type": "Nested Loop", "Parent Relationship": "Outer", "Join Type": "Inner", "Startup Cost": 40000000000.0, "Total Cost": 4084556402871.1, "Plan Rows": 699731, "Plan Width": 32, "Inner Unique": false, "Join Filter": "(ci.movie_id = mc.movie_id), (LLVM Optimized)", "Plans": [{"Node Type": "Nested Loop", "Parent Relationship": "Outer", "Join Type": "Inner", "Startup Cost": 20000000000.0, "Total Cost": 2003343660045.29, "Plan Rows": 1282311, "Plan Width": 8, "Inner Unique": true, "Join Filter": "(cn.id = mc.company_id), (LLVM Optimized)", "Plans": [{"Node Type": "Index Scan", "Parent Relationship": "Outer", "Scan Direction": "Forward", "Index Name": "company_type_id_movie_companies", "Relation Name": "movie_companies", "Alias": "mc", "Startup Cost": 10000000000.0, "Total Cost": 1000009318217.0, "Plan Rows": 2609128, "Plan Width": 12}, {"Node Type": "Materialize", "Parent Relationship": "Inner", "Startup Cost": 10000000000.0, "Total Cost": 1000001050564.82, "Plan Rows": 85170, "Plan Width": 4, "Plans": [{"Node Type": "Index Scan", "Parent Relationship": "Outer", "Scan Direction": "Forward", "Index Name": "company_name_pkey", "Relation Name": "company_name", "Alias": "cn", "Startup Cost": 10000000000.0, "Total Cost": 1000001050138.97, "Plan Rows": 85170, "Plan Width": 4, "Filter": "((country_code)::text = '[us]'::text)"}]}]}, {"Node Type": "Materialize", "Parent Relationship": "Inner", "Startup Cost": 20000000000.0, "Total Cost": 2067819070287.18, "Plan Rows": 696330, "Plan Width": 24, "Plans": [{"Node Type": "Nested Loop", "Parent Relationship": "Outer", "Join Type": "Inner", "Startup Cost": 20000000000.0, "Total Cost": 2067819066805.53, "Plan Rows": 696330, "Plan Width": 24, "Inner Unique": true, "Join Filter": "(chn.id = ci.person_role_id), (LLVM Optimized)", "Plans": [{"Node Type": "Index Scan", "Parent Relationship": "Outer", "Scan Direction": "Forward", "Index Name": "role_id_cast_info", "Relation Name": "cast_info", "Alias": "ci", "Startup Cost": 10000000000.0, "Total Cost": 1000143218339.5, "Plan Rows": 1436424, "Plan Width": 12, "Filter": "((note)::text ~~ '%(producer)%'::text), (LLVM Optimized)"}, {"Node Type": "Materialize", "Parent Relationship": "Inner", "Startup Cost": 10000000000.0, "Total Cost": 1000013003247.2, "Plan Rows": 3140338, "Plan Width": 20, "Plans": [{"Node Type": "Index Scan", "Parent Relationship": "Outer", "Scan Direction": "Forward", "Index Name": "char_name_pkey", "Relation Name": "char_name", "Alias": "chn", "Startup Cost": 10000000000.0, "Total Cost": 1000012987545.51, "Plan Rows": 3140338, "Plan Width": 20}]}]}]}]}, {"Node Type": "Materialize", "Parent Relationship": "Inner", "Startup Cost": 10000000000.0, "Total Cost": 1000000000843.06, "Plan Rows": 12, "Plan Width": 4, "Plans": [{"Node Type": "Index Only Scan", "Parent Relationship": "Outer", "Scan Direction": "Forward", "Index Name": "role_type_pkey", "Relation Name": "role_type", "Alias": "rt", "Startup Cost": 10000000000.0, "Total Cost": 1000000000843.0, "Plan Rows": 12, "Plan Width": 4}]}]}, {"Node Type": "Materialize", "Parent Relationship": "Inner", "Startup Cost": 10000000000.0, "Total Cost": 1000011652870.86, "Plan Rows": 1748840, "Plan Width": 21, "Plans": [{"Node Type": "Index Scan", "Parent Relationship": "Outer", "Scan Direction": "Forward", "Index Name": "title_pkey", "Relation Name": "title", "Alias": "t", "Startup Cost": 10000000000.0, "Total Cost": 1000011644126.66, "Plan Rows": 1748840, "Plan Width": 21, "Filter": "(production_year > 1990), (LLVM Optimized)"}]}]}, {"Node Type": "Materialize", "Parent Relationship": "Inner", "Startup Cost": 10000000000.0, "Total Cost": 1000000000829.52, "Plan Rows": 3, "Plan Width": 4, "Plans": [{"Node Type": "Index Only Scan", "Parent Relationship": "Outer", "Scan Direction": "Forward", "Index Name": "company_type_pkey", "Relation Name": "company_type", "Alias": "ct", "Startup Cost": 10000000000.0, "Total Cost": 1000000000829.5, "Plan Rows": 3, "Plan Width": 4}]}]}]}, "Unique SQL Id": 3145361615}, "explain_analyze_plan": null}, "(1, 124)": {"explain_plan": {"Plan": {"Node Type": "Aggregate", "Strategy": "Plain", "Startup Cost": 2366619.22, "Total Cost": 2366619.23, "Plan Rows": 1, "Plan Width": 97, "Plans": [{"Node Type": "Nested Loop", "Parent Relationship": "Outer", "Join Type": "Inner", "Startup Cost": 0.0, "Total Cost": 2361772.15, "Plan Rows": 969413, "Plan Width": 33, "Inner Unique": true, "Plans": [{"Node Type": "Nested Loop", "Parent Relationship": "Outer", "Join Type": "Inner", "Startup Cost": 0.0, "Total Cost": 2116855.61, "Plan Rows": 699731, "Plan Width": 24, "Inner Unique": true, "Join Filter": "(mc.company_type_id = ct.id), (LLVM Optimized)", "Plans": [{"Node Type": "Nested Loop", "Parent Relationship": "Outer", "Join Type": "Inner", "Startup Cost": 0.0, "Total Cost": 2085366.68, "Plan Rows": 699731, "Plan Width": 28, "Inner Unique": true, "Plans": [{"Node Type": "Nested Loop", "Parent Relationship": "Outer", "Join Type": "Inner", "Startup Cost": 0.0, "Total Cost": 1675808.66, "Plan Rows": 1423748, "Plan Width": 32, "Inner Unique": false, "Plans": [{"Node Type": "Nested Loop", "Parent Relationship": "Outer", "Join Type": "Inner", "Startup Cost": 0.0, "Total Cost": 1410889.95, "Plan Rows": 696330, "Plan Width": 20, "Inner Unique": true, "Join Filter": "(ci.role_id = rt.id), (LLVM Optimized)", "Plans": [{"Node Type": "Nested Loop", "Parent Relationship": "Outer", "Join Type": "Inner", "Startup Cost": 0.0, "Total Cost": 1285549.4, "Plan Rows": 696330, "Plan Width": 24, "Inner Unique": true, "Plans": [{"Node Type": "Seq Scan", "Parent Relationship": "Outer", "Relation Name": "cast_info", "Alias": "ci", "Startup Cost": 0.0, "Total Cost": 692526.68, "Plan Rows": 1436424, "Plan Width": 12, "Filter": "((note)::text ~~ '%(producer)%'::text), (LLVM Optimized)"}, {"Node Type": "Index Scan", "Parent Relationship": "Inner", "Scan Direction": "Forward", "Index Name": "char_name_pkey", "Relation Name": "char_name", "Alias": "chn", "Startup Cost": 0.0, "Total Cost": 0.4, "Plan Rows": 1, "Plan Width": 20, "Index Cond": "(id = ci.person_role_id)"}]}, {"Node Type": "Materialize", "Parent Relationship": "Inner", "Startup Cost": 0.0, "Total Cost": 1.18, "Plan Rows": 12, "Plan Width": 4, "Plans": [{"Node Type": "Seq Scan", "Parent Relationship": "Outer", "Relation Name": "role_type", "Alias": "rt", "Startup Cost": 0.0, "Total Cost": 1.12, "Plan Rows": 12, "Plan Width": 4}]}]}, {"Node Type": "Index Scan", "Parent Relationship": "Inner", "Scan Direction": "Forward", "Index Name": "movie_id_movie_companies", "Relation Name": "movie_companies", "Alias": "mc", "Startup Cost": 0.0, "Total Cost": 0.36, "Plan Rows": 2, "Plan Width": 12, "Index Cond": "(movie_id = ci.movie_id)"}]}, {"Node Type": "Index Scan", "Parent Relationship": "Inner", "Scan Direction": "Forward", "Index Name": "company_name_pkey", "Relation Name": "company_name", "Alias": "cn", "Startup Cost": 0.0, "Total Cost": 0.28, "Plan Rows": 1, "Plan Width": 4, "Index Cond": "(id = mc.company_id)", "Filter": "((country_code)::text = '[us]'::text)"}]}, {"Node Type": "Materialize", "Parent Relationship": "Inner", "Startup Cost": 0.0, "Total Cost": 1.04, "Plan Rows": 3, "Plan Width": 4, "Plans": [{"Node Type": "Seq Scan", "Parent Relationship": "Outer", "Relation Name": "company_type", "Alias": "ct", "Startup Cost": 0.0, "Total Cost": 1.03, "Plan Rows": 3, "Plan Width": 4}]}]}, {"Node Type": "Index Scan", "Parent Relationship": "Inner", "Scan Direction": "Forward", "Index Name": "title_pkey", "Relation Name": "title", "Alias": "t", "Startup Cost": 0.0, "Total Cost": 0.34, "Plan Rows": 1, "Plan Width": 21, "Index Cond": "(id = mc.movie_id)", "Filter": "(production_year > 1990)"}]}]}, "Unique SQL Id": 3145361615}, "explain_analyze_plan": {"Plan": {"Node Type": "Aggregate", "Strategy": "Plain", "Startup Cost": 2366619.22, "Total Cost": 2366619.23, "Plan Rows": 1, "Plan Width": 97, "Actual Startup Time": 11345.176, "Actual Total Time": 11345.176, "Actual Rows": 1, "Actual Loops": 1, "Plans": [{"Node Type": "Nested Loop", "Parent Relationship": "Outer", "Join Type": "Inner", "Startup Cost": 0.0, "Total Cost": 2361772.15, "Plan Rows": 969413, "Plan Width": 33, "Actual Startup Time": 689.813, "Actual Total Time": 11345.132, "Actual Rows": 4, "Actual Loops": 1, "Inner Unique": true, "Plans": [{"Node Type": "Nested Loop", "Parent Relationship": "Outer", "Join Type": "Inner", "Startup Cost": 0.0, "Total Cost": 2116855.61, "Plan Rows": 699731, "Plan Width": 24, "Actual Startup Time": 689.795, "Actual Total Time": 11345.065, "Actual Rows": 6, "Actual Loops": 1, "Inner Unique": true, "Join Filter": "(mc.company_type_id = ct.id), (LLVM Optimized, Jit Execute)", "Rows Removed by Join Filter": 24, "Plans": [{"Node Type": "Nested Loop", "Parent Relationship": "Outer", "Join Type": "Inner", "Startup Cost": 0.0, "Total Cost": 2085366.68, "Plan Rows": 699731, "Plan Width": 28, "Actual Startup Time": 689.765, "Actual Total Time": 11345.022, "Actual Rows": 14, "Actual Loops": 1, "Inner Unique": true, "Plans": [{"Node Type": "Nested Loop", "Parent Relationship": "Outer", "Join Type": "Inner", "Startup Cost": 0.0, "Total Cost": 1675808.66, "Plan Rows": 1423748, "Plan Width": 32, "Actual Startup Time": 689.723, "Actual Total Time": 11344.545, "Actual Rows": 31, "Actual Loops": 1, "Inner Unique": false, "Plans": [{"Node Type": "Nested Loop", "Parent Relationship": "Outer", "Join Type": "Inner", "Startup Cost": 0.0, "Total Cost": 1410889.95, "Plan Rows": 696330, "Plan Width": 20, "Actual Startup Time": 689.587, "Actual Total Time": 11343.23, "Actual Rows": 15, "Actual Loops": 1, "Inner Unique": true, "Join Filter": "(ci.role_id = rt.id), (LLVM Optimized, Jit Execute)", "Rows Removed by Join Filter": 2, "Plans": [{"Node Type": "Nested Loop", "Parent Relationship": "Outer", "Join Type": "Inner", "Startup Cost": 0.0, "Total Cost": 1285549.4, "Plan Rows": 696330, "Plan Width": 24, "Actual Startup Time": 689.559, "Actual Total Time": 11343.104, "Actual Rows": 15, "Actual Loops": 1, "Inner Unique": true, "Plans": [{"Node Type": "Seq Scan", "Parent Relationship": "Outer", "Relation Name": "cast_info", "Alias": "ci", "Startup Cost": 0.0, "Total Cost": 692526.68, "Plan Rows": 1436424, "Plan Width": 12, "Actual Startup Time": 689.509, "Actual Total Time": 10582.164, "Actual Rows": 1435439, "Actual Loops": 1, "Filter": "((note)::text ~~ '%(producer)%'::text), (LLVM Optimized, Jit Execute)", "Rows Removed by Filter": 34808904}, {"Node Type": "Index Scan", "Parent Relationship": "Inner", "Scan Direction": "Forward", "Index Name": "char_name_pkey", "Relation Name": "char_name", "Alias": "chn", "Startup Cost": 0.0, "Total Cost": 0.4, "Plan Rows": 1, "Plan Width": 20, "Actual Startup Time": 233.516, "Actual Total Time": 233.516, "Actual Rows": 15, "Actual Loops": 1435439, "Index Cond": "(id = ci.person_role_id)", "Rows Removed by Index Recheck": 0}]}, {"Node Type": "Materialize", "Parent Relationship": "Inner", "Startup Cost": 0.0, "Total Cost": 1.18, "Plan Rows": 12, "Plan Width": 4, "Actual Startup Time": 0.042, "Actual Total Time": 0.05, "Actual Rows": 17, "Actual Loops": 15, "Plans": [{"Node Type": "Seq Scan", "Parent Relationship": "Outer", "Relation Name": "role_type", "Alias": "rt", "Startup Cost": 0.0, "Total Cost": 1.12, "Plan Rows": 12, "Plan Width": 4, "Actual Startup Time": 0.009, "Actual Total Time": 0.011, "Actual Rows": 2, "Actual Loops": 1}]}]}, {"Node Type": "Index Scan", "Parent Relationship": "Inner", "Scan Direction": "Forward", "Index Name": "movie_id_movie_companies", "Relation Name": "movie_companies", "Alias": "mc", "Startup Cost": 0.0, "Total Cost": 0.36, "Plan Rows": 2, "Plan Width": 12, "Actual Startup Time": 1.211, "Actual Total Time": 1.242, "Actual Rows": 31, "Actual Loops": 15, "Index Cond": "(movie_id = ci.movie_id)", "Rows Removed by Index Recheck": 0}]}, {"Node Type": "Index Scan", "Parent Relationship": "Inner", "Scan Direction": "Forward", "Index Name": "company_name_pkey", "Relation Name": "company_name", "Alias": "cn", "Startup Cost": 0.0, "Total Cost": 0.28, "Plan Rows": 1, "Plan Width": 4, "Actual Startup Time": 0.403, "Actual Total Time": 0.403, "Actual Rows": 14, "Actual Loops": 31, "Index Cond": "(id = mc.company_id)", "Rows Removed by Index Recheck": 0, "Filter": "((country_code)::text = '[us]'::text)", "Rows Removed by Filter": 17}]}, {"Node Type": "Materialize", "Parent Relationship": "Inner", "Startup Cost": 0.0, "Total Cost": 1.04, "Plan Rows": 3, "Plan Width": 4, "Actual Startup Time": 0.015, "Actual Total Time": 0.02, "Actual Rows": 30, "Actual Loops": 14, "Plans": [{"Node Type": "Seq Scan", "Parent Relationship": "Outer", "Relation Name": "company_type", "Alias": "ct", "Startup Cost": 0.0, "Total Cost": 1.03, "Plan Rows": 3, "Plan Width": 4, "Actual Startup Time": 0.005, "Actual Total Time": 0.006, "Actual Rows": 3, "Actual Loops": 1}]}]}, {"Node Type": "Index Scan", "Parent Relationship": "Inner", "Scan Direction": "Forward", "Index Name": "title_pkey", "Relation Name": "title", "Alias": "t", "Startup Cost": 0.0, "Total Cost": 0.34, "Plan Rows": 1, "Plan Width": 21, "Actual Startup Time": 0.052, "Actual Total Time": 0.052, "Actual Rows": 4, "Actual Loops": 6, "Index Cond": "(id = mc.movie_id)", "Rows Removed by Index Recheck": 0, "Filter": "(production_year > 1990)", "Rows Removed by Filter": 2}]}]}, "Triggers": [], "Planner Runtime": 3.457, "Total Runtime": 11355.065, "Unique SQL Id": 3145361615}}, "(1, 125)": {"explain_plan": {"Plan": {"Node Type": "Aggregate", "Strategy": "Plain", "Startup Cost": 2425787.29, "Total Cost": 2425787.3, "Plan Rows": 1, "Plan Width": 97, "Plans": [{"Node Type": "Nested Loop", "Parent Relationship": "Outer", "Join Type": "Inner", "Startup Cost": 0.0, "Total Cost": 2420940.22, "Plan Rows": 969413, "Plan Width": 33, "Inner Unique": true, "Plans": [{"Node Type": "Nested Loop", "Parent Relationship": "Outer", "Join Type": "Inner", "Startup Cost": 0.0, "Total Cost": 2176023.68, "Plan Rows": 699731, "Plan Width": 24, "Inner Unique": true, "Join Filter": "(ci.role_id = rt.id), (LLVM Optimized)", "Plans": [{"Node Type": "Nested Loop", "Parent Relationship": "Outer", "Join Type": "Inner", "Startup Cost": 0.0, "Total Cost": 2050059.64, "Plan Rows": 699731, "Plan Width": 28, "Inner Unique": true, "Join Filter": "(mc.company_type_id = ct.id), (LLVM Optimized)", "Plans": [{"Node Type": "Nested Loop", "Parent Relationship": "Outer", "Join Type": "Inner", "Startup Cost": 0.0, "Total Cost": 2018559.45, "Plan Rows": 699731, "Plan Width": 32, "Inner Unique": true, "Plans": [{"Node Type": "Nested Loop", "Parent Relationship": "Outer", "Join Type": "Inner", "Startup Cost": 0.0, "Total Cost": 1422640.19, "Plan Rows": 1443440, "Plan Width": 20, "Inner Unique": false, "Plans": [{"Node Type": "Nested Loop", "Parent Relationship": "Outer", "Join Type": "Inner", "Startup Cost": 0.0, "Total Cost": 171332.39, "Plan Rows": 1282311, "Plan Width": 8, "Inner Unique": false, "Plans": [{"Node Type": "Index Scan", "Parent Relationship": "Outer", "Scan Direction": "Forward", "Index Name": "company_name_pkey", "Relation Name": "company_name", "Alias": "cn", "Startup Cost": 0.0, "Total Cost": 10501.39, "Plan Rows": 85170, "Plan Width": 4, "Filter": "((country_code)::text = '[us]'::text)"}, {"Node Type": "Index Scan", "Parent Relationship": "Inner", "Scan Direction": "Forward", "Index Name": "company_id_movie_companies", "Relation Name": "movie_companies", "Alias": "mc", "Startup Cost": 0.0, "Total Cost": 1.74, "Plan Rows": 15, "Plan Width": 12, "Index Cond": "(company_id = cn.id)"}]}, {"Node Type": "Index Scan", "Parent Relationship": "Inner", "Scan Direction": "Forward", "Index Name": "movie_id_cast_info", "Relation Name": "cast_info", "Alias": "ci", "Startup Cost": 0.0, "Total Cost": 0.97, "Plan Rows": 1, "Plan Width": 12, "Index Cond": "(movie_id = mc.movie_id)", "Filter": "((note)::text ~~ '%(producer)%'::text)"}]}, {"Node Type": "Index Scan", "Parent Relationship": "Inner", "Scan Direction": "Forward", "Index Name": "char_name_pkey", "Relation Name": "char_name", "Alias": "chn", "Startup Cost": 0.0, "Total Cost": 0.4, "Plan Rows": 1, "Plan Width": 20, "Index Cond": "(id = ci.person_role_id)"}]}, {"Node Type": "Materialize", "Parent Relationship": "Inner", "Startup Cost": 0.0, "Total Cost": 12.31, "Plan Rows": 3, "Plan Width": 4, "Plans": [{"Node Type": "Index Scan", "Parent Relationship": "Outer", "Scan Direction": "Forward", "Index Name": "company_type_pkey", "Relation Name": "company_type", "Alias": "ct", "Startup Cost": 0.0, "Total Cost": 12.29, "Plan Rows": 3, "Plan Width": 4}]}]}, {"Node Type": "Materialize", "Parent Relationship": "Inner", "Startup Cost": 0.0, "Total Cost": 12.49, "Plan Rows": 12, "Plan Width": 4, "Plans": [{"Node Type": "Index Scan", "Parent Relationship": "Outer", "Scan Direction": "Forward", "Index Name": "role_type_pkey", "Relation Name": "role_type", "Alias": "rt", "Startup Cost": 0.0, "Total Cost": 12.43, "Plan Rows": 12, "Plan Width": 4}]}]}, {"Node Type": "Index Scan", "Parent Relationship": "Inner", "Scan Direction": "Forward", "Index Name": "title_pkey", "Relation Name": "title", "Alias": "t", "Startup Cost": 0.0, "Total Cost": 0.34, "Plan Rows": 1, "Plan Width": 21, "Index Cond": "(id = mc.movie_id)", "Filter": "(production_year > 1990)"}]}]}, "Unique SQL Id": 3145361615}, "explain_analyze_plan": null}, "(1, 126)": {"explain_plan": {"Plan": {"Node Type": "Aggregate", "Strategy": "Plain", "Startup Cost": 102746625357.49, "Total Cost": 102746625357.5, "Plan Rows": 1, "Plan Width": 97, "Plans": [{"Node Type": "Nested Loop", "Parent Relationship": "Outer", "Join Type": "Inner", "Startup Cost": 0.0, "Total Cost": 102746620510.42, "Plan Rows": 969413, "Plan Width": 33, "Inner Unique": false, "Join Filter": "(mc.movie_id = t.id), (LLVM Optimized)", "Plans": [{"Node Type": "Seq Scan", "Parent Relationship": "Outer", "Relation Name": "title", "Alias": "t", "Startup Cost": 0.0, "Total Cost": 66389.89, "Plan Rows": 1748840, "Plan Width": 21, "Filter": "(production_year > 1990), (LLVM Optimized)"}, {"Node Type": "Materialize", "Parent Relationship": "Inner", "Startup Cost": 0.0, "Total Cost": 84390792439.26, "Plan Rows": 699731, "Plan Width": 24, "Plans": [{"Node Type": "Nested Loop", "Parent Relationship": "Outer", "Join Type": "Inner", "Startup Cost": 0.0, "Total Cost": 84390788940.61, "Plan Rows": 699731, "Plan Width": 24, "Inner Unique": true, "Join Filter": "(mc.company_type_id = ct.id), (LLVM Optimized)", "Plans": [{"Node Type": "Nested Loop", "Parent Relationship": "Outer", "Join Type": "Inner", "Startup Cost": 0.0, "Total Cost": 84390757451.68, "Plan Rows": 699731, "Plan Width": 28, "Inner Unique": false, "Join Filter": "(mc.movie_id = ci.movie_id), (LLVM Optimized)", "Plans": [{"Node Type": "Nested Loop", "Parent Relationship": "Outer", "Join Type": "Inner", "Startup Cost": 0.0, "Total Cost": 3333339410.06, "Plan Rows": 1282311, "Plan Width": 8, "Inner Unique": true, "Join Filter": "(cn.id = mc.company_id), (LLVM Optimized)", "Plans": [{"Node Type": "Seq Scan", "Parent Relationship": "Outer", "Relation Name": "movie_companies", "Alias": "mc", "Startup Cost": 0.0, "Total Cost": 41817.28, "Plan Rows": 2609128, "Plan Width": 12}, {"Node Type": "Materialize", "Parent Relationship": "Inner", "Startup Cost": 0.0, "Total Cost": 6329.3, "Plan Rows": 85170, "Plan Width": 4, "Plans": [{"Node Type": "Seq Scan", "Parent Relationship": "Outer", "Relation Name": "company_name", "Alias": "cn", "Startup Cost": 0.0, "Total Cost": 5903.45, "Plan Rows": 85170, "Plan Width": 4, "Filter": "((country_code)::text = '[us]'::text)"}]}]}, {"Node Type": "Materialize", "Parent Relationship": "Inner", "Startup Cost": 0.0, "Total Cost": 67663745503.0, "Plan Rows": 696330, "Plan Width": 20, "Plans": [{"Node Type": "Nested Loop", "Parent Relationship": "Outer", "Join Type": "Inner", "Startup Cost": 0.0, "Total Cost": 67663742021.35, "Plan Rows": 696330, "Plan Width": 20, "Inner Unique": true, "Join Filter": "(ci.role_id = rt.id), (LLVM Optimized)", "Plans": [{"Node Type": "Nested Loop", "Parent Relationship": "Outer", "Join Type": "Inner", "Startup Cost": 0.0, "Total Cost": 67663616680.79, "Plan Rows": 696330, "Plan Width": 24, "Inner Unique": false, "Join Filter": "(chn.id = ci.person_role_id), (LLVM Optimized)", "Plans": [{"Node Type": "Seq Scan", "Parent Relationship": "Outer", "Relation Name": "char_name", "Alias": "chn", "Startup Cost": 0.0, "Total Cost": 67493.38, "Plan Rows": 3140338, "Plan Width": 20}, {"Node Type": "Materialize", "Parent Relationship": "Inner", "Startup Cost": 0.0, "Total Cost": 699708.8, "Plan Rows": 1436424, "Plan Width": 12, "Plans": [{"Node Type": "Seq Scan", "Parent Relationship": "Outer", "Relation Name": "cast_info", "Alias": "ci", "Startup Cost": 0.0, "Total Cost": 692526.68, "Plan Rows": 1436424, "Plan Width": 12, "Filter": "((note)::text ~~ '%(producer)%'::text), (LLVM Optimized)"}]}]}, {"Node Type": "Materialize", "Parent Relationship": "Inner", "Startup Cost": 0.0, "Total Cost": 1.18, "Plan Rows": 12, "Plan Width": 4, "Plans": [{"Node Type": "Seq Scan", "Parent Relationship": "Outer", "Relation Name": "role_type", "Alias": "rt", "Startup Cost": 0.0, "Total Cost": 1.12, "Plan Rows": 12, "Plan Width": 4}]}]}]}]}, {"Node Type": "Materialize", "Parent Relationship": "Inner", "Startup Cost": 0.0, "Total Cost": 1.04, "Plan Rows": 3, "Plan Width": 4, "Plans": [{"Node Type": "Seq Scan", "Parent Relationship": "Outer", "Relation Name": "company_type", "Alias": "ct", "Startup Cost": 0.0, "Total Cost": 1.03, "Plan Rows": 3, "Plan Width": 4}]}]}]}]}]}, "Unique SQL Id": 3145361615}, "explain_analyze_plan": null}, "(1, 127)": {"explain_plan": {"Plan": {"Node Type": "Aggregate", "Strategy": "Plain", "Startup Cost": 7102923991695.23, "Total Cost": 7102923991695.24, "Plan Rows": 1, "Plan Width": 97, "Plans": [{"Node Type": "Nested Loop", "Parent Relationship": "Outer", "Join Type": "Inner", "Startup Cost": 70000000000.0, "Total Cost": 7102923986848.17, "Plan Rows": 969413, "Plan Width": 33, "Inner Unique": true, "Join Filter": "(mc.company_type_id = ct.id), (LLVM Optimized)", "Plans": [{"Node Type": "Nested Loop", "Parent Relationship": "Outer", "Join Type": "Inner", "Startup Cost": 60000000000.0, "Total Cost": 6102923941995.08, "Plan Rows": 969413, "Plan Width": 37, "Inner Unique": true, "Join Filter": "(mc.movie_id = t.id), (LLVM Optimized)", "Plans": [{"Node Type": "Nested Loop", "Parent Relationship": "Outer", "Join Type": "Inner", "Startup Cost": 50000000000.0, "Total Cost": 5084556530065.71, "Plan Rows": 699731, "Plan Width": 28, "Inner Unique": true, "Join Filter": "(ci.role_id = rt.id), (LLVM Optimized)", "Plans": [{"Node Type": "Nested Loop", "Parent Relationship": "Outer", "Join Type": "Inner", "Startup Cost": 40000000000.0, "Total Cost": 4084556402871.1, "Plan Rows": 699731, "Plan Width": 32, "Inner Unique": false, "Join Filter": "(ci.movie_id = mc.movie_id), (LLVM Optimized)", "Plans": [{"Node Type": "Nested Loop", "Parent Relationship": "Outer", "Join Type": "Inner", "Startup Cost": 20000000000.0, "Total Cost": 2003343660045.29, "Plan Rows": 1282311, "Plan Width": 8, "Inner Unique": true, "Join Filter": "(cn.id = mc.company_id), (LLVM Optimized)", "Plans": [{"Node Type": "Index Scan", "Parent Relationship": "Outer", "Scan Direction": "Forward", "Index Name": "company_type_id_movie_companies", "Relation Name": "movie_companies", "Alias": "mc", "Startup Cost": 10000000000.0, "Total Cost": 1000009318217.0, "Plan Rows": 2609128, "Plan Width": 12}, {"Node Type": "Materialize", "Parent Relationship": "Inner", "Startup Cost": 10000000000.0, "Total Cost": 1000001050564.82, "Plan Rows": 85170, "Plan Width": 4, "Plans": [{"Node Type": "Index Scan", "Parent Relationship": "Outer", "Scan Direction": "Forward", "Index Name": "company_name_pkey", "Relation Name": "company_name", "Alias": "cn", "Startup Cost": 10000000000.0, "Total Cost": 1000001050138.97, "Plan Rows": 85170, "Plan Width": 4, "Filter": "((country_code)::text = '[us]'::text)"}]}]}, {"Node Type": "Materialize", "Parent Relationship": "Inner", "Startup Cost": 20000000000.0, "Total Cost": 2067819070287.18, "Plan Rows": 696330, "Plan Width": 24, "Plans": [{"Node Type": "Nested Loop", "Parent Relationship": "Outer", "Join Type": "Inner", "Startup Cost": 20000000000.0, "Total Cost": 2067819066805.53, "Plan Rows": 696330, "Plan Width": 24, "Inner Unique": true, "Join Filter": "(chn.id = ci.person_role_id), (LLVM Optimized)", "Plans": [{"Node Type": "Index Scan", "Parent Relationship": "Outer", "Scan Direction": "Forward", "Index Name": "role_id_cast_info", "Relation Name": "cast_info", "Alias": "ci", "Startup Cost": 10000000000.0, "Total Cost": 1000143218339.5, "Plan Rows": 1436424, "Plan Width": 12, "Filter": "((note)::text ~~ '%(producer)%'::text), (LLVM Optimized)"}, {"Node Type": "Materialize", "Parent Relationship": "Inner", "Startup Cost": 10000000000.0, "Total Cost": 1000013003247.2, "Plan Rows": 3140338, "Plan Width": 20, "Plans": [{"Node Type": "Index Scan", "Parent Relationship": "Outer", "Scan Direction": "Forward", "Index Name": "char_name_pkey", "Relation Name": "char_name", "Alias": "chn", "Startup Cost": 10000000000.0, "Total Cost": 1000012987545.51, "Plan Rows": 3140338, "Plan Width": 20}]}]}]}]}, {"Node Type": "Materialize", "Parent Relationship": "Inner", "Startup Cost": 10000000000.0, "Total Cost": 1000000001243.06, "Plan Rows": 12, "Plan Width": 4, "Plans": [{"Node Type": "Index Scan", "Parent Relationship": "Outer", "Scan Direction": "Forward", "Index Name": "role_type_pkey", "Relation Name": "role_type", "Alias": "rt", "Startup Cost": 10000000000.0, "Total Cost": 1000000001243.0, "Plan Rows": 12, "Plan Width": 4}]}]}, {"Node Type": "Materialize", "Parent Relationship": "Inner", "Startup Cost": 10000000000.0, "Total Cost": 1000011652870.86, "Plan Rows": 1748840, "Plan Width": 21, "Plans": [{"Node Type": "Index Scan", "Parent Relationship": "Outer", "Scan Direction": "Forward", "Index Name": "title_pkey", "Relation Name": "title", "Alias": "t", "Startup Cost": 10000000000.0, "Total Cost": 1000011644126.66, "Plan Rows": 1748840, "Plan Width": 21, "Filter": "(production_year > 1990), (LLVM Optimized)"}]}]}, {"Node Type": "Materialize", "Parent Relationship": "Inner", "Startup Cost": 10000000000.0, "Total Cost": 1000000001229.52, "Plan Rows": 3, "Plan Width": 4, "Plans": [{"Node Type": "Index Scan", "Parent Relationship": "Outer", "Scan Direction": "Forward", "Index Name": "company_type_pkey", "Relation Name": "company_type", "Alias": "ct", "Startup Cost": 10000000000.0, "Total Cost": 1000000001229.5, "Plan Rows": 3, "Plan Width": 4}]}]}]}, "Unique SQL Id": 3145361615}, "explain_analyze_plan": null}, "(16, 0)": {"explain_plan": {"Plan": {"Node Type": "Aggregate", "Strategy": "Plain", "Startup Cost": 272970.86, "Total Cost": 272970.88, "Plan Rows": 1, "Plan Width": 97, "Plans": [{"Node Type": "Streaming(type: LOCAL GATHER dop: 1/16)", "Parent Relationship": "Outer", "Startup Cost": 272970.86, "Total Cost": 272970.88, "Plan Rows": 1, "Plan Width": 97, "Plans": [{"Node Type": "Aggregate", "Strategy": "Plain", "Parent Relationship": "Outer", "Startup Cost": 272970.86, "Total Cost": 272970.87, "Plan Rows": 1, "Plan Width": 97, "Plans": [{"Node Type": "Hash Join", "Parent Relationship": "Outer", "Join Type": "Inner", "Startup Cost": 129833.14, "Total Cost": 268123.79, "Plan Rows": 969413, "Plan Width": 33, "Inner Unique": true, "Hash Cond": "(mc.movie_id = t.id), (LLVM Optimized)", "Plans": [{"Node Type": "Streaming(type: LOCAL REDISTRIBUTE dop: 16/16)", "Parent Relationship": "Outer", "Startup Cost": 118272.9, "Total Cost": 255793.67, "Plan Rows": 699731, "Plan Width": 24, "Plans": [{"Node Type": "Nested Loop", "Parent Relationship": "Outer", "Join Type": "Inner", "Startup Cost": 118272.9, "Total Cost": 238142.35, "Plan Rows": 699731, "Plan Width": 24, "Inner Unique": true, "Join Filter": "(mc.company_type_id = ct.id), (LLVM Optimized)", "Plans": [{"Node Type": "Hash Join", "Parent Relationship": "Outer", "Join Type": "Inner", "Startup Cost": 118272.9, "Total Cost": 221172.28, "Plan Rows": 699731, "Plan Width": 28, "Inner Unique": true, "Hash Cond": "(ci.person_role_id = chn.id), (LLVM Optimized)", "Plans": [{"Node Type": "Streaming(type: LOCAL REDISTRIBUTE dop: 16/16)", "Parent Relationship": "Outer", "Startup Cost": 104290.19, "Total Cost": 206413.94, "Plan Rows": 1443440, "Plan Width": 16, "Plans": [{"Node Type": "Hash Join", "Parent Relationship": "Outer", "Join Type": "Inner", "Startup Cost": 104290.19, "Total Cost": 185944.65, "Plan Rows": 1443440, "Plan Width": 16, "Inner Unique": false, "Hash Cond": "(ci.movie_id = mc.movie_id), (LLVM Optimized)", "Plans": [{"Node Type": "Streaming(type: LOCAL REDISTRIBUTE dop: 16/16)", "Parent Relationship": "Outer", "Startup Cost": 15005.41, "Total Cost": 94859.97, "Plan Rows": 1436424, "Plan Width": 8, "Plans": [{"Node Type": "Hash Join", "Parent Relationship": "Outer", "Join Type": "Inner", "Startup Cost": 15005.41, "Total Cost": 74417.27, "Plan Rows": 1436424, "Plan Width": 8, "Inner Unique": true, "Hash Cond": "(ci.role_id = rt.id), (LLVM Optimized)", "Plans": [{"Node Type": "Seq Scan", "Parent Relationship": "Outer", "Relation Name": "cast_info", "Alias": "ci", "Startup Cost": 0.0, "Total Cost": 58282.92, "Plan Rows": 1436424, "Plan Width": 12, "Filter": "((note)::text ~~ '%(producer)%'::text), (LLVM Optimized)"}, {"Node Type": "Hash", "Parent Relationship": "Inner", "Startup Cost": 15005.26, "Total Cost": 15005.26, "Plan Rows": 192, "Plan Width": 4, "Plans": [{"Node Type": "Streaming(type: BROADCAST dop: 16/1)", "Parent Relationship": "Outer", "Startup Cost": 0.0, "Total Cost": 15005.26, "Plan Rows": 192, "Plan Width": 4, "Plans": [{"Node Type": "Seq Scan", "Parent Relationship": "Outer", "Relation Name": "role_type", "Alias": "rt", "Startup Cost": 0.0, "Total Cost": 1.12, "Plan Rows": 12, "Plan Width": 4}]}]}]}]}, {"Node Type": "Hash", "Parent Relationship": "Inner", "Startup Cost": 88282.97, "Total Cost": 88282.97, "Plan Rows": 1282311, "Plan Width": 8, "Plans": [{"Node Type": "Streaming(type: LOCAL REDISTRIBUTE dop: 16/16)", "Parent Relationship": "Outer", "Startup Cost": 24511.53, "Total Cost": 88282.97, "Plan Rows": 1282311, "Plan Width": 8, "Plans": [{"Node Type": "Hash Join", "Parent Relationship": "Outer", "Join Type": "Inner", "Startup Cost": 24511.53, "Total Cost": 68424.21, "Plan Rows": 1282311, "Plan Width": 8, "Inner Unique": true, "Hash Cond": "(mc.company_id = cn.id), (LLVM Optimized)", "Plans": [{"Node Type": "Streaming(type: LOCAL REDISTRIBUTE dop: 16/16)", "Parent Relationship": "Outer", "Startup Cost": 0.0, "Total Cost": 42499.73, "Plan Rows": 2609128, "Plan Width": 12, "Plans": [{"Node Type": "Seq Scan", "Parent Relationship": "Outer", "Relation Name": "movie_companies", "Alias": "mc", "Startup Cost": 0.0, "Total Cost": 17613.58, "Plan Rows": 2609128, "Plan Width": 12}]}, {"Node Type": "Hash", "Parent Relationship": "Inner", "Startup Cost": 24444.99, "Total Cost": 24444.99, "Plan Rows": 85170, "Plan Width": 4, "Plans": [{"Node Type": "Streaming(type: LOCAL REDISTRIBUTE dop: 16/1)", "Parent Relationship": "Outer", "Startup Cost": 0.0, "Total Cost": 24444.99, "Plan Rows": 85170, "Plan Width": 4, "Plans": [{"Node Type": "Seq Scan", "Parent Relationship": "Outer", "Relation Name": "company_name", "Alias": "cn", "Startup Cost": 0.0, "Total Cost": 5903.45, "Plan Rows": 85170, "Plan Width": 4, "Filter": "((country_code)::text = '[us]'::text)"}]}]}]}]}]}]}]}, {"Node Type": "Hash", "Parent Relationship": "Inner", "Startup Cost": 46117.27, "Total Cost": 46117.27, "Plan Rows": 3140338, "Plan Width": 20, "Plans": [{"Node Type": "Streaming(type: LOCAL REDISTRIBUTE dop: 16/16)", "Parent Relationship": "Outer", "Startup Cost": 0.0, "Total Cost": 46117.27, "Plan Rows": 3140338, "Plan Width": 20, "Plans": [{"Node Type": "Seq Scan", "Parent Relationship": "Outer", "Relation Name": "char_name", "Alias": "chn", "Startup Cost": 0.0, "Total Cost": 19218.34, "Plan Rows": 3140338, "Plan Width": 20}]}]}]}, {"Node Type": "Materialize", "Parent Relationship": "Inner", "Startup Cost": 0.0, "Total Cost": 15002.08, "Plan Rows": 48, "Plan Width": 4, "Plans": [{"Node Type": "Streaming(type: BROADCAST dop: 16/1)", "Parent Relationship": "Outer", "Startup Cost": 0.0, "Total Cost": 15002.07, "Plan Rows": 48, "Plan Width": 4, "Plans": [{"Node Type": "Seq Scan", "Parent Relationship": "Outer", "Relation Name": "company_type", "Alias": "ct", "Startup Cost": 0.0, "Total Cost": 1.03, "Plan Rows": 3, "Plan Width": 4}]}]}]}]}, {"Node Type": "Hash", "Parent Relationship": "Inner", "Startup Cost": 40775.83, "Total Cost": 40775.83, "Plan Rows": 1748840, "Plan Width": 21, "Plans": [{"Node Type": "Streaming(type: LOCAL REDISTRIBUTE dop: 16/16)", "Parent Relationship": "Outer", "Startup Cost": 0.0, "Total Cost": 40775.83, "Plan Rows": 1748840, "Plan Width": 21, "Plans": [{"Node Type": "Seq Scan", "Parent Relationship": "Outer", "Relation Name": "title", "Alias": "t", "Startup Cost": 0.0, "Total Cost": 19149.37, "Plan Rows": 1748840, "Plan Width": 21, "Filter": "(production_year > 1990), (LLVM Optimized)"}]}]}]}]}]}]}, "Unique SQL Id": 3145361615}, "explain_analyze_plan": {"Plan": {"Node Type": "Aggregate", "Strategy": "Plain", "Startup Cost": 272970.86, "Total Cost": 272970.88, "Plan Rows": 1, "Plan Width": 97, "Actual Min Startup Time": 1851.442, "Actual Max Startup Time": 1851.442, "Actual Min Total Time": 1851.442, "Actual Max Total Time": 1851.442, "Actual Total Rows": 1, "Plans": [{"Node Type": "Streaming(type: LOCAL GATHER dop: 1/16)", "Parent Relationship": "Outer", "Startup Cost": 272970.86, "Total Cost": 272970.88, "Plan Rows": 1, "Plan Width": 97, "Actual Min Startup Time": 1850.571, "Actual Max Startup Time": 1850.571, "Actual Min Total Time": 1851.421, "Actual Max Total Time": 1851.421, "Actual Total Rows": 16, "Plans": [{"Node Type": "Aggregate", "Strategy": "Plain", "Parent Relationship": "Outer", "Startup Cost": 272970.86, "Total Cost": 272970.87, "Plan Rows": 1, "Plan Width": 97, "Actual Min Startup Time": 1528.987, "Actual Max Startup Time": 1703.473, "Actual Min Total Time": 1528.988, "Actual Max Total Time": 1703.473, "Actual Total Rows": 16, "Plans": [{"Node Type": "Hash Join", "Parent Relationship": "Outer", "Join Type": "Inner", "Startup Cost": 129833.14, "Total Cost": 268123.79, "Plan Rows": 969413, "Plan Width": 33, "Actual Min Startup Time": 1526.266, "Actual Max Startup Time": 1700.688, "Actual Min Total Time": 1528.951, "Actual Max Total Time": 1703.451, "Actual Total Rows": 4, "Inner Unique": true, "Hash Cond": "(mc.movie_id = t.id), (LLVM Optimized, Jit Execute)", "Plans": [{"Node Type": "Streaming(type: LOCAL REDISTRIBUTE dop: 16/16)", "Parent Relationship": "Outer", "Startup Cost": 118272.9, "Total Cost": 255793.67, "Plan Rows": 699731, "Plan Width": 24, "Actual Min Startup Time": 1276.696, "Actual Max Startup Time": 1279.511, "Actual Min Total Time": 1279.291, "Actual Max Total Time": 1279.511, "Actual Total Rows": 6, "Plans": [{"Node Type": "Nested Loop", "Parent Relationship": "Outer", "Join Type": "Inner", "Startup Cost": 118272.9, "Total Cost": 238142.35, "Plan Rows": 699731, "Plan Width": 24, "Actual Min Startup Time": 1525.547, "Actual Max Startup Time": 1741.741, "Actual Min Total Time": 1530.314, "Actual Max Total Time": 1741.741, "Actual Total Rows": 6, "Inner Unique": true, "Join Filter": "(mc.company_type_id = ct.id), (LLVM Optimized, Jit Execute)", "Rows Removed by Join Filter": 24, "Plans": [{"Node Type": "Hash Join", "Parent Relationship": "Outer", "Join Type": "Inner", "Startup Cost": 118272.9, "Total Cost": 221172.28, "Plan Rows": 699731, "Plan Width": 28, "Actual Min Startup Time": 1525.521, "Actual Max Startup Time": 1698.406, "Actual Min Total Time": 1528.408, "Actual Max Total Time": 1698.406, "Actual Total Rows": 14, "Inner Unique": true, "Hash Cond": "(ci.person_role_id = chn.id), (LLVM Optimized, Jit Execute)", "Plans": [{"Node Type": "Streaming(type: LOCAL REDISTRIBUTE dop: 16/16)", "Parent Relationship": "Outer", "Startup Cost": 104290.19, "Total Cost": 206413.94, "Plan Rows": 1443440, "Plan Width": 16, "Actual Min Startup Time": 267.19, "Actual Max Startup Time": 1139.907, "Actual Min Total Time": 1010.82, "Actual Max Total Time": 1139.907, "Actual Total Rows": 1210267, "Plans": [{"Node Type": "Hash Join", "Parent Relationship": "Outer", "Join Type": "Inner", "Startup Cost": 104290.19, "Total Cost": 185944.65, "Plan Rows": 1443440, "Plan Width": 16, "Actual Min Startup Time": 654.515, "Actual Max Startup Time": 766.246, "Actual Min Total Time": 1227.175, "Actual Max Total Time": 1347.946, "Actual Total Rows": 1210267, "Inner Unique": false, "Hash Cond": "(ci.movie_id = mc.movie_id), (LLVM Optimized, Jit Execute)", "Plans": [{"Node Type": "Streaming(type: LOCAL REDISTRIBUTE dop: 16/16)", "Parent Relationship": "Outer", "Startup Cost": 15005.41, "Total Cost": 94859.97, "Plan Rows": 1436424, "Plan Width": 8, "Actual Min Startup Time": 0.061, "Actual Max Startup Time": 2.164, "Actual Min Total Time": 507.946, "Actual Max Total Time": 533.999, "Actual Total Rows": 1435439, "Plans": [{"Node Type": "Hash Join", "Parent Relationship": "Outer", "Join Type": "Inner", "Startup Cost": 15005.41, "Total Cost": 74417.27, "Plan Rows": 1436424, "Plan Width": 8, "Actual Min Startup Time": 44.415, "Actual Max Startup Time": 359.164, "Actual Min Total Time": 727.868, "Actual Max Total Time": 791.24, "Actual Total Rows": 1435439, "Inner Unique": true, "Hash Cond": "(ci.role_id = rt.id), (LLVM Optimized, Jit Execute)", "Plans": [{"Node Type": "Seq Scan", "Parent Relationship": "Outer", "Relation Name": "cast_info", "Alias": "ci", "Startup Cost": 0.0, "Total Cost": 58282.92, "Plan Rows": 1436424, "Plan Width": 12, "Actual Min Startup Time": 44.315, "Actual Max Startup Time": 359.045, "Actual Min Total Time": 683.134, "Actual Max Total Time": 746.581, "Actual Total Rows": 1435439, "Filter": "((note)::text ~~ '%(producer)%'::text), (LLVM Optimized, Jit Execute)", "Rows Removed by Filter": 34808904}, {"Node Type": "Hash", "Parent Relationship": "Inner", "Startup Cost": 15005.26, "Total Cost": 15005.26, "Plan Rows": 192, "Plan Width": 4, "Actual Min Startup Time": 0.018, "Actual Max Startup Time": 0.098, "Actual Min Total Time": 0.018, "Actual Max Total Time": 0.098, "Actual Total Rows": 192, "Max Hash Buckets": 32768, "Min Hash Buckets": 32768, "Max Hash Batches": 1, "Min Hash Batches": 1, "Max Original Hash Batches": 1, "Min Original Hash Batches": 1, "Max Peak Memory Usage": 1, "min Peak Memory Usage": 1, "Plans": [{"Node Type": "Streaming(type: BROADCAST dop: 16/1)", "Parent Relationship": "Outer", "Startup Cost": 0.0, "Total Cost": 15005.26, "Plan Rows": 192, "Plan Width": 4, "Actual Min Startup Time": 0.005, "Actual Max Startup Time": 0.016, "Actual Min Total Time": 0.006, "Actual Max Total Time": 0.019, "Actual Total Rows": 192, "Plans": [{"Node Type": "Seq Scan", "Parent Relationship": "Outer", "Relation Name": "role_type", "Alias": "rt", "Startup Cost": 0.0, "Total Cost": 1.12, "Plan Rows": 12, "Plan Width": 4, "Actual Min Startup Time": 0.012, "Actual Max Startup Time": 0.012, "Actual Min Total Time": 0.017, "Actual Max Total Time": 0.017, "Actual Total Rows": 12}]}]}]}]}, {"Node Type": "Hash", "Parent Relationship": "Inner", "Startup Cost": 88282.97, "Total Cost": 88282.97, "Plan Rows": 1282311, "Plan Width": 8, "Actual Min Startup Time": 654.343, "Actual Max Startup Time": 766.036, "Actual Min Total Time": 654.343, "Actual Max Total Time": 766.036, "Actual Total Rows": 1153797, "Max Hash Buckets": 131072, "Min Hash Buckets": 131072, "Max Hash Batches": 1, "Min Hash Batches": 1, "Max Original Hash Batches": 1, "Min Original Hash Batches": 1, "Max Peak Memory Usage": 2824, "min Peak Memory Usage": 2824, "Plans": [{"Node Type": "Streaming(type: LOCAL REDISTRIBUTE dop: 16/16)", "Parent Relationship": "Outer", "Startup Cost": 24511.53, "Total Cost": 88282.97, "Plan Rows": 1282311, "Plan Width": 8, "Actual Min Startup Time": 210.935, "Actual Max Startup Time": 322.34, "Actual Min Total Time": 636.024, "Actual Max Total Time": 745.671, "Actual Total Rows": 1153797, "Plans": [{"Node Type": "Hash Join", "Parent Relationship": "Outer", "Join Type": "Inner", "Startup Cost": 24511.53, "Total Cost": 68424.21, "Plan Rows": 1282311, "Plan Width": 8, "Actual Min Startup Time": 208.859, "Actual Max Startup Time": 395.904, "Actual Min Total Time": 531.724, "Actual Max Total Time": 761.672, "Actual Total Rows": 1153797, "Inner Unique": true, "Hash Cond": "(mc.company_id = cn.id), (LLVM Optimized, Jit Execute)", "Plans": [{"Node Type": "Streaming(type: LOCAL REDISTRIBUTE dop: 16/16)", "Parent Relationship": "Outer", "Startup Cost": 0.0, "Total Cost": 42499.73, "Plan Rows": 2609128, "Plan Width": 12, "Actual Min Startup Time": 0.057, "Actual Max Startup Time": 1.428, "Actual Min Total Time": 262.232, "Actual Max Total Time": 340.091, "Actual Total Rows": 2609128, "Plans": [{"Node Type": "Seq Scan", "Parent Relationship": "Outer", "Relation Name": "movie_companies", "Alias": "mc", "Startup Cost": 0.0, "Total Cost": 17613.58, "Plan Rows": 2609128, "Plan Width": 12, "Actual Min Startup Time": 0.026, "Actual Max Startup Time": 0.043, "Actual Min Total Time": 41.08, "Actual Max Total Time": 51.061, "Actual Total Rows": 2609128}]}, {"Node Type": "Hash", "Parent Relationship": "Inner", "Startup Cost": 24444.99, "Total Cost": 24444.99, "Plan Rows": 85170, "Plan Width": 4, "Actual Min Startup Time": 208.731, "Actual Max Startup Time": 394.761, "Actual Min Total Time": 208.731, "Actual Max Total Time": 394.761, "Actual Total Rows": 84843, "Max Hash Buckets": 32768, "Min Hash Buckets": 32768, "Max Hash Batches": 1, "Min Hash Batches": 1, "Max Original Hash Batches": 1, "Min Original Hash Batches": 1, "Max Peak Memory Usage": 182, "min Peak Memory Usage": 182, "Plans": [{"Node Type": "Streaming(type: LOCAL REDISTRIBUTE dop: 16/1)", "Parent Relationship": "Outer", "Startup Cost": 0.0, "Total Cost": 24444.99, "Plan Rows": 85170, "Plan Width": 4, "Actual Min Startup Time": 0.043, "Actual Max Startup Time": 186.918, "Actual Min Total Time": 206.926, "Actual Max Total Time": 392.009, "Actual Total Rows": 84843, "Plans": [{"Node Type": "Seq Scan", "Parent Relationship": "Outer", "Relation Name": "company_name", "Alias": "cn", "Startup Cost": 0.0, "Total Cost": 5903.45, "Plan Rows": 85170, "Plan Width": 4, "Actual Min Startup Time": 0.05, "Actual Max Startup Time": 0.05, "Actual Min Total Time": 99.773, "Actual Max Total Time": 99.773, "Actual Total Rows": 84843, "Filter": "((country_code)::text = '[us]'::text)", "Rows Removed by Filter": 150153}]}]}]}]}]}]}]}, {"Node Type": "Hash", "Parent Relationship": "Inner", "Startup Cost": 46117.27, "Total Cost": 46117.27, "Plan Rows": 3140338, "Plan Width": 20, "Actual Min Startup Time": 388.375, "Actual Max Startup Time": 558.238, "Actual Min Total Time": 388.375, "Actual Max Total Time": 558.238, "Actual Total Rows": 3140338, "Max Hash Buckets": 262144, "Min Hash Buckets": 262144, "Max Hash Batches": 1, "Min Hash Batches": 1, "Max Original Hash Batches": 1, "Min Original Hash Batches": 1, "Max Peak Memory Usage": 10347, "min Peak Memory Usage": 10347, "Plans": [{"Node Type": "Streaming(type: LOCAL REDISTRIBUTE dop: 16/16)", "Parent Relationship": "Outer", "Startup Cost": 0.0, "Total Cost": 46117.27, "Plan Rows": 3140338, "Plan Width": 20, "Actual Min Startup Time": 0.051, "Actual Max Startup Time": 17.737, "Actual Min Total Time": 300.722, "Actual Max Total Time": 467.746, "Actual Total Rows": 3140338, "Plans": [{"Node Type": "Seq Scan", "Parent Relationship": "Outer", "Relation Name": "char_name", "Alias": "chn", "Startup Cost": 0.0, "Total Cost": 19218.34, "Plan Rows": 3140338, "Plan Width": 20, "Actual Min Startup Time": 0.018, "Actual Max Startup Time": 0.033, "Actual Min Total Time": 57.62, "Actual Max Total Time": 68.173, "Actual Total Rows": 3140338}]}]}]}, {"Node Type": "Materialize", "Parent Relationship": "Inner", "Startup Cost": 0.0, "Total Cost": 15002.08, "Plan Rows": 48, "Plan Width": 4, "Actual Min Startup Time": 0.008, "Actual Max Startup Time": 41.332, "Actual Min Total Time": 0.008, "Actual Max Total Time": 41.332, "Actual Total Rows": 46, "Plans": [{"Node Type": "Streaming(type: BROADCAST dop: 16/1)", "Parent Relationship": "Outer", "Startup Cost": 0.0, "Total Cost": 15002.07, "Plan Rows": 48, "Plan Width": 4, "Actual Min Startup Time": 0.004, "Actual Max Startup Time": 41.324, "Actual Min Total Time": 0.005, "Actual Max Total Time": 41.326, "Actual Total Rows": 48, "Plans": [{"Node Type": "Seq Scan", "Parent Relationship": "Outer", "Relation Name": "company_type", "Alias": "ct", "Startup Cost": 0.0, "Total Cost": 1.03, "Plan Rows": 3, "Plan Width": 4, "Actual Min Startup Time": 0.01, "Actual Max Startup Time": 0.01, "Actual Min Total Time": 0.012, "Actual Max Total Time": 0.012, "Actual Total Rows": 3}]}]}]}]}, {"Node Type": "Hash", "Parent Relationship": "Inner", "Startup Cost": 40775.83, "Total Cost": 40775.83, "Plan Rows": 1748840, "Plan Width": 21, "Actual Min Startup Time": 249.391, "Actual Max Startup Time": 423.825, "Actual Min Total Time": 249.391, "Actual Max Total Time": 423.825, "Actual Total Rows": 1749032, "Max Hash Buckets": 131072, "Min Hash Buckets": 131072, "Max Hash Batches": 1, "Min Hash Batches": 1, "Max Original Hash Batches": 1, "Min Original Hash Batches": 1, "Max Peak Memory Usage": 5875, "min Peak Memory Usage": 5875, "Plans": [{"Node Type": "Streaming(type: LOCAL REDISTRIBUTE dop: 16/16)", "Parent Relationship": "Outer", "Startup Cost": 0.0, "Total Cost": 40775.83, "Plan Rows": 1748840, "Plan Width": 21, "Actual Min Startup Time": 0.055, "Actual Max Startup Time": 38.555, "Actual Min Total Time": 207.495, "Actual Max Total Time": 386.837, "Actual Total Rows": 1749032, "Plans": [{"Node Type": "Seq Scan", "Parent Relationship": "Outer", "Relation Name": "title", "Alias": "t", "Startup Cost": 0.0, "Total Cost": 19149.37, "Plan Rows": 1748840, "Plan Width": 21, "Actual Min Startup Time": 0.031, "Actual Max Startup Time": 0.05, "Actual Min Total Time": 64.362, "Actual Max Total Time": 71.656, "Actual Total Rows": 1749032, "Filter": "(production_year > 1990), (LLVM Optimized, Jit Execute)", "Rows Removed by Filter": 779279}]}]}]}]}]}]}, "Triggers": [], "Planner Runtime": 87.81, "Total Runtime": 1891.157, "Unique SQL Id": 3145361615}}, "(16, 1)": {"explain_plan": {"Plan": {"Node Type": "Aggregate", "Strategy": "Plain", "Startup Cost": 1369784.13, "Total Cost": 1369784.16, "Plan Rows": 1, "Plan Width": 97, "Plans": [{"Node Type": "Streaming(type: LOCAL GATHER dop: 1/16)", "Parent Relationship": "Outer", "Startup Cost": 1369784.13, "Total Cost": 1369784.16, "Plan Rows": 1, "Plan Width": 97, "Plans": [{"Node Type": "Aggregate", "Strategy": "Plain", "Parent Relationship": "Outer", "Startup Cost": 1369784.13, "Total Cost": 1369784.14, "Plan Rows": 1, "Plan Width": 97, "Plans": [{"Node Type": "Hash Join", "Parent Relationship": "Outer", "Join Type": "Inner", "Startup Cost": 211552.61, "Total Cost": 1364937.07, "Plan Rows": 969413, "Plan Width": 33, "Inner Unique": true, "Hash Cond": "(mc.movie_id = t.id), (LLVM Optimized)", "Plans": [{"Node Type": "Streaming(type: LOCAL REDISTRIBUTE dop: 16/16)", "Parent Relationship": "Outer", "Startup Cost": 179326.56, "Total Cost": 1331941.13, "Plan Rows": 699731, "Plan Width": 24, "Plans": [{"Node Type": "Nested Loop", "Parent Relationship": "Outer", "Join Type": "Inner", "Startup Cost": 179326.56, "Total Cost": 1314289.81, "Plan Rows": 699731, "Plan Width": 24, "Inner Unique": true, "Join Filter": "(ci.role_id = rt.id), (LLVM Optimized)", "Plans": [{"Node Type": "Nested Loop", "Parent Relationship": "Outer", "Join Type": "Inner", "Startup Cost": 179326.56, "Total Cost": 1291405.23, "Plan Rows": 699731, "Plan Width": 28, "Inner Unique": true, "Join Filter": "(mc.company_type_id = ct.id), (LLVM Optimized)", "Plans": [{"Node Type": "Hash Join", "Parent Relationship": "Outer", "Join Type": "Inner", "Startup Cost": 179326.56, "Total Cost": 1274427.9, "Plan Rows": 699731, "Plan Width": 32, "Inner Unique": true, "Hash Cond": "(mc.company_id = cn.id), (LLVM Optimized)", "Plans": [{"Node Type": "Streaming(type: LOCAL REDISTRIBUTE dop: 16/16)", "Parent Relationship": "Outer", "Startup Cost": 172448.64, "Total Cost": 1266778.96, "Plan Rows": 1423748, "Plan Width": 36, "Plans": [{"Node Type": "Hash Join", "Parent Relationship": "Outer", "Join Type": "Inner", "Startup Cost": 172448.64, "Total Cost": 1246384.29, "Plan Rows": 1423748, "Plan Width": 36, "Inner Unique": true, "Hash Cond": "(ci.person_role_id = chn.id), (LLVM Optimized)", "Plans": [{"Node Type": "Streaming(type: LOCAL REDISTRIBUTE dop: 16/16)", "Parent Relationship": "Outer", "Startup Cost": 110646.13, "Total Cost": 1183003.58, "Plan Rows": 2936978, "Plan Width": 24, "Plans": [{"Node Type": "Hash Join", "Parent Relationship": "Outer", "Join Type": "Inner", "Startup Cost": 110646.13, "Total Cost": 1156875.19, "Plan Rows": 2936978, "Plan Width": 24, "Inner Unique": false, "Hash Cond": "(ci.movie_id = mc.movie_id), (LLVM Optimized)", "Plans": [{"Node Type": "Streaming(type: LOCAL REDISTRIBUTE dop: 16/16)", "Parent Relationship": "Outer", "Startup Cost": 0.0, "Total Cost": 1042710.15, "Plan Rows": 1436424, "Plan Width": 12, "Plans": [{"Node Type": "Index Scan", "Parent Relationship": "Outer", "Scan Direction": "Forward", "Index Name": "role_id_cast_info", "Relation Name": "cast_info", "Alias": "ci", "Startup Cost": 0.0, "Total Cost": 1022267.45, "Plan Rows": 1436424, "Plan Width": 12, "Filter": "((note)::text ~~ '%(producer)%'::text), (LLVM Optimized)"}]}, {"Node Type": "Hash", "Parent Relationship": "Inner", "Startup Cost": 108607.74, "Total Cost": 108607.74, "Plan Rows": 2609128, "Plan Width": 12, "Plans": [{"Node Type": "Streaming(type: LOCAL REDISTRIBUTE dop: 16/16)", "Parent Relationship": "Outer", "Startup Cost": 0.0, "Total Cost": 108607.74, "Plan Rows": 2609128, "Plan Width": 12, "Plans": [{"Node Type": "Index Scan", "Parent Relationship": "Outer", "Scan Direction": "Forward", "Index Name": "company_type_id_movie_companies", "Relation Name": "movie_companies", "Alias": "mc", "Startup Cost": 0.0, "Total Cost": 83721.6, "Plan Rows": 2609128, "Plan Width": 12}]}]}]}]}, {"Node Type": "Hash", "Parent Relationship": "Inner", "Startup Cost": 142333.72, "Total Cost": 142333.72, "Plan Rows": 3140338, "Plan Width": 20, "Plans": [{"Node Type": "Streaming(type: LOCAL REDISTRIBUTE dop: 16/16)", "Parent Relationship": "Outer", "Startup Cost": 0.0, "Total Cost": 142333.72, "Plan Rows": 3140338, "Plan Width": 20, "Plans": [{"Node Type": "Index Scan", "Parent Relationship": "Outer", "Scan Direction": "Forward", "Index Name": "char_name_pkey", "Relation Name": "char_name", "Alias": "chn", "Startup Cost": 0.0, "Total Cost": 115434.79, "Plan Rows": 3140338, "Plan Width": 20}]}]}]}]}, {"Node Type": "Hash", "Parent Relationship": "Inner", "Startup Cost": 27245.51, "Total Cost": 27245.51, "Plan Rows": 85170, "Plan Width": 4, "Plans": [{"Node Type": "Streaming(type: LOCAL REDISTRIBUTE dop: 16/1)", "Parent Relationship": "Outer", "Startup Cost": 2800.52, "Total Cost": 27245.51, "Plan Rows": 85170, "Plan Width": 4, "Plans": [{"Node Type": "Bitmap Heap Scan", "Parent Relationship": "Outer", "Relation Name": "company_name", "Alias": "cn", "Startup Cost": 2800.52, "Total Cost": 8703.97, "Plan Rows": 85170, "Plan Width": 4, "Filter": "((country_code)::text = '[us]'::text)", "Plans": [{"Node Type": "Bitmap Index Scan", "Parent Relationship": "Outer", "Index Name": "company_name_pkey", "Startup Cost": 0.0, "Total Cost": 2779.23, "Plan Rows": 234996, "Plan Width": 0}]}]}]}]}, {"Node Type": "Materialize", "Parent Relationship": "Inner", "Startup Cost": 0.0, "Total Cost": 15009.35, "Plan Rows": 48, "Plan Width": 4, "Plans": [{"Node Type": "Streaming(type: BROADCAST dop: 16/1)", "Parent Relationship": "Outer", "Startup Cost": 0.0, "Total Cost": 15009.33, "Plan Rows": 48, "Plan Width": 4, "Plans": [{"Node Type": "Index Only Scan", "Parent Relationship": "Outer", "Scan Direction": "Forward", "Index Name": "company_type_pkey", "Relation Name": "company_type", "Alias": "ct", "Startup Cost": 0.0, "Total Cost": 8.29, "Plan Rows": 3, "Plan Width": 4}]}]}]}, {"Node Type": "Materialize", "Parent Relationship": "Inner", "Startup Cost": 0.0, "Total Cost": 15012.63, "Plan Rows": 192, "Plan Width": 4, "Plans": [{"Node Type": "Streaming(type: BROADCAST dop: 16/1)", "Parent Relationship": "Outer", "Startup Cost": 0.0, "Total Cost": 15012.57, "Plan Rows": 192, "Plan Width": 4, "Plans": [{"Node Type": "Index Only Scan", "Parent Relationship": "Outer", "Scan Direction": "Forward", "Index Name": "role_type_pkey", "Relation Name": "role_type", "Alias": "rt", "Startup Cost": 0.0, "Total Cost": 8.43, "Plan Rows": 12, "Plan Width": 4}]}]}]}]}, {"Node Type": "Hash", "Parent Relationship": "Inner", "Startup Cost": 123439.09, "Total Cost": 123439.09, "Plan Rows": 1748840, "Plan Width": 21, "Plans": [{"Node Type": "Streaming(type: LOCAL REDISTRIBUTE dop: 16/16)", "Parent Relationship": "Outer", "Startup Cost": 0.0, "Total Cost": 123439.09, "Plan Rows": 1748840, "Plan Width": 21, "Plans": [{"Node Type": "Index Scan", "Parent Relationship": "Outer", "Scan Direction": "Forward", "Index Name": "title_pkey", "Relation Name": "title", "Alias": "t", "Startup Cost": 0.0, "Total Cost": 101812.62, "Plan Rows": 1748840, "Plan Width": 21, "Filter": "(production_year > 1990), (LLVM Optimized)"}]}]}]}]}]}]}, "Unique SQL Id": 3145361615}, "explain_analyze_plan": null}, "(16, 2)": {"explain_plan": {"Plan": {"Node Type": "Aggregate", "Strategy": "Plain", "Startup Cost": 272970.86, "Total Cost": 272970.88, "Plan Rows": 1, "Plan Width": 97, "Plans": [{"Node Type": "Streaming(type: LOCAL GATHER dop: 1/16)", "Parent Relationship": "Outer", "Startup Cost": 272970.86, "Total Cost": 272970.88, "Plan Rows": 1, "Plan Width": 97, "Plans": [{"Node Type": "Aggregate", "Strategy": "Plain", "Parent Relationship": "Outer", "Startup Cost": 272970.86, "Total Cost": 272970.87, "Plan Rows": 1, "Plan Width": 97, "Plans": [{"Node Type": "Hash Join", "Parent Relationship": "Outer", "Join Type": "Inner", "Startup Cost": 129833.14, "Total Cost": 268123.79, "Plan Rows": 969413, "Plan Width": 33, "Inner Unique": true, "Hash Cond": "(mc.movie_id = t.id), (LLVM Optimized)", "Plans": [{"Node Type": "Streaming(type: LOCAL REDISTRIBUTE dop: 16/16)", "Parent Relationship": "Outer", "Startup Cost": 118272.9, "Total Cost": 255793.67, "Plan Rows": 699731, "Plan Width": 24, "Plans": [{"Node Type": "Nested Loop", "Parent Relationship": "Outer", "Join Type": "Inner", "Startup Cost": 118272.9, "Total Cost": 238142.35, "Plan Rows": 699731, "Plan Width": 24, "Inner Unique": true, "Join Filter": "(mc.company_type_id = ct.id), (LLVM Optimized)", "Plans": [{"Node Type": "Hash Join", "Parent Relationship": "Outer", "Join Type": "Inner", "Startup Cost": 118272.9, "Total Cost": 221172.28, "Plan Rows": 699731, "Plan Width": 28, "Inner Unique": true, "Hash Cond": "(ci.person_role_id = chn.id), (LLVM Optimized)", "Plans": [{"Node Type": "Streaming(type: LOCAL REDISTRIBUTE dop: 16/16)", "Parent Relationship": "Outer", "Startup Cost": 104290.19, "Total Cost": 206413.94, "Plan Rows": 1443440, "Plan Width": 16, "Plans": [{"Node Type": "Hash Join", "Parent Relationship": "Outer", "Join Type": "Inner", "Startup Cost": 104290.19, "Total Cost": 185944.65, "Plan Rows": 1443440, "Plan Width": 16, "Inner Unique": false, "Hash Cond": "(ci.movie_id = mc.movie_id), (LLVM Optimized)", "Plans": [{"Node Type": "Streaming(type: LOCAL REDISTRIBUTE dop: 16/16)", "Parent Relationship": "Outer", "Startup Cost": 15005.41, "Total Cost": 94859.97, "Plan Rows": 1436424, "Plan Width": 8, "Plans": [{"Node Type": "Hash Join", "Parent Relationship": "Outer", "Join Type": "Inner", "Startup Cost": 15005.41, "Total Cost": 74417.27, "Plan Rows": 1436424, "Plan Width": 8, "Inner Unique": true, "Hash Cond": "(ci.role_id = rt.id), (LLVM Optimized)", "Plans": [{"Node Type": "Seq Scan", "Parent Relationship": "Outer", "Relation Name": "cast_info", "Alias": "ci", "Startup Cost": 0.0, "Total Cost": 58282.92, "Plan Rows": 1436424, "Plan Width": 12, "Filter": "((note)::text ~~ '%(producer)%'::text), (LLVM Optimized)"}, {"Node Type": "Hash", "Parent Relationship": "Inner", "Startup Cost": 15005.26, "Total Cost": 15005.26, "Plan Rows": 192, "Plan Width": 4, "Plans": [{"Node Type": "Streaming(type: BROADCAST dop: 16/1)", "Parent Relationship": "Outer", "Startup Cost": 0.0, "Total Cost": 15005.26, "Plan Rows": 192, "Plan Width": 4, "Plans": [{"Node Type": "Seq Scan", "Parent Relationship": "Outer", "Relation Name": "role_type", "Alias": "rt", "Startup Cost": 0.0, "Total Cost": 1.12, "Plan Rows": 12, "Plan Width": 4}]}]}]}]}, {"Node Type": "Hash", "Parent Relationship": "Inner", "Startup Cost": 88282.97, "Total Cost": 88282.97, "Plan Rows": 1282311, "Plan Width": 8, "Plans": [{"Node Type": "Streaming(type: LOCAL REDISTRIBUTE dop: 16/16)", "Parent Relationship": "Outer", "Startup Cost": 24511.53, "Total Cost": 88282.97, "Plan Rows": 1282311, "Plan Width": 8, "Plans": [{"Node Type": "Hash Join", "Parent Relationship": "Outer", "Join Type": "Inner", "Startup Cost": 24511.53, "Total Cost": 68424.21, "Plan Rows": 1282311, "Plan Width": 8, "Inner Unique": true, "Hash Cond": "(mc.company_id = cn.id), (LLVM Optimized)", "Plans": [{"Node Type": "Streaming(type: LOCAL REDISTRIBUTE dop: 16/16)", "Parent Relationship": "Outer", "Startup Cost": 0.0, "Total Cost": 42499.73, "Plan Rows": 2609128, "Plan Width": 12, "Plans": [{"Node Type": "Seq Scan", "Parent Relationship": "Outer", "Relation Name": "movie_companies", "Alias": "mc", "Startup Cost": 0.0, "Total Cost": 17613.58, "Plan Rows": 2609128, "Plan Width": 12}]}, {"Node Type": "Hash", "Parent Relationship": "Inner", "Startup Cost": 24444.99, "Total Cost": 24444.99, "Plan Rows": 85170, "Plan Width": 4, "Plans": [{"Node Type": "Streaming(type: LOCAL REDISTRIBUTE dop: 16/1)", "Parent Relationship": "Outer", "Startup Cost": 0.0, "Total Cost": 24444.99, "Plan Rows": 85170, "Plan Width": 4, "Plans": [{"Node Type": "Seq Scan", "Parent Relationship": "Outer", "Relation Name": "company_name", "Alias": "cn", "Startup Cost": 0.0, "Total Cost": 5903.45, "Plan Rows": 85170, "Plan Width": 4, "Filter": "((country_code)::text = '[us]'::text)"}]}]}]}]}]}]}]}, {"Node Type": "Hash", "Parent Relationship": "Inner", "Startup Cost": 46117.27, "Total Cost": 46117.27, "Plan Rows": 3140338, "Plan Width": 20, "Plans": [{"Node Type": "Streaming(type: LOCAL REDISTRIBUTE dop: 16/16)", "Parent Relationship": "Outer", "Startup Cost": 0.0, "Total Cost": 46117.27, "Plan Rows": 3140338, "Plan Width": 20, "Plans": [{"Node Type": "Seq Scan", "Parent Relationship": "Outer", "Relation Name": "char_name", "Alias": "chn", "Startup Cost": 0.0, "Total Cost": 19218.34, "Plan Rows": 3140338, "Plan Width": 20}]}]}]}, {"Node Type": "Materialize", "Parent Relationship": "Inner", "Startup Cost": 0.0, "Total Cost": 15002.08, "Plan Rows": 48, "Plan Width": 4, "Plans": [{"Node Type": "Streaming(type: BROADCAST dop: 16/1)", "Parent Relationship": "Outer", "Startup Cost": 0.0, "Total Cost": 15002.07, "Plan Rows": 48, "Plan Width": 4, "Plans": [{"Node Type": "Seq Scan", "Parent Relationship": "Outer", "Relation Name": "company_type", "Alias": "ct", "Startup Cost": 0.0, "Total Cost": 1.03, "Plan Rows": 3, "Plan Width": 4}]}]}]}]}, {"Node Type": "Hash", "Parent Relationship": "Inner", "Startup Cost": 40775.83, "Total Cost": 40775.83, "Plan Rows": 1748840, "Plan Width": 21, "Plans": [{"Node Type": "Streaming(type: LOCAL REDISTRIBUTE dop: 16/16)", "Parent Relationship": "Outer", "Startup Cost": 0.0, "Total Cost": 40775.83, "Plan Rows": 1748840, "Plan Width": 21, "Plans": [{"Node Type": "Seq Scan", "Parent Relationship": "Outer", "Relation Name": "title", "Alias": "t", "Startup Cost": 0.0, "Total Cost": 19149.37, "Plan Rows": 1748840, "Plan Width": 21, "Filter": "(production_year > 1990), (LLVM Optimized)"}]}]}]}]}]}]}, "Unique SQL Id": 3145361615}, "explain_analyze_plan": {"Plan": {"Node Type": "Aggregate", "Strategy": "Plain", "Startup Cost": 272970.86, "Total Cost": 272970.88, "Plan Rows": 1, "Plan Width": 97, "Actual Min Startup Time": 1851.442, "Actual Max Startup Time": 1851.442, "Actual Min Total Time": 1851.442, "Actual Max Total Time": 1851.442, "Actual Total Rows": 1, "Plans": [{"Node Type": "Streaming(type: LOCAL GATHER dop: 1/16)", "Parent Relationship": "Outer", "Startup Cost": 272970.86, "Total Cost": 272970.88, "Plan Rows": 1, "Plan Width": 97, "Actual Min Startup Time": 1850.571, "Actual Max Startup Time": 1850.571, "Actual Min Total Time": 1851.421, "Actual Max Total Time": 1851.421, "Actual Total Rows": 16, "Plans": [{"Node Type": "Aggregate", "Strategy": "Plain", "Parent Relationship": "Outer", "Startup Cost": 272970.86, "Total Cost": 272970.87, "Plan Rows": 1, "Plan Width": 97, "Actual Min Startup Time": 1528.987, "Actual Max Startup Time": 1703.473, "Actual Min Total Time": 1528.988, "Actual Max Total Time": 1703.473, "Actual Total Rows": 16, "Plans": [{"Node Type": "Hash Join", "Parent Relationship": "Outer", "Join Type": "Inner", "Startup Cost": 129833.14, "Total Cost": 268123.79, "Plan Rows": 969413, "Plan Width": 33, "Actual Min Startup Time": 1526.266, "Actual Max Startup Time": 1700.688, "Actual Min Total Time": 1528.951, "Actual Max Total Time": 1703.451, "Actual Total Rows": 4, "Inner Unique": true, "Hash Cond": "(mc.movie_id = t.id), (LLVM Optimized, Jit Execute)", "Plans": [{"Node Type": "Streaming(type: LOCAL REDISTRIBUTE dop: 16/16)", "Parent Relationship": "Outer", "Startup Cost": 118272.9, "Total Cost": 255793.67, "Plan Rows": 699731, "Plan Width": 24, "Actual Min Startup Time": 1276.696, "Actual Max Startup Time": 1279.511, "Actual Min Total Time": 1279.291, "Actual Max Total Time": 1279.511, "Actual Total Rows": 6, "Plans": [{"Node Type": "Nested Loop", "Parent Relationship": "Outer", "Join Type": "Inner", "Startup Cost": 118272.9, "Total Cost": 238142.35, "Plan Rows": 699731, "Plan Width": 24, "Actual Min Startup Time": 1525.547, "Actual Max Startup Time": 1741.741, "Actual Min Total Time": 1530.314, "Actual Max Total Time": 1741.741, "Actual Total Rows": 6, "Inner Unique": true, "Join Filter": "(mc.company_type_id = ct.id), (LLVM Optimized, Jit Execute)", "Rows Removed by Join Filter": 24, "Plans": [{"Node Type": "Hash Join", "Parent Relationship": "Outer", "Join Type": "Inner", "Startup Cost": 118272.9, "Total Cost": 221172.28, "Plan Rows": 699731, "Plan Width": 28, "Actual Min Startup Time": 1525.521, "Actual Max Startup Time": 1698.406, "Actual Min Total Time": 1528.408, "Actual Max Total Time": 1698.406, "Actual Total Rows": 14, "Inner Unique": true, "Hash Cond": "(ci.person_role_id = chn.id), (LLVM Optimized, Jit Execute)", "Plans": [{"Node Type": "Streaming(type: LOCAL REDISTRIBUTE dop: 16/16)", "Parent Relationship": "Outer", "Startup Cost": 104290.19, "Total Cost": 206413.94, "Plan Rows": 1443440, "Plan Width": 16, "Actual Min Startup Time": 267.19, "Actual Max Startup Time": 1139.907, "Actual Min Total Time": 1010.82, "Actual Max Total Time": 1139.907, "Actual Total Rows": 1210267, "Plans": [{"Node Type": "Hash Join", "Parent Relationship": "Outer", "Join Type": "Inner", "Startup Cost": 104290.19, "Total Cost": 185944.65, "Plan Rows": 1443440, "Plan Width": 16, "Actual Min Startup Time": 654.515, "Actual Max Startup Time": 766.246, "Actual Min Total Time": 1227.175, "Actual Max Total Time": 1347.946, "Actual Total Rows": 1210267, "Inner Unique": false, "Hash Cond": "(ci.movie_id = mc.movie_id), (LLVM Optimized, Jit Execute)", "Plans": [{"Node Type": "Streaming(type: LOCAL REDISTRIBUTE dop: 16/16)", "Parent Relationship": "Outer", "Startup Cost": 15005.41, "Total Cost": 94859.97, "Plan Rows": 1436424, "Plan Width": 8, "Actual Min Startup Time": 0.061, "Actual Max Startup Time": 2.164, "Actual Min Total Time": 507.946, "Actual Max Total Time": 533.999, "Actual Total Rows": 1435439, "Plans": [{"Node Type": "Hash Join", "Parent Relationship": "Outer", "Join Type": "Inner", "Startup Cost": 15005.41, "Total Cost": 74417.27, "Plan Rows": 1436424, "Plan Width": 8, "Actual Min Startup Time": 44.415, "Actual Max Startup Time": 359.164, "Actual Min Total Time": 727.868, "Actual Max Total Time": 791.24, "Actual Total Rows": 1435439, "Inner Unique": true, "Hash Cond": "(ci.role_id = rt.id), (LLVM Optimized, Jit Execute)", "Plans": [{"Node Type": "Seq Scan", "Parent Relationship": "Outer", "Relation Name": "cast_info", "Alias": "ci", "Startup Cost": 0.0, "Total Cost": 58282.92, "Plan Rows": 1436424, "Plan Width": 12, "Actual Min Startup Time": 44.315, "Actual Max Startup Time": 359.045, "Actual Min Total Time": 683.134, "Actual Max Total Time": 746.581, "Actual Total Rows": 1435439, "Filter": "((note)::text ~~ '%(producer)%'::text), (LLVM Optimized, Jit Execute)", "Rows Removed by Filter": 34808904}, {"Node Type": "Hash", "Parent Relationship": "Inner", "Startup Cost": 15005.26, "Total Cost": 15005.26, "Plan Rows": 192, "Plan Width": 4, "Actual Min Startup Time": 0.018, "Actual Max Startup Time": 0.098, "Actual Min Total Time": 0.018, "Actual Max Total Time": 0.098, "Actual Total Rows": 192, "Max Hash Buckets": 32768, "Min Hash Buckets": 32768, "Max Hash Batches": 1, "Min Hash Batches": 1, "Max Original Hash Batches": 1, "Min Original Hash Batches": 1, "Max Peak Memory Usage": 1, "min Peak Memory Usage": 1, "Plans": [{"Node Type": "Streaming(type: BROADCAST dop: 16/1)", "Parent Relationship": "Outer", "Startup Cost": 0.0, "Total Cost": 15005.26, "Plan Rows": 192, "Plan Width": 4, "Actual Min Startup Time": 0.005, "Actual Max Startup Time": 0.016, "Actual Min Total Time": 0.006, "Actual Max Total Time": 0.019, "Actual Total Rows": 192, "Plans": [{"Node Type": "Seq Scan", "Parent Relationship": "Outer", "Relation Name": "role_type", "Alias": "rt", "Startup Cost": 0.0, "Total Cost": 1.12, "Plan Rows": 12, "Plan Width": 4, "Actual Min Startup Time": 0.012, "Actual Max Startup Time": 0.012, "Actual Min Total Time": 0.017, "Actual Max Total Time": 0.017, "Actual Total Rows": 12}]}]}]}]}, {"Node Type": "Hash", "Parent Relationship": "Inner", "Startup Cost": 88282.97, "Total Cost": 88282.97, "Plan Rows": 1282311, "Plan Width": 8, "Actual Min Startup Time": 654.343, "Actual Max Startup Time": 766.036, "Actual Min Total Time": 654.343, "Actual Max Total Time": 766.036, "Actual Total Rows": 1153797, "Max Hash Buckets": 131072, "Min Hash Buckets": 131072, "Max Hash Batches": 1, "Min Hash Batches": 1, "Max Original Hash Batches": 1, "Min Original Hash Batches": 1, "Max Peak Memory Usage": 2824, "min Peak Memory Usage": 2824, "Plans": [{"Node Type": "Streaming(type: LOCAL REDISTRIBUTE dop: 16/16)", "Parent Relationship": "Outer", "Startup Cost": 24511.53, "Total Cost": 88282.97, "Plan Rows": 1282311, "Plan Width": 8, "Actual Min Startup Time": 210.935, "Actual Max Startup Time": 322.34, "Actual Min Total Time": 636.024, "Actual Max Total Time": 745.671, "Actual Total Rows": 1153797, "Plans": [{"Node Type": "Hash Join", "Parent Relationship": "Outer", "Join Type": "Inner", "Startup Cost": 24511.53, "Total Cost": 68424.21, "Plan Rows": 1282311, "Plan Width": 8, "Actual Min Startup Time": 208.859, "Actual Max Startup Time": 395.904, "Actual Min Total Time": 531.724, "Actual Max Total Time": 761.672, "Actual Total Rows": 1153797, "Inner Unique": true, "Hash Cond": "(mc.company_id = cn.id), (LLVM Optimized, Jit Execute)", "Plans": [{"Node Type": "Streaming(type: LOCAL REDISTRIBUTE dop: 16/16)", "Parent Relationship": "Outer", "Startup Cost": 0.0, "Total Cost": 42499.73, "Plan Rows": 2609128, "Plan Width": 12, "Actual Min Startup Time": 0.057, "Actual Max Startup Time": 1.428, "Actual Min Total Time": 262.232, "Actual Max Total Time": 340.091, "Actual Total Rows": 2609128, "Plans": [{"Node Type": "Seq Scan", "Parent Relationship": "Outer", "Relation Name": "movie_companies", "Alias": "mc", "Startup Cost": 0.0, "Total Cost": 17613.58, "Plan Rows": 2609128, "Plan Width": 12, "Actual Min Startup Time": 0.026, "Actual Max Startup Time": 0.043, "Actual Min Total Time": 41.08, "Actual Max Total Time": 51.061, "Actual Total Rows": 2609128}]}, {"Node Type": "Hash", "Parent Relationship": "Inner", "Startup Cost": 24444.99, "Total Cost": 24444.99, "Plan Rows": 85170, "Plan Width": 4, "Actual Min Startup Time": 208.731, "Actual Max Startup Time": 394.761, "Actual Min Total Time": 208.731, "Actual Max Total Time": 394.761, "Actual Total Rows": 84843, "Max Hash Buckets": 32768, "Min Hash Buckets": 32768, "Max Hash Batches": 1, "Min Hash Batches": 1, "Max Original Hash Batches": 1, "Min Original Hash Batches": 1, "Max Peak Memory Usage": 182, "min Peak Memory Usage": 182, "Plans": [{"Node Type": "Streaming(type: LOCAL REDISTRIBUTE dop: 16/1)", "Parent Relationship": "Outer", "Startup Cost": 0.0, "Total Cost": 24444.99, "Plan Rows": 85170, "Plan Width": 4, "Actual Min Startup Time": 0.043, "Actual Max Startup Time": 186.918, "Actual Min Total Time": 206.926, "Actual Max Total Time": 392.009, "Actual Total Rows": 84843, "Plans": [{"Node Type": "Seq Scan", "Parent Relationship": "Outer", "Relation Name": "company_name", "Alias": "cn", "Startup Cost": 0.0, "Total Cost": 5903.45, "Plan Rows": 85170, "Plan Width": 4, "Actual Min Startup Time": 0.05, "Actual Max Startup Time": 0.05, "Actual Min Total Time": 99.773, "Actual Max Total Time": 99.773, "Actual Total Rows": 84843, "Filter": "((country_code)::text = '[us]'::text)", "Rows Removed by Filter": 150153}]}]}]}]}]}]}]}, {"Node Type": "Hash", "Parent Relationship": "Inner", "Startup Cost": 46117.27, "Total Cost": 46117.27, "Plan Rows": 3140338, "Plan Width": 20, "Actual Min Startup Time": 388.375, "Actual Max Startup Time": 558.238, "Actual Min Total Time": 388.375, "Actual Max Total Time": 558.238, "Actual Total Rows": 3140338, "Max Hash Buckets": 262144, "Min Hash Buckets": 262144, "Max Hash Batches": 1, "Min Hash Batches": 1, "Max Original Hash Batches": 1, "Min Original Hash Batches": 1, "Max Peak Memory Usage": 10347, "min Peak Memory Usage": 10347, "Plans": [{"Node Type": "Streaming(type: LOCAL REDISTRIBUTE dop: 16/16)", "Parent Relationship": "Outer", "Startup Cost": 0.0, "Total Cost": 46117.27, "Plan Rows": 3140338, "Plan Width": 20, "Actual Min Startup Time": 0.051, "Actual Max Startup Time": 17.737, "Actual Min Total Time": 300.722, "Actual Max Total Time": 467.746, "Actual Total Rows": 3140338, "Plans": [{"Node Type": "Seq Scan", "Parent Relationship": "Outer", "Relation Name": "char_name", "Alias": "chn", "Startup Cost": 0.0, "Total Cost": 19218.34, "Plan Rows": 3140338, "Plan Width": 20, "Actual Min Startup Time": 0.018, "Actual Max Startup Time": 0.033, "Actual Min Total Time": 57.62, "Actual Max Total Time": 68.173, "Actual Total Rows": 3140338}]}]}]}, {"Node Type": "Materialize", "Parent Relationship": "Inner", "Startup Cost": 0.0, "Total Cost": 15002.08, "Plan Rows": 48, "Plan Width": 4, "Actual Min Startup Time": 0.008, "Actual Max Startup Time": 41.332, "Actual Min Total Time": 0.008, "Actual Max Total Time": 41.332, "Actual Total Rows": 46, "Plans": [{"Node Type": "Streaming(type: BROADCAST dop: 16/1)", "Parent Relationship": "Outer", "Startup Cost": 0.0, "Total Cost": 15002.07, "Plan Rows": 48, "Plan Width": 4, "Actual Min Startup Time": 0.004, "Actual Max Startup Time": 41.324, "Actual Min Total Time": 0.005, "Actual Max Total Time": 41.326, "Actual Total Rows": 48, "Plans": [{"Node Type": "Seq Scan", "Parent Relationship": "Outer", "Relation Name": "company_type", "Alias": "ct", "Startup Cost": 0.0, "Total Cost": 1.03, "Plan Rows": 3, "Plan Width": 4, "Actual Min Startup Time": 0.01, "Actual Max Startup Time": 0.01, "Actual Min Total Time": 0.012, "Actual Max Total Time": 0.012, "Actual Total Rows": 3}]}]}]}]}, {"Node Type": "Hash", "Parent Relationship": "Inner", "Startup Cost": 40775.83, "Total Cost": 40775.83, "Plan Rows": 1748840, "Plan Width": 21, "Actual Min Startup Time": 249.391, "Actual Max Startup Time": 423.825, "Actual Min Total Time": 249.391, "Actual Max Total Time": 423.825, "Actual Total Rows": 1749032, "Max Hash Buckets": 131072, "Min Hash Buckets": 131072, "Max Hash Batches": 1, "Min Hash Batches": 1, "Max Original Hash Batches": 1, "Min Original Hash Batches": 1, "Max Peak Memory Usage": 5875, "min Peak Memory Usage": 5875, "Plans": [{"Node Type": "Streaming(type: LOCAL REDISTRIBUTE dop: 16/16)", "Parent Relationship": "Outer", "Startup Cost": 0.0, "Total Cost": 40775.83, "Plan Rows": 1748840, "Plan Width": 21, "Actual Min Startup Time": 0.055, "Actual Max Startup Time": 38.555, "Actual Min Total Time": 207.495, "Actual Max Total Time": 386.837, "Actual Total Rows": 1749032, "Plans": [{"Node Type": "Seq Scan", "Parent Relationship": "Outer", "Relation Name": "title", "Alias": "t", "Startup Cost": 0.0, "Total Cost": 19149.37, "Plan Rows": 1748840, "Plan Width": 21, "Actual Min Startup Time": 0.031, "Actual Max Startup Time": 0.05, "Actual Min Total Time": 64.362, "Actual Max Total Time": 71.656, "Actual Total Rows": 1749032, "Filter": "(production_year > 1990), (LLVM Optimized, Jit Execute)", "Rows Removed by Filter": 779279}]}]}]}]}]}]}, "Triggers": [], "Planner Runtime": 87.81, "Total Runtime": 1891.157, "Unique SQL Id": 3145361615}}, "(16, 3)": {"explain_plan": {"Plan": {"Node Type": "Aggregate", "Strategy": "Plain", "Startup Cost": 1963906.79, "Total Cost": 1963906.8, "Plan Rows": 1, "Plan Width": 97, "Plans": [{"Node Type": "Hash Join", "Parent Relationship": "Outer", "Join Type": "Inner", "Startup Cost": 1218973.64, "Total Cost": 1959059.72, "Plan Rows": 969413, "Plan Width": 33, "Inner Unique": true, "Hash Cond": "(mc.company_type_id = ct.id), (LLVM Optimized)", "Plans": [{"Node Type": "Hash Join", "Parent Relationship": "Outer", "Join Type": "Inner", "Startup Cost": 1218961.31, "Total Cost": 1945717.96, "Plan Rows": 969413, "Plan Width": 37, "Inner Unique": false, "Hash Cond": "(ci.movie_id = t.id), (LLVM Optimized)", "Plans": [{"Node Type": "Hash Join", "Parent Relationship": "Outer", "Join Type": "Inner", "Startup Cost": 909656.04, "Total Cost": 1624107.14, "Plan Rows": 696330, "Plan Width": 20, "Inner Unique": true, "Hash Cond": "(ci.role_id = rt.id), (LLVM Optimized)", "Plans": [{"Node Type": "Hash Join", "Parent Relationship": "Outer", "Join Type": "Inner", "Startup Cost": 909643.46, "Total Cost": 1614520.02, "Plan Rows": 696330, "Plan Width": 24, "Inner Unique": true, "Hash Cond": "(ci.person_role_id = chn.id), (LLVM Optimized)", "Plans": [{"Node Type": "Bitmap Heap Scan", "Parent Relationship": "Outer", "Relation Name": "cast_info", "Alias": "ci", "Startup Cost": 739944.83, "Total Cost": 1432471.5, "Plan Rows": 1436424, "Plan Width": 12, "Filter": "((note)::text ~~ '%(producer)%'::text), (LLVM Optimized)", "Plans": [{"Node Type": "Bitmap Index Scan", "Parent Relationship": "Outer", "Index Name": "person_role_id_cast_info", "Startup Cost": 0.0, "Total Cost": 739585.72, "Plan Rows": 36259494, "Plan Width": 0}]}, {"Node Type": "Hash", "Parent Relationship": "Inner", "Startup Cost": 130444.4, "Total Cost": 130444.4, "Plan Rows": 3140338, "Plan Width": 20, "Plans": [{"Node Type": "Bitmap Heap Scan", "Parent Relationship": "Outer", "Relation Name": "char_name", "Alias": "chn", "Startup Cost": 62951.02, "Total Cost": 130444.4, "Plan Rows": 3140338, "Plan Width": 20, "Plans": [{"Node Type": "Bitmap Index Scan", "Parent Relationship": "Outer", "Index Name": "char_name_pkey", "Startup Cost": 0.0, "Total Cost": 62165.94, "Plan Rows": 3140338, "Plan Width": 0}]}]}]}, {"Node Type": "Hash", "Parent Relationship": "Inner", "Startup Cost": 12.43, "Total Cost": 12.43, "Plan Rows": 12, "Plan Width": 4, "Plans": [{"Node Type": "Bitmap Heap Scan", "Parent Relationship": "Outer", "Relation Name": "role_type", "Alias": "rt", "Startup Cost": 8.31, "Total Cost": 12.43, "Plan Rows": 12, "Plan Width": 4, "Plans": [{"Node Type": "Bitmap Index Scan", "Parent Relationship": "Outer", "Index Name": "role_type_pkey", "Startup Cost": 0.0, "Total Cost": 8.31, "Plan Rows": 12, "Plan Width": 0}]}]}]}, {"Node Type": "Hash", "Parent Relationship": "Inner", "Startup Cost": 287098.71, "Total Cost": 287098.71, "Plan Rows": 1776525, "Plan Width": 29, "Plans": [{"Node Type": "Hash Join", "Parent Relationship": "Outer", "Join Type": "Inner", "Startup Cost": 200100.17, "Total Cost": 287098.71, "Plan Rows": 1776525, "Plan Width": 29, "Inner Unique": true, "Hash Cond": "(mc.movie_id = t.id), (LLVM Optimized)", "Plans": [{"Node Type": "Hash Join", "Parent Relationship": "Outer", "Join Type": "Inner", "Startup Cost": 61758.77, "Total Cost": 126183.39, "Plan Rows": 1282311, "Plan Width": 8, "Inner Unique": true, "Hash Cond": "(mc.company_id = cn.id), (LLVM Optimized)", "Plans": [{"Node Type": "Bitmap Heap Scan", "Parent Relationship": "Outer", "Relation Name": "movie_companies", "Alias": "mc", "Startup Cost": 51990.17, "Total Cost": 93807.45, "Plan Rows": 2609128, "Plan Width": 12, "Plans": [{"Node Type": "Bitmap Index Scan", "Parent Relationship": "Outer", "Index Name": "movie_id_movie_companies", "Startup Cost": 0.0, "Total Cost": 51337.89, "Plan Rows": 2609128, "Plan Width": 0}]}, {"Node Type": "Hash", "Parent Relationship": "Inner", "Startup Cost": 8703.97, "Total Cost": 8703.97, "Plan Rows": 85170, "Plan Width": 4, "Plans": [{"Node Type": "Bitmap Heap Scan", "Parent Relationship": "Outer", "Relation Name": "company_name", "Alias": "cn", "Startup Cost": 2800.52, "Total Cost": 8703.97, "Plan Rows": 85170, "Plan Width": 4, "Filter": "((country_code)::text = '[us]'::text)", "Plans": [{"Node Type": "Bitmap Index Scan", "Parent Relationship": "Outer", "Index Name": "company_name_pkey", "Startup Cost": 0.0, "Total Cost": 2779.23, "Plan Rows": 234996, "Plan Width": 0}]}]}]}, {"Node Type": "Hash", "Parent Relationship": "Inner", "Startup Cost": 116480.9, "Total Cost": 116480.9, "Plan Rows": 1748840, "Plan Width": 21, "Plans": [{"Node Type": "Bitmap Heap Scan", "Parent Relationship": "Outer", "Relation Name": "title", "Alias": "t", "Startup Cost": 50091.01, "Total Cost": 116480.9, "Plan Rows": 1748840, "Plan Width": 21, "Filter": "(production_year > 1990), (LLVM Optimized)", "Plans": [{"Node Type": "Bitmap Index Scan", "Parent Relationship": "Outer", "Index Name": "title_pkey", "Startup Cost": 0.0, "Total Cost": 49653.81, "Plan Rows": 2528311, "Plan Width": 0}]}]}]}]}]}, {"Node Type": "Hash", "Parent Relationship": "Inner", "Startup Cost": 12.3, "Total Cost": 12.3, "Plan Rows": 3, "Plan Width": 4, "Plans": [{"Node Type": "Bitmap Heap Scan", "Parent Relationship": "Outer", "Relation Name": "company_type", "Alias": "ct", "Startup Cost": 8.27, "Total Cost": 12.3, "Plan Rows": 3, "Plan Width": 4, "Plans": [{"Node Type": "Bitmap Index Scan", "Parent Relationship": "Outer", "Index Name": "company_type_pkey", "Startup Cost": 0.0, "Total Cost": 8.27, "Plan Rows": 3, "Plan Width": 0}]}]}]}]}, "Unique SQL Id": 3145361615}, "explain_analyze_plan": null}, "(16, 4)": {"explain_plan": {"Plan": {"Node Type": "Aggregate", "Strategy": "Plain", "Startup Cost": 272970.86, "Total Cost": 272970.88, "Plan Rows": 1, "Plan Width": 97, "Plans": [{"Node Type": "Streaming(type: LOCAL GATHER dop: 1/16)", "Parent Relationship": "Outer", "Startup Cost": 272970.86, "Total Cost": 272970.88, "Plan Rows": 1, "Plan Width": 97, "Plans": [{"Node Type": "Aggregate", "Strategy": "Plain", "Parent Relationship": "Outer", "Startup Cost": 272970.86, "Total Cost": 272970.87, "Plan Rows": 1, "Plan Width": 97, "Plans": [{"Node Type": "Hash Join", "Parent Relationship": "Outer", "Join Type": "Inner", "Startup Cost": 129833.14, "Total Cost": 268123.79, "Plan Rows": 969413, "Plan Width": 33, "Inner Unique": true, "Hash Cond": "(mc.movie_id = t.id), (LLVM Optimized)", "Plans": [{"Node Type": "Streaming(type: LOCAL REDISTRIBUTE dop: 16/16)", "Parent Relationship": "Outer", "Startup Cost": 118272.9, "Total Cost": 255793.67, "Plan Rows": 699731, "Plan Width": 24, "Plans": [{"Node Type": "Nested Loop", "Parent Relationship": "Outer", "Join Type": "Inner", "Startup Cost": 118272.9, "Total Cost": 238142.35, "Plan Rows": 699731, "Plan Width": 24, "Inner Unique": true, "Join Filter": "(mc.company_type_id = ct.id), (LLVM Optimized)", "Plans": [{"Node Type": "Hash Join", "Parent Relationship": "Outer", "Join Type": "Inner", "Startup Cost": 118272.9, "Total Cost": 221172.28, "Plan Rows": 699731, "Plan Width": 28, "Inner Unique": true, "Hash Cond": "(ci.person_role_id = chn.id), (LLVM Optimized)", "Plans": [{"Node Type": "Streaming(type: LOCAL REDISTRIBUTE dop: 16/16)", "Parent Relationship": "Outer", "Startup Cost": 104290.19, "Total Cost": 206413.94, "Plan Rows": 1443440, "Plan Width": 16, "Plans": [{"Node Type": "Hash Join", "Parent Relationship": "Outer", "Join Type": "Inner", "Startup Cost": 104290.19, "Total Cost": 185944.65, "Plan Rows": 1443440, "Plan Width": 16, "Inner Unique": false, "Hash Cond": "(ci.movie_id = mc.movie_id), (LLVM Optimized)", "Plans": [{"Node Type": "Streaming(type: LOCAL REDISTRIBUTE dop: 16/16)", "Parent Relationship": "Outer", "Startup Cost": 15005.41, "Total Cost": 94859.97, "Plan Rows": 1436424, "Plan Width": 8, "Plans": [{"Node Type": "Hash Join", "Parent Relationship": "Outer", "Join Type": "Inner", "Startup Cost": 15005.41, "Total Cost": 74417.27, "Plan Rows": 1436424, "Plan Width": 8, "Inner Unique": true, "Hash Cond": "(ci.role_id = rt.id), (LLVM Optimized)", "Plans": [{"Node Type": "Seq Scan", "Parent Relationship": "Outer", "Relation Name": "cast_info", "Alias": "ci", "Startup Cost": 0.0, "Total Cost": 58282.92, "Plan Rows": 1436424, "Plan Width": 12, "Filter": "((note)::text ~~ '%(producer)%'::text), (LLVM Optimized)"}, {"Node Type": "Hash", "Parent Relationship": "Inner", "Startup Cost": 15005.26, "Total Cost": 15005.26, "Plan Rows": 192, "Plan Width": 4, "Plans": [{"Node Type": "Streaming(type: BROADCAST dop: 16/1)", "Parent Relationship": "Outer", "Startup Cost": 0.0, "Total Cost": 15005.26, "Plan Rows": 192, "Plan Width": 4, "Plans": [{"Node Type": "Seq Scan", "Parent Relationship": "Outer", "Relation Name": "role_type", "Alias": "rt", "Startup Cost": 0.0, "Total Cost": 1.12, "Plan Rows": 12, "Plan Width": 4}]}]}]}]}, {"Node Type": "Hash", "Parent Relationship": "Inner", "Startup Cost": 88282.97, "Total Cost": 88282.97, "Plan Rows": 1282311, "Plan Width": 8, "Plans": [{"Node Type": "Streaming(type: LOCAL REDISTRIBUTE dop: 16/16)", "Parent Relationship": "Outer", "Startup Cost": 24511.53, "Total Cost": 88282.97, "Plan Rows": 1282311, "Plan Width": 8, "Plans": [{"Node Type": "Hash Join", "Parent Relationship": "Outer", "Join Type": "Inner", "Startup Cost": 24511.53, "Total Cost": 68424.21, "Plan Rows": 1282311, "Plan Width": 8, "Inner Unique": true, "Hash Cond": "(mc.company_id = cn.id), (LLVM Optimized)", "Plans": [{"Node Type": "Streaming(type: LOCAL REDISTRIBUTE dop: 16/16)", "Parent Relationship": "Outer", "Startup Cost": 0.0, "Total Cost": 42499.73, "Plan Rows": 2609128, "Plan Width": 12, "Plans": [{"Node Type": "Seq Scan", "Parent Relationship": "Outer", "Relation Name": "movie_companies", "Alias": "mc", "Startup Cost": 0.0, "Total Cost": 17613.58, "Plan Rows": 2609128, "Plan Width": 12}]}, {"Node Type": "Hash", "Parent Relationship": "Inner", "Startup Cost": 24444.99, "Total Cost": 24444.99, "Plan Rows": 85170, "Plan Width": 4, "Plans": [{"Node Type": "Streaming(type: LOCAL REDISTRIBUTE dop: 16/1)", "Parent Relationship": "Outer", "Startup Cost": 0.0, "Total Cost": 24444.99, "Plan Rows": 85170, "Plan Width": 4, "Plans": [{"Node Type": "Seq Scan", "Parent Relationship": "Outer", "Relation Name": "company_name", "Alias": "cn", "Startup Cost": 0.0, "Total Cost": 5903.45, "Plan Rows": 85170, "Plan Width": 4, "Filter": "((country_code)::text = '[us]'::text)"}]}]}]}]}]}]}]}, {"Node Type": "Hash", "Parent Relationship": "Inner", "Startup Cost": 46117.27, "Total Cost": 46117.27, "Plan Rows": 3140338, "Plan Width": 20, "Plans": [{"Node Type": "Streaming(type: LOCAL REDISTRIBUTE dop: 16/16)", "Parent Relationship": "Outer", "Startup Cost": 0.0, "Total Cost": 46117.27, "Plan Rows": 3140338, "Plan Width": 20, "Plans": [{"Node Type": "Seq Scan", "Parent Relationship": "Outer", "Relation Name": "char_name", "Alias": "chn", "Startup Cost": 0.0, "Total Cost": 19218.34, "Plan Rows": 3140338, "Plan Width": 20}]}]}]}, {"Node Type": "Materialize", "Parent Relationship": "Inner", "Startup Cost": 0.0, "Total Cost": 15002.08, "Plan Rows": 48, "Plan Width": 4, "Plans": [{"Node Type": "Streaming(type: BROADCAST dop: 16/1)", "Parent Relationship": "Outer", "Startup Cost": 0.0, "Total Cost": 15002.07, "Plan Rows": 48, "Plan Width": 4, "Plans": [{"Node Type": "Seq Scan", "Parent Relationship": "Outer", "Relation Name": "company_type", "Alias": "ct", "Startup Cost": 0.0, "Total Cost": 1.03, "Plan Rows": 3, "Plan Width": 4}]}]}]}]}, {"Node Type": "Hash", "Parent Relationship": "Inner", "Startup Cost": 40775.83, "Total Cost": 40775.83, "Plan Rows": 1748840, "Plan Width": 21, "Plans": [{"Node Type": "Streaming(type: LOCAL REDISTRIBUTE dop: 16/16)", "Parent Relationship": "Outer", "Startup Cost": 0.0, "Total Cost": 40775.83, "Plan Rows": 1748840, "Plan Width": 21, "Plans": [{"Node Type": "Seq Scan", "Parent Relationship": "Outer", "Relation Name": "title", "Alias": "t", "Startup Cost": 0.0, "Total Cost": 19149.37, "Plan Rows": 1748840, "Plan Width": 21, "Filter": "(production_year > 1990), (LLVM Optimized)"}]}]}]}]}]}]}, "Unique SQL Id": 3145361615}, "explain_analyze_plan": {"Plan": {"Node Type": "Aggregate", "Strategy": "Plain", "Startup Cost": 272970.86, "Total Cost": 272970.88, "Plan Rows": 1, "Plan Width": 97, "Actual Min Startup Time": 1851.442, "Actual Max Startup Time": 1851.442, "Actual Min Total Time": 1851.442, "Actual Max Total Time": 1851.442, "Actual Total Rows": 1, "Plans": [{"Node Type": "Streaming(type: LOCAL GATHER dop: 1/16)", "Parent Relationship": "Outer", "Startup Cost": 272970.86, "Total Cost": 272970.88, "Plan Rows": 1, "Plan Width": 97, "Actual Min Startup Time": 1850.571, "Actual Max Startup Time": 1850.571, "Actual Min Total Time": 1851.421, "Actual Max Total Time": 1851.421, "Actual Total Rows": 16, "Plans": [{"Node Type": "Aggregate", "Strategy": "Plain", "Parent Relationship": "Outer", "Startup Cost": 272970.86, "Total Cost": 272970.87, "Plan Rows": 1, "Plan Width": 97, "Actual Min Startup Time": 1528.987, "Actual Max Startup Time": 1703.473, "Actual Min Total Time": 1528.988, "Actual Max Total Time": 1703.473, "Actual Total Rows": 16, "Plans": [{"Node Type": "Hash Join", "Parent Relationship": "Outer", "Join Type": "Inner", "Startup Cost": 129833.14, "Total Cost": 268123.79, "Plan Rows": 969413, "Plan Width": 33, "Actual Min Startup Time": 1526.266, "Actual Max Startup Time": 1700.688, "Actual Min Total Time": 1528.951, "Actual Max Total Time": 1703.451, "Actual Total Rows": 4, "Inner Unique": true, "Hash Cond": "(mc.movie_id = t.id), (LLVM Optimized, Jit Execute)", "Plans": [{"Node Type": "Streaming(type: LOCAL REDISTRIBUTE dop: 16/16)", "Parent Relationship": "Outer", "Startup Cost": 118272.9, "Total Cost": 255793.67, "Plan Rows": 699731, "Plan Width": 24, "Actual Min Startup Time": 1276.696, "Actual Max Startup Time": 1279.511, "Actual Min Total Time": 1279.291, "Actual Max Total Time": 1279.511, "Actual Total Rows": 6, "Plans": [{"Node Type": "Nested Loop", "Parent Relationship": "Outer", "Join Type": "Inner", "Startup Cost": 118272.9, "Total Cost": 238142.35, "Plan Rows": 699731, "Plan Width": 24, "Actual Min Startup Time": 1525.547, "Actual Max Startup Time": 1741.741, "Actual Min Total Time": 1530.314, "Actual Max Total Time": 1741.741, "Actual Total Rows": 6, "Inner Unique": true, "Join Filter": "(mc.company_type_id = ct.id), (LLVM Optimized, Jit Execute)", "Rows Removed by Join Filter": 24, "Plans": [{"Node Type": "Hash Join", "Parent Relationship": "Outer", "Join Type": "Inner", "Startup Cost": 118272.9, "Total Cost": 221172.28, "Plan Rows": 699731, "Plan Width": 28, "Actual Min Startup Time": 1525.521, "Actual Max Startup Time": 1698.406, "Actual Min Total Time": 1528.408, "Actual Max Total Time": 1698.406, "Actual Total Rows": 14, "Inner Unique": true, "Hash Cond": "(ci.person_role_id = chn.id), (LLVM Optimized, Jit Execute)", "Plans": [{"Node Type": "Streaming(type: LOCAL REDISTRIBUTE dop: 16/16)", "Parent Relationship": "Outer", "Startup Cost": 104290.19, "Total Cost": 206413.94, "Plan Rows": 1443440, "Plan Width": 16, "Actual Min Startup Time": 267.19, "Actual Max Startup Time": 1139.907, "Actual Min Total Time": 1010.82, "Actual Max Total Time": 1139.907, "Actual Total Rows": 1210267, "Plans": [{"Node Type": "Hash Join", "Parent Relationship": "Outer", "Join Type": "Inner", "Startup Cost": 104290.19, "Total Cost": 185944.65, "Plan Rows": 1443440, "Plan Width": 16, "Actual Min Startup Time": 654.515, "Actual Max Startup Time": 766.246, "Actual Min Total Time": 1227.175, "Actual Max Total Time": 1347.946, "Actual Total Rows": 1210267, "Inner Unique": false, "Hash Cond": "(ci.movie_id = mc.movie_id), (LLVM Optimized, Jit Execute)", "Plans": [{"Node Type": "Streaming(type: LOCAL REDISTRIBUTE dop: 16/16)", "Parent Relationship": "Outer", "Startup Cost": 15005.41, "Total Cost": 94859.97, "Plan Rows": 1436424, "Plan Width": 8, "Actual Min Startup Time": 0.061, "Actual Max Startup Time": 2.164, "Actual Min Total Time": 507.946, "Actual Max Total Time": 533.999, "Actual Total Rows": 1435439, "Plans": [{"Node Type": "Hash Join", "Parent Relationship": "Outer", "Join Type": "Inner", "Startup Cost": 15005.41, "Total Cost": 74417.27, "Plan Rows": 1436424, "Plan Width": 8, "Actual Min Startup Time": 44.415, "Actual Max Startup Time": 359.164, "Actual Min Total Time": 727.868, "Actual Max Total Time": 791.24, "Actual Total Rows": 1435439, "Inner Unique": true, "Hash Cond": "(ci.role_id = rt.id), (LLVM Optimized, Jit Execute)", "Plans": [{"Node Type": "Seq Scan", "Parent Relationship": "Outer", "Relation Name": "cast_info", "Alias": "ci", "Startup Cost": 0.0, "Total Cost": 58282.92, "Plan Rows": 1436424, "Plan Width": 12, "Actual Min Startup Time": 44.315, "Actual Max Startup Time": 359.045, "Actual Min Total Time": 683.134, "Actual Max Total Time": 746.581, "Actual Total Rows": 1435439, "Filter": "((note)::text ~~ '%(producer)%'::text), (LLVM Optimized, Jit Execute)", "Rows Removed by Filter": 34808904}, {"Node Type": "Hash", "Parent Relationship": "Inner", "Startup Cost": 15005.26, "Total Cost": 15005.26, "Plan Rows": 192, "Plan Width": 4, "Actual Min Startup Time": 0.018, "Actual Max Startup Time": 0.098, "Actual Min Total Time": 0.018, "Actual Max Total Time": 0.098, "Actual Total Rows": 192, "Max Hash Buckets": 32768, "Min Hash Buckets": 32768, "Max Hash Batches": 1, "Min Hash Batches": 1, "Max Original Hash Batches": 1, "Min Original Hash Batches": 1, "Max Peak Memory Usage": 1, "min Peak Memory Usage": 1, "Plans": [{"Node Type": "Streaming(type: BROADCAST dop: 16/1)", "Parent Relationship": "Outer", "Startup Cost": 0.0, "Total Cost": 15005.26, "Plan Rows": 192, "Plan Width": 4, "Actual Min Startup Time": 0.005, "Actual Max Startup Time": 0.016, "Actual Min Total Time": 0.006, "Actual Max Total Time": 0.019, "Actual Total Rows": 192, "Plans": [{"Node Type": "Seq Scan", "Parent Relationship": "Outer", "Relation Name": "role_type", "Alias": "rt", "Startup Cost": 0.0, "Total Cost": 1.12, "Plan Rows": 12, "Plan Width": 4, "Actual Min Startup Time": 0.012, "Actual Max Startup Time": 0.012, "Actual Min Total Time": 0.017, "Actual Max Total Time": 0.017, "Actual Total Rows": 12}]}]}]}]}, {"Node Type": "Hash", "Parent Relationship": "Inner", "Startup Cost": 88282.97, "Total Cost": 88282.97, "Plan Rows": 1282311, "Plan Width": 8, "Actual Min Startup Time": 654.343, "Actual Max Startup Time": 766.036, "Actual Min Total Time": 654.343, "Actual Max Total Time": 766.036, "Actual Total Rows": 1153797, "Max Hash Buckets": 131072, "Min Hash Buckets": 131072, "Max Hash Batches": 1, "Min Hash Batches": 1, "Max Original Hash Batches": 1, "Min Original Hash Batches": 1, "Max Peak Memory Usage": 2824, "min Peak Memory Usage": 2824, "Plans": [{"Node Type": "Streaming(type: LOCAL REDISTRIBUTE dop: 16/16)", "Parent Relationship": "Outer", "Startup Cost": 24511.53, "Total Cost": 88282.97, "Plan Rows": 1282311, "Plan Width": 8, "Actual Min Startup Time": 210.935, "Actual Max Startup Time": 322.34, "Actual Min Total Time": 636.024, "Actual Max Total Time": 745.671, "Actual Total Rows": 1153797, "Plans": [{"Node Type": "Hash Join", "Parent Relationship": "Outer", "Join Type": "Inner", "Startup Cost": 24511.53, "Total Cost": 68424.21, "Plan Rows": 1282311, "Plan Width": 8, "Actual Min Startup Time": 208.859, "Actual Max Startup Time": 395.904, "Actual Min Total Time": 531.724, "Actual Max Total Time": 761.672, "Actual Total Rows": 1153797, "Inner Unique": true, "Hash Cond": "(mc.company_id = cn.id), (LLVM Optimized, Jit Execute)", "Plans": [{"Node Type": "Streaming(type: LOCAL REDISTRIBUTE dop: 16/16)", "Parent Relationship": "Outer", "Startup Cost": 0.0, "Total Cost": 42499.73, "Plan Rows": 2609128, "Plan Width": 12, "Actual Min Startup Time": 0.057, "Actual Max Startup Time": 1.428, "Actual Min Total Time": 262.232, "Actual Max Total Time": 340.091, "Actual Total Rows": 2609128, "Plans": [{"Node Type": "Seq Scan", "Parent Relationship": "Outer", "Relation Name": "movie_companies", "Alias": "mc", "Startup Cost": 0.0, "Total Cost": 17613.58, "Plan Rows": 2609128, "Plan Width": 12, "Actual Min Startup Time": 0.026, "Actual Max Startup Time": 0.043, "Actual Min Total Time": 41.08, "Actual Max Total Time": 51.061, "Actual Total Rows": 2609128}]}, {"Node Type": "Hash", "Parent Relationship": "Inner", "Startup Cost": 24444.99, "Total Cost": 24444.99, "Plan Rows": 85170, "Plan Width": 4, "Actual Min Startup Time": 208.731, "Actual Max Startup Time": 394.761, "Actual Min Total Time": 208.731, "Actual Max Total Time": 394.761, "Actual Total Rows": 84843, "Max Hash Buckets": 32768, "Min Hash Buckets": 32768, "Max Hash Batches": 1, "Min Hash Batches": 1, "Max Original Hash Batches": 1, "Min Original Hash Batches": 1, "Max Peak Memory Usage": 182, "min Peak Memory Usage": 182, "Plans": [{"Node Type": "Streaming(type: LOCAL REDISTRIBUTE dop: 16/1)", "Parent Relationship": "Outer", "Startup Cost": 0.0, "Total Cost": 24444.99, "Plan Rows": 85170, "Plan Width": 4, "Actual Min Startup Time": 0.043, "Actual Max Startup Time": 186.918, "Actual Min Total Time": 206.926, "Actual Max Total Time": 392.009, "Actual Total Rows": 84843, "Plans": [{"Node Type": "Seq Scan", "Parent Relationship": "Outer", "Relation Name": "company_name", "Alias": "cn", "Startup Cost": 0.0, "Total Cost": 5903.45, "Plan Rows": 85170, "Plan Width": 4, "Actual Min Startup Time": 0.05, "Actual Max Startup Time": 0.05, "Actual Min Total Time": 99.773, "Actual Max Total Time": 99.773, "Actual Total Rows": 84843, "Filter": "((country_code)::text = '[us]'::text)", "Rows Removed by Filter": 150153}]}]}]}]}]}]}]}, {"Node Type": "Hash", "Parent Relationship": "Inner", "Startup Cost": 46117.27, "Total Cost": 46117.27, "Plan Rows": 3140338, "Plan Width": 20, "Actual Min Startup Time": 388.375, "Actual Max Startup Time": 558.238, "Actual Min Total Time": 388.375, "Actual Max Total Time": 558.238, "Actual Total Rows": 3140338, "Max Hash Buckets": 262144, "Min Hash Buckets": 262144, "Max Hash Batches": 1, "Min Hash Batches": 1, "Max Original Hash Batches": 1, "Min Original Hash Batches": 1, "Max Peak Memory Usage": 10347, "min Peak Memory Usage": 10347, "Plans": [{"Node Type": "Streaming(type: LOCAL REDISTRIBUTE dop: 16/16)", "Parent Relationship": "Outer", "Startup Cost": 0.0, "Total Cost": 46117.27, "Plan Rows": 3140338, "Plan Width": 20, "Actual Min Startup Time": 0.051, "Actual Max Startup Time": 17.737, "Actual Min Total Time": 300.722, "Actual Max Total Time": 467.746, "Actual Total Rows": 3140338, "Plans": [{"Node Type": "Seq Scan", "Parent Relationship": "Outer", "Relation Name": "char_name", "Alias": "chn", "Startup Cost": 0.0, "Total Cost": 19218.34, "Plan Rows": 3140338, "Plan Width": 20, "Actual Min Startup Time": 0.018, "Actual Max Startup Time": 0.033, "Actual Min Total Time": 57.62, "Actual Max Total Time": 68.173, "Actual Total Rows": 3140338}]}]}]}, {"Node Type": "Materialize", "Parent Relationship": "Inner", "Startup Cost": 0.0, "Total Cost": 15002.08, "Plan Rows": 48, "Plan Width": 4, "Actual Min Startup Time": 0.008, "Actual Max Startup Time": 41.332, "Actual Min Total Time": 0.008, "Actual Max Total Time": 41.332, "Actual Total Rows": 46, "Plans": [{"Node Type": "Streaming(type: BROADCAST dop: 16/1)", "Parent Relationship": "Outer", "Startup Cost": 0.0, "Total Cost": 15002.07, "Plan Rows": 48, "Plan Width": 4, "Actual Min Startup Time": 0.004, "Actual Max Startup Time": 41.324, "Actual Min Total Time": 0.005, "Actual Max Total Time": 41.326, "Actual Total Rows": 48, "Plans": [{"Node Type": "Seq Scan", "Parent Relationship": "Outer", "Relation Name": "company_type", "Alias": "ct", "Startup Cost": 0.0, "Total Cost": 1.03, "Plan Rows": 3, "Plan Width": 4, "Actual Min Startup Time": 0.01, "Actual Max Startup Time": 0.01, "Actual Min Total Time": 0.012, "Actual Max Total Time": 0.012, "Actual Total Rows": 3}]}]}]}]}, {"Node Type": "Hash", "Parent Relationship": "Inner", "Startup Cost": 40775.83, "Total Cost": 40775.83, "Plan Rows": 1748840, "Plan Width": 21, "Actual Min Startup Time": 249.391, "Actual Max Startup Time": 423.825, "Actual Min Total Time": 249.391, "Actual Max Total Time": 423.825, "Actual Total Rows": 1749032, "Max Hash Buckets": 131072, "Min Hash Buckets": 131072, "Max Hash Batches": 1, "Min Hash Batches": 1, "Max Original Hash Batches": 1, "Min Original Hash Batches": 1, "Max Peak Memory Usage": 5875, "min Peak Memory Usage": 5875, "Plans": [{"Node Type": "Streaming(type: LOCAL REDISTRIBUTE dop: 16/16)", "Parent Relationship": "Outer", "Startup Cost": 0.0, "Total Cost": 40775.83, "Plan Rows": 1748840, "Plan Width": 21, "Actual Min Startup Time": 0.055, "Actual Max Startup Time": 38.555, "Actual Min Total Time": 207.495, "Actual Max Total Time": 386.837, "Actual Total Rows": 1749032, "Plans": [{"Node Type": "Seq Scan", "Parent Relationship": "Outer", "Relation Name": "title", "Alias": "t", "Startup Cost": 0.0, "Total Cost": 19149.37, "Plan Rows": 1748840, "Plan Width": 21, "Actual Min Startup Time": 0.031, "Actual Max Startup Time": 0.05, "Actual Min Total Time": 64.362, "Actual Max Total Time": 71.656, "Actual Total Rows": 1749032, "Filter": "(production_year > 1990), (LLVM Optimized, Jit Execute)", "Rows Removed by Filter": 779279}]}]}]}]}]}]}, "Triggers": [], "Planner Runtime": 87.81, "Total Runtime": 1891.157, "Unique SQL Id": 3145361615}}, "(16, 5)": {"explain_plan": {"Plan": {"Node Type": "Aggregate", "Strategy": "Plain", "Startup Cost": 1369792.13, "Total Cost": 1369792.16, "Plan Rows": 1, "Plan Width": 97, "Plans": [{"Node Type": "Streaming(type: LOCAL GATHER dop: 1/16)", "Parent Relationship": "Outer", "Startup Cost": 1369792.13, "Total Cost": 1369792.16, "Plan Rows": 1, "Plan Width": 97, "Plans": [{"Node Type": "Aggregate", "Strategy": "Plain", "Parent Relationship": "Outer", "Startup Cost": 1369792.13, "Total Cost": 1369792.14, "Plan Rows": 1, "Plan Width": 97, "Plans": [{"Node Type": "Hash Join", "Parent Relationship": "Outer", "Join Type": "Inner", "Startup Cost": 211552.61, "Total Cost": 1364945.07, "Plan Rows": 969413, "Plan Width": 33, "Inner Unique": true, "Hash Cond": "(mc.movie_id = t.id), (LLVM Optimized)", "Plans": [{"Node Type": "Streaming(type: LOCAL REDISTRIBUTE dop: 16/16)", "Parent Relationship": "Outer", "Startup Cost": 179326.56, "Total Cost": 1331949.13, "Plan Rows": 699731, "Plan Width": 24, "Plans": [{"Node Type": "Nested Loop", "Parent Relationship": "Outer", "Join Type": "Inner", "Startup Cost": 179326.56, "Total Cost": 1314297.81, "Plan Rows": 699731, "Plan Width": 24, "Inner Unique": true, "Join Filter": "(ci.role_id = rt.id), (LLVM Optimized)", "Plans": [{"Node Type": "Nested Loop", "Parent Relationship": "Outer", "Join Type": "Inner", "Startup Cost": 179326.56, "Total Cost": 1291409.23, "Plan Rows": 699731, "Plan Width": 28, "Inner Unique": true, "Join Filter": "(mc.company_type_id = ct.id), (LLVM Optimized)", "Plans": [{"Node Type": "Hash Join", "Parent Relationship": "Outer", "Join Type": "Inner", "Startup Cost": 179326.56, "Total Cost": 1274427.9, "Plan Rows": 699731, "Plan Width": 32, "Inner Unique": true, "Hash Cond": "(mc.company_id = cn.id), (LLVM Optimized)", "Plans": [{"Node Type": "Streaming(type: LOCAL REDISTRIBUTE dop: 16/16)", "Parent Relationship": "Outer", "Startup Cost": 172448.64, "Total Cost": 1266778.96, "Plan Rows": 1423748, "Plan Width": 36, "Plans": [{"Node Type": "Hash Join", "Parent Relationship": "Outer", "Join Type": "Inner", "Startup Cost": 172448.64, "Total Cost": 1246384.29, "Plan Rows": 1423748, "Plan Width": 36, "Inner Unique": true, "Hash Cond": "(ci.person_role_id = chn.id), (LLVM Optimized)", "Plans": [{"Node Type": "Streaming(type: LOCAL REDISTRIBUTE dop: 16/16)", "Parent Relationship": "Outer", "Startup Cost": 110646.13, "Total Cost": 1183003.58, "Plan Rows": 2936978, "Plan Width": 24, "Plans": [{"Node Type": "Hash Join", "Parent Relationship": "Outer", "Join Type": "Inner", "Startup Cost": 110646.13, "Total Cost": 1156875.19, "Plan Rows": 2936978, "Plan Width": 24, "Inner Unique": false, "Hash Cond": "(ci.movie_id = mc.movie_id), (LLVM Optimized)", "Plans": [{"Node Type": "Streaming(type: LOCAL REDISTRIBUTE dop: 16/16)", "Parent Relationship": "Outer", "Startup Cost": 0.0, "Total Cost": 1042710.15, "Plan Rows": 1436424, "Plan Width": 12, "Plans": [{"Node Type": "Index Scan", "Parent Relationship": "Outer", "Scan Direction": "Forward", "Index Name": "role_id_cast_info", "Relation Name": "cast_info", "Alias": "ci", "Startup Cost": 0.0, "Total Cost": 1022267.45, "Plan Rows": 1436424, "Plan Width": 12, "Filter": "((note)::text ~~ '%(producer)%'::text), (LLVM Optimized)"}]}, {"Node Type": "Hash", "Parent Relationship": "Inner", "Startup Cost": 108607.74, "Total Cost": 108607.74, "Plan Rows": 2609128, "Plan Width": 12, "Plans": [{"Node Type": "Streaming(type: LOCAL REDISTRIBUTE dop: 16/16)", "Parent Relationship": "Outer", "Startup Cost": 0.0, "Total Cost": 108607.74, "Plan Rows": 2609128, "Plan Width": 12, "Plans": [{"Node Type": "Index Scan", "Parent Relationship": "Outer", "Scan Direction": "Forward", "Index Name": "company_type_id_movie_companies", "Relation Name": "movie_companies", "Alias": "mc", "Startup Cost": 0.0, "Total Cost": 83721.6, "Plan Rows": 2609128, "Plan Width": 12}]}]}]}]}, {"Node Type": "Hash", "Parent Relationship": "Inner", "Startup Cost": 142333.72, "Total Cost": 142333.72, "Plan Rows": 3140338, "Plan Width": 20, "Plans": [{"Node Type": "Streaming(type: LOCAL REDISTRIBUTE dop: 16/16)", "Parent Relationship": "Outer", "Startup Cost": 0.0, "Total Cost": 142333.72, "Plan Rows": 3140338, "Plan Width": 20, "Plans": [{"Node Type": "Index Scan", "Parent Relationship": "Outer", "Scan Direction": "Forward", "Index Name": "char_name_pkey", "Relation Name": "char_name", "Alias": "chn", "Startup Cost": 0.0, "Total Cost": 115434.79, "Plan Rows": 3140338, "Plan Width": 20}]}]}]}]}, {"Node Type": "Hash", "Parent Relationship": "Inner", "Startup Cost": 27245.51, "Total Cost": 27245.51, "Plan Rows": 85170, "Plan Width": 4, "Plans": [{"Node Type": "Streaming(type: LOCAL REDISTRIBUTE dop: 16/1)", "Parent Relationship": "Outer", "Startup Cost": 2800.52, "Total Cost": 27245.51, "Plan Rows": 85170, "Plan Width": 4, "Plans": [{"Node Type": "Bitmap Heap Scan", "Parent Relationship": "Outer", "Relation Name": "company_name", "Alias": "cn", "Startup Cost": 2800.52, "Total Cost": 8703.97, "Plan Rows": 85170, "Plan Width": 4, "Filter": "((country_code)::text = '[us]'::text)", "Plans": [{"Node Type": "Bitmap Index Scan", "Parent Relationship": "Outer", "Index Name": "company_name_pkey", "Startup Cost": 0.0, "Total Cost": 2779.23, "Plan Rows": 234996, "Plan Width": 0}]}]}]}]}, {"Node Type": "Materialize", "Parent Relationship": "Inner", "Startup Cost": 0.0, "Total Cost": 15013.35, "Plan Rows": 48, "Plan Width": 4, "Plans": [{"Node Type": "Streaming(type: BROADCAST dop: 16/1)", "Parent Relationship": "Outer", "Startup Cost": 0.0, "Total Cost": 15013.33, "Plan Rows": 48, "Plan Width": 4, "Plans": [{"Node Type": "Index Scan", "Parent Relationship": "Outer", "Scan Direction": "Forward", "Index Name": "company_type_pkey", "Relation Name": "company_type", "Alias": "ct", "Startup Cost": 0.0, "Total Cost": 12.29, "Plan Rows": 3, "Plan Width": 4}]}]}]}, {"Node Type": "Materialize", "Parent Relationship": "Inner", "Startup Cost": 0.0, "Total Cost": 15016.63, "Plan Rows": 192, "Plan Width": 4, "Plans": [{"Node Type": "Streaming(type: BROADCAST dop: 16/1)", "Parent Relationship": "Outer", "Startup Cost": 0.0, "Total Cost": 15016.57, "Plan Rows": 192, "Plan Width": 4, "Plans": [{"Node Type": "Index Scan", "Parent Relationship": "Outer", "Scan Direction": "Forward", "Index Name": "role_type_pkey", "Relation Name": "role_type", "Alias": "rt", "Startup Cost": 0.0, "Total Cost": 12.43, "Plan Rows": 12, "Plan Width": 4}]}]}]}]}, {"Node Type": "Hash", "Parent Relationship": "Inner", "Startup Cost": 123439.09, "Total Cost": 123439.09, "Plan Rows": 1748840, "Plan Width": 21, "Plans": [{"Node Type": "Streaming(type: LOCAL REDISTRIBUTE dop: 16/16)", "Parent Relationship": "Outer", "Startup Cost": 0.0, "Total Cost": 123439.09, "Plan Rows": 1748840, "Plan Width": 21, "Plans": [{"Node Type": "Index Scan", "Parent Relationship": "Outer", "Scan Direction": "Forward", "Index Name": "title_pkey", "Relation Name": "title", "Alias": "t", "Startup Cost": 0.0, "Total Cost": 101812.62, "Plan Rows": 1748840, "Plan Width": 21, "Filter": "(production_year > 1990), (LLVM Optimized)"}]}]}]}]}]}]}, "Unique SQL Id": 3145361615}, "explain_analyze_plan": {"Plan": {"Node Type": "Aggregate", "Strategy": "Plain", "Startup Cost": 1369792.13, "Total Cost": 1369792.16, "Plan Rows": 1, "Plan Width": 97, "Actual Min Startup Time": 3879.028, "Actual Max Startup Time": 3879.028, "Actual Min Total Time": 3879.028, "Actual Max Total Time": 3879.028, "Actual Total Rows": 1, "Plans": [{"Node Type": "Streaming(type: LOCAL GATHER dop: 1/16)", "Parent Relationship": "Outer", "Startup Cost": 1369792.13, "Total Cost": 1369792.16, "Plan Rows": 1, "Plan Width": 97, "Actual Min Startup Time": 3877.513, "Actual Max Startup Time": 3877.513, "Actual Min Total Time": 3878.996, "Actual Max Total Time": 3878.996, "Actual Total Rows": 16, "Plans": [{"Node Type": "Aggregate", "Strategy": "Plain", "Parent Relationship": "Outer", "Startup Cost": 1369792.13, "Total Cost": 1369792.14, "Plan Rows": 1, "Plan Width": 97, "Actual Min Startup Time": 3468.004, "Actual Max Startup Time": 3568.703, "Actual Min Total Time": 3468.004, "Actual Max Total Time": 3568.703, "Actual Total Rows": 16, "Plans": [{"Node Type": "Hash Join", "Parent Relationship": "Outer", "Join Type": "Inner", "Startup Cost": 211552.61, "Total Cost": 1364945.07, "Plan Rows": 969413, "Plan Width": 33, "Actual Min Startup Time": 3467.997, "Actual Max Startup Time": 3568.693, "Actual Min Total Time": 3467.997, "Actual Max Total Time": 3568.693, "Actual Total Rows": 4, "Inner Unique": true, "Hash Cond": "(mc.movie_id = t.id), (LLVM Optimized, Jit Execute)", "Plans": [{"Node Type": "Streaming(type: LOCAL REDISTRIBUTE dop: 16/16)", "Parent Relationship": "Outer", "Startup Cost": 179326.56, "Total Cost": 1331949.13, "Plan Rows": 699731, "Plan Width": 24, "Actual Min Startup Time": 2765.684, "Actual Max Startup Time": 2767.288, "Actual Min Total Time": 2767.069, "Actual Max Total Time": 2767.288, "Actual Total Rows": 6, "Plans": [{"Node Type": "Nested Loop", "Parent Relationship": "Outer", "Join Type": "Inner", "Startup Cost": 179326.56, "Total Cost": 1314297.81, "Plan Rows": 699731, "Plan Width": 24, "Actual Min Startup Time": 3465.899, "Actual Max Startup Time": 3522.638, "Actual Min Total Time": 3465.928, "Actual Max Total Time": 3522.638, "Actual Total Rows": 6, "Inner Unique": true, "Join Filter": "(ci.role_id = rt.id), (LLVM Optimized, Jit Execute)", "Rows Removed by Join Filter": 0, "Plans": [{"Node Type": "Nested Loop", "Parent Relationship": "Outer", "Join Type": "Inner", "Startup Cost": 179326.56, "Total Cost": 1291409.23, "Plan Rows": 699731, "Plan Width": 28, "Actual Min Startup Time": 3465.876, "Actual Max Startup Time": 3522.608, "Actual Min Total Time": 3465.903, "Actual Max Total Time": 3522.608, "Actual Total Rows": 6, "Inner Unique": true, "Join Filter": "(mc.company_type_id = ct.id), (LLVM Optimized, Jit Execute)", "Rows Removed by Join Filter": 24, "Plans": [{"Node Type": "Hash Join", "Parent Relationship": "Outer", "Join Type": "Inner", "Startup Cost": 179326.56, "Total Cost": 1274427.9, "Plan Rows": 699731, "Plan Width": 32, "Actual Min Startup Time": 3465.861, "Actual Max Startup Time": 3522.574, "Actual Min Total Time": 3465.864, "Actual Max Total Time": 3522.574, "Actual Total Rows": 14, "Inner Unique": true, "Hash Cond": "(mc.company_id = cn.id), (LLVM Optimized, Jit Execute)", "Plans": [{"Node Type": "Streaming(type: LOCAL REDISTRIBUTE dop: 16/16)", "Parent Relationship": "Outer", "Startup Cost": 172448.64, "Total Cost": 1266778.96, "Plan Rows": 1423748, "Plan Width": 36, "Actual Min Startup Time": 3279.771, "Actual Max Startup Time": 3280.353, "Actual Min Total Time": 3280.192, "Actual Max Total Time": 3280.353, "Actual Total Rows": 31, "Plans": [{"Node Type": "Hash Join", "Parent Relationship": "Outer", "Join Type": "Inner", "Startup Cost": 172448.64, "Total Cost": 1246384.29, "Plan Rows": 1423748, "Plan Width": 36, "Actual Min Startup Time": 3464.132, "Actual Max Startup Time": 3675.851, "Actual Min Total Time": 3464.132, "Actual Max Total Time": 3675.851, "Actual Total Rows": 31, "Inner Unique": true, "Hash Cond": "(ci.person_role_id = chn.id), (LLVM Optimized, Jit Execute)", "Plans": [{"Node Type": "Streaming(type: LOCAL REDISTRIBUTE dop: 16/16)", "Parent Relationship": "Outer", "Startup Cost": 110646.13, "Total Cost": 1183003.58, "Plan Rows": 2936978, "Plan Width": 24, "Actual Min Startup Time": 0.109, "Actual Max Startup Time": 2640.299, "Actual Min Total Time": 2342.883, "Actual Max Total Time": 2640.299, "Actual Total Rows": 2743255, "Plans": [{"Node Type": "Hash Join", "Parent Relationship": "Outer", "Join Type": "Inner", "Startup Cost": 110646.13, "Total Cost": 1156875.19, "Plan Rows": 2936978, "Plan Width": 24, "Actual Min Startup Time": 433.623, "Actual Max Startup Time": 941.25, "Actual Min Total Time": 2743.533, "Actual Max Total Time": 3262.872, "Actual Total Rows": 2743255, "Inner Unique": false, "Hash Cond": "(ci.movie_id = mc.movie_id), (LLVM Optimized, Jit Execute)", "Plans": [{"Node Type": "Streaming(type: LOCAL REDISTRIBUTE dop: 16/16)", "Parent Relationship": "Outer", "Startup Cost": 0.0, "Total Cost": 1042710.15, "Plan Rows": 1436424, "Plan Width": 12, "Actual Min Startup Time": 0.095, "Actual Max Startup Time": 393.585, "Actual Min Total Time": 2174.368, "Actual Max Total Time": 2644.887, "Actual Total Rows": 1435439, "Plans": [{"Node Type": "Index Scan", "Parent Relationship": "Outer", "Scan Direction": "Forward", "Index Name": "role_id_cast_info", "Relation Name": "cast_info", "Alias": "ci", "Startup Cost": 0.0, "Total Cost": 1022267.45, "Plan Rows": 1436424, "Plan Width": 12, "Actual Min Startup Time": 316.225, "Actual Max Startup Time": 2091.154, "Actual Min Total Time": 1377.825, "Actual Max Total Time": 2091.154, "Actual Total Rows": 1435439, "Filter": "((note)::text ~~ '%(producer)%'::text), (LLVM Optimized, Jit Execute)", "Rows Removed by Filter": 34808904}]}, {"Node Type": "Hash", "Parent Relationship": "Inner", "Startup Cost": 108607.74, "Total Cost": 108607.74, "Plan Rows": 2609128, "Plan Width": 12, "Actual Min Startup Time": 433.239, "Actual Max Startup Time": 644.245, "Actual Min Total Time": 433.239, "Actual Max Total Time": 644.245, "Actual Total Rows": 2609128, "Max Hash Buckets": 262144, "Min Hash Buckets": 262144, "Max Hash Batches": 1, "Min Hash Batches": 1, "Max Original Hash Batches": 1, "Min Original Hash Batches": 1, "Max Peak Memory Usage": 7036, "min Peak Memory Usage": 7036, "Plans": [{"Node Type": "Streaming(type: LOCAL REDISTRIBUTE dop: 16/16)", "Parent Relationship": "Outer", "Startup Cost": 0.0, "Total Cost": 108607.74, "Plan Rows": 2609128, "Plan Width": 12, "Actual Min Startup Time": 0.058, "Actual Max Startup Time": 51.718, "Actual Min Total Time": 364.047, "Actual Max Total Time": 567.564, "Actual Total Rows": 2609128, "Plans": [{"Node Type": "Index Scan", "Parent Relationship": "Outer", "Scan Direction": "Forward", "Index Name": "company_type_id_movie_companies", "Relation Name": "movie_companies", "Alias": "mc", "Startup Cost": 0.0, "Total Cost": 83721.6, "Plan Rows": 2609128, "Plan Width": 12, "Actual Min Startup Time": 10.61, "Actual Max Startup Time": 70.979, "Actual Min Total Time": 96.812, "Actual Max Total Time": 182.577, "Actual Total Rows": 2609128}]}]}]}]}, {"Node Type": "Hash", "Parent Relationship": "Inner", "Startup Cost": 142333.72, "Total Cost": 142333.72, "Plan Rows": 3140338, "Plan Width": 20, "Actual Min Startup Time": 823.664, "Actual Max Startup Time": 1035.374, "Actual Min Total Time": 823.664, "Actual Max Total Time": 1035.374, "Actual Total Rows": 3140338, "Max Hash Buckets": 262144, "Min Hash Buckets": 262144, "Max Hash Batches": 1, "Min Hash Batches": 1, "Max Original Hash Batches": 1, "Min Original Hash Batches": 1, "Max Peak Memory Usage": 10347, "min Peak Memory Usage": 10347, "Plans": [{"Node Type": "Streaming(type: LOCAL REDISTRIBUTE dop: 16/16)", "Parent Relationship": "Outer", "Startup Cost": 0.0, "Total Cost": 142333.72, "Plan Rows": 3140338, "Plan Width": 20, "Actual Min Startup Time": 0.06, "Actual Max Startup Time": 189.351, "Actual Min Total Time": 736.703, "Actual Max Total Time": 931.176, "Actual Total Rows": 3140338, "Plans": [{"Node Type": "Index Scan", "Parent Relationship": "Outer", "Scan Direction": "Forward", "Index Name": "char_name_pkey", "Relation Name": "char_name", "Alias": "chn", "Startup Cost": 0.0, "Total Cost": 115434.79, "Plan Rows": 3140338, "Plan Width": 20, "Actual Min Startup Time": 35.024, "Actual Max Startup Time": 121.442, "Actual Min Total Time": 362.25, "Actual Max Total Time": 595.453, "Actual Total Rows": 3140338}]}]}]}]}, {"Node Type": "Hash", "Parent Relationship": "Inner", "Startup Cost": 27245.51, "Total Cost": 27245.51, "Plan Rows": 85170, "Plan Width": 4, "Actual Min Startup Time": 185.532, "Actual Max Startup Time": 242.24, "Actual Min Total Time": 185.532, "Actual Max Total Time": 242.24, "Actual Total Rows": 84843, "Max Hash Buckets": 32768, "Min Hash Buckets": 32768, "Max Hash Batches": 1, "Min Hash Batches": 1, "Max Original Hash Batches": 1, "Min Original Hash Batches": 1, "Max Peak Memory Usage": 182, "min Peak Memory Usage": 182, "Plans": [{"Node Type": "Streaming(type: LOCAL REDISTRIBUTE dop: 16/1)", "Parent Relationship": "Outer", "Startup Cost": 2800.52, "Total Cost": 27245.51, "Plan Rows": 85170, "Plan Width": 4, "Actual Min Startup Time": 0.031, "Actual Max Startup Time": 51.589, "Actual Min Total Time": 183.843, "Actual Max Total Time": 239.303, "Actual Total Rows": 84843, "Plans": [{"Node Type": "Bitmap Heap Scan", "Parent Relationship": "Outer", "Relation Name": "company_name", "Alias": "cn", "Startup Cost": 2800.52, "Total Cost": 8703.97, "Plan Rows": 85170, "Plan Width": 4, "Actual Min Startup Time": 23.547, "Actual Max Startup Time": 23.547, "Actual Min Total Time": 140.176, "Actual Max Total Time": 140.176, "Actual Total Rows": 84843, "Filter": "((country_code)::text = '[us]'::text)", "Rows Removed by Filter": 150153, "Exact Heap Blocks": 0, "Lossy Heap Blocks": 0, "Plans": [{"Node Type": "Bitmap Index Scan", "Parent Relationship": "Outer", "Index Name": "company_name_pkey", "Startup Cost": 0.0, "Total Cost": 2779.23, "Plan Rows": 234996, "Plan Width": 0, "Actual Min Startup Time": 23.056, "Actual Max Startup Time": 23.056, "Actual Min Total Time": 23.056, "Actual Max Total Time": 23.056, "Actual Total Rows": 234996}]}]}]}]}, {"Node Type": "Materialize", "Parent Relationship": "Inner", "Startup Cost": 0.0, "Total Cost": 15013.35, "Plan Rows": 48, "Plan Width": 4, "Actual Min Startup Time": 0.005, "Actual Max Startup Time": 0.009, "Actual Min Total Time": 0.005, "Actual Max Total Time": 0.01, "Actual Total Rows": 46, "Plans": [{"Node Type": "Streaming(type: BROADCAST dop: 16/1)", "Parent Relationship": "Outer", "Startup Cost": 0.0, "Total Cost": 15013.33, "Plan Rows": 48, "Plan Width": 4, "Actual Min Startup Time": 0.003, "Actual Max Startup Time": 0.007, "Actual Min Total Time": 0.003, "Actual Max Total Time": 0.007, "Actual Total Rows": 48, "Plans": [{"Node Type": "Index Scan", "Parent Relationship": "Outer", "Scan Direction": "Forward", "Index Name": "company_type_pkey", "Relation Name": "company_type", "Alias": "ct", "Startup Cost": 0.0, "Total Cost": 12.29, "Plan Rows": 3, "Plan Width": 4, "Actual Min Startup Time": 0.028, "Actual Max Startup Time": 0.028, "Actual Min Total Time": 0.03, "Actual Max Total Time": 0.03, "Actual Total Rows": 3}]}]}]}, {"Node Type": "Materialize", "Parent Relationship": "Inner", "Startup Cost": 0.0, "Total Cost": 15016.63, "Plan Rows": 192, "Plan Width": 4, "Actual Min Startup Time": 0.013, "Actual Max Startup Time": 0.023, "Actual Min Total Time": 0.013, "Actual Max Total Time": 0.023, "Actual Total Rows": 22, "Plans": [{"Node Type": "Streaming(type: BROADCAST dop: 16/1)", "Parent Relationship": "Outer", "Startup Cost": 0.0, "Total Cost": 15016.57, "Plan Rows": 192, "Plan Width": 4, "Actual Min Startup Time": 0.007, "Actual Max Startup Time": 0.014, "Actual Min Total Time": 0.008, "Actual Max Total Time": 0.016, "Actual Total Rows": 192, "Plans": [{"Node Type": "Index Scan", "Parent Relationship": "Outer", "Scan Direction": "Forward", "Index Name": "role_type_pkey", "Relation Name": "role_type", "Alias": "rt", "Startup Cost": 0.0, "Total Cost": 12.43, "Plan Rows": 12, "Plan Width": 4, "Actual Min Startup Time": 0.024, "Actual Max Startup Time": 0.024, "Actual Min Total Time": 0.033, "Actual Max Total Time": 0.033, "Actual Total Rows": 12}]}]}]}]}, {"Node Type": "Hash", "Parent Relationship": "Inner", "Startup Cost": 123439.09, "Total Cost": 123439.09, "Plan Rows": 1748840, "Plan Width": 21, "Actual Min Startup Time": 700.764, "Actual Max Startup Time": 801.259, "Actual Min Total Time": 700.764, "Actual Max Total Time": 801.259, "Actual Total Rows": 1749032, "Max Hash Buckets": 131072, "Min Hash Buckets": 131072, "Max Hash Batches": 1, "Min Hash Batches": 1, "Max Original Hash Batches": 1, "Min Original Hash Batches": 1, "Max Peak Memory Usage": 5875, "min Peak Memory Usage": 5875, "Plans": [{"Node Type": "Streaming(type: LOCAL REDISTRIBUTE dop: 16/16)", "Parent Relationship": "Outer", "Startup Cost": 0.0, "Total Cost": 123439.09, "Plan Rows": 1748840, "Plan Width": 21, "Actual Min Startup Time": 0.054, "Actual Max Startup Time": 95.917, "Actual Min Total Time": 644.197, "Actual Max Total Time": 732.333, "Actual Total Rows": 1749032, "Plans": [{"Node Type": "Index Scan", "Parent Relationship": "Outer", "Scan Direction": "Forward", "Index Name": "title_pkey", "Relation Name": "title", "Alias": "t", "Startup Cost": 0.0, "Total Cost": 101812.62, "Plan Rows": 1748840, "Plan Width": 21, "Actual Min Startup Time": 0.07, "Actual Max Startup Time": 85.683, "Actual Min Total Time": 262.803, "Actual Max Total Time": 518.184, "Actual Total Rows": 1749032, "Filter": "(production_year > 1990), (LLVM Optimized, Jit Execute)", "Rows Removed by Filter": 779279}]}]}]}]}]}]}, "Triggers": [], "Planner Runtime": 90.163, "Total Runtime": 3920.251, "Unique SQL Id": 3145361615}}, "(16, 6)": {"explain_plan": {"Plan": {"Node Type": "Aggregate", "Strategy": "Plain", "Startup Cost": 272970.86, "Total Cost": 272970.88, "Plan Rows": 1, "Plan Width": 97, "Plans": [{"Node Type": "Streaming(type: LOCAL GATHER dop: 1/16)", "Parent Relationship": "Outer", "Startup Cost": 272970.86, "Total Cost": 272970.88, "Plan Rows": 1, "Plan Width": 97, "Plans": [{"Node Type": "Aggregate", "Strategy": "Plain", "Parent Relationship": "Outer", "Startup Cost": 272970.86, "Total Cost": 272970.87, "Plan Rows": 1, "Plan Width": 97, "Plans": [{"Node Type": "Hash Join", "Parent Relationship": "Outer", "Join Type": "Inner", "Startup Cost": 129833.14, "Total Cost": 268123.79, "Plan Rows": 969413, "Plan Width": 33, "Inner Unique": true, "Hash Cond": "(mc.movie_id = t.id), (LLVM Optimized)", "Plans": [{"Node Type": "Streaming(type: LOCAL REDISTRIBUTE dop: 16/16)", "Parent Relationship": "Outer", "Startup Cost": 118272.9, "Total Cost": 255793.67, "Plan Rows": 699731, "Plan Width": 24, "Plans": [{"Node Type": "Nested Loop", "Parent Relationship": "Outer", "Join Type": "Inner", "Startup Cost": 118272.9, "Total Cost": 238142.35, "Plan Rows": 699731, "Plan Width": 24, "Inner Unique": true, "Join Filter": "(mc.company_type_id = ct.id), (LLVM Optimized)", "Plans": [{"Node Type": "Hash Join", "Parent Relationship": "Outer", "Join Type": "Inner", "Startup Cost": 118272.9, "Total Cost": 221172.28, "Plan Rows": 699731, "Plan Width": 28, "Inner Unique": true, "Hash Cond": "(ci.person_role_id = chn.id), (LLVM Optimized)", "Plans": [{"Node Type": "Streaming(type: LOCAL REDISTRIBUTE dop: 16/16)", "Parent Relationship": "Outer", "Startup Cost": 104290.19, "Total Cost": 206413.94, "Plan Rows": 1443440, "Plan Width": 16, "Plans": [{"Node Type": "Hash Join", "Parent Relationship": "Outer", "Join Type": "Inner", "Startup Cost": 104290.19, "Total Cost": 185944.65, "Plan Rows": 1443440, "Plan Width": 16, "Inner Unique": false, "Hash Cond": "(ci.movie_id = mc.movie_id), (LLVM Optimized)", "Plans": [{"Node Type": "Streaming(type: LOCAL REDISTRIBUTE dop: 16/16)", "Parent Relationship": "Outer", "Startup Cost": 15005.41, "Total Cost": 94859.97, "Plan Rows": 1436424, "Plan Width": 8, "Plans": [{"Node Type": "Hash Join", "Parent Relationship": "Outer", "Join Type": "Inner", "Startup Cost": 15005.41, "Total Cost": 74417.27, "Plan Rows": 1436424, "Plan Width": 8, "Inner Unique": true, "Hash Cond": "(ci.role_id = rt.id), (LLVM Optimized)", "Plans": [{"Node Type": "Seq Scan", "Parent Relationship": "Outer", "Relation Name": "cast_info", "Alias": "ci", "Startup Cost": 0.0, "Total Cost": 58282.92, "Plan Rows": 1436424, "Plan Width": 12, "Filter": "((note)::text ~~ '%(producer)%'::text), (LLVM Optimized)"}, {"Node Type": "Hash", "Parent Relationship": "Inner", "Startup Cost": 15005.26, "Total Cost": 15005.26, "Plan Rows": 192, "Plan Width": 4, "Plans": [{"Node Type": "Streaming(type: BROADCAST dop: 16/1)", "Parent Relationship": "Outer", "Startup Cost": 0.0, "Total Cost": 15005.26, "Plan Rows": 192, "Plan Width": 4, "Plans": [{"Node Type": "Seq Scan", "Parent Relationship": "Outer", "Relation Name": "role_type", "Alias": "rt", "Startup Cost": 0.0, "Total Cost": 1.12, "Plan Rows": 12, "Plan Width": 4}]}]}]}]}, {"Node Type": "Hash", "Parent Relationship": "Inner", "Startup Cost": 88282.97, "Total Cost": 88282.97, "Plan Rows": 1282311, "Plan Width": 8, "Plans": [{"Node Type": "Streaming(type: LOCAL REDISTRIBUTE dop: 16/16)", "Parent Relationship": "Outer", "Startup Cost": 24511.53, "Total Cost": 88282.97, "Plan Rows": 1282311, "Plan Width": 8, "Plans": [{"Node Type": "Hash Join", "Parent Relationship": "Outer", "Join Type": "Inner", "Startup Cost": 24511.53, "Total Cost": 68424.21, "Plan Rows": 1282311, "Plan Width": 8, "Inner Unique": true, "Hash Cond": "(mc.company_id = cn.id), (LLVM Optimized)", "Plans": [{"Node Type": "Streaming(type: LOCAL REDISTRIBUTE dop: 16/16)", "Parent Relationship": "Outer", "Startup Cost": 0.0, "Total Cost": 42499.73, "Plan Rows": 2609128, "Plan Width": 12, "Plans": [{"Node Type": "Seq Scan", "Parent Relationship": "Outer", "Relation Name": "movie_companies", "Alias": "mc", "Startup Cost": 0.0, "Total Cost": 17613.58, "Plan Rows": 2609128, "Plan Width": 12}]}, {"Node Type": "Hash", "Parent Relationship": "Inner", "Startup Cost": 24444.99, "Total Cost": 24444.99, "Plan Rows": 85170, "Plan Width": 4, "Plans": [{"Node Type": "Streaming(type: LOCAL REDISTRIBUTE dop: 16/1)", "Parent Relationship": "Outer", "Startup Cost": 0.0, "Total Cost": 24444.99, "Plan Rows": 85170, "Plan Width": 4, "Plans": [{"Node Type": "Seq Scan", "Parent Relationship": "Outer", "Relation Name": "company_name", "Alias": "cn", "Startup Cost": 0.0, "Total Cost": 5903.45, "Plan Rows": 85170, "Plan Width": 4, "Filter": "((country_code)::text = '[us]'::text)"}]}]}]}]}]}]}]}, {"Node Type": "Hash", "Parent Relationship": "Inner", "Startup Cost": 46117.27, "Total Cost": 46117.27, "Plan Rows": 3140338, "Plan Width": 20, "Plans": [{"Node Type": "Streaming(type: LOCAL REDISTRIBUTE dop: 16/16)", "Parent Relationship": "Outer", "Startup Cost": 0.0, "Total Cost": 46117.27, "Plan Rows": 3140338, "Plan Width": 20, "Plans": [{"Node Type": "Seq Scan", "Parent Relationship": "Outer", "Relation Name": "char_name", "Alias": "chn", "Startup Cost": 0.0, "Total Cost": 19218.34, "Plan Rows": 3140338, "Plan Width": 20}]}]}]}, {"Node Type": "Materialize", "Parent Relationship": "Inner", "Startup Cost": 0.0, "Total Cost": 15002.08, "Plan Rows": 48, "Plan Width": 4, "Plans": [{"Node Type": "Streaming(type: BROADCAST dop: 16/1)", "Parent Relationship": "Outer", "Startup Cost": 0.0, "Total Cost": 15002.07, "Plan Rows": 48, "Plan Width": 4, "Plans": [{"Node Type": "Seq Scan", "Parent Relationship": "Outer", "Relation Name": "company_type", "Alias": "ct", "Startup Cost": 0.0, "Total Cost": 1.03, "Plan Rows": 3, "Plan Width": 4}]}]}]}]}, {"Node Type": "Hash", "Parent Relationship": "Inner", "Startup Cost": 40775.83, "Total Cost": 40775.83, "Plan Rows": 1748840, "Plan Width": 21, "Plans": [{"Node Type": "Streaming(type: LOCAL REDISTRIBUTE dop: 16/16)", "Parent Relationship": "Outer", "Startup Cost": 0.0, "Total Cost": 40775.83, "Plan Rows": 1748840, "Plan Width": 21, "Plans": [{"Node Type": "Seq Scan", "Parent Relationship": "Outer", "Relation Name": "title", "Alias": "t", "Startup Cost": 0.0, "Total Cost": 19149.37, "Plan Rows": 1748840, "Plan Width": 21, "Filter": "(production_year > 1990), (LLVM Optimized)"}]}]}]}]}]}]}, "Unique SQL Id": 3145361615}, "explain_analyze_plan": {"Plan": {"Node Type": "Aggregate", "Strategy": "Plain", "Startup Cost": 272970.86, "Total Cost": 272970.88, "Plan Rows": 1, "Plan Width": 97, "Actual Min Startup Time": 1851.442, "Actual Max Startup Time": 1851.442, "Actual Min Total Time": 1851.442, "Actual Max Total Time": 1851.442, "Actual Total Rows": 1, "Plans": [{"Node Type": "Streaming(type: LOCAL GATHER dop: 1/16)", "Parent Relationship": "Outer", "Startup Cost": 272970.86, "Total Cost": 272970.88, "Plan Rows": 1, "Plan Width": 97, "Actual Min Startup Time": 1850.571, "Actual Max Startup Time": 1850.571, "Actual Min Total Time": 1851.421, "Actual Max Total Time": 1851.421, "Actual Total Rows": 16, "Plans": [{"Node Type": "Aggregate", "Strategy": "Plain", "Parent Relationship": "Outer", "Startup Cost": 272970.86, "Total Cost": 272970.87, "Plan Rows": 1, "Plan Width": 97, "Actual Min Startup Time": 1528.987, "Actual Max Startup Time": 1703.473, "Actual Min Total Time": 1528.988, "Actual Max Total Time": 1703.473, "Actual Total Rows": 16, "Plans": [{"Node Type": "Hash Join", "Parent Relationship": "Outer", "Join Type": "Inner", "Startup Cost": 129833.14, "Total Cost": 268123.79, "Plan Rows": 969413, "Plan Width": 33, "Actual Min Startup Time": 1526.266, "Actual Max Startup Time": 1700.688, "Actual Min Total Time": 1528.951, "Actual Max Total Time": 1703.451, "Actual Total Rows": 4, "Inner Unique": true, "Hash Cond": "(mc.movie_id = t.id), (LLVM Optimized, Jit Execute)", "Plans": [{"Node Type": "Streaming(type: LOCAL REDISTRIBUTE dop: 16/16)", "Parent Relationship": "Outer", "Startup Cost": 118272.9, "Total Cost": 255793.67, "Plan Rows": 699731, "Plan Width": 24, "Actual Min Startup Time": 1276.696, "Actual Max Startup Time": 1279.511, "Actual Min Total Time": 1279.291, "Actual Max Total Time": 1279.511, "Actual Total Rows": 6, "Plans": [{"Node Type": "Nested Loop", "Parent Relationship": "Outer", "Join Type": "Inner", "Startup Cost": 118272.9, "Total Cost": 238142.35, "Plan Rows": 699731, "Plan Width": 24, "Actual Min Startup Time": 1525.547, "Actual Max Startup Time": 1741.741, "Actual Min Total Time": 1530.314, "Actual Max Total Time": 1741.741, "Actual Total Rows": 6, "Inner Unique": true, "Join Filter": "(mc.company_type_id = ct.id), (LLVM Optimized, Jit Execute)", "Rows Removed by Join Filter": 24, "Plans": [{"Node Type": "Hash Join", "Parent Relationship": "Outer", "Join Type": "Inner", "Startup Cost": 118272.9, "Total Cost": 221172.28, "Plan Rows": 699731, "Plan Width": 28, "Actual Min Startup Time": 1525.521, "Actual Max Startup Time": 1698.406, "Actual Min Total Time": 1528.408, "Actual Max Total Time": 1698.406, "Actual Total Rows": 14, "Inner Unique": true, "Hash Cond": "(ci.person_role_id = chn.id), (LLVM Optimized, Jit Execute)", "Plans": [{"Node Type": "Streaming(type: LOCAL REDISTRIBUTE dop: 16/16)", "Parent Relationship": "Outer", "Startup Cost": 104290.19, "Total Cost": 206413.94, "Plan Rows": 1443440, "Plan Width": 16, "Actual Min Startup Time": 267.19, "Actual Max Startup Time": 1139.907, "Actual Min Total Time": 1010.82, "Actual Max Total Time": 1139.907, "Actual Total Rows": 1210267, "Plans": [{"Node Type": "Hash Join", "Parent Relationship": "Outer", "Join Type": "Inner", "Startup Cost": 104290.19, "Total Cost": 185944.65, "Plan Rows": 1443440, "Plan Width": 16, "Actual Min Startup Time": 654.515, "Actual Max Startup Time": 766.246, "Actual Min Total Time": 1227.175, "Actual Max Total Time": 1347.946, "Actual Total Rows": 1210267, "Inner Unique": false, "Hash Cond": "(ci.movie_id = mc.movie_id), (LLVM Optimized, Jit Execute)", "Plans": [{"Node Type": "Streaming(type: LOCAL REDISTRIBUTE dop: 16/16)", "Parent Relationship": "Outer", "Startup Cost": 15005.41, "Total Cost": 94859.97, "Plan Rows": 1436424, "Plan Width": 8, "Actual Min Startup Time": 0.061, "Actual Max Startup Time": 2.164, "Actual Min Total Time": 507.946, "Actual Max Total Time": 533.999, "Actual Total Rows": 1435439, "Plans": [{"Node Type": "Hash Join", "Parent Relationship": "Outer", "Join Type": "Inner", "Startup Cost": 15005.41, "Total Cost": 74417.27, "Plan Rows": 1436424, "Plan Width": 8, "Actual Min Startup Time": 44.415, "Actual Max Startup Time": 359.164, "Actual Min Total Time": 727.868, "Actual Max Total Time": 791.24, "Actual Total Rows": 1435439, "Inner Unique": true, "Hash Cond": "(ci.role_id = rt.id), (LLVM Optimized, Jit Execute)", "Plans": [{"Node Type": "Seq Scan", "Parent Relationship": "Outer", "Relation Name": "cast_info", "Alias": "ci", "Startup Cost": 0.0, "Total Cost": 58282.92, "Plan Rows": 1436424, "Plan Width": 12, "Actual Min Startup Time": 44.315, "Actual Max Startup Time": 359.045, "Actual Min Total Time": 683.134, "Actual Max Total Time": 746.581, "Actual Total Rows": 1435439, "Filter": "((note)::text ~~ '%(producer)%'::text), (LLVM Optimized, Jit Execute)", "Rows Removed by Filter": 34808904}, {"Node Type": "Hash", "Parent Relationship": "Inner", "Startup Cost": 15005.26, "Total Cost": 15005.26, "Plan Rows": 192, "Plan Width": 4, "Actual Min Startup Time": 0.018, "Actual Max Startup Time": 0.098, "Actual Min Total Time": 0.018, "Actual Max Total Time": 0.098, "Actual Total Rows": 192, "Max Hash Buckets": 32768, "Min Hash Buckets": 32768, "Max Hash Batches": 1, "Min Hash Batches": 1, "Max Original Hash Batches": 1, "Min Original Hash Batches": 1, "Max Peak Memory Usage": 1, "min Peak Memory Usage": 1, "Plans": [{"Node Type": "Streaming(type: BROADCAST dop: 16/1)", "Parent Relationship": "Outer", "Startup Cost": 0.0, "Total Cost": 15005.26, "Plan Rows": 192, "Plan Width": 4, "Actual Min Startup Time": 0.005, "Actual Max Startup Time": 0.016, "Actual Min Total Time": 0.006, "Actual Max Total Time": 0.019, "Actual Total Rows": 192, "Plans": [{"Node Type": "Seq Scan", "Parent Relationship": "Outer", "Relation Name": "role_type", "Alias": "rt", "Startup Cost": 0.0, "Total Cost": 1.12, "Plan Rows": 12, "Plan Width": 4, "Actual Min Startup Time": 0.012, "Actual Max Startup Time": 0.012, "Actual Min Total Time": 0.017, "Actual Max Total Time": 0.017, "Actual Total Rows": 12}]}]}]}]}, {"Node Type": "Hash", "Parent Relationship": "Inner", "Startup Cost": 88282.97, "Total Cost": 88282.97, "Plan Rows": 1282311, "Plan Width": 8, "Actual Min Startup Time": 654.343, "Actual Max Startup Time": 766.036, "Actual Min Total Time": 654.343, "Actual Max Total Time": 766.036, "Actual Total Rows": 1153797, "Max Hash Buckets": 131072, "Min Hash Buckets": 131072, "Max Hash Batches": 1, "Min Hash Batches": 1, "Max Original Hash Batches": 1, "Min Original Hash Batches": 1, "Max Peak Memory Usage": 2824, "min Peak Memory Usage": 2824, "Plans": [{"Node Type": "Streaming(type: LOCAL REDISTRIBUTE dop: 16/16)", "Parent Relationship": "Outer", "Startup Cost": 24511.53, "Total Cost": 88282.97, "Plan Rows": 1282311, "Plan Width": 8, "Actual Min Startup Time": 210.935, "Actual Max Startup Time": 322.34, "Actual Min Total Time": 636.024, "Actual Max Total Time": 745.671, "Actual Total Rows": 1153797, "Plans": [{"Node Type": "Hash Join", "Parent Relationship": "Outer", "Join Type": "Inner", "Startup Cost": 24511.53, "Total Cost": 68424.21, "Plan Rows": 1282311, "Plan Width": 8, "Actual Min Startup Time": 208.859, "Actual Max Startup Time": 395.904, "Actual Min Total Time": 531.724, "Actual Max Total Time": 761.672, "Actual Total Rows": 1153797, "Inner Unique": true, "Hash Cond": "(mc.company_id = cn.id), (LLVM Optimized, Jit Execute)", "Plans": [{"Node Type": "Streaming(type: LOCAL REDISTRIBUTE dop: 16/16)", "Parent Relationship": "Outer", "Startup Cost": 0.0, "Total Cost": 42499.73, "Plan Rows": 2609128, "Plan Width": 12, "Actual Min Startup Time": 0.057, "Actual Max Startup Time": 1.428, "Actual Min Total Time": 262.232, "Actual Max Total Time": 340.091, "Actual Total Rows": 2609128, "Plans": [{"Node Type": "Seq Scan", "Parent Relationship": "Outer", "Relation Name": "movie_companies", "Alias": "mc", "Startup Cost": 0.0, "Total Cost": 17613.58, "Plan Rows": 2609128, "Plan Width": 12, "Actual Min Startup Time": 0.026, "Actual Max Startup Time": 0.043, "Actual Min Total Time": 41.08, "Actual Max Total Time": 51.061, "Actual Total Rows": 2609128}]}, {"Node Type": "Hash", "Parent Relationship": "Inner", "Startup Cost": 24444.99, "Total Cost": 24444.99, "Plan Rows": 85170, "Plan Width": 4, "Actual Min Startup Time": 208.731, "Actual Max Startup Time": 394.761, "Actual Min Total Time": 208.731, "Actual Max Total Time": 394.761, "Actual Total Rows": 84843, "Max Hash Buckets": 32768, "Min Hash Buckets": 32768, "Max Hash Batches": 1, "Min Hash Batches": 1, "Max Original Hash Batches": 1, "Min Original Hash Batches": 1, "Max Peak Memory Usage": 182, "min Peak Memory Usage": 182, "Plans": [{"Node Type": "Streaming(type: LOCAL REDISTRIBUTE dop: 16/1)", "Parent Relationship": "Outer", "Startup Cost": 0.0, "Total Cost": 24444.99, "Plan Rows": 85170, "Plan Width": 4, "Actual Min Startup Time": 0.043, "Actual Max Startup Time": 186.918, "Actual Min Total Time": 206.926, "Actual Max Total Time": 392.009, "Actual Total Rows": 84843, "Plans": [{"Node Type": "Seq Scan", "Parent Relationship": "Outer", "Relation Name": "company_name", "Alias": "cn", "Startup Cost": 0.0, "Total Cost": 5903.45, "Plan Rows": 85170, "Plan Width": 4, "Actual Min Startup Time": 0.05, "Actual Max Startup Time": 0.05, "Actual Min Total Time": 99.773, "Actual Max Total Time": 99.773, "Actual Total Rows": 84843, "Filter": "((country_code)::text = '[us]'::text)", "Rows Removed by Filter": 150153}]}]}]}]}]}]}]}, {"Node Type": "Hash", "Parent Relationship": "Inner", "Startup Cost": 46117.27, "Total Cost": 46117.27, "Plan Rows": 3140338, "Plan Width": 20, "Actual Min Startup Time": 388.375, "Actual Max Startup Time": 558.238, "Actual Min Total Time": 388.375, "Actual Max Total Time": 558.238, "Actual Total Rows": 3140338, "Max Hash Buckets": 262144, "Min Hash Buckets": 262144, "Max Hash Batches": 1, "Min Hash Batches": 1, "Max Original Hash Batches": 1, "Min Original Hash Batches": 1, "Max Peak Memory Usage": 10347, "min Peak Memory Usage": 10347, "Plans": [{"Node Type": "Streaming(type: LOCAL REDISTRIBUTE dop: 16/16)", "Parent Relationship": "Outer", "Startup Cost": 0.0, "Total Cost": 46117.27, "Plan Rows": 3140338, "Plan Width": 20, "Actual Min Startup Time": 0.051, "Actual Max Startup Time": 17.737, "Actual Min Total Time": 300.722, "Actual Max Total Time": 467.746, "Actual Total Rows": 3140338, "Plans": [{"Node Type": "Seq Scan", "Parent Relationship": "Outer", "Relation Name": "char_name", "Alias": "chn", "Startup Cost": 0.0, "Total Cost": 19218.34, "Plan Rows": 3140338, "Plan Width": 20, "Actual Min Startup Time": 0.018, "Actual Max Startup Time": 0.033, "Actual Min Total Time": 57.62, "Actual Max Total Time": 68.173, "Actual Total Rows": 3140338}]}]}]}, {"Node Type": "Materialize", "Parent Relationship": "Inner", "Startup Cost": 0.0, "Total Cost": 15002.08, "Plan Rows": 48, "Plan Width": 4, "Actual Min Startup Time": 0.008, "Actual Max Startup Time": 41.332, "Actual Min Total Time": 0.008, "Actual Max Total Time": 41.332, "Actual Total Rows": 46, "Plans": [{"Node Type": "Streaming(type: BROADCAST dop: 16/1)", "Parent Relationship": "Outer", "Startup Cost": 0.0, "Total Cost": 15002.07, "Plan Rows": 48, "Plan Width": 4, "Actual Min Startup Time": 0.004, "Actual Max Startup Time": 41.324, "Actual Min Total Time": 0.005, "Actual Max Total Time": 41.326, "Actual Total Rows": 48, "Plans": [{"Node Type": "Seq Scan", "Parent Relationship": "Outer", "Relation Name": "company_type", "Alias": "ct", "Startup Cost": 0.0, "Total Cost": 1.03, "Plan Rows": 3, "Plan Width": 4, "Actual Min Startup Time": 0.01, "Actual Max Startup Time": 0.01, "Actual Min Total Time": 0.012, "Actual Max Total Time": 0.012, "Actual Total Rows": 3}]}]}]}]}, {"Node Type": "Hash", "Parent Relationship": "Inner", "Startup Cost": 40775.83, "Total Cost": 40775.83, "Plan Rows": 1748840, "Plan Width": 21, "Actual Min Startup Time": 249.391, "Actual Max Startup Time": 423.825, "Actual Min Total Time": 249.391, "Actual Max Total Time": 423.825, "Actual Total Rows": 1749032, "Max Hash Buckets": 131072, "Min Hash Buckets": 131072, "Max Hash Batches": 1, "Min Hash Batches": 1, "Max Original Hash Batches": 1, "Min Original Hash Batches": 1, "Max Peak Memory Usage": 5875, "min Peak Memory Usage": 5875, "Plans": [{"Node Type": "Streaming(type: LOCAL REDISTRIBUTE dop: 16/16)", "Parent Relationship": "Outer", "Startup Cost": 0.0, "Total Cost": 40775.83, "Plan Rows": 1748840, "Plan Width": 21, "Actual Min Startup Time": 0.055, "Actual Max Startup Time": 38.555, "Actual Min Total Time": 207.495, "Actual Max Total Time": 386.837, "Actual Total Rows": 1749032, "Plans": [{"Node Type": "Seq Scan", "Parent Relationship": "Outer", "Relation Name": "title", "Alias": "t", "Startup Cost": 0.0, "Total Cost": 19149.37, "Plan Rows": 1748840, "Plan Width": 21, "Actual Min Startup Time": 0.031, "Actual Max Startup Time": 0.05, "Actual Min Total Time": 64.362, "Actual Max Total Time": 71.656, "Actual Total Rows": 1749032, "Filter": "(production_year > 1990), (LLVM Optimized, Jit Execute)", "Rows Removed by Filter": 779279}]}]}]}]}]}]}, "Triggers": [], "Planner Runtime": 87.81, "Total Runtime": 1891.157, "Unique SQL Id": 3145361615}}, "(16, 7)": {"explain_plan": {"Plan": {"Node Type": "Aggregate", "Strategy": "Plain", "Startup Cost": 1963906.79, "Total Cost": 1963906.8, "Plan Rows": 1, "Plan Width": 97, "Plans": [{"Node Type": "Hash Join", "Parent Relationship": "Outer", "Join Type": "Inner", "Startup Cost": 1218973.64, "Total Cost": 1959059.72, "Plan Rows": 969413, "Plan Width": 33, "Inner Unique": true, "Hash Cond": "(mc.company_type_id = ct.id), (LLVM Optimized)", "Plans": [{"Node Type": "Hash Join", "Parent Relationship": "Outer", "Join Type": "Inner", "Startup Cost": 1218961.31, "Total Cost": 1945717.96, "Plan Rows": 969413, "Plan Width": 37, "Inner Unique": false, "Hash Cond": "(ci.movie_id = t.id), (LLVM Optimized)", "Plans": [{"Node Type": "Hash Join", "Parent Relationship": "Outer", "Join Type": "Inner", "Startup Cost": 909656.04, "Total Cost": 1624107.14, "Plan Rows": 696330, "Plan Width": 20, "Inner Unique": true, "Hash Cond": "(ci.role_id = rt.id), (LLVM Optimized)", "Plans": [{"Node Type": "Hash Join", "Parent Relationship": "Outer", "Join Type": "Inner", "Startup Cost": 909643.46, "Total Cost": 1614520.02, "Plan Rows": 696330, "Plan Width": 24, "Inner Unique": true, "Hash Cond": "(ci.person_role_id = chn.id), (LLVM Optimized)", "Plans": [{"Node Type": "Bitmap Heap Scan", "Parent Relationship": "Outer", "Relation Name": "cast_info", "Alias": "ci", "Startup Cost": 739944.83, "Total Cost": 1432471.5, "Plan Rows": 1436424, "Plan Width": 12, "Filter": "((note)::text ~~ '%(producer)%'::text), (LLVM Optimized)", "Plans": [{"Node Type": "Bitmap Index Scan", "Parent Relationship": "Outer", "Index Name": "person_role_id_cast_info", "Startup Cost": 0.0, "Total Cost": 739585.72, "Plan Rows": 36259494, "Plan Width": 0}]}, {"Node Type": "Hash", "Parent Relationship": "Inner", "Startup Cost": 130444.4, "Total Cost": 130444.4, "Plan Rows": 3140338, "Plan Width": 20, "Plans": [{"Node Type": "Bitmap Heap Scan", "Parent Relationship": "Outer", "Relation Name": "char_name", "Alias": "chn", "Startup Cost": 62951.02, "Total Cost": 130444.4, "Plan Rows": 3140338, "Plan Width": 20, "Plans": [{"Node Type": "Bitmap Index Scan", "Parent Relationship": "Outer", "Index Name": "char_name_pkey", "Startup Cost": 0.0, "Total Cost": 62165.94, "Plan Rows": 3140338, "Plan Width": 0}]}]}]}, {"Node Type": "Hash", "Parent Relationship": "Inner", "Startup Cost": 12.43, "Total Cost": 12.43, "Plan Rows": 12, "Plan Width": 4, "Plans": [{"Node Type": "Bitmap Heap Scan", "Parent Relationship": "Outer", "Relation Name": "role_type", "Alias": "rt", "Startup Cost": 8.31, "Total Cost": 12.43, "Plan Rows": 12, "Plan Width": 4, "Plans": [{"Node Type": "Bitmap Index Scan", "Parent Relationship": "Outer", "Index Name": "role_type_pkey", "Startup Cost": 0.0, "Total Cost": 8.31, "Plan Rows": 12, "Plan Width": 0}]}]}]}, {"Node Type": "Hash", "Parent Relationship": "Inner", "Startup Cost": 287098.71, "Total Cost": 287098.71, "Plan Rows": 1776525, "Plan Width": 29, "Plans": [{"Node Type": "Hash Join", "Parent Relationship": "Outer", "Join Type": "Inner", "Startup Cost": 200100.17, "Total Cost": 287098.71, "Plan Rows": 1776525, "Plan Width": 29, "Inner Unique": true, "Hash Cond": "(mc.movie_id = t.id), (LLVM Optimized)", "Plans": [{"Node Type": "Hash Join", "Parent Relationship": "Outer", "Join Type": "Inner", "Startup Cost": 61758.77, "Total Cost": 126183.39, "Plan Rows": 1282311, "Plan Width": 8, "Inner Unique": true, "Hash Cond": "(mc.company_id = cn.id), (LLVM Optimized)", "Plans": [{"Node Type": "Bitmap Heap Scan", "Parent Relationship": "Outer", "Relation Name": "movie_companies", "Alias": "mc", "Startup Cost": 51990.17, "Total Cost": 93807.45, "Plan Rows": 2609128, "Plan Width": 12, "Plans": [{"Node Type": "Bitmap Index Scan", "Parent Relationship": "Outer", "Index Name": "movie_id_movie_companies", "Startup Cost": 0.0, "Total Cost": 51337.89, "Plan Rows": 2609128, "Plan Width": 0}]}, {"Node Type": "Hash", "Parent Relationship": "Inner", "Startup Cost": 8703.97, "Total Cost": 8703.97, "Plan Rows": 85170, "Plan Width": 4, "Plans": [{"Node Type": "Bitmap Heap Scan", "Parent Relationship": "Outer", "Relation Name": "company_name", "Alias": "cn", "Startup Cost": 2800.52, "Total Cost": 8703.97, "Plan Rows": 85170, "Plan Width": 4, "Filter": "((country_code)::text = '[us]'::text)", "Plans": [{"Node Type": "Bitmap Index Scan", "Parent Relationship": "Outer", "Index Name": "company_name_pkey", "Startup Cost": 0.0, "Total Cost": 2779.23, "Plan Rows": 234996, "Plan Width": 0}]}]}]}, {"Node Type": "Hash", "Parent Relationship": "Inner", "Startup Cost": 116480.9, "Total Cost": 116480.9, "Plan Rows": 1748840, "Plan Width": 21, "Plans": [{"Node Type": "Bitmap Heap Scan", "Parent Relationship": "Outer", "Relation Name": "title", "Alias": "t", "Startup Cost": 50091.01, "Total Cost": 116480.9, "Plan Rows": 1748840, "Plan Width": 21, "Filter": "(production_year > 1990), (LLVM Optimized)", "Plans": [{"Node Type": "Bitmap Index Scan", "Parent Relationship": "Outer", "Index Name": "title_pkey", "Startup Cost": 0.0, "Total Cost": 49653.81, "Plan Rows": 2528311, "Plan Width": 0}]}]}]}]}]}, {"Node Type": "Hash", "Parent Relationship": "Inner", "Startup Cost": 12.3, "Total Cost": 12.3, "Plan Rows": 3, "Plan Width": 4, "Plans": [{"Node Type": "Bitmap Heap Scan", "Parent Relationship": "Outer", "Relation Name": "company_type", "Alias": "ct", "Startup Cost": 8.27, "Total Cost": 12.3, "Plan Rows": 3, "Plan Width": 4, "Plans": [{"Node Type": "Bitmap Index Scan", "Parent Relationship": "Outer", "Index Name": "company_type_pkey", "Startup Cost": 0.0, "Total Cost": 8.27, "Plan Rows": 3, "Plan Width": 0}]}]}]}]}, "Unique SQL Id": 3145361615}, "explain_analyze_plan": null}, "(16, 8)": {"explain_plan": {"Plan": {"Node Type": "Aggregate", "Strategy": "Plain", "Startup Cost": 272970.86, "Total Cost": 272970.88, "Plan Rows": 1, "Plan Width": 97, "Plans": [{"Node Type": "Streaming(type: LOCAL GATHER dop: 1/16)", "Parent Relationship": "Outer", "Startup Cost": 272970.86, "Total Cost": 272970.88, "Plan Rows": 1, "Plan Width": 97, "Plans": [{"Node Type": "Aggregate", "Strategy": "Plain", "Parent Relationship": "Outer", "Startup Cost": 272970.86, "Total Cost": 272970.87, "Plan Rows": 1, "Plan Width": 97, "Plans": [{"Node Type": "Hash Join", "Parent Relationship": "Outer", "Join Type": "Inner", "Startup Cost": 129833.14, "Total Cost": 268123.79, "Plan Rows": 969413, "Plan Width": 33, "Inner Unique": true, "Hash Cond": "(mc.movie_id = t.id), (LLVM Optimized)", "Plans": [{"Node Type": "Streaming(type: LOCAL REDISTRIBUTE dop: 16/16)", "Parent Relationship": "Outer", "Startup Cost": 118272.9, "Total Cost": 255793.67, "Plan Rows": 699731, "Plan Width": 24, "Plans": [{"Node Type": "Nested Loop", "Parent Relationship": "Outer", "Join Type": "Inner", "Startup Cost": 118272.9, "Total Cost": 238142.35, "Plan Rows": 699731, "Plan Width": 24, "Inner Unique": true, "Join Filter": "(mc.company_type_id = ct.id), (LLVM Optimized)", "Plans": [{"Node Type": "Hash Join", "Parent Relationship": "Outer", "Join Type": "Inner", "Startup Cost": 118272.9, "Total Cost": 221172.28, "Plan Rows": 699731, "Plan Width": 28, "Inner Unique": true, "Hash Cond": "(ci.person_role_id = chn.id), (LLVM Optimized)", "Plans": [{"Node Type": "Streaming(type: LOCAL REDISTRIBUTE dop: 16/16)", "Parent Relationship": "Outer", "Startup Cost": 104290.19, "Total Cost": 206413.94, "Plan Rows": 1443440, "Plan Width": 16, "Plans": [{"Node Type": "Hash Join", "Parent Relationship": "Outer", "Join Type": "Inner", "Startup Cost": 104290.19, "Total Cost": 185944.65, "Plan Rows": 1443440, "Plan Width": 16, "Inner Unique": false, "Hash Cond": "(ci.movie_id = mc.movie_id), (LLVM Optimized)", "Plans": [{"Node Type": "Streaming(type: LOCAL REDISTRIBUTE dop: 16/16)", "Parent Relationship": "Outer", "Startup Cost": 15005.41, "Total Cost": 94859.97, "Plan Rows": 1436424, "Plan Width": 8, "Plans": [{"Node Type": "Hash Join", "Parent Relationship": "Outer", "Join Type": "Inner", "Startup Cost": 15005.41, "Total Cost": 74417.27, "Plan Rows": 1436424, "Plan Width": 8, "Inner Unique": true, "Hash Cond": "(ci.role_id = rt.id), (LLVM Optimized)", "Plans": [{"Node Type": "Seq Scan", "Parent Relationship": "Outer", "Relation Name": "cast_info", "Alias": "ci", "Startup Cost": 0.0, "Total Cost": 58282.92, "Plan Rows": 1436424, "Plan Width": 12, "Filter": "((note)::text ~~ '%(producer)%'::text), (LLVM Optimized)"}, {"Node Type": "Hash", "Parent Relationship": "Inner", "Startup Cost": 15005.26, "Total Cost": 15005.26, "Plan Rows": 192, "Plan Width": 4, "Plans": [{"Node Type": "Streaming(type: BROADCAST dop: 16/1)", "Parent Relationship": "Outer", "Startup Cost": 0.0, "Total Cost": 15005.26, "Plan Rows": 192, "Plan Width": 4, "Plans": [{"Node Type": "Seq Scan", "Parent Relationship": "Outer", "Relation Name": "role_type", "Alias": "rt", "Startup Cost": 0.0, "Total Cost": 1.12, "Plan Rows": 12, "Plan Width": 4}]}]}]}]}, {"Node Type": "Hash", "Parent Relationship": "Inner", "Startup Cost": 88282.97, "Total Cost": 88282.97, "Plan Rows": 1282311, "Plan Width": 8, "Plans": [{"Node Type": "Streaming(type: LOCAL REDISTRIBUTE dop: 16/16)", "Parent Relationship": "Outer", "Startup Cost": 24511.53, "Total Cost": 88282.97, "Plan Rows": 1282311, "Plan Width": 8, "Plans": [{"Node Type": "Hash Join", "Parent Relationship": "Outer", "Join Type": "Inner", "Startup Cost": 24511.53, "Total Cost": 68424.21, "Plan Rows": 1282311, "Plan Width": 8, "Inner Unique": true, "Hash Cond": "(mc.company_id = cn.id), (LLVM Optimized)", "Plans": [{"Node Type": "Streaming(type: LOCAL REDISTRIBUTE dop: 16/16)", "Parent Relationship": "Outer", "Startup Cost": 0.0, "Total Cost": 42499.73, "Plan Rows": 2609128, "Plan Width": 12, "Plans": [{"Node Type": "Seq Scan", "Parent Relationship": "Outer", "Relation Name": "movie_companies", "Alias": "mc", "Startup Cost": 0.0, "Total Cost": 17613.58, "Plan Rows": 2609128, "Plan Width": 12}]}, {"Node Type": "Hash", "Parent Relationship": "Inner", "Startup Cost": 24444.99, "Total Cost": 24444.99, "Plan Rows": 85170, "Plan Width": 4, "Plans": [{"Node Type": "Streaming(type: LOCAL REDISTRIBUTE dop: 16/1)", "Parent Relationship": "Outer", "Startup Cost": 0.0, "Total Cost": 24444.99, "Plan Rows": 85170, "Plan Width": 4, "Plans": [{"Node Type": "Seq Scan", "Parent Relationship": "Outer", "Relation Name": "company_name", "Alias": "cn", "Startup Cost": 0.0, "Total Cost": 5903.45, "Plan Rows": 85170, "Plan Width": 4, "Filter": "((country_code)::text = '[us]'::text)"}]}]}]}]}]}]}]}, {"Node Type": "Hash", "Parent Relationship": "Inner", "Startup Cost": 46117.27, "Total Cost": 46117.27, "Plan Rows": 3140338, "Plan Width": 20, "Plans": [{"Node Type": "Streaming(type: LOCAL REDISTRIBUTE dop: 16/16)", "Parent Relationship": "Outer", "Startup Cost": 0.0, "Total Cost": 46117.27, "Plan Rows": 3140338, "Plan Width": 20, "Plans": [{"Node Type": "Seq Scan", "Parent Relationship": "Outer", "Relation Name": "char_name", "Alias": "chn", "Startup Cost": 0.0, "Total Cost": 19218.34, "Plan Rows": 3140338, "Plan Width": 20}]}]}]}, {"Node Type": "Materialize", "Parent Relationship": "Inner", "Startup Cost": 0.0, "Total Cost": 15002.08, "Plan Rows": 48, "Plan Width": 4, "Plans": [{"Node Type": "Streaming(type: BROADCAST dop: 16/1)", "Parent Relationship": "Outer", "Startup Cost": 0.0, "Total Cost": 15002.07, "Plan Rows": 48, "Plan Width": 4, "Plans": [{"Node Type": "Seq Scan", "Parent Relationship": "Outer", "Relation Name": "company_type", "Alias": "ct", "Startup Cost": 0.0, "Total Cost": 1.03, "Plan Rows": 3, "Plan Width": 4}]}]}]}]}, {"Node Type": "Hash", "Parent Relationship": "Inner", "Startup Cost": 40775.83, "Total Cost": 40775.83, "Plan Rows": 1748840, "Plan Width": 21, "Plans": [{"Node Type": "Streaming(type: LOCAL REDISTRIBUTE dop: 16/16)", "Parent Relationship": "Outer", "Startup Cost": 0.0, "Total Cost": 40775.83, "Plan Rows": 1748840, "Plan Width": 21, "Plans": [{"Node Type": "Seq Scan", "Parent Relationship": "Outer", "Relation Name": "title", "Alias": "t", "Startup Cost": 0.0, "Total Cost": 19149.37, "Plan Rows": 1748840, "Plan Width": 21, "Filter": "(production_year > 1990), (LLVM Optimized)"}]}]}]}]}]}]}, "Unique SQL Id": 3145361615}, "explain_analyze_plan": {"Plan": {"Node Type": "Aggregate", "Strategy": "Plain", "Startup Cost": 272970.86, "Total Cost": 272970.88, "Plan Rows": 1, "Plan Width": 97, "Actual Min Startup Time": 1851.442, "Actual Max Startup Time": 1851.442, "Actual Min Total Time": 1851.442, "Actual Max Total Time": 1851.442, "Actual Total Rows": 1, "Plans": [{"Node Type": "Streaming(type: LOCAL GATHER dop: 1/16)", "Parent Relationship": "Outer", "Startup Cost": 272970.86, "Total Cost": 272970.88, "Plan Rows": 1, "Plan Width": 97, "Actual Min Startup Time": 1850.571, "Actual Max Startup Time": 1850.571, "Actual Min Total Time": 1851.421, "Actual Max Total Time": 1851.421, "Actual Total Rows": 16, "Plans": [{"Node Type": "Aggregate", "Strategy": "Plain", "Parent Relationship": "Outer", "Startup Cost": 272970.86, "Total Cost": 272970.87, "Plan Rows": 1, "Plan Width": 97, "Actual Min Startup Time": 1528.987, "Actual Max Startup Time": 1703.473, "Actual Min Total Time": 1528.988, "Actual Max Total Time": 1703.473, "Actual Total Rows": 16, "Plans": [{"Node Type": "Hash Join", "Parent Relationship": "Outer", "Join Type": "Inner", "Startup Cost": 129833.14, "Total Cost": 268123.79, "Plan Rows": 969413, "Plan Width": 33, "Actual Min Startup Time": 1526.266, "Actual Max Startup Time": 1700.688, "Actual Min Total Time": 1528.951, "Actual Max Total Time": 1703.451, "Actual Total Rows": 4, "Inner Unique": true, "Hash Cond": "(mc.movie_id = t.id), (LLVM Optimized, Jit Execute)", "Plans": [{"Node Type": "Streaming(type: LOCAL REDISTRIBUTE dop: 16/16)", "Parent Relationship": "Outer", "Startup Cost": 118272.9, "Total Cost": 255793.67, "Plan Rows": 699731, "Plan Width": 24, "Actual Min Startup Time": 1276.696, "Actual Max Startup Time": 1279.511, "Actual Min Total Time": 1279.291, "Actual Max Total Time": 1279.511, "Actual Total Rows": 6, "Plans": [{"Node Type": "Nested Loop", "Parent Relationship": "Outer", "Join Type": "Inner", "Startup Cost": 118272.9, "Total Cost": 238142.35, "Plan Rows": 699731, "Plan Width": 24, "Actual Min Startup Time": 1525.547, "Actual Max Startup Time": 1741.741, "Actual Min Total Time": 1530.314, "Actual Max Total Time": 1741.741, "Actual Total Rows": 6, "Inner Unique": true, "Join Filter": "(mc.company_type_id = ct.id), (LLVM Optimized, Jit Execute)", "Rows Removed by Join Filter": 24, "Plans": [{"Node Type": "Hash Join", "Parent Relationship": "Outer", "Join Type": "Inner", "Startup Cost": 118272.9, "Total Cost": 221172.28, "Plan Rows": 699731, "Plan Width": 28, "Actual Min Startup Time": 1525.521, "Actual Max Startup Time": 1698.406, "Actual Min Total Time": 1528.408, "Actual Max Total Time": 1698.406, "Actual Total Rows": 14, "Inner Unique": true, "Hash Cond": "(ci.person_role_id = chn.id), (LLVM Optimized, Jit Execute)", "Plans": [{"Node Type": "Streaming(type: LOCAL REDISTRIBUTE dop: 16/16)", "Parent Relationship": "Outer", "Startup Cost": 104290.19, "Total Cost": 206413.94, "Plan Rows": 1443440, "Plan Width": 16, "Actual Min Startup Time": 267.19, "Actual Max Startup Time": 1139.907, "Actual Min Total Time": 1010.82, "Actual Max Total Time": 1139.907, "Actual Total Rows": 1210267, "Plans": [{"Node Type": "Hash Join", "Parent Relationship": "Outer", "Join Type": "Inner", "Startup Cost": 104290.19, "Total Cost": 185944.65, "Plan Rows": 1443440, "Plan Width": 16, "Actual Min Startup Time": 654.515, "Actual Max Startup Time": 766.246, "Actual Min Total Time": 1227.175, "Actual Max Total Time": 1347.946, "Actual Total Rows": 1210267, "Inner Unique": false, "Hash Cond": "(ci.movie_id = mc.movie_id), (LLVM Optimized, Jit Execute)", "Plans": [{"Node Type": "Streaming(type: LOCAL REDISTRIBUTE dop: 16/16)", "Parent Relationship": "Outer", "Startup Cost": 15005.41, "Total Cost": 94859.97, "Plan Rows": 1436424, "Plan Width": 8, "Actual Min Startup Time": 0.061, "Actual Max Startup Time": 2.164, "Actual Min Total Time": 507.946, "Actual Max Total Time": 533.999, "Actual Total Rows": 1435439, "Plans": [{"Node Type": "Hash Join", "Parent Relationship": "Outer", "Join Type": "Inner", "Startup Cost": 15005.41, "Total Cost": 74417.27, "Plan Rows": 1436424, "Plan Width": 8, "Actual Min Startup Time": 44.415, "Actual Max Startup Time": 359.164, "Actual Min Total Time": 727.868, "Actual Max Total Time": 791.24, "Actual Total Rows": 1435439, "Inner Unique": true, "Hash Cond": "(ci.role_id = rt.id), (LLVM Optimized, Jit Execute)", "Plans": [{"Node Type": "Seq Scan", "Parent Relationship": "Outer", "Relation Name": "cast_info", "Alias": "ci", "Startup Cost": 0.0, "Total Cost": 58282.92, "Plan Rows": 1436424, "Plan Width": 12, "Actual Min Startup Time": 44.315, "Actual Max Startup Time": 359.045, "Actual Min Total Time": 683.134, "Actual Max Total Time": 746.581, "Actual Total Rows": 1435439, "Filter": "((note)::text ~~ '%(producer)%'::text), (LLVM Optimized, Jit Execute)", "Rows Removed by Filter": 34808904}, {"Node Type": "Hash", "Parent Relationship": "Inner", "Startup Cost": 15005.26, "Total Cost": 15005.26, "Plan Rows": 192, "Plan Width": 4, "Actual Min Startup Time": 0.018, "Actual Max Startup Time": 0.098, "Actual Min Total Time": 0.018, "Actual Max Total Time": 0.098, "Actual Total Rows": 192, "Max Hash Buckets": 32768, "Min Hash Buckets": 32768, "Max Hash Batches": 1, "Min Hash Batches": 1, "Max Original Hash Batches": 1, "Min Original Hash Batches": 1, "Max Peak Memory Usage": 1, "min Peak Memory Usage": 1, "Plans": [{"Node Type": "Streaming(type: BROADCAST dop: 16/1)", "Parent Relationship": "Outer", "Startup Cost": 0.0, "Total Cost": 15005.26, "Plan Rows": 192, "Plan Width": 4, "Actual Min Startup Time": 0.005, "Actual Max Startup Time": 0.016, "Actual Min Total Time": 0.006, "Actual Max Total Time": 0.019, "Actual Total Rows": 192, "Plans": [{"Node Type": "Seq Scan", "Parent Relationship": "Outer", "Relation Name": "role_type", "Alias": "rt", "Startup Cost": 0.0, "Total Cost": 1.12, "Plan Rows": 12, "Plan Width": 4, "Actual Min Startup Time": 0.012, "Actual Max Startup Time": 0.012, "Actual Min Total Time": 0.017, "Actual Max Total Time": 0.017, "Actual Total Rows": 12}]}]}]}]}, {"Node Type": "Hash", "Parent Relationship": "Inner", "Startup Cost": 88282.97, "Total Cost": 88282.97, "Plan Rows": 1282311, "Plan Width": 8, "Actual Min Startup Time": 654.343, "Actual Max Startup Time": 766.036, "Actual Min Total Time": 654.343, "Actual Max Total Time": 766.036, "Actual Total Rows": 1153797, "Max Hash Buckets": 131072, "Min Hash Buckets": 131072, "Max Hash Batches": 1, "Min Hash Batches": 1, "Max Original Hash Batches": 1, "Min Original Hash Batches": 1, "Max Peak Memory Usage": 2824, "min Peak Memory Usage": 2824, "Plans": [{"Node Type": "Streaming(type: LOCAL REDISTRIBUTE dop: 16/16)", "Parent Relationship": "Outer", "Startup Cost": 24511.53, "Total Cost": 88282.97, "Plan Rows": 1282311, "Plan Width": 8, "Actual Min Startup Time": 210.935, "Actual Max Startup Time": 322.34, "Actual Min Total Time": 636.024, "Actual Max Total Time": 745.671, "Actual Total Rows": 1153797, "Plans": [{"Node Type": "Hash Join", "Parent Relationship": "Outer", "Join Type": "Inner", "Startup Cost": 24511.53, "Total Cost": 68424.21, "Plan Rows": 1282311, "Plan Width": 8, "Actual Min Startup Time": 208.859, "Actual Max Startup Time": 395.904, "Actual Min Total Time": 531.724, "Actual Max Total Time": 761.672, "Actual Total Rows": 1153797, "Inner Unique": true, "Hash Cond": "(mc.company_id = cn.id), (LLVM Optimized, Jit Execute)", "Plans": [{"Node Type": "Streaming(type: LOCAL REDISTRIBUTE dop: 16/16)", "Parent Relationship": "Outer", "Startup Cost": 0.0, "Total Cost": 42499.73, "Plan Rows": 2609128, "Plan Width": 12, "Actual Min Startup Time": 0.057, "Actual Max Startup Time": 1.428, "Actual Min Total Time": 262.232, "Actual Max Total Time": 340.091, "Actual Total Rows": 2609128, "Plans": [{"Node Type": "Seq Scan", "Parent Relationship": "Outer", "Relation Name": "movie_companies", "Alias": "mc", "Startup Cost": 0.0, "Total Cost": 17613.58, "Plan Rows": 2609128, "Plan Width": 12, "Actual Min Startup Time": 0.026, "Actual Max Startup Time": 0.043, "Actual Min Total Time": 41.08, "Actual Max Total Time": 51.061, "Actual Total Rows": 2609128}]}, {"Node Type": "Hash", "Parent Relationship": "Inner", "Startup Cost": 24444.99, "Total Cost": 24444.99, "Plan Rows": 85170, "Plan Width": 4, "Actual Min Startup Time": 208.731, "Actual Max Startup Time": 394.761, "Actual Min Total Time": 208.731, "Actual Max Total Time": 394.761, "Actual Total Rows": 84843, "Max Hash Buckets": 32768, "Min Hash Buckets": 32768, "Max Hash Batches": 1, "Min Hash Batches": 1, "Max Original Hash Batches": 1, "Min Original Hash Batches": 1, "Max Peak Memory Usage": 182, "min Peak Memory Usage": 182, "Plans": [{"Node Type": "Streaming(type: LOCAL REDISTRIBUTE dop: 16/1)", "Parent Relationship": "Outer", "Startup Cost": 0.0, "Total Cost": 24444.99, "Plan Rows": 85170, "Plan Width": 4, "Actual Min Startup Time": 0.043, "Actual Max Startup Time": 186.918, "Actual Min Total Time": 206.926, "Actual Max Total Time": 392.009, "Actual Total Rows": 84843, "Plans": [{"Node Type": "Seq Scan", "Parent Relationship": "Outer", "Relation Name": "company_name", "Alias": "cn", "Startup Cost": 0.0, "Total Cost": 5903.45, "Plan Rows": 85170, "Plan Width": 4, "Actual Min Startup Time": 0.05, "Actual Max Startup Time": 0.05, "Actual Min Total Time": 99.773, "Actual Max Total Time": 99.773, "Actual Total Rows": 84843, "Filter": "((country_code)::text = '[us]'::text)", "Rows Removed by Filter": 150153}]}]}]}]}]}]}]}, {"Node Type": "Hash", "Parent Relationship": "Inner", "Startup Cost": 46117.27, "Total Cost": 46117.27, "Plan Rows": 3140338, "Plan Width": 20, "Actual Min Startup Time": 388.375, "Actual Max Startup Time": 558.238, "Actual Min Total Time": 388.375, "Actual Max Total Time": 558.238, "Actual Total Rows": 3140338, "Max Hash Buckets": 262144, "Min Hash Buckets": 262144, "Max Hash Batches": 1, "Min Hash Batches": 1, "Max Original Hash Batches": 1, "Min Original Hash Batches": 1, "Max Peak Memory Usage": 10347, "min Peak Memory Usage": 10347, "Plans": [{"Node Type": "Streaming(type: LOCAL REDISTRIBUTE dop: 16/16)", "Parent Relationship": "Outer", "Startup Cost": 0.0, "Total Cost": 46117.27, "Plan Rows": 3140338, "Plan Width": 20, "Actual Min Startup Time": 0.051, "Actual Max Startup Time": 17.737, "Actual Min Total Time": 300.722, "Actual Max Total Time": 467.746, "Actual Total Rows": 3140338, "Plans": [{"Node Type": "Seq Scan", "Parent Relationship": "Outer", "Relation Name": "char_name", "Alias": "chn", "Startup Cost": 0.0, "Total Cost": 19218.34, "Plan Rows": 3140338, "Plan Width": 20, "Actual Min Startup Time": 0.018, "Actual Max Startup Time": 0.033, "Actual Min Total Time": 57.62, "Actual Max Total Time": 68.173, "Actual Total Rows": 3140338}]}]}]}, {"Node Type": "Materialize", "Parent Relationship": "Inner", "Startup Cost": 0.0, "Total Cost": 15002.08, "Plan Rows": 48, "Plan Width": 4, "Actual Min Startup Time": 0.008, "Actual Max Startup Time": 41.332, "Actual Min Total Time": 0.008, "Actual Max Total Time": 41.332, "Actual Total Rows": 46, "Plans": [{"Node Type": "Streaming(type: BROADCAST dop: 16/1)", "Parent Relationship": "Outer", "Startup Cost": 0.0, "Total Cost": 15002.07, "Plan Rows": 48, "Plan Width": 4, "Actual Min Startup Time": 0.004, "Actual Max Startup Time": 41.324, "Actual Min Total Time": 0.005, "Actual Max Total Time": 41.326, "Actual Total Rows": 48, "Plans": [{"Node Type": "Seq Scan", "Parent Relationship": "Outer", "Relation Name": "company_type", "Alias": "ct", "Startup Cost": 0.0, "Total Cost": 1.03, "Plan Rows": 3, "Plan Width": 4, "Actual Min Startup Time": 0.01, "Actual Max Startup Time": 0.01, "Actual Min Total Time": 0.012, "Actual Max Total Time": 0.012, "Actual Total Rows": 3}]}]}]}]}, {"Node Type": "Hash", "Parent Relationship": "Inner", "Startup Cost": 40775.83, "Total Cost": 40775.83, "Plan Rows": 1748840, "Plan Width": 21, "Actual Min Startup Time": 249.391, "Actual Max Startup Time": 423.825, "Actual Min Total Time": 249.391, "Actual Max Total Time": 423.825, "Actual Total Rows": 1749032, "Max Hash Buckets": 131072, "Min Hash Buckets": 131072, "Max Hash Batches": 1, "Min Hash Batches": 1, "Max Original Hash Batches": 1, "Min Original Hash Batches": 1, "Max Peak Memory Usage": 5875, "min Peak Memory Usage": 5875, "Plans": [{"Node Type": "Streaming(type: LOCAL REDISTRIBUTE dop: 16/16)", "Parent Relationship": "Outer", "Startup Cost": 0.0, "Total Cost": 40775.83, "Plan Rows": 1748840, "Plan Width": 21, "Actual Min Startup Time": 0.055, "Actual Max Startup Time": 38.555, "Actual Min Total Time": 207.495, "Actual Max Total Time": 386.837, "Actual Total Rows": 1749032, "Plans": [{"Node Type": "Seq Scan", "Parent Relationship": "Outer", "Relation Name": "title", "Alias": "t", "Startup Cost": 0.0, "Total Cost": 19149.37, "Plan Rows": 1748840, "Plan Width": 21, "Actual Min Startup Time": 0.031, "Actual Max Startup Time": 0.05, "Actual Min Total Time": 64.362, "Actual Max Total Time": 71.656, "Actual Total Rows": 1749032, "Filter": "(production_year > 1990), (LLVM Optimized, Jit Execute)", "Rows Removed by Filter": 779279}]}]}]}]}]}]}, "Triggers": [], "Planner Runtime": 87.81, "Total Runtime": 1891.157, "Unique SQL Id": 3145361615}}, "(16, 9)": {"explain_plan": {"Plan": {"Node Type": "Aggregate", "Strategy": "Plain", "Startup Cost": 1370233.49, "Total Cost": 1370233.51, "Plan Rows": 1, "Plan Width": 97, "Plans": [{"Node Type": "Streaming(type: LOCAL GATHER dop: 1/16)", "Parent Relationship": "Outer", "Startup Cost": 1370233.49, "Total Cost": 1370233.51, "Plan Rows": 1, "Plan Width": 97, "Plans": [{"Node Type": "Aggregate", "Strategy": "Plain", "Parent Relationship": "Outer", "Startup Cost": 1370233.49, "Total Cost": 1370233.5, "Plan Rows": 1, "Plan Width": 97, "Plans": [{"Node Type": "Hash Join", "Parent Relationship": "Outer", "Join Type": "Inner", "Startup Cost": 212001.97, "Total Cost": 1365386.42, "Plan Rows": 969413, "Plan Width": 33, "Inner Unique": true, "Hash Cond": "(mc.movie_id = t.id), (LLVM Optimized)", "Plans": [{"Node Type": "Streaming(type: LOCAL REDISTRIBUTE dop: 16/16)", "Parent Relationship": "Outer", "Startup Cost": 179775.92, "Total Cost": 1332390.49, "Plan Rows": 699731, "Plan Width": 24, "Plans": [{"Node Type": "Nested Loop", "Parent Relationship": "Outer", "Join Type": "Inner", "Startup Cost": 179775.92, "Total Cost": 1314739.16, "Plan Rows": 699731, "Plan Width": 24, "Inner Unique": true, "Join Filter": "(ci.role_id = rt.id), (LLVM Optimized)", "Plans": [{"Node Type": "Nested Loop", "Parent Relationship": "Outer", "Join Type": "Inner", "Startup Cost": 179775.92, "Total Cost": 1291854.59, "Plan Rows": 699731, "Plan Width": 28, "Inner Unique": true, "Join Filter": "(mc.company_type_id = ct.id), (LLVM Optimized)", "Plans": [{"Node Type": "Hash Join", "Parent Relationship": "Outer", "Join Type": "Inner", "Startup Cost": 179775.92, "Total Cost": 1274877.25, "Plan Rows": 699731, "Plan Width": 32, "Inner Unique": true, "Hash Cond": "(mc.company_id = cn.id), (LLVM Optimized)", "Plans": [{"Node Type": "Streaming(type: LOCAL REDISTRIBUTE dop: 16/16)", "Parent Relationship": "Outer", "Startup Cost": 172448.64, "Total Cost": 1266778.96, "Plan Rows": 1423748, "Plan Width": 36, "Plans": [{"Node Type": "Hash Join", "Parent Relationship": "Outer", "Join Type": "Inner", "Startup Cost": 172448.64, "Total Cost": 1246384.29, "Plan Rows": 1423748, "Plan Width": 36, "Inner Unique": true, "Hash Cond": "(ci.person_role_id = chn.id), (LLVM Optimized)", "Plans": [{"Node Type": "Streaming(type: LOCAL REDISTRIBUTE dop: 16/16)", "Parent Relationship": "Outer", "Startup Cost": 110646.13, "Total Cost": 1183003.58, "Plan Rows": 2936978, "Plan Width": 24, "Plans": [{"Node Type": "Hash Join", "Parent Relationship": "Outer", "Join Type": "Inner", "Startup Cost": 110646.13, "Total Cost": 1156875.19, "Plan Rows": 2936978, "Plan Width": 24, "Inner Unique": false, "Hash Cond": "(ci.movie_id = mc.movie_id), (LLVM Optimized)", "Plans": [{"Node Type": "Streaming(type: LOCAL REDISTRIBUTE dop: 16/16)", "Parent Relationship": "Outer", "Startup Cost": 0.0, "Total Cost": 1042710.15, "Plan Rows": 1436424, "Plan Width": 12, "Plans": [{"Node Type": "Index Scan", "Parent Relationship": "Outer", "Scan Direction": "Forward", "Index Name": "role_id_cast_info", "Relation Name": "cast_info", "Alias": "ci", "Startup Cost": 0.0, "Total Cost": 1022267.45, "Plan Rows": 1436424, "Plan Width": 12, "Filter": "((note)::text ~~ '%(producer)%'::text), (LLVM Optimized)"}]}, {"Node Type": "Hash", "Parent Relationship": "Inner", "Startup Cost": 108607.74, "Total Cost": 108607.74, "Plan Rows": 2609128, "Plan Width": 12, "Plans": [{"Node Type": "Streaming(type: LOCAL REDISTRIBUTE dop: 16/16)", "Parent Relationship": "Outer", "Startup Cost": 0.0, "Total Cost": 108607.74, "Plan Rows": 2609128, "Plan Width": 12, "Plans": [{"Node Type": "Index Scan", "Parent Relationship": "Outer", "Scan Direction": "Forward", "Index Name": "company_type_id_movie_companies", "Relation Name": "movie_companies", "Alias": "mc", "Startup Cost": 0.0, "Total Cost": 83721.6, "Plan Rows": 2609128, "Plan Width": 12}]}]}]}]}, {"Node Type": "Hash", "Parent Relationship": "Inner", "Startup Cost": 142333.72, "Total Cost": 142333.72, "Plan Rows": 3140338, "Plan Width": 20, "Plans": [{"Node Type": "Streaming(type: LOCAL REDISTRIBUTE dop: 16/16)", "Parent Relationship": "Outer", "Startup Cost": 0.0, "Total Cost": 142333.72, "Plan Rows": 3140338, "Plan Width": 20, "Plans": [{"Node Type": "Index Scan", "Parent Relationship": "Outer", "Scan Direction": "Forward", "Index Name": "char_name_pkey", "Relation Name": "char_name", "Alias": "chn", "Startup Cost": 0.0, "Total Cost": 115434.79, "Plan Rows": 3140338, "Plan Width": 20}]}]}]}]}, {"Node Type": "Hash", "Parent Relationship": "Inner", "Startup Cost": 29042.93, "Total Cost": 29042.93, "Plan Rows": 85170, "Plan Width": 4, "Plans": [{"Node Type": "Streaming(type: LOCAL REDISTRIBUTE dop: 16/1)", "Parent Relationship": "Outer", "Startup Cost": 0.0, "Total Cost": 29042.93, "Plan Rows": 85170, "Plan Width": 4, "Plans": [{"Node Type": "Index Scan", "Parent Relationship": "Outer", "Scan Direction": "Forward", "Index Name": "company_name_pkey", "Relation Name": "company_name", "Alias": "cn", "Startup Cost": 0.0, "Total Cost": 10501.39, "Plan Rows": 85170, "Plan Width": 4, "Filter": "((country_code)::text = '[us]'::text)"}]}]}]}, {"Node Type": "Materialize", "Parent Relationship": "Inner", "Startup Cost": 0.0, "Total Cost": 15009.35, "Plan Rows": 48, "Plan Width": 4, "Plans": [{"Node Type": "Streaming(type: BROADCAST dop: 16/1)", "Parent Relationship": "Outer", "Startup Cost": 0.0, "Total Cost": 15009.33, "Plan Rows": 48, "Plan Width": 4, "Plans": [{"Node Type": "Index Only Scan", "Parent Relationship": "Outer", "Scan Direction": "Forward", "Index Name": "company_type_pkey", "Relation Name": "company_type", "Alias": "ct", "Startup Cost": 0.0, "Total Cost": 8.29, "Plan Rows": 3, "Plan Width": 4}]}]}]}, {"Node Type": "Materialize", "Parent Relationship": "Inner", "Startup Cost": 0.0, "Total Cost": 15012.63, "Plan Rows": 192, "Plan Width": 4, "Plans": [{"Node Type": "Streaming(type: BROADCAST dop: 16/1)", "Parent Relationship": "Outer", "Startup Cost": 0.0, "Total Cost": 15012.57, "Plan Rows": 192, "Plan Width": 4, "Plans": [{"Node Type": "Index Only Scan", "Parent Relationship": "Outer", "Scan Direction": "Forward", "Index Name": "role_type_pkey", "Relation Name": "role_type", "Alias": "rt", "Startup Cost": 0.0, "Total Cost": 8.43, "Plan Rows": 12, "Plan Width": 4}]}]}]}]}, {"Node Type": "Hash", "Parent Relationship": "Inner", "Startup Cost": 123439.09, "Total Cost": 123439.09, "Plan Rows": 1748840, "Plan Width": 21, "Plans": [{"Node Type": "Streaming(type: LOCAL REDISTRIBUTE dop: 16/16)", "Parent Relationship": "Outer", "Startup Cost": 0.0, "Total Cost": 123439.09, "Plan Rows": 1748840, "Plan Width": 21, "Plans": [{"Node Type": "Index Scan", "Parent Relationship": "Outer", "Scan Direction": "Forward", "Index Name": "title_pkey", "Relation Name": "title", "Alias": "t", "Startup Cost": 0.0, "Total Cost": 101812.62, "Plan Rows": 1748840, "Plan Width": 21, "Filter": "(production_year > 1990), (LLVM Optimized)"}]}]}]}]}]}]}, "Unique SQL Id": 3145361615}, "explain_analyze_plan": {"Plan": {"Node Type": "Aggregate", "Strategy": "Plain", "Startup Cost": 1370233.49, "Total Cost": 1370233.51, "Plan Rows": 1, "Plan Width": 97, "Actual Min Startup Time": 3758.142, "Actual Max Startup Time": 3758.142, "Actual Min Total Time": 3758.142, "Actual Max Total Time": 3758.142, "Actual Total Rows": 1, "Plans": [{"Node Type": "Streaming(type: LOCAL GATHER dop: 1/16)", "Parent Relationship": "Outer", "Startup Cost": 1370233.49, "Total Cost": 1370233.51, "Plan Rows": 1, "Plan Width": 97, "Actual Min Startup Time": 3756.747, "Actual Max Startup Time": 3756.747, "Actual Min Total Time": 3758.108, "Actual Max Total Time": 3758.108, "Actual Total Rows": 16, "Plans": [{"Node Type": "Aggregate", "Strategy": "Plain", "Parent Relationship": "Outer", "Startup Cost": 1370233.49, "Total Cost": 1370233.5, "Plan Rows": 1, "Plan Width": 97, "Actual Min Startup Time": 3413.635, "Actual Max Startup Time": 3528.625, "Actual Min Total Time": 3413.635, "Actual Max Total Time": 3528.625, "Actual Total Rows": 16, "Plans": [{"Node Type": "Hash Join", "Parent Relationship": "Outer", "Join Type": "Inner", "Startup Cost": 212001.97, "Total Cost": 1365386.42, "Plan Rows": 969413, "Plan Width": 33, "Actual Min Startup Time": 3412.23, "Actual Max Startup Time": 3528.62, "Actual Min Total Time": 3413.629, "Actual Max Total Time": 3528.62, "Actual Total Rows": 4, "Inner Unique": true, "Hash Cond": "(mc.movie_id = t.id), (LLVM Optimized, Jit Execute)", "Plans": [{"Node Type": "Streaming(type: LOCAL REDISTRIBUTE dop: 16/16)", "Parent Relationship": "Outer", "Startup Cost": 179775.92, "Total Cost": 1332390.49, "Plan Rows": 699731, "Plan Width": 24, "Actual Min Startup Time": 2802.608, "Actual Max Startup Time": 2804.36, "Actual Min Total Time": 2804.194, "Actual Max Total Time": 2804.36, "Actual Total Rows": 6, "Plans": [{"Node Type": "Nested Loop", "Parent Relationship": "Outer", "Join Type": "Inner", "Startup Cost": 179775.92, "Total Cost": 1314739.16, "Plan Rows": 699731, "Plan Width": 24, "Actual Min Startup Time": 3408.883, "Actual Max Startup Time": 3564.598, "Actual Min Total Time": 3408.883, "Actual Max Total Time": 3564.598, "Actual Total Rows": 6, "Inner Unique": true, "Join Filter": "(ci.role_id = rt.id), (LLVM Optimized, Jit Execute)", "Rows Removed by Join Filter": 0, "Plans": [{"Node Type": "Nested Loop", "Parent Relationship": "Outer", "Join Type": "Inner", "Startup Cost": 179775.92, "Total Cost": 1291854.59, "Plan Rows": 699731, "Plan Width": 28, "Actual Min Startup Time": 3408.863, "Actual Max Startup Time": 3564.564, "Actual Min Total Time": 3408.863, "Actual Max Total Time": 3564.564, "Actual Total Rows": 6, "Inner Unique": true, "Join Filter": "(mc.company_type_id = ct.id), (LLVM Optimized, Jit Execute)", "Rows Removed by Join Filter": 24, "Plans": [{"Node Type": "Hash Join", "Parent Relationship": "Outer", "Join Type": "Inner", "Startup Cost": 179775.92, "Total Cost": 1274877.25, "Plan Rows": 699731, "Plan Width": 32, "Actual Min Startup Time": 3408.827, "Actual Max Startup Time": 3563.692, "Actual Min Total Time": 3408.827, "Actual Max Total Time": 3564.524, "Actual Total Rows": 14, "Inner Unique": true, "Hash Cond": "(mc.company_id = cn.id), (LLVM Optimized, Jit Execute)", "Plans": [{"Node Type": "Streaming(type: LOCAL REDISTRIBUTE dop: 16/16)", "Parent Relationship": "Outer", "Startup Cost": 172448.64, "Total Cost": 1266778.96, "Plan Rows": 1423748, "Plan Width": 36, "Actual Min Startup Time": 2967.269, "Actual Max Startup Time": 2968.193, "Actual Min Total Time": 2968.074, "Actual Max Total Time": 2968.193, "Actual Total Rows": 31, "Plans": [{"Node Type": "Hash Join", "Parent Relationship": "Outer", "Join Type": "Inner", "Startup Cost": 172448.64, "Total Cost": 1246384.29, "Plan Rows": 1423748, "Plan Width": 36, "Actual Min Startup Time": 3407.104, "Actual Max Startup Time": 3640.107, "Actual Min Total Time": 3407.104, "Actual Max Total Time": 3640.107, "Actual Total Rows": 31, "Inner Unique": true, "Hash Cond": "(ci.person_role_id = chn.id), (LLVM Optimized, Jit Execute)", "Plans": [{"Node Type": "Streaming(type: LOCAL REDISTRIBUTE dop: 16/16)", "Parent Relationship": "Outer", "Startup Cost": 110646.13, "Total Cost": 1183003.58, "Plan Rows": 2936978, "Plan Width": 24, "Actual Min Startup Time": 0.101, "Actual Max Startup Time": 2630.414, "Actual Min Total Time": 2334.678, "Actual Max Total Time": 2630.414, "Actual Total Rows": 2743255, "Plans": [{"Node Type": "Hash Join", "Parent Relationship": "Outer", "Join Type": "Inner", "Startup Cost": 110646.13, "Total Cost": 1156875.19, "Plan Rows": 2936978, "Plan Width": 24, "Actual Min Startup Time": 422.285, "Actual Max Startup Time": 868.949, "Actual Min Total Time": 2658.728, "Actual Max Total Time": 3208.208, "Actual Total Rows": 2743255, "Inner Unique": false, "Hash Cond": "(ci.movie_id = mc.movie_id), (LLVM Optimized, Jit Execute)", "Plans": [{"Node Type": "Streaming(type: LOCAL REDISTRIBUTE dop: 16/16)", "Parent Relationship": "Outer", "Startup Cost": 0.0, "Total Cost": 1042710.15, "Plan Rows": 1436424, "Plan Width": 12, "Actual Min Startup Time": 0.081, "Actual Max Startup Time": 359.644, "Actual Min Total Time": 2134.257, "Actual Max Total Time": 2628.447, "Actual Total Rows": 1435439, "Plans": [{"Node Type": "Index Scan", "Parent Relationship": "Outer", "Scan Direction": "Forward", "Index Name": "role_id_cast_info", "Relation Name": "cast_info", "Alias": "ci", "Startup Cost": 0.0, "Total Cost": 1022267.45, "Plan Rows": 1436424, "Plan Width": 12, "Actual Min Startup Time": 367.902, "Actual Max Startup Time": 2072.812, "Actual Min Total Time": 1399.495, "Actual Max Total Time": 2072.812, "Actual Total Rows": 1435439, "Filter": "((note)::text ~~ '%(producer)%'::text), (LLVM Optimized, Jit Execute)", "Rows Removed by Filter": 34808904}]}, {"Node Type": "Hash", "Parent Relationship": "Inner", "Startup Cost": 108607.74, "Total Cost": 108607.74, "Plan Rows": 2609128, "Plan Width": 12, "Actual Min Startup Time": 421.5, "Actual Max Startup Time": 623.957, "Actual Min Total Time": 421.5, "Actual Max Total Time": 623.957, "Actual Total Rows": 2609128, "Max Hash Buckets": 262144, "Min Hash Buckets": 262144, "Max Hash Batches": 1, "Min Hash Batches": 1, "Max Original Hash Batches": 1, "Min Original Hash Batches": 1, "Max Peak Memory Usage": 7036, "min Peak Memory Usage": 7036, "Plans": [{"Node Type": "Streaming(type: LOCAL REDISTRIBUTE dop: 16/16)", "Parent Relationship": "Outer", "Startup Cost": 0.0, "Total Cost": 108607.74, "Plan Rows": 2609128, "Plan Width": 12, "Actual Min Startup Time": 0.053, "Actual Max Startup Time": 88.961, "Actual Min Total Time": 355.004, "Actual Max Total Time": 571.333, "Actual Total Rows": 2609128, "Plans": [{"Node Type": "Index Scan", "Parent Relationship": "Outer", "Scan Direction": "Forward", "Index Name": "company_type_id_movie_companies", "Relation Name": "movie_companies", "Alias": "mc", "Startup Cost": 0.0, "Total Cost": 83721.6, "Plan Rows": 2609128, "Plan Width": 12, "Actual Min Startup Time": 20.519, "Actual Max Startup Time": 78.958, "Actual Min Total Time": 104.554, "Actual Max Total Time": 162.585, "Actual Total Rows": 2609128}]}]}]}]}, {"Node Type": "Hash", "Parent Relationship": "Inner", "Startup Cost": 142333.72, "Total Cost": 142333.72, "Plan Rows": 3140338, "Plan Width": 20, "Actual Min Startup Time": 776.554, "Actual Max Startup Time": 1009.451, "Actual Min Total Time": 776.554, "Actual Max Total Time": 1009.451, "Actual Total Rows": 3140338, "Max Hash Buckets": 262144, "Min Hash Buckets": 262144, "Max Hash Batches": 1, "Min Hash Batches": 1, "Max Original Hash Batches": 1, "Min Original Hash Batches": 1, "Max Peak Memory Usage": 10347, "min Peak Memory Usage": 10347, "Plans": [{"Node Type": "Streaming(type: LOCAL REDISTRIBUTE dop: 16/16)", "Parent Relationship": "Outer", "Startup Cost": 0.0, "Total Cost": 142333.72, "Plan Rows": 3140338, "Plan Width": 20, "Actual Min Startup Time": 0.057, "Actual Max Startup Time": 36.605, "Actual Min Total Time": 681.668, "Actual Max Total Time": 930.258, "Actual Total Rows": 3140338, "Plans": [{"Node Type": "Index Scan", "Parent Relationship": "Outer", "Scan Direction": "Forward", "Index Name": "char_name_pkey", "Relation Name": "char_name", "Alias": "chn", "Startup Cost": 0.0, "Total Cost": 115434.79, "Plan Rows": 3140338, "Plan Width": 20, "Actual Min Startup Time": 0.089, "Actual Max Startup Time": 42.035, "Actual Min Total Time": 314.051, "Actual Max Total Time": 510.324, "Actual Total Rows": 3140338}]}]}]}]}, {"Node Type": "Hash", "Parent Relationship": "Inner", "Startup Cost": 29042.93, "Total Cost": 29042.93, "Plan Rows": 85170, "Plan Width": 4, "Actual Min Startup Time": 440.652, "Actual Max Startup Time": 596.287, "Actual Min Total Time": 440.652, "Actual Max Total Time": 596.287, "Actual Total Rows": 84843, "Max Hash Buckets": 32768, "Min Hash Buckets": 32768, "Max Hash Batches": 1, "Min Hash Batches": 1, "Max Original Hash Batches": 1, "Min Original Hash Batches": 1, "Max Peak Memory Usage": 182, "min Peak Memory Usage": 182, "Plans": [{"Node Type": "Streaming(type: LOCAL REDISTRIBUTE dop: 16/1)", "Parent Relationship": "Outer", "Startup Cost": 0.0, "Total Cost": 29042.93, "Plan Rows": 85170, "Plan Width": 4, "Actual Min Startup Time": 0.033, "Actual Max Startup Time": 148.11, "Actual Min Total Time": 438.596, "Actual Max Total Time": 594.264, "Actual Total Rows": 84843, "Plans": [{"Node Type": "Index Scan", "Parent Relationship": "Outer", "Scan Direction": "Forward", "Index Name": "company_name_pkey", "Relation Name": "company_name", "Alias": "cn", "Startup Cost": 0.0, "Total Cost": 10501.39, "Plan Rows": 85170, "Plan Width": 4, "Actual Min Startup Time": 0.099, "Actual Max Startup Time": 0.099, "Actual Min Total Time": 370.475, "Actual Max Total Time": 370.475, "Actual Total Rows": 84843, "Filter": "((country_code)::text = '[us]'::text)", "Rows Removed by Filter": 150153}]}]}]}, {"Node Type": "Materialize", "Parent Relationship": "Inner", "Startup Cost": 0.0, "Total Cost": 15009.35, "Plan Rows": 48, "Plan Width": 4, "Actual Min Startup Time": 0.005, "Actual Max Startup Time": 0.01, "Actual Min Total Time": 0.005, "Actual Max Total Time": 0.011, "Actual Total Rows": 46, "Plans": [{"Node Type": "Streaming(type: BROADCAST dop: 16/1)", "Parent Relationship": "Outer", "Startup Cost": 0.0, "Total Cost": 15009.33, "Plan Rows": 48, "Plan Width": 4, "Actual Min Startup Time": 0.003, "Actual Max Startup Time": 0.007, "Actual Min Total Time": 0.003, "Actual Max Total Time": 0.008, "Actual Total Rows": 48, "Plans": [{"Node Type": "Index Only Scan", "Parent Relationship": "Outer", "Scan Direction": "Forward", "Index Name": "company_type_pkey", "Relation Name": "company_type", "Alias": "ct", "Startup Cost": 0.0, "Total Cost": 8.29, "Plan Rows": 3, "Plan Width": 4, "Actual Min Startup Time": 0.02, "Actual Max Startup Time": 0.02, "Actual Min Total Time": 0.023, "Actual Max Total Time": 0.023, "Actual Total Rows": 3, "Heap Fetches": 0}]}]}]}, {"Node Type": "Materialize", "Parent Relationship": "Inner", "Startup Cost": 0.0, "Total Cost": 15012.63, "Plan Rows": 192, "Plan Width": 4, "Actual Min Startup Time": 0.014, "Actual Max Startup Time": 0.025, "Actual Min Total Time": 0.014, "Actual Max Total Time": 0.025, "Actual Total Rows": 22, "Plans": [{"Node Type": "Streaming(type: BROADCAST dop: 16/1)", "Parent Relationship": "Outer", "Startup Cost": 0.0, "Total Cost": 15012.57, "Plan Rows": 192, "Plan Width": 4, "Actual Min Startup Time": 0.006, "Actual Max Startup Time": 0.015, "Actual Min Total Time": 0.008, "Actual Max Total Time": 0.016, "Actual Total Rows": 192, "Plans": [{"Node Type": "Index Only Scan", "Parent Relationship": "Outer", "Scan Direction": "Forward", "Index Name": "role_type_pkey", "Relation Name": "role_type", "Alias": "rt", "Startup Cost": 0.0, "Total Cost": 8.43, "Plan Rows": 12, "Plan Width": 4, "Actual Min Startup Time": 0.035, "Actual Max Startup Time": 0.035, "Actual Min Total Time": 0.039, "Actual Max Total Time": 0.039, "Actual Total Rows": 12, "Heap Fetches": 0}]}]}]}]}, {"Node Type": "Hash", "Parent Relationship": "Inner", "Startup Cost": 123439.09, "Total Cost": 123439.09, "Plan Rows": 1748840, "Plan Width": 21, "Actual Min Startup Time": 609.217, "Actual Max Startup Time": 724.144, "Actual Min Total Time": 609.217, "Actual Max Total Time": 724.144, "Actual Total Rows": 1749032, "Max Hash Buckets": 131072, "Min Hash Buckets": 131072, "Max Hash Batches": 1, "Min Hash Batches": 1, "Max Original Hash Batches": 1, "Min Original Hash Batches": 1, "Max Peak Memory Usage": 5875, "min Peak Memory Usage": 5875, "Plans": [{"Node Type": "Streaming(type: LOCAL REDISTRIBUTE dop: 16/16)", "Parent Relationship": "Outer", "Startup Cost": 0.0, "Total Cost": 123439.09, "Plan Rows": 1748840, "Plan Width": 21, "Actual Min Startup Time": 0.057, "Actual Max Startup Time": 62.183, "Actual Min Total Time": 568.829, "Actual Max Total Time": 685.941, "Actual Total Rows": 1749032, "Plans": [{"Node Type": "Index Scan", "Parent Relationship": "Outer", "Scan Direction": "Forward", "Index Name": "title_pkey", "Relation Name": "title", "Alias": "t", "Startup Cost": 0.0, "Total Cost": 101812.62, "Plan Rows": 1748840, "Plan Width": 21, "Actual Min Startup Time": 0.07, "Actual Max Startup Time": 41.976, "Actual Min Total Time": 274.694, "Actual Max Total Time": 447.226, "Actual Total Rows": 1749032, "Filter": "(production_year > 1990), (LLVM Optimized, Jit Execute)", "Rows Removed by Filter": 779279}]}]}]}]}]}]}, "Triggers": [], "Planner Runtime": 89.157, "Total Runtime": 3797.066, "Unique SQL Id": 3145361615}}, "(16, 10)": {"explain_plan": {"Plan": {"Node Type": "Aggregate", "Strategy": "Plain", "Startup Cost": 272970.86, "Total Cost": 272970.88, "Plan Rows": 1, "Plan Width": 97, "Plans": [{"Node Type": "Streaming(type: LOCAL GATHER dop: 1/16)", "Parent Relationship": "Outer", "Startup Cost": 272970.86, "Total Cost": 272970.88, "Plan Rows": 1, "Plan Width": 97, "Plans": [{"Node Type": "Aggregate", "Strategy": "Plain", "Parent Relationship": "Outer", "Startup Cost": 272970.86, "Total Cost": 272970.87, "Plan Rows": 1, "Plan Width": 97, "Plans": [{"Node Type": "Hash Join", "Parent Relationship": "Outer", "Join Type": "Inner", "Startup Cost": 129833.14, "Total Cost": 268123.79, "Plan Rows": 969413, "Plan Width": 33, "Inner Unique": true, "Hash Cond": "(mc.movie_id = t.id), (LLVM Optimized)", "Plans": [{"Node Type": "Streaming(type: LOCAL REDISTRIBUTE dop: 16/16)", "Parent Relationship": "Outer", "Startup Cost": 118272.9, "Total Cost": 255793.67, "Plan Rows": 699731, "Plan Width": 24, "Plans": [{"Node Type": "Nested Loop", "Parent Relationship": "Outer", "Join Type": "Inner", "Startup Cost": 118272.9, "Total Cost": 238142.35, "Plan Rows": 699731, "Plan Width": 24, "Inner Unique": true, "Join Filter": "(mc.company_type_id = ct.id), (LLVM Optimized)", "Plans": [{"Node Type": "Hash Join", "Parent Relationship": "Outer", "Join Type": "Inner", "Startup Cost": 118272.9, "Total Cost": 221172.28, "Plan Rows": 699731, "Plan Width": 28, "Inner Unique": true, "Hash Cond": "(ci.person_role_id = chn.id), (LLVM Optimized)", "Plans": [{"Node Type": "Streaming(type: LOCAL REDISTRIBUTE dop: 16/16)", "Parent Relationship": "Outer", "Startup Cost": 104290.19, "Total Cost": 206413.94, "Plan Rows": 1443440, "Plan Width": 16, "Plans": [{"Node Type": "Hash Join", "Parent Relationship": "Outer", "Join Type": "Inner", "Startup Cost": 104290.19, "Total Cost": 185944.65, "Plan Rows": 1443440, "Plan Width": 16, "Inner Unique": false, "Hash Cond": "(ci.movie_id = mc.movie_id), (LLVM Optimized)", "Plans": [{"Node Type": "Streaming(type: LOCAL REDISTRIBUTE dop: 16/16)", "Parent Relationship": "Outer", "Startup Cost": 15005.41, "Total Cost": 94859.97, "Plan Rows": 1436424, "Plan Width": 8, "Plans": [{"Node Type": "Hash Join", "Parent Relationship": "Outer", "Join Type": "Inner", "Startup Cost": 15005.41, "Total Cost": 74417.27, "Plan Rows": 1436424, "Plan Width": 8, "Inner Unique": true, "Hash Cond": "(ci.role_id = rt.id), (LLVM Optimized)", "Plans": [{"Node Type": "Seq Scan", "Parent Relationship": "Outer", "Relation Name": "cast_info", "Alias": "ci", "Startup Cost": 0.0, "Total Cost": 58282.92, "Plan Rows": 1436424, "Plan Width": 12, "Filter": "((note)::text ~~ '%(producer)%'::text), (LLVM Optimized)"}, {"Node Type": "Hash", "Parent Relationship": "Inner", "Startup Cost": 15005.26, "Total Cost": 15005.26, "Plan Rows": 192, "Plan Width": 4, "Plans": [{"Node Type": "Streaming(type: BROADCAST dop: 16/1)", "Parent Relationship": "Outer", "Startup Cost": 0.0, "Total Cost": 15005.26, "Plan Rows": 192, "Plan Width": 4, "Plans": [{"Node Type": "Seq Scan", "Parent Relationship": "Outer", "Relation Name": "role_type", "Alias": "rt", "Startup Cost": 0.0, "Total Cost": 1.12, "Plan Rows": 12, "Plan Width": 4}]}]}]}]}, {"Node Type": "Hash", "Parent Relationship": "Inner", "Startup Cost": 88282.97, "Total Cost": 88282.97, "Plan Rows": 1282311, "Plan Width": 8, "Plans": [{"Node Type": "Streaming(type: LOCAL REDISTRIBUTE dop: 16/16)", "Parent Relationship": "Outer", "Startup Cost": 24511.53, "Total Cost": 88282.97, "Plan Rows": 1282311, "Plan Width": 8, "Plans": [{"Node Type": "Hash Join", "Parent Relationship": "Outer", "Join Type": "Inner", "Startup Cost": 24511.53, "Total Cost": 68424.21, "Plan Rows": 1282311, "Plan Width": 8, "Inner Unique": true, "Hash Cond": "(mc.company_id = cn.id), (LLVM Optimized)", "Plans": [{"Node Type": "Streaming(type: LOCAL REDISTRIBUTE dop: 16/16)", "Parent Relationship": "Outer", "Startup Cost": 0.0, "Total Cost": 42499.73, "Plan Rows": 2609128, "Plan Width": 12, "Plans": [{"Node Type": "Seq Scan", "Parent Relationship": "Outer", "Relation Name": "movie_companies", "Alias": "mc", "Startup Cost": 0.0, "Total Cost": 17613.58, "Plan Rows": 2609128, "Plan Width": 12}]}, {"Node Type": "Hash", "Parent Relationship": "Inner", "Startup Cost": 24444.99, "Total Cost": 24444.99, "Plan Rows": 85170, "Plan Width": 4, "Plans": [{"Node Type": "Streaming(type: LOCAL REDISTRIBUTE dop: 16/1)", "Parent Relationship": "Outer", "Startup Cost": 0.0, "Total Cost": 24444.99, "Plan Rows": 85170, "Plan Width": 4, "Plans": [{"Node Type": "Seq Scan", "Parent Relationship": "Outer", "Relation Name": "company_name", "Alias": "cn", "Startup Cost": 0.0, "Total Cost": 5903.45, "Plan Rows": 85170, "Plan Width": 4, "Filter": "((country_code)::text = '[us]'::text)"}]}]}]}]}]}]}]}, {"Node Type": "Hash", "Parent Relationship": "Inner", "Startup Cost": 46117.27, "Total Cost": 46117.27, "Plan Rows": 3140338, "Plan Width": 20, "Plans": [{"Node Type": "Streaming(type: LOCAL REDISTRIBUTE dop: 16/16)", "Parent Relationship": "Outer", "Startup Cost": 0.0, "Total Cost": 46117.27, "Plan Rows": 3140338, "Plan Width": 20, "Plans": [{"Node Type": "Seq Scan", "Parent Relationship": "Outer", "Relation Name": "char_name", "Alias": "chn", "Startup Cost": 0.0, "Total Cost": 19218.34, "Plan Rows": 3140338, "Plan Width": 20}]}]}]}, {"Node Type": "Materialize", "Parent Relationship": "Inner", "Startup Cost": 0.0, "Total Cost": 15002.08, "Plan Rows": 48, "Plan Width": 4, "Plans": [{"Node Type": "Streaming(type: BROADCAST dop: 16/1)", "Parent Relationship": "Outer", "Startup Cost": 0.0, "Total Cost": 15002.07, "Plan Rows": 48, "Plan Width": 4, "Plans": [{"Node Type": "Seq Scan", "Parent Relationship": "Outer", "Relation Name": "company_type", "Alias": "ct", "Startup Cost": 0.0, "Total Cost": 1.03, "Plan Rows": 3, "Plan Width": 4}]}]}]}]}, {"Node Type": "Hash", "Parent Relationship": "Inner", "Startup Cost": 40775.83, "Total Cost": 40775.83, "Plan Rows": 1748840, "Plan Width": 21, "Plans": [{"Node Type": "Streaming(type: LOCAL REDISTRIBUTE dop: 16/16)", "Parent Relationship": "Outer", "Startup Cost": 0.0, "Total Cost": 40775.83, "Plan Rows": 1748840, "Plan Width": 21, "Plans": [{"Node Type": "Seq Scan", "Parent Relationship": "Outer", "Relation Name": "title", "Alias": "t", "Startup Cost": 0.0, "Total Cost": 19149.37, "Plan Rows": 1748840, "Plan Width": 21, "Filter": "(production_year > 1990), (LLVM Optimized)"}]}]}]}]}]}]}, "Unique SQL Id": 3145361615}, "explain_analyze_plan": {"Plan": {"Node Type": "Aggregate", "Strategy": "Plain", "Startup Cost": 272970.86, "Total Cost": 272970.88, "Plan Rows": 1, "Plan Width": 97, "Actual Min Startup Time": 1851.442, "Actual Max Startup Time": 1851.442, "Actual Min Total Time": 1851.442, "Actual Max Total Time": 1851.442, "Actual Total Rows": 1, "Plans": [{"Node Type": "Streaming(type: LOCAL GATHER dop: 1/16)", "Parent Relationship": "Outer", "Startup Cost": 272970.86, "Total Cost": 272970.88, "Plan Rows": 1, "Plan Width": 97, "Actual Min Startup Time": 1850.571, "Actual Max Startup Time": 1850.571, "Actual Min Total Time": 1851.421, "Actual Max Total Time": 1851.421, "Actual Total Rows": 16, "Plans": [{"Node Type": "Aggregate", "Strategy": "Plain", "Parent Relationship": "Outer", "Startup Cost": 272970.86, "Total Cost": 272970.87, "Plan Rows": 1, "Plan Width": 97, "Actual Min Startup Time": 1528.987, "Actual Max Startup Time": 1703.473, "Actual Min Total Time": 1528.988, "Actual Max Total Time": 1703.473, "Actual Total Rows": 16, "Plans": [{"Node Type": "Hash Join", "Parent Relationship": "Outer", "Join Type": "Inner", "Startup Cost": 129833.14, "Total Cost": 268123.79, "Plan Rows": 969413, "Plan Width": 33, "Actual Min Startup Time": 1526.266, "Actual Max Startup Time": 1700.688, "Actual Min Total Time": 1528.951, "Actual Max Total Time": 1703.451, "Actual Total Rows": 4, "Inner Unique": true, "Hash Cond": "(mc.movie_id = t.id), (LLVM Optimized, Jit Execute)", "Plans": [{"Node Type": "Streaming(type: LOCAL REDISTRIBUTE dop: 16/16)", "Parent Relationship": "Outer", "Startup Cost": 118272.9, "Total Cost": 255793.67, "Plan Rows": 699731, "Plan Width": 24, "Actual Min Startup Time": 1276.696, "Actual Max Startup Time": 1279.511, "Actual Min Total Time": 1279.291, "Actual Max Total Time": 1279.511, "Actual Total Rows": 6, "Plans": [{"Node Type": "Nested Loop", "Parent Relationship": "Outer", "Join Type": "Inner", "Startup Cost": 118272.9, "Total Cost": 238142.35, "Plan Rows": 699731, "Plan Width": 24, "Actual Min Startup Time": 1525.547, "Actual Max Startup Time": 1741.741, "Actual Min Total Time": 1530.314, "Actual Max Total Time": 1741.741, "Actual Total Rows": 6, "Inner Unique": true, "Join Filter": "(mc.company_type_id = ct.id), (LLVM Optimized, Jit Execute)", "Rows Removed by Join Filter": 24, "Plans": [{"Node Type": "Hash Join", "Parent Relationship": "Outer", "Join Type": "Inner", "Startup Cost": 118272.9, "Total Cost": 221172.28, "Plan Rows": 699731, "Plan Width": 28, "Actual Min Startup Time": 1525.521, "Actual Max Startup Time": 1698.406, "Actual Min Total Time": 1528.408, "Actual Max Total Time": 1698.406, "Actual Total Rows": 14, "Inner Unique": true, "Hash Cond": "(ci.person_role_id = chn.id), (LLVM Optimized, Jit Execute)", "Plans": [{"Node Type": "Streaming(type: LOCAL REDISTRIBUTE dop: 16/16)", "Parent Relationship": "Outer", "Startup Cost": 104290.19, "Total Cost": 206413.94, "Plan Rows": 1443440, "Plan Width": 16, "Actual Min Startup Time": 267.19, "Actual Max Startup Time": 1139.907, "Actual Min Total Time": 1010.82, "Actual Max Total Time": 1139.907, "Actual Total Rows": 1210267, "Plans": [{"Node Type": "Hash Join", "Parent Relationship": "Outer", "Join Type": "Inner", "Startup Cost": 104290.19, "Total Cost": 185944.65, "Plan Rows": 1443440, "Plan Width": 16, "Actual Min Startup Time": 654.515, "Actual Max Startup Time": 766.246, "Actual Min Total Time": 1227.175, "Actual Max Total Time": 1347.946, "Actual Total Rows": 1210267, "Inner Unique": false, "Hash Cond": "(ci.movie_id = mc.movie_id), (LLVM Optimized, Jit Execute)", "Plans": [{"Node Type": "Streaming(type: LOCAL REDISTRIBUTE dop: 16/16)", "Parent Relationship": "Outer", "Startup Cost": 15005.41, "Total Cost": 94859.97, "Plan Rows": 1436424, "Plan Width": 8, "Actual Min Startup Time": 0.061, "Actual Max Startup Time": 2.164, "Actual Min Total Time": 507.946, "Actual Max Total Time": 533.999, "Actual Total Rows": 1435439, "Plans": [{"Node Type": "Hash Join", "Parent Relationship": "Outer", "Join Type": "Inner", "Startup Cost": 15005.41, "Total Cost": 74417.27, "Plan Rows": 1436424, "Plan Width": 8, "Actual Min Startup Time": 44.415, "Actual Max Startup Time": 359.164, "Actual Min Total Time": 727.868, "Actual Max Total Time": 791.24, "Actual Total Rows": 1435439, "Inner Unique": true, "Hash Cond": "(ci.role_id = rt.id), (LLVM Optimized, Jit Execute)", "Plans": [{"Node Type": "Seq Scan", "Parent Relationship": "Outer", "Relation Name": "cast_info", "Alias": "ci", "Startup Cost": 0.0, "Total Cost": 58282.92, "Plan Rows": 1436424, "Plan Width": 12, "Actual Min Startup Time": 44.315, "Actual Max Startup Time": 359.045, "Actual Min Total Time": 683.134, "Actual Max Total Time": 746.581, "Actual Total Rows": 1435439, "Filter": "((note)::text ~~ '%(producer)%'::text), (LLVM Optimized, Jit Execute)", "Rows Removed by Filter": 34808904}, {"Node Type": "Hash", "Parent Relationship": "Inner", "Startup Cost": 15005.26, "Total Cost": 15005.26, "Plan Rows": 192, "Plan Width": 4, "Actual Min Startup Time": 0.018, "Actual Max Startup Time": 0.098, "Actual Min Total Time": 0.018, "Actual Max Total Time": 0.098, "Actual Total Rows": 192, "Max Hash Buckets": 32768, "Min Hash Buckets": 32768, "Max Hash Batches": 1, "Min Hash Batches": 1, "Max Original Hash Batches": 1, "Min Original Hash Batches": 1, "Max Peak Memory Usage": 1, "min Peak Memory Usage": 1, "Plans": [{"Node Type": "Streaming(type: BROADCAST dop: 16/1)", "Parent Relationship": "Outer", "Startup Cost": 0.0, "Total Cost": 15005.26, "Plan Rows": 192, "Plan Width": 4, "Actual Min Startup Time": 0.005, "Actual Max Startup Time": 0.016, "Actual Min Total Time": 0.006, "Actual Max Total Time": 0.019, "Actual Total Rows": 192, "Plans": [{"Node Type": "Seq Scan", "Parent Relationship": "Outer", "Relation Name": "role_type", "Alias": "rt", "Startup Cost": 0.0, "Total Cost": 1.12, "Plan Rows": 12, "Plan Width": 4, "Actual Min Startup Time": 0.012, "Actual Max Startup Time": 0.012, "Actual Min Total Time": 0.017, "Actual Max Total Time": 0.017, "Actual Total Rows": 12}]}]}]}]}, {"Node Type": "Hash", "Parent Relationship": "Inner", "Startup Cost": 88282.97, "Total Cost": 88282.97, "Plan Rows": 1282311, "Plan Width": 8, "Actual Min Startup Time": 654.343, "Actual Max Startup Time": 766.036, "Actual Min Total Time": 654.343, "Actual Max Total Time": 766.036, "Actual Total Rows": 1153797, "Max Hash Buckets": 131072, "Min Hash Buckets": 131072, "Max Hash Batches": 1, "Min Hash Batches": 1, "Max Original Hash Batches": 1, "Min Original Hash Batches": 1, "Max Peak Memory Usage": 2824, "min Peak Memory Usage": 2824, "Plans": [{"Node Type": "Streaming(type: LOCAL REDISTRIBUTE dop: 16/16)", "Parent Relationship": "Outer", "Startup Cost": 24511.53, "Total Cost": 88282.97, "Plan Rows": 1282311, "Plan Width": 8, "Actual Min Startup Time": 210.935, "Actual Max Startup Time": 322.34, "Actual Min Total Time": 636.024, "Actual Max Total Time": 745.671, "Actual Total Rows": 1153797, "Plans": [{"Node Type": "Hash Join", "Parent Relationship": "Outer", "Join Type": "Inner", "Startup Cost": 24511.53, "Total Cost": 68424.21, "Plan Rows": 1282311, "Plan Width": 8, "Actual Min Startup Time": 208.859, "Actual Max Startup Time": 395.904, "Actual Min Total Time": 531.724, "Actual Max Total Time": 761.672, "Actual Total Rows": 1153797, "Inner Unique": true, "Hash Cond": "(mc.company_id = cn.id), (LLVM Optimized, Jit Execute)", "Plans": [{"Node Type": "Streaming(type: LOCAL REDISTRIBUTE dop: 16/16)", "Parent Relationship": "Outer", "Startup Cost": 0.0, "Total Cost": 42499.73, "Plan Rows": 2609128, "Plan Width": 12, "Actual Min Startup Time": 0.057, "Actual Max Startup Time": 1.428, "Actual Min Total Time": 262.232, "Actual Max Total Time": 340.091, "Actual Total Rows": 2609128, "Plans": [{"Node Type": "Seq Scan", "Parent Relationship": "Outer", "Relation Name": "movie_companies", "Alias": "mc", "Startup Cost": 0.0, "Total Cost": 17613.58, "Plan Rows": 2609128, "Plan Width": 12, "Actual Min Startup Time": 0.026, "Actual Max Startup Time": 0.043, "Actual Min Total Time": 41.08, "Actual Max Total Time": 51.061, "Actual Total Rows": 2609128}]}, {"Node Type": "Hash", "Parent Relationship": "Inner", "Startup Cost": 24444.99, "Total Cost": 24444.99, "Plan Rows": 85170, "Plan Width": 4, "Actual Min Startup Time": 208.731, "Actual Max Startup Time": 394.761, "Actual Min Total Time": 208.731, "Actual Max Total Time": 394.761, "Actual Total Rows": 84843, "Max Hash Buckets": 32768, "Min Hash Buckets": 32768, "Max Hash Batches": 1, "Min Hash Batches": 1, "Max Original Hash Batches": 1, "Min Original Hash Batches": 1, "Max Peak Memory Usage": 182, "min Peak Memory Usage": 182, "Plans": [{"Node Type": "Streaming(type: LOCAL REDISTRIBUTE dop: 16/1)", "Parent Relationship": "Outer", "Startup Cost": 0.0, "Total Cost": 24444.99, "Plan Rows": 85170, "Plan Width": 4, "Actual Min Startup Time": 0.043, "Actual Max Startup Time": 186.918, "Actual Min Total Time": 206.926, "Actual Max Total Time": 392.009, "Actual Total Rows": 84843, "Plans": [{"Node Type": "Seq Scan", "Parent Relationship": "Outer", "Relation Name": "company_name", "Alias": "cn", "Startup Cost": 0.0, "Total Cost": 5903.45, "Plan Rows": 85170, "Plan Width": 4, "Actual Min Startup Time": 0.05, "Actual Max Startup Time": 0.05, "Actual Min Total Time": 99.773, "Actual Max Total Time": 99.773, "Actual Total Rows": 84843, "Filter": "((country_code)::text = '[us]'::text)", "Rows Removed by Filter": 150153}]}]}]}]}]}]}]}, {"Node Type": "Hash", "Parent Relationship": "Inner", "Startup Cost": 46117.27, "Total Cost": 46117.27, "Plan Rows": 3140338, "Plan Width": 20, "Actual Min Startup Time": 388.375, "Actual Max Startup Time": 558.238, "Actual Min Total Time": 388.375, "Actual Max Total Time": 558.238, "Actual Total Rows": 3140338, "Max Hash Buckets": 262144, "Min Hash Buckets": 262144, "Max Hash Batches": 1, "Min Hash Batches": 1, "Max Original Hash Batches": 1, "Min Original Hash Batches": 1, "Max Peak Memory Usage": 10347, "min Peak Memory Usage": 10347, "Plans": [{"Node Type": "Streaming(type: LOCAL REDISTRIBUTE dop: 16/16)", "Parent Relationship": "Outer", "Startup Cost": 0.0, "Total Cost": 46117.27, "Plan Rows": 3140338, "Plan Width": 20, "Actual Min Startup Time": 0.051, "Actual Max Startup Time": 17.737, "Actual Min Total Time": 300.722, "Actual Max Total Time": 467.746, "Actual Total Rows": 3140338, "Plans": [{"Node Type": "Seq Scan", "Parent Relationship": "Outer", "Relation Name": "char_name", "Alias": "chn", "Startup Cost": 0.0, "Total Cost": 19218.34, "Plan Rows": 3140338, "Plan Width": 20, "Actual Min Startup Time": 0.018, "Actual Max Startup Time": 0.033, "Actual Min Total Time": 57.62, "Actual Max Total Time": 68.173, "Actual Total Rows": 3140338}]}]}]}, {"Node Type": "Materialize", "Parent Relationship": "Inner", "Startup Cost": 0.0, "Total Cost": 15002.08, "Plan Rows": 48, "Plan Width": 4, "Actual Min Startup Time": 0.008, "Actual Max Startup Time": 41.332, "Actual Min Total Time": 0.008, "Actual Max Total Time": 41.332, "Actual Total Rows": 46, "Plans": [{"Node Type": "Streaming(type: BROADCAST dop: 16/1)", "Parent Relationship": "Outer", "Startup Cost": 0.0, "Total Cost": 15002.07, "Plan Rows": 48, "Plan Width": 4, "Actual Min Startup Time": 0.004, "Actual Max Startup Time": 41.324, "Actual Min Total Time": 0.005, "Actual Max Total Time": 41.326, "Actual Total Rows": 48, "Plans": [{"Node Type": "Seq Scan", "Parent Relationship": "Outer", "Relation Name": "company_type", "Alias": "ct", "Startup Cost": 0.0, "Total Cost": 1.03, "Plan Rows": 3, "Plan Width": 4, "Actual Min Startup Time": 0.01, "Actual Max Startup Time": 0.01, "Actual Min Total Time": 0.012, "Actual Max Total Time": 0.012, "Actual Total Rows": 3}]}]}]}]}, {"Node Type": "Hash", "Parent Relationship": "Inner", "Startup Cost": 40775.83, "Total Cost": 40775.83, "Plan Rows": 1748840, "Plan Width": 21, "Actual Min Startup Time": 249.391, "Actual Max Startup Time": 423.825, "Actual Min Total Time": 249.391, "Actual Max Total Time": 423.825, "Actual Total Rows": 1749032, "Max Hash Buckets": 131072, "Min Hash Buckets": 131072, "Max Hash Batches": 1, "Min Hash Batches": 1, "Max Original Hash Batches": 1, "Min Original Hash Batches": 1, "Max Peak Memory Usage": 5875, "min Peak Memory Usage": 5875, "Plans": [{"Node Type": "Streaming(type: LOCAL REDISTRIBUTE dop: 16/16)", "Parent Relationship": "Outer", "Startup Cost": 0.0, "Total Cost": 40775.83, "Plan Rows": 1748840, "Plan Width": 21, "Actual Min Startup Time": 0.055, "Actual Max Startup Time": 38.555, "Actual Min Total Time": 207.495, "Actual Max Total Time": 386.837, "Actual Total Rows": 1749032, "Plans": [{"Node Type": "Seq Scan", "Parent Relationship": "Outer", "Relation Name": "title", "Alias": "t", "Startup Cost": 0.0, "Total Cost": 19149.37, "Plan Rows": 1748840, "Plan Width": 21, "Actual Min Startup Time": 0.031, "Actual Max Startup Time": 0.05, "Actual Min Total Time": 64.362, "Actual Max Total Time": 71.656, "Actual Total Rows": 1749032, "Filter": "(production_year > 1990), (LLVM Optimized, Jit Execute)", "Rows Removed by Filter": 779279}]}]}]}]}]}]}, "Triggers": [], "Planner Runtime": 87.81, "Total Runtime": 1891.157, "Unique SQL Id": 3145361615}}, "(16, 11)": {"explain_plan": {"Plan": {"Node Type": "Aggregate", "Strategy": "Plain", "Startup Cost": 3972961914007.03, "Total Cost": 3972961914007.04, "Plan Rows": 1, "Plan Width": 97, "Plans": [{"Node Type": "Merge Join", "Parent Relationship": "Outer", "Join Type": "Inner", "Startup Cost": 309264820736.24, "Total Cost": 3972961909159.97, "Plan Rows": 969413, "Plan Width": 33, "Inner Unique": true, "Merge Cond": "(ci.person_role_id = chn.id)", "Plans": [{"Node Type": "Nested Loop", "Parent Relationship": "Outer", "Join Type": "Inner", "Startup Cost": 60000000000.0, "Total Cost": 6069052206323.43, "Plan Rows": 1999754, "Plan Width": 21, "Inner Unique": true, "Join Filter": "(mc.movie_id = t.id), (LLVM Optimized)", "Plans": [{"Node Type": "Nested Loop", "Parent Relationship": "Outer", "Join Type": "Inner", "Startup Cost": 50000000000.0, "Total Cost": 5031175373680.67, "Plan Rows": 1443440, "Plan Width": 12, "Inner Unique": true, "Join Filter": "(mc.company_type_id = ct.id), (LLVM Optimized)", "Plans": [{"Node Type": "Nested Loop", "Parent Relationship": "Outer", "Join Type": "Inner", "Startup Cost": 40000000000.0, "Total Cost": 4031175307896.36, "Plan Rows": 1443440, "Plan Width": 16, "Inner Unique": false, "Join Filter": "(ci.movie_id = mc.movie_id), (LLVM Optimized)", "Plans": [{"Node Type": "Nested Loop", "Parent Relationship": "Outer", "Join Type": "Inner", "Startup Cost": 20000000000.0, "Total Cost": 2000202510207.33, "Plan Rows": 1436424, "Plan Width": 8, "Inner Unique": true, "Join Filter": "(ci.role_id = rt.id), (LLVM Optimized)", "Plans": [{"Node Type": "Index Scan", "Parent Relationship": "Outer", "Scan Direction": "Forward", "Index Name": "person_role_id_cast_info", "Relation Name": "cast_info", "Alias": "ci", "Startup Cost": 10000000000.0, "Total Cost": 1000202250807.98, "Plan Rows": 1436424, "Plan Width": 12, "Filter": "((note)::text ~~ '%(producer)%'::text), (LLVM Optimized)"}, {"Node Type": "Materialize", "Parent Relationship": "Inner", "Startup Cost": 10000000000.0, "Total Cost": 1000000000843.06, "Plan Rows": 12, "Plan Width": 4, "Plans": [{"Node Type": "Index Only Scan", "Parent Relationship": "Outer", "Scan Direction": "Forward", "Index Name": "role_type_pkey", "Relation Name": "role_type", "Alias": "rt", "Startup Cost": 10000000000.0, "Total Cost": 1000000000843.0, "Plan Rows": 12, "Plan Width": 4}]}]}, {"Node Type": "Materialize", "Parent Relationship": "Inner", "Startup Cost": 20000000000.0, "Total Cost": 2003343666456.85, "Plan Rows": 1282311, "Plan Width": 8, "Plans": [{"Node Type": "Nested Loop", "Parent Relationship": "Outer", "Join Type": "Inner", "Startup Cost": 20000000000.0, "Total Cost": 2003343660045.29, "Plan Rows": 1282311, "Plan Width": 8, "Inner Unique": true, "Join Filter": "(cn.id = mc.company_id), (LLVM Optimized)", "Plans": [{"Node Type": "Index Scan", "Parent Relationship": "Outer", "Scan Direction": "Forward", "Index Name": "company_type_id_movie_companies", "Relation Name": "movie_companies", "Alias": "mc", "Startup Cost": 10000000000.0, "Total Cost": 1000009318217.0, "Plan Rows": 2609128, "Plan Width": 12}, {"Node Type": "Materialize", "Parent Relationship": "Inner", "Startup Cost": 10000000000.0, "Total Cost": 1000001050564.82, "Plan Rows": 85170, "Plan Width": 4, "Plans": [{"Node Type": "Index Scan", "Parent Relationship": "Outer", "Scan Direction": "Forward", "Index Name": "company_name_pkey", "Relation Name": "company_name", "Alias": "cn", "Startup Cost": 10000000000.0, "Total Cost": 1000001050138.97, "Plan Rows": 85170, "Plan Width": 4, "Filter": "((country_code)::text = '[us]'::text)"}]}]}]}]}, {"Node Type": "Materialize", "Parent Relationship": "Inner", "Startup Cost": 10000000000.0, "Total Cost": 1000000000829.52, "Plan Rows": 3, "Plan Width": 4, "Plans": [{"Node Type": "Index Only Scan", "Parent Relationship": "Outer", "Scan Direction": "Forward", "Index Name": "company_type_pkey", "Relation Name": "company_type", "Alias": "ct", "Startup Cost": 10000000000.0, "Total Cost": 1000000000829.5, "Plan Rows": 3, "Plan Width": 4}]}]}, {"Node Type": "Materialize", "Parent Relationship": "Inner", "Startup Cost": 10000000000.0, "Total Cost": 1000011652870.86, "Plan Rows": 1748840, "Plan Width": 21, "Plans": [{"Node Type": "Index Scan", "Parent Relationship": "Outer", "Scan Direction": "Forward", "Index Name": "title_pkey", "Relation Name": "title", "Alias": "t", "Startup Cost": 10000000000.0, "Total Cost": 1000011644126.66, "Plan Rows": 1748840, "Plan Width": 21, "Filter": "(production_year > 1990), (LLVM Optimized)"}]}]}, {"Node Type": "Index Scan", "Parent Relationship": "Inner", "Scan Direction": "Forward", "Index Name": "char_name_pkey", "Relation Name": "char_name", "Alias": "chn", "Startup Cost": 10000000000.0, "Total Cost": 1000012987545.51, "Plan Rows": 3140338, "Plan Width": 20}]}]}, "Unique SQL Id": 3145361615}, "explain_analyze_plan": null}, "(16, 12)": {"explain_plan": {"Plan": {"Node Type": "Aggregate", "Strategy": "Plain", "Startup Cost": 272970.86, "Total Cost": 272970.88, "Plan Rows": 1, "Plan Width": 97, "Plans": [{"Node Type": "Streaming(type: LOCAL GATHER dop: 1/16)", "Parent Relationship": "Outer", "Startup Cost": 272970.86, "Total Cost": 272970.88, "Plan Rows": 1, "Plan Width": 97, "Plans": [{"Node Type": "Aggregate", "Strategy": "Plain", "Parent Relationship": "Outer", "Startup Cost": 272970.86, "Total Cost": 272970.87, "Plan Rows": 1, "Plan Width": 97, "Plans": [{"Node Type": "Hash Join", "Parent Relationship": "Outer", "Join Type": "Inner", "Startup Cost": 129833.14, "Total Cost": 268123.79, "Plan Rows": 969413, "Plan Width": 33, "Inner Unique": true, "Hash Cond": "(mc.movie_id = t.id), (LLVM Optimized)", "Plans": [{"Node Type": "Streaming(type: LOCAL REDISTRIBUTE dop: 16/16)", "Parent Relationship": "Outer", "Startup Cost": 118272.9, "Total Cost": 255793.67, "Plan Rows": 699731, "Plan Width": 24, "Plans": [{"Node Type": "Nested Loop", "Parent Relationship": "Outer", "Join Type": "Inner", "Startup Cost": 118272.9, "Total Cost": 238142.35, "Plan Rows": 699731, "Plan Width": 24, "Inner Unique": true, "Join Filter": "(mc.company_type_id = ct.id), (LLVM Optimized)", "Plans": [{"Node Type": "Hash Join", "Parent Relationship": "Outer", "Join Type": "Inner", "Startup Cost": 118272.9, "Total Cost": 221172.28, "Plan Rows": 699731, "Plan Width": 28, "Inner Unique": true, "Hash Cond": "(ci.person_role_id = chn.id), (LLVM Optimized)", "Plans": [{"Node Type": "Streaming(type: LOCAL REDISTRIBUTE dop: 16/16)", "Parent Relationship": "Outer", "Startup Cost": 104290.19, "Total Cost": 206413.94, "Plan Rows": 1443440, "Plan Width": 16, "Plans": [{"Node Type": "Hash Join", "Parent Relationship": "Outer", "Join Type": "Inner", "Startup Cost": 104290.19, "Total Cost": 185944.65, "Plan Rows": 1443440, "Plan Width": 16, "Inner Unique": false, "Hash Cond": "(ci.movie_id = mc.movie_id), (LLVM Optimized)", "Plans": [{"Node Type": "Streaming(type: LOCAL REDISTRIBUTE dop: 16/16)", "Parent Relationship": "Outer", "Startup Cost": 15005.41, "Total Cost": 94859.97, "Plan Rows": 1436424, "Plan Width": 8, "Plans": [{"Node Type": "Hash Join", "Parent Relationship": "Outer", "Join Type": "Inner", "Startup Cost": 15005.41, "Total Cost": 74417.27, "Plan Rows": 1436424, "Plan Width": 8, "Inner Unique": true, "Hash Cond": "(ci.role_id = rt.id), (LLVM Optimized)", "Plans": [{"Node Type": "Seq Scan", "Parent Relationship": "Outer", "Relation Name": "cast_info", "Alias": "ci", "Startup Cost": 0.0, "Total Cost": 58282.92, "Plan Rows": 1436424, "Plan Width": 12, "Filter": "((note)::text ~~ '%(producer)%'::text), (LLVM Optimized)"}, {"Node Type": "Hash", "Parent Relationship": "Inner", "Startup Cost": 15005.26, "Total Cost": 15005.26, "Plan Rows": 192, "Plan Width": 4, "Plans": [{"Node Type": "Streaming(type: BROADCAST dop: 16/1)", "Parent Relationship": "Outer", "Startup Cost": 0.0, "Total Cost": 15005.26, "Plan Rows": 192, "Plan Width": 4, "Plans": [{"Node Type": "Seq Scan", "Parent Relationship": "Outer", "Relation Name": "role_type", "Alias": "rt", "Startup Cost": 0.0, "Total Cost": 1.12, "Plan Rows": 12, "Plan Width": 4}]}]}]}]}, {"Node Type": "Hash", "Parent Relationship": "Inner", "Startup Cost": 88282.97, "Total Cost": 88282.97, "Plan Rows": 1282311, "Plan Width": 8, "Plans": [{"Node Type": "Streaming(type: LOCAL REDISTRIBUTE dop: 16/16)", "Parent Relationship": "Outer", "Startup Cost": 24511.53, "Total Cost": 88282.97, "Plan Rows": 1282311, "Plan Width": 8, "Plans": [{"Node Type": "Hash Join", "Parent Relationship": "Outer", "Join Type": "Inner", "Startup Cost": 24511.53, "Total Cost": 68424.21, "Plan Rows": 1282311, "Plan Width": 8, "Inner Unique": true, "Hash Cond": "(mc.company_id = cn.id), (LLVM Optimized)", "Plans": [{"Node Type": "Streaming(type: LOCAL REDISTRIBUTE dop: 16/16)", "Parent Relationship": "Outer", "Startup Cost": 0.0, "Total Cost": 42499.73, "Plan Rows": 2609128, "Plan Width": 12, "Plans": [{"Node Type": "Seq Scan", "Parent Relationship": "Outer", "Relation Name": "movie_companies", "Alias": "mc", "Startup Cost": 0.0, "Total Cost": 17613.58, "Plan Rows": 2609128, "Plan Width": 12}]}, {"Node Type": "Hash", "Parent Relationship": "Inner", "Startup Cost": 24444.99, "Total Cost": 24444.99, "Plan Rows": 85170, "Plan Width": 4, "Plans": [{"Node Type": "Streaming(type: LOCAL REDISTRIBUTE dop: 16/1)", "Parent Relationship": "Outer", "Startup Cost": 0.0, "Total Cost": 24444.99, "Plan Rows": 85170, "Plan Width": 4, "Plans": [{"Node Type": "Seq Scan", "Parent Relationship": "Outer", "Relation Name": "company_name", "Alias": "cn", "Startup Cost": 0.0, "Total Cost": 5903.45, "Plan Rows": 85170, "Plan Width": 4, "Filter": "((country_code)::text = '[us]'::text)"}]}]}]}]}]}]}]}, {"Node Type": "Hash", "Parent Relationship": "Inner", "Startup Cost": 46117.27, "Total Cost": 46117.27, "Plan Rows": 3140338, "Plan Width": 20, "Plans": [{"Node Type": "Streaming(type: LOCAL REDISTRIBUTE dop: 16/16)", "Parent Relationship": "Outer", "Startup Cost": 0.0, "Total Cost": 46117.27, "Plan Rows": 3140338, "Plan Width": 20, "Plans": [{"Node Type": "Seq Scan", "Parent Relationship": "Outer", "Relation Name": "char_name", "Alias": "chn", "Startup Cost": 0.0, "Total Cost": 19218.34, "Plan Rows": 3140338, "Plan Width": 20}]}]}]}, {"Node Type": "Materialize", "Parent Relationship": "Inner", "Startup Cost": 0.0, "Total Cost": 15002.08, "Plan Rows": 48, "Plan Width": 4, "Plans": [{"Node Type": "Streaming(type: BROADCAST dop: 16/1)", "Parent Relationship": "Outer", "Startup Cost": 0.0, "Total Cost": 15002.07, "Plan Rows": 48, "Plan Width": 4, "Plans": [{"Node Type": "Seq Scan", "Parent Relationship": "Outer", "Relation Name": "company_type", "Alias": "ct", "Startup Cost": 0.0, "Total Cost": 1.03, "Plan Rows": 3, "Plan Width": 4}]}]}]}]}, {"Node Type": "Hash", "Parent Relationship": "Inner", "Startup Cost": 40775.83, "Total Cost": 40775.83, "Plan Rows": 1748840, "Plan Width": 21, "Plans": [{"Node Type": "Streaming(type: LOCAL REDISTRIBUTE dop: 16/16)", "Parent Relationship": "Outer", "Startup Cost": 0.0, "Total Cost": 40775.83, "Plan Rows": 1748840, "Plan Width": 21, "Plans": [{"Node Type": "Seq Scan", "Parent Relationship": "Outer", "Relation Name": "title", "Alias": "t", "Startup Cost": 0.0, "Total Cost": 19149.37, "Plan Rows": 1748840, "Plan Width": 21, "Filter": "(production_year > 1990), (LLVM Optimized)"}]}]}]}]}]}]}, "Unique SQL Id": 3145361615}, "explain_analyze_plan": {"Plan": {"Node Type": "Aggregate", "Strategy": "Plain", "Startup Cost": 272970.86, "Total Cost": 272970.88, "Plan Rows": 1, "Plan Width": 97, "Actual Min Startup Time": 1851.442, "Actual Max Startup Time": 1851.442, "Actual Min Total Time": 1851.442, "Actual Max Total Time": 1851.442, "Actual Total Rows": 1, "Plans": [{"Node Type": "Streaming(type: LOCAL GATHER dop: 1/16)", "Parent Relationship": "Outer", "Startup Cost": 272970.86, "Total Cost": 272970.88, "Plan Rows": 1, "Plan Width": 97, "Actual Min Startup Time": 1850.571, "Actual Max Startup Time": 1850.571, "Actual Min Total Time": 1851.421, "Actual Max Total Time": 1851.421, "Actual Total Rows": 16, "Plans": [{"Node Type": "Aggregate", "Strategy": "Plain", "Parent Relationship": "Outer", "Startup Cost": 272970.86, "Total Cost": 272970.87, "Plan Rows": 1, "Plan Width": 97, "Actual Min Startup Time": 1528.987, "Actual Max Startup Time": 1703.473, "Actual Min Total Time": 1528.988, "Actual Max Total Time": 1703.473, "Actual Total Rows": 16, "Plans": [{"Node Type": "Hash Join", "Parent Relationship": "Outer", "Join Type": "Inner", "Startup Cost": 129833.14, "Total Cost": 268123.79, "Plan Rows": 969413, "Plan Width": 33, "Actual Min Startup Time": 1526.266, "Actual Max Startup Time": 1700.688, "Actual Min Total Time": 1528.951, "Actual Max Total Time": 1703.451, "Actual Total Rows": 4, "Inner Unique": true, "Hash Cond": "(mc.movie_id = t.id), (LLVM Optimized, Jit Execute)", "Plans": [{"Node Type": "Streaming(type: LOCAL REDISTRIBUTE dop: 16/16)", "Parent Relationship": "Outer", "Startup Cost": 118272.9, "Total Cost": 255793.67, "Plan Rows": 699731, "Plan Width": 24, "Actual Min Startup Time": 1276.696, "Actual Max Startup Time": 1279.511, "Actual Min Total Time": 1279.291, "Actual Max Total Time": 1279.511, "Actual Total Rows": 6, "Plans": [{"Node Type": "Nested Loop", "Parent Relationship": "Outer", "Join Type": "Inner", "Startup Cost": 118272.9, "Total Cost": 238142.35, "Plan Rows": 699731, "Plan Width": 24, "Actual Min Startup Time": 1525.547, "Actual Max Startup Time": 1741.741, "Actual Min Total Time": 1530.314, "Actual Max Total Time": 1741.741, "Actual Total Rows": 6, "Inner Unique": true, "Join Filter": "(mc.company_type_id = ct.id), (LLVM Optimized, Jit Execute)", "Rows Removed by Join Filter": 24, "Plans": [{"Node Type": "Hash Join", "Parent Relationship": "Outer", "Join Type": "Inner", "Startup Cost": 118272.9, "Total Cost": 221172.28, "Plan Rows": 699731, "Plan Width": 28, "Actual Min Startup Time": 1525.521, "Actual Max Startup Time": 1698.406, "Actual Min Total Time": 1528.408, "Actual Max Total Time": 1698.406, "Actual Total Rows": 14, "Inner Unique": true, "Hash Cond": "(ci.person_role_id = chn.id), (LLVM Optimized, Jit Execute)", "Plans": [{"Node Type": "Streaming(type: LOCAL REDISTRIBUTE dop: 16/16)", "Parent Relationship": "Outer", "Startup Cost": 104290.19, "Total Cost": 206413.94, "Plan Rows": 1443440, "Plan Width": 16, "Actual Min Startup Time": 267.19, "Actual Max Startup Time": 1139.907, "Actual Min Total Time": 1010.82, "Actual Max Total Time": 1139.907, "Actual Total Rows": 1210267, "Plans": [{"Node Type": "Hash Join", "Parent Relationship": "Outer", "Join Type": "Inner", "Startup Cost": 104290.19, "Total Cost": 185944.65, "Plan Rows": 1443440, "Plan Width": 16, "Actual Min Startup Time": 654.515, "Actual Max Startup Time": 766.246, "Actual Min Total Time": 1227.175, "Actual Max Total Time": 1347.946, "Actual Total Rows": 1210267, "Inner Unique": false, "Hash Cond": "(ci.movie_id = mc.movie_id), (LLVM Optimized, Jit Execute)", "Plans": [{"Node Type": "Streaming(type: LOCAL REDISTRIBUTE dop: 16/16)", "Parent Relationship": "Outer", "Startup Cost": 15005.41, "Total Cost": 94859.97, "Plan Rows": 1436424, "Plan Width": 8, "Actual Min Startup Time": 0.061, "Actual Max Startup Time": 2.164, "Actual Min Total Time": 507.946, "Actual Max Total Time": 533.999, "Actual Total Rows": 1435439, "Plans": [{"Node Type": "Hash Join", "Parent Relationship": "Outer", "Join Type": "Inner", "Startup Cost": 15005.41, "Total Cost": 74417.27, "Plan Rows": 1436424, "Plan Width": 8, "Actual Min Startup Time": 44.415, "Actual Max Startup Time": 359.164, "Actual Min Total Time": 727.868, "Actual Max Total Time": 791.24, "Actual Total Rows": 1435439, "Inner Unique": true, "Hash Cond": "(ci.role_id = rt.id), (LLVM Optimized, Jit Execute)", "Plans": [{"Node Type": "Seq Scan", "Parent Relationship": "Outer", "Relation Name": "cast_info", "Alias": "ci", "Startup Cost": 0.0, "Total Cost": 58282.92, "Plan Rows": 1436424, "Plan Width": 12, "Actual Min Startup Time": 44.315, "Actual Max Startup Time": 359.045, "Actual Min Total Time": 683.134, "Actual Max Total Time": 746.581, "Actual Total Rows": 1435439, "Filter": "((note)::text ~~ '%(producer)%'::text), (LLVM Optimized, Jit Execute)", "Rows Removed by Filter": 34808904}, {"Node Type": "Hash", "Parent Relationship": "Inner", "Startup Cost": 15005.26, "Total Cost": 15005.26, "Plan Rows": 192, "Plan Width": 4, "Actual Min Startup Time": 0.018, "Actual Max Startup Time": 0.098, "Actual Min Total Time": 0.018, "Actual Max Total Time": 0.098, "Actual Total Rows": 192, "Max Hash Buckets": 32768, "Min Hash Buckets": 32768, "Max Hash Batches": 1, "Min Hash Batches": 1, "Max Original Hash Batches": 1, "Min Original Hash Batches": 1, "Max Peak Memory Usage": 1, "min Peak Memory Usage": 1, "Plans": [{"Node Type": "Streaming(type: BROADCAST dop: 16/1)", "Parent Relationship": "Outer", "Startup Cost": 0.0, "Total Cost": 15005.26, "Plan Rows": 192, "Plan Width": 4, "Actual Min Startup Time": 0.005, "Actual Max Startup Time": 0.016, "Actual Min Total Time": 0.006, "Actual Max Total Time": 0.019, "Actual Total Rows": 192, "Plans": [{"Node Type": "Seq Scan", "Parent Relationship": "Outer", "Relation Name": "role_type", "Alias": "rt", "Startup Cost": 0.0, "Total Cost": 1.12, "Plan Rows": 12, "Plan Width": 4, "Actual Min Startup Time": 0.012, "Actual Max Startup Time": 0.012, "Actual Min Total Time": 0.017, "Actual Max Total Time": 0.017, "Actual Total Rows": 12}]}]}]}]}, {"Node Type": "Hash", "Parent Relationship": "Inner", "Startup Cost": 88282.97, "Total Cost": 88282.97, "Plan Rows": 1282311, "Plan Width": 8, "Actual Min Startup Time": 654.343, "Actual Max Startup Time": 766.036, "Actual Min Total Time": 654.343, "Actual Max Total Time": 766.036, "Actual Total Rows": 1153797, "Max Hash Buckets": 131072, "Min Hash Buckets": 131072, "Max Hash Batches": 1, "Min Hash Batches": 1, "Max Original Hash Batches": 1, "Min Original Hash Batches": 1, "Max Peak Memory Usage": 2824, "min Peak Memory Usage": 2824, "Plans": [{"Node Type": "Streaming(type: LOCAL REDISTRIBUTE dop: 16/16)", "Parent Relationship": "Outer", "Startup Cost": 24511.53, "Total Cost": 88282.97, "Plan Rows": 1282311, "Plan Width": 8, "Actual Min Startup Time": 210.935, "Actual Max Startup Time": 322.34, "Actual Min Total Time": 636.024, "Actual Max Total Time": 745.671, "Actual Total Rows": 1153797, "Plans": [{"Node Type": "Hash Join", "Parent Relationship": "Outer", "Join Type": "Inner", "Startup Cost": 24511.53, "Total Cost": 68424.21, "Plan Rows": 1282311, "Plan Width": 8, "Actual Min Startup Time": 208.859, "Actual Max Startup Time": 395.904, "Actual Min Total Time": 531.724, "Actual Max Total Time": 761.672, "Actual Total Rows": 1153797, "Inner Unique": true, "Hash Cond": "(mc.company_id = cn.id), (LLVM Optimized, Jit Execute)", "Plans": [{"Node Type": "Streaming(type: LOCAL REDISTRIBUTE dop: 16/16)", "Parent Relationship": "Outer", "Startup Cost": 0.0, "Total Cost": 42499.73, "Plan Rows": 2609128, "Plan Width": 12, "Actual Min Startup Time": 0.057, "Actual Max Startup Time": 1.428, "Actual Min Total Time": 262.232, "Actual Max Total Time": 340.091, "Actual Total Rows": 2609128, "Plans": [{"Node Type": "Seq Scan", "Parent Relationship": "Outer", "Relation Name": "movie_companies", "Alias": "mc", "Startup Cost": 0.0, "Total Cost": 17613.58, "Plan Rows": 2609128, "Plan Width": 12, "Actual Min Startup Time": 0.026, "Actual Max Startup Time": 0.043, "Actual Min Total Time": 41.08, "Actual Max Total Time": 51.061, "Actual Total Rows": 2609128}]}, {"Node Type": "Hash", "Parent Relationship": "Inner", "Startup Cost": 24444.99, "Total Cost": 24444.99, "Plan Rows": 85170, "Plan Width": 4, "Actual Min Startup Time": 208.731, "Actual Max Startup Time": 394.761, "Actual Min Total Time": 208.731, "Actual Max Total Time": 394.761, "Actual Total Rows": 84843, "Max Hash Buckets": 32768, "Min Hash Buckets": 32768, "Max Hash Batches": 1, "Min Hash Batches": 1, "Max Original Hash Batches": 1, "Min Original Hash Batches": 1, "Max Peak Memory Usage": 182, "min Peak Memory Usage": 182, "Plans": [{"Node Type": "Streaming(type: LOCAL REDISTRIBUTE dop: 16/1)", "Parent Relationship": "Outer", "Startup Cost": 0.0, "Total Cost": 24444.99, "Plan Rows": 85170, "Plan Width": 4, "Actual Min Startup Time": 0.043, "Actual Max Startup Time": 186.918, "Actual Min Total Time": 206.926, "Actual Max Total Time": 392.009, "Actual Total Rows": 84843, "Plans": [{"Node Type": "Seq Scan", "Parent Relationship": "Outer", "Relation Name": "company_name", "Alias": "cn", "Startup Cost": 0.0, "Total Cost": 5903.45, "Plan Rows": 85170, "Plan Width": 4, "Actual Min Startup Time": 0.05, "Actual Max Startup Time": 0.05, "Actual Min Total Time": 99.773, "Actual Max Total Time": 99.773, "Actual Total Rows": 84843, "Filter": "((country_code)::text = '[us]'::text)", "Rows Removed by Filter": 150153}]}]}]}]}]}]}]}, {"Node Type": "Hash", "Parent Relationship": "Inner", "Startup Cost": 46117.27, "Total Cost": 46117.27, "Plan Rows": 3140338, "Plan Width": 20, "Actual Min Startup Time": 388.375, "Actual Max Startup Time": 558.238, "Actual Min Total Time": 388.375, "Actual Max Total Time": 558.238, "Actual Total Rows": 3140338, "Max Hash Buckets": 262144, "Min Hash Buckets": 262144, "Max Hash Batches": 1, "Min Hash Batches": 1, "Max Original Hash Batches": 1, "Min Original Hash Batches": 1, "Max Peak Memory Usage": 10347, "min Peak Memory Usage": 10347, "Plans": [{"Node Type": "Streaming(type: LOCAL REDISTRIBUTE dop: 16/16)", "Parent Relationship": "Outer", "Startup Cost": 0.0, "Total Cost": 46117.27, "Plan Rows": 3140338, "Plan Width": 20, "Actual Min Startup Time": 0.051, "Actual Max Startup Time": 17.737, "Actual Min Total Time": 300.722, "Actual Max Total Time": 467.746, "Actual Total Rows": 3140338, "Plans": [{"Node Type": "Seq Scan", "Parent Relationship": "Outer", "Relation Name": "char_name", "Alias": "chn", "Startup Cost": 0.0, "Total Cost": 19218.34, "Plan Rows": 3140338, "Plan Width": 20, "Actual Min Startup Time": 0.018, "Actual Max Startup Time": 0.033, "Actual Min Total Time": 57.62, "Actual Max Total Time": 68.173, "Actual Total Rows": 3140338}]}]}]}, {"Node Type": "Materialize", "Parent Relationship": "Inner", "Startup Cost": 0.0, "Total Cost": 15002.08, "Plan Rows": 48, "Plan Width": 4, "Actual Min Startup Time": 0.008, "Actual Max Startup Time": 41.332, "Actual Min Total Time": 0.008, "Actual Max Total Time": 41.332, "Actual Total Rows": 46, "Plans": [{"Node Type": "Streaming(type: BROADCAST dop: 16/1)", "Parent Relationship": "Outer", "Startup Cost": 0.0, "Total Cost": 15002.07, "Plan Rows": 48, "Plan Width": 4, "Actual Min Startup Time": 0.004, "Actual Max Startup Time": 41.324, "Actual Min Total Time": 0.005, "Actual Max Total Time": 41.326, "Actual Total Rows": 48, "Plans": [{"Node Type": "Seq Scan", "Parent Relationship": "Outer", "Relation Name": "company_type", "Alias": "ct", "Startup Cost": 0.0, "Total Cost": 1.03, "Plan Rows": 3, "Plan Width": 4, "Actual Min Startup Time": 0.01, "Actual Max Startup Time": 0.01, "Actual Min Total Time": 0.012, "Actual Max Total Time": 0.012, "Actual Total Rows": 3}]}]}]}]}, {"Node Type": "Hash", "Parent Relationship": "Inner", "Startup Cost": 40775.83, "Total Cost": 40775.83, "Plan Rows": 1748840, "Plan Width": 21, "Actual Min Startup Time": 249.391, "Actual Max Startup Time": 423.825, "Actual Min Total Time": 249.391, "Actual Max Total Time": 423.825, "Actual Total Rows": 1749032, "Max Hash Buckets": 131072, "Min Hash Buckets": 131072, "Max Hash Batches": 1, "Min Hash Batches": 1, "Max Original Hash Batches": 1, "Min Original Hash Batches": 1, "Max Peak Memory Usage": 5875, "min Peak Memory Usage": 5875, "Plans": [{"Node Type": "Streaming(type: LOCAL REDISTRIBUTE dop: 16/16)", "Parent Relationship": "Outer", "Startup Cost": 0.0, "Total Cost": 40775.83, "Plan Rows": 1748840, "Plan Width": 21, "Actual Min Startup Time": 0.055, "Actual Max Startup Time": 38.555, "Actual Min Total Time": 207.495, "Actual Max Total Time": 386.837, "Actual Total Rows": 1749032, "Plans": [{"Node Type": "Seq Scan", "Parent Relationship": "Outer", "Relation Name": "title", "Alias": "t", "Startup Cost": 0.0, "Total Cost": 19149.37, "Plan Rows": 1748840, "Plan Width": 21, "Actual Min Startup Time": 0.031, "Actual Max Startup Time": 0.05, "Actual Min Total Time": 64.362, "Actual Max Total Time": 71.656, "Actual Total Rows": 1749032, "Filter": "(production_year > 1990), (LLVM Optimized, Jit Execute)", "Rows Removed by Filter": 779279}]}]}]}]}]}]}, "Triggers": [], "Planner Runtime": 87.81, "Total Runtime": 1891.157, "Unique SQL Id": 3145361615}}, "(16, 13)": {"explain_plan": {"Plan": {"Node Type": "Aggregate", "Strategy": "Plain", "Startup Cost": 1370241.49, "Total Cost": 1370241.51, "Plan Rows": 1, "Plan Width": 97, "Plans": [{"Node Type": "Streaming(type: LOCAL GATHER dop: 1/16)", "Parent Relationship": "Outer", "Startup Cost": 1370241.49, "Total Cost": 1370241.51, "Plan Rows": 1, "Plan Width": 97, "Plans": [{"Node Type": "Aggregate", "Strategy": "Plain", "Parent Relationship": "Outer", "Startup Cost": 1370241.49, "Total Cost": 1370241.5, "Plan Rows": 1, "Plan Width": 97, "Plans": [{"Node Type": "Hash Join", "Parent Relationship": "Outer", "Join Type": "Inner", "Startup Cost": 212001.97, "Total Cost": 1365394.42, "Plan Rows": 969413, "Plan Width": 33, "Inner Unique": true, "Hash Cond": "(mc.movie_id = t.id), (LLVM Optimized)", "Plans": [{"Node Type": "Streaming(type: LOCAL REDISTRIBUTE dop: 16/16)", "Parent Relationship": "Outer", "Startup Cost": 179775.92, "Total Cost": 1332398.49, "Plan Rows": 699731, "Plan Width": 24, "Plans": [{"Node Type": "Nested Loop", "Parent Relationship": "Outer", "Join Type": "Inner", "Startup Cost": 179775.92, "Total Cost": 1314747.16, "Plan Rows": 699731, "Plan Width": 24, "Inner Unique": true, "Join Filter": "(ci.role_id = rt.id), (LLVM Optimized)", "Plans": [{"Node Type": "Nested Loop", "Parent Relationship": "Outer", "Join Type": "Inner", "Startup Cost": 179775.92, "Total Cost": 1291858.59, "Plan Rows": 699731, "Plan Width": 28, "Inner Unique": true, "Join Filter": "(mc.company_type_id = ct.id), (LLVM Optimized)", "Plans": [{"Node Type": "Hash Join", "Parent Relationship": "Outer", "Join Type": "Inner", "Startup Cost": 179775.92, "Total Cost": 1274877.25, "Plan Rows": 699731, "Plan Width": 32, "Inner Unique": true, "Hash Cond": "(mc.company_id = cn.id), (LLVM Optimized)", "Plans": [{"Node Type": "Streaming(type: LOCAL REDISTRIBUTE dop: 16/16)", "Parent Relationship": "Outer", "Startup Cost": 172448.64, "Total Cost": 1266778.96, "Plan Rows": 1423748, "Plan Width": 36, "Plans": [{"Node Type": "Hash Join", "Parent Relationship": "Outer", "Join Type": "Inner", "Startup Cost": 172448.64, "Total Cost": 1246384.29, "Plan Rows": 1423748, "Plan Width": 36, "Inner Unique": true, "Hash Cond": "(ci.person_role_id = chn.id), (LLVM Optimized)", "Plans": [{"Node Type": "Streaming(type: LOCAL REDISTRIBUTE dop: 16/16)", "Parent Relationship": "Outer", "Startup Cost": 110646.13, "Total Cost": 1183003.58, "Plan Rows": 2936978, "Plan Width": 24, "Plans": [{"Node Type": "Hash Join", "Parent Relationship": "Outer", "Join Type": "Inner", "Startup Cost": 110646.13, "Total Cost": 1156875.19, "Plan Rows": 2936978, "Plan Width": 24, "Inner Unique": false, "Hash Cond": "(ci.movie_id = mc.movie_id), (LLVM Optimized)", "Plans": [{"Node Type": "Streaming(type: LOCAL REDISTRIBUTE dop: 16/16)", "Parent Relationship": "Outer", "Startup Cost": 0.0, "Total Cost": 1042710.15, "Plan Rows": 1436424, "Plan Width": 12, "Plans": [{"Node Type": "Index Scan", "Parent Relationship": "Outer", "Scan Direction": "Forward", "Index Name": "role_id_cast_info", "Relation Name": "cast_info", "Alias": "ci", "Startup Cost": 0.0, "Total Cost": 1022267.45, "Plan Rows": 1436424, "Plan Width": 12, "Filter": "((note)::text ~~ '%(producer)%'::text), (LLVM Optimized)"}]}, {"Node Type": "Hash", "Parent Relationship": "Inner", "Startup Cost": 108607.74, "Total Cost": 108607.74, "Plan Rows": 2609128, "Plan Width": 12, "Plans": [{"Node Type": "Streaming(type: LOCAL REDISTRIBUTE dop: 16/16)", "Parent Relationship": "Outer", "Startup Cost": 0.0, "Total Cost": 108607.74, "Plan Rows": 2609128, "Plan Width": 12, "Plans": [{"Node Type": "Index Scan", "Parent Relationship": "Outer", "Scan Direction": "Forward", "Index Name": "company_type_id_movie_companies", "Relation Name": "movie_companies", "Alias": "mc", "Startup Cost": 0.0, "Total Cost": 83721.6, "Plan Rows": 2609128, "Plan Width": 12}]}]}]}]}, {"Node Type": "Hash", "Parent Relationship": "Inner", "Startup Cost": 142333.72, "Total Cost": 142333.72, "Plan Rows": 3140338, "Plan Width": 20, "Plans": [{"Node Type": "Streaming(type: LOCAL REDISTRIBUTE dop: 16/16)", "Parent Relationship": "Outer", "Startup Cost": 0.0, "Total Cost": 142333.72, "Plan Rows": 3140338, "Plan Width": 20, "Plans": [{"Node Type": "Index Scan", "Parent Relationship": "Outer", "Scan Direction": "Forward", "Index Name": "char_name_pkey", "Relation Name": "char_name", "Alias": "chn", "Startup Cost": 0.0, "Total Cost": 115434.79, "Plan Rows": 3140338, "Plan Width": 20}]}]}]}]}, {"Node Type": "Hash", "Parent Relationship": "Inner", "Startup Cost": 29042.93, "Total Cost": 29042.93, "Plan Rows": 85170, "Plan Width": 4, "Plans": [{"Node Type": "Streaming(type: LOCAL REDISTRIBUTE dop: 16/1)", "Parent Relationship": "Outer", "Startup Cost": 0.0, "Total Cost": 29042.93, "Plan Rows": 85170, "Plan Width": 4, "Plans": [{"Node Type": "Index Scan", "Parent Relationship": "Outer", "Scan Direction": "Forward", "Index Name": "company_name_pkey", "Relation Name": "company_name", "Alias": "cn", "Startup Cost": 0.0, "Total Cost": 10501.39, "Plan Rows": 85170, "Plan Width": 4, "Filter": "((country_code)::text = '[us]'::text)"}]}]}]}, {"Node Type": "Materialize", "Parent Relationship": "Inner", "Startup Cost": 0.0, "Total Cost": 15013.35, "Plan Rows": 48, "Plan Width": 4, "Plans": [{"Node Type": "Streaming(type: BROADCAST dop: 16/1)", "Parent Relationship": "Outer", "Startup Cost": 0.0, "Total Cost": 15013.33, "Plan Rows": 48, "Plan Width": 4, "Plans": [{"Node Type": "Index Scan", "Parent Relationship": "Outer", "Scan Direction": "Forward", "Index Name": "company_type_pkey", "Relation Name": "company_type", "Alias": "ct", "Startup Cost": 0.0, "Total Cost": 12.29, "Plan Rows": 3, "Plan Width": 4}]}]}]}, {"Node Type": "Materialize", "Parent Relationship": "Inner", "Startup Cost": 0.0, "Total Cost": 15016.63, "Plan Rows": 192, "Plan Width": 4, "Plans": [{"Node Type": "Streaming(type: BROADCAST dop: 16/1)", "Parent Relationship": "Outer", "Startup Cost": 0.0, "Total Cost": 15016.57, "Plan Rows": 192, "Plan Width": 4, "Plans": [{"Node Type": "Index Scan", "Parent Relationship": "Outer", "Scan Direction": "Forward", "Index Name": "role_type_pkey", "Relation Name": "role_type", "Alias": "rt", "Startup Cost": 0.0, "Total Cost": 12.43, "Plan Rows": 12, "Plan Width": 4}]}]}]}]}, {"Node Type": "Hash", "Parent Relationship": "Inner", "Startup Cost": 123439.09, "Total Cost": 123439.09, "Plan Rows": 1748840, "Plan Width": 21, "Plans": [{"Node Type": "Streaming(type: LOCAL REDISTRIBUTE dop: 16/16)", "Parent Relationship": "Outer", "Startup Cost": 0.0, "Total Cost": 123439.09, "Plan Rows": 1748840, "Plan Width": 21, "Plans": [{"Node Type": "Index Scan", "Parent Relationship": "Outer", "Scan Direction": "Forward", "Index Name": "title_pkey", "Relation Name": "title", "Alias": "t", "Startup Cost": 0.0, "Total Cost": 101812.62, "Plan Rows": 1748840, "Plan Width": 21, "Filter": "(production_year > 1990), (LLVM Optimized)"}]}]}]}]}]}]}, "Unique SQL Id": 3145361615}, "explain_analyze_plan": {"Plan": {"Node Type": "Aggregate", "Strategy": "Plain", "Startup Cost": 1370241.49, "Total Cost": 1370241.51, "Plan Rows": 1, "Plan Width": 97, "Actual Min Startup Time": 3805.496, "Actual Max Startup Time": 3805.496, "Actual Min Total Time": 3805.497, "Actual Max Total Time": 3805.497, "Actual Total Rows": 1, "Plans": [{"Node Type": "Streaming(type: LOCAL GATHER dop: 1/16)", "Parent Relationship": "Outer", "Startup Cost": 1370241.49, "Total Cost": 1370241.51, "Plan Rows": 1, "Plan Width": 97, "Actual Min Startup Time": 3804.022, "Actual Max Startup Time": 3804.022, "Actual Min Total Time": 3805.461, "Actual Max Total Time": 3805.461, "Actual Total Rows": 16, "Plans": [{"Node Type": "Aggregate", "Strategy": "Plain", "Parent Relationship": "Outer", "Startup Cost": 1370241.49, "Total Cost": 1370241.5, "Plan Rows": 1, "Plan Width": 97, "Actual Min Startup Time": 3370.47, "Actual Max Startup Time": 3587.729, "Actual Min Total Time": 3370.47, "Actual Max Total Time": 3587.73, "Actual Total Rows": 16, "Plans": [{"Node Type": "Hash Join", "Parent Relationship": "Outer", "Join Type": "Inner", "Startup Cost": 212001.97, "Total Cost": 1365394.42, "Plan Rows": 969413, "Plan Width": 33, "Actual Min Startup Time": 3370.462, "Actual Max Startup Time": 3587.725, "Actual Min Total Time": 3370.462, "Actual Max Total Time": 3587.725, "Actual Total Rows": 4, "Inner Unique": true, "Hash Cond": "(mc.movie_id = t.id), (LLVM Optimized, Jit Execute)", "Plans": [{"Node Type": "Streaming(type: LOCAL REDISTRIBUTE dop: 16/16)", "Parent Relationship": "Outer", "Startup Cost": 179775.92, "Total Cost": 1332398.49, "Plan Rows": 699731, "Plan Width": 24, "Actual Min Startup Time": 2696.042, "Actual Max Startup Time": 2697.937, "Actual Min Total Time": 2697.835, "Actual Max Total Time": 2697.937, "Actual Total Rows": 6, "Plans": [{"Node Type": "Nested Loop", "Parent Relationship": "Outer", "Join Type": "Inner", "Startup Cost": 179775.92, "Total Cost": 1314747.16, "Plan Rows": 699731, "Plan Width": 24, "Actual Min Startup Time": 3367.438, "Actual Max Startup Time": 3596.778, "Actual Min Total Time": 3367.438, "Actual Max Total Time": 3597.442, "Actual Total Rows": 6, "Inner Unique": true, "Join Filter": "(ci.role_id = rt.id), (LLVM Optimized, Jit Execute)", "Rows Removed by Join Filter": 0, "Plans": [{"Node Type": "Nested Loop", "Parent Relationship": "Outer", "Join Type": "Inner", "Startup Cost": 179775.92, "Total Cost": 1291858.59, "Plan Rows": 699731, "Plan Width": 28, "Actual Min Startup Time": 3367.403, "Actual Max Startup Time": 3596.744, "Actual Min Total Time": 3367.403, "Actual Max Total Time": 3597.407, "Actual Total Rows": 6, "Inner Unique": true, "Join Filter": "(mc.company_type_id = ct.id), (LLVM Optimized, Jit Execute)", "Rows Removed by Join Filter": 24, "Plans": [{"Node Type": "Hash Join", "Parent Relationship": "Outer", "Join Type": "Inner", "Startup Cost": 179775.92, "Total Cost": 1274877.25, "Plan Rows": 699731, "Plan Width": 32, "Actual Min Startup Time": 3367.349, "Actual Max Startup Time": 3595.63, "Actual Min Total Time": 3367.349, "Actual Max Total Time": 3596.269, "Actual Total Rows": 14, "Inner Unique": true, "Hash Cond": "(mc.company_id = cn.id), (LLVM Optimized, Jit Execute)", "Plans": [{"Node Type": "Streaming(type: LOCAL REDISTRIBUTE dop: 16/16)", "Parent Relationship": "Outer", "Startup Cost": 172448.64, "Total Cost": 1266778.96, "Plan Rows": 1423748, "Plan Width": 36, "Actual Min Startup Time": 2697.708, "Actual Max Startup Time": 2698.444, "Actual Min Total Time": 2698.295, "Actual Max Total Time": 2698.444, "Actual Total Rows": 31, "Plans": [{"Node Type": "Hash Join", "Parent Relationship": "Outer", "Join Type": "Inner", "Startup Cost": 172448.64, "Total Cost": 1246384.29, "Plan Rows": 1423748, "Plan Width": 36, "Actual Min Startup Time": 3365.441, "Actual Max Startup Time": 3479.637, "Actual Min Total Time": 3365.441, "Actual Max Total Time": 3479.637, "Actual Total Rows": 31, "Inner Unique": true, "Hash Cond": "(ci.person_role_id = chn.id), (LLVM Optimized, Jit Execute)", "Plans": [{"Node Type": "Streaming(type: LOCAL REDISTRIBUTE dop: 16/16)", "Parent Relationship": "Outer", "Startup Cost": 110646.13, "Total Cost": 1183003.58, "Plan Rows": 2936978, "Plan Width": 24, "Actual Min Startup Time": 0.091, "Actual Max Startup Time": 2579.557, "Actual Min Total Time": 2282.331, "Actual Max Total Time": 2579.557, "Actual Total Rows": 2743255, "Plans": [{"Node Type": "Hash Join", "Parent Relationship": "Outer", "Join Type": "Inner", "Startup Cost": 110646.13, "Total Cost": 1156875.19, "Plan Rows": 2936978, "Plan Width": 24, "Actual Min Startup Time": 417.462, "Actual Max Startup Time": 998.552, "Actual Min Total Time": 2650.725, "Actual Max Total Time": 3273.626, "Actual Total Rows": 2743255, "Inner Unique": false, "Hash Cond": "(ci.movie_id = mc.movie_id), (LLVM Optimized, Jit Execute)", "Plans": [{"Node Type": "Streaming(type: LOCAL REDISTRIBUTE dop: 16/16)", "Parent Relationship": "Outer", "Startup Cost": 0.0, "Total Cost": 1042710.15, "Plan Rows": 1436424, "Plan Width": 12, "Actual Min Startup Time": 0.074, "Actual Max Startup Time": 372.452, "Actual Min Total Time": 2127.455, "Actual Max Total Time": 2591.547, "Actual Total Rows": 1435439, "Plans": [{"Node Type": "Index Scan", "Parent Relationship": "Outer", "Scan Direction": "Forward", "Index Name": "role_id_cast_info", "Relation Name": "cast_info", "Alias": "ci", "Startup Cost": 0.0, "Total Cost": 1022267.45, "Plan Rows": 1436424, "Plan Width": 12, "Actual Min Startup Time": 254.167, "Actual Max Startup Time": 1920.669, "Actual Min Total Time": 1364.378, "Actual Max Total Time": 1973.249, "Actual Total Rows": 1435439, "Filter": "((note)::text ~~ '%(producer)%'::text), (LLVM Optimized, Jit Execute)", "Rows Removed by Filter": 34808904}]}, {"Node Type": "Hash", "Parent Relationship": "Inner", "Startup Cost": 108607.74, "Total Cost": 108607.74, "Plan Rows": 2609128, "Plan Width": 12, "Actual Min Startup Time": 415.652, "Actual Max Startup Time": 626.622, "Actual Min Total Time": 415.652, "Actual Max Total Time": 626.622, "Actual Total Rows": 2609128, "Max Hash Buckets": 262144, "Min Hash Buckets": 262144, "Max Hash Batches": 1, "Min Hash Batches": 1, "Max Original Hash Batches": 1, "Min Original Hash Batches": 1, "Max Peak Memory Usage": 7036, "min Peak Memory Usage": 7036, "Plans": [{"Node Type": "Streaming(type: LOCAL REDISTRIBUTE dop: 16/16)", "Parent Relationship": "Outer", "Startup Cost": 0.0, "Total Cost": 108607.74, "Plan Rows": 2609128, "Plan Width": 12, "Actual Min Startup Time": 0.056, "Actual Max Startup Time": 92.446, "Actual Min Total Time": 338.732, "Actual Max Total Time": 571.309, "Actual Total Rows": 2609128, "Plans": [{"Node Type": "Index Scan", "Parent Relationship": "Outer", "Scan Direction": "Forward", "Index Name": "company_type_id_movie_companies", "Relation Name": "movie_companies", "Alias": "mc", "Startup Cost": 0.0, "Total Cost": 83721.6, "Plan Rows": 2609128, "Plan Width": 12, "Actual Min Startup Time": 0.075, "Actual Max Startup Time": 87.127, "Actual Min Total Time": 94.809, "Actual Max Total Time": 196.616, "Actual Total Rows": 2609128}]}]}]}]}, {"Node Type": "Hash", "Parent Relationship": "Inner", "Startup Cost": 142333.72, "Total Cost": 142333.72, "Plan Rows": 3140338, "Plan Width": 20, "Actual Min Startup Time": 785.501, "Actual Max Startup Time": 899.214, "Actual Min Total Time": 785.501, "Actual Max Total Time": 899.214, "Actual Total Rows": 3140338, "Max Hash Buckets": 262144, "Min Hash Buckets": 262144, "Max Hash Batches": 1, "Min Hash Batches": 1, "Max Original Hash Batches": 1, "Min Original Hash Batches": 1, "Max Peak Memory Usage": 10347, "min Peak Memory Usage": 10347, "Plans": [{"Node Type": "Streaming(type: LOCAL REDISTRIBUTE dop: 16/16)", "Parent Relationship": "Outer", "Startup Cost": 0.0, "Total Cost": 142333.72, "Plan Rows": 3140338, "Plan Width": 20, "Actual Min Startup Time": 0.056, "Actual Max Startup Time": 5.805, "Actual Min Total Time": 677.477, "Actual Max Total Time": 830.072, "Actual Total Rows": 3140338, "Plans": [{"Node Type": "Index Scan", "Parent Relationship": "Outer", "Scan Direction": "Forward", "Index Name": "char_name_pkey", "Relation Name": "char_name", "Alias": "chn", "Startup Cost": 0.0, "Total Cost": 115434.79, "Plan Rows": 3140338, "Plan Width": 20, "Actual Min Startup Time": 0.072, "Actual Max Startup Time": 46.518, "Actual Min Total Time": 315.219, "Actual Max Total Time": 506.83, "Actual Total Rows": 3140338}]}]}]}]}, {"Node Type": "Hash", "Parent Relationship": "Inner", "Startup Cost": 29042.93, "Total Cost": 29042.93, "Plan Rows": 85170, "Plan Width": 4, "Actual Min Startup Time": 668.892, "Actual Max Startup Time": 897.828, "Actual Min Total Time": 668.892, "Actual Max Total Time": 897.828, "Actual Total Rows": 84843, "Max Hash Buckets": 32768, "Min Hash Buckets": 32768, "Max Hash Batches": 1, "Min Hash Batches": 1, "Max Original Hash Batches": 1, "Min Original Hash Batches": 1, "Max Peak Memory Usage": 182, "min Peak Memory Usage": 182, "Plans": [{"Node Type": "Streaming(type: LOCAL REDISTRIBUTE dop: 16/1)", "Parent Relationship": "Outer", "Startup Cost": 0.0, "Total Cost": 29042.93, "Plan Rows": 85170, "Plan Width": 4, "Actual Min Startup Time": 0.06, "Actual Max Startup Time": 229.71, "Actual Min Total Time": 665.557, "Actual Max Total Time": 895.897, "Actual Total Rows": 84843, "Plans": [{"Node Type": "Index Scan", "Parent Relationship": "Outer", "Scan Direction": "Forward", "Index Name": "company_name_pkey", "Relation Name": "company_name", "Alias": "cn", "Startup Cost": 0.0, "Total Cost": 10501.39, "Plan Rows": 85170, "Plan Width": 4, "Actual Min Startup Time": 0.078, "Actual Max Startup Time": 0.078, "Actual Min Total Time": 564.967, "Actual Max Total Time": 564.967, "Actual Total Rows": 84843, "Filter": "((country_code)::text = '[us]'::text)", "Rows Removed by Filter": 150153}]}]}]}, {"Node Type": "Materialize", "Parent Relationship": "Inner", "Startup Cost": 0.0, "Total Cost": 15013.35, "Plan Rows": 48, "Plan Width": 4, "Actual Min Startup Time": 0.006, "Actual Max Startup Time": 1.103, "Actual Min Total Time": 0.006, "Actual Max Total Time": 1.103, "Actual Total Rows": 46, "Plans": [{"Node Type": "Streaming(type: BROADCAST dop: 16/1)", "Parent Relationship": "Outer", "Startup Cost": 0.0, "Total Cost": 15013.33, "Plan Rows": 48, "Plan Width": 4, "Actual Min Startup Time": 0.004, "Actual Max Startup Time": 1.099, "Actual Min Total Time": 0.004, "Actual Max Total Time": 1.1, "Actual Total Rows": 48, "Plans": [{"Node Type": "Index Scan", "Parent Relationship": "Outer", "Scan Direction": "Forward", "Index Name": "company_type_pkey", "Relation Name": "company_type", "Alias": "ct", "Startup Cost": 0.0, "Total Cost": 12.29, "Plan Rows": 3, "Plan Width": 4, "Actual Min Startup Time": 0.018, "Actual Max Startup Time": 0.018, "Actual Min Total Time": 0.02, "Actual Max Total Time": 0.02, "Actual Total Rows": 3}]}]}]}, {"Node Type": "Materialize", "Parent Relationship": "Inner", "Startup Cost": 0.0, "Total Cost": 15016.63, "Plan Rows": 192, "Plan Width": 4, "Actual Min Startup Time": 0.015, "Actual Max Startup Time": 0.025, "Actual Min Total Time": 0.015, "Actual Max Total Time": 0.025, "Actual Total Rows": 22, "Plans": [{"Node Type": "Streaming(type: BROADCAST dop: 16/1)", "Parent Relationship": "Outer", "Startup Cost": 0.0, "Total Cost": 15016.57, "Plan Rows": 192, "Plan Width": 4, "Actual Min Startup Time": 0.007, "Actual Max Startup Time": 0.014, "Actual Min Total Time": 0.007, "Actual Max Total Time": 0.016, "Actual Total Rows": 192, "Plans": [{"Node Type": "Index Scan", "Parent Relationship": "Outer", "Scan Direction": "Forward", "Index Name": "role_type_pkey", "Relation Name": "role_type", "Alias": "rt", "Startup Cost": 0.0, "Total Cost": 12.43, "Plan Rows": 12, "Plan Width": 4, "Actual Min Startup Time": 0.029, "Actual Max Startup Time": 0.029, "Actual Min Total Time": 0.038, "Actual Max Total Time": 0.038, "Actual Total Rows": 12}]}]}]}]}, {"Node Type": "Hash", "Parent Relationship": "Inner", "Startup Cost": 123439.09, "Total Cost": 123439.09, "Plan Rows": 1748840, "Plan Width": 21, "Actual Min Startup Time": 672.407, "Actual Max Startup Time": 889.723, "Actual Min Total Time": 672.407, "Actual Max Total Time": 889.723, "Actual Total Rows": 1749032, "Max Hash Buckets": 131072, "Min Hash Buckets": 131072, "Max Hash Batches": 1, "Min Hash Batches": 1, "Max Original Hash Batches": 1, "Min Original Hash Batches": 1, "Max Peak Memory Usage": 5875, "min Peak Memory Usage": 5875, "Plans": [{"Node Type": "Streaming(type: LOCAL REDISTRIBUTE dop: 16/16)", "Parent Relationship": "Outer", "Startup Cost": 0.0, "Total Cost": 123439.09, "Plan Rows": 1748840, "Plan Width": 21, "Actual Min Startup Time": 0.065, "Actual Max Startup Time": 204.148, "Actual Min Total Time": 609.761, "Actual Max Total Time": 849.234, "Actual Total Rows": 1749032, "Plans": [{"Node Type": "Index Scan", "Parent Relationship": "Outer", "Scan Direction": "Forward", "Index Name": "title_pkey", "Relation Name": "title", "Alias": "t", "Startup Cost": 0.0, "Total Cost": 101812.62, "Plan Rows": 1748840, "Plan Width": 21, "Actual Min Startup Time": 0.08, "Actual Max Startup Time": 29.324, "Actual Min Total Time": 280.491, "Actual Max Total Time": 472.499, "Actual Total Rows": 1749032, "Filter": "(production_year > 1990), (LLVM Optimized, Jit Execute)", "Rows Removed by Filter": 779279}]}]}]}]}]}]}, "Triggers": [], "Planner Runtime": 89.577, "Total Runtime": 3851.808, "Unique SQL Id": 3145361615}}, "(16, 14)": {"explain_plan": {"Plan": {"Node Type": "Aggregate", "Strategy": "Plain", "Startup Cost": 272970.86, "Total Cost": 272970.88, "Plan Rows": 1, "Plan Width": 97, "Plans": [{"Node Type": "Streaming(type: LOCAL GATHER dop: 1/16)", "Parent Relationship": "Outer", "Startup Cost": 272970.86, "Total Cost": 272970.88, "Plan Rows": 1, "Plan Width": 97, "Plans": [{"Node Type": "Aggregate", "Strategy": "Plain", "Parent Relationship": "Outer", "Startup Cost": 272970.86, "Total Cost": 272970.87, "Plan Rows": 1, "Plan Width": 97, "Plans": [{"Node Type": "Hash Join", "Parent Relationship": "Outer", "Join Type": "Inner", "Startup Cost": 129833.14, "Total Cost": 268123.79, "Plan Rows": 969413, "Plan Width": 33, "Inner Unique": true, "Hash Cond": "(mc.movie_id = t.id), (LLVM Optimized)", "Plans": [{"Node Type": "Streaming(type: LOCAL REDISTRIBUTE dop: 16/16)", "Parent Relationship": "Outer", "Startup Cost": 118272.9, "Total Cost": 255793.67, "Plan Rows": 699731, "Plan Width": 24, "Plans": [{"Node Type": "Nested Loop", "Parent Relationship": "Outer", "Join Type": "Inner", "Startup Cost": 118272.9, "Total Cost": 238142.35, "Plan Rows": 699731, "Plan Width": 24, "Inner Unique": true, "Join Filter": "(mc.company_type_id = ct.id), (LLVM Optimized)", "Plans": [{"Node Type": "Hash Join", "Parent Relationship": "Outer", "Join Type": "Inner", "Startup Cost": 118272.9, "Total Cost": 221172.28, "Plan Rows": 699731, "Plan Width": 28, "Inner Unique": true, "Hash Cond": "(ci.person_role_id = chn.id), (LLVM Optimized)", "Plans": [{"Node Type": "Streaming(type: LOCAL REDISTRIBUTE dop: 16/16)", "Parent Relationship": "Outer", "Startup Cost": 104290.19, "Total Cost": 206413.94, "Plan Rows": 1443440, "Plan Width": 16, "Plans": [{"Node Type": "Hash Join", "Parent Relationship": "Outer", "Join Type": "Inner", "Startup Cost": 104290.19, "Total Cost": 185944.65, "Plan Rows": 1443440, "Plan Width": 16, "Inner Unique": false, "Hash Cond": "(ci.movie_id = mc.movie_id), (LLVM Optimized)", "Plans": [{"Node Type": "Streaming(type: LOCAL REDISTRIBUTE dop: 16/16)", "Parent Relationship": "Outer", "Startup Cost": 15005.41, "Total Cost": 94859.97, "Plan Rows": 1436424, "Plan Width": 8, "Plans": [{"Node Type": "Hash Join", "Parent Relationship": "Outer", "Join Type": "Inner", "Startup Cost": 15005.41, "Total Cost": 74417.27, "Plan Rows": 1436424, "Plan Width": 8, "Inner Unique": true, "Hash Cond": "(ci.role_id = rt.id), (LLVM Optimized)", "Plans": [{"Node Type": "Seq Scan", "Parent Relationship": "Outer", "Relation Name": "cast_info", "Alias": "ci", "Startup Cost": 0.0, "Total Cost": 58282.92, "Plan Rows": 1436424, "Plan Width": 12, "Filter": "((note)::text ~~ '%(producer)%'::text), (LLVM Optimized)"}, {"Node Type": "Hash", "Parent Relationship": "Inner", "Startup Cost": 15005.26, "Total Cost": 15005.26, "Plan Rows": 192, "Plan Width": 4, "Plans": [{"Node Type": "Streaming(type: BROADCAST dop: 16/1)", "Parent Relationship": "Outer", "Startup Cost": 0.0, "Total Cost": 15005.26, "Plan Rows": 192, "Plan Width": 4, "Plans": [{"Node Type": "Seq Scan", "Parent Relationship": "Outer", "Relation Name": "role_type", "Alias": "rt", "Startup Cost": 0.0, "Total Cost": 1.12, "Plan Rows": 12, "Plan Width": 4}]}]}]}]}, {"Node Type": "Hash", "Parent Relationship": "Inner", "Startup Cost": 88282.97, "Total Cost": 88282.97, "Plan Rows": 1282311, "Plan Width": 8, "Plans": [{"Node Type": "Streaming(type: LOCAL REDISTRIBUTE dop: 16/16)", "Parent Relationship": "Outer", "Startup Cost": 24511.53, "Total Cost": 88282.97, "Plan Rows": 1282311, "Plan Width": 8, "Plans": [{"Node Type": "Hash Join", "Parent Relationship": "Outer", "Join Type": "Inner", "Startup Cost": 24511.53, "Total Cost": 68424.21, "Plan Rows": 1282311, "Plan Width": 8, "Inner Unique": true, "Hash Cond": "(mc.company_id = cn.id), (LLVM Optimized)", "Plans": [{"Node Type": "Streaming(type: LOCAL REDISTRIBUTE dop: 16/16)", "Parent Relationship": "Outer", "Startup Cost": 0.0, "Total Cost": 42499.73, "Plan Rows": 2609128, "Plan Width": 12, "Plans": [{"Node Type": "Seq Scan", "Parent Relationship": "Outer", "Relation Name": "movie_companies", "Alias": "mc", "Startup Cost": 0.0, "Total Cost": 17613.58, "Plan Rows": 2609128, "Plan Width": 12}]}, {"Node Type": "Hash", "Parent Relationship": "Inner", "Startup Cost": 24444.99, "Total Cost": 24444.99, "Plan Rows": 85170, "Plan Width": 4, "Plans": [{"Node Type": "Streaming(type: LOCAL REDISTRIBUTE dop: 16/1)", "Parent Relationship": "Outer", "Startup Cost": 0.0, "Total Cost": 24444.99, "Plan Rows": 85170, "Plan Width": 4, "Plans": [{"Node Type": "Seq Scan", "Parent Relationship": "Outer", "Relation Name": "company_name", "Alias": "cn", "Startup Cost": 0.0, "Total Cost": 5903.45, "Plan Rows": 85170, "Plan Width": 4, "Filter": "((country_code)::text = '[us]'::text)"}]}]}]}]}]}]}]}, {"Node Type": "Hash", "Parent Relationship": "Inner", "Startup Cost": 46117.27, "Total Cost": 46117.27, "Plan Rows": 3140338, "Plan Width": 20, "Plans": [{"Node Type": "Streaming(type: LOCAL REDISTRIBUTE dop: 16/16)", "Parent Relationship": "Outer", "Startup Cost": 0.0, "Total Cost": 46117.27, "Plan Rows": 3140338, "Plan Width": 20, "Plans": [{"Node Type": "Seq Scan", "Parent Relationship": "Outer", "Relation Name": "char_name", "Alias": "chn", "Startup Cost": 0.0, "Total Cost": 19218.34, "Plan Rows": 3140338, "Plan Width": 20}]}]}]}, {"Node Type": "Materialize", "Parent Relationship": "Inner", "Startup Cost": 0.0, "Total Cost": 15002.08, "Plan Rows": 48, "Plan Width": 4, "Plans": [{"Node Type": "Streaming(type: BROADCAST dop: 16/1)", "Parent Relationship": "Outer", "Startup Cost": 0.0, "Total Cost": 15002.07, "Plan Rows": 48, "Plan Width": 4, "Plans": [{"Node Type": "Seq Scan", "Parent Relationship": "Outer", "Relation Name": "company_type", "Alias": "ct", "Startup Cost": 0.0, "Total Cost": 1.03, "Plan Rows": 3, "Plan Width": 4}]}]}]}]}, {"Node Type": "Hash", "Parent Relationship": "Inner", "Startup Cost": 40775.83, "Total Cost": 40775.83, "Plan Rows": 1748840, "Plan Width": 21, "Plans": [{"Node Type": "Streaming(type: LOCAL REDISTRIBUTE dop: 16/16)", "Parent Relationship": "Outer", "Startup Cost": 0.0, "Total Cost": 40775.83, "Plan Rows": 1748840, "Plan Width": 21, "Plans": [{"Node Type": "Seq Scan", "Parent Relationship": "Outer", "Relation Name": "title", "Alias": "t", "Startup Cost": 0.0, "Total Cost": 19149.37, "Plan Rows": 1748840, "Plan Width": 21, "Filter": "(production_year > 1990), (LLVM Optimized)"}]}]}]}]}]}]}, "Unique SQL Id": 3145361615}, "explain_analyze_plan": {"Plan": {"Node Type": "Aggregate", "Strategy": "Plain", "Startup Cost": 272970.86, "Total Cost": 272970.88, "Plan Rows": 1, "Plan Width": 97, "Actual Min Startup Time": 1851.442, "Actual Max Startup Time": 1851.442, "Actual Min Total Time": 1851.442, "Actual Max Total Time": 1851.442, "Actual Total Rows": 1, "Plans": [{"Node Type": "Streaming(type: LOCAL GATHER dop: 1/16)", "Parent Relationship": "Outer", "Startup Cost": 272970.86, "Total Cost": 272970.88, "Plan Rows": 1, "Plan Width": 97, "Actual Min Startup Time": 1850.571, "Actual Max Startup Time": 1850.571, "Actual Min Total Time": 1851.421, "Actual Max Total Time": 1851.421, "Actual Total Rows": 16, "Plans": [{"Node Type": "Aggregate", "Strategy": "Plain", "Parent Relationship": "Outer", "Startup Cost": 272970.86, "Total Cost": 272970.87, "Plan Rows": 1, "Plan Width": 97, "Actual Min Startup Time": 1528.987, "Actual Max Startup Time": 1703.473, "Actual Min Total Time": 1528.988, "Actual Max Total Time": 1703.473, "Actual Total Rows": 16, "Plans": [{"Node Type": "Hash Join", "Parent Relationship": "Outer", "Join Type": "Inner", "Startup Cost": 129833.14, "Total Cost": 268123.79, "Plan Rows": 969413, "Plan Width": 33, "Actual Min Startup Time": 1526.266, "Actual Max Startup Time": 1700.688, "Actual Min Total Time": 1528.951, "Actual Max Total Time": 1703.451, "Actual Total Rows": 4, "Inner Unique": true, "Hash Cond": "(mc.movie_id = t.id), (LLVM Optimized, Jit Execute)", "Plans": [{"Node Type": "Streaming(type: LOCAL REDISTRIBUTE dop: 16/16)", "Parent Relationship": "Outer", "Startup Cost": 118272.9, "Total Cost": 255793.67, "Plan Rows": 699731, "Plan Width": 24, "Actual Min Startup Time": 1276.696, "Actual Max Startup Time": 1279.511, "Actual Min Total Time": 1279.291, "Actual Max Total Time": 1279.511, "Actual Total Rows": 6, "Plans": [{"Node Type": "Nested Loop", "Parent Relationship": "Outer", "Join Type": "Inner", "Startup Cost": 118272.9, "Total Cost": 238142.35, "Plan Rows": 699731, "Plan Width": 24, "Actual Min Startup Time": 1525.547, "Actual Max Startup Time": 1741.741, "Actual Min Total Time": 1530.314, "Actual Max Total Time": 1741.741, "Actual Total Rows": 6, "Inner Unique": true, "Join Filter": "(mc.company_type_id = ct.id), (LLVM Optimized, Jit Execute)", "Rows Removed by Join Filter": 24, "Plans": [{"Node Type": "Hash Join", "Parent Relationship": "Outer", "Join Type": "Inner", "Startup Cost": 118272.9, "Total Cost": 221172.28, "Plan Rows": 699731, "Plan Width": 28, "Actual Min Startup Time": 1525.521, "Actual Max Startup Time": 1698.406, "Actual Min Total Time": 1528.408, "Actual Max Total Time": 1698.406, "Actual Total Rows": 14, "Inner Unique": true, "Hash Cond": "(ci.person_role_id = chn.id), (LLVM Optimized, Jit Execute)", "Plans": [{"Node Type": "Streaming(type: LOCAL REDISTRIBUTE dop: 16/16)", "Parent Relationship": "Outer", "Startup Cost": 104290.19, "Total Cost": 206413.94, "Plan Rows": 1443440, "Plan Width": 16, "Actual Min Startup Time": 267.19, "Actual Max Startup Time": 1139.907, "Actual Min Total Time": 1010.82, "Actual Max Total Time": 1139.907, "Actual Total Rows": 1210267, "Plans": [{"Node Type": "Hash Join", "Parent Relationship": "Outer", "Join Type": "Inner", "Startup Cost": 104290.19, "Total Cost": 185944.65, "Plan Rows": 1443440, "Plan Width": 16, "Actual Min Startup Time": 654.515, "Actual Max Startup Time": 766.246, "Actual Min Total Time": 1227.175, "Actual Max Total Time": 1347.946, "Actual Total Rows": 1210267, "Inner Unique": false, "Hash Cond": "(ci.movie_id = mc.movie_id), (LLVM Optimized, Jit Execute)", "Plans": [{"Node Type": "Streaming(type: LOCAL REDISTRIBUTE dop: 16/16)", "Parent Relationship": "Outer", "Startup Cost": 15005.41, "Total Cost": 94859.97, "Plan Rows": 1436424, "Plan Width": 8, "Actual Min Startup Time": 0.061, "Actual Max Startup Time": 2.164, "Actual Min Total Time": 507.946, "Actual Max Total Time": 533.999, "Actual Total Rows": 1435439, "Plans": [{"Node Type": "Hash Join", "Parent Relationship": "Outer", "Join Type": "Inner", "Startup Cost": 15005.41, "Total Cost": 74417.27, "Plan Rows": 1436424, "Plan Width": 8, "Actual Min Startup Time": 44.415, "Actual Max Startup Time": 359.164, "Actual Min Total Time": 727.868, "Actual Max Total Time": 791.24, "Actual Total Rows": 1435439, "Inner Unique": true, "Hash Cond": "(ci.role_id = rt.id), (LLVM Optimized, Jit Execute)", "Plans": [{"Node Type": "Seq Scan", "Parent Relationship": "Outer", "Relation Name": "cast_info", "Alias": "ci", "Startup Cost": 0.0, "Total Cost": 58282.92, "Plan Rows": 1436424, "Plan Width": 12, "Actual Min Startup Time": 44.315, "Actual Max Startup Time": 359.045, "Actual Min Total Time": 683.134, "Actual Max Total Time": 746.581, "Actual Total Rows": 1435439, "Filter": "((note)::text ~~ '%(producer)%'::text), (LLVM Optimized, Jit Execute)", "Rows Removed by Filter": 34808904}, {"Node Type": "Hash", "Parent Relationship": "Inner", "Startup Cost": 15005.26, "Total Cost": 15005.26, "Plan Rows": 192, "Plan Width": 4, "Actual Min Startup Time": 0.018, "Actual Max Startup Time": 0.098, "Actual Min Total Time": 0.018, "Actual Max Total Time": 0.098, "Actual Total Rows": 192, "Max Hash Buckets": 32768, "Min Hash Buckets": 32768, "Max Hash Batches": 1, "Min Hash Batches": 1, "Max Original Hash Batches": 1, "Min Original Hash Batches": 1, "Max Peak Memory Usage": 1, "min Peak Memory Usage": 1, "Plans": [{"Node Type": "Streaming(type: BROADCAST dop: 16/1)", "Parent Relationship": "Outer", "Startup Cost": 0.0, "Total Cost": 15005.26, "Plan Rows": 192, "Plan Width": 4, "Actual Min Startup Time": 0.005, "Actual Max Startup Time": 0.016, "Actual Min Total Time": 0.006, "Actual Max Total Time": 0.019, "Actual Total Rows": 192, "Plans": [{"Node Type": "Seq Scan", "Parent Relationship": "Outer", "Relation Name": "role_type", "Alias": "rt", "Startup Cost": 0.0, "Total Cost": 1.12, "Plan Rows": 12, "Plan Width": 4, "Actual Min Startup Time": 0.012, "Actual Max Startup Time": 0.012, "Actual Min Total Time": 0.017, "Actual Max Total Time": 0.017, "Actual Total Rows": 12}]}]}]}]}, {"Node Type": "Hash", "Parent Relationship": "Inner", "Startup Cost": 88282.97, "Total Cost": 88282.97, "Plan Rows": 1282311, "Plan Width": 8, "Actual Min Startup Time": 654.343, "Actual Max Startup Time": 766.036, "Actual Min Total Time": 654.343, "Actual Max Total Time": 766.036, "Actual Total Rows": 1153797, "Max Hash Buckets": 131072, "Min Hash Buckets": 131072, "Max Hash Batches": 1, "Min Hash Batches": 1, "Max Original Hash Batches": 1, "Min Original Hash Batches": 1, "Max Peak Memory Usage": 2824, "min Peak Memory Usage": 2824, "Plans": [{"Node Type": "Streaming(type: LOCAL REDISTRIBUTE dop: 16/16)", "Parent Relationship": "Outer", "Startup Cost": 24511.53, "Total Cost": 88282.97, "Plan Rows": 1282311, "Plan Width": 8, "Actual Min Startup Time": 210.935, "Actual Max Startup Time": 322.34, "Actual Min Total Time": 636.024, "Actual Max Total Time": 745.671, "Actual Total Rows": 1153797, "Plans": [{"Node Type": "Hash Join", "Parent Relationship": "Outer", "Join Type": "Inner", "Startup Cost": 24511.53, "Total Cost": 68424.21, "Plan Rows": 1282311, "Plan Width": 8, "Actual Min Startup Time": 208.859, "Actual Max Startup Time": 395.904, "Actual Min Total Time": 531.724, "Actual Max Total Time": 761.672, "Actual Total Rows": 1153797, "Inner Unique": true, "Hash Cond": "(mc.company_id = cn.id), (LLVM Optimized, Jit Execute)", "Plans": [{"Node Type": "Streaming(type: LOCAL REDISTRIBUTE dop: 16/16)", "Parent Relationship": "Outer", "Startup Cost": 0.0, "Total Cost": 42499.73, "Plan Rows": 2609128, "Plan Width": 12, "Actual Min Startup Time": 0.057, "Actual Max Startup Time": 1.428, "Actual Min Total Time": 262.232, "Actual Max Total Time": 340.091, "Actual Total Rows": 2609128, "Plans": [{"Node Type": "Seq Scan", "Parent Relationship": "Outer", "Relation Name": "movie_companies", "Alias": "mc", "Startup Cost": 0.0, "Total Cost": 17613.58, "Plan Rows": 2609128, "Plan Width": 12, "Actual Min Startup Time": 0.026, "Actual Max Startup Time": 0.043, "Actual Min Total Time": 41.08, "Actual Max Total Time": 51.061, "Actual Total Rows": 2609128}]}, {"Node Type": "Hash", "Parent Relationship": "Inner", "Startup Cost": 24444.99, "Total Cost": 24444.99, "Plan Rows": 85170, "Plan Width": 4, "Actual Min Startup Time": 208.731, "Actual Max Startup Time": 394.761, "Actual Min Total Time": 208.731, "Actual Max Total Time": 394.761, "Actual Total Rows": 84843, "Max Hash Buckets": 32768, "Min Hash Buckets": 32768, "Max Hash Batches": 1, "Min Hash Batches": 1, "Max Original Hash Batches": 1, "Min Original Hash Batches": 1, "Max Peak Memory Usage": 182, "min Peak Memory Usage": 182, "Plans": [{"Node Type": "Streaming(type: LOCAL REDISTRIBUTE dop: 16/1)", "Parent Relationship": "Outer", "Startup Cost": 0.0, "Total Cost": 24444.99, "Plan Rows": 85170, "Plan Width": 4, "Actual Min Startup Time": 0.043, "Actual Max Startup Time": 186.918, "Actual Min Total Time": 206.926, "Actual Max Total Time": 392.009, "Actual Total Rows": 84843, "Plans": [{"Node Type": "Seq Scan", "Parent Relationship": "Outer", "Relation Name": "company_name", "Alias": "cn", "Startup Cost": 0.0, "Total Cost": 5903.45, "Plan Rows": 85170, "Plan Width": 4, "Actual Min Startup Time": 0.05, "Actual Max Startup Time": 0.05, "Actual Min Total Time": 99.773, "Actual Max Total Time": 99.773, "Actual Total Rows": 84843, "Filter": "((country_code)::text = '[us]'::text)", "Rows Removed by Filter": 150153}]}]}]}]}]}]}]}, {"Node Type": "Hash", "Parent Relationship": "Inner", "Startup Cost": 46117.27, "Total Cost": 46117.27, "Plan Rows": 3140338, "Plan Width": 20, "Actual Min Startup Time": 388.375, "Actual Max Startup Time": 558.238, "Actual Min Total Time": 388.375, "Actual Max Total Time": 558.238, "Actual Total Rows": 3140338, "Max Hash Buckets": 262144, "Min Hash Buckets": 262144, "Max Hash Batches": 1, "Min Hash Batches": 1, "Max Original Hash Batches": 1, "Min Original Hash Batches": 1, "Max Peak Memory Usage": 10347, "min Peak Memory Usage": 10347, "Plans": [{"Node Type": "Streaming(type: LOCAL REDISTRIBUTE dop: 16/16)", "Parent Relationship": "Outer", "Startup Cost": 0.0, "Total Cost": 46117.27, "Plan Rows": 3140338, "Plan Width": 20, "Actual Min Startup Time": 0.051, "Actual Max Startup Time": 17.737, "Actual Min Total Time": 300.722, "Actual Max Total Time": 467.746, "Actual Total Rows": 3140338, "Plans": [{"Node Type": "Seq Scan", "Parent Relationship": "Outer", "Relation Name": "char_name", "Alias": "chn", "Startup Cost": 0.0, "Total Cost": 19218.34, "Plan Rows": 3140338, "Plan Width": 20, "Actual Min Startup Time": 0.018, "Actual Max Startup Time": 0.033, "Actual Min Total Time": 57.62, "Actual Max Total Time": 68.173, "Actual Total Rows": 3140338}]}]}]}, {"Node Type": "Materialize", "Parent Relationship": "Inner", "Startup Cost": 0.0, "Total Cost": 15002.08, "Plan Rows": 48, "Plan Width": 4, "Actual Min Startup Time": 0.008, "Actual Max Startup Time": 41.332, "Actual Min Total Time": 0.008, "Actual Max Total Time": 41.332, "Actual Total Rows": 46, "Plans": [{"Node Type": "Streaming(type: BROADCAST dop: 16/1)", "Parent Relationship": "Outer", "Startup Cost": 0.0, "Total Cost": 15002.07, "Plan Rows": 48, "Plan Width": 4, "Actual Min Startup Time": 0.004, "Actual Max Startup Time": 41.324, "Actual Min Total Time": 0.005, "Actual Max Total Time": 41.326, "Actual Total Rows": 48, "Plans": [{"Node Type": "Seq Scan", "Parent Relationship": "Outer", "Relation Name": "company_type", "Alias": "ct", "Startup Cost": 0.0, "Total Cost": 1.03, "Plan Rows": 3, "Plan Width": 4, "Actual Min Startup Time": 0.01, "Actual Max Startup Time": 0.01, "Actual Min Total Time": 0.012, "Actual Max Total Time": 0.012, "Actual Total Rows": 3}]}]}]}]}, {"Node Type": "Hash", "Parent Relationship": "Inner", "Startup Cost": 40775.83, "Total Cost": 40775.83, "Plan Rows": 1748840, "Plan Width": 21, "Actual Min Startup Time": 249.391, "Actual Max Startup Time": 423.825, "Actual Min Total Time": 249.391, "Actual Max Total Time": 423.825, "Actual Total Rows": 1749032, "Max Hash Buckets": 131072, "Min Hash Buckets": 131072, "Max Hash Batches": 1, "Min Hash Batches": 1, "Max Original Hash Batches": 1, "Min Original Hash Batches": 1, "Max Peak Memory Usage": 5875, "min Peak Memory Usage": 5875, "Plans": [{"Node Type": "Streaming(type: LOCAL REDISTRIBUTE dop: 16/16)", "Parent Relationship": "Outer", "Startup Cost": 0.0, "Total Cost": 40775.83, "Plan Rows": 1748840, "Plan Width": 21, "Actual Min Startup Time": 0.055, "Actual Max Startup Time": 38.555, "Actual Min Total Time": 207.495, "Actual Max Total Time": 386.837, "Actual Total Rows": 1749032, "Plans": [{"Node Type": "Seq Scan", "Parent Relationship": "Outer", "Relation Name": "title", "Alias": "t", "Startup Cost": 0.0, "Total Cost": 19149.37, "Plan Rows": 1748840, "Plan Width": 21, "Actual Min Startup Time": 0.031, "Actual Max Startup Time": 0.05, "Actual Min Total Time": 64.362, "Actual Max Total Time": 71.656, "Actual Total Rows": 1749032, "Filter": "(production_year > 1990), (LLVM Optimized, Jit Execute)", "Rows Removed by Filter": 779279}]}]}]}]}]}]}, "Triggers": [], "Planner Runtime": 87.81, "Total Runtime": 1891.157, "Unique SQL Id": 3145361615}}, "(16, 15)": {"explain_plan": {"Plan": {"Node Type": "Aggregate", "Strategy": "Plain", "Startup Cost": 3972961914394.84, "Total Cost": 3972961914394.85, "Plan Rows": 1, "Plan Width": 97, "Plans": [{"Node Type": "Merge Join", "Parent Relationship": "Outer", "Join Type": "Inner", "Startup Cost": 309264820768.09, "Total Cost": 3972961909547.78, "Plan Rows": 969413, "Plan Width": 33, "Inner Unique": true, "Merge Cond": "(ci.person_role_id = chn.id)", "Plans": [{"Node Type": "Nested Loop", "Parent Relationship": "Outer", "Join Type": "Inner", "Startup Cost": 60000000000.0, "Total Cost": 6069052207123.43, "Plan Rows": 1999754, "Plan Width": 21, "Inner Unique": true, "Join Filter": "(mc.movie_id = t.id), (LLVM Optimized)", "Plans": [{"Node Type": "Nested Loop", "Parent Relationship": "Outer", "Join Type": "Inner", "Startup Cost": 50000000000.0, "Total Cost": 5031175374480.67, "Plan Rows": 1443440, "Plan Width": 12, "Inner Unique": true, "Join Filter": "(mc.company_type_id = ct.id), (LLVM Optimized)", "Plans": [{"Node Type": "Nested Loop", "Parent Relationship": "Outer", "Join Type": "Inner", "Startup Cost": 40000000000.0, "Total Cost": 4031175308296.36, "Plan Rows": 1443440, "Plan Width": 16, "Inner Unique": false, "Join Filter": "(ci.movie_id = mc.movie_id), (LLVM Optimized)", "Plans": [{"Node Type": "Nested Loop", "Parent Relationship": "Outer", "Join Type": "Inner", "Startup Cost": 20000000000.0, "Total Cost": 2000202510607.33, "Plan Rows": 1436424, "Plan Width": 8, "Inner Unique": true, "Join Filter": "(ci.role_id = rt.id), (LLVM Optimized)", "Plans": [{"Node Type": "Index Scan", "Parent Relationship": "Outer", "Scan Direction": "Forward", "Index Name": "person_role_id_cast_info", "Relation Name": "cast_info", "Alias": "ci", "Startup Cost": 10000000000.0, "Total Cost": 1000202250807.98, "Plan Rows": 1436424, "Plan Width": 12, "Filter": "((note)::text ~~ '%(producer)%'::text), (LLVM Optimized)"}, {"Node Type": "Materialize", "Parent Relationship": "Inner", "Startup Cost": 10000000000.0, "Total Cost": 1000000001243.06, "Plan Rows": 12, "Plan Width": 4, "Plans": [{"Node Type": "Index Scan", "Parent Relationship": "Outer", "Scan Direction": "Forward", "Index Name": "role_type_pkey", "Relation Name": "role_type", "Alias": "rt", "Startup Cost": 10000000000.0, "Total Cost": 1000000001243.0, "Plan Rows": 12, "Plan Width": 4}]}]}, {"Node Type": "Materialize", "Parent Relationship": "Inner", "Startup Cost": 20000000000.0, "Total Cost": 2003343666456.85, "Plan Rows": 1282311, "Plan Width": 8, "Plans": [{"Node Type": "Nested Loop", "Parent Relationship": "Outer", "Join Type": "Inner", "Startup Cost": 20000000000.0, "Total Cost": 2003343660045.29, "Plan Rows": 1282311, "Plan Width": 8, "Inner Unique": true, "Join Filter": "(cn.id = mc.company_id), (LLVM Optimized)", "Plans": [{"Node Type": "Index Scan", "Parent Relationship": "Outer", "Scan Direction": "Forward", "Index Name": "company_type_id_movie_companies", "Relation Name": "movie_companies", "Alias": "mc", "Startup Cost": 10000000000.0, "Total Cost": 1000009318217.0, "Plan Rows": 2609128, "Plan Width": 12}, {"Node Type": "Materialize", "Parent Relationship": "Inner", "Startup Cost": 10000000000.0, "Total Cost": 1000001050564.82, "Plan Rows": 85170, "Plan Width": 4, "Plans": [{"Node Type": "Index Scan", "Parent Relationship": "Outer", "Scan Direction": "Forward", "Index Name": "company_name_pkey", "Relation Name": "company_name", "Alias": "cn", "Startup Cost": 10000000000.0, "Total Cost": 1000001050138.97, "Plan Rows": 85170, "Plan Width": 4, "Filter": "((country_code)::text = '[us]'::text)"}]}]}]}]}, {"Node Type": "Materialize", "Parent Relationship": "Inner", "Startup Cost": 10000000000.0, "Total Cost": 1000000001229.52, "Plan Rows": 3, "Plan Width": 4, "Plans": [{"Node Type": "Index Scan", "Parent Relationship": "Outer", "Scan Direction": "Forward", "Index Name": "company_type_pkey", "Relation Name": "company_type", "Alias": "ct", "Startup Cost": 10000000000.0, "Total Cost": 1000000001229.5, "Plan Rows": 3, "Plan Width": 4}]}]}, {"Node Type": "Materialize", "Parent Relationship": "Inner", "Startup Cost": 10000000000.0, "Total Cost": 1000011652870.86, "Plan Rows": 1748840, "Plan Width": 21, "Plans": [{"Node Type": "Index Scan", "Parent Relationship": "Outer", "Scan Direction": "Forward", "Index Name": "title_pkey", "Relation Name": "title", "Alias": "t", "Startup Cost": 10000000000.0, "Total Cost": 1000011644126.66, "Plan Rows": 1748840, "Plan Width": 21, "Filter": "(production_year > 1990), (LLVM Optimized)"}]}]}, {"Node Type": "Index Scan", "Parent Relationship": "Inner", "Scan Direction": "Forward", "Index Name": "char_name_pkey", "Relation Name": "char_name", "Alias": "chn", "Startup Cost": 10000000000.0, "Total Cost": 1000012987545.51, "Plan Rows": 3140338, "Plan Width": 20}]}]}, "Unique SQL Id": 3145361615}, "explain_analyze_plan": null}, "(16, 16)": {"explain_plan": {"Plan": {"Node Type": "Aggregate", "Strategy": "Plain", "Startup Cost": 1250241.79, "Total Cost": 1250241.8, "Plan Rows": 1, "Plan Width": 97, "Plans": [{"Node Type": "Merge Join", "Parent Relationship": "Outer", "Join Type": "Inner", "Startup Cost": 1064877.33, "Total Cost": 1245394.72, "Plan Rows": 969413, "Plan Width": 33, "Inner Unique": true, "Merge Cond": "(mc.movie_id = t.id)", "Plans": [{"Node Type": "Nested Loop", "Parent Relationship": "Outer", "Join Type": "Inner", "Startup Cost": 1064874.71, "Total Cost": 1113253.68, "Plan Rows": 699731, "Plan Width": 24, "Inner Unique": true, "Join Filter": "(mc.company_type_id = ct.id), (LLVM Optimized)", "Plans": [{"Node Type": "Merge Join", "Parent Relationship": "Outer", "Join Type": "Inner", "Startup Cost": 1064874.71, "Total Cost": 1081764.75, "Plan Rows": 699731, "Plan Width": 28, "Inner Unique": false, "Merge Cond": "(ci.movie_id = mc.movie_id)", "Plans": [{"Node Type": "Sort", "Parent Relationship": "Outer", "Startup Cost": 781048.43, "Total Cost": 782789.25, "Plan Rows": 696330, "Plan Width": 20, "Sort Key": ["ci.movie_id"], "Plans": [{"Node Type": "Nested Loop", "Parent Relationship": "Outer", "Join Type": "Inner", "Startup Cost": 0.0, "Total Cost": 713471.65, "Plan Rows": 696330, "Plan Width": 20, "Inner Unique": true, "Plans": [{"Node Type": "Streaming(type: LOCAL GATHER dop: 1/16)", "Parent Relationship": "Outer", "Startup Cost": 0.0, "Total Cost": 120448.93, "Plan Rows": 1436424, "Plan Width": 8, "Plans": [{"Node Type": "Nested Loop", "Parent Relationship": "Outer", "Join Type": "Inner", "Startup Cost": 0.0, "Total Cost": 89447.98, "Plan Rows": 1436424, "Plan Width": 8, "Inner Unique": true, "Join Filter": "(ci.role_id = rt.id), (LLVM Optimized)", "Plans": [{"Node Type": "Seq Scan", "Parent Relationship": "Outer", "Relation Name": "cast_info", "Alias": "ci", "Startup Cost": 0.0, "Total Cost": 58282.92, "Plan Rows": 1436424, "Plan Width": 12, "Filter": "((note)::text ~~ '%(producer)%'::text), (LLVM Optimized)"}, {"Node Type": "Materialize", "Parent Relationship": "Inner", "Startup Cost": 0.0, "Total Cost": 15005.32, "Plan Rows": 192, "Plan Width": 4, "Plans": [{"Node Type": "Streaming(type: BROADCAST dop: 16/1)", "Parent Relationship": "Outer", "Startup Cost": 0.0, "Total Cost": 15005.26, "Plan Rows": 192, "Plan Width": 4, "Plans": [{"Node Type": "Seq Scan", "Parent Relationship": "Outer", "Relation Name": "role_type", "Alias": "rt", "Startup Cost": 0.0, "Total Cost": 1.12, "Plan Rows": 12, "Plan Width": 4}]}]}]}]}, {"Node Type": "Index Scan", "Parent Relationship": "Inner", "Scan Direction": "Forward", "Index Name": "char_name_pkey", "Relation Name": "char_name", "Alias": "chn", "Startup Cost": 0.0, "Total Cost": 0.4, "Plan Rows": 1, "Plan Width": 20, "Index Cond": "(id = ci.person_role_id)"}]}]}, {"Node Type": "Sort", "Parent Relationship": "Inner", "Startup Cost": 283826.21, "Total Cost": 287031.99, "Plan Rows": 1282311, "Plan Width": 8, "Sort Key": ["mc.movie_id"], "Plans": [{"Node Type": "Merge Join", "Parent Relationship": "Outer", "Join Type": "Inner", "Startup Cost": 3383.04, "Total Cost": 153733.74, "Plan Rows": 1282311, "Plan Width": 8, "Inner Unique": false, "Merge Cond": "(cn.id = mc.company_id)", "Plans": [{"Node Type": "Index Scan", "Parent Relationship": "Outer", "Scan Direction": "Forward", "Index Name": "company_name_pkey", "Relation Name": "company_name", "Alias": "cn", "Startup Cost": 0.0, "Total Cost": 10501.39, "Plan Rows": 85170, "Plan Width": 4, "Filter": "((country_code)::text = '[us]'::text)"}, {"Node Type": "Index Scan", "Parent Relationship": "Inner", "Scan Direction": "Forward", "Index Name": "company_id_movie_companies", "Relation Name": "movie_companies", "Alias": "mc", "Startup Cost": 0.0, "Total Cost": 123673.5, "Plan Rows": 2609128, "Plan Width": 12}]}]}]}, {"Node Type": "Materialize", "Parent Relationship": "Inner", "Startup Cost": 0.0, "Total Cost": 1.04, "Plan Rows": 3, "Plan Width": 4, "Plans": [{"Node Type": "Seq Scan", "Parent Relationship": "Outer", "Relation Name": "company_type", "Alias": "ct", "Startup Cost": 0.0, "Total Cost": 1.03, "Plan Rows": 3, "Plan Width": 4}]}]}, {"Node Type": "Index Scan", "Parent Relationship": "Inner", "Scan Direction": "Forward", "Index Name": "title_pkey", "Relation Name": "title", "Alias": "t", "Startup Cost": 0.0, "Total Cost": 116441.27, "Plan Rows": 1748840, "Plan Width": 21, "Filter": "(production_year > 1990), (LLVM Optimized)"}]}]}, "Unique SQL Id": 3145361615}, "explain_analyze_plan": null}, "(16, 17)": {"explain_plan": {"Plan": {"Node Type": "Aggregate", "Strategy": "Plain", "Startup Cost": 1741668.45, "Total Cost": 1741668.46, "Plan Rows": 1, "Plan Width": 97, "Plans": [{"Node Type": "Merge Join", "Parent Relationship": "Outer", "Join Type": "Inner", "Startup Cost": 1556296.73, "Total Cost": 1736821.38, "Plan Rows": 969413, "Plan Width": 33, "Inner Unique": true, "Merge Cond": "(mc.movie_id = t.id)", "Plans": [{"Node Type": "Nested Loop", "Parent Relationship": "Outer", "Join Type": "Inner", "Startup Cost": 1556294.1, "Total Cost": 1604680.34, "Plan Rows": 699731, "Plan Width": 24, "Inner Unique": true, "Join Filter": "(mc.company_type_id = ct.id), (LLVM Optimized)", "Plans": [{"Node Type": "Merge Join", "Parent Relationship": "Outer", "Join Type": "Inner", "Startup Cost": 1556294.1, "Total Cost": 1573184.14, "Plan Rows": 699731, "Plan Width": 28, "Inner Unique": false, "Merge Cond": "(ci.movie_id = mc.movie_id)", "Plans": [{"Node Type": "Sort", "Parent Relationship": "Outer", "Startup Cost": 1272467.82, "Total Cost": 1274208.65, "Plan Rows": 696330, "Plan Width": 20, "Sort Key": ["ci.movie_id"], "Plans": [{"Node Type": "Merge Join", "Parent Relationship": "Outer", "Join Type": "Inner", "Startup Cost": 1194438.34, "Total Cost": 1204891.05, "Plan Rows": 696330, "Plan Width": 20, "Inner Unique": false, "Merge Cond": "(rt.id = ci.role_id)", "Plans": [{"Node Type": "Index Only Scan", "Parent Relationship": "Outer", "Scan Direction": "Forward", "Index Name": "role_type_pkey", "Relation Name": "role_type", "Alias": "rt", "Startup Cost": 0.0, "Total Cost": 8.43, "Plan Rows": 12, "Plan Width": 4}, {"Node Type": "Sort", "Parent Relationship": "Inner", "Startup Cost": 1194438.34, "Total Cost": 1196179.17, "Plan Rows": 696330, "Plan Width": 24, "Sort Key": ["ci.role_id"], "Plans": [{"Node Type": "Merge Join", "Parent Relationship": "Outer", "Join Type": "Inner", "Startup Cost": 80674.47, "Total Cost": 1126861.56, "Plan Rows": 696330, "Plan Width": 24, "Inner Unique": false, "Merge Cond": "(chn.id = ci.person_role_id)", "Plans": [{"Node Type": "Index Scan", "Parent Relationship": "Outer", "Scan Direction": "Forward", "Index Name": "char_name_pkey", "Relation Name": "char_name", "Alias": "chn", "Startup Cost": 0.0, "Total Cost": 129875.46, "Plan Rows": 3140338, "Plan Width": 20}, {"Node Type": "Index Scan", "Parent Relationship": "Inner", "Scan Direction": "Forward", "Index Name": "person_role_id_cast_info", "Relation Name": "cast_info", "Alias": "ci", "Startup Cost": 0.0, "Total Cost": 2022508.08, "Plan Rows": 1436424, "Plan Width": 12, "Filter": "((note)::text ~~ '%(producer)%'::text), (LLVM Optimized)"}]}]}]}]}, {"Node Type": "Sort", "Parent Relationship": "Inner", "Startup Cost": 283826.21, "Total Cost": 287031.99, "Plan Rows": 1282311, "Plan Width": 8, "Sort Key": ["mc.movie_id"], "Plans": [{"Node Type": "Merge Join", "Parent Relationship": "Outer", "Join Type": "Inner", "Startup Cost": 3383.04, "Total Cost": 153733.74, "Plan Rows": 1282311, "Plan Width": 8, "Inner Unique": false, "Merge Cond": "(cn.id = mc.company_id)", "Plans": [{"Node Type": "Index Scan", "Parent Relationship": "Outer", "Scan Direction": "Forward", "Index Name": "company_name_pkey", "Relation Name": "company_name", "Alias": "cn", "Startup Cost": 0.0, "Total Cost": 10501.39, "Plan Rows": 85170, "Plan Width": 4, "Filter": "((country_code)::text = '[us]'::text)"}, {"Node Type": "Index Scan", "Parent Relationship": "Inner", "Scan Direction": "Forward", "Index Name": "company_id_movie_companies", "Relation Name": "movie_companies", "Alias": "mc", "Startup Cost": 0.0, "Total Cost": 123673.5, "Plan Rows": 2609128, "Plan Width": 12}]}]}]}, {"Node Type": "Materialize", "Parent Relationship": "Inner", "Startup Cost": 0.0, "Total Cost": 8.31, "Plan Rows": 3, "Plan Width": 4, "Plans": [{"Node Type": "Index Only Scan", "Parent Relationship": "Outer", "Scan Direction": "Forward", "Index Name": "company_type_pkey", "Relation Name": "company_type", "Alias": "ct", "Startup Cost": 0.0, "Total Cost": 8.29, "Plan Rows": 3, "Plan Width": 4}]}]}, {"Node Type": "Index Scan", "Parent Relationship": "Inner", "Scan Direction": "Forward", "Index Name": "title_pkey", "Relation Name": "title", "Alias": "t", "Startup Cost": 0.0, "Total Cost": 116441.27, "Plan Rows": 1748840, "Plan Width": 21, "Filter": "(production_year > 1990), (LLVM Optimized)"}]}]}, "Unique SQL Id": 3145361615}, "explain_analyze_plan": null}, "(16, 18)": {"explain_plan": {"Plan": {"Node Type": "Aggregate", "Strategy": "Plain", "Startup Cost": 10017590.97, "Total Cost": 10017590.98, "Plan Rows": 1, "Plan Width": 97, "Plans": [{"Node Type": "Nested Loop", "Parent Relationship": "Outer", "Join Type": "Inner", "Startup Cost": 6957666.18, "Total Cost": 10012743.91, "Plan Rows": 969413, "Plan Width": 33, "Inner Unique": true, "Plans": [{"Node Type": "Nested Loop", "Parent Relationship": "Outer", "Join Type": "Inner", "Startup Cost": 6957665.9, "Total Cost": 7006044.88, "Plan Rows": 699731, "Plan Width": 24, "Inner Unique": true, "Join Filter": "(mc.company_type_id = ct.id), (LLVM Optimized)", "Plans": [{"Node Type": "Merge Join", "Parent Relationship": "Outer", "Join Type": "Inner", "Startup Cost": 6957665.9, "Total Cost": 6974555.94, "Plan Rows": 699731, "Plan Width": 28, "Inner Unique": false, "Merge Cond": "(ci.movie_id = mc.movie_id)", "Plans": [{"Node Type": "Sort", "Parent Relationship": "Outer", "Startup Cost": 6382743.53, "Total Cost": 6384484.36, "Plan Rows": 696330, "Plan Width": 20, "Sort Key": ["ci.movie_id"], "Plans": [{"Node Type": "Nested Loop", "Parent Relationship": "Outer", "Join Type": "Inner", "Startup Cost": 0.29, "Total Cost": 6315166.75, "Plan Rows": 696330, "Plan Width": 20, "Inner Unique": true, "Plans": [{"Node Type": "Streaming(type: LOCAL GATHER dop: 1/16)", "Parent Relationship": "Outer", "Startup Cost": 0.0, "Total Cost": 120448.93, "Plan Rows": 1436424, "Plan Width": 8, "Plans": [{"Node Type": "Nested Loop", "Parent Relationship": "Outer", "Join Type": "Inner", "Startup Cost": 0.0, "Total Cost": 89447.98, "Plan Rows": 1436424, "Plan Width": 8, "Inner Unique": true, "Join Filter": "(ci.role_id = rt.id), (LLVM Optimized)", "Plans": [{"Node Type": "Seq Scan", "Parent Relationship": "Outer", "Relation Name": "cast_info", "Alias": "ci", "Startup Cost": 0.0, "Total Cost": 58282.92, "Plan Rows": 1436424, "Plan Width": 12, "Filter": "((note)::text ~~ '%(producer)%'::text), (LLVM Optimized)"}, {"Node Type": "Materialize", "Parent Relationship": "Inner", "Startup Cost": 0.0, "Total Cost": 15005.32, "Plan Rows": 192, "Plan Width": 4, "Plans": [{"Node Type": "Streaming(type: BROADCAST dop: 16/1)", "Parent Relationship": "Outer", "Startup Cost": 0.0, "Total Cost": 15005.26, "Plan Rows": 192, "Plan Width": 4, "Plans": [{"Node Type": "Seq Scan", "Parent Relationship": "Outer", "Relation Name": "role_type", "Alias": "rt", "Startup Cost": 0.0, "Total Cost": 1.12, "Plan Rows": 12, "Plan Width": 4}]}]}]}]}, {"Node Type": "Bitmap Heap Scan", "Parent Relationship": "Inner", "Relation Name": "char_name", "Alias": "chn", "Startup Cost": 0.29, "Total Cost": 4.3, "Plan Rows": 1, "Plan Width": 20, "Recheck Cond": "(id = ci.person_role_id)", "Plans": [{"Node Type": "Bitmap Index Scan", "Parent Relationship": "Outer", "Index Name": "char_name_pkey", "Startup Cost": 0.0, "Total Cost": 0.29, "Plan Rows": 1, "Plan Width": 0, "Index Cond": "(id = ci.person_role_id)"}]}]}]}, {"Node Type": "Sort", "Parent Relationship": "Inner", "Startup Cost": 574922.31, "Total Cost": 578128.08, "Plan Rows": 1282311, "Plan Width": 8, "Sort Key": ["mc.movie_id"], "Plans": [{"Node Type": "Nested Loop", "Parent Relationship": "Outer", "Join Type": "Inner", "Startup Cost": 0.82, "Total Cost": 444829.84, "Plan Rows": 1282311, "Plan Width": 8, "Inner Unique": false, "Plans": [{"Node Type": "Seq Scan", "Parent Relationship": "Outer", "Relation Name": "company_name", "Alias": "cn", "Startup Cost": 0.0, "Total Cost": 5903.45, "Plan Rows": 85170, "Plan Width": 4, "Filter": "((country_code)::text = '[us]'::text)"}, {"Node Type": "Bitmap Heap Scan", "Parent Relationship": "Inner", "Relation Name": "movie_companies", "Alias": "mc", "Startup Cost": 0.82, "Total Cost": 5.0, "Plan Rows": 15, "Plan Width": 12, "Recheck Cond": "(company_id = cn.id)", "Plans": [{"Node Type": "Bitmap Index Scan", "Parent Relationship": "Outer", "Index Name": "company_id_movie_companies", "Startup Cost": 0.0, "Total Cost": 0.81, "Plan Rows": 15, "Plan Width": 0, "Index Cond": "(company_id = cn.id)"}]}]}]}]}, {"Node Type": "Materialize", "Parent Relationship": "Inner", "Startup Cost": 0.0, "Total Cost": 1.04, "Plan Rows": 3, "Plan Width": 4, "Plans": [{"Node Type": "Seq Scan", "Parent Relationship": "Outer", "Relation Name": "company_type", "Alias": "ct", "Startup Cost": 0.0, "Total Cost": 1.03, "Plan Rows": 3, "Plan Width": 4}]}]}, {"Node Type": "Bitmap Heap Scan", "Parent Relationship": "Inner", "Relation Name": "title", "Alias": "t", "Startup Cost": 0.27, "Total Cost": 4.29, "Plan Rows": 1, "Plan Width": 21, "Recheck Cond": "(id = mc.movie_id)", "Filter": "(production_year > 1990)", "Plans": [{"Node Type": "Bitmap Index Scan", "Parent Relationship": "Outer", "Index Name": "title_pkey", "Startup Cost": 0.0, "Total Cost": 0.27, "Plan Rows": 1, "Plan Width": 0, "Index Cond": "(id = mc.movie_id)"}]}]}]}, "Unique SQL Id": 3145361615}, "explain_analyze_plan": null}, "(16, 19)": {"explain_plan": {"Plan": {"Node Type": "Aggregate", "Strategy": "Plain", "Startup Cost": 3135635.86, "Total Cost": 3135635.87, "Plan Rows": 1, "Plan Width": 97, "Plans": [{"Node Type": "Merge Join", "Parent Relationship": "Outer", "Join Type": "Inner", "Startup Cost": 3062227.73, "Total Cost": 3130788.79, "Plan Rows": 969413, "Plan Width": 33, "Inner Unique": true, "Merge Cond": "(mc.movie_id = t.id)", "Plans": [{"Node Type": "Nested Loop", "Parent Relationship": "Outer", "Join Type": "Inner", "Startup Cost": 2764409.71, "Total Cost": 2812791.68, "Plan Rows": 699731, "Plan Width": 24, "Inner Unique": true, "Join Filter": "(mc.company_type_id = ct.id), (LLVM Optimized)", "Plans": [{"Node Type": "Merge Join", "Parent Relationship": "Outer", "Join Type": "Inner", "Startup Cost": 2764401.44, "Total Cost": 2781291.48, "Plan Rows": 699731, "Plan Width": 28, "Inner Unique": false, "Merge Cond": "(ci.movie_id = mc.movie_id)", "Plans": [{"Node Type": "Sort", "Parent Relationship": "Outer", "Startup Cost": 2220458.7, "Total Cost": 2222199.52, "Plan Rows": 696330, "Plan Width": 20, "Sort Key": ["ci.movie_id"], "Plans": [{"Node Type": "Merge Join", "Parent Relationship": "Outer", "Join Type": "Inner", "Startup Cost": 2142436.91, "Total Cost": 2152881.92, "Plan Rows": 696330, "Plan Width": 20, "Inner Unique": false, "Merge Cond": "(rt.id = ci.role_id)", "Plans": [{"Node Type": "Sort", "Parent Relationship": "Outer", "Startup Cost": 12.65, "Total Cost": 12.68, "Plan Rows": 12, "Plan Width": 4, "Sort Key": ["rt.id"], "Plans": [{"Node Type": "Bitmap Heap Scan", "Parent Relationship": "Outer", "Relation Name": "role_type", "Alias": "rt", "Startup Cost": 8.31, "Total Cost": 12.43, "Plan Rows": 12, "Plan Width": 4, "Plans": [{"Node Type": "Bitmap Index Scan", "Parent Relationship": "Outer", "Index Name": "role_type_pkey", "Startup Cost": 0.0, "Total Cost": 8.31, "Plan Rows": 12, "Plan Width": 0}]}]}, {"Node Type": "Sort", "Parent Relationship": "Inner", "Startup Cost": 2142424.26, "Total Cost": 2144165.09, "Plan Rows": 696330, "Plan Width": 24, "Sort Key": ["ci.role_id"], "Plans": [{"Node Type": "Merge Join", "Parent Relationship": "Outer", "Join Type": "Inner", "Startup Cost": 2048986.87, "Total Cost": 2074847.49, "Plan Rows": 696330, "Plan Width": 24, "Inner Unique": false, "Merge Cond": "(chn.id = ci.person_role_id)", "Plans": [{"Node Type": "Sort", "Parent Relationship": "Outer", "Startup Cost": 469325.95, "Total Cost": 477176.79, "Plan Rows": 3140338, "Plan Width": 20, "Sort Key": ["chn.id"], "Plans": [{"Node Type": "Bitmap Heap Scan", "Parent Relationship": "Outer", "Relation Name": "char_name", "Alias": "chn", "Startup Cost": 62951.02, "Total Cost": 130444.4, "Plan Rows": 3140338, "Plan Width": 20, "Plans": [{"Node Type": "Bitmap Index Scan", "Parent Relationship": "Outer", "Index Name": "char_name_pkey", "Startup Cost": 0.0, "Total Cost": 62165.94, "Plan Rows": 3140338, "Plan Width": 0}]}]}, {"Node Type": "Sort", "Parent Relationship": "Inner", "Startup Cost": 1579374.94, "Total Cost": 1582966.0, "Plan Rows": 1436424, "Plan Width": 12, "Sort Key": ["ci.person_role_id"], "Plans": [{"Node Type": "Bitmap Heap Scan", "Parent Relationship": "Outer", "Relation Name": "cast_info", "Alias": "ci", "Startup Cost": 739944.83, "Total Cost": 1432471.5, "Plan Rows": 1436424, "Plan Width": 12, "Filter": "((note)::text ~~ '%(producer)%'::text), (LLVM Optimized)", "Plans": [{"Node Type": "Bitmap Index Scan", "Parent Relationship": "Outer", "Index Name": "person_role_id_cast_info", "Startup Cost": 0.0, "Total Cost": 739585.72, "Plan Rows": 36259494, "Plan Width": 0}]}]}]}]}]}]}, {"Node Type": "Sort", "Parent Relationship": "Inner", "Startup Cost": 543942.68, "Total Cost": 547148.46, "Plan Rows": 1282311, "Plan Width": 8, "Sort Key": ["mc.movie_id"], "Plans": [{"Node Type": "Merge Join", "Parent Relationship": "Outer", "Join Type": "Inner", "Startup Cost": 387894.59, "Total Cost": 413850.21, "Plan Rows": 1282311, "Plan Width": 8, "Inner Unique": false, "Merge Cond": "(cn.id = mc.company_id)", "Plans": [{"Node Type": "Sort", "Parent Relationship": "Outer", "Startup Cost": 15678.57, "Total Cost": 15891.49, "Plan Rows": 85170, "Plan Width": 4, "Sort Key": ["cn.id"], "Plans": [{"Node Type": "Bitmap Heap Scan", "Parent Relationship": "Outer", "Relation Name": "company_name", "Alias": "cn", "Startup Cost": 2800.52, "Total Cost": 8703.97, "Plan Rows": 85170, "Plan Width": 4, "Filter": "((country_code)::text = '[us]'::text)", "Plans": [{"Node Type": "Bitmap Index Scan", "Parent Relationship": "Outer", "Index Name": "company_name_pkey", "Startup Cost": 0.0, "Total Cost": 2779.23, "Plan Rows": 234996, "Plan Width": 0}]}]}, {"Node Type": "Sort", "Parent Relationship": "Inner", "Startup Cost": 371877.05, "Total Cost": 378399.87, "Plan Rows": 2609128, "Plan Width": 12, "Sort Key": ["mc.company_id"], "Plans": [{"Node Type": "Bitmap Heap Scan", "Parent Relationship": "Outer", "Relation Name": "movie_companies", "Alias": "mc", "Startup Cost": 51990.17, "Total Cost": 93807.45, "Plan Rows": 2609128, "Plan Width": 12, "Plans": [{"Node Type": "Bitmap Index Scan", "Parent Relationship": "Outer", "Index Name": "movie_id_movie_companies", "Startup Cost": 0.0, "Total Cost": 51337.89, "Plan Rows": 2609128, "Plan Width": 0}]}]}]}]}]}, {"Node Type": "Materialize", "Parent Relationship": "Inner", "Startup Cost": 8.27, "Total Cost": 12.31, "Plan Rows": 3, "Plan Width": 4, "Plans": [{"Node Type": "Bitmap Heap Scan", "Parent Relationship": "Outer", "Relation Name": "company_type", "Alias": "ct", "Startup Cost": 8.27, "Total Cost": 12.3, "Plan Rows": 3, "Plan Width": 4, "Plans": [{"Node Type": "Bitmap Index Scan", "Parent Relationship": "Outer", "Index Name": "company_type_pkey", "Startup Cost": 0.0, "Total Cost": 8.27, "Plan Rows": 3, "Plan Width": 0}]}]}]}, {"Node Type": "Sort", "Parent Relationship": "Inner", "Startup Cost": 297817.83, "Total Cost": 302189.93, "Plan Rows": 1748840, "Plan Width": 21, "Sort Key": ["t.id"], "Plans": [{"Node Type": "Bitmap Heap Scan", "Parent Relationship": "Outer", "Relation Name": "title", "Alias": "t", "Startup Cost": 50091.01, "Total Cost": 116480.9, "Plan Rows": 1748840, "Plan Width": 21, "Filter": "(production_year > 1990), (LLVM Optimized)", "Plans": [{"Node Type": "Bitmap Index Scan", "Parent Relationship": "Outer", "Index Name": "title_pkey", "Startup Cost": 0.0, "Total Cost": 49653.81, "Plan Rows": 2528311, "Plan Width": 0}]}]}]}]}, "Unique SQL Id": 3145361615}, "explain_analyze_plan": null}, "(16, 20)": {"explain_plan": {"Plan": {"Node Type": "Aggregate", "Strategy": "Plain", "Startup Cost": 1250241.79, "Total Cost": 1250241.8, "Plan Rows": 1, "Plan Width": 97, "Plans": [{"Node Type": "Merge Join", "Parent Relationship": "Outer", "Join Type": "Inner", "Startup Cost": 1064877.33, "Total Cost": 1245394.72, "Plan Rows": 969413, "Plan Width": 33, "Inner Unique": true, "Merge Cond": "(mc.movie_id = t.id)", "Plans": [{"Node Type": "Nested Loop", "Parent Relationship": "Outer", "Join Type": "Inner", "Startup Cost": 1064874.71, "Total Cost": 1113253.68, "Plan Rows": 699731, "Plan Width": 24, "Inner Unique": true, "Join Filter": "(mc.company_type_id = ct.id), (LLVM Optimized)", "Plans": [{"Node Type": "Merge Join", "Parent Relationship": "Outer", "Join Type": "Inner", "Startup Cost": 1064874.71, "Total Cost": 1081764.75, "Plan Rows": 699731, "Plan Width": 28, "Inner Unique": false, "Merge Cond": "(ci.movie_id = mc.movie_id)", "Plans": [{"Node Type": "Sort", "Parent Relationship": "Outer", "Startup Cost": 781048.43, "Total Cost": 782789.25, "Plan Rows": 696330, "Plan Width": 20, "Sort Key": ["ci.movie_id"], "Plans": [{"Node Type": "Nested Loop", "Parent Relationship": "Outer", "Join Type": "Inner", "Startup Cost": 0.0, "Total Cost": 713471.65, "Plan Rows": 696330, "Plan Width": 20, "Inner Unique": true, "Plans": [{"Node Type": "Streaming(type: LOCAL GATHER dop: 1/16)", "Parent Relationship": "Outer", "Startup Cost": 0.0, "Total Cost": 120448.93, "Plan Rows": 1436424, "Plan Width": 8, "Plans": [{"Node Type": "Nested Loop", "Parent Relationship": "Outer", "Join Type": "Inner", "Startup Cost": 0.0, "Total Cost": 89447.98, "Plan Rows": 1436424, "Plan Width": 8, "Inner Unique": true, "Join Filter": "(ci.role_id = rt.id), (LLVM Optimized)", "Plans": [{"Node Type": "Seq Scan", "Parent Relationship": "Outer", "Relation Name": "cast_info", "Alias": "ci", "Startup Cost": 0.0, "Total Cost": 58282.92, "Plan Rows": 1436424, "Plan Width": 12, "Filter": "((note)::text ~~ '%(producer)%'::text), (LLVM Optimized)"}, {"Node Type": "Materialize", "Parent Relationship": "Inner", "Startup Cost": 0.0, "Total Cost": 15005.32, "Plan Rows": 192, "Plan Width": 4, "Plans": [{"Node Type": "Streaming(type: BROADCAST dop: 16/1)", "Parent Relationship": "Outer", "Startup Cost": 0.0, "Total Cost": 15005.26, "Plan Rows": 192, "Plan Width": 4, "Plans": [{"Node Type": "Seq Scan", "Parent Relationship": "Outer", "Relation Name": "role_type", "Alias": "rt", "Startup Cost": 0.0, "Total Cost": 1.12, "Plan Rows": 12, "Plan Width": 4}]}]}]}]}, {"Node Type": "Index Scan", "Parent Relationship": "Inner", "Scan Direction": "Forward", "Index Name": "char_name_pkey", "Relation Name": "char_name", "Alias": "chn", "Startup Cost": 0.0, "Total Cost": 0.4, "Plan Rows": 1, "Plan Width": 20, "Index Cond": "(id = ci.person_role_id)"}]}]}, {"Node Type": "Sort", "Parent Relationship": "Inner", "Startup Cost": 283826.21, "Total Cost": 287031.99, "Plan Rows": 1282311, "Plan Width": 8, "Sort Key": ["mc.movie_id"], "Plans": [{"Node Type": "Merge Join", "Parent Relationship": "Outer", "Join Type": "Inner", "Startup Cost": 3383.04, "Total Cost": 153733.74, "Plan Rows": 1282311, "Plan Width": 8, "Inner Unique": false, "Merge Cond": "(cn.id = mc.company_id)", "Plans": [{"Node Type": "Index Scan", "Parent Relationship": "Outer", "Scan Direction": "Forward", "Index Name": "company_name_pkey", "Relation Name": "company_name", "Alias": "cn", "Startup Cost": 0.0, "Total Cost": 10501.39, "Plan Rows": 85170, "Plan Width": 4, "Filter": "((country_code)::text = '[us]'::text)"}, {"Node Type": "Index Scan", "Parent Relationship": "Inner", "Scan Direction": "Forward", "Index Name": "company_id_movie_companies", "Relation Name": "movie_companies", "Alias": "mc", "Startup Cost": 0.0, "Total Cost": 123673.5, "Plan Rows": 2609128, "Plan Width": 12}]}]}]}, {"Node Type": "Materialize", "Parent Relationship": "Inner", "Startup Cost": 0.0, "Total Cost": 1.04, "Plan Rows": 3, "Plan Width": 4, "Plans": [{"Node Type": "Seq Scan", "Parent Relationship": "Outer", "Relation Name": "company_type", "Alias": "ct", "Startup Cost": 0.0, "Total Cost": 1.03, "Plan Rows": 3, "Plan Width": 4}]}]}, {"Node Type": "Index Scan", "Parent Relationship": "Inner", "Scan Direction": "Forward", "Index Name": "title_pkey", "Relation Name": "title", "Alias": "t", "Startup Cost": 0.0, "Total Cost": 116441.27, "Plan Rows": 1748840, "Plan Width": 21, "Filter": "(production_year > 1990), (LLVM Optimized)"}]}]}, "Unique SQL Id": 3145361615}, "explain_analyze_plan": null}, "(16, 21)": {"explain_plan": {"Plan": {"Node Type": "Aggregate", "Strategy": "Plain", "Startup Cost": 1741676.11, "Total Cost": 1741676.12, "Plan Rows": 1, "Plan Width": 97, "Plans": [{"Node Type": "Merge Join", "Parent Relationship": "Outer", "Join Type": "Inner", "Startup Cost": 1556300.39, "Total Cost": 1736829.05, "Plan Rows": 969413, "Plan Width": 33, "Inner Unique": true, "Merge Cond": "(mc.movie_id = t.id)", "Plans": [{"Node Type": "Nested Loop", "Parent Relationship": "Outer", "Join Type": "Inner", "Startup Cost": 1556297.77, "Total Cost": 1604688.01, "Plan Rows": 699731, "Plan Width": 24, "Inner Unique": true, "Join Filter": "(mc.company_type_id = ct.id), (LLVM Optimized)", "Plans": [{"Node Type": "Merge Join", "Parent Relationship": "Outer", "Join Type": "Inner", "Startup Cost": 1556297.77, "Total Cost": 1573187.81, "Plan Rows": 699731, "Plan Width": 28, "Inner Unique": false, "Merge Cond": "(ci.movie_id = mc.movie_id)", "Plans": [{"Node Type": "Sort", "Parent Relationship": "Outer", "Startup Cost": 1272471.49, "Total Cost": 1274212.32, "Plan Rows": 696330, "Plan Width": 20, "Sort Key": ["ci.movie_id"], "Plans": [{"Node Type": "Merge Join", "Parent Relationship": "Outer", "Join Type": "Inner", "Startup Cost": 1194438.34, "Total Cost": 1204894.71, "Plan Rows": 696330, "Plan Width": 20, "Inner Unique": false, "Merge Cond": "(rt.id = ci.role_id)", "Plans": [{"Node Type": "Index Scan", "Parent Relationship": "Outer", "Scan Direction": "Forward", "Index Name": "role_type_pkey", "Relation Name": "role_type", "Alias": "rt", "Startup Cost": 0.0, "Total Cost": 12.43, "Plan Rows": 12, "Plan Width": 4}, {"Node Type": "Sort", "Parent Relationship": "Inner", "Startup Cost": 1194438.34, "Total Cost": 1196179.17, "Plan Rows": 696330, "Plan Width": 24, "Sort Key": ["ci.role_id"], "Plans": [{"Node Type": "Merge Join", "Parent Relationship": "Outer", "Join Type": "Inner", "Startup Cost": 80674.47, "Total Cost": 1126861.56, "Plan Rows": 696330, "Plan Width": 24, "Inner Unique": false, "Merge Cond": "(chn.id = ci.person_role_id)", "Plans": [{"Node Type": "Index Scan", "Parent Relationship": "Outer", "Scan Direction": "Forward", "Index Name": "char_name_pkey", "Relation Name": "char_name", "Alias": "chn", "Startup Cost": 0.0, "Total Cost": 129875.46, "Plan Rows": 3140338, "Plan Width": 20}, {"Node Type": "Index Scan", "Parent Relationship": "Inner", "Scan Direction": "Forward", "Index Name": "person_role_id_cast_info", "Relation Name": "cast_info", "Alias": "ci", "Startup Cost": 0.0, "Total Cost": 2022508.08, "Plan Rows": 1436424, "Plan Width": 12, "Filter": "((note)::text ~~ '%(producer)%'::text), (LLVM Optimized)"}]}]}]}]}, {"Node Type": "Sort", "Parent Relationship": "Inner", "Startup Cost": 283826.21, "Total Cost": 287031.99, "Plan Rows": 1282311, "Plan Width": 8, "Sort Key": ["mc.movie_id"], "Plans": [{"Node Type": "Merge Join", "Parent Relationship": "Outer", "Join Type": "Inner", "Startup Cost": 3383.04, "Total Cost": 153733.74, "Plan Rows": 1282311, "Plan Width": 8, "Inner Unique": false, "Merge Cond": "(cn.id = mc.company_id)", "Plans": [{"Node Type": "Index Scan", "Parent Relationship": "Outer", "Scan Direction": "Forward", "Index Name": "company_name_pkey", "Relation Name": "company_name", "Alias": "cn", "Startup Cost": 0.0, "Total Cost": 10501.39, "Plan Rows": 85170, "Plan Width": 4, "Filter": "((country_code)::text = '[us]'::text)"}, {"Node Type": "Index Scan", "Parent Relationship": "Inner", "Scan Direction": "Forward", "Index Name": "company_id_movie_companies", "Relation Name": "movie_companies", "Alias": "mc", "Startup Cost": 0.0, "Total Cost": 123673.5, "Plan Rows": 2609128, "Plan Width": 12}]}]}]}, {"Node Type": "Materialize", "Parent Relationship": "Inner", "Startup Cost": 0.0, "Total Cost": 12.31, "Plan Rows": 3, "Plan Width": 4, "Plans": [{"Node Type": "Index Scan", "Parent Relationship": "Outer", "Scan Direction": "Forward", "Index Name": "company_type_pkey", "Relation Name": "company_type", "Alias": "ct", "Startup Cost": 0.0, "Total Cost": 12.29, "Plan Rows": 3, "Plan Width": 4}]}]}, {"Node Type": "Index Scan", "Parent Relationship": "Inner", "Scan Direction": "Forward", "Index Name": "title_pkey", "Relation Name": "title", "Alias": "t", "Startup Cost": 0.0, "Total Cost": 116441.27, "Plan Rows": 1748840, "Plan Width": 21, "Filter": "(production_year > 1990), (LLVM Optimized)"}]}]}, "Unique SQL Id": 3145361615}, "explain_analyze_plan": null}, "(16, 22)": {"explain_plan": {"Plan": {"Node Type": "Aggregate", "Strategy": "Plain", "Startup Cost": 10017590.97, "Total Cost": 10017590.98, "Plan Rows": 1, "Plan Width": 97, "Plans": [{"Node Type": "Nested Loop", "Parent Relationship": "Outer", "Join Type": "Inner", "Startup Cost": 6957666.18, "Total Cost": 10012743.91, "Plan Rows": 969413, "Plan Width": 33, "Inner Unique": true, "Plans": [{"Node Type": "Nested Loop", "Parent Relationship": "Outer", "Join Type": "Inner", "Startup Cost": 6957665.9, "Total Cost": 7006044.88, "Plan Rows": 699731, "Plan Width": 24, "Inner Unique": true, "Join Filter": "(mc.company_type_id = ct.id), (LLVM Optimized)", "Plans": [{"Node Type": "Merge Join", "Parent Relationship": "Outer", "Join Type": "Inner", "Startup Cost": 6957665.9, "Total Cost": 6974555.94, "Plan Rows": 699731, "Plan Width": 28, "Inner Unique": false, "Merge Cond": "(ci.movie_id = mc.movie_id)", "Plans": [{"Node Type": "Sort", "Parent Relationship": "Outer", "Startup Cost": 6382743.53, "Total Cost": 6384484.36, "Plan Rows": 696330, "Plan Width": 20, "Sort Key": ["ci.movie_id"], "Plans": [{"Node Type": "Nested Loop", "Parent Relationship": "Outer", "Join Type": "Inner", "Startup Cost": 0.29, "Total Cost": 6315166.75, "Plan Rows": 696330, "Plan Width": 20, "Inner Unique": true, "Plans": [{"Node Type": "Streaming(type: LOCAL GATHER dop: 1/16)", "Parent Relationship": "Outer", "Startup Cost": 0.0, "Total Cost": 120448.93, "Plan Rows": 1436424, "Plan Width": 8, "Plans": [{"Node Type": "Nested Loop", "Parent Relationship": "Outer", "Join Type": "Inner", "Startup Cost": 0.0, "Total Cost": 89447.98, "Plan Rows": 1436424, "Plan Width": 8, "Inner Unique": true, "Join Filter": "(ci.role_id = rt.id), (LLVM Optimized)", "Plans": [{"Node Type": "Seq Scan", "Parent Relationship": "Outer", "Relation Name": "cast_info", "Alias": "ci", "Startup Cost": 0.0, "Total Cost": 58282.92, "Plan Rows": 1436424, "Plan Width": 12, "Filter": "((note)::text ~~ '%(producer)%'::text), (LLVM Optimized)"}, {"Node Type": "Materialize", "Parent Relationship": "Inner", "Startup Cost": 0.0, "Total Cost": 15005.32, "Plan Rows": 192, "Plan Width": 4, "Plans": [{"Node Type": "Streaming(type: BROADCAST dop: 16/1)", "Parent Relationship": "Outer", "Startup Cost": 0.0, "Total Cost": 15005.26, "Plan Rows": 192, "Plan Width": 4, "Plans": [{"Node Type": "Seq Scan", "Parent Relationship": "Outer", "Relation Name": "role_type", "Alias": "rt", "Startup Cost": 0.0, "Total Cost": 1.12, "Plan Rows": 12, "Plan Width": 4}]}]}]}]}, {"Node Type": "Bitmap Heap Scan", "Parent Relationship": "Inner", "Relation Name": "char_name", "Alias": "chn", "Startup Cost": 0.29, "Total Cost": 4.3, "Plan Rows": 1, "Plan Width": 20, "Recheck Cond": "(id = ci.person_role_id)", "Plans": [{"Node Type": "Bitmap Index Scan", "Parent Relationship": "Outer", "Index Name": "char_name_pkey", "Startup Cost": 0.0, "Total Cost": 0.29, "Plan Rows": 1, "Plan Width": 0, "Index Cond": "(id = ci.person_role_id)"}]}]}]}, {"Node Type": "Sort", "Parent Relationship": "Inner", "Startup Cost": 574922.31, "Total Cost": 578128.08, "Plan Rows": 1282311, "Plan Width": 8, "Sort Key": ["mc.movie_id"], "Plans": [{"Node Type": "Nested Loop", "Parent Relationship": "Outer", "Join Type": "Inner", "Startup Cost": 0.82, "Total Cost": 444829.84, "Plan Rows": 1282311, "Plan Width": 8, "Inner Unique": false, "Plans": [{"Node Type": "Seq Scan", "Parent Relationship": "Outer", "Relation Name": "company_name", "Alias": "cn", "Startup Cost": 0.0, "Total Cost": 5903.45, "Plan Rows": 85170, "Plan Width": 4, "Filter": "((country_code)::text = '[us]'::text)"}, {"Node Type": "Bitmap Heap Scan", "Parent Relationship": "Inner", "Relation Name": "movie_companies", "Alias": "mc", "Startup Cost": 0.82, "Total Cost": 5.0, "Plan Rows": 15, "Plan Width": 12, "Recheck Cond": "(company_id = cn.id)", "Plans": [{"Node Type": "Bitmap Index Scan", "Parent Relationship": "Outer", "Index Name": "company_id_movie_companies", "Startup Cost": 0.0, "Total Cost": 0.81, "Plan Rows": 15, "Plan Width": 0, "Index Cond": "(company_id = cn.id)"}]}]}]}]}, {"Node Type": "Materialize", "Parent Relationship": "Inner", "Startup Cost": 0.0, "Total Cost": 1.04, "Plan Rows": 3, "Plan Width": 4, "Plans": [{"Node Type": "Seq Scan", "Parent Relationship": "Outer", "Relation Name": "company_type", "Alias": "ct", "Startup Cost": 0.0, "Total Cost": 1.03, "Plan Rows": 3, "Plan Width": 4}]}]}, {"Node Type": "Bitmap Heap Scan", "Parent Relationship": "Inner", "Relation Name": "title", "Alias": "t", "Startup Cost": 0.27, "Total Cost": 4.29, "Plan Rows": 1, "Plan Width": 21, "Recheck Cond": "(id = mc.movie_id)", "Filter": "(production_year > 1990)", "Plans": [{"Node Type": "Bitmap Index Scan", "Parent Relationship": "Outer", "Index Name": "title_pkey", "Startup Cost": 0.0, "Total Cost": 0.27, "Plan Rows": 1, "Plan Width": 0, "Index Cond": "(id = mc.movie_id)"}]}]}]}, "Unique SQL Id": 3145361615}, "explain_analyze_plan": null}, "(16, 23)": {"explain_plan": {"Plan": {"Node Type": "Aggregate", "Strategy": "Plain", "Startup Cost": 3135635.86, "Total Cost": 3135635.87, "Plan Rows": 1, "Plan Width": 97, "Plans": [{"Node Type": "Merge Join", "Parent Relationship": "Outer", "Join Type": "Inner", "Startup Cost": 3062227.73, "Total Cost": 3130788.79, "Plan Rows": 969413, "Plan Width": 33, "Inner Unique": true, "Merge Cond": "(mc.movie_id = t.id)", "Plans": [{"Node Type": "Nested Loop", "Parent Relationship": "Outer", "Join Type": "Inner", "Startup Cost": 2764409.71, "Total Cost": 2812791.68, "Plan Rows": 699731, "Plan Width": 24, "Inner Unique": true, "Join Filter": "(mc.company_type_id = ct.id), (LLVM Optimized)", "Plans": [{"Node Type": "Merge Join", "Parent Relationship": "Outer", "Join Type": "Inner", "Startup Cost": 2764401.44, "Total Cost": 2781291.48, "Plan Rows": 699731, "Plan Width": 28, "Inner Unique": false, "Merge Cond": "(ci.movie_id = mc.movie_id)", "Plans": [{"Node Type": "Sort", "Parent Relationship": "Outer", "Startup Cost": 2220458.7, "Total Cost": 2222199.52, "Plan Rows": 696330, "Plan Width": 20, "Sort Key": ["ci.movie_id"], "Plans": [{"Node Type": "Merge Join", "Parent Relationship": "Outer", "Join Type": "Inner", "Startup Cost": 2142436.91, "Total Cost": 2152881.92, "Plan Rows": 696330, "Plan Width": 20, "Inner Unique": false, "Merge Cond": "(rt.id = ci.role_id)", "Plans": [{"Node Type": "Sort", "Parent Relationship": "Outer", "Startup Cost": 12.65, "Total Cost": 12.68, "Plan Rows": 12, "Plan Width": 4, "Sort Key": ["rt.id"], "Plans": [{"Node Type": "Bitmap Heap Scan", "Parent Relationship": "Outer", "Relation Name": "role_type", "Alias": "rt", "Startup Cost": 8.31, "Total Cost": 12.43, "Plan Rows": 12, "Plan Width": 4, "Plans": [{"Node Type": "Bitmap Index Scan", "Parent Relationship": "Outer", "Index Name": "role_type_pkey", "Startup Cost": 0.0, "Total Cost": 8.31, "Plan Rows": 12, "Plan Width": 0}]}]}, {"Node Type": "Sort", "Parent Relationship": "Inner", "Startup Cost": 2142424.26, "Total Cost": 2144165.09, "Plan Rows": 696330, "Plan Width": 24, "Sort Key": ["ci.role_id"], "Plans": [{"Node Type": "Merge Join", "Parent Relationship": "Outer", "Join Type": "Inner", "Startup Cost": 2048986.87, "Total Cost": 2074847.49, "Plan Rows": 696330, "Plan Width": 24, "Inner Unique": false, "Merge Cond": "(chn.id = ci.person_role_id)", "Plans": [{"Node Type": "Sort", "Parent Relationship": "Outer", "Startup Cost": 469325.95, "Total Cost": 477176.79, "Plan Rows": 3140338, "Plan Width": 20, "Sort Key": ["chn.id"], "Plans": [{"Node Type": "Bitmap Heap Scan", "Parent Relationship": "Outer", "Relation Name": "char_name", "Alias": "chn", "Startup Cost": 62951.02, "Total Cost": 130444.4, "Plan Rows": 3140338, "Plan Width": 20, "Plans": [{"Node Type": "Bitmap Index Scan", "Parent Relationship": "Outer", "Index Name": "char_name_pkey", "Startup Cost": 0.0, "Total Cost": 62165.94, "Plan Rows": 3140338, "Plan Width": 0}]}]}, {"Node Type": "Sort", "Parent Relationship": "Inner", "Startup Cost": 1579374.94, "Total Cost": 1582966.0, "Plan Rows": 1436424, "Plan Width": 12, "Sort Key": ["ci.person_role_id"], "Plans": [{"Node Type": "Bitmap Heap Scan", "Parent Relationship": "Outer", "Relation Name": "cast_info", "Alias": "ci", "Startup Cost": 739944.83, "Total Cost": 1432471.5, "Plan Rows": 1436424, "Plan Width": 12, "Filter": "((note)::text ~~ '%(producer)%'::text), (LLVM Optimized)", "Plans": [{"Node Type": "Bitmap Index Scan", "Parent Relationship": "Outer", "Index Name": "person_role_id_cast_info", "Startup Cost": 0.0, "Total Cost": 739585.72, "Plan Rows": 36259494, "Plan Width": 0}]}]}]}]}]}]}, {"Node Type": "Sort", "Parent Relationship": "Inner", "Startup Cost": 543942.68, "Total Cost": 547148.46, "Plan Rows": 1282311, "Plan Width": 8, "Sort Key": ["mc.movie_id"], "Plans": [{"Node Type": "Merge Join", "Parent Relationship": "Outer", "Join Type": "Inner", "Startup Cost": 387894.59, "Total Cost": 413850.21, "Plan Rows": 1282311, "Plan Width": 8, "Inner Unique": false, "Merge Cond": "(cn.id = mc.company_id)", "Plans": [{"Node Type": "Sort", "Parent Relationship": "Outer", "Startup Cost": 15678.57, "Total Cost": 15891.49, "Plan Rows": 85170, "Plan Width": 4, "Sort Key": ["cn.id"], "Plans": [{"Node Type": "Bitmap Heap Scan", "Parent Relationship": "Outer", "Relation Name": "company_name", "Alias": "cn", "Startup Cost": 2800.52, "Total Cost": 8703.97, "Plan Rows": 85170, "Plan Width": 4, "Filter": "((country_code)::text = '[us]'::text)", "Plans": [{"Node Type": "Bitmap Index Scan", "Parent Relationship": "Outer", "Index Name": "company_name_pkey", "Startup Cost": 0.0, "Total Cost": 2779.23, "Plan Rows": 234996, "Plan Width": 0}]}]}, {"Node Type": "Sort", "Parent Relationship": "Inner", "Startup Cost": 371877.05, "Total Cost": 378399.87, "Plan Rows": 2609128, "Plan Width": 12, "Sort Key": ["mc.company_id"], "Plans": [{"Node Type": "Bitmap Heap Scan", "Parent Relationship": "Outer", "Relation Name": "movie_companies", "Alias": "mc", "Startup Cost": 51990.17, "Total Cost": 93807.45, "Plan Rows": 2609128, "Plan Width": 12, "Plans": [{"Node Type": "Bitmap Index Scan", "Parent Relationship": "Outer", "Index Name": "movie_id_movie_companies", "Startup Cost": 0.0, "Total Cost": 51337.89, "Plan Rows": 2609128, "Plan Width": 0}]}]}]}]}]}, {"Node Type": "Materialize", "Parent Relationship": "Inner", "Startup Cost": 8.27, "Total Cost": 12.31, "Plan Rows": 3, "Plan Width": 4, "Plans": [{"Node Type": "Bitmap Heap Scan", "Parent Relationship": "Outer", "Relation Name": "company_type", "Alias": "ct", "Startup Cost": 8.27, "Total Cost": 12.3, "Plan Rows": 3, "Plan Width": 4, "Plans": [{"Node Type": "Bitmap Index Scan", "Parent Relationship": "Outer", "Index Name": "company_type_pkey", "Startup Cost": 0.0, "Total Cost": 8.27, "Plan Rows": 3, "Plan Width": 0}]}]}]}, {"Node Type": "Sort", "Parent Relationship": "Inner", "Startup Cost": 297817.83, "Total Cost": 302189.93, "Plan Rows": 1748840, "Plan Width": 21, "Sort Key": ["t.id"], "Plans": [{"Node Type": "Bitmap Heap Scan", "Parent Relationship": "Outer", "Relation Name": "title", "Alias": "t", "Startup Cost": 50091.01, "Total Cost": 116480.9, "Plan Rows": 1748840, "Plan Width": 21, "Filter": "(production_year > 1990), (LLVM Optimized)", "Plans": [{"Node Type": "Bitmap Index Scan", "Parent Relationship": "Outer", "Index Name": "title_pkey", "Startup Cost": 0.0, "Total Cost": 49653.81, "Plan Rows": 2528311, "Plan Width": 0}]}]}]}]}, "Unique SQL Id": 3145361615}, "explain_analyze_plan": null}, "(16, 24)": {"explain_plan": {"Plan": {"Node Type": "Aggregate", "Strategy": "Plain", "Startup Cost": 1250241.79, "Total Cost": 1250241.8, "Plan Rows": 1, "Plan Width": 97, "Plans": [{"Node Type": "Merge Join", "Parent Relationship": "Outer", "Join Type": "Inner", "Startup Cost": 1064877.33, "Total Cost": 1245394.72, "Plan Rows": 969413, "Plan Width": 33, "Inner Unique": true, "Merge Cond": "(mc.movie_id = t.id)", "Plans": [{"Node Type": "Nested Loop", "Parent Relationship": "Outer", "Join Type": "Inner", "Startup Cost": 1064874.71, "Total Cost": 1113253.68, "Plan Rows": 699731, "Plan Width": 24, "Inner Unique": true, "Join Filter": "(mc.company_type_id = ct.id), (LLVM Optimized)", "Plans": [{"Node Type": "Merge Join", "Parent Relationship": "Outer", "Join Type": "Inner", "Startup Cost": 1064874.71, "Total Cost": 1081764.75, "Plan Rows": 699731, "Plan Width": 28, "Inner Unique": false, "Merge Cond": "(ci.movie_id = mc.movie_id)", "Plans": [{"Node Type": "Sort", "Parent Relationship": "Outer", "Startup Cost": 781048.43, "Total Cost": 782789.25, "Plan Rows": 696330, "Plan Width": 20, "Sort Key": ["ci.movie_id"], "Plans": [{"Node Type": "Nested Loop", "Parent Relationship": "Outer", "Join Type": "Inner", "Startup Cost": 0.0, "Total Cost": 713471.65, "Plan Rows": 696330, "Plan Width": 20, "Inner Unique": true, "Plans": [{"Node Type": "Streaming(type: LOCAL GATHER dop: 1/16)", "Parent Relationship": "Outer", "Startup Cost": 0.0, "Total Cost": 120448.93, "Plan Rows": 1436424, "Plan Width": 8, "Plans": [{"Node Type": "Nested Loop", "Parent Relationship": "Outer", "Join Type": "Inner", "Startup Cost": 0.0, "Total Cost": 89447.98, "Plan Rows": 1436424, "Plan Width": 8, "Inner Unique": true, "Join Filter": "(ci.role_id = rt.id), (LLVM Optimized)", "Plans": [{"Node Type": "Seq Scan", "Parent Relationship": "Outer", "Relation Name": "cast_info", "Alias": "ci", "Startup Cost": 0.0, "Total Cost": 58282.92, "Plan Rows": 1436424, "Plan Width": 12, "Filter": "((note)::text ~~ '%(producer)%'::text), (LLVM Optimized)"}, {"Node Type": "Materialize", "Parent Relationship": "Inner", "Startup Cost": 0.0, "Total Cost": 15005.32, "Plan Rows": 192, "Plan Width": 4, "Plans": [{"Node Type": "Streaming(type: BROADCAST dop: 16/1)", "Parent Relationship": "Outer", "Startup Cost": 0.0, "Total Cost": 15005.26, "Plan Rows": 192, "Plan Width": 4, "Plans": [{"Node Type": "Seq Scan", "Parent Relationship": "Outer", "Relation Name": "role_type", "Alias": "rt", "Startup Cost": 0.0, "Total Cost": 1.12, "Plan Rows": 12, "Plan Width": 4}]}]}]}]}, {"Node Type": "Index Scan", "Parent Relationship": "Inner", "Scan Direction": "Forward", "Index Name": "char_name_pkey", "Relation Name": "char_name", "Alias": "chn", "Startup Cost": 0.0, "Total Cost": 0.4, "Plan Rows": 1, "Plan Width": 20, "Index Cond": "(id = ci.person_role_id)"}]}]}, {"Node Type": "Sort", "Parent Relationship": "Inner", "Startup Cost": 283826.21, "Total Cost": 287031.99, "Plan Rows": 1282311, "Plan Width": 8, "Sort Key": ["mc.movie_id"], "Plans": [{"Node Type": "Merge Join", "Parent Relationship": "Outer", "Join Type": "Inner", "Startup Cost": 3383.04, "Total Cost": 153733.74, "Plan Rows": 1282311, "Plan Width": 8, "Inner Unique": false, "Merge Cond": "(cn.id = mc.company_id)", "Plans": [{"Node Type": "Index Scan", "Parent Relationship": "Outer", "Scan Direction": "Forward", "Index Name": "company_name_pkey", "Relation Name": "company_name", "Alias": "cn", "Startup Cost": 0.0, "Total Cost": 10501.39, "Plan Rows": 85170, "Plan Width": 4, "Filter": "((country_code)::text = '[us]'::text)"}, {"Node Type": "Index Scan", "Parent Relationship": "Inner", "Scan Direction": "Forward", "Index Name": "company_id_movie_companies", "Relation Name": "movie_companies", "Alias": "mc", "Startup Cost": 0.0, "Total Cost": 123673.5, "Plan Rows": 2609128, "Plan Width": 12}]}]}]}, {"Node Type": "Materialize", "Parent Relationship": "Inner", "Startup Cost": 0.0, "Total Cost": 1.04, "Plan Rows": 3, "Plan Width": 4, "Plans": [{"Node Type": "Seq Scan", "Parent Relationship": "Outer", "Relation Name": "company_type", "Alias": "ct", "Startup Cost": 0.0, "Total Cost": 1.03, "Plan Rows": 3, "Plan Width": 4}]}]}, {"Node Type": "Index Scan", "Parent Relationship": "Inner", "Scan Direction": "Forward", "Index Name": "title_pkey", "Relation Name": "title", "Alias": "t", "Startup Cost": 0.0, "Total Cost": 116441.27, "Plan Rows": 1748840, "Plan Width": 21, "Filter": "(production_year > 1990), (LLVM Optimized)"}]}]}, "Unique SQL Id": 3145361615}, "explain_analyze_plan": null}, "(16, 25)": {"explain_plan": {"Plan": {"Node Type": "Aggregate", "Strategy": "Plain", "Startup Cost": 1741668.45, "Total Cost": 1741668.46, "Plan Rows": 1, "Plan Width": 97, "Plans": [{"Node Type": "Merge Join", "Parent Relationship": "Outer", "Join Type": "Inner", "Startup Cost": 1556296.73, "Total Cost": 1736821.38, "Plan Rows": 969413, "Plan Width": 33, "Inner Unique": true, "Merge Cond": "(mc.movie_id = t.id)", "Plans": [{"Node Type": "Nested Loop", "Parent Relationship": "Outer", "Join Type": "Inner", "Startup Cost": 1556294.1, "Total Cost": 1604680.34, "Plan Rows": 699731, "Plan Width": 24, "Inner Unique": true, "Join Filter": "(mc.company_type_id = ct.id), (LLVM Optimized)", "Plans": [{"Node Type": "Merge Join", "Parent Relationship": "Outer", "Join Type": "Inner", "Startup Cost": 1556294.1, "Total Cost": 1573184.14, "Plan Rows": 699731, "Plan Width": 28, "Inner Unique": false, "Merge Cond": "(ci.movie_id = mc.movie_id)", "Plans": [{"Node Type": "Sort", "Parent Relationship": "Outer", "Startup Cost": 1272467.82, "Total Cost": 1274208.65, "Plan Rows": 696330, "Plan Width": 20, "Sort Key": ["ci.movie_id"], "Plans": [{"Node Type": "Merge Join", "Parent Relationship": "Outer", "Join Type": "Inner", "Startup Cost": 1194438.34, "Total Cost": 1204891.05, "Plan Rows": 696330, "Plan Width": 20, "Inner Unique": false, "Merge Cond": "(rt.id = ci.role_id)", "Plans": [{"Node Type": "Index Only Scan", "Parent Relationship": "Outer", "Scan Direction": "Forward", "Index Name": "role_type_pkey", "Relation Name": "role_type", "Alias": "rt", "Startup Cost": 0.0, "Total Cost": 8.43, "Plan Rows": 12, "Plan Width": 4}, {"Node Type": "Sort", "Parent Relationship": "Inner", "Startup Cost": 1194438.34, "Total Cost": 1196179.17, "Plan Rows": 696330, "Plan Width": 24, "Sort Key": ["ci.role_id"], "Plans": [{"Node Type": "Merge Join", "Parent Relationship": "Outer", "Join Type": "Inner", "Startup Cost": 80674.47, "Total Cost": 1126861.56, "Plan Rows": 696330, "Plan Width": 24, "Inner Unique": false, "Merge Cond": "(chn.id = ci.person_role_id)", "Plans": [{"Node Type": "Index Scan", "Parent Relationship": "Outer", "Scan Direction": "Forward", "Index Name": "char_name_pkey", "Relation Name": "char_name", "Alias": "chn", "Startup Cost": 0.0, "Total Cost": 129875.46, "Plan Rows": 3140338, "Plan Width": 20}, {"Node Type": "Index Scan", "Parent Relationship": "Inner", "Scan Direction": "Forward", "Index Name": "person_role_id_cast_info", "Relation Name": "cast_info", "Alias": "ci", "Startup Cost": 0.0, "Total Cost": 2022508.08, "Plan Rows": 1436424, "Plan Width": 12, "Filter": "((note)::text ~~ '%(producer)%'::text), (LLVM Optimized)"}]}]}]}]}, {"Node Type": "Sort", "Parent Relationship": "Inner", "Startup Cost": 283826.21, "Total Cost": 287031.99, "Plan Rows": 1282311, "Plan Width": 8, "Sort Key": ["mc.movie_id"], "Plans": [{"Node Type": "Merge Join", "Parent Relationship": "Outer", "Join Type": "Inner", "Startup Cost": 3383.04, "Total Cost": 153733.74, "Plan Rows": 1282311, "Plan Width": 8, "Inner Unique": false, "Merge Cond": "(cn.id = mc.company_id)", "Plans": [{"Node Type": "Index Scan", "Parent Relationship": "Outer", "Scan Direction": "Forward", "Index Name": "company_name_pkey", "Relation Name": "company_name", "Alias": "cn", "Startup Cost": 0.0, "Total Cost": 10501.39, "Plan Rows": 85170, "Plan Width": 4, "Filter": "((country_code)::text = '[us]'::text)"}, {"Node Type": "Index Scan", "Parent Relationship": "Inner", "Scan Direction": "Forward", "Index Name": "company_id_movie_companies", "Relation Name": "movie_companies", "Alias": "mc", "Startup Cost": 0.0, "Total Cost": 123673.5, "Plan Rows": 2609128, "Plan Width": 12}]}]}]}, {"Node Type": "Materialize", "Parent Relationship": "Inner", "Startup Cost": 0.0, "Total Cost": 8.31, "Plan Rows": 3, "Plan Width": 4, "Plans": [{"Node Type": "Index Only Scan", "Parent Relationship": "Outer", "Scan Direction": "Forward", "Index Name": "company_type_pkey", "Relation Name": "company_type", "Alias": "ct", "Startup Cost": 0.0, "Total Cost": 8.29, "Plan Rows": 3, "Plan Width": 4}]}]}, {"Node Type": "Index Scan", "Parent Relationship": "Inner", "Scan Direction": "Forward", "Index Name": "title_pkey", "Relation Name": "title", "Alias": "t", "Startup Cost": 0.0, "Total Cost": 116441.27, "Plan Rows": 1748840, "Plan Width": 21, "Filter": "(production_year > 1990), (LLVM Optimized)"}]}]}, "Unique SQL Id": 3145361615}, "explain_analyze_plan": null}, "(16, 26)": {"explain_plan": {"Plan": {"Node Type": "Aggregate", "Strategy": "Plain", "Startup Cost": 401683149.04, "Total Cost": 401683149.07, "Plan Rows": 1, "Plan Width": 97, "Plans": [{"Node Type": "Streaming(type: LOCAL GATHER dop: 1/16)", "Parent Relationship": "Outer", "Startup Cost": 401683149.04, "Total Cost": 401683149.07, "Plan Rows": 1, "Plan Width": 97, "Plans": [{"Node Type": "Aggregate", "Strategy": "Plain", "Parent Relationship": "Outer", "Startup Cost": 401683149.04, "Total Cost": 401683149.05, "Plan Rows": 1, "Plan Width": 97, "Plans": [{"Node Type": "Nested Loop", "Parent Relationship": "Outer", "Join Type": "Inner", "Startup Cost": 0.0, "Total Cost": 401678301.98, "Plan Rows": 969413, "Plan Width": 33, "Inner Unique": false, "Join Filter": "(mc.movie_id = t.id), (LLVM Optimized)", "Plans": [{"Node Type": "Streaming(type: LOCAL REDISTRIBUTE dop: 16/16)", "Parent Relationship": "Outer", "Startup Cost": 0.0, "Total Cost": 40775.83, "Plan Rows": 1748840, "Plan Width": 21, "Plans": [{"Node Type": "Seq Scan", "Parent Relationship": "Outer", "Relation Name": "title", "Alias": "t", "Startup Cost": 0.0, "Total Cost": 19149.37, "Plan Rows": 1748840, "Plan Width": 21, "Filter": "(production_year > 1990), (LLVM Optimized)"}]}, {"Node Type": "Materialize", "Parent Relationship": "Inner", "Startup Cost": 0.0, "Total Cost": 329935434.58, "Plan Rows": 699731, "Plan Width": 24, "Plans": [{"Node Type": "Streaming(type: LOCAL REDISTRIBUTE dop: 16/16)", "Parent Relationship": "Outer", "Startup Cost": 0.0, "Total Cost": 329935215.91, "Plan Rows": 699731, "Plan Width": 24, "Plans": [{"Node Type": "Nested Loop", "Parent Relationship": "Outer", "Join Type": "Inner", "Startup Cost": 0.0, "Total Cost": 329917564.59, "Plan Rows": 699731, "Plan Width": 24, "Inner Unique": true, "Join Filter": "(mc.company_type_id = ct.id), (LLVM Optimized)", "Plans": [{"Node Type": "Nested Loop", "Parent Relationship": "Outer", "Join Type": "Inner", "Startup Cost": 0.0, "Total Cost": 329900594.52, "Plan Rows": 699731, "Plan Width": 28, "Inner Unique": false, "Join Filter": "(mc.movie_id = ci.movie_id), (LLVM Optimized)", "Plans": [{"Node Type": "Streaming(type: LOCAL REDISTRIBUTE dop: 16/16)", "Parent Relationship": "Outer", "Startup Cost": 0.0, "Total Cost": 13107880.98, "Plan Rows": 1282311, "Plan Width": 8, "Plans": [{"Node Type": "Nested Loop", "Parent Relationship": "Outer", "Join Type": "Inner", "Startup Cost": 0.0, "Total Cost": 13088022.23, "Plan Rows": 1282311, "Plan Width": 8, "Inner Unique": false, "Join Filter": "(cn.id = mc.company_id), (LLVM Optimized)", "Plans": [{"Node Type": "Streaming(type: LOCAL REDISTRIBUTE dop: 16/1)", "Parent Relationship": "Outer", "Startup Cost": 0.0, "Total Cost": 24444.99, "Plan Rows": 85170, "Plan Width": 4, "Plans": [{"Node Type": "Seq Scan", "Parent Relationship": "Outer", "Relation Name": "company_name", "Alias": "cn", "Startup Cost": 0.0, "Total Cost": 5903.45, "Plan Rows": 85170, "Plan Width": 4, "Filter": "((country_code)::text = '[us]'::text)"}]}, {"Node Type": "Materialize", "Parent Relationship": "Inner", "Startup Cost": 0.0, "Total Cost": 43315.08, "Plan Rows": 2609128, "Plan Width": 12, "Plans": [{"Node Type": "Streaming(type: LOCAL REDISTRIBUTE dop: 16/16)", "Parent Relationship": "Outer", "Startup Cost": 0.0, "Total Cost": 42499.73, "Plan Rows": 2609128, "Plan Width": 12, "Plans": [{"Node Type": "Seq Scan", "Parent Relationship": "Outer", "Relation Name": "movie_companies", "Alias": "mc", "Startup Cost": 0.0, "Total Cost": 17613.58, "Plan Rows": 2609128, "Plan Width": 12}]}]}]}]}, {"Node Type": "Materialize", "Parent Relationship": "Inner", "Startup Cost": 0.0, "Total Cost": 264473782.18, "Plan Rows": 696330, "Plan Width": 20, "Plans": [{"Node Type": "Streaming(type: LOCAL REDISTRIBUTE dop: 16/16)", "Parent Relationship": "Outer", "Startup Cost": 0.0, "Total Cost": 264473564.58, "Plan Rows": 696330, "Plan Width": 20, "Plans": [{"Node Type": "Nested Loop", "Parent Relationship": "Outer", "Join Type": "Inner", "Startup Cost": 0.0, "Total Cost": 264455926.14, "Plan Rows": 696330, "Plan Width": 20, "Inner Unique": true, "Join Filter": "(ci.role_id = rt.id), (LLVM Optimized)", "Plans": [{"Node Type": "Nested Loop", "Parent Relationship": "Outer", "Join Type": "Inner", "Startup Cost": 0.0, "Total Cost": 264433087.14, "Plan Rows": 696330, "Plan Width": 24, "Inner Unique": false, "Join Filter": "(chn.id = ci.person_role_id), (LLVM Optimized)", "Plans": [{"Node Type": "Streaming(type: LOCAL REDISTRIBUTE dop: 16/16)", "Parent Relationship": "Outer", "Startup Cost": 0.0, "Total Cost": 46117.27, "Plan Rows": 3140338, "Plan Width": 20, "Plans": [{"Node Type": "Seq Scan", "Parent Relationship": "Outer", "Relation Name": "char_name", "Alias": "chn", "Startup Cost": 0.0, "Total Cost": 19218.34, "Plan Rows": 3140338, "Plan Width": 20}]}, {"Node Type": "Materialize", "Parent Relationship": "Inner", "Startup Cost": 0.0, "Total Cost": 79174.5, "Plan Rows": 1436424, "Plan Width": 12, "Plans": [{"Node Type": "Streaming(type: LOCAL REDISTRIBUTE dop: 16/16)", "Parent Relationship": "Outer", "Startup Cost": 0.0, "Total Cost": 78725.62, "Plan Rows": 1436424, "Plan Width": 12, "Plans": [{"Node Type": "Seq Scan", "Parent Relationship": "Outer", "Relation Name": "cast_info", "Alias": "ci", "Startup Cost": 0.0, "Total Cost": 58282.92, "Plan Rows": 1436424, "Plan Width": 12, "Filter": "((note)::text ~~ '%(producer)%'::text), (LLVM Optimized)"}]}]}]}, {"Node Type": "Materialize", "Parent Relationship": "Inner", "Startup Cost": 0.0, "Total Cost": 15005.32, "Plan Rows": 192, "Plan Width": 4, "Plans": [{"Node Type": "Streaming(type: BROADCAST dop: 16/1)", "Parent Relationship": "Outer", "Startup Cost": 0.0, "Total Cost": 15005.26, "Plan Rows": 192, "Plan Width": 4, "Plans": [{"Node Type": "Seq Scan", "Parent Relationship": "Outer", "Relation Name": "role_type", "Alias": "rt", "Startup Cost": 0.0, "Total Cost": 1.12, "Plan Rows": 12, "Plan Width": 4}]}]}]}]}]}]}, {"Node Type": "Materialize", "Parent Relationship": "Inner", "Startup Cost": 0.0, "Total Cost": 15002.08, "Plan Rows": 48, "Plan Width": 4, "Plans": [{"Node Type": "Streaming(type: BROADCAST dop: 16/1)", "Parent Relationship": "Outer", "Startup Cost": 0.0, "Total Cost": 15002.07, "Plan Rows": 48, "Plan Width": 4, "Plans": [{"Node Type": "Seq Scan", "Parent Relationship": "Outer", "Relation Name": "company_type", "Alias": "ct", "Startup Cost": 0.0, "Total Cost": 1.03, "Plan Rows": 3, "Plan Width": 4}]}]}]}]}]}]}]}]}]}, "Unique SQL Id": 3145361615}, "explain_analyze_plan": null}, "(16, 27)": {"explain_plan": {"Plan": {"Node Type": "Aggregate", "Strategy": "Plain", "Startup Cost": 3972961914007.03, "Total Cost": 3972961914007.04, "Plan Rows": 1, "Plan Width": 97, "Plans": [{"Node Type": "Merge Join", "Parent Relationship": "Outer", "Join Type": "Inner", "Startup Cost": 309264820736.24, "Total Cost": 3972961909159.97, "Plan Rows": 969413, "Plan Width": 33, "Inner Unique": true, "Merge Cond": "(ci.person_role_id = chn.id)", "Plans": [{"Node Type": "Nested Loop", "Parent Relationship": "Outer", "Join Type": "Inner", "Startup Cost": 60000000000.0, "Total Cost": 6069052206323.43, "Plan Rows": 1999754, "Plan Width": 21, "Inner Unique": true, "Join Filter": "(mc.movie_id = t.id), (LLVM Optimized)", "Plans": [{"Node Type": "Nested Loop", "Parent Relationship": "Outer", "Join Type": "Inner", "Startup Cost": 50000000000.0, "Total Cost": 5031175373680.67, "Plan Rows": 1443440, "Plan Width": 12, "Inner Unique": true, "Join Filter": "(mc.company_type_id = ct.id), (LLVM Optimized)", "Plans": [{"Node Type": "Nested Loop", "Parent Relationship": "Outer", "Join Type": "Inner", "Startup Cost": 40000000000.0, "Total Cost": 4031175307896.36, "Plan Rows": 1443440, "Plan Width": 16, "Inner Unique": false, "Join Filter": "(ci.movie_id = mc.movie_id), (LLVM Optimized)", "Plans": [{"Node Type": "Nested Loop", "Parent Relationship": "Outer", "Join Type": "Inner", "Startup Cost": 20000000000.0, "Total Cost": 2000202510207.33, "Plan Rows": 1436424, "Plan Width": 8, "Inner Unique": true, "Join Filter": "(ci.role_id = rt.id), (LLVM Optimized)", "Plans": [{"Node Type": "Index Scan", "Parent Relationship": "Outer", "Scan Direction": "Forward", "Index Name": "person_role_id_cast_info", "Relation Name": "cast_info", "Alias": "ci", "Startup Cost": 10000000000.0, "Total Cost": 1000202250807.98, "Plan Rows": 1436424, "Plan Width": 12, "Filter": "((note)::text ~~ '%(producer)%'::text), (LLVM Optimized)"}, {"Node Type": "Materialize", "Parent Relationship": "Inner", "Startup Cost": 10000000000.0, "Total Cost": 1000000000843.06, "Plan Rows": 12, "Plan Width": 4, "Plans": [{"Node Type": "Index Only Scan", "Parent Relationship": "Outer", "Scan Direction": "Forward", "Index Name": "role_type_pkey", "Relation Name": "role_type", "Alias": "rt", "Startup Cost": 10000000000.0, "Total Cost": 1000000000843.0, "Plan Rows": 12, "Plan Width": 4}]}]}, {"Node Type": "Materialize", "Parent Relationship": "Inner", "Startup Cost": 20000000000.0, "Total Cost": 2003343666456.85, "Plan Rows": 1282311, "Plan Width": 8, "Plans": [{"Node Type": "Nested Loop", "Parent Relationship": "Outer", "Join Type": "Inner", "Startup Cost": 20000000000.0, "Total Cost": 2003343660045.29, "Plan Rows": 1282311, "Plan Width": 8, "Inner Unique": true, "Join Filter": "(cn.id = mc.company_id), (LLVM Optimized)", "Plans": [{"Node Type": "Index Scan", "Parent Relationship": "Outer", "Scan Direction": "Forward", "Index Name": "company_type_id_movie_companies", "Relation Name": "movie_companies", "Alias": "mc", "Startup Cost": 10000000000.0, "Total Cost": 1000009318217.0, "Plan Rows": 2609128, "Plan Width": 12}, {"Node Type": "Materialize", "Parent Relationship": "Inner", "Startup Cost": 10000000000.0, "Total Cost": 1000001050564.82, "Plan Rows": 85170, "Plan Width": 4, "Plans": [{"Node Type": "Index Scan", "Parent Relationship": "Outer", "Scan Direction": "Forward", "Index Name": "company_name_pkey", "Relation Name": "company_name", "Alias": "cn", "Startup Cost": 10000000000.0, "Total Cost": 1000001050138.97, "Plan Rows": 85170, "Plan Width": 4, "Filter": "((country_code)::text = '[us]'::text)"}]}]}]}]}, {"Node Type": "Materialize", "Parent Relationship": "Inner", "Startup Cost": 10000000000.0, "Total Cost": 1000000000829.52, "Plan Rows": 3, "Plan Width": 4, "Plans": [{"Node Type": "Index Only Scan", "Parent Relationship": "Outer", "Scan Direction": "Forward", "Index Name": "company_type_pkey", "Relation Name": "company_type", "Alias": "ct", "Startup Cost": 10000000000.0, "Total Cost": 1000000000829.5, "Plan Rows": 3, "Plan Width": 4}]}]}, {"Node Type": "Materialize", "Parent Relationship": "Inner", "Startup Cost": 10000000000.0, "Total Cost": 1000011652870.86, "Plan Rows": 1748840, "Plan Width": 21, "Plans": [{"Node Type": "Index Scan", "Parent Relationship": "Outer", "Scan Direction": "Forward", "Index Name": "title_pkey", "Relation Name": "title", "Alias": "t", "Startup Cost": 10000000000.0, "Total Cost": 1000011644126.66, "Plan Rows": 1748840, "Plan Width": 21, "Filter": "(production_year > 1990), (LLVM Optimized)"}]}]}, {"Node Type": "Index Scan", "Parent Relationship": "Inner", "Scan Direction": "Forward", "Index Name": "char_name_pkey", "Relation Name": "char_name", "Alias": "chn", "Startup Cost": 10000000000.0, "Total Cost": 1000012987545.51, "Plan Rows": 3140338, "Plan Width": 20}]}]}, "Unique SQL Id": 3145361615}, "explain_analyze_plan": null}, "(16, 28)": {"explain_plan": {"Plan": {"Node Type": "Aggregate", "Strategy": "Plain", "Startup Cost": 1250241.79, "Total Cost": 1250241.8, "Plan Rows": 1, "Plan Width": 97, "Plans": [{"Node Type": "Merge Join", "Parent Relationship": "Outer", "Join Type": "Inner", "Startup Cost": 1064877.33, "Total Cost": 1245394.72, "Plan Rows": 969413, "Plan Width": 33, "Inner Unique": true, "Merge Cond": "(mc.movie_id = t.id)", "Plans": [{"Node Type": "Nested Loop", "Parent Relationship": "Outer", "Join Type": "Inner", "Startup Cost": 1064874.71, "Total Cost": 1113253.68, "Plan Rows": 699731, "Plan Width": 24, "Inner Unique": true, "Join Filter": "(mc.company_type_id = ct.id), (LLVM Optimized)", "Plans": [{"Node Type": "Merge Join", "Parent Relationship": "Outer", "Join Type": "Inner", "Startup Cost": 1064874.71, "Total Cost": 1081764.75, "Plan Rows": 699731, "Plan Width": 28, "Inner Unique": false, "Merge Cond": "(ci.movie_id = mc.movie_id)", "Plans": [{"Node Type": "Sort", "Parent Relationship": "Outer", "Startup Cost": 781048.43, "Total Cost": 782789.25, "Plan Rows": 696330, "Plan Width": 20, "Sort Key": ["ci.movie_id"], "Plans": [{"Node Type": "Nested Loop", "Parent Relationship": "Outer", "Join Type": "Inner", "Startup Cost": 0.0, "Total Cost": 713471.65, "Plan Rows": 696330, "Plan Width": 20, "Inner Unique": true, "Plans": [{"Node Type": "Streaming(type: LOCAL GATHER dop: 1/16)", "Parent Relationship": "Outer", "Startup Cost": 0.0, "Total Cost": 120448.93, "Plan Rows": 1436424, "Plan Width": 8, "Plans": [{"Node Type": "Nested Loop", "Parent Relationship": "Outer", "Join Type": "Inner", "Startup Cost": 0.0, "Total Cost": 89447.98, "Plan Rows": 1436424, "Plan Width": 8, "Inner Unique": true, "Join Filter": "(ci.role_id = rt.id), (LLVM Optimized)", "Plans": [{"Node Type": "Seq Scan", "Parent Relationship": "Outer", "Relation Name": "cast_info", "Alias": "ci", "Startup Cost": 0.0, "Total Cost": 58282.92, "Plan Rows": 1436424, "Plan Width": 12, "Filter": "((note)::text ~~ '%(producer)%'::text), (LLVM Optimized)"}, {"Node Type": "Materialize", "Parent Relationship": "Inner", "Startup Cost": 0.0, "Total Cost": 15005.32, "Plan Rows": 192, "Plan Width": 4, "Plans": [{"Node Type": "Streaming(type: BROADCAST dop: 16/1)", "Parent Relationship": "Outer", "Startup Cost": 0.0, "Total Cost": 15005.26, "Plan Rows": 192, "Plan Width": 4, "Plans": [{"Node Type": "Seq Scan", "Parent Relationship": "Outer", "Relation Name": "role_type", "Alias": "rt", "Startup Cost": 0.0, "Total Cost": 1.12, "Plan Rows": 12, "Plan Width": 4}]}]}]}]}, {"Node Type": "Index Scan", "Parent Relationship": "Inner", "Scan Direction": "Forward", "Index Name": "char_name_pkey", "Relation Name": "char_name", "Alias": "chn", "Startup Cost": 0.0, "Total Cost": 0.4, "Plan Rows": 1, "Plan Width": 20, "Index Cond": "(id = ci.person_role_id)"}]}]}, {"Node Type": "Sort", "Parent Relationship": "Inner", "Startup Cost": 283826.21, "Total Cost": 287031.99, "Plan Rows": 1282311, "Plan Width": 8, "Sort Key": ["mc.movie_id"], "Plans": [{"Node Type": "Merge Join", "Parent Relationship": "Outer", "Join Type": "Inner", "Startup Cost": 3383.04, "Total Cost": 153733.74, "Plan Rows": 1282311, "Plan Width": 8, "Inner Unique": false, "Merge Cond": "(cn.id = mc.company_id)", "Plans": [{"Node Type": "Index Scan", "Parent Relationship": "Outer", "Scan Direction": "Forward", "Index Name": "company_name_pkey", "Relation Name": "company_name", "Alias": "cn", "Startup Cost": 0.0, "Total Cost": 10501.39, "Plan Rows": 85170, "Plan Width": 4, "Filter": "((country_code)::text = '[us]'::text)"}, {"Node Type": "Index Scan", "Parent Relationship": "Inner", "Scan Direction": "Forward", "Index Name": "company_id_movie_companies", "Relation Name": "movie_companies", "Alias": "mc", "Startup Cost": 0.0, "Total Cost": 123673.5, "Plan Rows": 2609128, "Plan Width": 12}]}]}]}, {"Node Type": "Materialize", "Parent Relationship": "Inner", "Startup Cost": 0.0, "Total Cost": 1.04, "Plan Rows": 3, "Plan Width": 4, "Plans": [{"Node Type": "Seq Scan", "Parent Relationship": "Outer", "Relation Name": "company_type", "Alias": "ct", "Startup Cost": 0.0, "Total Cost": 1.03, "Plan Rows": 3, "Plan Width": 4}]}]}, {"Node Type": "Index Scan", "Parent Relationship": "Inner", "Scan Direction": "Forward", "Index Name": "title_pkey", "Relation Name": "title", "Alias": "t", "Startup Cost": 0.0, "Total Cost": 116441.27, "Plan Rows": 1748840, "Plan Width": 21, "Filter": "(production_year > 1990), (LLVM Optimized)"}]}]}, "Unique SQL Id": 3145361615}, "explain_analyze_plan": null}, "(16, 29)": {"explain_plan": {"Plan": {"Node Type": "Aggregate", "Strategy": "Plain", "Startup Cost": 1741676.11, "Total Cost": 1741676.12, "Plan Rows": 1, "Plan Width": 97, "Plans": [{"Node Type": "Merge Join", "Parent Relationship": "Outer", "Join Type": "Inner", "Startup Cost": 1556300.39, "Total Cost": 1736829.05, "Plan Rows": 969413, "Plan Width": 33, "Inner Unique": true, "Merge Cond": "(mc.movie_id = t.id)", "Plans": [{"Node Type": "Nested Loop", "Parent Relationship": "Outer", "Join Type": "Inner", "Startup Cost": 1556297.77, "Total Cost": 1604688.01, "Plan Rows": 699731, "Plan Width": 24, "Inner Unique": true, "Join Filter": "(mc.company_type_id = ct.id), (LLVM Optimized)", "Plans": [{"Node Type": "Merge Join", "Parent Relationship": "Outer", "Join Type": "Inner", "Startup Cost": 1556297.77, "Total Cost": 1573187.81, "Plan Rows": 699731, "Plan Width": 28, "Inner Unique": false, "Merge Cond": "(ci.movie_id = mc.movie_id)", "Plans": [{"Node Type": "Sort", "Parent Relationship": "Outer", "Startup Cost": 1272471.49, "Total Cost": 1274212.32, "Plan Rows": 696330, "Plan Width": 20, "Sort Key": ["ci.movie_id"], "Plans": [{"Node Type": "Merge Join", "Parent Relationship": "Outer", "Join Type": "Inner", "Startup Cost": 1194438.34, "Total Cost": 1204894.71, "Plan Rows": 696330, "Plan Width": 20, "Inner Unique": false, "Merge Cond": "(rt.id = ci.role_id)", "Plans": [{"Node Type": "Index Scan", "Parent Relationship": "Outer", "Scan Direction": "Forward", "Index Name": "role_type_pkey", "Relation Name": "role_type", "Alias": "rt", "Startup Cost": 0.0, "Total Cost": 12.43, "Plan Rows": 12, "Plan Width": 4}, {"Node Type": "Sort", "Parent Relationship": "Inner", "Startup Cost": 1194438.34, "Total Cost": 1196179.17, "Plan Rows": 696330, "Plan Width": 24, "Sort Key": ["ci.role_id"], "Plans": [{"Node Type": "Merge Join", "Parent Relationship": "Outer", "Join Type": "Inner", "Startup Cost": 80674.47, "Total Cost": 1126861.56, "Plan Rows": 696330, "Plan Width": 24, "Inner Unique": false, "Merge Cond": "(chn.id = ci.person_role_id)", "Plans": [{"Node Type": "Index Scan", "Parent Relationship": "Outer", "Scan Direction": "Forward", "Index Name": "char_name_pkey", "Relation Name": "char_name", "Alias": "chn", "Startup Cost": 0.0, "Total Cost": 129875.46, "Plan Rows": 3140338, "Plan Width": 20}, {"Node Type": "Index Scan", "Parent Relationship": "Inner", "Scan Direction": "Forward", "Index Name": "person_role_id_cast_info", "Relation Name": "cast_info", "Alias": "ci", "Startup Cost": 0.0, "Total Cost": 2022508.08, "Plan Rows": 1436424, "Plan Width": 12, "Filter": "((note)::text ~~ '%(producer)%'::text), (LLVM Optimized)"}]}]}]}]}, {"Node Type": "Sort", "Parent Relationship": "Inner", "Startup Cost": 283826.21, "Total Cost": 287031.99, "Plan Rows": 1282311, "Plan Width": 8, "Sort Key": ["mc.movie_id"], "Plans": [{"Node Type": "Merge Join", "Parent Relationship": "Outer", "Join Type": "Inner", "Startup Cost": 3383.04, "Total Cost": 153733.74, "Plan Rows": 1282311, "Plan Width": 8, "Inner Unique": false, "Merge Cond": "(cn.id = mc.company_id)", "Plans": [{"Node Type": "Index Scan", "Parent Relationship": "Outer", "Scan Direction": "Forward", "Index Name": "company_name_pkey", "Relation Name": "company_name", "Alias": "cn", "Startup Cost": 0.0, "Total Cost": 10501.39, "Plan Rows": 85170, "Plan Width": 4, "Filter": "((country_code)::text = '[us]'::text)"}, {"Node Type": "Index Scan", "Parent Relationship": "Inner", "Scan Direction": "Forward", "Index Name": "company_id_movie_companies", "Relation Name": "movie_companies", "Alias": "mc", "Startup Cost": 0.0, "Total Cost": 123673.5, "Plan Rows": 2609128, "Plan Width": 12}]}]}]}, {"Node Type": "Materialize", "Parent Relationship": "Inner", "Startup Cost": 0.0, "Total Cost": 12.31, "Plan Rows": 3, "Plan Width": 4, "Plans": [{"Node Type": "Index Scan", "Parent Relationship": "Outer", "Scan Direction": "Forward", "Index Name": "company_type_pkey", "Relation Name": "company_type", "Alias": "ct", "Startup Cost": 0.0, "Total Cost": 12.29, "Plan Rows": 3, "Plan Width": 4}]}]}, {"Node Type": "Index Scan", "Parent Relationship": "Inner", "Scan Direction": "Forward", "Index Name": "title_pkey", "Relation Name": "title", "Alias": "t", "Startup Cost": 0.0, "Total Cost": 116441.27, "Plan Rows": 1748840, "Plan Width": 21, "Filter": "(production_year > 1990), (LLVM Optimized)"}]}]}, "Unique SQL Id": 3145361615}, "explain_analyze_plan": null}, "(16, 30)": {"explain_plan": {"Plan": {"Node Type": "Aggregate", "Strategy": "Plain", "Startup Cost": 401683149.04, "Total Cost": 401683149.07, "Plan Rows": 1, "Plan Width": 97, "Plans": [{"Node Type": "Streaming(type: LOCAL GATHER dop: 1/16)", "Parent Relationship": "Outer", "Startup Cost": 401683149.04, "Total Cost": 401683149.07, "Plan Rows": 1, "Plan Width": 97, "Plans": [{"Node Type": "Aggregate", "Strategy": "Plain", "Parent Relationship": "Outer", "Startup Cost": 401683149.04, "Total Cost": 401683149.05, "Plan Rows": 1, "Plan Width": 97, "Plans": [{"Node Type": "Nested Loop", "Parent Relationship": "Outer", "Join Type": "Inner", "Startup Cost": 0.0, "Total Cost": 401678301.98, "Plan Rows": 969413, "Plan Width": 33, "Inner Unique": false, "Join Filter": "(mc.movie_id = t.id), (LLVM Optimized)", "Plans": [{"Node Type": "Streaming(type: LOCAL REDISTRIBUTE dop: 16/16)", "Parent Relationship": "Outer", "Startup Cost": 0.0, "Total Cost": 40775.83, "Plan Rows": 1748840, "Plan Width": 21, "Plans": [{"Node Type": "Seq Scan", "Parent Relationship": "Outer", "Relation Name": "title", "Alias": "t", "Startup Cost": 0.0, "Total Cost": 19149.37, "Plan Rows": 1748840, "Plan Width": 21, "Filter": "(production_year > 1990), (LLVM Optimized)"}]}, {"Node Type": "Materialize", "Parent Relationship": "Inner", "Startup Cost": 0.0, "Total Cost": 329935434.58, "Plan Rows": 699731, "Plan Width": 24, "Plans": [{"Node Type": "Streaming(type: LOCAL REDISTRIBUTE dop: 16/16)", "Parent Relationship": "Outer", "Startup Cost": 0.0, "Total Cost": 329935215.91, "Plan Rows": 699731, "Plan Width": 24, "Plans": [{"Node Type": "Nested Loop", "Parent Relationship": "Outer", "Join Type": "Inner", "Startup Cost": 0.0, "Total Cost": 329917564.59, "Plan Rows": 699731, "Plan Width": 24, "Inner Unique": true, "Join Filter": "(mc.company_type_id = ct.id), (LLVM Optimized)", "Plans": [{"Node Type": "Nested Loop", "Parent Relationship": "Outer", "Join Type": "Inner", "Startup Cost": 0.0, "Total Cost": 329900594.52, "Plan Rows": 699731, "Plan Width": 28, "Inner Unique": false, "Join Filter": "(mc.movie_id = ci.movie_id), (LLVM Optimized)", "Plans": [{"Node Type": "Streaming(type: LOCAL REDISTRIBUTE dop: 16/16)", "Parent Relationship": "Outer", "Startup Cost": 0.0, "Total Cost": 13107880.98, "Plan Rows": 1282311, "Plan Width": 8, "Plans": [{"Node Type": "Nested Loop", "Parent Relationship": "Outer", "Join Type": "Inner", "Startup Cost": 0.0, "Total Cost": 13088022.23, "Plan Rows": 1282311, "Plan Width": 8, "Inner Unique": false, "Join Filter": "(cn.id = mc.company_id), (LLVM Optimized)", "Plans": [{"Node Type": "Streaming(type: LOCAL REDISTRIBUTE dop: 16/1)", "Parent Relationship": "Outer", "Startup Cost": 0.0, "Total Cost": 24444.99, "Plan Rows": 85170, "Plan Width": 4, "Plans": [{"Node Type": "Seq Scan", "Parent Relationship": "Outer", "Relation Name": "company_name", "Alias": "cn", "Startup Cost": 0.0, "Total Cost": 5903.45, "Plan Rows": 85170, "Plan Width": 4, "Filter": "((country_code)::text = '[us]'::text)"}]}, {"Node Type": "Materialize", "Parent Relationship": "Inner", "Startup Cost": 0.0, "Total Cost": 43315.08, "Plan Rows": 2609128, "Plan Width": 12, "Plans": [{"Node Type": "Streaming(type: LOCAL REDISTRIBUTE dop: 16/16)", "Parent Relationship": "Outer", "Startup Cost": 0.0, "Total Cost": 42499.73, "Plan Rows": 2609128, "Plan Width": 12, "Plans": [{"Node Type": "Seq Scan", "Parent Relationship": "Outer", "Relation Name": "movie_companies", "Alias": "mc", "Startup Cost": 0.0, "Total Cost": 17613.58, "Plan Rows": 2609128, "Plan Width": 12}]}]}]}]}, {"Node Type": "Materialize", "Parent Relationship": "Inner", "Startup Cost": 0.0, "Total Cost": 264473782.18, "Plan Rows": 696330, "Plan Width": 20, "Plans": [{"Node Type": "Streaming(type: LOCAL REDISTRIBUTE dop: 16/16)", "Parent Relationship": "Outer", "Startup Cost": 0.0, "Total Cost": 264473564.58, "Plan Rows": 696330, "Plan Width": 20, "Plans": [{"Node Type": "Nested Loop", "Parent Relationship": "Outer", "Join Type": "Inner", "Startup Cost": 0.0, "Total Cost": 264455926.14, "Plan Rows": 696330, "Plan Width": 20, "Inner Unique": true, "Join Filter": "(ci.role_id = rt.id), (LLVM Optimized)", "Plans": [{"Node Type": "Nested Loop", "Parent Relationship": "Outer", "Join Type": "Inner", "Startup Cost": 0.0, "Total Cost": 264433087.14, "Plan Rows": 696330, "Plan Width": 24, "Inner Unique": false, "Join Filter": "(chn.id = ci.person_role_id), (LLVM Optimized)", "Plans": [{"Node Type": "Streaming(type: LOCAL REDISTRIBUTE dop: 16/16)", "Parent Relationship": "Outer", "Startup Cost": 0.0, "Total Cost": 46117.27, "Plan Rows": 3140338, "Plan Width": 20, "Plans": [{"Node Type": "Seq Scan", "Parent Relationship": "Outer", "Relation Name": "char_name", "Alias": "chn", "Startup Cost": 0.0, "Total Cost": 19218.34, "Plan Rows": 3140338, "Plan Width": 20}]}, {"Node Type": "Materialize", "Parent Relationship": "Inner", "Startup Cost": 0.0, "Total Cost": 79174.5, "Plan Rows": 1436424, "Plan Width": 12, "Plans": [{"Node Type": "Streaming(type: LOCAL REDISTRIBUTE dop: 16/16)", "Parent Relationship": "Outer", "Startup Cost": 0.0, "Total Cost": 78725.62, "Plan Rows": 1436424, "Plan Width": 12, "Plans": [{"Node Type": "Seq Scan", "Parent Relationship": "Outer", "Relation Name": "cast_info", "Alias": "ci", "Startup Cost": 0.0, "Total Cost": 58282.92, "Plan Rows": 1436424, "Plan Width": 12, "Filter": "((note)::text ~~ '%(producer)%'::text), (LLVM Optimized)"}]}]}]}, {"Node Type": "Materialize", "Parent Relationship": "Inner", "Startup Cost": 0.0, "Total Cost": 15005.32, "Plan Rows": 192, "Plan Width": 4, "Plans": [{"Node Type": "Streaming(type: BROADCAST dop: 16/1)", "Parent Relationship": "Outer", "Startup Cost": 0.0, "Total Cost": 15005.26, "Plan Rows": 192, "Plan Width": 4, "Plans": [{"Node Type": "Seq Scan", "Parent Relationship": "Outer", "Relation Name": "role_type", "Alias": "rt", "Startup Cost": 0.0, "Total Cost": 1.12, "Plan Rows": 12, "Plan Width": 4}]}]}]}]}]}]}, {"Node Type": "Materialize", "Parent Relationship": "Inner", "Startup Cost": 0.0, "Total Cost": 15002.08, "Plan Rows": 48, "Plan Width": 4, "Plans": [{"Node Type": "Streaming(type: BROADCAST dop: 16/1)", "Parent Relationship": "Outer", "Startup Cost": 0.0, "Total Cost": 15002.07, "Plan Rows": 48, "Plan Width": 4, "Plans": [{"Node Type": "Seq Scan", "Parent Relationship": "Outer", "Relation Name": "company_type", "Alias": "ct", "Startup Cost": 0.0, "Total Cost": 1.03, "Plan Rows": 3, "Plan Width": 4}]}]}]}]}]}]}]}]}]}, "Unique SQL Id": 3145361615}, "explain_analyze_plan": null}, "(16, 31)": {"explain_plan": {"Plan": {"Node Type": "Aggregate", "Strategy": "Plain", "Startup Cost": 3972961914394.84, "Total Cost": 3972961914394.85, "Plan Rows": 1, "Plan Width": 97, "Plans": [{"Node Type": "Merge Join", "Parent Relationship": "Outer", "Join Type": "Inner", "Startup Cost": 309264820768.09, "Total Cost": 3972961909547.78, "Plan Rows": 969413, "Plan Width": 33, "Inner Unique": true, "Merge Cond": "(ci.person_role_id = chn.id)", "Plans": [{"Node Type": "Nested Loop", "Parent Relationship": "Outer", "Join Type": "Inner", "Startup Cost": 60000000000.0, "Total Cost": 6069052207123.43, "Plan Rows": 1999754, "Plan Width": 21, "Inner Unique": true, "Join Filter": "(mc.movie_id = t.id), (LLVM Optimized)", "Plans": [{"Node Type": "Nested Loop", "Parent Relationship": "Outer", "Join Type": "Inner", "Startup Cost": 50000000000.0, "Total Cost": 5031175374480.67, "Plan Rows": 1443440, "Plan Width": 12, "Inner Unique": true, "Join Filter": "(mc.company_type_id = ct.id), (LLVM Optimized)", "Plans": [{"Node Type": "Nested Loop", "Parent Relationship": "Outer", "Join Type": "Inner", "Startup Cost": 40000000000.0, "Total Cost": 4031175308296.36, "Plan Rows": 1443440, "Plan Width": 16, "Inner Unique": false, "Join Filter": "(ci.movie_id = mc.movie_id), (LLVM Optimized)", "Plans": [{"Node Type": "Nested Loop", "Parent Relationship": "Outer", "Join Type": "Inner", "Startup Cost": 20000000000.0, "Total Cost": 2000202510607.33, "Plan Rows": 1436424, "Plan Width": 8, "Inner Unique": true, "Join Filter": "(ci.role_id = rt.id), (LLVM Optimized)", "Plans": [{"Node Type": "Index Scan", "Parent Relationship": "Outer", "Scan Direction": "Forward", "Index Name": "person_role_id_cast_info", "Relation Name": "cast_info", "Alias": "ci", "Startup Cost": 10000000000.0, "Total Cost": 1000202250807.98, "Plan Rows": 1436424, "Plan Width": 12, "Filter": "((note)::text ~~ '%(producer)%'::text), (LLVM Optimized)"}, {"Node Type": "Materialize", "Parent Relationship": "Inner", "Startup Cost": 10000000000.0, "Total Cost": 1000000001243.06, "Plan Rows": 12, "Plan Width": 4, "Plans": [{"Node Type": "Index Scan", "Parent Relationship": "Outer", "Scan Direction": "Forward", "Index Name": "role_type_pkey", "Relation Name": "role_type", "Alias": "rt", "Startup Cost": 10000000000.0, "Total Cost": 1000000001243.0, "Plan Rows": 12, "Plan Width": 4}]}]}, {"Node Type": "Materialize", "Parent Relationship": "Inner", "Startup Cost": 20000000000.0, "Total Cost": 2003343666456.85, "Plan Rows": 1282311, "Plan Width": 8, "Plans": [{"Node Type": "Nested Loop", "Parent Relationship": "Outer", "Join Type": "Inner", "Startup Cost": 20000000000.0, "Total Cost": 2003343660045.29, "Plan Rows": 1282311, "Plan Width": 8, "Inner Unique": true, "Join Filter": "(cn.id = mc.company_id), (LLVM Optimized)", "Plans": [{"Node Type": "Index Scan", "Parent Relationship": "Outer", "Scan Direction": "Forward", "Index Name": "company_type_id_movie_companies", "Relation Name": "movie_companies", "Alias": "mc", "Startup Cost": 10000000000.0, "Total Cost": 1000009318217.0, "Plan Rows": 2609128, "Plan Width": 12}, {"Node Type": "Materialize", "Parent Relationship": "Inner", "Startup Cost": 10000000000.0, "Total Cost": 1000001050564.82, "Plan Rows": 85170, "Plan Width": 4, "Plans": [{"Node Type": "Index Scan", "Parent Relationship": "Outer", "Scan Direction": "Forward", "Index Name": "company_name_pkey", "Relation Name": "company_name", "Alias": "cn", "Startup Cost": 10000000000.0, "Total Cost": 1000001050138.97, "Plan Rows": 85170, "Plan Width": 4, "Filter": "((country_code)::text = '[us]'::text)"}]}]}]}]}, {"Node Type": "Materialize", "Parent Relationship": "Inner", "Startup Cost": 10000000000.0, "Total Cost": 1000000001229.52, "Plan Rows": 3, "Plan Width": 4, "Plans": [{"Node Type": "Index Scan", "Parent Relationship": "Outer", "Scan Direction": "Forward", "Index Name": "company_type_pkey", "Relation Name": "company_type", "Alias": "ct", "Startup Cost": 10000000000.0, "Total Cost": 1000000001229.5, "Plan Rows": 3, "Plan Width": 4}]}]}, {"Node Type": "Materialize", "Parent Relationship": "Inner", "Startup Cost": 10000000000.0, "Total Cost": 1000011652870.86, "Plan Rows": 1748840, "Plan Width": 21, "Plans": [{"Node Type": "Index Scan", "Parent Relationship": "Outer", "Scan Direction": "Forward", "Index Name": "title_pkey", "Relation Name": "title", "Alias": "t", "Startup Cost": 10000000000.0, "Total Cost": 1000011644126.66, "Plan Rows": 1748840, "Plan Width": 21, "Filter": "(production_year > 1990), (LLVM Optimized)"}]}]}, {"Node Type": "Index Scan", "Parent Relationship": "Inner", "Scan Direction": "Forward", "Index Name": "char_name_pkey", "Relation Name": "char_name", "Alias": "chn", "Startup Cost": 10000000000.0, "Total Cost": 1000012987545.51, "Plan Rows": 3140338, "Plan Width": 20}]}]}, "Unique SQL Id": 3145361615}, "explain_analyze_plan": null}, "(16, 32)": {"explain_plan": {"Plan": {"Node Type": "Aggregate", "Strategy": "Plain", "Startup Cost": 272970.86, "Total Cost": 272970.88, "Plan Rows": 1, "Plan Width": 97, "Plans": [{"Node Type": "Streaming(type: LOCAL GATHER dop: 1/16)", "Parent Relationship": "Outer", "Startup Cost": 272970.86, "Total Cost": 272970.88, "Plan Rows": 1, "Plan Width": 97, "Plans": [{"Node Type": "Aggregate", "Strategy": "Plain", "Parent Relationship": "Outer", "Startup Cost": 272970.86, "Total Cost": 272970.87, "Plan Rows": 1, "Plan Width": 97, "Plans": [{"Node Type": "Hash Join", "Parent Relationship": "Outer", "Join Type": "Inner", "Startup Cost": 129833.14, "Total Cost": 268123.79, "Plan Rows": 969413, "Plan Width": 33, "Inner Unique": true, "Hash Cond": "(mc.movie_id = t.id), (LLVM Optimized)", "Plans": [{"Node Type": "Streaming(type: LOCAL REDISTRIBUTE dop: 16/16)", "Parent Relationship": "Outer", "Startup Cost": 118272.9, "Total Cost": 255793.67, "Plan Rows": 699731, "Plan Width": 24, "Plans": [{"Node Type": "Nested Loop", "Parent Relationship": "Outer", "Join Type": "Inner", "Startup Cost": 118272.9, "Total Cost": 238142.35, "Plan Rows": 699731, "Plan Width": 24, "Inner Unique": true, "Join Filter": "(mc.company_type_id = ct.id), (LLVM Optimized)", "Plans": [{"Node Type": "Hash Join", "Parent Relationship": "Outer", "Join Type": "Inner", "Startup Cost": 118272.9, "Total Cost": 221172.28, "Plan Rows": 699731, "Plan Width": 28, "Inner Unique": true, "Hash Cond": "(ci.person_role_id = chn.id), (LLVM Optimized)", "Plans": [{"Node Type": "Streaming(type: LOCAL REDISTRIBUTE dop: 16/16)", "Parent Relationship": "Outer", "Startup Cost": 104290.19, "Total Cost": 206413.94, "Plan Rows": 1443440, "Plan Width": 16, "Plans": [{"Node Type": "Hash Join", "Parent Relationship": "Outer", "Join Type": "Inner", "Startup Cost": 104290.19, "Total Cost": 185944.65, "Plan Rows": 1443440, "Plan Width": 16, "Inner Unique": false, "Hash Cond": "(ci.movie_id = mc.movie_id), (LLVM Optimized)", "Plans": [{"Node Type": "Streaming(type: LOCAL REDISTRIBUTE dop: 16/16)", "Parent Relationship": "Outer", "Startup Cost": 15005.41, "Total Cost": 94859.97, "Plan Rows": 1436424, "Plan Width": 8, "Plans": [{"Node Type": "Hash Join", "Parent Relationship": "Outer", "Join Type": "Inner", "Startup Cost": 15005.41, "Total Cost": 74417.27, "Plan Rows": 1436424, "Plan Width": 8, "Inner Unique": true, "Hash Cond": "(ci.role_id = rt.id), (LLVM Optimized)", "Plans": [{"Node Type": "Seq Scan", "Parent Relationship": "Outer", "Relation Name": "cast_info", "Alias": "ci", "Startup Cost": 0.0, "Total Cost": 58282.92, "Plan Rows": 1436424, "Plan Width": 12, "Filter": "((note)::text ~~ '%(producer)%'::text), (LLVM Optimized)"}, {"Node Type": "Hash", "Parent Relationship": "Inner", "Startup Cost": 15005.26, "Total Cost": 15005.26, "Plan Rows": 192, "Plan Width": 4, "Plans": [{"Node Type": "Streaming(type: BROADCAST dop: 16/1)", "Parent Relationship": "Outer", "Startup Cost": 0.0, "Total Cost": 15005.26, "Plan Rows": 192, "Plan Width": 4, "Plans": [{"Node Type": "Seq Scan", "Parent Relationship": "Outer", "Relation Name": "role_type", "Alias": "rt", "Startup Cost": 0.0, "Total Cost": 1.12, "Plan Rows": 12, "Plan Width": 4}]}]}]}]}, {"Node Type": "Hash", "Parent Relationship": "Inner", "Startup Cost": 88282.97, "Total Cost": 88282.97, "Plan Rows": 1282311, "Plan Width": 8, "Plans": [{"Node Type": "Streaming(type: LOCAL REDISTRIBUTE dop: 16/16)", "Parent Relationship": "Outer", "Startup Cost": 24511.53, "Total Cost": 88282.97, "Plan Rows": 1282311, "Plan Width": 8, "Plans": [{"Node Type": "Hash Join", "Parent Relationship": "Outer", "Join Type": "Inner", "Startup Cost": 24511.53, "Total Cost": 68424.21, "Plan Rows": 1282311, "Plan Width": 8, "Inner Unique": true, "Hash Cond": "(mc.company_id = cn.id), (LLVM Optimized)", "Plans": [{"Node Type": "Streaming(type: LOCAL REDISTRIBUTE dop: 16/16)", "Parent Relationship": "Outer", "Startup Cost": 0.0, "Total Cost": 42499.73, "Plan Rows": 2609128, "Plan Width": 12, "Plans": [{"Node Type": "Seq Scan", "Parent Relationship": "Outer", "Relation Name": "movie_companies", "Alias": "mc", "Startup Cost": 0.0, "Total Cost": 17613.58, "Plan Rows": 2609128, "Plan Width": 12}]}, {"Node Type": "Hash", "Parent Relationship": "Inner", "Startup Cost": 24444.99, "Total Cost": 24444.99, "Plan Rows": 85170, "Plan Width": 4, "Plans": [{"Node Type": "Streaming(type: LOCAL REDISTRIBUTE dop: 16/1)", "Parent Relationship": "Outer", "Startup Cost": 0.0, "Total Cost": 24444.99, "Plan Rows": 85170, "Plan Width": 4, "Plans": [{"Node Type": "Seq Scan", "Parent Relationship": "Outer", "Relation Name": "company_name", "Alias": "cn", "Startup Cost": 0.0, "Total Cost": 5903.45, "Plan Rows": 85170, "Plan Width": 4, "Filter": "((country_code)::text = '[us]'::text)"}]}]}]}]}]}]}]}, {"Node Type": "Hash", "Parent Relationship": "Inner", "Startup Cost": 46117.27, "Total Cost": 46117.27, "Plan Rows": 3140338, "Plan Width": 20, "Plans": [{"Node Type": "Streaming(type: LOCAL REDISTRIBUTE dop: 16/16)", "Parent Relationship": "Outer", "Startup Cost": 0.0, "Total Cost": 46117.27, "Plan Rows": 3140338, "Plan Width": 20, "Plans": [{"Node Type": "Seq Scan", "Parent Relationship": "Outer", "Relation Name": "char_name", "Alias": "chn", "Startup Cost": 0.0, "Total Cost": 19218.34, "Plan Rows": 3140338, "Plan Width": 20}]}]}]}, {"Node Type": "Materialize", "Parent Relationship": "Inner", "Startup Cost": 0.0, "Total Cost": 15002.08, "Plan Rows": 48, "Plan Width": 4, "Plans": [{"Node Type": "Streaming(type: BROADCAST dop: 16/1)", "Parent Relationship": "Outer", "Startup Cost": 0.0, "Total Cost": 15002.07, "Plan Rows": 48, "Plan Width": 4, "Plans": [{"Node Type": "Seq Scan", "Parent Relationship": "Outer", "Relation Name": "company_type", "Alias": "ct", "Startup Cost": 0.0, "Total Cost": 1.03, "Plan Rows": 3, "Plan Width": 4}]}]}]}]}, {"Node Type": "Hash", "Parent Relationship": "Inner", "Startup Cost": 40775.83, "Total Cost": 40775.83, "Plan Rows": 1748840, "Plan Width": 21, "Plans": [{"Node Type": "Streaming(type: LOCAL REDISTRIBUTE dop: 16/16)", "Parent Relationship": "Outer", "Startup Cost": 0.0, "Total Cost": 40775.83, "Plan Rows": 1748840, "Plan Width": 21, "Plans": [{"Node Type": "Seq Scan", "Parent Relationship": "Outer", "Relation Name": "title", "Alias": "t", "Startup Cost": 0.0, "Total Cost": 19149.37, "Plan Rows": 1748840, "Plan Width": 21, "Filter": "(production_year > 1990), (LLVM Optimized)"}]}]}]}]}]}]}, "Unique SQL Id": 3145361615}, "explain_analyze_plan": {"Plan": {"Node Type": "Aggregate", "Strategy": "Plain", "Startup Cost": 272970.86, "Total Cost": 272970.88, "Plan Rows": 1, "Plan Width": 97, "Actual Min Startup Time": 1851.442, "Actual Max Startup Time": 1851.442, "Actual Min Total Time": 1851.442, "Actual Max Total Time": 1851.442, "Actual Total Rows": 1, "Plans": [{"Node Type": "Streaming(type: LOCAL GATHER dop: 1/16)", "Parent Relationship": "Outer", "Startup Cost": 272970.86, "Total Cost": 272970.88, "Plan Rows": 1, "Plan Width": 97, "Actual Min Startup Time": 1850.571, "Actual Max Startup Time": 1850.571, "Actual Min Total Time": 1851.421, "Actual Max Total Time": 1851.421, "Actual Total Rows": 16, "Plans": [{"Node Type": "Aggregate", "Strategy": "Plain", "Parent Relationship": "Outer", "Startup Cost": 272970.86, "Total Cost": 272970.87, "Plan Rows": 1, "Plan Width": 97, "Actual Min Startup Time": 1528.987, "Actual Max Startup Time": 1703.473, "Actual Min Total Time": 1528.988, "Actual Max Total Time": 1703.473, "Actual Total Rows": 16, "Plans": [{"Node Type": "Hash Join", "Parent Relationship": "Outer", "Join Type": "Inner", "Startup Cost": 129833.14, "Total Cost": 268123.79, "Plan Rows": 969413, "Plan Width": 33, "Actual Min Startup Time": 1526.266, "Actual Max Startup Time": 1700.688, "Actual Min Total Time": 1528.951, "Actual Max Total Time": 1703.451, "Actual Total Rows": 4, "Inner Unique": true, "Hash Cond": "(mc.movie_id = t.id), (LLVM Optimized, Jit Execute)", "Plans": [{"Node Type": "Streaming(type: LOCAL REDISTRIBUTE dop: 16/16)", "Parent Relationship": "Outer", "Startup Cost": 118272.9, "Total Cost": 255793.67, "Plan Rows": 699731, "Plan Width": 24, "Actual Min Startup Time": 1276.696, "Actual Max Startup Time": 1279.511, "Actual Min Total Time": 1279.291, "Actual Max Total Time": 1279.511, "Actual Total Rows": 6, "Plans": [{"Node Type": "Nested Loop", "Parent Relationship": "Outer", "Join Type": "Inner", "Startup Cost": 118272.9, "Total Cost": 238142.35, "Plan Rows": 699731, "Plan Width": 24, "Actual Min Startup Time": 1525.547, "Actual Max Startup Time": 1741.741, "Actual Min Total Time": 1530.314, "Actual Max Total Time": 1741.741, "Actual Total Rows": 6, "Inner Unique": true, "Join Filter": "(mc.company_type_id = ct.id), (LLVM Optimized, Jit Execute)", "Rows Removed by Join Filter": 24, "Plans": [{"Node Type": "Hash Join", "Parent Relationship": "Outer", "Join Type": "Inner", "Startup Cost": 118272.9, "Total Cost": 221172.28, "Plan Rows": 699731, "Plan Width": 28, "Actual Min Startup Time": 1525.521, "Actual Max Startup Time": 1698.406, "Actual Min Total Time": 1528.408, "Actual Max Total Time": 1698.406, "Actual Total Rows": 14, "Inner Unique": true, "Hash Cond": "(ci.person_role_id = chn.id), (LLVM Optimized, Jit Execute)", "Plans": [{"Node Type": "Streaming(type: LOCAL REDISTRIBUTE dop: 16/16)", "Parent Relationship": "Outer", "Startup Cost": 104290.19, "Total Cost": 206413.94, "Plan Rows": 1443440, "Plan Width": 16, "Actual Min Startup Time": 267.19, "Actual Max Startup Time": 1139.907, "Actual Min Total Time": 1010.82, "Actual Max Total Time": 1139.907, "Actual Total Rows": 1210267, "Plans": [{"Node Type": "Hash Join", "Parent Relationship": "Outer", "Join Type": "Inner", "Startup Cost": 104290.19, "Total Cost": 185944.65, "Plan Rows": 1443440, "Plan Width": 16, "Actual Min Startup Time": 654.515, "Actual Max Startup Time": 766.246, "Actual Min Total Time": 1227.175, "Actual Max Total Time": 1347.946, "Actual Total Rows": 1210267, "Inner Unique": false, "Hash Cond": "(ci.movie_id = mc.movie_id), (LLVM Optimized, Jit Execute)", "Plans": [{"Node Type": "Streaming(type: LOCAL REDISTRIBUTE dop: 16/16)", "Parent Relationship": "Outer", "Startup Cost": 15005.41, "Total Cost": 94859.97, "Plan Rows": 1436424, "Plan Width": 8, "Actual Min Startup Time": 0.061, "Actual Max Startup Time": 2.164, "Actual Min Total Time": 507.946, "Actual Max Total Time": 533.999, "Actual Total Rows": 1435439, "Plans": [{"Node Type": "Hash Join", "Parent Relationship": "Outer", "Join Type": "Inner", "Startup Cost": 15005.41, "Total Cost": 74417.27, "Plan Rows": 1436424, "Plan Width": 8, "Actual Min Startup Time": 44.415, "Actual Max Startup Time": 359.164, "Actual Min Total Time": 727.868, "Actual Max Total Time": 791.24, "Actual Total Rows": 1435439, "Inner Unique": true, "Hash Cond": "(ci.role_id = rt.id), (LLVM Optimized, Jit Execute)", "Plans": [{"Node Type": "Seq Scan", "Parent Relationship": "Outer", "Relation Name": "cast_info", "Alias": "ci", "Startup Cost": 0.0, "Total Cost": 58282.92, "Plan Rows": 1436424, "Plan Width": 12, "Actual Min Startup Time": 44.315, "Actual Max Startup Time": 359.045, "Actual Min Total Time": 683.134, "Actual Max Total Time": 746.581, "Actual Total Rows": 1435439, "Filter": "((note)::text ~~ '%(producer)%'::text), (LLVM Optimized, Jit Execute)", "Rows Removed by Filter": 34808904}, {"Node Type": "Hash", "Parent Relationship": "Inner", "Startup Cost": 15005.26, "Total Cost": 15005.26, "Plan Rows": 192, "Plan Width": 4, "Actual Min Startup Time": 0.018, "Actual Max Startup Time": 0.098, "Actual Min Total Time": 0.018, "Actual Max Total Time": 0.098, "Actual Total Rows": 192, "Max Hash Buckets": 32768, "Min Hash Buckets": 32768, "Max Hash Batches": 1, "Min Hash Batches": 1, "Max Original Hash Batches": 1, "Min Original Hash Batches": 1, "Max Peak Memory Usage": 1, "min Peak Memory Usage": 1, "Plans": [{"Node Type": "Streaming(type: BROADCAST dop: 16/1)", "Parent Relationship": "Outer", "Startup Cost": 0.0, "Total Cost": 15005.26, "Plan Rows": 192, "Plan Width": 4, "Actual Min Startup Time": 0.005, "Actual Max Startup Time": 0.016, "Actual Min Total Time": 0.006, "Actual Max Total Time": 0.019, "Actual Total Rows": 192, "Plans": [{"Node Type": "Seq Scan", "Parent Relationship": "Outer", "Relation Name": "role_type", "Alias": "rt", "Startup Cost": 0.0, "Total Cost": 1.12, "Plan Rows": 12, "Plan Width": 4, "Actual Min Startup Time": 0.012, "Actual Max Startup Time": 0.012, "Actual Min Total Time": 0.017, "Actual Max Total Time": 0.017, "Actual Total Rows": 12}]}]}]}]}, {"Node Type": "Hash", "Parent Relationship": "Inner", "Startup Cost": 88282.97, "Total Cost": 88282.97, "Plan Rows": 1282311, "Plan Width": 8, "Actual Min Startup Time": 654.343, "Actual Max Startup Time": 766.036, "Actual Min Total Time": 654.343, "Actual Max Total Time": 766.036, "Actual Total Rows": 1153797, "Max Hash Buckets": 131072, "Min Hash Buckets": 131072, "Max Hash Batches": 1, "Min Hash Batches": 1, "Max Original Hash Batches": 1, "Min Original Hash Batches": 1, "Max Peak Memory Usage": 2824, "min Peak Memory Usage": 2824, "Plans": [{"Node Type": "Streaming(type: LOCAL REDISTRIBUTE dop: 16/16)", "Parent Relationship": "Outer", "Startup Cost": 24511.53, "Total Cost": 88282.97, "Plan Rows": 1282311, "Plan Width": 8, "Actual Min Startup Time": 210.935, "Actual Max Startup Time": 322.34, "Actual Min Total Time": 636.024, "Actual Max Total Time": 745.671, "Actual Total Rows": 1153797, "Plans": [{"Node Type": "Hash Join", "Parent Relationship": "Outer", "Join Type": "Inner", "Startup Cost": 24511.53, "Total Cost": 68424.21, "Plan Rows": 1282311, "Plan Width": 8, "Actual Min Startup Time": 208.859, "Actual Max Startup Time": 395.904, "Actual Min Total Time": 531.724, "Actual Max Total Time": 761.672, "Actual Total Rows": 1153797, "Inner Unique": true, "Hash Cond": "(mc.company_id = cn.id), (LLVM Optimized, Jit Execute)", "Plans": [{"Node Type": "Streaming(type: LOCAL REDISTRIBUTE dop: 16/16)", "Parent Relationship": "Outer", "Startup Cost": 0.0, "Total Cost": 42499.73, "Plan Rows": 2609128, "Plan Width": 12, "Actual Min Startup Time": 0.057, "Actual Max Startup Time": 1.428, "Actual Min Total Time": 262.232, "Actual Max Total Time": 340.091, "Actual Total Rows": 2609128, "Plans": [{"Node Type": "Seq Scan", "Parent Relationship": "Outer", "Relation Name": "movie_companies", "Alias": "mc", "Startup Cost": 0.0, "Total Cost": 17613.58, "Plan Rows": 2609128, "Plan Width": 12, "Actual Min Startup Time": 0.026, "Actual Max Startup Time": 0.043, "Actual Min Total Time": 41.08, "Actual Max Total Time": 51.061, "Actual Total Rows": 2609128}]}, {"Node Type": "Hash", "Parent Relationship": "Inner", "Startup Cost": 24444.99, "Total Cost": 24444.99, "Plan Rows": 85170, "Plan Width": 4, "Actual Min Startup Time": 208.731, "Actual Max Startup Time": 394.761, "Actual Min Total Time": 208.731, "Actual Max Total Time": 394.761, "Actual Total Rows": 84843, "Max Hash Buckets": 32768, "Min Hash Buckets": 32768, "Max Hash Batches": 1, "Min Hash Batches": 1, "Max Original Hash Batches": 1, "Min Original Hash Batches": 1, "Max Peak Memory Usage": 182, "min Peak Memory Usage": 182, "Plans": [{"Node Type": "Streaming(type: LOCAL REDISTRIBUTE dop: 16/1)", "Parent Relationship": "Outer", "Startup Cost": 0.0, "Total Cost": 24444.99, "Plan Rows": 85170, "Plan Width": 4, "Actual Min Startup Time": 0.043, "Actual Max Startup Time": 186.918, "Actual Min Total Time": 206.926, "Actual Max Total Time": 392.009, "Actual Total Rows": 84843, "Plans": [{"Node Type": "Seq Scan", "Parent Relationship": "Outer", "Relation Name": "company_name", "Alias": "cn", "Startup Cost": 0.0, "Total Cost": 5903.45, "Plan Rows": 85170, "Plan Width": 4, "Actual Min Startup Time": 0.05, "Actual Max Startup Time": 0.05, "Actual Min Total Time": 99.773, "Actual Max Total Time": 99.773, "Actual Total Rows": 84843, "Filter": "((country_code)::text = '[us]'::text)", "Rows Removed by Filter": 150153}]}]}]}]}]}]}]}, {"Node Type": "Hash", "Parent Relationship": "Inner", "Startup Cost": 46117.27, "Total Cost": 46117.27, "Plan Rows": 3140338, "Plan Width": 20, "Actual Min Startup Time": 388.375, "Actual Max Startup Time": 558.238, "Actual Min Total Time": 388.375, "Actual Max Total Time": 558.238, "Actual Total Rows": 3140338, "Max Hash Buckets": 262144, "Min Hash Buckets": 262144, "Max Hash Batches": 1, "Min Hash Batches": 1, "Max Original Hash Batches": 1, "Min Original Hash Batches": 1, "Max Peak Memory Usage": 10347, "min Peak Memory Usage": 10347, "Plans": [{"Node Type": "Streaming(type: LOCAL REDISTRIBUTE dop: 16/16)", "Parent Relationship": "Outer", "Startup Cost": 0.0, "Total Cost": 46117.27, "Plan Rows": 3140338, "Plan Width": 20, "Actual Min Startup Time": 0.051, "Actual Max Startup Time": 17.737, "Actual Min Total Time": 300.722, "Actual Max Total Time": 467.746, "Actual Total Rows": 3140338, "Plans": [{"Node Type": "Seq Scan", "Parent Relationship": "Outer", "Relation Name": "char_name", "Alias": "chn", "Startup Cost": 0.0, "Total Cost": 19218.34, "Plan Rows": 3140338, "Plan Width": 20, "Actual Min Startup Time": 0.018, "Actual Max Startup Time": 0.033, "Actual Min Total Time": 57.62, "Actual Max Total Time": 68.173, "Actual Total Rows": 3140338}]}]}]}, {"Node Type": "Materialize", "Parent Relationship": "Inner", "Startup Cost": 0.0, "Total Cost": 15002.08, "Plan Rows": 48, "Plan Width": 4, "Actual Min Startup Time": 0.008, "Actual Max Startup Time": 41.332, "Actual Min Total Time": 0.008, "Actual Max Total Time": 41.332, "Actual Total Rows": 46, "Plans": [{"Node Type": "Streaming(type: BROADCAST dop: 16/1)", "Parent Relationship": "Outer", "Startup Cost": 0.0, "Total Cost": 15002.07, "Plan Rows": 48, "Plan Width": 4, "Actual Min Startup Time": 0.004, "Actual Max Startup Time": 41.324, "Actual Min Total Time": 0.005, "Actual Max Total Time": 41.326, "Actual Total Rows": 48, "Plans": [{"Node Type": "Seq Scan", "Parent Relationship": "Outer", "Relation Name": "company_type", "Alias": "ct", "Startup Cost": 0.0, "Total Cost": 1.03, "Plan Rows": 3, "Plan Width": 4, "Actual Min Startup Time": 0.01, "Actual Max Startup Time": 0.01, "Actual Min Total Time": 0.012, "Actual Max Total Time": 0.012, "Actual Total Rows": 3}]}]}]}]}, {"Node Type": "Hash", "Parent Relationship": "Inner", "Startup Cost": 40775.83, "Total Cost": 40775.83, "Plan Rows": 1748840, "Plan Width": 21, "Actual Min Startup Time": 249.391, "Actual Max Startup Time": 423.825, "Actual Min Total Time": 249.391, "Actual Max Total Time": 423.825, "Actual Total Rows": 1749032, "Max Hash Buckets": 131072, "Min Hash Buckets": 131072, "Max Hash Batches": 1, "Min Hash Batches": 1, "Max Original Hash Batches": 1, "Min Original Hash Batches": 1, "Max Peak Memory Usage": 5875, "min Peak Memory Usage": 5875, "Plans": [{"Node Type": "Streaming(type: LOCAL REDISTRIBUTE dop: 16/16)", "Parent Relationship": "Outer", "Startup Cost": 0.0, "Total Cost": 40775.83, "Plan Rows": 1748840, "Plan Width": 21, "Actual Min Startup Time": 0.055, "Actual Max Startup Time": 38.555, "Actual Min Total Time": 207.495, "Actual Max Total Time": 386.837, "Actual Total Rows": 1749032, "Plans": [{"Node Type": "Seq Scan", "Parent Relationship": "Outer", "Relation Name": "title", "Alias": "t", "Startup Cost": 0.0, "Total Cost": 19149.37, "Plan Rows": 1748840, "Plan Width": 21, "Actual Min Startup Time": 0.031, "Actual Max Startup Time": 0.05, "Actual Min Total Time": 64.362, "Actual Max Total Time": 71.656, "Actual Total Rows": 1749032, "Filter": "(production_year > 1990), (LLVM Optimized, Jit Execute)", "Rows Removed by Filter": 779279}]}]}]}]}]}]}, "Triggers": [], "Planner Runtime": 87.81, "Total Runtime": 1891.157, "Unique SQL Id": 3145361615}}, "(16, 33)": {"explain_plan": {"Plan": {"Node Type": "Aggregate", "Strategy": "Plain", "Startup Cost": 1360203.59, "Total Cost": 1360203.61, "Plan Rows": 1, "Plan Width": 97, "Plans": [{"Node Type": "Streaming(type: LOCAL GATHER dop: 1/16)", "Parent Relationship": "Outer", "Startup Cost": 1360203.59, "Total Cost": 1360203.61, "Plan Rows": 1, "Plan Width": 97, "Plans": [{"Node Type": "Aggregate", "Strategy": "Plain", "Parent Relationship": "Outer", "Startup Cost": 1360203.59, "Total Cost": 1360203.6, "Plan Rows": 1, "Plan Width": 97, "Plans": [{"Node Type": "Hash Join", "Parent Relationship": "Outer", "Join Type": "Inner", "Startup Cost": 213081.4, "Total Cost": 1355356.52, "Plan Rows": 969413, "Plan Width": 33, "Inner Unique": true, "Hash Cond": "(mc.movie_id = t.id), (LLVM Optimized)", "Plans": [{"Node Type": "Streaming(type: LOCAL REDISTRIBUTE dop: 16/16)", "Parent Relationship": "Outer", "Startup Cost": 180855.35, "Total Cost": 1322360.59, "Plan Rows": 699731, "Plan Width": 24, "Plans": [{"Node Type": "Nested Loop", "Parent Relationship": "Outer", "Join Type": "Inner", "Startup Cost": 180855.35, "Total Cost": 1304709.26, "Plan Rows": 699731, "Plan Width": 24, "Inner Unique": true, "Join Filter": "(ci.role_id = rt.id), (LLVM Optimized)", "Plans": [{"Node Type": "Nested Loop", "Parent Relationship": "Outer", "Join Type": "Inner", "Startup Cost": 180855.35, "Total Cost": 1281824.69, "Plan Rows": 699731, "Plan Width": 28, "Inner Unique": true, "Join Filter": "(mc.company_type_id = ct.id), (LLVM Optimized)", "Plans": [{"Node Type": "Hash Join", "Parent Relationship": "Outer", "Join Type": "Inner", "Startup Cost": 180855.35, "Total Cost": 1264847.35, "Plan Rows": 699731, "Plan Width": 32, "Inner Unique": true, "Hash Cond": "(mc.company_id = cn.id), (LLVM Optimized)", "Plans": [{"Node Type": "Streaming(type: LOCAL REDISTRIBUTE dop: 16/16)", "Parent Relationship": "Outer", "Startup Cost": 173977.43, "Total Cost": 1257198.42, "Plan Rows": 1423748, "Plan Width": 36, "Plans": [{"Node Type": "Hash Join", "Parent Relationship": "Outer", "Join Type": "Inner", "Startup Cost": 173977.43, "Total Cost": 1236803.75, "Plan Rows": 1423748, "Plan Width": 36, "Inner Unique": false, "Hash Cond": "(ci.movie_id = mc.movie_id), (LLVM Optimized)", "Plans": [{"Node Type": "Streaming(type: LOCAL REDISTRIBUTE dop: 16/16)", "Parent Relationship": "Outer", "Startup Cost": 144787.11, "Total Cost": 1205907.57, "Plan Rows": 696330, "Plan Width": 24, "Plans": [{"Node Type": "Hash Join", "Parent Relationship": "Outer", "Join Type": "Inner", "Startup Cost": 144787.11, "Total Cost": 1188269.13, "Plan Rows": 696330, "Plan Width": 24, "Inner Unique": true, "Hash Cond": "(ci.person_role_id = chn.id), (LLVM Optimized)", "Plans": [{"Node Type": "Streaming(type: LOCAL REDISTRIBUTE dop: 16/16)", "Parent Relationship": "Outer", "Startup Cost": 0.0, "Total Cost": 1042710.15, "Plan Rows": 1436424, "Plan Width": 12, "Plans": [{"Node Type": "Index Scan", "Parent Relationship": "Outer", "Scan Direction": "Forward", "Index Name": "role_id_cast_info", "Relation Name": "cast_info", "Alias": "ci", "Startup Cost": 0.0, "Total Cost": 1022267.45, "Plan Rows": 1436424, "Plan Width": 12, "Filter": "((note)::text ~~ '%(producer)%'::text), (LLVM Optimized)"}]}, {"Node Type": "Hash", "Parent Relationship": "Inner", "Startup Cost": 142333.72, "Total Cost": 142333.72, "Plan Rows": 3140338, "Plan Width": 20, "Plans": [{"Node Type": "Streaming(type: LOCAL REDISTRIBUTE dop: 16/16)", "Parent Relationship": "Outer", "Startup Cost": 0.0, "Total Cost": 142333.72, "Plan Rows": 3140338, "Plan Width": 20, "Plans": [{"Node Type": "Index Scan", "Parent Relationship": "Outer", "Scan Direction": "Forward", "Index Name": "char_name_pkey", "Relation Name": "char_name", "Alias": "chn", "Startup Cost": 0.0, "Total Cost": 115434.79, "Plan Rows": 3140338, "Plan Width": 20}]}]}]}]}, {"Node Type": "Hash", "Parent Relationship": "Inner", "Startup Cost": 108607.74, "Total Cost": 108607.74, "Plan Rows": 2609128, "Plan Width": 12, "Plans": [{"Node Type": "Streaming(type: LOCAL REDISTRIBUTE dop: 16/16)", "Parent Relationship": "Outer", "Startup Cost": 0.0, "Total Cost": 108607.74, "Plan Rows": 2609128, "Plan Width": 12, "Plans": [{"Node Type": "Index Scan", "Parent Relationship": "Outer", "Scan Direction": "Forward", "Index Name": "company_type_id_movie_companies", "Relation Name": "movie_companies", "Alias": "mc", "Startup Cost": 0.0, "Total Cost": 83721.6, "Plan Rows": 2609128, "Plan Width": 12}]}]}]}]}, {"Node Type": "Hash", "Parent Relationship": "Inner", "Startup Cost": 27245.51, "Total Cost": 27245.51, "Plan Rows": 85170, "Plan Width": 4, "Plans": [{"Node Type": "Streaming(type: LOCAL REDISTRIBUTE dop: 16/1)", "Parent Relationship": "Outer", "Startup Cost": 2800.52, "Total Cost": 27245.51, "Plan Rows": 85170, "Plan Width": 4, "Plans": [{"Node Type": "Bitmap Heap Scan", "Parent Relationship": "Outer", "Relation Name": "company_name", "Alias": "cn", "Startup Cost": 2800.52, "Total Cost": 8703.97, "Plan Rows": 85170, "Plan Width": 4, "Filter": "((country_code)::text = '[us]'::text)", "Plans": [{"Node Type": "Bitmap Index Scan", "Parent Relationship": "Outer", "Index Name": "company_name_pkey", "Startup Cost": 0.0, "Total Cost": 2779.23, "Plan Rows": 234996, "Plan Width": 0}]}]}]}]}, {"Node Type": "Materialize", "Parent Relationship": "Inner", "Startup Cost": 0.0, "Total Cost": 15009.35, "Plan Rows": 48, "Plan Width": 4, "Plans": [{"Node Type": "Streaming(type: BROADCAST dop: 16/1)", "Parent Relationship": "Outer", "Startup Cost": 0.0, "Total Cost": 15009.33, "Plan Rows": 48, "Plan Width": 4, "Plans": [{"Node Type": "Index Only Scan", "Parent Relationship": "Outer", "Scan Direction": "Forward", "Index Name": "company_type_pkey", "Relation Name": "company_type", "Alias": "ct", "Startup Cost": 0.0, "Total Cost": 8.29, "Plan Rows": 3, "Plan Width": 4}]}]}]}, {"Node Type": "Materialize", "Parent Relationship": "Inner", "Startup Cost": 0.0, "Total Cost": 15012.63, "Plan Rows": 192, "Plan Width": 4, "Plans": [{"Node Type": "Streaming(type: BROADCAST dop: 16/1)", "Parent Relationship": "Outer", "Startup Cost": 0.0, "Total Cost": 15012.57, "Plan Rows": 192, "Plan Width": 4, "Plans": [{"Node Type": "Index Only Scan", "Parent Relationship": "Outer", "Scan Direction": "Forward", "Index Name": "role_type_pkey", "Relation Name": "role_type", "Alias": "rt", "Startup Cost": 0.0, "Total Cost": 8.43, "Plan Rows": 12, "Plan Width": 4}]}]}]}]}, {"Node Type": "Hash", "Parent Relationship": "Inner", "Startup Cost": 123439.09, "Total Cost": 123439.09, "Plan Rows": 1748840, "Plan Width": 21, "Plans": [{"Node Type": "Streaming(type: LOCAL REDISTRIBUTE dop: 16/16)", "Parent Relationship": "Outer", "Startup Cost": 0.0, "Total Cost": 123439.09, "Plan Rows": 1748840, "Plan Width": 21, "Plans": [{"Node Type": "Index Scan", "Parent Relationship": "Outer", "Scan Direction": "Forward", "Index Name": "title_pkey", "Relation Name": "title", "Alias": "t", "Startup Cost": 0.0, "Total Cost": 101812.62, "Plan Rows": 1748840, "Plan Width": 21, "Filter": "(production_year > 1990), (LLVM Optimized)"}]}]}]}]}]}]}, "Unique SQL Id": 3145361615}, "explain_analyze_plan": {"Plan": {"Node Type": "Aggregate", "Strategy": "Plain", "Startup Cost": 1360203.59, "Total Cost": 1360203.61, "Plan Rows": 1, "Plan Width": 97, "Actual Min Startup Time": 3800.541, "Actual Max Startup Time": 3800.541, "Actual Min Total Time": 3800.541, "Actual Max Total Time": 3800.541, "Actual Total Rows": 1, "Plans": [{"Node Type": "Streaming(type: LOCAL GATHER dop: 1/16)", "Parent Relationship": "Outer", "Startup Cost": 1360203.59, "Total Cost": 1360203.61, "Plan Rows": 1, "Plan Width": 97, "Actual Min Startup Time": 3799.041, "Actual Max Startup Time": 3799.041, "Actual Min Total Time": 3800.502, "Actual Max Total Time": 3800.502, "Actual Total Rows": 16, "Plans": [{"Node Type": "Aggregate", "Strategy": "Plain", "Parent Relationship": "Outer", "Startup Cost": 1360203.59, "Total Cost": 1360203.6, "Plan Rows": 1, "Plan Width": 97, "Actual Min Startup Time": 3285.826, "Actual Max Startup Time": 3541.092, "Actual Min Total Time": 3285.827, "Actual Max Total Time": 3541.092, "Actual Total Rows": 16, "Plans": [{"Node Type": "Hash Join", "Parent Relationship": "Outer", "Join Type": "Inner", "Startup Cost": 213081.4, "Total Cost": 1355356.52, "Plan Rows": 969413, "Plan Width": 33, "Actual Min Startup Time": 3285.818, "Actual Max Startup Time": 3541.082, "Actual Min Total Time": 3285.818, "Actual Max Total Time": 3541.082, "Actual Total Rows": 4, "Inner Unique": true, "Hash Cond": "(mc.movie_id = t.id), (LLVM Optimized, Jit Execute)", "Plans": [{"Node Type": "Streaming(type: LOCAL REDISTRIBUTE dop: 16/16)", "Parent Relationship": "Outer", "Startup Cost": 180855.35, "Total Cost": 1322360.59, "Plan Rows": 699731, "Plan Width": 24, "Actual Min Startup Time": 2529.715, "Actual Max Startup Time": 2531.456, "Actual Min Total Time": 2531.326, "Actual Max Total Time": 2531.456, "Actual Total Rows": 6, "Plans": [{"Node Type": "Nested Loop", "Parent Relationship": "Outer", "Join Type": "Inner", "Startup Cost": 180855.35, "Total Cost": 1304709.26, "Plan Rows": 699731, "Plan Width": 24, "Actual Min Startup Time": 3288.803, "Actual Max Startup Time": 3548.377, "Actual Min Total Time": 3288.803, "Actual Max Total Time": 3548.377, "Actual Total Rows": 6, "Inner Unique": true, "Join Filter": "(ci.role_id = rt.id), (LLVM Optimized, Jit Execute)", "Rows Removed by Join Filter": 0, "Plans": [{"Node Type": "Nested Loop", "Parent Relationship": "Outer", "Join Type": "Inner", "Startup Cost": 180855.35, "Total Cost": 1281824.69, "Plan Rows": 699731, "Plan Width": 28, "Actual Min Startup Time": 3288.767, "Actual Max Startup Time": 3489.32, "Actual Min Total Time": 3288.767, "Actual Max Total Time": 3489.32, "Actual Total Rows": 6, "Inner Unique": true, "Join Filter": "(mc.company_type_id = ct.id), (LLVM Optimized, Jit Execute)", "Rows Removed by Join Filter": 24, "Plans": [{"Node Type": "Hash Join", "Parent Relationship": "Outer", "Join Type": "Inner", "Startup Cost": 180855.35, "Total Cost": 1264847.35, "Plan Rows": 699731, "Plan Width": 32, "Actual Min Startup Time": 3288.701, "Actual Max Startup Time": 3440.299, "Actual Min Total Time": 3288.703, "Actual Max Total Time": 3440.299, "Actual Total Rows": 14, "Inner Unique": true, "Hash Cond": "(mc.company_id = cn.id), (LLVM Optimized, Jit Execute)", "Plans": [{"Node Type": "Streaming(type: LOCAL REDISTRIBUTE dop: 16/16)", "Parent Relationship": "Outer", "Startup Cost": 173977.43, "Total Cost": 1257198.42, "Plan Rows": 1423748, "Plan Width": 36, "Actual Min Startup Time": 2904.596, "Actual Max Startup Time": 2905.937, "Actual Min Total Time": 2905.815, "Actual Max Total Time": 2905.937, "Actual Total Rows": 31, "Plans": [{"Node Type": "Hash Join", "Parent Relationship": "Outer", "Join Type": "Inner", "Startup Cost": 173977.43, "Total Cost": 1236803.75, "Plan Rows": 1423748, "Plan Width": 36, "Actual Min Startup Time": 3285.948, "Actual Max Startup Time": 3540.038, "Actual Min Total Time": 3286.47, "Actual Max Total Time": 3540.557, "Actual Total Rows": 31, "Inner Unique": false, "Hash Cond": "(ci.movie_id = mc.movie_id), (LLVM Optimized, Jit Execute)", "Plans": [{"Node Type": "Streaming(type: LOCAL REDISTRIBUTE dop: 16/16)", "Parent Relationship": "Outer", "Startup Cost": 144787.11, "Total Cost": 1205907.57, "Plan Rows": 696330, "Plan Width": 24, "Actual Min Startup Time": 2771.407, "Actual Max Startup Time": 2772.454, "Actual Min Total Time": 2772.338, "Actual Max Total Time": 2772.454, "Actual Total Rows": 15, "Plans": [{"Node Type": "Hash Join", "Parent Relationship": "Outer", "Join Type": "Inner", "Startup Cost": 144787.11, "Total Cost": 1188269.13, "Plan Rows": 696330, "Plan Width": 24, "Actual Min Startup Time": 1837.621, "Actual Max Startup Time": 3548.344, "Actual Min Total Time": 3300.021, "Actual Max Total Time": 3548.344, "Actual Total Rows": 15, "Inner Unique": true, "Hash Cond": "(ci.person_role_id = chn.id), (LLVM Optimized, Jit Execute)", "Plans": [{"Node Type": "Streaming(type: LOCAL REDISTRIBUTE dop: 16/16)", "Parent Relationship": "Outer", "Startup Cost": 0.0, "Total Cost": 1042710.15, "Plan Rows": 1436424, "Plan Width": 12, "Actual Min Startup Time": 0.071, "Actual Max Startup Time": 2397.884, "Actual Min Total Time": 2242.827, "Actual Max Total Time": 2397.884, "Actual Total Rows": 1435439, "Plans": [{"Node Type": "Index Scan", "Parent Relationship": "Outer", "Scan Direction": "Forward", "Index Name": "role_id_cast_info", "Relation Name": "cast_info", "Alias": "ci", "Startup Cost": 0.0, "Total Cost": 1022267.45, "Plan Rows": 1436424, "Plan Width": 12, "Actual Min Startup Time": 636.52, "Actual Max Startup Time": 2187.653, "Actual Min Total Time": 1718.695, "Actual Max Total Time": 2421.714, "Actual Total Rows": 1435439, "Filter": "((note)::text ~~ '%(producer)%'::text), (LLVM Optimized, Jit Execute)", "Rows Removed by Filter": 34808904}]}, {"Node Type": "Hash", "Parent Relationship": "Inner", "Startup Cost": 142333.72, "Total Cost": 142333.72, "Plan Rows": 3140338, "Plan Width": 20, "Actual Min Startup Time": 901.857, "Actual Max Startup Time": 1150.161, "Actual Min Total Time": 901.857, "Actual Max Total Time": 1150.161, "Actual Total Rows": 3140338, "Max Hash Buckets": 262144, "Min Hash Buckets": 262144, "Max Hash Batches": 1, "Min Hash Batches": 1, "Max Original Hash Batches": 1, "Min Original Hash Batches": 1, "Max Peak Memory Usage": 10347, "min Peak Memory Usage": 10347, "Plans": [{"Node Type": "Streaming(type: LOCAL REDISTRIBUTE dop: 16/16)", "Parent Relationship": "Outer", "Startup Cost": 0.0, "Total Cost": 142333.72, "Plan Rows": 3140338, "Plan Width": 20, "Actual Min Startup Time": 0.071, "Actual Max Startup Time": 164.067, "Actual Min Total Time": 773.669, "Actual Max Total Time": 1058.873, "Actual Total Rows": 3140338, "Plans": [{"Node Type": "Index Scan", "Parent Relationship": "Outer", "Scan Direction": "Forward", "Index Name": "char_name_pkey", "Relation Name": "char_name", "Alias": "chn", "Startup Cost": 0.0, "Total Cost": 115434.79, "Plan Rows": 3140338, "Plan Width": 20, "Actual Min Startup Time": 15.372, "Actual Max Startup Time": 181.148, "Actual Min Total Time": 383.489, "Actual Max Total Time": 688.441, "Actual Total Rows": 3140338}]}]}]}]}, {"Node Type": "Hash", "Parent Relationship": "Inner", "Startup Cost": 108607.74, "Total Cost": 108607.74, "Plan Rows": 2609128, "Plan Width": 12, "Actual Min Startup Time": 513.67, "Actual Max Startup Time": 767.966, "Actual Min Total Time": 513.67, "Actual Max Total Time": 767.966, "Actual Total Rows": 2609128, "Max Hash Buckets": 262144, "Min Hash Buckets": 262144, "Max Hash Batches": 1, "Min Hash Batches": 1, "Max Original Hash Batches": 1, "Min Original Hash Batches": 1, "Max Peak Memory Usage": 7036, "min Peak Memory Usage": 7036, "Plans": [{"Node Type": "Streaming(type: LOCAL REDISTRIBUTE dop: 16/16)", "Parent Relationship": "Outer", "Startup Cost": 0.0, "Total Cost": 108607.74, "Plan Rows": 2609128, "Plan Width": 12, "Actual Min Startup Time": 0.056, "Actual Max Startup Time": 168.998, "Actual Min Total Time": 405.826, "Actual Max Total Time": 684.489, "Actual Total Rows": 2609128, "Plans": [{"Node Type": "Index Scan", "Parent Relationship": "Outer", "Scan Direction": "Forward", "Index Name": "company_type_id_movie_companies", "Relation Name": "movie_companies", "Alias": "mc", "Startup Cost": 0.0, "Total Cost": 83721.6, "Plan Rows": 2609128, "Plan Width": 12, "Actual Min Startup Time": 22.415, "Actual Max Startup Time": 221.073, "Actual Min Total Time": 157.468, "Actual Max Total Time": 355.438, "Actual Total Rows": 2609128}]}]}]}]}, {"Node Type": "Hash", "Parent Relationship": "Inner", "Startup Cost": 27245.51, "Total Cost": 27245.51, "Plan Rows": 85170, "Plan Width": 4, "Actual Min Startup Time": 382.682, "Actual Max Startup Time": 534.37, "Actual Min Total Time": 382.682, "Actual Max Total Time": 534.37, "Actual Total Rows": 84843, "Max Hash Buckets": 32768, "Min Hash Buckets": 32768, "Max Hash Batches": 1, "Min Hash Batches": 1, "Max Original Hash Batches": 1, "Min Original Hash Batches": 1, "Max Peak Memory Usage": 182, "min Peak Memory Usage": 182, "Plans": [{"Node Type": "Streaming(type: LOCAL REDISTRIBUTE dop: 16/1)", "Parent Relationship": "Outer", "Startup Cost": 2800.52, "Total Cost": 27245.51, "Plan Rows": 85170, "Plan Width": 4, "Actual Min Startup Time": 0.052, "Actual Max Startup Time": 151.948, "Actual Min Total Time": 377.79, "Actual Max Total Time": 530.98, "Actual Total Rows": 84843, "Plans": [{"Node Type": "Bitmap Heap Scan", "Parent Relationship": "Outer", "Relation Name": "company_name", "Alias": "cn", "Startup Cost": 2800.52, "Total Cost": 8703.97, "Plan Rows": 85170, "Plan Width": 4, "Actual Min Startup Time": 27.144, "Actual Max Startup Time": 27.144, "Actual Min Total Time": 246.172, "Actual Max Total Time": 246.172, "Actual Total Rows": 84843, "Filter": "((country_code)::text = '[us]'::text)", "Rows Removed by Filter": 150153, "Exact Heap Blocks": 0, "Lossy Heap Blocks": 0, "Plans": [{"Node Type": "Bitmap Index Scan", "Parent Relationship": "Outer", "Index Name": "company_name_pkey", "Startup Cost": 0.0, "Total Cost": 2779.23, "Plan Rows": 234996, "Plan Width": 0, "Actual Min Startup Time": 26.662, "Actual Max Startup Time": 26.662, "Actual Min Total Time": 26.662, "Actual Max Total Time": 26.662, "Actual Total Rows": 234996}]}]}]}]}, {"Node Type": "Materialize", "Parent Relationship": "Inner", "Startup Cost": 0.0, "Total Cost": 15009.35, "Plan Rows": 48, "Plan Width": 4, "Actual Min Startup Time": 0.006, "Actual Max Startup Time": 48.99, "Actual Min Total Time": 0.006, "Actual Max Total Time": 48.992, "Actual Total Rows": 46, "Plans": [{"Node Type": "Streaming(type: BROADCAST dop: 16/1)", "Parent Relationship": "Outer", "Startup Cost": 0.0, "Total Cost": 15009.33, "Plan Rows": 48, "Plan Width": 4, "Actual Min Startup Time": 0.004, "Actual Max Startup Time": 48.976, "Actual Min Total Time": 0.004, "Actual Max Total Time": 48.98, "Actual Total Rows": 48, "Plans": [{"Node Type": "Index Only Scan", "Parent Relationship": "Outer", "Scan Direction": "Forward", "Index Name": "company_type_pkey", "Relation Name": "company_type", "Alias": "ct", "Startup Cost": 0.0, "Total Cost": 8.29, "Plan Rows": 3, "Plan Width": 4, "Actual Min Startup Time": 0.02, "Actual Max Startup Time": 0.02, "Actual Min Total Time": 0.022, "Actual Max Total Time": 0.022, "Actual Total Rows": 3, "Heap Fetches": 0}]}]}]}, {"Node Type": "Materialize", "Parent Relationship": "Inner", "Startup Cost": 0.0, "Total Cost": 15012.63, "Plan Rows": 192, "Plan Width": 4, "Actual Min Startup Time": 0.019, "Actual Max Startup Time": 59.053, "Actual Min Total Time": 0.019, "Actual Max Total Time": 59.053, "Actual Total Rows": 22, "Plans": [{"Node Type": "Streaming(type: BROADCAST dop: 16/1)", "Parent Relationship": "Outer", "Startup Cost": 0.0, "Total Cost": 15012.57, "Plan Rows": 192, "Plan Width": 4, "Actual Min Startup Time": 0.01, "Actual Max Startup Time": 59.04, "Actual Min Total Time": 0.011, "Actual Max Total Time": 59.042, "Actual Total Rows": 192, "Plans": [{"Node Type": "Index Only Scan", "Parent Relationship": "Outer", "Scan Direction": "Forward", "Index Name": "role_type_pkey", "Relation Name": "role_type", "Alias": "rt", "Startup Cost": 0.0, "Total Cost": 8.43, "Plan Rows": 12, "Plan Width": 4, "Actual Min Startup Time": 0.016, "Actual Max Startup Time": 0.016, "Actual Min Total Time": 0.018, "Actual Max Total Time": 0.018, "Actual Total Rows": 12, "Heap Fetches": 0}]}]}]}]}, {"Node Type": "Hash", "Parent Relationship": "Inner", "Startup Cost": 123439.09, "Total Cost": 123439.09, "Plan Rows": 1748840, "Plan Width": 21, "Actual Min Startup Time": 754.203, "Actual Max Startup Time": 1009.541, "Actual Min Total Time": 754.203, "Actual Max Total Time": 1009.541, "Actual Total Rows": 1749032, "Max Hash Buckets": 131072, "Min Hash Buckets": 131072, "Max Hash Batches": 1, "Min Hash Batches": 1, "Max Original Hash Batches": 1, "Min Original Hash Batches": 1, "Max Peak Memory Usage": 5875, "min Peak Memory Usage": 5875, "Plans": [{"Node Type": "Streaming(type: LOCAL REDISTRIBUTE dop: 16/16)", "Parent Relationship": "Outer", "Startup Cost": 0.0, "Total Cost": 123439.09, "Plan Rows": 1748840, "Plan Width": 21, "Actual Min Startup Time": 0.07, "Actual Max Startup Time": 148.45, "Actual Min Total Time": 676.678, "Actual Max Total Time": 931.151, "Actual Total Rows": 1749032, "Plans": [{"Node Type": "Index Scan", "Parent Relationship": "Outer", "Scan Direction": "Forward", "Index Name": "title_pkey", "Relation Name": "title", "Alias": "t", "Startup Cost": 0.0, "Total Cost": 101812.62, "Plan Rows": 1748840, "Plan Width": 21, "Actual Min Startup Time": 0.064, "Actual Max Startup Time": 143.287, "Actual Min Total Time": 357.722, "Actual Max Total Time": 606.274, "Actual Total Rows": 1749032, "Filter": "(production_year > 1990), (LLVM Optimized, Jit Execute)", "Rows Removed by Filter": 779279}]}]}]}]}]}]}, "Triggers": [], "Planner Runtime": 62.133, "Total Runtime": 3847.882, "Unique SQL Id": 3145361615}}, "(16, 34)": {"explain_plan": {"Plan": {"Node Type": "Aggregate", "Strategy": "Plain", "Startup Cost": 272970.86, "Total Cost": 272970.88, "Plan Rows": 1, "Plan Width": 97, "Plans": [{"Node Type": "Streaming(type: LOCAL GATHER dop: 1/16)", "Parent Relationship": "Outer", "Startup Cost": 272970.86, "Total Cost": 272970.88, "Plan Rows": 1, "Plan Width": 97, "Plans": [{"Node Type": "Aggregate", "Strategy": "Plain", "Parent Relationship": "Outer", "Startup Cost": 272970.86, "Total Cost": 272970.87, "Plan Rows": 1, "Plan Width": 97, "Plans": [{"Node Type": "Hash Join", "Parent Relationship": "Outer", "Join Type": "Inner", "Startup Cost": 129833.14, "Total Cost": 268123.79, "Plan Rows": 969413, "Plan Width": 33, "Inner Unique": true, "Hash Cond": "(mc.movie_id = t.id), (LLVM Optimized)", "Plans": [{"Node Type": "Streaming(type: LOCAL REDISTRIBUTE dop: 16/16)", "Parent Relationship": "Outer", "Startup Cost": 118272.9, "Total Cost": 255793.67, "Plan Rows": 699731, "Plan Width": 24, "Plans": [{"Node Type": "Nested Loop", "Parent Relationship": "Outer", "Join Type": "Inner", "Startup Cost": 118272.9, "Total Cost": 238142.35, "Plan Rows": 699731, "Plan Width": 24, "Inner Unique": true, "Join Filter": "(mc.company_type_id = ct.id), (LLVM Optimized)", "Plans": [{"Node Type": "Hash Join", "Parent Relationship": "Outer", "Join Type": "Inner", "Startup Cost": 118272.9, "Total Cost": 221172.28, "Plan Rows": 699731, "Plan Width": 28, "Inner Unique": true, "Hash Cond": "(ci.person_role_id = chn.id), (LLVM Optimized)", "Plans": [{"Node Type": "Streaming(type: LOCAL REDISTRIBUTE dop: 16/16)", "Parent Relationship": "Outer", "Startup Cost": 104290.19, "Total Cost": 206413.94, "Plan Rows": 1443440, "Plan Width": 16, "Plans": [{"Node Type": "Hash Join", "Parent Relationship": "Outer", "Join Type": "Inner", "Startup Cost": 104290.19, "Total Cost": 185944.65, "Plan Rows": 1443440, "Plan Width": 16, "Inner Unique": false, "Hash Cond": "(ci.movie_id = mc.movie_id), (LLVM Optimized)", "Plans": [{"Node Type": "Streaming(type: LOCAL REDISTRIBUTE dop: 16/16)", "Parent Relationship": "Outer", "Startup Cost": 15005.41, "Total Cost": 94859.97, "Plan Rows": 1436424, "Plan Width": 8, "Plans": [{"Node Type": "Hash Join", "Parent Relationship": "Outer", "Join Type": "Inner", "Startup Cost": 15005.41, "Total Cost": 74417.27, "Plan Rows": 1436424, "Plan Width": 8, "Inner Unique": true, "Hash Cond": "(ci.role_id = rt.id), (LLVM Optimized)", "Plans": [{"Node Type": "Seq Scan", "Parent Relationship": "Outer", "Relation Name": "cast_info", "Alias": "ci", "Startup Cost": 0.0, "Total Cost": 58282.92, "Plan Rows": 1436424, "Plan Width": 12, "Filter": "((note)::text ~~ '%(producer)%'::text), (LLVM Optimized)"}, {"Node Type": "Hash", "Parent Relationship": "Inner", "Startup Cost": 15005.26, "Total Cost": 15005.26, "Plan Rows": 192, "Plan Width": 4, "Plans": [{"Node Type": "Streaming(type: BROADCAST dop: 16/1)", "Parent Relationship": "Outer", "Startup Cost": 0.0, "Total Cost": 15005.26, "Plan Rows": 192, "Plan Width": 4, "Plans": [{"Node Type": "Seq Scan", "Parent Relationship": "Outer", "Relation Name": "role_type", "Alias": "rt", "Startup Cost": 0.0, "Total Cost": 1.12, "Plan Rows": 12, "Plan Width": 4}]}]}]}]}, {"Node Type": "Hash", "Parent Relationship": "Inner", "Startup Cost": 88282.97, "Total Cost": 88282.97, "Plan Rows": 1282311, "Plan Width": 8, "Plans": [{"Node Type": "Streaming(type: LOCAL REDISTRIBUTE dop: 16/16)", "Parent Relationship": "Outer", "Startup Cost": 24511.53, "Total Cost": 88282.97, "Plan Rows": 1282311, "Plan Width": 8, "Plans": [{"Node Type": "Hash Join", "Parent Relationship": "Outer", "Join Type": "Inner", "Startup Cost": 24511.53, "Total Cost": 68424.21, "Plan Rows": 1282311, "Plan Width": 8, "Inner Unique": true, "Hash Cond": "(mc.company_id = cn.id), (LLVM Optimized)", "Plans": [{"Node Type": "Streaming(type: LOCAL REDISTRIBUTE dop: 16/16)", "Parent Relationship": "Outer", "Startup Cost": 0.0, "Total Cost": 42499.73, "Plan Rows": 2609128, "Plan Width": 12, "Plans": [{"Node Type": "Seq Scan", "Parent Relationship": "Outer", "Relation Name": "movie_companies", "Alias": "mc", "Startup Cost": 0.0, "Total Cost": 17613.58, "Plan Rows": 2609128, "Plan Width": 12}]}, {"Node Type": "Hash", "Parent Relationship": "Inner", "Startup Cost": 24444.99, "Total Cost": 24444.99, "Plan Rows": 85170, "Plan Width": 4, "Plans": [{"Node Type": "Streaming(type: LOCAL REDISTRIBUTE dop: 16/1)", "Parent Relationship": "Outer", "Startup Cost": 0.0, "Total Cost": 24444.99, "Plan Rows": 85170, "Plan Width": 4, "Plans": [{"Node Type": "Seq Scan", "Parent Relationship": "Outer", "Relation Name": "company_name", "Alias": "cn", "Startup Cost": 0.0, "Total Cost": 5903.45, "Plan Rows": 85170, "Plan Width": 4, "Filter": "((country_code)::text = '[us]'::text)"}]}]}]}]}]}]}]}, {"Node Type": "Hash", "Parent Relationship": "Inner", "Startup Cost": 46117.27, "Total Cost": 46117.27, "Plan Rows": 3140338, "Plan Width": 20, "Plans": [{"Node Type": "Streaming(type: LOCAL REDISTRIBUTE dop: 16/16)", "Parent Relationship": "Outer", "Startup Cost": 0.0, "Total Cost": 46117.27, "Plan Rows": 3140338, "Plan Width": 20, "Plans": [{"Node Type": "Seq Scan", "Parent Relationship": "Outer", "Relation Name": "char_name", "Alias": "chn", "Startup Cost": 0.0, "Total Cost": 19218.34, "Plan Rows": 3140338, "Plan Width": 20}]}]}]}, {"Node Type": "Materialize", "Parent Relationship": "Inner", "Startup Cost": 0.0, "Total Cost": 15002.08, "Plan Rows": 48, "Plan Width": 4, "Plans": [{"Node Type": "Streaming(type: BROADCAST dop: 16/1)", "Parent Relationship": "Outer", "Startup Cost": 0.0, "Total Cost": 15002.07, "Plan Rows": 48, "Plan Width": 4, "Plans": [{"Node Type": "Seq Scan", "Parent Relationship": "Outer", "Relation Name": "company_type", "Alias": "ct", "Startup Cost": 0.0, "Total Cost": 1.03, "Plan Rows": 3, "Plan Width": 4}]}]}]}]}, {"Node Type": "Hash", "Parent Relationship": "Inner", "Startup Cost": 40775.83, "Total Cost": 40775.83, "Plan Rows": 1748840, "Plan Width": 21, "Plans": [{"Node Type": "Streaming(type: LOCAL REDISTRIBUTE dop: 16/16)", "Parent Relationship": "Outer", "Startup Cost": 0.0, "Total Cost": 40775.83, "Plan Rows": 1748840, "Plan Width": 21, "Plans": [{"Node Type": "Seq Scan", "Parent Relationship": "Outer", "Relation Name": "title", "Alias": "t", "Startup Cost": 0.0, "Total Cost": 19149.37, "Plan Rows": 1748840, "Plan Width": 21, "Filter": "(production_year > 1990), (LLVM Optimized)"}]}]}]}]}]}]}, "Unique SQL Id": 3145361615}, "explain_analyze_plan": {"Plan": {"Node Type": "Aggregate", "Strategy": "Plain", "Startup Cost": 272970.86, "Total Cost": 272970.88, "Plan Rows": 1, "Plan Width": 97, "Actual Min Startup Time": 1851.442, "Actual Max Startup Time": 1851.442, "Actual Min Total Time": 1851.442, "Actual Max Total Time": 1851.442, "Actual Total Rows": 1, "Plans": [{"Node Type": "Streaming(type: LOCAL GATHER dop: 1/16)", "Parent Relationship": "Outer", "Startup Cost": 272970.86, "Total Cost": 272970.88, "Plan Rows": 1, "Plan Width": 97, "Actual Min Startup Time": 1850.571, "Actual Max Startup Time": 1850.571, "Actual Min Total Time": 1851.421, "Actual Max Total Time": 1851.421, "Actual Total Rows": 16, "Plans": [{"Node Type": "Aggregate", "Strategy": "Plain", "Parent Relationship": "Outer", "Startup Cost": 272970.86, "Total Cost": 272970.87, "Plan Rows": 1, "Plan Width": 97, "Actual Min Startup Time": 1528.987, "Actual Max Startup Time": 1703.473, "Actual Min Total Time": 1528.988, "Actual Max Total Time": 1703.473, "Actual Total Rows": 16, "Plans": [{"Node Type": "Hash Join", "Parent Relationship": "Outer", "Join Type": "Inner", "Startup Cost": 129833.14, "Total Cost": 268123.79, "Plan Rows": 969413, "Plan Width": 33, "Actual Min Startup Time": 1526.266, "Actual Max Startup Time": 1700.688, "Actual Min Total Time": 1528.951, "Actual Max Total Time": 1703.451, "Actual Total Rows": 4, "Inner Unique": true, "Hash Cond": "(mc.movie_id = t.id), (LLVM Optimized, Jit Execute)", "Plans": [{"Node Type": "Streaming(type: LOCAL REDISTRIBUTE dop: 16/16)", "Parent Relationship": "Outer", "Startup Cost": 118272.9, "Total Cost": 255793.67, "Plan Rows": 699731, "Plan Width": 24, "Actual Min Startup Time": 1276.696, "Actual Max Startup Time": 1279.511, "Actual Min Total Time": 1279.291, "Actual Max Total Time": 1279.511, "Actual Total Rows": 6, "Plans": [{"Node Type": "Nested Loop", "Parent Relationship": "Outer", "Join Type": "Inner", "Startup Cost": 118272.9, "Total Cost": 238142.35, "Plan Rows": 699731, "Plan Width": 24, "Actual Min Startup Time": 1525.547, "Actual Max Startup Time": 1741.741, "Actual Min Total Time": 1530.314, "Actual Max Total Time": 1741.741, "Actual Total Rows": 6, "Inner Unique": true, "Join Filter": "(mc.company_type_id = ct.id), (LLVM Optimized, Jit Execute)", "Rows Removed by Join Filter": 24, "Plans": [{"Node Type": "Hash Join", "Parent Relationship": "Outer", "Join Type": "Inner", "Startup Cost": 118272.9, "Total Cost": 221172.28, "Plan Rows": 699731, "Plan Width": 28, "Actual Min Startup Time": 1525.521, "Actual Max Startup Time": 1698.406, "Actual Min Total Time": 1528.408, "Actual Max Total Time": 1698.406, "Actual Total Rows": 14, "Inner Unique": true, "Hash Cond": "(ci.person_role_id = chn.id), (LLVM Optimized, Jit Execute)", "Plans": [{"Node Type": "Streaming(type: LOCAL REDISTRIBUTE dop: 16/16)", "Parent Relationship": "Outer", "Startup Cost": 104290.19, "Total Cost": 206413.94, "Plan Rows": 1443440, "Plan Width": 16, "Actual Min Startup Time": 267.19, "Actual Max Startup Time": 1139.907, "Actual Min Total Time": 1010.82, "Actual Max Total Time": 1139.907, "Actual Total Rows": 1210267, "Plans": [{"Node Type": "Hash Join", "Parent Relationship": "Outer", "Join Type": "Inner", "Startup Cost": 104290.19, "Total Cost": 185944.65, "Plan Rows": 1443440, "Plan Width": 16, "Actual Min Startup Time": 654.515, "Actual Max Startup Time": 766.246, "Actual Min Total Time": 1227.175, "Actual Max Total Time": 1347.946, "Actual Total Rows": 1210267, "Inner Unique": false, "Hash Cond": "(ci.movie_id = mc.movie_id), (LLVM Optimized, Jit Execute)", "Plans": [{"Node Type": "Streaming(type: LOCAL REDISTRIBUTE dop: 16/16)", "Parent Relationship": "Outer", "Startup Cost": 15005.41, "Total Cost": 94859.97, "Plan Rows": 1436424, "Plan Width": 8, "Actual Min Startup Time": 0.061, "Actual Max Startup Time": 2.164, "Actual Min Total Time": 507.946, "Actual Max Total Time": 533.999, "Actual Total Rows": 1435439, "Plans": [{"Node Type": "Hash Join", "Parent Relationship": "Outer", "Join Type": "Inner", "Startup Cost": 15005.41, "Total Cost": 74417.27, "Plan Rows": 1436424, "Plan Width": 8, "Actual Min Startup Time": 44.415, "Actual Max Startup Time": 359.164, "Actual Min Total Time": 727.868, "Actual Max Total Time": 791.24, "Actual Total Rows": 1435439, "Inner Unique": true, "Hash Cond": "(ci.role_id = rt.id), (LLVM Optimized, Jit Execute)", "Plans": [{"Node Type": "Seq Scan", "Parent Relationship": "Outer", "Relation Name": "cast_info", "Alias": "ci", "Startup Cost": 0.0, "Total Cost": 58282.92, "Plan Rows": 1436424, "Plan Width": 12, "Actual Min Startup Time": 44.315, "Actual Max Startup Time": 359.045, "Actual Min Total Time": 683.134, "Actual Max Total Time": 746.581, "Actual Total Rows": 1435439, "Filter": "((note)::text ~~ '%(producer)%'::text), (LLVM Optimized, Jit Execute)", "Rows Removed by Filter": 34808904}, {"Node Type": "Hash", "Parent Relationship": "Inner", "Startup Cost": 15005.26, "Total Cost": 15005.26, "Plan Rows": 192, "Plan Width": 4, "Actual Min Startup Time": 0.018, "Actual Max Startup Time": 0.098, "Actual Min Total Time": 0.018, "Actual Max Total Time": 0.098, "Actual Total Rows": 192, "Max Hash Buckets": 32768, "Min Hash Buckets": 32768, "Max Hash Batches": 1, "Min Hash Batches": 1, "Max Original Hash Batches": 1, "Min Original Hash Batches": 1, "Max Peak Memory Usage": 1, "min Peak Memory Usage": 1, "Plans": [{"Node Type": "Streaming(type: BROADCAST dop: 16/1)", "Parent Relationship": "Outer", "Startup Cost": 0.0, "Total Cost": 15005.26, "Plan Rows": 192, "Plan Width": 4, "Actual Min Startup Time": 0.005, "Actual Max Startup Time": 0.016, "Actual Min Total Time": 0.006, "Actual Max Total Time": 0.019, "Actual Total Rows": 192, "Plans": [{"Node Type": "Seq Scan", "Parent Relationship": "Outer", "Relation Name": "role_type", "Alias": "rt", "Startup Cost": 0.0, "Total Cost": 1.12, "Plan Rows": 12, "Plan Width": 4, "Actual Min Startup Time": 0.012, "Actual Max Startup Time": 0.012, "Actual Min Total Time": 0.017, "Actual Max Total Time": 0.017, "Actual Total Rows": 12}]}]}]}]}, {"Node Type": "Hash", "Parent Relationship": "Inner", "Startup Cost": 88282.97, "Total Cost": 88282.97, "Plan Rows": 1282311, "Plan Width": 8, "Actual Min Startup Time": 654.343, "Actual Max Startup Time": 766.036, "Actual Min Total Time": 654.343, "Actual Max Total Time": 766.036, "Actual Total Rows": 1153797, "Max Hash Buckets": 131072, "Min Hash Buckets": 131072, "Max Hash Batches": 1, "Min Hash Batches": 1, "Max Original Hash Batches": 1, "Min Original Hash Batches": 1, "Max Peak Memory Usage": 2824, "min Peak Memory Usage": 2824, "Plans": [{"Node Type": "Streaming(type: LOCAL REDISTRIBUTE dop: 16/16)", "Parent Relationship": "Outer", "Startup Cost": 24511.53, "Total Cost": 88282.97, "Plan Rows": 1282311, "Plan Width": 8, "Actual Min Startup Time": 210.935, "Actual Max Startup Time": 322.34, "Actual Min Total Time": 636.024, "Actual Max Total Time": 745.671, "Actual Total Rows": 1153797, "Plans": [{"Node Type": "Hash Join", "Parent Relationship": "Outer", "Join Type": "Inner", "Startup Cost": 24511.53, "Total Cost": 68424.21, "Plan Rows": 1282311, "Plan Width": 8, "Actual Min Startup Time": 208.859, "Actual Max Startup Time": 395.904, "Actual Min Total Time": 531.724, "Actual Max Total Time": 761.672, "Actual Total Rows": 1153797, "Inner Unique": true, "Hash Cond": "(mc.company_id = cn.id), (LLVM Optimized, Jit Execute)", "Plans": [{"Node Type": "Streaming(type: LOCAL REDISTRIBUTE dop: 16/16)", "Parent Relationship": "Outer", "Startup Cost": 0.0, "Total Cost": 42499.73, "Plan Rows": 2609128, "Plan Width": 12, "Actual Min Startup Time": 0.057, "Actual Max Startup Time": 1.428, "Actual Min Total Time": 262.232, "Actual Max Total Time": 340.091, "Actual Total Rows": 2609128, "Plans": [{"Node Type": "Seq Scan", "Parent Relationship": "Outer", "Relation Name": "movie_companies", "Alias": "mc", "Startup Cost": 0.0, "Total Cost": 17613.58, "Plan Rows": 2609128, "Plan Width": 12, "Actual Min Startup Time": 0.026, "Actual Max Startup Time": 0.043, "Actual Min Total Time": 41.08, "Actual Max Total Time": 51.061, "Actual Total Rows": 2609128}]}, {"Node Type": "Hash", "Parent Relationship": "Inner", "Startup Cost": 24444.99, "Total Cost": 24444.99, "Plan Rows": 85170, "Plan Width": 4, "Actual Min Startup Time": 208.731, "Actual Max Startup Time": 394.761, "Actual Min Total Time": 208.731, "Actual Max Total Time": 394.761, "Actual Total Rows": 84843, "Max Hash Buckets": 32768, "Min Hash Buckets": 32768, "Max Hash Batches": 1, "Min Hash Batches": 1, "Max Original Hash Batches": 1, "Min Original Hash Batches": 1, "Max Peak Memory Usage": 182, "min Peak Memory Usage": 182, "Plans": [{"Node Type": "Streaming(type: LOCAL REDISTRIBUTE dop: 16/1)", "Parent Relationship": "Outer", "Startup Cost": 0.0, "Total Cost": 24444.99, "Plan Rows": 85170, "Plan Width": 4, "Actual Min Startup Time": 0.043, "Actual Max Startup Time": 186.918, "Actual Min Total Time": 206.926, "Actual Max Total Time": 392.009, "Actual Total Rows": 84843, "Plans": [{"Node Type": "Seq Scan", "Parent Relationship": "Outer", "Relation Name": "company_name", "Alias": "cn", "Startup Cost": 0.0, "Total Cost": 5903.45, "Plan Rows": 85170, "Plan Width": 4, "Actual Min Startup Time": 0.05, "Actual Max Startup Time": 0.05, "Actual Min Total Time": 99.773, "Actual Max Total Time": 99.773, "Actual Total Rows": 84843, "Filter": "((country_code)::text = '[us]'::text)", "Rows Removed by Filter": 150153}]}]}]}]}]}]}]}, {"Node Type": "Hash", "Parent Relationship": "Inner", "Startup Cost": 46117.27, "Total Cost": 46117.27, "Plan Rows": 3140338, "Plan Width": 20, "Actual Min Startup Time": 388.375, "Actual Max Startup Time": 558.238, "Actual Min Total Time": 388.375, "Actual Max Total Time": 558.238, "Actual Total Rows": 3140338, "Max Hash Buckets": 262144, "Min Hash Buckets": 262144, "Max Hash Batches": 1, "Min Hash Batches": 1, "Max Original Hash Batches": 1, "Min Original Hash Batches": 1, "Max Peak Memory Usage": 10347, "min Peak Memory Usage": 10347, "Plans": [{"Node Type": "Streaming(type: LOCAL REDISTRIBUTE dop: 16/16)", "Parent Relationship": "Outer", "Startup Cost": 0.0, "Total Cost": 46117.27, "Plan Rows": 3140338, "Plan Width": 20, "Actual Min Startup Time": 0.051, "Actual Max Startup Time": 17.737, "Actual Min Total Time": 300.722, "Actual Max Total Time": 467.746, "Actual Total Rows": 3140338, "Plans": [{"Node Type": "Seq Scan", "Parent Relationship": "Outer", "Relation Name": "char_name", "Alias": "chn", "Startup Cost": 0.0, "Total Cost": 19218.34, "Plan Rows": 3140338, "Plan Width": 20, "Actual Min Startup Time": 0.018, "Actual Max Startup Time": 0.033, "Actual Min Total Time": 57.62, "Actual Max Total Time": 68.173, "Actual Total Rows": 3140338}]}]}]}, {"Node Type": "Materialize", "Parent Relationship": "Inner", "Startup Cost": 0.0, "Total Cost": 15002.08, "Plan Rows": 48, "Plan Width": 4, "Actual Min Startup Time": 0.008, "Actual Max Startup Time": 41.332, "Actual Min Total Time": 0.008, "Actual Max Total Time": 41.332, "Actual Total Rows": 46, "Plans": [{"Node Type": "Streaming(type: BROADCAST dop: 16/1)", "Parent Relationship": "Outer", "Startup Cost": 0.0, "Total Cost": 15002.07, "Plan Rows": 48, "Plan Width": 4, "Actual Min Startup Time": 0.004, "Actual Max Startup Time": 41.324, "Actual Min Total Time": 0.005, "Actual Max Total Time": 41.326, "Actual Total Rows": 48, "Plans": [{"Node Type": "Seq Scan", "Parent Relationship": "Outer", "Relation Name": "company_type", "Alias": "ct", "Startup Cost": 0.0, "Total Cost": 1.03, "Plan Rows": 3, "Plan Width": 4, "Actual Min Startup Time": 0.01, "Actual Max Startup Time": 0.01, "Actual Min Total Time": 0.012, "Actual Max Total Time": 0.012, "Actual Total Rows": 3}]}]}]}]}, {"Node Type": "Hash", "Parent Relationship": "Inner", "Startup Cost": 40775.83, "Total Cost": 40775.83, "Plan Rows": 1748840, "Plan Width": 21, "Actual Min Startup Time": 249.391, "Actual Max Startup Time": 423.825, "Actual Min Total Time": 249.391, "Actual Max Total Time": 423.825, "Actual Total Rows": 1749032, "Max Hash Buckets": 131072, "Min Hash Buckets": 131072, "Max Hash Batches": 1, "Min Hash Batches": 1, "Max Original Hash Batches": 1, "Min Original Hash Batches": 1, "Max Peak Memory Usage": 5875, "min Peak Memory Usage": 5875, "Plans": [{"Node Type": "Streaming(type: LOCAL REDISTRIBUTE dop: 16/16)", "Parent Relationship": "Outer", "Startup Cost": 0.0, "Total Cost": 40775.83, "Plan Rows": 1748840, "Plan Width": 21, "Actual Min Startup Time": 0.055, "Actual Max Startup Time": 38.555, "Actual Min Total Time": 207.495, "Actual Max Total Time": 386.837, "Actual Total Rows": 1749032, "Plans": [{"Node Type": "Seq Scan", "Parent Relationship": "Outer", "Relation Name": "title", "Alias": "t", "Startup Cost": 0.0, "Total Cost": 19149.37, "Plan Rows": 1748840, "Plan Width": 21, "Actual Min Startup Time": 0.031, "Actual Max Startup Time": 0.05, "Actual Min Total Time": 64.362, "Actual Max Total Time": 71.656, "Actual Total Rows": 1749032, "Filter": "(production_year > 1990), (LLVM Optimized, Jit Execute)", "Rows Removed by Filter": 779279}]}]}]}]}]}]}, "Triggers": [], "Planner Runtime": 87.81, "Total Runtime": 1891.157, "Unique SQL Id": 3145361615}}, "(16, 35)": {"explain_plan": {"Plan": {"Node Type": "Aggregate", "Strategy": "Plain", "Startup Cost": 1963906.79, "Total Cost": 1963906.8, "Plan Rows": 1, "Plan Width": 97, "Plans": [{"Node Type": "Hash Join", "Parent Relationship": "Outer", "Join Type": "Inner", "Startup Cost": 1218973.64, "Total Cost": 1959059.72, "Plan Rows": 969413, "Plan Width": 33, "Inner Unique": true, "Hash Cond": "(mc.company_type_id = ct.id), (LLVM Optimized)", "Plans": [{"Node Type": "Hash Join", "Parent Relationship": "Outer", "Join Type": "Inner", "Startup Cost": 1218961.31, "Total Cost": 1945717.96, "Plan Rows": 969413, "Plan Width": 37, "Inner Unique": false, "Hash Cond": "(ci.movie_id = t.id), (LLVM Optimized)", "Plans": [{"Node Type": "Hash Join", "Parent Relationship": "Outer", "Join Type": "Inner", "Startup Cost": 909656.04, "Total Cost": 1624107.14, "Plan Rows": 696330, "Plan Width": 20, "Inner Unique": true, "Hash Cond": "(ci.role_id = rt.id), (LLVM Optimized)", "Plans": [{"Node Type": "Hash Join", "Parent Relationship": "Outer", "Join Type": "Inner", "Startup Cost": 909643.46, "Total Cost": 1614520.02, "Plan Rows": 696330, "Plan Width": 24, "Inner Unique": true, "Hash Cond": "(ci.person_role_id = chn.id), (LLVM Optimized)", "Plans": [{"Node Type": "Bitmap Heap Scan", "Parent Relationship": "Outer", "Relation Name": "cast_info", "Alias": "ci", "Startup Cost": 739944.83, "Total Cost": 1432471.5, "Plan Rows": 1436424, "Plan Width": 12, "Filter": "((note)::text ~~ '%(producer)%'::text), (LLVM Optimized)", "Plans": [{"Node Type": "Bitmap Index Scan", "Parent Relationship": "Outer", "Index Name": "person_role_id_cast_info", "Startup Cost": 0.0, "Total Cost": 739585.72, "Plan Rows": 36259494, "Plan Width": 0}]}, {"Node Type": "Hash", "Parent Relationship": "Inner", "Startup Cost": 130444.4, "Total Cost": 130444.4, "Plan Rows": 3140338, "Plan Width": 20, "Plans": [{"Node Type": "Bitmap Heap Scan", "Parent Relationship": "Outer", "Relation Name": "char_name", "Alias": "chn", "Startup Cost": 62951.02, "Total Cost": 130444.4, "Plan Rows": 3140338, "Plan Width": 20, "Plans": [{"Node Type": "Bitmap Index Scan", "Parent Relationship": "Outer", "Index Name": "char_name_pkey", "Startup Cost": 0.0, "Total Cost": 62165.94, "Plan Rows": 3140338, "Plan Width": 0}]}]}]}, {"Node Type": "Hash", "Parent Relationship": "Inner", "Startup Cost": 12.43, "Total Cost": 12.43, "Plan Rows": 12, "Plan Width": 4, "Plans": [{"Node Type": "Bitmap Heap Scan", "Parent Relationship": "Outer", "Relation Name": "role_type", "Alias": "rt", "Startup Cost": 8.31, "Total Cost": 12.43, "Plan Rows": 12, "Plan Width": 4, "Plans": [{"Node Type": "Bitmap Index Scan", "Parent Relationship": "Outer", "Index Name": "role_type_pkey", "Startup Cost": 0.0, "Total Cost": 8.31, "Plan Rows": 12, "Plan Width": 0}]}]}]}, {"Node Type": "Hash", "Parent Relationship": "Inner", "Startup Cost": 287098.71, "Total Cost": 287098.71, "Plan Rows": 1776525, "Plan Width": 29, "Plans": [{"Node Type": "Hash Join", "Parent Relationship": "Outer", "Join Type": "Inner", "Startup Cost": 200100.17, "Total Cost": 287098.71, "Plan Rows": 1776525, "Plan Width": 29, "Inner Unique": true, "Hash Cond": "(mc.movie_id = t.id), (LLVM Optimized)", "Plans": [{"Node Type": "Hash Join", "Parent Relationship": "Outer", "Join Type": "Inner", "Startup Cost": 61758.77, "Total Cost": 126183.39, "Plan Rows": 1282311, "Plan Width": 8, "Inner Unique": true, "Hash Cond": "(mc.company_id = cn.id), (LLVM Optimized)", "Plans": [{"Node Type": "Bitmap Heap Scan", "Parent Relationship": "Outer", "Relation Name": "movie_companies", "Alias": "mc", "Startup Cost": 51990.17, "Total Cost": 93807.45, "Plan Rows": 2609128, "Plan Width": 12, "Plans": [{"Node Type": "Bitmap Index Scan", "Parent Relationship": "Outer", "Index Name": "movie_id_movie_companies", "Startup Cost": 0.0, "Total Cost": 51337.89, "Plan Rows": 2609128, "Plan Width": 0}]}, {"Node Type": "Hash", "Parent Relationship": "Inner", "Startup Cost": 8703.97, "Total Cost": 8703.97, "Plan Rows": 85170, "Plan Width": 4, "Plans": [{"Node Type": "Bitmap Heap Scan", "Parent Relationship": "Outer", "Relation Name": "company_name", "Alias": "cn", "Startup Cost": 2800.52, "Total Cost": 8703.97, "Plan Rows": 85170, "Plan Width": 4, "Filter": "((country_code)::text = '[us]'::text)", "Plans": [{"Node Type": "Bitmap Index Scan", "Parent Relationship": "Outer", "Index Name": "company_name_pkey", "Startup Cost": 0.0, "Total Cost": 2779.23, "Plan Rows": 234996, "Plan Width": 0}]}]}]}, {"Node Type": "Hash", "Parent Relationship": "Inner", "Startup Cost": 116480.9, "Total Cost": 116480.9, "Plan Rows": 1748840, "Plan Width": 21, "Plans": [{"Node Type": "Bitmap Heap Scan", "Parent Relationship": "Outer", "Relation Name": "title", "Alias": "t", "Startup Cost": 50091.01, "Total Cost": 116480.9, "Plan Rows": 1748840, "Plan Width": 21, "Filter": "(production_year > 1990), (LLVM Optimized)", "Plans": [{"Node Type": "Bitmap Index Scan", "Parent Relationship": "Outer", "Index Name": "title_pkey", "Startup Cost": 0.0, "Total Cost": 49653.81, "Plan Rows": 2528311, "Plan Width": 0}]}]}]}]}]}, {"Node Type": "Hash", "Parent Relationship": "Inner", "Startup Cost": 12.3, "Total Cost": 12.3, "Plan Rows": 3, "Plan Width": 4, "Plans": [{"Node Type": "Bitmap Heap Scan", "Parent Relationship": "Outer", "Relation Name": "company_type", "Alias": "ct", "Startup Cost": 8.27, "Total Cost": 12.3, "Plan Rows": 3, "Plan Width": 4, "Plans": [{"Node Type": "Bitmap Index Scan", "Parent Relationship": "Outer", "Index Name": "company_type_pkey", "Startup Cost": 0.0, "Total Cost": 8.27, "Plan Rows": 3, "Plan Width": 0}]}]}]}]}, "Unique SQL Id": 3145361615}, "explain_analyze_plan": null}, "(16, 36)": {"explain_plan": {"Plan": {"Node Type": "Aggregate", "Strategy": "Plain", "Startup Cost": 272970.86, "Total Cost": 272970.88, "Plan Rows": 1, "Plan Width": 97, "Plans": [{"Node Type": "Streaming(type: LOCAL GATHER dop: 1/16)", "Parent Relationship": "Outer", "Startup Cost": 272970.86, "Total Cost": 272970.88, "Plan Rows": 1, "Plan Width": 97, "Plans": [{"Node Type": "Aggregate", "Strategy": "Plain", "Parent Relationship": "Outer", "Startup Cost": 272970.86, "Total Cost": 272970.87, "Plan Rows": 1, "Plan Width": 97, "Plans": [{"Node Type": "Hash Join", "Parent Relationship": "Outer", "Join Type": "Inner", "Startup Cost": 129833.14, "Total Cost": 268123.79, "Plan Rows": 969413, "Plan Width": 33, "Inner Unique": true, "Hash Cond": "(mc.movie_id = t.id), (LLVM Optimized)", "Plans": [{"Node Type": "Streaming(type: LOCAL REDISTRIBUTE dop: 16/16)", "Parent Relationship": "Outer", "Startup Cost": 118272.9, "Total Cost": 255793.67, "Plan Rows": 699731, "Plan Width": 24, "Plans": [{"Node Type": "Nested Loop", "Parent Relationship": "Outer", "Join Type": "Inner", "Startup Cost": 118272.9, "Total Cost": 238142.35, "Plan Rows": 699731, "Plan Width": 24, "Inner Unique": true, "Join Filter": "(mc.company_type_id = ct.id), (LLVM Optimized)", "Plans": [{"Node Type": "Hash Join", "Parent Relationship": "Outer", "Join Type": "Inner", "Startup Cost": 118272.9, "Total Cost": 221172.28, "Plan Rows": 699731, "Plan Width": 28, "Inner Unique": true, "Hash Cond": "(ci.person_role_id = chn.id), (LLVM Optimized)", "Plans": [{"Node Type": "Streaming(type: LOCAL REDISTRIBUTE dop: 16/16)", "Parent Relationship": "Outer", "Startup Cost": 104290.19, "Total Cost": 206413.94, "Plan Rows": 1443440, "Plan Width": 16, "Plans": [{"Node Type": "Hash Join", "Parent Relationship": "Outer", "Join Type": "Inner", "Startup Cost": 104290.19, "Total Cost": 185944.65, "Plan Rows": 1443440, "Plan Width": 16, "Inner Unique": false, "Hash Cond": "(ci.movie_id = mc.movie_id), (LLVM Optimized)", "Plans": [{"Node Type": "Streaming(type: LOCAL REDISTRIBUTE dop: 16/16)", "Parent Relationship": "Outer", "Startup Cost": 15005.41, "Total Cost": 94859.97, "Plan Rows": 1436424, "Plan Width": 8, "Plans": [{"Node Type": "Hash Join", "Parent Relationship": "Outer", "Join Type": "Inner", "Startup Cost": 15005.41, "Total Cost": 74417.27, "Plan Rows": 1436424, "Plan Width": 8, "Inner Unique": true, "Hash Cond": "(ci.role_id = rt.id), (LLVM Optimized)", "Plans": [{"Node Type": "Seq Scan", "Parent Relationship": "Outer", "Relation Name": "cast_info", "Alias": "ci", "Startup Cost": 0.0, "Total Cost": 58282.92, "Plan Rows": 1436424, "Plan Width": 12, "Filter": "((note)::text ~~ '%(producer)%'::text), (LLVM Optimized)"}, {"Node Type": "Hash", "Parent Relationship": "Inner", "Startup Cost": 15005.26, "Total Cost": 15005.26, "Plan Rows": 192, "Plan Width": 4, "Plans": [{"Node Type": "Streaming(type: BROADCAST dop: 16/1)", "Parent Relationship": "Outer", "Startup Cost": 0.0, "Total Cost": 15005.26, "Plan Rows": 192, "Plan Width": 4, "Plans": [{"Node Type": "Seq Scan", "Parent Relationship": "Outer", "Relation Name": "role_type", "Alias": "rt", "Startup Cost": 0.0, "Total Cost": 1.12, "Plan Rows": 12, "Plan Width": 4}]}]}]}]}, {"Node Type": "Hash", "Parent Relationship": "Inner", "Startup Cost": 88282.97, "Total Cost": 88282.97, "Plan Rows": 1282311, "Plan Width": 8, "Plans": [{"Node Type": "Streaming(type: LOCAL REDISTRIBUTE dop: 16/16)", "Parent Relationship": "Outer", "Startup Cost": 24511.53, "Total Cost": 88282.97, "Plan Rows": 1282311, "Plan Width": 8, "Plans": [{"Node Type": "Hash Join", "Parent Relationship": "Outer", "Join Type": "Inner", "Startup Cost": 24511.53, "Total Cost": 68424.21, "Plan Rows": 1282311, "Plan Width": 8, "Inner Unique": true, "Hash Cond": "(mc.company_id = cn.id), (LLVM Optimized)", "Plans": [{"Node Type": "Streaming(type: LOCAL REDISTRIBUTE dop: 16/16)", "Parent Relationship": "Outer", "Startup Cost": 0.0, "Total Cost": 42499.73, "Plan Rows": 2609128, "Plan Width": 12, "Plans": [{"Node Type": "Seq Scan", "Parent Relationship": "Outer", "Relation Name": "movie_companies", "Alias": "mc", "Startup Cost": 0.0, "Total Cost": 17613.58, "Plan Rows": 2609128, "Plan Width": 12}]}, {"Node Type": "Hash", "Parent Relationship": "Inner", "Startup Cost": 24444.99, "Total Cost": 24444.99, "Plan Rows": 85170, "Plan Width": 4, "Plans": [{"Node Type": "Streaming(type: LOCAL REDISTRIBUTE dop: 16/1)", "Parent Relationship": "Outer", "Startup Cost": 0.0, "Total Cost": 24444.99, "Plan Rows": 85170, "Plan Width": 4, "Plans": [{"Node Type": "Seq Scan", "Parent Relationship": "Outer", "Relation Name": "company_name", "Alias": "cn", "Startup Cost": 0.0, "Total Cost": 5903.45, "Plan Rows": 85170, "Plan Width": 4, "Filter": "((country_code)::text = '[us]'::text)"}]}]}]}]}]}]}]}, {"Node Type": "Hash", "Parent Relationship": "Inner", "Startup Cost": 46117.27, "Total Cost": 46117.27, "Plan Rows": 3140338, "Plan Width": 20, "Plans": [{"Node Type": "Streaming(type: LOCAL REDISTRIBUTE dop: 16/16)", "Parent Relationship": "Outer", "Startup Cost": 0.0, "Total Cost": 46117.27, "Plan Rows": 3140338, "Plan Width": 20, "Plans": [{"Node Type": "Seq Scan", "Parent Relationship": "Outer", "Relation Name": "char_name", "Alias": "chn", "Startup Cost": 0.0, "Total Cost": 19218.34, "Plan Rows": 3140338, "Plan Width": 20}]}]}]}, {"Node Type": "Materialize", "Parent Relationship": "Inner", "Startup Cost": 0.0, "Total Cost": 15002.08, "Plan Rows": 48, "Plan Width": 4, "Plans": [{"Node Type": "Streaming(type: BROADCAST dop: 16/1)", "Parent Relationship": "Outer", "Startup Cost": 0.0, "Total Cost": 15002.07, "Plan Rows": 48, "Plan Width": 4, "Plans": [{"Node Type": "Seq Scan", "Parent Relationship": "Outer", "Relation Name": "company_type", "Alias": "ct", "Startup Cost": 0.0, "Total Cost": 1.03, "Plan Rows": 3, "Plan Width": 4}]}]}]}]}, {"Node Type": "Hash", "Parent Relationship": "Inner", "Startup Cost": 40775.83, "Total Cost": 40775.83, "Plan Rows": 1748840, "Plan Width": 21, "Plans": [{"Node Type": "Streaming(type: LOCAL REDISTRIBUTE dop: 16/16)", "Parent Relationship": "Outer", "Startup Cost": 0.0, "Total Cost": 40775.83, "Plan Rows": 1748840, "Plan Width": 21, "Plans": [{"Node Type": "Seq Scan", "Parent Relationship": "Outer", "Relation Name": "title", "Alias": "t", "Startup Cost": 0.0, "Total Cost": 19149.37, "Plan Rows": 1748840, "Plan Width": 21, "Filter": "(production_year > 1990), (LLVM Optimized)"}]}]}]}]}]}]}, "Unique SQL Id": 3145361615}, "explain_analyze_plan": {"Plan": {"Node Type": "Aggregate", "Strategy": "Plain", "Startup Cost": 272970.86, "Total Cost": 272970.88, "Plan Rows": 1, "Plan Width": 97, "Actual Min Startup Time": 1851.442, "Actual Max Startup Time": 1851.442, "Actual Min Total Time": 1851.442, "Actual Max Total Time": 1851.442, "Actual Total Rows": 1, "Plans": [{"Node Type": "Streaming(type: LOCAL GATHER dop: 1/16)", "Parent Relationship": "Outer", "Startup Cost": 272970.86, "Total Cost": 272970.88, "Plan Rows": 1, "Plan Width": 97, "Actual Min Startup Time": 1850.571, "Actual Max Startup Time": 1850.571, "Actual Min Total Time": 1851.421, "Actual Max Total Time": 1851.421, "Actual Total Rows": 16, "Plans": [{"Node Type": "Aggregate", "Strategy": "Plain", "Parent Relationship": "Outer", "Startup Cost": 272970.86, "Total Cost": 272970.87, "Plan Rows": 1, "Plan Width": 97, "Actual Min Startup Time": 1528.987, "Actual Max Startup Time": 1703.473, "Actual Min Total Time": 1528.988, "Actual Max Total Time": 1703.473, "Actual Total Rows": 16, "Plans": [{"Node Type": "Hash Join", "Parent Relationship": "Outer", "Join Type": "Inner", "Startup Cost": 129833.14, "Total Cost": 268123.79, "Plan Rows": 969413, "Plan Width": 33, "Actual Min Startup Time": 1526.266, "Actual Max Startup Time": 1700.688, "Actual Min Total Time": 1528.951, "Actual Max Total Time": 1703.451, "Actual Total Rows": 4, "Inner Unique": true, "Hash Cond": "(mc.movie_id = t.id), (LLVM Optimized, Jit Execute)", "Plans": [{"Node Type": "Streaming(type: LOCAL REDISTRIBUTE dop: 16/16)", "Parent Relationship": "Outer", "Startup Cost": 118272.9, "Total Cost": 255793.67, "Plan Rows": 699731, "Plan Width": 24, "Actual Min Startup Time": 1276.696, "Actual Max Startup Time": 1279.511, "Actual Min Total Time": 1279.291, "Actual Max Total Time": 1279.511, "Actual Total Rows": 6, "Plans": [{"Node Type": "Nested Loop", "Parent Relationship": "Outer", "Join Type": "Inner", "Startup Cost": 118272.9, "Total Cost": 238142.35, "Plan Rows": 699731, "Plan Width": 24, "Actual Min Startup Time": 1525.547, "Actual Max Startup Time": 1741.741, "Actual Min Total Time": 1530.314, "Actual Max Total Time": 1741.741, "Actual Total Rows": 6, "Inner Unique": true, "Join Filter": "(mc.company_type_id = ct.id), (LLVM Optimized, Jit Execute)", "Rows Removed by Join Filter": 24, "Plans": [{"Node Type": "Hash Join", "Parent Relationship": "Outer", "Join Type": "Inner", "Startup Cost": 118272.9, "Total Cost": 221172.28, "Plan Rows": 699731, "Plan Width": 28, "Actual Min Startup Time": 1525.521, "Actual Max Startup Time": 1698.406, "Actual Min Total Time": 1528.408, "Actual Max Total Time": 1698.406, "Actual Total Rows": 14, "Inner Unique": true, "Hash Cond": "(ci.person_role_id = chn.id), (LLVM Optimized, Jit Execute)", "Plans": [{"Node Type": "Streaming(type: LOCAL REDISTRIBUTE dop: 16/16)", "Parent Relationship": "Outer", "Startup Cost": 104290.19, "Total Cost": 206413.94, "Plan Rows": 1443440, "Plan Width": 16, "Actual Min Startup Time": 267.19, "Actual Max Startup Time": 1139.907, "Actual Min Total Time": 1010.82, "Actual Max Total Time": 1139.907, "Actual Total Rows": 1210267, "Plans": [{"Node Type": "Hash Join", "Parent Relationship": "Outer", "Join Type": "Inner", "Startup Cost": 104290.19, "Total Cost": 185944.65, "Plan Rows": 1443440, "Plan Width": 16, "Actual Min Startup Time": 654.515, "Actual Max Startup Time": 766.246, "Actual Min Total Time": 1227.175, "Actual Max Total Time": 1347.946, "Actual Total Rows": 1210267, "Inner Unique": false, "Hash Cond": "(ci.movie_id = mc.movie_id), (LLVM Optimized, Jit Execute)", "Plans": [{"Node Type": "Streaming(type: LOCAL REDISTRIBUTE dop: 16/16)", "Parent Relationship": "Outer", "Startup Cost": 15005.41, "Total Cost": 94859.97, "Plan Rows": 1436424, "Plan Width": 8, "Actual Min Startup Time": 0.061, "Actual Max Startup Time": 2.164, "Actual Min Total Time": 507.946, "Actual Max Total Time": 533.999, "Actual Total Rows": 1435439, "Plans": [{"Node Type": "Hash Join", "Parent Relationship": "Outer", "Join Type": "Inner", "Startup Cost": 15005.41, "Total Cost": 74417.27, "Plan Rows": 1436424, "Plan Width": 8, "Actual Min Startup Time": 44.415, "Actual Max Startup Time": 359.164, "Actual Min Total Time": 727.868, "Actual Max Total Time": 791.24, "Actual Total Rows": 1435439, "Inner Unique": true, "Hash Cond": "(ci.role_id = rt.id), (LLVM Optimized, Jit Execute)", "Plans": [{"Node Type": "Seq Scan", "Parent Relationship": "Outer", "Relation Name": "cast_info", "Alias": "ci", "Startup Cost": 0.0, "Total Cost": 58282.92, "Plan Rows": 1436424, "Plan Width": 12, "Actual Min Startup Time": 44.315, "Actual Max Startup Time": 359.045, "Actual Min Total Time": 683.134, "Actual Max Total Time": 746.581, "Actual Total Rows": 1435439, "Filter": "((note)::text ~~ '%(producer)%'::text), (LLVM Optimized, Jit Execute)", "Rows Removed by Filter": 34808904}, {"Node Type": "Hash", "Parent Relationship": "Inner", "Startup Cost": 15005.26, "Total Cost": 15005.26, "Plan Rows": 192, "Plan Width": 4, "Actual Min Startup Time": 0.018, "Actual Max Startup Time": 0.098, "Actual Min Total Time": 0.018, "Actual Max Total Time": 0.098, "Actual Total Rows": 192, "Max Hash Buckets": 32768, "Min Hash Buckets": 32768, "Max Hash Batches": 1, "Min Hash Batches": 1, "Max Original Hash Batches": 1, "Min Original Hash Batches": 1, "Max Peak Memory Usage": 1, "min Peak Memory Usage": 1, "Plans": [{"Node Type": "Streaming(type: BROADCAST dop: 16/1)", "Parent Relationship": "Outer", "Startup Cost": 0.0, "Total Cost": 15005.26, "Plan Rows": 192, "Plan Width": 4, "Actual Min Startup Time": 0.005, "Actual Max Startup Time": 0.016, "Actual Min Total Time": 0.006, "Actual Max Total Time": 0.019, "Actual Total Rows": 192, "Plans": [{"Node Type": "Seq Scan", "Parent Relationship": "Outer", "Relation Name": "role_type", "Alias": "rt", "Startup Cost": 0.0, "Total Cost": 1.12, "Plan Rows": 12, "Plan Width": 4, "Actual Min Startup Time": 0.012, "Actual Max Startup Time": 0.012, "Actual Min Total Time": 0.017, "Actual Max Total Time": 0.017, "Actual Total Rows": 12}]}]}]}]}, {"Node Type": "Hash", "Parent Relationship": "Inner", "Startup Cost": 88282.97, "Total Cost": 88282.97, "Plan Rows": 1282311, "Plan Width": 8, "Actual Min Startup Time": 654.343, "Actual Max Startup Time": 766.036, "Actual Min Total Time": 654.343, "Actual Max Total Time": 766.036, "Actual Total Rows": 1153797, "Max Hash Buckets": 131072, "Min Hash Buckets": 131072, "Max Hash Batches": 1, "Min Hash Batches": 1, "Max Original Hash Batches": 1, "Min Original Hash Batches": 1, "Max Peak Memory Usage": 2824, "min Peak Memory Usage": 2824, "Plans": [{"Node Type": "Streaming(type: LOCAL REDISTRIBUTE dop: 16/16)", "Parent Relationship": "Outer", "Startup Cost": 24511.53, "Total Cost": 88282.97, "Plan Rows": 1282311, "Plan Width": 8, "Actual Min Startup Time": 210.935, "Actual Max Startup Time": 322.34, "Actual Min Total Time": 636.024, "Actual Max Total Time": 745.671, "Actual Total Rows": 1153797, "Plans": [{"Node Type": "Hash Join", "Parent Relationship": "Outer", "Join Type": "Inner", "Startup Cost": 24511.53, "Total Cost": 68424.21, "Plan Rows": 1282311, "Plan Width": 8, "Actual Min Startup Time": 208.859, "Actual Max Startup Time": 395.904, "Actual Min Total Time": 531.724, "Actual Max Total Time": 761.672, "Actual Total Rows": 1153797, "Inner Unique": true, "Hash Cond": "(mc.company_id = cn.id), (LLVM Optimized, Jit Execute)", "Plans": [{"Node Type": "Streaming(type: LOCAL REDISTRIBUTE dop: 16/16)", "Parent Relationship": "Outer", "Startup Cost": 0.0, "Total Cost": 42499.73, "Plan Rows": 2609128, "Plan Width": 12, "Actual Min Startup Time": 0.057, "Actual Max Startup Time": 1.428, "Actual Min Total Time": 262.232, "Actual Max Total Time": 340.091, "Actual Total Rows": 2609128, "Plans": [{"Node Type": "Seq Scan", "Parent Relationship": "Outer", "Relation Name": "movie_companies", "Alias": "mc", "Startup Cost": 0.0, "Total Cost": 17613.58, "Plan Rows": 2609128, "Plan Width": 12, "Actual Min Startup Time": 0.026, "Actual Max Startup Time": 0.043, "Actual Min Total Time": 41.08, "Actual Max Total Time": 51.061, "Actual Total Rows": 2609128}]}, {"Node Type": "Hash", "Parent Relationship": "Inner", "Startup Cost": 24444.99, "Total Cost": 24444.99, "Plan Rows": 85170, "Plan Width": 4, "Actual Min Startup Time": 208.731, "Actual Max Startup Time": 394.761, "Actual Min Total Time": 208.731, "Actual Max Total Time": 394.761, "Actual Total Rows": 84843, "Max Hash Buckets": 32768, "Min Hash Buckets": 32768, "Max Hash Batches": 1, "Min Hash Batches": 1, "Max Original Hash Batches": 1, "Min Original Hash Batches": 1, "Max Peak Memory Usage": 182, "min Peak Memory Usage": 182, "Plans": [{"Node Type": "Streaming(type: LOCAL REDISTRIBUTE dop: 16/1)", "Parent Relationship": "Outer", "Startup Cost": 0.0, "Total Cost": 24444.99, "Plan Rows": 85170, "Plan Width": 4, "Actual Min Startup Time": 0.043, "Actual Max Startup Time": 186.918, "Actual Min Total Time": 206.926, "Actual Max Total Time": 392.009, "Actual Total Rows": 84843, "Plans": [{"Node Type": "Seq Scan", "Parent Relationship": "Outer", "Relation Name": "company_name", "Alias": "cn", "Startup Cost": 0.0, "Total Cost": 5903.45, "Plan Rows": 85170, "Plan Width": 4, "Actual Min Startup Time": 0.05, "Actual Max Startup Time": 0.05, "Actual Min Total Time": 99.773, "Actual Max Total Time": 99.773, "Actual Total Rows": 84843, "Filter": "((country_code)::text = '[us]'::text)", "Rows Removed by Filter": 150153}]}]}]}]}]}]}]}, {"Node Type": "Hash", "Parent Relationship": "Inner", "Startup Cost": 46117.27, "Total Cost": 46117.27, "Plan Rows": 3140338, "Plan Width": 20, "Actual Min Startup Time": 388.375, "Actual Max Startup Time": 558.238, "Actual Min Total Time": 388.375, "Actual Max Total Time": 558.238, "Actual Total Rows": 3140338, "Max Hash Buckets": 262144, "Min Hash Buckets": 262144, "Max Hash Batches": 1, "Min Hash Batches": 1, "Max Original Hash Batches": 1, "Min Original Hash Batches": 1, "Max Peak Memory Usage": 10347, "min Peak Memory Usage": 10347, "Plans": [{"Node Type": "Streaming(type: LOCAL REDISTRIBUTE dop: 16/16)", "Parent Relationship": "Outer", "Startup Cost": 0.0, "Total Cost": 46117.27, "Plan Rows": 3140338, "Plan Width": 20, "Actual Min Startup Time": 0.051, "Actual Max Startup Time": 17.737, "Actual Min Total Time": 300.722, "Actual Max Total Time": 467.746, "Actual Total Rows": 3140338, "Plans": [{"Node Type": "Seq Scan", "Parent Relationship": "Outer", "Relation Name": "char_name", "Alias": "chn", "Startup Cost": 0.0, "Total Cost": 19218.34, "Plan Rows": 3140338, "Plan Width": 20, "Actual Min Startup Time": 0.018, "Actual Max Startup Time": 0.033, "Actual Min Total Time": 57.62, "Actual Max Total Time": 68.173, "Actual Total Rows": 3140338}]}]}]}, {"Node Type": "Materialize", "Parent Relationship": "Inner", "Startup Cost": 0.0, "Total Cost": 15002.08, "Plan Rows": 48, "Plan Width": 4, "Actual Min Startup Time": 0.008, "Actual Max Startup Time": 41.332, "Actual Min Total Time": 0.008, "Actual Max Total Time": 41.332, "Actual Total Rows": 46, "Plans": [{"Node Type": "Streaming(type: BROADCAST dop: 16/1)", "Parent Relationship": "Outer", "Startup Cost": 0.0, "Total Cost": 15002.07, "Plan Rows": 48, "Plan Width": 4, "Actual Min Startup Time": 0.004, "Actual Max Startup Time": 41.324, "Actual Min Total Time": 0.005, "Actual Max Total Time": 41.326, "Actual Total Rows": 48, "Plans": [{"Node Type": "Seq Scan", "Parent Relationship": "Outer", "Relation Name": "company_type", "Alias": "ct", "Startup Cost": 0.0, "Total Cost": 1.03, "Plan Rows": 3, "Plan Width": 4, "Actual Min Startup Time": 0.01, "Actual Max Startup Time": 0.01, "Actual Min Total Time": 0.012, "Actual Max Total Time": 0.012, "Actual Total Rows": 3}]}]}]}]}, {"Node Type": "Hash", "Parent Relationship": "Inner", "Startup Cost": 40775.83, "Total Cost": 40775.83, "Plan Rows": 1748840, "Plan Width": 21, "Actual Min Startup Time": 249.391, "Actual Max Startup Time": 423.825, "Actual Min Total Time": 249.391, "Actual Max Total Time": 423.825, "Actual Total Rows": 1749032, "Max Hash Buckets": 131072, "Min Hash Buckets": 131072, "Max Hash Batches": 1, "Min Hash Batches": 1, "Max Original Hash Batches": 1, "Min Original Hash Batches": 1, "Max Peak Memory Usage": 5875, "min Peak Memory Usage": 5875, "Plans": [{"Node Type": "Streaming(type: LOCAL REDISTRIBUTE dop: 16/16)", "Parent Relationship": "Outer", "Startup Cost": 0.0, "Total Cost": 40775.83, "Plan Rows": 1748840, "Plan Width": 21, "Actual Min Startup Time": 0.055, "Actual Max Startup Time": 38.555, "Actual Min Total Time": 207.495, "Actual Max Total Time": 386.837, "Actual Total Rows": 1749032, "Plans": [{"Node Type": "Seq Scan", "Parent Relationship": "Outer", "Relation Name": "title", "Alias": "t", "Startup Cost": 0.0, "Total Cost": 19149.37, "Plan Rows": 1748840, "Plan Width": 21, "Actual Min Startup Time": 0.031, "Actual Max Startup Time": 0.05, "Actual Min Total Time": 64.362, "Actual Max Total Time": 71.656, "Actual Total Rows": 1749032, "Filter": "(production_year > 1990), (LLVM Optimized, Jit Execute)", "Rows Removed by Filter": 779279}]}]}]}]}]}]}, "Triggers": [], "Planner Runtime": 87.81, "Total Runtime": 1891.157, "Unique SQL Id": 3145361615}}, "(16, 37)": {"explain_plan": {"Plan": {"Node Type": "Aggregate", "Strategy": "Plain", "Startup Cost": 1360211.59, "Total Cost": 1360211.61, "Plan Rows": 1, "Plan Width": 97, "Plans": [{"Node Type": "Streaming(type: LOCAL GATHER dop: 1/16)", "Parent Relationship": "Outer", "Startup Cost": 1360211.59, "Total Cost": 1360211.61, "Plan Rows": 1, "Plan Width": 97, "Plans": [{"Node Type": "Aggregate", "Strategy": "Plain", "Parent Relationship": "Outer", "Startup Cost": 1360211.59, "Total Cost": 1360211.6, "Plan Rows": 1, "Plan Width": 97, "Plans": [{"Node Type": "Hash Join", "Parent Relationship": "Outer", "Join Type": "Inner", "Startup Cost": 213081.4, "Total Cost": 1355364.52, "Plan Rows": 969413, "Plan Width": 33, "Inner Unique": true, "Hash Cond": "(mc.movie_id = t.id), (LLVM Optimized)", "Plans": [{"Node Type": "Streaming(type: LOCAL REDISTRIBUTE dop: 16/16)", "Parent Relationship": "Outer", "Startup Cost": 180855.35, "Total Cost": 1322368.59, "Plan Rows": 699731, "Plan Width": 24, "Plans": [{"Node Type": "Nested Loop", "Parent Relationship": "Outer", "Join Type": "Inner", "Startup Cost": 180855.35, "Total Cost": 1304717.26, "Plan Rows": 699731, "Plan Width": 24, "Inner Unique": true, "Join Filter": "(ci.role_id = rt.id), (LLVM Optimized)", "Plans": [{"Node Type": "Nested Loop", "Parent Relationship": "Outer", "Join Type": "Inner", "Startup Cost": 180855.35, "Total Cost": 1281828.69, "Plan Rows": 699731, "Plan Width": 28, "Inner Unique": true, "Join Filter": "(mc.company_type_id = ct.id), (LLVM Optimized)", "Plans": [{"Node Type": "Hash Join", "Parent Relationship": "Outer", "Join Type": "Inner", "Startup Cost": 180855.35, "Total Cost": 1264847.35, "Plan Rows": 699731, "Plan Width": 32, "Inner Unique": true, "Hash Cond": "(mc.company_id = cn.id), (LLVM Optimized)", "Plans": [{"Node Type": "Streaming(type: LOCAL REDISTRIBUTE dop: 16/16)", "Parent Relationship": "Outer", "Startup Cost": 173977.43, "Total Cost": 1257198.42, "Plan Rows": 1423748, "Plan Width": 36, "Plans": [{"Node Type": "Hash Join", "Parent Relationship": "Outer", "Join Type": "Inner", "Startup Cost": 173977.43, "Total Cost": 1236803.75, "Plan Rows": 1423748, "Plan Width": 36, "Inner Unique": false, "Hash Cond": "(ci.movie_id = mc.movie_id), (LLVM Optimized)", "Plans": [{"Node Type": "Streaming(type: LOCAL REDISTRIBUTE dop: 16/16)", "Parent Relationship": "Outer", "Startup Cost": 144787.11, "Total Cost": 1205907.57, "Plan Rows": 696330, "Plan Width": 24, "Plans": [{"Node Type": "Hash Join", "Parent Relationship": "Outer", "Join Type": "Inner", "Startup Cost": 144787.11, "Total Cost": 1188269.13, "Plan Rows": 696330, "Plan Width": 24, "Inner Unique": true, "Hash Cond": "(ci.person_role_id = chn.id), (LLVM Optimized)", "Plans": [{"Node Type": "Streaming(type: LOCAL REDISTRIBUTE dop: 16/16)", "Parent Relationship": "Outer", "Startup Cost": 0.0, "Total Cost": 1042710.15, "Plan Rows": 1436424, "Plan Width": 12, "Plans": [{"Node Type": "Index Scan", "Parent Relationship": "Outer", "Scan Direction": "Forward", "Index Name": "role_id_cast_info", "Relation Name": "cast_info", "Alias": "ci", "Startup Cost": 0.0, "Total Cost": 1022267.45, "Plan Rows": 1436424, "Plan Width": 12, "Filter": "((note)::text ~~ '%(producer)%'::text), (LLVM Optimized)"}]}, {"Node Type": "Hash", "Parent Relationship": "Inner", "Startup Cost": 142333.72, "Total Cost": 142333.72, "Plan Rows": 3140338, "Plan Width": 20, "Plans": [{"Node Type": "Streaming(type: LOCAL REDISTRIBUTE dop: 16/16)", "Parent Relationship": "Outer", "Startup Cost": 0.0, "Total Cost": 142333.72, "Plan Rows": 3140338, "Plan Width": 20, "Plans": [{"Node Type": "Index Scan", "Parent Relationship": "Outer", "Scan Direction": "Forward", "Index Name": "char_name_pkey", "Relation Name": "char_name", "Alias": "chn", "Startup Cost": 0.0, "Total Cost": 115434.79, "Plan Rows": 3140338, "Plan Width": 20}]}]}]}]}, {"Node Type": "Hash", "Parent Relationship": "Inner", "Startup Cost": 108607.74, "Total Cost": 108607.74, "Plan Rows": 2609128, "Plan Width": 12, "Plans": [{"Node Type": "Streaming(type: LOCAL REDISTRIBUTE dop: 16/16)", "Parent Relationship": "Outer", "Startup Cost": 0.0, "Total Cost": 108607.74, "Plan Rows": 2609128, "Plan Width": 12, "Plans": [{"Node Type": "Index Scan", "Parent Relationship": "Outer", "Scan Direction": "Forward", "Index Name": "company_type_id_movie_companies", "Relation Name": "movie_companies", "Alias": "mc", "Startup Cost": 0.0, "Total Cost": 83721.6, "Plan Rows": 2609128, "Plan Width": 12}]}]}]}]}, {"Node Type": "Hash", "Parent Relationship": "Inner", "Startup Cost": 27245.51, "Total Cost": 27245.51, "Plan Rows": 85170, "Plan Width": 4, "Plans": [{"Node Type": "Streaming(type: LOCAL REDISTRIBUTE dop: 16/1)", "Parent Relationship": "Outer", "Startup Cost": 2800.52, "Total Cost": 27245.51, "Plan Rows": 85170, "Plan Width": 4, "Plans": [{"Node Type": "Bitmap Heap Scan", "Parent Relationship": "Outer", "Relation Name": "company_name", "Alias": "cn", "Startup Cost": 2800.52, "Total Cost": 8703.97, "Plan Rows": 85170, "Plan Width": 4, "Filter": "((country_code)::text = '[us]'::text)", "Plans": [{"Node Type": "Bitmap Index Scan", "Parent Relationship": "Outer", "Index Name": "company_name_pkey", "Startup Cost": 0.0, "Total Cost": 2779.23, "Plan Rows": 234996, "Plan Width": 0}]}]}]}]}, {"Node Type": "Materialize", "Parent Relationship": "Inner", "Startup Cost": 0.0, "Total Cost": 15013.35, "Plan Rows": 48, "Plan Width": 4, "Plans": [{"Node Type": "Streaming(type: BROADCAST dop: 16/1)", "Parent Relationship": "Outer", "Startup Cost": 0.0, "Total Cost": 15013.33, "Plan Rows": 48, "Plan Width": 4, "Plans": [{"Node Type": "Index Scan", "Parent Relationship": "Outer", "Scan Direction": "Forward", "Index Name": "company_type_pkey", "Relation Name": "company_type", "Alias": "ct", "Startup Cost": 0.0, "Total Cost": 12.29, "Plan Rows": 3, "Plan Width": 4}]}]}]}, {"Node Type": "Materialize", "Parent Relationship": "Inner", "Startup Cost": 0.0, "Total Cost": 15016.63, "Plan Rows": 192, "Plan Width": 4, "Plans": [{"Node Type": "Streaming(type: BROADCAST dop: 16/1)", "Parent Relationship": "Outer", "Startup Cost": 0.0, "Total Cost": 15016.57, "Plan Rows": 192, "Plan Width": 4, "Plans": [{"Node Type": "Index Scan", "Parent Relationship": "Outer", "Scan Direction": "Forward", "Index Name": "role_type_pkey", "Relation Name": "role_type", "Alias": "rt", "Startup Cost": 0.0, "Total Cost": 12.43, "Plan Rows": 12, "Plan Width": 4}]}]}]}]}, {"Node Type": "Hash", "Parent Relationship": "Inner", "Startup Cost": 123439.09, "Total Cost": 123439.09, "Plan Rows": 1748840, "Plan Width": 21, "Plans": [{"Node Type": "Streaming(type: LOCAL REDISTRIBUTE dop: 16/16)", "Parent Relationship": "Outer", "Startup Cost": 0.0, "Total Cost": 123439.09, "Plan Rows": 1748840, "Plan Width": 21, "Plans": [{"Node Type": "Index Scan", "Parent Relationship": "Outer", "Scan Direction": "Forward", "Index Name": "title_pkey", "Relation Name": "title", "Alias": "t", "Startup Cost": 0.0, "Total Cost": 101812.62, "Plan Rows": 1748840, "Plan Width": 21, "Filter": "(production_year > 1990), (LLVM Optimized)"}]}]}]}]}]}]}, "Unique SQL Id": 3145361615}, "explain_analyze_plan": {"Plan": {"Node Type": "Aggregate", "Strategy": "Plain", "Startup Cost": 1360211.59, "Total Cost": 1360211.61, "Plan Rows": 1, "Plan Width": 97, "Actual Min Startup Time": 3855.516, "Actual Max Startup Time": 3855.516, "Actual Min Total Time": 3855.517, "Actual Max Total Time": 3855.517, "Actual Total Rows": 1, "Plans": [{"Node Type": "Streaming(type: LOCAL GATHER dop: 1/16)", "Parent Relationship": "Outer", "Startup Cost": 1360211.59, "Total Cost": 1360211.61, "Plan Rows": 1, "Plan Width": 97, "Actual Min Startup Time": 3853.841, "Actual Max Startup Time": 3853.841, "Actual Min Total Time": 3855.476, "Actual Max Total Time": 3855.476, "Actual Total Rows": 16, "Plans": [{"Node Type": "Aggregate", "Strategy": "Plain", "Parent Relationship": "Outer", "Startup Cost": 1360211.59, "Total Cost": 1360211.6, "Plan Rows": 1, "Plan Width": 97, "Actual Min Startup Time": 3356.734, "Actual Max Startup Time": 3661.945, "Actual Min Total Time": 3356.735, "Actual Max Total Time": 3661.946, "Actual Total Rows": 16, "Plans": [{"Node Type": "Hash Join", "Parent Relationship": "Outer", "Join Type": "Inner", "Startup Cost": 213081.4, "Total Cost": 1355364.52, "Plan Rows": 969413, "Plan Width": 33, "Actual Min Startup Time": 3356.728, "Actual Max Startup Time": 3661.94, "Actual Min Total Time": 3356.728, "Actual Max Total Time": 3661.94, "Actual Total Rows": 4, "Inner Unique": true, "Hash Cond": "(mc.movie_id = t.id), (LLVM Optimized, Jit Execute)", "Plans": [{"Node Type": "Streaming(type: LOCAL REDISTRIBUTE dop: 16/16)", "Parent Relationship": "Outer", "Startup Cost": 180855.35, "Total Cost": 1322368.59, "Plan Rows": 699731, "Plan Width": 24, "Actual Min Startup Time": 2661.762, "Actual Max Startup Time": 2663.86, "Actual Min Total Time": 2663.748, "Actual Max Total Time": 2663.86, "Actual Total Rows": 6, "Plans": [{"Node Type": "Nested Loop", "Parent Relationship": "Outer", "Join Type": "Inner", "Startup Cost": 180855.35, "Total Cost": 1304717.26, "Plan Rows": 699731, "Plan Width": 24, "Actual Min Startup Time": 3353.338, "Actual Max Startup Time": 3630.761, "Actual Min Total Time": 3353.338, "Actual Max Total Time": 3630.761, "Actual Total Rows": 6, "Inner Unique": true, "Join Filter": "(ci.role_id = rt.id), (LLVM Optimized, Jit Execute)", "Rows Removed by Join Filter": 0, "Plans": [{"Node Type": "Nested Loop", "Parent Relationship": "Outer", "Join Type": "Inner", "Startup Cost": 180855.35, "Total Cost": 1281828.69, "Plan Rows": 699731, "Plan Width": 28, "Actual Min Startup Time": 3353.309, "Actual Max Startup Time": 3496.009, "Actual Min Total Time": 3353.309, "Actual Max Total Time": 3496.009, "Actual Total Rows": 6, "Inner Unique": true, "Join Filter": "(mc.company_type_id = ct.id), (LLVM Optimized, Jit Execute)", "Rows Removed by Join Filter": 24, "Plans": [{"Node Type": "Hash Join", "Parent Relationship": "Outer", "Join Type": "Inner", "Startup Cost": 180855.35, "Total Cost": 1264847.35, "Plan Rows": 699731, "Plan Width": 32, "Actual Min Startup Time": 3353.254, "Actual Max Startup Time": 3495.95, "Actual Min Total Time": 3353.254, "Actual Max Total Time": 3495.95, "Actual Total Rows": 14, "Inner Unique": true, "Hash Cond": "(mc.company_id = cn.id), (LLVM Optimized, Jit Execute)", "Plans": [{"Node Type": "Streaming(type: LOCAL REDISTRIBUTE dop: 16/16)", "Parent Relationship": "Outer", "Startup Cost": 173977.43, "Total Cost": 1257198.42, "Plan Rows": 1423748, "Plan Width": 36, "Actual Min Startup Time": 3073.949, "Actual Max Startup Time": 3075.607, "Actual Min Total Time": 3075.082, "Actual Max Total Time": 3075.607, "Actual Total Rows": 31, "Plans": [{"Node Type": "Hash Join", "Parent Relationship": "Outer", "Join Type": "Inner", "Startup Cost": 173977.43, "Total Cost": 1236803.75, "Plan Rows": 1423748, "Plan Width": 36, "Actual Min Startup Time": 3349.48, "Actual Max Startup Time": 3586.447, "Actual Min Total Time": 3349.507, "Actual Max Total Time": 3586.447, "Actual Total Rows": 31, "Inner Unique": false, "Hash Cond": "(ci.movie_id = mc.movie_id), (LLVM Optimized, Jit Execute)", "Plans": [{"Node Type": "Streaming(type: LOCAL REDISTRIBUTE dop: 16/16)", "Parent Relationship": "Outer", "Startup Cost": 144787.11, "Total Cost": 1205907.57, "Plan Rows": 696330, "Plan Width": 24, "Actual Min Startup Time": 2929.879, "Actual Max Startup Time": 2930.327, "Actual Min Total Time": 2930.083, "Actual Max Total Time": 2930.33, "Actual Total Rows": 15, "Plans": [{"Node Type": "Hash Join", "Parent Relationship": "Outer", "Join Type": "Inner", "Startup Cost": 144787.11, "Total Cost": 1188269.13, "Plan Rows": 696330, "Plan Width": 24, "Actual Min Startup Time": 1314.894, "Actual Max Startup Time": 3586.395, "Actual Min Total Time": 3348.376, "Actual Max Total Time": 3603.486, "Actual Total Rows": 15, "Inner Unique": true, "Hash Cond": "(ci.person_role_id = chn.id), (LLVM Optimized, Jit Execute)", "Plans": [{"Node Type": "Streaming(type: LOCAL REDISTRIBUTE dop: 16/16)", "Parent Relationship": "Outer", "Startup Cost": 0.0, "Total Cost": 1042710.15, "Plan Rows": 1436424, "Plan Width": 12, "Actual Min Startup Time": 0.121, "Actual Max Startup Time": 2526.894, "Actual Min Total Time": 2370.918, "Actual Max Total Time": 2526.894, "Actual Total Rows": 1435439, "Plans": [{"Node Type": "Index Scan", "Parent Relationship": "Outer", "Scan Direction": "Forward", "Index Name": "role_id_cast_info", "Relation Name": "cast_info", "Alias": "ci", "Startup Cost": 0.0, "Total Cost": 1022267.45, "Plan Rows": 1436424, "Plan Width": 12, "Actual Min Startup Time": 233.603, "Actual Max Startup Time": 1944.617, "Actual Min Total Time": 1362.152, "Actual Max Total Time": 2163.661, "Actual Total Rows": 1435439, "Filter": "((note)::text ~~ '%(producer)%'::text), (LLVM Optimized, Jit Execute)", "Rows Removed by Filter": 34808904}]}, {"Node Type": "Hash", "Parent Relationship": "Inner", "Startup Cost": 142333.72, "Total Cost": 142333.72, "Plan Rows": 3140338, "Plan Width": 20, "Actual Min Startup Time": 821.525, "Actual Max Startup Time": 1076.559, "Actual Min Total Time": 821.525, "Actual Max Total Time": 1076.559, "Actual Total Rows": 3140338, "Max Hash Buckets": 262144, "Min Hash Buckets": 262144, "Max Hash Batches": 1, "Min Hash Batches": 1, "Max Original Hash Batches": 1, "Min Original Hash Batches": 1, "Max Peak Memory Usage": 10347, "min Peak Memory Usage": 10347, "Plans": [{"Node Type": "Streaming(type: LOCAL REDISTRIBUTE dop: 16/16)", "Parent Relationship": "Outer", "Startup Cost": 0.0, "Total Cost": 142333.72, "Plan Rows": 3140338, "Plan Width": 20, "Actual Min Startup Time": 0.085, "Actual Max Startup Time": 158.076, "Actual Min Total Time": 730.354, "Actual Max Total Time": 986.857, "Actual Total Rows": 3140338, "Plans": [{"Node Type": "Index Scan", "Parent Relationship": "Outer", "Scan Direction": "Forward", "Index Name": "char_name_pkey", "Relation Name": "char_name", "Alias": "chn", "Startup Cost": 0.0, "Total Cost": 115434.79, "Plan Rows": 3140338, "Plan Width": 20, "Actual Min Startup Time": 5.548, "Actual Max Startup Time": 141.191, "Actual Min Total Time": 342.2, "Actual Max Total Time": 568.981, "Actual Total Rows": 3140338}]}]}]}]}, {"Node Type": "Hash", "Parent Relationship": "Inner", "Startup Cost": 108607.74, "Total Cost": 108607.74, "Plan Rows": 2609128, "Plan Width": 12, "Actual Min Startup Time": 419.06, "Actual Max Startup Time": 656.067, "Actual Min Total Time": 419.06, "Actual Max Total Time": 656.067, "Actual Total Rows": 2609128, "Max Hash Buckets": 262144, "Min Hash Buckets": 262144, "Max Hash Batches": 1, "Min Hash Batches": 1, "Max Original Hash Batches": 1, "Min Original Hash Batches": 1, "Max Peak Memory Usage": 7036, "min Peak Memory Usage": 7036, "Plans": [{"Node Type": "Streaming(type: LOCAL REDISTRIBUTE dop: 16/16)", "Parent Relationship": "Outer", "Startup Cost": 0.0, "Total Cost": 108607.74, "Plan Rows": 2609128, "Plan Width": 12, "Actual Min Startup Time": 0.093, "Actual Max Startup Time": 218.679, "Actual Min Total Time": 354.597, "Actual Max Total Time": 599.105, "Actual Total Rows": 2609128, "Plans": [{"Node Type": "Index Scan", "Parent Relationship": "Outer", "Scan Direction": "Forward", "Index Name": "company_type_id_movie_companies", "Relation Name": "movie_companies", "Alias": "mc", "Startup Cost": 0.0, "Total Cost": 83721.6, "Plan Rows": 2609128, "Plan Width": 12, "Actual Min Startup Time": 0.047, "Actual Max Startup Time": 19.578, "Actual Min Total Time": 89.409, "Actual Max Total Time": 117.311, "Actual Total Rows": 2609128}]}]}]}]}, {"Node Type": "Hash", "Parent Relationship": "Inner", "Startup Cost": 27245.51, "Total Cost": 27245.51, "Plan Rows": 85170, "Plan Width": 4, "Actual Min Startup Time": 277.668, "Actual Max Startup Time": 419.29, "Actual Min Total Time": 277.668, "Actual Max Total Time": 419.29, "Actual Total Rows": 84843, "Max Hash Buckets": 32768, "Min Hash Buckets": 32768, "Max Hash Batches": 1, "Min Hash Batches": 1, "Max Original Hash Batches": 1, "Min Original Hash Batches": 1, "Max Peak Memory Usage": 182, "min Peak Memory Usage": 182, "Plans": [{"Node Type": "Streaming(type: LOCAL REDISTRIBUTE dop: 16/1)", "Parent Relationship": "Outer", "Startup Cost": 2800.52, "Total Cost": 27245.51, "Plan Rows": 85170, "Plan Width": 4, "Actual Min Startup Time": 0.065, "Actual Max Startup Time": 142.271, "Actual Min Total Time": 275.401, "Actual Max Total Time": 416.78, "Actual Total Rows": 84843, "Plans": [{"Node Type": "Bitmap Heap Scan", "Parent Relationship": "Outer", "Relation Name": "company_name", "Alias": "cn", "Startup Cost": 2800.52, "Total Cost": 8703.97, "Plan Rows": 85170, "Plan Width": 4, "Actual Min Startup Time": 27.025, "Actual Max Startup Time": 27.025, "Actual Min Total Time": 183.888, "Actual Max Total Time": 183.888, "Actual Total Rows": 84843, "Filter": "((country_code)::text = '[us]'::text)", "Rows Removed by Filter": 150153, "Exact Heap Blocks": 0, "Lossy Heap Blocks": 0, "Plans": [{"Node Type": "Bitmap Index Scan", "Parent Relationship": "Outer", "Index Name": "company_name_pkey", "Startup Cost": 0.0, "Total Cost": 2779.23, "Plan Rows": 234996, "Plan Width": 0, "Actual Min Startup Time": 26.526, "Actual Max Startup Time": 26.526, "Actual Min Total Time": 26.526, "Actual Max Total Time": 26.526, "Actual Total Rows": 234996}]}]}]}]}, {"Node Type": "Materialize", "Parent Relationship": "Inner", "Startup Cost": 0.0, "Total Cost": 15013.35, "Plan Rows": 48, "Plan Width": 4, "Actual Min Startup Time": 0.008, "Actual Max Startup Time": 0.021, "Actual Min Total Time": 0.008, "Actual Max Total Time": 0.022, "Actual Total Rows": 46, "Plans": [{"Node Type": "Streaming(type: BROADCAST dop: 16/1)", "Parent Relationship": "Outer", "Startup Cost": 0.0, "Total Cost": 15013.33, "Plan Rows": 48, "Plan Width": 4, "Actual Min Startup Time": 0.004, "Actual Max Startup Time": 0.006, "Actual Min Total Time": 0.004, "Actual Max Total Time": 0.008, "Actual Total Rows": 48, "Plans": [{"Node Type": "Index Scan", "Parent Relationship": "Outer", "Scan Direction": "Forward", "Index Name": "company_type_pkey", "Relation Name": "company_type", "Alias": "ct", "Startup Cost": 0.0, "Total Cost": 12.29, "Plan Rows": 3, "Plan Width": 4, "Actual Min Startup Time": 0.019, "Actual Max Startup Time": 0.019, "Actual Min Total Time": 0.022, "Actual Max Total Time": 0.022, "Actual Total Rows": 3}]}]}]}, {"Node Type": "Materialize", "Parent Relationship": "Inner", "Startup Cost": 0.0, "Total Cost": 15016.63, "Plan Rows": 192, "Plan Width": 4, "Actual Min Startup Time": 0.019, "Actual Max Startup Time": 134.711, "Actual Min Total Time": 0.019, "Actual Max Total Time": 134.711, "Actual Total Rows": 22, "Plans": [{"Node Type": "Streaming(type: BROADCAST dop: 16/1)", "Parent Relationship": "Outer", "Startup Cost": 0.0, "Total Cost": 15016.57, "Plan Rows": 192, "Plan Width": 4, "Actual Min Startup Time": 0.01, "Actual Max Startup Time": 134.698, "Actual Min Total Time": 0.011, "Actual Max Total Time": 134.7, "Actual Total Rows": 192, "Plans": [{"Node Type": "Index Scan", "Parent Relationship": "Outer", "Scan Direction": "Forward", "Index Name": "role_type_pkey", "Relation Name": "role_type", "Alias": "rt", "Startup Cost": 0.0, "Total Cost": 12.43, "Plan Rows": 12, "Plan Width": 4, "Actual Min Startup Time": 0.028, "Actual Max Startup Time": 0.028, "Actual Min Total Time": 0.036, "Actual Max Total Time": 0.036, "Actual Total Rows": 12}]}]}]}]}, {"Node Type": "Hash", "Parent Relationship": "Inner", "Startup Cost": 123439.09, "Total Cost": 123439.09, "Plan Rows": 1748840, "Plan Width": 21, "Actual Min Startup Time": 692.785, "Actual Max Startup Time": 998.027, "Actual Min Total Time": 692.785, "Actual Max Total Time": 998.027, "Actual Total Rows": 1749032, "Max Hash Buckets": 131072, "Min Hash Buckets": 131072, "Max Hash Batches": 1, "Min Hash Batches": 1, "Max Original Hash Batches": 1, "Min Original Hash Batches": 1, "Max Peak Memory Usage": 5875, "min Peak Memory Usage": 5875, "Plans": [{"Node Type": "Streaming(type: LOCAL REDISTRIBUTE dop: 16/16)", "Parent Relationship": "Outer", "Startup Cost": 0.0, "Total Cost": 123439.09, "Plan Rows": 1748840, "Plan Width": 21, "Actual Min Startup Time": 0.055, "Actual Max Startup Time": 208.282, "Actual Min Total Time": 651.47, "Actual Max Total Time": 959.471, "Actual Total Rows": 1749032, "Plans": [{"Node Type": "Index Scan", "Parent Relationship": "Outer", "Scan Direction": "Forward", "Index Name": "title_pkey", "Relation Name": "title", "Alias": "t", "Startup Cost": 0.0, "Total Cost": 101812.62, "Plan Rows": 1748840, "Plan Width": 21, "Actual Min Startup Time": 0.085, "Actual Max Startup Time": 29.924, "Actual Min Total Time": 280.712, "Actual Max Total Time": 504.618, "Actual Total Rows": 1749032, "Filter": "(production_year > 1990), (LLVM Optimized, Jit Execute)", "Rows Removed by Filter": 779279}]}]}]}]}]}]}, "Triggers": [], "Planner Runtime": 62.215, "Total Runtime": 3903.392, "Unique SQL Id": 3145361615}}, "(16, 38)": {"explain_plan": {"Plan": {"Node Type": "Aggregate", "Strategy": "Plain", "Startup Cost": 272970.86, "Total Cost": 272970.88, "Plan Rows": 1, "Plan Width": 97, "Plans": [{"Node Type": "Streaming(type: LOCAL GATHER dop: 1/16)", "Parent Relationship": "Outer", "Startup Cost": 272970.86, "Total Cost": 272970.88, "Plan Rows": 1, "Plan Width": 97, "Plans": [{"Node Type": "Aggregate", "Strategy": "Plain", "Parent Relationship": "Outer", "Startup Cost": 272970.86, "Total Cost": 272970.87, "Plan Rows": 1, "Plan Width": 97, "Plans": [{"Node Type": "Hash Join", "Parent Relationship": "Outer", "Join Type": "Inner", "Startup Cost": 129833.14, "Total Cost": 268123.79, "Plan Rows": 969413, "Plan Width": 33, "Inner Unique": true, "Hash Cond": "(mc.movie_id = t.id), (LLVM Optimized)", "Plans": [{"Node Type": "Streaming(type: LOCAL REDISTRIBUTE dop: 16/16)", "Parent Relationship": "Outer", "Startup Cost": 118272.9, "Total Cost": 255793.67, "Plan Rows": 699731, "Plan Width": 24, "Plans": [{"Node Type": "Nested Loop", "Parent Relationship": "Outer", "Join Type": "Inner", "Startup Cost": 118272.9, "Total Cost": 238142.35, "Plan Rows": 699731, "Plan Width": 24, "Inner Unique": true, "Join Filter": "(mc.company_type_id = ct.id), (LLVM Optimized)", "Plans": [{"Node Type": "Hash Join", "Parent Relationship": "Outer", "Join Type": "Inner", "Startup Cost": 118272.9, "Total Cost": 221172.28, "Plan Rows": 699731, "Plan Width": 28, "Inner Unique": true, "Hash Cond": "(ci.person_role_id = chn.id), (LLVM Optimized)", "Plans": [{"Node Type": "Streaming(type: LOCAL REDISTRIBUTE dop: 16/16)", "Parent Relationship": "Outer", "Startup Cost": 104290.19, "Total Cost": 206413.94, "Plan Rows": 1443440, "Plan Width": 16, "Plans": [{"Node Type": "Hash Join", "Parent Relationship": "Outer", "Join Type": "Inner", "Startup Cost": 104290.19, "Total Cost": 185944.65, "Plan Rows": 1443440, "Plan Width": 16, "Inner Unique": false, "Hash Cond": "(ci.movie_id = mc.movie_id), (LLVM Optimized)", "Plans": [{"Node Type": "Streaming(type: LOCAL REDISTRIBUTE dop: 16/16)", "Parent Relationship": "Outer", "Startup Cost": 15005.41, "Total Cost": 94859.97, "Plan Rows": 1436424, "Plan Width": 8, "Plans": [{"Node Type": "Hash Join", "Parent Relationship": "Outer", "Join Type": "Inner", "Startup Cost": 15005.41, "Total Cost": 74417.27, "Plan Rows": 1436424, "Plan Width": 8, "Inner Unique": true, "Hash Cond": "(ci.role_id = rt.id), (LLVM Optimized)", "Plans": [{"Node Type": "Seq Scan", "Parent Relationship": "Outer", "Relation Name": "cast_info", "Alias": "ci", "Startup Cost": 0.0, "Total Cost": 58282.92, "Plan Rows": 1436424, "Plan Width": 12, "Filter": "((note)::text ~~ '%(producer)%'::text), (LLVM Optimized)"}, {"Node Type": "Hash", "Parent Relationship": "Inner", "Startup Cost": 15005.26, "Total Cost": 15005.26, "Plan Rows": 192, "Plan Width": 4, "Plans": [{"Node Type": "Streaming(type: BROADCAST dop: 16/1)", "Parent Relationship": "Outer", "Startup Cost": 0.0, "Total Cost": 15005.26, "Plan Rows": 192, "Plan Width": 4, "Plans": [{"Node Type": "Seq Scan", "Parent Relationship": "Outer", "Relation Name": "role_type", "Alias": "rt", "Startup Cost": 0.0, "Total Cost": 1.12, "Plan Rows": 12, "Plan Width": 4}]}]}]}]}, {"Node Type": "Hash", "Parent Relationship": "Inner", "Startup Cost": 88282.97, "Total Cost": 88282.97, "Plan Rows": 1282311, "Plan Width": 8, "Plans": [{"Node Type": "Streaming(type: LOCAL REDISTRIBUTE dop: 16/16)", "Parent Relationship": "Outer", "Startup Cost": 24511.53, "Total Cost": 88282.97, "Plan Rows": 1282311, "Plan Width": 8, "Plans": [{"Node Type": "Hash Join", "Parent Relationship": "Outer", "Join Type": "Inner", "Startup Cost": 24511.53, "Total Cost": 68424.21, "Plan Rows": 1282311, "Plan Width": 8, "Inner Unique": true, "Hash Cond": "(mc.company_id = cn.id), (LLVM Optimized)", "Plans": [{"Node Type": "Streaming(type: LOCAL REDISTRIBUTE dop: 16/16)", "Parent Relationship": "Outer", "Startup Cost": 0.0, "Total Cost": 42499.73, "Plan Rows": 2609128, "Plan Width": 12, "Plans": [{"Node Type": "Seq Scan", "Parent Relationship": "Outer", "Relation Name": "movie_companies", "Alias": "mc", "Startup Cost": 0.0, "Total Cost": 17613.58, "Plan Rows": 2609128, "Plan Width": 12}]}, {"Node Type": "Hash", "Parent Relationship": "Inner", "Startup Cost": 24444.99, "Total Cost": 24444.99, "Plan Rows": 85170, "Plan Width": 4, "Plans": [{"Node Type": "Streaming(type: LOCAL REDISTRIBUTE dop: 16/1)", "Parent Relationship": "Outer", "Startup Cost": 0.0, "Total Cost": 24444.99, "Plan Rows": 85170, "Plan Width": 4, "Plans": [{"Node Type": "Seq Scan", "Parent Relationship": "Outer", "Relation Name": "company_name", "Alias": "cn", "Startup Cost": 0.0, "Total Cost": 5903.45, "Plan Rows": 85170, "Plan Width": 4, "Filter": "((country_code)::text = '[us]'::text)"}]}]}]}]}]}]}]}, {"Node Type": "Hash", "Parent Relationship": "Inner", "Startup Cost": 46117.27, "Total Cost": 46117.27, "Plan Rows": 3140338, "Plan Width": 20, "Plans": [{"Node Type": "Streaming(type: LOCAL REDISTRIBUTE dop: 16/16)", "Parent Relationship": "Outer", "Startup Cost": 0.0, "Total Cost": 46117.27, "Plan Rows": 3140338, "Plan Width": 20, "Plans": [{"Node Type": "Seq Scan", "Parent Relationship": "Outer", "Relation Name": "char_name", "Alias": "chn", "Startup Cost": 0.0, "Total Cost": 19218.34, "Plan Rows": 3140338, "Plan Width": 20}]}]}]}, {"Node Type": "Materialize", "Parent Relationship": "Inner", "Startup Cost": 0.0, "Total Cost": 15002.08, "Plan Rows": 48, "Plan Width": 4, "Plans": [{"Node Type": "Streaming(type: BROADCAST dop: 16/1)", "Parent Relationship": "Outer", "Startup Cost": 0.0, "Total Cost": 15002.07, "Plan Rows": 48, "Plan Width": 4, "Plans": [{"Node Type": "Seq Scan", "Parent Relationship": "Outer", "Relation Name": "company_type", "Alias": "ct", "Startup Cost": 0.0, "Total Cost": 1.03, "Plan Rows": 3, "Plan Width": 4}]}]}]}]}, {"Node Type": "Hash", "Parent Relationship": "Inner", "Startup Cost": 40775.83, "Total Cost": 40775.83, "Plan Rows": 1748840, "Plan Width": 21, "Plans": [{"Node Type": "Streaming(type: LOCAL REDISTRIBUTE dop: 16/16)", "Parent Relationship": "Outer", "Startup Cost": 0.0, "Total Cost": 40775.83, "Plan Rows": 1748840, "Plan Width": 21, "Plans": [{"Node Type": "Seq Scan", "Parent Relationship": "Outer", "Relation Name": "title", "Alias": "t", "Startup Cost": 0.0, "Total Cost": 19149.37, "Plan Rows": 1748840, "Plan Width": 21, "Filter": "(production_year > 1990), (LLVM Optimized)"}]}]}]}]}]}]}, "Unique SQL Id": 3145361615}, "explain_analyze_plan": {"Plan": {"Node Type": "Aggregate", "Strategy": "Plain", "Startup Cost": 272970.86, "Total Cost": 272970.88, "Plan Rows": 1, "Plan Width": 97, "Actual Min Startup Time": 1851.442, "Actual Max Startup Time": 1851.442, "Actual Min Total Time": 1851.442, "Actual Max Total Time": 1851.442, "Actual Total Rows": 1, "Plans": [{"Node Type": "Streaming(type: LOCAL GATHER dop: 1/16)", "Parent Relationship": "Outer", "Startup Cost": 272970.86, "Total Cost": 272970.88, "Plan Rows": 1, "Plan Width": 97, "Actual Min Startup Time": 1850.571, "Actual Max Startup Time": 1850.571, "Actual Min Total Time": 1851.421, "Actual Max Total Time": 1851.421, "Actual Total Rows": 16, "Plans": [{"Node Type": "Aggregate", "Strategy": "Plain", "Parent Relationship": "Outer", "Startup Cost": 272970.86, "Total Cost": 272970.87, "Plan Rows": 1, "Plan Width": 97, "Actual Min Startup Time": 1528.987, "Actual Max Startup Time": 1703.473, "Actual Min Total Time": 1528.988, "Actual Max Total Time": 1703.473, "Actual Total Rows": 16, "Plans": [{"Node Type": "Hash Join", "Parent Relationship": "Outer", "Join Type": "Inner", "Startup Cost": 129833.14, "Total Cost": 268123.79, "Plan Rows": 969413, "Plan Width": 33, "Actual Min Startup Time": 1526.266, "Actual Max Startup Time": 1700.688, "Actual Min Total Time": 1528.951, "Actual Max Total Time": 1703.451, "Actual Total Rows": 4, "Inner Unique": true, "Hash Cond": "(mc.movie_id = t.id), (LLVM Optimized, Jit Execute)", "Plans": [{"Node Type": "Streaming(type: LOCAL REDISTRIBUTE dop: 16/16)", "Parent Relationship": "Outer", "Startup Cost": 118272.9, "Total Cost": 255793.67, "Plan Rows": 699731, "Plan Width": 24, "Actual Min Startup Time": 1276.696, "Actual Max Startup Time": 1279.511, "Actual Min Total Time": 1279.291, "Actual Max Total Time": 1279.511, "Actual Total Rows": 6, "Plans": [{"Node Type": "Nested Loop", "Parent Relationship": "Outer", "Join Type": "Inner", "Startup Cost": 118272.9, "Total Cost": 238142.35, "Plan Rows": 699731, "Plan Width": 24, "Actual Min Startup Time": 1525.547, "Actual Max Startup Time": 1741.741, "Actual Min Total Time": 1530.314, "Actual Max Total Time": 1741.741, "Actual Total Rows": 6, "Inner Unique": true, "Join Filter": "(mc.company_type_id = ct.id), (LLVM Optimized, Jit Execute)", "Rows Removed by Join Filter": 24, "Plans": [{"Node Type": "Hash Join", "Parent Relationship": "Outer", "Join Type": "Inner", "Startup Cost": 118272.9, "Total Cost": 221172.28, "Plan Rows": 699731, "Plan Width": 28, "Actual Min Startup Time": 1525.521, "Actual Max Startup Time": 1698.406, "Actual Min Total Time": 1528.408, "Actual Max Total Time": 1698.406, "Actual Total Rows": 14, "Inner Unique": true, "Hash Cond": "(ci.person_role_id = chn.id), (LLVM Optimized, Jit Execute)", "Plans": [{"Node Type": "Streaming(type: LOCAL REDISTRIBUTE dop: 16/16)", "Parent Relationship": "Outer", "Startup Cost": 104290.19, "Total Cost": 206413.94, "Plan Rows": 1443440, "Plan Width": 16, "Actual Min Startup Time": 267.19, "Actual Max Startup Time": 1139.907, "Actual Min Total Time": 1010.82, "Actual Max Total Time": 1139.907, "Actual Total Rows": 1210267, "Plans": [{"Node Type": "Hash Join", "Parent Relationship": "Outer", "Join Type": "Inner", "Startup Cost": 104290.19, "Total Cost": 185944.65, "Plan Rows": 1443440, "Plan Width": 16, "Actual Min Startup Time": 654.515, "Actual Max Startup Time": 766.246, "Actual Min Total Time": 1227.175, "Actual Max Total Time": 1347.946, "Actual Total Rows": 1210267, "Inner Unique": false, "Hash Cond": "(ci.movie_id = mc.movie_id), (LLVM Optimized, Jit Execute)", "Plans": [{"Node Type": "Streaming(type: LOCAL REDISTRIBUTE dop: 16/16)", "Parent Relationship": "Outer", "Startup Cost": 15005.41, "Total Cost": 94859.97, "Plan Rows": 1436424, "Plan Width": 8, "Actual Min Startup Time": 0.061, "Actual Max Startup Time": 2.164, "Actual Min Total Time": 507.946, "Actual Max Total Time": 533.999, "Actual Total Rows": 1435439, "Plans": [{"Node Type": "Hash Join", "Parent Relationship": "Outer", "Join Type": "Inner", "Startup Cost": 15005.41, "Total Cost": 74417.27, "Plan Rows": 1436424, "Plan Width": 8, "Actual Min Startup Time": 44.415, "Actual Max Startup Time": 359.164, "Actual Min Total Time": 727.868, "Actual Max Total Time": 791.24, "Actual Total Rows": 1435439, "Inner Unique": true, "Hash Cond": "(ci.role_id = rt.id), (LLVM Optimized, Jit Execute)", "Plans": [{"Node Type": "Seq Scan", "Parent Relationship": "Outer", "Relation Name": "cast_info", "Alias": "ci", "Startup Cost": 0.0, "Total Cost": 58282.92, "Plan Rows": 1436424, "Plan Width": 12, "Actual Min Startup Time": 44.315, "Actual Max Startup Time": 359.045, "Actual Min Total Time": 683.134, "Actual Max Total Time": 746.581, "Actual Total Rows": 1435439, "Filter": "((note)::text ~~ '%(producer)%'::text), (LLVM Optimized, Jit Execute)", "Rows Removed by Filter": 34808904}, {"Node Type": "Hash", "Parent Relationship": "Inner", "Startup Cost": 15005.26, "Total Cost": 15005.26, "Plan Rows": 192, "Plan Width": 4, "Actual Min Startup Time": 0.018, "Actual Max Startup Time": 0.098, "Actual Min Total Time": 0.018, "Actual Max Total Time": 0.098, "Actual Total Rows": 192, "Max Hash Buckets": 32768, "Min Hash Buckets": 32768, "Max Hash Batches": 1, "Min Hash Batches": 1, "Max Original Hash Batches": 1, "Min Original Hash Batches": 1, "Max Peak Memory Usage": 1, "min Peak Memory Usage": 1, "Plans": [{"Node Type": "Streaming(type: BROADCAST dop: 16/1)", "Parent Relationship": "Outer", "Startup Cost": 0.0, "Total Cost": 15005.26, "Plan Rows": 192, "Plan Width": 4, "Actual Min Startup Time": 0.005, "Actual Max Startup Time": 0.016, "Actual Min Total Time": 0.006, "Actual Max Total Time": 0.019, "Actual Total Rows": 192, "Plans": [{"Node Type": "Seq Scan", "Parent Relationship": "Outer", "Relation Name": "role_type", "Alias": "rt", "Startup Cost": 0.0, "Total Cost": 1.12, "Plan Rows": 12, "Plan Width": 4, "Actual Min Startup Time": 0.012, "Actual Max Startup Time": 0.012, "Actual Min Total Time": 0.017, "Actual Max Total Time": 0.017, "Actual Total Rows": 12}]}]}]}]}, {"Node Type": "Hash", "Parent Relationship": "Inner", "Startup Cost": 88282.97, "Total Cost": 88282.97, "Plan Rows": 1282311, "Plan Width": 8, "Actual Min Startup Time": 654.343, "Actual Max Startup Time": 766.036, "Actual Min Total Time": 654.343, "Actual Max Total Time": 766.036, "Actual Total Rows": 1153797, "Max Hash Buckets": 131072, "Min Hash Buckets": 131072, "Max Hash Batches": 1, "Min Hash Batches": 1, "Max Original Hash Batches": 1, "Min Original Hash Batches": 1, "Max Peak Memory Usage": 2824, "min Peak Memory Usage": 2824, "Plans": [{"Node Type": "Streaming(type: LOCAL REDISTRIBUTE dop: 16/16)", "Parent Relationship": "Outer", "Startup Cost": 24511.53, "Total Cost": 88282.97, "Plan Rows": 1282311, "Plan Width": 8, "Actual Min Startup Time": 210.935, "Actual Max Startup Time": 322.34, "Actual Min Total Time": 636.024, "Actual Max Total Time": 745.671, "Actual Total Rows": 1153797, "Plans": [{"Node Type": "Hash Join", "Parent Relationship": "Outer", "Join Type": "Inner", "Startup Cost": 24511.53, "Total Cost": 68424.21, "Plan Rows": 1282311, "Plan Width": 8, "Actual Min Startup Time": 208.859, "Actual Max Startup Time": 395.904, "Actual Min Total Time": 531.724, "Actual Max Total Time": 761.672, "Actual Total Rows": 1153797, "Inner Unique": true, "Hash Cond": "(mc.company_id = cn.id), (LLVM Optimized, Jit Execute)", "Plans": [{"Node Type": "Streaming(type: LOCAL REDISTRIBUTE dop: 16/16)", "Parent Relationship": "Outer", "Startup Cost": 0.0, "Total Cost": 42499.73, "Plan Rows": 2609128, "Plan Width": 12, "Actual Min Startup Time": 0.057, "Actual Max Startup Time": 1.428, "Actual Min Total Time": 262.232, "Actual Max Total Time": 340.091, "Actual Total Rows": 2609128, "Plans": [{"Node Type": "Seq Scan", "Parent Relationship": "Outer", "Relation Name": "movie_companies", "Alias": "mc", "Startup Cost": 0.0, "Total Cost": 17613.58, "Plan Rows": 2609128, "Plan Width": 12, "Actual Min Startup Time": 0.026, "Actual Max Startup Time": 0.043, "Actual Min Total Time": 41.08, "Actual Max Total Time": 51.061, "Actual Total Rows": 2609128}]}, {"Node Type": "Hash", "Parent Relationship": "Inner", "Startup Cost": 24444.99, "Total Cost": 24444.99, "Plan Rows": 85170, "Plan Width": 4, "Actual Min Startup Time": 208.731, "Actual Max Startup Time": 394.761, "Actual Min Total Time": 208.731, "Actual Max Total Time": 394.761, "Actual Total Rows": 84843, "Max Hash Buckets": 32768, "Min Hash Buckets": 32768, "Max Hash Batches": 1, "Min Hash Batches": 1, "Max Original Hash Batches": 1, "Min Original Hash Batches": 1, "Max Peak Memory Usage": 182, "min Peak Memory Usage": 182, "Plans": [{"Node Type": "Streaming(type: LOCAL REDISTRIBUTE dop: 16/1)", "Parent Relationship": "Outer", "Startup Cost": 0.0, "Total Cost": 24444.99, "Plan Rows": 85170, "Plan Width": 4, "Actual Min Startup Time": 0.043, "Actual Max Startup Time": 186.918, "Actual Min Total Time": 206.926, "Actual Max Total Time": 392.009, "Actual Total Rows": 84843, "Plans": [{"Node Type": "Seq Scan", "Parent Relationship": "Outer", "Relation Name": "company_name", "Alias": "cn", "Startup Cost": 0.0, "Total Cost": 5903.45, "Plan Rows": 85170, "Plan Width": 4, "Actual Min Startup Time": 0.05, "Actual Max Startup Time": 0.05, "Actual Min Total Time": 99.773, "Actual Max Total Time": 99.773, "Actual Total Rows": 84843, "Filter": "((country_code)::text = '[us]'::text)", "Rows Removed by Filter": 150153}]}]}]}]}]}]}]}, {"Node Type": "Hash", "Parent Relationship": "Inner", "Startup Cost": 46117.27, "Total Cost": 46117.27, "Plan Rows": 3140338, "Plan Width": 20, "Actual Min Startup Time": 388.375, "Actual Max Startup Time": 558.238, "Actual Min Total Time": 388.375, "Actual Max Total Time": 558.238, "Actual Total Rows": 3140338, "Max Hash Buckets": 262144, "Min Hash Buckets": 262144, "Max Hash Batches": 1, "Min Hash Batches": 1, "Max Original Hash Batches": 1, "Min Original Hash Batches": 1, "Max Peak Memory Usage": 10347, "min Peak Memory Usage": 10347, "Plans": [{"Node Type": "Streaming(type: LOCAL REDISTRIBUTE dop: 16/16)", "Parent Relationship": "Outer", "Startup Cost": 0.0, "Total Cost": 46117.27, "Plan Rows": 3140338, "Plan Width": 20, "Actual Min Startup Time": 0.051, "Actual Max Startup Time": 17.737, "Actual Min Total Time": 300.722, "Actual Max Total Time": 467.746, "Actual Total Rows": 3140338, "Plans": [{"Node Type": "Seq Scan", "Parent Relationship": "Outer", "Relation Name": "char_name", "Alias": "chn", "Startup Cost": 0.0, "Total Cost": 19218.34, "Plan Rows": 3140338, "Plan Width": 20, "Actual Min Startup Time": 0.018, "Actual Max Startup Time": 0.033, "Actual Min Total Time": 57.62, "Actual Max Total Time": 68.173, "Actual Total Rows": 3140338}]}]}]}, {"Node Type": "Materialize", "Parent Relationship": "Inner", "Startup Cost": 0.0, "Total Cost": 15002.08, "Plan Rows": 48, "Plan Width": 4, "Actual Min Startup Time": 0.008, "Actual Max Startup Time": 41.332, "Actual Min Total Time": 0.008, "Actual Max Total Time": 41.332, "Actual Total Rows": 46, "Plans": [{"Node Type": "Streaming(type: BROADCAST dop: 16/1)", "Parent Relationship": "Outer", "Startup Cost": 0.0, "Total Cost": 15002.07, "Plan Rows": 48, "Plan Width": 4, "Actual Min Startup Time": 0.004, "Actual Max Startup Time": 41.324, "Actual Min Total Time": 0.005, "Actual Max Total Time": 41.326, "Actual Total Rows": 48, "Plans": [{"Node Type": "Seq Scan", "Parent Relationship": "Outer", "Relation Name": "company_type", "Alias": "ct", "Startup Cost": 0.0, "Total Cost": 1.03, "Plan Rows": 3, "Plan Width": 4, "Actual Min Startup Time": 0.01, "Actual Max Startup Time": 0.01, "Actual Min Total Time": 0.012, "Actual Max Total Time": 0.012, "Actual Total Rows": 3}]}]}]}]}, {"Node Type": "Hash", "Parent Relationship": "Inner", "Startup Cost": 40775.83, "Total Cost": 40775.83, "Plan Rows": 1748840, "Plan Width": 21, "Actual Min Startup Time": 249.391, "Actual Max Startup Time": 423.825, "Actual Min Total Time": 249.391, "Actual Max Total Time": 423.825, "Actual Total Rows": 1749032, "Max Hash Buckets": 131072, "Min Hash Buckets": 131072, "Max Hash Batches": 1, "Min Hash Batches": 1, "Max Original Hash Batches": 1, "Min Original Hash Batches": 1, "Max Peak Memory Usage": 5875, "min Peak Memory Usage": 5875, "Plans": [{"Node Type": "Streaming(type: LOCAL REDISTRIBUTE dop: 16/16)", "Parent Relationship": "Outer", "Startup Cost": 0.0, "Total Cost": 40775.83, "Plan Rows": 1748840, "Plan Width": 21, "Actual Min Startup Time": 0.055, "Actual Max Startup Time": 38.555, "Actual Min Total Time": 207.495, "Actual Max Total Time": 386.837, "Actual Total Rows": 1749032, "Plans": [{"Node Type": "Seq Scan", "Parent Relationship": "Outer", "Relation Name": "title", "Alias": "t", "Startup Cost": 0.0, "Total Cost": 19149.37, "Plan Rows": 1748840, "Plan Width": 21, "Actual Min Startup Time": 0.031, "Actual Max Startup Time": 0.05, "Actual Min Total Time": 64.362, "Actual Max Total Time": 71.656, "Actual Total Rows": 1749032, "Filter": "(production_year > 1990), (LLVM Optimized, Jit Execute)", "Rows Removed by Filter": 779279}]}]}]}]}]}]}, "Triggers": [], "Planner Runtime": 87.81, "Total Runtime": 1891.157, "Unique SQL Id": 3145361615}}, "(16, 39)": {"explain_plan": {"Plan": {"Node Type": "Aggregate", "Strategy": "Plain", "Startup Cost": 1963906.79, "Total Cost": 1963906.8, "Plan Rows": 1, "Plan Width": 97, "Plans": [{"Node Type": "Hash Join", "Parent Relationship": "Outer", "Join Type": "Inner", "Startup Cost": 1218973.64, "Total Cost": 1959059.72, "Plan Rows": 969413, "Plan Width": 33, "Inner Unique": true, "Hash Cond": "(mc.company_type_id = ct.id), (LLVM Optimized)", "Plans": [{"Node Type": "Hash Join", "Parent Relationship": "Outer", "Join Type": "Inner", "Startup Cost": 1218961.31, "Total Cost": 1945717.96, "Plan Rows": 969413, "Plan Width": 37, "Inner Unique": false, "Hash Cond": "(ci.movie_id = t.id), (LLVM Optimized)", "Plans": [{"Node Type": "Hash Join", "Parent Relationship": "Outer", "Join Type": "Inner", "Startup Cost": 909656.04, "Total Cost": 1624107.14, "Plan Rows": 696330, "Plan Width": 20, "Inner Unique": true, "Hash Cond": "(ci.role_id = rt.id), (LLVM Optimized)", "Plans": [{"Node Type": "Hash Join", "Parent Relationship": "Outer", "Join Type": "Inner", "Startup Cost": 909643.46, "Total Cost": 1614520.02, "Plan Rows": 696330, "Plan Width": 24, "Inner Unique": true, "Hash Cond": "(ci.person_role_id = chn.id), (LLVM Optimized)", "Plans": [{"Node Type": "Bitmap Heap Scan", "Parent Relationship": "Outer", "Relation Name": "cast_info", "Alias": "ci", "Startup Cost": 739944.83, "Total Cost": 1432471.5, "Plan Rows": 1436424, "Plan Width": 12, "Filter": "((note)::text ~~ '%(producer)%'::text), (LLVM Optimized)", "Plans": [{"Node Type": "Bitmap Index Scan", "Parent Relationship": "Outer", "Index Name": "person_role_id_cast_info", "Startup Cost": 0.0, "Total Cost": 739585.72, "Plan Rows": 36259494, "Plan Width": 0}]}, {"Node Type": "Hash", "Parent Relationship": "Inner", "Startup Cost": 130444.4, "Total Cost": 130444.4, "Plan Rows": 3140338, "Plan Width": 20, "Plans": [{"Node Type": "Bitmap Heap Scan", "Parent Relationship": "Outer", "Relation Name": "char_name", "Alias": "chn", "Startup Cost": 62951.02, "Total Cost": 130444.4, "Plan Rows": 3140338, "Plan Width": 20, "Plans": [{"Node Type": "Bitmap Index Scan", "Parent Relationship": "Outer", "Index Name": "char_name_pkey", "Startup Cost": 0.0, "Total Cost": 62165.94, "Plan Rows": 3140338, "Plan Width": 0}]}]}]}, {"Node Type": "Hash", "Parent Relationship": "Inner", "Startup Cost": 12.43, "Total Cost": 12.43, "Plan Rows": 12, "Plan Width": 4, "Plans": [{"Node Type": "Bitmap Heap Scan", "Parent Relationship": "Outer", "Relation Name": "role_type", "Alias": "rt", "Startup Cost": 8.31, "Total Cost": 12.43, "Plan Rows": 12, "Plan Width": 4, "Plans": [{"Node Type": "Bitmap Index Scan", "Parent Relationship": "Outer", "Index Name": "role_type_pkey", "Startup Cost": 0.0, "Total Cost": 8.31, "Plan Rows": 12, "Plan Width": 0}]}]}]}, {"Node Type": "Hash", "Parent Relationship": "Inner", "Startup Cost": 287098.71, "Total Cost": 287098.71, "Plan Rows": 1776525, "Plan Width": 29, "Plans": [{"Node Type": "Hash Join", "Parent Relationship": "Outer", "Join Type": "Inner", "Startup Cost": 200100.17, "Total Cost": 287098.71, "Plan Rows": 1776525, "Plan Width": 29, "Inner Unique": true, "Hash Cond": "(mc.movie_id = t.id), (LLVM Optimized)", "Plans": [{"Node Type": "Hash Join", "Parent Relationship": "Outer", "Join Type": "Inner", "Startup Cost": 61758.77, "Total Cost": 126183.39, "Plan Rows": 1282311, "Plan Width": 8, "Inner Unique": true, "Hash Cond": "(mc.company_id = cn.id), (LLVM Optimized)", "Plans": [{"Node Type": "Bitmap Heap Scan", "Parent Relationship": "Outer", "Relation Name": "movie_companies", "Alias": "mc", "Startup Cost": 51990.17, "Total Cost": 93807.45, "Plan Rows": 2609128, "Plan Width": 12, "Plans": [{"Node Type": "Bitmap Index Scan", "Parent Relationship": "Outer", "Index Name": "movie_id_movie_companies", "Startup Cost": 0.0, "Total Cost": 51337.89, "Plan Rows": 2609128, "Plan Width": 0}]}, {"Node Type": "Hash", "Parent Relationship": "Inner", "Startup Cost": 8703.97, "Total Cost": 8703.97, "Plan Rows": 85170, "Plan Width": 4, "Plans": [{"Node Type": "Bitmap Heap Scan", "Parent Relationship": "Outer", "Relation Name": "company_name", "Alias": "cn", "Startup Cost": 2800.52, "Total Cost": 8703.97, "Plan Rows": 85170, "Plan Width": 4, "Filter": "((country_code)::text = '[us]'::text)", "Plans": [{"Node Type": "Bitmap Index Scan", "Parent Relationship": "Outer", "Index Name": "company_name_pkey", "Startup Cost": 0.0, "Total Cost": 2779.23, "Plan Rows": 234996, "Plan Width": 0}]}]}]}, {"Node Type": "Hash", "Parent Relationship": "Inner", "Startup Cost": 116480.9, "Total Cost": 116480.9, "Plan Rows": 1748840, "Plan Width": 21, "Plans": [{"Node Type": "Bitmap Heap Scan", "Parent Relationship": "Outer", "Relation Name": "title", "Alias": "t", "Startup Cost": 50091.01, "Total Cost": 116480.9, "Plan Rows": 1748840, "Plan Width": 21, "Filter": "(production_year > 1990), (LLVM Optimized)", "Plans": [{"Node Type": "Bitmap Index Scan", "Parent Relationship": "Outer", "Index Name": "title_pkey", "Startup Cost": 0.0, "Total Cost": 49653.81, "Plan Rows": 2528311, "Plan Width": 0}]}]}]}]}]}, {"Node Type": "Hash", "Parent Relationship": "Inner", "Startup Cost": 12.3, "Total Cost": 12.3, "Plan Rows": 3, "Plan Width": 4, "Plans": [{"Node Type": "Bitmap Heap Scan", "Parent Relationship": "Outer", "Relation Name": "company_type", "Alias": "ct", "Startup Cost": 8.27, "Total Cost": 12.3, "Plan Rows": 3, "Plan Width": 4, "Plans": [{"Node Type": "Bitmap Index Scan", "Parent Relationship": "Outer", "Index Name": "company_type_pkey", "Startup Cost": 0.0, "Total Cost": 8.27, "Plan Rows": 3, "Plan Width": 0}]}]}]}]}, "Unique SQL Id": 3145361615}, "explain_analyze_plan": null}, "(16, 40)": {"explain_plan": {"Plan": {"Node Type": "Aggregate", "Strategy": "Plain", "Startup Cost": 272970.86, "Total Cost": 272970.88, "Plan Rows": 1, "Plan Width": 97, "Plans": [{"Node Type": "Streaming(type: LOCAL GATHER dop: 1/16)", "Parent Relationship": "Outer", "Startup Cost": 272970.86, "Total Cost": 272970.88, "Plan Rows": 1, "Plan Width": 97, "Plans": [{"Node Type": "Aggregate", "Strategy": "Plain", "Parent Relationship": "Outer", "Startup Cost": 272970.86, "Total Cost": 272970.87, "Plan Rows": 1, "Plan Width": 97, "Plans": [{"Node Type": "Hash Join", "Parent Relationship": "Outer", "Join Type": "Inner", "Startup Cost": 129833.14, "Total Cost": 268123.79, "Plan Rows": 969413, "Plan Width": 33, "Inner Unique": true, "Hash Cond": "(mc.movie_id = t.id), (LLVM Optimized)", "Plans": [{"Node Type": "Streaming(type: LOCAL REDISTRIBUTE dop: 16/16)", "Parent Relationship": "Outer", "Startup Cost": 118272.9, "Total Cost": 255793.67, "Plan Rows": 699731, "Plan Width": 24, "Plans": [{"Node Type": "Nested Loop", "Parent Relationship": "Outer", "Join Type": "Inner", "Startup Cost": 118272.9, "Total Cost": 238142.35, "Plan Rows": 699731, "Plan Width": 24, "Inner Unique": true, "Join Filter": "(mc.company_type_id = ct.id), (LLVM Optimized)", "Plans": [{"Node Type": "Hash Join", "Parent Relationship": "Outer", "Join Type": "Inner", "Startup Cost": 118272.9, "Total Cost": 221172.28, "Plan Rows": 699731, "Plan Width": 28, "Inner Unique": true, "Hash Cond": "(ci.person_role_id = chn.id), (LLVM Optimized)", "Plans": [{"Node Type": "Streaming(type: LOCAL REDISTRIBUTE dop: 16/16)", "Parent Relationship": "Outer", "Startup Cost": 104290.19, "Total Cost": 206413.94, "Plan Rows": 1443440, "Plan Width": 16, "Plans": [{"Node Type": "Hash Join", "Parent Relationship": "Outer", "Join Type": "Inner", "Startup Cost": 104290.19, "Total Cost": 185944.65, "Plan Rows": 1443440, "Plan Width": 16, "Inner Unique": false, "Hash Cond": "(ci.movie_id = mc.movie_id), (LLVM Optimized)", "Plans": [{"Node Type": "Streaming(type: LOCAL REDISTRIBUTE dop: 16/16)", "Parent Relationship": "Outer", "Startup Cost": 15005.41, "Total Cost": 94859.97, "Plan Rows": 1436424, "Plan Width": 8, "Plans": [{"Node Type": "Hash Join", "Parent Relationship": "Outer", "Join Type": "Inner", "Startup Cost": 15005.41, "Total Cost": 74417.27, "Plan Rows": 1436424, "Plan Width": 8, "Inner Unique": true, "Hash Cond": "(ci.role_id = rt.id), (LLVM Optimized)", "Plans": [{"Node Type": "Seq Scan", "Parent Relationship": "Outer", "Relation Name": "cast_info", "Alias": "ci", "Startup Cost": 0.0, "Total Cost": 58282.92, "Plan Rows": 1436424, "Plan Width": 12, "Filter": "((note)::text ~~ '%(producer)%'::text), (LLVM Optimized)"}, {"Node Type": "Hash", "Parent Relationship": "Inner", "Startup Cost": 15005.26, "Total Cost": 15005.26, "Plan Rows": 192, "Plan Width": 4, "Plans": [{"Node Type": "Streaming(type: BROADCAST dop: 16/1)", "Parent Relationship": "Outer", "Startup Cost": 0.0, "Total Cost": 15005.26, "Plan Rows": 192, "Plan Width": 4, "Plans": [{"Node Type": "Seq Scan", "Parent Relationship": "Outer", "Relation Name": "role_type", "Alias": "rt", "Startup Cost": 0.0, "Total Cost": 1.12, "Plan Rows": 12, "Plan Width": 4}]}]}]}]}, {"Node Type": "Hash", "Parent Relationship": "Inner", "Startup Cost": 88282.97, "Total Cost": 88282.97, "Plan Rows": 1282311, "Plan Width": 8, "Plans": [{"Node Type": "Streaming(type: LOCAL REDISTRIBUTE dop: 16/16)", "Parent Relationship": "Outer", "Startup Cost": 24511.53, "Total Cost": 88282.97, "Plan Rows": 1282311, "Plan Width": 8, "Plans": [{"Node Type": "Hash Join", "Parent Relationship": "Outer", "Join Type": "Inner", "Startup Cost": 24511.53, "Total Cost": 68424.21, "Plan Rows": 1282311, "Plan Width": 8, "Inner Unique": true, "Hash Cond": "(mc.company_id = cn.id), (LLVM Optimized)", "Plans": [{"Node Type": "Streaming(type: LOCAL REDISTRIBUTE dop: 16/16)", "Parent Relationship": "Outer", "Startup Cost": 0.0, "Total Cost": 42499.73, "Plan Rows": 2609128, "Plan Width": 12, "Plans": [{"Node Type": "Seq Scan", "Parent Relationship": "Outer", "Relation Name": "movie_companies", "Alias": "mc", "Startup Cost": 0.0, "Total Cost": 17613.58, "Plan Rows": 2609128, "Plan Width": 12}]}, {"Node Type": "Hash", "Parent Relationship": "Inner", "Startup Cost": 24444.99, "Total Cost": 24444.99, "Plan Rows": 85170, "Plan Width": 4, "Plans": [{"Node Type": "Streaming(type: LOCAL REDISTRIBUTE dop: 16/1)", "Parent Relationship": "Outer", "Startup Cost": 0.0, "Total Cost": 24444.99, "Plan Rows": 85170, "Plan Width": 4, "Plans": [{"Node Type": "Seq Scan", "Parent Relationship": "Outer", "Relation Name": "company_name", "Alias": "cn", "Startup Cost": 0.0, "Total Cost": 5903.45, "Plan Rows": 85170, "Plan Width": 4, "Filter": "((country_code)::text = '[us]'::text)"}]}]}]}]}]}]}]}, {"Node Type": "Hash", "Parent Relationship": "Inner", "Startup Cost": 46117.27, "Total Cost": 46117.27, "Plan Rows": 3140338, "Plan Width": 20, "Plans": [{"Node Type": "Streaming(type: LOCAL REDISTRIBUTE dop: 16/16)", "Parent Relationship": "Outer", "Startup Cost": 0.0, "Total Cost": 46117.27, "Plan Rows": 3140338, "Plan Width": 20, "Plans": [{"Node Type": "Seq Scan", "Parent Relationship": "Outer", "Relation Name": "char_name", "Alias": "chn", "Startup Cost": 0.0, "Total Cost": 19218.34, "Plan Rows": 3140338, "Plan Width": 20}]}]}]}, {"Node Type": "Materialize", "Parent Relationship": "Inner", "Startup Cost": 0.0, "Total Cost": 15002.08, "Plan Rows": 48, "Plan Width": 4, "Plans": [{"Node Type": "Streaming(type: BROADCAST dop: 16/1)", "Parent Relationship": "Outer", "Startup Cost": 0.0, "Total Cost": 15002.07, "Plan Rows": 48, "Plan Width": 4, "Plans": [{"Node Type": "Seq Scan", "Parent Relationship": "Outer", "Relation Name": "company_type", "Alias": "ct", "Startup Cost": 0.0, "Total Cost": 1.03, "Plan Rows": 3, "Plan Width": 4}]}]}]}]}, {"Node Type": "Hash", "Parent Relationship": "Inner", "Startup Cost": 40775.83, "Total Cost": 40775.83, "Plan Rows": 1748840, "Plan Width": 21, "Plans": [{"Node Type": "Streaming(type: LOCAL REDISTRIBUTE dop: 16/16)", "Parent Relationship": "Outer", "Startup Cost": 0.0, "Total Cost": 40775.83, "Plan Rows": 1748840, "Plan Width": 21, "Plans": [{"Node Type": "Seq Scan", "Parent Relationship": "Outer", "Relation Name": "title", "Alias": "t", "Startup Cost": 0.0, "Total Cost": 19149.37, "Plan Rows": 1748840, "Plan Width": 21, "Filter": "(production_year > 1990), (LLVM Optimized)"}]}]}]}]}]}]}, "Unique SQL Id": 3145361615}, "explain_analyze_plan": {"Plan": {"Node Type": "Aggregate", "Strategy": "Plain", "Startup Cost": 272970.86, "Total Cost": 272970.88, "Plan Rows": 1, "Plan Width": 97, "Actual Min Startup Time": 1851.442, "Actual Max Startup Time": 1851.442, "Actual Min Total Time": 1851.442, "Actual Max Total Time": 1851.442, "Actual Total Rows": 1, "Plans": [{"Node Type": "Streaming(type: LOCAL GATHER dop: 1/16)", "Parent Relationship": "Outer", "Startup Cost": 272970.86, "Total Cost": 272970.88, "Plan Rows": 1, "Plan Width": 97, "Actual Min Startup Time": 1850.571, "Actual Max Startup Time": 1850.571, "Actual Min Total Time": 1851.421, "Actual Max Total Time": 1851.421, "Actual Total Rows": 16, "Plans": [{"Node Type": "Aggregate", "Strategy": "Plain", "Parent Relationship": "Outer", "Startup Cost": 272970.86, "Total Cost": 272970.87, "Plan Rows": 1, "Plan Width": 97, "Actual Min Startup Time": 1528.987, "Actual Max Startup Time": 1703.473, "Actual Min Total Time": 1528.988, "Actual Max Total Time": 1703.473, "Actual Total Rows": 16, "Plans": [{"Node Type": "Hash Join", "Parent Relationship": "Outer", "Join Type": "Inner", "Startup Cost": 129833.14, "Total Cost": 268123.79, "Plan Rows": 969413, "Plan Width": 33, "Actual Min Startup Time": 1526.266, "Actual Max Startup Time": 1700.688, "Actual Min Total Time": 1528.951, "Actual Max Total Time": 1703.451, "Actual Total Rows": 4, "Inner Unique": true, "Hash Cond": "(mc.movie_id = t.id), (LLVM Optimized, Jit Execute)", "Plans": [{"Node Type": "Streaming(type: LOCAL REDISTRIBUTE dop: 16/16)", "Parent Relationship": "Outer", "Startup Cost": 118272.9, "Total Cost": 255793.67, "Plan Rows": 699731, "Plan Width": 24, "Actual Min Startup Time": 1276.696, "Actual Max Startup Time": 1279.511, "Actual Min Total Time": 1279.291, "Actual Max Total Time": 1279.511, "Actual Total Rows": 6, "Plans": [{"Node Type": "Nested Loop", "Parent Relationship": "Outer", "Join Type": "Inner", "Startup Cost": 118272.9, "Total Cost": 238142.35, "Plan Rows": 699731, "Plan Width": 24, "Actual Min Startup Time": 1525.547, "Actual Max Startup Time": 1741.741, "Actual Min Total Time": 1530.314, "Actual Max Total Time": 1741.741, "Actual Total Rows": 6, "Inner Unique": true, "Join Filter": "(mc.company_type_id = ct.id), (LLVM Optimized, Jit Execute)", "Rows Removed by Join Filter": 24, "Plans": [{"Node Type": "Hash Join", "Parent Relationship": "Outer", "Join Type": "Inner", "Startup Cost": 118272.9, "Total Cost": 221172.28, "Plan Rows": 699731, "Plan Width": 28, "Actual Min Startup Time": 1525.521, "Actual Max Startup Time": 1698.406, "Actual Min Total Time": 1528.408, "Actual Max Total Time": 1698.406, "Actual Total Rows": 14, "Inner Unique": true, "Hash Cond": "(ci.person_role_id = chn.id), (LLVM Optimized, Jit Execute)", "Plans": [{"Node Type": "Streaming(type: LOCAL REDISTRIBUTE dop: 16/16)", "Parent Relationship": "Outer", "Startup Cost": 104290.19, "Total Cost": 206413.94, "Plan Rows": 1443440, "Plan Width": 16, "Actual Min Startup Time": 267.19, "Actual Max Startup Time": 1139.907, "Actual Min Total Time": 1010.82, "Actual Max Total Time": 1139.907, "Actual Total Rows": 1210267, "Plans": [{"Node Type": "Hash Join", "Parent Relationship": "Outer", "Join Type": "Inner", "Startup Cost": 104290.19, "Total Cost": 185944.65, "Plan Rows": 1443440, "Plan Width": 16, "Actual Min Startup Time": 654.515, "Actual Max Startup Time": 766.246, "Actual Min Total Time": 1227.175, "Actual Max Total Time": 1347.946, "Actual Total Rows": 1210267, "Inner Unique": false, "Hash Cond": "(ci.movie_id = mc.movie_id), (LLVM Optimized, Jit Execute)", "Plans": [{"Node Type": "Streaming(type: LOCAL REDISTRIBUTE dop: 16/16)", "Parent Relationship": "Outer", "Startup Cost": 15005.41, "Total Cost": 94859.97, "Plan Rows": 1436424, "Plan Width": 8, "Actual Min Startup Time": 0.061, "Actual Max Startup Time": 2.164, "Actual Min Total Time": 507.946, "Actual Max Total Time": 533.999, "Actual Total Rows": 1435439, "Plans": [{"Node Type": "Hash Join", "Parent Relationship": "Outer", "Join Type": "Inner", "Startup Cost": 15005.41, "Total Cost": 74417.27, "Plan Rows": 1436424, "Plan Width": 8, "Actual Min Startup Time": 44.415, "Actual Max Startup Time": 359.164, "Actual Min Total Time": 727.868, "Actual Max Total Time": 791.24, "Actual Total Rows": 1435439, "Inner Unique": true, "Hash Cond": "(ci.role_id = rt.id), (LLVM Optimized, Jit Execute)", "Plans": [{"Node Type": "Seq Scan", "Parent Relationship": "Outer", "Relation Name": "cast_info", "Alias": "ci", "Startup Cost": 0.0, "Total Cost": 58282.92, "Plan Rows": 1436424, "Plan Width": 12, "Actual Min Startup Time": 44.315, "Actual Max Startup Time": 359.045, "Actual Min Total Time": 683.134, "Actual Max Total Time": 746.581, "Actual Total Rows": 1435439, "Filter": "((note)::text ~~ '%(producer)%'::text), (LLVM Optimized, Jit Execute)", "Rows Removed by Filter": 34808904}, {"Node Type": "Hash", "Parent Relationship": "Inner", "Startup Cost": 15005.26, "Total Cost": 15005.26, "Plan Rows": 192, "Plan Width": 4, "Actual Min Startup Time": 0.018, "Actual Max Startup Time": 0.098, "Actual Min Total Time": 0.018, "Actual Max Total Time": 0.098, "Actual Total Rows": 192, "Max Hash Buckets": 32768, "Min Hash Buckets": 32768, "Max Hash Batches": 1, "Min Hash Batches": 1, "Max Original Hash Batches": 1, "Min Original Hash Batches": 1, "Max Peak Memory Usage": 1, "min Peak Memory Usage": 1, "Plans": [{"Node Type": "Streaming(type: BROADCAST dop: 16/1)", "Parent Relationship": "Outer", "Startup Cost": 0.0, "Total Cost": 15005.26, "Plan Rows": 192, "Plan Width": 4, "Actual Min Startup Time": 0.005, "Actual Max Startup Time": 0.016, "Actual Min Total Time": 0.006, "Actual Max Total Time": 0.019, "Actual Total Rows": 192, "Plans": [{"Node Type": "Seq Scan", "Parent Relationship": "Outer", "Relation Name": "role_type", "Alias": "rt", "Startup Cost": 0.0, "Total Cost": 1.12, "Plan Rows": 12, "Plan Width": 4, "Actual Min Startup Time": 0.012, "Actual Max Startup Time": 0.012, "Actual Min Total Time": 0.017, "Actual Max Total Time": 0.017, "Actual Total Rows": 12}]}]}]}]}, {"Node Type": "Hash", "Parent Relationship": "Inner", "Startup Cost": 88282.97, "Total Cost": 88282.97, "Plan Rows": 1282311, "Plan Width": 8, "Actual Min Startup Time": 654.343, "Actual Max Startup Time": 766.036, "Actual Min Total Time": 654.343, "Actual Max Total Time": 766.036, "Actual Total Rows": 1153797, "Max Hash Buckets": 131072, "Min Hash Buckets": 131072, "Max Hash Batches": 1, "Min Hash Batches": 1, "Max Original Hash Batches": 1, "Min Original Hash Batches": 1, "Max Peak Memory Usage": 2824, "min Peak Memory Usage": 2824, "Plans": [{"Node Type": "Streaming(type: LOCAL REDISTRIBUTE dop: 16/16)", "Parent Relationship": "Outer", "Startup Cost": 24511.53, "Total Cost": 88282.97, "Plan Rows": 1282311, "Plan Width": 8, "Actual Min Startup Time": 210.935, "Actual Max Startup Time": 322.34, "Actual Min Total Time": 636.024, "Actual Max Total Time": 745.671, "Actual Total Rows": 1153797, "Plans": [{"Node Type": "Hash Join", "Parent Relationship": "Outer", "Join Type": "Inner", "Startup Cost": 24511.53, "Total Cost": 68424.21, "Plan Rows": 1282311, "Plan Width": 8, "Actual Min Startup Time": 208.859, "Actual Max Startup Time": 395.904, "Actual Min Total Time": 531.724, "Actual Max Total Time": 761.672, "Actual Total Rows": 1153797, "Inner Unique": true, "Hash Cond": "(mc.company_id = cn.id), (LLVM Optimized, Jit Execute)", "Plans": [{"Node Type": "Streaming(type: LOCAL REDISTRIBUTE dop: 16/16)", "Parent Relationship": "Outer", "Startup Cost": 0.0, "Total Cost": 42499.73, "Plan Rows": 2609128, "Plan Width": 12, "Actual Min Startup Time": 0.057, "Actual Max Startup Time": 1.428, "Actual Min Total Time": 262.232, "Actual Max Total Time": 340.091, "Actual Total Rows": 2609128, "Plans": [{"Node Type": "Seq Scan", "Parent Relationship": "Outer", "Relation Name": "movie_companies", "Alias": "mc", "Startup Cost": 0.0, "Total Cost": 17613.58, "Plan Rows": 2609128, "Plan Width": 12, "Actual Min Startup Time": 0.026, "Actual Max Startup Time": 0.043, "Actual Min Total Time": 41.08, "Actual Max Total Time": 51.061, "Actual Total Rows": 2609128}]}, {"Node Type": "Hash", "Parent Relationship": "Inner", "Startup Cost": 24444.99, "Total Cost": 24444.99, "Plan Rows": 85170, "Plan Width": 4, "Actual Min Startup Time": 208.731, "Actual Max Startup Time": 394.761, "Actual Min Total Time": 208.731, "Actual Max Total Time": 394.761, "Actual Total Rows": 84843, "Max Hash Buckets": 32768, "Min Hash Buckets": 32768, "Max Hash Batches": 1, "Min Hash Batches": 1, "Max Original Hash Batches": 1, "Min Original Hash Batches": 1, "Max Peak Memory Usage": 182, "min Peak Memory Usage": 182, "Plans": [{"Node Type": "Streaming(type: LOCAL REDISTRIBUTE dop: 16/1)", "Parent Relationship": "Outer", "Startup Cost": 0.0, "Total Cost": 24444.99, "Plan Rows": 85170, "Plan Width": 4, "Actual Min Startup Time": 0.043, "Actual Max Startup Time": 186.918, "Actual Min Total Time": 206.926, "Actual Max Total Time": 392.009, "Actual Total Rows": 84843, "Plans": [{"Node Type": "Seq Scan", "Parent Relationship": "Outer", "Relation Name": "company_name", "Alias": "cn", "Startup Cost": 0.0, "Total Cost": 5903.45, "Plan Rows": 85170, "Plan Width": 4, "Actual Min Startup Time": 0.05, "Actual Max Startup Time": 0.05, "Actual Min Total Time": 99.773, "Actual Max Total Time": 99.773, "Actual Total Rows": 84843, "Filter": "((country_code)::text = '[us]'::text)", "Rows Removed by Filter": 150153}]}]}]}]}]}]}]}, {"Node Type": "Hash", "Parent Relationship": "Inner", "Startup Cost": 46117.27, "Total Cost": 46117.27, "Plan Rows": 3140338, "Plan Width": 20, "Actual Min Startup Time": 388.375, "Actual Max Startup Time": 558.238, "Actual Min Total Time": 388.375, "Actual Max Total Time": 558.238, "Actual Total Rows": 3140338, "Max Hash Buckets": 262144, "Min Hash Buckets": 262144, "Max Hash Batches": 1, "Min Hash Batches": 1, "Max Original Hash Batches": 1, "Min Original Hash Batches": 1, "Max Peak Memory Usage": 10347, "min Peak Memory Usage": 10347, "Plans": [{"Node Type": "Streaming(type: LOCAL REDISTRIBUTE dop: 16/16)", "Parent Relationship": "Outer", "Startup Cost": 0.0, "Total Cost": 46117.27, "Plan Rows": 3140338, "Plan Width": 20, "Actual Min Startup Time": 0.051, "Actual Max Startup Time": 17.737, "Actual Min Total Time": 300.722, "Actual Max Total Time": 467.746, "Actual Total Rows": 3140338, "Plans": [{"Node Type": "Seq Scan", "Parent Relationship": "Outer", "Relation Name": "char_name", "Alias": "chn", "Startup Cost": 0.0, "Total Cost": 19218.34, "Plan Rows": 3140338, "Plan Width": 20, "Actual Min Startup Time": 0.018, "Actual Max Startup Time": 0.033, "Actual Min Total Time": 57.62, "Actual Max Total Time": 68.173, "Actual Total Rows": 3140338}]}]}]}, {"Node Type": "Materialize", "Parent Relationship": "Inner", "Startup Cost": 0.0, "Total Cost": 15002.08, "Plan Rows": 48, "Plan Width": 4, "Actual Min Startup Time": 0.008, "Actual Max Startup Time": 41.332, "Actual Min Total Time": 0.008, "Actual Max Total Time": 41.332, "Actual Total Rows": 46, "Plans": [{"Node Type": "Streaming(type: BROADCAST dop: 16/1)", "Parent Relationship": "Outer", "Startup Cost": 0.0, "Total Cost": 15002.07, "Plan Rows": 48, "Plan Width": 4, "Actual Min Startup Time": 0.004, "Actual Max Startup Time": 41.324, "Actual Min Total Time": 0.005, "Actual Max Total Time": 41.326, "Actual Total Rows": 48, "Plans": [{"Node Type": "Seq Scan", "Parent Relationship": "Outer", "Relation Name": "company_type", "Alias": "ct", "Startup Cost": 0.0, "Total Cost": 1.03, "Plan Rows": 3, "Plan Width": 4, "Actual Min Startup Time": 0.01, "Actual Max Startup Time": 0.01, "Actual Min Total Time": 0.012, "Actual Max Total Time": 0.012, "Actual Total Rows": 3}]}]}]}]}, {"Node Type": "Hash", "Parent Relationship": "Inner", "Startup Cost": 40775.83, "Total Cost": 40775.83, "Plan Rows": 1748840, "Plan Width": 21, "Actual Min Startup Time": 249.391, "Actual Max Startup Time": 423.825, "Actual Min Total Time": 249.391, "Actual Max Total Time": 423.825, "Actual Total Rows": 1749032, "Max Hash Buckets": 131072, "Min Hash Buckets": 131072, "Max Hash Batches": 1, "Min Hash Batches": 1, "Max Original Hash Batches": 1, "Min Original Hash Batches": 1, "Max Peak Memory Usage": 5875, "min Peak Memory Usage": 5875, "Plans": [{"Node Type": "Streaming(type: LOCAL REDISTRIBUTE dop: 16/16)", "Parent Relationship": "Outer", "Startup Cost": 0.0, "Total Cost": 40775.83, "Plan Rows": 1748840, "Plan Width": 21, "Actual Min Startup Time": 0.055, "Actual Max Startup Time": 38.555, "Actual Min Total Time": 207.495, "Actual Max Total Time": 386.837, "Actual Total Rows": 1749032, "Plans": [{"Node Type": "Seq Scan", "Parent Relationship": "Outer", "Relation Name": "title", "Alias": "t", "Startup Cost": 0.0, "Total Cost": 19149.37, "Plan Rows": 1748840, "Plan Width": 21, "Actual Min Startup Time": 0.031, "Actual Max Startup Time": 0.05, "Actual Min Total Time": 64.362, "Actual Max Total Time": 71.656, "Actual Total Rows": 1749032, "Filter": "(production_year > 1990), (LLVM Optimized, Jit Execute)", "Rows Removed by Filter": 779279}]}]}]}]}]}]}, "Triggers": [], "Planner Runtime": 87.81, "Total Runtime": 1891.157, "Unique SQL Id": 3145361615}}, "(16, 41)": {"explain_plan": {"Plan": {"Node Type": "Aggregate", "Strategy": "Plain", "Startup Cost": 1360652.94, "Total Cost": 1360652.97, "Plan Rows": 1, "Plan Width": 97, "Plans": [{"Node Type": "Streaming(type: LOCAL GATHER dop: 1/16)", "Parent Relationship": "Outer", "Startup Cost": 1360652.94, "Total Cost": 1360652.97, "Plan Rows": 1, "Plan Width": 97, "Plans": [{"Node Type": "Aggregate", "Strategy": "Plain", "Parent Relationship": "Outer", "Startup Cost": 1360652.94, "Total Cost": 1360652.95, "Plan Rows": 1, "Plan Width": 97, "Plans": [{"Node Type": "Hash Join", "Parent Relationship": "Outer", "Join Type": "Inner", "Startup Cost": 213530.75, "Total Cost": 1355805.88, "Plan Rows": 969413, "Plan Width": 33, "Inner Unique": true, "Hash Cond": "(mc.movie_id = t.id), (LLVM Optimized)", "Plans": [{"Node Type": "Streaming(type: LOCAL REDISTRIBUTE dop: 16/16)", "Parent Relationship": "Outer", "Startup Cost": 181304.7, "Total Cost": 1322809.94, "Plan Rows": 699731, "Plan Width": 24, "Plans": [{"Node Type": "Nested Loop", "Parent Relationship": "Outer", "Join Type": "Inner", "Startup Cost": 181304.7, "Total Cost": 1305158.62, "Plan Rows": 699731, "Plan Width": 24, "Inner Unique": true, "Join Filter": "(ci.role_id = rt.id), (LLVM Optimized)", "Plans": [{"Node Type": "Nested Loop", "Parent Relationship": "Outer", "Join Type": "Inner", "Startup Cost": 181304.7, "Total Cost": 1282274.04, "Plan Rows": 699731, "Plan Width": 28, "Inner Unique": true, "Join Filter": "(mc.company_type_id = ct.id), (LLVM Optimized)", "Plans": [{"Node Type": "Hash Join", "Parent Relationship": "Outer", "Join Type": "Inner", "Startup Cost": 181304.7, "Total Cost": 1265296.71, "Plan Rows": 699731, "Plan Width": 32, "Inner Unique": true, "Hash Cond": "(mc.company_id = cn.id), (LLVM Optimized)", "Plans": [{"Node Type": "Streaming(type: LOCAL REDISTRIBUTE dop: 16/16)", "Parent Relationship": "Outer", "Startup Cost": 173977.43, "Total Cost": 1257198.42, "Plan Rows": 1423748, "Plan Width": 36, "Plans": [{"Node Type": "Hash Join", "Parent Relationship": "Outer", "Join Type": "Inner", "Startup Cost": 173977.43, "Total Cost": 1236803.75, "Plan Rows": 1423748, "Plan Width": 36, "Inner Unique": false, "Hash Cond": "(ci.movie_id = mc.movie_id), (LLVM Optimized)", "Plans": [{"Node Type": "Streaming(type: LOCAL REDISTRIBUTE dop: 16/16)", "Parent Relationship": "Outer", "Startup Cost": 144787.11, "Total Cost": 1205907.57, "Plan Rows": 696330, "Plan Width": 24, "Plans": [{"Node Type": "Hash Join", "Parent Relationship": "Outer", "Join Type": "Inner", "Startup Cost": 144787.11, "Total Cost": 1188269.13, "Plan Rows": 696330, "Plan Width": 24, "Inner Unique": true, "Hash Cond": "(ci.person_role_id = chn.id), (LLVM Optimized)", "Plans": [{"Node Type": "Streaming(type: LOCAL REDISTRIBUTE dop: 16/16)", "Parent Relationship": "Outer", "Startup Cost": 0.0, "Total Cost": 1042710.15, "Plan Rows": 1436424, "Plan Width": 12, "Plans": [{"Node Type": "Index Scan", "Parent Relationship": "Outer", "Scan Direction": "Forward", "Index Name": "role_id_cast_info", "Relation Name": "cast_info", "Alias": "ci", "Startup Cost": 0.0, "Total Cost": 1022267.45, "Plan Rows": 1436424, "Plan Width": 12, "Filter": "((note)::text ~~ '%(producer)%'::text), (LLVM Optimized)"}]}, {"Node Type": "Hash", "Parent Relationship": "Inner", "Startup Cost": 142333.72, "Total Cost": 142333.72, "Plan Rows": 3140338, "Plan Width": 20, "Plans": [{"Node Type": "Streaming(type: LOCAL REDISTRIBUTE dop: 16/16)", "Parent Relationship": "Outer", "Startup Cost": 0.0, "Total Cost": 142333.72, "Plan Rows": 3140338, "Plan Width": 20, "Plans": [{"Node Type": "Index Scan", "Parent Relationship": "Outer", "Scan Direction": "Forward", "Index Name": "char_name_pkey", "Relation Name": "char_name", "Alias": "chn", "Startup Cost": 0.0, "Total Cost": 115434.79, "Plan Rows": 3140338, "Plan Width": 20}]}]}]}]}, {"Node Type": "Hash", "Parent Relationship": "Inner", "Startup Cost": 108607.74, "Total Cost": 108607.74, "Plan Rows": 2609128, "Plan Width": 12, "Plans": [{"Node Type": "Streaming(type: LOCAL REDISTRIBUTE dop: 16/16)", "Parent Relationship": "Outer", "Startup Cost": 0.0, "Total Cost": 108607.74, "Plan Rows": 2609128, "Plan Width": 12, "Plans": [{"Node Type": "Index Scan", "Parent Relationship": "Outer", "Scan Direction": "Forward", "Index Name": "company_type_id_movie_companies", "Relation Name": "movie_companies", "Alias": "mc", "Startup Cost": 0.0, "Total Cost": 83721.6, "Plan Rows": 2609128, "Plan Width": 12}]}]}]}]}, {"Node Type": "Hash", "Parent Relationship": "Inner", "Startup Cost": 29042.93, "Total Cost": 29042.93, "Plan Rows": 85170, "Plan Width": 4, "Plans": [{"Node Type": "Streaming(type: LOCAL REDISTRIBUTE dop: 16/1)", "Parent Relationship": "Outer", "Startup Cost": 0.0, "Total Cost": 29042.93, "Plan Rows": 85170, "Plan Width": 4, "Plans": [{"Node Type": "Index Scan", "Parent Relationship": "Outer", "Scan Direction": "Forward", "Index Name": "company_name_pkey", "Relation Name": "company_name", "Alias": "cn", "Startup Cost": 0.0, "Total Cost": 10501.39, "Plan Rows": 85170, "Plan Width": 4, "Filter": "((country_code)::text = '[us]'::text)"}]}]}]}, {"Node Type": "Materialize", "Parent Relationship": "Inner", "Startup Cost": 0.0, "Total Cost": 15009.35, "Plan Rows": 48, "Plan Width": 4, "Plans": [{"Node Type": "Streaming(type: BROADCAST dop: 16/1)", "Parent Relationship": "Outer", "Startup Cost": 0.0, "Total Cost": 15009.33, "Plan Rows": 48, "Plan Width": 4, "Plans": [{"Node Type": "Index Only Scan", "Parent Relationship": "Outer", "Scan Direction": "Forward", "Index Name": "company_type_pkey", "Relation Name": "company_type", "Alias": "ct", "Startup Cost": 0.0, "Total Cost": 8.29, "Plan Rows": 3, "Plan Width": 4}]}]}]}, {"Node Type": "Materialize", "Parent Relationship": "Inner", "Startup Cost": 0.0, "Total Cost": 15012.63, "Plan Rows": 192, "Plan Width": 4, "Plans": [{"Node Type": "Streaming(type: BROADCAST dop: 16/1)", "Parent Relationship": "Outer", "Startup Cost": 0.0, "Total Cost": 15012.57, "Plan Rows": 192, "Plan Width": 4, "Plans": [{"Node Type": "Index Only Scan", "Parent Relationship": "Outer", "Scan Direction": "Forward", "Index Name": "role_type_pkey", "Relation Name": "role_type", "Alias": "rt", "Startup Cost": 0.0, "Total Cost": 8.43, "Plan Rows": 12, "Plan Width": 4}]}]}]}]}, {"Node Type": "Hash", "Parent Relationship": "Inner", "Startup Cost": 123439.09, "Total Cost": 123439.09, "Plan Rows": 1748840, "Plan Width": 21, "Plans": [{"Node Type": "Streaming(type: LOCAL REDISTRIBUTE dop: 16/16)", "Parent Relationship": "Outer", "Startup Cost": 0.0, "Total Cost": 123439.09, "Plan Rows": 1748840, "Plan Width": 21, "Plans": [{"Node Type": "Index Scan", "Parent Relationship": "Outer", "Scan Direction": "Forward", "Index Name": "title_pkey", "Relation Name": "title", "Alias": "t", "Startup Cost": 0.0, "Total Cost": 101812.62, "Plan Rows": 1748840, "Plan Width": 21, "Filter": "(production_year > 1990), (LLVM Optimized)"}]}]}]}]}]}]}, "Unique SQL Id": 3145361615}, "explain_analyze_plan": {"Plan": {"Node Type": "Aggregate", "Strategy": "Plain", "Startup Cost": 1360652.94, "Total Cost": 1360652.97, "Plan Rows": 1, "Plan Width": 97, "Actual Min Startup Time": 3483.601, "Actual Max Startup Time": 3483.601, "Actual Min Total Time": 3483.601, "Actual Max Total Time": 3483.601, "Actual Total Rows": 1, "Plans": [{"Node Type": "Streaming(type: LOCAL GATHER dop: 1/16)", "Parent Relationship": "Outer", "Startup Cost": 1360652.94, "Total Cost": 1360652.97, "Plan Rows": 1, "Plan Width": 97, "Actual Min Startup Time": 3482.455, "Actual Max Startup Time": 3482.455, "Actual Min Total Time": 3483.558, "Actual Max Total Time": 3483.558, "Actual Total Rows": 16, "Plans": [{"Node Type": "Aggregate", "Strategy": "Plain", "Parent Relationship": "Outer", "Startup Cost": 1360652.94, "Total Cost": 1360652.95, "Plan Rows": 1, "Plan Width": 97, "Actual Min Startup Time": 3129.838, "Actual Max Startup Time": 3230.444, "Actual Min Total Time": 3129.838, "Actual Max Total Time": 3230.444, "Actual Total Rows": 16, "Plans": [{"Node Type": "Hash Join", "Parent Relationship": "Outer", "Join Type": "Inner", "Startup Cost": 213530.75, "Total Cost": 1355805.88, "Plan Rows": 969413, "Plan Width": 33, "Actual Min Startup Time": 3129.832, "Actual Max Startup Time": 3230.415, "Actual Min Total Time": 3129.832, "Actual Max Total Time": 3230.429, "Actual Total Rows": 4, "Inner Unique": true, "Hash Cond": "(mc.movie_id = t.id), (LLVM Optimized, Jit Execute)", "Plans": [{"Node Type": "Streaming(type: LOCAL REDISTRIBUTE dop: 16/16)", "Parent Relationship": "Outer", "Startup Cost": 181304.7, "Total Cost": 1322809.94, "Plan Rows": 699731, "Plan Width": 24, "Actual Min Startup Time": 2473.728, "Actual Max Startup Time": 2475.052, "Actual Min Total Time": 2474.928, "Actual Max Total Time": 2475.052, "Actual Total Rows": 6, "Plans": [{"Node Type": "Nested Loop", "Parent Relationship": "Outer", "Join Type": "Inner", "Startup Cost": 181304.7, "Total Cost": 1305158.62, "Plan Rows": 699731, "Plan Width": 24, "Actual Min Startup Time": 3128.977, "Actual Max Startup Time": 3264.93, "Actual Min Total Time": 3128.977, "Actual Max Total Time": 3264.93, "Actual Total Rows": 6, "Inner Unique": true, "Join Filter": "(ci.role_id = rt.id), (LLVM Optimized, Jit Execute)", "Rows Removed by Join Filter": 0, "Plans": [{"Node Type": "Nested Loop", "Parent Relationship": "Outer", "Join Type": "Inner", "Startup Cost": 181304.7, "Total Cost": 1282274.04, "Plan Rows": 699731, "Plan Width": 28, "Actual Min Startup Time": 3128.954, "Actual Max Startup Time": 3264.893, "Actual Min Total Time": 3128.954, "Actual Max Total Time": 3264.893, "Actual Total Rows": 6, "Inner Unique": true, "Join Filter": "(mc.company_type_id = ct.id), (LLVM Optimized, Jit Execute)", "Rows Removed by Join Filter": 24, "Plans": [{"Node Type": "Hash Join", "Parent Relationship": "Outer", "Join Type": "Inner", "Startup Cost": 181304.7, "Total Cost": 1265296.71, "Plan Rows": 699731, "Plan Width": 32, "Actual Min Startup Time": 3128.924, "Actual Max Startup Time": 3264.861, "Actual Min Total Time": 3128.924, "Actual Max Total Time": 3264.861, "Actual Total Rows": 14, "Inner Unique": true, "Hash Cond": "(mc.company_id = cn.id), (LLVM Optimized, Jit Execute)", "Plans": [{"Node Type": "Streaming(type: LOCAL REDISTRIBUTE dop: 16/16)", "Parent Relationship": "Outer", "Startup Cost": 173977.43, "Total Cost": 1257198.42, "Plan Rows": 1423748, "Plan Width": 36, "Actual Min Startup Time": 2596.416, "Actual Max Startup Time": 2597.986, "Actual Min Total Time": 2597.879, "Actual Max Total Time": 2597.986, "Actual Total Rows": 31, "Plans": [{"Node Type": "Hash Join", "Parent Relationship": "Outer", "Join Type": "Inner", "Startup Cost": 173977.43, "Total Cost": 1236803.75, "Plan Rows": 1423748, "Plan Width": 36, "Actual Min Startup Time": 3125.994, "Actual Max Startup Time": 3244.773, "Actual Min Total Time": 3127.248, "Actual Max Total Time": 3244.773, "Actual Total Rows": 31, "Inner Unique": false, "Hash Cond": "(ci.movie_id = mc.movie_id), (LLVM Optimized, Jit Execute)", "Plans": [{"Node Type": "Streaming(type: LOCAL REDISTRIBUTE dop: 16/16)", "Parent Relationship": "Outer", "Startup Cost": 144787.11, "Total Cost": 1205907.57, "Plan Rows": 696330, "Plan Width": 24, "Actual Min Startup Time": 2649.679, "Actual Max Startup Time": 2651.084, "Actual Min Total Time": 2650.884, "Actual Max Total Time": 2651.084, "Actual Total Rows": 15, "Plans": [{"Node Type": "Hash Join", "Parent Relationship": "Outer", "Join Type": "Inner", "Startup Cost": 144787.11, "Total Cost": 1188269.13, "Plan Rows": 696330, "Plan Width": 24, "Actual Min Startup Time": 1386.841, "Actual Max Startup Time": 3237.858, "Actual Min Total Time": 3129.415, "Actual Max Total Time": 3237.858, "Actual Total Rows": 15, "Inner Unique": true, "Hash Cond": "(ci.person_role_id = chn.id), (LLVM Optimized, Jit Execute)", "Plans": [{"Node Type": "Streaming(type: LOCAL REDISTRIBUTE dop: 16/16)", "Parent Relationship": "Outer", "Startup Cost": 0.0, "Total Cost": 1042710.15, "Plan Rows": 1436424, "Plan Width": 12, "Actual Min Startup Time": 0.154, "Actual Max Startup Time": 2322.509, "Actual Min Total Time": 2167.541, "Actual Max Total Time": 2322.509, "Actual Total Rows": 1435439, "Plans": [{"Node Type": "Index Scan", "Parent Relationship": "Outer", "Scan Direction": "Forward", "Index Name": "role_id_cast_info", "Relation Name": "cast_info", "Alias": "ci", "Startup Cost": 0.0, "Total Cost": 1022267.45, "Plan Rows": 1436424, "Plan Width": 12, "Actual Min Startup Time": 349.131, "Actual Max Startup Time": 1956.792, "Actual Min Total Time": 1385.332, "Actual Max Total Time": 2033.223, "Actual Total Rows": 1435439, "Filter": "((note)::text ~~ '%(producer)%'::text), (LLVM Optimized, Jit Execute)", "Rows Removed by Filter": 34808904}]}, {"Node Type": "Hash", "Parent Relationship": "Inner", "Startup Cost": 142333.72, "Total Cost": 142333.72, "Plan Rows": 3140338, "Plan Width": 20, "Actual Min Startup Time": 806.724, "Actual Max Startup Time": 915.053, "Actual Min Total Time": 806.724, "Actual Max Total Time": 915.053, "Actual Total Rows": 3140338, "Max Hash Buckets": 262144, "Min Hash Buckets": 262144, "Max Hash Batches": 1, "Min Hash Batches": 1, "Max Original Hash Batches": 1, "Min Original Hash Batches": 1, "Max Peak Memory Usage": 10347, "min Peak Memory Usage": 10347, "Plans": [{"Node Type": "Streaming(type: LOCAL REDISTRIBUTE dop: 16/16)", "Parent Relationship": "Outer", "Startup Cost": 0.0, "Total Cost": 142333.72, "Plan Rows": 3140338, "Plan Width": 20, "Actual Min Startup Time": 0.053, "Actual Max Startup Time": 2.328, "Actual Min Total Time": 696.571, "Actual Max Total Time": 803.633, "Actual Total Rows": 3140338, "Plans": [{"Node Type": "Index Scan", "Parent Relationship": "Outer", "Scan Direction": "Forward", "Index Name": "char_name_pkey", "Relation Name": "char_name", "Alias": "chn", "Startup Cost": 0.0, "Total Cost": 115434.79, "Plan Rows": 3140338, "Plan Width": 20, "Actual Min Startup Time": 19.085, "Actual Max Startup Time": 103.413, "Actual Min Total Time": 365.271, "Actual Max Total Time": 552.265, "Actual Total Rows": 3140338}]}]}]}]}, {"Node Type": "Hash", "Parent Relationship": "Inner", "Startup Cost": 108607.74, "Total Cost": 108607.74, "Plan Rows": 2609128, "Plan Width": 12, "Actual Min Startup Time": 476.023, "Actual Max Startup Time": 593.479, "Actual Min Total Time": 476.023, "Actual Max Total Time": 593.479, "Actual Total Rows": 2609128, "Max Hash Buckets": 262144, "Min Hash Buckets": 262144, "Max Hash Batches": 1, "Min Hash Batches": 1, "Max Original Hash Batches": 1, "Min Original Hash Batches": 1, "Max Peak Memory Usage": 7036, "min Peak Memory Usage": 7036, "Plans": [{"Node Type": "Streaming(type: LOCAL REDISTRIBUTE dop: 16/16)", "Parent Relationship": "Outer", "Startup Cost": 0.0, "Total Cost": 108607.74, "Plan Rows": 2609128, "Plan Width": 12, "Actual Min Startup Time": 0.048, "Actual Max Startup Time": 0.217, "Actual Min Total Time": 397.924, "Actual Max Total Time": 509.596, "Actual Total Rows": 2609128, "Plans": [{"Node Type": "Index Scan", "Parent Relationship": "Outer", "Scan Direction": "Forward", "Index Name": "company_type_id_movie_companies", "Relation Name": "movie_companies", "Alias": "mc", "Startup Cost": 0.0, "Total Cost": 83721.6, "Plan Rows": 2609128, "Plan Width": 12, "Actual Min Startup Time": 0.087, "Actual Max Startup Time": 29.909, "Actual Min Total Time": 103.471, "Actual Max Total Time": 141.304, "Actual Total Rows": 2609128}]}]}]}]}, {"Node Type": "Hash", "Parent Relationship": "Inner", "Startup Cost": 29042.93, "Total Cost": 29042.93, "Plan Rows": 85170, "Plan Width": 4, "Actual Min Startup Time": 530.899, "Actual Max Startup Time": 666.885, "Actual Min Total Time": 530.899, "Actual Max Total Time": 666.885, "Actual Total Rows": 84843, "Max Hash Buckets": 32768, "Min Hash Buckets": 32768, "Max Hash Batches": 1, "Min Hash Batches": 1, "Max Original Hash Batches": 1, "Min Original Hash Batches": 1, "Max Peak Memory Usage": 182, "min Peak Memory Usage": 182, "Plans": [{"Node Type": "Streaming(type: LOCAL REDISTRIBUTE dop: 16/1)", "Parent Relationship": "Outer", "Startup Cost": 0.0, "Total Cost": 29042.93, "Plan Rows": 85170, "Plan Width": 4, "Actual Min Startup Time": 0.033, "Actual Max Startup Time": 138.632, "Actual Min Total Time": 528.778, "Actual Max Total Time": 664.542, "Actual Total Rows": 84843, "Plans": [{"Node Type": "Index Scan", "Parent Relationship": "Outer", "Scan Direction": "Forward", "Index Name": "company_name_pkey", "Relation Name": "company_name", "Alias": "cn", "Startup Cost": 0.0, "Total Cost": 10501.39, "Plan Rows": 85170, "Plan Width": 4, "Actual Min Startup Time": 0.06, "Actual Max Startup Time": 0.06, "Actual Min Total Time": 437.82, "Actual Max Total Time": 437.82, "Actual Total Rows": 84843, "Filter": "((country_code)::text = '[us]'::text)", "Rows Removed by Filter": 150153}]}]}]}, {"Node Type": "Materialize", "Parent Relationship": "Inner", "Startup Cost": 0.0, "Total Cost": 15009.35, "Plan Rows": 48, "Plan Width": 4, "Actual Min Startup Time": 0.005, "Actual Max Startup Time": 0.011, "Actual Min Total Time": 0.005, "Actual Max Total Time": 0.011, "Actual Total Rows": 46, "Plans": [{"Node Type": "Streaming(type: BROADCAST dop: 16/1)", "Parent Relationship": "Outer", "Startup Cost": 0.0, "Total Cost": 15009.33, "Plan Rows": 48, "Plan Width": 4, "Actual Min Startup Time": 0.003, "Actual Max Startup Time": 0.004, "Actual Min Total Time": 0.003, "Actual Max Total Time": 0.007, "Actual Total Rows": 48, "Plans": [{"Node Type": "Index Only Scan", "Parent Relationship": "Outer", "Scan Direction": "Forward", "Index Name": "company_type_pkey", "Relation Name": "company_type", "Alias": "ct", "Startup Cost": 0.0, "Total Cost": 8.29, "Plan Rows": 3, "Plan Width": 4, "Actual Min Startup Time": 0.017, "Actual Max Startup Time": 0.017, "Actual Min Total Time": 0.02, "Actual Max Total Time": 0.02, "Actual Total Rows": 3, "Heap Fetches": 0}]}]}]}, {"Node Type": "Materialize", "Parent Relationship": "Inner", "Startup Cost": 0.0, "Total Cost": 15012.63, "Plan Rows": 192, "Plan Width": 4, "Actual Min Startup Time": 0.015, "Actual Max Startup Time": 0.029, "Actual Min Total Time": 0.015, "Actual Max Total Time": 0.029, "Actual Total Rows": 22, "Plans": [{"Node Type": "Streaming(type: BROADCAST dop: 16/1)", "Parent Relationship": "Outer", "Startup Cost": 0.0, "Total Cost": 15012.57, "Plan Rows": 192, "Plan Width": 4, "Actual Min Startup Time": 0.007, "Actual Max Startup Time": 0.012, "Actual Min Total Time": 0.008, "Actual Max Total Time": 0.015, "Actual Total Rows": 192, "Plans": [{"Node Type": "Index Only Scan", "Parent Relationship": "Outer", "Scan Direction": "Forward", "Index Name": "role_type_pkey", "Relation Name": "role_type", "Alias": "rt", "Startup Cost": 0.0, "Total Cost": 8.43, "Plan Rows": 12, "Plan Width": 4, "Actual Min Startup Time": 0.02, "Actual Max Startup Time": 0.02, "Actual Min Total Time": 0.023, "Actual Max Total Time": 0.023, "Actual Total Rows": 12, "Heap Fetches": 0}]}]}]}]}, {"Node Type": "Hash", "Parent Relationship": "Inner", "Startup Cost": 123439.09, "Total Cost": 123439.09, "Plan Rows": 1748840, "Plan Width": 21, "Actual Min Startup Time": 654.679, "Actual Max Startup Time": 755.362, "Actual Min Total Time": 654.679, "Actual Max Total Time": 755.362, "Actual Total Rows": 1749032, "Max Hash Buckets": 131072, "Min Hash Buckets": 131072, "Max Hash Batches": 1, "Min Hash Batches": 1, "Max Original Hash Batches": 1, "Min Original Hash Batches": 1, "Max Peak Memory Usage": 5875, "min Peak Memory Usage": 5875, "Plans": [{"Node Type": "Streaming(type: LOCAL REDISTRIBUTE dop: 16/16)", "Parent Relationship": "Outer", "Startup Cost": 0.0, "Total Cost": 123439.09, "Plan Rows": 1748840, "Plan Width": 21, "Actual Min Startup Time": 0.056, "Actual Max Startup Time": 32.766, "Actual Min Total Time": 593.663, "Actual Max Total Time": 708.101, "Actual Total Rows": 1749032, "Plans": [{"Node Type": "Index Scan", "Parent Relationship": "Outer", "Scan Direction": "Forward", "Index Name": "title_pkey", "Relation Name": "title", "Alias": "t", "Startup Cost": 0.0, "Total Cost": 101812.62, "Plan Rows": 1748840, "Plan Width": 21, "Actual Min Startup Time": 0.069, "Actual Max Startup Time": 77.56, "Actual Min Total Time": 294.92, "Actual Max Total Time": 463.838, "Actual Total Rows": 1749032, "Filter": "(production_year > 1990), (LLVM Optimized, Jit Execute)", "Rows Removed by Filter": 779279}]}]}]}]}]}]}, "Triggers": [], "Planner Runtime": 62.928, "Total Runtime": 3523.761, "Unique SQL Id": 3145361615}}, "(16, 42)": {"explain_plan": {"Plan": {"Node Type": "Aggregate", "Strategy": "Plain", "Startup Cost": 272970.86, "Total Cost": 272970.88, "Plan Rows": 1, "Plan Width": 97, "Plans": [{"Node Type": "Streaming(type: LOCAL GATHER dop: 1/16)", "Parent Relationship": "Outer", "Startup Cost": 272970.86, "Total Cost": 272970.88, "Plan Rows": 1, "Plan Width": 97, "Plans": [{"Node Type": "Aggregate", "Strategy": "Plain", "Parent Relationship": "Outer", "Startup Cost": 272970.86, "Total Cost": 272970.87, "Plan Rows": 1, "Plan Width": 97, "Plans": [{"Node Type": "Hash Join", "Parent Relationship": "Outer", "Join Type": "Inner", "Startup Cost": 129833.14, "Total Cost": 268123.79, "Plan Rows": 969413, "Plan Width": 33, "Inner Unique": true, "Hash Cond": "(mc.movie_id = t.id), (LLVM Optimized)", "Plans": [{"Node Type": "Streaming(type: LOCAL REDISTRIBUTE dop: 16/16)", "Parent Relationship": "Outer", "Startup Cost": 118272.9, "Total Cost": 255793.67, "Plan Rows": 699731, "Plan Width": 24, "Plans": [{"Node Type": "Nested Loop", "Parent Relationship": "Outer", "Join Type": "Inner", "Startup Cost": 118272.9, "Total Cost": 238142.35, "Plan Rows": 699731, "Plan Width": 24, "Inner Unique": true, "Join Filter": "(mc.company_type_id = ct.id), (LLVM Optimized)", "Plans": [{"Node Type": "Hash Join", "Parent Relationship": "Outer", "Join Type": "Inner", "Startup Cost": 118272.9, "Total Cost": 221172.28, "Plan Rows": 699731, "Plan Width": 28, "Inner Unique": true, "Hash Cond": "(ci.person_role_id = chn.id), (LLVM Optimized)", "Plans": [{"Node Type": "Streaming(type: LOCAL REDISTRIBUTE dop: 16/16)", "Parent Relationship": "Outer", "Startup Cost": 104290.19, "Total Cost": 206413.94, "Plan Rows": 1443440, "Plan Width": 16, "Plans": [{"Node Type": "Hash Join", "Parent Relationship": "Outer", "Join Type": "Inner", "Startup Cost": 104290.19, "Total Cost": 185944.65, "Plan Rows": 1443440, "Plan Width": 16, "Inner Unique": false, "Hash Cond": "(ci.movie_id = mc.movie_id), (LLVM Optimized)", "Plans": [{"Node Type": "Streaming(type: LOCAL REDISTRIBUTE dop: 16/16)", "Parent Relationship": "Outer", "Startup Cost": 15005.41, "Total Cost": 94859.97, "Plan Rows": 1436424, "Plan Width": 8, "Plans": [{"Node Type": "Hash Join", "Parent Relationship": "Outer", "Join Type": "Inner", "Startup Cost": 15005.41, "Total Cost": 74417.27, "Plan Rows": 1436424, "Plan Width": 8, "Inner Unique": true, "Hash Cond": "(ci.role_id = rt.id), (LLVM Optimized)", "Plans": [{"Node Type": "Seq Scan", "Parent Relationship": "Outer", "Relation Name": "cast_info", "Alias": "ci", "Startup Cost": 0.0, "Total Cost": 58282.92, "Plan Rows": 1436424, "Plan Width": 12, "Filter": "((note)::text ~~ '%(producer)%'::text), (LLVM Optimized)"}, {"Node Type": "Hash", "Parent Relationship": "Inner", "Startup Cost": 15005.26, "Total Cost": 15005.26, "Plan Rows": 192, "Plan Width": 4, "Plans": [{"Node Type": "Streaming(type: BROADCAST dop: 16/1)", "Parent Relationship": "Outer", "Startup Cost": 0.0, "Total Cost": 15005.26, "Plan Rows": 192, "Plan Width": 4, "Plans": [{"Node Type": "Seq Scan", "Parent Relationship": "Outer", "Relation Name": "role_type", "Alias": "rt", "Startup Cost": 0.0, "Total Cost": 1.12, "Plan Rows": 12, "Plan Width": 4}]}]}]}]}, {"Node Type": "Hash", "Parent Relationship": "Inner", "Startup Cost": 88282.97, "Total Cost": 88282.97, "Plan Rows": 1282311, "Plan Width": 8, "Plans": [{"Node Type": "Streaming(type: LOCAL REDISTRIBUTE dop: 16/16)", "Parent Relationship": "Outer", "Startup Cost": 24511.53, "Total Cost": 88282.97, "Plan Rows": 1282311, "Plan Width": 8, "Plans": [{"Node Type": "Hash Join", "Parent Relationship": "Outer", "Join Type": "Inner", "Startup Cost": 24511.53, "Total Cost": 68424.21, "Plan Rows": 1282311, "Plan Width": 8, "Inner Unique": true, "Hash Cond": "(mc.company_id = cn.id), (LLVM Optimized)", "Plans": [{"Node Type": "Streaming(type: LOCAL REDISTRIBUTE dop: 16/16)", "Parent Relationship": "Outer", "Startup Cost": 0.0, "Total Cost": 42499.73, "Plan Rows": 2609128, "Plan Width": 12, "Plans": [{"Node Type": "Seq Scan", "Parent Relationship": "Outer", "Relation Name": "movie_companies", "Alias": "mc", "Startup Cost": 0.0, "Total Cost": 17613.58, "Plan Rows": 2609128, "Plan Width": 12}]}, {"Node Type": "Hash", "Parent Relationship": "Inner", "Startup Cost": 24444.99, "Total Cost": 24444.99, "Plan Rows": 85170, "Plan Width": 4, "Plans": [{"Node Type": "Streaming(type: LOCAL REDISTRIBUTE dop: 16/1)", "Parent Relationship": "Outer", "Startup Cost": 0.0, "Total Cost": 24444.99, "Plan Rows": 85170, "Plan Width": 4, "Plans": [{"Node Type": "Seq Scan", "Parent Relationship": "Outer", "Relation Name": "company_name", "Alias": "cn", "Startup Cost": 0.0, "Total Cost": 5903.45, "Plan Rows": 85170, "Plan Width": 4, "Filter": "((country_code)::text = '[us]'::text)"}]}]}]}]}]}]}]}, {"Node Type": "Hash", "Parent Relationship": "Inner", "Startup Cost": 46117.27, "Total Cost": 46117.27, "Plan Rows": 3140338, "Plan Width": 20, "Plans": [{"Node Type": "Streaming(type: LOCAL REDISTRIBUTE dop: 16/16)", "Parent Relationship": "Outer", "Startup Cost": 0.0, "Total Cost": 46117.27, "Plan Rows": 3140338, "Plan Width": 20, "Plans": [{"Node Type": "Seq Scan", "Parent Relationship": "Outer", "Relation Name": "char_name", "Alias": "chn", "Startup Cost": 0.0, "Total Cost": 19218.34, "Plan Rows": 3140338, "Plan Width": 20}]}]}]}, {"Node Type": "Materialize", "Parent Relationship": "Inner", "Startup Cost": 0.0, "Total Cost": 15002.08, "Plan Rows": 48, "Plan Width": 4, "Plans": [{"Node Type": "Streaming(type: BROADCAST dop: 16/1)", "Parent Relationship": "Outer", "Startup Cost": 0.0, "Total Cost": 15002.07, "Plan Rows": 48, "Plan Width": 4, "Plans": [{"Node Type": "Seq Scan", "Parent Relationship": "Outer", "Relation Name": "company_type", "Alias": "ct", "Startup Cost": 0.0, "Total Cost": 1.03, "Plan Rows": 3, "Plan Width": 4}]}]}]}]}, {"Node Type": "Hash", "Parent Relationship": "Inner", "Startup Cost": 40775.83, "Total Cost": 40775.83, "Plan Rows": 1748840, "Plan Width": 21, "Plans": [{"Node Type": "Streaming(type: LOCAL REDISTRIBUTE dop: 16/16)", "Parent Relationship": "Outer", "Startup Cost": 0.0, "Total Cost": 40775.83, "Plan Rows": 1748840, "Plan Width": 21, "Plans": [{"Node Type": "Seq Scan", "Parent Relationship": "Outer", "Relation Name": "title", "Alias": "t", "Startup Cost": 0.0, "Total Cost": 19149.37, "Plan Rows": 1748840, "Plan Width": 21, "Filter": "(production_year > 1990), (LLVM Optimized)"}]}]}]}]}]}]}, "Unique SQL Id": 3145361615}, "explain_analyze_plan": {"Plan": {"Node Type": "Aggregate", "Strategy": "Plain", "Startup Cost": 272970.86, "Total Cost": 272970.88, "Plan Rows": 1, "Plan Width": 97, "Actual Min Startup Time": 1851.442, "Actual Max Startup Time": 1851.442, "Actual Min Total Time": 1851.442, "Actual Max Total Time": 1851.442, "Actual Total Rows": 1, "Plans": [{"Node Type": "Streaming(type: LOCAL GATHER dop: 1/16)", "Parent Relationship": "Outer", "Startup Cost": 272970.86, "Total Cost": 272970.88, "Plan Rows": 1, "Plan Width": 97, "Actual Min Startup Time": 1850.571, "Actual Max Startup Time": 1850.571, "Actual Min Total Time": 1851.421, "Actual Max Total Time": 1851.421, "Actual Total Rows": 16, "Plans": [{"Node Type": "Aggregate", "Strategy": "Plain", "Parent Relationship": "Outer", "Startup Cost": 272970.86, "Total Cost": 272970.87, "Plan Rows": 1, "Plan Width": 97, "Actual Min Startup Time": 1528.987, "Actual Max Startup Time": 1703.473, "Actual Min Total Time": 1528.988, "Actual Max Total Time": 1703.473, "Actual Total Rows": 16, "Plans": [{"Node Type": "Hash Join", "Parent Relationship": "Outer", "Join Type": "Inner", "Startup Cost": 129833.14, "Total Cost": 268123.79, "Plan Rows": 969413, "Plan Width": 33, "Actual Min Startup Time": 1526.266, "Actual Max Startup Time": 1700.688, "Actual Min Total Time": 1528.951, "Actual Max Total Time": 1703.451, "Actual Total Rows": 4, "Inner Unique": true, "Hash Cond": "(mc.movie_id = t.id), (LLVM Optimized, Jit Execute)", "Plans": [{"Node Type": "Streaming(type: LOCAL REDISTRIBUTE dop: 16/16)", "Parent Relationship": "Outer", "Startup Cost": 118272.9, "Total Cost": 255793.67, "Plan Rows": 699731, "Plan Width": 24, "Actual Min Startup Time": 1276.696, "Actual Max Startup Time": 1279.511, "Actual Min Total Time": 1279.291, "Actual Max Total Time": 1279.511, "Actual Total Rows": 6, "Plans": [{"Node Type": "Nested Loop", "Parent Relationship": "Outer", "Join Type": "Inner", "Startup Cost": 118272.9, "Total Cost": 238142.35, "Plan Rows": 699731, "Plan Width": 24, "Actual Min Startup Time": 1525.547, "Actual Max Startup Time": 1741.741, "Actual Min Total Time": 1530.314, "Actual Max Total Time": 1741.741, "Actual Total Rows": 6, "Inner Unique": true, "Join Filter": "(mc.company_type_id = ct.id), (LLVM Optimized, Jit Execute)", "Rows Removed by Join Filter": 24, "Plans": [{"Node Type": "Hash Join", "Parent Relationship": "Outer", "Join Type": "Inner", "Startup Cost": 118272.9, "Total Cost": 221172.28, "Plan Rows": 699731, "Plan Width": 28, "Actual Min Startup Time": 1525.521, "Actual Max Startup Time": 1698.406, "Actual Min Total Time": 1528.408, "Actual Max Total Time": 1698.406, "Actual Total Rows": 14, "Inner Unique": true, "Hash Cond": "(ci.person_role_id = chn.id), (LLVM Optimized, Jit Execute)", "Plans": [{"Node Type": "Streaming(type: LOCAL REDISTRIBUTE dop: 16/16)", "Parent Relationship": "Outer", "Startup Cost": 104290.19, "Total Cost": 206413.94, "Plan Rows": 1443440, "Plan Width": 16, "Actual Min Startup Time": 267.19, "Actual Max Startup Time": 1139.907, "Actual Min Total Time": 1010.82, "Actual Max Total Time": 1139.907, "Actual Total Rows": 1210267, "Plans": [{"Node Type": "Hash Join", "Parent Relationship": "Outer", "Join Type": "Inner", "Startup Cost": 104290.19, "Total Cost": 185944.65, "Plan Rows": 1443440, "Plan Width": 16, "Actual Min Startup Time": 654.515, "Actual Max Startup Time": 766.246, "Actual Min Total Time": 1227.175, "Actual Max Total Time": 1347.946, "Actual Total Rows": 1210267, "Inner Unique": false, "Hash Cond": "(ci.movie_id = mc.movie_id), (LLVM Optimized, Jit Execute)", "Plans": [{"Node Type": "Streaming(type: LOCAL REDISTRIBUTE dop: 16/16)", "Parent Relationship": "Outer", "Startup Cost": 15005.41, "Total Cost": 94859.97, "Plan Rows": 1436424, "Plan Width": 8, "Actual Min Startup Time": 0.061, "Actual Max Startup Time": 2.164, "Actual Min Total Time": 507.946, "Actual Max Total Time": 533.999, "Actual Total Rows": 1435439, "Plans": [{"Node Type": "Hash Join", "Parent Relationship": "Outer", "Join Type": "Inner", "Startup Cost": 15005.41, "Total Cost": 74417.27, "Plan Rows": 1436424, "Plan Width": 8, "Actual Min Startup Time": 44.415, "Actual Max Startup Time": 359.164, "Actual Min Total Time": 727.868, "Actual Max Total Time": 791.24, "Actual Total Rows": 1435439, "Inner Unique": true, "Hash Cond": "(ci.role_id = rt.id), (LLVM Optimized, Jit Execute)", "Plans": [{"Node Type": "Seq Scan", "Parent Relationship": "Outer", "Relation Name": "cast_info", "Alias": "ci", "Startup Cost": 0.0, "Total Cost": 58282.92, "Plan Rows": 1436424, "Plan Width": 12, "Actual Min Startup Time": 44.315, "Actual Max Startup Time": 359.045, "Actual Min Total Time": 683.134, "Actual Max Total Time": 746.581, "Actual Total Rows": 1435439, "Filter": "((note)::text ~~ '%(producer)%'::text), (LLVM Optimized, Jit Execute)", "Rows Removed by Filter": 34808904}, {"Node Type": "Hash", "Parent Relationship": "Inner", "Startup Cost": 15005.26, "Total Cost": 15005.26, "Plan Rows": 192, "Plan Width": 4, "Actual Min Startup Time": 0.018, "Actual Max Startup Time": 0.098, "Actual Min Total Time": 0.018, "Actual Max Total Time": 0.098, "Actual Total Rows": 192, "Max Hash Buckets": 32768, "Min Hash Buckets": 32768, "Max Hash Batches": 1, "Min Hash Batches": 1, "Max Original Hash Batches": 1, "Min Original Hash Batches": 1, "Max Peak Memory Usage": 1, "min Peak Memory Usage": 1, "Plans": [{"Node Type": "Streaming(type: BROADCAST dop: 16/1)", "Parent Relationship": "Outer", "Startup Cost": 0.0, "Total Cost": 15005.26, "Plan Rows": 192, "Plan Width": 4, "Actual Min Startup Time": 0.005, "Actual Max Startup Time": 0.016, "Actual Min Total Time": 0.006, "Actual Max Total Time": 0.019, "Actual Total Rows": 192, "Plans": [{"Node Type": "Seq Scan", "Parent Relationship": "Outer", "Relation Name": "role_type", "Alias": "rt", "Startup Cost": 0.0, "Total Cost": 1.12, "Plan Rows": 12, "Plan Width": 4, "Actual Min Startup Time": 0.012, "Actual Max Startup Time": 0.012, "Actual Min Total Time": 0.017, "Actual Max Total Time": 0.017, "Actual Total Rows": 12}]}]}]}]}, {"Node Type": "Hash", "Parent Relationship": "Inner", "Startup Cost": 88282.97, "Total Cost": 88282.97, "Plan Rows": 1282311, "Plan Width": 8, "Actual Min Startup Time": 654.343, "Actual Max Startup Time": 766.036, "Actual Min Total Time": 654.343, "Actual Max Total Time": 766.036, "Actual Total Rows": 1153797, "Max Hash Buckets": 131072, "Min Hash Buckets": 131072, "Max Hash Batches": 1, "Min Hash Batches": 1, "Max Original Hash Batches": 1, "Min Original Hash Batches": 1, "Max Peak Memory Usage": 2824, "min Peak Memory Usage": 2824, "Plans": [{"Node Type": "Streaming(type: LOCAL REDISTRIBUTE dop: 16/16)", "Parent Relationship": "Outer", "Startup Cost": 24511.53, "Total Cost": 88282.97, "Plan Rows": 1282311, "Plan Width": 8, "Actual Min Startup Time": 210.935, "Actual Max Startup Time": 322.34, "Actual Min Total Time": 636.024, "Actual Max Total Time": 745.671, "Actual Total Rows": 1153797, "Plans": [{"Node Type": "Hash Join", "Parent Relationship": "Outer", "Join Type": "Inner", "Startup Cost": 24511.53, "Total Cost": 68424.21, "Plan Rows": 1282311, "Plan Width": 8, "Actual Min Startup Time": 208.859, "Actual Max Startup Time": 395.904, "Actual Min Total Time": 531.724, "Actual Max Total Time": 761.672, "Actual Total Rows": 1153797, "Inner Unique": true, "Hash Cond": "(mc.company_id = cn.id), (LLVM Optimized, Jit Execute)", "Plans": [{"Node Type": "Streaming(type: LOCAL REDISTRIBUTE dop: 16/16)", "Parent Relationship": "Outer", "Startup Cost": 0.0, "Total Cost": 42499.73, "Plan Rows": 2609128, "Plan Width": 12, "Actual Min Startup Time": 0.057, "Actual Max Startup Time": 1.428, "Actual Min Total Time": 262.232, "Actual Max Total Time": 340.091, "Actual Total Rows": 2609128, "Plans": [{"Node Type": "Seq Scan", "Parent Relationship": "Outer", "Relation Name": "movie_companies", "Alias": "mc", "Startup Cost": 0.0, "Total Cost": 17613.58, "Plan Rows": 2609128, "Plan Width": 12, "Actual Min Startup Time": 0.026, "Actual Max Startup Time": 0.043, "Actual Min Total Time": 41.08, "Actual Max Total Time": 51.061, "Actual Total Rows": 2609128}]}, {"Node Type": "Hash", "Parent Relationship": "Inner", "Startup Cost": 24444.99, "Total Cost": 24444.99, "Plan Rows": 85170, "Plan Width": 4, "Actual Min Startup Time": 208.731, "Actual Max Startup Time": 394.761, "Actual Min Total Time": 208.731, "Actual Max Total Time": 394.761, "Actual Total Rows": 84843, "Max Hash Buckets": 32768, "Min Hash Buckets": 32768, "Max Hash Batches": 1, "Min Hash Batches": 1, "Max Original Hash Batches": 1, "Min Original Hash Batches": 1, "Max Peak Memory Usage": 182, "min Peak Memory Usage": 182, "Plans": [{"Node Type": "Streaming(type: LOCAL REDISTRIBUTE dop: 16/1)", "Parent Relationship": "Outer", "Startup Cost": 0.0, "Total Cost": 24444.99, "Plan Rows": 85170, "Plan Width": 4, "Actual Min Startup Time": 0.043, "Actual Max Startup Time": 186.918, "Actual Min Total Time": 206.926, "Actual Max Total Time": 392.009, "Actual Total Rows": 84843, "Plans": [{"Node Type": "Seq Scan", "Parent Relationship": "Outer", "Relation Name": "company_name", "Alias": "cn", "Startup Cost": 0.0, "Total Cost": 5903.45, "Plan Rows": 85170, "Plan Width": 4, "Actual Min Startup Time": 0.05, "Actual Max Startup Time": 0.05, "Actual Min Total Time": 99.773, "Actual Max Total Time": 99.773, "Actual Total Rows": 84843, "Filter": "((country_code)::text = '[us]'::text)", "Rows Removed by Filter": 150153}]}]}]}]}]}]}]}, {"Node Type": "Hash", "Parent Relationship": "Inner", "Startup Cost": 46117.27, "Total Cost": 46117.27, "Plan Rows": 3140338, "Plan Width": 20, "Actual Min Startup Time": 388.375, "Actual Max Startup Time": 558.238, "Actual Min Total Time": 388.375, "Actual Max Total Time": 558.238, "Actual Total Rows": 3140338, "Max Hash Buckets": 262144, "Min Hash Buckets": 262144, "Max Hash Batches": 1, "Min Hash Batches": 1, "Max Original Hash Batches": 1, "Min Original Hash Batches": 1, "Max Peak Memory Usage": 10347, "min Peak Memory Usage": 10347, "Plans": [{"Node Type": "Streaming(type: LOCAL REDISTRIBUTE dop: 16/16)", "Parent Relationship": "Outer", "Startup Cost": 0.0, "Total Cost": 46117.27, "Plan Rows": 3140338, "Plan Width": 20, "Actual Min Startup Time": 0.051, "Actual Max Startup Time": 17.737, "Actual Min Total Time": 300.722, "Actual Max Total Time": 467.746, "Actual Total Rows": 3140338, "Plans": [{"Node Type": "Seq Scan", "Parent Relationship": "Outer", "Relation Name": "char_name", "Alias": "chn", "Startup Cost": 0.0, "Total Cost": 19218.34, "Plan Rows": 3140338, "Plan Width": 20, "Actual Min Startup Time": 0.018, "Actual Max Startup Time": 0.033, "Actual Min Total Time": 57.62, "Actual Max Total Time": 68.173, "Actual Total Rows": 3140338}]}]}]}, {"Node Type": "Materialize", "Parent Relationship": "Inner", "Startup Cost": 0.0, "Total Cost": 15002.08, "Plan Rows": 48, "Plan Width": 4, "Actual Min Startup Time": 0.008, "Actual Max Startup Time": 41.332, "Actual Min Total Time": 0.008, "Actual Max Total Time": 41.332, "Actual Total Rows": 46, "Plans": [{"Node Type": "Streaming(type: BROADCAST dop: 16/1)", "Parent Relationship": "Outer", "Startup Cost": 0.0, "Total Cost": 15002.07, "Plan Rows": 48, "Plan Width": 4, "Actual Min Startup Time": 0.004, "Actual Max Startup Time": 41.324, "Actual Min Total Time": 0.005, "Actual Max Total Time": 41.326, "Actual Total Rows": 48, "Plans": [{"Node Type": "Seq Scan", "Parent Relationship": "Outer", "Relation Name": "company_type", "Alias": "ct", "Startup Cost": 0.0, "Total Cost": 1.03, "Plan Rows": 3, "Plan Width": 4, "Actual Min Startup Time": 0.01, "Actual Max Startup Time": 0.01, "Actual Min Total Time": 0.012, "Actual Max Total Time": 0.012, "Actual Total Rows": 3}]}]}]}]}, {"Node Type": "Hash", "Parent Relationship": "Inner", "Startup Cost": 40775.83, "Total Cost": 40775.83, "Plan Rows": 1748840, "Plan Width": 21, "Actual Min Startup Time": 249.391, "Actual Max Startup Time": 423.825, "Actual Min Total Time": 249.391, "Actual Max Total Time": 423.825, "Actual Total Rows": 1749032, "Max Hash Buckets": 131072, "Min Hash Buckets": 131072, "Max Hash Batches": 1, "Min Hash Batches": 1, "Max Original Hash Batches": 1, "Min Original Hash Batches": 1, "Max Peak Memory Usage": 5875, "min Peak Memory Usage": 5875, "Plans": [{"Node Type": "Streaming(type: LOCAL REDISTRIBUTE dop: 16/16)", "Parent Relationship": "Outer", "Startup Cost": 0.0, "Total Cost": 40775.83, "Plan Rows": 1748840, "Plan Width": 21, "Actual Min Startup Time": 0.055, "Actual Max Startup Time": 38.555, "Actual Min Total Time": 207.495, "Actual Max Total Time": 386.837, "Actual Total Rows": 1749032, "Plans": [{"Node Type": "Seq Scan", "Parent Relationship": "Outer", "Relation Name": "title", "Alias": "t", "Startup Cost": 0.0, "Total Cost": 19149.37, "Plan Rows": 1748840, "Plan Width": 21, "Actual Min Startup Time": 0.031, "Actual Max Startup Time": 0.05, "Actual Min Total Time": 64.362, "Actual Max Total Time": 71.656, "Actual Total Rows": 1749032, "Filter": "(production_year > 1990), (LLVM Optimized, Jit Execute)", "Rows Removed by Filter": 779279}]}]}]}]}]}]}, "Triggers": [], "Planner Runtime": 87.81, "Total Runtime": 1891.157, "Unique SQL Id": 3145361615}}, "(16, 43)": {"explain_plan": {"Plan": {"Node Type": "Aggregate", "Strategy": "Plain", "Startup Cost": 7102924028767.26, "Total Cost": 7102924028767.27, "Plan Rows": 1, "Plan Width": 97, "Plans": [{"Node Type": "Nested Loop", "Parent Relationship": "Outer", "Join Type": "Inner", "Startup Cost": 70000000000.0, "Total Cost": 7102924023920.19, "Plan Rows": 969413, "Plan Width": 33, "Inner Unique": true, "Join Filter": "(ci.role_id = rt.id), (LLVM Optimized)", "Plans": [{"Node Type": "Nested Loop", "Parent Relationship": "Outer", "Join Type": "Inner", "Startup Cost": 60000000000.0, "Total Cost": 6102923848582.82, "Plan Rows": 969413, "Plan Width": 37, "Inner Unique": true, "Join Filter": "(mc.movie_id = t.id), (LLVM Optimized)", "Plans": [{"Node Type": "Nested Loop", "Parent Relationship": "Outer", "Join Type": "Inner", "Startup Cost": 50000000000.0, "Total Cost": 5084556436653.46, "Plan Rows": 699731, "Plan Width": 28, "Inner Unique": true, "Join Filter": "(mc.company_type_id = ct.id), (LLVM Optimized)", "Plans": [{"Node Type": "Nested Loop", "Parent Relationship": "Outer", "Join Type": "Inner", "Startup Cost": 40000000000.0, "Total Cost": 4084556404336.05, "Plan Rows": 699731, "Plan Width": 32, "Inner Unique": false, "Join Filter": "(ci.movie_id = mc.movie_id), (LLVM Optimized)", "Plans": [{"Node Type": "Nested Loop", "Parent Relationship": "Outer", "Join Type": "Inner", "Startup Cost": 20000000000.0, "Total Cost": 2067819066805.53, "Plan Rows": 696330, "Plan Width": 24, "Inner Unique": true, "Join Filter": "(chn.id = ci.person_role_id), (LLVM Optimized)", "Plans": [{"Node Type": "Index Scan", "Parent Relationship": "Outer", "Scan Direction": "Forward", "Index Name": "role_id_cast_info", "Relation Name": "cast_info", "Alias": "ci", "Startup Cost": 10000000000.0, "Total Cost": 1000143218339.5, "Plan Rows": 1436424, "Plan Width": 12, "Filter": "((note)::text ~~ '%(producer)%'::text), (LLVM Optimized)"}, {"Node Type": "Materialize", "Parent Relationship": "Inner", "Startup Cost": 10000000000.0, "Total Cost": 1000013003247.2, "Plan Rows": 3140338, "Plan Width": 20, "Plans": [{"Node Type": "Index Scan", "Parent Relationship": "Outer", "Scan Direction": "Forward", "Index Name": "char_name_pkey", "Relation Name": "char_name", "Alias": "chn", "Startup Cost": 10000000000.0, "Total Cost": 1000012987545.51, "Plan Rows": 3140338, "Plan Width": 20}]}]}, {"Node Type": "Materialize", "Parent Relationship": "Inner", "Startup Cost": 20000000000.0, "Total Cost": 2003343666456.85, "Plan Rows": 1282311, "Plan Width": 8, "Plans": [{"Node Type": "Nested Loop", "Parent Relationship": "Outer", "Join Type": "Inner", "Startup Cost": 20000000000.0, "Total Cost": 2003343660045.29, "Plan Rows": 1282311, "Plan Width": 8, "Inner Unique": true, "Join Filter": "(cn.id = mc.company_id), (LLVM Optimized)", "Plans": [{"Node Type": "Index Scan", "Parent Relationship": "Outer", "Scan Direction": "Forward", "Index Name": "company_type_id_movie_companies", "Relation Name": "movie_companies", "Alias": "mc", "Startup Cost": 10000000000.0, "Total Cost": 1000009318217.0, "Plan Rows": 2609128, "Plan Width": 12}, {"Node Type": "Materialize", "Parent Relationship": "Inner", "Startup Cost": 10000000000.0, "Total Cost": 1000001050564.82, "Plan Rows": 85170, "Plan Width": 4, "Plans": [{"Node Type": "Index Scan", "Parent Relationship": "Outer", "Scan Direction": "Forward", "Index Name": "company_name_pkey", "Relation Name": "company_name", "Alias": "cn", "Startup Cost": 10000000000.0, "Total Cost": 1000001050138.97, "Plan Rows": 85170, "Plan Width": 4, "Filter": "((country_code)::text = '[us]'::text)"}]}]}]}]}, {"Node Type": "Materialize", "Parent Relationship": "Inner", "Startup Cost": 10000000000.0, "Total Cost": 1000000000829.52, "Plan Rows": 3, "Plan Width": 4, "Plans": [{"Node Type": "Index Only Scan", "Parent Relationship": "Outer", "Scan Direction": "Forward", "Index Name": "company_type_pkey", "Relation Name": "company_type", "Alias": "ct", "Startup Cost": 10000000000.0, "Total Cost": 1000000000829.5, "Plan Rows": 3, "Plan Width": 4}]}]}, {"Node Type": "Materialize", "Parent Relationship": "Inner", "Startup Cost": 10000000000.0, "Total Cost": 1000011652870.86, "Plan Rows": 1748840, "Plan Width": 21, "Plans": [{"Node Type": "Index Scan", "Parent Relationship": "Outer", "Scan Direction": "Forward", "Index Name": "title_pkey", "Relation Name": "title", "Alias": "t", "Startup Cost": 10000000000.0, "Total Cost": 1000011644126.66, "Plan Rows": 1748840, "Plan Width": 21, "Filter": "(production_year > 1990), (LLVM Optimized)"}]}]}, {"Node Type": "Materialize", "Parent Relationship": "Inner", "Startup Cost": 10000000000.0, "Total Cost": 1000000000843.06, "Plan Rows": 12, "Plan Width": 4, "Plans": [{"Node Type": "Index Only Scan", "Parent Relationship": "Outer", "Scan Direction": "Forward", "Index Name": "role_type_pkey", "Relation Name": "role_type", "Alias": "rt", "Startup Cost": 10000000000.0, "Total Cost": 1000000000843.0, "Plan Rows": 12, "Plan Width": 4}]}]}]}, "Unique SQL Id": 3145361615}, "explain_analyze_plan": null}, "(16, 44)": {"explain_plan": {"Plan": {"Node Type": "Aggregate", "Strategy": "Plain", "Startup Cost": 272970.86, "Total Cost": 272970.88, "Plan Rows": 1, "Plan Width": 97, "Plans": [{"Node Type": "Streaming(type: LOCAL GATHER dop: 1/16)", "Parent Relationship": "Outer", "Startup Cost": 272970.86, "Total Cost": 272970.88, "Plan Rows": 1, "Plan Width": 97, "Plans": [{"Node Type": "Aggregate", "Strategy": "Plain", "Parent Relationship": "Outer", "Startup Cost": 272970.86, "Total Cost": 272970.87, "Plan Rows": 1, "Plan Width": 97, "Plans": [{"Node Type": "Hash Join", "Parent Relationship": "Outer", "Join Type": "Inner", "Startup Cost": 129833.14, "Total Cost": 268123.79, "Plan Rows": 969413, "Plan Width": 33, "Inner Unique": true, "Hash Cond": "(mc.movie_id = t.id), (LLVM Optimized)", "Plans": [{"Node Type": "Streaming(type: LOCAL REDISTRIBUTE dop: 16/16)", "Parent Relationship": "Outer", "Startup Cost": 118272.9, "Total Cost": 255793.67, "Plan Rows": 699731, "Plan Width": 24, "Plans": [{"Node Type": "Nested Loop", "Parent Relationship": "Outer", "Join Type": "Inner", "Startup Cost": 118272.9, "Total Cost": 238142.35, "Plan Rows": 699731, "Plan Width": 24, "Inner Unique": true, "Join Filter": "(mc.company_type_id = ct.id), (LLVM Optimized)", "Plans": [{"Node Type": "Hash Join", "Parent Relationship": "Outer", "Join Type": "Inner", "Startup Cost": 118272.9, "Total Cost": 221172.28, "Plan Rows": 699731, "Plan Width": 28, "Inner Unique": true, "Hash Cond": "(ci.person_role_id = chn.id), (LLVM Optimized)", "Plans": [{"Node Type": "Streaming(type: LOCAL REDISTRIBUTE dop: 16/16)", "Parent Relationship": "Outer", "Startup Cost": 104290.19, "Total Cost": 206413.94, "Plan Rows": 1443440, "Plan Width": 16, "Plans": [{"Node Type": "Hash Join", "Parent Relationship": "Outer", "Join Type": "Inner", "Startup Cost": 104290.19, "Total Cost": 185944.65, "Plan Rows": 1443440, "Plan Width": 16, "Inner Unique": false, "Hash Cond": "(ci.movie_id = mc.movie_id), (LLVM Optimized)", "Plans": [{"Node Type": "Streaming(type: LOCAL REDISTRIBUTE dop: 16/16)", "Parent Relationship": "Outer", "Startup Cost": 15005.41, "Total Cost": 94859.97, "Plan Rows": 1436424, "Plan Width": 8, "Plans": [{"Node Type": "Hash Join", "Parent Relationship": "Outer", "Join Type": "Inner", "Startup Cost": 15005.41, "Total Cost": 74417.27, "Plan Rows": 1436424, "Plan Width": 8, "Inner Unique": true, "Hash Cond": "(ci.role_id = rt.id), (LLVM Optimized)", "Plans": [{"Node Type": "Seq Scan", "Parent Relationship": "Outer", "Relation Name": "cast_info", "Alias": "ci", "Startup Cost": 0.0, "Total Cost": 58282.92, "Plan Rows": 1436424, "Plan Width": 12, "Filter": "((note)::text ~~ '%(producer)%'::text), (LLVM Optimized)"}, {"Node Type": "Hash", "Parent Relationship": "Inner", "Startup Cost": 15005.26, "Total Cost": 15005.26, "Plan Rows": 192, "Plan Width": 4, "Plans": [{"Node Type": "Streaming(type: BROADCAST dop: 16/1)", "Parent Relationship": "Outer", "Startup Cost": 0.0, "Total Cost": 15005.26, "Plan Rows": 192, "Plan Width": 4, "Plans": [{"Node Type": "Seq Scan", "Parent Relationship": "Outer", "Relation Name": "role_type", "Alias": "rt", "Startup Cost": 0.0, "Total Cost": 1.12, "Plan Rows": 12, "Plan Width": 4}]}]}]}]}, {"Node Type": "Hash", "Parent Relationship": "Inner", "Startup Cost": 88282.97, "Total Cost": 88282.97, "Plan Rows": 1282311, "Plan Width": 8, "Plans": [{"Node Type": "Streaming(type: LOCAL REDISTRIBUTE dop: 16/16)", "Parent Relationship": "Outer", "Startup Cost": 24511.53, "Total Cost": 88282.97, "Plan Rows": 1282311, "Plan Width": 8, "Plans": [{"Node Type": "Hash Join", "Parent Relationship": "Outer", "Join Type": "Inner", "Startup Cost": 24511.53, "Total Cost": 68424.21, "Plan Rows": 1282311, "Plan Width": 8, "Inner Unique": true, "Hash Cond": "(mc.company_id = cn.id), (LLVM Optimized)", "Plans": [{"Node Type": "Streaming(type: LOCAL REDISTRIBUTE dop: 16/16)", "Parent Relationship": "Outer", "Startup Cost": 0.0, "Total Cost": 42499.73, "Plan Rows": 2609128, "Plan Width": 12, "Plans": [{"Node Type": "Seq Scan", "Parent Relationship": "Outer", "Relation Name": "movie_companies", "Alias": "mc", "Startup Cost": 0.0, "Total Cost": 17613.58, "Plan Rows": 2609128, "Plan Width": 12}]}, {"Node Type": "Hash", "Parent Relationship": "Inner", "Startup Cost": 24444.99, "Total Cost": 24444.99, "Plan Rows": 85170, "Plan Width": 4, "Plans": [{"Node Type": "Streaming(type: LOCAL REDISTRIBUTE dop: 16/1)", "Parent Relationship": "Outer", "Startup Cost": 0.0, "Total Cost": 24444.99, "Plan Rows": 85170, "Plan Width": 4, "Plans": [{"Node Type": "Seq Scan", "Parent Relationship": "Outer", "Relation Name": "company_name", "Alias": "cn", "Startup Cost": 0.0, "Total Cost": 5903.45, "Plan Rows": 85170, "Plan Width": 4, "Filter": "((country_code)::text = '[us]'::text)"}]}]}]}]}]}]}]}, {"Node Type": "Hash", "Parent Relationship": "Inner", "Startup Cost": 46117.27, "Total Cost": 46117.27, "Plan Rows": 3140338, "Plan Width": 20, "Plans": [{"Node Type": "Streaming(type: LOCAL REDISTRIBUTE dop: 16/16)", "Parent Relationship": "Outer", "Startup Cost": 0.0, "Total Cost": 46117.27, "Plan Rows": 3140338, "Plan Width": 20, "Plans": [{"Node Type": "Seq Scan", "Parent Relationship": "Outer", "Relation Name": "char_name", "Alias": "chn", "Startup Cost": 0.0, "Total Cost": 19218.34, "Plan Rows": 3140338, "Plan Width": 20}]}]}]}, {"Node Type": "Materialize", "Parent Relationship": "Inner", "Startup Cost": 0.0, "Total Cost": 15002.08, "Plan Rows": 48, "Plan Width": 4, "Plans": [{"Node Type": "Streaming(type: BROADCAST dop: 16/1)", "Parent Relationship": "Outer", "Startup Cost": 0.0, "Total Cost": 15002.07, "Plan Rows": 48, "Plan Width": 4, "Plans": [{"Node Type": "Seq Scan", "Parent Relationship": "Outer", "Relation Name": "company_type", "Alias": "ct", "Startup Cost": 0.0, "Total Cost": 1.03, "Plan Rows": 3, "Plan Width": 4}]}]}]}]}, {"Node Type": "Hash", "Parent Relationship": "Inner", "Startup Cost": 40775.83, "Total Cost": 40775.83, "Plan Rows": 1748840, "Plan Width": 21, "Plans": [{"Node Type": "Streaming(type: LOCAL REDISTRIBUTE dop: 16/16)", "Parent Relationship": "Outer", "Startup Cost": 0.0, "Total Cost": 40775.83, "Plan Rows": 1748840, "Plan Width": 21, "Plans": [{"Node Type": "Seq Scan", "Parent Relationship": "Outer", "Relation Name": "title", "Alias": "t", "Startup Cost": 0.0, "Total Cost": 19149.37, "Plan Rows": 1748840, "Plan Width": 21, "Filter": "(production_year > 1990), (LLVM Optimized)"}]}]}]}]}]}]}, "Unique SQL Id": 3145361615}, "explain_analyze_plan": {"Plan": {"Node Type": "Aggregate", "Strategy": "Plain", "Startup Cost": 272970.86, "Total Cost": 272970.88, "Plan Rows": 1, "Plan Width": 97, "Actual Min Startup Time": 1851.442, "Actual Max Startup Time": 1851.442, "Actual Min Total Time": 1851.442, "Actual Max Total Time": 1851.442, "Actual Total Rows": 1, "Plans": [{"Node Type": "Streaming(type: LOCAL GATHER dop: 1/16)", "Parent Relationship": "Outer", "Startup Cost": 272970.86, "Total Cost": 272970.88, "Plan Rows": 1, "Plan Width": 97, "Actual Min Startup Time": 1850.571, "Actual Max Startup Time": 1850.571, "Actual Min Total Time": 1851.421, "Actual Max Total Time": 1851.421, "Actual Total Rows": 16, "Plans": [{"Node Type": "Aggregate", "Strategy": "Plain", "Parent Relationship": "Outer", "Startup Cost": 272970.86, "Total Cost": 272970.87, "Plan Rows": 1, "Plan Width": 97, "Actual Min Startup Time": 1528.987, "Actual Max Startup Time": 1703.473, "Actual Min Total Time": 1528.988, "Actual Max Total Time": 1703.473, "Actual Total Rows": 16, "Plans": [{"Node Type": "Hash Join", "Parent Relationship": "Outer", "Join Type": "Inner", "Startup Cost": 129833.14, "Total Cost": 268123.79, "Plan Rows": 969413, "Plan Width": 33, "Actual Min Startup Time": 1526.266, "Actual Max Startup Time": 1700.688, "Actual Min Total Time": 1528.951, "Actual Max Total Time": 1703.451, "Actual Total Rows": 4, "Inner Unique": true, "Hash Cond": "(mc.movie_id = t.id), (LLVM Optimized, Jit Execute)", "Plans": [{"Node Type": "Streaming(type: LOCAL REDISTRIBUTE dop: 16/16)", "Parent Relationship": "Outer", "Startup Cost": 118272.9, "Total Cost": 255793.67, "Plan Rows": 699731, "Plan Width": 24, "Actual Min Startup Time": 1276.696, "Actual Max Startup Time": 1279.511, "Actual Min Total Time": 1279.291, "Actual Max Total Time": 1279.511, "Actual Total Rows": 6, "Plans": [{"Node Type": "Nested Loop", "Parent Relationship": "Outer", "Join Type": "Inner", "Startup Cost": 118272.9, "Total Cost": 238142.35, "Plan Rows": 699731, "Plan Width": 24, "Actual Min Startup Time": 1525.547, "Actual Max Startup Time": 1741.741, "Actual Min Total Time": 1530.314, "Actual Max Total Time": 1741.741, "Actual Total Rows": 6, "Inner Unique": true, "Join Filter": "(mc.company_type_id = ct.id), (LLVM Optimized, Jit Execute)", "Rows Removed by Join Filter": 24, "Plans": [{"Node Type": "Hash Join", "Parent Relationship": "Outer", "Join Type": "Inner", "Startup Cost": 118272.9, "Total Cost": 221172.28, "Plan Rows": 699731, "Plan Width": 28, "Actual Min Startup Time": 1525.521, "Actual Max Startup Time": 1698.406, "Actual Min Total Time": 1528.408, "Actual Max Total Time": 1698.406, "Actual Total Rows": 14, "Inner Unique": true, "Hash Cond": "(ci.person_role_id = chn.id), (LLVM Optimized, Jit Execute)", "Plans": [{"Node Type": "Streaming(type: LOCAL REDISTRIBUTE dop: 16/16)", "Parent Relationship": "Outer", "Startup Cost": 104290.19, "Total Cost": 206413.94, "Plan Rows": 1443440, "Plan Width": 16, "Actual Min Startup Time": 267.19, "Actual Max Startup Time": 1139.907, "Actual Min Total Time": 1010.82, "Actual Max Total Time": 1139.907, "Actual Total Rows": 1210267, "Plans": [{"Node Type": "Hash Join", "Parent Relationship": "Outer", "Join Type": "Inner", "Startup Cost": 104290.19, "Total Cost": 185944.65, "Plan Rows": 1443440, "Plan Width": 16, "Actual Min Startup Time": 654.515, "Actual Max Startup Time": 766.246, "Actual Min Total Time": 1227.175, "Actual Max Total Time": 1347.946, "Actual Total Rows": 1210267, "Inner Unique": false, "Hash Cond": "(ci.movie_id = mc.movie_id), (LLVM Optimized, Jit Execute)", "Plans": [{"Node Type": "Streaming(type: LOCAL REDISTRIBUTE dop: 16/16)", "Parent Relationship": "Outer", "Startup Cost": 15005.41, "Total Cost": 94859.97, "Plan Rows": 1436424, "Plan Width": 8, "Actual Min Startup Time": 0.061, "Actual Max Startup Time": 2.164, "Actual Min Total Time": 507.946, "Actual Max Total Time": 533.999, "Actual Total Rows": 1435439, "Plans": [{"Node Type": "Hash Join", "Parent Relationship": "Outer", "Join Type": "Inner", "Startup Cost": 15005.41, "Total Cost": 74417.27, "Plan Rows": 1436424, "Plan Width": 8, "Actual Min Startup Time": 44.415, "Actual Max Startup Time": 359.164, "Actual Min Total Time": 727.868, "Actual Max Total Time": 791.24, "Actual Total Rows": 1435439, "Inner Unique": true, "Hash Cond": "(ci.role_id = rt.id), (LLVM Optimized, Jit Execute)", "Plans": [{"Node Type": "Seq Scan", "Parent Relationship": "Outer", "Relation Name": "cast_info", "Alias": "ci", "Startup Cost": 0.0, "Total Cost": 58282.92, "Plan Rows": 1436424, "Plan Width": 12, "Actual Min Startup Time": 44.315, "Actual Max Startup Time": 359.045, "Actual Min Total Time": 683.134, "Actual Max Total Time": 746.581, "Actual Total Rows": 1435439, "Filter": "((note)::text ~~ '%(producer)%'::text), (LLVM Optimized, Jit Execute)", "Rows Removed by Filter": 34808904}, {"Node Type": "Hash", "Parent Relationship": "Inner", "Startup Cost": 15005.26, "Total Cost": 15005.26, "Plan Rows": 192, "Plan Width": 4, "Actual Min Startup Time": 0.018, "Actual Max Startup Time": 0.098, "Actual Min Total Time": 0.018, "Actual Max Total Time": 0.098, "Actual Total Rows": 192, "Max Hash Buckets": 32768, "Min Hash Buckets": 32768, "Max Hash Batches": 1, "Min Hash Batches": 1, "Max Original Hash Batches": 1, "Min Original Hash Batches": 1, "Max Peak Memory Usage": 1, "min Peak Memory Usage": 1, "Plans": [{"Node Type": "Streaming(type: BROADCAST dop: 16/1)", "Parent Relationship": "Outer", "Startup Cost": 0.0, "Total Cost": 15005.26, "Plan Rows": 192, "Plan Width": 4, "Actual Min Startup Time": 0.005, "Actual Max Startup Time": 0.016, "Actual Min Total Time": 0.006, "Actual Max Total Time": 0.019, "Actual Total Rows": 192, "Plans": [{"Node Type": "Seq Scan", "Parent Relationship": "Outer", "Relation Name": "role_type", "Alias": "rt", "Startup Cost": 0.0, "Total Cost": 1.12, "Plan Rows": 12, "Plan Width": 4, "Actual Min Startup Time": 0.012, "Actual Max Startup Time": 0.012, "Actual Min Total Time": 0.017, "Actual Max Total Time": 0.017, "Actual Total Rows": 12}]}]}]}]}, {"Node Type": "Hash", "Parent Relationship": "Inner", "Startup Cost": 88282.97, "Total Cost": 88282.97, "Plan Rows": 1282311, "Plan Width": 8, "Actual Min Startup Time": 654.343, "Actual Max Startup Time": 766.036, "Actual Min Total Time": 654.343, "Actual Max Total Time": 766.036, "Actual Total Rows": 1153797, "Max Hash Buckets": 131072, "Min Hash Buckets": 131072, "Max Hash Batches": 1, "Min Hash Batches": 1, "Max Original Hash Batches": 1, "Min Original Hash Batches": 1, "Max Peak Memory Usage": 2824, "min Peak Memory Usage": 2824, "Plans": [{"Node Type": "Streaming(type: LOCAL REDISTRIBUTE dop: 16/16)", "Parent Relationship": "Outer", "Startup Cost": 24511.53, "Total Cost": 88282.97, "Plan Rows": 1282311, "Plan Width": 8, "Actual Min Startup Time": 210.935, "Actual Max Startup Time": 322.34, "Actual Min Total Time": 636.024, "Actual Max Total Time": 745.671, "Actual Total Rows": 1153797, "Plans": [{"Node Type": "Hash Join", "Parent Relationship": "Outer", "Join Type": "Inner", "Startup Cost": 24511.53, "Total Cost": 68424.21, "Plan Rows": 1282311, "Plan Width": 8, "Actual Min Startup Time": 208.859, "Actual Max Startup Time": 395.904, "Actual Min Total Time": 531.724, "Actual Max Total Time": 761.672, "Actual Total Rows": 1153797, "Inner Unique": true, "Hash Cond": "(mc.company_id = cn.id), (LLVM Optimized, Jit Execute)", "Plans": [{"Node Type": "Streaming(type: LOCAL REDISTRIBUTE dop: 16/16)", "Parent Relationship": "Outer", "Startup Cost": 0.0, "Total Cost": 42499.73, "Plan Rows": 2609128, "Plan Width": 12, "Actual Min Startup Time": 0.057, "Actual Max Startup Time": 1.428, "Actual Min Total Time": 262.232, "Actual Max Total Time": 340.091, "Actual Total Rows": 2609128, "Plans": [{"Node Type": "Seq Scan", "Parent Relationship": "Outer", "Relation Name": "movie_companies", "Alias": "mc", "Startup Cost": 0.0, "Total Cost": 17613.58, "Plan Rows": 2609128, "Plan Width": 12, "Actual Min Startup Time": 0.026, "Actual Max Startup Time": 0.043, "Actual Min Total Time": 41.08, "Actual Max Total Time": 51.061, "Actual Total Rows": 2609128}]}, {"Node Type": "Hash", "Parent Relationship": "Inner", "Startup Cost": 24444.99, "Total Cost": 24444.99, "Plan Rows": 85170, "Plan Width": 4, "Actual Min Startup Time": 208.731, "Actual Max Startup Time": 394.761, "Actual Min Total Time": 208.731, "Actual Max Total Time": 394.761, "Actual Total Rows": 84843, "Max Hash Buckets": 32768, "Min Hash Buckets": 32768, "Max Hash Batches": 1, "Min Hash Batches": 1, "Max Original Hash Batches": 1, "Min Original Hash Batches": 1, "Max Peak Memory Usage": 182, "min Peak Memory Usage": 182, "Plans": [{"Node Type": "Streaming(type: LOCAL REDISTRIBUTE dop: 16/1)", "Parent Relationship": "Outer", "Startup Cost": 0.0, "Total Cost": 24444.99, "Plan Rows": 85170, "Plan Width": 4, "Actual Min Startup Time": 0.043, "Actual Max Startup Time": 186.918, "Actual Min Total Time": 206.926, "Actual Max Total Time": 392.009, "Actual Total Rows": 84843, "Plans": [{"Node Type": "Seq Scan", "Parent Relationship": "Outer", "Relation Name": "company_name", "Alias": "cn", "Startup Cost": 0.0, "Total Cost": 5903.45, "Plan Rows": 85170, "Plan Width": 4, "Actual Min Startup Time": 0.05, "Actual Max Startup Time": 0.05, "Actual Min Total Time": 99.773, "Actual Max Total Time": 99.773, "Actual Total Rows": 84843, "Filter": "((country_code)::text = '[us]'::text)", "Rows Removed by Filter": 150153}]}]}]}]}]}]}]}, {"Node Type": "Hash", "Parent Relationship": "Inner", "Startup Cost": 46117.27, "Total Cost": 46117.27, "Plan Rows": 3140338, "Plan Width": 20, "Actual Min Startup Time": 388.375, "Actual Max Startup Time": 558.238, "Actual Min Total Time": 388.375, "Actual Max Total Time": 558.238, "Actual Total Rows": 3140338, "Max Hash Buckets": 262144, "Min Hash Buckets": 262144, "Max Hash Batches": 1, "Min Hash Batches": 1, "Max Original Hash Batches": 1, "Min Original Hash Batches": 1, "Max Peak Memory Usage": 10347, "min Peak Memory Usage": 10347, "Plans": [{"Node Type": "Streaming(type: LOCAL REDISTRIBUTE dop: 16/16)", "Parent Relationship": "Outer", "Startup Cost": 0.0, "Total Cost": 46117.27, "Plan Rows": 3140338, "Plan Width": 20, "Actual Min Startup Time": 0.051, "Actual Max Startup Time": 17.737, "Actual Min Total Time": 300.722, "Actual Max Total Time": 467.746, "Actual Total Rows": 3140338, "Plans": [{"Node Type": "Seq Scan", "Parent Relationship": "Outer", "Relation Name": "char_name", "Alias": "chn", "Startup Cost": 0.0, "Total Cost": 19218.34, "Plan Rows": 3140338, "Plan Width": 20, "Actual Min Startup Time": 0.018, "Actual Max Startup Time": 0.033, "Actual Min Total Time": 57.62, "Actual Max Total Time": 68.173, "Actual Total Rows": 3140338}]}]}]}, {"Node Type": "Materialize", "Parent Relationship": "Inner", "Startup Cost": 0.0, "Total Cost": 15002.08, "Plan Rows": 48, "Plan Width": 4, "Actual Min Startup Time": 0.008, "Actual Max Startup Time": 41.332, "Actual Min Total Time": 0.008, "Actual Max Total Time": 41.332, "Actual Total Rows": 46, "Plans": [{"Node Type": "Streaming(type: BROADCAST dop: 16/1)", "Parent Relationship": "Outer", "Startup Cost": 0.0, "Total Cost": 15002.07, "Plan Rows": 48, "Plan Width": 4, "Actual Min Startup Time": 0.004, "Actual Max Startup Time": 41.324, "Actual Min Total Time": 0.005, "Actual Max Total Time": 41.326, "Actual Total Rows": 48, "Plans": [{"Node Type": "Seq Scan", "Parent Relationship": "Outer", "Relation Name": "company_type", "Alias": "ct", "Startup Cost": 0.0, "Total Cost": 1.03, "Plan Rows": 3, "Plan Width": 4, "Actual Min Startup Time": 0.01, "Actual Max Startup Time": 0.01, "Actual Min Total Time": 0.012, "Actual Max Total Time": 0.012, "Actual Total Rows": 3}]}]}]}]}, {"Node Type": "Hash", "Parent Relationship": "Inner", "Startup Cost": 40775.83, "Total Cost": 40775.83, "Plan Rows": 1748840, "Plan Width": 21, "Actual Min Startup Time": 249.391, "Actual Max Startup Time": 423.825, "Actual Min Total Time": 249.391, "Actual Max Total Time": 423.825, "Actual Total Rows": 1749032, "Max Hash Buckets": 131072, "Min Hash Buckets": 131072, "Max Hash Batches": 1, "Min Hash Batches": 1, "Max Original Hash Batches": 1, "Min Original Hash Batches": 1, "Max Peak Memory Usage": 5875, "min Peak Memory Usage": 5875, "Plans": [{"Node Type": "Streaming(type: LOCAL REDISTRIBUTE dop: 16/16)", "Parent Relationship": "Outer", "Startup Cost": 0.0, "Total Cost": 40775.83, "Plan Rows": 1748840, "Plan Width": 21, "Actual Min Startup Time": 0.055, "Actual Max Startup Time": 38.555, "Actual Min Total Time": 207.495, "Actual Max Total Time": 386.837, "Actual Total Rows": 1749032, "Plans": [{"Node Type": "Seq Scan", "Parent Relationship": "Outer", "Relation Name": "title", "Alias": "t", "Startup Cost": 0.0, "Total Cost": 19149.37, "Plan Rows": 1748840, "Plan Width": 21, "Actual Min Startup Time": 0.031, "Actual Max Startup Time": 0.05, "Actual Min Total Time": 64.362, "Actual Max Total Time": 71.656, "Actual Total Rows": 1749032, "Filter": "(production_year > 1990), (LLVM Optimized, Jit Execute)", "Rows Removed by Filter": 779279}]}]}]}]}]}]}, "Triggers": [], "Planner Runtime": 87.81, "Total Runtime": 1891.157, "Unique SQL Id": 3145361615}}, "(16, 45)": {"explain_plan": {"Plan": {"Node Type": "Aggregate", "Strategy": "Plain", "Startup Cost": 1360660.94, "Total Cost": 1360660.97, "Plan Rows": 1, "Plan Width": 97, "Plans": [{"Node Type": "Streaming(type: LOCAL GATHER dop: 1/16)", "Parent Relationship": "Outer", "Startup Cost": 1360660.94, "Total Cost": 1360660.97, "Plan Rows": 1, "Plan Width": 97, "Plans": [{"Node Type": "Aggregate", "Strategy": "Plain", "Parent Relationship": "Outer", "Startup Cost": 1360660.94, "Total Cost": 1360660.95, "Plan Rows": 1, "Plan Width": 97, "Plans": [{"Node Type": "Hash Join", "Parent Relationship": "Outer", "Join Type": "Inner", "Startup Cost": 213530.75, "Total Cost": 1355813.88, "Plan Rows": 969413, "Plan Width": 33, "Inner Unique": true, "Hash Cond": "(mc.movie_id = t.id), (LLVM Optimized)", "Plans": [{"Node Type": "Streaming(type: LOCAL REDISTRIBUTE dop: 16/16)", "Parent Relationship": "Outer", "Startup Cost": 181304.7, "Total Cost": 1322817.94, "Plan Rows": 699731, "Plan Width": 24, "Plans": [{"Node Type": "Nested Loop", "Parent Relationship": "Outer", "Join Type": "Inner", "Startup Cost": 181304.7, "Total Cost": 1305166.62, "Plan Rows": 699731, "Plan Width": 24, "Inner Unique": true, "Join Filter": "(ci.role_id = rt.id), (LLVM Optimized)", "Plans": [{"Node Type": "Nested Loop", "Parent Relationship": "Outer", "Join Type": "Inner", "Startup Cost": 181304.7, "Total Cost": 1282278.04, "Plan Rows": 699731, "Plan Width": 28, "Inner Unique": true, "Join Filter": "(mc.company_type_id = ct.id), (LLVM Optimized)", "Plans": [{"Node Type": "Hash Join", "Parent Relationship": "Outer", "Join Type": "Inner", "Startup Cost": 181304.7, "Total Cost": 1265296.71, "Plan Rows": 699731, "Plan Width": 32, "Inner Unique": true, "Hash Cond": "(mc.company_id = cn.id), (LLVM Optimized)", "Plans": [{"Node Type": "Streaming(type: LOCAL REDISTRIBUTE dop: 16/16)", "Parent Relationship": "Outer", "Startup Cost": 173977.43, "Total Cost": 1257198.42, "Plan Rows": 1423748, "Plan Width": 36, "Plans": [{"Node Type": "Hash Join", "Parent Relationship": "Outer", "Join Type": "Inner", "Startup Cost": 173977.43, "Total Cost": 1236803.75, "Plan Rows": 1423748, "Plan Width": 36, "Inner Unique": false, "Hash Cond": "(ci.movie_id = mc.movie_id), (LLVM Optimized)", "Plans": [{"Node Type": "Streaming(type: LOCAL REDISTRIBUTE dop: 16/16)", "Parent Relationship": "Outer", "Startup Cost": 144787.11, "Total Cost": 1205907.57, "Plan Rows": 696330, "Plan Width": 24, "Plans": [{"Node Type": "Hash Join", "Parent Relationship": "Outer", "Join Type": "Inner", "Startup Cost": 144787.11, "Total Cost": 1188269.13, "Plan Rows": 696330, "Plan Width": 24, "Inner Unique": true, "Hash Cond": "(ci.person_role_id = chn.id), (LLVM Optimized)", "Plans": [{"Node Type": "Streaming(type: LOCAL REDISTRIBUTE dop: 16/16)", "Parent Relationship": "Outer", "Startup Cost": 0.0, "Total Cost": 1042710.15, "Plan Rows": 1436424, "Plan Width": 12, "Plans": [{"Node Type": "Index Scan", "Parent Relationship": "Outer", "Scan Direction": "Forward", "Index Name": "role_id_cast_info", "Relation Name": "cast_info", "Alias": "ci", "Startup Cost": 0.0, "Total Cost": 1022267.45, "Plan Rows": 1436424, "Plan Width": 12, "Filter": "((note)::text ~~ '%(producer)%'::text), (LLVM Optimized)"}]}, {"Node Type": "Hash", "Parent Relationship": "Inner", "Startup Cost": 142333.72, "Total Cost": 142333.72, "Plan Rows": 3140338, "Plan Width": 20, "Plans": [{"Node Type": "Streaming(type: LOCAL REDISTRIBUTE dop: 16/16)", "Parent Relationship": "Outer", "Startup Cost": 0.0, "Total Cost": 142333.72, "Plan Rows": 3140338, "Plan Width": 20, "Plans": [{"Node Type": "Index Scan", "Parent Relationship": "Outer", "Scan Direction": "Forward", "Index Name": "char_name_pkey", "Relation Name": "char_name", "Alias": "chn", "Startup Cost": 0.0, "Total Cost": 115434.79, "Plan Rows": 3140338, "Plan Width": 20}]}]}]}]}, {"Node Type": "Hash", "Parent Relationship": "Inner", "Startup Cost": 108607.74, "Total Cost": 108607.74, "Plan Rows": 2609128, "Plan Width": 12, "Plans": [{"Node Type": "Streaming(type: LOCAL REDISTRIBUTE dop: 16/16)", "Parent Relationship": "Outer", "Startup Cost": 0.0, "Total Cost": 108607.74, "Plan Rows": 2609128, "Plan Width": 12, "Plans": [{"Node Type": "Index Scan", "Parent Relationship": "Outer", "Scan Direction": "Forward", "Index Name": "company_type_id_movie_companies", "Relation Name": "movie_companies", "Alias": "mc", "Startup Cost": 0.0, "Total Cost": 83721.6, "Plan Rows": 2609128, "Plan Width": 12}]}]}]}]}, {"Node Type": "Hash", "Parent Relationship": "Inner", "Startup Cost": 29042.93, "Total Cost": 29042.93, "Plan Rows": 85170, "Plan Width": 4, "Plans": [{"Node Type": "Streaming(type: LOCAL REDISTRIBUTE dop: 16/1)", "Parent Relationship": "Outer", "Startup Cost": 0.0, "Total Cost": 29042.93, "Plan Rows": 85170, "Plan Width": 4, "Plans": [{"Node Type": "Index Scan", "Parent Relationship": "Outer", "Scan Direction": "Forward", "Index Name": "company_name_pkey", "Relation Name": "company_name", "Alias": "cn", "Startup Cost": 0.0, "Total Cost": 10501.39, "Plan Rows": 85170, "Plan Width": 4, "Filter": "((country_code)::text = '[us]'::text)"}]}]}]}, {"Node Type": "Materialize", "Parent Relationship": "Inner", "Startup Cost": 0.0, "Total Cost": 15013.35, "Plan Rows": 48, "Plan Width": 4, "Plans": [{"Node Type": "Streaming(type: BROADCAST dop: 16/1)", "Parent Relationship": "Outer", "Startup Cost": 0.0, "Total Cost": 15013.33, "Plan Rows": 48, "Plan Width": 4, "Plans": [{"Node Type": "Index Scan", "Parent Relationship": "Outer", "Scan Direction": "Forward", "Index Name": "company_type_pkey", "Relation Name": "company_type", "Alias": "ct", "Startup Cost": 0.0, "Total Cost": 12.29, "Plan Rows": 3, "Plan Width": 4}]}]}]}, {"Node Type": "Materialize", "Parent Relationship": "Inner", "Startup Cost": 0.0, "Total Cost": 15016.63, "Plan Rows": 192, "Plan Width": 4, "Plans": [{"Node Type": "Streaming(type: BROADCAST dop: 16/1)", "Parent Relationship": "Outer", "Startup Cost": 0.0, "Total Cost": 15016.57, "Plan Rows": 192, "Plan Width": 4, "Plans": [{"Node Type": "Index Scan", "Parent Relationship": "Outer", "Scan Direction": "Forward", "Index Name": "role_type_pkey", "Relation Name": "role_type", "Alias": "rt", "Startup Cost": 0.0, "Total Cost": 12.43, "Plan Rows": 12, "Plan Width": 4}]}]}]}]}, {"Node Type": "Hash", "Parent Relationship": "Inner", "Startup Cost": 123439.09, "Total Cost": 123439.09, "Plan Rows": 1748840, "Plan Width": 21, "Plans": [{"Node Type": "Streaming(type: LOCAL REDISTRIBUTE dop: 16/16)", "Parent Relationship": "Outer", "Startup Cost": 0.0, "Total Cost": 123439.09, "Plan Rows": 1748840, "Plan Width": 21, "Plans": [{"Node Type": "Index Scan", "Parent Relationship": "Outer", "Scan Direction": "Forward", "Index Name": "title_pkey", "Relation Name": "title", "Alias": "t", "Startup Cost": 0.0, "Total Cost": 101812.62, "Plan Rows": 1748840, "Plan Width": 21, "Filter": "(production_year > 1990), (LLVM Optimized)"}]}]}]}]}]}]}, "Unique SQL Id": 3145361615}, "explain_analyze_plan": {"Plan": {"Node Type": "Aggregate", "Strategy": "Plain", "Startup Cost": 1360660.94, "Total Cost": 1360660.97, "Plan Rows": 1, "Plan Width": 97, "Actual Min Startup Time": 3922.518, "Actual Max Startup Time": 3922.518, "Actual Min Total Time": 3922.518, "Actual Max Total Time": 3922.518, "Actual Total Rows": 1, "Plans": [{"Node Type": "Streaming(type: LOCAL GATHER dop: 1/16)", "Parent Relationship": "Outer", "Startup Cost": 1360660.94, "Total Cost": 1360660.97, "Plan Rows": 1, "Plan Width": 97, "Actual Min Startup Time": 3920.802, "Actual Max Startup Time": 3920.802, "Actual Min Total Time": 3922.487, "Actual Max Total Time": 3922.487, "Actual Total Rows": 16, "Plans": [{"Node Type": "Aggregate", "Strategy": "Plain", "Parent Relationship": "Outer", "Startup Cost": 1360660.94, "Total Cost": 1360660.95, "Plan Rows": 1, "Plan Width": 97, "Actual Min Startup Time": 3581.587, "Actual Max Startup Time": 3781.071, "Actual Min Total Time": 3581.588, "Actual Max Total Time": 3781.071, "Actual Total Rows": 16, "Plans": [{"Node Type": "Hash Join", "Parent Relationship": "Outer", "Join Type": "Inner", "Startup Cost": 213530.75, "Total Cost": 1355813.88, "Plan Rows": 969413, "Plan Width": 33, "Actual Min Startup Time": 3579.951, "Actual Max Startup Time": 3781.062, "Actual Min Total Time": 3581.563, "Actual Max Total Time": 3781.062, "Actual Total Rows": 4, "Inner Unique": true, "Hash Cond": "(mc.movie_id = t.id), (LLVM Optimized, Jit Execute)", "Plans": [{"Node Type": "Streaming(type: LOCAL REDISTRIBUTE dop: 16/16)", "Parent Relationship": "Outer", "Startup Cost": 181304.7, "Total Cost": 1322817.94, "Plan Rows": 699731, "Plan Width": 24, "Actual Min Startup Time": 2895.383, "Actual Max Startup Time": 2897.102, "Actual Min Total Time": 2897.002, "Actual Max Total Time": 2897.102, "Actual Total Rows": 6, "Plans": [{"Node Type": "Nested Loop", "Parent Relationship": "Outer", "Join Type": "Inner", "Startup Cost": 181304.7, "Total Cost": 1305166.62, "Plan Rows": 699731, "Plan Width": 24, "Actual Min Startup Time": 3580.295, "Actual Max Startup Time": 3769.111, "Actual Min Total Time": 3581.521, "Actual Max Total Time": 3770.338, "Actual Total Rows": 6, "Inner Unique": true, "Join Filter": "(ci.role_id = rt.id), (LLVM Optimized, Jit Execute)", "Rows Removed by Join Filter": 0, "Plans": [{"Node Type": "Nested Loop", "Parent Relationship": "Outer", "Join Type": "Inner", "Startup Cost": 181304.7, "Total Cost": 1282278.04, "Plan Rows": 699731, "Plan Width": 28, "Actual Min Startup Time": 3580.271, "Actual Max Startup Time": 3769.072, "Actual Min Total Time": 3581.495, "Actual Max Total Time": 3770.297, "Actual Total Rows": 6, "Inner Unique": true, "Join Filter": "(mc.company_type_id = ct.id), (LLVM Optimized, Jit Execute)", "Rows Removed by Join Filter": 24, "Plans": [{"Node Type": "Hash Join", "Parent Relationship": "Outer", "Join Type": "Inner", "Startup Cost": 181304.7, "Total Cost": 1265296.71, "Plan Rows": 699731, "Plan Width": 32, "Actual Min Startup Time": 3580.255, "Actual Max Startup Time": 3763.327, "Actual Min Total Time": 3581.455, "Actual Max Total Time": 3764.526, "Actual Total Rows": 14, "Inner Unique": true, "Hash Cond": "(mc.company_id = cn.id), (LLVM Optimized, Jit Execute)", "Plans": [{"Node Type": "Streaming(type: LOCAL REDISTRIBUTE dop: 16/16)", "Parent Relationship": "Outer", "Startup Cost": 173977.43, "Total Cost": 1257198.42, "Plan Rows": 1423748, "Plan Width": 36, "Actual Min Startup Time": 3087.588, "Actual Max Startup Time": 3089.113, "Actual Min Total Time": 3088.868, "Actual Max Total Time": 3089.113, "Actual Total Rows": 31, "Plans": [{"Node Type": "Hash Join", "Parent Relationship": "Outer", "Join Type": "Inner", "Startup Cost": 173977.43, "Total Cost": 1236803.75, "Plan Rows": 1423748, "Plan Width": 36, "Actual Min Startup Time": 3577.809, "Actual Max Startup Time": 3764.327, "Actual Min Total Time": 3577.809, "Actual Max Total Time": 3765.668, "Actual Total Rows": 31, "Inner Unique": false, "Hash Cond": "(ci.movie_id = mc.movie_id), (LLVM Optimized, Jit Execute)", "Plans": [{"Node Type": "Streaming(type: LOCAL REDISTRIBUTE dop: 16/16)", "Parent Relationship": "Outer", "Startup Cost": 144787.11, "Total Cost": 1205907.57, "Plan Rows": 696330, "Plan Width": 24, "Actual Min Startup Time": 3121.383, "Actual Max Startup Time": 3122.819, "Actual Min Total Time": 3122.604, "Actual Max Total Time": 3122.819, "Actual Total Rows": 15, "Plans": [{"Node Type": "Hash Join", "Parent Relationship": "Outer", "Join Type": "Inner", "Startup Cost": 144787.11, "Total Cost": 1188269.13, "Plan Rows": 696330, "Plan Width": 24, "Actual Min Startup Time": 1392.991, "Actual Max Startup Time": 3778.951, "Actual Min Total Time": 3579.781, "Actual Max Total Time": 3778.951, "Actual Total Rows": 15, "Inner Unique": true, "Hash Cond": "(ci.person_role_id = chn.id), (LLVM Optimized, Jit Execute)", "Plans": [{"Node Type": "Streaming(type: LOCAL REDISTRIBUTE dop: 16/16)", "Parent Relationship": "Outer", "Startup Cost": 0.0, "Total Cost": 1042710.15, "Plan Rows": 1436424, "Plan Width": 12, "Actual Min Startup Time": 0.194, "Actual Max Startup Time": 2752.698, "Actual Min Total Time": 2599.071, "Actual Max Total Time": 2752.698, "Actual Total Rows": 1435439, "Plans": [{"Node Type": "Index Scan", "Parent Relationship": "Outer", "Scan Direction": "Forward", "Index Name": "role_id_cast_info", "Relation Name": "cast_info", "Alias": "ci", "Startup Cost": 0.0, "Total Cost": 1022267.45, "Plan Rows": 1436424, "Plan Width": 12, "Actual Min Startup Time": 356.547, "Actual Max Startup Time": 2042.312, "Actual Min Total Time": 1395.531, "Actual Max Total Time": 2237.884, "Actual Total Rows": 1435439, "Filter": "((note)::text ~~ '%(producer)%'::text), (LLVM Optimized, Jit Execute)", "Rows Removed by Filter": 34808904}]}, {"Node Type": "Hash", "Parent Relationship": "Inner", "Startup Cost": 142333.72, "Total Cost": 142333.72, "Plan Rows": 3140338, "Plan Width": 20, "Actual Min Startup Time": 826.898, "Actual Max Startup Time": 1026.068, "Actual Min Total Time": 826.898, "Actual Max Total Time": 1026.068, "Actual Total Rows": 3140338, "Max Hash Buckets": 262144, "Min Hash Buckets": 262144, "Max Hash Batches": 1, "Min Hash Batches": 1, "Max Original Hash Batches": 1, "Min Original Hash Batches": 1, "Max Peak Memory Usage": 10347, "min Peak Memory Usage": 10347, "Plans": [{"Node Type": "Streaming(type: LOCAL REDISTRIBUTE dop: 16/16)", "Parent Relationship": "Outer", "Startup Cost": 0.0, "Total Cost": 142333.72, "Plan Rows": 3140338, "Plan Width": 20, "Actual Min Startup Time": 0.048, "Actual Max Startup Time": 90.939, "Actual Min Total Time": 734.641, "Actual Max Total Time": 935.7, "Actual Total Rows": 3140338, "Plans": [{"Node Type": "Index Scan", "Parent Relationship": "Outer", "Scan Direction": "Forward", "Index Name": "char_name_pkey", "Relation Name": "char_name", "Alias": "chn", "Startup Cost": 0.0, "Total Cost": 115434.79, "Plan Rows": 3140338, "Plan Width": 20, "Actual Min Startup Time": 26.614, "Actual Max Startup Time": 103.25, "Actual Min Total Time": 361.314, "Actual Max Total Time": 584.871, "Actual Total Rows": 3140338}]}]}]}]}, {"Node Type": "Hash", "Parent Relationship": "Inner", "Startup Cost": 108607.74, "Total Cost": 108607.74, "Plan Rows": 2609128, "Plan Width": 12, "Actual Min Startup Time": 454.756, "Actual Max Startup Time": 642.722, "Actual Min Total Time": 454.756, "Actual Max Total Time": 642.722, "Actual Total Rows": 2609128, "Max Hash Buckets": 262144, "Min Hash Buckets": 262144, "Max Hash Batches": 1, "Min Hash Batches": 1, "Max Original Hash Batches": 1, "Min Original Hash Batches": 1, "Max Peak Memory Usage": 7036, "min Peak Memory Usage": 7036, "Plans": [{"Node Type": "Streaming(type: LOCAL REDISTRIBUTE dop: 16/16)", "Parent Relationship": "Outer", "Startup Cost": 0.0, "Total Cost": 108607.74, "Plan Rows": 2609128, "Plan Width": 12, "Actual Min Startup Time": 0.055, "Actual Max Startup Time": 42.834, "Actual Min Total Time": 382.779, "Actual Max Total Time": 578.783, "Actual Total Rows": 2609128, "Plans": [{"Node Type": "Index Scan", "Parent Relationship": "Outer", "Scan Direction": "Forward", "Index Name": "company_type_id_movie_companies", "Relation Name": "movie_companies", "Alias": "mc", "Startup Cost": 0.0, "Total Cost": 83721.6, "Plan Rows": 2609128, "Plan Width": 12, "Actual Min Startup Time": 11.021, "Actual Max Startup Time": 65.458, "Actual Min Total Time": 114.106, "Actual Max Total Time": 191.183, "Actual Total Rows": 2609128}]}]}]}]}, {"Node Type": "Hash", "Parent Relationship": "Inner", "Startup Cost": 29042.93, "Total Cost": 29042.93, "Plan Rows": 85170, "Plan Width": 4, "Actual Min Startup Time": 492.345, "Actual Max Startup Time": 675.398, "Actual Min Total Time": 492.345, "Actual Max Total Time": 675.398, "Actual Total Rows": 84843, "Max Hash Buckets": 32768, "Min Hash Buckets": 32768, "Max Hash Batches": 1, "Min Hash Batches": 1, "Max Original Hash Batches": 1, "Min Original Hash Batches": 1, "Max Peak Memory Usage": 182, "min Peak Memory Usage": 182, "Plans": [{"Node Type": "Streaming(type: LOCAL REDISTRIBUTE dop: 16/1)", "Parent Relationship": "Outer", "Startup Cost": 0.0, "Total Cost": 29042.93, "Plan Rows": 85170, "Plan Width": 4, "Actual Min Startup Time": 0.03, "Actual Max Startup Time": 181.901, "Actual Min Total Time": 489.259, "Actual Max Total Time": 673.009, "Actual Total Rows": 84843, "Plans": [{"Node Type": "Index Scan", "Parent Relationship": "Outer", "Scan Direction": "Forward", "Index Name": "company_name_pkey", "Relation Name": "company_name", "Alias": "cn", "Startup Cost": 0.0, "Total Cost": 10501.39, "Plan Rows": 85170, "Plan Width": 4, "Actual Min Startup Time": 0.07, "Actual Max Startup Time": 0.07, "Actual Min Total Time": 405.086, "Actual Max Total Time": 405.086, "Actual Total Rows": 84843, "Filter": "((country_code)::text = '[us]'::text)", "Rows Removed by Filter": 150153}]}]}]}, {"Node Type": "Materialize", "Parent Relationship": "Inner", "Startup Cost": 0.0, "Total Cost": 15013.35, "Plan Rows": 48, "Plan Width": 4, "Actual Min Startup Time": 0.004, "Actual Max Startup Time": 5.733, "Actual Min Total Time": 0.004, "Actual Max Total Time": 5.733, "Actual Total Rows": 46, "Plans": [{"Node Type": "Streaming(type: BROADCAST dop: 16/1)", "Parent Relationship": "Outer", "Startup Cost": 0.0, "Total Cost": 15013.33, "Plan Rows": 48, "Plan Width": 4, "Actual Min Startup Time": 0.002, "Actual Max Startup Time": 5.721, "Actual Min Total Time": 0.003, "Actual Max Total Time": 5.723, "Actual Total Rows": 48, "Plans": [{"Node Type": "Index Scan", "Parent Relationship": "Outer", "Scan Direction": "Forward", "Index Name": "company_type_pkey", "Relation Name": "company_type", "Alias": "ct", "Startup Cost": 0.0, "Total Cost": 12.29, "Plan Rows": 3, "Plan Width": 4, "Actual Min Startup Time": 0.026, "Actual Max Startup Time": 0.026, "Actual Min Total Time": 0.028, "Actual Max Total Time": 0.028, "Actual Total Rows": 3}]}]}]}, {"Node Type": "Materialize", "Parent Relationship": "Inner", "Startup Cost": 0.0, "Total Cost": 15016.63, "Plan Rows": 192, "Plan Width": 4, "Actual Min Startup Time": 0.011, "Actual Max Startup Time": 0.026, "Actual Min Total Time": 0.011, "Actual Max Total Time": 0.026, "Actual Total Rows": 22, "Plans": [{"Node Type": "Streaming(type: BROADCAST dop: 16/1)", "Parent Relationship": "Outer", "Startup Cost": 0.0, "Total Cost": 15016.57, "Plan Rows": 192, "Plan Width": 4, "Actual Min Startup Time": 0.006, "Actual Max Startup Time": 0.014, "Actual Min Total Time": 0.007, "Actual Max Total Time": 0.016, "Actual Total Rows": 192, "Plans": [{"Node Type": "Index Scan", "Parent Relationship": "Outer", "Scan Direction": "Forward", "Index Name": "role_type_pkey", "Relation Name": "role_type", "Alias": "rt", "Startup Cost": 0.0, "Total Cost": 12.43, "Plan Rows": 12, "Plan Width": 4, "Actual Min Startup Time": 0.027, "Actual Max Startup Time": 0.027, "Actual Min Total Time": 0.036, "Actual Max Total Time": 0.036, "Actual Total Rows": 12}]}]}]}]}, {"Node Type": "Hash", "Parent Relationship": "Inner", "Startup Cost": 123439.09, "Total Cost": 123439.09, "Plan Rows": 1748840, "Plan Width": 21, "Actual Min Startup Time": 684.376, "Actual Max Startup Time": 883.858, "Actual Min Total Time": 684.376, "Actual Max Total Time": 883.858, "Actual Total Rows": 1749032, "Max Hash Buckets": 131072, "Min Hash Buckets": 131072, "Max Hash Batches": 1, "Min Hash Batches": 1, "Max Original Hash Batches": 1, "Min Original Hash Batches": 1, "Max Peak Memory Usage": 5875, "min Peak Memory Usage": 5875, "Plans": [{"Node Type": "Streaming(type: LOCAL REDISTRIBUTE dop: 16/16)", "Parent Relationship": "Outer", "Startup Cost": 0.0, "Total Cost": 123439.09, "Plan Rows": 1748840, "Plan Width": 21, "Actual Min Startup Time": 0.054, "Actual Max Startup Time": 161.083, "Actual Min Total Time": 624.935, "Actual Max Total Time": 827.992, "Actual Total Rows": 1749032, "Plans": [{"Node Type": "Index Scan", "Parent Relationship": "Outer", "Scan Direction": "Forward", "Index Name": "title_pkey", "Relation Name": "title", "Alias": "t", "Startup Cost": 0.0, "Total Cost": 101812.62, "Plan Rows": 1748840, "Plan Width": 21, "Actual Min Startup Time": 0.095, "Actual Max Startup Time": 64.944, "Actual Min Total Time": 296.416, "Actual Max Total Time": 515.535, "Actual Total Rows": 1749032, "Filter": "(production_year > 1990), (LLVM Optimized, Jit Execute)", "Rows Removed by Filter": 779279}]}]}]}]}]}]}, "Triggers": [], "Planner Runtime": 61.584, "Total Runtime": 3961.292, "Unique SQL Id": 3145361615}}, "(16, 46)": {"explain_plan": {"Plan": {"Node Type": "Aggregate", "Strategy": "Plain", "Startup Cost": 272970.86, "Total Cost": 272970.88, "Plan Rows": 1, "Plan Width": 97, "Plans": [{"Node Type": "Streaming(type: LOCAL GATHER dop: 1/16)", "Parent Relationship": "Outer", "Startup Cost": 272970.86, "Total Cost": 272970.88, "Plan Rows": 1, "Plan Width": 97, "Plans": [{"Node Type": "Aggregate", "Strategy": "Plain", "Parent Relationship": "Outer", "Startup Cost": 272970.86, "Total Cost": 272970.87, "Plan Rows": 1, "Plan Width": 97, "Plans": [{"Node Type": "Hash Join", "Parent Relationship": "Outer", "Join Type": "Inner", "Startup Cost": 129833.14, "Total Cost": 268123.79, "Plan Rows": 969413, "Plan Width": 33, "Inner Unique": true, "Hash Cond": "(mc.movie_id = t.id), (LLVM Optimized)", "Plans": [{"Node Type": "Streaming(type: LOCAL REDISTRIBUTE dop: 16/16)", "Parent Relationship": "Outer", "Startup Cost": 118272.9, "Total Cost": 255793.67, "Plan Rows": 699731, "Plan Width": 24, "Plans": [{"Node Type": "Nested Loop", "Parent Relationship": "Outer", "Join Type": "Inner", "Startup Cost": 118272.9, "Total Cost": 238142.35, "Plan Rows": 699731, "Plan Width": 24, "Inner Unique": true, "Join Filter": "(mc.company_type_id = ct.id), (LLVM Optimized)", "Plans": [{"Node Type": "Hash Join", "Parent Relationship": "Outer", "Join Type": "Inner", "Startup Cost": 118272.9, "Total Cost": 221172.28, "Plan Rows": 699731, "Plan Width": 28, "Inner Unique": true, "Hash Cond": "(ci.person_role_id = chn.id), (LLVM Optimized)", "Plans": [{"Node Type": "Streaming(type: LOCAL REDISTRIBUTE dop: 16/16)", "Parent Relationship": "Outer", "Startup Cost": 104290.19, "Total Cost": 206413.94, "Plan Rows": 1443440, "Plan Width": 16, "Plans": [{"Node Type": "Hash Join", "Parent Relationship": "Outer", "Join Type": "Inner", "Startup Cost": 104290.19, "Total Cost": 185944.65, "Plan Rows": 1443440, "Plan Width": 16, "Inner Unique": false, "Hash Cond": "(ci.movie_id = mc.movie_id), (LLVM Optimized)", "Plans": [{"Node Type": "Streaming(type: LOCAL REDISTRIBUTE dop: 16/16)", "Parent Relationship": "Outer", "Startup Cost": 15005.41, "Total Cost": 94859.97, "Plan Rows": 1436424, "Plan Width": 8, "Plans": [{"Node Type": "Hash Join", "Parent Relationship": "Outer", "Join Type": "Inner", "Startup Cost": 15005.41, "Total Cost": 74417.27, "Plan Rows": 1436424, "Plan Width": 8, "Inner Unique": true, "Hash Cond": "(ci.role_id = rt.id), (LLVM Optimized)", "Plans": [{"Node Type": "Seq Scan", "Parent Relationship": "Outer", "Relation Name": "cast_info", "Alias": "ci", "Startup Cost": 0.0, "Total Cost": 58282.92, "Plan Rows": 1436424, "Plan Width": 12, "Filter": "((note)::text ~~ '%(producer)%'::text), (LLVM Optimized)"}, {"Node Type": "Hash", "Parent Relationship": "Inner", "Startup Cost": 15005.26, "Total Cost": 15005.26, "Plan Rows": 192, "Plan Width": 4, "Plans": [{"Node Type": "Streaming(type: BROADCAST dop: 16/1)", "Parent Relationship": "Outer", "Startup Cost": 0.0, "Total Cost": 15005.26, "Plan Rows": 192, "Plan Width": 4, "Plans": [{"Node Type": "Seq Scan", "Parent Relationship": "Outer", "Relation Name": "role_type", "Alias": "rt", "Startup Cost": 0.0, "Total Cost": 1.12, "Plan Rows": 12, "Plan Width": 4}]}]}]}]}, {"Node Type": "Hash", "Parent Relationship": "Inner", "Startup Cost": 88282.97, "Total Cost": 88282.97, "Plan Rows": 1282311, "Plan Width": 8, "Plans": [{"Node Type": "Streaming(type: LOCAL REDISTRIBUTE dop: 16/16)", "Parent Relationship": "Outer", "Startup Cost": 24511.53, "Total Cost": 88282.97, "Plan Rows": 1282311, "Plan Width": 8, "Plans": [{"Node Type": "Hash Join", "Parent Relationship": "Outer", "Join Type": "Inner", "Startup Cost": 24511.53, "Total Cost": 68424.21, "Plan Rows": 1282311, "Plan Width": 8, "Inner Unique": true, "Hash Cond": "(mc.company_id = cn.id), (LLVM Optimized)", "Plans": [{"Node Type": "Streaming(type: LOCAL REDISTRIBUTE dop: 16/16)", "Parent Relationship": "Outer", "Startup Cost": 0.0, "Total Cost": 42499.73, "Plan Rows": 2609128, "Plan Width": 12, "Plans": [{"Node Type": "Seq Scan", "Parent Relationship": "Outer", "Relation Name": "movie_companies", "Alias": "mc", "Startup Cost": 0.0, "Total Cost": 17613.58, "Plan Rows": 2609128, "Plan Width": 12}]}, {"Node Type": "Hash", "Parent Relationship": "Inner", "Startup Cost": 24444.99, "Total Cost": 24444.99, "Plan Rows": 85170, "Plan Width": 4, "Plans": [{"Node Type": "Streaming(type: LOCAL REDISTRIBUTE dop: 16/1)", "Parent Relationship": "Outer", "Startup Cost": 0.0, "Total Cost": 24444.99, "Plan Rows": 85170, "Plan Width": 4, "Plans": [{"Node Type": "Seq Scan", "Parent Relationship": "Outer", "Relation Name": "company_name", "Alias": "cn", "Startup Cost": 0.0, "Total Cost": 5903.45, "Plan Rows": 85170, "Plan Width": 4, "Filter": "((country_code)::text = '[us]'::text)"}]}]}]}]}]}]}]}, {"Node Type": "Hash", "Parent Relationship": "Inner", "Startup Cost": 46117.27, "Total Cost": 46117.27, "Plan Rows": 3140338, "Plan Width": 20, "Plans": [{"Node Type": "Streaming(type: LOCAL REDISTRIBUTE dop: 16/16)", "Parent Relationship": "Outer", "Startup Cost": 0.0, "Total Cost": 46117.27, "Plan Rows": 3140338, "Plan Width": 20, "Plans": [{"Node Type": "Seq Scan", "Parent Relationship": "Outer", "Relation Name": "char_name", "Alias": "chn", "Startup Cost": 0.0, "Total Cost": 19218.34, "Plan Rows": 3140338, "Plan Width": 20}]}]}]}, {"Node Type": "Materialize", "Parent Relationship": "Inner", "Startup Cost": 0.0, "Total Cost": 15002.08, "Plan Rows": 48, "Plan Width": 4, "Plans": [{"Node Type": "Streaming(type: BROADCAST dop: 16/1)", "Parent Relationship": "Outer", "Startup Cost": 0.0, "Total Cost": 15002.07, "Plan Rows": 48, "Plan Width": 4, "Plans": [{"Node Type": "Seq Scan", "Parent Relationship": "Outer", "Relation Name": "company_type", "Alias": "ct", "Startup Cost": 0.0, "Total Cost": 1.03, "Plan Rows": 3, "Plan Width": 4}]}]}]}]}, {"Node Type": "Hash", "Parent Relationship": "Inner", "Startup Cost": 40775.83, "Total Cost": 40775.83, "Plan Rows": 1748840, "Plan Width": 21, "Plans": [{"Node Type": "Streaming(type: LOCAL REDISTRIBUTE dop: 16/16)", "Parent Relationship": "Outer", "Startup Cost": 0.0, "Total Cost": 40775.83, "Plan Rows": 1748840, "Plan Width": 21, "Plans": [{"Node Type": "Seq Scan", "Parent Relationship": "Outer", "Relation Name": "title", "Alias": "t", "Startup Cost": 0.0, "Total Cost": 19149.37, "Plan Rows": 1748840, "Plan Width": 21, "Filter": "(production_year > 1990), (LLVM Optimized)"}]}]}]}]}]}]}, "Unique SQL Id": 3145361615}, "explain_analyze_plan": {"Plan": {"Node Type": "Aggregate", "Strategy": "Plain", "Startup Cost": 272970.86, "Total Cost": 272970.88, "Plan Rows": 1, "Plan Width": 97, "Actual Min Startup Time": 1851.442, "Actual Max Startup Time": 1851.442, "Actual Min Total Time": 1851.442, "Actual Max Total Time": 1851.442, "Actual Total Rows": 1, "Plans": [{"Node Type": "Streaming(type: LOCAL GATHER dop: 1/16)", "Parent Relationship": "Outer", "Startup Cost": 272970.86, "Total Cost": 272970.88, "Plan Rows": 1, "Plan Width": 97, "Actual Min Startup Time": 1850.571, "Actual Max Startup Time": 1850.571, "Actual Min Total Time": 1851.421, "Actual Max Total Time": 1851.421, "Actual Total Rows": 16, "Plans": [{"Node Type": "Aggregate", "Strategy": "Plain", "Parent Relationship": "Outer", "Startup Cost": 272970.86, "Total Cost": 272970.87, "Plan Rows": 1, "Plan Width": 97, "Actual Min Startup Time": 1528.987, "Actual Max Startup Time": 1703.473, "Actual Min Total Time": 1528.988, "Actual Max Total Time": 1703.473, "Actual Total Rows": 16, "Plans": [{"Node Type": "Hash Join", "Parent Relationship": "Outer", "Join Type": "Inner", "Startup Cost": 129833.14, "Total Cost": 268123.79, "Plan Rows": 969413, "Plan Width": 33, "Actual Min Startup Time": 1526.266, "Actual Max Startup Time": 1700.688, "Actual Min Total Time": 1528.951, "Actual Max Total Time": 1703.451, "Actual Total Rows": 4, "Inner Unique": true, "Hash Cond": "(mc.movie_id = t.id), (LLVM Optimized, Jit Execute)", "Plans": [{"Node Type": "Streaming(type: LOCAL REDISTRIBUTE dop: 16/16)", "Parent Relationship": "Outer", "Startup Cost": 118272.9, "Total Cost": 255793.67, "Plan Rows": 699731, "Plan Width": 24, "Actual Min Startup Time": 1276.696, "Actual Max Startup Time": 1279.511, "Actual Min Total Time": 1279.291, "Actual Max Total Time": 1279.511, "Actual Total Rows": 6, "Plans": [{"Node Type": "Nested Loop", "Parent Relationship": "Outer", "Join Type": "Inner", "Startup Cost": 118272.9, "Total Cost": 238142.35, "Plan Rows": 699731, "Plan Width": 24, "Actual Min Startup Time": 1525.547, "Actual Max Startup Time": 1741.741, "Actual Min Total Time": 1530.314, "Actual Max Total Time": 1741.741, "Actual Total Rows": 6, "Inner Unique": true, "Join Filter": "(mc.company_type_id = ct.id), (LLVM Optimized, Jit Execute)", "Rows Removed by Join Filter": 24, "Plans": [{"Node Type": "Hash Join", "Parent Relationship": "Outer", "Join Type": "Inner", "Startup Cost": 118272.9, "Total Cost": 221172.28, "Plan Rows": 699731, "Plan Width": 28, "Actual Min Startup Time": 1525.521, "Actual Max Startup Time": 1698.406, "Actual Min Total Time": 1528.408, "Actual Max Total Time": 1698.406, "Actual Total Rows": 14, "Inner Unique": true, "Hash Cond": "(ci.person_role_id = chn.id), (LLVM Optimized, Jit Execute)", "Plans": [{"Node Type": "Streaming(type: LOCAL REDISTRIBUTE dop: 16/16)", "Parent Relationship": "Outer", "Startup Cost": 104290.19, "Total Cost": 206413.94, "Plan Rows": 1443440, "Plan Width": 16, "Actual Min Startup Time": 267.19, "Actual Max Startup Time": 1139.907, "Actual Min Total Time": 1010.82, "Actual Max Total Time": 1139.907, "Actual Total Rows": 1210267, "Plans": [{"Node Type": "Hash Join", "Parent Relationship": "Outer", "Join Type": "Inner", "Startup Cost": 104290.19, "Total Cost": 185944.65, "Plan Rows": 1443440, "Plan Width": 16, "Actual Min Startup Time": 654.515, "Actual Max Startup Time": 766.246, "Actual Min Total Time": 1227.175, "Actual Max Total Time": 1347.946, "Actual Total Rows": 1210267, "Inner Unique": false, "Hash Cond": "(ci.movie_id = mc.movie_id), (LLVM Optimized, Jit Execute)", "Plans": [{"Node Type": "Streaming(type: LOCAL REDISTRIBUTE dop: 16/16)", "Parent Relationship": "Outer", "Startup Cost": 15005.41, "Total Cost": 94859.97, "Plan Rows": 1436424, "Plan Width": 8, "Actual Min Startup Time": 0.061, "Actual Max Startup Time": 2.164, "Actual Min Total Time": 507.946, "Actual Max Total Time": 533.999, "Actual Total Rows": 1435439, "Plans": [{"Node Type": "Hash Join", "Parent Relationship": "Outer", "Join Type": "Inner", "Startup Cost": 15005.41, "Total Cost": 74417.27, "Plan Rows": 1436424, "Plan Width": 8, "Actual Min Startup Time": 44.415, "Actual Max Startup Time": 359.164, "Actual Min Total Time": 727.868, "Actual Max Total Time": 791.24, "Actual Total Rows": 1435439, "Inner Unique": true, "Hash Cond": "(ci.role_id = rt.id), (LLVM Optimized, Jit Execute)", "Plans": [{"Node Type": "Seq Scan", "Parent Relationship": "Outer", "Relation Name": "cast_info", "Alias": "ci", "Startup Cost": 0.0, "Total Cost": 58282.92, "Plan Rows": 1436424, "Plan Width": 12, "Actual Min Startup Time": 44.315, "Actual Max Startup Time": 359.045, "Actual Min Total Time": 683.134, "Actual Max Total Time": 746.581, "Actual Total Rows": 1435439, "Filter": "((note)::text ~~ '%(producer)%'::text), (LLVM Optimized, Jit Execute)", "Rows Removed by Filter": 34808904}, {"Node Type": "Hash", "Parent Relationship": "Inner", "Startup Cost": 15005.26, "Total Cost": 15005.26, "Plan Rows": 192, "Plan Width": 4, "Actual Min Startup Time": 0.018, "Actual Max Startup Time": 0.098, "Actual Min Total Time": 0.018, "Actual Max Total Time": 0.098, "Actual Total Rows": 192, "Max Hash Buckets": 32768, "Min Hash Buckets": 32768, "Max Hash Batches": 1, "Min Hash Batches": 1, "Max Original Hash Batches": 1, "Min Original Hash Batches": 1, "Max Peak Memory Usage": 1, "min Peak Memory Usage": 1, "Plans": [{"Node Type": "Streaming(type: BROADCAST dop: 16/1)", "Parent Relationship": "Outer", "Startup Cost": 0.0, "Total Cost": 15005.26, "Plan Rows": 192, "Plan Width": 4, "Actual Min Startup Time": 0.005, "Actual Max Startup Time": 0.016, "Actual Min Total Time": 0.006, "Actual Max Total Time": 0.019, "Actual Total Rows": 192, "Plans": [{"Node Type": "Seq Scan", "Parent Relationship": "Outer", "Relation Name": "role_type", "Alias": "rt", "Startup Cost": 0.0, "Total Cost": 1.12, "Plan Rows": 12, "Plan Width": 4, "Actual Min Startup Time": 0.012, "Actual Max Startup Time": 0.012, "Actual Min Total Time": 0.017, "Actual Max Total Time": 0.017, "Actual Total Rows": 12}]}]}]}]}, {"Node Type": "Hash", "Parent Relationship": "Inner", "Startup Cost": 88282.97, "Total Cost": 88282.97, "Plan Rows": 1282311, "Plan Width": 8, "Actual Min Startup Time": 654.343, "Actual Max Startup Time": 766.036, "Actual Min Total Time": 654.343, "Actual Max Total Time": 766.036, "Actual Total Rows": 1153797, "Max Hash Buckets": 131072, "Min Hash Buckets": 131072, "Max Hash Batches": 1, "Min Hash Batches": 1, "Max Original Hash Batches": 1, "Min Original Hash Batches": 1, "Max Peak Memory Usage": 2824, "min Peak Memory Usage": 2824, "Plans": [{"Node Type": "Streaming(type: LOCAL REDISTRIBUTE dop: 16/16)", "Parent Relationship": "Outer", "Startup Cost": 24511.53, "Total Cost": 88282.97, "Plan Rows": 1282311, "Plan Width": 8, "Actual Min Startup Time": 210.935, "Actual Max Startup Time": 322.34, "Actual Min Total Time": 636.024, "Actual Max Total Time": 745.671, "Actual Total Rows": 1153797, "Plans": [{"Node Type": "Hash Join", "Parent Relationship": "Outer", "Join Type": "Inner", "Startup Cost": 24511.53, "Total Cost": 68424.21, "Plan Rows": 1282311, "Plan Width": 8, "Actual Min Startup Time": 208.859, "Actual Max Startup Time": 395.904, "Actual Min Total Time": 531.724, "Actual Max Total Time": 761.672, "Actual Total Rows": 1153797, "Inner Unique": true, "Hash Cond": "(mc.company_id = cn.id), (LLVM Optimized, Jit Execute)", "Plans": [{"Node Type": "Streaming(type: LOCAL REDISTRIBUTE dop: 16/16)", "Parent Relationship": "Outer", "Startup Cost": 0.0, "Total Cost": 42499.73, "Plan Rows": 2609128, "Plan Width": 12, "Actual Min Startup Time": 0.057, "Actual Max Startup Time": 1.428, "Actual Min Total Time": 262.232, "Actual Max Total Time": 340.091, "Actual Total Rows": 2609128, "Plans": [{"Node Type": "Seq Scan", "Parent Relationship": "Outer", "Relation Name": "movie_companies", "Alias": "mc", "Startup Cost": 0.0, "Total Cost": 17613.58, "Plan Rows": 2609128, "Plan Width": 12, "Actual Min Startup Time": 0.026, "Actual Max Startup Time": 0.043, "Actual Min Total Time": 41.08, "Actual Max Total Time": 51.061, "Actual Total Rows": 2609128}]}, {"Node Type": "Hash", "Parent Relationship": "Inner", "Startup Cost": 24444.99, "Total Cost": 24444.99, "Plan Rows": 85170, "Plan Width": 4, "Actual Min Startup Time": 208.731, "Actual Max Startup Time": 394.761, "Actual Min Total Time": 208.731, "Actual Max Total Time": 394.761, "Actual Total Rows": 84843, "Max Hash Buckets": 32768, "Min Hash Buckets": 32768, "Max Hash Batches": 1, "Min Hash Batches": 1, "Max Original Hash Batches": 1, "Min Original Hash Batches": 1, "Max Peak Memory Usage": 182, "min Peak Memory Usage": 182, "Plans": [{"Node Type": "Streaming(type: LOCAL REDISTRIBUTE dop: 16/1)", "Parent Relationship": "Outer", "Startup Cost": 0.0, "Total Cost": 24444.99, "Plan Rows": 85170, "Plan Width": 4, "Actual Min Startup Time": 0.043, "Actual Max Startup Time": 186.918, "Actual Min Total Time": 206.926, "Actual Max Total Time": 392.009, "Actual Total Rows": 84843, "Plans": [{"Node Type": "Seq Scan", "Parent Relationship": "Outer", "Relation Name": "company_name", "Alias": "cn", "Startup Cost": 0.0, "Total Cost": 5903.45, "Plan Rows": 85170, "Plan Width": 4, "Actual Min Startup Time": 0.05, "Actual Max Startup Time": 0.05, "Actual Min Total Time": 99.773, "Actual Max Total Time": 99.773, "Actual Total Rows": 84843, "Filter": "((country_code)::text = '[us]'::text)", "Rows Removed by Filter": 150153}]}]}]}]}]}]}]}, {"Node Type": "Hash", "Parent Relationship": "Inner", "Startup Cost": 46117.27, "Total Cost": 46117.27, "Plan Rows": 3140338, "Plan Width": 20, "Actual Min Startup Time": 388.375, "Actual Max Startup Time": 558.238, "Actual Min Total Time": 388.375, "Actual Max Total Time": 558.238, "Actual Total Rows": 3140338, "Max Hash Buckets": 262144, "Min Hash Buckets": 262144, "Max Hash Batches": 1, "Min Hash Batches": 1, "Max Original Hash Batches": 1, "Min Original Hash Batches": 1, "Max Peak Memory Usage": 10347, "min Peak Memory Usage": 10347, "Plans": [{"Node Type": "Streaming(type: LOCAL REDISTRIBUTE dop: 16/16)", "Parent Relationship": "Outer", "Startup Cost": 0.0, "Total Cost": 46117.27, "Plan Rows": 3140338, "Plan Width": 20, "Actual Min Startup Time": 0.051, "Actual Max Startup Time": 17.737, "Actual Min Total Time": 300.722, "Actual Max Total Time": 467.746, "Actual Total Rows": 3140338, "Plans": [{"Node Type": "Seq Scan", "Parent Relationship": "Outer", "Relation Name": "char_name", "Alias": "chn", "Startup Cost": 0.0, "Total Cost": 19218.34, "Plan Rows": 3140338, "Plan Width": 20, "Actual Min Startup Time": 0.018, "Actual Max Startup Time": 0.033, "Actual Min Total Time": 57.62, "Actual Max Total Time": 68.173, "Actual Total Rows": 3140338}]}]}]}, {"Node Type": "Materialize", "Parent Relationship": "Inner", "Startup Cost": 0.0, "Total Cost": 15002.08, "Plan Rows": 48, "Plan Width": 4, "Actual Min Startup Time": 0.008, "Actual Max Startup Time": 41.332, "Actual Min Total Time": 0.008, "Actual Max Total Time": 41.332, "Actual Total Rows": 46, "Plans": [{"Node Type": "Streaming(type: BROADCAST dop: 16/1)", "Parent Relationship": "Outer", "Startup Cost": 0.0, "Total Cost": 15002.07, "Plan Rows": 48, "Plan Width": 4, "Actual Min Startup Time": 0.004, "Actual Max Startup Time": 41.324, "Actual Min Total Time": 0.005, "Actual Max Total Time": 41.326, "Actual Total Rows": 48, "Plans": [{"Node Type": "Seq Scan", "Parent Relationship": "Outer", "Relation Name": "company_type", "Alias": "ct", "Startup Cost": 0.0, "Total Cost": 1.03, "Plan Rows": 3, "Plan Width": 4, "Actual Min Startup Time": 0.01, "Actual Max Startup Time": 0.01, "Actual Min Total Time": 0.012, "Actual Max Total Time": 0.012, "Actual Total Rows": 3}]}]}]}]}, {"Node Type": "Hash", "Parent Relationship": "Inner", "Startup Cost": 40775.83, "Total Cost": 40775.83, "Plan Rows": 1748840, "Plan Width": 21, "Actual Min Startup Time": 249.391, "Actual Max Startup Time": 423.825, "Actual Min Total Time": 249.391, "Actual Max Total Time": 423.825, "Actual Total Rows": 1749032, "Max Hash Buckets": 131072, "Min Hash Buckets": 131072, "Max Hash Batches": 1, "Min Hash Batches": 1, "Max Original Hash Batches": 1, "Min Original Hash Batches": 1, "Max Peak Memory Usage": 5875, "min Peak Memory Usage": 5875, "Plans": [{"Node Type": "Streaming(type: LOCAL REDISTRIBUTE dop: 16/16)", "Parent Relationship": "Outer", "Startup Cost": 0.0, "Total Cost": 40775.83, "Plan Rows": 1748840, "Plan Width": 21, "Actual Min Startup Time": 0.055, "Actual Max Startup Time": 38.555, "Actual Min Total Time": 207.495, "Actual Max Total Time": 386.837, "Actual Total Rows": 1749032, "Plans": [{"Node Type": "Seq Scan", "Parent Relationship": "Outer", "Relation Name": "title", "Alias": "t", "Startup Cost": 0.0, "Total Cost": 19149.37, "Plan Rows": 1748840, "Plan Width": 21, "Actual Min Startup Time": 0.031, "Actual Max Startup Time": 0.05, "Actual Min Total Time": 64.362, "Actual Max Total Time": 71.656, "Actual Total Rows": 1749032, "Filter": "(production_year > 1990), (LLVM Optimized, Jit Execute)", "Rows Removed by Filter": 779279}]}]}]}]}]}]}, "Triggers": [], "Planner Runtime": 87.81, "Total Runtime": 1891.157, "Unique SQL Id": 3145361615}}, "(16, 47)": {"explain_plan": {"Plan": {"Node Type": "Aggregate", "Strategy": "Plain", "Startup Cost": 7102924029567.26, "Total Cost": 7102924029567.27, "Plan Rows": 1, "Plan Width": 97, "Plans": [{"Node Type": "Nested Loop", "Parent Relationship": "Outer", "Join Type": "Inner", "Startup Cost": 70000000000.0, "Total Cost": 7102924024720.19, "Plan Rows": 969413, "Plan Width": 33, "Inner Unique": true, "Join Filter": "(ci.role_id = rt.id), (LLVM Optimized)", "Plans": [{"Node Type": "Nested Loop", "Parent Relationship": "Outer", "Join Type": "Inner", "Startup Cost": 60000000000.0, "Total Cost": 6102923848982.82, "Plan Rows": 969413, "Plan Width": 37, "Inner Unique": true, "Join Filter": "(mc.movie_id = t.id), (LLVM Optimized)", "Plans": [{"Node Type": "Nested Loop", "Parent Relationship": "Outer", "Join Type": "Inner", "Startup Cost": 50000000000.0, "Total Cost": 5084556437053.46, "Plan Rows": 699731, "Plan Width": 28, "Inner Unique": true, "Join Filter": "(mc.company_type_id = ct.id), (LLVM Optimized)", "Plans": [{"Node Type": "Nested Loop", "Parent Relationship": "Outer", "Join Type": "Inner", "Startup Cost": 40000000000.0, "Total Cost": 4084556404336.05, "Plan Rows": 699731, "Plan Width": 32, "Inner Unique": false, "Join Filter": "(ci.movie_id = mc.movie_id), (LLVM Optimized)", "Plans": [{"Node Type": "Nested Loop", "Parent Relationship": "Outer", "Join Type": "Inner", "Startup Cost": 20000000000.0, "Total Cost": 2067819066805.53, "Plan Rows": 696330, "Plan Width": 24, "Inner Unique": true, "Join Filter": "(chn.id = ci.person_role_id), (LLVM Optimized)", "Plans": [{"Node Type": "Index Scan", "Parent Relationship": "Outer", "Scan Direction": "Forward", "Index Name": "role_id_cast_info", "Relation Name": "cast_info", "Alias": "ci", "Startup Cost": 10000000000.0, "Total Cost": 1000143218339.5, "Plan Rows": 1436424, "Plan Width": 12, "Filter": "((note)::text ~~ '%(producer)%'::text), (LLVM Optimized)"}, {"Node Type": "Materialize", "Parent Relationship": "Inner", "Startup Cost": 10000000000.0, "Total Cost": 1000013003247.2, "Plan Rows": 3140338, "Plan Width": 20, "Plans": [{"Node Type": "Index Scan", "Parent Relationship": "Outer", "Scan Direction": "Forward", "Index Name": "char_name_pkey", "Relation Name": "char_name", "Alias": "chn", "Startup Cost": 10000000000.0, "Total Cost": 1000012987545.51, "Plan Rows": 3140338, "Plan Width": 20}]}]}, {"Node Type": "Materialize", "Parent Relationship": "Inner", "Startup Cost": 20000000000.0, "Total Cost": 2003343666456.85, "Plan Rows": 1282311, "Plan Width": 8, "Plans": [{"Node Type": "Nested Loop", "Parent Relationship": "Outer", "Join Type": "Inner", "Startup Cost": 20000000000.0, "Total Cost": 2003343660045.29, "Plan Rows": 1282311, "Plan Width": 8, "Inner Unique": true, "Join Filter": "(cn.id = mc.company_id), (LLVM Optimized)", "Plans": [{"Node Type": "Index Scan", "Parent Relationship": "Outer", "Scan Direction": "Forward", "Index Name": "company_type_id_movie_companies", "Relation Name": "movie_companies", "Alias": "mc", "Startup Cost": 10000000000.0, "Total Cost": 1000009318217.0, "Plan Rows": 2609128, "Plan Width": 12}, {"Node Type": "Materialize", "Parent Relationship": "Inner", "Startup Cost": 10000000000.0, "Total Cost": 1000001050564.82, "Plan Rows": 85170, "Plan Width": 4, "Plans": [{"Node Type": "Index Scan", "Parent Relationship": "Outer", "Scan Direction": "Forward", "Index Name": "company_name_pkey", "Relation Name": "company_name", "Alias": "cn", "Startup Cost": 10000000000.0, "Total Cost": 1000001050138.97, "Plan Rows": 85170, "Plan Width": 4, "Filter": "((country_code)::text = '[us]'::text)"}]}]}]}]}, {"Node Type": "Materialize", "Parent Relationship": "Inner", "Startup Cost": 10000000000.0, "Total Cost": 1000000001229.52, "Plan Rows": 3, "Plan Width": 4, "Plans": [{"Node Type": "Index Scan", "Parent Relationship": "Outer", "Scan Direction": "Forward", "Index Name": "company_type_pkey", "Relation Name": "company_type", "Alias": "ct", "Startup Cost": 10000000000.0, "Total Cost": 1000000001229.5, "Plan Rows": 3, "Plan Width": 4}]}]}, {"Node Type": "Materialize", "Parent Relationship": "Inner", "Startup Cost": 10000000000.0, "Total Cost": 1000011652870.86, "Plan Rows": 1748840, "Plan Width": 21, "Plans": [{"Node Type": "Index Scan", "Parent Relationship": "Outer", "Scan Direction": "Forward", "Index Name": "title_pkey", "Relation Name": "title", "Alias": "t", "Startup Cost": 10000000000.0, "Total Cost": 1000011644126.66, "Plan Rows": 1748840, "Plan Width": 21, "Filter": "(production_year > 1990), (LLVM Optimized)"}]}]}, {"Node Type": "Materialize", "Parent Relationship": "Inner", "Startup Cost": 10000000000.0, "Total Cost": 1000000001243.06, "Plan Rows": 12, "Plan Width": 4, "Plans": [{"Node Type": "Index Scan", "Parent Relationship": "Outer", "Scan Direction": "Forward", "Index Name": "role_type_pkey", "Relation Name": "role_type", "Alias": "rt", "Startup Cost": 10000000000.0, "Total Cost": 1000000001243.0, "Plan Rows": 12, "Plan Width": 4}]}]}]}, "Unique SQL Id": 3145361615}, "explain_analyze_plan": null}, "(16, 48)": {"explain_plan": {"Plan": {"Node Type": "Aggregate", "Strategy": "Plain", "Startup Cost": 1669200.92, "Total Cost": 1669200.93, "Plan Rows": 1, "Plan Width": 97, "Plans": [{"Node Type": "Nested Loop", "Parent Relationship": "Outer", "Join Type": "Inner", "Startup Cost": 0.0, "Total Cost": 1664353.86, "Plan Rows": 969413, "Plan Width": 33, "Inner Unique": true, "Plans": [{"Node Type": "Nested Loop", "Parent Relationship": "Outer", "Join Type": "Inner", "Startup Cost": 0.0, "Total Cost": 1419437.32, "Plan Rows": 699731, "Plan Width": 24, "Inner Unique": true, "Join Filter": "(mc.company_type_id = ct.id), (LLVM Optimized)", "Plans": [{"Node Type": "Nested Loop", "Parent Relationship": "Outer", "Join Type": "Inner", "Startup Cost": 0.0, "Total Cost": 1387948.39, "Plan Rows": 699731, "Plan Width": 28, "Inner Unique": true, "Plans": [{"Node Type": "Nested Loop", "Parent Relationship": "Outer", "Join Type": "Inner", "Startup Cost": 0.0, "Total Cost": 978390.36, "Plan Rows": 1423748, "Plan Width": 32, "Inner Unique": false, "Plans": [{"Node Type": "Nested Loop", "Parent Relationship": "Outer", "Join Type": "Inner", "Startup Cost": 0.0, "Total Cost": 713471.65, "Plan Rows": 696330, "Plan Width": 20, "Inner Unique": true, "Plans": [{"Node Type": "Streaming(type: LOCAL GATHER dop: 1/16)", "Parent Relationship": "Outer", "Startup Cost": 0.0, "Total Cost": 120448.93, "Plan Rows": 1436424, "Plan Width": 8, "Plans": [{"Node Type": "Nested Loop", "Parent Relationship": "Outer", "Join Type": "Inner", "Startup Cost": 0.0, "Total Cost": 89447.98, "Plan Rows": 1436424, "Plan Width": 8, "Inner Unique": true, "Join Filter": "(ci.role_id = rt.id), (LLVM Optimized)", "Plans": [{"Node Type": "Seq Scan", "Parent Relationship": "Outer", "Relation Name": "cast_info", "Alias": "ci", "Startup Cost": 0.0, "Total Cost": 58282.92, "Plan Rows": 1436424, "Plan Width": 12, "Filter": "((note)::text ~~ '%(producer)%'::text), (LLVM Optimized)"}, {"Node Type": "Materialize", "Parent Relationship": "Inner", "Startup Cost": 0.0, "Total Cost": 15005.32, "Plan Rows": 192, "Plan Width": 4, "Plans": [{"Node Type": "Streaming(type: BROADCAST dop: 16/1)", "Parent Relationship": "Outer", "Startup Cost": 0.0, "Total Cost": 15005.26, "Plan Rows": 192, "Plan Width": 4, "Plans": [{"Node Type": "Seq Scan", "Parent Relationship": "Outer", "Relation Name": "role_type", "Alias": "rt", "Startup Cost": 0.0, "Total Cost": 1.12, "Plan Rows": 12, "Plan Width": 4}]}]}]}]}, {"Node Type": "Index Scan", "Parent Relationship": "Inner", "Scan Direction": "Forward", "Index Name": "char_name_pkey", "Relation Name": "char_name", "Alias": "chn", "Startup Cost": 0.0, "Total Cost": 0.4, "Plan Rows": 1, "Plan Width": 20, "Index Cond": "(id = ci.person_role_id)"}]}, {"Node Type": "Index Scan", "Parent Relationship": "Inner", "Scan Direction": "Forward", "Index Name": "movie_id_movie_companies", "Relation Name": "movie_companies", "Alias": "mc", "Startup Cost": 0.0, "Total Cost": 0.36, "Plan Rows": 2, "Plan Width": 12, "Index Cond": "(movie_id = ci.movie_id)"}]}, {"Node Type": "Index Scan", "Parent Relationship": "Inner", "Scan Direction": "Forward", "Index Name": "company_name_pkey", "Relation Name": "company_name", "Alias": "cn", "Startup Cost": 0.0, "Total Cost": 0.28, "Plan Rows": 1, "Plan Width": 4, "Index Cond": "(id = mc.company_id)", "Filter": "((country_code)::text = '[us]'::text)"}]}, {"Node Type": "Materialize", "Parent Relationship": "Inner", "Startup Cost": 0.0, "Total Cost": 1.04, "Plan Rows": 3, "Plan Width": 4, "Plans": [{"Node Type": "Seq Scan", "Parent Relationship": "Outer", "Relation Name": "company_type", "Alias": "ct", "Startup Cost": 0.0, "Total Cost": 1.03, "Plan Rows": 3, "Plan Width": 4}]}]}, {"Node Type": "Index Scan", "Parent Relationship": "Inner", "Scan Direction": "Forward", "Index Name": "title_pkey", "Relation Name": "title", "Alias": "t", "Startup Cost": 0.0, "Total Cost": 0.34, "Plan Rows": 1, "Plan Width": 21, "Index Cond": "(id = mc.movie_id)", "Filter": "(production_year > 1990)"}]}]}, "Unique SQL Id": 3145361615}, "explain_analyze_plan": {"Plan": {"Node Type": "Aggregate", "Strategy": "Plain", "Startup Cost": 1669200.92, "Total Cost": 1669200.93, "Plan Rows": 1, "Plan Width": 97, "Actual Min Startup Time": 1677.422, "Actual Max Startup Time": 1677.422, "Actual Min Total Time": 1677.422, "Actual Max Total Time": 1677.422, "Actual Total Rows": 1, "Plans": [{"Node Type": "Nested Loop", "Parent Relationship": "Outer", "Join Type": "Inner", "Startup Cost": 0.0, "Total Cost": 1664353.86, "Plan Rows": 969413, "Plan Width": 33, "Actual Min Startup Time": 366.84, "Actual Max Startup Time": 366.84, "Actual Min Total Time": 1677.368, "Actual Max Total Time": 1677.368, "Actual Total Rows": 4, "Inner Unique": true, "Plans": [{"Node Type": "Nested Loop", "Parent Relationship": "Outer", "Join Type": "Inner", "Startup Cost": 0.0, "Total Cost": 1419437.32, "Plan Rows": 699731, "Plan Width": 24, "Actual Min Startup Time": 365.0, "Actual Max Startup Time": 365.0, "Actual Min Total Time": 1677.307, "Actual Max Total Time": 1677.307, "Actual Total Rows": 6, "Inner Unique": true, "Join Filter": "(mc.company_type_id = ct.id), (LLVM Optimized, Jit Execute)", "Rows Removed by Join Filter": 24, "Plans": [{"Node Type": "Nested Loop", "Parent Relationship": "Outer", "Join Type": "Inner", "Startup Cost": 0.0, "Total Cost": 1387948.39, "Plan Rows": 699731, "Plan Width": 28, "Actual Min Startup Time": 364.907, "Actual Max Startup Time": 364.907, "Actual Min Total Time": 1677.227, "Actual Max Total Time": 1677.227, "Actual Total Rows": 14, "Inner Unique": true, "Plans": [{"Node Type": "Nested Loop", "Parent Relationship": "Outer", "Join Type": "Inner", "Startup Cost": 0.0, "Total Cost": 978390.36, "Plan Rows": 1423748, "Plan Width": 32, "Actual Min Startup Time": 364.88, "Actual Max Startup Time": 364.88, "Actual Min Total Time": 1677.003, "Actual Max Total Time": 1677.003, "Actual Total Rows": 31, "Inner Unique": false, "Plans": [{"Node Type": "Nested Loop", "Parent Relationship": "Outer", "Join Type": "Inner", "Startup Cost": 0.0, "Total Cost": 713471.65, "Plan Rows": 696330, "Plan Width": 20, "Actual Min Startup Time": 364.866, "Actual Max Startup Time": 364.866, "Actual Min Total Time": 1676.849, "Actual Max Total Time": 1676.849, "Actual Total Rows": 15, "Inner Unique": true, "Plans": [{"Node Type": "Streaming(type: LOCAL GATHER dop: 1/16)", "Parent Relationship": "Outer", "Startup Cost": 0.0, "Total Cost": 120448.93, "Plan Rows": 1436424, "Plan Width": 8, "Actual Min Startup Time": 364.391, "Actual Max Startup Time": 364.391, "Actual Min Total Time": 905.875, "Actual Max Total Time": 905.875, "Actual Total Rows": 1435439, "Plans": [{"Node Type": "Nested Loop", "Parent Relationship": "Outer", "Join Type": "Inner", "Startup Cost": 0.0, "Total Cost": 89447.98, "Plan Rows": 1436424, "Plan Width": 8, "Actual Min Startup Time": 44.057, "Actual Max Startup Time": 344.321, "Actual Min Total Time": 779.816, "Actual Max Total Time": 819.87, "Actual Total Rows": 1435439, "Inner Unique": true, "Join Filter": "(ci.role_id = rt.id), (LLVM Optimized, Jit Execute)", "Rows Removed by Join Filter": 2870850, "Plans": [{"Node Type": "Seq Scan", "Parent Relationship": "Outer", "Relation Name": "cast_info", "Alias": "ci", "Startup Cost": 0.0, "Total Cost": 58282.92, "Plan Rows": 1436424, "Plan Width": 12, "Actual Min Startup Time": 43.978, "Actual Max Startup Time": 344.245, "Actual Min Total Time": 678.566, "Actual Max Total Time": 715.183, "Actual Total Rows": 1435439, "Filter": "((note)::text ~~ '%(producer)%'::text), (LLVM Optimized, Jit Execute)", "Rows Removed by Filter": 34808904}, {"Node Type": "Materialize", "Parent Relationship": "Inner", "Startup Cost": 0.0, "Total Cost": 15005.32, "Plan Rows": 192, "Plan Width": 4, "Actual Min Startup Time": 7.503, "Actual Max Startup Time": 8.403, "Actual Min Total Time": 22.668, "Actual Max Total Time": 25.203, "Actual Total Rows": 4306305, "Plans": [{"Node Type": "Streaming(type: BROADCAST dop: 16/1)", "Parent Relationship": "Outer", "Startup Cost": 0.0, "Total Cost": 15005.26, "Plan Rows": 192, "Plan Width": 4, "Actual Min Startup Time": 0.005, "Actual Max Startup Time": 0.016, "Actual Min Total Time": 0.006, "Actual Max Total Time": 0.017, "Actual Total Rows": 192, "Plans": [{"Node Type": "Seq Scan", "Parent Relationship": "Outer", "Relation Name": "role_type", "Alias": "rt", "Startup Cost": 0.0, "Total Cost": 1.12, "Plan Rows": 12, "Plan Width": 4, "Actual Min Startup Time": 0.016, "Actual Max Startup Time": 0.016, "Actual Min Total Time": 0.02, "Actual Max Total Time": 0.02, "Actual Total Rows": 12}]}]}]}]}, {"Node Type": "Index Scan", "Parent Relationship": "Inner", "Scan Direction": "Forward", "Index Name": "char_name_pkey", "Relation Name": "char_name", "Alias": "chn", "Startup Cost": 0.0, "Total Cost": 0.4, "Plan Rows": 1, "Plan Width": 20, "Actual Min Startup Time": 225.535, "Actual Max Startup Time": 225.535, "Actual Min Total Time": 225.535, "Actual Max Total Time": 225.535, "Actual Total Rows": 15, "Index Cond": "(id = ci.person_role_id)", "Rows Removed by Index Recheck": 0}]}, {"Node Type": "Index Scan", "Parent Relationship": "Inner", "Scan Direction": "Forward", "Index Name": "movie_id_movie_companies", "Relation Name": "movie_companies", "Alias": "mc", "Startup Cost": 0.0, "Total Cost": 0.36, "Plan Rows": 2, "Plan Width": 12, "Actual Min Startup Time": 0.1, "Actual Max Startup Time": 0.1, "Actual Min Total Time": 0.134, "Actual Max Total Time": 0.134, "Actual Total Rows": 31, "Index Cond": "(movie_id = ci.movie_id)", "Rows Removed by Index Recheck": 0}]}, {"Node Type": "Index Scan", "Parent Relationship": "Inner", "Scan Direction": "Forward", "Index Name": "company_name_pkey", "Relation Name": "company_name", "Alias": "cn", "Startup Cost": 0.0, "Total Cost": 0.28, "Plan Rows": 1, "Plan Width": 4, "Actual Min Startup Time": 0.191, "Actual Max Startup Time": 0.191, "Actual Min Total Time": 0.191, "Actual Max Total Time": 0.191, "Actual Total Rows": 14, "Index Cond": "(id = mc.company_id)", "Rows Removed by Index Recheck": 0, "Filter": "((country_code)::text = '[us]'::text)", "Rows Removed by Filter": 17}]}, {"Node Type": "Materialize", "Parent Relationship": "Inner", "Startup Cost": 0.0, "Total Cost": 1.04, "Plan Rows": 3, "Plan Width": 4, "Actual Min Startup Time": 0.046, "Actual Max Startup Time": 0.046, "Actual Min Total Time": 0.048, "Actual Max Total Time": 0.048, "Actual Total Rows": 31, "Plans": [{"Node Type": "Seq Scan", "Parent Relationship": "Outer", "Relation Name": "company_type", "Alias": "ct", "Startup Cost": 0.0, "Total Cost": 1.03, "Plan Rows": 3, "Plan Width": 4, "Actual Min Startup Time": 0.024, "Actual Max Startup Time": 0.024, "Actual Min Total Time": 0.027, "Actual Max Total Time": 0.027, "Actual Total Rows": 3}]}]}, {"Node Type": "Index Scan", "Parent Relationship": "Inner", "Scan Direction": "Forward", "Index Name": "title_pkey", "Relation Name": "title", "Alias": "t", "Startup Cost": 0.0, "Total Cost": 0.34, "Plan Rows": 1, "Plan Width": 21, "Actual Min Startup Time": 0.051, "Actual Max Startup Time": 0.051, "Actual Min Total Time": 0.051, "Actual Max Total Time": 0.051, "Actual Total Rows": 4, "Index Cond": "(id = mc.movie_id)", "Rows Removed by Index Recheck": 0, "Filter": "(production_year > 1990)", "Rows Removed by Filter": 2}]}]}, "Triggers": [], "Planner Runtime": 6.322, "Total Runtime": 1690.513, "Unique SQL Id": 3145361615}}, "(16, 49)": {"explain_plan": {"Plan": {"Node Type": "Aggregate", "Strategy": "Plain", "Startup Cost": 2425779.29, "Total Cost": 2425779.3, "Plan Rows": 1, "Plan Width": 97, "Plans": [{"Node Type": "Nested Loop", "Parent Relationship": "Outer", "Join Type": "Inner", "Startup Cost": 0.0, "Total Cost": 2420932.22, "Plan Rows": 969413, "Plan Width": 33, "Inner Unique": true, "Plans": [{"Node Type": "Nested Loop", "Parent Relationship": "Outer", "Join Type": "Inner", "Startup Cost": 0.0, "Total Cost": 2176015.68, "Plan Rows": 699731, "Plan Width": 24, "Inner Unique": true, "Join Filter": "(ci.role_id = rt.id), (LLVM Optimized)", "Plans": [{"Node Type": "Nested Loop", "Parent Relationship": "Outer", "Join Type": "Inner", "Startup Cost": 0.0, "Total Cost": 2050055.64, "Plan Rows": 699731, "Plan Width": 28, "Inner Unique": true, "Join Filter": "(mc.company_type_id = ct.id), (LLVM Optimized)", "Plans": [{"Node Type": "Nested Loop", "Parent Relationship": "Outer", "Join Type": "Inner", "Startup Cost": 0.0, "Total Cost": 2018559.45, "Plan Rows": 699731, "Plan Width": 32, "Inner Unique": true, "Plans": [{"Node Type": "Nested Loop", "Parent Relationship": "Outer", "Join Type": "Inner", "Startup Cost": 0.0, "Total Cost": 1422640.19, "Plan Rows": 1443440, "Plan Width": 20, "Inner Unique": false, "Plans": [{"Node Type": "Nested Loop", "Parent Relationship": "Outer", "Join Type": "Inner", "Startup Cost": 0.0, "Total Cost": 171332.39, "Plan Rows": 1282311, "Plan Width": 8, "Inner Unique": false, "Plans": [{"Node Type": "Index Scan", "Parent Relationship": "Outer", "Scan Direction": "Forward", "Index Name": "company_name_pkey", "Relation Name": "company_name", "Alias": "cn", "Startup Cost": 0.0, "Total Cost": 10501.39, "Plan Rows": 85170, "Plan Width": 4, "Filter": "((country_code)::text = '[us]'::text)"}, {"Node Type": "Index Scan", "Parent Relationship": "Inner", "Scan Direction": "Forward", "Index Name": "company_id_movie_companies", "Relation Name": "movie_companies", "Alias": "mc", "Startup Cost": 0.0, "Total Cost": 1.74, "Plan Rows": 15, "Plan Width": 12, "Index Cond": "(company_id = cn.id)"}]}, {"Node Type": "Index Scan", "Parent Relationship": "Inner", "Scan Direction": "Forward", "Index Name": "movie_id_cast_info", "Relation Name": "cast_info", "Alias": "ci", "Startup Cost": 0.0, "Total Cost": 0.97, "Plan Rows": 1, "Plan Width": 12, "Index Cond": "(movie_id = mc.movie_id)", "Filter": "((note)::text ~~ '%(producer)%'::text)"}]}, {"Node Type": "Index Scan", "Parent Relationship": "Inner", "Scan Direction": "Forward", "Index Name": "char_name_pkey", "Relation Name": "char_name", "Alias": "chn", "Startup Cost": 0.0, "Total Cost": 0.4, "Plan Rows": 1, "Plan Width": 20, "Index Cond": "(id = ci.person_role_id)"}]}, {"Node Type": "Materialize", "Parent Relationship": "Inner", "Startup Cost": 0.0, "Total Cost": 8.31, "Plan Rows": 3, "Plan Width": 4, "Plans": [{"Node Type": "Index Only Scan", "Parent Relationship": "Outer", "Scan Direction": "Forward", "Index Name": "company_type_pkey", "Relation Name": "company_type", "Alias": "ct", "Startup Cost": 0.0, "Total Cost": 8.29, "Plan Rows": 3, "Plan Width": 4}]}]}, {"Node Type": "Materialize", "Parent Relationship": "Inner", "Startup Cost": 0.0, "Total Cost": 8.49, "Plan Rows": 12, "Plan Width": 4, "Plans": [{"Node Type": "Index Only Scan", "Parent Relationship": "Outer", "Scan Direction": "Forward", "Index Name": "role_type_pkey", "Relation Name": "role_type", "Alias": "rt", "Startup Cost": 0.0, "Total Cost": 8.43, "Plan Rows": 12, "Plan Width": 4}]}]}, {"Node Type": "Index Scan", "Parent Relationship": "Inner", "Scan Direction": "Forward", "Index Name": "title_pkey", "Relation Name": "title", "Alias": "t", "Startup Cost": 0.0, "Total Cost": 0.34, "Plan Rows": 1, "Plan Width": 21, "Index Cond": "(id = mc.movie_id)", "Filter": "(production_year > 1990)"}]}]}, "Unique SQL Id": 3145361615}, "explain_analyze_plan": null}, "(16, 50)": {"explain_plan": {"Plan": {"Node Type": "Aggregate", "Strategy": "Plain", "Startup Cost": 15749262.27, "Total Cost": 15749262.28, "Plan Rows": 1, "Plan Width": 97, "Plans": [{"Node Type": "Nested Loop", "Parent Relationship": "Outer", "Join Type": "Inner", "Startup Cost": 1.89, "Total Cost": 15744415.21, "Plan Rows": 969413, "Plan Width": 33, "Inner Unique": true, "Plans": [{"Node Type": "Nested Loop", "Parent Relationship": "Outer", "Join Type": "Inner", "Startup Cost": 1.62, "Total Cost": 12737716.17, "Plan Rows": 699731, "Plan Width": 24, "Inner Unique": true, "Join Filter": "(ci.role_id = rt.id), (LLVM Optimized)", "Plans": [{"Node Type": "Nested Loop", "Parent Relationship": "Outer", "Join Type": "Inner", "Startup Cost": 1.62, "Total Cost": 12611763.44, "Plan Rows": 699731, "Plan Width": 28, "Inner Unique": true, "Join Filter": "(mc.company_type_id = ct.id), (LLVM Optimized)", "Plans": [{"Node Type": "Nested Loop", "Parent Relationship": "Outer", "Join Type": "Inner", "Startup Cost": 1.62, "Total Cost": 12580274.51, "Plan Rows": 699731, "Plan Width": 32, "Inner Unique": true, "Plans": [{"Node Type": "Nested Loop", "Parent Relationship": "Outer", "Join Type": "Inner", "Startup Cost": 1.33, "Total Cost": 6355299.51, "Plan Rows": 1443440, "Plan Width": 20, "Inner Unique": false, "Plans": [{"Node Type": "Nested Loop", "Parent Relationship": "Outer", "Join Type": "Inner", "Startup Cost": 0.82, "Total Cost": 444829.84, "Plan Rows": 1282311, "Plan Width": 8, "Inner Unique": false, "Plans": [{"Node Type": "Seq Scan", "Parent Relationship": "Outer", "Relation Name": "company_name", "Alias": "cn", "Startup Cost": 0.0, "Total Cost": 5903.45, "Plan Rows": 85170, "Plan Width": 4, "Filter": "((country_code)::text = '[us]'::text)"}, {"Node Type": "Bitmap Heap Scan", "Parent Relationship": "Inner", "Relation Name": "movie_companies", "Alias": "mc", "Startup Cost": 0.82, "Total Cost": 5.0, "Plan Rows": 15, "Plan Width": 12, "Recheck Cond": "(company_id = cn.id)", "Plans": [{"Node Type": "Bitmap Index Scan", "Parent Relationship": "Outer", "Index Name": "company_id_movie_companies", "Startup Cost": 0.0, "Total Cost": 0.81, "Plan Rows": 15, "Plan Width": 0, "Index Cond": "(company_id = cn.id)"}]}]}, {"Node Type": "Bitmap Heap Scan", "Parent Relationship": "Inner", "Relation Name": "cast_info", "Alias": "ci", "Startup Cost": 0.51, "Total Cost": 4.6, "Plan Rows": 1, "Plan Width": 12, "Recheck Cond": "(movie_id = mc.movie_id)", "Filter": "((note)::text ~~ '%(producer)%'::text)", "Plans": [{"Node Type": "Bitmap Index Scan", "Parent Relationship": "Outer", "Index Name": "movie_id_cast_info", "Startup Cost": 0.0, "Total Cost": 0.51, "Plan Rows": 6, "Plan Width": 0, "Index Cond": "(movie_id = mc.movie_id)"}]}]}, {"Node Type": "Bitmap Heap Scan", "Parent Relationship": "Inner", "Relation Name": "char_name", "Alias": "chn", "Startup Cost": 0.29, "Total Cost": 4.3, "Plan Rows": 1, "Plan Width": 20, "Recheck Cond": "(id = ci.person_role_id)", "Plans": [{"Node Type": "Bitmap Index Scan", "Parent Relationship": "Outer", "Index Name": "char_name_pkey", "Startup Cost": 0.0, "Total Cost": 0.29, "Plan Rows": 1, "Plan Width": 0, "Index Cond": "(id = ci.person_role_id)"}]}]}, {"Node Type": "Materialize", "Parent Relationship": "Inner", "Startup Cost": 0.0, "Total Cost": 1.04, "Plan Rows": 3, "Plan Width": 4, "Plans": [{"Node Type": "Seq Scan", "Parent Relationship": "Outer", "Relation Name": "company_type", "Alias": "ct", "Startup Cost": 0.0, "Total Cost": 1.03, "Plan Rows": 3, "Plan Width": 4}]}]}, {"Node Type": "Materialize", "Parent Relationship": "Inner", "Startup Cost": 0.0, "Total Cost": 1.18, "Plan Rows": 12, "Plan Width": 4, "Plans": [{"Node Type": "Seq Scan", "Parent Relationship": "Outer", "Relation Name": "role_type", "Alias": "rt", "Startup Cost": 0.0, "Total Cost": 1.12, "Plan Rows": 12, "Plan Width": 4}]}]}, {"Node Type": "Bitmap Heap Scan", "Parent Relationship": "Inner", "Relation Name": "title", "Alias": "t", "Startup Cost": 0.27, "Total Cost": 4.29, "Plan Rows": 1, "Plan Width": 21, "Recheck Cond": "(id = mc.movie_id)", "Filter": "(production_year > 1990)", "Plans": [{"Node Type": "Bitmap Index Scan", "Parent Relationship": "Outer", "Index Name": "title_pkey", "Startup Cost": 0.0, "Total Cost": 0.27, "Plan Rows": 1, "Plan Width": 0, "Index Cond": "(id = mc.movie_id)"}]}]}]}, "Unique SQL Id": 3145361615}, "explain_analyze_plan": null}, "(16, 51)": {"explain_plan": {"Plan": {"Node Type": "Aggregate", "Strategy": "Plain", "Startup Cost": 15752085.37, "Total Cost": 15752085.38, "Plan Rows": 1, "Plan Width": 97, "Plans": [{"Node Type": "Nested Loop", "Parent Relationship": "Outer", "Join Type": "Inner", "Startup Cost": 2818.99, "Total Cost": 15747238.31, "Plan Rows": 969413, "Plan Width": 33, "Inner Unique": true, "Plans": [{"Node Type": "Nested Loop", "Parent Relationship": "Outer", "Join Type": "Inner", "Startup Cost": 2818.72, "Total Cost": 12740539.28, "Plan Rows": 699731, "Plan Width": 24, "Inner Unique": true, "Join Filter": "(ci.role_id = rt.id), (LLVM Optimized)", "Plans": [{"Node Type": "Nested Loop", "Parent Relationship": "Outer", "Join Type": "Inner", "Startup Cost": 2810.4, "Total Cost": 12614575.23, "Plan Rows": 699731, "Plan Width": 28, "Inner Unique": true, "Join Filter": "(mc.company_type_id = ct.id), (LLVM Optimized)", "Plans": [{"Node Type": "Nested Loop", "Parent Relationship": "Outer", "Join Type": "Inner", "Startup Cost": 2802.14, "Total Cost": 12583075.03, "Plan Rows": 699731, "Plan Width": 32, "Inner Unique": true, "Plans": [{"Node Type": "Nested Loop", "Parent Relationship": "Outer", "Join Type": "Inner", "Startup Cost": 2801.85, "Total Cost": 6358100.03, "Plan Rows": 1443440, "Plan Width": 20, "Inner Unique": false, "Plans": [{"Node Type": "Nested Loop", "Parent Relationship": "Outer", "Join Type": "Inner", "Startup Cost": 2801.34, "Total Cost": 447630.36, "Plan Rows": 1282311, "Plan Width": 8, "Inner Unique": false, "Plans": [{"Node Type": "Bitmap Heap Scan", "Parent Relationship": "Outer", "Relation Name": "company_name", "Alias": "cn", "Startup Cost": 2800.52, "Total Cost": 8703.97, "Plan Rows": 85170, "Plan Width": 4, "Filter": "((country_code)::text = '[us]'::text)", "Plans": [{"Node Type": "Bitmap Index Scan", "Parent Relationship": "Outer", "Index Name": "company_name_pkey", "Startup Cost": 0.0, "Total Cost": 2779.23, "Plan Rows": 234996, "Plan Width": 0}]}, {"Node Type": "Bitmap Heap Scan", "Parent Relationship": "Inner", "Relation Name": "movie_companies", "Alias": "mc", "Startup Cost": 0.82, "Total Cost": 5.0, "Plan Rows": 15, "Plan Width": 12, "Recheck Cond": "(company_id = cn.id)", "Plans": [{"Node Type": "Bitmap Index Scan", "Parent Relationship": "Outer", "Index Name": "company_id_movie_companies", "Startup Cost": 0.0, "Total Cost": 0.81, "Plan Rows": 15, "Plan Width": 0, "Index Cond": "(company_id = cn.id)"}]}]}, {"Node Type": "Bitmap Heap Scan", "Parent Relationship": "Inner", "Relation Name": "cast_info", "Alias": "ci", "Startup Cost": 0.51, "Total Cost": 4.6, "Plan Rows": 1, "Plan Width": 12, "Recheck Cond": "(movie_id = mc.movie_id)", "Filter": "((note)::text ~~ '%(producer)%'::text)", "Plans": [{"Node Type": "Bitmap Index Scan", "Parent Relationship": "Outer", "Index Name": "movie_id_cast_info", "Startup Cost": 0.0, "Total Cost": 0.51, "Plan Rows": 6, "Plan Width": 0, "Index Cond": "(movie_id = mc.movie_id)"}]}]}, {"Node Type": "Bitmap Heap Scan", "Parent Relationship": "Inner", "Relation Name": "char_name", "Alias": "chn", "Startup Cost": 0.29, "Total Cost": 4.3, "Plan Rows": 1, "Plan Width": 20, "Recheck Cond": "(id = ci.person_role_id)", "Plans": [{"Node Type": "Bitmap Index Scan", "Parent Relationship": "Outer", "Index Name": "char_name_pkey", "Startup Cost": 0.0, "Total Cost": 0.29, "Plan Rows": 1, "Plan Width": 0, "Index Cond": "(id = ci.person_role_id)"}]}]}, {"Node Type": "Materialize", "Parent Relationship": "Inner", "Startup Cost": 8.27, "Total Cost": 12.31, "Plan Rows": 3, "Plan Width": 4, "Plans": [{"Node Type": "Bitmap Heap Scan", "Parent Relationship": "Outer", "Relation Name": "company_type", "Alias": "ct", "Startup Cost": 8.27, "Total Cost": 12.3, "Plan Rows": 3, "Plan Width": 4, "Plans": [{"Node Type": "Bitmap Index Scan", "Parent Relationship": "Outer", "Index Name": "company_type_pkey", "Startup Cost": 0.0, "Total Cost": 8.27, "Plan Rows": 3, "Plan Width": 0}]}]}]}, {"Node Type": "Materialize", "Parent Relationship": "Inner", "Startup Cost": 8.31, "Total Cost": 12.49, "Plan Rows": 12, "Plan Width": 4, "Plans": [{"Node Type": "Bitmap Heap Scan", "Parent Relationship": "Outer", "Relation Name": "role_type", "Alias": "rt", "Startup Cost": 8.31, "Total Cost": 12.43, "Plan Rows": 12, "Plan Width": 4, "Plans": [{"Node Type": "Bitmap Index Scan", "Parent Relationship": "Outer", "Index Name": "role_type_pkey", "Startup Cost": 0.0, "Total Cost": 8.31, "Plan Rows": 12, "Plan Width": 0}]}]}]}, {"Node Type": "Bitmap Heap Scan", "Parent Relationship": "Inner", "Relation Name": "title", "Alias": "t", "Startup Cost": 0.27, "Total Cost": 4.29, "Plan Rows": 1, "Plan Width": 21, "Recheck Cond": "(id = mc.movie_id)", "Filter": "(production_year > 1990)", "Plans": [{"Node Type": "Bitmap Index Scan", "Parent Relationship": "Outer", "Index Name": "title_pkey", "Startup Cost": 0.0, "Total Cost": 0.27, "Plan Rows": 1, "Plan Width": 0, "Index Cond": "(id = mc.movie_id)"}]}]}]}, "Unique SQL Id": 3145361615}, "explain_analyze_plan": null}, "(16, 52)": {"explain_plan": {"Plan": {"Node Type": "Aggregate", "Strategy": "Plain", "Startup Cost": 1669200.92, "Total Cost": 1669200.93, "Plan Rows": 1, "Plan Width": 97, "Plans": [{"Node Type": "Nested Loop", "Parent Relationship": "Outer", "Join Type": "Inner", "Startup Cost": 0.0, "Total Cost": 1664353.86, "Plan Rows": 969413, "Plan Width": 33, "Inner Unique": true, "Plans": [{"Node Type": "Nested Loop", "Parent Relationship": "Outer", "Join Type": "Inner", "Startup Cost": 0.0, "Total Cost": 1419437.32, "Plan Rows": 699731, "Plan Width": 24, "Inner Unique": true, "Join Filter": "(mc.company_type_id = ct.id), (LLVM Optimized)", "Plans": [{"Node Type": "Nested Loop", "Parent Relationship": "Outer", "Join Type": "Inner", "Startup Cost": 0.0, "Total Cost": 1387948.39, "Plan Rows": 699731, "Plan Width": 28, "Inner Unique": true, "Plans": [{"Node Type": "Nested Loop", "Parent Relationship": "Outer", "Join Type": "Inner", "Startup Cost": 0.0, "Total Cost": 978390.36, "Plan Rows": 1423748, "Plan Width": 32, "Inner Unique": false, "Plans": [{"Node Type": "Nested Loop", "Parent Relationship": "Outer", "Join Type": "Inner", "Startup Cost": 0.0, "Total Cost": 713471.65, "Plan Rows": 696330, "Plan Width": 20, "Inner Unique": true, "Plans": [{"Node Type": "Streaming(type: LOCAL GATHER dop: 1/16)", "Parent Relationship": "Outer", "Startup Cost": 0.0, "Total Cost": 120448.93, "Plan Rows": 1436424, "Plan Width": 8, "Plans": [{"Node Type": "Nested Loop", "Parent Relationship": "Outer", "Join Type": "Inner", "Startup Cost": 0.0, "Total Cost": 89447.98, "Plan Rows": 1436424, "Plan Width": 8, "Inner Unique": true, "Join Filter": "(ci.role_id = rt.id), (LLVM Optimized)", "Plans": [{"Node Type": "Seq Scan", "Parent Relationship": "Outer", "Relation Name": "cast_info", "Alias": "ci", "Startup Cost": 0.0, "Total Cost": 58282.92, "Plan Rows": 1436424, "Plan Width": 12, "Filter": "((note)::text ~~ '%(producer)%'::text), (LLVM Optimized)"}, {"Node Type": "Materialize", "Parent Relationship": "Inner", "Startup Cost": 0.0, "Total Cost": 15005.32, "Plan Rows": 192, "Plan Width": 4, "Plans": [{"Node Type": "Streaming(type: BROADCAST dop: 16/1)", "Parent Relationship": "Outer", "Startup Cost": 0.0, "Total Cost": 15005.26, "Plan Rows": 192, "Plan Width": 4, "Plans": [{"Node Type": "Seq Scan", "Parent Relationship": "Outer", "Relation Name": "role_type", "Alias": "rt", "Startup Cost": 0.0, "Total Cost": 1.12, "Plan Rows": 12, "Plan Width": 4}]}]}]}]}, {"Node Type": "Index Scan", "Parent Relationship": "Inner", "Scan Direction": "Forward", "Index Name": "char_name_pkey", "Relation Name": "char_name", "Alias": "chn", "Startup Cost": 0.0, "Total Cost": 0.4, "Plan Rows": 1, "Plan Width": 20, "Index Cond": "(id = ci.person_role_id)"}]}, {"Node Type": "Index Scan", "Parent Relationship": "Inner", "Scan Direction": "Forward", "Index Name": "movie_id_movie_companies", "Relation Name": "movie_companies", "Alias": "mc", "Startup Cost": 0.0, "Total Cost": 0.36, "Plan Rows": 2, "Plan Width": 12, "Index Cond": "(movie_id = ci.movie_id)"}]}, {"Node Type": "Index Scan", "Parent Relationship": "Inner", "Scan Direction": "Forward", "Index Name": "company_name_pkey", "Relation Name": "company_name", "Alias": "cn", "Startup Cost": 0.0, "Total Cost": 0.28, "Plan Rows": 1, "Plan Width": 4, "Index Cond": "(id = mc.company_id)", "Filter": "((country_code)::text = '[us]'::text)"}]}, {"Node Type": "Materialize", "Parent Relationship": "Inner", "Startup Cost": 0.0, "Total Cost": 1.04, "Plan Rows": 3, "Plan Width": 4, "Plans": [{"Node Type": "Seq Scan", "Parent Relationship": "Outer", "Relation Name": "company_type", "Alias": "ct", "Startup Cost": 0.0, "Total Cost": 1.03, "Plan Rows": 3, "Plan Width": 4}]}]}, {"Node Type": "Index Scan", "Parent Relationship": "Inner", "Scan Direction": "Forward", "Index Name": "title_pkey", "Relation Name": "title", "Alias": "t", "Startup Cost": 0.0, "Total Cost": 0.34, "Plan Rows": 1, "Plan Width": 21, "Index Cond": "(id = mc.movie_id)", "Filter": "(production_year > 1990)"}]}]}, "Unique SQL Id": 3145361615}, "explain_analyze_plan": {"Plan": {"Node Type": "Aggregate", "Strategy": "Plain", "Startup Cost": 1669200.92, "Total Cost": 1669200.93, "Plan Rows": 1, "Plan Width": 97, "Actual Min Startup Time": 1677.422, "Actual Max Startup Time": 1677.422, "Actual Min Total Time": 1677.422, "Actual Max Total Time": 1677.422, "Actual Total Rows": 1, "Plans": [{"Node Type": "Nested Loop", "Parent Relationship": "Outer", "Join Type": "Inner", "Startup Cost": 0.0, "Total Cost": 1664353.86, "Plan Rows": 969413, "Plan Width": 33, "Actual Min Startup Time": 366.84, "Actual Max Startup Time": 366.84, "Actual Min Total Time": 1677.368, "Actual Max Total Time": 1677.368, "Actual Total Rows": 4, "Inner Unique": true, "Plans": [{"Node Type": "Nested Loop", "Parent Relationship": "Outer", "Join Type": "Inner", "Startup Cost": 0.0, "Total Cost": 1419437.32, "Plan Rows": 699731, "Plan Width": 24, "Actual Min Startup Time": 365.0, "Actual Max Startup Time": 365.0, "Actual Min Total Time": 1677.307, "Actual Max Total Time": 1677.307, "Actual Total Rows": 6, "Inner Unique": true, "Join Filter": "(mc.company_type_id = ct.id), (LLVM Optimized, Jit Execute)", "Rows Removed by Join Filter": 24, "Plans": [{"Node Type": "Nested Loop", "Parent Relationship": "Outer", "Join Type": "Inner", "Startup Cost": 0.0, "Total Cost": 1387948.39, "Plan Rows": 699731, "Plan Width": 28, "Actual Min Startup Time": 364.907, "Actual Max Startup Time": 364.907, "Actual Min Total Time": 1677.227, "Actual Max Total Time": 1677.227, "Actual Total Rows": 14, "Inner Unique": true, "Plans": [{"Node Type": "Nested Loop", "Parent Relationship": "Outer", "Join Type": "Inner", "Startup Cost": 0.0, "Total Cost": 978390.36, "Plan Rows": 1423748, "Plan Width": 32, "Actual Min Startup Time": 364.88, "Actual Max Startup Time": 364.88, "Actual Min Total Time": 1677.003, "Actual Max Total Time": 1677.003, "Actual Total Rows": 31, "Inner Unique": false, "Plans": [{"Node Type": "Nested Loop", "Parent Relationship": "Outer", "Join Type": "Inner", "Startup Cost": 0.0, "Total Cost": 713471.65, "Plan Rows": 696330, "Plan Width": 20, "Actual Min Startup Time": 364.866, "Actual Max Startup Time": 364.866, "Actual Min Total Time": 1676.849, "Actual Max Total Time": 1676.849, "Actual Total Rows": 15, "Inner Unique": true, "Plans": [{"Node Type": "Streaming(type: LOCAL GATHER dop: 1/16)", "Parent Relationship": "Outer", "Startup Cost": 0.0, "Total Cost": 120448.93, "Plan Rows": 1436424, "Plan Width": 8, "Actual Min Startup Time": 364.391, "Actual Max Startup Time": 364.391, "Actual Min Total Time": 905.875, "Actual Max Total Time": 905.875, "Actual Total Rows": 1435439, "Plans": [{"Node Type": "Nested Loop", "Parent Relationship": "Outer", "Join Type": "Inner", "Startup Cost": 0.0, "Total Cost": 89447.98, "Plan Rows": 1436424, "Plan Width": 8, "Actual Min Startup Time": 44.057, "Actual Max Startup Time": 344.321, "Actual Min Total Time": 779.816, "Actual Max Total Time": 819.87, "Actual Total Rows": 1435439, "Inner Unique": true, "Join Filter": "(ci.role_id = rt.id), (LLVM Optimized, Jit Execute)", "Rows Removed by Join Filter": 2870850, "Plans": [{"Node Type": "Seq Scan", "Parent Relationship": "Outer", "Relation Name": "cast_info", "Alias": "ci", "Startup Cost": 0.0, "Total Cost": 58282.92, "Plan Rows": 1436424, "Plan Width": 12, "Actual Min Startup Time": 43.978, "Actual Max Startup Time": 344.245, "Actual Min Total Time": 678.566, "Actual Max Total Time": 715.183, "Actual Total Rows": 1435439, "Filter": "((note)::text ~~ '%(producer)%'::text), (LLVM Optimized, Jit Execute)", "Rows Removed by Filter": 34808904}, {"Node Type": "Materialize", "Parent Relationship": "Inner", "Startup Cost": 0.0, "Total Cost": 15005.32, "Plan Rows": 192, "Plan Width": 4, "Actual Min Startup Time": 7.503, "Actual Max Startup Time": 8.403, "Actual Min Total Time": 22.668, "Actual Max Total Time": 25.203, "Actual Total Rows": 4306305, "Plans": [{"Node Type": "Streaming(type: BROADCAST dop: 16/1)", "Parent Relationship": "Outer", "Startup Cost": 0.0, "Total Cost": 15005.26, "Plan Rows": 192, "Plan Width": 4, "Actual Min Startup Time": 0.005, "Actual Max Startup Time": 0.016, "Actual Min Total Time": 0.006, "Actual Max Total Time": 0.017, "Actual Total Rows": 192, "Plans": [{"Node Type": "Seq Scan", "Parent Relationship": "Outer", "Relation Name": "role_type", "Alias": "rt", "Startup Cost": 0.0, "Total Cost": 1.12, "Plan Rows": 12, "Plan Width": 4, "Actual Min Startup Time": 0.016, "Actual Max Startup Time": 0.016, "Actual Min Total Time": 0.02, "Actual Max Total Time": 0.02, "Actual Total Rows": 12}]}]}]}]}, {"Node Type": "Index Scan", "Parent Relationship": "Inner", "Scan Direction": "Forward", "Index Name": "char_name_pkey", "Relation Name": "char_name", "Alias": "chn", "Startup Cost": 0.0, "Total Cost": 0.4, "Plan Rows": 1, "Plan Width": 20, "Actual Min Startup Time": 225.535, "Actual Max Startup Time": 225.535, "Actual Min Total Time": 225.535, "Actual Max Total Time": 225.535, "Actual Total Rows": 15, "Index Cond": "(id = ci.person_role_id)", "Rows Removed by Index Recheck": 0}]}, {"Node Type": "Index Scan", "Parent Relationship": "Inner", "Scan Direction": "Forward", "Index Name": "movie_id_movie_companies", "Relation Name": "movie_companies", "Alias": "mc", "Startup Cost": 0.0, "Total Cost": 0.36, "Plan Rows": 2, "Plan Width": 12, "Actual Min Startup Time": 0.1, "Actual Max Startup Time": 0.1, "Actual Min Total Time": 0.134, "Actual Max Total Time": 0.134, "Actual Total Rows": 31, "Index Cond": "(movie_id = ci.movie_id)", "Rows Removed by Index Recheck": 0}]}, {"Node Type": "Index Scan", "Parent Relationship": "Inner", "Scan Direction": "Forward", "Index Name": "company_name_pkey", "Relation Name": "company_name", "Alias": "cn", "Startup Cost": 0.0, "Total Cost": 0.28, "Plan Rows": 1, "Plan Width": 4, "Actual Min Startup Time": 0.191, "Actual Max Startup Time": 0.191, "Actual Min Total Time": 0.191, "Actual Max Total Time": 0.191, "Actual Total Rows": 14, "Index Cond": "(id = mc.company_id)", "Rows Removed by Index Recheck": 0, "Filter": "((country_code)::text = '[us]'::text)", "Rows Removed by Filter": 17}]}, {"Node Type": "Materialize", "Parent Relationship": "Inner", "Startup Cost": 0.0, "Total Cost": 1.04, "Plan Rows": 3, "Plan Width": 4, "Actual Min Startup Time": 0.046, "Actual Max Startup Time": 0.046, "Actual Min Total Time": 0.048, "Actual Max Total Time": 0.048, "Actual Total Rows": 31, "Plans": [{"Node Type": "Seq Scan", "Parent Relationship": "Outer", "Relation Name": "company_type", "Alias": "ct", "Startup Cost": 0.0, "Total Cost": 1.03, "Plan Rows": 3, "Plan Width": 4, "Actual Min Startup Time": 0.024, "Actual Max Startup Time": 0.024, "Actual Min Total Time": 0.027, "Actual Max Total Time": 0.027, "Actual Total Rows": 3}]}]}, {"Node Type": "Index Scan", "Parent Relationship": "Inner", "Scan Direction": "Forward", "Index Name": "title_pkey", "Relation Name": "title", "Alias": "t", "Startup Cost": 0.0, "Total Cost": 0.34, "Plan Rows": 1, "Plan Width": 21, "Actual Min Startup Time": 0.051, "Actual Max Startup Time": 0.051, "Actual Min Total Time": 0.051, "Actual Max Total Time": 0.051, "Actual Total Rows": 4, "Index Cond": "(id = mc.movie_id)", "Rows Removed by Index Recheck": 0, "Filter": "(production_year > 1990)", "Rows Removed by Filter": 2}]}]}, "Triggers": [], "Planner Runtime": 6.322, "Total Runtime": 1690.513, "Unique SQL Id": 3145361615}}, "(16, 53)": {"explain_plan": {"Plan": {"Node Type": "Aggregate", "Strategy": "Plain", "Startup Cost": 2425787.29, "Total Cost": 2425787.3, "Plan Rows": 1, "Plan Width": 97, "Plans": [{"Node Type": "Nested Loop", "Parent Relationship": "Outer", "Join Type": "Inner", "Startup Cost": 0.0, "Total Cost": 2420940.22, "Plan Rows": 969413, "Plan Width": 33, "Inner Unique": true, "Plans": [{"Node Type": "Nested Loop", "Parent Relationship": "Outer", "Join Type": "Inner", "Startup Cost": 0.0, "Total Cost": 2176023.68, "Plan Rows": 699731, "Plan Width": 24, "Inner Unique": true, "Join Filter": "(ci.role_id = rt.id), (LLVM Optimized)", "Plans": [{"Node Type": "Nested Loop", "Parent Relationship": "Outer", "Join Type": "Inner", "Startup Cost": 0.0, "Total Cost": 2050059.64, "Plan Rows": 699731, "Plan Width": 28, "Inner Unique": true, "Join Filter": "(mc.company_type_id = ct.id), (LLVM Optimized)", "Plans": [{"Node Type": "Nested Loop", "Parent Relationship": "Outer", "Join Type": "Inner", "Startup Cost": 0.0, "Total Cost": 2018559.45, "Plan Rows": 699731, "Plan Width": 32, "Inner Unique": true, "Plans": [{"Node Type": "Nested Loop", "Parent Relationship": "Outer", "Join Type": "Inner", "Startup Cost": 0.0, "Total Cost": 1422640.19, "Plan Rows": 1443440, "Plan Width": 20, "Inner Unique": false, "Plans": [{"Node Type": "Nested Loop", "Parent Relationship": "Outer", "Join Type": "Inner", "Startup Cost": 0.0, "Total Cost": 171332.39, "Plan Rows": 1282311, "Plan Width": 8, "Inner Unique": false, "Plans": [{"Node Type": "Index Scan", "Parent Relationship": "Outer", "Scan Direction": "Forward", "Index Name": "company_name_pkey", "Relation Name": "company_name", "Alias": "cn", "Startup Cost": 0.0, "Total Cost": 10501.39, "Plan Rows": 85170, "Plan Width": 4, "Filter": "((country_code)::text = '[us]'::text)"}, {"Node Type": "Index Scan", "Parent Relationship": "Inner", "Scan Direction": "Forward", "Index Name": "company_id_movie_companies", "Relation Name": "movie_companies", "Alias": "mc", "Startup Cost": 0.0, "Total Cost": 1.74, "Plan Rows": 15, "Plan Width": 12, "Index Cond": "(company_id = cn.id)"}]}, {"Node Type": "Index Scan", "Parent Relationship": "Inner", "Scan Direction": "Forward", "Index Name": "movie_id_cast_info", "Relation Name": "cast_info", "Alias": "ci", "Startup Cost": 0.0, "Total Cost": 0.97, "Plan Rows": 1, "Plan Width": 12, "Index Cond": "(movie_id = mc.movie_id)", "Filter": "((note)::text ~~ '%(producer)%'::text)"}]}, {"Node Type": "Index Scan", "Parent Relationship": "Inner", "Scan Direction": "Forward", "Index Name": "char_name_pkey", "Relation Name": "char_name", "Alias": "chn", "Startup Cost": 0.0, "Total Cost": 0.4, "Plan Rows": 1, "Plan Width": 20, "Index Cond": "(id = ci.person_role_id)"}]}, {"Node Type": "Materialize", "Parent Relationship": "Inner", "Startup Cost": 0.0, "Total Cost": 12.31, "Plan Rows": 3, "Plan Width": 4, "Plans": [{"Node Type": "Index Scan", "Parent Relationship": "Outer", "Scan Direction": "Forward", "Index Name": "company_type_pkey", "Relation Name": "company_type", "Alias": "ct", "Startup Cost": 0.0, "Total Cost": 12.29, "Plan Rows": 3, "Plan Width": 4}]}]}, {"Node Type": "Materialize", "Parent Relationship": "Inner", "Startup Cost": 0.0, "Total Cost": 12.49, "Plan Rows": 12, "Plan Width": 4, "Plans": [{"Node Type": "Index Scan", "Parent Relationship": "Outer", "Scan Direction": "Forward", "Index Name": "role_type_pkey", "Relation Name": "role_type", "Alias": "rt", "Startup Cost": 0.0, "Total Cost": 12.43, "Plan Rows": 12, "Plan Width": 4}]}]}, {"Node Type": "Index Scan", "Parent Relationship": "Inner", "Scan Direction": "Forward", "Index Name": "title_pkey", "Relation Name": "title", "Alias": "t", "Startup Cost": 0.0, "Total Cost": 0.34, "Plan Rows": 1, "Plan Width": 21, "Index Cond": "(id = mc.movie_id)", "Filter": "(production_year > 1990)"}]}]}, "Unique SQL Id": 3145361615}, "explain_analyze_plan": null}, "(16, 54)": {"explain_plan": {"Plan": {"Node Type": "Aggregate", "Strategy": "Plain", "Startup Cost": 15749262.27, "Total Cost": 15749262.28, "Plan Rows": 1, "Plan Width": 97, "Plans": [{"Node Type": "Nested Loop", "Parent Relationship": "Outer", "Join Type": "Inner", "Startup Cost": 1.89, "Total Cost": 15744415.21, "Plan Rows": 969413, "Plan Width": 33, "Inner Unique": true, "Plans": [{"Node Type": "Nested Loop", "Parent Relationship": "Outer", "Join Type": "Inner", "Startup Cost": 1.62, "Total Cost": 12737716.17, "Plan Rows": 699731, "Plan Width": 24, "Inner Unique": true, "Join Filter": "(ci.role_id = rt.id), (LLVM Optimized)", "Plans": [{"Node Type": "Nested Loop", "Parent Relationship": "Outer", "Join Type": "Inner", "Startup Cost": 1.62, "Total Cost": 12611763.44, "Plan Rows": 699731, "Plan Width": 28, "Inner Unique": true, "Join Filter": "(mc.company_type_id = ct.id), (LLVM Optimized)", "Plans": [{"Node Type": "Nested Loop", "Parent Relationship": "Outer", "Join Type": "Inner", "Startup Cost": 1.62, "Total Cost": 12580274.51, "Plan Rows": 699731, "Plan Width": 32, "Inner Unique": true, "Plans": [{"Node Type": "Nested Loop", "Parent Relationship": "Outer", "Join Type": "Inner", "Startup Cost": 1.33, "Total Cost": 6355299.51, "Plan Rows": 1443440, "Plan Width": 20, "Inner Unique": false, "Plans": [{"Node Type": "Nested Loop", "Parent Relationship": "Outer", "Join Type": "Inner", "Startup Cost": 0.82, "Total Cost": 444829.84, "Plan Rows": 1282311, "Plan Width": 8, "Inner Unique": false, "Plans": [{"Node Type": "Seq Scan", "Parent Relationship": "Outer", "Relation Name": "company_name", "Alias": "cn", "Startup Cost": 0.0, "Total Cost": 5903.45, "Plan Rows": 85170, "Plan Width": 4, "Filter": "((country_code)::text = '[us]'::text)"}, {"Node Type": "Bitmap Heap Scan", "Parent Relationship": "Inner", "Relation Name": "movie_companies", "Alias": "mc", "Startup Cost": 0.82, "Total Cost": 5.0, "Plan Rows": 15, "Plan Width": 12, "Recheck Cond": "(company_id = cn.id)", "Plans": [{"Node Type": "Bitmap Index Scan", "Parent Relationship": "Outer", "Index Name": "company_id_movie_companies", "Startup Cost": 0.0, "Total Cost": 0.81, "Plan Rows": 15, "Plan Width": 0, "Index Cond": "(company_id = cn.id)"}]}]}, {"Node Type": "Bitmap Heap Scan", "Parent Relationship": "Inner", "Relation Name": "cast_info", "Alias": "ci", "Startup Cost": 0.51, "Total Cost": 4.6, "Plan Rows": 1, "Plan Width": 12, "Recheck Cond": "(movie_id = mc.movie_id)", "Filter": "((note)::text ~~ '%(producer)%'::text)", "Plans": [{"Node Type": "Bitmap Index Scan", "Parent Relationship": "Outer", "Index Name": "movie_id_cast_info", "Startup Cost": 0.0, "Total Cost": 0.51, "Plan Rows": 6, "Plan Width": 0, "Index Cond": "(movie_id = mc.movie_id)"}]}]}, {"Node Type": "Bitmap Heap Scan", "Parent Relationship": "Inner", "Relation Name": "char_name", "Alias": "chn", "Startup Cost": 0.29, "Total Cost": 4.3, "Plan Rows": 1, "Plan Width": 20, "Recheck Cond": "(id = ci.person_role_id)", "Plans": [{"Node Type": "Bitmap Index Scan", "Parent Relationship": "Outer", "Index Name": "char_name_pkey", "Startup Cost": 0.0, "Total Cost": 0.29, "Plan Rows": 1, "Plan Width": 0, "Index Cond": "(id = ci.person_role_id)"}]}]}, {"Node Type": "Materialize", "Parent Relationship": "Inner", "Startup Cost": 0.0, "Total Cost": 1.04, "Plan Rows": 3, "Plan Width": 4, "Plans": [{"Node Type": "Seq Scan", "Parent Relationship": "Outer", "Relation Name": "company_type", "Alias": "ct", "Startup Cost": 0.0, "Total Cost": 1.03, "Plan Rows": 3, "Plan Width": 4}]}]}, {"Node Type": "Materialize", "Parent Relationship": "Inner", "Startup Cost": 0.0, "Total Cost": 1.18, "Plan Rows": 12, "Plan Width": 4, "Plans": [{"Node Type": "Seq Scan", "Parent Relationship": "Outer", "Relation Name": "role_type", "Alias": "rt", "Startup Cost": 0.0, "Total Cost": 1.12, "Plan Rows": 12, "Plan Width": 4}]}]}, {"Node Type": "Bitmap Heap Scan", "Parent Relationship": "Inner", "Relation Name": "title", "Alias": "t", "Startup Cost": 0.27, "Total Cost": 4.29, "Plan Rows": 1, "Plan Width": 21, "Recheck Cond": "(id = mc.movie_id)", "Filter": "(production_year > 1990)", "Plans": [{"Node Type": "Bitmap Index Scan", "Parent Relationship": "Outer", "Index Name": "title_pkey", "Startup Cost": 0.0, "Total Cost": 0.27, "Plan Rows": 1, "Plan Width": 0, "Index Cond": "(id = mc.movie_id)"}]}]}]}, "Unique SQL Id": 3145361615}, "explain_analyze_plan": null}, "(16, 55)": {"explain_plan": {"Plan": {"Node Type": "Aggregate", "Strategy": "Plain", "Startup Cost": 15752085.37, "Total Cost": 15752085.38, "Plan Rows": 1, "Plan Width": 97, "Plans": [{"Node Type": "Nested Loop", "Parent Relationship": "Outer", "Join Type": "Inner", "Startup Cost": 2818.99, "Total Cost": 15747238.31, "Plan Rows": 969413, "Plan Width": 33, "Inner Unique": true, "Plans": [{"Node Type": "Nested Loop", "Parent Relationship": "Outer", "Join Type": "Inner", "Startup Cost": 2818.72, "Total Cost": 12740539.28, "Plan Rows": 699731, "Plan Width": 24, "Inner Unique": true, "Join Filter": "(ci.role_id = rt.id), (LLVM Optimized)", "Plans": [{"Node Type": "Nested Loop", "Parent Relationship": "Outer", "Join Type": "Inner", "Startup Cost": 2810.4, "Total Cost": 12614575.23, "Plan Rows": 699731, "Plan Width": 28, "Inner Unique": true, "Join Filter": "(mc.company_type_id = ct.id), (LLVM Optimized)", "Plans": [{"Node Type": "Nested Loop", "Parent Relationship": "Outer", "Join Type": "Inner", "Startup Cost": 2802.14, "Total Cost": 12583075.03, "Plan Rows": 699731, "Plan Width": 32, "Inner Unique": true, "Plans": [{"Node Type": "Nested Loop", "Parent Relationship": "Outer", "Join Type": "Inner", "Startup Cost": 2801.85, "Total Cost": 6358100.03, "Plan Rows": 1443440, "Plan Width": 20, "Inner Unique": false, "Plans": [{"Node Type": "Nested Loop", "Parent Relationship": "Outer", "Join Type": "Inner", "Startup Cost": 2801.34, "Total Cost": 447630.36, "Plan Rows": 1282311, "Plan Width": 8, "Inner Unique": false, "Plans": [{"Node Type": "Bitmap Heap Scan", "Parent Relationship": "Outer", "Relation Name": "company_name", "Alias": "cn", "Startup Cost": 2800.52, "Total Cost": 8703.97, "Plan Rows": 85170, "Plan Width": 4, "Filter": "((country_code)::text = '[us]'::text)", "Plans": [{"Node Type": "Bitmap Index Scan", "Parent Relationship": "Outer", "Index Name": "company_name_pkey", "Startup Cost": 0.0, "Total Cost": 2779.23, "Plan Rows": 234996, "Plan Width": 0}]}, {"Node Type": "Bitmap Heap Scan", "Parent Relationship": "Inner", "Relation Name": "movie_companies", "Alias": "mc", "Startup Cost": 0.82, "Total Cost": 5.0, "Plan Rows": 15, "Plan Width": 12, "Recheck Cond": "(company_id = cn.id)", "Plans": [{"Node Type": "Bitmap Index Scan", "Parent Relationship": "Outer", "Index Name": "company_id_movie_companies", "Startup Cost": 0.0, "Total Cost": 0.81, "Plan Rows": 15, "Plan Width": 0, "Index Cond": "(company_id = cn.id)"}]}]}, {"Node Type": "Bitmap Heap Scan", "Parent Relationship": "Inner", "Relation Name": "cast_info", "Alias": "ci", "Startup Cost": 0.51, "Total Cost": 4.6, "Plan Rows": 1, "Plan Width": 12, "Recheck Cond": "(movie_id = mc.movie_id)", "Filter": "((note)::text ~~ '%(producer)%'::text)", "Plans": [{"Node Type": "Bitmap Index Scan", "Parent Relationship": "Outer", "Index Name": "movie_id_cast_info", "Startup Cost": 0.0, "Total Cost": 0.51, "Plan Rows": 6, "Plan Width": 0, "Index Cond": "(movie_id = mc.movie_id)"}]}]}, {"Node Type": "Bitmap Heap Scan", "Parent Relationship": "Inner", "Relation Name": "char_name", "Alias": "chn", "Startup Cost": 0.29, "Total Cost": 4.3, "Plan Rows": 1, "Plan Width": 20, "Recheck Cond": "(id = ci.person_role_id)", "Plans": [{"Node Type": "Bitmap Index Scan", "Parent Relationship": "Outer", "Index Name": "char_name_pkey", "Startup Cost": 0.0, "Total Cost": 0.29, "Plan Rows": 1, "Plan Width": 0, "Index Cond": "(id = ci.person_role_id)"}]}]}, {"Node Type": "Materialize", "Parent Relationship": "Inner", "Startup Cost": 8.27, "Total Cost": 12.31, "Plan Rows": 3, "Plan Width": 4, "Plans": [{"Node Type": "Bitmap Heap Scan", "Parent Relationship": "Outer", "Relation Name": "company_type", "Alias": "ct", "Startup Cost": 8.27, "Total Cost": 12.3, "Plan Rows": 3, "Plan Width": 4, "Plans": [{"Node Type": "Bitmap Index Scan", "Parent Relationship": "Outer", "Index Name": "company_type_pkey", "Startup Cost": 0.0, "Total Cost": 8.27, "Plan Rows": 3, "Plan Width": 0}]}]}]}, {"Node Type": "Materialize", "Parent Relationship": "Inner", "Startup Cost": 8.31, "Total Cost": 12.49, "Plan Rows": 12, "Plan Width": 4, "Plans": [{"Node Type": "Bitmap Heap Scan", "Parent Relationship": "Outer", "Relation Name": "role_type", "Alias": "rt", "Startup Cost": 8.31, "Total Cost": 12.43, "Plan Rows": 12, "Plan Width": 4, "Plans": [{"Node Type": "Bitmap Index Scan", "Parent Relationship": "Outer", "Index Name": "role_type_pkey", "Startup Cost": 0.0, "Total Cost": 8.31, "Plan Rows": 12, "Plan Width": 0}]}]}]}, {"Node Type": "Bitmap Heap Scan", "Parent Relationship": "Inner", "Relation Name": "title", "Alias": "t", "Startup Cost": 0.27, "Total Cost": 4.29, "Plan Rows": 1, "Plan Width": 21, "Recheck Cond": "(id = mc.movie_id)", "Filter": "(production_year > 1990)", "Plans": [{"Node Type": "Bitmap Index Scan", "Parent Relationship": "Outer", "Index Name": "title_pkey", "Startup Cost": 0.0, "Total Cost": 0.27, "Plan Rows": 1, "Plan Width": 0, "Index Cond": "(id = mc.movie_id)"}]}]}]}, "Unique SQL Id": 3145361615}, "explain_analyze_plan": null}, "(16, 56)": {"explain_plan": {"Plan": {"Node Type": "Aggregate", "Strategy": "Plain", "Startup Cost": 1669200.92, "Total Cost": 1669200.93, "Plan Rows": 1, "Plan Width": 97, "Plans": [{"Node Type": "Nested Loop", "Parent Relationship": "Outer", "Join Type": "Inner", "Startup Cost": 0.0, "Total Cost": 1664353.86, "Plan Rows": 969413, "Plan Width": 33, "Inner Unique": true, "Plans": [{"Node Type": "Nested Loop", "Parent Relationship": "Outer", "Join Type": "Inner", "Startup Cost": 0.0, "Total Cost": 1419437.32, "Plan Rows": 699731, "Plan Width": 24, "Inner Unique": true, "Join Filter": "(mc.company_type_id = ct.id), (LLVM Optimized)", "Plans": [{"Node Type": "Nested Loop", "Parent Relationship": "Outer", "Join Type": "Inner", "Startup Cost": 0.0, "Total Cost": 1387948.39, "Plan Rows": 699731, "Plan Width": 28, "Inner Unique": true, "Plans": [{"Node Type": "Nested Loop", "Parent Relationship": "Outer", "Join Type": "Inner", "Startup Cost": 0.0, "Total Cost": 978390.36, "Plan Rows": 1423748, "Plan Width": 32, "Inner Unique": false, "Plans": [{"Node Type": "Nested Loop", "Parent Relationship": "Outer", "Join Type": "Inner", "Startup Cost": 0.0, "Total Cost": 713471.65, "Plan Rows": 696330, "Plan Width": 20, "Inner Unique": true, "Plans": [{"Node Type": "Streaming(type: LOCAL GATHER dop: 1/16)", "Parent Relationship": "Outer", "Startup Cost": 0.0, "Total Cost": 120448.93, "Plan Rows": 1436424, "Plan Width": 8, "Plans": [{"Node Type": "Nested Loop", "Parent Relationship": "Outer", "Join Type": "Inner", "Startup Cost": 0.0, "Total Cost": 89447.98, "Plan Rows": 1436424, "Plan Width": 8, "Inner Unique": true, "Join Filter": "(ci.role_id = rt.id), (LLVM Optimized)", "Plans": [{"Node Type": "Seq Scan", "Parent Relationship": "Outer", "Relation Name": "cast_info", "Alias": "ci", "Startup Cost": 0.0, "Total Cost": 58282.92, "Plan Rows": 1436424, "Plan Width": 12, "Filter": "((note)::text ~~ '%(producer)%'::text), (LLVM Optimized)"}, {"Node Type": "Materialize", "Parent Relationship": "Inner", "Startup Cost": 0.0, "Total Cost": 15005.32, "Plan Rows": 192, "Plan Width": 4, "Plans": [{"Node Type": "Streaming(type: BROADCAST dop: 16/1)", "Parent Relationship": "Outer", "Startup Cost": 0.0, "Total Cost": 15005.26, "Plan Rows": 192, "Plan Width": 4, "Plans": [{"Node Type": "Seq Scan", "Parent Relationship": "Outer", "Relation Name": "role_type", "Alias": "rt", "Startup Cost": 0.0, "Total Cost": 1.12, "Plan Rows": 12, "Plan Width": 4}]}]}]}]}, {"Node Type": "Index Scan", "Parent Relationship": "Inner", "Scan Direction": "Forward", "Index Name": "char_name_pkey", "Relation Name": "char_name", "Alias": "chn", "Startup Cost": 0.0, "Total Cost": 0.4, "Plan Rows": 1, "Plan Width": 20, "Index Cond": "(id = ci.person_role_id)"}]}, {"Node Type": "Index Scan", "Parent Relationship": "Inner", "Scan Direction": "Forward", "Index Name": "movie_id_movie_companies", "Relation Name": "movie_companies", "Alias": "mc", "Startup Cost": 0.0, "Total Cost": 0.36, "Plan Rows": 2, "Plan Width": 12, "Index Cond": "(movie_id = ci.movie_id)"}]}, {"Node Type": "Index Scan", "Parent Relationship": "Inner", "Scan Direction": "Forward", "Index Name": "company_name_pkey", "Relation Name": "company_name", "Alias": "cn", "Startup Cost": 0.0, "Total Cost": 0.28, "Plan Rows": 1, "Plan Width": 4, "Index Cond": "(id = mc.company_id)", "Filter": "((country_code)::text = '[us]'::text)"}]}, {"Node Type": "Materialize", "Parent Relationship": "Inner", "Startup Cost": 0.0, "Total Cost": 1.04, "Plan Rows": 3, "Plan Width": 4, "Plans": [{"Node Type": "Seq Scan", "Parent Relationship": "Outer", "Relation Name": "company_type", "Alias": "ct", "Startup Cost": 0.0, "Total Cost": 1.03, "Plan Rows": 3, "Plan Width": 4}]}]}, {"Node Type": "Index Scan", "Parent Relationship": "Inner", "Scan Direction": "Forward", "Index Name": "title_pkey", "Relation Name": "title", "Alias": "t", "Startup Cost": 0.0, "Total Cost": 0.34, "Plan Rows": 1, "Plan Width": 21, "Index Cond": "(id = mc.movie_id)", "Filter": "(production_year > 1990)"}]}]}, "Unique SQL Id": 3145361615}, "explain_analyze_plan": {"Plan": {"Node Type": "Aggregate", "Strategy": "Plain", "Startup Cost": 1669200.92, "Total Cost": 1669200.93, "Plan Rows": 1, "Plan Width": 97, "Actual Min Startup Time": 1677.422, "Actual Max Startup Time": 1677.422, "Actual Min Total Time": 1677.422, "Actual Max Total Time": 1677.422, "Actual Total Rows": 1, "Plans": [{"Node Type": "Nested Loop", "Parent Relationship": "Outer", "Join Type": "Inner", "Startup Cost": 0.0, "Total Cost": 1664353.86, "Plan Rows": 969413, "Plan Width": 33, "Actual Min Startup Time": 366.84, "Actual Max Startup Time": 366.84, "Actual Min Total Time": 1677.368, "Actual Max Total Time": 1677.368, "Actual Total Rows": 4, "Inner Unique": true, "Plans": [{"Node Type": "Nested Loop", "Parent Relationship": "Outer", "Join Type": "Inner", "Startup Cost": 0.0, "Total Cost": 1419437.32, "Plan Rows": 699731, "Plan Width": 24, "Actual Min Startup Time": 365.0, "Actual Max Startup Time": 365.0, "Actual Min Total Time": 1677.307, "Actual Max Total Time": 1677.307, "Actual Total Rows": 6, "Inner Unique": true, "Join Filter": "(mc.company_type_id = ct.id), (LLVM Optimized, Jit Execute)", "Rows Removed by Join Filter": 24, "Plans": [{"Node Type": "Nested Loop", "Parent Relationship": "Outer", "Join Type": "Inner", "Startup Cost": 0.0, "Total Cost": 1387948.39, "Plan Rows": 699731, "Plan Width": 28, "Actual Min Startup Time": 364.907, "Actual Max Startup Time": 364.907, "Actual Min Total Time": 1677.227, "Actual Max Total Time": 1677.227, "Actual Total Rows": 14, "Inner Unique": true, "Plans": [{"Node Type": "Nested Loop", "Parent Relationship": "Outer", "Join Type": "Inner", "Startup Cost": 0.0, "Total Cost": 978390.36, "Plan Rows": 1423748, "Plan Width": 32, "Actual Min Startup Time": 364.88, "Actual Max Startup Time": 364.88, "Actual Min Total Time": 1677.003, "Actual Max Total Time": 1677.003, "Actual Total Rows": 31, "Inner Unique": false, "Plans": [{"Node Type": "Nested Loop", "Parent Relationship": "Outer", "Join Type": "Inner", "Startup Cost": 0.0, "Total Cost": 713471.65, "Plan Rows": 696330, "Plan Width": 20, "Actual Min Startup Time": 364.866, "Actual Max Startup Time": 364.866, "Actual Min Total Time": 1676.849, "Actual Max Total Time": 1676.849, "Actual Total Rows": 15, "Inner Unique": true, "Plans": [{"Node Type": "Streaming(type: LOCAL GATHER dop: 1/16)", "Parent Relationship": "Outer", "Startup Cost": 0.0, "Total Cost": 120448.93, "Plan Rows": 1436424, "Plan Width": 8, "Actual Min Startup Time": 364.391, "Actual Max Startup Time": 364.391, "Actual Min Total Time": 905.875, "Actual Max Total Time": 905.875, "Actual Total Rows": 1435439, "Plans": [{"Node Type": "Nested Loop", "Parent Relationship": "Outer", "Join Type": "Inner", "Startup Cost": 0.0, "Total Cost": 89447.98, "Plan Rows": 1436424, "Plan Width": 8, "Actual Min Startup Time": 44.057, "Actual Max Startup Time": 344.321, "Actual Min Total Time": 779.816, "Actual Max Total Time": 819.87, "Actual Total Rows": 1435439, "Inner Unique": true, "Join Filter": "(ci.role_id = rt.id), (LLVM Optimized, Jit Execute)", "Rows Removed by Join Filter": 2870850, "Plans": [{"Node Type": "Seq Scan", "Parent Relationship": "Outer", "Relation Name": "cast_info", "Alias": "ci", "Startup Cost": 0.0, "Total Cost": 58282.92, "Plan Rows": 1436424, "Plan Width": 12, "Actual Min Startup Time": 43.978, "Actual Max Startup Time": 344.245, "Actual Min Total Time": 678.566, "Actual Max Total Time": 715.183, "Actual Total Rows": 1435439, "Filter": "((note)::text ~~ '%(producer)%'::text), (LLVM Optimized, Jit Execute)", "Rows Removed by Filter": 34808904}, {"Node Type": "Materialize", "Parent Relationship": "Inner", "Startup Cost": 0.0, "Total Cost": 15005.32, "Plan Rows": 192, "Plan Width": 4, "Actual Min Startup Time": 7.503, "Actual Max Startup Time": 8.403, "Actual Min Total Time": 22.668, "Actual Max Total Time": 25.203, "Actual Total Rows": 4306305, "Plans": [{"Node Type": "Streaming(type: BROADCAST dop: 16/1)", "Parent Relationship": "Outer", "Startup Cost": 0.0, "Total Cost": 15005.26, "Plan Rows": 192, "Plan Width": 4, "Actual Min Startup Time": 0.005, "Actual Max Startup Time": 0.016, "Actual Min Total Time": 0.006, "Actual Max Total Time": 0.017, "Actual Total Rows": 192, "Plans": [{"Node Type": "Seq Scan", "Parent Relationship": "Outer", "Relation Name": "role_type", "Alias": "rt", "Startup Cost": 0.0, "Total Cost": 1.12, "Plan Rows": 12, "Plan Width": 4, "Actual Min Startup Time": 0.016, "Actual Max Startup Time": 0.016, "Actual Min Total Time": 0.02, "Actual Max Total Time": 0.02, "Actual Total Rows": 12}]}]}]}]}, {"Node Type": "Index Scan", "Parent Relationship": "Inner", "Scan Direction": "Forward", "Index Name": "char_name_pkey", "Relation Name": "char_name", "Alias": "chn", "Startup Cost": 0.0, "Total Cost": 0.4, "Plan Rows": 1, "Plan Width": 20, "Actual Min Startup Time": 225.535, "Actual Max Startup Time": 225.535, "Actual Min Total Time": 225.535, "Actual Max Total Time": 225.535, "Actual Total Rows": 15, "Index Cond": "(id = ci.person_role_id)", "Rows Removed by Index Recheck": 0}]}, {"Node Type": "Index Scan", "Parent Relationship": "Inner", "Scan Direction": "Forward", "Index Name": "movie_id_movie_companies", "Relation Name": "movie_companies", "Alias": "mc", "Startup Cost": 0.0, "Total Cost": 0.36, "Plan Rows": 2, "Plan Width": 12, "Actual Min Startup Time": 0.1, "Actual Max Startup Time": 0.1, "Actual Min Total Time": 0.134, "Actual Max Total Time": 0.134, "Actual Total Rows": 31, "Index Cond": "(movie_id = ci.movie_id)", "Rows Removed by Index Recheck": 0}]}, {"Node Type": "Index Scan", "Parent Relationship": "Inner", "Scan Direction": "Forward", "Index Name": "company_name_pkey", "Relation Name": "company_name", "Alias": "cn", "Startup Cost": 0.0, "Total Cost": 0.28, "Plan Rows": 1, "Plan Width": 4, "Actual Min Startup Time": 0.191, "Actual Max Startup Time": 0.191, "Actual Min Total Time": 0.191, "Actual Max Total Time": 0.191, "Actual Total Rows": 14, "Index Cond": "(id = mc.company_id)", "Rows Removed by Index Recheck": 0, "Filter": "((country_code)::text = '[us]'::text)", "Rows Removed by Filter": 17}]}, {"Node Type": "Materialize", "Parent Relationship": "Inner", "Startup Cost": 0.0, "Total Cost": 1.04, "Plan Rows": 3, "Plan Width": 4, "Actual Min Startup Time": 0.046, "Actual Max Startup Time": 0.046, "Actual Min Total Time": 0.048, "Actual Max Total Time": 0.048, "Actual Total Rows": 31, "Plans": [{"Node Type": "Seq Scan", "Parent Relationship": "Outer", "Relation Name": "company_type", "Alias": "ct", "Startup Cost": 0.0, "Total Cost": 1.03, "Plan Rows": 3, "Plan Width": 4, "Actual Min Startup Time": 0.024, "Actual Max Startup Time": 0.024, "Actual Min Total Time": 0.027, "Actual Max Total Time": 0.027, "Actual Total Rows": 3}]}]}, {"Node Type": "Index Scan", "Parent Relationship": "Inner", "Scan Direction": "Forward", "Index Name": "title_pkey", "Relation Name": "title", "Alias": "t", "Startup Cost": 0.0, "Total Cost": 0.34, "Plan Rows": 1, "Plan Width": 21, "Actual Min Startup Time": 0.051, "Actual Max Startup Time": 0.051, "Actual Min Total Time": 0.051, "Actual Max Total Time": 0.051, "Actual Total Rows": 4, "Index Cond": "(id = mc.movie_id)", "Rows Removed by Index Recheck": 0, "Filter": "(production_year > 1990)", "Rows Removed by Filter": 2}]}]}, "Triggers": [], "Planner Runtime": 6.322, "Total Runtime": 1690.513, "Unique SQL Id": 3145361615}}, "(16, 57)": {"explain_plan": {"Plan": {"Node Type": "Aggregate", "Strategy": "Plain", "Startup Cost": 2425779.29, "Total Cost": 2425779.3, "Plan Rows": 1, "Plan Width": 97, "Plans": [{"Node Type": "Nested Loop", "Parent Relationship": "Outer", "Join Type": "Inner", "Startup Cost": 0.0, "Total Cost": 2420932.22, "Plan Rows": 969413, "Plan Width": 33, "Inner Unique": true, "Plans": [{"Node Type": "Nested Loop", "Parent Relationship": "Outer", "Join Type": "Inner", "Startup Cost": 0.0, "Total Cost": 2176015.68, "Plan Rows": 699731, "Plan Width": 24, "Inner Unique": true, "Join Filter": "(ci.role_id = rt.id), (LLVM Optimized)", "Plans": [{"Node Type": "Nested Loop", "Parent Relationship": "Outer", "Join Type": "Inner", "Startup Cost": 0.0, "Total Cost": 2050055.64, "Plan Rows": 699731, "Plan Width": 28, "Inner Unique": true, "Join Filter": "(mc.company_type_id = ct.id), (LLVM Optimized)", "Plans": [{"Node Type": "Nested Loop", "Parent Relationship": "Outer", "Join Type": "Inner", "Startup Cost": 0.0, "Total Cost": 2018559.45, "Plan Rows": 699731, "Plan Width": 32, "Inner Unique": true, "Plans": [{"Node Type": "Nested Loop", "Parent Relationship": "Outer", "Join Type": "Inner", "Startup Cost": 0.0, "Total Cost": 1422640.19, "Plan Rows": 1443440, "Plan Width": 20, "Inner Unique": false, "Plans": [{"Node Type": "Nested Loop", "Parent Relationship": "Outer", "Join Type": "Inner", "Startup Cost": 0.0, "Total Cost": 171332.39, "Plan Rows": 1282311, "Plan Width": 8, "Inner Unique": false, "Plans": [{"Node Type": "Index Scan", "Parent Relationship": "Outer", "Scan Direction": "Forward", "Index Name": "company_name_pkey", "Relation Name": "company_name", "Alias": "cn", "Startup Cost": 0.0, "Total Cost": 10501.39, "Plan Rows": 85170, "Plan Width": 4, "Filter": "((country_code)::text = '[us]'::text)"}, {"Node Type": "Index Scan", "Parent Relationship": "Inner", "Scan Direction": "Forward", "Index Name": "company_id_movie_companies", "Relation Name": "movie_companies", "Alias": "mc", "Startup Cost": 0.0, "Total Cost": 1.74, "Plan Rows": 15, "Plan Width": 12, "Index Cond": "(company_id = cn.id)"}]}, {"Node Type": "Index Scan", "Parent Relationship": "Inner", "Scan Direction": "Forward", "Index Name": "movie_id_cast_info", "Relation Name": "cast_info", "Alias": "ci", "Startup Cost": 0.0, "Total Cost": 0.97, "Plan Rows": 1, "Plan Width": 12, "Index Cond": "(movie_id = mc.movie_id)", "Filter": "((note)::text ~~ '%(producer)%'::text)"}]}, {"Node Type": "Index Scan", "Parent Relationship": "Inner", "Scan Direction": "Forward", "Index Name": "char_name_pkey", "Relation Name": "char_name", "Alias": "chn", "Startup Cost": 0.0, "Total Cost": 0.4, "Plan Rows": 1, "Plan Width": 20, "Index Cond": "(id = ci.person_role_id)"}]}, {"Node Type": "Materialize", "Parent Relationship": "Inner", "Startup Cost": 0.0, "Total Cost": 8.31, "Plan Rows": 3, "Plan Width": 4, "Plans": [{"Node Type": "Index Only Scan", "Parent Relationship": "Outer", "Scan Direction": "Forward", "Index Name": "company_type_pkey", "Relation Name": "company_type", "Alias": "ct", "Startup Cost": 0.0, "Total Cost": 8.29, "Plan Rows": 3, "Plan Width": 4}]}]}, {"Node Type": "Materialize", "Parent Relationship": "Inner", "Startup Cost": 0.0, "Total Cost": 8.49, "Plan Rows": 12, "Plan Width": 4, "Plans": [{"Node Type": "Index Only Scan", "Parent Relationship": "Outer", "Scan Direction": "Forward", "Index Name": "role_type_pkey", "Relation Name": "role_type", "Alias": "rt", "Startup Cost": 0.0, "Total Cost": 8.43, "Plan Rows": 12, "Plan Width": 4}]}]}, {"Node Type": "Index Scan", "Parent Relationship": "Inner", "Scan Direction": "Forward", "Index Name": "title_pkey", "Relation Name": "title", "Alias": "t", "Startup Cost": 0.0, "Total Cost": 0.34, "Plan Rows": 1, "Plan Width": 21, "Index Cond": "(id = mc.movie_id)", "Filter": "(production_year > 1990)"}]}]}, "Unique SQL Id": 3145361615}, "explain_analyze_plan": null}, "(16, 58)": {"explain_plan": {"Plan": {"Node Type": "Aggregate", "Strategy": "Plain", "Startup Cost": 401683149.04, "Total Cost": 401683149.07, "Plan Rows": 1, "Plan Width": 97, "Plans": [{"Node Type": "Streaming(type: LOCAL GATHER dop: 1/16)", "Parent Relationship": "Outer", "Startup Cost": 401683149.04, "Total Cost": 401683149.07, "Plan Rows": 1, "Plan Width": 97, "Plans": [{"Node Type": "Aggregate", "Strategy": "Plain", "Parent Relationship": "Outer", "Startup Cost": 401683149.04, "Total Cost": 401683149.05, "Plan Rows": 1, "Plan Width": 97, "Plans": [{"Node Type": "Nested Loop", "Parent Relationship": "Outer", "Join Type": "Inner", "Startup Cost": 0.0, "Total Cost": 401678301.98, "Plan Rows": 969413, "Plan Width": 33, "Inner Unique": false, "Join Filter": "(mc.movie_id = t.id), (LLVM Optimized)", "Plans": [{"Node Type": "Streaming(type: LOCAL REDISTRIBUTE dop: 16/16)", "Parent Relationship": "Outer", "Startup Cost": 0.0, "Total Cost": 40775.83, "Plan Rows": 1748840, "Plan Width": 21, "Plans": [{"Node Type": "Seq Scan", "Parent Relationship": "Outer", "Relation Name": "title", "Alias": "t", "Startup Cost": 0.0, "Total Cost": 19149.37, "Plan Rows": 1748840, "Plan Width": 21, "Filter": "(production_year > 1990), (LLVM Optimized)"}]}, {"Node Type": "Materialize", "Parent Relationship": "Inner", "Startup Cost": 0.0, "Total Cost": 329935434.58, "Plan Rows": 699731, "Plan Width": 24, "Plans": [{"Node Type": "Streaming(type: LOCAL REDISTRIBUTE dop: 16/16)", "Parent Relationship": "Outer", "Startup Cost": 0.0, "Total Cost": 329935215.91, "Plan Rows": 699731, "Plan Width": 24, "Plans": [{"Node Type": "Nested Loop", "Parent Relationship": "Outer", "Join Type": "Inner", "Startup Cost": 0.0, "Total Cost": 329917564.59, "Plan Rows": 699731, "Plan Width": 24, "Inner Unique": true, "Join Filter": "(mc.company_type_id = ct.id), (LLVM Optimized)", "Plans": [{"Node Type": "Nested Loop", "Parent Relationship": "Outer", "Join Type": "Inner", "Startup Cost": 0.0, "Total Cost": 329900594.52, "Plan Rows": 699731, "Plan Width": 28, "Inner Unique": false, "Join Filter": "(mc.movie_id = ci.movie_id), (LLVM Optimized)", "Plans": [{"Node Type": "Streaming(type: LOCAL REDISTRIBUTE dop: 16/16)", "Parent Relationship": "Outer", "Startup Cost": 0.0, "Total Cost": 13107880.98, "Plan Rows": 1282311, "Plan Width": 8, "Plans": [{"Node Type": "Nested Loop", "Parent Relationship": "Outer", "Join Type": "Inner", "Startup Cost": 0.0, "Total Cost": 13088022.23, "Plan Rows": 1282311, "Plan Width": 8, "Inner Unique": false, "Join Filter": "(cn.id = mc.company_id), (LLVM Optimized)", "Plans": [{"Node Type": "Streaming(type: LOCAL REDISTRIBUTE dop: 16/1)", "Parent Relationship": "Outer", "Startup Cost": 0.0, "Total Cost": 24444.99, "Plan Rows": 85170, "Plan Width": 4, "Plans": [{"Node Type": "Seq Scan", "Parent Relationship": "Outer", "Relation Name": "company_name", "Alias": "cn", "Startup Cost": 0.0, "Total Cost": 5903.45, "Plan Rows": 85170, "Plan Width": 4, "Filter": "((country_code)::text = '[us]'::text)"}]}, {"Node Type": "Materialize", "Parent Relationship": "Inner", "Startup Cost": 0.0, "Total Cost": 43315.08, "Plan Rows": 2609128, "Plan Width": 12, "Plans": [{"Node Type": "Streaming(type: LOCAL REDISTRIBUTE dop: 16/16)", "Parent Relationship": "Outer", "Startup Cost": 0.0, "Total Cost": 42499.73, "Plan Rows": 2609128, "Plan Width": 12, "Plans": [{"Node Type": "Seq Scan", "Parent Relationship": "Outer", "Relation Name": "movie_companies", "Alias": "mc", "Startup Cost": 0.0, "Total Cost": 17613.58, "Plan Rows": 2609128, "Plan Width": 12}]}]}]}]}, {"Node Type": "Materialize", "Parent Relationship": "Inner", "Startup Cost": 0.0, "Total Cost": 264473782.18, "Plan Rows": 696330, "Plan Width": 20, "Plans": [{"Node Type": "Streaming(type: LOCAL REDISTRIBUTE dop: 16/16)", "Parent Relationship": "Outer", "Startup Cost": 0.0, "Total Cost": 264473564.58, "Plan Rows": 696330, "Plan Width": 20, "Plans": [{"Node Type": "Nested Loop", "Parent Relationship": "Outer", "Join Type": "Inner", "Startup Cost": 0.0, "Total Cost": 264455926.14, "Plan Rows": 696330, "Plan Width": 20, "Inner Unique": true, "Join Filter": "(ci.role_id = rt.id), (LLVM Optimized)", "Plans": [{"Node Type": "Nested Loop", "Parent Relationship": "Outer", "Join Type": "Inner", "Startup Cost": 0.0, "Total Cost": 264433087.14, "Plan Rows": 696330, "Plan Width": 24, "Inner Unique": false, "Join Filter": "(chn.id = ci.person_role_id), (LLVM Optimized)", "Plans": [{"Node Type": "Streaming(type: LOCAL REDISTRIBUTE dop: 16/16)", "Parent Relationship": "Outer", "Startup Cost": 0.0, "Total Cost": 46117.27, "Plan Rows": 3140338, "Plan Width": 20, "Plans": [{"Node Type": "Seq Scan", "Parent Relationship": "Outer", "Relation Name": "char_name", "Alias": "chn", "Startup Cost": 0.0, "Total Cost": 19218.34, "Plan Rows": 3140338, "Plan Width": 20}]}, {"Node Type": "Materialize", "Parent Relationship": "Inner", "Startup Cost": 0.0, "Total Cost": 79174.5, "Plan Rows": 1436424, "Plan Width": 12, "Plans": [{"Node Type": "Streaming(type: LOCAL REDISTRIBUTE dop: 16/16)", "Parent Relationship": "Outer", "Startup Cost": 0.0, "Total Cost": 78725.62, "Plan Rows": 1436424, "Plan Width": 12, "Plans": [{"Node Type": "Seq Scan", "Parent Relationship": "Outer", "Relation Name": "cast_info", "Alias": "ci", "Startup Cost": 0.0, "Total Cost": 58282.92, "Plan Rows": 1436424, "Plan Width": 12, "Filter": "((note)::text ~~ '%(producer)%'::text), (LLVM Optimized)"}]}]}]}, {"Node Type": "Materialize", "Parent Relationship": "Inner", "Startup Cost": 0.0, "Total Cost": 15005.32, "Plan Rows": 192, "Plan Width": 4, "Plans": [{"Node Type": "Streaming(type: BROADCAST dop: 16/1)", "Parent Relationship": "Outer", "Startup Cost": 0.0, "Total Cost": 15005.26, "Plan Rows": 192, "Plan Width": 4, "Plans": [{"Node Type": "Seq Scan", "Parent Relationship": "Outer", "Relation Name": "role_type", "Alias": "rt", "Startup Cost": 0.0, "Total Cost": 1.12, "Plan Rows": 12, "Plan Width": 4}]}]}]}]}]}]}, {"Node Type": "Materialize", "Parent Relationship": "Inner", "Startup Cost": 0.0, "Total Cost": 15002.08, "Plan Rows": 48, "Plan Width": 4, "Plans": [{"Node Type": "Streaming(type: BROADCAST dop: 16/1)", "Parent Relationship": "Outer", "Startup Cost": 0.0, "Total Cost": 15002.07, "Plan Rows": 48, "Plan Width": 4, "Plans": [{"Node Type": "Seq Scan", "Parent Relationship": "Outer", "Relation Name": "company_type", "Alias": "ct", "Startup Cost": 0.0, "Total Cost": 1.03, "Plan Rows": 3, "Plan Width": 4}]}]}]}]}]}]}]}]}]}, "Unique SQL Id": 3145361615}, "explain_analyze_plan": null}, "(16, 59)": {"explain_plan": {"Plan": {"Node Type": "Aggregate", "Strategy": "Plain", "Startup Cost": 7102923990895.23, "Total Cost": 7102923990895.24, "Plan Rows": 1, "Plan Width": 97, "Plans": [{"Node Type": "Nested Loop", "Parent Relationship": "Outer", "Join Type": "Inner", "Startup Cost": 70000000000.0, "Total Cost": 7102923986048.17, "Plan Rows": 969413, "Plan Width": 33, "Inner Unique": true, "Join Filter": "(mc.company_type_id = ct.id), (LLVM Optimized)", "Plans": [{"Node Type": "Nested Loop", "Parent Relationship": "Outer", "Join Type": "Inner", "Startup Cost": 60000000000.0, "Total Cost": 6102923941595.08, "Plan Rows": 969413, "Plan Width": 37, "Inner Unique": true, "Join Filter": "(mc.movie_id = t.id), (LLVM Optimized)", "Plans": [{"Node Type": "Nested Loop", "Parent Relationship": "Outer", "Join Type": "Inner", "Startup Cost": 50000000000.0, "Total Cost": 5084556529665.71, "Plan Rows": 699731, "Plan Width": 28, "Inner Unique": true, "Join Filter": "(ci.role_id = rt.id), (LLVM Optimized)", "Plans": [{"Node Type": "Nested Loop", "Parent Relationship": "Outer", "Join Type": "Inner", "Startup Cost": 40000000000.0, "Total Cost": 4084556402871.1, "Plan Rows": 699731, "Plan Width": 32, "Inner Unique": false, "Join Filter": "(ci.movie_id = mc.movie_id), (LLVM Optimized)", "Plans": [{"Node Type": "Nested Loop", "Parent Relationship": "Outer", "Join Type": "Inner", "Startup Cost": 20000000000.0, "Total Cost": 2003343660045.29, "Plan Rows": 1282311, "Plan Width": 8, "Inner Unique": true, "Join Filter": "(cn.id = mc.company_id), (LLVM Optimized)", "Plans": [{"Node Type": "Index Scan", "Parent Relationship": "Outer", "Scan Direction": "Forward", "Index Name": "company_type_id_movie_companies", "Relation Name": "movie_companies", "Alias": "mc", "Startup Cost": 10000000000.0, "Total Cost": 1000009318217.0, "Plan Rows": 2609128, "Plan Width": 12}, {"Node Type": "Materialize", "Parent Relationship": "Inner", "Startup Cost": 10000000000.0, "Total Cost": 1000001050564.82, "Plan Rows": 85170, "Plan Width": 4, "Plans": [{"Node Type": "Index Scan", "Parent Relationship": "Outer", "Scan Direction": "Forward", "Index Name": "company_name_pkey", "Relation Name": "company_name", "Alias": "cn", "Startup Cost": 10000000000.0, "Total Cost": 1000001050138.97, "Plan Rows": 85170, "Plan Width": 4, "Filter": "((country_code)::text = '[us]'::text)"}]}]}, {"Node Type": "Materialize", "Parent Relationship": "Inner", "Startup Cost": 20000000000.0, "Total Cost": 2067819070287.18, "Plan Rows": 696330, "Plan Width": 24, "Plans": [{"Node Type": "Nested Loop", "Parent Relationship": "Outer", "Join Type": "Inner", "Startup Cost": 20000000000.0, "Total Cost": 2067819066805.53, "Plan Rows": 696330, "Plan Width": 24, "Inner Unique": true, "Join Filter": "(chn.id = ci.person_role_id), (LLVM Optimized)", "Plans": [{"Node Type": "Index Scan", "Parent Relationship": "Outer", "Scan Direction": "Forward", "Index Name": "role_id_cast_info", "Relation Name": "cast_info", "Alias": "ci", "Startup Cost": 10000000000.0, "Total Cost": 1000143218339.5, "Plan Rows": 1436424, "Plan Width": 12, "Filter": "((note)::text ~~ '%(producer)%'::text), (LLVM Optimized)"}, {"Node Type": "Materialize", "Parent Relationship": "Inner", "Startup Cost": 10000000000.0, "Total Cost": 1000013003247.2, "Plan Rows": 3140338, "Plan Width": 20, "Plans": [{"Node Type": "Index Scan", "Parent Relationship": "Outer", "Scan Direction": "Forward", "Index Name": "char_name_pkey", "Relation Name": "char_name", "Alias": "chn", "Startup Cost": 10000000000.0, "Total Cost": 1000012987545.51, "Plan Rows": 3140338, "Plan Width": 20}]}]}]}]}, {"Node Type": "Materialize", "Parent Relationship": "Inner", "Startup Cost": 10000000000.0, "Total Cost": 1000000000843.06, "Plan Rows": 12, "Plan Width": 4, "Plans": [{"Node Type": "Index Only Scan", "Parent Relationship": "Outer", "Scan Direction": "Forward", "Index Name": "role_type_pkey", "Relation Name": "role_type", "Alias": "rt", "Startup Cost": 10000000000.0, "Total Cost": 1000000000843.0, "Plan Rows": 12, "Plan Width": 4}]}]}, {"Node Type": "Materialize", "Parent Relationship": "Inner", "Startup Cost": 10000000000.0, "Total Cost": 1000011652870.86, "Plan Rows": 1748840, "Plan Width": 21, "Plans": [{"Node Type": "Index Scan", "Parent Relationship": "Outer", "Scan Direction": "Forward", "Index Name": "title_pkey", "Relation Name": "title", "Alias": "t", "Startup Cost": 10000000000.0, "Total Cost": 1000011644126.66, "Plan Rows": 1748840, "Plan Width": 21, "Filter": "(production_year > 1990), (LLVM Optimized)"}]}]}, {"Node Type": "Materialize", "Parent Relationship": "Inner", "Startup Cost": 10000000000.0, "Total Cost": 1000000000829.52, "Plan Rows": 3, "Plan Width": 4, "Plans": [{"Node Type": "Index Only Scan", "Parent Relationship": "Outer", "Scan Direction": "Forward", "Index Name": "company_type_pkey", "Relation Name": "company_type", "Alias": "ct", "Startup Cost": 10000000000.0, "Total Cost": 1000000000829.5, "Plan Rows": 3, "Plan Width": 4}]}]}]}, "Unique SQL Id": 3145361615}, "explain_analyze_plan": null}, "(16, 60)": {"explain_plan": {"Plan": {"Node Type": "Aggregate", "Strategy": "Plain", "Startup Cost": 1669200.92, "Total Cost": 1669200.93, "Plan Rows": 1, "Plan Width": 97, "Plans": [{"Node Type": "Nested Loop", "Parent Relationship": "Outer", "Join Type": "Inner", "Startup Cost": 0.0, "Total Cost": 1664353.86, "Plan Rows": 969413, "Plan Width": 33, "Inner Unique": true, "Plans": [{"Node Type": "Nested Loop", "Parent Relationship": "Outer", "Join Type": "Inner", "Startup Cost": 0.0, "Total Cost": 1419437.32, "Plan Rows": 699731, "Plan Width": 24, "Inner Unique": true, "Join Filter": "(mc.company_type_id = ct.id), (LLVM Optimized)", "Plans": [{"Node Type": "Nested Loop", "Parent Relationship": "Outer", "Join Type": "Inner", "Startup Cost": 0.0, "Total Cost": 1387948.39, "Plan Rows": 699731, "Plan Width": 28, "Inner Unique": true, "Plans": [{"Node Type": "Nested Loop", "Parent Relationship": "Outer", "Join Type": "Inner", "Startup Cost": 0.0, "Total Cost": 978390.36, "Plan Rows": 1423748, "Plan Width": 32, "Inner Unique": false, "Plans": [{"Node Type": "Nested Loop", "Parent Relationship": "Outer", "Join Type": "Inner", "Startup Cost": 0.0, "Total Cost": 713471.65, "Plan Rows": 696330, "Plan Width": 20, "Inner Unique": true, "Plans": [{"Node Type": "Streaming(type: LOCAL GATHER dop: 1/16)", "Parent Relationship": "Outer", "Startup Cost": 0.0, "Total Cost": 120448.93, "Plan Rows": 1436424, "Plan Width": 8, "Plans": [{"Node Type": "Nested Loop", "Parent Relationship": "Outer", "Join Type": "Inner", "Startup Cost": 0.0, "Total Cost": 89447.98, "Plan Rows": 1436424, "Plan Width": 8, "Inner Unique": true, "Join Filter": "(ci.role_id = rt.id), (LLVM Optimized)", "Plans": [{"Node Type": "Seq Scan", "Parent Relationship": "Outer", "Relation Name": "cast_info", "Alias": "ci", "Startup Cost": 0.0, "Total Cost": 58282.92, "Plan Rows": 1436424, "Plan Width": 12, "Filter": "((note)::text ~~ '%(producer)%'::text), (LLVM Optimized)"}, {"Node Type": "Materialize", "Parent Relationship": "Inner", "Startup Cost": 0.0, "Total Cost": 15005.32, "Plan Rows": 192, "Plan Width": 4, "Plans": [{"Node Type": "Streaming(type: BROADCAST dop: 16/1)", "Parent Relationship": "Outer", "Startup Cost": 0.0, "Total Cost": 15005.26, "Plan Rows": 192, "Plan Width": 4, "Plans": [{"Node Type": "Seq Scan", "Parent Relationship": "Outer", "Relation Name": "role_type", "Alias": "rt", "Startup Cost": 0.0, "Total Cost": 1.12, "Plan Rows": 12, "Plan Width": 4}]}]}]}]}, {"Node Type": "Index Scan", "Parent Relationship": "Inner", "Scan Direction": "Forward", "Index Name": "char_name_pkey", "Relation Name": "char_name", "Alias": "chn", "Startup Cost": 0.0, "Total Cost": 0.4, "Plan Rows": 1, "Plan Width": 20, "Index Cond": "(id = ci.person_role_id)"}]}, {"Node Type": "Index Scan", "Parent Relationship": "Inner", "Scan Direction": "Forward", "Index Name": "movie_id_movie_companies", "Relation Name": "movie_companies", "Alias": "mc", "Startup Cost": 0.0, "Total Cost": 0.36, "Plan Rows": 2, "Plan Width": 12, "Index Cond": "(movie_id = ci.movie_id)"}]}, {"Node Type": "Index Scan", "Parent Relationship": "Inner", "Scan Direction": "Forward", "Index Name": "company_name_pkey", "Relation Name": "company_name", "Alias": "cn", "Startup Cost": 0.0, "Total Cost": 0.28, "Plan Rows": 1, "Plan Width": 4, "Index Cond": "(id = mc.company_id)", "Filter": "((country_code)::text = '[us]'::text)"}]}, {"Node Type": "Materialize", "Parent Relationship": "Inner", "Startup Cost": 0.0, "Total Cost": 1.04, "Plan Rows": 3, "Plan Width": 4, "Plans": [{"Node Type": "Seq Scan", "Parent Relationship": "Outer", "Relation Name": "company_type", "Alias": "ct", "Startup Cost": 0.0, "Total Cost": 1.03, "Plan Rows": 3, "Plan Width": 4}]}]}, {"Node Type": "Index Scan", "Parent Relationship": "Inner", "Scan Direction": "Forward", "Index Name": "title_pkey", "Relation Name": "title", "Alias": "t", "Startup Cost": 0.0, "Total Cost": 0.34, "Plan Rows": 1, "Plan Width": 21, "Index Cond": "(id = mc.movie_id)", "Filter": "(production_year > 1990)"}]}]}, "Unique SQL Id": 3145361615}, "explain_analyze_plan": {"Plan": {"Node Type": "Aggregate", "Strategy": "Plain", "Startup Cost": 1669200.92, "Total Cost": 1669200.93, "Plan Rows": 1, "Plan Width": 97, "Actual Min Startup Time": 1677.422, "Actual Max Startup Time": 1677.422, "Actual Min Total Time": 1677.422, "Actual Max Total Time": 1677.422, "Actual Total Rows": 1, "Plans": [{"Node Type": "Nested Loop", "Parent Relationship": "Outer", "Join Type": "Inner", "Startup Cost": 0.0, "Total Cost": 1664353.86, "Plan Rows": 969413, "Plan Width": 33, "Actual Min Startup Time": 366.84, "Actual Max Startup Time": 366.84, "Actual Min Total Time": 1677.368, "Actual Max Total Time": 1677.368, "Actual Total Rows": 4, "Inner Unique": true, "Plans": [{"Node Type": "Nested Loop", "Parent Relationship": "Outer", "Join Type": "Inner", "Startup Cost": 0.0, "Total Cost": 1419437.32, "Plan Rows": 699731, "Plan Width": 24, "Actual Min Startup Time": 365.0, "Actual Max Startup Time": 365.0, "Actual Min Total Time": 1677.307, "Actual Max Total Time": 1677.307, "Actual Total Rows": 6, "Inner Unique": true, "Join Filter": "(mc.company_type_id = ct.id), (LLVM Optimized, Jit Execute)", "Rows Removed by Join Filter": 24, "Plans": [{"Node Type": "Nested Loop", "Parent Relationship": "Outer", "Join Type": "Inner", "Startup Cost": 0.0, "Total Cost": 1387948.39, "Plan Rows": 699731, "Plan Width": 28, "Actual Min Startup Time": 364.907, "Actual Max Startup Time": 364.907, "Actual Min Total Time": 1677.227, "Actual Max Total Time": 1677.227, "Actual Total Rows": 14, "Inner Unique": true, "Plans": [{"Node Type": "Nested Loop", "Parent Relationship": "Outer", "Join Type": "Inner", "Startup Cost": 0.0, "Total Cost": 978390.36, "Plan Rows": 1423748, "Plan Width": 32, "Actual Min Startup Time": 364.88, "Actual Max Startup Time": 364.88, "Actual Min Total Time": 1677.003, "Actual Max Total Time": 1677.003, "Actual Total Rows": 31, "Inner Unique": false, "Plans": [{"Node Type": "Nested Loop", "Parent Relationship": "Outer", "Join Type": "Inner", "Startup Cost": 0.0, "Total Cost": 713471.65, "Plan Rows": 696330, "Plan Width": 20, "Actual Min Startup Time": 364.866, "Actual Max Startup Time": 364.866, "Actual Min Total Time": 1676.849, "Actual Max Total Time": 1676.849, "Actual Total Rows": 15, "Inner Unique": true, "Plans": [{"Node Type": "Streaming(type: LOCAL GATHER dop: 1/16)", "Parent Relationship": "Outer", "Startup Cost": 0.0, "Total Cost": 120448.93, "Plan Rows": 1436424, "Plan Width": 8, "Actual Min Startup Time": 364.391, "Actual Max Startup Time": 364.391, "Actual Min Total Time": 905.875, "Actual Max Total Time": 905.875, "Actual Total Rows": 1435439, "Plans": [{"Node Type": "Nested Loop", "Parent Relationship": "Outer", "Join Type": "Inner", "Startup Cost": 0.0, "Total Cost": 89447.98, "Plan Rows": 1436424, "Plan Width": 8, "Actual Min Startup Time": 44.057, "Actual Max Startup Time": 344.321, "Actual Min Total Time": 779.816, "Actual Max Total Time": 819.87, "Actual Total Rows": 1435439, "Inner Unique": true, "Join Filter": "(ci.role_id = rt.id), (LLVM Optimized, Jit Execute)", "Rows Removed by Join Filter": 2870850, "Plans": [{"Node Type": "Seq Scan", "Parent Relationship": "Outer", "Relation Name": "cast_info", "Alias": "ci", "Startup Cost": 0.0, "Total Cost": 58282.92, "Plan Rows": 1436424, "Plan Width": 12, "Actual Min Startup Time": 43.978, "Actual Max Startup Time": 344.245, "Actual Min Total Time": 678.566, "Actual Max Total Time": 715.183, "Actual Total Rows": 1435439, "Filter": "((note)::text ~~ '%(producer)%'::text), (LLVM Optimized, Jit Execute)", "Rows Removed by Filter": 34808904}, {"Node Type": "Materialize", "Parent Relationship": "Inner", "Startup Cost": 0.0, "Total Cost": 15005.32, "Plan Rows": 192, "Plan Width": 4, "Actual Min Startup Time": 7.503, "Actual Max Startup Time": 8.403, "Actual Min Total Time": 22.668, "Actual Max Total Time": 25.203, "Actual Total Rows": 4306305, "Plans": [{"Node Type": "Streaming(type: BROADCAST dop: 16/1)", "Parent Relationship": "Outer", "Startup Cost": 0.0, "Total Cost": 15005.26, "Plan Rows": 192, "Plan Width": 4, "Actual Min Startup Time": 0.005, "Actual Max Startup Time": 0.016, "Actual Min Total Time": 0.006, "Actual Max Total Time": 0.017, "Actual Total Rows": 192, "Plans": [{"Node Type": "Seq Scan", "Parent Relationship": "Outer", "Relation Name": "role_type", "Alias": "rt", "Startup Cost": 0.0, "Total Cost": 1.12, "Plan Rows": 12, "Plan Width": 4, "Actual Min Startup Time": 0.016, "Actual Max Startup Time": 0.016, "Actual Min Total Time": 0.02, "Actual Max Total Time": 0.02, "Actual Total Rows": 12}]}]}]}]}, {"Node Type": "Index Scan", "Parent Relationship": "Inner", "Scan Direction": "Forward", "Index Name": "char_name_pkey", "Relation Name": "char_name", "Alias": "chn", "Startup Cost": 0.0, "Total Cost": 0.4, "Plan Rows": 1, "Plan Width": 20, "Actual Min Startup Time": 225.535, "Actual Max Startup Time": 225.535, "Actual Min Total Time": 225.535, "Actual Max Total Time": 225.535, "Actual Total Rows": 15, "Index Cond": "(id = ci.person_role_id)", "Rows Removed by Index Recheck": 0}]}, {"Node Type": "Index Scan", "Parent Relationship": "Inner", "Scan Direction": "Forward", "Index Name": "movie_id_movie_companies", "Relation Name": "movie_companies", "Alias": "mc", "Startup Cost": 0.0, "Total Cost": 0.36, "Plan Rows": 2, "Plan Width": 12, "Actual Min Startup Time": 0.1, "Actual Max Startup Time": 0.1, "Actual Min Total Time": 0.134, "Actual Max Total Time": 0.134, "Actual Total Rows": 31, "Index Cond": "(movie_id = ci.movie_id)", "Rows Removed by Index Recheck": 0}]}, {"Node Type": "Index Scan", "Parent Relationship": "Inner", "Scan Direction": "Forward", "Index Name": "company_name_pkey", "Relation Name": "company_name", "Alias": "cn", "Startup Cost": 0.0, "Total Cost": 0.28, "Plan Rows": 1, "Plan Width": 4, "Actual Min Startup Time": 0.191, "Actual Max Startup Time": 0.191, "Actual Min Total Time": 0.191, "Actual Max Total Time": 0.191, "Actual Total Rows": 14, "Index Cond": "(id = mc.company_id)", "Rows Removed by Index Recheck": 0, "Filter": "((country_code)::text = '[us]'::text)", "Rows Removed by Filter": 17}]}, {"Node Type": "Materialize", "Parent Relationship": "Inner", "Startup Cost": 0.0, "Total Cost": 1.04, "Plan Rows": 3, "Plan Width": 4, "Actual Min Startup Time": 0.046, "Actual Max Startup Time": 0.046, "Actual Min Total Time": 0.048, "Actual Max Total Time": 0.048, "Actual Total Rows": 31, "Plans": [{"Node Type": "Seq Scan", "Parent Relationship": "Outer", "Relation Name": "company_type", "Alias": "ct", "Startup Cost": 0.0, "Total Cost": 1.03, "Plan Rows": 3, "Plan Width": 4, "Actual Min Startup Time": 0.024, "Actual Max Startup Time": 0.024, "Actual Min Total Time": 0.027, "Actual Max Total Time": 0.027, "Actual Total Rows": 3}]}]}, {"Node Type": "Index Scan", "Parent Relationship": "Inner", "Scan Direction": "Forward", "Index Name": "title_pkey", "Relation Name": "title", "Alias": "t", "Startup Cost": 0.0, "Total Cost": 0.34, "Plan Rows": 1, "Plan Width": 21, "Actual Min Startup Time": 0.051, "Actual Max Startup Time": 0.051, "Actual Min Total Time": 0.051, "Actual Max Total Time": 0.051, "Actual Total Rows": 4, "Index Cond": "(id = mc.movie_id)", "Rows Removed by Index Recheck": 0, "Filter": "(production_year > 1990)", "Rows Removed by Filter": 2}]}]}, "Triggers": [], "Planner Runtime": 6.322, "Total Runtime": 1690.513, "Unique SQL Id": 3145361615}}, "(16, 61)": {"explain_plan": {"Plan": {"Node Type": "Aggregate", "Strategy": "Plain", "Startup Cost": 2425787.29, "Total Cost": 2425787.3, "Plan Rows": 1, "Plan Width": 97, "Plans": [{"Node Type": "Nested Loop", "Parent Relationship": "Outer", "Join Type": "Inner", "Startup Cost": 0.0, "Total Cost": 2420940.22, "Plan Rows": 969413, "Plan Width": 33, "Inner Unique": true, "Plans": [{"Node Type": "Nested Loop", "Parent Relationship": "Outer", "Join Type": "Inner", "Startup Cost": 0.0, "Total Cost": 2176023.68, "Plan Rows": 699731, "Plan Width": 24, "Inner Unique": true, "Join Filter": "(ci.role_id = rt.id), (LLVM Optimized)", "Plans": [{"Node Type": "Nested Loop", "Parent Relationship": "Outer", "Join Type": "Inner", "Startup Cost": 0.0, "Total Cost": 2050059.64, "Plan Rows": 699731, "Plan Width": 28, "Inner Unique": true, "Join Filter": "(mc.company_type_id = ct.id), (LLVM Optimized)", "Plans": [{"Node Type": "Nested Loop", "Parent Relationship": "Outer", "Join Type": "Inner", "Startup Cost": 0.0, "Total Cost": 2018559.45, "Plan Rows": 699731, "Plan Width": 32, "Inner Unique": true, "Plans": [{"Node Type": "Nested Loop", "Parent Relationship": "Outer", "Join Type": "Inner", "Startup Cost": 0.0, "Total Cost": 1422640.19, "Plan Rows": 1443440, "Plan Width": 20, "Inner Unique": false, "Plans": [{"Node Type": "Nested Loop", "Parent Relationship": "Outer", "Join Type": "Inner", "Startup Cost": 0.0, "Total Cost": 171332.39, "Plan Rows": 1282311, "Plan Width": 8, "Inner Unique": false, "Plans": [{"Node Type": "Index Scan", "Parent Relationship": "Outer", "Scan Direction": "Forward", "Index Name": "company_name_pkey", "Relation Name": "company_name", "Alias": "cn", "Startup Cost": 0.0, "Total Cost": 10501.39, "Plan Rows": 85170, "Plan Width": 4, "Filter": "((country_code)::text = '[us]'::text)"}, {"Node Type": "Index Scan", "Parent Relationship": "Inner", "Scan Direction": "Forward", "Index Name": "company_id_movie_companies", "Relation Name": "movie_companies", "Alias": "mc", "Startup Cost": 0.0, "Total Cost": 1.74, "Plan Rows": 15, "Plan Width": 12, "Index Cond": "(company_id = cn.id)"}]}, {"Node Type": "Index Scan", "Parent Relationship": "Inner", "Scan Direction": "Forward", "Index Name": "movie_id_cast_info", "Relation Name": "cast_info", "Alias": "ci", "Startup Cost": 0.0, "Total Cost": 0.97, "Plan Rows": 1, "Plan Width": 12, "Index Cond": "(movie_id = mc.movie_id)", "Filter": "((note)::text ~~ '%(producer)%'::text)"}]}, {"Node Type": "Index Scan", "Parent Relationship": "Inner", "Scan Direction": "Forward", "Index Name": "char_name_pkey", "Relation Name": "char_name", "Alias": "chn", "Startup Cost": 0.0, "Total Cost": 0.4, "Plan Rows": 1, "Plan Width": 20, "Index Cond": "(id = ci.person_role_id)"}]}, {"Node Type": "Materialize", "Parent Relationship": "Inner", "Startup Cost": 0.0, "Total Cost": 12.31, "Plan Rows": 3, "Plan Width": 4, "Plans": [{"Node Type": "Index Scan", "Parent Relationship": "Outer", "Scan Direction": "Forward", "Index Name": "company_type_pkey", "Relation Name": "company_type", "Alias": "ct", "Startup Cost": 0.0, "Total Cost": 12.29, "Plan Rows": 3, "Plan Width": 4}]}]}, {"Node Type": "Materialize", "Parent Relationship": "Inner", "Startup Cost": 0.0, "Total Cost": 12.49, "Plan Rows": 12, "Plan Width": 4, "Plans": [{"Node Type": "Index Scan", "Parent Relationship": "Outer", "Scan Direction": "Forward", "Index Name": "role_type_pkey", "Relation Name": "role_type", "Alias": "rt", "Startup Cost": 0.0, "Total Cost": 12.43, "Plan Rows": 12, "Plan Width": 4}]}]}, {"Node Type": "Index Scan", "Parent Relationship": "Inner", "Scan Direction": "Forward", "Index Name": "title_pkey", "Relation Name": "title", "Alias": "t", "Startup Cost": 0.0, "Total Cost": 0.34, "Plan Rows": 1, "Plan Width": 21, "Index Cond": "(id = mc.movie_id)", "Filter": "(production_year > 1990)"}]}]}, "Unique SQL Id": 3145361615}, "explain_analyze_plan": null}, "(16, 62)": {"explain_plan": {"Plan": {"Node Type": "Aggregate", "Strategy": "Plain", "Startup Cost": 401683149.04, "Total Cost": 401683149.07, "Plan Rows": 1, "Plan Width": 97, "Plans": [{"Node Type": "Streaming(type: LOCAL GATHER dop: 1/16)", "Parent Relationship": "Outer", "Startup Cost": 401683149.04, "Total Cost": 401683149.07, "Plan Rows": 1, "Plan Width": 97, "Plans": [{"Node Type": "Aggregate", "Strategy": "Plain", "Parent Relationship": "Outer", "Startup Cost": 401683149.04, "Total Cost": 401683149.05, "Plan Rows": 1, "Plan Width": 97, "Plans": [{"Node Type": "Nested Loop", "Parent Relationship": "Outer", "Join Type": "Inner", "Startup Cost": 0.0, "Total Cost": 401678301.98, "Plan Rows": 969413, "Plan Width": 33, "Inner Unique": false, "Join Filter": "(mc.movie_id = t.id), (LLVM Optimized)", "Plans": [{"Node Type": "Streaming(type: LOCAL REDISTRIBUTE dop: 16/16)", "Parent Relationship": "Outer", "Startup Cost": 0.0, "Total Cost": 40775.83, "Plan Rows": 1748840, "Plan Width": 21, "Plans": [{"Node Type": "Seq Scan", "Parent Relationship": "Outer", "Relation Name": "title", "Alias": "t", "Startup Cost": 0.0, "Total Cost": 19149.37, "Plan Rows": 1748840, "Plan Width": 21, "Filter": "(production_year > 1990), (LLVM Optimized)"}]}, {"Node Type": "Materialize", "Parent Relationship": "Inner", "Startup Cost": 0.0, "Total Cost": 329935434.58, "Plan Rows": 699731, "Plan Width": 24, "Plans": [{"Node Type": "Streaming(type: LOCAL REDISTRIBUTE dop: 16/16)", "Parent Relationship": "Outer", "Startup Cost": 0.0, "Total Cost": 329935215.91, "Plan Rows": 699731, "Plan Width": 24, "Plans": [{"Node Type": "Nested Loop", "Parent Relationship": "Outer", "Join Type": "Inner", "Startup Cost": 0.0, "Total Cost": 329917564.59, "Plan Rows": 699731, "Plan Width": 24, "Inner Unique": true, "Join Filter": "(mc.company_type_id = ct.id), (LLVM Optimized)", "Plans": [{"Node Type": "Nested Loop", "Parent Relationship": "Outer", "Join Type": "Inner", "Startup Cost": 0.0, "Total Cost": 329900594.52, "Plan Rows": 699731, "Plan Width": 28, "Inner Unique": false, "Join Filter": "(mc.movie_id = ci.movie_id), (LLVM Optimized)", "Plans": [{"Node Type": "Streaming(type: LOCAL REDISTRIBUTE dop: 16/16)", "Parent Relationship": "Outer", "Startup Cost": 0.0, "Total Cost": 13107880.98, "Plan Rows": 1282311, "Plan Width": 8, "Plans": [{"Node Type": "Nested Loop", "Parent Relationship": "Outer", "Join Type": "Inner", "Startup Cost": 0.0, "Total Cost": 13088022.23, "Plan Rows": 1282311, "Plan Width": 8, "Inner Unique": false, "Join Filter": "(cn.id = mc.company_id), (LLVM Optimized)", "Plans": [{"Node Type": "Streaming(type: LOCAL REDISTRIBUTE dop: 16/1)", "Parent Relationship": "Outer", "Startup Cost": 0.0, "Total Cost": 24444.99, "Plan Rows": 85170, "Plan Width": 4, "Plans": [{"Node Type": "Seq Scan", "Parent Relationship": "Outer", "Relation Name": "company_name", "Alias": "cn", "Startup Cost": 0.0, "Total Cost": 5903.45, "Plan Rows": 85170, "Plan Width": 4, "Filter": "((country_code)::text = '[us]'::text)"}]}, {"Node Type": "Materialize", "Parent Relationship": "Inner", "Startup Cost": 0.0, "Total Cost": 43315.08, "Plan Rows": 2609128, "Plan Width": 12, "Plans": [{"Node Type": "Streaming(type: LOCAL REDISTRIBUTE dop: 16/16)", "Parent Relationship": "Outer", "Startup Cost": 0.0, "Total Cost": 42499.73, "Plan Rows": 2609128, "Plan Width": 12, "Plans": [{"Node Type": "Seq Scan", "Parent Relationship": "Outer", "Relation Name": "movie_companies", "Alias": "mc", "Startup Cost": 0.0, "Total Cost": 17613.58, "Plan Rows": 2609128, "Plan Width": 12}]}]}]}]}, {"Node Type": "Materialize", "Parent Relationship": "Inner", "Startup Cost": 0.0, "Total Cost": 264473782.18, "Plan Rows": 696330, "Plan Width": 20, "Plans": [{"Node Type": "Streaming(type: LOCAL REDISTRIBUTE dop: 16/16)", "Parent Relationship": "Outer", "Startup Cost": 0.0, "Total Cost": 264473564.58, "Plan Rows": 696330, "Plan Width": 20, "Plans": [{"Node Type": "Nested Loop", "Parent Relationship": "Outer", "Join Type": "Inner", "Startup Cost": 0.0, "Total Cost": 264455926.14, "Plan Rows": 696330, "Plan Width": 20, "Inner Unique": true, "Join Filter": "(ci.role_id = rt.id), (LLVM Optimized)", "Plans": [{"Node Type": "Nested Loop", "Parent Relationship": "Outer", "Join Type": "Inner", "Startup Cost": 0.0, "Total Cost": 264433087.14, "Plan Rows": 696330, "Plan Width": 24, "Inner Unique": false, "Join Filter": "(chn.id = ci.person_role_id), (LLVM Optimized)", "Plans": [{"Node Type": "Streaming(type: LOCAL REDISTRIBUTE dop: 16/16)", "Parent Relationship": "Outer", "Startup Cost": 0.0, "Total Cost": 46117.27, "Plan Rows": 3140338, "Plan Width": 20, "Plans": [{"Node Type": "Seq Scan", "Parent Relationship": "Outer", "Relation Name": "char_name", "Alias": "chn", "Startup Cost": 0.0, "Total Cost": 19218.34, "Plan Rows": 3140338, "Plan Width": 20}]}, {"Node Type": "Materialize", "Parent Relationship": "Inner", "Startup Cost": 0.0, "Total Cost": 79174.5, "Plan Rows": 1436424, "Plan Width": 12, "Plans": [{"Node Type": "Streaming(type: LOCAL REDISTRIBUTE dop: 16/16)", "Parent Relationship": "Outer", "Startup Cost": 0.0, "Total Cost": 78725.62, "Plan Rows": 1436424, "Plan Width": 12, "Plans": [{"Node Type": "Seq Scan", "Parent Relationship": "Outer", "Relation Name": "cast_info", "Alias": "ci", "Startup Cost": 0.0, "Total Cost": 58282.92, "Plan Rows": 1436424, "Plan Width": 12, "Filter": "((note)::text ~~ '%(producer)%'::text), (LLVM Optimized)"}]}]}]}, {"Node Type": "Materialize", "Parent Relationship": "Inner", "Startup Cost": 0.0, "Total Cost": 15005.32, "Plan Rows": 192, "Plan Width": 4, "Plans": [{"Node Type": "Streaming(type: BROADCAST dop: 16/1)", "Parent Relationship": "Outer", "Startup Cost": 0.0, "Total Cost": 15005.26, "Plan Rows": 192, "Plan Width": 4, "Plans": [{"Node Type": "Seq Scan", "Parent Relationship": "Outer", "Relation Name": "role_type", "Alias": "rt", "Startup Cost": 0.0, "Total Cost": 1.12, "Plan Rows": 12, "Plan Width": 4}]}]}]}]}]}]}, {"Node Type": "Materialize", "Parent Relationship": "Inner", "Startup Cost": 0.0, "Total Cost": 15002.08, "Plan Rows": 48, "Plan Width": 4, "Plans": [{"Node Type": "Streaming(type: BROADCAST dop: 16/1)", "Parent Relationship": "Outer", "Startup Cost": 0.0, "Total Cost": 15002.07, "Plan Rows": 48, "Plan Width": 4, "Plans": [{"Node Type": "Seq Scan", "Parent Relationship": "Outer", "Relation Name": "company_type", "Alias": "ct", "Startup Cost": 0.0, "Total Cost": 1.03, "Plan Rows": 3, "Plan Width": 4}]}]}]}]}]}]}]}]}]}, "Unique SQL Id": 3145361615}, "explain_analyze_plan": null}, "(16, 63)": {"explain_plan": {"Plan": {"Node Type": "Aggregate", "Strategy": "Plain", "Startup Cost": 7102923991695.23, "Total Cost": 7102923991695.24, "Plan Rows": 1, "Plan Width": 97, "Plans": [{"Node Type": "Nested Loop", "Parent Relationship": "Outer", "Join Type": "Inner", "Startup Cost": 70000000000.0, "Total Cost": 7102923986848.17, "Plan Rows": 969413, "Plan Width": 33, "Inner Unique": true, "Join Filter": "(mc.company_type_id = ct.id), (LLVM Optimized)", "Plans": [{"Node Type": "Nested Loop", "Parent Relationship": "Outer", "Join Type": "Inner", "Startup Cost": 60000000000.0, "Total Cost": 6102923941995.08, "Plan Rows": 969413, "Plan Width": 37, "Inner Unique": true, "Join Filter": "(mc.movie_id = t.id), (LLVM Optimized)", "Plans": [{"Node Type": "Nested Loop", "Parent Relationship": "Outer", "Join Type": "Inner", "Startup Cost": 50000000000.0, "Total Cost": 5084556530065.71, "Plan Rows": 699731, "Plan Width": 28, "Inner Unique": true, "Join Filter": "(ci.role_id = rt.id), (LLVM Optimized)", "Plans": [{"Node Type": "Nested Loop", "Parent Relationship": "Outer", "Join Type": "Inner", "Startup Cost": 40000000000.0, "Total Cost": 4084556402871.1, "Plan Rows": 699731, "Plan Width": 32, "Inner Unique": false, "Join Filter": "(ci.movie_id = mc.movie_id), (LLVM Optimized)", "Plans": [{"Node Type": "Nested Loop", "Parent Relationship": "Outer", "Join Type": "Inner", "Startup Cost": 20000000000.0, "Total Cost": 2003343660045.29, "Plan Rows": 1282311, "Plan Width": 8, "Inner Unique": true, "Join Filter": "(cn.id = mc.company_id), (LLVM Optimized)", "Plans": [{"Node Type": "Index Scan", "Parent Relationship": "Outer", "Scan Direction": "Forward", "Index Name": "company_type_id_movie_companies", "Relation Name": "movie_companies", "Alias": "mc", "Startup Cost": 10000000000.0, "Total Cost": 1000009318217.0, "Plan Rows": 2609128, "Plan Width": 12}, {"Node Type": "Materialize", "Parent Relationship": "Inner", "Startup Cost": 10000000000.0, "Total Cost": 1000001050564.82, "Plan Rows": 85170, "Plan Width": 4, "Plans": [{"Node Type": "Index Scan", "Parent Relationship": "Outer", "Scan Direction": "Forward", "Index Name": "company_name_pkey", "Relation Name": "company_name", "Alias": "cn", "Startup Cost": 10000000000.0, "Total Cost": 1000001050138.97, "Plan Rows": 85170, "Plan Width": 4, "Filter": "((country_code)::text = '[us]'::text)"}]}]}, {"Node Type": "Materialize", "Parent Relationship": "Inner", "Startup Cost": 20000000000.0, "Total Cost": 2067819070287.18, "Plan Rows": 696330, "Plan Width": 24, "Plans": [{"Node Type": "Nested Loop", "Parent Relationship": "Outer", "Join Type": "Inner", "Startup Cost": 20000000000.0, "Total Cost": 2067819066805.53, "Plan Rows": 696330, "Plan Width": 24, "Inner Unique": true, "Join Filter": "(chn.id = ci.person_role_id), (LLVM Optimized)", "Plans": [{"Node Type": "Index Scan", "Parent Relationship": "Outer", "Scan Direction": "Forward", "Index Name": "role_id_cast_info", "Relation Name": "cast_info", "Alias": "ci", "Startup Cost": 10000000000.0, "Total Cost": 1000143218339.5, "Plan Rows": 1436424, "Plan Width": 12, "Filter": "((note)::text ~~ '%(producer)%'::text), (LLVM Optimized)"}, {"Node Type": "Materialize", "Parent Relationship": "Inner", "Startup Cost": 10000000000.0, "Total Cost": 1000013003247.2, "Plan Rows": 3140338, "Plan Width": 20, "Plans": [{"Node Type": "Index Scan", "Parent Relationship": "Outer", "Scan Direction": "Forward", "Index Name": "char_name_pkey", "Relation Name": "char_name", "Alias": "chn", "Startup Cost": 10000000000.0, "Total Cost": 1000012987545.51, "Plan Rows": 3140338, "Plan Width": 20}]}]}]}]}, {"Node Type": "Materialize", "Parent Relationship": "Inner", "Startup Cost": 10000000000.0, "Total Cost": 1000000001243.06, "Plan Rows": 12, "Plan Width": 4, "Plans": [{"Node Type": "Index Scan", "Parent Relationship": "Outer", "Scan Direction": "Forward", "Index Name": "role_type_pkey", "Relation Name": "role_type", "Alias": "rt", "Startup Cost": 10000000000.0, "Total Cost": 1000000001243.0, "Plan Rows": 12, "Plan Width": 4}]}]}, {"Node Type": "Materialize", "Parent Relationship": "Inner", "Startup Cost": 10000000000.0, "Total Cost": 1000011652870.86, "Plan Rows": 1748840, "Plan Width": 21, "Plans": [{"Node Type": "Index Scan", "Parent Relationship": "Outer", "Scan Direction": "Forward", "Index Name": "title_pkey", "Relation Name": "title", "Alias": "t", "Startup Cost": 10000000000.0, "Total Cost": 1000011644126.66, "Plan Rows": 1748840, "Plan Width": 21, "Filter": "(production_year > 1990), (LLVM Optimized)"}]}]}, {"Node Type": "Materialize", "Parent Relationship": "Inner", "Startup Cost": 10000000000.0, "Total Cost": 1000000001229.52, "Plan Rows": 3, "Plan Width": 4, "Plans": [{"Node Type": "Index Scan", "Parent Relationship": "Outer", "Scan Direction": "Forward", "Index Name": "company_type_pkey", "Relation Name": "company_type", "Alias": "ct", "Startup Cost": 10000000000.0, "Total Cost": 1000000001229.5, "Plan Rows": 3, "Plan Width": 4}]}]}]}, "Unique SQL Id": 3145361615}, "explain_analyze_plan": null}, "(16, 64)": {"explain_plan": {"Plan": {"Node Type": "Aggregate", "Strategy": "Plain", "Startup Cost": 271604.22, "Total Cost": 271604.25, "Plan Rows": 1, "Plan Width": 97, "Plans": [{"Node Type": "Streaming(type: LOCAL GATHER dop: 1/16)", "Parent Relationship": "Outer", "Startup Cost": 271604.22, "Total Cost": 271604.25, "Plan Rows": 1, "Plan Width": 97, "Plans": [{"Node Type": "Aggregate", "Strategy": "Plain", "Parent Relationship": "Outer", "Startup Cost": 271604.22, "Total Cost": 271604.23, "Plan Rows": 1, "Plan Width": 97, "Plans": [{"Node Type": "Hash Join", "Parent Relationship": "Outer", "Join Type": "Inner", "Startup Cost": 144835.24, "Total Cost": 266757.16, "Plan Rows": 969413, "Plan Width": 33, "Inner Unique": true, "Hash Cond": "(mc.movie_id = t.id), (LLVM Optimized)", "Plans": [{"Node Type": "Streaming(type: LOCAL REDISTRIBUTE dop: 16/16)", "Parent Relationship": "Outer", "Startup Cost": 133275.0, "Total Cost": 254427.04, "Plan Rows": 699731, "Plan Width": 24, "Plans": [{"Node Type": "Hash Join", "Parent Relationship": "Outer", "Join Type": "Inner", "Startup Cost": 133275.0, "Total Cost": 236775.71, "Plan Rows": 699731, "Plan Width": 24, "Inner Unique": true, "Hash Cond": "(mc.company_type_id = ct.id), (LLVM Optimized)", "Plans": [{"Node Type": "Hash Join", "Parent Relationship": "Outer", "Join Type": "Inner", "Startup Cost": 118272.9, "Total Cost": 221172.28, "Plan Rows": 699731, "Plan Width": 28, "Inner Unique": true, "Hash Cond": "(ci.person_role_id = chn.id), (LLVM Optimized)", "Plans": [{"Node Type": "Streaming(type: LOCAL REDISTRIBUTE dop: 16/16)", "Parent Relationship": "Outer", "Startup Cost": 104290.19, "Total Cost": 206413.94, "Plan Rows": 1443440, "Plan Width": 16, "Plans": [{"Node Type": "Hash Join", "Parent Relationship": "Outer", "Join Type": "Inner", "Startup Cost": 104290.19, "Total Cost": 185944.65, "Plan Rows": 1443440, "Plan Width": 16, "Inner Unique": false, "Hash Cond": "(ci.movie_id = mc.movie_id), (LLVM Optimized)", "Plans": [{"Node Type": "Streaming(type: LOCAL REDISTRIBUTE dop: 16/16)", "Parent Relationship": "Outer", "Startup Cost": 15005.41, "Total Cost": 94859.97, "Plan Rows": 1436424, "Plan Width": 8, "Plans": [{"Node Type": "Hash Join", "Parent Relationship": "Outer", "Join Type": "Inner", "Startup Cost": 15005.41, "Total Cost": 74417.27, "Plan Rows": 1436424, "Plan Width": 8, "Inner Unique": true, "Hash Cond": "(ci.role_id = rt.id), (LLVM Optimized)", "Plans": [{"Node Type": "Seq Scan", "Parent Relationship": "Outer", "Relation Name": "cast_info", "Alias": "ci", "Startup Cost": 0.0, "Total Cost": 58282.92, "Plan Rows": 1436424, "Plan Width": 12, "Filter": "((note)::text ~~ '%(producer)%'::text), (LLVM Optimized)"}, {"Node Type": "Hash", "Parent Relationship": "Inner", "Startup Cost": 15005.26, "Total Cost": 15005.26, "Plan Rows": 192, "Plan Width": 4, "Plans": [{"Node Type": "Streaming(type: BROADCAST dop: 16/1)", "Parent Relationship": "Outer", "Startup Cost": 0.0, "Total Cost": 15005.26, "Plan Rows": 192, "Plan Width": 4, "Plans": [{"Node Type": "Seq Scan", "Parent Relationship": "Outer", "Relation Name": "role_type", "Alias": "rt", "Startup Cost": 0.0, "Total Cost": 1.12, "Plan Rows": 12, "Plan Width": 4}]}]}]}]}, {"Node Type": "Hash", "Parent Relationship": "Inner", "Startup Cost": 88282.97, "Total Cost": 88282.97, "Plan Rows": 1282311, "Plan Width": 8, "Plans": [{"Node Type": "Streaming(type: LOCAL REDISTRIBUTE dop: 16/16)", "Parent Relationship": "Outer", "Startup Cost": 24511.53, "Total Cost": 88282.97, "Plan Rows": 1282311, "Plan Width": 8, "Plans": [{"Node Type": "Hash Join", "Parent Relationship": "Outer", "Join Type": "Inner", "Startup Cost": 24511.53, "Total Cost": 68424.21, "Plan Rows": 1282311, "Plan Width": 8, "Inner Unique": true, "Hash Cond": "(mc.company_id = cn.id), (LLVM Optimized)", "Plans": [{"Node Type": "Streaming(type: LOCAL REDISTRIBUTE dop: 16/16)", "Parent Relationship": "Outer", "Startup Cost": 0.0, "Total Cost": 42499.73, "Plan Rows": 2609128, "Plan Width": 12, "Plans": [{"Node Type": "Seq Scan", "Parent Relationship": "Outer", "Relation Name": "movie_companies", "Alias": "mc", "Startup Cost": 0.0, "Total Cost": 17613.58, "Plan Rows": 2609128, "Plan Width": 12}]}, {"Node Type": "Hash", "Parent Relationship": "Inner", "Startup Cost": 24444.99, "Total Cost": 24444.99, "Plan Rows": 85170, "Plan Width": 4, "Plans": [{"Node Type": "Streaming(type: LOCAL REDISTRIBUTE dop: 16/1)", "Parent Relationship": "Outer", "Startup Cost": 0.0, "Total Cost": 24444.99, "Plan Rows": 85170, "Plan Width": 4, "Plans": [{"Node Type": "Seq Scan", "Parent Relationship": "Outer", "Relation Name": "company_name", "Alias": "cn", "Startup Cost": 0.0, "Total Cost": 5903.45, "Plan Rows": 85170, "Plan Width": 4, "Filter": "((country_code)::text = '[us]'::text)"}]}]}]}]}]}]}]}, {"Node Type": "Hash", "Parent Relationship": "Inner", "Startup Cost": 46117.27, "Total Cost": 46117.27, "Plan Rows": 3140338, "Plan Width": 20, "Plans": [{"Node Type": "Streaming(type: LOCAL REDISTRIBUTE dop: 16/16)", "Parent Relationship": "Outer", "Startup Cost": 0.0, "Total Cost": 46117.27, "Plan Rows": 3140338, "Plan Width": 20, "Plans": [{"Node Type": "Seq Scan", "Parent Relationship": "Outer", "Relation Name": "char_name", "Alias": "chn", "Startup Cost": 0.0, "Total Cost": 19218.34, "Plan Rows": 3140338, "Plan Width": 20}]}]}]}, {"Node Type": "Hash", "Parent Relationship": "Inner", "Startup Cost": 15002.07, "Total Cost": 15002.07, "Plan Rows": 48, "Plan Width": 4, "Plans": [{"Node Type": "Streaming(type: BROADCAST dop: 16/1)", "Parent Relationship": "Outer", "Startup Cost": 0.0, "Total Cost": 15002.07, "Plan Rows": 48, "Plan Width": 4, "Plans": [{"Node Type": "Seq Scan", "Parent Relationship": "Outer", "Relation Name": "company_type", "Alias": "ct", "Startup Cost": 0.0, "Total Cost": 1.03, "Plan Rows": 3, "Plan Width": 4}]}]}]}]}, {"Node Type": "Hash", "Parent Relationship": "Inner", "Startup Cost": 40775.83, "Total Cost": 40775.83, "Plan Rows": 1748840, "Plan Width": 21, "Plans": [{"Node Type": "Streaming(type: LOCAL REDISTRIBUTE dop: 16/16)", "Parent Relationship": "Outer", "Startup Cost": 0.0, "Total Cost": 40775.83, "Plan Rows": 1748840, "Plan Width": 21, "Plans": [{"Node Type": "Seq Scan", "Parent Relationship": "Outer", "Relation Name": "title", "Alias": "t", "Startup Cost": 0.0, "Total Cost": 19149.37, "Plan Rows": 1748840, "Plan Width": 21, "Filter": "(production_year > 1990), (LLVM Optimized)"}]}]}]}]}]}]}, "Unique SQL Id": 3145361615}, "explain_analyze_plan": {"Plan": {"Node Type": "Aggregate", "Strategy": "Plain", "Startup Cost": 271604.22, "Total Cost": 271604.25, "Plan Rows": 1, "Plan Width": 97, "Actual Min Startup Time": 2174.468, "Actual Max Startup Time": 2174.468, "Actual Min Total Time": 2174.468, "Actual Max Total Time": 2174.468, "Actual Total Rows": 1, "Plans": [{"Node Type": "Streaming(type: LOCAL GATHER dop: 1/16)", "Parent Relationship": "Outer", "Startup Cost": 271604.22, "Total Cost": 271604.25, "Plan Rows": 1, "Plan Width": 97, "Actual Min Startup Time": 2173.197, "Actual Max Startup Time": 2173.197, "Actual Min Total Time": 2174.438, "Actual Max Total Time": 2174.438, "Actual Total Rows": 16, "Plans": [{"Node Type": "Aggregate", "Strategy": "Plain", "Parent Relationship": "Outer", "Startup Cost": 271604.22, "Total Cost": 271604.23, "Plan Rows": 1, "Plan Width": 97, "Actual Min Startup Time": 1803.512, "Actual Max Startup Time": 2012.607, "Actual Min Total Time": 1803.512, "Actual Max Total Time": 2012.607, "Actual Total Rows": 16, "Plans": [{"Node Type": "Hash Join", "Parent Relationship": "Outer", "Join Type": "Inner", "Startup Cost": 144835.24, "Total Cost": 266757.16, "Plan Rows": 969413, "Plan Width": 33, "Actual Min Startup Time": 1803.506, "Actual Max Startup Time": 2012.599, "Actual Min Total Time": 1803.506, "Actual Max Total Time": 2012.599, "Actual Total Rows": 4, "Inner Unique": true, "Hash Cond": "(mc.movie_id = t.id), (LLVM Optimized, Jit Execute)", "Plans": [{"Node Type": "Streaming(type: LOCAL REDISTRIBUTE dop: 16/16)", "Parent Relationship": "Outer", "Startup Cost": 133275.0, "Total Cost": 254427.04, "Plan Rows": 699731, "Plan Width": 24, "Actual Min Startup Time": 1539.112, "Actual Max Startup Time": 1540.672, "Actual Min Total Time": 1540.566, "Actual Max Total Time": 1540.672, "Actual Total Rows": 6, "Plans": [{"Node Type": "Hash Join", "Parent Relationship": "Outer", "Join Type": "Inner", "Startup Cost": 133275.0, "Total Cost": 236775.71, "Plan Rows": 699731, "Plan Width": 24, "Actual Min Startup Time": 1800.076, "Actual Max Startup Time": 1996.771, "Actual Min Total Time": 1800.076, "Actual Max Total Time": 1996.771, "Actual Total Rows": 6, "Inner Unique": true, "Hash Cond": "(mc.company_type_id = ct.id), (LLVM Optimized, Jit Execute)", "Plans": [{"Node Type": "Hash Join", "Parent Relationship": "Outer", "Join Type": "Inner", "Startup Cost": 118272.9, "Total Cost": 221172.28, "Plan Rows": 699731, "Plan Width": 28, "Actual Min Startup Time": 1798.629, "Actual Max Startup Time": 1995.334, "Actual Min Total Time": 1798.629, "Actual Max Total Time": 1995.334, "Actual Total Rows": 14, "Inner Unique": true, "Hash Cond": "(ci.person_role_id = chn.id), (LLVM Optimized, Jit Execute)", "Plans": [{"Node Type": "Streaming(type: LOCAL REDISTRIBUTE dop: 16/16)", "Parent Relationship": "Outer", "Startup Cost": 104290.19, "Total Cost": 206413.94, "Plan Rows": 1443440, "Plan Width": 16, "Actual Min Startup Time": 249.791, "Actual Max Startup Time": 1381.119, "Actual Min Total Time": 1250.62, "Actual Max Total Time": 1381.119, "Actual Total Rows": 1210267, "Plans": [{"Node Type": "Hash Join", "Parent Relationship": "Outer", "Join Type": "Inner", "Startup Cost": 104290.19, "Total Cost": 185944.65, "Plan Rows": 1443440, "Plan Width": 16, "Actual Min Startup Time": 675.237, "Actual Max Startup Time": 871.852, "Actual Min Total Time": 1272.7, "Actual Max Total Time": 1501.609, "Actual Total Rows": 1210267, "Inner Unique": false, "Hash Cond": "(ci.movie_id = mc.movie_id), (LLVM Optimized, Jit Execute)", "Plans": [{"Node Type": "Streaming(type: LOCAL REDISTRIBUTE dop: 16/16)", "Parent Relationship": "Outer", "Startup Cost": 15005.41, "Total Cost": 94859.97, "Plan Rows": 1436424, "Plan Width": 8, "Actual Min Startup Time": 0.06, "Actual Max Startup Time": 3.768, "Actual Min Total Time": 546.912, "Actual Max Total Time": 583.512, "Actual Total Rows": 1435439, "Plans": [{"Node Type": "Hash Join", "Parent Relationship": "Outer", "Join Type": "Inner", "Startup Cost": 15005.41, "Total Cost": 74417.27, "Plan Rows": 1436424, "Plan Width": 8, "Actual Min Startup Time": 44.696, "Actual Max Startup Time": 357.961, "Actual Min Total Time": 754.774, "Actual Max Total Time": 806.064, "Actual Total Rows": 1435439, "Inner Unique": true, "Hash Cond": "(ci.role_id = rt.id), (LLVM Optimized, Jit Execute)", "Plans": [{"Node Type": "Seq Scan", "Parent Relationship": "Outer", "Relation Name": "cast_info", "Alias": "ci", "Startup Cost": 0.0, "Total Cost": 58282.92, "Plan Rows": 1436424, "Plan Width": 12, "Actual Min Startup Time": 44.599, "Actual Max Startup Time": 357.822, "Actual Min Total Time": 710.585, "Actual Max Total Time": 748.368, "Actual Total Rows": 1435439, "Filter": "((note)::text ~~ '%(producer)%'::text), (LLVM Optimized, Jit Execute)", "Rows Removed by Filter": 34808904}, {"Node Type": "Hash", "Parent Relationship": "Inner", "Startup Cost": 15005.26, "Total Cost": 15005.26, "Plan Rows": 192, "Plan Width": 4, "Actual Min Startup Time": 0.018, "Actual Max Startup Time": 46.807, "Actual Min Total Time": 0.018, "Actual Max Total Time": 46.807, "Actual Total Rows": 192, "Max Hash Buckets": 32768, "Min Hash Buckets": 32768, "Max Hash Batches": 1, "Min Hash Batches": 1, "Max Original Hash Batches": 1, "Min Original Hash Batches": 1, "Max Peak Memory Usage": 1, "min Peak Memory Usage": 1, "Plans": [{"Node Type": "Streaming(type: BROADCAST dop: 16/1)", "Parent Relationship": "Outer", "Startup Cost": 0.0, "Total Cost": 15005.26, "Plan Rows": 192, "Plan Width": 4, "Actual Min Startup Time": 0.006, "Actual Max Startup Time": 42.649, "Actual Min Total Time": 0.007, "Actual Max Total Time": 42.651, "Actual Total Rows": 192, "Plans": [{"Node Type": "Seq Scan", "Parent Relationship": "Outer", "Relation Name": "role_type", "Alias": "rt", "Startup Cost": 0.0, "Total Cost": 1.12, "Plan Rows": 12, "Plan Width": 4, "Actual Min Startup Time": 0.013, "Actual Max Startup Time": 0.013, "Actual Min Total Time": 0.017, "Actual Max Total Time": 0.017, "Actual Total Rows": 12}]}]}]}]}, {"Node Type": "Hash", "Parent Relationship": "Inner", "Startup Cost": 88282.97, "Total Cost": 88282.97, "Plan Rows": 1282311, "Plan Width": 8, "Actual Min Startup Time": 674.911, "Actual Max Startup Time": 871.504, "Actual Min Total Time": 674.911, "Actual Max Total Time": 871.504, "Actual Total Rows": 1153797, "Max Hash Buckets": 131072, "Min Hash Buckets": 131072, "Max Hash Batches": 1, "Min Hash Batches": 1, "Max Original Hash Batches": 1, "Min Original Hash Batches": 1, "Max Peak Memory Usage": 2824, "min Peak Memory Usage": 2824, "Plans": [{"Node Type": "Streaming(type: LOCAL REDISTRIBUTE dop: 16/16)", "Parent Relationship": "Outer", "Startup Cost": 24511.53, "Total Cost": 88282.97, "Plan Rows": 1282311, "Plan Width": 8, "Actual Min Startup Time": 165.521, "Actual Max Startup Time": 362.413, "Actual Min Total Time": 648.186, "Actual Max Total Time": 846.134, "Actual Total Rows": 1153797, "Plans": [{"Node Type": "Hash Join", "Parent Relationship": "Outer", "Join Type": "Inner", "Startup Cost": 24511.53, "Total Cost": 68424.21, "Plan Rows": 1282311, "Plan Width": 8, "Actual Min Startup Time": 157.625, "Actual Max Startup Time": 309.504, "Actual Min Total Time": 514.764, "Actual Max Total Time": 746.156, "Actual Total Rows": 1153797, "Inner Unique": true, "Hash Cond": "(mc.company_id = cn.id), (LLVM Optimized, Jit Execute)", "Plans": [{"Node Type": "Streaming(type: LOCAL REDISTRIBUTE dop: 16/16)", "Parent Relationship": "Outer", "Startup Cost": 0.0, "Total Cost": 42499.73, "Plan Rows": 2609128, "Plan Width": 12, "Actual Min Startup Time": 0.065, "Actual Max Startup Time": 1.561, "Actual Min Total Time": 285.138, "Actual Max Total Time": 396.063, "Actual Total Rows": 2609128, "Plans": [{"Node Type": "Seq Scan", "Parent Relationship": "Outer", "Relation Name": "movie_companies", "Alias": "mc", "Startup Cost": 0.0, "Total Cost": 17613.58, "Plan Rows": 2609128, "Plan Width": 12, "Actual Min Startup Time": 0.025, "Actual Max Startup Time": 0.05, "Actual Min Total Time": 41.101, "Actual Max Total Time": 52.364, "Actual Total Rows": 2609128}]}, {"Node Type": "Hash", "Parent Relationship": "Inner", "Startup Cost": 24444.99, "Total Cost": 24444.99, "Plan Rows": 85170, "Plan Width": 4, "Actual Min Startup Time": 156.603, "Actual Max Startup Time": 309.356, "Actual Min Total Time": 156.603, "Actual Max Total Time": 309.356, "Actual Total Rows": 84843, "Max Hash Buckets": 32768, "Min Hash Buckets": 32768, "Max Hash Batches": 1, "Min Hash Batches": 1, "Max Original Hash Batches": 1, "Min Original Hash Batches": 1, "Max Peak Memory Usage": 182, "min Peak Memory Usage": 182, "Plans": [{"Node Type": "Streaming(type: LOCAL REDISTRIBUTE dop: 16/1)", "Parent Relationship": "Outer", "Startup Cost": 0.0, "Total Cost": 24444.99, "Plan Rows": 85170, "Plan Width": 4, "Actual Min Startup Time": 0.036, "Actual Max Startup Time": 144.9, "Actual Min Total Time": 154.794, "Actual Max Total Time": 307.673, "Actual Total Rows": 84843, "Plans": [{"Node Type": "Seq Scan", "Parent Relationship": "Outer", "Relation Name": "company_name", "Alias": "cn", "Startup Cost": 0.0, "Total Cost": 5903.45, "Plan Rows": 85170, "Plan Width": 4, "Actual Min Startup Time": 0.073, "Actual Max Startup Time": 0.073, "Actual Min Total Time": 90.6, "Actual Max Total Time": 90.6, "Actual Total Rows": 84843, "Filter": "((country_code)::text = '[us]'::text)", "Rows Removed by Filter": 150153}]}]}]}]}]}]}]}, {"Node Type": "Hash", "Parent Relationship": "Inner", "Startup Cost": 46117.27, "Total Cost": 46117.27, "Plan Rows": 3140338, "Plan Width": 20, "Actual Min Startup Time": 417.263, "Actual Max Startup Time": 613.937, "Actual Min Total Time": 417.263, "Actual Max Total Time": 613.937, "Actual Total Rows": 3140338, "Max Hash Buckets": 262144, "Min Hash Buckets": 262144, "Max Hash Batches": 1, "Min Hash Batches": 1, "Max Original Hash Batches": 1, "Min Original Hash Batches": 1, "Max Peak Memory Usage": 10347, "min Peak Memory Usage": 10347, "Plans": [{"Node Type": "Streaming(type: LOCAL REDISTRIBUTE dop: 16/16)", "Parent Relationship": "Outer", "Startup Cost": 0.0, "Total Cost": 46117.27, "Plan Rows": 3140338, "Plan Width": 20, "Actual Min Startup Time": 0.051, "Actual Max Startup Time": 41.823, "Actual Min Total Time": 335.206, "Actual Max Total Time": 532.902, "Actual Total Rows": 3140338, "Plans": [{"Node Type": "Seq Scan", "Parent Relationship": "Outer", "Relation Name": "char_name", "Alias": "chn", "Startup Cost": 0.0, "Total Cost": 19218.34, "Plan Rows": 3140338, "Plan Width": 20, "Actual Min Startup Time": 0.019, "Actual Max Startup Time": 0.062, "Actual Min Total Time": 57.374, "Actual Max Total Time": 66.634, "Actual Total Rows": 3140338}]}]}]}, {"Node Type": "Hash", "Parent Relationship": "Inner", "Startup Cost": 15002.07, "Total Cost": 15002.07, "Plan Rows": 48, "Plan Width": 4, "Actual Min Startup Time": 0.008, "Actual Max Startup Time": 0.021, "Actual Min Total Time": 0.008, "Actual Max Total Time": 0.021, "Actual Total Rows": 48, "Max Hash Buckets": 32768, "Min Hash Buckets": 32768, "Max Hash Batches": 1, "Min Hash Batches": 1, "Max Original Hash Batches": 1, "Min Original Hash Batches": 1, "Max Peak Memory Usage": 1, "min Peak Memory Usage": 1, "Plans": [{"Node Type": "Streaming(type: BROADCAST dop: 16/1)", "Parent Relationship": "Outer", "Startup Cost": 0.0, "Total Cost": 15002.07, "Plan Rows": 48, "Plan Width": 4, "Actual Min Startup Time": 0.004, "Actual Max Startup Time": 0.012, "Actual Min Total Time": 0.004, "Actual Max Total Time": 0.013, "Actual Total Rows": 48, "Plans": [{"Node Type": "Seq Scan", "Parent Relationship": "Outer", "Relation Name": "company_type", "Alias": "ct", "Startup Cost": 0.0, "Total Cost": 1.03, "Plan Rows": 3, "Plan Width": 4, "Actual Min Startup Time": 0.019, "Actual Max Startup Time": 0.019, "Actual Min Total Time": 0.021, "Actual Max Total Time": 0.021, "Actual Total Rows": 3}]}]}]}]}, {"Node Type": "Hash", "Parent Relationship": "Inner", "Startup Cost": 40775.83, "Total Cost": 40775.83, "Plan Rows": 1748840, "Plan Width": 21, "Actual Min Startup Time": 262.767, "Actual Max Startup Time": 471.782, "Actual Min Total Time": 262.767, "Actual Max Total Time": 471.782, "Actual Total Rows": 1749032, "Max Hash Buckets": 131072, "Min Hash Buckets": 131072, "Max Hash Batches": 1, "Min Hash Batches": 1, "Max Original Hash Batches": 1, "Min Original Hash Batches": 1, "Max Peak Memory Usage": 5875, "min Peak Memory Usage": 5875, "Plans": [{"Node Type": "Streaming(type: LOCAL REDISTRIBUTE dop: 16/16)", "Parent Relationship": "Outer", "Startup Cost": 0.0, "Total Cost": 40775.83, "Plan Rows": 1748840, "Plan Width": 21, "Actual Min Startup Time": 0.053, "Actual Max Startup Time": 123.387, "Actual Min Total Time": 228.641, "Actual Max Total Time": 434.39, "Actual Total Rows": 1749032, "Plans": [{"Node Type": "Seq Scan", "Parent Relationship": "Outer", "Relation Name": "title", "Alias": "t", "Startup Cost": 0.0, "Total Cost": 19149.37, "Plan Rows": 1748840, "Plan Width": 21, "Actual Min Startup Time": 0.03, "Actual Max Startup Time": 0.055, "Actual Min Total Time": 63.776, "Actual Max Total Time": 72.406, "Actual Total Rows": 1749032, "Filter": "(production_year > 1990), (LLVM Optimized, Jit Execute)", "Rows Removed by Filter": 779279}]}]}]}]}]}]}, "Triggers": [], "Planner Runtime": 79.462, "Total Runtime": 2215.31, "Unique SQL Id": 3145361615}}, "(16, 65)": {"explain_plan": {"Plan": {"Node Type": "Aggregate", "Strategy": "Plain", "Startup Cost": 1361146.97, "Total Cost": 1361147.0, "Plan Rows": 1, "Plan Width": 97, "Plans": [{"Node Type": "Streaming(type: LOCAL GATHER dop: 1/16)", "Parent Relationship": "Outer", "Startup Cost": 1361146.97, "Total Cost": 1361147.0, "Plan Rows": 1, "Plan Width": 97, "Plans": [{"Node Type": "Aggregate", "Strategy": "Plain", "Parent Relationship": "Outer", "Startup Cost": 1361146.97, "Total Cost": 1361146.98, "Plan Rows": 1, "Plan Width": 97, "Plans": [{"Node Type": "Hash Join", "Parent Relationship": "Outer", "Join Type": "Inner", "Startup Cost": 241574.71, "Total Cost": 1356299.91, "Plan Rows": 969413, "Plan Width": 33, "Inner Unique": true, "Hash Cond": "(mc.movie_id = t.id), (LLVM Optimized)", "Plans": [{"Node Type": "Streaming(type: LOCAL REDISTRIBUTE dop: 16/16)", "Parent Relationship": "Outer", "Startup Cost": 209348.65, "Total Cost": 1323303.98, "Plan Rows": 699731, "Plan Width": 24, "Plans": [{"Node Type": "Hash Join", "Parent Relationship": "Outer", "Join Type": "Inner", "Startup Cost": 209348.65, "Total Cost": 1305652.65, "Plan Rows": 699731, "Plan Width": 24, "Inner Unique": true, "Hash Cond": "(ci.role_id = rt.id), (LLVM Optimized)", "Plans": [{"Node Type": "Hash Join", "Parent Relationship": "Outer", "Join Type": "Inner", "Startup Cost": 194335.93, "Total Cost": 1290038.6, "Plan Rows": 699731, "Plan Width": 28, "Inner Unique": true, "Hash Cond": "(mc.company_type_id = ct.id), (LLVM Optimized)", "Plans": [{"Node Type": "Hash Join", "Parent Relationship": "Outer", "Join Type": "Inner", "Startup Cost": 179326.56, "Total Cost": 1274427.9, "Plan Rows": 699731, "Plan Width": 32, "Inner Unique": true, "Hash Cond": "(mc.company_id = cn.id), (LLVM Optimized)", "Plans": [{"Node Type": "Streaming(type: LOCAL REDISTRIBUTE dop: 16/16)", "Parent Relationship": "Outer", "Startup Cost": 172448.64, "Total Cost": 1266778.96, "Plan Rows": 1423748, "Plan Width": 36, "Plans": [{"Node Type": "Hash Join", "Parent Relationship": "Outer", "Join Type": "Inner", "Startup Cost": 172448.64, "Total Cost": 1246384.29, "Plan Rows": 1423748, "Plan Width": 36, "Inner Unique": true, "Hash Cond": "(ci.person_role_id = chn.id), (LLVM Optimized)", "Plans": [{"Node Type": "Streaming(type: LOCAL REDISTRIBUTE dop: 16/16)", "Parent Relationship": "Outer", "Startup Cost": 110646.13, "Total Cost": 1183003.58, "Plan Rows": 2936978, "Plan Width": 24, "Plans": [{"Node Type": "Hash Join", "Parent Relationship": "Outer", "Join Type": "Inner", "Startup Cost": 110646.13, "Total Cost": 1156875.19, "Plan Rows": 2936978, "Plan Width": 24, "Inner Unique": false, "Hash Cond": "(ci.movie_id = mc.movie_id), (LLVM Optimized)", "Plans": [{"Node Type": "Streaming(type: LOCAL REDISTRIBUTE dop: 16/16)", "Parent Relationship": "Outer", "Startup Cost": 0.0, "Total Cost": 1042710.15, "Plan Rows": 1436424, "Plan Width": 12, "Plans": [{"Node Type": "Index Scan", "Parent Relationship": "Outer", "Scan Direction": "Forward", "Index Name": "role_id_cast_info", "Relation Name": "cast_info", "Alias": "ci", "Startup Cost": 0.0, "Total Cost": 1022267.45, "Plan Rows": 1436424, "Plan Width": 12, "Filter": "((note)::text ~~ '%(producer)%'::text), (LLVM Optimized)"}]}, {"Node Type": "Hash", "Parent Relationship": "Inner", "Startup Cost": 108607.74, "Total Cost": 108607.74, "Plan Rows": 2609128, "Plan Width": 12, "Plans": [{"Node Type": "Streaming(type: LOCAL REDISTRIBUTE dop: 16/16)", "Parent Relationship": "Outer", "Startup Cost": 0.0, "Total Cost": 108607.74, "Plan Rows": 2609128, "Plan Width": 12, "Plans": [{"Node Type": "Index Scan", "Parent Relationship": "Outer", "Scan Direction": "Forward", "Index Name": "company_type_id_movie_companies", "Relation Name": "movie_companies", "Alias": "mc", "Startup Cost": 0.0, "Total Cost": 83721.6, "Plan Rows": 2609128, "Plan Width": 12}]}]}]}]}, {"Node Type": "Hash", "Parent Relationship": "Inner", "Startup Cost": 142333.72, "Total Cost": 142333.72, "Plan Rows": 3140338, "Plan Width": 20, "Plans": [{"Node Type": "Streaming(type: LOCAL REDISTRIBUTE dop: 16/16)", "Parent Relationship": "Outer", "Startup Cost": 0.0, "Total Cost": 142333.72, "Plan Rows": 3140338, "Plan Width": 20, "Plans": [{"Node Type": "Index Scan", "Parent Relationship": "Outer", "Scan Direction": "Forward", "Index Name": "char_name_pkey", "Relation Name": "char_name", "Alias": "chn", "Startup Cost": 0.0, "Total Cost": 115434.79, "Plan Rows": 3140338, "Plan Width": 20}]}]}]}]}, {"Node Type": "Hash", "Parent Relationship": "Inner", "Startup Cost": 27245.51, "Total Cost": 27245.51, "Plan Rows": 85170, "Plan Width": 4, "Plans": [{"Node Type": "Streaming(type: LOCAL REDISTRIBUTE dop: 16/1)", "Parent Relationship": "Outer", "Startup Cost": 2800.52, "Total Cost": 27245.51, "Plan Rows": 85170, "Plan Width": 4, "Plans": [{"Node Type": "Bitmap Heap Scan", "Parent Relationship": "Outer", "Relation Name": "company_name", "Alias": "cn", "Startup Cost": 2800.52, "Total Cost": 8703.97, "Plan Rows": 85170, "Plan Width": 4, "Filter": "((country_code)::text = '[us]'::text)", "Plans": [{"Node Type": "Bitmap Index Scan", "Parent Relationship": "Outer", "Index Name": "company_name_pkey", "Startup Cost": 0.0, "Total Cost": 2779.23, "Plan Rows": 234996, "Plan Width": 0}]}]}]}]}, {"Node Type": "Hash", "Parent Relationship": "Inner", "Startup Cost": 15009.33, "Total Cost": 15009.33, "Plan Rows": 48, "Plan Width": 4, "Plans": [{"Node Type": "Streaming(type: BROADCAST dop: 16/1)", "Parent Relationship": "Outer", "Startup Cost": 0.0, "Total Cost": 15009.33, "Plan Rows": 48, "Plan Width": 4, "Plans": [{"Node Type": "Index Only Scan", "Parent Relationship": "Outer", "Scan Direction": "Forward", "Index Name": "company_type_pkey", "Relation Name": "company_type", "Alias": "ct", "Startup Cost": 0.0, "Total Cost": 8.29, "Plan Rows": 3, "Plan Width": 4}]}]}]}, {"Node Type": "Hash", "Parent Relationship": "Inner", "Startup Cost": 15012.57, "Total Cost": 15012.57, "Plan Rows": 192, "Plan Width": 4, "Plans": [{"Node Type": "Streaming(type: BROADCAST dop: 16/1)", "Parent Relationship": "Outer", "Startup Cost": 0.0, "Total Cost": 15012.57, "Plan Rows": 192, "Plan Width": 4, "Plans": [{"Node Type": "Index Only Scan", "Parent Relationship": "Outer", "Scan Direction": "Forward", "Index Name": "role_type_pkey", "Relation Name": "role_type", "Alias": "rt", "Startup Cost": 0.0, "Total Cost": 8.43, "Plan Rows": 12, "Plan Width": 4}]}]}]}]}, {"Node Type": "Hash", "Parent Relationship": "Inner", "Startup Cost": 123439.09, "Total Cost": 123439.09, "Plan Rows": 1748840, "Plan Width": 21, "Plans": [{"Node Type": "Streaming(type: LOCAL REDISTRIBUTE dop: 16/16)", "Parent Relationship": "Outer", "Startup Cost": 0.0, "Total Cost": 123439.09, "Plan Rows": 1748840, "Plan Width": 21, "Plans": [{"Node Type": "Index Scan", "Parent Relationship": "Outer", "Scan Direction": "Forward", "Index Name": "title_pkey", "Relation Name": "title", "Alias": "t", "Startup Cost": 0.0, "Total Cost": 101812.62, "Plan Rows": 1748840, "Plan Width": 21, "Filter": "(production_year > 1990), (LLVM Optimized)"}]}]}]}]}]}]}, "Unique SQL Id": 3145361615}, "explain_analyze_plan": null}, "(16, 66)": {"explain_plan": {"Plan": {"Node Type": "Aggregate", "Strategy": "Plain", "Startup Cost": 271604.22, "Total Cost": 271604.25, "Plan Rows": 1, "Plan Width": 97, "Plans": [{"Node Type": "Streaming(type: LOCAL GATHER dop: 1/16)", "Parent Relationship": "Outer", "Startup Cost": 271604.22, "Total Cost": 271604.25, "Plan Rows": 1, "Plan Width": 97, "Plans": [{"Node Type": "Aggregate", "Strategy": "Plain", "Parent Relationship": "Outer", "Startup Cost": 271604.22, "Total Cost": 271604.23, "Plan Rows": 1, "Plan Width": 97, "Plans": [{"Node Type": "Hash Join", "Parent Relationship": "Outer", "Join Type": "Inner", "Startup Cost": 144835.24, "Total Cost": 266757.16, "Plan Rows": 969413, "Plan Width": 33, "Inner Unique": true, "Hash Cond": "(mc.movie_id = t.id), (LLVM Optimized)", "Plans": [{"Node Type": "Streaming(type: LOCAL REDISTRIBUTE dop: 16/16)", "Parent Relationship": "Outer", "Startup Cost": 133275.0, "Total Cost": 254427.04, "Plan Rows": 699731, "Plan Width": 24, "Plans": [{"Node Type": "Hash Join", "Parent Relationship": "Outer", "Join Type": "Inner", "Startup Cost": 133275.0, "Total Cost": 236775.71, "Plan Rows": 699731, "Plan Width": 24, "Inner Unique": true, "Hash Cond": "(mc.company_type_id = ct.id), (LLVM Optimized)", "Plans": [{"Node Type": "Hash Join", "Parent Relationship": "Outer", "Join Type": "Inner", "Startup Cost": 118272.9, "Total Cost": 221172.28, "Plan Rows": 699731, "Plan Width": 28, "Inner Unique": true, "Hash Cond": "(ci.person_role_id = chn.id), (LLVM Optimized)", "Plans": [{"Node Type": "Streaming(type: LOCAL REDISTRIBUTE dop: 16/16)", "Parent Relationship": "Outer", "Startup Cost": 104290.19, "Total Cost": 206413.94, "Plan Rows": 1443440, "Plan Width": 16, "Plans": [{"Node Type": "Hash Join", "Parent Relationship": "Outer", "Join Type": "Inner", "Startup Cost": 104290.19, "Total Cost": 185944.65, "Plan Rows": 1443440, "Plan Width": 16, "Inner Unique": false, "Hash Cond": "(ci.movie_id = mc.movie_id), (LLVM Optimized)", "Plans": [{"Node Type": "Streaming(type: LOCAL REDISTRIBUTE dop: 16/16)", "Parent Relationship": "Outer", "Startup Cost": 15005.41, "Total Cost": 94859.97, "Plan Rows": 1436424, "Plan Width": 8, "Plans": [{"Node Type": "Hash Join", "Parent Relationship": "Outer", "Join Type": "Inner", "Startup Cost": 15005.41, "Total Cost": 74417.27, "Plan Rows": 1436424, "Plan Width": 8, "Inner Unique": true, "Hash Cond": "(ci.role_id = rt.id), (LLVM Optimized)", "Plans": [{"Node Type": "Seq Scan", "Parent Relationship": "Outer", "Relation Name": "cast_info", "Alias": "ci", "Startup Cost": 0.0, "Total Cost": 58282.92, "Plan Rows": 1436424, "Plan Width": 12, "Filter": "((note)::text ~~ '%(producer)%'::text), (LLVM Optimized)"}, {"Node Type": "Hash", "Parent Relationship": "Inner", "Startup Cost": 15005.26, "Total Cost": 15005.26, "Plan Rows": 192, "Plan Width": 4, "Plans": [{"Node Type": "Streaming(type: BROADCAST dop: 16/1)", "Parent Relationship": "Outer", "Startup Cost": 0.0, "Total Cost": 15005.26, "Plan Rows": 192, "Plan Width": 4, "Plans": [{"Node Type": "Seq Scan", "Parent Relationship": "Outer", "Relation Name": "role_type", "Alias": "rt", "Startup Cost": 0.0, "Total Cost": 1.12, "Plan Rows": 12, "Plan Width": 4}]}]}]}]}, {"Node Type": "Hash", "Parent Relationship": "Inner", "Startup Cost": 88282.97, "Total Cost": 88282.97, "Plan Rows": 1282311, "Plan Width": 8, "Plans": [{"Node Type": "Streaming(type: LOCAL REDISTRIBUTE dop: 16/16)", "Parent Relationship": "Outer", "Startup Cost": 24511.53, "Total Cost": 88282.97, "Plan Rows": 1282311, "Plan Width": 8, "Plans": [{"Node Type": "Hash Join", "Parent Relationship": "Outer", "Join Type": "Inner", "Startup Cost": 24511.53, "Total Cost": 68424.21, "Plan Rows": 1282311, "Plan Width": 8, "Inner Unique": true, "Hash Cond": "(mc.company_id = cn.id), (LLVM Optimized)", "Plans": [{"Node Type": "Streaming(type: LOCAL REDISTRIBUTE dop: 16/16)", "Parent Relationship": "Outer", "Startup Cost": 0.0, "Total Cost": 42499.73, "Plan Rows": 2609128, "Plan Width": 12, "Plans": [{"Node Type": "Seq Scan", "Parent Relationship": "Outer", "Relation Name": "movie_companies", "Alias": "mc", "Startup Cost": 0.0, "Total Cost": 17613.58, "Plan Rows": 2609128, "Plan Width": 12}]}, {"Node Type": "Hash", "Parent Relationship": "Inner", "Startup Cost": 24444.99, "Total Cost": 24444.99, "Plan Rows": 85170, "Plan Width": 4, "Plans": [{"Node Type": "Streaming(type: LOCAL REDISTRIBUTE dop: 16/1)", "Parent Relationship": "Outer", "Startup Cost": 0.0, "Total Cost": 24444.99, "Plan Rows": 85170, "Plan Width": 4, "Plans": [{"Node Type": "Seq Scan", "Parent Relationship": "Outer", "Relation Name": "company_name", "Alias": "cn", "Startup Cost": 0.0, "Total Cost": 5903.45, "Plan Rows": 85170, "Plan Width": 4, "Filter": "((country_code)::text = '[us]'::text)"}]}]}]}]}]}]}]}, {"Node Type": "Hash", "Parent Relationship": "Inner", "Startup Cost": 46117.27, "Total Cost": 46117.27, "Plan Rows": 3140338, "Plan Width": 20, "Plans": [{"Node Type": "Streaming(type: LOCAL REDISTRIBUTE dop: 16/16)", "Parent Relationship": "Outer", "Startup Cost": 0.0, "Total Cost": 46117.27, "Plan Rows": 3140338, "Plan Width": 20, "Plans": [{"Node Type": "Seq Scan", "Parent Relationship": "Outer", "Relation Name": "char_name", "Alias": "chn", "Startup Cost": 0.0, "Total Cost": 19218.34, "Plan Rows": 3140338, "Plan Width": 20}]}]}]}, {"Node Type": "Hash", "Parent Relationship": "Inner", "Startup Cost": 15002.07, "Total Cost": 15002.07, "Plan Rows": 48, "Plan Width": 4, "Plans": [{"Node Type": "Streaming(type: BROADCAST dop: 16/1)", "Parent Relationship": "Outer", "Startup Cost": 0.0, "Total Cost": 15002.07, "Plan Rows": 48, "Plan Width": 4, "Plans": [{"Node Type": "Seq Scan", "Parent Relationship": "Outer", "Relation Name": "company_type", "Alias": "ct", "Startup Cost": 0.0, "Total Cost": 1.03, "Plan Rows": 3, "Plan Width": 4}]}]}]}]}, {"Node Type": "Hash", "Parent Relationship": "Inner", "Startup Cost": 40775.83, "Total Cost": 40775.83, "Plan Rows": 1748840, "Plan Width": 21, "Plans": [{"Node Type": "Streaming(type: LOCAL REDISTRIBUTE dop: 16/16)", "Parent Relationship": "Outer", "Startup Cost": 0.0, "Total Cost": 40775.83, "Plan Rows": 1748840, "Plan Width": 21, "Plans": [{"Node Type": "Seq Scan", "Parent Relationship": "Outer", "Relation Name": "title", "Alias": "t", "Startup Cost": 0.0, "Total Cost": 19149.37, "Plan Rows": 1748840, "Plan Width": 21, "Filter": "(production_year > 1990), (LLVM Optimized)"}]}]}]}]}]}]}, "Unique SQL Id": 3145361615}, "explain_analyze_plan": {"Plan": {"Node Type": "Aggregate", "Strategy": "Plain", "Startup Cost": 271604.22, "Total Cost": 271604.25, "Plan Rows": 1, "Plan Width": 97, "Actual Min Startup Time": 2174.468, "Actual Max Startup Time": 2174.468, "Actual Min Total Time": 2174.468, "Actual Max Total Time": 2174.468, "Actual Total Rows": 1, "Plans": [{"Node Type": "Streaming(type: LOCAL GATHER dop: 1/16)", "Parent Relationship": "Outer", "Startup Cost": 271604.22, "Total Cost": 271604.25, "Plan Rows": 1, "Plan Width": 97, "Actual Min Startup Time": 2173.197, "Actual Max Startup Time": 2173.197, "Actual Min Total Time": 2174.438, "Actual Max Total Time": 2174.438, "Actual Total Rows": 16, "Plans": [{"Node Type": "Aggregate", "Strategy": "Plain", "Parent Relationship": "Outer", "Startup Cost": 271604.22, "Total Cost": 271604.23, "Plan Rows": 1, "Plan Width": 97, "Actual Min Startup Time": 1803.512, "Actual Max Startup Time": 2012.607, "Actual Min Total Time": 1803.512, "Actual Max Total Time": 2012.607, "Actual Total Rows": 16, "Plans": [{"Node Type": "Hash Join", "Parent Relationship": "Outer", "Join Type": "Inner", "Startup Cost": 144835.24, "Total Cost": 266757.16, "Plan Rows": 969413, "Plan Width": 33, "Actual Min Startup Time": 1803.506, "Actual Max Startup Time": 2012.599, "Actual Min Total Time": 1803.506, "Actual Max Total Time": 2012.599, "Actual Total Rows": 4, "Inner Unique": true, "Hash Cond": "(mc.movie_id = t.id), (LLVM Optimized, Jit Execute)", "Plans": [{"Node Type": "Streaming(type: LOCAL REDISTRIBUTE dop: 16/16)", "Parent Relationship": "Outer", "Startup Cost": 133275.0, "Total Cost": 254427.04, "Plan Rows": 699731, "Plan Width": 24, "Actual Min Startup Time": 1539.112, "Actual Max Startup Time": 1540.672, "Actual Min Total Time": 1540.566, "Actual Max Total Time": 1540.672, "Actual Total Rows": 6, "Plans": [{"Node Type": "Hash Join", "Parent Relationship": "Outer", "Join Type": "Inner", "Startup Cost": 133275.0, "Total Cost": 236775.71, "Plan Rows": 699731, "Plan Width": 24, "Actual Min Startup Time": 1800.076, "Actual Max Startup Time": 1996.771, "Actual Min Total Time": 1800.076, "Actual Max Total Time": 1996.771, "Actual Total Rows": 6, "Inner Unique": true, "Hash Cond": "(mc.company_type_id = ct.id), (LLVM Optimized, Jit Execute)", "Plans": [{"Node Type": "Hash Join", "Parent Relationship": "Outer", "Join Type": "Inner", "Startup Cost": 118272.9, "Total Cost": 221172.28, "Plan Rows": 699731, "Plan Width": 28, "Actual Min Startup Time": 1798.629, "Actual Max Startup Time": 1995.334, "Actual Min Total Time": 1798.629, "Actual Max Total Time": 1995.334, "Actual Total Rows": 14, "Inner Unique": true, "Hash Cond": "(ci.person_role_id = chn.id), (LLVM Optimized, Jit Execute)", "Plans": [{"Node Type": "Streaming(type: LOCAL REDISTRIBUTE dop: 16/16)", "Parent Relationship": "Outer", "Startup Cost": 104290.19, "Total Cost": 206413.94, "Plan Rows": 1443440, "Plan Width": 16, "Actual Min Startup Time": 249.791, "Actual Max Startup Time": 1381.119, "Actual Min Total Time": 1250.62, "Actual Max Total Time": 1381.119, "Actual Total Rows": 1210267, "Plans": [{"Node Type": "Hash Join", "Parent Relationship": "Outer", "Join Type": "Inner", "Startup Cost": 104290.19, "Total Cost": 185944.65, "Plan Rows": 1443440, "Plan Width": 16, "Actual Min Startup Time": 675.237, "Actual Max Startup Time": 871.852, "Actual Min Total Time": 1272.7, "Actual Max Total Time": 1501.609, "Actual Total Rows": 1210267, "Inner Unique": false, "Hash Cond": "(ci.movie_id = mc.movie_id), (LLVM Optimized, Jit Execute)", "Plans": [{"Node Type": "Streaming(type: LOCAL REDISTRIBUTE dop: 16/16)", "Parent Relationship": "Outer", "Startup Cost": 15005.41, "Total Cost": 94859.97, "Plan Rows": 1436424, "Plan Width": 8, "Actual Min Startup Time": 0.06, "Actual Max Startup Time": 3.768, "Actual Min Total Time": 546.912, "Actual Max Total Time": 583.512, "Actual Total Rows": 1435439, "Plans": [{"Node Type": "Hash Join", "Parent Relationship": "Outer", "Join Type": "Inner", "Startup Cost": 15005.41, "Total Cost": 74417.27, "Plan Rows": 1436424, "Plan Width": 8, "Actual Min Startup Time": 44.696, "Actual Max Startup Time": 357.961, "Actual Min Total Time": 754.774, "Actual Max Total Time": 806.064, "Actual Total Rows": 1435439, "Inner Unique": true, "Hash Cond": "(ci.role_id = rt.id), (LLVM Optimized, Jit Execute)", "Plans": [{"Node Type": "Seq Scan", "Parent Relationship": "Outer", "Relation Name": "cast_info", "Alias": "ci", "Startup Cost": 0.0, "Total Cost": 58282.92, "Plan Rows": 1436424, "Plan Width": 12, "Actual Min Startup Time": 44.599, "Actual Max Startup Time": 357.822, "Actual Min Total Time": 710.585, "Actual Max Total Time": 748.368, "Actual Total Rows": 1435439, "Filter": "((note)::text ~~ '%(producer)%'::text), (LLVM Optimized, Jit Execute)", "Rows Removed by Filter": 34808904}, {"Node Type": "Hash", "Parent Relationship": "Inner", "Startup Cost": 15005.26, "Total Cost": 15005.26, "Plan Rows": 192, "Plan Width": 4, "Actual Min Startup Time": 0.018, "Actual Max Startup Time": 46.807, "Actual Min Total Time": 0.018, "Actual Max Total Time": 46.807, "Actual Total Rows": 192, "Max Hash Buckets": 32768, "Min Hash Buckets": 32768, "Max Hash Batches": 1, "Min Hash Batches": 1, "Max Original Hash Batches": 1, "Min Original Hash Batches": 1, "Max Peak Memory Usage": 1, "min Peak Memory Usage": 1, "Plans": [{"Node Type": "Streaming(type: BROADCAST dop: 16/1)", "Parent Relationship": "Outer", "Startup Cost": 0.0, "Total Cost": 15005.26, "Plan Rows": 192, "Plan Width": 4, "Actual Min Startup Time": 0.006, "Actual Max Startup Time": 42.649, "Actual Min Total Time": 0.007, "Actual Max Total Time": 42.651, "Actual Total Rows": 192, "Plans": [{"Node Type": "Seq Scan", "Parent Relationship": "Outer", "Relation Name": "role_type", "Alias": "rt", "Startup Cost": 0.0, "Total Cost": 1.12, "Plan Rows": 12, "Plan Width": 4, "Actual Min Startup Time": 0.013, "Actual Max Startup Time": 0.013, "Actual Min Total Time": 0.017, "Actual Max Total Time": 0.017, "Actual Total Rows": 12}]}]}]}]}, {"Node Type": "Hash", "Parent Relationship": "Inner", "Startup Cost": 88282.97, "Total Cost": 88282.97, "Plan Rows": 1282311, "Plan Width": 8, "Actual Min Startup Time": 674.911, "Actual Max Startup Time": 871.504, "Actual Min Total Time": 674.911, "Actual Max Total Time": 871.504, "Actual Total Rows": 1153797, "Max Hash Buckets": 131072, "Min Hash Buckets": 131072, "Max Hash Batches": 1, "Min Hash Batches": 1, "Max Original Hash Batches": 1, "Min Original Hash Batches": 1, "Max Peak Memory Usage": 2824, "min Peak Memory Usage": 2824, "Plans": [{"Node Type": "Streaming(type: LOCAL REDISTRIBUTE dop: 16/16)", "Parent Relationship": "Outer", "Startup Cost": 24511.53, "Total Cost": 88282.97, "Plan Rows": 1282311, "Plan Width": 8, "Actual Min Startup Time": 165.521, "Actual Max Startup Time": 362.413, "Actual Min Total Time": 648.186, "Actual Max Total Time": 846.134, "Actual Total Rows": 1153797, "Plans": [{"Node Type": "Hash Join", "Parent Relationship": "Outer", "Join Type": "Inner", "Startup Cost": 24511.53, "Total Cost": 68424.21, "Plan Rows": 1282311, "Plan Width": 8, "Actual Min Startup Time": 157.625, "Actual Max Startup Time": 309.504, "Actual Min Total Time": 514.764, "Actual Max Total Time": 746.156, "Actual Total Rows": 1153797, "Inner Unique": true, "Hash Cond": "(mc.company_id = cn.id), (LLVM Optimized, Jit Execute)", "Plans": [{"Node Type": "Streaming(type: LOCAL REDISTRIBUTE dop: 16/16)", "Parent Relationship": "Outer", "Startup Cost": 0.0, "Total Cost": 42499.73, "Plan Rows": 2609128, "Plan Width": 12, "Actual Min Startup Time": 0.065, "Actual Max Startup Time": 1.561, "Actual Min Total Time": 285.138, "Actual Max Total Time": 396.063, "Actual Total Rows": 2609128, "Plans": [{"Node Type": "Seq Scan", "Parent Relationship": "Outer", "Relation Name": "movie_companies", "Alias": "mc", "Startup Cost": 0.0, "Total Cost": 17613.58, "Plan Rows": 2609128, "Plan Width": 12, "Actual Min Startup Time": 0.025, "Actual Max Startup Time": 0.05, "Actual Min Total Time": 41.101, "Actual Max Total Time": 52.364, "Actual Total Rows": 2609128}]}, {"Node Type": "Hash", "Parent Relationship": "Inner", "Startup Cost": 24444.99, "Total Cost": 24444.99, "Plan Rows": 85170, "Plan Width": 4, "Actual Min Startup Time": 156.603, "Actual Max Startup Time": 309.356, "Actual Min Total Time": 156.603, "Actual Max Total Time": 309.356, "Actual Total Rows": 84843, "Max Hash Buckets": 32768, "Min Hash Buckets": 32768, "Max Hash Batches": 1, "Min Hash Batches": 1, "Max Original Hash Batches": 1, "Min Original Hash Batches": 1, "Max Peak Memory Usage": 182, "min Peak Memory Usage": 182, "Plans": [{"Node Type": "Streaming(type: LOCAL REDISTRIBUTE dop: 16/1)", "Parent Relationship": "Outer", "Startup Cost": 0.0, "Total Cost": 24444.99, "Plan Rows": 85170, "Plan Width": 4, "Actual Min Startup Time": 0.036, "Actual Max Startup Time": 144.9, "Actual Min Total Time": 154.794, "Actual Max Total Time": 307.673, "Actual Total Rows": 84843, "Plans": [{"Node Type": "Seq Scan", "Parent Relationship": "Outer", "Relation Name": "company_name", "Alias": "cn", "Startup Cost": 0.0, "Total Cost": 5903.45, "Plan Rows": 85170, "Plan Width": 4, "Actual Min Startup Time": 0.073, "Actual Max Startup Time": 0.073, "Actual Min Total Time": 90.6, "Actual Max Total Time": 90.6, "Actual Total Rows": 84843, "Filter": "((country_code)::text = '[us]'::text)", "Rows Removed by Filter": 150153}]}]}]}]}]}]}]}, {"Node Type": "Hash", "Parent Relationship": "Inner", "Startup Cost": 46117.27, "Total Cost": 46117.27, "Plan Rows": 3140338, "Plan Width": 20, "Actual Min Startup Time": 417.263, "Actual Max Startup Time": 613.937, "Actual Min Total Time": 417.263, "Actual Max Total Time": 613.937, "Actual Total Rows": 3140338, "Max Hash Buckets": 262144, "Min Hash Buckets": 262144, "Max Hash Batches": 1, "Min Hash Batches": 1, "Max Original Hash Batches": 1, "Min Original Hash Batches": 1, "Max Peak Memory Usage": 10347, "min Peak Memory Usage": 10347, "Plans": [{"Node Type": "Streaming(type: LOCAL REDISTRIBUTE dop: 16/16)", "Parent Relationship": "Outer", "Startup Cost": 0.0, "Total Cost": 46117.27, "Plan Rows": 3140338, "Plan Width": 20, "Actual Min Startup Time": 0.051, "Actual Max Startup Time": 41.823, "Actual Min Total Time": 335.206, "Actual Max Total Time": 532.902, "Actual Total Rows": 3140338, "Plans": [{"Node Type": "Seq Scan", "Parent Relationship": "Outer", "Relation Name": "char_name", "Alias": "chn", "Startup Cost": 0.0, "Total Cost": 19218.34, "Plan Rows": 3140338, "Plan Width": 20, "Actual Min Startup Time": 0.019, "Actual Max Startup Time": 0.062, "Actual Min Total Time": 57.374, "Actual Max Total Time": 66.634, "Actual Total Rows": 3140338}]}]}]}, {"Node Type": "Hash", "Parent Relationship": "Inner", "Startup Cost": 15002.07, "Total Cost": 15002.07, "Plan Rows": 48, "Plan Width": 4, "Actual Min Startup Time": 0.008, "Actual Max Startup Time": 0.021, "Actual Min Total Time": 0.008, "Actual Max Total Time": 0.021, "Actual Total Rows": 48, "Max Hash Buckets": 32768, "Min Hash Buckets": 32768, "Max Hash Batches": 1, "Min Hash Batches": 1, "Max Original Hash Batches": 1, "Min Original Hash Batches": 1, "Max Peak Memory Usage": 1, "min Peak Memory Usage": 1, "Plans": [{"Node Type": "Streaming(type: BROADCAST dop: 16/1)", "Parent Relationship": "Outer", "Startup Cost": 0.0, "Total Cost": 15002.07, "Plan Rows": 48, "Plan Width": 4, "Actual Min Startup Time": 0.004, "Actual Max Startup Time": 0.012, "Actual Min Total Time": 0.004, "Actual Max Total Time": 0.013, "Actual Total Rows": 48, "Plans": [{"Node Type": "Seq Scan", "Parent Relationship": "Outer", "Relation Name": "company_type", "Alias": "ct", "Startup Cost": 0.0, "Total Cost": 1.03, "Plan Rows": 3, "Plan Width": 4, "Actual Min Startup Time": 0.019, "Actual Max Startup Time": 0.019, "Actual Min Total Time": 0.021, "Actual Max Total Time": 0.021, "Actual Total Rows": 3}]}]}]}]}, {"Node Type": "Hash", "Parent Relationship": "Inner", "Startup Cost": 40775.83, "Total Cost": 40775.83, "Plan Rows": 1748840, "Plan Width": 21, "Actual Min Startup Time": 262.767, "Actual Max Startup Time": 471.782, "Actual Min Total Time": 262.767, "Actual Max Total Time": 471.782, "Actual Total Rows": 1749032, "Max Hash Buckets": 131072, "Min Hash Buckets": 131072, "Max Hash Batches": 1, "Min Hash Batches": 1, "Max Original Hash Batches": 1, "Min Original Hash Batches": 1, "Max Peak Memory Usage": 5875, "min Peak Memory Usage": 5875, "Plans": [{"Node Type": "Streaming(type: LOCAL REDISTRIBUTE dop: 16/16)", "Parent Relationship": "Outer", "Startup Cost": 0.0, "Total Cost": 40775.83, "Plan Rows": 1748840, "Plan Width": 21, "Actual Min Startup Time": 0.053, "Actual Max Startup Time": 123.387, "Actual Min Total Time": 228.641, "Actual Max Total Time": 434.39, "Actual Total Rows": 1749032, "Plans": [{"Node Type": "Seq Scan", "Parent Relationship": "Outer", "Relation Name": "title", "Alias": "t", "Startup Cost": 0.0, "Total Cost": 19149.37, "Plan Rows": 1748840, "Plan Width": 21, "Actual Min Startup Time": 0.03, "Actual Max Startup Time": 0.055, "Actual Min Total Time": 63.776, "Actual Max Total Time": 72.406, "Actual Total Rows": 1749032, "Filter": "(production_year > 1990), (LLVM Optimized, Jit Execute)", "Rows Removed by Filter": 779279}]}]}]}]}]}]}, "Triggers": [], "Planner Runtime": 79.462, "Total Runtime": 2215.31, "Unique SQL Id": 3145361615}}, "(16, 67)": {"explain_plan": {"Plan": {"Node Type": "Aggregate", "Strategy": "Plain", "Startup Cost": 1963906.79, "Total Cost": 1963906.8, "Plan Rows": 1, "Plan Width": 97, "Plans": [{"Node Type": "Hash Join", "Parent Relationship": "Outer", "Join Type": "Inner", "Startup Cost": 1218973.64, "Total Cost": 1959059.72, "Plan Rows": 969413, "Plan Width": 33, "Inner Unique": true, "Hash Cond": "(mc.company_type_id = ct.id), (LLVM Optimized)", "Plans": [{"Node Type": "Hash Join", "Parent Relationship": "Outer", "Join Type": "Inner", "Startup Cost": 1218961.31, "Total Cost": 1945717.96, "Plan Rows": 969413, "Plan Width": 37, "Inner Unique": false, "Hash Cond": "(ci.movie_id = t.id), (LLVM Optimized)", "Plans": [{"Node Type": "Hash Join", "Parent Relationship": "Outer", "Join Type": "Inner", "Startup Cost": 909656.04, "Total Cost": 1624107.14, "Plan Rows": 696330, "Plan Width": 20, "Inner Unique": true, "Hash Cond": "(ci.role_id = rt.id), (LLVM Optimized)", "Plans": [{"Node Type": "Hash Join", "Parent Relationship": "Outer", "Join Type": "Inner", "Startup Cost": 909643.46, "Total Cost": 1614520.02, "Plan Rows": 696330, "Plan Width": 24, "Inner Unique": true, "Hash Cond": "(ci.person_role_id = chn.id), (LLVM Optimized)", "Plans": [{"Node Type": "Bitmap Heap Scan", "Parent Relationship": "Outer", "Relation Name": "cast_info", "Alias": "ci", "Startup Cost": 739944.83, "Total Cost": 1432471.5, "Plan Rows": 1436424, "Plan Width": 12, "Filter": "((note)::text ~~ '%(producer)%'::text), (LLVM Optimized)", "Plans": [{"Node Type": "Bitmap Index Scan", "Parent Relationship": "Outer", "Index Name": "person_role_id_cast_info", "Startup Cost": 0.0, "Total Cost": 739585.72, "Plan Rows": 36259494, "Plan Width": 0}]}, {"Node Type": "Hash", "Parent Relationship": "Inner", "Startup Cost": 130444.4, "Total Cost": 130444.4, "Plan Rows": 3140338, "Plan Width": 20, "Plans": [{"Node Type": "Bitmap Heap Scan", "Parent Relationship": "Outer", "Relation Name": "char_name", "Alias": "chn", "Startup Cost": 62951.02, "Total Cost": 130444.4, "Plan Rows": 3140338, "Plan Width": 20, "Plans": [{"Node Type": "Bitmap Index Scan", "Parent Relationship": "Outer", "Index Name": "char_name_pkey", "Startup Cost": 0.0, "Total Cost": 62165.94, "Plan Rows": 3140338, "Plan Width": 0}]}]}]}, {"Node Type": "Hash", "Parent Relationship": "Inner", "Startup Cost": 12.43, "Total Cost": 12.43, "Plan Rows": 12, "Plan Width": 4, "Plans": [{"Node Type": "Bitmap Heap Scan", "Parent Relationship": "Outer", "Relation Name": "role_type", "Alias": "rt", "Startup Cost": 8.31, "Total Cost": 12.43, "Plan Rows": 12, "Plan Width": 4, "Plans": [{"Node Type": "Bitmap Index Scan", "Parent Relationship": "Outer", "Index Name": "role_type_pkey", "Startup Cost": 0.0, "Total Cost": 8.31, "Plan Rows": 12, "Plan Width": 0}]}]}]}, {"Node Type": "Hash", "Parent Relationship": "Inner", "Startup Cost": 287098.71, "Total Cost": 287098.71, "Plan Rows": 1776525, "Plan Width": 29, "Plans": [{"Node Type": "Hash Join", "Parent Relationship": "Outer", "Join Type": "Inner", "Startup Cost": 200100.17, "Total Cost": 287098.71, "Plan Rows": 1776525, "Plan Width": 29, "Inner Unique": true, "Hash Cond": "(mc.movie_id = t.id), (LLVM Optimized)", "Plans": [{"Node Type": "Hash Join", "Parent Relationship": "Outer", "Join Type": "Inner", "Startup Cost": 61758.77, "Total Cost": 126183.39, "Plan Rows": 1282311, "Plan Width": 8, "Inner Unique": true, "Hash Cond": "(mc.company_id = cn.id), (LLVM Optimized)", "Plans": [{"Node Type": "Bitmap Heap Scan", "Parent Relationship": "Outer", "Relation Name": "movie_companies", "Alias": "mc", "Startup Cost": 51990.17, "Total Cost": 93807.45, "Plan Rows": 2609128, "Plan Width": 12, "Plans": [{"Node Type": "Bitmap Index Scan", "Parent Relationship": "Outer", "Index Name": "movie_id_movie_companies", "Startup Cost": 0.0, "Total Cost": 51337.89, "Plan Rows": 2609128, "Plan Width": 0}]}, {"Node Type": "Hash", "Parent Relationship": "Inner", "Startup Cost": 8703.97, "Total Cost": 8703.97, "Plan Rows": 85170, "Plan Width": 4, "Plans": [{"Node Type": "Bitmap Heap Scan", "Parent Relationship": "Outer", "Relation Name": "company_name", "Alias": "cn", "Startup Cost": 2800.52, "Total Cost": 8703.97, "Plan Rows": 85170, "Plan Width": 4, "Filter": "((country_code)::text = '[us]'::text)", "Plans": [{"Node Type": "Bitmap Index Scan", "Parent Relationship": "Outer", "Index Name": "company_name_pkey", "Startup Cost": 0.0, "Total Cost": 2779.23, "Plan Rows": 234996, "Plan Width": 0}]}]}]}, {"Node Type": "Hash", "Parent Relationship": "Inner", "Startup Cost": 116480.9, "Total Cost": 116480.9, "Plan Rows": 1748840, "Plan Width": 21, "Plans": [{"Node Type": "Bitmap Heap Scan", "Parent Relationship": "Outer", "Relation Name": "title", "Alias": "t", "Startup Cost": 50091.01, "Total Cost": 116480.9, "Plan Rows": 1748840, "Plan Width": 21, "Filter": "(production_year > 1990), (LLVM Optimized)", "Plans": [{"Node Type": "Bitmap Index Scan", "Parent Relationship": "Outer", "Index Name": "title_pkey", "Startup Cost": 0.0, "Total Cost": 49653.81, "Plan Rows": 2528311, "Plan Width": 0}]}]}]}]}]}, {"Node Type": "Hash", "Parent Relationship": "Inner", "Startup Cost": 12.3, "Total Cost": 12.3, "Plan Rows": 3, "Plan Width": 4, "Plans": [{"Node Type": "Bitmap Heap Scan", "Parent Relationship": "Outer", "Relation Name": "company_type", "Alias": "ct", "Startup Cost": 8.27, "Total Cost": 12.3, "Plan Rows": 3, "Plan Width": 4, "Plans": [{"Node Type": "Bitmap Index Scan", "Parent Relationship": "Outer", "Index Name": "company_type_pkey", "Startup Cost": 0.0, "Total Cost": 8.27, "Plan Rows": 3, "Plan Width": 0}]}]}]}]}, "Unique SQL Id": 3145361615}, "explain_analyze_plan": null}, "(16, 68)": {"explain_plan": {"Plan": {"Node Type": "Aggregate", "Strategy": "Plain", "Startup Cost": 271604.22, "Total Cost": 271604.25, "Plan Rows": 1, "Plan Width": 97, "Plans": [{"Node Type": "Streaming(type: LOCAL GATHER dop: 1/16)", "Parent Relationship": "Outer", "Startup Cost": 271604.22, "Total Cost": 271604.25, "Plan Rows": 1, "Plan Width": 97, "Plans": [{"Node Type": "Aggregate", "Strategy": "Plain", "Parent Relationship": "Outer", "Startup Cost": 271604.22, "Total Cost": 271604.23, "Plan Rows": 1, "Plan Width": 97, "Plans": [{"Node Type": "Hash Join", "Parent Relationship": "Outer", "Join Type": "Inner", "Startup Cost": 144835.24, "Total Cost": 266757.16, "Plan Rows": 969413, "Plan Width": 33, "Inner Unique": true, "Hash Cond": "(mc.movie_id = t.id), (LLVM Optimized)", "Plans": [{"Node Type": "Streaming(type: LOCAL REDISTRIBUTE dop: 16/16)", "Parent Relationship": "Outer", "Startup Cost": 133275.0, "Total Cost": 254427.04, "Plan Rows": 699731, "Plan Width": 24, "Plans": [{"Node Type": "Hash Join", "Parent Relationship": "Outer", "Join Type": "Inner", "Startup Cost": 133275.0, "Total Cost": 236775.71, "Plan Rows": 699731, "Plan Width": 24, "Inner Unique": true, "Hash Cond": "(mc.company_type_id = ct.id), (LLVM Optimized)", "Plans": [{"Node Type": "Hash Join", "Parent Relationship": "Outer", "Join Type": "Inner", "Startup Cost": 118272.9, "Total Cost": 221172.28, "Plan Rows": 699731, "Plan Width": 28, "Inner Unique": true, "Hash Cond": "(ci.person_role_id = chn.id), (LLVM Optimized)", "Plans": [{"Node Type": "Streaming(type: LOCAL REDISTRIBUTE dop: 16/16)", "Parent Relationship": "Outer", "Startup Cost": 104290.19, "Total Cost": 206413.94, "Plan Rows": 1443440, "Plan Width": 16, "Plans": [{"Node Type": "Hash Join", "Parent Relationship": "Outer", "Join Type": "Inner", "Startup Cost": 104290.19, "Total Cost": 185944.65, "Plan Rows": 1443440, "Plan Width": 16, "Inner Unique": false, "Hash Cond": "(ci.movie_id = mc.movie_id), (LLVM Optimized)", "Plans": [{"Node Type": "Streaming(type: LOCAL REDISTRIBUTE dop: 16/16)", "Parent Relationship": "Outer", "Startup Cost": 15005.41, "Total Cost": 94859.97, "Plan Rows": 1436424, "Plan Width": 8, "Plans": [{"Node Type": "Hash Join", "Parent Relationship": "Outer", "Join Type": "Inner", "Startup Cost": 15005.41, "Total Cost": 74417.27, "Plan Rows": 1436424, "Plan Width": 8, "Inner Unique": true, "Hash Cond": "(ci.role_id = rt.id), (LLVM Optimized)", "Plans": [{"Node Type": "Seq Scan", "Parent Relationship": "Outer", "Relation Name": "cast_info", "Alias": "ci", "Startup Cost": 0.0, "Total Cost": 58282.92, "Plan Rows": 1436424, "Plan Width": 12, "Filter": "((note)::text ~~ '%(producer)%'::text), (LLVM Optimized)"}, {"Node Type": "Hash", "Parent Relationship": "Inner", "Startup Cost": 15005.26, "Total Cost": 15005.26, "Plan Rows": 192, "Plan Width": 4, "Plans": [{"Node Type": "Streaming(type: BROADCAST dop: 16/1)", "Parent Relationship": "Outer", "Startup Cost": 0.0, "Total Cost": 15005.26, "Plan Rows": 192, "Plan Width": 4, "Plans": [{"Node Type": "Seq Scan", "Parent Relationship": "Outer", "Relation Name": "role_type", "Alias": "rt", "Startup Cost": 0.0, "Total Cost": 1.12, "Plan Rows": 12, "Plan Width": 4}]}]}]}]}, {"Node Type": "Hash", "Parent Relationship": "Inner", "Startup Cost": 88282.97, "Total Cost": 88282.97, "Plan Rows": 1282311, "Plan Width": 8, "Plans": [{"Node Type": "Streaming(type: LOCAL REDISTRIBUTE dop: 16/16)", "Parent Relationship": "Outer", "Startup Cost": 24511.53, "Total Cost": 88282.97, "Plan Rows": 1282311, "Plan Width": 8, "Plans": [{"Node Type": "Hash Join", "Parent Relationship": "Outer", "Join Type": "Inner", "Startup Cost": 24511.53, "Total Cost": 68424.21, "Plan Rows": 1282311, "Plan Width": 8, "Inner Unique": true, "Hash Cond": "(mc.company_id = cn.id), (LLVM Optimized)", "Plans": [{"Node Type": "Streaming(type: LOCAL REDISTRIBUTE dop: 16/16)", "Parent Relationship": "Outer", "Startup Cost": 0.0, "Total Cost": 42499.73, "Plan Rows": 2609128, "Plan Width": 12, "Plans": [{"Node Type": "Seq Scan", "Parent Relationship": "Outer", "Relation Name": "movie_companies", "Alias": "mc", "Startup Cost": 0.0, "Total Cost": 17613.58, "Plan Rows": 2609128, "Plan Width": 12}]}, {"Node Type": "Hash", "Parent Relationship": "Inner", "Startup Cost": 24444.99, "Total Cost": 24444.99, "Plan Rows": 85170, "Plan Width": 4, "Plans": [{"Node Type": "Streaming(type: LOCAL REDISTRIBUTE dop: 16/1)", "Parent Relationship": "Outer", "Startup Cost": 0.0, "Total Cost": 24444.99, "Plan Rows": 85170, "Plan Width": 4, "Plans": [{"Node Type": "Seq Scan", "Parent Relationship": "Outer", "Relation Name": "company_name", "Alias": "cn", "Startup Cost": 0.0, "Total Cost": 5903.45, "Plan Rows": 85170, "Plan Width": 4, "Filter": "((country_code)::text = '[us]'::text)"}]}]}]}]}]}]}]}, {"Node Type": "Hash", "Parent Relationship": "Inner", "Startup Cost": 46117.27, "Total Cost": 46117.27, "Plan Rows": 3140338, "Plan Width": 20, "Plans": [{"Node Type": "Streaming(type: LOCAL REDISTRIBUTE dop: 16/16)", "Parent Relationship": "Outer", "Startup Cost": 0.0, "Total Cost": 46117.27, "Plan Rows": 3140338, "Plan Width": 20, "Plans": [{"Node Type": "Seq Scan", "Parent Relationship": "Outer", "Relation Name": "char_name", "Alias": "chn", "Startup Cost": 0.0, "Total Cost": 19218.34, "Plan Rows": 3140338, "Plan Width": 20}]}]}]}, {"Node Type": "Hash", "Parent Relationship": "Inner", "Startup Cost": 15002.07, "Total Cost": 15002.07, "Plan Rows": 48, "Plan Width": 4, "Plans": [{"Node Type": "Streaming(type: BROADCAST dop: 16/1)", "Parent Relationship": "Outer", "Startup Cost": 0.0, "Total Cost": 15002.07, "Plan Rows": 48, "Plan Width": 4, "Plans": [{"Node Type": "Seq Scan", "Parent Relationship": "Outer", "Relation Name": "company_type", "Alias": "ct", "Startup Cost": 0.0, "Total Cost": 1.03, "Plan Rows": 3, "Plan Width": 4}]}]}]}]}, {"Node Type": "Hash", "Parent Relationship": "Inner", "Startup Cost": 40775.83, "Total Cost": 40775.83, "Plan Rows": 1748840, "Plan Width": 21, "Plans": [{"Node Type": "Streaming(type: LOCAL REDISTRIBUTE dop: 16/16)", "Parent Relationship": "Outer", "Startup Cost": 0.0, "Total Cost": 40775.83, "Plan Rows": 1748840, "Plan Width": 21, "Plans": [{"Node Type": "Seq Scan", "Parent Relationship": "Outer", "Relation Name": "title", "Alias": "t", "Startup Cost": 0.0, "Total Cost": 19149.37, "Plan Rows": 1748840, "Plan Width": 21, "Filter": "(production_year > 1990), (LLVM Optimized)"}]}]}]}]}]}]}, "Unique SQL Id": 3145361615}, "explain_analyze_plan": {"Plan": {"Node Type": "Aggregate", "Strategy": "Plain", "Startup Cost": 271604.22, "Total Cost": 271604.25, "Plan Rows": 1, "Plan Width": 97, "Actual Min Startup Time": 2174.468, "Actual Max Startup Time": 2174.468, "Actual Min Total Time": 2174.468, "Actual Max Total Time": 2174.468, "Actual Total Rows": 1, "Plans": [{"Node Type": "Streaming(type: LOCAL GATHER dop: 1/16)", "Parent Relationship": "Outer", "Startup Cost": 271604.22, "Total Cost": 271604.25, "Plan Rows": 1, "Plan Width": 97, "Actual Min Startup Time": 2173.197, "Actual Max Startup Time": 2173.197, "Actual Min Total Time": 2174.438, "Actual Max Total Time": 2174.438, "Actual Total Rows": 16, "Plans": [{"Node Type": "Aggregate", "Strategy": "Plain", "Parent Relationship": "Outer", "Startup Cost": 271604.22, "Total Cost": 271604.23, "Plan Rows": 1, "Plan Width": 97, "Actual Min Startup Time": 1803.512, "Actual Max Startup Time": 2012.607, "Actual Min Total Time": 1803.512, "Actual Max Total Time": 2012.607, "Actual Total Rows": 16, "Plans": [{"Node Type": "Hash Join", "Parent Relationship": "Outer", "Join Type": "Inner", "Startup Cost": 144835.24, "Total Cost": 266757.16, "Plan Rows": 969413, "Plan Width": 33, "Actual Min Startup Time": 1803.506, "Actual Max Startup Time": 2012.599, "Actual Min Total Time": 1803.506, "Actual Max Total Time": 2012.599, "Actual Total Rows": 4, "Inner Unique": true, "Hash Cond": "(mc.movie_id = t.id), (LLVM Optimized, Jit Execute)", "Plans": [{"Node Type": "Streaming(type: LOCAL REDISTRIBUTE dop: 16/16)", "Parent Relationship": "Outer", "Startup Cost": 133275.0, "Total Cost": 254427.04, "Plan Rows": 699731, "Plan Width": 24, "Actual Min Startup Time": 1539.112, "Actual Max Startup Time": 1540.672, "Actual Min Total Time": 1540.566, "Actual Max Total Time": 1540.672, "Actual Total Rows": 6, "Plans": [{"Node Type": "Hash Join", "Parent Relationship": "Outer", "Join Type": "Inner", "Startup Cost": 133275.0, "Total Cost": 236775.71, "Plan Rows": 699731, "Plan Width": 24, "Actual Min Startup Time": 1800.076, "Actual Max Startup Time": 1996.771, "Actual Min Total Time": 1800.076, "Actual Max Total Time": 1996.771, "Actual Total Rows": 6, "Inner Unique": true, "Hash Cond": "(mc.company_type_id = ct.id), (LLVM Optimized, Jit Execute)", "Plans": [{"Node Type": "Hash Join", "Parent Relationship": "Outer", "Join Type": "Inner", "Startup Cost": 118272.9, "Total Cost": 221172.28, "Plan Rows": 699731, "Plan Width": 28, "Actual Min Startup Time": 1798.629, "Actual Max Startup Time": 1995.334, "Actual Min Total Time": 1798.629, "Actual Max Total Time": 1995.334, "Actual Total Rows": 14, "Inner Unique": true, "Hash Cond": "(ci.person_role_id = chn.id), (LLVM Optimized, Jit Execute)", "Plans": [{"Node Type": "Streaming(type: LOCAL REDISTRIBUTE dop: 16/16)", "Parent Relationship": "Outer", "Startup Cost": 104290.19, "Total Cost": 206413.94, "Plan Rows": 1443440, "Plan Width": 16, "Actual Min Startup Time": 249.791, "Actual Max Startup Time": 1381.119, "Actual Min Total Time": 1250.62, "Actual Max Total Time": 1381.119, "Actual Total Rows": 1210267, "Plans": [{"Node Type": "Hash Join", "Parent Relationship": "Outer", "Join Type": "Inner", "Startup Cost": 104290.19, "Total Cost": 185944.65, "Plan Rows": 1443440, "Plan Width": 16, "Actual Min Startup Time": 675.237, "Actual Max Startup Time": 871.852, "Actual Min Total Time": 1272.7, "Actual Max Total Time": 1501.609, "Actual Total Rows": 1210267, "Inner Unique": false, "Hash Cond": "(ci.movie_id = mc.movie_id), (LLVM Optimized, Jit Execute)", "Plans": [{"Node Type": "Streaming(type: LOCAL REDISTRIBUTE dop: 16/16)", "Parent Relationship": "Outer", "Startup Cost": 15005.41, "Total Cost": 94859.97, "Plan Rows": 1436424, "Plan Width": 8, "Actual Min Startup Time": 0.06, "Actual Max Startup Time": 3.768, "Actual Min Total Time": 546.912, "Actual Max Total Time": 583.512, "Actual Total Rows": 1435439, "Plans": [{"Node Type": "Hash Join", "Parent Relationship": "Outer", "Join Type": "Inner", "Startup Cost": 15005.41, "Total Cost": 74417.27, "Plan Rows": 1436424, "Plan Width": 8, "Actual Min Startup Time": 44.696, "Actual Max Startup Time": 357.961, "Actual Min Total Time": 754.774, "Actual Max Total Time": 806.064, "Actual Total Rows": 1435439, "Inner Unique": true, "Hash Cond": "(ci.role_id = rt.id), (LLVM Optimized, Jit Execute)", "Plans": [{"Node Type": "Seq Scan", "Parent Relationship": "Outer", "Relation Name": "cast_info", "Alias": "ci", "Startup Cost": 0.0, "Total Cost": 58282.92, "Plan Rows": 1436424, "Plan Width": 12, "Actual Min Startup Time": 44.599, "Actual Max Startup Time": 357.822, "Actual Min Total Time": 710.585, "Actual Max Total Time": 748.368, "Actual Total Rows": 1435439, "Filter": "((note)::text ~~ '%(producer)%'::text), (LLVM Optimized, Jit Execute)", "Rows Removed by Filter": 34808904}, {"Node Type": "Hash", "Parent Relationship": "Inner", "Startup Cost": 15005.26, "Total Cost": 15005.26, "Plan Rows": 192, "Plan Width": 4, "Actual Min Startup Time": 0.018, "Actual Max Startup Time": 46.807, "Actual Min Total Time": 0.018, "Actual Max Total Time": 46.807, "Actual Total Rows": 192, "Max Hash Buckets": 32768, "Min Hash Buckets": 32768, "Max Hash Batches": 1, "Min Hash Batches": 1, "Max Original Hash Batches": 1, "Min Original Hash Batches": 1, "Max Peak Memory Usage": 1, "min Peak Memory Usage": 1, "Plans": [{"Node Type": "Streaming(type: BROADCAST dop: 16/1)", "Parent Relationship": "Outer", "Startup Cost": 0.0, "Total Cost": 15005.26, "Plan Rows": 192, "Plan Width": 4, "Actual Min Startup Time": 0.006, "Actual Max Startup Time": 42.649, "Actual Min Total Time": 0.007, "Actual Max Total Time": 42.651, "Actual Total Rows": 192, "Plans": [{"Node Type": "Seq Scan", "Parent Relationship": "Outer", "Relation Name": "role_type", "Alias": "rt", "Startup Cost": 0.0, "Total Cost": 1.12, "Plan Rows": 12, "Plan Width": 4, "Actual Min Startup Time": 0.013, "Actual Max Startup Time": 0.013, "Actual Min Total Time": 0.017, "Actual Max Total Time": 0.017, "Actual Total Rows": 12}]}]}]}]}, {"Node Type": "Hash", "Parent Relationship": "Inner", "Startup Cost": 88282.97, "Total Cost": 88282.97, "Plan Rows": 1282311, "Plan Width": 8, "Actual Min Startup Time": 674.911, "Actual Max Startup Time": 871.504, "Actual Min Total Time": 674.911, "Actual Max Total Time": 871.504, "Actual Total Rows": 1153797, "Max Hash Buckets": 131072, "Min Hash Buckets": 131072, "Max Hash Batches": 1, "Min Hash Batches": 1, "Max Original Hash Batches": 1, "Min Original Hash Batches": 1, "Max Peak Memory Usage": 2824, "min Peak Memory Usage": 2824, "Plans": [{"Node Type": "Streaming(type: LOCAL REDISTRIBUTE dop: 16/16)", "Parent Relationship": "Outer", "Startup Cost": 24511.53, "Total Cost": 88282.97, "Plan Rows": 1282311, "Plan Width": 8, "Actual Min Startup Time": 165.521, "Actual Max Startup Time": 362.413, "Actual Min Total Time": 648.186, "Actual Max Total Time": 846.134, "Actual Total Rows": 1153797, "Plans": [{"Node Type": "Hash Join", "Parent Relationship": "Outer", "Join Type": "Inner", "Startup Cost": 24511.53, "Total Cost": 68424.21, "Plan Rows": 1282311, "Plan Width": 8, "Actual Min Startup Time": 157.625, "Actual Max Startup Time": 309.504, "Actual Min Total Time": 514.764, "Actual Max Total Time": 746.156, "Actual Total Rows": 1153797, "Inner Unique": true, "Hash Cond": "(mc.company_id = cn.id), (LLVM Optimized, Jit Execute)", "Plans": [{"Node Type": "Streaming(type: LOCAL REDISTRIBUTE dop: 16/16)", "Parent Relationship": "Outer", "Startup Cost": 0.0, "Total Cost": 42499.73, "Plan Rows": 2609128, "Plan Width": 12, "Actual Min Startup Time": 0.065, "Actual Max Startup Time": 1.561, "Actual Min Total Time": 285.138, "Actual Max Total Time": 396.063, "Actual Total Rows": 2609128, "Plans": [{"Node Type": "Seq Scan", "Parent Relationship": "Outer", "Relation Name": "movie_companies", "Alias": "mc", "Startup Cost": 0.0, "Total Cost": 17613.58, "Plan Rows": 2609128, "Plan Width": 12, "Actual Min Startup Time": 0.025, "Actual Max Startup Time": 0.05, "Actual Min Total Time": 41.101, "Actual Max Total Time": 52.364, "Actual Total Rows": 2609128}]}, {"Node Type": "Hash", "Parent Relationship": "Inner", "Startup Cost": 24444.99, "Total Cost": 24444.99, "Plan Rows": 85170, "Plan Width": 4, "Actual Min Startup Time": 156.603, "Actual Max Startup Time": 309.356, "Actual Min Total Time": 156.603, "Actual Max Total Time": 309.356, "Actual Total Rows": 84843, "Max Hash Buckets": 32768, "Min Hash Buckets": 32768, "Max Hash Batches": 1, "Min Hash Batches": 1, "Max Original Hash Batches": 1, "Min Original Hash Batches": 1, "Max Peak Memory Usage": 182, "min Peak Memory Usage": 182, "Plans": [{"Node Type": "Streaming(type: LOCAL REDISTRIBUTE dop: 16/1)", "Parent Relationship": "Outer", "Startup Cost": 0.0, "Total Cost": 24444.99, "Plan Rows": 85170, "Plan Width": 4, "Actual Min Startup Time": 0.036, "Actual Max Startup Time": 144.9, "Actual Min Total Time": 154.794, "Actual Max Total Time": 307.673, "Actual Total Rows": 84843, "Plans": [{"Node Type": "Seq Scan", "Parent Relationship": "Outer", "Relation Name": "company_name", "Alias": "cn", "Startup Cost": 0.0, "Total Cost": 5903.45, "Plan Rows": 85170, "Plan Width": 4, "Actual Min Startup Time": 0.073, "Actual Max Startup Time": 0.073, "Actual Min Total Time": 90.6, "Actual Max Total Time": 90.6, "Actual Total Rows": 84843, "Filter": "((country_code)::text = '[us]'::text)", "Rows Removed by Filter": 150153}]}]}]}]}]}]}]}, {"Node Type": "Hash", "Parent Relationship": "Inner", "Startup Cost": 46117.27, "Total Cost": 46117.27, "Plan Rows": 3140338, "Plan Width": 20, "Actual Min Startup Time": 417.263, "Actual Max Startup Time": 613.937, "Actual Min Total Time": 417.263, "Actual Max Total Time": 613.937, "Actual Total Rows": 3140338, "Max Hash Buckets": 262144, "Min Hash Buckets": 262144, "Max Hash Batches": 1, "Min Hash Batches": 1, "Max Original Hash Batches": 1, "Min Original Hash Batches": 1, "Max Peak Memory Usage": 10347, "min Peak Memory Usage": 10347, "Plans": [{"Node Type": "Streaming(type: LOCAL REDISTRIBUTE dop: 16/16)", "Parent Relationship": "Outer", "Startup Cost": 0.0, "Total Cost": 46117.27, "Plan Rows": 3140338, "Plan Width": 20, "Actual Min Startup Time": 0.051, "Actual Max Startup Time": 41.823, "Actual Min Total Time": 335.206, "Actual Max Total Time": 532.902, "Actual Total Rows": 3140338, "Plans": [{"Node Type": "Seq Scan", "Parent Relationship": "Outer", "Relation Name": "char_name", "Alias": "chn", "Startup Cost": 0.0, "Total Cost": 19218.34, "Plan Rows": 3140338, "Plan Width": 20, "Actual Min Startup Time": 0.019, "Actual Max Startup Time": 0.062, "Actual Min Total Time": 57.374, "Actual Max Total Time": 66.634, "Actual Total Rows": 3140338}]}]}]}, {"Node Type": "Hash", "Parent Relationship": "Inner", "Startup Cost": 15002.07, "Total Cost": 15002.07, "Plan Rows": 48, "Plan Width": 4, "Actual Min Startup Time": 0.008, "Actual Max Startup Time": 0.021, "Actual Min Total Time": 0.008, "Actual Max Total Time": 0.021, "Actual Total Rows": 48, "Max Hash Buckets": 32768, "Min Hash Buckets": 32768, "Max Hash Batches": 1, "Min Hash Batches": 1, "Max Original Hash Batches": 1, "Min Original Hash Batches": 1, "Max Peak Memory Usage": 1, "min Peak Memory Usage": 1, "Plans": [{"Node Type": "Streaming(type: BROADCAST dop: 16/1)", "Parent Relationship": "Outer", "Startup Cost": 0.0, "Total Cost": 15002.07, "Plan Rows": 48, "Plan Width": 4, "Actual Min Startup Time": 0.004, "Actual Max Startup Time": 0.012, "Actual Min Total Time": 0.004, "Actual Max Total Time": 0.013, "Actual Total Rows": 48, "Plans": [{"Node Type": "Seq Scan", "Parent Relationship": "Outer", "Relation Name": "company_type", "Alias": "ct", "Startup Cost": 0.0, "Total Cost": 1.03, "Plan Rows": 3, "Plan Width": 4, "Actual Min Startup Time": 0.019, "Actual Max Startup Time": 0.019, "Actual Min Total Time": 0.021, "Actual Max Total Time": 0.021, "Actual Total Rows": 3}]}]}]}]}, {"Node Type": "Hash", "Parent Relationship": "Inner", "Startup Cost": 40775.83, "Total Cost": 40775.83, "Plan Rows": 1748840, "Plan Width": 21, "Actual Min Startup Time": 262.767, "Actual Max Startup Time": 471.782, "Actual Min Total Time": 262.767, "Actual Max Total Time": 471.782, "Actual Total Rows": 1749032, "Max Hash Buckets": 131072, "Min Hash Buckets": 131072, "Max Hash Batches": 1, "Min Hash Batches": 1, "Max Original Hash Batches": 1, "Min Original Hash Batches": 1, "Max Peak Memory Usage": 5875, "min Peak Memory Usage": 5875, "Plans": [{"Node Type": "Streaming(type: LOCAL REDISTRIBUTE dop: 16/16)", "Parent Relationship": "Outer", "Startup Cost": 0.0, "Total Cost": 40775.83, "Plan Rows": 1748840, "Plan Width": 21, "Actual Min Startup Time": 0.053, "Actual Max Startup Time": 123.387, "Actual Min Total Time": 228.641, "Actual Max Total Time": 434.39, "Actual Total Rows": 1749032, "Plans": [{"Node Type": "Seq Scan", "Parent Relationship": "Outer", "Relation Name": "title", "Alias": "t", "Startup Cost": 0.0, "Total Cost": 19149.37, "Plan Rows": 1748840, "Plan Width": 21, "Actual Min Startup Time": 0.03, "Actual Max Startup Time": 0.055, "Actual Min Total Time": 63.776, "Actual Max Total Time": 72.406, "Actual Total Rows": 1749032, "Filter": "(production_year > 1990), (LLVM Optimized, Jit Execute)", "Rows Removed by Filter": 779279}]}]}]}]}]}]}, "Triggers": [], "Planner Runtime": 79.462, "Total Runtime": 2215.31, "Unique SQL Id": 3145361615}}, "(16, 69)": {"explain_plan": {"Plan": {"Node Type": "Aggregate", "Strategy": "Plain", "Startup Cost": 1361154.97, "Total Cost": 1361155.0, "Plan Rows": 1, "Plan Width": 97, "Plans": [{"Node Type": "Streaming(type: LOCAL GATHER dop: 1/16)", "Parent Relationship": "Outer", "Startup Cost": 1361154.97, "Total Cost": 1361155.0, "Plan Rows": 1, "Plan Width": 97, "Plans": [{"Node Type": "Aggregate", "Strategy": "Plain", "Parent Relationship": "Outer", "Startup Cost": 1361154.97, "Total Cost": 1361154.98, "Plan Rows": 1, "Plan Width": 97, "Plans": [{"Node Type": "Hash Join", "Parent Relationship": "Outer", "Join Type": "Inner", "Startup Cost": 241582.71, "Total Cost": 1356307.91, "Plan Rows": 969413, "Plan Width": 33, "Inner Unique": true, "Hash Cond": "(mc.movie_id = t.id), (LLVM Optimized)", "Plans": [{"Node Type": "Streaming(type: LOCAL REDISTRIBUTE dop: 16/16)", "Parent Relationship": "Outer", "Startup Cost": 209356.65, "Total Cost": 1323311.98, "Plan Rows": 699731, "Plan Width": 24, "Plans": [{"Node Type": "Hash Join", "Parent Relationship": "Outer", "Join Type": "Inner", "Startup Cost": 209356.65, "Total Cost": 1305660.65, "Plan Rows": 699731, "Plan Width": 24, "Inner Unique": true, "Hash Cond": "(ci.role_id = rt.id), (LLVM Optimized)", "Plans": [{"Node Type": "Hash Join", "Parent Relationship": "Outer", "Join Type": "Inner", "Startup Cost": 194339.93, "Total Cost": 1290042.6, "Plan Rows": 699731, "Plan Width": 28, "Inner Unique": true, "Hash Cond": "(mc.company_type_id = ct.id), (LLVM Optimized)", "Plans": [{"Node Type": "Hash Join", "Parent Relationship": "Outer", "Join Type": "Inner", "Startup Cost": 179326.56, "Total Cost": 1274427.9, "Plan Rows": 699731, "Plan Width": 32, "Inner Unique": true, "Hash Cond": "(mc.company_id = cn.id), (LLVM Optimized)", "Plans": [{"Node Type": "Streaming(type: LOCAL REDISTRIBUTE dop: 16/16)", "Parent Relationship": "Outer", "Startup Cost": 172448.64, "Total Cost": 1266778.96, "Plan Rows": 1423748, "Plan Width": 36, "Plans": [{"Node Type": "Hash Join", "Parent Relationship": "Outer", "Join Type": "Inner", "Startup Cost": 172448.64, "Total Cost": 1246384.29, "Plan Rows": 1423748, "Plan Width": 36, "Inner Unique": true, "Hash Cond": "(ci.person_role_id = chn.id), (LLVM Optimized)", "Plans": [{"Node Type": "Streaming(type: LOCAL REDISTRIBUTE dop: 16/16)", "Parent Relationship": "Outer", "Startup Cost": 110646.13, "Total Cost": 1183003.58, "Plan Rows": 2936978, "Plan Width": 24, "Plans": [{"Node Type": "Hash Join", "Parent Relationship": "Outer", "Join Type": "Inner", "Startup Cost": 110646.13, "Total Cost": 1156875.19, "Plan Rows": 2936978, "Plan Width": 24, "Inner Unique": false, "Hash Cond": "(ci.movie_id = mc.movie_id), (LLVM Optimized)", "Plans": [{"Node Type": "Streaming(type: LOCAL REDISTRIBUTE dop: 16/16)", "Parent Relationship": "Outer", "Startup Cost": 0.0, "Total Cost": 1042710.15, "Plan Rows": 1436424, "Plan Width": 12, "Plans": [{"Node Type": "Index Scan", "Parent Relationship": "Outer", "Scan Direction": "Forward", "Index Name": "role_id_cast_info", "Relation Name": "cast_info", "Alias": "ci", "Startup Cost": 0.0, "Total Cost": 1022267.45, "Plan Rows": 1436424, "Plan Width": 12, "Filter": "((note)::text ~~ '%(producer)%'::text), (LLVM Optimized)"}]}, {"Node Type": "Hash", "Parent Relationship": "Inner", "Startup Cost": 108607.74, "Total Cost": 108607.74, "Plan Rows": 2609128, "Plan Width": 12, "Plans": [{"Node Type": "Streaming(type: LOCAL REDISTRIBUTE dop: 16/16)", "Parent Relationship": "Outer", "Startup Cost": 0.0, "Total Cost": 108607.74, "Plan Rows": 2609128, "Plan Width": 12, "Plans": [{"Node Type": "Index Scan", "Parent Relationship": "Outer", "Scan Direction": "Forward", "Index Name": "company_type_id_movie_companies", "Relation Name": "movie_companies", "Alias": "mc", "Startup Cost": 0.0, "Total Cost": 83721.6, "Plan Rows": 2609128, "Plan Width": 12}]}]}]}]}, {"Node Type": "Hash", "Parent Relationship": "Inner", "Startup Cost": 142333.72, "Total Cost": 142333.72, "Plan Rows": 3140338, "Plan Width": 20, "Plans": [{"Node Type": "Streaming(type: LOCAL REDISTRIBUTE dop: 16/16)", "Parent Relationship": "Outer", "Startup Cost": 0.0, "Total Cost": 142333.72, "Plan Rows": 3140338, "Plan Width": 20, "Plans": [{"Node Type": "Index Scan", "Parent Relationship": "Outer", "Scan Direction": "Forward", "Index Name": "char_name_pkey", "Relation Name": "char_name", "Alias": "chn", "Startup Cost": 0.0, "Total Cost": 115434.79, "Plan Rows": 3140338, "Plan Width": 20}]}]}]}]}, {"Node Type": "Hash", "Parent Relationship": "Inner", "Startup Cost": 27245.51, "Total Cost": 27245.51, "Plan Rows": 85170, "Plan Width": 4, "Plans": [{"Node Type": "Streaming(type: LOCAL REDISTRIBUTE dop: 16/1)", "Parent Relationship": "Outer", "Startup Cost": 2800.52, "Total Cost": 27245.51, "Plan Rows": 85170, "Plan Width": 4, "Plans": [{"Node Type": "Bitmap Heap Scan", "Parent Relationship": "Outer", "Relation Name": "company_name", "Alias": "cn", "Startup Cost": 2800.52, "Total Cost": 8703.97, "Plan Rows": 85170, "Plan Width": 4, "Filter": "((country_code)::text = '[us]'::text)", "Plans": [{"Node Type": "Bitmap Index Scan", "Parent Relationship": "Outer", "Index Name": "company_name_pkey", "Startup Cost": 0.0, "Total Cost": 2779.23, "Plan Rows": 234996, "Plan Width": 0}]}]}]}]}, {"Node Type": "Hash", "Parent Relationship": "Inner", "Startup Cost": 15013.33, "Total Cost": 15013.33, "Plan Rows": 48, "Plan Width": 4, "Plans": [{"Node Type": "Streaming(type: BROADCAST dop: 16/1)", "Parent Relationship": "Outer", "Startup Cost": 0.0, "Total Cost": 15013.33, "Plan Rows": 48, "Plan Width": 4, "Plans": [{"Node Type": "Index Scan", "Parent Relationship": "Outer", "Scan Direction": "Forward", "Index Name": "company_type_pkey", "Relation Name": "company_type", "Alias": "ct", "Startup Cost": 0.0, "Total Cost": 12.29, "Plan Rows": 3, "Plan Width": 4}]}]}]}, {"Node Type": "Hash", "Parent Relationship": "Inner", "Startup Cost": 15016.57, "Total Cost": 15016.57, "Plan Rows": 192, "Plan Width": 4, "Plans": [{"Node Type": "Streaming(type: BROADCAST dop: 16/1)", "Parent Relationship": "Outer", "Startup Cost": 0.0, "Total Cost": 15016.57, "Plan Rows": 192, "Plan Width": 4, "Plans": [{"Node Type": "Index Scan", "Parent Relationship": "Outer", "Scan Direction": "Forward", "Index Name": "role_type_pkey", "Relation Name": "role_type", "Alias": "rt", "Startup Cost": 0.0, "Total Cost": 12.43, "Plan Rows": 12, "Plan Width": 4}]}]}]}]}, {"Node Type": "Hash", "Parent Relationship": "Inner", "Startup Cost": 123439.09, "Total Cost": 123439.09, "Plan Rows": 1748840, "Plan Width": 21, "Plans": [{"Node Type": "Streaming(type: LOCAL REDISTRIBUTE dop: 16/16)", "Parent Relationship": "Outer", "Startup Cost": 0.0, "Total Cost": 123439.09, "Plan Rows": 1748840, "Plan Width": 21, "Plans": [{"Node Type": "Index Scan", "Parent Relationship": "Outer", "Scan Direction": "Forward", "Index Name": "title_pkey", "Relation Name": "title", "Alias": "t", "Startup Cost": 0.0, "Total Cost": 101812.62, "Plan Rows": 1748840, "Plan Width": 21, "Filter": "(production_year > 1990), (LLVM Optimized)"}]}]}]}]}]}]}, "Unique SQL Id": 3145361615}, "explain_analyze_plan": {"Plan": {"Node Type": "Aggregate", "Strategy": "Plain", "Startup Cost": 1361154.97, "Total Cost": 1361155.0, "Plan Rows": 1, "Plan Width": 97, "Actual Min Startup Time": 3956.34, "Actual Max Startup Time": 3956.34, "Actual Min Total Time": 3956.34, "Actual Max Total Time": 3956.34, "Actual Total Rows": 1, "Plans": [{"Node Type": "Streaming(type: LOCAL GATHER dop: 1/16)", "Parent Relationship": "Outer", "Startup Cost": 1361154.97, "Total Cost": 1361155.0, "Plan Rows": 1, "Plan Width": 97, "Actual Min Startup Time": 3954.774, "Actual Max Startup Time": 3954.774, "Actual Min Total Time": 3956.304, "Actual Max Total Time": 3956.304, "Actual Total Rows": 16, "Plans": [{"Node Type": "Aggregate", "Strategy": "Plain", "Parent Relationship": "Outer", "Startup Cost": 1361154.97, "Total Cost": 1361154.98, "Plan Rows": 1, "Plan Width": 97, "Actual Min Startup Time": 3620.617, "Actual Max Startup Time": 3758.977, "Actual Min Total Time": 3620.618, "Actual Max Total Time": 3758.977, "Actual Total Rows": 16, "Plans": [{"Node Type": "Hash Join", "Parent Relationship": "Outer", "Join Type": "Inner", "Startup Cost": 241582.71, "Total Cost": 1356307.91, "Plan Rows": 969413, "Plan Width": 33, "Actual Min Startup Time": 3620.613, "Actual Max Startup Time": 3758.971, "Actual Min Total Time": 3620.613, "Actual Max Total Time": 3758.971, "Actual Total Rows": 4, "Inner Unique": true, "Hash Cond": "(mc.movie_id = t.id), (LLVM Optimized, Jit Execute)", "Plans": [{"Node Type": "Streaming(type: LOCAL REDISTRIBUTE dop: 16/16)", "Parent Relationship": "Outer", "Startup Cost": 209356.65, "Total Cost": 1323311.98, "Plan Rows": 699731, "Plan Width": 24, "Actual Min Startup Time": 3008.914, "Actual Max Startup Time": 3010.511, "Actual Min Total Time": 3010.366, "Actual Max Total Time": 3010.511, "Actual Total Rows": 6, "Plans": [{"Node Type": "Hash Join", "Parent Relationship": "Outer", "Join Type": "Inner", "Startup Cost": 209356.65, "Total Cost": 1305660.65, "Plan Rows": 699731, "Plan Width": 24, "Actual Min Startup Time": 3615.464, "Actual Max Startup Time": 3786.274, "Actual Min Total Time": 3615.464, "Actual Max Total Time": 3786.274, "Actual Total Rows": 6, "Inner Unique": true, "Hash Cond": "(ci.role_id = rt.id), (LLVM Optimized, Jit Execute)", "Plans": [{"Node Type": "Hash Join", "Parent Relationship": "Outer", "Join Type": "Inner", "Startup Cost": 194339.93, "Total Cost": 1290042.6, "Plan Rows": 699731, "Plan Width": 28, "Actual Min Startup Time": 3615.373, "Actual Max Startup Time": 3786.167, "Actual Min Total Time": 3615.373, "Actual Max Total Time": 3786.167, "Actual Total Rows": 6, "Inner Unique": true, "Hash Cond": "(mc.company_type_id = ct.id), (LLVM Optimized, Jit Execute)", "Plans": [{"Node Type": "Hash Join", "Parent Relationship": "Outer", "Join Type": "Inner", "Startup Cost": 179326.56, "Total Cost": 1274427.9, "Plan Rows": 699731, "Plan Width": 32, "Actual Min Startup Time": 3615.291, "Actual Max Startup Time": 3786.093, "Actual Min Total Time": 3615.291, "Actual Max Total Time": 3786.093, "Actual Total Rows": 14, "Inner Unique": true, "Hash Cond": "(mc.company_id = cn.id), (LLVM Optimized, Jit Execute)", "Plans": [{"Node Type": "Streaming(type: LOCAL REDISTRIBUTE dop: 16/16)", "Parent Relationship": "Outer", "Startup Cost": 172448.64, "Total Cost": 1266778.96, "Plan Rows": 1423748, "Plan Width": 36, "Actual Min Startup Time": 3433.767, "Actual Max Startup Time": 3435.434, "Actual Min Total Time": 3435.257, "Actual Max Total Time": 3435.434, "Actual Total Rows": 31, "Plans": [{"Node Type": "Hash Join", "Parent Relationship": "Outer", "Join Type": "Inner", "Startup Cost": 172448.64, "Total Cost": 1246384.29, "Plan Rows": 1423748, "Plan Width": 36, "Actual Min Startup Time": 3612.367, "Actual Max Startup Time": 3846.638, "Actual Min Total Time": 3612.367, "Actual Max Total Time": 3846.638, "Actual Total Rows": 31, "Inner Unique": true, "Hash Cond": "(ci.person_role_id = chn.id), (LLVM Optimized, Jit Execute)", "Plans": [{"Node Type": "Streaming(type: LOCAL REDISTRIBUTE dop: 16/16)", "Parent Relationship": "Outer", "Startup Cost": 110646.13, "Total Cost": 1183003.58, "Plan Rows": 2936978, "Plan Width": 24, "Actual Min Startup Time": 0.083, "Actual Max Startup Time": 2838.85, "Actual Min Total Time": 2542.161, "Actual Max Total Time": 2838.85, "Actual Total Rows": 2743255, "Plans": [{"Node Type": "Hash Join", "Parent Relationship": "Outer", "Join Type": "Inner", "Startup Cost": 110646.13, "Total Cost": 1156875.19, "Plan Rows": 2936978, "Plan Width": 24, "Actual Min Startup Time": 404.413, "Actual Max Startup Time": 1008.748, "Actual Min Total Time": 2938.038, "Actual Max Total Time": 3597.3, "Actual Total Rows": 2743255, "Inner Unique": false, "Hash Cond": "(ci.movie_id = mc.movie_id), (LLVM Optimized, Jit Execute)", "Plans": [{"Node Type": "Streaming(type: LOCAL REDISTRIBUTE dop: 16/16)", "Parent Relationship": "Outer", "Startup Cost": 0.0, "Total Cost": 1042710.15, "Plan Rows": 1436424, "Plan Width": 12, "Actual Min Startup Time": 0.101, "Actual Max Startup Time": 375.298, "Actual Min Total Time": 2383.232, "Actual Max Total Time": 2864.581, "Actual Total Rows": 1435439, "Plans": [{"Node Type": "Index Scan", "Parent Relationship": "Outer", "Scan Direction": "Forward", "Index Name": "role_id_cast_info", "Relation Name": "cast_info", "Alias": "ci", "Startup Cost": 0.0, "Total Cost": 1022267.45, "Plan Rows": 1436424, "Plan Width": 12, "Actual Min Startup Time": 347.13, "Actual Max Startup Time": 2112.241, "Actual Min Total Time": 1375.647, "Actual Max Total Time": 2223.474, "Actual Total Rows": 1435439, "Filter": "((note)::text ~~ '%(producer)%'::text), (LLVM Optimized, Jit Execute)", "Rows Removed by Filter": 34808904}]}, {"Node Type": "Hash", "Parent Relationship": "Inner", "Startup Cost": 108607.74, "Total Cost": 108607.74, "Plan Rows": 2609128, "Plan Width": 12, "Actual Min Startup Time": 400.678, "Actual Max Startup Time": 635.114, "Actual Min Total Time": 400.678, "Actual Max Total Time": 635.114, "Actual Total Rows": 2609128, "Max Hash Buckets": 262144, "Min Hash Buckets": 262144, "Max Hash Batches": 1, "Min Hash Batches": 1, "Max Original Hash Batches": 1, "Min Original Hash Batches": 1, "Max Peak Memory Usage": 7036, "min Peak Memory Usage": 7036, "Plans": [{"Node Type": "Streaming(type: LOCAL REDISTRIBUTE dop: 16/16)", "Parent Relationship": "Outer", "Startup Cost": 0.0, "Total Cost": 108607.74, "Plan Rows": 2609128, "Plan Width": 12, "Actual Min Startup Time": 0.067, "Actual Max Startup Time": 139.68, "Actual Min Total Time": 335.546, "Actual Max Total Time": 572.267, "Actual Total Rows": 2609128, "Plans": [{"Node Type": "Index Scan", "Parent Relationship": "Outer", "Scan Direction": "Forward", "Index Name": "company_type_id_movie_companies", "Relation Name": "movie_companies", "Alias": "mc", "Startup Cost": 0.0, "Total Cost": 83721.6, "Plan Rows": 2609128, "Plan Width": 12, "Actual Min Startup Time": 58.739, "Actual Max Startup Time": 132.657, "Actual Min Total Time": 143.359, "Actual Max Total Time": 225.845, "Actual Total Rows": 2609128}]}]}]}]}, {"Node Type": "Hash", "Parent Relationship": "Inner", "Startup Cost": 142333.72, "Total Cost": 142333.72, "Plan Rows": 3140338, "Plan Width": 20, "Actual Min Startup Time": 773.325, "Actual Max Startup Time": 1007.59, "Actual Min Total Time": 773.325, "Actual Max Total Time": 1007.59, "Actual Total Rows": 3140338, "Max Hash Buckets": 262144, "Min Hash Buckets": 262144, "Max Hash Batches": 1, "Min Hash Batches": 1, "Max Original Hash Batches": 1, "Min Original Hash Batches": 1, "Max Peak Memory Usage": 10347, "min Peak Memory Usage": 10347, "Plans": [{"Node Type": "Streaming(type: LOCAL REDISTRIBUTE dop: 16/16)", "Parent Relationship": "Outer", "Startup Cost": 0.0, "Total Cost": 142333.72, "Plan Rows": 3140338, "Plan Width": 20, "Actual Min Startup Time": 0.058, "Actual Max Startup Time": 115.336, "Actual Min Total Time": 667.004, "Actual Max Total Time": 944.819, "Actual Total Rows": 3140338, "Plans": [{"Node Type": "Index Scan", "Parent Relationship": "Outer", "Scan Direction": "Forward", "Index Name": "char_name_pkey", "Relation Name": "char_name", "Alias": "chn", "Startup Cost": 0.0, "Total Cost": 115434.79, "Plan Rows": 3140338, "Plan Width": 20, "Actual Min Startup Time": 31.563, "Actual Max Startup Time": 117.707, "Actual Min Total Time": 344.298, "Actual Max Total Time": 563.982, "Actual Total Rows": 3140338}]}]}]}]}, {"Node Type": "Hash", "Parent Relationship": "Inner", "Startup Cost": 27245.51, "Total Cost": 27245.51, "Plan Rows": 85170, "Plan Width": 4, "Actual Min Startup Time": 179.86, "Actual Max Startup Time": 350.63, "Actual Min Total Time": 179.86, "Actual Max Total Time": 350.63, "Actual Total Rows": 84843, "Max Hash Buckets": 32768, "Min Hash Buckets": 32768, "Max Hash Batches": 1, "Min Hash Batches": 1, "Max Original Hash Batches": 1, "Min Original Hash Batches": 1, "Max Peak Memory Usage": 182, "min Peak Memory Usage": 182, "Plans": [{"Node Type": "Streaming(type: LOCAL REDISTRIBUTE dop: 16/1)", "Parent Relationship": "Outer", "Startup Cost": 2800.52, "Total Cost": 27245.51, "Plan Rows": 85170, "Plan Width": 4, "Actual Min Startup Time": 0.035, "Actual Max Startup Time": 163.68, "Actual Min Total Time": 177.979, "Actual Max Total Time": 348.751, "Actual Total Rows": 84843, "Plans": [{"Node Type": "Bitmap Heap Scan", "Parent Relationship": "Outer", "Relation Name": "company_name", "Alias": "cn", "Startup Cost": 2800.52, "Total Cost": 8703.97, "Plan Rows": 85170, "Plan Width": 4, "Actual Min Startup Time": 23.457, "Actual Max Startup Time": 23.457, "Actual Min Total Time": 139.548, "Actual Max Total Time": 139.548, "Actual Total Rows": 84843, "Filter": "((country_code)::text = '[us]'::text)", "Rows Removed by Filter": 150153, "Exact Heap Blocks": 0, "Lossy Heap Blocks": 0, "Plans": [{"Node Type": "Bitmap Index Scan", "Parent Relationship": "Outer", "Index Name": "company_name_pkey", "Startup Cost": 0.0, "Total Cost": 2779.23, "Plan Rows": 234996, "Plan Width": 0, "Actual Min Startup Time": 22.981, "Actual Max Startup Time": 22.981, "Actual Min Total Time": 22.981, "Actual Max Total Time": 22.981, "Actual Total Rows": 234996}]}]}]}]}, {"Node Type": "Hash", "Parent Relationship": "Inner", "Startup Cost": 15013.33, "Total Cost": 15013.33, "Plan Rows": 48, "Plan Width": 4, "Actual Min Startup Time": 0.009, "Actual Max Startup Time": 0.014, "Actual Min Total Time": 0.009, "Actual Max Total Time": 0.014, "Actual Total Rows": 48, "Max Hash Buckets": 32768, "Min Hash Buckets": 32768, "Max Hash Batches": 1, "Min Hash Batches": 1, "Max Original Hash Batches": 1, "Min Original Hash Batches": 1, "Max Peak Memory Usage": 1, "min Peak Memory Usage": 1, "Plans": [{"Node Type": "Streaming(type: BROADCAST dop: 16/1)", "Parent Relationship": "Outer", "Startup Cost": 0.0, "Total Cost": 15013.33, "Plan Rows": 48, "Plan Width": 4, "Actual Min Startup Time": 0.003, "Actual Max Startup Time": 0.006, "Actual Min Total Time": 0.003, "Actual Max Total Time": 0.006, "Actual Total Rows": 48, "Plans": [{"Node Type": "Index Scan", "Parent Relationship": "Outer", "Scan Direction": "Forward", "Index Name": "company_type_pkey", "Relation Name": "company_type", "Alias": "ct", "Startup Cost": 0.0, "Total Cost": 12.29, "Plan Rows": 3, "Plan Width": 4, "Actual Min Startup Time": 0.028, "Actual Max Startup Time": 0.028, "Actual Min Total Time": 0.032, "Actual Max Total Time": 0.032, "Actual Total Rows": 3}]}]}]}, {"Node Type": "Hash", "Parent Relationship": "Inner", "Startup Cost": 15016.57, "Total Cost": 15016.57, "Plan Rows": 192, "Plan Width": 4, "Actual Min Startup Time": 0.014, "Actual Max Startup Time": 0.032, "Actual Min Total Time": 0.014, "Actual Max Total Time": 0.032, "Actual Total Rows": 192, "Max Hash Buckets": 32768, "Min Hash Buckets": 32768, "Max Hash Batches": 1, "Min Hash Batches": 1, "Max Original Hash Batches": 1, "Min Original Hash Batches": 1, "Max Peak Memory Usage": 1, "min Peak Memory Usage": 1, "Plans": [{"Node Type": "Streaming(type: BROADCAST dop: 16/1)", "Parent Relationship": "Outer", "Startup Cost": 0.0, "Total Cost": 15016.57, "Plan Rows": 192, "Plan Width": 4, "Actual Min Startup Time": 0.006, "Actual Max Startup Time": 0.015, "Actual Min Total Time": 0.006, "Actual Max Total Time": 0.017, "Actual Total Rows": 192, "Plans": [{"Node Type": "Index Scan", "Parent Relationship": "Outer", "Scan Direction": "Forward", "Index Name": "role_type_pkey", "Relation Name": "role_type", "Alias": "rt", "Startup Cost": 0.0, "Total Cost": 12.43, "Plan Rows": 12, "Plan Width": 4, "Actual Min Startup Time": 0.025, "Actual Max Startup Time": 0.025, "Actual Min Total Time": 0.03, "Actual Max Total Time": 0.03, "Actual Total Rows": 12}]}]}]}]}, {"Node Type": "Hash", "Parent Relationship": "Inner", "Startup Cost": 123439.09, "Total Cost": 123439.09, "Plan Rows": 1748840, "Plan Width": 21, "Actual Min Startup Time": 609.998, "Actual Max Startup Time": 748.413, "Actual Min Total Time": 609.998, "Actual Max Total Time": 748.413, "Actual Total Rows": 1749032, "Max Hash Buckets": 131072, "Min Hash Buckets": 131072, "Max Hash Batches": 1, "Min Hash Batches": 1, "Max Original Hash Batches": 1, "Min Original Hash Batches": 1, "Max Peak Memory Usage": 5875, "min Peak Memory Usage": 5875, "Plans": [{"Node Type": "Streaming(type: LOCAL REDISTRIBUTE dop: 16/16)", "Parent Relationship": "Outer", "Startup Cost": 0.0, "Total Cost": 123439.09, "Plan Rows": 1748840, "Plan Width": 21, "Actual Min Startup Time": 0.054, "Actual Max Startup Time": 76.082, "Actual Min Total Time": 570.162, "Actual Max Total Time": 712.339, "Actual Total Rows": 1749032, "Plans": [{"Node Type": "Index Scan", "Parent Relationship": "Outer", "Scan Direction": "Forward", "Index Name": "title_pkey", "Relation Name": "title", "Alias": "t", "Startup Cost": 0.0, "Total Cost": 101812.62, "Plan Rows": 1748840, "Plan Width": 21, "Actual Min Startup Time": 0.073, "Actual Max Startup Time": 72.015, "Actual Min Total Time": 276.276, "Actual Max Total Time": 490.76, "Actual Total Rows": 1749032, "Filter": "(production_year > 1990), (LLVM Optimized, Jit Execute)", "Rows Removed by Filter": 779279}]}]}]}]}]}]}, "Triggers": [], "Planner Runtime": 80.195, "Total Runtime": 3996.217, "Unique SQL Id": 3145361615}}, "(16, 70)": {"explain_plan": {"Plan": {"Node Type": "Aggregate", "Strategy": "Plain", "Startup Cost": 271604.22, "Total Cost": 271604.25, "Plan Rows": 1, "Plan Width": 97, "Plans": [{"Node Type": "Streaming(type: LOCAL GATHER dop: 1/16)", "Parent Relationship": "Outer", "Startup Cost": 271604.22, "Total Cost": 271604.25, "Plan Rows": 1, "Plan Width": 97, "Plans": [{"Node Type": "Aggregate", "Strategy": "Plain", "Parent Relationship": "Outer", "Startup Cost": 271604.22, "Total Cost": 271604.23, "Plan Rows": 1, "Plan Width": 97, "Plans": [{"Node Type": "Hash Join", "Parent Relationship": "Outer", "Join Type": "Inner", "Startup Cost": 144835.24, "Total Cost": 266757.16, "Plan Rows": 969413, "Plan Width": 33, "Inner Unique": true, "Hash Cond": "(mc.movie_id = t.id), (LLVM Optimized)", "Plans": [{"Node Type": "Streaming(type: LOCAL REDISTRIBUTE dop: 16/16)", "Parent Relationship": "Outer", "Startup Cost": 133275.0, "Total Cost": 254427.04, "Plan Rows": 699731, "Plan Width": 24, "Plans": [{"Node Type": "Hash Join", "Parent Relationship": "Outer", "Join Type": "Inner", "Startup Cost": 133275.0, "Total Cost": 236775.71, "Plan Rows": 699731, "Plan Width": 24, "Inner Unique": true, "Hash Cond": "(mc.company_type_id = ct.id), (LLVM Optimized)", "Plans": [{"Node Type": "Hash Join", "Parent Relationship": "Outer", "Join Type": "Inner", "Startup Cost": 118272.9, "Total Cost": 221172.28, "Plan Rows": 699731, "Plan Width": 28, "Inner Unique": true, "Hash Cond": "(ci.person_role_id = chn.id), (LLVM Optimized)", "Plans": [{"Node Type": "Streaming(type: LOCAL REDISTRIBUTE dop: 16/16)", "Parent Relationship": "Outer", "Startup Cost": 104290.19, "Total Cost": 206413.94, "Plan Rows": 1443440, "Plan Width": 16, "Plans": [{"Node Type": "Hash Join", "Parent Relationship": "Outer", "Join Type": "Inner", "Startup Cost": 104290.19, "Total Cost": 185944.65, "Plan Rows": 1443440, "Plan Width": 16, "Inner Unique": false, "Hash Cond": "(ci.movie_id = mc.movie_id), (LLVM Optimized)", "Plans": [{"Node Type": "Streaming(type: LOCAL REDISTRIBUTE dop: 16/16)", "Parent Relationship": "Outer", "Startup Cost": 15005.41, "Total Cost": 94859.97, "Plan Rows": 1436424, "Plan Width": 8, "Plans": [{"Node Type": "Hash Join", "Parent Relationship": "Outer", "Join Type": "Inner", "Startup Cost": 15005.41, "Total Cost": 74417.27, "Plan Rows": 1436424, "Plan Width": 8, "Inner Unique": true, "Hash Cond": "(ci.role_id = rt.id), (LLVM Optimized)", "Plans": [{"Node Type": "Seq Scan", "Parent Relationship": "Outer", "Relation Name": "cast_info", "Alias": "ci", "Startup Cost": 0.0, "Total Cost": 58282.92, "Plan Rows": 1436424, "Plan Width": 12, "Filter": "((note)::text ~~ '%(producer)%'::text), (LLVM Optimized)"}, {"Node Type": "Hash", "Parent Relationship": "Inner", "Startup Cost": 15005.26, "Total Cost": 15005.26, "Plan Rows": 192, "Plan Width": 4, "Plans": [{"Node Type": "Streaming(type: BROADCAST dop: 16/1)", "Parent Relationship": "Outer", "Startup Cost": 0.0, "Total Cost": 15005.26, "Plan Rows": 192, "Plan Width": 4, "Plans": [{"Node Type": "Seq Scan", "Parent Relationship": "Outer", "Relation Name": "role_type", "Alias": "rt", "Startup Cost": 0.0, "Total Cost": 1.12, "Plan Rows": 12, "Plan Width": 4}]}]}]}]}, {"Node Type": "Hash", "Parent Relationship": "Inner", "Startup Cost": 88282.97, "Total Cost": 88282.97, "Plan Rows": 1282311, "Plan Width": 8, "Plans": [{"Node Type": "Streaming(type: LOCAL REDISTRIBUTE dop: 16/16)", "Parent Relationship": "Outer", "Startup Cost": 24511.53, "Total Cost": 88282.97, "Plan Rows": 1282311, "Plan Width": 8, "Plans": [{"Node Type": "Hash Join", "Parent Relationship": "Outer", "Join Type": "Inner", "Startup Cost": 24511.53, "Total Cost": 68424.21, "Plan Rows": 1282311, "Plan Width": 8, "Inner Unique": true, "Hash Cond": "(mc.company_id = cn.id), (LLVM Optimized)", "Plans": [{"Node Type": "Streaming(type: LOCAL REDISTRIBUTE dop: 16/16)", "Parent Relationship": "Outer", "Startup Cost": 0.0, "Total Cost": 42499.73, "Plan Rows": 2609128, "Plan Width": 12, "Plans": [{"Node Type": "Seq Scan", "Parent Relationship": "Outer", "Relation Name": "movie_companies", "Alias": "mc", "Startup Cost": 0.0, "Total Cost": 17613.58, "Plan Rows": 2609128, "Plan Width": 12}]}, {"Node Type": "Hash", "Parent Relationship": "Inner", "Startup Cost": 24444.99, "Total Cost": 24444.99, "Plan Rows": 85170, "Plan Width": 4, "Plans": [{"Node Type": "Streaming(type: LOCAL REDISTRIBUTE dop: 16/1)", "Parent Relationship": "Outer", "Startup Cost": 0.0, "Total Cost": 24444.99, "Plan Rows": 85170, "Plan Width": 4, "Plans": [{"Node Type": "Seq Scan", "Parent Relationship": "Outer", "Relation Name": "company_name", "Alias": "cn", "Startup Cost": 0.0, "Total Cost": 5903.45, "Plan Rows": 85170, "Plan Width": 4, "Filter": "((country_code)::text = '[us]'::text)"}]}]}]}]}]}]}]}, {"Node Type": "Hash", "Parent Relationship": "Inner", "Startup Cost": 46117.27, "Total Cost": 46117.27, "Plan Rows": 3140338, "Plan Width": 20, "Plans": [{"Node Type": "Streaming(type: LOCAL REDISTRIBUTE dop: 16/16)", "Parent Relationship": "Outer", "Startup Cost": 0.0, "Total Cost": 46117.27, "Plan Rows": 3140338, "Plan Width": 20, "Plans": [{"Node Type": "Seq Scan", "Parent Relationship": "Outer", "Relation Name": "char_name", "Alias": "chn", "Startup Cost": 0.0, "Total Cost": 19218.34, "Plan Rows": 3140338, "Plan Width": 20}]}]}]}, {"Node Type": "Hash", "Parent Relationship": "Inner", "Startup Cost": 15002.07, "Total Cost": 15002.07, "Plan Rows": 48, "Plan Width": 4, "Plans": [{"Node Type": "Streaming(type: BROADCAST dop: 16/1)", "Parent Relationship": "Outer", "Startup Cost": 0.0, "Total Cost": 15002.07, "Plan Rows": 48, "Plan Width": 4, "Plans": [{"Node Type": "Seq Scan", "Parent Relationship": "Outer", "Relation Name": "company_type", "Alias": "ct", "Startup Cost": 0.0, "Total Cost": 1.03, "Plan Rows": 3, "Plan Width": 4}]}]}]}]}, {"Node Type": "Hash", "Parent Relationship": "Inner", "Startup Cost": 40775.83, "Total Cost": 40775.83, "Plan Rows": 1748840, "Plan Width": 21, "Plans": [{"Node Type": "Streaming(type: LOCAL REDISTRIBUTE dop: 16/16)", "Parent Relationship": "Outer", "Startup Cost": 0.0, "Total Cost": 40775.83, "Plan Rows": 1748840, "Plan Width": 21, "Plans": [{"Node Type": "Seq Scan", "Parent Relationship": "Outer", "Relation Name": "title", "Alias": "t", "Startup Cost": 0.0, "Total Cost": 19149.37, "Plan Rows": 1748840, "Plan Width": 21, "Filter": "(production_year > 1990), (LLVM Optimized)"}]}]}]}]}]}]}, "Unique SQL Id": 3145361615}, "explain_analyze_plan": {"Plan": {"Node Type": "Aggregate", "Strategy": "Plain", "Startup Cost": 271604.22, "Total Cost": 271604.25, "Plan Rows": 1, "Plan Width": 97, "Actual Min Startup Time": 2174.468, "Actual Max Startup Time": 2174.468, "Actual Min Total Time": 2174.468, "Actual Max Total Time": 2174.468, "Actual Total Rows": 1, "Plans": [{"Node Type": "Streaming(type: LOCAL GATHER dop: 1/16)", "Parent Relationship": "Outer", "Startup Cost": 271604.22, "Total Cost": 271604.25, "Plan Rows": 1, "Plan Width": 97, "Actual Min Startup Time": 2173.197, "Actual Max Startup Time": 2173.197, "Actual Min Total Time": 2174.438, "Actual Max Total Time": 2174.438, "Actual Total Rows": 16, "Plans": [{"Node Type": "Aggregate", "Strategy": "Plain", "Parent Relationship": "Outer", "Startup Cost": 271604.22, "Total Cost": 271604.23, "Plan Rows": 1, "Plan Width": 97, "Actual Min Startup Time": 1803.512, "Actual Max Startup Time": 2012.607, "Actual Min Total Time": 1803.512, "Actual Max Total Time": 2012.607, "Actual Total Rows": 16, "Plans": [{"Node Type": "Hash Join", "Parent Relationship": "Outer", "Join Type": "Inner", "Startup Cost": 144835.24, "Total Cost": 266757.16, "Plan Rows": 969413, "Plan Width": 33, "Actual Min Startup Time": 1803.506, "Actual Max Startup Time": 2012.599, "Actual Min Total Time": 1803.506, "Actual Max Total Time": 2012.599, "Actual Total Rows": 4, "Inner Unique": true, "Hash Cond": "(mc.movie_id = t.id), (LLVM Optimized, Jit Execute)", "Plans": [{"Node Type": "Streaming(type: LOCAL REDISTRIBUTE dop: 16/16)", "Parent Relationship": "Outer", "Startup Cost": 133275.0, "Total Cost": 254427.04, "Plan Rows": 699731, "Plan Width": 24, "Actual Min Startup Time": 1539.112, "Actual Max Startup Time": 1540.672, "Actual Min Total Time": 1540.566, "Actual Max Total Time": 1540.672, "Actual Total Rows": 6, "Plans": [{"Node Type": "Hash Join", "Parent Relationship": "Outer", "Join Type": "Inner", "Startup Cost": 133275.0, "Total Cost": 236775.71, "Plan Rows": 699731, "Plan Width": 24, "Actual Min Startup Time": 1800.076, "Actual Max Startup Time": 1996.771, "Actual Min Total Time": 1800.076, "Actual Max Total Time": 1996.771, "Actual Total Rows": 6, "Inner Unique": true, "Hash Cond": "(mc.company_type_id = ct.id), (LLVM Optimized, Jit Execute)", "Plans": [{"Node Type": "Hash Join", "Parent Relationship": "Outer", "Join Type": "Inner", "Startup Cost": 118272.9, "Total Cost": 221172.28, "Plan Rows": 699731, "Plan Width": 28, "Actual Min Startup Time": 1798.629, "Actual Max Startup Time": 1995.334, "Actual Min Total Time": 1798.629, "Actual Max Total Time": 1995.334, "Actual Total Rows": 14, "Inner Unique": true, "Hash Cond": "(ci.person_role_id = chn.id), (LLVM Optimized, Jit Execute)", "Plans": [{"Node Type": "Streaming(type: LOCAL REDISTRIBUTE dop: 16/16)", "Parent Relationship": "Outer", "Startup Cost": 104290.19, "Total Cost": 206413.94, "Plan Rows": 1443440, "Plan Width": 16, "Actual Min Startup Time": 249.791, "Actual Max Startup Time": 1381.119, "Actual Min Total Time": 1250.62, "Actual Max Total Time": 1381.119, "Actual Total Rows": 1210267, "Plans": [{"Node Type": "Hash Join", "Parent Relationship": "Outer", "Join Type": "Inner", "Startup Cost": 104290.19, "Total Cost": 185944.65, "Plan Rows": 1443440, "Plan Width": 16, "Actual Min Startup Time": 675.237, "Actual Max Startup Time": 871.852, "Actual Min Total Time": 1272.7, "Actual Max Total Time": 1501.609, "Actual Total Rows": 1210267, "Inner Unique": false, "Hash Cond": "(ci.movie_id = mc.movie_id), (LLVM Optimized, Jit Execute)", "Plans": [{"Node Type": "Streaming(type: LOCAL REDISTRIBUTE dop: 16/16)", "Parent Relationship": "Outer", "Startup Cost": 15005.41, "Total Cost": 94859.97, "Plan Rows": 1436424, "Plan Width": 8, "Actual Min Startup Time": 0.06, "Actual Max Startup Time": 3.768, "Actual Min Total Time": 546.912, "Actual Max Total Time": 583.512, "Actual Total Rows": 1435439, "Plans": [{"Node Type": "Hash Join", "Parent Relationship": "Outer", "Join Type": "Inner", "Startup Cost": 15005.41, "Total Cost": 74417.27, "Plan Rows": 1436424, "Plan Width": 8, "Actual Min Startup Time": 44.696, "Actual Max Startup Time": 357.961, "Actual Min Total Time": 754.774, "Actual Max Total Time": 806.064, "Actual Total Rows": 1435439, "Inner Unique": true, "Hash Cond": "(ci.role_id = rt.id), (LLVM Optimized, Jit Execute)", "Plans": [{"Node Type": "Seq Scan", "Parent Relationship": "Outer", "Relation Name": "cast_info", "Alias": "ci", "Startup Cost": 0.0, "Total Cost": 58282.92, "Plan Rows": 1436424, "Plan Width": 12, "Actual Min Startup Time": 44.599, "Actual Max Startup Time": 357.822, "Actual Min Total Time": 710.585, "Actual Max Total Time": 748.368, "Actual Total Rows": 1435439, "Filter": "((note)::text ~~ '%(producer)%'::text), (LLVM Optimized, Jit Execute)", "Rows Removed by Filter": 34808904}, {"Node Type": "Hash", "Parent Relationship": "Inner", "Startup Cost": 15005.26, "Total Cost": 15005.26, "Plan Rows": 192, "Plan Width": 4, "Actual Min Startup Time": 0.018, "Actual Max Startup Time": 46.807, "Actual Min Total Time": 0.018, "Actual Max Total Time": 46.807, "Actual Total Rows": 192, "Max Hash Buckets": 32768, "Min Hash Buckets": 32768, "Max Hash Batches": 1, "Min Hash Batches": 1, "Max Original Hash Batches": 1, "Min Original Hash Batches": 1, "Max Peak Memory Usage": 1, "min Peak Memory Usage": 1, "Plans": [{"Node Type": "Streaming(type: BROADCAST dop: 16/1)", "Parent Relationship": "Outer", "Startup Cost": 0.0, "Total Cost": 15005.26, "Plan Rows": 192, "Plan Width": 4, "Actual Min Startup Time": 0.006, "Actual Max Startup Time": 42.649, "Actual Min Total Time": 0.007, "Actual Max Total Time": 42.651, "Actual Total Rows": 192, "Plans": [{"Node Type": "Seq Scan", "Parent Relationship": "Outer", "Relation Name": "role_type", "Alias": "rt", "Startup Cost": 0.0, "Total Cost": 1.12, "Plan Rows": 12, "Plan Width": 4, "Actual Min Startup Time": 0.013, "Actual Max Startup Time": 0.013, "Actual Min Total Time": 0.017, "Actual Max Total Time": 0.017, "Actual Total Rows": 12}]}]}]}]}, {"Node Type": "Hash", "Parent Relationship": "Inner", "Startup Cost": 88282.97, "Total Cost": 88282.97, "Plan Rows": 1282311, "Plan Width": 8, "Actual Min Startup Time": 674.911, "Actual Max Startup Time": 871.504, "Actual Min Total Time": 674.911, "Actual Max Total Time": 871.504, "Actual Total Rows": 1153797, "Max Hash Buckets": 131072, "Min Hash Buckets": 131072, "Max Hash Batches": 1, "Min Hash Batches": 1, "Max Original Hash Batches": 1, "Min Original Hash Batches": 1, "Max Peak Memory Usage": 2824, "min Peak Memory Usage": 2824, "Plans": [{"Node Type": "Streaming(type: LOCAL REDISTRIBUTE dop: 16/16)", "Parent Relationship": "Outer", "Startup Cost": 24511.53, "Total Cost": 88282.97, "Plan Rows": 1282311, "Plan Width": 8, "Actual Min Startup Time": 165.521, "Actual Max Startup Time": 362.413, "Actual Min Total Time": 648.186, "Actual Max Total Time": 846.134, "Actual Total Rows": 1153797, "Plans": [{"Node Type": "Hash Join", "Parent Relationship": "Outer", "Join Type": "Inner", "Startup Cost": 24511.53, "Total Cost": 68424.21, "Plan Rows": 1282311, "Plan Width": 8, "Actual Min Startup Time": 157.625, "Actual Max Startup Time": 309.504, "Actual Min Total Time": 514.764, "Actual Max Total Time": 746.156, "Actual Total Rows": 1153797, "Inner Unique": true, "Hash Cond": "(mc.company_id = cn.id), (LLVM Optimized, Jit Execute)", "Plans": [{"Node Type": "Streaming(type: LOCAL REDISTRIBUTE dop: 16/16)", "Parent Relationship": "Outer", "Startup Cost": 0.0, "Total Cost": 42499.73, "Plan Rows": 2609128, "Plan Width": 12, "Actual Min Startup Time": 0.065, "Actual Max Startup Time": 1.561, "Actual Min Total Time": 285.138, "Actual Max Total Time": 396.063, "Actual Total Rows": 2609128, "Plans": [{"Node Type": "Seq Scan", "Parent Relationship": "Outer", "Relation Name": "movie_companies", "Alias": "mc", "Startup Cost": 0.0, "Total Cost": 17613.58, "Plan Rows": 2609128, "Plan Width": 12, "Actual Min Startup Time": 0.025, "Actual Max Startup Time": 0.05, "Actual Min Total Time": 41.101, "Actual Max Total Time": 52.364, "Actual Total Rows": 2609128}]}, {"Node Type": "Hash", "Parent Relationship": "Inner", "Startup Cost": 24444.99, "Total Cost": 24444.99, "Plan Rows": 85170, "Plan Width": 4, "Actual Min Startup Time": 156.603, "Actual Max Startup Time": 309.356, "Actual Min Total Time": 156.603, "Actual Max Total Time": 309.356, "Actual Total Rows": 84843, "Max Hash Buckets": 32768, "Min Hash Buckets": 32768, "Max Hash Batches": 1, "Min Hash Batches": 1, "Max Original Hash Batches": 1, "Min Original Hash Batches": 1, "Max Peak Memory Usage": 182, "min Peak Memory Usage": 182, "Plans": [{"Node Type": "Streaming(type: LOCAL REDISTRIBUTE dop: 16/1)", "Parent Relationship": "Outer", "Startup Cost": 0.0, "Total Cost": 24444.99, "Plan Rows": 85170, "Plan Width": 4, "Actual Min Startup Time": 0.036, "Actual Max Startup Time": 144.9, "Actual Min Total Time": 154.794, "Actual Max Total Time": 307.673, "Actual Total Rows": 84843, "Plans": [{"Node Type": "Seq Scan", "Parent Relationship": "Outer", "Relation Name": "company_name", "Alias": "cn", "Startup Cost": 0.0, "Total Cost": 5903.45, "Plan Rows": 85170, "Plan Width": 4, "Actual Min Startup Time": 0.073, "Actual Max Startup Time": 0.073, "Actual Min Total Time": 90.6, "Actual Max Total Time": 90.6, "Actual Total Rows": 84843, "Filter": "((country_code)::text = '[us]'::text)", "Rows Removed by Filter": 150153}]}]}]}]}]}]}]}, {"Node Type": "Hash", "Parent Relationship": "Inner", "Startup Cost": 46117.27, "Total Cost": 46117.27, "Plan Rows": 3140338, "Plan Width": 20, "Actual Min Startup Time": 417.263, "Actual Max Startup Time": 613.937, "Actual Min Total Time": 417.263, "Actual Max Total Time": 613.937, "Actual Total Rows": 3140338, "Max Hash Buckets": 262144, "Min Hash Buckets": 262144, "Max Hash Batches": 1, "Min Hash Batches": 1, "Max Original Hash Batches": 1, "Min Original Hash Batches": 1, "Max Peak Memory Usage": 10347, "min Peak Memory Usage": 10347, "Plans": [{"Node Type": "Streaming(type: LOCAL REDISTRIBUTE dop: 16/16)", "Parent Relationship": "Outer", "Startup Cost": 0.0, "Total Cost": 46117.27, "Plan Rows": 3140338, "Plan Width": 20, "Actual Min Startup Time": 0.051, "Actual Max Startup Time": 41.823, "Actual Min Total Time": 335.206, "Actual Max Total Time": 532.902, "Actual Total Rows": 3140338, "Plans": [{"Node Type": "Seq Scan", "Parent Relationship": "Outer", "Relation Name": "char_name", "Alias": "chn", "Startup Cost": 0.0, "Total Cost": 19218.34, "Plan Rows": 3140338, "Plan Width": 20, "Actual Min Startup Time": 0.019, "Actual Max Startup Time": 0.062, "Actual Min Total Time": 57.374, "Actual Max Total Time": 66.634, "Actual Total Rows": 3140338}]}]}]}, {"Node Type": "Hash", "Parent Relationship": "Inner", "Startup Cost": 15002.07, "Total Cost": 15002.07, "Plan Rows": 48, "Plan Width": 4, "Actual Min Startup Time": 0.008, "Actual Max Startup Time": 0.021, "Actual Min Total Time": 0.008, "Actual Max Total Time": 0.021, "Actual Total Rows": 48, "Max Hash Buckets": 32768, "Min Hash Buckets": 32768, "Max Hash Batches": 1, "Min Hash Batches": 1, "Max Original Hash Batches": 1, "Min Original Hash Batches": 1, "Max Peak Memory Usage": 1, "min Peak Memory Usage": 1, "Plans": [{"Node Type": "Streaming(type: BROADCAST dop: 16/1)", "Parent Relationship": "Outer", "Startup Cost": 0.0, "Total Cost": 15002.07, "Plan Rows": 48, "Plan Width": 4, "Actual Min Startup Time": 0.004, "Actual Max Startup Time": 0.012, "Actual Min Total Time": 0.004, "Actual Max Total Time": 0.013, "Actual Total Rows": 48, "Plans": [{"Node Type": "Seq Scan", "Parent Relationship": "Outer", "Relation Name": "company_type", "Alias": "ct", "Startup Cost": 0.0, "Total Cost": 1.03, "Plan Rows": 3, "Plan Width": 4, "Actual Min Startup Time": 0.019, "Actual Max Startup Time": 0.019, "Actual Min Total Time": 0.021, "Actual Max Total Time": 0.021, "Actual Total Rows": 3}]}]}]}]}, {"Node Type": "Hash", "Parent Relationship": "Inner", "Startup Cost": 40775.83, "Total Cost": 40775.83, "Plan Rows": 1748840, "Plan Width": 21, "Actual Min Startup Time": 262.767, "Actual Max Startup Time": 471.782, "Actual Min Total Time": 262.767, "Actual Max Total Time": 471.782, "Actual Total Rows": 1749032, "Max Hash Buckets": 131072, "Min Hash Buckets": 131072, "Max Hash Batches": 1, "Min Hash Batches": 1, "Max Original Hash Batches": 1, "Min Original Hash Batches": 1, "Max Peak Memory Usage": 5875, "min Peak Memory Usage": 5875, "Plans": [{"Node Type": "Streaming(type: LOCAL REDISTRIBUTE dop: 16/16)", "Parent Relationship": "Outer", "Startup Cost": 0.0, "Total Cost": 40775.83, "Plan Rows": 1748840, "Plan Width": 21, "Actual Min Startup Time": 0.053, "Actual Max Startup Time": 123.387, "Actual Min Total Time": 228.641, "Actual Max Total Time": 434.39, "Actual Total Rows": 1749032, "Plans": [{"Node Type": "Seq Scan", "Parent Relationship": "Outer", "Relation Name": "title", "Alias": "t", "Startup Cost": 0.0, "Total Cost": 19149.37, "Plan Rows": 1748840, "Plan Width": 21, "Actual Min Startup Time": 0.03, "Actual Max Startup Time": 0.055, "Actual Min Total Time": 63.776, "Actual Max Total Time": 72.406, "Actual Total Rows": 1749032, "Filter": "(production_year > 1990), (LLVM Optimized, Jit Execute)", "Rows Removed by Filter": 779279}]}]}]}]}]}]}, "Triggers": [], "Planner Runtime": 79.462, "Total Runtime": 2215.31, "Unique SQL Id": 3145361615}}, "(16, 71)": {"explain_plan": {"Plan": {"Node Type": "Aggregate", "Strategy": "Plain", "Startup Cost": 1963906.79, "Total Cost": 1963906.8, "Plan Rows": 1, "Plan Width": 97, "Plans": [{"Node Type": "Hash Join", "Parent Relationship": "Outer", "Join Type": "Inner", "Startup Cost": 1218973.64, "Total Cost": 1959059.72, "Plan Rows": 969413, "Plan Width": 33, "Inner Unique": true, "Hash Cond": "(mc.company_type_id = ct.id), (LLVM Optimized)", "Plans": [{"Node Type": "Hash Join", "Parent Relationship": "Outer", "Join Type": "Inner", "Startup Cost": 1218961.31, "Total Cost": 1945717.96, "Plan Rows": 969413, "Plan Width": 37, "Inner Unique": false, "Hash Cond": "(ci.movie_id = t.id), (LLVM Optimized)", "Plans": [{"Node Type": "Hash Join", "Parent Relationship": "Outer", "Join Type": "Inner", "Startup Cost": 909656.04, "Total Cost": 1624107.14, "Plan Rows": 696330, "Plan Width": 20, "Inner Unique": true, "Hash Cond": "(ci.role_id = rt.id), (LLVM Optimized)", "Plans": [{"Node Type": "Hash Join", "Parent Relationship": "Outer", "Join Type": "Inner", "Startup Cost": 909643.46, "Total Cost": 1614520.02, "Plan Rows": 696330, "Plan Width": 24, "Inner Unique": true, "Hash Cond": "(ci.person_role_id = chn.id), (LLVM Optimized)", "Plans": [{"Node Type": "Bitmap Heap Scan", "Parent Relationship": "Outer", "Relation Name": "cast_info", "Alias": "ci", "Startup Cost": 739944.83, "Total Cost": 1432471.5, "Plan Rows": 1436424, "Plan Width": 12, "Filter": "((note)::text ~~ '%(producer)%'::text), (LLVM Optimized)", "Plans": [{"Node Type": "Bitmap Index Scan", "Parent Relationship": "Outer", "Index Name": "person_role_id_cast_info", "Startup Cost": 0.0, "Total Cost": 739585.72, "Plan Rows": 36259494, "Plan Width": 0}]}, {"Node Type": "Hash", "Parent Relationship": "Inner", "Startup Cost": 130444.4, "Total Cost": 130444.4, "Plan Rows": 3140338, "Plan Width": 20, "Plans": [{"Node Type": "Bitmap Heap Scan", "Parent Relationship": "Outer", "Relation Name": "char_name", "Alias": "chn", "Startup Cost": 62951.02, "Total Cost": 130444.4, "Plan Rows": 3140338, "Plan Width": 20, "Plans": [{"Node Type": "Bitmap Index Scan", "Parent Relationship": "Outer", "Index Name": "char_name_pkey", "Startup Cost": 0.0, "Total Cost": 62165.94, "Plan Rows": 3140338, "Plan Width": 0}]}]}]}, {"Node Type": "Hash", "Parent Relationship": "Inner", "Startup Cost": 12.43, "Total Cost": 12.43, "Plan Rows": 12, "Plan Width": 4, "Plans": [{"Node Type": "Bitmap Heap Scan", "Parent Relationship": "Outer", "Relation Name": "role_type", "Alias": "rt", "Startup Cost": 8.31, "Total Cost": 12.43, "Plan Rows": 12, "Plan Width": 4, "Plans": [{"Node Type": "Bitmap Index Scan", "Parent Relationship": "Outer", "Index Name": "role_type_pkey", "Startup Cost": 0.0, "Total Cost": 8.31, "Plan Rows": 12, "Plan Width": 0}]}]}]}, {"Node Type": "Hash", "Parent Relationship": "Inner", "Startup Cost": 287098.71, "Total Cost": 287098.71, "Plan Rows": 1776525, "Plan Width": 29, "Plans": [{"Node Type": "Hash Join", "Parent Relationship": "Outer", "Join Type": "Inner", "Startup Cost": 200100.17, "Total Cost": 287098.71, "Plan Rows": 1776525, "Plan Width": 29, "Inner Unique": true, "Hash Cond": "(mc.movie_id = t.id), (LLVM Optimized)", "Plans": [{"Node Type": "Hash Join", "Parent Relationship": "Outer", "Join Type": "Inner", "Startup Cost": 61758.77, "Total Cost": 126183.39, "Plan Rows": 1282311, "Plan Width": 8, "Inner Unique": true, "Hash Cond": "(mc.company_id = cn.id), (LLVM Optimized)", "Plans": [{"Node Type": "Bitmap Heap Scan", "Parent Relationship": "Outer", "Relation Name": "movie_companies", "Alias": "mc", "Startup Cost": 51990.17, "Total Cost": 93807.45, "Plan Rows": 2609128, "Plan Width": 12, "Plans": [{"Node Type": "Bitmap Index Scan", "Parent Relationship": "Outer", "Index Name": "movie_id_movie_companies", "Startup Cost": 0.0, "Total Cost": 51337.89, "Plan Rows": 2609128, "Plan Width": 0}]}, {"Node Type": "Hash", "Parent Relationship": "Inner", "Startup Cost": 8703.97, "Total Cost": 8703.97, "Plan Rows": 85170, "Plan Width": 4, "Plans": [{"Node Type": "Bitmap Heap Scan", "Parent Relationship": "Outer", "Relation Name": "company_name", "Alias": "cn", "Startup Cost": 2800.52, "Total Cost": 8703.97, "Plan Rows": 85170, "Plan Width": 4, "Filter": "((country_code)::text = '[us]'::text)", "Plans": [{"Node Type": "Bitmap Index Scan", "Parent Relationship": "Outer", "Index Name": "company_name_pkey", "Startup Cost": 0.0, "Total Cost": 2779.23, "Plan Rows": 234996, "Plan Width": 0}]}]}]}, {"Node Type": "Hash", "Parent Relationship": "Inner", "Startup Cost": 116480.9, "Total Cost": 116480.9, "Plan Rows": 1748840, "Plan Width": 21, "Plans": [{"Node Type": "Bitmap Heap Scan", "Parent Relationship": "Outer", "Relation Name": "title", "Alias": "t", "Startup Cost": 50091.01, "Total Cost": 116480.9, "Plan Rows": 1748840, "Plan Width": 21, "Filter": "(production_year > 1990), (LLVM Optimized)", "Plans": [{"Node Type": "Bitmap Index Scan", "Parent Relationship": "Outer", "Index Name": "title_pkey", "Startup Cost": 0.0, "Total Cost": 49653.81, "Plan Rows": 2528311, "Plan Width": 0}]}]}]}]}]}, {"Node Type": "Hash", "Parent Relationship": "Inner", "Startup Cost": 12.3, "Total Cost": 12.3, "Plan Rows": 3, "Plan Width": 4, "Plans": [{"Node Type": "Bitmap Heap Scan", "Parent Relationship": "Outer", "Relation Name": "company_type", "Alias": "ct", "Startup Cost": 8.27, "Total Cost": 12.3, "Plan Rows": 3, "Plan Width": 4, "Plans": [{"Node Type": "Bitmap Index Scan", "Parent Relationship": "Outer", "Index Name": "company_type_pkey", "Startup Cost": 0.0, "Total Cost": 8.27, "Plan Rows": 3, "Plan Width": 0}]}]}]}]}, "Unique SQL Id": 3145361615}, "explain_analyze_plan": null}, "(16, 72)": {"explain_plan": {"Plan": {"Node Type": "Aggregate", "Strategy": "Plain", "Startup Cost": 271604.22, "Total Cost": 271604.25, "Plan Rows": 1, "Plan Width": 97, "Plans": [{"Node Type": "Streaming(type: LOCAL GATHER dop: 1/16)", "Parent Relationship": "Outer", "Startup Cost": 271604.22, "Total Cost": 271604.25, "Plan Rows": 1, "Plan Width": 97, "Plans": [{"Node Type": "Aggregate", "Strategy": "Plain", "Parent Relationship": "Outer", "Startup Cost": 271604.22, "Total Cost": 271604.23, "Plan Rows": 1, "Plan Width": 97, "Plans": [{"Node Type": "Hash Join", "Parent Relationship": "Outer", "Join Type": "Inner", "Startup Cost": 144835.24, "Total Cost": 266757.16, "Plan Rows": 969413, "Plan Width": 33, "Inner Unique": true, "Hash Cond": "(mc.movie_id = t.id), (LLVM Optimized)", "Plans": [{"Node Type": "Streaming(type: LOCAL REDISTRIBUTE dop: 16/16)", "Parent Relationship": "Outer", "Startup Cost": 133275.0, "Total Cost": 254427.04, "Plan Rows": 699731, "Plan Width": 24, "Plans": [{"Node Type": "Hash Join", "Parent Relationship": "Outer", "Join Type": "Inner", "Startup Cost": 133275.0, "Total Cost": 236775.71, "Plan Rows": 699731, "Plan Width": 24, "Inner Unique": true, "Hash Cond": "(mc.company_type_id = ct.id), (LLVM Optimized)", "Plans": [{"Node Type": "Hash Join", "Parent Relationship": "Outer", "Join Type": "Inner", "Startup Cost": 118272.9, "Total Cost": 221172.28, "Plan Rows": 699731, "Plan Width": 28, "Inner Unique": true, "Hash Cond": "(ci.person_role_id = chn.id), (LLVM Optimized)", "Plans": [{"Node Type": "Streaming(type: LOCAL REDISTRIBUTE dop: 16/16)", "Parent Relationship": "Outer", "Startup Cost": 104290.19, "Total Cost": 206413.94, "Plan Rows": 1443440, "Plan Width": 16, "Plans": [{"Node Type": "Hash Join", "Parent Relationship": "Outer", "Join Type": "Inner", "Startup Cost": 104290.19, "Total Cost": 185944.65, "Plan Rows": 1443440, "Plan Width": 16, "Inner Unique": false, "Hash Cond": "(ci.movie_id = mc.movie_id), (LLVM Optimized)", "Plans": [{"Node Type": "Streaming(type: LOCAL REDISTRIBUTE dop: 16/16)", "Parent Relationship": "Outer", "Startup Cost": 15005.41, "Total Cost": 94859.97, "Plan Rows": 1436424, "Plan Width": 8, "Plans": [{"Node Type": "Hash Join", "Parent Relationship": "Outer", "Join Type": "Inner", "Startup Cost": 15005.41, "Total Cost": 74417.27, "Plan Rows": 1436424, "Plan Width": 8, "Inner Unique": true, "Hash Cond": "(ci.role_id = rt.id), (LLVM Optimized)", "Plans": [{"Node Type": "Seq Scan", "Parent Relationship": "Outer", "Relation Name": "cast_info", "Alias": "ci", "Startup Cost": 0.0, "Total Cost": 58282.92, "Plan Rows": 1436424, "Plan Width": 12, "Filter": "((note)::text ~~ '%(producer)%'::text), (LLVM Optimized)"}, {"Node Type": "Hash", "Parent Relationship": "Inner", "Startup Cost": 15005.26, "Total Cost": 15005.26, "Plan Rows": 192, "Plan Width": 4, "Plans": [{"Node Type": "Streaming(type: BROADCAST dop: 16/1)", "Parent Relationship": "Outer", "Startup Cost": 0.0, "Total Cost": 15005.26, "Plan Rows": 192, "Plan Width": 4, "Plans": [{"Node Type": "Seq Scan", "Parent Relationship": "Outer", "Relation Name": "role_type", "Alias": "rt", "Startup Cost": 0.0, "Total Cost": 1.12, "Plan Rows": 12, "Plan Width": 4}]}]}]}]}, {"Node Type": "Hash", "Parent Relationship": "Inner", "Startup Cost": 88282.97, "Total Cost": 88282.97, "Plan Rows": 1282311, "Plan Width": 8, "Plans": [{"Node Type": "Streaming(type: LOCAL REDISTRIBUTE dop: 16/16)", "Parent Relationship": "Outer", "Startup Cost": 24511.53, "Total Cost": 88282.97, "Plan Rows": 1282311, "Plan Width": 8, "Plans": [{"Node Type": "Hash Join", "Parent Relationship": "Outer", "Join Type": "Inner", "Startup Cost": 24511.53, "Total Cost": 68424.21, "Plan Rows": 1282311, "Plan Width": 8, "Inner Unique": true, "Hash Cond": "(mc.company_id = cn.id), (LLVM Optimized)", "Plans": [{"Node Type": "Streaming(type: LOCAL REDISTRIBUTE dop: 16/16)", "Parent Relationship": "Outer", "Startup Cost": 0.0, "Total Cost": 42499.73, "Plan Rows": 2609128, "Plan Width": 12, "Plans": [{"Node Type": "Seq Scan", "Parent Relationship": "Outer", "Relation Name": "movie_companies", "Alias": "mc", "Startup Cost": 0.0, "Total Cost": 17613.58, "Plan Rows": 2609128, "Plan Width": 12}]}, {"Node Type": "Hash", "Parent Relationship": "Inner", "Startup Cost": 24444.99, "Total Cost": 24444.99, "Plan Rows": 85170, "Plan Width": 4, "Plans": [{"Node Type": "Streaming(type: LOCAL REDISTRIBUTE dop: 16/1)", "Parent Relationship": "Outer", "Startup Cost": 0.0, "Total Cost": 24444.99, "Plan Rows": 85170, "Plan Width": 4, "Plans": [{"Node Type": "Seq Scan", "Parent Relationship": "Outer", "Relation Name": "company_name", "Alias": "cn", "Startup Cost": 0.0, "Total Cost": 5903.45, "Plan Rows": 85170, "Plan Width": 4, "Filter": "((country_code)::text = '[us]'::text)"}]}]}]}]}]}]}]}, {"Node Type": "Hash", "Parent Relationship": "Inner", "Startup Cost": 46117.27, "Total Cost": 46117.27, "Plan Rows": 3140338, "Plan Width": 20, "Plans": [{"Node Type": "Streaming(type: LOCAL REDISTRIBUTE dop: 16/16)", "Parent Relationship": "Outer", "Startup Cost": 0.0, "Total Cost": 46117.27, "Plan Rows": 3140338, "Plan Width": 20, "Plans": [{"Node Type": "Seq Scan", "Parent Relationship": "Outer", "Relation Name": "char_name", "Alias": "chn", "Startup Cost": 0.0, "Total Cost": 19218.34, "Plan Rows": 3140338, "Plan Width": 20}]}]}]}, {"Node Type": "Hash", "Parent Relationship": "Inner", "Startup Cost": 15002.07, "Total Cost": 15002.07, "Plan Rows": 48, "Plan Width": 4, "Plans": [{"Node Type": "Streaming(type: BROADCAST dop: 16/1)", "Parent Relationship": "Outer", "Startup Cost": 0.0, "Total Cost": 15002.07, "Plan Rows": 48, "Plan Width": 4, "Plans": [{"Node Type": "Seq Scan", "Parent Relationship": "Outer", "Relation Name": "company_type", "Alias": "ct", "Startup Cost": 0.0, "Total Cost": 1.03, "Plan Rows": 3, "Plan Width": 4}]}]}]}]}, {"Node Type": "Hash", "Parent Relationship": "Inner", "Startup Cost": 40775.83, "Total Cost": 40775.83, "Plan Rows": 1748840, "Plan Width": 21, "Plans": [{"Node Type": "Streaming(type: LOCAL REDISTRIBUTE dop: 16/16)", "Parent Relationship": "Outer", "Startup Cost": 0.0, "Total Cost": 40775.83, "Plan Rows": 1748840, "Plan Width": 21, "Plans": [{"Node Type": "Seq Scan", "Parent Relationship": "Outer", "Relation Name": "title", "Alias": "t", "Startup Cost": 0.0, "Total Cost": 19149.37, "Plan Rows": 1748840, "Plan Width": 21, "Filter": "(production_year > 1990), (LLVM Optimized)"}]}]}]}]}]}]}, "Unique SQL Id": 3145361615}, "explain_analyze_plan": {"Plan": {"Node Type": "Aggregate", "Strategy": "Plain", "Startup Cost": 271604.22, "Total Cost": 271604.25, "Plan Rows": 1, "Plan Width": 97, "Actual Min Startup Time": 2174.468, "Actual Max Startup Time": 2174.468, "Actual Min Total Time": 2174.468, "Actual Max Total Time": 2174.468, "Actual Total Rows": 1, "Plans": [{"Node Type": "Streaming(type: LOCAL GATHER dop: 1/16)", "Parent Relationship": "Outer", "Startup Cost": 271604.22, "Total Cost": 271604.25, "Plan Rows": 1, "Plan Width": 97, "Actual Min Startup Time": 2173.197, "Actual Max Startup Time": 2173.197, "Actual Min Total Time": 2174.438, "Actual Max Total Time": 2174.438, "Actual Total Rows": 16, "Plans": [{"Node Type": "Aggregate", "Strategy": "Plain", "Parent Relationship": "Outer", "Startup Cost": 271604.22, "Total Cost": 271604.23, "Plan Rows": 1, "Plan Width": 97, "Actual Min Startup Time": 1803.512, "Actual Max Startup Time": 2012.607, "Actual Min Total Time": 1803.512, "Actual Max Total Time": 2012.607, "Actual Total Rows": 16, "Plans": [{"Node Type": "Hash Join", "Parent Relationship": "Outer", "Join Type": "Inner", "Startup Cost": 144835.24, "Total Cost": 266757.16, "Plan Rows": 969413, "Plan Width": 33, "Actual Min Startup Time": 1803.506, "Actual Max Startup Time": 2012.599, "Actual Min Total Time": 1803.506, "Actual Max Total Time": 2012.599, "Actual Total Rows": 4, "Inner Unique": true, "Hash Cond": "(mc.movie_id = t.id), (LLVM Optimized, Jit Execute)", "Plans": [{"Node Type": "Streaming(type: LOCAL REDISTRIBUTE dop: 16/16)", "Parent Relationship": "Outer", "Startup Cost": 133275.0, "Total Cost": 254427.04, "Plan Rows": 699731, "Plan Width": 24, "Actual Min Startup Time": 1539.112, "Actual Max Startup Time": 1540.672, "Actual Min Total Time": 1540.566, "Actual Max Total Time": 1540.672, "Actual Total Rows": 6, "Plans": [{"Node Type": "Hash Join", "Parent Relationship": "Outer", "Join Type": "Inner", "Startup Cost": 133275.0, "Total Cost": 236775.71, "Plan Rows": 699731, "Plan Width": 24, "Actual Min Startup Time": 1800.076, "Actual Max Startup Time": 1996.771, "Actual Min Total Time": 1800.076, "Actual Max Total Time": 1996.771, "Actual Total Rows": 6, "Inner Unique": true, "Hash Cond": "(mc.company_type_id = ct.id), (LLVM Optimized, Jit Execute)", "Plans": [{"Node Type": "Hash Join", "Parent Relationship": "Outer", "Join Type": "Inner", "Startup Cost": 118272.9, "Total Cost": 221172.28, "Plan Rows": 699731, "Plan Width": 28, "Actual Min Startup Time": 1798.629, "Actual Max Startup Time": 1995.334, "Actual Min Total Time": 1798.629, "Actual Max Total Time": 1995.334, "Actual Total Rows": 14, "Inner Unique": true, "Hash Cond": "(ci.person_role_id = chn.id), (LLVM Optimized, Jit Execute)", "Plans": [{"Node Type": "Streaming(type: LOCAL REDISTRIBUTE dop: 16/16)", "Parent Relationship": "Outer", "Startup Cost": 104290.19, "Total Cost": 206413.94, "Plan Rows": 1443440, "Plan Width": 16, "Actual Min Startup Time": 249.791, "Actual Max Startup Time": 1381.119, "Actual Min Total Time": 1250.62, "Actual Max Total Time": 1381.119, "Actual Total Rows": 1210267, "Plans": [{"Node Type": "Hash Join", "Parent Relationship": "Outer", "Join Type": "Inner", "Startup Cost": 104290.19, "Total Cost": 185944.65, "Plan Rows": 1443440, "Plan Width": 16, "Actual Min Startup Time": 675.237, "Actual Max Startup Time": 871.852, "Actual Min Total Time": 1272.7, "Actual Max Total Time": 1501.609, "Actual Total Rows": 1210267, "Inner Unique": false, "Hash Cond": "(ci.movie_id = mc.movie_id), (LLVM Optimized, Jit Execute)", "Plans": [{"Node Type": "Streaming(type: LOCAL REDISTRIBUTE dop: 16/16)", "Parent Relationship": "Outer", "Startup Cost": 15005.41, "Total Cost": 94859.97, "Plan Rows": 1436424, "Plan Width": 8, "Actual Min Startup Time": 0.06, "Actual Max Startup Time": 3.768, "Actual Min Total Time": 546.912, "Actual Max Total Time": 583.512, "Actual Total Rows": 1435439, "Plans": [{"Node Type": "Hash Join", "Parent Relationship": "Outer", "Join Type": "Inner", "Startup Cost": 15005.41, "Total Cost": 74417.27, "Plan Rows": 1436424, "Plan Width": 8, "Actual Min Startup Time": 44.696, "Actual Max Startup Time": 357.961, "Actual Min Total Time": 754.774, "Actual Max Total Time": 806.064, "Actual Total Rows": 1435439, "Inner Unique": true, "Hash Cond": "(ci.role_id = rt.id), (LLVM Optimized, Jit Execute)", "Plans": [{"Node Type": "Seq Scan", "Parent Relationship": "Outer", "Relation Name": "cast_info", "Alias": "ci", "Startup Cost": 0.0, "Total Cost": 58282.92, "Plan Rows": 1436424, "Plan Width": 12, "Actual Min Startup Time": 44.599, "Actual Max Startup Time": 357.822, "Actual Min Total Time": 710.585, "Actual Max Total Time": 748.368, "Actual Total Rows": 1435439, "Filter": "((note)::text ~~ '%(producer)%'::text), (LLVM Optimized, Jit Execute)", "Rows Removed by Filter": 34808904}, {"Node Type": "Hash", "Parent Relationship": "Inner", "Startup Cost": 15005.26, "Total Cost": 15005.26, "Plan Rows": 192, "Plan Width": 4, "Actual Min Startup Time": 0.018, "Actual Max Startup Time": 46.807, "Actual Min Total Time": 0.018, "Actual Max Total Time": 46.807, "Actual Total Rows": 192, "Max Hash Buckets": 32768, "Min Hash Buckets": 32768, "Max Hash Batches": 1, "Min Hash Batches": 1, "Max Original Hash Batches": 1, "Min Original Hash Batches": 1, "Max Peak Memory Usage": 1, "min Peak Memory Usage": 1, "Plans": [{"Node Type": "Streaming(type: BROADCAST dop: 16/1)", "Parent Relationship": "Outer", "Startup Cost": 0.0, "Total Cost": 15005.26, "Plan Rows": 192, "Plan Width": 4, "Actual Min Startup Time": 0.006, "Actual Max Startup Time": 42.649, "Actual Min Total Time": 0.007, "Actual Max Total Time": 42.651, "Actual Total Rows": 192, "Plans": [{"Node Type": "Seq Scan", "Parent Relationship": "Outer", "Relation Name": "role_type", "Alias": "rt", "Startup Cost": 0.0, "Total Cost": 1.12, "Plan Rows": 12, "Plan Width": 4, "Actual Min Startup Time": 0.013, "Actual Max Startup Time": 0.013, "Actual Min Total Time": 0.017, "Actual Max Total Time": 0.017, "Actual Total Rows": 12}]}]}]}]}, {"Node Type": "Hash", "Parent Relationship": "Inner", "Startup Cost": 88282.97, "Total Cost": 88282.97, "Plan Rows": 1282311, "Plan Width": 8, "Actual Min Startup Time": 674.911, "Actual Max Startup Time": 871.504, "Actual Min Total Time": 674.911, "Actual Max Total Time": 871.504, "Actual Total Rows": 1153797, "Max Hash Buckets": 131072, "Min Hash Buckets": 131072, "Max Hash Batches": 1, "Min Hash Batches": 1, "Max Original Hash Batches": 1, "Min Original Hash Batches": 1, "Max Peak Memory Usage": 2824, "min Peak Memory Usage": 2824, "Plans": [{"Node Type": "Streaming(type: LOCAL REDISTRIBUTE dop: 16/16)", "Parent Relationship": "Outer", "Startup Cost": 24511.53, "Total Cost": 88282.97, "Plan Rows": 1282311, "Plan Width": 8, "Actual Min Startup Time": 165.521, "Actual Max Startup Time": 362.413, "Actual Min Total Time": 648.186, "Actual Max Total Time": 846.134, "Actual Total Rows": 1153797, "Plans": [{"Node Type": "Hash Join", "Parent Relationship": "Outer", "Join Type": "Inner", "Startup Cost": 24511.53, "Total Cost": 68424.21, "Plan Rows": 1282311, "Plan Width": 8, "Actual Min Startup Time": 157.625, "Actual Max Startup Time": 309.504, "Actual Min Total Time": 514.764, "Actual Max Total Time": 746.156, "Actual Total Rows": 1153797, "Inner Unique": true, "Hash Cond": "(mc.company_id = cn.id), (LLVM Optimized, Jit Execute)", "Plans": [{"Node Type": "Streaming(type: LOCAL REDISTRIBUTE dop: 16/16)", "Parent Relationship": "Outer", "Startup Cost": 0.0, "Total Cost": 42499.73, "Plan Rows": 2609128, "Plan Width": 12, "Actual Min Startup Time": 0.065, "Actual Max Startup Time": 1.561, "Actual Min Total Time": 285.138, "Actual Max Total Time": 396.063, "Actual Total Rows": 2609128, "Plans": [{"Node Type": "Seq Scan", "Parent Relationship": "Outer", "Relation Name": "movie_companies", "Alias": "mc", "Startup Cost": 0.0, "Total Cost": 17613.58, "Plan Rows": 2609128, "Plan Width": 12, "Actual Min Startup Time": 0.025, "Actual Max Startup Time": 0.05, "Actual Min Total Time": 41.101, "Actual Max Total Time": 52.364, "Actual Total Rows": 2609128}]}, {"Node Type": "Hash", "Parent Relationship": "Inner", "Startup Cost": 24444.99, "Total Cost": 24444.99, "Plan Rows": 85170, "Plan Width": 4, "Actual Min Startup Time": 156.603, "Actual Max Startup Time": 309.356, "Actual Min Total Time": 156.603, "Actual Max Total Time": 309.356, "Actual Total Rows": 84843, "Max Hash Buckets": 32768, "Min Hash Buckets": 32768, "Max Hash Batches": 1, "Min Hash Batches": 1, "Max Original Hash Batches": 1, "Min Original Hash Batches": 1, "Max Peak Memory Usage": 182, "min Peak Memory Usage": 182, "Plans": [{"Node Type": "Streaming(type: LOCAL REDISTRIBUTE dop: 16/1)", "Parent Relationship": "Outer", "Startup Cost": 0.0, "Total Cost": 24444.99, "Plan Rows": 85170, "Plan Width": 4, "Actual Min Startup Time": 0.036, "Actual Max Startup Time": 144.9, "Actual Min Total Time": 154.794, "Actual Max Total Time": 307.673, "Actual Total Rows": 84843, "Plans": [{"Node Type": "Seq Scan", "Parent Relationship": "Outer", "Relation Name": "company_name", "Alias": "cn", "Startup Cost": 0.0, "Total Cost": 5903.45, "Plan Rows": 85170, "Plan Width": 4, "Actual Min Startup Time": 0.073, "Actual Max Startup Time": 0.073, "Actual Min Total Time": 90.6, "Actual Max Total Time": 90.6, "Actual Total Rows": 84843, "Filter": "((country_code)::text = '[us]'::text)", "Rows Removed by Filter": 150153}]}]}]}]}]}]}]}, {"Node Type": "Hash", "Parent Relationship": "Inner", "Startup Cost": 46117.27, "Total Cost": 46117.27, "Plan Rows": 3140338, "Plan Width": 20, "Actual Min Startup Time": 417.263, "Actual Max Startup Time": 613.937, "Actual Min Total Time": 417.263, "Actual Max Total Time": 613.937, "Actual Total Rows": 3140338, "Max Hash Buckets": 262144, "Min Hash Buckets": 262144, "Max Hash Batches": 1, "Min Hash Batches": 1, "Max Original Hash Batches": 1, "Min Original Hash Batches": 1, "Max Peak Memory Usage": 10347, "min Peak Memory Usage": 10347, "Plans": [{"Node Type": "Streaming(type: LOCAL REDISTRIBUTE dop: 16/16)", "Parent Relationship": "Outer", "Startup Cost": 0.0, "Total Cost": 46117.27, "Plan Rows": 3140338, "Plan Width": 20, "Actual Min Startup Time": 0.051, "Actual Max Startup Time": 41.823, "Actual Min Total Time": 335.206, "Actual Max Total Time": 532.902, "Actual Total Rows": 3140338, "Plans": [{"Node Type": "Seq Scan", "Parent Relationship": "Outer", "Relation Name": "char_name", "Alias": "chn", "Startup Cost": 0.0, "Total Cost": 19218.34, "Plan Rows": 3140338, "Plan Width": 20, "Actual Min Startup Time": 0.019, "Actual Max Startup Time": 0.062, "Actual Min Total Time": 57.374, "Actual Max Total Time": 66.634, "Actual Total Rows": 3140338}]}]}]}, {"Node Type": "Hash", "Parent Relationship": "Inner", "Startup Cost": 15002.07, "Total Cost": 15002.07, "Plan Rows": 48, "Plan Width": 4, "Actual Min Startup Time": 0.008, "Actual Max Startup Time": 0.021, "Actual Min Total Time": 0.008, "Actual Max Total Time": 0.021, "Actual Total Rows": 48, "Max Hash Buckets": 32768, "Min Hash Buckets": 32768, "Max Hash Batches": 1, "Min Hash Batches": 1, "Max Original Hash Batches": 1, "Min Original Hash Batches": 1, "Max Peak Memory Usage": 1, "min Peak Memory Usage": 1, "Plans": [{"Node Type": "Streaming(type: BROADCAST dop: 16/1)", "Parent Relationship": "Outer", "Startup Cost": 0.0, "Total Cost": 15002.07, "Plan Rows": 48, "Plan Width": 4, "Actual Min Startup Time": 0.004, "Actual Max Startup Time": 0.012, "Actual Min Total Time": 0.004, "Actual Max Total Time": 0.013, "Actual Total Rows": 48, "Plans": [{"Node Type": "Seq Scan", "Parent Relationship": "Outer", "Relation Name": "company_type", "Alias": "ct", "Startup Cost": 0.0, "Total Cost": 1.03, "Plan Rows": 3, "Plan Width": 4, "Actual Min Startup Time": 0.019, "Actual Max Startup Time": 0.019, "Actual Min Total Time": 0.021, "Actual Max Total Time": 0.021, "Actual Total Rows": 3}]}]}]}]}, {"Node Type": "Hash", "Parent Relationship": "Inner", "Startup Cost": 40775.83, "Total Cost": 40775.83, "Plan Rows": 1748840, "Plan Width": 21, "Actual Min Startup Time": 262.767, "Actual Max Startup Time": 471.782, "Actual Min Total Time": 262.767, "Actual Max Total Time": 471.782, "Actual Total Rows": 1749032, "Max Hash Buckets": 131072, "Min Hash Buckets": 131072, "Max Hash Batches": 1, "Min Hash Batches": 1, "Max Original Hash Batches": 1, "Min Original Hash Batches": 1, "Max Peak Memory Usage": 5875, "min Peak Memory Usage": 5875, "Plans": [{"Node Type": "Streaming(type: LOCAL REDISTRIBUTE dop: 16/16)", "Parent Relationship": "Outer", "Startup Cost": 0.0, "Total Cost": 40775.83, "Plan Rows": 1748840, "Plan Width": 21, "Actual Min Startup Time": 0.053, "Actual Max Startup Time": 123.387, "Actual Min Total Time": 228.641, "Actual Max Total Time": 434.39, "Actual Total Rows": 1749032, "Plans": [{"Node Type": "Seq Scan", "Parent Relationship": "Outer", "Relation Name": "title", "Alias": "t", "Startup Cost": 0.0, "Total Cost": 19149.37, "Plan Rows": 1748840, "Plan Width": 21, "Actual Min Startup Time": 0.03, "Actual Max Startup Time": 0.055, "Actual Min Total Time": 63.776, "Actual Max Total Time": 72.406, "Actual Total Rows": 1749032, "Filter": "(production_year > 1990), (LLVM Optimized, Jit Execute)", "Rows Removed by Filter": 779279}]}]}]}]}]}]}, "Triggers": [], "Planner Runtime": 79.462, "Total Runtime": 2215.31, "Unique SQL Id": 3145361615}}, "(16, 73)": {"explain_plan": {"Plan": {"Node Type": "Aggregate", "Strategy": "Plain", "Startup Cost": 1361596.33, "Total Cost": 1361596.35, "Plan Rows": 1, "Plan Width": 97, "Plans": [{"Node Type": "Streaming(type: LOCAL GATHER dop: 1/16)", "Parent Relationship": "Outer", "Startup Cost": 1361596.33, "Total Cost": 1361596.35, "Plan Rows": 1, "Plan Width": 97, "Plans": [{"Node Type": "Aggregate", "Strategy": "Plain", "Parent Relationship": "Outer", "Startup Cost": 1361596.33, "Total Cost": 1361596.34, "Plan Rows": 1, "Plan Width": 97, "Plans": [{"Node Type": "Hash Join", "Parent Relationship": "Outer", "Join Type": "Inner", "Startup Cost": 242024.06, "Total Cost": 1356749.26, "Plan Rows": 969413, "Plan Width": 33, "Inner Unique": true, "Hash Cond": "(mc.movie_id = t.id), (LLVM Optimized)", "Plans": [{"Node Type": "Streaming(type: LOCAL REDISTRIBUTE dop: 16/16)", "Parent Relationship": "Outer", "Startup Cost": 209798.01, "Total Cost": 1323753.33, "Plan Rows": 699731, "Plan Width": 24, "Plans": [{"Node Type": "Hash Join", "Parent Relationship": "Outer", "Join Type": "Inner", "Startup Cost": 209798.01, "Total Cost": 1306102.01, "Plan Rows": 699731, "Plan Width": 24, "Inner Unique": true, "Hash Cond": "(ci.role_id = rt.id), (LLVM Optimized)", "Plans": [{"Node Type": "Hash Join", "Parent Relationship": "Outer", "Join Type": "Inner", "Startup Cost": 194785.28, "Total Cost": 1290487.95, "Plan Rows": 699731, "Plan Width": 28, "Inner Unique": true, "Hash Cond": "(mc.company_type_id = ct.id), (LLVM Optimized)", "Plans": [{"Node Type": "Hash Join", "Parent Relationship": "Outer", "Join Type": "Inner", "Startup Cost": 179775.92, "Total Cost": 1274877.25, "Plan Rows": 699731, "Plan Width": 32, "Inner Unique": true, "Hash Cond": "(mc.company_id = cn.id), (LLVM Optimized)", "Plans": [{"Node Type": "Streaming(type: LOCAL REDISTRIBUTE dop: 16/16)", "Parent Relationship": "Outer", "Startup Cost": 172448.64, "Total Cost": 1266778.96, "Plan Rows": 1423748, "Plan Width": 36, "Plans": [{"Node Type": "Hash Join", "Parent Relationship": "Outer", "Join Type": "Inner", "Startup Cost": 172448.64, "Total Cost": 1246384.29, "Plan Rows": 1423748, "Plan Width": 36, "Inner Unique": true, "Hash Cond": "(ci.person_role_id = chn.id), (LLVM Optimized)", "Plans": [{"Node Type": "Streaming(type: LOCAL REDISTRIBUTE dop: 16/16)", "Parent Relationship": "Outer", "Startup Cost": 110646.13, "Total Cost": 1183003.58, "Plan Rows": 2936978, "Plan Width": 24, "Plans": [{"Node Type": "Hash Join", "Parent Relationship": "Outer", "Join Type": "Inner", "Startup Cost": 110646.13, "Total Cost": 1156875.19, "Plan Rows": 2936978, "Plan Width": 24, "Inner Unique": false, "Hash Cond": "(ci.movie_id = mc.movie_id), (LLVM Optimized)", "Plans": [{"Node Type": "Streaming(type: LOCAL REDISTRIBUTE dop: 16/16)", "Parent Relationship": "Outer", "Startup Cost": 0.0, "Total Cost": 1042710.15, "Plan Rows": 1436424, "Plan Width": 12, "Plans": [{"Node Type": "Index Scan", "Parent Relationship": "Outer", "Scan Direction": "Forward", "Index Name": "role_id_cast_info", "Relation Name": "cast_info", "Alias": "ci", "Startup Cost": 0.0, "Total Cost": 1022267.45, "Plan Rows": 1436424, "Plan Width": 12, "Filter": "((note)::text ~~ '%(producer)%'::text), (LLVM Optimized)"}]}, {"Node Type": "Hash", "Parent Relationship": "Inner", "Startup Cost": 108607.74, "Total Cost": 108607.74, "Plan Rows": 2609128, "Plan Width": 12, "Plans": [{"Node Type": "Streaming(type: LOCAL REDISTRIBUTE dop: 16/16)", "Parent Relationship": "Outer", "Startup Cost": 0.0, "Total Cost": 108607.74, "Plan Rows": 2609128, "Plan Width": 12, "Plans": [{"Node Type": "Index Scan", "Parent Relationship": "Outer", "Scan Direction": "Forward", "Index Name": "company_type_id_movie_companies", "Relation Name": "movie_companies", "Alias": "mc", "Startup Cost": 0.0, "Total Cost": 83721.6, "Plan Rows": 2609128, "Plan Width": 12}]}]}]}]}, {"Node Type": "Hash", "Parent Relationship": "Inner", "Startup Cost": 142333.72, "Total Cost": 142333.72, "Plan Rows": 3140338, "Plan Width": 20, "Plans": [{"Node Type": "Streaming(type: LOCAL REDISTRIBUTE dop: 16/16)", "Parent Relationship": "Outer", "Startup Cost": 0.0, "Total Cost": 142333.72, "Plan Rows": 3140338, "Plan Width": 20, "Plans": [{"Node Type": "Index Scan", "Parent Relationship": "Outer", "Scan Direction": "Forward", "Index Name": "char_name_pkey", "Relation Name": "char_name", "Alias": "chn", "Startup Cost": 0.0, "Total Cost": 115434.79, "Plan Rows": 3140338, "Plan Width": 20}]}]}]}]}, {"Node Type": "Hash", "Parent Relationship": "Inner", "Startup Cost": 29042.93, "Total Cost": 29042.93, "Plan Rows": 85170, "Plan Width": 4, "Plans": [{"Node Type": "Streaming(type: LOCAL REDISTRIBUTE dop: 16/1)", "Parent Relationship": "Outer", "Startup Cost": 0.0, "Total Cost": 29042.93, "Plan Rows": 85170, "Plan Width": 4, "Plans": [{"Node Type": "Index Scan", "Parent Relationship": "Outer", "Scan Direction": "Forward", "Index Name": "company_name_pkey", "Relation Name": "company_name", "Alias": "cn", "Startup Cost": 0.0, "Total Cost": 10501.39, "Plan Rows": 85170, "Plan Width": 4, "Filter": "((country_code)::text = '[us]'::text)"}]}]}]}, {"Node Type": "Hash", "Parent Relationship": "Inner", "Startup Cost": 15009.33, "Total Cost": 15009.33, "Plan Rows": 48, "Plan Width": 4, "Plans": [{"Node Type": "Streaming(type: BROADCAST dop: 16/1)", "Parent Relationship": "Outer", "Startup Cost": 0.0, "Total Cost": 15009.33, "Plan Rows": 48, "Plan Width": 4, "Plans": [{"Node Type": "Index Only Scan", "Parent Relationship": "Outer", "Scan Direction": "Forward", "Index Name": "company_type_pkey", "Relation Name": "company_type", "Alias": "ct", "Startup Cost": 0.0, "Total Cost": 8.29, "Plan Rows": 3, "Plan Width": 4}]}]}]}, {"Node Type": "Hash", "Parent Relationship": "Inner", "Startup Cost": 15012.57, "Total Cost": 15012.57, "Plan Rows": 192, "Plan Width": 4, "Plans": [{"Node Type": "Streaming(type: BROADCAST dop: 16/1)", "Parent Relationship": "Outer", "Startup Cost": 0.0, "Total Cost": 15012.57, "Plan Rows": 192, "Plan Width": 4, "Plans": [{"Node Type": "Index Only Scan", "Parent Relationship": "Outer", "Scan Direction": "Forward", "Index Name": "role_type_pkey", "Relation Name": "role_type", "Alias": "rt", "Startup Cost": 0.0, "Total Cost": 8.43, "Plan Rows": 12, "Plan Width": 4}]}]}]}]}, {"Node Type": "Hash", "Parent Relationship": "Inner", "Startup Cost": 123439.09, "Total Cost": 123439.09, "Plan Rows": 1748840, "Plan Width": 21, "Plans": [{"Node Type": "Streaming(type: LOCAL REDISTRIBUTE dop: 16/16)", "Parent Relationship": "Outer", "Startup Cost": 0.0, "Total Cost": 123439.09, "Plan Rows": 1748840, "Plan Width": 21, "Plans": [{"Node Type": "Index Scan", "Parent Relationship": "Outer", "Scan Direction": "Forward", "Index Name": "title_pkey", "Relation Name": "title", "Alias": "t", "Startup Cost": 0.0, "Total Cost": 101812.62, "Plan Rows": 1748840, "Plan Width": 21, "Filter": "(production_year > 1990), (LLVM Optimized)"}]}]}]}]}]}]}, "Unique SQL Id": 3145361615}, "explain_analyze_plan": {"Plan": {"Node Type": "Aggregate", "Strategy": "Plain", "Startup Cost": 1361596.33, "Total Cost": 1361596.35, "Plan Rows": 1, "Plan Width": 97, "Actual Min Startup Time": 3952.807, "Actual Max Startup Time": 3952.807, "Actual Min Total Time": 3952.807, "Actual Max Total Time": 3952.807, "Actual Total Rows": 1, "Plans": [{"Node Type": "Streaming(type: LOCAL GATHER dop: 1/16)", "Parent Relationship": "Outer", "Startup Cost": 1361596.33, "Total Cost": 1361596.35, "Plan Rows": 1, "Plan Width": 97, "Actual Min Startup Time": 3951.279, "Actual Max Startup Time": 3951.279, "Actual Min Total Time": 3952.783, "Actual Max Total Time": 3952.783, "Actual Total Rows": 16, "Plans": [{"Node Type": "Aggregate", "Strategy": "Plain", "Parent Relationship": "Outer", "Startup Cost": 1361596.33, "Total Cost": 1361596.34, "Plan Rows": 1, "Plan Width": 97, "Actual Min Startup Time": 3617.675, "Actual Max Startup Time": 3811.706, "Actual Min Total Time": 3617.675, "Actual Max Total Time": 3811.707, "Actual Total Rows": 16, "Plans": [{"Node Type": "Hash Join", "Parent Relationship": "Outer", "Join Type": "Inner", "Startup Cost": 242024.06, "Total Cost": 1356749.26, "Plan Rows": 969413, "Plan Width": 33, "Actual Min Startup Time": 3617.668, "Actual Max Startup Time": 3811.695, "Actual Min Total Time": 3617.668, "Actual Max Total Time": 3811.695, "Actual Total Rows": 4, "Inner Unique": true, "Hash Cond": "(mc.movie_id = t.id), (LLVM Optimized, Jit Execute)", "Plans": [{"Node Type": "Streaming(type: LOCAL REDISTRIBUTE dop: 16/16)", "Parent Relationship": "Outer", "Startup Cost": 209798.01, "Total Cost": 1323753.33, "Plan Rows": 699731, "Plan Width": 24, "Actual Min Startup Time": 2971.642, "Actual Max Startup Time": 2973.431, "Actual Min Total Time": 2973.335, "Actual Max Total Time": 2973.431, "Actual Total Rows": 6, "Plans": [{"Node Type": "Hash Join", "Parent Relationship": "Outer", "Join Type": "Inner", "Startup Cost": 209798.01, "Total Cost": 1306102.01, "Plan Rows": 699731, "Plan Width": 24, "Actual Min Startup Time": 3614.347, "Actual Max Startup Time": 3841.3, "Actual Min Total Time": 3614.807, "Actual Max Total Time": 3841.3, "Actual Total Rows": 6, "Inner Unique": true, "Hash Cond": "(ci.role_id = rt.id), (LLVM Optimized, Jit Execute)", "Plans": [{"Node Type": "Hash Join", "Parent Relationship": "Outer", "Join Type": "Inner", "Startup Cost": 194785.28, "Total Cost": 1290487.95, "Plan Rows": 699731, "Plan Width": 28, "Actual Min Startup Time": 3614.27, "Actual Max Startup Time": 3790.281, "Actual Min Total Time": 3614.71, "Actual Max Total Time": 3790.281, "Actual Total Rows": 6, "Inner Unique": true, "Hash Cond": "(mc.company_type_id = ct.id), (LLVM Optimized, Jit Execute)", "Plans": [{"Node Type": "Hash Join", "Parent Relationship": "Outer", "Join Type": "Inner", "Startup Cost": 179775.92, "Total Cost": 1274877.25, "Plan Rows": 699731, "Plan Width": 32, "Actual Min Startup Time": 3614.171, "Actual Max Startup Time": 3790.132, "Actual Min Total Time": 3614.578, "Actual Max Total Time": 3790.132, "Actual Total Rows": 14, "Inner Unique": true, "Hash Cond": "(mc.company_id = cn.id), (LLVM Optimized, Jit Execute)", "Plans": [{"Node Type": "Streaming(type: LOCAL REDISTRIBUTE dop: 16/16)", "Parent Relationship": "Outer", "Startup Cost": 172448.64, "Total Cost": 1266778.96, "Plan Rows": 1423748, "Plan Width": 36, "Actual Min Startup Time": 2959.016, "Actual Max Startup Time": 2959.604, "Actual Min Total Time": 2959.357, "Actual Max Total Time": 2959.604, "Actual Total Rows": 31, "Plans": [{"Node Type": "Hash Join", "Parent Relationship": "Outer", "Join Type": "Inner", "Startup Cost": 172448.64, "Total Cost": 1246384.29, "Plan Rows": 1423748, "Plan Width": 36, "Actual Min Startup Time": 3614.947, "Actual Max Startup Time": 3797.694, "Actual Min Total Time": 3614.947, "Actual Max Total Time": 3797.694, "Actual Total Rows": 31, "Inner Unique": true, "Hash Cond": "(ci.person_role_id = chn.id), (LLVM Optimized, Jit Execute)", "Plans": [{"Node Type": "Streaming(type: LOCAL REDISTRIBUTE dop: 16/16)", "Parent Relationship": "Outer", "Startup Cost": 110646.13, "Total Cost": 1183003.58, "Plan Rows": 2936978, "Plan Width": 24, "Actual Min Startup Time": 0.059, "Actual Max Startup Time": 2811.962, "Actual Min Total Time": 2517.125, "Actual Max Total Time": 2811.962, "Actual Total Rows": 2743255, "Plans": [{"Node Type": "Hash Join", "Parent Relationship": "Outer", "Join Type": "Inner", "Startup Cost": 110646.13, "Total Cost": 1156875.19, "Plan Rows": 2936978, "Plan Width": 24, "Actual Min Startup Time": 471.453, "Actual Max Startup Time": 997.761, "Actual Min Total Time": 2992.207, "Actual Max Total Time": 3517.708, "Actual Total Rows": 2743255, "Inner Unique": false, "Hash Cond": "(ci.movie_id = mc.movie_id), (LLVM Optimized, Jit Execute)", "Plans": [{"Node Type": "Streaming(type: LOCAL REDISTRIBUTE dop: 16/16)", "Parent Relationship": "Outer", "Startup Cost": 0.0, "Total Cost": 1042710.15, "Plan Rows": 1436424, "Plan Width": 12, "Actual Min Startup Time": 0.07, "Actual Max Startup Time": 333.145, "Actual Min Total Time": 2413.07, "Actual Max Total Time": 2861.974, "Actual Total Rows": 1435439, "Plans": [{"Node Type": "Index Scan", "Parent Relationship": "Outer", "Scan Direction": "Forward", "Index Name": "role_id_cast_info", "Relation Name": "cast_info", "Alias": "ci", "Startup Cost": 0.0, "Total Cost": 1022267.45, "Plan Rows": 1436424, "Plan Width": 12, "Actual Min Startup Time": 392.914, "Actual Max Startup Time": 2119.782, "Actual Min Total Time": 1416.583, "Actual Max Total Time": 2254.577, "Actual Total Rows": 1435439, "Filter": "((note)::text ~~ '%(producer)%'::text), (LLVM Optimized, Jit Execute)", "Rows Removed by Filter": 34808904}]}, {"Node Type": "Hash", "Parent Relationship": "Inner", "Startup Cost": 108607.74, "Total Cost": 108607.74, "Plan Rows": 2609128, "Plan Width": 12, "Actual Min Startup Time": 471.147, "Actual Max Startup Time": 665.855, "Actual Min Total Time": 471.147, "Actual Max Total Time": 665.855, "Actual Total Rows": 2609128, "Max Hash Buckets": 262144, "Min Hash Buckets": 262144, "Max Hash Batches": 1, "Min Hash Batches": 1, "Max Original Hash Batches": 1, "Min Original Hash Batches": 1, "Max Peak Memory Usage": 7036, "min Peak Memory Usage": 7036, "Plans": [{"Node Type": "Streaming(type: LOCAL REDISTRIBUTE dop: 16/16)", "Parent Relationship": "Outer", "Startup Cost": 0.0, "Total Cost": 108607.74, "Plan Rows": 2609128, "Plan Width": 12, "Actual Min Startup Time": 0.055, "Actual Max Startup Time": 73.242, "Actual Min Total Time": 396.82, "Actual Max Total Time": 594.009, "Actual Total Rows": 2609128, "Plans": [{"Node Type": "Index Scan", "Parent Relationship": "Outer", "Scan Direction": "Forward", "Index Name": "company_type_id_movie_companies", "Relation Name": "movie_companies", "Alias": "mc", "Startup Cost": 0.0, "Total Cost": 83721.6, "Plan Rows": 2609128, "Plan Width": 12, "Actual Min Startup Time": 34.701, "Actual Max Startup Time": 110.618, "Actual Min Total Time": 144.55, "Actual Max Total Time": 234.761, "Actual Total Rows": 2609128}]}]}]}]}, {"Node Type": "Hash", "Parent Relationship": "Inner", "Startup Cost": 142333.72, "Total Cost": 142333.72, "Plan Rows": 3140338, "Plan Width": 20, "Actual Min Startup Time": 802.842, "Actual Max Startup Time": 985.524, "Actual Min Total Time": 802.842, "Actual Max Total Time": 985.524, "Actual Total Rows": 3140338, "Max Hash Buckets": 262144, "Min Hash Buckets": 262144, "Max Hash Batches": 1, "Min Hash Batches": 1, "Max Original Hash Batches": 1, "Min Original Hash Batches": 1, "Max Peak Memory Usage": 10347, "min Peak Memory Usage": 10347, "Plans": [{"Node Type": "Streaming(type: LOCAL REDISTRIBUTE dop: 16/16)", "Parent Relationship": "Outer", "Startup Cost": 0.0, "Total Cost": 142333.72, "Plan Rows": 3140338, "Plan Width": 20, "Actual Min Startup Time": 0.054, "Actual Max Startup Time": 67.97, "Actual Min Total Time": 719.774, "Actual Max Total Time": 876.73, "Actual Total Rows": 3140338, "Plans": [{"Node Type": "Index Scan", "Parent Relationship": "Outer", "Scan Direction": "Forward", "Index Name": "char_name_pkey", "Relation Name": "char_name", "Alias": "chn", "Startup Cost": 0.0, "Total Cost": 115434.79, "Plan Rows": 3140338, "Plan Width": 20, "Actual Min Startup Time": 33.997, "Actual Max Startup Time": 122.436, "Actual Min Total Time": 365.224, "Actual Max Total Time": 591.59, "Actual Total Rows": 3140338}]}]}]}]}, {"Node Type": "Hash", "Parent Relationship": "Inner", "Startup Cost": 29042.93, "Total Cost": 29042.93, "Plan Rows": 85170, "Plan Width": 4, "Actual Min Startup Time": 654.963, "Actual Max Startup Time": 830.509, "Actual Min Total Time": 654.963, "Actual Max Total Time": 830.509, "Actual Total Rows": 84843, "Max Hash Buckets": 32768, "Min Hash Buckets": 32768, "Max Hash Batches": 1, "Min Hash Batches": 1, "Max Original Hash Batches": 1, "Min Original Hash Batches": 1, "Max Peak Memory Usage": 182, "min Peak Memory Usage": 182, "Plans": [{"Node Type": "Streaming(type: LOCAL REDISTRIBUTE dop: 16/1)", "Parent Relationship": "Outer", "Startup Cost": 0.0, "Total Cost": 29042.93, "Plan Rows": 85170, "Plan Width": 4, "Actual Min Startup Time": 0.036, "Actual Max Startup Time": 176.23, "Actual Min Total Time": 651.814, "Actual Max Total Time": 827.436, "Actual Total Rows": 84843, "Plans": [{"Node Type": "Index Scan", "Parent Relationship": "Outer", "Scan Direction": "Forward", "Index Name": "company_name_pkey", "Relation Name": "company_name", "Alias": "cn", "Startup Cost": 0.0, "Total Cost": 10501.39, "Plan Rows": 85170, "Plan Width": 4, "Actual Min Startup Time": 0.078, "Actual Max Startup Time": 0.078, "Actual Min Total Time": 544.842, "Actual Max Total Time": 544.842, "Actual Total Rows": 84843, "Filter": "((country_code)::text = '[us]'::text)", "Rows Removed by Filter": 150153}]}]}]}, {"Node Type": "Hash", "Parent Relationship": "Inner", "Startup Cost": 15009.33, "Total Cost": 15009.33, "Plan Rows": 48, "Plan Width": 4, "Actual Min Startup Time": 0.011, "Actual Max Startup Time": 0.283, "Actual Min Total Time": 0.011, "Actual Max Total Time": 0.283, "Actual Total Rows": 48, "Max Hash Buckets": 32768, "Min Hash Buckets": 32768, "Max Hash Batches": 1, "Min Hash Batches": 1, "Max Original Hash Batches": 1, "Min Original Hash Batches": 1, "Max Peak Memory Usage": 1, "min Peak Memory Usage": 1, "Plans": [{"Node Type": "Streaming(type: BROADCAST dop: 16/1)", "Parent Relationship": "Outer", "Startup Cost": 0.0, "Total Cost": 15009.33, "Plan Rows": 48, "Plan Width": 4, "Actual Min Startup Time": 0.003, "Actual Max Startup Time": 0.008, "Actual Min Total Time": 0.003, "Actual Max Total Time": 0.01, "Actual Total Rows": 48, "Plans": [{"Node Type": "Index Only Scan", "Parent Relationship": "Outer", "Scan Direction": "Forward", "Index Name": "company_type_pkey", "Relation Name": "company_type", "Alias": "ct", "Startup Cost": 0.0, "Total Cost": 8.29, "Plan Rows": 3, "Plan Width": 4, "Actual Min Startup Time": 0.02, "Actual Max Startup Time": 0.02, "Actual Min Total Time": 0.022, "Actual Max Total Time": 0.022, "Actual Total Rows": 3, "Heap Fetches": 0}]}]}]}, {"Node Type": "Hash", "Parent Relationship": "Inner", "Startup Cost": 15012.57, "Total Cost": 15012.57, "Plan Rows": 192, "Plan Width": 4, "Actual Min Startup Time": 0.017, "Actual Max Startup Time": 50.944, "Actual Min Total Time": 0.017, "Actual Max Total Time": 50.944, "Actual Total Rows": 192, "Max Hash Buckets": 32768, "Min Hash Buckets": 32768, "Max Hash Batches": 1, "Min Hash Batches": 1, "Max Original Hash Batches": 1, "Min Original Hash Batches": 1, "Max Peak Memory Usage": 1, "min Peak Memory Usage": 1, "Plans": [{"Node Type": "Streaming(type: BROADCAST dop: 16/1)", "Parent Relationship": "Outer", "Startup Cost": 0.0, "Total Cost": 15012.57, "Plan Rows": 192, "Plan Width": 4, "Actual Min Startup Time": 0.006, "Actual Max Startup Time": 50.928, "Actual Min Total Time": 0.006, "Actual Max Total Time": 50.929, "Actual Total Rows": 192, "Plans": [{"Node Type": "Index Only Scan", "Parent Relationship": "Outer", "Scan Direction": "Forward", "Index Name": "role_type_pkey", "Relation Name": "role_type", "Alias": "rt", "Startup Cost": 0.0, "Total Cost": 8.43, "Plan Rows": 12, "Plan Width": 4, "Actual Min Startup Time": 0.022, "Actual Max Startup Time": 0.022, "Actual Min Total Time": 0.023, "Actual Max Total Time": 0.023, "Actual Total Rows": 12, "Heap Fetches": 0}]}]}]}]}, {"Node Type": "Hash", "Parent Relationship": "Inner", "Startup Cost": 123439.09, "Total Cost": 123439.09, "Plan Rows": 1748840, "Plan Width": 21, "Actual Min Startup Time": 644.116, "Actual Max Startup Time": 838.084, "Actual Min Total Time": 644.116, "Actual Max Total Time": 838.084, "Actual Total Rows": 1749032, "Max Hash Buckets": 131072, "Min Hash Buckets": 131072, "Max Hash Batches": 1, "Min Hash Batches": 1, "Max Original Hash Batches": 1, "Min Original Hash Batches": 1, "Max Peak Memory Usage": 5875, "min Peak Memory Usage": 5875, "Plans": [{"Node Type": "Streaming(type: LOCAL REDISTRIBUTE dop: 16/16)", "Parent Relationship": "Outer", "Startup Cost": 0.0, "Total Cost": 123439.09, "Plan Rows": 1748840, "Plan Width": 21, "Actual Min Startup Time": 0.058, "Actual Max Startup Time": 124.865, "Actual Min Total Time": 594.455, "Actual Max Total Time": 774.338, "Actual Total Rows": 1749032, "Plans": [{"Node Type": "Index Scan", "Parent Relationship": "Outer", "Scan Direction": "Forward", "Index Name": "title_pkey", "Relation Name": "title", "Alias": "t", "Startup Cost": 0.0, "Total Cost": 101812.62, "Plan Rows": 1748840, "Plan Width": 21, "Actual Min Startup Time": 0.071, "Actual Max Startup Time": 103.629, "Actual Min Total Time": 304.72, "Actual Max Total Time": 507.212, "Actual Total Rows": 1749032, "Filter": "(production_year > 1990), (LLVM Optimized, Jit Execute)", "Rows Removed by Filter": 779279}]}]}]}]}]}]}, "Triggers": [], "Planner Runtime": 79.652, "Total Runtime": 3991.342, "Unique SQL Id": 3145361615}}, "(16, 74)": {"explain_plan": {"Plan": {"Node Type": "Aggregate", "Strategy": "Plain", "Startup Cost": 271604.22, "Total Cost": 271604.25, "Plan Rows": 1, "Plan Width": 97, "Plans": [{"Node Type": "Streaming(type: LOCAL GATHER dop: 1/16)", "Parent Relationship": "Outer", "Startup Cost": 271604.22, "Total Cost": 271604.25, "Plan Rows": 1, "Plan Width": 97, "Plans": [{"Node Type": "Aggregate", "Strategy": "Plain", "Parent Relationship": "Outer", "Startup Cost": 271604.22, "Total Cost": 271604.23, "Plan Rows": 1, "Plan Width": 97, "Plans": [{"Node Type": "Hash Join", "Parent Relationship": "Outer", "Join Type": "Inner", "Startup Cost": 144835.24, "Total Cost": 266757.16, "Plan Rows": 969413, "Plan Width": 33, "Inner Unique": true, "Hash Cond": "(mc.movie_id = t.id), (LLVM Optimized)", "Plans": [{"Node Type": "Streaming(type: LOCAL REDISTRIBUTE dop: 16/16)", "Parent Relationship": "Outer", "Startup Cost": 133275.0, "Total Cost": 254427.04, "Plan Rows": 699731, "Plan Width": 24, "Plans": [{"Node Type": "Hash Join", "Parent Relationship": "Outer", "Join Type": "Inner", "Startup Cost": 133275.0, "Total Cost": 236775.71, "Plan Rows": 699731, "Plan Width": 24, "Inner Unique": true, "Hash Cond": "(mc.company_type_id = ct.id), (LLVM Optimized)", "Plans": [{"Node Type": "Hash Join", "Parent Relationship": "Outer", "Join Type": "Inner", "Startup Cost": 118272.9, "Total Cost": 221172.28, "Plan Rows": 699731, "Plan Width": 28, "Inner Unique": true, "Hash Cond": "(ci.person_role_id = chn.id), (LLVM Optimized)", "Plans": [{"Node Type": "Streaming(type: LOCAL REDISTRIBUTE dop: 16/16)", "Parent Relationship": "Outer", "Startup Cost": 104290.19, "Total Cost": 206413.94, "Plan Rows": 1443440, "Plan Width": 16, "Plans": [{"Node Type": "Hash Join", "Parent Relationship": "Outer", "Join Type": "Inner", "Startup Cost": 104290.19, "Total Cost": 185944.65, "Plan Rows": 1443440, "Plan Width": 16, "Inner Unique": false, "Hash Cond": "(ci.movie_id = mc.movie_id), (LLVM Optimized)", "Plans": [{"Node Type": "Streaming(type: LOCAL REDISTRIBUTE dop: 16/16)", "Parent Relationship": "Outer", "Startup Cost": 15005.41, "Total Cost": 94859.97, "Plan Rows": 1436424, "Plan Width": 8, "Plans": [{"Node Type": "Hash Join", "Parent Relationship": "Outer", "Join Type": "Inner", "Startup Cost": 15005.41, "Total Cost": 74417.27, "Plan Rows": 1436424, "Plan Width": 8, "Inner Unique": true, "Hash Cond": "(ci.role_id = rt.id), (LLVM Optimized)", "Plans": [{"Node Type": "Seq Scan", "Parent Relationship": "Outer", "Relation Name": "cast_info", "Alias": "ci", "Startup Cost": 0.0, "Total Cost": 58282.92, "Plan Rows": 1436424, "Plan Width": 12, "Filter": "((note)::text ~~ '%(producer)%'::text), (LLVM Optimized)"}, {"Node Type": "Hash", "Parent Relationship": "Inner", "Startup Cost": 15005.26, "Total Cost": 15005.26, "Plan Rows": 192, "Plan Width": 4, "Plans": [{"Node Type": "Streaming(type: BROADCAST dop: 16/1)", "Parent Relationship": "Outer", "Startup Cost": 0.0, "Total Cost": 15005.26, "Plan Rows": 192, "Plan Width": 4, "Plans": [{"Node Type": "Seq Scan", "Parent Relationship": "Outer", "Relation Name": "role_type", "Alias": "rt", "Startup Cost": 0.0, "Total Cost": 1.12, "Plan Rows": 12, "Plan Width": 4}]}]}]}]}, {"Node Type": "Hash", "Parent Relationship": "Inner", "Startup Cost": 88282.97, "Total Cost": 88282.97, "Plan Rows": 1282311, "Plan Width": 8, "Plans": [{"Node Type": "Streaming(type: LOCAL REDISTRIBUTE dop: 16/16)", "Parent Relationship": "Outer", "Startup Cost": 24511.53, "Total Cost": 88282.97, "Plan Rows": 1282311, "Plan Width": 8, "Plans": [{"Node Type": "Hash Join", "Parent Relationship": "Outer", "Join Type": "Inner", "Startup Cost": 24511.53, "Total Cost": 68424.21, "Plan Rows": 1282311, "Plan Width": 8, "Inner Unique": true, "Hash Cond": "(mc.company_id = cn.id), (LLVM Optimized)", "Plans": [{"Node Type": "Streaming(type: LOCAL REDISTRIBUTE dop: 16/16)", "Parent Relationship": "Outer", "Startup Cost": 0.0, "Total Cost": 42499.73, "Plan Rows": 2609128, "Plan Width": 12, "Plans": [{"Node Type": "Seq Scan", "Parent Relationship": "Outer", "Relation Name": "movie_companies", "Alias": "mc", "Startup Cost": 0.0, "Total Cost": 17613.58, "Plan Rows": 2609128, "Plan Width": 12}]}, {"Node Type": "Hash", "Parent Relationship": "Inner", "Startup Cost": 24444.99, "Total Cost": 24444.99, "Plan Rows": 85170, "Plan Width": 4, "Plans": [{"Node Type": "Streaming(type: LOCAL REDISTRIBUTE dop: 16/1)", "Parent Relationship": "Outer", "Startup Cost": 0.0, "Total Cost": 24444.99, "Plan Rows": 85170, "Plan Width": 4, "Plans": [{"Node Type": "Seq Scan", "Parent Relationship": "Outer", "Relation Name": "company_name", "Alias": "cn", "Startup Cost": 0.0, "Total Cost": 5903.45, "Plan Rows": 85170, "Plan Width": 4, "Filter": "((country_code)::text = '[us]'::text)"}]}]}]}]}]}]}]}, {"Node Type": "Hash", "Parent Relationship": "Inner", "Startup Cost": 46117.27, "Total Cost": 46117.27, "Plan Rows": 3140338, "Plan Width": 20, "Plans": [{"Node Type": "Streaming(type: LOCAL REDISTRIBUTE dop: 16/16)", "Parent Relationship": "Outer", "Startup Cost": 0.0, "Total Cost": 46117.27, "Plan Rows": 3140338, "Plan Width": 20, "Plans": [{"Node Type": "Seq Scan", "Parent Relationship": "Outer", "Relation Name": "char_name", "Alias": "chn", "Startup Cost": 0.0, "Total Cost": 19218.34, "Plan Rows": 3140338, "Plan Width": 20}]}]}]}, {"Node Type": "Hash", "Parent Relationship": "Inner", "Startup Cost": 15002.07, "Total Cost": 15002.07, "Plan Rows": 48, "Plan Width": 4, "Plans": [{"Node Type": "Streaming(type: BROADCAST dop: 16/1)", "Parent Relationship": "Outer", "Startup Cost": 0.0, "Total Cost": 15002.07, "Plan Rows": 48, "Plan Width": 4, "Plans": [{"Node Type": "Seq Scan", "Parent Relationship": "Outer", "Relation Name": "company_type", "Alias": "ct", "Startup Cost": 0.0, "Total Cost": 1.03, "Plan Rows": 3, "Plan Width": 4}]}]}]}]}, {"Node Type": "Hash", "Parent Relationship": "Inner", "Startup Cost": 40775.83, "Total Cost": 40775.83, "Plan Rows": 1748840, "Plan Width": 21, "Plans": [{"Node Type": "Streaming(type: LOCAL REDISTRIBUTE dop: 16/16)", "Parent Relationship": "Outer", "Startup Cost": 0.0, "Total Cost": 40775.83, "Plan Rows": 1748840, "Plan Width": 21, "Plans": [{"Node Type": "Seq Scan", "Parent Relationship": "Outer", "Relation Name": "title", "Alias": "t", "Startup Cost": 0.0, "Total Cost": 19149.37, "Plan Rows": 1748840, "Plan Width": 21, "Filter": "(production_year > 1990), (LLVM Optimized)"}]}]}]}]}]}]}, "Unique SQL Id": 3145361615}, "explain_analyze_plan": {"Plan": {"Node Type": "Aggregate", "Strategy": "Plain", "Startup Cost": 271604.22, "Total Cost": 271604.25, "Plan Rows": 1, "Plan Width": 97, "Actual Min Startup Time": 2174.468, "Actual Max Startup Time": 2174.468, "Actual Min Total Time": 2174.468, "Actual Max Total Time": 2174.468, "Actual Total Rows": 1, "Plans": [{"Node Type": "Streaming(type: LOCAL GATHER dop: 1/16)", "Parent Relationship": "Outer", "Startup Cost": 271604.22, "Total Cost": 271604.25, "Plan Rows": 1, "Plan Width": 97, "Actual Min Startup Time": 2173.197, "Actual Max Startup Time": 2173.197, "Actual Min Total Time": 2174.438, "Actual Max Total Time": 2174.438, "Actual Total Rows": 16, "Plans": [{"Node Type": "Aggregate", "Strategy": "Plain", "Parent Relationship": "Outer", "Startup Cost": 271604.22, "Total Cost": 271604.23, "Plan Rows": 1, "Plan Width": 97, "Actual Min Startup Time": 1803.512, "Actual Max Startup Time": 2012.607, "Actual Min Total Time": 1803.512, "Actual Max Total Time": 2012.607, "Actual Total Rows": 16, "Plans": [{"Node Type": "Hash Join", "Parent Relationship": "Outer", "Join Type": "Inner", "Startup Cost": 144835.24, "Total Cost": 266757.16, "Plan Rows": 969413, "Plan Width": 33, "Actual Min Startup Time": 1803.506, "Actual Max Startup Time": 2012.599, "Actual Min Total Time": 1803.506, "Actual Max Total Time": 2012.599, "Actual Total Rows": 4, "Inner Unique": true, "Hash Cond": "(mc.movie_id = t.id), (LLVM Optimized, Jit Execute)", "Plans": [{"Node Type": "Streaming(type: LOCAL REDISTRIBUTE dop: 16/16)", "Parent Relationship": "Outer", "Startup Cost": 133275.0, "Total Cost": 254427.04, "Plan Rows": 699731, "Plan Width": 24, "Actual Min Startup Time": 1539.112, "Actual Max Startup Time": 1540.672, "Actual Min Total Time": 1540.566, "Actual Max Total Time": 1540.672, "Actual Total Rows": 6, "Plans": [{"Node Type": "Hash Join", "Parent Relationship": "Outer", "Join Type": "Inner", "Startup Cost": 133275.0, "Total Cost": 236775.71, "Plan Rows": 699731, "Plan Width": 24, "Actual Min Startup Time": 1800.076, "Actual Max Startup Time": 1996.771, "Actual Min Total Time": 1800.076, "Actual Max Total Time": 1996.771, "Actual Total Rows": 6, "Inner Unique": true, "Hash Cond": "(mc.company_type_id = ct.id), (LLVM Optimized, Jit Execute)", "Plans": [{"Node Type": "Hash Join", "Parent Relationship": "Outer", "Join Type": "Inner", "Startup Cost": 118272.9, "Total Cost": 221172.28, "Plan Rows": 699731, "Plan Width": 28, "Actual Min Startup Time": 1798.629, "Actual Max Startup Time": 1995.334, "Actual Min Total Time": 1798.629, "Actual Max Total Time": 1995.334, "Actual Total Rows": 14, "Inner Unique": true, "Hash Cond": "(ci.person_role_id = chn.id), (LLVM Optimized, Jit Execute)", "Plans": [{"Node Type": "Streaming(type: LOCAL REDISTRIBUTE dop: 16/16)", "Parent Relationship": "Outer", "Startup Cost": 104290.19, "Total Cost": 206413.94, "Plan Rows": 1443440, "Plan Width": 16, "Actual Min Startup Time": 249.791, "Actual Max Startup Time": 1381.119, "Actual Min Total Time": 1250.62, "Actual Max Total Time": 1381.119, "Actual Total Rows": 1210267, "Plans": [{"Node Type": "Hash Join", "Parent Relationship": "Outer", "Join Type": "Inner", "Startup Cost": 104290.19, "Total Cost": 185944.65, "Plan Rows": 1443440, "Plan Width": 16, "Actual Min Startup Time": 675.237, "Actual Max Startup Time": 871.852, "Actual Min Total Time": 1272.7, "Actual Max Total Time": 1501.609, "Actual Total Rows": 1210267, "Inner Unique": false, "Hash Cond": "(ci.movie_id = mc.movie_id), (LLVM Optimized, Jit Execute)", "Plans": [{"Node Type": "Streaming(type: LOCAL REDISTRIBUTE dop: 16/16)", "Parent Relationship": "Outer", "Startup Cost": 15005.41, "Total Cost": 94859.97, "Plan Rows": 1436424, "Plan Width": 8, "Actual Min Startup Time": 0.06, "Actual Max Startup Time": 3.768, "Actual Min Total Time": 546.912, "Actual Max Total Time": 583.512, "Actual Total Rows": 1435439, "Plans": [{"Node Type": "Hash Join", "Parent Relationship": "Outer", "Join Type": "Inner", "Startup Cost": 15005.41, "Total Cost": 74417.27, "Plan Rows": 1436424, "Plan Width": 8, "Actual Min Startup Time": 44.696, "Actual Max Startup Time": 357.961, "Actual Min Total Time": 754.774, "Actual Max Total Time": 806.064, "Actual Total Rows": 1435439, "Inner Unique": true, "Hash Cond": "(ci.role_id = rt.id), (LLVM Optimized, Jit Execute)", "Plans": [{"Node Type": "Seq Scan", "Parent Relationship": "Outer", "Relation Name": "cast_info", "Alias": "ci", "Startup Cost": 0.0, "Total Cost": 58282.92, "Plan Rows": 1436424, "Plan Width": 12, "Actual Min Startup Time": 44.599, "Actual Max Startup Time": 357.822, "Actual Min Total Time": 710.585, "Actual Max Total Time": 748.368, "Actual Total Rows": 1435439, "Filter": "((note)::text ~~ '%(producer)%'::text), (LLVM Optimized, Jit Execute)", "Rows Removed by Filter": 34808904}, {"Node Type": "Hash", "Parent Relationship": "Inner", "Startup Cost": 15005.26, "Total Cost": 15005.26, "Plan Rows": 192, "Plan Width": 4, "Actual Min Startup Time": 0.018, "Actual Max Startup Time": 46.807, "Actual Min Total Time": 0.018, "Actual Max Total Time": 46.807, "Actual Total Rows": 192, "Max Hash Buckets": 32768, "Min Hash Buckets": 32768, "Max Hash Batches": 1, "Min Hash Batches": 1, "Max Original Hash Batches": 1, "Min Original Hash Batches": 1, "Max Peak Memory Usage": 1, "min Peak Memory Usage": 1, "Plans": [{"Node Type": "Streaming(type: BROADCAST dop: 16/1)", "Parent Relationship": "Outer", "Startup Cost": 0.0, "Total Cost": 15005.26, "Plan Rows": 192, "Plan Width": 4, "Actual Min Startup Time": 0.006, "Actual Max Startup Time": 42.649, "Actual Min Total Time": 0.007, "Actual Max Total Time": 42.651, "Actual Total Rows": 192, "Plans": [{"Node Type": "Seq Scan", "Parent Relationship": "Outer", "Relation Name": "role_type", "Alias": "rt", "Startup Cost": 0.0, "Total Cost": 1.12, "Plan Rows": 12, "Plan Width": 4, "Actual Min Startup Time": 0.013, "Actual Max Startup Time": 0.013, "Actual Min Total Time": 0.017, "Actual Max Total Time": 0.017, "Actual Total Rows": 12}]}]}]}]}, {"Node Type": "Hash", "Parent Relationship": "Inner", "Startup Cost": 88282.97, "Total Cost": 88282.97, "Plan Rows": 1282311, "Plan Width": 8, "Actual Min Startup Time": 674.911, "Actual Max Startup Time": 871.504, "Actual Min Total Time": 674.911, "Actual Max Total Time": 871.504, "Actual Total Rows": 1153797, "Max Hash Buckets": 131072, "Min Hash Buckets": 131072, "Max Hash Batches": 1, "Min Hash Batches": 1, "Max Original Hash Batches": 1, "Min Original Hash Batches": 1, "Max Peak Memory Usage": 2824, "min Peak Memory Usage": 2824, "Plans": [{"Node Type": "Streaming(type: LOCAL REDISTRIBUTE dop: 16/16)", "Parent Relationship": "Outer", "Startup Cost": 24511.53, "Total Cost": 88282.97, "Plan Rows": 1282311, "Plan Width": 8, "Actual Min Startup Time": 165.521, "Actual Max Startup Time": 362.413, "Actual Min Total Time": 648.186, "Actual Max Total Time": 846.134, "Actual Total Rows": 1153797, "Plans": [{"Node Type": "Hash Join", "Parent Relationship": "Outer", "Join Type": "Inner", "Startup Cost": 24511.53, "Total Cost": 68424.21, "Plan Rows": 1282311, "Plan Width": 8, "Actual Min Startup Time": 157.625, "Actual Max Startup Time": 309.504, "Actual Min Total Time": 514.764, "Actual Max Total Time": 746.156, "Actual Total Rows": 1153797, "Inner Unique": true, "Hash Cond": "(mc.company_id = cn.id), (LLVM Optimized, Jit Execute)", "Plans": [{"Node Type": "Streaming(type: LOCAL REDISTRIBUTE dop: 16/16)", "Parent Relationship": "Outer", "Startup Cost": 0.0, "Total Cost": 42499.73, "Plan Rows": 2609128, "Plan Width": 12, "Actual Min Startup Time": 0.065, "Actual Max Startup Time": 1.561, "Actual Min Total Time": 285.138, "Actual Max Total Time": 396.063, "Actual Total Rows": 2609128, "Plans": [{"Node Type": "Seq Scan", "Parent Relationship": "Outer", "Relation Name": "movie_companies", "Alias": "mc", "Startup Cost": 0.0, "Total Cost": 17613.58, "Plan Rows": 2609128, "Plan Width": 12, "Actual Min Startup Time": 0.025, "Actual Max Startup Time": 0.05, "Actual Min Total Time": 41.101, "Actual Max Total Time": 52.364, "Actual Total Rows": 2609128}]}, {"Node Type": "Hash", "Parent Relationship": "Inner", "Startup Cost": 24444.99, "Total Cost": 24444.99, "Plan Rows": 85170, "Plan Width": 4, "Actual Min Startup Time": 156.603, "Actual Max Startup Time": 309.356, "Actual Min Total Time": 156.603, "Actual Max Total Time": 309.356, "Actual Total Rows": 84843, "Max Hash Buckets": 32768, "Min Hash Buckets": 32768, "Max Hash Batches": 1, "Min Hash Batches": 1, "Max Original Hash Batches": 1, "Min Original Hash Batches": 1, "Max Peak Memory Usage": 182, "min Peak Memory Usage": 182, "Plans": [{"Node Type": "Streaming(type: LOCAL REDISTRIBUTE dop: 16/1)", "Parent Relationship": "Outer", "Startup Cost": 0.0, "Total Cost": 24444.99, "Plan Rows": 85170, "Plan Width": 4, "Actual Min Startup Time": 0.036, "Actual Max Startup Time": 144.9, "Actual Min Total Time": 154.794, "Actual Max Total Time": 307.673, "Actual Total Rows": 84843, "Plans": [{"Node Type": "Seq Scan", "Parent Relationship": "Outer", "Relation Name": "company_name", "Alias": "cn", "Startup Cost": 0.0, "Total Cost": 5903.45, "Plan Rows": 85170, "Plan Width": 4, "Actual Min Startup Time": 0.073, "Actual Max Startup Time": 0.073, "Actual Min Total Time": 90.6, "Actual Max Total Time": 90.6, "Actual Total Rows": 84843, "Filter": "((country_code)::text = '[us]'::text)", "Rows Removed by Filter": 150153}]}]}]}]}]}]}]}, {"Node Type": "Hash", "Parent Relationship": "Inner", "Startup Cost": 46117.27, "Total Cost": 46117.27, "Plan Rows": 3140338, "Plan Width": 20, "Actual Min Startup Time": 417.263, "Actual Max Startup Time": 613.937, "Actual Min Total Time": 417.263, "Actual Max Total Time": 613.937, "Actual Total Rows": 3140338, "Max Hash Buckets": 262144, "Min Hash Buckets": 262144, "Max Hash Batches": 1, "Min Hash Batches": 1, "Max Original Hash Batches": 1, "Min Original Hash Batches": 1, "Max Peak Memory Usage": 10347, "min Peak Memory Usage": 10347, "Plans": [{"Node Type": "Streaming(type: LOCAL REDISTRIBUTE dop: 16/16)", "Parent Relationship": "Outer", "Startup Cost": 0.0, "Total Cost": 46117.27, "Plan Rows": 3140338, "Plan Width": 20, "Actual Min Startup Time": 0.051, "Actual Max Startup Time": 41.823, "Actual Min Total Time": 335.206, "Actual Max Total Time": 532.902, "Actual Total Rows": 3140338, "Plans": [{"Node Type": "Seq Scan", "Parent Relationship": "Outer", "Relation Name": "char_name", "Alias": "chn", "Startup Cost": 0.0, "Total Cost": 19218.34, "Plan Rows": 3140338, "Plan Width": 20, "Actual Min Startup Time": 0.019, "Actual Max Startup Time": 0.062, "Actual Min Total Time": 57.374, "Actual Max Total Time": 66.634, "Actual Total Rows": 3140338}]}]}]}, {"Node Type": "Hash", "Parent Relationship": "Inner", "Startup Cost": 15002.07, "Total Cost": 15002.07, "Plan Rows": 48, "Plan Width": 4, "Actual Min Startup Time": 0.008, "Actual Max Startup Time": 0.021, "Actual Min Total Time": 0.008, "Actual Max Total Time": 0.021, "Actual Total Rows": 48, "Max Hash Buckets": 32768, "Min Hash Buckets": 32768, "Max Hash Batches": 1, "Min Hash Batches": 1, "Max Original Hash Batches": 1, "Min Original Hash Batches": 1, "Max Peak Memory Usage": 1, "min Peak Memory Usage": 1, "Plans": [{"Node Type": "Streaming(type: BROADCAST dop: 16/1)", "Parent Relationship": "Outer", "Startup Cost": 0.0, "Total Cost": 15002.07, "Plan Rows": 48, "Plan Width": 4, "Actual Min Startup Time": 0.004, "Actual Max Startup Time": 0.012, "Actual Min Total Time": 0.004, "Actual Max Total Time": 0.013, "Actual Total Rows": 48, "Plans": [{"Node Type": "Seq Scan", "Parent Relationship": "Outer", "Relation Name": "company_type", "Alias": "ct", "Startup Cost": 0.0, "Total Cost": 1.03, "Plan Rows": 3, "Plan Width": 4, "Actual Min Startup Time": 0.019, "Actual Max Startup Time": 0.019, "Actual Min Total Time": 0.021, "Actual Max Total Time": 0.021, "Actual Total Rows": 3}]}]}]}]}, {"Node Type": "Hash", "Parent Relationship": "Inner", "Startup Cost": 40775.83, "Total Cost": 40775.83, "Plan Rows": 1748840, "Plan Width": 21, "Actual Min Startup Time": 262.767, "Actual Max Startup Time": 471.782, "Actual Min Total Time": 262.767, "Actual Max Total Time": 471.782, "Actual Total Rows": 1749032, "Max Hash Buckets": 131072, "Min Hash Buckets": 131072, "Max Hash Batches": 1, "Min Hash Batches": 1, "Max Original Hash Batches": 1, "Min Original Hash Batches": 1, "Max Peak Memory Usage": 5875, "min Peak Memory Usage": 5875, "Plans": [{"Node Type": "Streaming(type: LOCAL REDISTRIBUTE dop: 16/16)", "Parent Relationship": "Outer", "Startup Cost": 0.0, "Total Cost": 40775.83, "Plan Rows": 1748840, "Plan Width": 21, "Actual Min Startup Time": 0.053, "Actual Max Startup Time": 123.387, "Actual Min Total Time": 228.641, "Actual Max Total Time": 434.39, "Actual Total Rows": 1749032, "Plans": [{"Node Type": "Seq Scan", "Parent Relationship": "Outer", "Relation Name": "title", "Alias": "t", "Startup Cost": 0.0, "Total Cost": 19149.37, "Plan Rows": 1748840, "Plan Width": 21, "Actual Min Startup Time": 0.03, "Actual Max Startup Time": 0.055, "Actual Min Total Time": 63.776, "Actual Max Total Time": 72.406, "Actual Total Rows": 1749032, "Filter": "(production_year > 1990), (LLVM Optimized, Jit Execute)", "Rows Removed by Filter": 779279}]}]}]}]}]}]}, "Triggers": [], "Planner Runtime": 79.462, "Total Runtime": 2215.31, "Unique SQL Id": 3145361615}}, "(16, 75)": {"explain_plan": {"Plan": {"Node Type": "Aggregate", "Strategy": "Plain", "Startup Cost": 6404836172964.85, "Total Cost": 6404836172964.86, "Plan Rows": 1, "Plan Width": 97, "Plans": [{"Node Type": "Hash Join", "Parent Relationship": "Outer", "Join Type": "Inner", "Startup Cost": 4427546227410.03, "Total Cost": 6404836168117.79, "Plan Rows": 969413, "Plan Width": 33, "Inner Unique": true, "Hash Cond": "(mc.company_type_id = ct.id), (LLVM Optimized)", "Plans": [{"Node Type": "Hash Join", "Parent Relationship": "Outer", "Join Type": "Inner", "Startup Cost": 3427546226580.49, "Total Cost": 5404836153958.82, "Plan Rows": 969413, "Plan Width": 37, "Inner Unique": true, "Hash Cond": "(mc.company_id = cn.id), (LLVM Optimized)", "Plans": [{"Node Type": "Merge Join", "Parent Relationship": "Outer", "Join Type": "Inner", "Startup Cost": 2427545175376.9, "Total Cost": 4404835085664.31, "Plan Rows": 1972473, "Plan Width": 41, "Inner Unique": false, "Merge Cond": "(t.id = ci.movie_id)", "Plans": [{"Node Type": "Merge Join", "Parent Relationship": "Outer", "Join Type": "Inner", "Startup Cost": 20021511654.95, "Total Cost": 1999075977462.98, "Plan Rows": 3614708, "Plan Width": 33, "Inner Unique": false, "Merge Cond": "(t.id = mc.movie_id)", "Plans": [{"Node Type": "Index Scan", "Parent Relationship": "Outer", "Scan Direction": "Forward", "Index Name": "title_pkey", "Relation Name": "title", "Alias": "t", "Startup Cost": 10000000000.0, "Total Cost": 1000011644126.66, "Plan Rows": 1748840, "Plan Width": 21, "Filter": "(production_year > 1990), (LLVM Optimized)"}, {"Node Type": "Materialize", "Parent Relationship": "Inner", "Startup Cost": 10000000000.0, "Total Cost": 1000013058468.95, "Plan Rows": 2609128, "Plan Width": 12, "Plans": [{"Node Type": "Index Scan", "Parent Relationship": "Outer", "Scan Direction": "Forward", "Index Name": "movie_id_movie_companies", "Relation Name": "movie_companies", "Alias": "mc", "Startup Cost": 10000000000.0, "Total Cost": 1000013051946.13, "Plan Rows": 2609128, "Plan Width": 12}]}]}, {"Node Type": "Sort", "Parent Relationship": "Inner", "Startup Cost": 2407523663721.91, "Total Cost": 2407523665462.74, "Plan Rows": 696330, "Plan Width": 20, "Sort Key": ["ci.movie_id"], "Plans": [{"Node Type": "Merge Join", "Parent Relationship": "Outer", "Join Type": "Inner", "Startup Cost": 1500023584927.4, "Total Cost": 2407523596145.13, "Plan Rows": 696330, "Plan Width": 20, "Inner Unique": false, "Merge Cond": "(rt.id = ci.role_id)", "Plans": [{"Node Type": "Index Only Scan", "Parent Relationship": "Outer", "Scan Direction": "Forward", "Index Name": "role_type_pkey", "Relation Name": "role_type", "Alias": "rt", "Startup Cost": 10000000000.0, "Total Cost": 1000000000843.0, "Plan Rows": 12, "Plan Width": 4}, {"Node Type": "Sort", "Parent Relationship": "Inner", "Startup Cost": 1490023584927.4, "Total Cost": 1490023586668.23, "Plan Rows": 696330, "Plan Width": 24, "Sort Key": ["ci.role_id"], "Plans": [{"Node Type": "Merge Join", "Parent Relationship": "Outer", "Join Type": "Inner", "Startup Cost": 59427507435.38, "Total Cost": 1490023517350.63, "Plan Rows": 696330, "Plan Width": 24, "Inner Unique": false, "Merge Cond": "(chn.id = ci.person_role_id)", "Plans": [{"Node Type": "Index Scan", "Parent Relationship": "Outer", "Scan Direction": "Forward", "Index Name": "char_name_pkey", "Relation Name": "char_name", "Alias": "chn", "Startup Cost": 10000000000.0, "Total Cost": 1000012987545.51, "Plan Rows": 3140338, "Plan Width": 20}, {"Node Type": "Index Scan", "Parent Relationship": "Inner", "Scan Direction": "Forward", "Index Name": "person_role_id_cast_info", "Relation Name": "cast_info", "Alias": "ci", "Startup Cost": 10000000000.0, "Total Cost": 1000202250807.98, "Plan Rows": 1436424, "Plan Width": 12, "Filter": "((note)::text ~~ '%(producer)%'::text), (LLVM Optimized)"}]}]}]}]}]}, {"Node Type": "Hash", "Parent Relationship": "Inner", "Startup Cost": 1000001050138.97, "Total Cost": 1000001050138.97, "Plan Rows": 85170, "Plan Width": 4, "Plans": [{"Node Type": "Index Scan", "Parent Relationship": "Outer", "Scan Direction": "Forward", "Index Name": "company_name_pkey", "Relation Name": "company_name", "Alias": "cn", "Startup Cost": 10000000000.0, "Total Cost": 1000001050138.97, "Plan Rows": 85170, "Plan Width": 4, "Filter": "((country_code)::text = '[us]'::text)"}]}]}, {"Node Type": "Hash", "Parent Relationship": "Inner", "Startup Cost": 1000000000829.5, "Total Cost": 1000000000829.5, "Plan Rows": 3, "Plan Width": 4, "Plans": [{"Node Type": "Index Only Scan", "Parent Relationship": "Outer", "Scan Direction": "Forward", "Index Name": "company_type_pkey", "Relation Name": "company_type", "Alias": "ct", "Startup Cost": 10000000000.0, "Total Cost": 1000000000829.5, "Plan Rows": 3, "Plan Width": 4}]}]}]}, "Unique SQL Id": 3145361615}, "explain_analyze_plan": null}, "(16, 76)": {"explain_plan": {"Plan": {"Node Type": "Aggregate", "Strategy": "Plain", "Startup Cost": 271604.22, "Total Cost": 271604.25, "Plan Rows": 1, "Plan Width": 97, "Plans": [{"Node Type": "Streaming(type: LOCAL GATHER dop: 1/16)", "Parent Relationship": "Outer", "Startup Cost": 271604.22, "Total Cost": 271604.25, "Plan Rows": 1, "Plan Width": 97, "Plans": [{"Node Type": "Aggregate", "Strategy": "Plain", "Parent Relationship": "Outer", "Startup Cost": 271604.22, "Total Cost": 271604.23, "Plan Rows": 1, "Plan Width": 97, "Plans": [{"Node Type": "Hash Join", "Parent Relationship": "Outer", "Join Type": "Inner", "Startup Cost": 144835.24, "Total Cost": 266757.16, "Plan Rows": 969413, "Plan Width": 33, "Inner Unique": true, "Hash Cond": "(mc.movie_id = t.id), (LLVM Optimized)", "Plans": [{"Node Type": "Streaming(type: LOCAL REDISTRIBUTE dop: 16/16)", "Parent Relationship": "Outer", "Startup Cost": 133275.0, "Total Cost": 254427.04, "Plan Rows": 699731, "Plan Width": 24, "Plans": [{"Node Type": "Hash Join", "Parent Relationship": "Outer", "Join Type": "Inner", "Startup Cost": 133275.0, "Total Cost": 236775.71, "Plan Rows": 699731, "Plan Width": 24, "Inner Unique": true, "Hash Cond": "(mc.company_type_id = ct.id), (LLVM Optimized)", "Plans": [{"Node Type": "Hash Join", "Parent Relationship": "Outer", "Join Type": "Inner", "Startup Cost": 118272.9, "Total Cost": 221172.28, "Plan Rows": 699731, "Plan Width": 28, "Inner Unique": true, "Hash Cond": "(ci.person_role_id = chn.id), (LLVM Optimized)", "Plans": [{"Node Type": "Streaming(type: LOCAL REDISTRIBUTE dop: 16/16)", "Parent Relationship": "Outer", "Startup Cost": 104290.19, "Total Cost": 206413.94, "Plan Rows": 1443440, "Plan Width": 16, "Plans": [{"Node Type": "Hash Join", "Parent Relationship": "Outer", "Join Type": "Inner", "Startup Cost": 104290.19, "Total Cost": 185944.65, "Plan Rows": 1443440, "Plan Width": 16, "Inner Unique": false, "Hash Cond": "(ci.movie_id = mc.movie_id), (LLVM Optimized)", "Plans": [{"Node Type": "Streaming(type: LOCAL REDISTRIBUTE dop: 16/16)", "Parent Relationship": "Outer", "Startup Cost": 15005.41, "Total Cost": 94859.97, "Plan Rows": 1436424, "Plan Width": 8, "Plans": [{"Node Type": "Hash Join", "Parent Relationship": "Outer", "Join Type": "Inner", "Startup Cost": 15005.41, "Total Cost": 74417.27, "Plan Rows": 1436424, "Plan Width": 8, "Inner Unique": true, "Hash Cond": "(ci.role_id = rt.id), (LLVM Optimized)", "Plans": [{"Node Type": "Seq Scan", "Parent Relationship": "Outer", "Relation Name": "cast_info", "Alias": "ci", "Startup Cost": 0.0, "Total Cost": 58282.92, "Plan Rows": 1436424, "Plan Width": 12, "Filter": "((note)::text ~~ '%(producer)%'::text), (LLVM Optimized)"}, {"Node Type": "Hash", "Parent Relationship": "Inner", "Startup Cost": 15005.26, "Total Cost": 15005.26, "Plan Rows": 192, "Plan Width": 4, "Plans": [{"Node Type": "Streaming(type: BROADCAST dop: 16/1)", "Parent Relationship": "Outer", "Startup Cost": 0.0, "Total Cost": 15005.26, "Plan Rows": 192, "Plan Width": 4, "Plans": [{"Node Type": "Seq Scan", "Parent Relationship": "Outer", "Relation Name": "role_type", "Alias": "rt", "Startup Cost": 0.0, "Total Cost": 1.12, "Plan Rows": 12, "Plan Width": 4}]}]}]}]}, {"Node Type": "Hash", "Parent Relationship": "Inner", "Startup Cost": 88282.97, "Total Cost": 88282.97, "Plan Rows": 1282311, "Plan Width": 8, "Plans": [{"Node Type": "Streaming(type: LOCAL REDISTRIBUTE dop: 16/16)", "Parent Relationship": "Outer", "Startup Cost": 24511.53, "Total Cost": 88282.97, "Plan Rows": 1282311, "Plan Width": 8, "Plans": [{"Node Type": "Hash Join", "Parent Relationship": "Outer", "Join Type": "Inner", "Startup Cost": 24511.53, "Total Cost": 68424.21, "Plan Rows": 1282311, "Plan Width": 8, "Inner Unique": true, "Hash Cond": "(mc.company_id = cn.id), (LLVM Optimized)", "Plans": [{"Node Type": "Streaming(type: LOCAL REDISTRIBUTE dop: 16/16)", "Parent Relationship": "Outer", "Startup Cost": 0.0, "Total Cost": 42499.73, "Plan Rows": 2609128, "Plan Width": 12, "Plans": [{"Node Type": "Seq Scan", "Parent Relationship": "Outer", "Relation Name": "movie_companies", "Alias": "mc", "Startup Cost": 0.0, "Total Cost": 17613.58, "Plan Rows": 2609128, "Plan Width": 12}]}, {"Node Type": "Hash", "Parent Relationship": "Inner", "Startup Cost": 24444.99, "Total Cost": 24444.99, "Plan Rows": 85170, "Plan Width": 4, "Plans": [{"Node Type": "Streaming(type: LOCAL REDISTRIBUTE dop: 16/1)", "Parent Relationship": "Outer", "Startup Cost": 0.0, "Total Cost": 24444.99, "Plan Rows": 85170, "Plan Width": 4, "Plans": [{"Node Type": "Seq Scan", "Parent Relationship": "Outer", "Relation Name": "company_name", "Alias": "cn", "Startup Cost": 0.0, "Total Cost": 5903.45, "Plan Rows": 85170, "Plan Width": 4, "Filter": "((country_code)::text = '[us]'::text)"}]}]}]}]}]}]}]}, {"Node Type": "Hash", "Parent Relationship": "Inner", "Startup Cost": 46117.27, "Total Cost": 46117.27, "Plan Rows": 3140338, "Plan Width": 20, "Plans": [{"Node Type": "Streaming(type: LOCAL REDISTRIBUTE dop: 16/16)", "Parent Relationship": "Outer", "Startup Cost": 0.0, "Total Cost": 46117.27, "Plan Rows": 3140338, "Plan Width": 20, "Plans": [{"Node Type": "Seq Scan", "Parent Relationship": "Outer", "Relation Name": "char_name", "Alias": "chn", "Startup Cost": 0.0, "Total Cost": 19218.34, "Plan Rows": 3140338, "Plan Width": 20}]}]}]}, {"Node Type": "Hash", "Parent Relationship": "Inner", "Startup Cost": 15002.07, "Total Cost": 15002.07, "Plan Rows": 48, "Plan Width": 4, "Plans": [{"Node Type": "Streaming(type: BROADCAST dop: 16/1)", "Parent Relationship": "Outer", "Startup Cost": 0.0, "Total Cost": 15002.07, "Plan Rows": 48, "Plan Width": 4, "Plans": [{"Node Type": "Seq Scan", "Parent Relationship": "Outer", "Relation Name": "company_type", "Alias": "ct", "Startup Cost": 0.0, "Total Cost": 1.03, "Plan Rows": 3, "Plan Width": 4}]}]}]}]}, {"Node Type": "Hash", "Parent Relationship": "Inner", "Startup Cost": 40775.83, "Total Cost": 40775.83, "Plan Rows": 1748840, "Plan Width": 21, "Plans": [{"Node Type": "Streaming(type: LOCAL REDISTRIBUTE dop: 16/16)", "Parent Relationship": "Outer", "Startup Cost": 0.0, "Total Cost": 40775.83, "Plan Rows": 1748840, "Plan Width": 21, "Plans": [{"Node Type": "Seq Scan", "Parent Relationship": "Outer", "Relation Name": "title", "Alias": "t", "Startup Cost": 0.0, "Total Cost": 19149.37, "Plan Rows": 1748840, "Plan Width": 21, "Filter": "(production_year > 1990), (LLVM Optimized)"}]}]}]}]}]}]}, "Unique SQL Id": 3145361615}, "explain_analyze_plan": {"Plan": {"Node Type": "Aggregate", "Strategy": "Plain", "Startup Cost": 271604.22, "Total Cost": 271604.25, "Plan Rows": 1, "Plan Width": 97, "Actual Min Startup Time": 2174.468, "Actual Max Startup Time": 2174.468, "Actual Min Total Time": 2174.468, "Actual Max Total Time": 2174.468, "Actual Total Rows": 1, "Plans": [{"Node Type": "Streaming(type: LOCAL GATHER dop: 1/16)", "Parent Relationship": "Outer", "Startup Cost": 271604.22, "Total Cost": 271604.25, "Plan Rows": 1, "Plan Width": 97, "Actual Min Startup Time": 2173.197, "Actual Max Startup Time": 2173.197, "Actual Min Total Time": 2174.438, "Actual Max Total Time": 2174.438, "Actual Total Rows": 16, "Plans": [{"Node Type": "Aggregate", "Strategy": "Plain", "Parent Relationship": "Outer", "Startup Cost": 271604.22, "Total Cost": 271604.23, "Plan Rows": 1, "Plan Width": 97, "Actual Min Startup Time": 1803.512, "Actual Max Startup Time": 2012.607, "Actual Min Total Time": 1803.512, "Actual Max Total Time": 2012.607, "Actual Total Rows": 16, "Plans": [{"Node Type": "Hash Join", "Parent Relationship": "Outer", "Join Type": "Inner", "Startup Cost": 144835.24, "Total Cost": 266757.16, "Plan Rows": 969413, "Plan Width": 33, "Actual Min Startup Time": 1803.506, "Actual Max Startup Time": 2012.599, "Actual Min Total Time": 1803.506, "Actual Max Total Time": 2012.599, "Actual Total Rows": 4, "Inner Unique": true, "Hash Cond": "(mc.movie_id = t.id), (LLVM Optimized, Jit Execute)", "Plans": [{"Node Type": "Streaming(type: LOCAL REDISTRIBUTE dop: 16/16)", "Parent Relationship": "Outer", "Startup Cost": 133275.0, "Total Cost": 254427.04, "Plan Rows": 699731, "Plan Width": 24, "Actual Min Startup Time": 1539.112, "Actual Max Startup Time": 1540.672, "Actual Min Total Time": 1540.566, "Actual Max Total Time": 1540.672, "Actual Total Rows": 6, "Plans": [{"Node Type": "Hash Join", "Parent Relationship": "Outer", "Join Type": "Inner", "Startup Cost": 133275.0, "Total Cost": 236775.71, "Plan Rows": 699731, "Plan Width": 24, "Actual Min Startup Time": 1800.076, "Actual Max Startup Time": 1996.771, "Actual Min Total Time": 1800.076, "Actual Max Total Time": 1996.771, "Actual Total Rows": 6, "Inner Unique": true, "Hash Cond": "(mc.company_type_id = ct.id), (LLVM Optimized, Jit Execute)", "Plans": [{"Node Type": "Hash Join", "Parent Relationship": "Outer", "Join Type": "Inner", "Startup Cost": 118272.9, "Total Cost": 221172.28, "Plan Rows": 699731, "Plan Width": 28, "Actual Min Startup Time": 1798.629, "Actual Max Startup Time": 1995.334, "Actual Min Total Time": 1798.629, "Actual Max Total Time": 1995.334, "Actual Total Rows": 14, "Inner Unique": true, "Hash Cond": "(ci.person_role_id = chn.id), (LLVM Optimized, Jit Execute)", "Plans": [{"Node Type": "Streaming(type: LOCAL REDISTRIBUTE dop: 16/16)", "Parent Relationship": "Outer", "Startup Cost": 104290.19, "Total Cost": 206413.94, "Plan Rows": 1443440, "Plan Width": 16, "Actual Min Startup Time": 249.791, "Actual Max Startup Time": 1381.119, "Actual Min Total Time": 1250.62, "Actual Max Total Time": 1381.119, "Actual Total Rows": 1210267, "Plans": [{"Node Type": "Hash Join", "Parent Relationship": "Outer", "Join Type": "Inner", "Startup Cost": 104290.19, "Total Cost": 185944.65, "Plan Rows": 1443440, "Plan Width": 16, "Actual Min Startup Time": 675.237, "Actual Max Startup Time": 871.852, "Actual Min Total Time": 1272.7, "Actual Max Total Time": 1501.609, "Actual Total Rows": 1210267, "Inner Unique": false, "Hash Cond": "(ci.movie_id = mc.movie_id), (LLVM Optimized, Jit Execute)", "Plans": [{"Node Type": "Streaming(type: LOCAL REDISTRIBUTE dop: 16/16)", "Parent Relationship": "Outer", "Startup Cost": 15005.41, "Total Cost": 94859.97, "Plan Rows": 1436424, "Plan Width": 8, "Actual Min Startup Time": 0.06, "Actual Max Startup Time": 3.768, "Actual Min Total Time": 546.912, "Actual Max Total Time": 583.512, "Actual Total Rows": 1435439, "Plans": [{"Node Type": "Hash Join", "Parent Relationship": "Outer", "Join Type": "Inner", "Startup Cost": 15005.41, "Total Cost": 74417.27, "Plan Rows": 1436424, "Plan Width": 8, "Actual Min Startup Time": 44.696, "Actual Max Startup Time": 357.961, "Actual Min Total Time": 754.774, "Actual Max Total Time": 806.064, "Actual Total Rows": 1435439, "Inner Unique": true, "Hash Cond": "(ci.role_id = rt.id), (LLVM Optimized, Jit Execute)", "Plans": [{"Node Type": "Seq Scan", "Parent Relationship": "Outer", "Relation Name": "cast_info", "Alias": "ci", "Startup Cost": 0.0, "Total Cost": 58282.92, "Plan Rows": 1436424, "Plan Width": 12, "Actual Min Startup Time": 44.599, "Actual Max Startup Time": 357.822, "Actual Min Total Time": 710.585, "Actual Max Total Time": 748.368, "Actual Total Rows": 1435439, "Filter": "((note)::text ~~ '%(producer)%'::text), (LLVM Optimized, Jit Execute)", "Rows Removed by Filter": 34808904}, {"Node Type": "Hash", "Parent Relationship": "Inner", "Startup Cost": 15005.26, "Total Cost": 15005.26, "Plan Rows": 192, "Plan Width": 4, "Actual Min Startup Time": 0.018, "Actual Max Startup Time": 46.807, "Actual Min Total Time": 0.018, "Actual Max Total Time": 46.807, "Actual Total Rows": 192, "Max Hash Buckets": 32768, "Min Hash Buckets": 32768, "Max Hash Batches": 1, "Min Hash Batches": 1, "Max Original Hash Batches": 1, "Min Original Hash Batches": 1, "Max Peak Memory Usage": 1, "min Peak Memory Usage": 1, "Plans": [{"Node Type": "Streaming(type: BROADCAST dop: 16/1)", "Parent Relationship": "Outer", "Startup Cost": 0.0, "Total Cost": 15005.26, "Plan Rows": 192, "Plan Width": 4, "Actual Min Startup Time": 0.006, "Actual Max Startup Time": 42.649, "Actual Min Total Time": 0.007, "Actual Max Total Time": 42.651, "Actual Total Rows": 192, "Plans": [{"Node Type": "Seq Scan", "Parent Relationship": "Outer", "Relation Name": "role_type", "Alias": "rt", "Startup Cost": 0.0, "Total Cost": 1.12, "Plan Rows": 12, "Plan Width": 4, "Actual Min Startup Time": 0.013, "Actual Max Startup Time": 0.013, "Actual Min Total Time": 0.017, "Actual Max Total Time": 0.017, "Actual Total Rows": 12}]}]}]}]}, {"Node Type": "Hash", "Parent Relationship": "Inner", "Startup Cost": 88282.97, "Total Cost": 88282.97, "Plan Rows": 1282311, "Plan Width": 8, "Actual Min Startup Time": 674.911, "Actual Max Startup Time": 871.504, "Actual Min Total Time": 674.911, "Actual Max Total Time": 871.504, "Actual Total Rows": 1153797, "Max Hash Buckets": 131072, "Min Hash Buckets": 131072, "Max Hash Batches": 1, "Min Hash Batches": 1, "Max Original Hash Batches": 1, "Min Original Hash Batches": 1, "Max Peak Memory Usage": 2824, "min Peak Memory Usage": 2824, "Plans": [{"Node Type": "Streaming(type: LOCAL REDISTRIBUTE dop: 16/16)", "Parent Relationship": "Outer", "Startup Cost": 24511.53, "Total Cost": 88282.97, "Plan Rows": 1282311, "Plan Width": 8, "Actual Min Startup Time": 165.521, "Actual Max Startup Time": 362.413, "Actual Min Total Time": 648.186, "Actual Max Total Time": 846.134, "Actual Total Rows": 1153797, "Plans": [{"Node Type": "Hash Join", "Parent Relationship": "Outer", "Join Type": "Inner", "Startup Cost": 24511.53, "Total Cost": 68424.21, "Plan Rows": 1282311, "Plan Width": 8, "Actual Min Startup Time": 157.625, "Actual Max Startup Time": 309.504, "Actual Min Total Time": 514.764, "Actual Max Total Time": 746.156, "Actual Total Rows": 1153797, "Inner Unique": true, "Hash Cond": "(mc.company_id = cn.id), (LLVM Optimized, Jit Execute)", "Plans": [{"Node Type": "Streaming(type: LOCAL REDISTRIBUTE dop: 16/16)", "Parent Relationship": "Outer", "Startup Cost": 0.0, "Total Cost": 42499.73, "Plan Rows": 2609128, "Plan Width": 12, "Actual Min Startup Time": 0.065, "Actual Max Startup Time": 1.561, "Actual Min Total Time": 285.138, "Actual Max Total Time": 396.063, "Actual Total Rows": 2609128, "Plans": [{"Node Type": "Seq Scan", "Parent Relationship": "Outer", "Relation Name": "movie_companies", "Alias": "mc", "Startup Cost": 0.0, "Total Cost": 17613.58, "Plan Rows": 2609128, "Plan Width": 12, "Actual Min Startup Time": 0.025, "Actual Max Startup Time": 0.05, "Actual Min Total Time": 41.101, "Actual Max Total Time": 52.364, "Actual Total Rows": 2609128}]}, {"Node Type": "Hash", "Parent Relationship": "Inner", "Startup Cost": 24444.99, "Total Cost": 24444.99, "Plan Rows": 85170, "Plan Width": 4, "Actual Min Startup Time": 156.603, "Actual Max Startup Time": 309.356, "Actual Min Total Time": 156.603, "Actual Max Total Time": 309.356, "Actual Total Rows": 84843, "Max Hash Buckets": 32768, "Min Hash Buckets": 32768, "Max Hash Batches": 1, "Min Hash Batches": 1, "Max Original Hash Batches": 1, "Min Original Hash Batches": 1, "Max Peak Memory Usage": 182, "min Peak Memory Usage": 182, "Plans": [{"Node Type": "Streaming(type: LOCAL REDISTRIBUTE dop: 16/1)", "Parent Relationship": "Outer", "Startup Cost": 0.0, "Total Cost": 24444.99, "Plan Rows": 85170, "Plan Width": 4, "Actual Min Startup Time": 0.036, "Actual Max Startup Time": 144.9, "Actual Min Total Time": 154.794, "Actual Max Total Time": 307.673, "Actual Total Rows": 84843, "Plans": [{"Node Type": "Seq Scan", "Parent Relationship": "Outer", "Relation Name": "company_name", "Alias": "cn", "Startup Cost": 0.0, "Total Cost": 5903.45, "Plan Rows": 85170, "Plan Width": 4, "Actual Min Startup Time": 0.073, "Actual Max Startup Time": 0.073, "Actual Min Total Time": 90.6, "Actual Max Total Time": 90.6, "Actual Total Rows": 84843, "Filter": "((country_code)::text = '[us]'::text)", "Rows Removed by Filter": 150153}]}]}]}]}]}]}]}, {"Node Type": "Hash", "Parent Relationship": "Inner", "Startup Cost": 46117.27, "Total Cost": 46117.27, "Plan Rows": 3140338, "Plan Width": 20, "Actual Min Startup Time": 417.263, "Actual Max Startup Time": 613.937, "Actual Min Total Time": 417.263, "Actual Max Total Time": 613.937, "Actual Total Rows": 3140338, "Max Hash Buckets": 262144, "Min Hash Buckets": 262144, "Max Hash Batches": 1, "Min Hash Batches": 1, "Max Original Hash Batches": 1, "Min Original Hash Batches": 1, "Max Peak Memory Usage": 10347, "min Peak Memory Usage": 10347, "Plans": [{"Node Type": "Streaming(type: LOCAL REDISTRIBUTE dop: 16/16)", "Parent Relationship": "Outer", "Startup Cost": 0.0, "Total Cost": 46117.27, "Plan Rows": 3140338, "Plan Width": 20, "Actual Min Startup Time": 0.051, "Actual Max Startup Time": 41.823, "Actual Min Total Time": 335.206, "Actual Max Total Time": 532.902, "Actual Total Rows": 3140338, "Plans": [{"Node Type": "Seq Scan", "Parent Relationship": "Outer", "Relation Name": "char_name", "Alias": "chn", "Startup Cost": 0.0, "Total Cost": 19218.34, "Plan Rows": 3140338, "Plan Width": 20, "Actual Min Startup Time": 0.019, "Actual Max Startup Time": 0.062, "Actual Min Total Time": 57.374, "Actual Max Total Time": 66.634, "Actual Total Rows": 3140338}]}]}]}, {"Node Type": "Hash", "Parent Relationship": "Inner", "Startup Cost": 15002.07, "Total Cost": 15002.07, "Plan Rows": 48, "Plan Width": 4, "Actual Min Startup Time": 0.008, "Actual Max Startup Time": 0.021, "Actual Min Total Time": 0.008, "Actual Max Total Time": 0.021, "Actual Total Rows": 48, "Max Hash Buckets": 32768, "Min Hash Buckets": 32768, "Max Hash Batches": 1, "Min Hash Batches": 1, "Max Original Hash Batches": 1, "Min Original Hash Batches": 1, "Max Peak Memory Usage": 1, "min Peak Memory Usage": 1, "Plans": [{"Node Type": "Streaming(type: BROADCAST dop: 16/1)", "Parent Relationship": "Outer", "Startup Cost": 0.0, "Total Cost": 15002.07, "Plan Rows": 48, "Plan Width": 4, "Actual Min Startup Time": 0.004, "Actual Max Startup Time": 0.012, "Actual Min Total Time": 0.004, "Actual Max Total Time": 0.013, "Actual Total Rows": 48, "Plans": [{"Node Type": "Seq Scan", "Parent Relationship": "Outer", "Relation Name": "company_type", "Alias": "ct", "Startup Cost": 0.0, "Total Cost": 1.03, "Plan Rows": 3, "Plan Width": 4, "Actual Min Startup Time": 0.019, "Actual Max Startup Time": 0.019, "Actual Min Total Time": 0.021, "Actual Max Total Time": 0.021, "Actual Total Rows": 3}]}]}]}]}, {"Node Type": "Hash", "Parent Relationship": "Inner", "Startup Cost": 40775.83, "Total Cost": 40775.83, "Plan Rows": 1748840, "Plan Width": 21, "Actual Min Startup Time": 262.767, "Actual Max Startup Time": 471.782, "Actual Min Total Time": 262.767, "Actual Max Total Time": 471.782, "Actual Total Rows": 1749032, "Max Hash Buckets": 131072, "Min Hash Buckets": 131072, "Max Hash Batches": 1, "Min Hash Batches": 1, "Max Original Hash Batches": 1, "Min Original Hash Batches": 1, "Max Peak Memory Usage": 5875, "min Peak Memory Usage": 5875, "Plans": [{"Node Type": "Streaming(type: LOCAL REDISTRIBUTE dop: 16/16)", "Parent Relationship": "Outer", "Startup Cost": 0.0, "Total Cost": 40775.83, "Plan Rows": 1748840, "Plan Width": 21, "Actual Min Startup Time": 0.053, "Actual Max Startup Time": 123.387, "Actual Min Total Time": 228.641, "Actual Max Total Time": 434.39, "Actual Total Rows": 1749032, "Plans": [{"Node Type": "Seq Scan", "Parent Relationship": "Outer", "Relation Name": "title", "Alias": "t", "Startup Cost": 0.0, "Total Cost": 19149.37, "Plan Rows": 1748840, "Plan Width": 21, "Actual Min Startup Time": 0.03, "Actual Max Startup Time": 0.055, "Actual Min Total Time": 63.776, "Actual Max Total Time": 72.406, "Actual Total Rows": 1749032, "Filter": "(production_year > 1990), (LLVM Optimized, Jit Execute)", "Rows Removed by Filter": 779279}]}]}]}]}]}]}, "Triggers": [], "Planner Runtime": 79.462, "Total Runtime": 2215.31, "Unique SQL Id": 3145361615}}, "(16, 77)": {"explain_plan": {"Plan": {"Node Type": "Aggregate", "Strategy": "Plain", "Startup Cost": 1361604.33, "Total Cost": 1361604.35, "Plan Rows": 1, "Plan Width": 97, "Plans": [{"Node Type": "Streaming(type: LOCAL GATHER dop: 1/16)", "Parent Relationship": "Outer", "Startup Cost": 1361604.33, "Total Cost": 1361604.35, "Plan Rows": 1, "Plan Width": 97, "Plans": [{"Node Type": "Aggregate", "Strategy": "Plain", "Parent Relationship": "Outer", "Startup Cost": 1361604.33, "Total Cost": 1361604.34, "Plan Rows": 1, "Plan Width": 97, "Plans": [{"Node Type": "Hash Join", "Parent Relationship": "Outer", "Join Type": "Inner", "Startup Cost": 242032.06, "Total Cost": 1356757.26, "Plan Rows": 969413, "Plan Width": 33, "Inner Unique": true, "Hash Cond": "(mc.movie_id = t.id), (LLVM Optimized)", "Plans": [{"Node Type": "Streaming(type: LOCAL REDISTRIBUTE dop: 16/16)", "Parent Relationship": "Outer", "Startup Cost": 209806.01, "Total Cost": 1323761.33, "Plan Rows": 699731, "Plan Width": 24, "Plans": [{"Node Type": "Hash Join", "Parent Relationship": "Outer", "Join Type": "Inner", "Startup Cost": 209806.01, "Total Cost": 1306110.01, "Plan Rows": 699731, "Plan Width": 24, "Inner Unique": true, "Hash Cond": "(ci.role_id = rt.id), (LLVM Optimized)", "Plans": [{"Node Type": "Hash Join", "Parent Relationship": "Outer", "Join Type": "Inner", "Startup Cost": 194789.28, "Total Cost": 1290491.95, "Plan Rows": 699731, "Plan Width": 28, "Inner Unique": true, "Hash Cond": "(mc.company_type_id = ct.id), (LLVM Optimized)", "Plans": [{"Node Type": "Hash Join", "Parent Relationship": "Outer", "Join Type": "Inner", "Startup Cost": 179775.92, "Total Cost": 1274877.25, "Plan Rows": 699731, "Plan Width": 32, "Inner Unique": true, "Hash Cond": "(mc.company_id = cn.id), (LLVM Optimized)", "Plans": [{"Node Type": "Streaming(type: LOCAL REDISTRIBUTE dop: 16/16)", "Parent Relationship": "Outer", "Startup Cost": 172448.64, "Total Cost": 1266778.96, "Plan Rows": 1423748, "Plan Width": 36, "Plans": [{"Node Type": "Hash Join", "Parent Relationship": "Outer", "Join Type": "Inner", "Startup Cost": 172448.64, "Total Cost": 1246384.29, "Plan Rows": 1423748, "Plan Width": 36, "Inner Unique": true, "Hash Cond": "(ci.person_role_id = chn.id), (LLVM Optimized)", "Plans": [{"Node Type": "Streaming(type: LOCAL REDISTRIBUTE dop: 16/16)", "Parent Relationship": "Outer", "Startup Cost": 110646.13, "Total Cost": 1183003.58, "Plan Rows": 2936978, "Plan Width": 24, "Plans": [{"Node Type": "Hash Join", "Parent Relationship": "Outer", "Join Type": "Inner", "Startup Cost": 110646.13, "Total Cost": 1156875.19, "Plan Rows": 2936978, "Plan Width": 24, "Inner Unique": false, "Hash Cond": "(ci.movie_id = mc.movie_id), (LLVM Optimized)", "Plans": [{"Node Type": "Streaming(type: LOCAL REDISTRIBUTE dop: 16/16)", "Parent Relationship": "Outer", "Startup Cost": 0.0, "Total Cost": 1042710.15, "Plan Rows": 1436424, "Plan Width": 12, "Plans": [{"Node Type": "Index Scan", "Parent Relationship": "Outer", "Scan Direction": "Forward", "Index Name": "role_id_cast_info", "Relation Name": "cast_info", "Alias": "ci", "Startup Cost": 0.0, "Total Cost": 1022267.45, "Plan Rows": 1436424, "Plan Width": 12, "Filter": "((note)::text ~~ '%(producer)%'::text), (LLVM Optimized)"}]}, {"Node Type": "Hash", "Parent Relationship": "Inner", "Startup Cost": 108607.74, "Total Cost": 108607.74, "Plan Rows": 2609128, "Plan Width": 12, "Plans": [{"Node Type": "Streaming(type: LOCAL REDISTRIBUTE dop: 16/16)", "Parent Relationship": "Outer", "Startup Cost": 0.0, "Total Cost": 108607.74, "Plan Rows": 2609128, "Plan Width": 12, "Plans": [{"Node Type": "Index Scan", "Parent Relationship": "Outer", "Scan Direction": "Forward", "Index Name": "company_type_id_movie_companies", "Relation Name": "movie_companies", "Alias": "mc", "Startup Cost": 0.0, "Total Cost": 83721.6, "Plan Rows": 2609128, "Plan Width": 12}]}]}]}]}, {"Node Type": "Hash", "Parent Relationship": "Inner", "Startup Cost": 142333.72, "Total Cost": 142333.72, "Plan Rows": 3140338, "Plan Width": 20, "Plans": [{"Node Type": "Streaming(type: LOCAL REDISTRIBUTE dop: 16/16)", "Parent Relationship": "Outer", "Startup Cost": 0.0, "Total Cost": 142333.72, "Plan Rows": 3140338, "Plan Width": 20, "Plans": [{"Node Type": "Index Scan", "Parent Relationship": "Outer", "Scan Direction": "Forward", "Index Name": "char_name_pkey", "Relation Name": "char_name", "Alias": "chn", "Startup Cost": 0.0, "Total Cost": 115434.79, "Plan Rows": 3140338, "Plan Width": 20}]}]}]}]}, {"Node Type": "Hash", "Parent Relationship": "Inner", "Startup Cost": 29042.93, "Total Cost": 29042.93, "Plan Rows": 85170, "Plan Width": 4, "Plans": [{"Node Type": "Streaming(type: LOCAL REDISTRIBUTE dop: 16/1)", "Parent Relationship": "Outer", "Startup Cost": 0.0, "Total Cost": 29042.93, "Plan Rows": 85170, "Plan Width": 4, "Plans": [{"Node Type": "Index Scan", "Parent Relationship": "Outer", "Scan Direction": "Forward", "Index Name": "company_name_pkey", "Relation Name": "company_name", "Alias": "cn", "Startup Cost": 0.0, "Total Cost": 10501.39, "Plan Rows": 85170, "Plan Width": 4, "Filter": "((country_code)::text = '[us]'::text)"}]}]}]}, {"Node Type": "Hash", "Parent Relationship": "Inner", "Startup Cost": 15013.33, "Total Cost": 15013.33, "Plan Rows": 48, "Plan Width": 4, "Plans": [{"Node Type": "Streaming(type: BROADCAST dop: 16/1)", "Parent Relationship": "Outer", "Startup Cost": 0.0, "Total Cost": 15013.33, "Plan Rows": 48, "Plan Width": 4, "Plans": [{"Node Type": "Index Scan", "Parent Relationship": "Outer", "Scan Direction": "Forward", "Index Name": "company_type_pkey", "Relation Name": "company_type", "Alias": "ct", "Startup Cost": 0.0, "Total Cost": 12.29, "Plan Rows": 3, "Plan Width": 4}]}]}]}, {"Node Type": "Hash", "Parent Relationship": "Inner", "Startup Cost": 15016.57, "Total Cost": 15016.57, "Plan Rows": 192, "Plan Width": 4, "Plans": [{"Node Type": "Streaming(type: BROADCAST dop: 16/1)", "Parent Relationship": "Outer", "Startup Cost": 0.0, "Total Cost": 15016.57, "Plan Rows": 192, "Plan Width": 4, "Plans": [{"Node Type": "Index Scan", "Parent Relationship": "Outer", "Scan Direction": "Forward", "Index Name": "role_type_pkey", "Relation Name": "role_type", "Alias": "rt", "Startup Cost": 0.0, "Total Cost": 12.43, "Plan Rows": 12, "Plan Width": 4}]}]}]}]}, {"Node Type": "Hash", "Parent Relationship": "Inner", "Startup Cost": 123439.09, "Total Cost": 123439.09, "Plan Rows": 1748840, "Plan Width": 21, "Plans": [{"Node Type": "Streaming(type: LOCAL REDISTRIBUTE dop: 16/16)", "Parent Relationship": "Outer", "Startup Cost": 0.0, "Total Cost": 123439.09, "Plan Rows": 1748840, "Plan Width": 21, "Plans": [{"Node Type": "Index Scan", "Parent Relationship": "Outer", "Scan Direction": "Forward", "Index Name": "title_pkey", "Relation Name": "title", "Alias": "t", "Startup Cost": 0.0, "Total Cost": 101812.62, "Plan Rows": 1748840, "Plan Width": 21, "Filter": "(production_year > 1990), (LLVM Optimized)"}]}]}]}]}]}]}, "Unique SQL Id": 3145361615}, "explain_analyze_plan": {"Plan": {"Node Type": "Aggregate", "Strategy": "Plain", "Startup Cost": 1361604.33, "Total Cost": 1361604.35, "Plan Rows": 1, "Plan Width": 97, "Actual Min Startup Time": 4070.818, "Actual Max Startup Time": 4070.818, "Actual Min Total Time": 4070.818, "Actual Max Total Time": 4070.818, "Actual Total Rows": 1, "Plans": [{"Node Type": "Streaming(type: LOCAL GATHER dop: 1/16)", "Parent Relationship": "Outer", "Startup Cost": 1361604.33, "Total Cost": 1361604.35, "Plan Rows": 1, "Plan Width": 97, "Actual Min Startup Time": 4069.243, "Actual Max Startup Time": 4069.243, "Actual Min Total Time": 4070.783, "Actual Max Total Time": 4070.783, "Actual Total Rows": 16, "Plans": [{"Node Type": "Aggregate", "Strategy": "Plain", "Parent Relationship": "Outer", "Startup Cost": 1361604.33, "Total Cost": 1361604.34, "Plan Rows": 1, "Plan Width": 97, "Actual Min Startup Time": 3673.395, "Actual Max Startup Time": 3773.514, "Actual Min Total Time": 3673.395, "Actual Max Total Time": 3773.514, "Actual Total Rows": 16, "Plans": [{"Node Type": "Hash Join", "Parent Relationship": "Outer", "Join Type": "Inner", "Startup Cost": 242032.06, "Total Cost": 1356757.26, "Plan Rows": 969413, "Plan Width": 33, "Actual Min Startup Time": 3673.262, "Actual Max Startup Time": 3773.348, "Actual Min Total Time": 3673.375, "Actual Max Total Time": 3773.491, "Actual Total Rows": 4, "Inner Unique": true, "Hash Cond": "(mc.movie_id = t.id), (LLVM Optimized, Jit Execute)", "Plans": [{"Node Type": "Streaming(type: LOCAL REDISTRIBUTE dop: 16/16)", "Parent Relationship": "Outer", "Startup Cost": 209806.01, "Total Cost": 1323761.33, "Plan Rows": 699731, "Plan Width": 24, "Actual Min Startup Time": 2943.476, "Actual Max Startup Time": 2945.161, "Actual Min Total Time": 2945.054, "Actual Max Total Time": 2945.161, "Actual Total Rows": 6, "Plans": [{"Node Type": "Hash Join", "Parent Relationship": "Outer", "Join Type": "Inner", "Startup Cost": 209806.01, "Total Cost": 1306110.01, "Plan Rows": 699731, "Plan Width": 24, "Actual Min Startup Time": 3670.314, "Actual Max Startup Time": 3814.506, "Actual Min Total Time": 3670.314, "Actual Max Total Time": 3814.675, "Actual Total Rows": 6, "Inner Unique": true, "Hash Cond": "(ci.role_id = rt.id), (LLVM Optimized, Jit Execute)", "Plans": [{"Node Type": "Hash Join", "Parent Relationship": "Outer", "Join Type": "Inner", "Startup Cost": 194789.28, "Total Cost": 1290491.95, "Plan Rows": 699731, "Plan Width": 28, "Actual Min Startup Time": 3670.219, "Actual Max Startup Time": 3814.424, "Actual Min Total Time": 3670.219, "Actual Max Total Time": 3814.57, "Actual Total Rows": 6, "Inner Unique": true, "Hash Cond": "(mc.company_type_id = ct.id), (LLVM Optimized, Jit Execute)", "Plans": [{"Node Type": "Hash Join", "Parent Relationship": "Outer", "Join Type": "Inner", "Startup Cost": 179775.92, "Total Cost": 1274877.25, "Plan Rows": 699731, "Plan Width": 32, "Actual Min Startup Time": 3670.123, "Actual Max Startup Time": 3814.341, "Actual Min Total Time": 3670.123, "Actual Max Total Time": 3814.45, "Actual Total Rows": 14, "Inner Unique": true, "Hash Cond": "(mc.company_id = cn.id), (LLVM Optimized, Jit Execute)", "Plans": [{"Node Type": "Streaming(type: LOCAL REDISTRIBUTE dop: 16/16)", "Parent Relationship": "Outer", "Startup Cost": 172448.64, "Total Cost": 1266778.96, "Plan Rows": 1423748, "Plan Width": 36, "Actual Min Startup Time": 3131.057, "Actual Max Startup Time": 3131.301, "Actual Min Total Time": 3131.165, "Actual Max Total Time": 3131.301, "Actual Total Rows": 31, "Plans": [{"Node Type": "Hash Join", "Parent Relationship": "Outer", "Join Type": "Inner", "Startup Cost": 172448.64, "Total Cost": 1246384.29, "Plan Rows": 1423748, "Plan Width": 36, "Actual Min Startup Time": 3669.879, "Actual Max Startup Time": 3812.192, "Actual Min Total Time": 3669.879, "Actual Max Total Time": 3812.192, "Actual Total Rows": 31, "Inner Unique": true, "Hash Cond": "(ci.person_role_id = chn.id), (LLVM Optimized, Jit Execute)", "Plans": [{"Node Type": "Streaming(type: LOCAL REDISTRIBUTE dop: 16/16)", "Parent Relationship": "Outer", "Startup Cost": 110646.13, "Total Cost": 1183003.58, "Plan Rows": 2936978, "Plan Width": 24, "Actual Min Startup Time": 0.059, "Actual Max Startup Time": 2797.125, "Actual Min Total Time": 2502.657, "Actual Max Total Time": 2797.125, "Actual Total Rows": 2743255, "Plans": [{"Node Type": "Hash Join", "Parent Relationship": "Outer", "Join Type": "Inner", "Startup Cost": 110646.13, "Total Cost": 1156875.19, "Plan Rows": 2936978, "Plan Width": 24, "Actual Min Startup Time": 499.699, "Actual Max Startup Time": 971.384, "Actual Min Total Time": 2980.239, "Actual Max Total Time": 3575.925, "Actual Total Rows": 2743255, "Inner Unique": false, "Hash Cond": "(ci.movie_id = mc.movie_id), (LLVM Optimized, Jit Execute)", "Plans": [{"Node Type": "Streaming(type: LOCAL REDISTRIBUTE dop: 16/16)", "Parent Relationship": "Outer", "Startup Cost": 0.0, "Total Cost": 1042710.15, "Plan Rows": 1436424, "Plan Width": 12, "Actual Min Startup Time": 0.062, "Actual Max Startup Time": 372.47, "Actual Min Total Time": 2372.76, "Actual Max Total Time": 2906.29, "Actual Total Rows": 1435439, "Plans": [{"Node Type": "Index Scan", "Parent Relationship": "Outer", "Scan Direction": "Forward", "Index Name": "role_id_cast_info", "Relation Name": "cast_info", "Alias": "ci", "Startup Cost": 0.0, "Total Cost": 1022267.45, "Plan Rows": 1436424, "Plan Width": 12, "Actual Min Startup Time": 452.259, "Actual Max Startup Time": 2340.718, "Actual Min Total Time": 1459.545, "Actual Max Total Time": 2340.718, "Actual Total Rows": 1435439, "Filter": "((note)::text ~~ '%(producer)%'::text), (LLVM Optimized, Jit Execute)", "Rows Removed by Filter": 34808904}]}, {"Node Type": "Hash", "Parent Relationship": "Inner", "Startup Cost": 108607.74, "Total Cost": 108607.74, "Plan Rows": 2609128, "Plan Width": 12, "Actual Min Startup Time": 499.402, "Actual Max Startup Time": 600.132, "Actual Min Total Time": 499.402, "Actual Max Total Time": 600.132, "Actual Total Rows": 2609128, "Max Hash Buckets": 262144, "Min Hash Buckets": 262144, "Max Hash Batches": 1, "Min Hash Batches": 1, "Max Original Hash Batches": 1, "Min Original Hash Batches": 1, "Max Peak Memory Usage": 7036, "min Peak Memory Usage": 7036, "Plans": [{"Node Type": "Streaming(type: LOCAL REDISTRIBUTE dop: 16/16)", "Parent Relationship": "Outer", "Startup Cost": 0.0, "Total Cost": 108607.74, "Plan Rows": 2609128, "Plan Width": 12, "Actual Min Startup Time": 0.055, "Actual Max Startup Time": 0.124, "Actual Min Total Time": 404.754, "Actual Max Total Time": 527.203, "Actual Total Rows": 2609128, "Plans": [{"Node Type": "Index Scan", "Parent Relationship": "Outer", "Scan Direction": "Forward", "Index Name": "company_type_id_movie_companies", "Relation Name": "movie_companies", "Alias": "mc", "Startup Cost": 0.0, "Total Cost": 83721.6, "Plan Rows": 2609128, "Plan Width": 12, "Actual Min Startup Time": 6.187, "Actual Max Startup Time": 69.596, "Actual Min Total Time": 125.692, "Actual Max Total Time": 188.371, "Actual Total Rows": 2609128}]}]}]}]}, {"Node Type": "Hash", "Parent Relationship": "Inner", "Startup Cost": 142333.72, "Total Cost": 142333.72, "Plan Rows": 3140338, "Plan Width": 20, "Actual Min Startup Time": 872.572, "Actual Max Startup Time": 1014.805, "Actual Min Total Time": 872.572, "Actual Max Total Time": 1014.805, "Actual Total Rows": 3140338, "Max Hash Buckets": 262144, "Min Hash Buckets": 262144, "Max Hash Batches": 1, "Min Hash Batches": 1, "Max Original Hash Batches": 1, "Min Original Hash Batches": 1, "Max Peak Memory Usage": 10347, "min Peak Memory Usage": 10347, "Plans": [{"Node Type": "Streaming(type: LOCAL REDISTRIBUTE dop: 16/16)", "Parent Relationship": "Outer", "Startup Cost": 0.0, "Total Cost": 142333.72, "Plan Rows": 3140338, "Plan Width": 20, "Actual Min Startup Time": 0.048, "Actual Max Startup Time": 0.183, "Actual Min Total Time": 755.905, "Actual Max Total Time": 895.349, "Actual Total Rows": 3140338, "Plans": [{"Node Type": "Index Scan", "Parent Relationship": "Outer", "Scan Direction": "Forward", "Index Name": "char_name_pkey", "Relation Name": "char_name", "Alias": "chn", "Startup Cost": 0.0, "Total Cost": 115434.79, "Plan Rows": 3140338, "Plan Width": 20, "Actual Min Startup Time": 0.083, "Actual Max Startup Time": 46.298, "Actual Min Total Time": 334.614, "Actual Max Total Time": 534.867, "Actual Total Rows": 3140338}]}]}]}]}, {"Node Type": "Hash", "Parent Relationship": "Inner", "Startup Cost": 29042.93, "Total Cost": 29042.93, "Plan Rows": 85170, "Plan Width": 4, "Actual Min Startup Time": 538.789, "Actual Max Startup Time": 683.129, "Actual Min Total Time": 538.789, "Actual Max Total Time": 683.129, "Actual Total Rows": 84843, "Max Hash Buckets": 32768, "Min Hash Buckets": 32768, "Max Hash Batches": 1, "Min Hash Batches": 1, "Max Original Hash Batches": 1, "Min Original Hash Batches": 1, "Max Peak Memory Usage": 182, "min Peak Memory Usage": 182, "Plans": [{"Node Type": "Streaming(type: LOCAL REDISTRIBUTE dop: 16/1)", "Parent Relationship": "Outer", "Startup Cost": 0.0, "Total Cost": 29042.93, "Plan Rows": 85170, "Plan Width": 4, "Actual Min Startup Time": 0.037, "Actual Max Startup Time": 145.349, "Actual Min Total Time": 536.048, "Actual Max Total Time": 679.467, "Actual Total Rows": 84843, "Plans": [{"Node Type": "Index Scan", "Parent Relationship": "Outer", "Scan Direction": "Forward", "Index Name": "company_name_pkey", "Relation Name": "company_name", "Alias": "cn", "Startup Cost": 0.0, "Total Cost": 10501.39, "Plan Rows": 85170, "Plan Width": 4, "Actual Min Startup Time": 0.088, "Actual Max Startup Time": 0.088, "Actual Min Total Time": 428.124, "Actual Max Total Time": 428.124, "Actual Total Rows": 84843, "Filter": "((country_code)::text = '[us]'::text)", "Rows Removed by Filter": 150153}]}]}]}, {"Node Type": "Hash", "Parent Relationship": "Inner", "Startup Cost": 15013.33, "Total Cost": 15013.33, "Plan Rows": 48, "Plan Width": 4, "Actual Min Startup Time": 0.009, "Actual Max Startup Time": 0.023, "Actual Min Total Time": 0.009, "Actual Max Total Time": 0.023, "Actual Total Rows": 48, "Max Hash Buckets": 32768, "Min Hash Buckets": 32768, "Max Hash Batches": 1, "Min Hash Batches": 1, "Max Original Hash Batches": 1, "Min Original Hash Batches": 1, "Max Peak Memory Usage": 1, "min Peak Memory Usage": 1, "Plans": [{"Node Type": "Streaming(type: BROADCAST dop: 16/1)", "Parent Relationship": "Outer", "Startup Cost": 0.0, "Total Cost": 15013.33, "Plan Rows": 48, "Plan Width": 4, "Actual Min Startup Time": 0.002, "Actual Max Startup Time": 0.01, "Actual Min Total Time": 0.002, "Actual Max Total Time": 0.011, "Actual Total Rows": 48, "Plans": [{"Node Type": "Index Scan", "Parent Relationship": "Outer", "Scan Direction": "Forward", "Index Name": "company_type_pkey", "Relation Name": "company_type", "Alias": "ct", "Startup Cost": 0.0, "Total Cost": 12.29, "Plan Rows": 3, "Plan Width": 4, "Actual Min Startup Time": 0.028, "Actual Max Startup Time": 0.028, "Actual Min Total Time": 0.032, "Actual Max Total Time": 0.032, "Actual Total Rows": 3}]}]}]}, {"Node Type": "Hash", "Parent Relationship": "Inner", "Startup Cost": 15016.57, "Total Cost": 15016.57, "Plan Rows": 192, "Plan Width": 4, "Actual Min Startup Time": 0.015, "Actual Max Startup Time": 0.034, "Actual Min Total Time": 0.015, "Actual Max Total Time": 0.034, "Actual Total Rows": 192, "Max Hash Buckets": 32768, "Min Hash Buckets": 32768, "Max Hash Batches": 1, "Min Hash Batches": 1, "Max Original Hash Batches": 1, "Min Original Hash Batches": 1, "Max Peak Memory Usage": 1, "min Peak Memory Usage": 1, "Plans": [{"Node Type": "Streaming(type: BROADCAST dop: 16/1)", "Parent Relationship": "Outer", "Startup Cost": 0.0, "Total Cost": 15016.57, "Plan Rows": 192, "Plan Width": 4, "Actual Min Startup Time": 0.006, "Actual Max Startup Time": 0.018, "Actual Min Total Time": 0.007, "Actual Max Total Time": 0.022, "Actual Total Rows": 192, "Plans": [{"Node Type": "Index Scan", "Parent Relationship": "Outer", "Scan Direction": "Forward", "Index Name": "role_type_pkey", "Relation Name": "role_type", "Alias": "rt", "Startup Cost": 0.0, "Total Cost": 12.43, "Plan Rows": 12, "Plan Width": 4, "Actual Min Startup Time": 0.033, "Actual Max Startup Time": 0.033, "Actual Min Total Time": 0.045, "Actual Max Total Time": 0.045, "Actual Total Rows": 12}]}]}]}]}, {"Node Type": "Hash", "Parent Relationship": "Inner", "Startup Cost": 123439.09, "Total Cost": 123439.09, "Plan Rows": 1748840, "Plan Width": 21, "Actual Min Startup Time": 728.148, "Actual Max Startup Time": 828.182, "Actual Min Total Time": 728.148, "Actual Max Total Time": 828.182, "Actual Total Rows": 1749032, "Max Hash Buckets": 131072, "Min Hash Buckets": 131072, "Max Hash Batches": 1, "Min Hash Batches": 1, "Max Original Hash Batches": 1, "Min Original Hash Batches": 1, "Max Peak Memory Usage": 5875, "min Peak Memory Usage": 5875, "Plans": [{"Node Type": "Streaming(type: LOCAL REDISTRIBUTE dop: 16/16)", "Parent Relationship": "Outer", "Startup Cost": 0.0, "Total Cost": 123439.09, "Plan Rows": 1748840, "Plan Width": 21, "Actual Min Startup Time": 0.054, "Actual Max Startup Time": 96.045, "Actual Min Total Time": 659.767, "Actual Max Total Time": 758.066, "Actual Total Rows": 1749032, "Plans": [{"Node Type": "Index Scan", "Parent Relationship": "Outer", "Scan Direction": "Forward", "Index Name": "title_pkey", "Relation Name": "title", "Alias": "t", "Startup Cost": 0.0, "Total Cost": 101812.62, "Plan Rows": 1748840, "Plan Width": 21, "Actual Min Startup Time": 0.143, "Actual Max Startup Time": 265.39, "Actual Min Total Time": 342.848, "Actual Max Total Time": 588.326, "Actual Total Rows": 1749032, "Filter": "(production_year > 1990), (LLVM Optimized, Jit Execute)", "Rows Removed by Filter": 779279}]}]}]}]}]}]}, "Triggers": [], "Planner Runtime": 79.544, "Total Runtime": 4112.265, "Unique SQL Id": 3145361615}}, "(16, 78)": {"explain_plan": {"Plan": {"Node Type": "Aggregate", "Strategy": "Plain", "Startup Cost": 271604.22, "Total Cost": 271604.25, "Plan Rows": 1, "Plan Width": 97, "Plans": [{"Node Type": "Streaming(type: LOCAL GATHER dop: 1/16)", "Parent Relationship": "Outer", "Startup Cost": 271604.22, "Total Cost": 271604.25, "Plan Rows": 1, "Plan Width": 97, "Plans": [{"Node Type": "Aggregate", "Strategy": "Plain", "Parent Relationship": "Outer", "Startup Cost": 271604.22, "Total Cost": 271604.23, "Plan Rows": 1, "Plan Width": 97, "Plans": [{"Node Type": "Hash Join", "Parent Relationship": "Outer", "Join Type": "Inner", "Startup Cost": 144835.24, "Total Cost": 266757.16, "Plan Rows": 969413, "Plan Width": 33, "Inner Unique": true, "Hash Cond": "(mc.movie_id = t.id), (LLVM Optimized)", "Plans": [{"Node Type": "Streaming(type: LOCAL REDISTRIBUTE dop: 16/16)", "Parent Relationship": "Outer", "Startup Cost": 133275.0, "Total Cost": 254427.04, "Plan Rows": 699731, "Plan Width": 24, "Plans": [{"Node Type": "Hash Join", "Parent Relationship": "Outer", "Join Type": "Inner", "Startup Cost": 133275.0, "Total Cost": 236775.71, "Plan Rows": 699731, "Plan Width": 24, "Inner Unique": true, "Hash Cond": "(mc.company_type_id = ct.id), (LLVM Optimized)", "Plans": [{"Node Type": "Hash Join", "Parent Relationship": "Outer", "Join Type": "Inner", "Startup Cost": 118272.9, "Total Cost": 221172.28, "Plan Rows": 699731, "Plan Width": 28, "Inner Unique": true, "Hash Cond": "(ci.person_role_id = chn.id), (LLVM Optimized)", "Plans": [{"Node Type": "Streaming(type: LOCAL REDISTRIBUTE dop: 16/16)", "Parent Relationship": "Outer", "Startup Cost": 104290.19, "Total Cost": 206413.94, "Plan Rows": 1443440, "Plan Width": 16, "Plans": [{"Node Type": "Hash Join", "Parent Relationship": "Outer", "Join Type": "Inner", "Startup Cost": 104290.19, "Total Cost": 185944.65, "Plan Rows": 1443440, "Plan Width": 16, "Inner Unique": false, "Hash Cond": "(ci.movie_id = mc.movie_id), (LLVM Optimized)", "Plans": [{"Node Type": "Streaming(type: LOCAL REDISTRIBUTE dop: 16/16)", "Parent Relationship": "Outer", "Startup Cost": 15005.41, "Total Cost": 94859.97, "Plan Rows": 1436424, "Plan Width": 8, "Plans": [{"Node Type": "Hash Join", "Parent Relationship": "Outer", "Join Type": "Inner", "Startup Cost": 15005.41, "Total Cost": 74417.27, "Plan Rows": 1436424, "Plan Width": 8, "Inner Unique": true, "Hash Cond": "(ci.role_id = rt.id), (LLVM Optimized)", "Plans": [{"Node Type": "Seq Scan", "Parent Relationship": "Outer", "Relation Name": "cast_info", "Alias": "ci", "Startup Cost": 0.0, "Total Cost": 58282.92, "Plan Rows": 1436424, "Plan Width": 12, "Filter": "((note)::text ~~ '%(producer)%'::text), (LLVM Optimized)"}, {"Node Type": "Hash", "Parent Relationship": "Inner", "Startup Cost": 15005.26, "Total Cost": 15005.26, "Plan Rows": 192, "Plan Width": 4, "Plans": [{"Node Type": "Streaming(type: BROADCAST dop: 16/1)", "Parent Relationship": "Outer", "Startup Cost": 0.0, "Total Cost": 15005.26, "Plan Rows": 192, "Plan Width": 4, "Plans": [{"Node Type": "Seq Scan", "Parent Relationship": "Outer", "Relation Name": "role_type", "Alias": "rt", "Startup Cost": 0.0, "Total Cost": 1.12, "Plan Rows": 12, "Plan Width": 4}]}]}]}]}, {"Node Type": "Hash", "Parent Relationship": "Inner", "Startup Cost": 88282.97, "Total Cost": 88282.97, "Plan Rows": 1282311, "Plan Width": 8, "Plans": [{"Node Type": "Streaming(type: LOCAL REDISTRIBUTE dop: 16/16)", "Parent Relationship": "Outer", "Startup Cost": 24511.53, "Total Cost": 88282.97, "Plan Rows": 1282311, "Plan Width": 8, "Plans": [{"Node Type": "Hash Join", "Parent Relationship": "Outer", "Join Type": "Inner", "Startup Cost": 24511.53, "Total Cost": 68424.21, "Plan Rows": 1282311, "Plan Width": 8, "Inner Unique": true, "Hash Cond": "(mc.company_id = cn.id), (LLVM Optimized)", "Plans": [{"Node Type": "Streaming(type: LOCAL REDISTRIBUTE dop: 16/16)", "Parent Relationship": "Outer", "Startup Cost": 0.0, "Total Cost": 42499.73, "Plan Rows": 2609128, "Plan Width": 12, "Plans": [{"Node Type": "Seq Scan", "Parent Relationship": "Outer", "Relation Name": "movie_companies", "Alias": "mc", "Startup Cost": 0.0, "Total Cost": 17613.58, "Plan Rows": 2609128, "Plan Width": 12}]}, {"Node Type": "Hash", "Parent Relationship": "Inner", "Startup Cost": 24444.99, "Total Cost": 24444.99, "Plan Rows": 85170, "Plan Width": 4, "Plans": [{"Node Type": "Streaming(type: LOCAL REDISTRIBUTE dop: 16/1)", "Parent Relationship": "Outer", "Startup Cost": 0.0, "Total Cost": 24444.99, "Plan Rows": 85170, "Plan Width": 4, "Plans": [{"Node Type": "Seq Scan", "Parent Relationship": "Outer", "Relation Name": "company_name", "Alias": "cn", "Startup Cost": 0.0, "Total Cost": 5903.45, "Plan Rows": 85170, "Plan Width": 4, "Filter": "((country_code)::text = '[us]'::text)"}]}]}]}]}]}]}]}, {"Node Type": "Hash", "Parent Relationship": "Inner", "Startup Cost": 46117.27, "Total Cost": 46117.27, "Plan Rows": 3140338, "Plan Width": 20, "Plans": [{"Node Type": "Streaming(type: LOCAL REDISTRIBUTE dop: 16/16)", "Parent Relationship": "Outer", "Startup Cost": 0.0, "Total Cost": 46117.27, "Plan Rows": 3140338, "Plan Width": 20, "Plans": [{"Node Type": "Seq Scan", "Parent Relationship": "Outer", "Relation Name": "char_name", "Alias": "chn", "Startup Cost": 0.0, "Total Cost": 19218.34, "Plan Rows": 3140338, "Plan Width": 20}]}]}]}, {"Node Type": "Hash", "Parent Relationship": "Inner", "Startup Cost": 15002.07, "Total Cost": 15002.07, "Plan Rows": 48, "Plan Width": 4, "Plans": [{"Node Type": "Streaming(type: BROADCAST dop: 16/1)", "Parent Relationship": "Outer", "Startup Cost": 0.0, "Total Cost": 15002.07, "Plan Rows": 48, "Plan Width": 4, "Plans": [{"Node Type": "Seq Scan", "Parent Relationship": "Outer", "Relation Name": "company_type", "Alias": "ct", "Startup Cost": 0.0, "Total Cost": 1.03, "Plan Rows": 3, "Plan Width": 4}]}]}]}]}, {"Node Type": "Hash", "Parent Relationship": "Inner", "Startup Cost": 40775.83, "Total Cost": 40775.83, "Plan Rows": 1748840, "Plan Width": 21, "Plans": [{"Node Type": "Streaming(type: LOCAL REDISTRIBUTE dop: 16/16)", "Parent Relationship": "Outer", "Startup Cost": 0.0, "Total Cost": 40775.83, "Plan Rows": 1748840, "Plan Width": 21, "Plans": [{"Node Type": "Seq Scan", "Parent Relationship": "Outer", "Relation Name": "title", "Alias": "t", "Startup Cost": 0.0, "Total Cost": 19149.37, "Plan Rows": 1748840, "Plan Width": 21, "Filter": "(production_year > 1990), (LLVM Optimized)"}]}]}]}]}]}]}, "Unique SQL Id": 3145361615}, "explain_analyze_plan": {"Plan": {"Node Type": "Aggregate", "Strategy": "Plain", "Startup Cost": 271604.22, "Total Cost": 271604.25, "Plan Rows": 1, "Plan Width": 97, "Actual Min Startup Time": 2174.468, "Actual Max Startup Time": 2174.468, "Actual Min Total Time": 2174.468, "Actual Max Total Time": 2174.468, "Actual Total Rows": 1, "Plans": [{"Node Type": "Streaming(type: LOCAL GATHER dop: 1/16)", "Parent Relationship": "Outer", "Startup Cost": 271604.22, "Total Cost": 271604.25, "Plan Rows": 1, "Plan Width": 97, "Actual Min Startup Time": 2173.197, "Actual Max Startup Time": 2173.197, "Actual Min Total Time": 2174.438, "Actual Max Total Time": 2174.438, "Actual Total Rows": 16, "Plans": [{"Node Type": "Aggregate", "Strategy": "Plain", "Parent Relationship": "Outer", "Startup Cost": 271604.22, "Total Cost": 271604.23, "Plan Rows": 1, "Plan Width": 97, "Actual Min Startup Time": 1803.512, "Actual Max Startup Time": 2012.607, "Actual Min Total Time": 1803.512, "Actual Max Total Time": 2012.607, "Actual Total Rows": 16, "Plans": [{"Node Type": "Hash Join", "Parent Relationship": "Outer", "Join Type": "Inner", "Startup Cost": 144835.24, "Total Cost": 266757.16, "Plan Rows": 969413, "Plan Width": 33, "Actual Min Startup Time": 1803.506, "Actual Max Startup Time": 2012.599, "Actual Min Total Time": 1803.506, "Actual Max Total Time": 2012.599, "Actual Total Rows": 4, "Inner Unique": true, "Hash Cond": "(mc.movie_id = t.id), (LLVM Optimized, Jit Execute)", "Plans": [{"Node Type": "Streaming(type: LOCAL REDISTRIBUTE dop: 16/16)", "Parent Relationship": "Outer", "Startup Cost": 133275.0, "Total Cost": 254427.04, "Plan Rows": 699731, "Plan Width": 24, "Actual Min Startup Time": 1539.112, "Actual Max Startup Time": 1540.672, "Actual Min Total Time": 1540.566, "Actual Max Total Time": 1540.672, "Actual Total Rows": 6, "Plans": [{"Node Type": "Hash Join", "Parent Relationship": "Outer", "Join Type": "Inner", "Startup Cost": 133275.0, "Total Cost": 236775.71, "Plan Rows": 699731, "Plan Width": 24, "Actual Min Startup Time": 1800.076, "Actual Max Startup Time": 1996.771, "Actual Min Total Time": 1800.076, "Actual Max Total Time": 1996.771, "Actual Total Rows": 6, "Inner Unique": true, "Hash Cond": "(mc.company_type_id = ct.id), (LLVM Optimized, Jit Execute)", "Plans": [{"Node Type": "Hash Join", "Parent Relationship": "Outer", "Join Type": "Inner", "Startup Cost": 118272.9, "Total Cost": 221172.28, "Plan Rows": 699731, "Plan Width": 28, "Actual Min Startup Time": 1798.629, "Actual Max Startup Time": 1995.334, "Actual Min Total Time": 1798.629, "Actual Max Total Time": 1995.334, "Actual Total Rows": 14, "Inner Unique": true, "Hash Cond": "(ci.person_role_id = chn.id), (LLVM Optimized, Jit Execute)", "Plans": [{"Node Type": "Streaming(type: LOCAL REDISTRIBUTE dop: 16/16)", "Parent Relationship": "Outer", "Startup Cost": 104290.19, "Total Cost": 206413.94, "Plan Rows": 1443440, "Plan Width": 16, "Actual Min Startup Time": 249.791, "Actual Max Startup Time": 1381.119, "Actual Min Total Time": 1250.62, "Actual Max Total Time": 1381.119, "Actual Total Rows": 1210267, "Plans": [{"Node Type": "Hash Join", "Parent Relationship": "Outer", "Join Type": "Inner", "Startup Cost": 104290.19, "Total Cost": 185944.65, "Plan Rows": 1443440, "Plan Width": 16, "Actual Min Startup Time": 675.237, "Actual Max Startup Time": 871.852, "Actual Min Total Time": 1272.7, "Actual Max Total Time": 1501.609, "Actual Total Rows": 1210267, "Inner Unique": false, "Hash Cond": "(ci.movie_id = mc.movie_id), (LLVM Optimized, Jit Execute)", "Plans": [{"Node Type": "Streaming(type: LOCAL REDISTRIBUTE dop: 16/16)", "Parent Relationship": "Outer", "Startup Cost": 15005.41, "Total Cost": 94859.97, "Plan Rows": 1436424, "Plan Width": 8, "Actual Min Startup Time": 0.06, "Actual Max Startup Time": 3.768, "Actual Min Total Time": 546.912, "Actual Max Total Time": 583.512, "Actual Total Rows": 1435439, "Plans": [{"Node Type": "Hash Join", "Parent Relationship": "Outer", "Join Type": "Inner", "Startup Cost": 15005.41, "Total Cost": 74417.27, "Plan Rows": 1436424, "Plan Width": 8, "Actual Min Startup Time": 44.696, "Actual Max Startup Time": 357.961, "Actual Min Total Time": 754.774, "Actual Max Total Time": 806.064, "Actual Total Rows": 1435439, "Inner Unique": true, "Hash Cond": "(ci.role_id = rt.id), (LLVM Optimized, Jit Execute)", "Plans": [{"Node Type": "Seq Scan", "Parent Relationship": "Outer", "Relation Name": "cast_info", "Alias": "ci", "Startup Cost": 0.0, "Total Cost": 58282.92, "Plan Rows": 1436424, "Plan Width": 12, "Actual Min Startup Time": 44.599, "Actual Max Startup Time": 357.822, "Actual Min Total Time": 710.585, "Actual Max Total Time": 748.368, "Actual Total Rows": 1435439, "Filter": "((note)::text ~~ '%(producer)%'::text), (LLVM Optimized, Jit Execute)", "Rows Removed by Filter": 34808904}, {"Node Type": "Hash", "Parent Relationship": "Inner", "Startup Cost": 15005.26, "Total Cost": 15005.26, "Plan Rows": 192, "Plan Width": 4, "Actual Min Startup Time": 0.018, "Actual Max Startup Time": 46.807, "Actual Min Total Time": 0.018, "Actual Max Total Time": 46.807, "Actual Total Rows": 192, "Max Hash Buckets": 32768, "Min Hash Buckets": 32768, "Max Hash Batches": 1, "Min Hash Batches": 1, "Max Original Hash Batches": 1, "Min Original Hash Batches": 1, "Max Peak Memory Usage": 1, "min Peak Memory Usage": 1, "Plans": [{"Node Type": "Streaming(type: BROADCAST dop: 16/1)", "Parent Relationship": "Outer", "Startup Cost": 0.0, "Total Cost": 15005.26, "Plan Rows": 192, "Plan Width": 4, "Actual Min Startup Time": 0.006, "Actual Max Startup Time": 42.649, "Actual Min Total Time": 0.007, "Actual Max Total Time": 42.651, "Actual Total Rows": 192, "Plans": [{"Node Type": "Seq Scan", "Parent Relationship": "Outer", "Relation Name": "role_type", "Alias": "rt", "Startup Cost": 0.0, "Total Cost": 1.12, "Plan Rows": 12, "Plan Width": 4, "Actual Min Startup Time": 0.013, "Actual Max Startup Time": 0.013, "Actual Min Total Time": 0.017, "Actual Max Total Time": 0.017, "Actual Total Rows": 12}]}]}]}]}, {"Node Type": "Hash", "Parent Relationship": "Inner", "Startup Cost": 88282.97, "Total Cost": 88282.97, "Plan Rows": 1282311, "Plan Width": 8, "Actual Min Startup Time": 674.911, "Actual Max Startup Time": 871.504, "Actual Min Total Time": 674.911, "Actual Max Total Time": 871.504, "Actual Total Rows": 1153797, "Max Hash Buckets": 131072, "Min Hash Buckets": 131072, "Max Hash Batches": 1, "Min Hash Batches": 1, "Max Original Hash Batches": 1, "Min Original Hash Batches": 1, "Max Peak Memory Usage": 2824, "min Peak Memory Usage": 2824, "Plans": [{"Node Type": "Streaming(type: LOCAL REDISTRIBUTE dop: 16/16)", "Parent Relationship": "Outer", "Startup Cost": 24511.53, "Total Cost": 88282.97, "Plan Rows": 1282311, "Plan Width": 8, "Actual Min Startup Time": 165.521, "Actual Max Startup Time": 362.413, "Actual Min Total Time": 648.186, "Actual Max Total Time": 846.134, "Actual Total Rows": 1153797, "Plans": [{"Node Type": "Hash Join", "Parent Relationship": "Outer", "Join Type": "Inner", "Startup Cost": 24511.53, "Total Cost": 68424.21, "Plan Rows": 1282311, "Plan Width": 8, "Actual Min Startup Time": 157.625, "Actual Max Startup Time": 309.504, "Actual Min Total Time": 514.764, "Actual Max Total Time": 746.156, "Actual Total Rows": 1153797, "Inner Unique": true, "Hash Cond": "(mc.company_id = cn.id), (LLVM Optimized, Jit Execute)", "Plans": [{"Node Type": "Streaming(type: LOCAL REDISTRIBUTE dop: 16/16)", "Parent Relationship": "Outer", "Startup Cost": 0.0, "Total Cost": 42499.73, "Plan Rows": 2609128, "Plan Width": 12, "Actual Min Startup Time": 0.065, "Actual Max Startup Time": 1.561, "Actual Min Total Time": 285.138, "Actual Max Total Time": 396.063, "Actual Total Rows": 2609128, "Plans": [{"Node Type": "Seq Scan", "Parent Relationship": "Outer", "Relation Name": "movie_companies", "Alias": "mc", "Startup Cost": 0.0, "Total Cost": 17613.58, "Plan Rows": 2609128, "Plan Width": 12, "Actual Min Startup Time": 0.025, "Actual Max Startup Time": 0.05, "Actual Min Total Time": 41.101, "Actual Max Total Time": 52.364, "Actual Total Rows": 2609128}]}, {"Node Type": "Hash", "Parent Relationship": "Inner", "Startup Cost": 24444.99, "Total Cost": 24444.99, "Plan Rows": 85170, "Plan Width": 4, "Actual Min Startup Time": 156.603, "Actual Max Startup Time": 309.356, "Actual Min Total Time": 156.603, "Actual Max Total Time": 309.356, "Actual Total Rows": 84843, "Max Hash Buckets": 32768, "Min Hash Buckets": 32768, "Max Hash Batches": 1, "Min Hash Batches": 1, "Max Original Hash Batches": 1, "Min Original Hash Batches": 1, "Max Peak Memory Usage": 182, "min Peak Memory Usage": 182, "Plans": [{"Node Type": "Streaming(type: LOCAL REDISTRIBUTE dop: 16/1)", "Parent Relationship": "Outer", "Startup Cost": 0.0, "Total Cost": 24444.99, "Plan Rows": 85170, "Plan Width": 4, "Actual Min Startup Time": 0.036, "Actual Max Startup Time": 144.9, "Actual Min Total Time": 154.794, "Actual Max Total Time": 307.673, "Actual Total Rows": 84843, "Plans": [{"Node Type": "Seq Scan", "Parent Relationship": "Outer", "Relation Name": "company_name", "Alias": "cn", "Startup Cost": 0.0, "Total Cost": 5903.45, "Plan Rows": 85170, "Plan Width": 4, "Actual Min Startup Time": 0.073, "Actual Max Startup Time": 0.073, "Actual Min Total Time": 90.6, "Actual Max Total Time": 90.6, "Actual Total Rows": 84843, "Filter": "((country_code)::text = '[us]'::text)", "Rows Removed by Filter": 150153}]}]}]}]}]}]}]}, {"Node Type": "Hash", "Parent Relationship": "Inner", "Startup Cost": 46117.27, "Total Cost": 46117.27, "Plan Rows": 3140338, "Plan Width": 20, "Actual Min Startup Time": 417.263, "Actual Max Startup Time": 613.937, "Actual Min Total Time": 417.263, "Actual Max Total Time": 613.937, "Actual Total Rows": 3140338, "Max Hash Buckets": 262144, "Min Hash Buckets": 262144, "Max Hash Batches": 1, "Min Hash Batches": 1, "Max Original Hash Batches": 1, "Min Original Hash Batches": 1, "Max Peak Memory Usage": 10347, "min Peak Memory Usage": 10347, "Plans": [{"Node Type": "Streaming(type: LOCAL REDISTRIBUTE dop: 16/16)", "Parent Relationship": "Outer", "Startup Cost": 0.0, "Total Cost": 46117.27, "Plan Rows": 3140338, "Plan Width": 20, "Actual Min Startup Time": 0.051, "Actual Max Startup Time": 41.823, "Actual Min Total Time": 335.206, "Actual Max Total Time": 532.902, "Actual Total Rows": 3140338, "Plans": [{"Node Type": "Seq Scan", "Parent Relationship": "Outer", "Relation Name": "char_name", "Alias": "chn", "Startup Cost": 0.0, "Total Cost": 19218.34, "Plan Rows": 3140338, "Plan Width": 20, "Actual Min Startup Time": 0.019, "Actual Max Startup Time": 0.062, "Actual Min Total Time": 57.374, "Actual Max Total Time": 66.634, "Actual Total Rows": 3140338}]}]}]}, {"Node Type": "Hash", "Parent Relationship": "Inner", "Startup Cost": 15002.07, "Total Cost": 15002.07, "Plan Rows": 48, "Plan Width": 4, "Actual Min Startup Time": 0.008, "Actual Max Startup Time": 0.021, "Actual Min Total Time": 0.008, "Actual Max Total Time": 0.021, "Actual Total Rows": 48, "Max Hash Buckets": 32768, "Min Hash Buckets": 32768, "Max Hash Batches": 1, "Min Hash Batches": 1, "Max Original Hash Batches": 1, "Min Original Hash Batches": 1, "Max Peak Memory Usage": 1, "min Peak Memory Usage": 1, "Plans": [{"Node Type": "Streaming(type: BROADCAST dop: 16/1)", "Parent Relationship": "Outer", "Startup Cost": 0.0, "Total Cost": 15002.07, "Plan Rows": 48, "Plan Width": 4, "Actual Min Startup Time": 0.004, "Actual Max Startup Time": 0.012, "Actual Min Total Time": 0.004, "Actual Max Total Time": 0.013, "Actual Total Rows": 48, "Plans": [{"Node Type": "Seq Scan", "Parent Relationship": "Outer", "Relation Name": "company_type", "Alias": "ct", "Startup Cost": 0.0, "Total Cost": 1.03, "Plan Rows": 3, "Plan Width": 4, "Actual Min Startup Time": 0.019, "Actual Max Startup Time": 0.019, "Actual Min Total Time": 0.021, "Actual Max Total Time": 0.021, "Actual Total Rows": 3}]}]}]}]}, {"Node Type": "Hash", "Parent Relationship": "Inner", "Startup Cost": 40775.83, "Total Cost": 40775.83, "Plan Rows": 1748840, "Plan Width": 21, "Actual Min Startup Time": 262.767, "Actual Max Startup Time": 471.782, "Actual Min Total Time": 262.767, "Actual Max Total Time": 471.782, "Actual Total Rows": 1749032, "Max Hash Buckets": 131072, "Min Hash Buckets": 131072, "Max Hash Batches": 1, "Min Hash Batches": 1, "Max Original Hash Batches": 1, "Min Original Hash Batches": 1, "Max Peak Memory Usage": 5875, "min Peak Memory Usage": 5875, "Plans": [{"Node Type": "Streaming(type: LOCAL REDISTRIBUTE dop: 16/16)", "Parent Relationship": "Outer", "Startup Cost": 0.0, "Total Cost": 40775.83, "Plan Rows": 1748840, "Plan Width": 21, "Actual Min Startup Time": 0.053, "Actual Max Startup Time": 123.387, "Actual Min Total Time": 228.641, "Actual Max Total Time": 434.39, "Actual Total Rows": 1749032, "Plans": [{"Node Type": "Seq Scan", "Parent Relationship": "Outer", "Relation Name": "title", "Alias": "t", "Startup Cost": 0.0, "Total Cost": 19149.37, "Plan Rows": 1748840, "Plan Width": 21, "Actual Min Startup Time": 0.03, "Actual Max Startup Time": 0.055, "Actual Min Total Time": 63.776, "Actual Max Total Time": 72.406, "Actual Total Rows": 1749032, "Filter": "(production_year > 1990), (LLVM Optimized, Jit Execute)", "Rows Removed by Filter": 779279}]}]}]}]}]}]}, "Triggers": [], "Planner Runtime": 79.462, "Total Runtime": 2215.31, "Unique SQL Id": 3145361615}}, "(16, 79)": {"explain_plan": {"Plan": {"Node Type": "Aggregate", "Strategy": "Plain", "Startup Cost": 6404836173731.52, "Total Cost": 6404836173731.53, "Plan Rows": 1, "Plan Width": 97, "Plans": [{"Node Type": "Hash Join", "Parent Relationship": "Outer", "Join Type": "Inner", "Startup Cost": 4427546228176.7, "Total Cost": 6404836168884.46, "Plan Rows": 969413, "Plan Width": 33, "Inner Unique": true, "Hash Cond": "(mc.company_type_id = ct.id), (LLVM Optimized)", "Plans": [{"Node Type": "Hash Join", "Parent Relationship": "Outer", "Join Type": "Inner", "Startup Cost": 3427546226947.16, "Total Cost": 5404836154325.49, "Plan Rows": 969413, "Plan Width": 37, "Inner Unique": true, "Hash Cond": "(mc.company_id = cn.id), (LLVM Optimized)", "Plans": [{"Node Type": "Merge Join", "Parent Relationship": "Outer", "Join Type": "Inner", "Startup Cost": 2427545175743.56, "Total Cost": 4404835086030.98, "Plan Rows": 1972473, "Plan Width": 41, "Inner Unique": false, "Merge Cond": "(t.id = ci.movie_id)", "Plans": [{"Node Type": "Merge Join", "Parent Relationship": "Outer", "Join Type": "Inner", "Startup Cost": 20021511654.95, "Total Cost": 1999075977462.98, "Plan Rows": 3614708, "Plan Width": 33, "Inner Unique": false, "Merge Cond": "(t.id = mc.movie_id)", "Plans": [{"Node Type": "Index Scan", "Parent Relationship": "Outer", "Scan Direction": "Forward", "Index Name": "title_pkey", "Relation Name": "title", "Alias": "t", "Startup Cost": 10000000000.0, "Total Cost": 1000011644126.66, "Plan Rows": 1748840, "Plan Width": 21, "Filter": "(production_year > 1990), (LLVM Optimized)"}, {"Node Type": "Materialize", "Parent Relationship": "Inner", "Startup Cost": 10000000000.0, "Total Cost": 1000013058468.95, "Plan Rows": 2609128, "Plan Width": 12, "Plans": [{"Node Type": "Index Scan", "Parent Relationship": "Outer", "Scan Direction": "Forward", "Index Name": "movie_id_movie_companies", "Relation Name": "movie_companies", "Alias": "mc", "Startup Cost": 10000000000.0, "Total Cost": 1000013051946.13, "Plan Rows": 2609128, "Plan Width": 12}]}]}, {"Node Type": "Sort", "Parent Relationship": "Inner", "Startup Cost": 2407523664088.58, "Total Cost": 2407523665829.4, "Plan Rows": 696330, "Plan Width": 20, "Sort Key": ["ci.movie_id"], "Plans": [{"Node Type": "Merge Join", "Parent Relationship": "Outer", "Join Type": "Inner", "Startup Cost": 1500023584927.4, "Total Cost": 2407523596511.8, "Plan Rows": 696330, "Plan Width": 20, "Inner Unique": false, "Merge Cond": "(rt.id = ci.role_id)", "Plans": [{"Node Type": "Index Scan", "Parent Relationship": "Outer", "Scan Direction": "Forward", "Index Name": "role_type_pkey", "Relation Name": "role_type", "Alias": "rt", "Startup Cost": 10000000000.0, "Total Cost": 1000000001243.0, "Plan Rows": 12, "Plan Width": 4}, {"Node Type": "Sort", "Parent Relationship": "Inner", "Startup Cost": 1490023584927.4, "Total Cost": 1490023586668.23, "Plan Rows": 696330, "Plan Width": 24, "Sort Key": ["ci.role_id"], "Plans": [{"Node Type": "Merge Join", "Parent Relationship": "Outer", "Join Type": "Inner", "Startup Cost": 59427507435.38, "Total Cost": 1490023517350.63, "Plan Rows": 696330, "Plan Width": 24, "Inner Unique": false, "Merge Cond": "(chn.id = ci.person_role_id)", "Plans": [{"Node Type": "Index Scan", "Parent Relationship": "Outer", "Scan Direction": "Forward", "Index Name": "char_name_pkey", "Relation Name": "char_name", "Alias": "chn", "Startup Cost": 10000000000.0, "Total Cost": 1000012987545.51, "Plan Rows": 3140338, "Plan Width": 20}, {"Node Type": "Index Scan", "Parent Relationship": "Inner", "Scan Direction": "Forward", "Index Name": "person_role_id_cast_info", "Relation Name": "cast_info", "Alias": "ci", "Startup Cost": 10000000000.0, "Total Cost": 1000202250807.98, "Plan Rows": 1436424, "Plan Width": 12, "Filter": "((note)::text ~~ '%(producer)%'::text), (LLVM Optimized)"}]}]}]}]}]}, {"Node Type": "Hash", "Parent Relationship": "Inner", "Startup Cost": 1000001050138.97, "Total Cost": 1000001050138.97, "Plan Rows": 85170, "Plan Width": 4, "Plans": [{"Node Type": "Index Scan", "Parent Relationship": "Outer", "Scan Direction": "Forward", "Index Name": "company_name_pkey", "Relation Name": "company_name", "Alias": "cn", "Startup Cost": 10000000000.0, "Total Cost": 1000001050138.97, "Plan Rows": 85170, "Plan Width": 4, "Filter": "((country_code)::text = '[us]'::text)"}]}]}, {"Node Type": "Hash", "Parent Relationship": "Inner", "Startup Cost": 1000000001229.5, "Total Cost": 1000000001229.5, "Plan Rows": 3, "Plan Width": 4, "Plans": [{"Node Type": "Index Scan", "Parent Relationship": "Outer", "Scan Direction": "Forward", "Index Name": "company_type_pkey", "Relation Name": "company_type", "Alias": "ct", "Startup Cost": 10000000000.0, "Total Cost": 1000000001229.5, "Plan Rows": 3, "Plan Width": 4}]}]}]}, "Unique SQL Id": 3145361615}, "explain_analyze_plan": null}, "(16, 80)": {"explain_plan": {"Plan": {"Node Type": "Aggregate", "Strategy": "Plain", "Startup Cost": 1376545.55, "Total Cost": 1376545.56, "Plan Rows": 1, "Plan Width": 97, "Plans": [{"Node Type": "Merge Join", "Parent Relationship": "Outer", "Join Type": "Inner", "Startup Cost": 1359529.65, "Total Cost": 1371698.49, "Plan Rows": 969413, "Plan Width": 33, "Inner Unique": false, "Merge Cond": "(ct.id = mc.company_type_id)", "Plans": [{"Node Type": "Sort", "Parent Relationship": "Outer", "Startup Cost": 1.05, "Total Cost": 1.06, "Plan Rows": 3, "Plan Width": 4, "Sort Key": ["ct.id"], "Plans": [{"Node Type": "Seq Scan", "Parent Relationship": "Outer", "Relation Name": "company_type", "Alias": "ct", "Startup Cost": 0.0, "Total Cost": 1.03, "Plan Rows": 3, "Plan Width": 4}]}, {"Node Type": "Sort", "Parent Relationship": "Inner", "Startup Cost": 1357156.22, "Total Cost": 1359579.75, "Plan Rows": 969413, "Plan Width": 37, "Sort Key": ["mc.company_type_id"], "Plans": [{"Node Type": "Merge Join", "Parent Relationship": "Outer", "Join Type": "Inner", "Startup Cost": 1111735.38, "Total Cost": 1260763.84, "Plan Rows": 969413, "Plan Width": 37, "Inner Unique": true, "Merge Cond": "(mc.movie_id = t.id)", "Plans": [{"Node Type": "Merge Join", "Parent Relationship": "Outer", "Join Type": "Inner", "Startup Cost": 1111732.76, "Total Cost": 1128622.8, "Plan Rows": 699731, "Plan Width": 28, "Inner Unique": false, "Merge Cond": "(ci.movie_id = mc.movie_id)", "Plans": [{"Node Type": "Sort", "Parent Relationship": "Outer", "Startup Cost": 827906.48, "Total Cost": 829647.31, "Plan Rows": 696330, "Plan Width": 20, "Sort Key": ["ci.movie_id"], "Plans": [{"Node Type": "Merge Join", "Parent Relationship": "Outer", "Join Type": "Inner", "Startup Cost": 749884.7, "Total Cost": 760329.7, "Plan Rows": 696330, "Plan Width": 20, "Inner Unique": false, "Merge Cond": "(rt.id = ci.role_id)", "Plans": [{"Node Type": "Sort", "Parent Relationship": "Outer", "Startup Cost": 1.34, "Total Cost": 1.37, "Plan Rows": 12, "Plan Width": 4, "Sort Key": ["rt.id"], "Plans": [{"Node Type": "Seq Scan", "Parent Relationship": "Outer", "Relation Name": "role_type", "Alias": "rt", "Startup Cost": 0.0, "Total Cost": 1.12, "Plan Rows": 12, "Plan Width": 4}]}, {"Node Type": "Sort", "Parent Relationship": "Inner", "Startup Cost": 749883.36, "Total Cost": 751624.19, "Plan Rows": 696330, "Plan Width": 24, "Sort Key": ["ci.role_id"], "Plans": [{"Node Type": "Nested Loop", "Parent Relationship": "Outer", "Join Type": "Inner", "Startup Cost": 0.0, "Total Cost": 682306.58, "Plan Rows": 696330, "Plan Width": 24, "Inner Unique": true, "Plans": [{"Node Type": "Streaming(type: LOCAL GATHER dop: 1/16)", "Parent Relationship": "Outer", "Startup Cost": 0.0, "Total Cost": 89283.86, "Plan Rows": 1436424, "Plan Width": 12, "Plans": [{"Node Type": "Seq Scan", "Parent Relationship": "Outer", "Relation Name": "cast_info", "Alias": "ci", "Startup Cost": 0.0, "Total Cost": 58282.92, "Plan Rows": 1436424, "Plan Width": 12, "Filter": "((note)::text ~~ '%(producer)%'::text), (LLVM Optimized)"}]}, {"Node Type": "Index Scan", "Parent Relationship": "Inner", "Scan Direction": "Forward", "Index Name": "char_name_pkey", "Relation Name": "char_name", "Alias": "chn", "Startup Cost": 0.0, "Total Cost": 0.4, "Plan Rows": 1, "Plan Width": 20, "Index Cond": "(id = ci.person_role_id)"}]}]}]}]}, {"Node Type": "Sort", "Parent Relationship": "Inner", "Startup Cost": 283826.21, "Total Cost": 287031.99, "Plan Rows": 1282311, "Plan Width": 8, "Sort Key": ["mc.movie_id"], "Plans": [{"Node Type": "Merge Join", "Parent Relationship": "Outer", "Join Type": "Inner", "Startup Cost": 3383.04, "Total Cost": 153733.74, "Plan Rows": 1282311, "Plan Width": 8, "Inner Unique": false, "Merge Cond": "(cn.id = mc.company_id)", "Plans": [{"Node Type": "Index Scan", "Parent Relationship": "Outer", "Scan Direction": "Forward", "Index Name": "company_name_pkey", "Relation Name": "company_name", "Alias": "cn", "Startup Cost": 0.0, "Total Cost": 10501.39, "Plan Rows": 85170, "Plan Width": 4, "Filter": "((country_code)::text = '[us]'::text)"}, {"Node Type": "Index Scan", "Parent Relationship": "Inner", "Scan Direction": "Forward", "Index Name": "company_id_movie_companies", "Relation Name": "movie_companies", "Alias": "mc", "Startup Cost": 0.0, "Total Cost": 123673.5, "Plan Rows": 2609128, "Plan Width": 12}]}]}]}, {"Node Type": "Index Scan", "Parent Relationship": "Inner", "Scan Direction": "Forward", "Index Name": "title_pkey", "Relation Name": "title", "Alias": "t", "Startup Cost": 0.0, "Total Cost": 116441.27, "Plan Rows": 1748840, "Plan Width": 21, "Filter": "(production_year > 1990), (LLVM Optimized)"}]}]}]}]}, "Unique SQL Id": 3145361615}, "explain_analyze_plan": null}, "(16, 81)": {"explain_plan": {"Plan": {"Node Type": "Aggregate", "Strategy": "Plain", "Startup Cost": 1821114.13, "Total Cost": 1821114.14, "Plan Rows": 1, "Plan Width": 97, "Plans": [{"Node Type": "Merge Join", "Parent Relationship": "Outer", "Join Type": "Inner", "Startup Cost": 1804089.93, "Total Cost": 1816267.06, "Plan Rows": 969413, "Plan Width": 33, "Inner Unique": false, "Merge Cond": "(ct.id = mc.company_type_id)", "Plans": [{"Node Type": "Index Only Scan", "Parent Relationship": "Outer", "Scan Direction": "Forward", "Index Name": "company_type_pkey", "Relation Name": "company_type", "Alias": "ct", "Startup Cost": 0.0, "Total Cost": 8.29, "Plan Rows": 3, "Plan Width": 4}, {"Node Type": "Sort", "Parent Relationship": "Inner", "Startup Cost": 1801717.56, "Total Cost": 1804141.1, "Plan Rows": 969413, "Plan Width": 37, "Sort Key": ["mc.company_type_id"], "Plans": [{"Node Type": "Merge Join", "Parent Relationship": "Outer", "Join Type": "Inner", "Startup Cost": 1556296.73, "Total Cost": 1705325.19, "Plan Rows": 969413, "Plan Width": 37, "Inner Unique": true, "Merge Cond": "(mc.movie_id = t.id)", "Plans": [{"Node Type": "Merge Join", "Parent Relationship": "Outer", "Join Type": "Inner", "Startup Cost": 1556294.1, "Total Cost": 1573184.14, "Plan Rows": 699731, "Plan Width": 28, "Inner Unique": false, "Merge Cond": "(ci.movie_id = mc.movie_id)", "Plans": [{"Node Type": "Sort", "Parent Relationship": "Outer", "Startup Cost": 1272467.82, "Total Cost": 1274208.65, "Plan Rows": 696330, "Plan Width": 20, "Sort Key": ["ci.movie_id"], "Plans": [{"Node Type": "Merge Join", "Parent Relationship": "Outer", "Join Type": "Inner", "Startup Cost": 1194438.34, "Total Cost": 1204891.05, "Plan Rows": 696330, "Plan Width": 20, "Inner Unique": false, "Merge Cond": "(rt.id = ci.role_id)", "Plans": [{"Node Type": "Index Only Scan", "Parent Relationship": "Outer", "Scan Direction": "Forward", "Index Name": "role_type_pkey", "Relation Name": "role_type", "Alias": "rt", "Startup Cost": 0.0, "Total Cost": 8.43, "Plan Rows": 12, "Plan Width": 4}, {"Node Type": "Sort", "Parent Relationship": "Inner", "Startup Cost": 1194438.34, "Total Cost": 1196179.17, "Plan Rows": 696330, "Plan Width": 24, "Sort Key": ["ci.role_id"], "Plans": [{"Node Type": "Merge Join", "Parent Relationship": "Outer", "Join Type": "Inner", "Startup Cost": 80674.47, "Total Cost": 1126861.56, "Plan Rows": 696330, "Plan Width": 24, "Inner Unique": false, "Merge Cond": "(chn.id = ci.person_role_id)", "Plans": [{"Node Type": "Index Scan", "Parent Relationship": "Outer", "Scan Direction": "Forward", "Index Name": "char_name_pkey", "Relation Name": "char_name", "Alias": "chn", "Startup Cost": 0.0, "Total Cost": 129875.46, "Plan Rows": 3140338, "Plan Width": 20}, {"Node Type": "Index Scan", "Parent Relationship": "Inner", "Scan Direction": "Forward", "Index Name": "person_role_id_cast_info", "Relation Name": "cast_info", "Alias": "ci", "Startup Cost": 0.0, "Total Cost": 2022508.08, "Plan Rows": 1436424, "Plan Width": 12, "Filter": "((note)::text ~~ '%(producer)%'::text), (LLVM Optimized)"}]}]}]}]}, {"Node Type": "Sort", "Parent Relationship": "Inner", "Startup Cost": 283826.21, "Total Cost": 287031.99, "Plan Rows": 1282311, "Plan Width": 8, "Sort Key": ["mc.movie_id"], "Plans": [{"Node Type": "Merge Join", "Parent Relationship": "Outer", "Join Type": "Inner", "Startup Cost": 3383.04, "Total Cost": 153733.74, "Plan Rows": 1282311, "Plan Width": 8, "Inner Unique": false, "Merge Cond": "(cn.id = mc.company_id)", "Plans": [{"Node Type": "Index Scan", "Parent Relationship": "Outer", "Scan Direction": "Forward", "Index Name": "company_name_pkey", "Relation Name": "company_name", "Alias": "cn", "Startup Cost": 0.0, "Total Cost": 10501.39, "Plan Rows": 85170, "Plan Width": 4, "Filter": "((country_code)::text = '[us]'::text)"}, {"Node Type": "Index Scan", "Parent Relationship": "Inner", "Scan Direction": "Forward", "Index Name": "company_id_movie_companies", "Relation Name": "movie_companies", "Alias": "mc", "Startup Cost": 0.0, "Total Cost": 123673.5, "Plan Rows": 2609128, "Plan Width": 12}]}]}]}, {"Node Type": "Index Scan", "Parent Relationship": "Inner", "Scan Direction": "Forward", "Index Name": "title_pkey", "Relation Name": "title", "Alias": "t", "Startup Cost": 0.0, "Total Cost": 116441.27, "Plan Rows": 1748840, "Plan Width": 21, "Filter": "(production_year > 1990), (LLVM Optimized)"}]}]}]}]}, "Unique SQL Id": 3145361615}, "explain_analyze_plan": null}, "(16, 82)": {"explain_plan": {"Plan": {"Node Type": "Aggregate", "Strategy": "Plain", "Startup Cost": 10092277.23, "Total Cost": 10092277.24, "Plan Rows": 1, "Plan Width": 97, "Plans": [{"Node Type": "Nested Loop", "Parent Relationship": "Outer", "Join Type": "Inner", "Startup Cost": 7063841.37, "Total Cost": 10087430.17, "Plan Rows": 969413, "Plan Width": 33, "Inner Unique": true, "Plans": [{"Node Type": "Merge Join", "Parent Relationship": "Outer", "Join Type": "Inner", "Startup Cost": 7063841.09, "Total Cost": 7080731.13, "Plan Rows": 699731, "Plan Width": 24, "Inner Unique": false, "Merge Cond": "(ci.movie_id = mc.movie_id)", "Plans": [{"Node Type": "Sort", "Parent Relationship": "Outer", "Startup Cost": 6429601.59, "Total Cost": 6431342.41, "Plan Rows": 696330, "Plan Width": 20, "Sort Key": ["ci.movie_id"], "Plans": [{"Node Type": "Merge Join", "Parent Relationship": "Outer", "Join Type": "Inner", "Startup Cost": 6351579.8, "Total Cost": 6362024.81, "Plan Rows": 696330, "Plan Width": 20, "Inner Unique": false, "Merge Cond": "(rt.id = ci.role_id)", "Plans": [{"Node Type": "Sort", "Parent Relationship": "Outer", "Startup Cost": 1.34, "Total Cost": 1.37, "Plan Rows": 12, "Plan Width": 4, "Sort Key": ["rt.id"], "Plans": [{"Node Type": "Seq Scan", "Parent Relationship": "Outer", "Relation Name": "role_type", "Alias": "rt", "Startup Cost": 0.0, "Total Cost": 1.12, "Plan Rows": 12, "Plan Width": 4}]}, {"Node Type": "Sort", "Parent Relationship": "Inner", "Startup Cost": 6351578.47, "Total Cost": 6353319.29, "Plan Rows": 696330, "Plan Width": 24, "Sort Key": ["ci.role_id"], "Plans": [{"Node Type": "Nested Loop", "Parent Relationship": "Outer", "Join Type": "Inner", "Startup Cost": 0.29, "Total Cost": 6284001.69, "Plan Rows": 696330, "Plan Width": 24, "Inner Unique": true, "Plans": [{"Node Type": "Streaming(type: LOCAL GATHER dop: 1/16)", "Parent Relationship": "Outer", "Startup Cost": 0.0, "Total Cost": 89283.86, "Plan Rows": 1436424, "Plan Width": 12, "Plans": [{"Node Type": "Seq Scan", "Parent Relationship": "Outer", "Relation Name": "cast_info", "Alias": "ci", "Startup Cost": 0.0, "Total Cost": 58282.92, "Plan Rows": 1436424, "Plan Width": 12, "Filter": "((note)::text ~~ '%(producer)%'::text), (LLVM Optimized)"}]}, {"Node Type": "Bitmap Heap Scan", "Parent Relationship": "Inner", "Relation Name": "char_name", "Alias": "chn", "Startup Cost": 0.29, "Total Cost": 4.3, "Plan Rows": 1, "Plan Width": 20, "Recheck Cond": "(id = ci.person_role_id)", "Plans": [{"Node Type": "Bitmap Index Scan", "Parent Relationship": "Outer", "Index Name": "char_name_pkey", "Startup Cost": 0.0, "Total Cost": 0.29, "Plan Rows": 1, "Plan Width": 0, "Index Cond": "(id = ci.person_role_id)"}]}]}]}]}]}, {"Node Type": "Sort", "Parent Relationship": "Inner", "Startup Cost": 634239.44, "Total Cost": 637445.22, "Plan Rows": 1282311, "Plan Width": 4, "Sort Key": ["mc.movie_id"], "Plans": [{"Node Type": "Merge Join", "Parent Relationship": "Outer", "Join Type": "Inner", "Startup Cost": 478191.35, "Total Cost": 504146.97, "Plan Rows": 1282311, "Plan Width": 4, "Inner Unique": false, "Merge Cond": "(cn.id = mc.company_id)", "Plans": [{"Node Type": "Sort", "Parent Relationship": "Outer", "Startup Cost": 12878.05, "Total Cost": 13090.97, "Plan Rows": 85170, "Plan Width": 4, "Sort Key": ["cn.id"], "Plans": [{"Node Type": "Seq Scan", "Parent Relationship": "Outer", "Relation Name": "company_name", "Alias": "cn", "Startup Cost": 0.0, "Total Cost": 5903.45, "Plan Rows": 85170, "Plan Width": 4, "Filter": "((country_code)::text = '[us]'::text)"}]}, {"Node Type": "Sort", "Parent Relationship": "Inner", "Startup Cost": 464974.33, "Total Cost": 471497.15, "Plan Rows": 2609128, "Plan Width": 8, "Sort Key": ["mc.company_id"], "Plans": [{"Node Type": "Nested Loop", "Parent Relationship": "Outer", "Join Type": "Inner", "Startup Cost": 21059.95, "Total Cost": 186904.73, "Plan Rows": 2609128, "Plan Width": 8, "Inner Unique": false, "Plans": [{"Node Type": "Seq Scan", "Parent Relationship": "Outer", "Relation Name": "company_type", "Alias": "ct", "Startup Cost": 0.0, "Total Cost": 1.03, "Plan Rows": 3, "Plan Width": 4}, {"Node Type": "Bitmap Heap Scan", "Parent Relationship": "Inner", "Relation Name": "movie_companies", "Alias": "mc", "Startup Cost": 21059.95, "Total Cost": 49255.59, "Plan Rows": 1304564, "Plan Width": 12, "Recheck Cond": "(company_type_id = ct.id), (LLVM Optimized)", "Plans": [{"Node Type": "Bitmap Index Scan", "Parent Relationship": "Outer", "Index Name": "company_type_id_movie_companies", "Startup Cost": 0.0, "Total Cost": 20733.81, "Plan Rows": 1304564, "Plan Width": 0, "Index Cond": "(company_type_id = ct.id)"}]}]}]}]}]}]}, {"Node Type": "Bitmap Heap Scan", "Parent Relationship": "Inner", "Relation Name": "title", "Alias": "t", "Startup Cost": 0.27, "Total Cost": 4.29, "Plan Rows": 1, "Plan Width": 21, "Recheck Cond": "(id = mc.movie_id)", "Filter": "(production_year > 1990)", "Plans": [{"Node Type": "Bitmap Index Scan", "Parent Relationship": "Outer", "Index Name": "title_pkey", "Startup Cost": 0.0, "Total Cost": 0.27, "Plan Rows": 1, "Plan Width": 0, "Index Cond": "(id = mc.movie_id)"}]}]}]}, "Unique SQL Id": 3145361615}, "explain_analyze_plan": null}, "(16, 83)": {"explain_plan": {"Plan": {"Node Type": "Aggregate", "Strategy": "Plain", "Startup Cost": 3197244.21, "Total Cost": 3197244.22, "Plan Rows": 1, "Plan Width": 97, "Plans": [{"Node Type": "Merge Join", "Parent Relationship": "Outer", "Join Type": "Inner", "Startup Cost": 3155328.01, "Total Cost": 3192397.14, "Plan Rows": 969413, "Plan Width": 33, "Inner Unique": true, "Merge Cond": "(mc.movie_id = t.id)", "Plans": [{"Node Type": "Merge Join", "Parent Relationship": "Outer", "Join Type": "Inner", "Startup Cost": 2857509.99, "Total Cost": 2874400.03, "Plan Rows": 699731, "Plan Width": 24, "Inner Unique": false, "Merge Cond": "(ci.movie_id = mc.movie_id)", "Plans": [{"Node Type": "Sort", "Parent Relationship": "Outer", "Startup Cost": 2220458.7, "Total Cost": 2222199.52, "Plan Rows": 696330, "Plan Width": 20, "Sort Key": ["ci.movie_id"], "Plans": [{"Node Type": "Merge Join", "Parent Relationship": "Outer", "Join Type": "Inner", "Startup Cost": 2142436.91, "Total Cost": 2152881.92, "Plan Rows": 696330, "Plan Width": 20, "Inner Unique": false, "Merge Cond": "(rt.id = ci.role_id)", "Plans": [{"Node Type": "Sort", "Parent Relationship": "Outer", "Startup Cost": 12.65, "Total Cost": 12.68, "Plan Rows": 12, "Plan Width": 4, "Sort Key": ["rt.id"], "Plans": [{"Node Type": "Bitmap Heap Scan", "Parent Relationship": "Outer", "Relation Name": "role_type", "Alias": "rt", "Startup Cost": 8.31, "Total Cost": 12.43, "Plan Rows": 12, "Plan Width": 4, "Plans": [{"Node Type": "Bitmap Index Scan", "Parent Relationship": "Outer", "Index Name": "role_type_pkey", "Startup Cost": 0.0, "Total Cost": 8.31, "Plan Rows": 12, "Plan Width": 0}]}]}, {"Node Type": "Sort", "Parent Relationship": "Inner", "Startup Cost": 2142424.26, "Total Cost": 2144165.09, "Plan Rows": 696330, "Plan Width": 24, "Sort Key": ["ci.role_id"], "Plans": [{"Node Type": "Merge Join", "Parent Relationship": "Outer", "Join Type": "Inner", "Startup Cost": 2048986.87, "Total Cost": 2074847.49, "Plan Rows": 696330, "Plan Width": 24, "Inner Unique": false, "Merge Cond": "(chn.id = ci.person_role_id)", "Plans": [{"Node Type": "Sort", "Parent Relationship": "Outer", "Startup Cost": 469325.95, "Total Cost": 477176.79, "Plan Rows": 3140338, "Plan Width": 20, "Sort Key": ["chn.id"], "Plans": [{"Node Type": "Bitmap Heap Scan", "Parent Relationship": "Outer", "Relation Name": "char_name", "Alias": "chn", "Startup Cost": 62951.02, "Total Cost": 130444.4, "Plan Rows": 3140338, "Plan Width": 20, "Plans": [{"Node Type": "Bitmap Index Scan", "Parent Relationship": "Outer", "Index Name": "char_name_pkey", "Startup Cost": 0.0, "Total Cost": 62165.94, "Plan Rows": 3140338, "Plan Width": 0}]}]}, {"Node Type": "Sort", "Parent Relationship": "Inner", "Startup Cost": 1579374.94, "Total Cost": 1582966.0, "Plan Rows": 1436424, "Plan Width": 12, "Sort Key": ["ci.person_role_id"], "Plans": [{"Node Type": "Bitmap Heap Scan", "Parent Relationship": "Outer", "Relation Name": "cast_info", "Alias": "ci", "Startup Cost": 739944.83, "Total Cost": 1432471.5, "Plan Rows": 1436424, "Plan Width": 12, "Filter": "((note)::text ~~ '%(producer)%'::text), (LLVM Optimized)", "Plans": [{"Node Type": "Bitmap Index Scan", "Parent Relationship": "Outer", "Index Name": "person_role_id_cast_info", "Startup Cost": 0.0, "Total Cost": 739585.72, "Plan Rows": 36259494, "Plan Width": 0}]}]}]}]}]}]}, {"Node Type": "Sort", "Parent Relationship": "Inner", "Startup Cost": 637051.23, "Total Cost": 640257.01, "Plan Rows": 1282311, "Plan Width": 4, "Sort Key": ["mc.movie_id"], "Plans": [{"Node Type": "Merge Join", "Parent Relationship": "Outer", "Join Type": "Inner", "Startup Cost": 481003.14, "Total Cost": 506958.76, "Plan Rows": 1282311, "Plan Width": 4, "Inner Unique": false, "Merge Cond": "(cn.id = mc.company_id)", "Plans": [{"Node Type": "Sort", "Parent Relationship": "Outer", "Startup Cost": 15678.57, "Total Cost": 15891.49, "Plan Rows": 85170, "Plan Width": 4, "Sort Key": ["cn.id"], "Plans": [{"Node Type": "Bitmap Heap Scan", "Parent Relationship": "Outer", "Relation Name": "company_name", "Alias": "cn", "Startup Cost": 2800.52, "Total Cost": 8703.97, "Plan Rows": 85170, "Plan Width": 4, "Filter": "((country_code)::text = '[us]'::text)", "Plans": [{"Node Type": "Bitmap Index Scan", "Parent Relationship": "Outer", "Index Name": "company_name_pkey", "Startup Cost": 0.0, "Total Cost": 2779.23, "Plan Rows": 234996, "Plan Width": 0}]}]}, {"Node Type": "Sort", "Parent Relationship": "Inner", "Startup Cost": 464985.59, "Total Cost": 471508.41, "Plan Rows": 2609128, "Plan Width": 8, "Sort Key": ["mc.company_id"], "Plans": [{"Node Type": "Nested Loop", "Parent Relationship": "Outer", "Join Type": "Inner", "Startup Cost": 21068.22, "Total Cost": 186916.0, "Plan Rows": 2609128, "Plan Width": 8, "Inner Unique": false, "Plans": [{"Node Type": "Bitmap Heap Scan", "Parent Relationship": "Outer", "Relation Name": "company_type", "Alias": "ct", "Startup Cost": 8.27, "Total Cost": 12.3, "Plan Rows": 3, "Plan Width": 4, "Plans": [{"Node Type": "Bitmap Index Scan", "Parent Relationship": "Outer", "Index Name": "company_type_pkey", "Startup Cost": 0.0, "Total Cost": 8.27, "Plan Rows": 3, "Plan Width": 0}]}, {"Node Type": "Bitmap Heap Scan", "Parent Relationship": "Inner", "Relation Name": "movie_companies", "Alias": "mc", "Startup Cost": 21059.95, "Total Cost": 49255.59, "Plan Rows": 1304564, "Plan Width": 12, "Recheck Cond": "(company_type_id = ct.id), (LLVM Optimized)", "Plans": [{"Node Type": "Bitmap Index Scan", "Parent Relationship": "Outer", "Index Name": "company_type_id_movie_companies", "Startup Cost": 0.0, "Total Cost": 20733.81, "Plan Rows": 1304564, "Plan Width": 0, "Index Cond": "(company_type_id = ct.id)"}]}]}]}]}]}]}, {"Node Type": "Sort", "Parent Relationship": "Inner", "Startup Cost": 297817.83, "Total Cost": 302189.93, "Plan Rows": 1748840, "Plan Width": 21, "Sort Key": ["t.id"], "Plans": [{"Node Type": "Bitmap Heap Scan", "Parent Relationship": "Outer", "Relation Name": "title", "Alias": "t", "Startup Cost": 50091.01, "Total Cost": 116480.9, "Plan Rows": 1748840, "Plan Width": 21, "Filter": "(production_year > 1990), (LLVM Optimized)", "Plans": [{"Node Type": "Bitmap Index Scan", "Parent Relationship": "Outer", "Index Name": "title_pkey", "Startup Cost": 0.0, "Total Cost": 49653.81, "Plan Rows": 2528311, "Plan Width": 0}]}]}]}]}, "Unique SQL Id": 3145361615}, "explain_analyze_plan": null}, "(16, 84)": {"explain_plan": {"Plan": {"Node Type": "Aggregate", "Strategy": "Plain", "Startup Cost": 1376545.55, "Total Cost": 1376545.56, "Plan Rows": 1, "Plan Width": 97, "Plans": [{"Node Type": "Merge Join", "Parent Relationship": "Outer", "Join Type": "Inner", "Startup Cost": 1359529.65, "Total Cost": 1371698.49, "Plan Rows": 969413, "Plan Width": 33, "Inner Unique": false, "Merge Cond": "(ct.id = mc.company_type_id)", "Plans": [{"Node Type": "Sort", "Parent Relationship": "Outer", "Startup Cost": 1.05, "Total Cost": 1.06, "Plan Rows": 3, "Plan Width": 4, "Sort Key": ["ct.id"], "Plans": [{"Node Type": "Seq Scan", "Parent Relationship": "Outer", "Relation Name": "company_type", "Alias": "ct", "Startup Cost": 0.0, "Total Cost": 1.03, "Plan Rows": 3, "Plan Width": 4}]}, {"Node Type": "Sort", "Parent Relationship": "Inner", "Startup Cost": 1357156.22, "Total Cost": 1359579.75, "Plan Rows": 969413, "Plan Width": 37, "Sort Key": ["mc.company_type_id"], "Plans": [{"Node Type": "Merge Join", "Parent Relationship": "Outer", "Join Type": "Inner", "Startup Cost": 1111735.38, "Total Cost": 1260763.84, "Plan Rows": 969413, "Plan Width": 37, "Inner Unique": true, "Merge Cond": "(mc.movie_id = t.id)", "Plans": [{"Node Type": "Merge Join", "Parent Relationship": "Outer", "Join Type": "Inner", "Startup Cost": 1111732.76, "Total Cost": 1128622.8, "Plan Rows": 699731, "Plan Width": 28, "Inner Unique": false, "Merge Cond": "(ci.movie_id = mc.movie_id)", "Plans": [{"Node Type": "Sort", "Parent Relationship": "Outer", "Startup Cost": 827906.48, "Total Cost": 829647.31, "Plan Rows": 696330, "Plan Width": 20, "Sort Key": ["ci.movie_id"], "Plans": [{"Node Type": "Merge Join", "Parent Relationship": "Outer", "Join Type": "Inner", "Startup Cost": 749884.7, "Total Cost": 760329.7, "Plan Rows": 696330, "Plan Width": 20, "Inner Unique": false, "Merge Cond": "(rt.id = ci.role_id)", "Plans": [{"Node Type": "Sort", "Parent Relationship": "Outer", "Startup Cost": 1.34, "Total Cost": 1.37, "Plan Rows": 12, "Plan Width": 4, "Sort Key": ["rt.id"], "Plans": [{"Node Type": "Seq Scan", "Parent Relationship": "Outer", "Relation Name": "role_type", "Alias": "rt", "Startup Cost": 0.0, "Total Cost": 1.12, "Plan Rows": 12, "Plan Width": 4}]}, {"Node Type": "Sort", "Parent Relationship": "Inner", "Startup Cost": 749883.36, "Total Cost": 751624.19, "Plan Rows": 696330, "Plan Width": 24, "Sort Key": ["ci.role_id"], "Plans": [{"Node Type": "Nested Loop", "Parent Relationship": "Outer", "Join Type": "Inner", "Startup Cost": 0.0, "Total Cost": 682306.58, "Plan Rows": 696330, "Plan Width": 24, "Inner Unique": true, "Plans": [{"Node Type": "Streaming(type: LOCAL GATHER dop: 1/16)", "Parent Relationship": "Outer", "Startup Cost": 0.0, "Total Cost": 89283.86, "Plan Rows": 1436424, "Plan Width": 12, "Plans": [{"Node Type": "Seq Scan", "Parent Relationship": "Outer", "Relation Name": "cast_info", "Alias": "ci", "Startup Cost": 0.0, "Total Cost": 58282.92, "Plan Rows": 1436424, "Plan Width": 12, "Filter": "((note)::text ~~ '%(producer)%'::text), (LLVM Optimized)"}]}, {"Node Type": "Index Scan", "Parent Relationship": "Inner", "Scan Direction": "Forward", "Index Name": "char_name_pkey", "Relation Name": "char_name", "Alias": "chn", "Startup Cost": 0.0, "Total Cost": 0.4, "Plan Rows": 1, "Plan Width": 20, "Index Cond": "(id = ci.person_role_id)"}]}]}]}]}, {"Node Type": "Sort", "Parent Relationship": "Inner", "Startup Cost": 283826.21, "Total Cost": 287031.99, "Plan Rows": 1282311, "Plan Width": 8, "Sort Key": ["mc.movie_id"], "Plans": [{"Node Type": "Merge Join", "Parent Relationship": "Outer", "Join Type": "Inner", "Startup Cost": 3383.04, "Total Cost": 153733.74, "Plan Rows": 1282311, "Plan Width": 8, "Inner Unique": false, "Merge Cond": "(cn.id = mc.company_id)", "Plans": [{"Node Type": "Index Scan", "Parent Relationship": "Outer", "Scan Direction": "Forward", "Index Name": "company_name_pkey", "Relation Name": "company_name", "Alias": "cn", "Startup Cost": 0.0, "Total Cost": 10501.39, "Plan Rows": 85170, "Plan Width": 4, "Filter": "((country_code)::text = '[us]'::text)"}, {"Node Type": "Index Scan", "Parent Relationship": "Inner", "Scan Direction": "Forward", "Index Name": "company_id_movie_companies", "Relation Name": "movie_companies", "Alias": "mc", "Startup Cost": 0.0, "Total Cost": 123673.5, "Plan Rows": 2609128, "Plan Width": 12}]}]}]}, {"Node Type": "Index Scan", "Parent Relationship": "Inner", "Scan Direction": "Forward", "Index Name": "title_pkey", "Relation Name": "title", "Alias": "t", "Startup Cost": 0.0, "Total Cost": 116441.27, "Plan Rows": 1748840, "Plan Width": 21, "Filter": "(production_year > 1990), (LLVM Optimized)"}]}]}]}]}, "Unique SQL Id": 3145361615}, "explain_analyze_plan": null}, "(16, 85)": {"explain_plan": {"Plan": {"Node Type": "Aggregate", "Strategy": "Plain", "Startup Cost": 1821121.79, "Total Cost": 1821121.8, "Plan Rows": 1, "Plan Width": 97, "Plans": [{"Node Type": "Merge Join", "Parent Relationship": "Outer", "Join Type": "Inner", "Startup Cost": 1804093.6, "Total Cost": 1816274.73, "Plan Rows": 969413, "Plan Width": 33, "Inner Unique": false, "Merge Cond": "(ct.id = mc.company_type_id)", "Plans": [{"Node Type": "Index Scan", "Parent Relationship": "Outer", "Scan Direction": "Forward", "Index Name": "company_type_pkey", "Relation Name": "company_type", "Alias": "ct", "Startup Cost": 0.0, "Total Cost": 12.29, "Plan Rows": 3, "Plan Width": 4}, {"Node Type": "Sort", "Parent Relationship": "Inner", "Startup Cost": 1801721.23, "Total Cost": 1804144.76, "Plan Rows": 969413, "Plan Width": 37, "Sort Key": ["mc.company_type_id"], "Plans": [{"Node Type": "Merge Join", "Parent Relationship": "Outer", "Join Type": "Inner", "Startup Cost": 1556300.39, "Total Cost": 1705328.85, "Plan Rows": 969413, "Plan Width": 37, "Inner Unique": true, "Merge Cond": "(mc.movie_id = t.id)", "Plans": [{"Node Type": "Merge Join", "Parent Relationship": "Outer", "Join Type": "Inner", "Startup Cost": 1556297.77, "Total Cost": 1573187.81, "Plan Rows": 699731, "Plan Width": 28, "Inner Unique": false, "Merge Cond": "(ci.movie_id = mc.movie_id)", "Plans": [{"Node Type": "Sort", "Parent Relationship": "Outer", "Startup Cost": 1272471.49, "Total Cost": 1274212.32, "Plan Rows": 696330, "Plan Width": 20, "Sort Key": ["ci.movie_id"], "Plans": [{"Node Type": "Merge Join", "Parent Relationship": "Outer", "Join Type": "Inner", "Startup Cost": 1194438.34, "Total Cost": 1204894.71, "Plan Rows": 696330, "Plan Width": 20, "Inner Unique": false, "Merge Cond": "(rt.id = ci.role_id)", "Plans": [{"Node Type": "Index Scan", "Parent Relationship": "Outer", "Scan Direction": "Forward", "Index Name": "role_type_pkey", "Relation Name": "role_type", "Alias": "rt", "Startup Cost": 0.0, "Total Cost": 12.43, "Plan Rows": 12, "Plan Width": 4}, {"Node Type": "Sort", "Parent Relationship": "Inner", "Startup Cost": 1194438.34, "Total Cost": 1196179.17, "Plan Rows": 696330, "Plan Width": 24, "Sort Key": ["ci.role_id"], "Plans": [{"Node Type": "Merge Join", "Parent Relationship": "Outer", "Join Type": "Inner", "Startup Cost": 80674.47, "Total Cost": 1126861.56, "Plan Rows": 696330, "Plan Width": 24, "Inner Unique": false, "Merge Cond": "(chn.id = ci.person_role_id)", "Plans": [{"Node Type": "Index Scan", "Parent Relationship": "Outer", "Scan Direction": "Forward", "Index Name": "char_name_pkey", "Relation Name": "char_name", "Alias": "chn", "Startup Cost": 0.0, "Total Cost": 129875.46, "Plan Rows": 3140338, "Plan Width": 20}, {"Node Type": "Index Scan", "Parent Relationship": "Inner", "Scan Direction": "Forward", "Index Name": "person_role_id_cast_info", "Relation Name": "cast_info", "Alias": "ci", "Startup Cost": 0.0, "Total Cost": 2022508.08, "Plan Rows": 1436424, "Plan Width": 12, "Filter": "((note)::text ~~ '%(producer)%'::text), (LLVM Optimized)"}]}]}]}]}, {"Node Type": "Sort", "Parent Relationship": "Inner", "Startup Cost": 283826.21, "Total Cost": 287031.99, "Plan Rows": 1282311, "Plan Width": 8, "Sort Key": ["mc.movie_id"], "Plans": [{"Node Type": "Merge Join", "Parent Relationship": "Outer", "Join Type": "Inner", "Startup Cost": 3383.04, "Total Cost": 153733.74, "Plan Rows": 1282311, "Plan Width": 8, "Inner Unique": false, "Merge Cond": "(cn.id = mc.company_id)", "Plans": [{"Node Type": "Index Scan", "Parent Relationship": "Outer", "Scan Direction": "Forward", "Index Name": "company_name_pkey", "Relation Name": "company_name", "Alias": "cn", "Startup Cost": 0.0, "Total Cost": 10501.39, "Plan Rows": 85170, "Plan Width": 4, "Filter": "((country_code)::text = '[us]'::text)"}, {"Node Type": "Index Scan", "Parent Relationship": "Inner", "Scan Direction": "Forward", "Index Name": "company_id_movie_companies", "Relation Name": "movie_companies", "Alias": "mc", "Startup Cost": 0.0, "Total Cost": 123673.5, "Plan Rows": 2609128, "Plan Width": 12}]}]}]}, {"Node Type": "Index Scan", "Parent Relationship": "Inner", "Scan Direction": "Forward", "Index Name": "title_pkey", "Relation Name": "title", "Alias": "t", "Startup Cost": 0.0, "Total Cost": 116441.27, "Plan Rows": 1748840, "Plan Width": 21, "Filter": "(production_year > 1990), (LLVM Optimized)"}]}]}]}]}, "Unique SQL Id": 3145361615}, "explain_analyze_plan": null}, "(16, 86)": {"explain_plan": {"Plan": {"Node Type": "Aggregate", "Strategy": "Plain", "Startup Cost": 10092277.23, "Total Cost": 10092277.24, "Plan Rows": 1, "Plan Width": 97, "Plans": [{"Node Type": "Nested Loop", "Parent Relationship": "Outer", "Join Type": "Inner", "Startup Cost": 7063841.37, "Total Cost": 10087430.17, "Plan Rows": 969413, "Plan Width": 33, "Inner Unique": true, "Plans": [{"Node Type": "Merge Join", "Parent Relationship": "Outer", "Join Type": "Inner", "Startup Cost": 7063841.09, "Total Cost": 7080731.13, "Plan Rows": 699731, "Plan Width": 24, "Inner Unique": false, "Merge Cond": "(ci.movie_id = mc.movie_id)", "Plans": [{"Node Type": "Sort", "Parent Relationship": "Outer", "Startup Cost": 6429601.59, "Total Cost": 6431342.41, "Plan Rows": 696330, "Plan Width": 20, "Sort Key": ["ci.movie_id"], "Plans": [{"Node Type": "Merge Join", "Parent Relationship": "Outer", "Join Type": "Inner", "Startup Cost": 6351579.8, "Total Cost": 6362024.81, "Plan Rows": 696330, "Plan Width": 20, "Inner Unique": false, "Merge Cond": "(rt.id = ci.role_id)", "Plans": [{"Node Type": "Sort", "Parent Relationship": "Outer", "Startup Cost": 1.34, "Total Cost": 1.37, "Plan Rows": 12, "Plan Width": 4, "Sort Key": ["rt.id"], "Plans": [{"Node Type": "Seq Scan", "Parent Relationship": "Outer", "Relation Name": "role_type", "Alias": "rt", "Startup Cost": 0.0, "Total Cost": 1.12, "Plan Rows": 12, "Plan Width": 4}]}, {"Node Type": "Sort", "Parent Relationship": "Inner", "Startup Cost": 6351578.47, "Total Cost": 6353319.29, "Plan Rows": 696330, "Plan Width": 24, "Sort Key": ["ci.role_id"], "Plans": [{"Node Type": "Nested Loop", "Parent Relationship": "Outer", "Join Type": "Inner", "Startup Cost": 0.29, "Total Cost": 6284001.69, "Plan Rows": 696330, "Plan Width": 24, "Inner Unique": true, "Plans": [{"Node Type": "Streaming(type: LOCAL GATHER dop: 1/16)", "Parent Relationship": "Outer", "Startup Cost": 0.0, "Total Cost": 89283.86, "Plan Rows": 1436424, "Plan Width": 12, "Plans": [{"Node Type": "Seq Scan", "Parent Relationship": "Outer", "Relation Name": "cast_info", "Alias": "ci", "Startup Cost": 0.0, "Total Cost": 58282.92, "Plan Rows": 1436424, "Plan Width": 12, "Filter": "((note)::text ~~ '%(producer)%'::text), (LLVM Optimized)"}]}, {"Node Type": "Bitmap Heap Scan", "Parent Relationship": "Inner", "Relation Name": "char_name", "Alias": "chn", "Startup Cost": 0.29, "Total Cost": 4.3, "Plan Rows": 1, "Plan Width": 20, "Recheck Cond": "(id = ci.person_role_id)", "Plans": [{"Node Type": "Bitmap Index Scan", "Parent Relationship": "Outer", "Index Name": "char_name_pkey", "Startup Cost": 0.0, "Total Cost": 0.29, "Plan Rows": 1, "Plan Width": 0, "Index Cond": "(id = ci.person_role_id)"}]}]}]}]}]}, {"Node Type": "Sort", "Parent Relationship": "Inner", "Startup Cost": 634239.44, "Total Cost": 637445.22, "Plan Rows": 1282311, "Plan Width": 4, "Sort Key": ["mc.movie_id"], "Plans": [{"Node Type": "Merge Join", "Parent Relationship": "Outer", "Join Type": "Inner", "Startup Cost": 478191.35, "Total Cost": 504146.97, "Plan Rows": 1282311, "Plan Width": 4, "Inner Unique": false, "Merge Cond": "(cn.id = mc.company_id)", "Plans": [{"Node Type": "Sort", "Parent Relationship": "Outer", "Startup Cost": 12878.05, "Total Cost": 13090.97, "Plan Rows": 85170, "Plan Width": 4, "Sort Key": ["cn.id"], "Plans": [{"Node Type": "Seq Scan", "Parent Relationship": "Outer", "Relation Name": "company_name", "Alias": "cn", "Startup Cost": 0.0, "Total Cost": 5903.45, "Plan Rows": 85170, "Plan Width": 4, "Filter": "((country_code)::text = '[us]'::text)"}]}, {"Node Type": "Sort", "Parent Relationship": "Inner", "Startup Cost": 464974.33, "Total Cost": 471497.15, "Plan Rows": 2609128, "Plan Width": 8, "Sort Key": ["mc.company_id"], "Plans": [{"Node Type": "Nested Loop", "Parent Relationship": "Outer", "Join Type": "Inner", "Startup Cost": 21059.95, "Total Cost": 186904.73, "Plan Rows": 2609128, "Plan Width": 8, "Inner Unique": false, "Plans": [{"Node Type": "Seq Scan", "Parent Relationship": "Outer", "Relation Name": "company_type", "Alias": "ct", "Startup Cost": 0.0, "Total Cost": 1.03, "Plan Rows": 3, "Plan Width": 4}, {"Node Type": "Bitmap Heap Scan", "Parent Relationship": "Inner", "Relation Name": "movie_companies", "Alias": "mc", "Startup Cost": 21059.95, "Total Cost": 49255.59, "Plan Rows": 1304564, "Plan Width": 12, "Recheck Cond": "(company_type_id = ct.id), (LLVM Optimized)", "Plans": [{"Node Type": "Bitmap Index Scan", "Parent Relationship": "Outer", "Index Name": "company_type_id_movie_companies", "Startup Cost": 0.0, "Total Cost": 20733.81, "Plan Rows": 1304564, "Plan Width": 0, "Index Cond": "(company_type_id = ct.id)"}]}]}]}]}]}]}, {"Node Type": "Bitmap Heap Scan", "Parent Relationship": "Inner", "Relation Name": "title", "Alias": "t", "Startup Cost": 0.27, "Total Cost": 4.29, "Plan Rows": 1, "Plan Width": 21, "Recheck Cond": "(id = mc.movie_id)", "Filter": "(production_year > 1990)", "Plans": [{"Node Type": "Bitmap Index Scan", "Parent Relationship": "Outer", "Index Name": "title_pkey", "Startup Cost": 0.0, "Total Cost": 0.27, "Plan Rows": 1, "Plan Width": 0, "Index Cond": "(id = mc.movie_id)"}]}]}]}, "Unique SQL Id": 3145361615}, "explain_analyze_plan": null}, "(16, 87)": {"explain_plan": {"Plan": {"Node Type": "Aggregate", "Strategy": "Plain", "Startup Cost": 3197244.21, "Total Cost": 3197244.22, "Plan Rows": 1, "Plan Width": 97, "Plans": [{"Node Type": "Merge Join", "Parent Relationship": "Outer", "Join Type": "Inner", "Startup Cost": 3155328.01, "Total Cost": 3192397.14, "Plan Rows": 969413, "Plan Width": 33, "Inner Unique": true, "Merge Cond": "(mc.movie_id = t.id)", "Plans": [{"Node Type": "Merge Join", "Parent Relationship": "Outer", "Join Type": "Inner", "Startup Cost": 2857509.99, "Total Cost": 2874400.03, "Plan Rows": 699731, "Plan Width": 24, "Inner Unique": false, "Merge Cond": "(ci.movie_id = mc.movie_id)", "Plans": [{"Node Type": "Sort", "Parent Relationship": "Outer", "Startup Cost": 2220458.7, "Total Cost": 2222199.52, "Plan Rows": 696330, "Plan Width": 20, "Sort Key": ["ci.movie_id"], "Plans": [{"Node Type": "Merge Join", "Parent Relationship": "Outer", "Join Type": "Inner", "Startup Cost": 2142436.91, "Total Cost": 2152881.92, "Plan Rows": 696330, "Plan Width": 20, "Inner Unique": false, "Merge Cond": "(rt.id = ci.role_id)", "Plans": [{"Node Type": "Sort", "Parent Relationship": "Outer", "Startup Cost": 12.65, "Total Cost": 12.68, "Plan Rows": 12, "Plan Width": 4, "Sort Key": ["rt.id"], "Plans": [{"Node Type": "Bitmap Heap Scan", "Parent Relationship": "Outer", "Relation Name": "role_type", "Alias": "rt", "Startup Cost": 8.31, "Total Cost": 12.43, "Plan Rows": 12, "Plan Width": 4, "Plans": [{"Node Type": "Bitmap Index Scan", "Parent Relationship": "Outer", "Index Name": "role_type_pkey", "Startup Cost": 0.0, "Total Cost": 8.31, "Plan Rows": 12, "Plan Width": 0}]}]}, {"Node Type": "Sort", "Parent Relationship": "Inner", "Startup Cost": 2142424.26, "Total Cost": 2144165.09, "Plan Rows": 696330, "Plan Width": 24, "Sort Key": ["ci.role_id"], "Plans": [{"Node Type": "Merge Join", "Parent Relationship": "Outer", "Join Type": "Inner", "Startup Cost": 2048986.87, "Total Cost": 2074847.49, "Plan Rows": 696330, "Plan Width": 24, "Inner Unique": false, "Merge Cond": "(chn.id = ci.person_role_id)", "Plans": [{"Node Type": "Sort", "Parent Relationship": "Outer", "Startup Cost": 469325.95, "Total Cost": 477176.79, "Plan Rows": 3140338, "Plan Width": 20, "Sort Key": ["chn.id"], "Plans": [{"Node Type": "Bitmap Heap Scan", "Parent Relationship": "Outer", "Relation Name": "char_name", "Alias": "chn", "Startup Cost": 62951.02, "Total Cost": 130444.4, "Plan Rows": 3140338, "Plan Width": 20, "Plans": [{"Node Type": "Bitmap Index Scan", "Parent Relationship": "Outer", "Index Name": "char_name_pkey", "Startup Cost": 0.0, "Total Cost": 62165.94, "Plan Rows": 3140338, "Plan Width": 0}]}]}, {"Node Type": "Sort", "Parent Relationship": "Inner", "Startup Cost": 1579374.94, "Total Cost": 1582966.0, "Plan Rows": 1436424, "Plan Width": 12, "Sort Key": ["ci.person_role_id"], "Plans": [{"Node Type": "Bitmap Heap Scan", "Parent Relationship": "Outer", "Relation Name": "cast_info", "Alias": "ci", "Startup Cost": 739944.83, "Total Cost": 1432471.5, "Plan Rows": 1436424, "Plan Width": 12, "Filter": "((note)::text ~~ '%(producer)%'::text), (LLVM Optimized)", "Plans": [{"Node Type": "Bitmap Index Scan", "Parent Relationship": "Outer", "Index Name": "person_role_id_cast_info", "Startup Cost": 0.0, "Total Cost": 739585.72, "Plan Rows": 36259494, "Plan Width": 0}]}]}]}]}]}]}, {"Node Type": "Sort", "Parent Relationship": "Inner", "Startup Cost": 637051.23, "Total Cost": 640257.01, "Plan Rows": 1282311, "Plan Width": 4, "Sort Key": ["mc.movie_id"], "Plans": [{"Node Type": "Merge Join", "Parent Relationship": "Outer", "Join Type": "Inner", "Startup Cost": 481003.14, "Total Cost": 506958.76, "Plan Rows": 1282311, "Plan Width": 4, "Inner Unique": false, "Merge Cond": "(cn.id = mc.company_id)", "Plans": [{"Node Type": "Sort", "Parent Relationship": "Outer", "Startup Cost": 15678.57, "Total Cost": 15891.49, "Plan Rows": 85170, "Plan Width": 4, "Sort Key": ["cn.id"], "Plans": [{"Node Type": "Bitmap Heap Scan", "Parent Relationship": "Outer", "Relation Name": "company_name", "Alias": "cn", "Startup Cost": 2800.52, "Total Cost": 8703.97, "Plan Rows": 85170, "Plan Width": 4, "Filter": "((country_code)::text = '[us]'::text)", "Plans": [{"Node Type": "Bitmap Index Scan", "Parent Relationship": "Outer", "Index Name": "company_name_pkey", "Startup Cost": 0.0, "Total Cost": 2779.23, "Plan Rows": 234996, "Plan Width": 0}]}]}, {"Node Type": "Sort", "Parent Relationship": "Inner", "Startup Cost": 464985.59, "Total Cost": 471508.41, "Plan Rows": 2609128, "Plan Width": 8, "Sort Key": ["mc.company_id"], "Plans": [{"Node Type": "Nested Loop", "Parent Relationship": "Outer", "Join Type": "Inner", "Startup Cost": 21068.22, "Total Cost": 186916.0, "Plan Rows": 2609128, "Plan Width": 8, "Inner Unique": false, "Plans": [{"Node Type": "Bitmap Heap Scan", "Parent Relationship": "Outer", "Relation Name": "company_type", "Alias": "ct", "Startup Cost": 8.27, "Total Cost": 12.3, "Plan Rows": 3, "Plan Width": 4, "Plans": [{"Node Type": "Bitmap Index Scan", "Parent Relationship": "Outer", "Index Name": "company_type_pkey", "Startup Cost": 0.0, "Total Cost": 8.27, "Plan Rows": 3, "Plan Width": 0}]}, {"Node Type": "Bitmap Heap Scan", "Parent Relationship": "Inner", "Relation Name": "movie_companies", "Alias": "mc", "Startup Cost": 21059.95, "Total Cost": 49255.59, "Plan Rows": 1304564, "Plan Width": 12, "Recheck Cond": "(company_type_id = ct.id), (LLVM Optimized)", "Plans": [{"Node Type": "Bitmap Index Scan", "Parent Relationship": "Outer", "Index Name": "company_type_id_movie_companies", "Startup Cost": 0.0, "Total Cost": 20733.81, "Plan Rows": 1304564, "Plan Width": 0, "Index Cond": "(company_type_id = ct.id)"}]}]}]}]}]}]}, {"Node Type": "Sort", "Parent Relationship": "Inner", "Startup Cost": 297817.83, "Total Cost": 302189.93, "Plan Rows": 1748840, "Plan Width": 21, "Sort Key": ["t.id"], "Plans": [{"Node Type": "Bitmap Heap Scan", "Parent Relationship": "Outer", "Relation Name": "title", "Alias": "t", "Startup Cost": 50091.01, "Total Cost": 116480.9, "Plan Rows": 1748840, "Plan Width": 21, "Filter": "(production_year > 1990), (LLVM Optimized)", "Plans": [{"Node Type": "Bitmap Index Scan", "Parent Relationship": "Outer", "Index Name": "title_pkey", "Startup Cost": 0.0, "Total Cost": 49653.81, "Plan Rows": 2528311, "Plan Width": 0}]}]}]}]}, "Unique SQL Id": 3145361615}, "explain_analyze_plan": null}, "(16, 88)": {"explain_plan": {"Plan": {"Node Type": "Aggregate", "Strategy": "Plain", "Startup Cost": 1376545.55, "Total Cost": 1376545.56, "Plan Rows": 1, "Plan Width": 97, "Plans": [{"Node Type": "Merge Join", "Parent Relationship": "Outer", "Join Type": "Inner", "Startup Cost": 1359529.65, "Total Cost": 1371698.49, "Plan Rows": 969413, "Plan Width": 33, "Inner Unique": false, "Merge Cond": "(ct.id = mc.company_type_id)", "Plans": [{"Node Type": "Sort", "Parent Relationship": "Outer", "Startup Cost": 1.05, "Total Cost": 1.06, "Plan Rows": 3, "Plan Width": 4, "Sort Key": ["ct.id"], "Plans": [{"Node Type": "Seq Scan", "Parent Relationship": "Outer", "Relation Name": "company_type", "Alias": "ct", "Startup Cost": 0.0, "Total Cost": 1.03, "Plan Rows": 3, "Plan Width": 4}]}, {"Node Type": "Sort", "Parent Relationship": "Inner", "Startup Cost": 1357156.22, "Total Cost": 1359579.75, "Plan Rows": 969413, "Plan Width": 37, "Sort Key": ["mc.company_type_id"], "Plans": [{"Node Type": "Merge Join", "Parent Relationship": "Outer", "Join Type": "Inner", "Startup Cost": 1111735.38, "Total Cost": 1260763.84, "Plan Rows": 969413, "Plan Width": 37, "Inner Unique": true, "Merge Cond": "(mc.movie_id = t.id)", "Plans": [{"Node Type": "Merge Join", "Parent Relationship": "Outer", "Join Type": "Inner", "Startup Cost": 1111732.76, "Total Cost": 1128622.8, "Plan Rows": 699731, "Plan Width": 28, "Inner Unique": false, "Merge Cond": "(ci.movie_id = mc.movie_id)", "Plans": [{"Node Type": "Sort", "Parent Relationship": "Outer", "Startup Cost": 827906.48, "Total Cost": 829647.31, "Plan Rows": 696330, "Plan Width": 20, "Sort Key": ["ci.movie_id"], "Plans": [{"Node Type": "Merge Join", "Parent Relationship": "Outer", "Join Type": "Inner", "Startup Cost": 749884.7, "Total Cost": 760329.7, "Plan Rows": 696330, "Plan Width": 20, "Inner Unique": false, "Merge Cond": "(rt.id = ci.role_id)", "Plans": [{"Node Type": "Sort", "Parent Relationship": "Outer", "Startup Cost": 1.34, "Total Cost": 1.37, "Plan Rows": 12, "Plan Width": 4, "Sort Key": ["rt.id"], "Plans": [{"Node Type": "Seq Scan", "Parent Relationship": "Outer", "Relation Name": "role_type", "Alias": "rt", "Startup Cost": 0.0, "Total Cost": 1.12, "Plan Rows": 12, "Plan Width": 4}]}, {"Node Type": "Sort", "Parent Relationship": "Inner", "Startup Cost": 749883.36, "Total Cost": 751624.19, "Plan Rows": 696330, "Plan Width": 24, "Sort Key": ["ci.role_id"], "Plans": [{"Node Type": "Nested Loop", "Parent Relationship": "Outer", "Join Type": "Inner", "Startup Cost": 0.0, "Total Cost": 682306.58, "Plan Rows": 696330, "Plan Width": 24, "Inner Unique": true, "Plans": [{"Node Type": "Streaming(type: LOCAL GATHER dop: 1/16)", "Parent Relationship": "Outer", "Startup Cost": 0.0, "Total Cost": 89283.86, "Plan Rows": 1436424, "Plan Width": 12, "Plans": [{"Node Type": "Seq Scan", "Parent Relationship": "Outer", "Relation Name": "cast_info", "Alias": "ci", "Startup Cost": 0.0, "Total Cost": 58282.92, "Plan Rows": 1436424, "Plan Width": 12, "Filter": "((note)::text ~~ '%(producer)%'::text), (LLVM Optimized)"}]}, {"Node Type": "Index Scan", "Parent Relationship": "Inner", "Scan Direction": "Forward", "Index Name": "char_name_pkey", "Relation Name": "char_name", "Alias": "chn", "Startup Cost": 0.0, "Total Cost": 0.4, "Plan Rows": 1, "Plan Width": 20, "Index Cond": "(id = ci.person_role_id)"}]}]}]}]}, {"Node Type": "Sort", "Parent Relationship": "Inner", "Startup Cost": 283826.21, "Total Cost": 287031.99, "Plan Rows": 1282311, "Plan Width": 8, "Sort Key": ["mc.movie_id"], "Plans": [{"Node Type": "Merge Join", "Parent Relationship": "Outer", "Join Type": "Inner", "Startup Cost": 3383.04, "Total Cost": 153733.74, "Plan Rows": 1282311, "Plan Width": 8, "Inner Unique": false, "Merge Cond": "(cn.id = mc.company_id)", "Plans": [{"Node Type": "Index Scan", "Parent Relationship": "Outer", "Scan Direction": "Forward", "Index Name": "company_name_pkey", "Relation Name": "company_name", "Alias": "cn", "Startup Cost": 0.0, "Total Cost": 10501.39, "Plan Rows": 85170, "Plan Width": 4, "Filter": "((country_code)::text = '[us]'::text)"}, {"Node Type": "Index Scan", "Parent Relationship": "Inner", "Scan Direction": "Forward", "Index Name": "company_id_movie_companies", "Relation Name": "movie_companies", "Alias": "mc", "Startup Cost": 0.0, "Total Cost": 123673.5, "Plan Rows": 2609128, "Plan Width": 12}]}]}]}, {"Node Type": "Index Scan", "Parent Relationship": "Inner", "Scan Direction": "Forward", "Index Name": "title_pkey", "Relation Name": "title", "Alias": "t", "Startup Cost": 0.0, "Total Cost": 116441.27, "Plan Rows": 1748840, "Plan Width": 21, "Filter": "(production_year > 1990), (LLVM Optimized)"}]}]}]}]}, "Unique SQL Id": 3145361615}, "explain_analyze_plan": null}, "(16, 89)": {"explain_plan": {"Plan": {"Node Type": "Aggregate", "Strategy": "Plain", "Startup Cost": 1821114.13, "Total Cost": 1821114.14, "Plan Rows": 1, "Plan Width": 97, "Plans": [{"Node Type": "Merge Join", "Parent Relationship": "Outer", "Join Type": "Inner", "Startup Cost": 1804089.93, "Total Cost": 1816267.06, "Plan Rows": 969413, "Plan Width": 33, "Inner Unique": false, "Merge Cond": "(ct.id = mc.company_type_id)", "Plans": [{"Node Type": "Index Only Scan", "Parent Relationship": "Outer", "Scan Direction": "Forward", "Index Name": "company_type_pkey", "Relation Name": "company_type", "Alias": "ct", "Startup Cost": 0.0, "Total Cost": 8.29, "Plan Rows": 3, "Plan Width": 4}, {"Node Type": "Sort", "Parent Relationship": "Inner", "Startup Cost": 1801717.56, "Total Cost": 1804141.1, "Plan Rows": 969413, "Plan Width": 37, "Sort Key": ["mc.company_type_id"], "Plans": [{"Node Type": "Merge Join", "Parent Relationship": "Outer", "Join Type": "Inner", "Startup Cost": 1556296.73, "Total Cost": 1705325.19, "Plan Rows": 969413, "Plan Width": 37, "Inner Unique": true, "Merge Cond": "(mc.movie_id = t.id)", "Plans": [{"Node Type": "Merge Join", "Parent Relationship": "Outer", "Join Type": "Inner", "Startup Cost": 1556294.1, "Total Cost": 1573184.14, "Plan Rows": 699731, "Plan Width": 28, "Inner Unique": false, "Merge Cond": "(ci.movie_id = mc.movie_id)", "Plans": [{"Node Type": "Sort", "Parent Relationship": "Outer", "Startup Cost": 1272467.82, "Total Cost": 1274208.65, "Plan Rows": 696330, "Plan Width": 20, "Sort Key": ["ci.movie_id"], "Plans": [{"Node Type": "Merge Join", "Parent Relationship": "Outer", "Join Type": "Inner", "Startup Cost": 1194438.34, "Total Cost": 1204891.05, "Plan Rows": 696330, "Plan Width": 20, "Inner Unique": false, "Merge Cond": "(rt.id = ci.role_id)", "Plans": [{"Node Type": "Index Only Scan", "Parent Relationship": "Outer", "Scan Direction": "Forward", "Index Name": "role_type_pkey", "Relation Name": "role_type", "Alias": "rt", "Startup Cost": 0.0, "Total Cost": 8.43, "Plan Rows": 12, "Plan Width": 4}, {"Node Type": "Sort", "Parent Relationship": "Inner", "Startup Cost": 1194438.34, "Total Cost": 1196179.17, "Plan Rows": 696330, "Plan Width": 24, "Sort Key": ["ci.role_id"], "Plans": [{"Node Type": "Merge Join", "Parent Relationship": "Outer", "Join Type": "Inner", "Startup Cost": 80674.47, "Total Cost": 1126861.56, "Plan Rows": 696330, "Plan Width": 24, "Inner Unique": false, "Merge Cond": "(chn.id = ci.person_role_id)", "Plans": [{"Node Type": "Index Scan", "Parent Relationship": "Outer", "Scan Direction": "Forward", "Index Name": "char_name_pkey", "Relation Name": "char_name", "Alias": "chn", "Startup Cost": 0.0, "Total Cost": 129875.46, "Plan Rows": 3140338, "Plan Width": 20}, {"Node Type": "Index Scan", "Parent Relationship": "Inner", "Scan Direction": "Forward", "Index Name": "person_role_id_cast_info", "Relation Name": "cast_info", "Alias": "ci", "Startup Cost": 0.0, "Total Cost": 2022508.08, "Plan Rows": 1436424, "Plan Width": 12, "Filter": "((note)::text ~~ '%(producer)%'::text), (LLVM Optimized)"}]}]}]}]}, {"Node Type": "Sort", "Parent Relationship": "Inner", "Startup Cost": 283826.21, "Total Cost": 287031.99, "Plan Rows": 1282311, "Plan Width": 8, "Sort Key": ["mc.movie_id"], "Plans": [{"Node Type": "Merge Join", "Parent Relationship": "Outer", "Join Type": "Inner", "Startup Cost": 3383.04, "Total Cost": 153733.74, "Plan Rows": 1282311, "Plan Width": 8, "Inner Unique": false, "Merge Cond": "(cn.id = mc.company_id)", "Plans": [{"Node Type": "Index Scan", "Parent Relationship": "Outer", "Scan Direction": "Forward", "Index Name": "company_name_pkey", "Relation Name": "company_name", "Alias": "cn", "Startup Cost": 0.0, "Total Cost": 10501.39, "Plan Rows": 85170, "Plan Width": 4, "Filter": "((country_code)::text = '[us]'::text)"}, {"Node Type": "Index Scan", "Parent Relationship": "Inner", "Scan Direction": "Forward", "Index Name": "company_id_movie_companies", "Relation Name": "movie_companies", "Alias": "mc", "Startup Cost": 0.0, "Total Cost": 123673.5, "Plan Rows": 2609128, "Plan Width": 12}]}]}]}, {"Node Type": "Index Scan", "Parent Relationship": "Inner", "Scan Direction": "Forward", "Index Name": "title_pkey", "Relation Name": "title", "Alias": "t", "Startup Cost": 0.0, "Total Cost": 116441.27, "Plan Rows": 1748840, "Plan Width": 21, "Filter": "(production_year > 1990), (LLVM Optimized)"}]}]}]}]}, "Unique SQL Id": 3145361615}, "explain_analyze_plan": null}, "(16, 90)": {"explain_plan": {"Plan": {"Node Type": "Aggregate", "Strategy": "Plain", "Startup Cost": 11448313934456.51, "Total Cost": 11448313934456.52, "Plan Rows": 1, "Plan Width": 97, "Plans": [{"Node Type": "Merge Join", "Parent Relationship": "Outer", "Join Type": "Inner", "Startup Cost": 11448313915068.2, "Total Cost": 11448313929609.45, "Plan Rows": 969413, "Plan Width": 33, "Inner Unique": false, "Merge Cond": "(rt.id = ci.role_id)", "Plans": [{"Node Type": "Sort", "Parent Relationship": "Outer", "Startup Cost": 1.34, "Total Cost": 1.37, "Plan Rows": 12, "Plan Width": 4, "Sort Key": ["rt.id"], "Plans": [{"Node Type": "Seq Scan", "Parent Relationship": "Outer", "Relation Name": "role_type", "Alias": "rt", "Startup Cost": 0.0, "Total Cost": 1.12, "Plan Rows": 12, "Plan Width": 4}]}, {"Node Type": "Sort", "Parent Relationship": "Inner", "Startup Cost": 11448313915066.86, "Total Cost": 11448313917490.4, "Plan Rows": 969413, "Plan Width": 37, "Sort Key": ["ci.role_id"], "Plans": [{"Node Type": "Merge Join", "Parent Relationship": "Outer", "Join Type": "Inner", "Startup Cost": 11448313806505.64, "Total Cost": 11448313818674.48, "Plan Rows": 969413, "Plan Width": 37, "Inner Unique": false, "Merge Cond": "(ct.id = mc.company_type_id)", "Plans": [{"Node Type": "Sort", "Parent Relationship": "Outer", "Startup Cost": 1.05, "Total Cost": 1.06, "Plan Rows": 3, "Plan Width": 4, "Sort Key": ["ct.id"], "Plans": [{"Node Type": "Seq Scan", "Parent Relationship": "Outer", "Relation Name": "company_type", "Alias": "ct", "Startup Cost": 0.0, "Total Cost": 1.03, "Plan Rows": 3, "Plan Width": 4}]}, {"Node Type": "Sort", "Parent Relationship": "Inner", "Startup Cost": 11448313804132.22, "Total Cost": 11448313806555.75, "Plan Rows": 969413, "Plan Width": 41, "Sort Key": ["mc.company_type_id"], "Plans": [{"Node Type": "Merge Join", "Parent Relationship": "Outer", "Join Type": "Inner", "Startup Cost": 904920660746.64, "Total Cost": 11448313707739.84, "Plan Rows": 969413, "Plan Width": 41, "Inner Unique": true, "Merge Cond": "(ci.person_role_id = chn.id)", "Plans": [{"Node Type": "Nested Loop", "Parent Relationship": "Outer", "Join Type": "Inner", "Startup Cost": 40000000000.0, "Total Cost": 21511033100316.0, "Plan Rows": 1999754, "Plan Width": 29, "Inner Unique": false, "Join Filter": "(t.id = ci.movie_id), (LLVM Optimized)", "Plans": [{"Node Type": "Index Scan", "Parent Relationship": "Outer", "Scan Direction": "Forward", "Index Name": "person_role_id_cast_info", "Relation Name": "cast_info", "Alias": "ci", "Startup Cost": 10000000000.0, "Total Cost": 1000202250807.98, "Plan Rows": 1436424, "Plan Width": 12, "Filter": "((note)::text ~~ '%(producer)%'::text), (LLVM Optimized)"}, {"Node Type": "Materialize", "Parent Relationship": "Inner", "Startup Cost": 20000000000.0, "Total Cost": 1102623416465.93, "Plan Rows": 1776525, "Plan Width": 29, "Plans": [{"Node Type": "Streaming(type: LOCAL GATHER dop: 1/16)", "Parent Relationship": "Outer", "Startup Cost": 20000000000.0, "Total Cost": 1102623407583.31, "Plan Rows": 1776525, "Plan Width": 29, "Plans": [{"Node Type": "Nested Loop", "Parent Relationship": "Outer", "Join Type": "Inner", "Startup Cost": 20000000000.0, "Total Cost": 1102623369242.29, "Plan Rows": 1776525, "Plan Width": 29, "Inner Unique": false, "Join Filter": "(mc.movie_id = t.id), (LLVM Optimized)", "Plans": [{"Node Type": "Streaming(type: LOCAL REDISTRIBUTE dop: 16/16)", "Parent Relationship": "Outer", "Startup Cost": 0.0, "Total Cost": 40775.83, "Plan Rows": 1748840, "Plan Width": 21, "Plans": [{"Node Type": "Seq Scan", "Parent Relationship": "Outer", "Relation Name": "title", "Alias": "t", "Startup Cost": 0.0, "Total Cost": 19149.37, "Plan Rows": 1748840, "Plan Width": 21, "Filter": "(production_year > 1990), (LLVM Optimized)"}]}, {"Node Type": "Materialize", "Parent Relationship": "Inner", "Startup Cost": 10000000000.0, "Total Cost": 100130896538.06, "Plan Rows": 1282311, "Plan Width": 8, "Plans": [{"Node Type": "Streaming(type: LOCAL REDISTRIBUTE dop: 16/16)", "Parent Relationship": "Outer", "Startup Cost": 10000000000.0, "Total Cost": 100130896137.34, "Plan Rows": 1282311, "Plan Width": 8, "Plans": [{"Node Type": "Nested Loop", "Parent Relationship": "Outer", "Join Type": "Inner", "Startup Cost": 10000000000.0, "Total Cost": 100130876278.58, "Plan Rows": 1282311, "Plan Width": 8, "Inner Unique": true, "Join Filter": "(cn.id = mc.company_id), (LLVM Optimized)", "Plans": [{"Node Type": "Streaming(type: LOCAL REDISTRIBUTE dop: 16/16)", "Parent Relationship": "Outer", "Startup Cost": 0.0, "Total Cost": 42499.73, "Plan Rows": 2609128, "Plan Width": 12, "Plans": [{"Node Type": "Seq Scan", "Parent Relationship": "Outer", "Relation Name": "movie_companies", "Alias": "mc", "Startup Cost": 0.0, "Total Cost": 17613.58, "Plan Rows": 2609128, "Plan Width": 12}]}, {"Node Type": "Materialize", "Parent Relationship": "Inner", "Startup Cost": 0.0, "Total Cost": 24471.61, "Plan Rows": 85170, "Plan Width": 4, "Plans": [{"Node Type": "Streaming(type: LOCAL REDISTRIBUTE dop: 16/1)", "Parent Relationship": "Outer", "Startup Cost": 0.0, "Total Cost": 24444.99, "Plan Rows": 85170, "Plan Width": 4, "Plans": [{"Node Type": "Seq Scan", "Parent Relationship": "Outer", "Relation Name": "company_name", "Alias": "cn", "Startup Cost": 0.0, "Total Cost": 5903.45, "Plan Rows": 85170, "Plan Width": 4, "Filter": "((country_code)::text = '[us]'::text)"}]}]}]}]}]}]}]}]}]}, {"Node Type": "Index Scan", "Parent Relationship": "Inner", "Scan Direction": "Forward", "Index Name": "char_name_pkey", "Relation Name": "char_name", "Alias": "chn", "Startup Cost": 10000000000.0, "Total Cost": 1000012987545.51, "Plan Rows": 3140338, "Plan Width": 20}]}]}]}]}]}]}, "Unique SQL Id": 3145361615}, "explain_analyze_plan": null}, "(16, 91)": {"explain_plan": {"Plan": {"Node Type": "Aggregate", "Strategy": "Plain", "Startup Cost": 6404836478420.44, "Total Cost": 6404836478420.45, "Plan Rows": 1, "Plan Width": 97, "Plans": [{"Node Type": "Merge Join", "Parent Relationship": "Outer", "Join Type": "Inner", "Startup Cost": 5414836460575.04, "Total Cost": 6404836473573.37, "Plan Rows": 969413, "Plan Width": 33, "Inner Unique": false, "Merge Cond": "(ct.id = mc.company_type_id)", "Plans": [{"Node Type": "Index Only Scan", "Parent Relationship": "Outer", "Scan Direction": "Forward", "Index Name": "company_type_pkey", "Relation Name": "company_type", "Alias": "ct", "Startup Cost": 10000000000.0, "Total Cost": 1000000000829.5, "Plan Rows": 3, "Plan Width": 4}, {"Node Type": "Sort", "Parent Relationship": "Inner", "Startup Cost": 5404836458202.67, "Total Cost": 5404836460626.2, "Plan Rows": 969413, "Plan Width": 37, "Sort Key": ["mc.company_type_id"], "Plans": [{"Node Type": "Merge Join", "Parent Relationship": "Outer", "Join Type": "Inner", "Startup Cost": 4414835292158.16, "Total Cost": 5404836361810.29, "Plan Rows": 969413, "Plan Width": 37, "Inner Unique": false, "Merge Cond": "(cn.id = mc.company_id)", "Plans": [{"Node Type": "Index Scan", "Parent Relationship": "Outer", "Scan Direction": "Forward", "Index Name": "company_name_pkey", "Relation Name": "company_name", "Alias": "cn", "Startup Cost": 10000000000.0, "Total Cost": 1000001050138.97, "Plan Rows": 85170, "Plan Width": 4, "Filter": "((country_code)::text = '[us]'::text)"}, {"Node Type": "Sort", "Parent Relationship": "Inner", "Startup Cost": 4404835291901.89, "Total Cost": 4404835296833.07, "Plan Rows": 1972473, "Plan Width": 41, "Sort Key": ["mc.company_id"], "Plans": [{"Node Type": "Merge Join", "Parent Relationship": "Outer", "Join Type": "Inner", "Startup Cost": 2427545175376.9, "Total Cost": 4404835085664.31, "Plan Rows": 1972473, "Plan Width": 41, "Inner Unique": false, "Merge Cond": "(t.id = ci.movie_id)", "Plans": [{"Node Type": "Merge Join", "Parent Relationship": "Outer", "Join Type": "Inner", "Startup Cost": 20021511654.95, "Total Cost": 1999075977462.98, "Plan Rows": 3614708, "Plan Width": 33, "Inner Unique": false, "Merge Cond": "(t.id = mc.movie_id)", "Plans": [{"Node Type": "Index Scan", "Parent Relationship": "Outer", "Scan Direction": "Forward", "Index Name": "title_pkey", "Relation Name": "title", "Alias": "t", "Startup Cost": 10000000000.0, "Total Cost": 1000011644126.66, "Plan Rows": 1748840, "Plan Width": 21, "Filter": "(production_year > 1990), (LLVM Optimized)"}, {"Node Type": "Materialize", "Parent Relationship": "Inner", "Startup Cost": 10000000000.0, "Total Cost": 1000013058468.95, "Plan Rows": 2609128, "Plan Width": 12, "Plans": [{"Node Type": "Index Scan", "Parent Relationship": "Outer", "Scan Direction": "Forward", "Index Name": "movie_id_movie_companies", "Relation Name": "movie_companies", "Alias": "mc", "Startup Cost": 10000000000.0, "Total Cost": 1000013051946.13, "Plan Rows": 2609128, "Plan Width": 12}]}]}, {"Node Type": "Sort", "Parent Relationship": "Inner", "Startup Cost": 2407523663721.91, "Total Cost": 2407523665462.74, "Plan Rows": 696330, "Plan Width": 20, "Sort Key": ["ci.movie_id"], "Plans": [{"Node Type": "Merge Join", "Parent Relationship": "Outer", "Join Type": "Inner", "Startup Cost": 1500023584927.4, "Total Cost": 2407523596145.13, "Plan Rows": 696330, "Plan Width": 20, "Inner Unique": false, "Merge Cond": "(rt.id = ci.role_id)", "Plans": [{"Node Type": "Index Only Scan", "Parent Relationship": "Outer", "Scan Direction": "Forward", "Index Name": "role_type_pkey", "Relation Name": "role_type", "Alias": "rt", "Startup Cost": 10000000000.0, "Total Cost": 1000000000843.0, "Plan Rows": 12, "Plan Width": 4}, {"Node Type": "Sort", "Parent Relationship": "Inner", "Startup Cost": 1490023584927.4, "Total Cost": 1490023586668.23, "Plan Rows": 696330, "Plan Width": 24, "Sort Key": ["ci.role_id"], "Plans": [{"Node Type": "Merge Join", "Parent Relationship": "Outer", "Join Type": "Inner", "Startup Cost": 59427507435.38, "Total Cost": 1490023517350.63, "Plan Rows": 696330, "Plan Width": 24, "Inner Unique": false, "Merge Cond": "(chn.id = ci.person_role_id)", "Plans": [{"Node Type": "Index Scan", "Parent Relationship": "Outer", "Scan Direction": "Forward", "Index Name": "char_name_pkey", "Relation Name": "char_name", "Alias": "chn", "Startup Cost": 10000000000.0, "Total Cost": 1000012987545.51, "Plan Rows": 3140338, "Plan Width": 20}, {"Node Type": "Index Scan", "Parent Relationship": "Inner", "Scan Direction": "Forward", "Index Name": "person_role_id_cast_info", "Relation Name": "cast_info", "Alias": "ci", "Startup Cost": 10000000000.0, "Total Cost": 1000202250807.98, "Plan Rows": 1436424, "Plan Width": 12, "Filter": "((note)::text ~~ '%(producer)%'::text), (LLVM Optimized)"}]}]}]}]}]}]}]}]}]}]}, "Unique SQL Id": 3145361615}, "explain_analyze_plan": null}, "(16, 92)": {"explain_plan": {"Plan": {"Node Type": "Aggregate", "Strategy": "Plain", "Startup Cost": 1376545.55, "Total Cost": 1376545.56, "Plan Rows": 1, "Plan Width": 97, "Plans": [{"Node Type": "Merge Join", "Parent Relationship": "Outer", "Join Type": "Inner", "Startup Cost": 1359529.65, "Total Cost": 1371698.49, "Plan Rows": 969413, "Plan Width": 33, "Inner Unique": false, "Merge Cond": "(ct.id = mc.company_type_id)", "Plans": [{"Node Type": "Sort", "Parent Relationship": "Outer", "Startup Cost": 1.05, "Total Cost": 1.06, "Plan Rows": 3, "Plan Width": 4, "Sort Key": ["ct.id"], "Plans": [{"Node Type": "Seq Scan", "Parent Relationship": "Outer", "Relation Name": "company_type", "Alias": "ct", "Startup Cost": 0.0, "Total Cost": 1.03, "Plan Rows": 3, "Plan Width": 4}]}, {"Node Type": "Sort", "Parent Relationship": "Inner", "Startup Cost": 1357156.22, "Total Cost": 1359579.75, "Plan Rows": 969413, "Plan Width": 37, "Sort Key": ["mc.company_type_id"], "Plans": [{"Node Type": "Merge Join", "Parent Relationship": "Outer", "Join Type": "Inner", "Startup Cost": 1111735.38, "Total Cost": 1260763.84, "Plan Rows": 969413, "Plan Width": 37, "Inner Unique": true, "Merge Cond": "(mc.movie_id = t.id)", "Plans": [{"Node Type": "Merge Join", "Parent Relationship": "Outer", "Join Type": "Inner", "Startup Cost": 1111732.76, "Total Cost": 1128622.8, "Plan Rows": 699731, "Plan Width": 28, "Inner Unique": false, "Merge Cond": "(ci.movie_id = mc.movie_id)", "Plans": [{"Node Type": "Sort", "Parent Relationship": "Outer", "Startup Cost": 827906.48, "Total Cost": 829647.31, "Plan Rows": 696330, "Plan Width": 20, "Sort Key": ["ci.movie_id"], "Plans": [{"Node Type": "Merge Join", "Parent Relationship": "Outer", "Join Type": "Inner", "Startup Cost": 749884.7, "Total Cost": 760329.7, "Plan Rows": 696330, "Plan Width": 20, "Inner Unique": false, "Merge Cond": "(rt.id = ci.role_id)", "Plans": [{"Node Type": "Sort", "Parent Relationship": "Outer", "Startup Cost": 1.34, "Total Cost": 1.37, "Plan Rows": 12, "Plan Width": 4, "Sort Key": ["rt.id"], "Plans": [{"Node Type": "Seq Scan", "Parent Relationship": "Outer", "Relation Name": "role_type", "Alias": "rt", "Startup Cost": 0.0, "Total Cost": 1.12, "Plan Rows": 12, "Plan Width": 4}]}, {"Node Type": "Sort", "Parent Relationship": "Inner", "Startup Cost": 749883.36, "Total Cost": 751624.19, "Plan Rows": 696330, "Plan Width": 24, "Sort Key": ["ci.role_id"], "Plans": [{"Node Type": "Nested Loop", "Parent Relationship": "Outer", "Join Type": "Inner", "Startup Cost": 0.0, "Total Cost": 682306.58, "Plan Rows": 696330, "Plan Width": 24, "Inner Unique": true, "Plans": [{"Node Type": "Streaming(type: LOCAL GATHER dop: 1/16)", "Parent Relationship": "Outer", "Startup Cost": 0.0, "Total Cost": 89283.86, "Plan Rows": 1436424, "Plan Width": 12, "Plans": [{"Node Type": "Seq Scan", "Parent Relationship": "Outer", "Relation Name": "cast_info", "Alias": "ci", "Startup Cost": 0.0, "Total Cost": 58282.92, "Plan Rows": 1436424, "Plan Width": 12, "Filter": "((note)::text ~~ '%(producer)%'::text), (LLVM Optimized)"}]}, {"Node Type": "Index Scan", "Parent Relationship": "Inner", "Scan Direction": "Forward", "Index Name": "char_name_pkey", "Relation Name": "char_name", "Alias": "chn", "Startup Cost": 0.0, "Total Cost": 0.4, "Plan Rows": 1, "Plan Width": 20, "Index Cond": "(id = ci.person_role_id)"}]}]}]}]}, {"Node Type": "Sort", "Parent Relationship": "Inner", "Startup Cost": 283826.21, "Total Cost": 287031.99, "Plan Rows": 1282311, "Plan Width": 8, "Sort Key": ["mc.movie_id"], "Plans": [{"Node Type": "Merge Join", "Parent Relationship": "Outer", "Join Type": "Inner", "Startup Cost": 3383.04, "Total Cost": 153733.74, "Plan Rows": 1282311, "Plan Width": 8, "Inner Unique": false, "Merge Cond": "(cn.id = mc.company_id)", "Plans": [{"Node Type": "Index Scan", "Parent Relationship": "Outer", "Scan Direction": "Forward", "Index Name": "company_name_pkey", "Relation Name": "company_name", "Alias": "cn", "Startup Cost": 0.0, "Total Cost": 10501.39, "Plan Rows": 85170, "Plan Width": 4, "Filter": "((country_code)::text = '[us]'::text)"}, {"Node Type": "Index Scan", "Parent Relationship": "Inner", "Scan Direction": "Forward", "Index Name": "company_id_movie_companies", "Relation Name": "movie_companies", "Alias": "mc", "Startup Cost": 0.0, "Total Cost": 123673.5, "Plan Rows": 2609128, "Plan Width": 12}]}]}]}, {"Node Type": "Index Scan", "Parent Relationship": "Inner", "Scan Direction": "Forward", "Index Name": "title_pkey", "Relation Name": "title", "Alias": "t", "Startup Cost": 0.0, "Total Cost": 116441.27, "Plan Rows": 1748840, "Plan Width": 21, "Filter": "(production_year > 1990), (LLVM Optimized)"}]}]}]}]}, "Unique SQL Id": 3145361615}, "explain_analyze_plan": null}, "(16, 93)": {"explain_plan": {"Plan": {"Node Type": "Aggregate", "Strategy": "Plain", "Startup Cost": 1821121.79, "Total Cost": 1821121.8, "Plan Rows": 1, "Plan Width": 97, "Plans": [{"Node Type": "Merge Join", "Parent Relationship": "Outer", "Join Type": "Inner", "Startup Cost": 1804093.6, "Total Cost": 1816274.73, "Plan Rows": 969413, "Plan Width": 33, "Inner Unique": false, "Merge Cond": "(ct.id = mc.company_type_id)", "Plans": [{"Node Type": "Index Scan", "Parent Relationship": "Outer", "Scan Direction": "Forward", "Index Name": "company_type_pkey", "Relation Name": "company_type", "Alias": "ct", "Startup Cost": 0.0, "Total Cost": 12.29, "Plan Rows": 3, "Plan Width": 4}, {"Node Type": "Sort", "Parent Relationship": "Inner", "Startup Cost": 1801721.23, "Total Cost": 1804144.76, "Plan Rows": 969413, "Plan Width": 37, "Sort Key": ["mc.company_type_id"], "Plans": [{"Node Type": "Merge Join", "Parent Relationship": "Outer", "Join Type": "Inner", "Startup Cost": 1556300.39, "Total Cost": 1705328.85, "Plan Rows": 969413, "Plan Width": 37, "Inner Unique": true, "Merge Cond": "(mc.movie_id = t.id)", "Plans": [{"Node Type": "Merge Join", "Parent Relationship": "Outer", "Join Type": "Inner", "Startup Cost": 1556297.77, "Total Cost": 1573187.81, "Plan Rows": 699731, "Plan Width": 28, "Inner Unique": false, "Merge Cond": "(ci.movie_id = mc.movie_id)", "Plans": [{"Node Type": "Sort", "Parent Relationship": "Outer", "Startup Cost": 1272471.49, "Total Cost": 1274212.32, "Plan Rows": 696330, "Plan Width": 20, "Sort Key": ["ci.movie_id"], "Plans": [{"Node Type": "Merge Join", "Parent Relationship": "Outer", "Join Type": "Inner", "Startup Cost": 1194438.34, "Total Cost": 1204894.71, "Plan Rows": 696330, "Plan Width": 20, "Inner Unique": false, "Merge Cond": "(rt.id = ci.role_id)", "Plans": [{"Node Type": "Index Scan", "Parent Relationship": "Outer", "Scan Direction": "Forward", "Index Name": "role_type_pkey", "Relation Name": "role_type", "Alias": "rt", "Startup Cost": 0.0, "Total Cost": 12.43, "Plan Rows": 12, "Plan Width": 4}, {"Node Type": "Sort", "Parent Relationship": "Inner", "Startup Cost": 1194438.34, "Total Cost": 1196179.17, "Plan Rows": 696330, "Plan Width": 24, "Sort Key": ["ci.role_id"], "Plans": [{"Node Type": "Merge Join", "Parent Relationship": "Outer", "Join Type": "Inner", "Startup Cost": 80674.47, "Total Cost": 1126861.56, "Plan Rows": 696330, "Plan Width": 24, "Inner Unique": false, "Merge Cond": "(chn.id = ci.person_role_id)", "Plans": [{"Node Type": "Index Scan", "Parent Relationship": "Outer", "Scan Direction": "Forward", "Index Name": "char_name_pkey", "Relation Name": "char_name", "Alias": "chn", "Startup Cost": 0.0, "Total Cost": 129875.46, "Plan Rows": 3140338, "Plan Width": 20}, {"Node Type": "Index Scan", "Parent Relationship": "Inner", "Scan Direction": "Forward", "Index Name": "person_role_id_cast_info", "Relation Name": "cast_info", "Alias": "ci", "Startup Cost": 0.0, "Total Cost": 2022508.08, "Plan Rows": 1436424, "Plan Width": 12, "Filter": "((note)::text ~~ '%(producer)%'::text), (LLVM Optimized)"}]}]}]}]}, {"Node Type": "Sort", "Parent Relationship": "Inner", "Startup Cost": 283826.21, "Total Cost": 287031.99, "Plan Rows": 1282311, "Plan Width": 8, "Sort Key": ["mc.movie_id"], "Plans": [{"Node Type": "Merge Join", "Parent Relationship": "Outer", "Join Type": "Inner", "Startup Cost": 3383.04, "Total Cost": 153733.74, "Plan Rows": 1282311, "Plan Width": 8, "Inner Unique": false, "Merge Cond": "(cn.id = mc.company_id)", "Plans": [{"Node Type": "Index Scan", "Parent Relationship": "Outer", "Scan Direction": "Forward", "Index Name": "company_name_pkey", "Relation Name": "company_name", "Alias": "cn", "Startup Cost": 0.0, "Total Cost": 10501.39, "Plan Rows": 85170, "Plan Width": 4, "Filter": "((country_code)::text = '[us]'::text)"}, {"Node Type": "Index Scan", "Parent Relationship": "Inner", "Scan Direction": "Forward", "Index Name": "company_id_movie_companies", "Relation Name": "movie_companies", "Alias": "mc", "Startup Cost": 0.0, "Total Cost": 123673.5, "Plan Rows": 2609128, "Plan Width": 12}]}]}]}, {"Node Type": "Index Scan", "Parent Relationship": "Inner", "Scan Direction": "Forward", "Index Name": "title_pkey", "Relation Name": "title", "Alias": "t", "Startup Cost": 0.0, "Total Cost": 116441.27, "Plan Rows": 1748840, "Plan Width": 21, "Filter": "(production_year > 1990), (LLVM Optimized)"}]}]}]}]}, "Unique SQL Id": 3145361615}, "explain_analyze_plan": null}, "(16, 94)": {"explain_plan": {"Plan": {"Node Type": "Aggregate", "Strategy": "Plain", "Startup Cost": 11448313934456.51, "Total Cost": 11448313934456.52, "Plan Rows": 1, "Plan Width": 97, "Plans": [{"Node Type": "Merge Join", "Parent Relationship": "Outer", "Join Type": "Inner", "Startup Cost": 11448313915068.2, "Total Cost": 11448313929609.45, "Plan Rows": 969413, "Plan Width": 33, "Inner Unique": false, "Merge Cond": "(rt.id = ci.role_id)", "Plans": [{"Node Type": "Sort", "Parent Relationship": "Outer", "Startup Cost": 1.34, "Total Cost": 1.37, "Plan Rows": 12, "Plan Width": 4, "Sort Key": ["rt.id"], "Plans": [{"Node Type": "Seq Scan", "Parent Relationship": "Outer", "Relation Name": "role_type", "Alias": "rt", "Startup Cost": 0.0, "Total Cost": 1.12, "Plan Rows": 12, "Plan Width": 4}]}, {"Node Type": "Sort", "Parent Relationship": "Inner", "Startup Cost": 11448313915066.86, "Total Cost": 11448313917490.4, "Plan Rows": 969413, "Plan Width": 37, "Sort Key": ["ci.role_id"], "Plans": [{"Node Type": "Merge Join", "Parent Relationship": "Outer", "Join Type": "Inner", "Startup Cost": 11448313806505.64, "Total Cost": 11448313818674.48, "Plan Rows": 969413, "Plan Width": 37, "Inner Unique": false, "Merge Cond": "(ct.id = mc.company_type_id)", "Plans": [{"Node Type": "Sort", "Parent Relationship": "Outer", "Startup Cost": 1.05, "Total Cost": 1.06, "Plan Rows": 3, "Plan Width": 4, "Sort Key": ["ct.id"], "Plans": [{"Node Type": "Seq Scan", "Parent Relationship": "Outer", "Relation Name": "company_type", "Alias": "ct", "Startup Cost": 0.0, "Total Cost": 1.03, "Plan Rows": 3, "Plan Width": 4}]}, {"Node Type": "Sort", "Parent Relationship": "Inner", "Startup Cost": 11448313804132.22, "Total Cost": 11448313806555.75, "Plan Rows": 969413, "Plan Width": 41, "Sort Key": ["mc.company_type_id"], "Plans": [{"Node Type": "Merge Join", "Parent Relationship": "Outer", "Join Type": "Inner", "Startup Cost": 904920660746.64, "Total Cost": 11448313707739.84, "Plan Rows": 969413, "Plan Width": 41, "Inner Unique": true, "Merge Cond": "(ci.person_role_id = chn.id)", "Plans": [{"Node Type": "Nested Loop", "Parent Relationship": "Outer", "Join Type": "Inner", "Startup Cost": 40000000000.0, "Total Cost": 21511033100316.0, "Plan Rows": 1999754, "Plan Width": 29, "Inner Unique": false, "Join Filter": "(t.id = ci.movie_id), (LLVM Optimized)", "Plans": [{"Node Type": "Index Scan", "Parent Relationship": "Outer", "Scan Direction": "Forward", "Index Name": "person_role_id_cast_info", "Relation Name": "cast_info", "Alias": "ci", "Startup Cost": 10000000000.0, "Total Cost": 1000202250807.98, "Plan Rows": 1436424, "Plan Width": 12, "Filter": "((note)::text ~~ '%(producer)%'::text), (LLVM Optimized)"}, {"Node Type": "Materialize", "Parent Relationship": "Inner", "Startup Cost": 20000000000.0, "Total Cost": 1102623416465.93, "Plan Rows": 1776525, "Plan Width": 29, "Plans": [{"Node Type": "Streaming(type: LOCAL GATHER dop: 1/16)", "Parent Relationship": "Outer", "Startup Cost": 20000000000.0, "Total Cost": 1102623407583.31, "Plan Rows": 1776525, "Plan Width": 29, "Plans": [{"Node Type": "Nested Loop", "Parent Relationship": "Outer", "Join Type": "Inner", "Startup Cost": 20000000000.0, "Total Cost": 1102623369242.29, "Plan Rows": 1776525, "Plan Width": 29, "Inner Unique": false, "Join Filter": "(mc.movie_id = t.id), (LLVM Optimized)", "Plans": [{"Node Type": "Streaming(type: LOCAL REDISTRIBUTE dop: 16/16)", "Parent Relationship": "Outer", "Startup Cost": 0.0, "Total Cost": 40775.83, "Plan Rows": 1748840, "Plan Width": 21, "Plans": [{"Node Type": "Seq Scan", "Parent Relationship": "Outer", "Relation Name": "title", "Alias": "t", "Startup Cost": 0.0, "Total Cost": 19149.37, "Plan Rows": 1748840, "Plan Width": 21, "Filter": "(production_year > 1990), (LLVM Optimized)"}]}, {"Node Type": "Materialize", "Parent Relationship": "Inner", "Startup Cost": 10000000000.0, "Total Cost": 100130896538.06, "Plan Rows": 1282311, "Plan Width": 8, "Plans": [{"Node Type": "Streaming(type: LOCAL REDISTRIBUTE dop: 16/16)", "Parent Relationship": "Outer", "Startup Cost": 10000000000.0, "Total Cost": 100130896137.34, "Plan Rows": 1282311, "Plan Width": 8, "Plans": [{"Node Type": "Nested Loop", "Parent Relationship": "Outer", "Join Type": "Inner", "Startup Cost": 10000000000.0, "Total Cost": 100130876278.58, "Plan Rows": 1282311, "Plan Width": 8, "Inner Unique": true, "Join Filter": "(cn.id = mc.company_id), (LLVM Optimized)", "Plans": [{"Node Type": "Streaming(type: LOCAL REDISTRIBUTE dop: 16/16)", "Parent Relationship": "Outer", "Startup Cost": 0.0, "Total Cost": 42499.73, "Plan Rows": 2609128, "Plan Width": 12, "Plans": [{"Node Type": "Seq Scan", "Parent Relationship": "Outer", "Relation Name": "movie_companies", "Alias": "mc", "Startup Cost": 0.0, "Total Cost": 17613.58, "Plan Rows": 2609128, "Plan Width": 12}]}, {"Node Type": "Materialize", "Parent Relationship": "Inner", "Startup Cost": 0.0, "Total Cost": 24471.61, "Plan Rows": 85170, "Plan Width": 4, "Plans": [{"Node Type": "Streaming(type: LOCAL REDISTRIBUTE dop: 16/1)", "Parent Relationship": "Outer", "Startup Cost": 0.0, "Total Cost": 24444.99, "Plan Rows": 85170, "Plan Width": 4, "Plans": [{"Node Type": "Seq Scan", "Parent Relationship": "Outer", "Relation Name": "company_name", "Alias": "cn", "Startup Cost": 0.0, "Total Cost": 5903.45, "Plan Rows": 85170, "Plan Width": 4, "Filter": "((country_code)::text = '[us]'::text)"}]}]}]}]}]}]}]}]}]}, {"Node Type": "Index Scan", "Parent Relationship": "Inner", "Scan Direction": "Forward", "Index Name": "char_name_pkey", "Relation Name": "char_name", "Alias": "chn", "Startup Cost": 10000000000.0, "Total Cost": 1000012987545.51, "Plan Rows": 3140338, "Plan Width": 20}]}]}]}]}]}]}, "Unique SQL Id": 3145361615}, "explain_analyze_plan": null}, "(16, 95)": {"explain_plan": {"Plan": {"Node Type": "Aggregate", "Strategy": "Plain", "Startup Cost": 6404836479187.1, "Total Cost": 6404836479187.11, "Plan Rows": 1, "Plan Width": 97, "Plans": [{"Node Type": "Merge Join", "Parent Relationship": "Outer", "Join Type": "Inner", "Startup Cost": 5414836460941.71, "Total Cost": 6404836474340.04, "Plan Rows": 969413, "Plan Width": 33, "Inner Unique": false, "Merge Cond": "(ct.id = mc.company_type_id)", "Plans": [{"Node Type": "Index Scan", "Parent Relationship": "Outer", "Scan Direction": "Forward", "Index Name": "company_type_pkey", "Relation Name": "company_type", "Alias": "ct", "Startup Cost": 10000000000.0, "Total Cost": 1000000001229.5, "Plan Rows": 3, "Plan Width": 4}, {"Node Type": "Sort", "Parent Relationship": "Inner", "Startup Cost": 5404836458569.34, "Total Cost": 5404836460992.87, "Plan Rows": 969413, "Plan Width": 37, "Sort Key": ["mc.company_type_id"], "Plans": [{"Node Type": "Merge Join", "Parent Relationship": "Outer", "Join Type": "Inner", "Startup Cost": 4414835292524.82, "Total Cost": 5404836362176.96, "Plan Rows": 969413, "Plan Width": 37, "Inner Unique": false, "Merge Cond": "(cn.id = mc.company_id)", "Plans": [{"Node Type": "Index Scan", "Parent Relationship": "Outer", "Scan Direction": "Forward", "Index Name": "company_name_pkey", "Relation Name": "company_name", "Alias": "cn", "Startup Cost": 10000000000.0, "Total Cost": 1000001050138.97, "Plan Rows": 85170, "Plan Width": 4, "Filter": "((country_code)::text = '[us]'::text)"}, {"Node Type": "Sort", "Parent Relationship": "Inner", "Startup Cost": 4404835292268.56, "Total Cost": 4404835297199.74, "Plan Rows": 1972473, "Plan Width": 41, "Sort Key": ["mc.company_id"], "Plans": [{"Node Type": "Merge Join", "Parent Relationship": "Outer", "Join Type": "Inner", "Startup Cost": 2427545175743.56, "Total Cost": 4404835086030.98, "Plan Rows": 1972473, "Plan Width": 41, "Inner Unique": false, "Merge Cond": "(t.id = ci.movie_id)", "Plans": [{"Node Type": "Merge Join", "Parent Relationship": "Outer", "Join Type": "Inner", "Startup Cost": 20021511654.95, "Total Cost": 1999075977462.98, "Plan Rows": 3614708, "Plan Width": 33, "Inner Unique": false, "Merge Cond": "(t.id = mc.movie_id)", "Plans": [{"Node Type": "Index Scan", "Parent Relationship": "Outer", "Scan Direction": "Forward", "Index Name": "title_pkey", "Relation Name": "title", "Alias": "t", "Startup Cost": 10000000000.0, "Total Cost": 1000011644126.66, "Plan Rows": 1748840, "Plan Width": 21, "Filter": "(production_year > 1990), (LLVM Optimized)"}, {"Node Type": "Materialize", "Parent Relationship": "Inner", "Startup Cost": 10000000000.0, "Total Cost": 1000013058468.95, "Plan Rows": 2609128, "Plan Width": 12, "Plans": [{"Node Type": "Index Scan", "Parent Relationship": "Outer", "Scan Direction": "Forward", "Index Name": "movie_id_movie_companies", "Relation Name": "movie_companies", "Alias": "mc", "Startup Cost": 10000000000.0, "Total Cost": 1000013051946.13, "Plan Rows": 2609128, "Plan Width": 12}]}]}, {"Node Type": "Sort", "Parent Relationship": "Inner", "Startup Cost": 2407523664088.58, "Total Cost": 2407523665829.4, "Plan Rows": 696330, "Plan Width": 20, "Sort Key": ["ci.movie_id"], "Plans": [{"Node Type": "Merge Join", "Parent Relationship": "Outer", "Join Type": "Inner", "Startup Cost": 1500023584927.4, "Total Cost": 2407523596511.8, "Plan Rows": 696330, "Plan Width": 20, "Inner Unique": false, "Merge Cond": "(rt.id = ci.role_id)", "Plans": [{"Node Type": "Index Scan", "Parent Relationship": "Outer", "Scan Direction": "Forward", "Index Name": "role_type_pkey", "Relation Name": "role_type", "Alias": "rt", "Startup Cost": 10000000000.0, "Total Cost": 1000000001243.0, "Plan Rows": 12, "Plan Width": 4}, {"Node Type": "Sort", "Parent Relationship": "Inner", "Startup Cost": 1490023584927.4, "Total Cost": 1490023586668.23, "Plan Rows": 696330, "Plan Width": 24, "Sort Key": ["ci.role_id"], "Plans": [{"Node Type": "Merge Join", "Parent Relationship": "Outer", "Join Type": "Inner", "Startup Cost": 59427507435.38, "Total Cost": 1490023517350.63, "Plan Rows": 696330, "Plan Width": 24, "Inner Unique": false, "Merge Cond": "(chn.id = ci.person_role_id)", "Plans": [{"Node Type": "Index Scan", "Parent Relationship": "Outer", "Scan Direction": "Forward", "Index Name": "char_name_pkey", "Relation Name": "char_name", "Alias": "chn", "Startup Cost": 10000000000.0, "Total Cost": 1000012987545.51, "Plan Rows": 3140338, "Plan Width": 20}, {"Node Type": "Index Scan", "Parent Relationship": "Inner", "Scan Direction": "Forward", "Index Name": "person_role_id_cast_info", "Relation Name": "cast_info", "Alias": "ci", "Startup Cost": 10000000000.0, "Total Cost": 1000202250807.98, "Plan Rows": 1436424, "Plan Width": 12, "Filter": "((note)::text ~~ '%(producer)%'::text), (LLVM Optimized)"}]}]}]}]}]}]}]}]}]}]}, "Unique SQL Id": 3145361615}, "explain_analyze_plan": null}, "(16, 96)": {"explain_plan": {"Plan": {"Node Type": "Aggregate", "Strategy": "Plain", "Startup Cost": 271604.22, "Total Cost": 271604.25, "Plan Rows": 1, "Plan Width": 97, "Plans": [{"Node Type": "Streaming(type: LOCAL GATHER dop: 1/16)", "Parent Relationship": "Outer", "Startup Cost": 271604.22, "Total Cost": 271604.25, "Plan Rows": 1, "Plan Width": 97, "Plans": [{"Node Type": "Aggregate", "Strategy": "Plain", "Parent Relationship": "Outer", "Startup Cost": 271604.22, "Total Cost": 271604.23, "Plan Rows": 1, "Plan Width": 97, "Plans": [{"Node Type": "Hash Join", "Parent Relationship": "Outer", "Join Type": "Inner", "Startup Cost": 144835.24, "Total Cost": 266757.16, "Plan Rows": 969413, "Plan Width": 33, "Inner Unique": true, "Hash Cond": "(mc.movie_id = t.id), (LLVM Optimized)", "Plans": [{"Node Type": "Streaming(type: LOCAL REDISTRIBUTE dop: 16/16)", "Parent Relationship": "Outer", "Startup Cost": 133275.0, "Total Cost": 254427.04, "Plan Rows": 699731, "Plan Width": 24, "Plans": [{"Node Type": "Hash Join", "Parent Relationship": "Outer", "Join Type": "Inner", "Startup Cost": 133275.0, "Total Cost": 236775.71, "Plan Rows": 699731, "Plan Width": 24, "Inner Unique": true, "Hash Cond": "(mc.company_type_id = ct.id), (LLVM Optimized)", "Plans": [{"Node Type": "Hash Join", "Parent Relationship": "Outer", "Join Type": "Inner", "Startup Cost": 118272.9, "Total Cost": 221172.28, "Plan Rows": 699731, "Plan Width": 28, "Inner Unique": true, "Hash Cond": "(ci.person_role_id = chn.id), (LLVM Optimized)", "Plans": [{"Node Type": "Streaming(type: LOCAL REDISTRIBUTE dop: 16/16)", "Parent Relationship": "Outer", "Startup Cost": 104290.19, "Total Cost": 206413.94, "Plan Rows": 1443440, "Plan Width": 16, "Plans": [{"Node Type": "Hash Join", "Parent Relationship": "Outer", "Join Type": "Inner", "Startup Cost": 104290.19, "Total Cost": 185944.65, "Plan Rows": 1443440, "Plan Width": 16, "Inner Unique": false, "Hash Cond": "(ci.movie_id = mc.movie_id), (LLVM Optimized)", "Plans": [{"Node Type": "Streaming(type: LOCAL REDISTRIBUTE dop: 16/16)", "Parent Relationship": "Outer", "Startup Cost": 15005.41, "Total Cost": 94859.97, "Plan Rows": 1436424, "Plan Width": 8, "Plans": [{"Node Type": "Hash Join", "Parent Relationship": "Outer", "Join Type": "Inner", "Startup Cost": 15005.41, "Total Cost": 74417.27, "Plan Rows": 1436424, "Plan Width": 8, "Inner Unique": true, "Hash Cond": "(ci.role_id = rt.id), (LLVM Optimized)", "Plans": [{"Node Type": "Seq Scan", "Parent Relationship": "Outer", "Relation Name": "cast_info", "Alias": "ci", "Startup Cost": 0.0, "Total Cost": 58282.92, "Plan Rows": 1436424, "Plan Width": 12, "Filter": "((note)::text ~~ '%(producer)%'::text), (LLVM Optimized)"}, {"Node Type": "Hash", "Parent Relationship": "Inner", "Startup Cost": 15005.26, "Total Cost": 15005.26, "Plan Rows": 192, "Plan Width": 4, "Plans": [{"Node Type": "Streaming(type: BROADCAST dop: 16/1)", "Parent Relationship": "Outer", "Startup Cost": 0.0, "Total Cost": 15005.26, "Plan Rows": 192, "Plan Width": 4, "Plans": [{"Node Type": "Seq Scan", "Parent Relationship": "Outer", "Relation Name": "role_type", "Alias": "rt", "Startup Cost": 0.0, "Total Cost": 1.12, "Plan Rows": 12, "Plan Width": 4}]}]}]}]}, {"Node Type": "Hash", "Parent Relationship": "Inner", "Startup Cost": 88282.97, "Total Cost": 88282.97, "Plan Rows": 1282311, "Plan Width": 8, "Plans": [{"Node Type": "Streaming(type: LOCAL REDISTRIBUTE dop: 16/16)", "Parent Relationship": "Outer", "Startup Cost": 24511.53, "Total Cost": 88282.97, "Plan Rows": 1282311, "Plan Width": 8, "Plans": [{"Node Type": "Hash Join", "Parent Relationship": "Outer", "Join Type": "Inner", "Startup Cost": 24511.53, "Total Cost": 68424.21, "Plan Rows": 1282311, "Plan Width": 8, "Inner Unique": true, "Hash Cond": "(mc.company_id = cn.id), (LLVM Optimized)", "Plans": [{"Node Type": "Streaming(type: LOCAL REDISTRIBUTE dop: 16/16)", "Parent Relationship": "Outer", "Startup Cost": 0.0, "Total Cost": 42499.73, "Plan Rows": 2609128, "Plan Width": 12, "Plans": [{"Node Type": "Seq Scan", "Parent Relationship": "Outer", "Relation Name": "movie_companies", "Alias": "mc", "Startup Cost": 0.0, "Total Cost": 17613.58, "Plan Rows": 2609128, "Plan Width": 12}]}, {"Node Type": "Hash", "Parent Relationship": "Inner", "Startup Cost": 24444.99, "Total Cost": 24444.99, "Plan Rows": 85170, "Plan Width": 4, "Plans": [{"Node Type": "Streaming(type: LOCAL REDISTRIBUTE dop: 16/1)", "Parent Relationship": "Outer", "Startup Cost": 0.0, "Total Cost": 24444.99, "Plan Rows": 85170, "Plan Width": 4, "Plans": [{"Node Type": "Seq Scan", "Parent Relationship": "Outer", "Relation Name": "company_name", "Alias": "cn", "Startup Cost": 0.0, "Total Cost": 5903.45, "Plan Rows": 85170, "Plan Width": 4, "Filter": "((country_code)::text = '[us]'::text)"}]}]}]}]}]}]}]}, {"Node Type": "Hash", "Parent Relationship": "Inner", "Startup Cost": 46117.27, "Total Cost": 46117.27, "Plan Rows": 3140338, "Plan Width": 20, "Plans": [{"Node Type": "Streaming(type: LOCAL REDISTRIBUTE dop: 16/16)", "Parent Relationship": "Outer", "Startup Cost": 0.0, "Total Cost": 46117.27, "Plan Rows": 3140338, "Plan Width": 20, "Plans": [{"Node Type": "Seq Scan", "Parent Relationship": "Outer", "Relation Name": "char_name", "Alias": "chn", "Startup Cost": 0.0, "Total Cost": 19218.34, "Plan Rows": 3140338, "Plan Width": 20}]}]}]}, {"Node Type": "Hash", "Parent Relationship": "Inner", "Startup Cost": 15002.07, "Total Cost": 15002.07, "Plan Rows": 48, "Plan Width": 4, "Plans": [{"Node Type": "Streaming(type: BROADCAST dop: 16/1)", "Parent Relationship": "Outer", "Startup Cost": 0.0, "Total Cost": 15002.07, "Plan Rows": 48, "Plan Width": 4, "Plans": [{"Node Type": "Seq Scan", "Parent Relationship": "Outer", "Relation Name": "company_type", "Alias": "ct", "Startup Cost": 0.0, "Total Cost": 1.03, "Plan Rows": 3, "Plan Width": 4}]}]}]}]}, {"Node Type": "Hash", "Parent Relationship": "Inner", "Startup Cost": 40775.83, "Total Cost": 40775.83, "Plan Rows": 1748840, "Plan Width": 21, "Plans": [{"Node Type": "Streaming(type: LOCAL REDISTRIBUTE dop: 16/16)", "Parent Relationship": "Outer", "Startup Cost": 0.0, "Total Cost": 40775.83, "Plan Rows": 1748840, "Plan Width": 21, "Plans": [{"Node Type": "Seq Scan", "Parent Relationship": "Outer", "Relation Name": "title", "Alias": "t", "Startup Cost": 0.0, "Total Cost": 19149.37, "Plan Rows": 1748840, "Plan Width": 21, "Filter": "(production_year > 1990), (LLVM Optimized)"}]}]}]}]}]}]}, "Unique SQL Id": 3145361615}, "explain_analyze_plan": {"Plan": {"Node Type": "Aggregate", "Strategy": "Plain", "Startup Cost": 271604.22, "Total Cost": 271604.25, "Plan Rows": 1, "Plan Width": 97, "Actual Min Startup Time": 2174.468, "Actual Max Startup Time": 2174.468, "Actual Min Total Time": 2174.468, "Actual Max Total Time": 2174.468, "Actual Total Rows": 1, "Plans": [{"Node Type": "Streaming(type: LOCAL GATHER dop: 1/16)", "Parent Relationship": "Outer", "Startup Cost": 271604.22, "Total Cost": 271604.25, "Plan Rows": 1, "Plan Width": 97, "Actual Min Startup Time": 2173.197, "Actual Max Startup Time": 2173.197, "Actual Min Total Time": 2174.438, "Actual Max Total Time": 2174.438, "Actual Total Rows": 16, "Plans": [{"Node Type": "Aggregate", "Strategy": "Plain", "Parent Relationship": "Outer", "Startup Cost": 271604.22, "Total Cost": 271604.23, "Plan Rows": 1, "Plan Width": 97, "Actual Min Startup Time": 1803.512, "Actual Max Startup Time": 2012.607, "Actual Min Total Time": 1803.512, "Actual Max Total Time": 2012.607, "Actual Total Rows": 16, "Plans": [{"Node Type": "Hash Join", "Parent Relationship": "Outer", "Join Type": "Inner", "Startup Cost": 144835.24, "Total Cost": 266757.16, "Plan Rows": 969413, "Plan Width": 33, "Actual Min Startup Time": 1803.506, "Actual Max Startup Time": 2012.599, "Actual Min Total Time": 1803.506, "Actual Max Total Time": 2012.599, "Actual Total Rows": 4, "Inner Unique": true, "Hash Cond": "(mc.movie_id = t.id), (LLVM Optimized, Jit Execute)", "Plans": [{"Node Type": "Streaming(type: LOCAL REDISTRIBUTE dop: 16/16)", "Parent Relationship": "Outer", "Startup Cost": 133275.0, "Total Cost": 254427.04, "Plan Rows": 699731, "Plan Width": 24, "Actual Min Startup Time": 1539.112, "Actual Max Startup Time": 1540.672, "Actual Min Total Time": 1540.566, "Actual Max Total Time": 1540.672, "Actual Total Rows": 6, "Plans": [{"Node Type": "Hash Join", "Parent Relationship": "Outer", "Join Type": "Inner", "Startup Cost": 133275.0, "Total Cost": 236775.71, "Plan Rows": 699731, "Plan Width": 24, "Actual Min Startup Time": 1800.076, "Actual Max Startup Time": 1996.771, "Actual Min Total Time": 1800.076, "Actual Max Total Time": 1996.771, "Actual Total Rows": 6, "Inner Unique": true, "Hash Cond": "(mc.company_type_id = ct.id), (LLVM Optimized, Jit Execute)", "Plans": [{"Node Type": "Hash Join", "Parent Relationship": "Outer", "Join Type": "Inner", "Startup Cost": 118272.9, "Total Cost": 221172.28, "Plan Rows": 699731, "Plan Width": 28, "Actual Min Startup Time": 1798.629, "Actual Max Startup Time": 1995.334, "Actual Min Total Time": 1798.629, "Actual Max Total Time": 1995.334, "Actual Total Rows": 14, "Inner Unique": true, "Hash Cond": "(ci.person_role_id = chn.id), (LLVM Optimized, Jit Execute)", "Plans": [{"Node Type": "Streaming(type: LOCAL REDISTRIBUTE dop: 16/16)", "Parent Relationship": "Outer", "Startup Cost": 104290.19, "Total Cost": 206413.94, "Plan Rows": 1443440, "Plan Width": 16, "Actual Min Startup Time": 249.791, "Actual Max Startup Time": 1381.119, "Actual Min Total Time": 1250.62, "Actual Max Total Time": 1381.119, "Actual Total Rows": 1210267, "Plans": [{"Node Type": "Hash Join", "Parent Relationship": "Outer", "Join Type": "Inner", "Startup Cost": 104290.19, "Total Cost": 185944.65, "Plan Rows": 1443440, "Plan Width": 16, "Actual Min Startup Time": 675.237, "Actual Max Startup Time": 871.852, "Actual Min Total Time": 1272.7, "Actual Max Total Time": 1501.609, "Actual Total Rows": 1210267, "Inner Unique": false, "Hash Cond": "(ci.movie_id = mc.movie_id), (LLVM Optimized, Jit Execute)", "Plans": [{"Node Type": "Streaming(type: LOCAL REDISTRIBUTE dop: 16/16)", "Parent Relationship": "Outer", "Startup Cost": 15005.41, "Total Cost": 94859.97, "Plan Rows": 1436424, "Plan Width": 8, "Actual Min Startup Time": 0.06, "Actual Max Startup Time": 3.768, "Actual Min Total Time": 546.912, "Actual Max Total Time": 583.512, "Actual Total Rows": 1435439, "Plans": [{"Node Type": "Hash Join", "Parent Relationship": "Outer", "Join Type": "Inner", "Startup Cost": 15005.41, "Total Cost": 74417.27, "Plan Rows": 1436424, "Plan Width": 8, "Actual Min Startup Time": 44.696, "Actual Max Startup Time": 357.961, "Actual Min Total Time": 754.774, "Actual Max Total Time": 806.064, "Actual Total Rows": 1435439, "Inner Unique": true, "Hash Cond": "(ci.role_id = rt.id), (LLVM Optimized, Jit Execute)", "Plans": [{"Node Type": "Seq Scan", "Parent Relationship": "Outer", "Relation Name": "cast_info", "Alias": "ci", "Startup Cost": 0.0, "Total Cost": 58282.92, "Plan Rows": 1436424, "Plan Width": 12, "Actual Min Startup Time": 44.599, "Actual Max Startup Time": 357.822, "Actual Min Total Time": 710.585, "Actual Max Total Time": 748.368, "Actual Total Rows": 1435439, "Filter": "((note)::text ~~ '%(producer)%'::text), (LLVM Optimized, Jit Execute)", "Rows Removed by Filter": 34808904}, {"Node Type": "Hash", "Parent Relationship": "Inner", "Startup Cost": 15005.26, "Total Cost": 15005.26, "Plan Rows": 192, "Plan Width": 4, "Actual Min Startup Time": 0.018, "Actual Max Startup Time": 46.807, "Actual Min Total Time": 0.018, "Actual Max Total Time": 46.807, "Actual Total Rows": 192, "Max Hash Buckets": 32768, "Min Hash Buckets": 32768, "Max Hash Batches": 1, "Min Hash Batches": 1, "Max Original Hash Batches": 1, "Min Original Hash Batches": 1, "Max Peak Memory Usage": 1, "min Peak Memory Usage": 1, "Plans": [{"Node Type": "Streaming(type: BROADCAST dop: 16/1)", "Parent Relationship": "Outer", "Startup Cost": 0.0, "Total Cost": 15005.26, "Plan Rows": 192, "Plan Width": 4, "Actual Min Startup Time": 0.006, "Actual Max Startup Time": 42.649, "Actual Min Total Time": 0.007, "Actual Max Total Time": 42.651, "Actual Total Rows": 192, "Plans": [{"Node Type": "Seq Scan", "Parent Relationship": "Outer", "Relation Name": "role_type", "Alias": "rt", "Startup Cost": 0.0, "Total Cost": 1.12, "Plan Rows": 12, "Plan Width": 4, "Actual Min Startup Time": 0.013, "Actual Max Startup Time": 0.013, "Actual Min Total Time": 0.017, "Actual Max Total Time": 0.017, "Actual Total Rows": 12}]}]}]}]}, {"Node Type": "Hash", "Parent Relationship": "Inner", "Startup Cost": 88282.97, "Total Cost": 88282.97, "Plan Rows": 1282311, "Plan Width": 8, "Actual Min Startup Time": 674.911, "Actual Max Startup Time": 871.504, "Actual Min Total Time": 674.911, "Actual Max Total Time": 871.504, "Actual Total Rows": 1153797, "Max Hash Buckets": 131072, "Min Hash Buckets": 131072, "Max Hash Batches": 1, "Min Hash Batches": 1, "Max Original Hash Batches": 1, "Min Original Hash Batches": 1, "Max Peak Memory Usage": 2824, "min Peak Memory Usage": 2824, "Plans": [{"Node Type": "Streaming(type: LOCAL REDISTRIBUTE dop: 16/16)", "Parent Relationship": "Outer", "Startup Cost": 24511.53, "Total Cost": 88282.97, "Plan Rows": 1282311, "Plan Width": 8, "Actual Min Startup Time": 165.521, "Actual Max Startup Time": 362.413, "Actual Min Total Time": 648.186, "Actual Max Total Time": 846.134, "Actual Total Rows": 1153797, "Plans": [{"Node Type": "Hash Join", "Parent Relationship": "Outer", "Join Type": "Inner", "Startup Cost": 24511.53, "Total Cost": 68424.21, "Plan Rows": 1282311, "Plan Width": 8, "Actual Min Startup Time": 157.625, "Actual Max Startup Time": 309.504, "Actual Min Total Time": 514.764, "Actual Max Total Time": 746.156, "Actual Total Rows": 1153797, "Inner Unique": true, "Hash Cond": "(mc.company_id = cn.id), (LLVM Optimized, Jit Execute)", "Plans": [{"Node Type": "Streaming(type: LOCAL REDISTRIBUTE dop: 16/16)", "Parent Relationship": "Outer", "Startup Cost": 0.0, "Total Cost": 42499.73, "Plan Rows": 2609128, "Plan Width": 12, "Actual Min Startup Time": 0.065, "Actual Max Startup Time": 1.561, "Actual Min Total Time": 285.138, "Actual Max Total Time": 396.063, "Actual Total Rows": 2609128, "Plans": [{"Node Type": "Seq Scan", "Parent Relationship": "Outer", "Relation Name": "movie_companies", "Alias": "mc", "Startup Cost": 0.0, "Total Cost": 17613.58, "Plan Rows": 2609128, "Plan Width": 12, "Actual Min Startup Time": 0.025, "Actual Max Startup Time": 0.05, "Actual Min Total Time": 41.101, "Actual Max Total Time": 52.364, "Actual Total Rows": 2609128}]}, {"Node Type": "Hash", "Parent Relationship": "Inner", "Startup Cost": 24444.99, "Total Cost": 24444.99, "Plan Rows": 85170, "Plan Width": 4, "Actual Min Startup Time": 156.603, "Actual Max Startup Time": 309.356, "Actual Min Total Time": 156.603, "Actual Max Total Time": 309.356, "Actual Total Rows": 84843, "Max Hash Buckets": 32768, "Min Hash Buckets": 32768, "Max Hash Batches": 1, "Min Hash Batches": 1, "Max Original Hash Batches": 1, "Min Original Hash Batches": 1, "Max Peak Memory Usage": 182, "min Peak Memory Usage": 182, "Plans": [{"Node Type": "Streaming(type: LOCAL REDISTRIBUTE dop: 16/1)", "Parent Relationship": "Outer", "Startup Cost": 0.0, "Total Cost": 24444.99, "Plan Rows": 85170, "Plan Width": 4, "Actual Min Startup Time": 0.036, "Actual Max Startup Time": 144.9, "Actual Min Total Time": 154.794, "Actual Max Total Time": 307.673, "Actual Total Rows": 84843, "Plans": [{"Node Type": "Seq Scan", "Parent Relationship": "Outer", "Relation Name": "company_name", "Alias": "cn", "Startup Cost": 0.0, "Total Cost": 5903.45, "Plan Rows": 85170, "Plan Width": 4, "Actual Min Startup Time": 0.073, "Actual Max Startup Time": 0.073, "Actual Min Total Time": 90.6, "Actual Max Total Time": 90.6, "Actual Total Rows": 84843, "Filter": "((country_code)::text = '[us]'::text)", "Rows Removed by Filter": 150153}]}]}]}]}]}]}]}, {"Node Type": "Hash", "Parent Relationship": "Inner", "Startup Cost": 46117.27, "Total Cost": 46117.27, "Plan Rows": 3140338, "Plan Width": 20, "Actual Min Startup Time": 417.263, "Actual Max Startup Time": 613.937, "Actual Min Total Time": 417.263, "Actual Max Total Time": 613.937, "Actual Total Rows": 3140338, "Max Hash Buckets": 262144, "Min Hash Buckets": 262144, "Max Hash Batches": 1, "Min Hash Batches": 1, "Max Original Hash Batches": 1, "Min Original Hash Batches": 1, "Max Peak Memory Usage": 10347, "min Peak Memory Usage": 10347, "Plans": [{"Node Type": "Streaming(type: LOCAL REDISTRIBUTE dop: 16/16)", "Parent Relationship": "Outer", "Startup Cost": 0.0, "Total Cost": 46117.27, "Plan Rows": 3140338, "Plan Width": 20, "Actual Min Startup Time": 0.051, "Actual Max Startup Time": 41.823, "Actual Min Total Time": 335.206, "Actual Max Total Time": 532.902, "Actual Total Rows": 3140338, "Plans": [{"Node Type": "Seq Scan", "Parent Relationship": "Outer", "Relation Name": "char_name", "Alias": "chn", "Startup Cost": 0.0, "Total Cost": 19218.34, "Plan Rows": 3140338, "Plan Width": 20, "Actual Min Startup Time": 0.019, "Actual Max Startup Time": 0.062, "Actual Min Total Time": 57.374, "Actual Max Total Time": 66.634, "Actual Total Rows": 3140338}]}]}]}, {"Node Type": "Hash", "Parent Relationship": "Inner", "Startup Cost": 15002.07, "Total Cost": 15002.07, "Plan Rows": 48, "Plan Width": 4, "Actual Min Startup Time": 0.008, "Actual Max Startup Time": 0.021, "Actual Min Total Time": 0.008, "Actual Max Total Time": 0.021, "Actual Total Rows": 48, "Max Hash Buckets": 32768, "Min Hash Buckets": 32768, "Max Hash Batches": 1, "Min Hash Batches": 1, "Max Original Hash Batches": 1, "Min Original Hash Batches": 1, "Max Peak Memory Usage": 1, "min Peak Memory Usage": 1, "Plans": [{"Node Type": "Streaming(type: BROADCAST dop: 16/1)", "Parent Relationship": "Outer", "Startup Cost": 0.0, "Total Cost": 15002.07, "Plan Rows": 48, "Plan Width": 4, "Actual Min Startup Time": 0.004, "Actual Max Startup Time": 0.012, "Actual Min Total Time": 0.004, "Actual Max Total Time": 0.013, "Actual Total Rows": 48, "Plans": [{"Node Type": "Seq Scan", "Parent Relationship": "Outer", "Relation Name": "company_type", "Alias": "ct", "Startup Cost": 0.0, "Total Cost": 1.03, "Plan Rows": 3, "Plan Width": 4, "Actual Min Startup Time": 0.019, "Actual Max Startup Time": 0.019, "Actual Min Total Time": 0.021, "Actual Max Total Time": 0.021, "Actual Total Rows": 3}]}]}]}]}, {"Node Type": "Hash", "Parent Relationship": "Inner", "Startup Cost": 40775.83, "Total Cost": 40775.83, "Plan Rows": 1748840, "Plan Width": 21, "Actual Min Startup Time": 262.767, "Actual Max Startup Time": 471.782, "Actual Min Total Time": 262.767, "Actual Max Total Time": 471.782, "Actual Total Rows": 1749032, "Max Hash Buckets": 131072, "Min Hash Buckets": 131072, "Max Hash Batches": 1, "Min Hash Batches": 1, "Max Original Hash Batches": 1, "Min Original Hash Batches": 1, "Max Peak Memory Usage": 5875, "min Peak Memory Usage": 5875, "Plans": [{"Node Type": "Streaming(type: LOCAL REDISTRIBUTE dop: 16/16)", "Parent Relationship": "Outer", "Startup Cost": 0.0, "Total Cost": 40775.83, "Plan Rows": 1748840, "Plan Width": 21, "Actual Min Startup Time": 0.053, "Actual Max Startup Time": 123.387, "Actual Min Total Time": 228.641, "Actual Max Total Time": 434.39, "Actual Total Rows": 1749032, "Plans": [{"Node Type": "Seq Scan", "Parent Relationship": "Outer", "Relation Name": "title", "Alias": "t", "Startup Cost": 0.0, "Total Cost": 19149.37, "Plan Rows": 1748840, "Plan Width": 21, "Actual Min Startup Time": 0.03, "Actual Max Startup Time": 0.055, "Actual Min Total Time": 63.776, "Actual Max Total Time": 72.406, "Actual Total Rows": 1749032, "Filter": "(production_year > 1990), (LLVM Optimized, Jit Execute)", "Rows Removed by Filter": 779279}]}]}]}]}]}]}, "Triggers": [], "Planner Runtime": 79.462, "Total Runtime": 2215.31, "Unique SQL Id": 3145361615}}, "(16, 97)": {"explain_plan": {"Plan": {"Node Type": "Aggregate", "Strategy": "Plain", "Startup Cost": 1351566.43, "Total Cost": 1351566.45, "Plan Rows": 1, "Plan Width": 97, "Plans": [{"Node Type": "Streaming(type: LOCAL GATHER dop: 1/16)", "Parent Relationship": "Outer", "Startup Cost": 1351566.43, "Total Cost": 1351566.45, "Plan Rows": 1, "Plan Width": 97, "Plans": [{"Node Type": "Aggregate", "Strategy": "Plain", "Parent Relationship": "Outer", "Startup Cost": 1351566.43, "Total Cost": 1351566.44, "Plan Rows": 1, "Plan Width": 97, "Plans": [{"Node Type": "Hash Join", "Parent Relationship": "Outer", "Join Type": "Inner", "Startup Cost": 243103.49, "Total Cost": 1346719.36, "Plan Rows": 969413, "Plan Width": 33, "Inner Unique": true, "Hash Cond": "(mc.movie_id = t.id), (LLVM Optimized)", "Plans": [{"Node Type": "Streaming(type: LOCAL REDISTRIBUTE dop: 16/16)", "Parent Relationship": "Outer", "Startup Cost": 210877.44, "Total Cost": 1313723.43, "Plan Rows": 699731, "Plan Width": 24, "Plans": [{"Node Type": "Hash Join", "Parent Relationship": "Outer", "Join Type": "Inner", "Startup Cost": 210877.44, "Total Cost": 1296072.11, "Plan Rows": 699731, "Plan Width": 24, "Inner Unique": true, "Hash Cond": "(ci.role_id = rt.id), (LLVM Optimized)", "Plans": [{"Node Type": "Hash Join", "Parent Relationship": "Outer", "Join Type": "Inner", "Startup Cost": 195864.72, "Total Cost": 1280458.05, "Plan Rows": 699731, "Plan Width": 28, "Inner Unique": true, "Hash Cond": "(mc.company_type_id = ct.id), (LLVM Optimized)", "Plans": [{"Node Type": "Hash Join", "Parent Relationship": "Outer", "Join Type": "Inner", "Startup Cost": 180855.35, "Total Cost": 1264847.35, "Plan Rows": 699731, "Plan Width": 32, "Inner Unique": true, "Hash Cond": "(mc.company_id = cn.id), (LLVM Optimized)", "Plans": [{"Node Type": "Streaming(type: LOCAL REDISTRIBUTE dop: 16/16)", "Parent Relationship": "Outer", "Startup Cost": 173977.43, "Total Cost": 1257198.42, "Plan Rows": 1423748, "Plan Width": 36, "Plans": [{"Node Type": "Hash Join", "Parent Relationship": "Outer", "Join Type": "Inner", "Startup Cost": 173977.43, "Total Cost": 1236803.75, "Plan Rows": 1423748, "Plan Width": 36, "Inner Unique": false, "Hash Cond": "(ci.movie_id = mc.movie_id), (LLVM Optimized)", "Plans": [{"Node Type": "Streaming(type: LOCAL REDISTRIBUTE dop: 16/16)", "Parent Relationship": "Outer", "Startup Cost": 144787.11, "Total Cost": 1205907.57, "Plan Rows": 696330, "Plan Width": 24, "Plans": [{"Node Type": "Hash Join", "Parent Relationship": "Outer", "Join Type": "Inner", "Startup Cost": 144787.11, "Total Cost": 1188269.13, "Plan Rows": 696330, "Plan Width": 24, "Inner Unique": true, "Hash Cond": "(ci.person_role_id = chn.id), (LLVM Optimized)", "Plans": [{"Node Type": "Streaming(type: LOCAL REDISTRIBUTE dop: 16/16)", "Parent Relationship": "Outer", "Startup Cost": 0.0, "Total Cost": 1042710.15, "Plan Rows": 1436424, "Plan Width": 12, "Plans": [{"Node Type": "Index Scan", "Parent Relationship": "Outer", "Scan Direction": "Forward", "Index Name": "role_id_cast_info", "Relation Name": "cast_info", "Alias": "ci", "Startup Cost": 0.0, "Total Cost": 1022267.45, "Plan Rows": 1436424, "Plan Width": 12, "Filter": "((note)::text ~~ '%(producer)%'::text), (LLVM Optimized)"}]}, {"Node Type": "Hash", "Parent Relationship": "Inner", "Startup Cost": 142333.72, "Total Cost": 142333.72, "Plan Rows": 3140338, "Plan Width": 20, "Plans": [{"Node Type": "Streaming(type: LOCAL REDISTRIBUTE dop: 16/16)", "Parent Relationship": "Outer", "Startup Cost": 0.0, "Total Cost": 142333.72, "Plan Rows": 3140338, "Plan Width": 20, "Plans": [{"Node Type": "Index Scan", "Parent Relationship": "Outer", "Scan Direction": "Forward", "Index Name": "char_name_pkey", "Relation Name": "char_name", "Alias": "chn", "Startup Cost": 0.0, "Total Cost": 115434.79, "Plan Rows": 3140338, "Plan Width": 20}]}]}]}]}, {"Node Type": "Hash", "Parent Relationship": "Inner", "Startup Cost": 108607.74, "Total Cost": 108607.74, "Plan Rows": 2609128, "Plan Width": 12, "Plans": [{"Node Type": "Streaming(type: LOCAL REDISTRIBUTE dop: 16/16)", "Parent Relationship": "Outer", "Startup Cost": 0.0, "Total Cost": 108607.74, "Plan Rows": 2609128, "Plan Width": 12, "Plans": [{"Node Type": "Index Scan", "Parent Relationship": "Outer", "Scan Direction": "Forward", "Index Name": "company_type_id_movie_companies", "Relation Name": "movie_companies", "Alias": "mc", "Startup Cost": 0.0, "Total Cost": 83721.6, "Plan Rows": 2609128, "Plan Width": 12}]}]}]}]}, {"Node Type": "Hash", "Parent Relationship": "Inner", "Startup Cost": 27245.51, "Total Cost": 27245.51, "Plan Rows": 85170, "Plan Width": 4, "Plans": [{"Node Type": "Streaming(type: LOCAL REDISTRIBUTE dop: 16/1)", "Parent Relationship": "Outer", "Startup Cost": 2800.52, "Total Cost": 27245.51, "Plan Rows": 85170, "Plan Width": 4, "Plans": [{"Node Type": "Bitmap Heap Scan", "Parent Relationship": "Outer", "Relation Name": "company_name", "Alias": "cn", "Startup Cost": 2800.52, "Total Cost": 8703.97, "Plan Rows": 85170, "Plan Width": 4, "Filter": "((country_code)::text = '[us]'::text)", "Plans": [{"Node Type": "Bitmap Index Scan", "Parent Relationship": "Outer", "Index Name": "company_name_pkey", "Startup Cost": 0.0, "Total Cost": 2779.23, "Plan Rows": 234996, "Plan Width": 0}]}]}]}]}, {"Node Type": "Hash", "Parent Relationship": "Inner", "Startup Cost": 15009.33, "Total Cost": 15009.33, "Plan Rows": 48, "Plan Width": 4, "Plans": [{"Node Type": "Streaming(type: BROADCAST dop: 16/1)", "Parent Relationship": "Outer", "Startup Cost": 0.0, "Total Cost": 15009.33, "Plan Rows": 48, "Plan Width": 4, "Plans": [{"Node Type": "Index Only Scan", "Parent Relationship": "Outer", "Scan Direction": "Forward", "Index Name": "company_type_pkey", "Relation Name": "company_type", "Alias": "ct", "Startup Cost": 0.0, "Total Cost": 8.29, "Plan Rows": 3, "Plan Width": 4}]}]}]}, {"Node Type": "Hash", "Parent Relationship": "Inner", "Startup Cost": 15012.57, "Total Cost": 15012.57, "Plan Rows": 192, "Plan Width": 4, "Plans": [{"Node Type": "Streaming(type: BROADCAST dop: 16/1)", "Parent Relationship": "Outer", "Startup Cost": 0.0, "Total Cost": 15012.57, "Plan Rows": 192, "Plan Width": 4, "Plans": [{"Node Type": "Index Only Scan", "Parent Relationship": "Outer", "Scan Direction": "Forward", "Index Name": "role_type_pkey", "Relation Name": "role_type", "Alias": "rt", "Startup Cost": 0.0, "Total Cost": 8.43, "Plan Rows": 12, "Plan Width": 4}]}]}]}]}, {"Node Type": "Hash", "Parent Relationship": "Inner", "Startup Cost": 123439.09, "Total Cost": 123439.09, "Plan Rows": 1748840, "Plan Width": 21, "Plans": [{"Node Type": "Streaming(type: LOCAL REDISTRIBUTE dop: 16/16)", "Parent Relationship": "Outer", "Startup Cost": 0.0, "Total Cost": 123439.09, "Plan Rows": 1748840, "Plan Width": 21, "Plans": [{"Node Type": "Index Scan", "Parent Relationship": "Outer", "Scan Direction": "Forward", "Index Name": "title_pkey", "Relation Name": "title", "Alias": "t", "Startup Cost": 0.0, "Total Cost": 101812.62, "Plan Rows": 1748840, "Plan Width": 21, "Filter": "(production_year > 1990), (LLVM Optimized)"}]}]}]}]}]}]}, "Unique SQL Id": 3145361615}, "explain_analyze_plan": {"Plan": {"Node Type": "Aggregate", "Strategy": "Plain", "Startup Cost": 1351566.43, "Total Cost": 1351566.45, "Plan Rows": 1, "Plan Width": 97, "Actual Min Startup Time": 3461.462, "Actual Max Startup Time": 3461.462, "Actual Min Total Time": 3461.462, "Actual Max Total Time": 3461.462, "Actual Total Rows": 1, "Plans": [{"Node Type": "Streaming(type: LOCAL GATHER dop: 1/16)", "Parent Relationship": "Outer", "Startup Cost": 1351566.43, "Total Cost": 1351566.45, "Plan Rows": 1, "Plan Width": 97, "Actual Min Startup Time": 3460.039, "Actual Max Startup Time": 3460.039, "Actual Min Total Time": 3461.418, "Actual Max Total Time": 3461.418, "Actual Total Rows": 16, "Plans": [{"Node Type": "Aggregate", "Strategy": "Plain", "Parent Relationship": "Outer", "Startup Cost": 1351566.43, "Total Cost": 1351566.44, "Plan Rows": 1, "Plan Width": 97, "Actual Min Startup Time": 3055.475, "Actual Max Startup Time": 3222.766, "Actual Min Total Time": 3055.475, "Actual Max Total Time": 3222.766, "Actual Total Rows": 16, "Plans": [{"Node Type": "Hash Join", "Parent Relationship": "Outer", "Join Type": "Inner", "Startup Cost": 243103.49, "Total Cost": 1346719.36, "Plan Rows": 969413, "Plan Width": 33, "Actual Min Startup Time": 3055.468, "Actual Max Startup Time": 3222.758, "Actual Min Total Time": 3055.468, "Actual Max Total Time": 3222.758, "Actual Total Rows": 4, "Inner Unique": true, "Hash Cond": "(mc.movie_id = t.id), (LLVM Optimized, Jit Execute)", "Plans": [{"Node Type": "Streaming(type: LOCAL REDISTRIBUTE dop: 16/16)", "Parent Relationship": "Outer", "Startup Cost": 210877.44, "Total Cost": 1313723.43, "Plan Rows": 699731, "Plan Width": 24, "Actual Min Startup Time": 589.982, "Actual Max Startup Time": 591.712, "Actual Min Total Time": 591.561, "Actual Max Total Time": 591.712, "Actual Total Rows": 6, "Plans": [{"Node Type": "Hash Join", "Parent Relationship": "Outer", "Join Type": "Inner", "Startup Cost": 210877.44, "Total Cost": 1296072.11, "Plan Rows": 699731, "Plan Width": 24, "Actual Min Startup Time": 3055.255, "Actual Max Startup Time": 3276.751, "Actual Min Total Time": 3056.657, "Actual Max Total Time": 3276.751, "Actual Total Rows": 6, "Inner Unique": true, "Hash Cond": "(ci.role_id = rt.id), (LLVM Optimized, Jit Execute)", "Plans": [{"Node Type": "Hash Join", "Parent Relationship": "Outer", "Join Type": "Inner", "Startup Cost": 195864.72, "Total Cost": 1280458.05, "Plan Rows": 699731, "Plan Width": 28, "Actual Min Startup Time": 3055.168, "Actual Max Startup Time": 3259.127, "Actual Min Total Time": 3056.539, "Actual Max Total Time": 3259.127, "Actual Total Rows": 6, "Inner Unique": true, "Hash Cond": "(mc.company_type_id = ct.id), (LLVM Optimized, Jit Execute)", "Plans": [{"Node Type": "Hash Join", "Parent Relationship": "Outer", "Join Type": "Inner", "Startup Cost": 180855.35, "Total Cost": 1264847.35, "Plan Rows": 699731, "Plan Width": 32, "Actual Min Startup Time": 3055.079, "Actual Max Startup Time": 3248.013, "Actual Min Total Time": 3056.411, "Actual Max Total Time": 3248.013, "Actual Total Rows": 14, "Inner Unique": true, "Hash Cond": "(mc.company_id = cn.id), (LLVM Optimized, Jit Execute)", "Plans": [{"Node Type": "Streaming(type: LOCAL REDISTRIBUTE dop: 16/16)", "Parent Relationship": "Outer", "Startup Cost": 173977.43, "Total Cost": 1257198.42, "Plan Rows": 1423748, "Plan Width": 36, "Actual Min Startup Time": 2726.054, "Actual Max Startup Time": 2727.542, "Actual Min Total Time": 2727.345, "Actual Max Total Time": 2727.542, "Actual Total Rows": 31, "Plans": [{"Node Type": "Hash Join", "Parent Relationship": "Outer", "Join Type": "Inner", "Startup Cost": 173977.43, "Total Cost": 1236803.75, "Plan Rows": 1423748, "Plan Width": 36, "Actual Min Startup Time": 3050.131, "Actual Max Startup Time": 3088.551, "Actual Min Total Time": 3051.583, "Actual Max Total Time": 3090.009, "Actual Total Rows": 31, "Inner Unique": false, "Hash Cond": "(ci.movie_id = mc.movie_id), (LLVM Optimized, Jit Execute)", "Plans": [{"Node Type": "Streaming(type: LOCAL REDISTRIBUTE dop: 16/16)", "Parent Relationship": "Outer", "Startup Cost": 144787.11, "Total Cost": 1205907.57, "Plan Rows": 696330, "Plan Width": 24, "Actual Min Startup Time": 2566.858, "Actual Max Startup Time": 2568.406, "Actual Min Total Time": 2568.284, "Actual Max Total Time": 2568.409, "Actual Total Rows": 15, "Plans": [{"Node Type": "Hash Join", "Parent Relationship": "Outer", "Join Type": "Inner", "Startup Cost": 144787.11, "Total Cost": 1188269.13, "Plan Rows": 696330, "Plan Width": 24, "Actual Min Startup Time": 1395.581, "Actual Max Startup Time": 3214.783, "Actual Min Total Time": 3048.904, "Actual Max Total Time": 3214.783, "Actual Total Rows": 15, "Inner Unique": true, "Hash Cond": "(ci.person_role_id = chn.id), (LLVM Optimized, Jit Execute)", "Plans": [{"Node Type": "Streaming(type: LOCAL REDISTRIBUTE dop: 16/16)", "Parent Relationship": "Outer", "Startup Cost": 0.0, "Total Cost": 1042710.15, "Plan Rows": 1436424, "Plan Width": 12, "Actual Min Startup Time": 0.059, "Actual Max Startup Time": 2239.635, "Actual Min Total Time": 2085.075, "Actual Max Total Time": 2239.635, "Actual Total Rows": 1435439, "Plans": [{"Node Type": "Index Scan", "Parent Relationship": "Outer", "Scan Direction": "Forward", "Index Name": "role_id_cast_info", "Relation Name": "cast_info", "Alias": "ci", "Startup Cost": 0.0, "Total Cost": 1022267.45, "Plan Rows": 1436424, "Plan Width": 12, "Actual Min Startup Time": 349.969, "Actual Max Startup Time": 2214.385, "Actual Min Total Time": 1395.393, "Actual Max Total Time": 2214.385, "Actual Total Rows": 1435439, "Filter": "((note)::text ~~ '%(producer)%'::text), (LLVM Optimized, Jit Execute)", "Rows Removed by Filter": 34808904}]}, {"Node Type": "Hash", "Parent Relationship": "Inner", "Startup Cost": 142333.72, "Total Cost": 142333.72, "Plan Rows": 3140338, "Plan Width": 20, "Actual Min Startup Time": 809.024, "Actual Max Startup Time": 974.565, "Actual Min Total Time": 809.024, "Actual Max Total Time": 974.565, "Actual Total Rows": 3140338, "Max Hash Buckets": 262144, "Min Hash Buckets": 262144, "Max Hash Batches": 1, "Min Hash Batches": 1, "Max Original Hash Batches": 1, "Min Original Hash Batches": 1, "Max Peak Memory Usage": 10347, "min Peak Memory Usage": 10347, "Plans": [{"Node Type": "Streaming(type: LOCAL REDISTRIBUTE dop: 16/16)", "Parent Relationship": "Outer", "Startup Cost": 0.0, "Total Cost": 142333.72, "Plan Rows": 3140338, "Plan Width": 20, "Actual Min Startup Time": 0.06, "Actual Max Startup Time": 123.725, "Actual Min Total Time": 704.004, "Actual Max Total Time": 895.461, "Actual Total Rows": 3140338, "Plans": [{"Node Type": "Index Scan", "Parent Relationship": "Outer", "Scan Direction": "Forward", "Index Name": "char_name_pkey", "Relation Name": "char_name", "Alias": "chn", "Startup Cost": 0.0, "Total Cost": 115434.79, "Plan Rows": 3140338, "Plan Width": 20, "Actual Min Startup Time": 13.601, "Actual Max Startup Time": 57.125, "Actual Min Total Time": 360.946, "Actual Max Total Time": 486.167, "Actual Total Rows": 3140338}]}]}]}]}, {"Node Type": "Hash", "Parent Relationship": "Inner", "Startup Cost": 108607.74, "Total Cost": 108607.74, "Plan Rows": 2609128, "Plan Width": 12, "Actual Min Startup Time": 482.915, "Actual Max Startup Time": 521.227, "Actual Min Total Time": 482.915, "Actual Max Total Time": 521.227, "Actual Total Rows": 2609128, "Max Hash Buckets": 262144, "Min Hash Buckets": 262144, "Max Hash Batches": 1, "Min Hash Batches": 1, "Max Original Hash Batches": 1, "Min Original Hash Batches": 1, "Max Peak Memory Usage": 7036, "min Peak Memory Usage": 7036, "Plans": [{"Node Type": "Streaming(type: LOCAL REDISTRIBUTE dop: 16/16)", "Parent Relationship": "Outer", "Startup Cost": 0.0, "Total Cost": 108607.74, "Plan Rows": 2609128, "Plan Width": 12, "Actual Min Startup Time": 0.053, "Actual Max Startup Time": 0.211, "Actual Min Total Time": 399.885, "Actual Max Total Time": 434.519, "Actual Total Rows": 2609128, "Plans": [{"Node Type": "Index Scan", "Parent Relationship": "Outer", "Scan Direction": "Forward", "Index Name": "company_type_id_movie_companies", "Relation Name": "movie_companies", "Alias": "mc", "Startup Cost": 0.0, "Total Cost": 83721.6, "Plan Rows": 2609128, "Plan Width": 12, "Actual Min Startup Time": 31.156, "Actual Max Startup Time": 97.124, "Actual Min Total Time": 142.651, "Actual Max Total Time": 228.661, "Actual Total Rows": 2609128}]}]}]}]}, {"Node Type": "Hash", "Parent Relationship": "Inner", "Startup Cost": 27245.51, "Total Cost": 27245.51, "Plan Rows": 85170, "Plan Width": 4, "Actual Min Startup Time": 328.885, "Actual Max Startup Time": 520.461, "Actual Min Total Time": 328.885, "Actual Max Total Time": 520.461, "Actual Total Rows": 84843, "Max Hash Buckets": 32768, "Min Hash Buckets": 32768, "Max Hash Batches": 1, "Min Hash Batches": 1, "Max Original Hash Batches": 1, "Min Original Hash Batches": 1, "Max Peak Memory Usage": 182, "min Peak Memory Usage": 182, "Plans": [{"Node Type": "Streaming(type: LOCAL REDISTRIBUTE dop: 16/1)", "Parent Relationship": "Outer", "Startup Cost": 2800.52, "Total Cost": 27245.51, "Plan Rows": 85170, "Plan Width": 4, "Actual Min Startup Time": 0.036, "Actual Max Startup Time": 130.333, "Actual Min Total Time": 324.881, "Actual Max Total Time": 516.655, "Actual Total Rows": 84843, "Plans": [{"Node Type": "Bitmap Heap Scan", "Parent Relationship": "Outer", "Relation Name": "company_name", "Alias": "cn", "Startup Cost": 2800.52, "Total Cost": 8703.97, "Plan Rows": 85170, "Plan Width": 4, "Actual Min Startup Time": 23.786, "Actual Max Startup Time": 23.786, "Actual Min Total Time": 197.694, "Actual Max Total Time": 197.694, "Actual Total Rows": 84843, "Filter": "((country_code)::text = '[us]'::text)", "Rows Removed by Filter": 150153, "Exact Heap Blocks": 0, "Lossy Heap Blocks": 0, "Plans": [{"Node Type": "Bitmap Index Scan", "Parent Relationship": "Outer", "Index Name": "company_name_pkey", "Startup Cost": 0.0, "Total Cost": 2779.23, "Plan Rows": 234996, "Plan Width": 0, "Actual Min Startup Time": 23.305, "Actual Max Startup Time": 23.305, "Actual Min Total Time": 23.305, "Actual Max Total Time": 23.305, "Actual Total Rows": 234996}]}]}]}]}, {"Node Type": "Hash", "Parent Relationship": "Inner", "Startup Cost": 15009.33, "Total Cost": 15009.33, "Plan Rows": 48, "Plan Width": 4, "Actual Min Startup Time": 0.01, "Actual Max Startup Time": 10.977, "Actual Min Total Time": 0.01, "Actual Max Total Time": 10.977, "Actual Total Rows": 48, "Max Hash Buckets": 32768, "Min Hash Buckets": 32768, "Max Hash Batches": 1, "Min Hash Batches": 1, "Max Original Hash Batches": 1, "Min Original Hash Batches": 1, "Max Peak Memory Usage": 1, "min Peak Memory Usage": 1, "Plans": [{"Node Type": "Streaming(type: BROADCAST dop: 16/1)", "Parent Relationship": "Outer", "Startup Cost": 0.0, "Total Cost": 15009.33, "Plan Rows": 48, "Plan Width": 4, "Actual Min Startup Time": 0.003, "Actual Max Startup Time": 10.95, "Actual Min Total Time": 0.003, "Actual Max Total Time": 10.953, "Actual Total Rows": 48, "Plans": [{"Node Type": "Index Only Scan", "Parent Relationship": "Outer", "Scan Direction": "Forward", "Index Name": "company_type_pkey", "Relation Name": "company_type", "Alias": "ct", "Startup Cost": 0.0, "Total Cost": 8.29, "Plan Rows": 3, "Plan Width": 4, "Actual Min Startup Time": 0.019, "Actual Max Startup Time": 0.019, "Actual Min Total Time": 0.021, "Actual Max Total Time": 0.021, "Actual Total Rows": 3, "Heap Fetches": 0}]}]}]}, {"Node Type": "Hash", "Parent Relationship": "Inner", "Startup Cost": 15012.57, "Total Cost": 15012.57, "Plan Rows": 192, "Plan Width": 4, "Actual Min Startup Time": 0.017, "Actual Max Startup Time": 17.517, "Actual Min Total Time": 0.017, "Actual Max Total Time": 17.517, "Actual Total Rows": 192, "Max Hash Buckets": 32768, "Min Hash Buckets": 32768, "Max Hash Batches": 1, "Min Hash Batches": 1, "Max Original Hash Batches": 1, "Min Original Hash Batches": 1, "Max Peak Memory Usage": 1, "min Peak Memory Usage": 1, "Plans": [{"Node Type": "Streaming(type: BROADCAST dop: 16/1)", "Parent Relationship": "Outer", "Startup Cost": 0.0, "Total Cost": 15012.57, "Plan Rows": 192, "Plan Width": 4, "Actual Min Startup Time": 0.006, "Actual Max Startup Time": 17.5, "Actual Min Total Time": 0.006, "Actual Max Total Time": 17.501, "Actual Total Rows": 192, "Plans": [{"Node Type": "Index Only Scan", "Parent Relationship": "Outer", "Scan Direction": "Forward", "Index Name": "role_type_pkey", "Relation Name": "role_type", "Alias": "rt", "Startup Cost": 0.0, "Total Cost": 8.43, "Plan Rows": 12, "Plan Width": 4, "Actual Min Startup Time": 0.02, "Actual Max Startup Time": 0.02, "Actual Min Total Time": 0.022, "Actual Max Total Time": 0.022, "Actual Total Rows": 12, "Heap Fetches": 0}]}]}]}]}, {"Node Type": "Hash", "Parent Relationship": "Inner", "Startup Cost": 123439.09, "Total Cost": 123439.09, "Plan Rows": 1748840, "Plan Width": 21, "Actual Min Startup Time": 2463.686, "Actual Max Startup Time": 2630.731, "Actual Min Total Time": 2463.686, "Actual Max Total Time": 2630.731, "Actual Total Rows": 1749032, "Max Hash Buckets": 131072, "Min Hash Buckets": 131072, "Max Hash Batches": 1, "Min Hash Batches": 1, "Max Original Hash Batches": 1, "Min Original Hash Batches": 1, "Max Peak Memory Usage": 5875, "min Peak Memory Usage": 5875, "Plans": [{"Node Type": "Streaming(type: LOCAL REDISTRIBUTE dop: 16/16)", "Parent Relationship": "Outer", "Startup Cost": 0.0, "Total Cost": 123439.09, "Plan Rows": 1748840, "Plan Width": 21, "Actual Min Startup Time": 0.064, "Actual Max Startup Time": 122.84, "Actual Min Total Time": 2405.213, "Actual Max Total Time": 2570.221, "Actual Total Rows": 1749032, "Plans": [{"Node Type": "Index Scan", "Parent Relationship": "Outer", "Scan Direction": "Forward", "Index Name": "title_pkey", "Relation Name": "title", "Alias": "t", "Startup Cost": 0.0, "Total Cost": 101812.62, "Plan Rows": 1748840, "Plan Width": 21, "Actual Min Startup Time": 0.087, "Actual Max Startup Time": 179.267, "Actual Min Total Time": 301.322, "Actual Max Total Time": 622.189, "Actual Total Rows": 1749032, "Filter": "(production_year > 1990), (LLVM Optimized, Jit Execute)", "Rows Removed by Filter": 779279}]}]}]}]}]}]}, "Triggers": [], "Planner Runtime": 55.122, "Total Runtime": 3502.925, "Unique SQL Id": 3145361615}}, "(16, 98)": {"explain_plan": {"Plan": {"Node Type": "Aggregate", "Strategy": "Plain", "Startup Cost": 271604.22, "Total Cost": 271604.25, "Plan Rows": 1, "Plan Width": 97, "Plans": [{"Node Type": "Streaming(type: LOCAL GATHER dop: 1/16)", "Parent Relationship": "Outer", "Startup Cost": 271604.22, "Total Cost": 271604.25, "Plan Rows": 1, "Plan Width": 97, "Plans": [{"Node Type": "Aggregate", "Strategy": "Plain", "Parent Relationship": "Outer", "Startup Cost": 271604.22, "Total Cost": 271604.23, "Plan Rows": 1, "Plan Width": 97, "Plans": [{"Node Type": "Hash Join", "Parent Relationship": "Outer", "Join Type": "Inner", "Startup Cost": 144835.24, "Total Cost": 266757.16, "Plan Rows": 969413, "Plan Width": 33, "Inner Unique": true, "Hash Cond": "(mc.movie_id = t.id), (LLVM Optimized)", "Plans": [{"Node Type": "Streaming(type: LOCAL REDISTRIBUTE dop: 16/16)", "Parent Relationship": "Outer", "Startup Cost": 133275.0, "Total Cost": 254427.04, "Plan Rows": 699731, "Plan Width": 24, "Plans": [{"Node Type": "Hash Join", "Parent Relationship": "Outer", "Join Type": "Inner", "Startup Cost": 133275.0, "Total Cost": 236775.71, "Plan Rows": 699731, "Plan Width": 24, "Inner Unique": true, "Hash Cond": "(mc.company_type_id = ct.id), (LLVM Optimized)", "Plans": [{"Node Type": "Hash Join", "Parent Relationship": "Outer", "Join Type": "Inner", "Startup Cost": 118272.9, "Total Cost": 221172.28, "Plan Rows": 699731, "Plan Width": 28, "Inner Unique": true, "Hash Cond": "(ci.person_role_id = chn.id), (LLVM Optimized)", "Plans": [{"Node Type": "Streaming(type: LOCAL REDISTRIBUTE dop: 16/16)", "Parent Relationship": "Outer", "Startup Cost": 104290.19, "Total Cost": 206413.94, "Plan Rows": 1443440, "Plan Width": 16, "Plans": [{"Node Type": "Hash Join", "Parent Relationship": "Outer", "Join Type": "Inner", "Startup Cost": 104290.19, "Total Cost": 185944.65, "Plan Rows": 1443440, "Plan Width": 16, "Inner Unique": false, "Hash Cond": "(ci.movie_id = mc.movie_id), (LLVM Optimized)", "Plans": [{"Node Type": "Streaming(type: LOCAL REDISTRIBUTE dop: 16/16)", "Parent Relationship": "Outer", "Startup Cost": 15005.41, "Total Cost": 94859.97, "Plan Rows": 1436424, "Plan Width": 8, "Plans": [{"Node Type": "Hash Join", "Parent Relationship": "Outer", "Join Type": "Inner", "Startup Cost": 15005.41, "Total Cost": 74417.27, "Plan Rows": 1436424, "Plan Width": 8, "Inner Unique": true, "Hash Cond": "(ci.role_id = rt.id), (LLVM Optimized)", "Plans": [{"Node Type": "Seq Scan", "Parent Relationship": "Outer", "Relation Name": "cast_info", "Alias": "ci", "Startup Cost": 0.0, "Total Cost": 58282.92, "Plan Rows": 1436424, "Plan Width": 12, "Filter": "((note)::text ~~ '%(producer)%'::text), (LLVM Optimized)"}, {"Node Type": "Hash", "Parent Relationship": "Inner", "Startup Cost": 15005.26, "Total Cost": 15005.26, "Plan Rows": 192, "Plan Width": 4, "Plans": [{"Node Type": "Streaming(type: BROADCAST dop: 16/1)", "Parent Relationship": "Outer", "Startup Cost": 0.0, "Total Cost": 15005.26, "Plan Rows": 192, "Plan Width": 4, "Plans": [{"Node Type": "Seq Scan", "Parent Relationship": "Outer", "Relation Name": "role_type", "Alias": "rt", "Startup Cost": 0.0, "Total Cost": 1.12, "Plan Rows": 12, "Plan Width": 4}]}]}]}]}, {"Node Type": "Hash", "Parent Relationship": "Inner", "Startup Cost": 88282.97, "Total Cost": 88282.97, "Plan Rows": 1282311, "Plan Width": 8, "Plans": [{"Node Type": "Streaming(type: LOCAL REDISTRIBUTE dop: 16/16)", "Parent Relationship": "Outer", "Startup Cost": 24511.53, "Total Cost": 88282.97, "Plan Rows": 1282311, "Plan Width": 8, "Plans": [{"Node Type": "Hash Join", "Parent Relationship": "Outer", "Join Type": "Inner", "Startup Cost": 24511.53, "Total Cost": 68424.21, "Plan Rows": 1282311, "Plan Width": 8, "Inner Unique": true, "Hash Cond": "(mc.company_id = cn.id), (LLVM Optimized)", "Plans": [{"Node Type": "Streaming(type: LOCAL REDISTRIBUTE dop: 16/16)", "Parent Relationship": "Outer", "Startup Cost": 0.0, "Total Cost": 42499.73, "Plan Rows": 2609128, "Plan Width": 12, "Plans": [{"Node Type": "Seq Scan", "Parent Relationship": "Outer", "Relation Name": "movie_companies", "Alias": "mc", "Startup Cost": 0.0, "Total Cost": 17613.58, "Plan Rows": 2609128, "Plan Width": 12}]}, {"Node Type": "Hash", "Parent Relationship": "Inner", "Startup Cost": 24444.99, "Total Cost": 24444.99, "Plan Rows": 85170, "Plan Width": 4, "Plans": [{"Node Type": "Streaming(type: LOCAL REDISTRIBUTE dop: 16/1)", "Parent Relationship": "Outer", "Startup Cost": 0.0, "Total Cost": 24444.99, "Plan Rows": 85170, "Plan Width": 4, "Plans": [{"Node Type": "Seq Scan", "Parent Relationship": "Outer", "Relation Name": "company_name", "Alias": "cn", "Startup Cost": 0.0, "Total Cost": 5903.45, "Plan Rows": 85170, "Plan Width": 4, "Filter": "((country_code)::text = '[us]'::text)"}]}]}]}]}]}]}]}, {"Node Type": "Hash", "Parent Relationship": "Inner", "Startup Cost": 46117.27, "Total Cost": 46117.27, "Plan Rows": 3140338, "Plan Width": 20, "Plans": [{"Node Type": "Streaming(type: LOCAL REDISTRIBUTE dop: 16/16)", "Parent Relationship": "Outer", "Startup Cost": 0.0, "Total Cost": 46117.27, "Plan Rows": 3140338, "Plan Width": 20, "Plans": [{"Node Type": "Seq Scan", "Parent Relationship": "Outer", "Relation Name": "char_name", "Alias": "chn", "Startup Cost": 0.0, "Total Cost": 19218.34, "Plan Rows": 3140338, "Plan Width": 20}]}]}]}, {"Node Type": "Hash", "Parent Relationship": "Inner", "Startup Cost": 15002.07, "Total Cost": 15002.07, "Plan Rows": 48, "Plan Width": 4, "Plans": [{"Node Type": "Streaming(type: BROADCAST dop: 16/1)", "Parent Relationship": "Outer", "Startup Cost": 0.0, "Total Cost": 15002.07, "Plan Rows": 48, "Plan Width": 4, "Plans": [{"Node Type": "Seq Scan", "Parent Relationship": "Outer", "Relation Name": "company_type", "Alias": "ct", "Startup Cost": 0.0, "Total Cost": 1.03, "Plan Rows": 3, "Plan Width": 4}]}]}]}]}, {"Node Type": "Hash", "Parent Relationship": "Inner", "Startup Cost": 40775.83, "Total Cost": 40775.83, "Plan Rows": 1748840, "Plan Width": 21, "Plans": [{"Node Type": "Streaming(type: LOCAL REDISTRIBUTE dop: 16/16)", "Parent Relationship": "Outer", "Startup Cost": 0.0, "Total Cost": 40775.83, "Plan Rows": 1748840, "Plan Width": 21, "Plans": [{"Node Type": "Seq Scan", "Parent Relationship": "Outer", "Relation Name": "title", "Alias": "t", "Startup Cost": 0.0, "Total Cost": 19149.37, "Plan Rows": 1748840, "Plan Width": 21, "Filter": "(production_year > 1990), (LLVM Optimized)"}]}]}]}]}]}]}, "Unique SQL Id": 3145361615}, "explain_analyze_plan": {"Plan": {"Node Type": "Aggregate", "Strategy": "Plain", "Startup Cost": 271604.22, "Total Cost": 271604.25, "Plan Rows": 1, "Plan Width": 97, "Actual Min Startup Time": 2174.468, "Actual Max Startup Time": 2174.468, "Actual Min Total Time": 2174.468, "Actual Max Total Time": 2174.468, "Actual Total Rows": 1, "Plans": [{"Node Type": "Streaming(type: LOCAL GATHER dop: 1/16)", "Parent Relationship": "Outer", "Startup Cost": 271604.22, "Total Cost": 271604.25, "Plan Rows": 1, "Plan Width": 97, "Actual Min Startup Time": 2173.197, "Actual Max Startup Time": 2173.197, "Actual Min Total Time": 2174.438, "Actual Max Total Time": 2174.438, "Actual Total Rows": 16, "Plans": [{"Node Type": "Aggregate", "Strategy": "Plain", "Parent Relationship": "Outer", "Startup Cost": 271604.22, "Total Cost": 271604.23, "Plan Rows": 1, "Plan Width": 97, "Actual Min Startup Time": 1803.512, "Actual Max Startup Time": 2012.607, "Actual Min Total Time": 1803.512, "Actual Max Total Time": 2012.607, "Actual Total Rows": 16, "Plans": [{"Node Type": "Hash Join", "Parent Relationship": "Outer", "Join Type": "Inner", "Startup Cost": 144835.24, "Total Cost": 266757.16, "Plan Rows": 969413, "Plan Width": 33, "Actual Min Startup Time": 1803.506, "Actual Max Startup Time": 2012.599, "Actual Min Total Time": 1803.506, "Actual Max Total Time": 2012.599, "Actual Total Rows": 4, "Inner Unique": true, "Hash Cond": "(mc.movie_id = t.id), (LLVM Optimized, Jit Execute)", "Plans": [{"Node Type": "Streaming(type: LOCAL REDISTRIBUTE dop: 16/16)", "Parent Relationship": "Outer", "Startup Cost": 133275.0, "Total Cost": 254427.04, "Plan Rows": 699731, "Plan Width": 24, "Actual Min Startup Time": 1539.112, "Actual Max Startup Time": 1540.672, "Actual Min Total Time": 1540.566, "Actual Max Total Time": 1540.672, "Actual Total Rows": 6, "Plans": [{"Node Type": "Hash Join", "Parent Relationship": "Outer", "Join Type": "Inner", "Startup Cost": 133275.0, "Total Cost": 236775.71, "Plan Rows": 699731, "Plan Width": 24, "Actual Min Startup Time": 1800.076, "Actual Max Startup Time": 1996.771, "Actual Min Total Time": 1800.076, "Actual Max Total Time": 1996.771, "Actual Total Rows": 6, "Inner Unique": true, "Hash Cond": "(mc.company_type_id = ct.id), (LLVM Optimized, Jit Execute)", "Plans": [{"Node Type": "Hash Join", "Parent Relationship": "Outer", "Join Type": "Inner", "Startup Cost": 118272.9, "Total Cost": 221172.28, "Plan Rows": 699731, "Plan Width": 28, "Actual Min Startup Time": 1798.629, "Actual Max Startup Time": 1995.334, "Actual Min Total Time": 1798.629, "Actual Max Total Time": 1995.334, "Actual Total Rows": 14, "Inner Unique": true, "Hash Cond": "(ci.person_role_id = chn.id), (LLVM Optimized, Jit Execute)", "Plans": [{"Node Type": "Streaming(type: LOCAL REDISTRIBUTE dop: 16/16)", "Parent Relationship": "Outer", "Startup Cost": 104290.19, "Total Cost": 206413.94, "Plan Rows": 1443440, "Plan Width": 16, "Actual Min Startup Time": 249.791, "Actual Max Startup Time": 1381.119, "Actual Min Total Time": 1250.62, "Actual Max Total Time": 1381.119, "Actual Total Rows": 1210267, "Plans": [{"Node Type": "Hash Join", "Parent Relationship": "Outer", "Join Type": "Inner", "Startup Cost": 104290.19, "Total Cost": 185944.65, "Plan Rows": 1443440, "Plan Width": 16, "Actual Min Startup Time": 675.237, "Actual Max Startup Time": 871.852, "Actual Min Total Time": 1272.7, "Actual Max Total Time": 1501.609, "Actual Total Rows": 1210267, "Inner Unique": false, "Hash Cond": "(ci.movie_id = mc.movie_id), (LLVM Optimized, Jit Execute)", "Plans": [{"Node Type": "Streaming(type: LOCAL REDISTRIBUTE dop: 16/16)", "Parent Relationship": "Outer", "Startup Cost": 15005.41, "Total Cost": 94859.97, "Plan Rows": 1436424, "Plan Width": 8, "Actual Min Startup Time": 0.06, "Actual Max Startup Time": 3.768, "Actual Min Total Time": 546.912, "Actual Max Total Time": 583.512, "Actual Total Rows": 1435439, "Plans": [{"Node Type": "Hash Join", "Parent Relationship": "Outer", "Join Type": "Inner", "Startup Cost": 15005.41, "Total Cost": 74417.27, "Plan Rows": 1436424, "Plan Width": 8, "Actual Min Startup Time": 44.696, "Actual Max Startup Time": 357.961, "Actual Min Total Time": 754.774, "Actual Max Total Time": 806.064, "Actual Total Rows": 1435439, "Inner Unique": true, "Hash Cond": "(ci.role_id = rt.id), (LLVM Optimized, Jit Execute)", "Plans": [{"Node Type": "Seq Scan", "Parent Relationship": "Outer", "Relation Name": "cast_info", "Alias": "ci", "Startup Cost": 0.0, "Total Cost": 58282.92, "Plan Rows": 1436424, "Plan Width": 12, "Actual Min Startup Time": 44.599, "Actual Max Startup Time": 357.822, "Actual Min Total Time": 710.585, "Actual Max Total Time": 748.368, "Actual Total Rows": 1435439, "Filter": "((note)::text ~~ '%(producer)%'::text), (LLVM Optimized, Jit Execute)", "Rows Removed by Filter": 34808904}, {"Node Type": "Hash", "Parent Relationship": "Inner", "Startup Cost": 15005.26, "Total Cost": 15005.26, "Plan Rows": 192, "Plan Width": 4, "Actual Min Startup Time": 0.018, "Actual Max Startup Time": 46.807, "Actual Min Total Time": 0.018, "Actual Max Total Time": 46.807, "Actual Total Rows": 192, "Max Hash Buckets": 32768, "Min Hash Buckets": 32768, "Max Hash Batches": 1, "Min Hash Batches": 1, "Max Original Hash Batches": 1, "Min Original Hash Batches": 1, "Max Peak Memory Usage": 1, "min Peak Memory Usage": 1, "Plans": [{"Node Type": "Streaming(type: BROADCAST dop: 16/1)", "Parent Relationship": "Outer", "Startup Cost": 0.0, "Total Cost": 15005.26, "Plan Rows": 192, "Plan Width": 4, "Actual Min Startup Time": 0.006, "Actual Max Startup Time": 42.649, "Actual Min Total Time": 0.007, "Actual Max Total Time": 42.651, "Actual Total Rows": 192, "Plans": [{"Node Type": "Seq Scan", "Parent Relationship": "Outer", "Relation Name": "role_type", "Alias": "rt", "Startup Cost": 0.0, "Total Cost": 1.12, "Plan Rows": 12, "Plan Width": 4, "Actual Min Startup Time": 0.013, "Actual Max Startup Time": 0.013, "Actual Min Total Time": 0.017, "Actual Max Total Time": 0.017, "Actual Total Rows": 12}]}]}]}]}, {"Node Type": "Hash", "Parent Relationship": "Inner", "Startup Cost": 88282.97, "Total Cost": 88282.97, "Plan Rows": 1282311, "Plan Width": 8, "Actual Min Startup Time": 674.911, "Actual Max Startup Time": 871.504, "Actual Min Total Time": 674.911, "Actual Max Total Time": 871.504, "Actual Total Rows": 1153797, "Max Hash Buckets": 131072, "Min Hash Buckets": 131072, "Max Hash Batches": 1, "Min Hash Batches": 1, "Max Original Hash Batches": 1, "Min Original Hash Batches": 1, "Max Peak Memory Usage": 2824, "min Peak Memory Usage": 2824, "Plans": [{"Node Type": "Streaming(type: LOCAL REDISTRIBUTE dop: 16/16)", "Parent Relationship": "Outer", "Startup Cost": 24511.53, "Total Cost": 88282.97, "Plan Rows": 1282311, "Plan Width": 8, "Actual Min Startup Time": 165.521, "Actual Max Startup Time": 362.413, "Actual Min Total Time": 648.186, "Actual Max Total Time": 846.134, "Actual Total Rows": 1153797, "Plans": [{"Node Type": "Hash Join", "Parent Relationship": "Outer", "Join Type": "Inner", "Startup Cost": 24511.53, "Total Cost": 68424.21, "Plan Rows": 1282311, "Plan Width": 8, "Actual Min Startup Time": 157.625, "Actual Max Startup Time": 309.504, "Actual Min Total Time": 514.764, "Actual Max Total Time": 746.156, "Actual Total Rows": 1153797, "Inner Unique": true, "Hash Cond": "(mc.company_id = cn.id), (LLVM Optimized, Jit Execute)", "Plans": [{"Node Type": "Streaming(type: LOCAL REDISTRIBUTE dop: 16/16)", "Parent Relationship": "Outer", "Startup Cost": 0.0, "Total Cost": 42499.73, "Plan Rows": 2609128, "Plan Width": 12, "Actual Min Startup Time": 0.065, "Actual Max Startup Time": 1.561, "Actual Min Total Time": 285.138, "Actual Max Total Time": 396.063, "Actual Total Rows": 2609128, "Plans": [{"Node Type": "Seq Scan", "Parent Relationship": "Outer", "Relation Name": "movie_companies", "Alias": "mc", "Startup Cost": 0.0, "Total Cost": 17613.58, "Plan Rows": 2609128, "Plan Width": 12, "Actual Min Startup Time": 0.025, "Actual Max Startup Time": 0.05, "Actual Min Total Time": 41.101, "Actual Max Total Time": 52.364, "Actual Total Rows": 2609128}]}, {"Node Type": "Hash", "Parent Relationship": "Inner", "Startup Cost": 24444.99, "Total Cost": 24444.99, "Plan Rows": 85170, "Plan Width": 4, "Actual Min Startup Time": 156.603, "Actual Max Startup Time": 309.356, "Actual Min Total Time": 156.603, "Actual Max Total Time": 309.356, "Actual Total Rows": 84843, "Max Hash Buckets": 32768, "Min Hash Buckets": 32768, "Max Hash Batches": 1, "Min Hash Batches": 1, "Max Original Hash Batches": 1, "Min Original Hash Batches": 1, "Max Peak Memory Usage": 182, "min Peak Memory Usage": 182, "Plans": [{"Node Type": "Streaming(type: LOCAL REDISTRIBUTE dop: 16/1)", "Parent Relationship": "Outer", "Startup Cost": 0.0, "Total Cost": 24444.99, "Plan Rows": 85170, "Plan Width": 4, "Actual Min Startup Time": 0.036, "Actual Max Startup Time": 144.9, "Actual Min Total Time": 154.794, "Actual Max Total Time": 307.673, "Actual Total Rows": 84843, "Plans": [{"Node Type": "Seq Scan", "Parent Relationship": "Outer", "Relation Name": "company_name", "Alias": "cn", "Startup Cost": 0.0, "Total Cost": 5903.45, "Plan Rows": 85170, "Plan Width": 4, "Actual Min Startup Time": 0.073, "Actual Max Startup Time": 0.073, "Actual Min Total Time": 90.6, "Actual Max Total Time": 90.6, "Actual Total Rows": 84843, "Filter": "((country_code)::text = '[us]'::text)", "Rows Removed by Filter": 150153}]}]}]}]}]}]}]}, {"Node Type": "Hash", "Parent Relationship": "Inner", "Startup Cost": 46117.27, "Total Cost": 46117.27, "Plan Rows": 3140338, "Plan Width": 20, "Actual Min Startup Time": 417.263, "Actual Max Startup Time": 613.937, "Actual Min Total Time": 417.263, "Actual Max Total Time": 613.937, "Actual Total Rows": 3140338, "Max Hash Buckets": 262144, "Min Hash Buckets": 262144, "Max Hash Batches": 1, "Min Hash Batches": 1, "Max Original Hash Batches": 1, "Min Original Hash Batches": 1, "Max Peak Memory Usage": 10347, "min Peak Memory Usage": 10347, "Plans": [{"Node Type": "Streaming(type: LOCAL REDISTRIBUTE dop: 16/16)", "Parent Relationship": "Outer", "Startup Cost": 0.0, "Total Cost": 46117.27, "Plan Rows": 3140338, "Plan Width": 20, "Actual Min Startup Time": 0.051, "Actual Max Startup Time": 41.823, "Actual Min Total Time": 335.206, "Actual Max Total Time": 532.902, "Actual Total Rows": 3140338, "Plans": [{"Node Type": "Seq Scan", "Parent Relationship": "Outer", "Relation Name": "char_name", "Alias": "chn", "Startup Cost": 0.0, "Total Cost": 19218.34, "Plan Rows": 3140338, "Plan Width": 20, "Actual Min Startup Time": 0.019, "Actual Max Startup Time": 0.062, "Actual Min Total Time": 57.374, "Actual Max Total Time": 66.634, "Actual Total Rows": 3140338}]}]}]}, {"Node Type": "Hash", "Parent Relationship": "Inner", "Startup Cost": 15002.07, "Total Cost": 15002.07, "Plan Rows": 48, "Plan Width": 4, "Actual Min Startup Time": 0.008, "Actual Max Startup Time": 0.021, "Actual Min Total Time": 0.008, "Actual Max Total Time": 0.021, "Actual Total Rows": 48, "Max Hash Buckets": 32768, "Min Hash Buckets": 32768, "Max Hash Batches": 1, "Min Hash Batches": 1, "Max Original Hash Batches": 1, "Min Original Hash Batches": 1, "Max Peak Memory Usage": 1, "min Peak Memory Usage": 1, "Plans": [{"Node Type": "Streaming(type: BROADCAST dop: 16/1)", "Parent Relationship": "Outer", "Startup Cost": 0.0, "Total Cost": 15002.07, "Plan Rows": 48, "Plan Width": 4, "Actual Min Startup Time": 0.004, "Actual Max Startup Time": 0.012, "Actual Min Total Time": 0.004, "Actual Max Total Time": 0.013, "Actual Total Rows": 48, "Plans": [{"Node Type": "Seq Scan", "Parent Relationship": "Outer", "Relation Name": "company_type", "Alias": "ct", "Startup Cost": 0.0, "Total Cost": 1.03, "Plan Rows": 3, "Plan Width": 4, "Actual Min Startup Time": 0.019, "Actual Max Startup Time": 0.019, "Actual Min Total Time": 0.021, "Actual Max Total Time": 0.021, "Actual Total Rows": 3}]}]}]}]}, {"Node Type": "Hash", "Parent Relationship": "Inner", "Startup Cost": 40775.83, "Total Cost": 40775.83, "Plan Rows": 1748840, "Plan Width": 21, "Actual Min Startup Time": 262.767, "Actual Max Startup Time": 471.782, "Actual Min Total Time": 262.767, "Actual Max Total Time": 471.782, "Actual Total Rows": 1749032, "Max Hash Buckets": 131072, "Min Hash Buckets": 131072, "Max Hash Batches": 1, "Min Hash Batches": 1, "Max Original Hash Batches": 1, "Min Original Hash Batches": 1, "Max Peak Memory Usage": 5875, "min Peak Memory Usage": 5875, "Plans": [{"Node Type": "Streaming(type: LOCAL REDISTRIBUTE dop: 16/16)", "Parent Relationship": "Outer", "Startup Cost": 0.0, "Total Cost": 40775.83, "Plan Rows": 1748840, "Plan Width": 21, "Actual Min Startup Time": 0.053, "Actual Max Startup Time": 123.387, "Actual Min Total Time": 228.641, "Actual Max Total Time": 434.39, "Actual Total Rows": 1749032, "Plans": [{"Node Type": "Seq Scan", "Parent Relationship": "Outer", "Relation Name": "title", "Alias": "t", "Startup Cost": 0.0, "Total Cost": 19149.37, "Plan Rows": 1748840, "Plan Width": 21, "Actual Min Startup Time": 0.03, "Actual Max Startup Time": 0.055, "Actual Min Total Time": 63.776, "Actual Max Total Time": 72.406, "Actual Total Rows": 1749032, "Filter": "(production_year > 1990), (LLVM Optimized, Jit Execute)", "Rows Removed by Filter": 779279}]}]}]}]}]}]}, "Triggers": [], "Planner Runtime": 79.462, "Total Runtime": 2215.31, "Unique SQL Id": 3145361615}}, "(16, 99)": {"explain_plan": {"Plan": {"Node Type": "Aggregate", "Strategy": "Plain", "Startup Cost": 1963906.79, "Total Cost": 1963906.8, "Plan Rows": 1, "Plan Width": 97, "Plans": [{"Node Type": "Hash Join", "Parent Relationship": "Outer", "Join Type": "Inner", "Startup Cost": 1218973.64, "Total Cost": 1959059.72, "Plan Rows": 969413, "Plan Width": 33, "Inner Unique": true, "Hash Cond": "(mc.company_type_id = ct.id), (LLVM Optimized)", "Plans": [{"Node Type": "Hash Join", "Parent Relationship": "Outer", "Join Type": "Inner", "Startup Cost": 1218961.31, "Total Cost": 1945717.96, "Plan Rows": 969413, "Plan Width": 37, "Inner Unique": false, "Hash Cond": "(ci.movie_id = t.id), (LLVM Optimized)", "Plans": [{"Node Type": "Hash Join", "Parent Relationship": "Outer", "Join Type": "Inner", "Startup Cost": 909656.04, "Total Cost": 1624107.14, "Plan Rows": 696330, "Plan Width": 20, "Inner Unique": true, "Hash Cond": "(ci.role_id = rt.id), (LLVM Optimized)", "Plans": [{"Node Type": "Hash Join", "Parent Relationship": "Outer", "Join Type": "Inner", "Startup Cost": 909643.46, "Total Cost": 1614520.02, "Plan Rows": 696330, "Plan Width": 24, "Inner Unique": true, "Hash Cond": "(ci.person_role_id = chn.id), (LLVM Optimized)", "Plans": [{"Node Type": "Bitmap Heap Scan", "Parent Relationship": "Outer", "Relation Name": "cast_info", "Alias": "ci", "Startup Cost": 739944.83, "Total Cost": 1432471.5, "Plan Rows": 1436424, "Plan Width": 12, "Filter": "((note)::text ~~ '%(producer)%'::text), (LLVM Optimized)", "Plans": [{"Node Type": "Bitmap Index Scan", "Parent Relationship": "Outer", "Index Name": "person_role_id_cast_info", "Startup Cost": 0.0, "Total Cost": 739585.72, "Plan Rows": 36259494, "Plan Width": 0}]}, {"Node Type": "Hash", "Parent Relationship": "Inner", "Startup Cost": 130444.4, "Total Cost": 130444.4, "Plan Rows": 3140338, "Plan Width": 20, "Plans": [{"Node Type": "Bitmap Heap Scan", "Parent Relationship": "Outer", "Relation Name": "char_name", "Alias": "chn", "Startup Cost": 62951.02, "Total Cost": 130444.4, "Plan Rows": 3140338, "Plan Width": 20, "Plans": [{"Node Type": "Bitmap Index Scan", "Parent Relationship": "Outer", "Index Name": "char_name_pkey", "Startup Cost": 0.0, "Total Cost": 62165.94, "Plan Rows": 3140338, "Plan Width": 0}]}]}]}, {"Node Type": "Hash", "Parent Relationship": "Inner", "Startup Cost": 12.43, "Total Cost": 12.43, "Plan Rows": 12, "Plan Width": 4, "Plans": [{"Node Type": "Bitmap Heap Scan", "Parent Relationship": "Outer", "Relation Name": "role_type", "Alias": "rt", "Startup Cost": 8.31, "Total Cost": 12.43, "Plan Rows": 12, "Plan Width": 4, "Plans": [{"Node Type": "Bitmap Index Scan", "Parent Relationship": "Outer", "Index Name": "role_type_pkey", "Startup Cost": 0.0, "Total Cost": 8.31, "Plan Rows": 12, "Plan Width": 0}]}]}]}, {"Node Type": "Hash", "Parent Relationship": "Inner", "Startup Cost": 287098.71, "Total Cost": 287098.71, "Plan Rows": 1776525, "Plan Width": 29, "Plans": [{"Node Type": "Hash Join", "Parent Relationship": "Outer", "Join Type": "Inner", "Startup Cost": 200100.17, "Total Cost": 287098.71, "Plan Rows": 1776525, "Plan Width": 29, "Inner Unique": true, "Hash Cond": "(mc.movie_id = t.id), (LLVM Optimized)", "Plans": [{"Node Type": "Hash Join", "Parent Relationship": "Outer", "Join Type": "Inner", "Startup Cost": 61758.77, "Total Cost": 126183.39, "Plan Rows": 1282311, "Plan Width": 8, "Inner Unique": true, "Hash Cond": "(mc.company_id = cn.id), (LLVM Optimized)", "Plans": [{"Node Type": "Bitmap Heap Scan", "Parent Relationship": "Outer", "Relation Name": "movie_companies", "Alias": "mc", "Startup Cost": 51990.17, "Total Cost": 93807.45, "Plan Rows": 2609128, "Plan Width": 12, "Plans": [{"Node Type": "Bitmap Index Scan", "Parent Relationship": "Outer", "Index Name": "movie_id_movie_companies", "Startup Cost": 0.0, "Total Cost": 51337.89, "Plan Rows": 2609128, "Plan Width": 0}]}, {"Node Type": "Hash", "Parent Relationship": "Inner", "Startup Cost": 8703.97, "Total Cost": 8703.97, "Plan Rows": 85170, "Plan Width": 4, "Plans": [{"Node Type": "Bitmap Heap Scan", "Parent Relationship": "Outer", "Relation Name": "company_name", "Alias": "cn", "Startup Cost": 2800.52, "Total Cost": 8703.97, "Plan Rows": 85170, "Plan Width": 4, "Filter": "((country_code)::text = '[us]'::text)", "Plans": [{"Node Type": "Bitmap Index Scan", "Parent Relationship": "Outer", "Index Name": "company_name_pkey", "Startup Cost": 0.0, "Total Cost": 2779.23, "Plan Rows": 234996, "Plan Width": 0}]}]}]}, {"Node Type": "Hash", "Parent Relationship": "Inner", "Startup Cost": 116480.9, "Total Cost": 116480.9, "Plan Rows": 1748840, "Plan Width": 21, "Plans": [{"Node Type": "Bitmap Heap Scan", "Parent Relationship": "Outer", "Relation Name": "title", "Alias": "t", "Startup Cost": 50091.01, "Total Cost": 116480.9, "Plan Rows": 1748840, "Plan Width": 21, "Filter": "(production_year > 1990), (LLVM Optimized)", "Plans": [{"Node Type": "Bitmap Index Scan", "Parent Relationship": "Outer", "Index Name": "title_pkey", "Startup Cost": 0.0, "Total Cost": 49653.81, "Plan Rows": 2528311, "Plan Width": 0}]}]}]}]}]}, {"Node Type": "Hash", "Parent Relationship": "Inner", "Startup Cost": 12.3, "Total Cost": 12.3, "Plan Rows": 3, "Plan Width": 4, "Plans": [{"Node Type": "Bitmap Heap Scan", "Parent Relationship": "Outer", "Relation Name": "company_type", "Alias": "ct", "Startup Cost": 8.27, "Total Cost": 12.3, "Plan Rows": 3, "Plan Width": 4, "Plans": [{"Node Type": "Bitmap Index Scan", "Parent Relationship": "Outer", "Index Name": "company_type_pkey", "Startup Cost": 0.0, "Total Cost": 8.27, "Plan Rows": 3, "Plan Width": 0}]}]}]}]}, "Unique SQL Id": 3145361615}, "explain_analyze_plan": null}, "(16, 100)": {"explain_plan": {"Plan": {"Node Type": "Aggregate", "Strategy": "Plain", "Startup Cost": 271604.22, "Total Cost": 271604.25, "Plan Rows": 1, "Plan Width": 97, "Plans": [{"Node Type": "Streaming(type: LOCAL GATHER dop: 1/16)", "Parent Relationship": "Outer", "Startup Cost": 271604.22, "Total Cost": 271604.25, "Plan Rows": 1, "Plan Width": 97, "Plans": [{"Node Type": "Aggregate", "Strategy": "Plain", "Parent Relationship": "Outer", "Startup Cost": 271604.22, "Total Cost": 271604.23, "Plan Rows": 1, "Plan Width": 97, "Plans": [{"Node Type": "Hash Join", "Parent Relationship": "Outer", "Join Type": "Inner", "Startup Cost": 144835.24, "Total Cost": 266757.16, "Plan Rows": 969413, "Plan Width": 33, "Inner Unique": true, "Hash Cond": "(mc.movie_id = t.id), (LLVM Optimized)", "Plans": [{"Node Type": "Streaming(type: LOCAL REDISTRIBUTE dop: 16/16)", "Parent Relationship": "Outer", "Startup Cost": 133275.0, "Total Cost": 254427.04, "Plan Rows": 699731, "Plan Width": 24, "Plans": [{"Node Type": "Hash Join", "Parent Relationship": "Outer", "Join Type": "Inner", "Startup Cost": 133275.0, "Total Cost": 236775.71, "Plan Rows": 699731, "Plan Width": 24, "Inner Unique": true, "Hash Cond": "(mc.company_type_id = ct.id), (LLVM Optimized)", "Plans": [{"Node Type": "Hash Join", "Parent Relationship": "Outer", "Join Type": "Inner", "Startup Cost": 118272.9, "Total Cost": 221172.28, "Plan Rows": 699731, "Plan Width": 28, "Inner Unique": true, "Hash Cond": "(ci.person_role_id = chn.id), (LLVM Optimized)", "Plans": [{"Node Type": "Streaming(type: LOCAL REDISTRIBUTE dop: 16/16)", "Parent Relationship": "Outer", "Startup Cost": 104290.19, "Total Cost": 206413.94, "Plan Rows": 1443440, "Plan Width": 16, "Plans": [{"Node Type": "Hash Join", "Parent Relationship": "Outer", "Join Type": "Inner", "Startup Cost": 104290.19, "Total Cost": 185944.65, "Plan Rows": 1443440, "Plan Width": 16, "Inner Unique": false, "Hash Cond": "(ci.movie_id = mc.movie_id), (LLVM Optimized)", "Plans": [{"Node Type": "Streaming(type: LOCAL REDISTRIBUTE dop: 16/16)", "Parent Relationship": "Outer", "Startup Cost": 15005.41, "Total Cost": 94859.97, "Plan Rows": 1436424, "Plan Width": 8, "Plans": [{"Node Type": "Hash Join", "Parent Relationship": "Outer", "Join Type": "Inner", "Startup Cost": 15005.41, "Total Cost": 74417.27, "Plan Rows": 1436424, "Plan Width": 8, "Inner Unique": true, "Hash Cond": "(ci.role_id = rt.id), (LLVM Optimized)", "Plans": [{"Node Type": "Seq Scan", "Parent Relationship": "Outer", "Relation Name": "cast_info", "Alias": "ci", "Startup Cost": 0.0, "Total Cost": 58282.92, "Plan Rows": 1436424, "Plan Width": 12, "Filter": "((note)::text ~~ '%(producer)%'::text), (LLVM Optimized)"}, {"Node Type": "Hash", "Parent Relationship": "Inner", "Startup Cost": 15005.26, "Total Cost": 15005.26, "Plan Rows": 192, "Plan Width": 4, "Plans": [{"Node Type": "Streaming(type: BROADCAST dop: 16/1)", "Parent Relationship": "Outer", "Startup Cost": 0.0, "Total Cost": 15005.26, "Plan Rows": 192, "Plan Width": 4, "Plans": [{"Node Type": "Seq Scan", "Parent Relationship": "Outer", "Relation Name": "role_type", "Alias": "rt", "Startup Cost": 0.0, "Total Cost": 1.12, "Plan Rows": 12, "Plan Width": 4}]}]}]}]}, {"Node Type": "Hash", "Parent Relationship": "Inner", "Startup Cost": 88282.97, "Total Cost": 88282.97, "Plan Rows": 1282311, "Plan Width": 8, "Plans": [{"Node Type": "Streaming(type: LOCAL REDISTRIBUTE dop: 16/16)", "Parent Relationship": "Outer", "Startup Cost": 24511.53, "Total Cost": 88282.97, "Plan Rows": 1282311, "Plan Width": 8, "Plans": [{"Node Type": "Hash Join", "Parent Relationship": "Outer", "Join Type": "Inner", "Startup Cost": 24511.53, "Total Cost": 68424.21, "Plan Rows": 1282311, "Plan Width": 8, "Inner Unique": true, "Hash Cond": "(mc.company_id = cn.id), (LLVM Optimized)", "Plans": [{"Node Type": "Streaming(type: LOCAL REDISTRIBUTE dop: 16/16)", "Parent Relationship": "Outer", "Startup Cost": 0.0, "Total Cost": 42499.73, "Plan Rows": 2609128, "Plan Width": 12, "Plans": [{"Node Type": "Seq Scan", "Parent Relationship": "Outer", "Relation Name": "movie_companies", "Alias": "mc", "Startup Cost": 0.0, "Total Cost": 17613.58, "Plan Rows": 2609128, "Plan Width": 12}]}, {"Node Type": "Hash", "Parent Relationship": "Inner", "Startup Cost": 24444.99, "Total Cost": 24444.99, "Plan Rows": 85170, "Plan Width": 4, "Plans": [{"Node Type": "Streaming(type: LOCAL REDISTRIBUTE dop: 16/1)", "Parent Relationship": "Outer", "Startup Cost": 0.0, "Total Cost": 24444.99, "Plan Rows": 85170, "Plan Width": 4, "Plans": [{"Node Type": "Seq Scan", "Parent Relationship": "Outer", "Relation Name": "company_name", "Alias": "cn", "Startup Cost": 0.0, "Total Cost": 5903.45, "Plan Rows": 85170, "Plan Width": 4, "Filter": "((country_code)::text = '[us]'::text)"}]}]}]}]}]}]}]}, {"Node Type": "Hash", "Parent Relationship": "Inner", "Startup Cost": 46117.27, "Total Cost": 46117.27, "Plan Rows": 3140338, "Plan Width": 20, "Plans": [{"Node Type": "Streaming(type: LOCAL REDISTRIBUTE dop: 16/16)", "Parent Relationship": "Outer", "Startup Cost": 0.0, "Total Cost": 46117.27, "Plan Rows": 3140338, "Plan Width": 20, "Plans": [{"Node Type": "Seq Scan", "Parent Relationship": "Outer", "Relation Name": "char_name", "Alias": "chn", "Startup Cost": 0.0, "Total Cost": 19218.34, "Plan Rows": 3140338, "Plan Width": 20}]}]}]}, {"Node Type": "Hash", "Parent Relationship": "Inner", "Startup Cost": 15002.07, "Total Cost": 15002.07, "Plan Rows": 48, "Plan Width": 4, "Plans": [{"Node Type": "Streaming(type: BROADCAST dop: 16/1)", "Parent Relationship": "Outer", "Startup Cost": 0.0, "Total Cost": 15002.07, "Plan Rows": 48, "Plan Width": 4, "Plans": [{"Node Type": "Seq Scan", "Parent Relationship": "Outer", "Relation Name": "company_type", "Alias": "ct", "Startup Cost": 0.0, "Total Cost": 1.03, "Plan Rows": 3, "Plan Width": 4}]}]}]}]}, {"Node Type": "Hash", "Parent Relationship": "Inner", "Startup Cost": 40775.83, "Total Cost": 40775.83, "Plan Rows": 1748840, "Plan Width": 21, "Plans": [{"Node Type": "Streaming(type: LOCAL REDISTRIBUTE dop: 16/16)", "Parent Relationship": "Outer", "Startup Cost": 0.0, "Total Cost": 40775.83, "Plan Rows": 1748840, "Plan Width": 21, "Plans": [{"Node Type": "Seq Scan", "Parent Relationship": "Outer", "Relation Name": "title", "Alias": "t", "Startup Cost": 0.0, "Total Cost": 19149.37, "Plan Rows": 1748840, "Plan Width": 21, "Filter": "(production_year > 1990), (LLVM Optimized)"}]}]}]}]}]}]}, "Unique SQL Id": 3145361615}, "explain_analyze_plan": {"Plan": {"Node Type": "Aggregate", "Strategy": "Plain", "Startup Cost": 271604.22, "Total Cost": 271604.25, "Plan Rows": 1, "Plan Width": 97, "Actual Min Startup Time": 2174.468, "Actual Max Startup Time": 2174.468, "Actual Min Total Time": 2174.468, "Actual Max Total Time": 2174.468, "Actual Total Rows": 1, "Plans": [{"Node Type": "Streaming(type: LOCAL GATHER dop: 1/16)", "Parent Relationship": "Outer", "Startup Cost": 271604.22, "Total Cost": 271604.25, "Plan Rows": 1, "Plan Width": 97, "Actual Min Startup Time": 2173.197, "Actual Max Startup Time": 2173.197, "Actual Min Total Time": 2174.438, "Actual Max Total Time": 2174.438, "Actual Total Rows": 16, "Plans": [{"Node Type": "Aggregate", "Strategy": "Plain", "Parent Relationship": "Outer", "Startup Cost": 271604.22, "Total Cost": 271604.23, "Plan Rows": 1, "Plan Width": 97, "Actual Min Startup Time": 1803.512, "Actual Max Startup Time": 2012.607, "Actual Min Total Time": 1803.512, "Actual Max Total Time": 2012.607, "Actual Total Rows": 16, "Plans": [{"Node Type": "Hash Join", "Parent Relationship": "Outer", "Join Type": "Inner", "Startup Cost": 144835.24, "Total Cost": 266757.16, "Plan Rows": 969413, "Plan Width": 33, "Actual Min Startup Time": 1803.506, "Actual Max Startup Time": 2012.599, "Actual Min Total Time": 1803.506, "Actual Max Total Time": 2012.599, "Actual Total Rows": 4, "Inner Unique": true, "Hash Cond": "(mc.movie_id = t.id), (LLVM Optimized, Jit Execute)", "Plans": [{"Node Type": "Streaming(type: LOCAL REDISTRIBUTE dop: 16/16)", "Parent Relationship": "Outer", "Startup Cost": 133275.0, "Total Cost": 254427.04, "Plan Rows": 699731, "Plan Width": 24, "Actual Min Startup Time": 1539.112, "Actual Max Startup Time": 1540.672, "Actual Min Total Time": 1540.566, "Actual Max Total Time": 1540.672, "Actual Total Rows": 6, "Plans": [{"Node Type": "Hash Join", "Parent Relationship": "Outer", "Join Type": "Inner", "Startup Cost": 133275.0, "Total Cost": 236775.71, "Plan Rows": 699731, "Plan Width": 24, "Actual Min Startup Time": 1800.076, "Actual Max Startup Time": 1996.771, "Actual Min Total Time": 1800.076, "Actual Max Total Time": 1996.771, "Actual Total Rows": 6, "Inner Unique": true, "Hash Cond": "(mc.company_type_id = ct.id), (LLVM Optimized, Jit Execute)", "Plans": [{"Node Type": "Hash Join", "Parent Relationship": "Outer", "Join Type": "Inner", "Startup Cost": 118272.9, "Total Cost": 221172.28, "Plan Rows": 699731, "Plan Width": 28, "Actual Min Startup Time": 1798.629, "Actual Max Startup Time": 1995.334, "Actual Min Total Time": 1798.629, "Actual Max Total Time": 1995.334, "Actual Total Rows": 14, "Inner Unique": true, "Hash Cond": "(ci.person_role_id = chn.id), (LLVM Optimized, Jit Execute)", "Plans": [{"Node Type": "Streaming(type: LOCAL REDISTRIBUTE dop: 16/16)", "Parent Relationship": "Outer", "Startup Cost": 104290.19, "Total Cost": 206413.94, "Plan Rows": 1443440, "Plan Width": 16, "Actual Min Startup Time": 249.791, "Actual Max Startup Time": 1381.119, "Actual Min Total Time": 1250.62, "Actual Max Total Time": 1381.119, "Actual Total Rows": 1210267, "Plans": [{"Node Type": "Hash Join", "Parent Relationship": "Outer", "Join Type": "Inner", "Startup Cost": 104290.19, "Total Cost": 185944.65, "Plan Rows": 1443440, "Plan Width": 16, "Actual Min Startup Time": 675.237, "Actual Max Startup Time": 871.852, "Actual Min Total Time": 1272.7, "Actual Max Total Time": 1501.609, "Actual Total Rows": 1210267, "Inner Unique": false, "Hash Cond": "(ci.movie_id = mc.movie_id), (LLVM Optimized, Jit Execute)", "Plans": [{"Node Type": "Streaming(type: LOCAL REDISTRIBUTE dop: 16/16)", "Parent Relationship": "Outer", "Startup Cost": 15005.41, "Total Cost": 94859.97, "Plan Rows": 1436424, "Plan Width": 8, "Actual Min Startup Time": 0.06, "Actual Max Startup Time": 3.768, "Actual Min Total Time": 546.912, "Actual Max Total Time": 583.512, "Actual Total Rows": 1435439, "Plans": [{"Node Type": "Hash Join", "Parent Relationship": "Outer", "Join Type": "Inner", "Startup Cost": 15005.41, "Total Cost": 74417.27, "Plan Rows": 1436424, "Plan Width": 8, "Actual Min Startup Time": 44.696, "Actual Max Startup Time": 357.961, "Actual Min Total Time": 754.774, "Actual Max Total Time": 806.064, "Actual Total Rows": 1435439, "Inner Unique": true, "Hash Cond": "(ci.role_id = rt.id), (LLVM Optimized, Jit Execute)", "Plans": [{"Node Type": "Seq Scan", "Parent Relationship": "Outer", "Relation Name": "cast_info", "Alias": "ci", "Startup Cost": 0.0, "Total Cost": 58282.92, "Plan Rows": 1436424, "Plan Width": 12, "Actual Min Startup Time": 44.599, "Actual Max Startup Time": 357.822, "Actual Min Total Time": 710.585, "Actual Max Total Time": 748.368, "Actual Total Rows": 1435439, "Filter": "((note)::text ~~ '%(producer)%'::text), (LLVM Optimized, Jit Execute)", "Rows Removed by Filter": 34808904}, {"Node Type": "Hash", "Parent Relationship": "Inner", "Startup Cost": 15005.26, "Total Cost": 15005.26, "Plan Rows": 192, "Plan Width": 4, "Actual Min Startup Time": 0.018, "Actual Max Startup Time": 46.807, "Actual Min Total Time": 0.018, "Actual Max Total Time": 46.807, "Actual Total Rows": 192, "Max Hash Buckets": 32768, "Min Hash Buckets": 32768, "Max Hash Batches": 1, "Min Hash Batches": 1, "Max Original Hash Batches": 1, "Min Original Hash Batches": 1, "Max Peak Memory Usage": 1, "min Peak Memory Usage": 1, "Plans": [{"Node Type": "Streaming(type: BROADCAST dop: 16/1)", "Parent Relationship": "Outer", "Startup Cost": 0.0, "Total Cost": 15005.26, "Plan Rows": 192, "Plan Width": 4, "Actual Min Startup Time": 0.006, "Actual Max Startup Time": 42.649, "Actual Min Total Time": 0.007, "Actual Max Total Time": 42.651, "Actual Total Rows": 192, "Plans": [{"Node Type": "Seq Scan", "Parent Relationship": "Outer", "Relation Name": "role_type", "Alias": "rt", "Startup Cost": 0.0, "Total Cost": 1.12, "Plan Rows": 12, "Plan Width": 4, "Actual Min Startup Time": 0.013, "Actual Max Startup Time": 0.013, "Actual Min Total Time": 0.017, "Actual Max Total Time": 0.017, "Actual Total Rows": 12}]}]}]}]}, {"Node Type": "Hash", "Parent Relationship": "Inner", "Startup Cost": 88282.97, "Total Cost": 88282.97, "Plan Rows": 1282311, "Plan Width": 8, "Actual Min Startup Time": 674.911, "Actual Max Startup Time": 871.504, "Actual Min Total Time": 674.911, "Actual Max Total Time": 871.504, "Actual Total Rows": 1153797, "Max Hash Buckets": 131072, "Min Hash Buckets": 131072, "Max Hash Batches": 1, "Min Hash Batches": 1, "Max Original Hash Batches": 1, "Min Original Hash Batches": 1, "Max Peak Memory Usage": 2824, "min Peak Memory Usage": 2824, "Plans": [{"Node Type": "Streaming(type: LOCAL REDISTRIBUTE dop: 16/16)", "Parent Relationship": "Outer", "Startup Cost": 24511.53, "Total Cost": 88282.97, "Plan Rows": 1282311, "Plan Width": 8, "Actual Min Startup Time": 165.521, "Actual Max Startup Time": 362.413, "Actual Min Total Time": 648.186, "Actual Max Total Time": 846.134, "Actual Total Rows": 1153797, "Plans": [{"Node Type": "Hash Join", "Parent Relationship": "Outer", "Join Type": "Inner", "Startup Cost": 24511.53, "Total Cost": 68424.21, "Plan Rows": 1282311, "Plan Width": 8, "Actual Min Startup Time": 157.625, "Actual Max Startup Time": 309.504, "Actual Min Total Time": 514.764, "Actual Max Total Time": 746.156, "Actual Total Rows": 1153797, "Inner Unique": true, "Hash Cond": "(mc.company_id = cn.id), (LLVM Optimized, Jit Execute)", "Plans": [{"Node Type": "Streaming(type: LOCAL REDISTRIBUTE dop: 16/16)", "Parent Relationship": "Outer", "Startup Cost": 0.0, "Total Cost": 42499.73, "Plan Rows": 2609128, "Plan Width": 12, "Actual Min Startup Time": 0.065, "Actual Max Startup Time": 1.561, "Actual Min Total Time": 285.138, "Actual Max Total Time": 396.063, "Actual Total Rows": 2609128, "Plans": [{"Node Type": "Seq Scan", "Parent Relationship": "Outer", "Relation Name": "movie_companies", "Alias": "mc", "Startup Cost": 0.0, "Total Cost": 17613.58, "Plan Rows": 2609128, "Plan Width": 12, "Actual Min Startup Time": 0.025, "Actual Max Startup Time": 0.05, "Actual Min Total Time": 41.101, "Actual Max Total Time": 52.364, "Actual Total Rows": 2609128}]}, {"Node Type": "Hash", "Parent Relationship": "Inner", "Startup Cost": 24444.99, "Total Cost": 24444.99, "Plan Rows": 85170, "Plan Width": 4, "Actual Min Startup Time": 156.603, "Actual Max Startup Time": 309.356, "Actual Min Total Time": 156.603, "Actual Max Total Time": 309.356, "Actual Total Rows": 84843, "Max Hash Buckets": 32768, "Min Hash Buckets": 32768, "Max Hash Batches": 1, "Min Hash Batches": 1, "Max Original Hash Batches": 1, "Min Original Hash Batches": 1, "Max Peak Memory Usage": 182, "min Peak Memory Usage": 182, "Plans": [{"Node Type": "Streaming(type: LOCAL REDISTRIBUTE dop: 16/1)", "Parent Relationship": "Outer", "Startup Cost": 0.0, "Total Cost": 24444.99, "Plan Rows": 85170, "Plan Width": 4, "Actual Min Startup Time": 0.036, "Actual Max Startup Time": 144.9, "Actual Min Total Time": 154.794, "Actual Max Total Time": 307.673, "Actual Total Rows": 84843, "Plans": [{"Node Type": "Seq Scan", "Parent Relationship": "Outer", "Relation Name": "company_name", "Alias": "cn", "Startup Cost": 0.0, "Total Cost": 5903.45, "Plan Rows": 85170, "Plan Width": 4, "Actual Min Startup Time": 0.073, "Actual Max Startup Time": 0.073, "Actual Min Total Time": 90.6, "Actual Max Total Time": 90.6, "Actual Total Rows": 84843, "Filter": "((country_code)::text = '[us]'::text)", "Rows Removed by Filter": 150153}]}]}]}]}]}]}]}, {"Node Type": "Hash", "Parent Relationship": "Inner", "Startup Cost": 46117.27, "Total Cost": 46117.27, "Plan Rows": 3140338, "Plan Width": 20, "Actual Min Startup Time": 417.263, "Actual Max Startup Time": 613.937, "Actual Min Total Time": 417.263, "Actual Max Total Time": 613.937, "Actual Total Rows": 3140338, "Max Hash Buckets": 262144, "Min Hash Buckets": 262144, "Max Hash Batches": 1, "Min Hash Batches": 1, "Max Original Hash Batches": 1, "Min Original Hash Batches": 1, "Max Peak Memory Usage": 10347, "min Peak Memory Usage": 10347, "Plans": [{"Node Type": "Streaming(type: LOCAL REDISTRIBUTE dop: 16/16)", "Parent Relationship": "Outer", "Startup Cost": 0.0, "Total Cost": 46117.27, "Plan Rows": 3140338, "Plan Width": 20, "Actual Min Startup Time": 0.051, "Actual Max Startup Time": 41.823, "Actual Min Total Time": 335.206, "Actual Max Total Time": 532.902, "Actual Total Rows": 3140338, "Plans": [{"Node Type": "Seq Scan", "Parent Relationship": "Outer", "Relation Name": "char_name", "Alias": "chn", "Startup Cost": 0.0, "Total Cost": 19218.34, "Plan Rows": 3140338, "Plan Width": 20, "Actual Min Startup Time": 0.019, "Actual Max Startup Time": 0.062, "Actual Min Total Time": 57.374, "Actual Max Total Time": 66.634, "Actual Total Rows": 3140338}]}]}]}, {"Node Type": "Hash", "Parent Relationship": "Inner", "Startup Cost": 15002.07, "Total Cost": 15002.07, "Plan Rows": 48, "Plan Width": 4, "Actual Min Startup Time": 0.008, "Actual Max Startup Time": 0.021, "Actual Min Total Time": 0.008, "Actual Max Total Time": 0.021, "Actual Total Rows": 48, "Max Hash Buckets": 32768, "Min Hash Buckets": 32768, "Max Hash Batches": 1, "Min Hash Batches": 1, "Max Original Hash Batches": 1, "Min Original Hash Batches": 1, "Max Peak Memory Usage": 1, "min Peak Memory Usage": 1, "Plans": [{"Node Type": "Streaming(type: BROADCAST dop: 16/1)", "Parent Relationship": "Outer", "Startup Cost": 0.0, "Total Cost": 15002.07, "Plan Rows": 48, "Plan Width": 4, "Actual Min Startup Time": 0.004, "Actual Max Startup Time": 0.012, "Actual Min Total Time": 0.004, "Actual Max Total Time": 0.013, "Actual Total Rows": 48, "Plans": [{"Node Type": "Seq Scan", "Parent Relationship": "Outer", "Relation Name": "company_type", "Alias": "ct", "Startup Cost": 0.0, "Total Cost": 1.03, "Plan Rows": 3, "Plan Width": 4, "Actual Min Startup Time": 0.019, "Actual Max Startup Time": 0.019, "Actual Min Total Time": 0.021, "Actual Max Total Time": 0.021, "Actual Total Rows": 3}]}]}]}]}, {"Node Type": "Hash", "Parent Relationship": "Inner", "Startup Cost": 40775.83, "Total Cost": 40775.83, "Plan Rows": 1748840, "Plan Width": 21, "Actual Min Startup Time": 262.767, "Actual Max Startup Time": 471.782, "Actual Min Total Time": 262.767, "Actual Max Total Time": 471.782, "Actual Total Rows": 1749032, "Max Hash Buckets": 131072, "Min Hash Buckets": 131072, "Max Hash Batches": 1, "Min Hash Batches": 1, "Max Original Hash Batches": 1, "Min Original Hash Batches": 1, "Max Peak Memory Usage": 5875, "min Peak Memory Usage": 5875, "Plans": [{"Node Type": "Streaming(type: LOCAL REDISTRIBUTE dop: 16/16)", "Parent Relationship": "Outer", "Startup Cost": 0.0, "Total Cost": 40775.83, "Plan Rows": 1748840, "Plan Width": 21, "Actual Min Startup Time": 0.053, "Actual Max Startup Time": 123.387, "Actual Min Total Time": 228.641, "Actual Max Total Time": 434.39, "Actual Total Rows": 1749032, "Plans": [{"Node Type": "Seq Scan", "Parent Relationship": "Outer", "Relation Name": "title", "Alias": "t", "Startup Cost": 0.0, "Total Cost": 19149.37, "Plan Rows": 1748840, "Plan Width": 21, "Actual Min Startup Time": 0.03, "Actual Max Startup Time": 0.055, "Actual Min Total Time": 63.776, "Actual Max Total Time": 72.406, "Actual Total Rows": 1749032, "Filter": "(production_year > 1990), (LLVM Optimized, Jit Execute)", "Rows Removed by Filter": 779279}]}]}]}]}]}]}, "Triggers": [], "Planner Runtime": 79.462, "Total Runtime": 2215.31, "Unique SQL Id": 3145361615}}, "(16, 101)": {"explain_plan": {"Plan": {"Node Type": "Aggregate", "Strategy": "Plain", "Startup Cost": 1351574.43, "Total Cost": 1351574.45, "Plan Rows": 1, "Plan Width": 97, "Plans": [{"Node Type": "Streaming(type: LOCAL GATHER dop: 1/16)", "Parent Relationship": "Outer", "Startup Cost": 1351574.43, "Total Cost": 1351574.45, "Plan Rows": 1, "Plan Width": 97, "Plans": [{"Node Type": "Aggregate", "Strategy": "Plain", "Parent Relationship": "Outer", "Startup Cost": 1351574.43, "Total Cost": 1351574.44, "Plan Rows": 1, "Plan Width": 97, "Plans": [{"Node Type": "Hash Join", "Parent Relationship": "Outer", "Join Type": "Inner", "Startup Cost": 243111.49, "Total Cost": 1346727.36, "Plan Rows": 969413, "Plan Width": 33, "Inner Unique": true, "Hash Cond": "(mc.movie_id = t.id), (LLVM Optimized)", "Plans": [{"Node Type": "Streaming(type: LOCAL REDISTRIBUTE dop: 16/16)", "Parent Relationship": "Outer", "Startup Cost": 210885.44, "Total Cost": 1313731.43, "Plan Rows": 699731, "Plan Width": 24, "Plans": [{"Node Type": "Hash Join", "Parent Relationship": "Outer", "Join Type": "Inner", "Startup Cost": 210885.44, "Total Cost": 1296080.11, "Plan Rows": 699731, "Plan Width": 24, "Inner Unique": true, "Hash Cond": "(ci.role_id = rt.id), (LLVM Optimized)", "Plans": [{"Node Type": "Hash Join", "Parent Relationship": "Outer", "Join Type": "Inner", "Startup Cost": 195868.72, "Total Cost": 1280462.05, "Plan Rows": 699731, "Plan Width": 28, "Inner Unique": true, "Hash Cond": "(mc.company_type_id = ct.id), (LLVM Optimized)", "Plans": [{"Node Type": "Hash Join", "Parent Relationship": "Outer", "Join Type": "Inner", "Startup Cost": 180855.35, "Total Cost": 1264847.35, "Plan Rows": 699731, "Plan Width": 32, "Inner Unique": true, "Hash Cond": "(mc.company_id = cn.id), (LLVM Optimized)", "Plans": [{"Node Type": "Streaming(type: LOCAL REDISTRIBUTE dop: 16/16)", "Parent Relationship": "Outer", "Startup Cost": 173977.43, "Total Cost": 1257198.42, "Plan Rows": 1423748, "Plan Width": 36, "Plans": [{"Node Type": "Hash Join", "Parent Relationship": "Outer", "Join Type": "Inner", "Startup Cost": 173977.43, "Total Cost": 1236803.75, "Plan Rows": 1423748, "Plan Width": 36, "Inner Unique": false, "Hash Cond": "(ci.movie_id = mc.movie_id), (LLVM Optimized)", "Plans": [{"Node Type": "Streaming(type: LOCAL REDISTRIBUTE dop: 16/16)", "Parent Relationship": "Outer", "Startup Cost": 144787.11, "Total Cost": 1205907.57, "Plan Rows": 696330, "Plan Width": 24, "Plans": [{"Node Type": "Hash Join", "Parent Relationship": "Outer", "Join Type": "Inner", "Startup Cost": 144787.11, "Total Cost": 1188269.13, "Plan Rows": 696330, "Plan Width": 24, "Inner Unique": true, "Hash Cond": "(ci.person_role_id = chn.id), (LLVM Optimized)", "Plans": [{"Node Type": "Streaming(type: LOCAL REDISTRIBUTE dop: 16/16)", "Parent Relationship": "Outer", "Startup Cost": 0.0, "Total Cost": 1042710.15, "Plan Rows": 1436424, "Plan Width": 12, "Plans": [{"Node Type": "Index Scan", "Parent Relationship": "Outer", "Scan Direction": "Forward", "Index Name": "role_id_cast_info", "Relation Name": "cast_info", "Alias": "ci", "Startup Cost": 0.0, "Total Cost": 1022267.45, "Plan Rows": 1436424, "Plan Width": 12, "Filter": "((note)::text ~~ '%(producer)%'::text), (LLVM Optimized)"}]}, {"Node Type": "Hash", "Parent Relationship": "Inner", "Startup Cost": 142333.72, "Total Cost": 142333.72, "Plan Rows": 3140338, "Plan Width": 20, "Plans": [{"Node Type": "Streaming(type: LOCAL REDISTRIBUTE dop: 16/16)", "Parent Relationship": "Outer", "Startup Cost": 0.0, "Total Cost": 142333.72, "Plan Rows": 3140338, "Plan Width": 20, "Plans": [{"Node Type": "Index Scan", "Parent Relationship": "Outer", "Scan Direction": "Forward", "Index Name": "char_name_pkey", "Relation Name": "char_name", "Alias": "chn", "Startup Cost": 0.0, "Total Cost": 115434.79, "Plan Rows": 3140338, "Plan Width": 20}]}]}]}]}, {"Node Type": "Hash", "Parent Relationship": "Inner", "Startup Cost": 108607.74, "Total Cost": 108607.74, "Plan Rows": 2609128, "Plan Width": 12, "Plans": [{"Node Type": "Streaming(type: LOCAL REDISTRIBUTE dop: 16/16)", "Parent Relationship": "Outer", "Startup Cost": 0.0, "Total Cost": 108607.74, "Plan Rows": 2609128, "Plan Width": 12, "Plans": [{"Node Type": "Index Scan", "Parent Relationship": "Outer", "Scan Direction": "Forward", "Index Name": "company_type_id_movie_companies", "Relation Name": "movie_companies", "Alias": "mc", "Startup Cost": 0.0, "Total Cost": 83721.6, "Plan Rows": 2609128, "Plan Width": 12}]}]}]}]}, {"Node Type": "Hash", "Parent Relationship": "Inner", "Startup Cost": 27245.51, "Total Cost": 27245.51, "Plan Rows": 85170, "Plan Width": 4, "Plans": [{"Node Type": "Streaming(type: LOCAL REDISTRIBUTE dop: 16/1)", "Parent Relationship": "Outer", "Startup Cost": 2800.52, "Total Cost": 27245.51, "Plan Rows": 85170, "Plan Width": 4, "Plans": [{"Node Type": "Bitmap Heap Scan", "Parent Relationship": "Outer", "Relation Name": "company_name", "Alias": "cn", "Startup Cost": 2800.52, "Total Cost": 8703.97, "Plan Rows": 85170, "Plan Width": 4, "Filter": "((country_code)::text = '[us]'::text)", "Plans": [{"Node Type": "Bitmap Index Scan", "Parent Relationship": "Outer", "Index Name": "company_name_pkey", "Startup Cost": 0.0, "Total Cost": 2779.23, "Plan Rows": 234996, "Plan Width": 0}]}]}]}]}, {"Node Type": "Hash", "Parent Relationship": "Inner", "Startup Cost": 15013.33, "Total Cost": 15013.33, "Plan Rows": 48, "Plan Width": 4, "Plans": [{"Node Type": "Streaming(type: BROADCAST dop: 16/1)", "Parent Relationship": "Outer", "Startup Cost": 0.0, "Total Cost": 15013.33, "Plan Rows": 48, "Plan Width": 4, "Plans": [{"Node Type": "Index Scan", "Parent Relationship": "Outer", "Scan Direction": "Forward", "Index Name": "company_type_pkey", "Relation Name": "company_type", "Alias": "ct", "Startup Cost": 0.0, "Total Cost": 12.29, "Plan Rows": 3, "Plan Width": 4}]}]}]}, {"Node Type": "Hash", "Parent Relationship": "Inner", "Startup Cost": 15016.57, "Total Cost": 15016.57, "Plan Rows": 192, "Plan Width": 4, "Plans": [{"Node Type": "Streaming(type: BROADCAST dop: 16/1)", "Parent Relationship": "Outer", "Startup Cost": 0.0, "Total Cost": 15016.57, "Plan Rows": 192, "Plan Width": 4, "Plans": [{"Node Type": "Index Scan", "Parent Relationship": "Outer", "Scan Direction": "Forward", "Index Name": "role_type_pkey", "Relation Name": "role_type", "Alias": "rt", "Startup Cost": 0.0, "Total Cost": 12.43, "Plan Rows": 12, "Plan Width": 4}]}]}]}]}, {"Node Type": "Hash", "Parent Relationship": "Inner", "Startup Cost": 123439.09, "Total Cost": 123439.09, "Plan Rows": 1748840, "Plan Width": 21, "Plans": [{"Node Type": "Streaming(type: LOCAL REDISTRIBUTE dop: 16/16)", "Parent Relationship": "Outer", "Startup Cost": 0.0, "Total Cost": 123439.09, "Plan Rows": 1748840, "Plan Width": 21, "Plans": [{"Node Type": "Index Scan", "Parent Relationship": "Outer", "Scan Direction": "Forward", "Index Name": "title_pkey", "Relation Name": "title", "Alias": "t", "Startup Cost": 0.0, "Total Cost": 101812.62, "Plan Rows": 1748840, "Plan Width": 21, "Filter": "(production_year > 1990), (LLVM Optimized)"}]}]}]}]}]}]}, "Unique SQL Id": 3145361615}, "explain_analyze_plan": null}, "(16, 102)": {"explain_plan": {"Plan": {"Node Type": "Aggregate", "Strategy": "Plain", "Startup Cost": 271604.22, "Total Cost": 271604.25, "Plan Rows": 1, "Plan Width": 97, "Plans": [{"Node Type": "Streaming(type: LOCAL GATHER dop: 1/16)", "Parent Relationship": "Outer", "Startup Cost": 271604.22, "Total Cost": 271604.25, "Plan Rows": 1, "Plan Width": 97, "Plans": [{"Node Type": "Aggregate", "Strategy": "Plain", "Parent Relationship": "Outer", "Startup Cost": 271604.22, "Total Cost": 271604.23, "Plan Rows": 1, "Plan Width": 97, "Plans": [{"Node Type": "Hash Join", "Parent Relationship": "Outer", "Join Type": "Inner", "Startup Cost": 144835.24, "Total Cost": 266757.16, "Plan Rows": 969413, "Plan Width": 33, "Inner Unique": true, "Hash Cond": "(mc.movie_id = t.id), (LLVM Optimized)", "Plans": [{"Node Type": "Streaming(type: LOCAL REDISTRIBUTE dop: 16/16)", "Parent Relationship": "Outer", "Startup Cost": 133275.0, "Total Cost": 254427.04, "Plan Rows": 699731, "Plan Width": 24, "Plans": [{"Node Type": "Hash Join", "Parent Relationship": "Outer", "Join Type": "Inner", "Startup Cost": 133275.0, "Total Cost": 236775.71, "Plan Rows": 699731, "Plan Width": 24, "Inner Unique": true, "Hash Cond": "(mc.company_type_id = ct.id), (LLVM Optimized)", "Plans": [{"Node Type": "Hash Join", "Parent Relationship": "Outer", "Join Type": "Inner", "Startup Cost": 118272.9, "Total Cost": 221172.28, "Plan Rows": 699731, "Plan Width": 28, "Inner Unique": true, "Hash Cond": "(ci.person_role_id = chn.id), (LLVM Optimized)", "Plans": [{"Node Type": "Streaming(type: LOCAL REDISTRIBUTE dop: 16/16)", "Parent Relationship": "Outer", "Startup Cost": 104290.19, "Total Cost": 206413.94, "Plan Rows": 1443440, "Plan Width": 16, "Plans": [{"Node Type": "Hash Join", "Parent Relationship": "Outer", "Join Type": "Inner", "Startup Cost": 104290.19, "Total Cost": 185944.65, "Plan Rows": 1443440, "Plan Width": 16, "Inner Unique": false, "Hash Cond": "(ci.movie_id = mc.movie_id), (LLVM Optimized)", "Plans": [{"Node Type": "Streaming(type: LOCAL REDISTRIBUTE dop: 16/16)", "Parent Relationship": "Outer", "Startup Cost": 15005.41, "Total Cost": 94859.97, "Plan Rows": 1436424, "Plan Width": 8, "Plans": [{"Node Type": "Hash Join", "Parent Relationship": "Outer", "Join Type": "Inner", "Startup Cost": 15005.41, "Total Cost": 74417.27, "Plan Rows": 1436424, "Plan Width": 8, "Inner Unique": true, "Hash Cond": "(ci.role_id = rt.id), (LLVM Optimized)", "Plans": [{"Node Type": "Seq Scan", "Parent Relationship": "Outer", "Relation Name": "cast_info", "Alias": "ci", "Startup Cost": 0.0, "Total Cost": 58282.92, "Plan Rows": 1436424, "Plan Width": 12, "Filter": "((note)::text ~~ '%(producer)%'::text), (LLVM Optimized)"}, {"Node Type": "Hash", "Parent Relationship": "Inner", "Startup Cost": 15005.26, "Total Cost": 15005.26, "Plan Rows": 192, "Plan Width": 4, "Plans": [{"Node Type": "Streaming(type: BROADCAST dop: 16/1)", "Parent Relationship": "Outer", "Startup Cost": 0.0, "Total Cost": 15005.26, "Plan Rows": 192, "Plan Width": 4, "Plans": [{"Node Type": "Seq Scan", "Parent Relationship": "Outer", "Relation Name": "role_type", "Alias": "rt", "Startup Cost": 0.0, "Total Cost": 1.12, "Plan Rows": 12, "Plan Width": 4}]}]}]}]}, {"Node Type": "Hash", "Parent Relationship": "Inner", "Startup Cost": 88282.97, "Total Cost": 88282.97, "Plan Rows": 1282311, "Plan Width": 8, "Plans": [{"Node Type": "Streaming(type: LOCAL REDISTRIBUTE dop: 16/16)", "Parent Relationship": "Outer", "Startup Cost": 24511.53, "Total Cost": 88282.97, "Plan Rows": 1282311, "Plan Width": 8, "Plans": [{"Node Type": "Hash Join", "Parent Relationship": "Outer", "Join Type": "Inner", "Startup Cost": 24511.53, "Total Cost": 68424.21, "Plan Rows": 1282311, "Plan Width": 8, "Inner Unique": true, "Hash Cond": "(mc.company_id = cn.id), (LLVM Optimized)", "Plans": [{"Node Type": "Streaming(type: LOCAL REDISTRIBUTE dop: 16/16)", "Parent Relationship": "Outer", "Startup Cost": 0.0, "Total Cost": 42499.73, "Plan Rows": 2609128, "Plan Width": 12, "Plans": [{"Node Type": "Seq Scan", "Parent Relationship": "Outer", "Relation Name": "movie_companies", "Alias": "mc", "Startup Cost": 0.0, "Total Cost": 17613.58, "Plan Rows": 2609128, "Plan Width": 12}]}, {"Node Type": "Hash", "Parent Relationship": "Inner", "Startup Cost": 24444.99, "Total Cost": 24444.99, "Plan Rows": 85170, "Plan Width": 4, "Plans": [{"Node Type": "Streaming(type: LOCAL REDISTRIBUTE dop: 16/1)", "Parent Relationship": "Outer", "Startup Cost": 0.0, "Total Cost": 24444.99, "Plan Rows": 85170, "Plan Width": 4, "Plans": [{"Node Type": "Seq Scan", "Parent Relationship": "Outer", "Relation Name": "company_name", "Alias": "cn", "Startup Cost": 0.0, "Total Cost": 5903.45, "Plan Rows": 85170, "Plan Width": 4, "Filter": "((country_code)::text = '[us]'::text)"}]}]}]}]}]}]}]}, {"Node Type": "Hash", "Parent Relationship": "Inner", "Startup Cost": 46117.27, "Total Cost": 46117.27, "Plan Rows": 3140338, "Plan Width": 20, "Plans": [{"Node Type": "Streaming(type: LOCAL REDISTRIBUTE dop: 16/16)", "Parent Relationship": "Outer", "Startup Cost": 0.0, "Total Cost": 46117.27, "Plan Rows": 3140338, "Plan Width": 20, "Plans": [{"Node Type": "Seq Scan", "Parent Relationship": "Outer", "Relation Name": "char_name", "Alias": "chn", "Startup Cost": 0.0, "Total Cost": 19218.34, "Plan Rows": 3140338, "Plan Width": 20}]}]}]}, {"Node Type": "Hash", "Parent Relationship": "Inner", "Startup Cost": 15002.07, "Total Cost": 15002.07, "Plan Rows": 48, "Plan Width": 4, "Plans": [{"Node Type": "Streaming(type: BROADCAST dop: 16/1)", "Parent Relationship": "Outer", "Startup Cost": 0.0, "Total Cost": 15002.07, "Plan Rows": 48, "Plan Width": 4, "Plans": [{"Node Type": "Seq Scan", "Parent Relationship": "Outer", "Relation Name": "company_type", "Alias": "ct", "Startup Cost": 0.0, "Total Cost": 1.03, "Plan Rows": 3, "Plan Width": 4}]}]}]}]}, {"Node Type": "Hash", "Parent Relationship": "Inner", "Startup Cost": 40775.83, "Total Cost": 40775.83, "Plan Rows": 1748840, "Plan Width": 21, "Plans": [{"Node Type": "Streaming(type: LOCAL REDISTRIBUTE dop: 16/16)", "Parent Relationship": "Outer", "Startup Cost": 0.0, "Total Cost": 40775.83, "Plan Rows": 1748840, "Plan Width": 21, "Plans": [{"Node Type": "Seq Scan", "Parent Relationship": "Outer", "Relation Name": "title", "Alias": "t", "Startup Cost": 0.0, "Total Cost": 19149.37, "Plan Rows": 1748840, "Plan Width": 21, "Filter": "(production_year > 1990), (LLVM Optimized)"}]}]}]}]}]}]}, "Unique SQL Id": 3145361615}, "explain_analyze_plan": {"Plan": {"Node Type": "Aggregate", "Strategy": "Plain", "Startup Cost": 271604.22, "Total Cost": 271604.25, "Plan Rows": 1, "Plan Width": 97, "Actual Min Startup Time": 2174.468, "Actual Max Startup Time": 2174.468, "Actual Min Total Time": 2174.468, "Actual Max Total Time": 2174.468, "Actual Total Rows": 1, "Plans": [{"Node Type": "Streaming(type: LOCAL GATHER dop: 1/16)", "Parent Relationship": "Outer", "Startup Cost": 271604.22, "Total Cost": 271604.25, "Plan Rows": 1, "Plan Width": 97, "Actual Min Startup Time": 2173.197, "Actual Max Startup Time": 2173.197, "Actual Min Total Time": 2174.438, "Actual Max Total Time": 2174.438, "Actual Total Rows": 16, "Plans": [{"Node Type": "Aggregate", "Strategy": "Plain", "Parent Relationship": "Outer", "Startup Cost": 271604.22, "Total Cost": 271604.23, "Plan Rows": 1, "Plan Width": 97, "Actual Min Startup Time": 1803.512, "Actual Max Startup Time": 2012.607, "Actual Min Total Time": 1803.512, "Actual Max Total Time": 2012.607, "Actual Total Rows": 16, "Plans": [{"Node Type": "Hash Join", "Parent Relationship": "Outer", "Join Type": "Inner", "Startup Cost": 144835.24, "Total Cost": 266757.16, "Plan Rows": 969413, "Plan Width": 33, "Actual Min Startup Time": 1803.506, "Actual Max Startup Time": 2012.599, "Actual Min Total Time": 1803.506, "Actual Max Total Time": 2012.599, "Actual Total Rows": 4, "Inner Unique": true, "Hash Cond": "(mc.movie_id = t.id), (LLVM Optimized, Jit Execute)", "Plans": [{"Node Type": "Streaming(type: LOCAL REDISTRIBUTE dop: 16/16)", "Parent Relationship": "Outer", "Startup Cost": 133275.0, "Total Cost": 254427.04, "Plan Rows": 699731, "Plan Width": 24, "Actual Min Startup Time": 1539.112, "Actual Max Startup Time": 1540.672, "Actual Min Total Time": 1540.566, "Actual Max Total Time": 1540.672, "Actual Total Rows": 6, "Plans": [{"Node Type": "Hash Join", "Parent Relationship": "Outer", "Join Type": "Inner", "Startup Cost": 133275.0, "Total Cost": 236775.71, "Plan Rows": 699731, "Plan Width": 24, "Actual Min Startup Time": 1800.076, "Actual Max Startup Time": 1996.771, "Actual Min Total Time": 1800.076, "Actual Max Total Time": 1996.771, "Actual Total Rows": 6, "Inner Unique": true, "Hash Cond": "(mc.company_type_id = ct.id), (LLVM Optimized, Jit Execute)", "Plans": [{"Node Type": "Hash Join", "Parent Relationship": "Outer", "Join Type": "Inner", "Startup Cost": 118272.9, "Total Cost": 221172.28, "Plan Rows": 699731, "Plan Width": 28, "Actual Min Startup Time": 1798.629, "Actual Max Startup Time": 1995.334, "Actual Min Total Time": 1798.629, "Actual Max Total Time": 1995.334, "Actual Total Rows": 14, "Inner Unique": true, "Hash Cond": "(ci.person_role_id = chn.id), (LLVM Optimized, Jit Execute)", "Plans": [{"Node Type": "Streaming(type: LOCAL REDISTRIBUTE dop: 16/16)", "Parent Relationship": "Outer", "Startup Cost": 104290.19, "Total Cost": 206413.94, "Plan Rows": 1443440, "Plan Width": 16, "Actual Min Startup Time": 249.791, "Actual Max Startup Time": 1381.119, "Actual Min Total Time": 1250.62, "Actual Max Total Time": 1381.119, "Actual Total Rows": 1210267, "Plans": [{"Node Type": "Hash Join", "Parent Relationship": "Outer", "Join Type": "Inner", "Startup Cost": 104290.19, "Total Cost": 185944.65, "Plan Rows": 1443440, "Plan Width": 16, "Actual Min Startup Time": 675.237, "Actual Max Startup Time": 871.852, "Actual Min Total Time": 1272.7, "Actual Max Total Time": 1501.609, "Actual Total Rows": 1210267, "Inner Unique": false, "Hash Cond": "(ci.movie_id = mc.movie_id), (LLVM Optimized, Jit Execute)", "Plans": [{"Node Type": "Streaming(type: LOCAL REDISTRIBUTE dop: 16/16)", "Parent Relationship": "Outer", "Startup Cost": 15005.41, "Total Cost": 94859.97, "Plan Rows": 1436424, "Plan Width": 8, "Actual Min Startup Time": 0.06, "Actual Max Startup Time": 3.768, "Actual Min Total Time": 546.912, "Actual Max Total Time": 583.512, "Actual Total Rows": 1435439, "Plans": [{"Node Type": "Hash Join", "Parent Relationship": "Outer", "Join Type": "Inner", "Startup Cost": 15005.41, "Total Cost": 74417.27, "Plan Rows": 1436424, "Plan Width": 8, "Actual Min Startup Time": 44.696, "Actual Max Startup Time": 357.961, "Actual Min Total Time": 754.774, "Actual Max Total Time": 806.064, "Actual Total Rows": 1435439, "Inner Unique": true, "Hash Cond": "(ci.role_id = rt.id), (LLVM Optimized, Jit Execute)", "Plans": [{"Node Type": "Seq Scan", "Parent Relationship": "Outer", "Relation Name": "cast_info", "Alias": "ci", "Startup Cost": 0.0, "Total Cost": 58282.92, "Plan Rows": 1436424, "Plan Width": 12, "Actual Min Startup Time": 44.599, "Actual Max Startup Time": 357.822, "Actual Min Total Time": 710.585, "Actual Max Total Time": 748.368, "Actual Total Rows": 1435439, "Filter": "((note)::text ~~ '%(producer)%'::text), (LLVM Optimized, Jit Execute)", "Rows Removed by Filter": 34808904}, {"Node Type": "Hash", "Parent Relationship": "Inner", "Startup Cost": 15005.26, "Total Cost": 15005.26, "Plan Rows": 192, "Plan Width": 4, "Actual Min Startup Time": 0.018, "Actual Max Startup Time": 46.807, "Actual Min Total Time": 0.018, "Actual Max Total Time": 46.807, "Actual Total Rows": 192, "Max Hash Buckets": 32768, "Min Hash Buckets": 32768, "Max Hash Batches": 1, "Min Hash Batches": 1, "Max Original Hash Batches": 1, "Min Original Hash Batches": 1, "Max Peak Memory Usage": 1, "min Peak Memory Usage": 1, "Plans": [{"Node Type": "Streaming(type: BROADCAST dop: 16/1)", "Parent Relationship": "Outer", "Startup Cost": 0.0, "Total Cost": 15005.26, "Plan Rows": 192, "Plan Width": 4, "Actual Min Startup Time": 0.006, "Actual Max Startup Time": 42.649, "Actual Min Total Time": 0.007, "Actual Max Total Time": 42.651, "Actual Total Rows": 192, "Plans": [{"Node Type": "Seq Scan", "Parent Relationship": "Outer", "Relation Name": "role_type", "Alias": "rt", "Startup Cost": 0.0, "Total Cost": 1.12, "Plan Rows": 12, "Plan Width": 4, "Actual Min Startup Time": 0.013, "Actual Max Startup Time": 0.013, "Actual Min Total Time": 0.017, "Actual Max Total Time": 0.017, "Actual Total Rows": 12}]}]}]}]}, {"Node Type": "Hash", "Parent Relationship": "Inner", "Startup Cost": 88282.97, "Total Cost": 88282.97, "Plan Rows": 1282311, "Plan Width": 8, "Actual Min Startup Time": 674.911, "Actual Max Startup Time": 871.504, "Actual Min Total Time": 674.911, "Actual Max Total Time": 871.504, "Actual Total Rows": 1153797, "Max Hash Buckets": 131072, "Min Hash Buckets": 131072, "Max Hash Batches": 1, "Min Hash Batches": 1, "Max Original Hash Batches": 1, "Min Original Hash Batches": 1, "Max Peak Memory Usage": 2824, "min Peak Memory Usage": 2824, "Plans": [{"Node Type": "Streaming(type: LOCAL REDISTRIBUTE dop: 16/16)", "Parent Relationship": "Outer", "Startup Cost": 24511.53, "Total Cost": 88282.97, "Plan Rows": 1282311, "Plan Width": 8, "Actual Min Startup Time": 165.521, "Actual Max Startup Time": 362.413, "Actual Min Total Time": 648.186, "Actual Max Total Time": 846.134, "Actual Total Rows": 1153797, "Plans": [{"Node Type": "Hash Join", "Parent Relationship": "Outer", "Join Type": "Inner", "Startup Cost": 24511.53, "Total Cost": 68424.21, "Plan Rows": 1282311, "Plan Width": 8, "Actual Min Startup Time": 157.625, "Actual Max Startup Time": 309.504, "Actual Min Total Time": 514.764, "Actual Max Total Time": 746.156, "Actual Total Rows": 1153797, "Inner Unique": true, "Hash Cond": "(mc.company_id = cn.id), (LLVM Optimized, Jit Execute)", "Plans": [{"Node Type": "Streaming(type: LOCAL REDISTRIBUTE dop: 16/16)", "Parent Relationship": "Outer", "Startup Cost": 0.0, "Total Cost": 42499.73, "Plan Rows": 2609128, "Plan Width": 12, "Actual Min Startup Time": 0.065, "Actual Max Startup Time": 1.561, "Actual Min Total Time": 285.138, "Actual Max Total Time": 396.063, "Actual Total Rows": 2609128, "Plans": [{"Node Type": "Seq Scan", "Parent Relationship": "Outer", "Relation Name": "movie_companies", "Alias": "mc", "Startup Cost": 0.0, "Total Cost": 17613.58, "Plan Rows": 2609128, "Plan Width": 12, "Actual Min Startup Time": 0.025, "Actual Max Startup Time": 0.05, "Actual Min Total Time": 41.101, "Actual Max Total Time": 52.364, "Actual Total Rows": 2609128}]}, {"Node Type": "Hash", "Parent Relationship": "Inner", "Startup Cost": 24444.99, "Total Cost": 24444.99, "Plan Rows": 85170, "Plan Width": 4, "Actual Min Startup Time": 156.603, "Actual Max Startup Time": 309.356, "Actual Min Total Time": 156.603, "Actual Max Total Time": 309.356, "Actual Total Rows": 84843, "Max Hash Buckets": 32768, "Min Hash Buckets": 32768, "Max Hash Batches": 1, "Min Hash Batches": 1, "Max Original Hash Batches": 1, "Min Original Hash Batches": 1, "Max Peak Memory Usage": 182, "min Peak Memory Usage": 182, "Plans": [{"Node Type": "Streaming(type: LOCAL REDISTRIBUTE dop: 16/1)", "Parent Relationship": "Outer", "Startup Cost": 0.0, "Total Cost": 24444.99, "Plan Rows": 85170, "Plan Width": 4, "Actual Min Startup Time": 0.036, "Actual Max Startup Time": 144.9, "Actual Min Total Time": 154.794, "Actual Max Total Time": 307.673, "Actual Total Rows": 84843, "Plans": [{"Node Type": "Seq Scan", "Parent Relationship": "Outer", "Relation Name": "company_name", "Alias": "cn", "Startup Cost": 0.0, "Total Cost": 5903.45, "Plan Rows": 85170, "Plan Width": 4, "Actual Min Startup Time": 0.073, "Actual Max Startup Time": 0.073, "Actual Min Total Time": 90.6, "Actual Max Total Time": 90.6, "Actual Total Rows": 84843, "Filter": "((country_code)::text = '[us]'::text)", "Rows Removed by Filter": 150153}]}]}]}]}]}]}]}, {"Node Type": "Hash", "Parent Relationship": "Inner", "Startup Cost": 46117.27, "Total Cost": 46117.27, "Plan Rows": 3140338, "Plan Width": 20, "Actual Min Startup Time": 417.263, "Actual Max Startup Time": 613.937, "Actual Min Total Time": 417.263, "Actual Max Total Time": 613.937, "Actual Total Rows": 3140338, "Max Hash Buckets": 262144, "Min Hash Buckets": 262144, "Max Hash Batches": 1, "Min Hash Batches": 1, "Max Original Hash Batches": 1, "Min Original Hash Batches": 1, "Max Peak Memory Usage": 10347, "min Peak Memory Usage": 10347, "Plans": [{"Node Type": "Streaming(type: LOCAL REDISTRIBUTE dop: 16/16)", "Parent Relationship": "Outer", "Startup Cost": 0.0, "Total Cost": 46117.27, "Plan Rows": 3140338, "Plan Width": 20, "Actual Min Startup Time": 0.051, "Actual Max Startup Time": 41.823, "Actual Min Total Time": 335.206, "Actual Max Total Time": 532.902, "Actual Total Rows": 3140338, "Plans": [{"Node Type": "Seq Scan", "Parent Relationship": "Outer", "Relation Name": "char_name", "Alias": "chn", "Startup Cost": 0.0, "Total Cost": 19218.34, "Plan Rows": 3140338, "Plan Width": 20, "Actual Min Startup Time": 0.019, "Actual Max Startup Time": 0.062, "Actual Min Total Time": 57.374, "Actual Max Total Time": 66.634, "Actual Total Rows": 3140338}]}]}]}, {"Node Type": "Hash", "Parent Relationship": "Inner", "Startup Cost": 15002.07, "Total Cost": 15002.07, "Plan Rows": 48, "Plan Width": 4, "Actual Min Startup Time": 0.008, "Actual Max Startup Time": 0.021, "Actual Min Total Time": 0.008, "Actual Max Total Time": 0.021, "Actual Total Rows": 48, "Max Hash Buckets": 32768, "Min Hash Buckets": 32768, "Max Hash Batches": 1, "Min Hash Batches": 1, "Max Original Hash Batches": 1, "Min Original Hash Batches": 1, "Max Peak Memory Usage": 1, "min Peak Memory Usage": 1, "Plans": [{"Node Type": "Streaming(type: BROADCAST dop: 16/1)", "Parent Relationship": "Outer", "Startup Cost": 0.0, "Total Cost": 15002.07, "Plan Rows": 48, "Plan Width": 4, "Actual Min Startup Time": 0.004, "Actual Max Startup Time": 0.012, "Actual Min Total Time": 0.004, "Actual Max Total Time": 0.013, "Actual Total Rows": 48, "Plans": [{"Node Type": "Seq Scan", "Parent Relationship": "Outer", "Relation Name": "company_type", "Alias": "ct", "Startup Cost": 0.0, "Total Cost": 1.03, "Plan Rows": 3, "Plan Width": 4, "Actual Min Startup Time": 0.019, "Actual Max Startup Time": 0.019, "Actual Min Total Time": 0.021, "Actual Max Total Time": 0.021, "Actual Total Rows": 3}]}]}]}]}, {"Node Type": "Hash", "Parent Relationship": "Inner", "Startup Cost": 40775.83, "Total Cost": 40775.83, "Plan Rows": 1748840, "Plan Width": 21, "Actual Min Startup Time": 262.767, "Actual Max Startup Time": 471.782, "Actual Min Total Time": 262.767, "Actual Max Total Time": 471.782, "Actual Total Rows": 1749032, "Max Hash Buckets": 131072, "Min Hash Buckets": 131072, "Max Hash Batches": 1, "Min Hash Batches": 1, "Max Original Hash Batches": 1, "Min Original Hash Batches": 1, "Max Peak Memory Usage": 5875, "min Peak Memory Usage": 5875, "Plans": [{"Node Type": "Streaming(type: LOCAL REDISTRIBUTE dop: 16/16)", "Parent Relationship": "Outer", "Startup Cost": 0.0, "Total Cost": 40775.83, "Plan Rows": 1748840, "Plan Width": 21, "Actual Min Startup Time": 0.053, "Actual Max Startup Time": 123.387, "Actual Min Total Time": 228.641, "Actual Max Total Time": 434.39, "Actual Total Rows": 1749032, "Plans": [{"Node Type": "Seq Scan", "Parent Relationship": "Outer", "Relation Name": "title", "Alias": "t", "Startup Cost": 0.0, "Total Cost": 19149.37, "Plan Rows": 1748840, "Plan Width": 21, "Actual Min Startup Time": 0.03, "Actual Max Startup Time": 0.055, "Actual Min Total Time": 63.776, "Actual Max Total Time": 72.406, "Actual Total Rows": 1749032, "Filter": "(production_year > 1990), (LLVM Optimized, Jit Execute)", "Rows Removed by Filter": 779279}]}]}]}]}]}]}, "Triggers": [], "Planner Runtime": 79.462, "Total Runtime": 2215.31, "Unique SQL Id": 3145361615}}, "(16, 103)": {"explain_plan": {"Plan": {"Node Type": "Aggregate", "Strategy": "Plain", "Startup Cost": 1963906.79, "Total Cost": 1963906.8, "Plan Rows": 1, "Plan Width": 97, "Plans": [{"Node Type": "Hash Join", "Parent Relationship": "Outer", "Join Type": "Inner", "Startup Cost": 1218973.64, "Total Cost": 1959059.72, "Plan Rows": 969413, "Plan Width": 33, "Inner Unique": true, "Hash Cond": "(mc.company_type_id = ct.id), (LLVM Optimized)", "Plans": [{"Node Type": "Hash Join", "Parent Relationship": "Outer", "Join Type": "Inner", "Startup Cost": 1218961.31, "Total Cost": 1945717.96, "Plan Rows": 969413, "Plan Width": 37, "Inner Unique": false, "Hash Cond": "(ci.movie_id = t.id), (LLVM Optimized)", "Plans": [{"Node Type": "Hash Join", "Parent Relationship": "Outer", "Join Type": "Inner", "Startup Cost": 909656.04, "Total Cost": 1624107.14, "Plan Rows": 696330, "Plan Width": 20, "Inner Unique": true, "Hash Cond": "(ci.role_id = rt.id), (LLVM Optimized)", "Plans": [{"Node Type": "Hash Join", "Parent Relationship": "Outer", "Join Type": "Inner", "Startup Cost": 909643.46, "Total Cost": 1614520.02, "Plan Rows": 696330, "Plan Width": 24, "Inner Unique": true, "Hash Cond": "(ci.person_role_id = chn.id), (LLVM Optimized)", "Plans": [{"Node Type": "Bitmap Heap Scan", "Parent Relationship": "Outer", "Relation Name": "cast_info", "Alias": "ci", "Startup Cost": 739944.83, "Total Cost": 1432471.5, "Plan Rows": 1436424, "Plan Width": 12, "Filter": "((note)::text ~~ '%(producer)%'::text), (LLVM Optimized)", "Plans": [{"Node Type": "Bitmap Index Scan", "Parent Relationship": "Outer", "Index Name": "person_role_id_cast_info", "Startup Cost": 0.0, "Total Cost": 739585.72, "Plan Rows": 36259494, "Plan Width": 0}]}, {"Node Type": "Hash", "Parent Relationship": "Inner", "Startup Cost": 130444.4, "Total Cost": 130444.4, "Plan Rows": 3140338, "Plan Width": 20, "Plans": [{"Node Type": "Bitmap Heap Scan", "Parent Relationship": "Outer", "Relation Name": "char_name", "Alias": "chn", "Startup Cost": 62951.02, "Total Cost": 130444.4, "Plan Rows": 3140338, "Plan Width": 20, "Plans": [{"Node Type": "Bitmap Index Scan", "Parent Relationship": "Outer", "Index Name": "char_name_pkey", "Startup Cost": 0.0, "Total Cost": 62165.94, "Plan Rows": 3140338, "Plan Width": 0}]}]}]}, {"Node Type": "Hash", "Parent Relationship": "Inner", "Startup Cost": 12.43, "Total Cost": 12.43, "Plan Rows": 12, "Plan Width": 4, "Plans": [{"Node Type": "Bitmap Heap Scan", "Parent Relationship": "Outer", "Relation Name": "role_type", "Alias": "rt", "Startup Cost": 8.31, "Total Cost": 12.43, "Plan Rows": 12, "Plan Width": 4, "Plans": [{"Node Type": "Bitmap Index Scan", "Parent Relationship": "Outer", "Index Name": "role_type_pkey", "Startup Cost": 0.0, "Total Cost": 8.31, "Plan Rows": 12, "Plan Width": 0}]}]}]}, {"Node Type": "Hash", "Parent Relationship": "Inner", "Startup Cost": 287098.71, "Total Cost": 287098.71, "Plan Rows": 1776525, "Plan Width": 29, "Plans": [{"Node Type": "Hash Join", "Parent Relationship": "Outer", "Join Type": "Inner", "Startup Cost": 200100.17, "Total Cost": 287098.71, "Plan Rows": 1776525, "Plan Width": 29, "Inner Unique": true, "Hash Cond": "(mc.movie_id = t.id), (LLVM Optimized)", "Plans": [{"Node Type": "Hash Join", "Parent Relationship": "Outer", "Join Type": "Inner", "Startup Cost": 61758.77, "Total Cost": 126183.39, "Plan Rows": 1282311, "Plan Width": 8, "Inner Unique": true, "Hash Cond": "(mc.company_id = cn.id), (LLVM Optimized)", "Plans": [{"Node Type": "Bitmap Heap Scan", "Parent Relationship": "Outer", "Relation Name": "movie_companies", "Alias": "mc", "Startup Cost": 51990.17, "Total Cost": 93807.45, "Plan Rows": 2609128, "Plan Width": 12, "Plans": [{"Node Type": "Bitmap Index Scan", "Parent Relationship": "Outer", "Index Name": "movie_id_movie_companies", "Startup Cost": 0.0, "Total Cost": 51337.89, "Plan Rows": 2609128, "Plan Width": 0}]}, {"Node Type": "Hash", "Parent Relationship": "Inner", "Startup Cost": 8703.97, "Total Cost": 8703.97, "Plan Rows": 85170, "Plan Width": 4, "Plans": [{"Node Type": "Bitmap Heap Scan", "Parent Relationship": "Outer", "Relation Name": "company_name", "Alias": "cn", "Startup Cost": 2800.52, "Total Cost": 8703.97, "Plan Rows": 85170, "Plan Width": 4, "Filter": "((country_code)::text = '[us]'::text)", "Plans": [{"Node Type": "Bitmap Index Scan", "Parent Relationship": "Outer", "Index Name": "company_name_pkey", "Startup Cost": 0.0, "Total Cost": 2779.23, "Plan Rows": 234996, "Plan Width": 0}]}]}]}, {"Node Type": "Hash", "Parent Relationship": "Inner", "Startup Cost": 116480.9, "Total Cost": 116480.9, "Plan Rows": 1748840, "Plan Width": 21, "Plans": [{"Node Type": "Bitmap Heap Scan", "Parent Relationship": "Outer", "Relation Name": "title", "Alias": "t", "Startup Cost": 50091.01, "Total Cost": 116480.9, "Plan Rows": 1748840, "Plan Width": 21, "Filter": "(production_year > 1990), (LLVM Optimized)", "Plans": [{"Node Type": "Bitmap Index Scan", "Parent Relationship": "Outer", "Index Name": "title_pkey", "Startup Cost": 0.0, "Total Cost": 49653.81, "Plan Rows": 2528311, "Plan Width": 0}]}]}]}]}]}, {"Node Type": "Hash", "Parent Relationship": "Inner", "Startup Cost": 12.3, "Total Cost": 12.3, "Plan Rows": 3, "Plan Width": 4, "Plans": [{"Node Type": "Bitmap Heap Scan", "Parent Relationship": "Outer", "Relation Name": "company_type", "Alias": "ct", "Startup Cost": 8.27, "Total Cost": 12.3, "Plan Rows": 3, "Plan Width": 4, "Plans": [{"Node Type": "Bitmap Index Scan", "Parent Relationship": "Outer", "Index Name": "company_type_pkey", "Startup Cost": 0.0, "Total Cost": 8.27, "Plan Rows": 3, "Plan Width": 0}]}]}]}]}, "Unique SQL Id": 3145361615}, "explain_analyze_plan": null}, "(16, 104)": {"explain_plan": {"Plan": {"Node Type": "Aggregate", "Strategy": "Plain", "Startup Cost": 271604.22, "Total Cost": 271604.25, "Plan Rows": 1, "Plan Width": 97, "Plans": [{"Node Type": "Streaming(type: LOCAL GATHER dop: 1/16)", "Parent Relationship": "Outer", "Startup Cost": 271604.22, "Total Cost": 271604.25, "Plan Rows": 1, "Plan Width": 97, "Plans": [{"Node Type": "Aggregate", "Strategy": "Plain", "Parent Relationship": "Outer", "Startup Cost": 271604.22, "Total Cost": 271604.23, "Plan Rows": 1, "Plan Width": 97, "Plans": [{"Node Type": "Hash Join", "Parent Relationship": "Outer", "Join Type": "Inner", "Startup Cost": 144835.24, "Total Cost": 266757.16, "Plan Rows": 969413, "Plan Width": 33, "Inner Unique": true, "Hash Cond": "(mc.movie_id = t.id), (LLVM Optimized)", "Plans": [{"Node Type": "Streaming(type: LOCAL REDISTRIBUTE dop: 16/16)", "Parent Relationship": "Outer", "Startup Cost": 133275.0, "Total Cost": 254427.04, "Plan Rows": 699731, "Plan Width": 24, "Plans": [{"Node Type": "Hash Join", "Parent Relationship": "Outer", "Join Type": "Inner", "Startup Cost": 133275.0, "Total Cost": 236775.71, "Plan Rows": 699731, "Plan Width": 24, "Inner Unique": true, "Hash Cond": "(mc.company_type_id = ct.id), (LLVM Optimized)", "Plans": [{"Node Type": "Hash Join", "Parent Relationship": "Outer", "Join Type": "Inner", "Startup Cost": 118272.9, "Total Cost": 221172.28, "Plan Rows": 699731, "Plan Width": 28, "Inner Unique": true, "Hash Cond": "(ci.person_role_id = chn.id), (LLVM Optimized)", "Plans": [{"Node Type": "Streaming(type: LOCAL REDISTRIBUTE dop: 16/16)", "Parent Relationship": "Outer", "Startup Cost": 104290.19, "Total Cost": 206413.94, "Plan Rows": 1443440, "Plan Width": 16, "Plans": [{"Node Type": "Hash Join", "Parent Relationship": "Outer", "Join Type": "Inner", "Startup Cost": 104290.19, "Total Cost": 185944.65, "Plan Rows": 1443440, "Plan Width": 16, "Inner Unique": false, "Hash Cond": "(ci.movie_id = mc.movie_id), (LLVM Optimized)", "Plans": [{"Node Type": "Streaming(type: LOCAL REDISTRIBUTE dop: 16/16)", "Parent Relationship": "Outer", "Startup Cost": 15005.41, "Total Cost": 94859.97, "Plan Rows": 1436424, "Plan Width": 8, "Plans": [{"Node Type": "Hash Join", "Parent Relationship": "Outer", "Join Type": "Inner", "Startup Cost": 15005.41, "Total Cost": 74417.27, "Plan Rows": 1436424, "Plan Width": 8, "Inner Unique": true, "Hash Cond": "(ci.role_id = rt.id), (LLVM Optimized)", "Plans": [{"Node Type": "Seq Scan", "Parent Relationship": "Outer", "Relation Name": "cast_info", "Alias": "ci", "Startup Cost": 0.0, "Total Cost": 58282.92, "Plan Rows": 1436424, "Plan Width": 12, "Filter": "((note)::text ~~ '%(producer)%'::text), (LLVM Optimized)"}, {"Node Type": "Hash", "Parent Relationship": "Inner", "Startup Cost": 15005.26, "Total Cost": 15005.26, "Plan Rows": 192, "Plan Width": 4, "Plans": [{"Node Type": "Streaming(type: BROADCAST dop: 16/1)", "Parent Relationship": "Outer", "Startup Cost": 0.0, "Total Cost": 15005.26, "Plan Rows": 192, "Plan Width": 4, "Plans": [{"Node Type": "Seq Scan", "Parent Relationship": "Outer", "Relation Name": "role_type", "Alias": "rt", "Startup Cost": 0.0, "Total Cost": 1.12, "Plan Rows": 12, "Plan Width": 4}]}]}]}]}, {"Node Type": "Hash", "Parent Relationship": "Inner", "Startup Cost": 88282.97, "Total Cost": 88282.97, "Plan Rows": 1282311, "Plan Width": 8, "Plans": [{"Node Type": "Streaming(type: LOCAL REDISTRIBUTE dop: 16/16)", "Parent Relationship": "Outer", "Startup Cost": 24511.53, "Total Cost": 88282.97, "Plan Rows": 1282311, "Plan Width": 8, "Plans": [{"Node Type": "Hash Join", "Parent Relationship": "Outer", "Join Type": "Inner", "Startup Cost": 24511.53, "Total Cost": 68424.21, "Plan Rows": 1282311, "Plan Width": 8, "Inner Unique": true, "Hash Cond": "(mc.company_id = cn.id), (LLVM Optimized)", "Plans": [{"Node Type": "Streaming(type: LOCAL REDISTRIBUTE dop: 16/16)", "Parent Relationship": "Outer", "Startup Cost": 0.0, "Total Cost": 42499.73, "Plan Rows": 2609128, "Plan Width": 12, "Plans": [{"Node Type": "Seq Scan", "Parent Relationship": "Outer", "Relation Name": "movie_companies", "Alias": "mc", "Startup Cost": 0.0, "Total Cost": 17613.58, "Plan Rows": 2609128, "Plan Width": 12}]}, {"Node Type": "Hash", "Parent Relationship": "Inner", "Startup Cost": 24444.99, "Total Cost": 24444.99, "Plan Rows": 85170, "Plan Width": 4, "Plans": [{"Node Type": "Streaming(type: LOCAL REDISTRIBUTE dop: 16/1)", "Parent Relationship": "Outer", "Startup Cost": 0.0, "Total Cost": 24444.99, "Plan Rows": 85170, "Plan Width": 4, "Plans": [{"Node Type": "Seq Scan", "Parent Relationship": "Outer", "Relation Name": "company_name", "Alias": "cn", "Startup Cost": 0.0, "Total Cost": 5903.45, "Plan Rows": 85170, "Plan Width": 4, "Filter": "((country_code)::text = '[us]'::text)"}]}]}]}]}]}]}]}, {"Node Type": "Hash", "Parent Relationship": "Inner", "Startup Cost": 46117.27, "Total Cost": 46117.27, "Plan Rows": 3140338, "Plan Width": 20, "Plans": [{"Node Type": "Streaming(type: LOCAL REDISTRIBUTE dop: 16/16)", "Parent Relationship": "Outer", "Startup Cost": 0.0, "Total Cost": 46117.27, "Plan Rows": 3140338, "Plan Width": 20, "Plans": [{"Node Type": "Seq Scan", "Parent Relationship": "Outer", "Relation Name": "char_name", "Alias": "chn", "Startup Cost": 0.0, "Total Cost": 19218.34, "Plan Rows": 3140338, "Plan Width": 20}]}]}]}, {"Node Type": "Hash", "Parent Relationship": "Inner", "Startup Cost": 15002.07, "Total Cost": 15002.07, "Plan Rows": 48, "Plan Width": 4, "Plans": [{"Node Type": "Streaming(type: BROADCAST dop: 16/1)", "Parent Relationship": "Outer", "Startup Cost": 0.0, "Total Cost": 15002.07, "Plan Rows": 48, "Plan Width": 4, "Plans": [{"Node Type": "Seq Scan", "Parent Relationship": "Outer", "Relation Name": "company_type", "Alias": "ct", "Startup Cost": 0.0, "Total Cost": 1.03, "Plan Rows": 3, "Plan Width": 4}]}]}]}]}, {"Node Type": "Hash", "Parent Relationship": "Inner", "Startup Cost": 40775.83, "Total Cost": 40775.83, "Plan Rows": 1748840, "Plan Width": 21, "Plans": [{"Node Type": "Streaming(type: LOCAL REDISTRIBUTE dop: 16/16)", "Parent Relationship": "Outer", "Startup Cost": 0.0, "Total Cost": 40775.83, "Plan Rows": 1748840, "Plan Width": 21, "Plans": [{"Node Type": "Seq Scan", "Parent Relationship": "Outer", "Relation Name": "title", "Alias": "t", "Startup Cost": 0.0, "Total Cost": 19149.37, "Plan Rows": 1748840, "Plan Width": 21, "Filter": "(production_year > 1990), (LLVM Optimized)"}]}]}]}]}]}]}, "Unique SQL Id": 3145361615}, "explain_analyze_plan": {"Plan": {"Node Type": "Aggregate", "Strategy": "Plain", "Startup Cost": 271604.22, "Total Cost": 271604.25, "Plan Rows": 1, "Plan Width": 97, "Actual Min Startup Time": 2174.468, "Actual Max Startup Time": 2174.468, "Actual Min Total Time": 2174.468, "Actual Max Total Time": 2174.468, "Actual Total Rows": 1, "Plans": [{"Node Type": "Streaming(type: LOCAL GATHER dop: 1/16)", "Parent Relationship": "Outer", "Startup Cost": 271604.22, "Total Cost": 271604.25, "Plan Rows": 1, "Plan Width": 97, "Actual Min Startup Time": 2173.197, "Actual Max Startup Time": 2173.197, "Actual Min Total Time": 2174.438, "Actual Max Total Time": 2174.438, "Actual Total Rows": 16, "Plans": [{"Node Type": "Aggregate", "Strategy": "Plain", "Parent Relationship": "Outer", "Startup Cost": 271604.22, "Total Cost": 271604.23, "Plan Rows": 1, "Plan Width": 97, "Actual Min Startup Time": 1803.512, "Actual Max Startup Time": 2012.607, "Actual Min Total Time": 1803.512, "Actual Max Total Time": 2012.607, "Actual Total Rows": 16, "Plans": [{"Node Type": "Hash Join", "Parent Relationship": "Outer", "Join Type": "Inner", "Startup Cost": 144835.24, "Total Cost": 266757.16, "Plan Rows": 969413, "Plan Width": 33, "Actual Min Startup Time": 1803.506, "Actual Max Startup Time": 2012.599, "Actual Min Total Time": 1803.506, "Actual Max Total Time": 2012.599, "Actual Total Rows": 4, "Inner Unique": true, "Hash Cond": "(mc.movie_id = t.id), (LLVM Optimized, Jit Execute)", "Plans": [{"Node Type": "Streaming(type: LOCAL REDISTRIBUTE dop: 16/16)", "Parent Relationship": "Outer", "Startup Cost": 133275.0, "Total Cost": 254427.04, "Plan Rows": 699731, "Plan Width": 24, "Actual Min Startup Time": 1539.112, "Actual Max Startup Time": 1540.672, "Actual Min Total Time": 1540.566, "Actual Max Total Time": 1540.672, "Actual Total Rows": 6, "Plans": [{"Node Type": "Hash Join", "Parent Relationship": "Outer", "Join Type": "Inner", "Startup Cost": 133275.0, "Total Cost": 236775.71, "Plan Rows": 699731, "Plan Width": 24, "Actual Min Startup Time": 1800.076, "Actual Max Startup Time": 1996.771, "Actual Min Total Time": 1800.076, "Actual Max Total Time": 1996.771, "Actual Total Rows": 6, "Inner Unique": true, "Hash Cond": "(mc.company_type_id = ct.id), (LLVM Optimized, Jit Execute)", "Plans": [{"Node Type": "Hash Join", "Parent Relationship": "Outer", "Join Type": "Inner", "Startup Cost": 118272.9, "Total Cost": 221172.28, "Plan Rows": 699731, "Plan Width": 28, "Actual Min Startup Time": 1798.629, "Actual Max Startup Time": 1995.334, "Actual Min Total Time": 1798.629, "Actual Max Total Time": 1995.334, "Actual Total Rows": 14, "Inner Unique": true, "Hash Cond": "(ci.person_role_id = chn.id), (LLVM Optimized, Jit Execute)", "Plans": [{"Node Type": "Streaming(type: LOCAL REDISTRIBUTE dop: 16/16)", "Parent Relationship": "Outer", "Startup Cost": 104290.19, "Total Cost": 206413.94, "Plan Rows": 1443440, "Plan Width": 16, "Actual Min Startup Time": 249.791, "Actual Max Startup Time": 1381.119, "Actual Min Total Time": 1250.62, "Actual Max Total Time": 1381.119, "Actual Total Rows": 1210267, "Plans": [{"Node Type": "Hash Join", "Parent Relationship": "Outer", "Join Type": "Inner", "Startup Cost": 104290.19, "Total Cost": 185944.65, "Plan Rows": 1443440, "Plan Width": 16, "Actual Min Startup Time": 675.237, "Actual Max Startup Time": 871.852, "Actual Min Total Time": 1272.7, "Actual Max Total Time": 1501.609, "Actual Total Rows": 1210267, "Inner Unique": false, "Hash Cond": "(ci.movie_id = mc.movie_id), (LLVM Optimized, Jit Execute)", "Plans": [{"Node Type": "Streaming(type: LOCAL REDISTRIBUTE dop: 16/16)", "Parent Relationship": "Outer", "Startup Cost": 15005.41, "Total Cost": 94859.97, "Plan Rows": 1436424, "Plan Width": 8, "Actual Min Startup Time": 0.06, "Actual Max Startup Time": 3.768, "Actual Min Total Time": 546.912, "Actual Max Total Time": 583.512, "Actual Total Rows": 1435439, "Plans": [{"Node Type": "Hash Join", "Parent Relationship": "Outer", "Join Type": "Inner", "Startup Cost": 15005.41, "Total Cost": 74417.27, "Plan Rows": 1436424, "Plan Width": 8, "Actual Min Startup Time": 44.696, "Actual Max Startup Time": 357.961, "Actual Min Total Time": 754.774, "Actual Max Total Time": 806.064, "Actual Total Rows": 1435439, "Inner Unique": true, "Hash Cond": "(ci.role_id = rt.id), (LLVM Optimized, Jit Execute)", "Plans": [{"Node Type": "Seq Scan", "Parent Relationship": "Outer", "Relation Name": "cast_info", "Alias": "ci", "Startup Cost": 0.0, "Total Cost": 58282.92, "Plan Rows": 1436424, "Plan Width": 12, "Actual Min Startup Time": 44.599, "Actual Max Startup Time": 357.822, "Actual Min Total Time": 710.585, "Actual Max Total Time": 748.368, "Actual Total Rows": 1435439, "Filter": "((note)::text ~~ '%(producer)%'::text), (LLVM Optimized, Jit Execute)", "Rows Removed by Filter": 34808904}, {"Node Type": "Hash", "Parent Relationship": "Inner", "Startup Cost": 15005.26, "Total Cost": 15005.26, "Plan Rows": 192, "Plan Width": 4, "Actual Min Startup Time": 0.018, "Actual Max Startup Time": 46.807, "Actual Min Total Time": 0.018, "Actual Max Total Time": 46.807, "Actual Total Rows": 192, "Max Hash Buckets": 32768, "Min Hash Buckets": 32768, "Max Hash Batches": 1, "Min Hash Batches": 1, "Max Original Hash Batches": 1, "Min Original Hash Batches": 1, "Max Peak Memory Usage": 1, "min Peak Memory Usage": 1, "Plans": [{"Node Type": "Streaming(type: BROADCAST dop: 16/1)", "Parent Relationship": "Outer", "Startup Cost": 0.0, "Total Cost": 15005.26, "Plan Rows": 192, "Plan Width": 4, "Actual Min Startup Time": 0.006, "Actual Max Startup Time": 42.649, "Actual Min Total Time": 0.007, "Actual Max Total Time": 42.651, "Actual Total Rows": 192, "Plans": [{"Node Type": "Seq Scan", "Parent Relationship": "Outer", "Relation Name": "role_type", "Alias": "rt", "Startup Cost": 0.0, "Total Cost": 1.12, "Plan Rows": 12, "Plan Width": 4, "Actual Min Startup Time": 0.013, "Actual Max Startup Time": 0.013, "Actual Min Total Time": 0.017, "Actual Max Total Time": 0.017, "Actual Total Rows": 12}]}]}]}]}, {"Node Type": "Hash", "Parent Relationship": "Inner", "Startup Cost": 88282.97, "Total Cost": 88282.97, "Plan Rows": 1282311, "Plan Width": 8, "Actual Min Startup Time": 674.911, "Actual Max Startup Time": 871.504, "Actual Min Total Time": 674.911, "Actual Max Total Time": 871.504, "Actual Total Rows": 1153797, "Max Hash Buckets": 131072, "Min Hash Buckets": 131072, "Max Hash Batches": 1, "Min Hash Batches": 1, "Max Original Hash Batches": 1, "Min Original Hash Batches": 1, "Max Peak Memory Usage": 2824, "min Peak Memory Usage": 2824, "Plans": [{"Node Type": "Streaming(type: LOCAL REDISTRIBUTE dop: 16/16)", "Parent Relationship": "Outer", "Startup Cost": 24511.53, "Total Cost": 88282.97, "Plan Rows": 1282311, "Plan Width": 8, "Actual Min Startup Time": 165.521, "Actual Max Startup Time": 362.413, "Actual Min Total Time": 648.186, "Actual Max Total Time": 846.134, "Actual Total Rows": 1153797, "Plans": [{"Node Type": "Hash Join", "Parent Relationship": "Outer", "Join Type": "Inner", "Startup Cost": 24511.53, "Total Cost": 68424.21, "Plan Rows": 1282311, "Plan Width": 8, "Actual Min Startup Time": 157.625, "Actual Max Startup Time": 309.504, "Actual Min Total Time": 514.764, "Actual Max Total Time": 746.156, "Actual Total Rows": 1153797, "Inner Unique": true, "Hash Cond": "(mc.company_id = cn.id), (LLVM Optimized, Jit Execute)", "Plans": [{"Node Type": "Streaming(type: LOCAL REDISTRIBUTE dop: 16/16)", "Parent Relationship": "Outer", "Startup Cost": 0.0, "Total Cost": 42499.73, "Plan Rows": 2609128, "Plan Width": 12, "Actual Min Startup Time": 0.065, "Actual Max Startup Time": 1.561, "Actual Min Total Time": 285.138, "Actual Max Total Time": 396.063, "Actual Total Rows": 2609128, "Plans": [{"Node Type": "Seq Scan", "Parent Relationship": "Outer", "Relation Name": "movie_companies", "Alias": "mc", "Startup Cost": 0.0, "Total Cost": 17613.58, "Plan Rows": 2609128, "Plan Width": 12, "Actual Min Startup Time": 0.025, "Actual Max Startup Time": 0.05, "Actual Min Total Time": 41.101, "Actual Max Total Time": 52.364, "Actual Total Rows": 2609128}]}, {"Node Type": "Hash", "Parent Relationship": "Inner", "Startup Cost": 24444.99, "Total Cost": 24444.99, "Plan Rows": 85170, "Plan Width": 4, "Actual Min Startup Time": 156.603, "Actual Max Startup Time": 309.356, "Actual Min Total Time": 156.603, "Actual Max Total Time": 309.356, "Actual Total Rows": 84843, "Max Hash Buckets": 32768, "Min Hash Buckets": 32768, "Max Hash Batches": 1, "Min Hash Batches": 1, "Max Original Hash Batches": 1, "Min Original Hash Batches": 1, "Max Peak Memory Usage": 182, "min Peak Memory Usage": 182, "Plans": [{"Node Type": "Streaming(type: LOCAL REDISTRIBUTE dop: 16/1)", "Parent Relationship": "Outer", "Startup Cost": 0.0, "Total Cost": 24444.99, "Plan Rows": 85170, "Plan Width": 4, "Actual Min Startup Time": 0.036, "Actual Max Startup Time": 144.9, "Actual Min Total Time": 154.794, "Actual Max Total Time": 307.673, "Actual Total Rows": 84843, "Plans": [{"Node Type": "Seq Scan", "Parent Relationship": "Outer", "Relation Name": "company_name", "Alias": "cn", "Startup Cost": 0.0, "Total Cost": 5903.45, "Plan Rows": 85170, "Plan Width": 4, "Actual Min Startup Time": 0.073, "Actual Max Startup Time": 0.073, "Actual Min Total Time": 90.6, "Actual Max Total Time": 90.6, "Actual Total Rows": 84843, "Filter": "((country_code)::text = '[us]'::text)", "Rows Removed by Filter": 150153}]}]}]}]}]}]}]}, {"Node Type": "Hash", "Parent Relationship": "Inner", "Startup Cost": 46117.27, "Total Cost": 46117.27, "Plan Rows": 3140338, "Plan Width": 20, "Actual Min Startup Time": 417.263, "Actual Max Startup Time": 613.937, "Actual Min Total Time": 417.263, "Actual Max Total Time": 613.937, "Actual Total Rows": 3140338, "Max Hash Buckets": 262144, "Min Hash Buckets": 262144, "Max Hash Batches": 1, "Min Hash Batches": 1, "Max Original Hash Batches": 1, "Min Original Hash Batches": 1, "Max Peak Memory Usage": 10347, "min Peak Memory Usage": 10347, "Plans": [{"Node Type": "Streaming(type: LOCAL REDISTRIBUTE dop: 16/16)", "Parent Relationship": "Outer", "Startup Cost": 0.0, "Total Cost": 46117.27, "Plan Rows": 3140338, "Plan Width": 20, "Actual Min Startup Time": 0.051, "Actual Max Startup Time": 41.823, "Actual Min Total Time": 335.206, "Actual Max Total Time": 532.902, "Actual Total Rows": 3140338, "Plans": [{"Node Type": "Seq Scan", "Parent Relationship": "Outer", "Relation Name": "char_name", "Alias": "chn", "Startup Cost": 0.0, "Total Cost": 19218.34, "Plan Rows": 3140338, "Plan Width": 20, "Actual Min Startup Time": 0.019, "Actual Max Startup Time": 0.062, "Actual Min Total Time": 57.374, "Actual Max Total Time": 66.634, "Actual Total Rows": 3140338}]}]}]}, {"Node Type": "Hash", "Parent Relationship": "Inner", "Startup Cost": 15002.07, "Total Cost": 15002.07, "Plan Rows": 48, "Plan Width": 4, "Actual Min Startup Time": 0.008, "Actual Max Startup Time": 0.021, "Actual Min Total Time": 0.008, "Actual Max Total Time": 0.021, "Actual Total Rows": 48, "Max Hash Buckets": 32768, "Min Hash Buckets": 32768, "Max Hash Batches": 1, "Min Hash Batches": 1, "Max Original Hash Batches": 1, "Min Original Hash Batches": 1, "Max Peak Memory Usage": 1, "min Peak Memory Usage": 1, "Plans": [{"Node Type": "Streaming(type: BROADCAST dop: 16/1)", "Parent Relationship": "Outer", "Startup Cost": 0.0, "Total Cost": 15002.07, "Plan Rows": 48, "Plan Width": 4, "Actual Min Startup Time": 0.004, "Actual Max Startup Time": 0.012, "Actual Min Total Time": 0.004, "Actual Max Total Time": 0.013, "Actual Total Rows": 48, "Plans": [{"Node Type": "Seq Scan", "Parent Relationship": "Outer", "Relation Name": "company_type", "Alias": "ct", "Startup Cost": 0.0, "Total Cost": 1.03, "Plan Rows": 3, "Plan Width": 4, "Actual Min Startup Time": 0.019, "Actual Max Startup Time": 0.019, "Actual Min Total Time": 0.021, "Actual Max Total Time": 0.021, "Actual Total Rows": 3}]}]}]}]}, {"Node Type": "Hash", "Parent Relationship": "Inner", "Startup Cost": 40775.83, "Total Cost": 40775.83, "Plan Rows": 1748840, "Plan Width": 21, "Actual Min Startup Time": 262.767, "Actual Max Startup Time": 471.782, "Actual Min Total Time": 262.767, "Actual Max Total Time": 471.782, "Actual Total Rows": 1749032, "Max Hash Buckets": 131072, "Min Hash Buckets": 131072, "Max Hash Batches": 1, "Min Hash Batches": 1, "Max Original Hash Batches": 1, "Min Original Hash Batches": 1, "Max Peak Memory Usage": 5875, "min Peak Memory Usage": 5875, "Plans": [{"Node Type": "Streaming(type: LOCAL REDISTRIBUTE dop: 16/16)", "Parent Relationship": "Outer", "Startup Cost": 0.0, "Total Cost": 40775.83, "Plan Rows": 1748840, "Plan Width": 21, "Actual Min Startup Time": 0.053, "Actual Max Startup Time": 123.387, "Actual Min Total Time": 228.641, "Actual Max Total Time": 434.39, "Actual Total Rows": 1749032, "Plans": [{"Node Type": "Seq Scan", "Parent Relationship": "Outer", "Relation Name": "title", "Alias": "t", "Startup Cost": 0.0, "Total Cost": 19149.37, "Plan Rows": 1748840, "Plan Width": 21, "Actual Min Startup Time": 0.03, "Actual Max Startup Time": 0.055, "Actual Min Total Time": 63.776, "Actual Max Total Time": 72.406, "Actual Total Rows": 1749032, "Filter": "(production_year > 1990), (LLVM Optimized, Jit Execute)", "Rows Removed by Filter": 779279}]}]}]}]}]}]}, "Triggers": [], "Planner Runtime": 79.462, "Total Runtime": 2215.31, "Unique SQL Id": 3145361615}}, "(16, 105)": {"explain_plan": {"Plan": {"Node Type": "Aggregate", "Strategy": "Plain", "Startup Cost": 1352015.78, "Total Cost": 1352015.81, "Plan Rows": 1, "Plan Width": 97, "Plans": [{"Node Type": "Streaming(type: LOCAL GATHER dop: 1/16)", "Parent Relationship": "Outer", "Startup Cost": 1352015.78, "Total Cost": 1352015.81, "Plan Rows": 1, "Plan Width": 97, "Plans": [{"Node Type": "Aggregate", "Strategy": "Plain", "Parent Relationship": "Outer", "Startup Cost": 1352015.78, "Total Cost": 1352015.79, "Plan Rows": 1, "Plan Width": 97, "Plans": [{"Node Type": "Hash Join", "Parent Relationship": "Outer", "Join Type": "Inner", "Startup Cost": 243552.85, "Total Cost": 1347168.72, "Plan Rows": 969413, "Plan Width": 33, "Inner Unique": true, "Hash Cond": "(mc.movie_id = t.id), (LLVM Optimized)", "Plans": [{"Node Type": "Streaming(type: LOCAL REDISTRIBUTE dop: 16/16)", "Parent Relationship": "Outer", "Startup Cost": 211326.79, "Total Cost": 1314172.78, "Plan Rows": 699731, "Plan Width": 24, "Plans": [{"Node Type": "Hash Join", "Parent Relationship": "Outer", "Join Type": "Inner", "Startup Cost": 211326.79, "Total Cost": 1296521.46, "Plan Rows": 699731, "Plan Width": 24, "Inner Unique": true, "Hash Cond": "(ci.role_id = rt.id), (LLVM Optimized)", "Plans": [{"Node Type": "Hash Join", "Parent Relationship": "Outer", "Join Type": "Inner", "Startup Cost": 196314.07, "Total Cost": 1280907.41, "Plan Rows": 699731, "Plan Width": 28, "Inner Unique": true, "Hash Cond": "(mc.company_type_id = ct.id), (LLVM Optimized)", "Plans": [{"Node Type": "Hash Join", "Parent Relationship": "Outer", "Join Type": "Inner", "Startup Cost": 181304.7, "Total Cost": 1265296.71, "Plan Rows": 699731, "Plan Width": 32, "Inner Unique": true, "Hash Cond": "(mc.company_id = cn.id), (LLVM Optimized)", "Plans": [{"Node Type": "Streaming(type: LOCAL REDISTRIBUTE dop: 16/16)", "Parent Relationship": "Outer", "Startup Cost": 173977.43, "Total Cost": 1257198.42, "Plan Rows": 1423748, "Plan Width": 36, "Plans": [{"Node Type": "Hash Join", "Parent Relationship": "Outer", "Join Type": "Inner", "Startup Cost": 173977.43, "Total Cost": 1236803.75, "Plan Rows": 1423748, "Plan Width": 36, "Inner Unique": false, "Hash Cond": "(ci.movie_id = mc.movie_id), (LLVM Optimized)", "Plans": [{"Node Type": "Streaming(type: LOCAL REDISTRIBUTE dop: 16/16)", "Parent Relationship": "Outer", "Startup Cost": 144787.11, "Total Cost": 1205907.57, "Plan Rows": 696330, "Plan Width": 24, "Plans": [{"Node Type": "Hash Join", "Parent Relationship": "Outer", "Join Type": "Inner", "Startup Cost": 144787.11, "Total Cost": 1188269.13, "Plan Rows": 696330, "Plan Width": 24, "Inner Unique": true, "Hash Cond": "(ci.person_role_id = chn.id), (LLVM Optimized)", "Plans": [{"Node Type": "Streaming(type: LOCAL REDISTRIBUTE dop: 16/16)", "Parent Relationship": "Outer", "Startup Cost": 0.0, "Total Cost": 1042710.15, "Plan Rows": 1436424, "Plan Width": 12, "Plans": [{"Node Type": "Index Scan", "Parent Relationship": "Outer", "Scan Direction": "Forward", "Index Name": "role_id_cast_info", "Relation Name": "cast_info", "Alias": "ci", "Startup Cost": 0.0, "Total Cost": 1022267.45, "Plan Rows": 1436424, "Plan Width": 12, "Filter": "((note)::text ~~ '%(producer)%'::text), (LLVM Optimized)"}]}, {"Node Type": "Hash", "Parent Relationship": "Inner", "Startup Cost": 142333.72, "Total Cost": 142333.72, "Plan Rows": 3140338, "Plan Width": 20, "Plans": [{"Node Type": "Streaming(type: LOCAL REDISTRIBUTE dop: 16/16)", "Parent Relationship": "Outer", "Startup Cost": 0.0, "Total Cost": 142333.72, "Plan Rows": 3140338, "Plan Width": 20, "Plans": [{"Node Type": "Index Scan", "Parent Relationship": "Outer", "Scan Direction": "Forward", "Index Name": "char_name_pkey", "Relation Name": "char_name", "Alias": "chn", "Startup Cost": 0.0, "Total Cost": 115434.79, "Plan Rows": 3140338, "Plan Width": 20}]}]}]}]}, {"Node Type": "Hash", "Parent Relationship": "Inner", "Startup Cost": 108607.74, "Total Cost": 108607.74, "Plan Rows": 2609128, "Plan Width": 12, "Plans": [{"Node Type": "Streaming(type: LOCAL REDISTRIBUTE dop: 16/16)", "Parent Relationship": "Outer", "Startup Cost": 0.0, "Total Cost": 108607.74, "Plan Rows": 2609128, "Plan Width": 12, "Plans": [{"Node Type": "Index Scan", "Parent Relationship": "Outer", "Scan Direction": "Forward", "Index Name": "company_type_id_movie_companies", "Relation Name": "movie_companies", "Alias": "mc", "Startup Cost": 0.0, "Total Cost": 83721.6, "Plan Rows": 2609128, "Plan Width": 12}]}]}]}]}, {"Node Type": "Hash", "Parent Relationship": "Inner", "Startup Cost": 29042.93, "Total Cost": 29042.93, "Plan Rows": 85170, "Plan Width": 4, "Plans": [{"Node Type": "Streaming(type: LOCAL REDISTRIBUTE dop: 16/1)", "Parent Relationship": "Outer", "Startup Cost": 0.0, "Total Cost": 29042.93, "Plan Rows": 85170, "Plan Width": 4, "Plans": [{"Node Type": "Index Scan", "Parent Relationship": "Outer", "Scan Direction": "Forward", "Index Name": "company_name_pkey", "Relation Name": "company_name", "Alias": "cn", "Startup Cost": 0.0, "Total Cost": 10501.39, "Plan Rows": 85170, "Plan Width": 4, "Filter": "((country_code)::text = '[us]'::text)"}]}]}]}, {"Node Type": "Hash", "Parent Relationship": "Inner", "Startup Cost": 15009.33, "Total Cost": 15009.33, "Plan Rows": 48, "Plan Width": 4, "Plans": [{"Node Type": "Streaming(type: BROADCAST dop: 16/1)", "Parent Relationship": "Outer", "Startup Cost": 0.0, "Total Cost": 15009.33, "Plan Rows": 48, "Plan Width": 4, "Plans": [{"Node Type": "Index Only Scan", "Parent Relationship": "Outer", "Scan Direction": "Forward", "Index Name": "company_type_pkey", "Relation Name": "company_type", "Alias": "ct", "Startup Cost": 0.0, "Total Cost": 8.29, "Plan Rows": 3, "Plan Width": 4}]}]}]}, {"Node Type": "Hash", "Parent Relationship": "Inner", "Startup Cost": 15012.57, "Total Cost": 15012.57, "Plan Rows": 192, "Plan Width": 4, "Plans": [{"Node Type": "Streaming(type: BROADCAST dop: 16/1)", "Parent Relationship": "Outer", "Startup Cost": 0.0, "Total Cost": 15012.57, "Plan Rows": 192, "Plan Width": 4, "Plans": [{"Node Type": "Index Only Scan", "Parent Relationship": "Outer", "Scan Direction": "Forward", "Index Name": "role_type_pkey", "Relation Name": "role_type", "Alias": "rt", "Startup Cost": 0.0, "Total Cost": 8.43, "Plan Rows": 12, "Plan Width": 4}]}]}]}]}, {"Node Type": "Hash", "Parent Relationship": "Inner", "Startup Cost": 123439.09, "Total Cost": 123439.09, "Plan Rows": 1748840, "Plan Width": 21, "Plans": [{"Node Type": "Streaming(type: LOCAL REDISTRIBUTE dop: 16/16)", "Parent Relationship": "Outer", "Startup Cost": 0.0, "Total Cost": 123439.09, "Plan Rows": 1748840, "Plan Width": 21, "Plans": [{"Node Type": "Index Scan", "Parent Relationship": "Outer", "Scan Direction": "Forward", "Index Name": "title_pkey", "Relation Name": "title", "Alias": "t", "Startup Cost": 0.0, "Total Cost": 101812.62, "Plan Rows": 1748840, "Plan Width": 21, "Filter": "(production_year > 1990), (LLVM Optimized)"}]}]}]}]}]}]}, "Unique SQL Id": 3145361615}, "explain_analyze_plan": {"Plan": {"Node Type": "Aggregate", "Strategy": "Plain", "Startup Cost": 1352015.78, "Total Cost": 1352015.81, "Plan Rows": 1, "Plan Width": 97, "Actual Min Startup Time": 3343.002, "Actual Max Startup Time": 3343.002, "Actual Min Total Time": 3343.002, "Actual Max Total Time": 3343.002, "Actual Total Rows": 1, "Plans": [{"Node Type": "Streaming(type: LOCAL GATHER dop: 1/16)", "Parent Relationship": "Outer", "Startup Cost": 1352015.78, "Total Cost": 1352015.81, "Plan Rows": 1, "Plan Width": 97, "Actual Min Startup Time": 3341.759, "Actual Max Startup Time": 3341.759, "Actual Min Total Time": 3342.937, "Actual Max Total Time": 3342.937, "Actual Total Rows": 16, "Plans": [{"Node Type": "Aggregate", "Strategy": "Plain", "Parent Relationship": "Outer", "Startup Cost": 1352015.78, "Total Cost": 1352015.79, "Plan Rows": 1, "Plan Width": 97, "Actual Min Startup Time": 2998.251, "Actual Max Startup Time": 3064.519, "Actual Min Total Time": 2998.251, "Actual Max Total Time": 3064.52, "Actual Total Rows": 16, "Plans": [{"Node Type": "Hash Join", "Parent Relationship": "Outer", "Join Type": "Inner", "Startup Cost": 243552.85, "Total Cost": 1347168.72, "Plan Rows": 969413, "Plan Width": 33, "Actual Min Startup Time": 2998.242, "Actual Max Startup Time": 3064.512, "Actual Min Total Time": 2998.242, "Actual Max Total Time": 3064.512, "Actual Total Rows": 4, "Inner Unique": true, "Hash Cond": "(mc.movie_id = t.id), (LLVM Optimized, Jit Execute)", "Plans": [{"Node Type": "Streaming(type: LOCAL REDISTRIBUTE dop: 16/16)", "Parent Relationship": "Outer", "Startup Cost": 211326.79, "Total Cost": 1314172.78, "Plan Rows": 699731, "Plan Width": 24, "Actual Min Startup Time": 2346.721, "Actual Max Startup Time": 2348.271, "Actual Min Total Time": 2348.073, "Actual Max Total Time": 2348.271, "Actual Total Rows": 6, "Plans": [{"Node Type": "Hash Join", "Parent Relationship": "Outer", "Join Type": "Inner", "Startup Cost": 211326.79, "Total Cost": 1296521.46, "Plan Rows": 699731, "Plan Width": 24, "Actual Min Startup Time": 2997.079, "Actual Max Startup Time": 3142.963, "Actual Min Total Time": 2997.079, "Actual Max Total Time": 3142.963, "Actual Total Rows": 6, "Inner Unique": true, "Hash Cond": "(ci.role_id = rt.id), (LLVM Optimized, Jit Execute)", "Plans": [{"Node Type": "Hash Join", "Parent Relationship": "Outer", "Join Type": "Inner", "Startup Cost": 196314.07, "Total Cost": 1280907.41, "Plan Rows": 699731, "Plan Width": 28, "Actual Min Startup Time": 2996.973, "Actual Max Startup Time": 3142.688, "Actual Min Total Time": 2996.973, "Actual Max Total Time": 3142.688, "Actual Total Rows": 6, "Inner Unique": true, "Hash Cond": "(mc.company_type_id = ct.id), (LLVM Optimized, Jit Execute)", "Plans": [{"Node Type": "Hash Join", "Parent Relationship": "Outer", "Join Type": "Inner", "Startup Cost": 181304.7, "Total Cost": 1265296.71, "Plan Rows": 699731, "Plan Width": 32, "Actual Min Startup Time": 2995.605, "Actual Max Startup Time": 3142.542, "Actual Min Total Time": 2996.852, "Actual Max Total Time": 3142.542, "Actual Total Rows": 14, "Inner Unique": true, "Hash Cond": "(mc.company_id = cn.id), (LLVM Optimized, Jit Execute)", "Plans": [{"Node Type": "Streaming(type: LOCAL REDISTRIBUTE dop: 16/16)", "Parent Relationship": "Outer", "Startup Cost": 173977.43, "Total Cost": 1257198.42, "Plan Rows": 1423748, "Plan Width": 36, "Actual Min Startup Time": 2553.167, "Actual Max Startup Time": 2554.577, "Actual Min Total Time": 2554.416, "Actual Max Total Time": 2554.577, "Actual Total Rows": 31, "Plans": [{"Node Type": "Hash Join", "Parent Relationship": "Outer", "Join Type": "Inner", "Startup Cost": 173977.43, "Total Cost": 1236803.75, "Plan Rows": 1423748, "Plan Width": 36, "Actual Min Startup Time": 2993.866, "Actual Max Startup Time": 3216.197, "Actual Min Total Time": 2995.193, "Actual Max Total Time": 3216.197, "Actual Total Rows": 31, "Inner Unique": false, "Hash Cond": "(ci.movie_id = mc.movie_id), (LLVM Optimized, Jit Execute)", "Plans": [{"Node Type": "Streaming(type: LOCAL REDISTRIBUTE dop: 16/16)", "Parent Relationship": "Outer", "Startup Cost": 144787.11, "Total Cost": 1205907.57, "Plan Rows": 696330, "Plan Width": 24, "Actual Min Startup Time": 2561.069, "Actual Max Startup Time": 2562.742, "Actual Min Total Time": 2562.409, "Actual Max Total Time": 2562.783, "Actual Total Rows": 15, "Plans": [{"Node Type": "Hash Join", "Parent Relationship": "Outer", "Join Type": "Inner", "Startup Cost": 144787.11, "Total Cost": 1188269.13, "Plan Rows": 696330, "Plan Width": 24, "Actual Min Startup Time": 1327.743, "Actual Max Startup Time": 3216.278, "Actual Min Total Time": 2997.382, "Actual Max Total Time": 3216.278, "Actual Total Rows": 15, "Inner Unique": true, "Hash Cond": "(ci.person_role_id = chn.id), (LLVM Optimized, Jit Execute)", "Plans": [{"Node Type": "Streaming(type: LOCAL REDISTRIBUTE dop: 16/16)", "Parent Relationship": "Outer", "Startup Cost": 0.0, "Total Cost": 1042710.15, "Plan Rows": 1436424, "Plan Width": 12, "Actual Min Startup Time": 0.058, "Actual Max Startup Time": 2230.423, "Actual Min Total Time": 2075.575, "Actual Max Total Time": 2230.423, "Actual Total Rows": 1435439, "Plans": [{"Node Type": "Index Scan", "Parent Relationship": "Outer", "Scan Direction": "Forward", "Index Name": "role_id_cast_info", "Relation Name": "cast_info", "Alias": "ci", "Startup Cost": 0.0, "Total Cost": 1022267.45, "Plan Rows": 1436424, "Plan Width": 12, "Actual Min Startup Time": 316.765, "Actual Max Startup Time": 2106.389, "Actual Min Total Time": 1366.519, "Actual Max Total Time": 2106.389, "Actual Total Rows": 1435439, "Filter": "((note)::text ~~ '%(producer)%'::text), (LLVM Optimized, Jit Execute)", "Rows Removed by Filter": 34808904}]}, {"Node Type": "Hash", "Parent Relationship": "Inner", "Startup Cost": 142333.72, "Total Cost": 142333.72, "Plan Rows": 3140338, "Plan Width": 20, "Actual Min Startup Time": 766.773, "Actual Max Startup Time": 985.631, "Actual Min Total Time": 766.773, "Actual Max Total Time": 985.631, "Actual Total Rows": 3140338, "Max Hash Buckets": 262144, "Min Hash Buckets": 262144, "Max Hash Batches": 1, "Min Hash Batches": 1, "Max Original Hash Batches": 1, "Min Original Hash Batches": 1, "Max Peak Memory Usage": 10347, "min Peak Memory Usage": 10347, "Plans": [{"Node Type": "Streaming(type: LOCAL REDISTRIBUTE dop: 16/16)", "Parent Relationship": "Outer", "Startup Cost": 0.0, "Total Cost": 142333.72, "Plan Rows": 3140338, "Plan Width": 20, "Actual Min Startup Time": 0.052, "Actual Max Startup Time": 64.744, "Actual Min Total Time": 679.723, "Actual Max Total Time": 915.161, "Actual Total Rows": 3140338, "Plans": [{"Node Type": "Index Scan", "Parent Relationship": "Outer", "Scan Direction": "Forward", "Index Name": "char_name_pkey", "Relation Name": "char_name", "Alias": "chn", "Startup Cost": 0.0, "Total Cost": 115434.79, "Plan Rows": 3140338, "Plan Width": 20, "Actual Min Startup Time": 0.059, "Actual Max Startup Time": 44.587, "Actual Min Total Time": 307.04, "Actual Max Total Time": 474.838, "Actual Total Rows": 3140338}]}]}]}]}, {"Node Type": "Hash", "Parent Relationship": "Inner", "Startup Cost": 108607.74, "Total Cost": 108607.74, "Plan Rows": 2609128, "Plan Width": 12, "Actual Min Startup Time": 432.062, "Actual Max Startup Time": 653.23, "Actual Min Total Time": 432.062, "Actual Max Total Time": 653.23, "Actual Total Rows": 2609128, "Max Hash Buckets": 262144, "Min Hash Buckets": 262144, "Max Hash Batches": 1, "Min Hash Batches": 1, "Max Original Hash Batches": 1, "Min Original Hash Batches": 1, "Max Peak Memory Usage": 7036, "min Peak Memory Usage": 7036, "Plans": [{"Node Type": "Streaming(type: LOCAL REDISTRIBUTE dop: 16/16)", "Parent Relationship": "Outer", "Startup Cost": 0.0, "Total Cost": 108607.74, "Plan Rows": 2609128, "Plan Width": 12, "Actual Min Startup Time": 0.051, "Actual Max Startup Time": 100.913, "Actual Min Total Time": 364.095, "Actual Max Total Time": 591.37, "Actual Total Rows": 2609128, "Plans": [{"Node Type": "Index Scan", "Parent Relationship": "Outer", "Scan Direction": "Forward", "Index Name": "company_type_id_movie_companies", "Relation Name": "movie_companies", "Alias": "mc", "Startup Cost": 0.0, "Total Cost": 83721.6, "Plan Rows": 2609128, "Plan Width": 12, "Actual Min Startup Time": 21.378, "Actual Max Startup Time": 117.319, "Actual Min Total Time": 102.147, "Actual Max Total Time": 212.333, "Actual Total Rows": 2609128}]}]}]}]}, {"Node Type": "Hash", "Parent Relationship": "Inner", "Startup Cost": 29042.93, "Total Cost": 29042.93, "Plan Rows": 85170, "Plan Width": 4, "Actual Min Startup Time": 442.228, "Actual Max Startup Time": 587.906, "Actual Min Total Time": 442.228, "Actual Max Total Time": 587.906, "Actual Total Rows": 84843, "Max Hash Buckets": 32768, "Min Hash Buckets": 32768, "Max Hash Batches": 1, "Min Hash Batches": 1, "Max Original Hash Batches": 1, "Min Original Hash Batches": 1, "Max Peak Memory Usage": 182, "min Peak Memory Usage": 182, "Plans": [{"Node Type": "Streaming(type: LOCAL REDISTRIBUTE dop: 16/1)", "Parent Relationship": "Outer", "Startup Cost": 0.0, "Total Cost": 29042.93, "Plan Rows": 85170, "Plan Width": 4, "Actual Min Startup Time": 0.033, "Actual Max Startup Time": 143.411, "Actual Min Total Time": 439.249, "Actual Max Total Time": 585.844, "Actual Total Rows": 84843, "Plans": [{"Node Type": "Index Scan", "Parent Relationship": "Outer", "Scan Direction": "Forward", "Index Name": "company_name_pkey", "Relation Name": "company_name", "Alias": "cn", "Startup Cost": 0.0, "Total Cost": 10501.39, "Plan Rows": 85170, "Plan Width": 4, "Actual Min Startup Time": 0.067, "Actual Max Startup Time": 0.067, "Actual Min Total Time": 373.545, "Actual Max Total Time": 373.545, "Actual Total Rows": 84843, "Filter": "((country_code)::text = '[us]'::text)", "Rows Removed by Filter": 150153}]}]}]}, {"Node Type": "Hash", "Parent Relationship": "Inner", "Startup Cost": 15009.33, "Total Cost": 15009.33, "Plan Rows": 48, "Plan Width": 4, "Actual Min Startup Time": 0.01, "Actual Max Startup Time": 0.037, "Actual Min Total Time": 0.01, "Actual Max Total Time": 0.037, "Actual Total Rows": 48, "Max Hash Buckets": 32768, "Min Hash Buckets": 32768, "Max Hash Batches": 1, "Min Hash Batches": 1, "Max Original Hash Batches": 1, "Min Original Hash Batches": 1, "Max Peak Memory Usage": 1, "min Peak Memory Usage": 1, "Plans": [{"Node Type": "Streaming(type: BROADCAST dop: 16/1)", "Parent Relationship": "Outer", "Startup Cost": 0.0, "Total Cost": 15009.33, "Plan Rows": 48, "Plan Width": 4, "Actual Min Startup Time": 0.003, "Actual Max Startup Time": 0.006, "Actual Min Total Time": 0.003, "Actual Max Total Time": 0.007, "Actual Total Rows": 48, "Plans": [{"Node Type": "Index Only Scan", "Parent Relationship": "Outer", "Scan Direction": "Forward", "Index Name": "company_type_pkey", "Relation Name": "company_type", "Alias": "ct", "Startup Cost": 0.0, "Total Cost": 8.29, "Plan Rows": 3, "Plan Width": 4, "Actual Min Startup Time": 0.017, "Actual Max Startup Time": 0.017, "Actual Min Total Time": 0.019, "Actual Max Total Time": 0.019, "Actual Total Rows": 3, "Heap Fetches": 0}]}]}]}, {"Node Type": "Hash", "Parent Relationship": "Inner", "Startup Cost": 15012.57, "Total Cost": 15012.57, "Plan Rows": 192, "Plan Width": 4, "Actual Min Startup Time": 0.015, "Actual Max Startup Time": 0.03, "Actual Min Total Time": 0.015, "Actual Max Total Time": 0.03, "Actual Total Rows": 192, "Max Hash Buckets": 32768, "Min Hash Buckets": 32768, "Max Hash Batches": 1, "Min Hash Batches": 1, "Max Original Hash Batches": 1, "Min Original Hash Batches": 1, "Max Peak Memory Usage": 1, "min Peak Memory Usage": 1, "Plans": [{"Node Type": "Streaming(type: BROADCAST dop: 16/1)", "Parent Relationship": "Outer", "Startup Cost": 0.0, "Total Cost": 15012.57, "Plan Rows": 192, "Plan Width": 4, "Actual Min Startup Time": 0.007, "Actual Max Startup Time": 0.015, "Actual Min Total Time": 0.007, "Actual Max Total Time": 0.017, "Actual Total Rows": 192, "Plans": [{"Node Type": "Index Only Scan", "Parent Relationship": "Outer", "Scan Direction": "Forward", "Index Name": "role_type_pkey", "Relation Name": "role_type", "Alias": "rt", "Startup Cost": 0.0, "Total Cost": 8.43, "Plan Rows": 12, "Plan Width": 4, "Actual Min Startup Time": 0.013, "Actual Max Startup Time": 0.013, "Actual Min Total Time": 0.016, "Actual Max Total Time": 0.016, "Actual Total Rows": 12, "Heap Fetches": 0}]}]}]}]}, {"Node Type": "Hash", "Parent Relationship": "Inner", "Startup Cost": 123439.09, "Total Cost": 123439.09, "Plan Rows": 1748840, "Plan Width": 21, "Actual Min Startup Time": 649.863, "Actual Max Startup Time": 716.153, "Actual Min Total Time": 649.863, "Actual Max Total Time": 716.153, "Actual Total Rows": 1749032, "Max Hash Buckets": 131072, "Min Hash Buckets": 131072, "Max Hash Batches": 1, "Min Hash Batches": 1, "Max Original Hash Batches": 1, "Min Original Hash Batches": 1, "Max Peak Memory Usage": 5875, "min Peak Memory Usage": 5875, "Plans": [{"Node Type": "Streaming(type: LOCAL REDISTRIBUTE dop: 16/16)", "Parent Relationship": "Outer", "Startup Cost": 0.0, "Total Cost": 123439.09, "Plan Rows": 1748840, "Plan Width": 21, "Actual Min Startup Time": 0.061, "Actual Max Startup Time": 0.84, "Actual Min Total Time": 594.968, "Actual Max Total Time": 659.063, "Actual Total Rows": 1749032, "Plans": [{"Node Type": "Index Scan", "Parent Relationship": "Outer", "Scan Direction": "Forward", "Index Name": "title_pkey", "Relation Name": "title", "Alias": "t", "Startup Cost": 0.0, "Total Cost": 101812.62, "Plan Rows": 1748840, "Plan Width": 21, "Actual Min Startup Time": 0.076, "Actual Max Startup Time": 16.805, "Actual Min Total Time": 270.881, "Actual Max Total Time": 447.951, "Actual Total Rows": 1749032, "Filter": "(production_year > 1990), (LLVM Optimized, Jit Execute)", "Rows Removed by Filter": 779279}]}]}]}]}]}]}, "Triggers": [], "Planner Runtime": 54.698, "Total Runtime": 3381.937, "Unique SQL Id": 3145361615}}, "(16, 106)": {"explain_plan": {"Plan": {"Node Type": "Aggregate", "Strategy": "Plain", "Startup Cost": 271604.22, "Total Cost": 271604.25, "Plan Rows": 1, "Plan Width": 97, "Plans": [{"Node Type": "Streaming(type: LOCAL GATHER dop: 1/16)", "Parent Relationship": "Outer", "Startup Cost": 271604.22, "Total Cost": 271604.25, "Plan Rows": 1, "Plan Width": 97, "Plans": [{"Node Type": "Aggregate", "Strategy": "Plain", "Parent Relationship": "Outer", "Startup Cost": 271604.22, "Total Cost": 271604.23, "Plan Rows": 1, "Plan Width": 97, "Plans": [{"Node Type": "Hash Join", "Parent Relationship": "Outer", "Join Type": "Inner", "Startup Cost": 144835.24, "Total Cost": 266757.16, "Plan Rows": 969413, "Plan Width": 33, "Inner Unique": true, "Hash Cond": "(mc.movie_id = t.id), (LLVM Optimized)", "Plans": [{"Node Type": "Streaming(type: LOCAL REDISTRIBUTE dop: 16/16)", "Parent Relationship": "Outer", "Startup Cost": 133275.0, "Total Cost": 254427.04, "Plan Rows": 699731, "Plan Width": 24, "Plans": [{"Node Type": "Hash Join", "Parent Relationship": "Outer", "Join Type": "Inner", "Startup Cost": 133275.0, "Total Cost": 236775.71, "Plan Rows": 699731, "Plan Width": 24, "Inner Unique": true, "Hash Cond": "(mc.company_type_id = ct.id), (LLVM Optimized)", "Plans": [{"Node Type": "Hash Join", "Parent Relationship": "Outer", "Join Type": "Inner", "Startup Cost": 118272.9, "Total Cost": 221172.28, "Plan Rows": 699731, "Plan Width": 28, "Inner Unique": true, "Hash Cond": "(ci.person_role_id = chn.id), (LLVM Optimized)", "Plans": [{"Node Type": "Streaming(type: LOCAL REDISTRIBUTE dop: 16/16)", "Parent Relationship": "Outer", "Startup Cost": 104290.19, "Total Cost": 206413.94, "Plan Rows": 1443440, "Plan Width": 16, "Plans": [{"Node Type": "Hash Join", "Parent Relationship": "Outer", "Join Type": "Inner", "Startup Cost": 104290.19, "Total Cost": 185944.65, "Plan Rows": 1443440, "Plan Width": 16, "Inner Unique": false, "Hash Cond": "(ci.movie_id = mc.movie_id), (LLVM Optimized)", "Plans": [{"Node Type": "Streaming(type: LOCAL REDISTRIBUTE dop: 16/16)", "Parent Relationship": "Outer", "Startup Cost": 15005.41, "Total Cost": 94859.97, "Plan Rows": 1436424, "Plan Width": 8, "Plans": [{"Node Type": "Hash Join", "Parent Relationship": "Outer", "Join Type": "Inner", "Startup Cost": 15005.41, "Total Cost": 74417.27, "Plan Rows": 1436424, "Plan Width": 8, "Inner Unique": true, "Hash Cond": "(ci.role_id = rt.id), (LLVM Optimized)", "Plans": [{"Node Type": "Seq Scan", "Parent Relationship": "Outer", "Relation Name": "cast_info", "Alias": "ci", "Startup Cost": 0.0, "Total Cost": 58282.92, "Plan Rows": 1436424, "Plan Width": 12, "Filter": "((note)::text ~~ '%(producer)%'::text), (LLVM Optimized)"}, {"Node Type": "Hash", "Parent Relationship": "Inner", "Startup Cost": 15005.26, "Total Cost": 15005.26, "Plan Rows": 192, "Plan Width": 4, "Plans": [{"Node Type": "Streaming(type: BROADCAST dop: 16/1)", "Parent Relationship": "Outer", "Startup Cost": 0.0, "Total Cost": 15005.26, "Plan Rows": 192, "Plan Width": 4, "Plans": [{"Node Type": "Seq Scan", "Parent Relationship": "Outer", "Relation Name": "role_type", "Alias": "rt", "Startup Cost": 0.0, "Total Cost": 1.12, "Plan Rows": 12, "Plan Width": 4}]}]}]}]}, {"Node Type": "Hash", "Parent Relationship": "Inner", "Startup Cost": 88282.97, "Total Cost": 88282.97, "Plan Rows": 1282311, "Plan Width": 8, "Plans": [{"Node Type": "Streaming(type: LOCAL REDISTRIBUTE dop: 16/16)", "Parent Relationship": "Outer", "Startup Cost": 24511.53, "Total Cost": 88282.97, "Plan Rows": 1282311, "Plan Width": 8, "Plans": [{"Node Type": "Hash Join", "Parent Relationship": "Outer", "Join Type": "Inner", "Startup Cost": 24511.53, "Total Cost": 68424.21, "Plan Rows": 1282311, "Plan Width": 8, "Inner Unique": true, "Hash Cond": "(mc.company_id = cn.id), (LLVM Optimized)", "Plans": [{"Node Type": "Streaming(type: LOCAL REDISTRIBUTE dop: 16/16)", "Parent Relationship": "Outer", "Startup Cost": 0.0, "Total Cost": 42499.73, "Plan Rows": 2609128, "Plan Width": 12, "Plans": [{"Node Type": "Seq Scan", "Parent Relationship": "Outer", "Relation Name": "movie_companies", "Alias": "mc", "Startup Cost": 0.0, "Total Cost": 17613.58, "Plan Rows": 2609128, "Plan Width": 12}]}, {"Node Type": "Hash", "Parent Relationship": "Inner", "Startup Cost": 24444.99, "Total Cost": 24444.99, "Plan Rows": 85170, "Plan Width": 4, "Plans": [{"Node Type": "Streaming(type: LOCAL REDISTRIBUTE dop: 16/1)", "Parent Relationship": "Outer", "Startup Cost": 0.0, "Total Cost": 24444.99, "Plan Rows": 85170, "Plan Width": 4, "Plans": [{"Node Type": "Seq Scan", "Parent Relationship": "Outer", "Relation Name": "company_name", "Alias": "cn", "Startup Cost": 0.0, "Total Cost": 5903.45, "Plan Rows": 85170, "Plan Width": 4, "Filter": "((country_code)::text = '[us]'::text)"}]}]}]}]}]}]}]}, {"Node Type": "Hash", "Parent Relationship": "Inner", "Startup Cost": 46117.27, "Total Cost": 46117.27, "Plan Rows": 3140338, "Plan Width": 20, "Plans": [{"Node Type": "Streaming(type: LOCAL REDISTRIBUTE dop: 16/16)", "Parent Relationship": "Outer", "Startup Cost": 0.0, "Total Cost": 46117.27, "Plan Rows": 3140338, "Plan Width": 20, "Plans": [{"Node Type": "Seq Scan", "Parent Relationship": "Outer", "Relation Name": "char_name", "Alias": "chn", "Startup Cost": 0.0, "Total Cost": 19218.34, "Plan Rows": 3140338, "Plan Width": 20}]}]}]}, {"Node Type": "Hash", "Parent Relationship": "Inner", "Startup Cost": 15002.07, "Total Cost": 15002.07, "Plan Rows": 48, "Plan Width": 4, "Plans": [{"Node Type": "Streaming(type: BROADCAST dop: 16/1)", "Parent Relationship": "Outer", "Startup Cost": 0.0, "Total Cost": 15002.07, "Plan Rows": 48, "Plan Width": 4, "Plans": [{"Node Type": "Seq Scan", "Parent Relationship": "Outer", "Relation Name": "company_type", "Alias": "ct", "Startup Cost": 0.0, "Total Cost": 1.03, "Plan Rows": 3, "Plan Width": 4}]}]}]}]}, {"Node Type": "Hash", "Parent Relationship": "Inner", "Startup Cost": 40775.83, "Total Cost": 40775.83, "Plan Rows": 1748840, "Plan Width": 21, "Plans": [{"Node Type": "Streaming(type: LOCAL REDISTRIBUTE dop: 16/16)", "Parent Relationship": "Outer", "Startup Cost": 0.0, "Total Cost": 40775.83, "Plan Rows": 1748840, "Plan Width": 21, "Plans": [{"Node Type": "Seq Scan", "Parent Relationship": "Outer", "Relation Name": "title", "Alias": "t", "Startup Cost": 0.0, "Total Cost": 19149.37, "Plan Rows": 1748840, "Plan Width": 21, "Filter": "(production_year > 1990), (LLVM Optimized)"}]}]}]}]}]}]}, "Unique SQL Id": 3145361615}, "explain_analyze_plan": {"Plan": {"Node Type": "Aggregate", "Strategy": "Plain", "Startup Cost": 271604.22, "Total Cost": 271604.25, "Plan Rows": 1, "Plan Width": 97, "Actual Min Startup Time": 2174.468, "Actual Max Startup Time": 2174.468, "Actual Min Total Time": 2174.468, "Actual Max Total Time": 2174.468, "Actual Total Rows": 1, "Plans": [{"Node Type": "Streaming(type: LOCAL GATHER dop: 1/16)", "Parent Relationship": "Outer", "Startup Cost": 271604.22, "Total Cost": 271604.25, "Plan Rows": 1, "Plan Width": 97, "Actual Min Startup Time": 2173.197, "Actual Max Startup Time": 2173.197, "Actual Min Total Time": 2174.438, "Actual Max Total Time": 2174.438, "Actual Total Rows": 16, "Plans": [{"Node Type": "Aggregate", "Strategy": "Plain", "Parent Relationship": "Outer", "Startup Cost": 271604.22, "Total Cost": 271604.23, "Plan Rows": 1, "Plan Width": 97, "Actual Min Startup Time": 1803.512, "Actual Max Startup Time": 2012.607, "Actual Min Total Time": 1803.512, "Actual Max Total Time": 2012.607, "Actual Total Rows": 16, "Plans": [{"Node Type": "Hash Join", "Parent Relationship": "Outer", "Join Type": "Inner", "Startup Cost": 144835.24, "Total Cost": 266757.16, "Plan Rows": 969413, "Plan Width": 33, "Actual Min Startup Time": 1803.506, "Actual Max Startup Time": 2012.599, "Actual Min Total Time": 1803.506, "Actual Max Total Time": 2012.599, "Actual Total Rows": 4, "Inner Unique": true, "Hash Cond": "(mc.movie_id = t.id), (LLVM Optimized, Jit Execute)", "Plans": [{"Node Type": "Streaming(type: LOCAL REDISTRIBUTE dop: 16/16)", "Parent Relationship": "Outer", "Startup Cost": 133275.0, "Total Cost": 254427.04, "Plan Rows": 699731, "Plan Width": 24, "Actual Min Startup Time": 1539.112, "Actual Max Startup Time": 1540.672, "Actual Min Total Time": 1540.566, "Actual Max Total Time": 1540.672, "Actual Total Rows": 6, "Plans": [{"Node Type": "Hash Join", "Parent Relationship": "Outer", "Join Type": "Inner", "Startup Cost": 133275.0, "Total Cost": 236775.71, "Plan Rows": 699731, "Plan Width": 24, "Actual Min Startup Time": 1800.076, "Actual Max Startup Time": 1996.771, "Actual Min Total Time": 1800.076, "Actual Max Total Time": 1996.771, "Actual Total Rows": 6, "Inner Unique": true, "Hash Cond": "(mc.company_type_id = ct.id), (LLVM Optimized, Jit Execute)", "Plans": [{"Node Type": "Hash Join", "Parent Relationship": "Outer", "Join Type": "Inner", "Startup Cost": 118272.9, "Total Cost": 221172.28, "Plan Rows": 699731, "Plan Width": 28, "Actual Min Startup Time": 1798.629, "Actual Max Startup Time": 1995.334, "Actual Min Total Time": 1798.629, "Actual Max Total Time": 1995.334, "Actual Total Rows": 14, "Inner Unique": true, "Hash Cond": "(ci.person_role_id = chn.id), (LLVM Optimized, Jit Execute)", "Plans": [{"Node Type": "Streaming(type: LOCAL REDISTRIBUTE dop: 16/16)", "Parent Relationship": "Outer", "Startup Cost": 104290.19, "Total Cost": 206413.94, "Plan Rows": 1443440, "Plan Width": 16, "Actual Min Startup Time": 249.791, "Actual Max Startup Time": 1381.119, "Actual Min Total Time": 1250.62, "Actual Max Total Time": 1381.119, "Actual Total Rows": 1210267, "Plans": [{"Node Type": "Hash Join", "Parent Relationship": "Outer", "Join Type": "Inner", "Startup Cost": 104290.19, "Total Cost": 185944.65, "Plan Rows": 1443440, "Plan Width": 16, "Actual Min Startup Time": 675.237, "Actual Max Startup Time": 871.852, "Actual Min Total Time": 1272.7, "Actual Max Total Time": 1501.609, "Actual Total Rows": 1210267, "Inner Unique": false, "Hash Cond": "(ci.movie_id = mc.movie_id), (LLVM Optimized, Jit Execute)", "Plans": [{"Node Type": "Streaming(type: LOCAL REDISTRIBUTE dop: 16/16)", "Parent Relationship": "Outer", "Startup Cost": 15005.41, "Total Cost": 94859.97, "Plan Rows": 1436424, "Plan Width": 8, "Actual Min Startup Time": 0.06, "Actual Max Startup Time": 3.768, "Actual Min Total Time": 546.912, "Actual Max Total Time": 583.512, "Actual Total Rows": 1435439, "Plans": [{"Node Type": "Hash Join", "Parent Relationship": "Outer", "Join Type": "Inner", "Startup Cost": 15005.41, "Total Cost": 74417.27, "Plan Rows": 1436424, "Plan Width": 8, "Actual Min Startup Time": 44.696, "Actual Max Startup Time": 357.961, "Actual Min Total Time": 754.774, "Actual Max Total Time": 806.064, "Actual Total Rows": 1435439, "Inner Unique": true, "Hash Cond": "(ci.role_id = rt.id), (LLVM Optimized, Jit Execute)", "Plans": [{"Node Type": "Seq Scan", "Parent Relationship": "Outer", "Relation Name": "cast_info", "Alias": "ci", "Startup Cost": 0.0, "Total Cost": 58282.92, "Plan Rows": 1436424, "Plan Width": 12, "Actual Min Startup Time": 44.599, "Actual Max Startup Time": 357.822, "Actual Min Total Time": 710.585, "Actual Max Total Time": 748.368, "Actual Total Rows": 1435439, "Filter": "((note)::text ~~ '%(producer)%'::text), (LLVM Optimized, Jit Execute)", "Rows Removed by Filter": 34808904}, {"Node Type": "Hash", "Parent Relationship": "Inner", "Startup Cost": 15005.26, "Total Cost": 15005.26, "Plan Rows": 192, "Plan Width": 4, "Actual Min Startup Time": 0.018, "Actual Max Startup Time": 46.807, "Actual Min Total Time": 0.018, "Actual Max Total Time": 46.807, "Actual Total Rows": 192, "Max Hash Buckets": 32768, "Min Hash Buckets": 32768, "Max Hash Batches": 1, "Min Hash Batches": 1, "Max Original Hash Batches": 1, "Min Original Hash Batches": 1, "Max Peak Memory Usage": 1, "min Peak Memory Usage": 1, "Plans": [{"Node Type": "Streaming(type: BROADCAST dop: 16/1)", "Parent Relationship": "Outer", "Startup Cost": 0.0, "Total Cost": 15005.26, "Plan Rows": 192, "Plan Width": 4, "Actual Min Startup Time": 0.006, "Actual Max Startup Time": 42.649, "Actual Min Total Time": 0.007, "Actual Max Total Time": 42.651, "Actual Total Rows": 192, "Plans": [{"Node Type": "Seq Scan", "Parent Relationship": "Outer", "Relation Name": "role_type", "Alias": "rt", "Startup Cost": 0.0, "Total Cost": 1.12, "Plan Rows": 12, "Plan Width": 4, "Actual Min Startup Time": 0.013, "Actual Max Startup Time": 0.013, "Actual Min Total Time": 0.017, "Actual Max Total Time": 0.017, "Actual Total Rows": 12}]}]}]}]}, {"Node Type": "Hash", "Parent Relationship": "Inner", "Startup Cost": 88282.97, "Total Cost": 88282.97, "Plan Rows": 1282311, "Plan Width": 8, "Actual Min Startup Time": 674.911, "Actual Max Startup Time": 871.504, "Actual Min Total Time": 674.911, "Actual Max Total Time": 871.504, "Actual Total Rows": 1153797, "Max Hash Buckets": 131072, "Min Hash Buckets": 131072, "Max Hash Batches": 1, "Min Hash Batches": 1, "Max Original Hash Batches": 1, "Min Original Hash Batches": 1, "Max Peak Memory Usage": 2824, "min Peak Memory Usage": 2824, "Plans": [{"Node Type": "Streaming(type: LOCAL REDISTRIBUTE dop: 16/16)", "Parent Relationship": "Outer", "Startup Cost": 24511.53, "Total Cost": 88282.97, "Plan Rows": 1282311, "Plan Width": 8, "Actual Min Startup Time": 165.521, "Actual Max Startup Time": 362.413, "Actual Min Total Time": 648.186, "Actual Max Total Time": 846.134, "Actual Total Rows": 1153797, "Plans": [{"Node Type": "Hash Join", "Parent Relationship": "Outer", "Join Type": "Inner", "Startup Cost": 24511.53, "Total Cost": 68424.21, "Plan Rows": 1282311, "Plan Width": 8, "Actual Min Startup Time": 157.625, "Actual Max Startup Time": 309.504, "Actual Min Total Time": 514.764, "Actual Max Total Time": 746.156, "Actual Total Rows": 1153797, "Inner Unique": true, "Hash Cond": "(mc.company_id = cn.id), (LLVM Optimized, Jit Execute)", "Plans": [{"Node Type": "Streaming(type: LOCAL REDISTRIBUTE dop: 16/16)", "Parent Relationship": "Outer", "Startup Cost": 0.0, "Total Cost": 42499.73, "Plan Rows": 2609128, "Plan Width": 12, "Actual Min Startup Time": 0.065, "Actual Max Startup Time": 1.561, "Actual Min Total Time": 285.138, "Actual Max Total Time": 396.063, "Actual Total Rows": 2609128, "Plans": [{"Node Type": "Seq Scan", "Parent Relationship": "Outer", "Relation Name": "movie_companies", "Alias": "mc", "Startup Cost": 0.0, "Total Cost": 17613.58, "Plan Rows": 2609128, "Plan Width": 12, "Actual Min Startup Time": 0.025, "Actual Max Startup Time": 0.05, "Actual Min Total Time": 41.101, "Actual Max Total Time": 52.364, "Actual Total Rows": 2609128}]}, {"Node Type": "Hash", "Parent Relationship": "Inner", "Startup Cost": 24444.99, "Total Cost": 24444.99, "Plan Rows": 85170, "Plan Width": 4, "Actual Min Startup Time": 156.603, "Actual Max Startup Time": 309.356, "Actual Min Total Time": 156.603, "Actual Max Total Time": 309.356, "Actual Total Rows": 84843, "Max Hash Buckets": 32768, "Min Hash Buckets": 32768, "Max Hash Batches": 1, "Min Hash Batches": 1, "Max Original Hash Batches": 1, "Min Original Hash Batches": 1, "Max Peak Memory Usage": 182, "min Peak Memory Usage": 182, "Plans": [{"Node Type": "Streaming(type: LOCAL REDISTRIBUTE dop: 16/1)", "Parent Relationship": "Outer", "Startup Cost": 0.0, "Total Cost": 24444.99, "Plan Rows": 85170, "Plan Width": 4, "Actual Min Startup Time": 0.036, "Actual Max Startup Time": 144.9, "Actual Min Total Time": 154.794, "Actual Max Total Time": 307.673, "Actual Total Rows": 84843, "Plans": [{"Node Type": "Seq Scan", "Parent Relationship": "Outer", "Relation Name": "company_name", "Alias": "cn", "Startup Cost": 0.0, "Total Cost": 5903.45, "Plan Rows": 85170, "Plan Width": 4, "Actual Min Startup Time": 0.073, "Actual Max Startup Time": 0.073, "Actual Min Total Time": 90.6, "Actual Max Total Time": 90.6, "Actual Total Rows": 84843, "Filter": "((country_code)::text = '[us]'::text)", "Rows Removed by Filter": 150153}]}]}]}]}]}]}]}, {"Node Type": "Hash", "Parent Relationship": "Inner", "Startup Cost": 46117.27, "Total Cost": 46117.27, "Plan Rows": 3140338, "Plan Width": 20, "Actual Min Startup Time": 417.263, "Actual Max Startup Time": 613.937, "Actual Min Total Time": 417.263, "Actual Max Total Time": 613.937, "Actual Total Rows": 3140338, "Max Hash Buckets": 262144, "Min Hash Buckets": 262144, "Max Hash Batches": 1, "Min Hash Batches": 1, "Max Original Hash Batches": 1, "Min Original Hash Batches": 1, "Max Peak Memory Usage": 10347, "min Peak Memory Usage": 10347, "Plans": [{"Node Type": "Streaming(type: LOCAL REDISTRIBUTE dop: 16/16)", "Parent Relationship": "Outer", "Startup Cost": 0.0, "Total Cost": 46117.27, "Plan Rows": 3140338, "Plan Width": 20, "Actual Min Startup Time": 0.051, "Actual Max Startup Time": 41.823, "Actual Min Total Time": 335.206, "Actual Max Total Time": 532.902, "Actual Total Rows": 3140338, "Plans": [{"Node Type": "Seq Scan", "Parent Relationship": "Outer", "Relation Name": "char_name", "Alias": "chn", "Startup Cost": 0.0, "Total Cost": 19218.34, "Plan Rows": 3140338, "Plan Width": 20, "Actual Min Startup Time": 0.019, "Actual Max Startup Time": 0.062, "Actual Min Total Time": 57.374, "Actual Max Total Time": 66.634, "Actual Total Rows": 3140338}]}]}]}, {"Node Type": "Hash", "Parent Relationship": "Inner", "Startup Cost": 15002.07, "Total Cost": 15002.07, "Plan Rows": 48, "Plan Width": 4, "Actual Min Startup Time": 0.008, "Actual Max Startup Time": 0.021, "Actual Min Total Time": 0.008, "Actual Max Total Time": 0.021, "Actual Total Rows": 48, "Max Hash Buckets": 32768, "Min Hash Buckets": 32768, "Max Hash Batches": 1, "Min Hash Batches": 1, "Max Original Hash Batches": 1, "Min Original Hash Batches": 1, "Max Peak Memory Usage": 1, "min Peak Memory Usage": 1, "Plans": [{"Node Type": "Streaming(type: BROADCAST dop: 16/1)", "Parent Relationship": "Outer", "Startup Cost": 0.0, "Total Cost": 15002.07, "Plan Rows": 48, "Plan Width": 4, "Actual Min Startup Time": 0.004, "Actual Max Startup Time": 0.012, "Actual Min Total Time": 0.004, "Actual Max Total Time": 0.013, "Actual Total Rows": 48, "Plans": [{"Node Type": "Seq Scan", "Parent Relationship": "Outer", "Relation Name": "company_type", "Alias": "ct", "Startup Cost": 0.0, "Total Cost": 1.03, "Plan Rows": 3, "Plan Width": 4, "Actual Min Startup Time": 0.019, "Actual Max Startup Time": 0.019, "Actual Min Total Time": 0.021, "Actual Max Total Time": 0.021, "Actual Total Rows": 3}]}]}]}]}, {"Node Type": "Hash", "Parent Relationship": "Inner", "Startup Cost": 40775.83, "Total Cost": 40775.83, "Plan Rows": 1748840, "Plan Width": 21, "Actual Min Startup Time": 262.767, "Actual Max Startup Time": 471.782, "Actual Min Total Time": 262.767, "Actual Max Total Time": 471.782, "Actual Total Rows": 1749032, "Max Hash Buckets": 131072, "Min Hash Buckets": 131072, "Max Hash Batches": 1, "Min Hash Batches": 1, "Max Original Hash Batches": 1, "Min Original Hash Batches": 1, "Max Peak Memory Usage": 5875, "min Peak Memory Usage": 5875, "Plans": [{"Node Type": "Streaming(type: LOCAL REDISTRIBUTE dop: 16/16)", "Parent Relationship": "Outer", "Startup Cost": 0.0, "Total Cost": 40775.83, "Plan Rows": 1748840, "Plan Width": 21, "Actual Min Startup Time": 0.053, "Actual Max Startup Time": 123.387, "Actual Min Total Time": 228.641, "Actual Max Total Time": 434.39, "Actual Total Rows": 1749032, "Plans": [{"Node Type": "Seq Scan", "Parent Relationship": "Outer", "Relation Name": "title", "Alias": "t", "Startup Cost": 0.0, "Total Cost": 19149.37, "Plan Rows": 1748840, "Plan Width": 21, "Actual Min Startup Time": 0.03, "Actual Max Startup Time": 0.055, "Actual Min Total Time": 63.776, "Actual Max Total Time": 72.406, "Actual Total Rows": 1749032, "Filter": "(production_year > 1990), (LLVM Optimized, Jit Execute)", "Rows Removed by Filter": 779279}]}]}]}]}]}]}, "Triggers": [], "Planner Runtime": 79.462, "Total Runtime": 2215.31, "Unique SQL Id": 3145361615}}, "(16, 107)": {"explain_plan": {"Plan": {"Node Type": "Aggregate", "Strategy": "Plain", "Startup Cost": 7000178568599.87, "Total Cost": 7000178568599.88, "Plan Rows": 1, "Plan Width": 97, "Plans": [{"Node Type": "Hash Join", "Parent Relationship": "Outer", "Join Type": "Inner", "Startup Cost": 6010035096494.28, "Total Cost": 7000178563752.8, "Plan Rows": 969413, "Plan Width": 33, "Inner Unique": true, "Hash Cond": "(mc.movie_id = t.id), (LLVM Optimized)", "Plans": [{"Node Type": "Hash Join", "Parent Relationship": "Outer", "Join Type": "Inner", "Startup Cost": 5010023430507.12, "Total Cost": 6000166885447.52, "Plan Rows": 699731, "Plan Width": 24, "Inner Unique": true, "Hash Cond": "(ci.role_id = rt.id), (LLVM Optimized)", "Plans": [{"Node Type": "Hash Join", "Parent Relationship": "Outer", "Join Type": "Inner", "Startup Cost": 4010023429663.96, "Total Cost": 5000166874983.06, "Plan Rows": 699731, "Plan Width": 28, "Inner Unique": true, "Hash Cond": "(mc.company_type_id = ct.id), (LLVM Optimized)", "Plans": [{"Node Type": "Hash Join", "Parent Relationship": "Outer", "Join Type": "Inner", "Startup Cost": 3010023428834.43, "Total Cost": 4000166864532.23, "Plan Rows": 699731, "Plan Width": 32, "Inner Unique": true, "Hash Cond": "(mc.company_id = cn.id), (LLVM Optimized)", "Plans": [{"Node Type": "Hash Join", "Parent Relationship": "Outer", "Join Type": "Inner", "Startup Cost": 2010022377630.83, "Total Cost": 3000165800992.27, "Plan Rows": 1423748, "Plan Width": 36, "Inner Unique": false, "Hash Cond": "(ci.movie_id = mc.movie_id), (LLVM Optimized)", "Plans": [{"Node Type": "Hash Join", "Parent Relationship": "Outer", "Join Type": "Inner", "Startup Cost": 1010013026799.73, "Total Cost": 2000156257489.12, "Plan Rows": 696330, "Plan Width": 24, "Inner Unique": true, "Hash Cond": "(ci.person_role_id = chn.id), (LLVM Optimized)", "Plans": [{"Node Type": "Index Scan", "Parent Relationship": "Outer", "Scan Direction": "Forward", "Index Name": "role_id_cast_info", "Relation Name": "cast_info", "Alias": "ci", "Startup Cost": 10000000000.0, "Total Cost": 1000143218339.5, "Plan Rows": 1436424, "Plan Width": 12, "Filter": "((note)::text ~~ '%(producer)%'::text), (LLVM Optimized)"}, {"Node Type": "Hash", "Parent Relationship": "Inner", "Startup Cost": 1000012987545.51, "Total Cost": 1000012987545.51, "Plan Rows": 3140338, "Plan Width": 20, "Plans": [{"Node Type": "Index Scan", "Parent Relationship": "Outer", "Scan Direction": "Forward", "Index Name": "char_name_pkey", "Relation Name": "char_name", "Alias": "chn", "Startup Cost": 10000000000.0, "Total Cost": 1000012987545.51, "Plan Rows": 3140338, "Plan Width": 20}]}]}, {"Node Type": "Hash", "Parent Relationship": "Inner", "Startup Cost": 1000009318217.0, "Total Cost": 1000009318217.0, "Plan Rows": 2609128, "Plan Width": 12, "Plans": [{"Node Type": "Index Scan", "Parent Relationship": "Outer", "Scan Direction": "Forward", "Index Name": "company_type_id_movie_companies", "Relation Name": "movie_companies", "Alias": "mc", "Startup Cost": 10000000000.0, "Total Cost": 1000009318217.0, "Plan Rows": 2609128, "Plan Width": 12}]}]}, {"Node Type": "Hash", "Parent Relationship": "Inner", "Startup Cost": 1000001050138.97, "Total Cost": 1000001050138.97, "Plan Rows": 85170, "Plan Width": 4, "Plans": [{"Node Type": "Index Scan", "Parent Relationship": "Outer", "Scan Direction": "Forward", "Index Name": "company_name_pkey", "Relation Name": "company_name", "Alias": "cn", "Startup Cost": 10000000000.0, "Total Cost": 1000001050138.97, "Plan Rows": 85170, "Plan Width": 4, "Filter": "((country_code)::text = '[us]'::text)"}]}]}, {"Node Type": "Hash", "Parent Relationship": "Inner", "Startup Cost": 1000000000829.5, "Total Cost": 1000000000829.5, "Plan Rows": 3, "Plan Width": 4, "Plans": [{"Node Type": "Index Only Scan", "Parent Relationship": "Outer", "Scan Direction": "Forward", "Index Name": "company_type_pkey", "Relation Name": "company_type", "Alias": "ct", "Startup Cost": 10000000000.0, "Total Cost": 1000000000829.5, "Plan Rows": 3, "Plan Width": 4}]}]}, {"Node Type": "Hash", "Parent Relationship": "Inner", "Startup Cost": 1000000000843.0, "Total Cost": 1000000000843.0, "Plan Rows": 12, "Plan Width": 4, "Plans": [{"Node Type": "Index Only Scan", "Parent Relationship": "Outer", "Scan Direction": "Forward", "Index Name": "role_type_pkey", "Relation Name": "role_type", "Alias": "rt", "Startup Cost": 10000000000.0, "Total Cost": 1000000000843.0, "Plan Rows": 12, "Plan Width": 4}]}]}, {"Node Type": "Hash", "Parent Relationship": "Inner", "Startup Cost": 1000011644126.66, "Total Cost": 1000011644126.66, "Plan Rows": 1748840, "Plan Width": 21, "Plans": [{"Node Type": "Index Scan", "Parent Relationship": "Outer", "Scan Direction": "Forward", "Index Name": "title_pkey", "Relation Name": "title", "Alias": "t", "Startup Cost": 10000000000.0, "Total Cost": 1000011644126.66, "Plan Rows": 1748840, "Plan Width": 21, "Filter": "(production_year > 1990), (LLVM Optimized)"}]}]}]}, "Unique SQL Id": 3145361615}, "explain_analyze_plan": null}, "(16, 108)": {"explain_plan": {"Plan": {"Node Type": "Aggregate", "Strategy": "Plain", "Startup Cost": 271604.22, "Total Cost": 271604.25, "Plan Rows": 1, "Plan Width": 97, "Plans": [{"Node Type": "Streaming(type: LOCAL GATHER dop: 1/16)", "Parent Relationship": "Outer", "Startup Cost": 271604.22, "Total Cost": 271604.25, "Plan Rows": 1, "Plan Width": 97, "Plans": [{"Node Type": "Aggregate", "Strategy": "Plain", "Parent Relationship": "Outer", "Startup Cost": 271604.22, "Total Cost": 271604.23, "Plan Rows": 1, "Plan Width": 97, "Plans": [{"Node Type": "Hash Join", "Parent Relationship": "Outer", "Join Type": "Inner", "Startup Cost": 144835.24, "Total Cost": 266757.16, "Plan Rows": 969413, "Plan Width": 33, "Inner Unique": true, "Hash Cond": "(mc.movie_id = t.id), (LLVM Optimized)", "Plans": [{"Node Type": "Streaming(type: LOCAL REDISTRIBUTE dop: 16/16)", "Parent Relationship": "Outer", "Startup Cost": 133275.0, "Total Cost": 254427.04, "Plan Rows": 699731, "Plan Width": 24, "Plans": [{"Node Type": "Hash Join", "Parent Relationship": "Outer", "Join Type": "Inner", "Startup Cost": 133275.0, "Total Cost": 236775.71, "Plan Rows": 699731, "Plan Width": 24, "Inner Unique": true, "Hash Cond": "(mc.company_type_id = ct.id), (LLVM Optimized)", "Plans": [{"Node Type": "Hash Join", "Parent Relationship": "Outer", "Join Type": "Inner", "Startup Cost": 118272.9, "Total Cost": 221172.28, "Plan Rows": 699731, "Plan Width": 28, "Inner Unique": true, "Hash Cond": "(ci.person_role_id = chn.id), (LLVM Optimized)", "Plans": [{"Node Type": "Streaming(type: LOCAL REDISTRIBUTE dop: 16/16)", "Parent Relationship": "Outer", "Startup Cost": 104290.19, "Total Cost": 206413.94, "Plan Rows": 1443440, "Plan Width": 16, "Plans": [{"Node Type": "Hash Join", "Parent Relationship": "Outer", "Join Type": "Inner", "Startup Cost": 104290.19, "Total Cost": 185944.65, "Plan Rows": 1443440, "Plan Width": 16, "Inner Unique": false, "Hash Cond": "(ci.movie_id = mc.movie_id), (LLVM Optimized)", "Plans": [{"Node Type": "Streaming(type: LOCAL REDISTRIBUTE dop: 16/16)", "Parent Relationship": "Outer", "Startup Cost": 15005.41, "Total Cost": 94859.97, "Plan Rows": 1436424, "Plan Width": 8, "Plans": [{"Node Type": "Hash Join", "Parent Relationship": "Outer", "Join Type": "Inner", "Startup Cost": 15005.41, "Total Cost": 74417.27, "Plan Rows": 1436424, "Plan Width": 8, "Inner Unique": true, "Hash Cond": "(ci.role_id = rt.id), (LLVM Optimized)", "Plans": [{"Node Type": "Seq Scan", "Parent Relationship": "Outer", "Relation Name": "cast_info", "Alias": "ci", "Startup Cost": 0.0, "Total Cost": 58282.92, "Plan Rows": 1436424, "Plan Width": 12, "Filter": "((note)::text ~~ '%(producer)%'::text), (LLVM Optimized)"}, {"Node Type": "Hash", "Parent Relationship": "Inner", "Startup Cost": 15005.26, "Total Cost": 15005.26, "Plan Rows": 192, "Plan Width": 4, "Plans": [{"Node Type": "Streaming(type: BROADCAST dop: 16/1)", "Parent Relationship": "Outer", "Startup Cost": 0.0, "Total Cost": 15005.26, "Plan Rows": 192, "Plan Width": 4, "Plans": [{"Node Type": "Seq Scan", "Parent Relationship": "Outer", "Relation Name": "role_type", "Alias": "rt", "Startup Cost": 0.0, "Total Cost": 1.12, "Plan Rows": 12, "Plan Width": 4}]}]}]}]}, {"Node Type": "Hash", "Parent Relationship": "Inner", "Startup Cost": 88282.97, "Total Cost": 88282.97, "Plan Rows": 1282311, "Plan Width": 8, "Plans": [{"Node Type": "Streaming(type: LOCAL REDISTRIBUTE dop: 16/16)", "Parent Relationship": "Outer", "Startup Cost": 24511.53, "Total Cost": 88282.97, "Plan Rows": 1282311, "Plan Width": 8, "Plans": [{"Node Type": "Hash Join", "Parent Relationship": "Outer", "Join Type": "Inner", "Startup Cost": 24511.53, "Total Cost": 68424.21, "Plan Rows": 1282311, "Plan Width": 8, "Inner Unique": true, "Hash Cond": "(mc.company_id = cn.id), (LLVM Optimized)", "Plans": [{"Node Type": "Streaming(type: LOCAL REDISTRIBUTE dop: 16/16)", "Parent Relationship": "Outer", "Startup Cost": 0.0, "Total Cost": 42499.73, "Plan Rows": 2609128, "Plan Width": 12, "Plans": [{"Node Type": "Seq Scan", "Parent Relationship": "Outer", "Relation Name": "movie_companies", "Alias": "mc", "Startup Cost": 0.0, "Total Cost": 17613.58, "Plan Rows": 2609128, "Plan Width": 12}]}, {"Node Type": "Hash", "Parent Relationship": "Inner", "Startup Cost": 24444.99, "Total Cost": 24444.99, "Plan Rows": 85170, "Plan Width": 4, "Plans": [{"Node Type": "Streaming(type: LOCAL REDISTRIBUTE dop: 16/1)", "Parent Relationship": "Outer", "Startup Cost": 0.0, "Total Cost": 24444.99, "Plan Rows": 85170, "Plan Width": 4, "Plans": [{"Node Type": "Seq Scan", "Parent Relationship": "Outer", "Relation Name": "company_name", "Alias": "cn", "Startup Cost": 0.0, "Total Cost": 5903.45, "Plan Rows": 85170, "Plan Width": 4, "Filter": "((country_code)::text = '[us]'::text)"}]}]}]}]}]}]}]}, {"Node Type": "Hash", "Parent Relationship": "Inner", "Startup Cost": 46117.27, "Total Cost": 46117.27, "Plan Rows": 3140338, "Plan Width": 20, "Plans": [{"Node Type": "Streaming(type: LOCAL REDISTRIBUTE dop: 16/16)", "Parent Relationship": "Outer", "Startup Cost": 0.0, "Total Cost": 46117.27, "Plan Rows": 3140338, "Plan Width": 20, "Plans": [{"Node Type": "Seq Scan", "Parent Relationship": "Outer", "Relation Name": "char_name", "Alias": "chn", "Startup Cost": 0.0, "Total Cost": 19218.34, "Plan Rows": 3140338, "Plan Width": 20}]}]}]}, {"Node Type": "Hash", "Parent Relationship": "Inner", "Startup Cost": 15002.07, "Total Cost": 15002.07, "Plan Rows": 48, "Plan Width": 4, "Plans": [{"Node Type": "Streaming(type: BROADCAST dop: 16/1)", "Parent Relationship": "Outer", "Startup Cost": 0.0, "Total Cost": 15002.07, "Plan Rows": 48, "Plan Width": 4, "Plans": [{"Node Type": "Seq Scan", "Parent Relationship": "Outer", "Relation Name": "company_type", "Alias": "ct", "Startup Cost": 0.0, "Total Cost": 1.03, "Plan Rows": 3, "Plan Width": 4}]}]}]}]}, {"Node Type": "Hash", "Parent Relationship": "Inner", "Startup Cost": 40775.83, "Total Cost": 40775.83, "Plan Rows": 1748840, "Plan Width": 21, "Plans": [{"Node Type": "Streaming(type: LOCAL REDISTRIBUTE dop: 16/16)", "Parent Relationship": "Outer", "Startup Cost": 0.0, "Total Cost": 40775.83, "Plan Rows": 1748840, "Plan Width": 21, "Plans": [{"Node Type": "Seq Scan", "Parent Relationship": "Outer", "Relation Name": "title", "Alias": "t", "Startup Cost": 0.0, "Total Cost": 19149.37, "Plan Rows": 1748840, "Plan Width": 21, "Filter": "(production_year > 1990), (LLVM Optimized)"}]}]}]}]}]}]}, "Unique SQL Id": 3145361615}, "explain_analyze_plan": {"Plan": {"Node Type": "Aggregate", "Strategy": "Plain", "Startup Cost": 271604.22, "Total Cost": 271604.25, "Plan Rows": 1, "Plan Width": 97, "Actual Min Startup Time": 2174.468, "Actual Max Startup Time": 2174.468, "Actual Min Total Time": 2174.468, "Actual Max Total Time": 2174.468, "Actual Total Rows": 1, "Plans": [{"Node Type": "Streaming(type: LOCAL GATHER dop: 1/16)", "Parent Relationship": "Outer", "Startup Cost": 271604.22, "Total Cost": 271604.25, "Plan Rows": 1, "Plan Width": 97, "Actual Min Startup Time": 2173.197, "Actual Max Startup Time": 2173.197, "Actual Min Total Time": 2174.438, "Actual Max Total Time": 2174.438, "Actual Total Rows": 16, "Plans": [{"Node Type": "Aggregate", "Strategy": "Plain", "Parent Relationship": "Outer", "Startup Cost": 271604.22, "Total Cost": 271604.23, "Plan Rows": 1, "Plan Width": 97, "Actual Min Startup Time": 1803.512, "Actual Max Startup Time": 2012.607, "Actual Min Total Time": 1803.512, "Actual Max Total Time": 2012.607, "Actual Total Rows": 16, "Plans": [{"Node Type": "Hash Join", "Parent Relationship": "Outer", "Join Type": "Inner", "Startup Cost": 144835.24, "Total Cost": 266757.16, "Plan Rows": 969413, "Plan Width": 33, "Actual Min Startup Time": 1803.506, "Actual Max Startup Time": 2012.599, "Actual Min Total Time": 1803.506, "Actual Max Total Time": 2012.599, "Actual Total Rows": 4, "Inner Unique": true, "Hash Cond": "(mc.movie_id = t.id), (LLVM Optimized, Jit Execute)", "Plans": [{"Node Type": "Streaming(type: LOCAL REDISTRIBUTE dop: 16/16)", "Parent Relationship": "Outer", "Startup Cost": 133275.0, "Total Cost": 254427.04, "Plan Rows": 699731, "Plan Width": 24, "Actual Min Startup Time": 1539.112, "Actual Max Startup Time": 1540.672, "Actual Min Total Time": 1540.566, "Actual Max Total Time": 1540.672, "Actual Total Rows": 6, "Plans": [{"Node Type": "Hash Join", "Parent Relationship": "Outer", "Join Type": "Inner", "Startup Cost": 133275.0, "Total Cost": 236775.71, "Plan Rows": 699731, "Plan Width": 24, "Actual Min Startup Time": 1800.076, "Actual Max Startup Time": 1996.771, "Actual Min Total Time": 1800.076, "Actual Max Total Time": 1996.771, "Actual Total Rows": 6, "Inner Unique": true, "Hash Cond": "(mc.company_type_id = ct.id), (LLVM Optimized, Jit Execute)", "Plans": [{"Node Type": "Hash Join", "Parent Relationship": "Outer", "Join Type": "Inner", "Startup Cost": 118272.9, "Total Cost": 221172.28, "Plan Rows": 699731, "Plan Width": 28, "Actual Min Startup Time": 1798.629, "Actual Max Startup Time": 1995.334, "Actual Min Total Time": 1798.629, "Actual Max Total Time": 1995.334, "Actual Total Rows": 14, "Inner Unique": true, "Hash Cond": "(ci.person_role_id = chn.id), (LLVM Optimized, Jit Execute)", "Plans": [{"Node Type": "Streaming(type: LOCAL REDISTRIBUTE dop: 16/16)", "Parent Relationship": "Outer", "Startup Cost": 104290.19, "Total Cost": 206413.94, "Plan Rows": 1443440, "Plan Width": 16, "Actual Min Startup Time": 249.791, "Actual Max Startup Time": 1381.119, "Actual Min Total Time": 1250.62, "Actual Max Total Time": 1381.119, "Actual Total Rows": 1210267, "Plans": [{"Node Type": "Hash Join", "Parent Relationship": "Outer", "Join Type": "Inner", "Startup Cost": 104290.19, "Total Cost": 185944.65, "Plan Rows": 1443440, "Plan Width": 16, "Actual Min Startup Time": 675.237, "Actual Max Startup Time": 871.852, "Actual Min Total Time": 1272.7, "Actual Max Total Time": 1501.609, "Actual Total Rows": 1210267, "Inner Unique": false, "Hash Cond": "(ci.movie_id = mc.movie_id), (LLVM Optimized, Jit Execute)", "Plans": [{"Node Type": "Streaming(type: LOCAL REDISTRIBUTE dop: 16/16)", "Parent Relationship": "Outer", "Startup Cost": 15005.41, "Total Cost": 94859.97, "Plan Rows": 1436424, "Plan Width": 8, "Actual Min Startup Time": 0.06, "Actual Max Startup Time": 3.768, "Actual Min Total Time": 546.912, "Actual Max Total Time": 583.512, "Actual Total Rows": 1435439, "Plans": [{"Node Type": "Hash Join", "Parent Relationship": "Outer", "Join Type": "Inner", "Startup Cost": 15005.41, "Total Cost": 74417.27, "Plan Rows": 1436424, "Plan Width": 8, "Actual Min Startup Time": 44.696, "Actual Max Startup Time": 357.961, "Actual Min Total Time": 754.774, "Actual Max Total Time": 806.064, "Actual Total Rows": 1435439, "Inner Unique": true, "Hash Cond": "(ci.role_id = rt.id), (LLVM Optimized, Jit Execute)", "Plans": [{"Node Type": "Seq Scan", "Parent Relationship": "Outer", "Relation Name": "cast_info", "Alias": "ci", "Startup Cost": 0.0, "Total Cost": 58282.92, "Plan Rows": 1436424, "Plan Width": 12, "Actual Min Startup Time": 44.599, "Actual Max Startup Time": 357.822, "Actual Min Total Time": 710.585, "Actual Max Total Time": 748.368, "Actual Total Rows": 1435439, "Filter": "((note)::text ~~ '%(producer)%'::text), (LLVM Optimized, Jit Execute)", "Rows Removed by Filter": 34808904}, {"Node Type": "Hash", "Parent Relationship": "Inner", "Startup Cost": 15005.26, "Total Cost": 15005.26, "Plan Rows": 192, "Plan Width": 4, "Actual Min Startup Time": 0.018, "Actual Max Startup Time": 46.807, "Actual Min Total Time": 0.018, "Actual Max Total Time": 46.807, "Actual Total Rows": 192, "Max Hash Buckets": 32768, "Min Hash Buckets": 32768, "Max Hash Batches": 1, "Min Hash Batches": 1, "Max Original Hash Batches": 1, "Min Original Hash Batches": 1, "Max Peak Memory Usage": 1, "min Peak Memory Usage": 1, "Plans": [{"Node Type": "Streaming(type: BROADCAST dop: 16/1)", "Parent Relationship": "Outer", "Startup Cost": 0.0, "Total Cost": 15005.26, "Plan Rows": 192, "Plan Width": 4, "Actual Min Startup Time": 0.006, "Actual Max Startup Time": 42.649, "Actual Min Total Time": 0.007, "Actual Max Total Time": 42.651, "Actual Total Rows": 192, "Plans": [{"Node Type": "Seq Scan", "Parent Relationship": "Outer", "Relation Name": "role_type", "Alias": "rt", "Startup Cost": 0.0, "Total Cost": 1.12, "Plan Rows": 12, "Plan Width": 4, "Actual Min Startup Time": 0.013, "Actual Max Startup Time": 0.013, "Actual Min Total Time": 0.017, "Actual Max Total Time": 0.017, "Actual Total Rows": 12}]}]}]}]}, {"Node Type": "Hash", "Parent Relationship": "Inner", "Startup Cost": 88282.97, "Total Cost": 88282.97, "Plan Rows": 1282311, "Plan Width": 8, "Actual Min Startup Time": 674.911, "Actual Max Startup Time": 871.504, "Actual Min Total Time": 674.911, "Actual Max Total Time": 871.504, "Actual Total Rows": 1153797, "Max Hash Buckets": 131072, "Min Hash Buckets": 131072, "Max Hash Batches": 1, "Min Hash Batches": 1, "Max Original Hash Batches": 1, "Min Original Hash Batches": 1, "Max Peak Memory Usage": 2824, "min Peak Memory Usage": 2824, "Plans": [{"Node Type": "Streaming(type: LOCAL REDISTRIBUTE dop: 16/16)", "Parent Relationship": "Outer", "Startup Cost": 24511.53, "Total Cost": 88282.97, "Plan Rows": 1282311, "Plan Width": 8, "Actual Min Startup Time": 165.521, "Actual Max Startup Time": 362.413, "Actual Min Total Time": 648.186, "Actual Max Total Time": 846.134, "Actual Total Rows": 1153797, "Plans": [{"Node Type": "Hash Join", "Parent Relationship": "Outer", "Join Type": "Inner", "Startup Cost": 24511.53, "Total Cost": 68424.21, "Plan Rows": 1282311, "Plan Width": 8, "Actual Min Startup Time": 157.625, "Actual Max Startup Time": 309.504, "Actual Min Total Time": 514.764, "Actual Max Total Time": 746.156, "Actual Total Rows": 1153797, "Inner Unique": true, "Hash Cond": "(mc.company_id = cn.id), (LLVM Optimized, Jit Execute)", "Plans": [{"Node Type": "Streaming(type: LOCAL REDISTRIBUTE dop: 16/16)", "Parent Relationship": "Outer", "Startup Cost": 0.0, "Total Cost": 42499.73, "Plan Rows": 2609128, "Plan Width": 12, "Actual Min Startup Time": 0.065, "Actual Max Startup Time": 1.561, "Actual Min Total Time": 285.138, "Actual Max Total Time": 396.063, "Actual Total Rows": 2609128, "Plans": [{"Node Type": "Seq Scan", "Parent Relationship": "Outer", "Relation Name": "movie_companies", "Alias": "mc", "Startup Cost": 0.0, "Total Cost": 17613.58, "Plan Rows": 2609128, "Plan Width": 12, "Actual Min Startup Time": 0.025, "Actual Max Startup Time": 0.05, "Actual Min Total Time": 41.101, "Actual Max Total Time": 52.364, "Actual Total Rows": 2609128}]}, {"Node Type": "Hash", "Parent Relationship": "Inner", "Startup Cost": 24444.99, "Total Cost": 24444.99, "Plan Rows": 85170, "Plan Width": 4, "Actual Min Startup Time": 156.603, "Actual Max Startup Time": 309.356, "Actual Min Total Time": 156.603, "Actual Max Total Time": 309.356, "Actual Total Rows": 84843, "Max Hash Buckets": 32768, "Min Hash Buckets": 32768, "Max Hash Batches": 1, "Min Hash Batches": 1, "Max Original Hash Batches": 1, "Min Original Hash Batches": 1, "Max Peak Memory Usage": 182, "min Peak Memory Usage": 182, "Plans": [{"Node Type": "Streaming(type: LOCAL REDISTRIBUTE dop: 16/1)", "Parent Relationship": "Outer", "Startup Cost": 0.0, "Total Cost": 24444.99, "Plan Rows": 85170, "Plan Width": 4, "Actual Min Startup Time": 0.036, "Actual Max Startup Time": 144.9, "Actual Min Total Time": 154.794, "Actual Max Total Time": 307.673, "Actual Total Rows": 84843, "Plans": [{"Node Type": "Seq Scan", "Parent Relationship": "Outer", "Relation Name": "company_name", "Alias": "cn", "Startup Cost": 0.0, "Total Cost": 5903.45, "Plan Rows": 85170, "Plan Width": 4, "Actual Min Startup Time": 0.073, "Actual Max Startup Time": 0.073, "Actual Min Total Time": 90.6, "Actual Max Total Time": 90.6, "Actual Total Rows": 84843, "Filter": "((country_code)::text = '[us]'::text)", "Rows Removed by Filter": 150153}]}]}]}]}]}]}]}, {"Node Type": "Hash", "Parent Relationship": "Inner", "Startup Cost": 46117.27, "Total Cost": 46117.27, "Plan Rows": 3140338, "Plan Width": 20, "Actual Min Startup Time": 417.263, "Actual Max Startup Time": 613.937, "Actual Min Total Time": 417.263, "Actual Max Total Time": 613.937, "Actual Total Rows": 3140338, "Max Hash Buckets": 262144, "Min Hash Buckets": 262144, "Max Hash Batches": 1, "Min Hash Batches": 1, "Max Original Hash Batches": 1, "Min Original Hash Batches": 1, "Max Peak Memory Usage": 10347, "min Peak Memory Usage": 10347, "Plans": [{"Node Type": "Streaming(type: LOCAL REDISTRIBUTE dop: 16/16)", "Parent Relationship": "Outer", "Startup Cost": 0.0, "Total Cost": 46117.27, "Plan Rows": 3140338, "Plan Width": 20, "Actual Min Startup Time": 0.051, "Actual Max Startup Time": 41.823, "Actual Min Total Time": 335.206, "Actual Max Total Time": 532.902, "Actual Total Rows": 3140338, "Plans": [{"Node Type": "Seq Scan", "Parent Relationship": "Outer", "Relation Name": "char_name", "Alias": "chn", "Startup Cost": 0.0, "Total Cost": 19218.34, "Plan Rows": 3140338, "Plan Width": 20, "Actual Min Startup Time": 0.019, "Actual Max Startup Time": 0.062, "Actual Min Total Time": 57.374, "Actual Max Total Time": 66.634, "Actual Total Rows": 3140338}]}]}]}, {"Node Type": "Hash", "Parent Relationship": "Inner", "Startup Cost": 15002.07, "Total Cost": 15002.07, "Plan Rows": 48, "Plan Width": 4, "Actual Min Startup Time": 0.008, "Actual Max Startup Time": 0.021, "Actual Min Total Time": 0.008, "Actual Max Total Time": 0.021, "Actual Total Rows": 48, "Max Hash Buckets": 32768, "Min Hash Buckets": 32768, "Max Hash Batches": 1, "Min Hash Batches": 1, "Max Original Hash Batches": 1, "Min Original Hash Batches": 1, "Max Peak Memory Usage": 1, "min Peak Memory Usage": 1, "Plans": [{"Node Type": "Streaming(type: BROADCAST dop: 16/1)", "Parent Relationship": "Outer", "Startup Cost": 0.0, "Total Cost": 15002.07, "Plan Rows": 48, "Plan Width": 4, "Actual Min Startup Time": 0.004, "Actual Max Startup Time": 0.012, "Actual Min Total Time": 0.004, "Actual Max Total Time": 0.013, "Actual Total Rows": 48, "Plans": [{"Node Type": "Seq Scan", "Parent Relationship": "Outer", "Relation Name": "company_type", "Alias": "ct", "Startup Cost": 0.0, "Total Cost": 1.03, "Plan Rows": 3, "Plan Width": 4, "Actual Min Startup Time": 0.019, "Actual Max Startup Time": 0.019, "Actual Min Total Time": 0.021, "Actual Max Total Time": 0.021, "Actual Total Rows": 3}]}]}]}]}, {"Node Type": "Hash", "Parent Relationship": "Inner", "Startup Cost": 40775.83, "Total Cost": 40775.83, "Plan Rows": 1748840, "Plan Width": 21, "Actual Min Startup Time": 262.767, "Actual Max Startup Time": 471.782, "Actual Min Total Time": 262.767, "Actual Max Total Time": 471.782, "Actual Total Rows": 1749032, "Max Hash Buckets": 131072, "Min Hash Buckets": 131072, "Max Hash Batches": 1, "Min Hash Batches": 1, "Max Original Hash Batches": 1, "Min Original Hash Batches": 1, "Max Peak Memory Usage": 5875, "min Peak Memory Usage": 5875, "Plans": [{"Node Type": "Streaming(type: LOCAL REDISTRIBUTE dop: 16/16)", "Parent Relationship": "Outer", "Startup Cost": 0.0, "Total Cost": 40775.83, "Plan Rows": 1748840, "Plan Width": 21, "Actual Min Startup Time": 0.053, "Actual Max Startup Time": 123.387, "Actual Min Total Time": 228.641, "Actual Max Total Time": 434.39, "Actual Total Rows": 1749032, "Plans": [{"Node Type": "Seq Scan", "Parent Relationship": "Outer", "Relation Name": "title", "Alias": "t", "Startup Cost": 0.0, "Total Cost": 19149.37, "Plan Rows": 1748840, "Plan Width": 21, "Actual Min Startup Time": 0.03, "Actual Max Startup Time": 0.055, "Actual Min Total Time": 63.776, "Actual Max Total Time": 72.406, "Actual Total Rows": 1749032, "Filter": "(production_year > 1990), (LLVM Optimized, Jit Execute)", "Rows Removed by Filter": 779279}]}]}]}]}]}]}, "Triggers": [], "Planner Runtime": 79.462, "Total Runtime": 2215.31, "Unique SQL Id": 3145361615}}, "(16, 109)": {"explain_plan": {"Plan": {"Node Type": "Aggregate", "Strategy": "Plain", "Startup Cost": 1352023.78, "Total Cost": 1352023.81, "Plan Rows": 1, "Plan Width": 97, "Plans": [{"Node Type": "Streaming(type: LOCAL GATHER dop: 1/16)", "Parent Relationship": "Outer", "Startup Cost": 1352023.78, "Total Cost": 1352023.81, "Plan Rows": 1, "Plan Width": 97, "Plans": [{"Node Type": "Aggregate", "Strategy": "Plain", "Parent Relationship": "Outer", "Startup Cost": 1352023.78, "Total Cost": 1352023.79, "Plan Rows": 1, "Plan Width": 97, "Plans": [{"Node Type": "Hash Join", "Parent Relationship": "Outer", "Join Type": "Inner", "Startup Cost": 243560.85, "Total Cost": 1347176.72, "Plan Rows": 969413, "Plan Width": 33, "Inner Unique": true, "Hash Cond": "(mc.movie_id = t.id), (LLVM Optimized)", "Plans": [{"Node Type": "Streaming(type: LOCAL REDISTRIBUTE dop: 16/16)", "Parent Relationship": "Outer", "Startup Cost": 211334.79, "Total Cost": 1314180.78, "Plan Rows": 699731, "Plan Width": 24, "Plans": [{"Node Type": "Hash Join", "Parent Relationship": "Outer", "Join Type": "Inner", "Startup Cost": 211334.79, "Total Cost": 1296529.46, "Plan Rows": 699731, "Plan Width": 24, "Inner Unique": true, "Hash Cond": "(ci.role_id = rt.id), (LLVM Optimized)", "Plans": [{"Node Type": "Hash Join", "Parent Relationship": "Outer", "Join Type": "Inner", "Startup Cost": 196318.07, "Total Cost": 1280911.41, "Plan Rows": 699731, "Plan Width": 28, "Inner Unique": true, "Hash Cond": "(mc.company_type_id = ct.id), (LLVM Optimized)", "Plans": [{"Node Type": "Hash Join", "Parent Relationship": "Outer", "Join Type": "Inner", "Startup Cost": 181304.7, "Total Cost": 1265296.71, "Plan Rows": 699731, "Plan Width": 32, "Inner Unique": true, "Hash Cond": "(mc.company_id = cn.id), (LLVM Optimized)", "Plans": [{"Node Type": "Streaming(type: LOCAL REDISTRIBUTE dop: 16/16)", "Parent Relationship": "Outer", "Startup Cost": 173977.43, "Total Cost": 1257198.42, "Plan Rows": 1423748, "Plan Width": 36, "Plans": [{"Node Type": "Hash Join", "Parent Relationship": "Outer", "Join Type": "Inner", "Startup Cost": 173977.43, "Total Cost": 1236803.75, "Plan Rows": 1423748, "Plan Width": 36, "Inner Unique": false, "Hash Cond": "(ci.movie_id = mc.movie_id), (LLVM Optimized)", "Plans": [{"Node Type": "Streaming(type: LOCAL REDISTRIBUTE dop: 16/16)", "Parent Relationship": "Outer", "Startup Cost": 144787.11, "Total Cost": 1205907.57, "Plan Rows": 696330, "Plan Width": 24, "Plans": [{"Node Type": "Hash Join", "Parent Relationship": "Outer", "Join Type": "Inner", "Startup Cost": 144787.11, "Total Cost": 1188269.13, "Plan Rows": 696330, "Plan Width": 24, "Inner Unique": true, "Hash Cond": "(ci.person_role_id = chn.id), (LLVM Optimized)", "Plans": [{"Node Type": "Streaming(type: LOCAL REDISTRIBUTE dop: 16/16)", "Parent Relationship": "Outer", "Startup Cost": 0.0, "Total Cost": 1042710.15, "Plan Rows": 1436424, "Plan Width": 12, "Plans": [{"Node Type": "Index Scan", "Parent Relationship": "Outer", "Scan Direction": "Forward", "Index Name": "role_id_cast_info", "Relation Name": "cast_info", "Alias": "ci", "Startup Cost": 0.0, "Total Cost": 1022267.45, "Plan Rows": 1436424, "Plan Width": 12, "Filter": "((note)::text ~~ '%(producer)%'::text), (LLVM Optimized)"}]}, {"Node Type": "Hash", "Parent Relationship": "Inner", "Startup Cost": 142333.72, "Total Cost": 142333.72, "Plan Rows": 3140338, "Plan Width": 20, "Plans": [{"Node Type": "Streaming(type: LOCAL REDISTRIBUTE dop: 16/16)", "Parent Relationship": "Outer", "Startup Cost": 0.0, "Total Cost": 142333.72, "Plan Rows": 3140338, "Plan Width": 20, "Plans": [{"Node Type": "Index Scan", "Parent Relationship": "Outer", "Scan Direction": "Forward", "Index Name": "char_name_pkey", "Relation Name": "char_name", "Alias": "chn", "Startup Cost": 0.0, "Total Cost": 115434.79, "Plan Rows": 3140338, "Plan Width": 20}]}]}]}]}, {"Node Type": "Hash", "Parent Relationship": "Inner", "Startup Cost": 108607.74, "Total Cost": 108607.74, "Plan Rows": 2609128, "Plan Width": 12, "Plans": [{"Node Type": "Streaming(type: LOCAL REDISTRIBUTE dop: 16/16)", "Parent Relationship": "Outer", "Startup Cost": 0.0, "Total Cost": 108607.74, "Plan Rows": 2609128, "Plan Width": 12, "Plans": [{"Node Type": "Index Scan", "Parent Relationship": "Outer", "Scan Direction": "Forward", "Index Name": "company_type_id_movie_companies", "Relation Name": "movie_companies", "Alias": "mc", "Startup Cost": 0.0, "Total Cost": 83721.6, "Plan Rows": 2609128, "Plan Width": 12}]}]}]}]}, {"Node Type": "Hash", "Parent Relationship": "Inner", "Startup Cost": 29042.93, "Total Cost": 29042.93, "Plan Rows": 85170, "Plan Width": 4, "Plans": [{"Node Type": "Streaming(type: LOCAL REDISTRIBUTE dop: 16/1)", "Parent Relationship": "Outer", "Startup Cost": 0.0, "Total Cost": 29042.93, "Plan Rows": 85170, "Plan Width": 4, "Plans": [{"Node Type": "Index Scan", "Parent Relationship": "Outer", "Scan Direction": "Forward", "Index Name": "company_name_pkey", "Relation Name": "company_name", "Alias": "cn", "Startup Cost": 0.0, "Total Cost": 10501.39, "Plan Rows": 85170, "Plan Width": 4, "Filter": "((country_code)::text = '[us]'::text)"}]}]}]}, {"Node Type": "Hash", "Parent Relationship": "Inner", "Startup Cost": 15013.33, "Total Cost": 15013.33, "Plan Rows": 48, "Plan Width": 4, "Plans": [{"Node Type": "Streaming(type: BROADCAST dop: 16/1)", "Parent Relationship": "Outer", "Startup Cost": 0.0, "Total Cost": 15013.33, "Plan Rows": 48, "Plan Width": 4, "Plans": [{"Node Type": "Index Scan", "Parent Relationship": "Outer", "Scan Direction": "Forward", "Index Name": "company_type_pkey", "Relation Name": "company_type", "Alias": "ct", "Startup Cost": 0.0, "Total Cost": 12.29, "Plan Rows": 3, "Plan Width": 4}]}]}]}, {"Node Type": "Hash", "Parent Relationship": "Inner", "Startup Cost": 15016.57, "Total Cost": 15016.57, "Plan Rows": 192, "Plan Width": 4, "Plans": [{"Node Type": "Streaming(type: BROADCAST dop: 16/1)", "Parent Relationship": "Outer", "Startup Cost": 0.0, "Total Cost": 15016.57, "Plan Rows": 192, "Plan Width": 4, "Plans": [{"Node Type": "Index Scan", "Parent Relationship": "Outer", "Scan Direction": "Forward", "Index Name": "role_type_pkey", "Relation Name": "role_type", "Alias": "rt", "Startup Cost": 0.0, "Total Cost": 12.43, "Plan Rows": 12, "Plan Width": 4}]}]}]}]}, {"Node Type": "Hash", "Parent Relationship": "Inner", "Startup Cost": 123439.09, "Total Cost": 123439.09, "Plan Rows": 1748840, "Plan Width": 21, "Plans": [{"Node Type": "Streaming(type: LOCAL REDISTRIBUTE dop: 16/16)", "Parent Relationship": "Outer", "Startup Cost": 0.0, "Total Cost": 123439.09, "Plan Rows": 1748840, "Plan Width": 21, "Plans": [{"Node Type": "Index Scan", "Parent Relationship": "Outer", "Scan Direction": "Forward", "Index Name": "title_pkey", "Relation Name": "title", "Alias": "t", "Startup Cost": 0.0, "Total Cost": 101812.62, "Plan Rows": 1748840, "Plan Width": 21, "Filter": "(production_year > 1990), (LLVM Optimized)"}]}]}]}]}]}]}, "Unique SQL Id": 3145361615}, "explain_analyze_plan": {"Plan": {"Node Type": "Aggregate", "Strategy": "Plain", "Startup Cost": 1352023.78, "Total Cost": 1352023.81, "Plan Rows": 1, "Plan Width": 97, "Actual Min Startup Time": 3532.396, "Actual Max Startup Time": 3532.396, "Actual Min Total Time": 3532.396, "Actual Max Total Time": 3532.396, "Actual Total Rows": 1, "Plans": [{"Node Type": "Streaming(type: LOCAL GATHER dop: 1/16)", "Parent Relationship": "Outer", "Startup Cost": 1352023.78, "Total Cost": 1352023.81, "Plan Rows": 1, "Plan Width": 97, "Actual Min Startup Time": 3530.983, "Actual Max Startup Time": 3530.983, "Actual Min Total Time": 3532.353, "Actual Max Total Time": 3532.353, "Actual Total Rows": 16, "Plans": [{"Node Type": "Aggregate", "Strategy": "Plain", "Parent Relationship": "Outer", "Startup Cost": 1352023.78, "Total Cost": 1352023.79, "Plan Rows": 1, "Plan Width": 97, "Actual Min Startup Time": 2995.483, "Actual Max Startup Time": 3289.908, "Actual Min Total Time": 2995.483, "Actual Max Total Time": 3289.908, "Actual Total Rows": 16, "Plans": [{"Node Type": "Hash Join", "Parent Relationship": "Outer", "Join Type": "Inner", "Startup Cost": 243560.85, "Total Cost": 1347176.72, "Plan Rows": 969413, "Plan Width": 33, "Actual Min Startup Time": 2995.477, "Actual Max Startup Time": 3289.899, "Actual Min Total Time": 2995.477, "Actual Max Total Time": 3289.899, "Actual Total Rows": 4, "Inner Unique": true, "Hash Cond": "(mc.movie_id = t.id), (LLVM Optimized, Jit Execute)", "Plans": [{"Node Type": "Streaming(type: LOCAL REDISTRIBUTE dop: 16/16)", "Parent Relationship": "Outer", "Startup Cost": 211334.79, "Total Cost": 1314180.78, "Plan Rows": 699731, "Plan Width": 24, "Actual Min Startup Time": 2283.386, "Actual Max Startup Time": 2285.238, "Actual Min Total Time": 2285.071, "Actual Max Total Time": 2285.238, "Actual Total Rows": 6, "Plans": [{"Node Type": "Hash Join", "Parent Relationship": "Outer", "Join Type": "Inner", "Startup Cost": 211334.79, "Total Cost": 1296529.46, "Plan Rows": 699731, "Plan Width": 24, "Actual Min Startup Time": 2992.205, "Actual Max Startup Time": 3287.029, "Actual Min Total Time": 2993.112, "Actual Max Total Time": 3287.029, "Actual Total Rows": 6, "Inner Unique": true, "Hash Cond": "(ci.role_id = rt.id), (LLVM Optimized, Jit Execute)", "Plans": [{"Node Type": "Hash Join", "Parent Relationship": "Outer", "Join Type": "Inner", "Startup Cost": 196318.07, "Total Cost": 1280911.41, "Plan Rows": 699731, "Plan Width": 28, "Actual Min Startup Time": 2992.097, "Actual Max Startup Time": 3148.438, "Actual Min Total Time": 2992.973, "Actual Max Total Time": 3148.438, "Actual Total Rows": 6, "Inner Unique": true, "Hash Cond": "(mc.company_type_id = ct.id), (LLVM Optimized, Jit Execute)", "Plans": [{"Node Type": "Hash Join", "Parent Relationship": "Outer", "Join Type": "Inner", "Startup Cost": 181304.7, "Total Cost": 1265296.71, "Plan Rows": 699731, "Plan Width": 32, "Actual Min Startup Time": 2992.0, "Actual Max Startup Time": 3148.332, "Actual Min Total Time": 2992.848, "Actual Max Total Time": 3148.332, "Actual Total Rows": 14, "Inner Unique": true, "Hash Cond": "(mc.company_id = cn.id), (LLVM Optimized, Jit Execute)", "Plans": [{"Node Type": "Streaming(type: LOCAL REDISTRIBUTE dop: 16/16)", "Parent Relationship": "Outer", "Startup Cost": 173977.43, "Total Cost": 1257198.42, "Plan Rows": 1423748, "Plan Width": 36, "Actual Min Startup Time": 2312.629, "Actual Max Startup Time": 2313.878, "Actual Min Total Time": 2313.371, "Actual Max Total Time": 2313.878, "Actual Total Rows": 31, "Plans": [{"Node Type": "Hash Join", "Parent Relationship": "Outer", "Join Type": "Inner", "Startup Cost": 173977.43, "Total Cost": 1236803.75, "Plan Rows": 1423748, "Plan Width": 36, "Actual Min Startup Time": 2990.859, "Actual Max Startup Time": 3262.038, "Actual Min Total Time": 2990.948, "Actual Max Total Time": 3262.151, "Actual Total Rows": 31, "Inner Unique": false, "Hash Cond": "(ci.movie_id = mc.movie_id), (LLVM Optimized, Jit Execute)", "Plans": [{"Node Type": "Streaming(type: LOCAL REDISTRIBUTE dop: 16/16)", "Parent Relationship": "Outer", "Startup Cost": 144787.11, "Total Cost": 1205907.57, "Plan Rows": 696330, "Plan Width": 24, "Actual Min Startup Time": 2523.651, "Actual Max Startup Time": 2524.313, "Actual Min Total Time": 2524.223, "Actual Max Total Time": 2524.313, "Actual Total Rows": 15, "Plans": [{"Node Type": "Hash Join", "Parent Relationship": "Outer", "Join Type": "Inner", "Startup Cost": 144787.11, "Total Cost": 1188269.13, "Plan Rows": 696330, "Plan Width": 24, "Actual Min Startup Time": 1542.336, "Actual Max Startup Time": 3228.338, "Actual Min Total Time": 2991.153, "Actual Max Total Time": 3228.338, "Actual Total Rows": 15, "Inner Unique": true, "Hash Cond": "(ci.person_role_id = chn.id), (LLVM Optimized, Jit Execute)", "Plans": [{"Node Type": "Streaming(type: LOCAL REDISTRIBUTE dop: 16/16)", "Parent Relationship": "Outer", "Startup Cost": 0.0, "Total Cost": 1042710.15, "Plan Rows": 1436424, "Plan Width": 12, "Actual Min Startup Time": 0.069, "Actual Max Startup Time": 2154.985, "Actual Min Total Time": 2000.299, "Actual Max Total Time": 2154.985, "Actual Total Rows": 1435439, "Plans": [{"Node Type": "Index Scan", "Parent Relationship": "Outer", "Scan Direction": "Forward", "Index Name": "role_id_cast_info", "Relation Name": "cast_info", "Alias": "ci", "Startup Cost": 0.0, "Total Cost": 1022267.45, "Plan Rows": 1436424, "Plan Width": 12, "Actual Min Startup Time": 522.204, "Actual Max Startup Time": 2213.429, "Actual Min Total Time": 1518.491, "Actual Max Total Time": 2301.928, "Actual Total Rows": 1435439, "Filter": "((note)::text ~~ '%(producer)%'::text), (LLVM Optimized, Jit Execute)", "Rows Removed by Filter": 34808904}]}, {"Node Type": "Hash", "Parent Relationship": "Inner", "Startup Cost": 142333.72, "Total Cost": 142333.72, "Plan Rows": 3140338, "Plan Width": 20, "Actual Min Startup Time": 835.813, "Actual Max Startup Time": 1073.07, "Actual Min Total Time": 835.813, "Actual Max Total Time": 1073.07, "Actual Total Rows": 3140338, "Max Hash Buckets": 262144, "Min Hash Buckets": 262144, "Max Hash Batches": 1, "Min Hash Batches": 1, "Max Original Hash Batches": 1, "Min Original Hash Batches": 1, "Max Peak Memory Usage": 10347, "min Peak Memory Usage": 10347, "Plans": [{"Node Type": "Streaming(type: LOCAL REDISTRIBUTE dop: 16/16)", "Parent Relationship": "Outer", "Startup Cost": 0.0, "Total Cost": 142333.72, "Plan Rows": 3140338, "Plan Width": 20, "Actual Min Startup Time": 0.059, "Actual Max Startup Time": 77.257, "Actual Min Total Time": 722.928, "Actual Max Total Time": 989.621, "Actual Total Rows": 3140338, "Plans": [{"Node Type": "Index Scan", "Parent Relationship": "Outer", "Scan Direction": "Forward", "Index Name": "char_name_pkey", "Relation Name": "char_name", "Alias": "chn", "Startup Cost": 0.0, "Total Cost": 115434.79, "Plan Rows": 3140338, "Plan Width": 20, "Actual Min Startup Time": 0.087, "Actual Max Startup Time": 73.747, "Actual Min Total Time": 340.022, "Actual Max Total Time": 528.537, "Actual Total Rows": 3140338}]}]}]}]}, {"Node Type": "Hash", "Parent Relationship": "Inner", "Startup Cost": 108607.74, "Total Cost": 108607.74, "Plan Rows": 2609128, "Plan Width": 12, "Actual Min Startup Time": 466.327, "Actual Max Startup Time": 737.701, "Actual Min Total Time": 466.327, "Actual Max Total Time": 737.701, "Actual Total Rows": 2609128, "Max Hash Buckets": 262144, "Min Hash Buckets": 262144, "Max Hash Batches": 1, "Min Hash Batches": 1, "Max Original Hash Batches": 1, "Min Original Hash Batches": 1, "Max Peak Memory Usage": 7036, "min Peak Memory Usage": 7036, "Plans": [{"Node Type": "Streaming(type: LOCAL REDISTRIBUTE dop: 16/16)", "Parent Relationship": "Outer", "Startup Cost": 0.0, "Total Cost": 108607.74, "Plan Rows": 2609128, "Plan Width": 12, "Actual Min Startup Time": 0.075, "Actual Max Startup Time": 130.804, "Actual Min Total Time": 380.342, "Actual Max Total Time": 670.517, "Actual Total Rows": 2609128, "Plans": [{"Node Type": "Index Scan", "Parent Relationship": "Outer", "Scan Direction": "Forward", "Index Name": "company_type_id_movie_companies", "Relation Name": "movie_companies", "Alias": "mc", "Startup Cost": 0.0, "Total Cost": 83721.6, "Plan Rows": 2609128, "Plan Width": 12, "Actual Min Startup Time": 3.738, "Actual Max Startup Time": 180.614, "Actual Min Total Time": 113.722, "Actual Max Total Time": 290.13, "Actual Total Rows": 2609128}]}]}]}]}, {"Node Type": "Hash", "Parent Relationship": "Inner", "Startup Cost": 29042.93, "Total Cost": 29042.93, "Plan Rows": 85170, "Plan Width": 4, "Actual Min Startup Time": 679.106, "Actual Max Startup Time": 834.538, "Actual Min Total Time": 679.106, "Actual Max Total Time": 834.538, "Actual Total Rows": 84843, "Max Hash Buckets": 32768, "Min Hash Buckets": 32768, "Max Hash Batches": 1, "Min Hash Batches": 1, "Max Original Hash Batches": 1, "Min Original Hash Batches": 1, "Max Peak Memory Usage": 182, "min Peak Memory Usage": 182, "Plans": [{"Node Type": "Streaming(type: LOCAL REDISTRIBUTE dop: 16/1)", "Parent Relationship": "Outer", "Startup Cost": 0.0, "Total Cost": 29042.93, "Plan Rows": 85170, "Plan Width": 4, "Actual Min Startup Time": 0.068, "Actual Max Startup Time": 152.894, "Actual Min Total Time": 675.858, "Actual Max Total Time": 831.173, "Actual Total Rows": 84843, "Plans": [{"Node Type": "Index Scan", "Parent Relationship": "Outer", "Scan Direction": "Forward", "Index Name": "company_name_pkey", "Relation Name": "company_name", "Alias": "cn", "Startup Cost": 0.0, "Total Cost": 10501.39, "Plan Rows": 85170, "Plan Width": 4, "Actual Min Startup Time": 0.063, "Actual Max Startup Time": 0.063, "Actual Min Total Time": 566.771, "Actual Max Total Time": 566.771, "Actual Total Rows": 84843, "Filter": "((country_code)::text = '[us]'::text)", "Rows Removed by Filter": 150153}]}]}]}, {"Node Type": "Hash", "Parent Relationship": "Inner", "Startup Cost": 15013.33, "Total Cost": 15013.33, "Plan Rows": 48, "Plan Width": 4, "Actual Min Startup Time": 0.01, "Actual Max Startup Time": 0.044, "Actual Min Total Time": 0.01, "Actual Max Total Time": 0.044, "Actual Total Rows": 48, "Max Hash Buckets": 32768, "Min Hash Buckets": 32768, "Max Hash Batches": 1, "Min Hash Batches": 1, "Max Original Hash Batches": 1, "Min Original Hash Batches": 1, "Max Peak Memory Usage": 1, "min Peak Memory Usage": 1, "Plans": [{"Node Type": "Streaming(type: BROADCAST dop: 16/1)", "Parent Relationship": "Outer", "Startup Cost": 0.0, "Total Cost": 15013.33, "Plan Rows": 48, "Plan Width": 4, "Actual Min Startup Time": 0.004, "Actual Max Startup Time": 0.016, "Actual Min Total Time": 0.004, "Actual Max Total Time": 0.016, "Actual Total Rows": 48, "Plans": [{"Node Type": "Index Scan", "Parent Relationship": "Outer", "Scan Direction": "Forward", "Index Name": "company_type_pkey", "Relation Name": "company_type", "Alias": "ct", "Startup Cost": 0.0, "Total Cost": 12.29, "Plan Rows": 3, "Plan Width": 4, "Actual Min Startup Time": 0.023, "Actual Max Startup Time": 0.023, "Actual Min Total Time": 0.028, "Actual Max Total Time": 0.028, "Actual Total Rows": 3}]}]}]}, {"Node Type": "Hash", "Parent Relationship": "Inner", "Startup Cost": 15016.57, "Total Cost": 15016.57, "Plan Rows": 192, "Plan Width": 4, "Actual Min Startup Time": 0.017, "Actual Max Startup Time": 138.53, "Actual Min Total Time": 0.017, "Actual Max Total Time": 138.53, "Actual Total Rows": 192, "Max Hash Buckets": 32768, "Min Hash Buckets": 32768, "Max Hash Batches": 1, "Min Hash Batches": 1, "Max Original Hash Batches": 1, "Min Original Hash Batches": 1, "Max Peak Memory Usage": 1, "min Peak Memory Usage": 1, "Plans": [{"Node Type": "Streaming(type: BROADCAST dop: 16/1)", "Parent Relationship": "Outer", "Startup Cost": 0.0, "Total Cost": 15016.57, "Plan Rows": 192, "Plan Width": 4, "Actual Min Startup Time": 0.008, "Actual Max Startup Time": 138.512, "Actual Min Total Time": 0.009, "Actual Max Total Time": 138.515, "Actual Total Rows": 192, "Plans": [{"Node Type": "Index Scan", "Parent Relationship": "Outer", "Scan Direction": "Forward", "Index Name": "role_type_pkey", "Relation Name": "role_type", "Alias": "rt", "Startup Cost": 0.0, "Total Cost": 12.43, "Plan Rows": 12, "Plan Width": 4, "Actual Min Startup Time": 0.022, "Actual Max Startup Time": 0.022, "Actual Min Total Time": 0.027, "Actual Max Total Time": 0.027, "Actual Total Rows": 12}]}]}]}]}, {"Node Type": "Hash", "Parent Relationship": "Inner", "Startup Cost": 123439.09, "Total Cost": 123439.09, "Plan Rows": 1748840, "Plan Width": 21, "Actual Min Startup Time": 710.143, "Actual Max Startup Time": 1004.547, "Actual Min Total Time": 710.143, "Actual Max Total Time": 1004.547, "Actual Total Rows": 1749032, "Max Hash Buckets": 131072, "Min Hash Buckets": 131072, "Max Hash Batches": 1, "Min Hash Batches": 1, "Max Original Hash Batches": 1, "Min Original Hash Batches": 1, "Max Peak Memory Usage": 5875, "min Peak Memory Usage": 5875, "Plans": [{"Node Type": "Streaming(type: LOCAL REDISTRIBUTE dop: 16/16)", "Parent Relationship": "Outer", "Startup Cost": 0.0, "Total Cost": 123439.09, "Plan Rows": 1748840, "Plan Width": 21, "Actual Min Startup Time": 0.084, "Actual Max Startup Time": 281.168, "Actual Min Total Time": 642.674, "Actual Max Total Time": 938.379, "Actual Total Rows": 1749032, "Plans": [{"Node Type": "Index Scan", "Parent Relationship": "Outer", "Scan Direction": "Forward", "Index Name": "title_pkey", "Relation Name": "title", "Alias": "t", "Startup Cost": 0.0, "Total Cost": 101812.62, "Plan Rows": 1748840, "Plan Width": 21, "Actual Min Startup Time": 0.083, "Actual Max Startup Time": 226.697, "Actual Min Total Time": 308.79, "Actual Max Total Time": 658.364, "Actual Total Rows": 1749032, "Filter": "(production_year > 1990), (LLVM Optimized, Jit Execute)", "Rows Removed by Filter": 779279}]}]}]}]}]}]}, "Triggers": [], "Planner Runtime": 55.07, "Total Runtime": 3578.199, "Unique SQL Id": 3145361615}}, "(16, 110)": {"explain_plan": {"Plan": {"Node Type": "Aggregate", "Strategy": "Plain", "Startup Cost": 271604.22, "Total Cost": 271604.25, "Plan Rows": 1, "Plan Width": 97, "Plans": [{"Node Type": "Streaming(type: LOCAL GATHER dop: 1/16)", "Parent Relationship": "Outer", "Startup Cost": 271604.22, "Total Cost": 271604.25, "Plan Rows": 1, "Plan Width": 97, "Plans": [{"Node Type": "Aggregate", "Strategy": "Plain", "Parent Relationship": "Outer", "Startup Cost": 271604.22, "Total Cost": 271604.23, "Plan Rows": 1, "Plan Width": 97, "Plans": [{"Node Type": "Hash Join", "Parent Relationship": "Outer", "Join Type": "Inner", "Startup Cost": 144835.24, "Total Cost": 266757.16, "Plan Rows": 969413, "Plan Width": 33, "Inner Unique": true, "Hash Cond": "(mc.movie_id = t.id), (LLVM Optimized)", "Plans": [{"Node Type": "Streaming(type: LOCAL REDISTRIBUTE dop: 16/16)", "Parent Relationship": "Outer", "Startup Cost": 133275.0, "Total Cost": 254427.04, "Plan Rows": 699731, "Plan Width": 24, "Plans": [{"Node Type": "Hash Join", "Parent Relationship": "Outer", "Join Type": "Inner", "Startup Cost": 133275.0, "Total Cost": 236775.71, "Plan Rows": 699731, "Plan Width": 24, "Inner Unique": true, "Hash Cond": "(mc.company_type_id = ct.id), (LLVM Optimized)", "Plans": [{"Node Type": "Hash Join", "Parent Relationship": "Outer", "Join Type": "Inner", "Startup Cost": 118272.9, "Total Cost": 221172.28, "Plan Rows": 699731, "Plan Width": 28, "Inner Unique": true, "Hash Cond": "(ci.person_role_id = chn.id), (LLVM Optimized)", "Plans": [{"Node Type": "Streaming(type: LOCAL REDISTRIBUTE dop: 16/16)", "Parent Relationship": "Outer", "Startup Cost": 104290.19, "Total Cost": 206413.94, "Plan Rows": 1443440, "Plan Width": 16, "Plans": [{"Node Type": "Hash Join", "Parent Relationship": "Outer", "Join Type": "Inner", "Startup Cost": 104290.19, "Total Cost": 185944.65, "Plan Rows": 1443440, "Plan Width": 16, "Inner Unique": false, "Hash Cond": "(ci.movie_id = mc.movie_id), (LLVM Optimized)", "Plans": [{"Node Type": "Streaming(type: LOCAL REDISTRIBUTE dop: 16/16)", "Parent Relationship": "Outer", "Startup Cost": 15005.41, "Total Cost": 94859.97, "Plan Rows": 1436424, "Plan Width": 8, "Plans": [{"Node Type": "Hash Join", "Parent Relationship": "Outer", "Join Type": "Inner", "Startup Cost": 15005.41, "Total Cost": 74417.27, "Plan Rows": 1436424, "Plan Width": 8, "Inner Unique": true, "Hash Cond": "(ci.role_id = rt.id), (LLVM Optimized)", "Plans": [{"Node Type": "Seq Scan", "Parent Relationship": "Outer", "Relation Name": "cast_info", "Alias": "ci", "Startup Cost": 0.0, "Total Cost": 58282.92, "Plan Rows": 1436424, "Plan Width": 12, "Filter": "((note)::text ~~ '%(producer)%'::text), (LLVM Optimized)"}, {"Node Type": "Hash", "Parent Relationship": "Inner", "Startup Cost": 15005.26, "Total Cost": 15005.26, "Plan Rows": 192, "Plan Width": 4, "Plans": [{"Node Type": "Streaming(type: BROADCAST dop: 16/1)", "Parent Relationship": "Outer", "Startup Cost": 0.0, "Total Cost": 15005.26, "Plan Rows": 192, "Plan Width": 4, "Plans": [{"Node Type": "Seq Scan", "Parent Relationship": "Outer", "Relation Name": "role_type", "Alias": "rt", "Startup Cost": 0.0, "Total Cost": 1.12, "Plan Rows": 12, "Plan Width": 4}]}]}]}]}, {"Node Type": "Hash", "Parent Relationship": "Inner", "Startup Cost": 88282.97, "Total Cost": 88282.97, "Plan Rows": 1282311, "Plan Width": 8, "Plans": [{"Node Type": "Streaming(type: LOCAL REDISTRIBUTE dop: 16/16)", "Parent Relationship": "Outer", "Startup Cost": 24511.53, "Total Cost": 88282.97, "Plan Rows": 1282311, "Plan Width": 8, "Plans": [{"Node Type": "Hash Join", "Parent Relationship": "Outer", "Join Type": "Inner", "Startup Cost": 24511.53, "Total Cost": 68424.21, "Plan Rows": 1282311, "Plan Width": 8, "Inner Unique": true, "Hash Cond": "(mc.company_id = cn.id), (LLVM Optimized)", "Plans": [{"Node Type": "Streaming(type: LOCAL REDISTRIBUTE dop: 16/16)", "Parent Relationship": "Outer", "Startup Cost": 0.0, "Total Cost": 42499.73, "Plan Rows": 2609128, "Plan Width": 12, "Plans": [{"Node Type": "Seq Scan", "Parent Relationship": "Outer", "Relation Name": "movie_companies", "Alias": "mc", "Startup Cost": 0.0, "Total Cost": 17613.58, "Plan Rows": 2609128, "Plan Width": 12}]}, {"Node Type": "Hash", "Parent Relationship": "Inner", "Startup Cost": 24444.99, "Total Cost": 24444.99, "Plan Rows": 85170, "Plan Width": 4, "Plans": [{"Node Type": "Streaming(type: LOCAL REDISTRIBUTE dop: 16/1)", "Parent Relationship": "Outer", "Startup Cost": 0.0, "Total Cost": 24444.99, "Plan Rows": 85170, "Plan Width": 4, "Plans": [{"Node Type": "Seq Scan", "Parent Relationship": "Outer", "Relation Name": "company_name", "Alias": "cn", "Startup Cost": 0.0, "Total Cost": 5903.45, "Plan Rows": 85170, "Plan Width": 4, "Filter": "((country_code)::text = '[us]'::text)"}]}]}]}]}]}]}]}, {"Node Type": "Hash", "Parent Relationship": "Inner", "Startup Cost": 46117.27, "Total Cost": 46117.27, "Plan Rows": 3140338, "Plan Width": 20, "Plans": [{"Node Type": "Streaming(type: LOCAL REDISTRIBUTE dop: 16/16)", "Parent Relationship": "Outer", "Startup Cost": 0.0, "Total Cost": 46117.27, "Plan Rows": 3140338, "Plan Width": 20, "Plans": [{"Node Type": "Seq Scan", "Parent Relationship": "Outer", "Relation Name": "char_name", "Alias": "chn", "Startup Cost": 0.0, "Total Cost": 19218.34, "Plan Rows": 3140338, "Plan Width": 20}]}]}]}, {"Node Type": "Hash", "Parent Relationship": "Inner", "Startup Cost": 15002.07, "Total Cost": 15002.07, "Plan Rows": 48, "Plan Width": 4, "Plans": [{"Node Type": "Streaming(type: BROADCAST dop: 16/1)", "Parent Relationship": "Outer", "Startup Cost": 0.0, "Total Cost": 15002.07, "Plan Rows": 48, "Plan Width": 4, "Plans": [{"Node Type": "Seq Scan", "Parent Relationship": "Outer", "Relation Name": "company_type", "Alias": "ct", "Startup Cost": 0.0, "Total Cost": 1.03, "Plan Rows": 3, "Plan Width": 4}]}]}]}]}, {"Node Type": "Hash", "Parent Relationship": "Inner", "Startup Cost": 40775.83, "Total Cost": 40775.83, "Plan Rows": 1748840, "Plan Width": 21, "Plans": [{"Node Type": "Streaming(type: LOCAL REDISTRIBUTE dop: 16/16)", "Parent Relationship": "Outer", "Startup Cost": 0.0, "Total Cost": 40775.83, "Plan Rows": 1748840, "Plan Width": 21, "Plans": [{"Node Type": "Seq Scan", "Parent Relationship": "Outer", "Relation Name": "title", "Alias": "t", "Startup Cost": 0.0, "Total Cost": 19149.37, "Plan Rows": 1748840, "Plan Width": 21, "Filter": "(production_year > 1990), (LLVM Optimized)"}]}]}]}]}]}]}, "Unique SQL Id": 3145361615}, "explain_analyze_plan": {"Plan": {"Node Type": "Aggregate", "Strategy": "Plain", "Startup Cost": 271604.22, "Total Cost": 271604.25, "Plan Rows": 1, "Plan Width": 97, "Actual Min Startup Time": 2174.468, "Actual Max Startup Time": 2174.468, "Actual Min Total Time": 2174.468, "Actual Max Total Time": 2174.468, "Actual Total Rows": 1, "Plans": [{"Node Type": "Streaming(type: LOCAL GATHER dop: 1/16)", "Parent Relationship": "Outer", "Startup Cost": 271604.22, "Total Cost": 271604.25, "Plan Rows": 1, "Plan Width": 97, "Actual Min Startup Time": 2173.197, "Actual Max Startup Time": 2173.197, "Actual Min Total Time": 2174.438, "Actual Max Total Time": 2174.438, "Actual Total Rows": 16, "Plans": [{"Node Type": "Aggregate", "Strategy": "Plain", "Parent Relationship": "Outer", "Startup Cost": 271604.22, "Total Cost": 271604.23, "Plan Rows": 1, "Plan Width": 97, "Actual Min Startup Time": 1803.512, "Actual Max Startup Time": 2012.607, "Actual Min Total Time": 1803.512, "Actual Max Total Time": 2012.607, "Actual Total Rows": 16, "Plans": [{"Node Type": "Hash Join", "Parent Relationship": "Outer", "Join Type": "Inner", "Startup Cost": 144835.24, "Total Cost": 266757.16, "Plan Rows": 969413, "Plan Width": 33, "Actual Min Startup Time": 1803.506, "Actual Max Startup Time": 2012.599, "Actual Min Total Time": 1803.506, "Actual Max Total Time": 2012.599, "Actual Total Rows": 4, "Inner Unique": true, "Hash Cond": "(mc.movie_id = t.id), (LLVM Optimized, Jit Execute)", "Plans": [{"Node Type": "Streaming(type: LOCAL REDISTRIBUTE dop: 16/16)", "Parent Relationship": "Outer", "Startup Cost": 133275.0, "Total Cost": 254427.04, "Plan Rows": 699731, "Plan Width": 24, "Actual Min Startup Time": 1539.112, "Actual Max Startup Time": 1540.672, "Actual Min Total Time": 1540.566, "Actual Max Total Time": 1540.672, "Actual Total Rows": 6, "Plans": [{"Node Type": "Hash Join", "Parent Relationship": "Outer", "Join Type": "Inner", "Startup Cost": 133275.0, "Total Cost": 236775.71, "Plan Rows": 699731, "Plan Width": 24, "Actual Min Startup Time": 1800.076, "Actual Max Startup Time": 1996.771, "Actual Min Total Time": 1800.076, "Actual Max Total Time": 1996.771, "Actual Total Rows": 6, "Inner Unique": true, "Hash Cond": "(mc.company_type_id = ct.id), (LLVM Optimized, Jit Execute)", "Plans": [{"Node Type": "Hash Join", "Parent Relationship": "Outer", "Join Type": "Inner", "Startup Cost": 118272.9, "Total Cost": 221172.28, "Plan Rows": 699731, "Plan Width": 28, "Actual Min Startup Time": 1798.629, "Actual Max Startup Time": 1995.334, "Actual Min Total Time": 1798.629, "Actual Max Total Time": 1995.334, "Actual Total Rows": 14, "Inner Unique": true, "Hash Cond": "(ci.person_role_id = chn.id), (LLVM Optimized, Jit Execute)", "Plans": [{"Node Type": "Streaming(type: LOCAL REDISTRIBUTE dop: 16/16)", "Parent Relationship": "Outer", "Startup Cost": 104290.19, "Total Cost": 206413.94, "Plan Rows": 1443440, "Plan Width": 16, "Actual Min Startup Time": 249.791, "Actual Max Startup Time": 1381.119, "Actual Min Total Time": 1250.62, "Actual Max Total Time": 1381.119, "Actual Total Rows": 1210267, "Plans": [{"Node Type": "Hash Join", "Parent Relationship": "Outer", "Join Type": "Inner", "Startup Cost": 104290.19, "Total Cost": 185944.65, "Plan Rows": 1443440, "Plan Width": 16, "Actual Min Startup Time": 675.237, "Actual Max Startup Time": 871.852, "Actual Min Total Time": 1272.7, "Actual Max Total Time": 1501.609, "Actual Total Rows": 1210267, "Inner Unique": false, "Hash Cond": "(ci.movie_id = mc.movie_id), (LLVM Optimized, Jit Execute)", "Plans": [{"Node Type": "Streaming(type: LOCAL REDISTRIBUTE dop: 16/16)", "Parent Relationship": "Outer", "Startup Cost": 15005.41, "Total Cost": 94859.97, "Plan Rows": 1436424, "Plan Width": 8, "Actual Min Startup Time": 0.06, "Actual Max Startup Time": 3.768, "Actual Min Total Time": 546.912, "Actual Max Total Time": 583.512, "Actual Total Rows": 1435439, "Plans": [{"Node Type": "Hash Join", "Parent Relationship": "Outer", "Join Type": "Inner", "Startup Cost": 15005.41, "Total Cost": 74417.27, "Plan Rows": 1436424, "Plan Width": 8, "Actual Min Startup Time": 44.696, "Actual Max Startup Time": 357.961, "Actual Min Total Time": 754.774, "Actual Max Total Time": 806.064, "Actual Total Rows": 1435439, "Inner Unique": true, "Hash Cond": "(ci.role_id = rt.id), (LLVM Optimized, Jit Execute)", "Plans": [{"Node Type": "Seq Scan", "Parent Relationship": "Outer", "Relation Name": "cast_info", "Alias": "ci", "Startup Cost": 0.0, "Total Cost": 58282.92, "Plan Rows": 1436424, "Plan Width": 12, "Actual Min Startup Time": 44.599, "Actual Max Startup Time": 357.822, "Actual Min Total Time": 710.585, "Actual Max Total Time": 748.368, "Actual Total Rows": 1435439, "Filter": "((note)::text ~~ '%(producer)%'::text), (LLVM Optimized, Jit Execute)", "Rows Removed by Filter": 34808904}, {"Node Type": "Hash", "Parent Relationship": "Inner", "Startup Cost": 15005.26, "Total Cost": 15005.26, "Plan Rows": 192, "Plan Width": 4, "Actual Min Startup Time": 0.018, "Actual Max Startup Time": 46.807, "Actual Min Total Time": 0.018, "Actual Max Total Time": 46.807, "Actual Total Rows": 192, "Max Hash Buckets": 32768, "Min Hash Buckets": 32768, "Max Hash Batches": 1, "Min Hash Batches": 1, "Max Original Hash Batches": 1, "Min Original Hash Batches": 1, "Max Peak Memory Usage": 1, "min Peak Memory Usage": 1, "Plans": [{"Node Type": "Streaming(type: BROADCAST dop: 16/1)", "Parent Relationship": "Outer", "Startup Cost": 0.0, "Total Cost": 15005.26, "Plan Rows": 192, "Plan Width": 4, "Actual Min Startup Time": 0.006, "Actual Max Startup Time": 42.649, "Actual Min Total Time": 0.007, "Actual Max Total Time": 42.651, "Actual Total Rows": 192, "Plans": [{"Node Type": "Seq Scan", "Parent Relationship": "Outer", "Relation Name": "role_type", "Alias": "rt", "Startup Cost": 0.0, "Total Cost": 1.12, "Plan Rows": 12, "Plan Width": 4, "Actual Min Startup Time": 0.013, "Actual Max Startup Time": 0.013, "Actual Min Total Time": 0.017, "Actual Max Total Time": 0.017, "Actual Total Rows": 12}]}]}]}]}, {"Node Type": "Hash", "Parent Relationship": "Inner", "Startup Cost": 88282.97, "Total Cost": 88282.97, "Plan Rows": 1282311, "Plan Width": 8, "Actual Min Startup Time": 674.911, "Actual Max Startup Time": 871.504, "Actual Min Total Time": 674.911, "Actual Max Total Time": 871.504, "Actual Total Rows": 1153797, "Max Hash Buckets": 131072, "Min Hash Buckets": 131072, "Max Hash Batches": 1, "Min Hash Batches": 1, "Max Original Hash Batches": 1, "Min Original Hash Batches": 1, "Max Peak Memory Usage": 2824, "min Peak Memory Usage": 2824, "Plans": [{"Node Type": "Streaming(type: LOCAL REDISTRIBUTE dop: 16/16)", "Parent Relationship": "Outer", "Startup Cost": 24511.53, "Total Cost": 88282.97, "Plan Rows": 1282311, "Plan Width": 8, "Actual Min Startup Time": 165.521, "Actual Max Startup Time": 362.413, "Actual Min Total Time": 648.186, "Actual Max Total Time": 846.134, "Actual Total Rows": 1153797, "Plans": [{"Node Type": "Hash Join", "Parent Relationship": "Outer", "Join Type": "Inner", "Startup Cost": 24511.53, "Total Cost": 68424.21, "Plan Rows": 1282311, "Plan Width": 8, "Actual Min Startup Time": 157.625, "Actual Max Startup Time": 309.504, "Actual Min Total Time": 514.764, "Actual Max Total Time": 746.156, "Actual Total Rows": 1153797, "Inner Unique": true, "Hash Cond": "(mc.company_id = cn.id), (LLVM Optimized, Jit Execute)", "Plans": [{"Node Type": "Streaming(type: LOCAL REDISTRIBUTE dop: 16/16)", "Parent Relationship": "Outer", "Startup Cost": 0.0, "Total Cost": 42499.73, "Plan Rows": 2609128, "Plan Width": 12, "Actual Min Startup Time": 0.065, "Actual Max Startup Time": 1.561, "Actual Min Total Time": 285.138, "Actual Max Total Time": 396.063, "Actual Total Rows": 2609128, "Plans": [{"Node Type": "Seq Scan", "Parent Relationship": "Outer", "Relation Name": "movie_companies", "Alias": "mc", "Startup Cost": 0.0, "Total Cost": 17613.58, "Plan Rows": 2609128, "Plan Width": 12, "Actual Min Startup Time": 0.025, "Actual Max Startup Time": 0.05, "Actual Min Total Time": 41.101, "Actual Max Total Time": 52.364, "Actual Total Rows": 2609128}]}, {"Node Type": "Hash", "Parent Relationship": "Inner", "Startup Cost": 24444.99, "Total Cost": 24444.99, "Plan Rows": 85170, "Plan Width": 4, "Actual Min Startup Time": 156.603, "Actual Max Startup Time": 309.356, "Actual Min Total Time": 156.603, "Actual Max Total Time": 309.356, "Actual Total Rows": 84843, "Max Hash Buckets": 32768, "Min Hash Buckets": 32768, "Max Hash Batches": 1, "Min Hash Batches": 1, "Max Original Hash Batches": 1, "Min Original Hash Batches": 1, "Max Peak Memory Usage": 182, "min Peak Memory Usage": 182, "Plans": [{"Node Type": "Streaming(type: LOCAL REDISTRIBUTE dop: 16/1)", "Parent Relationship": "Outer", "Startup Cost": 0.0, "Total Cost": 24444.99, "Plan Rows": 85170, "Plan Width": 4, "Actual Min Startup Time": 0.036, "Actual Max Startup Time": 144.9, "Actual Min Total Time": 154.794, "Actual Max Total Time": 307.673, "Actual Total Rows": 84843, "Plans": [{"Node Type": "Seq Scan", "Parent Relationship": "Outer", "Relation Name": "company_name", "Alias": "cn", "Startup Cost": 0.0, "Total Cost": 5903.45, "Plan Rows": 85170, "Plan Width": 4, "Actual Min Startup Time": 0.073, "Actual Max Startup Time": 0.073, "Actual Min Total Time": 90.6, "Actual Max Total Time": 90.6, "Actual Total Rows": 84843, "Filter": "((country_code)::text = '[us]'::text)", "Rows Removed by Filter": 150153}]}]}]}]}]}]}]}, {"Node Type": "Hash", "Parent Relationship": "Inner", "Startup Cost": 46117.27, "Total Cost": 46117.27, "Plan Rows": 3140338, "Plan Width": 20, "Actual Min Startup Time": 417.263, "Actual Max Startup Time": 613.937, "Actual Min Total Time": 417.263, "Actual Max Total Time": 613.937, "Actual Total Rows": 3140338, "Max Hash Buckets": 262144, "Min Hash Buckets": 262144, "Max Hash Batches": 1, "Min Hash Batches": 1, "Max Original Hash Batches": 1, "Min Original Hash Batches": 1, "Max Peak Memory Usage": 10347, "min Peak Memory Usage": 10347, "Plans": [{"Node Type": "Streaming(type: LOCAL REDISTRIBUTE dop: 16/16)", "Parent Relationship": "Outer", "Startup Cost": 0.0, "Total Cost": 46117.27, "Plan Rows": 3140338, "Plan Width": 20, "Actual Min Startup Time": 0.051, "Actual Max Startup Time": 41.823, "Actual Min Total Time": 335.206, "Actual Max Total Time": 532.902, "Actual Total Rows": 3140338, "Plans": [{"Node Type": "Seq Scan", "Parent Relationship": "Outer", "Relation Name": "char_name", "Alias": "chn", "Startup Cost": 0.0, "Total Cost": 19218.34, "Plan Rows": 3140338, "Plan Width": 20, "Actual Min Startup Time": 0.019, "Actual Max Startup Time": 0.062, "Actual Min Total Time": 57.374, "Actual Max Total Time": 66.634, "Actual Total Rows": 3140338}]}]}]}, {"Node Type": "Hash", "Parent Relationship": "Inner", "Startup Cost": 15002.07, "Total Cost": 15002.07, "Plan Rows": 48, "Plan Width": 4, "Actual Min Startup Time": 0.008, "Actual Max Startup Time": 0.021, "Actual Min Total Time": 0.008, "Actual Max Total Time": 0.021, "Actual Total Rows": 48, "Max Hash Buckets": 32768, "Min Hash Buckets": 32768, "Max Hash Batches": 1, "Min Hash Batches": 1, "Max Original Hash Batches": 1, "Min Original Hash Batches": 1, "Max Peak Memory Usage": 1, "min Peak Memory Usage": 1, "Plans": [{"Node Type": "Streaming(type: BROADCAST dop: 16/1)", "Parent Relationship": "Outer", "Startup Cost": 0.0, "Total Cost": 15002.07, "Plan Rows": 48, "Plan Width": 4, "Actual Min Startup Time": 0.004, "Actual Max Startup Time": 0.012, "Actual Min Total Time": 0.004, "Actual Max Total Time": 0.013, "Actual Total Rows": 48, "Plans": [{"Node Type": "Seq Scan", "Parent Relationship": "Outer", "Relation Name": "company_type", "Alias": "ct", "Startup Cost": 0.0, "Total Cost": 1.03, "Plan Rows": 3, "Plan Width": 4, "Actual Min Startup Time": 0.019, "Actual Max Startup Time": 0.019, "Actual Min Total Time": 0.021, "Actual Max Total Time": 0.021, "Actual Total Rows": 3}]}]}]}]}, {"Node Type": "Hash", "Parent Relationship": "Inner", "Startup Cost": 40775.83, "Total Cost": 40775.83, "Plan Rows": 1748840, "Plan Width": 21, "Actual Min Startup Time": 262.767, "Actual Max Startup Time": 471.782, "Actual Min Total Time": 262.767, "Actual Max Total Time": 471.782, "Actual Total Rows": 1749032, "Max Hash Buckets": 131072, "Min Hash Buckets": 131072, "Max Hash Batches": 1, "Min Hash Batches": 1, "Max Original Hash Batches": 1, "Min Original Hash Batches": 1, "Max Peak Memory Usage": 5875, "min Peak Memory Usage": 5875, "Plans": [{"Node Type": "Streaming(type: LOCAL REDISTRIBUTE dop: 16/16)", "Parent Relationship": "Outer", "Startup Cost": 0.0, "Total Cost": 40775.83, "Plan Rows": 1748840, "Plan Width": 21, "Actual Min Startup Time": 0.053, "Actual Max Startup Time": 123.387, "Actual Min Total Time": 228.641, "Actual Max Total Time": 434.39, "Actual Total Rows": 1749032, "Plans": [{"Node Type": "Seq Scan", "Parent Relationship": "Outer", "Relation Name": "title", "Alias": "t", "Startup Cost": 0.0, "Total Cost": 19149.37, "Plan Rows": 1748840, "Plan Width": 21, "Actual Min Startup Time": 0.03, "Actual Max Startup Time": 0.055, "Actual Min Total Time": 63.776, "Actual Max Total Time": 72.406, "Actual Total Rows": 1749032, "Filter": "(production_year > 1990), (LLVM Optimized, Jit Execute)", "Rows Removed by Filter": 779279}]}]}]}]}]}]}, "Triggers": [], "Planner Runtime": 79.462, "Total Runtime": 2215.31, "Unique SQL Id": 3145361615}}, "(16, 111)": {"explain_plan": {"Plan": {"Node Type": "Aggregate", "Strategy": "Plain", "Startup Cost": 7000178569399.87, "Total Cost": 7000178569399.88, "Plan Rows": 1, "Plan Width": 97, "Plans": [{"Node Type": "Hash Join", "Parent Relationship": "Outer", "Join Type": "Inner", "Startup Cost": 6010035097294.28, "Total Cost": 7000178564552.8, "Plan Rows": 969413, "Plan Width": 33, "Inner Unique": true, "Hash Cond": "(mc.movie_id = t.id), (LLVM Optimized)", "Plans": [{"Node Type": "Hash Join", "Parent Relationship": "Outer", "Join Type": "Inner", "Startup Cost": 5010023431307.12, "Total Cost": 6000166886247.52, "Plan Rows": 699731, "Plan Width": 24, "Inner Unique": true, "Hash Cond": "(ci.role_id = rt.id), (LLVM Optimized)", "Plans": [{"Node Type": "Hash Join", "Parent Relationship": "Outer", "Join Type": "Inner", "Startup Cost": 4010023430063.96, "Total Cost": 5000166875383.06, "Plan Rows": 699731, "Plan Width": 28, "Inner Unique": true, "Hash Cond": "(mc.company_type_id = ct.id), (LLVM Optimized)", "Plans": [{"Node Type": "Hash Join", "Parent Relationship": "Outer", "Join Type": "Inner", "Startup Cost": 3010023428834.43, "Total Cost": 4000166864532.23, "Plan Rows": 699731, "Plan Width": 32, "Inner Unique": true, "Hash Cond": "(mc.company_id = cn.id), (LLVM Optimized)", "Plans": [{"Node Type": "Hash Join", "Parent Relationship": "Outer", "Join Type": "Inner", "Startup Cost": 2010022377630.83, "Total Cost": 3000165800992.27, "Plan Rows": 1423748, "Plan Width": 36, "Inner Unique": false, "Hash Cond": "(ci.movie_id = mc.movie_id), (LLVM Optimized)", "Plans": [{"Node Type": "Hash Join", "Parent Relationship": "Outer", "Join Type": "Inner", "Startup Cost": 1010013026799.73, "Total Cost": 2000156257489.12, "Plan Rows": 696330, "Plan Width": 24, "Inner Unique": true, "Hash Cond": "(ci.person_role_id = chn.id), (LLVM Optimized)", "Plans": [{"Node Type": "Index Scan", "Parent Relationship": "Outer", "Scan Direction": "Forward", "Index Name": "role_id_cast_info", "Relation Name": "cast_info", "Alias": "ci", "Startup Cost": 10000000000.0, "Total Cost": 1000143218339.5, "Plan Rows": 1436424, "Plan Width": 12, "Filter": "((note)::text ~~ '%(producer)%'::text), (LLVM Optimized)"}, {"Node Type": "Hash", "Parent Relationship": "Inner", "Startup Cost": 1000012987545.51, "Total Cost": 1000012987545.51, "Plan Rows": 3140338, "Plan Width": 20, "Plans": [{"Node Type": "Index Scan", "Parent Relationship": "Outer", "Scan Direction": "Forward", "Index Name": "char_name_pkey", "Relation Name": "char_name", "Alias": "chn", "Startup Cost": 10000000000.0, "Total Cost": 1000012987545.51, "Plan Rows": 3140338, "Plan Width": 20}]}]}, {"Node Type": "Hash", "Parent Relationship": "Inner", "Startup Cost": 1000009318217.0, "Total Cost": 1000009318217.0, "Plan Rows": 2609128, "Plan Width": 12, "Plans": [{"Node Type": "Index Scan", "Parent Relationship": "Outer", "Scan Direction": "Forward", "Index Name": "company_type_id_movie_companies", "Relation Name": "movie_companies", "Alias": "mc", "Startup Cost": 10000000000.0, "Total Cost": 1000009318217.0, "Plan Rows": 2609128, "Plan Width": 12}]}]}, {"Node Type": "Hash", "Parent Relationship": "Inner", "Startup Cost": 1000001050138.97, "Total Cost": 1000001050138.97, "Plan Rows": 85170, "Plan Width": 4, "Plans": [{"Node Type": "Index Scan", "Parent Relationship": "Outer", "Scan Direction": "Forward", "Index Name": "company_name_pkey", "Relation Name": "company_name", "Alias": "cn", "Startup Cost": 10000000000.0, "Total Cost": 1000001050138.97, "Plan Rows": 85170, "Plan Width": 4, "Filter": "((country_code)::text = '[us]'::text)"}]}]}, {"Node Type": "Hash", "Parent Relationship": "Inner", "Startup Cost": 1000000001229.5, "Total Cost": 1000000001229.5, "Plan Rows": 3, "Plan Width": 4, "Plans": [{"Node Type": "Index Scan", "Parent Relationship": "Outer", "Scan Direction": "Forward", "Index Name": "company_type_pkey", "Relation Name": "company_type", "Alias": "ct", "Startup Cost": 10000000000.0, "Total Cost": 1000000001229.5, "Plan Rows": 3, "Plan Width": 4}]}]}, {"Node Type": "Hash", "Parent Relationship": "Inner", "Startup Cost": 1000000001243.0, "Total Cost": 1000000001243.0, "Plan Rows": 12, "Plan Width": 4, "Plans": [{"Node Type": "Index Scan", "Parent Relationship": "Outer", "Scan Direction": "Forward", "Index Name": "role_type_pkey", "Relation Name": "role_type", "Alias": "rt", "Startup Cost": 10000000000.0, "Total Cost": 1000000001243.0, "Plan Rows": 12, "Plan Width": 4}]}]}, {"Node Type": "Hash", "Parent Relationship": "Inner", "Startup Cost": 1000011644126.66, "Total Cost": 1000011644126.66, "Plan Rows": 1748840, "Plan Width": 21, "Plans": [{"Node Type": "Index Scan", "Parent Relationship": "Outer", "Scan Direction": "Forward", "Index Name": "title_pkey", "Relation Name": "title", "Alias": "t", "Startup Cost": 10000000000.0, "Total Cost": 1000011644126.66, "Plan Rows": 1748840, "Plan Width": 21, "Filter": "(production_year > 1990), (LLVM Optimized)"}]}]}]}, "Unique SQL Id": 3145361615}, "explain_analyze_plan": null}, "(16, 112)": {"explain_plan": {"Plan": {"Node Type": "Aggregate", "Strategy": "Plain", "Startup Cost": 1669200.92, "Total Cost": 1669200.93, "Plan Rows": 1, "Plan Width": 97, "Plans": [{"Node Type": "Nested Loop", "Parent Relationship": "Outer", "Join Type": "Inner", "Startup Cost": 0.0, "Total Cost": 1664353.86, "Plan Rows": 969413, "Plan Width": 33, "Inner Unique": true, "Plans": [{"Node Type": "Nested Loop", "Parent Relationship": "Outer", "Join Type": "Inner", "Startup Cost": 0.0, "Total Cost": 1419437.32, "Plan Rows": 699731, "Plan Width": 24, "Inner Unique": true, "Join Filter": "(mc.company_type_id = ct.id), (LLVM Optimized)", "Plans": [{"Node Type": "Nested Loop", "Parent Relationship": "Outer", "Join Type": "Inner", "Startup Cost": 0.0, "Total Cost": 1387948.39, "Plan Rows": 699731, "Plan Width": 28, "Inner Unique": true, "Plans": [{"Node Type": "Nested Loop", "Parent Relationship": "Outer", "Join Type": "Inner", "Startup Cost": 0.0, "Total Cost": 978390.36, "Plan Rows": 1423748, "Plan Width": 32, "Inner Unique": false, "Plans": [{"Node Type": "Nested Loop", "Parent Relationship": "Outer", "Join Type": "Inner", "Startup Cost": 0.0, "Total Cost": 713471.65, "Plan Rows": 696330, "Plan Width": 20, "Inner Unique": true, "Plans": [{"Node Type": "Streaming(type: LOCAL GATHER dop: 1/16)", "Parent Relationship": "Outer", "Startup Cost": 0.0, "Total Cost": 120448.93, "Plan Rows": 1436424, "Plan Width": 8, "Plans": [{"Node Type": "Nested Loop", "Parent Relationship": "Outer", "Join Type": "Inner", "Startup Cost": 0.0, "Total Cost": 89447.98, "Plan Rows": 1436424, "Plan Width": 8, "Inner Unique": true, "Join Filter": "(ci.role_id = rt.id), (LLVM Optimized)", "Plans": [{"Node Type": "Seq Scan", "Parent Relationship": "Outer", "Relation Name": "cast_info", "Alias": "ci", "Startup Cost": 0.0, "Total Cost": 58282.92, "Plan Rows": 1436424, "Plan Width": 12, "Filter": "((note)::text ~~ '%(producer)%'::text), (LLVM Optimized)"}, {"Node Type": "Materialize", "Parent Relationship": "Inner", "Startup Cost": 0.0, "Total Cost": 15005.32, "Plan Rows": 192, "Plan Width": 4, "Plans": [{"Node Type": "Streaming(type: BROADCAST dop: 16/1)", "Parent Relationship": "Outer", "Startup Cost": 0.0, "Total Cost": 15005.26, "Plan Rows": 192, "Plan Width": 4, "Plans": [{"Node Type": "Seq Scan", "Parent Relationship": "Outer", "Relation Name": "role_type", "Alias": "rt", "Startup Cost": 0.0, "Total Cost": 1.12, "Plan Rows": 12, "Plan Width": 4}]}]}]}]}, {"Node Type": "Index Scan", "Parent Relationship": "Inner", "Scan Direction": "Forward", "Index Name": "char_name_pkey", "Relation Name": "char_name", "Alias": "chn", "Startup Cost": 0.0, "Total Cost": 0.4, "Plan Rows": 1, "Plan Width": 20, "Index Cond": "(id = ci.person_role_id)"}]}, {"Node Type": "Index Scan", "Parent Relationship": "Inner", "Scan Direction": "Forward", "Index Name": "movie_id_movie_companies", "Relation Name": "movie_companies", "Alias": "mc", "Startup Cost": 0.0, "Total Cost": 0.36, "Plan Rows": 2, "Plan Width": 12, "Index Cond": "(movie_id = ci.movie_id)"}]}, {"Node Type": "Index Scan", "Parent Relationship": "Inner", "Scan Direction": "Forward", "Index Name": "company_name_pkey", "Relation Name": "company_name", "Alias": "cn", "Startup Cost": 0.0, "Total Cost": 0.28, "Plan Rows": 1, "Plan Width": 4, "Index Cond": "(id = mc.company_id)", "Filter": "((country_code)::text = '[us]'::text)"}]}, {"Node Type": "Materialize", "Parent Relationship": "Inner", "Startup Cost": 0.0, "Total Cost": 1.04, "Plan Rows": 3, "Plan Width": 4, "Plans": [{"Node Type": "Seq Scan", "Parent Relationship": "Outer", "Relation Name": "company_type", "Alias": "ct", "Startup Cost": 0.0, "Total Cost": 1.03, "Plan Rows": 3, "Plan Width": 4}]}]}, {"Node Type": "Index Scan", "Parent Relationship": "Inner", "Scan Direction": "Forward", "Index Name": "title_pkey", "Relation Name": "title", "Alias": "t", "Startup Cost": 0.0, "Total Cost": 0.34, "Plan Rows": 1, "Plan Width": 21, "Index Cond": "(id = mc.movie_id)", "Filter": "(production_year > 1990)"}]}]}, "Unique SQL Id": 3145361615}, "explain_analyze_plan": {"Plan": {"Node Type": "Aggregate", "Strategy": "Plain", "Startup Cost": 1669200.92, "Total Cost": 1669200.93, "Plan Rows": 1, "Plan Width": 97, "Actual Min Startup Time": 1677.422, "Actual Max Startup Time": 1677.422, "Actual Min Total Time": 1677.422, "Actual Max Total Time": 1677.422, "Actual Total Rows": 1, "Plans": [{"Node Type": "Nested Loop", "Parent Relationship": "Outer", "Join Type": "Inner", "Startup Cost": 0.0, "Total Cost": 1664353.86, "Plan Rows": 969413, "Plan Width": 33, "Actual Min Startup Time": 366.84, "Actual Max Startup Time": 366.84, "Actual Min Total Time": 1677.368, "Actual Max Total Time": 1677.368, "Actual Total Rows": 4, "Inner Unique": true, "Plans": [{"Node Type": "Nested Loop", "Parent Relationship": "Outer", "Join Type": "Inner", "Startup Cost": 0.0, "Total Cost": 1419437.32, "Plan Rows": 699731, "Plan Width": 24, "Actual Min Startup Time": 365.0, "Actual Max Startup Time": 365.0, "Actual Min Total Time": 1677.307, "Actual Max Total Time": 1677.307, "Actual Total Rows": 6, "Inner Unique": true, "Join Filter": "(mc.company_type_id = ct.id), (LLVM Optimized, Jit Execute)", "Rows Removed by Join Filter": 24, "Plans": [{"Node Type": "Nested Loop", "Parent Relationship": "Outer", "Join Type": "Inner", "Startup Cost": 0.0, "Total Cost": 1387948.39, "Plan Rows": 699731, "Plan Width": 28, "Actual Min Startup Time": 364.907, "Actual Max Startup Time": 364.907, "Actual Min Total Time": 1677.227, "Actual Max Total Time": 1677.227, "Actual Total Rows": 14, "Inner Unique": true, "Plans": [{"Node Type": "Nested Loop", "Parent Relationship": "Outer", "Join Type": "Inner", "Startup Cost": 0.0, "Total Cost": 978390.36, "Plan Rows": 1423748, "Plan Width": 32, "Actual Min Startup Time": 364.88, "Actual Max Startup Time": 364.88, "Actual Min Total Time": 1677.003, "Actual Max Total Time": 1677.003, "Actual Total Rows": 31, "Inner Unique": false, "Plans": [{"Node Type": "Nested Loop", "Parent Relationship": "Outer", "Join Type": "Inner", "Startup Cost": 0.0, "Total Cost": 713471.65, "Plan Rows": 696330, "Plan Width": 20, "Actual Min Startup Time": 364.866, "Actual Max Startup Time": 364.866, "Actual Min Total Time": 1676.849, "Actual Max Total Time": 1676.849, "Actual Total Rows": 15, "Inner Unique": true, "Plans": [{"Node Type": "Streaming(type: LOCAL GATHER dop: 1/16)", "Parent Relationship": "Outer", "Startup Cost": 0.0, "Total Cost": 120448.93, "Plan Rows": 1436424, "Plan Width": 8, "Actual Min Startup Time": 364.391, "Actual Max Startup Time": 364.391, "Actual Min Total Time": 905.875, "Actual Max Total Time": 905.875, "Actual Total Rows": 1435439, "Plans": [{"Node Type": "Nested Loop", "Parent Relationship": "Outer", "Join Type": "Inner", "Startup Cost": 0.0, "Total Cost": 89447.98, "Plan Rows": 1436424, "Plan Width": 8, "Actual Min Startup Time": 44.057, "Actual Max Startup Time": 344.321, "Actual Min Total Time": 779.816, "Actual Max Total Time": 819.87, "Actual Total Rows": 1435439, "Inner Unique": true, "Join Filter": "(ci.role_id = rt.id), (LLVM Optimized, Jit Execute)", "Rows Removed by Join Filter": 2870850, "Plans": [{"Node Type": "Seq Scan", "Parent Relationship": "Outer", "Relation Name": "cast_info", "Alias": "ci", "Startup Cost": 0.0, "Total Cost": 58282.92, "Plan Rows": 1436424, "Plan Width": 12, "Actual Min Startup Time": 43.978, "Actual Max Startup Time": 344.245, "Actual Min Total Time": 678.566, "Actual Max Total Time": 715.183, "Actual Total Rows": 1435439, "Filter": "((note)::text ~~ '%(producer)%'::text), (LLVM Optimized, Jit Execute)", "Rows Removed by Filter": 34808904}, {"Node Type": "Materialize", "Parent Relationship": "Inner", "Startup Cost": 0.0, "Total Cost": 15005.32, "Plan Rows": 192, "Plan Width": 4, "Actual Min Startup Time": 7.503, "Actual Max Startup Time": 8.403, "Actual Min Total Time": 22.668, "Actual Max Total Time": 25.203, "Actual Total Rows": 4306305, "Plans": [{"Node Type": "Streaming(type: BROADCAST dop: 16/1)", "Parent Relationship": "Outer", "Startup Cost": 0.0, "Total Cost": 15005.26, "Plan Rows": 192, "Plan Width": 4, "Actual Min Startup Time": 0.005, "Actual Max Startup Time": 0.016, "Actual Min Total Time": 0.006, "Actual Max Total Time": 0.017, "Actual Total Rows": 192, "Plans": [{"Node Type": "Seq Scan", "Parent Relationship": "Outer", "Relation Name": "role_type", "Alias": "rt", "Startup Cost": 0.0, "Total Cost": 1.12, "Plan Rows": 12, "Plan Width": 4, "Actual Min Startup Time": 0.016, "Actual Max Startup Time": 0.016, "Actual Min Total Time": 0.02, "Actual Max Total Time": 0.02, "Actual Total Rows": 12}]}]}]}]}, {"Node Type": "Index Scan", "Parent Relationship": "Inner", "Scan Direction": "Forward", "Index Name": "char_name_pkey", "Relation Name": "char_name", "Alias": "chn", "Startup Cost": 0.0, "Total Cost": 0.4, "Plan Rows": 1, "Plan Width": 20, "Actual Min Startup Time": 225.535, "Actual Max Startup Time": 225.535, "Actual Min Total Time": 225.535, "Actual Max Total Time": 225.535, "Actual Total Rows": 15, "Index Cond": "(id = ci.person_role_id)", "Rows Removed by Index Recheck": 0}]}, {"Node Type": "Index Scan", "Parent Relationship": "Inner", "Scan Direction": "Forward", "Index Name": "movie_id_movie_companies", "Relation Name": "movie_companies", "Alias": "mc", "Startup Cost": 0.0, "Total Cost": 0.36, "Plan Rows": 2, "Plan Width": 12, "Actual Min Startup Time": 0.1, "Actual Max Startup Time": 0.1, "Actual Min Total Time": 0.134, "Actual Max Total Time": 0.134, "Actual Total Rows": 31, "Index Cond": "(movie_id = ci.movie_id)", "Rows Removed by Index Recheck": 0}]}, {"Node Type": "Index Scan", "Parent Relationship": "Inner", "Scan Direction": "Forward", "Index Name": "company_name_pkey", "Relation Name": "company_name", "Alias": "cn", "Startup Cost": 0.0, "Total Cost": 0.28, "Plan Rows": 1, "Plan Width": 4, "Actual Min Startup Time": 0.191, "Actual Max Startup Time": 0.191, "Actual Min Total Time": 0.191, "Actual Max Total Time": 0.191, "Actual Total Rows": 14, "Index Cond": "(id = mc.company_id)", "Rows Removed by Index Recheck": 0, "Filter": "((country_code)::text = '[us]'::text)", "Rows Removed by Filter": 17}]}, {"Node Type": "Materialize", "Parent Relationship": "Inner", "Startup Cost": 0.0, "Total Cost": 1.04, "Plan Rows": 3, "Plan Width": 4, "Actual Min Startup Time": 0.046, "Actual Max Startup Time": 0.046, "Actual Min Total Time": 0.048, "Actual Max Total Time": 0.048, "Actual Total Rows": 31, "Plans": [{"Node Type": "Seq Scan", "Parent Relationship": "Outer", "Relation Name": "company_type", "Alias": "ct", "Startup Cost": 0.0, "Total Cost": 1.03, "Plan Rows": 3, "Plan Width": 4, "Actual Min Startup Time": 0.024, "Actual Max Startup Time": 0.024, "Actual Min Total Time": 0.027, "Actual Max Total Time": 0.027, "Actual Total Rows": 3}]}]}, {"Node Type": "Index Scan", "Parent Relationship": "Inner", "Scan Direction": "Forward", "Index Name": "title_pkey", "Relation Name": "title", "Alias": "t", "Startup Cost": 0.0, "Total Cost": 0.34, "Plan Rows": 1, "Plan Width": 21, "Actual Min Startup Time": 0.051, "Actual Max Startup Time": 0.051, "Actual Min Total Time": 0.051, "Actual Max Total Time": 0.051, "Actual Total Rows": 4, "Index Cond": "(id = mc.movie_id)", "Rows Removed by Index Recheck": 0, "Filter": "(production_year > 1990)", "Rows Removed by Filter": 2}]}]}, "Triggers": [], "Planner Runtime": 6.322, "Total Runtime": 1690.513, "Unique SQL Id": 3145361615}}, "(16, 113)": {"explain_plan": {"Plan": {"Node Type": "Aggregate", "Strategy": "Plain", "Startup Cost": 2425779.29, "Total Cost": 2425779.3, "Plan Rows": 1, "Plan Width": 97, "Plans": [{"Node Type": "Nested Loop", "Parent Relationship": "Outer", "Join Type": "Inner", "Startup Cost": 0.0, "Total Cost": 2420932.22, "Plan Rows": 969413, "Plan Width": 33, "Inner Unique": true, "Plans": [{"Node Type": "Nested Loop", "Parent Relationship": "Outer", "Join Type": "Inner", "Startup Cost": 0.0, "Total Cost": 2176015.68, "Plan Rows": 699731, "Plan Width": 24, "Inner Unique": true, "Join Filter": "(ci.role_id = rt.id), (LLVM Optimized)", "Plans": [{"Node Type": "Nested Loop", "Parent Relationship": "Outer", "Join Type": "Inner", "Startup Cost": 0.0, "Total Cost": 2050055.64, "Plan Rows": 699731, "Plan Width": 28, "Inner Unique": true, "Join Filter": "(mc.company_type_id = ct.id), (LLVM Optimized)", "Plans": [{"Node Type": "Nested Loop", "Parent Relationship": "Outer", "Join Type": "Inner", "Startup Cost": 0.0, "Total Cost": 2018559.45, "Plan Rows": 699731, "Plan Width": 32, "Inner Unique": true, "Plans": [{"Node Type": "Nested Loop", "Parent Relationship": "Outer", "Join Type": "Inner", "Startup Cost": 0.0, "Total Cost": 1422640.19, "Plan Rows": 1443440, "Plan Width": 20, "Inner Unique": false, "Plans": [{"Node Type": "Nested Loop", "Parent Relationship": "Outer", "Join Type": "Inner", "Startup Cost": 0.0, "Total Cost": 171332.39, "Plan Rows": 1282311, "Plan Width": 8, "Inner Unique": false, "Plans": [{"Node Type": "Index Scan", "Parent Relationship": "Outer", "Scan Direction": "Forward", "Index Name": "company_name_pkey", "Relation Name": "company_name", "Alias": "cn", "Startup Cost": 0.0, "Total Cost": 10501.39, "Plan Rows": 85170, "Plan Width": 4, "Filter": "((country_code)::text = '[us]'::text)"}, {"Node Type": "Index Scan", "Parent Relationship": "Inner", "Scan Direction": "Forward", "Index Name": "company_id_movie_companies", "Relation Name": "movie_companies", "Alias": "mc", "Startup Cost": 0.0, "Total Cost": 1.74, "Plan Rows": 15, "Plan Width": 12, "Index Cond": "(company_id = cn.id)"}]}, {"Node Type": "Index Scan", "Parent Relationship": "Inner", "Scan Direction": "Forward", "Index Name": "movie_id_cast_info", "Relation Name": "cast_info", "Alias": "ci", "Startup Cost": 0.0, "Total Cost": 0.97, "Plan Rows": 1, "Plan Width": 12, "Index Cond": "(movie_id = mc.movie_id)", "Filter": "((note)::text ~~ '%(producer)%'::text)"}]}, {"Node Type": "Index Scan", "Parent Relationship": "Inner", "Scan Direction": "Forward", "Index Name": "char_name_pkey", "Relation Name": "char_name", "Alias": "chn", "Startup Cost": 0.0, "Total Cost": 0.4, "Plan Rows": 1, "Plan Width": 20, "Index Cond": "(id = ci.person_role_id)"}]}, {"Node Type": "Materialize", "Parent Relationship": "Inner", "Startup Cost": 0.0, "Total Cost": 8.31, "Plan Rows": 3, "Plan Width": 4, "Plans": [{"Node Type": "Index Only Scan", "Parent Relationship": "Outer", "Scan Direction": "Forward", "Index Name": "company_type_pkey", "Relation Name": "company_type", "Alias": "ct", "Startup Cost": 0.0, "Total Cost": 8.29, "Plan Rows": 3, "Plan Width": 4}]}]}, {"Node Type": "Materialize", "Parent Relationship": "Inner", "Startup Cost": 0.0, "Total Cost": 8.49, "Plan Rows": 12, "Plan Width": 4, "Plans": [{"Node Type": "Index Only Scan", "Parent Relationship": "Outer", "Scan Direction": "Forward", "Index Name": "role_type_pkey", "Relation Name": "role_type", "Alias": "rt", "Startup Cost": 0.0, "Total Cost": 8.43, "Plan Rows": 12, "Plan Width": 4}]}]}, {"Node Type": "Index Scan", "Parent Relationship": "Inner", "Scan Direction": "Forward", "Index Name": "title_pkey", "Relation Name": "title", "Alias": "t", "Startup Cost": 0.0, "Total Cost": 0.34, "Plan Rows": 1, "Plan Width": 21, "Index Cond": "(id = mc.movie_id)", "Filter": "(production_year > 1990)"}]}]}, "Unique SQL Id": 3145361615}, "explain_analyze_plan": null}, "(16, 114)": {"explain_plan": {"Plan": {"Node Type": "Aggregate", "Strategy": "Plain", "Startup Cost": 15749262.27, "Total Cost": 15749262.28, "Plan Rows": 1, "Plan Width": 97, "Plans": [{"Node Type": "Nested Loop", "Parent Relationship": "Outer", "Join Type": "Inner", "Startup Cost": 1.89, "Total Cost": 15744415.21, "Plan Rows": 969413, "Plan Width": 33, "Inner Unique": true, "Plans": [{"Node Type": "Nested Loop", "Parent Relationship": "Outer", "Join Type": "Inner", "Startup Cost": 1.62, "Total Cost": 12737716.17, "Plan Rows": 699731, "Plan Width": 24, "Inner Unique": true, "Join Filter": "(ci.role_id = rt.id), (LLVM Optimized)", "Plans": [{"Node Type": "Nested Loop", "Parent Relationship": "Outer", "Join Type": "Inner", "Startup Cost": 1.62, "Total Cost": 12611763.44, "Plan Rows": 699731, "Plan Width": 28, "Inner Unique": true, "Join Filter": "(mc.company_type_id = ct.id), (LLVM Optimized)", "Plans": [{"Node Type": "Nested Loop", "Parent Relationship": "Outer", "Join Type": "Inner", "Startup Cost": 1.62, "Total Cost": 12580274.51, "Plan Rows": 699731, "Plan Width": 32, "Inner Unique": true, "Plans": [{"Node Type": "Nested Loop", "Parent Relationship": "Outer", "Join Type": "Inner", "Startup Cost": 1.33, "Total Cost": 6355299.51, "Plan Rows": 1443440, "Plan Width": 20, "Inner Unique": false, "Plans": [{"Node Type": "Nested Loop", "Parent Relationship": "Outer", "Join Type": "Inner", "Startup Cost": 0.82, "Total Cost": 444829.84, "Plan Rows": 1282311, "Plan Width": 8, "Inner Unique": false, "Plans": [{"Node Type": "Seq Scan", "Parent Relationship": "Outer", "Relation Name": "company_name", "Alias": "cn", "Startup Cost": 0.0, "Total Cost": 5903.45, "Plan Rows": 85170, "Plan Width": 4, "Filter": "((country_code)::text = '[us]'::text)"}, {"Node Type": "Bitmap Heap Scan", "Parent Relationship": "Inner", "Relation Name": "movie_companies", "Alias": "mc", "Startup Cost": 0.82, "Total Cost": 5.0, "Plan Rows": 15, "Plan Width": 12, "Recheck Cond": "(company_id = cn.id)", "Plans": [{"Node Type": "Bitmap Index Scan", "Parent Relationship": "Outer", "Index Name": "company_id_movie_companies", "Startup Cost": 0.0, "Total Cost": 0.81, "Plan Rows": 15, "Plan Width": 0, "Index Cond": "(company_id = cn.id)"}]}]}, {"Node Type": "Bitmap Heap Scan", "Parent Relationship": "Inner", "Relation Name": "cast_info", "Alias": "ci", "Startup Cost": 0.51, "Total Cost": 4.6, "Plan Rows": 1, "Plan Width": 12, "Recheck Cond": "(movie_id = mc.movie_id)", "Filter": "((note)::text ~~ '%(producer)%'::text)", "Plans": [{"Node Type": "Bitmap Index Scan", "Parent Relationship": "Outer", "Index Name": "movie_id_cast_info", "Startup Cost": 0.0, "Total Cost": 0.51, "Plan Rows": 6, "Plan Width": 0, "Index Cond": "(movie_id = mc.movie_id)"}]}]}, {"Node Type": "Bitmap Heap Scan", "Parent Relationship": "Inner", "Relation Name": "char_name", "Alias": "chn", "Startup Cost": 0.29, "Total Cost": 4.3, "Plan Rows": 1, "Plan Width": 20, "Recheck Cond": "(id = ci.person_role_id)", "Plans": [{"Node Type": "Bitmap Index Scan", "Parent Relationship": "Outer", "Index Name": "char_name_pkey", "Startup Cost": 0.0, "Total Cost": 0.29, "Plan Rows": 1, "Plan Width": 0, "Index Cond": "(id = ci.person_role_id)"}]}]}, {"Node Type": "Materialize", "Parent Relationship": "Inner", "Startup Cost": 0.0, "Total Cost": 1.04, "Plan Rows": 3, "Plan Width": 4, "Plans": [{"Node Type": "Seq Scan", "Parent Relationship": "Outer", "Relation Name": "company_type", "Alias": "ct", "Startup Cost": 0.0, "Total Cost": 1.03, "Plan Rows": 3, "Plan Width": 4}]}]}, {"Node Type": "Materialize", "Parent Relationship": "Inner", "Startup Cost": 0.0, "Total Cost": 1.18, "Plan Rows": 12, "Plan Width": 4, "Plans": [{"Node Type": "Seq Scan", "Parent Relationship": "Outer", "Relation Name": "role_type", "Alias": "rt", "Startup Cost": 0.0, "Total Cost": 1.12, "Plan Rows": 12, "Plan Width": 4}]}]}, {"Node Type": "Bitmap Heap Scan", "Parent Relationship": "Inner", "Relation Name": "title", "Alias": "t", "Startup Cost": 0.27, "Total Cost": 4.29, "Plan Rows": 1, "Plan Width": 21, "Recheck Cond": "(id = mc.movie_id)", "Filter": "(production_year > 1990)", "Plans": [{"Node Type": "Bitmap Index Scan", "Parent Relationship": "Outer", "Index Name": "title_pkey", "Startup Cost": 0.0, "Total Cost": 0.27, "Plan Rows": 1, "Plan Width": 0, "Index Cond": "(id = mc.movie_id)"}]}]}]}, "Unique SQL Id": 3145361615}, "explain_analyze_plan": null}, "(16, 115)": {"explain_plan": {"Plan": {"Node Type": "Aggregate", "Strategy": "Plain", "Startup Cost": 15752085.37, "Total Cost": 15752085.38, "Plan Rows": 1, "Plan Width": 97, "Plans": [{"Node Type": "Nested Loop", "Parent Relationship": "Outer", "Join Type": "Inner", "Startup Cost": 2818.99, "Total Cost": 15747238.31, "Plan Rows": 969413, "Plan Width": 33, "Inner Unique": true, "Plans": [{"Node Type": "Nested Loop", "Parent Relationship": "Outer", "Join Type": "Inner", "Startup Cost": 2818.72, "Total Cost": 12740539.28, "Plan Rows": 699731, "Plan Width": 24, "Inner Unique": true, "Join Filter": "(ci.role_id = rt.id), (LLVM Optimized)", "Plans": [{"Node Type": "Nested Loop", "Parent Relationship": "Outer", "Join Type": "Inner", "Startup Cost": 2810.4, "Total Cost": 12614575.23, "Plan Rows": 699731, "Plan Width": 28, "Inner Unique": true, "Join Filter": "(mc.company_type_id = ct.id), (LLVM Optimized)", "Plans": [{"Node Type": "Nested Loop", "Parent Relationship": "Outer", "Join Type": "Inner", "Startup Cost": 2802.14, "Total Cost": 12583075.03, "Plan Rows": 699731, "Plan Width": 32, "Inner Unique": true, "Plans": [{"Node Type": "Nested Loop", "Parent Relationship": "Outer", "Join Type": "Inner", "Startup Cost": 2801.85, "Total Cost": 6358100.03, "Plan Rows": 1443440, "Plan Width": 20, "Inner Unique": false, "Plans": [{"Node Type": "Nested Loop", "Parent Relationship": "Outer", "Join Type": "Inner", "Startup Cost": 2801.34, "Total Cost": 447630.36, "Plan Rows": 1282311, "Plan Width": 8, "Inner Unique": false, "Plans": [{"Node Type": "Bitmap Heap Scan", "Parent Relationship": "Outer", "Relation Name": "company_name", "Alias": "cn", "Startup Cost": 2800.52, "Total Cost": 8703.97, "Plan Rows": 85170, "Plan Width": 4, "Filter": "((country_code)::text = '[us]'::text)", "Plans": [{"Node Type": "Bitmap Index Scan", "Parent Relationship": "Outer", "Index Name": "company_name_pkey", "Startup Cost": 0.0, "Total Cost": 2779.23, "Plan Rows": 234996, "Plan Width": 0}]}, {"Node Type": "Bitmap Heap Scan", "Parent Relationship": "Inner", "Relation Name": "movie_companies", "Alias": "mc", "Startup Cost": 0.82, "Total Cost": 5.0, "Plan Rows": 15, "Plan Width": 12, "Recheck Cond": "(company_id = cn.id)", "Plans": [{"Node Type": "Bitmap Index Scan", "Parent Relationship": "Outer", "Index Name": "company_id_movie_companies", "Startup Cost": 0.0, "Total Cost": 0.81, "Plan Rows": 15, "Plan Width": 0, "Index Cond": "(company_id = cn.id)"}]}]}, {"Node Type": "Bitmap Heap Scan", "Parent Relationship": "Inner", "Relation Name": "cast_info", "Alias": "ci", "Startup Cost": 0.51, "Total Cost": 4.6, "Plan Rows": 1, "Plan Width": 12, "Recheck Cond": "(movie_id = mc.movie_id)", "Filter": "((note)::text ~~ '%(producer)%'::text)", "Plans": [{"Node Type": "Bitmap Index Scan", "Parent Relationship": "Outer", "Index Name": "movie_id_cast_info", "Startup Cost": 0.0, "Total Cost": 0.51, "Plan Rows": 6, "Plan Width": 0, "Index Cond": "(movie_id = mc.movie_id)"}]}]}, {"Node Type": "Bitmap Heap Scan", "Parent Relationship": "Inner", "Relation Name": "char_name", "Alias": "chn", "Startup Cost": 0.29, "Total Cost": 4.3, "Plan Rows": 1, "Plan Width": 20, "Recheck Cond": "(id = ci.person_role_id)", "Plans": [{"Node Type": "Bitmap Index Scan", "Parent Relationship": "Outer", "Index Name": "char_name_pkey", "Startup Cost": 0.0, "Total Cost": 0.29, "Plan Rows": 1, "Plan Width": 0, "Index Cond": "(id = ci.person_role_id)"}]}]}, {"Node Type": "Materialize", "Parent Relationship": "Inner", "Startup Cost": 8.27, "Total Cost": 12.31, "Plan Rows": 3, "Plan Width": 4, "Plans": [{"Node Type": "Bitmap Heap Scan", "Parent Relationship": "Outer", "Relation Name": "company_type", "Alias": "ct", "Startup Cost": 8.27, "Total Cost": 12.3, "Plan Rows": 3, "Plan Width": 4, "Plans": [{"Node Type": "Bitmap Index Scan", "Parent Relationship": "Outer", "Index Name": "company_type_pkey", "Startup Cost": 0.0, "Total Cost": 8.27, "Plan Rows": 3, "Plan Width": 0}]}]}]}, {"Node Type": "Materialize", "Parent Relationship": "Inner", "Startup Cost": 8.31, "Total Cost": 12.49, "Plan Rows": 12, "Plan Width": 4, "Plans": [{"Node Type": "Bitmap Heap Scan", "Parent Relationship": "Outer", "Relation Name": "role_type", "Alias": "rt", "Startup Cost": 8.31, "Total Cost": 12.43, "Plan Rows": 12, "Plan Width": 4, "Plans": [{"Node Type": "Bitmap Index Scan", "Parent Relationship": "Outer", "Index Name": "role_type_pkey", "Startup Cost": 0.0, "Total Cost": 8.31, "Plan Rows": 12, "Plan Width": 0}]}]}]}, {"Node Type": "Bitmap Heap Scan", "Parent Relationship": "Inner", "Relation Name": "title", "Alias": "t", "Startup Cost": 0.27, "Total Cost": 4.29, "Plan Rows": 1, "Plan Width": 21, "Recheck Cond": "(id = mc.movie_id)", "Filter": "(production_year > 1990)", "Plans": [{"Node Type": "Bitmap Index Scan", "Parent Relationship": "Outer", "Index Name": "title_pkey", "Startup Cost": 0.0, "Total Cost": 0.27, "Plan Rows": 1, "Plan Width": 0, "Index Cond": "(id = mc.movie_id)"}]}]}]}, "Unique SQL Id": 3145361615}, "explain_analyze_plan": null}, "(16, 116)": {"explain_plan": {"Plan": {"Node Type": "Aggregate", "Strategy": "Plain", "Startup Cost": 1669200.92, "Total Cost": 1669200.93, "Plan Rows": 1, "Plan Width": 97, "Plans": [{"Node Type": "Nested Loop", "Parent Relationship": "Outer", "Join Type": "Inner", "Startup Cost": 0.0, "Total Cost": 1664353.86, "Plan Rows": 969413, "Plan Width": 33, "Inner Unique": true, "Plans": [{"Node Type": "Nested Loop", "Parent Relationship": "Outer", "Join Type": "Inner", "Startup Cost": 0.0, "Total Cost": 1419437.32, "Plan Rows": 699731, "Plan Width": 24, "Inner Unique": true, "Join Filter": "(mc.company_type_id = ct.id), (LLVM Optimized)", "Plans": [{"Node Type": "Nested Loop", "Parent Relationship": "Outer", "Join Type": "Inner", "Startup Cost": 0.0, "Total Cost": 1387948.39, "Plan Rows": 699731, "Plan Width": 28, "Inner Unique": true, "Plans": [{"Node Type": "Nested Loop", "Parent Relationship": "Outer", "Join Type": "Inner", "Startup Cost": 0.0, "Total Cost": 978390.36, "Plan Rows": 1423748, "Plan Width": 32, "Inner Unique": false, "Plans": [{"Node Type": "Nested Loop", "Parent Relationship": "Outer", "Join Type": "Inner", "Startup Cost": 0.0, "Total Cost": 713471.65, "Plan Rows": 696330, "Plan Width": 20, "Inner Unique": true, "Plans": [{"Node Type": "Streaming(type: LOCAL GATHER dop: 1/16)", "Parent Relationship": "Outer", "Startup Cost": 0.0, "Total Cost": 120448.93, "Plan Rows": 1436424, "Plan Width": 8, "Plans": [{"Node Type": "Nested Loop", "Parent Relationship": "Outer", "Join Type": "Inner", "Startup Cost": 0.0, "Total Cost": 89447.98, "Plan Rows": 1436424, "Plan Width": 8, "Inner Unique": true, "Join Filter": "(ci.role_id = rt.id), (LLVM Optimized)", "Plans": [{"Node Type": "Seq Scan", "Parent Relationship": "Outer", "Relation Name": "cast_info", "Alias": "ci", "Startup Cost": 0.0, "Total Cost": 58282.92, "Plan Rows": 1436424, "Plan Width": 12, "Filter": "((note)::text ~~ '%(producer)%'::text), (LLVM Optimized)"}, {"Node Type": "Materialize", "Parent Relationship": "Inner", "Startup Cost": 0.0, "Total Cost": 15005.32, "Plan Rows": 192, "Plan Width": 4, "Plans": [{"Node Type": "Streaming(type: BROADCAST dop: 16/1)", "Parent Relationship": "Outer", "Startup Cost": 0.0, "Total Cost": 15005.26, "Plan Rows": 192, "Plan Width": 4, "Plans": [{"Node Type": "Seq Scan", "Parent Relationship": "Outer", "Relation Name": "role_type", "Alias": "rt", "Startup Cost": 0.0, "Total Cost": 1.12, "Plan Rows": 12, "Plan Width": 4}]}]}]}]}, {"Node Type": "Index Scan", "Parent Relationship": "Inner", "Scan Direction": "Forward", "Index Name": "char_name_pkey", "Relation Name": "char_name", "Alias": "chn", "Startup Cost": 0.0, "Total Cost": 0.4, "Plan Rows": 1, "Plan Width": 20, "Index Cond": "(id = ci.person_role_id)"}]}, {"Node Type": "Index Scan", "Parent Relationship": "Inner", "Scan Direction": "Forward", "Index Name": "movie_id_movie_companies", "Relation Name": "movie_companies", "Alias": "mc", "Startup Cost": 0.0, "Total Cost": 0.36, "Plan Rows": 2, "Plan Width": 12, "Index Cond": "(movie_id = ci.movie_id)"}]}, {"Node Type": "Index Scan", "Parent Relationship": "Inner", "Scan Direction": "Forward", "Index Name": "company_name_pkey", "Relation Name": "company_name", "Alias": "cn", "Startup Cost": 0.0, "Total Cost": 0.28, "Plan Rows": 1, "Plan Width": 4, "Index Cond": "(id = mc.company_id)", "Filter": "((country_code)::text = '[us]'::text)"}]}, {"Node Type": "Materialize", "Parent Relationship": "Inner", "Startup Cost": 0.0, "Total Cost": 1.04, "Plan Rows": 3, "Plan Width": 4, "Plans": [{"Node Type": "Seq Scan", "Parent Relationship": "Outer", "Relation Name": "company_type", "Alias": "ct", "Startup Cost": 0.0, "Total Cost": 1.03, "Plan Rows": 3, "Plan Width": 4}]}]}, {"Node Type": "Index Scan", "Parent Relationship": "Inner", "Scan Direction": "Forward", "Index Name": "title_pkey", "Relation Name": "title", "Alias": "t", "Startup Cost": 0.0, "Total Cost": 0.34, "Plan Rows": 1, "Plan Width": 21, "Index Cond": "(id = mc.movie_id)", "Filter": "(production_year > 1990)"}]}]}, "Unique SQL Id": 3145361615}, "explain_analyze_plan": {"Plan": {"Node Type": "Aggregate", "Strategy": "Plain", "Startup Cost": 1669200.92, "Total Cost": 1669200.93, "Plan Rows": 1, "Plan Width": 97, "Actual Min Startup Time": 1677.422, "Actual Max Startup Time": 1677.422, "Actual Min Total Time": 1677.422, "Actual Max Total Time": 1677.422, "Actual Total Rows": 1, "Plans": [{"Node Type": "Nested Loop", "Parent Relationship": "Outer", "Join Type": "Inner", "Startup Cost": 0.0, "Total Cost": 1664353.86, "Plan Rows": 969413, "Plan Width": 33, "Actual Min Startup Time": 366.84, "Actual Max Startup Time": 366.84, "Actual Min Total Time": 1677.368, "Actual Max Total Time": 1677.368, "Actual Total Rows": 4, "Inner Unique": true, "Plans": [{"Node Type": "Nested Loop", "Parent Relationship": "Outer", "Join Type": "Inner", "Startup Cost": 0.0, "Total Cost": 1419437.32, "Plan Rows": 699731, "Plan Width": 24, "Actual Min Startup Time": 365.0, "Actual Max Startup Time": 365.0, "Actual Min Total Time": 1677.307, "Actual Max Total Time": 1677.307, "Actual Total Rows": 6, "Inner Unique": true, "Join Filter": "(mc.company_type_id = ct.id), (LLVM Optimized, Jit Execute)", "Rows Removed by Join Filter": 24, "Plans": [{"Node Type": "Nested Loop", "Parent Relationship": "Outer", "Join Type": "Inner", "Startup Cost": 0.0, "Total Cost": 1387948.39, "Plan Rows": 699731, "Plan Width": 28, "Actual Min Startup Time": 364.907, "Actual Max Startup Time": 364.907, "Actual Min Total Time": 1677.227, "Actual Max Total Time": 1677.227, "Actual Total Rows": 14, "Inner Unique": true, "Plans": [{"Node Type": "Nested Loop", "Parent Relationship": "Outer", "Join Type": "Inner", "Startup Cost": 0.0, "Total Cost": 978390.36, "Plan Rows": 1423748, "Plan Width": 32, "Actual Min Startup Time": 364.88, "Actual Max Startup Time": 364.88, "Actual Min Total Time": 1677.003, "Actual Max Total Time": 1677.003, "Actual Total Rows": 31, "Inner Unique": false, "Plans": [{"Node Type": "Nested Loop", "Parent Relationship": "Outer", "Join Type": "Inner", "Startup Cost": 0.0, "Total Cost": 713471.65, "Plan Rows": 696330, "Plan Width": 20, "Actual Min Startup Time": 364.866, "Actual Max Startup Time": 364.866, "Actual Min Total Time": 1676.849, "Actual Max Total Time": 1676.849, "Actual Total Rows": 15, "Inner Unique": true, "Plans": [{"Node Type": "Streaming(type: LOCAL GATHER dop: 1/16)", "Parent Relationship": "Outer", "Startup Cost": 0.0, "Total Cost": 120448.93, "Plan Rows": 1436424, "Plan Width": 8, "Actual Min Startup Time": 364.391, "Actual Max Startup Time": 364.391, "Actual Min Total Time": 905.875, "Actual Max Total Time": 905.875, "Actual Total Rows": 1435439, "Plans": [{"Node Type": "Nested Loop", "Parent Relationship": "Outer", "Join Type": "Inner", "Startup Cost": 0.0, "Total Cost": 89447.98, "Plan Rows": 1436424, "Plan Width": 8, "Actual Min Startup Time": 44.057, "Actual Max Startup Time": 344.321, "Actual Min Total Time": 779.816, "Actual Max Total Time": 819.87, "Actual Total Rows": 1435439, "Inner Unique": true, "Join Filter": "(ci.role_id = rt.id), (LLVM Optimized, Jit Execute)", "Rows Removed by Join Filter": 2870850, "Plans": [{"Node Type": "Seq Scan", "Parent Relationship": "Outer", "Relation Name": "cast_info", "Alias": "ci", "Startup Cost": 0.0, "Total Cost": 58282.92, "Plan Rows": 1436424, "Plan Width": 12, "Actual Min Startup Time": 43.978, "Actual Max Startup Time": 344.245, "Actual Min Total Time": 678.566, "Actual Max Total Time": 715.183, "Actual Total Rows": 1435439, "Filter": "((note)::text ~~ '%(producer)%'::text), (LLVM Optimized, Jit Execute)", "Rows Removed by Filter": 34808904}, {"Node Type": "Materialize", "Parent Relationship": "Inner", "Startup Cost": 0.0, "Total Cost": 15005.32, "Plan Rows": 192, "Plan Width": 4, "Actual Min Startup Time": 7.503, "Actual Max Startup Time": 8.403, "Actual Min Total Time": 22.668, "Actual Max Total Time": 25.203, "Actual Total Rows": 4306305, "Plans": [{"Node Type": "Streaming(type: BROADCAST dop: 16/1)", "Parent Relationship": "Outer", "Startup Cost": 0.0, "Total Cost": 15005.26, "Plan Rows": 192, "Plan Width": 4, "Actual Min Startup Time": 0.005, "Actual Max Startup Time": 0.016, "Actual Min Total Time": 0.006, "Actual Max Total Time": 0.017, "Actual Total Rows": 192, "Plans": [{"Node Type": "Seq Scan", "Parent Relationship": "Outer", "Relation Name": "role_type", "Alias": "rt", "Startup Cost": 0.0, "Total Cost": 1.12, "Plan Rows": 12, "Plan Width": 4, "Actual Min Startup Time": 0.016, "Actual Max Startup Time": 0.016, "Actual Min Total Time": 0.02, "Actual Max Total Time": 0.02, "Actual Total Rows": 12}]}]}]}]}, {"Node Type": "Index Scan", "Parent Relationship": "Inner", "Scan Direction": "Forward", "Index Name": "char_name_pkey", "Relation Name": "char_name", "Alias": "chn", "Startup Cost": 0.0, "Total Cost": 0.4, "Plan Rows": 1, "Plan Width": 20, "Actual Min Startup Time": 225.535, "Actual Max Startup Time": 225.535, "Actual Min Total Time": 225.535, "Actual Max Total Time": 225.535, "Actual Total Rows": 15, "Index Cond": "(id = ci.person_role_id)", "Rows Removed by Index Recheck": 0}]}, {"Node Type": "Index Scan", "Parent Relationship": "Inner", "Scan Direction": "Forward", "Index Name": "movie_id_movie_companies", "Relation Name": "movie_companies", "Alias": "mc", "Startup Cost": 0.0, "Total Cost": 0.36, "Plan Rows": 2, "Plan Width": 12, "Actual Min Startup Time": 0.1, "Actual Max Startup Time": 0.1, "Actual Min Total Time": 0.134, "Actual Max Total Time": 0.134, "Actual Total Rows": 31, "Index Cond": "(movie_id = ci.movie_id)", "Rows Removed by Index Recheck": 0}]}, {"Node Type": "Index Scan", "Parent Relationship": "Inner", "Scan Direction": "Forward", "Index Name": "company_name_pkey", "Relation Name": "company_name", "Alias": "cn", "Startup Cost": 0.0, "Total Cost": 0.28, "Plan Rows": 1, "Plan Width": 4, "Actual Min Startup Time": 0.191, "Actual Max Startup Time": 0.191, "Actual Min Total Time": 0.191, "Actual Max Total Time": 0.191, "Actual Total Rows": 14, "Index Cond": "(id = mc.company_id)", "Rows Removed by Index Recheck": 0, "Filter": "((country_code)::text = '[us]'::text)", "Rows Removed by Filter": 17}]}, {"Node Type": "Materialize", "Parent Relationship": "Inner", "Startup Cost": 0.0, "Total Cost": 1.04, "Plan Rows": 3, "Plan Width": 4, "Actual Min Startup Time": 0.046, "Actual Max Startup Time": 0.046, "Actual Min Total Time": 0.048, "Actual Max Total Time": 0.048, "Actual Total Rows": 31, "Plans": [{"Node Type": "Seq Scan", "Parent Relationship": "Outer", "Relation Name": "company_type", "Alias": "ct", "Startup Cost": 0.0, "Total Cost": 1.03, "Plan Rows": 3, "Plan Width": 4, "Actual Min Startup Time": 0.024, "Actual Max Startup Time": 0.024, "Actual Min Total Time": 0.027, "Actual Max Total Time": 0.027, "Actual Total Rows": 3}]}]}, {"Node Type": "Index Scan", "Parent Relationship": "Inner", "Scan Direction": "Forward", "Index Name": "title_pkey", "Relation Name": "title", "Alias": "t", "Startup Cost": 0.0, "Total Cost": 0.34, "Plan Rows": 1, "Plan Width": 21, "Actual Min Startup Time": 0.051, "Actual Max Startup Time": 0.051, "Actual Min Total Time": 0.051, "Actual Max Total Time": 0.051, "Actual Total Rows": 4, "Index Cond": "(id = mc.movie_id)", "Rows Removed by Index Recheck": 0, "Filter": "(production_year > 1990)", "Rows Removed by Filter": 2}]}]}, "Triggers": [], "Planner Runtime": 6.322, "Total Runtime": 1690.513, "Unique SQL Id": 3145361615}}, "(16, 117)": {"explain_plan": {"Plan": {"Node Type": "Aggregate", "Strategy": "Plain", "Startup Cost": 2425787.29, "Total Cost": 2425787.3, "Plan Rows": 1, "Plan Width": 97, "Plans": [{"Node Type": "Nested Loop", "Parent Relationship": "Outer", "Join Type": "Inner", "Startup Cost": 0.0, "Total Cost": 2420940.22, "Plan Rows": 969413, "Plan Width": 33, "Inner Unique": true, "Plans": [{"Node Type": "Nested Loop", "Parent Relationship": "Outer", "Join Type": "Inner", "Startup Cost": 0.0, "Total Cost": 2176023.68, "Plan Rows": 699731, "Plan Width": 24, "Inner Unique": true, "Join Filter": "(ci.role_id = rt.id), (LLVM Optimized)", "Plans": [{"Node Type": "Nested Loop", "Parent Relationship": "Outer", "Join Type": "Inner", "Startup Cost": 0.0, "Total Cost": 2050059.64, "Plan Rows": 699731, "Plan Width": 28, "Inner Unique": true, "Join Filter": "(mc.company_type_id = ct.id), (LLVM Optimized)", "Plans": [{"Node Type": "Nested Loop", "Parent Relationship": "Outer", "Join Type": "Inner", "Startup Cost": 0.0, "Total Cost": 2018559.45, "Plan Rows": 699731, "Plan Width": 32, "Inner Unique": true, "Plans": [{"Node Type": "Nested Loop", "Parent Relationship": "Outer", "Join Type": "Inner", "Startup Cost": 0.0, "Total Cost": 1422640.19, "Plan Rows": 1443440, "Plan Width": 20, "Inner Unique": false, "Plans": [{"Node Type": "Nested Loop", "Parent Relationship": "Outer", "Join Type": "Inner", "Startup Cost": 0.0, "Total Cost": 171332.39, "Plan Rows": 1282311, "Plan Width": 8, "Inner Unique": false, "Plans": [{"Node Type": "Index Scan", "Parent Relationship": "Outer", "Scan Direction": "Forward", "Index Name": "company_name_pkey", "Relation Name": "company_name", "Alias": "cn", "Startup Cost": 0.0, "Total Cost": 10501.39, "Plan Rows": 85170, "Plan Width": 4, "Filter": "((country_code)::text = '[us]'::text)"}, {"Node Type": "Index Scan", "Parent Relationship": "Inner", "Scan Direction": "Forward", "Index Name": "company_id_movie_companies", "Relation Name": "movie_companies", "Alias": "mc", "Startup Cost": 0.0, "Total Cost": 1.74, "Plan Rows": 15, "Plan Width": 12, "Index Cond": "(company_id = cn.id)"}]}, {"Node Type": "Index Scan", "Parent Relationship": "Inner", "Scan Direction": "Forward", "Index Name": "movie_id_cast_info", "Relation Name": "cast_info", "Alias": "ci", "Startup Cost": 0.0, "Total Cost": 0.97, "Plan Rows": 1, "Plan Width": 12, "Index Cond": "(movie_id = mc.movie_id)", "Filter": "((note)::text ~~ '%(producer)%'::text)"}]}, {"Node Type": "Index Scan", "Parent Relationship": "Inner", "Scan Direction": "Forward", "Index Name": "char_name_pkey", "Relation Name": "char_name", "Alias": "chn", "Startup Cost": 0.0, "Total Cost": 0.4, "Plan Rows": 1, "Plan Width": 20, "Index Cond": "(id = ci.person_role_id)"}]}, {"Node Type": "Materialize", "Parent Relationship": "Inner", "Startup Cost": 0.0, "Total Cost": 12.31, "Plan Rows": 3, "Plan Width": 4, "Plans": [{"Node Type": "Index Scan", "Parent Relationship": "Outer", "Scan Direction": "Forward", "Index Name": "company_type_pkey", "Relation Name": "company_type", "Alias": "ct", "Startup Cost": 0.0, "Total Cost": 12.29, "Plan Rows": 3, "Plan Width": 4}]}]}, {"Node Type": "Materialize", "Parent Relationship": "Inner", "Startup Cost": 0.0, "Total Cost": 12.49, "Plan Rows": 12, "Plan Width": 4, "Plans": [{"Node Type": "Index Scan", "Parent Relationship": "Outer", "Scan Direction": "Forward", "Index Name": "role_type_pkey", "Relation Name": "role_type", "Alias": "rt", "Startup Cost": 0.0, "Total Cost": 12.43, "Plan Rows": 12, "Plan Width": 4}]}]}, {"Node Type": "Index Scan", "Parent Relationship": "Inner", "Scan Direction": "Forward", "Index Name": "title_pkey", "Relation Name": "title", "Alias": "t", "Startup Cost": 0.0, "Total Cost": 0.34, "Plan Rows": 1, "Plan Width": 21, "Index Cond": "(id = mc.movie_id)", "Filter": "(production_year > 1990)"}]}]}, "Unique SQL Id": 3145361615}, "explain_analyze_plan": null}, "(16, 118)": {"explain_plan": {"Plan": {"Node Type": "Aggregate", "Strategy": "Plain", "Startup Cost": 15749262.27, "Total Cost": 15749262.28, "Plan Rows": 1, "Plan Width": 97, "Plans": [{"Node Type": "Nested Loop", "Parent Relationship": "Outer", "Join Type": "Inner", "Startup Cost": 1.89, "Total Cost": 15744415.21, "Plan Rows": 969413, "Plan Width": 33, "Inner Unique": true, "Plans": [{"Node Type": "Nested Loop", "Parent Relationship": "Outer", "Join Type": "Inner", "Startup Cost": 1.62, "Total Cost": 12737716.17, "Plan Rows": 699731, "Plan Width": 24, "Inner Unique": true, "Join Filter": "(ci.role_id = rt.id), (LLVM Optimized)", "Plans": [{"Node Type": "Nested Loop", "Parent Relationship": "Outer", "Join Type": "Inner", "Startup Cost": 1.62, "Total Cost": 12611763.44, "Plan Rows": 699731, "Plan Width": 28, "Inner Unique": true, "Join Filter": "(mc.company_type_id = ct.id), (LLVM Optimized)", "Plans": [{"Node Type": "Nested Loop", "Parent Relationship": "Outer", "Join Type": "Inner", "Startup Cost": 1.62, "Total Cost": 12580274.51, "Plan Rows": 699731, "Plan Width": 32, "Inner Unique": true, "Plans": [{"Node Type": "Nested Loop", "Parent Relationship": "Outer", "Join Type": "Inner", "Startup Cost": 1.33, "Total Cost": 6355299.51, "Plan Rows": 1443440, "Plan Width": 20, "Inner Unique": false, "Plans": [{"Node Type": "Nested Loop", "Parent Relationship": "Outer", "Join Type": "Inner", "Startup Cost": 0.82, "Total Cost": 444829.84, "Plan Rows": 1282311, "Plan Width": 8, "Inner Unique": false, "Plans": [{"Node Type": "Seq Scan", "Parent Relationship": "Outer", "Relation Name": "company_name", "Alias": "cn", "Startup Cost": 0.0, "Total Cost": 5903.45, "Plan Rows": 85170, "Plan Width": 4, "Filter": "((country_code)::text = '[us]'::text)"}, {"Node Type": "Bitmap Heap Scan", "Parent Relationship": "Inner", "Relation Name": "movie_companies", "Alias": "mc", "Startup Cost": 0.82, "Total Cost": 5.0, "Plan Rows": 15, "Plan Width": 12, "Recheck Cond": "(company_id = cn.id)", "Plans": [{"Node Type": "Bitmap Index Scan", "Parent Relationship": "Outer", "Index Name": "company_id_movie_companies", "Startup Cost": 0.0, "Total Cost": 0.81, "Plan Rows": 15, "Plan Width": 0, "Index Cond": "(company_id = cn.id)"}]}]}, {"Node Type": "Bitmap Heap Scan", "Parent Relationship": "Inner", "Relation Name": "cast_info", "Alias": "ci", "Startup Cost": 0.51, "Total Cost": 4.6, "Plan Rows": 1, "Plan Width": 12, "Recheck Cond": "(movie_id = mc.movie_id)", "Filter": "((note)::text ~~ '%(producer)%'::text)", "Plans": [{"Node Type": "Bitmap Index Scan", "Parent Relationship": "Outer", "Index Name": "movie_id_cast_info", "Startup Cost": 0.0, "Total Cost": 0.51, "Plan Rows": 6, "Plan Width": 0, "Index Cond": "(movie_id = mc.movie_id)"}]}]}, {"Node Type": "Bitmap Heap Scan", "Parent Relationship": "Inner", "Relation Name": "char_name", "Alias": "chn", "Startup Cost": 0.29, "Total Cost": 4.3, "Plan Rows": 1, "Plan Width": 20, "Recheck Cond": "(id = ci.person_role_id)", "Plans": [{"Node Type": "Bitmap Index Scan", "Parent Relationship": "Outer", "Index Name": "char_name_pkey", "Startup Cost": 0.0, "Total Cost": 0.29, "Plan Rows": 1, "Plan Width": 0, "Index Cond": "(id = ci.person_role_id)"}]}]}, {"Node Type": "Materialize", "Parent Relationship": "Inner", "Startup Cost": 0.0, "Total Cost": 1.04, "Plan Rows": 3, "Plan Width": 4, "Plans": [{"Node Type": "Seq Scan", "Parent Relationship": "Outer", "Relation Name": "company_type", "Alias": "ct", "Startup Cost": 0.0, "Total Cost": 1.03, "Plan Rows": 3, "Plan Width": 4}]}]}, {"Node Type": "Materialize", "Parent Relationship": "Inner", "Startup Cost": 0.0, "Total Cost": 1.18, "Plan Rows": 12, "Plan Width": 4, "Plans": [{"Node Type": "Seq Scan", "Parent Relationship": "Outer", "Relation Name": "role_type", "Alias": "rt", "Startup Cost": 0.0, "Total Cost": 1.12, "Plan Rows": 12, "Plan Width": 4}]}]}, {"Node Type": "Bitmap Heap Scan", "Parent Relationship": "Inner", "Relation Name": "title", "Alias": "t", "Startup Cost": 0.27, "Total Cost": 4.29, "Plan Rows": 1, "Plan Width": 21, "Recheck Cond": "(id = mc.movie_id)", "Filter": "(production_year > 1990)", "Plans": [{"Node Type": "Bitmap Index Scan", "Parent Relationship": "Outer", "Index Name": "title_pkey", "Startup Cost": 0.0, "Total Cost": 0.27, "Plan Rows": 1, "Plan Width": 0, "Index Cond": "(id = mc.movie_id)"}]}]}]}, "Unique SQL Id": 3145361615}, "explain_analyze_plan": null}, "(16, 119)": {"explain_plan": {"Plan": {"Node Type": "Aggregate", "Strategy": "Plain", "Startup Cost": 15752085.37, "Total Cost": 15752085.38, "Plan Rows": 1, "Plan Width": 97, "Plans": [{"Node Type": "Nested Loop", "Parent Relationship": "Outer", "Join Type": "Inner", "Startup Cost": 2818.99, "Total Cost": 15747238.31, "Plan Rows": 969413, "Plan Width": 33, "Inner Unique": true, "Plans": [{"Node Type": "Nested Loop", "Parent Relationship": "Outer", "Join Type": "Inner", "Startup Cost": 2818.72, "Total Cost": 12740539.28, "Plan Rows": 699731, "Plan Width": 24, "Inner Unique": true, "Join Filter": "(ci.role_id = rt.id), (LLVM Optimized)", "Plans": [{"Node Type": "Nested Loop", "Parent Relationship": "Outer", "Join Type": "Inner", "Startup Cost": 2810.4, "Total Cost": 12614575.23, "Plan Rows": 699731, "Plan Width": 28, "Inner Unique": true, "Join Filter": "(mc.company_type_id = ct.id), (LLVM Optimized)", "Plans": [{"Node Type": "Nested Loop", "Parent Relationship": "Outer", "Join Type": "Inner", "Startup Cost": 2802.14, "Total Cost": 12583075.03, "Plan Rows": 699731, "Plan Width": 32, "Inner Unique": true, "Plans": [{"Node Type": "Nested Loop", "Parent Relationship": "Outer", "Join Type": "Inner", "Startup Cost": 2801.85, "Total Cost": 6358100.03, "Plan Rows": 1443440, "Plan Width": 20, "Inner Unique": false, "Plans": [{"Node Type": "Nested Loop", "Parent Relationship": "Outer", "Join Type": "Inner", "Startup Cost": 2801.34, "Total Cost": 447630.36, "Plan Rows": 1282311, "Plan Width": 8, "Inner Unique": false, "Plans": [{"Node Type": "Bitmap Heap Scan", "Parent Relationship": "Outer", "Relation Name": "company_name", "Alias": "cn", "Startup Cost": 2800.52, "Total Cost": 8703.97, "Plan Rows": 85170, "Plan Width": 4, "Filter": "((country_code)::text = '[us]'::text)", "Plans": [{"Node Type": "Bitmap Index Scan", "Parent Relationship": "Outer", "Index Name": "company_name_pkey", "Startup Cost": 0.0, "Total Cost": 2779.23, "Plan Rows": 234996, "Plan Width": 0}]}, {"Node Type": "Bitmap Heap Scan", "Parent Relationship": "Inner", "Relation Name": "movie_companies", "Alias": "mc", "Startup Cost": 0.82, "Total Cost": 5.0, "Plan Rows": 15, "Plan Width": 12, "Recheck Cond": "(company_id = cn.id)", "Plans": [{"Node Type": "Bitmap Index Scan", "Parent Relationship": "Outer", "Index Name": "company_id_movie_companies", "Startup Cost": 0.0, "Total Cost": 0.81, "Plan Rows": 15, "Plan Width": 0, "Index Cond": "(company_id = cn.id)"}]}]}, {"Node Type": "Bitmap Heap Scan", "Parent Relationship": "Inner", "Relation Name": "cast_info", "Alias": "ci", "Startup Cost": 0.51, "Total Cost": 4.6, "Plan Rows": 1, "Plan Width": 12, "Recheck Cond": "(movie_id = mc.movie_id)", "Filter": "((note)::text ~~ '%(producer)%'::text)", "Plans": [{"Node Type": "Bitmap Index Scan", "Parent Relationship": "Outer", "Index Name": "movie_id_cast_info", "Startup Cost": 0.0, "Total Cost": 0.51, "Plan Rows": 6, "Plan Width": 0, "Index Cond": "(movie_id = mc.movie_id)"}]}]}, {"Node Type": "Bitmap Heap Scan", "Parent Relationship": "Inner", "Relation Name": "char_name", "Alias": "chn", "Startup Cost": 0.29, "Total Cost": 4.3, "Plan Rows": 1, "Plan Width": 20, "Recheck Cond": "(id = ci.person_role_id)", "Plans": [{"Node Type": "Bitmap Index Scan", "Parent Relationship": "Outer", "Index Name": "char_name_pkey", "Startup Cost": 0.0, "Total Cost": 0.29, "Plan Rows": 1, "Plan Width": 0, "Index Cond": "(id = ci.person_role_id)"}]}]}, {"Node Type": "Materialize", "Parent Relationship": "Inner", "Startup Cost": 8.27, "Total Cost": 12.31, "Plan Rows": 3, "Plan Width": 4, "Plans": [{"Node Type": "Bitmap Heap Scan", "Parent Relationship": "Outer", "Relation Name": "company_type", "Alias": "ct", "Startup Cost": 8.27, "Total Cost": 12.3, "Plan Rows": 3, "Plan Width": 4, "Plans": [{"Node Type": "Bitmap Index Scan", "Parent Relationship": "Outer", "Index Name": "company_type_pkey", "Startup Cost": 0.0, "Total Cost": 8.27, "Plan Rows": 3, "Plan Width": 0}]}]}]}, {"Node Type": "Materialize", "Parent Relationship": "Inner", "Startup Cost": 8.31, "Total Cost": 12.49, "Plan Rows": 12, "Plan Width": 4, "Plans": [{"Node Type": "Bitmap Heap Scan", "Parent Relationship": "Outer", "Relation Name": "role_type", "Alias": "rt", "Startup Cost": 8.31, "Total Cost": 12.43, "Plan Rows": 12, "Plan Width": 4, "Plans": [{"Node Type": "Bitmap Index Scan", "Parent Relationship": "Outer", "Index Name": "role_type_pkey", "Startup Cost": 0.0, "Total Cost": 8.31, "Plan Rows": 12, "Plan Width": 0}]}]}]}, {"Node Type": "Bitmap Heap Scan", "Parent Relationship": "Inner", "Relation Name": "title", "Alias": "t", "Startup Cost": 0.27, "Total Cost": 4.29, "Plan Rows": 1, "Plan Width": 21, "Recheck Cond": "(id = mc.movie_id)", "Filter": "(production_year > 1990)", "Plans": [{"Node Type": "Bitmap Index Scan", "Parent Relationship": "Outer", "Index Name": "title_pkey", "Startup Cost": 0.0, "Total Cost": 0.27, "Plan Rows": 1, "Plan Width": 0, "Index Cond": "(id = mc.movie_id)"}]}]}]}, "Unique SQL Id": 3145361615}, "explain_analyze_plan": null}, "(16, 120)": {"explain_plan": {"Plan": {"Node Type": "Aggregate", "Strategy": "Plain", "Startup Cost": 1669200.92, "Total Cost": 1669200.93, "Plan Rows": 1, "Plan Width": 97, "Plans": [{"Node Type": "Nested Loop", "Parent Relationship": "Outer", "Join Type": "Inner", "Startup Cost": 0.0, "Total Cost": 1664353.86, "Plan Rows": 969413, "Plan Width": 33, "Inner Unique": true, "Plans": [{"Node Type": "Nested Loop", "Parent Relationship": "Outer", "Join Type": "Inner", "Startup Cost": 0.0, "Total Cost": 1419437.32, "Plan Rows": 699731, "Plan Width": 24, "Inner Unique": true, "Join Filter": "(mc.company_type_id = ct.id), (LLVM Optimized)", "Plans": [{"Node Type": "Nested Loop", "Parent Relationship": "Outer", "Join Type": "Inner", "Startup Cost": 0.0, "Total Cost": 1387948.39, "Plan Rows": 699731, "Plan Width": 28, "Inner Unique": true, "Plans": [{"Node Type": "Nested Loop", "Parent Relationship": "Outer", "Join Type": "Inner", "Startup Cost": 0.0, "Total Cost": 978390.36, "Plan Rows": 1423748, "Plan Width": 32, "Inner Unique": false, "Plans": [{"Node Type": "Nested Loop", "Parent Relationship": "Outer", "Join Type": "Inner", "Startup Cost": 0.0, "Total Cost": 713471.65, "Plan Rows": 696330, "Plan Width": 20, "Inner Unique": true, "Plans": [{"Node Type": "Streaming(type: LOCAL GATHER dop: 1/16)", "Parent Relationship": "Outer", "Startup Cost": 0.0, "Total Cost": 120448.93, "Plan Rows": 1436424, "Plan Width": 8, "Plans": [{"Node Type": "Nested Loop", "Parent Relationship": "Outer", "Join Type": "Inner", "Startup Cost": 0.0, "Total Cost": 89447.98, "Plan Rows": 1436424, "Plan Width": 8, "Inner Unique": true, "Join Filter": "(ci.role_id = rt.id), (LLVM Optimized)", "Plans": [{"Node Type": "Seq Scan", "Parent Relationship": "Outer", "Relation Name": "cast_info", "Alias": "ci", "Startup Cost": 0.0, "Total Cost": 58282.92, "Plan Rows": 1436424, "Plan Width": 12, "Filter": "((note)::text ~~ '%(producer)%'::text), (LLVM Optimized)"}, {"Node Type": "Materialize", "Parent Relationship": "Inner", "Startup Cost": 0.0, "Total Cost": 15005.32, "Plan Rows": 192, "Plan Width": 4, "Plans": [{"Node Type": "Streaming(type: BROADCAST dop: 16/1)", "Parent Relationship": "Outer", "Startup Cost": 0.0, "Total Cost": 15005.26, "Plan Rows": 192, "Plan Width": 4, "Plans": [{"Node Type": "Seq Scan", "Parent Relationship": "Outer", "Relation Name": "role_type", "Alias": "rt", "Startup Cost": 0.0, "Total Cost": 1.12, "Plan Rows": 12, "Plan Width": 4}]}]}]}]}, {"Node Type": "Index Scan", "Parent Relationship": "Inner", "Scan Direction": "Forward", "Index Name": "char_name_pkey", "Relation Name": "char_name", "Alias": "chn", "Startup Cost": 0.0, "Total Cost": 0.4, "Plan Rows": 1, "Plan Width": 20, "Index Cond": "(id = ci.person_role_id)"}]}, {"Node Type": "Index Scan", "Parent Relationship": "Inner", "Scan Direction": "Forward", "Index Name": "movie_id_movie_companies", "Relation Name": "movie_companies", "Alias": "mc", "Startup Cost": 0.0, "Total Cost": 0.36, "Plan Rows": 2, "Plan Width": 12, "Index Cond": "(movie_id = ci.movie_id)"}]}, {"Node Type": "Index Scan", "Parent Relationship": "Inner", "Scan Direction": "Forward", "Index Name": "company_name_pkey", "Relation Name": "company_name", "Alias": "cn", "Startup Cost": 0.0, "Total Cost": 0.28, "Plan Rows": 1, "Plan Width": 4, "Index Cond": "(id = mc.company_id)", "Filter": "((country_code)::text = '[us]'::text)"}]}, {"Node Type": "Materialize", "Parent Relationship": "Inner", "Startup Cost": 0.0, "Total Cost": 1.04, "Plan Rows": 3, "Plan Width": 4, "Plans": [{"Node Type": "Seq Scan", "Parent Relationship": "Outer", "Relation Name": "company_type", "Alias": "ct", "Startup Cost": 0.0, "Total Cost": 1.03, "Plan Rows": 3, "Plan Width": 4}]}]}, {"Node Type": "Index Scan", "Parent Relationship": "Inner", "Scan Direction": "Forward", "Index Name": "title_pkey", "Relation Name": "title", "Alias": "t", "Startup Cost": 0.0, "Total Cost": 0.34, "Plan Rows": 1, "Plan Width": 21, "Index Cond": "(id = mc.movie_id)", "Filter": "(production_year > 1990)"}]}]}, "Unique SQL Id": 3145361615}, "explain_analyze_plan": {"Plan": {"Node Type": "Aggregate", "Strategy": "Plain", "Startup Cost": 1669200.92, "Total Cost": 1669200.93, "Plan Rows": 1, "Plan Width": 97, "Actual Min Startup Time": 1677.422, "Actual Max Startup Time": 1677.422, "Actual Min Total Time": 1677.422, "Actual Max Total Time": 1677.422, "Actual Total Rows": 1, "Plans": [{"Node Type": "Nested Loop", "Parent Relationship": "Outer", "Join Type": "Inner", "Startup Cost": 0.0, "Total Cost": 1664353.86, "Plan Rows": 969413, "Plan Width": 33, "Actual Min Startup Time": 366.84, "Actual Max Startup Time": 366.84, "Actual Min Total Time": 1677.368, "Actual Max Total Time": 1677.368, "Actual Total Rows": 4, "Inner Unique": true, "Plans": [{"Node Type": "Nested Loop", "Parent Relationship": "Outer", "Join Type": "Inner", "Startup Cost": 0.0, "Total Cost": 1419437.32, "Plan Rows": 699731, "Plan Width": 24, "Actual Min Startup Time": 365.0, "Actual Max Startup Time": 365.0, "Actual Min Total Time": 1677.307, "Actual Max Total Time": 1677.307, "Actual Total Rows": 6, "Inner Unique": true, "Join Filter": "(mc.company_type_id = ct.id), (LLVM Optimized, Jit Execute)", "Rows Removed by Join Filter": 24, "Plans": [{"Node Type": "Nested Loop", "Parent Relationship": "Outer", "Join Type": "Inner", "Startup Cost": 0.0, "Total Cost": 1387948.39, "Plan Rows": 699731, "Plan Width": 28, "Actual Min Startup Time": 364.907, "Actual Max Startup Time": 364.907, "Actual Min Total Time": 1677.227, "Actual Max Total Time": 1677.227, "Actual Total Rows": 14, "Inner Unique": true, "Plans": [{"Node Type": "Nested Loop", "Parent Relationship": "Outer", "Join Type": "Inner", "Startup Cost": 0.0, "Total Cost": 978390.36, "Plan Rows": 1423748, "Plan Width": 32, "Actual Min Startup Time": 364.88, "Actual Max Startup Time": 364.88, "Actual Min Total Time": 1677.003, "Actual Max Total Time": 1677.003, "Actual Total Rows": 31, "Inner Unique": false, "Plans": [{"Node Type": "Nested Loop", "Parent Relationship": "Outer", "Join Type": "Inner", "Startup Cost": 0.0, "Total Cost": 713471.65, "Plan Rows": 696330, "Plan Width": 20, "Actual Min Startup Time": 364.866, "Actual Max Startup Time": 364.866, "Actual Min Total Time": 1676.849, "Actual Max Total Time": 1676.849, "Actual Total Rows": 15, "Inner Unique": true, "Plans": [{"Node Type": "Streaming(type: LOCAL GATHER dop: 1/16)", "Parent Relationship": "Outer", "Startup Cost": 0.0, "Total Cost": 120448.93, "Plan Rows": 1436424, "Plan Width": 8, "Actual Min Startup Time": 364.391, "Actual Max Startup Time": 364.391, "Actual Min Total Time": 905.875, "Actual Max Total Time": 905.875, "Actual Total Rows": 1435439, "Plans": [{"Node Type": "Nested Loop", "Parent Relationship": "Outer", "Join Type": "Inner", "Startup Cost": 0.0, "Total Cost": 89447.98, "Plan Rows": 1436424, "Plan Width": 8, "Actual Min Startup Time": 44.057, "Actual Max Startup Time": 344.321, "Actual Min Total Time": 779.816, "Actual Max Total Time": 819.87, "Actual Total Rows": 1435439, "Inner Unique": true, "Join Filter": "(ci.role_id = rt.id), (LLVM Optimized, Jit Execute)", "Rows Removed by Join Filter": 2870850, "Plans": [{"Node Type": "Seq Scan", "Parent Relationship": "Outer", "Relation Name": "cast_info", "Alias": "ci", "Startup Cost": 0.0, "Total Cost": 58282.92, "Plan Rows": 1436424, "Plan Width": 12, "Actual Min Startup Time": 43.978, "Actual Max Startup Time": 344.245, "Actual Min Total Time": 678.566, "Actual Max Total Time": 715.183, "Actual Total Rows": 1435439, "Filter": "((note)::text ~~ '%(producer)%'::text), (LLVM Optimized, Jit Execute)", "Rows Removed by Filter": 34808904}, {"Node Type": "Materialize", "Parent Relationship": "Inner", "Startup Cost": 0.0, "Total Cost": 15005.32, "Plan Rows": 192, "Plan Width": 4, "Actual Min Startup Time": 7.503, "Actual Max Startup Time": 8.403, "Actual Min Total Time": 22.668, "Actual Max Total Time": 25.203, "Actual Total Rows": 4306305, "Plans": [{"Node Type": "Streaming(type: BROADCAST dop: 16/1)", "Parent Relationship": "Outer", "Startup Cost": 0.0, "Total Cost": 15005.26, "Plan Rows": 192, "Plan Width": 4, "Actual Min Startup Time": 0.005, "Actual Max Startup Time": 0.016, "Actual Min Total Time": 0.006, "Actual Max Total Time": 0.017, "Actual Total Rows": 192, "Plans": [{"Node Type": "Seq Scan", "Parent Relationship": "Outer", "Relation Name": "role_type", "Alias": "rt", "Startup Cost": 0.0, "Total Cost": 1.12, "Plan Rows": 12, "Plan Width": 4, "Actual Min Startup Time": 0.016, "Actual Max Startup Time": 0.016, "Actual Min Total Time": 0.02, "Actual Max Total Time": 0.02, "Actual Total Rows": 12}]}]}]}]}, {"Node Type": "Index Scan", "Parent Relationship": "Inner", "Scan Direction": "Forward", "Index Name": "char_name_pkey", "Relation Name": "char_name", "Alias": "chn", "Startup Cost": 0.0, "Total Cost": 0.4, "Plan Rows": 1, "Plan Width": 20, "Actual Min Startup Time": 225.535, "Actual Max Startup Time": 225.535, "Actual Min Total Time": 225.535, "Actual Max Total Time": 225.535, "Actual Total Rows": 15, "Index Cond": "(id = ci.person_role_id)", "Rows Removed by Index Recheck": 0}]}, {"Node Type": "Index Scan", "Parent Relationship": "Inner", "Scan Direction": "Forward", "Index Name": "movie_id_movie_companies", "Relation Name": "movie_companies", "Alias": "mc", "Startup Cost": 0.0, "Total Cost": 0.36, "Plan Rows": 2, "Plan Width": 12, "Actual Min Startup Time": 0.1, "Actual Max Startup Time": 0.1, "Actual Min Total Time": 0.134, "Actual Max Total Time": 0.134, "Actual Total Rows": 31, "Index Cond": "(movie_id = ci.movie_id)", "Rows Removed by Index Recheck": 0}]}, {"Node Type": "Index Scan", "Parent Relationship": "Inner", "Scan Direction": "Forward", "Index Name": "company_name_pkey", "Relation Name": "company_name", "Alias": "cn", "Startup Cost": 0.0, "Total Cost": 0.28, "Plan Rows": 1, "Plan Width": 4, "Actual Min Startup Time": 0.191, "Actual Max Startup Time": 0.191, "Actual Min Total Time": 0.191, "Actual Max Total Time": 0.191, "Actual Total Rows": 14, "Index Cond": "(id = mc.company_id)", "Rows Removed by Index Recheck": 0, "Filter": "((country_code)::text = '[us]'::text)", "Rows Removed by Filter": 17}]}, {"Node Type": "Materialize", "Parent Relationship": "Inner", "Startup Cost": 0.0, "Total Cost": 1.04, "Plan Rows": 3, "Plan Width": 4, "Actual Min Startup Time": 0.046, "Actual Max Startup Time": 0.046, "Actual Min Total Time": 0.048, "Actual Max Total Time": 0.048, "Actual Total Rows": 31, "Plans": [{"Node Type": "Seq Scan", "Parent Relationship": "Outer", "Relation Name": "company_type", "Alias": "ct", "Startup Cost": 0.0, "Total Cost": 1.03, "Plan Rows": 3, "Plan Width": 4, "Actual Min Startup Time": 0.024, "Actual Max Startup Time": 0.024, "Actual Min Total Time": 0.027, "Actual Max Total Time": 0.027, "Actual Total Rows": 3}]}]}, {"Node Type": "Index Scan", "Parent Relationship": "Inner", "Scan Direction": "Forward", "Index Name": "title_pkey", "Relation Name": "title", "Alias": "t", "Startup Cost": 0.0, "Total Cost": 0.34, "Plan Rows": 1, "Plan Width": 21, "Actual Min Startup Time": 0.051, "Actual Max Startup Time": 0.051, "Actual Min Total Time": 0.051, "Actual Max Total Time": 0.051, "Actual Total Rows": 4, "Index Cond": "(id = mc.movie_id)", "Rows Removed by Index Recheck": 0, "Filter": "(production_year > 1990)", "Rows Removed by Filter": 2}]}]}, "Triggers": [], "Planner Runtime": 6.322, "Total Runtime": 1690.513, "Unique SQL Id": 3145361615}}, "(16, 121)": {"explain_plan": {"Plan": {"Node Type": "Aggregate", "Strategy": "Plain", "Startup Cost": 2425779.29, "Total Cost": 2425779.3, "Plan Rows": 1, "Plan Width": 97, "Plans": [{"Node Type": "Nested Loop", "Parent Relationship": "Outer", "Join Type": "Inner", "Startup Cost": 0.0, "Total Cost": 2420932.22, "Plan Rows": 969413, "Plan Width": 33, "Inner Unique": true, "Plans": [{"Node Type": "Nested Loop", "Parent Relationship": "Outer", "Join Type": "Inner", "Startup Cost": 0.0, "Total Cost": 2176015.68, "Plan Rows": 699731, "Plan Width": 24, "Inner Unique": true, "Join Filter": "(ci.role_id = rt.id), (LLVM Optimized)", "Plans": [{"Node Type": "Nested Loop", "Parent Relationship": "Outer", "Join Type": "Inner", "Startup Cost": 0.0, "Total Cost": 2050055.64, "Plan Rows": 699731, "Plan Width": 28, "Inner Unique": true, "Join Filter": "(mc.company_type_id = ct.id), (LLVM Optimized)", "Plans": [{"Node Type": "Nested Loop", "Parent Relationship": "Outer", "Join Type": "Inner", "Startup Cost": 0.0, "Total Cost": 2018559.45, "Plan Rows": 699731, "Plan Width": 32, "Inner Unique": true, "Plans": [{"Node Type": "Nested Loop", "Parent Relationship": "Outer", "Join Type": "Inner", "Startup Cost": 0.0, "Total Cost": 1422640.19, "Plan Rows": 1443440, "Plan Width": 20, "Inner Unique": false, "Plans": [{"Node Type": "Nested Loop", "Parent Relationship": "Outer", "Join Type": "Inner", "Startup Cost": 0.0, "Total Cost": 171332.39, "Plan Rows": 1282311, "Plan Width": 8, "Inner Unique": false, "Plans": [{"Node Type": "Index Scan", "Parent Relationship": "Outer", "Scan Direction": "Forward", "Index Name": "company_name_pkey", "Relation Name": "company_name", "Alias": "cn", "Startup Cost": 0.0, "Total Cost": 10501.39, "Plan Rows": 85170, "Plan Width": 4, "Filter": "((country_code)::text = '[us]'::text)"}, {"Node Type": "Index Scan", "Parent Relationship": "Inner", "Scan Direction": "Forward", "Index Name": "company_id_movie_companies", "Relation Name": "movie_companies", "Alias": "mc", "Startup Cost": 0.0, "Total Cost": 1.74, "Plan Rows": 15, "Plan Width": 12, "Index Cond": "(company_id = cn.id)"}]}, {"Node Type": "Index Scan", "Parent Relationship": "Inner", "Scan Direction": "Forward", "Index Name": "movie_id_cast_info", "Relation Name": "cast_info", "Alias": "ci", "Startup Cost": 0.0, "Total Cost": 0.97, "Plan Rows": 1, "Plan Width": 12, "Index Cond": "(movie_id = mc.movie_id)", "Filter": "((note)::text ~~ '%(producer)%'::text)"}]}, {"Node Type": "Index Scan", "Parent Relationship": "Inner", "Scan Direction": "Forward", "Index Name": "char_name_pkey", "Relation Name": "char_name", "Alias": "chn", "Startup Cost": 0.0, "Total Cost": 0.4, "Plan Rows": 1, "Plan Width": 20, "Index Cond": "(id = ci.person_role_id)"}]}, {"Node Type": "Materialize", "Parent Relationship": "Inner", "Startup Cost": 0.0, "Total Cost": 8.31, "Plan Rows": 3, "Plan Width": 4, "Plans": [{"Node Type": "Index Only Scan", "Parent Relationship": "Outer", "Scan Direction": "Forward", "Index Name": "company_type_pkey", "Relation Name": "company_type", "Alias": "ct", "Startup Cost": 0.0, "Total Cost": 8.29, "Plan Rows": 3, "Plan Width": 4}]}]}, {"Node Type": "Materialize", "Parent Relationship": "Inner", "Startup Cost": 0.0, "Total Cost": 8.49, "Plan Rows": 12, "Plan Width": 4, "Plans": [{"Node Type": "Index Only Scan", "Parent Relationship": "Outer", "Scan Direction": "Forward", "Index Name": "role_type_pkey", "Relation Name": "role_type", "Alias": "rt", "Startup Cost": 0.0, "Total Cost": 8.43, "Plan Rows": 12, "Plan Width": 4}]}]}, {"Node Type": "Index Scan", "Parent Relationship": "Inner", "Scan Direction": "Forward", "Index Name": "title_pkey", "Relation Name": "title", "Alias": "t", "Startup Cost": 0.0, "Total Cost": 0.34, "Plan Rows": 1, "Plan Width": 21, "Index Cond": "(id = mc.movie_id)", "Filter": "(production_year > 1990)"}]}]}, "Unique SQL Id": 3145361615}, "explain_analyze_plan": null}, "(16, 122)": {"explain_plan": {"Plan": {"Node Type": "Aggregate", "Strategy": "Plain", "Startup Cost": 401683149.04, "Total Cost": 401683149.07, "Plan Rows": 1, "Plan Width": 97, "Plans": [{"Node Type": "Streaming(type: LOCAL GATHER dop: 1/16)", "Parent Relationship": "Outer", "Startup Cost": 401683149.04, "Total Cost": 401683149.07, "Plan Rows": 1, "Plan Width": 97, "Plans": [{"Node Type": "Aggregate", "Strategy": "Plain", "Parent Relationship": "Outer", "Startup Cost": 401683149.04, "Total Cost": 401683149.05, "Plan Rows": 1, "Plan Width": 97, "Plans": [{"Node Type": "Nested Loop", "Parent Relationship": "Outer", "Join Type": "Inner", "Startup Cost": 0.0, "Total Cost": 401678301.98, "Plan Rows": 969413, "Plan Width": 33, "Inner Unique": false, "Join Filter": "(mc.movie_id = t.id), (LLVM Optimized)", "Plans": [{"Node Type": "Streaming(type: LOCAL REDISTRIBUTE dop: 16/16)", "Parent Relationship": "Outer", "Startup Cost": 0.0, "Total Cost": 40775.83, "Plan Rows": 1748840, "Plan Width": 21, "Plans": [{"Node Type": "Seq Scan", "Parent Relationship": "Outer", "Relation Name": "title", "Alias": "t", "Startup Cost": 0.0, "Total Cost": 19149.37, "Plan Rows": 1748840, "Plan Width": 21, "Filter": "(production_year > 1990), (LLVM Optimized)"}]}, {"Node Type": "Materialize", "Parent Relationship": "Inner", "Startup Cost": 0.0, "Total Cost": 329935434.58, "Plan Rows": 699731, "Plan Width": 24, "Plans": [{"Node Type": "Streaming(type: LOCAL REDISTRIBUTE dop: 16/16)", "Parent Relationship": "Outer", "Startup Cost": 0.0, "Total Cost": 329935215.91, "Plan Rows": 699731, "Plan Width": 24, "Plans": [{"Node Type": "Nested Loop", "Parent Relationship": "Outer", "Join Type": "Inner", "Startup Cost": 0.0, "Total Cost": 329917564.59, "Plan Rows": 699731, "Plan Width": 24, "Inner Unique": true, "Join Filter": "(mc.company_type_id = ct.id), (LLVM Optimized)", "Plans": [{"Node Type": "Nested Loop", "Parent Relationship": "Outer", "Join Type": "Inner", "Startup Cost": 0.0, "Total Cost": 329900594.52, "Plan Rows": 699731, "Plan Width": 28, "Inner Unique": false, "Join Filter": "(mc.movie_id = ci.movie_id), (LLVM Optimized)", "Plans": [{"Node Type": "Streaming(type: LOCAL REDISTRIBUTE dop: 16/16)", "Parent Relationship": "Outer", "Startup Cost": 0.0, "Total Cost": 13107880.98, "Plan Rows": 1282311, "Plan Width": 8, "Plans": [{"Node Type": "Nested Loop", "Parent Relationship": "Outer", "Join Type": "Inner", "Startup Cost": 0.0, "Total Cost": 13088022.23, "Plan Rows": 1282311, "Plan Width": 8, "Inner Unique": false, "Join Filter": "(cn.id = mc.company_id), (LLVM Optimized)", "Plans": [{"Node Type": "Streaming(type: LOCAL REDISTRIBUTE dop: 16/1)", "Parent Relationship": "Outer", "Startup Cost": 0.0, "Total Cost": 24444.99, "Plan Rows": 85170, "Plan Width": 4, "Plans": [{"Node Type": "Seq Scan", "Parent Relationship": "Outer", "Relation Name": "company_name", "Alias": "cn", "Startup Cost": 0.0, "Total Cost": 5903.45, "Plan Rows": 85170, "Plan Width": 4, "Filter": "((country_code)::text = '[us]'::text)"}]}, {"Node Type": "Materialize", "Parent Relationship": "Inner", "Startup Cost": 0.0, "Total Cost": 43315.08, "Plan Rows": 2609128, "Plan Width": 12, "Plans": [{"Node Type": "Streaming(type: LOCAL REDISTRIBUTE dop: 16/16)", "Parent Relationship": "Outer", "Startup Cost": 0.0, "Total Cost": 42499.73, "Plan Rows": 2609128, "Plan Width": 12, "Plans": [{"Node Type": "Seq Scan", "Parent Relationship": "Outer", "Relation Name": "movie_companies", "Alias": "mc", "Startup Cost": 0.0, "Total Cost": 17613.58, "Plan Rows": 2609128, "Plan Width": 12}]}]}]}]}, {"Node Type": "Materialize", "Parent Relationship": "Inner", "Startup Cost": 0.0, "Total Cost": 264473782.18, "Plan Rows": 696330, "Plan Width": 20, "Plans": [{"Node Type": "Streaming(type: LOCAL REDISTRIBUTE dop: 16/16)", "Parent Relationship": "Outer", "Startup Cost": 0.0, "Total Cost": 264473564.58, "Plan Rows": 696330, "Plan Width": 20, "Plans": [{"Node Type": "Nested Loop", "Parent Relationship": "Outer", "Join Type": "Inner", "Startup Cost": 0.0, "Total Cost": 264455926.14, "Plan Rows": 696330, "Plan Width": 20, "Inner Unique": true, "Join Filter": "(ci.role_id = rt.id), (LLVM Optimized)", "Plans": [{"Node Type": "Nested Loop", "Parent Relationship": "Outer", "Join Type": "Inner", "Startup Cost": 0.0, "Total Cost": 264433087.14, "Plan Rows": 696330, "Plan Width": 24, "Inner Unique": false, "Join Filter": "(chn.id = ci.person_role_id), (LLVM Optimized)", "Plans": [{"Node Type": "Streaming(type: LOCAL REDISTRIBUTE dop: 16/16)", "Parent Relationship": "Outer", "Startup Cost": 0.0, "Total Cost": 46117.27, "Plan Rows": 3140338, "Plan Width": 20, "Plans": [{"Node Type": "Seq Scan", "Parent Relationship": "Outer", "Relation Name": "char_name", "Alias": "chn", "Startup Cost": 0.0, "Total Cost": 19218.34, "Plan Rows": 3140338, "Plan Width": 20}]}, {"Node Type": "Materialize", "Parent Relationship": "Inner", "Startup Cost": 0.0, "Total Cost": 79174.5, "Plan Rows": 1436424, "Plan Width": 12, "Plans": [{"Node Type": "Streaming(type: LOCAL REDISTRIBUTE dop: 16/16)", "Parent Relationship": "Outer", "Startup Cost": 0.0, "Total Cost": 78725.62, "Plan Rows": 1436424, "Plan Width": 12, "Plans": [{"Node Type": "Seq Scan", "Parent Relationship": "Outer", "Relation Name": "cast_info", "Alias": "ci", "Startup Cost": 0.0, "Total Cost": 58282.92, "Plan Rows": 1436424, "Plan Width": 12, "Filter": "((note)::text ~~ '%(producer)%'::text), (LLVM Optimized)"}]}]}]}, {"Node Type": "Materialize", "Parent Relationship": "Inner", "Startup Cost": 0.0, "Total Cost": 15005.32, "Plan Rows": 192, "Plan Width": 4, "Plans": [{"Node Type": "Streaming(type: BROADCAST dop: 16/1)", "Parent Relationship": "Outer", "Startup Cost": 0.0, "Total Cost": 15005.26, "Plan Rows": 192, "Plan Width": 4, "Plans": [{"Node Type": "Seq Scan", "Parent Relationship": "Outer", "Relation Name": "role_type", "Alias": "rt", "Startup Cost": 0.0, "Total Cost": 1.12, "Plan Rows": 12, "Plan Width": 4}]}]}]}]}]}]}, {"Node Type": "Materialize", "Parent Relationship": "Inner", "Startup Cost": 0.0, "Total Cost": 15002.08, "Plan Rows": 48, "Plan Width": 4, "Plans": [{"Node Type": "Streaming(type: BROADCAST dop: 16/1)", "Parent Relationship": "Outer", "Startup Cost": 0.0, "Total Cost": 15002.07, "Plan Rows": 48, "Plan Width": 4, "Plans": [{"Node Type": "Seq Scan", "Parent Relationship": "Outer", "Relation Name": "company_type", "Alias": "ct", "Startup Cost": 0.0, "Total Cost": 1.03, "Plan Rows": 3, "Plan Width": 4}]}]}]}]}]}]}]}]}]}, "Unique SQL Id": 3145361615}, "explain_analyze_plan": null}, "(16, 123)": {"explain_plan": {"Plan": {"Node Type": "Aggregate", "Strategy": "Plain", "Startup Cost": 7102923990895.23, "Total Cost": 7102923990895.24, "Plan Rows": 1, "Plan Width": 97, "Plans": [{"Node Type": "Nested Loop", "Parent Relationship": "Outer", "Join Type": "Inner", "Startup Cost": 70000000000.0, "Total Cost": 7102923986048.17, "Plan Rows": 969413, "Plan Width": 33, "Inner Unique": true, "Join Filter": "(mc.company_type_id = ct.id), (LLVM Optimized)", "Plans": [{"Node Type": "Nested Loop", "Parent Relationship": "Outer", "Join Type": "Inner", "Startup Cost": 60000000000.0, "Total Cost": 6102923941595.08, "Plan Rows": 969413, "Plan Width": 37, "Inner Unique": true, "Join Filter": "(mc.movie_id = t.id), (LLVM Optimized)", "Plans": [{"Node Type": "Nested Loop", "Parent Relationship": "Outer", "Join Type": "Inner", "Startup Cost": 50000000000.0, "Total Cost": 5084556529665.71, "Plan Rows": 699731, "Plan Width": 28, "Inner Unique": true, "Join Filter": "(ci.role_id = rt.id), (LLVM Optimized)", "Plans": [{"Node Type": "Nested Loop", "Parent Relationship": "Outer", "Join Type": "Inner", "Startup Cost": 40000000000.0, "Total Cost": 4084556402871.1, "Plan Rows": 699731, "Plan Width": 32, "Inner Unique": false, "Join Filter": "(ci.movie_id = mc.movie_id), (LLVM Optimized)", "Plans": [{"Node Type": "Nested Loop", "Parent Relationship": "Outer", "Join Type": "Inner", "Startup Cost": 20000000000.0, "Total Cost": 2003343660045.29, "Plan Rows": 1282311, "Plan Width": 8, "Inner Unique": true, "Join Filter": "(cn.id = mc.company_id), (LLVM Optimized)", "Plans": [{"Node Type": "Index Scan", "Parent Relationship": "Outer", "Scan Direction": "Forward", "Index Name": "company_type_id_movie_companies", "Relation Name": "movie_companies", "Alias": "mc", "Startup Cost": 10000000000.0, "Total Cost": 1000009318217.0, "Plan Rows": 2609128, "Plan Width": 12}, {"Node Type": "Materialize", "Parent Relationship": "Inner", "Startup Cost": 10000000000.0, "Total Cost": 1000001050564.82, "Plan Rows": 85170, "Plan Width": 4, "Plans": [{"Node Type": "Index Scan", "Parent Relationship": "Outer", "Scan Direction": "Forward", "Index Name": "company_name_pkey", "Relation Name": "company_name", "Alias": "cn", "Startup Cost": 10000000000.0, "Total Cost": 1000001050138.97, "Plan Rows": 85170, "Plan Width": 4, "Filter": "((country_code)::text = '[us]'::text)"}]}]}, {"Node Type": "Materialize", "Parent Relationship": "Inner", "Startup Cost": 20000000000.0, "Total Cost": 2067819070287.18, "Plan Rows": 696330, "Plan Width": 24, "Plans": [{"Node Type": "Nested Loop", "Parent Relationship": "Outer", "Join Type": "Inner", "Startup Cost": 20000000000.0, "Total Cost": 2067819066805.53, "Plan Rows": 696330, "Plan Width": 24, "Inner Unique": true, "Join Filter": "(chn.id = ci.person_role_id), (LLVM Optimized)", "Plans": [{"Node Type": "Index Scan", "Parent Relationship": "Outer", "Scan Direction": "Forward", "Index Name": "role_id_cast_info", "Relation Name": "cast_info", "Alias": "ci", "Startup Cost": 10000000000.0, "Total Cost": 1000143218339.5, "Plan Rows": 1436424, "Plan Width": 12, "Filter": "((note)::text ~~ '%(producer)%'::text), (LLVM Optimized)"}, {"Node Type": "Materialize", "Parent Relationship": "Inner", "Startup Cost": 10000000000.0, "Total Cost": 1000013003247.2, "Plan Rows": 3140338, "Plan Width": 20, "Plans": [{"Node Type": "Index Scan", "Parent Relationship": "Outer", "Scan Direction": "Forward", "Index Name": "char_name_pkey", "Relation Name": "char_name", "Alias": "chn", "Startup Cost": 10000000000.0, "Total Cost": 1000012987545.51, "Plan Rows": 3140338, "Plan Width": 20}]}]}]}]}, {"Node Type": "Materialize", "Parent Relationship": "Inner", "Startup Cost": 10000000000.0, "Total Cost": 1000000000843.06, "Plan Rows": 12, "Plan Width": 4, "Plans": [{"Node Type": "Index Only Scan", "Parent Relationship": "Outer", "Scan Direction": "Forward", "Index Name": "role_type_pkey", "Relation Name": "role_type", "Alias": "rt", "Startup Cost": 10000000000.0, "Total Cost": 1000000000843.0, "Plan Rows": 12, "Plan Width": 4}]}]}, {"Node Type": "Materialize", "Parent Relationship": "Inner", "Startup Cost": 10000000000.0, "Total Cost": 1000011652870.86, "Plan Rows": 1748840, "Plan Width": 21, "Plans": [{"Node Type": "Index Scan", "Parent Relationship": "Outer", "Scan Direction": "Forward", "Index Name": "title_pkey", "Relation Name": "title", "Alias": "t", "Startup Cost": 10000000000.0, "Total Cost": 1000011644126.66, "Plan Rows": 1748840, "Plan Width": 21, "Filter": "(production_year > 1990), (LLVM Optimized)"}]}]}, {"Node Type": "Materialize", "Parent Relationship": "Inner", "Startup Cost": 10000000000.0, "Total Cost": 1000000000829.52, "Plan Rows": 3, "Plan Width": 4, "Plans": [{"Node Type": "Index Only Scan", "Parent Relationship": "Outer", "Scan Direction": "Forward", "Index Name": "company_type_pkey", "Relation Name": "company_type", "Alias": "ct", "Startup Cost": 10000000000.0, "Total Cost": 1000000000829.5, "Plan Rows": 3, "Plan Width": 4}]}]}]}, "Unique SQL Id": 3145361615}, "explain_analyze_plan": null}, "(16, 124)": {"explain_plan": {"Plan": {"Node Type": "Aggregate", "Strategy": "Plain", "Startup Cost": 1669200.92, "Total Cost": 1669200.93, "Plan Rows": 1, "Plan Width": 97, "Plans": [{"Node Type": "Nested Loop", "Parent Relationship": "Outer", "Join Type": "Inner", "Startup Cost": 0.0, "Total Cost": 1664353.86, "Plan Rows": 969413, "Plan Width": 33, "Inner Unique": true, "Plans": [{"Node Type": "Nested Loop", "Parent Relationship": "Outer", "Join Type": "Inner", "Startup Cost": 0.0, "Total Cost": 1419437.32, "Plan Rows": 699731, "Plan Width": 24, "Inner Unique": true, "Join Filter": "(mc.company_type_id = ct.id), (LLVM Optimized)", "Plans": [{"Node Type": "Nested Loop", "Parent Relationship": "Outer", "Join Type": "Inner", "Startup Cost": 0.0, "Total Cost": 1387948.39, "Plan Rows": 699731, "Plan Width": 28, "Inner Unique": true, "Plans": [{"Node Type": "Nested Loop", "Parent Relationship": "Outer", "Join Type": "Inner", "Startup Cost": 0.0, "Total Cost": 978390.36, "Plan Rows": 1423748, "Plan Width": 32, "Inner Unique": false, "Plans": [{"Node Type": "Nested Loop", "Parent Relationship": "Outer", "Join Type": "Inner", "Startup Cost": 0.0, "Total Cost": 713471.65, "Plan Rows": 696330, "Plan Width": 20, "Inner Unique": true, "Plans": [{"Node Type": "Streaming(type: LOCAL GATHER dop: 1/16)", "Parent Relationship": "Outer", "Startup Cost": 0.0, "Total Cost": 120448.93, "Plan Rows": 1436424, "Plan Width": 8, "Plans": [{"Node Type": "Nested Loop", "Parent Relationship": "Outer", "Join Type": "Inner", "Startup Cost": 0.0, "Total Cost": 89447.98, "Plan Rows": 1436424, "Plan Width": 8, "Inner Unique": true, "Join Filter": "(ci.role_id = rt.id), (LLVM Optimized)", "Plans": [{"Node Type": "Seq Scan", "Parent Relationship": "Outer", "Relation Name": "cast_info", "Alias": "ci", "Startup Cost": 0.0, "Total Cost": 58282.92, "Plan Rows": 1436424, "Plan Width": 12, "Filter": "((note)::text ~~ '%(producer)%'::text), (LLVM Optimized)"}, {"Node Type": "Materialize", "Parent Relationship": "Inner", "Startup Cost": 0.0, "Total Cost": 15005.32, "Plan Rows": 192, "Plan Width": 4, "Plans": [{"Node Type": "Streaming(type: BROADCAST dop: 16/1)", "Parent Relationship": "Outer", "Startup Cost": 0.0, "Total Cost": 15005.26, "Plan Rows": 192, "Plan Width": 4, "Plans": [{"Node Type": "Seq Scan", "Parent Relationship": "Outer", "Relation Name": "role_type", "Alias": "rt", "Startup Cost": 0.0, "Total Cost": 1.12, "Plan Rows": 12, "Plan Width": 4}]}]}]}]}, {"Node Type": "Index Scan", "Parent Relationship": "Inner", "Scan Direction": "Forward", "Index Name": "char_name_pkey", "Relation Name": "char_name", "Alias": "chn", "Startup Cost": 0.0, "Total Cost": 0.4, "Plan Rows": 1, "Plan Width": 20, "Index Cond": "(id = ci.person_role_id)"}]}, {"Node Type": "Index Scan", "Parent Relationship": "Inner", "Scan Direction": "Forward", "Index Name": "movie_id_movie_companies", "Relation Name": "movie_companies", "Alias": "mc", "Startup Cost": 0.0, "Total Cost": 0.36, "Plan Rows": 2, "Plan Width": 12, "Index Cond": "(movie_id = ci.movie_id)"}]}, {"Node Type": "Index Scan", "Parent Relationship": "Inner", "Scan Direction": "Forward", "Index Name": "company_name_pkey", "Relation Name": "company_name", "Alias": "cn", "Startup Cost": 0.0, "Total Cost": 0.28, "Plan Rows": 1, "Plan Width": 4, "Index Cond": "(id = mc.company_id)", "Filter": "((country_code)::text = '[us]'::text)"}]}, {"Node Type": "Materialize", "Parent Relationship": "Inner", "Startup Cost": 0.0, "Total Cost": 1.04, "Plan Rows": 3, "Plan Width": 4, "Plans": [{"Node Type": "Seq Scan", "Parent Relationship": "Outer", "Relation Name": "company_type", "Alias": "ct", "Startup Cost": 0.0, "Total Cost": 1.03, "Plan Rows": 3, "Plan Width": 4}]}]}, {"Node Type": "Index Scan", "Parent Relationship": "Inner", "Scan Direction": "Forward", "Index Name": "title_pkey", "Relation Name": "title", "Alias": "t", "Startup Cost": 0.0, "Total Cost": 0.34, "Plan Rows": 1, "Plan Width": 21, "Index Cond": "(id = mc.movie_id)", "Filter": "(production_year > 1990)"}]}]}, "Unique SQL Id": 3145361615}, "explain_analyze_plan": {"Plan": {"Node Type": "Aggregate", "Strategy": "Plain", "Startup Cost": 1669200.92, "Total Cost": 1669200.93, "Plan Rows": 1, "Plan Width": 97, "Actual Min Startup Time": 1677.422, "Actual Max Startup Time": 1677.422, "Actual Min Total Time": 1677.422, "Actual Max Total Time": 1677.422, "Actual Total Rows": 1, "Plans": [{"Node Type": "Nested Loop", "Parent Relationship": "Outer", "Join Type": "Inner", "Startup Cost": 0.0, "Total Cost": 1664353.86, "Plan Rows": 969413, "Plan Width": 33, "Actual Min Startup Time": 366.84, "Actual Max Startup Time": 366.84, "Actual Min Total Time": 1677.368, "Actual Max Total Time": 1677.368, "Actual Total Rows": 4, "Inner Unique": true, "Plans": [{"Node Type": "Nested Loop", "Parent Relationship": "Outer", "Join Type": "Inner", "Startup Cost": 0.0, "Total Cost": 1419437.32, "Plan Rows": 699731, "Plan Width": 24, "Actual Min Startup Time": 365.0, "Actual Max Startup Time": 365.0, "Actual Min Total Time": 1677.307, "Actual Max Total Time": 1677.307, "Actual Total Rows": 6, "Inner Unique": true, "Join Filter": "(mc.company_type_id = ct.id), (LLVM Optimized, Jit Execute)", "Rows Removed by Join Filter": 24, "Plans": [{"Node Type": "Nested Loop", "Parent Relationship": "Outer", "Join Type": "Inner", "Startup Cost": 0.0, "Total Cost": 1387948.39, "Plan Rows": 699731, "Plan Width": 28, "Actual Min Startup Time": 364.907, "Actual Max Startup Time": 364.907, "Actual Min Total Time": 1677.227, "Actual Max Total Time": 1677.227, "Actual Total Rows": 14, "Inner Unique": true, "Plans": [{"Node Type": "Nested Loop", "Parent Relationship": "Outer", "Join Type": "Inner", "Startup Cost": 0.0, "Total Cost": 978390.36, "Plan Rows": 1423748, "Plan Width": 32, "Actual Min Startup Time": 364.88, "Actual Max Startup Time": 364.88, "Actual Min Total Time": 1677.003, "Actual Max Total Time": 1677.003, "Actual Total Rows": 31, "Inner Unique": false, "Plans": [{"Node Type": "Nested Loop", "Parent Relationship": "Outer", "Join Type": "Inner", "Startup Cost": 0.0, "Total Cost": 713471.65, "Plan Rows": 696330, "Plan Width": 20, "Actual Min Startup Time": 364.866, "Actual Max Startup Time": 364.866, "Actual Min Total Time": 1676.849, "Actual Max Total Time": 1676.849, "Actual Total Rows": 15, "Inner Unique": true, "Plans": [{"Node Type": "Streaming(type: LOCAL GATHER dop: 1/16)", "Parent Relationship": "Outer", "Startup Cost": 0.0, "Total Cost": 120448.93, "Plan Rows": 1436424, "Plan Width": 8, "Actual Min Startup Time": 364.391, "Actual Max Startup Time": 364.391, "Actual Min Total Time": 905.875, "Actual Max Total Time": 905.875, "Actual Total Rows": 1435439, "Plans": [{"Node Type": "Nested Loop", "Parent Relationship": "Outer", "Join Type": "Inner", "Startup Cost": 0.0, "Total Cost": 89447.98, "Plan Rows": 1436424, "Plan Width": 8, "Actual Min Startup Time": 44.057, "Actual Max Startup Time": 344.321, "Actual Min Total Time": 779.816, "Actual Max Total Time": 819.87, "Actual Total Rows": 1435439, "Inner Unique": true, "Join Filter": "(ci.role_id = rt.id), (LLVM Optimized, Jit Execute)", "Rows Removed by Join Filter": 2870850, "Plans": [{"Node Type": "Seq Scan", "Parent Relationship": "Outer", "Relation Name": "cast_info", "Alias": "ci", "Startup Cost": 0.0, "Total Cost": 58282.92, "Plan Rows": 1436424, "Plan Width": 12, "Actual Min Startup Time": 43.978, "Actual Max Startup Time": 344.245, "Actual Min Total Time": 678.566, "Actual Max Total Time": 715.183, "Actual Total Rows": 1435439, "Filter": "((note)::text ~~ '%(producer)%'::text), (LLVM Optimized, Jit Execute)", "Rows Removed by Filter": 34808904}, {"Node Type": "Materialize", "Parent Relationship": "Inner", "Startup Cost": 0.0, "Total Cost": 15005.32, "Plan Rows": 192, "Plan Width": 4, "Actual Min Startup Time": 7.503, "Actual Max Startup Time": 8.403, "Actual Min Total Time": 22.668, "Actual Max Total Time": 25.203, "Actual Total Rows": 4306305, "Plans": [{"Node Type": "Streaming(type: BROADCAST dop: 16/1)", "Parent Relationship": "Outer", "Startup Cost": 0.0, "Total Cost": 15005.26, "Plan Rows": 192, "Plan Width": 4, "Actual Min Startup Time": 0.005, "Actual Max Startup Time": 0.016, "Actual Min Total Time": 0.006, "Actual Max Total Time": 0.017, "Actual Total Rows": 192, "Plans": [{"Node Type": "Seq Scan", "Parent Relationship": "Outer", "Relation Name": "role_type", "Alias": "rt", "Startup Cost": 0.0, "Total Cost": 1.12, "Plan Rows": 12, "Plan Width": 4, "Actual Min Startup Time": 0.016, "Actual Max Startup Time": 0.016, "Actual Min Total Time": 0.02, "Actual Max Total Time": 0.02, "Actual Total Rows": 12}]}]}]}]}, {"Node Type": "Index Scan", "Parent Relationship": "Inner", "Scan Direction": "Forward", "Index Name": "char_name_pkey", "Relation Name": "char_name", "Alias": "chn", "Startup Cost": 0.0, "Total Cost": 0.4, "Plan Rows": 1, "Plan Width": 20, "Actual Min Startup Time": 225.535, "Actual Max Startup Time": 225.535, "Actual Min Total Time": 225.535, "Actual Max Total Time": 225.535, "Actual Total Rows": 15, "Index Cond": "(id = ci.person_role_id)", "Rows Removed by Index Recheck": 0}]}, {"Node Type": "Index Scan", "Parent Relationship": "Inner", "Scan Direction": "Forward", "Index Name": "movie_id_movie_companies", "Relation Name": "movie_companies", "Alias": "mc", "Startup Cost": 0.0, "Total Cost": 0.36, "Plan Rows": 2, "Plan Width": 12, "Actual Min Startup Time": 0.1, "Actual Max Startup Time": 0.1, "Actual Min Total Time": 0.134, "Actual Max Total Time": 0.134, "Actual Total Rows": 31, "Index Cond": "(movie_id = ci.movie_id)", "Rows Removed by Index Recheck": 0}]}, {"Node Type": "Index Scan", "Parent Relationship": "Inner", "Scan Direction": "Forward", "Index Name": "company_name_pkey", "Relation Name": "company_name", "Alias": "cn", "Startup Cost": 0.0, "Total Cost": 0.28, "Plan Rows": 1, "Plan Width": 4, "Actual Min Startup Time": 0.191, "Actual Max Startup Time": 0.191, "Actual Min Total Time": 0.191, "Actual Max Total Time": 0.191, "Actual Total Rows": 14, "Index Cond": "(id = mc.company_id)", "Rows Removed by Index Recheck": 0, "Filter": "((country_code)::text = '[us]'::text)", "Rows Removed by Filter": 17}]}, {"Node Type": "Materialize", "Parent Relationship": "Inner", "Startup Cost": 0.0, "Total Cost": 1.04, "Plan Rows": 3, "Plan Width": 4, "Actual Min Startup Time": 0.046, "Actual Max Startup Time": 0.046, "Actual Min Total Time": 0.048, "Actual Max Total Time": 0.048, "Actual Total Rows": 31, "Plans": [{"Node Type": "Seq Scan", "Parent Relationship": "Outer", "Relation Name": "company_type", "Alias": "ct", "Startup Cost": 0.0, "Total Cost": 1.03, "Plan Rows": 3, "Plan Width": 4, "Actual Min Startup Time": 0.024, "Actual Max Startup Time": 0.024, "Actual Min Total Time": 0.027, "Actual Max Total Time": 0.027, "Actual Total Rows": 3}]}]}, {"Node Type": "Index Scan", "Parent Relationship": "Inner", "Scan Direction": "Forward", "Index Name": "title_pkey", "Relation Name": "title", "Alias": "t", "Startup Cost": 0.0, "Total Cost": 0.34, "Plan Rows": 1, "Plan Width": 21, "Actual Min Startup Time": 0.051, "Actual Max Startup Time": 0.051, "Actual Min Total Time": 0.051, "Actual Max Total Time": 0.051, "Actual Total Rows": 4, "Index Cond": "(id = mc.movie_id)", "Rows Removed by Index Recheck": 0, "Filter": "(production_year > 1990)", "Rows Removed by Filter": 2}]}]}, "Triggers": [], "Planner Runtime": 6.322, "Total Runtime": 1690.513, "Unique SQL Id": 3145361615}}, "(16, 125)": {"explain_plan": {"Plan": {"Node Type": "Aggregate", "Strategy": "Plain", "Startup Cost": 2425787.29, "Total Cost": 2425787.3, "Plan Rows": 1, "Plan Width": 97, "Plans": [{"Node Type": "Nested Loop", "Parent Relationship": "Outer", "Join Type": "Inner", "Startup Cost": 0.0, "Total Cost": 2420940.22, "Plan Rows": 969413, "Plan Width": 33, "Inner Unique": true, "Plans": [{"Node Type": "Nested Loop", "Parent Relationship": "Outer", "Join Type": "Inner", "Startup Cost": 0.0, "Total Cost": 2176023.68, "Plan Rows": 699731, "Plan Width": 24, "Inner Unique": true, "Join Filter": "(ci.role_id = rt.id), (LLVM Optimized)", "Plans": [{"Node Type": "Nested Loop", "Parent Relationship": "Outer", "Join Type": "Inner", "Startup Cost": 0.0, "Total Cost": 2050059.64, "Plan Rows": 699731, "Plan Width": 28, "Inner Unique": true, "Join Filter": "(mc.company_type_id = ct.id), (LLVM Optimized)", "Plans": [{"Node Type": "Nested Loop", "Parent Relationship": "Outer", "Join Type": "Inner", "Startup Cost": 0.0, "Total Cost": 2018559.45, "Plan Rows": 699731, "Plan Width": 32, "Inner Unique": true, "Plans": [{"Node Type": "Nested Loop", "Parent Relationship": "Outer", "Join Type": "Inner", "Startup Cost": 0.0, "Total Cost": 1422640.19, "Plan Rows": 1443440, "Plan Width": 20, "Inner Unique": false, "Plans": [{"Node Type": "Nested Loop", "Parent Relationship": "Outer", "Join Type": "Inner", "Startup Cost": 0.0, "Total Cost": 171332.39, "Plan Rows": 1282311, "Plan Width": 8, "Inner Unique": false, "Plans": [{"Node Type": "Index Scan", "Parent Relationship": "Outer", "Scan Direction": "Forward", "Index Name": "company_name_pkey", "Relation Name": "company_name", "Alias": "cn", "Startup Cost": 0.0, "Total Cost": 10501.39, "Plan Rows": 85170, "Plan Width": 4, "Filter": "((country_code)::text = '[us]'::text)"}, {"Node Type": "Index Scan", "Parent Relationship": "Inner", "Scan Direction": "Forward", "Index Name": "company_id_movie_companies", "Relation Name": "movie_companies", "Alias": "mc", "Startup Cost": 0.0, "Total Cost": 1.74, "Plan Rows": 15, "Plan Width": 12, "Index Cond": "(company_id = cn.id)"}]}, {"Node Type": "Index Scan", "Parent Relationship": "Inner", "Scan Direction": "Forward", "Index Name": "movie_id_cast_info", "Relation Name": "cast_info", "Alias": "ci", "Startup Cost": 0.0, "Total Cost": 0.97, "Plan Rows": 1, "Plan Width": 12, "Index Cond": "(movie_id = mc.movie_id)", "Filter": "((note)::text ~~ '%(producer)%'::text)"}]}, {"Node Type": "Index Scan", "Parent Relationship": "Inner", "Scan Direction": "Forward", "Index Name": "char_name_pkey", "Relation Name": "char_name", "Alias": "chn", "Startup Cost": 0.0, "Total Cost": 0.4, "Plan Rows": 1, "Plan Width": 20, "Index Cond": "(id = ci.person_role_id)"}]}, {"Node Type": "Materialize", "Parent Relationship": "Inner", "Startup Cost": 0.0, "Total Cost": 12.31, "Plan Rows": 3, "Plan Width": 4, "Plans": [{"Node Type": "Index Scan", "Parent Relationship": "Outer", "Scan Direction": "Forward", "Index Name": "company_type_pkey", "Relation Name": "company_type", "Alias": "ct", "Startup Cost": 0.0, "Total Cost": 12.29, "Plan Rows": 3, "Plan Width": 4}]}]}, {"Node Type": "Materialize", "Parent Relationship": "Inner", "Startup Cost": 0.0, "Total Cost": 12.49, "Plan Rows": 12, "Plan Width": 4, "Plans": [{"Node Type": "Index Scan", "Parent Relationship": "Outer", "Scan Direction": "Forward", "Index Name": "role_type_pkey", "Relation Name": "role_type", "Alias": "rt", "Startup Cost": 0.0, "Total Cost": 12.43, "Plan Rows": 12, "Plan Width": 4}]}]}, {"Node Type": "Index Scan", "Parent Relationship": "Inner", "Scan Direction": "Forward", "Index Name": "title_pkey", "Relation Name": "title", "Alias": "t", "Startup Cost": 0.0, "Total Cost": 0.34, "Plan Rows": 1, "Plan Width": 21, "Index Cond": "(id = mc.movie_id)", "Filter": "(production_year > 1990)"}]}]}, "Unique SQL Id": 3145361615}, "explain_analyze_plan": null}, "(16, 126)": {"explain_plan": {"Plan": {"Node Type": "Aggregate", "Strategy": "Plain", "Startup Cost": 401683149.04, "Total Cost": 401683149.07, "Plan Rows": 1, "Plan Width": 97, "Plans": [{"Node Type": "Streaming(type: LOCAL GATHER dop: 1/16)", "Parent Relationship": "Outer", "Startup Cost": 401683149.04, "Total Cost": 401683149.07, "Plan Rows": 1, "Plan Width": 97, "Plans": [{"Node Type": "Aggregate", "Strategy": "Plain", "Parent Relationship": "Outer", "Startup Cost": 401683149.04, "Total Cost": 401683149.05, "Plan Rows": 1, "Plan Width": 97, "Plans": [{"Node Type": "Nested Loop", "Parent Relationship": "Outer", "Join Type": "Inner", "Startup Cost": 0.0, "Total Cost": 401678301.98, "Plan Rows": 969413, "Plan Width": 33, "Inner Unique": false, "Join Filter": "(mc.movie_id = t.id), (LLVM Optimized)", "Plans": [{"Node Type": "Streaming(type: LOCAL REDISTRIBUTE dop: 16/16)", "Parent Relationship": "Outer", "Startup Cost": 0.0, "Total Cost": 40775.83, "Plan Rows": 1748840, "Plan Width": 21, "Plans": [{"Node Type": "Seq Scan", "Parent Relationship": "Outer", "Relation Name": "title", "Alias": "t", "Startup Cost": 0.0, "Total Cost": 19149.37, "Plan Rows": 1748840, "Plan Width": 21, "Filter": "(production_year > 1990), (LLVM Optimized)"}]}, {"Node Type": "Materialize", "Parent Relationship": "Inner", "Startup Cost": 0.0, "Total Cost": 329935434.58, "Plan Rows": 699731, "Plan Width": 24, "Plans": [{"Node Type": "Streaming(type: LOCAL REDISTRIBUTE dop: 16/16)", "Parent Relationship": "Outer", "Startup Cost": 0.0, "Total Cost": 329935215.91, "Plan Rows": 699731, "Plan Width": 24, "Plans": [{"Node Type": "Nested Loop", "Parent Relationship": "Outer", "Join Type": "Inner", "Startup Cost": 0.0, "Total Cost": 329917564.59, "Plan Rows": 699731, "Plan Width": 24, "Inner Unique": true, "Join Filter": "(mc.company_type_id = ct.id), (LLVM Optimized)", "Plans": [{"Node Type": "Nested Loop", "Parent Relationship": "Outer", "Join Type": "Inner", "Startup Cost": 0.0, "Total Cost": 329900594.52, "Plan Rows": 699731, "Plan Width": 28, "Inner Unique": false, "Join Filter": "(mc.movie_id = ci.movie_id), (LLVM Optimized)", "Plans": [{"Node Type": "Streaming(type: LOCAL REDISTRIBUTE dop: 16/16)", "Parent Relationship": "Outer", "Startup Cost": 0.0, "Total Cost": 13107880.98, "Plan Rows": 1282311, "Plan Width": 8, "Plans": [{"Node Type": "Nested Loop", "Parent Relationship": "Outer", "Join Type": "Inner", "Startup Cost": 0.0, "Total Cost": 13088022.23, "Plan Rows": 1282311, "Plan Width": 8, "Inner Unique": false, "Join Filter": "(cn.id = mc.company_id), (LLVM Optimized)", "Plans": [{"Node Type": "Streaming(type: LOCAL REDISTRIBUTE dop: 16/1)", "Parent Relationship": "Outer", "Startup Cost": 0.0, "Total Cost": 24444.99, "Plan Rows": 85170, "Plan Width": 4, "Plans": [{"Node Type": "Seq Scan", "Parent Relationship": "Outer", "Relation Name": "company_name", "Alias": "cn", "Startup Cost": 0.0, "Total Cost": 5903.45, "Plan Rows": 85170, "Plan Width": 4, "Filter": "((country_code)::text = '[us]'::text)"}]}, {"Node Type": "Materialize", "Parent Relationship": "Inner", "Startup Cost": 0.0, "Total Cost": 43315.08, "Plan Rows": 2609128, "Plan Width": 12, "Plans": [{"Node Type": "Streaming(type: LOCAL REDISTRIBUTE dop: 16/16)", "Parent Relationship": "Outer", "Startup Cost": 0.0, "Total Cost": 42499.73, "Plan Rows": 2609128, "Plan Width": 12, "Plans": [{"Node Type": "Seq Scan", "Parent Relationship": "Outer", "Relation Name": "movie_companies", "Alias": "mc", "Startup Cost": 0.0, "Total Cost": 17613.58, "Plan Rows": 2609128, "Plan Width": 12}]}]}]}]}, {"Node Type": "Materialize", "Parent Relationship": "Inner", "Startup Cost": 0.0, "Total Cost": 264473782.18, "Plan Rows": 696330, "Plan Width": 20, "Plans": [{"Node Type": "Streaming(type: LOCAL REDISTRIBUTE dop: 16/16)", "Parent Relationship": "Outer", "Startup Cost": 0.0, "Total Cost": 264473564.58, "Plan Rows": 696330, "Plan Width": 20, "Plans": [{"Node Type": "Nested Loop", "Parent Relationship": "Outer", "Join Type": "Inner", "Startup Cost": 0.0, "Total Cost": 264455926.14, "Plan Rows": 696330, "Plan Width": 20, "Inner Unique": true, "Join Filter": "(ci.role_id = rt.id), (LLVM Optimized)", "Plans": [{"Node Type": "Nested Loop", "Parent Relationship": "Outer", "Join Type": "Inner", "Startup Cost": 0.0, "Total Cost": 264433087.14, "Plan Rows": 696330, "Plan Width": 24, "Inner Unique": false, "Join Filter": "(chn.id = ci.person_role_id), (LLVM Optimized)", "Plans": [{"Node Type": "Streaming(type: LOCAL REDISTRIBUTE dop: 16/16)", "Parent Relationship": "Outer", "Startup Cost": 0.0, "Total Cost": 46117.27, "Plan Rows": 3140338, "Plan Width": 20, "Plans": [{"Node Type": "Seq Scan", "Parent Relationship": "Outer", "Relation Name": "char_name", "Alias": "chn", "Startup Cost": 0.0, "Total Cost": 19218.34, "Plan Rows": 3140338, "Plan Width": 20}]}, {"Node Type": "Materialize", "Parent Relationship": "Inner", "Startup Cost": 0.0, "Total Cost": 79174.5, "Plan Rows": 1436424, "Plan Width": 12, "Plans": [{"Node Type": "Streaming(type: LOCAL REDISTRIBUTE dop: 16/16)", "Parent Relationship": "Outer", "Startup Cost": 0.0, "Total Cost": 78725.62, "Plan Rows": 1436424, "Plan Width": 12, "Plans": [{"Node Type": "Seq Scan", "Parent Relationship": "Outer", "Relation Name": "cast_info", "Alias": "ci", "Startup Cost": 0.0, "Total Cost": 58282.92, "Plan Rows": 1436424, "Plan Width": 12, "Filter": "((note)::text ~~ '%(producer)%'::text), (LLVM Optimized)"}]}]}]}, {"Node Type": "Materialize", "Parent Relationship": "Inner", "Startup Cost": 0.0, "Total Cost": 15005.32, "Plan Rows": 192, "Plan Width": 4, "Plans": [{"Node Type": "Streaming(type: BROADCAST dop: 16/1)", "Parent Relationship": "Outer", "Startup Cost": 0.0, "Total Cost": 15005.26, "Plan Rows": 192, "Plan Width": 4, "Plans": [{"Node Type": "Seq Scan", "Parent Relationship": "Outer", "Relation Name": "role_type", "Alias": "rt", "Startup Cost": 0.0, "Total Cost": 1.12, "Plan Rows": 12, "Plan Width": 4}]}]}]}]}]}]}, {"Node Type": "Materialize", "Parent Relationship": "Inner", "Startup Cost": 0.0, "Total Cost": 15002.08, "Plan Rows": 48, "Plan Width": 4, "Plans": [{"Node Type": "Streaming(type: BROADCAST dop: 16/1)", "Parent Relationship": "Outer", "Startup Cost": 0.0, "Total Cost": 15002.07, "Plan Rows": 48, "Plan Width": 4, "Plans": [{"Node Type": "Seq Scan", "Parent Relationship": "Outer", "Relation Name": "company_type", "Alias": "ct", "Startup Cost": 0.0, "Total Cost": 1.03, "Plan Rows": 3, "Plan Width": 4}]}]}]}]}]}]}]}]}]}, "Unique SQL Id": 3145361615}, "explain_analyze_plan": null}, "(16, 127)": {"explain_plan": {"Plan": {"Node Type": "Aggregate", "Strategy": "Plain", "Startup Cost": 7102923991695.23, "Total Cost": 7102923991695.24, "Plan Rows": 1, "Plan Width": 97, "Plans": [{"Node Type": "Nested Loop", "Parent Relationship": "Outer", "Join Type": "Inner", "Startup Cost": 70000000000.0, "Total Cost": 7102923986848.17, "Plan Rows": 969413, "Plan Width": 33, "Inner Unique": true, "Join Filter": "(mc.company_type_id = ct.id), (LLVM Optimized)", "Plans": [{"Node Type": "Nested Loop", "Parent Relationship": "Outer", "Join Type": "Inner", "Startup Cost": 60000000000.0, "Total Cost": 6102923941995.08, "Plan Rows": 969413, "Plan Width": 37, "Inner Unique": true, "Join Filter": "(mc.movie_id = t.id), (LLVM Optimized)", "Plans": [{"Node Type": "Nested Loop", "Parent Relationship": "Outer", "Join Type": "Inner", "Startup Cost": 50000000000.0, "Total Cost": 5084556530065.71, "Plan Rows": 699731, "Plan Width": 28, "Inner Unique": true, "Join Filter": "(ci.role_id = rt.id), (LLVM Optimized)", "Plans": [{"Node Type": "Nested Loop", "Parent Relationship": "Outer", "Join Type": "Inner", "Startup Cost": 40000000000.0, "Total Cost": 4084556402871.1, "Plan Rows": 699731, "Plan Width": 32, "Inner Unique": false, "Join Filter": "(ci.movie_id = mc.movie_id), (LLVM Optimized)", "Plans": [{"Node Type": "Nested Loop", "Parent Relationship": "Outer", "Join Type": "Inner", "Startup Cost": 20000000000.0, "Total Cost": 2003343660045.29, "Plan Rows": 1282311, "Plan Width": 8, "Inner Unique": true, "Join Filter": "(cn.id = mc.company_id), (LLVM Optimized)", "Plans": [{"Node Type": "Index Scan", "Parent Relationship": "Outer", "Scan Direction": "Forward", "Index Name": "company_type_id_movie_companies", "Relation Name": "movie_companies", "Alias": "mc", "Startup Cost": 10000000000.0, "Total Cost": 1000009318217.0, "Plan Rows": 2609128, "Plan Width": 12}, {"Node Type": "Materialize", "Parent Relationship": "Inner", "Startup Cost": 10000000000.0, "Total Cost": 1000001050564.82, "Plan Rows": 85170, "Plan Width": 4, "Plans": [{"Node Type": "Index Scan", "Parent Relationship": "Outer", "Scan Direction": "Forward", "Index Name": "company_name_pkey", "Relation Name": "company_name", "Alias": "cn", "Startup Cost": 10000000000.0, "Total Cost": 1000001050138.97, "Plan Rows": 85170, "Plan Width": 4, "Filter": "((country_code)::text = '[us]'::text)"}]}]}, {"Node Type": "Materialize", "Parent Relationship": "Inner", "Startup Cost": 20000000000.0, "Total Cost": 2067819070287.18, "Plan Rows": 696330, "Plan Width": 24, "Plans": [{"Node Type": "Nested Loop", "Parent Relationship": "Outer", "Join Type": "Inner", "Startup Cost": 20000000000.0, "Total Cost": 2067819066805.53, "Plan Rows": 696330, "Plan Width": 24, "Inner Unique": true, "Join Filter": "(chn.id = ci.person_role_id), (LLVM Optimized)", "Plans": [{"Node Type": "Index Scan", "Parent Relationship": "Outer", "Scan Direction": "Forward", "Index Name": "role_id_cast_info", "Relation Name": "cast_info", "Alias": "ci", "Startup Cost": 10000000000.0, "Total Cost": 1000143218339.5, "Plan Rows": 1436424, "Plan Width": 12, "Filter": "((note)::text ~~ '%(producer)%'::text), (LLVM Optimized)"}, {"Node Type": "Materialize", "Parent Relationship": "Inner", "Startup Cost": 10000000000.0, "Total Cost": 1000013003247.2, "Plan Rows": 3140338, "Plan Width": 20, "Plans": [{"Node Type": "Index Scan", "Parent Relationship": "Outer", "Scan Direction": "Forward", "Index Name": "char_name_pkey", "Relation Name": "char_name", "Alias": "chn", "Startup Cost": 10000000000.0, "Total Cost": 1000012987545.51, "Plan Rows": 3140338, "Plan Width": 20}]}]}]}]}, {"Node Type": "Materialize", "Parent Relationship": "Inner", "Startup Cost": 10000000000.0, "Total Cost": 1000000001243.06, "Plan Rows": 12, "Plan Width": 4, "Plans": [{"Node Type": "Index Scan", "Parent Relationship": "Outer", "Scan Direction": "Forward", "Index Name": "role_type_pkey", "Relation Name": "role_type", "Alias": "rt", "Startup Cost": 10000000000.0, "Total Cost": 1000000001243.0, "Plan Rows": 12, "Plan Width": 4}]}]}, {"Node Type": "Materialize", "Parent Relationship": "Inner", "Startup Cost": 10000000000.0, "Total Cost": 1000011652870.86, "Plan Rows": 1748840, "Plan Width": 21, "Plans": [{"Node Type": "Index Scan", "Parent Relationship": "Outer", "Scan Direction": "Forward", "Index Name": "title_pkey", "Relation Name": "title", "Alias": "t", "Startup Cost": 10000000000.0, "Total Cost": 1000011644126.66, "Plan Rows": 1748840, "Plan Width": 21, "Filter": "(production_year > 1990), (LLVM Optimized)"}]}]}, {"Node Type": "Materialize", "Parent Relationship": "Inner", "Startup Cost": 10000000000.0, "Total Cost": 1000000001229.52, "Plan Rows": 3, "Plan Width": 4, "Plans": [{"Node Type": "Index Scan", "Parent Relationship": "Outer", "Scan Direction": "Forward", "Index Name": "company_type_pkey", "Relation Name": "company_type", "Alias": "ct", "Startup Cost": 10000000000.0, "Total Cost": 1000000001229.5, "Plan Rows": 3, "Plan Width": 4}]}]}]}, "Unique SQL Id": 3145361615}, "explain_analyze_plan": null}, "(64, 0)": {"explain_plan": {"Plan": {"Node Type": "Aggregate", "Strategy": "Plain", "Startup Cost": 515623.68, "Total Cost": 515623.69, "Plan Rows": 1, "Plan Width": 97, "Plans": [{"Node Type": "Hash Join", "Parent Relationship": "Outer", "Join Type": "Inner", "Startup Cost": 405190.17, "Total Cost": 510776.61, "Plan Rows": 969413, "Plan Width": 33, "Inner Unique": true, "Hash Cond": "(mc.company_type_id = ct.id), (LLVM Optimized)", "Plans": [{"Node Type": "Hash Join", "Parent Relationship": "Outer", "Join Type": "Inner", "Startup Cost": 405189.1, "Total Cost": 497446.12, "Plan Rows": 969413, "Plan Width": 37, "Inner Unique": true, "Hash Cond": "(ci.role_id = rt.id), (LLVM Optimized)", "Plans": [{"Node Type": "Hash Join", "Parent Relationship": "Outer", "Join Type": "Inner", "Startup Cost": 405188.67, "Total Cost": 484116.26, "Plan Rows": 969413, "Plan Width": 41, "Inner Unique": false, "Hash Cond": "(mc.movie_id = t.id), (LLVM Optimized)", "Plans": [{"Node Type": "Hash Join", "Parent Relationship": "Outer", "Join Type": "Inner", "Startup Cost": 6968.08, "Total Cost": 71392.69, "Plan Rows": 1282311, "Plan Width": 8, "Inner Unique": true, "Hash Cond": "(mc.company_id = cn.id), (LLVM Optimized)", "Plans": [{"Node Type": "Seq Scan", "Parent Relationship": "Outer", "Relation Name": "movie_companies", "Alias": "mc", "Startup Cost": 0.0, "Total Cost": 41817.28, "Plan Rows": 2609128, "Plan Width": 12}, {"Node Type": "Hash", "Parent Relationship": "Inner", "Startup Cost": 5903.45, "Total Cost": 5903.45, "Plan Rows": 85170, "Plan Width": 4, "Plans": [{"Node Type": "Seq Scan", "Parent Relationship": "Outer", "Relation Name": "company_name", "Alias": "cn", "Startup Cost": 0.0, "Total Cost": 5903.45, "Plan Rows": 85170, "Plan Width": 4, "Filter": "((country_code)::text = '[us]'::text)"}]}]}, {"Node Type": "Hash", "Parent Relationship": "Inner", "Startup Cost": 386291.56, "Total Cost": 386291.56, "Plan Rows": 954323, "Plan Width": 45, "Plans": [{"Node Type": "Streaming(type: LOCAL GATHER dop: 1/64)", "Parent Relationship": "Outer", "Startup Cost": 162901.55, "Total Cost": 386291.56, "Plan Rows": 954323, "Plan Width": 45, "Plans": [{"Node Type": "Hash Join", "Parent Relationship": "Outer", "Join Type": "Inner", "Startup Cost": 162901.55, "Total Cost": 366603.99, "Plan Rows": 954323, "Plan Width": 45, "Inner Unique": true, "Hash Cond": "(ci.person_role_id = chn.id), (LLVM Optimized)", "Plans": [{"Node Type": "Streaming(type: LOCAL REDISTRIBUTE dop: 64/64)", "Parent Relationship": "Outer", "Startup Cost": 129035.53, "Total Cost": 332473.51, "Plan Rows": 1968625, "Plan Width": 33, "Plans": [{"Node Type": "Hash Join", "Parent Relationship": "Outer", "Join Type": "Inner", "Startup Cost": 129035.53, "Total Cost": 267608.7, "Plan Rows": 1968625, "Plan Width": 33, "Inner Unique": true, "Hash Cond": "(ci.movie_id = t.id), (LLVM Optimized)", "Plans": [{"Node Type": "Streaming(type: LOCAL REDISTRIBUTE dop: 64/64)", "Parent Relationship": "Outer", "Startup Cost": 0.0, "Total Cost": 138181.4, "Plan Rows": 1436424, "Plan Width": 12, "Plans": [{"Node Type": "Seq Scan", "Parent Relationship": "Outer", "Relation Name": "cast_info", "Alias": "ci", "Startup Cost": 0.0, "Total Cost": 73820.73, "Plan Rows": 1436424, "Plan Width": 12, "Filter": "((note)::text ~~ '%(producer)%'::text), (LLVM Optimized)"}]}, {"Node Type": "Hash", "Parent Relationship": "Inner", "Startup Cost": 128693.96, "Total Cost": 128693.96, "Plan Rows": 1748840, "Plan Width": 21, "Plans": [{"Node Type": "Streaming(type: LOCAL REDISTRIBUTE dop: 64/64)", "Parent Relationship": "Outer", "Startup Cost": 0.0, "Total Cost": 128693.96, "Plan Rows": 1748840, "Plan Width": 21, "Plans": [{"Node Type": "Seq Scan", "Parent Relationship": "Outer", "Relation Name": "title", "Alias": "t", "Startup Cost": 0.0, "Total Cost": 64037.34, "Plan Rows": 1748840, "Plan Width": 21, "Filter": "(production_year > 1990), (LLVM Optimized)"}]}]}]}]}, {"Node Type": "Hash", "Parent Relationship": "Inner", "Startup Cost": 130029.32, "Total Cost": 130029.32, "Plan Rows": 3140338, "Plan Width": 20, "Plans": [{"Node Type": "Streaming(type: LOCAL REDISTRIBUTE dop: 64/64)", "Parent Relationship": "Outer", "Startup Cost": 0.0, "Total Cost": 130029.32, "Plan Rows": 3140338, "Plan Width": 20, "Plans": [{"Node Type": "Seq Scan", "Parent Relationship": "Outer", "Relation Name": "char_name", "Alias": "chn", "Startup Cost": 0.0, "Total Cost": 64054.58, "Plan Rows": 3140338, "Plan Width": 20}]}]}]}]}]}]}, {"Node Type": "Hash", "Parent Relationship": "Inner", "Startup Cost": 1.12, "Total Cost": 1.12, "Plan Rows": 12, "Plan Width": 4, "Plans": [{"Node Type": "Seq Scan", "Parent Relationship": "Outer", "Relation Name": "role_type", "Alias": "rt", "Startup Cost": 0.0, "Total Cost": 1.12, "Plan Rows": 12, "Plan Width": 4}]}]}, {"Node Type": "Hash", "Parent Relationship": "Inner", "Startup Cost": 1.03, "Total Cost": 1.03, "Plan Rows": 3, "Plan Width": 4, "Plans": [{"Node Type": "Seq Scan", "Parent Relationship": "Outer", "Relation Name": "company_type", "Alias": "ct", "Startup Cost": 0.0, "Total Cost": 1.03, "Plan Rows": 3, "Plan Width": 4}]}]}]}, "Unique SQL Id": 3145361615}, "explain_analyze_plan": {"Plan": {"Node Type": "Aggregate", "Strategy": "Plain", "Startup Cost": 515623.68, "Total Cost": 515623.69, "Plan Rows": 1, "Plan Width": 97, "Actual Min Startup Time": 3512.81, "Actual Max Startup Time": 3512.81, "Actual Min Total Time": 3512.81, "Actual Max Total Time": 3512.81, "Actual Total Rows": 1, "Plans": [{"Node Type": "Hash Join", "Parent Relationship": "Outer", "Join Type": "Inner", "Startup Cost": 405190.17, "Total Cost": 510776.61, "Plan Rows": 969413, "Plan Width": 33, "Actual Min Startup Time": 3150.989, "Actual Max Startup Time": 3150.989, "Actual Min Total Time": 3512.763, "Actual Max Total Time": 3512.763, "Actual Total Rows": 4, "Inner Unique": true, "Hash Cond": "(mc.company_type_id = ct.id), (LLVM Optimized, Jit Execute)", "Plans": [{"Node Type": "Hash Join", "Parent Relationship": "Outer", "Join Type": "Inner", "Startup Cost": 405189.1, "Total Cost": 497446.12, "Plan Rows": 969413, "Plan Width": 37, "Actual Min Startup Time": 2306.919, "Actual Max Startup Time": 2306.919, "Actual Min Total Time": 3512.569, "Actual Max Total Time": 3512.569, "Actual Total Rows": 10, "Inner Unique": true, "Hash Cond": "(ci.role_id = rt.id), (LLVM Optimized, Jit Execute)", "Plans": [{"Node Type": "Hash Join", "Parent Relationship": "Outer", "Join Type": "Inner", "Startup Cost": 405188.67, "Total Cost": 484116.26, "Plan Rows": 969413, "Plan Width": 41, "Actual Min Startup Time": 2306.816, "Actual Max Startup Time": 2306.816, "Actual Min Total Time": 3512.299, "Actual Max Total Time": 3512.299, "Actual Total Rows": 10, "Inner Unique": false, "Hash Cond": "(mc.movie_id = t.id), (LLVM Optimized, Jit Execute)", "Plans": [{"Node Type": "Hash Join", "Parent Relationship": "Outer", "Join Type": "Inner", "Startup Cost": 6968.08, "Total Cost": 71392.69, "Plan Rows": 1282311, "Plan Width": 8, "Actual Min Startup Time": 121.767, "Actual Max Startup Time": 121.767, "Actual Min Total Time": 1517.199, "Actual Max Total Time": 1517.199, "Actual Total Rows": 1153797, "Inner Unique": true, "Hash Cond": "(mc.company_id = cn.id), (LLVM Optimized, Jit Execute)", "Plans": [{"Node Type": "Seq Scan", "Parent Relationship": "Outer", "Relation Name": "movie_companies", "Alias": "mc", "Startup Cost": 0.0, "Total Cost": 41817.28, "Plan Rows": 2609128, "Plan Width": 12, "Actual Min Startup Time": 0.051, "Actual Max Startup Time": 0.051, "Actual Min Total Time": 586.979, "Actual Max Total Time": 586.979, "Actual Total Rows": 2609128}, {"Node Type": "Hash", "Parent Relationship": "Inner", "Startup Cost": 5903.45, "Total Cost": 5903.45, "Plan Rows": 85170, "Plan Width": 4, "Actual Min Startup Time": 121.51, "Actual Max Startup Time": 121.51, "Actual Min Total Time": 121.51, "Actual Max Total Time": 121.51, "Actual Total Rows": 84843, "Max Hash Buckets": 131072, "Min Hash Buckets": 131072, "Max Hash Batches": 1, "Min Hash Batches": 1, "Max Original Hash Batches": 1, "Min Original Hash Batches": 1, "Max Peak Memory Usage": 2983, "min Peak Memory Usage": 2983, "Plans": [{"Node Type": "Seq Scan", "Parent Relationship": "Outer", "Relation Name": "company_name", "Alias": "cn", "Startup Cost": 0.0, "Total Cost": 5903.45, "Plan Rows": 85170, "Plan Width": 4, "Actual Min Startup Time": 0.037, "Actual Max Startup Time": 0.037, "Actual Min Total Time": 93.104, "Actual Max Total Time": 93.104, "Actual Total Rows": 84843, "Filter": "((country_code)::text = '[us]'::text)", "Rows Removed by Filter": 150153}]}]}, {"Node Type": "Hash", "Parent Relationship": "Inner", "Startup Cost": 386291.56, "Total Cost": 386291.56, "Plan Rows": 954323, "Plan Width": 45, "Actual Min Startup Time": 1772.978, "Actual Max Startup Time": 1772.978, "Actual Min Total Time": 1772.978, "Actual Max Total Time": 1772.978, "Actual Total Rows": 12, "Max Hash Buckets": 1048576, "Min Hash Buckets": 1048576, "Max Hash Batches": 1, "Min Hash Batches": 1, "Max Original Hash Batches": 1, "Min Original Hash Batches": 1, "Max Peak Memory Usage": 1, "min Peak Memory Usage": 1, "Plans": [{"Node Type": "Streaming(type: LOCAL GATHER dop: 1/64)", "Parent Relationship": "Outer", "Startup Cost": 162901.55, "Total Cost": 386291.56, "Plan Rows": 954323, "Plan Width": 45, "Actual Min Startup Time": 1770.895, "Actual Max Startup Time": 1770.895, "Actual Min Total Time": 1772.939, "Actual Max Total Time": 1772.939, "Actual Total Rows": 12, "Plans": [{"Node Type": "Hash Join", "Parent Relationship": "Outer", "Join Type": "Inner", "Startup Cost": 162901.55, "Total Cost": 366603.99, "Plan Rows": 954323, "Plan Width": 45, "Actual Min Startup Time": 1051.258, "Actual Max Startup Time": 1368.871, "Actual Min Total Time": 1051.258, "Actual Max Total Time": 1368.871, "Actual Total Rows": 12, "Inner Unique": true, "Hash Cond": "(ci.person_role_id = chn.id), (LLVM Optimized, Jit Execute)", "Plans": [{"Node Type": "Streaming(type: LOCAL REDISTRIBUTE dop: 64/64)", "Parent Relationship": "Outer", "Startup Cost": 129035.53, "Total Cost": 332473.51, "Plan Rows": 1968625, "Plan Width": 33, "Actual Min Startup Time": 0.324, "Actual Max Startup Time": 772.355, "Actual Min Total Time": 652.101, "Actual Max Total Time": 772.355, "Actual Total Rows": 1071330, "Plans": [{"Node Type": "Hash Join", "Parent Relationship": "Outer", "Join Type": "Inner", "Startup Cost": 129035.53, "Total Cost": 267608.7, "Plan Rows": 1968625, "Plan Width": 33, "Actual Min Startup Time": 216.428, "Actual Max Startup Time": 564.106, "Actual Min Total Time": 457.061, "Actual Max Total Time": 893.331, "Actual Total Rows": 1071330, "Inner Unique": true, "Hash Cond": "(ci.movie_id = t.id), (LLVM Optimized, Jit Execute)", "Plans": [{"Node Type": "Streaming(type: LOCAL REDISTRIBUTE dop: 64/64)", "Parent Relationship": "Outer", "Startup Cost": 0.0, "Total Cost": 138181.4, "Plan Rows": 1436424, "Plan Width": 12, "Actual Min Startup Time": 0.224, "Actual Max Startup Time": 65.822, "Actual Min Total Time": 189.689, "Actual Max Total Time": 355.253, "Actual Total Rows": 1435439, "Plans": [{"Node Type": "Seq Scan", "Parent Relationship": "Outer", "Relation Name": "cast_info", "Alias": "ci", "Startup Cost": 0.0, "Total Cost": 73820.73, "Plan Rows": 1436424, "Plan Width": 12, "Actual Min Startup Time": 14.06, "Actual Max Startup Time": 104.928, "Actual Min Total Time": 178.13, "Actual Max Total Time": 267.3, "Actual Total Rows": 1435439, "Filter": "((note)::text ~~ '%(producer)%'::text), (LLVM Optimized, Jit Execute)", "Rows Removed by Filter": 34808904}]}, {"Node Type": "Hash", "Parent Relationship": "Inner", "Startup Cost": 128693.96, "Total Cost": 128693.96, "Plan Rows": 1748840, "Plan Width": 21, "Actual Min Startup Time": 215.79, "Actual Max Startup Time": 563.556, "Actual Min Total Time": 215.79, "Actual Max Total Time": 563.556, "Actual Total Rows": 1749032, "Max Hash Buckets": 32768, "Min Hash Buckets": 32768, "Max Hash Batches": 1, "Min Hash Batches": 1, "Max Original Hash Batches": 1, "Min Original Hash Batches": 1, "Max Peak Memory Usage": 1467, "min Peak Memory Usage": 1467, "Plans": [{"Node Type": "Streaming(type: LOCAL REDISTRIBUTE dop: 64/64)", "Parent Relationship": "Outer", "Startup Cost": 0.0, "Total Cost": 128693.96, "Plan Rows": 1748840, "Plan Width": 21, "Actual Min Startup Time": 0.129, "Actual Max Startup Time": 217.095, "Actual Min Total Time": 175.094, "Actual Max Total Time": 547.198, "Actual Total Rows": 1749032, "Plans": [{"Node Type": "Seq Scan", "Parent Relationship": "Outer", "Relation Name": "title", "Alias": "t", "Startup Cost": 0.0, "Total Cost": 64037.34, "Plan Rows": 1748840, "Plan Width": 21, "Actual Min Startup Time": 0.033, "Actual Max Startup Time": 0.11, "Actual Min Total Time": 17.019, "Actual Max Total Time": 53.031, "Actual Total Rows": 1749032, "Filter": "(production_year > 1990), (LLVM Optimized, Jit Execute)", "Rows Removed by Filter": 779279}]}]}]}]}, {"Node Type": "Hash", "Parent Relationship": "Inner", "Startup Cost": 130029.32, "Total Cost": 130029.32, "Plan Rows": 3140338, "Plan Width": 20, "Actual Min Startup Time": 278.829, "Actual Max Startup Time": 596.445, "Actual Min Total Time": 278.829, "Actual Max Total Time": 596.445, "Actual Total Rows": 3140338, "Max Hash Buckets": 65536, "Min Hash Buckets": 65536, "Max Hash Batches": 1, "Min Hash Batches": 1, "Max Original Hash Batches": 1, "Min Original Hash Batches": 1, "Max Peak Memory Usage": 2583, "min Peak Memory Usage": 2583, "Plans": [{"Node Type": "Streaming(type: LOCAL REDISTRIBUTE dop: 64/64)", "Parent Relationship": "Outer", "Startup Cost": 0.0, "Total Cost": 130029.32, "Plan Rows": 3140338, "Plan Width": 20, "Actual Min Startup Time": 0.123, "Actual Max Startup Time": 61.811, "Actual Min Total Time": 193.575, "Actual Max Total Time": 548.555, "Actual Total Rows": 3140338, "Plans": [{"Node Type": "Seq Scan", "Parent Relationship": "Outer", "Relation Name": "char_name", "Alias": "chn", "Startup Cost": 0.0, "Total Cost": 64054.58, "Plan Rows": 3140338, "Plan Width": 20, "Actual Min Startup Time": 0.02, "Actual Max Startup Time": 0.066, "Actual Min Total Time": 18.533, "Actual Max Total Time": 43.707, "Actual Total Rows": 3140338}]}]}]}]}]}]}, {"Node Type": "Hash", "Parent Relationship": "Inner", "Startup Cost": 1.12, "Total Cost": 1.12, "Plan Rows": 12, "Plan Width": 4, "Actual Min Startup Time": 0.02, "Actual Max Startup Time": 0.02, "Actual Min Total Time": 0.02, "Actual Max Total Time": 0.02, "Actual Total Rows": 12, "Max Hash Buckets": 32768, "Min Hash Buckets": 32768, "Max Hash Batches": 1, "Min Hash Batches": 1, "Max Original Hash Batches": 1, "Min Original Hash Batches": 1, "Max Peak Memory Usage": 1, "min Peak Memory Usage": 1, "Plans": [{"Node Type": "Seq Scan", "Parent Relationship": "Outer", "Relation Name": "role_type", "Alias": "rt", "Startup Cost": 0.0, "Total Cost": 1.12, "Plan Rows": 12, "Plan Width": 4, "Actual Min Startup Time": 0.011, "Actual Max Startup Time": 0.011, "Actual Min Total Time": 0.011, "Actual Max Total Time": 0.011, "Actual Total Rows": 12}]}]}, {"Node Type": "Hash", "Parent Relationship": "Inner", "Startup Cost": 1.03, "Total Cost": 1.03, "Plan Rows": 3, "Plan Width": 4, "Actual Min Startup Time": 0.056, "Actual Max Startup Time": 0.056, "Actual Min Total Time": 0.056, "Actual Max Total Time": 0.056, "Actual Total Rows": 3, "Max Hash Buckets": 32768, "Min Hash Buckets": 32768, "Max Hash Batches": 1, "Min Hash Batches": 1, "Max Original Hash Batches": 1, "Min Original Hash Batches": 1, "Max Peak Memory Usage": 1, "min Peak Memory Usage": 1, "Plans": [{"Node Type": "Seq Scan", "Parent Relationship": "Outer", "Relation Name": "company_type", "Alias": "ct", "Startup Cost": 0.0, "Total Cost": 1.03, "Plan Rows": 3, "Plan Width": 4, "Actual Min Startup Time": 0.027, "Actual Max Startup Time": 0.027, "Actual Min Total Time": 0.03, "Actual Max Total Time": 0.03, "Actual Total Rows": 3}]}]}]}, "Triggers": [], "Planner Runtime": 79.157, "Total Runtime": 3616.873, "Unique SQL Id": 3145361615}}, "(64, 1)": {"explain_plan": {"Plan": {"Node Type": "Aggregate", "Strategy": "Plain", "Startup Cost": 1474757.22, "Total Cost": 1474757.23, "Plan Rows": 1, "Plan Width": 97, "Plans": [{"Node Type": "Hash Join", "Parent Relationship": "Outer", "Join Type": "Inner", "Startup Cost": 389331.73, "Total Cost": 1469910.15, "Plan Rows": 969413, "Plan Width": 33, "Inner Unique": true, "Hash Cond": "(mc.company_type_id = ct.id), (LLVM Optimized)", "Plans": [{"Node Type": "Hash Join", "Parent Relationship": "Outer", "Join Type": "Inner", "Startup Cost": 389323.4, "Total Cost": 1456572.39, "Plan Rows": 969413, "Plan Width": 37, "Inner Unique": false, "Hash Cond": "(ci.movie_id = t.id), (LLVM Optimized)", "Plans": [{"Node Type": "Hash Join", "Parent Relationship": "Outer", "Join Type": "Inner", "Startup Cost": 80683.05, "Total Cost": 1135626.49, "Plan Rows": 696330, "Plan Width": 20, "Inner Unique": true, "Hash Cond": "(ci.role_id = rt.id), (LLVM Optimized)", "Plans": [{"Node Type": "Merge Join", "Parent Relationship": "Outer", "Join Type": "Inner", "Startup Cost": 80674.47, "Total Cost": 1126861.56, "Plan Rows": 696330, "Plan Width": 24, "Inner Unique": false, "Merge Cond": "(chn.id = ci.person_role_id)", "Plans": [{"Node Type": "Index Scan", "Parent Relationship": "Outer", "Scan Direction": "Forward", "Index Name": "char_name_pkey", "Relation Name": "char_name", "Alias": "chn", "Startup Cost": 0.0, "Total Cost": 129875.46, "Plan Rows": 3140338, "Plan Width": 20}, {"Node Type": "Index Scan", "Parent Relationship": "Inner", "Scan Direction": "Forward", "Index Name": "person_role_id_cast_info", "Relation Name": "cast_info", "Alias": "ci", "Startup Cost": 0.0, "Total Cost": 2022508.08, "Plan Rows": 1436424, "Plan Width": 12, "Filter": "((note)::text ~~ '%(producer)%'::text), (LLVM Optimized)"}]}, {"Node Type": "Hash", "Parent Relationship": "Inner", "Startup Cost": 8.43, "Total Cost": 8.43, "Plan Rows": 12, "Plan Width": 4, "Plans": [{"Node Type": "Index Only Scan", "Parent Relationship": "Outer", "Scan Direction": "Forward", "Index Name": "role_type_pkey", "Relation Name": "role_type", "Alias": "rt", "Startup Cost": 0.0, "Total Cost": 8.43, "Plan Rows": 12, "Plan Width": 4}]}]}, {"Node Type": "Hash", "Parent Relationship": "Inner", "Startup Cost": 286433.79, "Total Cost": 286433.79, "Plan Rows": 1776525, "Plan Width": 29, "Plans": [{"Node Type": "Hash Join", "Parent Relationship": "Outer", "Join Type": "Inner", "Startup Cost": 148070.36, "Total Cost": 286433.79, "Plan Rows": 1776525, "Plan Width": 29, "Inner Unique": true, "Hash Cond": "(mc.movie_id = t.id), (LLVM Optimized)", "Plans": [{"Node Type": "Hash Join", "Parent Relationship": "Outer", "Join Type": "Inner", "Startup Cost": 9768.6, "Total Cost": 125558.11, "Plan Rows": 1282311, "Plan Width": 8, "Inner Unique": true, "Hash Cond": "(mc.company_id = cn.id), (LLVM Optimized)", "Plans": [{"Node Type": "Index Scan", "Parent Relationship": "Outer", "Scan Direction": "Forward", "Index Name": "company_type_id_movie_companies", "Relation Name": "movie_companies", "Alias": "mc", "Startup Cost": 0.0, "Total Cost": 93182.17, "Plan Rows": 2609128, "Plan Width": 12}, {"Node Type": "Hash", "Parent Relationship": "Inner", "Startup Cost": 8703.97, "Total Cost": 8703.97, "Plan Rows": 85170, "Plan Width": 4, "Plans": [{"Node Type": "Bitmap Heap Scan", "Parent Relationship": "Outer", "Relation Name": "company_name", "Alias": "cn", "Startup Cost": 2800.52, "Total Cost": 8703.97, "Plan Rows": 85170, "Plan Width": 4, "Filter": "((country_code)::text = '[us]'::text)", "Plans": [{"Node Type": "Bitmap Index Scan", "Parent Relationship": "Outer", "Index Name": "company_name_pkey", "Startup Cost": 0.0, "Total Cost": 2779.23, "Plan Rows": 234996, "Plan Width": 0}]}]}]}, {"Node Type": "Hash", "Parent Relationship": "Inner", "Startup Cost": 116441.27, "Total Cost": 116441.27, "Plan Rows": 1748840, "Plan Width": 21, "Plans": [{"Node Type": "Index Scan", "Parent Relationship": "Outer", "Scan Direction": "Forward", "Index Name": "title_pkey", "Relation Name": "title", "Alias": "t", "Startup Cost": 0.0, "Total Cost": 116441.27, "Plan Rows": 1748840, "Plan Width": 21, "Filter": "(production_year > 1990), (LLVM Optimized)"}]}]}]}]}, {"Node Type": "Hash", "Parent Relationship": "Inner", "Startup Cost": 8.29, "Total Cost": 8.29, "Plan Rows": 3, "Plan Width": 4, "Plans": [{"Node Type": "Index Only Scan", "Parent Relationship": "Outer", "Scan Direction": "Forward", "Index Name": "company_type_pkey", "Relation Name": "company_type", "Alias": "ct", "Startup Cost": 0.0, "Total Cost": 8.29, "Plan Rows": 3, "Plan Width": 4}]}]}]}, "Unique SQL Id": 3145361615}, "explain_analyze_plan": null}, "(64, 2)": {"explain_plan": {"Plan": {"Node Type": "Aggregate", "Strategy": "Plain", "Startup Cost": 515623.68, "Total Cost": 515623.69, "Plan Rows": 1, "Plan Width": 97, "Plans": [{"Node Type": "Hash Join", "Parent Relationship": "Outer", "Join Type": "Inner", "Startup Cost": 405190.17, "Total Cost": 510776.61, "Plan Rows": 969413, "Plan Width": 33, "Inner Unique": true, "Hash Cond": "(mc.company_type_id = ct.id), (LLVM Optimized)", "Plans": [{"Node Type": "Hash Join", "Parent Relationship": "Outer", "Join Type": "Inner", "Startup Cost": 405189.1, "Total Cost": 497446.12, "Plan Rows": 969413, "Plan Width": 37, "Inner Unique": true, "Hash Cond": "(ci.role_id = rt.id), (LLVM Optimized)", "Plans": [{"Node Type": "Hash Join", "Parent Relationship": "Outer", "Join Type": "Inner", "Startup Cost": 405188.67, "Total Cost": 484116.26, "Plan Rows": 969413, "Plan Width": 41, "Inner Unique": false, "Hash Cond": "(mc.movie_id = t.id), (LLVM Optimized)", "Plans": [{"Node Type": "Hash Join", "Parent Relationship": "Outer", "Join Type": "Inner", "Startup Cost": 6968.08, "Total Cost": 71392.69, "Plan Rows": 1282311, "Plan Width": 8, "Inner Unique": true, "Hash Cond": "(mc.company_id = cn.id), (LLVM Optimized)", "Plans": [{"Node Type": "Seq Scan", "Parent Relationship": "Outer", "Relation Name": "movie_companies", "Alias": "mc", "Startup Cost": 0.0, "Total Cost": 41817.28, "Plan Rows": 2609128, "Plan Width": 12}, {"Node Type": "Hash", "Parent Relationship": "Inner", "Startup Cost": 5903.45, "Total Cost": 5903.45, "Plan Rows": 85170, "Plan Width": 4, "Plans": [{"Node Type": "Seq Scan", "Parent Relationship": "Outer", "Relation Name": "company_name", "Alias": "cn", "Startup Cost": 0.0, "Total Cost": 5903.45, "Plan Rows": 85170, "Plan Width": 4, "Filter": "((country_code)::text = '[us]'::text)"}]}]}, {"Node Type": "Hash", "Parent Relationship": "Inner", "Startup Cost": 386291.56, "Total Cost": 386291.56, "Plan Rows": 954323, "Plan Width": 45, "Plans": [{"Node Type": "Streaming(type: LOCAL GATHER dop: 1/64)", "Parent Relationship": "Outer", "Startup Cost": 162901.55, "Total Cost": 386291.56, "Plan Rows": 954323, "Plan Width": 45, "Plans": [{"Node Type": "Hash Join", "Parent Relationship": "Outer", "Join Type": "Inner", "Startup Cost": 162901.55, "Total Cost": 366603.99, "Plan Rows": 954323, "Plan Width": 45, "Inner Unique": true, "Hash Cond": "(ci.person_role_id = chn.id), (LLVM Optimized)", "Plans": [{"Node Type": "Streaming(type: LOCAL REDISTRIBUTE dop: 64/64)", "Parent Relationship": "Outer", "Startup Cost": 129035.53, "Total Cost": 332473.51, "Plan Rows": 1968625, "Plan Width": 33, "Plans": [{"Node Type": "Hash Join", "Parent Relationship": "Outer", "Join Type": "Inner", "Startup Cost": 129035.53, "Total Cost": 267608.7, "Plan Rows": 1968625, "Plan Width": 33, "Inner Unique": true, "Hash Cond": "(ci.movie_id = t.id), (LLVM Optimized)", "Plans": [{"Node Type": "Streaming(type: LOCAL REDISTRIBUTE dop: 64/64)", "Parent Relationship": "Outer", "Startup Cost": 0.0, "Total Cost": 138181.4, "Plan Rows": 1436424, "Plan Width": 12, "Plans": [{"Node Type": "Seq Scan", "Parent Relationship": "Outer", "Relation Name": "cast_info", "Alias": "ci", "Startup Cost": 0.0, "Total Cost": 73820.73, "Plan Rows": 1436424, "Plan Width": 12, "Filter": "((note)::text ~~ '%(producer)%'::text), (LLVM Optimized)"}]}, {"Node Type": "Hash", "Parent Relationship": "Inner", "Startup Cost": 128693.96, "Total Cost": 128693.96, "Plan Rows": 1748840, "Plan Width": 21, "Plans": [{"Node Type": "Streaming(type: LOCAL REDISTRIBUTE dop: 64/64)", "Parent Relationship": "Outer", "Startup Cost": 0.0, "Total Cost": 128693.96, "Plan Rows": 1748840, "Plan Width": 21, "Plans": [{"Node Type": "Seq Scan", "Parent Relationship": "Outer", "Relation Name": "title", "Alias": "t", "Startup Cost": 0.0, "Total Cost": 64037.34, "Plan Rows": 1748840, "Plan Width": 21, "Filter": "(production_year > 1990), (LLVM Optimized)"}]}]}]}]}, {"Node Type": "Hash", "Parent Relationship": "Inner", "Startup Cost": 130029.32, "Total Cost": 130029.32, "Plan Rows": 3140338, "Plan Width": 20, "Plans": [{"Node Type": "Streaming(type: LOCAL REDISTRIBUTE dop: 64/64)", "Parent Relationship": "Outer", "Startup Cost": 0.0, "Total Cost": 130029.32, "Plan Rows": 3140338, "Plan Width": 20, "Plans": [{"Node Type": "Seq Scan", "Parent Relationship": "Outer", "Relation Name": "char_name", "Alias": "chn", "Startup Cost": 0.0, "Total Cost": 64054.58, "Plan Rows": 3140338, "Plan Width": 20}]}]}]}]}]}]}, {"Node Type": "Hash", "Parent Relationship": "Inner", "Startup Cost": 1.12, "Total Cost": 1.12, "Plan Rows": 12, "Plan Width": 4, "Plans": [{"Node Type": "Seq Scan", "Parent Relationship": "Outer", "Relation Name": "role_type", "Alias": "rt", "Startup Cost": 0.0, "Total Cost": 1.12, "Plan Rows": 12, "Plan Width": 4}]}]}, {"Node Type": "Hash", "Parent Relationship": "Inner", "Startup Cost": 1.03, "Total Cost": 1.03, "Plan Rows": 3, "Plan Width": 4, "Plans": [{"Node Type": "Seq Scan", "Parent Relationship": "Outer", "Relation Name": "company_type", "Alias": "ct", "Startup Cost": 0.0, "Total Cost": 1.03, "Plan Rows": 3, "Plan Width": 4}]}]}]}, "Unique SQL Id": 3145361615}, "explain_analyze_plan": {"Plan": {"Node Type": "Aggregate", "Strategy": "Plain", "Startup Cost": 515623.68, "Total Cost": 515623.69, "Plan Rows": 1, "Plan Width": 97, "Actual Min Startup Time": 3512.81, "Actual Max Startup Time": 3512.81, "Actual Min Total Time": 3512.81, "Actual Max Total Time": 3512.81, "Actual Total Rows": 1, "Plans": [{"Node Type": "Hash Join", "Parent Relationship": "Outer", "Join Type": "Inner", "Startup Cost": 405190.17, "Total Cost": 510776.61, "Plan Rows": 969413, "Plan Width": 33, "Actual Min Startup Time": 3150.989, "Actual Max Startup Time": 3150.989, "Actual Min Total Time": 3512.763, "Actual Max Total Time": 3512.763, "Actual Total Rows": 4, "Inner Unique": true, "Hash Cond": "(mc.company_type_id = ct.id), (LLVM Optimized, Jit Execute)", "Plans": [{"Node Type": "Hash Join", "Parent Relationship": "Outer", "Join Type": "Inner", "Startup Cost": 405189.1, "Total Cost": 497446.12, "Plan Rows": 969413, "Plan Width": 37, "Actual Min Startup Time": 2306.919, "Actual Max Startup Time": 2306.919, "Actual Min Total Time": 3512.569, "Actual Max Total Time": 3512.569, "Actual Total Rows": 10, "Inner Unique": true, "Hash Cond": "(ci.role_id = rt.id), (LLVM Optimized, Jit Execute)", "Plans": [{"Node Type": "Hash Join", "Parent Relationship": "Outer", "Join Type": "Inner", "Startup Cost": 405188.67, "Total Cost": 484116.26, "Plan Rows": 969413, "Plan Width": 41, "Actual Min Startup Time": 2306.816, "Actual Max Startup Time": 2306.816, "Actual Min Total Time": 3512.299, "Actual Max Total Time": 3512.299, "Actual Total Rows": 10, "Inner Unique": false, "Hash Cond": "(mc.movie_id = t.id), (LLVM Optimized, Jit Execute)", "Plans": [{"Node Type": "Hash Join", "Parent Relationship": "Outer", "Join Type": "Inner", "Startup Cost": 6968.08, "Total Cost": 71392.69, "Plan Rows": 1282311, "Plan Width": 8, "Actual Min Startup Time": 121.767, "Actual Max Startup Time": 121.767, "Actual Min Total Time": 1517.199, "Actual Max Total Time": 1517.199, "Actual Total Rows": 1153797, "Inner Unique": true, "Hash Cond": "(mc.company_id = cn.id), (LLVM Optimized, Jit Execute)", "Plans": [{"Node Type": "Seq Scan", "Parent Relationship": "Outer", "Relation Name": "movie_companies", "Alias": "mc", "Startup Cost": 0.0, "Total Cost": 41817.28, "Plan Rows": 2609128, "Plan Width": 12, "Actual Min Startup Time": 0.051, "Actual Max Startup Time": 0.051, "Actual Min Total Time": 586.979, "Actual Max Total Time": 586.979, "Actual Total Rows": 2609128}, {"Node Type": "Hash", "Parent Relationship": "Inner", "Startup Cost": 5903.45, "Total Cost": 5903.45, "Plan Rows": 85170, "Plan Width": 4, "Actual Min Startup Time": 121.51, "Actual Max Startup Time": 121.51, "Actual Min Total Time": 121.51, "Actual Max Total Time": 121.51, "Actual Total Rows": 84843, "Max Hash Buckets": 131072, "Min Hash Buckets": 131072, "Max Hash Batches": 1, "Min Hash Batches": 1, "Max Original Hash Batches": 1, "Min Original Hash Batches": 1, "Max Peak Memory Usage": 2983, "min Peak Memory Usage": 2983, "Plans": [{"Node Type": "Seq Scan", "Parent Relationship": "Outer", "Relation Name": "company_name", "Alias": "cn", "Startup Cost": 0.0, "Total Cost": 5903.45, "Plan Rows": 85170, "Plan Width": 4, "Actual Min Startup Time": 0.037, "Actual Max Startup Time": 0.037, "Actual Min Total Time": 93.104, "Actual Max Total Time": 93.104, "Actual Total Rows": 84843, "Filter": "((country_code)::text = '[us]'::text)", "Rows Removed by Filter": 150153}]}]}, {"Node Type": "Hash", "Parent Relationship": "Inner", "Startup Cost": 386291.56, "Total Cost": 386291.56, "Plan Rows": 954323, "Plan Width": 45, "Actual Min Startup Time": 1772.978, "Actual Max Startup Time": 1772.978, "Actual Min Total Time": 1772.978, "Actual Max Total Time": 1772.978, "Actual Total Rows": 12, "Max Hash Buckets": 1048576, "Min Hash Buckets": 1048576, "Max Hash Batches": 1, "Min Hash Batches": 1, "Max Original Hash Batches": 1, "Min Original Hash Batches": 1, "Max Peak Memory Usage": 1, "min Peak Memory Usage": 1, "Plans": [{"Node Type": "Streaming(type: LOCAL GATHER dop: 1/64)", "Parent Relationship": "Outer", "Startup Cost": 162901.55, "Total Cost": 386291.56, "Plan Rows": 954323, "Plan Width": 45, "Actual Min Startup Time": 1770.895, "Actual Max Startup Time": 1770.895, "Actual Min Total Time": 1772.939, "Actual Max Total Time": 1772.939, "Actual Total Rows": 12, "Plans": [{"Node Type": "Hash Join", "Parent Relationship": "Outer", "Join Type": "Inner", "Startup Cost": 162901.55, "Total Cost": 366603.99, "Plan Rows": 954323, "Plan Width": 45, "Actual Min Startup Time": 1051.258, "Actual Max Startup Time": 1368.871, "Actual Min Total Time": 1051.258, "Actual Max Total Time": 1368.871, "Actual Total Rows": 12, "Inner Unique": true, "Hash Cond": "(ci.person_role_id = chn.id), (LLVM Optimized, Jit Execute)", "Plans": [{"Node Type": "Streaming(type: LOCAL REDISTRIBUTE dop: 64/64)", "Parent Relationship": "Outer", "Startup Cost": 129035.53, "Total Cost": 332473.51, "Plan Rows": 1968625, "Plan Width": 33, "Actual Min Startup Time": 0.324, "Actual Max Startup Time": 772.355, "Actual Min Total Time": 652.101, "Actual Max Total Time": 772.355, "Actual Total Rows": 1071330, "Plans": [{"Node Type": "Hash Join", "Parent Relationship": "Outer", "Join Type": "Inner", "Startup Cost": 129035.53, "Total Cost": 267608.7, "Plan Rows": 1968625, "Plan Width": 33, "Actual Min Startup Time": 216.428, "Actual Max Startup Time": 564.106, "Actual Min Total Time": 457.061, "Actual Max Total Time": 893.331, "Actual Total Rows": 1071330, "Inner Unique": true, "Hash Cond": "(ci.movie_id = t.id), (LLVM Optimized, Jit Execute)", "Plans": [{"Node Type": "Streaming(type: LOCAL REDISTRIBUTE dop: 64/64)", "Parent Relationship": "Outer", "Startup Cost": 0.0, "Total Cost": 138181.4, "Plan Rows": 1436424, "Plan Width": 12, "Actual Min Startup Time": 0.224, "Actual Max Startup Time": 65.822, "Actual Min Total Time": 189.689, "Actual Max Total Time": 355.253, "Actual Total Rows": 1435439, "Plans": [{"Node Type": "Seq Scan", "Parent Relationship": "Outer", "Relation Name": "cast_info", "Alias": "ci", "Startup Cost": 0.0, "Total Cost": 73820.73, "Plan Rows": 1436424, "Plan Width": 12, "Actual Min Startup Time": 14.06, "Actual Max Startup Time": 104.928, "Actual Min Total Time": 178.13, "Actual Max Total Time": 267.3, "Actual Total Rows": 1435439, "Filter": "((note)::text ~~ '%(producer)%'::text), (LLVM Optimized, Jit Execute)", "Rows Removed by Filter": 34808904}]}, {"Node Type": "Hash", "Parent Relationship": "Inner", "Startup Cost": 128693.96, "Total Cost": 128693.96, "Plan Rows": 1748840, "Plan Width": 21, "Actual Min Startup Time": 215.79, "Actual Max Startup Time": 563.556, "Actual Min Total Time": 215.79, "Actual Max Total Time": 563.556, "Actual Total Rows": 1749032, "Max Hash Buckets": 32768, "Min Hash Buckets": 32768, "Max Hash Batches": 1, "Min Hash Batches": 1, "Max Original Hash Batches": 1, "Min Original Hash Batches": 1, "Max Peak Memory Usage": 1467, "min Peak Memory Usage": 1467, "Plans": [{"Node Type": "Streaming(type: LOCAL REDISTRIBUTE dop: 64/64)", "Parent Relationship": "Outer", "Startup Cost": 0.0, "Total Cost": 128693.96, "Plan Rows": 1748840, "Plan Width": 21, "Actual Min Startup Time": 0.129, "Actual Max Startup Time": 217.095, "Actual Min Total Time": 175.094, "Actual Max Total Time": 547.198, "Actual Total Rows": 1749032, "Plans": [{"Node Type": "Seq Scan", "Parent Relationship": "Outer", "Relation Name": "title", "Alias": "t", "Startup Cost": 0.0, "Total Cost": 64037.34, "Plan Rows": 1748840, "Plan Width": 21, "Actual Min Startup Time": 0.033, "Actual Max Startup Time": 0.11, "Actual Min Total Time": 17.019, "Actual Max Total Time": 53.031, "Actual Total Rows": 1749032, "Filter": "(production_year > 1990), (LLVM Optimized, Jit Execute)", "Rows Removed by Filter": 779279}]}]}]}]}, {"Node Type": "Hash", "Parent Relationship": "Inner", "Startup Cost": 130029.32, "Total Cost": 130029.32, "Plan Rows": 3140338, "Plan Width": 20, "Actual Min Startup Time": 278.829, "Actual Max Startup Time": 596.445, "Actual Min Total Time": 278.829, "Actual Max Total Time": 596.445, "Actual Total Rows": 3140338, "Max Hash Buckets": 65536, "Min Hash Buckets": 65536, "Max Hash Batches": 1, "Min Hash Batches": 1, "Max Original Hash Batches": 1, "Min Original Hash Batches": 1, "Max Peak Memory Usage": 2583, "min Peak Memory Usage": 2583, "Plans": [{"Node Type": "Streaming(type: LOCAL REDISTRIBUTE dop: 64/64)", "Parent Relationship": "Outer", "Startup Cost": 0.0, "Total Cost": 130029.32, "Plan Rows": 3140338, "Plan Width": 20, "Actual Min Startup Time": 0.123, "Actual Max Startup Time": 61.811, "Actual Min Total Time": 193.575, "Actual Max Total Time": 548.555, "Actual Total Rows": 3140338, "Plans": [{"Node Type": "Seq Scan", "Parent Relationship": "Outer", "Relation Name": "char_name", "Alias": "chn", "Startup Cost": 0.0, "Total Cost": 64054.58, "Plan Rows": 3140338, "Plan Width": 20, "Actual Min Startup Time": 0.02, "Actual Max Startup Time": 0.066, "Actual Min Total Time": 18.533, "Actual Max Total Time": 43.707, "Actual Total Rows": 3140338}]}]}]}]}]}]}, {"Node Type": "Hash", "Parent Relationship": "Inner", "Startup Cost": 1.12, "Total Cost": 1.12, "Plan Rows": 12, "Plan Width": 4, "Actual Min Startup Time": 0.02, "Actual Max Startup Time": 0.02, "Actual Min Total Time": 0.02, "Actual Max Total Time": 0.02, "Actual Total Rows": 12, "Max Hash Buckets": 32768, "Min Hash Buckets": 32768, "Max Hash Batches": 1, "Min Hash Batches": 1, "Max Original Hash Batches": 1, "Min Original Hash Batches": 1, "Max Peak Memory Usage": 1, "min Peak Memory Usage": 1, "Plans": [{"Node Type": "Seq Scan", "Parent Relationship": "Outer", "Relation Name": "role_type", "Alias": "rt", "Startup Cost": 0.0, "Total Cost": 1.12, "Plan Rows": 12, "Plan Width": 4, "Actual Min Startup Time": 0.011, "Actual Max Startup Time": 0.011, "Actual Min Total Time": 0.011, "Actual Max Total Time": 0.011, "Actual Total Rows": 12}]}]}, {"Node Type": "Hash", "Parent Relationship": "Inner", "Startup Cost": 1.03, "Total Cost": 1.03, "Plan Rows": 3, "Plan Width": 4, "Actual Min Startup Time": 0.056, "Actual Max Startup Time": 0.056, "Actual Min Total Time": 0.056, "Actual Max Total Time": 0.056, "Actual Total Rows": 3, "Max Hash Buckets": 32768, "Min Hash Buckets": 32768, "Max Hash Batches": 1, "Min Hash Batches": 1, "Max Original Hash Batches": 1, "Min Original Hash Batches": 1, "Max Peak Memory Usage": 1, "min Peak Memory Usage": 1, "Plans": [{"Node Type": "Seq Scan", "Parent Relationship": "Outer", "Relation Name": "company_type", "Alias": "ct", "Startup Cost": 0.0, "Total Cost": 1.03, "Plan Rows": 3, "Plan Width": 4, "Actual Min Startup Time": 0.027, "Actual Max Startup Time": 0.027, "Actual Min Total Time": 0.03, "Actual Max Total Time": 0.03, "Actual Total Rows": 3}]}]}]}, "Triggers": [], "Planner Runtime": 79.157, "Total Runtime": 3616.873, "Unique SQL Id": 3145361615}}, "(64, 3)": {"explain_plan": {"Plan": {"Node Type": "Aggregate", "Strategy": "Plain", "Startup Cost": 1963906.79, "Total Cost": 1963906.8, "Plan Rows": 1, "Plan Width": 97, "Plans": [{"Node Type": "Hash Join", "Parent Relationship": "Outer", "Join Type": "Inner", "Startup Cost": 1218973.64, "Total Cost": 1959059.72, "Plan Rows": 969413, "Plan Width": 33, "Inner Unique": true, "Hash Cond": "(mc.company_type_id = ct.id), (LLVM Optimized)", "Plans": [{"Node Type": "Hash Join", "Parent Relationship": "Outer", "Join Type": "Inner", "Startup Cost": 1218961.31, "Total Cost": 1945717.96, "Plan Rows": 969413, "Plan Width": 37, "Inner Unique": false, "Hash Cond": "(ci.movie_id = t.id), (LLVM Optimized)", "Plans": [{"Node Type": "Hash Join", "Parent Relationship": "Outer", "Join Type": "Inner", "Startup Cost": 909656.04, "Total Cost": 1624107.14, "Plan Rows": 696330, "Plan Width": 20, "Inner Unique": true, "Hash Cond": "(ci.role_id = rt.id), (LLVM Optimized)", "Plans": [{"Node Type": "Hash Join", "Parent Relationship": "Outer", "Join Type": "Inner", "Startup Cost": 909643.46, "Total Cost": 1614520.02, "Plan Rows": 696330, "Plan Width": 24, "Inner Unique": true, "Hash Cond": "(ci.person_role_id = chn.id), (LLVM Optimized)", "Plans": [{"Node Type": "Bitmap Heap Scan", "Parent Relationship": "Outer", "Relation Name": "cast_info", "Alias": "ci", "Startup Cost": 739944.83, "Total Cost": 1432471.5, "Plan Rows": 1436424, "Plan Width": 12, "Filter": "((note)::text ~~ '%(producer)%'::text), (LLVM Optimized)", "Plans": [{"Node Type": "Bitmap Index Scan", "Parent Relationship": "Outer", "Index Name": "person_role_id_cast_info", "Startup Cost": 0.0, "Total Cost": 739585.72, "Plan Rows": 36259494, "Plan Width": 0}]}, {"Node Type": "Hash", "Parent Relationship": "Inner", "Startup Cost": 130444.4, "Total Cost": 130444.4, "Plan Rows": 3140338, "Plan Width": 20, "Plans": [{"Node Type": "Bitmap Heap Scan", "Parent Relationship": "Outer", "Relation Name": "char_name", "Alias": "chn", "Startup Cost": 62951.02, "Total Cost": 130444.4, "Plan Rows": 3140338, "Plan Width": 20, "Plans": [{"Node Type": "Bitmap Index Scan", "Parent Relationship": "Outer", "Index Name": "char_name_pkey", "Startup Cost": 0.0, "Total Cost": 62165.94, "Plan Rows": 3140338, "Plan Width": 0}]}]}]}, {"Node Type": "Hash", "Parent Relationship": "Inner", "Startup Cost": 12.43, "Total Cost": 12.43, "Plan Rows": 12, "Plan Width": 4, "Plans": [{"Node Type": "Bitmap Heap Scan", "Parent Relationship": "Outer", "Relation Name": "role_type", "Alias": "rt", "Startup Cost": 8.31, "Total Cost": 12.43, "Plan Rows": 12, "Plan Width": 4, "Plans": [{"Node Type": "Bitmap Index Scan", "Parent Relationship": "Outer", "Index Name": "role_type_pkey", "Startup Cost": 0.0, "Total Cost": 8.31, "Plan Rows": 12, "Plan Width": 0}]}]}]}, {"Node Type": "Hash", "Parent Relationship": "Inner", "Startup Cost": 287098.71, "Total Cost": 287098.71, "Plan Rows": 1776525, "Plan Width": 29, "Plans": [{"Node Type": "Hash Join", "Parent Relationship": "Outer", "Join Type": "Inner", "Startup Cost": 200100.17, "Total Cost": 287098.71, "Plan Rows": 1776525, "Plan Width": 29, "Inner Unique": true, "Hash Cond": "(mc.movie_id = t.id), (LLVM Optimized)", "Plans": [{"Node Type": "Hash Join", "Parent Relationship": "Outer", "Join Type": "Inner", "Startup Cost": 61758.77, "Total Cost": 126183.39, "Plan Rows": 1282311, "Plan Width": 8, "Inner Unique": true, "Hash Cond": "(mc.company_id = cn.id), (LLVM Optimized)", "Plans": [{"Node Type": "Bitmap Heap Scan", "Parent Relationship": "Outer", "Relation Name": "movie_companies", "Alias": "mc", "Startup Cost": 51990.17, "Total Cost": 93807.45, "Plan Rows": 2609128, "Plan Width": 12, "Plans": [{"Node Type": "Bitmap Index Scan", "Parent Relationship": "Outer", "Index Name": "movie_id_movie_companies", "Startup Cost": 0.0, "Total Cost": 51337.89, "Plan Rows": 2609128, "Plan Width": 0}]}, {"Node Type": "Hash", "Parent Relationship": "Inner", "Startup Cost": 8703.97, "Total Cost": 8703.97, "Plan Rows": 85170, "Plan Width": 4, "Plans": [{"Node Type": "Bitmap Heap Scan", "Parent Relationship": "Outer", "Relation Name": "company_name", "Alias": "cn", "Startup Cost": 2800.52, "Total Cost": 8703.97, "Plan Rows": 85170, "Plan Width": 4, "Filter": "((country_code)::text = '[us]'::text)", "Plans": [{"Node Type": "Bitmap Index Scan", "Parent Relationship": "Outer", "Index Name": "company_name_pkey", "Startup Cost": 0.0, "Total Cost": 2779.23, "Plan Rows": 234996, "Plan Width": 0}]}]}]}, {"Node Type": "Hash", "Parent Relationship": "Inner", "Startup Cost": 116480.9, "Total Cost": 116480.9, "Plan Rows": 1748840, "Plan Width": 21, "Plans": [{"Node Type": "Bitmap Heap Scan", "Parent Relationship": "Outer", "Relation Name": "title", "Alias": "t", "Startup Cost": 50091.01, "Total Cost": 116480.9, "Plan Rows": 1748840, "Plan Width": 21, "Filter": "(production_year > 1990), (LLVM Optimized)", "Plans": [{"Node Type": "Bitmap Index Scan", "Parent Relationship": "Outer", "Index Name": "title_pkey", "Startup Cost": 0.0, "Total Cost": 49653.81, "Plan Rows": 2528311, "Plan Width": 0}]}]}]}]}]}, {"Node Type": "Hash", "Parent Relationship": "Inner", "Startup Cost": 12.3, "Total Cost": 12.3, "Plan Rows": 3, "Plan Width": 4, "Plans": [{"Node Type": "Bitmap Heap Scan", "Parent Relationship": "Outer", "Relation Name": "company_type", "Alias": "ct", "Startup Cost": 8.27, "Total Cost": 12.3, "Plan Rows": 3, "Plan Width": 4, "Plans": [{"Node Type": "Bitmap Index Scan", "Parent Relationship": "Outer", "Index Name": "company_type_pkey", "Startup Cost": 0.0, "Total Cost": 8.27, "Plan Rows": 3, "Plan Width": 0}]}]}]}]}, "Unique SQL Id": 3145361615}, "explain_analyze_plan": null}, "(64, 4)": {"explain_plan": {"Plan": {"Node Type": "Aggregate", "Strategy": "Plain", "Startup Cost": 515623.68, "Total Cost": 515623.69, "Plan Rows": 1, "Plan Width": 97, "Plans": [{"Node Type": "Hash Join", "Parent Relationship": "Outer", "Join Type": "Inner", "Startup Cost": 405190.17, "Total Cost": 510776.61, "Plan Rows": 969413, "Plan Width": 33, "Inner Unique": true, "Hash Cond": "(mc.company_type_id = ct.id), (LLVM Optimized)", "Plans": [{"Node Type": "Hash Join", "Parent Relationship": "Outer", "Join Type": "Inner", "Startup Cost": 405189.1, "Total Cost": 497446.12, "Plan Rows": 969413, "Plan Width": 37, "Inner Unique": true, "Hash Cond": "(ci.role_id = rt.id), (LLVM Optimized)", "Plans": [{"Node Type": "Hash Join", "Parent Relationship": "Outer", "Join Type": "Inner", "Startup Cost": 405188.67, "Total Cost": 484116.26, "Plan Rows": 969413, "Plan Width": 41, "Inner Unique": false, "Hash Cond": "(mc.movie_id = t.id), (LLVM Optimized)", "Plans": [{"Node Type": "Hash Join", "Parent Relationship": "Outer", "Join Type": "Inner", "Startup Cost": 6968.08, "Total Cost": 71392.69, "Plan Rows": 1282311, "Plan Width": 8, "Inner Unique": true, "Hash Cond": "(mc.company_id = cn.id), (LLVM Optimized)", "Plans": [{"Node Type": "Seq Scan", "Parent Relationship": "Outer", "Relation Name": "movie_companies", "Alias": "mc", "Startup Cost": 0.0, "Total Cost": 41817.28, "Plan Rows": 2609128, "Plan Width": 12}, {"Node Type": "Hash", "Parent Relationship": "Inner", "Startup Cost": 5903.45, "Total Cost": 5903.45, "Plan Rows": 85170, "Plan Width": 4, "Plans": [{"Node Type": "Seq Scan", "Parent Relationship": "Outer", "Relation Name": "company_name", "Alias": "cn", "Startup Cost": 0.0, "Total Cost": 5903.45, "Plan Rows": 85170, "Plan Width": 4, "Filter": "((country_code)::text = '[us]'::text)"}]}]}, {"Node Type": "Hash", "Parent Relationship": "Inner", "Startup Cost": 386291.56, "Total Cost": 386291.56, "Plan Rows": 954323, "Plan Width": 45, "Plans": [{"Node Type": "Streaming(type: LOCAL GATHER dop: 1/64)", "Parent Relationship": "Outer", "Startup Cost": 162901.55, "Total Cost": 386291.56, "Plan Rows": 954323, "Plan Width": 45, "Plans": [{"Node Type": "Hash Join", "Parent Relationship": "Outer", "Join Type": "Inner", "Startup Cost": 162901.55, "Total Cost": 366603.99, "Plan Rows": 954323, "Plan Width": 45, "Inner Unique": true, "Hash Cond": "(ci.person_role_id = chn.id), (LLVM Optimized)", "Plans": [{"Node Type": "Streaming(type: LOCAL REDISTRIBUTE dop: 64/64)", "Parent Relationship": "Outer", "Startup Cost": 129035.53, "Total Cost": 332473.51, "Plan Rows": 1968625, "Plan Width": 33, "Plans": [{"Node Type": "Hash Join", "Parent Relationship": "Outer", "Join Type": "Inner", "Startup Cost": 129035.53, "Total Cost": 267608.7, "Plan Rows": 1968625, "Plan Width": 33, "Inner Unique": true, "Hash Cond": "(ci.movie_id = t.id), (LLVM Optimized)", "Plans": [{"Node Type": "Streaming(type: LOCAL REDISTRIBUTE dop: 64/64)", "Parent Relationship": "Outer", "Startup Cost": 0.0, "Total Cost": 138181.4, "Plan Rows": 1436424, "Plan Width": 12, "Plans": [{"Node Type": "Seq Scan", "Parent Relationship": "Outer", "Relation Name": "cast_info", "Alias": "ci", "Startup Cost": 0.0, "Total Cost": 73820.73, "Plan Rows": 1436424, "Plan Width": 12, "Filter": "((note)::text ~~ '%(producer)%'::text), (LLVM Optimized)"}]}, {"Node Type": "Hash", "Parent Relationship": "Inner", "Startup Cost": 128693.96, "Total Cost": 128693.96, "Plan Rows": 1748840, "Plan Width": 21, "Plans": [{"Node Type": "Streaming(type: LOCAL REDISTRIBUTE dop: 64/64)", "Parent Relationship": "Outer", "Startup Cost": 0.0, "Total Cost": 128693.96, "Plan Rows": 1748840, "Plan Width": 21, "Plans": [{"Node Type": "Seq Scan", "Parent Relationship": "Outer", "Relation Name": "title", "Alias": "t", "Startup Cost": 0.0, "Total Cost": 64037.34, "Plan Rows": 1748840, "Plan Width": 21, "Filter": "(production_year > 1990), (LLVM Optimized)"}]}]}]}]}, {"Node Type": "Hash", "Parent Relationship": "Inner", "Startup Cost": 130029.32, "Total Cost": 130029.32, "Plan Rows": 3140338, "Plan Width": 20, "Plans": [{"Node Type": "Streaming(type: LOCAL REDISTRIBUTE dop: 64/64)", "Parent Relationship": "Outer", "Startup Cost": 0.0, "Total Cost": 130029.32, "Plan Rows": 3140338, "Plan Width": 20, "Plans": [{"Node Type": "Seq Scan", "Parent Relationship": "Outer", "Relation Name": "char_name", "Alias": "chn", "Startup Cost": 0.0, "Total Cost": 64054.58, "Plan Rows": 3140338, "Plan Width": 20}]}]}]}]}]}]}, {"Node Type": "Hash", "Parent Relationship": "Inner", "Startup Cost": 1.12, "Total Cost": 1.12, "Plan Rows": 12, "Plan Width": 4, "Plans": [{"Node Type": "Seq Scan", "Parent Relationship": "Outer", "Relation Name": "role_type", "Alias": "rt", "Startup Cost": 0.0, "Total Cost": 1.12, "Plan Rows": 12, "Plan Width": 4}]}]}, {"Node Type": "Hash", "Parent Relationship": "Inner", "Startup Cost": 1.03, "Total Cost": 1.03, "Plan Rows": 3, "Plan Width": 4, "Plans": [{"Node Type": "Seq Scan", "Parent Relationship": "Outer", "Relation Name": "company_type", "Alias": "ct", "Startup Cost": 0.0, "Total Cost": 1.03, "Plan Rows": 3, "Plan Width": 4}]}]}]}, "Unique SQL Id": 3145361615}, "explain_analyze_plan": {"Plan": {"Node Type": "Aggregate", "Strategy": "Plain", "Startup Cost": 515623.68, "Total Cost": 515623.69, "Plan Rows": 1, "Plan Width": 97, "Actual Min Startup Time": 3512.81, "Actual Max Startup Time": 3512.81, "Actual Min Total Time": 3512.81, "Actual Max Total Time": 3512.81, "Actual Total Rows": 1, "Plans": [{"Node Type": "Hash Join", "Parent Relationship": "Outer", "Join Type": "Inner", "Startup Cost": 405190.17, "Total Cost": 510776.61, "Plan Rows": 969413, "Plan Width": 33, "Actual Min Startup Time": 3150.989, "Actual Max Startup Time": 3150.989, "Actual Min Total Time": 3512.763, "Actual Max Total Time": 3512.763, "Actual Total Rows": 4, "Inner Unique": true, "Hash Cond": "(mc.company_type_id = ct.id), (LLVM Optimized, Jit Execute)", "Plans": [{"Node Type": "Hash Join", "Parent Relationship": "Outer", "Join Type": "Inner", "Startup Cost": 405189.1, "Total Cost": 497446.12, "Plan Rows": 969413, "Plan Width": 37, "Actual Min Startup Time": 2306.919, "Actual Max Startup Time": 2306.919, "Actual Min Total Time": 3512.569, "Actual Max Total Time": 3512.569, "Actual Total Rows": 10, "Inner Unique": true, "Hash Cond": "(ci.role_id = rt.id), (LLVM Optimized, Jit Execute)", "Plans": [{"Node Type": "Hash Join", "Parent Relationship": "Outer", "Join Type": "Inner", "Startup Cost": 405188.67, "Total Cost": 484116.26, "Plan Rows": 969413, "Plan Width": 41, "Actual Min Startup Time": 2306.816, "Actual Max Startup Time": 2306.816, "Actual Min Total Time": 3512.299, "Actual Max Total Time": 3512.299, "Actual Total Rows": 10, "Inner Unique": false, "Hash Cond": "(mc.movie_id = t.id), (LLVM Optimized, Jit Execute)", "Plans": [{"Node Type": "Hash Join", "Parent Relationship": "Outer", "Join Type": "Inner", "Startup Cost": 6968.08, "Total Cost": 71392.69, "Plan Rows": 1282311, "Plan Width": 8, "Actual Min Startup Time": 121.767, "Actual Max Startup Time": 121.767, "Actual Min Total Time": 1517.199, "Actual Max Total Time": 1517.199, "Actual Total Rows": 1153797, "Inner Unique": true, "Hash Cond": "(mc.company_id = cn.id), (LLVM Optimized, Jit Execute)", "Plans": [{"Node Type": "Seq Scan", "Parent Relationship": "Outer", "Relation Name": "movie_companies", "Alias": "mc", "Startup Cost": 0.0, "Total Cost": 41817.28, "Plan Rows": 2609128, "Plan Width": 12, "Actual Min Startup Time": 0.051, "Actual Max Startup Time": 0.051, "Actual Min Total Time": 586.979, "Actual Max Total Time": 586.979, "Actual Total Rows": 2609128}, {"Node Type": "Hash", "Parent Relationship": "Inner", "Startup Cost": 5903.45, "Total Cost": 5903.45, "Plan Rows": 85170, "Plan Width": 4, "Actual Min Startup Time": 121.51, "Actual Max Startup Time": 121.51, "Actual Min Total Time": 121.51, "Actual Max Total Time": 121.51, "Actual Total Rows": 84843, "Max Hash Buckets": 131072, "Min Hash Buckets": 131072, "Max Hash Batches": 1, "Min Hash Batches": 1, "Max Original Hash Batches": 1, "Min Original Hash Batches": 1, "Max Peak Memory Usage": 2983, "min Peak Memory Usage": 2983, "Plans": [{"Node Type": "Seq Scan", "Parent Relationship": "Outer", "Relation Name": "company_name", "Alias": "cn", "Startup Cost": 0.0, "Total Cost": 5903.45, "Plan Rows": 85170, "Plan Width": 4, "Actual Min Startup Time": 0.037, "Actual Max Startup Time": 0.037, "Actual Min Total Time": 93.104, "Actual Max Total Time": 93.104, "Actual Total Rows": 84843, "Filter": "((country_code)::text = '[us]'::text)", "Rows Removed by Filter": 150153}]}]}, {"Node Type": "Hash", "Parent Relationship": "Inner", "Startup Cost": 386291.56, "Total Cost": 386291.56, "Plan Rows": 954323, "Plan Width": 45, "Actual Min Startup Time": 1772.978, "Actual Max Startup Time": 1772.978, "Actual Min Total Time": 1772.978, "Actual Max Total Time": 1772.978, "Actual Total Rows": 12, "Max Hash Buckets": 1048576, "Min Hash Buckets": 1048576, "Max Hash Batches": 1, "Min Hash Batches": 1, "Max Original Hash Batches": 1, "Min Original Hash Batches": 1, "Max Peak Memory Usage": 1, "min Peak Memory Usage": 1, "Plans": [{"Node Type": "Streaming(type: LOCAL GATHER dop: 1/64)", "Parent Relationship": "Outer", "Startup Cost": 162901.55, "Total Cost": 386291.56, "Plan Rows": 954323, "Plan Width": 45, "Actual Min Startup Time": 1770.895, "Actual Max Startup Time": 1770.895, "Actual Min Total Time": 1772.939, "Actual Max Total Time": 1772.939, "Actual Total Rows": 12, "Plans": [{"Node Type": "Hash Join", "Parent Relationship": "Outer", "Join Type": "Inner", "Startup Cost": 162901.55, "Total Cost": 366603.99, "Plan Rows": 954323, "Plan Width": 45, "Actual Min Startup Time": 1051.258, "Actual Max Startup Time": 1368.871, "Actual Min Total Time": 1051.258, "Actual Max Total Time": 1368.871, "Actual Total Rows": 12, "Inner Unique": true, "Hash Cond": "(ci.person_role_id = chn.id), (LLVM Optimized, Jit Execute)", "Plans": [{"Node Type": "Streaming(type: LOCAL REDISTRIBUTE dop: 64/64)", "Parent Relationship": "Outer", "Startup Cost": 129035.53, "Total Cost": 332473.51, "Plan Rows": 1968625, "Plan Width": 33, "Actual Min Startup Time": 0.324, "Actual Max Startup Time": 772.355, "Actual Min Total Time": 652.101, "Actual Max Total Time": 772.355, "Actual Total Rows": 1071330, "Plans": [{"Node Type": "Hash Join", "Parent Relationship": "Outer", "Join Type": "Inner", "Startup Cost": 129035.53, "Total Cost": 267608.7, "Plan Rows": 1968625, "Plan Width": 33, "Actual Min Startup Time": 216.428, "Actual Max Startup Time": 564.106, "Actual Min Total Time": 457.061, "Actual Max Total Time": 893.331, "Actual Total Rows": 1071330, "Inner Unique": true, "Hash Cond": "(ci.movie_id = t.id), (LLVM Optimized, Jit Execute)", "Plans": [{"Node Type": "Streaming(type: LOCAL REDISTRIBUTE dop: 64/64)", "Parent Relationship": "Outer", "Startup Cost": 0.0, "Total Cost": 138181.4, "Plan Rows": 1436424, "Plan Width": 12, "Actual Min Startup Time": 0.224, "Actual Max Startup Time": 65.822, "Actual Min Total Time": 189.689, "Actual Max Total Time": 355.253, "Actual Total Rows": 1435439, "Plans": [{"Node Type": "Seq Scan", "Parent Relationship": "Outer", "Relation Name": "cast_info", "Alias": "ci", "Startup Cost": 0.0, "Total Cost": 73820.73, "Plan Rows": 1436424, "Plan Width": 12, "Actual Min Startup Time": 14.06, "Actual Max Startup Time": 104.928, "Actual Min Total Time": 178.13, "Actual Max Total Time": 267.3, "Actual Total Rows": 1435439, "Filter": "((note)::text ~~ '%(producer)%'::text), (LLVM Optimized, Jit Execute)", "Rows Removed by Filter": 34808904}]}, {"Node Type": "Hash", "Parent Relationship": "Inner", "Startup Cost": 128693.96, "Total Cost": 128693.96, "Plan Rows": 1748840, "Plan Width": 21, "Actual Min Startup Time": 215.79, "Actual Max Startup Time": 563.556, "Actual Min Total Time": 215.79, "Actual Max Total Time": 563.556, "Actual Total Rows": 1749032, "Max Hash Buckets": 32768, "Min Hash Buckets": 32768, "Max Hash Batches": 1, "Min Hash Batches": 1, "Max Original Hash Batches": 1, "Min Original Hash Batches": 1, "Max Peak Memory Usage": 1467, "min Peak Memory Usage": 1467, "Plans": [{"Node Type": "Streaming(type: LOCAL REDISTRIBUTE dop: 64/64)", "Parent Relationship": "Outer", "Startup Cost": 0.0, "Total Cost": 128693.96, "Plan Rows": 1748840, "Plan Width": 21, "Actual Min Startup Time": 0.129, "Actual Max Startup Time": 217.095, "Actual Min Total Time": 175.094, "Actual Max Total Time": 547.198, "Actual Total Rows": 1749032, "Plans": [{"Node Type": "Seq Scan", "Parent Relationship": "Outer", "Relation Name": "title", "Alias": "t", "Startup Cost": 0.0, "Total Cost": 64037.34, "Plan Rows": 1748840, "Plan Width": 21, "Actual Min Startup Time": 0.033, "Actual Max Startup Time": 0.11, "Actual Min Total Time": 17.019, "Actual Max Total Time": 53.031, "Actual Total Rows": 1749032, "Filter": "(production_year > 1990), (LLVM Optimized, Jit Execute)", "Rows Removed by Filter": 779279}]}]}]}]}, {"Node Type": "Hash", "Parent Relationship": "Inner", "Startup Cost": 130029.32, "Total Cost": 130029.32, "Plan Rows": 3140338, "Plan Width": 20, "Actual Min Startup Time": 278.829, "Actual Max Startup Time": 596.445, "Actual Min Total Time": 278.829, "Actual Max Total Time": 596.445, "Actual Total Rows": 3140338, "Max Hash Buckets": 65536, "Min Hash Buckets": 65536, "Max Hash Batches": 1, "Min Hash Batches": 1, "Max Original Hash Batches": 1, "Min Original Hash Batches": 1, "Max Peak Memory Usage": 2583, "min Peak Memory Usage": 2583, "Plans": [{"Node Type": "Streaming(type: LOCAL REDISTRIBUTE dop: 64/64)", "Parent Relationship": "Outer", "Startup Cost": 0.0, "Total Cost": 130029.32, "Plan Rows": 3140338, "Plan Width": 20, "Actual Min Startup Time": 0.123, "Actual Max Startup Time": 61.811, "Actual Min Total Time": 193.575, "Actual Max Total Time": 548.555, "Actual Total Rows": 3140338, "Plans": [{"Node Type": "Seq Scan", "Parent Relationship": "Outer", "Relation Name": "char_name", "Alias": "chn", "Startup Cost": 0.0, "Total Cost": 64054.58, "Plan Rows": 3140338, "Plan Width": 20, "Actual Min Startup Time": 0.02, "Actual Max Startup Time": 0.066, "Actual Min Total Time": 18.533, "Actual Max Total Time": 43.707, "Actual Total Rows": 3140338}]}]}]}]}]}]}, {"Node Type": "Hash", "Parent Relationship": "Inner", "Startup Cost": 1.12, "Total Cost": 1.12, "Plan Rows": 12, "Plan Width": 4, "Actual Min Startup Time": 0.02, "Actual Max Startup Time": 0.02, "Actual Min Total Time": 0.02, "Actual Max Total Time": 0.02, "Actual Total Rows": 12, "Max Hash Buckets": 32768, "Min Hash Buckets": 32768, "Max Hash Batches": 1, "Min Hash Batches": 1, "Max Original Hash Batches": 1, "Min Original Hash Batches": 1, "Max Peak Memory Usage": 1, "min Peak Memory Usage": 1, "Plans": [{"Node Type": "Seq Scan", "Parent Relationship": "Outer", "Relation Name": "role_type", "Alias": "rt", "Startup Cost": 0.0, "Total Cost": 1.12, "Plan Rows": 12, "Plan Width": 4, "Actual Min Startup Time": 0.011, "Actual Max Startup Time": 0.011, "Actual Min Total Time": 0.011, "Actual Max Total Time": 0.011, "Actual Total Rows": 12}]}]}, {"Node Type": "Hash", "Parent Relationship": "Inner", "Startup Cost": 1.03, "Total Cost": 1.03, "Plan Rows": 3, "Plan Width": 4, "Actual Min Startup Time": 0.056, "Actual Max Startup Time": 0.056, "Actual Min Total Time": 0.056, "Actual Max Total Time": 0.056, "Actual Total Rows": 3, "Max Hash Buckets": 32768, "Min Hash Buckets": 32768, "Max Hash Batches": 1, "Min Hash Batches": 1, "Max Original Hash Batches": 1, "Min Original Hash Batches": 1, "Max Peak Memory Usage": 1, "min Peak Memory Usage": 1, "Plans": [{"Node Type": "Seq Scan", "Parent Relationship": "Outer", "Relation Name": "company_type", "Alias": "ct", "Startup Cost": 0.0, "Total Cost": 1.03, "Plan Rows": 3, "Plan Width": 4, "Actual Min Startup Time": 0.027, "Actual Max Startup Time": 0.027, "Actual Min Total Time": 0.03, "Actual Max Total Time": 0.03, "Actual Total Rows": 3}]}]}]}, "Triggers": [], "Planner Runtime": 79.157, "Total Runtime": 3616.873, "Unique SQL Id": 3145361615}}, "(64, 5)": {"explain_plan": {"Plan": {"Node Type": "Aggregate", "Strategy": "Plain", "Startup Cost": 1474765.22, "Total Cost": 1474765.23, "Plan Rows": 1, "Plan Width": 97, "Plans": [{"Node Type": "Hash Join", "Parent Relationship": "Outer", "Join Type": "Inner", "Startup Cost": 389339.73, "Total Cost": 1469918.15, "Plan Rows": 969413, "Plan Width": 33, "Inner Unique": true, "Hash Cond": "(mc.company_type_id = ct.id), (LLVM Optimized)", "Plans": [{"Node Type": "Hash Join", "Parent Relationship": "Outer", "Join Type": "Inner", "Startup Cost": 389327.4, "Total Cost": 1456576.39, "Plan Rows": 969413, "Plan Width": 37, "Inner Unique": false, "Hash Cond": "(ci.movie_id = t.id), (LLVM Optimized)", "Plans": [{"Node Type": "Hash Join", "Parent Relationship": "Outer", "Join Type": "Inner", "Startup Cost": 80687.05, "Total Cost": 1135630.49, "Plan Rows": 696330, "Plan Width": 20, "Inner Unique": true, "Hash Cond": "(ci.role_id = rt.id), (LLVM Optimized)", "Plans": [{"Node Type": "Merge Join", "Parent Relationship": "Outer", "Join Type": "Inner", "Startup Cost": 80674.47, "Total Cost": 1126861.56, "Plan Rows": 696330, "Plan Width": 24, "Inner Unique": false, "Merge Cond": "(chn.id = ci.person_role_id)", "Plans": [{"Node Type": "Index Scan", "Parent Relationship": "Outer", "Scan Direction": "Forward", "Index Name": "char_name_pkey", "Relation Name": "char_name", "Alias": "chn", "Startup Cost": 0.0, "Total Cost": 129875.46, "Plan Rows": 3140338, "Plan Width": 20}, {"Node Type": "Index Scan", "Parent Relationship": "Inner", "Scan Direction": "Forward", "Index Name": "person_role_id_cast_info", "Relation Name": "cast_info", "Alias": "ci", "Startup Cost": 0.0, "Total Cost": 2022508.08, "Plan Rows": 1436424, "Plan Width": 12, "Filter": "((note)::text ~~ '%(producer)%'::text), (LLVM Optimized)"}]}, {"Node Type": "Hash", "Parent Relationship": "Inner", "Startup Cost": 12.43, "Total Cost": 12.43, "Plan Rows": 12, "Plan Width": 4, "Plans": [{"Node Type": "Index Scan", "Parent Relationship": "Outer", "Scan Direction": "Forward", "Index Name": "role_type_pkey", "Relation Name": "role_type", "Alias": "rt", "Startup Cost": 0.0, "Total Cost": 12.43, "Plan Rows": 12, "Plan Width": 4}]}]}, {"Node Type": "Hash", "Parent Relationship": "Inner", "Startup Cost": 286433.79, "Total Cost": 286433.79, "Plan Rows": 1776525, "Plan Width": 29, "Plans": [{"Node Type": "Hash Join", "Parent Relationship": "Outer", "Join Type": "Inner", "Startup Cost": 148070.36, "Total Cost": 286433.79, "Plan Rows": 1776525, "Plan Width": 29, "Inner Unique": true, "Hash Cond": "(mc.movie_id = t.id), (LLVM Optimized)", "Plans": [{"Node Type": "Hash Join", "Parent Relationship": "Outer", "Join Type": "Inner", "Startup Cost": 9768.6, "Total Cost": 125558.11, "Plan Rows": 1282311, "Plan Width": 8, "Inner Unique": true, "Hash Cond": "(mc.company_id = cn.id), (LLVM Optimized)", "Plans": [{"Node Type": "Index Scan", "Parent Relationship": "Outer", "Scan Direction": "Forward", "Index Name": "company_type_id_movie_companies", "Relation Name": "movie_companies", "Alias": "mc", "Startup Cost": 0.0, "Total Cost": 93182.17, "Plan Rows": 2609128, "Plan Width": 12}, {"Node Type": "Hash", "Parent Relationship": "Inner", "Startup Cost": 8703.97, "Total Cost": 8703.97, "Plan Rows": 85170, "Plan Width": 4, "Plans": [{"Node Type": "Bitmap Heap Scan", "Parent Relationship": "Outer", "Relation Name": "company_name", "Alias": "cn", "Startup Cost": 2800.52, "Total Cost": 8703.97, "Plan Rows": 85170, "Plan Width": 4, "Filter": "((country_code)::text = '[us]'::text)", "Plans": [{"Node Type": "Bitmap Index Scan", "Parent Relationship": "Outer", "Index Name": "company_name_pkey", "Startup Cost": 0.0, "Total Cost": 2779.23, "Plan Rows": 234996, "Plan Width": 0}]}]}]}, {"Node Type": "Hash", "Parent Relationship": "Inner", "Startup Cost": 116441.27, "Total Cost": 116441.27, "Plan Rows": 1748840, "Plan Width": 21, "Plans": [{"Node Type": "Index Scan", "Parent Relationship": "Outer", "Scan Direction": "Forward", "Index Name": "title_pkey", "Relation Name": "title", "Alias": "t", "Startup Cost": 0.0, "Total Cost": 116441.27, "Plan Rows": 1748840, "Plan Width": 21, "Filter": "(production_year > 1990), (LLVM Optimized)"}]}]}]}]}, {"Node Type": "Hash", "Parent Relationship": "Inner", "Startup Cost": 12.29, "Total Cost": 12.29, "Plan Rows": 3, "Plan Width": 4, "Plans": [{"Node Type": "Index Scan", "Parent Relationship": "Outer", "Scan Direction": "Forward", "Index Name": "company_type_pkey", "Relation Name": "company_type", "Alias": "ct", "Startup Cost": 0.0, "Total Cost": 12.29, "Plan Rows": 3, "Plan Width": 4}]}]}]}, "Unique SQL Id": 3145361615}, "explain_analyze_plan": null}, "(64, 6)": {"explain_plan": {"Plan": {"Node Type": "Aggregate", "Strategy": "Plain", "Startup Cost": 515623.68, "Total Cost": 515623.69, "Plan Rows": 1, "Plan Width": 97, "Plans": [{"Node Type": "Hash Join", "Parent Relationship": "Outer", "Join Type": "Inner", "Startup Cost": 405190.17, "Total Cost": 510776.61, "Plan Rows": 969413, "Plan Width": 33, "Inner Unique": true, "Hash Cond": "(mc.company_type_id = ct.id), (LLVM Optimized)", "Plans": [{"Node Type": "Hash Join", "Parent Relationship": "Outer", "Join Type": "Inner", "Startup Cost": 405189.1, "Total Cost": 497446.12, "Plan Rows": 969413, "Plan Width": 37, "Inner Unique": true, "Hash Cond": "(ci.role_id = rt.id), (LLVM Optimized)", "Plans": [{"Node Type": "Hash Join", "Parent Relationship": "Outer", "Join Type": "Inner", "Startup Cost": 405188.67, "Total Cost": 484116.26, "Plan Rows": 969413, "Plan Width": 41, "Inner Unique": false, "Hash Cond": "(mc.movie_id = t.id), (LLVM Optimized)", "Plans": [{"Node Type": "Hash Join", "Parent Relationship": "Outer", "Join Type": "Inner", "Startup Cost": 6968.08, "Total Cost": 71392.69, "Plan Rows": 1282311, "Plan Width": 8, "Inner Unique": true, "Hash Cond": "(mc.company_id = cn.id), (LLVM Optimized)", "Plans": [{"Node Type": "Seq Scan", "Parent Relationship": "Outer", "Relation Name": "movie_companies", "Alias": "mc", "Startup Cost": 0.0, "Total Cost": 41817.28, "Plan Rows": 2609128, "Plan Width": 12}, {"Node Type": "Hash", "Parent Relationship": "Inner", "Startup Cost": 5903.45, "Total Cost": 5903.45, "Plan Rows": 85170, "Plan Width": 4, "Plans": [{"Node Type": "Seq Scan", "Parent Relationship": "Outer", "Relation Name": "company_name", "Alias": "cn", "Startup Cost": 0.0, "Total Cost": 5903.45, "Plan Rows": 85170, "Plan Width": 4, "Filter": "((country_code)::text = '[us]'::text)"}]}]}, {"Node Type": "Hash", "Parent Relationship": "Inner", "Startup Cost": 386291.56, "Total Cost": 386291.56, "Plan Rows": 954323, "Plan Width": 45, "Plans": [{"Node Type": "Streaming(type: LOCAL GATHER dop: 1/64)", "Parent Relationship": "Outer", "Startup Cost": 162901.55, "Total Cost": 386291.56, "Plan Rows": 954323, "Plan Width": 45, "Plans": [{"Node Type": "Hash Join", "Parent Relationship": "Outer", "Join Type": "Inner", "Startup Cost": 162901.55, "Total Cost": 366603.99, "Plan Rows": 954323, "Plan Width": 45, "Inner Unique": true, "Hash Cond": "(ci.person_role_id = chn.id), (LLVM Optimized)", "Plans": [{"Node Type": "Streaming(type: LOCAL REDISTRIBUTE dop: 64/64)", "Parent Relationship": "Outer", "Startup Cost": 129035.53, "Total Cost": 332473.51, "Plan Rows": 1968625, "Plan Width": 33, "Plans": [{"Node Type": "Hash Join", "Parent Relationship": "Outer", "Join Type": "Inner", "Startup Cost": 129035.53, "Total Cost": 267608.7, "Plan Rows": 1968625, "Plan Width": 33, "Inner Unique": true, "Hash Cond": "(ci.movie_id = t.id), (LLVM Optimized)", "Plans": [{"Node Type": "Streaming(type: LOCAL REDISTRIBUTE dop: 64/64)", "Parent Relationship": "Outer", "Startup Cost": 0.0, "Total Cost": 138181.4, "Plan Rows": 1436424, "Plan Width": 12, "Plans": [{"Node Type": "Seq Scan", "Parent Relationship": "Outer", "Relation Name": "cast_info", "Alias": "ci", "Startup Cost": 0.0, "Total Cost": 73820.73, "Plan Rows": 1436424, "Plan Width": 12, "Filter": "((note)::text ~~ '%(producer)%'::text), (LLVM Optimized)"}]}, {"Node Type": "Hash", "Parent Relationship": "Inner", "Startup Cost": 128693.96, "Total Cost": 128693.96, "Plan Rows": 1748840, "Plan Width": 21, "Plans": [{"Node Type": "Streaming(type: LOCAL REDISTRIBUTE dop: 64/64)", "Parent Relationship": "Outer", "Startup Cost": 0.0, "Total Cost": 128693.96, "Plan Rows": 1748840, "Plan Width": 21, "Plans": [{"Node Type": "Seq Scan", "Parent Relationship": "Outer", "Relation Name": "title", "Alias": "t", "Startup Cost": 0.0, "Total Cost": 64037.34, "Plan Rows": 1748840, "Plan Width": 21, "Filter": "(production_year > 1990), (LLVM Optimized)"}]}]}]}]}, {"Node Type": "Hash", "Parent Relationship": "Inner", "Startup Cost": 130029.32, "Total Cost": 130029.32, "Plan Rows": 3140338, "Plan Width": 20, "Plans": [{"Node Type": "Streaming(type: LOCAL REDISTRIBUTE dop: 64/64)", "Parent Relationship": "Outer", "Startup Cost": 0.0, "Total Cost": 130029.32, "Plan Rows": 3140338, "Plan Width": 20, "Plans": [{"Node Type": "Seq Scan", "Parent Relationship": "Outer", "Relation Name": "char_name", "Alias": "chn", "Startup Cost": 0.0, "Total Cost": 64054.58, "Plan Rows": 3140338, "Plan Width": 20}]}]}]}]}]}]}, {"Node Type": "Hash", "Parent Relationship": "Inner", "Startup Cost": 1.12, "Total Cost": 1.12, "Plan Rows": 12, "Plan Width": 4, "Plans": [{"Node Type": "Seq Scan", "Parent Relationship": "Outer", "Relation Name": "role_type", "Alias": "rt", "Startup Cost": 0.0, "Total Cost": 1.12, "Plan Rows": 12, "Plan Width": 4}]}]}, {"Node Type": "Hash", "Parent Relationship": "Inner", "Startup Cost": 1.03, "Total Cost": 1.03, "Plan Rows": 3, "Plan Width": 4, "Plans": [{"Node Type": "Seq Scan", "Parent Relationship": "Outer", "Relation Name": "company_type", "Alias": "ct", "Startup Cost": 0.0, "Total Cost": 1.03, "Plan Rows": 3, "Plan Width": 4}]}]}]}, "Unique SQL Id": 3145361615}, "explain_analyze_plan": {"Plan": {"Node Type": "Aggregate", "Strategy": "Plain", "Startup Cost": 515623.68, "Total Cost": 515623.69, "Plan Rows": 1, "Plan Width": 97, "Actual Min Startup Time": 3512.81, "Actual Max Startup Time": 3512.81, "Actual Min Total Time": 3512.81, "Actual Max Total Time": 3512.81, "Actual Total Rows": 1, "Plans": [{"Node Type": "Hash Join", "Parent Relationship": "Outer", "Join Type": "Inner", "Startup Cost": 405190.17, "Total Cost": 510776.61, "Plan Rows": 969413, "Plan Width": 33, "Actual Min Startup Time": 3150.989, "Actual Max Startup Time": 3150.989, "Actual Min Total Time": 3512.763, "Actual Max Total Time": 3512.763, "Actual Total Rows": 4, "Inner Unique": true, "Hash Cond": "(mc.company_type_id = ct.id), (LLVM Optimized, Jit Execute)", "Plans": [{"Node Type": "Hash Join", "Parent Relationship": "Outer", "Join Type": "Inner", "Startup Cost": 405189.1, "Total Cost": 497446.12, "Plan Rows": 969413, "Plan Width": 37, "Actual Min Startup Time": 2306.919, "Actual Max Startup Time": 2306.919, "Actual Min Total Time": 3512.569, "Actual Max Total Time": 3512.569, "Actual Total Rows": 10, "Inner Unique": true, "Hash Cond": "(ci.role_id = rt.id), (LLVM Optimized, Jit Execute)", "Plans": [{"Node Type": "Hash Join", "Parent Relationship": "Outer", "Join Type": "Inner", "Startup Cost": 405188.67, "Total Cost": 484116.26, "Plan Rows": 969413, "Plan Width": 41, "Actual Min Startup Time": 2306.816, "Actual Max Startup Time": 2306.816, "Actual Min Total Time": 3512.299, "Actual Max Total Time": 3512.299, "Actual Total Rows": 10, "Inner Unique": false, "Hash Cond": "(mc.movie_id = t.id), (LLVM Optimized, Jit Execute)", "Plans": [{"Node Type": "Hash Join", "Parent Relationship": "Outer", "Join Type": "Inner", "Startup Cost": 6968.08, "Total Cost": 71392.69, "Plan Rows": 1282311, "Plan Width": 8, "Actual Min Startup Time": 121.767, "Actual Max Startup Time": 121.767, "Actual Min Total Time": 1517.199, "Actual Max Total Time": 1517.199, "Actual Total Rows": 1153797, "Inner Unique": true, "Hash Cond": "(mc.company_id = cn.id), (LLVM Optimized, Jit Execute)", "Plans": [{"Node Type": "Seq Scan", "Parent Relationship": "Outer", "Relation Name": "movie_companies", "Alias": "mc", "Startup Cost": 0.0, "Total Cost": 41817.28, "Plan Rows": 2609128, "Plan Width": 12, "Actual Min Startup Time": 0.051, "Actual Max Startup Time": 0.051, "Actual Min Total Time": 586.979, "Actual Max Total Time": 586.979, "Actual Total Rows": 2609128}, {"Node Type": "Hash", "Parent Relationship": "Inner", "Startup Cost": 5903.45, "Total Cost": 5903.45, "Plan Rows": 85170, "Plan Width": 4, "Actual Min Startup Time": 121.51, "Actual Max Startup Time": 121.51, "Actual Min Total Time": 121.51, "Actual Max Total Time": 121.51, "Actual Total Rows": 84843, "Max Hash Buckets": 131072, "Min Hash Buckets": 131072, "Max Hash Batches": 1, "Min Hash Batches": 1, "Max Original Hash Batches": 1, "Min Original Hash Batches": 1, "Max Peak Memory Usage": 2983, "min Peak Memory Usage": 2983, "Plans": [{"Node Type": "Seq Scan", "Parent Relationship": "Outer", "Relation Name": "company_name", "Alias": "cn", "Startup Cost": 0.0, "Total Cost": 5903.45, "Plan Rows": 85170, "Plan Width": 4, "Actual Min Startup Time": 0.037, "Actual Max Startup Time": 0.037, "Actual Min Total Time": 93.104, "Actual Max Total Time": 93.104, "Actual Total Rows": 84843, "Filter": "((country_code)::text = '[us]'::text)", "Rows Removed by Filter": 150153}]}]}, {"Node Type": "Hash", "Parent Relationship": "Inner", "Startup Cost": 386291.56, "Total Cost": 386291.56, "Plan Rows": 954323, "Plan Width": 45, "Actual Min Startup Time": 1772.978, "Actual Max Startup Time": 1772.978, "Actual Min Total Time": 1772.978, "Actual Max Total Time": 1772.978, "Actual Total Rows": 12, "Max Hash Buckets": 1048576, "Min Hash Buckets": 1048576, "Max Hash Batches": 1, "Min Hash Batches": 1, "Max Original Hash Batches": 1, "Min Original Hash Batches": 1, "Max Peak Memory Usage": 1, "min Peak Memory Usage": 1, "Plans": [{"Node Type": "Streaming(type: LOCAL GATHER dop: 1/64)", "Parent Relationship": "Outer", "Startup Cost": 162901.55, "Total Cost": 386291.56, "Plan Rows": 954323, "Plan Width": 45, "Actual Min Startup Time": 1770.895, "Actual Max Startup Time": 1770.895, "Actual Min Total Time": 1772.939, "Actual Max Total Time": 1772.939, "Actual Total Rows": 12, "Plans": [{"Node Type": "Hash Join", "Parent Relationship": "Outer", "Join Type": "Inner", "Startup Cost": 162901.55, "Total Cost": 366603.99, "Plan Rows": 954323, "Plan Width": 45, "Actual Min Startup Time": 1051.258, "Actual Max Startup Time": 1368.871, "Actual Min Total Time": 1051.258, "Actual Max Total Time": 1368.871, "Actual Total Rows": 12, "Inner Unique": true, "Hash Cond": "(ci.person_role_id = chn.id), (LLVM Optimized, Jit Execute)", "Plans": [{"Node Type": "Streaming(type: LOCAL REDISTRIBUTE dop: 64/64)", "Parent Relationship": "Outer", "Startup Cost": 129035.53, "Total Cost": 332473.51, "Plan Rows": 1968625, "Plan Width": 33, "Actual Min Startup Time": 0.324, "Actual Max Startup Time": 772.355, "Actual Min Total Time": 652.101, "Actual Max Total Time": 772.355, "Actual Total Rows": 1071330, "Plans": [{"Node Type": "Hash Join", "Parent Relationship": "Outer", "Join Type": "Inner", "Startup Cost": 129035.53, "Total Cost": 267608.7, "Plan Rows": 1968625, "Plan Width": 33, "Actual Min Startup Time": 216.428, "Actual Max Startup Time": 564.106, "Actual Min Total Time": 457.061, "Actual Max Total Time": 893.331, "Actual Total Rows": 1071330, "Inner Unique": true, "Hash Cond": "(ci.movie_id = t.id), (LLVM Optimized, Jit Execute)", "Plans": [{"Node Type": "Streaming(type: LOCAL REDISTRIBUTE dop: 64/64)", "Parent Relationship": "Outer", "Startup Cost": 0.0, "Total Cost": 138181.4, "Plan Rows": 1436424, "Plan Width": 12, "Actual Min Startup Time": 0.224, "Actual Max Startup Time": 65.822, "Actual Min Total Time": 189.689, "Actual Max Total Time": 355.253, "Actual Total Rows": 1435439, "Plans": [{"Node Type": "Seq Scan", "Parent Relationship": "Outer", "Relation Name": "cast_info", "Alias": "ci", "Startup Cost": 0.0, "Total Cost": 73820.73, "Plan Rows": 1436424, "Plan Width": 12, "Actual Min Startup Time": 14.06, "Actual Max Startup Time": 104.928, "Actual Min Total Time": 178.13, "Actual Max Total Time": 267.3, "Actual Total Rows": 1435439, "Filter": "((note)::text ~~ '%(producer)%'::text), (LLVM Optimized, Jit Execute)", "Rows Removed by Filter": 34808904}]}, {"Node Type": "Hash", "Parent Relationship": "Inner", "Startup Cost": 128693.96, "Total Cost": 128693.96, "Plan Rows": 1748840, "Plan Width": 21, "Actual Min Startup Time": 215.79, "Actual Max Startup Time": 563.556, "Actual Min Total Time": 215.79, "Actual Max Total Time": 563.556, "Actual Total Rows": 1749032, "Max Hash Buckets": 32768, "Min Hash Buckets": 32768, "Max Hash Batches": 1, "Min Hash Batches": 1, "Max Original Hash Batches": 1, "Min Original Hash Batches": 1, "Max Peak Memory Usage": 1467, "min Peak Memory Usage": 1467, "Plans": [{"Node Type": "Streaming(type: LOCAL REDISTRIBUTE dop: 64/64)", "Parent Relationship": "Outer", "Startup Cost": 0.0, "Total Cost": 128693.96, "Plan Rows": 1748840, "Plan Width": 21, "Actual Min Startup Time": 0.129, "Actual Max Startup Time": 217.095, "Actual Min Total Time": 175.094, "Actual Max Total Time": 547.198, "Actual Total Rows": 1749032, "Plans": [{"Node Type": "Seq Scan", "Parent Relationship": "Outer", "Relation Name": "title", "Alias": "t", "Startup Cost": 0.0, "Total Cost": 64037.34, "Plan Rows": 1748840, "Plan Width": 21, "Actual Min Startup Time": 0.033, "Actual Max Startup Time": 0.11, "Actual Min Total Time": 17.019, "Actual Max Total Time": 53.031, "Actual Total Rows": 1749032, "Filter": "(production_year > 1990), (LLVM Optimized, Jit Execute)", "Rows Removed by Filter": 779279}]}]}]}]}, {"Node Type": "Hash", "Parent Relationship": "Inner", "Startup Cost": 130029.32, "Total Cost": 130029.32, "Plan Rows": 3140338, "Plan Width": 20, "Actual Min Startup Time": 278.829, "Actual Max Startup Time": 596.445, "Actual Min Total Time": 278.829, "Actual Max Total Time": 596.445, "Actual Total Rows": 3140338, "Max Hash Buckets": 65536, "Min Hash Buckets": 65536, "Max Hash Batches": 1, "Min Hash Batches": 1, "Max Original Hash Batches": 1, "Min Original Hash Batches": 1, "Max Peak Memory Usage": 2583, "min Peak Memory Usage": 2583, "Plans": [{"Node Type": "Streaming(type: LOCAL REDISTRIBUTE dop: 64/64)", "Parent Relationship": "Outer", "Startup Cost": 0.0, "Total Cost": 130029.32, "Plan Rows": 3140338, "Plan Width": 20, "Actual Min Startup Time": 0.123, "Actual Max Startup Time": 61.811, "Actual Min Total Time": 193.575, "Actual Max Total Time": 548.555, "Actual Total Rows": 3140338, "Plans": [{"Node Type": "Seq Scan", "Parent Relationship": "Outer", "Relation Name": "char_name", "Alias": "chn", "Startup Cost": 0.0, "Total Cost": 64054.58, "Plan Rows": 3140338, "Plan Width": 20, "Actual Min Startup Time": 0.02, "Actual Max Startup Time": 0.066, "Actual Min Total Time": 18.533, "Actual Max Total Time": 43.707, "Actual Total Rows": 3140338}]}]}]}]}]}]}, {"Node Type": "Hash", "Parent Relationship": "Inner", "Startup Cost": 1.12, "Total Cost": 1.12, "Plan Rows": 12, "Plan Width": 4, "Actual Min Startup Time": 0.02, "Actual Max Startup Time": 0.02, "Actual Min Total Time": 0.02, "Actual Max Total Time": 0.02, "Actual Total Rows": 12, "Max Hash Buckets": 32768, "Min Hash Buckets": 32768, "Max Hash Batches": 1, "Min Hash Batches": 1, "Max Original Hash Batches": 1, "Min Original Hash Batches": 1, "Max Peak Memory Usage": 1, "min Peak Memory Usage": 1, "Plans": [{"Node Type": "Seq Scan", "Parent Relationship": "Outer", "Relation Name": "role_type", "Alias": "rt", "Startup Cost": 0.0, "Total Cost": 1.12, "Plan Rows": 12, "Plan Width": 4, "Actual Min Startup Time": 0.011, "Actual Max Startup Time": 0.011, "Actual Min Total Time": 0.011, "Actual Max Total Time": 0.011, "Actual Total Rows": 12}]}]}, {"Node Type": "Hash", "Parent Relationship": "Inner", "Startup Cost": 1.03, "Total Cost": 1.03, "Plan Rows": 3, "Plan Width": 4, "Actual Min Startup Time": 0.056, "Actual Max Startup Time": 0.056, "Actual Min Total Time": 0.056, "Actual Max Total Time": 0.056, "Actual Total Rows": 3, "Max Hash Buckets": 32768, "Min Hash Buckets": 32768, "Max Hash Batches": 1, "Min Hash Batches": 1, "Max Original Hash Batches": 1, "Min Original Hash Batches": 1, "Max Peak Memory Usage": 1, "min Peak Memory Usage": 1, "Plans": [{"Node Type": "Seq Scan", "Parent Relationship": "Outer", "Relation Name": "company_type", "Alias": "ct", "Startup Cost": 0.0, "Total Cost": 1.03, "Plan Rows": 3, "Plan Width": 4, "Actual Min Startup Time": 0.027, "Actual Max Startup Time": 0.027, "Actual Min Total Time": 0.03, "Actual Max Total Time": 0.03, "Actual Total Rows": 3}]}]}]}, "Triggers": [], "Planner Runtime": 79.157, "Total Runtime": 3616.873, "Unique SQL Id": 3145361615}}, "(64, 7)": {"explain_plan": {"Plan": {"Node Type": "Aggregate", "Strategy": "Plain", "Startup Cost": 1963906.79, "Total Cost": 1963906.8, "Plan Rows": 1, "Plan Width": 97, "Plans": [{"Node Type": "Hash Join", "Parent Relationship": "Outer", "Join Type": "Inner", "Startup Cost": 1218973.64, "Total Cost": 1959059.72, "Plan Rows": 969413, "Plan Width": 33, "Inner Unique": true, "Hash Cond": "(mc.company_type_id = ct.id), (LLVM Optimized)", "Plans": [{"Node Type": "Hash Join", "Parent Relationship": "Outer", "Join Type": "Inner", "Startup Cost": 1218961.31, "Total Cost": 1945717.96, "Plan Rows": 969413, "Plan Width": 37, "Inner Unique": false, "Hash Cond": "(ci.movie_id = t.id), (LLVM Optimized)", "Plans": [{"Node Type": "Hash Join", "Parent Relationship": "Outer", "Join Type": "Inner", "Startup Cost": 909656.04, "Total Cost": 1624107.14, "Plan Rows": 696330, "Plan Width": 20, "Inner Unique": true, "Hash Cond": "(ci.role_id = rt.id), (LLVM Optimized)", "Plans": [{"Node Type": "Hash Join", "Parent Relationship": "Outer", "Join Type": "Inner", "Startup Cost": 909643.46, "Total Cost": 1614520.02, "Plan Rows": 696330, "Plan Width": 24, "Inner Unique": true, "Hash Cond": "(ci.person_role_id = chn.id), (LLVM Optimized)", "Plans": [{"Node Type": "Bitmap Heap Scan", "Parent Relationship": "Outer", "Relation Name": "cast_info", "Alias": "ci", "Startup Cost": 739944.83, "Total Cost": 1432471.5, "Plan Rows": 1436424, "Plan Width": 12, "Filter": "((note)::text ~~ '%(producer)%'::text), (LLVM Optimized)", "Plans": [{"Node Type": "Bitmap Index Scan", "Parent Relationship": "Outer", "Index Name": "person_role_id_cast_info", "Startup Cost": 0.0, "Total Cost": 739585.72, "Plan Rows": 36259494, "Plan Width": 0}]}, {"Node Type": "Hash", "Parent Relationship": "Inner", "Startup Cost": 130444.4, "Total Cost": 130444.4, "Plan Rows": 3140338, "Plan Width": 20, "Plans": [{"Node Type": "Bitmap Heap Scan", "Parent Relationship": "Outer", "Relation Name": "char_name", "Alias": "chn", "Startup Cost": 62951.02, "Total Cost": 130444.4, "Plan Rows": 3140338, "Plan Width": 20, "Plans": [{"Node Type": "Bitmap Index Scan", "Parent Relationship": "Outer", "Index Name": "char_name_pkey", "Startup Cost": 0.0, "Total Cost": 62165.94, "Plan Rows": 3140338, "Plan Width": 0}]}]}]}, {"Node Type": "Hash", "Parent Relationship": "Inner", "Startup Cost": 12.43, "Total Cost": 12.43, "Plan Rows": 12, "Plan Width": 4, "Plans": [{"Node Type": "Bitmap Heap Scan", "Parent Relationship": "Outer", "Relation Name": "role_type", "Alias": "rt", "Startup Cost": 8.31, "Total Cost": 12.43, "Plan Rows": 12, "Plan Width": 4, "Plans": [{"Node Type": "Bitmap Index Scan", "Parent Relationship": "Outer", "Index Name": "role_type_pkey", "Startup Cost": 0.0, "Total Cost": 8.31, "Plan Rows": 12, "Plan Width": 0}]}]}]}, {"Node Type": "Hash", "Parent Relationship": "Inner", "Startup Cost": 287098.71, "Total Cost": 287098.71, "Plan Rows": 1776525, "Plan Width": 29, "Plans": [{"Node Type": "Hash Join", "Parent Relationship": "Outer", "Join Type": "Inner", "Startup Cost": 200100.17, "Total Cost": 287098.71, "Plan Rows": 1776525, "Plan Width": 29, "Inner Unique": true, "Hash Cond": "(mc.movie_id = t.id), (LLVM Optimized)", "Plans": [{"Node Type": "Hash Join", "Parent Relationship": "Outer", "Join Type": "Inner", "Startup Cost": 61758.77, "Total Cost": 126183.39, "Plan Rows": 1282311, "Plan Width": 8, "Inner Unique": true, "Hash Cond": "(mc.company_id = cn.id), (LLVM Optimized)", "Plans": [{"Node Type": "Bitmap Heap Scan", "Parent Relationship": "Outer", "Relation Name": "movie_companies", "Alias": "mc", "Startup Cost": 51990.17, "Total Cost": 93807.45, "Plan Rows": 2609128, "Plan Width": 12, "Plans": [{"Node Type": "Bitmap Index Scan", "Parent Relationship": "Outer", "Index Name": "movie_id_movie_companies", "Startup Cost": 0.0, "Total Cost": 51337.89, "Plan Rows": 2609128, "Plan Width": 0}]}, {"Node Type": "Hash", "Parent Relationship": "Inner", "Startup Cost": 8703.97, "Total Cost": 8703.97, "Plan Rows": 85170, "Plan Width": 4, "Plans": [{"Node Type": "Bitmap Heap Scan", "Parent Relationship": "Outer", "Relation Name": "company_name", "Alias": "cn", "Startup Cost": 2800.52, "Total Cost": 8703.97, "Plan Rows": 85170, "Plan Width": 4, "Filter": "((country_code)::text = '[us]'::text)", "Plans": [{"Node Type": "Bitmap Index Scan", "Parent Relationship": "Outer", "Index Name": "company_name_pkey", "Startup Cost": 0.0, "Total Cost": 2779.23, "Plan Rows": 234996, "Plan Width": 0}]}]}]}, {"Node Type": "Hash", "Parent Relationship": "Inner", "Startup Cost": 116480.9, "Total Cost": 116480.9, "Plan Rows": 1748840, "Plan Width": 21, "Plans": [{"Node Type": "Bitmap Heap Scan", "Parent Relationship": "Outer", "Relation Name": "title", "Alias": "t", "Startup Cost": 50091.01, "Total Cost": 116480.9, "Plan Rows": 1748840, "Plan Width": 21, "Filter": "(production_year > 1990), (LLVM Optimized)", "Plans": [{"Node Type": "Bitmap Index Scan", "Parent Relationship": "Outer", "Index Name": "title_pkey", "Startup Cost": 0.0, "Total Cost": 49653.81, "Plan Rows": 2528311, "Plan Width": 0}]}]}]}]}]}, {"Node Type": "Hash", "Parent Relationship": "Inner", "Startup Cost": 12.3, "Total Cost": 12.3, "Plan Rows": 3, "Plan Width": 4, "Plans": [{"Node Type": "Bitmap Heap Scan", "Parent Relationship": "Outer", "Relation Name": "company_type", "Alias": "ct", "Startup Cost": 8.27, "Total Cost": 12.3, "Plan Rows": 3, "Plan Width": 4, "Plans": [{"Node Type": "Bitmap Index Scan", "Parent Relationship": "Outer", "Index Name": "company_type_pkey", "Startup Cost": 0.0, "Total Cost": 8.27, "Plan Rows": 3, "Plan Width": 0}]}]}]}]}, "Unique SQL Id": 3145361615}, "explain_analyze_plan": null}, "(64, 8)": {"explain_plan": {"Plan": {"Node Type": "Aggregate", "Strategy": "Plain", "Startup Cost": 515623.68, "Total Cost": 515623.69, "Plan Rows": 1, "Plan Width": 97, "Plans": [{"Node Type": "Hash Join", "Parent Relationship": "Outer", "Join Type": "Inner", "Startup Cost": 405190.17, "Total Cost": 510776.61, "Plan Rows": 969413, "Plan Width": 33, "Inner Unique": true, "Hash Cond": "(mc.company_type_id = ct.id), (LLVM Optimized)", "Plans": [{"Node Type": "Hash Join", "Parent Relationship": "Outer", "Join Type": "Inner", "Startup Cost": 405189.1, "Total Cost": 497446.12, "Plan Rows": 969413, "Plan Width": 37, "Inner Unique": true, "Hash Cond": "(ci.role_id = rt.id), (LLVM Optimized)", "Plans": [{"Node Type": "Hash Join", "Parent Relationship": "Outer", "Join Type": "Inner", "Startup Cost": 405188.67, "Total Cost": 484116.26, "Plan Rows": 969413, "Plan Width": 41, "Inner Unique": false, "Hash Cond": "(mc.movie_id = t.id), (LLVM Optimized)", "Plans": [{"Node Type": "Hash Join", "Parent Relationship": "Outer", "Join Type": "Inner", "Startup Cost": 6968.08, "Total Cost": 71392.69, "Plan Rows": 1282311, "Plan Width": 8, "Inner Unique": true, "Hash Cond": "(mc.company_id = cn.id), (LLVM Optimized)", "Plans": [{"Node Type": "Seq Scan", "Parent Relationship": "Outer", "Relation Name": "movie_companies", "Alias": "mc", "Startup Cost": 0.0, "Total Cost": 41817.28, "Plan Rows": 2609128, "Plan Width": 12}, {"Node Type": "Hash", "Parent Relationship": "Inner", "Startup Cost": 5903.45, "Total Cost": 5903.45, "Plan Rows": 85170, "Plan Width": 4, "Plans": [{"Node Type": "Seq Scan", "Parent Relationship": "Outer", "Relation Name": "company_name", "Alias": "cn", "Startup Cost": 0.0, "Total Cost": 5903.45, "Plan Rows": 85170, "Plan Width": 4, "Filter": "((country_code)::text = '[us]'::text)"}]}]}, {"Node Type": "Hash", "Parent Relationship": "Inner", "Startup Cost": 386291.56, "Total Cost": 386291.56, "Plan Rows": 954323, "Plan Width": 45, "Plans": [{"Node Type": "Streaming(type: LOCAL GATHER dop: 1/64)", "Parent Relationship": "Outer", "Startup Cost": 162901.55, "Total Cost": 386291.56, "Plan Rows": 954323, "Plan Width": 45, "Plans": [{"Node Type": "Hash Join", "Parent Relationship": "Outer", "Join Type": "Inner", "Startup Cost": 162901.55, "Total Cost": 366603.99, "Plan Rows": 954323, "Plan Width": 45, "Inner Unique": true, "Hash Cond": "(ci.person_role_id = chn.id), (LLVM Optimized)", "Plans": [{"Node Type": "Streaming(type: LOCAL REDISTRIBUTE dop: 64/64)", "Parent Relationship": "Outer", "Startup Cost": 129035.53, "Total Cost": 332473.51, "Plan Rows": 1968625, "Plan Width": 33, "Plans": [{"Node Type": "Hash Join", "Parent Relationship": "Outer", "Join Type": "Inner", "Startup Cost": 129035.53, "Total Cost": 267608.7, "Plan Rows": 1968625, "Plan Width": 33, "Inner Unique": true, "Hash Cond": "(ci.movie_id = t.id), (LLVM Optimized)", "Plans": [{"Node Type": "Streaming(type: LOCAL REDISTRIBUTE dop: 64/64)", "Parent Relationship": "Outer", "Startup Cost": 0.0, "Total Cost": 138181.4, "Plan Rows": 1436424, "Plan Width": 12, "Plans": [{"Node Type": "Seq Scan", "Parent Relationship": "Outer", "Relation Name": "cast_info", "Alias": "ci", "Startup Cost": 0.0, "Total Cost": 73820.73, "Plan Rows": 1436424, "Plan Width": 12, "Filter": "((note)::text ~~ '%(producer)%'::text), (LLVM Optimized)"}]}, {"Node Type": "Hash", "Parent Relationship": "Inner", "Startup Cost": 128693.96, "Total Cost": 128693.96, "Plan Rows": 1748840, "Plan Width": 21, "Plans": [{"Node Type": "Streaming(type: LOCAL REDISTRIBUTE dop: 64/64)", "Parent Relationship": "Outer", "Startup Cost": 0.0, "Total Cost": 128693.96, "Plan Rows": 1748840, "Plan Width": 21, "Plans": [{"Node Type": "Seq Scan", "Parent Relationship": "Outer", "Relation Name": "title", "Alias": "t", "Startup Cost": 0.0, "Total Cost": 64037.34, "Plan Rows": 1748840, "Plan Width": 21, "Filter": "(production_year > 1990), (LLVM Optimized)"}]}]}]}]}, {"Node Type": "Hash", "Parent Relationship": "Inner", "Startup Cost": 130029.32, "Total Cost": 130029.32, "Plan Rows": 3140338, "Plan Width": 20, "Plans": [{"Node Type": "Streaming(type: LOCAL REDISTRIBUTE dop: 64/64)", "Parent Relationship": "Outer", "Startup Cost": 0.0, "Total Cost": 130029.32, "Plan Rows": 3140338, "Plan Width": 20, "Plans": [{"Node Type": "Seq Scan", "Parent Relationship": "Outer", "Relation Name": "char_name", "Alias": "chn", "Startup Cost": 0.0, "Total Cost": 64054.58, "Plan Rows": 3140338, "Plan Width": 20}]}]}]}]}]}]}, {"Node Type": "Hash", "Parent Relationship": "Inner", "Startup Cost": 1.12, "Total Cost": 1.12, "Plan Rows": 12, "Plan Width": 4, "Plans": [{"Node Type": "Seq Scan", "Parent Relationship": "Outer", "Relation Name": "role_type", "Alias": "rt", "Startup Cost": 0.0, "Total Cost": 1.12, "Plan Rows": 12, "Plan Width": 4}]}]}, {"Node Type": "Hash", "Parent Relationship": "Inner", "Startup Cost": 1.03, "Total Cost": 1.03, "Plan Rows": 3, "Plan Width": 4, "Plans": [{"Node Type": "Seq Scan", "Parent Relationship": "Outer", "Relation Name": "company_type", "Alias": "ct", "Startup Cost": 0.0, "Total Cost": 1.03, "Plan Rows": 3, "Plan Width": 4}]}]}]}, "Unique SQL Id": 3145361615}, "explain_analyze_plan": {"Plan": {"Node Type": "Aggregate", "Strategy": "Plain", "Startup Cost": 515623.68, "Total Cost": 515623.69, "Plan Rows": 1, "Plan Width": 97, "Actual Min Startup Time": 3512.81, "Actual Max Startup Time": 3512.81, "Actual Min Total Time": 3512.81, "Actual Max Total Time": 3512.81, "Actual Total Rows": 1, "Plans": [{"Node Type": "Hash Join", "Parent Relationship": "Outer", "Join Type": "Inner", "Startup Cost": 405190.17, "Total Cost": 510776.61, "Plan Rows": 969413, "Plan Width": 33, "Actual Min Startup Time": 3150.989, "Actual Max Startup Time": 3150.989, "Actual Min Total Time": 3512.763, "Actual Max Total Time": 3512.763, "Actual Total Rows": 4, "Inner Unique": true, "Hash Cond": "(mc.company_type_id = ct.id), (LLVM Optimized, Jit Execute)", "Plans": [{"Node Type": "Hash Join", "Parent Relationship": "Outer", "Join Type": "Inner", "Startup Cost": 405189.1, "Total Cost": 497446.12, "Plan Rows": 969413, "Plan Width": 37, "Actual Min Startup Time": 2306.919, "Actual Max Startup Time": 2306.919, "Actual Min Total Time": 3512.569, "Actual Max Total Time": 3512.569, "Actual Total Rows": 10, "Inner Unique": true, "Hash Cond": "(ci.role_id = rt.id), (LLVM Optimized, Jit Execute)", "Plans": [{"Node Type": "Hash Join", "Parent Relationship": "Outer", "Join Type": "Inner", "Startup Cost": 405188.67, "Total Cost": 484116.26, "Plan Rows": 969413, "Plan Width": 41, "Actual Min Startup Time": 2306.816, "Actual Max Startup Time": 2306.816, "Actual Min Total Time": 3512.299, "Actual Max Total Time": 3512.299, "Actual Total Rows": 10, "Inner Unique": false, "Hash Cond": "(mc.movie_id = t.id), (LLVM Optimized, Jit Execute)", "Plans": [{"Node Type": "Hash Join", "Parent Relationship": "Outer", "Join Type": "Inner", "Startup Cost": 6968.08, "Total Cost": 71392.69, "Plan Rows": 1282311, "Plan Width": 8, "Actual Min Startup Time": 121.767, "Actual Max Startup Time": 121.767, "Actual Min Total Time": 1517.199, "Actual Max Total Time": 1517.199, "Actual Total Rows": 1153797, "Inner Unique": true, "Hash Cond": "(mc.company_id = cn.id), (LLVM Optimized, Jit Execute)", "Plans": [{"Node Type": "Seq Scan", "Parent Relationship": "Outer", "Relation Name": "movie_companies", "Alias": "mc", "Startup Cost": 0.0, "Total Cost": 41817.28, "Plan Rows": 2609128, "Plan Width": 12, "Actual Min Startup Time": 0.051, "Actual Max Startup Time": 0.051, "Actual Min Total Time": 586.979, "Actual Max Total Time": 586.979, "Actual Total Rows": 2609128}, {"Node Type": "Hash", "Parent Relationship": "Inner", "Startup Cost": 5903.45, "Total Cost": 5903.45, "Plan Rows": 85170, "Plan Width": 4, "Actual Min Startup Time": 121.51, "Actual Max Startup Time": 121.51, "Actual Min Total Time": 121.51, "Actual Max Total Time": 121.51, "Actual Total Rows": 84843, "Max Hash Buckets": 131072, "Min Hash Buckets": 131072, "Max Hash Batches": 1, "Min Hash Batches": 1, "Max Original Hash Batches": 1, "Min Original Hash Batches": 1, "Max Peak Memory Usage": 2983, "min Peak Memory Usage": 2983, "Plans": [{"Node Type": "Seq Scan", "Parent Relationship": "Outer", "Relation Name": "company_name", "Alias": "cn", "Startup Cost": 0.0, "Total Cost": 5903.45, "Plan Rows": 85170, "Plan Width": 4, "Actual Min Startup Time": 0.037, "Actual Max Startup Time": 0.037, "Actual Min Total Time": 93.104, "Actual Max Total Time": 93.104, "Actual Total Rows": 84843, "Filter": "((country_code)::text = '[us]'::text)", "Rows Removed by Filter": 150153}]}]}, {"Node Type": "Hash", "Parent Relationship": "Inner", "Startup Cost": 386291.56, "Total Cost": 386291.56, "Plan Rows": 954323, "Plan Width": 45, "Actual Min Startup Time": 1772.978, "Actual Max Startup Time": 1772.978, "Actual Min Total Time": 1772.978, "Actual Max Total Time": 1772.978, "Actual Total Rows": 12, "Max Hash Buckets": 1048576, "Min Hash Buckets": 1048576, "Max Hash Batches": 1, "Min Hash Batches": 1, "Max Original Hash Batches": 1, "Min Original Hash Batches": 1, "Max Peak Memory Usage": 1, "min Peak Memory Usage": 1, "Plans": [{"Node Type": "Streaming(type: LOCAL GATHER dop: 1/64)", "Parent Relationship": "Outer", "Startup Cost": 162901.55, "Total Cost": 386291.56, "Plan Rows": 954323, "Plan Width": 45, "Actual Min Startup Time": 1770.895, "Actual Max Startup Time": 1770.895, "Actual Min Total Time": 1772.939, "Actual Max Total Time": 1772.939, "Actual Total Rows": 12, "Plans": [{"Node Type": "Hash Join", "Parent Relationship": "Outer", "Join Type": "Inner", "Startup Cost": 162901.55, "Total Cost": 366603.99, "Plan Rows": 954323, "Plan Width": 45, "Actual Min Startup Time": 1051.258, "Actual Max Startup Time": 1368.871, "Actual Min Total Time": 1051.258, "Actual Max Total Time": 1368.871, "Actual Total Rows": 12, "Inner Unique": true, "Hash Cond": "(ci.person_role_id = chn.id), (LLVM Optimized, Jit Execute)", "Plans": [{"Node Type": "Streaming(type: LOCAL REDISTRIBUTE dop: 64/64)", "Parent Relationship": "Outer", "Startup Cost": 129035.53, "Total Cost": 332473.51, "Plan Rows": 1968625, "Plan Width": 33, "Actual Min Startup Time": 0.324, "Actual Max Startup Time": 772.355, "Actual Min Total Time": 652.101, "Actual Max Total Time": 772.355, "Actual Total Rows": 1071330, "Plans": [{"Node Type": "Hash Join", "Parent Relationship": "Outer", "Join Type": "Inner", "Startup Cost": 129035.53, "Total Cost": 267608.7, "Plan Rows": 1968625, "Plan Width": 33, "Actual Min Startup Time": 216.428, "Actual Max Startup Time": 564.106, "Actual Min Total Time": 457.061, "Actual Max Total Time": 893.331, "Actual Total Rows": 1071330, "Inner Unique": true, "Hash Cond": "(ci.movie_id = t.id), (LLVM Optimized, Jit Execute)", "Plans": [{"Node Type": "Streaming(type: LOCAL REDISTRIBUTE dop: 64/64)", "Parent Relationship": "Outer", "Startup Cost": 0.0, "Total Cost": 138181.4, "Plan Rows": 1436424, "Plan Width": 12, "Actual Min Startup Time": 0.224, "Actual Max Startup Time": 65.822, "Actual Min Total Time": 189.689, "Actual Max Total Time": 355.253, "Actual Total Rows": 1435439, "Plans": [{"Node Type": "Seq Scan", "Parent Relationship": "Outer", "Relation Name": "cast_info", "Alias": "ci", "Startup Cost": 0.0, "Total Cost": 73820.73, "Plan Rows": 1436424, "Plan Width": 12, "Actual Min Startup Time": 14.06, "Actual Max Startup Time": 104.928, "Actual Min Total Time": 178.13, "Actual Max Total Time": 267.3, "Actual Total Rows": 1435439, "Filter": "((note)::text ~~ '%(producer)%'::text), (LLVM Optimized, Jit Execute)", "Rows Removed by Filter": 34808904}]}, {"Node Type": "Hash", "Parent Relationship": "Inner", "Startup Cost": 128693.96, "Total Cost": 128693.96, "Plan Rows": 1748840, "Plan Width": 21, "Actual Min Startup Time": 215.79, "Actual Max Startup Time": 563.556, "Actual Min Total Time": 215.79, "Actual Max Total Time": 563.556, "Actual Total Rows": 1749032, "Max Hash Buckets": 32768, "Min Hash Buckets": 32768, "Max Hash Batches": 1, "Min Hash Batches": 1, "Max Original Hash Batches": 1, "Min Original Hash Batches": 1, "Max Peak Memory Usage": 1467, "min Peak Memory Usage": 1467, "Plans": [{"Node Type": "Streaming(type: LOCAL REDISTRIBUTE dop: 64/64)", "Parent Relationship": "Outer", "Startup Cost": 0.0, "Total Cost": 128693.96, "Plan Rows": 1748840, "Plan Width": 21, "Actual Min Startup Time": 0.129, "Actual Max Startup Time": 217.095, "Actual Min Total Time": 175.094, "Actual Max Total Time": 547.198, "Actual Total Rows": 1749032, "Plans": [{"Node Type": "Seq Scan", "Parent Relationship": "Outer", "Relation Name": "title", "Alias": "t", "Startup Cost": 0.0, "Total Cost": 64037.34, "Plan Rows": 1748840, "Plan Width": 21, "Actual Min Startup Time": 0.033, "Actual Max Startup Time": 0.11, "Actual Min Total Time": 17.019, "Actual Max Total Time": 53.031, "Actual Total Rows": 1749032, "Filter": "(production_year > 1990), (LLVM Optimized, Jit Execute)", "Rows Removed by Filter": 779279}]}]}]}]}, {"Node Type": "Hash", "Parent Relationship": "Inner", "Startup Cost": 130029.32, "Total Cost": 130029.32, "Plan Rows": 3140338, "Plan Width": 20, "Actual Min Startup Time": 278.829, "Actual Max Startup Time": 596.445, "Actual Min Total Time": 278.829, "Actual Max Total Time": 596.445, "Actual Total Rows": 3140338, "Max Hash Buckets": 65536, "Min Hash Buckets": 65536, "Max Hash Batches": 1, "Min Hash Batches": 1, "Max Original Hash Batches": 1, "Min Original Hash Batches": 1, "Max Peak Memory Usage": 2583, "min Peak Memory Usage": 2583, "Plans": [{"Node Type": "Streaming(type: LOCAL REDISTRIBUTE dop: 64/64)", "Parent Relationship": "Outer", "Startup Cost": 0.0, "Total Cost": 130029.32, "Plan Rows": 3140338, "Plan Width": 20, "Actual Min Startup Time": 0.123, "Actual Max Startup Time": 61.811, "Actual Min Total Time": 193.575, "Actual Max Total Time": 548.555, "Actual Total Rows": 3140338, "Plans": [{"Node Type": "Seq Scan", "Parent Relationship": "Outer", "Relation Name": "char_name", "Alias": "chn", "Startup Cost": 0.0, "Total Cost": 64054.58, "Plan Rows": 3140338, "Plan Width": 20, "Actual Min Startup Time": 0.02, "Actual Max Startup Time": 0.066, "Actual Min Total Time": 18.533, "Actual Max Total Time": 43.707, "Actual Total Rows": 3140338}]}]}]}]}]}]}, {"Node Type": "Hash", "Parent Relationship": "Inner", "Startup Cost": 1.12, "Total Cost": 1.12, "Plan Rows": 12, "Plan Width": 4, "Actual Min Startup Time": 0.02, "Actual Max Startup Time": 0.02, "Actual Min Total Time": 0.02, "Actual Max Total Time": 0.02, "Actual Total Rows": 12, "Max Hash Buckets": 32768, "Min Hash Buckets": 32768, "Max Hash Batches": 1, "Min Hash Batches": 1, "Max Original Hash Batches": 1, "Min Original Hash Batches": 1, "Max Peak Memory Usage": 1, "min Peak Memory Usage": 1, "Plans": [{"Node Type": "Seq Scan", "Parent Relationship": "Outer", "Relation Name": "role_type", "Alias": "rt", "Startup Cost": 0.0, "Total Cost": 1.12, "Plan Rows": 12, "Plan Width": 4, "Actual Min Startup Time": 0.011, "Actual Max Startup Time": 0.011, "Actual Min Total Time": 0.011, "Actual Max Total Time": 0.011, "Actual Total Rows": 12}]}]}, {"Node Type": "Hash", "Parent Relationship": "Inner", "Startup Cost": 1.03, "Total Cost": 1.03, "Plan Rows": 3, "Plan Width": 4, "Actual Min Startup Time": 0.056, "Actual Max Startup Time": 0.056, "Actual Min Total Time": 0.056, "Actual Max Total Time": 0.056, "Actual Total Rows": 3, "Max Hash Buckets": 32768, "Min Hash Buckets": 32768, "Max Hash Batches": 1, "Min Hash Batches": 1, "Max Original Hash Batches": 1, "Min Original Hash Batches": 1, "Max Peak Memory Usage": 1, "min Peak Memory Usage": 1, "Plans": [{"Node Type": "Seq Scan", "Parent Relationship": "Outer", "Relation Name": "company_type", "Alias": "ct", "Startup Cost": 0.0, "Total Cost": 1.03, "Plan Rows": 3, "Plan Width": 4, "Actual Min Startup Time": 0.027, "Actual Max Startup Time": 0.027, "Actual Min Total Time": 0.03, "Actual Max Total Time": 0.03, "Actual Total Rows": 3}]}]}]}, "Triggers": [], "Planner Runtime": 79.157, "Total Runtime": 3616.873, "Unique SQL Id": 3145361615}}, "(64, 9)": {"explain_plan": {"Plan": {"Node Type": "Aggregate", "Strategy": "Plain", "Startup Cost": 1476554.64, "Total Cost": 1476554.65, "Plan Rows": 1, "Plan Width": 97, "Plans": [{"Node Type": "Hash Join", "Parent Relationship": "Outer", "Join Type": "Inner", "Startup Cost": 391129.15, "Total Cost": 1471707.57, "Plan Rows": 969413, "Plan Width": 33, "Inner Unique": true, "Hash Cond": "(mc.company_type_id = ct.id), (LLVM Optimized)", "Plans": [{"Node Type": "Hash Join", "Parent Relationship": "Outer", "Join Type": "Inner", "Startup Cost": 391120.82, "Total Cost": 1458369.81, "Plan Rows": 969413, "Plan Width": 37, "Inner Unique": false, "Hash Cond": "(ci.movie_id = t.id), (LLVM Optimized)", "Plans": [{"Node Type": "Hash Join", "Parent Relationship": "Outer", "Join Type": "Inner", "Startup Cost": 80683.05, "Total Cost": 1135626.49, "Plan Rows": 696330, "Plan Width": 20, "Inner Unique": true, "Hash Cond": "(ci.role_id = rt.id), (LLVM Optimized)", "Plans": [{"Node Type": "Merge Join", "Parent Relationship": "Outer", "Join Type": "Inner", "Startup Cost": 80674.47, "Total Cost": 1126861.56, "Plan Rows": 696330, "Plan Width": 24, "Inner Unique": false, "Merge Cond": "(chn.id = ci.person_role_id)", "Plans": [{"Node Type": "Index Scan", "Parent Relationship": "Outer", "Scan Direction": "Forward", "Index Name": "char_name_pkey", "Relation Name": "char_name", "Alias": "chn", "Startup Cost": 0.0, "Total Cost": 129875.46, "Plan Rows": 3140338, "Plan Width": 20}, {"Node Type": "Index Scan", "Parent Relationship": "Inner", "Scan Direction": "Forward", "Index Name": "person_role_id_cast_info", "Relation Name": "cast_info", "Alias": "ci", "Startup Cost": 0.0, "Total Cost": 2022508.08, "Plan Rows": 1436424, "Plan Width": 12, "Filter": "((note)::text ~~ '%(producer)%'::text), (LLVM Optimized)"}]}, {"Node Type": "Hash", "Parent Relationship": "Inner", "Startup Cost": 8.43, "Total Cost": 8.43, "Plan Rows": 12, "Plan Width": 4, "Plans": [{"Node Type": "Index Only Scan", "Parent Relationship": "Outer", "Scan Direction": "Forward", "Index Name": "role_type_pkey", "Relation Name": "role_type", "Alias": "rt", "Startup Cost": 0.0, "Total Cost": 8.43, "Plan Rows": 12, "Plan Width": 4}]}]}, {"Node Type": "Hash", "Parent Relationship": "Inner", "Startup Cost": 288231.21, "Total Cost": 288231.21, "Plan Rows": 1776525, "Plan Width": 29, "Plans": [{"Node Type": "Hash Join", "Parent Relationship": "Outer", "Join Type": "Inner", "Startup Cost": 149867.78, "Total Cost": 288231.21, "Plan Rows": 1776525, "Plan Width": 29, "Inner Unique": true, "Hash Cond": "(mc.movie_id = t.id), (LLVM Optimized)", "Plans": [{"Node Type": "Hash Join", "Parent Relationship": "Outer", "Join Type": "Inner", "Startup Cost": 11566.01, "Total Cost": 127355.52, "Plan Rows": 1282311, "Plan Width": 8, "Inner Unique": true, "Hash Cond": "(mc.company_id = cn.id), (LLVM Optimized)", "Plans": [{"Node Type": "Index Scan", "Parent Relationship": "Outer", "Scan Direction": "Forward", "Index Name": "company_type_id_movie_companies", "Relation Name": "movie_companies", "Alias": "mc", "Startup Cost": 0.0, "Total Cost": 93182.17, "Plan Rows": 2609128, "Plan Width": 12}, {"Node Type": "Hash", "Parent Relationship": "Inner", "Startup Cost": 10501.39, "Total Cost": 10501.39, "Plan Rows": 85170, "Plan Width": 4, "Plans": [{"Node Type": "Index Scan", "Parent Relationship": "Outer", "Scan Direction": "Forward", "Index Name": "company_name_pkey", "Relation Name": "company_name", "Alias": "cn", "Startup Cost": 0.0, "Total Cost": 10501.39, "Plan Rows": 85170, "Plan Width": 4, "Filter": "((country_code)::text = '[us]'::text)"}]}]}, {"Node Type": "Hash", "Parent Relationship": "Inner", "Startup Cost": 116441.27, "Total Cost": 116441.27, "Plan Rows": 1748840, "Plan Width": 21, "Plans": [{"Node Type": "Index Scan", "Parent Relationship": "Outer", "Scan Direction": "Forward", "Index Name": "title_pkey", "Relation Name": "title", "Alias": "t", "Startup Cost": 0.0, "Total Cost": 116441.27, "Plan Rows": 1748840, "Plan Width": 21, "Filter": "(production_year > 1990), (LLVM Optimized)"}]}]}]}]}, {"Node Type": "Hash", "Parent Relationship": "Inner", "Startup Cost": 8.29, "Total Cost": 8.29, "Plan Rows": 3, "Plan Width": 4, "Plans": [{"Node Type": "Index Only Scan", "Parent Relationship": "Outer", "Scan Direction": "Forward", "Index Name": "company_type_pkey", "Relation Name": "company_type", "Alias": "ct", "Startup Cost": 0.0, "Total Cost": 8.29, "Plan Rows": 3, "Plan Width": 4}]}]}]}, "Unique SQL Id": 3145361615}, "explain_analyze_plan": null}, "(64, 10)": {"explain_plan": {"Plan": {"Node Type": "Aggregate", "Strategy": "Plain", "Startup Cost": 515623.68, "Total Cost": 515623.69, "Plan Rows": 1, "Plan Width": 97, "Plans": [{"Node Type": "Hash Join", "Parent Relationship": "Outer", "Join Type": "Inner", "Startup Cost": 405190.17, "Total Cost": 510776.61, "Plan Rows": 969413, "Plan Width": 33, "Inner Unique": true, "Hash Cond": "(mc.company_type_id = ct.id), (LLVM Optimized)", "Plans": [{"Node Type": "Hash Join", "Parent Relationship": "Outer", "Join Type": "Inner", "Startup Cost": 405189.1, "Total Cost": 497446.12, "Plan Rows": 969413, "Plan Width": 37, "Inner Unique": true, "Hash Cond": "(ci.role_id = rt.id), (LLVM Optimized)", "Plans": [{"Node Type": "Hash Join", "Parent Relationship": "Outer", "Join Type": "Inner", "Startup Cost": 405188.67, "Total Cost": 484116.26, "Plan Rows": 969413, "Plan Width": 41, "Inner Unique": false, "Hash Cond": "(mc.movie_id = t.id), (LLVM Optimized)", "Plans": [{"Node Type": "Hash Join", "Parent Relationship": "Outer", "Join Type": "Inner", "Startup Cost": 6968.08, "Total Cost": 71392.69, "Plan Rows": 1282311, "Plan Width": 8, "Inner Unique": true, "Hash Cond": "(mc.company_id = cn.id), (LLVM Optimized)", "Plans": [{"Node Type": "Seq Scan", "Parent Relationship": "Outer", "Relation Name": "movie_companies", "Alias": "mc", "Startup Cost": 0.0, "Total Cost": 41817.28, "Plan Rows": 2609128, "Plan Width": 12}, {"Node Type": "Hash", "Parent Relationship": "Inner", "Startup Cost": 5903.45, "Total Cost": 5903.45, "Plan Rows": 85170, "Plan Width": 4, "Plans": [{"Node Type": "Seq Scan", "Parent Relationship": "Outer", "Relation Name": "company_name", "Alias": "cn", "Startup Cost": 0.0, "Total Cost": 5903.45, "Plan Rows": 85170, "Plan Width": 4, "Filter": "((country_code)::text = '[us]'::text)"}]}]}, {"Node Type": "Hash", "Parent Relationship": "Inner", "Startup Cost": 386291.56, "Total Cost": 386291.56, "Plan Rows": 954323, "Plan Width": 45, "Plans": [{"Node Type": "Streaming(type: LOCAL GATHER dop: 1/64)", "Parent Relationship": "Outer", "Startup Cost": 162901.55, "Total Cost": 386291.56, "Plan Rows": 954323, "Plan Width": 45, "Plans": [{"Node Type": "Hash Join", "Parent Relationship": "Outer", "Join Type": "Inner", "Startup Cost": 162901.55, "Total Cost": 366603.99, "Plan Rows": 954323, "Plan Width": 45, "Inner Unique": true, "Hash Cond": "(ci.person_role_id = chn.id), (LLVM Optimized)", "Plans": [{"Node Type": "Streaming(type: LOCAL REDISTRIBUTE dop: 64/64)", "Parent Relationship": "Outer", "Startup Cost": 129035.53, "Total Cost": 332473.51, "Plan Rows": 1968625, "Plan Width": 33, "Plans": [{"Node Type": "Hash Join", "Parent Relationship": "Outer", "Join Type": "Inner", "Startup Cost": 129035.53, "Total Cost": 267608.7, "Plan Rows": 1968625, "Plan Width": 33, "Inner Unique": true, "Hash Cond": "(ci.movie_id = t.id), (LLVM Optimized)", "Plans": [{"Node Type": "Streaming(type: LOCAL REDISTRIBUTE dop: 64/64)", "Parent Relationship": "Outer", "Startup Cost": 0.0, "Total Cost": 138181.4, "Plan Rows": 1436424, "Plan Width": 12, "Plans": [{"Node Type": "Seq Scan", "Parent Relationship": "Outer", "Relation Name": "cast_info", "Alias": "ci", "Startup Cost": 0.0, "Total Cost": 73820.73, "Plan Rows": 1436424, "Plan Width": 12, "Filter": "((note)::text ~~ '%(producer)%'::text), (LLVM Optimized)"}]}, {"Node Type": "Hash", "Parent Relationship": "Inner", "Startup Cost": 128693.96, "Total Cost": 128693.96, "Plan Rows": 1748840, "Plan Width": 21, "Plans": [{"Node Type": "Streaming(type: LOCAL REDISTRIBUTE dop: 64/64)", "Parent Relationship": "Outer", "Startup Cost": 0.0, "Total Cost": 128693.96, "Plan Rows": 1748840, "Plan Width": 21, "Plans": [{"Node Type": "Seq Scan", "Parent Relationship": "Outer", "Relation Name": "title", "Alias": "t", "Startup Cost": 0.0, "Total Cost": 64037.34, "Plan Rows": 1748840, "Plan Width": 21, "Filter": "(production_year > 1990), (LLVM Optimized)"}]}]}]}]}, {"Node Type": "Hash", "Parent Relationship": "Inner", "Startup Cost": 130029.32, "Total Cost": 130029.32, "Plan Rows": 3140338, "Plan Width": 20, "Plans": [{"Node Type": "Streaming(type: LOCAL REDISTRIBUTE dop: 64/64)", "Parent Relationship": "Outer", "Startup Cost": 0.0, "Total Cost": 130029.32, "Plan Rows": 3140338, "Plan Width": 20, "Plans": [{"Node Type": "Seq Scan", "Parent Relationship": "Outer", "Relation Name": "char_name", "Alias": "chn", "Startup Cost": 0.0, "Total Cost": 64054.58, "Plan Rows": 3140338, "Plan Width": 20}]}]}]}]}]}]}, {"Node Type": "Hash", "Parent Relationship": "Inner", "Startup Cost": 1.12, "Total Cost": 1.12, "Plan Rows": 12, "Plan Width": 4, "Plans": [{"Node Type": "Seq Scan", "Parent Relationship": "Outer", "Relation Name": "role_type", "Alias": "rt", "Startup Cost": 0.0, "Total Cost": 1.12, "Plan Rows": 12, "Plan Width": 4}]}]}, {"Node Type": "Hash", "Parent Relationship": "Inner", "Startup Cost": 1.03, "Total Cost": 1.03, "Plan Rows": 3, "Plan Width": 4, "Plans": [{"Node Type": "Seq Scan", "Parent Relationship": "Outer", "Relation Name": "company_type", "Alias": "ct", "Startup Cost": 0.0, "Total Cost": 1.03, "Plan Rows": 3, "Plan Width": 4}]}]}]}, "Unique SQL Id": 3145361615}, "explain_analyze_plan": {"Plan": {"Node Type": "Aggregate", "Strategy": "Plain", "Startup Cost": 515623.68, "Total Cost": 515623.69, "Plan Rows": 1, "Plan Width": 97, "Actual Min Startup Time": 3512.81, "Actual Max Startup Time": 3512.81, "Actual Min Total Time": 3512.81, "Actual Max Total Time": 3512.81, "Actual Total Rows": 1, "Plans": [{"Node Type": "Hash Join", "Parent Relationship": "Outer", "Join Type": "Inner", "Startup Cost": 405190.17, "Total Cost": 510776.61, "Plan Rows": 969413, "Plan Width": 33, "Actual Min Startup Time": 3150.989, "Actual Max Startup Time": 3150.989, "Actual Min Total Time": 3512.763, "Actual Max Total Time": 3512.763, "Actual Total Rows": 4, "Inner Unique": true, "Hash Cond": "(mc.company_type_id = ct.id), (LLVM Optimized, Jit Execute)", "Plans": [{"Node Type": "Hash Join", "Parent Relationship": "Outer", "Join Type": "Inner", "Startup Cost": 405189.1, "Total Cost": 497446.12, "Plan Rows": 969413, "Plan Width": 37, "Actual Min Startup Time": 2306.919, "Actual Max Startup Time": 2306.919, "Actual Min Total Time": 3512.569, "Actual Max Total Time": 3512.569, "Actual Total Rows": 10, "Inner Unique": true, "Hash Cond": "(ci.role_id = rt.id), (LLVM Optimized, Jit Execute)", "Plans": [{"Node Type": "Hash Join", "Parent Relationship": "Outer", "Join Type": "Inner", "Startup Cost": 405188.67, "Total Cost": 484116.26, "Plan Rows": 969413, "Plan Width": 41, "Actual Min Startup Time": 2306.816, "Actual Max Startup Time": 2306.816, "Actual Min Total Time": 3512.299, "Actual Max Total Time": 3512.299, "Actual Total Rows": 10, "Inner Unique": false, "Hash Cond": "(mc.movie_id = t.id), (LLVM Optimized, Jit Execute)", "Plans": [{"Node Type": "Hash Join", "Parent Relationship": "Outer", "Join Type": "Inner", "Startup Cost": 6968.08, "Total Cost": 71392.69, "Plan Rows": 1282311, "Plan Width": 8, "Actual Min Startup Time": 121.767, "Actual Max Startup Time": 121.767, "Actual Min Total Time": 1517.199, "Actual Max Total Time": 1517.199, "Actual Total Rows": 1153797, "Inner Unique": true, "Hash Cond": "(mc.company_id = cn.id), (LLVM Optimized, Jit Execute)", "Plans": [{"Node Type": "Seq Scan", "Parent Relationship": "Outer", "Relation Name": "movie_companies", "Alias": "mc", "Startup Cost": 0.0, "Total Cost": 41817.28, "Plan Rows": 2609128, "Plan Width": 12, "Actual Min Startup Time": 0.051, "Actual Max Startup Time": 0.051, "Actual Min Total Time": 586.979, "Actual Max Total Time": 586.979, "Actual Total Rows": 2609128}, {"Node Type": "Hash", "Parent Relationship": "Inner", "Startup Cost": 5903.45, "Total Cost": 5903.45, "Plan Rows": 85170, "Plan Width": 4, "Actual Min Startup Time": 121.51, "Actual Max Startup Time": 121.51, "Actual Min Total Time": 121.51, "Actual Max Total Time": 121.51, "Actual Total Rows": 84843, "Max Hash Buckets": 131072, "Min Hash Buckets": 131072, "Max Hash Batches": 1, "Min Hash Batches": 1, "Max Original Hash Batches": 1, "Min Original Hash Batches": 1, "Max Peak Memory Usage": 2983, "min Peak Memory Usage": 2983, "Plans": [{"Node Type": "Seq Scan", "Parent Relationship": "Outer", "Relation Name": "company_name", "Alias": "cn", "Startup Cost": 0.0, "Total Cost": 5903.45, "Plan Rows": 85170, "Plan Width": 4, "Actual Min Startup Time": 0.037, "Actual Max Startup Time": 0.037, "Actual Min Total Time": 93.104, "Actual Max Total Time": 93.104, "Actual Total Rows": 84843, "Filter": "((country_code)::text = '[us]'::text)", "Rows Removed by Filter": 150153}]}]}, {"Node Type": "Hash", "Parent Relationship": "Inner", "Startup Cost": 386291.56, "Total Cost": 386291.56, "Plan Rows": 954323, "Plan Width": 45, "Actual Min Startup Time": 1772.978, "Actual Max Startup Time": 1772.978, "Actual Min Total Time": 1772.978, "Actual Max Total Time": 1772.978, "Actual Total Rows": 12, "Max Hash Buckets": 1048576, "Min Hash Buckets": 1048576, "Max Hash Batches": 1, "Min Hash Batches": 1, "Max Original Hash Batches": 1, "Min Original Hash Batches": 1, "Max Peak Memory Usage": 1, "min Peak Memory Usage": 1, "Plans": [{"Node Type": "Streaming(type: LOCAL GATHER dop: 1/64)", "Parent Relationship": "Outer", "Startup Cost": 162901.55, "Total Cost": 386291.56, "Plan Rows": 954323, "Plan Width": 45, "Actual Min Startup Time": 1770.895, "Actual Max Startup Time": 1770.895, "Actual Min Total Time": 1772.939, "Actual Max Total Time": 1772.939, "Actual Total Rows": 12, "Plans": [{"Node Type": "Hash Join", "Parent Relationship": "Outer", "Join Type": "Inner", "Startup Cost": 162901.55, "Total Cost": 366603.99, "Plan Rows": 954323, "Plan Width": 45, "Actual Min Startup Time": 1051.258, "Actual Max Startup Time": 1368.871, "Actual Min Total Time": 1051.258, "Actual Max Total Time": 1368.871, "Actual Total Rows": 12, "Inner Unique": true, "Hash Cond": "(ci.person_role_id = chn.id), (LLVM Optimized, Jit Execute)", "Plans": [{"Node Type": "Streaming(type: LOCAL REDISTRIBUTE dop: 64/64)", "Parent Relationship": "Outer", "Startup Cost": 129035.53, "Total Cost": 332473.51, "Plan Rows": 1968625, "Plan Width": 33, "Actual Min Startup Time": 0.324, "Actual Max Startup Time": 772.355, "Actual Min Total Time": 652.101, "Actual Max Total Time": 772.355, "Actual Total Rows": 1071330, "Plans": [{"Node Type": "Hash Join", "Parent Relationship": "Outer", "Join Type": "Inner", "Startup Cost": 129035.53, "Total Cost": 267608.7, "Plan Rows": 1968625, "Plan Width": 33, "Actual Min Startup Time": 216.428, "Actual Max Startup Time": 564.106, "Actual Min Total Time": 457.061, "Actual Max Total Time": 893.331, "Actual Total Rows": 1071330, "Inner Unique": true, "Hash Cond": "(ci.movie_id = t.id), (LLVM Optimized, Jit Execute)", "Plans": [{"Node Type": "Streaming(type: LOCAL REDISTRIBUTE dop: 64/64)", "Parent Relationship": "Outer", "Startup Cost": 0.0, "Total Cost": 138181.4, "Plan Rows": 1436424, "Plan Width": 12, "Actual Min Startup Time": 0.224, "Actual Max Startup Time": 65.822, "Actual Min Total Time": 189.689, "Actual Max Total Time": 355.253, "Actual Total Rows": 1435439, "Plans": [{"Node Type": "Seq Scan", "Parent Relationship": "Outer", "Relation Name": "cast_info", "Alias": "ci", "Startup Cost": 0.0, "Total Cost": 73820.73, "Plan Rows": 1436424, "Plan Width": 12, "Actual Min Startup Time": 14.06, "Actual Max Startup Time": 104.928, "Actual Min Total Time": 178.13, "Actual Max Total Time": 267.3, "Actual Total Rows": 1435439, "Filter": "((note)::text ~~ '%(producer)%'::text), (LLVM Optimized, Jit Execute)", "Rows Removed by Filter": 34808904}]}, {"Node Type": "Hash", "Parent Relationship": "Inner", "Startup Cost": 128693.96, "Total Cost": 128693.96, "Plan Rows": 1748840, "Plan Width": 21, "Actual Min Startup Time": 215.79, "Actual Max Startup Time": 563.556, "Actual Min Total Time": 215.79, "Actual Max Total Time": 563.556, "Actual Total Rows": 1749032, "Max Hash Buckets": 32768, "Min Hash Buckets": 32768, "Max Hash Batches": 1, "Min Hash Batches": 1, "Max Original Hash Batches": 1, "Min Original Hash Batches": 1, "Max Peak Memory Usage": 1467, "min Peak Memory Usage": 1467, "Plans": [{"Node Type": "Streaming(type: LOCAL REDISTRIBUTE dop: 64/64)", "Parent Relationship": "Outer", "Startup Cost": 0.0, "Total Cost": 128693.96, "Plan Rows": 1748840, "Plan Width": 21, "Actual Min Startup Time": 0.129, "Actual Max Startup Time": 217.095, "Actual Min Total Time": 175.094, "Actual Max Total Time": 547.198, "Actual Total Rows": 1749032, "Plans": [{"Node Type": "Seq Scan", "Parent Relationship": "Outer", "Relation Name": "title", "Alias": "t", "Startup Cost": 0.0, "Total Cost": 64037.34, "Plan Rows": 1748840, "Plan Width": 21, "Actual Min Startup Time": 0.033, "Actual Max Startup Time": 0.11, "Actual Min Total Time": 17.019, "Actual Max Total Time": 53.031, "Actual Total Rows": 1749032, "Filter": "(production_year > 1990), (LLVM Optimized, Jit Execute)", "Rows Removed by Filter": 779279}]}]}]}]}, {"Node Type": "Hash", "Parent Relationship": "Inner", "Startup Cost": 130029.32, "Total Cost": 130029.32, "Plan Rows": 3140338, "Plan Width": 20, "Actual Min Startup Time": 278.829, "Actual Max Startup Time": 596.445, "Actual Min Total Time": 278.829, "Actual Max Total Time": 596.445, "Actual Total Rows": 3140338, "Max Hash Buckets": 65536, "Min Hash Buckets": 65536, "Max Hash Batches": 1, "Min Hash Batches": 1, "Max Original Hash Batches": 1, "Min Original Hash Batches": 1, "Max Peak Memory Usage": 2583, "min Peak Memory Usage": 2583, "Plans": [{"Node Type": "Streaming(type: LOCAL REDISTRIBUTE dop: 64/64)", "Parent Relationship": "Outer", "Startup Cost": 0.0, "Total Cost": 130029.32, "Plan Rows": 3140338, "Plan Width": 20, "Actual Min Startup Time": 0.123, "Actual Max Startup Time": 61.811, "Actual Min Total Time": 193.575, "Actual Max Total Time": 548.555, "Actual Total Rows": 3140338, "Plans": [{"Node Type": "Seq Scan", "Parent Relationship": "Outer", "Relation Name": "char_name", "Alias": "chn", "Startup Cost": 0.0, "Total Cost": 64054.58, "Plan Rows": 3140338, "Plan Width": 20, "Actual Min Startup Time": 0.02, "Actual Max Startup Time": 0.066, "Actual Min Total Time": 18.533, "Actual Max Total Time": 43.707, "Actual Total Rows": 3140338}]}]}]}]}]}]}, {"Node Type": "Hash", "Parent Relationship": "Inner", "Startup Cost": 1.12, "Total Cost": 1.12, "Plan Rows": 12, "Plan Width": 4, "Actual Min Startup Time": 0.02, "Actual Max Startup Time": 0.02, "Actual Min Total Time": 0.02, "Actual Max Total Time": 0.02, "Actual Total Rows": 12, "Max Hash Buckets": 32768, "Min Hash Buckets": 32768, "Max Hash Batches": 1, "Min Hash Batches": 1, "Max Original Hash Batches": 1, "Min Original Hash Batches": 1, "Max Peak Memory Usage": 1, "min Peak Memory Usage": 1, "Plans": [{"Node Type": "Seq Scan", "Parent Relationship": "Outer", "Relation Name": "role_type", "Alias": "rt", "Startup Cost": 0.0, "Total Cost": 1.12, "Plan Rows": 12, "Plan Width": 4, "Actual Min Startup Time": 0.011, "Actual Max Startup Time": 0.011, "Actual Min Total Time": 0.011, "Actual Max Total Time": 0.011, "Actual Total Rows": 12}]}]}, {"Node Type": "Hash", "Parent Relationship": "Inner", "Startup Cost": 1.03, "Total Cost": 1.03, "Plan Rows": 3, "Plan Width": 4, "Actual Min Startup Time": 0.056, "Actual Max Startup Time": 0.056, "Actual Min Total Time": 0.056, "Actual Max Total Time": 0.056, "Actual Total Rows": 3, "Max Hash Buckets": 32768, "Min Hash Buckets": 32768, "Max Hash Batches": 1, "Min Hash Batches": 1, "Max Original Hash Batches": 1, "Min Original Hash Batches": 1, "Max Peak Memory Usage": 1, "min Peak Memory Usage": 1, "Plans": [{"Node Type": "Seq Scan", "Parent Relationship": "Outer", "Relation Name": "company_type", "Alias": "ct", "Startup Cost": 0.0, "Total Cost": 1.03, "Plan Rows": 3, "Plan Width": 4, "Actual Min Startup Time": 0.027, "Actual Max Startup Time": 0.027, "Actual Min Total Time": 0.03, "Actual Max Total Time": 0.03, "Actual Total Rows": 3}]}]}]}, "Triggers": [], "Planner Runtime": 79.157, "Total Runtime": 3616.873, "Unique SQL Id": 3145361615}}, "(64, 11)": {"explain_plan": {"Plan": {"Node Type": "Aggregate", "Strategy": "Plain", "Startup Cost": 3972961914007.03, "Total Cost": 3972961914007.04, "Plan Rows": 1, "Plan Width": 97, "Plans": [{"Node Type": "Merge Join", "Parent Relationship": "Outer", "Join Type": "Inner", "Startup Cost": 309264820736.24, "Total Cost": 3972961909159.97, "Plan Rows": 969413, "Plan Width": 33, "Inner Unique": true, "Merge Cond": "(ci.person_role_id = chn.id)", "Plans": [{"Node Type": "Nested Loop", "Parent Relationship": "Outer", "Join Type": "Inner", "Startup Cost": 60000000000.0, "Total Cost": 6069052206323.43, "Plan Rows": 1999754, "Plan Width": 21, "Inner Unique": true, "Join Filter": "(mc.movie_id = t.id), (LLVM Optimized)", "Plans": [{"Node Type": "Nested Loop", "Parent Relationship": "Outer", "Join Type": "Inner", "Startup Cost": 50000000000.0, "Total Cost": 5031175373680.67, "Plan Rows": 1443440, "Plan Width": 12, "Inner Unique": true, "Join Filter": "(mc.company_type_id = ct.id), (LLVM Optimized)", "Plans": [{"Node Type": "Nested Loop", "Parent Relationship": "Outer", "Join Type": "Inner", "Startup Cost": 40000000000.0, "Total Cost": 4031175307896.36, "Plan Rows": 1443440, "Plan Width": 16, "Inner Unique": false, "Join Filter": "(ci.movie_id = mc.movie_id), (LLVM Optimized)", "Plans": [{"Node Type": "Nested Loop", "Parent Relationship": "Outer", "Join Type": "Inner", "Startup Cost": 20000000000.0, "Total Cost": 2000202510207.33, "Plan Rows": 1436424, "Plan Width": 8, "Inner Unique": true, "Join Filter": "(ci.role_id = rt.id), (LLVM Optimized)", "Plans": [{"Node Type": "Index Scan", "Parent Relationship": "Outer", "Scan Direction": "Forward", "Index Name": "person_role_id_cast_info", "Relation Name": "cast_info", "Alias": "ci", "Startup Cost": 10000000000.0, "Total Cost": 1000202250807.98, "Plan Rows": 1436424, "Plan Width": 12, "Filter": "((note)::text ~~ '%(producer)%'::text), (LLVM Optimized)"}, {"Node Type": "Materialize", "Parent Relationship": "Inner", "Startup Cost": 10000000000.0, "Total Cost": 1000000000843.06, "Plan Rows": 12, "Plan Width": 4, "Plans": [{"Node Type": "Index Only Scan", "Parent Relationship": "Outer", "Scan Direction": "Forward", "Index Name": "role_type_pkey", "Relation Name": "role_type", "Alias": "rt", "Startup Cost": 10000000000.0, "Total Cost": 1000000000843.0, "Plan Rows": 12, "Plan Width": 4}]}]}, {"Node Type": "Materialize", "Parent Relationship": "Inner", "Startup Cost": 20000000000.0, "Total Cost": 2003343666456.85, "Plan Rows": 1282311, "Plan Width": 8, "Plans": [{"Node Type": "Nested Loop", "Parent Relationship": "Outer", "Join Type": "Inner", "Startup Cost": 20000000000.0, "Total Cost": 2003343660045.29, "Plan Rows": 1282311, "Plan Width": 8, "Inner Unique": true, "Join Filter": "(cn.id = mc.company_id), (LLVM Optimized)", "Plans": [{"Node Type": "Index Scan", "Parent Relationship": "Outer", "Scan Direction": "Forward", "Index Name": "company_type_id_movie_companies", "Relation Name": "movie_companies", "Alias": "mc", "Startup Cost": 10000000000.0, "Total Cost": 1000009318217.0, "Plan Rows": 2609128, "Plan Width": 12}, {"Node Type": "Materialize", "Parent Relationship": "Inner", "Startup Cost": 10000000000.0, "Total Cost": 1000001050564.82, "Plan Rows": 85170, "Plan Width": 4, "Plans": [{"Node Type": "Index Scan", "Parent Relationship": "Outer", "Scan Direction": "Forward", "Index Name": "company_name_pkey", "Relation Name": "company_name", "Alias": "cn", "Startup Cost": 10000000000.0, "Total Cost": 1000001050138.97, "Plan Rows": 85170, "Plan Width": 4, "Filter": "((country_code)::text = '[us]'::text)"}]}]}]}]}, {"Node Type": "Materialize", "Parent Relationship": "Inner", "Startup Cost": 10000000000.0, "Total Cost": 1000000000829.52, "Plan Rows": 3, "Plan Width": 4, "Plans": [{"Node Type": "Index Only Scan", "Parent Relationship": "Outer", "Scan Direction": "Forward", "Index Name": "company_type_pkey", "Relation Name": "company_type", "Alias": "ct", "Startup Cost": 10000000000.0, "Total Cost": 1000000000829.5, "Plan Rows": 3, "Plan Width": 4}]}]}, {"Node Type": "Materialize", "Parent Relationship": "Inner", "Startup Cost": 10000000000.0, "Total Cost": 1000011652870.86, "Plan Rows": 1748840, "Plan Width": 21, "Plans": [{"Node Type": "Index Scan", "Parent Relationship": "Outer", "Scan Direction": "Forward", "Index Name": "title_pkey", "Relation Name": "title", "Alias": "t", "Startup Cost": 10000000000.0, "Total Cost": 1000011644126.66, "Plan Rows": 1748840, "Plan Width": 21, "Filter": "(production_year > 1990), (LLVM Optimized)"}]}]}, {"Node Type": "Index Scan", "Parent Relationship": "Inner", "Scan Direction": "Forward", "Index Name": "char_name_pkey", "Relation Name": "char_name", "Alias": "chn", "Startup Cost": 10000000000.0, "Total Cost": 1000012987545.51, "Plan Rows": 3140338, "Plan Width": 20}]}]}, "Unique SQL Id": 3145361615}, "explain_analyze_plan": null}, "(64, 12)": {"explain_plan": {"Plan": {"Node Type": "Aggregate", "Strategy": "Plain", "Startup Cost": 515623.68, "Total Cost": 515623.69, "Plan Rows": 1, "Plan Width": 97, "Plans": [{"Node Type": "Hash Join", "Parent Relationship": "Outer", "Join Type": "Inner", "Startup Cost": 405190.17, "Total Cost": 510776.61, "Plan Rows": 969413, "Plan Width": 33, "Inner Unique": true, "Hash Cond": "(mc.company_type_id = ct.id), (LLVM Optimized)", "Plans": [{"Node Type": "Hash Join", "Parent Relationship": "Outer", "Join Type": "Inner", "Startup Cost": 405189.1, "Total Cost": 497446.12, "Plan Rows": 969413, "Plan Width": 37, "Inner Unique": true, "Hash Cond": "(ci.role_id = rt.id), (LLVM Optimized)", "Plans": [{"Node Type": "Hash Join", "Parent Relationship": "Outer", "Join Type": "Inner", "Startup Cost": 405188.67, "Total Cost": 484116.26, "Plan Rows": 969413, "Plan Width": 41, "Inner Unique": false, "Hash Cond": "(mc.movie_id = t.id), (LLVM Optimized)", "Plans": [{"Node Type": "Hash Join", "Parent Relationship": "Outer", "Join Type": "Inner", "Startup Cost": 6968.08, "Total Cost": 71392.69, "Plan Rows": 1282311, "Plan Width": 8, "Inner Unique": true, "Hash Cond": "(mc.company_id = cn.id), (LLVM Optimized)", "Plans": [{"Node Type": "Seq Scan", "Parent Relationship": "Outer", "Relation Name": "movie_companies", "Alias": "mc", "Startup Cost": 0.0, "Total Cost": 41817.28, "Plan Rows": 2609128, "Plan Width": 12}, {"Node Type": "Hash", "Parent Relationship": "Inner", "Startup Cost": 5903.45, "Total Cost": 5903.45, "Plan Rows": 85170, "Plan Width": 4, "Plans": [{"Node Type": "Seq Scan", "Parent Relationship": "Outer", "Relation Name": "company_name", "Alias": "cn", "Startup Cost": 0.0, "Total Cost": 5903.45, "Plan Rows": 85170, "Plan Width": 4, "Filter": "((country_code)::text = '[us]'::text)"}]}]}, {"Node Type": "Hash", "Parent Relationship": "Inner", "Startup Cost": 386291.56, "Total Cost": 386291.56, "Plan Rows": 954323, "Plan Width": 45, "Plans": [{"Node Type": "Streaming(type: LOCAL GATHER dop: 1/64)", "Parent Relationship": "Outer", "Startup Cost": 162901.55, "Total Cost": 386291.56, "Plan Rows": 954323, "Plan Width": 45, "Plans": [{"Node Type": "Hash Join", "Parent Relationship": "Outer", "Join Type": "Inner", "Startup Cost": 162901.55, "Total Cost": 366603.99, "Plan Rows": 954323, "Plan Width": 45, "Inner Unique": true, "Hash Cond": "(ci.person_role_id = chn.id), (LLVM Optimized)", "Plans": [{"Node Type": "Streaming(type: LOCAL REDISTRIBUTE dop: 64/64)", "Parent Relationship": "Outer", "Startup Cost": 129035.53, "Total Cost": 332473.51, "Plan Rows": 1968625, "Plan Width": 33, "Plans": [{"Node Type": "Hash Join", "Parent Relationship": "Outer", "Join Type": "Inner", "Startup Cost": 129035.53, "Total Cost": 267608.7, "Plan Rows": 1968625, "Plan Width": 33, "Inner Unique": true, "Hash Cond": "(ci.movie_id = t.id), (LLVM Optimized)", "Plans": [{"Node Type": "Streaming(type: LOCAL REDISTRIBUTE dop: 64/64)", "Parent Relationship": "Outer", "Startup Cost": 0.0, "Total Cost": 138181.4, "Plan Rows": 1436424, "Plan Width": 12, "Plans": [{"Node Type": "Seq Scan", "Parent Relationship": "Outer", "Relation Name": "cast_info", "Alias": "ci", "Startup Cost": 0.0, "Total Cost": 73820.73, "Plan Rows": 1436424, "Plan Width": 12, "Filter": "((note)::text ~~ '%(producer)%'::text), (LLVM Optimized)"}]}, {"Node Type": "Hash", "Parent Relationship": "Inner", "Startup Cost": 128693.96, "Total Cost": 128693.96, "Plan Rows": 1748840, "Plan Width": 21, "Plans": [{"Node Type": "Streaming(type: LOCAL REDISTRIBUTE dop: 64/64)", "Parent Relationship": "Outer", "Startup Cost": 0.0, "Total Cost": 128693.96, "Plan Rows": 1748840, "Plan Width": 21, "Plans": [{"Node Type": "Seq Scan", "Parent Relationship": "Outer", "Relation Name": "title", "Alias": "t", "Startup Cost": 0.0, "Total Cost": 64037.34, "Plan Rows": 1748840, "Plan Width": 21, "Filter": "(production_year > 1990), (LLVM Optimized)"}]}]}]}]}, {"Node Type": "Hash", "Parent Relationship": "Inner", "Startup Cost": 130029.32, "Total Cost": 130029.32, "Plan Rows": 3140338, "Plan Width": 20, "Plans": [{"Node Type": "Streaming(type: LOCAL REDISTRIBUTE dop: 64/64)", "Parent Relationship": "Outer", "Startup Cost": 0.0, "Total Cost": 130029.32, "Plan Rows": 3140338, "Plan Width": 20, "Plans": [{"Node Type": "Seq Scan", "Parent Relationship": "Outer", "Relation Name": "char_name", "Alias": "chn", "Startup Cost": 0.0, "Total Cost": 64054.58, "Plan Rows": 3140338, "Plan Width": 20}]}]}]}]}]}]}, {"Node Type": "Hash", "Parent Relationship": "Inner", "Startup Cost": 1.12, "Total Cost": 1.12, "Plan Rows": 12, "Plan Width": 4, "Plans": [{"Node Type": "Seq Scan", "Parent Relationship": "Outer", "Relation Name": "role_type", "Alias": "rt", "Startup Cost": 0.0, "Total Cost": 1.12, "Plan Rows": 12, "Plan Width": 4}]}]}, {"Node Type": "Hash", "Parent Relationship": "Inner", "Startup Cost": 1.03, "Total Cost": 1.03, "Plan Rows": 3, "Plan Width": 4, "Plans": [{"Node Type": "Seq Scan", "Parent Relationship": "Outer", "Relation Name": "company_type", "Alias": "ct", "Startup Cost": 0.0, "Total Cost": 1.03, "Plan Rows": 3, "Plan Width": 4}]}]}]}, "Unique SQL Id": 3145361615}, "explain_analyze_plan": {"Plan": {"Node Type": "Aggregate", "Strategy": "Plain", "Startup Cost": 515623.68, "Total Cost": 515623.69, "Plan Rows": 1, "Plan Width": 97, "Actual Min Startup Time": 3512.81, "Actual Max Startup Time": 3512.81, "Actual Min Total Time": 3512.81, "Actual Max Total Time": 3512.81, "Actual Total Rows": 1, "Plans": [{"Node Type": "Hash Join", "Parent Relationship": "Outer", "Join Type": "Inner", "Startup Cost": 405190.17, "Total Cost": 510776.61, "Plan Rows": 969413, "Plan Width": 33, "Actual Min Startup Time": 3150.989, "Actual Max Startup Time": 3150.989, "Actual Min Total Time": 3512.763, "Actual Max Total Time": 3512.763, "Actual Total Rows": 4, "Inner Unique": true, "Hash Cond": "(mc.company_type_id = ct.id), (LLVM Optimized, Jit Execute)", "Plans": [{"Node Type": "Hash Join", "Parent Relationship": "Outer", "Join Type": "Inner", "Startup Cost": 405189.1, "Total Cost": 497446.12, "Plan Rows": 969413, "Plan Width": 37, "Actual Min Startup Time": 2306.919, "Actual Max Startup Time": 2306.919, "Actual Min Total Time": 3512.569, "Actual Max Total Time": 3512.569, "Actual Total Rows": 10, "Inner Unique": true, "Hash Cond": "(ci.role_id = rt.id), (LLVM Optimized, Jit Execute)", "Plans": [{"Node Type": "Hash Join", "Parent Relationship": "Outer", "Join Type": "Inner", "Startup Cost": 405188.67, "Total Cost": 484116.26, "Plan Rows": 969413, "Plan Width": 41, "Actual Min Startup Time": 2306.816, "Actual Max Startup Time": 2306.816, "Actual Min Total Time": 3512.299, "Actual Max Total Time": 3512.299, "Actual Total Rows": 10, "Inner Unique": false, "Hash Cond": "(mc.movie_id = t.id), (LLVM Optimized, Jit Execute)", "Plans": [{"Node Type": "Hash Join", "Parent Relationship": "Outer", "Join Type": "Inner", "Startup Cost": 6968.08, "Total Cost": 71392.69, "Plan Rows": 1282311, "Plan Width": 8, "Actual Min Startup Time": 121.767, "Actual Max Startup Time": 121.767, "Actual Min Total Time": 1517.199, "Actual Max Total Time": 1517.199, "Actual Total Rows": 1153797, "Inner Unique": true, "Hash Cond": "(mc.company_id = cn.id), (LLVM Optimized, Jit Execute)", "Plans": [{"Node Type": "Seq Scan", "Parent Relationship": "Outer", "Relation Name": "movie_companies", "Alias": "mc", "Startup Cost": 0.0, "Total Cost": 41817.28, "Plan Rows": 2609128, "Plan Width": 12, "Actual Min Startup Time": 0.051, "Actual Max Startup Time": 0.051, "Actual Min Total Time": 586.979, "Actual Max Total Time": 586.979, "Actual Total Rows": 2609128}, {"Node Type": "Hash", "Parent Relationship": "Inner", "Startup Cost": 5903.45, "Total Cost": 5903.45, "Plan Rows": 85170, "Plan Width": 4, "Actual Min Startup Time": 121.51, "Actual Max Startup Time": 121.51, "Actual Min Total Time": 121.51, "Actual Max Total Time": 121.51, "Actual Total Rows": 84843, "Max Hash Buckets": 131072, "Min Hash Buckets": 131072, "Max Hash Batches": 1, "Min Hash Batches": 1, "Max Original Hash Batches": 1, "Min Original Hash Batches": 1, "Max Peak Memory Usage": 2983, "min Peak Memory Usage": 2983, "Plans": [{"Node Type": "Seq Scan", "Parent Relationship": "Outer", "Relation Name": "company_name", "Alias": "cn", "Startup Cost": 0.0, "Total Cost": 5903.45, "Plan Rows": 85170, "Plan Width": 4, "Actual Min Startup Time": 0.037, "Actual Max Startup Time": 0.037, "Actual Min Total Time": 93.104, "Actual Max Total Time": 93.104, "Actual Total Rows": 84843, "Filter": "((country_code)::text = '[us]'::text)", "Rows Removed by Filter": 150153}]}]}, {"Node Type": "Hash", "Parent Relationship": "Inner", "Startup Cost": 386291.56, "Total Cost": 386291.56, "Plan Rows": 954323, "Plan Width": 45, "Actual Min Startup Time": 1772.978, "Actual Max Startup Time": 1772.978, "Actual Min Total Time": 1772.978, "Actual Max Total Time": 1772.978, "Actual Total Rows": 12, "Max Hash Buckets": 1048576, "Min Hash Buckets": 1048576, "Max Hash Batches": 1, "Min Hash Batches": 1, "Max Original Hash Batches": 1, "Min Original Hash Batches": 1, "Max Peak Memory Usage": 1, "min Peak Memory Usage": 1, "Plans": [{"Node Type": "Streaming(type: LOCAL GATHER dop: 1/64)", "Parent Relationship": "Outer", "Startup Cost": 162901.55, "Total Cost": 386291.56, "Plan Rows": 954323, "Plan Width": 45, "Actual Min Startup Time": 1770.895, "Actual Max Startup Time": 1770.895, "Actual Min Total Time": 1772.939, "Actual Max Total Time": 1772.939, "Actual Total Rows": 12, "Plans": [{"Node Type": "Hash Join", "Parent Relationship": "Outer", "Join Type": "Inner", "Startup Cost": 162901.55, "Total Cost": 366603.99, "Plan Rows": 954323, "Plan Width": 45, "Actual Min Startup Time": 1051.258, "Actual Max Startup Time": 1368.871, "Actual Min Total Time": 1051.258, "Actual Max Total Time": 1368.871, "Actual Total Rows": 12, "Inner Unique": true, "Hash Cond": "(ci.person_role_id = chn.id), (LLVM Optimized, Jit Execute)", "Plans": [{"Node Type": "Streaming(type: LOCAL REDISTRIBUTE dop: 64/64)", "Parent Relationship": "Outer", "Startup Cost": 129035.53, "Total Cost": 332473.51, "Plan Rows": 1968625, "Plan Width": 33, "Actual Min Startup Time": 0.324, "Actual Max Startup Time": 772.355, "Actual Min Total Time": 652.101, "Actual Max Total Time": 772.355, "Actual Total Rows": 1071330, "Plans": [{"Node Type": "Hash Join", "Parent Relationship": "Outer", "Join Type": "Inner", "Startup Cost": 129035.53, "Total Cost": 267608.7, "Plan Rows": 1968625, "Plan Width": 33, "Actual Min Startup Time": 216.428, "Actual Max Startup Time": 564.106, "Actual Min Total Time": 457.061, "Actual Max Total Time": 893.331, "Actual Total Rows": 1071330, "Inner Unique": true, "Hash Cond": "(ci.movie_id = t.id), (LLVM Optimized, Jit Execute)", "Plans": [{"Node Type": "Streaming(type: LOCAL REDISTRIBUTE dop: 64/64)", "Parent Relationship": "Outer", "Startup Cost": 0.0, "Total Cost": 138181.4, "Plan Rows": 1436424, "Plan Width": 12, "Actual Min Startup Time": 0.224, "Actual Max Startup Time": 65.822, "Actual Min Total Time": 189.689, "Actual Max Total Time": 355.253, "Actual Total Rows": 1435439, "Plans": [{"Node Type": "Seq Scan", "Parent Relationship": "Outer", "Relation Name": "cast_info", "Alias": "ci", "Startup Cost": 0.0, "Total Cost": 73820.73, "Plan Rows": 1436424, "Plan Width": 12, "Actual Min Startup Time": 14.06, "Actual Max Startup Time": 104.928, "Actual Min Total Time": 178.13, "Actual Max Total Time": 267.3, "Actual Total Rows": 1435439, "Filter": "((note)::text ~~ '%(producer)%'::text), (LLVM Optimized, Jit Execute)", "Rows Removed by Filter": 34808904}]}, {"Node Type": "Hash", "Parent Relationship": "Inner", "Startup Cost": 128693.96, "Total Cost": 128693.96, "Plan Rows": 1748840, "Plan Width": 21, "Actual Min Startup Time": 215.79, "Actual Max Startup Time": 563.556, "Actual Min Total Time": 215.79, "Actual Max Total Time": 563.556, "Actual Total Rows": 1749032, "Max Hash Buckets": 32768, "Min Hash Buckets": 32768, "Max Hash Batches": 1, "Min Hash Batches": 1, "Max Original Hash Batches": 1, "Min Original Hash Batches": 1, "Max Peak Memory Usage": 1467, "min Peak Memory Usage": 1467, "Plans": [{"Node Type": "Streaming(type: LOCAL REDISTRIBUTE dop: 64/64)", "Parent Relationship": "Outer", "Startup Cost": 0.0, "Total Cost": 128693.96, "Plan Rows": 1748840, "Plan Width": 21, "Actual Min Startup Time": 0.129, "Actual Max Startup Time": 217.095, "Actual Min Total Time": 175.094, "Actual Max Total Time": 547.198, "Actual Total Rows": 1749032, "Plans": [{"Node Type": "Seq Scan", "Parent Relationship": "Outer", "Relation Name": "title", "Alias": "t", "Startup Cost": 0.0, "Total Cost": 64037.34, "Plan Rows": 1748840, "Plan Width": 21, "Actual Min Startup Time": 0.033, "Actual Max Startup Time": 0.11, "Actual Min Total Time": 17.019, "Actual Max Total Time": 53.031, "Actual Total Rows": 1749032, "Filter": "(production_year > 1990), (LLVM Optimized, Jit Execute)", "Rows Removed by Filter": 779279}]}]}]}]}, {"Node Type": "Hash", "Parent Relationship": "Inner", "Startup Cost": 130029.32, "Total Cost": 130029.32, "Plan Rows": 3140338, "Plan Width": 20, "Actual Min Startup Time": 278.829, "Actual Max Startup Time": 596.445, "Actual Min Total Time": 278.829, "Actual Max Total Time": 596.445, "Actual Total Rows": 3140338, "Max Hash Buckets": 65536, "Min Hash Buckets": 65536, "Max Hash Batches": 1, "Min Hash Batches": 1, "Max Original Hash Batches": 1, "Min Original Hash Batches": 1, "Max Peak Memory Usage": 2583, "min Peak Memory Usage": 2583, "Plans": [{"Node Type": "Streaming(type: LOCAL REDISTRIBUTE dop: 64/64)", "Parent Relationship": "Outer", "Startup Cost": 0.0, "Total Cost": 130029.32, "Plan Rows": 3140338, "Plan Width": 20, "Actual Min Startup Time": 0.123, "Actual Max Startup Time": 61.811, "Actual Min Total Time": 193.575, "Actual Max Total Time": 548.555, "Actual Total Rows": 3140338, "Plans": [{"Node Type": "Seq Scan", "Parent Relationship": "Outer", "Relation Name": "char_name", "Alias": "chn", "Startup Cost": 0.0, "Total Cost": 64054.58, "Plan Rows": 3140338, "Plan Width": 20, "Actual Min Startup Time": 0.02, "Actual Max Startup Time": 0.066, "Actual Min Total Time": 18.533, "Actual Max Total Time": 43.707, "Actual Total Rows": 3140338}]}]}]}]}]}]}, {"Node Type": "Hash", "Parent Relationship": "Inner", "Startup Cost": 1.12, "Total Cost": 1.12, "Plan Rows": 12, "Plan Width": 4, "Actual Min Startup Time": 0.02, "Actual Max Startup Time": 0.02, "Actual Min Total Time": 0.02, "Actual Max Total Time": 0.02, "Actual Total Rows": 12, "Max Hash Buckets": 32768, "Min Hash Buckets": 32768, "Max Hash Batches": 1, "Min Hash Batches": 1, "Max Original Hash Batches": 1, "Min Original Hash Batches": 1, "Max Peak Memory Usage": 1, "min Peak Memory Usage": 1, "Plans": [{"Node Type": "Seq Scan", "Parent Relationship": "Outer", "Relation Name": "role_type", "Alias": "rt", "Startup Cost": 0.0, "Total Cost": 1.12, "Plan Rows": 12, "Plan Width": 4, "Actual Min Startup Time": 0.011, "Actual Max Startup Time": 0.011, "Actual Min Total Time": 0.011, "Actual Max Total Time": 0.011, "Actual Total Rows": 12}]}]}, {"Node Type": "Hash", "Parent Relationship": "Inner", "Startup Cost": 1.03, "Total Cost": 1.03, "Plan Rows": 3, "Plan Width": 4, "Actual Min Startup Time": 0.056, "Actual Max Startup Time": 0.056, "Actual Min Total Time": 0.056, "Actual Max Total Time": 0.056, "Actual Total Rows": 3, "Max Hash Buckets": 32768, "Min Hash Buckets": 32768, "Max Hash Batches": 1, "Min Hash Batches": 1, "Max Original Hash Batches": 1, "Min Original Hash Batches": 1, "Max Peak Memory Usage": 1, "min Peak Memory Usage": 1, "Plans": [{"Node Type": "Seq Scan", "Parent Relationship": "Outer", "Relation Name": "company_type", "Alias": "ct", "Startup Cost": 0.0, "Total Cost": 1.03, "Plan Rows": 3, "Plan Width": 4, "Actual Min Startup Time": 0.027, "Actual Max Startup Time": 0.027, "Actual Min Total Time": 0.03, "Actual Max Total Time": 0.03, "Actual Total Rows": 3}]}]}]}, "Triggers": [], "Planner Runtime": 79.157, "Total Runtime": 3616.873, "Unique SQL Id": 3145361615}}, "(64, 13)": {"explain_plan": {"Plan": {"Node Type": "Aggregate", "Strategy": "Plain", "Startup Cost": 1476562.64, "Total Cost": 1476562.65, "Plan Rows": 1, "Plan Width": 97, "Plans": [{"Node Type": "Hash Join", "Parent Relationship": "Outer", "Join Type": "Inner", "Startup Cost": 391137.15, "Total Cost": 1471715.57, "Plan Rows": 969413, "Plan Width": 33, "Inner Unique": true, "Hash Cond": "(mc.company_type_id = ct.id), (LLVM Optimized)", "Plans": [{"Node Type": "Hash Join", "Parent Relationship": "Outer", "Join Type": "Inner", "Startup Cost": 391124.82, "Total Cost": 1458373.81, "Plan Rows": 969413, "Plan Width": 37, "Inner Unique": false, "Hash Cond": "(ci.movie_id = t.id), (LLVM Optimized)", "Plans": [{"Node Type": "Hash Join", "Parent Relationship": "Outer", "Join Type": "Inner", "Startup Cost": 80687.05, "Total Cost": 1135630.49, "Plan Rows": 696330, "Plan Width": 20, "Inner Unique": true, "Hash Cond": "(ci.role_id = rt.id), (LLVM Optimized)", "Plans": [{"Node Type": "Merge Join", "Parent Relationship": "Outer", "Join Type": "Inner", "Startup Cost": 80674.47, "Total Cost": 1126861.56, "Plan Rows": 696330, "Plan Width": 24, "Inner Unique": false, "Merge Cond": "(chn.id = ci.person_role_id)", "Plans": [{"Node Type": "Index Scan", "Parent Relationship": "Outer", "Scan Direction": "Forward", "Index Name": "char_name_pkey", "Relation Name": "char_name", "Alias": "chn", "Startup Cost": 0.0, "Total Cost": 129875.46, "Plan Rows": 3140338, "Plan Width": 20}, {"Node Type": "Index Scan", "Parent Relationship": "Inner", "Scan Direction": "Forward", "Index Name": "person_role_id_cast_info", "Relation Name": "cast_info", "Alias": "ci", "Startup Cost": 0.0, "Total Cost": 2022508.08, "Plan Rows": 1436424, "Plan Width": 12, "Filter": "((note)::text ~~ '%(producer)%'::text), (LLVM Optimized)"}]}, {"Node Type": "Hash", "Parent Relationship": "Inner", "Startup Cost": 12.43, "Total Cost": 12.43, "Plan Rows": 12, "Plan Width": 4, "Plans": [{"Node Type": "Index Scan", "Parent Relationship": "Outer", "Scan Direction": "Forward", "Index Name": "role_type_pkey", "Relation Name": "role_type", "Alias": "rt", "Startup Cost": 0.0, "Total Cost": 12.43, "Plan Rows": 12, "Plan Width": 4}]}]}, {"Node Type": "Hash", "Parent Relationship": "Inner", "Startup Cost": 288231.21, "Total Cost": 288231.21, "Plan Rows": 1776525, "Plan Width": 29, "Plans": [{"Node Type": "Hash Join", "Parent Relationship": "Outer", "Join Type": "Inner", "Startup Cost": 149867.78, "Total Cost": 288231.21, "Plan Rows": 1776525, "Plan Width": 29, "Inner Unique": true, "Hash Cond": "(mc.movie_id = t.id), (LLVM Optimized)", "Plans": [{"Node Type": "Hash Join", "Parent Relationship": "Outer", "Join Type": "Inner", "Startup Cost": 11566.01, "Total Cost": 127355.52, "Plan Rows": 1282311, "Plan Width": 8, "Inner Unique": true, "Hash Cond": "(mc.company_id = cn.id), (LLVM Optimized)", "Plans": [{"Node Type": "Index Scan", "Parent Relationship": "Outer", "Scan Direction": "Forward", "Index Name": "company_type_id_movie_companies", "Relation Name": "movie_companies", "Alias": "mc", "Startup Cost": 0.0, "Total Cost": 93182.17, "Plan Rows": 2609128, "Plan Width": 12}, {"Node Type": "Hash", "Parent Relationship": "Inner", "Startup Cost": 10501.39, "Total Cost": 10501.39, "Plan Rows": 85170, "Plan Width": 4, "Plans": [{"Node Type": "Index Scan", "Parent Relationship": "Outer", "Scan Direction": "Forward", "Index Name": "company_name_pkey", "Relation Name": "company_name", "Alias": "cn", "Startup Cost": 0.0, "Total Cost": 10501.39, "Plan Rows": 85170, "Plan Width": 4, "Filter": "((country_code)::text = '[us]'::text)"}]}]}, {"Node Type": "Hash", "Parent Relationship": "Inner", "Startup Cost": 116441.27, "Total Cost": 116441.27, "Plan Rows": 1748840, "Plan Width": 21, "Plans": [{"Node Type": "Index Scan", "Parent Relationship": "Outer", "Scan Direction": "Forward", "Index Name": "title_pkey", "Relation Name": "title", "Alias": "t", "Startup Cost": 0.0, "Total Cost": 116441.27, "Plan Rows": 1748840, "Plan Width": 21, "Filter": "(production_year > 1990), (LLVM Optimized)"}]}]}]}]}, {"Node Type": "Hash", "Parent Relationship": "Inner", "Startup Cost": 12.29, "Total Cost": 12.29, "Plan Rows": 3, "Plan Width": 4, "Plans": [{"Node Type": "Index Scan", "Parent Relationship": "Outer", "Scan Direction": "Forward", "Index Name": "company_type_pkey", "Relation Name": "company_type", "Alias": "ct", "Startup Cost": 0.0, "Total Cost": 12.29, "Plan Rows": 3, "Plan Width": 4}]}]}]}, "Unique SQL Id": 3145361615}, "explain_analyze_plan": null}, "(64, 14)": {"explain_plan": {"Plan": {"Node Type": "Aggregate", "Strategy": "Plain", "Startup Cost": 515623.68, "Total Cost": 515623.69, "Plan Rows": 1, "Plan Width": 97, "Plans": [{"Node Type": "Hash Join", "Parent Relationship": "Outer", "Join Type": "Inner", "Startup Cost": 405190.17, "Total Cost": 510776.61, "Plan Rows": 969413, "Plan Width": 33, "Inner Unique": true, "Hash Cond": "(mc.company_type_id = ct.id), (LLVM Optimized)", "Plans": [{"Node Type": "Hash Join", "Parent Relationship": "Outer", "Join Type": "Inner", "Startup Cost": 405189.1, "Total Cost": 497446.12, "Plan Rows": 969413, "Plan Width": 37, "Inner Unique": true, "Hash Cond": "(ci.role_id = rt.id), (LLVM Optimized)", "Plans": [{"Node Type": "Hash Join", "Parent Relationship": "Outer", "Join Type": "Inner", "Startup Cost": 405188.67, "Total Cost": 484116.26, "Plan Rows": 969413, "Plan Width": 41, "Inner Unique": false, "Hash Cond": "(mc.movie_id = t.id), (LLVM Optimized)", "Plans": [{"Node Type": "Hash Join", "Parent Relationship": "Outer", "Join Type": "Inner", "Startup Cost": 6968.08, "Total Cost": 71392.69, "Plan Rows": 1282311, "Plan Width": 8, "Inner Unique": true, "Hash Cond": "(mc.company_id = cn.id), (LLVM Optimized)", "Plans": [{"Node Type": "Seq Scan", "Parent Relationship": "Outer", "Relation Name": "movie_companies", "Alias": "mc", "Startup Cost": 0.0, "Total Cost": 41817.28, "Plan Rows": 2609128, "Plan Width": 12}, {"Node Type": "Hash", "Parent Relationship": "Inner", "Startup Cost": 5903.45, "Total Cost": 5903.45, "Plan Rows": 85170, "Plan Width": 4, "Plans": [{"Node Type": "Seq Scan", "Parent Relationship": "Outer", "Relation Name": "company_name", "Alias": "cn", "Startup Cost": 0.0, "Total Cost": 5903.45, "Plan Rows": 85170, "Plan Width": 4, "Filter": "((country_code)::text = '[us]'::text)"}]}]}, {"Node Type": "Hash", "Parent Relationship": "Inner", "Startup Cost": 386291.56, "Total Cost": 386291.56, "Plan Rows": 954323, "Plan Width": 45, "Plans": [{"Node Type": "Streaming(type: LOCAL GATHER dop: 1/64)", "Parent Relationship": "Outer", "Startup Cost": 162901.55, "Total Cost": 386291.56, "Plan Rows": 954323, "Plan Width": 45, "Plans": [{"Node Type": "Hash Join", "Parent Relationship": "Outer", "Join Type": "Inner", "Startup Cost": 162901.55, "Total Cost": 366603.99, "Plan Rows": 954323, "Plan Width": 45, "Inner Unique": true, "Hash Cond": "(ci.person_role_id = chn.id), (LLVM Optimized)", "Plans": [{"Node Type": "Streaming(type: LOCAL REDISTRIBUTE dop: 64/64)", "Parent Relationship": "Outer", "Startup Cost": 129035.53, "Total Cost": 332473.51, "Plan Rows": 1968625, "Plan Width": 33, "Plans": [{"Node Type": "Hash Join", "Parent Relationship": "Outer", "Join Type": "Inner", "Startup Cost": 129035.53, "Total Cost": 267608.7, "Plan Rows": 1968625, "Plan Width": 33, "Inner Unique": true, "Hash Cond": "(ci.movie_id = t.id), (LLVM Optimized)", "Plans": [{"Node Type": "Streaming(type: LOCAL REDISTRIBUTE dop: 64/64)", "Parent Relationship": "Outer", "Startup Cost": 0.0, "Total Cost": 138181.4, "Plan Rows": 1436424, "Plan Width": 12, "Plans": [{"Node Type": "Seq Scan", "Parent Relationship": "Outer", "Relation Name": "cast_info", "Alias": "ci", "Startup Cost": 0.0, "Total Cost": 73820.73, "Plan Rows": 1436424, "Plan Width": 12, "Filter": "((note)::text ~~ '%(producer)%'::text), (LLVM Optimized)"}]}, {"Node Type": "Hash", "Parent Relationship": "Inner", "Startup Cost": 128693.96, "Total Cost": 128693.96, "Plan Rows": 1748840, "Plan Width": 21, "Plans": [{"Node Type": "Streaming(type: LOCAL REDISTRIBUTE dop: 64/64)", "Parent Relationship": "Outer", "Startup Cost": 0.0, "Total Cost": 128693.96, "Plan Rows": 1748840, "Plan Width": 21, "Plans": [{"Node Type": "Seq Scan", "Parent Relationship": "Outer", "Relation Name": "title", "Alias": "t", "Startup Cost": 0.0, "Total Cost": 64037.34, "Plan Rows": 1748840, "Plan Width": 21, "Filter": "(production_year > 1990), (LLVM Optimized)"}]}]}]}]}, {"Node Type": "Hash", "Parent Relationship": "Inner", "Startup Cost": 130029.32, "Total Cost": 130029.32, "Plan Rows": 3140338, "Plan Width": 20, "Plans": [{"Node Type": "Streaming(type: LOCAL REDISTRIBUTE dop: 64/64)", "Parent Relationship": "Outer", "Startup Cost": 0.0, "Total Cost": 130029.32, "Plan Rows": 3140338, "Plan Width": 20, "Plans": [{"Node Type": "Seq Scan", "Parent Relationship": "Outer", "Relation Name": "char_name", "Alias": "chn", "Startup Cost": 0.0, "Total Cost": 64054.58, "Plan Rows": 3140338, "Plan Width": 20}]}]}]}]}]}]}, {"Node Type": "Hash", "Parent Relationship": "Inner", "Startup Cost": 1.12, "Total Cost": 1.12, "Plan Rows": 12, "Plan Width": 4, "Plans": [{"Node Type": "Seq Scan", "Parent Relationship": "Outer", "Relation Name": "role_type", "Alias": "rt", "Startup Cost": 0.0, "Total Cost": 1.12, "Plan Rows": 12, "Plan Width": 4}]}]}, {"Node Type": "Hash", "Parent Relationship": "Inner", "Startup Cost": 1.03, "Total Cost": 1.03, "Plan Rows": 3, "Plan Width": 4, "Plans": [{"Node Type": "Seq Scan", "Parent Relationship": "Outer", "Relation Name": "company_type", "Alias": "ct", "Startup Cost": 0.0, "Total Cost": 1.03, "Plan Rows": 3, "Plan Width": 4}]}]}]}, "Unique SQL Id": 3145361615}, "explain_analyze_plan": {"Plan": {"Node Type": "Aggregate", "Strategy": "Plain", "Startup Cost": 515623.68, "Total Cost": 515623.69, "Plan Rows": 1, "Plan Width": 97, "Actual Min Startup Time": 3512.81, "Actual Max Startup Time": 3512.81, "Actual Min Total Time": 3512.81, "Actual Max Total Time": 3512.81, "Actual Total Rows": 1, "Plans": [{"Node Type": "Hash Join", "Parent Relationship": "Outer", "Join Type": "Inner", "Startup Cost": 405190.17, "Total Cost": 510776.61, "Plan Rows": 969413, "Plan Width": 33, "Actual Min Startup Time": 3150.989, "Actual Max Startup Time": 3150.989, "Actual Min Total Time": 3512.763, "Actual Max Total Time": 3512.763, "Actual Total Rows": 4, "Inner Unique": true, "Hash Cond": "(mc.company_type_id = ct.id), (LLVM Optimized, Jit Execute)", "Plans": [{"Node Type": "Hash Join", "Parent Relationship": "Outer", "Join Type": "Inner", "Startup Cost": 405189.1, "Total Cost": 497446.12, "Plan Rows": 969413, "Plan Width": 37, "Actual Min Startup Time": 2306.919, "Actual Max Startup Time": 2306.919, "Actual Min Total Time": 3512.569, "Actual Max Total Time": 3512.569, "Actual Total Rows": 10, "Inner Unique": true, "Hash Cond": "(ci.role_id = rt.id), (LLVM Optimized, Jit Execute)", "Plans": [{"Node Type": "Hash Join", "Parent Relationship": "Outer", "Join Type": "Inner", "Startup Cost": 405188.67, "Total Cost": 484116.26, "Plan Rows": 969413, "Plan Width": 41, "Actual Min Startup Time": 2306.816, "Actual Max Startup Time": 2306.816, "Actual Min Total Time": 3512.299, "Actual Max Total Time": 3512.299, "Actual Total Rows": 10, "Inner Unique": false, "Hash Cond": "(mc.movie_id = t.id), (LLVM Optimized, Jit Execute)", "Plans": [{"Node Type": "Hash Join", "Parent Relationship": "Outer", "Join Type": "Inner", "Startup Cost": 6968.08, "Total Cost": 71392.69, "Plan Rows": 1282311, "Plan Width": 8, "Actual Min Startup Time": 121.767, "Actual Max Startup Time": 121.767, "Actual Min Total Time": 1517.199, "Actual Max Total Time": 1517.199, "Actual Total Rows": 1153797, "Inner Unique": true, "Hash Cond": "(mc.company_id = cn.id), (LLVM Optimized, Jit Execute)", "Plans": [{"Node Type": "Seq Scan", "Parent Relationship": "Outer", "Relation Name": "movie_companies", "Alias": "mc", "Startup Cost": 0.0, "Total Cost": 41817.28, "Plan Rows": 2609128, "Plan Width": 12, "Actual Min Startup Time": 0.051, "Actual Max Startup Time": 0.051, "Actual Min Total Time": 586.979, "Actual Max Total Time": 586.979, "Actual Total Rows": 2609128}, {"Node Type": "Hash", "Parent Relationship": "Inner", "Startup Cost": 5903.45, "Total Cost": 5903.45, "Plan Rows": 85170, "Plan Width": 4, "Actual Min Startup Time": 121.51, "Actual Max Startup Time": 121.51, "Actual Min Total Time": 121.51, "Actual Max Total Time": 121.51, "Actual Total Rows": 84843, "Max Hash Buckets": 131072, "Min Hash Buckets": 131072, "Max Hash Batches": 1, "Min Hash Batches": 1, "Max Original Hash Batches": 1, "Min Original Hash Batches": 1, "Max Peak Memory Usage": 2983, "min Peak Memory Usage": 2983, "Plans": [{"Node Type": "Seq Scan", "Parent Relationship": "Outer", "Relation Name": "company_name", "Alias": "cn", "Startup Cost": 0.0, "Total Cost": 5903.45, "Plan Rows": 85170, "Plan Width": 4, "Actual Min Startup Time": 0.037, "Actual Max Startup Time": 0.037, "Actual Min Total Time": 93.104, "Actual Max Total Time": 93.104, "Actual Total Rows": 84843, "Filter": "((country_code)::text = '[us]'::text)", "Rows Removed by Filter": 150153}]}]}, {"Node Type": "Hash", "Parent Relationship": "Inner", "Startup Cost": 386291.56, "Total Cost": 386291.56, "Plan Rows": 954323, "Plan Width": 45, "Actual Min Startup Time": 1772.978, "Actual Max Startup Time": 1772.978, "Actual Min Total Time": 1772.978, "Actual Max Total Time": 1772.978, "Actual Total Rows": 12, "Max Hash Buckets": 1048576, "Min Hash Buckets": 1048576, "Max Hash Batches": 1, "Min Hash Batches": 1, "Max Original Hash Batches": 1, "Min Original Hash Batches": 1, "Max Peak Memory Usage": 1, "min Peak Memory Usage": 1, "Plans": [{"Node Type": "Streaming(type: LOCAL GATHER dop: 1/64)", "Parent Relationship": "Outer", "Startup Cost": 162901.55, "Total Cost": 386291.56, "Plan Rows": 954323, "Plan Width": 45, "Actual Min Startup Time": 1770.895, "Actual Max Startup Time": 1770.895, "Actual Min Total Time": 1772.939, "Actual Max Total Time": 1772.939, "Actual Total Rows": 12, "Plans": [{"Node Type": "Hash Join", "Parent Relationship": "Outer", "Join Type": "Inner", "Startup Cost": 162901.55, "Total Cost": 366603.99, "Plan Rows": 954323, "Plan Width": 45, "Actual Min Startup Time": 1051.258, "Actual Max Startup Time": 1368.871, "Actual Min Total Time": 1051.258, "Actual Max Total Time": 1368.871, "Actual Total Rows": 12, "Inner Unique": true, "Hash Cond": "(ci.person_role_id = chn.id), (LLVM Optimized, Jit Execute)", "Plans": [{"Node Type": "Streaming(type: LOCAL REDISTRIBUTE dop: 64/64)", "Parent Relationship": "Outer", "Startup Cost": 129035.53, "Total Cost": 332473.51, "Plan Rows": 1968625, "Plan Width": 33, "Actual Min Startup Time": 0.324, "Actual Max Startup Time": 772.355, "Actual Min Total Time": 652.101, "Actual Max Total Time": 772.355, "Actual Total Rows": 1071330, "Plans": [{"Node Type": "Hash Join", "Parent Relationship": "Outer", "Join Type": "Inner", "Startup Cost": 129035.53, "Total Cost": 267608.7, "Plan Rows": 1968625, "Plan Width": 33, "Actual Min Startup Time": 216.428, "Actual Max Startup Time": 564.106, "Actual Min Total Time": 457.061, "Actual Max Total Time": 893.331, "Actual Total Rows": 1071330, "Inner Unique": true, "Hash Cond": "(ci.movie_id = t.id), (LLVM Optimized, Jit Execute)", "Plans": [{"Node Type": "Streaming(type: LOCAL REDISTRIBUTE dop: 64/64)", "Parent Relationship": "Outer", "Startup Cost": 0.0, "Total Cost": 138181.4, "Plan Rows": 1436424, "Plan Width": 12, "Actual Min Startup Time": 0.224, "Actual Max Startup Time": 65.822, "Actual Min Total Time": 189.689, "Actual Max Total Time": 355.253, "Actual Total Rows": 1435439, "Plans": [{"Node Type": "Seq Scan", "Parent Relationship": "Outer", "Relation Name": "cast_info", "Alias": "ci", "Startup Cost": 0.0, "Total Cost": 73820.73, "Plan Rows": 1436424, "Plan Width": 12, "Actual Min Startup Time": 14.06, "Actual Max Startup Time": 104.928, "Actual Min Total Time": 178.13, "Actual Max Total Time": 267.3, "Actual Total Rows": 1435439, "Filter": "((note)::text ~~ '%(producer)%'::text), (LLVM Optimized, Jit Execute)", "Rows Removed by Filter": 34808904}]}, {"Node Type": "Hash", "Parent Relationship": "Inner", "Startup Cost": 128693.96, "Total Cost": 128693.96, "Plan Rows": 1748840, "Plan Width": 21, "Actual Min Startup Time": 215.79, "Actual Max Startup Time": 563.556, "Actual Min Total Time": 215.79, "Actual Max Total Time": 563.556, "Actual Total Rows": 1749032, "Max Hash Buckets": 32768, "Min Hash Buckets": 32768, "Max Hash Batches": 1, "Min Hash Batches": 1, "Max Original Hash Batches": 1, "Min Original Hash Batches": 1, "Max Peak Memory Usage": 1467, "min Peak Memory Usage": 1467, "Plans": [{"Node Type": "Streaming(type: LOCAL REDISTRIBUTE dop: 64/64)", "Parent Relationship": "Outer", "Startup Cost": 0.0, "Total Cost": 128693.96, "Plan Rows": 1748840, "Plan Width": 21, "Actual Min Startup Time": 0.129, "Actual Max Startup Time": 217.095, "Actual Min Total Time": 175.094, "Actual Max Total Time": 547.198, "Actual Total Rows": 1749032, "Plans": [{"Node Type": "Seq Scan", "Parent Relationship": "Outer", "Relation Name": "title", "Alias": "t", "Startup Cost": 0.0, "Total Cost": 64037.34, "Plan Rows": 1748840, "Plan Width": 21, "Actual Min Startup Time": 0.033, "Actual Max Startup Time": 0.11, "Actual Min Total Time": 17.019, "Actual Max Total Time": 53.031, "Actual Total Rows": 1749032, "Filter": "(production_year > 1990), (LLVM Optimized, Jit Execute)", "Rows Removed by Filter": 779279}]}]}]}]}, {"Node Type": "Hash", "Parent Relationship": "Inner", "Startup Cost": 130029.32, "Total Cost": 130029.32, "Plan Rows": 3140338, "Plan Width": 20, "Actual Min Startup Time": 278.829, "Actual Max Startup Time": 596.445, "Actual Min Total Time": 278.829, "Actual Max Total Time": 596.445, "Actual Total Rows": 3140338, "Max Hash Buckets": 65536, "Min Hash Buckets": 65536, "Max Hash Batches": 1, "Min Hash Batches": 1, "Max Original Hash Batches": 1, "Min Original Hash Batches": 1, "Max Peak Memory Usage": 2583, "min Peak Memory Usage": 2583, "Plans": [{"Node Type": "Streaming(type: LOCAL REDISTRIBUTE dop: 64/64)", "Parent Relationship": "Outer", "Startup Cost": 0.0, "Total Cost": 130029.32, "Plan Rows": 3140338, "Plan Width": 20, "Actual Min Startup Time": 0.123, "Actual Max Startup Time": 61.811, "Actual Min Total Time": 193.575, "Actual Max Total Time": 548.555, "Actual Total Rows": 3140338, "Plans": [{"Node Type": "Seq Scan", "Parent Relationship": "Outer", "Relation Name": "char_name", "Alias": "chn", "Startup Cost": 0.0, "Total Cost": 64054.58, "Plan Rows": 3140338, "Plan Width": 20, "Actual Min Startup Time": 0.02, "Actual Max Startup Time": 0.066, "Actual Min Total Time": 18.533, "Actual Max Total Time": 43.707, "Actual Total Rows": 3140338}]}]}]}]}]}]}, {"Node Type": "Hash", "Parent Relationship": "Inner", "Startup Cost": 1.12, "Total Cost": 1.12, "Plan Rows": 12, "Plan Width": 4, "Actual Min Startup Time": 0.02, "Actual Max Startup Time": 0.02, "Actual Min Total Time": 0.02, "Actual Max Total Time": 0.02, "Actual Total Rows": 12, "Max Hash Buckets": 32768, "Min Hash Buckets": 32768, "Max Hash Batches": 1, "Min Hash Batches": 1, "Max Original Hash Batches": 1, "Min Original Hash Batches": 1, "Max Peak Memory Usage": 1, "min Peak Memory Usage": 1, "Plans": [{"Node Type": "Seq Scan", "Parent Relationship": "Outer", "Relation Name": "role_type", "Alias": "rt", "Startup Cost": 0.0, "Total Cost": 1.12, "Plan Rows": 12, "Plan Width": 4, "Actual Min Startup Time": 0.011, "Actual Max Startup Time": 0.011, "Actual Min Total Time": 0.011, "Actual Max Total Time": 0.011, "Actual Total Rows": 12}]}]}, {"Node Type": "Hash", "Parent Relationship": "Inner", "Startup Cost": 1.03, "Total Cost": 1.03, "Plan Rows": 3, "Plan Width": 4, "Actual Min Startup Time": 0.056, "Actual Max Startup Time": 0.056, "Actual Min Total Time": 0.056, "Actual Max Total Time": 0.056, "Actual Total Rows": 3, "Max Hash Buckets": 32768, "Min Hash Buckets": 32768, "Max Hash Batches": 1, "Min Hash Batches": 1, "Max Original Hash Batches": 1, "Min Original Hash Batches": 1, "Max Peak Memory Usage": 1, "min Peak Memory Usage": 1, "Plans": [{"Node Type": "Seq Scan", "Parent Relationship": "Outer", "Relation Name": "company_type", "Alias": "ct", "Startup Cost": 0.0, "Total Cost": 1.03, "Plan Rows": 3, "Plan Width": 4, "Actual Min Startup Time": 0.027, "Actual Max Startup Time": 0.027, "Actual Min Total Time": 0.03, "Actual Max Total Time": 0.03, "Actual Total Rows": 3}]}]}]}, "Triggers": [], "Planner Runtime": 79.157, "Total Runtime": 3616.873, "Unique SQL Id": 3145361615}}, "(64, 15)": {"explain_plan": {"Plan": {"Node Type": "Aggregate", "Strategy": "Plain", "Startup Cost": 3972961914394.84, "Total Cost": 3972961914394.85, "Plan Rows": 1, "Plan Width": 97, "Plans": [{"Node Type": "Merge Join", "Parent Relationship": "Outer", "Join Type": "Inner", "Startup Cost": 309264820768.09, "Total Cost": 3972961909547.78, "Plan Rows": 969413, "Plan Width": 33, "Inner Unique": true, "Merge Cond": "(ci.person_role_id = chn.id)", "Plans": [{"Node Type": "Nested Loop", "Parent Relationship": "Outer", "Join Type": "Inner", "Startup Cost": 60000000000.0, "Total Cost": 6069052207123.43, "Plan Rows": 1999754, "Plan Width": 21, "Inner Unique": true, "Join Filter": "(mc.movie_id = t.id), (LLVM Optimized)", "Plans": [{"Node Type": "Nested Loop", "Parent Relationship": "Outer", "Join Type": "Inner", "Startup Cost": 50000000000.0, "Total Cost": 5031175374480.67, "Plan Rows": 1443440, "Plan Width": 12, "Inner Unique": true, "Join Filter": "(mc.company_type_id = ct.id), (LLVM Optimized)", "Plans": [{"Node Type": "Nested Loop", "Parent Relationship": "Outer", "Join Type": "Inner", "Startup Cost": 40000000000.0, "Total Cost": 4031175308296.36, "Plan Rows": 1443440, "Plan Width": 16, "Inner Unique": false, "Join Filter": "(ci.movie_id = mc.movie_id), (LLVM Optimized)", "Plans": [{"Node Type": "Nested Loop", "Parent Relationship": "Outer", "Join Type": "Inner", "Startup Cost": 20000000000.0, "Total Cost": 2000202510607.33, "Plan Rows": 1436424, "Plan Width": 8, "Inner Unique": true, "Join Filter": "(ci.role_id = rt.id), (LLVM Optimized)", "Plans": [{"Node Type": "Index Scan", "Parent Relationship": "Outer", "Scan Direction": "Forward", "Index Name": "person_role_id_cast_info", "Relation Name": "cast_info", "Alias": "ci", "Startup Cost": 10000000000.0, "Total Cost": 1000202250807.98, "Plan Rows": 1436424, "Plan Width": 12, "Filter": "((note)::text ~~ '%(producer)%'::text), (LLVM Optimized)"}, {"Node Type": "Materialize", "Parent Relationship": "Inner", "Startup Cost": 10000000000.0, "Total Cost": 1000000001243.06, "Plan Rows": 12, "Plan Width": 4, "Plans": [{"Node Type": "Index Scan", "Parent Relationship": "Outer", "Scan Direction": "Forward", "Index Name": "role_type_pkey", "Relation Name": "role_type", "Alias": "rt", "Startup Cost": 10000000000.0, "Total Cost": 1000000001243.0, "Plan Rows": 12, "Plan Width": 4}]}]}, {"Node Type": "Materialize", "Parent Relationship": "Inner", "Startup Cost": 20000000000.0, "Total Cost": 2003343666456.85, "Plan Rows": 1282311, "Plan Width": 8, "Plans": [{"Node Type": "Nested Loop", "Parent Relationship": "Outer", "Join Type": "Inner", "Startup Cost": 20000000000.0, "Total Cost": 2003343660045.29, "Plan Rows": 1282311, "Plan Width": 8, "Inner Unique": true, "Join Filter": "(cn.id = mc.company_id), (LLVM Optimized)", "Plans": [{"Node Type": "Index Scan", "Parent Relationship": "Outer", "Scan Direction": "Forward", "Index Name": "company_type_id_movie_companies", "Relation Name": "movie_companies", "Alias": "mc", "Startup Cost": 10000000000.0, "Total Cost": 1000009318217.0, "Plan Rows": 2609128, "Plan Width": 12}, {"Node Type": "Materialize", "Parent Relationship": "Inner", "Startup Cost": 10000000000.0, "Total Cost": 1000001050564.82, "Plan Rows": 85170, "Plan Width": 4, "Plans": [{"Node Type": "Index Scan", "Parent Relationship": "Outer", "Scan Direction": "Forward", "Index Name": "company_name_pkey", "Relation Name": "company_name", "Alias": "cn", "Startup Cost": 10000000000.0, "Total Cost": 1000001050138.97, "Plan Rows": 85170, "Plan Width": 4, "Filter": "((country_code)::text = '[us]'::text)"}]}]}]}]}, {"Node Type": "Materialize", "Parent Relationship": "Inner", "Startup Cost": 10000000000.0, "Total Cost": 1000000001229.52, "Plan Rows": 3, "Plan Width": 4, "Plans": [{"Node Type": "Index Scan", "Parent Relationship": "Outer", "Scan Direction": "Forward", "Index Name": "company_type_pkey", "Relation Name": "company_type", "Alias": "ct", "Startup Cost": 10000000000.0, "Total Cost": 1000000001229.5, "Plan Rows": 3, "Plan Width": 4}]}]}, {"Node Type": "Materialize", "Parent Relationship": "Inner", "Startup Cost": 10000000000.0, "Total Cost": 1000011652870.86, "Plan Rows": 1748840, "Plan Width": 21, "Plans": [{"Node Type": "Index Scan", "Parent Relationship": "Outer", "Scan Direction": "Forward", "Index Name": "title_pkey", "Relation Name": "title", "Alias": "t", "Startup Cost": 10000000000.0, "Total Cost": 1000011644126.66, "Plan Rows": 1748840, "Plan Width": 21, "Filter": "(production_year > 1990), (LLVM Optimized)"}]}]}, {"Node Type": "Index Scan", "Parent Relationship": "Inner", "Scan Direction": "Forward", "Index Name": "char_name_pkey", "Relation Name": "char_name", "Alias": "chn", "Startup Cost": 10000000000.0, "Total Cost": 1000012987545.51, "Plan Rows": 3140338, "Plan Width": 20}]}]}, "Unique SQL Id": 3145361615}, "explain_analyze_plan": null}, "(64, 16)": {"explain_plan": {"Plan": {"Node Type": "Aggregate", "Strategy": "Plain", "Startup Cost": 1300303.78, "Total Cost": 1300303.79, "Plan Rows": 1, "Plan Width": 97, "Plans": [{"Node Type": "Merge Join", "Parent Relationship": "Outer", "Join Type": "Inner", "Startup Cost": 1114939.33, "Total Cost": 1295456.72, "Plan Rows": 969413, "Plan Width": 33, "Inner Unique": true, "Merge Cond": "(mc.movie_id = t.id)", "Plans": [{"Node Type": "Nested Loop", "Parent Relationship": "Outer", "Join Type": "Inner", "Startup Cost": 1114936.7, "Total Cost": 1163315.67, "Plan Rows": 699731, "Plan Width": 24, "Inner Unique": true, "Join Filter": "(mc.company_type_id = ct.id), (LLVM Optimized)", "Plans": [{"Node Type": "Merge Join", "Parent Relationship": "Outer", "Join Type": "Inner", "Startup Cost": 1114936.7, "Total Cost": 1131826.74, "Plan Rows": 699731, "Plan Width": 28, "Inner Unique": false, "Merge Cond": "(ci.movie_id = mc.movie_id)", "Plans": [{"Node Type": "Sort", "Parent Relationship": "Outer", "Startup Cost": 831110.42, "Total Cost": 832851.25, "Plan Rows": 696330, "Plan Width": 20, "Sort Key": ["ci.movie_id"], "Plans": [{"Node Type": "Nested Loop", "Parent Relationship": "Outer", "Join Type": "Inner", "Startup Cost": 0.0, "Total Cost": 763533.64, "Plan Rows": 696330, "Plan Width": 20, "Inner Unique": true, "Plans": [{"Node Type": "Streaming(type: LOCAL GATHER dop: 1/64)", "Parent Relationship": "Outer", "Startup Cost": 0.0, "Total Cost": 170510.92, "Plan Rows": 1436424, "Plan Width": 8, "Plans": [{"Node Type": "Nested Loop", "Parent Relationship": "Outer", "Join Type": "Inner", "Startup Cost": 0.0, "Total Cost": 140877.67, "Plan Rows": 1436424, "Plan Width": 8, "Inner Unique": true, "Join Filter": "(ci.role_id = rt.id), (LLVM Optimized)", "Plans": [{"Node Type": "Seq Scan", "Parent Relationship": "Outer", "Relation Name": "cast_info", "Alias": "ci", "Startup Cost": 0.0, "Total Cost": 73820.73, "Plan Rows": 1436424, "Plan Width": 12, "Filter": "((note)::text ~~ '%(producer)%'::text), (LLVM Optimized)"}, {"Node Type": "Materialize", "Parent Relationship": "Inner", "Startup Cost": 0.0, "Total Cost": 63017.02, "Plan Rows": 768, "Plan Width": 4, "Plans": [{"Node Type": "Streaming(type: BROADCAST dop: 64/1)", "Parent Relationship": "Outer", "Startup Cost": 0.0, "Total Cost": 63016.96, "Plan Rows": 768, "Plan Width": 4, "Plans": [{"Node Type": "Seq Scan", "Parent Relationship": "Outer", "Relation Name": "role_type", "Alias": "rt", "Startup Cost": 0.0, "Total Cost": 1.12, "Plan Rows": 12, "Plan Width": 4}]}]}]}]}, {"Node Type": "Index Scan", "Parent Relationship": "Inner", "Scan Direction": "Forward", "Index Name": "char_name_pkey", "Relation Name": "char_name", "Alias": "chn", "Startup Cost": 0.0, "Total Cost": 0.4, "Plan Rows": 1, "Plan Width": 20, "Index Cond": "(id = ci.person_role_id)"}]}]}, {"Node Type": "Sort", "Parent Relationship": "Inner", "Startup Cost": 283826.21, "Total Cost": 287031.99, "Plan Rows": 1282311, "Plan Width": 8, "Sort Key": ["mc.movie_id"], "Plans": [{"Node Type": "Merge Join", "Parent Relationship": "Outer", "Join Type": "Inner", "Startup Cost": 3383.04, "Total Cost": 153733.74, "Plan Rows": 1282311, "Plan Width": 8, "Inner Unique": false, "Merge Cond": "(cn.id = mc.company_id)", "Plans": [{"Node Type": "Index Scan", "Parent Relationship": "Outer", "Scan Direction": "Forward", "Index Name": "company_name_pkey", "Relation Name": "company_name", "Alias": "cn", "Startup Cost": 0.0, "Total Cost": 10501.39, "Plan Rows": 85170, "Plan Width": 4, "Filter": "((country_code)::text = '[us]'::text)"}, {"Node Type": "Index Scan", "Parent Relationship": "Inner", "Scan Direction": "Forward", "Index Name": "company_id_movie_companies", "Relation Name": "movie_companies", "Alias": "mc", "Startup Cost": 0.0, "Total Cost": 123673.5, "Plan Rows": 2609128, "Plan Width": 12}]}]}]}, {"Node Type": "Materialize", "Parent Relationship": "Inner", "Startup Cost": 0.0, "Total Cost": 1.04, "Plan Rows": 3, "Plan Width": 4, "Plans": [{"Node Type": "Seq Scan", "Parent Relationship": "Outer", "Relation Name": "company_type", "Alias": "ct", "Startup Cost": 0.0, "Total Cost": 1.03, "Plan Rows": 3, "Plan Width": 4}]}]}, {"Node Type": "Index Scan", "Parent Relationship": "Inner", "Scan Direction": "Forward", "Index Name": "title_pkey", "Relation Name": "title", "Alias": "t", "Startup Cost": 0.0, "Total Cost": 116441.27, "Plan Rows": 1748840, "Plan Width": 21, "Filter": "(production_year > 1990), (LLVM Optimized)"}]}]}, "Unique SQL Id": 3145361615}, "explain_analyze_plan": null}, "(64, 17)": {"explain_plan": {"Plan": {"Node Type": "Aggregate", "Strategy": "Plain", "Startup Cost": 1741668.45, "Total Cost": 1741668.46, "Plan Rows": 1, "Plan Width": 97, "Plans": [{"Node Type": "Merge Join", "Parent Relationship": "Outer", "Join Type": "Inner", "Startup Cost": 1556296.73, "Total Cost": 1736821.38, "Plan Rows": 969413, "Plan Width": 33, "Inner Unique": true, "Merge Cond": "(mc.movie_id = t.id)", "Plans": [{"Node Type": "Nested Loop", "Parent Relationship": "Outer", "Join Type": "Inner", "Startup Cost": 1556294.1, "Total Cost": 1604680.34, "Plan Rows": 699731, "Plan Width": 24, "Inner Unique": true, "Join Filter": "(mc.company_type_id = ct.id), (LLVM Optimized)", "Plans": [{"Node Type": "Merge Join", "Parent Relationship": "Outer", "Join Type": "Inner", "Startup Cost": 1556294.1, "Total Cost": 1573184.14, "Plan Rows": 699731, "Plan Width": 28, "Inner Unique": false, "Merge Cond": "(ci.movie_id = mc.movie_id)", "Plans": [{"Node Type": "Sort", "Parent Relationship": "Outer", "Startup Cost": 1272467.82, "Total Cost": 1274208.65, "Plan Rows": 696330, "Plan Width": 20, "Sort Key": ["ci.movie_id"], "Plans": [{"Node Type": "Merge Join", "Parent Relationship": "Outer", "Join Type": "Inner", "Startup Cost": 1194438.34, "Total Cost": 1204891.05, "Plan Rows": 696330, "Plan Width": 20, "Inner Unique": false, "Merge Cond": "(rt.id = ci.role_id)", "Plans": [{"Node Type": "Index Only Scan", "Parent Relationship": "Outer", "Scan Direction": "Forward", "Index Name": "role_type_pkey", "Relation Name": "role_type", "Alias": "rt", "Startup Cost": 0.0, "Total Cost": 8.43, "Plan Rows": 12, "Plan Width": 4}, {"Node Type": "Sort", "Parent Relationship": "Inner", "Startup Cost": 1194438.34, "Total Cost": 1196179.17, "Plan Rows": 696330, "Plan Width": 24, "Sort Key": ["ci.role_id"], "Plans": [{"Node Type": "Merge Join", "Parent Relationship": "Outer", "Join Type": "Inner", "Startup Cost": 80674.47, "Total Cost": 1126861.56, "Plan Rows": 696330, "Plan Width": 24, "Inner Unique": false, "Merge Cond": "(chn.id = ci.person_role_id)", "Plans": [{"Node Type": "Index Scan", "Parent Relationship": "Outer", "Scan Direction": "Forward", "Index Name": "char_name_pkey", "Relation Name": "char_name", "Alias": "chn", "Startup Cost": 0.0, "Total Cost": 129875.46, "Plan Rows": 3140338, "Plan Width": 20}, {"Node Type": "Index Scan", "Parent Relationship": "Inner", "Scan Direction": "Forward", "Index Name": "person_role_id_cast_info", "Relation Name": "cast_info", "Alias": "ci", "Startup Cost": 0.0, "Total Cost": 2022508.08, "Plan Rows": 1436424, "Plan Width": 12, "Filter": "((note)::text ~~ '%(producer)%'::text), (LLVM Optimized)"}]}]}]}]}, {"Node Type": "Sort", "Parent Relationship": "Inner", "Startup Cost": 283826.21, "Total Cost": 287031.99, "Plan Rows": 1282311, "Plan Width": 8, "Sort Key": ["mc.movie_id"], "Plans": [{"Node Type": "Merge Join", "Parent Relationship": "Outer", "Join Type": "Inner", "Startup Cost": 3383.04, "Total Cost": 153733.74, "Plan Rows": 1282311, "Plan Width": 8, "Inner Unique": false, "Merge Cond": "(cn.id = mc.company_id)", "Plans": [{"Node Type": "Index Scan", "Parent Relationship": "Outer", "Scan Direction": "Forward", "Index Name": "company_name_pkey", "Relation Name": "company_name", "Alias": "cn", "Startup Cost": 0.0, "Total Cost": 10501.39, "Plan Rows": 85170, "Plan Width": 4, "Filter": "((country_code)::text = '[us]'::text)"}, {"Node Type": "Index Scan", "Parent Relationship": "Inner", "Scan Direction": "Forward", "Index Name": "company_id_movie_companies", "Relation Name": "movie_companies", "Alias": "mc", "Startup Cost": 0.0, "Total Cost": 123673.5, "Plan Rows": 2609128, "Plan Width": 12}]}]}]}, {"Node Type": "Materialize", "Parent Relationship": "Inner", "Startup Cost": 0.0, "Total Cost": 8.31, "Plan Rows": 3, "Plan Width": 4, "Plans": [{"Node Type": "Index Only Scan", "Parent Relationship": "Outer", "Scan Direction": "Forward", "Index Name": "company_type_pkey", "Relation Name": "company_type", "Alias": "ct", "Startup Cost": 0.0, "Total Cost": 8.29, "Plan Rows": 3, "Plan Width": 4}]}]}, {"Node Type": "Index Scan", "Parent Relationship": "Inner", "Scan Direction": "Forward", "Index Name": "title_pkey", "Relation Name": "title", "Alias": "t", "Startup Cost": 0.0, "Total Cost": 116441.27, "Plan Rows": 1748840, "Plan Width": 21, "Filter": "(production_year > 1990), (LLVM Optimized)"}]}]}, "Unique SQL Id": 3145361615}, "explain_analyze_plan": null}, "(64, 18)": {"explain_plan": {"Plan": {"Node Type": "Aggregate", "Strategy": "Plain", "Startup Cost": 10040778.45, "Total Cost": 10040778.46, "Plan Rows": 1, "Plan Width": 97, "Plans": [{"Node Type": "Nested Loop", "Parent Relationship": "Outer", "Join Type": "Inner", "Startup Cost": 6854900.92, "Total Cost": 10035931.38, "Plan Rows": 969413, "Plan Width": 33, "Inner Unique": true, "Plans": [{"Node Type": "Nested Loop", "Parent Relationship": "Outer", "Join Type": "Inner", "Startup Cost": 6854900.65, "Total Cost": 7029232.35, "Plan Rows": 699731, "Plan Width": 24, "Inner Unique": true, "Join Filter": "(ci.role_id = rt.id), (LLVM Optimized)", "Plans": [{"Node Type": "Nested Loop", "Parent Relationship": "Outer", "Join Type": "Inner", "Startup Cost": 6854900.65, "Total Cost": 6903279.62, "Plan Rows": 699731, "Plan Width": 28, "Inner Unique": true, "Join Filter": "(mc.company_type_id = ct.id), (LLVM Optimized)", "Plans": [{"Node Type": "Merge Join", "Parent Relationship": "Outer", "Join Type": "Inner", "Startup Cost": 6854900.65, "Total Cost": 6871790.69, "Plan Rows": 699731, "Plan Width": 32, "Inner Unique": false, "Merge Cond": "(ci.movie_id = mc.movie_id)", "Plans": [{"Node Type": "Sort", "Parent Relationship": "Outer", "Startup Cost": 6365748.59, "Total Cost": 6367489.42, "Plan Rows": 696330, "Plan Width": 24, "Sort Key": ["ci.movie_id"], "Plans": [{"Node Type": "Nested Loop", "Parent Relationship": "Outer", "Join Type": "Inner", "Startup Cost": 0.29, "Total Cost": 6298171.81, "Plan Rows": 696330, "Plan Width": 24, "Inner Unique": true, "Plans": [{"Node Type": "Streaming(type: LOCAL GATHER dop: 1/64)", "Parent Relationship": "Outer", "Startup Cost": 0.0, "Total Cost": 103453.99, "Plan Rows": 1436424, "Plan Width": 12, "Plans": [{"Node Type": "Seq Scan", "Parent Relationship": "Outer", "Relation Name": "cast_info", "Alias": "ci", "Startup Cost": 0.0, "Total Cost": 73820.73, "Plan Rows": 1436424, "Plan Width": 12, "Filter": "((note)::text ~~ '%(producer)%'::text), (LLVM Optimized)"}]}, {"Node Type": "Bitmap Heap Scan", "Parent Relationship": "Inner", "Relation Name": "char_name", "Alias": "chn", "Startup Cost": 0.29, "Total Cost": 4.3, "Plan Rows": 1, "Plan Width": 20, "Recheck Cond": "(id = ci.person_role_id)", "Plans": [{"Node Type": "Bitmap Index Scan", "Parent Relationship": "Outer", "Index Name": "char_name_pkey", "Startup Cost": 0.0, "Total Cost": 0.29, "Plan Rows": 1, "Plan Width": 0, "Index Cond": "(id = ci.person_role_id)"}]}]}]}, {"Node Type": "Sort", "Parent Relationship": "Inner", "Startup Cost": 489151.99, "Total Cost": 492357.77, "Plan Rows": 1282311, "Plan Width": 8, "Sort Key": ["mc.movie_id"], "Plans": [{"Node Type": "Merge Join", "Parent Relationship": "Outer", "Join Type": "Inner", "Startup Cost": 333103.9, "Total Cost": 359059.52, "Plan Rows": 1282311, "Plan Width": 8, "Inner Unique": false, "Merge Cond": "(cn.id = mc.company_id)", "Plans": [{"Node Type": "Sort", "Parent Relationship": "Outer", "Startup Cost": 12878.05, "Total Cost": 13090.97, "Plan Rows": 85170, "Plan Width": 4, "Sort Key": ["cn.id"], "Plans": [{"Node Type": "Seq Scan", "Parent Relationship": "Outer", "Relation Name": "company_name", "Alias": "cn", "Startup Cost": 0.0, "Total Cost": 5903.45, "Plan Rows": 85170, "Plan Width": 4, "Filter": "((country_code)::text = '[us]'::text)"}]}, {"Node Type": "Sort", "Parent Relationship": "Inner", "Startup Cost": 319886.87, "Total Cost": 326409.69, "Plan Rows": 2609128, "Plan Width": 12, "Sort Key": ["mc.company_id"], "Plans": [{"Node Type": "Seq Scan", "Parent Relationship": "Outer", "Relation Name": "movie_companies", "Alias": "mc", "Startup Cost": 0.0, "Total Cost": 41817.28, "Plan Rows": 2609128, "Plan Width": 12}]}]}]}]}, {"Node Type": "Materialize", "Parent Relationship": "Inner", "Startup Cost": 0.0, "Total Cost": 1.04, "Plan Rows": 3, "Plan Width": 4, "Plans": [{"Node Type": "Seq Scan", "Parent Relationship": "Outer", "Relation Name": "company_type", "Alias": "ct", "Startup Cost": 0.0, "Total Cost": 1.03, "Plan Rows": 3, "Plan Width": 4}]}]}, {"Node Type": "Materialize", "Parent Relationship": "Inner", "Startup Cost": 0.0, "Total Cost": 1.18, "Plan Rows": 12, "Plan Width": 4, "Plans": [{"Node Type": "Seq Scan", "Parent Relationship": "Outer", "Relation Name": "role_type", "Alias": "rt", "Startup Cost": 0.0, "Total Cost": 1.12, "Plan Rows": 12, "Plan Width": 4}]}]}, {"Node Type": "Bitmap Heap Scan", "Parent Relationship": "Inner", "Relation Name": "title", "Alias": "t", "Startup Cost": 0.27, "Total Cost": 4.29, "Plan Rows": 1, "Plan Width": 21, "Recheck Cond": "(id = mc.movie_id)", "Filter": "(production_year > 1990)", "Plans": [{"Node Type": "Bitmap Index Scan", "Parent Relationship": "Outer", "Index Name": "title_pkey", "Startup Cost": 0.0, "Total Cost": 0.27, "Plan Rows": 1, "Plan Width": 0, "Index Cond": "(id = mc.movie_id)"}]}]}]}, "Unique SQL Id": 3145361615}, "explain_analyze_plan": {"Plan": {"Node Type": "Aggregate", "Strategy": "Plain", "Startup Cost": 10040778.45, "Total Cost": 10040778.46, "Plan Rows": 1, "Plan Width": 97, "Actual Min Startup Time": 6641.266, "Actual Max Startup Time": 6641.266, "Actual Min Total Time": 6641.267, "Actual Max Total Time": 6641.267, "Actual Total Rows": 1, "Plans": [{"Node Type": "Nested Loop", "Parent Relationship": "Outer", "Join Type": "Inner", "Startup Cost": 6854900.92, "Total Cost": 10035931.38, "Plan Rows": 969413, "Plan Width": 33, "Actual Min Startup Time": 6456.075, "Actual Max Startup Time": 6456.075, "Actual Min Total Time": 6641.227, "Actual Max Total Time": 6641.227, "Actual Total Rows": 4, "Inner Unique": true, "Plans": [{"Node Type": "Nested Loop", "Parent Relationship": "Outer", "Join Type": "Inner", "Startup Cost": 6854900.65, "Total Cost": 7029232.35, "Plan Rows": 699731, "Plan Width": 24, "Actual Min Startup Time": 6455.983, "Actual Max Startup Time": 6455.983, "Actual Min Total Time": 6641.026, "Actual Max Total Time": 6641.026, "Actual Total Rows": 6, "Inner Unique": true, "Join Filter": "(ci.role_id = rt.id), (LLVM Optimized, Jit Execute)", "Rows Removed by Join Filter": 0, "Plans": [{"Node Type": "Nested Loop", "Parent Relationship": "Outer", "Join Type": "Inner", "Startup Cost": 6854900.65, "Total Cost": 6903279.62, "Plan Rows": 699731, "Plan Width": 28, "Actual Min Startup Time": 6455.927, "Actual Max Startup Time": 6455.927, "Actual Min Total Time": 6640.959, "Actual Max Total Time": 6640.959, "Actual Total Rows": 6, "Inner Unique": true, "Join Filter": "(mc.company_type_id = ct.id), (LLVM Optimized, Jit Execute)", "Rows Removed by Join Filter": 24, "Plans": [{"Node Type": "Merge Join", "Parent Relationship": "Outer", "Join Type": "Inner", "Startup Cost": 6854900.65, "Total Cost": 6871790.69, "Plan Rows": 699731, "Plan Width": 32, "Actual Min Startup Time": 6455.886, "Actual Max Startup Time": 6455.886, "Actual Min Total Time": 6640.893, "Actual Max Total Time": 6640.893, "Actual Total Rows": 14, "Inner Unique": false, "Merge Cond": "(ci.movie_id = mc.movie_id)", "Plans": [{"Node Type": "Sort", "Parent Relationship": "Outer", "Startup Cost": 6365748.59, "Total Cost": 6367489.42, "Plan Rows": 696330, "Plan Width": 24, "Actual Min Startup Time": 2654.168, "Actual Max Startup Time": 2654.168, "Actual Min Total Time": 2654.173, "Actual Max Total Time": 2654.173, "Actual Total Rows": 15, "Sort Key": ["ci.movie_id"], "Sort Method": "quicksort", "Sort Space Min Used": 26, "Sort Space Max Used": 26, "Sort Space Type": "Memory", "Plans": [{"Node Type": "Nested Loop", "Parent Relationship": "Outer", "Join Type": "Inner", "Startup Cost": 0.29, "Total Cost": 6298171.81, "Plan Rows": 696330, "Plan Width": 24, "Actual Min Startup Time": 171.125, "Actual Max Startup Time": 171.125, "Actual Min Total Time": 2654.108, "Actual Max Total Time": 2654.108, "Actual Total Rows": 15, "Inner Unique": true, "Plans": [{"Node Type": "Streaming(type: LOCAL GATHER dop: 1/64)", "Parent Relationship": "Outer", "Startup Cost": 0.0, "Total Cost": 103453.99, "Plan Rows": 1436424, "Plan Width": 12, "Actual Min Startup Time": 150.568, "Actual Max Startup Time": 150.568, "Actual Min Total Time": 635.808, "Actual Max Total Time": 635.808, "Actual Total Rows": 1435439, "Plans": [{"Node Type": "Seq Scan", "Parent Relationship": "Outer", "Relation Name": "cast_info", "Alias": "ci", "Startup Cost": 0.0, "Total Cost": 73820.73, "Plan Rows": 1436424, "Plan Width": 12, "Actual Min Startup Time": 13.217, "Actual Max Startup Time": 89.662, "Actual Min Total Time": 173.314, "Actual Max Total Time": 193.495, "Actual Total Rows": 1435439, "Filter": "((note)::text ~~ '%(producer)%'::text), (LLVM Optimized, Jit Execute)", "Rows Removed by Filter": 34808904}]}, {"Node Type": "Bitmap Heap Scan", "Parent Relationship": "Inner", "Relation Name": "char_name", "Alias": "chn", "Startup Cost": 0.29, "Total Cost": 4.3, "Plan Rows": 1, "Plan Width": 20, "Actual Min Startup Time": 814.518, "Actual Max Startup Time": 814.518, "Actual Min Total Time": 814.518, "Actual Max Total Time": 814.518, "Actual Total Rows": 15, "Recheck Cond": "(id = ci.person_role_id)", "Rows Removed by Index Recheck": 0, "Exact Heap Blocks": 15, "Lossy Heap Blocks": 15, "Plans": [{"Node Type": "Bitmap Index Scan", "Parent Relationship": "Outer", "Index Name": "char_name_pkey", "Startup Cost": 0.0, "Total Cost": 0.29, "Plan Rows": 1, "Plan Width": 0, "Actual Min Startup Time": 308.51, "Actual Max Startup Time": 308.51, "Actual Min Total Time": 308.51, "Actual Max Total Time": 308.51, "Actual Total Rows": 15, "Index Cond": "(id = ci.person_role_id)"}]}]}]}, {"Node Type": "Sort", "Parent Relationship": "Inner", "Startup Cost": 489151.99, "Total Cost": 492357.77, "Plan Rows": 1282311, "Plan Width": 8, "Actual Min Startup Time": 3579.529, "Actual Max Startup Time": 3579.529, "Actual Min Total Time": 3839.741, "Actual Max Total Time": 3839.741, "Actual Total Rows": 1147175, "Sort Key": ["mc.movie_id"], "Sort Method": "quicksort", "Sort Space Min Used": 121265, "Sort Space Max Used": 121265, "Sort Space Type": "Memory", "Plans": [{"Node Type": "Merge Join", "Parent Relationship": "Outer", "Join Type": "Inner", "Startup Cost": 333103.9, "Total Cost": 359059.52, "Plan Rows": 1282311, "Plan Width": 8, "Actual Min Startup Time": 1821.454, "Actual Max Startup Time": 1821.454, "Actual Min Total Time": 3096.923, "Actual Max Total Time": 3096.923, "Actual Total Rows": 1153797, "Inner Unique": false, "Merge Cond": "(cn.id = mc.company_id)", "Plans": [{"Node Type": "Sort", "Parent Relationship": "Outer", "Startup Cost": 12878.05, "Total Cost": 13090.97, "Plan Rows": 85170, "Plan Width": 4, "Actual Min Startup Time": 120.519, "Actual Max Startup Time": 120.519, "Actual Min Total Time": 140.559, "Actual Max Total Time": 140.559, "Actual Total Rows": 84843, "Sort Key": ["cn.id"], "Sort Method": "quicksort", "Sort Space Min Used": 8375, "Sort Space Max Used": 8375, "Sort Space Type": "Memory", "Plans": [{"Node Type": "Seq Scan", "Parent Relationship": "Outer", "Relation Name": "company_name", "Alias": "cn", "Startup Cost": 0.0, "Total Cost": 5903.45, "Plan Rows": 85170, "Plan Width": 4, "Actual Min Startup Time": 0.054, "Actual Max Startup Time": 0.054, "Actual Min Total Time": 89.748, "Actual Max Total Time": 89.748, "Actual Total Rows": 84843, "Filter": "((country_code)::text = '[us]'::text)", "Rows Removed by Filter": 150153}]}, {"Node Type": "Sort", "Parent Relationship": "Inner", "Startup Cost": 319886.87, "Total Cost": 326409.69, "Plan Rows": 2609128, "Plan Width": 12, "Actual Min Startup Time": 1700.922, "Actual Max Startup Time": 1700.922, "Actual Min Total Time": 2423.248, "Actual Max Total Time": 2423.248, "Actual Total Rows": 2609128, "Sort Key": ["mc.company_id"], "Sort Method": "quicksort", "Sort Space Min Used": 342910, "Sort Space Max Used": 342910, "Sort Space Type": "Memory", "Plans": [{"Node Type": "Seq Scan", "Parent Relationship": "Outer", "Relation Name": "movie_companies", "Alias": "mc", "Startup Cost": 0.0, "Total Cost": 41817.28, "Plan Rows": 2609128, "Plan Width": 12, "Actual Min Startup Time": 0.04, "Actual Max Startup Time": 0.04, "Actual Min Total Time": 729.283, "Actual Max Total Time": 729.283, "Actual Total Rows": 2609128}]}]}]}]}, {"Node Type": "Materialize", "Parent Relationship": "Inner", "Startup Cost": 0.0, "Total Cost": 1.04, "Plan Rows": 3, "Plan Width": 4, "Actual Min Startup Time": 0.029, "Actual Max Startup Time": 0.029, "Actual Min Total Time": 0.03, "Actual Max Total Time": 0.03, "Actual Total Rows": 31, "Plans": [{"Node Type": "Seq Scan", "Parent Relationship": "Outer", "Relation Name": "company_type", "Alias": "ct", "Startup Cost": 0.0, "Total Cost": 1.03, "Plan Rows": 3, "Plan Width": 4, "Actual Min Startup Time": 0.007, "Actual Max Startup Time": 0.007, "Actual Min Total Time": 0.008, "Actual Max Total Time": 0.008, "Actual Total Rows": 3}]}]}, {"Node Type": "Materialize", "Parent Relationship": "Inner", "Startup Cost": 0.0, "Total Cost": 1.18, "Plan Rows": 12, "Plan Width": 4, "Actual Min Startup Time": 0.045, "Actual Max Startup Time": 0.045, "Actual Min Total Time": 0.045, "Actual Max Total Time": 0.045, "Actual Total Rows": 7, "Plans": [{"Node Type": "Seq Scan", "Parent Relationship": "Outer", "Relation Name": "role_type", "Alias": "rt", "Startup Cost": 0.0, "Total Cost": 1.12, "Plan Rows": 12, "Plan Width": 4, "Actual Min Startup Time": 0.025, "Actual Max Startup Time": 0.025, "Actual Min Total Time": 0.03, "Actual Max Total Time": 0.03, "Actual Total Rows": 12}]}]}, {"Node Type": "Bitmap Heap Scan", "Parent Relationship": "Inner", "Relation Name": "title", "Alias": "t", "Startup Cost": 0.27, "Total Cost": 4.29, "Plan Rows": 1, "Plan Width": 21, "Actual Min Startup Time": 0.156, "Actual Max Startup Time": 0.156, "Actual Min Total Time": 0.156, "Actual Max Total Time": 0.156, "Actual Total Rows": 4, "Recheck Cond": "(id = mc.movie_id)", "Rows Removed by Index Recheck": 0, "Filter": "(production_year > 1990)", "Rows Removed by Filter": 2, "Exact Heap Blocks": 6, "Lossy Heap Blocks": 6, "Plans": [{"Node Type": "Bitmap Index Scan", "Parent Relationship": "Outer", "Index Name": "title_pkey", "Startup Cost": 0.0, "Total Cost": 0.27, "Plan Rows": 1, "Plan Width": 0, "Actual Min Startup Time": 0.081, "Actual Max Startup Time": 0.081, "Actual Min Total Time": 0.081, "Actual Max Total Time": 0.081, "Actual Total Rows": 6, "Index Cond": "(id = mc.movie_id)"}]}]}]}, "Triggers": [], "Planner Runtime": 30.111, "Total Runtime": 6666.226, "Unique SQL Id": 3145361615}}, "(64, 19)": {"explain_plan": {"Plan": {"Node Type": "Aggregate", "Strategy": "Plain", "Startup Cost": 3135635.86, "Total Cost": 3135635.87, "Plan Rows": 1, "Plan Width": 97, "Plans": [{"Node Type": "Merge Join", "Parent Relationship": "Outer", "Join Type": "Inner", "Startup Cost": 3062227.73, "Total Cost": 3130788.79, "Plan Rows": 969413, "Plan Width": 33, "Inner Unique": true, "Merge Cond": "(mc.movie_id = t.id)", "Plans": [{"Node Type": "Nested Loop", "Parent Relationship": "Outer", "Join Type": "Inner", "Startup Cost": 2764409.71, "Total Cost": 2812791.68, "Plan Rows": 699731, "Plan Width": 24, "Inner Unique": true, "Join Filter": "(mc.company_type_id = ct.id), (LLVM Optimized)", "Plans": [{"Node Type": "Merge Join", "Parent Relationship": "Outer", "Join Type": "Inner", "Startup Cost": 2764401.44, "Total Cost": 2781291.48, "Plan Rows": 699731, "Plan Width": 28, "Inner Unique": false, "Merge Cond": "(ci.movie_id = mc.movie_id)", "Plans": [{"Node Type": "Sort", "Parent Relationship": "Outer", "Startup Cost": 2220458.7, "Total Cost": 2222199.52, "Plan Rows": 696330, "Plan Width": 20, "Sort Key": ["ci.movie_id"], "Plans": [{"Node Type": "Merge Join", "Parent Relationship": "Outer", "Join Type": "Inner", "Startup Cost": 2142436.91, "Total Cost": 2152881.92, "Plan Rows": 696330, "Plan Width": 20, "Inner Unique": false, "Merge Cond": "(rt.id = ci.role_id)", "Plans": [{"Node Type": "Sort", "Parent Relationship": "Outer", "Startup Cost": 12.65, "Total Cost": 12.68, "Plan Rows": 12, "Plan Width": 4, "Sort Key": ["rt.id"], "Plans": [{"Node Type": "Bitmap Heap Scan", "Parent Relationship": "Outer", "Relation Name": "role_type", "Alias": "rt", "Startup Cost": 8.31, "Total Cost": 12.43, "Plan Rows": 12, "Plan Width": 4, "Plans": [{"Node Type": "Bitmap Index Scan", "Parent Relationship": "Outer", "Index Name": "role_type_pkey", "Startup Cost": 0.0, "Total Cost": 8.31, "Plan Rows": 12, "Plan Width": 0}]}]}, {"Node Type": "Sort", "Parent Relationship": "Inner", "Startup Cost": 2142424.26, "Total Cost": 2144165.09, "Plan Rows": 696330, "Plan Width": 24, "Sort Key": ["ci.role_id"], "Plans": [{"Node Type": "Merge Join", "Parent Relationship": "Outer", "Join Type": "Inner", "Startup Cost": 2048986.87, "Total Cost": 2074847.49, "Plan Rows": 696330, "Plan Width": 24, "Inner Unique": false, "Merge Cond": "(chn.id = ci.person_role_id)", "Plans": [{"Node Type": "Sort", "Parent Relationship": "Outer", "Startup Cost": 469325.95, "Total Cost": 477176.79, "Plan Rows": 3140338, "Plan Width": 20, "Sort Key": ["chn.id"], "Plans": [{"Node Type": "Bitmap Heap Scan", "Parent Relationship": "Outer", "Relation Name": "char_name", "Alias": "chn", "Startup Cost": 62951.02, "Total Cost": 130444.4, "Plan Rows": 3140338, "Plan Width": 20, "Plans": [{"Node Type": "Bitmap Index Scan", "Parent Relationship": "Outer", "Index Name": "char_name_pkey", "Startup Cost": 0.0, "Total Cost": 62165.94, "Plan Rows": 3140338, "Plan Width": 0}]}]}, {"Node Type": "Sort", "Parent Relationship": "Inner", "Startup Cost": 1579374.94, "Total Cost": 1582966.0, "Plan Rows": 1436424, "Plan Width": 12, "Sort Key": ["ci.person_role_id"], "Plans": [{"Node Type": "Bitmap Heap Scan", "Parent Relationship": "Outer", "Relation Name": "cast_info", "Alias": "ci", "Startup Cost": 739944.83, "Total Cost": 1432471.5, "Plan Rows": 1436424, "Plan Width": 12, "Filter": "((note)::text ~~ '%(producer)%'::text), (LLVM Optimized)", "Plans": [{"Node Type": "Bitmap Index Scan", "Parent Relationship": "Outer", "Index Name": "person_role_id_cast_info", "Startup Cost": 0.0, "Total Cost": 739585.72, "Plan Rows": 36259494, "Plan Width": 0}]}]}]}]}]}]}, {"Node Type": "Sort", "Parent Relationship": "Inner", "Startup Cost": 543942.68, "Total Cost": 547148.46, "Plan Rows": 1282311, "Plan Width": 8, "Sort Key": ["mc.movie_id"], "Plans": [{"Node Type": "Merge Join", "Parent Relationship": "Outer", "Join Type": "Inner", "Startup Cost": 387894.59, "Total Cost": 413850.21, "Plan Rows": 1282311, "Plan Width": 8, "Inner Unique": false, "Merge Cond": "(cn.id = mc.company_id)", "Plans": [{"Node Type": "Sort", "Parent Relationship": "Outer", "Startup Cost": 15678.57, "Total Cost": 15891.49, "Plan Rows": 85170, "Plan Width": 4, "Sort Key": ["cn.id"], "Plans": [{"Node Type": "Bitmap Heap Scan", "Parent Relationship": "Outer", "Relation Name": "company_name", "Alias": "cn", "Startup Cost": 2800.52, "Total Cost": 8703.97, "Plan Rows": 85170, "Plan Width": 4, "Filter": "((country_code)::text = '[us]'::text)", "Plans": [{"Node Type": "Bitmap Index Scan", "Parent Relationship": "Outer", "Index Name": "company_name_pkey", "Startup Cost": 0.0, "Total Cost": 2779.23, "Plan Rows": 234996, "Plan Width": 0}]}]}, {"Node Type": "Sort", "Parent Relationship": "Inner", "Startup Cost": 371877.05, "Total Cost": 378399.87, "Plan Rows": 2609128, "Plan Width": 12, "Sort Key": ["mc.company_id"], "Plans": [{"Node Type": "Bitmap Heap Scan", "Parent Relationship": "Outer", "Relation Name": "movie_companies", "Alias": "mc", "Startup Cost": 51990.17, "Total Cost": 93807.45, "Plan Rows": 2609128, "Plan Width": 12, "Plans": [{"Node Type": "Bitmap Index Scan", "Parent Relationship": "Outer", "Index Name": "movie_id_movie_companies", "Startup Cost": 0.0, "Total Cost": 51337.89, "Plan Rows": 2609128, "Plan Width": 0}]}]}]}]}]}, {"Node Type": "Materialize", "Parent Relationship": "Inner", "Startup Cost": 8.27, "Total Cost": 12.31, "Plan Rows": 3, "Plan Width": 4, "Plans": [{"Node Type": "Bitmap Heap Scan", "Parent Relationship": "Outer", "Relation Name": "company_type", "Alias": "ct", "Startup Cost": 8.27, "Total Cost": 12.3, "Plan Rows": 3, "Plan Width": 4, "Plans": [{"Node Type": "Bitmap Index Scan", "Parent Relationship": "Outer", "Index Name": "company_type_pkey", "Startup Cost": 0.0, "Total Cost": 8.27, "Plan Rows": 3, "Plan Width": 0}]}]}]}, {"Node Type": "Sort", "Parent Relationship": "Inner", "Startup Cost": 297817.83, "Total Cost": 302189.93, "Plan Rows": 1748840, "Plan Width": 21, "Sort Key": ["t.id"], "Plans": [{"Node Type": "Bitmap Heap Scan", "Parent Relationship": "Outer", "Relation Name": "title", "Alias": "t", "Startup Cost": 50091.01, "Total Cost": 116480.9, "Plan Rows": 1748840, "Plan Width": 21, "Filter": "(production_year > 1990), (LLVM Optimized)", "Plans": [{"Node Type": "Bitmap Index Scan", "Parent Relationship": "Outer", "Index Name": "title_pkey", "Startup Cost": 0.0, "Total Cost": 49653.81, "Plan Rows": 2528311, "Plan Width": 0}]}]}]}]}, "Unique SQL Id": 3145361615}, "explain_analyze_plan": null}, "(64, 20)": {"explain_plan": {"Plan": {"Node Type": "Aggregate", "Strategy": "Plain", "Startup Cost": 1300303.78, "Total Cost": 1300303.79, "Plan Rows": 1, "Plan Width": 97, "Plans": [{"Node Type": "Merge Join", "Parent Relationship": "Outer", "Join Type": "Inner", "Startup Cost": 1114939.33, "Total Cost": 1295456.72, "Plan Rows": 969413, "Plan Width": 33, "Inner Unique": true, "Merge Cond": "(mc.movie_id = t.id)", "Plans": [{"Node Type": "Nested Loop", "Parent Relationship": "Outer", "Join Type": "Inner", "Startup Cost": 1114936.7, "Total Cost": 1163315.67, "Plan Rows": 699731, "Plan Width": 24, "Inner Unique": true, "Join Filter": "(mc.company_type_id = ct.id), (LLVM Optimized)", "Plans": [{"Node Type": "Merge Join", "Parent Relationship": "Outer", "Join Type": "Inner", "Startup Cost": 1114936.7, "Total Cost": 1131826.74, "Plan Rows": 699731, "Plan Width": 28, "Inner Unique": false, "Merge Cond": "(ci.movie_id = mc.movie_id)", "Plans": [{"Node Type": "Sort", "Parent Relationship": "Outer", "Startup Cost": 831110.42, "Total Cost": 832851.25, "Plan Rows": 696330, "Plan Width": 20, "Sort Key": ["ci.movie_id"], "Plans": [{"Node Type": "Nested Loop", "Parent Relationship": "Outer", "Join Type": "Inner", "Startup Cost": 0.0, "Total Cost": 763533.64, "Plan Rows": 696330, "Plan Width": 20, "Inner Unique": true, "Plans": [{"Node Type": "Streaming(type: LOCAL GATHER dop: 1/64)", "Parent Relationship": "Outer", "Startup Cost": 0.0, "Total Cost": 170510.92, "Plan Rows": 1436424, "Plan Width": 8, "Plans": [{"Node Type": "Nested Loop", "Parent Relationship": "Outer", "Join Type": "Inner", "Startup Cost": 0.0, "Total Cost": 140877.67, "Plan Rows": 1436424, "Plan Width": 8, "Inner Unique": true, "Join Filter": "(ci.role_id = rt.id), (LLVM Optimized)", "Plans": [{"Node Type": "Seq Scan", "Parent Relationship": "Outer", "Relation Name": "cast_info", "Alias": "ci", "Startup Cost": 0.0, "Total Cost": 73820.73, "Plan Rows": 1436424, "Plan Width": 12, "Filter": "((note)::text ~~ '%(producer)%'::text), (LLVM Optimized)"}, {"Node Type": "Materialize", "Parent Relationship": "Inner", "Startup Cost": 0.0, "Total Cost": 63017.02, "Plan Rows": 768, "Plan Width": 4, "Plans": [{"Node Type": "Streaming(type: BROADCAST dop: 64/1)", "Parent Relationship": "Outer", "Startup Cost": 0.0, "Total Cost": 63016.96, "Plan Rows": 768, "Plan Width": 4, "Plans": [{"Node Type": "Seq Scan", "Parent Relationship": "Outer", "Relation Name": "role_type", "Alias": "rt", "Startup Cost": 0.0, "Total Cost": 1.12, "Plan Rows": 12, "Plan Width": 4}]}]}]}]}, {"Node Type": "Index Scan", "Parent Relationship": "Inner", "Scan Direction": "Forward", "Index Name": "char_name_pkey", "Relation Name": "char_name", "Alias": "chn", "Startup Cost": 0.0, "Total Cost": 0.4, "Plan Rows": 1, "Plan Width": 20, "Index Cond": "(id = ci.person_role_id)"}]}]}, {"Node Type": "Sort", "Parent Relationship": "Inner", "Startup Cost": 283826.21, "Total Cost": 287031.99, "Plan Rows": 1282311, "Plan Width": 8, "Sort Key": ["mc.movie_id"], "Plans": [{"Node Type": "Merge Join", "Parent Relationship": "Outer", "Join Type": "Inner", "Startup Cost": 3383.04, "Total Cost": 153733.74, "Plan Rows": 1282311, "Plan Width": 8, "Inner Unique": false, "Merge Cond": "(cn.id = mc.company_id)", "Plans": [{"Node Type": "Index Scan", "Parent Relationship": "Outer", "Scan Direction": "Forward", "Index Name": "company_name_pkey", "Relation Name": "company_name", "Alias": "cn", "Startup Cost": 0.0, "Total Cost": 10501.39, "Plan Rows": 85170, "Plan Width": 4, "Filter": "((country_code)::text = '[us]'::text)"}, {"Node Type": "Index Scan", "Parent Relationship": "Inner", "Scan Direction": "Forward", "Index Name": "company_id_movie_companies", "Relation Name": "movie_companies", "Alias": "mc", "Startup Cost": 0.0, "Total Cost": 123673.5, "Plan Rows": 2609128, "Plan Width": 12}]}]}]}, {"Node Type": "Materialize", "Parent Relationship": "Inner", "Startup Cost": 0.0, "Total Cost": 1.04, "Plan Rows": 3, "Plan Width": 4, "Plans": [{"Node Type": "Seq Scan", "Parent Relationship": "Outer", "Relation Name": "company_type", "Alias": "ct", "Startup Cost": 0.0, "Total Cost": 1.03, "Plan Rows": 3, "Plan Width": 4}]}]}, {"Node Type": "Index Scan", "Parent Relationship": "Inner", "Scan Direction": "Forward", "Index Name": "title_pkey", "Relation Name": "title", "Alias": "t", "Startup Cost": 0.0, "Total Cost": 116441.27, "Plan Rows": 1748840, "Plan Width": 21, "Filter": "(production_year > 1990), (LLVM Optimized)"}]}]}, "Unique SQL Id": 3145361615}, "explain_analyze_plan": null}, "(64, 21)": {"explain_plan": {"Plan": {"Node Type": "Aggregate", "Strategy": "Plain", "Startup Cost": 1741676.11, "Total Cost": 1741676.12, "Plan Rows": 1, "Plan Width": 97, "Plans": [{"Node Type": "Merge Join", "Parent Relationship": "Outer", "Join Type": "Inner", "Startup Cost": 1556300.39, "Total Cost": 1736829.05, "Plan Rows": 969413, "Plan Width": 33, "Inner Unique": true, "Merge Cond": "(mc.movie_id = t.id)", "Plans": [{"Node Type": "Nested Loop", "Parent Relationship": "Outer", "Join Type": "Inner", "Startup Cost": 1556297.77, "Total Cost": 1604688.01, "Plan Rows": 699731, "Plan Width": 24, "Inner Unique": true, "Join Filter": "(mc.company_type_id = ct.id), (LLVM Optimized)", "Plans": [{"Node Type": "Merge Join", "Parent Relationship": "Outer", "Join Type": "Inner", "Startup Cost": 1556297.77, "Total Cost": 1573187.81, "Plan Rows": 699731, "Plan Width": 28, "Inner Unique": false, "Merge Cond": "(ci.movie_id = mc.movie_id)", "Plans": [{"Node Type": "Sort", "Parent Relationship": "Outer", "Startup Cost": 1272471.49, "Total Cost": 1274212.32, "Plan Rows": 696330, "Plan Width": 20, "Sort Key": ["ci.movie_id"], "Plans": [{"Node Type": "Merge Join", "Parent Relationship": "Outer", "Join Type": "Inner", "Startup Cost": 1194438.34, "Total Cost": 1204894.71, "Plan Rows": 696330, "Plan Width": 20, "Inner Unique": false, "Merge Cond": "(rt.id = ci.role_id)", "Plans": [{"Node Type": "Index Scan", "Parent Relationship": "Outer", "Scan Direction": "Forward", "Index Name": "role_type_pkey", "Relation Name": "role_type", "Alias": "rt", "Startup Cost": 0.0, "Total Cost": 12.43, "Plan Rows": 12, "Plan Width": 4}, {"Node Type": "Sort", "Parent Relationship": "Inner", "Startup Cost": 1194438.34, "Total Cost": 1196179.17, "Plan Rows": 696330, "Plan Width": 24, "Sort Key": ["ci.role_id"], "Plans": [{"Node Type": "Merge Join", "Parent Relationship": "Outer", "Join Type": "Inner", "Startup Cost": 80674.47, "Total Cost": 1126861.56, "Plan Rows": 696330, "Plan Width": 24, "Inner Unique": false, "Merge Cond": "(chn.id = ci.person_role_id)", "Plans": [{"Node Type": "Index Scan", "Parent Relationship": "Outer", "Scan Direction": "Forward", "Index Name": "char_name_pkey", "Relation Name": "char_name", "Alias": "chn", "Startup Cost": 0.0, "Total Cost": 129875.46, "Plan Rows": 3140338, "Plan Width": 20}, {"Node Type": "Index Scan", "Parent Relationship": "Inner", "Scan Direction": "Forward", "Index Name": "person_role_id_cast_info", "Relation Name": "cast_info", "Alias": "ci", "Startup Cost": 0.0, "Total Cost": 2022508.08, "Plan Rows": 1436424, "Plan Width": 12, "Filter": "((note)::text ~~ '%(producer)%'::text), (LLVM Optimized)"}]}]}]}]}, {"Node Type": "Sort", "Parent Relationship": "Inner", "Startup Cost": 283826.21, "Total Cost": 287031.99, "Plan Rows": 1282311, "Plan Width": 8, "Sort Key": ["mc.movie_id"], "Plans": [{"Node Type": "Merge Join", "Parent Relationship": "Outer", "Join Type": "Inner", "Startup Cost": 3383.04, "Total Cost": 153733.74, "Plan Rows": 1282311, "Plan Width": 8, "Inner Unique": false, "Merge Cond": "(cn.id = mc.company_id)", "Plans": [{"Node Type": "Index Scan", "Parent Relationship": "Outer", "Scan Direction": "Forward", "Index Name": "company_name_pkey", "Relation Name": "company_name", "Alias": "cn", "Startup Cost": 0.0, "Total Cost": 10501.39, "Plan Rows": 85170, "Plan Width": 4, "Filter": "((country_code)::text = '[us]'::text)"}, {"Node Type": "Index Scan", "Parent Relationship": "Inner", "Scan Direction": "Forward", "Index Name": "company_id_movie_companies", "Relation Name": "movie_companies", "Alias": "mc", "Startup Cost": 0.0, "Total Cost": 123673.5, "Plan Rows": 2609128, "Plan Width": 12}]}]}]}, {"Node Type": "Materialize", "Parent Relationship": "Inner", "Startup Cost": 0.0, "Total Cost": 12.31, "Plan Rows": 3, "Plan Width": 4, "Plans": [{"Node Type": "Index Scan", "Parent Relationship": "Outer", "Scan Direction": "Forward", "Index Name": "company_type_pkey", "Relation Name": "company_type", "Alias": "ct", "Startup Cost": 0.0, "Total Cost": 12.29, "Plan Rows": 3, "Plan Width": 4}]}]}, {"Node Type": "Index Scan", "Parent Relationship": "Inner", "Scan Direction": "Forward", "Index Name": "title_pkey", "Relation Name": "title", "Alias": "t", "Startup Cost": 0.0, "Total Cost": 116441.27, "Plan Rows": 1748840, "Plan Width": 21, "Filter": "(production_year > 1990), (LLVM Optimized)"}]}]}, "Unique SQL Id": 3145361615}, "explain_analyze_plan": null}, "(64, 22)": {"explain_plan": {"Plan": {"Node Type": "Aggregate", "Strategy": "Plain", "Startup Cost": 10040778.45, "Total Cost": 10040778.46, "Plan Rows": 1, "Plan Width": 97, "Plans": [{"Node Type": "Nested Loop", "Parent Relationship": "Outer", "Join Type": "Inner", "Startup Cost": 6854900.92, "Total Cost": 10035931.38, "Plan Rows": 969413, "Plan Width": 33, "Inner Unique": true, "Plans": [{"Node Type": "Nested Loop", "Parent Relationship": "Outer", "Join Type": "Inner", "Startup Cost": 6854900.65, "Total Cost": 7029232.35, "Plan Rows": 699731, "Plan Width": 24, "Inner Unique": true, "Join Filter": "(ci.role_id = rt.id), (LLVM Optimized)", "Plans": [{"Node Type": "Nested Loop", "Parent Relationship": "Outer", "Join Type": "Inner", "Startup Cost": 6854900.65, "Total Cost": 6903279.62, "Plan Rows": 699731, "Plan Width": 28, "Inner Unique": true, "Join Filter": "(mc.company_type_id = ct.id), (LLVM Optimized)", "Plans": [{"Node Type": "Merge Join", "Parent Relationship": "Outer", "Join Type": "Inner", "Startup Cost": 6854900.65, "Total Cost": 6871790.69, "Plan Rows": 699731, "Plan Width": 32, "Inner Unique": false, "Merge Cond": "(ci.movie_id = mc.movie_id)", "Plans": [{"Node Type": "Sort", "Parent Relationship": "Outer", "Startup Cost": 6365748.59, "Total Cost": 6367489.42, "Plan Rows": 696330, "Plan Width": 24, "Sort Key": ["ci.movie_id"], "Plans": [{"Node Type": "Nested Loop", "Parent Relationship": "Outer", "Join Type": "Inner", "Startup Cost": 0.29, "Total Cost": 6298171.81, "Plan Rows": 696330, "Plan Width": 24, "Inner Unique": true, "Plans": [{"Node Type": "Streaming(type: LOCAL GATHER dop: 1/64)", "Parent Relationship": "Outer", "Startup Cost": 0.0, "Total Cost": 103453.99, "Plan Rows": 1436424, "Plan Width": 12, "Plans": [{"Node Type": "Seq Scan", "Parent Relationship": "Outer", "Relation Name": "cast_info", "Alias": "ci", "Startup Cost": 0.0, "Total Cost": 73820.73, "Plan Rows": 1436424, "Plan Width": 12, "Filter": "((note)::text ~~ '%(producer)%'::text), (LLVM Optimized)"}]}, {"Node Type": "Bitmap Heap Scan", "Parent Relationship": "Inner", "Relation Name": "char_name", "Alias": "chn", "Startup Cost": 0.29, "Total Cost": 4.3, "Plan Rows": 1, "Plan Width": 20, "Recheck Cond": "(id = ci.person_role_id)", "Plans": [{"Node Type": "Bitmap Index Scan", "Parent Relationship": "Outer", "Index Name": "char_name_pkey", "Startup Cost": 0.0, "Total Cost": 0.29, "Plan Rows": 1, "Plan Width": 0, "Index Cond": "(id = ci.person_role_id)"}]}]}]}, {"Node Type": "Sort", "Parent Relationship": "Inner", "Startup Cost": 489151.99, "Total Cost": 492357.77, "Plan Rows": 1282311, "Plan Width": 8, "Sort Key": ["mc.movie_id"], "Plans": [{"Node Type": "Merge Join", "Parent Relationship": "Outer", "Join Type": "Inner", "Startup Cost": 333103.9, "Total Cost": 359059.52, "Plan Rows": 1282311, "Plan Width": 8, "Inner Unique": false, "Merge Cond": "(cn.id = mc.company_id)", "Plans": [{"Node Type": "Sort", "Parent Relationship": "Outer", "Startup Cost": 12878.05, "Total Cost": 13090.97, "Plan Rows": 85170, "Plan Width": 4, "Sort Key": ["cn.id"], "Plans": [{"Node Type": "Seq Scan", "Parent Relationship": "Outer", "Relation Name": "company_name", "Alias": "cn", "Startup Cost": 0.0, "Total Cost": 5903.45, "Plan Rows": 85170, "Plan Width": 4, "Filter": "((country_code)::text = '[us]'::text)"}]}, {"Node Type": "Sort", "Parent Relationship": "Inner", "Startup Cost": 319886.87, "Total Cost": 326409.69, "Plan Rows": 2609128, "Plan Width": 12, "Sort Key": ["mc.company_id"], "Plans": [{"Node Type": "Seq Scan", "Parent Relationship": "Outer", "Relation Name": "movie_companies", "Alias": "mc", "Startup Cost": 0.0, "Total Cost": 41817.28, "Plan Rows": 2609128, "Plan Width": 12}]}]}]}]}, {"Node Type": "Materialize", "Parent Relationship": "Inner", "Startup Cost": 0.0, "Total Cost": 1.04, "Plan Rows": 3, "Plan Width": 4, "Plans": [{"Node Type": "Seq Scan", "Parent Relationship": "Outer", "Relation Name": "company_type", "Alias": "ct", "Startup Cost": 0.0, "Total Cost": 1.03, "Plan Rows": 3, "Plan Width": 4}]}]}, {"Node Type": "Materialize", "Parent Relationship": "Inner", "Startup Cost": 0.0, "Total Cost": 1.18, "Plan Rows": 12, "Plan Width": 4, "Plans": [{"Node Type": "Seq Scan", "Parent Relationship": "Outer", "Relation Name": "role_type", "Alias": "rt", "Startup Cost": 0.0, "Total Cost": 1.12, "Plan Rows": 12, "Plan Width": 4}]}]}, {"Node Type": "Bitmap Heap Scan", "Parent Relationship": "Inner", "Relation Name": "title", "Alias": "t", "Startup Cost": 0.27, "Total Cost": 4.29, "Plan Rows": 1, "Plan Width": 21, "Recheck Cond": "(id = mc.movie_id)", "Filter": "(production_year > 1990)", "Plans": [{"Node Type": "Bitmap Index Scan", "Parent Relationship": "Outer", "Index Name": "title_pkey", "Startup Cost": 0.0, "Total Cost": 0.27, "Plan Rows": 1, "Plan Width": 0, "Index Cond": "(id = mc.movie_id)"}]}]}]}, "Unique SQL Id": 3145361615}, "explain_analyze_plan": {"Plan": {"Node Type": "Aggregate", "Strategy": "Plain", "Startup Cost": 10040778.45, "Total Cost": 10040778.46, "Plan Rows": 1, "Plan Width": 97, "Actual Min Startup Time": 6641.266, "Actual Max Startup Time": 6641.266, "Actual Min Total Time": 6641.267, "Actual Max Total Time": 6641.267, "Actual Total Rows": 1, "Plans": [{"Node Type": "Nested Loop", "Parent Relationship": "Outer", "Join Type": "Inner", "Startup Cost": 6854900.92, "Total Cost": 10035931.38, "Plan Rows": 969413, "Plan Width": 33, "Actual Min Startup Time": 6456.075, "Actual Max Startup Time": 6456.075, "Actual Min Total Time": 6641.227, "Actual Max Total Time": 6641.227, "Actual Total Rows": 4, "Inner Unique": true, "Plans": [{"Node Type": "Nested Loop", "Parent Relationship": "Outer", "Join Type": "Inner", "Startup Cost": 6854900.65, "Total Cost": 7029232.35, "Plan Rows": 699731, "Plan Width": 24, "Actual Min Startup Time": 6455.983, "Actual Max Startup Time": 6455.983, "Actual Min Total Time": 6641.026, "Actual Max Total Time": 6641.026, "Actual Total Rows": 6, "Inner Unique": true, "Join Filter": "(ci.role_id = rt.id), (LLVM Optimized, Jit Execute)", "Rows Removed by Join Filter": 0, "Plans": [{"Node Type": "Nested Loop", "Parent Relationship": "Outer", "Join Type": "Inner", "Startup Cost": 6854900.65, "Total Cost": 6903279.62, "Plan Rows": 699731, "Plan Width": 28, "Actual Min Startup Time": 6455.927, "Actual Max Startup Time": 6455.927, "Actual Min Total Time": 6640.959, "Actual Max Total Time": 6640.959, "Actual Total Rows": 6, "Inner Unique": true, "Join Filter": "(mc.company_type_id = ct.id), (LLVM Optimized, Jit Execute)", "Rows Removed by Join Filter": 24, "Plans": [{"Node Type": "Merge Join", "Parent Relationship": "Outer", "Join Type": "Inner", "Startup Cost": 6854900.65, "Total Cost": 6871790.69, "Plan Rows": 699731, "Plan Width": 32, "Actual Min Startup Time": 6455.886, "Actual Max Startup Time": 6455.886, "Actual Min Total Time": 6640.893, "Actual Max Total Time": 6640.893, "Actual Total Rows": 14, "Inner Unique": false, "Merge Cond": "(ci.movie_id = mc.movie_id)", "Plans": [{"Node Type": "Sort", "Parent Relationship": "Outer", "Startup Cost": 6365748.59, "Total Cost": 6367489.42, "Plan Rows": 696330, "Plan Width": 24, "Actual Min Startup Time": 2654.168, "Actual Max Startup Time": 2654.168, "Actual Min Total Time": 2654.173, "Actual Max Total Time": 2654.173, "Actual Total Rows": 15, "Sort Key": ["ci.movie_id"], "Sort Method": "quicksort", "Sort Space Min Used": 26, "Sort Space Max Used": 26, "Sort Space Type": "Memory", "Plans": [{"Node Type": "Nested Loop", "Parent Relationship": "Outer", "Join Type": "Inner", "Startup Cost": 0.29, "Total Cost": 6298171.81, "Plan Rows": 696330, "Plan Width": 24, "Actual Min Startup Time": 171.125, "Actual Max Startup Time": 171.125, "Actual Min Total Time": 2654.108, "Actual Max Total Time": 2654.108, "Actual Total Rows": 15, "Inner Unique": true, "Plans": [{"Node Type": "Streaming(type: LOCAL GATHER dop: 1/64)", "Parent Relationship": "Outer", "Startup Cost": 0.0, "Total Cost": 103453.99, "Plan Rows": 1436424, "Plan Width": 12, "Actual Min Startup Time": 150.568, "Actual Max Startup Time": 150.568, "Actual Min Total Time": 635.808, "Actual Max Total Time": 635.808, "Actual Total Rows": 1435439, "Plans": [{"Node Type": "Seq Scan", "Parent Relationship": "Outer", "Relation Name": "cast_info", "Alias": "ci", "Startup Cost": 0.0, "Total Cost": 73820.73, "Plan Rows": 1436424, "Plan Width": 12, "Actual Min Startup Time": 13.217, "Actual Max Startup Time": 89.662, "Actual Min Total Time": 173.314, "Actual Max Total Time": 193.495, "Actual Total Rows": 1435439, "Filter": "((note)::text ~~ '%(producer)%'::text), (LLVM Optimized, Jit Execute)", "Rows Removed by Filter": 34808904}]}, {"Node Type": "Bitmap Heap Scan", "Parent Relationship": "Inner", "Relation Name": "char_name", "Alias": "chn", "Startup Cost": 0.29, "Total Cost": 4.3, "Plan Rows": 1, "Plan Width": 20, "Actual Min Startup Time": 814.518, "Actual Max Startup Time": 814.518, "Actual Min Total Time": 814.518, "Actual Max Total Time": 814.518, "Actual Total Rows": 15, "Recheck Cond": "(id = ci.person_role_id)", "Rows Removed by Index Recheck": 0, "Exact Heap Blocks": 15, "Lossy Heap Blocks": 15, "Plans": [{"Node Type": "Bitmap Index Scan", "Parent Relationship": "Outer", "Index Name": "char_name_pkey", "Startup Cost": 0.0, "Total Cost": 0.29, "Plan Rows": 1, "Plan Width": 0, "Actual Min Startup Time": 308.51, "Actual Max Startup Time": 308.51, "Actual Min Total Time": 308.51, "Actual Max Total Time": 308.51, "Actual Total Rows": 15, "Index Cond": "(id = ci.person_role_id)"}]}]}]}, {"Node Type": "Sort", "Parent Relationship": "Inner", "Startup Cost": 489151.99, "Total Cost": 492357.77, "Plan Rows": 1282311, "Plan Width": 8, "Actual Min Startup Time": 3579.529, "Actual Max Startup Time": 3579.529, "Actual Min Total Time": 3839.741, "Actual Max Total Time": 3839.741, "Actual Total Rows": 1147175, "Sort Key": ["mc.movie_id"], "Sort Method": "quicksort", "Sort Space Min Used": 121265, "Sort Space Max Used": 121265, "Sort Space Type": "Memory", "Plans": [{"Node Type": "Merge Join", "Parent Relationship": "Outer", "Join Type": "Inner", "Startup Cost": 333103.9, "Total Cost": 359059.52, "Plan Rows": 1282311, "Plan Width": 8, "Actual Min Startup Time": 1821.454, "Actual Max Startup Time": 1821.454, "Actual Min Total Time": 3096.923, "Actual Max Total Time": 3096.923, "Actual Total Rows": 1153797, "Inner Unique": false, "Merge Cond": "(cn.id = mc.company_id)", "Plans": [{"Node Type": "Sort", "Parent Relationship": "Outer", "Startup Cost": 12878.05, "Total Cost": 13090.97, "Plan Rows": 85170, "Plan Width": 4, "Actual Min Startup Time": 120.519, "Actual Max Startup Time": 120.519, "Actual Min Total Time": 140.559, "Actual Max Total Time": 140.559, "Actual Total Rows": 84843, "Sort Key": ["cn.id"], "Sort Method": "quicksort", "Sort Space Min Used": 8375, "Sort Space Max Used": 8375, "Sort Space Type": "Memory", "Plans": [{"Node Type": "Seq Scan", "Parent Relationship": "Outer", "Relation Name": "company_name", "Alias": "cn", "Startup Cost": 0.0, "Total Cost": 5903.45, "Plan Rows": 85170, "Plan Width": 4, "Actual Min Startup Time": 0.054, "Actual Max Startup Time": 0.054, "Actual Min Total Time": 89.748, "Actual Max Total Time": 89.748, "Actual Total Rows": 84843, "Filter": "((country_code)::text = '[us]'::text)", "Rows Removed by Filter": 150153}]}, {"Node Type": "Sort", "Parent Relationship": "Inner", "Startup Cost": 319886.87, "Total Cost": 326409.69, "Plan Rows": 2609128, "Plan Width": 12, "Actual Min Startup Time": 1700.922, "Actual Max Startup Time": 1700.922, "Actual Min Total Time": 2423.248, "Actual Max Total Time": 2423.248, "Actual Total Rows": 2609128, "Sort Key": ["mc.company_id"], "Sort Method": "quicksort", "Sort Space Min Used": 342910, "Sort Space Max Used": 342910, "Sort Space Type": "Memory", "Plans": [{"Node Type": "Seq Scan", "Parent Relationship": "Outer", "Relation Name": "movie_companies", "Alias": "mc", "Startup Cost": 0.0, "Total Cost": 41817.28, "Plan Rows": 2609128, "Plan Width": 12, "Actual Min Startup Time": 0.04, "Actual Max Startup Time": 0.04, "Actual Min Total Time": 729.283, "Actual Max Total Time": 729.283, "Actual Total Rows": 2609128}]}]}]}]}, {"Node Type": "Materialize", "Parent Relationship": "Inner", "Startup Cost": 0.0, "Total Cost": 1.04, "Plan Rows": 3, "Plan Width": 4, "Actual Min Startup Time": 0.029, "Actual Max Startup Time": 0.029, "Actual Min Total Time": 0.03, "Actual Max Total Time": 0.03, "Actual Total Rows": 31, "Plans": [{"Node Type": "Seq Scan", "Parent Relationship": "Outer", "Relation Name": "company_type", "Alias": "ct", "Startup Cost": 0.0, "Total Cost": 1.03, "Plan Rows": 3, "Plan Width": 4, "Actual Min Startup Time": 0.007, "Actual Max Startup Time": 0.007, "Actual Min Total Time": 0.008, "Actual Max Total Time": 0.008, "Actual Total Rows": 3}]}]}, {"Node Type": "Materialize", "Parent Relationship": "Inner", "Startup Cost": 0.0, "Total Cost": 1.18, "Plan Rows": 12, "Plan Width": 4, "Actual Min Startup Time": 0.045, "Actual Max Startup Time": 0.045, "Actual Min Total Time": 0.045, "Actual Max Total Time": 0.045, "Actual Total Rows": 7, "Plans": [{"Node Type": "Seq Scan", "Parent Relationship": "Outer", "Relation Name": "role_type", "Alias": "rt", "Startup Cost": 0.0, "Total Cost": 1.12, "Plan Rows": 12, "Plan Width": 4, "Actual Min Startup Time": 0.025, "Actual Max Startup Time": 0.025, "Actual Min Total Time": 0.03, "Actual Max Total Time": 0.03, "Actual Total Rows": 12}]}]}, {"Node Type": "Bitmap Heap Scan", "Parent Relationship": "Inner", "Relation Name": "title", "Alias": "t", "Startup Cost": 0.27, "Total Cost": 4.29, "Plan Rows": 1, "Plan Width": 21, "Actual Min Startup Time": 0.156, "Actual Max Startup Time": 0.156, "Actual Min Total Time": 0.156, "Actual Max Total Time": 0.156, "Actual Total Rows": 4, "Recheck Cond": "(id = mc.movie_id)", "Rows Removed by Index Recheck": 0, "Filter": "(production_year > 1990)", "Rows Removed by Filter": 2, "Exact Heap Blocks": 6, "Lossy Heap Blocks": 6, "Plans": [{"Node Type": "Bitmap Index Scan", "Parent Relationship": "Outer", "Index Name": "title_pkey", "Startup Cost": 0.0, "Total Cost": 0.27, "Plan Rows": 1, "Plan Width": 0, "Actual Min Startup Time": 0.081, "Actual Max Startup Time": 0.081, "Actual Min Total Time": 0.081, "Actual Max Total Time": 0.081, "Actual Total Rows": 6, "Index Cond": "(id = mc.movie_id)"}]}]}]}, "Triggers": [], "Planner Runtime": 30.111, "Total Runtime": 6666.226, "Unique SQL Id": 3145361615}}, "(64, 23)": {"explain_plan": {"Plan": {"Node Type": "Aggregate", "Strategy": "Plain", "Startup Cost": 3135635.86, "Total Cost": 3135635.87, "Plan Rows": 1, "Plan Width": 97, "Plans": [{"Node Type": "Merge Join", "Parent Relationship": "Outer", "Join Type": "Inner", "Startup Cost": 3062227.73, "Total Cost": 3130788.79, "Plan Rows": 969413, "Plan Width": 33, "Inner Unique": true, "Merge Cond": "(mc.movie_id = t.id)", "Plans": [{"Node Type": "Nested Loop", "Parent Relationship": "Outer", "Join Type": "Inner", "Startup Cost": 2764409.71, "Total Cost": 2812791.68, "Plan Rows": 699731, "Plan Width": 24, "Inner Unique": true, "Join Filter": "(mc.company_type_id = ct.id), (LLVM Optimized)", "Plans": [{"Node Type": "Merge Join", "Parent Relationship": "Outer", "Join Type": "Inner", "Startup Cost": 2764401.44, "Total Cost": 2781291.48, "Plan Rows": 699731, "Plan Width": 28, "Inner Unique": false, "Merge Cond": "(ci.movie_id = mc.movie_id)", "Plans": [{"Node Type": "Sort", "Parent Relationship": "Outer", "Startup Cost": 2220458.7, "Total Cost": 2222199.52, "Plan Rows": 696330, "Plan Width": 20, "Sort Key": ["ci.movie_id"], "Plans": [{"Node Type": "Merge Join", "Parent Relationship": "Outer", "Join Type": "Inner", "Startup Cost": 2142436.91, "Total Cost": 2152881.92, "Plan Rows": 696330, "Plan Width": 20, "Inner Unique": false, "Merge Cond": "(rt.id = ci.role_id)", "Plans": [{"Node Type": "Sort", "Parent Relationship": "Outer", "Startup Cost": 12.65, "Total Cost": 12.68, "Plan Rows": 12, "Plan Width": 4, "Sort Key": ["rt.id"], "Plans": [{"Node Type": "Bitmap Heap Scan", "Parent Relationship": "Outer", "Relation Name": "role_type", "Alias": "rt", "Startup Cost": 8.31, "Total Cost": 12.43, "Plan Rows": 12, "Plan Width": 4, "Plans": [{"Node Type": "Bitmap Index Scan", "Parent Relationship": "Outer", "Index Name": "role_type_pkey", "Startup Cost": 0.0, "Total Cost": 8.31, "Plan Rows": 12, "Plan Width": 0}]}]}, {"Node Type": "Sort", "Parent Relationship": "Inner", "Startup Cost": 2142424.26, "Total Cost": 2144165.09, "Plan Rows": 696330, "Plan Width": 24, "Sort Key": ["ci.role_id"], "Plans": [{"Node Type": "Merge Join", "Parent Relationship": "Outer", "Join Type": "Inner", "Startup Cost": 2048986.87, "Total Cost": 2074847.49, "Plan Rows": 696330, "Plan Width": 24, "Inner Unique": false, "Merge Cond": "(chn.id = ci.person_role_id)", "Plans": [{"Node Type": "Sort", "Parent Relationship": "Outer", "Startup Cost": 469325.95, "Total Cost": 477176.79, "Plan Rows": 3140338, "Plan Width": 20, "Sort Key": ["chn.id"], "Plans": [{"Node Type": "Bitmap Heap Scan", "Parent Relationship": "Outer", "Relation Name": "char_name", "Alias": "chn", "Startup Cost": 62951.02, "Total Cost": 130444.4, "Plan Rows": 3140338, "Plan Width": 20, "Plans": [{"Node Type": "Bitmap Index Scan", "Parent Relationship": "Outer", "Index Name": "char_name_pkey", "Startup Cost": 0.0, "Total Cost": 62165.94, "Plan Rows": 3140338, "Plan Width": 0}]}]}, {"Node Type": "Sort", "Parent Relationship": "Inner", "Startup Cost": 1579374.94, "Total Cost": 1582966.0, "Plan Rows": 1436424, "Plan Width": 12, "Sort Key": ["ci.person_role_id"], "Plans": [{"Node Type": "Bitmap Heap Scan", "Parent Relationship": "Outer", "Relation Name": "cast_info", "Alias": "ci", "Startup Cost": 739944.83, "Total Cost": 1432471.5, "Plan Rows": 1436424, "Plan Width": 12, "Filter": "((note)::text ~~ '%(producer)%'::text), (LLVM Optimized)", "Plans": [{"Node Type": "Bitmap Index Scan", "Parent Relationship": "Outer", "Index Name": "person_role_id_cast_info", "Startup Cost": 0.0, "Total Cost": 739585.72, "Plan Rows": 36259494, "Plan Width": 0}]}]}]}]}]}]}, {"Node Type": "Sort", "Parent Relationship": "Inner", "Startup Cost": 543942.68, "Total Cost": 547148.46, "Plan Rows": 1282311, "Plan Width": 8, "Sort Key": ["mc.movie_id"], "Plans": [{"Node Type": "Merge Join", "Parent Relationship": "Outer", "Join Type": "Inner", "Startup Cost": 387894.59, "Total Cost": 413850.21, "Plan Rows": 1282311, "Plan Width": 8, "Inner Unique": false, "Merge Cond": "(cn.id = mc.company_id)", "Plans": [{"Node Type": "Sort", "Parent Relationship": "Outer", "Startup Cost": 15678.57, "Total Cost": 15891.49, "Plan Rows": 85170, "Plan Width": 4, "Sort Key": ["cn.id"], "Plans": [{"Node Type": "Bitmap Heap Scan", "Parent Relationship": "Outer", "Relation Name": "company_name", "Alias": "cn", "Startup Cost": 2800.52, "Total Cost": 8703.97, "Plan Rows": 85170, "Plan Width": 4, "Filter": "((country_code)::text = '[us]'::text)", "Plans": [{"Node Type": "Bitmap Index Scan", "Parent Relationship": "Outer", "Index Name": "company_name_pkey", "Startup Cost": 0.0, "Total Cost": 2779.23, "Plan Rows": 234996, "Plan Width": 0}]}]}, {"Node Type": "Sort", "Parent Relationship": "Inner", "Startup Cost": 371877.05, "Total Cost": 378399.87, "Plan Rows": 2609128, "Plan Width": 12, "Sort Key": ["mc.company_id"], "Plans": [{"Node Type": "Bitmap Heap Scan", "Parent Relationship": "Outer", "Relation Name": "movie_companies", "Alias": "mc", "Startup Cost": 51990.17, "Total Cost": 93807.45, "Plan Rows": 2609128, "Plan Width": 12, "Plans": [{"Node Type": "Bitmap Index Scan", "Parent Relationship": "Outer", "Index Name": "movie_id_movie_companies", "Startup Cost": 0.0, "Total Cost": 51337.89, "Plan Rows": 2609128, "Plan Width": 0}]}]}]}]}]}, {"Node Type": "Materialize", "Parent Relationship": "Inner", "Startup Cost": 8.27, "Total Cost": 12.31, "Plan Rows": 3, "Plan Width": 4, "Plans": [{"Node Type": "Bitmap Heap Scan", "Parent Relationship": "Outer", "Relation Name": "company_type", "Alias": "ct", "Startup Cost": 8.27, "Total Cost": 12.3, "Plan Rows": 3, "Plan Width": 4, "Plans": [{"Node Type": "Bitmap Index Scan", "Parent Relationship": "Outer", "Index Name": "company_type_pkey", "Startup Cost": 0.0, "Total Cost": 8.27, "Plan Rows": 3, "Plan Width": 0}]}]}]}, {"Node Type": "Sort", "Parent Relationship": "Inner", "Startup Cost": 297817.83, "Total Cost": 302189.93, "Plan Rows": 1748840, "Plan Width": 21, "Sort Key": ["t.id"], "Plans": [{"Node Type": "Bitmap Heap Scan", "Parent Relationship": "Outer", "Relation Name": "title", "Alias": "t", "Startup Cost": 50091.01, "Total Cost": 116480.9, "Plan Rows": 1748840, "Plan Width": 21, "Filter": "(production_year > 1990), (LLVM Optimized)", "Plans": [{"Node Type": "Bitmap Index Scan", "Parent Relationship": "Outer", "Index Name": "title_pkey", "Startup Cost": 0.0, "Total Cost": 49653.81, "Plan Rows": 2528311, "Plan Width": 0}]}]}]}]}, "Unique SQL Id": 3145361615}, "explain_analyze_plan": null}, "(64, 24)": {"explain_plan": {"Plan": {"Node Type": "Aggregate", "Strategy": "Plain", "Startup Cost": 1300303.78, "Total Cost": 1300303.79, "Plan Rows": 1, "Plan Width": 97, "Plans": [{"Node Type": "Merge Join", "Parent Relationship": "Outer", "Join Type": "Inner", "Startup Cost": 1114939.33, "Total Cost": 1295456.72, "Plan Rows": 969413, "Plan Width": 33, "Inner Unique": true, "Merge Cond": "(mc.movie_id = t.id)", "Plans": [{"Node Type": "Nested Loop", "Parent Relationship": "Outer", "Join Type": "Inner", "Startup Cost": 1114936.7, "Total Cost": 1163315.67, "Plan Rows": 699731, "Plan Width": 24, "Inner Unique": true, "Join Filter": "(mc.company_type_id = ct.id), (LLVM Optimized)", "Plans": [{"Node Type": "Merge Join", "Parent Relationship": "Outer", "Join Type": "Inner", "Startup Cost": 1114936.7, "Total Cost": 1131826.74, "Plan Rows": 699731, "Plan Width": 28, "Inner Unique": false, "Merge Cond": "(ci.movie_id = mc.movie_id)", "Plans": [{"Node Type": "Sort", "Parent Relationship": "Outer", "Startup Cost": 831110.42, "Total Cost": 832851.25, "Plan Rows": 696330, "Plan Width": 20, "Sort Key": ["ci.movie_id"], "Plans": [{"Node Type": "Nested Loop", "Parent Relationship": "Outer", "Join Type": "Inner", "Startup Cost": 0.0, "Total Cost": 763533.64, "Plan Rows": 696330, "Plan Width": 20, "Inner Unique": true, "Plans": [{"Node Type": "Streaming(type: LOCAL GATHER dop: 1/64)", "Parent Relationship": "Outer", "Startup Cost": 0.0, "Total Cost": 170510.92, "Plan Rows": 1436424, "Plan Width": 8, "Plans": [{"Node Type": "Nested Loop", "Parent Relationship": "Outer", "Join Type": "Inner", "Startup Cost": 0.0, "Total Cost": 140877.67, "Plan Rows": 1436424, "Plan Width": 8, "Inner Unique": true, "Join Filter": "(ci.role_id = rt.id), (LLVM Optimized)", "Plans": [{"Node Type": "Seq Scan", "Parent Relationship": "Outer", "Relation Name": "cast_info", "Alias": "ci", "Startup Cost": 0.0, "Total Cost": 73820.73, "Plan Rows": 1436424, "Plan Width": 12, "Filter": "((note)::text ~~ '%(producer)%'::text), (LLVM Optimized)"}, {"Node Type": "Materialize", "Parent Relationship": "Inner", "Startup Cost": 0.0, "Total Cost": 63017.02, "Plan Rows": 768, "Plan Width": 4, "Plans": [{"Node Type": "Streaming(type: BROADCAST dop: 64/1)", "Parent Relationship": "Outer", "Startup Cost": 0.0, "Total Cost": 63016.96, "Plan Rows": 768, "Plan Width": 4, "Plans": [{"Node Type": "Seq Scan", "Parent Relationship": "Outer", "Relation Name": "role_type", "Alias": "rt", "Startup Cost": 0.0, "Total Cost": 1.12, "Plan Rows": 12, "Plan Width": 4}]}]}]}]}, {"Node Type": "Index Scan", "Parent Relationship": "Inner", "Scan Direction": "Forward", "Index Name": "char_name_pkey", "Relation Name": "char_name", "Alias": "chn", "Startup Cost": 0.0, "Total Cost": 0.4, "Plan Rows": 1, "Plan Width": 20, "Index Cond": "(id = ci.person_role_id)"}]}]}, {"Node Type": "Sort", "Parent Relationship": "Inner", "Startup Cost": 283826.21, "Total Cost": 287031.99, "Plan Rows": 1282311, "Plan Width": 8, "Sort Key": ["mc.movie_id"], "Plans": [{"Node Type": "Merge Join", "Parent Relationship": "Outer", "Join Type": "Inner", "Startup Cost": 3383.04, "Total Cost": 153733.74, "Plan Rows": 1282311, "Plan Width": 8, "Inner Unique": false, "Merge Cond": "(cn.id = mc.company_id)", "Plans": [{"Node Type": "Index Scan", "Parent Relationship": "Outer", "Scan Direction": "Forward", "Index Name": "company_name_pkey", "Relation Name": "company_name", "Alias": "cn", "Startup Cost": 0.0, "Total Cost": 10501.39, "Plan Rows": 85170, "Plan Width": 4, "Filter": "((country_code)::text = '[us]'::text)"}, {"Node Type": "Index Scan", "Parent Relationship": "Inner", "Scan Direction": "Forward", "Index Name": "company_id_movie_companies", "Relation Name": "movie_companies", "Alias": "mc", "Startup Cost": 0.0, "Total Cost": 123673.5, "Plan Rows": 2609128, "Plan Width": 12}]}]}]}, {"Node Type": "Materialize", "Parent Relationship": "Inner", "Startup Cost": 0.0, "Total Cost": 1.04, "Plan Rows": 3, "Plan Width": 4, "Plans": [{"Node Type": "Seq Scan", "Parent Relationship": "Outer", "Relation Name": "company_type", "Alias": "ct", "Startup Cost": 0.0, "Total Cost": 1.03, "Plan Rows": 3, "Plan Width": 4}]}]}, {"Node Type": "Index Scan", "Parent Relationship": "Inner", "Scan Direction": "Forward", "Index Name": "title_pkey", "Relation Name": "title", "Alias": "t", "Startup Cost": 0.0, "Total Cost": 116441.27, "Plan Rows": 1748840, "Plan Width": 21, "Filter": "(production_year > 1990), (LLVM Optimized)"}]}]}, "Unique SQL Id": 3145361615}, "explain_analyze_plan": null}, "(64, 25)": {"explain_plan": {"Plan": {"Node Type": "Aggregate", "Strategy": "Plain", "Startup Cost": 1741668.45, "Total Cost": 1741668.46, "Plan Rows": 1, "Plan Width": 97, "Plans": [{"Node Type": "Merge Join", "Parent Relationship": "Outer", "Join Type": "Inner", "Startup Cost": 1556296.73, "Total Cost": 1736821.38, "Plan Rows": 969413, "Plan Width": 33, "Inner Unique": true, "Merge Cond": "(mc.movie_id = t.id)", "Plans": [{"Node Type": "Nested Loop", "Parent Relationship": "Outer", "Join Type": "Inner", "Startup Cost": 1556294.1, "Total Cost": 1604680.34, "Plan Rows": 699731, "Plan Width": 24, "Inner Unique": true, "Join Filter": "(mc.company_type_id = ct.id), (LLVM Optimized)", "Plans": [{"Node Type": "Merge Join", "Parent Relationship": "Outer", "Join Type": "Inner", "Startup Cost": 1556294.1, "Total Cost": 1573184.14, "Plan Rows": 699731, "Plan Width": 28, "Inner Unique": false, "Merge Cond": "(ci.movie_id = mc.movie_id)", "Plans": [{"Node Type": "Sort", "Parent Relationship": "Outer", "Startup Cost": 1272467.82, "Total Cost": 1274208.65, "Plan Rows": 696330, "Plan Width": 20, "Sort Key": ["ci.movie_id"], "Plans": [{"Node Type": "Merge Join", "Parent Relationship": "Outer", "Join Type": "Inner", "Startup Cost": 1194438.34, "Total Cost": 1204891.05, "Plan Rows": 696330, "Plan Width": 20, "Inner Unique": false, "Merge Cond": "(rt.id = ci.role_id)", "Plans": [{"Node Type": "Index Only Scan", "Parent Relationship": "Outer", "Scan Direction": "Forward", "Index Name": "role_type_pkey", "Relation Name": "role_type", "Alias": "rt", "Startup Cost": 0.0, "Total Cost": 8.43, "Plan Rows": 12, "Plan Width": 4}, {"Node Type": "Sort", "Parent Relationship": "Inner", "Startup Cost": 1194438.34, "Total Cost": 1196179.17, "Plan Rows": 696330, "Plan Width": 24, "Sort Key": ["ci.role_id"], "Plans": [{"Node Type": "Merge Join", "Parent Relationship": "Outer", "Join Type": "Inner", "Startup Cost": 80674.47, "Total Cost": 1126861.56, "Plan Rows": 696330, "Plan Width": 24, "Inner Unique": false, "Merge Cond": "(chn.id = ci.person_role_id)", "Plans": [{"Node Type": "Index Scan", "Parent Relationship": "Outer", "Scan Direction": "Forward", "Index Name": "char_name_pkey", "Relation Name": "char_name", "Alias": "chn", "Startup Cost": 0.0, "Total Cost": 129875.46, "Plan Rows": 3140338, "Plan Width": 20}, {"Node Type": "Index Scan", "Parent Relationship": "Inner", "Scan Direction": "Forward", "Index Name": "person_role_id_cast_info", "Relation Name": "cast_info", "Alias": "ci", "Startup Cost": 0.0, "Total Cost": 2022508.08, "Plan Rows": 1436424, "Plan Width": 12, "Filter": "((note)::text ~~ '%(producer)%'::text), (LLVM Optimized)"}]}]}]}]}, {"Node Type": "Sort", "Parent Relationship": "Inner", "Startup Cost": 283826.21, "Total Cost": 287031.99, "Plan Rows": 1282311, "Plan Width": 8, "Sort Key": ["mc.movie_id"], "Plans": [{"Node Type": "Merge Join", "Parent Relationship": "Outer", "Join Type": "Inner", "Startup Cost": 3383.04, "Total Cost": 153733.74, "Plan Rows": 1282311, "Plan Width": 8, "Inner Unique": false, "Merge Cond": "(cn.id = mc.company_id)", "Plans": [{"Node Type": "Index Scan", "Parent Relationship": "Outer", "Scan Direction": "Forward", "Index Name": "company_name_pkey", "Relation Name": "company_name", "Alias": "cn", "Startup Cost": 0.0, "Total Cost": 10501.39, "Plan Rows": 85170, "Plan Width": 4, "Filter": "((country_code)::text = '[us]'::text)"}, {"Node Type": "Index Scan", "Parent Relationship": "Inner", "Scan Direction": "Forward", "Index Name": "company_id_movie_companies", "Relation Name": "movie_companies", "Alias": "mc", "Startup Cost": 0.0, "Total Cost": 123673.5, "Plan Rows": 2609128, "Plan Width": 12}]}]}]}, {"Node Type": "Materialize", "Parent Relationship": "Inner", "Startup Cost": 0.0, "Total Cost": 8.31, "Plan Rows": 3, "Plan Width": 4, "Plans": [{"Node Type": "Index Only Scan", "Parent Relationship": "Outer", "Scan Direction": "Forward", "Index Name": "company_type_pkey", "Relation Name": "company_type", "Alias": "ct", "Startup Cost": 0.0, "Total Cost": 8.29, "Plan Rows": 3, "Plan Width": 4}]}]}, {"Node Type": "Index Scan", "Parent Relationship": "Inner", "Scan Direction": "Forward", "Index Name": "title_pkey", "Relation Name": "title", "Alias": "t", "Startup Cost": 0.0, "Total Cost": 116441.27, "Plan Rows": 1748840, "Plan Width": 21, "Filter": "(production_year > 1990), (LLVM Optimized)"}]}]}, "Unique SQL Id": 3145361615}, "explain_analyze_plan": null}, "(64, 26)": {"explain_plan": {"Plan": {"Node Type": "Aggregate", "Strategy": "Plain", "Startup Cost": 25396603.75, "Total Cost": 25396603.78, "Plan Rows": 1, "Plan Width": 97, "Plans": [{"Node Type": "Streaming(type: LOCAL GATHER dop: 1/64)", "Parent Relationship": "Outer", "Startup Cost": 25396603.75, "Total Cost": 25396603.78, "Plan Rows": 1, "Plan Width": 97, "Plans": [{"Node Type": "Aggregate", "Strategy": "Plain", "Parent Relationship": "Outer", "Startup Cost": 25396603.75, "Total Cost": 25396603.76, "Plan Rows": 1, "Plan Width": 97, "Plans": [{"Node Type": "Nested Loop", "Parent Relationship": "Outer", "Join Type": "Inner", "Startup Cost": 333103.9, "Total Cost": 25391756.69, "Plan Rows": 969413, "Plan Width": 33, "Inner Unique": false, "Join Filter": "(mc.movie_id = t.id), (LLVM Optimized)", "Plans": [{"Node Type": "Streaming(type: LOCAL REDISTRIBUTE dop: 64/64)", "Parent Relationship": "Outer", "Startup Cost": 0.0, "Total Cost": 128693.96, "Plan Rows": 1748840, "Plan Width": 21, "Plans": [{"Node Type": "Seq Scan", "Parent Relationship": "Outer", "Relation Name": "title", "Alias": "t", "Startup Cost": 0.0, "Total Cost": 64037.34, "Plan Rows": 1748840, "Plan Width": 21, "Filter": "(production_year > 1990), (LLVM Optimized)"}]}, {"Node Type": "Materialize", "Parent Relationship": "Inner", "Startup Cost": 333103.9, "Total Cost": 20781702.51, "Plan Rows": 699731, "Plan Width": 24, "Plans": [{"Node Type": "Streaming(type: LOCAL REDISTRIBUTE dop: 64/64)", "Parent Relationship": "Outer", "Startup Cost": 333103.9, "Total Cost": 20781647.84, "Plan Rows": 699731, "Plan Width": 24, "Plans": [{"Node Type": "Nested Loop", "Parent Relationship": "Outer", "Join Type": "Inner", "Startup Cost": 333103.9, "Total Cost": 20717985.01, "Plan Rows": 699731, "Plan Width": 24, "Inner Unique": false, "Join Filter": "(ci.movie_id = mc.movie_id), (LLVM Optimized)", "Plans": [{"Node Type": "Streaming(type: LOCAL REDISTRIBUTE dop: 64/1)", "Parent Relationship": "Outer", "Startup Cost": 333103.9, "Total Cost": 531864.7, "Plan Rows": 1282311, "Plan Width": 4, "Plans": [{"Node Type": "Nested Loop", "Parent Relationship": "Outer", "Join Type": "Inner", "Startup Cost": 333103.9, "Total Cost": 416764.55, "Plan Rows": 1282311, "Plan Width": 4, "Inner Unique": true, "Join Filter": "(mc.company_type_id = ct.id), (LLVM Optimized)", "Plans": [{"Node Type": "Merge Join", "Parent Relationship": "Outer", "Join Type": "Inner", "Startup Cost": 333103.9, "Total Cost": 359059.52, "Plan Rows": 1282311, "Plan Width": 8, "Inner Unique": false, "Merge Cond": "(cn.id = mc.company_id)", "Plans": [{"Node Type": "Sort", "Parent Relationship": "Outer", "Startup Cost": 12878.05, "Total Cost": 13090.97, "Plan Rows": 85170, "Plan Width": 4, "Sort Key": ["cn.id"], "Plans": [{"Node Type": "Seq Scan", "Parent Relationship": "Outer", "Relation Name": "company_name", "Alias": "cn", "Startup Cost": 0.0, "Total Cost": 5903.45, "Plan Rows": 85170, "Plan Width": 4, "Filter": "((country_code)::text = '[us]'::text)"}]}, {"Node Type": "Sort", "Parent Relationship": "Inner", "Startup Cost": 319886.87, "Total Cost": 326409.69, "Plan Rows": 2609128, "Plan Width": 12, "Sort Key": ["mc.company_id"], "Plans": [{"Node Type": "Seq Scan", "Parent Relationship": "Outer", "Relation Name": "movie_companies", "Alias": "mc", "Startup Cost": 0.0, "Total Cost": 41817.28, "Plan Rows": 2609128, "Plan Width": 12}]}]}, {"Node Type": "Materialize", "Parent Relationship": "Inner", "Startup Cost": 0.0, "Total Cost": 1.04, "Plan Rows": 3, "Plan Width": 4, "Plans": [{"Node Type": "Seq Scan", "Parent Relationship": "Outer", "Relation Name": "company_type", "Alias": "ct", "Startup Cost": 0.0, "Total Cost": 1.03, "Plan Rows": 3, "Plan Width": 4}]}]}]}, {"Node Type": "Materialize", "Parent Relationship": "Inner", "Startup Cost": 0.0, "Total Cost": 16916207.5, "Plan Rows": 696330, "Plan Width": 20, "Plans": [{"Node Type": "Streaming(type: LOCAL REDISTRIBUTE dop: 64/64)", "Parent Relationship": "Outer", "Startup Cost": 0.0, "Total Cost": 16916153.1, "Plan Rows": 696330, "Plan Width": 20, "Plans": [{"Node Type": "Nested Loop", "Parent Relationship": "Outer", "Join Type": "Inner", "Startup Cost": 0.0, "Total Cost": 16852493.49, "Plan Rows": 696330, "Plan Width": 20, "Inner Unique": true, "Join Filter": "(ci.role_id = rt.id), (LLVM Optimized)", "Plans": [{"Node Type": "Nested Loop", "Parent Relationship": "Outer", "Join Type": "Inner", "Startup Cost": 0.0, "Total Cost": 16787518.07, "Plan Rows": 696330, "Plan Width": 24, "Inner Unique": false, "Join Filter": "(chn.id = ci.person_role_id), (LLVM Optimized)", "Plans": [{"Node Type": "Streaming(type: LOCAL REDISTRIBUTE dop: 64/64)", "Parent Relationship": "Outer", "Startup Cost": 0.0, "Total Cost": 130029.32, "Plan Rows": 3140338, "Plan Width": 20, "Plans": [{"Node Type": "Seq Scan", "Parent Relationship": "Outer", "Relation Name": "char_name", "Alias": "chn", "Startup Cost": 0.0, "Total Cost": 64054.58, "Plan Rows": 3140338, "Plan Width": 20}]}, {"Node Type": "Materialize", "Parent Relationship": "Inner", "Startup Cost": 0.0, "Total Cost": 138293.62, "Plan Rows": 1436424, "Plan Width": 12, "Plans": [{"Node Type": "Streaming(type: LOCAL REDISTRIBUTE dop: 64/64)", "Parent Relationship": "Outer", "Startup Cost": 0.0, "Total Cost": 138181.4, "Plan Rows": 1436424, "Plan Width": 12, "Plans": [{"Node Type": "Seq Scan", "Parent Relationship": "Outer", "Relation Name": "cast_info", "Alias": "ci", "Startup Cost": 0.0, "Total Cost": 73820.73, "Plan Rows": 1436424, "Plan Width": 12, "Filter": "((note)::text ~~ '%(producer)%'::text), (LLVM Optimized)"}]}]}]}, {"Node Type": "Materialize", "Parent Relationship": "Inner", "Startup Cost": 0.0, "Total Cost": 63017.02, "Plan Rows": 768, "Plan Width": 4, "Plans": [{"Node Type": "Streaming(type: BROADCAST dop: 64/1)", "Parent Relationship": "Outer", "Startup Cost": 0.0, "Total Cost": 63016.96, "Plan Rows": 768, "Plan Width": 4, "Plans": [{"Node Type": "Seq Scan", "Parent Relationship": "Outer", "Relation Name": "role_type", "Alias": "rt", "Startup Cost": 0.0, "Total Cost": 1.12, "Plan Rows": 12, "Plan Width": 4}]}]}]}]}]}]}]}]}]}]}]}]}, "Unique SQL Id": 3145361615}, "explain_analyze_plan": null}, "(64, 27)": {"explain_plan": {"Plan": {"Node Type": "Aggregate", "Strategy": "Plain", "Startup Cost": 3972961914007.03, "Total Cost": 3972961914007.04, "Plan Rows": 1, "Plan Width": 97, "Plans": [{"Node Type": "Merge Join", "Parent Relationship": "Outer", "Join Type": "Inner", "Startup Cost": 309264820736.24, "Total Cost": 3972961909159.97, "Plan Rows": 969413, "Plan Width": 33, "Inner Unique": true, "Merge Cond": "(ci.person_role_id = chn.id)", "Plans": [{"Node Type": "Nested Loop", "Parent Relationship": "Outer", "Join Type": "Inner", "Startup Cost": 60000000000.0, "Total Cost": 6069052206323.43, "Plan Rows": 1999754, "Plan Width": 21, "Inner Unique": true, "Join Filter": "(mc.movie_id = t.id), (LLVM Optimized)", "Plans": [{"Node Type": "Nested Loop", "Parent Relationship": "Outer", "Join Type": "Inner", "Startup Cost": 50000000000.0, "Total Cost": 5031175373680.67, "Plan Rows": 1443440, "Plan Width": 12, "Inner Unique": true, "Join Filter": "(mc.company_type_id = ct.id), (LLVM Optimized)", "Plans": [{"Node Type": "Nested Loop", "Parent Relationship": "Outer", "Join Type": "Inner", "Startup Cost": 40000000000.0, "Total Cost": 4031175307896.36, "Plan Rows": 1443440, "Plan Width": 16, "Inner Unique": false, "Join Filter": "(ci.movie_id = mc.movie_id), (LLVM Optimized)", "Plans": [{"Node Type": "Nested Loop", "Parent Relationship": "Outer", "Join Type": "Inner", "Startup Cost": 20000000000.0, "Total Cost": 2000202510207.33, "Plan Rows": 1436424, "Plan Width": 8, "Inner Unique": true, "Join Filter": "(ci.role_id = rt.id), (LLVM Optimized)", "Plans": [{"Node Type": "Index Scan", "Parent Relationship": "Outer", "Scan Direction": "Forward", "Index Name": "person_role_id_cast_info", "Relation Name": "cast_info", "Alias": "ci", "Startup Cost": 10000000000.0, "Total Cost": 1000202250807.98, "Plan Rows": 1436424, "Plan Width": 12, "Filter": "((note)::text ~~ '%(producer)%'::text), (LLVM Optimized)"}, {"Node Type": "Materialize", "Parent Relationship": "Inner", "Startup Cost": 10000000000.0, "Total Cost": 1000000000843.06, "Plan Rows": 12, "Plan Width": 4, "Plans": [{"Node Type": "Index Only Scan", "Parent Relationship": "Outer", "Scan Direction": "Forward", "Index Name": "role_type_pkey", "Relation Name": "role_type", "Alias": "rt", "Startup Cost": 10000000000.0, "Total Cost": 1000000000843.0, "Plan Rows": 12, "Plan Width": 4}]}]}, {"Node Type": "Materialize", "Parent Relationship": "Inner", "Startup Cost": 20000000000.0, "Total Cost": 2003343666456.85, "Plan Rows": 1282311, "Plan Width": 8, "Plans": [{"Node Type": "Nested Loop", "Parent Relationship": "Outer", "Join Type": "Inner", "Startup Cost": 20000000000.0, "Total Cost": 2003343660045.29, "Plan Rows": 1282311, "Plan Width": 8, "Inner Unique": true, "Join Filter": "(cn.id = mc.company_id), (LLVM Optimized)", "Plans": [{"Node Type": "Index Scan", "Parent Relationship": "Outer", "Scan Direction": "Forward", "Index Name": "company_type_id_movie_companies", "Relation Name": "movie_companies", "Alias": "mc", "Startup Cost": 10000000000.0, "Total Cost": 1000009318217.0, "Plan Rows": 2609128, "Plan Width": 12}, {"Node Type": "Materialize", "Parent Relationship": "Inner", "Startup Cost": 10000000000.0, "Total Cost": 1000001050564.82, "Plan Rows": 85170, "Plan Width": 4, "Plans": [{"Node Type": "Index Scan", "Parent Relationship": "Outer", "Scan Direction": "Forward", "Index Name": "company_name_pkey", "Relation Name": "company_name", "Alias": "cn", "Startup Cost": 10000000000.0, "Total Cost": 1000001050138.97, "Plan Rows": 85170, "Plan Width": 4, "Filter": "((country_code)::text = '[us]'::text)"}]}]}]}]}, {"Node Type": "Materialize", "Parent Relationship": "Inner", "Startup Cost": 10000000000.0, "Total Cost": 1000000000829.52, "Plan Rows": 3, "Plan Width": 4, "Plans": [{"Node Type": "Index Only Scan", "Parent Relationship": "Outer", "Scan Direction": "Forward", "Index Name": "company_type_pkey", "Relation Name": "company_type", "Alias": "ct", "Startup Cost": 10000000000.0, "Total Cost": 1000000000829.5, "Plan Rows": 3, "Plan Width": 4}]}]}, {"Node Type": "Materialize", "Parent Relationship": "Inner", "Startup Cost": 10000000000.0, "Total Cost": 1000011652870.86, "Plan Rows": 1748840, "Plan Width": 21, "Plans": [{"Node Type": "Index Scan", "Parent Relationship": "Outer", "Scan Direction": "Forward", "Index Name": "title_pkey", "Relation Name": "title", "Alias": "t", "Startup Cost": 10000000000.0, "Total Cost": 1000011644126.66, "Plan Rows": 1748840, "Plan Width": 21, "Filter": "(production_year > 1990), (LLVM Optimized)"}]}]}, {"Node Type": "Index Scan", "Parent Relationship": "Inner", "Scan Direction": "Forward", "Index Name": "char_name_pkey", "Relation Name": "char_name", "Alias": "chn", "Startup Cost": 10000000000.0, "Total Cost": 1000012987545.51, "Plan Rows": 3140338, "Plan Width": 20}]}]}, "Unique SQL Id": 3145361615}, "explain_analyze_plan": null}, "(64, 28)": {"explain_plan": {"Plan": {"Node Type": "Aggregate", "Strategy": "Plain", "Startup Cost": 1300303.78, "Total Cost": 1300303.79, "Plan Rows": 1, "Plan Width": 97, "Plans": [{"Node Type": "Merge Join", "Parent Relationship": "Outer", "Join Type": "Inner", "Startup Cost": 1114939.33, "Total Cost": 1295456.72, "Plan Rows": 969413, "Plan Width": 33, "Inner Unique": true, "Merge Cond": "(mc.movie_id = t.id)", "Plans": [{"Node Type": "Nested Loop", "Parent Relationship": "Outer", "Join Type": "Inner", "Startup Cost": 1114936.7, "Total Cost": 1163315.67, "Plan Rows": 699731, "Plan Width": 24, "Inner Unique": true, "Join Filter": "(mc.company_type_id = ct.id), (LLVM Optimized)", "Plans": [{"Node Type": "Merge Join", "Parent Relationship": "Outer", "Join Type": "Inner", "Startup Cost": 1114936.7, "Total Cost": 1131826.74, "Plan Rows": 699731, "Plan Width": 28, "Inner Unique": false, "Merge Cond": "(ci.movie_id = mc.movie_id)", "Plans": [{"Node Type": "Sort", "Parent Relationship": "Outer", "Startup Cost": 831110.42, "Total Cost": 832851.25, "Plan Rows": 696330, "Plan Width": 20, "Sort Key": ["ci.movie_id"], "Plans": [{"Node Type": "Nested Loop", "Parent Relationship": "Outer", "Join Type": "Inner", "Startup Cost": 0.0, "Total Cost": 763533.64, "Plan Rows": 696330, "Plan Width": 20, "Inner Unique": true, "Plans": [{"Node Type": "Streaming(type: LOCAL GATHER dop: 1/64)", "Parent Relationship": "Outer", "Startup Cost": 0.0, "Total Cost": 170510.92, "Plan Rows": 1436424, "Plan Width": 8, "Plans": [{"Node Type": "Nested Loop", "Parent Relationship": "Outer", "Join Type": "Inner", "Startup Cost": 0.0, "Total Cost": 140877.67, "Plan Rows": 1436424, "Plan Width": 8, "Inner Unique": true, "Join Filter": "(ci.role_id = rt.id), (LLVM Optimized)", "Plans": [{"Node Type": "Seq Scan", "Parent Relationship": "Outer", "Relation Name": "cast_info", "Alias": "ci", "Startup Cost": 0.0, "Total Cost": 73820.73, "Plan Rows": 1436424, "Plan Width": 12, "Filter": "((note)::text ~~ '%(producer)%'::text), (LLVM Optimized)"}, {"Node Type": "Materialize", "Parent Relationship": "Inner", "Startup Cost": 0.0, "Total Cost": 63017.02, "Plan Rows": 768, "Plan Width": 4, "Plans": [{"Node Type": "Streaming(type: BROADCAST dop: 64/1)", "Parent Relationship": "Outer", "Startup Cost": 0.0, "Total Cost": 63016.96, "Plan Rows": 768, "Plan Width": 4, "Plans": [{"Node Type": "Seq Scan", "Parent Relationship": "Outer", "Relation Name": "role_type", "Alias": "rt", "Startup Cost": 0.0, "Total Cost": 1.12, "Plan Rows": 12, "Plan Width": 4}]}]}]}]}, {"Node Type": "Index Scan", "Parent Relationship": "Inner", "Scan Direction": "Forward", "Index Name": "char_name_pkey", "Relation Name": "char_name", "Alias": "chn", "Startup Cost": 0.0, "Total Cost": 0.4, "Plan Rows": 1, "Plan Width": 20, "Index Cond": "(id = ci.person_role_id)"}]}]}, {"Node Type": "Sort", "Parent Relationship": "Inner", "Startup Cost": 283826.21, "Total Cost": 287031.99, "Plan Rows": 1282311, "Plan Width": 8, "Sort Key": ["mc.movie_id"], "Plans": [{"Node Type": "Merge Join", "Parent Relationship": "Outer", "Join Type": "Inner", "Startup Cost": 3383.04, "Total Cost": 153733.74, "Plan Rows": 1282311, "Plan Width": 8, "Inner Unique": false, "Merge Cond": "(cn.id = mc.company_id)", "Plans": [{"Node Type": "Index Scan", "Parent Relationship": "Outer", "Scan Direction": "Forward", "Index Name": "company_name_pkey", "Relation Name": "company_name", "Alias": "cn", "Startup Cost": 0.0, "Total Cost": 10501.39, "Plan Rows": 85170, "Plan Width": 4, "Filter": "((country_code)::text = '[us]'::text)"}, {"Node Type": "Index Scan", "Parent Relationship": "Inner", "Scan Direction": "Forward", "Index Name": "company_id_movie_companies", "Relation Name": "movie_companies", "Alias": "mc", "Startup Cost": 0.0, "Total Cost": 123673.5, "Plan Rows": 2609128, "Plan Width": 12}]}]}]}, {"Node Type": "Materialize", "Parent Relationship": "Inner", "Startup Cost": 0.0, "Total Cost": 1.04, "Plan Rows": 3, "Plan Width": 4, "Plans": [{"Node Type": "Seq Scan", "Parent Relationship": "Outer", "Relation Name": "company_type", "Alias": "ct", "Startup Cost": 0.0, "Total Cost": 1.03, "Plan Rows": 3, "Plan Width": 4}]}]}, {"Node Type": "Index Scan", "Parent Relationship": "Inner", "Scan Direction": "Forward", "Index Name": "title_pkey", "Relation Name": "title", "Alias": "t", "Startup Cost": 0.0, "Total Cost": 116441.27, "Plan Rows": 1748840, "Plan Width": 21, "Filter": "(production_year > 1990), (LLVM Optimized)"}]}]}, "Unique SQL Id": 3145361615}, "explain_analyze_plan": null}, "(64, 29)": {"explain_plan": {"Plan": {"Node Type": "Aggregate", "Strategy": "Plain", "Startup Cost": 1741676.11, "Total Cost": 1741676.12, "Plan Rows": 1, "Plan Width": 97, "Plans": [{"Node Type": "Merge Join", "Parent Relationship": "Outer", "Join Type": "Inner", "Startup Cost": 1556300.39, "Total Cost": 1736829.05, "Plan Rows": 969413, "Plan Width": 33, "Inner Unique": true, "Merge Cond": "(mc.movie_id = t.id)", "Plans": [{"Node Type": "Nested Loop", "Parent Relationship": "Outer", "Join Type": "Inner", "Startup Cost": 1556297.77, "Total Cost": 1604688.01, "Plan Rows": 699731, "Plan Width": 24, "Inner Unique": true, "Join Filter": "(mc.company_type_id = ct.id), (LLVM Optimized)", "Plans": [{"Node Type": "Merge Join", "Parent Relationship": "Outer", "Join Type": "Inner", "Startup Cost": 1556297.77, "Total Cost": 1573187.81, "Plan Rows": 699731, "Plan Width": 28, "Inner Unique": false, "Merge Cond": "(ci.movie_id = mc.movie_id)", "Plans": [{"Node Type": "Sort", "Parent Relationship": "Outer", "Startup Cost": 1272471.49, "Total Cost": 1274212.32, "Plan Rows": 696330, "Plan Width": 20, "Sort Key": ["ci.movie_id"], "Plans": [{"Node Type": "Merge Join", "Parent Relationship": "Outer", "Join Type": "Inner", "Startup Cost": 1194438.34, "Total Cost": 1204894.71, "Plan Rows": 696330, "Plan Width": 20, "Inner Unique": false, "Merge Cond": "(rt.id = ci.role_id)", "Plans": [{"Node Type": "Index Scan", "Parent Relationship": "Outer", "Scan Direction": "Forward", "Index Name": "role_type_pkey", "Relation Name": "role_type", "Alias": "rt", "Startup Cost": 0.0, "Total Cost": 12.43, "Plan Rows": 12, "Plan Width": 4}, {"Node Type": "Sort", "Parent Relationship": "Inner", "Startup Cost": 1194438.34, "Total Cost": 1196179.17, "Plan Rows": 696330, "Plan Width": 24, "Sort Key": ["ci.role_id"], "Plans": [{"Node Type": "Merge Join", "Parent Relationship": "Outer", "Join Type": "Inner", "Startup Cost": 80674.47, "Total Cost": 1126861.56, "Plan Rows": 696330, "Plan Width": 24, "Inner Unique": false, "Merge Cond": "(chn.id = ci.person_role_id)", "Plans": [{"Node Type": "Index Scan", "Parent Relationship": "Outer", "Scan Direction": "Forward", "Index Name": "char_name_pkey", "Relation Name": "char_name", "Alias": "chn", "Startup Cost": 0.0, "Total Cost": 129875.46, "Plan Rows": 3140338, "Plan Width": 20}, {"Node Type": "Index Scan", "Parent Relationship": "Inner", "Scan Direction": "Forward", "Index Name": "person_role_id_cast_info", "Relation Name": "cast_info", "Alias": "ci", "Startup Cost": 0.0, "Total Cost": 2022508.08, "Plan Rows": 1436424, "Plan Width": 12, "Filter": "((note)::text ~~ '%(producer)%'::text), (LLVM Optimized)"}]}]}]}]}, {"Node Type": "Sort", "Parent Relationship": "Inner", "Startup Cost": 283826.21, "Total Cost": 287031.99, "Plan Rows": 1282311, "Plan Width": 8, "Sort Key": ["mc.movie_id"], "Plans": [{"Node Type": "Merge Join", "Parent Relationship": "Outer", "Join Type": "Inner", "Startup Cost": 3383.04, "Total Cost": 153733.74, "Plan Rows": 1282311, "Plan Width": 8, "Inner Unique": false, "Merge Cond": "(cn.id = mc.company_id)", "Plans": [{"Node Type": "Index Scan", "Parent Relationship": "Outer", "Scan Direction": "Forward", "Index Name": "company_name_pkey", "Relation Name": "company_name", "Alias": "cn", "Startup Cost": 0.0, "Total Cost": 10501.39, "Plan Rows": 85170, "Plan Width": 4, "Filter": "((country_code)::text = '[us]'::text)"}, {"Node Type": "Index Scan", "Parent Relationship": "Inner", "Scan Direction": "Forward", "Index Name": "company_id_movie_companies", "Relation Name": "movie_companies", "Alias": "mc", "Startup Cost": 0.0, "Total Cost": 123673.5, "Plan Rows": 2609128, "Plan Width": 12}]}]}]}, {"Node Type": "Materialize", "Parent Relationship": "Inner", "Startup Cost": 0.0, "Total Cost": 12.31, "Plan Rows": 3, "Plan Width": 4, "Plans": [{"Node Type": "Index Scan", "Parent Relationship": "Outer", "Scan Direction": "Forward", "Index Name": "company_type_pkey", "Relation Name": "company_type", "Alias": "ct", "Startup Cost": 0.0, "Total Cost": 12.29, "Plan Rows": 3, "Plan Width": 4}]}]}, {"Node Type": "Index Scan", "Parent Relationship": "Inner", "Scan Direction": "Forward", "Index Name": "title_pkey", "Relation Name": "title", "Alias": "t", "Startup Cost": 0.0, "Total Cost": 116441.27, "Plan Rows": 1748840, "Plan Width": 21, "Filter": "(production_year > 1990), (LLVM Optimized)"}]}]}, "Unique SQL Id": 3145361615}, "explain_analyze_plan": null}, "(64, 30)": {"explain_plan": {"Plan": {"Node Type": "Aggregate", "Strategy": "Plain", "Startup Cost": 25396603.75, "Total Cost": 25396603.78, "Plan Rows": 1, "Plan Width": 97, "Plans": [{"Node Type": "Streaming(type: LOCAL GATHER dop: 1/64)", "Parent Relationship": "Outer", "Startup Cost": 25396603.75, "Total Cost": 25396603.78, "Plan Rows": 1, "Plan Width": 97, "Plans": [{"Node Type": "Aggregate", "Strategy": "Plain", "Parent Relationship": "Outer", "Startup Cost": 25396603.75, "Total Cost": 25396603.76, "Plan Rows": 1, "Plan Width": 97, "Plans": [{"Node Type": "Nested Loop", "Parent Relationship": "Outer", "Join Type": "Inner", "Startup Cost": 333103.9, "Total Cost": 25391756.69, "Plan Rows": 969413, "Plan Width": 33, "Inner Unique": false, "Join Filter": "(mc.movie_id = t.id), (LLVM Optimized)", "Plans": [{"Node Type": "Streaming(type: LOCAL REDISTRIBUTE dop: 64/64)", "Parent Relationship": "Outer", "Startup Cost": 0.0, "Total Cost": 128693.96, "Plan Rows": 1748840, "Plan Width": 21, "Plans": [{"Node Type": "Seq Scan", "Parent Relationship": "Outer", "Relation Name": "title", "Alias": "t", "Startup Cost": 0.0, "Total Cost": 64037.34, "Plan Rows": 1748840, "Plan Width": 21, "Filter": "(production_year > 1990), (LLVM Optimized)"}]}, {"Node Type": "Materialize", "Parent Relationship": "Inner", "Startup Cost": 333103.9, "Total Cost": 20781702.51, "Plan Rows": 699731, "Plan Width": 24, "Plans": [{"Node Type": "Streaming(type: LOCAL REDISTRIBUTE dop: 64/64)", "Parent Relationship": "Outer", "Startup Cost": 333103.9, "Total Cost": 20781647.84, "Plan Rows": 699731, "Plan Width": 24, "Plans": [{"Node Type": "Nested Loop", "Parent Relationship": "Outer", "Join Type": "Inner", "Startup Cost": 333103.9, "Total Cost": 20717985.01, "Plan Rows": 699731, "Plan Width": 24, "Inner Unique": false, "Join Filter": "(ci.movie_id = mc.movie_id), (LLVM Optimized)", "Plans": [{"Node Type": "Streaming(type: LOCAL REDISTRIBUTE dop: 64/1)", "Parent Relationship": "Outer", "Startup Cost": 333103.9, "Total Cost": 531864.7, "Plan Rows": 1282311, "Plan Width": 4, "Plans": [{"Node Type": "Nested Loop", "Parent Relationship": "Outer", "Join Type": "Inner", "Startup Cost": 333103.9, "Total Cost": 416764.55, "Plan Rows": 1282311, "Plan Width": 4, "Inner Unique": true, "Join Filter": "(mc.company_type_id = ct.id), (LLVM Optimized)", "Plans": [{"Node Type": "Merge Join", "Parent Relationship": "Outer", "Join Type": "Inner", "Startup Cost": 333103.9, "Total Cost": 359059.52, "Plan Rows": 1282311, "Plan Width": 8, "Inner Unique": false, "Merge Cond": "(cn.id = mc.company_id)", "Plans": [{"Node Type": "Sort", "Parent Relationship": "Outer", "Startup Cost": 12878.05, "Total Cost": 13090.97, "Plan Rows": 85170, "Plan Width": 4, "Sort Key": ["cn.id"], "Plans": [{"Node Type": "Seq Scan", "Parent Relationship": "Outer", "Relation Name": "company_name", "Alias": "cn", "Startup Cost": 0.0, "Total Cost": 5903.45, "Plan Rows": 85170, "Plan Width": 4, "Filter": "((country_code)::text = '[us]'::text)"}]}, {"Node Type": "Sort", "Parent Relationship": "Inner", "Startup Cost": 319886.87, "Total Cost": 326409.69, "Plan Rows": 2609128, "Plan Width": 12, "Sort Key": ["mc.company_id"], "Plans": [{"Node Type": "Seq Scan", "Parent Relationship": "Outer", "Relation Name": "movie_companies", "Alias": "mc", "Startup Cost": 0.0, "Total Cost": 41817.28, "Plan Rows": 2609128, "Plan Width": 12}]}]}, {"Node Type": "Materialize", "Parent Relationship": "Inner", "Startup Cost": 0.0, "Total Cost": 1.04, "Plan Rows": 3, "Plan Width": 4, "Plans": [{"Node Type": "Seq Scan", "Parent Relationship": "Outer", "Relation Name": "company_type", "Alias": "ct", "Startup Cost": 0.0, "Total Cost": 1.03, "Plan Rows": 3, "Plan Width": 4}]}]}]}, {"Node Type": "Materialize", "Parent Relationship": "Inner", "Startup Cost": 0.0, "Total Cost": 16916207.5, "Plan Rows": 696330, "Plan Width": 20, "Plans": [{"Node Type": "Streaming(type: LOCAL REDISTRIBUTE dop: 64/64)", "Parent Relationship": "Outer", "Startup Cost": 0.0, "Total Cost": 16916153.1, "Plan Rows": 696330, "Plan Width": 20, "Plans": [{"Node Type": "Nested Loop", "Parent Relationship": "Outer", "Join Type": "Inner", "Startup Cost": 0.0, "Total Cost": 16852493.49, "Plan Rows": 696330, "Plan Width": 20, "Inner Unique": true, "Join Filter": "(ci.role_id = rt.id), (LLVM Optimized)", "Plans": [{"Node Type": "Nested Loop", "Parent Relationship": "Outer", "Join Type": "Inner", "Startup Cost": 0.0, "Total Cost": 16787518.07, "Plan Rows": 696330, "Plan Width": 24, "Inner Unique": false, "Join Filter": "(chn.id = ci.person_role_id), (LLVM Optimized)", "Plans": [{"Node Type": "Streaming(type: LOCAL REDISTRIBUTE dop: 64/64)", "Parent Relationship": "Outer", "Startup Cost": 0.0, "Total Cost": 130029.32, "Plan Rows": 3140338, "Plan Width": 20, "Plans": [{"Node Type": "Seq Scan", "Parent Relationship": "Outer", "Relation Name": "char_name", "Alias": "chn", "Startup Cost": 0.0, "Total Cost": 64054.58, "Plan Rows": 3140338, "Plan Width": 20}]}, {"Node Type": "Materialize", "Parent Relationship": "Inner", "Startup Cost": 0.0, "Total Cost": 138293.62, "Plan Rows": 1436424, "Plan Width": 12, "Plans": [{"Node Type": "Streaming(type: LOCAL REDISTRIBUTE dop: 64/64)", "Parent Relationship": "Outer", "Startup Cost": 0.0, "Total Cost": 138181.4, "Plan Rows": 1436424, "Plan Width": 12, "Plans": [{"Node Type": "Seq Scan", "Parent Relationship": "Outer", "Relation Name": "cast_info", "Alias": "ci", "Startup Cost": 0.0, "Total Cost": 73820.73, "Plan Rows": 1436424, "Plan Width": 12, "Filter": "((note)::text ~~ '%(producer)%'::text), (LLVM Optimized)"}]}]}]}, {"Node Type": "Materialize", "Parent Relationship": "Inner", "Startup Cost": 0.0, "Total Cost": 63017.02, "Plan Rows": 768, "Plan Width": 4, "Plans": [{"Node Type": "Streaming(type: BROADCAST dop: 64/1)", "Parent Relationship": "Outer", "Startup Cost": 0.0, "Total Cost": 63016.96, "Plan Rows": 768, "Plan Width": 4, "Plans": [{"Node Type": "Seq Scan", "Parent Relationship": "Outer", "Relation Name": "role_type", "Alias": "rt", "Startup Cost": 0.0, "Total Cost": 1.12, "Plan Rows": 12, "Plan Width": 4}]}]}]}]}]}]}]}]}]}]}]}]}, "Unique SQL Id": 3145361615}, "explain_analyze_plan": null}, "(64, 31)": {"explain_plan": {"Plan": {"Node Type": "Aggregate", "Strategy": "Plain", "Startup Cost": 3972961914394.84, "Total Cost": 3972961914394.85, "Plan Rows": 1, "Plan Width": 97, "Plans": [{"Node Type": "Merge Join", "Parent Relationship": "Outer", "Join Type": "Inner", "Startup Cost": 309264820768.09, "Total Cost": 3972961909547.78, "Plan Rows": 969413, "Plan Width": 33, "Inner Unique": true, "Merge Cond": "(ci.person_role_id = chn.id)", "Plans": [{"Node Type": "Nested Loop", "Parent Relationship": "Outer", "Join Type": "Inner", "Startup Cost": 60000000000.0, "Total Cost": 6069052207123.43, "Plan Rows": 1999754, "Plan Width": 21, "Inner Unique": true, "Join Filter": "(mc.movie_id = t.id), (LLVM Optimized)", "Plans": [{"Node Type": "Nested Loop", "Parent Relationship": "Outer", "Join Type": "Inner", "Startup Cost": 50000000000.0, "Total Cost": 5031175374480.67, "Plan Rows": 1443440, "Plan Width": 12, "Inner Unique": true, "Join Filter": "(mc.company_type_id = ct.id), (LLVM Optimized)", "Plans": [{"Node Type": "Nested Loop", "Parent Relationship": "Outer", "Join Type": "Inner", "Startup Cost": 40000000000.0, "Total Cost": 4031175308296.36, "Plan Rows": 1443440, "Plan Width": 16, "Inner Unique": false, "Join Filter": "(ci.movie_id = mc.movie_id), (LLVM Optimized)", "Plans": [{"Node Type": "Nested Loop", "Parent Relationship": "Outer", "Join Type": "Inner", "Startup Cost": 20000000000.0, "Total Cost": 2000202510607.33, "Plan Rows": 1436424, "Plan Width": 8, "Inner Unique": true, "Join Filter": "(ci.role_id = rt.id), (LLVM Optimized)", "Plans": [{"Node Type": "Index Scan", "Parent Relationship": "Outer", "Scan Direction": "Forward", "Index Name": "person_role_id_cast_info", "Relation Name": "cast_info", "Alias": "ci", "Startup Cost": 10000000000.0, "Total Cost": 1000202250807.98, "Plan Rows": 1436424, "Plan Width": 12, "Filter": "((note)::text ~~ '%(producer)%'::text), (LLVM Optimized)"}, {"Node Type": "Materialize", "Parent Relationship": "Inner", "Startup Cost": 10000000000.0, "Total Cost": 1000000001243.06, "Plan Rows": 12, "Plan Width": 4, "Plans": [{"Node Type": "Index Scan", "Parent Relationship": "Outer", "Scan Direction": "Forward", "Index Name": "role_type_pkey", "Relation Name": "role_type", "Alias": "rt", "Startup Cost": 10000000000.0, "Total Cost": 1000000001243.0, "Plan Rows": 12, "Plan Width": 4}]}]}, {"Node Type": "Materialize", "Parent Relationship": "Inner", "Startup Cost": 20000000000.0, "Total Cost": 2003343666456.85, "Plan Rows": 1282311, "Plan Width": 8, "Plans": [{"Node Type": "Nested Loop", "Parent Relationship": "Outer", "Join Type": "Inner", "Startup Cost": 20000000000.0, "Total Cost": 2003343660045.29, "Plan Rows": 1282311, "Plan Width": 8, "Inner Unique": true, "Join Filter": "(cn.id = mc.company_id), (LLVM Optimized)", "Plans": [{"Node Type": "Index Scan", "Parent Relationship": "Outer", "Scan Direction": "Forward", "Index Name": "company_type_id_movie_companies", "Relation Name": "movie_companies", "Alias": "mc", "Startup Cost": 10000000000.0, "Total Cost": 1000009318217.0, "Plan Rows": 2609128, "Plan Width": 12}, {"Node Type": "Materialize", "Parent Relationship": "Inner", "Startup Cost": 10000000000.0, "Total Cost": 1000001050564.82, "Plan Rows": 85170, "Plan Width": 4, "Plans": [{"Node Type": "Index Scan", "Parent Relationship": "Outer", "Scan Direction": "Forward", "Index Name": "company_name_pkey", "Relation Name": "company_name", "Alias": "cn", "Startup Cost": 10000000000.0, "Total Cost": 1000001050138.97, "Plan Rows": 85170, "Plan Width": 4, "Filter": "((country_code)::text = '[us]'::text)"}]}]}]}]}, {"Node Type": "Materialize", "Parent Relationship": "Inner", "Startup Cost": 10000000000.0, "Total Cost": 1000000001229.52, "Plan Rows": 3, "Plan Width": 4, "Plans": [{"Node Type": "Index Scan", "Parent Relationship": "Outer", "Scan Direction": "Forward", "Index Name": "company_type_pkey", "Relation Name": "company_type", "Alias": "ct", "Startup Cost": 10000000000.0, "Total Cost": 1000000001229.5, "Plan Rows": 3, "Plan Width": 4}]}]}, {"Node Type": "Materialize", "Parent Relationship": "Inner", "Startup Cost": 10000000000.0, "Total Cost": 1000011652870.86, "Plan Rows": 1748840, "Plan Width": 21, "Plans": [{"Node Type": "Index Scan", "Parent Relationship": "Outer", "Scan Direction": "Forward", "Index Name": "title_pkey", "Relation Name": "title", "Alias": "t", "Startup Cost": 10000000000.0, "Total Cost": 1000011644126.66, "Plan Rows": 1748840, "Plan Width": 21, "Filter": "(production_year > 1990), (LLVM Optimized)"}]}]}, {"Node Type": "Index Scan", "Parent Relationship": "Inner", "Scan Direction": "Forward", "Index Name": "char_name_pkey", "Relation Name": "char_name", "Alias": "chn", "Startup Cost": 10000000000.0, "Total Cost": 1000012987545.51, "Plan Rows": 3140338, "Plan Width": 20}]}]}, "Unique SQL Id": 3145361615}, "explain_analyze_plan": null}, "(64, 32)": {"explain_plan": {"Plan": {"Node Type": "Aggregate", "Strategy": "Plain", "Startup Cost": 515623.68, "Total Cost": 515623.69, "Plan Rows": 1, "Plan Width": 97, "Plans": [{"Node Type": "Hash Join", "Parent Relationship": "Outer", "Join Type": "Inner", "Startup Cost": 405190.17, "Total Cost": 510776.61, "Plan Rows": 969413, "Plan Width": 33, "Inner Unique": true, "Hash Cond": "(mc.company_type_id = ct.id), (LLVM Optimized)", "Plans": [{"Node Type": "Hash Join", "Parent Relationship": "Outer", "Join Type": "Inner", "Startup Cost": 405189.1, "Total Cost": 497446.12, "Plan Rows": 969413, "Plan Width": 37, "Inner Unique": true, "Hash Cond": "(ci.role_id = rt.id), (LLVM Optimized)", "Plans": [{"Node Type": "Hash Join", "Parent Relationship": "Outer", "Join Type": "Inner", "Startup Cost": 405188.67, "Total Cost": 484116.26, "Plan Rows": 969413, "Plan Width": 41, "Inner Unique": false, "Hash Cond": "(mc.movie_id = t.id), (LLVM Optimized)", "Plans": [{"Node Type": "Hash Join", "Parent Relationship": "Outer", "Join Type": "Inner", "Startup Cost": 6968.08, "Total Cost": 71392.69, "Plan Rows": 1282311, "Plan Width": 8, "Inner Unique": true, "Hash Cond": "(mc.company_id = cn.id), (LLVM Optimized)", "Plans": [{"Node Type": "Seq Scan", "Parent Relationship": "Outer", "Relation Name": "movie_companies", "Alias": "mc", "Startup Cost": 0.0, "Total Cost": 41817.28, "Plan Rows": 2609128, "Plan Width": 12}, {"Node Type": "Hash", "Parent Relationship": "Inner", "Startup Cost": 5903.45, "Total Cost": 5903.45, "Plan Rows": 85170, "Plan Width": 4, "Plans": [{"Node Type": "Seq Scan", "Parent Relationship": "Outer", "Relation Name": "company_name", "Alias": "cn", "Startup Cost": 0.0, "Total Cost": 5903.45, "Plan Rows": 85170, "Plan Width": 4, "Filter": "((country_code)::text = '[us]'::text)"}]}]}, {"Node Type": "Hash", "Parent Relationship": "Inner", "Startup Cost": 386291.56, "Total Cost": 386291.56, "Plan Rows": 954323, "Plan Width": 45, "Plans": [{"Node Type": "Streaming(type: LOCAL GATHER dop: 1/64)", "Parent Relationship": "Outer", "Startup Cost": 162901.55, "Total Cost": 386291.56, "Plan Rows": 954323, "Plan Width": 45, "Plans": [{"Node Type": "Hash Join", "Parent Relationship": "Outer", "Join Type": "Inner", "Startup Cost": 162901.55, "Total Cost": 366603.99, "Plan Rows": 954323, "Plan Width": 45, "Inner Unique": true, "Hash Cond": "(ci.person_role_id = chn.id), (LLVM Optimized)", "Plans": [{"Node Type": "Streaming(type: LOCAL REDISTRIBUTE dop: 64/64)", "Parent Relationship": "Outer", "Startup Cost": 129035.53, "Total Cost": 332473.51, "Plan Rows": 1968625, "Plan Width": 33, "Plans": [{"Node Type": "Hash Join", "Parent Relationship": "Outer", "Join Type": "Inner", "Startup Cost": 129035.53, "Total Cost": 267608.7, "Plan Rows": 1968625, "Plan Width": 33, "Inner Unique": true, "Hash Cond": "(ci.movie_id = t.id), (LLVM Optimized)", "Plans": [{"Node Type": "Streaming(type: LOCAL REDISTRIBUTE dop: 64/64)", "Parent Relationship": "Outer", "Startup Cost": 0.0, "Total Cost": 138181.4, "Plan Rows": 1436424, "Plan Width": 12, "Plans": [{"Node Type": "Seq Scan", "Parent Relationship": "Outer", "Relation Name": "cast_info", "Alias": "ci", "Startup Cost": 0.0, "Total Cost": 73820.73, "Plan Rows": 1436424, "Plan Width": 12, "Filter": "((note)::text ~~ '%(producer)%'::text), (LLVM Optimized)"}]}, {"Node Type": "Hash", "Parent Relationship": "Inner", "Startup Cost": 128693.96, "Total Cost": 128693.96, "Plan Rows": 1748840, "Plan Width": 21, "Plans": [{"Node Type": "Streaming(type: LOCAL REDISTRIBUTE dop: 64/64)", "Parent Relationship": "Outer", "Startup Cost": 0.0, "Total Cost": 128693.96, "Plan Rows": 1748840, "Plan Width": 21, "Plans": [{"Node Type": "Seq Scan", "Parent Relationship": "Outer", "Relation Name": "title", "Alias": "t", "Startup Cost": 0.0, "Total Cost": 64037.34, "Plan Rows": 1748840, "Plan Width": 21, "Filter": "(production_year > 1990), (LLVM Optimized)"}]}]}]}]}, {"Node Type": "Hash", "Parent Relationship": "Inner", "Startup Cost": 130029.32, "Total Cost": 130029.32, "Plan Rows": 3140338, "Plan Width": 20, "Plans": [{"Node Type": "Streaming(type: LOCAL REDISTRIBUTE dop: 64/64)", "Parent Relationship": "Outer", "Startup Cost": 0.0, "Total Cost": 130029.32, "Plan Rows": 3140338, "Plan Width": 20, "Plans": [{"Node Type": "Seq Scan", "Parent Relationship": "Outer", "Relation Name": "char_name", "Alias": "chn", "Startup Cost": 0.0, "Total Cost": 64054.58, "Plan Rows": 3140338, "Plan Width": 20}]}]}]}]}]}]}, {"Node Type": "Hash", "Parent Relationship": "Inner", "Startup Cost": 1.12, "Total Cost": 1.12, "Plan Rows": 12, "Plan Width": 4, "Plans": [{"Node Type": "Seq Scan", "Parent Relationship": "Outer", "Relation Name": "role_type", "Alias": "rt", "Startup Cost": 0.0, "Total Cost": 1.12, "Plan Rows": 12, "Plan Width": 4}]}]}, {"Node Type": "Hash", "Parent Relationship": "Inner", "Startup Cost": 1.03, "Total Cost": 1.03, "Plan Rows": 3, "Plan Width": 4, "Plans": [{"Node Type": "Seq Scan", "Parent Relationship": "Outer", "Relation Name": "company_type", "Alias": "ct", "Startup Cost": 0.0, "Total Cost": 1.03, "Plan Rows": 3, "Plan Width": 4}]}]}]}, "Unique SQL Id": 3145361615}, "explain_analyze_plan": {"Plan": {"Node Type": "Aggregate", "Strategy": "Plain", "Startup Cost": 515623.68, "Total Cost": 515623.69, "Plan Rows": 1, "Plan Width": 97, "Actual Min Startup Time": 3512.81, "Actual Max Startup Time": 3512.81, "Actual Min Total Time": 3512.81, "Actual Max Total Time": 3512.81, "Actual Total Rows": 1, "Plans": [{"Node Type": "Hash Join", "Parent Relationship": "Outer", "Join Type": "Inner", "Startup Cost": 405190.17, "Total Cost": 510776.61, "Plan Rows": 969413, "Plan Width": 33, "Actual Min Startup Time": 3150.989, "Actual Max Startup Time": 3150.989, "Actual Min Total Time": 3512.763, "Actual Max Total Time": 3512.763, "Actual Total Rows": 4, "Inner Unique": true, "Hash Cond": "(mc.company_type_id = ct.id), (LLVM Optimized, Jit Execute)", "Plans": [{"Node Type": "Hash Join", "Parent Relationship": "Outer", "Join Type": "Inner", "Startup Cost": 405189.1, "Total Cost": 497446.12, "Plan Rows": 969413, "Plan Width": 37, "Actual Min Startup Time": 2306.919, "Actual Max Startup Time": 2306.919, "Actual Min Total Time": 3512.569, "Actual Max Total Time": 3512.569, "Actual Total Rows": 10, "Inner Unique": true, "Hash Cond": "(ci.role_id = rt.id), (LLVM Optimized, Jit Execute)", "Plans": [{"Node Type": "Hash Join", "Parent Relationship": "Outer", "Join Type": "Inner", "Startup Cost": 405188.67, "Total Cost": 484116.26, "Plan Rows": 969413, "Plan Width": 41, "Actual Min Startup Time": 2306.816, "Actual Max Startup Time": 2306.816, "Actual Min Total Time": 3512.299, "Actual Max Total Time": 3512.299, "Actual Total Rows": 10, "Inner Unique": false, "Hash Cond": "(mc.movie_id = t.id), (LLVM Optimized, Jit Execute)", "Plans": [{"Node Type": "Hash Join", "Parent Relationship": "Outer", "Join Type": "Inner", "Startup Cost": 6968.08, "Total Cost": 71392.69, "Plan Rows": 1282311, "Plan Width": 8, "Actual Min Startup Time": 121.767, "Actual Max Startup Time": 121.767, "Actual Min Total Time": 1517.199, "Actual Max Total Time": 1517.199, "Actual Total Rows": 1153797, "Inner Unique": true, "Hash Cond": "(mc.company_id = cn.id), (LLVM Optimized, Jit Execute)", "Plans": [{"Node Type": "Seq Scan", "Parent Relationship": "Outer", "Relation Name": "movie_companies", "Alias": "mc", "Startup Cost": 0.0, "Total Cost": 41817.28, "Plan Rows": 2609128, "Plan Width": 12, "Actual Min Startup Time": 0.051, "Actual Max Startup Time": 0.051, "Actual Min Total Time": 586.979, "Actual Max Total Time": 586.979, "Actual Total Rows": 2609128}, {"Node Type": "Hash", "Parent Relationship": "Inner", "Startup Cost": 5903.45, "Total Cost": 5903.45, "Plan Rows": 85170, "Plan Width": 4, "Actual Min Startup Time": 121.51, "Actual Max Startup Time": 121.51, "Actual Min Total Time": 121.51, "Actual Max Total Time": 121.51, "Actual Total Rows": 84843, "Max Hash Buckets": 131072, "Min Hash Buckets": 131072, "Max Hash Batches": 1, "Min Hash Batches": 1, "Max Original Hash Batches": 1, "Min Original Hash Batches": 1, "Max Peak Memory Usage": 2983, "min Peak Memory Usage": 2983, "Plans": [{"Node Type": "Seq Scan", "Parent Relationship": "Outer", "Relation Name": "company_name", "Alias": "cn", "Startup Cost": 0.0, "Total Cost": 5903.45, "Plan Rows": 85170, "Plan Width": 4, "Actual Min Startup Time": 0.037, "Actual Max Startup Time": 0.037, "Actual Min Total Time": 93.104, "Actual Max Total Time": 93.104, "Actual Total Rows": 84843, "Filter": "((country_code)::text = '[us]'::text)", "Rows Removed by Filter": 150153}]}]}, {"Node Type": "Hash", "Parent Relationship": "Inner", "Startup Cost": 386291.56, "Total Cost": 386291.56, "Plan Rows": 954323, "Plan Width": 45, "Actual Min Startup Time": 1772.978, "Actual Max Startup Time": 1772.978, "Actual Min Total Time": 1772.978, "Actual Max Total Time": 1772.978, "Actual Total Rows": 12, "Max Hash Buckets": 1048576, "Min Hash Buckets": 1048576, "Max Hash Batches": 1, "Min Hash Batches": 1, "Max Original Hash Batches": 1, "Min Original Hash Batches": 1, "Max Peak Memory Usage": 1, "min Peak Memory Usage": 1, "Plans": [{"Node Type": "Streaming(type: LOCAL GATHER dop: 1/64)", "Parent Relationship": "Outer", "Startup Cost": 162901.55, "Total Cost": 386291.56, "Plan Rows": 954323, "Plan Width": 45, "Actual Min Startup Time": 1770.895, "Actual Max Startup Time": 1770.895, "Actual Min Total Time": 1772.939, "Actual Max Total Time": 1772.939, "Actual Total Rows": 12, "Plans": [{"Node Type": "Hash Join", "Parent Relationship": "Outer", "Join Type": "Inner", "Startup Cost": 162901.55, "Total Cost": 366603.99, "Plan Rows": 954323, "Plan Width": 45, "Actual Min Startup Time": 1051.258, "Actual Max Startup Time": 1368.871, "Actual Min Total Time": 1051.258, "Actual Max Total Time": 1368.871, "Actual Total Rows": 12, "Inner Unique": true, "Hash Cond": "(ci.person_role_id = chn.id), (LLVM Optimized, Jit Execute)", "Plans": [{"Node Type": "Streaming(type: LOCAL REDISTRIBUTE dop: 64/64)", "Parent Relationship": "Outer", "Startup Cost": 129035.53, "Total Cost": 332473.51, "Plan Rows": 1968625, "Plan Width": 33, "Actual Min Startup Time": 0.324, "Actual Max Startup Time": 772.355, "Actual Min Total Time": 652.101, "Actual Max Total Time": 772.355, "Actual Total Rows": 1071330, "Plans": [{"Node Type": "Hash Join", "Parent Relationship": "Outer", "Join Type": "Inner", "Startup Cost": 129035.53, "Total Cost": 267608.7, "Plan Rows": 1968625, "Plan Width": 33, "Actual Min Startup Time": 216.428, "Actual Max Startup Time": 564.106, "Actual Min Total Time": 457.061, "Actual Max Total Time": 893.331, "Actual Total Rows": 1071330, "Inner Unique": true, "Hash Cond": "(ci.movie_id = t.id), (LLVM Optimized, Jit Execute)", "Plans": [{"Node Type": "Streaming(type: LOCAL REDISTRIBUTE dop: 64/64)", "Parent Relationship": "Outer", "Startup Cost": 0.0, "Total Cost": 138181.4, "Plan Rows": 1436424, "Plan Width": 12, "Actual Min Startup Time": 0.224, "Actual Max Startup Time": 65.822, "Actual Min Total Time": 189.689, "Actual Max Total Time": 355.253, "Actual Total Rows": 1435439, "Plans": [{"Node Type": "Seq Scan", "Parent Relationship": "Outer", "Relation Name": "cast_info", "Alias": "ci", "Startup Cost": 0.0, "Total Cost": 73820.73, "Plan Rows": 1436424, "Plan Width": 12, "Actual Min Startup Time": 14.06, "Actual Max Startup Time": 104.928, "Actual Min Total Time": 178.13, "Actual Max Total Time": 267.3, "Actual Total Rows": 1435439, "Filter": "((note)::text ~~ '%(producer)%'::text), (LLVM Optimized, Jit Execute)", "Rows Removed by Filter": 34808904}]}, {"Node Type": "Hash", "Parent Relationship": "Inner", "Startup Cost": 128693.96, "Total Cost": 128693.96, "Plan Rows": 1748840, "Plan Width": 21, "Actual Min Startup Time": 215.79, "Actual Max Startup Time": 563.556, "Actual Min Total Time": 215.79, "Actual Max Total Time": 563.556, "Actual Total Rows": 1749032, "Max Hash Buckets": 32768, "Min Hash Buckets": 32768, "Max Hash Batches": 1, "Min Hash Batches": 1, "Max Original Hash Batches": 1, "Min Original Hash Batches": 1, "Max Peak Memory Usage": 1467, "min Peak Memory Usage": 1467, "Plans": [{"Node Type": "Streaming(type: LOCAL REDISTRIBUTE dop: 64/64)", "Parent Relationship": "Outer", "Startup Cost": 0.0, "Total Cost": 128693.96, "Plan Rows": 1748840, "Plan Width": 21, "Actual Min Startup Time": 0.129, "Actual Max Startup Time": 217.095, "Actual Min Total Time": 175.094, "Actual Max Total Time": 547.198, "Actual Total Rows": 1749032, "Plans": [{"Node Type": "Seq Scan", "Parent Relationship": "Outer", "Relation Name": "title", "Alias": "t", "Startup Cost": 0.0, "Total Cost": 64037.34, "Plan Rows": 1748840, "Plan Width": 21, "Actual Min Startup Time": 0.033, "Actual Max Startup Time": 0.11, "Actual Min Total Time": 17.019, "Actual Max Total Time": 53.031, "Actual Total Rows": 1749032, "Filter": "(production_year > 1990), (LLVM Optimized, Jit Execute)", "Rows Removed by Filter": 779279}]}]}]}]}, {"Node Type": "Hash", "Parent Relationship": "Inner", "Startup Cost": 130029.32, "Total Cost": 130029.32, "Plan Rows": 3140338, "Plan Width": 20, "Actual Min Startup Time": 278.829, "Actual Max Startup Time": 596.445, "Actual Min Total Time": 278.829, "Actual Max Total Time": 596.445, "Actual Total Rows": 3140338, "Max Hash Buckets": 65536, "Min Hash Buckets": 65536, "Max Hash Batches": 1, "Min Hash Batches": 1, "Max Original Hash Batches": 1, "Min Original Hash Batches": 1, "Max Peak Memory Usage": 2583, "min Peak Memory Usage": 2583, "Plans": [{"Node Type": "Streaming(type: LOCAL REDISTRIBUTE dop: 64/64)", "Parent Relationship": "Outer", "Startup Cost": 0.0, "Total Cost": 130029.32, "Plan Rows": 3140338, "Plan Width": 20, "Actual Min Startup Time": 0.123, "Actual Max Startup Time": 61.811, "Actual Min Total Time": 193.575, "Actual Max Total Time": 548.555, "Actual Total Rows": 3140338, "Plans": [{"Node Type": "Seq Scan", "Parent Relationship": "Outer", "Relation Name": "char_name", "Alias": "chn", "Startup Cost": 0.0, "Total Cost": 64054.58, "Plan Rows": 3140338, "Plan Width": 20, "Actual Min Startup Time": 0.02, "Actual Max Startup Time": 0.066, "Actual Min Total Time": 18.533, "Actual Max Total Time": 43.707, "Actual Total Rows": 3140338}]}]}]}]}]}]}, {"Node Type": "Hash", "Parent Relationship": "Inner", "Startup Cost": 1.12, "Total Cost": 1.12, "Plan Rows": 12, "Plan Width": 4, "Actual Min Startup Time": 0.02, "Actual Max Startup Time": 0.02, "Actual Min Total Time": 0.02, "Actual Max Total Time": 0.02, "Actual Total Rows": 12, "Max Hash Buckets": 32768, "Min Hash Buckets": 32768, "Max Hash Batches": 1, "Min Hash Batches": 1, "Max Original Hash Batches": 1, "Min Original Hash Batches": 1, "Max Peak Memory Usage": 1, "min Peak Memory Usage": 1, "Plans": [{"Node Type": "Seq Scan", "Parent Relationship": "Outer", "Relation Name": "role_type", "Alias": "rt", "Startup Cost": 0.0, "Total Cost": 1.12, "Plan Rows": 12, "Plan Width": 4, "Actual Min Startup Time": 0.011, "Actual Max Startup Time": 0.011, "Actual Min Total Time": 0.011, "Actual Max Total Time": 0.011, "Actual Total Rows": 12}]}]}, {"Node Type": "Hash", "Parent Relationship": "Inner", "Startup Cost": 1.03, "Total Cost": 1.03, "Plan Rows": 3, "Plan Width": 4, "Actual Min Startup Time": 0.056, "Actual Max Startup Time": 0.056, "Actual Min Total Time": 0.056, "Actual Max Total Time": 0.056, "Actual Total Rows": 3, "Max Hash Buckets": 32768, "Min Hash Buckets": 32768, "Max Hash Batches": 1, "Min Hash Batches": 1, "Max Original Hash Batches": 1, "Min Original Hash Batches": 1, "Max Peak Memory Usage": 1, "min Peak Memory Usage": 1, "Plans": [{"Node Type": "Seq Scan", "Parent Relationship": "Outer", "Relation Name": "company_type", "Alias": "ct", "Startup Cost": 0.0, "Total Cost": 1.03, "Plan Rows": 3, "Plan Width": 4, "Actual Min Startup Time": 0.027, "Actual Max Startup Time": 0.027, "Actual Min Total Time": 0.03, "Actual Max Total Time": 0.03, "Actual Total Rows": 3}]}]}]}, "Triggers": [], "Planner Runtime": 79.157, "Total Runtime": 3616.873, "Unique SQL Id": 3145361615}}, "(64, 33)": {"explain_plan": {"Plan": {"Node Type": "Aggregate", "Strategy": "Plain", "Startup Cost": 1608848.33, "Total Cost": 1608848.34, "Plan Rows": 1, "Plan Width": 97, "Plans": [{"Node Type": "Hash Join", "Parent Relationship": "Outer", "Join Type": "Inner", "Startup Cost": 477786.95, "Total Cost": 1604001.26, "Plan Rows": 969413, "Plan Width": 33, "Inner Unique": true, "Hash Cond": "(mc.company_type_id = ct.id), (LLVM Optimized)", "Plans": [{"Node Type": "Hash Join", "Parent Relationship": "Outer", "Join Type": "Inner", "Startup Cost": 477778.61, "Total Cost": 1590663.5, "Plan Rows": 969413, "Plan Width": 37, "Inner Unique": false, "Hash Cond": "(ci.movie_id = t.id), (LLVM Optimized)", "Plans": [{"Node Type": "Hash Join", "Parent Relationship": "Outer", "Join Type": "Inner", "Startup Cost": 169138.26, "Total Cost": 1269717.6, "Plan Rows": 696330, "Plan Width": 20, "Inner Unique": true, "Hash Cond": "(ci.role_id = rt.id), (LLVM Optimized)", "Plans": [{"Node Type": "Hash Join", "Parent Relationship": "Outer", "Join Type": "Inner", "Startup Cost": 169129.68, "Total Cost": 1260134.48, "Plan Rows": 696330, "Plan Width": 24, "Inner Unique": true, "Hash Cond": "(ci.person_role_id = chn.id), (LLVM Optimized)", "Plans": [{"Node Type": "Streaming(type: LOCAL GATHER dop: 1/64)", "Parent Relationship": "Outer", "Startup Cost": 0.0, "Total Cost": 1078654.91, "Plan Rows": 1436424, "Plan Width": 12, "Plans": [{"Node Type": "Index Scan", "Parent Relationship": "Outer", "Scan Direction": "Forward", "Index Name": "role_id_cast_info", "Relation Name": "cast_info", "Alias": "ci", "Startup Cost": 0.0, "Total Cost": 1049021.65, "Plan Rows": 1436424, "Plan Width": 12, "Filter": "((note)::text ~~ '%(producer)%'::text), (LLVM Optimized)"}]}, {"Node Type": "Hash", "Parent Relationship": "Inner", "Startup Cost": 129875.46, "Total Cost": 129875.46, "Plan Rows": 3140338, "Plan Width": 20, "Plans": [{"Node Type": "Index Scan", "Parent Relationship": "Outer", "Scan Direction": "Forward", "Index Name": "char_name_pkey", "Relation Name": "char_name", "Alias": "chn", "Startup Cost": 0.0, "Total Cost": 129875.46, "Plan Rows": 3140338, "Plan Width": 20}]}]}, {"Node Type": "Hash", "Parent Relationship": "Inner", "Startup Cost": 8.43, "Total Cost": 8.43, "Plan Rows": 12, "Plan Width": 4, "Plans": [{"Node Type": "Index Only Scan", "Parent Relationship": "Outer", "Scan Direction": "Forward", "Index Name": "role_type_pkey", "Relation Name": "role_type", "Alias": "rt", "Startup Cost": 0.0, "Total Cost": 8.43, "Plan Rows": 12, "Plan Width": 4}]}]}, {"Node Type": "Hash", "Parent Relationship": "Inner", "Startup Cost": 286433.79, "Total Cost": 286433.79, "Plan Rows": 1776525, "Plan Width": 29, "Plans": [{"Node Type": "Hash Join", "Parent Relationship": "Outer", "Join Type": "Inner", "Startup Cost": 148070.36, "Total Cost": 286433.79, "Plan Rows": 1776525, "Plan Width": 29, "Inner Unique": true, "Hash Cond": "(mc.movie_id = t.id), (LLVM Optimized)", "Plans": [{"Node Type": "Hash Join", "Parent Relationship": "Outer", "Join Type": "Inner", "Startup Cost": 9768.6, "Total Cost": 125558.11, "Plan Rows": 1282311, "Plan Width": 8, "Inner Unique": true, "Hash Cond": "(mc.company_id = cn.id), (LLVM Optimized)", "Plans": [{"Node Type": "Index Scan", "Parent Relationship": "Outer", "Scan Direction": "Forward", "Index Name": "company_type_id_movie_companies", "Relation Name": "movie_companies", "Alias": "mc", "Startup Cost": 0.0, "Total Cost": 93182.17, "Plan Rows": 2609128, "Plan Width": 12}, {"Node Type": "Hash", "Parent Relationship": "Inner", "Startup Cost": 8703.97, "Total Cost": 8703.97, "Plan Rows": 85170, "Plan Width": 4, "Plans": [{"Node Type": "Bitmap Heap Scan", "Parent Relationship": "Outer", "Relation Name": "company_name", "Alias": "cn", "Startup Cost": 2800.52, "Total Cost": 8703.97, "Plan Rows": 85170, "Plan Width": 4, "Filter": "((country_code)::text = '[us]'::text)", "Plans": [{"Node Type": "Bitmap Index Scan", "Parent Relationship": "Outer", "Index Name": "company_name_pkey", "Startup Cost": 0.0, "Total Cost": 2779.23, "Plan Rows": 234996, "Plan Width": 0}]}]}]}, {"Node Type": "Hash", "Parent Relationship": "Inner", "Startup Cost": 116441.27, "Total Cost": 116441.27, "Plan Rows": 1748840, "Plan Width": 21, "Plans": [{"Node Type": "Index Scan", "Parent Relationship": "Outer", "Scan Direction": "Forward", "Index Name": "title_pkey", "Relation Name": "title", "Alias": "t", "Startup Cost": 0.0, "Total Cost": 116441.27, "Plan Rows": 1748840, "Plan Width": 21, "Filter": "(production_year > 1990), (LLVM Optimized)"}]}]}]}]}, {"Node Type": "Hash", "Parent Relationship": "Inner", "Startup Cost": 8.29, "Total Cost": 8.29, "Plan Rows": 3, "Plan Width": 4, "Plans": [{"Node Type": "Index Only Scan", "Parent Relationship": "Outer", "Scan Direction": "Forward", "Index Name": "company_type_pkey", "Relation Name": "company_type", "Alias": "ct", "Startup Cost": 0.0, "Total Cost": 8.29, "Plan Rows": 3, "Plan Width": 4}]}]}]}, "Unique SQL Id": 3145361615}, "explain_analyze_plan": null}, "(64, 34)": {"explain_plan": {"Plan": {"Node Type": "Aggregate", "Strategy": "Plain", "Startup Cost": 515623.68, "Total Cost": 515623.69, "Plan Rows": 1, "Plan Width": 97, "Plans": [{"Node Type": "Hash Join", "Parent Relationship": "Outer", "Join Type": "Inner", "Startup Cost": 405190.17, "Total Cost": 510776.61, "Plan Rows": 969413, "Plan Width": 33, "Inner Unique": true, "Hash Cond": "(mc.company_type_id = ct.id), (LLVM Optimized)", "Plans": [{"Node Type": "Hash Join", "Parent Relationship": "Outer", "Join Type": "Inner", "Startup Cost": 405189.1, "Total Cost": 497446.12, "Plan Rows": 969413, "Plan Width": 37, "Inner Unique": true, "Hash Cond": "(ci.role_id = rt.id), (LLVM Optimized)", "Plans": [{"Node Type": "Hash Join", "Parent Relationship": "Outer", "Join Type": "Inner", "Startup Cost": 405188.67, "Total Cost": 484116.26, "Plan Rows": 969413, "Plan Width": 41, "Inner Unique": false, "Hash Cond": "(mc.movie_id = t.id), (LLVM Optimized)", "Plans": [{"Node Type": "Hash Join", "Parent Relationship": "Outer", "Join Type": "Inner", "Startup Cost": 6968.08, "Total Cost": 71392.69, "Plan Rows": 1282311, "Plan Width": 8, "Inner Unique": true, "Hash Cond": "(mc.company_id = cn.id), (LLVM Optimized)", "Plans": [{"Node Type": "Seq Scan", "Parent Relationship": "Outer", "Relation Name": "movie_companies", "Alias": "mc", "Startup Cost": 0.0, "Total Cost": 41817.28, "Plan Rows": 2609128, "Plan Width": 12}, {"Node Type": "Hash", "Parent Relationship": "Inner", "Startup Cost": 5903.45, "Total Cost": 5903.45, "Plan Rows": 85170, "Plan Width": 4, "Plans": [{"Node Type": "Seq Scan", "Parent Relationship": "Outer", "Relation Name": "company_name", "Alias": "cn", "Startup Cost": 0.0, "Total Cost": 5903.45, "Plan Rows": 85170, "Plan Width": 4, "Filter": "((country_code)::text = '[us]'::text)"}]}]}, {"Node Type": "Hash", "Parent Relationship": "Inner", "Startup Cost": 386291.56, "Total Cost": 386291.56, "Plan Rows": 954323, "Plan Width": 45, "Plans": [{"Node Type": "Streaming(type: LOCAL GATHER dop: 1/64)", "Parent Relationship": "Outer", "Startup Cost": 162901.55, "Total Cost": 386291.56, "Plan Rows": 954323, "Plan Width": 45, "Plans": [{"Node Type": "Hash Join", "Parent Relationship": "Outer", "Join Type": "Inner", "Startup Cost": 162901.55, "Total Cost": 366603.99, "Plan Rows": 954323, "Plan Width": 45, "Inner Unique": true, "Hash Cond": "(ci.person_role_id = chn.id), (LLVM Optimized)", "Plans": [{"Node Type": "Streaming(type: LOCAL REDISTRIBUTE dop: 64/64)", "Parent Relationship": "Outer", "Startup Cost": 129035.53, "Total Cost": 332473.51, "Plan Rows": 1968625, "Plan Width": 33, "Plans": [{"Node Type": "Hash Join", "Parent Relationship": "Outer", "Join Type": "Inner", "Startup Cost": 129035.53, "Total Cost": 267608.7, "Plan Rows": 1968625, "Plan Width": 33, "Inner Unique": true, "Hash Cond": "(ci.movie_id = t.id), (LLVM Optimized)", "Plans": [{"Node Type": "Streaming(type: LOCAL REDISTRIBUTE dop: 64/64)", "Parent Relationship": "Outer", "Startup Cost": 0.0, "Total Cost": 138181.4, "Plan Rows": 1436424, "Plan Width": 12, "Plans": [{"Node Type": "Seq Scan", "Parent Relationship": "Outer", "Relation Name": "cast_info", "Alias": "ci", "Startup Cost": 0.0, "Total Cost": 73820.73, "Plan Rows": 1436424, "Plan Width": 12, "Filter": "((note)::text ~~ '%(producer)%'::text), (LLVM Optimized)"}]}, {"Node Type": "Hash", "Parent Relationship": "Inner", "Startup Cost": 128693.96, "Total Cost": 128693.96, "Plan Rows": 1748840, "Plan Width": 21, "Plans": [{"Node Type": "Streaming(type: LOCAL REDISTRIBUTE dop: 64/64)", "Parent Relationship": "Outer", "Startup Cost": 0.0, "Total Cost": 128693.96, "Plan Rows": 1748840, "Plan Width": 21, "Plans": [{"Node Type": "Seq Scan", "Parent Relationship": "Outer", "Relation Name": "title", "Alias": "t", "Startup Cost": 0.0, "Total Cost": 64037.34, "Plan Rows": 1748840, "Plan Width": 21, "Filter": "(production_year > 1990), (LLVM Optimized)"}]}]}]}]}, {"Node Type": "Hash", "Parent Relationship": "Inner", "Startup Cost": 130029.32, "Total Cost": 130029.32, "Plan Rows": 3140338, "Plan Width": 20, "Plans": [{"Node Type": "Streaming(type: LOCAL REDISTRIBUTE dop: 64/64)", "Parent Relationship": "Outer", "Startup Cost": 0.0, "Total Cost": 130029.32, "Plan Rows": 3140338, "Plan Width": 20, "Plans": [{"Node Type": "Seq Scan", "Parent Relationship": "Outer", "Relation Name": "char_name", "Alias": "chn", "Startup Cost": 0.0, "Total Cost": 64054.58, "Plan Rows": 3140338, "Plan Width": 20}]}]}]}]}]}]}, {"Node Type": "Hash", "Parent Relationship": "Inner", "Startup Cost": 1.12, "Total Cost": 1.12, "Plan Rows": 12, "Plan Width": 4, "Plans": [{"Node Type": "Seq Scan", "Parent Relationship": "Outer", "Relation Name": "role_type", "Alias": "rt", "Startup Cost": 0.0, "Total Cost": 1.12, "Plan Rows": 12, "Plan Width": 4}]}]}, {"Node Type": "Hash", "Parent Relationship": "Inner", "Startup Cost": 1.03, "Total Cost": 1.03, "Plan Rows": 3, "Plan Width": 4, "Plans": [{"Node Type": "Seq Scan", "Parent Relationship": "Outer", "Relation Name": "company_type", "Alias": "ct", "Startup Cost": 0.0, "Total Cost": 1.03, "Plan Rows": 3, "Plan Width": 4}]}]}]}, "Unique SQL Id": 3145361615}, "explain_analyze_plan": {"Plan": {"Node Type": "Aggregate", "Strategy": "Plain", "Startup Cost": 515623.68, "Total Cost": 515623.69, "Plan Rows": 1, "Plan Width": 97, "Actual Min Startup Time": 3512.81, "Actual Max Startup Time": 3512.81, "Actual Min Total Time": 3512.81, "Actual Max Total Time": 3512.81, "Actual Total Rows": 1, "Plans": [{"Node Type": "Hash Join", "Parent Relationship": "Outer", "Join Type": "Inner", "Startup Cost": 405190.17, "Total Cost": 510776.61, "Plan Rows": 969413, "Plan Width": 33, "Actual Min Startup Time": 3150.989, "Actual Max Startup Time": 3150.989, "Actual Min Total Time": 3512.763, "Actual Max Total Time": 3512.763, "Actual Total Rows": 4, "Inner Unique": true, "Hash Cond": "(mc.company_type_id = ct.id), (LLVM Optimized, Jit Execute)", "Plans": [{"Node Type": "Hash Join", "Parent Relationship": "Outer", "Join Type": "Inner", "Startup Cost": 405189.1, "Total Cost": 497446.12, "Plan Rows": 969413, "Plan Width": 37, "Actual Min Startup Time": 2306.919, "Actual Max Startup Time": 2306.919, "Actual Min Total Time": 3512.569, "Actual Max Total Time": 3512.569, "Actual Total Rows": 10, "Inner Unique": true, "Hash Cond": "(ci.role_id = rt.id), (LLVM Optimized, Jit Execute)", "Plans": [{"Node Type": "Hash Join", "Parent Relationship": "Outer", "Join Type": "Inner", "Startup Cost": 405188.67, "Total Cost": 484116.26, "Plan Rows": 969413, "Plan Width": 41, "Actual Min Startup Time": 2306.816, "Actual Max Startup Time": 2306.816, "Actual Min Total Time": 3512.299, "Actual Max Total Time": 3512.299, "Actual Total Rows": 10, "Inner Unique": false, "Hash Cond": "(mc.movie_id = t.id), (LLVM Optimized, Jit Execute)", "Plans": [{"Node Type": "Hash Join", "Parent Relationship": "Outer", "Join Type": "Inner", "Startup Cost": 6968.08, "Total Cost": 71392.69, "Plan Rows": 1282311, "Plan Width": 8, "Actual Min Startup Time": 121.767, "Actual Max Startup Time": 121.767, "Actual Min Total Time": 1517.199, "Actual Max Total Time": 1517.199, "Actual Total Rows": 1153797, "Inner Unique": true, "Hash Cond": "(mc.company_id = cn.id), (LLVM Optimized, Jit Execute)", "Plans": [{"Node Type": "Seq Scan", "Parent Relationship": "Outer", "Relation Name": "movie_companies", "Alias": "mc", "Startup Cost": 0.0, "Total Cost": 41817.28, "Plan Rows": 2609128, "Plan Width": 12, "Actual Min Startup Time": 0.051, "Actual Max Startup Time": 0.051, "Actual Min Total Time": 586.979, "Actual Max Total Time": 586.979, "Actual Total Rows": 2609128}, {"Node Type": "Hash", "Parent Relationship": "Inner", "Startup Cost": 5903.45, "Total Cost": 5903.45, "Plan Rows": 85170, "Plan Width": 4, "Actual Min Startup Time": 121.51, "Actual Max Startup Time": 121.51, "Actual Min Total Time": 121.51, "Actual Max Total Time": 121.51, "Actual Total Rows": 84843, "Max Hash Buckets": 131072, "Min Hash Buckets": 131072, "Max Hash Batches": 1, "Min Hash Batches": 1, "Max Original Hash Batches": 1, "Min Original Hash Batches": 1, "Max Peak Memory Usage": 2983, "min Peak Memory Usage": 2983, "Plans": [{"Node Type": "Seq Scan", "Parent Relationship": "Outer", "Relation Name": "company_name", "Alias": "cn", "Startup Cost": 0.0, "Total Cost": 5903.45, "Plan Rows": 85170, "Plan Width": 4, "Actual Min Startup Time": 0.037, "Actual Max Startup Time": 0.037, "Actual Min Total Time": 93.104, "Actual Max Total Time": 93.104, "Actual Total Rows": 84843, "Filter": "((country_code)::text = '[us]'::text)", "Rows Removed by Filter": 150153}]}]}, {"Node Type": "Hash", "Parent Relationship": "Inner", "Startup Cost": 386291.56, "Total Cost": 386291.56, "Plan Rows": 954323, "Plan Width": 45, "Actual Min Startup Time": 1772.978, "Actual Max Startup Time": 1772.978, "Actual Min Total Time": 1772.978, "Actual Max Total Time": 1772.978, "Actual Total Rows": 12, "Max Hash Buckets": 1048576, "Min Hash Buckets": 1048576, "Max Hash Batches": 1, "Min Hash Batches": 1, "Max Original Hash Batches": 1, "Min Original Hash Batches": 1, "Max Peak Memory Usage": 1, "min Peak Memory Usage": 1, "Plans": [{"Node Type": "Streaming(type: LOCAL GATHER dop: 1/64)", "Parent Relationship": "Outer", "Startup Cost": 162901.55, "Total Cost": 386291.56, "Plan Rows": 954323, "Plan Width": 45, "Actual Min Startup Time": 1770.895, "Actual Max Startup Time": 1770.895, "Actual Min Total Time": 1772.939, "Actual Max Total Time": 1772.939, "Actual Total Rows": 12, "Plans": [{"Node Type": "Hash Join", "Parent Relationship": "Outer", "Join Type": "Inner", "Startup Cost": 162901.55, "Total Cost": 366603.99, "Plan Rows": 954323, "Plan Width": 45, "Actual Min Startup Time": 1051.258, "Actual Max Startup Time": 1368.871, "Actual Min Total Time": 1051.258, "Actual Max Total Time": 1368.871, "Actual Total Rows": 12, "Inner Unique": true, "Hash Cond": "(ci.person_role_id = chn.id), (LLVM Optimized, Jit Execute)", "Plans": [{"Node Type": "Streaming(type: LOCAL REDISTRIBUTE dop: 64/64)", "Parent Relationship": "Outer", "Startup Cost": 129035.53, "Total Cost": 332473.51, "Plan Rows": 1968625, "Plan Width": 33, "Actual Min Startup Time": 0.324, "Actual Max Startup Time": 772.355, "Actual Min Total Time": 652.101, "Actual Max Total Time": 772.355, "Actual Total Rows": 1071330, "Plans": [{"Node Type": "Hash Join", "Parent Relationship": "Outer", "Join Type": "Inner", "Startup Cost": 129035.53, "Total Cost": 267608.7, "Plan Rows": 1968625, "Plan Width": 33, "Actual Min Startup Time": 216.428, "Actual Max Startup Time": 564.106, "Actual Min Total Time": 457.061, "Actual Max Total Time": 893.331, "Actual Total Rows": 1071330, "Inner Unique": true, "Hash Cond": "(ci.movie_id = t.id), (LLVM Optimized, Jit Execute)", "Plans": [{"Node Type": "Streaming(type: LOCAL REDISTRIBUTE dop: 64/64)", "Parent Relationship": "Outer", "Startup Cost": 0.0, "Total Cost": 138181.4, "Plan Rows": 1436424, "Plan Width": 12, "Actual Min Startup Time": 0.224, "Actual Max Startup Time": 65.822, "Actual Min Total Time": 189.689, "Actual Max Total Time": 355.253, "Actual Total Rows": 1435439, "Plans": [{"Node Type": "Seq Scan", "Parent Relationship": "Outer", "Relation Name": "cast_info", "Alias": "ci", "Startup Cost": 0.0, "Total Cost": 73820.73, "Plan Rows": 1436424, "Plan Width": 12, "Actual Min Startup Time": 14.06, "Actual Max Startup Time": 104.928, "Actual Min Total Time": 178.13, "Actual Max Total Time": 267.3, "Actual Total Rows": 1435439, "Filter": "((note)::text ~~ '%(producer)%'::text), (LLVM Optimized, Jit Execute)", "Rows Removed by Filter": 34808904}]}, {"Node Type": "Hash", "Parent Relationship": "Inner", "Startup Cost": 128693.96, "Total Cost": 128693.96, "Plan Rows": 1748840, "Plan Width": 21, "Actual Min Startup Time": 215.79, "Actual Max Startup Time": 563.556, "Actual Min Total Time": 215.79, "Actual Max Total Time": 563.556, "Actual Total Rows": 1749032, "Max Hash Buckets": 32768, "Min Hash Buckets": 32768, "Max Hash Batches": 1, "Min Hash Batches": 1, "Max Original Hash Batches": 1, "Min Original Hash Batches": 1, "Max Peak Memory Usage": 1467, "min Peak Memory Usage": 1467, "Plans": [{"Node Type": "Streaming(type: LOCAL REDISTRIBUTE dop: 64/64)", "Parent Relationship": "Outer", "Startup Cost": 0.0, "Total Cost": 128693.96, "Plan Rows": 1748840, "Plan Width": 21, "Actual Min Startup Time": 0.129, "Actual Max Startup Time": 217.095, "Actual Min Total Time": 175.094, "Actual Max Total Time": 547.198, "Actual Total Rows": 1749032, "Plans": [{"Node Type": "Seq Scan", "Parent Relationship": "Outer", "Relation Name": "title", "Alias": "t", "Startup Cost": 0.0, "Total Cost": 64037.34, "Plan Rows": 1748840, "Plan Width": 21, "Actual Min Startup Time": 0.033, "Actual Max Startup Time": 0.11, "Actual Min Total Time": 17.019, "Actual Max Total Time": 53.031, "Actual Total Rows": 1749032, "Filter": "(production_year > 1990), (LLVM Optimized, Jit Execute)", "Rows Removed by Filter": 779279}]}]}]}]}, {"Node Type": "Hash", "Parent Relationship": "Inner", "Startup Cost": 130029.32, "Total Cost": 130029.32, "Plan Rows": 3140338, "Plan Width": 20, "Actual Min Startup Time": 278.829, "Actual Max Startup Time": 596.445, "Actual Min Total Time": 278.829, "Actual Max Total Time": 596.445, "Actual Total Rows": 3140338, "Max Hash Buckets": 65536, "Min Hash Buckets": 65536, "Max Hash Batches": 1, "Min Hash Batches": 1, "Max Original Hash Batches": 1, "Min Original Hash Batches": 1, "Max Peak Memory Usage": 2583, "min Peak Memory Usage": 2583, "Plans": [{"Node Type": "Streaming(type: LOCAL REDISTRIBUTE dop: 64/64)", "Parent Relationship": "Outer", "Startup Cost": 0.0, "Total Cost": 130029.32, "Plan Rows": 3140338, "Plan Width": 20, "Actual Min Startup Time": 0.123, "Actual Max Startup Time": 61.811, "Actual Min Total Time": 193.575, "Actual Max Total Time": 548.555, "Actual Total Rows": 3140338, "Plans": [{"Node Type": "Seq Scan", "Parent Relationship": "Outer", "Relation Name": "char_name", "Alias": "chn", "Startup Cost": 0.0, "Total Cost": 64054.58, "Plan Rows": 3140338, "Plan Width": 20, "Actual Min Startup Time": 0.02, "Actual Max Startup Time": 0.066, "Actual Min Total Time": 18.533, "Actual Max Total Time": 43.707, "Actual Total Rows": 3140338}]}]}]}]}]}]}, {"Node Type": "Hash", "Parent Relationship": "Inner", "Startup Cost": 1.12, "Total Cost": 1.12, "Plan Rows": 12, "Plan Width": 4, "Actual Min Startup Time": 0.02, "Actual Max Startup Time": 0.02, "Actual Min Total Time": 0.02, "Actual Max Total Time": 0.02, "Actual Total Rows": 12, "Max Hash Buckets": 32768, "Min Hash Buckets": 32768, "Max Hash Batches": 1, "Min Hash Batches": 1, "Max Original Hash Batches": 1, "Min Original Hash Batches": 1, "Max Peak Memory Usage": 1, "min Peak Memory Usage": 1, "Plans": [{"Node Type": "Seq Scan", "Parent Relationship": "Outer", "Relation Name": "role_type", "Alias": "rt", "Startup Cost": 0.0, "Total Cost": 1.12, "Plan Rows": 12, "Plan Width": 4, "Actual Min Startup Time": 0.011, "Actual Max Startup Time": 0.011, "Actual Min Total Time": 0.011, "Actual Max Total Time": 0.011, "Actual Total Rows": 12}]}]}, {"Node Type": "Hash", "Parent Relationship": "Inner", "Startup Cost": 1.03, "Total Cost": 1.03, "Plan Rows": 3, "Plan Width": 4, "Actual Min Startup Time": 0.056, "Actual Max Startup Time": 0.056, "Actual Min Total Time": 0.056, "Actual Max Total Time": 0.056, "Actual Total Rows": 3, "Max Hash Buckets": 32768, "Min Hash Buckets": 32768, "Max Hash Batches": 1, "Min Hash Batches": 1, "Max Original Hash Batches": 1, "Min Original Hash Batches": 1, "Max Peak Memory Usage": 1, "min Peak Memory Usage": 1, "Plans": [{"Node Type": "Seq Scan", "Parent Relationship": "Outer", "Relation Name": "company_type", "Alias": "ct", "Startup Cost": 0.0, "Total Cost": 1.03, "Plan Rows": 3, "Plan Width": 4, "Actual Min Startup Time": 0.027, "Actual Max Startup Time": 0.027, "Actual Min Total Time": 0.03, "Actual Max Total Time": 0.03, "Actual Total Rows": 3}]}]}]}, "Triggers": [], "Planner Runtime": 79.157, "Total Runtime": 3616.873, "Unique SQL Id": 3145361615}}, "(64, 35)": {"explain_plan": {"Plan": {"Node Type": "Aggregate", "Strategy": "Plain", "Startup Cost": 1963906.79, "Total Cost": 1963906.8, "Plan Rows": 1, "Plan Width": 97, "Plans": [{"Node Type": "Hash Join", "Parent Relationship": "Outer", "Join Type": "Inner", "Startup Cost": 1218973.64, "Total Cost": 1959059.72, "Plan Rows": 969413, "Plan Width": 33, "Inner Unique": true, "Hash Cond": "(mc.company_type_id = ct.id), (LLVM Optimized)", "Plans": [{"Node Type": "Hash Join", "Parent Relationship": "Outer", "Join Type": "Inner", "Startup Cost": 1218961.31, "Total Cost": 1945717.96, "Plan Rows": 969413, "Plan Width": 37, "Inner Unique": false, "Hash Cond": "(ci.movie_id = t.id), (LLVM Optimized)", "Plans": [{"Node Type": "Hash Join", "Parent Relationship": "Outer", "Join Type": "Inner", "Startup Cost": 909656.04, "Total Cost": 1624107.14, "Plan Rows": 696330, "Plan Width": 20, "Inner Unique": true, "Hash Cond": "(ci.role_id = rt.id), (LLVM Optimized)", "Plans": [{"Node Type": "Hash Join", "Parent Relationship": "Outer", "Join Type": "Inner", "Startup Cost": 909643.46, "Total Cost": 1614520.02, "Plan Rows": 696330, "Plan Width": 24, "Inner Unique": true, "Hash Cond": "(ci.person_role_id = chn.id), (LLVM Optimized)", "Plans": [{"Node Type": "Bitmap Heap Scan", "Parent Relationship": "Outer", "Relation Name": "cast_info", "Alias": "ci", "Startup Cost": 739944.83, "Total Cost": 1432471.5, "Plan Rows": 1436424, "Plan Width": 12, "Filter": "((note)::text ~~ '%(producer)%'::text), (LLVM Optimized)", "Plans": [{"Node Type": "Bitmap Index Scan", "Parent Relationship": "Outer", "Index Name": "person_role_id_cast_info", "Startup Cost": 0.0, "Total Cost": 739585.72, "Plan Rows": 36259494, "Plan Width": 0}]}, {"Node Type": "Hash", "Parent Relationship": "Inner", "Startup Cost": 130444.4, "Total Cost": 130444.4, "Plan Rows": 3140338, "Plan Width": 20, "Plans": [{"Node Type": "Bitmap Heap Scan", "Parent Relationship": "Outer", "Relation Name": "char_name", "Alias": "chn", "Startup Cost": 62951.02, "Total Cost": 130444.4, "Plan Rows": 3140338, "Plan Width": 20, "Plans": [{"Node Type": "Bitmap Index Scan", "Parent Relationship": "Outer", "Index Name": "char_name_pkey", "Startup Cost": 0.0, "Total Cost": 62165.94, "Plan Rows": 3140338, "Plan Width": 0}]}]}]}, {"Node Type": "Hash", "Parent Relationship": "Inner", "Startup Cost": 12.43, "Total Cost": 12.43, "Plan Rows": 12, "Plan Width": 4, "Plans": [{"Node Type": "Bitmap Heap Scan", "Parent Relationship": "Outer", "Relation Name": "role_type", "Alias": "rt", "Startup Cost": 8.31, "Total Cost": 12.43, "Plan Rows": 12, "Plan Width": 4, "Plans": [{"Node Type": "Bitmap Index Scan", "Parent Relationship": "Outer", "Index Name": "role_type_pkey", "Startup Cost": 0.0, "Total Cost": 8.31, "Plan Rows": 12, "Plan Width": 0}]}]}]}, {"Node Type": "Hash", "Parent Relationship": "Inner", "Startup Cost": 287098.71, "Total Cost": 287098.71, "Plan Rows": 1776525, "Plan Width": 29, "Plans": [{"Node Type": "Hash Join", "Parent Relationship": "Outer", "Join Type": "Inner", "Startup Cost": 200100.17, "Total Cost": 287098.71, "Plan Rows": 1776525, "Plan Width": 29, "Inner Unique": true, "Hash Cond": "(mc.movie_id = t.id), (LLVM Optimized)", "Plans": [{"Node Type": "Hash Join", "Parent Relationship": "Outer", "Join Type": "Inner", "Startup Cost": 61758.77, "Total Cost": 126183.39, "Plan Rows": 1282311, "Plan Width": 8, "Inner Unique": true, "Hash Cond": "(mc.company_id = cn.id), (LLVM Optimized)", "Plans": [{"Node Type": "Bitmap Heap Scan", "Parent Relationship": "Outer", "Relation Name": "movie_companies", "Alias": "mc", "Startup Cost": 51990.17, "Total Cost": 93807.45, "Plan Rows": 2609128, "Plan Width": 12, "Plans": [{"Node Type": "Bitmap Index Scan", "Parent Relationship": "Outer", "Index Name": "movie_id_movie_companies", "Startup Cost": 0.0, "Total Cost": 51337.89, "Plan Rows": 2609128, "Plan Width": 0}]}, {"Node Type": "Hash", "Parent Relationship": "Inner", "Startup Cost": 8703.97, "Total Cost": 8703.97, "Plan Rows": 85170, "Plan Width": 4, "Plans": [{"Node Type": "Bitmap Heap Scan", "Parent Relationship": "Outer", "Relation Name": "company_name", "Alias": "cn", "Startup Cost": 2800.52, "Total Cost": 8703.97, "Plan Rows": 85170, "Plan Width": 4, "Filter": "((country_code)::text = '[us]'::text)", "Plans": [{"Node Type": "Bitmap Index Scan", "Parent Relationship": "Outer", "Index Name": "company_name_pkey", "Startup Cost": 0.0, "Total Cost": 2779.23, "Plan Rows": 234996, "Plan Width": 0}]}]}]}, {"Node Type": "Hash", "Parent Relationship": "Inner", "Startup Cost": 116480.9, "Total Cost": 116480.9, "Plan Rows": 1748840, "Plan Width": 21, "Plans": [{"Node Type": "Bitmap Heap Scan", "Parent Relationship": "Outer", "Relation Name": "title", "Alias": "t", "Startup Cost": 50091.01, "Total Cost": 116480.9, "Plan Rows": 1748840, "Plan Width": 21, "Filter": "(production_year > 1990), (LLVM Optimized)", "Plans": [{"Node Type": "Bitmap Index Scan", "Parent Relationship": "Outer", "Index Name": "title_pkey", "Startup Cost": 0.0, "Total Cost": 49653.81, "Plan Rows": 2528311, "Plan Width": 0}]}]}]}]}]}, {"Node Type": "Hash", "Parent Relationship": "Inner", "Startup Cost": 12.3, "Total Cost": 12.3, "Plan Rows": 3, "Plan Width": 4, "Plans": [{"Node Type": "Bitmap Heap Scan", "Parent Relationship": "Outer", "Relation Name": "company_type", "Alias": "ct", "Startup Cost": 8.27, "Total Cost": 12.3, "Plan Rows": 3, "Plan Width": 4, "Plans": [{"Node Type": "Bitmap Index Scan", "Parent Relationship": "Outer", "Index Name": "company_type_pkey", "Startup Cost": 0.0, "Total Cost": 8.27, "Plan Rows": 3, "Plan Width": 0}]}]}]}]}, "Unique SQL Id": 3145361615}, "explain_analyze_plan": null}, "(64, 36)": {"explain_plan": {"Plan": {"Node Type": "Aggregate", "Strategy": "Plain", "Startup Cost": 515623.68, "Total Cost": 515623.69, "Plan Rows": 1, "Plan Width": 97, "Plans": [{"Node Type": "Hash Join", "Parent Relationship": "Outer", "Join Type": "Inner", "Startup Cost": 405190.17, "Total Cost": 510776.61, "Plan Rows": 969413, "Plan Width": 33, "Inner Unique": true, "Hash Cond": "(mc.company_type_id = ct.id), (LLVM Optimized)", "Plans": [{"Node Type": "Hash Join", "Parent Relationship": "Outer", "Join Type": "Inner", "Startup Cost": 405189.1, "Total Cost": 497446.12, "Plan Rows": 969413, "Plan Width": 37, "Inner Unique": true, "Hash Cond": "(ci.role_id = rt.id), (LLVM Optimized)", "Plans": [{"Node Type": "Hash Join", "Parent Relationship": "Outer", "Join Type": "Inner", "Startup Cost": 405188.67, "Total Cost": 484116.26, "Plan Rows": 969413, "Plan Width": 41, "Inner Unique": false, "Hash Cond": "(mc.movie_id = t.id), (LLVM Optimized)", "Plans": [{"Node Type": "Hash Join", "Parent Relationship": "Outer", "Join Type": "Inner", "Startup Cost": 6968.08, "Total Cost": 71392.69, "Plan Rows": 1282311, "Plan Width": 8, "Inner Unique": true, "Hash Cond": "(mc.company_id = cn.id), (LLVM Optimized)", "Plans": [{"Node Type": "Seq Scan", "Parent Relationship": "Outer", "Relation Name": "movie_companies", "Alias": "mc", "Startup Cost": 0.0, "Total Cost": 41817.28, "Plan Rows": 2609128, "Plan Width": 12}, {"Node Type": "Hash", "Parent Relationship": "Inner", "Startup Cost": 5903.45, "Total Cost": 5903.45, "Plan Rows": 85170, "Plan Width": 4, "Plans": [{"Node Type": "Seq Scan", "Parent Relationship": "Outer", "Relation Name": "company_name", "Alias": "cn", "Startup Cost": 0.0, "Total Cost": 5903.45, "Plan Rows": 85170, "Plan Width": 4, "Filter": "((country_code)::text = '[us]'::text)"}]}]}, {"Node Type": "Hash", "Parent Relationship": "Inner", "Startup Cost": 386291.56, "Total Cost": 386291.56, "Plan Rows": 954323, "Plan Width": 45, "Plans": [{"Node Type": "Streaming(type: LOCAL GATHER dop: 1/64)", "Parent Relationship": "Outer", "Startup Cost": 162901.55, "Total Cost": 386291.56, "Plan Rows": 954323, "Plan Width": 45, "Plans": [{"Node Type": "Hash Join", "Parent Relationship": "Outer", "Join Type": "Inner", "Startup Cost": 162901.55, "Total Cost": 366603.99, "Plan Rows": 954323, "Plan Width": 45, "Inner Unique": true, "Hash Cond": "(ci.person_role_id = chn.id), (LLVM Optimized)", "Plans": [{"Node Type": "Streaming(type: LOCAL REDISTRIBUTE dop: 64/64)", "Parent Relationship": "Outer", "Startup Cost": 129035.53, "Total Cost": 332473.51, "Plan Rows": 1968625, "Plan Width": 33, "Plans": [{"Node Type": "Hash Join", "Parent Relationship": "Outer", "Join Type": "Inner", "Startup Cost": 129035.53, "Total Cost": 267608.7, "Plan Rows": 1968625, "Plan Width": 33, "Inner Unique": true, "Hash Cond": "(ci.movie_id = t.id), (LLVM Optimized)", "Plans": [{"Node Type": "Streaming(type: LOCAL REDISTRIBUTE dop: 64/64)", "Parent Relationship": "Outer", "Startup Cost": 0.0, "Total Cost": 138181.4, "Plan Rows": 1436424, "Plan Width": 12, "Plans": [{"Node Type": "Seq Scan", "Parent Relationship": "Outer", "Relation Name": "cast_info", "Alias": "ci", "Startup Cost": 0.0, "Total Cost": 73820.73, "Plan Rows": 1436424, "Plan Width": 12, "Filter": "((note)::text ~~ '%(producer)%'::text), (LLVM Optimized)"}]}, {"Node Type": "Hash", "Parent Relationship": "Inner", "Startup Cost": 128693.96, "Total Cost": 128693.96, "Plan Rows": 1748840, "Plan Width": 21, "Plans": [{"Node Type": "Streaming(type: LOCAL REDISTRIBUTE dop: 64/64)", "Parent Relationship": "Outer", "Startup Cost": 0.0, "Total Cost": 128693.96, "Plan Rows": 1748840, "Plan Width": 21, "Plans": [{"Node Type": "Seq Scan", "Parent Relationship": "Outer", "Relation Name": "title", "Alias": "t", "Startup Cost": 0.0, "Total Cost": 64037.34, "Plan Rows": 1748840, "Plan Width": 21, "Filter": "(production_year > 1990), (LLVM Optimized)"}]}]}]}]}, {"Node Type": "Hash", "Parent Relationship": "Inner", "Startup Cost": 130029.32, "Total Cost": 130029.32, "Plan Rows": 3140338, "Plan Width": 20, "Plans": [{"Node Type": "Streaming(type: LOCAL REDISTRIBUTE dop: 64/64)", "Parent Relationship": "Outer", "Startup Cost": 0.0, "Total Cost": 130029.32, "Plan Rows": 3140338, "Plan Width": 20, "Plans": [{"Node Type": "Seq Scan", "Parent Relationship": "Outer", "Relation Name": "char_name", "Alias": "chn", "Startup Cost": 0.0, "Total Cost": 64054.58, "Plan Rows": 3140338, "Plan Width": 20}]}]}]}]}]}]}, {"Node Type": "Hash", "Parent Relationship": "Inner", "Startup Cost": 1.12, "Total Cost": 1.12, "Plan Rows": 12, "Plan Width": 4, "Plans": [{"Node Type": "Seq Scan", "Parent Relationship": "Outer", "Relation Name": "role_type", "Alias": "rt", "Startup Cost": 0.0, "Total Cost": 1.12, "Plan Rows": 12, "Plan Width": 4}]}]}, {"Node Type": "Hash", "Parent Relationship": "Inner", "Startup Cost": 1.03, "Total Cost": 1.03, "Plan Rows": 3, "Plan Width": 4, "Plans": [{"Node Type": "Seq Scan", "Parent Relationship": "Outer", "Relation Name": "company_type", "Alias": "ct", "Startup Cost": 0.0, "Total Cost": 1.03, "Plan Rows": 3, "Plan Width": 4}]}]}]}, "Unique SQL Id": 3145361615}, "explain_analyze_plan": {"Plan": {"Node Type": "Aggregate", "Strategy": "Plain", "Startup Cost": 515623.68, "Total Cost": 515623.69, "Plan Rows": 1, "Plan Width": 97, "Actual Min Startup Time": 3512.81, "Actual Max Startup Time": 3512.81, "Actual Min Total Time": 3512.81, "Actual Max Total Time": 3512.81, "Actual Total Rows": 1, "Plans": [{"Node Type": "Hash Join", "Parent Relationship": "Outer", "Join Type": "Inner", "Startup Cost": 405190.17, "Total Cost": 510776.61, "Plan Rows": 969413, "Plan Width": 33, "Actual Min Startup Time": 3150.989, "Actual Max Startup Time": 3150.989, "Actual Min Total Time": 3512.763, "Actual Max Total Time": 3512.763, "Actual Total Rows": 4, "Inner Unique": true, "Hash Cond": "(mc.company_type_id = ct.id), (LLVM Optimized, Jit Execute)", "Plans": [{"Node Type": "Hash Join", "Parent Relationship": "Outer", "Join Type": "Inner", "Startup Cost": 405189.1, "Total Cost": 497446.12, "Plan Rows": 969413, "Plan Width": 37, "Actual Min Startup Time": 2306.919, "Actual Max Startup Time": 2306.919, "Actual Min Total Time": 3512.569, "Actual Max Total Time": 3512.569, "Actual Total Rows": 10, "Inner Unique": true, "Hash Cond": "(ci.role_id = rt.id), (LLVM Optimized, Jit Execute)", "Plans": [{"Node Type": "Hash Join", "Parent Relationship": "Outer", "Join Type": "Inner", "Startup Cost": 405188.67, "Total Cost": 484116.26, "Plan Rows": 969413, "Plan Width": 41, "Actual Min Startup Time": 2306.816, "Actual Max Startup Time": 2306.816, "Actual Min Total Time": 3512.299, "Actual Max Total Time": 3512.299, "Actual Total Rows": 10, "Inner Unique": false, "Hash Cond": "(mc.movie_id = t.id), (LLVM Optimized, Jit Execute)", "Plans": [{"Node Type": "Hash Join", "Parent Relationship": "Outer", "Join Type": "Inner", "Startup Cost": 6968.08, "Total Cost": 71392.69, "Plan Rows": 1282311, "Plan Width": 8, "Actual Min Startup Time": 121.767, "Actual Max Startup Time": 121.767, "Actual Min Total Time": 1517.199, "Actual Max Total Time": 1517.199, "Actual Total Rows": 1153797, "Inner Unique": true, "Hash Cond": "(mc.company_id = cn.id), (LLVM Optimized, Jit Execute)", "Plans": [{"Node Type": "Seq Scan", "Parent Relationship": "Outer", "Relation Name": "movie_companies", "Alias": "mc", "Startup Cost": 0.0, "Total Cost": 41817.28, "Plan Rows": 2609128, "Plan Width": 12, "Actual Min Startup Time": 0.051, "Actual Max Startup Time": 0.051, "Actual Min Total Time": 586.979, "Actual Max Total Time": 586.979, "Actual Total Rows": 2609128}, {"Node Type": "Hash", "Parent Relationship": "Inner", "Startup Cost": 5903.45, "Total Cost": 5903.45, "Plan Rows": 85170, "Plan Width": 4, "Actual Min Startup Time": 121.51, "Actual Max Startup Time": 121.51, "Actual Min Total Time": 121.51, "Actual Max Total Time": 121.51, "Actual Total Rows": 84843, "Max Hash Buckets": 131072, "Min Hash Buckets": 131072, "Max Hash Batches": 1, "Min Hash Batches": 1, "Max Original Hash Batches": 1, "Min Original Hash Batches": 1, "Max Peak Memory Usage": 2983, "min Peak Memory Usage": 2983, "Plans": [{"Node Type": "Seq Scan", "Parent Relationship": "Outer", "Relation Name": "company_name", "Alias": "cn", "Startup Cost": 0.0, "Total Cost": 5903.45, "Plan Rows": 85170, "Plan Width": 4, "Actual Min Startup Time": 0.037, "Actual Max Startup Time": 0.037, "Actual Min Total Time": 93.104, "Actual Max Total Time": 93.104, "Actual Total Rows": 84843, "Filter": "((country_code)::text = '[us]'::text)", "Rows Removed by Filter": 150153}]}]}, {"Node Type": "Hash", "Parent Relationship": "Inner", "Startup Cost": 386291.56, "Total Cost": 386291.56, "Plan Rows": 954323, "Plan Width": 45, "Actual Min Startup Time": 1772.978, "Actual Max Startup Time": 1772.978, "Actual Min Total Time": 1772.978, "Actual Max Total Time": 1772.978, "Actual Total Rows": 12, "Max Hash Buckets": 1048576, "Min Hash Buckets": 1048576, "Max Hash Batches": 1, "Min Hash Batches": 1, "Max Original Hash Batches": 1, "Min Original Hash Batches": 1, "Max Peak Memory Usage": 1, "min Peak Memory Usage": 1, "Plans": [{"Node Type": "Streaming(type: LOCAL GATHER dop: 1/64)", "Parent Relationship": "Outer", "Startup Cost": 162901.55, "Total Cost": 386291.56, "Plan Rows": 954323, "Plan Width": 45, "Actual Min Startup Time": 1770.895, "Actual Max Startup Time": 1770.895, "Actual Min Total Time": 1772.939, "Actual Max Total Time": 1772.939, "Actual Total Rows": 12, "Plans": [{"Node Type": "Hash Join", "Parent Relationship": "Outer", "Join Type": "Inner", "Startup Cost": 162901.55, "Total Cost": 366603.99, "Plan Rows": 954323, "Plan Width": 45, "Actual Min Startup Time": 1051.258, "Actual Max Startup Time": 1368.871, "Actual Min Total Time": 1051.258, "Actual Max Total Time": 1368.871, "Actual Total Rows": 12, "Inner Unique": true, "Hash Cond": "(ci.person_role_id = chn.id), (LLVM Optimized, Jit Execute)", "Plans": [{"Node Type": "Streaming(type: LOCAL REDISTRIBUTE dop: 64/64)", "Parent Relationship": "Outer", "Startup Cost": 129035.53, "Total Cost": 332473.51, "Plan Rows": 1968625, "Plan Width": 33, "Actual Min Startup Time": 0.324, "Actual Max Startup Time": 772.355, "Actual Min Total Time": 652.101, "Actual Max Total Time": 772.355, "Actual Total Rows": 1071330, "Plans": [{"Node Type": "Hash Join", "Parent Relationship": "Outer", "Join Type": "Inner", "Startup Cost": 129035.53, "Total Cost": 267608.7, "Plan Rows": 1968625, "Plan Width": 33, "Actual Min Startup Time": 216.428, "Actual Max Startup Time": 564.106, "Actual Min Total Time": 457.061, "Actual Max Total Time": 893.331, "Actual Total Rows": 1071330, "Inner Unique": true, "Hash Cond": "(ci.movie_id = t.id), (LLVM Optimized, Jit Execute)", "Plans": [{"Node Type": "Streaming(type: LOCAL REDISTRIBUTE dop: 64/64)", "Parent Relationship": "Outer", "Startup Cost": 0.0, "Total Cost": 138181.4, "Plan Rows": 1436424, "Plan Width": 12, "Actual Min Startup Time": 0.224, "Actual Max Startup Time": 65.822, "Actual Min Total Time": 189.689, "Actual Max Total Time": 355.253, "Actual Total Rows": 1435439, "Plans": [{"Node Type": "Seq Scan", "Parent Relationship": "Outer", "Relation Name": "cast_info", "Alias": "ci", "Startup Cost": 0.0, "Total Cost": 73820.73, "Plan Rows": 1436424, "Plan Width": 12, "Actual Min Startup Time": 14.06, "Actual Max Startup Time": 104.928, "Actual Min Total Time": 178.13, "Actual Max Total Time": 267.3, "Actual Total Rows": 1435439, "Filter": "((note)::text ~~ '%(producer)%'::text), (LLVM Optimized, Jit Execute)", "Rows Removed by Filter": 34808904}]}, {"Node Type": "Hash", "Parent Relationship": "Inner", "Startup Cost": 128693.96, "Total Cost": 128693.96, "Plan Rows": 1748840, "Plan Width": 21, "Actual Min Startup Time": 215.79, "Actual Max Startup Time": 563.556, "Actual Min Total Time": 215.79, "Actual Max Total Time": 563.556, "Actual Total Rows": 1749032, "Max Hash Buckets": 32768, "Min Hash Buckets": 32768, "Max Hash Batches": 1, "Min Hash Batches": 1, "Max Original Hash Batches": 1, "Min Original Hash Batches": 1, "Max Peak Memory Usage": 1467, "min Peak Memory Usage": 1467, "Plans": [{"Node Type": "Streaming(type: LOCAL REDISTRIBUTE dop: 64/64)", "Parent Relationship": "Outer", "Startup Cost": 0.0, "Total Cost": 128693.96, "Plan Rows": 1748840, "Plan Width": 21, "Actual Min Startup Time": 0.129, "Actual Max Startup Time": 217.095, "Actual Min Total Time": 175.094, "Actual Max Total Time": 547.198, "Actual Total Rows": 1749032, "Plans": [{"Node Type": "Seq Scan", "Parent Relationship": "Outer", "Relation Name": "title", "Alias": "t", "Startup Cost": 0.0, "Total Cost": 64037.34, "Plan Rows": 1748840, "Plan Width": 21, "Actual Min Startup Time": 0.033, "Actual Max Startup Time": 0.11, "Actual Min Total Time": 17.019, "Actual Max Total Time": 53.031, "Actual Total Rows": 1749032, "Filter": "(production_year > 1990), (LLVM Optimized, Jit Execute)", "Rows Removed by Filter": 779279}]}]}]}]}, {"Node Type": "Hash", "Parent Relationship": "Inner", "Startup Cost": 130029.32, "Total Cost": 130029.32, "Plan Rows": 3140338, "Plan Width": 20, "Actual Min Startup Time": 278.829, "Actual Max Startup Time": 596.445, "Actual Min Total Time": 278.829, "Actual Max Total Time": 596.445, "Actual Total Rows": 3140338, "Max Hash Buckets": 65536, "Min Hash Buckets": 65536, "Max Hash Batches": 1, "Min Hash Batches": 1, "Max Original Hash Batches": 1, "Min Original Hash Batches": 1, "Max Peak Memory Usage": 2583, "min Peak Memory Usage": 2583, "Plans": [{"Node Type": "Streaming(type: LOCAL REDISTRIBUTE dop: 64/64)", "Parent Relationship": "Outer", "Startup Cost": 0.0, "Total Cost": 130029.32, "Plan Rows": 3140338, "Plan Width": 20, "Actual Min Startup Time": 0.123, "Actual Max Startup Time": 61.811, "Actual Min Total Time": 193.575, "Actual Max Total Time": 548.555, "Actual Total Rows": 3140338, "Plans": [{"Node Type": "Seq Scan", "Parent Relationship": "Outer", "Relation Name": "char_name", "Alias": "chn", "Startup Cost": 0.0, "Total Cost": 64054.58, "Plan Rows": 3140338, "Plan Width": 20, "Actual Min Startup Time": 0.02, "Actual Max Startup Time": 0.066, "Actual Min Total Time": 18.533, "Actual Max Total Time": 43.707, "Actual Total Rows": 3140338}]}]}]}]}]}]}, {"Node Type": "Hash", "Parent Relationship": "Inner", "Startup Cost": 1.12, "Total Cost": 1.12, "Plan Rows": 12, "Plan Width": 4, "Actual Min Startup Time": 0.02, "Actual Max Startup Time": 0.02, "Actual Min Total Time": 0.02, "Actual Max Total Time": 0.02, "Actual Total Rows": 12, "Max Hash Buckets": 32768, "Min Hash Buckets": 32768, "Max Hash Batches": 1, "Min Hash Batches": 1, "Max Original Hash Batches": 1, "Min Original Hash Batches": 1, "Max Peak Memory Usage": 1, "min Peak Memory Usage": 1, "Plans": [{"Node Type": "Seq Scan", "Parent Relationship": "Outer", "Relation Name": "role_type", "Alias": "rt", "Startup Cost": 0.0, "Total Cost": 1.12, "Plan Rows": 12, "Plan Width": 4, "Actual Min Startup Time": 0.011, "Actual Max Startup Time": 0.011, "Actual Min Total Time": 0.011, "Actual Max Total Time": 0.011, "Actual Total Rows": 12}]}]}, {"Node Type": "Hash", "Parent Relationship": "Inner", "Startup Cost": 1.03, "Total Cost": 1.03, "Plan Rows": 3, "Plan Width": 4, "Actual Min Startup Time": 0.056, "Actual Max Startup Time": 0.056, "Actual Min Total Time": 0.056, "Actual Max Total Time": 0.056, "Actual Total Rows": 3, "Max Hash Buckets": 32768, "Min Hash Buckets": 32768, "Max Hash Batches": 1, "Min Hash Batches": 1, "Max Original Hash Batches": 1, "Min Original Hash Batches": 1, "Max Peak Memory Usage": 1, "min Peak Memory Usage": 1, "Plans": [{"Node Type": "Seq Scan", "Parent Relationship": "Outer", "Relation Name": "company_type", "Alias": "ct", "Startup Cost": 0.0, "Total Cost": 1.03, "Plan Rows": 3, "Plan Width": 4, "Actual Min Startup Time": 0.027, "Actual Max Startup Time": 0.027, "Actual Min Total Time": 0.03, "Actual Max Total Time": 0.03, "Actual Total Rows": 3}]}]}]}, "Triggers": [], "Planner Runtime": 79.157, "Total Runtime": 3616.873, "Unique SQL Id": 3145361615}}, "(64, 37)": {"explain_plan": {"Plan": {"Node Type": "Aggregate", "Strategy": "Plain", "Startup Cost": 1608856.33, "Total Cost": 1608856.34, "Plan Rows": 1, "Plan Width": 97, "Plans": [{"Node Type": "Hash Join", "Parent Relationship": "Outer", "Join Type": "Inner", "Startup Cost": 477794.95, "Total Cost": 1604009.26, "Plan Rows": 969413, "Plan Width": 33, "Inner Unique": true, "Hash Cond": "(mc.company_type_id = ct.id), (LLVM Optimized)", "Plans": [{"Node Type": "Hash Join", "Parent Relationship": "Outer", "Join Type": "Inner", "Startup Cost": 477782.61, "Total Cost": 1590667.5, "Plan Rows": 969413, "Plan Width": 37, "Inner Unique": false, "Hash Cond": "(ci.movie_id = t.id), (LLVM Optimized)", "Plans": [{"Node Type": "Hash Join", "Parent Relationship": "Outer", "Join Type": "Inner", "Startup Cost": 169142.26, "Total Cost": 1269721.6, "Plan Rows": 696330, "Plan Width": 20, "Inner Unique": true, "Hash Cond": "(ci.role_id = rt.id), (LLVM Optimized)", "Plans": [{"Node Type": "Hash Join", "Parent Relationship": "Outer", "Join Type": "Inner", "Startup Cost": 169129.68, "Total Cost": 1260134.48, "Plan Rows": 696330, "Plan Width": 24, "Inner Unique": true, "Hash Cond": "(ci.person_role_id = chn.id), (LLVM Optimized)", "Plans": [{"Node Type": "Streaming(type: LOCAL GATHER dop: 1/64)", "Parent Relationship": "Outer", "Startup Cost": 0.0, "Total Cost": 1078654.91, "Plan Rows": 1436424, "Plan Width": 12, "Plans": [{"Node Type": "Index Scan", "Parent Relationship": "Outer", "Scan Direction": "Forward", "Index Name": "role_id_cast_info", "Relation Name": "cast_info", "Alias": "ci", "Startup Cost": 0.0, "Total Cost": 1049021.65, "Plan Rows": 1436424, "Plan Width": 12, "Filter": "((note)::text ~~ '%(producer)%'::text), (LLVM Optimized)"}]}, {"Node Type": "Hash", "Parent Relationship": "Inner", "Startup Cost": 129875.46, "Total Cost": 129875.46, "Plan Rows": 3140338, "Plan Width": 20, "Plans": [{"Node Type": "Index Scan", "Parent Relationship": "Outer", "Scan Direction": "Forward", "Index Name": "char_name_pkey", "Relation Name": "char_name", "Alias": "chn", "Startup Cost": 0.0, "Total Cost": 129875.46, "Plan Rows": 3140338, "Plan Width": 20}]}]}, {"Node Type": "Hash", "Parent Relationship": "Inner", "Startup Cost": 12.43, "Total Cost": 12.43, "Plan Rows": 12, "Plan Width": 4, "Plans": [{"Node Type": "Index Scan", "Parent Relationship": "Outer", "Scan Direction": "Forward", "Index Name": "role_type_pkey", "Relation Name": "role_type", "Alias": "rt", "Startup Cost": 0.0, "Total Cost": 12.43, "Plan Rows": 12, "Plan Width": 4}]}]}, {"Node Type": "Hash", "Parent Relationship": "Inner", "Startup Cost": 286433.79, "Total Cost": 286433.79, "Plan Rows": 1776525, "Plan Width": 29, "Plans": [{"Node Type": "Hash Join", "Parent Relationship": "Outer", "Join Type": "Inner", "Startup Cost": 148070.36, "Total Cost": 286433.79, "Plan Rows": 1776525, "Plan Width": 29, "Inner Unique": true, "Hash Cond": "(mc.movie_id = t.id), (LLVM Optimized)", "Plans": [{"Node Type": "Hash Join", "Parent Relationship": "Outer", "Join Type": "Inner", "Startup Cost": 9768.6, "Total Cost": 125558.11, "Plan Rows": 1282311, "Plan Width": 8, "Inner Unique": true, "Hash Cond": "(mc.company_id = cn.id), (LLVM Optimized)", "Plans": [{"Node Type": "Index Scan", "Parent Relationship": "Outer", "Scan Direction": "Forward", "Index Name": "company_type_id_movie_companies", "Relation Name": "movie_companies", "Alias": "mc", "Startup Cost": 0.0, "Total Cost": 93182.17, "Plan Rows": 2609128, "Plan Width": 12}, {"Node Type": "Hash", "Parent Relationship": "Inner", "Startup Cost": 8703.97, "Total Cost": 8703.97, "Plan Rows": 85170, "Plan Width": 4, "Plans": [{"Node Type": "Bitmap Heap Scan", "Parent Relationship": "Outer", "Relation Name": "company_name", "Alias": "cn", "Startup Cost": 2800.52, "Total Cost": 8703.97, "Plan Rows": 85170, "Plan Width": 4, "Filter": "((country_code)::text = '[us]'::text)", "Plans": [{"Node Type": "Bitmap Index Scan", "Parent Relationship": "Outer", "Index Name": "company_name_pkey", "Startup Cost": 0.0, "Total Cost": 2779.23, "Plan Rows": 234996, "Plan Width": 0}]}]}]}, {"Node Type": "Hash", "Parent Relationship": "Inner", "Startup Cost": 116441.27, "Total Cost": 116441.27, "Plan Rows": 1748840, "Plan Width": 21, "Plans": [{"Node Type": "Index Scan", "Parent Relationship": "Outer", "Scan Direction": "Forward", "Index Name": "title_pkey", "Relation Name": "title", "Alias": "t", "Startup Cost": 0.0, "Total Cost": 116441.27, "Plan Rows": 1748840, "Plan Width": 21, "Filter": "(production_year > 1990), (LLVM Optimized)"}]}]}]}]}, {"Node Type": "Hash", "Parent Relationship": "Inner", "Startup Cost": 12.29, "Total Cost": 12.29, "Plan Rows": 3, "Plan Width": 4, "Plans": [{"Node Type": "Index Scan", "Parent Relationship": "Outer", "Scan Direction": "Forward", "Index Name": "company_type_pkey", "Relation Name": "company_type", "Alias": "ct", "Startup Cost": 0.0, "Total Cost": 12.29, "Plan Rows": 3, "Plan Width": 4}]}]}]}, "Unique SQL Id": 3145361615}, "explain_analyze_plan": null}, "(64, 38)": {"explain_plan": {"Plan": {"Node Type": "Aggregate", "Strategy": "Plain", "Startup Cost": 515623.68, "Total Cost": 515623.69, "Plan Rows": 1, "Plan Width": 97, "Plans": [{"Node Type": "Hash Join", "Parent Relationship": "Outer", "Join Type": "Inner", "Startup Cost": 405190.17, "Total Cost": 510776.61, "Plan Rows": 969413, "Plan Width": 33, "Inner Unique": true, "Hash Cond": "(mc.company_type_id = ct.id), (LLVM Optimized)", "Plans": [{"Node Type": "Hash Join", "Parent Relationship": "Outer", "Join Type": "Inner", "Startup Cost": 405189.1, "Total Cost": 497446.12, "Plan Rows": 969413, "Plan Width": 37, "Inner Unique": true, "Hash Cond": "(ci.role_id = rt.id), (LLVM Optimized)", "Plans": [{"Node Type": "Hash Join", "Parent Relationship": "Outer", "Join Type": "Inner", "Startup Cost": 405188.67, "Total Cost": 484116.26, "Plan Rows": 969413, "Plan Width": 41, "Inner Unique": false, "Hash Cond": "(mc.movie_id = t.id), (LLVM Optimized)", "Plans": [{"Node Type": "Hash Join", "Parent Relationship": "Outer", "Join Type": "Inner", "Startup Cost": 6968.08, "Total Cost": 71392.69, "Plan Rows": 1282311, "Plan Width": 8, "Inner Unique": true, "Hash Cond": "(mc.company_id = cn.id), (LLVM Optimized)", "Plans": [{"Node Type": "Seq Scan", "Parent Relationship": "Outer", "Relation Name": "movie_companies", "Alias": "mc", "Startup Cost": 0.0, "Total Cost": 41817.28, "Plan Rows": 2609128, "Plan Width": 12}, {"Node Type": "Hash", "Parent Relationship": "Inner", "Startup Cost": 5903.45, "Total Cost": 5903.45, "Plan Rows": 85170, "Plan Width": 4, "Plans": [{"Node Type": "Seq Scan", "Parent Relationship": "Outer", "Relation Name": "company_name", "Alias": "cn", "Startup Cost": 0.0, "Total Cost": 5903.45, "Plan Rows": 85170, "Plan Width": 4, "Filter": "((country_code)::text = '[us]'::text)"}]}]}, {"Node Type": "Hash", "Parent Relationship": "Inner", "Startup Cost": 386291.56, "Total Cost": 386291.56, "Plan Rows": 954323, "Plan Width": 45, "Plans": [{"Node Type": "Streaming(type: LOCAL GATHER dop: 1/64)", "Parent Relationship": "Outer", "Startup Cost": 162901.55, "Total Cost": 386291.56, "Plan Rows": 954323, "Plan Width": 45, "Plans": [{"Node Type": "Hash Join", "Parent Relationship": "Outer", "Join Type": "Inner", "Startup Cost": 162901.55, "Total Cost": 366603.99, "Plan Rows": 954323, "Plan Width": 45, "Inner Unique": true, "Hash Cond": "(ci.person_role_id = chn.id), (LLVM Optimized)", "Plans": [{"Node Type": "Streaming(type: LOCAL REDISTRIBUTE dop: 64/64)", "Parent Relationship": "Outer", "Startup Cost": 129035.53, "Total Cost": 332473.51, "Plan Rows": 1968625, "Plan Width": 33, "Plans": [{"Node Type": "Hash Join", "Parent Relationship": "Outer", "Join Type": "Inner", "Startup Cost": 129035.53, "Total Cost": 267608.7, "Plan Rows": 1968625, "Plan Width": 33, "Inner Unique": true, "Hash Cond": "(ci.movie_id = t.id), (LLVM Optimized)", "Plans": [{"Node Type": "Streaming(type: LOCAL REDISTRIBUTE dop: 64/64)", "Parent Relationship": "Outer", "Startup Cost": 0.0, "Total Cost": 138181.4, "Plan Rows": 1436424, "Plan Width": 12, "Plans": [{"Node Type": "Seq Scan", "Parent Relationship": "Outer", "Relation Name": "cast_info", "Alias": "ci", "Startup Cost": 0.0, "Total Cost": 73820.73, "Plan Rows": 1436424, "Plan Width": 12, "Filter": "((note)::text ~~ '%(producer)%'::text), (LLVM Optimized)"}]}, {"Node Type": "Hash", "Parent Relationship": "Inner", "Startup Cost": 128693.96, "Total Cost": 128693.96, "Plan Rows": 1748840, "Plan Width": 21, "Plans": [{"Node Type": "Streaming(type: LOCAL REDISTRIBUTE dop: 64/64)", "Parent Relationship": "Outer", "Startup Cost": 0.0, "Total Cost": 128693.96, "Plan Rows": 1748840, "Plan Width": 21, "Plans": [{"Node Type": "Seq Scan", "Parent Relationship": "Outer", "Relation Name": "title", "Alias": "t", "Startup Cost": 0.0, "Total Cost": 64037.34, "Plan Rows": 1748840, "Plan Width": 21, "Filter": "(production_year > 1990), (LLVM Optimized)"}]}]}]}]}, {"Node Type": "Hash", "Parent Relationship": "Inner", "Startup Cost": 130029.32, "Total Cost": 130029.32, "Plan Rows": 3140338, "Plan Width": 20, "Plans": [{"Node Type": "Streaming(type: LOCAL REDISTRIBUTE dop: 64/64)", "Parent Relationship": "Outer", "Startup Cost": 0.0, "Total Cost": 130029.32, "Plan Rows": 3140338, "Plan Width": 20, "Plans": [{"Node Type": "Seq Scan", "Parent Relationship": "Outer", "Relation Name": "char_name", "Alias": "chn", "Startup Cost": 0.0, "Total Cost": 64054.58, "Plan Rows": 3140338, "Plan Width": 20}]}]}]}]}]}]}, {"Node Type": "Hash", "Parent Relationship": "Inner", "Startup Cost": 1.12, "Total Cost": 1.12, "Plan Rows": 12, "Plan Width": 4, "Plans": [{"Node Type": "Seq Scan", "Parent Relationship": "Outer", "Relation Name": "role_type", "Alias": "rt", "Startup Cost": 0.0, "Total Cost": 1.12, "Plan Rows": 12, "Plan Width": 4}]}]}, {"Node Type": "Hash", "Parent Relationship": "Inner", "Startup Cost": 1.03, "Total Cost": 1.03, "Plan Rows": 3, "Plan Width": 4, "Plans": [{"Node Type": "Seq Scan", "Parent Relationship": "Outer", "Relation Name": "company_type", "Alias": "ct", "Startup Cost": 0.0, "Total Cost": 1.03, "Plan Rows": 3, "Plan Width": 4}]}]}]}, "Unique SQL Id": 3145361615}, "explain_analyze_plan": {"Plan": {"Node Type": "Aggregate", "Strategy": "Plain", "Startup Cost": 515623.68, "Total Cost": 515623.69, "Plan Rows": 1, "Plan Width": 97, "Actual Min Startup Time": 3512.81, "Actual Max Startup Time": 3512.81, "Actual Min Total Time": 3512.81, "Actual Max Total Time": 3512.81, "Actual Total Rows": 1, "Plans": [{"Node Type": "Hash Join", "Parent Relationship": "Outer", "Join Type": "Inner", "Startup Cost": 405190.17, "Total Cost": 510776.61, "Plan Rows": 969413, "Plan Width": 33, "Actual Min Startup Time": 3150.989, "Actual Max Startup Time": 3150.989, "Actual Min Total Time": 3512.763, "Actual Max Total Time": 3512.763, "Actual Total Rows": 4, "Inner Unique": true, "Hash Cond": "(mc.company_type_id = ct.id), (LLVM Optimized, Jit Execute)", "Plans": [{"Node Type": "Hash Join", "Parent Relationship": "Outer", "Join Type": "Inner", "Startup Cost": 405189.1, "Total Cost": 497446.12, "Plan Rows": 969413, "Plan Width": 37, "Actual Min Startup Time": 2306.919, "Actual Max Startup Time": 2306.919, "Actual Min Total Time": 3512.569, "Actual Max Total Time": 3512.569, "Actual Total Rows": 10, "Inner Unique": true, "Hash Cond": "(ci.role_id = rt.id), (LLVM Optimized, Jit Execute)", "Plans": [{"Node Type": "Hash Join", "Parent Relationship": "Outer", "Join Type": "Inner", "Startup Cost": 405188.67, "Total Cost": 484116.26, "Plan Rows": 969413, "Plan Width": 41, "Actual Min Startup Time": 2306.816, "Actual Max Startup Time": 2306.816, "Actual Min Total Time": 3512.299, "Actual Max Total Time": 3512.299, "Actual Total Rows": 10, "Inner Unique": false, "Hash Cond": "(mc.movie_id = t.id), (LLVM Optimized, Jit Execute)", "Plans": [{"Node Type": "Hash Join", "Parent Relationship": "Outer", "Join Type": "Inner", "Startup Cost": 6968.08, "Total Cost": 71392.69, "Plan Rows": 1282311, "Plan Width": 8, "Actual Min Startup Time": 121.767, "Actual Max Startup Time": 121.767, "Actual Min Total Time": 1517.199, "Actual Max Total Time": 1517.199, "Actual Total Rows": 1153797, "Inner Unique": true, "Hash Cond": "(mc.company_id = cn.id), (LLVM Optimized, Jit Execute)", "Plans": [{"Node Type": "Seq Scan", "Parent Relationship": "Outer", "Relation Name": "movie_companies", "Alias": "mc", "Startup Cost": 0.0, "Total Cost": 41817.28, "Plan Rows": 2609128, "Plan Width": 12, "Actual Min Startup Time": 0.051, "Actual Max Startup Time": 0.051, "Actual Min Total Time": 586.979, "Actual Max Total Time": 586.979, "Actual Total Rows": 2609128}, {"Node Type": "Hash", "Parent Relationship": "Inner", "Startup Cost": 5903.45, "Total Cost": 5903.45, "Plan Rows": 85170, "Plan Width": 4, "Actual Min Startup Time": 121.51, "Actual Max Startup Time": 121.51, "Actual Min Total Time": 121.51, "Actual Max Total Time": 121.51, "Actual Total Rows": 84843, "Max Hash Buckets": 131072, "Min Hash Buckets": 131072, "Max Hash Batches": 1, "Min Hash Batches": 1, "Max Original Hash Batches": 1, "Min Original Hash Batches": 1, "Max Peak Memory Usage": 2983, "min Peak Memory Usage": 2983, "Plans": [{"Node Type": "Seq Scan", "Parent Relationship": "Outer", "Relation Name": "company_name", "Alias": "cn", "Startup Cost": 0.0, "Total Cost": 5903.45, "Plan Rows": 85170, "Plan Width": 4, "Actual Min Startup Time": 0.037, "Actual Max Startup Time": 0.037, "Actual Min Total Time": 93.104, "Actual Max Total Time": 93.104, "Actual Total Rows": 84843, "Filter": "((country_code)::text = '[us]'::text)", "Rows Removed by Filter": 150153}]}]}, {"Node Type": "Hash", "Parent Relationship": "Inner", "Startup Cost": 386291.56, "Total Cost": 386291.56, "Plan Rows": 954323, "Plan Width": 45, "Actual Min Startup Time": 1772.978, "Actual Max Startup Time": 1772.978, "Actual Min Total Time": 1772.978, "Actual Max Total Time": 1772.978, "Actual Total Rows": 12, "Max Hash Buckets": 1048576, "Min Hash Buckets": 1048576, "Max Hash Batches": 1, "Min Hash Batches": 1, "Max Original Hash Batches": 1, "Min Original Hash Batches": 1, "Max Peak Memory Usage": 1, "min Peak Memory Usage": 1, "Plans": [{"Node Type": "Streaming(type: LOCAL GATHER dop: 1/64)", "Parent Relationship": "Outer", "Startup Cost": 162901.55, "Total Cost": 386291.56, "Plan Rows": 954323, "Plan Width": 45, "Actual Min Startup Time": 1770.895, "Actual Max Startup Time": 1770.895, "Actual Min Total Time": 1772.939, "Actual Max Total Time": 1772.939, "Actual Total Rows": 12, "Plans": [{"Node Type": "Hash Join", "Parent Relationship": "Outer", "Join Type": "Inner", "Startup Cost": 162901.55, "Total Cost": 366603.99, "Plan Rows": 954323, "Plan Width": 45, "Actual Min Startup Time": 1051.258, "Actual Max Startup Time": 1368.871, "Actual Min Total Time": 1051.258, "Actual Max Total Time": 1368.871, "Actual Total Rows": 12, "Inner Unique": true, "Hash Cond": "(ci.person_role_id = chn.id), (LLVM Optimized, Jit Execute)", "Plans": [{"Node Type": "Streaming(type: LOCAL REDISTRIBUTE dop: 64/64)", "Parent Relationship": "Outer", "Startup Cost": 129035.53, "Total Cost": 332473.51, "Plan Rows": 1968625, "Plan Width": 33, "Actual Min Startup Time": 0.324, "Actual Max Startup Time": 772.355, "Actual Min Total Time": 652.101, "Actual Max Total Time": 772.355, "Actual Total Rows": 1071330, "Plans": [{"Node Type": "Hash Join", "Parent Relationship": "Outer", "Join Type": "Inner", "Startup Cost": 129035.53, "Total Cost": 267608.7, "Plan Rows": 1968625, "Plan Width": 33, "Actual Min Startup Time": 216.428, "Actual Max Startup Time": 564.106, "Actual Min Total Time": 457.061, "Actual Max Total Time": 893.331, "Actual Total Rows": 1071330, "Inner Unique": true, "Hash Cond": "(ci.movie_id = t.id), (LLVM Optimized, Jit Execute)", "Plans": [{"Node Type": "Streaming(type: LOCAL REDISTRIBUTE dop: 64/64)", "Parent Relationship": "Outer", "Startup Cost": 0.0, "Total Cost": 138181.4, "Plan Rows": 1436424, "Plan Width": 12, "Actual Min Startup Time": 0.224, "Actual Max Startup Time": 65.822, "Actual Min Total Time": 189.689, "Actual Max Total Time": 355.253, "Actual Total Rows": 1435439, "Plans": [{"Node Type": "Seq Scan", "Parent Relationship": "Outer", "Relation Name": "cast_info", "Alias": "ci", "Startup Cost": 0.0, "Total Cost": 73820.73, "Plan Rows": 1436424, "Plan Width": 12, "Actual Min Startup Time": 14.06, "Actual Max Startup Time": 104.928, "Actual Min Total Time": 178.13, "Actual Max Total Time": 267.3, "Actual Total Rows": 1435439, "Filter": "((note)::text ~~ '%(producer)%'::text), (LLVM Optimized, Jit Execute)", "Rows Removed by Filter": 34808904}]}, {"Node Type": "Hash", "Parent Relationship": "Inner", "Startup Cost": 128693.96, "Total Cost": 128693.96, "Plan Rows": 1748840, "Plan Width": 21, "Actual Min Startup Time": 215.79, "Actual Max Startup Time": 563.556, "Actual Min Total Time": 215.79, "Actual Max Total Time": 563.556, "Actual Total Rows": 1749032, "Max Hash Buckets": 32768, "Min Hash Buckets": 32768, "Max Hash Batches": 1, "Min Hash Batches": 1, "Max Original Hash Batches": 1, "Min Original Hash Batches": 1, "Max Peak Memory Usage": 1467, "min Peak Memory Usage": 1467, "Plans": [{"Node Type": "Streaming(type: LOCAL REDISTRIBUTE dop: 64/64)", "Parent Relationship": "Outer", "Startup Cost": 0.0, "Total Cost": 128693.96, "Plan Rows": 1748840, "Plan Width": 21, "Actual Min Startup Time": 0.129, "Actual Max Startup Time": 217.095, "Actual Min Total Time": 175.094, "Actual Max Total Time": 547.198, "Actual Total Rows": 1749032, "Plans": [{"Node Type": "Seq Scan", "Parent Relationship": "Outer", "Relation Name": "title", "Alias": "t", "Startup Cost": 0.0, "Total Cost": 64037.34, "Plan Rows": 1748840, "Plan Width": 21, "Actual Min Startup Time": 0.033, "Actual Max Startup Time": 0.11, "Actual Min Total Time": 17.019, "Actual Max Total Time": 53.031, "Actual Total Rows": 1749032, "Filter": "(production_year > 1990), (LLVM Optimized, Jit Execute)", "Rows Removed by Filter": 779279}]}]}]}]}, {"Node Type": "Hash", "Parent Relationship": "Inner", "Startup Cost": 130029.32, "Total Cost": 130029.32, "Plan Rows": 3140338, "Plan Width": 20, "Actual Min Startup Time": 278.829, "Actual Max Startup Time": 596.445, "Actual Min Total Time": 278.829, "Actual Max Total Time": 596.445, "Actual Total Rows": 3140338, "Max Hash Buckets": 65536, "Min Hash Buckets": 65536, "Max Hash Batches": 1, "Min Hash Batches": 1, "Max Original Hash Batches": 1, "Min Original Hash Batches": 1, "Max Peak Memory Usage": 2583, "min Peak Memory Usage": 2583, "Plans": [{"Node Type": "Streaming(type: LOCAL REDISTRIBUTE dop: 64/64)", "Parent Relationship": "Outer", "Startup Cost": 0.0, "Total Cost": 130029.32, "Plan Rows": 3140338, "Plan Width": 20, "Actual Min Startup Time": 0.123, "Actual Max Startup Time": 61.811, "Actual Min Total Time": 193.575, "Actual Max Total Time": 548.555, "Actual Total Rows": 3140338, "Plans": [{"Node Type": "Seq Scan", "Parent Relationship": "Outer", "Relation Name": "char_name", "Alias": "chn", "Startup Cost": 0.0, "Total Cost": 64054.58, "Plan Rows": 3140338, "Plan Width": 20, "Actual Min Startup Time": 0.02, "Actual Max Startup Time": 0.066, "Actual Min Total Time": 18.533, "Actual Max Total Time": 43.707, "Actual Total Rows": 3140338}]}]}]}]}]}]}, {"Node Type": "Hash", "Parent Relationship": "Inner", "Startup Cost": 1.12, "Total Cost": 1.12, "Plan Rows": 12, "Plan Width": 4, "Actual Min Startup Time": 0.02, "Actual Max Startup Time": 0.02, "Actual Min Total Time": 0.02, "Actual Max Total Time": 0.02, "Actual Total Rows": 12, "Max Hash Buckets": 32768, "Min Hash Buckets": 32768, "Max Hash Batches": 1, "Min Hash Batches": 1, "Max Original Hash Batches": 1, "Min Original Hash Batches": 1, "Max Peak Memory Usage": 1, "min Peak Memory Usage": 1, "Plans": [{"Node Type": "Seq Scan", "Parent Relationship": "Outer", "Relation Name": "role_type", "Alias": "rt", "Startup Cost": 0.0, "Total Cost": 1.12, "Plan Rows": 12, "Plan Width": 4, "Actual Min Startup Time": 0.011, "Actual Max Startup Time": 0.011, "Actual Min Total Time": 0.011, "Actual Max Total Time": 0.011, "Actual Total Rows": 12}]}]}, {"Node Type": "Hash", "Parent Relationship": "Inner", "Startup Cost": 1.03, "Total Cost": 1.03, "Plan Rows": 3, "Plan Width": 4, "Actual Min Startup Time": 0.056, "Actual Max Startup Time": 0.056, "Actual Min Total Time": 0.056, "Actual Max Total Time": 0.056, "Actual Total Rows": 3, "Max Hash Buckets": 32768, "Min Hash Buckets": 32768, "Max Hash Batches": 1, "Min Hash Batches": 1, "Max Original Hash Batches": 1, "Min Original Hash Batches": 1, "Max Peak Memory Usage": 1, "min Peak Memory Usage": 1, "Plans": [{"Node Type": "Seq Scan", "Parent Relationship": "Outer", "Relation Name": "company_type", "Alias": "ct", "Startup Cost": 0.0, "Total Cost": 1.03, "Plan Rows": 3, "Plan Width": 4, "Actual Min Startup Time": 0.027, "Actual Max Startup Time": 0.027, "Actual Min Total Time": 0.03, "Actual Max Total Time": 0.03, "Actual Total Rows": 3}]}]}]}, "Triggers": [], "Planner Runtime": 79.157, "Total Runtime": 3616.873, "Unique SQL Id": 3145361615}}, "(64, 39)": {"explain_plan": {"Plan": {"Node Type": "Aggregate", "Strategy": "Plain", "Startup Cost": 1963906.79, "Total Cost": 1963906.8, "Plan Rows": 1, "Plan Width": 97, "Plans": [{"Node Type": "Hash Join", "Parent Relationship": "Outer", "Join Type": "Inner", "Startup Cost": 1218973.64, "Total Cost": 1959059.72, "Plan Rows": 969413, "Plan Width": 33, "Inner Unique": true, "Hash Cond": "(mc.company_type_id = ct.id), (LLVM Optimized)", "Plans": [{"Node Type": "Hash Join", "Parent Relationship": "Outer", "Join Type": "Inner", "Startup Cost": 1218961.31, "Total Cost": 1945717.96, "Plan Rows": 969413, "Plan Width": 37, "Inner Unique": false, "Hash Cond": "(ci.movie_id = t.id), (LLVM Optimized)", "Plans": [{"Node Type": "Hash Join", "Parent Relationship": "Outer", "Join Type": "Inner", "Startup Cost": 909656.04, "Total Cost": 1624107.14, "Plan Rows": 696330, "Plan Width": 20, "Inner Unique": true, "Hash Cond": "(ci.role_id = rt.id), (LLVM Optimized)", "Plans": [{"Node Type": "Hash Join", "Parent Relationship": "Outer", "Join Type": "Inner", "Startup Cost": 909643.46, "Total Cost": 1614520.02, "Plan Rows": 696330, "Plan Width": 24, "Inner Unique": true, "Hash Cond": "(ci.person_role_id = chn.id), (LLVM Optimized)", "Plans": [{"Node Type": "Bitmap Heap Scan", "Parent Relationship": "Outer", "Relation Name": "cast_info", "Alias": "ci", "Startup Cost": 739944.83, "Total Cost": 1432471.5, "Plan Rows": 1436424, "Plan Width": 12, "Filter": "((note)::text ~~ '%(producer)%'::text), (LLVM Optimized)", "Plans": [{"Node Type": "Bitmap Index Scan", "Parent Relationship": "Outer", "Index Name": "person_role_id_cast_info", "Startup Cost": 0.0, "Total Cost": 739585.72, "Plan Rows": 36259494, "Plan Width": 0}]}, {"Node Type": "Hash", "Parent Relationship": "Inner", "Startup Cost": 130444.4, "Total Cost": 130444.4, "Plan Rows": 3140338, "Plan Width": 20, "Plans": [{"Node Type": "Bitmap Heap Scan", "Parent Relationship": "Outer", "Relation Name": "char_name", "Alias": "chn", "Startup Cost": 62951.02, "Total Cost": 130444.4, "Plan Rows": 3140338, "Plan Width": 20, "Plans": [{"Node Type": "Bitmap Index Scan", "Parent Relationship": "Outer", "Index Name": "char_name_pkey", "Startup Cost": 0.0, "Total Cost": 62165.94, "Plan Rows": 3140338, "Plan Width": 0}]}]}]}, {"Node Type": "Hash", "Parent Relationship": "Inner", "Startup Cost": 12.43, "Total Cost": 12.43, "Plan Rows": 12, "Plan Width": 4, "Plans": [{"Node Type": "Bitmap Heap Scan", "Parent Relationship": "Outer", "Relation Name": "role_type", "Alias": "rt", "Startup Cost": 8.31, "Total Cost": 12.43, "Plan Rows": 12, "Plan Width": 4, "Plans": [{"Node Type": "Bitmap Index Scan", "Parent Relationship": "Outer", "Index Name": "role_type_pkey", "Startup Cost": 0.0, "Total Cost": 8.31, "Plan Rows": 12, "Plan Width": 0}]}]}]}, {"Node Type": "Hash", "Parent Relationship": "Inner", "Startup Cost": 287098.71, "Total Cost": 287098.71, "Plan Rows": 1776525, "Plan Width": 29, "Plans": [{"Node Type": "Hash Join", "Parent Relationship": "Outer", "Join Type": "Inner", "Startup Cost": 200100.17, "Total Cost": 287098.71, "Plan Rows": 1776525, "Plan Width": 29, "Inner Unique": true, "Hash Cond": "(mc.movie_id = t.id), (LLVM Optimized)", "Plans": [{"Node Type": "Hash Join", "Parent Relationship": "Outer", "Join Type": "Inner", "Startup Cost": 61758.77, "Total Cost": 126183.39, "Plan Rows": 1282311, "Plan Width": 8, "Inner Unique": true, "Hash Cond": "(mc.company_id = cn.id), (LLVM Optimized)", "Plans": [{"Node Type": "Bitmap Heap Scan", "Parent Relationship": "Outer", "Relation Name": "movie_companies", "Alias": "mc", "Startup Cost": 51990.17, "Total Cost": 93807.45, "Plan Rows": 2609128, "Plan Width": 12, "Plans": [{"Node Type": "Bitmap Index Scan", "Parent Relationship": "Outer", "Index Name": "movie_id_movie_companies", "Startup Cost": 0.0, "Total Cost": 51337.89, "Plan Rows": 2609128, "Plan Width": 0}]}, {"Node Type": "Hash", "Parent Relationship": "Inner", "Startup Cost": 8703.97, "Total Cost": 8703.97, "Plan Rows": 85170, "Plan Width": 4, "Plans": [{"Node Type": "Bitmap Heap Scan", "Parent Relationship": "Outer", "Relation Name": "company_name", "Alias": "cn", "Startup Cost": 2800.52, "Total Cost": 8703.97, "Plan Rows": 85170, "Plan Width": 4, "Filter": "((country_code)::text = '[us]'::text)", "Plans": [{"Node Type": "Bitmap Index Scan", "Parent Relationship": "Outer", "Index Name": "company_name_pkey", "Startup Cost": 0.0, "Total Cost": 2779.23, "Plan Rows": 234996, "Plan Width": 0}]}]}]}, {"Node Type": "Hash", "Parent Relationship": "Inner", "Startup Cost": 116480.9, "Total Cost": 116480.9, "Plan Rows": 1748840, "Plan Width": 21, "Plans": [{"Node Type": "Bitmap Heap Scan", "Parent Relationship": "Outer", "Relation Name": "title", "Alias": "t", "Startup Cost": 50091.01, "Total Cost": 116480.9, "Plan Rows": 1748840, "Plan Width": 21, "Filter": "(production_year > 1990), (LLVM Optimized)", "Plans": [{"Node Type": "Bitmap Index Scan", "Parent Relationship": "Outer", "Index Name": "title_pkey", "Startup Cost": 0.0, "Total Cost": 49653.81, "Plan Rows": 2528311, "Plan Width": 0}]}]}]}]}]}, {"Node Type": "Hash", "Parent Relationship": "Inner", "Startup Cost": 12.3, "Total Cost": 12.3, "Plan Rows": 3, "Plan Width": 4, "Plans": [{"Node Type": "Bitmap Heap Scan", "Parent Relationship": "Outer", "Relation Name": "company_type", "Alias": "ct", "Startup Cost": 8.27, "Total Cost": 12.3, "Plan Rows": 3, "Plan Width": 4, "Plans": [{"Node Type": "Bitmap Index Scan", "Parent Relationship": "Outer", "Index Name": "company_type_pkey", "Startup Cost": 0.0, "Total Cost": 8.27, "Plan Rows": 3, "Plan Width": 0}]}]}]}]}, "Unique SQL Id": 3145361615}, "explain_analyze_plan": null}, "(64, 40)": {"explain_plan": {"Plan": {"Node Type": "Aggregate", "Strategy": "Plain", "Startup Cost": 515623.68, "Total Cost": 515623.69, "Plan Rows": 1, "Plan Width": 97, "Plans": [{"Node Type": "Hash Join", "Parent Relationship": "Outer", "Join Type": "Inner", "Startup Cost": 405190.17, "Total Cost": 510776.61, "Plan Rows": 969413, "Plan Width": 33, "Inner Unique": true, "Hash Cond": "(mc.company_type_id = ct.id), (LLVM Optimized)", "Plans": [{"Node Type": "Hash Join", "Parent Relationship": "Outer", "Join Type": "Inner", "Startup Cost": 405189.1, "Total Cost": 497446.12, "Plan Rows": 969413, "Plan Width": 37, "Inner Unique": true, "Hash Cond": "(ci.role_id = rt.id), (LLVM Optimized)", "Plans": [{"Node Type": "Hash Join", "Parent Relationship": "Outer", "Join Type": "Inner", "Startup Cost": 405188.67, "Total Cost": 484116.26, "Plan Rows": 969413, "Plan Width": 41, "Inner Unique": false, "Hash Cond": "(mc.movie_id = t.id), (LLVM Optimized)", "Plans": [{"Node Type": "Hash Join", "Parent Relationship": "Outer", "Join Type": "Inner", "Startup Cost": 6968.08, "Total Cost": 71392.69, "Plan Rows": 1282311, "Plan Width": 8, "Inner Unique": true, "Hash Cond": "(mc.company_id = cn.id), (LLVM Optimized)", "Plans": [{"Node Type": "Seq Scan", "Parent Relationship": "Outer", "Relation Name": "movie_companies", "Alias": "mc", "Startup Cost": 0.0, "Total Cost": 41817.28, "Plan Rows": 2609128, "Plan Width": 12}, {"Node Type": "Hash", "Parent Relationship": "Inner", "Startup Cost": 5903.45, "Total Cost": 5903.45, "Plan Rows": 85170, "Plan Width": 4, "Plans": [{"Node Type": "Seq Scan", "Parent Relationship": "Outer", "Relation Name": "company_name", "Alias": "cn", "Startup Cost": 0.0, "Total Cost": 5903.45, "Plan Rows": 85170, "Plan Width": 4, "Filter": "((country_code)::text = '[us]'::text)"}]}]}, {"Node Type": "Hash", "Parent Relationship": "Inner", "Startup Cost": 386291.56, "Total Cost": 386291.56, "Plan Rows": 954323, "Plan Width": 45, "Plans": [{"Node Type": "Streaming(type: LOCAL GATHER dop: 1/64)", "Parent Relationship": "Outer", "Startup Cost": 162901.55, "Total Cost": 386291.56, "Plan Rows": 954323, "Plan Width": 45, "Plans": [{"Node Type": "Hash Join", "Parent Relationship": "Outer", "Join Type": "Inner", "Startup Cost": 162901.55, "Total Cost": 366603.99, "Plan Rows": 954323, "Plan Width": 45, "Inner Unique": true, "Hash Cond": "(ci.person_role_id = chn.id), (LLVM Optimized)", "Plans": [{"Node Type": "Streaming(type: LOCAL REDISTRIBUTE dop: 64/64)", "Parent Relationship": "Outer", "Startup Cost": 129035.53, "Total Cost": 332473.51, "Plan Rows": 1968625, "Plan Width": 33, "Plans": [{"Node Type": "Hash Join", "Parent Relationship": "Outer", "Join Type": "Inner", "Startup Cost": 129035.53, "Total Cost": 267608.7, "Plan Rows": 1968625, "Plan Width": 33, "Inner Unique": true, "Hash Cond": "(ci.movie_id = t.id), (LLVM Optimized)", "Plans": [{"Node Type": "Streaming(type: LOCAL REDISTRIBUTE dop: 64/64)", "Parent Relationship": "Outer", "Startup Cost": 0.0, "Total Cost": 138181.4, "Plan Rows": 1436424, "Plan Width": 12, "Plans": [{"Node Type": "Seq Scan", "Parent Relationship": "Outer", "Relation Name": "cast_info", "Alias": "ci", "Startup Cost": 0.0, "Total Cost": 73820.73, "Plan Rows": 1436424, "Plan Width": 12, "Filter": "((note)::text ~~ '%(producer)%'::text), (LLVM Optimized)"}]}, {"Node Type": "Hash", "Parent Relationship": "Inner", "Startup Cost": 128693.96, "Total Cost": 128693.96, "Plan Rows": 1748840, "Plan Width": 21, "Plans": [{"Node Type": "Streaming(type: LOCAL REDISTRIBUTE dop: 64/64)", "Parent Relationship": "Outer", "Startup Cost": 0.0, "Total Cost": 128693.96, "Plan Rows": 1748840, "Plan Width": 21, "Plans": [{"Node Type": "Seq Scan", "Parent Relationship": "Outer", "Relation Name": "title", "Alias": "t", "Startup Cost": 0.0, "Total Cost": 64037.34, "Plan Rows": 1748840, "Plan Width": 21, "Filter": "(production_year > 1990), (LLVM Optimized)"}]}]}]}]}, {"Node Type": "Hash", "Parent Relationship": "Inner", "Startup Cost": 130029.32, "Total Cost": 130029.32, "Plan Rows": 3140338, "Plan Width": 20, "Plans": [{"Node Type": "Streaming(type: LOCAL REDISTRIBUTE dop: 64/64)", "Parent Relationship": "Outer", "Startup Cost": 0.0, "Total Cost": 130029.32, "Plan Rows": 3140338, "Plan Width": 20, "Plans": [{"Node Type": "Seq Scan", "Parent Relationship": "Outer", "Relation Name": "char_name", "Alias": "chn", "Startup Cost": 0.0, "Total Cost": 64054.58, "Plan Rows": 3140338, "Plan Width": 20}]}]}]}]}]}]}, {"Node Type": "Hash", "Parent Relationship": "Inner", "Startup Cost": 1.12, "Total Cost": 1.12, "Plan Rows": 12, "Plan Width": 4, "Plans": [{"Node Type": "Seq Scan", "Parent Relationship": "Outer", "Relation Name": "role_type", "Alias": "rt", "Startup Cost": 0.0, "Total Cost": 1.12, "Plan Rows": 12, "Plan Width": 4}]}]}, {"Node Type": "Hash", "Parent Relationship": "Inner", "Startup Cost": 1.03, "Total Cost": 1.03, "Plan Rows": 3, "Plan Width": 4, "Plans": [{"Node Type": "Seq Scan", "Parent Relationship": "Outer", "Relation Name": "company_type", "Alias": "ct", "Startup Cost": 0.0, "Total Cost": 1.03, "Plan Rows": 3, "Plan Width": 4}]}]}]}, "Unique SQL Id": 3145361615}, "explain_analyze_plan": {"Plan": {"Node Type": "Aggregate", "Strategy": "Plain", "Startup Cost": 515623.68, "Total Cost": 515623.69, "Plan Rows": 1, "Plan Width": 97, "Actual Min Startup Time": 3512.81, "Actual Max Startup Time": 3512.81, "Actual Min Total Time": 3512.81, "Actual Max Total Time": 3512.81, "Actual Total Rows": 1, "Plans": [{"Node Type": "Hash Join", "Parent Relationship": "Outer", "Join Type": "Inner", "Startup Cost": 405190.17, "Total Cost": 510776.61, "Plan Rows": 969413, "Plan Width": 33, "Actual Min Startup Time": 3150.989, "Actual Max Startup Time": 3150.989, "Actual Min Total Time": 3512.763, "Actual Max Total Time": 3512.763, "Actual Total Rows": 4, "Inner Unique": true, "Hash Cond": "(mc.company_type_id = ct.id), (LLVM Optimized, Jit Execute)", "Plans": [{"Node Type": "Hash Join", "Parent Relationship": "Outer", "Join Type": "Inner", "Startup Cost": 405189.1, "Total Cost": 497446.12, "Plan Rows": 969413, "Plan Width": 37, "Actual Min Startup Time": 2306.919, "Actual Max Startup Time": 2306.919, "Actual Min Total Time": 3512.569, "Actual Max Total Time": 3512.569, "Actual Total Rows": 10, "Inner Unique": true, "Hash Cond": "(ci.role_id = rt.id), (LLVM Optimized, Jit Execute)", "Plans": [{"Node Type": "Hash Join", "Parent Relationship": "Outer", "Join Type": "Inner", "Startup Cost": 405188.67, "Total Cost": 484116.26, "Plan Rows": 969413, "Plan Width": 41, "Actual Min Startup Time": 2306.816, "Actual Max Startup Time": 2306.816, "Actual Min Total Time": 3512.299, "Actual Max Total Time": 3512.299, "Actual Total Rows": 10, "Inner Unique": false, "Hash Cond": "(mc.movie_id = t.id), (LLVM Optimized, Jit Execute)", "Plans": [{"Node Type": "Hash Join", "Parent Relationship": "Outer", "Join Type": "Inner", "Startup Cost": 6968.08, "Total Cost": 71392.69, "Plan Rows": 1282311, "Plan Width": 8, "Actual Min Startup Time": 121.767, "Actual Max Startup Time": 121.767, "Actual Min Total Time": 1517.199, "Actual Max Total Time": 1517.199, "Actual Total Rows": 1153797, "Inner Unique": true, "Hash Cond": "(mc.company_id = cn.id), (LLVM Optimized, Jit Execute)", "Plans": [{"Node Type": "Seq Scan", "Parent Relationship": "Outer", "Relation Name": "movie_companies", "Alias": "mc", "Startup Cost": 0.0, "Total Cost": 41817.28, "Plan Rows": 2609128, "Plan Width": 12, "Actual Min Startup Time": 0.051, "Actual Max Startup Time": 0.051, "Actual Min Total Time": 586.979, "Actual Max Total Time": 586.979, "Actual Total Rows": 2609128}, {"Node Type": "Hash", "Parent Relationship": "Inner", "Startup Cost": 5903.45, "Total Cost": 5903.45, "Plan Rows": 85170, "Plan Width": 4, "Actual Min Startup Time": 121.51, "Actual Max Startup Time": 121.51, "Actual Min Total Time": 121.51, "Actual Max Total Time": 121.51, "Actual Total Rows": 84843, "Max Hash Buckets": 131072, "Min Hash Buckets": 131072, "Max Hash Batches": 1, "Min Hash Batches": 1, "Max Original Hash Batches": 1, "Min Original Hash Batches": 1, "Max Peak Memory Usage": 2983, "min Peak Memory Usage": 2983, "Plans": [{"Node Type": "Seq Scan", "Parent Relationship": "Outer", "Relation Name": "company_name", "Alias": "cn", "Startup Cost": 0.0, "Total Cost": 5903.45, "Plan Rows": 85170, "Plan Width": 4, "Actual Min Startup Time": 0.037, "Actual Max Startup Time": 0.037, "Actual Min Total Time": 93.104, "Actual Max Total Time": 93.104, "Actual Total Rows": 84843, "Filter": "((country_code)::text = '[us]'::text)", "Rows Removed by Filter": 150153}]}]}, {"Node Type": "Hash", "Parent Relationship": "Inner", "Startup Cost": 386291.56, "Total Cost": 386291.56, "Plan Rows": 954323, "Plan Width": 45, "Actual Min Startup Time": 1772.978, "Actual Max Startup Time": 1772.978, "Actual Min Total Time": 1772.978, "Actual Max Total Time": 1772.978, "Actual Total Rows": 12, "Max Hash Buckets": 1048576, "Min Hash Buckets": 1048576, "Max Hash Batches": 1, "Min Hash Batches": 1, "Max Original Hash Batches": 1, "Min Original Hash Batches": 1, "Max Peak Memory Usage": 1, "min Peak Memory Usage": 1, "Plans": [{"Node Type": "Streaming(type: LOCAL GATHER dop: 1/64)", "Parent Relationship": "Outer", "Startup Cost": 162901.55, "Total Cost": 386291.56, "Plan Rows": 954323, "Plan Width": 45, "Actual Min Startup Time": 1770.895, "Actual Max Startup Time": 1770.895, "Actual Min Total Time": 1772.939, "Actual Max Total Time": 1772.939, "Actual Total Rows": 12, "Plans": [{"Node Type": "Hash Join", "Parent Relationship": "Outer", "Join Type": "Inner", "Startup Cost": 162901.55, "Total Cost": 366603.99, "Plan Rows": 954323, "Plan Width": 45, "Actual Min Startup Time": 1051.258, "Actual Max Startup Time": 1368.871, "Actual Min Total Time": 1051.258, "Actual Max Total Time": 1368.871, "Actual Total Rows": 12, "Inner Unique": true, "Hash Cond": "(ci.person_role_id = chn.id), (LLVM Optimized, Jit Execute)", "Plans": [{"Node Type": "Streaming(type: LOCAL REDISTRIBUTE dop: 64/64)", "Parent Relationship": "Outer", "Startup Cost": 129035.53, "Total Cost": 332473.51, "Plan Rows": 1968625, "Plan Width": 33, "Actual Min Startup Time": 0.324, "Actual Max Startup Time": 772.355, "Actual Min Total Time": 652.101, "Actual Max Total Time": 772.355, "Actual Total Rows": 1071330, "Plans": [{"Node Type": "Hash Join", "Parent Relationship": "Outer", "Join Type": "Inner", "Startup Cost": 129035.53, "Total Cost": 267608.7, "Plan Rows": 1968625, "Plan Width": 33, "Actual Min Startup Time": 216.428, "Actual Max Startup Time": 564.106, "Actual Min Total Time": 457.061, "Actual Max Total Time": 893.331, "Actual Total Rows": 1071330, "Inner Unique": true, "Hash Cond": "(ci.movie_id = t.id), (LLVM Optimized, Jit Execute)", "Plans": [{"Node Type": "Streaming(type: LOCAL REDISTRIBUTE dop: 64/64)", "Parent Relationship": "Outer", "Startup Cost": 0.0, "Total Cost": 138181.4, "Plan Rows": 1436424, "Plan Width": 12, "Actual Min Startup Time": 0.224, "Actual Max Startup Time": 65.822, "Actual Min Total Time": 189.689, "Actual Max Total Time": 355.253, "Actual Total Rows": 1435439, "Plans": [{"Node Type": "Seq Scan", "Parent Relationship": "Outer", "Relation Name": "cast_info", "Alias": "ci", "Startup Cost": 0.0, "Total Cost": 73820.73, "Plan Rows": 1436424, "Plan Width": 12, "Actual Min Startup Time": 14.06, "Actual Max Startup Time": 104.928, "Actual Min Total Time": 178.13, "Actual Max Total Time": 267.3, "Actual Total Rows": 1435439, "Filter": "((note)::text ~~ '%(producer)%'::text), (LLVM Optimized, Jit Execute)", "Rows Removed by Filter": 34808904}]}, {"Node Type": "Hash", "Parent Relationship": "Inner", "Startup Cost": 128693.96, "Total Cost": 128693.96, "Plan Rows": 1748840, "Plan Width": 21, "Actual Min Startup Time": 215.79, "Actual Max Startup Time": 563.556, "Actual Min Total Time": 215.79, "Actual Max Total Time": 563.556, "Actual Total Rows": 1749032, "Max Hash Buckets": 32768, "Min Hash Buckets": 32768, "Max Hash Batches": 1, "Min Hash Batches": 1, "Max Original Hash Batches": 1, "Min Original Hash Batches": 1, "Max Peak Memory Usage": 1467, "min Peak Memory Usage": 1467, "Plans": [{"Node Type": "Streaming(type: LOCAL REDISTRIBUTE dop: 64/64)", "Parent Relationship": "Outer", "Startup Cost": 0.0, "Total Cost": 128693.96, "Plan Rows": 1748840, "Plan Width": 21, "Actual Min Startup Time": 0.129, "Actual Max Startup Time": 217.095, "Actual Min Total Time": 175.094, "Actual Max Total Time": 547.198, "Actual Total Rows": 1749032, "Plans": [{"Node Type": "Seq Scan", "Parent Relationship": "Outer", "Relation Name": "title", "Alias": "t", "Startup Cost": 0.0, "Total Cost": 64037.34, "Plan Rows": 1748840, "Plan Width": 21, "Actual Min Startup Time": 0.033, "Actual Max Startup Time": 0.11, "Actual Min Total Time": 17.019, "Actual Max Total Time": 53.031, "Actual Total Rows": 1749032, "Filter": "(production_year > 1990), (LLVM Optimized, Jit Execute)", "Rows Removed by Filter": 779279}]}]}]}]}, {"Node Type": "Hash", "Parent Relationship": "Inner", "Startup Cost": 130029.32, "Total Cost": 130029.32, "Plan Rows": 3140338, "Plan Width": 20, "Actual Min Startup Time": 278.829, "Actual Max Startup Time": 596.445, "Actual Min Total Time": 278.829, "Actual Max Total Time": 596.445, "Actual Total Rows": 3140338, "Max Hash Buckets": 65536, "Min Hash Buckets": 65536, "Max Hash Batches": 1, "Min Hash Batches": 1, "Max Original Hash Batches": 1, "Min Original Hash Batches": 1, "Max Peak Memory Usage": 2583, "min Peak Memory Usage": 2583, "Plans": [{"Node Type": "Streaming(type: LOCAL REDISTRIBUTE dop: 64/64)", "Parent Relationship": "Outer", "Startup Cost": 0.0, "Total Cost": 130029.32, "Plan Rows": 3140338, "Plan Width": 20, "Actual Min Startup Time": 0.123, "Actual Max Startup Time": 61.811, "Actual Min Total Time": 193.575, "Actual Max Total Time": 548.555, "Actual Total Rows": 3140338, "Plans": [{"Node Type": "Seq Scan", "Parent Relationship": "Outer", "Relation Name": "char_name", "Alias": "chn", "Startup Cost": 0.0, "Total Cost": 64054.58, "Plan Rows": 3140338, "Plan Width": 20, "Actual Min Startup Time": 0.02, "Actual Max Startup Time": 0.066, "Actual Min Total Time": 18.533, "Actual Max Total Time": 43.707, "Actual Total Rows": 3140338}]}]}]}]}]}]}, {"Node Type": "Hash", "Parent Relationship": "Inner", "Startup Cost": 1.12, "Total Cost": 1.12, "Plan Rows": 12, "Plan Width": 4, "Actual Min Startup Time": 0.02, "Actual Max Startup Time": 0.02, "Actual Min Total Time": 0.02, "Actual Max Total Time": 0.02, "Actual Total Rows": 12, "Max Hash Buckets": 32768, "Min Hash Buckets": 32768, "Max Hash Batches": 1, "Min Hash Batches": 1, "Max Original Hash Batches": 1, "Min Original Hash Batches": 1, "Max Peak Memory Usage": 1, "min Peak Memory Usage": 1, "Plans": [{"Node Type": "Seq Scan", "Parent Relationship": "Outer", "Relation Name": "role_type", "Alias": "rt", "Startup Cost": 0.0, "Total Cost": 1.12, "Plan Rows": 12, "Plan Width": 4, "Actual Min Startup Time": 0.011, "Actual Max Startup Time": 0.011, "Actual Min Total Time": 0.011, "Actual Max Total Time": 0.011, "Actual Total Rows": 12}]}]}, {"Node Type": "Hash", "Parent Relationship": "Inner", "Startup Cost": 1.03, "Total Cost": 1.03, "Plan Rows": 3, "Plan Width": 4, "Actual Min Startup Time": 0.056, "Actual Max Startup Time": 0.056, "Actual Min Total Time": 0.056, "Actual Max Total Time": 0.056, "Actual Total Rows": 3, "Max Hash Buckets": 32768, "Min Hash Buckets": 32768, "Max Hash Batches": 1, "Min Hash Batches": 1, "Max Original Hash Batches": 1, "Min Original Hash Batches": 1, "Max Peak Memory Usage": 1, "min Peak Memory Usage": 1, "Plans": [{"Node Type": "Seq Scan", "Parent Relationship": "Outer", "Relation Name": "company_type", "Alias": "ct", "Startup Cost": 0.0, "Total Cost": 1.03, "Plan Rows": 3, "Plan Width": 4, "Actual Min Startup Time": 0.027, "Actual Max Startup Time": 0.027, "Actual Min Total Time": 0.03, "Actual Max Total Time": 0.03, "Actual Total Rows": 3}]}]}]}, "Triggers": [], "Planner Runtime": 79.157, "Total Runtime": 3616.873, "Unique SQL Id": 3145361615}}, "(64, 41)": {"explain_plan": {"Plan": {"Node Type": "Aggregate", "Strategy": "Plain", "Startup Cost": 1610645.74, "Total Cost": 1610645.75, "Plan Rows": 1, "Plan Width": 97, "Plans": [{"Node Type": "Hash Join", "Parent Relationship": "Outer", "Join Type": "Inner", "Startup Cost": 479584.36, "Total Cost": 1605798.68, "Plan Rows": 969413, "Plan Width": 33, "Inner Unique": true, "Hash Cond": "(mc.company_type_id = ct.id), (LLVM Optimized)", "Plans": [{"Node Type": "Hash Join", "Parent Relationship": "Outer", "Join Type": "Inner", "Startup Cost": 479576.03, "Total Cost": 1592460.92, "Plan Rows": 969413, "Plan Width": 37, "Inner Unique": false, "Hash Cond": "(ci.movie_id = t.id), (LLVM Optimized)", "Plans": [{"Node Type": "Hash Join", "Parent Relationship": "Outer", "Join Type": "Inner", "Startup Cost": 169138.26, "Total Cost": 1269717.6, "Plan Rows": 696330, "Plan Width": 20, "Inner Unique": true, "Hash Cond": "(ci.role_id = rt.id), (LLVM Optimized)", "Plans": [{"Node Type": "Hash Join", "Parent Relationship": "Outer", "Join Type": "Inner", "Startup Cost": 169129.68, "Total Cost": 1260134.48, "Plan Rows": 696330, "Plan Width": 24, "Inner Unique": true, "Hash Cond": "(ci.person_role_id = chn.id), (LLVM Optimized)", "Plans": [{"Node Type": "Streaming(type: LOCAL GATHER dop: 1/64)", "Parent Relationship": "Outer", "Startup Cost": 0.0, "Total Cost": 1078654.91, "Plan Rows": 1436424, "Plan Width": 12, "Plans": [{"Node Type": "Index Scan", "Parent Relationship": "Outer", "Scan Direction": "Forward", "Index Name": "role_id_cast_info", "Relation Name": "cast_info", "Alias": "ci", "Startup Cost": 0.0, "Total Cost": 1049021.65, "Plan Rows": 1436424, "Plan Width": 12, "Filter": "((note)::text ~~ '%(producer)%'::text), (LLVM Optimized)"}]}, {"Node Type": "Hash", "Parent Relationship": "Inner", "Startup Cost": 129875.46, "Total Cost": 129875.46, "Plan Rows": 3140338, "Plan Width": 20, "Plans": [{"Node Type": "Index Scan", "Parent Relationship": "Outer", "Scan Direction": "Forward", "Index Name": "char_name_pkey", "Relation Name": "char_name", "Alias": "chn", "Startup Cost": 0.0, "Total Cost": 129875.46, "Plan Rows": 3140338, "Plan Width": 20}]}]}, {"Node Type": "Hash", "Parent Relationship": "Inner", "Startup Cost": 8.43, "Total Cost": 8.43, "Plan Rows": 12, "Plan Width": 4, "Plans": [{"Node Type": "Index Only Scan", "Parent Relationship": "Outer", "Scan Direction": "Forward", "Index Name": "role_type_pkey", "Relation Name": "role_type", "Alias": "rt", "Startup Cost": 0.0, "Total Cost": 8.43, "Plan Rows": 12, "Plan Width": 4}]}]}, {"Node Type": "Hash", "Parent Relationship": "Inner", "Startup Cost": 288231.21, "Total Cost": 288231.21, "Plan Rows": 1776525, "Plan Width": 29, "Plans": [{"Node Type": "Hash Join", "Parent Relationship": "Outer", "Join Type": "Inner", "Startup Cost": 149867.78, "Total Cost": 288231.21, "Plan Rows": 1776525, "Plan Width": 29, "Inner Unique": true, "Hash Cond": "(mc.movie_id = t.id), (LLVM Optimized)", "Plans": [{"Node Type": "Hash Join", "Parent Relationship": "Outer", "Join Type": "Inner", "Startup Cost": 11566.01, "Total Cost": 127355.52, "Plan Rows": 1282311, "Plan Width": 8, "Inner Unique": true, "Hash Cond": "(mc.company_id = cn.id), (LLVM Optimized)", "Plans": [{"Node Type": "Index Scan", "Parent Relationship": "Outer", "Scan Direction": "Forward", "Index Name": "company_type_id_movie_companies", "Relation Name": "movie_companies", "Alias": "mc", "Startup Cost": 0.0, "Total Cost": 93182.17, "Plan Rows": 2609128, "Plan Width": 12}, {"Node Type": "Hash", "Parent Relationship": "Inner", "Startup Cost": 10501.39, "Total Cost": 10501.39, "Plan Rows": 85170, "Plan Width": 4, "Plans": [{"Node Type": "Index Scan", "Parent Relationship": "Outer", "Scan Direction": "Forward", "Index Name": "company_name_pkey", "Relation Name": "company_name", "Alias": "cn", "Startup Cost": 0.0, "Total Cost": 10501.39, "Plan Rows": 85170, "Plan Width": 4, "Filter": "((country_code)::text = '[us]'::text)"}]}]}, {"Node Type": "Hash", "Parent Relationship": "Inner", "Startup Cost": 116441.27, "Total Cost": 116441.27, "Plan Rows": 1748840, "Plan Width": 21, "Plans": [{"Node Type": "Index Scan", "Parent Relationship": "Outer", "Scan Direction": "Forward", "Index Name": "title_pkey", "Relation Name": "title", "Alias": "t", "Startup Cost": 0.0, "Total Cost": 116441.27, "Plan Rows": 1748840, "Plan Width": 21, "Filter": "(production_year > 1990), (LLVM Optimized)"}]}]}]}]}, {"Node Type": "Hash", "Parent Relationship": "Inner", "Startup Cost": 8.29, "Total Cost": 8.29, "Plan Rows": 3, "Plan Width": 4, "Plans": [{"Node Type": "Index Only Scan", "Parent Relationship": "Outer", "Scan Direction": "Forward", "Index Name": "company_type_pkey", "Relation Name": "company_type", "Alias": "ct", "Startup Cost": 0.0, "Total Cost": 8.29, "Plan Rows": 3, "Plan Width": 4}]}]}]}, "Unique SQL Id": 3145361615}, "explain_analyze_plan": null}, "(64, 42)": {"explain_plan": {"Plan": {"Node Type": "Aggregate", "Strategy": "Plain", "Startup Cost": 515623.68, "Total Cost": 515623.69, "Plan Rows": 1, "Plan Width": 97, "Plans": [{"Node Type": "Hash Join", "Parent Relationship": "Outer", "Join Type": "Inner", "Startup Cost": 405190.17, "Total Cost": 510776.61, "Plan Rows": 969413, "Plan Width": 33, "Inner Unique": true, "Hash Cond": "(mc.company_type_id = ct.id), (LLVM Optimized)", "Plans": [{"Node Type": "Hash Join", "Parent Relationship": "Outer", "Join Type": "Inner", "Startup Cost": 405189.1, "Total Cost": 497446.12, "Plan Rows": 969413, "Plan Width": 37, "Inner Unique": true, "Hash Cond": "(ci.role_id = rt.id), (LLVM Optimized)", "Plans": [{"Node Type": "Hash Join", "Parent Relationship": "Outer", "Join Type": "Inner", "Startup Cost": 405188.67, "Total Cost": 484116.26, "Plan Rows": 969413, "Plan Width": 41, "Inner Unique": false, "Hash Cond": "(mc.movie_id = t.id), (LLVM Optimized)", "Plans": [{"Node Type": "Hash Join", "Parent Relationship": "Outer", "Join Type": "Inner", "Startup Cost": 6968.08, "Total Cost": 71392.69, "Plan Rows": 1282311, "Plan Width": 8, "Inner Unique": true, "Hash Cond": "(mc.company_id = cn.id), (LLVM Optimized)", "Plans": [{"Node Type": "Seq Scan", "Parent Relationship": "Outer", "Relation Name": "movie_companies", "Alias": "mc", "Startup Cost": 0.0, "Total Cost": 41817.28, "Plan Rows": 2609128, "Plan Width": 12}, {"Node Type": "Hash", "Parent Relationship": "Inner", "Startup Cost": 5903.45, "Total Cost": 5903.45, "Plan Rows": 85170, "Plan Width": 4, "Plans": [{"Node Type": "Seq Scan", "Parent Relationship": "Outer", "Relation Name": "company_name", "Alias": "cn", "Startup Cost": 0.0, "Total Cost": 5903.45, "Plan Rows": 85170, "Plan Width": 4, "Filter": "((country_code)::text = '[us]'::text)"}]}]}, {"Node Type": "Hash", "Parent Relationship": "Inner", "Startup Cost": 386291.56, "Total Cost": 386291.56, "Plan Rows": 954323, "Plan Width": 45, "Plans": [{"Node Type": "Streaming(type: LOCAL GATHER dop: 1/64)", "Parent Relationship": "Outer", "Startup Cost": 162901.55, "Total Cost": 386291.56, "Plan Rows": 954323, "Plan Width": 45, "Plans": [{"Node Type": "Hash Join", "Parent Relationship": "Outer", "Join Type": "Inner", "Startup Cost": 162901.55, "Total Cost": 366603.99, "Plan Rows": 954323, "Plan Width": 45, "Inner Unique": true, "Hash Cond": "(ci.person_role_id = chn.id), (LLVM Optimized)", "Plans": [{"Node Type": "Streaming(type: LOCAL REDISTRIBUTE dop: 64/64)", "Parent Relationship": "Outer", "Startup Cost": 129035.53, "Total Cost": 332473.51, "Plan Rows": 1968625, "Plan Width": 33, "Plans": [{"Node Type": "Hash Join", "Parent Relationship": "Outer", "Join Type": "Inner", "Startup Cost": 129035.53, "Total Cost": 267608.7, "Plan Rows": 1968625, "Plan Width": 33, "Inner Unique": true, "Hash Cond": "(ci.movie_id = t.id), (LLVM Optimized)", "Plans": [{"Node Type": "Streaming(type: LOCAL REDISTRIBUTE dop: 64/64)", "Parent Relationship": "Outer", "Startup Cost": 0.0, "Total Cost": 138181.4, "Plan Rows": 1436424, "Plan Width": 12, "Plans": [{"Node Type": "Seq Scan", "Parent Relationship": "Outer", "Relation Name": "cast_info", "Alias": "ci", "Startup Cost": 0.0, "Total Cost": 73820.73, "Plan Rows": 1436424, "Plan Width": 12, "Filter": "((note)::text ~~ '%(producer)%'::text), (LLVM Optimized)"}]}, {"Node Type": "Hash", "Parent Relationship": "Inner", "Startup Cost": 128693.96, "Total Cost": 128693.96, "Plan Rows": 1748840, "Plan Width": 21, "Plans": [{"Node Type": "Streaming(type: LOCAL REDISTRIBUTE dop: 64/64)", "Parent Relationship": "Outer", "Startup Cost": 0.0, "Total Cost": 128693.96, "Plan Rows": 1748840, "Plan Width": 21, "Plans": [{"Node Type": "Seq Scan", "Parent Relationship": "Outer", "Relation Name": "title", "Alias": "t", "Startup Cost": 0.0, "Total Cost": 64037.34, "Plan Rows": 1748840, "Plan Width": 21, "Filter": "(production_year > 1990), (LLVM Optimized)"}]}]}]}]}, {"Node Type": "Hash", "Parent Relationship": "Inner", "Startup Cost": 130029.32, "Total Cost": 130029.32, "Plan Rows": 3140338, "Plan Width": 20, "Plans": [{"Node Type": "Streaming(type: LOCAL REDISTRIBUTE dop: 64/64)", "Parent Relationship": "Outer", "Startup Cost": 0.0, "Total Cost": 130029.32, "Plan Rows": 3140338, "Plan Width": 20, "Plans": [{"Node Type": "Seq Scan", "Parent Relationship": "Outer", "Relation Name": "char_name", "Alias": "chn", "Startup Cost": 0.0, "Total Cost": 64054.58, "Plan Rows": 3140338, "Plan Width": 20}]}]}]}]}]}]}, {"Node Type": "Hash", "Parent Relationship": "Inner", "Startup Cost": 1.12, "Total Cost": 1.12, "Plan Rows": 12, "Plan Width": 4, "Plans": [{"Node Type": "Seq Scan", "Parent Relationship": "Outer", "Relation Name": "role_type", "Alias": "rt", "Startup Cost": 0.0, "Total Cost": 1.12, "Plan Rows": 12, "Plan Width": 4}]}]}, {"Node Type": "Hash", "Parent Relationship": "Inner", "Startup Cost": 1.03, "Total Cost": 1.03, "Plan Rows": 3, "Plan Width": 4, "Plans": [{"Node Type": "Seq Scan", "Parent Relationship": "Outer", "Relation Name": "company_type", "Alias": "ct", "Startup Cost": 0.0, "Total Cost": 1.03, "Plan Rows": 3, "Plan Width": 4}]}]}]}, "Unique SQL Id": 3145361615}, "explain_analyze_plan": {"Plan": {"Node Type": "Aggregate", "Strategy": "Plain", "Startup Cost": 515623.68, "Total Cost": 515623.69, "Plan Rows": 1, "Plan Width": 97, "Actual Min Startup Time": 3512.81, "Actual Max Startup Time": 3512.81, "Actual Min Total Time": 3512.81, "Actual Max Total Time": 3512.81, "Actual Total Rows": 1, "Plans": [{"Node Type": "Hash Join", "Parent Relationship": "Outer", "Join Type": "Inner", "Startup Cost": 405190.17, "Total Cost": 510776.61, "Plan Rows": 969413, "Plan Width": 33, "Actual Min Startup Time": 3150.989, "Actual Max Startup Time": 3150.989, "Actual Min Total Time": 3512.763, "Actual Max Total Time": 3512.763, "Actual Total Rows": 4, "Inner Unique": true, "Hash Cond": "(mc.company_type_id = ct.id), (LLVM Optimized, Jit Execute)", "Plans": [{"Node Type": "Hash Join", "Parent Relationship": "Outer", "Join Type": "Inner", "Startup Cost": 405189.1, "Total Cost": 497446.12, "Plan Rows": 969413, "Plan Width": 37, "Actual Min Startup Time": 2306.919, "Actual Max Startup Time": 2306.919, "Actual Min Total Time": 3512.569, "Actual Max Total Time": 3512.569, "Actual Total Rows": 10, "Inner Unique": true, "Hash Cond": "(ci.role_id = rt.id), (LLVM Optimized, Jit Execute)", "Plans": [{"Node Type": "Hash Join", "Parent Relationship": "Outer", "Join Type": "Inner", "Startup Cost": 405188.67, "Total Cost": 484116.26, "Plan Rows": 969413, "Plan Width": 41, "Actual Min Startup Time": 2306.816, "Actual Max Startup Time": 2306.816, "Actual Min Total Time": 3512.299, "Actual Max Total Time": 3512.299, "Actual Total Rows": 10, "Inner Unique": false, "Hash Cond": "(mc.movie_id = t.id), (LLVM Optimized, Jit Execute)", "Plans": [{"Node Type": "Hash Join", "Parent Relationship": "Outer", "Join Type": "Inner", "Startup Cost": 6968.08, "Total Cost": 71392.69, "Plan Rows": 1282311, "Plan Width": 8, "Actual Min Startup Time": 121.767, "Actual Max Startup Time": 121.767, "Actual Min Total Time": 1517.199, "Actual Max Total Time": 1517.199, "Actual Total Rows": 1153797, "Inner Unique": true, "Hash Cond": "(mc.company_id = cn.id), (LLVM Optimized, Jit Execute)", "Plans": [{"Node Type": "Seq Scan", "Parent Relationship": "Outer", "Relation Name": "movie_companies", "Alias": "mc", "Startup Cost": 0.0, "Total Cost": 41817.28, "Plan Rows": 2609128, "Plan Width": 12, "Actual Min Startup Time": 0.051, "Actual Max Startup Time": 0.051, "Actual Min Total Time": 586.979, "Actual Max Total Time": 586.979, "Actual Total Rows": 2609128}, {"Node Type": "Hash", "Parent Relationship": "Inner", "Startup Cost": 5903.45, "Total Cost": 5903.45, "Plan Rows": 85170, "Plan Width": 4, "Actual Min Startup Time": 121.51, "Actual Max Startup Time": 121.51, "Actual Min Total Time": 121.51, "Actual Max Total Time": 121.51, "Actual Total Rows": 84843, "Max Hash Buckets": 131072, "Min Hash Buckets": 131072, "Max Hash Batches": 1, "Min Hash Batches": 1, "Max Original Hash Batches": 1, "Min Original Hash Batches": 1, "Max Peak Memory Usage": 2983, "min Peak Memory Usage": 2983, "Plans": [{"Node Type": "Seq Scan", "Parent Relationship": "Outer", "Relation Name": "company_name", "Alias": "cn", "Startup Cost": 0.0, "Total Cost": 5903.45, "Plan Rows": 85170, "Plan Width": 4, "Actual Min Startup Time": 0.037, "Actual Max Startup Time": 0.037, "Actual Min Total Time": 93.104, "Actual Max Total Time": 93.104, "Actual Total Rows": 84843, "Filter": "((country_code)::text = '[us]'::text)", "Rows Removed by Filter": 150153}]}]}, {"Node Type": "Hash", "Parent Relationship": "Inner", "Startup Cost": 386291.56, "Total Cost": 386291.56, "Plan Rows": 954323, "Plan Width": 45, "Actual Min Startup Time": 1772.978, "Actual Max Startup Time": 1772.978, "Actual Min Total Time": 1772.978, "Actual Max Total Time": 1772.978, "Actual Total Rows": 12, "Max Hash Buckets": 1048576, "Min Hash Buckets": 1048576, "Max Hash Batches": 1, "Min Hash Batches": 1, "Max Original Hash Batches": 1, "Min Original Hash Batches": 1, "Max Peak Memory Usage": 1, "min Peak Memory Usage": 1, "Plans": [{"Node Type": "Streaming(type: LOCAL GATHER dop: 1/64)", "Parent Relationship": "Outer", "Startup Cost": 162901.55, "Total Cost": 386291.56, "Plan Rows": 954323, "Plan Width": 45, "Actual Min Startup Time": 1770.895, "Actual Max Startup Time": 1770.895, "Actual Min Total Time": 1772.939, "Actual Max Total Time": 1772.939, "Actual Total Rows": 12, "Plans": [{"Node Type": "Hash Join", "Parent Relationship": "Outer", "Join Type": "Inner", "Startup Cost": 162901.55, "Total Cost": 366603.99, "Plan Rows": 954323, "Plan Width": 45, "Actual Min Startup Time": 1051.258, "Actual Max Startup Time": 1368.871, "Actual Min Total Time": 1051.258, "Actual Max Total Time": 1368.871, "Actual Total Rows": 12, "Inner Unique": true, "Hash Cond": "(ci.person_role_id = chn.id), (LLVM Optimized, Jit Execute)", "Plans": [{"Node Type": "Streaming(type: LOCAL REDISTRIBUTE dop: 64/64)", "Parent Relationship": "Outer", "Startup Cost": 129035.53, "Total Cost": 332473.51, "Plan Rows": 1968625, "Plan Width": 33, "Actual Min Startup Time": 0.324, "Actual Max Startup Time": 772.355, "Actual Min Total Time": 652.101, "Actual Max Total Time": 772.355, "Actual Total Rows": 1071330, "Plans": [{"Node Type": "Hash Join", "Parent Relationship": "Outer", "Join Type": "Inner", "Startup Cost": 129035.53, "Total Cost": 267608.7, "Plan Rows": 1968625, "Plan Width": 33, "Actual Min Startup Time": 216.428, "Actual Max Startup Time": 564.106, "Actual Min Total Time": 457.061, "Actual Max Total Time": 893.331, "Actual Total Rows": 1071330, "Inner Unique": true, "Hash Cond": "(ci.movie_id = t.id), (LLVM Optimized, Jit Execute)", "Plans": [{"Node Type": "Streaming(type: LOCAL REDISTRIBUTE dop: 64/64)", "Parent Relationship": "Outer", "Startup Cost": 0.0, "Total Cost": 138181.4, "Plan Rows": 1436424, "Plan Width": 12, "Actual Min Startup Time": 0.224, "Actual Max Startup Time": 65.822, "Actual Min Total Time": 189.689, "Actual Max Total Time": 355.253, "Actual Total Rows": 1435439, "Plans": [{"Node Type": "Seq Scan", "Parent Relationship": "Outer", "Relation Name": "cast_info", "Alias": "ci", "Startup Cost": 0.0, "Total Cost": 73820.73, "Plan Rows": 1436424, "Plan Width": 12, "Actual Min Startup Time": 14.06, "Actual Max Startup Time": 104.928, "Actual Min Total Time": 178.13, "Actual Max Total Time": 267.3, "Actual Total Rows": 1435439, "Filter": "((note)::text ~~ '%(producer)%'::text), (LLVM Optimized, Jit Execute)", "Rows Removed by Filter": 34808904}]}, {"Node Type": "Hash", "Parent Relationship": "Inner", "Startup Cost": 128693.96, "Total Cost": 128693.96, "Plan Rows": 1748840, "Plan Width": 21, "Actual Min Startup Time": 215.79, "Actual Max Startup Time": 563.556, "Actual Min Total Time": 215.79, "Actual Max Total Time": 563.556, "Actual Total Rows": 1749032, "Max Hash Buckets": 32768, "Min Hash Buckets": 32768, "Max Hash Batches": 1, "Min Hash Batches": 1, "Max Original Hash Batches": 1, "Min Original Hash Batches": 1, "Max Peak Memory Usage": 1467, "min Peak Memory Usage": 1467, "Plans": [{"Node Type": "Streaming(type: LOCAL REDISTRIBUTE dop: 64/64)", "Parent Relationship": "Outer", "Startup Cost": 0.0, "Total Cost": 128693.96, "Plan Rows": 1748840, "Plan Width": 21, "Actual Min Startup Time": 0.129, "Actual Max Startup Time": 217.095, "Actual Min Total Time": 175.094, "Actual Max Total Time": 547.198, "Actual Total Rows": 1749032, "Plans": [{"Node Type": "Seq Scan", "Parent Relationship": "Outer", "Relation Name": "title", "Alias": "t", "Startup Cost": 0.0, "Total Cost": 64037.34, "Plan Rows": 1748840, "Plan Width": 21, "Actual Min Startup Time": 0.033, "Actual Max Startup Time": 0.11, "Actual Min Total Time": 17.019, "Actual Max Total Time": 53.031, "Actual Total Rows": 1749032, "Filter": "(production_year > 1990), (LLVM Optimized, Jit Execute)", "Rows Removed by Filter": 779279}]}]}]}]}, {"Node Type": "Hash", "Parent Relationship": "Inner", "Startup Cost": 130029.32, "Total Cost": 130029.32, "Plan Rows": 3140338, "Plan Width": 20, "Actual Min Startup Time": 278.829, "Actual Max Startup Time": 596.445, "Actual Min Total Time": 278.829, "Actual Max Total Time": 596.445, "Actual Total Rows": 3140338, "Max Hash Buckets": 65536, "Min Hash Buckets": 65536, "Max Hash Batches": 1, "Min Hash Batches": 1, "Max Original Hash Batches": 1, "Min Original Hash Batches": 1, "Max Peak Memory Usage": 2583, "min Peak Memory Usage": 2583, "Plans": [{"Node Type": "Streaming(type: LOCAL REDISTRIBUTE dop: 64/64)", "Parent Relationship": "Outer", "Startup Cost": 0.0, "Total Cost": 130029.32, "Plan Rows": 3140338, "Plan Width": 20, "Actual Min Startup Time": 0.123, "Actual Max Startup Time": 61.811, "Actual Min Total Time": 193.575, "Actual Max Total Time": 548.555, "Actual Total Rows": 3140338, "Plans": [{"Node Type": "Seq Scan", "Parent Relationship": "Outer", "Relation Name": "char_name", "Alias": "chn", "Startup Cost": 0.0, "Total Cost": 64054.58, "Plan Rows": 3140338, "Plan Width": 20, "Actual Min Startup Time": 0.02, "Actual Max Startup Time": 0.066, "Actual Min Total Time": 18.533, "Actual Max Total Time": 43.707, "Actual Total Rows": 3140338}]}]}]}]}]}]}, {"Node Type": "Hash", "Parent Relationship": "Inner", "Startup Cost": 1.12, "Total Cost": 1.12, "Plan Rows": 12, "Plan Width": 4, "Actual Min Startup Time": 0.02, "Actual Max Startup Time": 0.02, "Actual Min Total Time": 0.02, "Actual Max Total Time": 0.02, "Actual Total Rows": 12, "Max Hash Buckets": 32768, "Min Hash Buckets": 32768, "Max Hash Batches": 1, "Min Hash Batches": 1, "Max Original Hash Batches": 1, "Min Original Hash Batches": 1, "Max Peak Memory Usage": 1, "min Peak Memory Usage": 1, "Plans": [{"Node Type": "Seq Scan", "Parent Relationship": "Outer", "Relation Name": "role_type", "Alias": "rt", "Startup Cost": 0.0, "Total Cost": 1.12, "Plan Rows": 12, "Plan Width": 4, "Actual Min Startup Time": 0.011, "Actual Max Startup Time": 0.011, "Actual Min Total Time": 0.011, "Actual Max Total Time": 0.011, "Actual Total Rows": 12}]}]}, {"Node Type": "Hash", "Parent Relationship": "Inner", "Startup Cost": 1.03, "Total Cost": 1.03, "Plan Rows": 3, "Plan Width": 4, "Actual Min Startup Time": 0.056, "Actual Max Startup Time": 0.056, "Actual Min Total Time": 0.056, "Actual Max Total Time": 0.056, "Actual Total Rows": 3, "Max Hash Buckets": 32768, "Min Hash Buckets": 32768, "Max Hash Batches": 1, "Min Hash Batches": 1, "Max Original Hash Batches": 1, "Min Original Hash Batches": 1, "Max Peak Memory Usage": 1, "min Peak Memory Usage": 1, "Plans": [{"Node Type": "Seq Scan", "Parent Relationship": "Outer", "Relation Name": "company_type", "Alias": "ct", "Startup Cost": 0.0, "Total Cost": 1.03, "Plan Rows": 3, "Plan Width": 4, "Actual Min Startup Time": 0.027, "Actual Max Startup Time": 0.027, "Actual Min Total Time": 0.03, "Actual Max Total Time": 0.03, "Actual Total Rows": 3}]}]}]}, "Triggers": [], "Planner Runtime": 79.157, "Total Runtime": 3616.873, "Unique SQL Id": 3145361615}}, "(64, 43)": {"explain_plan": {"Plan": {"Node Type": "Aggregate", "Strategy": "Plain", "Startup Cost": 7102924028767.26, "Total Cost": 7102924028767.27, "Plan Rows": 1, "Plan Width": 97, "Plans": [{"Node Type": "Nested Loop", "Parent Relationship": "Outer", "Join Type": "Inner", "Startup Cost": 70000000000.0, "Total Cost": 7102924023920.19, "Plan Rows": 969413, "Plan Width": 33, "Inner Unique": true, "Join Filter": "(ci.role_id = rt.id), (LLVM Optimized)", "Plans": [{"Node Type": "Nested Loop", "Parent Relationship": "Outer", "Join Type": "Inner", "Startup Cost": 60000000000.0, "Total Cost": 6102923848582.82, "Plan Rows": 969413, "Plan Width": 37, "Inner Unique": true, "Join Filter": "(mc.movie_id = t.id), (LLVM Optimized)", "Plans": [{"Node Type": "Nested Loop", "Parent Relationship": "Outer", "Join Type": "Inner", "Startup Cost": 50000000000.0, "Total Cost": 5084556436653.46, "Plan Rows": 699731, "Plan Width": 28, "Inner Unique": true, "Join Filter": "(mc.company_type_id = ct.id), (LLVM Optimized)", "Plans": [{"Node Type": "Nested Loop", "Parent Relationship": "Outer", "Join Type": "Inner", "Startup Cost": 40000000000.0, "Total Cost": 4084556404336.05, "Plan Rows": 699731, "Plan Width": 32, "Inner Unique": false, "Join Filter": "(ci.movie_id = mc.movie_id), (LLVM Optimized)", "Plans": [{"Node Type": "Nested Loop", "Parent Relationship": "Outer", "Join Type": "Inner", "Startup Cost": 20000000000.0, "Total Cost": 2067819066805.53, "Plan Rows": 696330, "Plan Width": 24, "Inner Unique": true, "Join Filter": "(chn.id = ci.person_role_id), (LLVM Optimized)", "Plans": [{"Node Type": "Index Scan", "Parent Relationship": "Outer", "Scan Direction": "Forward", "Index Name": "role_id_cast_info", "Relation Name": "cast_info", "Alias": "ci", "Startup Cost": 10000000000.0, "Total Cost": 1000143218339.5, "Plan Rows": 1436424, "Plan Width": 12, "Filter": "((note)::text ~~ '%(producer)%'::text), (LLVM Optimized)"}, {"Node Type": "Materialize", "Parent Relationship": "Inner", "Startup Cost": 10000000000.0, "Total Cost": 1000013003247.2, "Plan Rows": 3140338, "Plan Width": 20, "Plans": [{"Node Type": "Index Scan", "Parent Relationship": "Outer", "Scan Direction": "Forward", "Index Name": "char_name_pkey", "Relation Name": "char_name", "Alias": "chn", "Startup Cost": 10000000000.0, "Total Cost": 1000012987545.51, "Plan Rows": 3140338, "Plan Width": 20}]}]}, {"Node Type": "Materialize", "Parent Relationship": "Inner", "Startup Cost": 20000000000.0, "Total Cost": 2003343666456.85, "Plan Rows": 1282311, "Plan Width": 8, "Plans": [{"Node Type": "Nested Loop", "Parent Relationship": "Outer", "Join Type": "Inner", "Startup Cost": 20000000000.0, "Total Cost": 2003343660045.29, "Plan Rows": 1282311, "Plan Width": 8, "Inner Unique": true, "Join Filter": "(cn.id = mc.company_id), (LLVM Optimized)", "Plans": [{"Node Type": "Index Scan", "Parent Relationship": "Outer", "Scan Direction": "Forward", "Index Name": "company_type_id_movie_companies", "Relation Name": "movie_companies", "Alias": "mc", "Startup Cost": 10000000000.0, "Total Cost": 1000009318217.0, "Plan Rows": 2609128, "Plan Width": 12}, {"Node Type": "Materialize", "Parent Relationship": "Inner", "Startup Cost": 10000000000.0, "Total Cost": 1000001050564.82, "Plan Rows": 85170, "Plan Width": 4, "Plans": [{"Node Type": "Index Scan", "Parent Relationship": "Outer", "Scan Direction": "Forward", "Index Name": "company_name_pkey", "Relation Name": "company_name", "Alias": "cn", "Startup Cost": 10000000000.0, "Total Cost": 1000001050138.97, "Plan Rows": 85170, "Plan Width": 4, "Filter": "((country_code)::text = '[us]'::text)"}]}]}]}]}, {"Node Type": "Materialize", "Parent Relationship": "Inner", "Startup Cost": 10000000000.0, "Total Cost": 1000000000829.52, "Plan Rows": 3, "Plan Width": 4, "Plans": [{"Node Type": "Index Only Scan", "Parent Relationship": "Outer", "Scan Direction": "Forward", "Index Name": "company_type_pkey", "Relation Name": "company_type", "Alias": "ct", "Startup Cost": 10000000000.0, "Total Cost": 1000000000829.5, "Plan Rows": 3, "Plan Width": 4}]}]}, {"Node Type": "Materialize", "Parent Relationship": "Inner", "Startup Cost": 10000000000.0, "Total Cost": 1000011652870.86, "Plan Rows": 1748840, "Plan Width": 21, "Plans": [{"Node Type": "Index Scan", "Parent Relationship": "Outer", "Scan Direction": "Forward", "Index Name": "title_pkey", "Relation Name": "title", "Alias": "t", "Startup Cost": 10000000000.0, "Total Cost": 1000011644126.66, "Plan Rows": 1748840, "Plan Width": 21, "Filter": "(production_year > 1990), (LLVM Optimized)"}]}]}, {"Node Type": "Materialize", "Parent Relationship": "Inner", "Startup Cost": 10000000000.0, "Total Cost": 1000000000843.06, "Plan Rows": 12, "Plan Width": 4, "Plans": [{"Node Type": "Index Only Scan", "Parent Relationship": "Outer", "Scan Direction": "Forward", "Index Name": "role_type_pkey", "Relation Name": "role_type", "Alias": "rt", "Startup Cost": 10000000000.0, "Total Cost": 1000000000843.0, "Plan Rows": 12, "Plan Width": 4}]}]}]}, "Unique SQL Id": 3145361615}, "explain_analyze_plan": null}, "(64, 44)": {"explain_plan": {"Plan": {"Node Type": "Aggregate", "Strategy": "Plain", "Startup Cost": 515623.68, "Total Cost": 515623.69, "Plan Rows": 1, "Plan Width": 97, "Plans": [{"Node Type": "Hash Join", "Parent Relationship": "Outer", "Join Type": "Inner", "Startup Cost": 405190.17, "Total Cost": 510776.61, "Plan Rows": 969413, "Plan Width": 33, "Inner Unique": true, "Hash Cond": "(mc.company_type_id = ct.id), (LLVM Optimized)", "Plans": [{"Node Type": "Hash Join", "Parent Relationship": "Outer", "Join Type": "Inner", "Startup Cost": 405189.1, "Total Cost": 497446.12, "Plan Rows": 969413, "Plan Width": 37, "Inner Unique": true, "Hash Cond": "(ci.role_id = rt.id), (LLVM Optimized)", "Plans": [{"Node Type": "Hash Join", "Parent Relationship": "Outer", "Join Type": "Inner", "Startup Cost": 405188.67, "Total Cost": 484116.26, "Plan Rows": 969413, "Plan Width": 41, "Inner Unique": false, "Hash Cond": "(mc.movie_id = t.id), (LLVM Optimized)", "Plans": [{"Node Type": "Hash Join", "Parent Relationship": "Outer", "Join Type": "Inner", "Startup Cost": 6968.08, "Total Cost": 71392.69, "Plan Rows": 1282311, "Plan Width": 8, "Inner Unique": true, "Hash Cond": "(mc.company_id = cn.id), (LLVM Optimized)", "Plans": [{"Node Type": "Seq Scan", "Parent Relationship": "Outer", "Relation Name": "movie_companies", "Alias": "mc", "Startup Cost": 0.0, "Total Cost": 41817.28, "Plan Rows": 2609128, "Plan Width": 12}, {"Node Type": "Hash", "Parent Relationship": "Inner", "Startup Cost": 5903.45, "Total Cost": 5903.45, "Plan Rows": 85170, "Plan Width": 4, "Plans": [{"Node Type": "Seq Scan", "Parent Relationship": "Outer", "Relation Name": "company_name", "Alias": "cn", "Startup Cost": 0.0, "Total Cost": 5903.45, "Plan Rows": 85170, "Plan Width": 4, "Filter": "((country_code)::text = '[us]'::text)"}]}]}, {"Node Type": "Hash", "Parent Relationship": "Inner", "Startup Cost": 386291.56, "Total Cost": 386291.56, "Plan Rows": 954323, "Plan Width": 45, "Plans": [{"Node Type": "Streaming(type: LOCAL GATHER dop: 1/64)", "Parent Relationship": "Outer", "Startup Cost": 162901.55, "Total Cost": 386291.56, "Plan Rows": 954323, "Plan Width": 45, "Plans": [{"Node Type": "Hash Join", "Parent Relationship": "Outer", "Join Type": "Inner", "Startup Cost": 162901.55, "Total Cost": 366603.99, "Plan Rows": 954323, "Plan Width": 45, "Inner Unique": true, "Hash Cond": "(ci.person_role_id = chn.id), (LLVM Optimized)", "Plans": [{"Node Type": "Streaming(type: LOCAL REDISTRIBUTE dop: 64/64)", "Parent Relationship": "Outer", "Startup Cost": 129035.53, "Total Cost": 332473.51, "Plan Rows": 1968625, "Plan Width": 33, "Plans": [{"Node Type": "Hash Join", "Parent Relationship": "Outer", "Join Type": "Inner", "Startup Cost": 129035.53, "Total Cost": 267608.7, "Plan Rows": 1968625, "Plan Width": 33, "Inner Unique": true, "Hash Cond": "(ci.movie_id = t.id), (LLVM Optimized)", "Plans": [{"Node Type": "Streaming(type: LOCAL REDISTRIBUTE dop: 64/64)", "Parent Relationship": "Outer", "Startup Cost": 0.0, "Total Cost": 138181.4, "Plan Rows": 1436424, "Plan Width": 12, "Plans": [{"Node Type": "Seq Scan", "Parent Relationship": "Outer", "Relation Name": "cast_info", "Alias": "ci", "Startup Cost": 0.0, "Total Cost": 73820.73, "Plan Rows": 1436424, "Plan Width": 12, "Filter": "((note)::text ~~ '%(producer)%'::text), (LLVM Optimized)"}]}, {"Node Type": "Hash", "Parent Relationship": "Inner", "Startup Cost": 128693.96, "Total Cost": 128693.96, "Plan Rows": 1748840, "Plan Width": 21, "Plans": [{"Node Type": "Streaming(type: LOCAL REDISTRIBUTE dop: 64/64)", "Parent Relationship": "Outer", "Startup Cost": 0.0, "Total Cost": 128693.96, "Plan Rows": 1748840, "Plan Width": 21, "Plans": [{"Node Type": "Seq Scan", "Parent Relationship": "Outer", "Relation Name": "title", "Alias": "t", "Startup Cost": 0.0, "Total Cost": 64037.34, "Plan Rows": 1748840, "Plan Width": 21, "Filter": "(production_year > 1990), (LLVM Optimized)"}]}]}]}]}, {"Node Type": "Hash", "Parent Relationship": "Inner", "Startup Cost": 130029.32, "Total Cost": 130029.32, "Plan Rows": 3140338, "Plan Width": 20, "Plans": [{"Node Type": "Streaming(type: LOCAL REDISTRIBUTE dop: 64/64)", "Parent Relationship": "Outer", "Startup Cost": 0.0, "Total Cost": 130029.32, "Plan Rows": 3140338, "Plan Width": 20, "Plans": [{"Node Type": "Seq Scan", "Parent Relationship": "Outer", "Relation Name": "char_name", "Alias": "chn", "Startup Cost": 0.0, "Total Cost": 64054.58, "Plan Rows": 3140338, "Plan Width": 20}]}]}]}]}]}]}, {"Node Type": "Hash", "Parent Relationship": "Inner", "Startup Cost": 1.12, "Total Cost": 1.12, "Plan Rows": 12, "Plan Width": 4, "Plans": [{"Node Type": "Seq Scan", "Parent Relationship": "Outer", "Relation Name": "role_type", "Alias": "rt", "Startup Cost": 0.0, "Total Cost": 1.12, "Plan Rows": 12, "Plan Width": 4}]}]}, {"Node Type": "Hash", "Parent Relationship": "Inner", "Startup Cost": 1.03, "Total Cost": 1.03, "Plan Rows": 3, "Plan Width": 4, "Plans": [{"Node Type": "Seq Scan", "Parent Relationship": "Outer", "Relation Name": "company_type", "Alias": "ct", "Startup Cost": 0.0, "Total Cost": 1.03, "Plan Rows": 3, "Plan Width": 4}]}]}]}, "Unique SQL Id": 3145361615}, "explain_analyze_plan": {"Plan": {"Node Type": "Aggregate", "Strategy": "Plain", "Startup Cost": 515623.68, "Total Cost": 515623.69, "Plan Rows": 1, "Plan Width": 97, "Actual Min Startup Time": 3512.81, "Actual Max Startup Time": 3512.81, "Actual Min Total Time": 3512.81, "Actual Max Total Time": 3512.81, "Actual Total Rows": 1, "Plans": [{"Node Type": "Hash Join", "Parent Relationship": "Outer", "Join Type": "Inner", "Startup Cost": 405190.17, "Total Cost": 510776.61, "Plan Rows": 969413, "Plan Width": 33, "Actual Min Startup Time": 3150.989, "Actual Max Startup Time": 3150.989, "Actual Min Total Time": 3512.763, "Actual Max Total Time": 3512.763, "Actual Total Rows": 4, "Inner Unique": true, "Hash Cond": "(mc.company_type_id = ct.id), (LLVM Optimized, Jit Execute)", "Plans": [{"Node Type": "Hash Join", "Parent Relationship": "Outer", "Join Type": "Inner", "Startup Cost": 405189.1, "Total Cost": 497446.12, "Plan Rows": 969413, "Plan Width": 37, "Actual Min Startup Time": 2306.919, "Actual Max Startup Time": 2306.919, "Actual Min Total Time": 3512.569, "Actual Max Total Time": 3512.569, "Actual Total Rows": 10, "Inner Unique": true, "Hash Cond": "(ci.role_id = rt.id), (LLVM Optimized, Jit Execute)", "Plans": [{"Node Type": "Hash Join", "Parent Relationship": "Outer", "Join Type": "Inner", "Startup Cost": 405188.67, "Total Cost": 484116.26, "Plan Rows": 969413, "Plan Width": 41, "Actual Min Startup Time": 2306.816, "Actual Max Startup Time": 2306.816, "Actual Min Total Time": 3512.299, "Actual Max Total Time": 3512.299, "Actual Total Rows": 10, "Inner Unique": false, "Hash Cond": "(mc.movie_id = t.id), (LLVM Optimized, Jit Execute)", "Plans": [{"Node Type": "Hash Join", "Parent Relationship": "Outer", "Join Type": "Inner", "Startup Cost": 6968.08, "Total Cost": 71392.69, "Plan Rows": 1282311, "Plan Width": 8, "Actual Min Startup Time": 121.767, "Actual Max Startup Time": 121.767, "Actual Min Total Time": 1517.199, "Actual Max Total Time": 1517.199, "Actual Total Rows": 1153797, "Inner Unique": true, "Hash Cond": "(mc.company_id = cn.id), (LLVM Optimized, Jit Execute)", "Plans": [{"Node Type": "Seq Scan", "Parent Relationship": "Outer", "Relation Name": "movie_companies", "Alias": "mc", "Startup Cost": 0.0, "Total Cost": 41817.28, "Plan Rows": 2609128, "Plan Width": 12, "Actual Min Startup Time": 0.051, "Actual Max Startup Time": 0.051, "Actual Min Total Time": 586.979, "Actual Max Total Time": 586.979, "Actual Total Rows": 2609128}, {"Node Type": "Hash", "Parent Relationship": "Inner", "Startup Cost": 5903.45, "Total Cost": 5903.45, "Plan Rows": 85170, "Plan Width": 4, "Actual Min Startup Time": 121.51, "Actual Max Startup Time": 121.51, "Actual Min Total Time": 121.51, "Actual Max Total Time": 121.51, "Actual Total Rows": 84843, "Max Hash Buckets": 131072, "Min Hash Buckets": 131072, "Max Hash Batches": 1, "Min Hash Batches": 1, "Max Original Hash Batches": 1, "Min Original Hash Batches": 1, "Max Peak Memory Usage": 2983, "min Peak Memory Usage": 2983, "Plans": [{"Node Type": "Seq Scan", "Parent Relationship": "Outer", "Relation Name": "company_name", "Alias": "cn", "Startup Cost": 0.0, "Total Cost": 5903.45, "Plan Rows": 85170, "Plan Width": 4, "Actual Min Startup Time": 0.037, "Actual Max Startup Time": 0.037, "Actual Min Total Time": 93.104, "Actual Max Total Time": 93.104, "Actual Total Rows": 84843, "Filter": "((country_code)::text = '[us]'::text)", "Rows Removed by Filter": 150153}]}]}, {"Node Type": "Hash", "Parent Relationship": "Inner", "Startup Cost": 386291.56, "Total Cost": 386291.56, "Plan Rows": 954323, "Plan Width": 45, "Actual Min Startup Time": 1772.978, "Actual Max Startup Time": 1772.978, "Actual Min Total Time": 1772.978, "Actual Max Total Time": 1772.978, "Actual Total Rows": 12, "Max Hash Buckets": 1048576, "Min Hash Buckets": 1048576, "Max Hash Batches": 1, "Min Hash Batches": 1, "Max Original Hash Batches": 1, "Min Original Hash Batches": 1, "Max Peak Memory Usage": 1, "min Peak Memory Usage": 1, "Plans": [{"Node Type": "Streaming(type: LOCAL GATHER dop: 1/64)", "Parent Relationship": "Outer", "Startup Cost": 162901.55, "Total Cost": 386291.56, "Plan Rows": 954323, "Plan Width": 45, "Actual Min Startup Time": 1770.895, "Actual Max Startup Time": 1770.895, "Actual Min Total Time": 1772.939, "Actual Max Total Time": 1772.939, "Actual Total Rows": 12, "Plans": [{"Node Type": "Hash Join", "Parent Relationship": "Outer", "Join Type": "Inner", "Startup Cost": 162901.55, "Total Cost": 366603.99, "Plan Rows": 954323, "Plan Width": 45, "Actual Min Startup Time": 1051.258, "Actual Max Startup Time": 1368.871, "Actual Min Total Time": 1051.258, "Actual Max Total Time": 1368.871, "Actual Total Rows": 12, "Inner Unique": true, "Hash Cond": "(ci.person_role_id = chn.id), (LLVM Optimized, Jit Execute)", "Plans": [{"Node Type": "Streaming(type: LOCAL REDISTRIBUTE dop: 64/64)", "Parent Relationship": "Outer", "Startup Cost": 129035.53, "Total Cost": 332473.51, "Plan Rows": 1968625, "Plan Width": 33, "Actual Min Startup Time": 0.324, "Actual Max Startup Time": 772.355, "Actual Min Total Time": 652.101, "Actual Max Total Time": 772.355, "Actual Total Rows": 1071330, "Plans": [{"Node Type": "Hash Join", "Parent Relationship": "Outer", "Join Type": "Inner", "Startup Cost": 129035.53, "Total Cost": 267608.7, "Plan Rows": 1968625, "Plan Width": 33, "Actual Min Startup Time": 216.428, "Actual Max Startup Time": 564.106, "Actual Min Total Time": 457.061, "Actual Max Total Time": 893.331, "Actual Total Rows": 1071330, "Inner Unique": true, "Hash Cond": "(ci.movie_id = t.id), (LLVM Optimized, Jit Execute)", "Plans": [{"Node Type": "Streaming(type: LOCAL REDISTRIBUTE dop: 64/64)", "Parent Relationship": "Outer", "Startup Cost": 0.0, "Total Cost": 138181.4, "Plan Rows": 1436424, "Plan Width": 12, "Actual Min Startup Time": 0.224, "Actual Max Startup Time": 65.822, "Actual Min Total Time": 189.689, "Actual Max Total Time": 355.253, "Actual Total Rows": 1435439, "Plans": [{"Node Type": "Seq Scan", "Parent Relationship": "Outer", "Relation Name": "cast_info", "Alias": "ci", "Startup Cost": 0.0, "Total Cost": 73820.73, "Plan Rows": 1436424, "Plan Width": 12, "Actual Min Startup Time": 14.06, "Actual Max Startup Time": 104.928, "Actual Min Total Time": 178.13, "Actual Max Total Time": 267.3, "Actual Total Rows": 1435439, "Filter": "((note)::text ~~ '%(producer)%'::text), (LLVM Optimized, Jit Execute)", "Rows Removed by Filter": 34808904}]}, {"Node Type": "Hash", "Parent Relationship": "Inner", "Startup Cost": 128693.96, "Total Cost": 128693.96, "Plan Rows": 1748840, "Plan Width": 21, "Actual Min Startup Time": 215.79, "Actual Max Startup Time": 563.556, "Actual Min Total Time": 215.79, "Actual Max Total Time": 563.556, "Actual Total Rows": 1749032, "Max Hash Buckets": 32768, "Min Hash Buckets": 32768, "Max Hash Batches": 1, "Min Hash Batches": 1, "Max Original Hash Batches": 1, "Min Original Hash Batches": 1, "Max Peak Memory Usage": 1467, "min Peak Memory Usage": 1467, "Plans": [{"Node Type": "Streaming(type: LOCAL REDISTRIBUTE dop: 64/64)", "Parent Relationship": "Outer", "Startup Cost": 0.0, "Total Cost": 128693.96, "Plan Rows": 1748840, "Plan Width": 21, "Actual Min Startup Time": 0.129, "Actual Max Startup Time": 217.095, "Actual Min Total Time": 175.094, "Actual Max Total Time": 547.198, "Actual Total Rows": 1749032, "Plans": [{"Node Type": "Seq Scan", "Parent Relationship": "Outer", "Relation Name": "title", "Alias": "t", "Startup Cost": 0.0, "Total Cost": 64037.34, "Plan Rows": 1748840, "Plan Width": 21, "Actual Min Startup Time": 0.033, "Actual Max Startup Time": 0.11, "Actual Min Total Time": 17.019, "Actual Max Total Time": 53.031, "Actual Total Rows": 1749032, "Filter": "(production_year > 1990), (LLVM Optimized, Jit Execute)", "Rows Removed by Filter": 779279}]}]}]}]}, {"Node Type": "Hash", "Parent Relationship": "Inner", "Startup Cost": 130029.32, "Total Cost": 130029.32, "Plan Rows": 3140338, "Plan Width": 20, "Actual Min Startup Time": 278.829, "Actual Max Startup Time": 596.445, "Actual Min Total Time": 278.829, "Actual Max Total Time": 596.445, "Actual Total Rows": 3140338, "Max Hash Buckets": 65536, "Min Hash Buckets": 65536, "Max Hash Batches": 1, "Min Hash Batches": 1, "Max Original Hash Batches": 1, "Min Original Hash Batches": 1, "Max Peak Memory Usage": 2583, "min Peak Memory Usage": 2583, "Plans": [{"Node Type": "Streaming(type: LOCAL REDISTRIBUTE dop: 64/64)", "Parent Relationship": "Outer", "Startup Cost": 0.0, "Total Cost": 130029.32, "Plan Rows": 3140338, "Plan Width": 20, "Actual Min Startup Time": 0.123, "Actual Max Startup Time": 61.811, "Actual Min Total Time": 193.575, "Actual Max Total Time": 548.555, "Actual Total Rows": 3140338, "Plans": [{"Node Type": "Seq Scan", "Parent Relationship": "Outer", "Relation Name": "char_name", "Alias": "chn", "Startup Cost": 0.0, "Total Cost": 64054.58, "Plan Rows": 3140338, "Plan Width": 20, "Actual Min Startup Time": 0.02, "Actual Max Startup Time": 0.066, "Actual Min Total Time": 18.533, "Actual Max Total Time": 43.707, "Actual Total Rows": 3140338}]}]}]}]}]}]}, {"Node Type": "Hash", "Parent Relationship": "Inner", "Startup Cost": 1.12, "Total Cost": 1.12, "Plan Rows": 12, "Plan Width": 4, "Actual Min Startup Time": 0.02, "Actual Max Startup Time": 0.02, "Actual Min Total Time": 0.02, "Actual Max Total Time": 0.02, "Actual Total Rows": 12, "Max Hash Buckets": 32768, "Min Hash Buckets": 32768, "Max Hash Batches": 1, "Min Hash Batches": 1, "Max Original Hash Batches": 1, "Min Original Hash Batches": 1, "Max Peak Memory Usage": 1, "min Peak Memory Usage": 1, "Plans": [{"Node Type": "Seq Scan", "Parent Relationship": "Outer", "Relation Name": "role_type", "Alias": "rt", "Startup Cost": 0.0, "Total Cost": 1.12, "Plan Rows": 12, "Plan Width": 4, "Actual Min Startup Time": 0.011, "Actual Max Startup Time": 0.011, "Actual Min Total Time": 0.011, "Actual Max Total Time": 0.011, "Actual Total Rows": 12}]}]}, {"Node Type": "Hash", "Parent Relationship": "Inner", "Startup Cost": 1.03, "Total Cost": 1.03, "Plan Rows": 3, "Plan Width": 4, "Actual Min Startup Time": 0.056, "Actual Max Startup Time": 0.056, "Actual Min Total Time": 0.056, "Actual Max Total Time": 0.056, "Actual Total Rows": 3, "Max Hash Buckets": 32768, "Min Hash Buckets": 32768, "Max Hash Batches": 1, "Min Hash Batches": 1, "Max Original Hash Batches": 1, "Min Original Hash Batches": 1, "Max Peak Memory Usage": 1, "min Peak Memory Usage": 1, "Plans": [{"Node Type": "Seq Scan", "Parent Relationship": "Outer", "Relation Name": "company_type", "Alias": "ct", "Startup Cost": 0.0, "Total Cost": 1.03, "Plan Rows": 3, "Plan Width": 4, "Actual Min Startup Time": 0.027, "Actual Max Startup Time": 0.027, "Actual Min Total Time": 0.03, "Actual Max Total Time": 0.03, "Actual Total Rows": 3}]}]}]}, "Triggers": [], "Planner Runtime": 79.157, "Total Runtime": 3616.873, "Unique SQL Id": 3145361615}}, "(64, 45)": {"explain_plan": {"Plan": {"Node Type": "Aggregate", "Strategy": "Plain", "Startup Cost": 1610653.74, "Total Cost": 1610653.75, "Plan Rows": 1, "Plan Width": 97, "Plans": [{"Node Type": "Hash Join", "Parent Relationship": "Outer", "Join Type": "Inner", "Startup Cost": 479592.36, "Total Cost": 1605806.68, "Plan Rows": 969413, "Plan Width": 33, "Inner Unique": true, "Hash Cond": "(mc.company_type_id = ct.id), (LLVM Optimized)", "Plans": [{"Node Type": "Hash Join", "Parent Relationship": "Outer", "Join Type": "Inner", "Startup Cost": 479580.03, "Total Cost": 1592464.92, "Plan Rows": 969413, "Plan Width": 37, "Inner Unique": false, "Hash Cond": "(ci.movie_id = t.id), (LLVM Optimized)", "Plans": [{"Node Type": "Hash Join", "Parent Relationship": "Outer", "Join Type": "Inner", "Startup Cost": 169142.26, "Total Cost": 1269721.6, "Plan Rows": 696330, "Plan Width": 20, "Inner Unique": true, "Hash Cond": "(ci.role_id = rt.id), (LLVM Optimized)", "Plans": [{"Node Type": "Hash Join", "Parent Relationship": "Outer", "Join Type": "Inner", "Startup Cost": 169129.68, "Total Cost": 1260134.48, "Plan Rows": 696330, "Plan Width": 24, "Inner Unique": true, "Hash Cond": "(ci.person_role_id = chn.id), (LLVM Optimized)", "Plans": [{"Node Type": "Streaming(type: LOCAL GATHER dop: 1/64)", "Parent Relationship": "Outer", "Startup Cost": 0.0, "Total Cost": 1078654.91, "Plan Rows": 1436424, "Plan Width": 12, "Plans": [{"Node Type": "Index Scan", "Parent Relationship": "Outer", "Scan Direction": "Forward", "Index Name": "role_id_cast_info", "Relation Name": "cast_info", "Alias": "ci", "Startup Cost": 0.0, "Total Cost": 1049021.65, "Plan Rows": 1436424, "Plan Width": 12, "Filter": "((note)::text ~~ '%(producer)%'::text), (LLVM Optimized)"}]}, {"Node Type": "Hash", "Parent Relationship": "Inner", "Startup Cost": 129875.46, "Total Cost": 129875.46, "Plan Rows": 3140338, "Plan Width": 20, "Plans": [{"Node Type": "Index Scan", "Parent Relationship": "Outer", "Scan Direction": "Forward", "Index Name": "char_name_pkey", "Relation Name": "char_name", "Alias": "chn", "Startup Cost": 0.0, "Total Cost": 129875.46, "Plan Rows": 3140338, "Plan Width": 20}]}]}, {"Node Type": "Hash", "Parent Relationship": "Inner", "Startup Cost": 12.43, "Total Cost": 12.43, "Plan Rows": 12, "Plan Width": 4, "Plans": [{"Node Type": "Index Scan", "Parent Relationship": "Outer", "Scan Direction": "Forward", "Index Name": "role_type_pkey", "Relation Name": "role_type", "Alias": "rt", "Startup Cost": 0.0, "Total Cost": 12.43, "Plan Rows": 12, "Plan Width": 4}]}]}, {"Node Type": "Hash", "Parent Relationship": "Inner", "Startup Cost": 288231.21, "Total Cost": 288231.21, "Plan Rows": 1776525, "Plan Width": 29, "Plans": [{"Node Type": "Hash Join", "Parent Relationship": "Outer", "Join Type": "Inner", "Startup Cost": 149867.78, "Total Cost": 288231.21, "Plan Rows": 1776525, "Plan Width": 29, "Inner Unique": true, "Hash Cond": "(mc.movie_id = t.id), (LLVM Optimized)", "Plans": [{"Node Type": "Hash Join", "Parent Relationship": "Outer", "Join Type": "Inner", "Startup Cost": 11566.01, "Total Cost": 127355.52, "Plan Rows": 1282311, "Plan Width": 8, "Inner Unique": true, "Hash Cond": "(mc.company_id = cn.id), (LLVM Optimized)", "Plans": [{"Node Type": "Index Scan", "Parent Relationship": "Outer", "Scan Direction": "Forward", "Index Name": "company_type_id_movie_companies", "Relation Name": "movie_companies", "Alias": "mc", "Startup Cost": 0.0, "Total Cost": 93182.17, "Plan Rows": 2609128, "Plan Width": 12}, {"Node Type": "Hash", "Parent Relationship": "Inner", "Startup Cost": 10501.39, "Total Cost": 10501.39, "Plan Rows": 85170, "Plan Width": 4, "Plans": [{"Node Type": "Index Scan", "Parent Relationship": "Outer", "Scan Direction": "Forward", "Index Name": "company_name_pkey", "Relation Name": "company_name", "Alias": "cn", "Startup Cost": 0.0, "Total Cost": 10501.39, "Plan Rows": 85170, "Plan Width": 4, "Filter": "((country_code)::text = '[us]'::text)"}]}]}, {"Node Type": "Hash", "Parent Relationship": "Inner", "Startup Cost": 116441.27, "Total Cost": 116441.27, "Plan Rows": 1748840, "Plan Width": 21, "Plans": [{"Node Type": "Index Scan", "Parent Relationship": "Outer", "Scan Direction": "Forward", "Index Name": "title_pkey", "Relation Name": "title", "Alias": "t", "Startup Cost": 0.0, "Total Cost": 116441.27, "Plan Rows": 1748840, "Plan Width": 21, "Filter": "(production_year > 1990), (LLVM Optimized)"}]}]}]}]}, {"Node Type": "Hash", "Parent Relationship": "Inner", "Startup Cost": 12.29, "Total Cost": 12.29, "Plan Rows": 3, "Plan Width": 4, "Plans": [{"Node Type": "Index Scan", "Parent Relationship": "Outer", "Scan Direction": "Forward", "Index Name": "company_type_pkey", "Relation Name": "company_type", "Alias": "ct", "Startup Cost": 0.0, "Total Cost": 12.29, "Plan Rows": 3, "Plan Width": 4}]}]}]}, "Unique SQL Id": 3145361615}, "explain_analyze_plan": null}, "(64, 46)": {"explain_plan": {"Plan": {"Node Type": "Aggregate", "Strategy": "Plain", "Startup Cost": 515623.68, "Total Cost": 515623.69, "Plan Rows": 1, "Plan Width": 97, "Plans": [{"Node Type": "Hash Join", "Parent Relationship": "Outer", "Join Type": "Inner", "Startup Cost": 405190.17, "Total Cost": 510776.61, "Plan Rows": 969413, "Plan Width": 33, "Inner Unique": true, "Hash Cond": "(mc.company_type_id = ct.id), (LLVM Optimized)", "Plans": [{"Node Type": "Hash Join", "Parent Relationship": "Outer", "Join Type": "Inner", "Startup Cost": 405189.1, "Total Cost": 497446.12, "Plan Rows": 969413, "Plan Width": 37, "Inner Unique": true, "Hash Cond": "(ci.role_id = rt.id), (LLVM Optimized)", "Plans": [{"Node Type": "Hash Join", "Parent Relationship": "Outer", "Join Type": "Inner", "Startup Cost": 405188.67, "Total Cost": 484116.26, "Plan Rows": 969413, "Plan Width": 41, "Inner Unique": false, "Hash Cond": "(mc.movie_id = t.id), (LLVM Optimized)", "Plans": [{"Node Type": "Hash Join", "Parent Relationship": "Outer", "Join Type": "Inner", "Startup Cost": 6968.08, "Total Cost": 71392.69, "Plan Rows": 1282311, "Plan Width": 8, "Inner Unique": true, "Hash Cond": "(mc.company_id = cn.id), (LLVM Optimized)", "Plans": [{"Node Type": "Seq Scan", "Parent Relationship": "Outer", "Relation Name": "movie_companies", "Alias": "mc", "Startup Cost": 0.0, "Total Cost": 41817.28, "Plan Rows": 2609128, "Plan Width": 12}, {"Node Type": "Hash", "Parent Relationship": "Inner", "Startup Cost": 5903.45, "Total Cost": 5903.45, "Plan Rows": 85170, "Plan Width": 4, "Plans": [{"Node Type": "Seq Scan", "Parent Relationship": "Outer", "Relation Name": "company_name", "Alias": "cn", "Startup Cost": 0.0, "Total Cost": 5903.45, "Plan Rows": 85170, "Plan Width": 4, "Filter": "((country_code)::text = '[us]'::text)"}]}]}, {"Node Type": "Hash", "Parent Relationship": "Inner", "Startup Cost": 386291.56, "Total Cost": 386291.56, "Plan Rows": 954323, "Plan Width": 45, "Plans": [{"Node Type": "Streaming(type: LOCAL GATHER dop: 1/64)", "Parent Relationship": "Outer", "Startup Cost": 162901.55, "Total Cost": 386291.56, "Plan Rows": 954323, "Plan Width": 45, "Plans": [{"Node Type": "Hash Join", "Parent Relationship": "Outer", "Join Type": "Inner", "Startup Cost": 162901.55, "Total Cost": 366603.99, "Plan Rows": 954323, "Plan Width": 45, "Inner Unique": true, "Hash Cond": "(ci.person_role_id = chn.id), (LLVM Optimized)", "Plans": [{"Node Type": "Streaming(type: LOCAL REDISTRIBUTE dop: 64/64)", "Parent Relationship": "Outer", "Startup Cost": 129035.53, "Total Cost": 332473.51, "Plan Rows": 1968625, "Plan Width": 33, "Plans": [{"Node Type": "Hash Join", "Parent Relationship": "Outer", "Join Type": "Inner", "Startup Cost": 129035.53, "Total Cost": 267608.7, "Plan Rows": 1968625, "Plan Width": 33, "Inner Unique": true, "Hash Cond": "(ci.movie_id = t.id), (LLVM Optimized)", "Plans": [{"Node Type": "Streaming(type: LOCAL REDISTRIBUTE dop: 64/64)", "Parent Relationship": "Outer", "Startup Cost": 0.0, "Total Cost": 138181.4, "Plan Rows": 1436424, "Plan Width": 12, "Plans": [{"Node Type": "Seq Scan", "Parent Relationship": "Outer", "Relation Name": "cast_info", "Alias": "ci", "Startup Cost": 0.0, "Total Cost": 73820.73, "Plan Rows": 1436424, "Plan Width": 12, "Filter": "((note)::text ~~ '%(producer)%'::text), (LLVM Optimized)"}]}, {"Node Type": "Hash", "Parent Relationship": "Inner", "Startup Cost": 128693.96, "Total Cost": 128693.96, "Plan Rows": 1748840, "Plan Width": 21, "Plans": [{"Node Type": "Streaming(type: LOCAL REDISTRIBUTE dop: 64/64)", "Parent Relationship": "Outer", "Startup Cost": 0.0, "Total Cost": 128693.96, "Plan Rows": 1748840, "Plan Width": 21, "Plans": [{"Node Type": "Seq Scan", "Parent Relationship": "Outer", "Relation Name": "title", "Alias": "t", "Startup Cost": 0.0, "Total Cost": 64037.34, "Plan Rows": 1748840, "Plan Width": 21, "Filter": "(production_year > 1990), (LLVM Optimized)"}]}]}]}]}, {"Node Type": "Hash", "Parent Relationship": "Inner", "Startup Cost": 130029.32, "Total Cost": 130029.32, "Plan Rows": 3140338, "Plan Width": 20, "Plans": [{"Node Type": "Streaming(type: LOCAL REDISTRIBUTE dop: 64/64)", "Parent Relationship": "Outer", "Startup Cost": 0.0, "Total Cost": 130029.32, "Plan Rows": 3140338, "Plan Width": 20, "Plans": [{"Node Type": "Seq Scan", "Parent Relationship": "Outer", "Relation Name": "char_name", "Alias": "chn", "Startup Cost": 0.0, "Total Cost": 64054.58, "Plan Rows": 3140338, "Plan Width": 20}]}]}]}]}]}]}, {"Node Type": "Hash", "Parent Relationship": "Inner", "Startup Cost": 1.12, "Total Cost": 1.12, "Plan Rows": 12, "Plan Width": 4, "Plans": [{"Node Type": "Seq Scan", "Parent Relationship": "Outer", "Relation Name": "role_type", "Alias": "rt", "Startup Cost": 0.0, "Total Cost": 1.12, "Plan Rows": 12, "Plan Width": 4}]}]}, {"Node Type": "Hash", "Parent Relationship": "Inner", "Startup Cost": 1.03, "Total Cost": 1.03, "Plan Rows": 3, "Plan Width": 4, "Plans": [{"Node Type": "Seq Scan", "Parent Relationship": "Outer", "Relation Name": "company_type", "Alias": "ct", "Startup Cost": 0.0, "Total Cost": 1.03, "Plan Rows": 3, "Plan Width": 4}]}]}]}, "Unique SQL Id": 3145361615}, "explain_analyze_plan": {"Plan": {"Node Type": "Aggregate", "Strategy": "Plain", "Startup Cost": 515623.68, "Total Cost": 515623.69, "Plan Rows": 1, "Plan Width": 97, "Actual Min Startup Time": 3512.81, "Actual Max Startup Time": 3512.81, "Actual Min Total Time": 3512.81, "Actual Max Total Time": 3512.81, "Actual Total Rows": 1, "Plans": [{"Node Type": "Hash Join", "Parent Relationship": "Outer", "Join Type": "Inner", "Startup Cost": 405190.17, "Total Cost": 510776.61, "Plan Rows": 969413, "Plan Width": 33, "Actual Min Startup Time": 3150.989, "Actual Max Startup Time": 3150.989, "Actual Min Total Time": 3512.763, "Actual Max Total Time": 3512.763, "Actual Total Rows": 4, "Inner Unique": true, "Hash Cond": "(mc.company_type_id = ct.id), (LLVM Optimized, Jit Execute)", "Plans": [{"Node Type": "Hash Join", "Parent Relationship": "Outer", "Join Type": "Inner", "Startup Cost": 405189.1, "Total Cost": 497446.12, "Plan Rows": 969413, "Plan Width": 37, "Actual Min Startup Time": 2306.919, "Actual Max Startup Time": 2306.919, "Actual Min Total Time": 3512.569, "Actual Max Total Time": 3512.569, "Actual Total Rows": 10, "Inner Unique": true, "Hash Cond": "(ci.role_id = rt.id), (LLVM Optimized, Jit Execute)", "Plans": [{"Node Type": "Hash Join", "Parent Relationship": "Outer", "Join Type": "Inner", "Startup Cost": 405188.67, "Total Cost": 484116.26, "Plan Rows": 969413, "Plan Width": 41, "Actual Min Startup Time": 2306.816, "Actual Max Startup Time": 2306.816, "Actual Min Total Time": 3512.299, "Actual Max Total Time": 3512.299, "Actual Total Rows": 10, "Inner Unique": false, "Hash Cond": "(mc.movie_id = t.id), (LLVM Optimized, Jit Execute)", "Plans": [{"Node Type": "Hash Join", "Parent Relationship": "Outer", "Join Type": "Inner", "Startup Cost": 6968.08, "Total Cost": 71392.69, "Plan Rows": 1282311, "Plan Width": 8, "Actual Min Startup Time": 121.767, "Actual Max Startup Time": 121.767, "Actual Min Total Time": 1517.199, "Actual Max Total Time": 1517.199, "Actual Total Rows": 1153797, "Inner Unique": true, "Hash Cond": "(mc.company_id = cn.id), (LLVM Optimized, Jit Execute)", "Plans": [{"Node Type": "Seq Scan", "Parent Relationship": "Outer", "Relation Name": "movie_companies", "Alias": "mc", "Startup Cost": 0.0, "Total Cost": 41817.28, "Plan Rows": 2609128, "Plan Width": 12, "Actual Min Startup Time": 0.051, "Actual Max Startup Time": 0.051, "Actual Min Total Time": 586.979, "Actual Max Total Time": 586.979, "Actual Total Rows": 2609128}, {"Node Type": "Hash", "Parent Relationship": "Inner", "Startup Cost": 5903.45, "Total Cost": 5903.45, "Plan Rows": 85170, "Plan Width": 4, "Actual Min Startup Time": 121.51, "Actual Max Startup Time": 121.51, "Actual Min Total Time": 121.51, "Actual Max Total Time": 121.51, "Actual Total Rows": 84843, "Max Hash Buckets": 131072, "Min Hash Buckets": 131072, "Max Hash Batches": 1, "Min Hash Batches": 1, "Max Original Hash Batches": 1, "Min Original Hash Batches": 1, "Max Peak Memory Usage": 2983, "min Peak Memory Usage": 2983, "Plans": [{"Node Type": "Seq Scan", "Parent Relationship": "Outer", "Relation Name": "company_name", "Alias": "cn", "Startup Cost": 0.0, "Total Cost": 5903.45, "Plan Rows": 85170, "Plan Width": 4, "Actual Min Startup Time": 0.037, "Actual Max Startup Time": 0.037, "Actual Min Total Time": 93.104, "Actual Max Total Time": 93.104, "Actual Total Rows": 84843, "Filter": "((country_code)::text = '[us]'::text)", "Rows Removed by Filter": 150153}]}]}, {"Node Type": "Hash", "Parent Relationship": "Inner", "Startup Cost": 386291.56, "Total Cost": 386291.56, "Plan Rows": 954323, "Plan Width": 45, "Actual Min Startup Time": 1772.978, "Actual Max Startup Time": 1772.978, "Actual Min Total Time": 1772.978, "Actual Max Total Time": 1772.978, "Actual Total Rows": 12, "Max Hash Buckets": 1048576, "Min Hash Buckets": 1048576, "Max Hash Batches": 1, "Min Hash Batches": 1, "Max Original Hash Batches": 1, "Min Original Hash Batches": 1, "Max Peak Memory Usage": 1, "min Peak Memory Usage": 1, "Plans": [{"Node Type": "Streaming(type: LOCAL GATHER dop: 1/64)", "Parent Relationship": "Outer", "Startup Cost": 162901.55, "Total Cost": 386291.56, "Plan Rows": 954323, "Plan Width": 45, "Actual Min Startup Time": 1770.895, "Actual Max Startup Time": 1770.895, "Actual Min Total Time": 1772.939, "Actual Max Total Time": 1772.939, "Actual Total Rows": 12, "Plans": [{"Node Type": "Hash Join", "Parent Relationship": "Outer", "Join Type": "Inner", "Startup Cost": 162901.55, "Total Cost": 366603.99, "Plan Rows": 954323, "Plan Width": 45, "Actual Min Startup Time": 1051.258, "Actual Max Startup Time": 1368.871, "Actual Min Total Time": 1051.258, "Actual Max Total Time": 1368.871, "Actual Total Rows": 12, "Inner Unique": true, "Hash Cond": "(ci.person_role_id = chn.id), (LLVM Optimized, Jit Execute)", "Plans": [{"Node Type": "Streaming(type: LOCAL REDISTRIBUTE dop: 64/64)", "Parent Relationship": "Outer", "Startup Cost": 129035.53, "Total Cost": 332473.51, "Plan Rows": 1968625, "Plan Width": 33, "Actual Min Startup Time": 0.324, "Actual Max Startup Time": 772.355, "Actual Min Total Time": 652.101, "Actual Max Total Time": 772.355, "Actual Total Rows": 1071330, "Plans": [{"Node Type": "Hash Join", "Parent Relationship": "Outer", "Join Type": "Inner", "Startup Cost": 129035.53, "Total Cost": 267608.7, "Plan Rows": 1968625, "Plan Width": 33, "Actual Min Startup Time": 216.428, "Actual Max Startup Time": 564.106, "Actual Min Total Time": 457.061, "Actual Max Total Time": 893.331, "Actual Total Rows": 1071330, "Inner Unique": true, "Hash Cond": "(ci.movie_id = t.id), (LLVM Optimized, Jit Execute)", "Plans": [{"Node Type": "Streaming(type: LOCAL REDISTRIBUTE dop: 64/64)", "Parent Relationship": "Outer", "Startup Cost": 0.0, "Total Cost": 138181.4, "Plan Rows": 1436424, "Plan Width": 12, "Actual Min Startup Time": 0.224, "Actual Max Startup Time": 65.822, "Actual Min Total Time": 189.689, "Actual Max Total Time": 355.253, "Actual Total Rows": 1435439, "Plans": [{"Node Type": "Seq Scan", "Parent Relationship": "Outer", "Relation Name": "cast_info", "Alias": "ci", "Startup Cost": 0.0, "Total Cost": 73820.73, "Plan Rows": 1436424, "Plan Width": 12, "Actual Min Startup Time": 14.06, "Actual Max Startup Time": 104.928, "Actual Min Total Time": 178.13, "Actual Max Total Time": 267.3, "Actual Total Rows": 1435439, "Filter": "((note)::text ~~ '%(producer)%'::text), (LLVM Optimized, Jit Execute)", "Rows Removed by Filter": 34808904}]}, {"Node Type": "Hash", "Parent Relationship": "Inner", "Startup Cost": 128693.96, "Total Cost": 128693.96, "Plan Rows": 1748840, "Plan Width": 21, "Actual Min Startup Time": 215.79, "Actual Max Startup Time": 563.556, "Actual Min Total Time": 215.79, "Actual Max Total Time": 563.556, "Actual Total Rows": 1749032, "Max Hash Buckets": 32768, "Min Hash Buckets": 32768, "Max Hash Batches": 1, "Min Hash Batches": 1, "Max Original Hash Batches": 1, "Min Original Hash Batches": 1, "Max Peak Memory Usage": 1467, "min Peak Memory Usage": 1467, "Plans": [{"Node Type": "Streaming(type: LOCAL REDISTRIBUTE dop: 64/64)", "Parent Relationship": "Outer", "Startup Cost": 0.0, "Total Cost": 128693.96, "Plan Rows": 1748840, "Plan Width": 21, "Actual Min Startup Time": 0.129, "Actual Max Startup Time": 217.095, "Actual Min Total Time": 175.094, "Actual Max Total Time": 547.198, "Actual Total Rows": 1749032, "Plans": [{"Node Type": "Seq Scan", "Parent Relationship": "Outer", "Relation Name": "title", "Alias": "t", "Startup Cost": 0.0, "Total Cost": 64037.34, "Plan Rows": 1748840, "Plan Width": 21, "Actual Min Startup Time": 0.033, "Actual Max Startup Time": 0.11, "Actual Min Total Time": 17.019, "Actual Max Total Time": 53.031, "Actual Total Rows": 1749032, "Filter": "(production_year > 1990), (LLVM Optimized, Jit Execute)", "Rows Removed by Filter": 779279}]}]}]}]}, {"Node Type": "Hash", "Parent Relationship": "Inner", "Startup Cost": 130029.32, "Total Cost": 130029.32, "Plan Rows": 3140338, "Plan Width": 20, "Actual Min Startup Time": 278.829, "Actual Max Startup Time": 596.445, "Actual Min Total Time": 278.829, "Actual Max Total Time": 596.445, "Actual Total Rows": 3140338, "Max Hash Buckets": 65536, "Min Hash Buckets": 65536, "Max Hash Batches": 1, "Min Hash Batches": 1, "Max Original Hash Batches": 1, "Min Original Hash Batches": 1, "Max Peak Memory Usage": 2583, "min Peak Memory Usage": 2583, "Plans": [{"Node Type": "Streaming(type: LOCAL REDISTRIBUTE dop: 64/64)", "Parent Relationship": "Outer", "Startup Cost": 0.0, "Total Cost": 130029.32, "Plan Rows": 3140338, "Plan Width": 20, "Actual Min Startup Time": 0.123, "Actual Max Startup Time": 61.811, "Actual Min Total Time": 193.575, "Actual Max Total Time": 548.555, "Actual Total Rows": 3140338, "Plans": [{"Node Type": "Seq Scan", "Parent Relationship": "Outer", "Relation Name": "char_name", "Alias": "chn", "Startup Cost": 0.0, "Total Cost": 64054.58, "Plan Rows": 3140338, "Plan Width": 20, "Actual Min Startup Time": 0.02, "Actual Max Startup Time": 0.066, "Actual Min Total Time": 18.533, "Actual Max Total Time": 43.707, "Actual Total Rows": 3140338}]}]}]}]}]}]}, {"Node Type": "Hash", "Parent Relationship": "Inner", "Startup Cost": 1.12, "Total Cost": 1.12, "Plan Rows": 12, "Plan Width": 4, "Actual Min Startup Time": 0.02, "Actual Max Startup Time": 0.02, "Actual Min Total Time": 0.02, "Actual Max Total Time": 0.02, "Actual Total Rows": 12, "Max Hash Buckets": 32768, "Min Hash Buckets": 32768, "Max Hash Batches": 1, "Min Hash Batches": 1, "Max Original Hash Batches": 1, "Min Original Hash Batches": 1, "Max Peak Memory Usage": 1, "min Peak Memory Usage": 1, "Plans": [{"Node Type": "Seq Scan", "Parent Relationship": "Outer", "Relation Name": "role_type", "Alias": "rt", "Startup Cost": 0.0, "Total Cost": 1.12, "Plan Rows": 12, "Plan Width": 4, "Actual Min Startup Time": 0.011, "Actual Max Startup Time": 0.011, "Actual Min Total Time": 0.011, "Actual Max Total Time": 0.011, "Actual Total Rows": 12}]}]}, {"Node Type": "Hash", "Parent Relationship": "Inner", "Startup Cost": 1.03, "Total Cost": 1.03, "Plan Rows": 3, "Plan Width": 4, "Actual Min Startup Time": 0.056, "Actual Max Startup Time": 0.056, "Actual Min Total Time": 0.056, "Actual Max Total Time": 0.056, "Actual Total Rows": 3, "Max Hash Buckets": 32768, "Min Hash Buckets": 32768, "Max Hash Batches": 1, "Min Hash Batches": 1, "Max Original Hash Batches": 1, "Min Original Hash Batches": 1, "Max Peak Memory Usage": 1, "min Peak Memory Usage": 1, "Plans": [{"Node Type": "Seq Scan", "Parent Relationship": "Outer", "Relation Name": "company_type", "Alias": "ct", "Startup Cost": 0.0, "Total Cost": 1.03, "Plan Rows": 3, "Plan Width": 4, "Actual Min Startup Time": 0.027, "Actual Max Startup Time": 0.027, "Actual Min Total Time": 0.03, "Actual Max Total Time": 0.03, "Actual Total Rows": 3}]}]}]}, "Triggers": [], "Planner Runtime": 79.157, "Total Runtime": 3616.873, "Unique SQL Id": 3145361615}}, "(64, 47)": {"explain_plan": {"Plan": {"Node Type": "Aggregate", "Strategy": "Plain", "Startup Cost": 7102924029567.26, "Total Cost": 7102924029567.27, "Plan Rows": 1, "Plan Width": 97, "Plans": [{"Node Type": "Nested Loop", "Parent Relationship": "Outer", "Join Type": "Inner", "Startup Cost": 70000000000.0, "Total Cost": 7102924024720.19, "Plan Rows": 969413, "Plan Width": 33, "Inner Unique": true, "Join Filter": "(ci.role_id = rt.id), (LLVM Optimized)", "Plans": [{"Node Type": "Nested Loop", "Parent Relationship": "Outer", "Join Type": "Inner", "Startup Cost": 60000000000.0, "Total Cost": 6102923848982.82, "Plan Rows": 969413, "Plan Width": 37, "Inner Unique": true, "Join Filter": "(mc.movie_id = t.id), (LLVM Optimized)", "Plans": [{"Node Type": "Nested Loop", "Parent Relationship": "Outer", "Join Type": "Inner", "Startup Cost": 50000000000.0, "Total Cost": 5084556437053.46, "Plan Rows": 699731, "Plan Width": 28, "Inner Unique": true, "Join Filter": "(mc.company_type_id = ct.id), (LLVM Optimized)", "Plans": [{"Node Type": "Nested Loop", "Parent Relationship": "Outer", "Join Type": "Inner", "Startup Cost": 40000000000.0, "Total Cost": 4084556404336.05, "Plan Rows": 699731, "Plan Width": 32, "Inner Unique": false, "Join Filter": "(ci.movie_id = mc.movie_id), (LLVM Optimized)", "Plans": [{"Node Type": "Nested Loop", "Parent Relationship": "Outer", "Join Type": "Inner", "Startup Cost": 20000000000.0, "Total Cost": 2067819066805.53, "Plan Rows": 696330, "Plan Width": 24, "Inner Unique": true, "Join Filter": "(chn.id = ci.person_role_id), (LLVM Optimized)", "Plans": [{"Node Type": "Index Scan", "Parent Relationship": "Outer", "Scan Direction": "Forward", "Index Name": "role_id_cast_info", "Relation Name": "cast_info", "Alias": "ci", "Startup Cost": 10000000000.0, "Total Cost": 1000143218339.5, "Plan Rows": 1436424, "Plan Width": 12, "Filter": "((note)::text ~~ '%(producer)%'::text), (LLVM Optimized)"}, {"Node Type": "Materialize", "Parent Relationship": "Inner", "Startup Cost": 10000000000.0, "Total Cost": 1000013003247.2, "Plan Rows": 3140338, "Plan Width": 20, "Plans": [{"Node Type": "Index Scan", "Parent Relationship": "Outer", "Scan Direction": "Forward", "Index Name": "char_name_pkey", "Relation Name": "char_name", "Alias": "chn", "Startup Cost": 10000000000.0, "Total Cost": 1000012987545.51, "Plan Rows": 3140338, "Plan Width": 20}]}]}, {"Node Type": "Materialize", "Parent Relationship": "Inner", "Startup Cost": 20000000000.0, "Total Cost": 2003343666456.85, "Plan Rows": 1282311, "Plan Width": 8, "Plans": [{"Node Type": "Nested Loop", "Parent Relationship": "Outer", "Join Type": "Inner", "Startup Cost": 20000000000.0, "Total Cost": 2003343660045.29, "Plan Rows": 1282311, "Plan Width": 8, "Inner Unique": true, "Join Filter": "(cn.id = mc.company_id), (LLVM Optimized)", "Plans": [{"Node Type": "Index Scan", "Parent Relationship": "Outer", "Scan Direction": "Forward", "Index Name": "company_type_id_movie_companies", "Relation Name": "movie_companies", "Alias": "mc", "Startup Cost": 10000000000.0, "Total Cost": 1000009318217.0, "Plan Rows": 2609128, "Plan Width": 12}, {"Node Type": "Materialize", "Parent Relationship": "Inner", "Startup Cost": 10000000000.0, "Total Cost": 1000001050564.82, "Plan Rows": 85170, "Plan Width": 4, "Plans": [{"Node Type": "Index Scan", "Parent Relationship": "Outer", "Scan Direction": "Forward", "Index Name": "company_name_pkey", "Relation Name": "company_name", "Alias": "cn", "Startup Cost": 10000000000.0, "Total Cost": 1000001050138.97, "Plan Rows": 85170, "Plan Width": 4, "Filter": "((country_code)::text = '[us]'::text)"}]}]}]}]}, {"Node Type": "Materialize", "Parent Relationship": "Inner", "Startup Cost": 10000000000.0, "Total Cost": 1000000001229.52, "Plan Rows": 3, "Plan Width": 4, "Plans": [{"Node Type": "Index Scan", "Parent Relationship": "Outer", "Scan Direction": "Forward", "Index Name": "company_type_pkey", "Relation Name": "company_type", "Alias": "ct", "Startup Cost": 10000000000.0, "Total Cost": 1000000001229.5, "Plan Rows": 3, "Plan Width": 4}]}]}, {"Node Type": "Materialize", "Parent Relationship": "Inner", "Startup Cost": 10000000000.0, "Total Cost": 1000011652870.86, "Plan Rows": 1748840, "Plan Width": 21, "Plans": [{"Node Type": "Index Scan", "Parent Relationship": "Outer", "Scan Direction": "Forward", "Index Name": "title_pkey", "Relation Name": "title", "Alias": "t", "Startup Cost": 10000000000.0, "Total Cost": 1000011644126.66, "Plan Rows": 1748840, "Plan Width": 21, "Filter": "(production_year > 1990), (LLVM Optimized)"}]}]}, {"Node Type": "Materialize", "Parent Relationship": "Inner", "Startup Cost": 10000000000.0, "Total Cost": 1000000001243.06, "Plan Rows": 12, "Plan Width": 4, "Plans": [{"Node Type": "Index Scan", "Parent Relationship": "Outer", "Scan Direction": "Forward", "Index Name": "role_type_pkey", "Relation Name": "role_type", "Alias": "rt", "Startup Cost": 10000000000.0, "Total Cost": 1000000001243.0, "Plan Rows": 12, "Plan Width": 4}]}]}]}, "Unique SQL Id": 3145361615}, "explain_analyze_plan": null}, "(64, 48)": {"explain_plan": {"Plan": {"Node Type": "Aggregate", "Strategy": "Plain", "Startup Cost": 1719262.92, "Total Cost": 1719262.93, "Plan Rows": 1, "Plan Width": 97, "Plans": [{"Node Type": "Nested Loop", "Parent Relationship": "Outer", "Join Type": "Inner", "Startup Cost": 0.0, "Total Cost": 1714415.85, "Plan Rows": 969413, "Plan Width": 33, "Inner Unique": true, "Plans": [{"Node Type": "Nested Loop", "Parent Relationship": "Outer", "Join Type": "Inner", "Startup Cost": 0.0, "Total Cost": 1469499.31, "Plan Rows": 699731, "Plan Width": 24, "Inner Unique": true, "Join Filter": "(mc.company_type_id = ct.id), (LLVM Optimized)", "Plans": [{"Node Type": "Nested Loop", "Parent Relationship": "Outer", "Join Type": "Inner", "Startup Cost": 0.0, "Total Cost": 1438010.38, "Plan Rows": 699731, "Plan Width": 28, "Inner Unique": true, "Plans": [{"Node Type": "Nested Loop", "Parent Relationship": "Outer", "Join Type": "Inner", "Startup Cost": 0.0, "Total Cost": 1028452.36, "Plan Rows": 1423748, "Plan Width": 32, "Inner Unique": false, "Plans": [{"Node Type": "Nested Loop", "Parent Relationship": "Outer", "Join Type": "Inner", "Startup Cost": 0.0, "Total Cost": 763533.64, "Plan Rows": 696330, "Plan Width": 20, "Inner Unique": true, "Plans": [{"Node Type": "Streaming(type: LOCAL GATHER dop: 1/64)", "Parent Relationship": "Outer", "Startup Cost": 0.0, "Total Cost": 170510.92, "Plan Rows": 1436424, "Plan Width": 8, "Plans": [{"Node Type": "Nested Loop", "Parent Relationship": "Outer", "Join Type": "Inner", "Startup Cost": 0.0, "Total Cost": 140877.67, "Plan Rows": 1436424, "Plan Width": 8, "Inner Unique": true, "Join Filter": "(ci.role_id = rt.id), (LLVM Optimized)", "Plans": [{"Node Type": "Seq Scan", "Parent Relationship": "Outer", "Relation Name": "cast_info", "Alias": "ci", "Startup Cost": 0.0, "Total Cost": 73820.73, "Plan Rows": 1436424, "Plan Width": 12, "Filter": "((note)::text ~~ '%(producer)%'::text), (LLVM Optimized)"}, {"Node Type": "Materialize", "Parent Relationship": "Inner", "Startup Cost": 0.0, "Total Cost": 63017.02, "Plan Rows": 768, "Plan Width": 4, "Plans": [{"Node Type": "Streaming(type: BROADCAST dop: 64/1)", "Parent Relationship": "Outer", "Startup Cost": 0.0, "Total Cost": 63016.96, "Plan Rows": 768, "Plan Width": 4, "Plans": [{"Node Type": "Seq Scan", "Parent Relationship": "Outer", "Relation Name": "role_type", "Alias": "rt", "Startup Cost": 0.0, "Total Cost": 1.12, "Plan Rows": 12, "Plan Width": 4}]}]}]}]}, {"Node Type": "Index Scan", "Parent Relationship": "Inner", "Scan Direction": "Forward", "Index Name": "char_name_pkey", "Relation Name": "char_name", "Alias": "chn", "Startup Cost": 0.0, "Total Cost": 0.4, "Plan Rows": 1, "Plan Width": 20, "Index Cond": "(id = ci.person_role_id)"}]}, {"Node Type": "Index Scan", "Parent Relationship": "Inner", "Scan Direction": "Forward", "Index Name": "movie_id_movie_companies", "Relation Name": "movie_companies", "Alias": "mc", "Startup Cost": 0.0, "Total Cost": 0.36, "Plan Rows": 2, "Plan Width": 12, "Index Cond": "(movie_id = ci.movie_id)"}]}, {"Node Type": "Index Scan", "Parent Relationship": "Inner", "Scan Direction": "Forward", "Index Name": "company_name_pkey", "Relation Name": "company_name", "Alias": "cn", "Startup Cost": 0.0, "Total Cost": 0.28, "Plan Rows": 1, "Plan Width": 4, "Index Cond": "(id = mc.company_id)", "Filter": "((country_code)::text = '[us]'::text)"}]}, {"Node Type": "Materialize", "Parent Relationship": "Inner", "Startup Cost": 0.0, "Total Cost": 1.04, "Plan Rows": 3, "Plan Width": 4, "Plans": [{"Node Type": "Seq Scan", "Parent Relationship": "Outer", "Relation Name": "company_type", "Alias": "ct", "Startup Cost": 0.0, "Total Cost": 1.03, "Plan Rows": 3, "Plan Width": 4}]}]}, {"Node Type": "Index Scan", "Parent Relationship": "Inner", "Scan Direction": "Forward", "Index Name": "title_pkey", "Relation Name": "title", "Alias": "t", "Startup Cost": 0.0, "Total Cost": 0.34, "Plan Rows": 1, "Plan Width": 21, "Index Cond": "(id = mc.movie_id)", "Filter": "(production_year > 1990)"}]}]}, "Unique SQL Id": 3145361615}, "explain_analyze_plan": {"Plan": {"Node Type": "Aggregate", "Strategy": "Plain", "Startup Cost": 1719262.92, "Total Cost": 1719262.93, "Plan Rows": 1, "Plan Width": 97, "Actual Min Startup Time": 1367.88, "Actual Max Startup Time": 1367.88, "Actual Min Total Time": 1367.88, "Actual Max Total Time": 1367.88, "Actual Total Rows": 1, "Plans": [{"Node Type": "Nested Loop", "Parent Relationship": "Outer", "Join Type": "Inner", "Startup Cost": 0.0, "Total Cost": 1714415.85, "Plan Rows": 969413, "Plan Width": 33, "Actual Min Startup Time": 391.841, "Actual Max Startup Time": 391.841, "Actual Min Total Time": 1367.834, "Actual Max Total Time": 1367.834, "Actual Total Rows": 4, "Inner Unique": true, "Plans": [{"Node Type": "Nested Loop", "Parent Relationship": "Outer", "Join Type": "Inner", "Startup Cost": 0.0, "Total Cost": 1469499.31, "Plan Rows": 699731, "Plan Width": 24, "Actual Min Startup Time": 391.802, "Actual Max Startup Time": 391.802, "Actual Min Total Time": 1367.735, "Actual Max Total Time": 1367.735, "Actual Total Rows": 6, "Inner Unique": true, "Join Filter": "(mc.company_type_id = ct.id), (LLVM Optimized, Jit Execute)", "Rows Removed by Join Filter": 24, "Plans": [{"Node Type": "Nested Loop", "Parent Relationship": "Outer", "Join Type": "Inner", "Startup Cost": 0.0, "Total Cost": 1438010.38, "Plan Rows": 699731, "Plan Width": 28, "Actual Min Startup Time": 391.719, "Actual Max Startup Time": 391.719, "Actual Min Total Time": 1367.648, "Actual Max Total Time": 1367.648, "Actual Total Rows": 14, "Inner Unique": true, "Plans": [{"Node Type": "Nested Loop", "Parent Relationship": "Outer", "Join Type": "Inner", "Startup Cost": 0.0, "Total Cost": 1028452.36, "Plan Rows": 1423748, "Plan Width": 32, "Actual Min Startup Time": 277.316, "Actual Max Startup Time": 277.316, "Actual Min Total Time": 1367.097, "Actual Max Total Time": 1367.097, "Actual Total Rows": 31, "Inner Unique": false, "Plans": [{"Node Type": "Nested Loop", "Parent Relationship": "Outer", "Join Type": "Inner", "Startup Cost": 0.0, "Total Cost": 763533.64, "Plan Rows": 696330, "Plan Width": 20, "Actual Min Startup Time": 277.037, "Actual Max Startup Time": 277.037, "Actual Min Total Time": 1365.759, "Actual Max Total Time": 1365.759, "Actual Total Rows": 15, "Inner Unique": true, "Plans": [{"Node Type": "Streaming(type: LOCAL GATHER dop: 1/64)", "Parent Relationship": "Outer", "Startup Cost": 0.0, "Total Cost": 170510.92, "Plan Rows": 1436424, "Plan Width": 8, "Actual Min Startup Time": 276.899, "Actual Max Startup Time": 276.899, "Actual Min Total Time": 628.582, "Actual Max Total Time": 628.582, "Actual Total Rows": 1435439, "Plans": [{"Node Type": "Nested Loop", "Parent Relationship": "Outer", "Join Type": "Inner", "Startup Cost": 0.0, "Total Cost": 140877.67, "Plan Rows": 1436424, "Plan Width": 8, "Actual Min Startup Time": 13.356, "Actual Max Startup Time": 174.296, "Actual Min Total Time": 199.87, "Actual Max Total Time": 288.582, "Actual Total Rows": 1435439, "Inner Unique": true, "Join Filter": "(ci.role_id = rt.id), (LLVM Optimized, Jit Execute)", "Rows Removed by Join Filter": 2870850, "Plans": [{"Node Type": "Seq Scan", "Parent Relationship": "Outer", "Relation Name": "cast_info", "Alias": "ci", "Startup Cost": 0.0, "Total Cost": 73820.73, "Plan Rows": 1436424, "Plan Width": 12, "Actual Min Startup Time": 13.277, "Actual Max Startup Time": 88.061, "Actual Min Total Time": 172.904, "Actual Max Total Time": 187.865, "Actual Total Rows": 1435439, "Filter": "((note)::text ~~ '%(producer)%'::text), (LLVM Optimized, Jit Execute)", "Rows Removed by Filter": 34808904}, {"Node Type": "Materialize", "Parent Relationship": "Inner", "Startup Cost": 0.0, "Total Cost": 63017.02, "Plan Rows": 768, "Plan Width": 4, "Actual Min Startup Time": 1.593, "Actual Max Startup Time": 89.906, "Actual Min Total Time": 4.56, "Actual Max Total Time": 94.089, "Actual Total Rows": 4306353, "Plans": [{"Node Type": "Streaming(type: BROADCAST dop: 64/1)", "Parent Relationship": "Outer", "Startup Cost": 0.0, "Total Cost": 63016.96, "Plan Rows": 768, "Plan Width": 4, "Actual Min Startup Time": 0.006, "Actual Max Startup Time": 87.806, "Actual Min Total Time": 0.006, "Actual Max Total Time": 87.807, "Actual Total Rows": 768, "Plans": [{"Node Type": "Seq Scan", "Parent Relationship": "Outer", "Relation Name": "role_type", "Alias": "rt", "Startup Cost": 0.0, "Total Cost": 1.12, "Plan Rows": 12, "Plan Width": 4, "Actual Min Startup Time": 0.021, "Actual Max Startup Time": 0.021, "Actual Min Total Time": 0.027, "Actual Max Total Time": 0.027, "Actual Total Rows": 12}]}]}]}]}, {"Node Type": "Index Scan", "Parent Relationship": "Inner", "Scan Direction": "Forward", "Index Name": "char_name_pkey", "Relation Name": "char_name", "Alias": "chn", "Startup Cost": 0.0, "Total Cost": 0.4, "Plan Rows": 1, "Plan Width": 20, "Actual Min Startup Time": 225.656, "Actual Max Startup Time": 225.656, "Actual Min Total Time": 225.656, "Actual Max Total Time": 225.656, "Actual Total Rows": 15, "Index Cond": "(id = ci.person_role_id)", "Rows Removed by Index Recheck": 0}]}, {"Node Type": "Index Scan", "Parent Relationship": "Inner", "Scan Direction": "Forward", "Index Name": "movie_id_movie_companies", "Relation Name": "movie_companies", "Alias": "mc", "Startup Cost": 0.0, "Total Cost": 0.36, "Plan Rows": 2, "Plan Width": 12, "Actual Min Startup Time": 1.247, "Actual Max Startup Time": 1.247, "Actual Min Total Time": 1.295, "Actual Max Total Time": 1.295, "Actual Total Rows": 31, "Index Cond": "(movie_id = ci.movie_id)", "Rows Removed by Index Recheck": 0}]}, {"Node Type": "Index Scan", "Parent Relationship": "Inner", "Scan Direction": "Forward", "Index Name": "company_name_pkey", "Relation Name": "company_name", "Alias": "cn", "Startup Cost": 0.0, "Total Cost": 0.28, "Plan Rows": 1, "Plan Width": 4, "Actual Min Startup Time": 0.502, "Actual Max Startup Time": 0.502, "Actual Min Total Time": 0.502, "Actual Max Total Time": 0.502, "Actual Total Rows": 14, "Index Cond": "(id = mc.company_id)", "Rows Removed by Index Recheck": 0, "Filter": "((country_code)::text = '[us]'::text)", "Rows Removed by Filter": 17}]}, {"Node Type": "Materialize", "Parent Relationship": "Inner", "Startup Cost": 0.0, "Total Cost": 1.04, "Plan Rows": 3, "Plan Width": 4, "Actual Min Startup Time": 0.056, "Actual Max Startup Time": 0.056, "Actual Min Total Time": 0.059, "Actual Max Total Time": 0.059, "Actual Total Rows": 31, "Plans": [{"Node Type": "Seq Scan", "Parent Relationship": "Outer", "Relation Name": "company_type", "Alias": "ct", "Startup Cost": 0.0, "Total Cost": 1.03, "Plan Rows": 3, "Plan Width": 4, "Actual Min Startup Time": 0.031, "Actual Max Startup Time": 0.031, "Actual Min Total Time": 0.034, "Actual Max Total Time": 0.034, "Actual Total Rows": 3}]}]}, {"Node Type": "Index Scan", "Parent Relationship": "Inner", "Scan Direction": "Forward", "Index Name": "title_pkey", "Relation Name": "title", "Alias": "t", "Startup Cost": 0.0, "Total Cost": 0.34, "Plan Rows": 1, "Plan Width": 21, "Actual Min Startup Time": 0.086, "Actual Max Startup Time": 0.086, "Actual Min Total Time": 0.086, "Actual Max Total Time": 0.086, "Actual Total Rows": 4, "Index Cond": "(id = mc.movie_id)", "Rows Removed by Index Recheck": 0, "Filter": "(production_year > 1990)", "Rows Removed by Filter": 2}]}]}, "Triggers": [], "Planner Runtime": 6.737, "Total Runtime": 1391.75, "Unique SQL Id": 3145361615}}, "(64, 49)": {"explain_plan": {"Plan": {"Node Type": "Aggregate", "Strategy": "Plain", "Startup Cost": 2425779.29, "Total Cost": 2425779.3, "Plan Rows": 1, "Plan Width": 97, "Plans": [{"Node Type": "Nested Loop", "Parent Relationship": "Outer", "Join Type": "Inner", "Startup Cost": 0.0, "Total Cost": 2420932.22, "Plan Rows": 969413, "Plan Width": 33, "Inner Unique": true, "Plans": [{"Node Type": "Nested Loop", "Parent Relationship": "Outer", "Join Type": "Inner", "Startup Cost": 0.0, "Total Cost": 2176015.68, "Plan Rows": 699731, "Plan Width": 24, "Inner Unique": true, "Join Filter": "(ci.role_id = rt.id), (LLVM Optimized)", "Plans": [{"Node Type": "Nested Loop", "Parent Relationship": "Outer", "Join Type": "Inner", "Startup Cost": 0.0, "Total Cost": 2050055.64, "Plan Rows": 699731, "Plan Width": 28, "Inner Unique": true, "Join Filter": "(mc.company_type_id = ct.id), (LLVM Optimized)", "Plans": [{"Node Type": "Nested Loop", "Parent Relationship": "Outer", "Join Type": "Inner", "Startup Cost": 0.0, "Total Cost": 2018559.45, "Plan Rows": 699731, "Plan Width": 32, "Inner Unique": true, "Plans": [{"Node Type": "Nested Loop", "Parent Relationship": "Outer", "Join Type": "Inner", "Startup Cost": 0.0, "Total Cost": 1422640.19, "Plan Rows": 1443440, "Plan Width": 20, "Inner Unique": false, "Plans": [{"Node Type": "Nested Loop", "Parent Relationship": "Outer", "Join Type": "Inner", "Startup Cost": 0.0, "Total Cost": 171332.39, "Plan Rows": 1282311, "Plan Width": 8, "Inner Unique": false, "Plans": [{"Node Type": "Index Scan", "Parent Relationship": "Outer", "Scan Direction": "Forward", "Index Name": "company_name_pkey", "Relation Name": "company_name", "Alias": "cn", "Startup Cost": 0.0, "Total Cost": 10501.39, "Plan Rows": 85170, "Plan Width": 4, "Filter": "((country_code)::text = '[us]'::text)"}, {"Node Type": "Index Scan", "Parent Relationship": "Inner", "Scan Direction": "Forward", "Index Name": "company_id_movie_companies", "Relation Name": "movie_companies", "Alias": "mc", "Startup Cost": 0.0, "Total Cost": 1.74, "Plan Rows": 15, "Plan Width": 12, "Index Cond": "(company_id = cn.id)"}]}, {"Node Type": "Index Scan", "Parent Relationship": "Inner", "Scan Direction": "Forward", "Index Name": "movie_id_cast_info", "Relation Name": "cast_info", "Alias": "ci", "Startup Cost": 0.0, "Total Cost": 0.97, "Plan Rows": 1, "Plan Width": 12, "Index Cond": "(movie_id = mc.movie_id)", "Filter": "((note)::text ~~ '%(producer)%'::text)"}]}, {"Node Type": "Index Scan", "Parent Relationship": "Inner", "Scan Direction": "Forward", "Index Name": "char_name_pkey", "Relation Name": "char_name", "Alias": "chn", "Startup Cost": 0.0, "Total Cost": 0.4, "Plan Rows": 1, "Plan Width": 20, "Index Cond": "(id = ci.person_role_id)"}]}, {"Node Type": "Materialize", "Parent Relationship": "Inner", "Startup Cost": 0.0, "Total Cost": 8.31, "Plan Rows": 3, "Plan Width": 4, "Plans": [{"Node Type": "Index Only Scan", "Parent Relationship": "Outer", "Scan Direction": "Forward", "Index Name": "company_type_pkey", "Relation Name": "company_type", "Alias": "ct", "Startup Cost": 0.0, "Total Cost": 8.29, "Plan Rows": 3, "Plan Width": 4}]}]}, {"Node Type": "Materialize", "Parent Relationship": "Inner", "Startup Cost": 0.0, "Total Cost": 8.49, "Plan Rows": 12, "Plan Width": 4, "Plans": [{"Node Type": "Index Only Scan", "Parent Relationship": "Outer", "Scan Direction": "Forward", "Index Name": "role_type_pkey", "Relation Name": "role_type", "Alias": "rt", "Startup Cost": 0.0, "Total Cost": 8.43, "Plan Rows": 12, "Plan Width": 4}]}]}, {"Node Type": "Index Scan", "Parent Relationship": "Inner", "Scan Direction": "Forward", "Index Name": "title_pkey", "Relation Name": "title", "Alias": "t", "Startup Cost": 0.0, "Total Cost": 0.34, "Plan Rows": 1, "Plan Width": 21, "Index Cond": "(id = mc.movie_id)", "Filter": "(production_year > 1990)"}]}]}, "Unique SQL Id": 3145361615}, "explain_analyze_plan": null}, "(64, 50)": {"explain_plan": {"Plan": {"Node Type": "Aggregate", "Strategy": "Plain", "Startup Cost": 15749262.27, "Total Cost": 15749262.28, "Plan Rows": 1, "Plan Width": 97, "Plans": [{"Node Type": "Nested Loop", "Parent Relationship": "Outer", "Join Type": "Inner", "Startup Cost": 1.89, "Total Cost": 15744415.21, "Plan Rows": 969413, "Plan Width": 33, "Inner Unique": true, "Plans": [{"Node Type": "Nested Loop", "Parent Relationship": "Outer", "Join Type": "Inner", "Startup Cost": 1.62, "Total Cost": 12737716.17, "Plan Rows": 699731, "Plan Width": 24, "Inner Unique": true, "Join Filter": "(ci.role_id = rt.id), (LLVM Optimized)", "Plans": [{"Node Type": "Nested Loop", "Parent Relationship": "Outer", "Join Type": "Inner", "Startup Cost": 1.62, "Total Cost": 12611763.44, "Plan Rows": 699731, "Plan Width": 28, "Inner Unique": true, "Join Filter": "(mc.company_type_id = ct.id), (LLVM Optimized)", "Plans": [{"Node Type": "Nested Loop", "Parent Relationship": "Outer", "Join Type": "Inner", "Startup Cost": 1.62, "Total Cost": 12580274.51, "Plan Rows": 699731, "Plan Width": 32, "Inner Unique": true, "Plans": [{"Node Type": "Nested Loop", "Parent Relationship": "Outer", "Join Type": "Inner", "Startup Cost": 1.33, "Total Cost": 6355299.51, "Plan Rows": 1443440, "Plan Width": 20, "Inner Unique": false, "Plans": [{"Node Type": "Nested Loop", "Parent Relationship": "Outer", "Join Type": "Inner", "Startup Cost": 0.82, "Total Cost": 444829.84, "Plan Rows": 1282311, "Plan Width": 8, "Inner Unique": false, "Plans": [{"Node Type": "Seq Scan", "Parent Relationship": "Outer", "Relation Name": "company_name", "Alias": "cn", "Startup Cost": 0.0, "Total Cost": 5903.45, "Plan Rows": 85170, "Plan Width": 4, "Filter": "((country_code)::text = '[us]'::text)"}, {"Node Type": "Bitmap Heap Scan", "Parent Relationship": "Inner", "Relation Name": "movie_companies", "Alias": "mc", "Startup Cost": 0.82, "Total Cost": 5.0, "Plan Rows": 15, "Plan Width": 12, "Recheck Cond": "(company_id = cn.id)", "Plans": [{"Node Type": "Bitmap Index Scan", "Parent Relationship": "Outer", "Index Name": "company_id_movie_companies", "Startup Cost": 0.0, "Total Cost": 0.81, "Plan Rows": 15, "Plan Width": 0, "Index Cond": "(company_id = cn.id)"}]}]}, {"Node Type": "Bitmap Heap Scan", "Parent Relationship": "Inner", "Relation Name": "cast_info", "Alias": "ci", "Startup Cost": 0.51, "Total Cost": 4.6, "Plan Rows": 1, "Plan Width": 12, "Recheck Cond": "(movie_id = mc.movie_id)", "Filter": "((note)::text ~~ '%(producer)%'::text)", "Plans": [{"Node Type": "Bitmap Index Scan", "Parent Relationship": "Outer", "Index Name": "movie_id_cast_info", "Startup Cost": 0.0, "Total Cost": 0.51, "Plan Rows": 6, "Plan Width": 0, "Index Cond": "(movie_id = mc.movie_id)"}]}]}, {"Node Type": "Bitmap Heap Scan", "Parent Relationship": "Inner", "Relation Name": "char_name", "Alias": "chn", "Startup Cost": 0.29, "Total Cost": 4.3, "Plan Rows": 1, "Plan Width": 20, "Recheck Cond": "(id = ci.person_role_id)", "Plans": [{"Node Type": "Bitmap Index Scan", "Parent Relationship": "Outer", "Index Name": "char_name_pkey", "Startup Cost": 0.0, "Total Cost": 0.29, "Plan Rows": 1, "Plan Width": 0, "Index Cond": "(id = ci.person_role_id)"}]}]}, {"Node Type": "Materialize", "Parent Relationship": "Inner", "Startup Cost": 0.0, "Total Cost": 1.04, "Plan Rows": 3, "Plan Width": 4, "Plans": [{"Node Type": "Seq Scan", "Parent Relationship": "Outer", "Relation Name": "company_type", "Alias": "ct", "Startup Cost": 0.0, "Total Cost": 1.03, "Plan Rows": 3, "Plan Width": 4}]}]}, {"Node Type": "Materialize", "Parent Relationship": "Inner", "Startup Cost": 0.0, "Total Cost": 1.18, "Plan Rows": 12, "Plan Width": 4, "Plans": [{"Node Type": "Seq Scan", "Parent Relationship": "Outer", "Relation Name": "role_type", "Alias": "rt", "Startup Cost": 0.0, "Total Cost": 1.12, "Plan Rows": 12, "Plan Width": 4}]}]}, {"Node Type": "Bitmap Heap Scan", "Parent Relationship": "Inner", "Relation Name": "title", "Alias": "t", "Startup Cost": 0.27, "Total Cost": 4.29, "Plan Rows": 1, "Plan Width": 21, "Recheck Cond": "(id = mc.movie_id)", "Filter": "(production_year > 1990)", "Plans": [{"Node Type": "Bitmap Index Scan", "Parent Relationship": "Outer", "Index Name": "title_pkey", "Startup Cost": 0.0, "Total Cost": 0.27, "Plan Rows": 1, "Plan Width": 0, "Index Cond": "(id = mc.movie_id)"}]}]}]}, "Unique SQL Id": 3145361615}, "explain_analyze_plan": null}, "(64, 51)": {"explain_plan": {"Plan": {"Node Type": "Aggregate", "Strategy": "Plain", "Startup Cost": 15752085.37, "Total Cost": 15752085.38, "Plan Rows": 1, "Plan Width": 97, "Plans": [{"Node Type": "Nested Loop", "Parent Relationship": "Outer", "Join Type": "Inner", "Startup Cost": 2818.99, "Total Cost": 15747238.31, "Plan Rows": 969413, "Plan Width": 33, "Inner Unique": true, "Plans": [{"Node Type": "Nested Loop", "Parent Relationship": "Outer", "Join Type": "Inner", "Startup Cost": 2818.72, "Total Cost": 12740539.28, "Plan Rows": 699731, "Plan Width": 24, "Inner Unique": true, "Join Filter": "(ci.role_id = rt.id), (LLVM Optimized)", "Plans": [{"Node Type": "Nested Loop", "Parent Relationship": "Outer", "Join Type": "Inner", "Startup Cost": 2810.4, "Total Cost": 12614575.23, "Plan Rows": 699731, "Plan Width": 28, "Inner Unique": true, "Join Filter": "(mc.company_type_id = ct.id), (LLVM Optimized)", "Plans": [{"Node Type": "Nested Loop", "Parent Relationship": "Outer", "Join Type": "Inner", "Startup Cost": 2802.14, "Total Cost": 12583075.03, "Plan Rows": 699731, "Plan Width": 32, "Inner Unique": true, "Plans": [{"Node Type": "Nested Loop", "Parent Relationship": "Outer", "Join Type": "Inner", "Startup Cost": 2801.85, "Total Cost": 6358100.03, "Plan Rows": 1443440, "Plan Width": 20, "Inner Unique": false, "Plans": [{"Node Type": "Nested Loop", "Parent Relationship": "Outer", "Join Type": "Inner", "Startup Cost": 2801.34, "Total Cost": 447630.36, "Plan Rows": 1282311, "Plan Width": 8, "Inner Unique": false, "Plans": [{"Node Type": "Bitmap Heap Scan", "Parent Relationship": "Outer", "Relation Name": "company_name", "Alias": "cn", "Startup Cost": 2800.52, "Total Cost": 8703.97, "Plan Rows": 85170, "Plan Width": 4, "Filter": "((country_code)::text = '[us]'::text)", "Plans": [{"Node Type": "Bitmap Index Scan", "Parent Relationship": "Outer", "Index Name": "company_name_pkey", "Startup Cost": 0.0, "Total Cost": 2779.23, "Plan Rows": 234996, "Plan Width": 0}]}, {"Node Type": "Bitmap Heap Scan", "Parent Relationship": "Inner", "Relation Name": "movie_companies", "Alias": "mc", "Startup Cost": 0.82, "Total Cost": 5.0, "Plan Rows": 15, "Plan Width": 12, "Recheck Cond": "(company_id = cn.id)", "Plans": [{"Node Type": "Bitmap Index Scan", "Parent Relationship": "Outer", "Index Name": "company_id_movie_companies", "Startup Cost": 0.0, "Total Cost": 0.81, "Plan Rows": 15, "Plan Width": 0, "Index Cond": "(company_id = cn.id)"}]}]}, {"Node Type": "Bitmap Heap Scan", "Parent Relationship": "Inner", "Relation Name": "cast_info", "Alias": "ci", "Startup Cost": 0.51, "Total Cost": 4.6, "Plan Rows": 1, "Plan Width": 12, "Recheck Cond": "(movie_id = mc.movie_id)", "Filter": "((note)::text ~~ '%(producer)%'::text)", "Plans": [{"Node Type": "Bitmap Index Scan", "Parent Relationship": "Outer", "Index Name": "movie_id_cast_info", "Startup Cost": 0.0, "Total Cost": 0.51, "Plan Rows": 6, "Plan Width": 0, "Index Cond": "(movie_id = mc.movie_id)"}]}]}, {"Node Type": "Bitmap Heap Scan", "Parent Relationship": "Inner", "Relation Name": "char_name", "Alias": "chn", "Startup Cost": 0.29, "Total Cost": 4.3, "Plan Rows": 1, "Plan Width": 20, "Recheck Cond": "(id = ci.person_role_id)", "Plans": [{"Node Type": "Bitmap Index Scan", "Parent Relationship": "Outer", "Index Name": "char_name_pkey", "Startup Cost": 0.0, "Total Cost": 0.29, "Plan Rows": 1, "Plan Width": 0, "Index Cond": "(id = ci.person_role_id)"}]}]}, {"Node Type": "Materialize", "Parent Relationship": "Inner", "Startup Cost": 8.27, "Total Cost": 12.31, "Plan Rows": 3, "Plan Width": 4, "Plans": [{"Node Type": "Bitmap Heap Scan", "Parent Relationship": "Outer", "Relation Name": "company_type", "Alias": "ct", "Startup Cost": 8.27, "Total Cost": 12.3, "Plan Rows": 3, "Plan Width": 4, "Plans": [{"Node Type": "Bitmap Index Scan", "Parent Relationship": "Outer", "Index Name": "company_type_pkey", "Startup Cost": 0.0, "Total Cost": 8.27, "Plan Rows": 3, "Plan Width": 0}]}]}]}, {"Node Type": "Materialize", "Parent Relationship": "Inner", "Startup Cost": 8.31, "Total Cost": 12.49, "Plan Rows": 12, "Plan Width": 4, "Plans": [{"Node Type": "Bitmap Heap Scan", "Parent Relationship": "Outer", "Relation Name": "role_type", "Alias": "rt", "Startup Cost": 8.31, "Total Cost": 12.43, "Plan Rows": 12, "Plan Width": 4, "Plans": [{"Node Type": "Bitmap Index Scan", "Parent Relationship": "Outer", "Index Name": "role_type_pkey", "Startup Cost": 0.0, "Total Cost": 8.31, "Plan Rows": 12, "Plan Width": 0}]}]}]}, {"Node Type": "Bitmap Heap Scan", "Parent Relationship": "Inner", "Relation Name": "title", "Alias": "t", "Startup Cost": 0.27, "Total Cost": 4.29, "Plan Rows": 1, "Plan Width": 21, "Recheck Cond": "(id = mc.movie_id)", "Filter": "(production_year > 1990)", "Plans": [{"Node Type": "Bitmap Index Scan", "Parent Relationship": "Outer", "Index Name": "title_pkey", "Startup Cost": 0.0, "Total Cost": 0.27, "Plan Rows": 1, "Plan Width": 0, "Index Cond": "(id = mc.movie_id)"}]}]}]}, "Unique SQL Id": 3145361615}, "explain_analyze_plan": null}, "(64, 52)": {"explain_plan": {"Plan": {"Node Type": "Aggregate", "Strategy": "Plain", "Startup Cost": 1719262.92, "Total Cost": 1719262.93, "Plan Rows": 1, "Plan Width": 97, "Plans": [{"Node Type": "Nested Loop", "Parent Relationship": "Outer", "Join Type": "Inner", "Startup Cost": 0.0, "Total Cost": 1714415.85, "Plan Rows": 969413, "Plan Width": 33, "Inner Unique": true, "Plans": [{"Node Type": "Nested Loop", "Parent Relationship": "Outer", "Join Type": "Inner", "Startup Cost": 0.0, "Total Cost": 1469499.31, "Plan Rows": 699731, "Plan Width": 24, "Inner Unique": true, "Join Filter": "(mc.company_type_id = ct.id), (LLVM Optimized)", "Plans": [{"Node Type": "Nested Loop", "Parent Relationship": "Outer", "Join Type": "Inner", "Startup Cost": 0.0, "Total Cost": 1438010.38, "Plan Rows": 699731, "Plan Width": 28, "Inner Unique": true, "Plans": [{"Node Type": "Nested Loop", "Parent Relationship": "Outer", "Join Type": "Inner", "Startup Cost": 0.0, "Total Cost": 1028452.36, "Plan Rows": 1423748, "Plan Width": 32, "Inner Unique": false, "Plans": [{"Node Type": "Nested Loop", "Parent Relationship": "Outer", "Join Type": "Inner", "Startup Cost": 0.0, "Total Cost": 763533.64, "Plan Rows": 696330, "Plan Width": 20, "Inner Unique": true, "Plans": [{"Node Type": "Streaming(type: LOCAL GATHER dop: 1/64)", "Parent Relationship": "Outer", "Startup Cost": 0.0, "Total Cost": 170510.92, "Plan Rows": 1436424, "Plan Width": 8, "Plans": [{"Node Type": "Nested Loop", "Parent Relationship": "Outer", "Join Type": "Inner", "Startup Cost": 0.0, "Total Cost": 140877.67, "Plan Rows": 1436424, "Plan Width": 8, "Inner Unique": true, "Join Filter": "(ci.role_id = rt.id), (LLVM Optimized)", "Plans": [{"Node Type": "Seq Scan", "Parent Relationship": "Outer", "Relation Name": "cast_info", "Alias": "ci", "Startup Cost": 0.0, "Total Cost": 73820.73, "Plan Rows": 1436424, "Plan Width": 12, "Filter": "((note)::text ~~ '%(producer)%'::text), (LLVM Optimized)"}, {"Node Type": "Materialize", "Parent Relationship": "Inner", "Startup Cost": 0.0, "Total Cost": 63017.02, "Plan Rows": 768, "Plan Width": 4, "Plans": [{"Node Type": "Streaming(type: BROADCAST dop: 64/1)", "Parent Relationship": "Outer", "Startup Cost": 0.0, "Total Cost": 63016.96, "Plan Rows": 768, "Plan Width": 4, "Plans": [{"Node Type": "Seq Scan", "Parent Relationship": "Outer", "Relation Name": "role_type", "Alias": "rt", "Startup Cost": 0.0, "Total Cost": 1.12, "Plan Rows": 12, "Plan Width": 4}]}]}]}]}, {"Node Type": "Index Scan", "Parent Relationship": "Inner", "Scan Direction": "Forward", "Index Name": "char_name_pkey", "Relation Name": "char_name", "Alias": "chn", "Startup Cost": 0.0, "Total Cost": 0.4, "Plan Rows": 1, "Plan Width": 20, "Index Cond": "(id = ci.person_role_id)"}]}, {"Node Type": "Index Scan", "Parent Relationship": "Inner", "Scan Direction": "Forward", "Index Name": "movie_id_movie_companies", "Relation Name": "movie_companies", "Alias": "mc", "Startup Cost": 0.0, "Total Cost": 0.36, "Plan Rows": 2, "Plan Width": 12, "Index Cond": "(movie_id = ci.movie_id)"}]}, {"Node Type": "Index Scan", "Parent Relationship": "Inner", "Scan Direction": "Forward", "Index Name": "company_name_pkey", "Relation Name": "company_name", "Alias": "cn", "Startup Cost": 0.0, "Total Cost": 0.28, "Plan Rows": 1, "Plan Width": 4, "Index Cond": "(id = mc.company_id)", "Filter": "((country_code)::text = '[us]'::text)"}]}, {"Node Type": "Materialize", "Parent Relationship": "Inner", "Startup Cost": 0.0, "Total Cost": 1.04, "Plan Rows": 3, "Plan Width": 4, "Plans": [{"Node Type": "Seq Scan", "Parent Relationship": "Outer", "Relation Name": "company_type", "Alias": "ct", "Startup Cost": 0.0, "Total Cost": 1.03, "Plan Rows": 3, "Plan Width": 4}]}]}, {"Node Type": "Index Scan", "Parent Relationship": "Inner", "Scan Direction": "Forward", "Index Name": "title_pkey", "Relation Name": "title", "Alias": "t", "Startup Cost": 0.0, "Total Cost": 0.34, "Plan Rows": 1, "Plan Width": 21, "Index Cond": "(id = mc.movie_id)", "Filter": "(production_year > 1990)"}]}]}, "Unique SQL Id": 3145361615}, "explain_analyze_plan": {"Plan": {"Node Type": "Aggregate", "Strategy": "Plain", "Startup Cost": 1719262.92, "Total Cost": 1719262.93, "Plan Rows": 1, "Plan Width": 97, "Actual Min Startup Time": 1367.88, "Actual Max Startup Time": 1367.88, "Actual Min Total Time": 1367.88, "Actual Max Total Time": 1367.88, "Actual Total Rows": 1, "Plans": [{"Node Type": "Nested Loop", "Parent Relationship": "Outer", "Join Type": "Inner", "Startup Cost": 0.0, "Total Cost": 1714415.85, "Plan Rows": 969413, "Plan Width": 33, "Actual Min Startup Time": 391.841, "Actual Max Startup Time": 391.841, "Actual Min Total Time": 1367.834, "Actual Max Total Time": 1367.834, "Actual Total Rows": 4, "Inner Unique": true, "Plans": [{"Node Type": "Nested Loop", "Parent Relationship": "Outer", "Join Type": "Inner", "Startup Cost": 0.0, "Total Cost": 1469499.31, "Plan Rows": 699731, "Plan Width": 24, "Actual Min Startup Time": 391.802, "Actual Max Startup Time": 391.802, "Actual Min Total Time": 1367.735, "Actual Max Total Time": 1367.735, "Actual Total Rows": 6, "Inner Unique": true, "Join Filter": "(mc.company_type_id = ct.id), (LLVM Optimized, Jit Execute)", "Rows Removed by Join Filter": 24, "Plans": [{"Node Type": "Nested Loop", "Parent Relationship": "Outer", "Join Type": "Inner", "Startup Cost": 0.0, "Total Cost": 1438010.38, "Plan Rows": 699731, "Plan Width": 28, "Actual Min Startup Time": 391.719, "Actual Max Startup Time": 391.719, "Actual Min Total Time": 1367.648, "Actual Max Total Time": 1367.648, "Actual Total Rows": 14, "Inner Unique": true, "Plans": [{"Node Type": "Nested Loop", "Parent Relationship": "Outer", "Join Type": "Inner", "Startup Cost": 0.0, "Total Cost": 1028452.36, "Plan Rows": 1423748, "Plan Width": 32, "Actual Min Startup Time": 277.316, "Actual Max Startup Time": 277.316, "Actual Min Total Time": 1367.097, "Actual Max Total Time": 1367.097, "Actual Total Rows": 31, "Inner Unique": false, "Plans": [{"Node Type": "Nested Loop", "Parent Relationship": "Outer", "Join Type": "Inner", "Startup Cost": 0.0, "Total Cost": 763533.64, "Plan Rows": 696330, "Plan Width": 20, "Actual Min Startup Time": 277.037, "Actual Max Startup Time": 277.037, "Actual Min Total Time": 1365.759, "Actual Max Total Time": 1365.759, "Actual Total Rows": 15, "Inner Unique": true, "Plans": [{"Node Type": "Streaming(type: LOCAL GATHER dop: 1/64)", "Parent Relationship": "Outer", "Startup Cost": 0.0, "Total Cost": 170510.92, "Plan Rows": 1436424, "Plan Width": 8, "Actual Min Startup Time": 276.899, "Actual Max Startup Time": 276.899, "Actual Min Total Time": 628.582, "Actual Max Total Time": 628.582, "Actual Total Rows": 1435439, "Plans": [{"Node Type": "Nested Loop", "Parent Relationship": "Outer", "Join Type": "Inner", "Startup Cost": 0.0, "Total Cost": 140877.67, "Plan Rows": 1436424, "Plan Width": 8, "Actual Min Startup Time": 13.356, "Actual Max Startup Time": 174.296, "Actual Min Total Time": 199.87, "Actual Max Total Time": 288.582, "Actual Total Rows": 1435439, "Inner Unique": true, "Join Filter": "(ci.role_id = rt.id), (LLVM Optimized, Jit Execute)", "Rows Removed by Join Filter": 2870850, "Plans": [{"Node Type": "Seq Scan", "Parent Relationship": "Outer", "Relation Name": "cast_info", "Alias": "ci", "Startup Cost": 0.0, "Total Cost": 73820.73, "Plan Rows": 1436424, "Plan Width": 12, "Actual Min Startup Time": 13.277, "Actual Max Startup Time": 88.061, "Actual Min Total Time": 172.904, "Actual Max Total Time": 187.865, "Actual Total Rows": 1435439, "Filter": "((note)::text ~~ '%(producer)%'::text), (LLVM Optimized, Jit Execute)", "Rows Removed by Filter": 34808904}, {"Node Type": "Materialize", "Parent Relationship": "Inner", "Startup Cost": 0.0, "Total Cost": 63017.02, "Plan Rows": 768, "Plan Width": 4, "Actual Min Startup Time": 1.593, "Actual Max Startup Time": 89.906, "Actual Min Total Time": 4.56, "Actual Max Total Time": 94.089, "Actual Total Rows": 4306353, "Plans": [{"Node Type": "Streaming(type: BROADCAST dop: 64/1)", "Parent Relationship": "Outer", "Startup Cost": 0.0, "Total Cost": 63016.96, "Plan Rows": 768, "Plan Width": 4, "Actual Min Startup Time": 0.006, "Actual Max Startup Time": 87.806, "Actual Min Total Time": 0.006, "Actual Max Total Time": 87.807, "Actual Total Rows": 768, "Plans": [{"Node Type": "Seq Scan", "Parent Relationship": "Outer", "Relation Name": "role_type", "Alias": "rt", "Startup Cost": 0.0, "Total Cost": 1.12, "Plan Rows": 12, "Plan Width": 4, "Actual Min Startup Time": 0.021, "Actual Max Startup Time": 0.021, "Actual Min Total Time": 0.027, "Actual Max Total Time": 0.027, "Actual Total Rows": 12}]}]}]}]}, {"Node Type": "Index Scan", "Parent Relationship": "Inner", "Scan Direction": "Forward", "Index Name": "char_name_pkey", "Relation Name": "char_name", "Alias": "chn", "Startup Cost": 0.0, "Total Cost": 0.4, "Plan Rows": 1, "Plan Width": 20, "Actual Min Startup Time": 225.656, "Actual Max Startup Time": 225.656, "Actual Min Total Time": 225.656, "Actual Max Total Time": 225.656, "Actual Total Rows": 15, "Index Cond": "(id = ci.person_role_id)", "Rows Removed by Index Recheck": 0}]}, {"Node Type": "Index Scan", "Parent Relationship": "Inner", "Scan Direction": "Forward", "Index Name": "movie_id_movie_companies", "Relation Name": "movie_companies", "Alias": "mc", "Startup Cost": 0.0, "Total Cost": 0.36, "Plan Rows": 2, "Plan Width": 12, "Actual Min Startup Time": 1.247, "Actual Max Startup Time": 1.247, "Actual Min Total Time": 1.295, "Actual Max Total Time": 1.295, "Actual Total Rows": 31, "Index Cond": "(movie_id = ci.movie_id)", "Rows Removed by Index Recheck": 0}]}, {"Node Type": "Index Scan", "Parent Relationship": "Inner", "Scan Direction": "Forward", "Index Name": "company_name_pkey", "Relation Name": "company_name", "Alias": "cn", "Startup Cost": 0.0, "Total Cost": 0.28, "Plan Rows": 1, "Plan Width": 4, "Actual Min Startup Time": 0.502, "Actual Max Startup Time": 0.502, "Actual Min Total Time": 0.502, "Actual Max Total Time": 0.502, "Actual Total Rows": 14, "Index Cond": "(id = mc.company_id)", "Rows Removed by Index Recheck": 0, "Filter": "((country_code)::text = '[us]'::text)", "Rows Removed by Filter": 17}]}, {"Node Type": "Materialize", "Parent Relationship": "Inner", "Startup Cost": 0.0, "Total Cost": 1.04, "Plan Rows": 3, "Plan Width": 4, "Actual Min Startup Time": 0.056, "Actual Max Startup Time": 0.056, "Actual Min Total Time": 0.059, "Actual Max Total Time": 0.059, "Actual Total Rows": 31, "Plans": [{"Node Type": "Seq Scan", "Parent Relationship": "Outer", "Relation Name": "company_type", "Alias": "ct", "Startup Cost": 0.0, "Total Cost": 1.03, "Plan Rows": 3, "Plan Width": 4, "Actual Min Startup Time": 0.031, "Actual Max Startup Time": 0.031, "Actual Min Total Time": 0.034, "Actual Max Total Time": 0.034, "Actual Total Rows": 3}]}]}, {"Node Type": "Index Scan", "Parent Relationship": "Inner", "Scan Direction": "Forward", "Index Name": "title_pkey", "Relation Name": "title", "Alias": "t", "Startup Cost": 0.0, "Total Cost": 0.34, "Plan Rows": 1, "Plan Width": 21, "Actual Min Startup Time": 0.086, "Actual Max Startup Time": 0.086, "Actual Min Total Time": 0.086, "Actual Max Total Time": 0.086, "Actual Total Rows": 4, "Index Cond": "(id = mc.movie_id)", "Rows Removed by Index Recheck": 0, "Filter": "(production_year > 1990)", "Rows Removed by Filter": 2}]}]}, "Triggers": [], "Planner Runtime": 6.737, "Total Runtime": 1391.75, "Unique SQL Id": 3145361615}}, "(64, 53)": {"explain_plan": {"Plan": {"Node Type": "Aggregate", "Strategy": "Plain", "Startup Cost": 2425787.29, "Total Cost": 2425787.3, "Plan Rows": 1, "Plan Width": 97, "Plans": [{"Node Type": "Nested Loop", "Parent Relationship": "Outer", "Join Type": "Inner", "Startup Cost": 0.0, "Total Cost": 2420940.22, "Plan Rows": 969413, "Plan Width": 33, "Inner Unique": true, "Plans": [{"Node Type": "Nested Loop", "Parent Relationship": "Outer", "Join Type": "Inner", "Startup Cost": 0.0, "Total Cost": 2176023.68, "Plan Rows": 699731, "Plan Width": 24, "Inner Unique": true, "Join Filter": "(ci.role_id = rt.id), (LLVM Optimized)", "Plans": [{"Node Type": "Nested Loop", "Parent Relationship": "Outer", "Join Type": "Inner", "Startup Cost": 0.0, "Total Cost": 2050059.64, "Plan Rows": 699731, "Plan Width": 28, "Inner Unique": true, "Join Filter": "(mc.company_type_id = ct.id), (LLVM Optimized)", "Plans": [{"Node Type": "Nested Loop", "Parent Relationship": "Outer", "Join Type": "Inner", "Startup Cost": 0.0, "Total Cost": 2018559.45, "Plan Rows": 699731, "Plan Width": 32, "Inner Unique": true, "Plans": [{"Node Type": "Nested Loop", "Parent Relationship": "Outer", "Join Type": "Inner", "Startup Cost": 0.0, "Total Cost": 1422640.19, "Plan Rows": 1443440, "Plan Width": 20, "Inner Unique": false, "Plans": [{"Node Type": "Nested Loop", "Parent Relationship": "Outer", "Join Type": "Inner", "Startup Cost": 0.0, "Total Cost": 171332.39, "Plan Rows": 1282311, "Plan Width": 8, "Inner Unique": false, "Plans": [{"Node Type": "Index Scan", "Parent Relationship": "Outer", "Scan Direction": "Forward", "Index Name": "company_name_pkey", "Relation Name": "company_name", "Alias": "cn", "Startup Cost": 0.0, "Total Cost": 10501.39, "Plan Rows": 85170, "Plan Width": 4, "Filter": "((country_code)::text = '[us]'::text)"}, {"Node Type": "Index Scan", "Parent Relationship": "Inner", "Scan Direction": "Forward", "Index Name": "company_id_movie_companies", "Relation Name": "movie_companies", "Alias": "mc", "Startup Cost": 0.0, "Total Cost": 1.74, "Plan Rows": 15, "Plan Width": 12, "Index Cond": "(company_id = cn.id)"}]}, {"Node Type": "Index Scan", "Parent Relationship": "Inner", "Scan Direction": "Forward", "Index Name": "movie_id_cast_info", "Relation Name": "cast_info", "Alias": "ci", "Startup Cost": 0.0, "Total Cost": 0.97, "Plan Rows": 1, "Plan Width": 12, "Index Cond": "(movie_id = mc.movie_id)", "Filter": "((note)::text ~~ '%(producer)%'::text)"}]}, {"Node Type": "Index Scan", "Parent Relationship": "Inner", "Scan Direction": "Forward", "Index Name": "char_name_pkey", "Relation Name": "char_name", "Alias": "chn", "Startup Cost": 0.0, "Total Cost": 0.4, "Plan Rows": 1, "Plan Width": 20, "Index Cond": "(id = ci.person_role_id)"}]}, {"Node Type": "Materialize", "Parent Relationship": "Inner", "Startup Cost": 0.0, "Total Cost": 12.31, "Plan Rows": 3, "Plan Width": 4, "Plans": [{"Node Type": "Index Scan", "Parent Relationship": "Outer", "Scan Direction": "Forward", "Index Name": "company_type_pkey", "Relation Name": "company_type", "Alias": "ct", "Startup Cost": 0.0, "Total Cost": 12.29, "Plan Rows": 3, "Plan Width": 4}]}]}, {"Node Type": "Materialize", "Parent Relationship": "Inner", "Startup Cost": 0.0, "Total Cost": 12.49, "Plan Rows": 12, "Plan Width": 4, "Plans": [{"Node Type": "Index Scan", "Parent Relationship": "Outer", "Scan Direction": "Forward", "Index Name": "role_type_pkey", "Relation Name": "role_type", "Alias": "rt", "Startup Cost": 0.0, "Total Cost": 12.43, "Plan Rows": 12, "Plan Width": 4}]}]}, {"Node Type": "Index Scan", "Parent Relationship": "Inner", "Scan Direction": "Forward", "Index Name": "title_pkey", "Relation Name": "title", "Alias": "t", "Startup Cost": 0.0, "Total Cost": 0.34, "Plan Rows": 1, "Plan Width": 21, "Index Cond": "(id = mc.movie_id)", "Filter": "(production_year > 1990)"}]}]}, "Unique SQL Id": 3145361615}, "explain_analyze_plan": null}, "(64, 54)": {"explain_plan": {"Plan": {"Node Type": "Aggregate", "Strategy": "Plain", "Startup Cost": 15749262.27, "Total Cost": 15749262.28, "Plan Rows": 1, "Plan Width": 97, "Plans": [{"Node Type": "Nested Loop", "Parent Relationship": "Outer", "Join Type": "Inner", "Startup Cost": 1.89, "Total Cost": 15744415.21, "Plan Rows": 969413, "Plan Width": 33, "Inner Unique": true, "Plans": [{"Node Type": "Nested Loop", "Parent Relationship": "Outer", "Join Type": "Inner", "Startup Cost": 1.62, "Total Cost": 12737716.17, "Plan Rows": 699731, "Plan Width": 24, "Inner Unique": true, "Join Filter": "(ci.role_id = rt.id), (LLVM Optimized)", "Plans": [{"Node Type": "Nested Loop", "Parent Relationship": "Outer", "Join Type": "Inner", "Startup Cost": 1.62, "Total Cost": 12611763.44, "Plan Rows": 699731, "Plan Width": 28, "Inner Unique": true, "Join Filter": "(mc.company_type_id = ct.id), (LLVM Optimized)", "Plans": [{"Node Type": "Nested Loop", "Parent Relationship": "Outer", "Join Type": "Inner", "Startup Cost": 1.62, "Total Cost": 12580274.51, "Plan Rows": 699731, "Plan Width": 32, "Inner Unique": true, "Plans": [{"Node Type": "Nested Loop", "Parent Relationship": "Outer", "Join Type": "Inner", "Startup Cost": 1.33, "Total Cost": 6355299.51, "Plan Rows": 1443440, "Plan Width": 20, "Inner Unique": false, "Plans": [{"Node Type": "Nested Loop", "Parent Relationship": "Outer", "Join Type": "Inner", "Startup Cost": 0.82, "Total Cost": 444829.84, "Plan Rows": 1282311, "Plan Width": 8, "Inner Unique": false, "Plans": [{"Node Type": "Seq Scan", "Parent Relationship": "Outer", "Relation Name": "company_name", "Alias": "cn", "Startup Cost": 0.0, "Total Cost": 5903.45, "Plan Rows": 85170, "Plan Width": 4, "Filter": "((country_code)::text = '[us]'::text)"}, {"Node Type": "Bitmap Heap Scan", "Parent Relationship": "Inner", "Relation Name": "movie_companies", "Alias": "mc", "Startup Cost": 0.82, "Total Cost": 5.0, "Plan Rows": 15, "Plan Width": 12, "Recheck Cond": "(company_id = cn.id)", "Plans": [{"Node Type": "Bitmap Index Scan", "Parent Relationship": "Outer", "Index Name": "company_id_movie_companies", "Startup Cost": 0.0, "Total Cost": 0.81, "Plan Rows": 15, "Plan Width": 0, "Index Cond": "(company_id = cn.id)"}]}]}, {"Node Type": "Bitmap Heap Scan", "Parent Relationship": "Inner", "Relation Name": "cast_info", "Alias": "ci", "Startup Cost": 0.51, "Total Cost": 4.6, "Plan Rows": 1, "Plan Width": 12, "Recheck Cond": "(movie_id = mc.movie_id)", "Filter": "((note)::text ~~ '%(producer)%'::text)", "Plans": [{"Node Type": "Bitmap Index Scan", "Parent Relationship": "Outer", "Index Name": "movie_id_cast_info", "Startup Cost": 0.0, "Total Cost": 0.51, "Plan Rows": 6, "Plan Width": 0, "Index Cond": "(movie_id = mc.movie_id)"}]}]}, {"Node Type": "Bitmap Heap Scan", "Parent Relationship": "Inner", "Relation Name": "char_name", "Alias": "chn", "Startup Cost": 0.29, "Total Cost": 4.3, "Plan Rows": 1, "Plan Width": 20, "Recheck Cond": "(id = ci.person_role_id)", "Plans": [{"Node Type": "Bitmap Index Scan", "Parent Relationship": "Outer", "Index Name": "char_name_pkey", "Startup Cost": 0.0, "Total Cost": 0.29, "Plan Rows": 1, "Plan Width": 0, "Index Cond": "(id = ci.person_role_id)"}]}]}, {"Node Type": "Materialize", "Parent Relationship": "Inner", "Startup Cost": 0.0, "Total Cost": 1.04, "Plan Rows": 3, "Plan Width": 4, "Plans": [{"Node Type": "Seq Scan", "Parent Relationship": "Outer", "Relation Name": "company_type", "Alias": "ct", "Startup Cost": 0.0, "Total Cost": 1.03, "Plan Rows": 3, "Plan Width": 4}]}]}, {"Node Type": "Materialize", "Parent Relationship": "Inner", "Startup Cost": 0.0, "Total Cost": 1.18, "Plan Rows": 12, "Plan Width": 4, "Plans": [{"Node Type": "Seq Scan", "Parent Relationship": "Outer", "Relation Name": "role_type", "Alias": "rt", "Startup Cost": 0.0, "Total Cost": 1.12, "Plan Rows": 12, "Plan Width": 4}]}]}, {"Node Type": "Bitmap Heap Scan", "Parent Relationship": "Inner", "Relation Name": "title", "Alias": "t", "Startup Cost": 0.27, "Total Cost": 4.29, "Plan Rows": 1, "Plan Width": 21, "Recheck Cond": "(id = mc.movie_id)", "Filter": "(production_year > 1990)", "Plans": [{"Node Type": "Bitmap Index Scan", "Parent Relationship": "Outer", "Index Name": "title_pkey", "Startup Cost": 0.0, "Total Cost": 0.27, "Plan Rows": 1, "Plan Width": 0, "Index Cond": "(id = mc.movie_id)"}]}]}]}, "Unique SQL Id": 3145361615}, "explain_analyze_plan": null}, "(64, 55)": {"explain_plan": {"Plan": {"Node Type": "Aggregate", "Strategy": "Plain", "Startup Cost": 15752085.37, "Total Cost": 15752085.38, "Plan Rows": 1, "Plan Width": 97, "Plans": [{"Node Type": "Nested Loop", "Parent Relationship": "Outer", "Join Type": "Inner", "Startup Cost": 2818.99, "Total Cost": 15747238.31, "Plan Rows": 969413, "Plan Width": 33, "Inner Unique": true, "Plans": [{"Node Type": "Nested Loop", "Parent Relationship": "Outer", "Join Type": "Inner", "Startup Cost": 2818.72, "Total Cost": 12740539.28, "Plan Rows": 699731, "Plan Width": 24, "Inner Unique": true, "Join Filter": "(ci.role_id = rt.id), (LLVM Optimized)", "Plans": [{"Node Type": "Nested Loop", "Parent Relationship": "Outer", "Join Type": "Inner", "Startup Cost": 2810.4, "Total Cost": 12614575.23, "Plan Rows": 699731, "Plan Width": 28, "Inner Unique": true, "Join Filter": "(mc.company_type_id = ct.id), (LLVM Optimized)", "Plans": [{"Node Type": "Nested Loop", "Parent Relationship": "Outer", "Join Type": "Inner", "Startup Cost": 2802.14, "Total Cost": 12583075.03, "Plan Rows": 699731, "Plan Width": 32, "Inner Unique": true, "Plans": [{"Node Type": "Nested Loop", "Parent Relationship": "Outer", "Join Type": "Inner", "Startup Cost": 2801.85, "Total Cost": 6358100.03, "Plan Rows": 1443440, "Plan Width": 20, "Inner Unique": false, "Plans": [{"Node Type": "Nested Loop", "Parent Relationship": "Outer", "Join Type": "Inner", "Startup Cost": 2801.34, "Total Cost": 447630.36, "Plan Rows": 1282311, "Plan Width": 8, "Inner Unique": false, "Plans": [{"Node Type": "Bitmap Heap Scan", "Parent Relationship": "Outer", "Relation Name": "company_name", "Alias": "cn", "Startup Cost": 2800.52, "Total Cost": 8703.97, "Plan Rows": 85170, "Plan Width": 4, "Filter": "((country_code)::text = '[us]'::text)", "Plans": [{"Node Type": "Bitmap Index Scan", "Parent Relationship": "Outer", "Index Name": "company_name_pkey", "Startup Cost": 0.0, "Total Cost": 2779.23, "Plan Rows": 234996, "Plan Width": 0}]}, {"Node Type": "Bitmap Heap Scan", "Parent Relationship": "Inner", "Relation Name": "movie_companies", "Alias": "mc", "Startup Cost": 0.82, "Total Cost": 5.0, "Plan Rows": 15, "Plan Width": 12, "Recheck Cond": "(company_id = cn.id)", "Plans": [{"Node Type": "Bitmap Index Scan", "Parent Relationship": "Outer", "Index Name": "company_id_movie_companies", "Startup Cost": 0.0, "Total Cost": 0.81, "Plan Rows": 15, "Plan Width": 0, "Index Cond": "(company_id = cn.id)"}]}]}, {"Node Type": "Bitmap Heap Scan", "Parent Relationship": "Inner", "Relation Name": "cast_info", "Alias": "ci", "Startup Cost": 0.51, "Total Cost": 4.6, "Plan Rows": 1, "Plan Width": 12, "Recheck Cond": "(movie_id = mc.movie_id)", "Filter": "((note)::text ~~ '%(producer)%'::text)", "Plans": [{"Node Type": "Bitmap Index Scan", "Parent Relationship": "Outer", "Index Name": "movie_id_cast_info", "Startup Cost": 0.0, "Total Cost": 0.51, "Plan Rows": 6, "Plan Width": 0, "Index Cond": "(movie_id = mc.movie_id)"}]}]}, {"Node Type": "Bitmap Heap Scan", "Parent Relationship": "Inner", "Relation Name": "char_name", "Alias": "chn", "Startup Cost": 0.29, "Total Cost": 4.3, "Plan Rows": 1, "Plan Width": 20, "Recheck Cond": "(id = ci.person_role_id)", "Plans": [{"Node Type": "Bitmap Index Scan", "Parent Relationship": "Outer", "Index Name": "char_name_pkey", "Startup Cost": 0.0, "Total Cost": 0.29, "Plan Rows": 1, "Plan Width": 0, "Index Cond": "(id = ci.person_role_id)"}]}]}, {"Node Type": "Materialize", "Parent Relationship": "Inner", "Startup Cost": 8.27, "Total Cost": 12.31, "Plan Rows": 3, "Plan Width": 4, "Plans": [{"Node Type": "Bitmap Heap Scan", "Parent Relationship": "Outer", "Relation Name": "company_type", "Alias": "ct", "Startup Cost": 8.27, "Total Cost": 12.3, "Plan Rows": 3, "Plan Width": 4, "Plans": [{"Node Type": "Bitmap Index Scan", "Parent Relationship": "Outer", "Index Name": "company_type_pkey", "Startup Cost": 0.0, "Total Cost": 8.27, "Plan Rows": 3, "Plan Width": 0}]}]}]}, {"Node Type": "Materialize", "Parent Relationship": "Inner", "Startup Cost": 8.31, "Total Cost": 12.49, "Plan Rows": 12, "Plan Width": 4, "Plans": [{"Node Type": "Bitmap Heap Scan", "Parent Relationship": "Outer", "Relation Name": "role_type", "Alias": "rt", "Startup Cost": 8.31, "Total Cost": 12.43, "Plan Rows": 12, "Plan Width": 4, "Plans": [{"Node Type": "Bitmap Index Scan", "Parent Relationship": "Outer", "Index Name": "role_type_pkey", "Startup Cost": 0.0, "Total Cost": 8.31, "Plan Rows": 12, "Plan Width": 0}]}]}]}, {"Node Type": "Bitmap Heap Scan", "Parent Relationship": "Inner", "Relation Name": "title", "Alias": "t", "Startup Cost": 0.27, "Total Cost": 4.29, "Plan Rows": 1, "Plan Width": 21, "Recheck Cond": "(id = mc.movie_id)", "Filter": "(production_year > 1990)", "Plans": [{"Node Type": "Bitmap Index Scan", "Parent Relationship": "Outer", "Index Name": "title_pkey", "Startup Cost": 0.0, "Total Cost": 0.27, "Plan Rows": 1, "Plan Width": 0, "Index Cond": "(id = mc.movie_id)"}]}]}]}, "Unique SQL Id": 3145361615}, "explain_analyze_plan": null}, "(64, 56)": {"explain_plan": {"Plan": {"Node Type": "Aggregate", "Strategy": "Plain", "Startup Cost": 1719262.92, "Total Cost": 1719262.93, "Plan Rows": 1, "Plan Width": 97, "Plans": [{"Node Type": "Nested Loop", "Parent Relationship": "Outer", "Join Type": "Inner", "Startup Cost": 0.0, "Total Cost": 1714415.85, "Plan Rows": 969413, "Plan Width": 33, "Inner Unique": true, "Plans": [{"Node Type": "Nested Loop", "Parent Relationship": "Outer", "Join Type": "Inner", "Startup Cost": 0.0, "Total Cost": 1469499.31, "Plan Rows": 699731, "Plan Width": 24, "Inner Unique": true, "Join Filter": "(mc.company_type_id = ct.id), (LLVM Optimized)", "Plans": [{"Node Type": "Nested Loop", "Parent Relationship": "Outer", "Join Type": "Inner", "Startup Cost": 0.0, "Total Cost": 1438010.38, "Plan Rows": 699731, "Plan Width": 28, "Inner Unique": true, "Plans": [{"Node Type": "Nested Loop", "Parent Relationship": "Outer", "Join Type": "Inner", "Startup Cost": 0.0, "Total Cost": 1028452.36, "Plan Rows": 1423748, "Plan Width": 32, "Inner Unique": false, "Plans": [{"Node Type": "Nested Loop", "Parent Relationship": "Outer", "Join Type": "Inner", "Startup Cost": 0.0, "Total Cost": 763533.64, "Plan Rows": 696330, "Plan Width": 20, "Inner Unique": true, "Plans": [{"Node Type": "Streaming(type: LOCAL GATHER dop: 1/64)", "Parent Relationship": "Outer", "Startup Cost": 0.0, "Total Cost": 170510.92, "Plan Rows": 1436424, "Plan Width": 8, "Plans": [{"Node Type": "Nested Loop", "Parent Relationship": "Outer", "Join Type": "Inner", "Startup Cost": 0.0, "Total Cost": 140877.67, "Plan Rows": 1436424, "Plan Width": 8, "Inner Unique": true, "Join Filter": "(ci.role_id = rt.id), (LLVM Optimized)", "Plans": [{"Node Type": "Seq Scan", "Parent Relationship": "Outer", "Relation Name": "cast_info", "Alias": "ci", "Startup Cost": 0.0, "Total Cost": 73820.73, "Plan Rows": 1436424, "Plan Width": 12, "Filter": "((note)::text ~~ '%(producer)%'::text), (LLVM Optimized)"}, {"Node Type": "Materialize", "Parent Relationship": "Inner", "Startup Cost": 0.0, "Total Cost": 63017.02, "Plan Rows": 768, "Plan Width": 4, "Plans": [{"Node Type": "Streaming(type: BROADCAST dop: 64/1)", "Parent Relationship": "Outer", "Startup Cost": 0.0, "Total Cost": 63016.96, "Plan Rows": 768, "Plan Width": 4, "Plans": [{"Node Type": "Seq Scan", "Parent Relationship": "Outer", "Relation Name": "role_type", "Alias": "rt", "Startup Cost": 0.0, "Total Cost": 1.12, "Plan Rows": 12, "Plan Width": 4}]}]}]}]}, {"Node Type": "Index Scan", "Parent Relationship": "Inner", "Scan Direction": "Forward", "Index Name": "char_name_pkey", "Relation Name": "char_name", "Alias": "chn", "Startup Cost": 0.0, "Total Cost": 0.4, "Plan Rows": 1, "Plan Width": 20, "Index Cond": "(id = ci.person_role_id)"}]}, {"Node Type": "Index Scan", "Parent Relationship": "Inner", "Scan Direction": "Forward", "Index Name": "movie_id_movie_companies", "Relation Name": "movie_companies", "Alias": "mc", "Startup Cost": 0.0, "Total Cost": 0.36, "Plan Rows": 2, "Plan Width": 12, "Index Cond": "(movie_id = ci.movie_id)"}]}, {"Node Type": "Index Scan", "Parent Relationship": "Inner", "Scan Direction": "Forward", "Index Name": "company_name_pkey", "Relation Name": "company_name", "Alias": "cn", "Startup Cost": 0.0, "Total Cost": 0.28, "Plan Rows": 1, "Plan Width": 4, "Index Cond": "(id = mc.company_id)", "Filter": "((country_code)::text = '[us]'::text)"}]}, {"Node Type": "Materialize", "Parent Relationship": "Inner", "Startup Cost": 0.0, "Total Cost": 1.04, "Plan Rows": 3, "Plan Width": 4, "Plans": [{"Node Type": "Seq Scan", "Parent Relationship": "Outer", "Relation Name": "company_type", "Alias": "ct", "Startup Cost": 0.0, "Total Cost": 1.03, "Plan Rows": 3, "Plan Width": 4}]}]}, {"Node Type": "Index Scan", "Parent Relationship": "Inner", "Scan Direction": "Forward", "Index Name": "title_pkey", "Relation Name": "title", "Alias": "t", "Startup Cost": 0.0, "Total Cost": 0.34, "Plan Rows": 1, "Plan Width": 21, "Index Cond": "(id = mc.movie_id)", "Filter": "(production_year > 1990)"}]}]}, "Unique SQL Id": 3145361615}, "explain_analyze_plan": {"Plan": {"Node Type": "Aggregate", "Strategy": "Plain", "Startup Cost": 1719262.92, "Total Cost": 1719262.93, "Plan Rows": 1, "Plan Width": 97, "Actual Min Startup Time": 1367.88, "Actual Max Startup Time": 1367.88, "Actual Min Total Time": 1367.88, "Actual Max Total Time": 1367.88, "Actual Total Rows": 1, "Plans": [{"Node Type": "Nested Loop", "Parent Relationship": "Outer", "Join Type": "Inner", "Startup Cost": 0.0, "Total Cost": 1714415.85, "Plan Rows": 969413, "Plan Width": 33, "Actual Min Startup Time": 391.841, "Actual Max Startup Time": 391.841, "Actual Min Total Time": 1367.834, "Actual Max Total Time": 1367.834, "Actual Total Rows": 4, "Inner Unique": true, "Plans": [{"Node Type": "Nested Loop", "Parent Relationship": "Outer", "Join Type": "Inner", "Startup Cost": 0.0, "Total Cost": 1469499.31, "Plan Rows": 699731, "Plan Width": 24, "Actual Min Startup Time": 391.802, "Actual Max Startup Time": 391.802, "Actual Min Total Time": 1367.735, "Actual Max Total Time": 1367.735, "Actual Total Rows": 6, "Inner Unique": true, "Join Filter": "(mc.company_type_id = ct.id), (LLVM Optimized, Jit Execute)", "Rows Removed by Join Filter": 24, "Plans": [{"Node Type": "Nested Loop", "Parent Relationship": "Outer", "Join Type": "Inner", "Startup Cost": 0.0, "Total Cost": 1438010.38, "Plan Rows": 699731, "Plan Width": 28, "Actual Min Startup Time": 391.719, "Actual Max Startup Time": 391.719, "Actual Min Total Time": 1367.648, "Actual Max Total Time": 1367.648, "Actual Total Rows": 14, "Inner Unique": true, "Plans": [{"Node Type": "Nested Loop", "Parent Relationship": "Outer", "Join Type": "Inner", "Startup Cost": 0.0, "Total Cost": 1028452.36, "Plan Rows": 1423748, "Plan Width": 32, "Actual Min Startup Time": 277.316, "Actual Max Startup Time": 277.316, "Actual Min Total Time": 1367.097, "Actual Max Total Time": 1367.097, "Actual Total Rows": 31, "Inner Unique": false, "Plans": [{"Node Type": "Nested Loop", "Parent Relationship": "Outer", "Join Type": "Inner", "Startup Cost": 0.0, "Total Cost": 763533.64, "Plan Rows": 696330, "Plan Width": 20, "Actual Min Startup Time": 277.037, "Actual Max Startup Time": 277.037, "Actual Min Total Time": 1365.759, "Actual Max Total Time": 1365.759, "Actual Total Rows": 15, "Inner Unique": true, "Plans": [{"Node Type": "Streaming(type: LOCAL GATHER dop: 1/64)", "Parent Relationship": "Outer", "Startup Cost": 0.0, "Total Cost": 170510.92, "Plan Rows": 1436424, "Plan Width": 8, "Actual Min Startup Time": 276.899, "Actual Max Startup Time": 276.899, "Actual Min Total Time": 628.582, "Actual Max Total Time": 628.582, "Actual Total Rows": 1435439, "Plans": [{"Node Type": "Nested Loop", "Parent Relationship": "Outer", "Join Type": "Inner", "Startup Cost": 0.0, "Total Cost": 140877.67, "Plan Rows": 1436424, "Plan Width": 8, "Actual Min Startup Time": 13.356, "Actual Max Startup Time": 174.296, "Actual Min Total Time": 199.87, "Actual Max Total Time": 288.582, "Actual Total Rows": 1435439, "Inner Unique": true, "Join Filter": "(ci.role_id = rt.id), (LLVM Optimized, Jit Execute)", "Rows Removed by Join Filter": 2870850, "Plans": [{"Node Type": "Seq Scan", "Parent Relationship": "Outer", "Relation Name": "cast_info", "Alias": "ci", "Startup Cost": 0.0, "Total Cost": 73820.73, "Plan Rows": 1436424, "Plan Width": 12, "Actual Min Startup Time": 13.277, "Actual Max Startup Time": 88.061, "Actual Min Total Time": 172.904, "Actual Max Total Time": 187.865, "Actual Total Rows": 1435439, "Filter": "((note)::text ~~ '%(producer)%'::text), (LLVM Optimized, Jit Execute)", "Rows Removed by Filter": 34808904}, {"Node Type": "Materialize", "Parent Relationship": "Inner", "Startup Cost": 0.0, "Total Cost": 63017.02, "Plan Rows": 768, "Plan Width": 4, "Actual Min Startup Time": 1.593, "Actual Max Startup Time": 89.906, "Actual Min Total Time": 4.56, "Actual Max Total Time": 94.089, "Actual Total Rows": 4306353, "Plans": [{"Node Type": "Streaming(type: BROADCAST dop: 64/1)", "Parent Relationship": "Outer", "Startup Cost": 0.0, "Total Cost": 63016.96, "Plan Rows": 768, "Plan Width": 4, "Actual Min Startup Time": 0.006, "Actual Max Startup Time": 87.806, "Actual Min Total Time": 0.006, "Actual Max Total Time": 87.807, "Actual Total Rows": 768, "Plans": [{"Node Type": "Seq Scan", "Parent Relationship": "Outer", "Relation Name": "role_type", "Alias": "rt", "Startup Cost": 0.0, "Total Cost": 1.12, "Plan Rows": 12, "Plan Width": 4, "Actual Min Startup Time": 0.021, "Actual Max Startup Time": 0.021, "Actual Min Total Time": 0.027, "Actual Max Total Time": 0.027, "Actual Total Rows": 12}]}]}]}]}, {"Node Type": "Index Scan", "Parent Relationship": "Inner", "Scan Direction": "Forward", "Index Name": "char_name_pkey", "Relation Name": "char_name", "Alias": "chn", "Startup Cost": 0.0, "Total Cost": 0.4, "Plan Rows": 1, "Plan Width": 20, "Actual Min Startup Time": 225.656, "Actual Max Startup Time": 225.656, "Actual Min Total Time": 225.656, "Actual Max Total Time": 225.656, "Actual Total Rows": 15, "Index Cond": "(id = ci.person_role_id)", "Rows Removed by Index Recheck": 0}]}, {"Node Type": "Index Scan", "Parent Relationship": "Inner", "Scan Direction": "Forward", "Index Name": "movie_id_movie_companies", "Relation Name": "movie_companies", "Alias": "mc", "Startup Cost": 0.0, "Total Cost": 0.36, "Plan Rows": 2, "Plan Width": 12, "Actual Min Startup Time": 1.247, "Actual Max Startup Time": 1.247, "Actual Min Total Time": 1.295, "Actual Max Total Time": 1.295, "Actual Total Rows": 31, "Index Cond": "(movie_id = ci.movie_id)", "Rows Removed by Index Recheck": 0}]}, {"Node Type": "Index Scan", "Parent Relationship": "Inner", "Scan Direction": "Forward", "Index Name": "company_name_pkey", "Relation Name": "company_name", "Alias": "cn", "Startup Cost": 0.0, "Total Cost": 0.28, "Plan Rows": 1, "Plan Width": 4, "Actual Min Startup Time": 0.502, "Actual Max Startup Time": 0.502, "Actual Min Total Time": 0.502, "Actual Max Total Time": 0.502, "Actual Total Rows": 14, "Index Cond": "(id = mc.company_id)", "Rows Removed by Index Recheck": 0, "Filter": "((country_code)::text = '[us]'::text)", "Rows Removed by Filter": 17}]}, {"Node Type": "Materialize", "Parent Relationship": "Inner", "Startup Cost": 0.0, "Total Cost": 1.04, "Plan Rows": 3, "Plan Width": 4, "Actual Min Startup Time": 0.056, "Actual Max Startup Time": 0.056, "Actual Min Total Time": 0.059, "Actual Max Total Time": 0.059, "Actual Total Rows": 31, "Plans": [{"Node Type": "Seq Scan", "Parent Relationship": "Outer", "Relation Name": "company_type", "Alias": "ct", "Startup Cost": 0.0, "Total Cost": 1.03, "Plan Rows": 3, "Plan Width": 4, "Actual Min Startup Time": 0.031, "Actual Max Startup Time": 0.031, "Actual Min Total Time": 0.034, "Actual Max Total Time": 0.034, "Actual Total Rows": 3}]}]}, {"Node Type": "Index Scan", "Parent Relationship": "Inner", "Scan Direction": "Forward", "Index Name": "title_pkey", "Relation Name": "title", "Alias": "t", "Startup Cost": 0.0, "Total Cost": 0.34, "Plan Rows": 1, "Plan Width": 21, "Actual Min Startup Time": 0.086, "Actual Max Startup Time": 0.086, "Actual Min Total Time": 0.086, "Actual Max Total Time": 0.086, "Actual Total Rows": 4, "Index Cond": "(id = mc.movie_id)", "Rows Removed by Index Recheck": 0, "Filter": "(production_year > 1990)", "Rows Removed by Filter": 2}]}]}, "Triggers": [], "Planner Runtime": 6.737, "Total Runtime": 1391.75, "Unique SQL Id": 3145361615}}, "(64, 57)": {"explain_plan": {"Plan": {"Node Type": "Aggregate", "Strategy": "Plain", "Startup Cost": 2425779.29, "Total Cost": 2425779.3, "Plan Rows": 1, "Plan Width": 97, "Plans": [{"Node Type": "Nested Loop", "Parent Relationship": "Outer", "Join Type": "Inner", "Startup Cost": 0.0, "Total Cost": 2420932.22, "Plan Rows": 969413, "Plan Width": 33, "Inner Unique": true, "Plans": [{"Node Type": "Nested Loop", "Parent Relationship": "Outer", "Join Type": "Inner", "Startup Cost": 0.0, "Total Cost": 2176015.68, "Plan Rows": 699731, "Plan Width": 24, "Inner Unique": true, "Join Filter": "(ci.role_id = rt.id), (LLVM Optimized)", "Plans": [{"Node Type": "Nested Loop", "Parent Relationship": "Outer", "Join Type": "Inner", "Startup Cost": 0.0, "Total Cost": 2050055.64, "Plan Rows": 699731, "Plan Width": 28, "Inner Unique": true, "Join Filter": "(mc.company_type_id = ct.id), (LLVM Optimized)", "Plans": [{"Node Type": "Nested Loop", "Parent Relationship": "Outer", "Join Type": "Inner", "Startup Cost": 0.0, "Total Cost": 2018559.45, "Plan Rows": 699731, "Plan Width": 32, "Inner Unique": true, "Plans": [{"Node Type": "Nested Loop", "Parent Relationship": "Outer", "Join Type": "Inner", "Startup Cost": 0.0, "Total Cost": 1422640.19, "Plan Rows": 1443440, "Plan Width": 20, "Inner Unique": false, "Plans": [{"Node Type": "Nested Loop", "Parent Relationship": "Outer", "Join Type": "Inner", "Startup Cost": 0.0, "Total Cost": 171332.39, "Plan Rows": 1282311, "Plan Width": 8, "Inner Unique": false, "Plans": [{"Node Type": "Index Scan", "Parent Relationship": "Outer", "Scan Direction": "Forward", "Index Name": "company_name_pkey", "Relation Name": "company_name", "Alias": "cn", "Startup Cost": 0.0, "Total Cost": 10501.39, "Plan Rows": 85170, "Plan Width": 4, "Filter": "((country_code)::text = '[us]'::text)"}, {"Node Type": "Index Scan", "Parent Relationship": "Inner", "Scan Direction": "Forward", "Index Name": "company_id_movie_companies", "Relation Name": "movie_companies", "Alias": "mc", "Startup Cost": 0.0, "Total Cost": 1.74, "Plan Rows": 15, "Plan Width": 12, "Index Cond": "(company_id = cn.id)"}]}, {"Node Type": "Index Scan", "Parent Relationship": "Inner", "Scan Direction": "Forward", "Index Name": "movie_id_cast_info", "Relation Name": "cast_info", "Alias": "ci", "Startup Cost": 0.0, "Total Cost": 0.97, "Plan Rows": 1, "Plan Width": 12, "Index Cond": "(movie_id = mc.movie_id)", "Filter": "((note)::text ~~ '%(producer)%'::text)"}]}, {"Node Type": "Index Scan", "Parent Relationship": "Inner", "Scan Direction": "Forward", "Index Name": "char_name_pkey", "Relation Name": "char_name", "Alias": "chn", "Startup Cost": 0.0, "Total Cost": 0.4, "Plan Rows": 1, "Plan Width": 20, "Index Cond": "(id = ci.person_role_id)"}]}, {"Node Type": "Materialize", "Parent Relationship": "Inner", "Startup Cost": 0.0, "Total Cost": 8.31, "Plan Rows": 3, "Plan Width": 4, "Plans": [{"Node Type": "Index Only Scan", "Parent Relationship": "Outer", "Scan Direction": "Forward", "Index Name": "company_type_pkey", "Relation Name": "company_type", "Alias": "ct", "Startup Cost": 0.0, "Total Cost": 8.29, "Plan Rows": 3, "Plan Width": 4}]}]}, {"Node Type": "Materialize", "Parent Relationship": "Inner", "Startup Cost": 0.0, "Total Cost": 8.49, "Plan Rows": 12, "Plan Width": 4, "Plans": [{"Node Type": "Index Only Scan", "Parent Relationship": "Outer", "Scan Direction": "Forward", "Index Name": "role_type_pkey", "Relation Name": "role_type", "Alias": "rt", "Startup Cost": 0.0, "Total Cost": 8.43, "Plan Rows": 12, "Plan Width": 4}]}]}, {"Node Type": "Index Scan", "Parent Relationship": "Inner", "Scan Direction": "Forward", "Index Name": "title_pkey", "Relation Name": "title", "Alias": "t", "Startup Cost": 0.0, "Total Cost": 0.34, "Plan Rows": 1, "Plan Width": 21, "Index Cond": "(id = mc.movie_id)", "Filter": "(production_year > 1990)"}]}]}, "Unique SQL Id": 3145361615}, "explain_analyze_plan": null}, "(64, 58)": {"explain_plan": {"Plan": {"Node Type": "Aggregate", "Strategy": "Plain", "Startup Cost": 29103329.92, "Total Cost": 29103329.94, "Plan Rows": 1, "Plan Width": 97, "Plans": [{"Node Type": "Streaming(type: LOCAL GATHER dop: 1/64)", "Parent Relationship": "Outer", "Startup Cost": 29103329.92, "Total Cost": 29103329.94, "Plan Rows": 1, "Plan Width": 97, "Plans": [{"Node Type": "Aggregate", "Strategy": "Plain", "Parent Relationship": "Outer", "Startup Cost": 29103329.92, "Total Cost": 29103329.93, "Plan Rows": 1, "Plan Width": 97, "Plans": [{"Node Type": "Nested Loop", "Parent Relationship": "Outer", "Join Type": "Inner", "Startup Cost": 0.0, "Total Cost": 29098482.85, "Plan Rows": 969413, "Plan Width": 33, "Inner Unique": true, "Join Filter": "(mc.movie_id = t.id), (LLVM Optimized)", "Plans": [{"Node Type": "Streaming(type: LOCAL REDISTRIBUTE dop: 64/64)", "Parent Relationship": "Outer", "Startup Cost": 0.0, "Total Cost": 24488333.02, "Plan Rows": 699731, "Plan Width": 24, "Plans": [{"Node Type": "Nested Loop", "Parent Relationship": "Outer", "Join Type": "Inner", "Startup Cost": 0.0, "Total Cost": 24424670.19, "Plan Rows": 699731, "Plan Width": 24, "Inner Unique": true, "Join Filter": "(ci.role_id = rt.id), (LLVM Optimized)", "Plans": [{"Node Type": "Nested Loop", "Parent Relationship": "Outer", "Join Type": "Inner", "Startup Cost": 0.0, "Total Cost": 24359685.21, "Plan Rows": 699731, "Plan Width": 28, "Inner Unique": true, "Join Filter": "(mc.company_type_id = ct.id), (LLVM Optimized)", "Plans": [{"Node Type": "Nested Loop", "Parent Relationship": "Outer", "Join Type": "Inner", "Startup Cost": 0.0, "Total Cost": 24296188.21, "Plan Rows": 699731, "Plan Width": 32, "Inner Unique": true, "Join Filter": "(mc.company_id = cn.id), (LLVM Optimized)", "Plans": [{"Node Type": "Streaming(type: LOCAL REDISTRIBUTE dop: 64/64)", "Parent Relationship": "Outer", "Startup Cost": 0.0, "Total Cost": 23779751.34, "Plan Rows": 1423748, "Plan Width": 36, "Plans": [{"Node Type": "Nested Loop", "Parent Relationship": "Outer", "Join Type": "Inner", "Startup Cost": 0.0, "Total Cost": 23715402.67, "Plan Rows": 1423748, "Plan Width": 36, "Inner Unique": false, "Join Filter": "(ci.movie_id = mc.movie_id), (LLVM Optimized)", "Plans": [{"Node Type": "Streaming(type: LOCAL REDISTRIBUTE dop: 64/1)", "Parent Relationship": "Outer", "Startup Cost": 0.0, "Total Cost": 210825.84, "Plan Rows": 2609128, "Plan Width": 12, "Plans": [{"Node Type": "Seq Scan", "Parent Relationship": "Outer", "Relation Name": "movie_companies", "Alias": "mc", "Startup Cost": 0.0, "Total Cost": 41817.28, "Plan Rows": 2609128, "Plan Width": 12}]}, {"Node Type": "Materialize", "Parent Relationship": "Inner", "Startup Cost": 0.0, "Total Cost": 16851232.08, "Plan Rows": 696330, "Plan Width": 24, "Plans": [{"Node Type": "Streaming(type: LOCAL REDISTRIBUTE dop: 64/64)", "Parent Relationship": "Outer", "Startup Cost": 0.0, "Total Cost": 16851177.68, "Plan Rows": 696330, "Plan Width": 24, "Plans": [{"Node Type": "Nested Loop", "Parent Relationship": "Outer", "Join Type": "Inner", "Startup Cost": 0.0, "Total Cost": 16787518.07, "Plan Rows": 696330, "Plan Width": 24, "Inner Unique": false, "Join Filter": "(chn.id = ci.person_role_id), (LLVM Optimized)", "Plans": [{"Node Type": "Streaming(type: LOCAL REDISTRIBUTE dop: 64/64)", "Parent Relationship": "Outer", "Startup Cost": 0.0, "Total Cost": 130029.32, "Plan Rows": 3140338, "Plan Width": 20, "Plans": [{"Node Type": "Seq Scan", "Parent Relationship": "Outer", "Relation Name": "char_name", "Alias": "chn", "Startup Cost": 0.0, "Total Cost": 64054.58, "Plan Rows": 3140338, "Plan Width": 20}]}, {"Node Type": "Materialize", "Parent Relationship": "Inner", "Startup Cost": 0.0, "Total Cost": 138293.62, "Plan Rows": 1436424, "Plan Width": 12, "Plans": [{"Node Type": "Streaming(type: LOCAL REDISTRIBUTE dop: 64/64)", "Parent Relationship": "Outer", "Startup Cost": 0.0, "Total Cost": 138181.4, "Plan Rows": 1436424, "Plan Width": 12, "Plans": [{"Node Type": "Seq Scan", "Parent Relationship": "Outer", "Relation Name": "cast_info", "Alias": "ci", "Startup Cost": 0.0, "Total Cost": 73820.73, "Plan Rows": 1436424, "Plan Width": 12, "Filter": "((note)::text ~~ '%(producer)%'::text), (LLVM Optimized)"}]}]}]}]}]}]}]}, {"Node Type": "Materialize", "Parent Relationship": "Inner", "Startup Cost": 0.0, "Total Cost": 72370.55, "Plan Rows": 85170, "Plan Width": 4, "Plans": [{"Node Type": "Streaming(type: LOCAL REDISTRIBUTE dop: 64/1)", "Parent Relationship": "Outer", "Startup Cost": 0.0, "Total Cost": 72363.9, "Plan Rows": 85170, "Plan Width": 4, "Plans": [{"Node Type": "Seq Scan", "Parent Relationship": "Outer", "Relation Name": "company_name", "Alias": "cn", "Startup Cost": 0.0, "Total Cost": 5903.45, "Plan Rows": 85170, "Plan Width": 4, "Filter": "((country_code)::text = '[us]'::text)"}]}]}]}, {"Node Type": "Materialize", "Parent Relationship": "Inner", "Startup Cost": 0.0, "Total Cost": 63005.01, "Plan Rows": 192, "Plan Width": 4, "Plans": [{"Node Type": "Streaming(type: BROADCAST dop: 64/1)", "Parent Relationship": "Outer", "Startup Cost": 0.0, "Total Cost": 63004.99, "Plan Rows": 192, "Plan Width": 4, "Plans": [{"Node Type": "Seq Scan", "Parent Relationship": "Outer", "Relation Name": "company_type", "Alias": "ct", "Startup Cost": 0.0, "Total Cost": 1.03, "Plan Rows": 3, "Plan Width": 4}]}]}]}, {"Node Type": "Materialize", "Parent Relationship": "Inner", "Startup Cost": 0.0, "Total Cost": 63017.02, "Plan Rows": 768, "Plan Width": 4, "Plans": [{"Node Type": "Streaming(type: BROADCAST dop: 64/1)", "Parent Relationship": "Outer", "Startup Cost": 0.0, "Total Cost": 63016.96, "Plan Rows": 768, "Plan Width": 4, "Plans": [{"Node Type": "Seq Scan", "Parent Relationship": "Outer", "Relation Name": "role_type", "Alias": "rt", "Startup Cost": 0.0, "Total Cost": 1.12, "Plan Rows": 12, "Plan Width": 4}]}]}]}]}, {"Node Type": "Materialize", "Parent Relationship": "Inner", "Startup Cost": 0.0, "Total Cost": 128830.59, "Plan Rows": 1748840, "Plan Width": 21, "Plans": [{"Node Type": "Streaming(type: LOCAL REDISTRIBUTE dop: 64/64)", "Parent Relationship": "Outer", "Startup Cost": 0.0, "Total Cost": 128693.96, "Plan Rows": 1748840, "Plan Width": 21, "Plans": [{"Node Type": "Seq Scan", "Parent Relationship": "Outer", "Relation Name": "title", "Alias": "t", "Startup Cost": 0.0, "Total Cost": 64037.34, "Plan Rows": 1748840, "Plan Width": 21, "Filter": "(production_year > 1990), (LLVM Optimized)"}]}]}]}]}]}]}, "Unique SQL Id": 3145361615}, "explain_analyze_plan": null}, "(64, 59)": {"explain_plan": {"Plan": {"Node Type": "Aggregate", "Strategy": "Plain", "Startup Cost": 7102923990895.23, "Total Cost": 7102923990895.24, "Plan Rows": 1, "Plan Width": 97, "Plans": [{"Node Type": "Nested Loop", "Parent Relationship": "Outer", "Join Type": "Inner", "Startup Cost": 70000000000.0, "Total Cost": 7102923986048.17, "Plan Rows": 969413, "Plan Width": 33, "Inner Unique": true, "Join Filter": "(mc.company_type_id = ct.id), (LLVM Optimized)", "Plans": [{"Node Type": "Nested Loop", "Parent Relationship": "Outer", "Join Type": "Inner", "Startup Cost": 60000000000.0, "Total Cost": 6102923941595.08, "Plan Rows": 969413, "Plan Width": 37, "Inner Unique": true, "Join Filter": "(mc.movie_id = t.id), (LLVM Optimized)", "Plans": [{"Node Type": "Nested Loop", "Parent Relationship": "Outer", "Join Type": "Inner", "Startup Cost": 50000000000.0, "Total Cost": 5084556529665.71, "Plan Rows": 699731, "Plan Width": 28, "Inner Unique": true, "Join Filter": "(ci.role_id = rt.id), (LLVM Optimized)", "Plans": [{"Node Type": "Nested Loop", "Parent Relationship": "Outer", "Join Type": "Inner", "Startup Cost": 40000000000.0, "Total Cost": 4084556402871.1, "Plan Rows": 699731, "Plan Width": 32, "Inner Unique": false, "Join Filter": "(ci.movie_id = mc.movie_id), (LLVM Optimized)", "Plans": [{"Node Type": "Nested Loop", "Parent Relationship": "Outer", "Join Type": "Inner", "Startup Cost": 20000000000.0, "Total Cost": 2003343660045.29, "Plan Rows": 1282311, "Plan Width": 8, "Inner Unique": true, "Join Filter": "(cn.id = mc.company_id), (LLVM Optimized)", "Plans": [{"Node Type": "Index Scan", "Parent Relationship": "Outer", "Scan Direction": "Forward", "Index Name": "company_type_id_movie_companies", "Relation Name": "movie_companies", "Alias": "mc", "Startup Cost": 10000000000.0, "Total Cost": 1000009318217.0, "Plan Rows": 2609128, "Plan Width": 12}, {"Node Type": "Materialize", "Parent Relationship": "Inner", "Startup Cost": 10000000000.0, "Total Cost": 1000001050564.82, "Plan Rows": 85170, "Plan Width": 4, "Plans": [{"Node Type": "Index Scan", "Parent Relationship": "Outer", "Scan Direction": "Forward", "Index Name": "company_name_pkey", "Relation Name": "company_name", "Alias": "cn", "Startup Cost": 10000000000.0, "Total Cost": 1000001050138.97, "Plan Rows": 85170, "Plan Width": 4, "Filter": "((country_code)::text = '[us]'::text)"}]}]}, {"Node Type": "Materialize", "Parent Relationship": "Inner", "Startup Cost": 20000000000.0, "Total Cost": 2067819070287.18, "Plan Rows": 696330, "Plan Width": 24, "Plans": [{"Node Type": "Nested Loop", "Parent Relationship": "Outer", "Join Type": "Inner", "Startup Cost": 20000000000.0, "Total Cost": 2067819066805.53, "Plan Rows": 696330, "Plan Width": 24, "Inner Unique": true, "Join Filter": "(chn.id = ci.person_role_id), (LLVM Optimized)", "Plans": [{"Node Type": "Index Scan", "Parent Relationship": "Outer", "Scan Direction": "Forward", "Index Name": "role_id_cast_info", "Relation Name": "cast_info", "Alias": "ci", "Startup Cost": 10000000000.0, "Total Cost": 1000143218339.5, "Plan Rows": 1436424, "Plan Width": 12, "Filter": "((note)::text ~~ '%(producer)%'::text), (LLVM Optimized)"}, {"Node Type": "Materialize", "Parent Relationship": "Inner", "Startup Cost": 10000000000.0, "Total Cost": 1000013003247.2, "Plan Rows": 3140338, "Plan Width": 20, "Plans": [{"Node Type": "Index Scan", "Parent Relationship": "Outer", "Scan Direction": "Forward", "Index Name": "char_name_pkey", "Relation Name": "char_name", "Alias": "chn", "Startup Cost": 10000000000.0, "Total Cost": 1000012987545.51, "Plan Rows": 3140338, "Plan Width": 20}]}]}]}]}, {"Node Type": "Materialize", "Parent Relationship": "Inner", "Startup Cost": 10000000000.0, "Total Cost": 1000000000843.06, "Plan Rows": 12, "Plan Width": 4, "Plans": [{"Node Type": "Index Only Scan", "Parent Relationship": "Outer", "Scan Direction": "Forward", "Index Name": "role_type_pkey", "Relation Name": "role_type", "Alias": "rt", "Startup Cost": 10000000000.0, "Total Cost": 1000000000843.0, "Plan Rows": 12, "Plan Width": 4}]}]}, {"Node Type": "Materialize", "Parent Relationship": "Inner", "Startup Cost": 10000000000.0, "Total Cost": 1000011652870.86, "Plan Rows": 1748840, "Plan Width": 21, "Plans": [{"Node Type": "Index Scan", "Parent Relationship": "Outer", "Scan Direction": "Forward", "Index Name": "title_pkey", "Relation Name": "title", "Alias": "t", "Startup Cost": 10000000000.0, "Total Cost": 1000011644126.66, "Plan Rows": 1748840, "Plan Width": 21, "Filter": "(production_year > 1990), (LLVM Optimized)"}]}]}, {"Node Type": "Materialize", "Parent Relationship": "Inner", "Startup Cost": 10000000000.0, "Total Cost": 1000000000829.52, "Plan Rows": 3, "Plan Width": 4, "Plans": [{"Node Type": "Index Only Scan", "Parent Relationship": "Outer", "Scan Direction": "Forward", "Index Name": "company_type_pkey", "Relation Name": "company_type", "Alias": "ct", "Startup Cost": 10000000000.0, "Total Cost": 1000000000829.5, "Plan Rows": 3, "Plan Width": 4}]}]}]}, "Unique SQL Id": 3145361615}, "explain_analyze_plan": null}, "(64, 60)": {"explain_plan": {"Plan": {"Node Type": "Aggregate", "Strategy": "Plain", "Startup Cost": 1719262.92, "Total Cost": 1719262.93, "Plan Rows": 1, "Plan Width": 97, "Plans": [{"Node Type": "Nested Loop", "Parent Relationship": "Outer", "Join Type": "Inner", "Startup Cost": 0.0, "Total Cost": 1714415.85, "Plan Rows": 969413, "Plan Width": 33, "Inner Unique": true, "Plans": [{"Node Type": "Nested Loop", "Parent Relationship": "Outer", "Join Type": "Inner", "Startup Cost": 0.0, "Total Cost": 1469499.31, "Plan Rows": 699731, "Plan Width": 24, "Inner Unique": true, "Join Filter": "(mc.company_type_id = ct.id), (LLVM Optimized)", "Plans": [{"Node Type": "Nested Loop", "Parent Relationship": "Outer", "Join Type": "Inner", "Startup Cost": 0.0, "Total Cost": 1438010.38, "Plan Rows": 699731, "Plan Width": 28, "Inner Unique": true, "Plans": [{"Node Type": "Nested Loop", "Parent Relationship": "Outer", "Join Type": "Inner", "Startup Cost": 0.0, "Total Cost": 1028452.36, "Plan Rows": 1423748, "Plan Width": 32, "Inner Unique": false, "Plans": [{"Node Type": "Nested Loop", "Parent Relationship": "Outer", "Join Type": "Inner", "Startup Cost": 0.0, "Total Cost": 763533.64, "Plan Rows": 696330, "Plan Width": 20, "Inner Unique": true, "Plans": [{"Node Type": "Streaming(type: LOCAL GATHER dop: 1/64)", "Parent Relationship": "Outer", "Startup Cost": 0.0, "Total Cost": 170510.92, "Plan Rows": 1436424, "Plan Width": 8, "Plans": [{"Node Type": "Nested Loop", "Parent Relationship": "Outer", "Join Type": "Inner", "Startup Cost": 0.0, "Total Cost": 140877.67, "Plan Rows": 1436424, "Plan Width": 8, "Inner Unique": true, "Join Filter": "(ci.role_id = rt.id), (LLVM Optimized)", "Plans": [{"Node Type": "Seq Scan", "Parent Relationship": "Outer", "Relation Name": "cast_info", "Alias": "ci", "Startup Cost": 0.0, "Total Cost": 73820.73, "Plan Rows": 1436424, "Plan Width": 12, "Filter": "((note)::text ~~ '%(producer)%'::text), (LLVM Optimized)"}, {"Node Type": "Materialize", "Parent Relationship": "Inner", "Startup Cost": 0.0, "Total Cost": 63017.02, "Plan Rows": 768, "Plan Width": 4, "Plans": [{"Node Type": "Streaming(type: BROADCAST dop: 64/1)", "Parent Relationship": "Outer", "Startup Cost": 0.0, "Total Cost": 63016.96, "Plan Rows": 768, "Plan Width": 4, "Plans": [{"Node Type": "Seq Scan", "Parent Relationship": "Outer", "Relation Name": "role_type", "Alias": "rt", "Startup Cost": 0.0, "Total Cost": 1.12, "Plan Rows": 12, "Plan Width": 4}]}]}]}]}, {"Node Type": "Index Scan", "Parent Relationship": "Inner", "Scan Direction": "Forward", "Index Name": "char_name_pkey", "Relation Name": "char_name", "Alias": "chn", "Startup Cost": 0.0, "Total Cost": 0.4, "Plan Rows": 1, "Plan Width": 20, "Index Cond": "(id = ci.person_role_id)"}]}, {"Node Type": "Index Scan", "Parent Relationship": "Inner", "Scan Direction": "Forward", "Index Name": "movie_id_movie_companies", "Relation Name": "movie_companies", "Alias": "mc", "Startup Cost": 0.0, "Total Cost": 0.36, "Plan Rows": 2, "Plan Width": 12, "Index Cond": "(movie_id = ci.movie_id)"}]}, {"Node Type": "Index Scan", "Parent Relationship": "Inner", "Scan Direction": "Forward", "Index Name": "company_name_pkey", "Relation Name": "company_name", "Alias": "cn", "Startup Cost": 0.0, "Total Cost": 0.28, "Plan Rows": 1, "Plan Width": 4, "Index Cond": "(id = mc.company_id)", "Filter": "((country_code)::text = '[us]'::text)"}]}, {"Node Type": "Materialize", "Parent Relationship": "Inner", "Startup Cost": 0.0, "Total Cost": 1.04, "Plan Rows": 3, "Plan Width": 4, "Plans": [{"Node Type": "Seq Scan", "Parent Relationship": "Outer", "Relation Name": "company_type", "Alias": "ct", "Startup Cost": 0.0, "Total Cost": 1.03, "Plan Rows": 3, "Plan Width": 4}]}]}, {"Node Type": "Index Scan", "Parent Relationship": "Inner", "Scan Direction": "Forward", "Index Name": "title_pkey", "Relation Name": "title", "Alias": "t", "Startup Cost": 0.0, "Total Cost": 0.34, "Plan Rows": 1, "Plan Width": 21, "Index Cond": "(id = mc.movie_id)", "Filter": "(production_year > 1990)"}]}]}, "Unique SQL Id": 3145361615}, "explain_analyze_plan": {"Plan": {"Node Type": "Aggregate", "Strategy": "Plain", "Startup Cost": 1719262.92, "Total Cost": 1719262.93, "Plan Rows": 1, "Plan Width": 97, "Actual Min Startup Time": 1367.88, "Actual Max Startup Time": 1367.88, "Actual Min Total Time": 1367.88, "Actual Max Total Time": 1367.88, "Actual Total Rows": 1, "Plans": [{"Node Type": "Nested Loop", "Parent Relationship": "Outer", "Join Type": "Inner", "Startup Cost": 0.0, "Total Cost": 1714415.85, "Plan Rows": 969413, "Plan Width": 33, "Actual Min Startup Time": 391.841, "Actual Max Startup Time": 391.841, "Actual Min Total Time": 1367.834, "Actual Max Total Time": 1367.834, "Actual Total Rows": 4, "Inner Unique": true, "Plans": [{"Node Type": "Nested Loop", "Parent Relationship": "Outer", "Join Type": "Inner", "Startup Cost": 0.0, "Total Cost": 1469499.31, "Plan Rows": 699731, "Plan Width": 24, "Actual Min Startup Time": 391.802, "Actual Max Startup Time": 391.802, "Actual Min Total Time": 1367.735, "Actual Max Total Time": 1367.735, "Actual Total Rows": 6, "Inner Unique": true, "Join Filter": "(mc.company_type_id = ct.id), (LLVM Optimized, Jit Execute)", "Rows Removed by Join Filter": 24, "Plans": [{"Node Type": "Nested Loop", "Parent Relationship": "Outer", "Join Type": "Inner", "Startup Cost": 0.0, "Total Cost": 1438010.38, "Plan Rows": 699731, "Plan Width": 28, "Actual Min Startup Time": 391.719, "Actual Max Startup Time": 391.719, "Actual Min Total Time": 1367.648, "Actual Max Total Time": 1367.648, "Actual Total Rows": 14, "Inner Unique": true, "Plans": [{"Node Type": "Nested Loop", "Parent Relationship": "Outer", "Join Type": "Inner", "Startup Cost": 0.0, "Total Cost": 1028452.36, "Plan Rows": 1423748, "Plan Width": 32, "Actual Min Startup Time": 277.316, "Actual Max Startup Time": 277.316, "Actual Min Total Time": 1367.097, "Actual Max Total Time": 1367.097, "Actual Total Rows": 31, "Inner Unique": false, "Plans": [{"Node Type": "Nested Loop", "Parent Relationship": "Outer", "Join Type": "Inner", "Startup Cost": 0.0, "Total Cost": 763533.64, "Plan Rows": 696330, "Plan Width": 20, "Actual Min Startup Time": 277.037, "Actual Max Startup Time": 277.037, "Actual Min Total Time": 1365.759, "Actual Max Total Time": 1365.759, "Actual Total Rows": 15, "Inner Unique": true, "Plans": [{"Node Type": "Streaming(type: LOCAL GATHER dop: 1/64)", "Parent Relationship": "Outer", "Startup Cost": 0.0, "Total Cost": 170510.92, "Plan Rows": 1436424, "Plan Width": 8, "Actual Min Startup Time": 276.899, "Actual Max Startup Time": 276.899, "Actual Min Total Time": 628.582, "Actual Max Total Time": 628.582, "Actual Total Rows": 1435439, "Plans": [{"Node Type": "Nested Loop", "Parent Relationship": "Outer", "Join Type": "Inner", "Startup Cost": 0.0, "Total Cost": 140877.67, "Plan Rows": 1436424, "Plan Width": 8, "Actual Min Startup Time": 13.356, "Actual Max Startup Time": 174.296, "Actual Min Total Time": 199.87, "Actual Max Total Time": 288.582, "Actual Total Rows": 1435439, "Inner Unique": true, "Join Filter": "(ci.role_id = rt.id), (LLVM Optimized, Jit Execute)", "Rows Removed by Join Filter": 2870850, "Plans": [{"Node Type": "Seq Scan", "Parent Relationship": "Outer", "Relation Name": "cast_info", "Alias": "ci", "Startup Cost": 0.0, "Total Cost": 73820.73, "Plan Rows": 1436424, "Plan Width": 12, "Actual Min Startup Time": 13.277, "Actual Max Startup Time": 88.061, "Actual Min Total Time": 172.904, "Actual Max Total Time": 187.865, "Actual Total Rows": 1435439, "Filter": "((note)::text ~~ '%(producer)%'::text), (LLVM Optimized, Jit Execute)", "Rows Removed by Filter": 34808904}, {"Node Type": "Materialize", "Parent Relationship": "Inner", "Startup Cost": 0.0, "Total Cost": 63017.02, "Plan Rows": 768, "Plan Width": 4, "Actual Min Startup Time": 1.593, "Actual Max Startup Time": 89.906, "Actual Min Total Time": 4.56, "Actual Max Total Time": 94.089, "Actual Total Rows": 4306353, "Plans": [{"Node Type": "Streaming(type: BROADCAST dop: 64/1)", "Parent Relationship": "Outer", "Startup Cost": 0.0, "Total Cost": 63016.96, "Plan Rows": 768, "Plan Width": 4, "Actual Min Startup Time": 0.006, "Actual Max Startup Time": 87.806, "Actual Min Total Time": 0.006, "Actual Max Total Time": 87.807, "Actual Total Rows": 768, "Plans": [{"Node Type": "Seq Scan", "Parent Relationship": "Outer", "Relation Name": "role_type", "Alias": "rt", "Startup Cost": 0.0, "Total Cost": 1.12, "Plan Rows": 12, "Plan Width": 4, "Actual Min Startup Time": 0.021, "Actual Max Startup Time": 0.021, "Actual Min Total Time": 0.027, "Actual Max Total Time": 0.027, "Actual Total Rows": 12}]}]}]}]}, {"Node Type": "Index Scan", "Parent Relationship": "Inner", "Scan Direction": "Forward", "Index Name": "char_name_pkey", "Relation Name": "char_name", "Alias": "chn", "Startup Cost": 0.0, "Total Cost": 0.4, "Plan Rows": 1, "Plan Width": 20, "Actual Min Startup Time": 225.656, "Actual Max Startup Time": 225.656, "Actual Min Total Time": 225.656, "Actual Max Total Time": 225.656, "Actual Total Rows": 15, "Index Cond": "(id = ci.person_role_id)", "Rows Removed by Index Recheck": 0}]}, {"Node Type": "Index Scan", "Parent Relationship": "Inner", "Scan Direction": "Forward", "Index Name": "movie_id_movie_companies", "Relation Name": "movie_companies", "Alias": "mc", "Startup Cost": 0.0, "Total Cost": 0.36, "Plan Rows": 2, "Plan Width": 12, "Actual Min Startup Time": 1.247, "Actual Max Startup Time": 1.247, "Actual Min Total Time": 1.295, "Actual Max Total Time": 1.295, "Actual Total Rows": 31, "Index Cond": "(movie_id = ci.movie_id)", "Rows Removed by Index Recheck": 0}]}, {"Node Type": "Index Scan", "Parent Relationship": "Inner", "Scan Direction": "Forward", "Index Name": "company_name_pkey", "Relation Name": "company_name", "Alias": "cn", "Startup Cost": 0.0, "Total Cost": 0.28, "Plan Rows": 1, "Plan Width": 4, "Actual Min Startup Time": 0.502, "Actual Max Startup Time": 0.502, "Actual Min Total Time": 0.502, "Actual Max Total Time": 0.502, "Actual Total Rows": 14, "Index Cond": "(id = mc.company_id)", "Rows Removed by Index Recheck": 0, "Filter": "((country_code)::text = '[us]'::text)", "Rows Removed by Filter": 17}]}, {"Node Type": "Materialize", "Parent Relationship": "Inner", "Startup Cost": 0.0, "Total Cost": 1.04, "Plan Rows": 3, "Plan Width": 4, "Actual Min Startup Time": 0.056, "Actual Max Startup Time": 0.056, "Actual Min Total Time": 0.059, "Actual Max Total Time": 0.059, "Actual Total Rows": 31, "Plans": [{"Node Type": "Seq Scan", "Parent Relationship": "Outer", "Relation Name": "company_type", "Alias": "ct", "Startup Cost": 0.0, "Total Cost": 1.03, "Plan Rows": 3, "Plan Width": 4, "Actual Min Startup Time": 0.031, "Actual Max Startup Time": 0.031, "Actual Min Total Time": 0.034, "Actual Max Total Time": 0.034, "Actual Total Rows": 3}]}]}, {"Node Type": "Index Scan", "Parent Relationship": "Inner", "Scan Direction": "Forward", "Index Name": "title_pkey", "Relation Name": "title", "Alias": "t", "Startup Cost": 0.0, "Total Cost": 0.34, "Plan Rows": 1, "Plan Width": 21, "Actual Min Startup Time": 0.086, "Actual Max Startup Time": 0.086, "Actual Min Total Time": 0.086, "Actual Max Total Time": 0.086, "Actual Total Rows": 4, "Index Cond": "(id = mc.movie_id)", "Rows Removed by Index Recheck": 0, "Filter": "(production_year > 1990)", "Rows Removed by Filter": 2}]}]}, "Triggers": [], "Planner Runtime": 6.737, "Total Runtime": 1391.75, "Unique SQL Id": 3145361615}}, "(64, 61)": {"explain_plan": {"Plan": {"Node Type": "Aggregate", "Strategy": "Plain", "Startup Cost": 2425787.29, "Total Cost": 2425787.3, "Plan Rows": 1, "Plan Width": 97, "Plans": [{"Node Type": "Nested Loop", "Parent Relationship": "Outer", "Join Type": "Inner", "Startup Cost": 0.0, "Total Cost": 2420940.22, "Plan Rows": 969413, "Plan Width": 33, "Inner Unique": true, "Plans": [{"Node Type": "Nested Loop", "Parent Relationship": "Outer", "Join Type": "Inner", "Startup Cost": 0.0, "Total Cost": 2176023.68, "Plan Rows": 699731, "Plan Width": 24, "Inner Unique": true, "Join Filter": "(ci.role_id = rt.id), (LLVM Optimized)", "Plans": [{"Node Type": "Nested Loop", "Parent Relationship": "Outer", "Join Type": "Inner", "Startup Cost": 0.0, "Total Cost": 2050059.64, "Plan Rows": 699731, "Plan Width": 28, "Inner Unique": true, "Join Filter": "(mc.company_type_id = ct.id), (LLVM Optimized)", "Plans": [{"Node Type": "Nested Loop", "Parent Relationship": "Outer", "Join Type": "Inner", "Startup Cost": 0.0, "Total Cost": 2018559.45, "Plan Rows": 699731, "Plan Width": 32, "Inner Unique": true, "Plans": [{"Node Type": "Nested Loop", "Parent Relationship": "Outer", "Join Type": "Inner", "Startup Cost": 0.0, "Total Cost": 1422640.19, "Plan Rows": 1443440, "Plan Width": 20, "Inner Unique": false, "Plans": [{"Node Type": "Nested Loop", "Parent Relationship": "Outer", "Join Type": "Inner", "Startup Cost": 0.0, "Total Cost": 171332.39, "Plan Rows": 1282311, "Plan Width": 8, "Inner Unique": false, "Plans": [{"Node Type": "Index Scan", "Parent Relationship": "Outer", "Scan Direction": "Forward", "Index Name": "company_name_pkey", "Relation Name": "company_name", "Alias": "cn", "Startup Cost": 0.0, "Total Cost": 10501.39, "Plan Rows": 85170, "Plan Width": 4, "Filter": "((country_code)::text = '[us]'::text)"}, {"Node Type": "Index Scan", "Parent Relationship": "Inner", "Scan Direction": "Forward", "Index Name": "company_id_movie_companies", "Relation Name": "movie_companies", "Alias": "mc", "Startup Cost": 0.0, "Total Cost": 1.74, "Plan Rows": 15, "Plan Width": 12, "Index Cond": "(company_id = cn.id)"}]}, {"Node Type": "Index Scan", "Parent Relationship": "Inner", "Scan Direction": "Forward", "Index Name": "movie_id_cast_info", "Relation Name": "cast_info", "Alias": "ci", "Startup Cost": 0.0, "Total Cost": 0.97, "Plan Rows": 1, "Plan Width": 12, "Index Cond": "(movie_id = mc.movie_id)", "Filter": "((note)::text ~~ '%(producer)%'::text)"}]}, {"Node Type": "Index Scan", "Parent Relationship": "Inner", "Scan Direction": "Forward", "Index Name": "char_name_pkey", "Relation Name": "char_name", "Alias": "chn", "Startup Cost": 0.0, "Total Cost": 0.4, "Plan Rows": 1, "Plan Width": 20, "Index Cond": "(id = ci.person_role_id)"}]}, {"Node Type": "Materialize", "Parent Relationship": "Inner", "Startup Cost": 0.0, "Total Cost": 12.31, "Plan Rows": 3, "Plan Width": 4, "Plans": [{"Node Type": "Index Scan", "Parent Relationship": "Outer", "Scan Direction": "Forward", "Index Name": "company_type_pkey", "Relation Name": "company_type", "Alias": "ct", "Startup Cost": 0.0, "Total Cost": 12.29, "Plan Rows": 3, "Plan Width": 4}]}]}, {"Node Type": "Materialize", "Parent Relationship": "Inner", "Startup Cost": 0.0, "Total Cost": 12.49, "Plan Rows": 12, "Plan Width": 4, "Plans": [{"Node Type": "Index Scan", "Parent Relationship": "Outer", "Scan Direction": "Forward", "Index Name": "role_type_pkey", "Relation Name": "role_type", "Alias": "rt", "Startup Cost": 0.0, "Total Cost": 12.43, "Plan Rows": 12, "Plan Width": 4}]}]}, {"Node Type": "Index Scan", "Parent Relationship": "Inner", "Scan Direction": "Forward", "Index Name": "title_pkey", "Relation Name": "title", "Alias": "t", "Startup Cost": 0.0, "Total Cost": 0.34, "Plan Rows": 1, "Plan Width": 21, "Index Cond": "(id = mc.movie_id)", "Filter": "(production_year > 1990)"}]}]}, "Unique SQL Id": 3145361615}, "explain_analyze_plan": null}, "(64, 62)": {"explain_plan": {"Plan": {"Node Type": "Aggregate", "Strategy": "Plain", "Startup Cost": 29103329.92, "Total Cost": 29103329.94, "Plan Rows": 1, "Plan Width": 97, "Plans": [{"Node Type": "Streaming(type: LOCAL GATHER dop: 1/64)", "Parent Relationship": "Outer", "Startup Cost": 29103329.92, "Total Cost": 29103329.94, "Plan Rows": 1, "Plan Width": 97, "Plans": [{"Node Type": "Aggregate", "Strategy": "Plain", "Parent Relationship": "Outer", "Startup Cost": 29103329.92, "Total Cost": 29103329.93, "Plan Rows": 1, "Plan Width": 97, "Plans": [{"Node Type": "Nested Loop", "Parent Relationship": "Outer", "Join Type": "Inner", "Startup Cost": 0.0, "Total Cost": 29098482.85, "Plan Rows": 969413, "Plan Width": 33, "Inner Unique": true, "Join Filter": "(mc.movie_id = t.id), (LLVM Optimized)", "Plans": [{"Node Type": "Streaming(type: LOCAL REDISTRIBUTE dop: 64/64)", "Parent Relationship": "Outer", "Startup Cost": 0.0, "Total Cost": 24488333.02, "Plan Rows": 699731, "Plan Width": 24, "Plans": [{"Node Type": "Nested Loop", "Parent Relationship": "Outer", "Join Type": "Inner", "Startup Cost": 0.0, "Total Cost": 24424670.19, "Plan Rows": 699731, "Plan Width": 24, "Inner Unique": true, "Join Filter": "(ci.role_id = rt.id), (LLVM Optimized)", "Plans": [{"Node Type": "Nested Loop", "Parent Relationship": "Outer", "Join Type": "Inner", "Startup Cost": 0.0, "Total Cost": 24359685.21, "Plan Rows": 699731, "Plan Width": 28, "Inner Unique": true, "Join Filter": "(mc.company_type_id = ct.id), (LLVM Optimized)", "Plans": [{"Node Type": "Nested Loop", "Parent Relationship": "Outer", "Join Type": "Inner", "Startup Cost": 0.0, "Total Cost": 24296188.21, "Plan Rows": 699731, "Plan Width": 32, "Inner Unique": true, "Join Filter": "(mc.company_id = cn.id), (LLVM Optimized)", "Plans": [{"Node Type": "Streaming(type: LOCAL REDISTRIBUTE dop: 64/64)", "Parent Relationship": "Outer", "Startup Cost": 0.0, "Total Cost": 23779751.34, "Plan Rows": 1423748, "Plan Width": 36, "Plans": [{"Node Type": "Nested Loop", "Parent Relationship": "Outer", "Join Type": "Inner", "Startup Cost": 0.0, "Total Cost": 23715402.67, "Plan Rows": 1423748, "Plan Width": 36, "Inner Unique": false, "Join Filter": "(ci.movie_id = mc.movie_id), (LLVM Optimized)", "Plans": [{"Node Type": "Streaming(type: LOCAL REDISTRIBUTE dop: 64/1)", "Parent Relationship": "Outer", "Startup Cost": 0.0, "Total Cost": 210825.84, "Plan Rows": 2609128, "Plan Width": 12, "Plans": [{"Node Type": "Seq Scan", "Parent Relationship": "Outer", "Relation Name": "movie_companies", "Alias": "mc", "Startup Cost": 0.0, "Total Cost": 41817.28, "Plan Rows": 2609128, "Plan Width": 12}]}, {"Node Type": "Materialize", "Parent Relationship": "Inner", "Startup Cost": 0.0, "Total Cost": 16851232.08, "Plan Rows": 696330, "Plan Width": 24, "Plans": [{"Node Type": "Streaming(type: LOCAL REDISTRIBUTE dop: 64/64)", "Parent Relationship": "Outer", "Startup Cost": 0.0, "Total Cost": 16851177.68, "Plan Rows": 696330, "Plan Width": 24, "Plans": [{"Node Type": "Nested Loop", "Parent Relationship": "Outer", "Join Type": "Inner", "Startup Cost": 0.0, "Total Cost": 16787518.07, "Plan Rows": 696330, "Plan Width": 24, "Inner Unique": false, "Join Filter": "(chn.id = ci.person_role_id), (LLVM Optimized)", "Plans": [{"Node Type": "Streaming(type: LOCAL REDISTRIBUTE dop: 64/64)", "Parent Relationship": "Outer", "Startup Cost": 0.0, "Total Cost": 130029.32, "Plan Rows": 3140338, "Plan Width": 20, "Plans": [{"Node Type": "Seq Scan", "Parent Relationship": "Outer", "Relation Name": "char_name", "Alias": "chn", "Startup Cost": 0.0, "Total Cost": 64054.58, "Plan Rows": 3140338, "Plan Width": 20}]}, {"Node Type": "Materialize", "Parent Relationship": "Inner", "Startup Cost": 0.0, "Total Cost": 138293.62, "Plan Rows": 1436424, "Plan Width": 12, "Plans": [{"Node Type": "Streaming(type: LOCAL REDISTRIBUTE dop: 64/64)", "Parent Relationship": "Outer", "Startup Cost": 0.0, "Total Cost": 138181.4, "Plan Rows": 1436424, "Plan Width": 12, "Plans": [{"Node Type": "Seq Scan", "Parent Relationship": "Outer", "Relation Name": "cast_info", "Alias": "ci", "Startup Cost": 0.0, "Total Cost": 73820.73, "Plan Rows": 1436424, "Plan Width": 12, "Filter": "((note)::text ~~ '%(producer)%'::text), (LLVM Optimized)"}]}]}]}]}]}]}]}, {"Node Type": "Materialize", "Parent Relationship": "Inner", "Startup Cost": 0.0, "Total Cost": 72370.55, "Plan Rows": 85170, "Plan Width": 4, "Plans": [{"Node Type": "Streaming(type: LOCAL REDISTRIBUTE dop: 64/1)", "Parent Relationship": "Outer", "Startup Cost": 0.0, "Total Cost": 72363.9, "Plan Rows": 85170, "Plan Width": 4, "Plans": [{"Node Type": "Seq Scan", "Parent Relationship": "Outer", "Relation Name": "company_name", "Alias": "cn", "Startup Cost": 0.0, "Total Cost": 5903.45, "Plan Rows": 85170, "Plan Width": 4, "Filter": "((country_code)::text = '[us]'::text)"}]}]}]}, {"Node Type": "Materialize", "Parent Relationship": "Inner", "Startup Cost": 0.0, "Total Cost": 63005.01, "Plan Rows": 192, "Plan Width": 4, "Plans": [{"Node Type": "Streaming(type: BROADCAST dop: 64/1)", "Parent Relationship": "Outer", "Startup Cost": 0.0, "Total Cost": 63004.99, "Plan Rows": 192, "Plan Width": 4, "Plans": [{"Node Type": "Seq Scan", "Parent Relationship": "Outer", "Relation Name": "company_type", "Alias": "ct", "Startup Cost": 0.0, "Total Cost": 1.03, "Plan Rows": 3, "Plan Width": 4}]}]}]}, {"Node Type": "Materialize", "Parent Relationship": "Inner", "Startup Cost": 0.0, "Total Cost": 63017.02, "Plan Rows": 768, "Plan Width": 4, "Plans": [{"Node Type": "Streaming(type: BROADCAST dop: 64/1)", "Parent Relationship": "Outer", "Startup Cost": 0.0, "Total Cost": 63016.96, "Plan Rows": 768, "Plan Width": 4, "Plans": [{"Node Type": "Seq Scan", "Parent Relationship": "Outer", "Relation Name": "role_type", "Alias": "rt", "Startup Cost": 0.0, "Total Cost": 1.12, "Plan Rows": 12, "Plan Width": 4}]}]}]}]}, {"Node Type": "Materialize", "Parent Relationship": "Inner", "Startup Cost": 0.0, "Total Cost": 128830.59, "Plan Rows": 1748840, "Plan Width": 21, "Plans": [{"Node Type": "Streaming(type: LOCAL REDISTRIBUTE dop: 64/64)", "Parent Relationship": "Outer", "Startup Cost": 0.0, "Total Cost": 128693.96, "Plan Rows": 1748840, "Plan Width": 21, "Plans": [{"Node Type": "Seq Scan", "Parent Relationship": "Outer", "Relation Name": "title", "Alias": "t", "Startup Cost": 0.0, "Total Cost": 64037.34, "Plan Rows": 1748840, "Plan Width": 21, "Filter": "(production_year > 1990), (LLVM Optimized)"}]}]}]}]}]}]}, "Unique SQL Id": 3145361615}, "explain_analyze_plan": null}, "(64, 63)": {"explain_plan": {"Plan": {"Node Type": "Aggregate", "Strategy": "Plain", "Startup Cost": 7102923991695.23, "Total Cost": 7102923991695.24, "Plan Rows": 1, "Plan Width": 97, "Plans": [{"Node Type": "Nested Loop", "Parent Relationship": "Outer", "Join Type": "Inner", "Startup Cost": 70000000000.0, "Total Cost": 7102923986848.17, "Plan Rows": 969413, "Plan Width": 33, "Inner Unique": true, "Join Filter": "(mc.company_type_id = ct.id), (LLVM Optimized)", "Plans": [{"Node Type": "Nested Loop", "Parent Relationship": "Outer", "Join Type": "Inner", "Startup Cost": 60000000000.0, "Total Cost": 6102923941995.08, "Plan Rows": 969413, "Plan Width": 37, "Inner Unique": true, "Join Filter": "(mc.movie_id = t.id), (LLVM Optimized)", "Plans": [{"Node Type": "Nested Loop", "Parent Relationship": "Outer", "Join Type": "Inner", "Startup Cost": 50000000000.0, "Total Cost": 5084556530065.71, "Plan Rows": 699731, "Plan Width": 28, "Inner Unique": true, "Join Filter": "(ci.role_id = rt.id), (LLVM Optimized)", "Plans": [{"Node Type": "Nested Loop", "Parent Relationship": "Outer", "Join Type": "Inner", "Startup Cost": 40000000000.0, "Total Cost": 4084556402871.1, "Plan Rows": 699731, "Plan Width": 32, "Inner Unique": false, "Join Filter": "(ci.movie_id = mc.movie_id), (LLVM Optimized)", "Plans": [{"Node Type": "Nested Loop", "Parent Relationship": "Outer", "Join Type": "Inner", "Startup Cost": 20000000000.0, "Total Cost": 2003343660045.29, "Plan Rows": 1282311, "Plan Width": 8, "Inner Unique": true, "Join Filter": "(cn.id = mc.company_id), (LLVM Optimized)", "Plans": [{"Node Type": "Index Scan", "Parent Relationship": "Outer", "Scan Direction": "Forward", "Index Name": "company_type_id_movie_companies", "Relation Name": "movie_companies", "Alias": "mc", "Startup Cost": 10000000000.0, "Total Cost": 1000009318217.0, "Plan Rows": 2609128, "Plan Width": 12}, {"Node Type": "Materialize", "Parent Relationship": "Inner", "Startup Cost": 10000000000.0, "Total Cost": 1000001050564.82, "Plan Rows": 85170, "Plan Width": 4, "Plans": [{"Node Type": "Index Scan", "Parent Relationship": "Outer", "Scan Direction": "Forward", "Index Name": "company_name_pkey", "Relation Name": "company_name", "Alias": "cn", "Startup Cost": 10000000000.0, "Total Cost": 1000001050138.97, "Plan Rows": 85170, "Plan Width": 4, "Filter": "((country_code)::text = '[us]'::text)"}]}]}, {"Node Type": "Materialize", "Parent Relationship": "Inner", "Startup Cost": 20000000000.0, "Total Cost": 2067819070287.18, "Plan Rows": 696330, "Plan Width": 24, "Plans": [{"Node Type": "Nested Loop", "Parent Relationship": "Outer", "Join Type": "Inner", "Startup Cost": 20000000000.0, "Total Cost": 2067819066805.53, "Plan Rows": 696330, "Plan Width": 24, "Inner Unique": true, "Join Filter": "(chn.id = ci.person_role_id), (LLVM Optimized)", "Plans": [{"Node Type": "Index Scan", "Parent Relationship": "Outer", "Scan Direction": "Forward", "Index Name": "role_id_cast_info", "Relation Name": "cast_info", "Alias": "ci", "Startup Cost": 10000000000.0, "Total Cost": 1000143218339.5, "Plan Rows": 1436424, "Plan Width": 12, "Filter": "((note)::text ~~ '%(producer)%'::text), (LLVM Optimized)"}, {"Node Type": "Materialize", "Parent Relationship": "Inner", "Startup Cost": 10000000000.0, "Total Cost": 1000013003247.2, "Plan Rows": 3140338, "Plan Width": 20, "Plans": [{"Node Type": "Index Scan", "Parent Relationship": "Outer", "Scan Direction": "Forward", "Index Name": "char_name_pkey", "Relation Name": "char_name", "Alias": "chn", "Startup Cost": 10000000000.0, "Total Cost": 1000012987545.51, "Plan Rows": 3140338, "Plan Width": 20}]}]}]}]}, {"Node Type": "Materialize", "Parent Relationship": "Inner", "Startup Cost": 10000000000.0, "Total Cost": 1000000001243.06, "Plan Rows": 12, "Plan Width": 4, "Plans": [{"Node Type": "Index Scan", "Parent Relationship": "Outer", "Scan Direction": "Forward", "Index Name": "role_type_pkey", "Relation Name": "role_type", "Alias": "rt", "Startup Cost": 10000000000.0, "Total Cost": 1000000001243.0, "Plan Rows": 12, "Plan Width": 4}]}]}, {"Node Type": "Materialize", "Parent Relationship": "Inner", "Startup Cost": 10000000000.0, "Total Cost": 1000011652870.86, "Plan Rows": 1748840, "Plan Width": 21, "Plans": [{"Node Type": "Index Scan", "Parent Relationship": "Outer", "Scan Direction": "Forward", "Index Name": "title_pkey", "Relation Name": "title", "Alias": "t", "Startup Cost": 10000000000.0, "Total Cost": 1000011644126.66, "Plan Rows": 1748840, "Plan Width": 21, "Filter": "(production_year > 1990), (LLVM Optimized)"}]}]}, {"Node Type": "Materialize", "Parent Relationship": "Inner", "Startup Cost": 10000000000.0, "Total Cost": 1000000001229.52, "Plan Rows": 3, "Plan Width": 4, "Plans": [{"Node Type": "Index Scan", "Parent Relationship": "Outer", "Scan Direction": "Forward", "Index Name": "company_type_pkey", "Relation Name": "company_type", "Alias": "ct", "Startup Cost": 10000000000.0, "Total Cost": 1000000001229.5, "Plan Rows": 3, "Plan Width": 4}]}]}]}, "Unique SQL Id": 3145361615}, "explain_analyze_plan": null}, "(64, 64)": {"explain_plan": {"Plan": {"Node Type": "Aggregate", "Strategy": "Plain", "Startup Cost": 515623.68, "Total Cost": 515623.69, "Plan Rows": 1, "Plan Width": 97, "Plans": [{"Node Type": "Hash Join", "Parent Relationship": "Outer", "Join Type": "Inner", "Startup Cost": 405190.17, "Total Cost": 510776.61, "Plan Rows": 969413, "Plan Width": 33, "Inner Unique": true, "Hash Cond": "(mc.company_type_id = ct.id), (LLVM Optimized)", "Plans": [{"Node Type": "Hash Join", "Parent Relationship": "Outer", "Join Type": "Inner", "Startup Cost": 405189.1, "Total Cost": 497446.12, "Plan Rows": 969413, "Plan Width": 37, "Inner Unique": true, "Hash Cond": "(ci.role_id = rt.id), (LLVM Optimized)", "Plans": [{"Node Type": "Hash Join", "Parent Relationship": "Outer", "Join Type": "Inner", "Startup Cost": 405188.67, "Total Cost": 484116.26, "Plan Rows": 969413, "Plan Width": 41, "Inner Unique": false, "Hash Cond": "(mc.movie_id = t.id), (LLVM Optimized)", "Plans": [{"Node Type": "Hash Join", "Parent Relationship": "Outer", "Join Type": "Inner", "Startup Cost": 6968.08, "Total Cost": 71392.69, "Plan Rows": 1282311, "Plan Width": 8, "Inner Unique": true, "Hash Cond": "(mc.company_id = cn.id), (LLVM Optimized)", "Plans": [{"Node Type": "Seq Scan", "Parent Relationship": "Outer", "Relation Name": "movie_companies", "Alias": "mc", "Startup Cost": 0.0, "Total Cost": 41817.28, "Plan Rows": 2609128, "Plan Width": 12}, {"Node Type": "Hash", "Parent Relationship": "Inner", "Startup Cost": 5903.45, "Total Cost": 5903.45, "Plan Rows": 85170, "Plan Width": 4, "Plans": [{"Node Type": "Seq Scan", "Parent Relationship": "Outer", "Relation Name": "company_name", "Alias": "cn", "Startup Cost": 0.0, "Total Cost": 5903.45, "Plan Rows": 85170, "Plan Width": 4, "Filter": "((country_code)::text = '[us]'::text)"}]}]}, {"Node Type": "Hash", "Parent Relationship": "Inner", "Startup Cost": 386291.56, "Total Cost": 386291.56, "Plan Rows": 954323, "Plan Width": 45, "Plans": [{"Node Type": "Streaming(type: LOCAL GATHER dop: 1/64)", "Parent Relationship": "Outer", "Startup Cost": 162901.55, "Total Cost": 386291.56, "Plan Rows": 954323, "Plan Width": 45, "Plans": [{"Node Type": "Hash Join", "Parent Relationship": "Outer", "Join Type": "Inner", "Startup Cost": 162901.55, "Total Cost": 366603.99, "Plan Rows": 954323, "Plan Width": 45, "Inner Unique": true, "Hash Cond": "(ci.person_role_id = chn.id), (LLVM Optimized)", "Plans": [{"Node Type": "Streaming(type: LOCAL REDISTRIBUTE dop: 64/64)", "Parent Relationship": "Outer", "Startup Cost": 129035.53, "Total Cost": 332473.51, "Plan Rows": 1968625, "Plan Width": 33, "Plans": [{"Node Type": "Hash Join", "Parent Relationship": "Outer", "Join Type": "Inner", "Startup Cost": 129035.53, "Total Cost": 267608.7, "Plan Rows": 1968625, "Plan Width": 33, "Inner Unique": true, "Hash Cond": "(ci.movie_id = t.id), (LLVM Optimized)", "Plans": [{"Node Type": "Streaming(type: LOCAL REDISTRIBUTE dop: 64/64)", "Parent Relationship": "Outer", "Startup Cost": 0.0, "Total Cost": 138181.4, "Plan Rows": 1436424, "Plan Width": 12, "Plans": [{"Node Type": "Seq Scan", "Parent Relationship": "Outer", "Relation Name": "cast_info", "Alias": "ci", "Startup Cost": 0.0, "Total Cost": 73820.73, "Plan Rows": 1436424, "Plan Width": 12, "Filter": "((note)::text ~~ '%(producer)%'::text), (LLVM Optimized)"}]}, {"Node Type": "Hash", "Parent Relationship": "Inner", "Startup Cost": 128693.96, "Total Cost": 128693.96, "Plan Rows": 1748840, "Plan Width": 21, "Plans": [{"Node Type": "Streaming(type: LOCAL REDISTRIBUTE dop: 64/64)", "Parent Relationship": "Outer", "Startup Cost": 0.0, "Total Cost": 128693.96, "Plan Rows": 1748840, "Plan Width": 21, "Plans": [{"Node Type": "Seq Scan", "Parent Relationship": "Outer", "Relation Name": "title", "Alias": "t", "Startup Cost": 0.0, "Total Cost": 64037.34, "Plan Rows": 1748840, "Plan Width": 21, "Filter": "(production_year > 1990), (LLVM Optimized)"}]}]}]}]}, {"Node Type": "Hash", "Parent Relationship": "Inner", "Startup Cost": 130029.32, "Total Cost": 130029.32, "Plan Rows": 3140338, "Plan Width": 20, "Plans": [{"Node Type": "Streaming(type: LOCAL REDISTRIBUTE dop: 64/64)", "Parent Relationship": "Outer", "Startup Cost": 0.0, "Total Cost": 130029.32, "Plan Rows": 3140338, "Plan Width": 20, "Plans": [{"Node Type": "Seq Scan", "Parent Relationship": "Outer", "Relation Name": "char_name", "Alias": "chn", "Startup Cost": 0.0, "Total Cost": 64054.58, "Plan Rows": 3140338, "Plan Width": 20}]}]}]}]}]}]}, {"Node Type": "Hash", "Parent Relationship": "Inner", "Startup Cost": 1.12, "Total Cost": 1.12, "Plan Rows": 12, "Plan Width": 4, "Plans": [{"Node Type": "Seq Scan", "Parent Relationship": "Outer", "Relation Name": "role_type", "Alias": "rt", "Startup Cost": 0.0, "Total Cost": 1.12, "Plan Rows": 12, "Plan Width": 4}]}]}, {"Node Type": "Hash", "Parent Relationship": "Inner", "Startup Cost": 1.03, "Total Cost": 1.03, "Plan Rows": 3, "Plan Width": 4, "Plans": [{"Node Type": "Seq Scan", "Parent Relationship": "Outer", "Relation Name": "company_type", "Alias": "ct", "Startup Cost": 0.0, "Total Cost": 1.03, "Plan Rows": 3, "Plan Width": 4}]}]}]}, "Unique SQL Id": 3145361615}, "explain_analyze_plan": {"Plan": {"Node Type": "Aggregate", "Strategy": "Plain", "Startup Cost": 515623.68, "Total Cost": 515623.69, "Plan Rows": 1, "Plan Width": 97, "Actual Min Startup Time": 3512.81, "Actual Max Startup Time": 3512.81, "Actual Min Total Time": 3512.81, "Actual Max Total Time": 3512.81, "Actual Total Rows": 1, "Plans": [{"Node Type": "Hash Join", "Parent Relationship": "Outer", "Join Type": "Inner", "Startup Cost": 405190.17, "Total Cost": 510776.61, "Plan Rows": 969413, "Plan Width": 33, "Actual Min Startup Time": 3150.989, "Actual Max Startup Time": 3150.989, "Actual Min Total Time": 3512.763, "Actual Max Total Time": 3512.763, "Actual Total Rows": 4, "Inner Unique": true, "Hash Cond": "(mc.company_type_id = ct.id), (LLVM Optimized, Jit Execute)", "Plans": [{"Node Type": "Hash Join", "Parent Relationship": "Outer", "Join Type": "Inner", "Startup Cost": 405189.1, "Total Cost": 497446.12, "Plan Rows": 969413, "Plan Width": 37, "Actual Min Startup Time": 2306.919, "Actual Max Startup Time": 2306.919, "Actual Min Total Time": 3512.569, "Actual Max Total Time": 3512.569, "Actual Total Rows": 10, "Inner Unique": true, "Hash Cond": "(ci.role_id = rt.id), (LLVM Optimized, Jit Execute)", "Plans": [{"Node Type": "Hash Join", "Parent Relationship": "Outer", "Join Type": "Inner", "Startup Cost": 405188.67, "Total Cost": 484116.26, "Plan Rows": 969413, "Plan Width": 41, "Actual Min Startup Time": 2306.816, "Actual Max Startup Time": 2306.816, "Actual Min Total Time": 3512.299, "Actual Max Total Time": 3512.299, "Actual Total Rows": 10, "Inner Unique": false, "Hash Cond": "(mc.movie_id = t.id), (LLVM Optimized, Jit Execute)", "Plans": [{"Node Type": "Hash Join", "Parent Relationship": "Outer", "Join Type": "Inner", "Startup Cost": 6968.08, "Total Cost": 71392.69, "Plan Rows": 1282311, "Plan Width": 8, "Actual Min Startup Time": 121.767, "Actual Max Startup Time": 121.767, "Actual Min Total Time": 1517.199, "Actual Max Total Time": 1517.199, "Actual Total Rows": 1153797, "Inner Unique": true, "Hash Cond": "(mc.company_id = cn.id), (LLVM Optimized, Jit Execute)", "Plans": [{"Node Type": "Seq Scan", "Parent Relationship": "Outer", "Relation Name": "movie_companies", "Alias": "mc", "Startup Cost": 0.0, "Total Cost": 41817.28, "Plan Rows": 2609128, "Plan Width": 12, "Actual Min Startup Time": 0.051, "Actual Max Startup Time": 0.051, "Actual Min Total Time": 586.979, "Actual Max Total Time": 586.979, "Actual Total Rows": 2609128}, {"Node Type": "Hash", "Parent Relationship": "Inner", "Startup Cost": 5903.45, "Total Cost": 5903.45, "Plan Rows": 85170, "Plan Width": 4, "Actual Min Startup Time": 121.51, "Actual Max Startup Time": 121.51, "Actual Min Total Time": 121.51, "Actual Max Total Time": 121.51, "Actual Total Rows": 84843, "Max Hash Buckets": 131072, "Min Hash Buckets": 131072, "Max Hash Batches": 1, "Min Hash Batches": 1, "Max Original Hash Batches": 1, "Min Original Hash Batches": 1, "Max Peak Memory Usage": 2983, "min Peak Memory Usage": 2983, "Plans": [{"Node Type": "Seq Scan", "Parent Relationship": "Outer", "Relation Name": "company_name", "Alias": "cn", "Startup Cost": 0.0, "Total Cost": 5903.45, "Plan Rows": 85170, "Plan Width": 4, "Actual Min Startup Time": 0.037, "Actual Max Startup Time": 0.037, "Actual Min Total Time": 93.104, "Actual Max Total Time": 93.104, "Actual Total Rows": 84843, "Filter": "((country_code)::text = '[us]'::text)", "Rows Removed by Filter": 150153}]}]}, {"Node Type": "Hash", "Parent Relationship": "Inner", "Startup Cost": 386291.56, "Total Cost": 386291.56, "Plan Rows": 954323, "Plan Width": 45, "Actual Min Startup Time": 1772.978, "Actual Max Startup Time": 1772.978, "Actual Min Total Time": 1772.978, "Actual Max Total Time": 1772.978, "Actual Total Rows": 12, "Max Hash Buckets": 1048576, "Min Hash Buckets": 1048576, "Max Hash Batches": 1, "Min Hash Batches": 1, "Max Original Hash Batches": 1, "Min Original Hash Batches": 1, "Max Peak Memory Usage": 1, "min Peak Memory Usage": 1, "Plans": [{"Node Type": "Streaming(type: LOCAL GATHER dop: 1/64)", "Parent Relationship": "Outer", "Startup Cost": 162901.55, "Total Cost": 386291.56, "Plan Rows": 954323, "Plan Width": 45, "Actual Min Startup Time": 1770.895, "Actual Max Startup Time": 1770.895, "Actual Min Total Time": 1772.939, "Actual Max Total Time": 1772.939, "Actual Total Rows": 12, "Plans": [{"Node Type": "Hash Join", "Parent Relationship": "Outer", "Join Type": "Inner", "Startup Cost": 162901.55, "Total Cost": 366603.99, "Plan Rows": 954323, "Plan Width": 45, "Actual Min Startup Time": 1051.258, "Actual Max Startup Time": 1368.871, "Actual Min Total Time": 1051.258, "Actual Max Total Time": 1368.871, "Actual Total Rows": 12, "Inner Unique": true, "Hash Cond": "(ci.person_role_id = chn.id), (LLVM Optimized, Jit Execute)", "Plans": [{"Node Type": "Streaming(type: LOCAL REDISTRIBUTE dop: 64/64)", "Parent Relationship": "Outer", "Startup Cost": 129035.53, "Total Cost": 332473.51, "Plan Rows": 1968625, "Plan Width": 33, "Actual Min Startup Time": 0.324, "Actual Max Startup Time": 772.355, "Actual Min Total Time": 652.101, "Actual Max Total Time": 772.355, "Actual Total Rows": 1071330, "Plans": [{"Node Type": "Hash Join", "Parent Relationship": "Outer", "Join Type": "Inner", "Startup Cost": 129035.53, "Total Cost": 267608.7, "Plan Rows": 1968625, "Plan Width": 33, "Actual Min Startup Time": 216.428, "Actual Max Startup Time": 564.106, "Actual Min Total Time": 457.061, "Actual Max Total Time": 893.331, "Actual Total Rows": 1071330, "Inner Unique": true, "Hash Cond": "(ci.movie_id = t.id), (LLVM Optimized, Jit Execute)", "Plans": [{"Node Type": "Streaming(type: LOCAL REDISTRIBUTE dop: 64/64)", "Parent Relationship": "Outer", "Startup Cost": 0.0, "Total Cost": 138181.4, "Plan Rows": 1436424, "Plan Width": 12, "Actual Min Startup Time": 0.224, "Actual Max Startup Time": 65.822, "Actual Min Total Time": 189.689, "Actual Max Total Time": 355.253, "Actual Total Rows": 1435439, "Plans": [{"Node Type": "Seq Scan", "Parent Relationship": "Outer", "Relation Name": "cast_info", "Alias": "ci", "Startup Cost": 0.0, "Total Cost": 73820.73, "Plan Rows": 1436424, "Plan Width": 12, "Actual Min Startup Time": 14.06, "Actual Max Startup Time": 104.928, "Actual Min Total Time": 178.13, "Actual Max Total Time": 267.3, "Actual Total Rows": 1435439, "Filter": "((note)::text ~~ '%(producer)%'::text), (LLVM Optimized, Jit Execute)", "Rows Removed by Filter": 34808904}]}, {"Node Type": "Hash", "Parent Relationship": "Inner", "Startup Cost": 128693.96, "Total Cost": 128693.96, "Plan Rows": 1748840, "Plan Width": 21, "Actual Min Startup Time": 215.79, "Actual Max Startup Time": 563.556, "Actual Min Total Time": 215.79, "Actual Max Total Time": 563.556, "Actual Total Rows": 1749032, "Max Hash Buckets": 32768, "Min Hash Buckets": 32768, "Max Hash Batches": 1, "Min Hash Batches": 1, "Max Original Hash Batches": 1, "Min Original Hash Batches": 1, "Max Peak Memory Usage": 1467, "min Peak Memory Usage": 1467, "Plans": [{"Node Type": "Streaming(type: LOCAL REDISTRIBUTE dop: 64/64)", "Parent Relationship": "Outer", "Startup Cost": 0.0, "Total Cost": 128693.96, "Plan Rows": 1748840, "Plan Width": 21, "Actual Min Startup Time": 0.129, "Actual Max Startup Time": 217.095, "Actual Min Total Time": 175.094, "Actual Max Total Time": 547.198, "Actual Total Rows": 1749032, "Plans": [{"Node Type": "Seq Scan", "Parent Relationship": "Outer", "Relation Name": "title", "Alias": "t", "Startup Cost": 0.0, "Total Cost": 64037.34, "Plan Rows": 1748840, "Plan Width": 21, "Actual Min Startup Time": 0.033, "Actual Max Startup Time": 0.11, "Actual Min Total Time": 17.019, "Actual Max Total Time": 53.031, "Actual Total Rows": 1749032, "Filter": "(production_year > 1990), (LLVM Optimized, Jit Execute)", "Rows Removed by Filter": 779279}]}]}]}]}, {"Node Type": "Hash", "Parent Relationship": "Inner", "Startup Cost": 130029.32, "Total Cost": 130029.32, "Plan Rows": 3140338, "Plan Width": 20, "Actual Min Startup Time": 278.829, "Actual Max Startup Time": 596.445, "Actual Min Total Time": 278.829, "Actual Max Total Time": 596.445, "Actual Total Rows": 3140338, "Max Hash Buckets": 65536, "Min Hash Buckets": 65536, "Max Hash Batches": 1, "Min Hash Batches": 1, "Max Original Hash Batches": 1, "Min Original Hash Batches": 1, "Max Peak Memory Usage": 2583, "min Peak Memory Usage": 2583, "Plans": [{"Node Type": "Streaming(type: LOCAL REDISTRIBUTE dop: 64/64)", "Parent Relationship": "Outer", "Startup Cost": 0.0, "Total Cost": 130029.32, "Plan Rows": 3140338, "Plan Width": 20, "Actual Min Startup Time": 0.123, "Actual Max Startup Time": 61.811, "Actual Min Total Time": 193.575, "Actual Max Total Time": 548.555, "Actual Total Rows": 3140338, "Plans": [{"Node Type": "Seq Scan", "Parent Relationship": "Outer", "Relation Name": "char_name", "Alias": "chn", "Startup Cost": 0.0, "Total Cost": 64054.58, "Plan Rows": 3140338, "Plan Width": 20, "Actual Min Startup Time": 0.02, "Actual Max Startup Time": 0.066, "Actual Min Total Time": 18.533, "Actual Max Total Time": 43.707, "Actual Total Rows": 3140338}]}]}]}]}]}]}, {"Node Type": "Hash", "Parent Relationship": "Inner", "Startup Cost": 1.12, "Total Cost": 1.12, "Plan Rows": 12, "Plan Width": 4, "Actual Min Startup Time": 0.02, "Actual Max Startup Time": 0.02, "Actual Min Total Time": 0.02, "Actual Max Total Time": 0.02, "Actual Total Rows": 12, "Max Hash Buckets": 32768, "Min Hash Buckets": 32768, "Max Hash Batches": 1, "Min Hash Batches": 1, "Max Original Hash Batches": 1, "Min Original Hash Batches": 1, "Max Peak Memory Usage": 1, "min Peak Memory Usage": 1, "Plans": [{"Node Type": "Seq Scan", "Parent Relationship": "Outer", "Relation Name": "role_type", "Alias": "rt", "Startup Cost": 0.0, "Total Cost": 1.12, "Plan Rows": 12, "Plan Width": 4, "Actual Min Startup Time": 0.011, "Actual Max Startup Time": 0.011, "Actual Min Total Time": 0.011, "Actual Max Total Time": 0.011, "Actual Total Rows": 12}]}]}, {"Node Type": "Hash", "Parent Relationship": "Inner", "Startup Cost": 1.03, "Total Cost": 1.03, "Plan Rows": 3, "Plan Width": 4, "Actual Min Startup Time": 0.056, "Actual Max Startup Time": 0.056, "Actual Min Total Time": 0.056, "Actual Max Total Time": 0.056, "Actual Total Rows": 3, "Max Hash Buckets": 32768, "Min Hash Buckets": 32768, "Max Hash Batches": 1, "Min Hash Batches": 1, "Max Original Hash Batches": 1, "Min Original Hash Batches": 1, "Max Peak Memory Usage": 1, "min Peak Memory Usage": 1, "Plans": [{"Node Type": "Seq Scan", "Parent Relationship": "Outer", "Relation Name": "company_type", "Alias": "ct", "Startup Cost": 0.0, "Total Cost": 1.03, "Plan Rows": 3, "Plan Width": 4, "Actual Min Startup Time": 0.027, "Actual Max Startup Time": 0.027, "Actual Min Total Time": 0.03, "Actual Max Total Time": 0.03, "Actual Total Rows": 3}]}]}]}, "Triggers": [], "Planner Runtime": 79.157, "Total Runtime": 3616.873, "Unique SQL Id": 3145361615}}, "(64, 65)": {"explain_plan": {"Plan": {"Node Type": "Aggregate", "Strategy": "Plain", "Startup Cost": 1474757.22, "Total Cost": 1474757.23, "Plan Rows": 1, "Plan Width": 97, "Plans": [{"Node Type": "Hash Join", "Parent Relationship": "Outer", "Join Type": "Inner", "Startup Cost": 389331.73, "Total Cost": 1469910.15, "Plan Rows": 969413, "Plan Width": 33, "Inner Unique": true, "Hash Cond": "(mc.company_type_id = ct.id), (LLVM Optimized)", "Plans": [{"Node Type": "Hash Join", "Parent Relationship": "Outer", "Join Type": "Inner", "Startup Cost": 389323.4, "Total Cost": 1456572.39, "Plan Rows": 969413, "Plan Width": 37, "Inner Unique": false, "Hash Cond": "(ci.movie_id = t.id), (LLVM Optimized)", "Plans": [{"Node Type": "Hash Join", "Parent Relationship": "Outer", "Join Type": "Inner", "Startup Cost": 80683.05, "Total Cost": 1135626.49, "Plan Rows": 696330, "Plan Width": 20, "Inner Unique": true, "Hash Cond": "(ci.role_id = rt.id), (LLVM Optimized)", "Plans": [{"Node Type": "Merge Join", "Parent Relationship": "Outer", "Join Type": "Inner", "Startup Cost": 80674.47, "Total Cost": 1126861.56, "Plan Rows": 696330, "Plan Width": 24, "Inner Unique": false, "Merge Cond": "(chn.id = ci.person_role_id)", "Plans": [{"Node Type": "Index Scan", "Parent Relationship": "Outer", "Scan Direction": "Forward", "Index Name": "char_name_pkey", "Relation Name": "char_name", "Alias": "chn", "Startup Cost": 0.0, "Total Cost": 129875.46, "Plan Rows": 3140338, "Plan Width": 20}, {"Node Type": "Index Scan", "Parent Relationship": "Inner", "Scan Direction": "Forward", "Index Name": "person_role_id_cast_info", "Relation Name": "cast_info", "Alias": "ci", "Startup Cost": 0.0, "Total Cost": 2022508.08, "Plan Rows": 1436424, "Plan Width": 12, "Filter": "((note)::text ~~ '%(producer)%'::text), (LLVM Optimized)"}]}, {"Node Type": "Hash", "Parent Relationship": "Inner", "Startup Cost": 8.43, "Total Cost": 8.43, "Plan Rows": 12, "Plan Width": 4, "Plans": [{"Node Type": "Index Only Scan", "Parent Relationship": "Outer", "Scan Direction": "Forward", "Index Name": "role_type_pkey", "Relation Name": "role_type", "Alias": "rt", "Startup Cost": 0.0, "Total Cost": 8.43, "Plan Rows": 12, "Plan Width": 4}]}]}, {"Node Type": "Hash", "Parent Relationship": "Inner", "Startup Cost": 286433.79, "Total Cost": 286433.79, "Plan Rows": 1776525, "Plan Width": 29, "Plans": [{"Node Type": "Hash Join", "Parent Relationship": "Outer", "Join Type": "Inner", "Startup Cost": 148070.36, "Total Cost": 286433.79, "Plan Rows": 1776525, "Plan Width": 29, "Inner Unique": true, "Hash Cond": "(mc.movie_id = t.id), (LLVM Optimized)", "Plans": [{"Node Type": "Hash Join", "Parent Relationship": "Outer", "Join Type": "Inner", "Startup Cost": 9768.6, "Total Cost": 125558.11, "Plan Rows": 1282311, "Plan Width": 8, "Inner Unique": true, "Hash Cond": "(mc.company_id = cn.id), (LLVM Optimized)", "Plans": [{"Node Type": "Index Scan", "Parent Relationship": "Outer", "Scan Direction": "Forward", "Index Name": "company_type_id_movie_companies", "Relation Name": "movie_companies", "Alias": "mc", "Startup Cost": 0.0, "Total Cost": 93182.17, "Plan Rows": 2609128, "Plan Width": 12}, {"Node Type": "Hash", "Parent Relationship": "Inner", "Startup Cost": 8703.97, "Total Cost": 8703.97, "Plan Rows": 85170, "Plan Width": 4, "Plans": [{"Node Type": "Bitmap Heap Scan", "Parent Relationship": "Outer", "Relation Name": "company_name", "Alias": "cn", "Startup Cost": 2800.52, "Total Cost": 8703.97, "Plan Rows": 85170, "Plan Width": 4, "Filter": "((country_code)::text = '[us]'::text)", "Plans": [{"Node Type": "Bitmap Index Scan", "Parent Relationship": "Outer", "Index Name": "company_name_pkey", "Startup Cost": 0.0, "Total Cost": 2779.23, "Plan Rows": 234996, "Plan Width": 0}]}]}]}, {"Node Type": "Hash", "Parent Relationship": "Inner", "Startup Cost": 116441.27, "Total Cost": 116441.27, "Plan Rows": 1748840, "Plan Width": 21, "Plans": [{"Node Type": "Index Scan", "Parent Relationship": "Outer", "Scan Direction": "Forward", "Index Name": "title_pkey", "Relation Name": "title", "Alias": "t", "Startup Cost": 0.0, "Total Cost": 116441.27, "Plan Rows": 1748840, "Plan Width": 21, "Filter": "(production_year > 1990), (LLVM Optimized)"}]}]}]}]}, {"Node Type": "Hash", "Parent Relationship": "Inner", "Startup Cost": 8.29, "Total Cost": 8.29, "Plan Rows": 3, "Plan Width": 4, "Plans": [{"Node Type": "Index Only Scan", "Parent Relationship": "Outer", "Scan Direction": "Forward", "Index Name": "company_type_pkey", "Relation Name": "company_type", "Alias": "ct", "Startup Cost": 0.0, "Total Cost": 8.29, "Plan Rows": 3, "Plan Width": 4}]}]}]}, "Unique SQL Id": 3145361615}, "explain_analyze_plan": null}, "(64, 66)": {"explain_plan": {"Plan": {"Node Type": "Aggregate", "Strategy": "Plain", "Startup Cost": 515623.68, "Total Cost": 515623.69, "Plan Rows": 1, "Plan Width": 97, "Plans": [{"Node Type": "Hash Join", "Parent Relationship": "Outer", "Join Type": "Inner", "Startup Cost": 405190.17, "Total Cost": 510776.61, "Plan Rows": 969413, "Plan Width": 33, "Inner Unique": true, "Hash Cond": "(mc.company_type_id = ct.id), (LLVM Optimized)", "Plans": [{"Node Type": "Hash Join", "Parent Relationship": "Outer", "Join Type": "Inner", "Startup Cost": 405189.1, "Total Cost": 497446.12, "Plan Rows": 969413, "Plan Width": 37, "Inner Unique": true, "Hash Cond": "(ci.role_id = rt.id), (LLVM Optimized)", "Plans": [{"Node Type": "Hash Join", "Parent Relationship": "Outer", "Join Type": "Inner", "Startup Cost": 405188.67, "Total Cost": 484116.26, "Plan Rows": 969413, "Plan Width": 41, "Inner Unique": false, "Hash Cond": "(mc.movie_id = t.id), (LLVM Optimized)", "Plans": [{"Node Type": "Hash Join", "Parent Relationship": "Outer", "Join Type": "Inner", "Startup Cost": 6968.08, "Total Cost": 71392.69, "Plan Rows": 1282311, "Plan Width": 8, "Inner Unique": true, "Hash Cond": "(mc.company_id = cn.id), (LLVM Optimized)", "Plans": [{"Node Type": "Seq Scan", "Parent Relationship": "Outer", "Relation Name": "movie_companies", "Alias": "mc", "Startup Cost": 0.0, "Total Cost": 41817.28, "Plan Rows": 2609128, "Plan Width": 12}, {"Node Type": "Hash", "Parent Relationship": "Inner", "Startup Cost": 5903.45, "Total Cost": 5903.45, "Plan Rows": 85170, "Plan Width": 4, "Plans": [{"Node Type": "Seq Scan", "Parent Relationship": "Outer", "Relation Name": "company_name", "Alias": "cn", "Startup Cost": 0.0, "Total Cost": 5903.45, "Plan Rows": 85170, "Plan Width": 4, "Filter": "((country_code)::text = '[us]'::text)"}]}]}, {"Node Type": "Hash", "Parent Relationship": "Inner", "Startup Cost": 386291.56, "Total Cost": 386291.56, "Plan Rows": 954323, "Plan Width": 45, "Plans": [{"Node Type": "Streaming(type: LOCAL GATHER dop: 1/64)", "Parent Relationship": "Outer", "Startup Cost": 162901.55, "Total Cost": 386291.56, "Plan Rows": 954323, "Plan Width": 45, "Plans": [{"Node Type": "Hash Join", "Parent Relationship": "Outer", "Join Type": "Inner", "Startup Cost": 162901.55, "Total Cost": 366603.99, "Plan Rows": 954323, "Plan Width": 45, "Inner Unique": true, "Hash Cond": "(ci.person_role_id = chn.id), (LLVM Optimized)", "Plans": [{"Node Type": "Streaming(type: LOCAL REDISTRIBUTE dop: 64/64)", "Parent Relationship": "Outer", "Startup Cost": 129035.53, "Total Cost": 332473.51, "Plan Rows": 1968625, "Plan Width": 33, "Plans": [{"Node Type": "Hash Join", "Parent Relationship": "Outer", "Join Type": "Inner", "Startup Cost": 129035.53, "Total Cost": 267608.7, "Plan Rows": 1968625, "Plan Width": 33, "Inner Unique": true, "Hash Cond": "(ci.movie_id = t.id), (LLVM Optimized)", "Plans": [{"Node Type": "Streaming(type: LOCAL REDISTRIBUTE dop: 64/64)", "Parent Relationship": "Outer", "Startup Cost": 0.0, "Total Cost": 138181.4, "Plan Rows": 1436424, "Plan Width": 12, "Plans": [{"Node Type": "Seq Scan", "Parent Relationship": "Outer", "Relation Name": "cast_info", "Alias": "ci", "Startup Cost": 0.0, "Total Cost": 73820.73, "Plan Rows": 1436424, "Plan Width": 12, "Filter": "((note)::text ~~ '%(producer)%'::text), (LLVM Optimized)"}]}, {"Node Type": "Hash", "Parent Relationship": "Inner", "Startup Cost": 128693.96, "Total Cost": 128693.96, "Plan Rows": 1748840, "Plan Width": 21, "Plans": [{"Node Type": "Streaming(type: LOCAL REDISTRIBUTE dop: 64/64)", "Parent Relationship": "Outer", "Startup Cost": 0.0, "Total Cost": 128693.96, "Plan Rows": 1748840, "Plan Width": 21, "Plans": [{"Node Type": "Seq Scan", "Parent Relationship": "Outer", "Relation Name": "title", "Alias": "t", "Startup Cost": 0.0, "Total Cost": 64037.34, "Plan Rows": 1748840, "Plan Width": 21, "Filter": "(production_year > 1990), (LLVM Optimized)"}]}]}]}]}, {"Node Type": "Hash", "Parent Relationship": "Inner", "Startup Cost": 130029.32, "Total Cost": 130029.32, "Plan Rows": 3140338, "Plan Width": 20, "Plans": [{"Node Type": "Streaming(type: LOCAL REDISTRIBUTE dop: 64/64)", "Parent Relationship": "Outer", "Startup Cost": 0.0, "Total Cost": 130029.32, "Plan Rows": 3140338, "Plan Width": 20, "Plans": [{"Node Type": "Seq Scan", "Parent Relationship": "Outer", "Relation Name": "char_name", "Alias": "chn", "Startup Cost": 0.0, "Total Cost": 64054.58, "Plan Rows": 3140338, "Plan Width": 20}]}]}]}]}]}]}, {"Node Type": "Hash", "Parent Relationship": "Inner", "Startup Cost": 1.12, "Total Cost": 1.12, "Plan Rows": 12, "Plan Width": 4, "Plans": [{"Node Type": "Seq Scan", "Parent Relationship": "Outer", "Relation Name": "role_type", "Alias": "rt", "Startup Cost": 0.0, "Total Cost": 1.12, "Plan Rows": 12, "Plan Width": 4}]}]}, {"Node Type": "Hash", "Parent Relationship": "Inner", "Startup Cost": 1.03, "Total Cost": 1.03, "Plan Rows": 3, "Plan Width": 4, "Plans": [{"Node Type": "Seq Scan", "Parent Relationship": "Outer", "Relation Name": "company_type", "Alias": "ct", "Startup Cost": 0.0, "Total Cost": 1.03, "Plan Rows": 3, "Plan Width": 4}]}]}]}, "Unique SQL Id": 3145361615}, "explain_analyze_plan": {"Plan": {"Node Type": "Aggregate", "Strategy": "Plain", "Startup Cost": 515623.68, "Total Cost": 515623.69, "Plan Rows": 1, "Plan Width": 97, "Actual Min Startup Time": 3512.81, "Actual Max Startup Time": 3512.81, "Actual Min Total Time": 3512.81, "Actual Max Total Time": 3512.81, "Actual Total Rows": 1, "Plans": [{"Node Type": "Hash Join", "Parent Relationship": "Outer", "Join Type": "Inner", "Startup Cost": 405190.17, "Total Cost": 510776.61, "Plan Rows": 969413, "Plan Width": 33, "Actual Min Startup Time": 3150.989, "Actual Max Startup Time": 3150.989, "Actual Min Total Time": 3512.763, "Actual Max Total Time": 3512.763, "Actual Total Rows": 4, "Inner Unique": true, "Hash Cond": "(mc.company_type_id = ct.id), (LLVM Optimized, Jit Execute)", "Plans": [{"Node Type": "Hash Join", "Parent Relationship": "Outer", "Join Type": "Inner", "Startup Cost": 405189.1, "Total Cost": 497446.12, "Plan Rows": 969413, "Plan Width": 37, "Actual Min Startup Time": 2306.919, "Actual Max Startup Time": 2306.919, "Actual Min Total Time": 3512.569, "Actual Max Total Time": 3512.569, "Actual Total Rows": 10, "Inner Unique": true, "Hash Cond": "(ci.role_id = rt.id), (LLVM Optimized, Jit Execute)", "Plans": [{"Node Type": "Hash Join", "Parent Relationship": "Outer", "Join Type": "Inner", "Startup Cost": 405188.67, "Total Cost": 484116.26, "Plan Rows": 969413, "Plan Width": 41, "Actual Min Startup Time": 2306.816, "Actual Max Startup Time": 2306.816, "Actual Min Total Time": 3512.299, "Actual Max Total Time": 3512.299, "Actual Total Rows": 10, "Inner Unique": false, "Hash Cond": "(mc.movie_id = t.id), (LLVM Optimized, Jit Execute)", "Plans": [{"Node Type": "Hash Join", "Parent Relationship": "Outer", "Join Type": "Inner", "Startup Cost": 6968.08, "Total Cost": 71392.69, "Plan Rows": 1282311, "Plan Width": 8, "Actual Min Startup Time": 121.767, "Actual Max Startup Time": 121.767, "Actual Min Total Time": 1517.199, "Actual Max Total Time": 1517.199, "Actual Total Rows": 1153797, "Inner Unique": true, "Hash Cond": "(mc.company_id = cn.id), (LLVM Optimized, Jit Execute)", "Plans": [{"Node Type": "Seq Scan", "Parent Relationship": "Outer", "Relation Name": "movie_companies", "Alias": "mc", "Startup Cost": 0.0, "Total Cost": 41817.28, "Plan Rows": 2609128, "Plan Width": 12, "Actual Min Startup Time": 0.051, "Actual Max Startup Time": 0.051, "Actual Min Total Time": 586.979, "Actual Max Total Time": 586.979, "Actual Total Rows": 2609128}, {"Node Type": "Hash", "Parent Relationship": "Inner", "Startup Cost": 5903.45, "Total Cost": 5903.45, "Plan Rows": 85170, "Plan Width": 4, "Actual Min Startup Time": 121.51, "Actual Max Startup Time": 121.51, "Actual Min Total Time": 121.51, "Actual Max Total Time": 121.51, "Actual Total Rows": 84843, "Max Hash Buckets": 131072, "Min Hash Buckets": 131072, "Max Hash Batches": 1, "Min Hash Batches": 1, "Max Original Hash Batches": 1, "Min Original Hash Batches": 1, "Max Peak Memory Usage": 2983, "min Peak Memory Usage": 2983, "Plans": [{"Node Type": "Seq Scan", "Parent Relationship": "Outer", "Relation Name": "company_name", "Alias": "cn", "Startup Cost": 0.0, "Total Cost": 5903.45, "Plan Rows": 85170, "Plan Width": 4, "Actual Min Startup Time": 0.037, "Actual Max Startup Time": 0.037, "Actual Min Total Time": 93.104, "Actual Max Total Time": 93.104, "Actual Total Rows": 84843, "Filter": "((country_code)::text = '[us]'::text)", "Rows Removed by Filter": 150153}]}]}, {"Node Type": "Hash", "Parent Relationship": "Inner", "Startup Cost": 386291.56, "Total Cost": 386291.56, "Plan Rows": 954323, "Plan Width": 45, "Actual Min Startup Time": 1772.978, "Actual Max Startup Time": 1772.978, "Actual Min Total Time": 1772.978, "Actual Max Total Time": 1772.978, "Actual Total Rows": 12, "Max Hash Buckets": 1048576, "Min Hash Buckets": 1048576, "Max Hash Batches": 1, "Min Hash Batches": 1, "Max Original Hash Batches": 1, "Min Original Hash Batches": 1, "Max Peak Memory Usage": 1, "min Peak Memory Usage": 1, "Plans": [{"Node Type": "Streaming(type: LOCAL GATHER dop: 1/64)", "Parent Relationship": "Outer", "Startup Cost": 162901.55, "Total Cost": 386291.56, "Plan Rows": 954323, "Plan Width": 45, "Actual Min Startup Time": 1770.895, "Actual Max Startup Time": 1770.895, "Actual Min Total Time": 1772.939, "Actual Max Total Time": 1772.939, "Actual Total Rows": 12, "Plans": [{"Node Type": "Hash Join", "Parent Relationship": "Outer", "Join Type": "Inner", "Startup Cost": 162901.55, "Total Cost": 366603.99, "Plan Rows": 954323, "Plan Width": 45, "Actual Min Startup Time": 1051.258, "Actual Max Startup Time": 1368.871, "Actual Min Total Time": 1051.258, "Actual Max Total Time": 1368.871, "Actual Total Rows": 12, "Inner Unique": true, "Hash Cond": "(ci.person_role_id = chn.id), (LLVM Optimized, Jit Execute)", "Plans": [{"Node Type": "Streaming(type: LOCAL REDISTRIBUTE dop: 64/64)", "Parent Relationship": "Outer", "Startup Cost": 129035.53, "Total Cost": 332473.51, "Plan Rows": 1968625, "Plan Width": 33, "Actual Min Startup Time": 0.324, "Actual Max Startup Time": 772.355, "Actual Min Total Time": 652.101, "Actual Max Total Time": 772.355, "Actual Total Rows": 1071330, "Plans": [{"Node Type": "Hash Join", "Parent Relationship": "Outer", "Join Type": "Inner", "Startup Cost": 129035.53, "Total Cost": 267608.7, "Plan Rows": 1968625, "Plan Width": 33, "Actual Min Startup Time": 216.428, "Actual Max Startup Time": 564.106, "Actual Min Total Time": 457.061, "Actual Max Total Time": 893.331, "Actual Total Rows": 1071330, "Inner Unique": true, "Hash Cond": "(ci.movie_id = t.id), (LLVM Optimized, Jit Execute)", "Plans": [{"Node Type": "Streaming(type: LOCAL REDISTRIBUTE dop: 64/64)", "Parent Relationship": "Outer", "Startup Cost": 0.0, "Total Cost": 138181.4, "Plan Rows": 1436424, "Plan Width": 12, "Actual Min Startup Time": 0.224, "Actual Max Startup Time": 65.822, "Actual Min Total Time": 189.689, "Actual Max Total Time": 355.253, "Actual Total Rows": 1435439, "Plans": [{"Node Type": "Seq Scan", "Parent Relationship": "Outer", "Relation Name": "cast_info", "Alias": "ci", "Startup Cost": 0.0, "Total Cost": 73820.73, "Plan Rows": 1436424, "Plan Width": 12, "Actual Min Startup Time": 14.06, "Actual Max Startup Time": 104.928, "Actual Min Total Time": 178.13, "Actual Max Total Time": 267.3, "Actual Total Rows": 1435439, "Filter": "((note)::text ~~ '%(producer)%'::text), (LLVM Optimized, Jit Execute)", "Rows Removed by Filter": 34808904}]}, {"Node Type": "Hash", "Parent Relationship": "Inner", "Startup Cost": 128693.96, "Total Cost": 128693.96, "Plan Rows": 1748840, "Plan Width": 21, "Actual Min Startup Time": 215.79, "Actual Max Startup Time": 563.556, "Actual Min Total Time": 215.79, "Actual Max Total Time": 563.556, "Actual Total Rows": 1749032, "Max Hash Buckets": 32768, "Min Hash Buckets": 32768, "Max Hash Batches": 1, "Min Hash Batches": 1, "Max Original Hash Batches": 1, "Min Original Hash Batches": 1, "Max Peak Memory Usage": 1467, "min Peak Memory Usage": 1467, "Plans": [{"Node Type": "Streaming(type: LOCAL REDISTRIBUTE dop: 64/64)", "Parent Relationship": "Outer", "Startup Cost": 0.0, "Total Cost": 128693.96, "Plan Rows": 1748840, "Plan Width": 21, "Actual Min Startup Time": 0.129, "Actual Max Startup Time": 217.095, "Actual Min Total Time": 175.094, "Actual Max Total Time": 547.198, "Actual Total Rows": 1749032, "Plans": [{"Node Type": "Seq Scan", "Parent Relationship": "Outer", "Relation Name": "title", "Alias": "t", "Startup Cost": 0.0, "Total Cost": 64037.34, "Plan Rows": 1748840, "Plan Width": 21, "Actual Min Startup Time": 0.033, "Actual Max Startup Time": 0.11, "Actual Min Total Time": 17.019, "Actual Max Total Time": 53.031, "Actual Total Rows": 1749032, "Filter": "(production_year > 1990), (LLVM Optimized, Jit Execute)", "Rows Removed by Filter": 779279}]}]}]}]}, {"Node Type": "Hash", "Parent Relationship": "Inner", "Startup Cost": 130029.32, "Total Cost": 130029.32, "Plan Rows": 3140338, "Plan Width": 20, "Actual Min Startup Time": 278.829, "Actual Max Startup Time": 596.445, "Actual Min Total Time": 278.829, "Actual Max Total Time": 596.445, "Actual Total Rows": 3140338, "Max Hash Buckets": 65536, "Min Hash Buckets": 65536, "Max Hash Batches": 1, "Min Hash Batches": 1, "Max Original Hash Batches": 1, "Min Original Hash Batches": 1, "Max Peak Memory Usage": 2583, "min Peak Memory Usage": 2583, "Plans": [{"Node Type": "Streaming(type: LOCAL REDISTRIBUTE dop: 64/64)", "Parent Relationship": "Outer", "Startup Cost": 0.0, "Total Cost": 130029.32, "Plan Rows": 3140338, "Plan Width": 20, "Actual Min Startup Time": 0.123, "Actual Max Startup Time": 61.811, "Actual Min Total Time": 193.575, "Actual Max Total Time": 548.555, "Actual Total Rows": 3140338, "Plans": [{"Node Type": "Seq Scan", "Parent Relationship": "Outer", "Relation Name": "char_name", "Alias": "chn", "Startup Cost": 0.0, "Total Cost": 64054.58, "Plan Rows": 3140338, "Plan Width": 20, "Actual Min Startup Time": 0.02, "Actual Max Startup Time": 0.066, "Actual Min Total Time": 18.533, "Actual Max Total Time": 43.707, "Actual Total Rows": 3140338}]}]}]}]}]}]}, {"Node Type": "Hash", "Parent Relationship": "Inner", "Startup Cost": 1.12, "Total Cost": 1.12, "Plan Rows": 12, "Plan Width": 4, "Actual Min Startup Time": 0.02, "Actual Max Startup Time": 0.02, "Actual Min Total Time": 0.02, "Actual Max Total Time": 0.02, "Actual Total Rows": 12, "Max Hash Buckets": 32768, "Min Hash Buckets": 32768, "Max Hash Batches": 1, "Min Hash Batches": 1, "Max Original Hash Batches": 1, "Min Original Hash Batches": 1, "Max Peak Memory Usage": 1, "min Peak Memory Usage": 1, "Plans": [{"Node Type": "Seq Scan", "Parent Relationship": "Outer", "Relation Name": "role_type", "Alias": "rt", "Startup Cost": 0.0, "Total Cost": 1.12, "Plan Rows": 12, "Plan Width": 4, "Actual Min Startup Time": 0.011, "Actual Max Startup Time": 0.011, "Actual Min Total Time": 0.011, "Actual Max Total Time": 0.011, "Actual Total Rows": 12}]}]}, {"Node Type": "Hash", "Parent Relationship": "Inner", "Startup Cost": 1.03, "Total Cost": 1.03, "Plan Rows": 3, "Plan Width": 4, "Actual Min Startup Time": 0.056, "Actual Max Startup Time": 0.056, "Actual Min Total Time": 0.056, "Actual Max Total Time": 0.056, "Actual Total Rows": 3, "Max Hash Buckets": 32768, "Min Hash Buckets": 32768, "Max Hash Batches": 1, "Min Hash Batches": 1, "Max Original Hash Batches": 1, "Min Original Hash Batches": 1, "Max Peak Memory Usage": 1, "min Peak Memory Usage": 1, "Plans": [{"Node Type": "Seq Scan", "Parent Relationship": "Outer", "Relation Name": "company_type", "Alias": "ct", "Startup Cost": 0.0, "Total Cost": 1.03, "Plan Rows": 3, "Plan Width": 4, "Actual Min Startup Time": 0.027, "Actual Max Startup Time": 0.027, "Actual Min Total Time": 0.03, "Actual Max Total Time": 0.03, "Actual Total Rows": 3}]}]}]}, "Triggers": [], "Planner Runtime": 79.157, "Total Runtime": 3616.873, "Unique SQL Id": 3145361615}}, "(64, 67)": {"explain_plan": {"Plan": {"Node Type": "Aggregate", "Strategy": "Plain", "Startup Cost": 1963906.79, "Total Cost": 1963906.8, "Plan Rows": 1, "Plan Width": 97, "Plans": [{"Node Type": "Hash Join", "Parent Relationship": "Outer", "Join Type": "Inner", "Startup Cost": 1218973.64, "Total Cost": 1959059.72, "Plan Rows": 969413, "Plan Width": 33, "Inner Unique": true, "Hash Cond": "(mc.company_type_id = ct.id), (LLVM Optimized)", "Plans": [{"Node Type": "Hash Join", "Parent Relationship": "Outer", "Join Type": "Inner", "Startup Cost": 1218961.31, "Total Cost": 1945717.96, "Plan Rows": 969413, "Plan Width": 37, "Inner Unique": false, "Hash Cond": "(ci.movie_id = t.id), (LLVM Optimized)", "Plans": [{"Node Type": "Hash Join", "Parent Relationship": "Outer", "Join Type": "Inner", "Startup Cost": 909656.04, "Total Cost": 1624107.14, "Plan Rows": 696330, "Plan Width": 20, "Inner Unique": true, "Hash Cond": "(ci.role_id = rt.id), (LLVM Optimized)", "Plans": [{"Node Type": "Hash Join", "Parent Relationship": "Outer", "Join Type": "Inner", "Startup Cost": 909643.46, "Total Cost": 1614520.02, "Plan Rows": 696330, "Plan Width": 24, "Inner Unique": true, "Hash Cond": "(ci.person_role_id = chn.id), (LLVM Optimized)", "Plans": [{"Node Type": "Bitmap Heap Scan", "Parent Relationship": "Outer", "Relation Name": "cast_info", "Alias": "ci", "Startup Cost": 739944.83, "Total Cost": 1432471.5, "Plan Rows": 1436424, "Plan Width": 12, "Filter": "((note)::text ~~ '%(producer)%'::text), (LLVM Optimized)", "Plans": [{"Node Type": "Bitmap Index Scan", "Parent Relationship": "Outer", "Index Name": "person_role_id_cast_info", "Startup Cost": 0.0, "Total Cost": 739585.72, "Plan Rows": 36259494, "Plan Width": 0}]}, {"Node Type": "Hash", "Parent Relationship": "Inner", "Startup Cost": 130444.4, "Total Cost": 130444.4, "Plan Rows": 3140338, "Plan Width": 20, "Plans": [{"Node Type": "Bitmap Heap Scan", "Parent Relationship": "Outer", "Relation Name": "char_name", "Alias": "chn", "Startup Cost": 62951.02, "Total Cost": 130444.4, "Plan Rows": 3140338, "Plan Width": 20, "Plans": [{"Node Type": "Bitmap Index Scan", "Parent Relationship": "Outer", "Index Name": "char_name_pkey", "Startup Cost": 0.0, "Total Cost": 62165.94, "Plan Rows": 3140338, "Plan Width": 0}]}]}]}, {"Node Type": "Hash", "Parent Relationship": "Inner", "Startup Cost": 12.43, "Total Cost": 12.43, "Plan Rows": 12, "Plan Width": 4, "Plans": [{"Node Type": "Bitmap Heap Scan", "Parent Relationship": "Outer", "Relation Name": "role_type", "Alias": "rt", "Startup Cost": 8.31, "Total Cost": 12.43, "Plan Rows": 12, "Plan Width": 4, "Plans": [{"Node Type": "Bitmap Index Scan", "Parent Relationship": "Outer", "Index Name": "role_type_pkey", "Startup Cost": 0.0, "Total Cost": 8.31, "Plan Rows": 12, "Plan Width": 0}]}]}]}, {"Node Type": "Hash", "Parent Relationship": "Inner", "Startup Cost": 287098.71, "Total Cost": 287098.71, "Plan Rows": 1776525, "Plan Width": 29, "Plans": [{"Node Type": "Hash Join", "Parent Relationship": "Outer", "Join Type": "Inner", "Startup Cost": 200100.17, "Total Cost": 287098.71, "Plan Rows": 1776525, "Plan Width": 29, "Inner Unique": true, "Hash Cond": "(mc.movie_id = t.id), (LLVM Optimized)", "Plans": [{"Node Type": "Hash Join", "Parent Relationship": "Outer", "Join Type": "Inner", "Startup Cost": 61758.77, "Total Cost": 126183.39, "Plan Rows": 1282311, "Plan Width": 8, "Inner Unique": true, "Hash Cond": "(mc.company_id = cn.id), (LLVM Optimized)", "Plans": [{"Node Type": "Bitmap Heap Scan", "Parent Relationship": "Outer", "Relation Name": "movie_companies", "Alias": "mc", "Startup Cost": 51990.17, "Total Cost": 93807.45, "Plan Rows": 2609128, "Plan Width": 12, "Plans": [{"Node Type": "Bitmap Index Scan", "Parent Relationship": "Outer", "Index Name": "movie_id_movie_companies", "Startup Cost": 0.0, "Total Cost": 51337.89, "Plan Rows": 2609128, "Plan Width": 0}]}, {"Node Type": "Hash", "Parent Relationship": "Inner", "Startup Cost": 8703.97, "Total Cost": 8703.97, "Plan Rows": 85170, "Plan Width": 4, "Plans": [{"Node Type": "Bitmap Heap Scan", "Parent Relationship": "Outer", "Relation Name": "company_name", "Alias": "cn", "Startup Cost": 2800.52, "Total Cost": 8703.97, "Plan Rows": 85170, "Plan Width": 4, "Filter": "((country_code)::text = '[us]'::text)", "Plans": [{"Node Type": "Bitmap Index Scan", "Parent Relationship": "Outer", "Index Name": "company_name_pkey", "Startup Cost": 0.0, "Total Cost": 2779.23, "Plan Rows": 234996, "Plan Width": 0}]}]}]}, {"Node Type": "Hash", "Parent Relationship": "Inner", "Startup Cost": 116480.9, "Total Cost": 116480.9, "Plan Rows": 1748840, "Plan Width": 21, "Plans": [{"Node Type": "Bitmap Heap Scan", "Parent Relationship": "Outer", "Relation Name": "title", "Alias": "t", "Startup Cost": 50091.01, "Total Cost": 116480.9, "Plan Rows": 1748840, "Plan Width": 21, "Filter": "(production_year > 1990), (LLVM Optimized)", "Plans": [{"Node Type": "Bitmap Index Scan", "Parent Relationship": "Outer", "Index Name": "title_pkey", "Startup Cost": 0.0, "Total Cost": 49653.81, "Plan Rows": 2528311, "Plan Width": 0}]}]}]}]}]}, {"Node Type": "Hash", "Parent Relationship": "Inner", "Startup Cost": 12.3, "Total Cost": 12.3, "Plan Rows": 3, "Plan Width": 4, "Plans": [{"Node Type": "Bitmap Heap Scan", "Parent Relationship": "Outer", "Relation Name": "company_type", "Alias": "ct", "Startup Cost": 8.27, "Total Cost": 12.3, "Plan Rows": 3, "Plan Width": 4, "Plans": [{"Node Type": "Bitmap Index Scan", "Parent Relationship": "Outer", "Index Name": "company_type_pkey", "Startup Cost": 0.0, "Total Cost": 8.27, "Plan Rows": 3, "Plan Width": 0}]}]}]}]}, "Unique SQL Id": 3145361615}, "explain_analyze_plan": null}, "(64, 68)": {"explain_plan": {"Plan": {"Node Type": "Aggregate", "Strategy": "Plain", "Startup Cost": 515623.68, "Total Cost": 515623.69, "Plan Rows": 1, "Plan Width": 97, "Plans": [{"Node Type": "Hash Join", "Parent Relationship": "Outer", "Join Type": "Inner", "Startup Cost": 405190.17, "Total Cost": 510776.61, "Plan Rows": 969413, "Plan Width": 33, "Inner Unique": true, "Hash Cond": "(mc.company_type_id = ct.id), (LLVM Optimized)", "Plans": [{"Node Type": "Hash Join", "Parent Relationship": "Outer", "Join Type": "Inner", "Startup Cost": 405189.1, "Total Cost": 497446.12, "Plan Rows": 969413, "Plan Width": 37, "Inner Unique": true, "Hash Cond": "(ci.role_id = rt.id), (LLVM Optimized)", "Plans": [{"Node Type": "Hash Join", "Parent Relationship": "Outer", "Join Type": "Inner", "Startup Cost": 405188.67, "Total Cost": 484116.26, "Plan Rows": 969413, "Plan Width": 41, "Inner Unique": false, "Hash Cond": "(mc.movie_id = t.id), (LLVM Optimized)", "Plans": [{"Node Type": "Hash Join", "Parent Relationship": "Outer", "Join Type": "Inner", "Startup Cost": 6968.08, "Total Cost": 71392.69, "Plan Rows": 1282311, "Plan Width": 8, "Inner Unique": true, "Hash Cond": "(mc.company_id = cn.id), (LLVM Optimized)", "Plans": [{"Node Type": "Seq Scan", "Parent Relationship": "Outer", "Relation Name": "movie_companies", "Alias": "mc", "Startup Cost": 0.0, "Total Cost": 41817.28, "Plan Rows": 2609128, "Plan Width": 12}, {"Node Type": "Hash", "Parent Relationship": "Inner", "Startup Cost": 5903.45, "Total Cost": 5903.45, "Plan Rows": 85170, "Plan Width": 4, "Plans": [{"Node Type": "Seq Scan", "Parent Relationship": "Outer", "Relation Name": "company_name", "Alias": "cn", "Startup Cost": 0.0, "Total Cost": 5903.45, "Plan Rows": 85170, "Plan Width": 4, "Filter": "((country_code)::text = '[us]'::text)"}]}]}, {"Node Type": "Hash", "Parent Relationship": "Inner", "Startup Cost": 386291.56, "Total Cost": 386291.56, "Plan Rows": 954323, "Plan Width": 45, "Plans": [{"Node Type": "Streaming(type: LOCAL GATHER dop: 1/64)", "Parent Relationship": "Outer", "Startup Cost": 162901.55, "Total Cost": 386291.56, "Plan Rows": 954323, "Plan Width": 45, "Plans": [{"Node Type": "Hash Join", "Parent Relationship": "Outer", "Join Type": "Inner", "Startup Cost": 162901.55, "Total Cost": 366603.99, "Plan Rows": 954323, "Plan Width": 45, "Inner Unique": true, "Hash Cond": "(ci.person_role_id = chn.id), (LLVM Optimized)", "Plans": [{"Node Type": "Streaming(type: LOCAL REDISTRIBUTE dop: 64/64)", "Parent Relationship": "Outer", "Startup Cost": 129035.53, "Total Cost": 332473.51, "Plan Rows": 1968625, "Plan Width": 33, "Plans": [{"Node Type": "Hash Join", "Parent Relationship": "Outer", "Join Type": "Inner", "Startup Cost": 129035.53, "Total Cost": 267608.7, "Plan Rows": 1968625, "Plan Width": 33, "Inner Unique": true, "Hash Cond": "(ci.movie_id = t.id), (LLVM Optimized)", "Plans": [{"Node Type": "Streaming(type: LOCAL REDISTRIBUTE dop: 64/64)", "Parent Relationship": "Outer", "Startup Cost": 0.0, "Total Cost": 138181.4, "Plan Rows": 1436424, "Plan Width": 12, "Plans": [{"Node Type": "Seq Scan", "Parent Relationship": "Outer", "Relation Name": "cast_info", "Alias": "ci", "Startup Cost": 0.0, "Total Cost": 73820.73, "Plan Rows": 1436424, "Plan Width": 12, "Filter": "((note)::text ~~ '%(producer)%'::text), (LLVM Optimized)"}]}, {"Node Type": "Hash", "Parent Relationship": "Inner", "Startup Cost": 128693.96, "Total Cost": 128693.96, "Plan Rows": 1748840, "Plan Width": 21, "Plans": [{"Node Type": "Streaming(type: LOCAL REDISTRIBUTE dop: 64/64)", "Parent Relationship": "Outer", "Startup Cost": 0.0, "Total Cost": 128693.96, "Plan Rows": 1748840, "Plan Width": 21, "Plans": [{"Node Type": "Seq Scan", "Parent Relationship": "Outer", "Relation Name": "title", "Alias": "t", "Startup Cost": 0.0, "Total Cost": 64037.34, "Plan Rows": 1748840, "Plan Width": 21, "Filter": "(production_year > 1990), (LLVM Optimized)"}]}]}]}]}, {"Node Type": "Hash", "Parent Relationship": "Inner", "Startup Cost": 130029.32, "Total Cost": 130029.32, "Plan Rows": 3140338, "Plan Width": 20, "Plans": [{"Node Type": "Streaming(type: LOCAL REDISTRIBUTE dop: 64/64)", "Parent Relationship": "Outer", "Startup Cost": 0.0, "Total Cost": 130029.32, "Plan Rows": 3140338, "Plan Width": 20, "Plans": [{"Node Type": "Seq Scan", "Parent Relationship": "Outer", "Relation Name": "char_name", "Alias": "chn", "Startup Cost": 0.0, "Total Cost": 64054.58, "Plan Rows": 3140338, "Plan Width": 20}]}]}]}]}]}]}, {"Node Type": "Hash", "Parent Relationship": "Inner", "Startup Cost": 1.12, "Total Cost": 1.12, "Plan Rows": 12, "Plan Width": 4, "Plans": [{"Node Type": "Seq Scan", "Parent Relationship": "Outer", "Relation Name": "role_type", "Alias": "rt", "Startup Cost": 0.0, "Total Cost": 1.12, "Plan Rows": 12, "Plan Width": 4}]}]}, {"Node Type": "Hash", "Parent Relationship": "Inner", "Startup Cost": 1.03, "Total Cost": 1.03, "Plan Rows": 3, "Plan Width": 4, "Plans": [{"Node Type": "Seq Scan", "Parent Relationship": "Outer", "Relation Name": "company_type", "Alias": "ct", "Startup Cost": 0.0, "Total Cost": 1.03, "Plan Rows": 3, "Plan Width": 4}]}]}]}, "Unique SQL Id": 3145361615}, "explain_analyze_plan": {"Plan": {"Node Type": "Aggregate", "Strategy": "Plain", "Startup Cost": 515623.68, "Total Cost": 515623.69, "Plan Rows": 1, "Plan Width": 97, "Actual Min Startup Time": 3512.81, "Actual Max Startup Time": 3512.81, "Actual Min Total Time": 3512.81, "Actual Max Total Time": 3512.81, "Actual Total Rows": 1, "Plans": [{"Node Type": "Hash Join", "Parent Relationship": "Outer", "Join Type": "Inner", "Startup Cost": 405190.17, "Total Cost": 510776.61, "Plan Rows": 969413, "Plan Width": 33, "Actual Min Startup Time": 3150.989, "Actual Max Startup Time": 3150.989, "Actual Min Total Time": 3512.763, "Actual Max Total Time": 3512.763, "Actual Total Rows": 4, "Inner Unique": true, "Hash Cond": "(mc.company_type_id = ct.id), (LLVM Optimized, Jit Execute)", "Plans": [{"Node Type": "Hash Join", "Parent Relationship": "Outer", "Join Type": "Inner", "Startup Cost": 405189.1, "Total Cost": 497446.12, "Plan Rows": 969413, "Plan Width": 37, "Actual Min Startup Time": 2306.919, "Actual Max Startup Time": 2306.919, "Actual Min Total Time": 3512.569, "Actual Max Total Time": 3512.569, "Actual Total Rows": 10, "Inner Unique": true, "Hash Cond": "(ci.role_id = rt.id), (LLVM Optimized, Jit Execute)", "Plans": [{"Node Type": "Hash Join", "Parent Relationship": "Outer", "Join Type": "Inner", "Startup Cost": 405188.67, "Total Cost": 484116.26, "Plan Rows": 969413, "Plan Width": 41, "Actual Min Startup Time": 2306.816, "Actual Max Startup Time": 2306.816, "Actual Min Total Time": 3512.299, "Actual Max Total Time": 3512.299, "Actual Total Rows": 10, "Inner Unique": false, "Hash Cond": "(mc.movie_id = t.id), (LLVM Optimized, Jit Execute)", "Plans": [{"Node Type": "Hash Join", "Parent Relationship": "Outer", "Join Type": "Inner", "Startup Cost": 6968.08, "Total Cost": 71392.69, "Plan Rows": 1282311, "Plan Width": 8, "Actual Min Startup Time": 121.767, "Actual Max Startup Time": 121.767, "Actual Min Total Time": 1517.199, "Actual Max Total Time": 1517.199, "Actual Total Rows": 1153797, "Inner Unique": true, "Hash Cond": "(mc.company_id = cn.id), (LLVM Optimized, Jit Execute)", "Plans": [{"Node Type": "Seq Scan", "Parent Relationship": "Outer", "Relation Name": "movie_companies", "Alias": "mc", "Startup Cost": 0.0, "Total Cost": 41817.28, "Plan Rows": 2609128, "Plan Width": 12, "Actual Min Startup Time": 0.051, "Actual Max Startup Time": 0.051, "Actual Min Total Time": 586.979, "Actual Max Total Time": 586.979, "Actual Total Rows": 2609128}, {"Node Type": "Hash", "Parent Relationship": "Inner", "Startup Cost": 5903.45, "Total Cost": 5903.45, "Plan Rows": 85170, "Plan Width": 4, "Actual Min Startup Time": 121.51, "Actual Max Startup Time": 121.51, "Actual Min Total Time": 121.51, "Actual Max Total Time": 121.51, "Actual Total Rows": 84843, "Max Hash Buckets": 131072, "Min Hash Buckets": 131072, "Max Hash Batches": 1, "Min Hash Batches": 1, "Max Original Hash Batches": 1, "Min Original Hash Batches": 1, "Max Peak Memory Usage": 2983, "min Peak Memory Usage": 2983, "Plans": [{"Node Type": "Seq Scan", "Parent Relationship": "Outer", "Relation Name": "company_name", "Alias": "cn", "Startup Cost": 0.0, "Total Cost": 5903.45, "Plan Rows": 85170, "Plan Width": 4, "Actual Min Startup Time": 0.037, "Actual Max Startup Time": 0.037, "Actual Min Total Time": 93.104, "Actual Max Total Time": 93.104, "Actual Total Rows": 84843, "Filter": "((country_code)::text = '[us]'::text)", "Rows Removed by Filter": 150153}]}]}, {"Node Type": "Hash", "Parent Relationship": "Inner", "Startup Cost": 386291.56, "Total Cost": 386291.56, "Plan Rows": 954323, "Plan Width": 45, "Actual Min Startup Time": 1772.978, "Actual Max Startup Time": 1772.978, "Actual Min Total Time": 1772.978, "Actual Max Total Time": 1772.978, "Actual Total Rows": 12, "Max Hash Buckets": 1048576, "Min Hash Buckets": 1048576, "Max Hash Batches": 1, "Min Hash Batches": 1, "Max Original Hash Batches": 1, "Min Original Hash Batches": 1, "Max Peak Memory Usage": 1, "min Peak Memory Usage": 1, "Plans": [{"Node Type": "Streaming(type: LOCAL GATHER dop: 1/64)", "Parent Relationship": "Outer", "Startup Cost": 162901.55, "Total Cost": 386291.56, "Plan Rows": 954323, "Plan Width": 45, "Actual Min Startup Time": 1770.895, "Actual Max Startup Time": 1770.895, "Actual Min Total Time": 1772.939, "Actual Max Total Time": 1772.939, "Actual Total Rows": 12, "Plans": [{"Node Type": "Hash Join", "Parent Relationship": "Outer", "Join Type": "Inner", "Startup Cost": 162901.55, "Total Cost": 366603.99, "Plan Rows": 954323, "Plan Width": 45, "Actual Min Startup Time": 1051.258, "Actual Max Startup Time": 1368.871, "Actual Min Total Time": 1051.258, "Actual Max Total Time": 1368.871, "Actual Total Rows": 12, "Inner Unique": true, "Hash Cond": "(ci.person_role_id = chn.id), (LLVM Optimized, Jit Execute)", "Plans": [{"Node Type": "Streaming(type: LOCAL REDISTRIBUTE dop: 64/64)", "Parent Relationship": "Outer", "Startup Cost": 129035.53, "Total Cost": 332473.51, "Plan Rows": 1968625, "Plan Width": 33, "Actual Min Startup Time": 0.324, "Actual Max Startup Time": 772.355, "Actual Min Total Time": 652.101, "Actual Max Total Time": 772.355, "Actual Total Rows": 1071330, "Plans": [{"Node Type": "Hash Join", "Parent Relationship": "Outer", "Join Type": "Inner", "Startup Cost": 129035.53, "Total Cost": 267608.7, "Plan Rows": 1968625, "Plan Width": 33, "Actual Min Startup Time": 216.428, "Actual Max Startup Time": 564.106, "Actual Min Total Time": 457.061, "Actual Max Total Time": 893.331, "Actual Total Rows": 1071330, "Inner Unique": true, "Hash Cond": "(ci.movie_id = t.id), (LLVM Optimized, Jit Execute)", "Plans": [{"Node Type": "Streaming(type: LOCAL REDISTRIBUTE dop: 64/64)", "Parent Relationship": "Outer", "Startup Cost": 0.0, "Total Cost": 138181.4, "Plan Rows": 1436424, "Plan Width": 12, "Actual Min Startup Time": 0.224, "Actual Max Startup Time": 65.822, "Actual Min Total Time": 189.689, "Actual Max Total Time": 355.253, "Actual Total Rows": 1435439, "Plans": [{"Node Type": "Seq Scan", "Parent Relationship": "Outer", "Relation Name": "cast_info", "Alias": "ci", "Startup Cost": 0.0, "Total Cost": 73820.73, "Plan Rows": 1436424, "Plan Width": 12, "Actual Min Startup Time": 14.06, "Actual Max Startup Time": 104.928, "Actual Min Total Time": 178.13, "Actual Max Total Time": 267.3, "Actual Total Rows": 1435439, "Filter": "((note)::text ~~ '%(producer)%'::text), (LLVM Optimized, Jit Execute)", "Rows Removed by Filter": 34808904}]}, {"Node Type": "Hash", "Parent Relationship": "Inner", "Startup Cost": 128693.96, "Total Cost": 128693.96, "Plan Rows": 1748840, "Plan Width": 21, "Actual Min Startup Time": 215.79, "Actual Max Startup Time": 563.556, "Actual Min Total Time": 215.79, "Actual Max Total Time": 563.556, "Actual Total Rows": 1749032, "Max Hash Buckets": 32768, "Min Hash Buckets": 32768, "Max Hash Batches": 1, "Min Hash Batches": 1, "Max Original Hash Batches": 1, "Min Original Hash Batches": 1, "Max Peak Memory Usage": 1467, "min Peak Memory Usage": 1467, "Plans": [{"Node Type": "Streaming(type: LOCAL REDISTRIBUTE dop: 64/64)", "Parent Relationship": "Outer", "Startup Cost": 0.0, "Total Cost": 128693.96, "Plan Rows": 1748840, "Plan Width": 21, "Actual Min Startup Time": 0.129, "Actual Max Startup Time": 217.095, "Actual Min Total Time": 175.094, "Actual Max Total Time": 547.198, "Actual Total Rows": 1749032, "Plans": [{"Node Type": "Seq Scan", "Parent Relationship": "Outer", "Relation Name": "title", "Alias": "t", "Startup Cost": 0.0, "Total Cost": 64037.34, "Plan Rows": 1748840, "Plan Width": 21, "Actual Min Startup Time": 0.033, "Actual Max Startup Time": 0.11, "Actual Min Total Time": 17.019, "Actual Max Total Time": 53.031, "Actual Total Rows": 1749032, "Filter": "(production_year > 1990), (LLVM Optimized, Jit Execute)", "Rows Removed by Filter": 779279}]}]}]}]}, {"Node Type": "Hash", "Parent Relationship": "Inner", "Startup Cost": 130029.32, "Total Cost": 130029.32, "Plan Rows": 3140338, "Plan Width": 20, "Actual Min Startup Time": 278.829, "Actual Max Startup Time": 596.445, "Actual Min Total Time": 278.829, "Actual Max Total Time": 596.445, "Actual Total Rows": 3140338, "Max Hash Buckets": 65536, "Min Hash Buckets": 65536, "Max Hash Batches": 1, "Min Hash Batches": 1, "Max Original Hash Batches": 1, "Min Original Hash Batches": 1, "Max Peak Memory Usage": 2583, "min Peak Memory Usage": 2583, "Plans": [{"Node Type": "Streaming(type: LOCAL REDISTRIBUTE dop: 64/64)", "Parent Relationship": "Outer", "Startup Cost": 0.0, "Total Cost": 130029.32, "Plan Rows": 3140338, "Plan Width": 20, "Actual Min Startup Time": 0.123, "Actual Max Startup Time": 61.811, "Actual Min Total Time": 193.575, "Actual Max Total Time": 548.555, "Actual Total Rows": 3140338, "Plans": [{"Node Type": "Seq Scan", "Parent Relationship": "Outer", "Relation Name": "char_name", "Alias": "chn", "Startup Cost": 0.0, "Total Cost": 64054.58, "Plan Rows": 3140338, "Plan Width": 20, "Actual Min Startup Time": 0.02, "Actual Max Startup Time": 0.066, "Actual Min Total Time": 18.533, "Actual Max Total Time": 43.707, "Actual Total Rows": 3140338}]}]}]}]}]}]}, {"Node Type": "Hash", "Parent Relationship": "Inner", "Startup Cost": 1.12, "Total Cost": 1.12, "Plan Rows": 12, "Plan Width": 4, "Actual Min Startup Time": 0.02, "Actual Max Startup Time": 0.02, "Actual Min Total Time": 0.02, "Actual Max Total Time": 0.02, "Actual Total Rows": 12, "Max Hash Buckets": 32768, "Min Hash Buckets": 32768, "Max Hash Batches": 1, "Min Hash Batches": 1, "Max Original Hash Batches": 1, "Min Original Hash Batches": 1, "Max Peak Memory Usage": 1, "min Peak Memory Usage": 1, "Plans": [{"Node Type": "Seq Scan", "Parent Relationship": "Outer", "Relation Name": "role_type", "Alias": "rt", "Startup Cost": 0.0, "Total Cost": 1.12, "Plan Rows": 12, "Plan Width": 4, "Actual Min Startup Time": 0.011, "Actual Max Startup Time": 0.011, "Actual Min Total Time": 0.011, "Actual Max Total Time": 0.011, "Actual Total Rows": 12}]}]}, {"Node Type": "Hash", "Parent Relationship": "Inner", "Startup Cost": 1.03, "Total Cost": 1.03, "Plan Rows": 3, "Plan Width": 4, "Actual Min Startup Time": 0.056, "Actual Max Startup Time": 0.056, "Actual Min Total Time": 0.056, "Actual Max Total Time": 0.056, "Actual Total Rows": 3, "Max Hash Buckets": 32768, "Min Hash Buckets": 32768, "Max Hash Batches": 1, "Min Hash Batches": 1, "Max Original Hash Batches": 1, "Min Original Hash Batches": 1, "Max Peak Memory Usage": 1, "min Peak Memory Usage": 1, "Plans": [{"Node Type": "Seq Scan", "Parent Relationship": "Outer", "Relation Name": "company_type", "Alias": "ct", "Startup Cost": 0.0, "Total Cost": 1.03, "Plan Rows": 3, "Plan Width": 4, "Actual Min Startup Time": 0.027, "Actual Max Startup Time": 0.027, "Actual Min Total Time": 0.03, "Actual Max Total Time": 0.03, "Actual Total Rows": 3}]}]}]}, "Triggers": [], "Planner Runtime": 79.157, "Total Runtime": 3616.873, "Unique SQL Id": 3145361615}}, "(64, 69)": {"explain_plan": {"Plan": {"Node Type": "Aggregate", "Strategy": "Plain", "Startup Cost": 1474765.22, "Total Cost": 1474765.23, "Plan Rows": 1, "Plan Width": 97, "Plans": [{"Node Type": "Hash Join", "Parent Relationship": "Outer", "Join Type": "Inner", "Startup Cost": 389339.73, "Total Cost": 1469918.15, "Plan Rows": 969413, "Plan Width": 33, "Inner Unique": true, "Hash Cond": "(mc.company_type_id = ct.id), (LLVM Optimized)", "Plans": [{"Node Type": "Hash Join", "Parent Relationship": "Outer", "Join Type": "Inner", "Startup Cost": 389327.4, "Total Cost": 1456576.39, "Plan Rows": 969413, "Plan Width": 37, "Inner Unique": false, "Hash Cond": "(ci.movie_id = t.id), (LLVM Optimized)", "Plans": [{"Node Type": "Hash Join", "Parent Relationship": "Outer", "Join Type": "Inner", "Startup Cost": 80687.05, "Total Cost": 1135630.49, "Plan Rows": 696330, "Plan Width": 20, "Inner Unique": true, "Hash Cond": "(ci.role_id = rt.id), (LLVM Optimized)", "Plans": [{"Node Type": "Merge Join", "Parent Relationship": "Outer", "Join Type": "Inner", "Startup Cost": 80674.47, "Total Cost": 1126861.56, "Plan Rows": 696330, "Plan Width": 24, "Inner Unique": false, "Merge Cond": "(chn.id = ci.person_role_id)", "Plans": [{"Node Type": "Index Scan", "Parent Relationship": "Outer", "Scan Direction": "Forward", "Index Name": "char_name_pkey", "Relation Name": "char_name", "Alias": "chn", "Startup Cost": 0.0, "Total Cost": 129875.46, "Plan Rows": 3140338, "Plan Width": 20}, {"Node Type": "Index Scan", "Parent Relationship": "Inner", "Scan Direction": "Forward", "Index Name": "person_role_id_cast_info", "Relation Name": "cast_info", "Alias": "ci", "Startup Cost": 0.0, "Total Cost": 2022508.08, "Plan Rows": 1436424, "Plan Width": 12, "Filter": "((note)::text ~~ '%(producer)%'::text), (LLVM Optimized)"}]}, {"Node Type": "Hash", "Parent Relationship": "Inner", "Startup Cost": 12.43, "Total Cost": 12.43, "Plan Rows": 12, "Plan Width": 4, "Plans": [{"Node Type": "Index Scan", "Parent Relationship": "Outer", "Scan Direction": "Forward", "Index Name": "role_type_pkey", "Relation Name": "role_type", "Alias": "rt", "Startup Cost": 0.0, "Total Cost": 12.43, "Plan Rows": 12, "Plan Width": 4}]}]}, {"Node Type": "Hash", "Parent Relationship": "Inner", "Startup Cost": 286433.79, "Total Cost": 286433.79, "Plan Rows": 1776525, "Plan Width": 29, "Plans": [{"Node Type": "Hash Join", "Parent Relationship": "Outer", "Join Type": "Inner", "Startup Cost": 148070.36, "Total Cost": 286433.79, "Plan Rows": 1776525, "Plan Width": 29, "Inner Unique": true, "Hash Cond": "(mc.movie_id = t.id), (LLVM Optimized)", "Plans": [{"Node Type": "Hash Join", "Parent Relationship": "Outer", "Join Type": "Inner", "Startup Cost": 9768.6, "Total Cost": 125558.11, "Plan Rows": 1282311, "Plan Width": 8, "Inner Unique": true, "Hash Cond": "(mc.company_id = cn.id), (LLVM Optimized)", "Plans": [{"Node Type": "Index Scan", "Parent Relationship": "Outer", "Scan Direction": "Forward", "Index Name": "company_type_id_movie_companies", "Relation Name": "movie_companies", "Alias": "mc", "Startup Cost": 0.0, "Total Cost": 93182.17, "Plan Rows": 2609128, "Plan Width": 12}, {"Node Type": "Hash", "Parent Relationship": "Inner", "Startup Cost": 8703.97, "Total Cost": 8703.97, "Plan Rows": 85170, "Plan Width": 4, "Plans": [{"Node Type": "Bitmap Heap Scan", "Parent Relationship": "Outer", "Relation Name": "company_name", "Alias": "cn", "Startup Cost": 2800.52, "Total Cost": 8703.97, "Plan Rows": 85170, "Plan Width": 4, "Filter": "((country_code)::text = '[us]'::text)", "Plans": [{"Node Type": "Bitmap Index Scan", "Parent Relationship": "Outer", "Index Name": "company_name_pkey", "Startup Cost": 0.0, "Total Cost": 2779.23, "Plan Rows": 234996, "Plan Width": 0}]}]}]}, {"Node Type": "Hash", "Parent Relationship": "Inner", "Startup Cost": 116441.27, "Total Cost": 116441.27, "Plan Rows": 1748840, "Plan Width": 21, "Plans": [{"Node Type": "Index Scan", "Parent Relationship": "Outer", "Scan Direction": "Forward", "Index Name": "title_pkey", "Relation Name": "title", "Alias": "t", "Startup Cost": 0.0, "Total Cost": 116441.27, "Plan Rows": 1748840, "Plan Width": 21, "Filter": "(production_year > 1990), (LLVM Optimized)"}]}]}]}]}, {"Node Type": "Hash", "Parent Relationship": "Inner", "Startup Cost": 12.29, "Total Cost": 12.29, "Plan Rows": 3, "Plan Width": 4, "Plans": [{"Node Type": "Index Scan", "Parent Relationship": "Outer", "Scan Direction": "Forward", "Index Name": "company_type_pkey", "Relation Name": "company_type", "Alias": "ct", "Startup Cost": 0.0, "Total Cost": 12.29, "Plan Rows": 3, "Plan Width": 4}]}]}]}, "Unique SQL Id": 3145361615}, "explain_analyze_plan": null}, "(64, 70)": {"explain_plan": {"Plan": {"Node Type": "Aggregate", "Strategy": "Plain", "Startup Cost": 515623.68, "Total Cost": 515623.69, "Plan Rows": 1, "Plan Width": 97, "Plans": [{"Node Type": "Hash Join", "Parent Relationship": "Outer", "Join Type": "Inner", "Startup Cost": 405190.17, "Total Cost": 510776.61, "Plan Rows": 969413, "Plan Width": 33, "Inner Unique": true, "Hash Cond": "(mc.company_type_id = ct.id), (LLVM Optimized)", "Plans": [{"Node Type": "Hash Join", "Parent Relationship": "Outer", "Join Type": "Inner", "Startup Cost": 405189.1, "Total Cost": 497446.12, "Plan Rows": 969413, "Plan Width": 37, "Inner Unique": true, "Hash Cond": "(ci.role_id = rt.id), (LLVM Optimized)", "Plans": [{"Node Type": "Hash Join", "Parent Relationship": "Outer", "Join Type": "Inner", "Startup Cost": 405188.67, "Total Cost": 484116.26, "Plan Rows": 969413, "Plan Width": 41, "Inner Unique": false, "Hash Cond": "(mc.movie_id = t.id), (LLVM Optimized)", "Plans": [{"Node Type": "Hash Join", "Parent Relationship": "Outer", "Join Type": "Inner", "Startup Cost": 6968.08, "Total Cost": 71392.69, "Plan Rows": 1282311, "Plan Width": 8, "Inner Unique": true, "Hash Cond": "(mc.company_id = cn.id), (LLVM Optimized)", "Plans": [{"Node Type": "Seq Scan", "Parent Relationship": "Outer", "Relation Name": "movie_companies", "Alias": "mc", "Startup Cost": 0.0, "Total Cost": 41817.28, "Plan Rows": 2609128, "Plan Width": 12}, {"Node Type": "Hash", "Parent Relationship": "Inner", "Startup Cost": 5903.45, "Total Cost": 5903.45, "Plan Rows": 85170, "Plan Width": 4, "Plans": [{"Node Type": "Seq Scan", "Parent Relationship": "Outer", "Relation Name": "company_name", "Alias": "cn", "Startup Cost": 0.0, "Total Cost": 5903.45, "Plan Rows": 85170, "Plan Width": 4, "Filter": "((country_code)::text = '[us]'::text)"}]}]}, {"Node Type": "Hash", "Parent Relationship": "Inner", "Startup Cost": 386291.56, "Total Cost": 386291.56, "Plan Rows": 954323, "Plan Width": 45, "Plans": [{"Node Type": "Streaming(type: LOCAL GATHER dop: 1/64)", "Parent Relationship": "Outer", "Startup Cost": 162901.55, "Total Cost": 386291.56, "Plan Rows": 954323, "Plan Width": 45, "Plans": [{"Node Type": "Hash Join", "Parent Relationship": "Outer", "Join Type": "Inner", "Startup Cost": 162901.55, "Total Cost": 366603.99, "Plan Rows": 954323, "Plan Width": 45, "Inner Unique": true, "Hash Cond": "(ci.person_role_id = chn.id), (LLVM Optimized)", "Plans": [{"Node Type": "Streaming(type: LOCAL REDISTRIBUTE dop: 64/64)", "Parent Relationship": "Outer", "Startup Cost": 129035.53, "Total Cost": 332473.51, "Plan Rows": 1968625, "Plan Width": 33, "Plans": [{"Node Type": "Hash Join", "Parent Relationship": "Outer", "Join Type": "Inner", "Startup Cost": 129035.53, "Total Cost": 267608.7, "Plan Rows": 1968625, "Plan Width": 33, "Inner Unique": true, "Hash Cond": "(ci.movie_id = t.id), (LLVM Optimized)", "Plans": [{"Node Type": "Streaming(type: LOCAL REDISTRIBUTE dop: 64/64)", "Parent Relationship": "Outer", "Startup Cost": 0.0, "Total Cost": 138181.4, "Plan Rows": 1436424, "Plan Width": 12, "Plans": [{"Node Type": "Seq Scan", "Parent Relationship": "Outer", "Relation Name": "cast_info", "Alias": "ci", "Startup Cost": 0.0, "Total Cost": 73820.73, "Plan Rows": 1436424, "Plan Width": 12, "Filter": "((note)::text ~~ '%(producer)%'::text), (LLVM Optimized)"}]}, {"Node Type": "Hash", "Parent Relationship": "Inner", "Startup Cost": 128693.96, "Total Cost": 128693.96, "Plan Rows": 1748840, "Plan Width": 21, "Plans": [{"Node Type": "Streaming(type: LOCAL REDISTRIBUTE dop: 64/64)", "Parent Relationship": "Outer", "Startup Cost": 0.0, "Total Cost": 128693.96, "Plan Rows": 1748840, "Plan Width": 21, "Plans": [{"Node Type": "Seq Scan", "Parent Relationship": "Outer", "Relation Name": "title", "Alias": "t", "Startup Cost": 0.0, "Total Cost": 64037.34, "Plan Rows": 1748840, "Plan Width": 21, "Filter": "(production_year > 1990), (LLVM Optimized)"}]}]}]}]}, {"Node Type": "Hash", "Parent Relationship": "Inner", "Startup Cost": 130029.32, "Total Cost": 130029.32, "Plan Rows": 3140338, "Plan Width": 20, "Plans": [{"Node Type": "Streaming(type: LOCAL REDISTRIBUTE dop: 64/64)", "Parent Relationship": "Outer", "Startup Cost": 0.0, "Total Cost": 130029.32, "Plan Rows": 3140338, "Plan Width": 20, "Plans": [{"Node Type": "Seq Scan", "Parent Relationship": "Outer", "Relation Name": "char_name", "Alias": "chn", "Startup Cost": 0.0, "Total Cost": 64054.58, "Plan Rows": 3140338, "Plan Width": 20}]}]}]}]}]}]}, {"Node Type": "Hash", "Parent Relationship": "Inner", "Startup Cost": 1.12, "Total Cost": 1.12, "Plan Rows": 12, "Plan Width": 4, "Plans": [{"Node Type": "Seq Scan", "Parent Relationship": "Outer", "Relation Name": "role_type", "Alias": "rt", "Startup Cost": 0.0, "Total Cost": 1.12, "Plan Rows": 12, "Plan Width": 4}]}]}, {"Node Type": "Hash", "Parent Relationship": "Inner", "Startup Cost": 1.03, "Total Cost": 1.03, "Plan Rows": 3, "Plan Width": 4, "Plans": [{"Node Type": "Seq Scan", "Parent Relationship": "Outer", "Relation Name": "company_type", "Alias": "ct", "Startup Cost": 0.0, "Total Cost": 1.03, "Plan Rows": 3, "Plan Width": 4}]}]}]}, "Unique SQL Id": 3145361615}, "explain_analyze_plan": {"Plan": {"Node Type": "Aggregate", "Strategy": "Plain", "Startup Cost": 515623.68, "Total Cost": 515623.69, "Plan Rows": 1, "Plan Width": 97, "Actual Min Startup Time": 3512.81, "Actual Max Startup Time": 3512.81, "Actual Min Total Time": 3512.81, "Actual Max Total Time": 3512.81, "Actual Total Rows": 1, "Plans": [{"Node Type": "Hash Join", "Parent Relationship": "Outer", "Join Type": "Inner", "Startup Cost": 405190.17, "Total Cost": 510776.61, "Plan Rows": 969413, "Plan Width": 33, "Actual Min Startup Time": 3150.989, "Actual Max Startup Time": 3150.989, "Actual Min Total Time": 3512.763, "Actual Max Total Time": 3512.763, "Actual Total Rows": 4, "Inner Unique": true, "Hash Cond": "(mc.company_type_id = ct.id), (LLVM Optimized, Jit Execute)", "Plans": [{"Node Type": "Hash Join", "Parent Relationship": "Outer", "Join Type": "Inner", "Startup Cost": 405189.1, "Total Cost": 497446.12, "Plan Rows": 969413, "Plan Width": 37, "Actual Min Startup Time": 2306.919, "Actual Max Startup Time": 2306.919, "Actual Min Total Time": 3512.569, "Actual Max Total Time": 3512.569, "Actual Total Rows": 10, "Inner Unique": true, "Hash Cond": "(ci.role_id = rt.id), (LLVM Optimized, Jit Execute)", "Plans": [{"Node Type": "Hash Join", "Parent Relationship": "Outer", "Join Type": "Inner", "Startup Cost": 405188.67, "Total Cost": 484116.26, "Plan Rows": 969413, "Plan Width": 41, "Actual Min Startup Time": 2306.816, "Actual Max Startup Time": 2306.816, "Actual Min Total Time": 3512.299, "Actual Max Total Time": 3512.299, "Actual Total Rows": 10, "Inner Unique": false, "Hash Cond": "(mc.movie_id = t.id), (LLVM Optimized, Jit Execute)", "Plans": [{"Node Type": "Hash Join", "Parent Relationship": "Outer", "Join Type": "Inner", "Startup Cost": 6968.08, "Total Cost": 71392.69, "Plan Rows": 1282311, "Plan Width": 8, "Actual Min Startup Time": 121.767, "Actual Max Startup Time": 121.767, "Actual Min Total Time": 1517.199, "Actual Max Total Time": 1517.199, "Actual Total Rows": 1153797, "Inner Unique": true, "Hash Cond": "(mc.company_id = cn.id), (LLVM Optimized, Jit Execute)", "Plans": [{"Node Type": "Seq Scan", "Parent Relationship": "Outer", "Relation Name": "movie_companies", "Alias": "mc", "Startup Cost": 0.0, "Total Cost": 41817.28, "Plan Rows": 2609128, "Plan Width": 12, "Actual Min Startup Time": 0.051, "Actual Max Startup Time": 0.051, "Actual Min Total Time": 586.979, "Actual Max Total Time": 586.979, "Actual Total Rows": 2609128}, {"Node Type": "Hash", "Parent Relationship": "Inner", "Startup Cost": 5903.45, "Total Cost": 5903.45, "Plan Rows": 85170, "Plan Width": 4, "Actual Min Startup Time": 121.51, "Actual Max Startup Time": 121.51, "Actual Min Total Time": 121.51, "Actual Max Total Time": 121.51, "Actual Total Rows": 84843, "Max Hash Buckets": 131072, "Min Hash Buckets": 131072, "Max Hash Batches": 1, "Min Hash Batches": 1, "Max Original Hash Batches": 1, "Min Original Hash Batches": 1, "Max Peak Memory Usage": 2983, "min Peak Memory Usage": 2983, "Plans": [{"Node Type": "Seq Scan", "Parent Relationship": "Outer", "Relation Name": "company_name", "Alias": "cn", "Startup Cost": 0.0, "Total Cost": 5903.45, "Plan Rows": 85170, "Plan Width": 4, "Actual Min Startup Time": 0.037, "Actual Max Startup Time": 0.037, "Actual Min Total Time": 93.104, "Actual Max Total Time": 93.104, "Actual Total Rows": 84843, "Filter": "((country_code)::text = '[us]'::text)", "Rows Removed by Filter": 150153}]}]}, {"Node Type": "Hash", "Parent Relationship": "Inner", "Startup Cost": 386291.56, "Total Cost": 386291.56, "Plan Rows": 954323, "Plan Width": 45, "Actual Min Startup Time": 1772.978, "Actual Max Startup Time": 1772.978, "Actual Min Total Time": 1772.978, "Actual Max Total Time": 1772.978, "Actual Total Rows": 12, "Max Hash Buckets": 1048576, "Min Hash Buckets": 1048576, "Max Hash Batches": 1, "Min Hash Batches": 1, "Max Original Hash Batches": 1, "Min Original Hash Batches": 1, "Max Peak Memory Usage": 1, "min Peak Memory Usage": 1, "Plans": [{"Node Type": "Streaming(type: LOCAL GATHER dop: 1/64)", "Parent Relationship": "Outer", "Startup Cost": 162901.55, "Total Cost": 386291.56, "Plan Rows": 954323, "Plan Width": 45, "Actual Min Startup Time": 1770.895, "Actual Max Startup Time": 1770.895, "Actual Min Total Time": 1772.939, "Actual Max Total Time": 1772.939, "Actual Total Rows": 12, "Plans": [{"Node Type": "Hash Join", "Parent Relationship": "Outer", "Join Type": "Inner", "Startup Cost": 162901.55, "Total Cost": 366603.99, "Plan Rows": 954323, "Plan Width": 45, "Actual Min Startup Time": 1051.258, "Actual Max Startup Time": 1368.871, "Actual Min Total Time": 1051.258, "Actual Max Total Time": 1368.871, "Actual Total Rows": 12, "Inner Unique": true, "Hash Cond": "(ci.person_role_id = chn.id), (LLVM Optimized, Jit Execute)", "Plans": [{"Node Type": "Streaming(type: LOCAL REDISTRIBUTE dop: 64/64)", "Parent Relationship": "Outer", "Startup Cost": 129035.53, "Total Cost": 332473.51, "Plan Rows": 1968625, "Plan Width": 33, "Actual Min Startup Time": 0.324, "Actual Max Startup Time": 772.355, "Actual Min Total Time": 652.101, "Actual Max Total Time": 772.355, "Actual Total Rows": 1071330, "Plans": [{"Node Type": "Hash Join", "Parent Relationship": "Outer", "Join Type": "Inner", "Startup Cost": 129035.53, "Total Cost": 267608.7, "Plan Rows": 1968625, "Plan Width": 33, "Actual Min Startup Time": 216.428, "Actual Max Startup Time": 564.106, "Actual Min Total Time": 457.061, "Actual Max Total Time": 893.331, "Actual Total Rows": 1071330, "Inner Unique": true, "Hash Cond": "(ci.movie_id = t.id), (LLVM Optimized, Jit Execute)", "Plans": [{"Node Type": "Streaming(type: LOCAL REDISTRIBUTE dop: 64/64)", "Parent Relationship": "Outer", "Startup Cost": 0.0, "Total Cost": 138181.4, "Plan Rows": 1436424, "Plan Width": 12, "Actual Min Startup Time": 0.224, "Actual Max Startup Time": 65.822, "Actual Min Total Time": 189.689, "Actual Max Total Time": 355.253, "Actual Total Rows": 1435439, "Plans": [{"Node Type": "Seq Scan", "Parent Relationship": "Outer", "Relation Name": "cast_info", "Alias": "ci", "Startup Cost": 0.0, "Total Cost": 73820.73, "Plan Rows": 1436424, "Plan Width": 12, "Actual Min Startup Time": 14.06, "Actual Max Startup Time": 104.928, "Actual Min Total Time": 178.13, "Actual Max Total Time": 267.3, "Actual Total Rows": 1435439, "Filter": "((note)::text ~~ '%(producer)%'::text), (LLVM Optimized, Jit Execute)", "Rows Removed by Filter": 34808904}]}, {"Node Type": "Hash", "Parent Relationship": "Inner", "Startup Cost": 128693.96, "Total Cost": 128693.96, "Plan Rows": 1748840, "Plan Width": 21, "Actual Min Startup Time": 215.79, "Actual Max Startup Time": 563.556, "Actual Min Total Time": 215.79, "Actual Max Total Time": 563.556, "Actual Total Rows": 1749032, "Max Hash Buckets": 32768, "Min Hash Buckets": 32768, "Max Hash Batches": 1, "Min Hash Batches": 1, "Max Original Hash Batches": 1, "Min Original Hash Batches": 1, "Max Peak Memory Usage": 1467, "min Peak Memory Usage": 1467, "Plans": [{"Node Type": "Streaming(type: LOCAL REDISTRIBUTE dop: 64/64)", "Parent Relationship": "Outer", "Startup Cost": 0.0, "Total Cost": 128693.96, "Plan Rows": 1748840, "Plan Width": 21, "Actual Min Startup Time": 0.129, "Actual Max Startup Time": 217.095, "Actual Min Total Time": 175.094, "Actual Max Total Time": 547.198, "Actual Total Rows": 1749032, "Plans": [{"Node Type": "Seq Scan", "Parent Relationship": "Outer", "Relation Name": "title", "Alias": "t", "Startup Cost": 0.0, "Total Cost": 64037.34, "Plan Rows": 1748840, "Plan Width": 21, "Actual Min Startup Time": 0.033, "Actual Max Startup Time": 0.11, "Actual Min Total Time": 17.019, "Actual Max Total Time": 53.031, "Actual Total Rows": 1749032, "Filter": "(production_year > 1990), (LLVM Optimized, Jit Execute)", "Rows Removed by Filter": 779279}]}]}]}]}, {"Node Type": "Hash", "Parent Relationship": "Inner", "Startup Cost": 130029.32, "Total Cost": 130029.32, "Plan Rows": 3140338, "Plan Width": 20, "Actual Min Startup Time": 278.829, "Actual Max Startup Time": 596.445, "Actual Min Total Time": 278.829, "Actual Max Total Time": 596.445, "Actual Total Rows": 3140338, "Max Hash Buckets": 65536, "Min Hash Buckets": 65536, "Max Hash Batches": 1, "Min Hash Batches": 1, "Max Original Hash Batches": 1, "Min Original Hash Batches": 1, "Max Peak Memory Usage": 2583, "min Peak Memory Usage": 2583, "Plans": [{"Node Type": "Streaming(type: LOCAL REDISTRIBUTE dop: 64/64)", "Parent Relationship": "Outer", "Startup Cost": 0.0, "Total Cost": 130029.32, "Plan Rows": 3140338, "Plan Width": 20, "Actual Min Startup Time": 0.123, "Actual Max Startup Time": 61.811, "Actual Min Total Time": 193.575, "Actual Max Total Time": 548.555, "Actual Total Rows": 3140338, "Plans": [{"Node Type": "Seq Scan", "Parent Relationship": "Outer", "Relation Name": "char_name", "Alias": "chn", "Startup Cost": 0.0, "Total Cost": 64054.58, "Plan Rows": 3140338, "Plan Width": 20, "Actual Min Startup Time": 0.02, "Actual Max Startup Time": 0.066, "Actual Min Total Time": 18.533, "Actual Max Total Time": 43.707, "Actual Total Rows": 3140338}]}]}]}]}]}]}, {"Node Type": "Hash", "Parent Relationship": "Inner", "Startup Cost": 1.12, "Total Cost": 1.12, "Plan Rows": 12, "Plan Width": 4, "Actual Min Startup Time": 0.02, "Actual Max Startup Time": 0.02, "Actual Min Total Time": 0.02, "Actual Max Total Time": 0.02, "Actual Total Rows": 12, "Max Hash Buckets": 32768, "Min Hash Buckets": 32768, "Max Hash Batches": 1, "Min Hash Batches": 1, "Max Original Hash Batches": 1, "Min Original Hash Batches": 1, "Max Peak Memory Usage": 1, "min Peak Memory Usage": 1, "Plans": [{"Node Type": "Seq Scan", "Parent Relationship": "Outer", "Relation Name": "role_type", "Alias": "rt", "Startup Cost": 0.0, "Total Cost": 1.12, "Plan Rows": 12, "Plan Width": 4, "Actual Min Startup Time": 0.011, "Actual Max Startup Time": 0.011, "Actual Min Total Time": 0.011, "Actual Max Total Time": 0.011, "Actual Total Rows": 12}]}]}, {"Node Type": "Hash", "Parent Relationship": "Inner", "Startup Cost": 1.03, "Total Cost": 1.03, "Plan Rows": 3, "Plan Width": 4, "Actual Min Startup Time": 0.056, "Actual Max Startup Time": 0.056, "Actual Min Total Time": 0.056, "Actual Max Total Time": 0.056, "Actual Total Rows": 3, "Max Hash Buckets": 32768, "Min Hash Buckets": 32768, "Max Hash Batches": 1, "Min Hash Batches": 1, "Max Original Hash Batches": 1, "Min Original Hash Batches": 1, "Max Peak Memory Usage": 1, "min Peak Memory Usage": 1, "Plans": [{"Node Type": "Seq Scan", "Parent Relationship": "Outer", "Relation Name": "company_type", "Alias": "ct", "Startup Cost": 0.0, "Total Cost": 1.03, "Plan Rows": 3, "Plan Width": 4, "Actual Min Startup Time": 0.027, "Actual Max Startup Time": 0.027, "Actual Min Total Time": 0.03, "Actual Max Total Time": 0.03, "Actual Total Rows": 3}]}]}]}, "Triggers": [], "Planner Runtime": 79.157, "Total Runtime": 3616.873, "Unique SQL Id": 3145361615}}, "(64, 71)": {"explain_plan": {"Plan": {"Node Type": "Aggregate", "Strategy": "Plain", "Startup Cost": 1963906.79, "Total Cost": 1963906.8, "Plan Rows": 1, "Plan Width": 97, "Plans": [{"Node Type": "Hash Join", "Parent Relationship": "Outer", "Join Type": "Inner", "Startup Cost": 1218973.64, "Total Cost": 1959059.72, "Plan Rows": 969413, "Plan Width": 33, "Inner Unique": true, "Hash Cond": "(mc.company_type_id = ct.id), (LLVM Optimized)", "Plans": [{"Node Type": "Hash Join", "Parent Relationship": "Outer", "Join Type": "Inner", "Startup Cost": 1218961.31, "Total Cost": 1945717.96, "Plan Rows": 969413, "Plan Width": 37, "Inner Unique": false, "Hash Cond": "(ci.movie_id = t.id), (LLVM Optimized)", "Plans": [{"Node Type": "Hash Join", "Parent Relationship": "Outer", "Join Type": "Inner", "Startup Cost": 909656.04, "Total Cost": 1624107.14, "Plan Rows": 696330, "Plan Width": 20, "Inner Unique": true, "Hash Cond": "(ci.role_id = rt.id), (LLVM Optimized)", "Plans": [{"Node Type": "Hash Join", "Parent Relationship": "Outer", "Join Type": "Inner", "Startup Cost": 909643.46, "Total Cost": 1614520.02, "Plan Rows": 696330, "Plan Width": 24, "Inner Unique": true, "Hash Cond": "(ci.person_role_id = chn.id), (LLVM Optimized)", "Plans": [{"Node Type": "Bitmap Heap Scan", "Parent Relationship": "Outer", "Relation Name": "cast_info", "Alias": "ci", "Startup Cost": 739944.83, "Total Cost": 1432471.5, "Plan Rows": 1436424, "Plan Width": 12, "Filter": "((note)::text ~~ '%(producer)%'::text), (LLVM Optimized)", "Plans": [{"Node Type": "Bitmap Index Scan", "Parent Relationship": "Outer", "Index Name": "person_role_id_cast_info", "Startup Cost": 0.0, "Total Cost": 739585.72, "Plan Rows": 36259494, "Plan Width": 0}]}, {"Node Type": "Hash", "Parent Relationship": "Inner", "Startup Cost": 130444.4, "Total Cost": 130444.4, "Plan Rows": 3140338, "Plan Width": 20, "Plans": [{"Node Type": "Bitmap Heap Scan", "Parent Relationship": "Outer", "Relation Name": "char_name", "Alias": "chn", "Startup Cost": 62951.02, "Total Cost": 130444.4, "Plan Rows": 3140338, "Plan Width": 20, "Plans": [{"Node Type": "Bitmap Index Scan", "Parent Relationship": "Outer", "Index Name": "char_name_pkey", "Startup Cost": 0.0, "Total Cost": 62165.94, "Plan Rows": 3140338, "Plan Width": 0}]}]}]}, {"Node Type": "Hash", "Parent Relationship": "Inner", "Startup Cost": 12.43, "Total Cost": 12.43, "Plan Rows": 12, "Plan Width": 4, "Plans": [{"Node Type": "Bitmap Heap Scan", "Parent Relationship": "Outer", "Relation Name": "role_type", "Alias": "rt", "Startup Cost": 8.31, "Total Cost": 12.43, "Plan Rows": 12, "Plan Width": 4, "Plans": [{"Node Type": "Bitmap Index Scan", "Parent Relationship": "Outer", "Index Name": "role_type_pkey", "Startup Cost": 0.0, "Total Cost": 8.31, "Plan Rows": 12, "Plan Width": 0}]}]}]}, {"Node Type": "Hash", "Parent Relationship": "Inner", "Startup Cost": 287098.71, "Total Cost": 287098.71, "Plan Rows": 1776525, "Plan Width": 29, "Plans": [{"Node Type": "Hash Join", "Parent Relationship": "Outer", "Join Type": "Inner", "Startup Cost": 200100.17, "Total Cost": 287098.71, "Plan Rows": 1776525, "Plan Width": 29, "Inner Unique": true, "Hash Cond": "(mc.movie_id = t.id), (LLVM Optimized)", "Plans": [{"Node Type": "Hash Join", "Parent Relationship": "Outer", "Join Type": "Inner", "Startup Cost": 61758.77, "Total Cost": 126183.39, "Plan Rows": 1282311, "Plan Width": 8, "Inner Unique": true, "Hash Cond": "(mc.company_id = cn.id), (LLVM Optimized)", "Plans": [{"Node Type": "Bitmap Heap Scan", "Parent Relationship": "Outer", "Relation Name": "movie_companies", "Alias": "mc", "Startup Cost": 51990.17, "Total Cost": 93807.45, "Plan Rows": 2609128, "Plan Width": 12, "Plans": [{"Node Type": "Bitmap Index Scan", "Parent Relationship": "Outer", "Index Name": "movie_id_movie_companies", "Startup Cost": 0.0, "Total Cost": 51337.89, "Plan Rows": 2609128, "Plan Width": 0}]}, {"Node Type": "Hash", "Parent Relationship": "Inner", "Startup Cost": 8703.97, "Total Cost": 8703.97, "Plan Rows": 85170, "Plan Width": 4, "Plans": [{"Node Type": "Bitmap Heap Scan", "Parent Relationship": "Outer", "Relation Name": "company_name", "Alias": "cn", "Startup Cost": 2800.52, "Total Cost": 8703.97, "Plan Rows": 85170, "Plan Width": 4, "Filter": "((country_code)::text = '[us]'::text)", "Plans": [{"Node Type": "Bitmap Index Scan", "Parent Relationship": "Outer", "Index Name": "company_name_pkey", "Startup Cost": 0.0, "Total Cost": 2779.23, "Plan Rows": 234996, "Plan Width": 0}]}]}]}, {"Node Type": "Hash", "Parent Relationship": "Inner", "Startup Cost": 116480.9, "Total Cost": 116480.9, "Plan Rows": 1748840, "Plan Width": 21, "Plans": [{"Node Type": "Bitmap Heap Scan", "Parent Relationship": "Outer", "Relation Name": "title", "Alias": "t", "Startup Cost": 50091.01, "Total Cost": 116480.9, "Plan Rows": 1748840, "Plan Width": 21, "Filter": "(production_year > 1990), (LLVM Optimized)", "Plans": [{"Node Type": "Bitmap Index Scan", "Parent Relationship": "Outer", "Index Name": "title_pkey", "Startup Cost": 0.0, "Total Cost": 49653.81, "Plan Rows": 2528311, "Plan Width": 0}]}]}]}]}]}, {"Node Type": "Hash", "Parent Relationship": "Inner", "Startup Cost": 12.3, "Total Cost": 12.3, "Plan Rows": 3, "Plan Width": 4, "Plans": [{"Node Type": "Bitmap Heap Scan", "Parent Relationship": "Outer", "Relation Name": "company_type", "Alias": "ct", "Startup Cost": 8.27, "Total Cost": 12.3, "Plan Rows": 3, "Plan Width": 4, "Plans": [{"Node Type": "Bitmap Index Scan", "Parent Relationship": "Outer", "Index Name": "company_type_pkey", "Startup Cost": 0.0, "Total Cost": 8.27, "Plan Rows": 3, "Plan Width": 0}]}]}]}]}, "Unique SQL Id": 3145361615}, "explain_analyze_plan": null}, "(64, 72)": {"explain_plan": {"Plan": {"Node Type": "Aggregate", "Strategy": "Plain", "Startup Cost": 515623.68, "Total Cost": 515623.69, "Plan Rows": 1, "Plan Width": 97, "Plans": [{"Node Type": "Hash Join", "Parent Relationship": "Outer", "Join Type": "Inner", "Startup Cost": 405190.17, "Total Cost": 510776.61, "Plan Rows": 969413, "Plan Width": 33, "Inner Unique": true, "Hash Cond": "(mc.company_type_id = ct.id), (LLVM Optimized)", "Plans": [{"Node Type": "Hash Join", "Parent Relationship": "Outer", "Join Type": "Inner", "Startup Cost": 405189.1, "Total Cost": 497446.12, "Plan Rows": 969413, "Plan Width": 37, "Inner Unique": true, "Hash Cond": "(ci.role_id = rt.id), (LLVM Optimized)", "Plans": [{"Node Type": "Hash Join", "Parent Relationship": "Outer", "Join Type": "Inner", "Startup Cost": 405188.67, "Total Cost": 484116.26, "Plan Rows": 969413, "Plan Width": 41, "Inner Unique": false, "Hash Cond": "(mc.movie_id = t.id), (LLVM Optimized)", "Plans": [{"Node Type": "Hash Join", "Parent Relationship": "Outer", "Join Type": "Inner", "Startup Cost": 6968.08, "Total Cost": 71392.69, "Plan Rows": 1282311, "Plan Width": 8, "Inner Unique": true, "Hash Cond": "(mc.company_id = cn.id), (LLVM Optimized)", "Plans": [{"Node Type": "Seq Scan", "Parent Relationship": "Outer", "Relation Name": "movie_companies", "Alias": "mc", "Startup Cost": 0.0, "Total Cost": 41817.28, "Plan Rows": 2609128, "Plan Width": 12}, {"Node Type": "Hash", "Parent Relationship": "Inner", "Startup Cost": 5903.45, "Total Cost": 5903.45, "Plan Rows": 85170, "Plan Width": 4, "Plans": [{"Node Type": "Seq Scan", "Parent Relationship": "Outer", "Relation Name": "company_name", "Alias": "cn", "Startup Cost": 0.0, "Total Cost": 5903.45, "Plan Rows": 85170, "Plan Width": 4, "Filter": "((country_code)::text = '[us]'::text)"}]}]}, {"Node Type": "Hash", "Parent Relationship": "Inner", "Startup Cost": 386291.56, "Total Cost": 386291.56, "Plan Rows": 954323, "Plan Width": 45, "Plans": [{"Node Type": "Streaming(type: LOCAL GATHER dop: 1/64)", "Parent Relationship": "Outer", "Startup Cost": 162901.55, "Total Cost": 386291.56, "Plan Rows": 954323, "Plan Width": 45, "Plans": [{"Node Type": "Hash Join", "Parent Relationship": "Outer", "Join Type": "Inner", "Startup Cost": 162901.55, "Total Cost": 366603.99, "Plan Rows": 954323, "Plan Width": 45, "Inner Unique": true, "Hash Cond": "(ci.person_role_id = chn.id), (LLVM Optimized)", "Plans": [{"Node Type": "Streaming(type: LOCAL REDISTRIBUTE dop: 64/64)", "Parent Relationship": "Outer", "Startup Cost": 129035.53, "Total Cost": 332473.51, "Plan Rows": 1968625, "Plan Width": 33, "Plans": [{"Node Type": "Hash Join", "Parent Relationship": "Outer", "Join Type": "Inner", "Startup Cost": 129035.53, "Total Cost": 267608.7, "Plan Rows": 1968625, "Plan Width": 33, "Inner Unique": true, "Hash Cond": "(ci.movie_id = t.id), (LLVM Optimized)", "Plans": [{"Node Type": "Streaming(type: LOCAL REDISTRIBUTE dop: 64/64)", "Parent Relationship": "Outer", "Startup Cost": 0.0, "Total Cost": 138181.4, "Plan Rows": 1436424, "Plan Width": 12, "Plans": [{"Node Type": "Seq Scan", "Parent Relationship": "Outer", "Relation Name": "cast_info", "Alias": "ci", "Startup Cost": 0.0, "Total Cost": 73820.73, "Plan Rows": 1436424, "Plan Width": 12, "Filter": "((note)::text ~~ '%(producer)%'::text), (LLVM Optimized)"}]}, {"Node Type": "Hash", "Parent Relationship": "Inner", "Startup Cost": 128693.96, "Total Cost": 128693.96, "Plan Rows": 1748840, "Plan Width": 21, "Plans": [{"Node Type": "Streaming(type: LOCAL REDISTRIBUTE dop: 64/64)", "Parent Relationship": "Outer", "Startup Cost": 0.0, "Total Cost": 128693.96, "Plan Rows": 1748840, "Plan Width": 21, "Plans": [{"Node Type": "Seq Scan", "Parent Relationship": "Outer", "Relation Name": "title", "Alias": "t", "Startup Cost": 0.0, "Total Cost": 64037.34, "Plan Rows": 1748840, "Plan Width": 21, "Filter": "(production_year > 1990), (LLVM Optimized)"}]}]}]}]}, {"Node Type": "Hash", "Parent Relationship": "Inner", "Startup Cost": 130029.32, "Total Cost": 130029.32, "Plan Rows": 3140338, "Plan Width": 20, "Plans": [{"Node Type": "Streaming(type: LOCAL REDISTRIBUTE dop: 64/64)", "Parent Relationship": "Outer", "Startup Cost": 0.0, "Total Cost": 130029.32, "Plan Rows": 3140338, "Plan Width": 20, "Plans": [{"Node Type": "Seq Scan", "Parent Relationship": "Outer", "Relation Name": "char_name", "Alias": "chn", "Startup Cost": 0.0, "Total Cost": 64054.58, "Plan Rows": 3140338, "Plan Width": 20}]}]}]}]}]}]}, {"Node Type": "Hash", "Parent Relationship": "Inner", "Startup Cost": 1.12, "Total Cost": 1.12, "Plan Rows": 12, "Plan Width": 4, "Plans": [{"Node Type": "Seq Scan", "Parent Relationship": "Outer", "Relation Name": "role_type", "Alias": "rt", "Startup Cost": 0.0, "Total Cost": 1.12, "Plan Rows": 12, "Plan Width": 4}]}]}, {"Node Type": "Hash", "Parent Relationship": "Inner", "Startup Cost": 1.03, "Total Cost": 1.03, "Plan Rows": 3, "Plan Width": 4, "Plans": [{"Node Type": "Seq Scan", "Parent Relationship": "Outer", "Relation Name": "company_type", "Alias": "ct", "Startup Cost": 0.0, "Total Cost": 1.03, "Plan Rows": 3, "Plan Width": 4}]}]}]}, "Unique SQL Id": 3145361615}, "explain_analyze_plan": {"Plan": {"Node Type": "Aggregate", "Strategy": "Plain", "Startup Cost": 515623.68, "Total Cost": 515623.69, "Plan Rows": 1, "Plan Width": 97, "Actual Min Startup Time": 3512.81, "Actual Max Startup Time": 3512.81, "Actual Min Total Time": 3512.81, "Actual Max Total Time": 3512.81, "Actual Total Rows": 1, "Plans": [{"Node Type": "Hash Join", "Parent Relationship": "Outer", "Join Type": "Inner", "Startup Cost": 405190.17, "Total Cost": 510776.61, "Plan Rows": 969413, "Plan Width": 33, "Actual Min Startup Time": 3150.989, "Actual Max Startup Time": 3150.989, "Actual Min Total Time": 3512.763, "Actual Max Total Time": 3512.763, "Actual Total Rows": 4, "Inner Unique": true, "Hash Cond": "(mc.company_type_id = ct.id), (LLVM Optimized, Jit Execute)", "Plans": [{"Node Type": "Hash Join", "Parent Relationship": "Outer", "Join Type": "Inner", "Startup Cost": 405189.1, "Total Cost": 497446.12, "Plan Rows": 969413, "Plan Width": 37, "Actual Min Startup Time": 2306.919, "Actual Max Startup Time": 2306.919, "Actual Min Total Time": 3512.569, "Actual Max Total Time": 3512.569, "Actual Total Rows": 10, "Inner Unique": true, "Hash Cond": "(ci.role_id = rt.id), (LLVM Optimized, Jit Execute)", "Plans": [{"Node Type": "Hash Join", "Parent Relationship": "Outer", "Join Type": "Inner", "Startup Cost": 405188.67, "Total Cost": 484116.26, "Plan Rows": 969413, "Plan Width": 41, "Actual Min Startup Time": 2306.816, "Actual Max Startup Time": 2306.816, "Actual Min Total Time": 3512.299, "Actual Max Total Time": 3512.299, "Actual Total Rows": 10, "Inner Unique": false, "Hash Cond": "(mc.movie_id = t.id), (LLVM Optimized, Jit Execute)", "Plans": [{"Node Type": "Hash Join", "Parent Relationship": "Outer", "Join Type": "Inner", "Startup Cost": 6968.08, "Total Cost": 71392.69, "Plan Rows": 1282311, "Plan Width": 8, "Actual Min Startup Time": 121.767, "Actual Max Startup Time": 121.767, "Actual Min Total Time": 1517.199, "Actual Max Total Time": 1517.199, "Actual Total Rows": 1153797, "Inner Unique": true, "Hash Cond": "(mc.company_id = cn.id), (LLVM Optimized, Jit Execute)", "Plans": [{"Node Type": "Seq Scan", "Parent Relationship": "Outer", "Relation Name": "movie_companies", "Alias": "mc", "Startup Cost": 0.0, "Total Cost": 41817.28, "Plan Rows": 2609128, "Plan Width": 12, "Actual Min Startup Time": 0.051, "Actual Max Startup Time": 0.051, "Actual Min Total Time": 586.979, "Actual Max Total Time": 586.979, "Actual Total Rows": 2609128}, {"Node Type": "Hash", "Parent Relationship": "Inner", "Startup Cost": 5903.45, "Total Cost": 5903.45, "Plan Rows": 85170, "Plan Width": 4, "Actual Min Startup Time": 121.51, "Actual Max Startup Time": 121.51, "Actual Min Total Time": 121.51, "Actual Max Total Time": 121.51, "Actual Total Rows": 84843, "Max Hash Buckets": 131072, "Min Hash Buckets": 131072, "Max Hash Batches": 1, "Min Hash Batches": 1, "Max Original Hash Batches": 1, "Min Original Hash Batches": 1, "Max Peak Memory Usage": 2983, "min Peak Memory Usage": 2983, "Plans": [{"Node Type": "Seq Scan", "Parent Relationship": "Outer", "Relation Name": "company_name", "Alias": "cn", "Startup Cost": 0.0, "Total Cost": 5903.45, "Plan Rows": 85170, "Plan Width": 4, "Actual Min Startup Time": 0.037, "Actual Max Startup Time": 0.037, "Actual Min Total Time": 93.104, "Actual Max Total Time": 93.104, "Actual Total Rows": 84843, "Filter": "((country_code)::text = '[us]'::text)", "Rows Removed by Filter": 150153}]}]}, {"Node Type": "Hash", "Parent Relationship": "Inner", "Startup Cost": 386291.56, "Total Cost": 386291.56, "Plan Rows": 954323, "Plan Width": 45, "Actual Min Startup Time": 1772.978, "Actual Max Startup Time": 1772.978, "Actual Min Total Time": 1772.978, "Actual Max Total Time": 1772.978, "Actual Total Rows": 12, "Max Hash Buckets": 1048576, "Min Hash Buckets": 1048576, "Max Hash Batches": 1, "Min Hash Batches": 1, "Max Original Hash Batches": 1, "Min Original Hash Batches": 1, "Max Peak Memory Usage": 1, "min Peak Memory Usage": 1, "Plans": [{"Node Type": "Streaming(type: LOCAL GATHER dop: 1/64)", "Parent Relationship": "Outer", "Startup Cost": 162901.55, "Total Cost": 386291.56, "Plan Rows": 954323, "Plan Width": 45, "Actual Min Startup Time": 1770.895, "Actual Max Startup Time": 1770.895, "Actual Min Total Time": 1772.939, "Actual Max Total Time": 1772.939, "Actual Total Rows": 12, "Plans": [{"Node Type": "Hash Join", "Parent Relationship": "Outer", "Join Type": "Inner", "Startup Cost": 162901.55, "Total Cost": 366603.99, "Plan Rows": 954323, "Plan Width": 45, "Actual Min Startup Time": 1051.258, "Actual Max Startup Time": 1368.871, "Actual Min Total Time": 1051.258, "Actual Max Total Time": 1368.871, "Actual Total Rows": 12, "Inner Unique": true, "Hash Cond": "(ci.person_role_id = chn.id), (LLVM Optimized, Jit Execute)", "Plans": [{"Node Type": "Streaming(type: LOCAL REDISTRIBUTE dop: 64/64)", "Parent Relationship": "Outer", "Startup Cost": 129035.53, "Total Cost": 332473.51, "Plan Rows": 1968625, "Plan Width": 33, "Actual Min Startup Time": 0.324, "Actual Max Startup Time": 772.355, "Actual Min Total Time": 652.101, "Actual Max Total Time": 772.355, "Actual Total Rows": 1071330, "Plans": [{"Node Type": "Hash Join", "Parent Relationship": "Outer", "Join Type": "Inner", "Startup Cost": 129035.53, "Total Cost": 267608.7, "Plan Rows": 1968625, "Plan Width": 33, "Actual Min Startup Time": 216.428, "Actual Max Startup Time": 564.106, "Actual Min Total Time": 457.061, "Actual Max Total Time": 893.331, "Actual Total Rows": 1071330, "Inner Unique": true, "Hash Cond": "(ci.movie_id = t.id), (LLVM Optimized, Jit Execute)", "Plans": [{"Node Type": "Streaming(type: LOCAL REDISTRIBUTE dop: 64/64)", "Parent Relationship": "Outer", "Startup Cost": 0.0, "Total Cost": 138181.4, "Plan Rows": 1436424, "Plan Width": 12, "Actual Min Startup Time": 0.224, "Actual Max Startup Time": 65.822, "Actual Min Total Time": 189.689, "Actual Max Total Time": 355.253, "Actual Total Rows": 1435439, "Plans": [{"Node Type": "Seq Scan", "Parent Relationship": "Outer", "Relation Name": "cast_info", "Alias": "ci", "Startup Cost": 0.0, "Total Cost": 73820.73, "Plan Rows": 1436424, "Plan Width": 12, "Actual Min Startup Time": 14.06, "Actual Max Startup Time": 104.928, "Actual Min Total Time": 178.13, "Actual Max Total Time": 267.3, "Actual Total Rows": 1435439, "Filter": "((note)::text ~~ '%(producer)%'::text), (LLVM Optimized, Jit Execute)", "Rows Removed by Filter": 34808904}]}, {"Node Type": "Hash", "Parent Relationship": "Inner", "Startup Cost": 128693.96, "Total Cost": 128693.96, "Plan Rows": 1748840, "Plan Width": 21, "Actual Min Startup Time": 215.79, "Actual Max Startup Time": 563.556, "Actual Min Total Time": 215.79, "Actual Max Total Time": 563.556, "Actual Total Rows": 1749032, "Max Hash Buckets": 32768, "Min Hash Buckets": 32768, "Max Hash Batches": 1, "Min Hash Batches": 1, "Max Original Hash Batches": 1, "Min Original Hash Batches": 1, "Max Peak Memory Usage": 1467, "min Peak Memory Usage": 1467, "Plans": [{"Node Type": "Streaming(type: LOCAL REDISTRIBUTE dop: 64/64)", "Parent Relationship": "Outer", "Startup Cost": 0.0, "Total Cost": 128693.96, "Plan Rows": 1748840, "Plan Width": 21, "Actual Min Startup Time": 0.129, "Actual Max Startup Time": 217.095, "Actual Min Total Time": 175.094, "Actual Max Total Time": 547.198, "Actual Total Rows": 1749032, "Plans": [{"Node Type": "Seq Scan", "Parent Relationship": "Outer", "Relation Name": "title", "Alias": "t", "Startup Cost": 0.0, "Total Cost": 64037.34, "Plan Rows": 1748840, "Plan Width": 21, "Actual Min Startup Time": 0.033, "Actual Max Startup Time": 0.11, "Actual Min Total Time": 17.019, "Actual Max Total Time": 53.031, "Actual Total Rows": 1749032, "Filter": "(production_year > 1990), (LLVM Optimized, Jit Execute)", "Rows Removed by Filter": 779279}]}]}]}]}, {"Node Type": "Hash", "Parent Relationship": "Inner", "Startup Cost": 130029.32, "Total Cost": 130029.32, "Plan Rows": 3140338, "Plan Width": 20, "Actual Min Startup Time": 278.829, "Actual Max Startup Time": 596.445, "Actual Min Total Time": 278.829, "Actual Max Total Time": 596.445, "Actual Total Rows": 3140338, "Max Hash Buckets": 65536, "Min Hash Buckets": 65536, "Max Hash Batches": 1, "Min Hash Batches": 1, "Max Original Hash Batches": 1, "Min Original Hash Batches": 1, "Max Peak Memory Usage": 2583, "min Peak Memory Usage": 2583, "Plans": [{"Node Type": "Streaming(type: LOCAL REDISTRIBUTE dop: 64/64)", "Parent Relationship": "Outer", "Startup Cost": 0.0, "Total Cost": 130029.32, "Plan Rows": 3140338, "Plan Width": 20, "Actual Min Startup Time": 0.123, "Actual Max Startup Time": 61.811, "Actual Min Total Time": 193.575, "Actual Max Total Time": 548.555, "Actual Total Rows": 3140338, "Plans": [{"Node Type": "Seq Scan", "Parent Relationship": "Outer", "Relation Name": "char_name", "Alias": "chn", "Startup Cost": 0.0, "Total Cost": 64054.58, "Plan Rows": 3140338, "Plan Width": 20, "Actual Min Startup Time": 0.02, "Actual Max Startup Time": 0.066, "Actual Min Total Time": 18.533, "Actual Max Total Time": 43.707, "Actual Total Rows": 3140338}]}]}]}]}]}]}, {"Node Type": "Hash", "Parent Relationship": "Inner", "Startup Cost": 1.12, "Total Cost": 1.12, "Plan Rows": 12, "Plan Width": 4, "Actual Min Startup Time": 0.02, "Actual Max Startup Time": 0.02, "Actual Min Total Time": 0.02, "Actual Max Total Time": 0.02, "Actual Total Rows": 12, "Max Hash Buckets": 32768, "Min Hash Buckets": 32768, "Max Hash Batches": 1, "Min Hash Batches": 1, "Max Original Hash Batches": 1, "Min Original Hash Batches": 1, "Max Peak Memory Usage": 1, "min Peak Memory Usage": 1, "Plans": [{"Node Type": "Seq Scan", "Parent Relationship": "Outer", "Relation Name": "role_type", "Alias": "rt", "Startup Cost": 0.0, "Total Cost": 1.12, "Plan Rows": 12, "Plan Width": 4, "Actual Min Startup Time": 0.011, "Actual Max Startup Time": 0.011, "Actual Min Total Time": 0.011, "Actual Max Total Time": 0.011, "Actual Total Rows": 12}]}]}, {"Node Type": "Hash", "Parent Relationship": "Inner", "Startup Cost": 1.03, "Total Cost": 1.03, "Plan Rows": 3, "Plan Width": 4, "Actual Min Startup Time": 0.056, "Actual Max Startup Time": 0.056, "Actual Min Total Time": 0.056, "Actual Max Total Time": 0.056, "Actual Total Rows": 3, "Max Hash Buckets": 32768, "Min Hash Buckets": 32768, "Max Hash Batches": 1, "Min Hash Batches": 1, "Max Original Hash Batches": 1, "Min Original Hash Batches": 1, "Max Peak Memory Usage": 1, "min Peak Memory Usage": 1, "Plans": [{"Node Type": "Seq Scan", "Parent Relationship": "Outer", "Relation Name": "company_type", "Alias": "ct", "Startup Cost": 0.0, "Total Cost": 1.03, "Plan Rows": 3, "Plan Width": 4, "Actual Min Startup Time": 0.027, "Actual Max Startup Time": 0.027, "Actual Min Total Time": 0.03, "Actual Max Total Time": 0.03, "Actual Total Rows": 3}]}]}]}, "Triggers": [], "Planner Runtime": 79.157, "Total Runtime": 3616.873, "Unique SQL Id": 3145361615}}, "(64, 73)": {"explain_plan": {"Plan": {"Node Type": "Aggregate", "Strategy": "Plain", "Startup Cost": 1476554.64, "Total Cost": 1476554.65, "Plan Rows": 1, "Plan Width": 97, "Plans": [{"Node Type": "Hash Join", "Parent Relationship": "Outer", "Join Type": "Inner", "Startup Cost": 391129.15, "Total Cost": 1471707.57, "Plan Rows": 969413, "Plan Width": 33, "Inner Unique": true, "Hash Cond": "(mc.company_type_id = ct.id), (LLVM Optimized)", "Plans": [{"Node Type": "Hash Join", "Parent Relationship": "Outer", "Join Type": "Inner", "Startup Cost": 391120.82, "Total Cost": 1458369.81, "Plan Rows": 969413, "Plan Width": 37, "Inner Unique": false, "Hash Cond": "(ci.movie_id = t.id), (LLVM Optimized)", "Plans": [{"Node Type": "Hash Join", "Parent Relationship": "Outer", "Join Type": "Inner", "Startup Cost": 80683.05, "Total Cost": 1135626.49, "Plan Rows": 696330, "Plan Width": 20, "Inner Unique": true, "Hash Cond": "(ci.role_id = rt.id), (LLVM Optimized)", "Plans": [{"Node Type": "Merge Join", "Parent Relationship": "Outer", "Join Type": "Inner", "Startup Cost": 80674.47, "Total Cost": 1126861.56, "Plan Rows": 696330, "Plan Width": 24, "Inner Unique": false, "Merge Cond": "(chn.id = ci.person_role_id)", "Plans": [{"Node Type": "Index Scan", "Parent Relationship": "Outer", "Scan Direction": "Forward", "Index Name": "char_name_pkey", "Relation Name": "char_name", "Alias": "chn", "Startup Cost": 0.0, "Total Cost": 129875.46, "Plan Rows": 3140338, "Plan Width": 20}, {"Node Type": "Index Scan", "Parent Relationship": "Inner", "Scan Direction": "Forward", "Index Name": "person_role_id_cast_info", "Relation Name": "cast_info", "Alias": "ci", "Startup Cost": 0.0, "Total Cost": 2022508.08, "Plan Rows": 1436424, "Plan Width": 12, "Filter": "((note)::text ~~ '%(producer)%'::text), (LLVM Optimized)"}]}, {"Node Type": "Hash", "Parent Relationship": "Inner", "Startup Cost": 8.43, "Total Cost": 8.43, "Plan Rows": 12, "Plan Width": 4, "Plans": [{"Node Type": "Index Only Scan", "Parent Relationship": "Outer", "Scan Direction": "Forward", "Index Name": "role_type_pkey", "Relation Name": "role_type", "Alias": "rt", "Startup Cost": 0.0, "Total Cost": 8.43, "Plan Rows": 12, "Plan Width": 4}]}]}, {"Node Type": "Hash", "Parent Relationship": "Inner", "Startup Cost": 288231.21, "Total Cost": 288231.21, "Plan Rows": 1776525, "Plan Width": 29, "Plans": [{"Node Type": "Hash Join", "Parent Relationship": "Outer", "Join Type": "Inner", "Startup Cost": 149867.78, "Total Cost": 288231.21, "Plan Rows": 1776525, "Plan Width": 29, "Inner Unique": true, "Hash Cond": "(mc.movie_id = t.id), (LLVM Optimized)", "Plans": [{"Node Type": "Hash Join", "Parent Relationship": "Outer", "Join Type": "Inner", "Startup Cost": 11566.01, "Total Cost": 127355.52, "Plan Rows": 1282311, "Plan Width": 8, "Inner Unique": true, "Hash Cond": "(mc.company_id = cn.id), (LLVM Optimized)", "Plans": [{"Node Type": "Index Scan", "Parent Relationship": "Outer", "Scan Direction": "Forward", "Index Name": "company_type_id_movie_companies", "Relation Name": "movie_companies", "Alias": "mc", "Startup Cost": 0.0, "Total Cost": 93182.17, "Plan Rows": 2609128, "Plan Width": 12}, {"Node Type": "Hash", "Parent Relationship": "Inner", "Startup Cost": 10501.39, "Total Cost": 10501.39, "Plan Rows": 85170, "Plan Width": 4, "Plans": [{"Node Type": "Index Scan", "Parent Relationship": "Outer", "Scan Direction": "Forward", "Index Name": "company_name_pkey", "Relation Name": "company_name", "Alias": "cn", "Startup Cost": 0.0, "Total Cost": 10501.39, "Plan Rows": 85170, "Plan Width": 4, "Filter": "((country_code)::text = '[us]'::text)"}]}]}, {"Node Type": "Hash", "Parent Relationship": "Inner", "Startup Cost": 116441.27, "Total Cost": 116441.27, "Plan Rows": 1748840, "Plan Width": 21, "Plans": [{"Node Type": "Index Scan", "Parent Relationship": "Outer", "Scan Direction": "Forward", "Index Name": "title_pkey", "Relation Name": "title", "Alias": "t", "Startup Cost": 0.0, "Total Cost": 116441.27, "Plan Rows": 1748840, "Plan Width": 21, "Filter": "(production_year > 1990), (LLVM Optimized)"}]}]}]}]}, {"Node Type": "Hash", "Parent Relationship": "Inner", "Startup Cost": 8.29, "Total Cost": 8.29, "Plan Rows": 3, "Plan Width": 4, "Plans": [{"Node Type": "Index Only Scan", "Parent Relationship": "Outer", "Scan Direction": "Forward", "Index Name": "company_type_pkey", "Relation Name": "company_type", "Alias": "ct", "Startup Cost": 0.0, "Total Cost": 8.29, "Plan Rows": 3, "Plan Width": 4}]}]}]}, "Unique SQL Id": 3145361615}, "explain_analyze_plan": null}, "(64, 74)": {"explain_plan": {"Plan": {"Node Type": "Aggregate", "Strategy": "Plain", "Startup Cost": 515623.68, "Total Cost": 515623.69, "Plan Rows": 1, "Plan Width": 97, "Plans": [{"Node Type": "Hash Join", "Parent Relationship": "Outer", "Join Type": "Inner", "Startup Cost": 405190.17, "Total Cost": 510776.61, "Plan Rows": 969413, "Plan Width": 33, "Inner Unique": true, "Hash Cond": "(mc.company_type_id = ct.id), (LLVM Optimized)", "Plans": [{"Node Type": "Hash Join", "Parent Relationship": "Outer", "Join Type": "Inner", "Startup Cost": 405189.1, "Total Cost": 497446.12, "Plan Rows": 969413, "Plan Width": 37, "Inner Unique": true, "Hash Cond": "(ci.role_id = rt.id), (LLVM Optimized)", "Plans": [{"Node Type": "Hash Join", "Parent Relationship": "Outer", "Join Type": "Inner", "Startup Cost": 405188.67, "Total Cost": 484116.26, "Plan Rows": 969413, "Plan Width": 41, "Inner Unique": false, "Hash Cond": "(mc.movie_id = t.id), (LLVM Optimized)", "Plans": [{"Node Type": "Hash Join", "Parent Relationship": "Outer", "Join Type": "Inner", "Startup Cost": 6968.08, "Total Cost": 71392.69, "Plan Rows": 1282311, "Plan Width": 8, "Inner Unique": true, "Hash Cond": "(mc.company_id = cn.id), (LLVM Optimized)", "Plans": [{"Node Type": "Seq Scan", "Parent Relationship": "Outer", "Relation Name": "movie_companies", "Alias": "mc", "Startup Cost": 0.0, "Total Cost": 41817.28, "Plan Rows": 2609128, "Plan Width": 12}, {"Node Type": "Hash", "Parent Relationship": "Inner", "Startup Cost": 5903.45, "Total Cost": 5903.45, "Plan Rows": 85170, "Plan Width": 4, "Plans": [{"Node Type": "Seq Scan", "Parent Relationship": "Outer", "Relation Name": "company_name", "Alias": "cn", "Startup Cost": 0.0, "Total Cost": 5903.45, "Plan Rows": 85170, "Plan Width": 4, "Filter": "((country_code)::text = '[us]'::text)"}]}]}, {"Node Type": "Hash", "Parent Relationship": "Inner", "Startup Cost": 386291.56, "Total Cost": 386291.56, "Plan Rows": 954323, "Plan Width": 45, "Plans": [{"Node Type": "Streaming(type: LOCAL GATHER dop: 1/64)", "Parent Relationship": "Outer", "Startup Cost": 162901.55, "Total Cost": 386291.56, "Plan Rows": 954323, "Plan Width": 45, "Plans": [{"Node Type": "Hash Join", "Parent Relationship": "Outer", "Join Type": "Inner", "Startup Cost": 162901.55, "Total Cost": 366603.99, "Plan Rows": 954323, "Plan Width": 45, "Inner Unique": true, "Hash Cond": "(ci.person_role_id = chn.id), (LLVM Optimized)", "Plans": [{"Node Type": "Streaming(type: LOCAL REDISTRIBUTE dop: 64/64)", "Parent Relationship": "Outer", "Startup Cost": 129035.53, "Total Cost": 332473.51, "Plan Rows": 1968625, "Plan Width": 33, "Plans": [{"Node Type": "Hash Join", "Parent Relationship": "Outer", "Join Type": "Inner", "Startup Cost": 129035.53, "Total Cost": 267608.7, "Plan Rows": 1968625, "Plan Width": 33, "Inner Unique": true, "Hash Cond": "(ci.movie_id = t.id), (LLVM Optimized)", "Plans": [{"Node Type": "Streaming(type: LOCAL REDISTRIBUTE dop: 64/64)", "Parent Relationship": "Outer", "Startup Cost": 0.0, "Total Cost": 138181.4, "Plan Rows": 1436424, "Plan Width": 12, "Plans": [{"Node Type": "Seq Scan", "Parent Relationship": "Outer", "Relation Name": "cast_info", "Alias": "ci", "Startup Cost": 0.0, "Total Cost": 73820.73, "Plan Rows": 1436424, "Plan Width": 12, "Filter": "((note)::text ~~ '%(producer)%'::text), (LLVM Optimized)"}]}, {"Node Type": "Hash", "Parent Relationship": "Inner", "Startup Cost": 128693.96, "Total Cost": 128693.96, "Plan Rows": 1748840, "Plan Width": 21, "Plans": [{"Node Type": "Streaming(type: LOCAL REDISTRIBUTE dop: 64/64)", "Parent Relationship": "Outer", "Startup Cost": 0.0, "Total Cost": 128693.96, "Plan Rows": 1748840, "Plan Width": 21, "Plans": [{"Node Type": "Seq Scan", "Parent Relationship": "Outer", "Relation Name": "title", "Alias": "t", "Startup Cost": 0.0, "Total Cost": 64037.34, "Plan Rows": 1748840, "Plan Width": 21, "Filter": "(production_year > 1990), (LLVM Optimized)"}]}]}]}]}, {"Node Type": "Hash", "Parent Relationship": "Inner", "Startup Cost": 130029.32, "Total Cost": 130029.32, "Plan Rows": 3140338, "Plan Width": 20, "Plans": [{"Node Type": "Streaming(type: LOCAL REDISTRIBUTE dop: 64/64)", "Parent Relationship": "Outer", "Startup Cost": 0.0, "Total Cost": 130029.32, "Plan Rows": 3140338, "Plan Width": 20, "Plans": [{"Node Type": "Seq Scan", "Parent Relationship": "Outer", "Relation Name": "char_name", "Alias": "chn", "Startup Cost": 0.0, "Total Cost": 64054.58, "Plan Rows": 3140338, "Plan Width": 20}]}]}]}]}]}]}, {"Node Type": "Hash", "Parent Relationship": "Inner", "Startup Cost": 1.12, "Total Cost": 1.12, "Plan Rows": 12, "Plan Width": 4, "Plans": [{"Node Type": "Seq Scan", "Parent Relationship": "Outer", "Relation Name": "role_type", "Alias": "rt", "Startup Cost": 0.0, "Total Cost": 1.12, "Plan Rows": 12, "Plan Width": 4}]}]}, {"Node Type": "Hash", "Parent Relationship": "Inner", "Startup Cost": 1.03, "Total Cost": 1.03, "Plan Rows": 3, "Plan Width": 4, "Plans": [{"Node Type": "Seq Scan", "Parent Relationship": "Outer", "Relation Name": "company_type", "Alias": "ct", "Startup Cost": 0.0, "Total Cost": 1.03, "Plan Rows": 3, "Plan Width": 4}]}]}]}, "Unique SQL Id": 3145361615}, "explain_analyze_plan": {"Plan": {"Node Type": "Aggregate", "Strategy": "Plain", "Startup Cost": 515623.68, "Total Cost": 515623.69, "Plan Rows": 1, "Plan Width": 97, "Actual Min Startup Time": 3512.81, "Actual Max Startup Time": 3512.81, "Actual Min Total Time": 3512.81, "Actual Max Total Time": 3512.81, "Actual Total Rows": 1, "Plans": [{"Node Type": "Hash Join", "Parent Relationship": "Outer", "Join Type": "Inner", "Startup Cost": 405190.17, "Total Cost": 510776.61, "Plan Rows": 969413, "Plan Width": 33, "Actual Min Startup Time": 3150.989, "Actual Max Startup Time": 3150.989, "Actual Min Total Time": 3512.763, "Actual Max Total Time": 3512.763, "Actual Total Rows": 4, "Inner Unique": true, "Hash Cond": "(mc.company_type_id = ct.id), (LLVM Optimized, Jit Execute)", "Plans": [{"Node Type": "Hash Join", "Parent Relationship": "Outer", "Join Type": "Inner", "Startup Cost": 405189.1, "Total Cost": 497446.12, "Plan Rows": 969413, "Plan Width": 37, "Actual Min Startup Time": 2306.919, "Actual Max Startup Time": 2306.919, "Actual Min Total Time": 3512.569, "Actual Max Total Time": 3512.569, "Actual Total Rows": 10, "Inner Unique": true, "Hash Cond": "(ci.role_id = rt.id), (LLVM Optimized, Jit Execute)", "Plans": [{"Node Type": "Hash Join", "Parent Relationship": "Outer", "Join Type": "Inner", "Startup Cost": 405188.67, "Total Cost": 484116.26, "Plan Rows": 969413, "Plan Width": 41, "Actual Min Startup Time": 2306.816, "Actual Max Startup Time": 2306.816, "Actual Min Total Time": 3512.299, "Actual Max Total Time": 3512.299, "Actual Total Rows": 10, "Inner Unique": false, "Hash Cond": "(mc.movie_id = t.id), (LLVM Optimized, Jit Execute)", "Plans": [{"Node Type": "Hash Join", "Parent Relationship": "Outer", "Join Type": "Inner", "Startup Cost": 6968.08, "Total Cost": 71392.69, "Plan Rows": 1282311, "Plan Width": 8, "Actual Min Startup Time": 121.767, "Actual Max Startup Time": 121.767, "Actual Min Total Time": 1517.199, "Actual Max Total Time": 1517.199, "Actual Total Rows": 1153797, "Inner Unique": true, "Hash Cond": "(mc.company_id = cn.id), (LLVM Optimized, Jit Execute)", "Plans": [{"Node Type": "Seq Scan", "Parent Relationship": "Outer", "Relation Name": "movie_companies", "Alias": "mc", "Startup Cost": 0.0, "Total Cost": 41817.28, "Plan Rows": 2609128, "Plan Width": 12, "Actual Min Startup Time": 0.051, "Actual Max Startup Time": 0.051, "Actual Min Total Time": 586.979, "Actual Max Total Time": 586.979, "Actual Total Rows": 2609128}, {"Node Type": "Hash", "Parent Relationship": "Inner", "Startup Cost": 5903.45, "Total Cost": 5903.45, "Plan Rows": 85170, "Plan Width": 4, "Actual Min Startup Time": 121.51, "Actual Max Startup Time": 121.51, "Actual Min Total Time": 121.51, "Actual Max Total Time": 121.51, "Actual Total Rows": 84843, "Max Hash Buckets": 131072, "Min Hash Buckets": 131072, "Max Hash Batches": 1, "Min Hash Batches": 1, "Max Original Hash Batches": 1, "Min Original Hash Batches": 1, "Max Peak Memory Usage": 2983, "min Peak Memory Usage": 2983, "Plans": [{"Node Type": "Seq Scan", "Parent Relationship": "Outer", "Relation Name": "company_name", "Alias": "cn", "Startup Cost": 0.0, "Total Cost": 5903.45, "Plan Rows": 85170, "Plan Width": 4, "Actual Min Startup Time": 0.037, "Actual Max Startup Time": 0.037, "Actual Min Total Time": 93.104, "Actual Max Total Time": 93.104, "Actual Total Rows": 84843, "Filter": "((country_code)::text = '[us]'::text)", "Rows Removed by Filter": 150153}]}]}, {"Node Type": "Hash", "Parent Relationship": "Inner", "Startup Cost": 386291.56, "Total Cost": 386291.56, "Plan Rows": 954323, "Plan Width": 45, "Actual Min Startup Time": 1772.978, "Actual Max Startup Time": 1772.978, "Actual Min Total Time": 1772.978, "Actual Max Total Time": 1772.978, "Actual Total Rows": 12, "Max Hash Buckets": 1048576, "Min Hash Buckets": 1048576, "Max Hash Batches": 1, "Min Hash Batches": 1, "Max Original Hash Batches": 1, "Min Original Hash Batches": 1, "Max Peak Memory Usage": 1, "min Peak Memory Usage": 1, "Plans": [{"Node Type": "Streaming(type: LOCAL GATHER dop: 1/64)", "Parent Relationship": "Outer", "Startup Cost": 162901.55, "Total Cost": 386291.56, "Plan Rows": 954323, "Plan Width": 45, "Actual Min Startup Time": 1770.895, "Actual Max Startup Time": 1770.895, "Actual Min Total Time": 1772.939, "Actual Max Total Time": 1772.939, "Actual Total Rows": 12, "Plans": [{"Node Type": "Hash Join", "Parent Relationship": "Outer", "Join Type": "Inner", "Startup Cost": 162901.55, "Total Cost": 366603.99, "Plan Rows": 954323, "Plan Width": 45, "Actual Min Startup Time": 1051.258, "Actual Max Startup Time": 1368.871, "Actual Min Total Time": 1051.258, "Actual Max Total Time": 1368.871, "Actual Total Rows": 12, "Inner Unique": true, "Hash Cond": "(ci.person_role_id = chn.id), (LLVM Optimized, Jit Execute)", "Plans": [{"Node Type": "Streaming(type: LOCAL REDISTRIBUTE dop: 64/64)", "Parent Relationship": "Outer", "Startup Cost": 129035.53, "Total Cost": 332473.51, "Plan Rows": 1968625, "Plan Width": 33, "Actual Min Startup Time": 0.324, "Actual Max Startup Time": 772.355, "Actual Min Total Time": 652.101, "Actual Max Total Time": 772.355, "Actual Total Rows": 1071330, "Plans": [{"Node Type": "Hash Join", "Parent Relationship": "Outer", "Join Type": "Inner", "Startup Cost": 129035.53, "Total Cost": 267608.7, "Plan Rows": 1968625, "Plan Width": 33, "Actual Min Startup Time": 216.428, "Actual Max Startup Time": 564.106, "Actual Min Total Time": 457.061, "Actual Max Total Time": 893.331, "Actual Total Rows": 1071330, "Inner Unique": true, "Hash Cond": "(ci.movie_id = t.id), (LLVM Optimized, Jit Execute)", "Plans": [{"Node Type": "Streaming(type: LOCAL REDISTRIBUTE dop: 64/64)", "Parent Relationship": "Outer", "Startup Cost": 0.0, "Total Cost": 138181.4, "Plan Rows": 1436424, "Plan Width": 12, "Actual Min Startup Time": 0.224, "Actual Max Startup Time": 65.822, "Actual Min Total Time": 189.689, "Actual Max Total Time": 355.253, "Actual Total Rows": 1435439, "Plans": [{"Node Type": "Seq Scan", "Parent Relationship": "Outer", "Relation Name": "cast_info", "Alias": "ci", "Startup Cost": 0.0, "Total Cost": 73820.73, "Plan Rows": 1436424, "Plan Width": 12, "Actual Min Startup Time": 14.06, "Actual Max Startup Time": 104.928, "Actual Min Total Time": 178.13, "Actual Max Total Time": 267.3, "Actual Total Rows": 1435439, "Filter": "((note)::text ~~ '%(producer)%'::text), (LLVM Optimized, Jit Execute)", "Rows Removed by Filter": 34808904}]}, {"Node Type": "Hash", "Parent Relationship": "Inner", "Startup Cost": 128693.96, "Total Cost": 128693.96, "Plan Rows": 1748840, "Plan Width": 21, "Actual Min Startup Time": 215.79, "Actual Max Startup Time": 563.556, "Actual Min Total Time": 215.79, "Actual Max Total Time": 563.556, "Actual Total Rows": 1749032, "Max Hash Buckets": 32768, "Min Hash Buckets": 32768, "Max Hash Batches": 1, "Min Hash Batches": 1, "Max Original Hash Batches": 1, "Min Original Hash Batches": 1, "Max Peak Memory Usage": 1467, "min Peak Memory Usage": 1467, "Plans": [{"Node Type": "Streaming(type: LOCAL REDISTRIBUTE dop: 64/64)", "Parent Relationship": "Outer", "Startup Cost": 0.0, "Total Cost": 128693.96, "Plan Rows": 1748840, "Plan Width": 21, "Actual Min Startup Time": 0.129, "Actual Max Startup Time": 217.095, "Actual Min Total Time": 175.094, "Actual Max Total Time": 547.198, "Actual Total Rows": 1749032, "Plans": [{"Node Type": "Seq Scan", "Parent Relationship": "Outer", "Relation Name": "title", "Alias": "t", "Startup Cost": 0.0, "Total Cost": 64037.34, "Plan Rows": 1748840, "Plan Width": 21, "Actual Min Startup Time": 0.033, "Actual Max Startup Time": 0.11, "Actual Min Total Time": 17.019, "Actual Max Total Time": 53.031, "Actual Total Rows": 1749032, "Filter": "(production_year > 1990), (LLVM Optimized, Jit Execute)", "Rows Removed by Filter": 779279}]}]}]}]}, {"Node Type": "Hash", "Parent Relationship": "Inner", "Startup Cost": 130029.32, "Total Cost": 130029.32, "Plan Rows": 3140338, "Plan Width": 20, "Actual Min Startup Time": 278.829, "Actual Max Startup Time": 596.445, "Actual Min Total Time": 278.829, "Actual Max Total Time": 596.445, "Actual Total Rows": 3140338, "Max Hash Buckets": 65536, "Min Hash Buckets": 65536, "Max Hash Batches": 1, "Min Hash Batches": 1, "Max Original Hash Batches": 1, "Min Original Hash Batches": 1, "Max Peak Memory Usage": 2583, "min Peak Memory Usage": 2583, "Plans": [{"Node Type": "Streaming(type: LOCAL REDISTRIBUTE dop: 64/64)", "Parent Relationship": "Outer", "Startup Cost": 0.0, "Total Cost": 130029.32, "Plan Rows": 3140338, "Plan Width": 20, "Actual Min Startup Time": 0.123, "Actual Max Startup Time": 61.811, "Actual Min Total Time": 193.575, "Actual Max Total Time": 548.555, "Actual Total Rows": 3140338, "Plans": [{"Node Type": "Seq Scan", "Parent Relationship": "Outer", "Relation Name": "char_name", "Alias": "chn", "Startup Cost": 0.0, "Total Cost": 64054.58, "Plan Rows": 3140338, "Plan Width": 20, "Actual Min Startup Time": 0.02, "Actual Max Startup Time": 0.066, "Actual Min Total Time": 18.533, "Actual Max Total Time": 43.707, "Actual Total Rows": 3140338}]}]}]}]}]}]}, {"Node Type": "Hash", "Parent Relationship": "Inner", "Startup Cost": 1.12, "Total Cost": 1.12, "Plan Rows": 12, "Plan Width": 4, "Actual Min Startup Time": 0.02, "Actual Max Startup Time": 0.02, "Actual Min Total Time": 0.02, "Actual Max Total Time": 0.02, "Actual Total Rows": 12, "Max Hash Buckets": 32768, "Min Hash Buckets": 32768, "Max Hash Batches": 1, "Min Hash Batches": 1, "Max Original Hash Batches": 1, "Min Original Hash Batches": 1, "Max Peak Memory Usage": 1, "min Peak Memory Usage": 1, "Plans": [{"Node Type": "Seq Scan", "Parent Relationship": "Outer", "Relation Name": "role_type", "Alias": "rt", "Startup Cost": 0.0, "Total Cost": 1.12, "Plan Rows": 12, "Plan Width": 4, "Actual Min Startup Time": 0.011, "Actual Max Startup Time": 0.011, "Actual Min Total Time": 0.011, "Actual Max Total Time": 0.011, "Actual Total Rows": 12}]}]}, {"Node Type": "Hash", "Parent Relationship": "Inner", "Startup Cost": 1.03, "Total Cost": 1.03, "Plan Rows": 3, "Plan Width": 4, "Actual Min Startup Time": 0.056, "Actual Max Startup Time": 0.056, "Actual Min Total Time": 0.056, "Actual Max Total Time": 0.056, "Actual Total Rows": 3, "Max Hash Buckets": 32768, "Min Hash Buckets": 32768, "Max Hash Batches": 1, "Min Hash Batches": 1, "Max Original Hash Batches": 1, "Min Original Hash Batches": 1, "Max Peak Memory Usage": 1, "min Peak Memory Usage": 1, "Plans": [{"Node Type": "Seq Scan", "Parent Relationship": "Outer", "Relation Name": "company_type", "Alias": "ct", "Startup Cost": 0.0, "Total Cost": 1.03, "Plan Rows": 3, "Plan Width": 4, "Actual Min Startup Time": 0.027, "Actual Max Startup Time": 0.027, "Actual Min Total Time": 0.03, "Actual Max Total Time": 0.03, "Actual Total Rows": 3}]}]}]}, "Triggers": [], "Planner Runtime": 79.157, "Total Runtime": 3616.873, "Unique SQL Id": 3145361615}}, "(64, 75)": {"explain_plan": {"Plan": {"Node Type": "Aggregate", "Strategy": "Plain", "Startup Cost": 6404836172964.85, "Total Cost": 6404836172964.86, "Plan Rows": 1, "Plan Width": 97, "Plans": [{"Node Type": "Hash Join", "Parent Relationship": "Outer", "Join Type": "Inner", "Startup Cost": 4427546227410.03, "Total Cost": 6404836168117.79, "Plan Rows": 969413, "Plan Width": 33, "Inner Unique": true, "Hash Cond": "(mc.company_type_id = ct.id), (LLVM Optimized)", "Plans": [{"Node Type": "Hash Join", "Parent Relationship": "Outer", "Join Type": "Inner", "Startup Cost": 3427546226580.49, "Total Cost": 5404836153958.82, "Plan Rows": 969413, "Plan Width": 37, "Inner Unique": true, "Hash Cond": "(mc.company_id = cn.id), (LLVM Optimized)", "Plans": [{"Node Type": "Merge Join", "Parent Relationship": "Outer", "Join Type": "Inner", "Startup Cost": 2427545175376.9, "Total Cost": 4404835085664.31, "Plan Rows": 1972473, "Plan Width": 41, "Inner Unique": false, "Merge Cond": "(t.id = ci.movie_id)", "Plans": [{"Node Type": "Merge Join", "Parent Relationship": "Outer", "Join Type": "Inner", "Startup Cost": 20021511654.95, "Total Cost": 1999075977462.98, "Plan Rows": 3614708, "Plan Width": 33, "Inner Unique": false, "Merge Cond": "(t.id = mc.movie_id)", "Plans": [{"Node Type": "Index Scan", "Parent Relationship": "Outer", "Scan Direction": "Forward", "Index Name": "title_pkey", "Relation Name": "title", "Alias": "t", "Startup Cost": 10000000000.0, "Total Cost": 1000011644126.66, "Plan Rows": 1748840, "Plan Width": 21, "Filter": "(production_year > 1990), (LLVM Optimized)"}, {"Node Type": "Materialize", "Parent Relationship": "Inner", "Startup Cost": 10000000000.0, "Total Cost": 1000013058468.95, "Plan Rows": 2609128, "Plan Width": 12, "Plans": [{"Node Type": "Index Scan", "Parent Relationship": "Outer", "Scan Direction": "Forward", "Index Name": "movie_id_movie_companies", "Relation Name": "movie_companies", "Alias": "mc", "Startup Cost": 10000000000.0, "Total Cost": 1000013051946.13, "Plan Rows": 2609128, "Plan Width": 12}]}]}, {"Node Type": "Sort", "Parent Relationship": "Inner", "Startup Cost": 2407523663721.91, "Total Cost": 2407523665462.74, "Plan Rows": 696330, "Plan Width": 20, "Sort Key": ["ci.movie_id"], "Plans": [{"Node Type": "Merge Join", "Parent Relationship": "Outer", "Join Type": "Inner", "Startup Cost": 1500023584927.4, "Total Cost": 2407523596145.13, "Plan Rows": 696330, "Plan Width": 20, "Inner Unique": false, "Merge Cond": "(rt.id = ci.role_id)", "Plans": [{"Node Type": "Index Only Scan", "Parent Relationship": "Outer", "Scan Direction": "Forward", "Index Name": "role_type_pkey", "Relation Name": "role_type", "Alias": "rt", "Startup Cost": 10000000000.0, "Total Cost": 1000000000843.0, "Plan Rows": 12, "Plan Width": 4}, {"Node Type": "Sort", "Parent Relationship": "Inner", "Startup Cost": 1490023584927.4, "Total Cost": 1490023586668.23, "Plan Rows": 696330, "Plan Width": 24, "Sort Key": ["ci.role_id"], "Plans": [{"Node Type": "Merge Join", "Parent Relationship": "Outer", "Join Type": "Inner", "Startup Cost": 59427507435.38, "Total Cost": 1490023517350.63, "Plan Rows": 696330, "Plan Width": 24, "Inner Unique": false, "Merge Cond": "(chn.id = ci.person_role_id)", "Plans": [{"Node Type": "Index Scan", "Parent Relationship": "Outer", "Scan Direction": "Forward", "Index Name": "char_name_pkey", "Relation Name": "char_name", "Alias": "chn", "Startup Cost": 10000000000.0, "Total Cost": 1000012987545.51, "Plan Rows": 3140338, "Plan Width": 20}, {"Node Type": "Index Scan", "Parent Relationship": "Inner", "Scan Direction": "Forward", "Index Name": "person_role_id_cast_info", "Relation Name": "cast_info", "Alias": "ci", "Startup Cost": 10000000000.0, "Total Cost": 1000202250807.98, "Plan Rows": 1436424, "Plan Width": 12, "Filter": "((note)::text ~~ '%(producer)%'::text), (LLVM Optimized)"}]}]}]}]}]}, {"Node Type": "Hash", "Parent Relationship": "Inner", "Startup Cost": 1000001050138.97, "Total Cost": 1000001050138.97, "Plan Rows": 85170, "Plan Width": 4, "Plans": [{"Node Type": "Index Scan", "Parent Relationship": "Outer", "Scan Direction": "Forward", "Index Name": "company_name_pkey", "Relation Name": "company_name", "Alias": "cn", "Startup Cost": 10000000000.0, "Total Cost": 1000001050138.97, "Plan Rows": 85170, "Plan Width": 4, "Filter": "((country_code)::text = '[us]'::text)"}]}]}, {"Node Type": "Hash", "Parent Relationship": "Inner", "Startup Cost": 1000000000829.5, "Total Cost": 1000000000829.5, "Plan Rows": 3, "Plan Width": 4, "Plans": [{"Node Type": "Index Only Scan", "Parent Relationship": "Outer", "Scan Direction": "Forward", "Index Name": "company_type_pkey", "Relation Name": "company_type", "Alias": "ct", "Startup Cost": 10000000000.0, "Total Cost": 1000000000829.5, "Plan Rows": 3, "Plan Width": 4}]}]}]}, "Unique SQL Id": 3145361615}, "explain_analyze_plan": null}, "(64, 76)": {"explain_plan": {"Plan": {"Node Type": "Aggregate", "Strategy": "Plain", "Startup Cost": 515623.68, "Total Cost": 515623.69, "Plan Rows": 1, "Plan Width": 97, "Plans": [{"Node Type": "Hash Join", "Parent Relationship": "Outer", "Join Type": "Inner", "Startup Cost": 405190.17, "Total Cost": 510776.61, "Plan Rows": 969413, "Plan Width": 33, "Inner Unique": true, "Hash Cond": "(mc.company_type_id = ct.id), (LLVM Optimized)", "Plans": [{"Node Type": "Hash Join", "Parent Relationship": "Outer", "Join Type": "Inner", "Startup Cost": 405189.1, "Total Cost": 497446.12, "Plan Rows": 969413, "Plan Width": 37, "Inner Unique": true, "Hash Cond": "(ci.role_id = rt.id), (LLVM Optimized)", "Plans": [{"Node Type": "Hash Join", "Parent Relationship": "Outer", "Join Type": "Inner", "Startup Cost": 405188.67, "Total Cost": 484116.26, "Plan Rows": 969413, "Plan Width": 41, "Inner Unique": false, "Hash Cond": "(mc.movie_id = t.id), (LLVM Optimized)", "Plans": [{"Node Type": "Hash Join", "Parent Relationship": "Outer", "Join Type": "Inner", "Startup Cost": 6968.08, "Total Cost": 71392.69, "Plan Rows": 1282311, "Plan Width": 8, "Inner Unique": true, "Hash Cond": "(mc.company_id = cn.id), (LLVM Optimized)", "Plans": [{"Node Type": "Seq Scan", "Parent Relationship": "Outer", "Relation Name": "movie_companies", "Alias": "mc", "Startup Cost": 0.0, "Total Cost": 41817.28, "Plan Rows": 2609128, "Plan Width": 12}, {"Node Type": "Hash", "Parent Relationship": "Inner", "Startup Cost": 5903.45, "Total Cost": 5903.45, "Plan Rows": 85170, "Plan Width": 4, "Plans": [{"Node Type": "Seq Scan", "Parent Relationship": "Outer", "Relation Name": "company_name", "Alias": "cn", "Startup Cost": 0.0, "Total Cost": 5903.45, "Plan Rows": 85170, "Plan Width": 4, "Filter": "((country_code)::text = '[us]'::text)"}]}]}, {"Node Type": "Hash", "Parent Relationship": "Inner", "Startup Cost": 386291.56, "Total Cost": 386291.56, "Plan Rows": 954323, "Plan Width": 45, "Plans": [{"Node Type": "Streaming(type: LOCAL GATHER dop: 1/64)", "Parent Relationship": "Outer", "Startup Cost": 162901.55, "Total Cost": 386291.56, "Plan Rows": 954323, "Plan Width": 45, "Plans": [{"Node Type": "Hash Join", "Parent Relationship": "Outer", "Join Type": "Inner", "Startup Cost": 162901.55, "Total Cost": 366603.99, "Plan Rows": 954323, "Plan Width": 45, "Inner Unique": true, "Hash Cond": "(ci.person_role_id = chn.id), (LLVM Optimized)", "Plans": [{"Node Type": "Streaming(type: LOCAL REDISTRIBUTE dop: 64/64)", "Parent Relationship": "Outer", "Startup Cost": 129035.53, "Total Cost": 332473.51, "Plan Rows": 1968625, "Plan Width": 33, "Plans": [{"Node Type": "Hash Join", "Parent Relationship": "Outer", "Join Type": "Inner", "Startup Cost": 129035.53, "Total Cost": 267608.7, "Plan Rows": 1968625, "Plan Width": 33, "Inner Unique": true, "Hash Cond": "(ci.movie_id = t.id), (LLVM Optimized)", "Plans": [{"Node Type": "Streaming(type: LOCAL REDISTRIBUTE dop: 64/64)", "Parent Relationship": "Outer", "Startup Cost": 0.0, "Total Cost": 138181.4, "Plan Rows": 1436424, "Plan Width": 12, "Plans": [{"Node Type": "Seq Scan", "Parent Relationship": "Outer", "Relation Name": "cast_info", "Alias": "ci", "Startup Cost": 0.0, "Total Cost": 73820.73, "Plan Rows": 1436424, "Plan Width": 12, "Filter": "((note)::text ~~ '%(producer)%'::text), (LLVM Optimized)"}]}, {"Node Type": "Hash", "Parent Relationship": "Inner", "Startup Cost": 128693.96, "Total Cost": 128693.96, "Plan Rows": 1748840, "Plan Width": 21, "Plans": [{"Node Type": "Streaming(type: LOCAL REDISTRIBUTE dop: 64/64)", "Parent Relationship": "Outer", "Startup Cost": 0.0, "Total Cost": 128693.96, "Plan Rows": 1748840, "Plan Width": 21, "Plans": [{"Node Type": "Seq Scan", "Parent Relationship": "Outer", "Relation Name": "title", "Alias": "t", "Startup Cost": 0.0, "Total Cost": 64037.34, "Plan Rows": 1748840, "Plan Width": 21, "Filter": "(production_year > 1990), (LLVM Optimized)"}]}]}]}]}, {"Node Type": "Hash", "Parent Relationship": "Inner", "Startup Cost": 130029.32, "Total Cost": 130029.32, "Plan Rows": 3140338, "Plan Width": 20, "Plans": [{"Node Type": "Streaming(type: LOCAL REDISTRIBUTE dop: 64/64)", "Parent Relationship": "Outer", "Startup Cost": 0.0, "Total Cost": 130029.32, "Plan Rows": 3140338, "Plan Width": 20, "Plans": [{"Node Type": "Seq Scan", "Parent Relationship": "Outer", "Relation Name": "char_name", "Alias": "chn", "Startup Cost": 0.0, "Total Cost": 64054.58, "Plan Rows": 3140338, "Plan Width": 20}]}]}]}]}]}]}, {"Node Type": "Hash", "Parent Relationship": "Inner", "Startup Cost": 1.12, "Total Cost": 1.12, "Plan Rows": 12, "Plan Width": 4, "Plans": [{"Node Type": "Seq Scan", "Parent Relationship": "Outer", "Relation Name": "role_type", "Alias": "rt", "Startup Cost": 0.0, "Total Cost": 1.12, "Plan Rows": 12, "Plan Width": 4}]}]}, {"Node Type": "Hash", "Parent Relationship": "Inner", "Startup Cost": 1.03, "Total Cost": 1.03, "Plan Rows": 3, "Plan Width": 4, "Plans": [{"Node Type": "Seq Scan", "Parent Relationship": "Outer", "Relation Name": "company_type", "Alias": "ct", "Startup Cost": 0.0, "Total Cost": 1.03, "Plan Rows": 3, "Plan Width": 4}]}]}]}, "Unique SQL Id": 3145361615}, "explain_analyze_plan": {"Plan": {"Node Type": "Aggregate", "Strategy": "Plain", "Startup Cost": 515623.68, "Total Cost": 515623.69, "Plan Rows": 1, "Plan Width": 97, "Actual Min Startup Time": 3512.81, "Actual Max Startup Time": 3512.81, "Actual Min Total Time": 3512.81, "Actual Max Total Time": 3512.81, "Actual Total Rows": 1, "Plans": [{"Node Type": "Hash Join", "Parent Relationship": "Outer", "Join Type": "Inner", "Startup Cost": 405190.17, "Total Cost": 510776.61, "Plan Rows": 969413, "Plan Width": 33, "Actual Min Startup Time": 3150.989, "Actual Max Startup Time": 3150.989, "Actual Min Total Time": 3512.763, "Actual Max Total Time": 3512.763, "Actual Total Rows": 4, "Inner Unique": true, "Hash Cond": "(mc.company_type_id = ct.id), (LLVM Optimized, Jit Execute)", "Plans": [{"Node Type": "Hash Join", "Parent Relationship": "Outer", "Join Type": "Inner", "Startup Cost": 405189.1, "Total Cost": 497446.12, "Plan Rows": 969413, "Plan Width": 37, "Actual Min Startup Time": 2306.919, "Actual Max Startup Time": 2306.919, "Actual Min Total Time": 3512.569, "Actual Max Total Time": 3512.569, "Actual Total Rows": 10, "Inner Unique": true, "Hash Cond": "(ci.role_id = rt.id), (LLVM Optimized, Jit Execute)", "Plans": [{"Node Type": "Hash Join", "Parent Relationship": "Outer", "Join Type": "Inner", "Startup Cost": 405188.67, "Total Cost": 484116.26, "Plan Rows": 969413, "Plan Width": 41, "Actual Min Startup Time": 2306.816, "Actual Max Startup Time": 2306.816, "Actual Min Total Time": 3512.299, "Actual Max Total Time": 3512.299, "Actual Total Rows": 10, "Inner Unique": false, "Hash Cond": "(mc.movie_id = t.id), (LLVM Optimized, Jit Execute)", "Plans": [{"Node Type": "Hash Join", "Parent Relationship": "Outer", "Join Type": "Inner", "Startup Cost": 6968.08, "Total Cost": 71392.69, "Plan Rows": 1282311, "Plan Width": 8, "Actual Min Startup Time": 121.767, "Actual Max Startup Time": 121.767, "Actual Min Total Time": 1517.199, "Actual Max Total Time": 1517.199, "Actual Total Rows": 1153797, "Inner Unique": true, "Hash Cond": "(mc.company_id = cn.id), (LLVM Optimized, Jit Execute)", "Plans": [{"Node Type": "Seq Scan", "Parent Relationship": "Outer", "Relation Name": "movie_companies", "Alias": "mc", "Startup Cost": 0.0, "Total Cost": 41817.28, "Plan Rows": 2609128, "Plan Width": 12, "Actual Min Startup Time": 0.051, "Actual Max Startup Time": 0.051, "Actual Min Total Time": 586.979, "Actual Max Total Time": 586.979, "Actual Total Rows": 2609128}, {"Node Type": "Hash", "Parent Relationship": "Inner", "Startup Cost": 5903.45, "Total Cost": 5903.45, "Plan Rows": 85170, "Plan Width": 4, "Actual Min Startup Time": 121.51, "Actual Max Startup Time": 121.51, "Actual Min Total Time": 121.51, "Actual Max Total Time": 121.51, "Actual Total Rows": 84843, "Max Hash Buckets": 131072, "Min Hash Buckets": 131072, "Max Hash Batches": 1, "Min Hash Batches": 1, "Max Original Hash Batches": 1, "Min Original Hash Batches": 1, "Max Peak Memory Usage": 2983, "min Peak Memory Usage": 2983, "Plans": [{"Node Type": "Seq Scan", "Parent Relationship": "Outer", "Relation Name": "company_name", "Alias": "cn", "Startup Cost": 0.0, "Total Cost": 5903.45, "Plan Rows": 85170, "Plan Width": 4, "Actual Min Startup Time": 0.037, "Actual Max Startup Time": 0.037, "Actual Min Total Time": 93.104, "Actual Max Total Time": 93.104, "Actual Total Rows": 84843, "Filter": "((country_code)::text = '[us]'::text)", "Rows Removed by Filter": 150153}]}]}, {"Node Type": "Hash", "Parent Relationship": "Inner", "Startup Cost": 386291.56, "Total Cost": 386291.56, "Plan Rows": 954323, "Plan Width": 45, "Actual Min Startup Time": 1772.978, "Actual Max Startup Time": 1772.978, "Actual Min Total Time": 1772.978, "Actual Max Total Time": 1772.978, "Actual Total Rows": 12, "Max Hash Buckets": 1048576, "Min Hash Buckets": 1048576, "Max Hash Batches": 1, "Min Hash Batches": 1, "Max Original Hash Batches": 1, "Min Original Hash Batches": 1, "Max Peak Memory Usage": 1, "min Peak Memory Usage": 1, "Plans": [{"Node Type": "Streaming(type: LOCAL GATHER dop: 1/64)", "Parent Relationship": "Outer", "Startup Cost": 162901.55, "Total Cost": 386291.56, "Plan Rows": 954323, "Plan Width": 45, "Actual Min Startup Time": 1770.895, "Actual Max Startup Time": 1770.895, "Actual Min Total Time": 1772.939, "Actual Max Total Time": 1772.939, "Actual Total Rows": 12, "Plans": [{"Node Type": "Hash Join", "Parent Relationship": "Outer", "Join Type": "Inner", "Startup Cost": 162901.55, "Total Cost": 366603.99, "Plan Rows": 954323, "Plan Width": 45, "Actual Min Startup Time": 1051.258, "Actual Max Startup Time": 1368.871, "Actual Min Total Time": 1051.258, "Actual Max Total Time": 1368.871, "Actual Total Rows": 12, "Inner Unique": true, "Hash Cond": "(ci.person_role_id = chn.id), (LLVM Optimized, Jit Execute)", "Plans": [{"Node Type": "Streaming(type: LOCAL REDISTRIBUTE dop: 64/64)", "Parent Relationship": "Outer", "Startup Cost": 129035.53, "Total Cost": 332473.51, "Plan Rows": 1968625, "Plan Width": 33, "Actual Min Startup Time": 0.324, "Actual Max Startup Time": 772.355, "Actual Min Total Time": 652.101, "Actual Max Total Time": 772.355, "Actual Total Rows": 1071330, "Plans": [{"Node Type": "Hash Join", "Parent Relationship": "Outer", "Join Type": "Inner", "Startup Cost": 129035.53, "Total Cost": 267608.7, "Plan Rows": 1968625, "Plan Width": 33, "Actual Min Startup Time": 216.428, "Actual Max Startup Time": 564.106, "Actual Min Total Time": 457.061, "Actual Max Total Time": 893.331, "Actual Total Rows": 1071330, "Inner Unique": true, "Hash Cond": "(ci.movie_id = t.id), (LLVM Optimized, Jit Execute)", "Plans": [{"Node Type": "Streaming(type: LOCAL REDISTRIBUTE dop: 64/64)", "Parent Relationship": "Outer", "Startup Cost": 0.0, "Total Cost": 138181.4, "Plan Rows": 1436424, "Plan Width": 12, "Actual Min Startup Time": 0.224, "Actual Max Startup Time": 65.822, "Actual Min Total Time": 189.689, "Actual Max Total Time": 355.253, "Actual Total Rows": 1435439, "Plans": [{"Node Type": "Seq Scan", "Parent Relationship": "Outer", "Relation Name": "cast_info", "Alias": "ci", "Startup Cost": 0.0, "Total Cost": 73820.73, "Plan Rows": 1436424, "Plan Width": 12, "Actual Min Startup Time": 14.06, "Actual Max Startup Time": 104.928, "Actual Min Total Time": 178.13, "Actual Max Total Time": 267.3, "Actual Total Rows": 1435439, "Filter": "((note)::text ~~ '%(producer)%'::text), (LLVM Optimized, Jit Execute)", "Rows Removed by Filter": 34808904}]}, {"Node Type": "Hash", "Parent Relationship": "Inner", "Startup Cost": 128693.96, "Total Cost": 128693.96, "Plan Rows": 1748840, "Plan Width": 21, "Actual Min Startup Time": 215.79, "Actual Max Startup Time": 563.556, "Actual Min Total Time": 215.79, "Actual Max Total Time": 563.556, "Actual Total Rows": 1749032, "Max Hash Buckets": 32768, "Min Hash Buckets": 32768, "Max Hash Batches": 1, "Min Hash Batches": 1, "Max Original Hash Batches": 1, "Min Original Hash Batches": 1, "Max Peak Memory Usage": 1467, "min Peak Memory Usage": 1467, "Plans": [{"Node Type": "Streaming(type: LOCAL REDISTRIBUTE dop: 64/64)", "Parent Relationship": "Outer", "Startup Cost": 0.0, "Total Cost": 128693.96, "Plan Rows": 1748840, "Plan Width": 21, "Actual Min Startup Time": 0.129, "Actual Max Startup Time": 217.095, "Actual Min Total Time": 175.094, "Actual Max Total Time": 547.198, "Actual Total Rows": 1749032, "Plans": [{"Node Type": "Seq Scan", "Parent Relationship": "Outer", "Relation Name": "title", "Alias": "t", "Startup Cost": 0.0, "Total Cost": 64037.34, "Plan Rows": 1748840, "Plan Width": 21, "Actual Min Startup Time": 0.033, "Actual Max Startup Time": 0.11, "Actual Min Total Time": 17.019, "Actual Max Total Time": 53.031, "Actual Total Rows": 1749032, "Filter": "(production_year > 1990), (LLVM Optimized, Jit Execute)", "Rows Removed by Filter": 779279}]}]}]}]}, {"Node Type": "Hash", "Parent Relationship": "Inner", "Startup Cost": 130029.32, "Total Cost": 130029.32, "Plan Rows": 3140338, "Plan Width": 20, "Actual Min Startup Time": 278.829, "Actual Max Startup Time": 596.445, "Actual Min Total Time": 278.829, "Actual Max Total Time": 596.445, "Actual Total Rows": 3140338, "Max Hash Buckets": 65536, "Min Hash Buckets": 65536, "Max Hash Batches": 1, "Min Hash Batches": 1, "Max Original Hash Batches": 1, "Min Original Hash Batches": 1, "Max Peak Memory Usage": 2583, "min Peak Memory Usage": 2583, "Plans": [{"Node Type": "Streaming(type: LOCAL REDISTRIBUTE dop: 64/64)", "Parent Relationship": "Outer", "Startup Cost": 0.0, "Total Cost": 130029.32, "Plan Rows": 3140338, "Plan Width": 20, "Actual Min Startup Time": 0.123, "Actual Max Startup Time": 61.811, "Actual Min Total Time": 193.575, "Actual Max Total Time": 548.555, "Actual Total Rows": 3140338, "Plans": [{"Node Type": "Seq Scan", "Parent Relationship": "Outer", "Relation Name": "char_name", "Alias": "chn", "Startup Cost": 0.0, "Total Cost": 64054.58, "Plan Rows": 3140338, "Plan Width": 20, "Actual Min Startup Time": 0.02, "Actual Max Startup Time": 0.066, "Actual Min Total Time": 18.533, "Actual Max Total Time": 43.707, "Actual Total Rows": 3140338}]}]}]}]}]}]}, {"Node Type": "Hash", "Parent Relationship": "Inner", "Startup Cost": 1.12, "Total Cost": 1.12, "Plan Rows": 12, "Plan Width": 4, "Actual Min Startup Time": 0.02, "Actual Max Startup Time": 0.02, "Actual Min Total Time": 0.02, "Actual Max Total Time": 0.02, "Actual Total Rows": 12, "Max Hash Buckets": 32768, "Min Hash Buckets": 32768, "Max Hash Batches": 1, "Min Hash Batches": 1, "Max Original Hash Batches": 1, "Min Original Hash Batches": 1, "Max Peak Memory Usage": 1, "min Peak Memory Usage": 1, "Plans": [{"Node Type": "Seq Scan", "Parent Relationship": "Outer", "Relation Name": "role_type", "Alias": "rt", "Startup Cost": 0.0, "Total Cost": 1.12, "Plan Rows": 12, "Plan Width": 4, "Actual Min Startup Time": 0.011, "Actual Max Startup Time": 0.011, "Actual Min Total Time": 0.011, "Actual Max Total Time": 0.011, "Actual Total Rows": 12}]}]}, {"Node Type": "Hash", "Parent Relationship": "Inner", "Startup Cost": 1.03, "Total Cost": 1.03, "Plan Rows": 3, "Plan Width": 4, "Actual Min Startup Time": 0.056, "Actual Max Startup Time": 0.056, "Actual Min Total Time": 0.056, "Actual Max Total Time": 0.056, "Actual Total Rows": 3, "Max Hash Buckets": 32768, "Min Hash Buckets": 32768, "Max Hash Batches": 1, "Min Hash Batches": 1, "Max Original Hash Batches": 1, "Min Original Hash Batches": 1, "Max Peak Memory Usage": 1, "min Peak Memory Usage": 1, "Plans": [{"Node Type": "Seq Scan", "Parent Relationship": "Outer", "Relation Name": "company_type", "Alias": "ct", "Startup Cost": 0.0, "Total Cost": 1.03, "Plan Rows": 3, "Plan Width": 4, "Actual Min Startup Time": 0.027, "Actual Max Startup Time": 0.027, "Actual Min Total Time": 0.03, "Actual Max Total Time": 0.03, "Actual Total Rows": 3}]}]}]}, "Triggers": [], "Planner Runtime": 79.157, "Total Runtime": 3616.873, "Unique SQL Id": 3145361615}}, "(64, 77)": {"explain_plan": {"Plan": {"Node Type": "Aggregate", "Strategy": "Plain", "Startup Cost": 1476562.64, "Total Cost": 1476562.65, "Plan Rows": 1, "Plan Width": 97, "Plans": [{"Node Type": "Hash Join", "Parent Relationship": "Outer", "Join Type": "Inner", "Startup Cost": 391137.15, "Total Cost": 1471715.57, "Plan Rows": 969413, "Plan Width": 33, "Inner Unique": true, "Hash Cond": "(mc.company_type_id = ct.id), (LLVM Optimized)", "Plans": [{"Node Type": "Hash Join", "Parent Relationship": "Outer", "Join Type": "Inner", "Startup Cost": 391124.82, "Total Cost": 1458373.81, "Plan Rows": 969413, "Plan Width": 37, "Inner Unique": false, "Hash Cond": "(ci.movie_id = t.id), (LLVM Optimized)", "Plans": [{"Node Type": "Hash Join", "Parent Relationship": "Outer", "Join Type": "Inner", "Startup Cost": 80687.05, "Total Cost": 1135630.49, "Plan Rows": 696330, "Plan Width": 20, "Inner Unique": true, "Hash Cond": "(ci.role_id = rt.id), (LLVM Optimized)", "Plans": [{"Node Type": "Merge Join", "Parent Relationship": "Outer", "Join Type": "Inner", "Startup Cost": 80674.47, "Total Cost": 1126861.56, "Plan Rows": 696330, "Plan Width": 24, "Inner Unique": false, "Merge Cond": "(chn.id = ci.person_role_id)", "Plans": [{"Node Type": "Index Scan", "Parent Relationship": "Outer", "Scan Direction": "Forward", "Index Name": "char_name_pkey", "Relation Name": "char_name", "Alias": "chn", "Startup Cost": 0.0, "Total Cost": 129875.46, "Plan Rows": 3140338, "Plan Width": 20}, {"Node Type": "Index Scan", "Parent Relationship": "Inner", "Scan Direction": "Forward", "Index Name": "person_role_id_cast_info", "Relation Name": "cast_info", "Alias": "ci", "Startup Cost": 0.0, "Total Cost": 2022508.08, "Plan Rows": 1436424, "Plan Width": 12, "Filter": "((note)::text ~~ '%(producer)%'::text), (LLVM Optimized)"}]}, {"Node Type": "Hash", "Parent Relationship": "Inner", "Startup Cost": 12.43, "Total Cost": 12.43, "Plan Rows": 12, "Plan Width": 4, "Plans": [{"Node Type": "Index Scan", "Parent Relationship": "Outer", "Scan Direction": "Forward", "Index Name": "role_type_pkey", "Relation Name": "role_type", "Alias": "rt", "Startup Cost": 0.0, "Total Cost": 12.43, "Plan Rows": 12, "Plan Width": 4}]}]}, {"Node Type": "Hash", "Parent Relationship": "Inner", "Startup Cost": 288231.21, "Total Cost": 288231.21, "Plan Rows": 1776525, "Plan Width": 29, "Plans": [{"Node Type": "Hash Join", "Parent Relationship": "Outer", "Join Type": "Inner", "Startup Cost": 149867.78, "Total Cost": 288231.21, "Plan Rows": 1776525, "Plan Width": 29, "Inner Unique": true, "Hash Cond": "(mc.movie_id = t.id), (LLVM Optimized)", "Plans": [{"Node Type": "Hash Join", "Parent Relationship": "Outer", "Join Type": "Inner", "Startup Cost": 11566.01, "Total Cost": 127355.52, "Plan Rows": 1282311, "Plan Width": 8, "Inner Unique": true, "Hash Cond": "(mc.company_id = cn.id), (LLVM Optimized)", "Plans": [{"Node Type": "Index Scan", "Parent Relationship": "Outer", "Scan Direction": "Forward", "Index Name": "company_type_id_movie_companies", "Relation Name": "movie_companies", "Alias": "mc", "Startup Cost": 0.0, "Total Cost": 93182.17, "Plan Rows": 2609128, "Plan Width": 12}, {"Node Type": "Hash", "Parent Relationship": "Inner", "Startup Cost": 10501.39, "Total Cost": 10501.39, "Plan Rows": 85170, "Plan Width": 4, "Plans": [{"Node Type": "Index Scan", "Parent Relationship": "Outer", "Scan Direction": "Forward", "Index Name": "company_name_pkey", "Relation Name": "company_name", "Alias": "cn", "Startup Cost": 0.0, "Total Cost": 10501.39, "Plan Rows": 85170, "Plan Width": 4, "Filter": "((country_code)::text = '[us]'::text)"}]}]}, {"Node Type": "Hash", "Parent Relationship": "Inner", "Startup Cost": 116441.27, "Total Cost": 116441.27, "Plan Rows": 1748840, "Plan Width": 21, "Plans": [{"Node Type": "Index Scan", "Parent Relationship": "Outer", "Scan Direction": "Forward", "Index Name": "title_pkey", "Relation Name": "title", "Alias": "t", "Startup Cost": 0.0, "Total Cost": 116441.27, "Plan Rows": 1748840, "Plan Width": 21, "Filter": "(production_year > 1990), (LLVM Optimized)"}]}]}]}]}, {"Node Type": "Hash", "Parent Relationship": "Inner", "Startup Cost": 12.29, "Total Cost": 12.29, "Plan Rows": 3, "Plan Width": 4, "Plans": [{"Node Type": "Index Scan", "Parent Relationship": "Outer", "Scan Direction": "Forward", "Index Name": "company_type_pkey", "Relation Name": "company_type", "Alias": "ct", "Startup Cost": 0.0, "Total Cost": 12.29, "Plan Rows": 3, "Plan Width": 4}]}]}]}, "Unique SQL Id": 3145361615}, "explain_analyze_plan": null}, "(64, 78)": {"explain_plan": {"Plan": {"Node Type": "Aggregate", "Strategy": "Plain", "Startup Cost": 515623.68, "Total Cost": 515623.69, "Plan Rows": 1, "Plan Width": 97, "Plans": [{"Node Type": "Hash Join", "Parent Relationship": "Outer", "Join Type": "Inner", "Startup Cost": 405190.17, "Total Cost": 510776.61, "Plan Rows": 969413, "Plan Width": 33, "Inner Unique": true, "Hash Cond": "(mc.company_type_id = ct.id), (LLVM Optimized)", "Plans": [{"Node Type": "Hash Join", "Parent Relationship": "Outer", "Join Type": "Inner", "Startup Cost": 405189.1, "Total Cost": 497446.12, "Plan Rows": 969413, "Plan Width": 37, "Inner Unique": true, "Hash Cond": "(ci.role_id = rt.id), (LLVM Optimized)", "Plans": [{"Node Type": "Hash Join", "Parent Relationship": "Outer", "Join Type": "Inner", "Startup Cost": 405188.67, "Total Cost": 484116.26, "Plan Rows": 969413, "Plan Width": 41, "Inner Unique": false, "Hash Cond": "(mc.movie_id = t.id), (LLVM Optimized)", "Plans": [{"Node Type": "Hash Join", "Parent Relationship": "Outer", "Join Type": "Inner", "Startup Cost": 6968.08, "Total Cost": 71392.69, "Plan Rows": 1282311, "Plan Width": 8, "Inner Unique": true, "Hash Cond": "(mc.company_id = cn.id), (LLVM Optimized)", "Plans": [{"Node Type": "Seq Scan", "Parent Relationship": "Outer", "Relation Name": "movie_companies", "Alias": "mc", "Startup Cost": 0.0, "Total Cost": 41817.28, "Plan Rows": 2609128, "Plan Width": 12}, {"Node Type": "Hash", "Parent Relationship": "Inner", "Startup Cost": 5903.45, "Total Cost": 5903.45, "Plan Rows": 85170, "Plan Width": 4, "Plans": [{"Node Type": "Seq Scan", "Parent Relationship": "Outer", "Relation Name": "company_name", "Alias": "cn", "Startup Cost": 0.0, "Total Cost": 5903.45, "Plan Rows": 85170, "Plan Width": 4, "Filter": "((country_code)::text = '[us]'::text)"}]}]}, {"Node Type": "Hash", "Parent Relationship": "Inner", "Startup Cost": 386291.56, "Total Cost": 386291.56, "Plan Rows": 954323, "Plan Width": 45, "Plans": [{"Node Type": "Streaming(type: LOCAL GATHER dop: 1/64)", "Parent Relationship": "Outer", "Startup Cost": 162901.55, "Total Cost": 386291.56, "Plan Rows": 954323, "Plan Width": 45, "Plans": [{"Node Type": "Hash Join", "Parent Relationship": "Outer", "Join Type": "Inner", "Startup Cost": 162901.55, "Total Cost": 366603.99, "Plan Rows": 954323, "Plan Width": 45, "Inner Unique": true, "Hash Cond": "(ci.person_role_id = chn.id), (LLVM Optimized)", "Plans": [{"Node Type": "Streaming(type: LOCAL REDISTRIBUTE dop: 64/64)", "Parent Relationship": "Outer", "Startup Cost": 129035.53, "Total Cost": 332473.51, "Plan Rows": 1968625, "Plan Width": 33, "Plans": [{"Node Type": "Hash Join", "Parent Relationship": "Outer", "Join Type": "Inner", "Startup Cost": 129035.53, "Total Cost": 267608.7, "Plan Rows": 1968625, "Plan Width": 33, "Inner Unique": true, "Hash Cond": "(ci.movie_id = t.id), (LLVM Optimized)", "Plans": [{"Node Type": "Streaming(type: LOCAL REDISTRIBUTE dop: 64/64)", "Parent Relationship": "Outer", "Startup Cost": 0.0, "Total Cost": 138181.4, "Plan Rows": 1436424, "Plan Width": 12, "Plans": [{"Node Type": "Seq Scan", "Parent Relationship": "Outer", "Relation Name": "cast_info", "Alias": "ci", "Startup Cost": 0.0, "Total Cost": 73820.73, "Plan Rows": 1436424, "Plan Width": 12, "Filter": "((note)::text ~~ '%(producer)%'::text), (LLVM Optimized)"}]}, {"Node Type": "Hash", "Parent Relationship": "Inner", "Startup Cost": 128693.96, "Total Cost": 128693.96, "Plan Rows": 1748840, "Plan Width": 21, "Plans": [{"Node Type": "Streaming(type: LOCAL REDISTRIBUTE dop: 64/64)", "Parent Relationship": "Outer", "Startup Cost": 0.0, "Total Cost": 128693.96, "Plan Rows": 1748840, "Plan Width": 21, "Plans": [{"Node Type": "Seq Scan", "Parent Relationship": "Outer", "Relation Name": "title", "Alias": "t", "Startup Cost": 0.0, "Total Cost": 64037.34, "Plan Rows": 1748840, "Plan Width": 21, "Filter": "(production_year > 1990), (LLVM Optimized)"}]}]}]}]}, {"Node Type": "Hash", "Parent Relationship": "Inner", "Startup Cost": 130029.32, "Total Cost": 130029.32, "Plan Rows": 3140338, "Plan Width": 20, "Plans": [{"Node Type": "Streaming(type: LOCAL REDISTRIBUTE dop: 64/64)", "Parent Relationship": "Outer", "Startup Cost": 0.0, "Total Cost": 130029.32, "Plan Rows": 3140338, "Plan Width": 20, "Plans": [{"Node Type": "Seq Scan", "Parent Relationship": "Outer", "Relation Name": "char_name", "Alias": "chn", "Startup Cost": 0.0, "Total Cost": 64054.58, "Plan Rows": 3140338, "Plan Width": 20}]}]}]}]}]}]}, {"Node Type": "Hash", "Parent Relationship": "Inner", "Startup Cost": 1.12, "Total Cost": 1.12, "Plan Rows": 12, "Plan Width": 4, "Plans": [{"Node Type": "Seq Scan", "Parent Relationship": "Outer", "Relation Name": "role_type", "Alias": "rt", "Startup Cost": 0.0, "Total Cost": 1.12, "Plan Rows": 12, "Plan Width": 4}]}]}, {"Node Type": "Hash", "Parent Relationship": "Inner", "Startup Cost": 1.03, "Total Cost": 1.03, "Plan Rows": 3, "Plan Width": 4, "Plans": [{"Node Type": "Seq Scan", "Parent Relationship": "Outer", "Relation Name": "company_type", "Alias": "ct", "Startup Cost": 0.0, "Total Cost": 1.03, "Plan Rows": 3, "Plan Width": 4}]}]}]}, "Unique SQL Id": 3145361615}, "explain_analyze_plan": {"Plan": {"Node Type": "Aggregate", "Strategy": "Plain", "Startup Cost": 515623.68, "Total Cost": 515623.69, "Plan Rows": 1, "Plan Width": 97, "Actual Min Startup Time": 3512.81, "Actual Max Startup Time": 3512.81, "Actual Min Total Time": 3512.81, "Actual Max Total Time": 3512.81, "Actual Total Rows": 1, "Plans": [{"Node Type": "Hash Join", "Parent Relationship": "Outer", "Join Type": "Inner", "Startup Cost": 405190.17, "Total Cost": 510776.61, "Plan Rows": 969413, "Plan Width": 33, "Actual Min Startup Time": 3150.989, "Actual Max Startup Time": 3150.989, "Actual Min Total Time": 3512.763, "Actual Max Total Time": 3512.763, "Actual Total Rows": 4, "Inner Unique": true, "Hash Cond": "(mc.company_type_id = ct.id), (LLVM Optimized, Jit Execute)", "Plans": [{"Node Type": "Hash Join", "Parent Relationship": "Outer", "Join Type": "Inner", "Startup Cost": 405189.1, "Total Cost": 497446.12, "Plan Rows": 969413, "Plan Width": 37, "Actual Min Startup Time": 2306.919, "Actual Max Startup Time": 2306.919, "Actual Min Total Time": 3512.569, "Actual Max Total Time": 3512.569, "Actual Total Rows": 10, "Inner Unique": true, "Hash Cond": "(ci.role_id = rt.id), (LLVM Optimized, Jit Execute)", "Plans": [{"Node Type": "Hash Join", "Parent Relationship": "Outer", "Join Type": "Inner", "Startup Cost": 405188.67, "Total Cost": 484116.26, "Plan Rows": 969413, "Plan Width": 41, "Actual Min Startup Time": 2306.816, "Actual Max Startup Time": 2306.816, "Actual Min Total Time": 3512.299, "Actual Max Total Time": 3512.299, "Actual Total Rows": 10, "Inner Unique": false, "Hash Cond": "(mc.movie_id = t.id), (LLVM Optimized, Jit Execute)", "Plans": [{"Node Type": "Hash Join", "Parent Relationship": "Outer", "Join Type": "Inner", "Startup Cost": 6968.08, "Total Cost": 71392.69, "Plan Rows": 1282311, "Plan Width": 8, "Actual Min Startup Time": 121.767, "Actual Max Startup Time": 121.767, "Actual Min Total Time": 1517.199, "Actual Max Total Time": 1517.199, "Actual Total Rows": 1153797, "Inner Unique": true, "Hash Cond": "(mc.company_id = cn.id), (LLVM Optimized, Jit Execute)", "Plans": [{"Node Type": "Seq Scan", "Parent Relationship": "Outer", "Relation Name": "movie_companies", "Alias": "mc", "Startup Cost": 0.0, "Total Cost": 41817.28, "Plan Rows": 2609128, "Plan Width": 12, "Actual Min Startup Time": 0.051, "Actual Max Startup Time": 0.051, "Actual Min Total Time": 586.979, "Actual Max Total Time": 586.979, "Actual Total Rows": 2609128}, {"Node Type": "Hash", "Parent Relationship": "Inner", "Startup Cost": 5903.45, "Total Cost": 5903.45, "Plan Rows": 85170, "Plan Width": 4, "Actual Min Startup Time": 121.51, "Actual Max Startup Time": 121.51, "Actual Min Total Time": 121.51, "Actual Max Total Time": 121.51, "Actual Total Rows": 84843, "Max Hash Buckets": 131072, "Min Hash Buckets": 131072, "Max Hash Batches": 1, "Min Hash Batches": 1, "Max Original Hash Batches": 1, "Min Original Hash Batches": 1, "Max Peak Memory Usage": 2983, "min Peak Memory Usage": 2983, "Plans": [{"Node Type": "Seq Scan", "Parent Relationship": "Outer", "Relation Name": "company_name", "Alias": "cn", "Startup Cost": 0.0, "Total Cost": 5903.45, "Plan Rows": 85170, "Plan Width": 4, "Actual Min Startup Time": 0.037, "Actual Max Startup Time": 0.037, "Actual Min Total Time": 93.104, "Actual Max Total Time": 93.104, "Actual Total Rows": 84843, "Filter": "((country_code)::text = '[us]'::text)", "Rows Removed by Filter": 150153}]}]}, {"Node Type": "Hash", "Parent Relationship": "Inner", "Startup Cost": 386291.56, "Total Cost": 386291.56, "Plan Rows": 954323, "Plan Width": 45, "Actual Min Startup Time": 1772.978, "Actual Max Startup Time": 1772.978, "Actual Min Total Time": 1772.978, "Actual Max Total Time": 1772.978, "Actual Total Rows": 12, "Max Hash Buckets": 1048576, "Min Hash Buckets": 1048576, "Max Hash Batches": 1, "Min Hash Batches": 1, "Max Original Hash Batches": 1, "Min Original Hash Batches": 1, "Max Peak Memory Usage": 1, "min Peak Memory Usage": 1, "Plans": [{"Node Type": "Streaming(type: LOCAL GATHER dop: 1/64)", "Parent Relationship": "Outer", "Startup Cost": 162901.55, "Total Cost": 386291.56, "Plan Rows": 954323, "Plan Width": 45, "Actual Min Startup Time": 1770.895, "Actual Max Startup Time": 1770.895, "Actual Min Total Time": 1772.939, "Actual Max Total Time": 1772.939, "Actual Total Rows": 12, "Plans": [{"Node Type": "Hash Join", "Parent Relationship": "Outer", "Join Type": "Inner", "Startup Cost": 162901.55, "Total Cost": 366603.99, "Plan Rows": 954323, "Plan Width": 45, "Actual Min Startup Time": 1051.258, "Actual Max Startup Time": 1368.871, "Actual Min Total Time": 1051.258, "Actual Max Total Time": 1368.871, "Actual Total Rows": 12, "Inner Unique": true, "Hash Cond": "(ci.person_role_id = chn.id), (LLVM Optimized, Jit Execute)", "Plans": [{"Node Type": "Streaming(type: LOCAL REDISTRIBUTE dop: 64/64)", "Parent Relationship": "Outer", "Startup Cost": 129035.53, "Total Cost": 332473.51, "Plan Rows": 1968625, "Plan Width": 33, "Actual Min Startup Time": 0.324, "Actual Max Startup Time": 772.355, "Actual Min Total Time": 652.101, "Actual Max Total Time": 772.355, "Actual Total Rows": 1071330, "Plans": [{"Node Type": "Hash Join", "Parent Relationship": "Outer", "Join Type": "Inner", "Startup Cost": 129035.53, "Total Cost": 267608.7, "Plan Rows": 1968625, "Plan Width": 33, "Actual Min Startup Time": 216.428, "Actual Max Startup Time": 564.106, "Actual Min Total Time": 457.061, "Actual Max Total Time": 893.331, "Actual Total Rows": 1071330, "Inner Unique": true, "Hash Cond": "(ci.movie_id = t.id), (LLVM Optimized, Jit Execute)", "Plans": [{"Node Type": "Streaming(type: LOCAL REDISTRIBUTE dop: 64/64)", "Parent Relationship": "Outer", "Startup Cost": 0.0, "Total Cost": 138181.4, "Plan Rows": 1436424, "Plan Width": 12, "Actual Min Startup Time": 0.224, "Actual Max Startup Time": 65.822, "Actual Min Total Time": 189.689, "Actual Max Total Time": 355.253, "Actual Total Rows": 1435439, "Plans": [{"Node Type": "Seq Scan", "Parent Relationship": "Outer", "Relation Name": "cast_info", "Alias": "ci", "Startup Cost": 0.0, "Total Cost": 73820.73, "Plan Rows": 1436424, "Plan Width": 12, "Actual Min Startup Time": 14.06, "Actual Max Startup Time": 104.928, "Actual Min Total Time": 178.13, "Actual Max Total Time": 267.3, "Actual Total Rows": 1435439, "Filter": "((note)::text ~~ '%(producer)%'::text), (LLVM Optimized, Jit Execute)", "Rows Removed by Filter": 34808904}]}, {"Node Type": "Hash", "Parent Relationship": "Inner", "Startup Cost": 128693.96, "Total Cost": 128693.96, "Plan Rows": 1748840, "Plan Width": 21, "Actual Min Startup Time": 215.79, "Actual Max Startup Time": 563.556, "Actual Min Total Time": 215.79, "Actual Max Total Time": 563.556, "Actual Total Rows": 1749032, "Max Hash Buckets": 32768, "Min Hash Buckets": 32768, "Max Hash Batches": 1, "Min Hash Batches": 1, "Max Original Hash Batches": 1, "Min Original Hash Batches": 1, "Max Peak Memory Usage": 1467, "min Peak Memory Usage": 1467, "Plans": [{"Node Type": "Streaming(type: LOCAL REDISTRIBUTE dop: 64/64)", "Parent Relationship": "Outer", "Startup Cost": 0.0, "Total Cost": 128693.96, "Plan Rows": 1748840, "Plan Width": 21, "Actual Min Startup Time": 0.129, "Actual Max Startup Time": 217.095, "Actual Min Total Time": 175.094, "Actual Max Total Time": 547.198, "Actual Total Rows": 1749032, "Plans": [{"Node Type": "Seq Scan", "Parent Relationship": "Outer", "Relation Name": "title", "Alias": "t", "Startup Cost": 0.0, "Total Cost": 64037.34, "Plan Rows": 1748840, "Plan Width": 21, "Actual Min Startup Time": 0.033, "Actual Max Startup Time": 0.11, "Actual Min Total Time": 17.019, "Actual Max Total Time": 53.031, "Actual Total Rows": 1749032, "Filter": "(production_year > 1990), (LLVM Optimized, Jit Execute)", "Rows Removed by Filter": 779279}]}]}]}]}, {"Node Type": "Hash", "Parent Relationship": "Inner", "Startup Cost": 130029.32, "Total Cost": 130029.32, "Plan Rows": 3140338, "Plan Width": 20, "Actual Min Startup Time": 278.829, "Actual Max Startup Time": 596.445, "Actual Min Total Time": 278.829, "Actual Max Total Time": 596.445, "Actual Total Rows": 3140338, "Max Hash Buckets": 65536, "Min Hash Buckets": 65536, "Max Hash Batches": 1, "Min Hash Batches": 1, "Max Original Hash Batches": 1, "Min Original Hash Batches": 1, "Max Peak Memory Usage": 2583, "min Peak Memory Usage": 2583, "Plans": [{"Node Type": "Streaming(type: LOCAL REDISTRIBUTE dop: 64/64)", "Parent Relationship": "Outer", "Startup Cost": 0.0, "Total Cost": 130029.32, "Plan Rows": 3140338, "Plan Width": 20, "Actual Min Startup Time": 0.123, "Actual Max Startup Time": 61.811, "Actual Min Total Time": 193.575, "Actual Max Total Time": 548.555, "Actual Total Rows": 3140338, "Plans": [{"Node Type": "Seq Scan", "Parent Relationship": "Outer", "Relation Name": "char_name", "Alias": "chn", "Startup Cost": 0.0, "Total Cost": 64054.58, "Plan Rows": 3140338, "Plan Width": 20, "Actual Min Startup Time": 0.02, "Actual Max Startup Time": 0.066, "Actual Min Total Time": 18.533, "Actual Max Total Time": 43.707, "Actual Total Rows": 3140338}]}]}]}]}]}]}, {"Node Type": "Hash", "Parent Relationship": "Inner", "Startup Cost": 1.12, "Total Cost": 1.12, "Plan Rows": 12, "Plan Width": 4, "Actual Min Startup Time": 0.02, "Actual Max Startup Time": 0.02, "Actual Min Total Time": 0.02, "Actual Max Total Time": 0.02, "Actual Total Rows": 12, "Max Hash Buckets": 32768, "Min Hash Buckets": 32768, "Max Hash Batches": 1, "Min Hash Batches": 1, "Max Original Hash Batches": 1, "Min Original Hash Batches": 1, "Max Peak Memory Usage": 1, "min Peak Memory Usage": 1, "Plans": [{"Node Type": "Seq Scan", "Parent Relationship": "Outer", "Relation Name": "role_type", "Alias": "rt", "Startup Cost": 0.0, "Total Cost": 1.12, "Plan Rows": 12, "Plan Width": 4, "Actual Min Startup Time": 0.011, "Actual Max Startup Time": 0.011, "Actual Min Total Time": 0.011, "Actual Max Total Time": 0.011, "Actual Total Rows": 12}]}]}, {"Node Type": "Hash", "Parent Relationship": "Inner", "Startup Cost": 1.03, "Total Cost": 1.03, "Plan Rows": 3, "Plan Width": 4, "Actual Min Startup Time": 0.056, "Actual Max Startup Time": 0.056, "Actual Min Total Time": 0.056, "Actual Max Total Time": 0.056, "Actual Total Rows": 3, "Max Hash Buckets": 32768, "Min Hash Buckets": 32768, "Max Hash Batches": 1, "Min Hash Batches": 1, "Max Original Hash Batches": 1, "Min Original Hash Batches": 1, "Max Peak Memory Usage": 1, "min Peak Memory Usage": 1, "Plans": [{"Node Type": "Seq Scan", "Parent Relationship": "Outer", "Relation Name": "company_type", "Alias": "ct", "Startup Cost": 0.0, "Total Cost": 1.03, "Plan Rows": 3, "Plan Width": 4, "Actual Min Startup Time": 0.027, "Actual Max Startup Time": 0.027, "Actual Min Total Time": 0.03, "Actual Max Total Time": 0.03, "Actual Total Rows": 3}]}]}]}, "Triggers": [], "Planner Runtime": 79.157, "Total Runtime": 3616.873, "Unique SQL Id": 3145361615}}, "(64, 79)": {"explain_plan": {"Plan": {"Node Type": "Aggregate", "Strategy": "Plain", "Startup Cost": 6404836173731.52, "Total Cost": 6404836173731.53, "Plan Rows": 1, "Plan Width": 97, "Plans": [{"Node Type": "Hash Join", "Parent Relationship": "Outer", "Join Type": "Inner", "Startup Cost": 4427546228176.7, "Total Cost": 6404836168884.46, "Plan Rows": 969413, "Plan Width": 33, "Inner Unique": true, "Hash Cond": "(mc.company_type_id = ct.id), (LLVM Optimized)", "Plans": [{"Node Type": "Hash Join", "Parent Relationship": "Outer", "Join Type": "Inner", "Startup Cost": 3427546226947.16, "Total Cost": 5404836154325.49, "Plan Rows": 969413, "Plan Width": 37, "Inner Unique": true, "Hash Cond": "(mc.company_id = cn.id), (LLVM Optimized)", "Plans": [{"Node Type": "Merge Join", "Parent Relationship": "Outer", "Join Type": "Inner", "Startup Cost": 2427545175743.56, "Total Cost": 4404835086030.98, "Plan Rows": 1972473, "Plan Width": 41, "Inner Unique": false, "Merge Cond": "(t.id = ci.movie_id)", "Plans": [{"Node Type": "Merge Join", "Parent Relationship": "Outer", "Join Type": "Inner", "Startup Cost": 20021511654.95, "Total Cost": 1999075977462.98, "Plan Rows": 3614708, "Plan Width": 33, "Inner Unique": false, "Merge Cond": "(t.id = mc.movie_id)", "Plans": [{"Node Type": "Index Scan", "Parent Relationship": "Outer", "Scan Direction": "Forward", "Index Name": "title_pkey", "Relation Name": "title", "Alias": "t", "Startup Cost": 10000000000.0, "Total Cost": 1000011644126.66, "Plan Rows": 1748840, "Plan Width": 21, "Filter": "(production_year > 1990), (LLVM Optimized)"}, {"Node Type": "Materialize", "Parent Relationship": "Inner", "Startup Cost": 10000000000.0, "Total Cost": 1000013058468.95, "Plan Rows": 2609128, "Plan Width": 12, "Plans": [{"Node Type": "Index Scan", "Parent Relationship": "Outer", "Scan Direction": "Forward", "Index Name": "movie_id_movie_companies", "Relation Name": "movie_companies", "Alias": "mc", "Startup Cost": 10000000000.0, "Total Cost": 1000013051946.13, "Plan Rows": 2609128, "Plan Width": 12}]}]}, {"Node Type": "Sort", "Parent Relationship": "Inner", "Startup Cost": 2407523664088.58, "Total Cost": 2407523665829.4, "Plan Rows": 696330, "Plan Width": 20, "Sort Key": ["ci.movie_id"], "Plans": [{"Node Type": "Merge Join", "Parent Relationship": "Outer", "Join Type": "Inner", "Startup Cost": 1500023584927.4, "Total Cost": 2407523596511.8, "Plan Rows": 696330, "Plan Width": 20, "Inner Unique": false, "Merge Cond": "(rt.id = ci.role_id)", "Plans": [{"Node Type": "Index Scan", "Parent Relationship": "Outer", "Scan Direction": "Forward", "Index Name": "role_type_pkey", "Relation Name": "role_type", "Alias": "rt", "Startup Cost": 10000000000.0, "Total Cost": 1000000001243.0, "Plan Rows": 12, "Plan Width": 4}, {"Node Type": "Sort", "Parent Relationship": "Inner", "Startup Cost": 1490023584927.4, "Total Cost": 1490023586668.23, "Plan Rows": 696330, "Plan Width": 24, "Sort Key": ["ci.role_id"], "Plans": [{"Node Type": "Merge Join", "Parent Relationship": "Outer", "Join Type": "Inner", "Startup Cost": 59427507435.38, "Total Cost": 1490023517350.63, "Plan Rows": 696330, "Plan Width": 24, "Inner Unique": false, "Merge Cond": "(chn.id = ci.person_role_id)", "Plans": [{"Node Type": "Index Scan", "Parent Relationship": "Outer", "Scan Direction": "Forward", "Index Name": "char_name_pkey", "Relation Name": "char_name", "Alias": "chn", "Startup Cost": 10000000000.0, "Total Cost": 1000012987545.51, "Plan Rows": 3140338, "Plan Width": 20}, {"Node Type": "Index Scan", "Parent Relationship": "Inner", "Scan Direction": "Forward", "Index Name": "person_role_id_cast_info", "Relation Name": "cast_info", "Alias": "ci", "Startup Cost": 10000000000.0, "Total Cost": 1000202250807.98, "Plan Rows": 1436424, "Plan Width": 12, "Filter": "((note)::text ~~ '%(producer)%'::text), (LLVM Optimized)"}]}]}]}]}]}, {"Node Type": "Hash", "Parent Relationship": "Inner", "Startup Cost": 1000001050138.97, "Total Cost": 1000001050138.97, "Plan Rows": 85170, "Plan Width": 4, "Plans": [{"Node Type": "Index Scan", "Parent Relationship": "Outer", "Scan Direction": "Forward", "Index Name": "company_name_pkey", "Relation Name": "company_name", "Alias": "cn", "Startup Cost": 10000000000.0, "Total Cost": 1000001050138.97, "Plan Rows": 85170, "Plan Width": 4, "Filter": "((country_code)::text = '[us]'::text)"}]}]}, {"Node Type": "Hash", "Parent Relationship": "Inner", "Startup Cost": 1000000001229.5, "Total Cost": 1000000001229.5, "Plan Rows": 3, "Plan Width": 4, "Plans": [{"Node Type": "Index Scan", "Parent Relationship": "Outer", "Scan Direction": "Forward", "Index Name": "company_type_pkey", "Relation Name": "company_type", "Alias": "ct", "Startup Cost": 10000000000.0, "Total Cost": 1000000001229.5, "Plan Rows": 3, "Plan Width": 4}]}]}]}, "Unique SQL Id": 3145361615}, "explain_analyze_plan": null}, "(64, 80)": {"explain_plan": {"Plan": {"Node Type": "Aggregate", "Strategy": "Plain", "Startup Cost": 1390715.67, "Total Cost": 1390715.68, "Plan Rows": 1, "Plan Width": 97, "Plans": [{"Node Type": "Merge Join", "Parent Relationship": "Outer", "Join Type": "Inner", "Startup Cost": 1373699.77, "Total Cost": 1385868.61, "Plan Rows": 969413, "Plan Width": 33, "Inner Unique": false, "Merge Cond": "(ct.id = mc.company_type_id)", "Plans": [{"Node Type": "Sort", "Parent Relationship": "Outer", "Startup Cost": 1.05, "Total Cost": 1.06, "Plan Rows": 3, "Plan Width": 4, "Sort Key": ["ct.id"], "Plans": [{"Node Type": "Seq Scan", "Parent Relationship": "Outer", "Relation Name": "company_type", "Alias": "ct", "Startup Cost": 0.0, "Total Cost": 1.03, "Plan Rows": 3, "Plan Width": 4}]}, {"Node Type": "Sort", "Parent Relationship": "Inner", "Startup Cost": 1371326.34, "Total Cost": 1373749.88, "Plan Rows": 969413, "Plan Width": 37, "Sort Key": ["mc.company_type_id"], "Plans": [{"Node Type": "Merge Join", "Parent Relationship": "Outer", "Join Type": "Inner", "Startup Cost": 1125905.51, "Total Cost": 1274933.97, "Plan Rows": 969413, "Plan Width": 37, "Inner Unique": true, "Merge Cond": "(mc.movie_id = t.id)", "Plans": [{"Node Type": "Merge Join", "Parent Relationship": "Outer", "Join Type": "Inner", "Startup Cost": 1125902.88, "Total Cost": 1142792.92, "Plan Rows": 699731, "Plan Width": 28, "Inner Unique": false, "Merge Cond": "(ci.movie_id = mc.movie_id)", "Plans": [{"Node Type": "Sort", "Parent Relationship": "Outer", "Startup Cost": 842076.6, "Total Cost": 843817.43, "Plan Rows": 696330, "Plan Width": 20, "Sort Key": ["ci.movie_id"], "Plans": [{"Node Type": "Merge Join", "Parent Relationship": "Outer", "Join Type": "Inner", "Startup Cost": 764054.82, "Total Cost": 774499.83, "Plan Rows": 696330, "Plan Width": 20, "Inner Unique": false, "Merge Cond": "(rt.id = ci.role_id)", "Plans": [{"Node Type": "Sort", "Parent Relationship": "Outer", "Startup Cost": 1.34, "Total Cost": 1.37, "Plan Rows": 12, "Plan Width": 4, "Sort Key": ["rt.id"], "Plans": [{"Node Type": "Seq Scan", "Parent Relationship": "Outer", "Relation Name": "role_type", "Alias": "rt", "Startup Cost": 0.0, "Total Cost": 1.12, "Plan Rows": 12, "Plan Width": 4}]}, {"Node Type": "Sort", "Parent Relationship": "Inner", "Startup Cost": 764053.49, "Total Cost": 765794.31, "Plan Rows": 696330, "Plan Width": 24, "Sort Key": ["ci.role_id"], "Plans": [{"Node Type": "Nested Loop", "Parent Relationship": "Outer", "Join Type": "Inner", "Startup Cost": 0.0, "Total Cost": 696476.71, "Plan Rows": 696330, "Plan Width": 24, "Inner Unique": true, "Plans": [{"Node Type": "Streaming(type: LOCAL GATHER dop: 1/64)", "Parent Relationship": "Outer", "Startup Cost": 0.0, "Total Cost": 103453.99, "Plan Rows": 1436424, "Plan Width": 12, "Plans": [{"Node Type": "Seq Scan", "Parent Relationship": "Outer", "Relation Name": "cast_info", "Alias": "ci", "Startup Cost": 0.0, "Total Cost": 73820.73, "Plan Rows": 1436424, "Plan Width": 12, "Filter": "((note)::text ~~ '%(producer)%'::text), (LLVM Optimized)"}]}, {"Node Type": "Index Scan", "Parent Relationship": "Inner", "Scan Direction": "Forward", "Index Name": "char_name_pkey", "Relation Name": "char_name", "Alias": "chn", "Startup Cost": 0.0, "Total Cost": 0.4, "Plan Rows": 1, "Plan Width": 20, "Index Cond": "(id = ci.person_role_id)"}]}]}]}]}, {"Node Type": "Sort", "Parent Relationship": "Inner", "Startup Cost": 283826.21, "Total Cost": 287031.99, "Plan Rows": 1282311, "Plan Width": 8, "Sort Key": ["mc.movie_id"], "Plans": [{"Node Type": "Merge Join", "Parent Relationship": "Outer", "Join Type": "Inner", "Startup Cost": 3383.04, "Total Cost": 153733.74, "Plan Rows": 1282311, "Plan Width": 8, "Inner Unique": false, "Merge Cond": "(cn.id = mc.company_id)", "Plans": [{"Node Type": "Index Scan", "Parent Relationship": "Outer", "Scan Direction": "Forward", "Index Name": "company_name_pkey", "Relation Name": "company_name", "Alias": "cn", "Startup Cost": 0.0, "Total Cost": 10501.39, "Plan Rows": 85170, "Plan Width": 4, "Filter": "((country_code)::text = '[us]'::text)"}, {"Node Type": "Index Scan", "Parent Relationship": "Inner", "Scan Direction": "Forward", "Index Name": "company_id_movie_companies", "Relation Name": "movie_companies", "Alias": "mc", "Startup Cost": 0.0, "Total Cost": 123673.5, "Plan Rows": 2609128, "Plan Width": 12}]}]}]}, {"Node Type": "Index Scan", "Parent Relationship": "Inner", "Scan Direction": "Forward", "Index Name": "title_pkey", "Relation Name": "title", "Alias": "t", "Startup Cost": 0.0, "Total Cost": 116441.27, "Plan Rows": 1748840, "Plan Width": 21, "Filter": "(production_year > 1990), (LLVM Optimized)"}]}]}]}]}, "Unique SQL Id": 3145361615}, "explain_analyze_plan": null}, "(64, 81)": {"explain_plan": {"Plan": {"Node Type": "Aggregate", "Strategy": "Plain", "Startup Cost": 1821114.13, "Total Cost": 1821114.14, "Plan Rows": 1, "Plan Width": 97, "Plans": [{"Node Type": "Merge Join", "Parent Relationship": "Outer", "Join Type": "Inner", "Startup Cost": 1804089.93, "Total Cost": 1816267.06, "Plan Rows": 969413, "Plan Width": 33, "Inner Unique": false, "Merge Cond": "(ct.id = mc.company_type_id)", "Plans": [{"Node Type": "Index Only Scan", "Parent Relationship": "Outer", "Scan Direction": "Forward", "Index Name": "company_type_pkey", "Relation Name": "company_type", "Alias": "ct", "Startup Cost": 0.0, "Total Cost": 8.29, "Plan Rows": 3, "Plan Width": 4}, {"Node Type": "Sort", "Parent Relationship": "Inner", "Startup Cost": 1801717.56, "Total Cost": 1804141.1, "Plan Rows": 969413, "Plan Width": 37, "Sort Key": ["mc.company_type_id"], "Plans": [{"Node Type": "Merge Join", "Parent Relationship": "Outer", "Join Type": "Inner", "Startup Cost": 1556296.73, "Total Cost": 1705325.19, "Plan Rows": 969413, "Plan Width": 37, "Inner Unique": true, "Merge Cond": "(mc.movie_id = t.id)", "Plans": [{"Node Type": "Merge Join", "Parent Relationship": "Outer", "Join Type": "Inner", "Startup Cost": 1556294.1, "Total Cost": 1573184.14, "Plan Rows": 699731, "Plan Width": 28, "Inner Unique": false, "Merge Cond": "(ci.movie_id = mc.movie_id)", "Plans": [{"Node Type": "Sort", "Parent Relationship": "Outer", "Startup Cost": 1272467.82, "Total Cost": 1274208.65, "Plan Rows": 696330, "Plan Width": 20, "Sort Key": ["ci.movie_id"], "Plans": [{"Node Type": "Merge Join", "Parent Relationship": "Outer", "Join Type": "Inner", "Startup Cost": 1194438.34, "Total Cost": 1204891.05, "Plan Rows": 696330, "Plan Width": 20, "Inner Unique": false, "Merge Cond": "(rt.id = ci.role_id)", "Plans": [{"Node Type": "Index Only Scan", "Parent Relationship": "Outer", "Scan Direction": "Forward", "Index Name": "role_type_pkey", "Relation Name": "role_type", "Alias": "rt", "Startup Cost": 0.0, "Total Cost": 8.43, "Plan Rows": 12, "Plan Width": 4}, {"Node Type": "Sort", "Parent Relationship": "Inner", "Startup Cost": 1194438.34, "Total Cost": 1196179.17, "Plan Rows": 696330, "Plan Width": 24, "Sort Key": ["ci.role_id"], "Plans": [{"Node Type": "Merge Join", "Parent Relationship": "Outer", "Join Type": "Inner", "Startup Cost": 80674.47, "Total Cost": 1126861.56, "Plan Rows": 696330, "Plan Width": 24, "Inner Unique": false, "Merge Cond": "(chn.id = ci.person_role_id)", "Plans": [{"Node Type": "Index Scan", "Parent Relationship": "Outer", "Scan Direction": "Forward", "Index Name": "char_name_pkey", "Relation Name": "char_name", "Alias": "chn", "Startup Cost": 0.0, "Total Cost": 129875.46, "Plan Rows": 3140338, "Plan Width": 20}, {"Node Type": "Index Scan", "Parent Relationship": "Inner", "Scan Direction": "Forward", "Index Name": "person_role_id_cast_info", "Relation Name": "cast_info", "Alias": "ci", "Startup Cost": 0.0, "Total Cost": 2022508.08, "Plan Rows": 1436424, "Plan Width": 12, "Filter": "((note)::text ~~ '%(producer)%'::text), (LLVM Optimized)"}]}]}]}]}, {"Node Type": "Sort", "Parent Relationship": "Inner", "Startup Cost": 283826.21, "Total Cost": 287031.99, "Plan Rows": 1282311, "Plan Width": 8, "Sort Key": ["mc.movie_id"], "Plans": [{"Node Type": "Merge Join", "Parent Relationship": "Outer", "Join Type": "Inner", "Startup Cost": 3383.04, "Total Cost": 153733.74, "Plan Rows": 1282311, "Plan Width": 8, "Inner Unique": false, "Merge Cond": "(cn.id = mc.company_id)", "Plans": [{"Node Type": "Index Scan", "Parent Relationship": "Outer", "Scan Direction": "Forward", "Index Name": "company_name_pkey", "Relation Name": "company_name", "Alias": "cn", "Startup Cost": 0.0, "Total Cost": 10501.39, "Plan Rows": 85170, "Plan Width": 4, "Filter": "((country_code)::text = '[us]'::text)"}, {"Node Type": "Index Scan", "Parent Relationship": "Inner", "Scan Direction": "Forward", "Index Name": "company_id_movie_companies", "Relation Name": "movie_companies", "Alias": "mc", "Startup Cost": 0.0, "Total Cost": 123673.5, "Plan Rows": 2609128, "Plan Width": 12}]}]}]}, {"Node Type": "Index Scan", "Parent Relationship": "Inner", "Scan Direction": "Forward", "Index Name": "title_pkey", "Relation Name": "title", "Alias": "t", "Startup Cost": 0.0, "Total Cost": 116441.27, "Plan Rows": 1748840, "Plan Width": 21, "Filter": "(production_year > 1990), (LLVM Optimized)"}]}]}]}]}, "Unique SQL Id": 3145361615}, "explain_analyze_plan": null}, "(64, 82)": {"explain_plan": {"Plan": {"Node Type": "Aggregate", "Strategy": "Plain", "Startup Cost": 10106447.35, "Total Cost": 10106447.36, "Plan Rows": 1, "Plan Width": 97, "Plans": [{"Node Type": "Nested Loop", "Parent Relationship": "Outer", "Join Type": "Inner", "Startup Cost": 7078011.49, "Total Cost": 10101600.29, "Plan Rows": 969413, "Plan Width": 33, "Inner Unique": true, "Plans": [{"Node Type": "Merge Join", "Parent Relationship": "Outer", "Join Type": "Inner", "Startup Cost": 7078011.22, "Total Cost": 7094901.26, "Plan Rows": 699731, "Plan Width": 24, "Inner Unique": false, "Merge Cond": "(ci.movie_id = mc.movie_id)", "Plans": [{"Node Type": "Sort", "Parent Relationship": "Outer", "Startup Cost": 6443771.71, "Total Cost": 6445512.54, "Plan Rows": 696330, "Plan Width": 20, "Sort Key": ["ci.movie_id"], "Plans": [{"Node Type": "Merge Join", "Parent Relationship": "Outer", "Join Type": "Inner", "Startup Cost": 6365749.93, "Total Cost": 6376194.93, "Plan Rows": 696330, "Plan Width": 20, "Inner Unique": false, "Merge Cond": "(rt.id = ci.role_id)", "Plans": [{"Node Type": "Sort", "Parent Relationship": "Outer", "Startup Cost": 1.34, "Total Cost": 1.37, "Plan Rows": 12, "Plan Width": 4, "Sort Key": ["rt.id"], "Plans": [{"Node Type": "Seq Scan", "Parent Relationship": "Outer", "Relation Name": "role_type", "Alias": "rt", "Startup Cost": 0.0, "Total Cost": 1.12, "Plan Rows": 12, "Plan Width": 4}]}, {"Node Type": "Sort", "Parent Relationship": "Inner", "Startup Cost": 6365748.59, "Total Cost": 6367489.42, "Plan Rows": 696330, "Plan Width": 24, "Sort Key": ["ci.role_id"], "Plans": [{"Node Type": "Nested Loop", "Parent Relationship": "Outer", "Join Type": "Inner", "Startup Cost": 0.29, "Total Cost": 6298171.81, "Plan Rows": 696330, "Plan Width": 24, "Inner Unique": true, "Plans": [{"Node Type": "Streaming(type: LOCAL GATHER dop: 1/64)", "Parent Relationship": "Outer", "Startup Cost": 0.0, "Total Cost": 103453.99, "Plan Rows": 1436424, "Plan Width": 12, "Plans": [{"Node Type": "Seq Scan", "Parent Relationship": "Outer", "Relation Name": "cast_info", "Alias": "ci", "Startup Cost": 0.0, "Total Cost": 73820.73, "Plan Rows": 1436424, "Plan Width": 12, "Filter": "((note)::text ~~ '%(producer)%'::text), (LLVM Optimized)"}]}, {"Node Type": "Bitmap Heap Scan", "Parent Relationship": "Inner", "Relation Name": "char_name", "Alias": "chn", "Startup Cost": 0.29, "Total Cost": 4.3, "Plan Rows": 1, "Plan Width": 20, "Recheck Cond": "(id = ci.person_role_id)", "Plans": [{"Node Type": "Bitmap Index Scan", "Parent Relationship": "Outer", "Index Name": "char_name_pkey", "Startup Cost": 0.0, "Total Cost": 0.29, "Plan Rows": 1, "Plan Width": 0, "Index Cond": "(id = ci.person_role_id)"}]}]}]}]}]}, {"Node Type": "Sort", "Parent Relationship": "Inner", "Startup Cost": 634239.44, "Total Cost": 637445.22, "Plan Rows": 1282311, "Plan Width": 4, "Sort Key": ["mc.movie_id"], "Plans": [{"Node Type": "Merge Join", "Parent Relationship": "Outer", "Join Type": "Inner", "Startup Cost": 478191.35, "Total Cost": 504146.97, "Plan Rows": 1282311, "Plan Width": 4, "Inner Unique": false, "Merge Cond": "(cn.id = mc.company_id)", "Plans": [{"Node Type": "Sort", "Parent Relationship": "Outer", "Startup Cost": 12878.05, "Total Cost": 13090.97, "Plan Rows": 85170, "Plan Width": 4, "Sort Key": ["cn.id"], "Plans": [{"Node Type": "Seq Scan", "Parent Relationship": "Outer", "Relation Name": "company_name", "Alias": "cn", "Startup Cost": 0.0, "Total Cost": 5903.45, "Plan Rows": 85170, "Plan Width": 4, "Filter": "((country_code)::text = '[us]'::text)"}]}, {"Node Type": "Sort", "Parent Relationship": "Inner", "Startup Cost": 464974.33, "Total Cost": 471497.15, "Plan Rows": 2609128, "Plan Width": 8, "Sort Key": ["mc.company_id"], "Plans": [{"Node Type": "Nested Loop", "Parent Relationship": "Outer", "Join Type": "Inner", "Startup Cost": 21059.95, "Total Cost": 186904.73, "Plan Rows": 2609128, "Plan Width": 8, "Inner Unique": false, "Plans": [{"Node Type": "Seq Scan", "Parent Relationship": "Outer", "Relation Name": "company_type", "Alias": "ct", "Startup Cost": 0.0, "Total Cost": 1.03, "Plan Rows": 3, "Plan Width": 4}, {"Node Type": "Bitmap Heap Scan", "Parent Relationship": "Inner", "Relation Name": "movie_companies", "Alias": "mc", "Startup Cost": 21059.95, "Total Cost": 49255.59, "Plan Rows": 1304564, "Plan Width": 12, "Recheck Cond": "(company_type_id = ct.id), (LLVM Optimized)", "Plans": [{"Node Type": "Bitmap Index Scan", "Parent Relationship": "Outer", "Index Name": "company_type_id_movie_companies", "Startup Cost": 0.0, "Total Cost": 20733.81, "Plan Rows": 1304564, "Plan Width": 0, "Index Cond": "(company_type_id = ct.id)"}]}]}]}]}]}]}, {"Node Type": "Bitmap Heap Scan", "Parent Relationship": "Inner", "Relation Name": "title", "Alias": "t", "Startup Cost": 0.27, "Total Cost": 4.29, "Plan Rows": 1, "Plan Width": 21, "Recheck Cond": "(id = mc.movie_id)", "Filter": "(production_year > 1990)", "Plans": [{"Node Type": "Bitmap Index Scan", "Parent Relationship": "Outer", "Index Name": "title_pkey", "Startup Cost": 0.0, "Total Cost": 0.27, "Plan Rows": 1, "Plan Width": 0, "Index Cond": "(id = mc.movie_id)"}]}]}]}, "Unique SQL Id": 3145361615}, "explain_analyze_plan": {"Plan": {"Node Type": "Aggregate", "Strategy": "Plain", "Startup Cost": 10106447.35, "Total Cost": 10106447.36, "Plan Rows": 1, "Plan Width": 97, "Actual Min Startup Time": 4916.048, "Actual Max Startup Time": 4916.048, "Actual Min Total Time": 4916.048, "Actual Max Total Time": 4916.048, "Actual Total Rows": 1, "Plans": [{"Node Type": "Nested Loop", "Parent Relationship": "Outer", "Join Type": "Inner", "Startup Cost": 7078011.49, "Total Cost": 10101600.29, "Plan Rows": 969413, "Plan Width": 33, "Actual Min Startup Time": 4848.808, "Actual Max Startup Time": 4848.808, "Actual Min Total Time": 4916.011, "Actual Max Total Time": 4916.011, "Actual Total Rows": 4, "Inner Unique": true, "Plans": [{"Node Type": "Merge Join", "Parent Relationship": "Outer", "Join Type": "Inner", "Startup Cost": 7078011.22, "Total Cost": 7094901.26, "Plan Rows": 699731, "Plan Width": 24, "Actual Min Startup Time": 4848.718, "Actual Max Startup Time": 4848.718, "Actual Min Total Time": 4915.818, "Actual Max Total Time": 4915.818, "Actual Total Rows": 6, "Inner Unique": false, "Merge Cond": "(ci.movie_id = mc.movie_id)", "Plans": [{"Node Type": "Sort", "Parent Relationship": "Outer", "Startup Cost": 6443771.71, "Total Cost": 6445512.54, "Plan Rows": 696330, "Plan Width": 20, "Actual Min Startup Time": 2566.043, "Actual Max Startup Time": 2566.043, "Actual Min Total Time": 2566.047, "Actual Max Total Time": 2566.047, "Actual Total Rows": 15, "Sort Key": ["ci.movie_id"], "Sort Method": "quicksort", "Sort Space Min Used": 26, "Sort Space Max Used": 26, "Sort Space Type": "Memory", "Plans": [{"Node Type": "Merge Join", "Parent Relationship": "Outer", "Join Type": "Inner", "Startup Cost": 6365749.93, "Total Cost": 6376194.93, "Plan Rows": 696330, "Plan Width": 20, "Actual Min Startup Time": 2565.994, "Actual Max Startup Time": 2565.994, "Actual Min Total Time": 2566.01, "Actual Max Total Time": 2566.01, "Actual Total Rows": 15, "Inner Unique": false, "Merge Cond": "(rt.id = ci.role_id)", "Plans": [{"Node Type": "Sort", "Parent Relationship": "Outer", "Startup Cost": 1.34, "Total Cost": 1.37, "Plan Rows": 12, "Plan Width": 4, "Actual Min Startup Time": 0.048, "Actual Max Startup Time": 0.048, "Actual Min Total Time": 0.049, "Actual Max Total Time": 0.049, "Actual Total Rows": 3, "Sort Key": ["rt.id"], "Sort Method": "quicksort", "Sort Space Min Used": 25, "Sort Space Max Used": 25, "Sort Space Type": "Memory", "Plans": [{"Node Type": "Seq Scan", "Parent Relationship": "Outer", "Relation Name": "role_type", "Alias": "rt", "Startup Cost": 0.0, "Total Cost": 1.12, "Plan Rows": 12, "Plan Width": 4, "Actual Min Startup Time": 0.026, "Actual Max Startup Time": 0.026, "Actual Min Total Time": 0.029, "Actual Max Total Time": 0.029, "Actual Total Rows": 12}]}, {"Node Type": "Sort", "Parent Relationship": "Inner", "Startup Cost": 6365748.59, "Total Cost": 6367489.42, "Plan Rows": 696330, "Plan Width": 24, "Actual Min Startup Time": 2565.936, "Actual Max Startup Time": 2565.936, "Actual Min Total Time": 2565.936, "Actual Max Total Time": 2565.936, "Actual Total Rows": 15, "Sort Key": ["ci.role_id"], "Sort Method": "quicksort", "Sort Space Min Used": 26, "Sort Space Max Used": 26, "Sort Space Type": "Memory", "Plans": [{"Node Type": "Nested Loop", "Parent Relationship": "Outer", "Join Type": "Inner", "Startup Cost": 0.29, "Total Cost": 6298171.81, "Plan Rows": 696330, "Plan Width": 24, "Actual Min Startup Time": 219.893, "Actual Max Startup Time": 219.893, "Actual Min Total Time": 2565.887, "Actual Max Total Time": 2565.887, "Actual Total Rows": 15, "Inner Unique": true, "Plans": [{"Node Type": "Streaming(type: LOCAL GATHER dop: 1/64)", "Parent Relationship": "Outer", "Startup Cost": 0.0, "Total Cost": 103453.99, "Plan Rows": 1436424, "Plan Width": 12, "Actual Min Startup Time": 141.577, "Actual Max Startup Time": 141.577, "Actual Min Total Time": 581.888, "Actual Max Total Time": 581.888, "Actual Total Rows": 1435439, "Plans": [{"Node Type": "Seq Scan", "Parent Relationship": "Outer", "Relation Name": "cast_info", "Alias": "ci", "Startup Cost": 0.0, "Total Cost": 73820.73, "Plan Rows": 1436424, "Plan Width": 12, "Actual Min Startup Time": 13.519, "Actual Max Startup Time": 89.96, "Actual Min Total Time": 173.652, "Actual Max Total Time": 192.186, "Actual Total Rows": 1435439, "Filter": "((note)::text ~~ '%(producer)%'::text), (LLVM Optimized, Jit Execute)", "Rows Removed by Filter": 34808904}]}, {"Node Type": "Bitmap Heap Scan", "Parent Relationship": "Inner", "Relation Name": "char_name", "Alias": "chn", "Startup Cost": 0.29, "Total Cost": 4.3, "Plan Rows": 1, "Plan Width": 20, "Actual Min Startup Time": 805.441, "Actual Max Startup Time": 805.441, "Actual Min Total Time": 805.441, "Actual Max Total Time": 805.441, "Actual Total Rows": 15, "Recheck Cond": "(id = ci.person_role_id)", "Rows Removed by Index Recheck": 0, "Exact Heap Blocks": 15, "Lossy Heap Blocks": 15, "Plans": [{"Node Type": "Bitmap Index Scan", "Parent Relationship": "Outer", "Index Name": "char_name_pkey", "Startup Cost": 0.0, "Total Cost": 0.29, "Plan Rows": 1, "Plan Width": 0, "Actual Min Startup Time": 291.373, "Actual Max Startup Time": 291.373, "Actual Min Total Time": 291.373, "Actual Max Total Time": 291.373, "Actual Total Rows": 15, "Index Cond": "(id = ci.person_role_id)"}]}]}]}]}]}, {"Node Type": "Sort", "Parent Relationship": "Inner", "Startup Cost": 634239.44, "Total Cost": 637445.22, "Plan Rows": 1282311, "Plan Width": 4, "Actual Min Startup Time": 2172.881, "Actual Max Startup Time": 2172.881, "Actual Min Total Time": 2279.53, "Actual Max Total Time": 2279.53, "Actual Total Rows": 549722, "Sort Key": ["mc.movie_id"], "Sort Method": "quicksort", "Sort Space Min Used": 59097, "Sort Space Max Used": 59097, "Sort Space Type": "Memory", "Plans": [{"Node Type": "Merge Join", "Parent Relationship": "Outer", "Join Type": "Inner", "Startup Cost": 478191.35, "Total Cost": 504146.97, "Plan Rows": 1282311, "Plan Width": 4, "Actual Min Startup Time": 1370.235, "Actual Max Startup Time": 1370.235, "Actual Min Total Time": 1966.836, "Actual Max Total Time": 1966.836, "Actual Total Rows": 552328, "Inner Unique": false, "Merge Cond": "(cn.id = mc.company_id)", "Plans": [{"Node Type": "Sort", "Parent Relationship": "Outer", "Startup Cost": 12878.05, "Total Cost": 13090.97, "Plan Rows": 85170, "Plan Width": 4, "Actual Min Startup Time": 121.851, "Actual Max Startup Time": 121.851, "Actual Min Total Time": 140.799, "Actual Max Total Time": 140.799, "Actual Total Rows": 84843, "Sort Key": ["cn.id"], "Sort Method": "quicksort", "Sort Space Min Used": 8375, "Sort Space Max Used": 8375, "Sort Space Type": "Memory", "Plans": [{"Node Type": "Seq Scan", "Parent Relationship": "Outer", "Relation Name": "company_name", "Alias": "cn", "Startup Cost": 0.0, "Total Cost": 5903.45, "Plan Rows": 85170, "Plan Width": 4, "Actual Min Startup Time": 0.06, "Actual Max Startup Time": 0.06, "Actual Min Total Time": 90.057, "Actual Max Total Time": 90.057, "Actual Total Rows": 84843, "Filter": "((country_code)::text = '[us]'::text)", "Rows Removed by Filter": 150153}]}, {"Node Type": "Sort", "Parent Relationship": "Inner", "Startup Cost": 464974.33, "Total Cost": 471497.15, "Plan Rows": 2609128, "Plan Width": 8, "Actual Min Startup Time": 1248.366, "Actual Max Startup Time": 1248.366, "Actual Min Total Time": 1553.919, "Actual Max Total Time": 1553.919, "Actual Total Rows": 1334883, "Sort Key": ["mc.company_id"], "Sort Method": "quicksort", "Sort Space Min Used": 132583, "Sort Space Max Used": 132583, "Sort Space Type": "Memory", "Plans": [{"Node Type": "Nested Loop", "Parent Relationship": "Outer", "Join Type": "Inner", "Startup Cost": 21059.95, "Total Cost": 186904.73, "Plan Rows": 2609128, "Plan Width": 8, "Actual Min Startup Time": 155.023, "Actual Max Startup Time": 155.023, "Actual Min Total Time": 810.372, "Actual Max Total Time": 810.372, "Actual Total Rows": 1334883, "Inner Unique": false, "Plans": [{"Node Type": "Seq Scan", "Parent Relationship": "Outer", "Relation Name": "company_type", "Alias": "ct", "Startup Cost": 0.0, "Total Cost": 1.03, "Plan Rows": 3, "Plan Width": 4, "Actual Min Startup Time": 0.016, "Actual Max Startup Time": 0.016, "Actual Min Total Time": 0.025, "Actual Max Total Time": 0.025, "Actual Total Rows": 3}, {"Node Type": "Bitmap Heap Scan", "Parent Relationship": "Inner", "Relation Name": "movie_companies", "Alias": "mc", "Startup Cost": 21059.95, "Total Cost": 49255.59, "Plan Rows": 1304564, "Plan Width": 12, "Actual Min Startup Time": 155.06, "Actual Max Startup Time": 155.06, "Actual Min Total Time": 566.697, "Actual Max Total Time": 566.697, "Actual Total Rows": 1334883, "Recheck Cond": "(company_type_id = ct.id), (LLVM Optimized, Jit Execute)", "Rows Removed by Index Recheck": 0, "Exact Heap Blocks": 6196, "Lossy Heap Blocks": 6196, "Plans": [{"Node Type": "Bitmap Index Scan", "Parent Relationship": "Outer", "Index Name": "company_type_id_movie_companies", "Startup Cost": 0.0, "Total Cost": 20733.81, "Plan Rows": 1304564, "Plan Width": 0, "Actual Min Startup Time": 153.786, "Actual Max Startup Time": 153.786, "Actual Min Total Time": 153.786, "Actual Max Total Time": 153.786, "Actual Total Rows": 1334883, "Index Cond": "(company_type_id = ct.id)"}]}]}]}]}]}]}, {"Node Type": "Bitmap Heap Scan", "Parent Relationship": "Inner", "Relation Name": "title", "Alias": "t", "Startup Cost": 0.27, "Total Cost": 4.29, "Plan Rows": 1, "Plan Width": 21, "Actual Min Startup Time": 0.147, "Actual Max Startup Time": 0.147, "Actual Min Total Time": 0.147, "Actual Max Total Time": 0.147, "Actual Total Rows": 4, "Recheck Cond": "(id = mc.movie_id)", "Rows Removed by Index Recheck": 0, "Filter": "(production_year > 1990)", "Rows Removed by Filter": 2, "Exact Heap Blocks": 6, "Lossy Heap Blocks": 6, "Plans": [{"Node Type": "Bitmap Index Scan", "Parent Relationship": "Outer", "Index Name": "title_pkey", "Startup Cost": 0.0, "Total Cost": 0.27, "Plan Rows": 1, "Plan Width": 0, "Actual Min Startup Time": 0.08, "Actual Max Startup Time": 0.08, "Actual Min Total Time": 0.08, "Actual Max Total Time": 0.08, "Actual Total Rows": 6, "Index Cond": "(id = mc.movie_id)"}]}]}]}, "Triggers": [], "Planner Runtime": 23.749, "Total Runtime": 4940.608, "Unique SQL Id": 3145361615}}, "(64, 83)": {"explain_plan": {"Plan": {"Node Type": "Aggregate", "Strategy": "Plain", "Startup Cost": 3197244.21, "Total Cost": 3197244.22, "Plan Rows": 1, "Plan Width": 97, "Plans": [{"Node Type": "Merge Join", "Parent Relationship": "Outer", "Join Type": "Inner", "Startup Cost": 3155328.01, "Total Cost": 3192397.14, "Plan Rows": 969413, "Plan Width": 33, "Inner Unique": true, "Merge Cond": "(mc.movie_id = t.id)", "Plans": [{"Node Type": "Merge Join", "Parent Relationship": "Outer", "Join Type": "Inner", "Startup Cost": 2857509.99, "Total Cost": 2874400.03, "Plan Rows": 699731, "Plan Width": 24, "Inner Unique": false, "Merge Cond": "(ci.movie_id = mc.movie_id)", "Plans": [{"Node Type": "Sort", "Parent Relationship": "Outer", "Startup Cost": 2220458.7, "Total Cost": 2222199.52, "Plan Rows": 696330, "Plan Width": 20, "Sort Key": ["ci.movie_id"], "Plans": [{"Node Type": "Merge Join", "Parent Relationship": "Outer", "Join Type": "Inner", "Startup Cost": 2142436.91, "Total Cost": 2152881.92, "Plan Rows": 696330, "Plan Width": 20, "Inner Unique": false, "Merge Cond": "(rt.id = ci.role_id)", "Plans": [{"Node Type": "Sort", "Parent Relationship": "Outer", "Startup Cost": 12.65, "Total Cost": 12.68, "Plan Rows": 12, "Plan Width": 4, "Sort Key": ["rt.id"], "Plans": [{"Node Type": "Bitmap Heap Scan", "Parent Relationship": "Outer", "Relation Name": "role_type", "Alias": "rt", "Startup Cost": 8.31, "Total Cost": 12.43, "Plan Rows": 12, "Plan Width": 4, "Plans": [{"Node Type": "Bitmap Index Scan", "Parent Relationship": "Outer", "Index Name": "role_type_pkey", "Startup Cost": 0.0, "Total Cost": 8.31, "Plan Rows": 12, "Plan Width": 0}]}]}, {"Node Type": "Sort", "Parent Relationship": "Inner", "Startup Cost": 2142424.26, "Total Cost": 2144165.09, "Plan Rows": 696330, "Plan Width": 24, "Sort Key": ["ci.role_id"], "Plans": [{"Node Type": "Merge Join", "Parent Relationship": "Outer", "Join Type": "Inner", "Startup Cost": 2048986.87, "Total Cost": 2074847.49, "Plan Rows": 696330, "Plan Width": 24, "Inner Unique": false, "Merge Cond": "(chn.id = ci.person_role_id)", "Plans": [{"Node Type": "Sort", "Parent Relationship": "Outer", "Startup Cost": 469325.95, "Total Cost": 477176.79, "Plan Rows": 3140338, "Plan Width": 20, "Sort Key": ["chn.id"], "Plans": [{"Node Type": "Bitmap Heap Scan", "Parent Relationship": "Outer", "Relation Name": "char_name", "Alias": "chn", "Startup Cost": 62951.02, "Total Cost": 130444.4, "Plan Rows": 3140338, "Plan Width": 20, "Plans": [{"Node Type": "Bitmap Index Scan", "Parent Relationship": "Outer", "Index Name": "char_name_pkey", "Startup Cost": 0.0, "Total Cost": 62165.94, "Plan Rows": 3140338, "Plan Width": 0}]}]}, {"Node Type": "Sort", "Parent Relationship": "Inner", "Startup Cost": 1579374.94, "Total Cost": 1582966.0, "Plan Rows": 1436424, "Plan Width": 12, "Sort Key": ["ci.person_role_id"], "Plans": [{"Node Type": "Bitmap Heap Scan", "Parent Relationship": "Outer", "Relation Name": "cast_info", "Alias": "ci", "Startup Cost": 739944.83, "Total Cost": 1432471.5, "Plan Rows": 1436424, "Plan Width": 12, "Filter": "((note)::text ~~ '%(producer)%'::text), (LLVM Optimized)", "Plans": [{"Node Type": "Bitmap Index Scan", "Parent Relationship": "Outer", "Index Name": "person_role_id_cast_info", "Startup Cost": 0.0, "Total Cost": 739585.72, "Plan Rows": 36259494, "Plan Width": 0}]}]}]}]}]}]}, {"Node Type": "Sort", "Parent Relationship": "Inner", "Startup Cost": 637051.23, "Total Cost": 640257.01, "Plan Rows": 1282311, "Plan Width": 4, "Sort Key": ["mc.movie_id"], "Plans": [{"Node Type": "Merge Join", "Parent Relationship": "Outer", "Join Type": "Inner", "Startup Cost": 481003.14, "Total Cost": 506958.76, "Plan Rows": 1282311, "Plan Width": 4, "Inner Unique": false, "Merge Cond": "(cn.id = mc.company_id)", "Plans": [{"Node Type": "Sort", "Parent Relationship": "Outer", "Startup Cost": 15678.57, "Total Cost": 15891.49, "Plan Rows": 85170, "Plan Width": 4, "Sort Key": ["cn.id"], "Plans": [{"Node Type": "Bitmap Heap Scan", "Parent Relationship": "Outer", "Relation Name": "company_name", "Alias": "cn", "Startup Cost": 2800.52, "Total Cost": 8703.97, "Plan Rows": 85170, "Plan Width": 4, "Filter": "((country_code)::text = '[us]'::text)", "Plans": [{"Node Type": "Bitmap Index Scan", "Parent Relationship": "Outer", "Index Name": "company_name_pkey", "Startup Cost": 0.0, "Total Cost": 2779.23, "Plan Rows": 234996, "Plan Width": 0}]}]}, {"Node Type": "Sort", "Parent Relationship": "Inner", "Startup Cost": 464985.59, "Total Cost": 471508.41, "Plan Rows": 2609128, "Plan Width": 8, "Sort Key": ["mc.company_id"], "Plans": [{"Node Type": "Nested Loop", "Parent Relationship": "Outer", "Join Type": "Inner", "Startup Cost": 21068.22, "Total Cost": 186916.0, "Plan Rows": 2609128, "Plan Width": 8, "Inner Unique": false, "Plans": [{"Node Type": "Bitmap Heap Scan", "Parent Relationship": "Outer", "Relation Name": "company_type", "Alias": "ct", "Startup Cost": 8.27, "Total Cost": 12.3, "Plan Rows": 3, "Plan Width": 4, "Plans": [{"Node Type": "Bitmap Index Scan", "Parent Relationship": "Outer", "Index Name": "company_type_pkey", "Startup Cost": 0.0, "Total Cost": 8.27, "Plan Rows": 3, "Plan Width": 0}]}, {"Node Type": "Bitmap Heap Scan", "Parent Relationship": "Inner", "Relation Name": "movie_companies", "Alias": "mc", "Startup Cost": 21059.95, "Total Cost": 49255.59, "Plan Rows": 1304564, "Plan Width": 12, "Recheck Cond": "(company_type_id = ct.id), (LLVM Optimized)", "Plans": [{"Node Type": "Bitmap Index Scan", "Parent Relationship": "Outer", "Index Name": "company_type_id_movie_companies", "Startup Cost": 0.0, "Total Cost": 20733.81, "Plan Rows": 1304564, "Plan Width": 0, "Index Cond": "(company_type_id = ct.id)"}]}]}]}]}]}]}, {"Node Type": "Sort", "Parent Relationship": "Inner", "Startup Cost": 297817.83, "Total Cost": 302189.93, "Plan Rows": 1748840, "Plan Width": 21, "Sort Key": ["t.id"], "Plans": [{"Node Type": "Bitmap Heap Scan", "Parent Relationship": "Outer", "Relation Name": "title", "Alias": "t", "Startup Cost": 50091.01, "Total Cost": 116480.9, "Plan Rows": 1748840, "Plan Width": 21, "Filter": "(production_year > 1990), (LLVM Optimized)", "Plans": [{"Node Type": "Bitmap Index Scan", "Parent Relationship": "Outer", "Index Name": "title_pkey", "Startup Cost": 0.0, "Total Cost": 49653.81, "Plan Rows": 2528311, "Plan Width": 0}]}]}]}]}, "Unique SQL Id": 3145361615}, "explain_analyze_plan": null}, "(64, 84)": {"explain_plan": {"Plan": {"Node Type": "Aggregate", "Strategy": "Plain", "Startup Cost": 1390715.67, "Total Cost": 1390715.68, "Plan Rows": 1, "Plan Width": 97, "Plans": [{"Node Type": "Merge Join", "Parent Relationship": "Outer", "Join Type": "Inner", "Startup Cost": 1373699.77, "Total Cost": 1385868.61, "Plan Rows": 969413, "Plan Width": 33, "Inner Unique": false, "Merge Cond": "(ct.id = mc.company_type_id)", "Plans": [{"Node Type": "Sort", "Parent Relationship": "Outer", "Startup Cost": 1.05, "Total Cost": 1.06, "Plan Rows": 3, "Plan Width": 4, "Sort Key": ["ct.id"], "Plans": [{"Node Type": "Seq Scan", "Parent Relationship": "Outer", "Relation Name": "company_type", "Alias": "ct", "Startup Cost": 0.0, "Total Cost": 1.03, "Plan Rows": 3, "Plan Width": 4}]}, {"Node Type": "Sort", "Parent Relationship": "Inner", "Startup Cost": 1371326.34, "Total Cost": 1373749.88, "Plan Rows": 969413, "Plan Width": 37, "Sort Key": ["mc.company_type_id"], "Plans": [{"Node Type": "Merge Join", "Parent Relationship": "Outer", "Join Type": "Inner", "Startup Cost": 1125905.51, "Total Cost": 1274933.97, "Plan Rows": 969413, "Plan Width": 37, "Inner Unique": true, "Merge Cond": "(mc.movie_id = t.id)", "Plans": [{"Node Type": "Merge Join", "Parent Relationship": "Outer", "Join Type": "Inner", "Startup Cost": 1125902.88, "Total Cost": 1142792.92, "Plan Rows": 699731, "Plan Width": 28, "Inner Unique": false, "Merge Cond": "(ci.movie_id = mc.movie_id)", "Plans": [{"Node Type": "Sort", "Parent Relationship": "Outer", "Startup Cost": 842076.6, "Total Cost": 843817.43, "Plan Rows": 696330, "Plan Width": 20, "Sort Key": ["ci.movie_id"], "Plans": [{"Node Type": "Merge Join", "Parent Relationship": "Outer", "Join Type": "Inner", "Startup Cost": 764054.82, "Total Cost": 774499.83, "Plan Rows": 696330, "Plan Width": 20, "Inner Unique": false, "Merge Cond": "(rt.id = ci.role_id)", "Plans": [{"Node Type": "Sort", "Parent Relationship": "Outer", "Startup Cost": 1.34, "Total Cost": 1.37, "Plan Rows": 12, "Plan Width": 4, "Sort Key": ["rt.id"], "Plans": [{"Node Type": "Seq Scan", "Parent Relationship": "Outer", "Relation Name": "role_type", "Alias": "rt", "Startup Cost": 0.0, "Total Cost": 1.12, "Plan Rows": 12, "Plan Width": 4}]}, {"Node Type": "Sort", "Parent Relationship": "Inner", "Startup Cost": 764053.49, "Total Cost": 765794.31, "Plan Rows": 696330, "Plan Width": 24, "Sort Key": ["ci.role_id"], "Plans": [{"Node Type": "Nested Loop", "Parent Relationship": "Outer", "Join Type": "Inner", "Startup Cost": 0.0, "Total Cost": 696476.71, "Plan Rows": 696330, "Plan Width": 24, "Inner Unique": true, "Plans": [{"Node Type": "Streaming(type: LOCAL GATHER dop: 1/64)", "Parent Relationship": "Outer", "Startup Cost": 0.0, "Total Cost": 103453.99, "Plan Rows": 1436424, "Plan Width": 12, "Plans": [{"Node Type": "Seq Scan", "Parent Relationship": "Outer", "Relation Name": "cast_info", "Alias": "ci", "Startup Cost": 0.0, "Total Cost": 73820.73, "Plan Rows": 1436424, "Plan Width": 12, "Filter": "((note)::text ~~ '%(producer)%'::text), (LLVM Optimized)"}]}, {"Node Type": "Index Scan", "Parent Relationship": "Inner", "Scan Direction": "Forward", "Index Name": "char_name_pkey", "Relation Name": "char_name", "Alias": "chn", "Startup Cost": 0.0, "Total Cost": 0.4, "Plan Rows": 1, "Plan Width": 20, "Index Cond": "(id = ci.person_role_id)"}]}]}]}]}, {"Node Type": "Sort", "Parent Relationship": "Inner", "Startup Cost": 283826.21, "Total Cost": 287031.99, "Plan Rows": 1282311, "Plan Width": 8, "Sort Key": ["mc.movie_id"], "Plans": [{"Node Type": "Merge Join", "Parent Relationship": "Outer", "Join Type": "Inner", "Startup Cost": 3383.04, "Total Cost": 153733.74, "Plan Rows": 1282311, "Plan Width": 8, "Inner Unique": false, "Merge Cond": "(cn.id = mc.company_id)", "Plans": [{"Node Type": "Index Scan", "Parent Relationship": "Outer", "Scan Direction": "Forward", "Index Name": "company_name_pkey", "Relation Name": "company_name", "Alias": "cn", "Startup Cost": 0.0, "Total Cost": 10501.39, "Plan Rows": 85170, "Plan Width": 4, "Filter": "((country_code)::text = '[us]'::text)"}, {"Node Type": "Index Scan", "Parent Relationship": "Inner", "Scan Direction": "Forward", "Index Name": "company_id_movie_companies", "Relation Name": "movie_companies", "Alias": "mc", "Startup Cost": 0.0, "Total Cost": 123673.5, "Plan Rows": 2609128, "Plan Width": 12}]}]}]}, {"Node Type": "Index Scan", "Parent Relationship": "Inner", "Scan Direction": "Forward", "Index Name": "title_pkey", "Relation Name": "title", "Alias": "t", "Startup Cost": 0.0, "Total Cost": 116441.27, "Plan Rows": 1748840, "Plan Width": 21, "Filter": "(production_year > 1990), (LLVM Optimized)"}]}]}]}]}, "Unique SQL Id": 3145361615}, "explain_analyze_plan": null}, "(64, 85)": {"explain_plan": {"Plan": {"Node Type": "Aggregate", "Strategy": "Plain", "Startup Cost": 1821121.79, "Total Cost": 1821121.8, "Plan Rows": 1, "Plan Width": 97, "Plans": [{"Node Type": "Merge Join", "Parent Relationship": "Outer", "Join Type": "Inner", "Startup Cost": 1804093.6, "Total Cost": 1816274.73, "Plan Rows": 969413, "Plan Width": 33, "Inner Unique": false, "Merge Cond": "(ct.id = mc.company_type_id)", "Plans": [{"Node Type": "Index Scan", "Parent Relationship": "Outer", "Scan Direction": "Forward", "Index Name": "company_type_pkey", "Relation Name": "company_type", "Alias": "ct", "Startup Cost": 0.0, "Total Cost": 12.29, "Plan Rows": 3, "Plan Width": 4}, {"Node Type": "Sort", "Parent Relationship": "Inner", "Startup Cost": 1801721.23, "Total Cost": 1804144.76, "Plan Rows": 969413, "Plan Width": 37, "Sort Key": ["mc.company_type_id"], "Plans": [{"Node Type": "Merge Join", "Parent Relationship": "Outer", "Join Type": "Inner", "Startup Cost": 1556300.39, "Total Cost": 1705328.85, "Plan Rows": 969413, "Plan Width": 37, "Inner Unique": true, "Merge Cond": "(mc.movie_id = t.id)", "Plans": [{"Node Type": "Merge Join", "Parent Relationship": "Outer", "Join Type": "Inner", "Startup Cost": 1556297.77, "Total Cost": 1573187.81, "Plan Rows": 699731, "Plan Width": 28, "Inner Unique": false, "Merge Cond": "(ci.movie_id = mc.movie_id)", "Plans": [{"Node Type": "Sort", "Parent Relationship": "Outer", "Startup Cost": 1272471.49, "Total Cost": 1274212.32, "Plan Rows": 696330, "Plan Width": 20, "Sort Key": ["ci.movie_id"], "Plans": [{"Node Type": "Merge Join", "Parent Relationship": "Outer", "Join Type": "Inner", "Startup Cost": 1194438.34, "Total Cost": 1204894.71, "Plan Rows": 696330, "Plan Width": 20, "Inner Unique": false, "Merge Cond": "(rt.id = ci.role_id)", "Plans": [{"Node Type": "Index Scan", "Parent Relationship": "Outer", "Scan Direction": "Forward", "Index Name": "role_type_pkey", "Relation Name": "role_type", "Alias": "rt", "Startup Cost": 0.0, "Total Cost": 12.43, "Plan Rows": 12, "Plan Width": 4}, {"Node Type": "Sort", "Parent Relationship": "Inner", "Startup Cost": 1194438.34, "Total Cost": 1196179.17, "Plan Rows": 696330, "Plan Width": 24, "Sort Key": ["ci.role_id"], "Plans": [{"Node Type": "Merge Join", "Parent Relationship": "Outer", "Join Type": "Inner", "Startup Cost": 80674.47, "Total Cost": 1126861.56, "Plan Rows": 696330, "Plan Width": 24, "Inner Unique": false, "Merge Cond": "(chn.id = ci.person_role_id)", "Plans": [{"Node Type": "Index Scan", "Parent Relationship": "Outer", "Scan Direction": "Forward", "Index Name": "char_name_pkey", "Relation Name": "char_name", "Alias": "chn", "Startup Cost": 0.0, "Total Cost": 129875.46, "Plan Rows": 3140338, "Plan Width": 20}, {"Node Type": "Index Scan", "Parent Relationship": "Inner", "Scan Direction": "Forward", "Index Name": "person_role_id_cast_info", "Relation Name": "cast_info", "Alias": "ci", "Startup Cost": 0.0, "Total Cost": 2022508.08, "Plan Rows": 1436424, "Plan Width": 12, "Filter": "((note)::text ~~ '%(producer)%'::text), (LLVM Optimized)"}]}]}]}]}, {"Node Type": "Sort", "Parent Relationship": "Inner", "Startup Cost": 283826.21, "Total Cost": 287031.99, "Plan Rows": 1282311, "Plan Width": 8, "Sort Key": ["mc.movie_id"], "Plans": [{"Node Type": "Merge Join", "Parent Relationship": "Outer", "Join Type": "Inner", "Startup Cost": 3383.04, "Total Cost": 153733.74, "Plan Rows": 1282311, "Plan Width": 8, "Inner Unique": false, "Merge Cond": "(cn.id = mc.company_id)", "Plans": [{"Node Type": "Index Scan", "Parent Relationship": "Outer", "Scan Direction": "Forward", "Index Name": "company_name_pkey", "Relation Name": "company_name", "Alias": "cn", "Startup Cost": 0.0, "Total Cost": 10501.39, "Plan Rows": 85170, "Plan Width": 4, "Filter": "((country_code)::text = '[us]'::text)"}, {"Node Type": "Index Scan", "Parent Relationship": "Inner", "Scan Direction": "Forward", "Index Name": "company_id_movie_companies", "Relation Name": "movie_companies", "Alias": "mc", "Startup Cost": 0.0, "Total Cost": 123673.5, "Plan Rows": 2609128, "Plan Width": 12}]}]}]}, {"Node Type": "Index Scan", "Parent Relationship": "Inner", "Scan Direction": "Forward", "Index Name": "title_pkey", "Relation Name": "title", "Alias": "t", "Startup Cost": 0.0, "Total Cost": 116441.27, "Plan Rows": 1748840, "Plan Width": 21, "Filter": "(production_year > 1990), (LLVM Optimized)"}]}]}]}]}, "Unique SQL Id": 3145361615}, "explain_analyze_plan": null}, "(64, 86)": {"explain_plan": {"Plan": {"Node Type": "Aggregate", "Strategy": "Plain", "Startup Cost": 10106447.35, "Total Cost": 10106447.36, "Plan Rows": 1, "Plan Width": 97, "Plans": [{"Node Type": "Nested Loop", "Parent Relationship": "Outer", "Join Type": "Inner", "Startup Cost": 7078011.49, "Total Cost": 10101600.29, "Plan Rows": 969413, "Plan Width": 33, "Inner Unique": true, "Plans": [{"Node Type": "Merge Join", "Parent Relationship": "Outer", "Join Type": "Inner", "Startup Cost": 7078011.22, "Total Cost": 7094901.26, "Plan Rows": 699731, "Plan Width": 24, "Inner Unique": false, "Merge Cond": "(ci.movie_id = mc.movie_id)", "Plans": [{"Node Type": "Sort", "Parent Relationship": "Outer", "Startup Cost": 6443771.71, "Total Cost": 6445512.54, "Plan Rows": 696330, "Plan Width": 20, "Sort Key": ["ci.movie_id"], "Plans": [{"Node Type": "Merge Join", "Parent Relationship": "Outer", "Join Type": "Inner", "Startup Cost": 6365749.93, "Total Cost": 6376194.93, "Plan Rows": 696330, "Plan Width": 20, "Inner Unique": false, "Merge Cond": "(rt.id = ci.role_id)", "Plans": [{"Node Type": "Sort", "Parent Relationship": "Outer", "Startup Cost": 1.34, "Total Cost": 1.37, "Plan Rows": 12, "Plan Width": 4, "Sort Key": ["rt.id"], "Plans": [{"Node Type": "Seq Scan", "Parent Relationship": "Outer", "Relation Name": "role_type", "Alias": "rt", "Startup Cost": 0.0, "Total Cost": 1.12, "Plan Rows": 12, "Plan Width": 4}]}, {"Node Type": "Sort", "Parent Relationship": "Inner", "Startup Cost": 6365748.59, "Total Cost": 6367489.42, "Plan Rows": 696330, "Plan Width": 24, "Sort Key": ["ci.role_id"], "Plans": [{"Node Type": "Nested Loop", "Parent Relationship": "Outer", "Join Type": "Inner", "Startup Cost": 0.29, "Total Cost": 6298171.81, "Plan Rows": 696330, "Plan Width": 24, "Inner Unique": true, "Plans": [{"Node Type": "Streaming(type: LOCAL GATHER dop: 1/64)", "Parent Relationship": "Outer", "Startup Cost": 0.0, "Total Cost": 103453.99, "Plan Rows": 1436424, "Plan Width": 12, "Plans": [{"Node Type": "Seq Scan", "Parent Relationship": "Outer", "Relation Name": "cast_info", "Alias": "ci", "Startup Cost": 0.0, "Total Cost": 73820.73, "Plan Rows": 1436424, "Plan Width": 12, "Filter": "((note)::text ~~ '%(producer)%'::text), (LLVM Optimized)"}]}, {"Node Type": "Bitmap Heap Scan", "Parent Relationship": "Inner", "Relation Name": "char_name", "Alias": "chn", "Startup Cost": 0.29, "Total Cost": 4.3, "Plan Rows": 1, "Plan Width": 20, "Recheck Cond": "(id = ci.person_role_id)", "Plans": [{"Node Type": "Bitmap Index Scan", "Parent Relationship": "Outer", "Index Name": "char_name_pkey", "Startup Cost": 0.0, "Total Cost": 0.29, "Plan Rows": 1, "Plan Width": 0, "Index Cond": "(id = ci.person_role_id)"}]}]}]}]}]}, {"Node Type": "Sort", "Parent Relationship": "Inner", "Startup Cost": 634239.44, "Total Cost": 637445.22, "Plan Rows": 1282311, "Plan Width": 4, "Sort Key": ["mc.movie_id"], "Plans": [{"Node Type": "Merge Join", "Parent Relationship": "Outer", "Join Type": "Inner", "Startup Cost": 478191.35, "Total Cost": 504146.97, "Plan Rows": 1282311, "Plan Width": 4, "Inner Unique": false, "Merge Cond": "(cn.id = mc.company_id)", "Plans": [{"Node Type": "Sort", "Parent Relationship": "Outer", "Startup Cost": 12878.05, "Total Cost": 13090.97, "Plan Rows": 85170, "Plan Width": 4, "Sort Key": ["cn.id"], "Plans": [{"Node Type": "Seq Scan", "Parent Relationship": "Outer", "Relation Name": "company_name", "Alias": "cn", "Startup Cost": 0.0, "Total Cost": 5903.45, "Plan Rows": 85170, "Plan Width": 4, "Filter": "((country_code)::text = '[us]'::text)"}]}, {"Node Type": "Sort", "Parent Relationship": "Inner", "Startup Cost": 464974.33, "Total Cost": 471497.15, "Plan Rows": 2609128, "Plan Width": 8, "Sort Key": ["mc.company_id"], "Plans": [{"Node Type": "Nested Loop", "Parent Relationship": "Outer", "Join Type": "Inner", "Startup Cost": 21059.95, "Total Cost": 186904.73, "Plan Rows": 2609128, "Plan Width": 8, "Inner Unique": false, "Plans": [{"Node Type": "Seq Scan", "Parent Relationship": "Outer", "Relation Name": "company_type", "Alias": "ct", "Startup Cost": 0.0, "Total Cost": 1.03, "Plan Rows": 3, "Plan Width": 4}, {"Node Type": "Bitmap Heap Scan", "Parent Relationship": "Inner", "Relation Name": "movie_companies", "Alias": "mc", "Startup Cost": 21059.95, "Total Cost": 49255.59, "Plan Rows": 1304564, "Plan Width": 12, "Recheck Cond": "(company_type_id = ct.id), (LLVM Optimized)", "Plans": [{"Node Type": "Bitmap Index Scan", "Parent Relationship": "Outer", "Index Name": "company_type_id_movie_companies", "Startup Cost": 0.0, "Total Cost": 20733.81, "Plan Rows": 1304564, "Plan Width": 0, "Index Cond": "(company_type_id = ct.id)"}]}]}]}]}]}]}, {"Node Type": "Bitmap Heap Scan", "Parent Relationship": "Inner", "Relation Name": "title", "Alias": "t", "Startup Cost": 0.27, "Total Cost": 4.29, "Plan Rows": 1, "Plan Width": 21, "Recheck Cond": "(id = mc.movie_id)", "Filter": "(production_year > 1990)", "Plans": [{"Node Type": "Bitmap Index Scan", "Parent Relationship": "Outer", "Index Name": "title_pkey", "Startup Cost": 0.0, "Total Cost": 0.27, "Plan Rows": 1, "Plan Width": 0, "Index Cond": "(id = mc.movie_id)"}]}]}]}, "Unique SQL Id": 3145361615}, "explain_analyze_plan": {"Plan": {"Node Type": "Aggregate", "Strategy": "Plain", "Startup Cost": 10106447.35, "Total Cost": 10106447.36, "Plan Rows": 1, "Plan Width": 97, "Actual Min Startup Time": 4916.048, "Actual Max Startup Time": 4916.048, "Actual Min Total Time": 4916.048, "Actual Max Total Time": 4916.048, "Actual Total Rows": 1, "Plans": [{"Node Type": "Nested Loop", "Parent Relationship": "Outer", "Join Type": "Inner", "Startup Cost": 7078011.49, "Total Cost": 10101600.29, "Plan Rows": 969413, "Plan Width": 33, "Actual Min Startup Time": 4848.808, "Actual Max Startup Time": 4848.808, "Actual Min Total Time": 4916.011, "Actual Max Total Time": 4916.011, "Actual Total Rows": 4, "Inner Unique": true, "Plans": [{"Node Type": "Merge Join", "Parent Relationship": "Outer", "Join Type": "Inner", "Startup Cost": 7078011.22, "Total Cost": 7094901.26, "Plan Rows": 699731, "Plan Width": 24, "Actual Min Startup Time": 4848.718, "Actual Max Startup Time": 4848.718, "Actual Min Total Time": 4915.818, "Actual Max Total Time": 4915.818, "Actual Total Rows": 6, "Inner Unique": false, "Merge Cond": "(ci.movie_id = mc.movie_id)", "Plans": [{"Node Type": "Sort", "Parent Relationship": "Outer", "Startup Cost": 6443771.71, "Total Cost": 6445512.54, "Plan Rows": 696330, "Plan Width": 20, "Actual Min Startup Time": 2566.043, "Actual Max Startup Time": 2566.043, "Actual Min Total Time": 2566.047, "Actual Max Total Time": 2566.047, "Actual Total Rows": 15, "Sort Key": ["ci.movie_id"], "Sort Method": "quicksort", "Sort Space Min Used": 26, "Sort Space Max Used": 26, "Sort Space Type": "Memory", "Plans": [{"Node Type": "Merge Join", "Parent Relationship": "Outer", "Join Type": "Inner", "Startup Cost": 6365749.93, "Total Cost": 6376194.93, "Plan Rows": 696330, "Plan Width": 20, "Actual Min Startup Time": 2565.994, "Actual Max Startup Time": 2565.994, "Actual Min Total Time": 2566.01, "Actual Max Total Time": 2566.01, "Actual Total Rows": 15, "Inner Unique": false, "Merge Cond": "(rt.id = ci.role_id)", "Plans": [{"Node Type": "Sort", "Parent Relationship": "Outer", "Startup Cost": 1.34, "Total Cost": 1.37, "Plan Rows": 12, "Plan Width": 4, "Actual Min Startup Time": 0.048, "Actual Max Startup Time": 0.048, "Actual Min Total Time": 0.049, "Actual Max Total Time": 0.049, "Actual Total Rows": 3, "Sort Key": ["rt.id"], "Sort Method": "quicksort", "Sort Space Min Used": 25, "Sort Space Max Used": 25, "Sort Space Type": "Memory", "Plans": [{"Node Type": "Seq Scan", "Parent Relationship": "Outer", "Relation Name": "role_type", "Alias": "rt", "Startup Cost": 0.0, "Total Cost": 1.12, "Plan Rows": 12, "Plan Width": 4, "Actual Min Startup Time": 0.026, "Actual Max Startup Time": 0.026, "Actual Min Total Time": 0.029, "Actual Max Total Time": 0.029, "Actual Total Rows": 12}]}, {"Node Type": "Sort", "Parent Relationship": "Inner", "Startup Cost": 6365748.59, "Total Cost": 6367489.42, "Plan Rows": 696330, "Plan Width": 24, "Actual Min Startup Time": 2565.936, "Actual Max Startup Time": 2565.936, "Actual Min Total Time": 2565.936, "Actual Max Total Time": 2565.936, "Actual Total Rows": 15, "Sort Key": ["ci.role_id"], "Sort Method": "quicksort", "Sort Space Min Used": 26, "Sort Space Max Used": 26, "Sort Space Type": "Memory", "Plans": [{"Node Type": "Nested Loop", "Parent Relationship": "Outer", "Join Type": "Inner", "Startup Cost": 0.29, "Total Cost": 6298171.81, "Plan Rows": 696330, "Plan Width": 24, "Actual Min Startup Time": 219.893, "Actual Max Startup Time": 219.893, "Actual Min Total Time": 2565.887, "Actual Max Total Time": 2565.887, "Actual Total Rows": 15, "Inner Unique": true, "Plans": [{"Node Type": "Streaming(type: LOCAL GATHER dop: 1/64)", "Parent Relationship": "Outer", "Startup Cost": 0.0, "Total Cost": 103453.99, "Plan Rows": 1436424, "Plan Width": 12, "Actual Min Startup Time": 141.577, "Actual Max Startup Time": 141.577, "Actual Min Total Time": 581.888, "Actual Max Total Time": 581.888, "Actual Total Rows": 1435439, "Plans": [{"Node Type": "Seq Scan", "Parent Relationship": "Outer", "Relation Name": "cast_info", "Alias": "ci", "Startup Cost": 0.0, "Total Cost": 73820.73, "Plan Rows": 1436424, "Plan Width": 12, "Actual Min Startup Time": 13.519, "Actual Max Startup Time": 89.96, "Actual Min Total Time": 173.652, "Actual Max Total Time": 192.186, "Actual Total Rows": 1435439, "Filter": "((note)::text ~~ '%(producer)%'::text), (LLVM Optimized, Jit Execute)", "Rows Removed by Filter": 34808904}]}, {"Node Type": "Bitmap Heap Scan", "Parent Relationship": "Inner", "Relation Name": "char_name", "Alias": "chn", "Startup Cost": 0.29, "Total Cost": 4.3, "Plan Rows": 1, "Plan Width": 20, "Actual Min Startup Time": 805.441, "Actual Max Startup Time": 805.441, "Actual Min Total Time": 805.441, "Actual Max Total Time": 805.441, "Actual Total Rows": 15, "Recheck Cond": "(id = ci.person_role_id)", "Rows Removed by Index Recheck": 0, "Exact Heap Blocks": 15, "Lossy Heap Blocks": 15, "Plans": [{"Node Type": "Bitmap Index Scan", "Parent Relationship": "Outer", "Index Name": "char_name_pkey", "Startup Cost": 0.0, "Total Cost": 0.29, "Plan Rows": 1, "Plan Width": 0, "Actual Min Startup Time": 291.373, "Actual Max Startup Time": 291.373, "Actual Min Total Time": 291.373, "Actual Max Total Time": 291.373, "Actual Total Rows": 15, "Index Cond": "(id = ci.person_role_id)"}]}]}]}]}]}, {"Node Type": "Sort", "Parent Relationship": "Inner", "Startup Cost": 634239.44, "Total Cost": 637445.22, "Plan Rows": 1282311, "Plan Width": 4, "Actual Min Startup Time": 2172.881, "Actual Max Startup Time": 2172.881, "Actual Min Total Time": 2279.53, "Actual Max Total Time": 2279.53, "Actual Total Rows": 549722, "Sort Key": ["mc.movie_id"], "Sort Method": "quicksort", "Sort Space Min Used": 59097, "Sort Space Max Used": 59097, "Sort Space Type": "Memory", "Plans": [{"Node Type": "Merge Join", "Parent Relationship": "Outer", "Join Type": "Inner", "Startup Cost": 478191.35, "Total Cost": 504146.97, "Plan Rows": 1282311, "Plan Width": 4, "Actual Min Startup Time": 1370.235, "Actual Max Startup Time": 1370.235, "Actual Min Total Time": 1966.836, "Actual Max Total Time": 1966.836, "Actual Total Rows": 552328, "Inner Unique": false, "Merge Cond": "(cn.id = mc.company_id)", "Plans": [{"Node Type": "Sort", "Parent Relationship": "Outer", "Startup Cost": 12878.05, "Total Cost": 13090.97, "Plan Rows": 85170, "Plan Width": 4, "Actual Min Startup Time": 121.851, "Actual Max Startup Time": 121.851, "Actual Min Total Time": 140.799, "Actual Max Total Time": 140.799, "Actual Total Rows": 84843, "Sort Key": ["cn.id"], "Sort Method": "quicksort", "Sort Space Min Used": 8375, "Sort Space Max Used": 8375, "Sort Space Type": "Memory", "Plans": [{"Node Type": "Seq Scan", "Parent Relationship": "Outer", "Relation Name": "company_name", "Alias": "cn", "Startup Cost": 0.0, "Total Cost": 5903.45, "Plan Rows": 85170, "Plan Width": 4, "Actual Min Startup Time": 0.06, "Actual Max Startup Time": 0.06, "Actual Min Total Time": 90.057, "Actual Max Total Time": 90.057, "Actual Total Rows": 84843, "Filter": "((country_code)::text = '[us]'::text)", "Rows Removed by Filter": 150153}]}, {"Node Type": "Sort", "Parent Relationship": "Inner", "Startup Cost": 464974.33, "Total Cost": 471497.15, "Plan Rows": 2609128, "Plan Width": 8, "Actual Min Startup Time": 1248.366, "Actual Max Startup Time": 1248.366, "Actual Min Total Time": 1553.919, "Actual Max Total Time": 1553.919, "Actual Total Rows": 1334883, "Sort Key": ["mc.company_id"], "Sort Method": "quicksort", "Sort Space Min Used": 132583, "Sort Space Max Used": 132583, "Sort Space Type": "Memory", "Plans": [{"Node Type": "Nested Loop", "Parent Relationship": "Outer", "Join Type": "Inner", "Startup Cost": 21059.95, "Total Cost": 186904.73, "Plan Rows": 2609128, "Plan Width": 8, "Actual Min Startup Time": 155.023, "Actual Max Startup Time": 155.023, "Actual Min Total Time": 810.372, "Actual Max Total Time": 810.372, "Actual Total Rows": 1334883, "Inner Unique": false, "Plans": [{"Node Type": "Seq Scan", "Parent Relationship": "Outer", "Relation Name": "company_type", "Alias": "ct", "Startup Cost": 0.0, "Total Cost": 1.03, "Plan Rows": 3, "Plan Width": 4, "Actual Min Startup Time": 0.016, "Actual Max Startup Time": 0.016, "Actual Min Total Time": 0.025, "Actual Max Total Time": 0.025, "Actual Total Rows": 3}, {"Node Type": "Bitmap Heap Scan", "Parent Relationship": "Inner", "Relation Name": "movie_companies", "Alias": "mc", "Startup Cost": 21059.95, "Total Cost": 49255.59, "Plan Rows": 1304564, "Plan Width": 12, "Actual Min Startup Time": 155.06, "Actual Max Startup Time": 155.06, "Actual Min Total Time": 566.697, "Actual Max Total Time": 566.697, "Actual Total Rows": 1334883, "Recheck Cond": "(company_type_id = ct.id), (LLVM Optimized, Jit Execute)", "Rows Removed by Index Recheck": 0, "Exact Heap Blocks": 6196, "Lossy Heap Blocks": 6196, "Plans": [{"Node Type": "Bitmap Index Scan", "Parent Relationship": "Outer", "Index Name": "company_type_id_movie_companies", "Startup Cost": 0.0, "Total Cost": 20733.81, "Plan Rows": 1304564, "Plan Width": 0, "Actual Min Startup Time": 153.786, "Actual Max Startup Time": 153.786, "Actual Min Total Time": 153.786, "Actual Max Total Time": 153.786, "Actual Total Rows": 1334883, "Index Cond": "(company_type_id = ct.id)"}]}]}]}]}]}]}, {"Node Type": "Bitmap Heap Scan", "Parent Relationship": "Inner", "Relation Name": "title", "Alias": "t", "Startup Cost": 0.27, "Total Cost": 4.29, "Plan Rows": 1, "Plan Width": 21, "Actual Min Startup Time": 0.147, "Actual Max Startup Time": 0.147, "Actual Min Total Time": 0.147, "Actual Max Total Time": 0.147, "Actual Total Rows": 4, "Recheck Cond": "(id = mc.movie_id)", "Rows Removed by Index Recheck": 0, "Filter": "(production_year > 1990)", "Rows Removed by Filter": 2, "Exact Heap Blocks": 6, "Lossy Heap Blocks": 6, "Plans": [{"Node Type": "Bitmap Index Scan", "Parent Relationship": "Outer", "Index Name": "title_pkey", "Startup Cost": 0.0, "Total Cost": 0.27, "Plan Rows": 1, "Plan Width": 0, "Actual Min Startup Time": 0.08, "Actual Max Startup Time": 0.08, "Actual Min Total Time": 0.08, "Actual Max Total Time": 0.08, "Actual Total Rows": 6, "Index Cond": "(id = mc.movie_id)"}]}]}]}, "Triggers": [], "Planner Runtime": 23.749, "Total Runtime": 4940.608, "Unique SQL Id": 3145361615}}, "(64, 87)": {"explain_plan": {"Plan": {"Node Type": "Aggregate", "Strategy": "Plain", "Startup Cost": 3197244.21, "Total Cost": 3197244.22, "Plan Rows": 1, "Plan Width": 97, "Plans": [{"Node Type": "Merge Join", "Parent Relationship": "Outer", "Join Type": "Inner", "Startup Cost": 3155328.01, "Total Cost": 3192397.14, "Plan Rows": 969413, "Plan Width": 33, "Inner Unique": true, "Merge Cond": "(mc.movie_id = t.id)", "Plans": [{"Node Type": "Merge Join", "Parent Relationship": "Outer", "Join Type": "Inner", "Startup Cost": 2857509.99, "Total Cost": 2874400.03, "Plan Rows": 699731, "Plan Width": 24, "Inner Unique": false, "Merge Cond": "(ci.movie_id = mc.movie_id)", "Plans": [{"Node Type": "Sort", "Parent Relationship": "Outer", "Startup Cost": 2220458.7, "Total Cost": 2222199.52, "Plan Rows": 696330, "Plan Width": 20, "Sort Key": ["ci.movie_id"], "Plans": [{"Node Type": "Merge Join", "Parent Relationship": "Outer", "Join Type": "Inner", "Startup Cost": 2142436.91, "Total Cost": 2152881.92, "Plan Rows": 696330, "Plan Width": 20, "Inner Unique": false, "Merge Cond": "(rt.id = ci.role_id)", "Plans": [{"Node Type": "Sort", "Parent Relationship": "Outer", "Startup Cost": 12.65, "Total Cost": 12.68, "Plan Rows": 12, "Plan Width": 4, "Sort Key": ["rt.id"], "Plans": [{"Node Type": "Bitmap Heap Scan", "Parent Relationship": "Outer", "Relation Name": "role_type", "Alias": "rt", "Startup Cost": 8.31, "Total Cost": 12.43, "Plan Rows": 12, "Plan Width": 4, "Plans": [{"Node Type": "Bitmap Index Scan", "Parent Relationship": "Outer", "Index Name": "role_type_pkey", "Startup Cost": 0.0, "Total Cost": 8.31, "Plan Rows": 12, "Plan Width": 0}]}]}, {"Node Type": "Sort", "Parent Relationship": "Inner", "Startup Cost": 2142424.26, "Total Cost": 2144165.09, "Plan Rows": 696330, "Plan Width": 24, "Sort Key": ["ci.role_id"], "Plans": [{"Node Type": "Merge Join", "Parent Relationship": "Outer", "Join Type": "Inner", "Startup Cost": 2048986.87, "Total Cost": 2074847.49, "Plan Rows": 696330, "Plan Width": 24, "Inner Unique": false, "Merge Cond": "(chn.id = ci.person_role_id)", "Plans": [{"Node Type": "Sort", "Parent Relationship": "Outer", "Startup Cost": 469325.95, "Total Cost": 477176.79, "Plan Rows": 3140338, "Plan Width": 20, "Sort Key": ["chn.id"], "Plans": [{"Node Type": "Bitmap Heap Scan", "Parent Relationship": "Outer", "Relation Name": "char_name", "Alias": "chn", "Startup Cost": 62951.02, "Total Cost": 130444.4, "Plan Rows": 3140338, "Plan Width": 20, "Plans": [{"Node Type": "Bitmap Index Scan", "Parent Relationship": "Outer", "Index Name": "char_name_pkey", "Startup Cost": 0.0, "Total Cost": 62165.94, "Plan Rows": 3140338, "Plan Width": 0}]}]}, {"Node Type": "Sort", "Parent Relationship": "Inner", "Startup Cost": 1579374.94, "Total Cost": 1582966.0, "Plan Rows": 1436424, "Plan Width": 12, "Sort Key": ["ci.person_role_id"], "Plans": [{"Node Type": "Bitmap Heap Scan", "Parent Relationship": "Outer", "Relation Name": "cast_info", "Alias": "ci", "Startup Cost": 739944.83, "Total Cost": 1432471.5, "Plan Rows": 1436424, "Plan Width": 12, "Filter": "((note)::text ~~ '%(producer)%'::text), (LLVM Optimized)", "Plans": [{"Node Type": "Bitmap Index Scan", "Parent Relationship": "Outer", "Index Name": "person_role_id_cast_info", "Startup Cost": 0.0, "Total Cost": 739585.72, "Plan Rows": 36259494, "Plan Width": 0}]}]}]}]}]}]}, {"Node Type": "Sort", "Parent Relationship": "Inner", "Startup Cost": 637051.23, "Total Cost": 640257.01, "Plan Rows": 1282311, "Plan Width": 4, "Sort Key": ["mc.movie_id"], "Plans": [{"Node Type": "Merge Join", "Parent Relationship": "Outer", "Join Type": "Inner", "Startup Cost": 481003.14, "Total Cost": 506958.76, "Plan Rows": 1282311, "Plan Width": 4, "Inner Unique": false, "Merge Cond": "(cn.id = mc.company_id)", "Plans": [{"Node Type": "Sort", "Parent Relationship": "Outer", "Startup Cost": 15678.57, "Total Cost": 15891.49, "Plan Rows": 85170, "Plan Width": 4, "Sort Key": ["cn.id"], "Plans": [{"Node Type": "Bitmap Heap Scan", "Parent Relationship": "Outer", "Relation Name": "company_name", "Alias": "cn", "Startup Cost": 2800.52, "Total Cost": 8703.97, "Plan Rows": 85170, "Plan Width": 4, "Filter": "((country_code)::text = '[us]'::text)", "Plans": [{"Node Type": "Bitmap Index Scan", "Parent Relationship": "Outer", "Index Name": "company_name_pkey", "Startup Cost": 0.0, "Total Cost": 2779.23, "Plan Rows": 234996, "Plan Width": 0}]}]}, {"Node Type": "Sort", "Parent Relationship": "Inner", "Startup Cost": 464985.59, "Total Cost": 471508.41, "Plan Rows": 2609128, "Plan Width": 8, "Sort Key": ["mc.company_id"], "Plans": [{"Node Type": "Nested Loop", "Parent Relationship": "Outer", "Join Type": "Inner", "Startup Cost": 21068.22, "Total Cost": 186916.0, "Plan Rows": 2609128, "Plan Width": 8, "Inner Unique": false, "Plans": [{"Node Type": "Bitmap Heap Scan", "Parent Relationship": "Outer", "Relation Name": "company_type", "Alias": "ct", "Startup Cost": 8.27, "Total Cost": 12.3, "Plan Rows": 3, "Plan Width": 4, "Plans": [{"Node Type": "Bitmap Index Scan", "Parent Relationship": "Outer", "Index Name": "company_type_pkey", "Startup Cost": 0.0, "Total Cost": 8.27, "Plan Rows": 3, "Plan Width": 0}]}, {"Node Type": "Bitmap Heap Scan", "Parent Relationship": "Inner", "Relation Name": "movie_companies", "Alias": "mc", "Startup Cost": 21059.95, "Total Cost": 49255.59, "Plan Rows": 1304564, "Plan Width": 12, "Recheck Cond": "(company_type_id = ct.id), (LLVM Optimized)", "Plans": [{"Node Type": "Bitmap Index Scan", "Parent Relationship": "Outer", "Index Name": "company_type_id_movie_companies", "Startup Cost": 0.0, "Total Cost": 20733.81, "Plan Rows": 1304564, "Plan Width": 0, "Index Cond": "(company_type_id = ct.id)"}]}]}]}]}]}]}, {"Node Type": "Sort", "Parent Relationship": "Inner", "Startup Cost": 297817.83, "Total Cost": 302189.93, "Plan Rows": 1748840, "Plan Width": 21, "Sort Key": ["t.id"], "Plans": [{"Node Type": "Bitmap Heap Scan", "Parent Relationship": "Outer", "Relation Name": "title", "Alias": "t", "Startup Cost": 50091.01, "Total Cost": 116480.9, "Plan Rows": 1748840, "Plan Width": 21, "Filter": "(production_year > 1990), (LLVM Optimized)", "Plans": [{"Node Type": "Bitmap Index Scan", "Parent Relationship": "Outer", "Index Name": "title_pkey", "Startup Cost": 0.0, "Total Cost": 49653.81, "Plan Rows": 2528311, "Plan Width": 0}]}]}]}]}, "Unique SQL Id": 3145361615}, "explain_analyze_plan": null}, "(64, 88)": {"explain_plan": {"Plan": {"Node Type": "Aggregate", "Strategy": "Plain", "Startup Cost": 1390715.67, "Total Cost": 1390715.68, "Plan Rows": 1, "Plan Width": 97, "Plans": [{"Node Type": "Merge Join", "Parent Relationship": "Outer", "Join Type": "Inner", "Startup Cost": 1373699.77, "Total Cost": 1385868.61, "Plan Rows": 969413, "Plan Width": 33, "Inner Unique": false, "Merge Cond": "(ct.id = mc.company_type_id)", "Plans": [{"Node Type": "Sort", "Parent Relationship": "Outer", "Startup Cost": 1.05, "Total Cost": 1.06, "Plan Rows": 3, "Plan Width": 4, "Sort Key": ["ct.id"], "Plans": [{"Node Type": "Seq Scan", "Parent Relationship": "Outer", "Relation Name": "company_type", "Alias": "ct", "Startup Cost": 0.0, "Total Cost": 1.03, "Plan Rows": 3, "Plan Width": 4}]}, {"Node Type": "Sort", "Parent Relationship": "Inner", "Startup Cost": 1371326.34, "Total Cost": 1373749.88, "Plan Rows": 969413, "Plan Width": 37, "Sort Key": ["mc.company_type_id"], "Plans": [{"Node Type": "Merge Join", "Parent Relationship": "Outer", "Join Type": "Inner", "Startup Cost": 1125905.51, "Total Cost": 1274933.97, "Plan Rows": 969413, "Plan Width": 37, "Inner Unique": true, "Merge Cond": "(mc.movie_id = t.id)", "Plans": [{"Node Type": "Merge Join", "Parent Relationship": "Outer", "Join Type": "Inner", "Startup Cost": 1125902.88, "Total Cost": 1142792.92, "Plan Rows": 699731, "Plan Width": 28, "Inner Unique": false, "Merge Cond": "(ci.movie_id = mc.movie_id)", "Plans": [{"Node Type": "Sort", "Parent Relationship": "Outer", "Startup Cost": 842076.6, "Total Cost": 843817.43, "Plan Rows": 696330, "Plan Width": 20, "Sort Key": ["ci.movie_id"], "Plans": [{"Node Type": "Merge Join", "Parent Relationship": "Outer", "Join Type": "Inner", "Startup Cost": 764054.82, "Total Cost": 774499.83, "Plan Rows": 696330, "Plan Width": 20, "Inner Unique": false, "Merge Cond": "(rt.id = ci.role_id)", "Plans": [{"Node Type": "Sort", "Parent Relationship": "Outer", "Startup Cost": 1.34, "Total Cost": 1.37, "Plan Rows": 12, "Plan Width": 4, "Sort Key": ["rt.id"], "Plans": [{"Node Type": "Seq Scan", "Parent Relationship": "Outer", "Relation Name": "role_type", "Alias": "rt", "Startup Cost": 0.0, "Total Cost": 1.12, "Plan Rows": 12, "Plan Width": 4}]}, {"Node Type": "Sort", "Parent Relationship": "Inner", "Startup Cost": 764053.49, "Total Cost": 765794.31, "Plan Rows": 696330, "Plan Width": 24, "Sort Key": ["ci.role_id"], "Plans": [{"Node Type": "Nested Loop", "Parent Relationship": "Outer", "Join Type": "Inner", "Startup Cost": 0.0, "Total Cost": 696476.71, "Plan Rows": 696330, "Plan Width": 24, "Inner Unique": true, "Plans": [{"Node Type": "Streaming(type: LOCAL GATHER dop: 1/64)", "Parent Relationship": "Outer", "Startup Cost": 0.0, "Total Cost": 103453.99, "Plan Rows": 1436424, "Plan Width": 12, "Plans": [{"Node Type": "Seq Scan", "Parent Relationship": "Outer", "Relation Name": "cast_info", "Alias": "ci", "Startup Cost": 0.0, "Total Cost": 73820.73, "Plan Rows": 1436424, "Plan Width": 12, "Filter": "((note)::text ~~ '%(producer)%'::text), (LLVM Optimized)"}]}, {"Node Type": "Index Scan", "Parent Relationship": "Inner", "Scan Direction": "Forward", "Index Name": "char_name_pkey", "Relation Name": "char_name", "Alias": "chn", "Startup Cost": 0.0, "Total Cost": 0.4, "Plan Rows": 1, "Plan Width": 20, "Index Cond": "(id = ci.person_role_id)"}]}]}]}]}, {"Node Type": "Sort", "Parent Relationship": "Inner", "Startup Cost": 283826.21, "Total Cost": 287031.99, "Plan Rows": 1282311, "Plan Width": 8, "Sort Key": ["mc.movie_id"], "Plans": [{"Node Type": "Merge Join", "Parent Relationship": "Outer", "Join Type": "Inner", "Startup Cost": 3383.04, "Total Cost": 153733.74, "Plan Rows": 1282311, "Plan Width": 8, "Inner Unique": false, "Merge Cond": "(cn.id = mc.company_id)", "Plans": [{"Node Type": "Index Scan", "Parent Relationship": "Outer", "Scan Direction": "Forward", "Index Name": "company_name_pkey", "Relation Name": "company_name", "Alias": "cn", "Startup Cost": 0.0, "Total Cost": 10501.39, "Plan Rows": 85170, "Plan Width": 4, "Filter": "((country_code)::text = '[us]'::text)"}, {"Node Type": "Index Scan", "Parent Relationship": "Inner", "Scan Direction": "Forward", "Index Name": "company_id_movie_companies", "Relation Name": "movie_companies", "Alias": "mc", "Startup Cost": 0.0, "Total Cost": 123673.5, "Plan Rows": 2609128, "Plan Width": 12}]}]}]}, {"Node Type": "Index Scan", "Parent Relationship": "Inner", "Scan Direction": "Forward", "Index Name": "title_pkey", "Relation Name": "title", "Alias": "t", "Startup Cost": 0.0, "Total Cost": 116441.27, "Plan Rows": 1748840, "Plan Width": 21, "Filter": "(production_year > 1990), (LLVM Optimized)"}]}]}]}]}, "Unique SQL Id": 3145361615}, "explain_analyze_plan": null}, "(64, 89)": {"explain_plan": {"Plan": {"Node Type": "Aggregate", "Strategy": "Plain", "Startup Cost": 1821114.13, "Total Cost": 1821114.14, "Plan Rows": 1, "Plan Width": 97, "Plans": [{"Node Type": "Merge Join", "Parent Relationship": "Outer", "Join Type": "Inner", "Startup Cost": 1804089.93, "Total Cost": 1816267.06, "Plan Rows": 969413, "Plan Width": 33, "Inner Unique": false, "Merge Cond": "(ct.id = mc.company_type_id)", "Plans": [{"Node Type": "Index Only Scan", "Parent Relationship": "Outer", "Scan Direction": "Forward", "Index Name": "company_type_pkey", "Relation Name": "company_type", "Alias": "ct", "Startup Cost": 0.0, "Total Cost": 8.29, "Plan Rows": 3, "Plan Width": 4}, {"Node Type": "Sort", "Parent Relationship": "Inner", "Startup Cost": 1801717.56, "Total Cost": 1804141.1, "Plan Rows": 969413, "Plan Width": 37, "Sort Key": ["mc.company_type_id"], "Plans": [{"Node Type": "Merge Join", "Parent Relationship": "Outer", "Join Type": "Inner", "Startup Cost": 1556296.73, "Total Cost": 1705325.19, "Plan Rows": 969413, "Plan Width": 37, "Inner Unique": true, "Merge Cond": "(mc.movie_id = t.id)", "Plans": [{"Node Type": "Merge Join", "Parent Relationship": "Outer", "Join Type": "Inner", "Startup Cost": 1556294.1, "Total Cost": 1573184.14, "Plan Rows": 699731, "Plan Width": 28, "Inner Unique": false, "Merge Cond": "(ci.movie_id = mc.movie_id)", "Plans": [{"Node Type": "Sort", "Parent Relationship": "Outer", "Startup Cost": 1272467.82, "Total Cost": 1274208.65, "Plan Rows": 696330, "Plan Width": 20, "Sort Key": ["ci.movie_id"], "Plans": [{"Node Type": "Merge Join", "Parent Relationship": "Outer", "Join Type": "Inner", "Startup Cost": 1194438.34, "Total Cost": 1204891.05, "Plan Rows": 696330, "Plan Width": 20, "Inner Unique": false, "Merge Cond": "(rt.id = ci.role_id)", "Plans": [{"Node Type": "Index Only Scan", "Parent Relationship": "Outer", "Scan Direction": "Forward", "Index Name": "role_type_pkey", "Relation Name": "role_type", "Alias": "rt", "Startup Cost": 0.0, "Total Cost": 8.43, "Plan Rows": 12, "Plan Width": 4}, {"Node Type": "Sort", "Parent Relationship": "Inner", "Startup Cost": 1194438.34, "Total Cost": 1196179.17, "Plan Rows": 696330, "Plan Width": 24, "Sort Key": ["ci.role_id"], "Plans": [{"Node Type": "Merge Join", "Parent Relationship": "Outer", "Join Type": "Inner", "Startup Cost": 80674.47, "Total Cost": 1126861.56, "Plan Rows": 696330, "Plan Width": 24, "Inner Unique": false, "Merge Cond": "(chn.id = ci.person_role_id)", "Plans": [{"Node Type": "Index Scan", "Parent Relationship": "Outer", "Scan Direction": "Forward", "Index Name": "char_name_pkey", "Relation Name": "char_name", "Alias": "chn", "Startup Cost": 0.0, "Total Cost": 129875.46, "Plan Rows": 3140338, "Plan Width": 20}, {"Node Type": "Index Scan", "Parent Relationship": "Inner", "Scan Direction": "Forward", "Index Name": "person_role_id_cast_info", "Relation Name": "cast_info", "Alias": "ci", "Startup Cost": 0.0, "Total Cost": 2022508.08, "Plan Rows": 1436424, "Plan Width": 12, "Filter": "((note)::text ~~ '%(producer)%'::text), (LLVM Optimized)"}]}]}]}]}, {"Node Type": "Sort", "Parent Relationship": "Inner", "Startup Cost": 283826.21, "Total Cost": 287031.99, "Plan Rows": 1282311, "Plan Width": 8, "Sort Key": ["mc.movie_id"], "Plans": [{"Node Type": "Merge Join", "Parent Relationship": "Outer", "Join Type": "Inner", "Startup Cost": 3383.04, "Total Cost": 153733.74, "Plan Rows": 1282311, "Plan Width": 8, "Inner Unique": false, "Merge Cond": "(cn.id = mc.company_id)", "Plans": [{"Node Type": "Index Scan", "Parent Relationship": "Outer", "Scan Direction": "Forward", "Index Name": "company_name_pkey", "Relation Name": "company_name", "Alias": "cn", "Startup Cost": 0.0, "Total Cost": 10501.39, "Plan Rows": 85170, "Plan Width": 4, "Filter": "((country_code)::text = '[us]'::text)"}, {"Node Type": "Index Scan", "Parent Relationship": "Inner", "Scan Direction": "Forward", "Index Name": "company_id_movie_companies", "Relation Name": "movie_companies", "Alias": "mc", "Startup Cost": 0.0, "Total Cost": 123673.5, "Plan Rows": 2609128, "Plan Width": 12}]}]}]}, {"Node Type": "Index Scan", "Parent Relationship": "Inner", "Scan Direction": "Forward", "Index Name": "title_pkey", "Relation Name": "title", "Alias": "t", "Startup Cost": 0.0, "Total Cost": 116441.27, "Plan Rows": 1748840, "Plan Width": 21, "Filter": "(production_year > 1990), (LLVM Optimized)"}]}]}]}]}, "Unique SQL Id": 3145361615}, "explain_analyze_plan": null}, "(64, 90)": {"explain_plan": {"Plan": {"Node Type": "Aggregate", "Strategy": "Plain", "Startup Cost": 12102755310411.89, "Total Cost": 12102755310411.91, "Plan Rows": 1, "Plan Width": 97, "Plans": [{"Node Type": "Streaming(type: LOCAL GATHER dop: 1/64)", "Parent Relationship": "Outer", "Startup Cost": 12102755310411.89, "Total Cost": 12102755310411.91, "Plan Rows": 1, "Plan Width": 97, "Plans": [{"Node Type": "Aggregate", "Strategy": "Plain", "Parent Relationship": "Outer", "Startup Cost": 12102755310411.89, "Total Cost": 12102755310411.9, "Plan Rows": 1, "Plan Width": 97, "Plans": [{"Node Type": "Nested Loop", "Parent Relationship": "Outer", "Join Type": "Inner", "Startup Cost": 40000492291.14, "Total Cost": 12102755305564.82, "Plan Rows": 969413, "Plan Width": 33, "Inner Unique": false, "Join Filter": "(ci.movie_id = t.id), (LLVM Optimized)", "Plans": [{"Node Type": "Streaming(type: LOCAL REDISTRIBUTE dop: 64/64)", "Parent Relationship": "Outer", "Startup Cost": 20000000000.0, "Total Cost": 1100181288399.58, "Plan Rows": 696330, "Plan Width": 20, "Plans": [{"Node Type": "Nested Loop", "Parent Relationship": "Outer", "Join Type": "Inner", "Startup Cost": 20000000000.0, "Total Cost": 1100181224739.97, "Plan Rows": 696330, "Plan Width": 20, "Inner Unique": false, "Join Filter": "(ci.person_role_id = chn.id), (LLVM Optimized)", "Plans": [{"Node Type": "Streaming(type: LOCAL REDISTRIBUTE dop: 64/64)", "Parent Relationship": "Outer", "Startup Cost": 0.0, "Total Cost": 130029.32, "Plan Rows": 3140338, "Plan Width": 20, "Plans": [{"Node Type": "Seq Scan", "Parent Relationship": "Outer", "Relation Name": "char_name", "Alias": "chn", "Startup Cost": 0.0, "Total Cost": 64054.58, "Plan Rows": 3140338, "Plan Width": 20}]}, {"Node Type": "Materialize", "Parent Relationship": "Inner", "Startup Cost": 10000000000.0, "Total Cost": 100001473249.55, "Plan Rows": 1436424, "Plan Width": 8, "Plans": [{"Node Type": "Streaming(type: LOCAL REDISTRIBUTE dop: 64/64)", "Parent Relationship": "Outer", "Startup Cost": 10000000000.0, "Total Cost": 100001473137.33, "Plan Rows": 1436424, "Plan Width": 8, "Plans": [{"Node Type": "Nested Loop", "Parent Relationship": "Outer", "Join Type": "Inner", "Startup Cost": 10000000000.0, "Total Cost": 100001408776.66, "Plan Rows": 1436424, "Plan Width": 8, "Inner Unique": true, "Join Filter": "(ci.role_id = rt.id), (LLVM Optimized)", "Plans": [{"Node Type": "Seq Scan", "Parent Relationship": "Outer", "Relation Name": "cast_info", "Alias": "ci", "Startup Cost": 0.0, "Total Cost": 73820.73, "Plan Rows": 1436424, "Plan Width": 12, "Filter": "((note)::text ~~ '%(producer)%'::text), (LLVM Optimized)"}, {"Node Type": "Materialize", "Parent Relationship": "Inner", "Startup Cost": 0.0, "Total Cost": 63017.02, "Plan Rows": 768, "Plan Width": 4, "Plans": [{"Node Type": "Streaming(type: BROADCAST dop: 64/1)", "Parent Relationship": "Outer", "Startup Cost": 0.0, "Total Cost": 63016.96, "Plan Rows": 768, "Plan Width": 4, "Plans": [{"Node Type": "Seq Scan", "Parent Relationship": "Outer", "Relation Name": "role_type", "Alias": "rt", "Startup Cost": 0.0, "Total Cost": 1.12, "Plan Rows": 12, "Plan Width": 4}]}]}]}]}]}]}]}, {"Node Type": "Materialize", "Parent Relationship": "Inner", "Startup Cost": 10000492291.14, "Total Cost": 100089712022.49, "Plan Rows": 1776525, "Plan Width": 25, "Plans": [{"Node Type": "Streaming(type: LOCAL REDISTRIBUTE dop: 64/64)", "Parent Relationship": "Outer", "Startup Cost": 10000492291.14, "Total Cost": 100089711883.7, "Plan Rows": 1776525, "Plan Width": 25, "Plans": [{"Node Type": "Nested Loop", "Parent Relationship": "Outer", "Join Type": "Inner", "Startup Cost": 10000492291.14, "Total Cost": 100089647200.86, "Plan Rows": 1776525, "Plan Width": 25, "Inner Unique": false, "Join Filter": "(mc.movie_id = t.id), (LLVM Optimized)", "Plans": [{"Node Type": "Streaming(type: LOCAL REDISTRIBUTE dop: 64/64)", "Parent Relationship": "Outer", "Startup Cost": 0.0, "Total Cost": 128693.96, "Plan Rows": 1748840, "Plan Width": 21, "Plans": [{"Node Type": "Seq Scan", "Parent Relationship": "Outer", "Relation Name": "title", "Alias": "t", "Startup Cost": 0.0, "Total Cost": 64037.34, "Plan Rows": 1748840, "Plan Width": 21, "Filter": "(production_year > 1990), (LLVM Optimized)"}]}, {"Node Type": "Materialize", "Parent Relationship": "Inner", "Startup Cost": 492291.14, "Total Cost": 623588.05, "Plan Rows": 1282311, "Plan Width": 4, "Plans": [{"Node Type": "Streaming(type: LOCAL REDISTRIBUTE dop: 64/1)", "Parent Relationship": "Outer", "Startup Cost": 492291.14, "Total Cost": 623487.87, "Plan Rows": 1282311, "Plan Width": 4, "Plans": [{"Node Type": "Merge Join", "Parent Relationship": "Outer", "Join Type": "Inner", "Startup Cost": 492291.14, "Total Cost": 508387.72, "Plan Rows": 1282311, "Plan Width": 4, "Inner Unique": false, "Merge Cond": "(ct.id = mc.company_type_id)", "Plans": [{"Node Type": "Sort", "Parent Relationship": "Outer", "Startup Cost": 1.05, "Total Cost": 1.06, "Plan Rows": 3, "Plan Width": 4, "Sort Key": ["ct.id"], "Plans": [{"Node Type": "Seq Scan", "Parent Relationship": "Outer", "Relation Name": "company_type", "Alias": "ct", "Startup Cost": 0.0, "Total Cost": 1.03, "Plan Rows": 3, "Plan Width": 4}]}, {"Node Type": "Sort", "Parent Relationship": "Inner", "Startup Cost": 489151.99, "Total Cost": 492357.77, "Plan Rows": 1282311, "Plan Width": 8, "Sort Key": ["mc.company_type_id"], "Plans": [{"Node Type": "Merge Join", "Parent Relationship": "Outer", "Join Type": "Inner", "Startup Cost": 333103.9, "Total Cost": 359059.52, "Plan Rows": 1282311, "Plan Width": 8, "Inner Unique": false, "Merge Cond": "(cn.id = mc.company_id)", "Plans": [{"Node Type": "Sort", "Parent Relationship": "Outer", "Startup Cost": 12878.05, "Total Cost": 13090.97, "Plan Rows": 85170, "Plan Width": 4, "Sort Key": ["cn.id"], "Plans": [{"Node Type": "Seq Scan", "Parent Relationship": "Outer", "Relation Name": "company_name", "Alias": "cn", "Startup Cost": 0.0, "Total Cost": 5903.45, "Plan Rows": 85170, "Plan Width": 4, "Filter": "((country_code)::text = '[us]'::text)"}]}, {"Node Type": "Sort", "Parent Relationship": "Inner", "Startup Cost": 319886.87, "Total Cost": 326409.69, "Plan Rows": 2609128, "Plan Width": 12, "Sort Key": ["mc.company_id"], "Plans": [{"Node Type": "Seq Scan", "Parent Relationship": "Outer", "Relation Name": "movie_companies", "Alias": "mc", "Startup Cost": 0.0, "Total Cost": 41817.28, "Plan Rows": 2609128, "Plan Width": 12}]}]}]}]}]}]}]}]}]}]}]}]}]}, "Unique SQL Id": 3145361615}, "explain_analyze_plan": null}, "(64, 91)": {"explain_plan": {"Plan": {"Node Type": "Aggregate", "Strategy": "Plain", "Startup Cost": 6404836478420.44, "Total Cost": 6404836478420.45, "Plan Rows": 1, "Plan Width": 97, "Plans": [{"Node Type": "Merge Join", "Parent Relationship": "Outer", "Join Type": "Inner", "Startup Cost": 5414836460575.04, "Total Cost": 6404836473573.37, "Plan Rows": 969413, "Plan Width": 33, "Inner Unique": false, "Merge Cond": "(ct.id = mc.company_type_id)", "Plans": [{"Node Type": "Index Only Scan", "Parent Relationship": "Outer", "Scan Direction": "Forward", "Index Name": "company_type_pkey", "Relation Name": "company_type", "Alias": "ct", "Startup Cost": 10000000000.0, "Total Cost": 1000000000829.5, "Plan Rows": 3, "Plan Width": 4}, {"Node Type": "Sort", "Parent Relationship": "Inner", "Startup Cost": 5404836458202.67, "Total Cost": 5404836460626.2, "Plan Rows": 969413, "Plan Width": 37, "Sort Key": ["mc.company_type_id"], "Plans": [{"Node Type": "Merge Join", "Parent Relationship": "Outer", "Join Type": "Inner", "Startup Cost": 4414835292158.16, "Total Cost": 5404836361810.29, "Plan Rows": 969413, "Plan Width": 37, "Inner Unique": false, "Merge Cond": "(cn.id = mc.company_id)", "Plans": [{"Node Type": "Index Scan", "Parent Relationship": "Outer", "Scan Direction": "Forward", "Index Name": "company_name_pkey", "Relation Name": "company_name", "Alias": "cn", "Startup Cost": 10000000000.0, "Total Cost": 1000001050138.97, "Plan Rows": 85170, "Plan Width": 4, "Filter": "((country_code)::text = '[us]'::text)"}, {"Node Type": "Sort", "Parent Relationship": "Inner", "Startup Cost": 4404835291901.89, "Total Cost": 4404835296833.07, "Plan Rows": 1972473, "Plan Width": 41, "Sort Key": ["mc.company_id"], "Plans": [{"Node Type": "Merge Join", "Parent Relationship": "Outer", "Join Type": "Inner", "Startup Cost": 2427545175376.9, "Total Cost": 4404835085664.31, "Plan Rows": 1972473, "Plan Width": 41, "Inner Unique": false, "Merge Cond": "(t.id = ci.movie_id)", "Plans": [{"Node Type": "Merge Join", "Parent Relationship": "Outer", "Join Type": "Inner", "Startup Cost": 20021511654.95, "Total Cost": 1999075977462.98, "Plan Rows": 3614708, "Plan Width": 33, "Inner Unique": false, "Merge Cond": "(t.id = mc.movie_id)", "Plans": [{"Node Type": "Index Scan", "Parent Relationship": "Outer", "Scan Direction": "Forward", "Index Name": "title_pkey", "Relation Name": "title", "Alias": "t", "Startup Cost": 10000000000.0, "Total Cost": 1000011644126.66, "Plan Rows": 1748840, "Plan Width": 21, "Filter": "(production_year > 1990), (LLVM Optimized)"}, {"Node Type": "Materialize", "Parent Relationship": "Inner", "Startup Cost": 10000000000.0, "Total Cost": 1000013058468.95, "Plan Rows": 2609128, "Plan Width": 12, "Plans": [{"Node Type": "Index Scan", "Parent Relationship": "Outer", "Scan Direction": "Forward", "Index Name": "movie_id_movie_companies", "Relation Name": "movie_companies", "Alias": "mc", "Startup Cost": 10000000000.0, "Total Cost": 1000013051946.13, "Plan Rows": 2609128, "Plan Width": 12}]}]}, {"Node Type": "Sort", "Parent Relationship": "Inner", "Startup Cost": 2407523663721.91, "Total Cost": 2407523665462.74, "Plan Rows": 696330, "Plan Width": 20, "Sort Key": ["ci.movie_id"], "Plans": [{"Node Type": "Merge Join", "Parent Relationship": "Outer", "Join Type": "Inner", "Startup Cost": 1500023584927.4, "Total Cost": 2407523596145.13, "Plan Rows": 696330, "Plan Width": 20, "Inner Unique": false, "Merge Cond": "(rt.id = ci.role_id)", "Plans": [{"Node Type": "Index Only Scan", "Parent Relationship": "Outer", "Scan Direction": "Forward", "Index Name": "role_type_pkey", "Relation Name": "role_type", "Alias": "rt", "Startup Cost": 10000000000.0, "Total Cost": 1000000000843.0, "Plan Rows": 12, "Plan Width": 4}, {"Node Type": "Sort", "Parent Relationship": "Inner", "Startup Cost": 1490023584927.4, "Total Cost": 1490023586668.23, "Plan Rows": 696330, "Plan Width": 24, "Sort Key": ["ci.role_id"], "Plans": [{"Node Type": "Merge Join", "Parent Relationship": "Outer", "Join Type": "Inner", "Startup Cost": 59427507435.38, "Total Cost": 1490023517350.63, "Plan Rows": 696330, "Plan Width": 24, "Inner Unique": false, "Merge Cond": "(chn.id = ci.person_role_id)", "Plans": [{"Node Type": "Index Scan", "Parent Relationship": "Outer", "Scan Direction": "Forward", "Index Name": "char_name_pkey", "Relation Name": "char_name", "Alias": "chn", "Startup Cost": 10000000000.0, "Total Cost": 1000012987545.51, "Plan Rows": 3140338, "Plan Width": 20}, {"Node Type": "Index Scan", "Parent Relationship": "Inner", "Scan Direction": "Forward", "Index Name": "person_role_id_cast_info", "Relation Name": "cast_info", "Alias": "ci", "Startup Cost": 10000000000.0, "Total Cost": 1000202250807.98, "Plan Rows": 1436424, "Plan Width": 12, "Filter": "((note)::text ~~ '%(producer)%'::text), (LLVM Optimized)"}]}]}]}]}]}]}]}]}]}]}, "Unique SQL Id": 3145361615}, "explain_analyze_plan": null}, "(64, 92)": {"explain_plan": {"Plan": {"Node Type": "Aggregate", "Strategy": "Plain", "Startup Cost": 1390715.67, "Total Cost": 1390715.68, "Plan Rows": 1, "Plan Width": 97, "Plans": [{"Node Type": "Merge Join", "Parent Relationship": "Outer", "Join Type": "Inner", "Startup Cost": 1373699.77, "Total Cost": 1385868.61, "Plan Rows": 969413, "Plan Width": 33, "Inner Unique": false, "Merge Cond": "(ct.id = mc.company_type_id)", "Plans": [{"Node Type": "Sort", "Parent Relationship": "Outer", "Startup Cost": 1.05, "Total Cost": 1.06, "Plan Rows": 3, "Plan Width": 4, "Sort Key": ["ct.id"], "Plans": [{"Node Type": "Seq Scan", "Parent Relationship": "Outer", "Relation Name": "company_type", "Alias": "ct", "Startup Cost": 0.0, "Total Cost": 1.03, "Plan Rows": 3, "Plan Width": 4}]}, {"Node Type": "Sort", "Parent Relationship": "Inner", "Startup Cost": 1371326.34, "Total Cost": 1373749.88, "Plan Rows": 969413, "Plan Width": 37, "Sort Key": ["mc.company_type_id"], "Plans": [{"Node Type": "Merge Join", "Parent Relationship": "Outer", "Join Type": "Inner", "Startup Cost": 1125905.51, "Total Cost": 1274933.97, "Plan Rows": 969413, "Plan Width": 37, "Inner Unique": true, "Merge Cond": "(mc.movie_id = t.id)", "Plans": [{"Node Type": "Merge Join", "Parent Relationship": "Outer", "Join Type": "Inner", "Startup Cost": 1125902.88, "Total Cost": 1142792.92, "Plan Rows": 699731, "Plan Width": 28, "Inner Unique": false, "Merge Cond": "(ci.movie_id = mc.movie_id)", "Plans": [{"Node Type": "Sort", "Parent Relationship": "Outer", "Startup Cost": 842076.6, "Total Cost": 843817.43, "Plan Rows": 696330, "Plan Width": 20, "Sort Key": ["ci.movie_id"], "Plans": [{"Node Type": "Merge Join", "Parent Relationship": "Outer", "Join Type": "Inner", "Startup Cost": 764054.82, "Total Cost": 774499.83, "Plan Rows": 696330, "Plan Width": 20, "Inner Unique": false, "Merge Cond": "(rt.id = ci.role_id)", "Plans": [{"Node Type": "Sort", "Parent Relationship": "Outer", "Startup Cost": 1.34, "Total Cost": 1.37, "Plan Rows": 12, "Plan Width": 4, "Sort Key": ["rt.id"], "Plans": [{"Node Type": "Seq Scan", "Parent Relationship": "Outer", "Relation Name": "role_type", "Alias": "rt", "Startup Cost": 0.0, "Total Cost": 1.12, "Plan Rows": 12, "Plan Width": 4}]}, {"Node Type": "Sort", "Parent Relationship": "Inner", "Startup Cost": 764053.49, "Total Cost": 765794.31, "Plan Rows": 696330, "Plan Width": 24, "Sort Key": ["ci.role_id"], "Plans": [{"Node Type": "Nested Loop", "Parent Relationship": "Outer", "Join Type": "Inner", "Startup Cost": 0.0, "Total Cost": 696476.71, "Plan Rows": 696330, "Plan Width": 24, "Inner Unique": true, "Plans": [{"Node Type": "Streaming(type: LOCAL GATHER dop: 1/64)", "Parent Relationship": "Outer", "Startup Cost": 0.0, "Total Cost": 103453.99, "Plan Rows": 1436424, "Plan Width": 12, "Plans": [{"Node Type": "Seq Scan", "Parent Relationship": "Outer", "Relation Name": "cast_info", "Alias": "ci", "Startup Cost": 0.0, "Total Cost": 73820.73, "Plan Rows": 1436424, "Plan Width": 12, "Filter": "((note)::text ~~ '%(producer)%'::text), (LLVM Optimized)"}]}, {"Node Type": "Index Scan", "Parent Relationship": "Inner", "Scan Direction": "Forward", "Index Name": "char_name_pkey", "Relation Name": "char_name", "Alias": "chn", "Startup Cost": 0.0, "Total Cost": 0.4, "Plan Rows": 1, "Plan Width": 20, "Index Cond": "(id = ci.person_role_id)"}]}]}]}]}, {"Node Type": "Sort", "Parent Relationship": "Inner", "Startup Cost": 283826.21, "Total Cost": 287031.99, "Plan Rows": 1282311, "Plan Width": 8, "Sort Key": ["mc.movie_id"], "Plans": [{"Node Type": "Merge Join", "Parent Relationship": "Outer", "Join Type": "Inner", "Startup Cost": 3383.04, "Total Cost": 153733.74, "Plan Rows": 1282311, "Plan Width": 8, "Inner Unique": false, "Merge Cond": "(cn.id = mc.company_id)", "Plans": [{"Node Type": "Index Scan", "Parent Relationship": "Outer", "Scan Direction": "Forward", "Index Name": "company_name_pkey", "Relation Name": "company_name", "Alias": "cn", "Startup Cost": 0.0, "Total Cost": 10501.39, "Plan Rows": 85170, "Plan Width": 4, "Filter": "((country_code)::text = '[us]'::text)"}, {"Node Type": "Index Scan", "Parent Relationship": "Inner", "Scan Direction": "Forward", "Index Name": "company_id_movie_companies", "Relation Name": "movie_companies", "Alias": "mc", "Startup Cost": 0.0, "Total Cost": 123673.5, "Plan Rows": 2609128, "Plan Width": 12}]}]}]}, {"Node Type": "Index Scan", "Parent Relationship": "Inner", "Scan Direction": "Forward", "Index Name": "title_pkey", "Relation Name": "title", "Alias": "t", "Startup Cost": 0.0, "Total Cost": 116441.27, "Plan Rows": 1748840, "Plan Width": 21, "Filter": "(production_year > 1990), (LLVM Optimized)"}]}]}]}]}, "Unique SQL Id": 3145361615}, "explain_analyze_plan": null}, "(64, 93)": {"explain_plan": {"Plan": {"Node Type": "Aggregate", "Strategy": "Plain", "Startup Cost": 1821121.79, "Total Cost": 1821121.8, "Plan Rows": 1, "Plan Width": 97, "Plans": [{"Node Type": "Merge Join", "Parent Relationship": "Outer", "Join Type": "Inner", "Startup Cost": 1804093.6, "Total Cost": 1816274.73, "Plan Rows": 969413, "Plan Width": 33, "Inner Unique": false, "Merge Cond": "(ct.id = mc.company_type_id)", "Plans": [{"Node Type": "Index Scan", "Parent Relationship": "Outer", "Scan Direction": "Forward", "Index Name": "company_type_pkey", "Relation Name": "company_type", "Alias": "ct", "Startup Cost": 0.0, "Total Cost": 12.29, "Plan Rows": 3, "Plan Width": 4}, {"Node Type": "Sort", "Parent Relationship": "Inner", "Startup Cost": 1801721.23, "Total Cost": 1804144.76, "Plan Rows": 969413, "Plan Width": 37, "Sort Key": ["mc.company_type_id"], "Plans": [{"Node Type": "Merge Join", "Parent Relationship": "Outer", "Join Type": "Inner", "Startup Cost": 1556300.39, "Total Cost": 1705328.85, "Plan Rows": 969413, "Plan Width": 37, "Inner Unique": true, "Merge Cond": "(mc.movie_id = t.id)", "Plans": [{"Node Type": "Merge Join", "Parent Relationship": "Outer", "Join Type": "Inner", "Startup Cost": 1556297.77, "Total Cost": 1573187.81, "Plan Rows": 699731, "Plan Width": 28, "Inner Unique": false, "Merge Cond": "(ci.movie_id = mc.movie_id)", "Plans": [{"Node Type": "Sort", "Parent Relationship": "Outer", "Startup Cost": 1272471.49, "Total Cost": 1274212.32, "Plan Rows": 696330, "Plan Width": 20, "Sort Key": ["ci.movie_id"], "Plans": [{"Node Type": "Merge Join", "Parent Relationship": "Outer", "Join Type": "Inner", "Startup Cost": 1194438.34, "Total Cost": 1204894.71, "Plan Rows": 696330, "Plan Width": 20, "Inner Unique": false, "Merge Cond": "(rt.id = ci.role_id)", "Plans": [{"Node Type": "Index Scan", "Parent Relationship": "Outer", "Scan Direction": "Forward", "Index Name": "role_type_pkey", "Relation Name": "role_type", "Alias": "rt", "Startup Cost": 0.0, "Total Cost": 12.43, "Plan Rows": 12, "Plan Width": 4}, {"Node Type": "Sort", "Parent Relationship": "Inner", "Startup Cost": 1194438.34, "Total Cost": 1196179.17, "Plan Rows": 696330, "Plan Width": 24, "Sort Key": ["ci.role_id"], "Plans": [{"Node Type": "Merge Join", "Parent Relationship": "Outer", "Join Type": "Inner", "Startup Cost": 80674.47, "Total Cost": 1126861.56, "Plan Rows": 696330, "Plan Width": 24, "Inner Unique": false, "Merge Cond": "(chn.id = ci.person_role_id)", "Plans": [{"Node Type": "Index Scan", "Parent Relationship": "Outer", "Scan Direction": "Forward", "Index Name": "char_name_pkey", "Relation Name": "char_name", "Alias": "chn", "Startup Cost": 0.0, "Total Cost": 129875.46, "Plan Rows": 3140338, "Plan Width": 20}, {"Node Type": "Index Scan", "Parent Relationship": "Inner", "Scan Direction": "Forward", "Index Name": "person_role_id_cast_info", "Relation Name": "cast_info", "Alias": "ci", "Startup Cost": 0.0, "Total Cost": 2022508.08, "Plan Rows": 1436424, "Plan Width": 12, "Filter": "((note)::text ~~ '%(producer)%'::text), (LLVM Optimized)"}]}]}]}]}, {"Node Type": "Sort", "Parent Relationship": "Inner", "Startup Cost": 283826.21, "Total Cost": 287031.99, "Plan Rows": 1282311, "Plan Width": 8, "Sort Key": ["mc.movie_id"], "Plans": [{"Node Type": "Merge Join", "Parent Relationship": "Outer", "Join Type": "Inner", "Startup Cost": 3383.04, "Total Cost": 153733.74, "Plan Rows": 1282311, "Plan Width": 8, "Inner Unique": false, "Merge Cond": "(cn.id = mc.company_id)", "Plans": [{"Node Type": "Index Scan", "Parent Relationship": "Outer", "Scan Direction": "Forward", "Index Name": "company_name_pkey", "Relation Name": "company_name", "Alias": "cn", "Startup Cost": 0.0, "Total Cost": 10501.39, "Plan Rows": 85170, "Plan Width": 4, "Filter": "((country_code)::text = '[us]'::text)"}, {"Node Type": "Index Scan", "Parent Relationship": "Inner", "Scan Direction": "Forward", "Index Name": "company_id_movie_companies", "Relation Name": "movie_companies", "Alias": "mc", "Startup Cost": 0.0, "Total Cost": 123673.5, "Plan Rows": 2609128, "Plan Width": 12}]}]}]}, {"Node Type": "Index Scan", "Parent Relationship": "Inner", "Scan Direction": "Forward", "Index Name": "title_pkey", "Relation Name": "title", "Alias": "t", "Startup Cost": 0.0, "Total Cost": 116441.27, "Plan Rows": 1748840, "Plan Width": 21, "Filter": "(production_year > 1990), (LLVM Optimized)"}]}]}]}]}, "Unique SQL Id": 3145361615}, "explain_analyze_plan": null}, "(64, 94)": {"explain_plan": {"Plan": {"Node Type": "Aggregate", "Strategy": "Plain", "Startup Cost": 12102755310411.89, "Total Cost": 12102755310411.91, "Plan Rows": 1, "Plan Width": 97, "Plans": [{"Node Type": "Streaming(type: LOCAL GATHER dop: 1/64)", "Parent Relationship": "Outer", "Startup Cost": 12102755310411.89, "Total Cost": 12102755310411.91, "Plan Rows": 1, "Plan Width": 97, "Plans": [{"Node Type": "Aggregate", "Strategy": "Plain", "Parent Relationship": "Outer", "Startup Cost": 12102755310411.89, "Total Cost": 12102755310411.9, "Plan Rows": 1, "Plan Width": 97, "Plans": [{"Node Type": "Nested Loop", "Parent Relationship": "Outer", "Join Type": "Inner", "Startup Cost": 40000492291.14, "Total Cost": 12102755305564.82, "Plan Rows": 969413, "Plan Width": 33, "Inner Unique": false, "Join Filter": "(ci.movie_id = t.id), (LLVM Optimized)", "Plans": [{"Node Type": "Streaming(type: LOCAL REDISTRIBUTE dop: 64/64)", "Parent Relationship": "Outer", "Startup Cost": 20000000000.0, "Total Cost": 1100181288399.58, "Plan Rows": 696330, "Plan Width": 20, "Plans": [{"Node Type": "Nested Loop", "Parent Relationship": "Outer", "Join Type": "Inner", "Startup Cost": 20000000000.0, "Total Cost": 1100181224739.97, "Plan Rows": 696330, "Plan Width": 20, "Inner Unique": false, "Join Filter": "(ci.person_role_id = chn.id), (LLVM Optimized)", "Plans": [{"Node Type": "Streaming(type: LOCAL REDISTRIBUTE dop: 64/64)", "Parent Relationship": "Outer", "Startup Cost": 0.0, "Total Cost": 130029.32, "Plan Rows": 3140338, "Plan Width": 20, "Plans": [{"Node Type": "Seq Scan", "Parent Relationship": "Outer", "Relation Name": "char_name", "Alias": "chn", "Startup Cost": 0.0, "Total Cost": 64054.58, "Plan Rows": 3140338, "Plan Width": 20}]}, {"Node Type": "Materialize", "Parent Relationship": "Inner", "Startup Cost": 10000000000.0, "Total Cost": 100001473249.55, "Plan Rows": 1436424, "Plan Width": 8, "Plans": [{"Node Type": "Streaming(type: LOCAL REDISTRIBUTE dop: 64/64)", "Parent Relationship": "Outer", "Startup Cost": 10000000000.0, "Total Cost": 100001473137.33, "Plan Rows": 1436424, "Plan Width": 8, "Plans": [{"Node Type": "Nested Loop", "Parent Relationship": "Outer", "Join Type": "Inner", "Startup Cost": 10000000000.0, "Total Cost": 100001408776.66, "Plan Rows": 1436424, "Plan Width": 8, "Inner Unique": true, "Join Filter": "(ci.role_id = rt.id), (LLVM Optimized)", "Plans": [{"Node Type": "Seq Scan", "Parent Relationship": "Outer", "Relation Name": "cast_info", "Alias": "ci", "Startup Cost": 0.0, "Total Cost": 73820.73, "Plan Rows": 1436424, "Plan Width": 12, "Filter": "((note)::text ~~ '%(producer)%'::text), (LLVM Optimized)"}, {"Node Type": "Materialize", "Parent Relationship": "Inner", "Startup Cost": 0.0, "Total Cost": 63017.02, "Plan Rows": 768, "Plan Width": 4, "Plans": [{"Node Type": "Streaming(type: BROADCAST dop: 64/1)", "Parent Relationship": "Outer", "Startup Cost": 0.0, "Total Cost": 63016.96, "Plan Rows": 768, "Plan Width": 4, "Plans": [{"Node Type": "Seq Scan", "Parent Relationship": "Outer", "Relation Name": "role_type", "Alias": "rt", "Startup Cost": 0.0, "Total Cost": 1.12, "Plan Rows": 12, "Plan Width": 4}]}]}]}]}]}]}]}, {"Node Type": "Materialize", "Parent Relationship": "Inner", "Startup Cost": 10000492291.14, "Total Cost": 100089712022.49, "Plan Rows": 1776525, "Plan Width": 25, "Plans": [{"Node Type": "Streaming(type: LOCAL REDISTRIBUTE dop: 64/64)", "Parent Relationship": "Outer", "Startup Cost": 10000492291.14, "Total Cost": 100089711883.7, "Plan Rows": 1776525, "Plan Width": 25, "Plans": [{"Node Type": "Nested Loop", "Parent Relationship": "Outer", "Join Type": "Inner", "Startup Cost": 10000492291.14, "Total Cost": 100089647200.86, "Plan Rows": 1776525, "Plan Width": 25, "Inner Unique": false, "Join Filter": "(mc.movie_id = t.id), (LLVM Optimized)", "Plans": [{"Node Type": "Streaming(type: LOCAL REDISTRIBUTE dop: 64/64)", "Parent Relationship": "Outer", "Startup Cost": 0.0, "Total Cost": 128693.96, "Plan Rows": 1748840, "Plan Width": 21, "Plans": [{"Node Type": "Seq Scan", "Parent Relationship": "Outer", "Relation Name": "title", "Alias": "t", "Startup Cost": 0.0, "Total Cost": 64037.34, "Plan Rows": 1748840, "Plan Width": 21, "Filter": "(production_year > 1990), (LLVM Optimized)"}]}, {"Node Type": "Materialize", "Parent Relationship": "Inner", "Startup Cost": 492291.14, "Total Cost": 623588.05, "Plan Rows": 1282311, "Plan Width": 4, "Plans": [{"Node Type": "Streaming(type: LOCAL REDISTRIBUTE dop: 64/1)", "Parent Relationship": "Outer", "Startup Cost": 492291.14, "Total Cost": 623487.87, "Plan Rows": 1282311, "Plan Width": 4, "Plans": [{"Node Type": "Merge Join", "Parent Relationship": "Outer", "Join Type": "Inner", "Startup Cost": 492291.14, "Total Cost": 508387.72, "Plan Rows": 1282311, "Plan Width": 4, "Inner Unique": false, "Merge Cond": "(ct.id = mc.company_type_id)", "Plans": [{"Node Type": "Sort", "Parent Relationship": "Outer", "Startup Cost": 1.05, "Total Cost": 1.06, "Plan Rows": 3, "Plan Width": 4, "Sort Key": ["ct.id"], "Plans": [{"Node Type": "Seq Scan", "Parent Relationship": "Outer", "Relation Name": "company_type", "Alias": "ct", "Startup Cost": 0.0, "Total Cost": 1.03, "Plan Rows": 3, "Plan Width": 4}]}, {"Node Type": "Sort", "Parent Relationship": "Inner", "Startup Cost": 489151.99, "Total Cost": 492357.77, "Plan Rows": 1282311, "Plan Width": 8, "Sort Key": ["mc.company_type_id"], "Plans": [{"Node Type": "Merge Join", "Parent Relationship": "Outer", "Join Type": "Inner", "Startup Cost": 333103.9, "Total Cost": 359059.52, "Plan Rows": 1282311, "Plan Width": 8, "Inner Unique": false, "Merge Cond": "(cn.id = mc.company_id)", "Plans": [{"Node Type": "Sort", "Parent Relationship": "Outer", "Startup Cost": 12878.05, "Total Cost": 13090.97, "Plan Rows": 85170, "Plan Width": 4, "Sort Key": ["cn.id"], "Plans": [{"Node Type": "Seq Scan", "Parent Relationship": "Outer", "Relation Name": "company_name", "Alias": "cn", "Startup Cost": 0.0, "Total Cost": 5903.45, "Plan Rows": 85170, "Plan Width": 4, "Filter": "((country_code)::text = '[us]'::text)"}]}, {"Node Type": "Sort", "Parent Relationship": "Inner", "Startup Cost": 319886.87, "Total Cost": 326409.69, "Plan Rows": 2609128, "Plan Width": 12, "Sort Key": ["mc.company_id"], "Plans": [{"Node Type": "Seq Scan", "Parent Relationship": "Outer", "Relation Name": "movie_companies", "Alias": "mc", "Startup Cost": 0.0, "Total Cost": 41817.28, "Plan Rows": 2609128, "Plan Width": 12}]}]}]}]}]}]}]}]}]}]}]}]}]}, "Unique SQL Id": 3145361615}, "explain_analyze_plan": null}, "(64, 95)": {"explain_plan": {"Plan": {"Node Type": "Aggregate", "Strategy": "Plain", "Startup Cost": 6404836479187.1, "Total Cost": 6404836479187.11, "Plan Rows": 1, "Plan Width": 97, "Plans": [{"Node Type": "Merge Join", "Parent Relationship": "Outer", "Join Type": "Inner", "Startup Cost": 5414836460941.71, "Total Cost": 6404836474340.04, "Plan Rows": 969413, "Plan Width": 33, "Inner Unique": false, "Merge Cond": "(ct.id = mc.company_type_id)", "Plans": [{"Node Type": "Index Scan", "Parent Relationship": "Outer", "Scan Direction": "Forward", "Index Name": "company_type_pkey", "Relation Name": "company_type", "Alias": "ct", "Startup Cost": 10000000000.0, "Total Cost": 1000000001229.5, "Plan Rows": 3, "Plan Width": 4}, {"Node Type": "Sort", "Parent Relationship": "Inner", "Startup Cost": 5404836458569.34, "Total Cost": 5404836460992.87, "Plan Rows": 969413, "Plan Width": 37, "Sort Key": ["mc.company_type_id"], "Plans": [{"Node Type": "Merge Join", "Parent Relationship": "Outer", "Join Type": "Inner", "Startup Cost": 4414835292524.82, "Total Cost": 5404836362176.96, "Plan Rows": 969413, "Plan Width": 37, "Inner Unique": false, "Merge Cond": "(cn.id = mc.company_id)", "Plans": [{"Node Type": "Index Scan", "Parent Relationship": "Outer", "Scan Direction": "Forward", "Index Name": "company_name_pkey", "Relation Name": "company_name", "Alias": "cn", "Startup Cost": 10000000000.0, "Total Cost": 1000001050138.97, "Plan Rows": 85170, "Plan Width": 4, "Filter": "((country_code)::text = '[us]'::text)"}, {"Node Type": "Sort", "Parent Relationship": "Inner", "Startup Cost": 4404835292268.56, "Total Cost": 4404835297199.74, "Plan Rows": 1972473, "Plan Width": 41, "Sort Key": ["mc.company_id"], "Plans": [{"Node Type": "Merge Join", "Parent Relationship": "Outer", "Join Type": "Inner", "Startup Cost": 2427545175743.56, "Total Cost": 4404835086030.98, "Plan Rows": 1972473, "Plan Width": 41, "Inner Unique": false, "Merge Cond": "(t.id = ci.movie_id)", "Plans": [{"Node Type": "Merge Join", "Parent Relationship": "Outer", "Join Type": "Inner", "Startup Cost": 20021511654.95, "Total Cost": 1999075977462.98, "Plan Rows": 3614708, "Plan Width": 33, "Inner Unique": false, "Merge Cond": "(t.id = mc.movie_id)", "Plans": [{"Node Type": "Index Scan", "Parent Relationship": "Outer", "Scan Direction": "Forward", "Index Name": "title_pkey", "Relation Name": "title", "Alias": "t", "Startup Cost": 10000000000.0, "Total Cost": 1000011644126.66, "Plan Rows": 1748840, "Plan Width": 21, "Filter": "(production_year > 1990), (LLVM Optimized)"}, {"Node Type": "Materialize", "Parent Relationship": "Inner", "Startup Cost": 10000000000.0, "Total Cost": 1000013058468.95, "Plan Rows": 2609128, "Plan Width": 12, "Plans": [{"Node Type": "Index Scan", "Parent Relationship": "Outer", "Scan Direction": "Forward", "Index Name": "movie_id_movie_companies", "Relation Name": "movie_companies", "Alias": "mc", "Startup Cost": 10000000000.0, "Total Cost": 1000013051946.13, "Plan Rows": 2609128, "Plan Width": 12}]}]}, {"Node Type": "Sort", "Parent Relationship": "Inner", "Startup Cost": 2407523664088.58, "Total Cost": 2407523665829.4, "Plan Rows": 696330, "Plan Width": 20, "Sort Key": ["ci.movie_id"], "Plans": [{"Node Type": "Merge Join", "Parent Relationship": "Outer", "Join Type": "Inner", "Startup Cost": 1500023584927.4, "Total Cost": 2407523596511.8, "Plan Rows": 696330, "Plan Width": 20, "Inner Unique": false, "Merge Cond": "(rt.id = ci.role_id)", "Plans": [{"Node Type": "Index Scan", "Parent Relationship": "Outer", "Scan Direction": "Forward", "Index Name": "role_type_pkey", "Relation Name": "role_type", "Alias": "rt", "Startup Cost": 10000000000.0, "Total Cost": 1000000001243.0, "Plan Rows": 12, "Plan Width": 4}, {"Node Type": "Sort", "Parent Relationship": "Inner", "Startup Cost": 1490023584927.4, "Total Cost": 1490023586668.23, "Plan Rows": 696330, "Plan Width": 24, "Sort Key": ["ci.role_id"], "Plans": [{"Node Type": "Merge Join", "Parent Relationship": "Outer", "Join Type": "Inner", "Startup Cost": 59427507435.38, "Total Cost": 1490023517350.63, "Plan Rows": 696330, "Plan Width": 24, "Inner Unique": false, "Merge Cond": "(chn.id = ci.person_role_id)", "Plans": [{"Node Type": "Index Scan", "Parent Relationship": "Outer", "Scan Direction": "Forward", "Index Name": "char_name_pkey", "Relation Name": "char_name", "Alias": "chn", "Startup Cost": 10000000000.0, "Total Cost": 1000012987545.51, "Plan Rows": 3140338, "Plan Width": 20}, {"Node Type": "Index Scan", "Parent Relationship": "Inner", "Scan Direction": "Forward", "Index Name": "person_role_id_cast_info", "Relation Name": "cast_info", "Alias": "ci", "Startup Cost": 10000000000.0, "Total Cost": 1000202250807.98, "Plan Rows": 1436424, "Plan Width": 12, "Filter": "((note)::text ~~ '%(producer)%'::text), (LLVM Optimized)"}]}]}]}]}]}]}]}]}]}]}, "Unique SQL Id": 3145361615}, "explain_analyze_plan": null}, "(64, 96)": {"explain_plan": {"Plan": {"Node Type": "Aggregate", "Strategy": "Plain", "Startup Cost": 515623.68, "Total Cost": 515623.69, "Plan Rows": 1, "Plan Width": 97, "Plans": [{"Node Type": "Hash Join", "Parent Relationship": "Outer", "Join Type": "Inner", "Startup Cost": 405190.17, "Total Cost": 510776.61, "Plan Rows": 969413, "Plan Width": 33, "Inner Unique": true, "Hash Cond": "(mc.company_type_id = ct.id), (LLVM Optimized)", "Plans": [{"Node Type": "Hash Join", "Parent Relationship": "Outer", "Join Type": "Inner", "Startup Cost": 405189.1, "Total Cost": 497446.12, "Plan Rows": 969413, "Plan Width": 37, "Inner Unique": true, "Hash Cond": "(ci.role_id = rt.id), (LLVM Optimized)", "Plans": [{"Node Type": "Hash Join", "Parent Relationship": "Outer", "Join Type": "Inner", "Startup Cost": 405188.67, "Total Cost": 484116.26, "Plan Rows": 969413, "Plan Width": 41, "Inner Unique": false, "Hash Cond": "(mc.movie_id = t.id), (LLVM Optimized)", "Plans": [{"Node Type": "Hash Join", "Parent Relationship": "Outer", "Join Type": "Inner", "Startup Cost": 6968.08, "Total Cost": 71392.69, "Plan Rows": 1282311, "Plan Width": 8, "Inner Unique": true, "Hash Cond": "(mc.company_id = cn.id), (LLVM Optimized)", "Plans": [{"Node Type": "Seq Scan", "Parent Relationship": "Outer", "Relation Name": "movie_companies", "Alias": "mc", "Startup Cost": 0.0, "Total Cost": 41817.28, "Plan Rows": 2609128, "Plan Width": 12}, {"Node Type": "Hash", "Parent Relationship": "Inner", "Startup Cost": 5903.45, "Total Cost": 5903.45, "Plan Rows": 85170, "Plan Width": 4, "Plans": [{"Node Type": "Seq Scan", "Parent Relationship": "Outer", "Relation Name": "company_name", "Alias": "cn", "Startup Cost": 0.0, "Total Cost": 5903.45, "Plan Rows": 85170, "Plan Width": 4, "Filter": "((country_code)::text = '[us]'::text)"}]}]}, {"Node Type": "Hash", "Parent Relationship": "Inner", "Startup Cost": 386291.56, "Total Cost": 386291.56, "Plan Rows": 954323, "Plan Width": 45, "Plans": [{"Node Type": "Streaming(type: LOCAL GATHER dop: 1/64)", "Parent Relationship": "Outer", "Startup Cost": 162901.55, "Total Cost": 386291.56, "Plan Rows": 954323, "Plan Width": 45, "Plans": [{"Node Type": "Hash Join", "Parent Relationship": "Outer", "Join Type": "Inner", "Startup Cost": 162901.55, "Total Cost": 366603.99, "Plan Rows": 954323, "Plan Width": 45, "Inner Unique": true, "Hash Cond": "(ci.person_role_id = chn.id), (LLVM Optimized)", "Plans": [{"Node Type": "Streaming(type: LOCAL REDISTRIBUTE dop: 64/64)", "Parent Relationship": "Outer", "Startup Cost": 129035.53, "Total Cost": 332473.51, "Plan Rows": 1968625, "Plan Width": 33, "Plans": [{"Node Type": "Hash Join", "Parent Relationship": "Outer", "Join Type": "Inner", "Startup Cost": 129035.53, "Total Cost": 267608.7, "Plan Rows": 1968625, "Plan Width": 33, "Inner Unique": true, "Hash Cond": "(ci.movie_id = t.id), (LLVM Optimized)", "Plans": [{"Node Type": "Streaming(type: LOCAL REDISTRIBUTE dop: 64/64)", "Parent Relationship": "Outer", "Startup Cost": 0.0, "Total Cost": 138181.4, "Plan Rows": 1436424, "Plan Width": 12, "Plans": [{"Node Type": "Seq Scan", "Parent Relationship": "Outer", "Relation Name": "cast_info", "Alias": "ci", "Startup Cost": 0.0, "Total Cost": 73820.73, "Plan Rows": 1436424, "Plan Width": 12, "Filter": "((note)::text ~~ '%(producer)%'::text), (LLVM Optimized)"}]}, {"Node Type": "Hash", "Parent Relationship": "Inner", "Startup Cost": 128693.96, "Total Cost": 128693.96, "Plan Rows": 1748840, "Plan Width": 21, "Plans": [{"Node Type": "Streaming(type: LOCAL REDISTRIBUTE dop: 64/64)", "Parent Relationship": "Outer", "Startup Cost": 0.0, "Total Cost": 128693.96, "Plan Rows": 1748840, "Plan Width": 21, "Plans": [{"Node Type": "Seq Scan", "Parent Relationship": "Outer", "Relation Name": "title", "Alias": "t", "Startup Cost": 0.0, "Total Cost": 64037.34, "Plan Rows": 1748840, "Plan Width": 21, "Filter": "(production_year > 1990), (LLVM Optimized)"}]}]}]}]}, {"Node Type": "Hash", "Parent Relationship": "Inner", "Startup Cost": 130029.32, "Total Cost": 130029.32, "Plan Rows": 3140338, "Plan Width": 20, "Plans": [{"Node Type": "Streaming(type: LOCAL REDISTRIBUTE dop: 64/64)", "Parent Relationship": "Outer", "Startup Cost": 0.0, "Total Cost": 130029.32, "Plan Rows": 3140338, "Plan Width": 20, "Plans": [{"Node Type": "Seq Scan", "Parent Relationship": "Outer", "Relation Name": "char_name", "Alias": "chn", "Startup Cost": 0.0, "Total Cost": 64054.58, "Plan Rows": 3140338, "Plan Width": 20}]}]}]}]}]}]}, {"Node Type": "Hash", "Parent Relationship": "Inner", "Startup Cost": 1.12, "Total Cost": 1.12, "Plan Rows": 12, "Plan Width": 4, "Plans": [{"Node Type": "Seq Scan", "Parent Relationship": "Outer", "Relation Name": "role_type", "Alias": "rt", "Startup Cost": 0.0, "Total Cost": 1.12, "Plan Rows": 12, "Plan Width": 4}]}]}, {"Node Type": "Hash", "Parent Relationship": "Inner", "Startup Cost": 1.03, "Total Cost": 1.03, "Plan Rows": 3, "Plan Width": 4, "Plans": [{"Node Type": "Seq Scan", "Parent Relationship": "Outer", "Relation Name": "company_type", "Alias": "ct", "Startup Cost": 0.0, "Total Cost": 1.03, "Plan Rows": 3, "Plan Width": 4}]}]}]}, "Unique SQL Id": 3145361615}, "explain_analyze_plan": {"Plan": {"Node Type": "Aggregate", "Strategy": "Plain", "Startup Cost": 515623.68, "Total Cost": 515623.69, "Plan Rows": 1, "Plan Width": 97, "Actual Min Startup Time": 3512.81, "Actual Max Startup Time": 3512.81, "Actual Min Total Time": 3512.81, "Actual Max Total Time": 3512.81, "Actual Total Rows": 1, "Plans": [{"Node Type": "Hash Join", "Parent Relationship": "Outer", "Join Type": "Inner", "Startup Cost": 405190.17, "Total Cost": 510776.61, "Plan Rows": 969413, "Plan Width": 33, "Actual Min Startup Time": 3150.989, "Actual Max Startup Time": 3150.989, "Actual Min Total Time": 3512.763, "Actual Max Total Time": 3512.763, "Actual Total Rows": 4, "Inner Unique": true, "Hash Cond": "(mc.company_type_id = ct.id), (LLVM Optimized, Jit Execute)", "Plans": [{"Node Type": "Hash Join", "Parent Relationship": "Outer", "Join Type": "Inner", "Startup Cost": 405189.1, "Total Cost": 497446.12, "Plan Rows": 969413, "Plan Width": 37, "Actual Min Startup Time": 2306.919, "Actual Max Startup Time": 2306.919, "Actual Min Total Time": 3512.569, "Actual Max Total Time": 3512.569, "Actual Total Rows": 10, "Inner Unique": true, "Hash Cond": "(ci.role_id = rt.id), (LLVM Optimized, Jit Execute)", "Plans": [{"Node Type": "Hash Join", "Parent Relationship": "Outer", "Join Type": "Inner", "Startup Cost": 405188.67, "Total Cost": 484116.26, "Plan Rows": 969413, "Plan Width": 41, "Actual Min Startup Time": 2306.816, "Actual Max Startup Time": 2306.816, "Actual Min Total Time": 3512.299, "Actual Max Total Time": 3512.299, "Actual Total Rows": 10, "Inner Unique": false, "Hash Cond": "(mc.movie_id = t.id), (LLVM Optimized, Jit Execute)", "Plans": [{"Node Type": "Hash Join", "Parent Relationship": "Outer", "Join Type": "Inner", "Startup Cost": 6968.08, "Total Cost": 71392.69, "Plan Rows": 1282311, "Plan Width": 8, "Actual Min Startup Time": 121.767, "Actual Max Startup Time": 121.767, "Actual Min Total Time": 1517.199, "Actual Max Total Time": 1517.199, "Actual Total Rows": 1153797, "Inner Unique": true, "Hash Cond": "(mc.company_id = cn.id), (LLVM Optimized, Jit Execute)", "Plans": [{"Node Type": "Seq Scan", "Parent Relationship": "Outer", "Relation Name": "movie_companies", "Alias": "mc", "Startup Cost": 0.0, "Total Cost": 41817.28, "Plan Rows": 2609128, "Plan Width": 12, "Actual Min Startup Time": 0.051, "Actual Max Startup Time": 0.051, "Actual Min Total Time": 586.979, "Actual Max Total Time": 586.979, "Actual Total Rows": 2609128}, {"Node Type": "Hash", "Parent Relationship": "Inner", "Startup Cost": 5903.45, "Total Cost": 5903.45, "Plan Rows": 85170, "Plan Width": 4, "Actual Min Startup Time": 121.51, "Actual Max Startup Time": 121.51, "Actual Min Total Time": 121.51, "Actual Max Total Time": 121.51, "Actual Total Rows": 84843, "Max Hash Buckets": 131072, "Min Hash Buckets": 131072, "Max Hash Batches": 1, "Min Hash Batches": 1, "Max Original Hash Batches": 1, "Min Original Hash Batches": 1, "Max Peak Memory Usage": 2983, "min Peak Memory Usage": 2983, "Plans": [{"Node Type": "Seq Scan", "Parent Relationship": "Outer", "Relation Name": "company_name", "Alias": "cn", "Startup Cost": 0.0, "Total Cost": 5903.45, "Plan Rows": 85170, "Plan Width": 4, "Actual Min Startup Time": 0.037, "Actual Max Startup Time": 0.037, "Actual Min Total Time": 93.104, "Actual Max Total Time": 93.104, "Actual Total Rows": 84843, "Filter": "((country_code)::text = '[us]'::text)", "Rows Removed by Filter": 150153}]}]}, {"Node Type": "Hash", "Parent Relationship": "Inner", "Startup Cost": 386291.56, "Total Cost": 386291.56, "Plan Rows": 954323, "Plan Width": 45, "Actual Min Startup Time": 1772.978, "Actual Max Startup Time": 1772.978, "Actual Min Total Time": 1772.978, "Actual Max Total Time": 1772.978, "Actual Total Rows": 12, "Max Hash Buckets": 1048576, "Min Hash Buckets": 1048576, "Max Hash Batches": 1, "Min Hash Batches": 1, "Max Original Hash Batches": 1, "Min Original Hash Batches": 1, "Max Peak Memory Usage": 1, "min Peak Memory Usage": 1, "Plans": [{"Node Type": "Streaming(type: LOCAL GATHER dop: 1/64)", "Parent Relationship": "Outer", "Startup Cost": 162901.55, "Total Cost": 386291.56, "Plan Rows": 954323, "Plan Width": 45, "Actual Min Startup Time": 1770.895, "Actual Max Startup Time": 1770.895, "Actual Min Total Time": 1772.939, "Actual Max Total Time": 1772.939, "Actual Total Rows": 12, "Plans": [{"Node Type": "Hash Join", "Parent Relationship": "Outer", "Join Type": "Inner", "Startup Cost": 162901.55, "Total Cost": 366603.99, "Plan Rows": 954323, "Plan Width": 45, "Actual Min Startup Time": 1051.258, "Actual Max Startup Time": 1368.871, "Actual Min Total Time": 1051.258, "Actual Max Total Time": 1368.871, "Actual Total Rows": 12, "Inner Unique": true, "Hash Cond": "(ci.person_role_id = chn.id), (LLVM Optimized, Jit Execute)", "Plans": [{"Node Type": "Streaming(type: LOCAL REDISTRIBUTE dop: 64/64)", "Parent Relationship": "Outer", "Startup Cost": 129035.53, "Total Cost": 332473.51, "Plan Rows": 1968625, "Plan Width": 33, "Actual Min Startup Time": 0.324, "Actual Max Startup Time": 772.355, "Actual Min Total Time": 652.101, "Actual Max Total Time": 772.355, "Actual Total Rows": 1071330, "Plans": [{"Node Type": "Hash Join", "Parent Relationship": "Outer", "Join Type": "Inner", "Startup Cost": 129035.53, "Total Cost": 267608.7, "Plan Rows": 1968625, "Plan Width": 33, "Actual Min Startup Time": 216.428, "Actual Max Startup Time": 564.106, "Actual Min Total Time": 457.061, "Actual Max Total Time": 893.331, "Actual Total Rows": 1071330, "Inner Unique": true, "Hash Cond": "(ci.movie_id = t.id), (LLVM Optimized, Jit Execute)", "Plans": [{"Node Type": "Streaming(type: LOCAL REDISTRIBUTE dop: 64/64)", "Parent Relationship": "Outer", "Startup Cost": 0.0, "Total Cost": 138181.4, "Plan Rows": 1436424, "Plan Width": 12, "Actual Min Startup Time": 0.224, "Actual Max Startup Time": 65.822, "Actual Min Total Time": 189.689, "Actual Max Total Time": 355.253, "Actual Total Rows": 1435439, "Plans": [{"Node Type": "Seq Scan", "Parent Relationship": "Outer", "Relation Name": "cast_info", "Alias": "ci", "Startup Cost": 0.0, "Total Cost": 73820.73, "Plan Rows": 1436424, "Plan Width": 12, "Actual Min Startup Time": 14.06, "Actual Max Startup Time": 104.928, "Actual Min Total Time": 178.13, "Actual Max Total Time": 267.3, "Actual Total Rows": 1435439, "Filter": "((note)::text ~~ '%(producer)%'::text), (LLVM Optimized, Jit Execute)", "Rows Removed by Filter": 34808904}]}, {"Node Type": "Hash", "Parent Relationship": "Inner", "Startup Cost": 128693.96, "Total Cost": 128693.96, "Plan Rows": 1748840, "Plan Width": 21, "Actual Min Startup Time": 215.79, "Actual Max Startup Time": 563.556, "Actual Min Total Time": 215.79, "Actual Max Total Time": 563.556, "Actual Total Rows": 1749032, "Max Hash Buckets": 32768, "Min Hash Buckets": 32768, "Max Hash Batches": 1, "Min Hash Batches": 1, "Max Original Hash Batches": 1, "Min Original Hash Batches": 1, "Max Peak Memory Usage": 1467, "min Peak Memory Usage": 1467, "Plans": [{"Node Type": "Streaming(type: LOCAL REDISTRIBUTE dop: 64/64)", "Parent Relationship": "Outer", "Startup Cost": 0.0, "Total Cost": 128693.96, "Plan Rows": 1748840, "Plan Width": 21, "Actual Min Startup Time": 0.129, "Actual Max Startup Time": 217.095, "Actual Min Total Time": 175.094, "Actual Max Total Time": 547.198, "Actual Total Rows": 1749032, "Plans": [{"Node Type": "Seq Scan", "Parent Relationship": "Outer", "Relation Name": "title", "Alias": "t", "Startup Cost": 0.0, "Total Cost": 64037.34, "Plan Rows": 1748840, "Plan Width": 21, "Actual Min Startup Time": 0.033, "Actual Max Startup Time": 0.11, "Actual Min Total Time": 17.019, "Actual Max Total Time": 53.031, "Actual Total Rows": 1749032, "Filter": "(production_year > 1990), (LLVM Optimized, Jit Execute)", "Rows Removed by Filter": 779279}]}]}]}]}, {"Node Type": "Hash", "Parent Relationship": "Inner", "Startup Cost": 130029.32, "Total Cost": 130029.32, "Plan Rows": 3140338, "Plan Width": 20, "Actual Min Startup Time": 278.829, "Actual Max Startup Time": 596.445, "Actual Min Total Time": 278.829, "Actual Max Total Time": 596.445, "Actual Total Rows": 3140338, "Max Hash Buckets": 65536, "Min Hash Buckets": 65536, "Max Hash Batches": 1, "Min Hash Batches": 1, "Max Original Hash Batches": 1, "Min Original Hash Batches": 1, "Max Peak Memory Usage": 2583, "min Peak Memory Usage": 2583, "Plans": [{"Node Type": "Streaming(type: LOCAL REDISTRIBUTE dop: 64/64)", "Parent Relationship": "Outer", "Startup Cost": 0.0, "Total Cost": 130029.32, "Plan Rows": 3140338, "Plan Width": 20, "Actual Min Startup Time": 0.123, "Actual Max Startup Time": 61.811, "Actual Min Total Time": 193.575, "Actual Max Total Time": 548.555, "Actual Total Rows": 3140338, "Plans": [{"Node Type": "Seq Scan", "Parent Relationship": "Outer", "Relation Name": "char_name", "Alias": "chn", "Startup Cost": 0.0, "Total Cost": 64054.58, "Plan Rows": 3140338, "Plan Width": 20, "Actual Min Startup Time": 0.02, "Actual Max Startup Time": 0.066, "Actual Min Total Time": 18.533, "Actual Max Total Time": 43.707, "Actual Total Rows": 3140338}]}]}]}]}]}]}, {"Node Type": "Hash", "Parent Relationship": "Inner", "Startup Cost": 1.12, "Total Cost": 1.12, "Plan Rows": 12, "Plan Width": 4, "Actual Min Startup Time": 0.02, "Actual Max Startup Time": 0.02, "Actual Min Total Time": 0.02, "Actual Max Total Time": 0.02, "Actual Total Rows": 12, "Max Hash Buckets": 32768, "Min Hash Buckets": 32768, "Max Hash Batches": 1, "Min Hash Batches": 1, "Max Original Hash Batches": 1, "Min Original Hash Batches": 1, "Max Peak Memory Usage": 1, "min Peak Memory Usage": 1, "Plans": [{"Node Type": "Seq Scan", "Parent Relationship": "Outer", "Relation Name": "role_type", "Alias": "rt", "Startup Cost": 0.0, "Total Cost": 1.12, "Plan Rows": 12, "Plan Width": 4, "Actual Min Startup Time": 0.011, "Actual Max Startup Time": 0.011, "Actual Min Total Time": 0.011, "Actual Max Total Time": 0.011, "Actual Total Rows": 12}]}]}, {"Node Type": "Hash", "Parent Relationship": "Inner", "Startup Cost": 1.03, "Total Cost": 1.03, "Plan Rows": 3, "Plan Width": 4, "Actual Min Startup Time": 0.056, "Actual Max Startup Time": 0.056, "Actual Min Total Time": 0.056, "Actual Max Total Time": 0.056, "Actual Total Rows": 3, "Max Hash Buckets": 32768, "Min Hash Buckets": 32768, "Max Hash Batches": 1, "Min Hash Batches": 1, "Max Original Hash Batches": 1, "Min Original Hash Batches": 1, "Max Peak Memory Usage": 1, "min Peak Memory Usage": 1, "Plans": [{"Node Type": "Seq Scan", "Parent Relationship": "Outer", "Relation Name": "company_type", "Alias": "ct", "Startup Cost": 0.0, "Total Cost": 1.03, "Plan Rows": 3, "Plan Width": 4, "Actual Min Startup Time": 0.027, "Actual Max Startup Time": 0.027, "Actual Min Total Time": 0.03, "Actual Max Total Time": 0.03, "Actual Total Rows": 3}]}]}]}, "Triggers": [], "Planner Runtime": 79.157, "Total Runtime": 3616.873, "Unique SQL Id": 3145361615}}, "(64, 97)": {"explain_plan": {"Plan": {"Node Type": "Aggregate", "Strategy": "Plain", "Startup Cost": 1608848.33, "Total Cost": 1608848.34, "Plan Rows": 1, "Plan Width": 97, "Plans": [{"Node Type": "Hash Join", "Parent Relationship": "Outer", "Join Type": "Inner", "Startup Cost": 477786.95, "Total Cost": 1604001.26, "Plan Rows": 969413, "Plan Width": 33, "Inner Unique": true, "Hash Cond": "(mc.company_type_id = ct.id), (LLVM Optimized)", "Plans": [{"Node Type": "Hash Join", "Parent Relationship": "Outer", "Join Type": "Inner", "Startup Cost": 477778.61, "Total Cost": 1590663.5, "Plan Rows": 969413, "Plan Width": 37, "Inner Unique": false, "Hash Cond": "(ci.movie_id = t.id), (LLVM Optimized)", "Plans": [{"Node Type": "Hash Join", "Parent Relationship": "Outer", "Join Type": "Inner", "Startup Cost": 169138.26, "Total Cost": 1269717.6, "Plan Rows": 696330, "Plan Width": 20, "Inner Unique": true, "Hash Cond": "(ci.role_id = rt.id), (LLVM Optimized)", "Plans": [{"Node Type": "Hash Join", "Parent Relationship": "Outer", "Join Type": "Inner", "Startup Cost": 169129.68, "Total Cost": 1260134.48, "Plan Rows": 696330, "Plan Width": 24, "Inner Unique": true, "Hash Cond": "(ci.person_role_id = chn.id), (LLVM Optimized)", "Plans": [{"Node Type": "Streaming(type: LOCAL GATHER dop: 1/64)", "Parent Relationship": "Outer", "Startup Cost": 0.0, "Total Cost": 1078654.91, "Plan Rows": 1436424, "Plan Width": 12, "Plans": [{"Node Type": "Index Scan", "Parent Relationship": "Outer", "Scan Direction": "Forward", "Index Name": "role_id_cast_info", "Relation Name": "cast_info", "Alias": "ci", "Startup Cost": 0.0, "Total Cost": 1049021.65, "Plan Rows": 1436424, "Plan Width": 12, "Filter": "((note)::text ~~ '%(producer)%'::text), (LLVM Optimized)"}]}, {"Node Type": "Hash", "Parent Relationship": "Inner", "Startup Cost": 129875.46, "Total Cost": 129875.46, "Plan Rows": 3140338, "Plan Width": 20, "Plans": [{"Node Type": "Index Scan", "Parent Relationship": "Outer", "Scan Direction": "Forward", "Index Name": "char_name_pkey", "Relation Name": "char_name", "Alias": "chn", "Startup Cost": 0.0, "Total Cost": 129875.46, "Plan Rows": 3140338, "Plan Width": 20}]}]}, {"Node Type": "Hash", "Parent Relationship": "Inner", "Startup Cost": 8.43, "Total Cost": 8.43, "Plan Rows": 12, "Plan Width": 4, "Plans": [{"Node Type": "Index Only Scan", "Parent Relationship": "Outer", "Scan Direction": "Forward", "Index Name": "role_type_pkey", "Relation Name": "role_type", "Alias": "rt", "Startup Cost": 0.0, "Total Cost": 8.43, "Plan Rows": 12, "Plan Width": 4}]}]}, {"Node Type": "Hash", "Parent Relationship": "Inner", "Startup Cost": 286433.79, "Total Cost": 286433.79, "Plan Rows": 1776525, "Plan Width": 29, "Plans": [{"Node Type": "Hash Join", "Parent Relationship": "Outer", "Join Type": "Inner", "Startup Cost": 148070.36, "Total Cost": 286433.79, "Plan Rows": 1776525, "Plan Width": 29, "Inner Unique": true, "Hash Cond": "(mc.movie_id = t.id), (LLVM Optimized)", "Plans": [{"Node Type": "Hash Join", "Parent Relationship": "Outer", "Join Type": "Inner", "Startup Cost": 9768.6, "Total Cost": 125558.11, "Plan Rows": 1282311, "Plan Width": 8, "Inner Unique": true, "Hash Cond": "(mc.company_id = cn.id), (LLVM Optimized)", "Plans": [{"Node Type": "Index Scan", "Parent Relationship": "Outer", "Scan Direction": "Forward", "Index Name": "company_type_id_movie_companies", "Relation Name": "movie_companies", "Alias": "mc", "Startup Cost": 0.0, "Total Cost": 93182.17, "Plan Rows": 2609128, "Plan Width": 12}, {"Node Type": "Hash", "Parent Relationship": "Inner", "Startup Cost": 8703.97, "Total Cost": 8703.97, "Plan Rows": 85170, "Plan Width": 4, "Plans": [{"Node Type": "Bitmap Heap Scan", "Parent Relationship": "Outer", "Relation Name": "company_name", "Alias": "cn", "Startup Cost": 2800.52, "Total Cost": 8703.97, "Plan Rows": 85170, "Plan Width": 4, "Filter": "((country_code)::text = '[us]'::text)", "Plans": [{"Node Type": "Bitmap Index Scan", "Parent Relationship": "Outer", "Index Name": "company_name_pkey", "Startup Cost": 0.0, "Total Cost": 2779.23, "Plan Rows": 234996, "Plan Width": 0}]}]}]}, {"Node Type": "Hash", "Parent Relationship": "Inner", "Startup Cost": 116441.27, "Total Cost": 116441.27, "Plan Rows": 1748840, "Plan Width": 21, "Plans": [{"Node Type": "Index Scan", "Parent Relationship": "Outer", "Scan Direction": "Forward", "Index Name": "title_pkey", "Relation Name": "title", "Alias": "t", "Startup Cost": 0.0, "Total Cost": 116441.27, "Plan Rows": 1748840, "Plan Width": 21, "Filter": "(production_year > 1990), (LLVM Optimized)"}]}]}]}]}, {"Node Type": "Hash", "Parent Relationship": "Inner", "Startup Cost": 8.29, "Total Cost": 8.29, "Plan Rows": 3, "Plan Width": 4, "Plans": [{"Node Type": "Index Only Scan", "Parent Relationship": "Outer", "Scan Direction": "Forward", "Index Name": "company_type_pkey", "Relation Name": "company_type", "Alias": "ct", "Startup Cost": 0.0, "Total Cost": 8.29, "Plan Rows": 3, "Plan Width": 4}]}]}]}, "Unique SQL Id": 3145361615}, "explain_analyze_plan": null}, "(64, 98)": {"explain_plan": {"Plan": {"Node Type": "Aggregate", "Strategy": "Plain", "Startup Cost": 515623.68, "Total Cost": 515623.69, "Plan Rows": 1, "Plan Width": 97, "Plans": [{"Node Type": "Hash Join", "Parent Relationship": "Outer", "Join Type": "Inner", "Startup Cost": 405190.17, "Total Cost": 510776.61, "Plan Rows": 969413, "Plan Width": 33, "Inner Unique": true, "Hash Cond": "(mc.company_type_id = ct.id), (LLVM Optimized)", "Plans": [{"Node Type": "Hash Join", "Parent Relationship": "Outer", "Join Type": "Inner", "Startup Cost": 405189.1, "Total Cost": 497446.12, "Plan Rows": 969413, "Plan Width": 37, "Inner Unique": true, "Hash Cond": "(ci.role_id = rt.id), (LLVM Optimized)", "Plans": [{"Node Type": "Hash Join", "Parent Relationship": "Outer", "Join Type": "Inner", "Startup Cost": 405188.67, "Total Cost": 484116.26, "Plan Rows": 969413, "Plan Width": 41, "Inner Unique": false, "Hash Cond": "(mc.movie_id = t.id), (LLVM Optimized)", "Plans": [{"Node Type": "Hash Join", "Parent Relationship": "Outer", "Join Type": "Inner", "Startup Cost": 6968.08, "Total Cost": 71392.69, "Plan Rows": 1282311, "Plan Width": 8, "Inner Unique": true, "Hash Cond": "(mc.company_id = cn.id), (LLVM Optimized)", "Plans": [{"Node Type": "Seq Scan", "Parent Relationship": "Outer", "Relation Name": "movie_companies", "Alias": "mc", "Startup Cost": 0.0, "Total Cost": 41817.28, "Plan Rows": 2609128, "Plan Width": 12}, {"Node Type": "Hash", "Parent Relationship": "Inner", "Startup Cost": 5903.45, "Total Cost": 5903.45, "Plan Rows": 85170, "Plan Width": 4, "Plans": [{"Node Type": "Seq Scan", "Parent Relationship": "Outer", "Relation Name": "company_name", "Alias": "cn", "Startup Cost": 0.0, "Total Cost": 5903.45, "Plan Rows": 85170, "Plan Width": 4, "Filter": "((country_code)::text = '[us]'::text)"}]}]}, {"Node Type": "Hash", "Parent Relationship": "Inner", "Startup Cost": 386291.56, "Total Cost": 386291.56, "Plan Rows": 954323, "Plan Width": 45, "Plans": [{"Node Type": "Streaming(type: LOCAL GATHER dop: 1/64)", "Parent Relationship": "Outer", "Startup Cost": 162901.55, "Total Cost": 386291.56, "Plan Rows": 954323, "Plan Width": 45, "Plans": [{"Node Type": "Hash Join", "Parent Relationship": "Outer", "Join Type": "Inner", "Startup Cost": 162901.55, "Total Cost": 366603.99, "Plan Rows": 954323, "Plan Width": 45, "Inner Unique": true, "Hash Cond": "(ci.person_role_id = chn.id), (LLVM Optimized)", "Plans": [{"Node Type": "Streaming(type: LOCAL REDISTRIBUTE dop: 64/64)", "Parent Relationship": "Outer", "Startup Cost": 129035.53, "Total Cost": 332473.51, "Plan Rows": 1968625, "Plan Width": 33, "Plans": [{"Node Type": "Hash Join", "Parent Relationship": "Outer", "Join Type": "Inner", "Startup Cost": 129035.53, "Total Cost": 267608.7, "Plan Rows": 1968625, "Plan Width": 33, "Inner Unique": true, "Hash Cond": "(ci.movie_id = t.id), (LLVM Optimized)", "Plans": [{"Node Type": "Streaming(type: LOCAL REDISTRIBUTE dop: 64/64)", "Parent Relationship": "Outer", "Startup Cost": 0.0, "Total Cost": 138181.4, "Plan Rows": 1436424, "Plan Width": 12, "Plans": [{"Node Type": "Seq Scan", "Parent Relationship": "Outer", "Relation Name": "cast_info", "Alias": "ci", "Startup Cost": 0.0, "Total Cost": 73820.73, "Plan Rows": 1436424, "Plan Width": 12, "Filter": "((note)::text ~~ '%(producer)%'::text), (LLVM Optimized)"}]}, {"Node Type": "Hash", "Parent Relationship": "Inner", "Startup Cost": 128693.96, "Total Cost": 128693.96, "Plan Rows": 1748840, "Plan Width": 21, "Plans": [{"Node Type": "Streaming(type: LOCAL REDISTRIBUTE dop: 64/64)", "Parent Relationship": "Outer", "Startup Cost": 0.0, "Total Cost": 128693.96, "Plan Rows": 1748840, "Plan Width": 21, "Plans": [{"Node Type": "Seq Scan", "Parent Relationship": "Outer", "Relation Name": "title", "Alias": "t", "Startup Cost": 0.0, "Total Cost": 64037.34, "Plan Rows": 1748840, "Plan Width": 21, "Filter": "(production_year > 1990), (LLVM Optimized)"}]}]}]}]}, {"Node Type": "Hash", "Parent Relationship": "Inner", "Startup Cost": 130029.32, "Total Cost": 130029.32, "Plan Rows": 3140338, "Plan Width": 20, "Plans": [{"Node Type": "Streaming(type: LOCAL REDISTRIBUTE dop: 64/64)", "Parent Relationship": "Outer", "Startup Cost": 0.0, "Total Cost": 130029.32, "Plan Rows": 3140338, "Plan Width": 20, "Plans": [{"Node Type": "Seq Scan", "Parent Relationship": "Outer", "Relation Name": "char_name", "Alias": "chn", "Startup Cost": 0.0, "Total Cost": 64054.58, "Plan Rows": 3140338, "Plan Width": 20}]}]}]}]}]}]}, {"Node Type": "Hash", "Parent Relationship": "Inner", "Startup Cost": 1.12, "Total Cost": 1.12, "Plan Rows": 12, "Plan Width": 4, "Plans": [{"Node Type": "Seq Scan", "Parent Relationship": "Outer", "Relation Name": "role_type", "Alias": "rt", "Startup Cost": 0.0, "Total Cost": 1.12, "Plan Rows": 12, "Plan Width": 4}]}]}, {"Node Type": "Hash", "Parent Relationship": "Inner", "Startup Cost": 1.03, "Total Cost": 1.03, "Plan Rows": 3, "Plan Width": 4, "Plans": [{"Node Type": "Seq Scan", "Parent Relationship": "Outer", "Relation Name": "company_type", "Alias": "ct", "Startup Cost": 0.0, "Total Cost": 1.03, "Plan Rows": 3, "Plan Width": 4}]}]}]}, "Unique SQL Id": 3145361615}, "explain_analyze_plan": {"Plan": {"Node Type": "Aggregate", "Strategy": "Plain", "Startup Cost": 515623.68, "Total Cost": 515623.69, "Plan Rows": 1, "Plan Width": 97, "Actual Min Startup Time": 3512.81, "Actual Max Startup Time": 3512.81, "Actual Min Total Time": 3512.81, "Actual Max Total Time": 3512.81, "Actual Total Rows": 1, "Plans": [{"Node Type": "Hash Join", "Parent Relationship": "Outer", "Join Type": "Inner", "Startup Cost": 405190.17, "Total Cost": 510776.61, "Plan Rows": 969413, "Plan Width": 33, "Actual Min Startup Time": 3150.989, "Actual Max Startup Time": 3150.989, "Actual Min Total Time": 3512.763, "Actual Max Total Time": 3512.763, "Actual Total Rows": 4, "Inner Unique": true, "Hash Cond": "(mc.company_type_id = ct.id), (LLVM Optimized, Jit Execute)", "Plans": [{"Node Type": "Hash Join", "Parent Relationship": "Outer", "Join Type": "Inner", "Startup Cost": 405189.1, "Total Cost": 497446.12, "Plan Rows": 969413, "Plan Width": 37, "Actual Min Startup Time": 2306.919, "Actual Max Startup Time": 2306.919, "Actual Min Total Time": 3512.569, "Actual Max Total Time": 3512.569, "Actual Total Rows": 10, "Inner Unique": true, "Hash Cond": "(ci.role_id = rt.id), (LLVM Optimized, Jit Execute)", "Plans": [{"Node Type": "Hash Join", "Parent Relationship": "Outer", "Join Type": "Inner", "Startup Cost": 405188.67, "Total Cost": 484116.26, "Plan Rows": 969413, "Plan Width": 41, "Actual Min Startup Time": 2306.816, "Actual Max Startup Time": 2306.816, "Actual Min Total Time": 3512.299, "Actual Max Total Time": 3512.299, "Actual Total Rows": 10, "Inner Unique": false, "Hash Cond": "(mc.movie_id = t.id), (LLVM Optimized, Jit Execute)", "Plans": [{"Node Type": "Hash Join", "Parent Relationship": "Outer", "Join Type": "Inner", "Startup Cost": 6968.08, "Total Cost": 71392.69, "Plan Rows": 1282311, "Plan Width": 8, "Actual Min Startup Time": 121.767, "Actual Max Startup Time": 121.767, "Actual Min Total Time": 1517.199, "Actual Max Total Time": 1517.199, "Actual Total Rows": 1153797, "Inner Unique": true, "Hash Cond": "(mc.company_id = cn.id), (LLVM Optimized, Jit Execute)", "Plans": [{"Node Type": "Seq Scan", "Parent Relationship": "Outer", "Relation Name": "movie_companies", "Alias": "mc", "Startup Cost": 0.0, "Total Cost": 41817.28, "Plan Rows": 2609128, "Plan Width": 12, "Actual Min Startup Time": 0.051, "Actual Max Startup Time": 0.051, "Actual Min Total Time": 586.979, "Actual Max Total Time": 586.979, "Actual Total Rows": 2609128}, {"Node Type": "Hash", "Parent Relationship": "Inner", "Startup Cost": 5903.45, "Total Cost": 5903.45, "Plan Rows": 85170, "Plan Width": 4, "Actual Min Startup Time": 121.51, "Actual Max Startup Time": 121.51, "Actual Min Total Time": 121.51, "Actual Max Total Time": 121.51, "Actual Total Rows": 84843, "Max Hash Buckets": 131072, "Min Hash Buckets": 131072, "Max Hash Batches": 1, "Min Hash Batches": 1, "Max Original Hash Batches": 1, "Min Original Hash Batches": 1, "Max Peak Memory Usage": 2983, "min Peak Memory Usage": 2983, "Plans": [{"Node Type": "Seq Scan", "Parent Relationship": "Outer", "Relation Name": "company_name", "Alias": "cn", "Startup Cost": 0.0, "Total Cost": 5903.45, "Plan Rows": 85170, "Plan Width": 4, "Actual Min Startup Time": 0.037, "Actual Max Startup Time": 0.037, "Actual Min Total Time": 93.104, "Actual Max Total Time": 93.104, "Actual Total Rows": 84843, "Filter": "((country_code)::text = '[us]'::text)", "Rows Removed by Filter": 150153}]}]}, {"Node Type": "Hash", "Parent Relationship": "Inner", "Startup Cost": 386291.56, "Total Cost": 386291.56, "Plan Rows": 954323, "Plan Width": 45, "Actual Min Startup Time": 1772.978, "Actual Max Startup Time": 1772.978, "Actual Min Total Time": 1772.978, "Actual Max Total Time": 1772.978, "Actual Total Rows": 12, "Max Hash Buckets": 1048576, "Min Hash Buckets": 1048576, "Max Hash Batches": 1, "Min Hash Batches": 1, "Max Original Hash Batches": 1, "Min Original Hash Batches": 1, "Max Peak Memory Usage": 1, "min Peak Memory Usage": 1, "Plans": [{"Node Type": "Streaming(type: LOCAL GATHER dop: 1/64)", "Parent Relationship": "Outer", "Startup Cost": 162901.55, "Total Cost": 386291.56, "Plan Rows": 954323, "Plan Width": 45, "Actual Min Startup Time": 1770.895, "Actual Max Startup Time": 1770.895, "Actual Min Total Time": 1772.939, "Actual Max Total Time": 1772.939, "Actual Total Rows": 12, "Plans": [{"Node Type": "Hash Join", "Parent Relationship": "Outer", "Join Type": "Inner", "Startup Cost": 162901.55, "Total Cost": 366603.99, "Plan Rows": 954323, "Plan Width": 45, "Actual Min Startup Time": 1051.258, "Actual Max Startup Time": 1368.871, "Actual Min Total Time": 1051.258, "Actual Max Total Time": 1368.871, "Actual Total Rows": 12, "Inner Unique": true, "Hash Cond": "(ci.person_role_id = chn.id), (LLVM Optimized, Jit Execute)", "Plans": [{"Node Type": "Streaming(type: LOCAL REDISTRIBUTE dop: 64/64)", "Parent Relationship": "Outer", "Startup Cost": 129035.53, "Total Cost": 332473.51, "Plan Rows": 1968625, "Plan Width": 33, "Actual Min Startup Time": 0.324, "Actual Max Startup Time": 772.355, "Actual Min Total Time": 652.101, "Actual Max Total Time": 772.355, "Actual Total Rows": 1071330, "Plans": [{"Node Type": "Hash Join", "Parent Relationship": "Outer", "Join Type": "Inner", "Startup Cost": 129035.53, "Total Cost": 267608.7, "Plan Rows": 1968625, "Plan Width": 33, "Actual Min Startup Time": 216.428, "Actual Max Startup Time": 564.106, "Actual Min Total Time": 457.061, "Actual Max Total Time": 893.331, "Actual Total Rows": 1071330, "Inner Unique": true, "Hash Cond": "(ci.movie_id = t.id), (LLVM Optimized, Jit Execute)", "Plans": [{"Node Type": "Streaming(type: LOCAL REDISTRIBUTE dop: 64/64)", "Parent Relationship": "Outer", "Startup Cost": 0.0, "Total Cost": 138181.4, "Plan Rows": 1436424, "Plan Width": 12, "Actual Min Startup Time": 0.224, "Actual Max Startup Time": 65.822, "Actual Min Total Time": 189.689, "Actual Max Total Time": 355.253, "Actual Total Rows": 1435439, "Plans": [{"Node Type": "Seq Scan", "Parent Relationship": "Outer", "Relation Name": "cast_info", "Alias": "ci", "Startup Cost": 0.0, "Total Cost": 73820.73, "Plan Rows": 1436424, "Plan Width": 12, "Actual Min Startup Time": 14.06, "Actual Max Startup Time": 104.928, "Actual Min Total Time": 178.13, "Actual Max Total Time": 267.3, "Actual Total Rows": 1435439, "Filter": "((note)::text ~~ '%(producer)%'::text), (LLVM Optimized, Jit Execute)", "Rows Removed by Filter": 34808904}]}, {"Node Type": "Hash", "Parent Relationship": "Inner", "Startup Cost": 128693.96, "Total Cost": 128693.96, "Plan Rows": 1748840, "Plan Width": 21, "Actual Min Startup Time": 215.79, "Actual Max Startup Time": 563.556, "Actual Min Total Time": 215.79, "Actual Max Total Time": 563.556, "Actual Total Rows": 1749032, "Max Hash Buckets": 32768, "Min Hash Buckets": 32768, "Max Hash Batches": 1, "Min Hash Batches": 1, "Max Original Hash Batches": 1, "Min Original Hash Batches": 1, "Max Peak Memory Usage": 1467, "min Peak Memory Usage": 1467, "Plans": [{"Node Type": "Streaming(type: LOCAL REDISTRIBUTE dop: 64/64)", "Parent Relationship": "Outer", "Startup Cost": 0.0, "Total Cost": 128693.96, "Plan Rows": 1748840, "Plan Width": 21, "Actual Min Startup Time": 0.129, "Actual Max Startup Time": 217.095, "Actual Min Total Time": 175.094, "Actual Max Total Time": 547.198, "Actual Total Rows": 1749032, "Plans": [{"Node Type": "Seq Scan", "Parent Relationship": "Outer", "Relation Name": "title", "Alias": "t", "Startup Cost": 0.0, "Total Cost": 64037.34, "Plan Rows": 1748840, "Plan Width": 21, "Actual Min Startup Time": 0.033, "Actual Max Startup Time": 0.11, "Actual Min Total Time": 17.019, "Actual Max Total Time": 53.031, "Actual Total Rows": 1749032, "Filter": "(production_year > 1990), (LLVM Optimized, Jit Execute)", "Rows Removed by Filter": 779279}]}]}]}]}, {"Node Type": "Hash", "Parent Relationship": "Inner", "Startup Cost": 130029.32, "Total Cost": 130029.32, "Plan Rows": 3140338, "Plan Width": 20, "Actual Min Startup Time": 278.829, "Actual Max Startup Time": 596.445, "Actual Min Total Time": 278.829, "Actual Max Total Time": 596.445, "Actual Total Rows": 3140338, "Max Hash Buckets": 65536, "Min Hash Buckets": 65536, "Max Hash Batches": 1, "Min Hash Batches": 1, "Max Original Hash Batches": 1, "Min Original Hash Batches": 1, "Max Peak Memory Usage": 2583, "min Peak Memory Usage": 2583, "Plans": [{"Node Type": "Streaming(type: LOCAL REDISTRIBUTE dop: 64/64)", "Parent Relationship": "Outer", "Startup Cost": 0.0, "Total Cost": 130029.32, "Plan Rows": 3140338, "Plan Width": 20, "Actual Min Startup Time": 0.123, "Actual Max Startup Time": 61.811, "Actual Min Total Time": 193.575, "Actual Max Total Time": 548.555, "Actual Total Rows": 3140338, "Plans": [{"Node Type": "Seq Scan", "Parent Relationship": "Outer", "Relation Name": "char_name", "Alias": "chn", "Startup Cost": 0.0, "Total Cost": 64054.58, "Plan Rows": 3140338, "Plan Width": 20, "Actual Min Startup Time": 0.02, "Actual Max Startup Time": 0.066, "Actual Min Total Time": 18.533, "Actual Max Total Time": 43.707, "Actual Total Rows": 3140338}]}]}]}]}]}]}, {"Node Type": "Hash", "Parent Relationship": "Inner", "Startup Cost": 1.12, "Total Cost": 1.12, "Plan Rows": 12, "Plan Width": 4, "Actual Min Startup Time": 0.02, "Actual Max Startup Time": 0.02, "Actual Min Total Time": 0.02, "Actual Max Total Time": 0.02, "Actual Total Rows": 12, "Max Hash Buckets": 32768, "Min Hash Buckets": 32768, "Max Hash Batches": 1, "Min Hash Batches": 1, "Max Original Hash Batches": 1, "Min Original Hash Batches": 1, "Max Peak Memory Usage": 1, "min Peak Memory Usage": 1, "Plans": [{"Node Type": "Seq Scan", "Parent Relationship": "Outer", "Relation Name": "role_type", "Alias": "rt", "Startup Cost": 0.0, "Total Cost": 1.12, "Plan Rows": 12, "Plan Width": 4, "Actual Min Startup Time": 0.011, "Actual Max Startup Time": 0.011, "Actual Min Total Time": 0.011, "Actual Max Total Time": 0.011, "Actual Total Rows": 12}]}]}, {"Node Type": "Hash", "Parent Relationship": "Inner", "Startup Cost": 1.03, "Total Cost": 1.03, "Plan Rows": 3, "Plan Width": 4, "Actual Min Startup Time": 0.056, "Actual Max Startup Time": 0.056, "Actual Min Total Time": 0.056, "Actual Max Total Time": 0.056, "Actual Total Rows": 3, "Max Hash Buckets": 32768, "Min Hash Buckets": 32768, "Max Hash Batches": 1, "Min Hash Batches": 1, "Max Original Hash Batches": 1, "Min Original Hash Batches": 1, "Max Peak Memory Usage": 1, "min Peak Memory Usage": 1, "Plans": [{"Node Type": "Seq Scan", "Parent Relationship": "Outer", "Relation Name": "company_type", "Alias": "ct", "Startup Cost": 0.0, "Total Cost": 1.03, "Plan Rows": 3, "Plan Width": 4, "Actual Min Startup Time": 0.027, "Actual Max Startup Time": 0.027, "Actual Min Total Time": 0.03, "Actual Max Total Time": 0.03, "Actual Total Rows": 3}]}]}]}, "Triggers": [], "Planner Runtime": 79.157, "Total Runtime": 3616.873, "Unique SQL Id": 3145361615}}, "(64, 99)": {"explain_plan": {"Plan": {"Node Type": "Aggregate", "Strategy": "Plain", "Startup Cost": 1963906.79, "Total Cost": 1963906.8, "Plan Rows": 1, "Plan Width": 97, "Plans": [{"Node Type": "Hash Join", "Parent Relationship": "Outer", "Join Type": "Inner", "Startup Cost": 1218973.64, "Total Cost": 1959059.72, "Plan Rows": 969413, "Plan Width": 33, "Inner Unique": true, "Hash Cond": "(mc.company_type_id = ct.id), (LLVM Optimized)", "Plans": [{"Node Type": "Hash Join", "Parent Relationship": "Outer", "Join Type": "Inner", "Startup Cost": 1218961.31, "Total Cost": 1945717.96, "Plan Rows": 969413, "Plan Width": 37, "Inner Unique": false, "Hash Cond": "(ci.movie_id = t.id), (LLVM Optimized)", "Plans": [{"Node Type": "Hash Join", "Parent Relationship": "Outer", "Join Type": "Inner", "Startup Cost": 909656.04, "Total Cost": 1624107.14, "Plan Rows": 696330, "Plan Width": 20, "Inner Unique": true, "Hash Cond": "(ci.role_id = rt.id), (LLVM Optimized)", "Plans": [{"Node Type": "Hash Join", "Parent Relationship": "Outer", "Join Type": "Inner", "Startup Cost": 909643.46, "Total Cost": 1614520.02, "Plan Rows": 696330, "Plan Width": 24, "Inner Unique": true, "Hash Cond": "(ci.person_role_id = chn.id), (LLVM Optimized)", "Plans": [{"Node Type": "Bitmap Heap Scan", "Parent Relationship": "Outer", "Relation Name": "cast_info", "Alias": "ci", "Startup Cost": 739944.83, "Total Cost": 1432471.5, "Plan Rows": 1436424, "Plan Width": 12, "Filter": "((note)::text ~~ '%(producer)%'::text), (LLVM Optimized)", "Plans": [{"Node Type": "Bitmap Index Scan", "Parent Relationship": "Outer", "Index Name": "person_role_id_cast_info", "Startup Cost": 0.0, "Total Cost": 739585.72, "Plan Rows": 36259494, "Plan Width": 0}]}, {"Node Type": "Hash", "Parent Relationship": "Inner", "Startup Cost": 130444.4, "Total Cost": 130444.4, "Plan Rows": 3140338, "Plan Width": 20, "Plans": [{"Node Type": "Bitmap Heap Scan", "Parent Relationship": "Outer", "Relation Name": "char_name", "Alias": "chn", "Startup Cost": 62951.02, "Total Cost": 130444.4, "Plan Rows": 3140338, "Plan Width": 20, "Plans": [{"Node Type": "Bitmap Index Scan", "Parent Relationship": "Outer", "Index Name": "char_name_pkey", "Startup Cost": 0.0, "Total Cost": 62165.94, "Plan Rows": 3140338, "Plan Width": 0}]}]}]}, {"Node Type": "Hash", "Parent Relationship": "Inner", "Startup Cost": 12.43, "Total Cost": 12.43, "Plan Rows": 12, "Plan Width": 4, "Plans": [{"Node Type": "Bitmap Heap Scan", "Parent Relationship": "Outer", "Relation Name": "role_type", "Alias": "rt", "Startup Cost": 8.31, "Total Cost": 12.43, "Plan Rows": 12, "Plan Width": 4, "Plans": [{"Node Type": "Bitmap Index Scan", "Parent Relationship": "Outer", "Index Name": "role_type_pkey", "Startup Cost": 0.0, "Total Cost": 8.31, "Plan Rows": 12, "Plan Width": 0}]}]}]}, {"Node Type": "Hash", "Parent Relationship": "Inner", "Startup Cost": 287098.71, "Total Cost": 287098.71, "Plan Rows": 1776525, "Plan Width": 29, "Plans": [{"Node Type": "Hash Join", "Parent Relationship": "Outer", "Join Type": "Inner", "Startup Cost": 200100.17, "Total Cost": 287098.71, "Plan Rows": 1776525, "Plan Width": 29, "Inner Unique": true, "Hash Cond": "(mc.movie_id = t.id), (LLVM Optimized)", "Plans": [{"Node Type": "Hash Join", "Parent Relationship": "Outer", "Join Type": "Inner", "Startup Cost": 61758.77, "Total Cost": 126183.39, "Plan Rows": 1282311, "Plan Width": 8, "Inner Unique": true, "Hash Cond": "(mc.company_id = cn.id), (LLVM Optimized)", "Plans": [{"Node Type": "Bitmap Heap Scan", "Parent Relationship": "Outer", "Relation Name": "movie_companies", "Alias": "mc", "Startup Cost": 51990.17, "Total Cost": 93807.45, "Plan Rows": 2609128, "Plan Width": 12, "Plans": [{"Node Type": "Bitmap Index Scan", "Parent Relationship": "Outer", "Index Name": "movie_id_movie_companies", "Startup Cost": 0.0, "Total Cost": 51337.89, "Plan Rows": 2609128, "Plan Width": 0}]}, {"Node Type": "Hash", "Parent Relationship": "Inner", "Startup Cost": 8703.97, "Total Cost": 8703.97, "Plan Rows": 85170, "Plan Width": 4, "Plans": [{"Node Type": "Bitmap Heap Scan", "Parent Relationship": "Outer", "Relation Name": "company_name", "Alias": "cn", "Startup Cost": 2800.52, "Total Cost": 8703.97, "Plan Rows": 85170, "Plan Width": 4, "Filter": "((country_code)::text = '[us]'::text)", "Plans": [{"Node Type": "Bitmap Index Scan", "Parent Relationship": "Outer", "Index Name": "company_name_pkey", "Startup Cost": 0.0, "Total Cost": 2779.23, "Plan Rows": 234996, "Plan Width": 0}]}]}]}, {"Node Type": "Hash", "Parent Relationship": "Inner", "Startup Cost": 116480.9, "Total Cost": 116480.9, "Plan Rows": 1748840, "Plan Width": 21, "Plans": [{"Node Type": "Bitmap Heap Scan", "Parent Relationship": "Outer", "Relation Name": "title", "Alias": "t", "Startup Cost": 50091.01, "Total Cost": 116480.9, "Plan Rows": 1748840, "Plan Width": 21, "Filter": "(production_year > 1990), (LLVM Optimized)", "Plans": [{"Node Type": "Bitmap Index Scan", "Parent Relationship": "Outer", "Index Name": "title_pkey", "Startup Cost": 0.0, "Total Cost": 49653.81, "Plan Rows": 2528311, "Plan Width": 0}]}]}]}]}]}, {"Node Type": "Hash", "Parent Relationship": "Inner", "Startup Cost": 12.3, "Total Cost": 12.3, "Plan Rows": 3, "Plan Width": 4, "Plans": [{"Node Type": "Bitmap Heap Scan", "Parent Relationship": "Outer", "Relation Name": "company_type", "Alias": "ct", "Startup Cost": 8.27, "Total Cost": 12.3, "Plan Rows": 3, "Plan Width": 4, "Plans": [{"Node Type": "Bitmap Index Scan", "Parent Relationship": "Outer", "Index Name": "company_type_pkey", "Startup Cost": 0.0, "Total Cost": 8.27, "Plan Rows": 3, "Plan Width": 0}]}]}]}]}, "Unique SQL Id": 3145361615}, "explain_analyze_plan": null}, "(64, 100)": {"explain_plan": {"Plan": {"Node Type": "Aggregate", "Strategy": "Plain", "Startup Cost": 515623.68, "Total Cost": 515623.69, "Plan Rows": 1, "Plan Width": 97, "Plans": [{"Node Type": "Hash Join", "Parent Relationship": "Outer", "Join Type": "Inner", "Startup Cost": 405190.17, "Total Cost": 510776.61, "Plan Rows": 969413, "Plan Width": 33, "Inner Unique": true, "Hash Cond": "(mc.company_type_id = ct.id), (LLVM Optimized)", "Plans": [{"Node Type": "Hash Join", "Parent Relationship": "Outer", "Join Type": "Inner", "Startup Cost": 405189.1, "Total Cost": 497446.12, "Plan Rows": 969413, "Plan Width": 37, "Inner Unique": true, "Hash Cond": "(ci.role_id = rt.id), (LLVM Optimized)", "Plans": [{"Node Type": "Hash Join", "Parent Relationship": "Outer", "Join Type": "Inner", "Startup Cost": 405188.67, "Total Cost": 484116.26, "Plan Rows": 969413, "Plan Width": 41, "Inner Unique": false, "Hash Cond": "(mc.movie_id = t.id), (LLVM Optimized)", "Plans": [{"Node Type": "Hash Join", "Parent Relationship": "Outer", "Join Type": "Inner", "Startup Cost": 6968.08, "Total Cost": 71392.69, "Plan Rows": 1282311, "Plan Width": 8, "Inner Unique": true, "Hash Cond": "(mc.company_id = cn.id), (LLVM Optimized)", "Plans": [{"Node Type": "Seq Scan", "Parent Relationship": "Outer", "Relation Name": "movie_companies", "Alias": "mc", "Startup Cost": 0.0, "Total Cost": 41817.28, "Plan Rows": 2609128, "Plan Width": 12}, {"Node Type": "Hash", "Parent Relationship": "Inner", "Startup Cost": 5903.45, "Total Cost": 5903.45, "Plan Rows": 85170, "Plan Width": 4, "Plans": [{"Node Type": "Seq Scan", "Parent Relationship": "Outer", "Relation Name": "company_name", "Alias": "cn", "Startup Cost": 0.0, "Total Cost": 5903.45, "Plan Rows": 85170, "Plan Width": 4, "Filter": "((country_code)::text = '[us]'::text)"}]}]}, {"Node Type": "Hash", "Parent Relationship": "Inner", "Startup Cost": 386291.56, "Total Cost": 386291.56, "Plan Rows": 954323, "Plan Width": 45, "Plans": [{"Node Type": "Streaming(type: LOCAL GATHER dop: 1/64)", "Parent Relationship": "Outer", "Startup Cost": 162901.55, "Total Cost": 386291.56, "Plan Rows": 954323, "Plan Width": 45, "Plans": [{"Node Type": "Hash Join", "Parent Relationship": "Outer", "Join Type": "Inner", "Startup Cost": 162901.55, "Total Cost": 366603.99, "Plan Rows": 954323, "Plan Width": 45, "Inner Unique": true, "Hash Cond": "(ci.person_role_id = chn.id), (LLVM Optimized)", "Plans": [{"Node Type": "Streaming(type: LOCAL REDISTRIBUTE dop: 64/64)", "Parent Relationship": "Outer", "Startup Cost": 129035.53, "Total Cost": 332473.51, "Plan Rows": 1968625, "Plan Width": 33, "Plans": [{"Node Type": "Hash Join", "Parent Relationship": "Outer", "Join Type": "Inner", "Startup Cost": 129035.53, "Total Cost": 267608.7, "Plan Rows": 1968625, "Plan Width": 33, "Inner Unique": true, "Hash Cond": "(ci.movie_id = t.id), (LLVM Optimized)", "Plans": [{"Node Type": "Streaming(type: LOCAL REDISTRIBUTE dop: 64/64)", "Parent Relationship": "Outer", "Startup Cost": 0.0, "Total Cost": 138181.4, "Plan Rows": 1436424, "Plan Width": 12, "Plans": [{"Node Type": "Seq Scan", "Parent Relationship": "Outer", "Relation Name": "cast_info", "Alias": "ci", "Startup Cost": 0.0, "Total Cost": 73820.73, "Plan Rows": 1436424, "Plan Width": 12, "Filter": "((note)::text ~~ '%(producer)%'::text), (LLVM Optimized)"}]}, {"Node Type": "Hash", "Parent Relationship": "Inner", "Startup Cost": 128693.96, "Total Cost": 128693.96, "Plan Rows": 1748840, "Plan Width": 21, "Plans": [{"Node Type": "Streaming(type: LOCAL REDISTRIBUTE dop: 64/64)", "Parent Relationship": "Outer", "Startup Cost": 0.0, "Total Cost": 128693.96, "Plan Rows": 1748840, "Plan Width": 21, "Plans": [{"Node Type": "Seq Scan", "Parent Relationship": "Outer", "Relation Name": "title", "Alias": "t", "Startup Cost": 0.0, "Total Cost": 64037.34, "Plan Rows": 1748840, "Plan Width": 21, "Filter": "(production_year > 1990), (LLVM Optimized)"}]}]}]}]}, {"Node Type": "Hash", "Parent Relationship": "Inner", "Startup Cost": 130029.32, "Total Cost": 130029.32, "Plan Rows": 3140338, "Plan Width": 20, "Plans": [{"Node Type": "Streaming(type: LOCAL REDISTRIBUTE dop: 64/64)", "Parent Relationship": "Outer", "Startup Cost": 0.0, "Total Cost": 130029.32, "Plan Rows": 3140338, "Plan Width": 20, "Plans": [{"Node Type": "Seq Scan", "Parent Relationship": "Outer", "Relation Name": "char_name", "Alias": "chn", "Startup Cost": 0.0, "Total Cost": 64054.58, "Plan Rows": 3140338, "Plan Width": 20}]}]}]}]}]}]}, {"Node Type": "Hash", "Parent Relationship": "Inner", "Startup Cost": 1.12, "Total Cost": 1.12, "Plan Rows": 12, "Plan Width": 4, "Plans": [{"Node Type": "Seq Scan", "Parent Relationship": "Outer", "Relation Name": "role_type", "Alias": "rt", "Startup Cost": 0.0, "Total Cost": 1.12, "Plan Rows": 12, "Plan Width": 4}]}]}, {"Node Type": "Hash", "Parent Relationship": "Inner", "Startup Cost": 1.03, "Total Cost": 1.03, "Plan Rows": 3, "Plan Width": 4, "Plans": [{"Node Type": "Seq Scan", "Parent Relationship": "Outer", "Relation Name": "company_type", "Alias": "ct", "Startup Cost": 0.0, "Total Cost": 1.03, "Plan Rows": 3, "Plan Width": 4}]}]}]}, "Unique SQL Id": 3145361615}, "explain_analyze_plan": {"Plan": {"Node Type": "Aggregate", "Strategy": "Plain", "Startup Cost": 515623.68, "Total Cost": 515623.69, "Plan Rows": 1, "Plan Width": 97, "Actual Min Startup Time": 3512.81, "Actual Max Startup Time": 3512.81, "Actual Min Total Time": 3512.81, "Actual Max Total Time": 3512.81, "Actual Total Rows": 1, "Plans": [{"Node Type": "Hash Join", "Parent Relationship": "Outer", "Join Type": "Inner", "Startup Cost": 405190.17, "Total Cost": 510776.61, "Plan Rows": 969413, "Plan Width": 33, "Actual Min Startup Time": 3150.989, "Actual Max Startup Time": 3150.989, "Actual Min Total Time": 3512.763, "Actual Max Total Time": 3512.763, "Actual Total Rows": 4, "Inner Unique": true, "Hash Cond": "(mc.company_type_id = ct.id), (LLVM Optimized, Jit Execute)", "Plans": [{"Node Type": "Hash Join", "Parent Relationship": "Outer", "Join Type": "Inner", "Startup Cost": 405189.1, "Total Cost": 497446.12, "Plan Rows": 969413, "Plan Width": 37, "Actual Min Startup Time": 2306.919, "Actual Max Startup Time": 2306.919, "Actual Min Total Time": 3512.569, "Actual Max Total Time": 3512.569, "Actual Total Rows": 10, "Inner Unique": true, "Hash Cond": "(ci.role_id = rt.id), (LLVM Optimized, Jit Execute)", "Plans": [{"Node Type": "Hash Join", "Parent Relationship": "Outer", "Join Type": "Inner", "Startup Cost": 405188.67, "Total Cost": 484116.26, "Plan Rows": 969413, "Plan Width": 41, "Actual Min Startup Time": 2306.816, "Actual Max Startup Time": 2306.816, "Actual Min Total Time": 3512.299, "Actual Max Total Time": 3512.299, "Actual Total Rows": 10, "Inner Unique": false, "Hash Cond": "(mc.movie_id = t.id), (LLVM Optimized, Jit Execute)", "Plans": [{"Node Type": "Hash Join", "Parent Relationship": "Outer", "Join Type": "Inner", "Startup Cost": 6968.08, "Total Cost": 71392.69, "Plan Rows": 1282311, "Plan Width": 8, "Actual Min Startup Time": 121.767, "Actual Max Startup Time": 121.767, "Actual Min Total Time": 1517.199, "Actual Max Total Time": 1517.199, "Actual Total Rows": 1153797, "Inner Unique": true, "Hash Cond": "(mc.company_id = cn.id), (LLVM Optimized, Jit Execute)", "Plans": [{"Node Type": "Seq Scan", "Parent Relationship": "Outer", "Relation Name": "movie_companies", "Alias": "mc", "Startup Cost": 0.0, "Total Cost": 41817.28, "Plan Rows": 2609128, "Plan Width": 12, "Actual Min Startup Time": 0.051, "Actual Max Startup Time": 0.051, "Actual Min Total Time": 586.979, "Actual Max Total Time": 586.979, "Actual Total Rows": 2609128}, {"Node Type": "Hash", "Parent Relationship": "Inner", "Startup Cost": 5903.45, "Total Cost": 5903.45, "Plan Rows": 85170, "Plan Width": 4, "Actual Min Startup Time": 121.51, "Actual Max Startup Time": 121.51, "Actual Min Total Time": 121.51, "Actual Max Total Time": 121.51, "Actual Total Rows": 84843, "Max Hash Buckets": 131072, "Min Hash Buckets": 131072, "Max Hash Batches": 1, "Min Hash Batches": 1, "Max Original Hash Batches": 1, "Min Original Hash Batches": 1, "Max Peak Memory Usage": 2983, "min Peak Memory Usage": 2983, "Plans": [{"Node Type": "Seq Scan", "Parent Relationship": "Outer", "Relation Name": "company_name", "Alias": "cn", "Startup Cost": 0.0, "Total Cost": 5903.45, "Plan Rows": 85170, "Plan Width": 4, "Actual Min Startup Time": 0.037, "Actual Max Startup Time": 0.037, "Actual Min Total Time": 93.104, "Actual Max Total Time": 93.104, "Actual Total Rows": 84843, "Filter": "((country_code)::text = '[us]'::text)", "Rows Removed by Filter": 150153}]}]}, {"Node Type": "Hash", "Parent Relationship": "Inner", "Startup Cost": 386291.56, "Total Cost": 386291.56, "Plan Rows": 954323, "Plan Width": 45, "Actual Min Startup Time": 1772.978, "Actual Max Startup Time": 1772.978, "Actual Min Total Time": 1772.978, "Actual Max Total Time": 1772.978, "Actual Total Rows": 12, "Max Hash Buckets": 1048576, "Min Hash Buckets": 1048576, "Max Hash Batches": 1, "Min Hash Batches": 1, "Max Original Hash Batches": 1, "Min Original Hash Batches": 1, "Max Peak Memory Usage": 1, "min Peak Memory Usage": 1, "Plans": [{"Node Type": "Streaming(type: LOCAL GATHER dop: 1/64)", "Parent Relationship": "Outer", "Startup Cost": 162901.55, "Total Cost": 386291.56, "Plan Rows": 954323, "Plan Width": 45, "Actual Min Startup Time": 1770.895, "Actual Max Startup Time": 1770.895, "Actual Min Total Time": 1772.939, "Actual Max Total Time": 1772.939, "Actual Total Rows": 12, "Plans": [{"Node Type": "Hash Join", "Parent Relationship": "Outer", "Join Type": "Inner", "Startup Cost": 162901.55, "Total Cost": 366603.99, "Plan Rows": 954323, "Plan Width": 45, "Actual Min Startup Time": 1051.258, "Actual Max Startup Time": 1368.871, "Actual Min Total Time": 1051.258, "Actual Max Total Time": 1368.871, "Actual Total Rows": 12, "Inner Unique": true, "Hash Cond": "(ci.person_role_id = chn.id), (LLVM Optimized, Jit Execute)", "Plans": [{"Node Type": "Streaming(type: LOCAL REDISTRIBUTE dop: 64/64)", "Parent Relationship": "Outer", "Startup Cost": 129035.53, "Total Cost": 332473.51, "Plan Rows": 1968625, "Plan Width": 33, "Actual Min Startup Time": 0.324, "Actual Max Startup Time": 772.355, "Actual Min Total Time": 652.101, "Actual Max Total Time": 772.355, "Actual Total Rows": 1071330, "Plans": [{"Node Type": "Hash Join", "Parent Relationship": "Outer", "Join Type": "Inner", "Startup Cost": 129035.53, "Total Cost": 267608.7, "Plan Rows": 1968625, "Plan Width": 33, "Actual Min Startup Time": 216.428, "Actual Max Startup Time": 564.106, "Actual Min Total Time": 457.061, "Actual Max Total Time": 893.331, "Actual Total Rows": 1071330, "Inner Unique": true, "Hash Cond": "(ci.movie_id = t.id), (LLVM Optimized, Jit Execute)", "Plans": [{"Node Type": "Streaming(type: LOCAL REDISTRIBUTE dop: 64/64)", "Parent Relationship": "Outer", "Startup Cost": 0.0, "Total Cost": 138181.4, "Plan Rows": 1436424, "Plan Width": 12, "Actual Min Startup Time": 0.224, "Actual Max Startup Time": 65.822, "Actual Min Total Time": 189.689, "Actual Max Total Time": 355.253, "Actual Total Rows": 1435439, "Plans": [{"Node Type": "Seq Scan", "Parent Relationship": "Outer", "Relation Name": "cast_info", "Alias": "ci", "Startup Cost": 0.0, "Total Cost": 73820.73, "Plan Rows": 1436424, "Plan Width": 12, "Actual Min Startup Time": 14.06, "Actual Max Startup Time": 104.928, "Actual Min Total Time": 178.13, "Actual Max Total Time": 267.3, "Actual Total Rows": 1435439, "Filter": "((note)::text ~~ '%(producer)%'::text), (LLVM Optimized, Jit Execute)", "Rows Removed by Filter": 34808904}]}, {"Node Type": "Hash", "Parent Relationship": "Inner", "Startup Cost": 128693.96, "Total Cost": 128693.96, "Plan Rows": 1748840, "Plan Width": 21, "Actual Min Startup Time": 215.79, "Actual Max Startup Time": 563.556, "Actual Min Total Time": 215.79, "Actual Max Total Time": 563.556, "Actual Total Rows": 1749032, "Max Hash Buckets": 32768, "Min Hash Buckets": 32768, "Max Hash Batches": 1, "Min Hash Batches": 1, "Max Original Hash Batches": 1, "Min Original Hash Batches": 1, "Max Peak Memory Usage": 1467, "min Peak Memory Usage": 1467, "Plans": [{"Node Type": "Streaming(type: LOCAL REDISTRIBUTE dop: 64/64)", "Parent Relationship": "Outer", "Startup Cost": 0.0, "Total Cost": 128693.96, "Plan Rows": 1748840, "Plan Width": 21, "Actual Min Startup Time": 0.129, "Actual Max Startup Time": 217.095, "Actual Min Total Time": 175.094, "Actual Max Total Time": 547.198, "Actual Total Rows": 1749032, "Plans": [{"Node Type": "Seq Scan", "Parent Relationship": "Outer", "Relation Name": "title", "Alias": "t", "Startup Cost": 0.0, "Total Cost": 64037.34, "Plan Rows": 1748840, "Plan Width": 21, "Actual Min Startup Time": 0.033, "Actual Max Startup Time": 0.11, "Actual Min Total Time": 17.019, "Actual Max Total Time": 53.031, "Actual Total Rows": 1749032, "Filter": "(production_year > 1990), (LLVM Optimized, Jit Execute)", "Rows Removed by Filter": 779279}]}]}]}]}, {"Node Type": "Hash", "Parent Relationship": "Inner", "Startup Cost": 130029.32, "Total Cost": 130029.32, "Plan Rows": 3140338, "Plan Width": 20, "Actual Min Startup Time": 278.829, "Actual Max Startup Time": 596.445, "Actual Min Total Time": 278.829, "Actual Max Total Time": 596.445, "Actual Total Rows": 3140338, "Max Hash Buckets": 65536, "Min Hash Buckets": 65536, "Max Hash Batches": 1, "Min Hash Batches": 1, "Max Original Hash Batches": 1, "Min Original Hash Batches": 1, "Max Peak Memory Usage": 2583, "min Peak Memory Usage": 2583, "Plans": [{"Node Type": "Streaming(type: LOCAL REDISTRIBUTE dop: 64/64)", "Parent Relationship": "Outer", "Startup Cost": 0.0, "Total Cost": 130029.32, "Plan Rows": 3140338, "Plan Width": 20, "Actual Min Startup Time": 0.123, "Actual Max Startup Time": 61.811, "Actual Min Total Time": 193.575, "Actual Max Total Time": 548.555, "Actual Total Rows": 3140338, "Plans": [{"Node Type": "Seq Scan", "Parent Relationship": "Outer", "Relation Name": "char_name", "Alias": "chn", "Startup Cost": 0.0, "Total Cost": 64054.58, "Plan Rows": 3140338, "Plan Width": 20, "Actual Min Startup Time": 0.02, "Actual Max Startup Time": 0.066, "Actual Min Total Time": 18.533, "Actual Max Total Time": 43.707, "Actual Total Rows": 3140338}]}]}]}]}]}]}, {"Node Type": "Hash", "Parent Relationship": "Inner", "Startup Cost": 1.12, "Total Cost": 1.12, "Plan Rows": 12, "Plan Width": 4, "Actual Min Startup Time": 0.02, "Actual Max Startup Time": 0.02, "Actual Min Total Time": 0.02, "Actual Max Total Time": 0.02, "Actual Total Rows": 12, "Max Hash Buckets": 32768, "Min Hash Buckets": 32768, "Max Hash Batches": 1, "Min Hash Batches": 1, "Max Original Hash Batches": 1, "Min Original Hash Batches": 1, "Max Peak Memory Usage": 1, "min Peak Memory Usage": 1, "Plans": [{"Node Type": "Seq Scan", "Parent Relationship": "Outer", "Relation Name": "role_type", "Alias": "rt", "Startup Cost": 0.0, "Total Cost": 1.12, "Plan Rows": 12, "Plan Width": 4, "Actual Min Startup Time": 0.011, "Actual Max Startup Time": 0.011, "Actual Min Total Time": 0.011, "Actual Max Total Time": 0.011, "Actual Total Rows": 12}]}]}, {"Node Type": "Hash", "Parent Relationship": "Inner", "Startup Cost": 1.03, "Total Cost": 1.03, "Plan Rows": 3, "Plan Width": 4, "Actual Min Startup Time": 0.056, "Actual Max Startup Time": 0.056, "Actual Min Total Time": 0.056, "Actual Max Total Time": 0.056, "Actual Total Rows": 3, "Max Hash Buckets": 32768, "Min Hash Buckets": 32768, "Max Hash Batches": 1, "Min Hash Batches": 1, "Max Original Hash Batches": 1, "Min Original Hash Batches": 1, "Max Peak Memory Usage": 1, "min Peak Memory Usage": 1, "Plans": [{"Node Type": "Seq Scan", "Parent Relationship": "Outer", "Relation Name": "company_type", "Alias": "ct", "Startup Cost": 0.0, "Total Cost": 1.03, "Plan Rows": 3, "Plan Width": 4, "Actual Min Startup Time": 0.027, "Actual Max Startup Time": 0.027, "Actual Min Total Time": 0.03, "Actual Max Total Time": 0.03, "Actual Total Rows": 3}]}]}]}, "Triggers": [], "Planner Runtime": 79.157, "Total Runtime": 3616.873, "Unique SQL Id": 3145361615}}, "(64, 101)": {"explain_plan": {"Plan": {"Node Type": "Aggregate", "Strategy": "Plain", "Startup Cost": 1608856.33, "Total Cost": 1608856.34, "Plan Rows": 1, "Plan Width": 97, "Plans": [{"Node Type": "Hash Join", "Parent Relationship": "Outer", "Join Type": "Inner", "Startup Cost": 477794.95, "Total Cost": 1604009.26, "Plan Rows": 969413, "Plan Width": 33, "Inner Unique": true, "Hash Cond": "(mc.company_type_id = ct.id), (LLVM Optimized)", "Plans": [{"Node Type": "Hash Join", "Parent Relationship": "Outer", "Join Type": "Inner", "Startup Cost": 477782.61, "Total Cost": 1590667.5, "Plan Rows": 969413, "Plan Width": 37, "Inner Unique": false, "Hash Cond": "(ci.movie_id = t.id), (LLVM Optimized)", "Plans": [{"Node Type": "Hash Join", "Parent Relationship": "Outer", "Join Type": "Inner", "Startup Cost": 169142.26, "Total Cost": 1269721.6, "Plan Rows": 696330, "Plan Width": 20, "Inner Unique": true, "Hash Cond": "(ci.role_id = rt.id), (LLVM Optimized)", "Plans": [{"Node Type": "Hash Join", "Parent Relationship": "Outer", "Join Type": "Inner", "Startup Cost": 169129.68, "Total Cost": 1260134.48, "Plan Rows": 696330, "Plan Width": 24, "Inner Unique": true, "Hash Cond": "(ci.person_role_id = chn.id), (LLVM Optimized)", "Plans": [{"Node Type": "Streaming(type: LOCAL GATHER dop: 1/64)", "Parent Relationship": "Outer", "Startup Cost": 0.0, "Total Cost": 1078654.91, "Plan Rows": 1436424, "Plan Width": 12, "Plans": [{"Node Type": "Index Scan", "Parent Relationship": "Outer", "Scan Direction": "Forward", "Index Name": "role_id_cast_info", "Relation Name": "cast_info", "Alias": "ci", "Startup Cost": 0.0, "Total Cost": 1049021.65, "Plan Rows": 1436424, "Plan Width": 12, "Filter": "((note)::text ~~ '%(producer)%'::text), (LLVM Optimized)"}]}, {"Node Type": "Hash", "Parent Relationship": "Inner", "Startup Cost": 129875.46, "Total Cost": 129875.46, "Plan Rows": 3140338, "Plan Width": 20, "Plans": [{"Node Type": "Index Scan", "Parent Relationship": "Outer", "Scan Direction": "Forward", "Index Name": "char_name_pkey", "Relation Name": "char_name", "Alias": "chn", "Startup Cost": 0.0, "Total Cost": 129875.46, "Plan Rows": 3140338, "Plan Width": 20}]}]}, {"Node Type": "Hash", "Parent Relationship": "Inner", "Startup Cost": 12.43, "Total Cost": 12.43, "Plan Rows": 12, "Plan Width": 4, "Plans": [{"Node Type": "Index Scan", "Parent Relationship": "Outer", "Scan Direction": "Forward", "Index Name": "role_type_pkey", "Relation Name": "role_type", "Alias": "rt", "Startup Cost": 0.0, "Total Cost": 12.43, "Plan Rows": 12, "Plan Width": 4}]}]}, {"Node Type": "Hash", "Parent Relationship": "Inner", "Startup Cost": 286433.79, "Total Cost": 286433.79, "Plan Rows": 1776525, "Plan Width": 29, "Plans": [{"Node Type": "Hash Join", "Parent Relationship": "Outer", "Join Type": "Inner", "Startup Cost": 148070.36, "Total Cost": 286433.79, "Plan Rows": 1776525, "Plan Width": 29, "Inner Unique": true, "Hash Cond": "(mc.movie_id = t.id), (LLVM Optimized)", "Plans": [{"Node Type": "Hash Join", "Parent Relationship": "Outer", "Join Type": "Inner", "Startup Cost": 9768.6, "Total Cost": 125558.11, "Plan Rows": 1282311, "Plan Width": 8, "Inner Unique": true, "Hash Cond": "(mc.company_id = cn.id), (LLVM Optimized)", "Plans": [{"Node Type": "Index Scan", "Parent Relationship": "Outer", "Scan Direction": "Forward", "Index Name": "company_type_id_movie_companies", "Relation Name": "movie_companies", "Alias": "mc", "Startup Cost": 0.0, "Total Cost": 93182.17, "Plan Rows": 2609128, "Plan Width": 12}, {"Node Type": "Hash", "Parent Relationship": "Inner", "Startup Cost": 8703.97, "Total Cost": 8703.97, "Plan Rows": 85170, "Plan Width": 4, "Plans": [{"Node Type": "Bitmap Heap Scan", "Parent Relationship": "Outer", "Relation Name": "company_name", "Alias": "cn", "Startup Cost": 2800.52, "Total Cost": 8703.97, "Plan Rows": 85170, "Plan Width": 4, "Filter": "((country_code)::text = '[us]'::text)", "Plans": [{"Node Type": "Bitmap Index Scan", "Parent Relationship": "Outer", "Index Name": "company_name_pkey", "Startup Cost": 0.0, "Total Cost": 2779.23, "Plan Rows": 234996, "Plan Width": 0}]}]}]}, {"Node Type": "Hash", "Parent Relationship": "Inner", "Startup Cost": 116441.27, "Total Cost": 116441.27, "Plan Rows": 1748840, "Plan Width": 21, "Plans": [{"Node Type": "Index Scan", "Parent Relationship": "Outer", "Scan Direction": "Forward", "Index Name": "title_pkey", "Relation Name": "title", "Alias": "t", "Startup Cost": 0.0, "Total Cost": 116441.27, "Plan Rows": 1748840, "Plan Width": 21, "Filter": "(production_year > 1990), (LLVM Optimized)"}]}]}]}]}, {"Node Type": "Hash", "Parent Relationship": "Inner", "Startup Cost": 12.29, "Total Cost": 12.29, "Plan Rows": 3, "Plan Width": 4, "Plans": [{"Node Type": "Index Scan", "Parent Relationship": "Outer", "Scan Direction": "Forward", "Index Name": "company_type_pkey", "Relation Name": "company_type", "Alias": "ct", "Startup Cost": 0.0, "Total Cost": 12.29, "Plan Rows": 3, "Plan Width": 4}]}]}]}, "Unique SQL Id": 3145361615}, "explain_analyze_plan": null}, "(64, 102)": {"explain_plan": {"Plan": {"Node Type": "Aggregate", "Strategy": "Plain", "Startup Cost": 515623.68, "Total Cost": 515623.69, "Plan Rows": 1, "Plan Width": 97, "Plans": [{"Node Type": "Hash Join", "Parent Relationship": "Outer", "Join Type": "Inner", "Startup Cost": 405190.17, "Total Cost": 510776.61, "Plan Rows": 969413, "Plan Width": 33, "Inner Unique": true, "Hash Cond": "(mc.company_type_id = ct.id), (LLVM Optimized)", "Plans": [{"Node Type": "Hash Join", "Parent Relationship": "Outer", "Join Type": "Inner", "Startup Cost": 405189.1, "Total Cost": 497446.12, "Plan Rows": 969413, "Plan Width": 37, "Inner Unique": true, "Hash Cond": "(ci.role_id = rt.id), (LLVM Optimized)", "Plans": [{"Node Type": "Hash Join", "Parent Relationship": "Outer", "Join Type": "Inner", "Startup Cost": 405188.67, "Total Cost": 484116.26, "Plan Rows": 969413, "Plan Width": 41, "Inner Unique": false, "Hash Cond": "(mc.movie_id = t.id), (LLVM Optimized)", "Plans": [{"Node Type": "Hash Join", "Parent Relationship": "Outer", "Join Type": "Inner", "Startup Cost": 6968.08, "Total Cost": 71392.69, "Plan Rows": 1282311, "Plan Width": 8, "Inner Unique": true, "Hash Cond": "(mc.company_id = cn.id), (LLVM Optimized)", "Plans": [{"Node Type": "Seq Scan", "Parent Relationship": "Outer", "Relation Name": "movie_companies", "Alias": "mc", "Startup Cost": 0.0, "Total Cost": 41817.28, "Plan Rows": 2609128, "Plan Width": 12}, {"Node Type": "Hash", "Parent Relationship": "Inner", "Startup Cost": 5903.45, "Total Cost": 5903.45, "Plan Rows": 85170, "Plan Width": 4, "Plans": [{"Node Type": "Seq Scan", "Parent Relationship": "Outer", "Relation Name": "company_name", "Alias": "cn", "Startup Cost": 0.0, "Total Cost": 5903.45, "Plan Rows": 85170, "Plan Width": 4, "Filter": "((country_code)::text = '[us]'::text)"}]}]}, {"Node Type": "Hash", "Parent Relationship": "Inner", "Startup Cost": 386291.56, "Total Cost": 386291.56, "Plan Rows": 954323, "Plan Width": 45, "Plans": [{"Node Type": "Streaming(type: LOCAL GATHER dop: 1/64)", "Parent Relationship": "Outer", "Startup Cost": 162901.55, "Total Cost": 386291.56, "Plan Rows": 954323, "Plan Width": 45, "Plans": [{"Node Type": "Hash Join", "Parent Relationship": "Outer", "Join Type": "Inner", "Startup Cost": 162901.55, "Total Cost": 366603.99, "Plan Rows": 954323, "Plan Width": 45, "Inner Unique": true, "Hash Cond": "(ci.person_role_id = chn.id), (LLVM Optimized)", "Plans": [{"Node Type": "Streaming(type: LOCAL REDISTRIBUTE dop: 64/64)", "Parent Relationship": "Outer", "Startup Cost": 129035.53, "Total Cost": 332473.51, "Plan Rows": 1968625, "Plan Width": 33, "Plans": [{"Node Type": "Hash Join", "Parent Relationship": "Outer", "Join Type": "Inner", "Startup Cost": 129035.53, "Total Cost": 267608.7, "Plan Rows": 1968625, "Plan Width": 33, "Inner Unique": true, "Hash Cond": "(ci.movie_id = t.id), (LLVM Optimized)", "Plans": [{"Node Type": "Streaming(type: LOCAL REDISTRIBUTE dop: 64/64)", "Parent Relationship": "Outer", "Startup Cost": 0.0, "Total Cost": 138181.4, "Plan Rows": 1436424, "Plan Width": 12, "Plans": [{"Node Type": "Seq Scan", "Parent Relationship": "Outer", "Relation Name": "cast_info", "Alias": "ci", "Startup Cost": 0.0, "Total Cost": 73820.73, "Plan Rows": 1436424, "Plan Width": 12, "Filter": "((note)::text ~~ '%(producer)%'::text), (LLVM Optimized)"}]}, {"Node Type": "Hash", "Parent Relationship": "Inner", "Startup Cost": 128693.96, "Total Cost": 128693.96, "Plan Rows": 1748840, "Plan Width": 21, "Plans": [{"Node Type": "Streaming(type: LOCAL REDISTRIBUTE dop: 64/64)", "Parent Relationship": "Outer", "Startup Cost": 0.0, "Total Cost": 128693.96, "Plan Rows": 1748840, "Plan Width": 21, "Plans": [{"Node Type": "Seq Scan", "Parent Relationship": "Outer", "Relation Name": "title", "Alias": "t", "Startup Cost": 0.0, "Total Cost": 64037.34, "Plan Rows": 1748840, "Plan Width": 21, "Filter": "(production_year > 1990), (LLVM Optimized)"}]}]}]}]}, {"Node Type": "Hash", "Parent Relationship": "Inner", "Startup Cost": 130029.32, "Total Cost": 130029.32, "Plan Rows": 3140338, "Plan Width": 20, "Plans": [{"Node Type": "Streaming(type: LOCAL REDISTRIBUTE dop: 64/64)", "Parent Relationship": "Outer", "Startup Cost": 0.0, "Total Cost": 130029.32, "Plan Rows": 3140338, "Plan Width": 20, "Plans": [{"Node Type": "Seq Scan", "Parent Relationship": "Outer", "Relation Name": "char_name", "Alias": "chn", "Startup Cost": 0.0, "Total Cost": 64054.58, "Plan Rows": 3140338, "Plan Width": 20}]}]}]}]}]}]}, {"Node Type": "Hash", "Parent Relationship": "Inner", "Startup Cost": 1.12, "Total Cost": 1.12, "Plan Rows": 12, "Plan Width": 4, "Plans": [{"Node Type": "Seq Scan", "Parent Relationship": "Outer", "Relation Name": "role_type", "Alias": "rt", "Startup Cost": 0.0, "Total Cost": 1.12, "Plan Rows": 12, "Plan Width": 4}]}]}, {"Node Type": "Hash", "Parent Relationship": "Inner", "Startup Cost": 1.03, "Total Cost": 1.03, "Plan Rows": 3, "Plan Width": 4, "Plans": [{"Node Type": "Seq Scan", "Parent Relationship": "Outer", "Relation Name": "company_type", "Alias": "ct", "Startup Cost": 0.0, "Total Cost": 1.03, "Plan Rows": 3, "Plan Width": 4}]}]}]}, "Unique SQL Id": 3145361615}, "explain_analyze_plan": {"Plan": {"Node Type": "Aggregate", "Strategy": "Plain", "Startup Cost": 515623.68, "Total Cost": 515623.69, "Plan Rows": 1, "Plan Width": 97, "Actual Min Startup Time": 3512.81, "Actual Max Startup Time": 3512.81, "Actual Min Total Time": 3512.81, "Actual Max Total Time": 3512.81, "Actual Total Rows": 1, "Plans": [{"Node Type": "Hash Join", "Parent Relationship": "Outer", "Join Type": "Inner", "Startup Cost": 405190.17, "Total Cost": 510776.61, "Plan Rows": 969413, "Plan Width": 33, "Actual Min Startup Time": 3150.989, "Actual Max Startup Time": 3150.989, "Actual Min Total Time": 3512.763, "Actual Max Total Time": 3512.763, "Actual Total Rows": 4, "Inner Unique": true, "Hash Cond": "(mc.company_type_id = ct.id), (LLVM Optimized, Jit Execute)", "Plans": [{"Node Type": "Hash Join", "Parent Relationship": "Outer", "Join Type": "Inner", "Startup Cost": 405189.1, "Total Cost": 497446.12, "Plan Rows": 969413, "Plan Width": 37, "Actual Min Startup Time": 2306.919, "Actual Max Startup Time": 2306.919, "Actual Min Total Time": 3512.569, "Actual Max Total Time": 3512.569, "Actual Total Rows": 10, "Inner Unique": true, "Hash Cond": "(ci.role_id = rt.id), (LLVM Optimized, Jit Execute)", "Plans": [{"Node Type": "Hash Join", "Parent Relationship": "Outer", "Join Type": "Inner", "Startup Cost": 405188.67, "Total Cost": 484116.26, "Plan Rows": 969413, "Plan Width": 41, "Actual Min Startup Time": 2306.816, "Actual Max Startup Time": 2306.816, "Actual Min Total Time": 3512.299, "Actual Max Total Time": 3512.299, "Actual Total Rows": 10, "Inner Unique": false, "Hash Cond": "(mc.movie_id = t.id), (LLVM Optimized, Jit Execute)", "Plans": [{"Node Type": "Hash Join", "Parent Relationship": "Outer", "Join Type": "Inner", "Startup Cost": 6968.08, "Total Cost": 71392.69, "Plan Rows": 1282311, "Plan Width": 8, "Actual Min Startup Time": 121.767, "Actual Max Startup Time": 121.767, "Actual Min Total Time": 1517.199, "Actual Max Total Time": 1517.199, "Actual Total Rows": 1153797, "Inner Unique": true, "Hash Cond": "(mc.company_id = cn.id), (LLVM Optimized, Jit Execute)", "Plans": [{"Node Type": "Seq Scan", "Parent Relationship": "Outer", "Relation Name": "movie_companies", "Alias": "mc", "Startup Cost": 0.0, "Total Cost": 41817.28, "Plan Rows": 2609128, "Plan Width": 12, "Actual Min Startup Time": 0.051, "Actual Max Startup Time": 0.051, "Actual Min Total Time": 586.979, "Actual Max Total Time": 586.979, "Actual Total Rows": 2609128}, {"Node Type": "Hash", "Parent Relationship": "Inner", "Startup Cost": 5903.45, "Total Cost": 5903.45, "Plan Rows": 85170, "Plan Width": 4, "Actual Min Startup Time": 121.51, "Actual Max Startup Time": 121.51, "Actual Min Total Time": 121.51, "Actual Max Total Time": 121.51, "Actual Total Rows": 84843, "Max Hash Buckets": 131072, "Min Hash Buckets": 131072, "Max Hash Batches": 1, "Min Hash Batches": 1, "Max Original Hash Batches": 1, "Min Original Hash Batches": 1, "Max Peak Memory Usage": 2983, "min Peak Memory Usage": 2983, "Plans": [{"Node Type": "Seq Scan", "Parent Relationship": "Outer", "Relation Name": "company_name", "Alias": "cn", "Startup Cost": 0.0, "Total Cost": 5903.45, "Plan Rows": 85170, "Plan Width": 4, "Actual Min Startup Time": 0.037, "Actual Max Startup Time": 0.037, "Actual Min Total Time": 93.104, "Actual Max Total Time": 93.104, "Actual Total Rows": 84843, "Filter": "((country_code)::text = '[us]'::text)", "Rows Removed by Filter": 150153}]}]}, {"Node Type": "Hash", "Parent Relationship": "Inner", "Startup Cost": 386291.56, "Total Cost": 386291.56, "Plan Rows": 954323, "Plan Width": 45, "Actual Min Startup Time": 1772.978, "Actual Max Startup Time": 1772.978, "Actual Min Total Time": 1772.978, "Actual Max Total Time": 1772.978, "Actual Total Rows": 12, "Max Hash Buckets": 1048576, "Min Hash Buckets": 1048576, "Max Hash Batches": 1, "Min Hash Batches": 1, "Max Original Hash Batches": 1, "Min Original Hash Batches": 1, "Max Peak Memory Usage": 1, "min Peak Memory Usage": 1, "Plans": [{"Node Type": "Streaming(type: LOCAL GATHER dop: 1/64)", "Parent Relationship": "Outer", "Startup Cost": 162901.55, "Total Cost": 386291.56, "Plan Rows": 954323, "Plan Width": 45, "Actual Min Startup Time": 1770.895, "Actual Max Startup Time": 1770.895, "Actual Min Total Time": 1772.939, "Actual Max Total Time": 1772.939, "Actual Total Rows": 12, "Plans": [{"Node Type": "Hash Join", "Parent Relationship": "Outer", "Join Type": "Inner", "Startup Cost": 162901.55, "Total Cost": 366603.99, "Plan Rows": 954323, "Plan Width": 45, "Actual Min Startup Time": 1051.258, "Actual Max Startup Time": 1368.871, "Actual Min Total Time": 1051.258, "Actual Max Total Time": 1368.871, "Actual Total Rows": 12, "Inner Unique": true, "Hash Cond": "(ci.person_role_id = chn.id), (LLVM Optimized, Jit Execute)", "Plans": [{"Node Type": "Streaming(type: LOCAL REDISTRIBUTE dop: 64/64)", "Parent Relationship": "Outer", "Startup Cost": 129035.53, "Total Cost": 332473.51, "Plan Rows": 1968625, "Plan Width": 33, "Actual Min Startup Time": 0.324, "Actual Max Startup Time": 772.355, "Actual Min Total Time": 652.101, "Actual Max Total Time": 772.355, "Actual Total Rows": 1071330, "Plans": [{"Node Type": "Hash Join", "Parent Relationship": "Outer", "Join Type": "Inner", "Startup Cost": 129035.53, "Total Cost": 267608.7, "Plan Rows": 1968625, "Plan Width": 33, "Actual Min Startup Time": 216.428, "Actual Max Startup Time": 564.106, "Actual Min Total Time": 457.061, "Actual Max Total Time": 893.331, "Actual Total Rows": 1071330, "Inner Unique": true, "Hash Cond": "(ci.movie_id = t.id), (LLVM Optimized, Jit Execute)", "Plans": [{"Node Type": "Streaming(type: LOCAL REDISTRIBUTE dop: 64/64)", "Parent Relationship": "Outer", "Startup Cost": 0.0, "Total Cost": 138181.4, "Plan Rows": 1436424, "Plan Width": 12, "Actual Min Startup Time": 0.224, "Actual Max Startup Time": 65.822, "Actual Min Total Time": 189.689, "Actual Max Total Time": 355.253, "Actual Total Rows": 1435439, "Plans": [{"Node Type": "Seq Scan", "Parent Relationship": "Outer", "Relation Name": "cast_info", "Alias": "ci", "Startup Cost": 0.0, "Total Cost": 73820.73, "Plan Rows": 1436424, "Plan Width": 12, "Actual Min Startup Time": 14.06, "Actual Max Startup Time": 104.928, "Actual Min Total Time": 178.13, "Actual Max Total Time": 267.3, "Actual Total Rows": 1435439, "Filter": "((note)::text ~~ '%(producer)%'::text), (LLVM Optimized, Jit Execute)", "Rows Removed by Filter": 34808904}]}, {"Node Type": "Hash", "Parent Relationship": "Inner", "Startup Cost": 128693.96, "Total Cost": 128693.96, "Plan Rows": 1748840, "Plan Width": 21, "Actual Min Startup Time": 215.79, "Actual Max Startup Time": 563.556, "Actual Min Total Time": 215.79, "Actual Max Total Time": 563.556, "Actual Total Rows": 1749032, "Max Hash Buckets": 32768, "Min Hash Buckets": 32768, "Max Hash Batches": 1, "Min Hash Batches": 1, "Max Original Hash Batches": 1, "Min Original Hash Batches": 1, "Max Peak Memory Usage": 1467, "min Peak Memory Usage": 1467, "Plans": [{"Node Type": "Streaming(type: LOCAL REDISTRIBUTE dop: 64/64)", "Parent Relationship": "Outer", "Startup Cost": 0.0, "Total Cost": 128693.96, "Plan Rows": 1748840, "Plan Width": 21, "Actual Min Startup Time": 0.129, "Actual Max Startup Time": 217.095, "Actual Min Total Time": 175.094, "Actual Max Total Time": 547.198, "Actual Total Rows": 1749032, "Plans": [{"Node Type": "Seq Scan", "Parent Relationship": "Outer", "Relation Name": "title", "Alias": "t", "Startup Cost": 0.0, "Total Cost": 64037.34, "Plan Rows": 1748840, "Plan Width": 21, "Actual Min Startup Time": 0.033, "Actual Max Startup Time": 0.11, "Actual Min Total Time": 17.019, "Actual Max Total Time": 53.031, "Actual Total Rows": 1749032, "Filter": "(production_year > 1990), (LLVM Optimized, Jit Execute)", "Rows Removed by Filter": 779279}]}]}]}]}, {"Node Type": "Hash", "Parent Relationship": "Inner", "Startup Cost": 130029.32, "Total Cost": 130029.32, "Plan Rows": 3140338, "Plan Width": 20, "Actual Min Startup Time": 278.829, "Actual Max Startup Time": 596.445, "Actual Min Total Time": 278.829, "Actual Max Total Time": 596.445, "Actual Total Rows": 3140338, "Max Hash Buckets": 65536, "Min Hash Buckets": 65536, "Max Hash Batches": 1, "Min Hash Batches": 1, "Max Original Hash Batches": 1, "Min Original Hash Batches": 1, "Max Peak Memory Usage": 2583, "min Peak Memory Usage": 2583, "Plans": [{"Node Type": "Streaming(type: LOCAL REDISTRIBUTE dop: 64/64)", "Parent Relationship": "Outer", "Startup Cost": 0.0, "Total Cost": 130029.32, "Plan Rows": 3140338, "Plan Width": 20, "Actual Min Startup Time": 0.123, "Actual Max Startup Time": 61.811, "Actual Min Total Time": 193.575, "Actual Max Total Time": 548.555, "Actual Total Rows": 3140338, "Plans": [{"Node Type": "Seq Scan", "Parent Relationship": "Outer", "Relation Name": "char_name", "Alias": "chn", "Startup Cost": 0.0, "Total Cost": 64054.58, "Plan Rows": 3140338, "Plan Width": 20, "Actual Min Startup Time": 0.02, "Actual Max Startup Time": 0.066, "Actual Min Total Time": 18.533, "Actual Max Total Time": 43.707, "Actual Total Rows": 3140338}]}]}]}]}]}]}, {"Node Type": "Hash", "Parent Relationship": "Inner", "Startup Cost": 1.12, "Total Cost": 1.12, "Plan Rows": 12, "Plan Width": 4, "Actual Min Startup Time": 0.02, "Actual Max Startup Time": 0.02, "Actual Min Total Time": 0.02, "Actual Max Total Time": 0.02, "Actual Total Rows": 12, "Max Hash Buckets": 32768, "Min Hash Buckets": 32768, "Max Hash Batches": 1, "Min Hash Batches": 1, "Max Original Hash Batches": 1, "Min Original Hash Batches": 1, "Max Peak Memory Usage": 1, "min Peak Memory Usage": 1, "Plans": [{"Node Type": "Seq Scan", "Parent Relationship": "Outer", "Relation Name": "role_type", "Alias": "rt", "Startup Cost": 0.0, "Total Cost": 1.12, "Plan Rows": 12, "Plan Width": 4, "Actual Min Startup Time": 0.011, "Actual Max Startup Time": 0.011, "Actual Min Total Time": 0.011, "Actual Max Total Time": 0.011, "Actual Total Rows": 12}]}]}, {"Node Type": "Hash", "Parent Relationship": "Inner", "Startup Cost": 1.03, "Total Cost": 1.03, "Plan Rows": 3, "Plan Width": 4, "Actual Min Startup Time": 0.056, "Actual Max Startup Time": 0.056, "Actual Min Total Time": 0.056, "Actual Max Total Time": 0.056, "Actual Total Rows": 3, "Max Hash Buckets": 32768, "Min Hash Buckets": 32768, "Max Hash Batches": 1, "Min Hash Batches": 1, "Max Original Hash Batches": 1, "Min Original Hash Batches": 1, "Max Peak Memory Usage": 1, "min Peak Memory Usage": 1, "Plans": [{"Node Type": "Seq Scan", "Parent Relationship": "Outer", "Relation Name": "company_type", "Alias": "ct", "Startup Cost": 0.0, "Total Cost": 1.03, "Plan Rows": 3, "Plan Width": 4, "Actual Min Startup Time": 0.027, "Actual Max Startup Time": 0.027, "Actual Min Total Time": 0.03, "Actual Max Total Time": 0.03, "Actual Total Rows": 3}]}]}]}, "Triggers": [], "Planner Runtime": 79.157, "Total Runtime": 3616.873, "Unique SQL Id": 3145361615}}, "(64, 103)": {"explain_plan": {"Plan": {"Node Type": "Aggregate", "Strategy": "Plain", "Startup Cost": 1963906.79, "Total Cost": 1963906.8, "Plan Rows": 1, "Plan Width": 97, "Plans": [{"Node Type": "Hash Join", "Parent Relationship": "Outer", "Join Type": "Inner", "Startup Cost": 1218973.64, "Total Cost": 1959059.72, "Plan Rows": 969413, "Plan Width": 33, "Inner Unique": true, "Hash Cond": "(mc.company_type_id = ct.id), (LLVM Optimized)", "Plans": [{"Node Type": "Hash Join", "Parent Relationship": "Outer", "Join Type": "Inner", "Startup Cost": 1218961.31, "Total Cost": 1945717.96, "Plan Rows": 969413, "Plan Width": 37, "Inner Unique": false, "Hash Cond": "(ci.movie_id = t.id), (LLVM Optimized)", "Plans": [{"Node Type": "Hash Join", "Parent Relationship": "Outer", "Join Type": "Inner", "Startup Cost": 909656.04, "Total Cost": 1624107.14, "Plan Rows": 696330, "Plan Width": 20, "Inner Unique": true, "Hash Cond": "(ci.role_id = rt.id), (LLVM Optimized)", "Plans": [{"Node Type": "Hash Join", "Parent Relationship": "Outer", "Join Type": "Inner", "Startup Cost": 909643.46, "Total Cost": 1614520.02, "Plan Rows": 696330, "Plan Width": 24, "Inner Unique": true, "Hash Cond": "(ci.person_role_id = chn.id), (LLVM Optimized)", "Plans": [{"Node Type": "Bitmap Heap Scan", "Parent Relationship": "Outer", "Relation Name": "cast_info", "Alias": "ci", "Startup Cost": 739944.83, "Total Cost": 1432471.5, "Plan Rows": 1436424, "Plan Width": 12, "Filter": "((note)::text ~~ '%(producer)%'::text), (LLVM Optimized)", "Plans": [{"Node Type": "Bitmap Index Scan", "Parent Relationship": "Outer", "Index Name": "person_role_id_cast_info", "Startup Cost": 0.0, "Total Cost": 739585.72, "Plan Rows": 36259494, "Plan Width": 0}]}, {"Node Type": "Hash", "Parent Relationship": "Inner", "Startup Cost": 130444.4, "Total Cost": 130444.4, "Plan Rows": 3140338, "Plan Width": 20, "Plans": [{"Node Type": "Bitmap Heap Scan", "Parent Relationship": "Outer", "Relation Name": "char_name", "Alias": "chn", "Startup Cost": 62951.02, "Total Cost": 130444.4, "Plan Rows": 3140338, "Plan Width": 20, "Plans": [{"Node Type": "Bitmap Index Scan", "Parent Relationship": "Outer", "Index Name": "char_name_pkey", "Startup Cost": 0.0, "Total Cost": 62165.94, "Plan Rows": 3140338, "Plan Width": 0}]}]}]}, {"Node Type": "Hash", "Parent Relationship": "Inner", "Startup Cost": 12.43, "Total Cost": 12.43, "Plan Rows": 12, "Plan Width": 4, "Plans": [{"Node Type": "Bitmap Heap Scan", "Parent Relationship": "Outer", "Relation Name": "role_type", "Alias": "rt", "Startup Cost": 8.31, "Total Cost": 12.43, "Plan Rows": 12, "Plan Width": 4, "Plans": [{"Node Type": "Bitmap Index Scan", "Parent Relationship": "Outer", "Index Name": "role_type_pkey", "Startup Cost": 0.0, "Total Cost": 8.31, "Plan Rows": 12, "Plan Width": 0}]}]}]}, {"Node Type": "Hash", "Parent Relationship": "Inner", "Startup Cost": 287098.71, "Total Cost": 287098.71, "Plan Rows": 1776525, "Plan Width": 29, "Plans": [{"Node Type": "Hash Join", "Parent Relationship": "Outer", "Join Type": "Inner", "Startup Cost": 200100.17, "Total Cost": 287098.71, "Plan Rows": 1776525, "Plan Width": 29, "Inner Unique": true, "Hash Cond": "(mc.movie_id = t.id), (LLVM Optimized)", "Plans": [{"Node Type": "Hash Join", "Parent Relationship": "Outer", "Join Type": "Inner", "Startup Cost": 61758.77, "Total Cost": 126183.39, "Plan Rows": 1282311, "Plan Width": 8, "Inner Unique": true, "Hash Cond": "(mc.company_id = cn.id), (LLVM Optimized)", "Plans": [{"Node Type": "Bitmap Heap Scan", "Parent Relationship": "Outer", "Relation Name": "movie_companies", "Alias": "mc", "Startup Cost": 51990.17, "Total Cost": 93807.45, "Plan Rows": 2609128, "Plan Width": 12, "Plans": [{"Node Type": "Bitmap Index Scan", "Parent Relationship": "Outer", "Index Name": "movie_id_movie_companies", "Startup Cost": 0.0, "Total Cost": 51337.89, "Plan Rows": 2609128, "Plan Width": 0}]}, {"Node Type": "Hash", "Parent Relationship": "Inner", "Startup Cost": 8703.97, "Total Cost": 8703.97, "Plan Rows": 85170, "Plan Width": 4, "Plans": [{"Node Type": "Bitmap Heap Scan", "Parent Relationship": "Outer", "Relation Name": "company_name", "Alias": "cn", "Startup Cost": 2800.52, "Total Cost": 8703.97, "Plan Rows": 85170, "Plan Width": 4, "Filter": "((country_code)::text = '[us]'::text)", "Plans": [{"Node Type": "Bitmap Index Scan", "Parent Relationship": "Outer", "Index Name": "company_name_pkey", "Startup Cost": 0.0, "Total Cost": 2779.23, "Plan Rows": 234996, "Plan Width": 0}]}]}]}, {"Node Type": "Hash", "Parent Relationship": "Inner", "Startup Cost": 116480.9, "Total Cost": 116480.9, "Plan Rows": 1748840, "Plan Width": 21, "Plans": [{"Node Type": "Bitmap Heap Scan", "Parent Relationship": "Outer", "Relation Name": "title", "Alias": "t", "Startup Cost": 50091.01, "Total Cost": 116480.9, "Plan Rows": 1748840, "Plan Width": 21, "Filter": "(production_year > 1990), (LLVM Optimized)", "Plans": [{"Node Type": "Bitmap Index Scan", "Parent Relationship": "Outer", "Index Name": "title_pkey", "Startup Cost": 0.0, "Total Cost": 49653.81, "Plan Rows": 2528311, "Plan Width": 0}]}]}]}]}]}, {"Node Type": "Hash", "Parent Relationship": "Inner", "Startup Cost": 12.3, "Total Cost": 12.3, "Plan Rows": 3, "Plan Width": 4, "Plans": [{"Node Type": "Bitmap Heap Scan", "Parent Relationship": "Outer", "Relation Name": "company_type", "Alias": "ct", "Startup Cost": 8.27, "Total Cost": 12.3, "Plan Rows": 3, "Plan Width": 4, "Plans": [{"Node Type": "Bitmap Index Scan", "Parent Relationship": "Outer", "Index Name": "company_type_pkey", "Startup Cost": 0.0, "Total Cost": 8.27, "Plan Rows": 3, "Plan Width": 0}]}]}]}]}, "Unique SQL Id": 3145361615}, "explain_analyze_plan": null}, "(64, 104)": {"explain_plan": {"Plan": {"Node Type": "Aggregate", "Strategy": "Plain", "Startup Cost": 515623.68, "Total Cost": 515623.69, "Plan Rows": 1, "Plan Width": 97, "Plans": [{"Node Type": "Hash Join", "Parent Relationship": "Outer", "Join Type": "Inner", "Startup Cost": 405190.17, "Total Cost": 510776.61, "Plan Rows": 969413, "Plan Width": 33, "Inner Unique": true, "Hash Cond": "(mc.company_type_id = ct.id), (LLVM Optimized)", "Plans": [{"Node Type": "Hash Join", "Parent Relationship": "Outer", "Join Type": "Inner", "Startup Cost": 405189.1, "Total Cost": 497446.12, "Plan Rows": 969413, "Plan Width": 37, "Inner Unique": true, "Hash Cond": "(ci.role_id = rt.id), (LLVM Optimized)", "Plans": [{"Node Type": "Hash Join", "Parent Relationship": "Outer", "Join Type": "Inner", "Startup Cost": 405188.67, "Total Cost": 484116.26, "Plan Rows": 969413, "Plan Width": 41, "Inner Unique": false, "Hash Cond": "(mc.movie_id = t.id), (LLVM Optimized)", "Plans": [{"Node Type": "Hash Join", "Parent Relationship": "Outer", "Join Type": "Inner", "Startup Cost": 6968.08, "Total Cost": 71392.69, "Plan Rows": 1282311, "Plan Width": 8, "Inner Unique": true, "Hash Cond": "(mc.company_id = cn.id), (LLVM Optimized)", "Plans": [{"Node Type": "Seq Scan", "Parent Relationship": "Outer", "Relation Name": "movie_companies", "Alias": "mc", "Startup Cost": 0.0, "Total Cost": 41817.28, "Plan Rows": 2609128, "Plan Width": 12}, {"Node Type": "Hash", "Parent Relationship": "Inner", "Startup Cost": 5903.45, "Total Cost": 5903.45, "Plan Rows": 85170, "Plan Width": 4, "Plans": [{"Node Type": "Seq Scan", "Parent Relationship": "Outer", "Relation Name": "company_name", "Alias": "cn", "Startup Cost": 0.0, "Total Cost": 5903.45, "Plan Rows": 85170, "Plan Width": 4, "Filter": "((country_code)::text = '[us]'::text)"}]}]}, {"Node Type": "Hash", "Parent Relationship": "Inner", "Startup Cost": 386291.56, "Total Cost": 386291.56, "Plan Rows": 954323, "Plan Width": 45, "Plans": [{"Node Type": "Streaming(type: LOCAL GATHER dop: 1/64)", "Parent Relationship": "Outer", "Startup Cost": 162901.55, "Total Cost": 386291.56, "Plan Rows": 954323, "Plan Width": 45, "Plans": [{"Node Type": "Hash Join", "Parent Relationship": "Outer", "Join Type": "Inner", "Startup Cost": 162901.55, "Total Cost": 366603.99, "Plan Rows": 954323, "Plan Width": 45, "Inner Unique": true, "Hash Cond": "(ci.person_role_id = chn.id), (LLVM Optimized)", "Plans": [{"Node Type": "Streaming(type: LOCAL REDISTRIBUTE dop: 64/64)", "Parent Relationship": "Outer", "Startup Cost": 129035.53, "Total Cost": 332473.51, "Plan Rows": 1968625, "Plan Width": 33, "Plans": [{"Node Type": "Hash Join", "Parent Relationship": "Outer", "Join Type": "Inner", "Startup Cost": 129035.53, "Total Cost": 267608.7, "Plan Rows": 1968625, "Plan Width": 33, "Inner Unique": true, "Hash Cond": "(ci.movie_id = t.id), (LLVM Optimized)", "Plans": [{"Node Type": "Streaming(type: LOCAL REDISTRIBUTE dop: 64/64)", "Parent Relationship": "Outer", "Startup Cost": 0.0, "Total Cost": 138181.4, "Plan Rows": 1436424, "Plan Width": 12, "Plans": [{"Node Type": "Seq Scan", "Parent Relationship": "Outer", "Relation Name": "cast_info", "Alias": "ci", "Startup Cost": 0.0, "Total Cost": 73820.73, "Plan Rows": 1436424, "Plan Width": 12, "Filter": "((note)::text ~~ '%(producer)%'::text), (LLVM Optimized)"}]}, {"Node Type": "Hash", "Parent Relationship": "Inner", "Startup Cost": 128693.96, "Total Cost": 128693.96, "Plan Rows": 1748840, "Plan Width": 21, "Plans": [{"Node Type": "Streaming(type: LOCAL REDISTRIBUTE dop: 64/64)", "Parent Relationship": "Outer", "Startup Cost": 0.0, "Total Cost": 128693.96, "Plan Rows": 1748840, "Plan Width": 21, "Plans": [{"Node Type": "Seq Scan", "Parent Relationship": "Outer", "Relation Name": "title", "Alias": "t", "Startup Cost": 0.0, "Total Cost": 64037.34, "Plan Rows": 1748840, "Plan Width": 21, "Filter": "(production_year > 1990), (LLVM Optimized)"}]}]}]}]}, {"Node Type": "Hash", "Parent Relationship": "Inner", "Startup Cost": 130029.32, "Total Cost": 130029.32, "Plan Rows": 3140338, "Plan Width": 20, "Plans": [{"Node Type": "Streaming(type: LOCAL REDISTRIBUTE dop: 64/64)", "Parent Relationship": "Outer", "Startup Cost": 0.0, "Total Cost": 130029.32, "Plan Rows": 3140338, "Plan Width": 20, "Plans": [{"Node Type": "Seq Scan", "Parent Relationship": "Outer", "Relation Name": "char_name", "Alias": "chn", "Startup Cost": 0.0, "Total Cost": 64054.58, "Plan Rows": 3140338, "Plan Width": 20}]}]}]}]}]}]}, {"Node Type": "Hash", "Parent Relationship": "Inner", "Startup Cost": 1.12, "Total Cost": 1.12, "Plan Rows": 12, "Plan Width": 4, "Plans": [{"Node Type": "Seq Scan", "Parent Relationship": "Outer", "Relation Name": "role_type", "Alias": "rt", "Startup Cost": 0.0, "Total Cost": 1.12, "Plan Rows": 12, "Plan Width": 4}]}]}, {"Node Type": "Hash", "Parent Relationship": "Inner", "Startup Cost": 1.03, "Total Cost": 1.03, "Plan Rows": 3, "Plan Width": 4, "Plans": [{"Node Type": "Seq Scan", "Parent Relationship": "Outer", "Relation Name": "company_type", "Alias": "ct", "Startup Cost": 0.0, "Total Cost": 1.03, "Plan Rows": 3, "Plan Width": 4}]}]}]}, "Unique SQL Id": 3145361615}, "explain_analyze_plan": {"Plan": {"Node Type": "Aggregate", "Strategy": "Plain", "Startup Cost": 515623.68, "Total Cost": 515623.69, "Plan Rows": 1, "Plan Width": 97, "Actual Min Startup Time": 3512.81, "Actual Max Startup Time": 3512.81, "Actual Min Total Time": 3512.81, "Actual Max Total Time": 3512.81, "Actual Total Rows": 1, "Plans": [{"Node Type": "Hash Join", "Parent Relationship": "Outer", "Join Type": "Inner", "Startup Cost": 405190.17, "Total Cost": 510776.61, "Plan Rows": 969413, "Plan Width": 33, "Actual Min Startup Time": 3150.989, "Actual Max Startup Time": 3150.989, "Actual Min Total Time": 3512.763, "Actual Max Total Time": 3512.763, "Actual Total Rows": 4, "Inner Unique": true, "Hash Cond": "(mc.company_type_id = ct.id), (LLVM Optimized, Jit Execute)", "Plans": [{"Node Type": "Hash Join", "Parent Relationship": "Outer", "Join Type": "Inner", "Startup Cost": 405189.1, "Total Cost": 497446.12, "Plan Rows": 969413, "Plan Width": 37, "Actual Min Startup Time": 2306.919, "Actual Max Startup Time": 2306.919, "Actual Min Total Time": 3512.569, "Actual Max Total Time": 3512.569, "Actual Total Rows": 10, "Inner Unique": true, "Hash Cond": "(ci.role_id = rt.id), (LLVM Optimized, Jit Execute)", "Plans": [{"Node Type": "Hash Join", "Parent Relationship": "Outer", "Join Type": "Inner", "Startup Cost": 405188.67, "Total Cost": 484116.26, "Plan Rows": 969413, "Plan Width": 41, "Actual Min Startup Time": 2306.816, "Actual Max Startup Time": 2306.816, "Actual Min Total Time": 3512.299, "Actual Max Total Time": 3512.299, "Actual Total Rows": 10, "Inner Unique": false, "Hash Cond": "(mc.movie_id = t.id), (LLVM Optimized, Jit Execute)", "Plans": [{"Node Type": "Hash Join", "Parent Relationship": "Outer", "Join Type": "Inner", "Startup Cost": 6968.08, "Total Cost": 71392.69, "Plan Rows": 1282311, "Plan Width": 8, "Actual Min Startup Time": 121.767, "Actual Max Startup Time": 121.767, "Actual Min Total Time": 1517.199, "Actual Max Total Time": 1517.199, "Actual Total Rows": 1153797, "Inner Unique": true, "Hash Cond": "(mc.company_id = cn.id), (LLVM Optimized, Jit Execute)", "Plans": [{"Node Type": "Seq Scan", "Parent Relationship": "Outer", "Relation Name": "movie_companies", "Alias": "mc", "Startup Cost": 0.0, "Total Cost": 41817.28, "Plan Rows": 2609128, "Plan Width": 12, "Actual Min Startup Time": 0.051, "Actual Max Startup Time": 0.051, "Actual Min Total Time": 586.979, "Actual Max Total Time": 586.979, "Actual Total Rows": 2609128}, {"Node Type": "Hash", "Parent Relationship": "Inner", "Startup Cost": 5903.45, "Total Cost": 5903.45, "Plan Rows": 85170, "Plan Width": 4, "Actual Min Startup Time": 121.51, "Actual Max Startup Time": 121.51, "Actual Min Total Time": 121.51, "Actual Max Total Time": 121.51, "Actual Total Rows": 84843, "Max Hash Buckets": 131072, "Min Hash Buckets": 131072, "Max Hash Batches": 1, "Min Hash Batches": 1, "Max Original Hash Batches": 1, "Min Original Hash Batches": 1, "Max Peak Memory Usage": 2983, "min Peak Memory Usage": 2983, "Plans": [{"Node Type": "Seq Scan", "Parent Relationship": "Outer", "Relation Name": "company_name", "Alias": "cn", "Startup Cost": 0.0, "Total Cost": 5903.45, "Plan Rows": 85170, "Plan Width": 4, "Actual Min Startup Time": 0.037, "Actual Max Startup Time": 0.037, "Actual Min Total Time": 93.104, "Actual Max Total Time": 93.104, "Actual Total Rows": 84843, "Filter": "((country_code)::text = '[us]'::text)", "Rows Removed by Filter": 150153}]}]}, {"Node Type": "Hash", "Parent Relationship": "Inner", "Startup Cost": 386291.56, "Total Cost": 386291.56, "Plan Rows": 954323, "Plan Width": 45, "Actual Min Startup Time": 1772.978, "Actual Max Startup Time": 1772.978, "Actual Min Total Time": 1772.978, "Actual Max Total Time": 1772.978, "Actual Total Rows": 12, "Max Hash Buckets": 1048576, "Min Hash Buckets": 1048576, "Max Hash Batches": 1, "Min Hash Batches": 1, "Max Original Hash Batches": 1, "Min Original Hash Batches": 1, "Max Peak Memory Usage": 1, "min Peak Memory Usage": 1, "Plans": [{"Node Type": "Streaming(type: LOCAL GATHER dop: 1/64)", "Parent Relationship": "Outer", "Startup Cost": 162901.55, "Total Cost": 386291.56, "Plan Rows": 954323, "Plan Width": 45, "Actual Min Startup Time": 1770.895, "Actual Max Startup Time": 1770.895, "Actual Min Total Time": 1772.939, "Actual Max Total Time": 1772.939, "Actual Total Rows": 12, "Plans": [{"Node Type": "Hash Join", "Parent Relationship": "Outer", "Join Type": "Inner", "Startup Cost": 162901.55, "Total Cost": 366603.99, "Plan Rows": 954323, "Plan Width": 45, "Actual Min Startup Time": 1051.258, "Actual Max Startup Time": 1368.871, "Actual Min Total Time": 1051.258, "Actual Max Total Time": 1368.871, "Actual Total Rows": 12, "Inner Unique": true, "Hash Cond": "(ci.person_role_id = chn.id), (LLVM Optimized, Jit Execute)", "Plans": [{"Node Type": "Streaming(type: LOCAL REDISTRIBUTE dop: 64/64)", "Parent Relationship": "Outer", "Startup Cost": 129035.53, "Total Cost": 332473.51, "Plan Rows": 1968625, "Plan Width": 33, "Actual Min Startup Time": 0.324, "Actual Max Startup Time": 772.355, "Actual Min Total Time": 652.101, "Actual Max Total Time": 772.355, "Actual Total Rows": 1071330, "Plans": [{"Node Type": "Hash Join", "Parent Relationship": "Outer", "Join Type": "Inner", "Startup Cost": 129035.53, "Total Cost": 267608.7, "Plan Rows": 1968625, "Plan Width": 33, "Actual Min Startup Time": 216.428, "Actual Max Startup Time": 564.106, "Actual Min Total Time": 457.061, "Actual Max Total Time": 893.331, "Actual Total Rows": 1071330, "Inner Unique": true, "Hash Cond": "(ci.movie_id = t.id), (LLVM Optimized, Jit Execute)", "Plans": [{"Node Type": "Streaming(type: LOCAL REDISTRIBUTE dop: 64/64)", "Parent Relationship": "Outer", "Startup Cost": 0.0, "Total Cost": 138181.4, "Plan Rows": 1436424, "Plan Width": 12, "Actual Min Startup Time": 0.224, "Actual Max Startup Time": 65.822, "Actual Min Total Time": 189.689, "Actual Max Total Time": 355.253, "Actual Total Rows": 1435439, "Plans": [{"Node Type": "Seq Scan", "Parent Relationship": "Outer", "Relation Name": "cast_info", "Alias": "ci", "Startup Cost": 0.0, "Total Cost": 73820.73, "Plan Rows": 1436424, "Plan Width": 12, "Actual Min Startup Time": 14.06, "Actual Max Startup Time": 104.928, "Actual Min Total Time": 178.13, "Actual Max Total Time": 267.3, "Actual Total Rows": 1435439, "Filter": "((note)::text ~~ '%(producer)%'::text), (LLVM Optimized, Jit Execute)", "Rows Removed by Filter": 34808904}]}, {"Node Type": "Hash", "Parent Relationship": "Inner", "Startup Cost": 128693.96, "Total Cost": 128693.96, "Plan Rows": 1748840, "Plan Width": 21, "Actual Min Startup Time": 215.79, "Actual Max Startup Time": 563.556, "Actual Min Total Time": 215.79, "Actual Max Total Time": 563.556, "Actual Total Rows": 1749032, "Max Hash Buckets": 32768, "Min Hash Buckets": 32768, "Max Hash Batches": 1, "Min Hash Batches": 1, "Max Original Hash Batches": 1, "Min Original Hash Batches": 1, "Max Peak Memory Usage": 1467, "min Peak Memory Usage": 1467, "Plans": [{"Node Type": "Streaming(type: LOCAL REDISTRIBUTE dop: 64/64)", "Parent Relationship": "Outer", "Startup Cost": 0.0, "Total Cost": 128693.96, "Plan Rows": 1748840, "Plan Width": 21, "Actual Min Startup Time": 0.129, "Actual Max Startup Time": 217.095, "Actual Min Total Time": 175.094, "Actual Max Total Time": 547.198, "Actual Total Rows": 1749032, "Plans": [{"Node Type": "Seq Scan", "Parent Relationship": "Outer", "Relation Name": "title", "Alias": "t", "Startup Cost": 0.0, "Total Cost": 64037.34, "Plan Rows": 1748840, "Plan Width": 21, "Actual Min Startup Time": 0.033, "Actual Max Startup Time": 0.11, "Actual Min Total Time": 17.019, "Actual Max Total Time": 53.031, "Actual Total Rows": 1749032, "Filter": "(production_year > 1990), (LLVM Optimized, Jit Execute)", "Rows Removed by Filter": 779279}]}]}]}]}, {"Node Type": "Hash", "Parent Relationship": "Inner", "Startup Cost": 130029.32, "Total Cost": 130029.32, "Plan Rows": 3140338, "Plan Width": 20, "Actual Min Startup Time": 278.829, "Actual Max Startup Time": 596.445, "Actual Min Total Time": 278.829, "Actual Max Total Time": 596.445, "Actual Total Rows": 3140338, "Max Hash Buckets": 65536, "Min Hash Buckets": 65536, "Max Hash Batches": 1, "Min Hash Batches": 1, "Max Original Hash Batches": 1, "Min Original Hash Batches": 1, "Max Peak Memory Usage": 2583, "min Peak Memory Usage": 2583, "Plans": [{"Node Type": "Streaming(type: LOCAL REDISTRIBUTE dop: 64/64)", "Parent Relationship": "Outer", "Startup Cost": 0.0, "Total Cost": 130029.32, "Plan Rows": 3140338, "Plan Width": 20, "Actual Min Startup Time": 0.123, "Actual Max Startup Time": 61.811, "Actual Min Total Time": 193.575, "Actual Max Total Time": 548.555, "Actual Total Rows": 3140338, "Plans": [{"Node Type": "Seq Scan", "Parent Relationship": "Outer", "Relation Name": "char_name", "Alias": "chn", "Startup Cost": 0.0, "Total Cost": 64054.58, "Plan Rows": 3140338, "Plan Width": 20, "Actual Min Startup Time": 0.02, "Actual Max Startup Time": 0.066, "Actual Min Total Time": 18.533, "Actual Max Total Time": 43.707, "Actual Total Rows": 3140338}]}]}]}]}]}]}, {"Node Type": "Hash", "Parent Relationship": "Inner", "Startup Cost": 1.12, "Total Cost": 1.12, "Plan Rows": 12, "Plan Width": 4, "Actual Min Startup Time": 0.02, "Actual Max Startup Time": 0.02, "Actual Min Total Time": 0.02, "Actual Max Total Time": 0.02, "Actual Total Rows": 12, "Max Hash Buckets": 32768, "Min Hash Buckets": 32768, "Max Hash Batches": 1, "Min Hash Batches": 1, "Max Original Hash Batches": 1, "Min Original Hash Batches": 1, "Max Peak Memory Usage": 1, "min Peak Memory Usage": 1, "Plans": [{"Node Type": "Seq Scan", "Parent Relationship": "Outer", "Relation Name": "role_type", "Alias": "rt", "Startup Cost": 0.0, "Total Cost": 1.12, "Plan Rows": 12, "Plan Width": 4, "Actual Min Startup Time": 0.011, "Actual Max Startup Time": 0.011, "Actual Min Total Time": 0.011, "Actual Max Total Time": 0.011, "Actual Total Rows": 12}]}]}, {"Node Type": "Hash", "Parent Relationship": "Inner", "Startup Cost": 1.03, "Total Cost": 1.03, "Plan Rows": 3, "Plan Width": 4, "Actual Min Startup Time": 0.056, "Actual Max Startup Time": 0.056, "Actual Min Total Time": 0.056, "Actual Max Total Time": 0.056, "Actual Total Rows": 3, "Max Hash Buckets": 32768, "Min Hash Buckets": 32768, "Max Hash Batches": 1, "Min Hash Batches": 1, "Max Original Hash Batches": 1, "Min Original Hash Batches": 1, "Max Peak Memory Usage": 1, "min Peak Memory Usage": 1, "Plans": [{"Node Type": "Seq Scan", "Parent Relationship": "Outer", "Relation Name": "company_type", "Alias": "ct", "Startup Cost": 0.0, "Total Cost": 1.03, "Plan Rows": 3, "Plan Width": 4, "Actual Min Startup Time": 0.027, "Actual Max Startup Time": 0.027, "Actual Min Total Time": 0.03, "Actual Max Total Time": 0.03, "Actual Total Rows": 3}]}]}]}, "Triggers": [], "Planner Runtime": 79.157, "Total Runtime": 3616.873, "Unique SQL Id": 3145361615}}, "(64, 105)": {"explain_plan": {"Plan": {"Node Type": "Aggregate", "Strategy": "Plain", "Startup Cost": 1610645.74, "Total Cost": 1610645.75, "Plan Rows": 1, "Plan Width": 97, "Plans": [{"Node Type": "Hash Join", "Parent Relationship": "Outer", "Join Type": "Inner", "Startup Cost": 479584.36, "Total Cost": 1605798.68, "Plan Rows": 969413, "Plan Width": 33, "Inner Unique": true, "Hash Cond": "(mc.company_type_id = ct.id), (LLVM Optimized)", "Plans": [{"Node Type": "Hash Join", "Parent Relationship": "Outer", "Join Type": "Inner", "Startup Cost": 479576.03, "Total Cost": 1592460.92, "Plan Rows": 969413, "Plan Width": 37, "Inner Unique": false, "Hash Cond": "(ci.movie_id = t.id), (LLVM Optimized)", "Plans": [{"Node Type": "Hash Join", "Parent Relationship": "Outer", "Join Type": "Inner", "Startup Cost": 169138.26, "Total Cost": 1269717.6, "Plan Rows": 696330, "Plan Width": 20, "Inner Unique": true, "Hash Cond": "(ci.role_id = rt.id), (LLVM Optimized)", "Plans": [{"Node Type": "Hash Join", "Parent Relationship": "Outer", "Join Type": "Inner", "Startup Cost": 169129.68, "Total Cost": 1260134.48, "Plan Rows": 696330, "Plan Width": 24, "Inner Unique": true, "Hash Cond": "(ci.person_role_id = chn.id), (LLVM Optimized)", "Plans": [{"Node Type": "Streaming(type: LOCAL GATHER dop: 1/64)", "Parent Relationship": "Outer", "Startup Cost": 0.0, "Total Cost": 1078654.91, "Plan Rows": 1436424, "Plan Width": 12, "Plans": [{"Node Type": "Index Scan", "Parent Relationship": "Outer", "Scan Direction": "Forward", "Index Name": "role_id_cast_info", "Relation Name": "cast_info", "Alias": "ci", "Startup Cost": 0.0, "Total Cost": 1049021.65, "Plan Rows": 1436424, "Plan Width": 12, "Filter": "((note)::text ~~ '%(producer)%'::text), (LLVM Optimized)"}]}, {"Node Type": "Hash", "Parent Relationship": "Inner", "Startup Cost": 129875.46, "Total Cost": 129875.46, "Plan Rows": 3140338, "Plan Width": 20, "Plans": [{"Node Type": "Index Scan", "Parent Relationship": "Outer", "Scan Direction": "Forward", "Index Name": "char_name_pkey", "Relation Name": "char_name", "Alias": "chn", "Startup Cost": 0.0, "Total Cost": 129875.46, "Plan Rows": 3140338, "Plan Width": 20}]}]}, {"Node Type": "Hash", "Parent Relationship": "Inner", "Startup Cost": 8.43, "Total Cost": 8.43, "Plan Rows": 12, "Plan Width": 4, "Plans": [{"Node Type": "Index Only Scan", "Parent Relationship": "Outer", "Scan Direction": "Forward", "Index Name": "role_type_pkey", "Relation Name": "role_type", "Alias": "rt", "Startup Cost": 0.0, "Total Cost": 8.43, "Plan Rows": 12, "Plan Width": 4}]}]}, {"Node Type": "Hash", "Parent Relationship": "Inner", "Startup Cost": 288231.21, "Total Cost": 288231.21, "Plan Rows": 1776525, "Plan Width": 29, "Plans": [{"Node Type": "Hash Join", "Parent Relationship": "Outer", "Join Type": "Inner", "Startup Cost": 149867.78, "Total Cost": 288231.21, "Plan Rows": 1776525, "Plan Width": 29, "Inner Unique": true, "Hash Cond": "(mc.movie_id = t.id), (LLVM Optimized)", "Plans": [{"Node Type": "Hash Join", "Parent Relationship": "Outer", "Join Type": "Inner", "Startup Cost": 11566.01, "Total Cost": 127355.52, "Plan Rows": 1282311, "Plan Width": 8, "Inner Unique": true, "Hash Cond": "(mc.company_id = cn.id), (LLVM Optimized)", "Plans": [{"Node Type": "Index Scan", "Parent Relationship": "Outer", "Scan Direction": "Forward", "Index Name": "company_type_id_movie_companies", "Relation Name": "movie_companies", "Alias": "mc", "Startup Cost": 0.0, "Total Cost": 93182.17, "Plan Rows": 2609128, "Plan Width": 12}, {"Node Type": "Hash", "Parent Relationship": "Inner", "Startup Cost": 10501.39, "Total Cost": 10501.39, "Plan Rows": 85170, "Plan Width": 4, "Plans": [{"Node Type": "Index Scan", "Parent Relationship": "Outer", "Scan Direction": "Forward", "Index Name": "company_name_pkey", "Relation Name": "company_name", "Alias": "cn", "Startup Cost": 0.0, "Total Cost": 10501.39, "Plan Rows": 85170, "Plan Width": 4, "Filter": "((country_code)::text = '[us]'::text)"}]}]}, {"Node Type": "Hash", "Parent Relationship": "Inner", "Startup Cost": 116441.27, "Total Cost": 116441.27, "Plan Rows": 1748840, "Plan Width": 21, "Plans": [{"Node Type": "Index Scan", "Parent Relationship": "Outer", "Scan Direction": "Forward", "Index Name": "title_pkey", "Relation Name": "title", "Alias": "t", "Startup Cost": 0.0, "Total Cost": 116441.27, "Plan Rows": 1748840, "Plan Width": 21, "Filter": "(production_year > 1990), (LLVM Optimized)"}]}]}]}]}, {"Node Type": "Hash", "Parent Relationship": "Inner", "Startup Cost": 8.29, "Total Cost": 8.29, "Plan Rows": 3, "Plan Width": 4, "Plans": [{"Node Type": "Index Only Scan", "Parent Relationship": "Outer", "Scan Direction": "Forward", "Index Name": "company_type_pkey", "Relation Name": "company_type", "Alias": "ct", "Startup Cost": 0.0, "Total Cost": 8.29, "Plan Rows": 3, "Plan Width": 4}]}]}]}, "Unique SQL Id": 3145361615}, "explain_analyze_plan": null}, "(64, 106)": {"explain_plan": {"Plan": {"Node Type": "Aggregate", "Strategy": "Plain", "Startup Cost": 515623.68, "Total Cost": 515623.69, "Plan Rows": 1, "Plan Width": 97, "Plans": [{"Node Type": "Hash Join", "Parent Relationship": "Outer", "Join Type": "Inner", "Startup Cost": 405190.17, "Total Cost": 510776.61, "Plan Rows": 969413, "Plan Width": 33, "Inner Unique": true, "Hash Cond": "(mc.company_type_id = ct.id), (LLVM Optimized)", "Plans": [{"Node Type": "Hash Join", "Parent Relationship": "Outer", "Join Type": "Inner", "Startup Cost": 405189.1, "Total Cost": 497446.12, "Plan Rows": 969413, "Plan Width": 37, "Inner Unique": true, "Hash Cond": "(ci.role_id = rt.id), (LLVM Optimized)", "Plans": [{"Node Type": "Hash Join", "Parent Relationship": "Outer", "Join Type": "Inner", "Startup Cost": 405188.67, "Total Cost": 484116.26, "Plan Rows": 969413, "Plan Width": 41, "Inner Unique": false, "Hash Cond": "(mc.movie_id = t.id), (LLVM Optimized)", "Plans": [{"Node Type": "Hash Join", "Parent Relationship": "Outer", "Join Type": "Inner", "Startup Cost": 6968.08, "Total Cost": 71392.69, "Plan Rows": 1282311, "Plan Width": 8, "Inner Unique": true, "Hash Cond": "(mc.company_id = cn.id), (LLVM Optimized)", "Plans": [{"Node Type": "Seq Scan", "Parent Relationship": "Outer", "Relation Name": "movie_companies", "Alias": "mc", "Startup Cost": 0.0, "Total Cost": 41817.28, "Plan Rows": 2609128, "Plan Width": 12}, {"Node Type": "Hash", "Parent Relationship": "Inner", "Startup Cost": 5903.45, "Total Cost": 5903.45, "Plan Rows": 85170, "Plan Width": 4, "Plans": [{"Node Type": "Seq Scan", "Parent Relationship": "Outer", "Relation Name": "company_name", "Alias": "cn", "Startup Cost": 0.0, "Total Cost": 5903.45, "Plan Rows": 85170, "Plan Width": 4, "Filter": "((country_code)::text = '[us]'::text)"}]}]}, {"Node Type": "Hash", "Parent Relationship": "Inner", "Startup Cost": 386291.56, "Total Cost": 386291.56, "Plan Rows": 954323, "Plan Width": 45, "Plans": [{"Node Type": "Streaming(type: LOCAL GATHER dop: 1/64)", "Parent Relationship": "Outer", "Startup Cost": 162901.55, "Total Cost": 386291.56, "Plan Rows": 954323, "Plan Width": 45, "Plans": [{"Node Type": "Hash Join", "Parent Relationship": "Outer", "Join Type": "Inner", "Startup Cost": 162901.55, "Total Cost": 366603.99, "Plan Rows": 954323, "Plan Width": 45, "Inner Unique": true, "Hash Cond": "(ci.person_role_id = chn.id), (LLVM Optimized)", "Plans": [{"Node Type": "Streaming(type: LOCAL REDISTRIBUTE dop: 64/64)", "Parent Relationship": "Outer", "Startup Cost": 129035.53, "Total Cost": 332473.51, "Plan Rows": 1968625, "Plan Width": 33, "Plans": [{"Node Type": "Hash Join", "Parent Relationship": "Outer", "Join Type": "Inner", "Startup Cost": 129035.53, "Total Cost": 267608.7, "Plan Rows": 1968625, "Plan Width": 33, "Inner Unique": true, "Hash Cond": "(ci.movie_id = t.id), (LLVM Optimized)", "Plans": [{"Node Type": "Streaming(type: LOCAL REDISTRIBUTE dop: 64/64)", "Parent Relationship": "Outer", "Startup Cost": 0.0, "Total Cost": 138181.4, "Plan Rows": 1436424, "Plan Width": 12, "Plans": [{"Node Type": "Seq Scan", "Parent Relationship": "Outer", "Relation Name": "cast_info", "Alias": "ci", "Startup Cost": 0.0, "Total Cost": 73820.73, "Plan Rows": 1436424, "Plan Width": 12, "Filter": "((note)::text ~~ '%(producer)%'::text), (LLVM Optimized)"}]}, {"Node Type": "Hash", "Parent Relationship": "Inner", "Startup Cost": 128693.96, "Total Cost": 128693.96, "Plan Rows": 1748840, "Plan Width": 21, "Plans": [{"Node Type": "Streaming(type: LOCAL REDISTRIBUTE dop: 64/64)", "Parent Relationship": "Outer", "Startup Cost": 0.0, "Total Cost": 128693.96, "Plan Rows": 1748840, "Plan Width": 21, "Plans": [{"Node Type": "Seq Scan", "Parent Relationship": "Outer", "Relation Name": "title", "Alias": "t", "Startup Cost": 0.0, "Total Cost": 64037.34, "Plan Rows": 1748840, "Plan Width": 21, "Filter": "(production_year > 1990), (LLVM Optimized)"}]}]}]}]}, {"Node Type": "Hash", "Parent Relationship": "Inner", "Startup Cost": 130029.32, "Total Cost": 130029.32, "Plan Rows": 3140338, "Plan Width": 20, "Plans": [{"Node Type": "Streaming(type: LOCAL REDISTRIBUTE dop: 64/64)", "Parent Relationship": "Outer", "Startup Cost": 0.0, "Total Cost": 130029.32, "Plan Rows": 3140338, "Plan Width": 20, "Plans": [{"Node Type": "Seq Scan", "Parent Relationship": "Outer", "Relation Name": "char_name", "Alias": "chn", "Startup Cost": 0.0, "Total Cost": 64054.58, "Plan Rows": 3140338, "Plan Width": 20}]}]}]}]}]}]}, {"Node Type": "Hash", "Parent Relationship": "Inner", "Startup Cost": 1.12, "Total Cost": 1.12, "Plan Rows": 12, "Plan Width": 4, "Plans": [{"Node Type": "Seq Scan", "Parent Relationship": "Outer", "Relation Name": "role_type", "Alias": "rt", "Startup Cost": 0.0, "Total Cost": 1.12, "Plan Rows": 12, "Plan Width": 4}]}]}, {"Node Type": "Hash", "Parent Relationship": "Inner", "Startup Cost": 1.03, "Total Cost": 1.03, "Plan Rows": 3, "Plan Width": 4, "Plans": [{"Node Type": "Seq Scan", "Parent Relationship": "Outer", "Relation Name": "company_type", "Alias": "ct", "Startup Cost": 0.0, "Total Cost": 1.03, "Plan Rows": 3, "Plan Width": 4}]}]}]}, "Unique SQL Id": 3145361615}, "explain_analyze_plan": {"Plan": {"Node Type": "Aggregate", "Strategy": "Plain", "Startup Cost": 515623.68, "Total Cost": 515623.69, "Plan Rows": 1, "Plan Width": 97, "Actual Min Startup Time": 3512.81, "Actual Max Startup Time": 3512.81, "Actual Min Total Time": 3512.81, "Actual Max Total Time": 3512.81, "Actual Total Rows": 1, "Plans": [{"Node Type": "Hash Join", "Parent Relationship": "Outer", "Join Type": "Inner", "Startup Cost": 405190.17, "Total Cost": 510776.61, "Plan Rows": 969413, "Plan Width": 33, "Actual Min Startup Time": 3150.989, "Actual Max Startup Time": 3150.989, "Actual Min Total Time": 3512.763, "Actual Max Total Time": 3512.763, "Actual Total Rows": 4, "Inner Unique": true, "Hash Cond": "(mc.company_type_id = ct.id), (LLVM Optimized, Jit Execute)", "Plans": [{"Node Type": "Hash Join", "Parent Relationship": "Outer", "Join Type": "Inner", "Startup Cost": 405189.1, "Total Cost": 497446.12, "Plan Rows": 969413, "Plan Width": 37, "Actual Min Startup Time": 2306.919, "Actual Max Startup Time": 2306.919, "Actual Min Total Time": 3512.569, "Actual Max Total Time": 3512.569, "Actual Total Rows": 10, "Inner Unique": true, "Hash Cond": "(ci.role_id = rt.id), (LLVM Optimized, Jit Execute)", "Plans": [{"Node Type": "Hash Join", "Parent Relationship": "Outer", "Join Type": "Inner", "Startup Cost": 405188.67, "Total Cost": 484116.26, "Plan Rows": 969413, "Plan Width": 41, "Actual Min Startup Time": 2306.816, "Actual Max Startup Time": 2306.816, "Actual Min Total Time": 3512.299, "Actual Max Total Time": 3512.299, "Actual Total Rows": 10, "Inner Unique": false, "Hash Cond": "(mc.movie_id = t.id), (LLVM Optimized, Jit Execute)", "Plans": [{"Node Type": "Hash Join", "Parent Relationship": "Outer", "Join Type": "Inner", "Startup Cost": 6968.08, "Total Cost": 71392.69, "Plan Rows": 1282311, "Plan Width": 8, "Actual Min Startup Time": 121.767, "Actual Max Startup Time": 121.767, "Actual Min Total Time": 1517.199, "Actual Max Total Time": 1517.199, "Actual Total Rows": 1153797, "Inner Unique": true, "Hash Cond": "(mc.company_id = cn.id), (LLVM Optimized, Jit Execute)", "Plans": [{"Node Type": "Seq Scan", "Parent Relationship": "Outer", "Relation Name": "movie_companies", "Alias": "mc", "Startup Cost": 0.0, "Total Cost": 41817.28, "Plan Rows": 2609128, "Plan Width": 12, "Actual Min Startup Time": 0.051, "Actual Max Startup Time": 0.051, "Actual Min Total Time": 586.979, "Actual Max Total Time": 586.979, "Actual Total Rows": 2609128}, {"Node Type": "Hash", "Parent Relationship": "Inner", "Startup Cost": 5903.45, "Total Cost": 5903.45, "Plan Rows": 85170, "Plan Width": 4, "Actual Min Startup Time": 121.51, "Actual Max Startup Time": 121.51, "Actual Min Total Time": 121.51, "Actual Max Total Time": 121.51, "Actual Total Rows": 84843, "Max Hash Buckets": 131072, "Min Hash Buckets": 131072, "Max Hash Batches": 1, "Min Hash Batches": 1, "Max Original Hash Batches": 1, "Min Original Hash Batches": 1, "Max Peak Memory Usage": 2983, "min Peak Memory Usage": 2983, "Plans": [{"Node Type": "Seq Scan", "Parent Relationship": "Outer", "Relation Name": "company_name", "Alias": "cn", "Startup Cost": 0.0, "Total Cost": 5903.45, "Plan Rows": 85170, "Plan Width": 4, "Actual Min Startup Time": 0.037, "Actual Max Startup Time": 0.037, "Actual Min Total Time": 93.104, "Actual Max Total Time": 93.104, "Actual Total Rows": 84843, "Filter": "((country_code)::text = '[us]'::text)", "Rows Removed by Filter": 150153}]}]}, {"Node Type": "Hash", "Parent Relationship": "Inner", "Startup Cost": 386291.56, "Total Cost": 386291.56, "Plan Rows": 954323, "Plan Width": 45, "Actual Min Startup Time": 1772.978, "Actual Max Startup Time": 1772.978, "Actual Min Total Time": 1772.978, "Actual Max Total Time": 1772.978, "Actual Total Rows": 12, "Max Hash Buckets": 1048576, "Min Hash Buckets": 1048576, "Max Hash Batches": 1, "Min Hash Batches": 1, "Max Original Hash Batches": 1, "Min Original Hash Batches": 1, "Max Peak Memory Usage": 1, "min Peak Memory Usage": 1, "Plans": [{"Node Type": "Streaming(type: LOCAL GATHER dop: 1/64)", "Parent Relationship": "Outer", "Startup Cost": 162901.55, "Total Cost": 386291.56, "Plan Rows": 954323, "Plan Width": 45, "Actual Min Startup Time": 1770.895, "Actual Max Startup Time": 1770.895, "Actual Min Total Time": 1772.939, "Actual Max Total Time": 1772.939, "Actual Total Rows": 12, "Plans": [{"Node Type": "Hash Join", "Parent Relationship": "Outer", "Join Type": "Inner", "Startup Cost": 162901.55, "Total Cost": 366603.99, "Plan Rows": 954323, "Plan Width": 45, "Actual Min Startup Time": 1051.258, "Actual Max Startup Time": 1368.871, "Actual Min Total Time": 1051.258, "Actual Max Total Time": 1368.871, "Actual Total Rows": 12, "Inner Unique": true, "Hash Cond": "(ci.person_role_id = chn.id), (LLVM Optimized, Jit Execute)", "Plans": [{"Node Type": "Streaming(type: LOCAL REDISTRIBUTE dop: 64/64)", "Parent Relationship": "Outer", "Startup Cost": 129035.53, "Total Cost": 332473.51, "Plan Rows": 1968625, "Plan Width": 33, "Actual Min Startup Time": 0.324, "Actual Max Startup Time": 772.355, "Actual Min Total Time": 652.101, "Actual Max Total Time": 772.355, "Actual Total Rows": 1071330, "Plans": [{"Node Type": "Hash Join", "Parent Relationship": "Outer", "Join Type": "Inner", "Startup Cost": 129035.53, "Total Cost": 267608.7, "Plan Rows": 1968625, "Plan Width": 33, "Actual Min Startup Time": 216.428, "Actual Max Startup Time": 564.106, "Actual Min Total Time": 457.061, "Actual Max Total Time": 893.331, "Actual Total Rows": 1071330, "Inner Unique": true, "Hash Cond": "(ci.movie_id = t.id), (LLVM Optimized, Jit Execute)", "Plans": [{"Node Type": "Streaming(type: LOCAL REDISTRIBUTE dop: 64/64)", "Parent Relationship": "Outer", "Startup Cost": 0.0, "Total Cost": 138181.4, "Plan Rows": 1436424, "Plan Width": 12, "Actual Min Startup Time": 0.224, "Actual Max Startup Time": 65.822, "Actual Min Total Time": 189.689, "Actual Max Total Time": 355.253, "Actual Total Rows": 1435439, "Plans": [{"Node Type": "Seq Scan", "Parent Relationship": "Outer", "Relation Name": "cast_info", "Alias": "ci", "Startup Cost": 0.0, "Total Cost": 73820.73, "Plan Rows": 1436424, "Plan Width": 12, "Actual Min Startup Time": 14.06, "Actual Max Startup Time": 104.928, "Actual Min Total Time": 178.13, "Actual Max Total Time": 267.3, "Actual Total Rows": 1435439, "Filter": "((note)::text ~~ '%(producer)%'::text), (LLVM Optimized, Jit Execute)", "Rows Removed by Filter": 34808904}]}, {"Node Type": "Hash", "Parent Relationship": "Inner", "Startup Cost": 128693.96, "Total Cost": 128693.96, "Plan Rows": 1748840, "Plan Width": 21, "Actual Min Startup Time": 215.79, "Actual Max Startup Time": 563.556, "Actual Min Total Time": 215.79, "Actual Max Total Time": 563.556, "Actual Total Rows": 1749032, "Max Hash Buckets": 32768, "Min Hash Buckets": 32768, "Max Hash Batches": 1, "Min Hash Batches": 1, "Max Original Hash Batches": 1, "Min Original Hash Batches": 1, "Max Peak Memory Usage": 1467, "min Peak Memory Usage": 1467, "Plans": [{"Node Type": "Streaming(type: LOCAL REDISTRIBUTE dop: 64/64)", "Parent Relationship": "Outer", "Startup Cost": 0.0, "Total Cost": 128693.96, "Plan Rows": 1748840, "Plan Width": 21, "Actual Min Startup Time": 0.129, "Actual Max Startup Time": 217.095, "Actual Min Total Time": 175.094, "Actual Max Total Time": 547.198, "Actual Total Rows": 1749032, "Plans": [{"Node Type": "Seq Scan", "Parent Relationship": "Outer", "Relation Name": "title", "Alias": "t", "Startup Cost": 0.0, "Total Cost": 64037.34, "Plan Rows": 1748840, "Plan Width": 21, "Actual Min Startup Time": 0.033, "Actual Max Startup Time": 0.11, "Actual Min Total Time": 17.019, "Actual Max Total Time": 53.031, "Actual Total Rows": 1749032, "Filter": "(production_year > 1990), (LLVM Optimized, Jit Execute)", "Rows Removed by Filter": 779279}]}]}]}]}, {"Node Type": "Hash", "Parent Relationship": "Inner", "Startup Cost": 130029.32, "Total Cost": 130029.32, "Plan Rows": 3140338, "Plan Width": 20, "Actual Min Startup Time": 278.829, "Actual Max Startup Time": 596.445, "Actual Min Total Time": 278.829, "Actual Max Total Time": 596.445, "Actual Total Rows": 3140338, "Max Hash Buckets": 65536, "Min Hash Buckets": 65536, "Max Hash Batches": 1, "Min Hash Batches": 1, "Max Original Hash Batches": 1, "Min Original Hash Batches": 1, "Max Peak Memory Usage": 2583, "min Peak Memory Usage": 2583, "Plans": [{"Node Type": "Streaming(type: LOCAL REDISTRIBUTE dop: 64/64)", "Parent Relationship": "Outer", "Startup Cost": 0.0, "Total Cost": 130029.32, "Plan Rows": 3140338, "Plan Width": 20, "Actual Min Startup Time": 0.123, "Actual Max Startup Time": 61.811, "Actual Min Total Time": 193.575, "Actual Max Total Time": 548.555, "Actual Total Rows": 3140338, "Plans": [{"Node Type": "Seq Scan", "Parent Relationship": "Outer", "Relation Name": "char_name", "Alias": "chn", "Startup Cost": 0.0, "Total Cost": 64054.58, "Plan Rows": 3140338, "Plan Width": 20, "Actual Min Startup Time": 0.02, "Actual Max Startup Time": 0.066, "Actual Min Total Time": 18.533, "Actual Max Total Time": 43.707, "Actual Total Rows": 3140338}]}]}]}]}]}]}, {"Node Type": "Hash", "Parent Relationship": "Inner", "Startup Cost": 1.12, "Total Cost": 1.12, "Plan Rows": 12, "Plan Width": 4, "Actual Min Startup Time": 0.02, "Actual Max Startup Time": 0.02, "Actual Min Total Time": 0.02, "Actual Max Total Time": 0.02, "Actual Total Rows": 12, "Max Hash Buckets": 32768, "Min Hash Buckets": 32768, "Max Hash Batches": 1, "Min Hash Batches": 1, "Max Original Hash Batches": 1, "Min Original Hash Batches": 1, "Max Peak Memory Usage": 1, "min Peak Memory Usage": 1, "Plans": [{"Node Type": "Seq Scan", "Parent Relationship": "Outer", "Relation Name": "role_type", "Alias": "rt", "Startup Cost": 0.0, "Total Cost": 1.12, "Plan Rows": 12, "Plan Width": 4, "Actual Min Startup Time": 0.011, "Actual Max Startup Time": 0.011, "Actual Min Total Time": 0.011, "Actual Max Total Time": 0.011, "Actual Total Rows": 12}]}]}, {"Node Type": "Hash", "Parent Relationship": "Inner", "Startup Cost": 1.03, "Total Cost": 1.03, "Plan Rows": 3, "Plan Width": 4, "Actual Min Startup Time": 0.056, "Actual Max Startup Time": 0.056, "Actual Min Total Time": 0.056, "Actual Max Total Time": 0.056, "Actual Total Rows": 3, "Max Hash Buckets": 32768, "Min Hash Buckets": 32768, "Max Hash Batches": 1, "Min Hash Batches": 1, "Max Original Hash Batches": 1, "Min Original Hash Batches": 1, "Max Peak Memory Usage": 1, "min Peak Memory Usage": 1, "Plans": [{"Node Type": "Seq Scan", "Parent Relationship": "Outer", "Relation Name": "company_type", "Alias": "ct", "Startup Cost": 0.0, "Total Cost": 1.03, "Plan Rows": 3, "Plan Width": 4, "Actual Min Startup Time": 0.027, "Actual Max Startup Time": 0.027, "Actual Min Total Time": 0.03, "Actual Max Total Time": 0.03, "Actual Total Rows": 3}]}]}]}, "Triggers": [], "Planner Runtime": 79.157, "Total Runtime": 3616.873, "Unique SQL Id": 3145361615}}, "(64, 107)": {"explain_plan": {"Plan": {"Node Type": "Aggregate", "Strategy": "Plain", "Startup Cost": 7000178568599.87, "Total Cost": 7000178568599.88, "Plan Rows": 1, "Plan Width": 97, "Plans": [{"Node Type": "Hash Join", "Parent Relationship": "Outer", "Join Type": "Inner", "Startup Cost": 6010035096494.28, "Total Cost": 7000178563752.8, "Plan Rows": 969413, "Plan Width": 33, "Inner Unique": true, "Hash Cond": "(mc.movie_id = t.id), (LLVM Optimized)", "Plans": [{"Node Type": "Hash Join", "Parent Relationship": "Outer", "Join Type": "Inner", "Startup Cost": 5010023430507.12, "Total Cost": 6000166885447.52, "Plan Rows": 699731, "Plan Width": 24, "Inner Unique": true, "Hash Cond": "(ci.role_id = rt.id), (LLVM Optimized)", "Plans": [{"Node Type": "Hash Join", "Parent Relationship": "Outer", "Join Type": "Inner", "Startup Cost": 4010023429663.96, "Total Cost": 5000166874983.06, "Plan Rows": 699731, "Plan Width": 28, "Inner Unique": true, "Hash Cond": "(mc.company_type_id = ct.id), (LLVM Optimized)", "Plans": [{"Node Type": "Hash Join", "Parent Relationship": "Outer", "Join Type": "Inner", "Startup Cost": 3010023428834.43, "Total Cost": 4000166864532.23, "Plan Rows": 699731, "Plan Width": 32, "Inner Unique": true, "Hash Cond": "(mc.company_id = cn.id), (LLVM Optimized)", "Plans": [{"Node Type": "Hash Join", "Parent Relationship": "Outer", "Join Type": "Inner", "Startup Cost": 2010022377630.83, "Total Cost": 3000165800992.27, "Plan Rows": 1423748, "Plan Width": 36, "Inner Unique": false, "Hash Cond": "(ci.movie_id = mc.movie_id), (LLVM Optimized)", "Plans": [{"Node Type": "Hash Join", "Parent Relationship": "Outer", "Join Type": "Inner", "Startup Cost": 1010013026799.73, "Total Cost": 2000156257489.12, "Plan Rows": 696330, "Plan Width": 24, "Inner Unique": true, "Hash Cond": "(ci.person_role_id = chn.id), (LLVM Optimized)", "Plans": [{"Node Type": "Index Scan", "Parent Relationship": "Outer", "Scan Direction": "Forward", "Index Name": "role_id_cast_info", "Relation Name": "cast_info", "Alias": "ci", "Startup Cost": 10000000000.0, "Total Cost": 1000143218339.5, "Plan Rows": 1436424, "Plan Width": 12, "Filter": "((note)::text ~~ '%(producer)%'::text), (LLVM Optimized)"}, {"Node Type": "Hash", "Parent Relationship": "Inner", "Startup Cost": 1000012987545.51, "Total Cost": 1000012987545.51, "Plan Rows": 3140338, "Plan Width": 20, "Plans": [{"Node Type": "Index Scan", "Parent Relationship": "Outer", "Scan Direction": "Forward", "Index Name": "char_name_pkey", "Relation Name": "char_name", "Alias": "chn", "Startup Cost": 10000000000.0, "Total Cost": 1000012987545.51, "Plan Rows": 3140338, "Plan Width": 20}]}]}, {"Node Type": "Hash", "Parent Relationship": "Inner", "Startup Cost": 1000009318217.0, "Total Cost": 1000009318217.0, "Plan Rows": 2609128, "Plan Width": 12, "Plans": [{"Node Type": "Index Scan", "Parent Relationship": "Outer", "Scan Direction": "Forward", "Index Name": "company_type_id_movie_companies", "Relation Name": "movie_companies", "Alias": "mc", "Startup Cost": 10000000000.0, "Total Cost": 1000009318217.0, "Plan Rows": 2609128, "Plan Width": 12}]}]}, {"Node Type": "Hash", "Parent Relationship": "Inner", "Startup Cost": 1000001050138.97, "Total Cost": 1000001050138.97, "Plan Rows": 85170, "Plan Width": 4, "Plans": [{"Node Type": "Index Scan", "Parent Relationship": "Outer", "Scan Direction": "Forward", "Index Name": "company_name_pkey", "Relation Name": "company_name", "Alias": "cn", "Startup Cost": 10000000000.0, "Total Cost": 1000001050138.97, "Plan Rows": 85170, "Plan Width": 4, "Filter": "((country_code)::text = '[us]'::text)"}]}]}, {"Node Type": "Hash", "Parent Relationship": "Inner", "Startup Cost": 1000000000829.5, "Total Cost": 1000000000829.5, "Plan Rows": 3, "Plan Width": 4, "Plans": [{"Node Type": "Index Only Scan", "Parent Relationship": "Outer", "Scan Direction": "Forward", "Index Name": "company_type_pkey", "Relation Name": "company_type", "Alias": "ct", "Startup Cost": 10000000000.0, "Total Cost": 1000000000829.5, "Plan Rows": 3, "Plan Width": 4}]}]}, {"Node Type": "Hash", "Parent Relationship": "Inner", "Startup Cost": 1000000000843.0, "Total Cost": 1000000000843.0, "Plan Rows": 12, "Plan Width": 4, "Plans": [{"Node Type": "Index Only Scan", "Parent Relationship": "Outer", "Scan Direction": "Forward", "Index Name": "role_type_pkey", "Relation Name": "role_type", "Alias": "rt", "Startup Cost": 10000000000.0, "Total Cost": 1000000000843.0, "Plan Rows": 12, "Plan Width": 4}]}]}, {"Node Type": "Hash", "Parent Relationship": "Inner", "Startup Cost": 1000011644126.66, "Total Cost": 1000011644126.66, "Plan Rows": 1748840, "Plan Width": 21, "Plans": [{"Node Type": "Index Scan", "Parent Relationship": "Outer", "Scan Direction": "Forward", "Index Name": "title_pkey", "Relation Name": "title", "Alias": "t", "Startup Cost": 10000000000.0, "Total Cost": 1000011644126.66, "Plan Rows": 1748840, "Plan Width": 21, "Filter": "(production_year > 1990), (LLVM Optimized)"}]}]}]}, "Unique SQL Id": 3145361615}, "explain_analyze_plan": null}, "(64, 108)": {"explain_plan": {"Plan": {"Node Type": "Aggregate", "Strategy": "Plain", "Startup Cost": 515623.68, "Total Cost": 515623.69, "Plan Rows": 1, "Plan Width": 97, "Plans": [{"Node Type": "Hash Join", "Parent Relationship": "Outer", "Join Type": "Inner", "Startup Cost": 405190.17, "Total Cost": 510776.61, "Plan Rows": 969413, "Plan Width": 33, "Inner Unique": true, "Hash Cond": "(mc.company_type_id = ct.id), (LLVM Optimized)", "Plans": [{"Node Type": "Hash Join", "Parent Relationship": "Outer", "Join Type": "Inner", "Startup Cost": 405189.1, "Total Cost": 497446.12, "Plan Rows": 969413, "Plan Width": 37, "Inner Unique": true, "Hash Cond": "(ci.role_id = rt.id), (LLVM Optimized)", "Plans": [{"Node Type": "Hash Join", "Parent Relationship": "Outer", "Join Type": "Inner", "Startup Cost": 405188.67, "Total Cost": 484116.26, "Plan Rows": 969413, "Plan Width": 41, "Inner Unique": false, "Hash Cond": "(mc.movie_id = t.id), (LLVM Optimized)", "Plans": [{"Node Type": "Hash Join", "Parent Relationship": "Outer", "Join Type": "Inner", "Startup Cost": 6968.08, "Total Cost": 71392.69, "Plan Rows": 1282311, "Plan Width": 8, "Inner Unique": true, "Hash Cond": "(mc.company_id = cn.id), (LLVM Optimized)", "Plans": [{"Node Type": "Seq Scan", "Parent Relationship": "Outer", "Relation Name": "movie_companies", "Alias": "mc", "Startup Cost": 0.0, "Total Cost": 41817.28, "Plan Rows": 2609128, "Plan Width": 12}, {"Node Type": "Hash", "Parent Relationship": "Inner", "Startup Cost": 5903.45, "Total Cost": 5903.45, "Plan Rows": 85170, "Plan Width": 4, "Plans": [{"Node Type": "Seq Scan", "Parent Relationship": "Outer", "Relation Name": "company_name", "Alias": "cn", "Startup Cost": 0.0, "Total Cost": 5903.45, "Plan Rows": 85170, "Plan Width": 4, "Filter": "((country_code)::text = '[us]'::text)"}]}]}, {"Node Type": "Hash", "Parent Relationship": "Inner", "Startup Cost": 386291.56, "Total Cost": 386291.56, "Plan Rows": 954323, "Plan Width": 45, "Plans": [{"Node Type": "Streaming(type: LOCAL GATHER dop: 1/64)", "Parent Relationship": "Outer", "Startup Cost": 162901.55, "Total Cost": 386291.56, "Plan Rows": 954323, "Plan Width": 45, "Plans": [{"Node Type": "Hash Join", "Parent Relationship": "Outer", "Join Type": "Inner", "Startup Cost": 162901.55, "Total Cost": 366603.99, "Plan Rows": 954323, "Plan Width": 45, "Inner Unique": true, "Hash Cond": "(ci.person_role_id = chn.id), (LLVM Optimized)", "Plans": [{"Node Type": "Streaming(type: LOCAL REDISTRIBUTE dop: 64/64)", "Parent Relationship": "Outer", "Startup Cost": 129035.53, "Total Cost": 332473.51, "Plan Rows": 1968625, "Plan Width": 33, "Plans": [{"Node Type": "Hash Join", "Parent Relationship": "Outer", "Join Type": "Inner", "Startup Cost": 129035.53, "Total Cost": 267608.7, "Plan Rows": 1968625, "Plan Width": 33, "Inner Unique": true, "Hash Cond": "(ci.movie_id = t.id), (LLVM Optimized)", "Plans": [{"Node Type": "Streaming(type: LOCAL REDISTRIBUTE dop: 64/64)", "Parent Relationship": "Outer", "Startup Cost": 0.0, "Total Cost": 138181.4, "Plan Rows": 1436424, "Plan Width": 12, "Plans": [{"Node Type": "Seq Scan", "Parent Relationship": "Outer", "Relation Name": "cast_info", "Alias": "ci", "Startup Cost": 0.0, "Total Cost": 73820.73, "Plan Rows": 1436424, "Plan Width": 12, "Filter": "((note)::text ~~ '%(producer)%'::text), (LLVM Optimized)"}]}, {"Node Type": "Hash", "Parent Relationship": "Inner", "Startup Cost": 128693.96, "Total Cost": 128693.96, "Plan Rows": 1748840, "Plan Width": 21, "Plans": [{"Node Type": "Streaming(type: LOCAL REDISTRIBUTE dop: 64/64)", "Parent Relationship": "Outer", "Startup Cost": 0.0, "Total Cost": 128693.96, "Plan Rows": 1748840, "Plan Width": 21, "Plans": [{"Node Type": "Seq Scan", "Parent Relationship": "Outer", "Relation Name": "title", "Alias": "t", "Startup Cost": 0.0, "Total Cost": 64037.34, "Plan Rows": 1748840, "Plan Width": 21, "Filter": "(production_year > 1990), (LLVM Optimized)"}]}]}]}]}, {"Node Type": "Hash", "Parent Relationship": "Inner", "Startup Cost": 130029.32, "Total Cost": 130029.32, "Plan Rows": 3140338, "Plan Width": 20, "Plans": [{"Node Type": "Streaming(type: LOCAL REDISTRIBUTE dop: 64/64)", "Parent Relationship": "Outer", "Startup Cost": 0.0, "Total Cost": 130029.32, "Plan Rows": 3140338, "Plan Width": 20, "Plans": [{"Node Type": "Seq Scan", "Parent Relationship": "Outer", "Relation Name": "char_name", "Alias": "chn", "Startup Cost": 0.0, "Total Cost": 64054.58, "Plan Rows": 3140338, "Plan Width": 20}]}]}]}]}]}]}, {"Node Type": "Hash", "Parent Relationship": "Inner", "Startup Cost": 1.12, "Total Cost": 1.12, "Plan Rows": 12, "Plan Width": 4, "Plans": [{"Node Type": "Seq Scan", "Parent Relationship": "Outer", "Relation Name": "role_type", "Alias": "rt", "Startup Cost": 0.0, "Total Cost": 1.12, "Plan Rows": 12, "Plan Width": 4}]}]}, {"Node Type": "Hash", "Parent Relationship": "Inner", "Startup Cost": 1.03, "Total Cost": 1.03, "Plan Rows": 3, "Plan Width": 4, "Plans": [{"Node Type": "Seq Scan", "Parent Relationship": "Outer", "Relation Name": "company_type", "Alias": "ct", "Startup Cost": 0.0, "Total Cost": 1.03, "Plan Rows": 3, "Plan Width": 4}]}]}]}, "Unique SQL Id": 3145361615}, "explain_analyze_plan": {"Plan": {"Node Type": "Aggregate", "Strategy": "Plain", "Startup Cost": 515623.68, "Total Cost": 515623.69, "Plan Rows": 1, "Plan Width": 97, "Actual Min Startup Time": 3512.81, "Actual Max Startup Time": 3512.81, "Actual Min Total Time": 3512.81, "Actual Max Total Time": 3512.81, "Actual Total Rows": 1, "Plans": [{"Node Type": "Hash Join", "Parent Relationship": "Outer", "Join Type": "Inner", "Startup Cost": 405190.17, "Total Cost": 510776.61, "Plan Rows": 969413, "Plan Width": 33, "Actual Min Startup Time": 3150.989, "Actual Max Startup Time": 3150.989, "Actual Min Total Time": 3512.763, "Actual Max Total Time": 3512.763, "Actual Total Rows": 4, "Inner Unique": true, "Hash Cond": "(mc.company_type_id = ct.id), (LLVM Optimized, Jit Execute)", "Plans": [{"Node Type": "Hash Join", "Parent Relationship": "Outer", "Join Type": "Inner", "Startup Cost": 405189.1, "Total Cost": 497446.12, "Plan Rows": 969413, "Plan Width": 37, "Actual Min Startup Time": 2306.919, "Actual Max Startup Time": 2306.919, "Actual Min Total Time": 3512.569, "Actual Max Total Time": 3512.569, "Actual Total Rows": 10, "Inner Unique": true, "Hash Cond": "(ci.role_id = rt.id), (LLVM Optimized, Jit Execute)", "Plans": [{"Node Type": "Hash Join", "Parent Relationship": "Outer", "Join Type": "Inner", "Startup Cost": 405188.67, "Total Cost": 484116.26, "Plan Rows": 969413, "Plan Width": 41, "Actual Min Startup Time": 2306.816, "Actual Max Startup Time": 2306.816, "Actual Min Total Time": 3512.299, "Actual Max Total Time": 3512.299, "Actual Total Rows": 10, "Inner Unique": false, "Hash Cond": "(mc.movie_id = t.id), (LLVM Optimized, Jit Execute)", "Plans": [{"Node Type": "Hash Join", "Parent Relationship": "Outer", "Join Type": "Inner", "Startup Cost": 6968.08, "Total Cost": 71392.69, "Plan Rows": 1282311, "Plan Width": 8, "Actual Min Startup Time": 121.767, "Actual Max Startup Time": 121.767, "Actual Min Total Time": 1517.199, "Actual Max Total Time": 1517.199, "Actual Total Rows": 1153797, "Inner Unique": true, "Hash Cond": "(mc.company_id = cn.id), (LLVM Optimized, Jit Execute)", "Plans": [{"Node Type": "Seq Scan", "Parent Relationship": "Outer", "Relation Name": "movie_companies", "Alias": "mc", "Startup Cost": 0.0, "Total Cost": 41817.28, "Plan Rows": 2609128, "Plan Width": 12, "Actual Min Startup Time": 0.051, "Actual Max Startup Time": 0.051, "Actual Min Total Time": 586.979, "Actual Max Total Time": 586.979, "Actual Total Rows": 2609128}, {"Node Type": "Hash", "Parent Relationship": "Inner", "Startup Cost": 5903.45, "Total Cost": 5903.45, "Plan Rows": 85170, "Plan Width": 4, "Actual Min Startup Time": 121.51, "Actual Max Startup Time": 121.51, "Actual Min Total Time": 121.51, "Actual Max Total Time": 121.51, "Actual Total Rows": 84843, "Max Hash Buckets": 131072, "Min Hash Buckets": 131072, "Max Hash Batches": 1, "Min Hash Batches": 1, "Max Original Hash Batches": 1, "Min Original Hash Batches": 1, "Max Peak Memory Usage": 2983, "min Peak Memory Usage": 2983, "Plans": [{"Node Type": "Seq Scan", "Parent Relationship": "Outer", "Relation Name": "company_name", "Alias": "cn", "Startup Cost": 0.0, "Total Cost": 5903.45, "Plan Rows": 85170, "Plan Width": 4, "Actual Min Startup Time": 0.037, "Actual Max Startup Time": 0.037, "Actual Min Total Time": 93.104, "Actual Max Total Time": 93.104, "Actual Total Rows": 84843, "Filter": "((country_code)::text = '[us]'::text)", "Rows Removed by Filter": 150153}]}]}, {"Node Type": "Hash", "Parent Relationship": "Inner", "Startup Cost": 386291.56, "Total Cost": 386291.56, "Plan Rows": 954323, "Plan Width": 45, "Actual Min Startup Time": 1772.978, "Actual Max Startup Time": 1772.978, "Actual Min Total Time": 1772.978, "Actual Max Total Time": 1772.978, "Actual Total Rows": 12, "Max Hash Buckets": 1048576, "Min Hash Buckets": 1048576, "Max Hash Batches": 1, "Min Hash Batches": 1, "Max Original Hash Batches": 1, "Min Original Hash Batches": 1, "Max Peak Memory Usage": 1, "min Peak Memory Usage": 1, "Plans": [{"Node Type": "Streaming(type: LOCAL GATHER dop: 1/64)", "Parent Relationship": "Outer", "Startup Cost": 162901.55, "Total Cost": 386291.56, "Plan Rows": 954323, "Plan Width": 45, "Actual Min Startup Time": 1770.895, "Actual Max Startup Time": 1770.895, "Actual Min Total Time": 1772.939, "Actual Max Total Time": 1772.939, "Actual Total Rows": 12, "Plans": [{"Node Type": "Hash Join", "Parent Relationship": "Outer", "Join Type": "Inner", "Startup Cost": 162901.55, "Total Cost": 366603.99, "Plan Rows": 954323, "Plan Width": 45, "Actual Min Startup Time": 1051.258, "Actual Max Startup Time": 1368.871, "Actual Min Total Time": 1051.258, "Actual Max Total Time": 1368.871, "Actual Total Rows": 12, "Inner Unique": true, "Hash Cond": "(ci.person_role_id = chn.id), (LLVM Optimized, Jit Execute)", "Plans": [{"Node Type": "Streaming(type: LOCAL REDISTRIBUTE dop: 64/64)", "Parent Relationship": "Outer", "Startup Cost": 129035.53, "Total Cost": 332473.51, "Plan Rows": 1968625, "Plan Width": 33, "Actual Min Startup Time": 0.324, "Actual Max Startup Time": 772.355, "Actual Min Total Time": 652.101, "Actual Max Total Time": 772.355, "Actual Total Rows": 1071330, "Plans": [{"Node Type": "Hash Join", "Parent Relationship": "Outer", "Join Type": "Inner", "Startup Cost": 129035.53, "Total Cost": 267608.7, "Plan Rows": 1968625, "Plan Width": 33, "Actual Min Startup Time": 216.428, "Actual Max Startup Time": 564.106, "Actual Min Total Time": 457.061, "Actual Max Total Time": 893.331, "Actual Total Rows": 1071330, "Inner Unique": true, "Hash Cond": "(ci.movie_id = t.id), (LLVM Optimized, Jit Execute)", "Plans": [{"Node Type": "Streaming(type: LOCAL REDISTRIBUTE dop: 64/64)", "Parent Relationship": "Outer", "Startup Cost": 0.0, "Total Cost": 138181.4, "Plan Rows": 1436424, "Plan Width": 12, "Actual Min Startup Time": 0.224, "Actual Max Startup Time": 65.822, "Actual Min Total Time": 189.689, "Actual Max Total Time": 355.253, "Actual Total Rows": 1435439, "Plans": [{"Node Type": "Seq Scan", "Parent Relationship": "Outer", "Relation Name": "cast_info", "Alias": "ci", "Startup Cost": 0.0, "Total Cost": 73820.73, "Plan Rows": 1436424, "Plan Width": 12, "Actual Min Startup Time": 14.06, "Actual Max Startup Time": 104.928, "Actual Min Total Time": 178.13, "Actual Max Total Time": 267.3, "Actual Total Rows": 1435439, "Filter": "((note)::text ~~ '%(producer)%'::text), (LLVM Optimized, Jit Execute)", "Rows Removed by Filter": 34808904}]}, {"Node Type": "Hash", "Parent Relationship": "Inner", "Startup Cost": 128693.96, "Total Cost": 128693.96, "Plan Rows": 1748840, "Plan Width": 21, "Actual Min Startup Time": 215.79, "Actual Max Startup Time": 563.556, "Actual Min Total Time": 215.79, "Actual Max Total Time": 563.556, "Actual Total Rows": 1749032, "Max Hash Buckets": 32768, "Min Hash Buckets": 32768, "Max Hash Batches": 1, "Min Hash Batches": 1, "Max Original Hash Batches": 1, "Min Original Hash Batches": 1, "Max Peak Memory Usage": 1467, "min Peak Memory Usage": 1467, "Plans": [{"Node Type": "Streaming(type: LOCAL REDISTRIBUTE dop: 64/64)", "Parent Relationship": "Outer", "Startup Cost": 0.0, "Total Cost": 128693.96, "Plan Rows": 1748840, "Plan Width": 21, "Actual Min Startup Time": 0.129, "Actual Max Startup Time": 217.095, "Actual Min Total Time": 175.094, "Actual Max Total Time": 547.198, "Actual Total Rows": 1749032, "Plans": [{"Node Type": "Seq Scan", "Parent Relationship": "Outer", "Relation Name": "title", "Alias": "t", "Startup Cost": 0.0, "Total Cost": 64037.34, "Plan Rows": 1748840, "Plan Width": 21, "Actual Min Startup Time": 0.033, "Actual Max Startup Time": 0.11, "Actual Min Total Time": 17.019, "Actual Max Total Time": 53.031, "Actual Total Rows": 1749032, "Filter": "(production_year > 1990), (LLVM Optimized, Jit Execute)", "Rows Removed by Filter": 779279}]}]}]}]}, {"Node Type": "Hash", "Parent Relationship": "Inner", "Startup Cost": 130029.32, "Total Cost": 130029.32, "Plan Rows": 3140338, "Plan Width": 20, "Actual Min Startup Time": 278.829, "Actual Max Startup Time": 596.445, "Actual Min Total Time": 278.829, "Actual Max Total Time": 596.445, "Actual Total Rows": 3140338, "Max Hash Buckets": 65536, "Min Hash Buckets": 65536, "Max Hash Batches": 1, "Min Hash Batches": 1, "Max Original Hash Batches": 1, "Min Original Hash Batches": 1, "Max Peak Memory Usage": 2583, "min Peak Memory Usage": 2583, "Plans": [{"Node Type": "Streaming(type: LOCAL REDISTRIBUTE dop: 64/64)", "Parent Relationship": "Outer", "Startup Cost": 0.0, "Total Cost": 130029.32, "Plan Rows": 3140338, "Plan Width": 20, "Actual Min Startup Time": 0.123, "Actual Max Startup Time": 61.811, "Actual Min Total Time": 193.575, "Actual Max Total Time": 548.555, "Actual Total Rows": 3140338, "Plans": [{"Node Type": "Seq Scan", "Parent Relationship": "Outer", "Relation Name": "char_name", "Alias": "chn", "Startup Cost": 0.0, "Total Cost": 64054.58, "Plan Rows": 3140338, "Plan Width": 20, "Actual Min Startup Time": 0.02, "Actual Max Startup Time": 0.066, "Actual Min Total Time": 18.533, "Actual Max Total Time": 43.707, "Actual Total Rows": 3140338}]}]}]}]}]}]}, {"Node Type": "Hash", "Parent Relationship": "Inner", "Startup Cost": 1.12, "Total Cost": 1.12, "Plan Rows": 12, "Plan Width": 4, "Actual Min Startup Time": 0.02, "Actual Max Startup Time": 0.02, "Actual Min Total Time": 0.02, "Actual Max Total Time": 0.02, "Actual Total Rows": 12, "Max Hash Buckets": 32768, "Min Hash Buckets": 32768, "Max Hash Batches": 1, "Min Hash Batches": 1, "Max Original Hash Batches": 1, "Min Original Hash Batches": 1, "Max Peak Memory Usage": 1, "min Peak Memory Usage": 1, "Plans": [{"Node Type": "Seq Scan", "Parent Relationship": "Outer", "Relation Name": "role_type", "Alias": "rt", "Startup Cost": 0.0, "Total Cost": 1.12, "Plan Rows": 12, "Plan Width": 4, "Actual Min Startup Time": 0.011, "Actual Max Startup Time": 0.011, "Actual Min Total Time": 0.011, "Actual Max Total Time": 0.011, "Actual Total Rows": 12}]}]}, {"Node Type": "Hash", "Parent Relationship": "Inner", "Startup Cost": 1.03, "Total Cost": 1.03, "Plan Rows": 3, "Plan Width": 4, "Actual Min Startup Time": 0.056, "Actual Max Startup Time": 0.056, "Actual Min Total Time": 0.056, "Actual Max Total Time": 0.056, "Actual Total Rows": 3, "Max Hash Buckets": 32768, "Min Hash Buckets": 32768, "Max Hash Batches": 1, "Min Hash Batches": 1, "Max Original Hash Batches": 1, "Min Original Hash Batches": 1, "Max Peak Memory Usage": 1, "min Peak Memory Usage": 1, "Plans": [{"Node Type": "Seq Scan", "Parent Relationship": "Outer", "Relation Name": "company_type", "Alias": "ct", "Startup Cost": 0.0, "Total Cost": 1.03, "Plan Rows": 3, "Plan Width": 4, "Actual Min Startup Time": 0.027, "Actual Max Startup Time": 0.027, "Actual Min Total Time": 0.03, "Actual Max Total Time": 0.03, "Actual Total Rows": 3}]}]}]}, "Triggers": [], "Planner Runtime": 79.157, "Total Runtime": 3616.873, "Unique SQL Id": 3145361615}}, "(64, 109)": {"explain_plan": {"Plan": {"Node Type": "Aggregate", "Strategy": "Plain", "Startup Cost": 1610653.74, "Total Cost": 1610653.75, "Plan Rows": 1, "Plan Width": 97, "Plans": [{"Node Type": "Hash Join", "Parent Relationship": "Outer", "Join Type": "Inner", "Startup Cost": 479592.36, "Total Cost": 1605806.68, "Plan Rows": 969413, "Plan Width": 33, "Inner Unique": true, "Hash Cond": "(mc.company_type_id = ct.id), (LLVM Optimized)", "Plans": [{"Node Type": "Hash Join", "Parent Relationship": "Outer", "Join Type": "Inner", "Startup Cost": 479580.03, "Total Cost": 1592464.92, "Plan Rows": 969413, "Plan Width": 37, "Inner Unique": false, "Hash Cond": "(ci.movie_id = t.id), (LLVM Optimized)", "Plans": [{"Node Type": "Hash Join", "Parent Relationship": "Outer", "Join Type": "Inner", "Startup Cost": 169142.26, "Total Cost": 1269721.6, "Plan Rows": 696330, "Plan Width": 20, "Inner Unique": true, "Hash Cond": "(ci.role_id = rt.id), (LLVM Optimized)", "Plans": [{"Node Type": "Hash Join", "Parent Relationship": "Outer", "Join Type": "Inner", "Startup Cost": 169129.68, "Total Cost": 1260134.48, "Plan Rows": 696330, "Plan Width": 24, "Inner Unique": true, "Hash Cond": "(ci.person_role_id = chn.id), (LLVM Optimized)", "Plans": [{"Node Type": "Streaming(type: LOCAL GATHER dop: 1/64)", "Parent Relationship": "Outer", "Startup Cost": 0.0, "Total Cost": 1078654.91, "Plan Rows": 1436424, "Plan Width": 12, "Plans": [{"Node Type": "Index Scan", "Parent Relationship": "Outer", "Scan Direction": "Forward", "Index Name": "role_id_cast_info", "Relation Name": "cast_info", "Alias": "ci", "Startup Cost": 0.0, "Total Cost": 1049021.65, "Plan Rows": 1436424, "Plan Width": 12, "Filter": "((note)::text ~~ '%(producer)%'::text), (LLVM Optimized)"}]}, {"Node Type": "Hash", "Parent Relationship": "Inner", "Startup Cost": 129875.46, "Total Cost": 129875.46, "Plan Rows": 3140338, "Plan Width": 20, "Plans": [{"Node Type": "Index Scan", "Parent Relationship": "Outer", "Scan Direction": "Forward", "Index Name": "char_name_pkey", "Relation Name": "char_name", "Alias": "chn", "Startup Cost": 0.0, "Total Cost": 129875.46, "Plan Rows": 3140338, "Plan Width": 20}]}]}, {"Node Type": "Hash", "Parent Relationship": "Inner", "Startup Cost": 12.43, "Total Cost": 12.43, "Plan Rows": 12, "Plan Width": 4, "Plans": [{"Node Type": "Index Scan", "Parent Relationship": "Outer", "Scan Direction": "Forward", "Index Name": "role_type_pkey", "Relation Name": "role_type", "Alias": "rt", "Startup Cost": 0.0, "Total Cost": 12.43, "Plan Rows": 12, "Plan Width": 4}]}]}, {"Node Type": "Hash", "Parent Relationship": "Inner", "Startup Cost": 288231.21, "Total Cost": 288231.21, "Plan Rows": 1776525, "Plan Width": 29, "Plans": [{"Node Type": "Hash Join", "Parent Relationship": "Outer", "Join Type": "Inner", "Startup Cost": 149867.78, "Total Cost": 288231.21, "Plan Rows": 1776525, "Plan Width": 29, "Inner Unique": true, "Hash Cond": "(mc.movie_id = t.id), (LLVM Optimized)", "Plans": [{"Node Type": "Hash Join", "Parent Relationship": "Outer", "Join Type": "Inner", "Startup Cost": 11566.01, "Total Cost": 127355.52, "Plan Rows": 1282311, "Plan Width": 8, "Inner Unique": true, "Hash Cond": "(mc.company_id = cn.id), (LLVM Optimized)", "Plans": [{"Node Type": "Index Scan", "Parent Relationship": "Outer", "Scan Direction": "Forward", "Index Name": "company_type_id_movie_companies", "Relation Name": "movie_companies", "Alias": "mc", "Startup Cost": 0.0, "Total Cost": 93182.17, "Plan Rows": 2609128, "Plan Width": 12}, {"Node Type": "Hash", "Parent Relationship": "Inner", "Startup Cost": 10501.39, "Total Cost": 10501.39, "Plan Rows": 85170, "Plan Width": 4, "Plans": [{"Node Type": "Index Scan", "Parent Relationship": "Outer", "Scan Direction": "Forward", "Index Name": "company_name_pkey", "Relation Name": "company_name", "Alias": "cn", "Startup Cost": 0.0, "Total Cost": 10501.39, "Plan Rows": 85170, "Plan Width": 4, "Filter": "((country_code)::text = '[us]'::text)"}]}]}, {"Node Type": "Hash", "Parent Relationship": "Inner", "Startup Cost": 116441.27, "Total Cost": 116441.27, "Plan Rows": 1748840, "Plan Width": 21, "Plans": [{"Node Type": "Index Scan", "Parent Relationship": "Outer", "Scan Direction": "Forward", "Index Name": "title_pkey", "Relation Name": "title", "Alias": "t", "Startup Cost": 0.0, "Total Cost": 116441.27, "Plan Rows": 1748840, "Plan Width": 21, "Filter": "(production_year > 1990), (LLVM Optimized)"}]}]}]}]}, {"Node Type": "Hash", "Parent Relationship": "Inner", "Startup Cost": 12.29, "Total Cost": 12.29, "Plan Rows": 3, "Plan Width": 4, "Plans": [{"Node Type": "Index Scan", "Parent Relationship": "Outer", "Scan Direction": "Forward", "Index Name": "company_type_pkey", "Relation Name": "company_type", "Alias": "ct", "Startup Cost": 0.0, "Total Cost": 12.29, "Plan Rows": 3, "Plan Width": 4}]}]}]}, "Unique SQL Id": 3145361615}, "explain_analyze_plan": null}, "(64, 110)": {"explain_plan": {"Plan": {"Node Type": "Aggregate", "Strategy": "Plain", "Startup Cost": 515623.68, "Total Cost": 515623.69, "Plan Rows": 1, "Plan Width": 97, "Plans": [{"Node Type": "Hash Join", "Parent Relationship": "Outer", "Join Type": "Inner", "Startup Cost": 405190.17, "Total Cost": 510776.61, "Plan Rows": 969413, "Plan Width": 33, "Inner Unique": true, "Hash Cond": "(mc.company_type_id = ct.id), (LLVM Optimized)", "Plans": [{"Node Type": "Hash Join", "Parent Relationship": "Outer", "Join Type": "Inner", "Startup Cost": 405189.1, "Total Cost": 497446.12, "Plan Rows": 969413, "Plan Width": 37, "Inner Unique": true, "Hash Cond": "(ci.role_id = rt.id), (LLVM Optimized)", "Plans": [{"Node Type": "Hash Join", "Parent Relationship": "Outer", "Join Type": "Inner", "Startup Cost": 405188.67, "Total Cost": 484116.26, "Plan Rows": 969413, "Plan Width": 41, "Inner Unique": false, "Hash Cond": "(mc.movie_id = t.id), (LLVM Optimized)", "Plans": [{"Node Type": "Hash Join", "Parent Relationship": "Outer", "Join Type": "Inner", "Startup Cost": 6968.08, "Total Cost": 71392.69, "Plan Rows": 1282311, "Plan Width": 8, "Inner Unique": true, "Hash Cond": "(mc.company_id = cn.id), (LLVM Optimized)", "Plans": [{"Node Type": "Seq Scan", "Parent Relationship": "Outer", "Relation Name": "movie_companies", "Alias": "mc", "Startup Cost": 0.0, "Total Cost": 41817.28, "Plan Rows": 2609128, "Plan Width": 12}, {"Node Type": "Hash", "Parent Relationship": "Inner", "Startup Cost": 5903.45, "Total Cost": 5903.45, "Plan Rows": 85170, "Plan Width": 4, "Plans": [{"Node Type": "Seq Scan", "Parent Relationship": "Outer", "Relation Name": "company_name", "Alias": "cn", "Startup Cost": 0.0, "Total Cost": 5903.45, "Plan Rows": 85170, "Plan Width": 4, "Filter": "((country_code)::text = '[us]'::text)"}]}]}, {"Node Type": "Hash", "Parent Relationship": "Inner", "Startup Cost": 386291.56, "Total Cost": 386291.56, "Plan Rows": 954323, "Plan Width": 45, "Plans": [{"Node Type": "Streaming(type: LOCAL GATHER dop: 1/64)", "Parent Relationship": "Outer", "Startup Cost": 162901.55, "Total Cost": 386291.56, "Plan Rows": 954323, "Plan Width": 45, "Plans": [{"Node Type": "Hash Join", "Parent Relationship": "Outer", "Join Type": "Inner", "Startup Cost": 162901.55, "Total Cost": 366603.99, "Plan Rows": 954323, "Plan Width": 45, "Inner Unique": true, "Hash Cond": "(ci.person_role_id = chn.id), (LLVM Optimized)", "Plans": [{"Node Type": "Streaming(type: LOCAL REDISTRIBUTE dop: 64/64)", "Parent Relationship": "Outer", "Startup Cost": 129035.53, "Total Cost": 332473.51, "Plan Rows": 1968625, "Plan Width": 33, "Plans": [{"Node Type": "Hash Join", "Parent Relationship": "Outer", "Join Type": "Inner", "Startup Cost": 129035.53, "Total Cost": 267608.7, "Plan Rows": 1968625, "Plan Width": 33, "Inner Unique": true, "Hash Cond": "(ci.movie_id = t.id), (LLVM Optimized)", "Plans": [{"Node Type": "Streaming(type: LOCAL REDISTRIBUTE dop: 64/64)", "Parent Relationship": "Outer", "Startup Cost": 0.0, "Total Cost": 138181.4, "Plan Rows": 1436424, "Plan Width": 12, "Plans": [{"Node Type": "Seq Scan", "Parent Relationship": "Outer", "Relation Name": "cast_info", "Alias": "ci", "Startup Cost": 0.0, "Total Cost": 73820.73, "Plan Rows": 1436424, "Plan Width": 12, "Filter": "((note)::text ~~ '%(producer)%'::text), (LLVM Optimized)"}]}, {"Node Type": "Hash", "Parent Relationship": "Inner", "Startup Cost": 128693.96, "Total Cost": 128693.96, "Plan Rows": 1748840, "Plan Width": 21, "Plans": [{"Node Type": "Streaming(type: LOCAL REDISTRIBUTE dop: 64/64)", "Parent Relationship": "Outer", "Startup Cost": 0.0, "Total Cost": 128693.96, "Plan Rows": 1748840, "Plan Width": 21, "Plans": [{"Node Type": "Seq Scan", "Parent Relationship": "Outer", "Relation Name": "title", "Alias": "t", "Startup Cost": 0.0, "Total Cost": 64037.34, "Plan Rows": 1748840, "Plan Width": 21, "Filter": "(production_year > 1990), (LLVM Optimized)"}]}]}]}]}, {"Node Type": "Hash", "Parent Relationship": "Inner", "Startup Cost": 130029.32, "Total Cost": 130029.32, "Plan Rows": 3140338, "Plan Width": 20, "Plans": [{"Node Type": "Streaming(type: LOCAL REDISTRIBUTE dop: 64/64)", "Parent Relationship": "Outer", "Startup Cost": 0.0, "Total Cost": 130029.32, "Plan Rows": 3140338, "Plan Width": 20, "Plans": [{"Node Type": "Seq Scan", "Parent Relationship": "Outer", "Relation Name": "char_name", "Alias": "chn", "Startup Cost": 0.0, "Total Cost": 64054.58, "Plan Rows": 3140338, "Plan Width": 20}]}]}]}]}]}]}, {"Node Type": "Hash", "Parent Relationship": "Inner", "Startup Cost": 1.12, "Total Cost": 1.12, "Plan Rows": 12, "Plan Width": 4, "Plans": [{"Node Type": "Seq Scan", "Parent Relationship": "Outer", "Relation Name": "role_type", "Alias": "rt", "Startup Cost": 0.0, "Total Cost": 1.12, "Plan Rows": 12, "Plan Width": 4}]}]}, {"Node Type": "Hash", "Parent Relationship": "Inner", "Startup Cost": 1.03, "Total Cost": 1.03, "Plan Rows": 3, "Plan Width": 4, "Plans": [{"Node Type": "Seq Scan", "Parent Relationship": "Outer", "Relation Name": "company_type", "Alias": "ct", "Startup Cost": 0.0, "Total Cost": 1.03, "Plan Rows": 3, "Plan Width": 4}]}]}]}, "Unique SQL Id": 3145361615}, "explain_analyze_plan": {"Plan": {"Node Type": "Aggregate", "Strategy": "Plain", "Startup Cost": 515623.68, "Total Cost": 515623.69, "Plan Rows": 1, "Plan Width": 97, "Actual Min Startup Time": 3512.81, "Actual Max Startup Time": 3512.81, "Actual Min Total Time": 3512.81, "Actual Max Total Time": 3512.81, "Actual Total Rows": 1, "Plans": [{"Node Type": "Hash Join", "Parent Relationship": "Outer", "Join Type": "Inner", "Startup Cost": 405190.17, "Total Cost": 510776.61, "Plan Rows": 969413, "Plan Width": 33, "Actual Min Startup Time": 3150.989, "Actual Max Startup Time": 3150.989, "Actual Min Total Time": 3512.763, "Actual Max Total Time": 3512.763, "Actual Total Rows": 4, "Inner Unique": true, "Hash Cond": "(mc.company_type_id = ct.id), (LLVM Optimized, Jit Execute)", "Plans": [{"Node Type": "Hash Join", "Parent Relationship": "Outer", "Join Type": "Inner", "Startup Cost": 405189.1, "Total Cost": 497446.12, "Plan Rows": 969413, "Plan Width": 37, "Actual Min Startup Time": 2306.919, "Actual Max Startup Time": 2306.919, "Actual Min Total Time": 3512.569, "Actual Max Total Time": 3512.569, "Actual Total Rows": 10, "Inner Unique": true, "Hash Cond": "(ci.role_id = rt.id), (LLVM Optimized, Jit Execute)", "Plans": [{"Node Type": "Hash Join", "Parent Relationship": "Outer", "Join Type": "Inner", "Startup Cost": 405188.67, "Total Cost": 484116.26, "Plan Rows": 969413, "Plan Width": 41, "Actual Min Startup Time": 2306.816, "Actual Max Startup Time": 2306.816, "Actual Min Total Time": 3512.299, "Actual Max Total Time": 3512.299, "Actual Total Rows": 10, "Inner Unique": false, "Hash Cond": "(mc.movie_id = t.id), (LLVM Optimized, Jit Execute)", "Plans": [{"Node Type": "Hash Join", "Parent Relationship": "Outer", "Join Type": "Inner", "Startup Cost": 6968.08, "Total Cost": 71392.69, "Plan Rows": 1282311, "Plan Width": 8, "Actual Min Startup Time": 121.767, "Actual Max Startup Time": 121.767, "Actual Min Total Time": 1517.199, "Actual Max Total Time": 1517.199, "Actual Total Rows": 1153797, "Inner Unique": true, "Hash Cond": "(mc.company_id = cn.id), (LLVM Optimized, Jit Execute)", "Plans": [{"Node Type": "Seq Scan", "Parent Relationship": "Outer", "Relation Name": "movie_companies", "Alias": "mc", "Startup Cost": 0.0, "Total Cost": 41817.28, "Plan Rows": 2609128, "Plan Width": 12, "Actual Min Startup Time": 0.051, "Actual Max Startup Time": 0.051, "Actual Min Total Time": 586.979, "Actual Max Total Time": 586.979, "Actual Total Rows": 2609128}, {"Node Type": "Hash", "Parent Relationship": "Inner", "Startup Cost": 5903.45, "Total Cost": 5903.45, "Plan Rows": 85170, "Plan Width": 4, "Actual Min Startup Time": 121.51, "Actual Max Startup Time": 121.51, "Actual Min Total Time": 121.51, "Actual Max Total Time": 121.51, "Actual Total Rows": 84843, "Max Hash Buckets": 131072, "Min Hash Buckets": 131072, "Max Hash Batches": 1, "Min Hash Batches": 1, "Max Original Hash Batches": 1, "Min Original Hash Batches": 1, "Max Peak Memory Usage": 2983, "min Peak Memory Usage": 2983, "Plans": [{"Node Type": "Seq Scan", "Parent Relationship": "Outer", "Relation Name": "company_name", "Alias": "cn", "Startup Cost": 0.0, "Total Cost": 5903.45, "Plan Rows": 85170, "Plan Width": 4, "Actual Min Startup Time": 0.037, "Actual Max Startup Time": 0.037, "Actual Min Total Time": 93.104, "Actual Max Total Time": 93.104, "Actual Total Rows": 84843, "Filter": "((country_code)::text = '[us]'::text)", "Rows Removed by Filter": 150153}]}]}, {"Node Type": "Hash", "Parent Relationship": "Inner", "Startup Cost": 386291.56, "Total Cost": 386291.56, "Plan Rows": 954323, "Plan Width": 45, "Actual Min Startup Time": 1772.978, "Actual Max Startup Time": 1772.978, "Actual Min Total Time": 1772.978, "Actual Max Total Time": 1772.978, "Actual Total Rows": 12, "Max Hash Buckets": 1048576, "Min Hash Buckets": 1048576, "Max Hash Batches": 1, "Min Hash Batches": 1, "Max Original Hash Batches": 1, "Min Original Hash Batches": 1, "Max Peak Memory Usage": 1, "min Peak Memory Usage": 1, "Plans": [{"Node Type": "Streaming(type: LOCAL GATHER dop: 1/64)", "Parent Relationship": "Outer", "Startup Cost": 162901.55, "Total Cost": 386291.56, "Plan Rows": 954323, "Plan Width": 45, "Actual Min Startup Time": 1770.895, "Actual Max Startup Time": 1770.895, "Actual Min Total Time": 1772.939, "Actual Max Total Time": 1772.939, "Actual Total Rows": 12, "Plans": [{"Node Type": "Hash Join", "Parent Relationship": "Outer", "Join Type": "Inner", "Startup Cost": 162901.55, "Total Cost": 366603.99, "Plan Rows": 954323, "Plan Width": 45, "Actual Min Startup Time": 1051.258, "Actual Max Startup Time": 1368.871, "Actual Min Total Time": 1051.258, "Actual Max Total Time": 1368.871, "Actual Total Rows": 12, "Inner Unique": true, "Hash Cond": "(ci.person_role_id = chn.id), (LLVM Optimized, Jit Execute)", "Plans": [{"Node Type": "Streaming(type: LOCAL REDISTRIBUTE dop: 64/64)", "Parent Relationship": "Outer", "Startup Cost": 129035.53, "Total Cost": 332473.51, "Plan Rows": 1968625, "Plan Width": 33, "Actual Min Startup Time": 0.324, "Actual Max Startup Time": 772.355, "Actual Min Total Time": 652.101, "Actual Max Total Time": 772.355, "Actual Total Rows": 1071330, "Plans": [{"Node Type": "Hash Join", "Parent Relationship": "Outer", "Join Type": "Inner", "Startup Cost": 129035.53, "Total Cost": 267608.7, "Plan Rows": 1968625, "Plan Width": 33, "Actual Min Startup Time": 216.428, "Actual Max Startup Time": 564.106, "Actual Min Total Time": 457.061, "Actual Max Total Time": 893.331, "Actual Total Rows": 1071330, "Inner Unique": true, "Hash Cond": "(ci.movie_id = t.id), (LLVM Optimized, Jit Execute)", "Plans": [{"Node Type": "Streaming(type: LOCAL REDISTRIBUTE dop: 64/64)", "Parent Relationship": "Outer", "Startup Cost": 0.0, "Total Cost": 138181.4, "Plan Rows": 1436424, "Plan Width": 12, "Actual Min Startup Time": 0.224, "Actual Max Startup Time": 65.822, "Actual Min Total Time": 189.689, "Actual Max Total Time": 355.253, "Actual Total Rows": 1435439, "Plans": [{"Node Type": "Seq Scan", "Parent Relationship": "Outer", "Relation Name": "cast_info", "Alias": "ci", "Startup Cost": 0.0, "Total Cost": 73820.73, "Plan Rows": 1436424, "Plan Width": 12, "Actual Min Startup Time": 14.06, "Actual Max Startup Time": 104.928, "Actual Min Total Time": 178.13, "Actual Max Total Time": 267.3, "Actual Total Rows": 1435439, "Filter": "((note)::text ~~ '%(producer)%'::text), (LLVM Optimized, Jit Execute)", "Rows Removed by Filter": 34808904}]}, {"Node Type": "Hash", "Parent Relationship": "Inner", "Startup Cost": 128693.96, "Total Cost": 128693.96, "Plan Rows": 1748840, "Plan Width": 21, "Actual Min Startup Time": 215.79, "Actual Max Startup Time": 563.556, "Actual Min Total Time": 215.79, "Actual Max Total Time": 563.556, "Actual Total Rows": 1749032, "Max Hash Buckets": 32768, "Min Hash Buckets": 32768, "Max Hash Batches": 1, "Min Hash Batches": 1, "Max Original Hash Batches": 1, "Min Original Hash Batches": 1, "Max Peak Memory Usage": 1467, "min Peak Memory Usage": 1467, "Plans": [{"Node Type": "Streaming(type: LOCAL REDISTRIBUTE dop: 64/64)", "Parent Relationship": "Outer", "Startup Cost": 0.0, "Total Cost": 128693.96, "Plan Rows": 1748840, "Plan Width": 21, "Actual Min Startup Time": 0.129, "Actual Max Startup Time": 217.095, "Actual Min Total Time": 175.094, "Actual Max Total Time": 547.198, "Actual Total Rows": 1749032, "Plans": [{"Node Type": "Seq Scan", "Parent Relationship": "Outer", "Relation Name": "title", "Alias": "t", "Startup Cost": 0.0, "Total Cost": 64037.34, "Plan Rows": 1748840, "Plan Width": 21, "Actual Min Startup Time": 0.033, "Actual Max Startup Time": 0.11, "Actual Min Total Time": 17.019, "Actual Max Total Time": 53.031, "Actual Total Rows": 1749032, "Filter": "(production_year > 1990), (LLVM Optimized, Jit Execute)", "Rows Removed by Filter": 779279}]}]}]}]}, {"Node Type": "Hash", "Parent Relationship": "Inner", "Startup Cost": 130029.32, "Total Cost": 130029.32, "Plan Rows": 3140338, "Plan Width": 20, "Actual Min Startup Time": 278.829, "Actual Max Startup Time": 596.445, "Actual Min Total Time": 278.829, "Actual Max Total Time": 596.445, "Actual Total Rows": 3140338, "Max Hash Buckets": 65536, "Min Hash Buckets": 65536, "Max Hash Batches": 1, "Min Hash Batches": 1, "Max Original Hash Batches": 1, "Min Original Hash Batches": 1, "Max Peak Memory Usage": 2583, "min Peak Memory Usage": 2583, "Plans": [{"Node Type": "Streaming(type: LOCAL REDISTRIBUTE dop: 64/64)", "Parent Relationship": "Outer", "Startup Cost": 0.0, "Total Cost": 130029.32, "Plan Rows": 3140338, "Plan Width": 20, "Actual Min Startup Time": 0.123, "Actual Max Startup Time": 61.811, "Actual Min Total Time": 193.575, "Actual Max Total Time": 548.555, "Actual Total Rows": 3140338, "Plans": [{"Node Type": "Seq Scan", "Parent Relationship": "Outer", "Relation Name": "char_name", "Alias": "chn", "Startup Cost": 0.0, "Total Cost": 64054.58, "Plan Rows": 3140338, "Plan Width": 20, "Actual Min Startup Time": 0.02, "Actual Max Startup Time": 0.066, "Actual Min Total Time": 18.533, "Actual Max Total Time": 43.707, "Actual Total Rows": 3140338}]}]}]}]}]}]}, {"Node Type": "Hash", "Parent Relationship": "Inner", "Startup Cost": 1.12, "Total Cost": 1.12, "Plan Rows": 12, "Plan Width": 4, "Actual Min Startup Time": 0.02, "Actual Max Startup Time": 0.02, "Actual Min Total Time": 0.02, "Actual Max Total Time": 0.02, "Actual Total Rows": 12, "Max Hash Buckets": 32768, "Min Hash Buckets": 32768, "Max Hash Batches": 1, "Min Hash Batches": 1, "Max Original Hash Batches": 1, "Min Original Hash Batches": 1, "Max Peak Memory Usage": 1, "min Peak Memory Usage": 1, "Plans": [{"Node Type": "Seq Scan", "Parent Relationship": "Outer", "Relation Name": "role_type", "Alias": "rt", "Startup Cost": 0.0, "Total Cost": 1.12, "Plan Rows": 12, "Plan Width": 4, "Actual Min Startup Time": 0.011, "Actual Max Startup Time": 0.011, "Actual Min Total Time": 0.011, "Actual Max Total Time": 0.011, "Actual Total Rows": 12}]}]}, {"Node Type": "Hash", "Parent Relationship": "Inner", "Startup Cost": 1.03, "Total Cost": 1.03, "Plan Rows": 3, "Plan Width": 4, "Actual Min Startup Time": 0.056, "Actual Max Startup Time": 0.056, "Actual Min Total Time": 0.056, "Actual Max Total Time": 0.056, "Actual Total Rows": 3, "Max Hash Buckets": 32768, "Min Hash Buckets": 32768, "Max Hash Batches": 1, "Min Hash Batches": 1, "Max Original Hash Batches": 1, "Min Original Hash Batches": 1, "Max Peak Memory Usage": 1, "min Peak Memory Usage": 1, "Plans": [{"Node Type": "Seq Scan", "Parent Relationship": "Outer", "Relation Name": "company_type", "Alias": "ct", "Startup Cost": 0.0, "Total Cost": 1.03, "Plan Rows": 3, "Plan Width": 4, "Actual Min Startup Time": 0.027, "Actual Max Startup Time": 0.027, "Actual Min Total Time": 0.03, "Actual Max Total Time": 0.03, "Actual Total Rows": 3}]}]}]}, "Triggers": [], "Planner Runtime": 79.157, "Total Runtime": 3616.873, "Unique SQL Id": 3145361615}}, "(64, 111)": {"explain_plan": {"Plan": {"Node Type": "Aggregate", "Strategy": "Plain", "Startup Cost": 7000178569399.87, "Total Cost": 7000178569399.88, "Plan Rows": 1, "Plan Width": 97, "Plans": [{"Node Type": "Hash Join", "Parent Relationship": "Outer", "Join Type": "Inner", "Startup Cost": 6010035097294.28, "Total Cost": 7000178564552.8, "Plan Rows": 969413, "Plan Width": 33, "Inner Unique": true, "Hash Cond": "(mc.movie_id = t.id), (LLVM Optimized)", "Plans": [{"Node Type": "Hash Join", "Parent Relationship": "Outer", "Join Type": "Inner", "Startup Cost": 5010023431307.12, "Total Cost": 6000166886247.52, "Plan Rows": 699731, "Plan Width": 24, "Inner Unique": true, "Hash Cond": "(ci.role_id = rt.id), (LLVM Optimized)", "Plans": [{"Node Type": "Hash Join", "Parent Relationship": "Outer", "Join Type": "Inner", "Startup Cost": 4010023430063.96, "Total Cost": 5000166875383.06, "Plan Rows": 699731, "Plan Width": 28, "Inner Unique": true, "Hash Cond": "(mc.company_type_id = ct.id), (LLVM Optimized)", "Plans": [{"Node Type": "Hash Join", "Parent Relationship": "Outer", "Join Type": "Inner", "Startup Cost": 3010023428834.43, "Total Cost": 4000166864532.23, "Plan Rows": 699731, "Plan Width": 32, "Inner Unique": true, "Hash Cond": "(mc.company_id = cn.id), (LLVM Optimized)", "Plans": [{"Node Type": "Hash Join", "Parent Relationship": "Outer", "Join Type": "Inner", "Startup Cost": 2010022377630.83, "Total Cost": 3000165800992.27, "Plan Rows": 1423748, "Plan Width": 36, "Inner Unique": false, "Hash Cond": "(ci.movie_id = mc.movie_id), (LLVM Optimized)", "Plans": [{"Node Type": "Hash Join", "Parent Relationship": "Outer", "Join Type": "Inner", "Startup Cost": 1010013026799.73, "Total Cost": 2000156257489.12, "Plan Rows": 696330, "Plan Width": 24, "Inner Unique": true, "Hash Cond": "(ci.person_role_id = chn.id), (LLVM Optimized)", "Plans": [{"Node Type": "Index Scan", "Parent Relationship": "Outer", "Scan Direction": "Forward", "Index Name": "role_id_cast_info", "Relation Name": "cast_info", "Alias": "ci", "Startup Cost": 10000000000.0, "Total Cost": 1000143218339.5, "Plan Rows": 1436424, "Plan Width": 12, "Filter": "((note)::text ~~ '%(producer)%'::text), (LLVM Optimized)"}, {"Node Type": "Hash", "Parent Relationship": "Inner", "Startup Cost": 1000012987545.51, "Total Cost": 1000012987545.51, "Plan Rows": 3140338, "Plan Width": 20, "Plans": [{"Node Type": "Index Scan", "Parent Relationship": "Outer", "Scan Direction": "Forward", "Index Name": "char_name_pkey", "Relation Name": "char_name", "Alias": "chn", "Startup Cost": 10000000000.0, "Total Cost": 1000012987545.51, "Plan Rows": 3140338, "Plan Width": 20}]}]}, {"Node Type": "Hash", "Parent Relationship": "Inner", "Startup Cost": 1000009318217.0, "Total Cost": 1000009318217.0, "Plan Rows": 2609128, "Plan Width": 12, "Plans": [{"Node Type": "Index Scan", "Parent Relationship": "Outer", "Scan Direction": "Forward", "Index Name": "company_type_id_movie_companies", "Relation Name": "movie_companies", "Alias": "mc", "Startup Cost": 10000000000.0, "Total Cost": 1000009318217.0, "Plan Rows": 2609128, "Plan Width": 12}]}]}, {"Node Type": "Hash", "Parent Relationship": "Inner", "Startup Cost": 1000001050138.97, "Total Cost": 1000001050138.97, "Plan Rows": 85170, "Plan Width": 4, "Plans": [{"Node Type": "Index Scan", "Parent Relationship": "Outer", "Scan Direction": "Forward", "Index Name": "company_name_pkey", "Relation Name": "company_name", "Alias": "cn", "Startup Cost": 10000000000.0, "Total Cost": 1000001050138.97, "Plan Rows": 85170, "Plan Width": 4, "Filter": "((country_code)::text = '[us]'::text)"}]}]}, {"Node Type": "Hash", "Parent Relationship": "Inner", "Startup Cost": 1000000001229.5, "Total Cost": 1000000001229.5, "Plan Rows": 3, "Plan Width": 4, "Plans": [{"Node Type": "Index Scan", "Parent Relationship": "Outer", "Scan Direction": "Forward", "Index Name": "company_type_pkey", "Relation Name": "company_type", "Alias": "ct", "Startup Cost": 10000000000.0, "Total Cost": 1000000001229.5, "Plan Rows": 3, "Plan Width": 4}]}]}, {"Node Type": "Hash", "Parent Relationship": "Inner", "Startup Cost": 1000000001243.0, "Total Cost": 1000000001243.0, "Plan Rows": 12, "Plan Width": 4, "Plans": [{"Node Type": "Index Scan", "Parent Relationship": "Outer", "Scan Direction": "Forward", "Index Name": "role_type_pkey", "Relation Name": "role_type", "Alias": "rt", "Startup Cost": 10000000000.0, "Total Cost": 1000000001243.0, "Plan Rows": 12, "Plan Width": 4}]}]}, {"Node Type": "Hash", "Parent Relationship": "Inner", "Startup Cost": 1000011644126.66, "Total Cost": 1000011644126.66, "Plan Rows": 1748840, "Plan Width": 21, "Plans": [{"Node Type": "Index Scan", "Parent Relationship": "Outer", "Scan Direction": "Forward", "Index Name": "title_pkey", "Relation Name": "title", "Alias": "t", "Startup Cost": 10000000000.0, "Total Cost": 1000011644126.66, "Plan Rows": 1748840, "Plan Width": 21, "Filter": "(production_year > 1990), (LLVM Optimized)"}]}]}]}, "Unique SQL Id": 3145361615}, "explain_analyze_plan": null}, "(64, 112)": {"explain_plan": {"Plan": {"Node Type": "Aggregate", "Strategy": "Plain", "Startup Cost": 1719262.92, "Total Cost": 1719262.93, "Plan Rows": 1, "Plan Width": 97, "Plans": [{"Node Type": "Nested Loop", "Parent Relationship": "Outer", "Join Type": "Inner", "Startup Cost": 0.0, "Total Cost": 1714415.85, "Plan Rows": 969413, "Plan Width": 33, "Inner Unique": true, "Plans": [{"Node Type": "Nested Loop", "Parent Relationship": "Outer", "Join Type": "Inner", "Startup Cost": 0.0, "Total Cost": 1469499.31, "Plan Rows": 699731, "Plan Width": 24, "Inner Unique": true, "Join Filter": "(mc.company_type_id = ct.id), (LLVM Optimized)", "Plans": [{"Node Type": "Nested Loop", "Parent Relationship": "Outer", "Join Type": "Inner", "Startup Cost": 0.0, "Total Cost": 1438010.38, "Plan Rows": 699731, "Plan Width": 28, "Inner Unique": true, "Plans": [{"Node Type": "Nested Loop", "Parent Relationship": "Outer", "Join Type": "Inner", "Startup Cost": 0.0, "Total Cost": 1028452.36, "Plan Rows": 1423748, "Plan Width": 32, "Inner Unique": false, "Plans": [{"Node Type": "Nested Loop", "Parent Relationship": "Outer", "Join Type": "Inner", "Startup Cost": 0.0, "Total Cost": 763533.64, "Plan Rows": 696330, "Plan Width": 20, "Inner Unique": true, "Plans": [{"Node Type": "Streaming(type: LOCAL GATHER dop: 1/64)", "Parent Relationship": "Outer", "Startup Cost": 0.0, "Total Cost": 170510.92, "Plan Rows": 1436424, "Plan Width": 8, "Plans": [{"Node Type": "Nested Loop", "Parent Relationship": "Outer", "Join Type": "Inner", "Startup Cost": 0.0, "Total Cost": 140877.67, "Plan Rows": 1436424, "Plan Width": 8, "Inner Unique": true, "Join Filter": "(ci.role_id = rt.id), (LLVM Optimized)", "Plans": [{"Node Type": "Seq Scan", "Parent Relationship": "Outer", "Relation Name": "cast_info", "Alias": "ci", "Startup Cost": 0.0, "Total Cost": 73820.73, "Plan Rows": 1436424, "Plan Width": 12, "Filter": "((note)::text ~~ '%(producer)%'::text), (LLVM Optimized)"}, {"Node Type": "Materialize", "Parent Relationship": "Inner", "Startup Cost": 0.0, "Total Cost": 63017.02, "Plan Rows": 768, "Plan Width": 4, "Plans": [{"Node Type": "Streaming(type: BROADCAST dop: 64/1)", "Parent Relationship": "Outer", "Startup Cost": 0.0, "Total Cost": 63016.96, "Plan Rows": 768, "Plan Width": 4, "Plans": [{"Node Type": "Seq Scan", "Parent Relationship": "Outer", "Relation Name": "role_type", "Alias": "rt", "Startup Cost": 0.0, "Total Cost": 1.12, "Plan Rows": 12, "Plan Width": 4}]}]}]}]}, {"Node Type": "Index Scan", "Parent Relationship": "Inner", "Scan Direction": "Forward", "Index Name": "char_name_pkey", "Relation Name": "char_name", "Alias": "chn", "Startup Cost": 0.0, "Total Cost": 0.4, "Plan Rows": 1, "Plan Width": 20, "Index Cond": "(id = ci.person_role_id)"}]}, {"Node Type": "Index Scan", "Parent Relationship": "Inner", "Scan Direction": "Forward", "Index Name": "movie_id_movie_companies", "Relation Name": "movie_companies", "Alias": "mc", "Startup Cost": 0.0, "Total Cost": 0.36, "Plan Rows": 2, "Plan Width": 12, "Index Cond": "(movie_id = ci.movie_id)"}]}, {"Node Type": "Index Scan", "Parent Relationship": "Inner", "Scan Direction": "Forward", "Index Name": "company_name_pkey", "Relation Name": "company_name", "Alias": "cn", "Startup Cost": 0.0, "Total Cost": 0.28, "Plan Rows": 1, "Plan Width": 4, "Index Cond": "(id = mc.company_id)", "Filter": "((country_code)::text = '[us]'::text)"}]}, {"Node Type": "Materialize", "Parent Relationship": "Inner", "Startup Cost": 0.0, "Total Cost": 1.04, "Plan Rows": 3, "Plan Width": 4, "Plans": [{"Node Type": "Seq Scan", "Parent Relationship": "Outer", "Relation Name": "company_type", "Alias": "ct", "Startup Cost": 0.0, "Total Cost": 1.03, "Plan Rows": 3, "Plan Width": 4}]}]}, {"Node Type": "Index Scan", "Parent Relationship": "Inner", "Scan Direction": "Forward", "Index Name": "title_pkey", "Relation Name": "title", "Alias": "t", "Startup Cost": 0.0, "Total Cost": 0.34, "Plan Rows": 1, "Plan Width": 21, "Index Cond": "(id = mc.movie_id)", "Filter": "(production_year > 1990)"}]}]}, "Unique SQL Id": 3145361615}, "explain_analyze_plan": {"Plan": {"Node Type": "Aggregate", "Strategy": "Plain", "Startup Cost": 1719262.92, "Total Cost": 1719262.93, "Plan Rows": 1, "Plan Width": 97, "Actual Min Startup Time": 1367.88, "Actual Max Startup Time": 1367.88, "Actual Min Total Time": 1367.88, "Actual Max Total Time": 1367.88, "Actual Total Rows": 1, "Plans": [{"Node Type": "Nested Loop", "Parent Relationship": "Outer", "Join Type": "Inner", "Startup Cost": 0.0, "Total Cost": 1714415.85, "Plan Rows": 969413, "Plan Width": 33, "Actual Min Startup Time": 391.841, "Actual Max Startup Time": 391.841, "Actual Min Total Time": 1367.834, "Actual Max Total Time": 1367.834, "Actual Total Rows": 4, "Inner Unique": true, "Plans": [{"Node Type": "Nested Loop", "Parent Relationship": "Outer", "Join Type": "Inner", "Startup Cost": 0.0, "Total Cost": 1469499.31, "Plan Rows": 699731, "Plan Width": 24, "Actual Min Startup Time": 391.802, "Actual Max Startup Time": 391.802, "Actual Min Total Time": 1367.735, "Actual Max Total Time": 1367.735, "Actual Total Rows": 6, "Inner Unique": true, "Join Filter": "(mc.company_type_id = ct.id), (LLVM Optimized, Jit Execute)", "Rows Removed by Join Filter": 24, "Plans": [{"Node Type": "Nested Loop", "Parent Relationship": "Outer", "Join Type": "Inner", "Startup Cost": 0.0, "Total Cost": 1438010.38, "Plan Rows": 699731, "Plan Width": 28, "Actual Min Startup Time": 391.719, "Actual Max Startup Time": 391.719, "Actual Min Total Time": 1367.648, "Actual Max Total Time": 1367.648, "Actual Total Rows": 14, "Inner Unique": true, "Plans": [{"Node Type": "Nested Loop", "Parent Relationship": "Outer", "Join Type": "Inner", "Startup Cost": 0.0, "Total Cost": 1028452.36, "Plan Rows": 1423748, "Plan Width": 32, "Actual Min Startup Time": 277.316, "Actual Max Startup Time": 277.316, "Actual Min Total Time": 1367.097, "Actual Max Total Time": 1367.097, "Actual Total Rows": 31, "Inner Unique": false, "Plans": [{"Node Type": "Nested Loop", "Parent Relationship": "Outer", "Join Type": "Inner", "Startup Cost": 0.0, "Total Cost": 763533.64, "Plan Rows": 696330, "Plan Width": 20, "Actual Min Startup Time": 277.037, "Actual Max Startup Time": 277.037, "Actual Min Total Time": 1365.759, "Actual Max Total Time": 1365.759, "Actual Total Rows": 15, "Inner Unique": true, "Plans": [{"Node Type": "Streaming(type: LOCAL GATHER dop: 1/64)", "Parent Relationship": "Outer", "Startup Cost": 0.0, "Total Cost": 170510.92, "Plan Rows": 1436424, "Plan Width": 8, "Actual Min Startup Time": 276.899, "Actual Max Startup Time": 276.899, "Actual Min Total Time": 628.582, "Actual Max Total Time": 628.582, "Actual Total Rows": 1435439, "Plans": [{"Node Type": "Nested Loop", "Parent Relationship": "Outer", "Join Type": "Inner", "Startup Cost": 0.0, "Total Cost": 140877.67, "Plan Rows": 1436424, "Plan Width": 8, "Actual Min Startup Time": 13.356, "Actual Max Startup Time": 174.296, "Actual Min Total Time": 199.87, "Actual Max Total Time": 288.582, "Actual Total Rows": 1435439, "Inner Unique": true, "Join Filter": "(ci.role_id = rt.id), (LLVM Optimized, Jit Execute)", "Rows Removed by Join Filter": 2870850, "Plans": [{"Node Type": "Seq Scan", "Parent Relationship": "Outer", "Relation Name": "cast_info", "Alias": "ci", "Startup Cost": 0.0, "Total Cost": 73820.73, "Plan Rows": 1436424, "Plan Width": 12, "Actual Min Startup Time": 13.277, "Actual Max Startup Time": 88.061, "Actual Min Total Time": 172.904, "Actual Max Total Time": 187.865, "Actual Total Rows": 1435439, "Filter": "((note)::text ~~ '%(producer)%'::text), (LLVM Optimized, Jit Execute)", "Rows Removed by Filter": 34808904}, {"Node Type": "Materialize", "Parent Relationship": "Inner", "Startup Cost": 0.0, "Total Cost": 63017.02, "Plan Rows": 768, "Plan Width": 4, "Actual Min Startup Time": 1.593, "Actual Max Startup Time": 89.906, "Actual Min Total Time": 4.56, "Actual Max Total Time": 94.089, "Actual Total Rows": 4306353, "Plans": [{"Node Type": "Streaming(type: BROADCAST dop: 64/1)", "Parent Relationship": "Outer", "Startup Cost": 0.0, "Total Cost": 63016.96, "Plan Rows": 768, "Plan Width": 4, "Actual Min Startup Time": 0.006, "Actual Max Startup Time": 87.806, "Actual Min Total Time": 0.006, "Actual Max Total Time": 87.807, "Actual Total Rows": 768, "Plans": [{"Node Type": "Seq Scan", "Parent Relationship": "Outer", "Relation Name": "role_type", "Alias": "rt", "Startup Cost": 0.0, "Total Cost": 1.12, "Plan Rows": 12, "Plan Width": 4, "Actual Min Startup Time": 0.021, "Actual Max Startup Time": 0.021, "Actual Min Total Time": 0.027, "Actual Max Total Time": 0.027, "Actual Total Rows": 12}]}]}]}]}, {"Node Type": "Index Scan", "Parent Relationship": "Inner", "Scan Direction": "Forward", "Index Name": "char_name_pkey", "Relation Name": "char_name", "Alias": "chn", "Startup Cost": 0.0, "Total Cost": 0.4, "Plan Rows": 1, "Plan Width": 20, "Actual Min Startup Time": 225.656, "Actual Max Startup Time": 225.656, "Actual Min Total Time": 225.656, "Actual Max Total Time": 225.656, "Actual Total Rows": 15, "Index Cond": "(id = ci.person_role_id)", "Rows Removed by Index Recheck": 0}]}, {"Node Type": "Index Scan", "Parent Relationship": "Inner", "Scan Direction": "Forward", "Index Name": "movie_id_movie_companies", "Relation Name": "movie_companies", "Alias": "mc", "Startup Cost": 0.0, "Total Cost": 0.36, "Plan Rows": 2, "Plan Width": 12, "Actual Min Startup Time": 1.247, "Actual Max Startup Time": 1.247, "Actual Min Total Time": 1.295, "Actual Max Total Time": 1.295, "Actual Total Rows": 31, "Index Cond": "(movie_id = ci.movie_id)", "Rows Removed by Index Recheck": 0}]}, {"Node Type": "Index Scan", "Parent Relationship": "Inner", "Scan Direction": "Forward", "Index Name": "company_name_pkey", "Relation Name": "company_name", "Alias": "cn", "Startup Cost": 0.0, "Total Cost": 0.28, "Plan Rows": 1, "Plan Width": 4, "Actual Min Startup Time": 0.502, "Actual Max Startup Time": 0.502, "Actual Min Total Time": 0.502, "Actual Max Total Time": 0.502, "Actual Total Rows": 14, "Index Cond": "(id = mc.company_id)", "Rows Removed by Index Recheck": 0, "Filter": "((country_code)::text = '[us]'::text)", "Rows Removed by Filter": 17}]}, {"Node Type": "Materialize", "Parent Relationship": "Inner", "Startup Cost": 0.0, "Total Cost": 1.04, "Plan Rows": 3, "Plan Width": 4, "Actual Min Startup Time": 0.056, "Actual Max Startup Time": 0.056, "Actual Min Total Time": 0.059, "Actual Max Total Time": 0.059, "Actual Total Rows": 31, "Plans": [{"Node Type": "Seq Scan", "Parent Relationship": "Outer", "Relation Name": "company_type", "Alias": "ct", "Startup Cost": 0.0, "Total Cost": 1.03, "Plan Rows": 3, "Plan Width": 4, "Actual Min Startup Time": 0.031, "Actual Max Startup Time": 0.031, "Actual Min Total Time": 0.034, "Actual Max Total Time": 0.034, "Actual Total Rows": 3}]}]}, {"Node Type": "Index Scan", "Parent Relationship": "Inner", "Scan Direction": "Forward", "Index Name": "title_pkey", "Relation Name": "title", "Alias": "t", "Startup Cost": 0.0, "Total Cost": 0.34, "Plan Rows": 1, "Plan Width": 21, "Actual Min Startup Time": 0.086, "Actual Max Startup Time": 0.086, "Actual Min Total Time": 0.086, "Actual Max Total Time": 0.086, "Actual Total Rows": 4, "Index Cond": "(id = mc.movie_id)", "Rows Removed by Index Recheck": 0, "Filter": "(production_year > 1990)", "Rows Removed by Filter": 2}]}]}, "Triggers": [], "Planner Runtime": 6.737, "Total Runtime": 1391.75, "Unique SQL Id": 3145361615}}, "(64, 113)": {"explain_plan": {"Plan": {"Node Type": "Aggregate", "Strategy": "Plain", "Startup Cost": 2425779.29, "Total Cost": 2425779.3, "Plan Rows": 1, "Plan Width": 97, "Plans": [{"Node Type": "Nested Loop", "Parent Relationship": "Outer", "Join Type": "Inner", "Startup Cost": 0.0, "Total Cost": 2420932.22, "Plan Rows": 969413, "Plan Width": 33, "Inner Unique": true, "Plans": [{"Node Type": "Nested Loop", "Parent Relationship": "Outer", "Join Type": "Inner", "Startup Cost": 0.0, "Total Cost": 2176015.68, "Plan Rows": 699731, "Plan Width": 24, "Inner Unique": true, "Join Filter": "(ci.role_id = rt.id), (LLVM Optimized)", "Plans": [{"Node Type": "Nested Loop", "Parent Relationship": "Outer", "Join Type": "Inner", "Startup Cost": 0.0, "Total Cost": 2050055.64, "Plan Rows": 699731, "Plan Width": 28, "Inner Unique": true, "Join Filter": "(mc.company_type_id = ct.id), (LLVM Optimized)", "Plans": [{"Node Type": "Nested Loop", "Parent Relationship": "Outer", "Join Type": "Inner", "Startup Cost": 0.0, "Total Cost": 2018559.45, "Plan Rows": 699731, "Plan Width": 32, "Inner Unique": true, "Plans": [{"Node Type": "Nested Loop", "Parent Relationship": "Outer", "Join Type": "Inner", "Startup Cost": 0.0, "Total Cost": 1422640.19, "Plan Rows": 1443440, "Plan Width": 20, "Inner Unique": false, "Plans": [{"Node Type": "Nested Loop", "Parent Relationship": "Outer", "Join Type": "Inner", "Startup Cost": 0.0, "Total Cost": 171332.39, "Plan Rows": 1282311, "Plan Width": 8, "Inner Unique": false, "Plans": [{"Node Type": "Index Scan", "Parent Relationship": "Outer", "Scan Direction": "Forward", "Index Name": "company_name_pkey", "Relation Name": "company_name", "Alias": "cn", "Startup Cost": 0.0, "Total Cost": 10501.39, "Plan Rows": 85170, "Plan Width": 4, "Filter": "((country_code)::text = '[us]'::text)"}, {"Node Type": "Index Scan", "Parent Relationship": "Inner", "Scan Direction": "Forward", "Index Name": "company_id_movie_companies", "Relation Name": "movie_companies", "Alias": "mc", "Startup Cost": 0.0, "Total Cost": 1.74, "Plan Rows": 15, "Plan Width": 12, "Index Cond": "(company_id = cn.id)"}]}, {"Node Type": "Index Scan", "Parent Relationship": "Inner", "Scan Direction": "Forward", "Index Name": "movie_id_cast_info", "Relation Name": "cast_info", "Alias": "ci", "Startup Cost": 0.0, "Total Cost": 0.97, "Plan Rows": 1, "Plan Width": 12, "Index Cond": "(movie_id = mc.movie_id)", "Filter": "((note)::text ~~ '%(producer)%'::text)"}]}, {"Node Type": "Index Scan", "Parent Relationship": "Inner", "Scan Direction": "Forward", "Index Name": "char_name_pkey", "Relation Name": "char_name", "Alias": "chn", "Startup Cost": 0.0, "Total Cost": 0.4, "Plan Rows": 1, "Plan Width": 20, "Index Cond": "(id = ci.person_role_id)"}]}, {"Node Type": "Materialize", "Parent Relationship": "Inner", "Startup Cost": 0.0, "Total Cost": 8.31, "Plan Rows": 3, "Plan Width": 4, "Plans": [{"Node Type": "Index Only Scan", "Parent Relationship": "Outer", "Scan Direction": "Forward", "Index Name": "company_type_pkey", "Relation Name": "company_type", "Alias": "ct", "Startup Cost": 0.0, "Total Cost": 8.29, "Plan Rows": 3, "Plan Width": 4}]}]}, {"Node Type": "Materialize", "Parent Relationship": "Inner", "Startup Cost": 0.0, "Total Cost": 8.49, "Plan Rows": 12, "Plan Width": 4, "Plans": [{"Node Type": "Index Only Scan", "Parent Relationship": "Outer", "Scan Direction": "Forward", "Index Name": "role_type_pkey", "Relation Name": "role_type", "Alias": "rt", "Startup Cost": 0.0, "Total Cost": 8.43, "Plan Rows": 12, "Plan Width": 4}]}]}, {"Node Type": "Index Scan", "Parent Relationship": "Inner", "Scan Direction": "Forward", "Index Name": "title_pkey", "Relation Name": "title", "Alias": "t", "Startup Cost": 0.0, "Total Cost": 0.34, "Plan Rows": 1, "Plan Width": 21, "Index Cond": "(id = mc.movie_id)", "Filter": "(production_year > 1990)"}]}]}, "Unique SQL Id": 3145361615}, "explain_analyze_plan": null}, "(64, 114)": {"explain_plan": {"Plan": {"Node Type": "Aggregate", "Strategy": "Plain", "Startup Cost": 15749262.27, "Total Cost": 15749262.28, "Plan Rows": 1, "Plan Width": 97, "Plans": [{"Node Type": "Nested Loop", "Parent Relationship": "Outer", "Join Type": "Inner", "Startup Cost": 1.89, "Total Cost": 15744415.21, "Plan Rows": 969413, "Plan Width": 33, "Inner Unique": true, "Plans": [{"Node Type": "Nested Loop", "Parent Relationship": "Outer", "Join Type": "Inner", "Startup Cost": 1.62, "Total Cost": 12737716.17, "Plan Rows": 699731, "Plan Width": 24, "Inner Unique": true, "Join Filter": "(ci.role_id = rt.id), (LLVM Optimized)", "Plans": [{"Node Type": "Nested Loop", "Parent Relationship": "Outer", "Join Type": "Inner", "Startup Cost": 1.62, "Total Cost": 12611763.44, "Plan Rows": 699731, "Plan Width": 28, "Inner Unique": true, "Join Filter": "(mc.company_type_id = ct.id), (LLVM Optimized)", "Plans": [{"Node Type": "Nested Loop", "Parent Relationship": "Outer", "Join Type": "Inner", "Startup Cost": 1.62, "Total Cost": 12580274.51, "Plan Rows": 699731, "Plan Width": 32, "Inner Unique": true, "Plans": [{"Node Type": "Nested Loop", "Parent Relationship": "Outer", "Join Type": "Inner", "Startup Cost": 1.33, "Total Cost": 6355299.51, "Plan Rows": 1443440, "Plan Width": 20, "Inner Unique": false, "Plans": [{"Node Type": "Nested Loop", "Parent Relationship": "Outer", "Join Type": "Inner", "Startup Cost": 0.82, "Total Cost": 444829.84, "Plan Rows": 1282311, "Plan Width": 8, "Inner Unique": false, "Plans": [{"Node Type": "Seq Scan", "Parent Relationship": "Outer", "Relation Name": "company_name", "Alias": "cn", "Startup Cost": 0.0, "Total Cost": 5903.45, "Plan Rows": 85170, "Plan Width": 4, "Filter": "((country_code)::text = '[us]'::text)"}, {"Node Type": "Bitmap Heap Scan", "Parent Relationship": "Inner", "Relation Name": "movie_companies", "Alias": "mc", "Startup Cost": 0.82, "Total Cost": 5.0, "Plan Rows": 15, "Plan Width": 12, "Recheck Cond": "(company_id = cn.id)", "Plans": [{"Node Type": "Bitmap Index Scan", "Parent Relationship": "Outer", "Index Name": "company_id_movie_companies", "Startup Cost": 0.0, "Total Cost": 0.81, "Plan Rows": 15, "Plan Width": 0, "Index Cond": "(company_id = cn.id)"}]}]}, {"Node Type": "Bitmap Heap Scan", "Parent Relationship": "Inner", "Relation Name": "cast_info", "Alias": "ci", "Startup Cost": 0.51, "Total Cost": 4.6, "Plan Rows": 1, "Plan Width": 12, "Recheck Cond": "(movie_id = mc.movie_id)", "Filter": "((note)::text ~~ '%(producer)%'::text)", "Plans": [{"Node Type": "Bitmap Index Scan", "Parent Relationship": "Outer", "Index Name": "movie_id_cast_info", "Startup Cost": 0.0, "Total Cost": 0.51, "Plan Rows": 6, "Plan Width": 0, "Index Cond": "(movie_id = mc.movie_id)"}]}]}, {"Node Type": "Bitmap Heap Scan", "Parent Relationship": "Inner", "Relation Name": "char_name", "Alias": "chn", "Startup Cost": 0.29, "Total Cost": 4.3, "Plan Rows": 1, "Plan Width": 20, "Recheck Cond": "(id = ci.person_role_id)", "Plans": [{"Node Type": "Bitmap Index Scan", "Parent Relationship": "Outer", "Index Name": "char_name_pkey", "Startup Cost": 0.0, "Total Cost": 0.29, "Plan Rows": 1, "Plan Width": 0, "Index Cond": "(id = ci.person_role_id)"}]}]}, {"Node Type": "Materialize", "Parent Relationship": "Inner", "Startup Cost": 0.0, "Total Cost": 1.04, "Plan Rows": 3, "Plan Width": 4, "Plans": [{"Node Type": "Seq Scan", "Parent Relationship": "Outer", "Relation Name": "company_type", "Alias": "ct", "Startup Cost": 0.0, "Total Cost": 1.03, "Plan Rows": 3, "Plan Width": 4}]}]}, {"Node Type": "Materialize", "Parent Relationship": "Inner", "Startup Cost": 0.0, "Total Cost": 1.18, "Plan Rows": 12, "Plan Width": 4, "Plans": [{"Node Type": "Seq Scan", "Parent Relationship": "Outer", "Relation Name": "role_type", "Alias": "rt", "Startup Cost": 0.0, "Total Cost": 1.12, "Plan Rows": 12, "Plan Width": 4}]}]}, {"Node Type": "Bitmap Heap Scan", "Parent Relationship": "Inner", "Relation Name": "title", "Alias": "t", "Startup Cost": 0.27, "Total Cost": 4.29, "Plan Rows": 1, "Plan Width": 21, "Recheck Cond": "(id = mc.movie_id)", "Filter": "(production_year > 1990)", "Plans": [{"Node Type": "Bitmap Index Scan", "Parent Relationship": "Outer", "Index Name": "title_pkey", "Startup Cost": 0.0, "Total Cost": 0.27, "Plan Rows": 1, "Plan Width": 0, "Index Cond": "(id = mc.movie_id)"}]}]}]}, "Unique SQL Id": 3145361615}, "explain_analyze_plan": null}, "(64, 115)": {"explain_plan": {"Plan": {"Node Type": "Aggregate", "Strategy": "Plain", "Startup Cost": 15752085.37, "Total Cost": 15752085.38, "Plan Rows": 1, "Plan Width": 97, "Plans": [{"Node Type": "Nested Loop", "Parent Relationship": "Outer", "Join Type": "Inner", "Startup Cost": 2818.99, "Total Cost": 15747238.31, "Plan Rows": 969413, "Plan Width": 33, "Inner Unique": true, "Plans": [{"Node Type": "Nested Loop", "Parent Relationship": "Outer", "Join Type": "Inner", "Startup Cost": 2818.72, "Total Cost": 12740539.28, "Plan Rows": 699731, "Plan Width": 24, "Inner Unique": true, "Join Filter": "(ci.role_id = rt.id), (LLVM Optimized)", "Plans": [{"Node Type": "Nested Loop", "Parent Relationship": "Outer", "Join Type": "Inner", "Startup Cost": 2810.4, "Total Cost": 12614575.23, "Plan Rows": 699731, "Plan Width": 28, "Inner Unique": true, "Join Filter": "(mc.company_type_id = ct.id), (LLVM Optimized)", "Plans": [{"Node Type": "Nested Loop", "Parent Relationship": "Outer", "Join Type": "Inner", "Startup Cost": 2802.14, "Total Cost": 12583075.03, "Plan Rows": 699731, "Plan Width": 32, "Inner Unique": true, "Plans": [{"Node Type": "Nested Loop", "Parent Relationship": "Outer", "Join Type": "Inner", "Startup Cost": 2801.85, "Total Cost": 6358100.03, "Plan Rows": 1443440, "Plan Width": 20, "Inner Unique": false, "Plans": [{"Node Type": "Nested Loop", "Parent Relationship": "Outer", "Join Type": "Inner", "Startup Cost": 2801.34, "Total Cost": 447630.36, "Plan Rows": 1282311, "Plan Width": 8, "Inner Unique": false, "Plans": [{"Node Type": "Bitmap Heap Scan", "Parent Relationship": "Outer", "Relation Name": "company_name", "Alias": "cn", "Startup Cost": 2800.52, "Total Cost": 8703.97, "Plan Rows": 85170, "Plan Width": 4, "Filter": "((country_code)::text = '[us]'::text)", "Plans": [{"Node Type": "Bitmap Index Scan", "Parent Relationship": "Outer", "Index Name": "company_name_pkey", "Startup Cost": 0.0, "Total Cost": 2779.23, "Plan Rows": 234996, "Plan Width": 0}]}, {"Node Type": "Bitmap Heap Scan", "Parent Relationship": "Inner", "Relation Name": "movie_companies", "Alias": "mc", "Startup Cost": 0.82, "Total Cost": 5.0, "Plan Rows": 15, "Plan Width": 12, "Recheck Cond": "(company_id = cn.id)", "Plans": [{"Node Type": "Bitmap Index Scan", "Parent Relationship": "Outer", "Index Name": "company_id_movie_companies", "Startup Cost": 0.0, "Total Cost": 0.81, "Plan Rows": 15, "Plan Width": 0, "Index Cond": "(company_id = cn.id)"}]}]}, {"Node Type": "Bitmap Heap Scan", "Parent Relationship": "Inner", "Relation Name": "cast_info", "Alias": "ci", "Startup Cost": 0.51, "Total Cost": 4.6, "Plan Rows": 1, "Plan Width": 12, "Recheck Cond": "(movie_id = mc.movie_id)", "Filter": "((note)::text ~~ '%(producer)%'::text)", "Plans": [{"Node Type": "Bitmap Index Scan", "Parent Relationship": "Outer", "Index Name": "movie_id_cast_info", "Startup Cost": 0.0, "Total Cost": 0.51, "Plan Rows": 6, "Plan Width": 0, "Index Cond": "(movie_id = mc.movie_id)"}]}]}, {"Node Type": "Bitmap Heap Scan", "Parent Relationship": "Inner", "Relation Name": "char_name", "Alias": "chn", "Startup Cost": 0.29, "Total Cost": 4.3, "Plan Rows": 1, "Plan Width": 20, "Recheck Cond": "(id = ci.person_role_id)", "Plans": [{"Node Type": "Bitmap Index Scan", "Parent Relationship": "Outer", "Index Name": "char_name_pkey", "Startup Cost": 0.0, "Total Cost": 0.29, "Plan Rows": 1, "Plan Width": 0, "Index Cond": "(id = ci.person_role_id)"}]}]}, {"Node Type": "Materialize", "Parent Relationship": "Inner", "Startup Cost": 8.27, "Total Cost": 12.31, "Plan Rows": 3, "Plan Width": 4, "Plans": [{"Node Type": "Bitmap Heap Scan", "Parent Relationship": "Outer", "Relation Name": "company_type", "Alias": "ct", "Startup Cost": 8.27, "Total Cost": 12.3, "Plan Rows": 3, "Plan Width": 4, "Plans": [{"Node Type": "Bitmap Index Scan", "Parent Relationship": "Outer", "Index Name": "company_type_pkey", "Startup Cost": 0.0, "Total Cost": 8.27, "Plan Rows": 3, "Plan Width": 0}]}]}]}, {"Node Type": "Materialize", "Parent Relationship": "Inner", "Startup Cost": 8.31, "Total Cost": 12.49, "Plan Rows": 12, "Plan Width": 4, "Plans": [{"Node Type": "Bitmap Heap Scan", "Parent Relationship": "Outer", "Relation Name": "role_type", "Alias": "rt", "Startup Cost": 8.31, "Total Cost": 12.43, "Plan Rows": 12, "Plan Width": 4, "Plans": [{"Node Type": "Bitmap Index Scan", "Parent Relationship": "Outer", "Index Name": "role_type_pkey", "Startup Cost": 0.0, "Total Cost": 8.31, "Plan Rows": 12, "Plan Width": 0}]}]}]}, {"Node Type": "Bitmap Heap Scan", "Parent Relationship": "Inner", "Relation Name": "title", "Alias": "t", "Startup Cost": 0.27, "Total Cost": 4.29, "Plan Rows": 1, "Plan Width": 21, "Recheck Cond": "(id = mc.movie_id)", "Filter": "(production_year > 1990)", "Plans": [{"Node Type": "Bitmap Index Scan", "Parent Relationship": "Outer", "Index Name": "title_pkey", "Startup Cost": 0.0, "Total Cost": 0.27, "Plan Rows": 1, "Plan Width": 0, "Index Cond": "(id = mc.movie_id)"}]}]}]}, "Unique SQL Id": 3145361615}, "explain_analyze_plan": null}, "(64, 116)": {"explain_plan": {"Plan": {"Node Type": "Aggregate", "Strategy": "Plain", "Startup Cost": 1719262.92, "Total Cost": 1719262.93, "Plan Rows": 1, "Plan Width": 97, "Plans": [{"Node Type": "Nested Loop", "Parent Relationship": "Outer", "Join Type": "Inner", "Startup Cost": 0.0, "Total Cost": 1714415.85, "Plan Rows": 969413, "Plan Width": 33, "Inner Unique": true, "Plans": [{"Node Type": "Nested Loop", "Parent Relationship": "Outer", "Join Type": "Inner", "Startup Cost": 0.0, "Total Cost": 1469499.31, "Plan Rows": 699731, "Plan Width": 24, "Inner Unique": true, "Join Filter": "(mc.company_type_id = ct.id), (LLVM Optimized)", "Plans": [{"Node Type": "Nested Loop", "Parent Relationship": "Outer", "Join Type": "Inner", "Startup Cost": 0.0, "Total Cost": 1438010.38, "Plan Rows": 699731, "Plan Width": 28, "Inner Unique": true, "Plans": [{"Node Type": "Nested Loop", "Parent Relationship": "Outer", "Join Type": "Inner", "Startup Cost": 0.0, "Total Cost": 1028452.36, "Plan Rows": 1423748, "Plan Width": 32, "Inner Unique": false, "Plans": [{"Node Type": "Nested Loop", "Parent Relationship": "Outer", "Join Type": "Inner", "Startup Cost": 0.0, "Total Cost": 763533.64, "Plan Rows": 696330, "Plan Width": 20, "Inner Unique": true, "Plans": [{"Node Type": "Streaming(type: LOCAL GATHER dop: 1/64)", "Parent Relationship": "Outer", "Startup Cost": 0.0, "Total Cost": 170510.92, "Plan Rows": 1436424, "Plan Width": 8, "Plans": [{"Node Type": "Nested Loop", "Parent Relationship": "Outer", "Join Type": "Inner", "Startup Cost": 0.0, "Total Cost": 140877.67, "Plan Rows": 1436424, "Plan Width": 8, "Inner Unique": true, "Join Filter": "(ci.role_id = rt.id), (LLVM Optimized)", "Plans": [{"Node Type": "Seq Scan", "Parent Relationship": "Outer", "Relation Name": "cast_info", "Alias": "ci", "Startup Cost": 0.0, "Total Cost": 73820.73, "Plan Rows": 1436424, "Plan Width": 12, "Filter": "((note)::text ~~ '%(producer)%'::text), (LLVM Optimized)"}, {"Node Type": "Materialize", "Parent Relationship": "Inner", "Startup Cost": 0.0, "Total Cost": 63017.02, "Plan Rows": 768, "Plan Width": 4, "Plans": [{"Node Type": "Streaming(type: BROADCAST dop: 64/1)", "Parent Relationship": "Outer", "Startup Cost": 0.0, "Total Cost": 63016.96, "Plan Rows": 768, "Plan Width": 4, "Plans": [{"Node Type": "Seq Scan", "Parent Relationship": "Outer", "Relation Name": "role_type", "Alias": "rt", "Startup Cost": 0.0, "Total Cost": 1.12, "Plan Rows": 12, "Plan Width": 4}]}]}]}]}, {"Node Type": "Index Scan", "Parent Relationship": "Inner", "Scan Direction": "Forward", "Index Name": "char_name_pkey", "Relation Name": "char_name", "Alias": "chn", "Startup Cost": 0.0, "Total Cost": 0.4, "Plan Rows": 1, "Plan Width": 20, "Index Cond": "(id = ci.person_role_id)"}]}, {"Node Type": "Index Scan", "Parent Relationship": "Inner", "Scan Direction": "Forward", "Index Name": "movie_id_movie_companies", "Relation Name": "movie_companies", "Alias": "mc", "Startup Cost": 0.0, "Total Cost": 0.36, "Plan Rows": 2, "Plan Width": 12, "Index Cond": "(movie_id = ci.movie_id)"}]}, {"Node Type": "Index Scan", "Parent Relationship": "Inner", "Scan Direction": "Forward", "Index Name": "company_name_pkey", "Relation Name": "company_name", "Alias": "cn", "Startup Cost": 0.0, "Total Cost": 0.28, "Plan Rows": 1, "Plan Width": 4, "Index Cond": "(id = mc.company_id)", "Filter": "((country_code)::text = '[us]'::text)"}]}, {"Node Type": "Materialize", "Parent Relationship": "Inner", "Startup Cost": 0.0, "Total Cost": 1.04, "Plan Rows": 3, "Plan Width": 4, "Plans": [{"Node Type": "Seq Scan", "Parent Relationship": "Outer", "Relation Name": "company_type", "Alias": "ct", "Startup Cost": 0.0, "Total Cost": 1.03, "Plan Rows": 3, "Plan Width": 4}]}]}, {"Node Type": "Index Scan", "Parent Relationship": "Inner", "Scan Direction": "Forward", "Index Name": "title_pkey", "Relation Name": "title", "Alias": "t", "Startup Cost": 0.0, "Total Cost": 0.34, "Plan Rows": 1, "Plan Width": 21, "Index Cond": "(id = mc.movie_id)", "Filter": "(production_year > 1990)"}]}]}, "Unique SQL Id": 3145361615}, "explain_analyze_plan": {"Plan": {"Node Type": "Aggregate", "Strategy": "Plain", "Startup Cost": 1719262.92, "Total Cost": 1719262.93, "Plan Rows": 1, "Plan Width": 97, "Actual Min Startup Time": 1367.88, "Actual Max Startup Time": 1367.88, "Actual Min Total Time": 1367.88, "Actual Max Total Time": 1367.88, "Actual Total Rows": 1, "Plans": [{"Node Type": "Nested Loop", "Parent Relationship": "Outer", "Join Type": "Inner", "Startup Cost": 0.0, "Total Cost": 1714415.85, "Plan Rows": 969413, "Plan Width": 33, "Actual Min Startup Time": 391.841, "Actual Max Startup Time": 391.841, "Actual Min Total Time": 1367.834, "Actual Max Total Time": 1367.834, "Actual Total Rows": 4, "Inner Unique": true, "Plans": [{"Node Type": "Nested Loop", "Parent Relationship": "Outer", "Join Type": "Inner", "Startup Cost": 0.0, "Total Cost": 1469499.31, "Plan Rows": 699731, "Plan Width": 24, "Actual Min Startup Time": 391.802, "Actual Max Startup Time": 391.802, "Actual Min Total Time": 1367.735, "Actual Max Total Time": 1367.735, "Actual Total Rows": 6, "Inner Unique": true, "Join Filter": "(mc.company_type_id = ct.id), (LLVM Optimized, Jit Execute)", "Rows Removed by Join Filter": 24, "Plans": [{"Node Type": "Nested Loop", "Parent Relationship": "Outer", "Join Type": "Inner", "Startup Cost": 0.0, "Total Cost": 1438010.38, "Plan Rows": 699731, "Plan Width": 28, "Actual Min Startup Time": 391.719, "Actual Max Startup Time": 391.719, "Actual Min Total Time": 1367.648, "Actual Max Total Time": 1367.648, "Actual Total Rows": 14, "Inner Unique": true, "Plans": [{"Node Type": "Nested Loop", "Parent Relationship": "Outer", "Join Type": "Inner", "Startup Cost": 0.0, "Total Cost": 1028452.36, "Plan Rows": 1423748, "Plan Width": 32, "Actual Min Startup Time": 277.316, "Actual Max Startup Time": 277.316, "Actual Min Total Time": 1367.097, "Actual Max Total Time": 1367.097, "Actual Total Rows": 31, "Inner Unique": false, "Plans": [{"Node Type": "Nested Loop", "Parent Relationship": "Outer", "Join Type": "Inner", "Startup Cost": 0.0, "Total Cost": 763533.64, "Plan Rows": 696330, "Plan Width": 20, "Actual Min Startup Time": 277.037, "Actual Max Startup Time": 277.037, "Actual Min Total Time": 1365.759, "Actual Max Total Time": 1365.759, "Actual Total Rows": 15, "Inner Unique": true, "Plans": [{"Node Type": "Streaming(type: LOCAL GATHER dop: 1/64)", "Parent Relationship": "Outer", "Startup Cost": 0.0, "Total Cost": 170510.92, "Plan Rows": 1436424, "Plan Width": 8, "Actual Min Startup Time": 276.899, "Actual Max Startup Time": 276.899, "Actual Min Total Time": 628.582, "Actual Max Total Time": 628.582, "Actual Total Rows": 1435439, "Plans": [{"Node Type": "Nested Loop", "Parent Relationship": "Outer", "Join Type": "Inner", "Startup Cost": 0.0, "Total Cost": 140877.67, "Plan Rows": 1436424, "Plan Width": 8, "Actual Min Startup Time": 13.356, "Actual Max Startup Time": 174.296, "Actual Min Total Time": 199.87, "Actual Max Total Time": 288.582, "Actual Total Rows": 1435439, "Inner Unique": true, "Join Filter": "(ci.role_id = rt.id), (LLVM Optimized, Jit Execute)", "Rows Removed by Join Filter": 2870850, "Plans": [{"Node Type": "Seq Scan", "Parent Relationship": "Outer", "Relation Name": "cast_info", "Alias": "ci", "Startup Cost": 0.0, "Total Cost": 73820.73, "Plan Rows": 1436424, "Plan Width": 12, "Actual Min Startup Time": 13.277, "Actual Max Startup Time": 88.061, "Actual Min Total Time": 172.904, "Actual Max Total Time": 187.865, "Actual Total Rows": 1435439, "Filter": "((note)::text ~~ '%(producer)%'::text), (LLVM Optimized, Jit Execute)", "Rows Removed by Filter": 34808904}, {"Node Type": "Materialize", "Parent Relationship": "Inner", "Startup Cost": 0.0, "Total Cost": 63017.02, "Plan Rows": 768, "Plan Width": 4, "Actual Min Startup Time": 1.593, "Actual Max Startup Time": 89.906, "Actual Min Total Time": 4.56, "Actual Max Total Time": 94.089, "Actual Total Rows": 4306353, "Plans": [{"Node Type": "Streaming(type: BROADCAST dop: 64/1)", "Parent Relationship": "Outer", "Startup Cost": 0.0, "Total Cost": 63016.96, "Plan Rows": 768, "Plan Width": 4, "Actual Min Startup Time": 0.006, "Actual Max Startup Time": 87.806, "Actual Min Total Time": 0.006, "Actual Max Total Time": 87.807, "Actual Total Rows": 768, "Plans": [{"Node Type": "Seq Scan", "Parent Relationship": "Outer", "Relation Name": "role_type", "Alias": "rt", "Startup Cost": 0.0, "Total Cost": 1.12, "Plan Rows": 12, "Plan Width": 4, "Actual Min Startup Time": 0.021, "Actual Max Startup Time": 0.021, "Actual Min Total Time": 0.027, "Actual Max Total Time": 0.027, "Actual Total Rows": 12}]}]}]}]}, {"Node Type": "Index Scan", "Parent Relationship": "Inner", "Scan Direction": "Forward", "Index Name": "char_name_pkey", "Relation Name": "char_name", "Alias": "chn", "Startup Cost": 0.0, "Total Cost": 0.4, "Plan Rows": 1, "Plan Width": 20, "Actual Min Startup Time": 225.656, "Actual Max Startup Time": 225.656, "Actual Min Total Time": 225.656, "Actual Max Total Time": 225.656, "Actual Total Rows": 15, "Index Cond": "(id = ci.person_role_id)", "Rows Removed by Index Recheck": 0}]}, {"Node Type": "Index Scan", "Parent Relationship": "Inner", "Scan Direction": "Forward", "Index Name": "movie_id_movie_companies", "Relation Name": "movie_companies", "Alias": "mc", "Startup Cost": 0.0, "Total Cost": 0.36, "Plan Rows": 2, "Plan Width": 12, "Actual Min Startup Time": 1.247, "Actual Max Startup Time": 1.247, "Actual Min Total Time": 1.295, "Actual Max Total Time": 1.295, "Actual Total Rows": 31, "Index Cond": "(movie_id = ci.movie_id)", "Rows Removed by Index Recheck": 0}]}, {"Node Type": "Index Scan", "Parent Relationship": "Inner", "Scan Direction": "Forward", "Index Name": "company_name_pkey", "Relation Name": "company_name", "Alias": "cn", "Startup Cost": 0.0, "Total Cost": 0.28, "Plan Rows": 1, "Plan Width": 4, "Actual Min Startup Time": 0.502, "Actual Max Startup Time": 0.502, "Actual Min Total Time": 0.502, "Actual Max Total Time": 0.502, "Actual Total Rows": 14, "Index Cond": "(id = mc.company_id)", "Rows Removed by Index Recheck": 0, "Filter": "((country_code)::text = '[us]'::text)", "Rows Removed by Filter": 17}]}, {"Node Type": "Materialize", "Parent Relationship": "Inner", "Startup Cost": 0.0, "Total Cost": 1.04, "Plan Rows": 3, "Plan Width": 4, "Actual Min Startup Time": 0.056, "Actual Max Startup Time": 0.056, "Actual Min Total Time": 0.059, "Actual Max Total Time": 0.059, "Actual Total Rows": 31, "Plans": [{"Node Type": "Seq Scan", "Parent Relationship": "Outer", "Relation Name": "company_type", "Alias": "ct", "Startup Cost": 0.0, "Total Cost": 1.03, "Plan Rows": 3, "Plan Width": 4, "Actual Min Startup Time": 0.031, "Actual Max Startup Time": 0.031, "Actual Min Total Time": 0.034, "Actual Max Total Time": 0.034, "Actual Total Rows": 3}]}]}, {"Node Type": "Index Scan", "Parent Relationship": "Inner", "Scan Direction": "Forward", "Index Name": "title_pkey", "Relation Name": "title", "Alias": "t", "Startup Cost": 0.0, "Total Cost": 0.34, "Plan Rows": 1, "Plan Width": 21, "Actual Min Startup Time": 0.086, "Actual Max Startup Time": 0.086, "Actual Min Total Time": 0.086, "Actual Max Total Time": 0.086, "Actual Total Rows": 4, "Index Cond": "(id = mc.movie_id)", "Rows Removed by Index Recheck": 0, "Filter": "(production_year > 1990)", "Rows Removed by Filter": 2}]}]}, "Triggers": [], "Planner Runtime": 6.737, "Total Runtime": 1391.75, "Unique SQL Id": 3145361615}}, "(64, 117)": {"explain_plan": {"Plan": {"Node Type": "Aggregate", "Strategy": "Plain", "Startup Cost": 2425787.29, "Total Cost": 2425787.3, "Plan Rows": 1, "Plan Width": 97, "Plans": [{"Node Type": "Nested Loop", "Parent Relationship": "Outer", "Join Type": "Inner", "Startup Cost": 0.0, "Total Cost": 2420940.22, "Plan Rows": 969413, "Plan Width": 33, "Inner Unique": true, "Plans": [{"Node Type": "Nested Loop", "Parent Relationship": "Outer", "Join Type": "Inner", "Startup Cost": 0.0, "Total Cost": 2176023.68, "Plan Rows": 699731, "Plan Width": 24, "Inner Unique": true, "Join Filter": "(ci.role_id = rt.id), (LLVM Optimized)", "Plans": [{"Node Type": "Nested Loop", "Parent Relationship": "Outer", "Join Type": "Inner", "Startup Cost": 0.0, "Total Cost": 2050059.64, "Plan Rows": 699731, "Plan Width": 28, "Inner Unique": true, "Join Filter": "(mc.company_type_id = ct.id), (LLVM Optimized)", "Plans": [{"Node Type": "Nested Loop", "Parent Relationship": "Outer", "Join Type": "Inner", "Startup Cost": 0.0, "Total Cost": 2018559.45, "Plan Rows": 699731, "Plan Width": 32, "Inner Unique": true, "Plans": [{"Node Type": "Nested Loop", "Parent Relationship": "Outer", "Join Type": "Inner", "Startup Cost": 0.0, "Total Cost": 1422640.19, "Plan Rows": 1443440, "Plan Width": 20, "Inner Unique": false, "Plans": [{"Node Type": "Nested Loop", "Parent Relationship": "Outer", "Join Type": "Inner", "Startup Cost": 0.0, "Total Cost": 171332.39, "Plan Rows": 1282311, "Plan Width": 8, "Inner Unique": false, "Plans": [{"Node Type": "Index Scan", "Parent Relationship": "Outer", "Scan Direction": "Forward", "Index Name": "company_name_pkey", "Relation Name": "company_name", "Alias": "cn", "Startup Cost": 0.0, "Total Cost": 10501.39, "Plan Rows": 85170, "Plan Width": 4, "Filter": "((country_code)::text = '[us]'::text)"}, {"Node Type": "Index Scan", "Parent Relationship": "Inner", "Scan Direction": "Forward", "Index Name": "company_id_movie_companies", "Relation Name": "movie_companies", "Alias": "mc", "Startup Cost": 0.0, "Total Cost": 1.74, "Plan Rows": 15, "Plan Width": 12, "Index Cond": "(company_id = cn.id)"}]}, {"Node Type": "Index Scan", "Parent Relationship": "Inner", "Scan Direction": "Forward", "Index Name": "movie_id_cast_info", "Relation Name": "cast_info", "Alias": "ci", "Startup Cost": 0.0, "Total Cost": 0.97, "Plan Rows": 1, "Plan Width": 12, "Index Cond": "(movie_id = mc.movie_id)", "Filter": "((note)::text ~~ '%(producer)%'::text)"}]}, {"Node Type": "Index Scan", "Parent Relationship": "Inner", "Scan Direction": "Forward", "Index Name": "char_name_pkey", "Relation Name": "char_name", "Alias": "chn", "Startup Cost": 0.0, "Total Cost": 0.4, "Plan Rows": 1, "Plan Width": 20, "Index Cond": "(id = ci.person_role_id)"}]}, {"Node Type": "Materialize", "Parent Relationship": "Inner", "Startup Cost": 0.0, "Total Cost": 12.31, "Plan Rows": 3, "Plan Width": 4, "Plans": [{"Node Type": "Index Scan", "Parent Relationship": "Outer", "Scan Direction": "Forward", "Index Name": "company_type_pkey", "Relation Name": "company_type", "Alias": "ct", "Startup Cost": 0.0, "Total Cost": 12.29, "Plan Rows": 3, "Plan Width": 4}]}]}, {"Node Type": "Materialize", "Parent Relationship": "Inner", "Startup Cost": 0.0, "Total Cost": 12.49, "Plan Rows": 12, "Plan Width": 4, "Plans": [{"Node Type": "Index Scan", "Parent Relationship": "Outer", "Scan Direction": "Forward", "Index Name": "role_type_pkey", "Relation Name": "role_type", "Alias": "rt", "Startup Cost": 0.0, "Total Cost": 12.43, "Plan Rows": 12, "Plan Width": 4}]}]}, {"Node Type": "Index Scan", "Parent Relationship": "Inner", "Scan Direction": "Forward", "Index Name": "title_pkey", "Relation Name": "title", "Alias": "t", "Startup Cost": 0.0, "Total Cost": 0.34, "Plan Rows": 1, "Plan Width": 21, "Index Cond": "(id = mc.movie_id)", "Filter": "(production_year > 1990)"}]}]}, "Unique SQL Id": 3145361615}, "explain_analyze_plan": null}, "(64, 118)": {"explain_plan": {"Plan": {"Node Type": "Aggregate", "Strategy": "Plain", "Startup Cost": 15749262.27, "Total Cost": 15749262.28, "Plan Rows": 1, "Plan Width": 97, "Plans": [{"Node Type": "Nested Loop", "Parent Relationship": "Outer", "Join Type": "Inner", "Startup Cost": 1.89, "Total Cost": 15744415.21, "Plan Rows": 969413, "Plan Width": 33, "Inner Unique": true, "Plans": [{"Node Type": "Nested Loop", "Parent Relationship": "Outer", "Join Type": "Inner", "Startup Cost": 1.62, "Total Cost": 12737716.17, "Plan Rows": 699731, "Plan Width": 24, "Inner Unique": true, "Join Filter": "(ci.role_id = rt.id), (LLVM Optimized)", "Plans": [{"Node Type": "Nested Loop", "Parent Relationship": "Outer", "Join Type": "Inner", "Startup Cost": 1.62, "Total Cost": 12611763.44, "Plan Rows": 699731, "Plan Width": 28, "Inner Unique": true, "Join Filter": "(mc.company_type_id = ct.id), (LLVM Optimized)", "Plans": [{"Node Type": "Nested Loop", "Parent Relationship": "Outer", "Join Type": "Inner", "Startup Cost": 1.62, "Total Cost": 12580274.51, "Plan Rows": 699731, "Plan Width": 32, "Inner Unique": true, "Plans": [{"Node Type": "Nested Loop", "Parent Relationship": "Outer", "Join Type": "Inner", "Startup Cost": 1.33, "Total Cost": 6355299.51, "Plan Rows": 1443440, "Plan Width": 20, "Inner Unique": false, "Plans": [{"Node Type": "Nested Loop", "Parent Relationship": "Outer", "Join Type": "Inner", "Startup Cost": 0.82, "Total Cost": 444829.84, "Plan Rows": 1282311, "Plan Width": 8, "Inner Unique": false, "Plans": [{"Node Type": "Seq Scan", "Parent Relationship": "Outer", "Relation Name": "company_name", "Alias": "cn", "Startup Cost": 0.0, "Total Cost": 5903.45, "Plan Rows": 85170, "Plan Width": 4, "Filter": "((country_code)::text = '[us]'::text)"}, {"Node Type": "Bitmap Heap Scan", "Parent Relationship": "Inner", "Relation Name": "movie_companies", "Alias": "mc", "Startup Cost": 0.82, "Total Cost": 5.0, "Plan Rows": 15, "Plan Width": 12, "Recheck Cond": "(company_id = cn.id)", "Plans": [{"Node Type": "Bitmap Index Scan", "Parent Relationship": "Outer", "Index Name": "company_id_movie_companies", "Startup Cost": 0.0, "Total Cost": 0.81, "Plan Rows": 15, "Plan Width": 0, "Index Cond": "(company_id = cn.id)"}]}]}, {"Node Type": "Bitmap Heap Scan", "Parent Relationship": "Inner", "Relation Name": "cast_info", "Alias": "ci", "Startup Cost": 0.51, "Total Cost": 4.6, "Plan Rows": 1, "Plan Width": 12, "Recheck Cond": "(movie_id = mc.movie_id)", "Filter": "((note)::text ~~ '%(producer)%'::text)", "Plans": [{"Node Type": "Bitmap Index Scan", "Parent Relationship": "Outer", "Index Name": "movie_id_cast_info", "Startup Cost": 0.0, "Total Cost": 0.51, "Plan Rows": 6, "Plan Width": 0, "Index Cond": "(movie_id = mc.movie_id)"}]}]}, {"Node Type": "Bitmap Heap Scan", "Parent Relationship": "Inner", "Relation Name": "char_name", "Alias": "chn", "Startup Cost": 0.29, "Total Cost": 4.3, "Plan Rows": 1, "Plan Width": 20, "Recheck Cond": "(id = ci.person_role_id)", "Plans": [{"Node Type": "Bitmap Index Scan", "Parent Relationship": "Outer", "Index Name": "char_name_pkey", "Startup Cost": 0.0, "Total Cost": 0.29, "Plan Rows": 1, "Plan Width": 0, "Index Cond": "(id = ci.person_role_id)"}]}]}, {"Node Type": "Materialize", "Parent Relationship": "Inner", "Startup Cost": 0.0, "Total Cost": 1.04, "Plan Rows": 3, "Plan Width": 4, "Plans": [{"Node Type": "Seq Scan", "Parent Relationship": "Outer", "Relation Name": "company_type", "Alias": "ct", "Startup Cost": 0.0, "Total Cost": 1.03, "Plan Rows": 3, "Plan Width": 4}]}]}, {"Node Type": "Materialize", "Parent Relationship": "Inner", "Startup Cost": 0.0, "Total Cost": 1.18, "Plan Rows": 12, "Plan Width": 4, "Plans": [{"Node Type": "Seq Scan", "Parent Relationship": "Outer", "Relation Name": "role_type", "Alias": "rt", "Startup Cost": 0.0, "Total Cost": 1.12, "Plan Rows": 12, "Plan Width": 4}]}]}, {"Node Type": "Bitmap Heap Scan", "Parent Relationship": "Inner", "Relation Name": "title", "Alias": "t", "Startup Cost": 0.27, "Total Cost": 4.29, "Plan Rows": 1, "Plan Width": 21, "Recheck Cond": "(id = mc.movie_id)", "Filter": "(production_year > 1990)", "Plans": [{"Node Type": "Bitmap Index Scan", "Parent Relationship": "Outer", "Index Name": "title_pkey", "Startup Cost": 0.0, "Total Cost": 0.27, "Plan Rows": 1, "Plan Width": 0, "Index Cond": "(id = mc.movie_id)"}]}]}]}, "Unique SQL Id": 3145361615}, "explain_analyze_plan": null}, "(64, 119)": {"explain_plan": {"Plan": {"Node Type": "Aggregate", "Strategy": "Plain", "Startup Cost": 15752085.37, "Total Cost": 15752085.38, "Plan Rows": 1, "Plan Width": 97, "Plans": [{"Node Type": "Nested Loop", "Parent Relationship": "Outer", "Join Type": "Inner", "Startup Cost": 2818.99, "Total Cost": 15747238.31, "Plan Rows": 969413, "Plan Width": 33, "Inner Unique": true, "Plans": [{"Node Type": "Nested Loop", "Parent Relationship": "Outer", "Join Type": "Inner", "Startup Cost": 2818.72, "Total Cost": 12740539.28, "Plan Rows": 699731, "Plan Width": 24, "Inner Unique": true, "Join Filter": "(ci.role_id = rt.id), (LLVM Optimized)", "Plans": [{"Node Type": "Nested Loop", "Parent Relationship": "Outer", "Join Type": "Inner", "Startup Cost": 2810.4, "Total Cost": 12614575.23, "Plan Rows": 699731, "Plan Width": 28, "Inner Unique": true, "Join Filter": "(mc.company_type_id = ct.id), (LLVM Optimized)", "Plans": [{"Node Type": "Nested Loop", "Parent Relationship": "Outer", "Join Type": "Inner", "Startup Cost": 2802.14, "Total Cost": 12583075.03, "Plan Rows": 699731, "Plan Width": 32, "Inner Unique": true, "Plans": [{"Node Type": "Nested Loop", "Parent Relationship": "Outer", "Join Type": "Inner", "Startup Cost": 2801.85, "Total Cost": 6358100.03, "Plan Rows": 1443440, "Plan Width": 20, "Inner Unique": false, "Plans": [{"Node Type": "Nested Loop", "Parent Relationship": "Outer", "Join Type": "Inner", "Startup Cost": 2801.34, "Total Cost": 447630.36, "Plan Rows": 1282311, "Plan Width": 8, "Inner Unique": false, "Plans": [{"Node Type": "Bitmap Heap Scan", "Parent Relationship": "Outer", "Relation Name": "company_name", "Alias": "cn", "Startup Cost": 2800.52, "Total Cost": 8703.97, "Plan Rows": 85170, "Plan Width": 4, "Filter": "((country_code)::text = '[us]'::text)", "Plans": [{"Node Type": "Bitmap Index Scan", "Parent Relationship": "Outer", "Index Name": "company_name_pkey", "Startup Cost": 0.0, "Total Cost": 2779.23, "Plan Rows": 234996, "Plan Width": 0}]}, {"Node Type": "Bitmap Heap Scan", "Parent Relationship": "Inner", "Relation Name": "movie_companies", "Alias": "mc", "Startup Cost": 0.82, "Total Cost": 5.0, "Plan Rows": 15, "Plan Width": 12, "Recheck Cond": "(company_id = cn.id)", "Plans": [{"Node Type": "Bitmap Index Scan", "Parent Relationship": "Outer", "Index Name": "company_id_movie_companies", "Startup Cost": 0.0, "Total Cost": 0.81, "Plan Rows": 15, "Plan Width": 0, "Index Cond": "(company_id = cn.id)"}]}]}, {"Node Type": "Bitmap Heap Scan", "Parent Relationship": "Inner", "Relation Name": "cast_info", "Alias": "ci", "Startup Cost": 0.51, "Total Cost": 4.6, "Plan Rows": 1, "Plan Width": 12, "Recheck Cond": "(movie_id = mc.movie_id)", "Filter": "((note)::text ~~ '%(producer)%'::text)", "Plans": [{"Node Type": "Bitmap Index Scan", "Parent Relationship": "Outer", "Index Name": "movie_id_cast_info", "Startup Cost": 0.0, "Total Cost": 0.51, "Plan Rows": 6, "Plan Width": 0, "Index Cond": "(movie_id = mc.movie_id)"}]}]}, {"Node Type": "Bitmap Heap Scan", "Parent Relationship": "Inner", "Relation Name": "char_name", "Alias": "chn", "Startup Cost": 0.29, "Total Cost": 4.3, "Plan Rows": 1, "Plan Width": 20, "Recheck Cond": "(id = ci.person_role_id)", "Plans": [{"Node Type": "Bitmap Index Scan", "Parent Relationship": "Outer", "Index Name": "char_name_pkey", "Startup Cost": 0.0, "Total Cost": 0.29, "Plan Rows": 1, "Plan Width": 0, "Index Cond": "(id = ci.person_role_id)"}]}]}, {"Node Type": "Materialize", "Parent Relationship": "Inner", "Startup Cost": 8.27, "Total Cost": 12.31, "Plan Rows": 3, "Plan Width": 4, "Plans": [{"Node Type": "Bitmap Heap Scan", "Parent Relationship": "Outer", "Relation Name": "company_type", "Alias": "ct", "Startup Cost": 8.27, "Total Cost": 12.3, "Plan Rows": 3, "Plan Width": 4, "Plans": [{"Node Type": "Bitmap Index Scan", "Parent Relationship": "Outer", "Index Name": "company_type_pkey", "Startup Cost": 0.0, "Total Cost": 8.27, "Plan Rows": 3, "Plan Width": 0}]}]}]}, {"Node Type": "Materialize", "Parent Relationship": "Inner", "Startup Cost": 8.31, "Total Cost": 12.49, "Plan Rows": 12, "Plan Width": 4, "Plans": [{"Node Type": "Bitmap Heap Scan", "Parent Relationship": "Outer", "Relation Name": "role_type", "Alias": "rt", "Startup Cost": 8.31, "Total Cost": 12.43, "Plan Rows": 12, "Plan Width": 4, "Plans": [{"Node Type": "Bitmap Index Scan", "Parent Relationship": "Outer", "Index Name": "role_type_pkey", "Startup Cost": 0.0, "Total Cost": 8.31, "Plan Rows": 12, "Plan Width": 0}]}]}]}, {"Node Type": "Bitmap Heap Scan", "Parent Relationship": "Inner", "Relation Name": "title", "Alias": "t", "Startup Cost": 0.27, "Total Cost": 4.29, "Plan Rows": 1, "Plan Width": 21, "Recheck Cond": "(id = mc.movie_id)", "Filter": "(production_year > 1990)", "Plans": [{"Node Type": "Bitmap Index Scan", "Parent Relationship": "Outer", "Index Name": "title_pkey", "Startup Cost": 0.0, "Total Cost": 0.27, "Plan Rows": 1, "Plan Width": 0, "Index Cond": "(id = mc.movie_id)"}]}]}]}, "Unique SQL Id": 3145361615}, "explain_analyze_plan": null}, "(64, 120)": {"explain_plan": {"Plan": {"Node Type": "Aggregate", "Strategy": "Plain", "Startup Cost": 1719262.92, "Total Cost": 1719262.93, "Plan Rows": 1, "Plan Width": 97, "Plans": [{"Node Type": "Nested Loop", "Parent Relationship": "Outer", "Join Type": "Inner", "Startup Cost": 0.0, "Total Cost": 1714415.85, "Plan Rows": 969413, "Plan Width": 33, "Inner Unique": true, "Plans": [{"Node Type": "Nested Loop", "Parent Relationship": "Outer", "Join Type": "Inner", "Startup Cost": 0.0, "Total Cost": 1469499.31, "Plan Rows": 699731, "Plan Width": 24, "Inner Unique": true, "Join Filter": "(mc.company_type_id = ct.id), (LLVM Optimized)", "Plans": [{"Node Type": "Nested Loop", "Parent Relationship": "Outer", "Join Type": "Inner", "Startup Cost": 0.0, "Total Cost": 1438010.38, "Plan Rows": 699731, "Plan Width": 28, "Inner Unique": true, "Plans": [{"Node Type": "Nested Loop", "Parent Relationship": "Outer", "Join Type": "Inner", "Startup Cost": 0.0, "Total Cost": 1028452.36, "Plan Rows": 1423748, "Plan Width": 32, "Inner Unique": false, "Plans": [{"Node Type": "Nested Loop", "Parent Relationship": "Outer", "Join Type": "Inner", "Startup Cost": 0.0, "Total Cost": 763533.64, "Plan Rows": 696330, "Plan Width": 20, "Inner Unique": true, "Plans": [{"Node Type": "Streaming(type: LOCAL GATHER dop: 1/64)", "Parent Relationship": "Outer", "Startup Cost": 0.0, "Total Cost": 170510.92, "Plan Rows": 1436424, "Plan Width": 8, "Plans": [{"Node Type": "Nested Loop", "Parent Relationship": "Outer", "Join Type": "Inner", "Startup Cost": 0.0, "Total Cost": 140877.67, "Plan Rows": 1436424, "Plan Width": 8, "Inner Unique": true, "Join Filter": "(ci.role_id = rt.id), (LLVM Optimized)", "Plans": [{"Node Type": "Seq Scan", "Parent Relationship": "Outer", "Relation Name": "cast_info", "Alias": "ci", "Startup Cost": 0.0, "Total Cost": 73820.73, "Plan Rows": 1436424, "Plan Width": 12, "Filter": "((note)::text ~~ '%(producer)%'::text), (LLVM Optimized)"}, {"Node Type": "Materialize", "Parent Relationship": "Inner", "Startup Cost": 0.0, "Total Cost": 63017.02, "Plan Rows": 768, "Plan Width": 4, "Plans": [{"Node Type": "Streaming(type: BROADCAST dop: 64/1)", "Parent Relationship": "Outer", "Startup Cost": 0.0, "Total Cost": 63016.96, "Plan Rows": 768, "Plan Width": 4, "Plans": [{"Node Type": "Seq Scan", "Parent Relationship": "Outer", "Relation Name": "role_type", "Alias": "rt", "Startup Cost": 0.0, "Total Cost": 1.12, "Plan Rows": 12, "Plan Width": 4}]}]}]}]}, {"Node Type": "Index Scan", "Parent Relationship": "Inner", "Scan Direction": "Forward", "Index Name": "char_name_pkey", "Relation Name": "char_name", "Alias": "chn", "Startup Cost": 0.0, "Total Cost": 0.4, "Plan Rows": 1, "Plan Width": 20, "Index Cond": "(id = ci.person_role_id)"}]}, {"Node Type": "Index Scan", "Parent Relationship": "Inner", "Scan Direction": "Forward", "Index Name": "movie_id_movie_companies", "Relation Name": "movie_companies", "Alias": "mc", "Startup Cost": 0.0, "Total Cost": 0.36, "Plan Rows": 2, "Plan Width": 12, "Index Cond": "(movie_id = ci.movie_id)"}]}, {"Node Type": "Index Scan", "Parent Relationship": "Inner", "Scan Direction": "Forward", "Index Name": "company_name_pkey", "Relation Name": "company_name", "Alias": "cn", "Startup Cost": 0.0, "Total Cost": 0.28, "Plan Rows": 1, "Plan Width": 4, "Index Cond": "(id = mc.company_id)", "Filter": "((country_code)::text = '[us]'::text)"}]}, {"Node Type": "Materialize", "Parent Relationship": "Inner", "Startup Cost": 0.0, "Total Cost": 1.04, "Plan Rows": 3, "Plan Width": 4, "Plans": [{"Node Type": "Seq Scan", "Parent Relationship": "Outer", "Relation Name": "company_type", "Alias": "ct", "Startup Cost": 0.0, "Total Cost": 1.03, "Plan Rows": 3, "Plan Width": 4}]}]}, {"Node Type": "Index Scan", "Parent Relationship": "Inner", "Scan Direction": "Forward", "Index Name": "title_pkey", "Relation Name": "title", "Alias": "t", "Startup Cost": 0.0, "Total Cost": 0.34, "Plan Rows": 1, "Plan Width": 21, "Index Cond": "(id = mc.movie_id)", "Filter": "(production_year > 1990)"}]}]}, "Unique SQL Id": 3145361615}, "explain_analyze_plan": {"Plan": {"Node Type": "Aggregate", "Strategy": "Plain", "Startup Cost": 1719262.92, "Total Cost": 1719262.93, "Plan Rows": 1, "Plan Width": 97, "Actual Min Startup Time": 1367.88, "Actual Max Startup Time": 1367.88, "Actual Min Total Time": 1367.88, "Actual Max Total Time": 1367.88, "Actual Total Rows": 1, "Plans": [{"Node Type": "Nested Loop", "Parent Relationship": "Outer", "Join Type": "Inner", "Startup Cost": 0.0, "Total Cost": 1714415.85, "Plan Rows": 969413, "Plan Width": 33, "Actual Min Startup Time": 391.841, "Actual Max Startup Time": 391.841, "Actual Min Total Time": 1367.834, "Actual Max Total Time": 1367.834, "Actual Total Rows": 4, "Inner Unique": true, "Plans": [{"Node Type": "Nested Loop", "Parent Relationship": "Outer", "Join Type": "Inner", "Startup Cost": 0.0, "Total Cost": 1469499.31, "Plan Rows": 699731, "Plan Width": 24, "Actual Min Startup Time": 391.802, "Actual Max Startup Time": 391.802, "Actual Min Total Time": 1367.735, "Actual Max Total Time": 1367.735, "Actual Total Rows": 6, "Inner Unique": true, "Join Filter": "(mc.company_type_id = ct.id), (LLVM Optimized, Jit Execute)", "Rows Removed by Join Filter": 24, "Plans": [{"Node Type": "Nested Loop", "Parent Relationship": "Outer", "Join Type": "Inner", "Startup Cost": 0.0, "Total Cost": 1438010.38, "Plan Rows": 699731, "Plan Width": 28, "Actual Min Startup Time": 391.719, "Actual Max Startup Time": 391.719, "Actual Min Total Time": 1367.648, "Actual Max Total Time": 1367.648, "Actual Total Rows": 14, "Inner Unique": true, "Plans": [{"Node Type": "Nested Loop", "Parent Relationship": "Outer", "Join Type": "Inner", "Startup Cost": 0.0, "Total Cost": 1028452.36, "Plan Rows": 1423748, "Plan Width": 32, "Actual Min Startup Time": 277.316, "Actual Max Startup Time": 277.316, "Actual Min Total Time": 1367.097, "Actual Max Total Time": 1367.097, "Actual Total Rows": 31, "Inner Unique": false, "Plans": [{"Node Type": "Nested Loop", "Parent Relationship": "Outer", "Join Type": "Inner", "Startup Cost": 0.0, "Total Cost": 763533.64, "Plan Rows": 696330, "Plan Width": 20, "Actual Min Startup Time": 277.037, "Actual Max Startup Time": 277.037, "Actual Min Total Time": 1365.759, "Actual Max Total Time": 1365.759, "Actual Total Rows": 15, "Inner Unique": true, "Plans": [{"Node Type": "Streaming(type: LOCAL GATHER dop: 1/64)", "Parent Relationship": "Outer", "Startup Cost": 0.0, "Total Cost": 170510.92, "Plan Rows": 1436424, "Plan Width": 8, "Actual Min Startup Time": 276.899, "Actual Max Startup Time": 276.899, "Actual Min Total Time": 628.582, "Actual Max Total Time": 628.582, "Actual Total Rows": 1435439, "Plans": [{"Node Type": "Nested Loop", "Parent Relationship": "Outer", "Join Type": "Inner", "Startup Cost": 0.0, "Total Cost": 140877.67, "Plan Rows": 1436424, "Plan Width": 8, "Actual Min Startup Time": 13.356, "Actual Max Startup Time": 174.296, "Actual Min Total Time": 199.87, "Actual Max Total Time": 288.582, "Actual Total Rows": 1435439, "Inner Unique": true, "Join Filter": "(ci.role_id = rt.id), (LLVM Optimized, Jit Execute)", "Rows Removed by Join Filter": 2870850, "Plans": [{"Node Type": "Seq Scan", "Parent Relationship": "Outer", "Relation Name": "cast_info", "Alias": "ci", "Startup Cost": 0.0, "Total Cost": 73820.73, "Plan Rows": 1436424, "Plan Width": 12, "Actual Min Startup Time": 13.277, "Actual Max Startup Time": 88.061, "Actual Min Total Time": 172.904, "Actual Max Total Time": 187.865, "Actual Total Rows": 1435439, "Filter": "((note)::text ~~ '%(producer)%'::text), (LLVM Optimized, Jit Execute)", "Rows Removed by Filter": 34808904}, {"Node Type": "Materialize", "Parent Relationship": "Inner", "Startup Cost": 0.0, "Total Cost": 63017.02, "Plan Rows": 768, "Plan Width": 4, "Actual Min Startup Time": 1.593, "Actual Max Startup Time": 89.906, "Actual Min Total Time": 4.56, "Actual Max Total Time": 94.089, "Actual Total Rows": 4306353, "Plans": [{"Node Type": "Streaming(type: BROADCAST dop: 64/1)", "Parent Relationship": "Outer", "Startup Cost": 0.0, "Total Cost": 63016.96, "Plan Rows": 768, "Plan Width": 4, "Actual Min Startup Time": 0.006, "Actual Max Startup Time": 87.806, "Actual Min Total Time": 0.006, "Actual Max Total Time": 87.807, "Actual Total Rows": 768, "Plans": [{"Node Type": "Seq Scan", "Parent Relationship": "Outer", "Relation Name": "role_type", "Alias": "rt", "Startup Cost": 0.0, "Total Cost": 1.12, "Plan Rows": 12, "Plan Width": 4, "Actual Min Startup Time": 0.021, "Actual Max Startup Time": 0.021, "Actual Min Total Time": 0.027, "Actual Max Total Time": 0.027, "Actual Total Rows": 12}]}]}]}]}, {"Node Type": "Index Scan", "Parent Relationship": "Inner", "Scan Direction": "Forward", "Index Name": "char_name_pkey", "Relation Name": "char_name", "Alias": "chn", "Startup Cost": 0.0, "Total Cost": 0.4, "Plan Rows": 1, "Plan Width": 20, "Actual Min Startup Time": 225.656, "Actual Max Startup Time": 225.656, "Actual Min Total Time": 225.656, "Actual Max Total Time": 225.656, "Actual Total Rows": 15, "Index Cond": "(id = ci.person_role_id)", "Rows Removed by Index Recheck": 0}]}, {"Node Type": "Index Scan", "Parent Relationship": "Inner", "Scan Direction": "Forward", "Index Name": "movie_id_movie_companies", "Relation Name": "movie_companies", "Alias": "mc", "Startup Cost": 0.0, "Total Cost": 0.36, "Plan Rows": 2, "Plan Width": 12, "Actual Min Startup Time": 1.247, "Actual Max Startup Time": 1.247, "Actual Min Total Time": 1.295, "Actual Max Total Time": 1.295, "Actual Total Rows": 31, "Index Cond": "(movie_id = ci.movie_id)", "Rows Removed by Index Recheck": 0}]}, {"Node Type": "Index Scan", "Parent Relationship": "Inner", "Scan Direction": "Forward", "Index Name": "company_name_pkey", "Relation Name": "company_name", "Alias": "cn", "Startup Cost": 0.0, "Total Cost": 0.28, "Plan Rows": 1, "Plan Width": 4, "Actual Min Startup Time": 0.502, "Actual Max Startup Time": 0.502, "Actual Min Total Time": 0.502, "Actual Max Total Time": 0.502, "Actual Total Rows": 14, "Index Cond": "(id = mc.company_id)", "Rows Removed by Index Recheck": 0, "Filter": "((country_code)::text = '[us]'::text)", "Rows Removed by Filter": 17}]}, {"Node Type": "Materialize", "Parent Relationship": "Inner", "Startup Cost": 0.0, "Total Cost": 1.04, "Plan Rows": 3, "Plan Width": 4, "Actual Min Startup Time": 0.056, "Actual Max Startup Time": 0.056, "Actual Min Total Time": 0.059, "Actual Max Total Time": 0.059, "Actual Total Rows": 31, "Plans": [{"Node Type": "Seq Scan", "Parent Relationship": "Outer", "Relation Name": "company_type", "Alias": "ct", "Startup Cost": 0.0, "Total Cost": 1.03, "Plan Rows": 3, "Plan Width": 4, "Actual Min Startup Time": 0.031, "Actual Max Startup Time": 0.031, "Actual Min Total Time": 0.034, "Actual Max Total Time": 0.034, "Actual Total Rows": 3}]}]}, {"Node Type": "Index Scan", "Parent Relationship": "Inner", "Scan Direction": "Forward", "Index Name": "title_pkey", "Relation Name": "title", "Alias": "t", "Startup Cost": 0.0, "Total Cost": 0.34, "Plan Rows": 1, "Plan Width": 21, "Actual Min Startup Time": 0.086, "Actual Max Startup Time": 0.086, "Actual Min Total Time": 0.086, "Actual Max Total Time": 0.086, "Actual Total Rows": 4, "Index Cond": "(id = mc.movie_id)", "Rows Removed by Index Recheck": 0, "Filter": "(production_year > 1990)", "Rows Removed by Filter": 2}]}]}, "Triggers": [], "Planner Runtime": 6.737, "Total Runtime": 1391.75, "Unique SQL Id": 3145361615}}, "(64, 121)": {"explain_plan": {"Plan": {"Node Type": "Aggregate", "Strategy": "Plain", "Startup Cost": 2425779.29, "Total Cost": 2425779.3, "Plan Rows": 1, "Plan Width": 97, "Plans": [{"Node Type": "Nested Loop", "Parent Relationship": "Outer", "Join Type": "Inner", "Startup Cost": 0.0, "Total Cost": 2420932.22, "Plan Rows": 969413, "Plan Width": 33, "Inner Unique": true, "Plans": [{"Node Type": "Nested Loop", "Parent Relationship": "Outer", "Join Type": "Inner", "Startup Cost": 0.0, "Total Cost": 2176015.68, "Plan Rows": 699731, "Plan Width": 24, "Inner Unique": true, "Join Filter": "(ci.role_id = rt.id), (LLVM Optimized)", "Plans": [{"Node Type": "Nested Loop", "Parent Relationship": "Outer", "Join Type": "Inner", "Startup Cost": 0.0, "Total Cost": 2050055.64, "Plan Rows": 699731, "Plan Width": 28, "Inner Unique": true, "Join Filter": "(mc.company_type_id = ct.id), (LLVM Optimized)", "Plans": [{"Node Type": "Nested Loop", "Parent Relationship": "Outer", "Join Type": "Inner", "Startup Cost": 0.0, "Total Cost": 2018559.45, "Plan Rows": 699731, "Plan Width": 32, "Inner Unique": true, "Plans": [{"Node Type": "Nested Loop", "Parent Relationship": "Outer", "Join Type": "Inner", "Startup Cost": 0.0, "Total Cost": 1422640.19, "Plan Rows": 1443440, "Plan Width": 20, "Inner Unique": false, "Plans": [{"Node Type": "Nested Loop", "Parent Relationship": "Outer", "Join Type": "Inner", "Startup Cost": 0.0, "Total Cost": 171332.39, "Plan Rows": 1282311, "Plan Width": 8, "Inner Unique": false, "Plans": [{"Node Type": "Index Scan", "Parent Relationship": "Outer", "Scan Direction": "Forward", "Index Name": "company_name_pkey", "Relation Name": "company_name", "Alias": "cn", "Startup Cost": 0.0, "Total Cost": 10501.39, "Plan Rows": 85170, "Plan Width": 4, "Filter": "((country_code)::text = '[us]'::text)"}, {"Node Type": "Index Scan", "Parent Relationship": "Inner", "Scan Direction": "Forward", "Index Name": "company_id_movie_companies", "Relation Name": "movie_companies", "Alias": "mc", "Startup Cost": 0.0, "Total Cost": 1.74, "Plan Rows": 15, "Plan Width": 12, "Index Cond": "(company_id = cn.id)"}]}, {"Node Type": "Index Scan", "Parent Relationship": "Inner", "Scan Direction": "Forward", "Index Name": "movie_id_cast_info", "Relation Name": "cast_info", "Alias": "ci", "Startup Cost": 0.0, "Total Cost": 0.97, "Plan Rows": 1, "Plan Width": 12, "Index Cond": "(movie_id = mc.movie_id)", "Filter": "((note)::text ~~ '%(producer)%'::text)"}]}, {"Node Type": "Index Scan", "Parent Relationship": "Inner", "Scan Direction": "Forward", "Index Name": "char_name_pkey", "Relation Name": "char_name", "Alias": "chn", "Startup Cost": 0.0, "Total Cost": 0.4, "Plan Rows": 1, "Plan Width": 20, "Index Cond": "(id = ci.person_role_id)"}]}, {"Node Type": "Materialize", "Parent Relationship": "Inner", "Startup Cost": 0.0, "Total Cost": 8.31, "Plan Rows": 3, "Plan Width": 4, "Plans": [{"Node Type": "Index Only Scan", "Parent Relationship": "Outer", "Scan Direction": "Forward", "Index Name": "company_type_pkey", "Relation Name": "company_type", "Alias": "ct", "Startup Cost": 0.0, "Total Cost": 8.29, "Plan Rows": 3, "Plan Width": 4}]}]}, {"Node Type": "Materialize", "Parent Relationship": "Inner", "Startup Cost": 0.0, "Total Cost": 8.49, "Plan Rows": 12, "Plan Width": 4, "Plans": [{"Node Type": "Index Only Scan", "Parent Relationship": "Outer", "Scan Direction": "Forward", "Index Name": "role_type_pkey", "Relation Name": "role_type", "Alias": "rt", "Startup Cost": 0.0, "Total Cost": 8.43, "Plan Rows": 12, "Plan Width": 4}]}]}, {"Node Type": "Index Scan", "Parent Relationship": "Inner", "Scan Direction": "Forward", "Index Name": "title_pkey", "Relation Name": "title", "Alias": "t", "Startup Cost": 0.0, "Total Cost": 0.34, "Plan Rows": 1, "Plan Width": 21, "Index Cond": "(id = mc.movie_id)", "Filter": "(production_year > 1990)"}]}]}, "Unique SQL Id": 3145361615}, "explain_analyze_plan": null}, "(64, 122)": {"explain_plan": {"Plan": {"Node Type": "Aggregate", "Strategy": "Plain", "Startup Cost": 29103329.92, "Total Cost": 29103329.94, "Plan Rows": 1, "Plan Width": 97, "Plans": [{"Node Type": "Streaming(type: LOCAL GATHER dop: 1/64)", "Parent Relationship": "Outer", "Startup Cost": 29103329.92, "Total Cost": 29103329.94, "Plan Rows": 1, "Plan Width": 97, "Plans": [{"Node Type": "Aggregate", "Strategy": "Plain", "Parent Relationship": "Outer", "Startup Cost": 29103329.92, "Total Cost": 29103329.93, "Plan Rows": 1, "Plan Width": 97, "Plans": [{"Node Type": "Nested Loop", "Parent Relationship": "Outer", "Join Type": "Inner", "Startup Cost": 0.0, "Total Cost": 29098482.85, "Plan Rows": 969413, "Plan Width": 33, "Inner Unique": true, "Join Filter": "(mc.movie_id = t.id), (LLVM Optimized)", "Plans": [{"Node Type": "Streaming(type: LOCAL REDISTRIBUTE dop: 64/64)", "Parent Relationship": "Outer", "Startup Cost": 0.0, "Total Cost": 24488333.02, "Plan Rows": 699731, "Plan Width": 24, "Plans": [{"Node Type": "Nested Loop", "Parent Relationship": "Outer", "Join Type": "Inner", "Startup Cost": 0.0, "Total Cost": 24424670.19, "Plan Rows": 699731, "Plan Width": 24, "Inner Unique": true, "Join Filter": "(ci.role_id = rt.id), (LLVM Optimized)", "Plans": [{"Node Type": "Nested Loop", "Parent Relationship": "Outer", "Join Type": "Inner", "Startup Cost": 0.0, "Total Cost": 24359685.21, "Plan Rows": 699731, "Plan Width": 28, "Inner Unique": true, "Join Filter": "(mc.company_type_id = ct.id), (LLVM Optimized)", "Plans": [{"Node Type": "Nested Loop", "Parent Relationship": "Outer", "Join Type": "Inner", "Startup Cost": 0.0, "Total Cost": 24296188.21, "Plan Rows": 699731, "Plan Width": 32, "Inner Unique": true, "Join Filter": "(mc.company_id = cn.id), (LLVM Optimized)", "Plans": [{"Node Type": "Streaming(type: LOCAL REDISTRIBUTE dop: 64/64)", "Parent Relationship": "Outer", "Startup Cost": 0.0, "Total Cost": 23779751.34, "Plan Rows": 1423748, "Plan Width": 36, "Plans": [{"Node Type": "Nested Loop", "Parent Relationship": "Outer", "Join Type": "Inner", "Startup Cost": 0.0, "Total Cost": 23715402.67, "Plan Rows": 1423748, "Plan Width": 36, "Inner Unique": false, "Join Filter": "(ci.movie_id = mc.movie_id), (LLVM Optimized)", "Plans": [{"Node Type": "Streaming(type: LOCAL REDISTRIBUTE dop: 64/1)", "Parent Relationship": "Outer", "Startup Cost": 0.0, "Total Cost": 210825.84, "Plan Rows": 2609128, "Plan Width": 12, "Plans": [{"Node Type": "Seq Scan", "Parent Relationship": "Outer", "Relation Name": "movie_companies", "Alias": "mc", "Startup Cost": 0.0, "Total Cost": 41817.28, "Plan Rows": 2609128, "Plan Width": 12}]}, {"Node Type": "Materialize", "Parent Relationship": "Inner", "Startup Cost": 0.0, "Total Cost": 16851232.08, "Plan Rows": 696330, "Plan Width": 24, "Plans": [{"Node Type": "Streaming(type: LOCAL REDISTRIBUTE dop: 64/64)", "Parent Relationship": "Outer", "Startup Cost": 0.0, "Total Cost": 16851177.68, "Plan Rows": 696330, "Plan Width": 24, "Plans": [{"Node Type": "Nested Loop", "Parent Relationship": "Outer", "Join Type": "Inner", "Startup Cost": 0.0, "Total Cost": 16787518.07, "Plan Rows": 696330, "Plan Width": 24, "Inner Unique": false, "Join Filter": "(chn.id = ci.person_role_id), (LLVM Optimized)", "Plans": [{"Node Type": "Streaming(type: LOCAL REDISTRIBUTE dop: 64/64)", "Parent Relationship": "Outer", "Startup Cost": 0.0, "Total Cost": 130029.32, "Plan Rows": 3140338, "Plan Width": 20, "Plans": [{"Node Type": "Seq Scan", "Parent Relationship": "Outer", "Relation Name": "char_name", "Alias": "chn", "Startup Cost": 0.0, "Total Cost": 64054.58, "Plan Rows": 3140338, "Plan Width": 20}]}, {"Node Type": "Materialize", "Parent Relationship": "Inner", "Startup Cost": 0.0, "Total Cost": 138293.62, "Plan Rows": 1436424, "Plan Width": 12, "Plans": [{"Node Type": "Streaming(type: LOCAL REDISTRIBUTE dop: 64/64)", "Parent Relationship": "Outer", "Startup Cost": 0.0, "Total Cost": 138181.4, "Plan Rows": 1436424, "Plan Width": 12, "Plans": [{"Node Type": "Seq Scan", "Parent Relationship": "Outer", "Relation Name": "cast_info", "Alias": "ci", "Startup Cost": 0.0, "Total Cost": 73820.73, "Plan Rows": 1436424, "Plan Width": 12, "Filter": "((note)::text ~~ '%(producer)%'::text), (LLVM Optimized)"}]}]}]}]}]}]}]}, {"Node Type": "Materialize", "Parent Relationship": "Inner", "Startup Cost": 0.0, "Total Cost": 72370.55, "Plan Rows": 85170, "Plan Width": 4, "Plans": [{"Node Type": "Streaming(type: LOCAL REDISTRIBUTE dop: 64/1)", "Parent Relationship": "Outer", "Startup Cost": 0.0, "Total Cost": 72363.9, "Plan Rows": 85170, "Plan Width": 4, "Plans": [{"Node Type": "Seq Scan", "Parent Relationship": "Outer", "Relation Name": "company_name", "Alias": "cn", "Startup Cost": 0.0, "Total Cost": 5903.45, "Plan Rows": 85170, "Plan Width": 4, "Filter": "((country_code)::text = '[us]'::text)"}]}]}]}, {"Node Type": "Materialize", "Parent Relationship": "Inner", "Startup Cost": 0.0, "Total Cost": 63005.01, "Plan Rows": 192, "Plan Width": 4, "Plans": [{"Node Type": "Streaming(type: BROADCAST dop: 64/1)", "Parent Relationship": "Outer", "Startup Cost": 0.0, "Total Cost": 63004.99, "Plan Rows": 192, "Plan Width": 4, "Plans": [{"Node Type": "Seq Scan", "Parent Relationship": "Outer", "Relation Name": "company_type", "Alias": "ct", "Startup Cost": 0.0, "Total Cost": 1.03, "Plan Rows": 3, "Plan Width": 4}]}]}]}, {"Node Type": "Materialize", "Parent Relationship": "Inner", "Startup Cost": 0.0, "Total Cost": 63017.02, "Plan Rows": 768, "Plan Width": 4, "Plans": [{"Node Type": "Streaming(type: BROADCAST dop: 64/1)", "Parent Relationship": "Outer", "Startup Cost": 0.0, "Total Cost": 63016.96, "Plan Rows": 768, "Plan Width": 4, "Plans": [{"Node Type": "Seq Scan", "Parent Relationship": "Outer", "Relation Name": "role_type", "Alias": "rt", "Startup Cost": 0.0, "Total Cost": 1.12, "Plan Rows": 12, "Plan Width": 4}]}]}]}]}, {"Node Type": "Materialize", "Parent Relationship": "Inner", "Startup Cost": 0.0, "Total Cost": 128830.59, "Plan Rows": 1748840, "Plan Width": 21, "Plans": [{"Node Type": "Streaming(type: LOCAL REDISTRIBUTE dop: 64/64)", "Parent Relationship": "Outer", "Startup Cost": 0.0, "Total Cost": 128693.96, "Plan Rows": 1748840, "Plan Width": 21, "Plans": [{"Node Type": "Seq Scan", "Parent Relationship": "Outer", "Relation Name": "title", "Alias": "t", "Startup Cost": 0.0, "Total Cost": 64037.34, "Plan Rows": 1748840, "Plan Width": 21, "Filter": "(production_year > 1990), (LLVM Optimized)"}]}]}]}]}]}]}, "Unique SQL Id": 3145361615}, "explain_analyze_plan": null}, "(64, 123)": {"explain_plan": {"Plan": {"Node Type": "Aggregate", "Strategy": "Plain", "Startup Cost": 7102923990895.23, "Total Cost": 7102923990895.24, "Plan Rows": 1, "Plan Width": 97, "Plans": [{"Node Type": "Nested Loop", "Parent Relationship": "Outer", "Join Type": "Inner", "Startup Cost": 70000000000.0, "Total Cost": 7102923986048.17, "Plan Rows": 969413, "Plan Width": 33, "Inner Unique": true, "Join Filter": "(mc.company_type_id = ct.id), (LLVM Optimized)", "Plans": [{"Node Type": "Nested Loop", "Parent Relationship": "Outer", "Join Type": "Inner", "Startup Cost": 60000000000.0, "Total Cost": 6102923941595.08, "Plan Rows": 969413, "Plan Width": 37, "Inner Unique": true, "Join Filter": "(mc.movie_id = t.id), (LLVM Optimized)", "Plans": [{"Node Type": "Nested Loop", "Parent Relationship": "Outer", "Join Type": "Inner", "Startup Cost": 50000000000.0, "Total Cost": 5084556529665.71, "Plan Rows": 699731, "Plan Width": 28, "Inner Unique": true, "Join Filter": "(ci.role_id = rt.id), (LLVM Optimized)", "Plans": [{"Node Type": "Nested Loop", "Parent Relationship": "Outer", "Join Type": "Inner", "Startup Cost": 40000000000.0, "Total Cost": 4084556402871.1, "Plan Rows": 699731, "Plan Width": 32, "Inner Unique": false, "Join Filter": "(ci.movie_id = mc.movie_id), (LLVM Optimized)", "Plans": [{"Node Type": "Nested Loop", "Parent Relationship": "Outer", "Join Type": "Inner", "Startup Cost": 20000000000.0, "Total Cost": 2003343660045.29, "Plan Rows": 1282311, "Plan Width": 8, "Inner Unique": true, "Join Filter": "(cn.id = mc.company_id), (LLVM Optimized)", "Plans": [{"Node Type": "Index Scan", "Parent Relationship": "Outer", "Scan Direction": "Forward", "Index Name": "company_type_id_movie_companies", "Relation Name": "movie_companies", "Alias": "mc", "Startup Cost": 10000000000.0, "Total Cost": 1000009318217.0, "Plan Rows": 2609128, "Plan Width": 12}, {"Node Type": "Materialize", "Parent Relationship": "Inner", "Startup Cost": 10000000000.0, "Total Cost": 1000001050564.82, "Plan Rows": 85170, "Plan Width": 4, "Plans": [{"Node Type": "Index Scan", "Parent Relationship": "Outer", "Scan Direction": "Forward", "Index Name": "company_name_pkey", "Relation Name": "company_name", "Alias": "cn", "Startup Cost": 10000000000.0, "Total Cost": 1000001050138.97, "Plan Rows": 85170, "Plan Width": 4, "Filter": "((country_code)::text = '[us]'::text)"}]}]}, {"Node Type": "Materialize", "Parent Relationship": "Inner", "Startup Cost": 20000000000.0, "Total Cost": 2067819070287.18, "Plan Rows": 696330, "Plan Width": 24, "Plans": [{"Node Type": "Nested Loop", "Parent Relationship": "Outer", "Join Type": "Inner", "Startup Cost": 20000000000.0, "Total Cost": 2067819066805.53, "Plan Rows": 696330, "Plan Width": 24, "Inner Unique": true, "Join Filter": "(chn.id = ci.person_role_id), (LLVM Optimized)", "Plans": [{"Node Type": "Index Scan", "Parent Relationship": "Outer", "Scan Direction": "Forward", "Index Name": "role_id_cast_info", "Relation Name": "cast_info", "Alias": "ci", "Startup Cost": 10000000000.0, "Total Cost": 1000143218339.5, "Plan Rows": 1436424, "Plan Width": 12, "Filter": "((note)::text ~~ '%(producer)%'::text), (LLVM Optimized)"}, {"Node Type": "Materialize", "Parent Relationship": "Inner", "Startup Cost": 10000000000.0, "Total Cost": 1000013003247.2, "Plan Rows": 3140338, "Plan Width": 20, "Plans": [{"Node Type": "Index Scan", "Parent Relationship": "Outer", "Scan Direction": "Forward", "Index Name": "char_name_pkey", "Relation Name": "char_name", "Alias": "chn", "Startup Cost": 10000000000.0, "Total Cost": 1000012987545.51, "Plan Rows": 3140338, "Plan Width": 20}]}]}]}]}, {"Node Type": "Materialize", "Parent Relationship": "Inner", "Startup Cost": 10000000000.0, "Total Cost": 1000000000843.06, "Plan Rows": 12, "Plan Width": 4, "Plans": [{"Node Type": "Index Only Scan", "Parent Relationship": "Outer", "Scan Direction": "Forward", "Index Name": "role_type_pkey", "Relation Name": "role_type", "Alias": "rt", "Startup Cost": 10000000000.0, "Total Cost": 1000000000843.0, "Plan Rows": 12, "Plan Width": 4}]}]}, {"Node Type": "Materialize", "Parent Relationship": "Inner", "Startup Cost": 10000000000.0, "Total Cost": 1000011652870.86, "Plan Rows": 1748840, "Plan Width": 21, "Plans": [{"Node Type": "Index Scan", "Parent Relationship": "Outer", "Scan Direction": "Forward", "Index Name": "title_pkey", "Relation Name": "title", "Alias": "t", "Startup Cost": 10000000000.0, "Total Cost": 1000011644126.66, "Plan Rows": 1748840, "Plan Width": 21, "Filter": "(production_year > 1990), (LLVM Optimized)"}]}]}, {"Node Type": "Materialize", "Parent Relationship": "Inner", "Startup Cost": 10000000000.0, "Total Cost": 1000000000829.52, "Plan Rows": 3, "Plan Width": 4, "Plans": [{"Node Type": "Index Only Scan", "Parent Relationship": "Outer", "Scan Direction": "Forward", "Index Name": "company_type_pkey", "Relation Name": "company_type", "Alias": "ct", "Startup Cost": 10000000000.0, "Total Cost": 1000000000829.5, "Plan Rows": 3, "Plan Width": 4}]}]}]}, "Unique SQL Id": 3145361615}, "explain_analyze_plan": null}, "(64, 124)": {"explain_plan": {"Plan": {"Node Type": "Aggregate", "Strategy": "Plain", "Startup Cost": 1719262.92, "Total Cost": 1719262.93, "Plan Rows": 1, "Plan Width": 97, "Plans": [{"Node Type": "Nested Loop", "Parent Relationship": "Outer", "Join Type": "Inner", "Startup Cost": 0.0, "Total Cost": 1714415.85, "Plan Rows": 969413, "Plan Width": 33, "Inner Unique": true, "Plans": [{"Node Type": "Nested Loop", "Parent Relationship": "Outer", "Join Type": "Inner", "Startup Cost": 0.0, "Total Cost": 1469499.31, "Plan Rows": 699731, "Plan Width": 24, "Inner Unique": true, "Join Filter": "(mc.company_type_id = ct.id), (LLVM Optimized)", "Plans": [{"Node Type": "Nested Loop", "Parent Relationship": "Outer", "Join Type": "Inner", "Startup Cost": 0.0, "Total Cost": 1438010.38, "Plan Rows": 699731, "Plan Width": 28, "Inner Unique": true, "Plans": [{"Node Type": "Nested Loop", "Parent Relationship": "Outer", "Join Type": "Inner", "Startup Cost": 0.0, "Total Cost": 1028452.36, "Plan Rows": 1423748, "Plan Width": 32, "Inner Unique": false, "Plans": [{"Node Type": "Nested Loop", "Parent Relationship": "Outer", "Join Type": "Inner", "Startup Cost": 0.0, "Total Cost": 763533.64, "Plan Rows": 696330, "Plan Width": 20, "Inner Unique": true, "Plans": [{"Node Type": "Streaming(type: LOCAL GATHER dop: 1/64)", "Parent Relationship": "Outer", "Startup Cost": 0.0, "Total Cost": 170510.92, "Plan Rows": 1436424, "Plan Width": 8, "Plans": [{"Node Type": "Nested Loop", "Parent Relationship": "Outer", "Join Type": "Inner", "Startup Cost": 0.0, "Total Cost": 140877.67, "Plan Rows": 1436424, "Plan Width": 8, "Inner Unique": true, "Join Filter": "(ci.role_id = rt.id), (LLVM Optimized)", "Plans": [{"Node Type": "Seq Scan", "Parent Relationship": "Outer", "Relation Name": "cast_info", "Alias": "ci", "Startup Cost": 0.0, "Total Cost": 73820.73, "Plan Rows": 1436424, "Plan Width": 12, "Filter": "((note)::text ~~ '%(producer)%'::text), (LLVM Optimized)"}, {"Node Type": "Materialize", "Parent Relationship": "Inner", "Startup Cost": 0.0, "Total Cost": 63017.02, "Plan Rows": 768, "Plan Width": 4, "Plans": [{"Node Type": "Streaming(type: BROADCAST dop: 64/1)", "Parent Relationship": "Outer", "Startup Cost": 0.0, "Total Cost": 63016.96, "Plan Rows": 768, "Plan Width": 4, "Plans": [{"Node Type": "Seq Scan", "Parent Relationship": "Outer", "Relation Name": "role_type", "Alias": "rt", "Startup Cost": 0.0, "Total Cost": 1.12, "Plan Rows": 12, "Plan Width": 4}]}]}]}]}, {"Node Type": "Index Scan", "Parent Relationship": "Inner", "Scan Direction": "Forward", "Index Name": "char_name_pkey", "Relation Name": "char_name", "Alias": "chn", "Startup Cost": 0.0, "Total Cost": 0.4, "Plan Rows": 1, "Plan Width": 20, "Index Cond": "(id = ci.person_role_id)"}]}, {"Node Type": "Index Scan", "Parent Relationship": "Inner", "Scan Direction": "Forward", "Index Name": "movie_id_movie_companies", "Relation Name": "movie_companies", "Alias": "mc", "Startup Cost": 0.0, "Total Cost": 0.36, "Plan Rows": 2, "Plan Width": 12, "Index Cond": "(movie_id = ci.movie_id)"}]}, {"Node Type": "Index Scan", "Parent Relationship": "Inner", "Scan Direction": "Forward", "Index Name": "company_name_pkey", "Relation Name": "company_name", "Alias": "cn", "Startup Cost": 0.0, "Total Cost": 0.28, "Plan Rows": 1, "Plan Width": 4, "Index Cond": "(id = mc.company_id)", "Filter": "((country_code)::text = '[us]'::text)"}]}, {"Node Type": "Materialize", "Parent Relationship": "Inner", "Startup Cost": 0.0, "Total Cost": 1.04, "Plan Rows": 3, "Plan Width": 4, "Plans": [{"Node Type": "Seq Scan", "Parent Relationship": "Outer", "Relation Name": "company_type", "Alias": "ct", "Startup Cost": 0.0, "Total Cost": 1.03, "Plan Rows": 3, "Plan Width": 4}]}]}, {"Node Type": "Index Scan", "Parent Relationship": "Inner", "Scan Direction": "Forward", "Index Name": "title_pkey", "Relation Name": "title", "Alias": "t", "Startup Cost": 0.0, "Total Cost": 0.34, "Plan Rows": 1, "Plan Width": 21, "Index Cond": "(id = mc.movie_id)", "Filter": "(production_year > 1990)"}]}]}, "Unique SQL Id": 3145361615}, "explain_analyze_plan": {"Plan": {"Node Type": "Aggregate", "Strategy": "Plain", "Startup Cost": 1719262.92, "Total Cost": 1719262.93, "Plan Rows": 1, "Plan Width": 97, "Actual Min Startup Time": 1367.88, "Actual Max Startup Time": 1367.88, "Actual Min Total Time": 1367.88, "Actual Max Total Time": 1367.88, "Actual Total Rows": 1, "Plans": [{"Node Type": "Nested Loop", "Parent Relationship": "Outer", "Join Type": "Inner", "Startup Cost": 0.0, "Total Cost": 1714415.85, "Plan Rows": 969413, "Plan Width": 33, "Actual Min Startup Time": 391.841, "Actual Max Startup Time": 391.841, "Actual Min Total Time": 1367.834, "Actual Max Total Time": 1367.834, "Actual Total Rows": 4, "Inner Unique": true, "Plans": [{"Node Type": "Nested Loop", "Parent Relationship": "Outer", "Join Type": "Inner", "Startup Cost": 0.0, "Total Cost": 1469499.31, "Plan Rows": 699731, "Plan Width": 24, "Actual Min Startup Time": 391.802, "Actual Max Startup Time": 391.802, "Actual Min Total Time": 1367.735, "Actual Max Total Time": 1367.735, "Actual Total Rows": 6, "Inner Unique": true, "Join Filter": "(mc.company_type_id = ct.id), (LLVM Optimized, Jit Execute)", "Rows Removed by Join Filter": 24, "Plans": [{"Node Type": "Nested Loop", "Parent Relationship": "Outer", "Join Type": "Inner", "Startup Cost": 0.0, "Total Cost": 1438010.38, "Plan Rows": 699731, "Plan Width": 28, "Actual Min Startup Time": 391.719, "Actual Max Startup Time": 391.719, "Actual Min Total Time": 1367.648, "Actual Max Total Time": 1367.648, "Actual Total Rows": 14, "Inner Unique": true, "Plans": [{"Node Type": "Nested Loop", "Parent Relationship": "Outer", "Join Type": "Inner", "Startup Cost": 0.0, "Total Cost": 1028452.36, "Plan Rows": 1423748, "Plan Width": 32, "Actual Min Startup Time": 277.316, "Actual Max Startup Time": 277.316, "Actual Min Total Time": 1367.097, "Actual Max Total Time": 1367.097, "Actual Total Rows": 31, "Inner Unique": false, "Plans": [{"Node Type": "Nested Loop", "Parent Relationship": "Outer", "Join Type": "Inner", "Startup Cost": 0.0, "Total Cost": 763533.64, "Plan Rows": 696330, "Plan Width": 20, "Actual Min Startup Time": 277.037, "Actual Max Startup Time": 277.037, "Actual Min Total Time": 1365.759, "Actual Max Total Time": 1365.759, "Actual Total Rows": 15, "Inner Unique": true, "Plans": [{"Node Type": "Streaming(type: LOCAL GATHER dop: 1/64)", "Parent Relationship": "Outer", "Startup Cost": 0.0, "Total Cost": 170510.92, "Plan Rows": 1436424, "Plan Width": 8, "Actual Min Startup Time": 276.899, "Actual Max Startup Time": 276.899, "Actual Min Total Time": 628.582, "Actual Max Total Time": 628.582, "Actual Total Rows": 1435439, "Plans": [{"Node Type": "Nested Loop", "Parent Relationship": "Outer", "Join Type": "Inner", "Startup Cost": 0.0, "Total Cost": 140877.67, "Plan Rows": 1436424, "Plan Width": 8, "Actual Min Startup Time": 13.356, "Actual Max Startup Time": 174.296, "Actual Min Total Time": 199.87, "Actual Max Total Time": 288.582, "Actual Total Rows": 1435439, "Inner Unique": true, "Join Filter": "(ci.role_id = rt.id), (LLVM Optimized, Jit Execute)", "Rows Removed by Join Filter": 2870850, "Plans": [{"Node Type": "Seq Scan", "Parent Relationship": "Outer", "Relation Name": "cast_info", "Alias": "ci", "Startup Cost": 0.0, "Total Cost": 73820.73, "Plan Rows": 1436424, "Plan Width": 12, "Actual Min Startup Time": 13.277, "Actual Max Startup Time": 88.061, "Actual Min Total Time": 172.904, "Actual Max Total Time": 187.865, "Actual Total Rows": 1435439, "Filter": "((note)::text ~~ '%(producer)%'::text), (LLVM Optimized, Jit Execute)", "Rows Removed by Filter": 34808904}, {"Node Type": "Materialize", "Parent Relationship": "Inner", "Startup Cost": 0.0, "Total Cost": 63017.02, "Plan Rows": 768, "Plan Width": 4, "Actual Min Startup Time": 1.593, "Actual Max Startup Time": 89.906, "Actual Min Total Time": 4.56, "Actual Max Total Time": 94.089, "Actual Total Rows": 4306353, "Plans": [{"Node Type": "Streaming(type: BROADCAST dop: 64/1)", "Parent Relationship": "Outer", "Startup Cost": 0.0, "Total Cost": 63016.96, "Plan Rows": 768, "Plan Width": 4, "Actual Min Startup Time": 0.006, "Actual Max Startup Time": 87.806, "Actual Min Total Time": 0.006, "Actual Max Total Time": 87.807, "Actual Total Rows": 768, "Plans": [{"Node Type": "Seq Scan", "Parent Relationship": "Outer", "Relation Name": "role_type", "Alias": "rt", "Startup Cost": 0.0, "Total Cost": 1.12, "Plan Rows": 12, "Plan Width": 4, "Actual Min Startup Time": 0.021, "Actual Max Startup Time": 0.021, "Actual Min Total Time": 0.027, "Actual Max Total Time": 0.027, "Actual Total Rows": 12}]}]}]}]}, {"Node Type": "Index Scan", "Parent Relationship": "Inner", "Scan Direction": "Forward", "Index Name": "char_name_pkey", "Relation Name": "char_name", "Alias": "chn", "Startup Cost": 0.0, "Total Cost": 0.4, "Plan Rows": 1, "Plan Width": 20, "Actual Min Startup Time": 225.656, "Actual Max Startup Time": 225.656, "Actual Min Total Time": 225.656, "Actual Max Total Time": 225.656, "Actual Total Rows": 15, "Index Cond": "(id = ci.person_role_id)", "Rows Removed by Index Recheck": 0}]}, {"Node Type": "Index Scan", "Parent Relationship": "Inner", "Scan Direction": "Forward", "Index Name": "movie_id_movie_companies", "Relation Name": "movie_companies", "Alias": "mc", "Startup Cost": 0.0, "Total Cost": 0.36, "Plan Rows": 2, "Plan Width": 12, "Actual Min Startup Time": 1.247, "Actual Max Startup Time": 1.247, "Actual Min Total Time": 1.295, "Actual Max Total Time": 1.295, "Actual Total Rows": 31, "Index Cond": "(movie_id = ci.movie_id)", "Rows Removed by Index Recheck": 0}]}, {"Node Type": "Index Scan", "Parent Relationship": "Inner", "Scan Direction": "Forward", "Index Name": "company_name_pkey", "Relation Name": "company_name", "Alias": "cn", "Startup Cost": 0.0, "Total Cost": 0.28, "Plan Rows": 1, "Plan Width": 4, "Actual Min Startup Time": 0.502, "Actual Max Startup Time": 0.502, "Actual Min Total Time": 0.502, "Actual Max Total Time": 0.502, "Actual Total Rows": 14, "Index Cond": "(id = mc.company_id)", "Rows Removed by Index Recheck": 0, "Filter": "((country_code)::text = '[us]'::text)", "Rows Removed by Filter": 17}]}, {"Node Type": "Materialize", "Parent Relationship": "Inner", "Startup Cost": 0.0, "Total Cost": 1.04, "Plan Rows": 3, "Plan Width": 4, "Actual Min Startup Time": 0.056, "Actual Max Startup Time": 0.056, "Actual Min Total Time": 0.059, "Actual Max Total Time": 0.059, "Actual Total Rows": 31, "Plans": [{"Node Type": "Seq Scan", "Parent Relationship": "Outer", "Relation Name": "company_type", "Alias": "ct", "Startup Cost": 0.0, "Total Cost": 1.03, "Plan Rows": 3, "Plan Width": 4, "Actual Min Startup Time": 0.031, "Actual Max Startup Time": 0.031, "Actual Min Total Time": 0.034, "Actual Max Total Time": 0.034, "Actual Total Rows": 3}]}]}, {"Node Type": "Index Scan", "Parent Relationship": "Inner", "Scan Direction": "Forward", "Index Name": "title_pkey", "Relation Name": "title", "Alias": "t", "Startup Cost": 0.0, "Total Cost": 0.34, "Plan Rows": 1, "Plan Width": 21, "Actual Min Startup Time": 0.086, "Actual Max Startup Time": 0.086, "Actual Min Total Time": 0.086, "Actual Max Total Time": 0.086, "Actual Total Rows": 4, "Index Cond": "(id = mc.movie_id)", "Rows Removed by Index Recheck": 0, "Filter": "(production_year > 1990)", "Rows Removed by Filter": 2}]}]}, "Triggers": [], "Planner Runtime": 6.737, "Total Runtime": 1391.75, "Unique SQL Id": 3145361615}}, "(64, 125)": {"explain_plan": {"Plan": {"Node Type": "Aggregate", "Strategy": "Plain", "Startup Cost": 2425787.29, "Total Cost": 2425787.3, "Plan Rows": 1, "Plan Width": 97, "Plans": [{"Node Type": "Nested Loop", "Parent Relationship": "Outer", "Join Type": "Inner", "Startup Cost": 0.0, "Total Cost": 2420940.22, "Plan Rows": 969413, "Plan Width": 33, "Inner Unique": true, "Plans": [{"Node Type": "Nested Loop", "Parent Relationship": "Outer", "Join Type": "Inner", "Startup Cost": 0.0, "Total Cost": 2176023.68, "Plan Rows": 699731, "Plan Width": 24, "Inner Unique": true, "Join Filter": "(ci.role_id = rt.id), (LLVM Optimized)", "Plans": [{"Node Type": "Nested Loop", "Parent Relationship": "Outer", "Join Type": "Inner", "Startup Cost": 0.0, "Total Cost": 2050059.64, "Plan Rows": 699731, "Plan Width": 28, "Inner Unique": true, "Join Filter": "(mc.company_type_id = ct.id), (LLVM Optimized)", "Plans": [{"Node Type": "Nested Loop", "Parent Relationship": "Outer", "Join Type": "Inner", "Startup Cost": 0.0, "Total Cost": 2018559.45, "Plan Rows": 699731, "Plan Width": 32, "Inner Unique": true, "Plans": [{"Node Type": "Nested Loop", "Parent Relationship": "Outer", "Join Type": "Inner", "Startup Cost": 0.0, "Total Cost": 1422640.19, "Plan Rows": 1443440, "Plan Width": 20, "Inner Unique": false, "Plans": [{"Node Type": "Nested Loop", "Parent Relationship": "Outer", "Join Type": "Inner", "Startup Cost": 0.0, "Total Cost": 171332.39, "Plan Rows": 1282311, "Plan Width": 8, "Inner Unique": false, "Plans": [{"Node Type": "Index Scan", "Parent Relationship": "Outer", "Scan Direction": "Forward", "Index Name": "company_name_pkey", "Relation Name": "company_name", "Alias": "cn", "Startup Cost": 0.0, "Total Cost": 10501.39, "Plan Rows": 85170, "Plan Width": 4, "Filter": "((country_code)::text = '[us]'::text)"}, {"Node Type": "Index Scan", "Parent Relationship": "Inner", "Scan Direction": "Forward", "Index Name": "company_id_movie_companies", "Relation Name": "movie_companies", "Alias": "mc", "Startup Cost": 0.0, "Total Cost": 1.74, "Plan Rows": 15, "Plan Width": 12, "Index Cond": "(company_id = cn.id)"}]}, {"Node Type": "Index Scan", "Parent Relationship": "Inner", "Scan Direction": "Forward", "Index Name": "movie_id_cast_info", "Relation Name": "cast_info", "Alias": "ci", "Startup Cost": 0.0, "Total Cost": 0.97, "Plan Rows": 1, "Plan Width": 12, "Index Cond": "(movie_id = mc.movie_id)", "Filter": "((note)::text ~~ '%(producer)%'::text)"}]}, {"Node Type": "Index Scan", "Parent Relationship": "Inner", "Scan Direction": "Forward", "Index Name": "char_name_pkey", "Relation Name": "char_name", "Alias": "chn", "Startup Cost": 0.0, "Total Cost": 0.4, "Plan Rows": 1, "Plan Width": 20, "Index Cond": "(id = ci.person_role_id)"}]}, {"Node Type": "Materialize", "Parent Relationship": "Inner", "Startup Cost": 0.0, "Total Cost": 12.31, "Plan Rows": 3, "Plan Width": 4, "Plans": [{"Node Type": "Index Scan", "Parent Relationship": "Outer", "Scan Direction": "Forward", "Index Name": "company_type_pkey", "Relation Name": "company_type", "Alias": "ct", "Startup Cost": 0.0, "Total Cost": 12.29, "Plan Rows": 3, "Plan Width": 4}]}]}, {"Node Type": "Materialize", "Parent Relationship": "Inner", "Startup Cost": 0.0, "Total Cost": 12.49, "Plan Rows": 12, "Plan Width": 4, "Plans": [{"Node Type": "Index Scan", "Parent Relationship": "Outer", "Scan Direction": "Forward", "Index Name": "role_type_pkey", "Relation Name": "role_type", "Alias": "rt", "Startup Cost": 0.0, "Total Cost": 12.43, "Plan Rows": 12, "Plan Width": 4}]}]}, {"Node Type": "Index Scan", "Parent Relationship": "Inner", "Scan Direction": "Forward", "Index Name": "title_pkey", "Relation Name": "title", "Alias": "t", "Startup Cost": 0.0, "Total Cost": 0.34, "Plan Rows": 1, "Plan Width": 21, "Index Cond": "(id = mc.movie_id)", "Filter": "(production_year > 1990)"}]}]}, "Unique SQL Id": 3145361615}, "explain_analyze_plan": null}, "(64, 126)": {"explain_plan": {"Plan": {"Node Type": "Aggregate", "Strategy": "Plain", "Startup Cost": 29103329.92, "Total Cost": 29103329.94, "Plan Rows": 1, "Plan Width": 97, "Plans": [{"Node Type": "Streaming(type: LOCAL GATHER dop: 1/64)", "Parent Relationship": "Outer", "Startup Cost": 29103329.92, "Total Cost": 29103329.94, "Plan Rows": 1, "Plan Width": 97, "Plans": [{"Node Type": "Aggregate", "Strategy": "Plain", "Parent Relationship": "Outer", "Startup Cost": 29103329.92, "Total Cost": 29103329.93, "Plan Rows": 1, "Plan Width": 97, "Plans": [{"Node Type": "Nested Loop", "Parent Relationship": "Outer", "Join Type": "Inner", "Startup Cost": 0.0, "Total Cost": 29098482.85, "Plan Rows": 969413, "Plan Width": 33, "Inner Unique": true, "Join Filter": "(mc.movie_id = t.id), (LLVM Optimized)", "Plans": [{"Node Type": "Streaming(type: LOCAL REDISTRIBUTE dop: 64/64)", "Parent Relationship": "Outer", "Startup Cost": 0.0, "Total Cost": 24488333.02, "Plan Rows": 699731, "Plan Width": 24, "Plans": [{"Node Type": "Nested Loop", "Parent Relationship": "Outer", "Join Type": "Inner", "Startup Cost": 0.0, "Total Cost": 24424670.19, "Plan Rows": 699731, "Plan Width": 24, "Inner Unique": true, "Join Filter": "(ci.role_id = rt.id), (LLVM Optimized)", "Plans": [{"Node Type": "Nested Loop", "Parent Relationship": "Outer", "Join Type": "Inner", "Startup Cost": 0.0, "Total Cost": 24359685.21, "Plan Rows": 699731, "Plan Width": 28, "Inner Unique": true, "Join Filter": "(mc.company_type_id = ct.id), (LLVM Optimized)", "Plans": [{"Node Type": "Nested Loop", "Parent Relationship": "Outer", "Join Type": "Inner", "Startup Cost": 0.0, "Total Cost": 24296188.21, "Plan Rows": 699731, "Plan Width": 32, "Inner Unique": true, "Join Filter": "(mc.company_id = cn.id), (LLVM Optimized)", "Plans": [{"Node Type": "Streaming(type: LOCAL REDISTRIBUTE dop: 64/64)", "Parent Relationship": "Outer", "Startup Cost": 0.0, "Total Cost": 23779751.34, "Plan Rows": 1423748, "Plan Width": 36, "Plans": [{"Node Type": "Nested Loop", "Parent Relationship": "Outer", "Join Type": "Inner", "Startup Cost": 0.0, "Total Cost": 23715402.67, "Plan Rows": 1423748, "Plan Width": 36, "Inner Unique": false, "Join Filter": "(ci.movie_id = mc.movie_id), (LLVM Optimized)", "Plans": [{"Node Type": "Streaming(type: LOCAL REDISTRIBUTE dop: 64/1)", "Parent Relationship": "Outer", "Startup Cost": 0.0, "Total Cost": 210825.84, "Plan Rows": 2609128, "Plan Width": 12, "Plans": [{"Node Type": "Seq Scan", "Parent Relationship": "Outer", "Relation Name": "movie_companies", "Alias": "mc", "Startup Cost": 0.0, "Total Cost": 41817.28, "Plan Rows": 2609128, "Plan Width": 12}]}, {"Node Type": "Materialize", "Parent Relationship": "Inner", "Startup Cost": 0.0, "Total Cost": 16851232.08, "Plan Rows": 696330, "Plan Width": 24, "Plans": [{"Node Type": "Streaming(type: LOCAL REDISTRIBUTE dop: 64/64)", "Parent Relationship": "Outer", "Startup Cost": 0.0, "Total Cost": 16851177.68, "Plan Rows": 696330, "Plan Width": 24, "Plans": [{"Node Type": "Nested Loop", "Parent Relationship": "Outer", "Join Type": "Inner", "Startup Cost": 0.0, "Total Cost": 16787518.07, "Plan Rows": 696330, "Plan Width": 24, "Inner Unique": false, "Join Filter": "(chn.id = ci.person_role_id), (LLVM Optimized)", "Plans": [{"Node Type": "Streaming(type: LOCAL REDISTRIBUTE dop: 64/64)", "Parent Relationship": "Outer", "Startup Cost": 0.0, "Total Cost": 130029.32, "Plan Rows": 3140338, "Plan Width": 20, "Plans": [{"Node Type": "Seq Scan", "Parent Relationship": "Outer", "Relation Name": "char_name", "Alias": "chn", "Startup Cost": 0.0, "Total Cost": 64054.58, "Plan Rows": 3140338, "Plan Width": 20}]}, {"Node Type": "Materialize", "Parent Relationship": "Inner", "Startup Cost": 0.0, "Total Cost": 138293.62, "Plan Rows": 1436424, "Plan Width": 12, "Plans": [{"Node Type": "Streaming(type: LOCAL REDISTRIBUTE dop: 64/64)", "Parent Relationship": "Outer", "Startup Cost": 0.0, "Total Cost": 138181.4, "Plan Rows": 1436424, "Plan Width": 12, "Plans": [{"Node Type": "Seq Scan", "Parent Relationship": "Outer", "Relation Name": "cast_info", "Alias": "ci", "Startup Cost": 0.0, "Total Cost": 73820.73, "Plan Rows": 1436424, "Plan Width": 12, "Filter": "((note)::text ~~ '%(producer)%'::text), (LLVM Optimized)"}]}]}]}]}]}]}]}, {"Node Type": "Materialize", "Parent Relationship": "Inner", "Startup Cost": 0.0, "Total Cost": 72370.55, "Plan Rows": 85170, "Plan Width": 4, "Plans": [{"Node Type": "Streaming(type: LOCAL REDISTRIBUTE dop: 64/1)", "Parent Relationship": "Outer", "Startup Cost": 0.0, "Total Cost": 72363.9, "Plan Rows": 85170, "Plan Width": 4, "Plans": [{"Node Type": "Seq Scan", "Parent Relationship": "Outer", "Relation Name": "company_name", "Alias": "cn", "Startup Cost": 0.0, "Total Cost": 5903.45, "Plan Rows": 85170, "Plan Width": 4, "Filter": "((country_code)::text = '[us]'::text)"}]}]}]}, {"Node Type": "Materialize", "Parent Relationship": "Inner", "Startup Cost": 0.0, "Total Cost": 63005.01, "Plan Rows": 192, "Plan Width": 4, "Plans": [{"Node Type": "Streaming(type: BROADCAST dop: 64/1)", "Parent Relationship": "Outer", "Startup Cost": 0.0, "Total Cost": 63004.99, "Plan Rows": 192, "Plan Width": 4, "Plans": [{"Node Type": "Seq Scan", "Parent Relationship": "Outer", "Relation Name": "company_type", "Alias": "ct", "Startup Cost": 0.0, "Total Cost": 1.03, "Plan Rows": 3, "Plan Width": 4}]}]}]}, {"Node Type": "Materialize", "Parent Relationship": "Inner", "Startup Cost": 0.0, "Total Cost": 63017.02, "Plan Rows": 768, "Plan Width": 4, "Plans": [{"Node Type": "Streaming(type: BROADCAST dop: 64/1)", "Parent Relationship": "Outer", "Startup Cost": 0.0, "Total Cost": 63016.96, "Plan Rows": 768, "Plan Width": 4, "Plans": [{"Node Type": "Seq Scan", "Parent Relationship": "Outer", "Relation Name": "role_type", "Alias": "rt", "Startup Cost": 0.0, "Total Cost": 1.12, "Plan Rows": 12, "Plan Width": 4}]}]}]}]}, {"Node Type": "Materialize", "Parent Relationship": "Inner", "Startup Cost": 0.0, "Total Cost": 128830.59, "Plan Rows": 1748840, "Plan Width": 21, "Plans": [{"Node Type": "Streaming(type: LOCAL REDISTRIBUTE dop: 64/64)", "Parent Relationship": "Outer", "Startup Cost": 0.0, "Total Cost": 128693.96, "Plan Rows": 1748840, "Plan Width": 21, "Plans": [{"Node Type": "Seq Scan", "Parent Relationship": "Outer", "Relation Name": "title", "Alias": "t", "Startup Cost": 0.0, "Total Cost": 64037.34, "Plan Rows": 1748840, "Plan Width": 21, "Filter": "(production_year > 1990), (LLVM Optimized)"}]}]}]}]}]}]}, "Unique SQL Id": 3145361615}, "explain_analyze_plan": null}, "(64, 127)": {"explain_plan": {"Plan": {"Node Type": "Aggregate", "Strategy": "Plain", "Startup Cost": 7102923991695.23, "Total Cost": 7102923991695.24, "Plan Rows": 1, "Plan Width": 97, "Plans": [{"Node Type": "Nested Loop", "Parent Relationship": "Outer", "Join Type": "Inner", "Startup Cost": 70000000000.0, "Total Cost": 7102923986848.17, "Plan Rows": 969413, "Plan Width": 33, "Inner Unique": true, "Join Filter": "(mc.company_type_id = ct.id), (LLVM Optimized)", "Plans": [{"Node Type": "Nested Loop", "Parent Relationship": "Outer", "Join Type": "Inner", "Startup Cost": 60000000000.0, "Total Cost": 6102923941995.08, "Plan Rows": 969413, "Plan Width": 37, "Inner Unique": true, "Join Filter": "(mc.movie_id = t.id), (LLVM Optimized)", "Plans": [{"Node Type": "Nested Loop", "Parent Relationship": "Outer", "Join Type": "Inner", "Startup Cost": 50000000000.0, "Total Cost": 5084556530065.71, "Plan Rows": 699731, "Plan Width": 28, "Inner Unique": true, "Join Filter": "(ci.role_id = rt.id), (LLVM Optimized)", "Plans": [{"Node Type": "Nested Loop", "Parent Relationship": "Outer", "Join Type": "Inner", "Startup Cost": 40000000000.0, "Total Cost": 4084556402871.1, "Plan Rows": 699731, "Plan Width": 32, "Inner Unique": false, "Join Filter": "(ci.movie_id = mc.movie_id), (LLVM Optimized)", "Plans": [{"Node Type": "Nested Loop", "Parent Relationship": "Outer", "Join Type": "Inner", "Startup Cost": 20000000000.0, "Total Cost": 2003343660045.29, "Plan Rows": 1282311, "Plan Width": 8, "Inner Unique": true, "Join Filter": "(cn.id = mc.company_id), (LLVM Optimized)", "Plans": [{"Node Type": "Index Scan", "Parent Relationship": "Outer", "Scan Direction": "Forward", "Index Name": "company_type_id_movie_companies", "Relation Name": "movie_companies", "Alias": "mc", "Startup Cost": 10000000000.0, "Total Cost": 1000009318217.0, "Plan Rows": 2609128, "Plan Width": 12}, {"Node Type": "Materialize", "Parent Relationship": "Inner", "Startup Cost": 10000000000.0, "Total Cost": 1000001050564.82, "Plan Rows": 85170, "Plan Width": 4, "Plans": [{"Node Type": "Index Scan", "Parent Relationship": "Outer", "Scan Direction": "Forward", "Index Name": "company_name_pkey", "Relation Name": "company_name", "Alias": "cn", "Startup Cost": 10000000000.0, "Total Cost": 1000001050138.97, "Plan Rows": 85170, "Plan Width": 4, "Filter": "((country_code)::text = '[us]'::text)"}]}]}, {"Node Type": "Materialize", "Parent Relationship": "Inner", "Startup Cost": 20000000000.0, "Total Cost": 2067819070287.18, "Plan Rows": 696330, "Plan Width": 24, "Plans": [{"Node Type": "Nested Loop", "Parent Relationship": "Outer", "Join Type": "Inner", "Startup Cost": 20000000000.0, "Total Cost": 2067819066805.53, "Plan Rows": 696330, "Plan Width": 24, "Inner Unique": true, "Join Filter": "(chn.id = ci.person_role_id), (LLVM Optimized)", "Plans": [{"Node Type": "Index Scan", "Parent Relationship": "Outer", "Scan Direction": "Forward", "Index Name": "role_id_cast_info", "Relation Name": "cast_info", "Alias": "ci", "Startup Cost": 10000000000.0, "Total Cost": 1000143218339.5, "Plan Rows": 1436424, "Plan Width": 12, "Filter": "((note)::text ~~ '%(producer)%'::text), (LLVM Optimized)"}, {"Node Type": "Materialize", "Parent Relationship": "Inner", "Startup Cost": 10000000000.0, "Total Cost": 1000013003247.2, "Plan Rows": 3140338, "Plan Width": 20, "Plans": [{"Node Type": "Index Scan", "Parent Relationship": "Outer", "Scan Direction": "Forward", "Index Name": "char_name_pkey", "Relation Name": "char_name", "Alias": "chn", "Startup Cost": 10000000000.0, "Total Cost": 1000012987545.51, "Plan Rows": 3140338, "Plan Width": 20}]}]}]}]}, {"Node Type": "Materialize", "Parent Relationship": "Inner", "Startup Cost": 10000000000.0, "Total Cost": 1000000001243.06, "Plan Rows": 12, "Plan Width": 4, "Plans": [{"Node Type": "Index Scan", "Parent Relationship": "Outer", "Scan Direction": "Forward", "Index Name": "role_type_pkey", "Relation Name": "role_type", "Alias": "rt", "Startup Cost": 10000000000.0, "Total Cost": 1000000001243.0, "Plan Rows": 12, "Plan Width": 4}]}]}, {"Node Type": "Materialize", "Parent Relationship": "Inner", "Startup Cost": 10000000000.0, "Total Cost": 1000011652870.86, "Plan Rows": 1748840, "Plan Width": 21, "Plans": [{"Node Type": "Index Scan", "Parent Relationship": "Outer", "Scan Direction": "Forward", "Index Name": "title_pkey", "Relation Name": "title", "Alias": "t", "Startup Cost": 10000000000.0, "Total Cost": 1000011644126.66, "Plan Rows": 1748840, "Plan Width": 21, "Filter": "(production_year > 1990), (LLVM Optimized)"}]}]}, {"Node Type": "Materialize", "Parent Relationship": "Inner", "Startup Cost": 10000000000.0, "Total Cost": 1000000001229.52, "Plan Rows": 3, "Plan Width": 4, "Plans": [{"Node Type": "Index Scan", "Parent Relationship": "Outer", "Scan Direction": "Forward", "Index Name": "company_type_pkey", "Relation Name": "company_type", "Alias": "ct", "Startup Cost": 10000000000.0, "Total Cost": 1000000001229.5, "Plan Rows": 3, "Plan Width": 4}]}]}]}, "Unique SQL Id": 3145361615}, "explain_analyze_plan": null}}