{"(1, 0)": {"explain_plan": {"Plan": {"Node Type": "Aggregate", "Strategy": "Plain", "Startup Cost": 2581.34, "Total Cost": 2581.35, "Plan Rows": 1, "Plan Width": 144, "Plans": [{"Node Type": "Nested Loop", "Parent Relationship": "Outer", "Join Type": "Inner", "Startup Cost": 4.51, "Total Cost": 2581.33, "Plan Rows": 1, "Plan Width": 48, "Inner Unique": true, "Plans": [{"Node Type": "Nested Loop", "Parent Relationship": "Outer", "Join Type": "Inner", "Startup Cost": 4.51, "Total Cost": 2581.05, "Plan Rows": 1, "Plan Width": 40, "Inner Unique": false, "Join Filter": "(t.id = ml.movie_id)", "Plans": [{"Node Type": "Nested Loop", "Parent Relationship": "Outer", "Join Type": "Inner", "Startup Cost": 4.51, "Total Cost": 2580.63, "Plan Rows": 1, "Plan Width": 48, "Inner Unique": true, "Plans": [{"Node Type": "Nested Loop", "Parent Relationship": "Outer", "Join Type": "Inner", "Startup Cost": 4.51, "Total Cost": 2580.35, "Plan Rows": 1, "Plan Width": 52, "Inner Unique": true, "Plans": [{"Node Type": "Nested Loop", "Parent Relationship": "Outer", "Join Type": "Inner", "Startup Cost": 4.51, "Total Cost": 2580.05, "Plan Rows": 1, "Plan Width": 37, "Inner Unique": false, "Join Filter": "(t.id = mc.movie_id)", "Plans": [{"Node Type": "Nested Loop", "Parent Relationship": "Outer", "Join Type": "Inner", "Startup Cost": 4.51, "Total Cost": 2579.71, "Plan Rows": 1, "Plan Width": 25, "Inner Unique": true, "Plans": [{"Node Type": "Nested Loop", "Parent Relationship": "Outer", "Join Type": "Inner", "Startup Cost": 4.51, "Total Cost": 2569.02, "Plan Rows": 33, "Plan Width": 4, "Inner Unique": false, "Plans": [{"Node Type": "Seq Scan", "Parent Relationship": "Outer", "Relation Name": "keyword", "Alias": "k", "Startup Cost": 0.0, "Total Cost": 2436.11, "Plan Rows": 1, "Plan Width": 4, "Filter": "((keyword)::text = 'sequel'::text)"}, {"Node Type": "Bitmap Heap Scan", "Parent Relationship": "Inner", "Relation Name": "movie_keyword", "Alias": "mk", "Startup Cost": 4.51, "Total Cost": 132.58, "Plan Rows": 33, "Plan Width": 8, "Recheck Cond": "(keyword_id = k.id)", "Plans": [{"Node Type": "Bitmap Index Scan", "Parent Relationship": "Outer", "Index Name": "keyword_id_movie_keyword", "Startup Cost": 0.0, "Total Cost": 4.5, "Plan Rows": 33, "Plan Width": 0, "Index Cond": "(keyword_id = k.id)"}]}]}, {"Node Type": "Index Scan", "Parent Relationship": "Inner", "Scan Direction": "Forward", "Index Name": "title_pkey", "Relation Name": "title", "Alias": "t", "Startup Cost": 0.0, "Total Cost": 0.31, "Plan Rows": 1, "Plan Width": 21, "Index Cond": "(id = mk.movie_id)", "Filter": "(((title)::text ~~ '%Money%'::text) AND (production_year = 1998))"}]}, {"Node Type": "Index Scan", "Parent Relationship": "Inner", "Scan Direction": "Forward", "Index Name": "movie_id_movie_companies", "Relation Name": "movie_companies", "Alias": "mc", "Startup Cost": 0.0, "Total Cost": 0.31, "Plan Rows": 2, "Plan Width": 12, "Index Cond": "(movie_id = mk.movie_id)", "Filter": "(note IS NULL)"}]}, {"Node Type": "Index Scan", "Parent Relationship": "Inner", "Scan Direction": "Forward", "Index Name": "company_name_pkey", "Relation Name": "company_name", "Alias": "cn", "Startup Cost": 0.0, "Total Cost": 0.29, "Plan Rows": 1, "Plan Width": 23, "Index Cond": "(id = mc.company_id)", "Filter": "(((country_code)::text <> '[pl]'::text) AND (((name)::text ~~ '%Film%'::text) OR ((name)::text ~~ '%Warner%'::text)))"}]}, {"Node Type": "Index Scan", "Parent Relationship": "Inner", "Scan Direction": "Forward", "Index Name": "company_type_pkey", "Relation Name": "company_type", "Alias": "ct", "Startup Cost": 0.0, "Total Cost": 0.27, "Plan Rows": 1, "Plan Width": 4, "Index Cond": "(id = mc.company_type_id)", "Filter": "((kind)::text = 'production companies'::text)"}]}, {"Node Type": "Index Scan", "Parent Relationship": "Inner", "Scan Direction": "Forward", "Index Name": "movie_id_movie_link", "Relation Name": "movie_link", "Alias": "ml", "Startup Cost": 0.0, "Total Cost": 0.35, "Plan Rows": 5, "Plan Width": 8, "Index Cond": "(movie_id = mk.movie_id)"}]}, {"Node Type": "Index Scan", "Parent Relationship": "Inner", "Scan Direction": "Forward", "Index Name": "link_type_pkey", "Relation Name": "link_type", "Alias": "lt", "Startup Cost": 0.0, "Total Cost": 0.27, "Plan Rows": 1, "Plan Width": 16, "Index Cond": "(id = ml.link_type_id)", "Filter": "((link)::text ~~ '%follows%'::text)"}]}]}, "Unique SQL Id": 4121279504}, "explain_analyze_plan": {"Plan": {"Node Type": "Aggregate", "Strategy": "Plain", "Startup Cost": 2581.34, "Total Cost": 2581.35, "Plan Rows": 1, "Plan Width": 144, "Actual Startup Time": 107.057, "Actual Total Time": 107.057, "Actual Rows": 1, "Actual Loops": 1, "Plans": [{"Node Type": "Nested Loop", "Parent Relationship": "Outer", "Join Type": "Inner", "Startup Cost": 4.51, "Total Cost": 2581.33, "Plan Rows": 1, "Plan Width": 48, "Actual Startup Time": 107.047, "Actual Total Time": 107.047, "Actual Rows": 0, "Actual Loops": 1, "Inner Unique": true, "Plans": [{"Node Type": "Nested Loop", "Parent Relationship": "Outer", "Join Type": "Inner", "Startup Cost": 4.51, "Total Cost": 2581.05, "Plan Rows": 1, "Plan Width": 40, "Actual Startup Time": 5.482, "Actual Total Time": 106.959, "Actual Rows": 38, "Actual Loops": 1, "Inner Unique": false, "Join Filter": "(t.id = ml.movie_id)", "Rows Removed by Join Filter": 0, "Plans": [{"Node Type": "Nested Loop", "Parent Relationship": "Outer", "Join Type": "Inner", "Startup Cost": 4.51, "Total Cost": 2580.63, "Plan Rows": 1, "Plan Width": 48, "Actual Startup Time": 5.471, "Actual Total Time": 106.908, "Actual Rows": 2, "Actual Loops": 1, "Inner Unique": true, "Plans": [{"Node Type": "Nested Loop", "Parent Relationship": "Outer", "Join Type": "Inner", "Startup Cost": 4.51, "Total Cost": 2580.35, "Plan Rows": 1, "Plan Width": 52, "Actual Startup Time": 5.461, "Actual Total Time": 106.893, "Actual Rows": 2, "Actual Loops": 1, "Inner Unique": true, "Plans": [{"Node Type": "Nested Loop", "Parent Relationship": "Outer", "Join Type": "Inner", "Startup Cost": 4.51, "Total Cost": 2580.05, "Plan Rows": 1, "Plan Width": 37, "Actual Startup Time": 5.448, "Actual Total Time": 106.864, "Actual Rows": 3, "Actual Loops": 1, "Inner Unique": false, "Join Filter": "(t.id = mc.movie_id)", "Rows Removed by Join Filter": 0, "Plans": [{"Node Type": "Nested Loop", "Parent Relationship": "Outer", "Join Type": "Inner", "Startup Cost": 4.51, "Total Cost": 2579.71, "Plan Rows": 1, "Plan Width": 25, "Actual Startup Time": 5.434, "Actual Total Time": 106.846, "Actual Rows": 1, "Actual Loops": 1, "Inner Unique": true, "Plans": [{"Node Type": "Nested Loop", "Parent Relationship": "Outer", "Join Type": "Inner", "Startup Cost": 4.51, "Total Cost": 2569.02, "Plan Rows": 33, "Plan Width": 4, "Actual Startup Time": 5.175, "Actual Total Time": 57.215, "Actual Rows": 10544, "Actual Loops": 1, "Inner Unique": false, "Plans": [{"Node Type": "Seq Scan", "Parent Relationship": "Outer", "Relation Name": "keyword", "Alias": "k", "Startup Cost": 0.0, "Total Cost": 2436.11, "Plan Rows": 1, "Plan Width": 4, "Actual Startup Time": 2.299, "Actual Total Time": 40.531, "Actual Rows": 1, "Actual Loops": 1, "Filter": "((keyword)::text = 'sequel'::text)", "Rows Removed by Filter": 134168}, {"Node Type": "Bitmap Heap Scan", "Parent Relationship": "Inner", "Relation Name": "movie_keyword", "Alias": "mk", "Startup Cost": 4.51, "Total Cost": 132.58, "Plan Rows": 33, "Plan Width": 8, "Actual Startup Time": 2.868, "Actual Total Time": 14.547, "Actual Rows": 10544, "Actual Loops": 1, "Recheck Cond": "(keyword_id = k.id)", "Rows Removed by Index Recheck": 0, "Exact Heap Blocks": 5090, "Lossy Heap Blocks": 5090, "Plans": [{"Node Type": "Bitmap Index Scan", "Parent Relationship": "Outer", "Index Name": "keyword_id_movie_keyword", "Startup Cost": 0.0, "Total Cost": 4.5, "Plan Rows": 33, "Plan Width": 0, "Actual Startup Time": 1.963, "Actual Total Time": 1.963, "Actual Rows": 10544, "Actual Loops": 1, "Index Cond": "(keyword_id = k.id)"}]}]}, {"Node Type": "Index Scan", "Parent Relationship": "Inner", "Scan Direction": "Forward", "Index Name": "title_pkey", "Relation Name": "title", "Alias": "t", "Startup Cost": 0.0, "Total Cost": 0.31, "Plan Rows": 1, "Plan Width": 21, "Actual Startup Time": 44.363, "Actual Total Time": 44.363, "Actual Rows": 1, "Actual Loops": 10544, "Index Cond": "(id = mk.movie_id)", "Rows Removed by Index Recheck": 0, "Filter": "(((title)::text ~~ '%Money%'::text) AND (production_year = 1998))", "Rows Removed by Filter": 10543}]}, {"Node Type": "Index Scan", "Parent Relationship": "Inner", "Scan Direction": "Forward", "Index Name": "movie_id_movie_companies", "Relation Name": "movie_companies", "Alias": "mc", "Startup Cost": 0.0, "Total Cost": 0.31, "Plan Rows": 2, "Plan Width": 12, "Actual Startup Time": 0.011, "Actual Total Time": 0.014, "Actual Rows": 3, "Actual Loops": 1, "Index Cond": "(movie_id = mk.movie_id)", "Rows Removed by Index Recheck": 0, "Filter": "(note IS NULL)", "Rows Removed by Filter": 1}]}, {"Node Type": "Index Scan", "Parent Relationship": "Inner", "Scan Direction": "Forward", "Index Name": "company_name_pkey", "Relation Name": "company_name", "Alias": "cn", "Startup Cost": 0.0, "Total Cost": 0.29, "Plan Rows": 1, "Plan Width": 23, "Actual Startup Time": 0.025, "Actual Total Time": 0.025, "Actual Rows": 2, "Actual Loops": 3, "Index Cond": "(id = mc.company_id)", "Rows Removed by Index Recheck": 0, "Filter": "(((country_code)::text <> '[pl]'::text) AND (((name)::text ~~ '%Film%'::text) OR ((name)::text ~~ '%Warner%'::text)))", "Rows Removed by Filter": 1}]}, {"Node Type": "Index Scan", "Parent Relationship": "Inner", "Scan Direction": "Forward", "Index Name": "company_type_pkey", "Relation Name": "company_type", "Alias": "ct", "Startup Cost": 0.0, "Total Cost": 0.27, "Plan Rows": 1, "Plan Width": 4, "Actual Startup Time": 0.01, "Actual Total Time": 0.01, "Actual Rows": 2, "Actual Loops": 2, "Index Cond": "(id = mc.company_type_id)", "Rows Removed by Index Recheck": 0, "Filter": "((kind)::text = 'production companies'::text)", "Rows Removed by Filter": 0}]}, {"Node Type": "Index Scan", "Parent Relationship": "Inner", "Scan Direction": "Forward", "Index Name": "movie_id_movie_link", "Relation Name": "movie_link", "Alias": "ml", "Startup Cost": 0.0, "Total Cost": 0.35, "Plan Rows": 5, "Plan Width": 8, "Actual Startup Time": 0.011, "Actual Total Time": 0.027, "Actual Rows": 38, "Actual Loops": 2, "Index Cond": "(movie_id = mk.movie_id)", "Rows Removed by Index Recheck": 0}]}, {"Node Type": "Index Scan", "Parent Relationship": "Inner", "Scan Direction": "Forward", "Index Name": "link_type_pkey", "Relation Name": "link_type", "Alias": "lt", "Startup Cost": 0.0, "Total Cost": 0.27, "Plan Rows": 1, "Plan Width": 16, "Actual Startup Time": 0.073, "Actual Total Time": 0.073, "Actual Rows": 0, "Actual Loops": 38, "Index Cond": "(id = ml.link_type_id)", "Rows Removed by Index Recheck": 0, "Filter": "((link)::text ~~ '%follows%'::text)", "Rows Removed by Filter": 24}]}]}, "Triggers": [], "Planner Runtime": 64.386, "Total Runtime": 107.455, "Unique SQL Id": 4121279504}}, "(1, 1)": {"explain_plan": {"Plan": {"Node Type": "Aggregate", "Strategy": "Plain", "Startup Cost": 3327.94, "Total Cost": 3327.95, "Plan Rows": 1, "Plan Width": 144, "Plans": [{"Node Type": "Nested Loop", "Parent Relationship": "Outer", "Join Type": "Inner", "Startup Cost": 4.51, "Total Cost": 3327.93, "Plan Rows": 1, "Plan Width": 48, "Inner Unique": true, "Plans": [{"Node Type": "Nested Loop", "Parent Relationship": "Outer", "Join Type": "Inner", "Startup Cost": 4.51, "Total Cost": 3327.65, "Plan Rows": 1, "Plan Width": 40, "Inner Unique": false, "Join Filter": "(t.id = ml.movie_id)", "Plans": [{"Node Type": "Nested Loop", "Parent Relationship": "Outer", "Join Type": "Inner", "Startup Cost": 4.51, "Total Cost": 3327.24, "Plan Rows": 1, "Plan Width": 48, "Inner Unique": true, "Plans": [{"Node Type": "Nested Loop", "Parent Relationship": "Outer", "Join Type": "Inner", "Startup Cost": 4.51, "Total Cost": 3326.95, "Plan Rows": 1, "Plan Width": 52, "Inner Unique": true, "Plans": [{"Node Type": "Nested Loop", "Parent Relationship": "Outer", "Join Type": "Inner", "Startup Cost": 4.51, "Total Cost": 3326.66, "Plan Rows": 1, "Plan Width": 37, "Inner Unique": false, "Join Filter": "(t.id = mc.movie_id)", "Plans": [{"Node Type": "Nested Loop", "Parent Relationship": "Outer", "Join Type": "Inner", "Startup Cost": 4.51, "Total Cost": 3326.32, "Plan Rows": 1, "Plan Width": 25, "Inner Unique": true, "Plans": [{"Node Type": "Nested Loop", "Parent Relationship": "Outer", "Join Type": "Inner", "Startup Cost": 4.51, "Total Cost": 3315.63, "Plan Rows": 33, "Plan Width": 4, "Inner Unique": false, "Plans": [{"Node Type": "Index Scan", "Parent Relationship": "Outer", "Scan Direction": "Forward", "Index Name": "keyword_pkey", "Relation Name": "keyword", "Alias": "k", "Startup Cost": 0.0, "Total Cost": 3182.72, "Plan Rows": 1, "Plan Width": 4, "Filter": "((keyword)::text = 'sequel'::text)"}, {"Node Type": "Bitmap Heap Scan", "Parent Relationship": "Inner", "Relation Name": "movie_keyword", "Alias": "mk", "Startup Cost": 4.51, "Total Cost": 132.58, "Plan Rows": 33, "Plan Width": 8, "Recheck Cond": "(keyword_id = k.id)", "Plans": [{"Node Type": "Bitmap Index Scan", "Parent Relationship": "Outer", "Index Name": "keyword_id_movie_keyword", "Startup Cost": 0.0, "Total Cost": 4.5, "Plan Rows": 33, "Plan Width": 0, "Index Cond": "(keyword_id = k.id)"}]}]}, {"Node Type": "Index Scan", "Parent Relationship": "Inner", "Scan Direction": "Forward", "Index Name": "title_pkey", "Relation Name": "title", "Alias": "t", "Startup Cost": 0.0, "Total Cost": 0.31, "Plan Rows": 1, "Plan Width": 21, "Index Cond": "(id = mk.movie_id)", "Filter": "(((title)::text ~~ '%Money%'::text) AND (production_year = 1998))"}]}, {"Node Type": "Index Scan", "Parent Relationship": "Inner", "Scan Direction": "Forward", "Index Name": "movie_id_movie_companies", "Relation Name": "movie_companies", "Alias": "mc", "Startup Cost": 0.0, "Total Cost": 0.31, "Plan Rows": 2, "Plan Width": 12, "Index Cond": "(movie_id = mk.movie_id)", "Filter": "(note IS NULL)"}]}, {"Node Type": "Index Scan", "Parent Relationship": "Inner", "Scan Direction": "Forward", "Index Name": "company_name_pkey", "Relation Name": "company_name", "Alias": "cn", "Startup Cost": 0.0, "Total Cost": 0.29, "Plan Rows": 1, "Plan Width": 23, "Index Cond": "(id = mc.company_id)", "Filter": "(((country_code)::text <> '[pl]'::text) AND (((name)::text ~~ '%Film%'::text) OR ((name)::text ~~ '%Warner%'::text)))"}]}, {"Node Type": "Index Scan", "Parent Relationship": "Inner", "Scan Direction": "Forward", "Index Name": "company_type_pkey", "Relation Name": "company_type", "Alias": "ct", "Startup Cost": 0.0, "Total Cost": 0.27, "Plan Rows": 1, "Plan Width": 4, "Index Cond": "(id = mc.company_type_id)", "Filter": "((kind)::text = 'production companies'::text)"}]}, {"Node Type": "Index Scan", "Parent Relationship": "Inner", "Scan Direction": "Forward", "Index Name": "movie_id_movie_link", "Relation Name": "movie_link", "Alias": "ml", "Startup Cost": 0.0, "Total Cost": 0.35, "Plan Rows": 5, "Plan Width": 8, "Index Cond": "(movie_id = mk.movie_id)"}]}, {"Node Type": "Index Scan", "Parent Relationship": "Inner", "Scan Direction": "Forward", "Index Name": "link_type_pkey", "Relation Name": "link_type", "Alias": "lt", "Startup Cost": 0.0, "Total Cost": 0.27, "Plan Rows": 1, "Plan Width": 16, "Index Cond": "(id = ml.link_type_id)", "Filter": "((link)::text ~~ '%follows%'::text)"}]}]}, "Unique SQL Id": 4121279504}, "explain_analyze_plan": {"Plan": {"Node Type": "Aggregate", "Strategy": "Plain", "Startup Cost": 3327.94, "Total Cost": 3327.95, "Plan Rows": 1, "Plan Width": 144, "Actual Startup Time": 181.02, "Actual Total Time": 181.021, "Actual Rows": 1, "Actual Loops": 1, "Plans": [{"Node Type": "Nested Loop", "Parent Relationship": "Outer", "Join Type": "Inner", "Startup Cost": 4.51, "Total Cost": 3327.93, "Plan Rows": 1, "Plan Width": 48, "Actual Startup Time": 181.01, "Actual Total Time": 181.01, "Actual Rows": 0, "Actual Loops": 1, "Inner Unique": true, "Plans": [{"Node Type": "Nested Loop", "Parent Relationship": "Outer", "Join Type": "Inner", "Startup Cost": 4.51, "Total Cost": 3327.65, "Plan Rows": 1, "Plan Width": 40, "Actual Startup Time": 3.646, "Actual Total Time": 180.923, "Actual Rows": 38, "Actual Loops": 1, "Inner Unique": false, "Join Filter": "(t.id = ml.movie_id)", "Rows Removed by Join Filter": 0, "Plans": [{"Node Type": "Nested Loop", "Parent Relationship": "Outer", "Join Type": "Inner", "Startup Cost": 4.51, "Total Cost": 3327.24, "Plan Rows": 1, "Plan Width": 48, "Actual Startup Time": 3.636, "Actual Total Time": 180.883, "Actual Rows": 2, "Actual Loops": 1, "Inner Unique": true, "Plans": [{"Node Type": "Nested Loop", "Parent Relationship": "Outer", "Join Type": "Inner", "Startup Cost": 4.51, "Total Cost": 3326.95, "Plan Rows": 1, "Plan Width": 52, "Actual Startup Time": 3.627, "Actual Total Time": 180.869, "Actual Rows": 2, "Actual Loops": 1, "Inner Unique": true, "Plans": [{"Node Type": "Nested Loop", "Parent Relationship": "Outer", "Join Type": "Inner", "Startup Cost": 4.51, "Total Cost": 3326.66, "Plan Rows": 1, "Plan Width": 37, "Actual Startup Time": 3.613, "Actual Total Time": 180.84, "Actual Rows": 3, "Actual Loops": 1, "Inner Unique": false, "Join Filter": "(t.id = mc.movie_id)", "Rows Removed by Join Filter": 0, "Plans": [{"Node Type": "Nested Loop", "Parent Relationship": "Outer", "Join Type": "Inner", "Startup Cost": 4.51, "Total Cost": 3326.32, "Plan Rows": 1, "Plan Width": 25, "Actual Startup Time": 3.597, "Actual Total Time": 180.82, "Actual Rows": 1, "Actual Loops": 1, "Inner Unique": true, "Plans": [{"Node Type": "Nested Loop", "Parent Relationship": "Outer", "Join Type": "Inner", "Startup Cost": 4.51, "Total Cost": 3315.63, "Plan Rows": 33, "Plan Width": 4, "Actual Startup Time": 3.337, "Actual Total Time": 130.626, "Actual Rows": 10544, "Actual Loops": 1, "Inner Unique": false, "Plans": [{"Node Type": "Index Scan", "Parent Relationship": "Outer", "Scan Direction": "Forward", "Index Name": "keyword_pkey", "Relation Name": "keyword", "Alias": "k", "Startup Cost": 0.0, "Total Cost": 3182.72, "Plan Rows": 1, "Plan Width": 4, "Actual Startup Time": 0.436, "Actual Total Time": 113.393, "Actual Rows": 1, "Actual Loops": 1, "Filter": "((keyword)::text = 'sequel'::text)", "Rows Removed by Filter": 134168}, {"Node Type": "Bitmap Heap Scan", "Parent Relationship": "Inner", "Relation Name": "movie_keyword", "Alias": "mk", "Startup Cost": 4.51, "Total Cost": 132.58, "Plan Rows": 33, "Plan Width": 8, "Actual Startup Time": 2.893, "Actual Total Time": 14.881, "Actual Rows": 10544, "Actual Loops": 1, "Recheck Cond": "(keyword_id = k.id)", "Rows Removed by Index Recheck": 0, "Exact Heap Blocks": 5090, "Lossy Heap Blocks": 5090, "Plans": [{"Node Type": "Bitmap Index Scan", "Parent Relationship": "Outer", "Index Name": "keyword_id_movie_keyword", "Startup Cost": 0.0, "Total Cost": 4.5, "Plan Rows": 33, "Plan Width": 0, "Actual Startup Time": 1.993, "Actual Total Time": 1.993, "Actual Rows": 10544, "Actual Loops": 1, "Index Cond": "(keyword_id = k.id)"}]}]}, {"Node Type": "Index Scan", "Parent Relationship": "Inner", "Scan Direction": "Forward", "Index Name": "title_pkey", "Relation Name": "title", "Alias": "t", "Startup Cost": 0.0, "Total Cost": 0.31, "Plan Rows": 1, "Plan Width": 21, "Actual Startup Time": 44.981, "Actual Total Time": 44.981, "Actual Rows": 1, "Actual Loops": 10544, "Index Cond": "(id = mk.movie_id)", "Rows Removed by Index Recheck": 0, "Filter": "(((title)::text ~~ '%Money%'::text) AND (production_year = 1998))", "Rows Removed by Filter": 10543}]}, {"Node Type": "Index Scan", "Parent Relationship": "Inner", "Scan Direction": "Forward", "Index Name": "movie_id_movie_companies", "Relation Name": "movie_companies", "Alias": "mc", "Startup Cost": 0.0, "Total Cost": 0.31, "Plan Rows": 2, "Plan Width": 12, "Actual Startup Time": 0.012, "Actual Total Time": 0.013, "Actual Rows": 3, "Actual Loops": 1, "Index Cond": "(movie_id = mk.movie_id)", "Rows Removed by Index Recheck": 0, "Filter": "(note IS NULL)", "Rows Removed by Filter": 1}]}, {"Node Type": "Index Scan", "Parent Relationship": "Inner", "Scan Direction": "Forward", "Index Name": "company_name_pkey", "Relation Name": "company_name", "Alias": "cn", "Startup Cost": 0.0, "Total Cost": 0.29, "Plan Rows": 1, "Plan Width": 23, "Actual Startup Time": 0.023, "Actual Total Time": 0.023, "Actual Rows": 2, "Actual Loops": 3, "Index Cond": "(id = mc.company_id)", "Rows Removed by Index Recheck": 0, "Filter": "(((country_code)::text <> '[pl]'::text) AND (((name)::text ~~ '%Film%'::text) OR ((name)::text ~~ '%Warner%'::text)))", "Rows Removed by Filter": 1}]}, {"Node Type": "Index Scan", "Parent Relationship": "Inner", "Scan Direction": "Forward", "Index Name": "company_type_pkey", "Relation Name": "company_type", "Alias": "ct", "Startup Cost": 0.0, "Total Cost": 0.27, "Plan Rows": 1, "Plan Width": 4, "Actual Startup Time": 0.009, "Actual Total Time": 0.009, "Actual Rows": 2, "Actual Loops": 2, "Index Cond": "(id = mc.company_type_id)", "Rows Removed by Index Recheck": 0, "Filter": "((kind)::text = 'production companies'::text)", "Rows Removed by Filter": 0}]}, {"Node Type": "Index Scan", "Parent Relationship": "Inner", "Scan Direction": "Forward", "Index Name": "movie_id_movie_link", "Relation Name": "movie_link", "Alias": "ml", "Startup Cost": 0.0, "Total Cost": 0.35, "Plan Rows": 5, "Plan Width": 8, "Actual Startup Time": 0.011, "Actual Total Time": 0.023, "Actual Rows": 38, "Actual Loops": 2, "Index Cond": "(movie_id = mk.movie_id)", "Rows Removed by Index Recheck": 0}]}, {"Node Type": "Index Scan", "Parent Relationship": "Inner", "Scan Direction": "Forward", "Index Name": "link_type_pkey", "Relation Name": "link_type", "Alias": "lt", "Startup Cost": 0.0, "Total Cost": 0.27, "Plan Rows": 1, "Plan Width": 16, "Actual Startup Time": 0.063, "Actual Total Time": 0.063, "Actual Rows": 0, "Actual Loops": 38, "Index Cond": "(id = ml.link_type_id)", "Rows Removed by Index Recheck": 0, "Filter": "((link)::text ~~ '%follows%'::text)", "Rows Removed by Filter": 24}]}]}, "Triggers": [], "Planner Runtime": 58.021, "Total Runtime": 181.432, "Unique SQL Id": 4121279504}}, "(1, 2)": {"explain_plan": {"Plan": {"Node Type": "Aggregate", "Strategy": "Plain", "Startup Cost": 2726.02, "Total Cost": 2726.03, "Plan Rows": 1, "Plan Width": 144, "Plans": [{"Node Type": "Nested Loop", "Parent Relationship": "Outer", "Join Type": "Inner", "Startup Cost": 5.59, "Total Cost": 2726.01, "Plan Rows": 1, "Plan Width": 48, "Inner Unique": true, "Join Filter": "(ml.link_type_id = lt.id)", "Plans": [{"Node Type": "Nested Loop", "Parent Relationship": "Outer", "Join Type": "Inner", "Startup Cost": 5.59, "Total Cost": 2724.78, "Plan Rows": 1, "Plan Width": 40, "Inner Unique": false, "Join Filter": "(t.id = ml.movie_id)", "Plans": [{"Node Type": "Nested Loop", "Parent Relationship": "Outer", "Join Type": "Inner", "Startup Cost": 5.3, "Total Cost": 2720.37, "Plan Rows": 1, "Plan Width": 48, "Inner Unique": true, "Join Filter": "(mc.company_type_id = ct.id)", "Plans": [{"Node Type": "Nested Loop", "Parent Relationship": "Outer", "Join Type": "Inner", "Startup Cost": 5.3, "Total Cost": 2719.32, "Plan Rows": 1, "Plan Width": 52, "Inner Unique": true, "Plans": [{"Node Type": "Nested Loop", "Parent Relationship": "Outer", "Join Type": "Inner", "Startup Cost": 5.05, "Total Cost": 2715.03, "Plan Rows": 1, "Plan Width": 37, "Inner Unique": false, "Join Filter": "(t.id = mc.movie_id)", "Plans": [{"Node Type": "Nested Loop", "Parent Relationship": "Outer", "Join Type": "Inner", "Startup Cost": 4.77, "Total Cost": 2710.71, "Plan Rows": 1, "Plan Width": 25, "Inner Unique": true, "Plans": [{"Node Type": "Nested Loop", "Parent Relationship": "Outer", "Join Type": "Inner", "Startup Cost": 4.51, "Total Cost": 2569.02, "Plan Rows": 33, "Plan Width": 4, "Inner Unique": false, "Plans": [{"Node Type": "Seq Scan", "Parent Relationship": "Outer", "Relation Name": "keyword", "Alias": "k", "Startup Cost": 0.0, "Total Cost": 2436.11, "Plan Rows": 1, "Plan Width": 4, "Filter": "((keyword)::text = 'sequel'::text)"}, {"Node Type": "Bitmap Heap Scan", "Parent Relationship": "Inner", "Relation Name": "movie_keyword", "Alias": "mk", "Startup Cost": 4.51, "Total Cost": 132.58, "Plan Rows": 33, "Plan Width": 8, "Recheck Cond": "(keyword_id = k.id)", "Plans": [{"Node Type": "Bitmap Index Scan", "Parent Relationship": "Outer", "Index Name": "keyword_id_movie_keyword", "Startup Cost": 0.0, "Total Cost": 4.5, "Plan Rows": 33, "Plan Width": 0, "Index Cond": "(keyword_id = k.id)"}]}]}, {"Node Type": "Bitmap Heap Scan", "Parent Relationship": "Inner", "Relation Name": "title", "Alias": "t", "Startup Cost": 0.27, "Total Cost": 4.28, "Plan Rows": 1, "Plan Width": 21, "Recheck Cond": "(id = mk.movie_id)", "Filter": "(((title)::text ~~ '%Money%'::text) AND (production_year = 1998))", "Plans": [{"Node Type": "Bitmap Index Scan", "Parent Relationship": "Outer", "Index Name": "title_pkey", "Startup Cost": 0.0, "Total Cost": 0.27, "Plan Rows": 1, "Plan Width": 0, "Index Cond": "(id = mk.movie_id)"}]}]}, {"Node Type": "Bitmap Heap Scan", "Parent Relationship": "Inner", "Relation Name": "movie_companies", "Alias": "mc", "Startup Cost": 0.27, "Total Cost": 4.3, "Plan Rows": 2, "Plan Width": 12, "Recheck Cond": "(movie_id = mk.movie_id)", "Filter": "(note IS NULL)", "Plans": [{"Node Type": "Bitmap Index Scan", "Parent Relationship": "Outer", "Index Name": "movie_id_movie_companies", "Startup Cost": 0.0, "Total Cost": 0.27, "Plan Rows": 2, "Plan Width": 0, "Index Cond": "(movie_id = mk.movie_id)"}]}]}, {"Node Type": "Bitmap Heap Scan", "Parent Relationship": "Inner", "Relation Name": "company_name", "Alias": "cn", "Startup Cost": 0.26, "Total Cost": 4.28, "Plan Rows": 1, "Plan Width": 23, "Recheck Cond": "(id = mc.company_id)", "Filter": "(((country_code)::text <> '[pl]'::text) AND (((name)::text ~~ '%Film%'::text) OR ((name)::text ~~ '%Warner%'::text)))", "Plans": [{"Node Type": "Bitmap Index Scan", "Parent Relationship": "Outer", "Index Name": "company_name_pkey", "Startup Cost": 0.0, "Total Cost": 0.26, "Plan Rows": 1, "Plan Width": 0, "Index Cond": "(id = mc.company_id)"}]}]}, {"Node Type": "Seq Scan", "Parent Relationship": "Inner", "Relation Name": "company_type", "Alias": "ct", "Startup Cost": 0.0, "Total Cost": 1.04, "Plan Rows": 1, "Plan Width": 4, "Filter": "((kind)::text = 'production companies'::text)"}]}, {"Node Type": "Bitmap Heap Scan", "Parent Relationship": "Inner", "Relation Name": "movie_link", "Alias": "ml", "Startup Cost": 0.29, "Total Cost": 4.35, "Plan Rows": 5, "Plan Width": 8, "Recheck Cond": "(movie_id = mk.movie_id)", "Plans": [{"Node Type": "Bitmap Index Scan", "Parent Relationship": "Outer", "Index Name": "movie_id_movie_link", "Startup Cost": 0.0, "Total Cost": 0.29, "Plan Rows": 5, "Plan Width": 0, "Index Cond": "(movie_id = mk.movie_id)"}]}]}, {"Node Type": "Seq Scan", "Parent Relationship": "Inner", "Relation Name": "link_type", "Alias": "lt", "Startup Cost": 0.0, "Total Cost": 1.21, "Plan Rows": 1, "Plan Width": 16, "Filter": "((link)::text ~~ '%follows%'::text)"}]}]}, "Unique SQL Id": 4121279504}, "explain_analyze_plan": {"Plan": {"Node Type": "Aggregate", "Strategy": "Plain", "Startup Cost": 2726.02, "Total Cost": 2726.03, "Plan Rows": 1, "Plan Width": 144, "Actual Startup Time": 123.802, "Actual Total Time": 123.802, "Actual Rows": 1, "Actual Loops": 1, "Plans": [{"Node Type": "Nested Loop", "Parent Relationship": "Outer", "Join Type": "Inner", "Startup Cost": 5.59, "Total Cost": 2726.01, "Plan Rows": 1, "Plan Width": 48, "Actual Startup Time": 123.793, "Actual Total Time": 123.793, "Actual Rows": 0, "Actual Loops": 1, "Inner Unique": true, "Join Filter": "(ml.link_type_id = lt.id)", "Rows Removed by Join Filter": 0, "Plans": [{"Node Type": "Nested Loop", "Parent Relationship": "Outer", "Join Type": "Inner", "Startup Cost": 5.59, "Total Cost": 2724.78, "Plan Rows": 1, "Plan Width": 40, "Actual Startup Time": 5.572, "Actual Total Time": 123.464, "Actual Rows": 38, "Actual Loops": 1, "Inner Unique": false, "Join Filter": "(t.id = ml.movie_id)", "Rows Removed by Join Filter": 0, "Plans": [{"Node Type": "Nested Loop", "Parent Relationship": "Outer", "Join Type": "Inner", "Startup Cost": 5.3, "Total Cost": 2720.37, "Plan Rows": 1, "Plan Width": 48, "Actual Startup Time": 5.548, "Actual Total Time": 123.405, "Actual Rows": 2, "Actual Loops": 1, "Inner Unique": true, "Join Filter": "(mc.company_type_id = ct.id)", "Rows Removed by Join Filter": 0, "Plans": [{"Node Type": "Nested Loop", "Parent Relationship": "Outer", "Join Type": "Inner", "Startup Cost": 5.3, "Total Cost": 2719.32, "Plan Rows": 1, "Plan Width": 52, "Actual Startup Time": 5.537, "Actual Total Time": 123.389, "Actual Rows": 2, "Actual Loops": 1, "Inner Unique": true, "Plans": [{"Node Type": "Nested Loop", "Parent Relationship": "Outer", "Join Type": "Inner", "Startup Cost": 5.05, "Total Cost": 2715.03, "Plan Rows": 1, "Plan Width": 37, "Actual Startup Time": 5.522, "Actual Total Time": 123.354, "Actual Rows": 3, "Actual Loops": 1, "Inner Unique": false, "Join Filter": "(t.id = mc.movie_id)", "Rows Removed by Join Filter": 0, "Plans": [{"Node Type": "Nested Loop", "Parent Relationship": "Outer", "Join Type": "Inner", "Startup Cost": 4.77, "Total Cost": 2710.71, "Plan Rows": 1, "Plan Width": 25, "Actual Startup Time": 5.499, "Actual Total Time": 123.328, "Actual Rows": 1, "Actual Loops": 1, "Inner Unique": true, "Plans": [{"Node Type": "Nested Loop", "Parent Relationship": "Outer", "Join Type": "Inner", "Startup Cost": 4.51, "Total Cost": 2569.02, "Plan Rows": 33, "Plan Width": 4, "Actual Startup Time": 5.191, "Actual Total Time": 58.437, "Actual Rows": 10544, "Actual Loops": 1, "Inner Unique": false, "Plans": [{"Node Type": "Seq Scan", "Parent Relationship": "Outer", "Relation Name": "keyword", "Alias": "k", "Startup Cost": 0.0, "Total Cost": 2436.11, "Plan Rows": 1, "Plan Width": 4, "Actual Startup Time": 2.298, "Actual Total Time": 41.897, "Actual Rows": 1, "Actual Loops": 1, "Filter": "((keyword)::text = 'sequel'::text)", "Rows Removed by Filter": 134168}, {"Node Type": "Bitmap Heap Scan", "Parent Relationship": "Inner", "Relation Name": "movie_keyword", "Alias": "mk", "Startup Cost": 4.51, "Total Cost": 132.58, "Plan Rows": 33, "Plan Width": 8, "Actual Startup Time": 2.885, "Actual Total Time": 14.415, "Actual Rows": 10544, "Actual Loops": 1, "Recheck Cond": "(keyword_id = k.id)", "Rows Removed by Index Recheck": 0, "Exact Heap Blocks": 5090, "Lossy Heap Blocks": 5090, "Plans": [{"Node Type": "Bitmap Index Scan", "Parent Relationship": "Outer", "Index Name": "keyword_id_movie_keyword", "Startup Cost": 0.0, "Total Cost": 4.5, "Plan Rows": 33, "Plan Width": 0, "Actual Startup Time": 1.979, "Actual Total Time": 1.979, "Actual Rows": 10544, "Actual Loops": 1, "Index Cond": "(keyword_id = k.id)"}]}]}, {"Node Type": "Bitmap Heap Scan", "Parent Relationship": "Inner", "Relation Name": "title", "Alias": "t", "Startup Cost": 0.27, "Total Cost": 4.28, "Plan Rows": 1, "Plan Width": 21, "Actual Startup Time": 53.127, "Actual Total Time": 53.127, "Actual Rows": 1, "Actual Loops": 10544, "Recheck Cond": "(id = mk.movie_id)", "Rows Removed by Index Recheck": 0, "Filter": "(((title)::text ~~ '%Money%'::text) AND (production_year = 1998))", "Rows Removed by Filter": 10543, "Exact Heap Blocks": 10544, "Lossy Heap Blocks": 10544, "Plans": [{"Node Type": "Bitmap Index Scan", "Parent Relationship": "Outer", "Index Name": "title_pkey", "Startup Cost": 0.0, "Total Cost": 0.27, "Plan Rows": 1, "Plan Width": 0, "Actual Startup Time": 27.96, "Actual Total Time": 27.96, "Actual Rows": 10544, "Actual Loops": 10544, "Index Cond": "(id = mk.movie_id)"}]}]}, {"Node Type": "Bitmap Heap Scan", "Parent Relationship": "Inner", "Relation Name": "movie_companies", "Alias": "mc", "Startup Cost": 0.27, "Total Cost": 4.3, "Plan Rows": 2, "Plan Width": 12, "Actual Startup Time": 0.018, "Actual Total Time": 0.019, "Actual Rows": 3, "Actual Loops": 1, "Recheck Cond": "(movie_id = mk.movie_id)", "Rows Removed by Index Recheck": 0, "Filter": "(note IS NULL)", "Rows Removed by Filter": 1, "Exact Heap Blocks": 2, "Lossy Heap Blocks": 2, "Plans": [{"Node Type": "Bitmap Index Scan", "Parent Relationship": "Outer", "Index Name": "movie_id_movie_companies", "Startup Cost": 0.0, "Total Cost": 0.27, "Plan Rows": 2, "Plan Width": 0, "Actual Startup Time": 0.008, "Actual Total Time": 0.008, "Actual Rows": 4, "Actual Loops": 1, "Index Cond": "(movie_id = mk.movie_id)"}]}]}, {"Node Type": "Bitmap Heap Scan", "Parent Relationship": "Inner", "Relation Name": "company_name", "Alias": "cn", "Startup Cost": 0.26, "Total Cost": 4.28, "Plan Rows": 1, "Plan Width": 23, "Actual Startup Time": 0.029, "Actual Total Time": 0.029, "Actual Rows": 2, "Actual Loops": 3, "Recheck Cond": "(id = mc.company_id)", "Rows Removed by Index Recheck": 0, "Filter": "(((country_code)::text <> '[pl]'::text) AND (((name)::text ~~ '%Film%'::text) OR ((name)::text ~~ '%Warner%'::text)))", "Rows Removed by Filter": 1, "Exact Heap Blocks": 3, "Lossy Heap Blocks": 3, "Plans": [{"Node Type": "Bitmap Index Scan", "Parent Relationship": "Outer", "Index Name": "company_name_pkey", "Startup Cost": 0.0, "Total Cost": 0.26, "Plan Rows": 1, "Plan Width": 0, "Actual Startup Time": 0.015, "Actual Total Time": 0.015, "Actual Rows": 3, "Actual Loops": 3, "Index Cond": "(id = mc.company_id)"}]}]}, {"Node Type": "Seq Scan", "Parent Relationship": "Inner", "Relation Name": "company_type", "Alias": "ct", "Startup Cost": 0.0, "Total Cost": 1.04, "Plan Rows": 1, "Plan Width": 4, "Actual Startup Time": 0.009, "Actual Total Time": 0.009, "Actual Rows": 2, "Actual Loops": 2, "Filter": "((kind)::text = 'production companies'::text)", "Rows Removed by Filter": 0}]}, {"Node Type": "Bitmap Heap Scan", "Parent Relationship": "Inner", "Relation Name": "movie_link", "Alias": "ml", "Startup Cost": 0.29, "Total Cost": 4.35, "Plan Rows": 5, "Plan Width": 8, "Actual Startup Time": 0.027, "Actual Total Time": 0.032, "Actual Rows": 38, "Actual Loops": 2, "Recheck Cond": "(movie_id = mk.movie_id)", "Rows Removed by Index Recheck": 0, "Exact Heap Blocks": 2, "Lossy Heap Blocks": 2, "Plans": [{"Node Type": "Bitmap Index Scan", "Parent Relationship": "Outer", "Index Name": "movie_id_movie_link", "Startup Cost": 0.0, "Total Cost": 0.29, "Plan Rows": 5, "Plan Width": 0, "Actual Startup Time": 0.011, "Actual Total Time": 0.011, "Actual Rows": 38, "Actual Loops": 2, "Index Cond": "(movie_id = mk.movie_id)"}]}]}, {"Node Type": "Seq Scan", "Parent Relationship": "Inner", "Relation Name": "link_type", "Alias": "lt", "Startup Cost": 0.0, "Total Cost": 1.21, "Plan Rows": 1, "Plan Width": 16, "Actual Startup Time": 0.294, "Actual Total Time": 0.294, "Actual Rows": 0, "Actual Loops": 38, "Filter": "((link)::text ~~ '%follows%'::text)", "Rows Removed by Filter": 646}]}]}, "Triggers": [], "Planner Runtime": 52.601, "Total Runtime": 124.232, "Unique SQL Id": 4121279504}}, "(1, 3)": {"explain_plan": {"Plan": {"Node Type": "Aggregate", "Strategy": "Plain", "Startup Cost": 1000014795431.67, "Total Cost": 1000014795431.68, "Plan Rows": 1, "Plan Width": 144, "Plans": [{"Node Type": "Nested Loop", "Parent Relationship": "Outer", "Join Type": "Inner", "Startup Cost": 10000000001.97, "Total Cost": 1000014795431.66, "Plan Rows": 1, "Plan Width": 48, "Inner Unique": true, "Plans": [{"Node Type": "Nested Loop", "Parent Relationship": "Outer", "Join Type": "Inner", "Startup Cost": 10000000001.72, "Total Cost": 1000014795427.38, "Plan Rows": 1, "Plan Width": 52, "Inner Unique": true, "Plans": [{"Node Type": "Nested Loop", "Parent Relationship": "Outer", "Join Type": "Inner", "Startup Cost": 10000000001.46, "Total Cost": 1000014795418.82, "Plan Rows": 2, "Plan Width": 44, "Inner Unique": false, "Join Filter": "(t.id = ml.movie_id)", "Plans": [{"Node Type": "Nested Loop", "Parent Relationship": "Outer", "Join Type": "Inner", "Startup Cost": 10000000001.17, "Total Cost": 1000014795414.4, "Plan Rows": 1, "Plan Width": 52, "Inner Unique": true, "Plans": [{"Node Type": "Nested Loop", "Parent Relationship": "Outer", "Join Type": "Inner", "Startup Cost": 10000000000.91, "Total Cost": 1000014795328.75, "Plan Rows": 20, "Plan Width": 56, "Inner Unique": false, "Join Filter": "(t.id = mk.movie_id)", "Plans": [{"Node Type": "Nested Loop", "Parent Relationship": "Outer", "Join Type": "Inner", "Startup Cost": 10000000000.55, "Total Cost": 1000014795319.62, "Plan Rows": 2, "Plan Width": 48, "Inner Unique": true, "Plans": [{"Node Type": "Nested Loop", "Parent Relationship": "Outer", "Join Type": "Inner", "Startup Cost": 10000000000.29, "Total Cost": 1000014795293.88, "Plan Rows": 6, "Plan Width": 33, "Inner Unique": true, "Plans": [{"Node Type": "Index Scan", "Parent Relationship": "Outer", "Scan Direction": "Forward", "Index Name": "company_type_id_movie_companies", "Relation Name": "movie_companies", "Alias": "mc", "Startup Cost": 10000000000.0, "Total Cost": 1000009318217.0, "Plan Rows": 1269486, "Plan Width": 12, "Filter": "(note IS NULL), (LLVM Optimized)"}, {"Node Type": "Bitmap Heap Scan", "Parent Relationship": "Inner", "Relation Name": "title", "Alias": "t", "Startup Cost": 0.29, "Total Cost": 4.3, "Plan Rows": 1, "Plan Width": 21, "Recheck Cond": "(id = mc.movie_id)", "Filter": "(((title)::text ~~ '%Money%'::text) AND (production_year = 1998))", "Plans": [{"Node Type": "Bitmap Index Scan", "Parent Relationship": "Outer", "Index Name": "title_pkey", "Startup Cost": 0.0, "Total Cost": 0.29, "Plan Rows": 1, "Plan Width": 0, "Index Cond": "(id = mc.movie_id)"}]}]}, {"Node Type": "Bitmap Heap Scan", "Parent Relationship": "Inner", "Relation Name": "company_name", "Alias": "cn", "Startup Cost": 0.26, "Total Cost": 4.28, "Plan Rows": 1, "Plan Width": 23, "Recheck Cond": "(id = mc.company_id)", "Filter": "(((country_code)::text <> '[pl]'::text) AND (((name)::text ~~ '%Film%'::text) OR ((name)::text ~~ '%Warner%'::text)))", "Plans": [{"Node Type": "Bitmap Index Scan", "Parent Relationship": "Outer", "Index Name": "company_name_pkey", "Startup Cost": 0.0, "Total Cost": 0.26, "Plan Rows": 1, "Plan Width": 0, "Index Cond": "(id = mc.company_id)"}]}]}, {"Node Type": "Bitmap Heap Scan", "Parent Relationship": "Inner", "Relation Name": "movie_keyword", "Alias": "mk", "Startup Cost": 0.37, "Total Cost": 4.47, "Plan Rows": 8, "Plan Width": 8, "Recheck Cond": "(movie_id = mc.movie_id)", "Plans": [{"Node Type": "Bitmap Index Scan", "Parent Relationship": "Outer", "Index Name": "movie_id_movie_keyword", "Startup Cost": 0.0, "Total Cost": 0.36, "Plan Rows": 8, "Plan Width": 0, "Index Cond": "(movie_id = mc.movie_id)"}]}]}, {"Node Type": "Bitmap Heap Scan", "Parent Relationship": "Inner", "Relation Name": "keyword", "Alias": "k", "Startup Cost": 0.26, "Total Cost": 4.27, "Plan Rows": 1, "Plan Width": 4, "Recheck Cond": "(id = mk.keyword_id)", "Filter": "((keyword)::text = 'sequel'::text)", "Plans": [{"Node Type": "Bitmap Index Scan", "Parent Relationship": "Outer", "Index Name": "keyword_pkey", "Startup Cost": 0.0, "Total Cost": 0.26, "Plan Rows": 1, "Plan Width": 0, "Index Cond": "(id = mk.keyword_id)"}]}]}, {"Node Type": "Bitmap Heap Scan", "Parent Relationship": "Inner", "Relation Name": "movie_link", "Alias": "ml", "Startup Cost": 0.29, "Total Cost": 4.35, "Plan Rows": 5, "Plan Width": 8, "Recheck Cond": "(movie_id = mk.movie_id)", "Plans": [{"Node Type": "Bitmap Index Scan", "Parent Relationship": "Outer", "Index Name": "movie_id_movie_link", "Startup Cost": 0.0, "Total Cost": 0.29, "Plan Rows": 5, "Plan Width": 0, "Index Cond": "(movie_id = mk.movie_id)"}]}]}, {"Node Type": "Bitmap Heap Scan", "Parent Relationship": "Inner", "Relation Name": "link_type", "Alias": "lt", "Startup Cost": 0.26, "Total Cost": 4.27, "Plan Rows": 1, "Plan Width": 16, "Recheck Cond": "(id = ml.link_type_id)", "Filter": "((link)::text ~~ '%follows%'::text)", "Plans": [{"Node Type": "Bitmap Index Scan", "Parent Relationship": "Outer", "Index Name": "link_type_pkey", "Startup Cost": 0.0, "Total Cost": 0.26, "Plan Rows": 1, "Plan Width": 0, "Index Cond": "(id = ml.link_type_id)"}]}]}, {"Node Type": "Bitmap Heap Scan", "Parent Relationship": "Inner", "Relation Name": "company_type", "Alias": "ct", "Startup Cost": 0.26, "Total Cost": 4.27, "Plan Rows": 1, "Plan Width": 4, "Recheck Cond": "(id = mc.company_type_id)", "Filter": "((kind)::text = 'production companies'::text)", "Plans": [{"Node Type": "Bitmap Index Scan", "Parent Relationship": "Outer", "Index Name": "company_type_pkey", "Startup Cost": 0.0, "Total Cost": 0.26, "Plan Rows": 1, "Plan Width": 0, "Index Cond": "(id = mc.company_type_id)"}]}]}]}, "Unique SQL Id": 4121279504}, "explain_analyze_plan": null}, "(1, 4)": {"explain_plan": {"Plan": {"Node Type": "Aggregate", "Strategy": "Plain", "Startup Cost": 2581.34, "Total Cost": 2581.35, "Plan Rows": 1, "Plan Width": 144, "Plans": [{"Node Type": "Nested Loop", "Parent Relationship": "Outer", "Join Type": "Inner", "Startup Cost": 4.51, "Total Cost": 2581.33, "Plan Rows": 1, "Plan Width": 48, "Inner Unique": true, "Plans": [{"Node Type": "Nested Loop", "Parent Relationship": "Outer", "Join Type": "Inner", "Startup Cost": 4.51, "Total Cost": 2581.05, "Plan Rows": 1, "Plan Width": 40, "Inner Unique": false, "Join Filter": "(t.id = ml.movie_id)", "Plans": [{"Node Type": "Nested Loop", "Parent Relationship": "Outer", "Join Type": "Inner", "Startup Cost": 4.51, "Total Cost": 2580.63, "Plan Rows": 1, "Plan Width": 48, "Inner Unique": true, "Plans": [{"Node Type": "Nested Loop", "Parent Relationship": "Outer", "Join Type": "Inner", "Startup Cost": 4.51, "Total Cost": 2580.35, "Plan Rows": 1, "Plan Width": 52, "Inner Unique": true, "Plans": [{"Node Type": "Nested Loop", "Parent Relationship": "Outer", "Join Type": "Inner", "Startup Cost": 4.51, "Total Cost": 2580.05, "Plan Rows": 1, "Plan Width": 37, "Inner Unique": false, "Join Filter": "(t.id = mc.movie_id)", "Plans": [{"Node Type": "Nested Loop", "Parent Relationship": "Outer", "Join Type": "Inner", "Startup Cost": 4.51, "Total Cost": 2579.71, "Plan Rows": 1, "Plan Width": 25, "Inner Unique": true, "Plans": [{"Node Type": "Nested Loop", "Parent Relationship": "Outer", "Join Type": "Inner", "Startup Cost": 4.51, "Total Cost": 2569.02, "Plan Rows": 33, "Plan Width": 4, "Inner Unique": false, "Plans": [{"Node Type": "Seq Scan", "Parent Relationship": "Outer", "Relation Name": "keyword", "Alias": "k", "Startup Cost": 0.0, "Total Cost": 2436.11, "Plan Rows": 1, "Plan Width": 4, "Filter": "((keyword)::text = 'sequel'::text)"}, {"Node Type": "Bitmap Heap Scan", "Parent Relationship": "Inner", "Relation Name": "movie_keyword", "Alias": "mk", "Startup Cost": 4.51, "Total Cost": 132.58, "Plan Rows": 33, "Plan Width": 8, "Recheck Cond": "(keyword_id = k.id)", "Plans": [{"Node Type": "Bitmap Index Scan", "Parent Relationship": "Outer", "Index Name": "keyword_id_movie_keyword", "Startup Cost": 0.0, "Total Cost": 4.5, "Plan Rows": 33, "Plan Width": 0, "Index Cond": "(keyword_id = k.id)"}]}]}, {"Node Type": "Index Scan", "Parent Relationship": "Inner", "Scan Direction": "Forward", "Index Name": "title_pkey", "Relation Name": "title", "Alias": "t", "Startup Cost": 0.0, "Total Cost": 0.31, "Plan Rows": 1, "Plan Width": 21, "Index Cond": "(id = mk.movie_id)", "Filter": "(((title)::text ~~ '%Money%'::text) AND (production_year = 1998))"}]}, {"Node Type": "Index Scan", "Parent Relationship": "Inner", "Scan Direction": "Forward", "Index Name": "movie_id_movie_companies", "Relation Name": "movie_companies", "Alias": "mc", "Startup Cost": 0.0, "Total Cost": 0.31, "Plan Rows": 2, "Plan Width": 12, "Index Cond": "(movie_id = mk.movie_id)", "Filter": "(note IS NULL)"}]}, {"Node Type": "Index Scan", "Parent Relationship": "Inner", "Scan Direction": "Forward", "Index Name": "company_name_pkey", "Relation Name": "company_name", "Alias": "cn", "Startup Cost": 0.0, "Total Cost": 0.29, "Plan Rows": 1, "Plan Width": 23, "Index Cond": "(id = mc.company_id)", "Filter": "(((country_code)::text <> '[pl]'::text) AND (((name)::text ~~ '%Film%'::text) OR ((name)::text ~~ '%Warner%'::text)))"}]}, {"Node Type": "Index Scan", "Parent Relationship": "Inner", "Scan Direction": "Forward", "Index Name": "company_type_pkey", "Relation Name": "company_type", "Alias": "ct", "Startup Cost": 0.0, "Total Cost": 0.27, "Plan Rows": 1, "Plan Width": 4, "Index Cond": "(id = mc.company_type_id)", "Filter": "((kind)::text = 'production companies'::text)"}]}, {"Node Type": "Index Scan", "Parent Relationship": "Inner", "Scan Direction": "Forward", "Index Name": "movie_id_movie_link", "Relation Name": "movie_link", "Alias": "ml", "Startup Cost": 0.0, "Total Cost": 0.35, "Plan Rows": 5, "Plan Width": 8, "Index Cond": "(movie_id = mk.movie_id)"}]}, {"Node Type": "Index Scan", "Parent Relationship": "Inner", "Scan Direction": "Forward", "Index Name": "link_type_pkey", "Relation Name": "link_type", "Alias": "lt", "Startup Cost": 0.0, "Total Cost": 0.27, "Plan Rows": 1, "Plan Width": 16, "Index Cond": "(id = ml.link_type_id)", "Filter": "((link)::text ~~ '%follows%'::text)"}]}]}, "Unique SQL Id": 4121279504}, "explain_analyze_plan": {"Plan": {"Node Type": "Aggregate", "Strategy": "Plain", "Startup Cost": 2581.34, "Total Cost": 2581.35, "Plan Rows": 1, "Plan Width": 144, "Actual Startup Time": 107.057, "Actual Total Time": 107.057, "Actual Rows": 1, "Actual Loops": 1, "Plans": [{"Node Type": "Nested Loop", "Parent Relationship": "Outer", "Join Type": "Inner", "Startup Cost": 4.51, "Total Cost": 2581.33, "Plan Rows": 1, "Plan Width": 48, "Actual Startup Time": 107.047, "Actual Total Time": 107.047, "Actual Rows": 0, "Actual Loops": 1, "Inner Unique": true, "Plans": [{"Node Type": "Nested Loop", "Parent Relationship": "Outer", "Join Type": "Inner", "Startup Cost": 4.51, "Total Cost": 2581.05, "Plan Rows": 1, "Plan Width": 40, "Actual Startup Time": 5.482, "Actual Total Time": 106.959, "Actual Rows": 38, "Actual Loops": 1, "Inner Unique": false, "Join Filter": "(t.id = ml.movie_id)", "Rows Removed by Join Filter": 0, "Plans": [{"Node Type": "Nested Loop", "Parent Relationship": "Outer", "Join Type": "Inner", "Startup Cost": 4.51, "Total Cost": 2580.63, "Plan Rows": 1, "Plan Width": 48, "Actual Startup Time": 5.471, "Actual Total Time": 106.908, "Actual Rows": 2, "Actual Loops": 1, "Inner Unique": true, "Plans": [{"Node Type": "Nested Loop", "Parent Relationship": "Outer", "Join Type": "Inner", "Startup Cost": 4.51, "Total Cost": 2580.35, "Plan Rows": 1, "Plan Width": 52, "Actual Startup Time": 5.461, "Actual Total Time": 106.893, "Actual Rows": 2, "Actual Loops": 1, "Inner Unique": true, "Plans": [{"Node Type": "Nested Loop", "Parent Relationship": "Outer", "Join Type": "Inner", "Startup Cost": 4.51, "Total Cost": 2580.05, "Plan Rows": 1, "Plan Width": 37, "Actual Startup Time": 5.448, "Actual Total Time": 106.864, "Actual Rows": 3, "Actual Loops": 1, "Inner Unique": false, "Join Filter": "(t.id = mc.movie_id)", "Rows Removed by Join Filter": 0, "Plans": [{"Node Type": "Nested Loop", "Parent Relationship": "Outer", "Join Type": "Inner", "Startup Cost": 4.51, "Total Cost": 2579.71, "Plan Rows": 1, "Plan Width": 25, "Actual Startup Time": 5.434, "Actual Total Time": 106.846, "Actual Rows": 1, "Actual Loops": 1, "Inner Unique": true, "Plans": [{"Node Type": "Nested Loop", "Parent Relationship": "Outer", "Join Type": "Inner", "Startup Cost": 4.51, "Total Cost": 2569.02, "Plan Rows": 33, "Plan Width": 4, "Actual Startup Time": 5.175, "Actual Total Time": 57.215, "Actual Rows": 10544, "Actual Loops": 1, "Inner Unique": false, "Plans": [{"Node Type": "Seq Scan", "Parent Relationship": "Outer", "Relation Name": "keyword", "Alias": "k", "Startup Cost": 0.0, "Total Cost": 2436.11, "Plan Rows": 1, "Plan Width": 4, "Actual Startup Time": 2.299, "Actual Total Time": 40.531, "Actual Rows": 1, "Actual Loops": 1, "Filter": "((keyword)::text = 'sequel'::text)", "Rows Removed by Filter": 134168}, {"Node Type": "Bitmap Heap Scan", "Parent Relationship": "Inner", "Relation Name": "movie_keyword", "Alias": "mk", "Startup Cost": 4.51, "Total Cost": 132.58, "Plan Rows": 33, "Plan Width": 8, "Actual Startup Time": 2.868, "Actual Total Time": 14.547, "Actual Rows": 10544, "Actual Loops": 1, "Recheck Cond": "(keyword_id = k.id)", "Rows Removed by Index Recheck": 0, "Exact Heap Blocks": 5090, "Lossy Heap Blocks": 5090, "Plans": [{"Node Type": "Bitmap Index Scan", "Parent Relationship": "Outer", "Index Name": "keyword_id_movie_keyword", "Startup Cost": 0.0, "Total Cost": 4.5, "Plan Rows": 33, "Plan Width": 0, "Actual Startup Time": 1.963, "Actual Total Time": 1.963, "Actual Rows": 10544, "Actual Loops": 1, "Index Cond": "(keyword_id = k.id)"}]}]}, {"Node Type": "Index Scan", "Parent Relationship": "Inner", "Scan Direction": "Forward", "Index Name": "title_pkey", "Relation Name": "title", "Alias": "t", "Startup Cost": 0.0, "Total Cost": 0.31, "Plan Rows": 1, "Plan Width": 21, "Actual Startup Time": 44.363, "Actual Total Time": 44.363, "Actual Rows": 1, "Actual Loops": 10544, "Index Cond": "(id = mk.movie_id)", "Rows Removed by Index Recheck": 0, "Filter": "(((title)::text ~~ '%Money%'::text) AND (production_year = 1998))", "Rows Removed by Filter": 10543}]}, {"Node Type": "Index Scan", "Parent Relationship": "Inner", "Scan Direction": "Forward", "Index Name": "movie_id_movie_companies", "Relation Name": "movie_companies", "Alias": "mc", "Startup Cost": 0.0, "Total Cost": 0.31, "Plan Rows": 2, "Plan Width": 12, "Actual Startup Time": 0.011, "Actual Total Time": 0.014, "Actual Rows": 3, "Actual Loops": 1, "Index Cond": "(movie_id = mk.movie_id)", "Rows Removed by Index Recheck": 0, "Filter": "(note IS NULL)", "Rows Removed by Filter": 1}]}, {"Node Type": "Index Scan", "Parent Relationship": "Inner", "Scan Direction": "Forward", "Index Name": "company_name_pkey", "Relation Name": "company_name", "Alias": "cn", "Startup Cost": 0.0, "Total Cost": 0.29, "Plan Rows": 1, "Plan Width": 23, "Actual Startup Time": 0.025, "Actual Total Time": 0.025, "Actual Rows": 2, "Actual Loops": 3, "Index Cond": "(id = mc.company_id)", "Rows Removed by Index Recheck": 0, "Filter": "(((country_code)::text <> '[pl]'::text) AND (((name)::text ~~ '%Film%'::text) OR ((name)::text ~~ '%Warner%'::text)))", "Rows Removed by Filter": 1}]}, {"Node Type": "Index Scan", "Parent Relationship": "Inner", "Scan Direction": "Forward", "Index Name": "company_type_pkey", "Relation Name": "company_type", "Alias": "ct", "Startup Cost": 0.0, "Total Cost": 0.27, "Plan Rows": 1, "Plan Width": 4, "Actual Startup Time": 0.01, "Actual Total Time": 0.01, "Actual Rows": 2, "Actual Loops": 2, "Index Cond": "(id = mc.company_type_id)", "Rows Removed by Index Recheck": 0, "Filter": "((kind)::text = 'production companies'::text)", "Rows Removed by Filter": 0}]}, {"Node Type": "Index Scan", "Parent Relationship": "Inner", "Scan Direction": "Forward", "Index Name": "movie_id_movie_link", "Relation Name": "movie_link", "Alias": "ml", "Startup Cost": 0.0, "Total Cost": 0.35, "Plan Rows": 5, "Plan Width": 8, "Actual Startup Time": 0.011, "Actual Total Time": 0.027, "Actual Rows": 38, "Actual Loops": 2, "Index Cond": "(movie_id = mk.movie_id)", "Rows Removed by Index Recheck": 0}]}, {"Node Type": "Index Scan", "Parent Relationship": "Inner", "Scan Direction": "Forward", "Index Name": "link_type_pkey", "Relation Name": "link_type", "Alias": "lt", "Startup Cost": 0.0, "Total Cost": 0.27, "Plan Rows": 1, "Plan Width": 16, "Actual Startup Time": 0.073, "Actual Total Time": 0.073, "Actual Rows": 0, "Actual Loops": 38, "Index Cond": "(id = ml.link_type_id)", "Rows Removed by Index Recheck": 0, "Filter": "((link)::text ~~ '%follows%'::text)", "Rows Removed by Filter": 24}]}]}, "Triggers": [], "Planner Runtime": 64.386, "Total Runtime": 107.455, "Unique SQL Id": 4121279504}}, "(1, 5)": {"explain_plan": {"Plan": {"Node Type": "Aggregate", "Strategy": "Plain", "Startup Cost": 3327.94, "Total Cost": 3327.95, "Plan Rows": 1, "Plan Width": 144, "Plans": [{"Node Type": "Nested Loop", "Parent Relationship": "Outer", "Join Type": "Inner", "Startup Cost": 4.51, "Total Cost": 3327.93, "Plan Rows": 1, "Plan Width": 48, "Inner Unique": true, "Plans": [{"Node Type": "Nested Loop", "Parent Relationship": "Outer", "Join Type": "Inner", "Startup Cost": 4.51, "Total Cost": 3327.65, "Plan Rows": 1, "Plan Width": 40, "Inner Unique": false, "Join Filter": "(t.id = ml.movie_id)", "Plans": [{"Node Type": "Nested Loop", "Parent Relationship": "Outer", "Join Type": "Inner", "Startup Cost": 4.51, "Total Cost": 3327.24, "Plan Rows": 1, "Plan Width": 48, "Inner Unique": true, "Plans": [{"Node Type": "Nested Loop", "Parent Relationship": "Outer", "Join Type": "Inner", "Startup Cost": 4.51, "Total Cost": 3326.95, "Plan Rows": 1, "Plan Width": 52, "Inner Unique": true, "Plans": [{"Node Type": "Nested Loop", "Parent Relationship": "Outer", "Join Type": "Inner", "Startup Cost": 4.51, "Total Cost": 3326.66, "Plan Rows": 1, "Plan Width": 37, "Inner Unique": false, "Join Filter": "(t.id = mc.movie_id)", "Plans": [{"Node Type": "Nested Loop", "Parent Relationship": "Outer", "Join Type": "Inner", "Startup Cost": 4.51, "Total Cost": 3326.32, "Plan Rows": 1, "Plan Width": 25, "Inner Unique": true, "Plans": [{"Node Type": "Nested Loop", "Parent Relationship": "Outer", "Join Type": "Inner", "Startup Cost": 4.51, "Total Cost": 3315.63, "Plan Rows": 33, "Plan Width": 4, "Inner Unique": false, "Plans": [{"Node Type": "Index Scan", "Parent Relationship": "Outer", "Scan Direction": "Forward", "Index Name": "keyword_pkey", "Relation Name": "keyword", "Alias": "k", "Startup Cost": 0.0, "Total Cost": 3182.72, "Plan Rows": 1, "Plan Width": 4, "Filter": "((keyword)::text = 'sequel'::text)"}, {"Node Type": "Bitmap Heap Scan", "Parent Relationship": "Inner", "Relation Name": "movie_keyword", "Alias": "mk", "Startup Cost": 4.51, "Total Cost": 132.58, "Plan Rows": 33, "Plan Width": 8, "Recheck Cond": "(keyword_id = k.id)", "Plans": [{"Node Type": "Bitmap Index Scan", "Parent Relationship": "Outer", "Index Name": "keyword_id_movie_keyword", "Startup Cost": 0.0, "Total Cost": 4.5, "Plan Rows": 33, "Plan Width": 0, "Index Cond": "(keyword_id = k.id)"}]}]}, {"Node Type": "Index Scan", "Parent Relationship": "Inner", "Scan Direction": "Forward", "Index Name": "title_pkey", "Relation Name": "title", "Alias": "t", "Startup Cost": 0.0, "Total Cost": 0.31, "Plan Rows": 1, "Plan Width": 21, "Index Cond": "(id = mk.movie_id)", "Filter": "(((title)::text ~~ '%Money%'::text) AND (production_year = 1998))"}]}, {"Node Type": "Index Scan", "Parent Relationship": "Inner", "Scan Direction": "Forward", "Index Name": "movie_id_movie_companies", "Relation Name": "movie_companies", "Alias": "mc", "Startup Cost": 0.0, "Total Cost": 0.31, "Plan Rows": 2, "Plan Width": 12, "Index Cond": "(movie_id = mk.movie_id)", "Filter": "(note IS NULL)"}]}, {"Node Type": "Index Scan", "Parent Relationship": "Inner", "Scan Direction": "Forward", "Index Name": "company_name_pkey", "Relation Name": "company_name", "Alias": "cn", "Startup Cost": 0.0, "Total Cost": 0.29, "Plan Rows": 1, "Plan Width": 23, "Index Cond": "(id = mc.company_id)", "Filter": "(((country_code)::text <> '[pl]'::text) AND (((name)::text ~~ '%Film%'::text) OR ((name)::text ~~ '%Warner%'::text)))"}]}, {"Node Type": "Index Scan", "Parent Relationship": "Inner", "Scan Direction": "Forward", "Index Name": "company_type_pkey", "Relation Name": "company_type", "Alias": "ct", "Startup Cost": 0.0, "Total Cost": 0.27, "Plan Rows": 1, "Plan Width": 4, "Index Cond": "(id = mc.company_type_id)", "Filter": "((kind)::text = 'production companies'::text)"}]}, {"Node Type": "Index Scan", "Parent Relationship": "Inner", "Scan Direction": "Forward", "Index Name": "movie_id_movie_link", "Relation Name": "movie_link", "Alias": "ml", "Startup Cost": 0.0, "Total Cost": 0.35, "Plan Rows": 5, "Plan Width": 8, "Index Cond": "(movie_id = mk.movie_id)"}]}, {"Node Type": "Index Scan", "Parent Relationship": "Inner", "Scan Direction": "Forward", "Index Name": "link_type_pkey", "Relation Name": "link_type", "Alias": "lt", "Startup Cost": 0.0, "Total Cost": 0.27, "Plan Rows": 1, "Plan Width": 16, "Index Cond": "(id = ml.link_type_id)", "Filter": "((link)::text ~~ '%follows%'::text)"}]}]}, "Unique SQL Id": 4121279504}, "explain_analyze_plan": {"Plan": {"Node Type": "Aggregate", "Strategy": "Plain", "Startup Cost": 3327.94, "Total Cost": 3327.95, "Plan Rows": 1, "Plan Width": 144, "Actual Startup Time": 181.02, "Actual Total Time": 181.021, "Actual Rows": 1, "Actual Loops": 1, "Plans": [{"Node Type": "Nested Loop", "Parent Relationship": "Outer", "Join Type": "Inner", "Startup Cost": 4.51, "Total Cost": 3327.93, "Plan Rows": 1, "Plan Width": 48, "Actual Startup Time": 181.01, "Actual Total Time": 181.01, "Actual Rows": 0, "Actual Loops": 1, "Inner Unique": true, "Plans": [{"Node Type": "Nested Loop", "Parent Relationship": "Outer", "Join Type": "Inner", "Startup Cost": 4.51, "Total Cost": 3327.65, "Plan Rows": 1, "Plan Width": 40, "Actual Startup Time": 3.646, "Actual Total Time": 180.923, "Actual Rows": 38, "Actual Loops": 1, "Inner Unique": false, "Join Filter": "(t.id = ml.movie_id)", "Rows Removed by Join Filter": 0, "Plans": [{"Node Type": "Nested Loop", "Parent Relationship": "Outer", "Join Type": "Inner", "Startup Cost": 4.51, "Total Cost": 3327.24, "Plan Rows": 1, "Plan Width": 48, "Actual Startup Time": 3.636, "Actual Total Time": 180.883, "Actual Rows": 2, "Actual Loops": 1, "Inner Unique": true, "Plans": [{"Node Type": "Nested Loop", "Parent Relationship": "Outer", "Join Type": "Inner", "Startup Cost": 4.51, "Total Cost": 3326.95, "Plan Rows": 1, "Plan Width": 52, "Actual Startup Time": 3.627, "Actual Total Time": 180.869, "Actual Rows": 2, "Actual Loops": 1, "Inner Unique": true, "Plans": [{"Node Type": "Nested Loop", "Parent Relationship": "Outer", "Join Type": "Inner", "Startup Cost": 4.51, "Total Cost": 3326.66, "Plan Rows": 1, "Plan Width": 37, "Actual Startup Time": 3.613, "Actual Total Time": 180.84, "Actual Rows": 3, "Actual Loops": 1, "Inner Unique": false, "Join Filter": "(t.id = mc.movie_id)", "Rows Removed by Join Filter": 0, "Plans": [{"Node Type": "Nested Loop", "Parent Relationship": "Outer", "Join Type": "Inner", "Startup Cost": 4.51, "Total Cost": 3326.32, "Plan Rows": 1, "Plan Width": 25, "Actual Startup Time": 3.597, "Actual Total Time": 180.82, "Actual Rows": 1, "Actual Loops": 1, "Inner Unique": true, "Plans": [{"Node Type": "Nested Loop", "Parent Relationship": "Outer", "Join Type": "Inner", "Startup Cost": 4.51, "Total Cost": 3315.63, "Plan Rows": 33, "Plan Width": 4, "Actual Startup Time": 3.337, "Actual Total Time": 130.626, "Actual Rows": 10544, "Actual Loops": 1, "Inner Unique": false, "Plans": [{"Node Type": "Index Scan", "Parent Relationship": "Outer", "Scan Direction": "Forward", "Index Name": "keyword_pkey", "Relation Name": "keyword", "Alias": "k", "Startup Cost": 0.0, "Total Cost": 3182.72, "Plan Rows": 1, "Plan Width": 4, "Actual Startup Time": 0.436, "Actual Total Time": 113.393, "Actual Rows": 1, "Actual Loops": 1, "Filter": "((keyword)::text = 'sequel'::text)", "Rows Removed by Filter": 134168}, {"Node Type": "Bitmap Heap Scan", "Parent Relationship": "Inner", "Relation Name": "movie_keyword", "Alias": "mk", "Startup Cost": 4.51, "Total Cost": 132.58, "Plan Rows": 33, "Plan Width": 8, "Actual Startup Time": 2.893, "Actual Total Time": 14.881, "Actual Rows": 10544, "Actual Loops": 1, "Recheck Cond": "(keyword_id = k.id)", "Rows Removed by Index Recheck": 0, "Exact Heap Blocks": 5090, "Lossy Heap Blocks": 5090, "Plans": [{"Node Type": "Bitmap Index Scan", "Parent Relationship": "Outer", "Index Name": "keyword_id_movie_keyword", "Startup Cost": 0.0, "Total Cost": 4.5, "Plan Rows": 33, "Plan Width": 0, "Actual Startup Time": 1.993, "Actual Total Time": 1.993, "Actual Rows": 10544, "Actual Loops": 1, "Index Cond": "(keyword_id = k.id)"}]}]}, {"Node Type": "Index Scan", "Parent Relationship": "Inner", "Scan Direction": "Forward", "Index Name": "title_pkey", "Relation Name": "title", "Alias": "t", "Startup Cost": 0.0, "Total Cost": 0.31, "Plan Rows": 1, "Plan Width": 21, "Actual Startup Time": 44.981, "Actual Total Time": 44.981, "Actual Rows": 1, "Actual Loops": 10544, "Index Cond": "(id = mk.movie_id)", "Rows Removed by Index Recheck": 0, "Filter": "(((title)::text ~~ '%Money%'::text) AND (production_year = 1998))", "Rows Removed by Filter": 10543}]}, {"Node Type": "Index Scan", "Parent Relationship": "Inner", "Scan Direction": "Forward", "Index Name": "movie_id_movie_companies", "Relation Name": "movie_companies", "Alias": "mc", "Startup Cost": 0.0, "Total Cost": 0.31, "Plan Rows": 2, "Plan Width": 12, "Actual Startup Time": 0.012, "Actual Total Time": 0.013, "Actual Rows": 3, "Actual Loops": 1, "Index Cond": "(movie_id = mk.movie_id)", "Rows Removed by Index Recheck": 0, "Filter": "(note IS NULL)", "Rows Removed by Filter": 1}]}, {"Node Type": "Index Scan", "Parent Relationship": "Inner", "Scan Direction": "Forward", "Index Name": "company_name_pkey", "Relation Name": "company_name", "Alias": "cn", "Startup Cost": 0.0, "Total Cost": 0.29, "Plan Rows": 1, "Plan Width": 23, "Actual Startup Time": 0.023, "Actual Total Time": 0.023, "Actual Rows": 2, "Actual Loops": 3, "Index Cond": "(id = mc.company_id)", "Rows Removed by Index Recheck": 0, "Filter": "(((country_code)::text <> '[pl]'::text) AND (((name)::text ~~ '%Film%'::text) OR ((name)::text ~~ '%Warner%'::text)))", "Rows Removed by Filter": 1}]}, {"Node Type": "Index Scan", "Parent Relationship": "Inner", "Scan Direction": "Forward", "Index Name": "company_type_pkey", "Relation Name": "company_type", "Alias": "ct", "Startup Cost": 0.0, "Total Cost": 0.27, "Plan Rows": 1, "Plan Width": 4, "Actual Startup Time": 0.009, "Actual Total Time": 0.009, "Actual Rows": 2, "Actual Loops": 2, "Index Cond": "(id = mc.company_type_id)", "Rows Removed by Index Recheck": 0, "Filter": "((kind)::text = 'production companies'::text)", "Rows Removed by Filter": 0}]}, {"Node Type": "Index Scan", "Parent Relationship": "Inner", "Scan Direction": "Forward", "Index Name": "movie_id_movie_link", "Relation Name": "movie_link", "Alias": "ml", "Startup Cost": 0.0, "Total Cost": 0.35, "Plan Rows": 5, "Plan Width": 8, "Actual Startup Time": 0.011, "Actual Total Time": 0.023, "Actual Rows": 38, "Actual Loops": 2, "Index Cond": "(movie_id = mk.movie_id)", "Rows Removed by Index Recheck": 0}]}, {"Node Type": "Index Scan", "Parent Relationship": "Inner", "Scan Direction": "Forward", "Index Name": "link_type_pkey", "Relation Name": "link_type", "Alias": "lt", "Startup Cost": 0.0, "Total Cost": 0.27, "Plan Rows": 1, "Plan Width": 16, "Actual Startup Time": 0.063, "Actual Total Time": 0.063, "Actual Rows": 0, "Actual Loops": 38, "Index Cond": "(id = ml.link_type_id)", "Rows Removed by Index Recheck": 0, "Filter": "((link)::text ~~ '%follows%'::text)", "Rows Removed by Filter": 24}]}]}, "Triggers": [], "Planner Runtime": 58.021, "Total Runtime": 181.432, "Unique SQL Id": 4121279504}}, "(1, 6)": {"explain_plan": {"Plan": {"Node Type": "Aggregate", "Strategy": "Plain", "Startup Cost": 2726.02, "Total Cost": 2726.03, "Plan Rows": 1, "Plan Width": 144, "Plans": [{"Node Type": "Nested Loop", "Parent Relationship": "Outer", "Join Type": "Inner", "Startup Cost": 5.59, "Total Cost": 2726.01, "Plan Rows": 1, "Plan Width": 48, "Inner Unique": true, "Join Filter": "(ml.link_type_id = lt.id)", "Plans": [{"Node Type": "Nested Loop", "Parent Relationship": "Outer", "Join Type": "Inner", "Startup Cost": 5.59, "Total Cost": 2724.78, "Plan Rows": 1, "Plan Width": 40, "Inner Unique": false, "Join Filter": "(t.id = ml.movie_id)", "Plans": [{"Node Type": "Nested Loop", "Parent Relationship": "Outer", "Join Type": "Inner", "Startup Cost": 5.3, "Total Cost": 2720.37, "Plan Rows": 1, "Plan Width": 48, "Inner Unique": true, "Join Filter": "(mc.company_type_id = ct.id)", "Plans": [{"Node Type": "Nested Loop", "Parent Relationship": "Outer", "Join Type": "Inner", "Startup Cost": 5.3, "Total Cost": 2719.32, "Plan Rows": 1, "Plan Width": 52, "Inner Unique": true, "Plans": [{"Node Type": "Nested Loop", "Parent Relationship": "Outer", "Join Type": "Inner", "Startup Cost": 5.05, "Total Cost": 2715.03, "Plan Rows": 1, "Plan Width": 37, "Inner Unique": false, "Join Filter": "(t.id = mc.movie_id)", "Plans": [{"Node Type": "Nested Loop", "Parent Relationship": "Outer", "Join Type": "Inner", "Startup Cost": 4.77, "Total Cost": 2710.71, "Plan Rows": 1, "Plan Width": 25, "Inner Unique": true, "Plans": [{"Node Type": "Nested Loop", "Parent Relationship": "Outer", "Join Type": "Inner", "Startup Cost": 4.51, "Total Cost": 2569.02, "Plan Rows": 33, "Plan Width": 4, "Inner Unique": false, "Plans": [{"Node Type": "Seq Scan", "Parent Relationship": "Outer", "Relation Name": "keyword", "Alias": "k", "Startup Cost": 0.0, "Total Cost": 2436.11, "Plan Rows": 1, "Plan Width": 4, "Filter": "((keyword)::text = 'sequel'::text)"}, {"Node Type": "Bitmap Heap Scan", "Parent Relationship": "Inner", "Relation Name": "movie_keyword", "Alias": "mk", "Startup Cost": 4.51, "Total Cost": 132.58, "Plan Rows": 33, "Plan Width": 8, "Recheck Cond": "(keyword_id = k.id)", "Plans": [{"Node Type": "Bitmap Index Scan", "Parent Relationship": "Outer", "Index Name": "keyword_id_movie_keyword", "Startup Cost": 0.0, "Total Cost": 4.5, "Plan Rows": 33, "Plan Width": 0, "Index Cond": "(keyword_id = k.id)"}]}]}, {"Node Type": "Bitmap Heap Scan", "Parent Relationship": "Inner", "Relation Name": "title", "Alias": "t", "Startup Cost": 0.27, "Total Cost": 4.28, "Plan Rows": 1, "Plan Width": 21, "Recheck Cond": "(id = mk.movie_id)", "Filter": "(((title)::text ~~ '%Money%'::text) AND (production_year = 1998))", "Plans": [{"Node Type": "Bitmap Index Scan", "Parent Relationship": "Outer", "Index Name": "title_pkey", "Startup Cost": 0.0, "Total Cost": 0.27, "Plan Rows": 1, "Plan Width": 0, "Index Cond": "(id = mk.movie_id)"}]}]}, {"Node Type": "Bitmap Heap Scan", "Parent Relationship": "Inner", "Relation Name": "movie_companies", "Alias": "mc", "Startup Cost": 0.27, "Total Cost": 4.3, "Plan Rows": 2, "Plan Width": 12, "Recheck Cond": "(movie_id = mk.movie_id)", "Filter": "(note IS NULL)", "Plans": [{"Node Type": "Bitmap Index Scan", "Parent Relationship": "Outer", "Index Name": "movie_id_movie_companies", "Startup Cost": 0.0, "Total Cost": 0.27, "Plan Rows": 2, "Plan Width": 0, "Index Cond": "(movie_id = mk.movie_id)"}]}]}, {"Node Type": "Bitmap Heap Scan", "Parent Relationship": "Inner", "Relation Name": "company_name", "Alias": "cn", "Startup Cost": 0.26, "Total Cost": 4.28, "Plan Rows": 1, "Plan Width": 23, "Recheck Cond": "(id = mc.company_id)", "Filter": "(((country_code)::text <> '[pl]'::text) AND (((name)::text ~~ '%Film%'::text) OR ((name)::text ~~ '%Warner%'::text)))", "Plans": [{"Node Type": "Bitmap Index Scan", "Parent Relationship": "Outer", "Index Name": "company_name_pkey", "Startup Cost": 0.0, "Total Cost": 0.26, "Plan Rows": 1, "Plan Width": 0, "Index Cond": "(id = mc.company_id)"}]}]}, {"Node Type": "Seq Scan", "Parent Relationship": "Inner", "Relation Name": "company_type", "Alias": "ct", "Startup Cost": 0.0, "Total Cost": 1.04, "Plan Rows": 1, "Plan Width": 4, "Filter": "((kind)::text = 'production companies'::text)"}]}, {"Node Type": "Bitmap Heap Scan", "Parent Relationship": "Inner", "Relation Name": "movie_link", "Alias": "ml", "Startup Cost": 0.29, "Total Cost": 4.35, "Plan Rows": 5, "Plan Width": 8, "Recheck Cond": "(movie_id = mk.movie_id)", "Plans": [{"Node Type": "Bitmap Index Scan", "Parent Relationship": "Outer", "Index Name": "movie_id_movie_link", "Startup Cost": 0.0, "Total Cost": 0.29, "Plan Rows": 5, "Plan Width": 0, "Index Cond": "(movie_id = mk.movie_id)"}]}]}, {"Node Type": "Seq Scan", "Parent Relationship": "Inner", "Relation Name": "link_type", "Alias": "lt", "Startup Cost": 0.0, "Total Cost": 1.21, "Plan Rows": 1, "Plan Width": 16, "Filter": "((link)::text ~~ '%follows%'::text)"}]}]}, "Unique SQL Id": 4121279504}, "explain_analyze_plan": {"Plan": {"Node Type": "Aggregate", "Strategy": "Plain", "Startup Cost": 2726.02, "Total Cost": 2726.03, "Plan Rows": 1, "Plan Width": 144, "Actual Startup Time": 123.802, "Actual Total Time": 123.802, "Actual Rows": 1, "Actual Loops": 1, "Plans": [{"Node Type": "Nested Loop", "Parent Relationship": "Outer", "Join Type": "Inner", "Startup Cost": 5.59, "Total Cost": 2726.01, "Plan Rows": 1, "Plan Width": 48, "Actual Startup Time": 123.793, "Actual Total Time": 123.793, "Actual Rows": 0, "Actual Loops": 1, "Inner Unique": true, "Join Filter": "(ml.link_type_id = lt.id)", "Rows Removed by Join Filter": 0, "Plans": [{"Node Type": "Nested Loop", "Parent Relationship": "Outer", "Join Type": "Inner", "Startup Cost": 5.59, "Total Cost": 2724.78, "Plan Rows": 1, "Plan Width": 40, "Actual Startup Time": 5.572, "Actual Total Time": 123.464, "Actual Rows": 38, "Actual Loops": 1, "Inner Unique": false, "Join Filter": "(t.id = ml.movie_id)", "Rows Removed by Join Filter": 0, "Plans": [{"Node Type": "Nested Loop", "Parent Relationship": "Outer", "Join Type": "Inner", "Startup Cost": 5.3, "Total Cost": 2720.37, "Plan Rows": 1, "Plan Width": 48, "Actual Startup Time": 5.548, "Actual Total Time": 123.405, "Actual Rows": 2, "Actual Loops": 1, "Inner Unique": true, "Join Filter": "(mc.company_type_id = ct.id)", "Rows Removed by Join Filter": 0, "Plans": [{"Node Type": "Nested Loop", "Parent Relationship": "Outer", "Join Type": "Inner", "Startup Cost": 5.3, "Total Cost": 2719.32, "Plan Rows": 1, "Plan Width": 52, "Actual Startup Time": 5.537, "Actual Total Time": 123.389, "Actual Rows": 2, "Actual Loops": 1, "Inner Unique": true, "Plans": [{"Node Type": "Nested Loop", "Parent Relationship": "Outer", "Join Type": "Inner", "Startup Cost": 5.05, "Total Cost": 2715.03, "Plan Rows": 1, "Plan Width": 37, "Actual Startup Time": 5.522, "Actual Total Time": 123.354, "Actual Rows": 3, "Actual Loops": 1, "Inner Unique": false, "Join Filter": "(t.id = mc.movie_id)", "Rows Removed by Join Filter": 0, "Plans": [{"Node Type": "Nested Loop", "Parent Relationship": "Outer", "Join Type": "Inner", "Startup Cost": 4.77, "Total Cost": 2710.71, "Plan Rows": 1, "Plan Width": 25, "Actual Startup Time": 5.499, "Actual Total Time": 123.328, "Actual Rows": 1, "Actual Loops": 1, "Inner Unique": true, "Plans": [{"Node Type": "Nested Loop", "Parent Relationship": "Outer", "Join Type": "Inner", "Startup Cost": 4.51, "Total Cost": 2569.02, "Plan Rows": 33, "Plan Width": 4, "Actual Startup Time": 5.191, "Actual Total Time": 58.437, "Actual Rows": 10544, "Actual Loops": 1, "Inner Unique": false, "Plans": [{"Node Type": "Seq Scan", "Parent Relationship": "Outer", "Relation Name": "keyword", "Alias": "k", "Startup Cost": 0.0, "Total Cost": 2436.11, "Plan Rows": 1, "Plan Width": 4, "Actual Startup Time": 2.298, "Actual Total Time": 41.897, "Actual Rows": 1, "Actual Loops": 1, "Filter": "((keyword)::text = 'sequel'::text)", "Rows Removed by Filter": 134168}, {"Node Type": "Bitmap Heap Scan", "Parent Relationship": "Inner", "Relation Name": "movie_keyword", "Alias": "mk", "Startup Cost": 4.51, "Total Cost": 132.58, "Plan Rows": 33, "Plan Width": 8, "Actual Startup Time": 2.885, "Actual Total Time": 14.415, "Actual Rows": 10544, "Actual Loops": 1, "Recheck Cond": "(keyword_id = k.id)", "Rows Removed by Index Recheck": 0, "Exact Heap Blocks": 5090, "Lossy Heap Blocks": 5090, "Plans": [{"Node Type": "Bitmap Index Scan", "Parent Relationship": "Outer", "Index Name": "keyword_id_movie_keyword", "Startup Cost": 0.0, "Total Cost": 4.5, "Plan Rows": 33, "Plan Width": 0, "Actual Startup Time": 1.979, "Actual Total Time": 1.979, "Actual Rows": 10544, "Actual Loops": 1, "Index Cond": "(keyword_id = k.id)"}]}]}, {"Node Type": "Bitmap Heap Scan", "Parent Relationship": "Inner", "Relation Name": "title", "Alias": "t", "Startup Cost": 0.27, "Total Cost": 4.28, "Plan Rows": 1, "Plan Width": 21, "Actual Startup Time": 53.127, "Actual Total Time": 53.127, "Actual Rows": 1, "Actual Loops": 10544, "Recheck Cond": "(id = mk.movie_id)", "Rows Removed by Index Recheck": 0, "Filter": "(((title)::text ~~ '%Money%'::text) AND (production_year = 1998))", "Rows Removed by Filter": 10543, "Exact Heap Blocks": 10544, "Lossy Heap Blocks": 10544, "Plans": [{"Node Type": "Bitmap Index Scan", "Parent Relationship": "Outer", "Index Name": "title_pkey", "Startup Cost": 0.0, "Total Cost": 0.27, "Plan Rows": 1, "Plan Width": 0, "Actual Startup Time": 27.96, "Actual Total Time": 27.96, "Actual Rows": 10544, "Actual Loops": 10544, "Index Cond": "(id = mk.movie_id)"}]}]}, {"Node Type": "Bitmap Heap Scan", "Parent Relationship": "Inner", "Relation Name": "movie_companies", "Alias": "mc", "Startup Cost": 0.27, "Total Cost": 4.3, "Plan Rows": 2, "Plan Width": 12, "Actual Startup Time": 0.018, "Actual Total Time": 0.019, "Actual Rows": 3, "Actual Loops": 1, "Recheck Cond": "(movie_id = mk.movie_id)", "Rows Removed by Index Recheck": 0, "Filter": "(note IS NULL)", "Rows Removed by Filter": 1, "Exact Heap Blocks": 2, "Lossy Heap Blocks": 2, "Plans": [{"Node Type": "Bitmap Index Scan", "Parent Relationship": "Outer", "Index Name": "movie_id_movie_companies", "Startup Cost": 0.0, "Total Cost": 0.27, "Plan Rows": 2, "Plan Width": 0, "Actual Startup Time": 0.008, "Actual Total Time": 0.008, "Actual Rows": 4, "Actual Loops": 1, "Index Cond": "(movie_id = mk.movie_id)"}]}]}, {"Node Type": "Bitmap Heap Scan", "Parent Relationship": "Inner", "Relation Name": "company_name", "Alias": "cn", "Startup Cost": 0.26, "Total Cost": 4.28, "Plan Rows": 1, "Plan Width": 23, "Actual Startup Time": 0.029, "Actual Total Time": 0.029, "Actual Rows": 2, "Actual Loops": 3, "Recheck Cond": "(id = mc.company_id)", "Rows Removed by Index Recheck": 0, "Filter": "(((country_code)::text <> '[pl]'::text) AND (((name)::text ~~ '%Film%'::text) OR ((name)::text ~~ '%Warner%'::text)))", "Rows Removed by Filter": 1, "Exact Heap Blocks": 3, "Lossy Heap Blocks": 3, "Plans": [{"Node Type": "Bitmap Index Scan", "Parent Relationship": "Outer", "Index Name": "company_name_pkey", "Startup Cost": 0.0, "Total Cost": 0.26, "Plan Rows": 1, "Plan Width": 0, "Actual Startup Time": 0.015, "Actual Total Time": 0.015, "Actual Rows": 3, "Actual Loops": 3, "Index Cond": "(id = mc.company_id)"}]}]}, {"Node Type": "Seq Scan", "Parent Relationship": "Inner", "Relation Name": "company_type", "Alias": "ct", "Startup Cost": 0.0, "Total Cost": 1.04, "Plan Rows": 1, "Plan Width": 4, "Actual Startup Time": 0.009, "Actual Total Time": 0.009, "Actual Rows": 2, "Actual Loops": 2, "Filter": "((kind)::text = 'production companies'::text)", "Rows Removed by Filter": 0}]}, {"Node Type": "Bitmap Heap Scan", "Parent Relationship": "Inner", "Relation Name": "movie_link", "Alias": "ml", "Startup Cost": 0.29, "Total Cost": 4.35, "Plan Rows": 5, "Plan Width": 8, "Actual Startup Time": 0.027, "Actual Total Time": 0.032, "Actual Rows": 38, "Actual Loops": 2, "Recheck Cond": "(movie_id = mk.movie_id)", "Rows Removed by Index Recheck": 0, "Exact Heap Blocks": 2, "Lossy Heap Blocks": 2, "Plans": [{"Node Type": "Bitmap Index Scan", "Parent Relationship": "Outer", "Index Name": "movie_id_movie_link", "Startup Cost": 0.0, "Total Cost": 0.29, "Plan Rows": 5, "Plan Width": 0, "Actual Startup Time": 0.011, "Actual Total Time": 0.011, "Actual Rows": 38, "Actual Loops": 2, "Index Cond": "(movie_id = mk.movie_id)"}]}]}, {"Node Type": "Seq Scan", "Parent Relationship": "Inner", "Relation Name": "link_type", "Alias": "lt", "Startup Cost": 0.0, "Total Cost": 1.21, "Plan Rows": 1, "Plan Width": 16, "Actual Startup Time": 0.294, "Actual Total Time": 0.294, "Actual Rows": 0, "Actual Loops": 38, "Filter": "((link)::text ~~ '%follows%'::text)", "Rows Removed by Filter": 646}]}]}, "Triggers": [], "Planner Runtime": 52.601, "Total Runtime": 124.232, "Unique SQL Id": 4121279504}}, "(1, 7)": {"explain_plan": {"Plan": {"Node Type": "Aggregate", "Strategy": "Plain", "Startup Cost": 1000014795431.67, "Total Cost": 1000014795431.68, "Plan Rows": 1, "Plan Width": 144, "Plans": [{"Node Type": "Nested Loop", "Parent Relationship": "Outer", "Join Type": "Inner", "Startup Cost": 10000000001.97, "Total Cost": 1000014795431.66, "Plan Rows": 1, "Plan Width": 48, "Inner Unique": true, "Plans": [{"Node Type": "Nested Loop", "Parent Relationship": "Outer", "Join Type": "Inner", "Startup Cost": 10000000001.72, "Total Cost": 1000014795427.38, "Plan Rows": 1, "Plan Width": 52, "Inner Unique": true, "Plans": [{"Node Type": "Nested Loop", "Parent Relationship": "Outer", "Join Type": "Inner", "Startup Cost": 10000000001.46, "Total Cost": 1000014795418.82, "Plan Rows": 2, "Plan Width": 44, "Inner Unique": false, "Join Filter": "(t.id = ml.movie_id)", "Plans": [{"Node Type": "Nested Loop", "Parent Relationship": "Outer", "Join Type": "Inner", "Startup Cost": 10000000001.17, "Total Cost": 1000014795414.4, "Plan Rows": 1, "Plan Width": 52, "Inner Unique": true, "Plans": [{"Node Type": "Nested Loop", "Parent Relationship": "Outer", "Join Type": "Inner", "Startup Cost": 10000000000.91, "Total Cost": 1000014795328.75, "Plan Rows": 20, "Plan Width": 56, "Inner Unique": false, "Join Filter": "(t.id = mk.movie_id)", "Plans": [{"Node Type": "Nested Loop", "Parent Relationship": "Outer", "Join Type": "Inner", "Startup Cost": 10000000000.55, "Total Cost": 1000014795319.62, "Plan Rows": 2, "Plan Width": 48, "Inner Unique": true, "Plans": [{"Node Type": "Nested Loop", "Parent Relationship": "Outer", "Join Type": "Inner", "Startup Cost": 10000000000.29, "Total Cost": 1000014795293.88, "Plan Rows": 6, "Plan Width": 33, "Inner Unique": true, "Plans": [{"Node Type": "Index Scan", "Parent Relationship": "Outer", "Scan Direction": "Forward", "Index Name": "company_type_id_movie_companies", "Relation Name": "movie_companies", "Alias": "mc", "Startup Cost": 10000000000.0, "Total Cost": 1000009318217.0, "Plan Rows": 1269486, "Plan Width": 12, "Filter": "(note IS NULL), (LLVM Optimized)"}, {"Node Type": "Bitmap Heap Scan", "Parent Relationship": "Inner", "Relation Name": "title", "Alias": "t", "Startup Cost": 0.29, "Total Cost": 4.3, "Plan Rows": 1, "Plan Width": 21, "Recheck Cond": "(id = mc.movie_id)", "Filter": "(((title)::text ~~ '%Money%'::text) AND (production_year = 1998))", "Plans": [{"Node Type": "Bitmap Index Scan", "Parent Relationship": "Outer", "Index Name": "title_pkey", "Startup Cost": 0.0, "Total Cost": 0.29, "Plan Rows": 1, "Plan Width": 0, "Index Cond": "(id = mc.movie_id)"}]}]}, {"Node Type": "Bitmap Heap Scan", "Parent Relationship": "Inner", "Relation Name": "company_name", "Alias": "cn", "Startup Cost": 0.26, "Total Cost": 4.28, "Plan Rows": 1, "Plan Width": 23, "Recheck Cond": "(id = mc.company_id)", "Filter": "(((country_code)::text <> '[pl]'::text) AND (((name)::text ~~ '%Film%'::text) OR ((name)::text ~~ '%Warner%'::text)))", "Plans": [{"Node Type": "Bitmap Index Scan", "Parent Relationship": "Outer", "Index Name": "company_name_pkey", "Startup Cost": 0.0, "Total Cost": 0.26, "Plan Rows": 1, "Plan Width": 0, "Index Cond": "(id = mc.company_id)"}]}]}, {"Node Type": "Bitmap Heap Scan", "Parent Relationship": "Inner", "Relation Name": "movie_keyword", "Alias": "mk", "Startup Cost": 0.37, "Total Cost": 4.47, "Plan Rows": 8, "Plan Width": 8, "Recheck Cond": "(movie_id = mc.movie_id)", "Plans": [{"Node Type": "Bitmap Index Scan", "Parent Relationship": "Outer", "Index Name": "movie_id_movie_keyword", "Startup Cost": 0.0, "Total Cost": 0.36, "Plan Rows": 8, "Plan Width": 0, "Index Cond": "(movie_id = mc.movie_id)"}]}]}, {"Node Type": "Bitmap Heap Scan", "Parent Relationship": "Inner", "Relation Name": "keyword", "Alias": "k", "Startup Cost": 0.26, "Total Cost": 4.27, "Plan Rows": 1, "Plan Width": 4, "Recheck Cond": "(id = mk.keyword_id)", "Filter": "((keyword)::text = 'sequel'::text)", "Plans": [{"Node Type": "Bitmap Index Scan", "Parent Relationship": "Outer", "Index Name": "keyword_pkey", "Startup Cost": 0.0, "Total Cost": 0.26, "Plan Rows": 1, "Plan Width": 0, "Index Cond": "(id = mk.keyword_id)"}]}]}, {"Node Type": "Bitmap Heap Scan", "Parent Relationship": "Inner", "Relation Name": "movie_link", "Alias": "ml", "Startup Cost": 0.29, "Total Cost": 4.35, "Plan Rows": 5, "Plan Width": 8, "Recheck Cond": "(movie_id = mk.movie_id)", "Plans": [{"Node Type": "Bitmap Index Scan", "Parent Relationship": "Outer", "Index Name": "movie_id_movie_link", "Startup Cost": 0.0, "Total Cost": 0.29, "Plan Rows": 5, "Plan Width": 0, "Index Cond": "(movie_id = mk.movie_id)"}]}]}, {"Node Type": "Bitmap Heap Scan", "Parent Relationship": "Inner", "Relation Name": "link_type", "Alias": "lt", "Startup Cost": 0.26, "Total Cost": 4.27, "Plan Rows": 1, "Plan Width": 16, "Recheck Cond": "(id = ml.link_type_id)", "Filter": "((link)::text ~~ '%follows%'::text)", "Plans": [{"Node Type": "Bitmap Index Scan", "Parent Relationship": "Outer", "Index Name": "link_type_pkey", "Startup Cost": 0.0, "Total Cost": 0.26, "Plan Rows": 1, "Plan Width": 0, "Index Cond": "(id = ml.link_type_id)"}]}]}, {"Node Type": "Bitmap Heap Scan", "Parent Relationship": "Inner", "Relation Name": "company_type", "Alias": "ct", "Startup Cost": 0.26, "Total Cost": 4.27, "Plan Rows": 1, "Plan Width": 4, "Recheck Cond": "(id = mc.company_type_id)", "Filter": "((kind)::text = 'production companies'::text)", "Plans": [{"Node Type": "Bitmap Index Scan", "Parent Relationship": "Outer", "Index Name": "company_type_pkey", "Startup Cost": 0.0, "Total Cost": 0.26, "Plan Rows": 1, "Plan Width": 0, "Index Cond": "(id = mc.company_type_id)"}]}]}]}, "Unique SQL Id": 4121279504}, "explain_analyze_plan": null}, "(1, 8)": {"explain_plan": {"Plan": {"Node Type": "Aggregate", "Strategy": "Plain", "Startup Cost": 2585.63, "Total Cost": 2585.64, "Plan Rows": 1, "Plan Width": 144, "Plans": [{"Node Type": "Nested Loop", "Parent Relationship": "Outer", "Join Type": "Inner", "Startup Cost": 0.0, "Total Cost": 2585.62, "Plan Rows": 1, "Plan Width": 48, "Inner Unique": true, "Plans": [{"Node Type": "Nested Loop", "Parent Relationship": "Outer", "Join Type": "Inner", "Startup Cost": 0.0, "Total Cost": 2585.34, "Plan Rows": 1, "Plan Width": 40, "Inner Unique": false, "Join Filter": "(t.id = ml.movie_id)", "Plans": [{"Node Type": "Nested Loop", "Parent Relationship": "Outer", "Join Type": "Inner", "Startup Cost": 0.0, "Total Cost": 2584.93, "Plan Rows": 1, "Plan Width": 48, "Inner Unique": true, "Plans": [{"Node Type": "Nested Loop", "Parent Relationship": "Outer", "Join Type": "Inner", "Startup Cost": 0.0, "Total Cost": 2584.64, "Plan Rows": 1, "Plan Width": 52, "Inner Unique": true, "Plans": [{"Node Type": "Nested Loop", "Parent Relationship": "Outer", "Join Type": "Inner", "Startup Cost": 0.0, "Total Cost": 2584.35, "Plan Rows": 1, "Plan Width": 37, "Inner Unique": false, "Join Filter": "(t.id = mc.movie_id)", "Plans": [{"Node Type": "Nested Loop", "Parent Relationship": "Outer", "Join Type": "Inner", "Startup Cost": 0.0, "Total Cost": 2584.01, "Plan Rows": 1, "Plan Width": 25, "Inner Unique": true, "Plans": [{"Node Type": "Nested Loop", "Parent Relationship": "Outer", "Join Type": "Inner", "Startup Cost": 0.0, "Total Cost": 2573.32, "Plan Rows": 33, "Plan Width": 4, "Inner Unique": false, "Plans": [{"Node Type": "Seq Scan", "Parent Relationship": "Outer", "Relation Name": "keyword", "Alias": "k", "Startup Cost": 0.0, "Total Cost": 2436.11, "Plan Rows": 1, "Plan Width": 4, "Filter": "((keyword)::text = 'sequel'::text)"}, {"Node Type": "Index Scan", "Parent Relationship": "Inner", "Scan Direction": "Forward", "Index Name": "keyword_id_movie_keyword", "Relation Name": "movie_keyword", "Alias": "mk", "Startup Cost": 0.0, "Total Cost": 136.88, "Plan Rows": 33, "Plan Width": 8, "Index Cond": "(keyword_id = k.id)"}]}, {"Node Type": "Index Scan", "Parent Relationship": "Inner", "Scan Direction": "Forward", "Index Name": "title_pkey", "Relation Name": "title", "Alias": "t", "Startup Cost": 0.0, "Total Cost": 0.31, "Plan Rows": 1, "Plan Width": 21, "Index Cond": "(id = mk.movie_id)", "Filter": "(((title)::text ~~ '%Money%'::text) AND (production_year = 1998))"}]}, {"Node Type": "Index Scan", "Parent Relationship": "Inner", "Scan Direction": "Forward", "Index Name": "movie_id_movie_companies", "Relation Name": "movie_companies", "Alias": "mc", "Startup Cost": 0.0, "Total Cost": 0.31, "Plan Rows": 2, "Plan Width": 12, "Index Cond": "(movie_id = mk.movie_id)", "Filter": "(note IS NULL)"}]}, {"Node Type": "Index Scan", "Parent Relationship": "Inner", "Scan Direction": "Forward", "Index Name": "company_name_pkey", "Relation Name": "company_name", "Alias": "cn", "Startup Cost": 0.0, "Total Cost": 0.29, "Plan Rows": 1, "Plan Width": 23, "Index Cond": "(id = mc.company_id)", "Filter": "(((country_code)::text <> '[pl]'::text) AND (((name)::text ~~ '%Film%'::text) OR ((name)::text ~~ '%Warner%'::text)))"}]}, {"Node Type": "Index Scan", "Parent Relationship": "Inner", "Scan Direction": "Forward", "Index Name": "company_type_pkey", "Relation Name": "company_type", "Alias": "ct", "Startup Cost": 0.0, "Total Cost": 0.27, "Plan Rows": 1, "Plan Width": 4, "Index Cond": "(id = mc.company_type_id)", "Filter": "((kind)::text = 'production companies'::text)"}]}, {"Node Type": "Index Scan", "Parent Relationship": "Inner", "Scan Direction": "Forward", "Index Name": "movie_id_movie_link", "Relation Name": "movie_link", "Alias": "ml", "Startup Cost": 0.0, "Total Cost": 0.35, "Plan Rows": 5, "Plan Width": 8, "Index Cond": "(movie_id = mk.movie_id)"}]}, {"Node Type": "Index Scan", "Parent Relationship": "Inner", "Scan Direction": "Forward", "Index Name": "link_type_pkey", "Relation Name": "link_type", "Alias": "lt", "Startup Cost": 0.0, "Total Cost": 0.27, "Plan Rows": 1, "Plan Width": 16, "Index Cond": "(id = ml.link_type_id)", "Filter": "((link)::text ~~ '%follows%'::text)"}]}]}, "Unique SQL Id": 4121279504}, "explain_analyze_plan": {"Plan": {"Node Type": "Aggregate", "Strategy": "Plain", "Startup Cost": 2585.63, "Total Cost": 2585.64, "Plan Rows": 1, "Plan Width": 144, "Actual Startup Time": 103.23, "Actual Total Time": 103.23, "Actual Rows": 1, "Actual Loops": 1, "Plans": [{"Node Type": "Nested Loop", "Parent Relationship": "Outer", "Join Type": "Inner", "Startup Cost": 0.0, "Total Cost": 2585.62, "Plan Rows": 1, "Plan Width": 48, "Actual Startup Time": 103.221, "Actual Total Time": 103.221, "Actual Rows": 0, "Actual Loops": 1, "Inner Unique": true, "Plans": [{"Node Type": "Nested Loop", "Parent Relationship": "Outer", "Join Type": "Inner", "Startup Cost": 0.0, "Total Cost": 2585.34, "Plan Rows": 1, "Plan Width": 40, "Actual Startup Time": 2.61, "Actual Total Time": 103.138, "Actual Rows": 38, "Actual Loops": 1, "Inner Unique": false, "Join Filter": "(t.id = ml.movie_id)", "Rows Removed by Join Filter": 0, "Plans": [{"Node Type": "Nested Loop", "Parent Relationship": "Outer", "Join Type": "Inner", "Startup Cost": 0.0, "Total Cost": 2584.93, "Plan Rows": 1, "Plan Width": 48, "Actual Startup Time": 2.599, "Actual Total Time": 103.092, "Actual Rows": 2, "Actual Loops": 1, "Inner Unique": true, "Plans": [{"Node Type": "Nested Loop", "Parent Relationship": "Outer", "Join Type": "Inner", "Startup Cost": 0.0, "Total Cost": 2584.64, "Plan Rows": 1, "Plan Width": 52, "Actual Startup Time": 2.592, "Actual Total Time": 103.081, "Actual Rows": 2, "Actual Loops": 1, "Inner Unique": true, "Plans": [{"Node Type": "Nested Loop", "Parent Relationship": "Outer", "Join Type": "Inner", "Startup Cost": 0.0, "Total Cost": 2584.35, "Plan Rows": 1, "Plan Width": 37, "Actual Startup Time": 2.578, "Actual Total Time": 103.051, "Actual Rows": 3, "Actual Loops": 1, "Inner Unique": false, "Join Filter": "(t.id = mc.movie_id)", "Rows Removed by Join Filter": 0, "Plans": [{"Node Type": "Nested Loop", "Parent Relationship": "Outer", "Join Type": "Inner", "Startup Cost": 0.0, "Total Cost": 2584.01, "Plan Rows": 1, "Plan Width": 25, "Actual Startup Time": 2.565, "Actual Total Time": 103.035, "Actual Rows": 1, "Actual Loops": 1, "Inner Unique": true, "Plans": [{"Node Type": "Nested Loop", "Parent Relationship": "Outer", "Join Type": "Inner", "Startup Cost": 0.0, "Total Cost": 2573.32, "Plan Rows": 33, "Plan Width": 4, "Actual Startup Time": 2.328, "Actual Total Time": 53.899, "Actual Rows": 10544, "Actual Loops": 1, "Inner Unique": false, "Plans": [{"Node Type": "Seq Scan", "Parent Relationship": "Outer", "Relation Name": "keyword", "Alias": "k", "Startup Cost": 0.0, "Total Cost": 2436.11, "Plan Rows": 1, "Plan Width": 4, "Actual Startup Time": 2.291, "Actual Total Time": 40.813, "Actual Rows": 1, "Actual Loops": 1, "Filter": "((keyword)::text = 'sequel'::text)", "Rows Removed by Filter": 134168}, {"Node Type": "Index Scan", "Parent Relationship": "Inner", "Scan Direction": "Forward", "Index Name": "keyword_id_movie_keyword", "Relation Name": "movie_keyword", "Alias": "mk", "Startup Cost": 0.0, "Total Cost": 136.88, "Plan Rows": 33, "Plan Width": 8, "Actual Startup Time": 0.031, "Actual Total Time": 10.818, "Actual Rows": 10544, "Actual Loops": 1, "Index Cond": "(keyword_id = k.id)", "Rows Removed by Index Recheck": 0}]}, {"Node Type": "Index Scan", "Parent Relationship": "Inner", "Scan Direction": "Forward", "Index Name": "title_pkey", "Relation Name": "title", "Alias": "t", "Startup Cost": 0.0, "Total Cost": 0.31, "Plan Rows": 1, "Plan Width": 21, "Actual Startup Time": 43.968, "Actual Total Time": 43.968, "Actual Rows": 1, "Actual Loops": 10544, "Index Cond": "(id = mk.movie_id)", "Rows Removed by Index Recheck": 0, "Filter": "(((title)::text ~~ '%Money%'::text) AND (production_year = 1998))", "Rows Removed by Filter": 10543}]}, {"Node Type": "Index Scan", "Parent Relationship": "Inner", "Scan Direction": "Forward", "Index Name": "movie_id_movie_companies", "Relation Name": "movie_companies", "Alias": "mc", "Startup Cost": 0.0, "Total Cost": 0.31, "Plan Rows": 2, "Plan Width": 12, "Actual Startup Time": 0.01, "Actual Total Time": 0.013, "Actual Rows": 3, "Actual Loops": 1, "Index Cond": "(movie_id = mk.movie_id)", "Rows Removed by Index Recheck": 0, "Filter": "(note IS NULL)", "Rows Removed by Filter": 1}]}, {"Node Type": "Index Scan", "Parent Relationship": "Inner", "Scan Direction": "Forward", "Index Name": "company_name_pkey", "Relation Name": "company_name", "Alias": "cn", "Startup Cost": 0.0, "Total Cost": 0.29, "Plan Rows": 1, "Plan Width": 23, "Actual Startup Time": 0.025, "Actual Total Time": 0.025, "Actual Rows": 2, "Actual Loops": 3, "Index Cond": "(id = mc.company_id)", "Rows Removed by Index Recheck": 0, "Filter": "(((country_code)::text <> '[pl]'::text) AND (((name)::text ~~ '%Film%'::text) OR ((name)::text ~~ '%Warner%'::text)))", "Rows Removed by Filter": 1}]}, {"Node Type": "Index Scan", "Parent Relationship": "Inner", "Scan Direction": "Forward", "Index Name": "company_type_pkey", "Relation Name": "company_type", "Alias": "ct", "Startup Cost": 0.0, "Total Cost": 0.27, "Plan Rows": 1, "Plan Width": 4, "Actual Startup Time": 0.007, "Actual Total Time": 0.007, "Actual Rows": 2, "Actual Loops": 2, "Index Cond": "(id = mc.company_type_id)", "Rows Removed by Index Recheck": 0, "Filter": "((kind)::text = 'production companies'::text)", "Rows Removed by Filter": 0}]}, {"Node Type": "Index Scan", "Parent Relationship": "Inner", "Scan Direction": "Forward", "Index Name": "movie_id_movie_link", "Relation Name": "movie_link", "Alias": "ml", "Startup Cost": 0.0, "Total Cost": 0.35, "Plan Rows": 5, "Plan Width": 8, "Actual Startup Time": 0.012, "Actual Total Time": 0.024, "Actual Rows": 38, "Actual Loops": 2, "Index Cond": "(movie_id = mk.movie_id)", "Rows Removed by Index Recheck": 0}]}, {"Node Type": "Index Scan", "Parent Relationship": "Inner", "Scan Direction": "Forward", "Index Name": "link_type_pkey", "Relation Name": "link_type", "Alias": "lt", "Startup Cost": 0.0, "Total Cost": 0.27, "Plan Rows": 1, "Plan Width": 16, "Actual Startup Time": 0.064, "Actual Total Time": 0.064, "Actual Rows": 0, "Actual Loops": 38, "Index Cond": "(id = ml.link_type_id)", "Rows Removed by Index Recheck": 0, "Filter": "((link)::text ~~ '%follows%'::text)", "Rows Removed by Filter": 24}]}]}, "Triggers": [], "Planner Runtime": 62.455, "Total Runtime": 103.577, "Unique SQL Id": 4121279504}}, "(1, 9)": {"explain_plan": {"Plan": {"Node Type": "Aggregate", "Strategy": "Plain", "Startup Cost": 3332.23, "Total Cost": 3332.24, "Plan Rows": 1, "Plan Width": 144, "Plans": [{"Node Type": "Nested Loop", "Parent Relationship": "Outer", "Join Type": "Inner", "Startup Cost": 0.0, "Total Cost": 3332.23, "Plan Rows": 1, "Plan Width": 48, "Inner Unique": true, "Plans": [{"Node Type": "Nested Loop", "Parent Relationship": "Outer", "Join Type": "Inner", "Startup Cost": 0.0, "Total Cost": 3331.94, "Plan Rows": 1, "Plan Width": 40, "Inner Unique": false, "Join Filter": "(t.id = ml.movie_id)", "Plans": [{"Node Type": "Nested Loop", "Parent Relationship": "Outer", "Join Type": "Inner", "Startup Cost": 0.0, "Total Cost": 3331.53, "Plan Rows": 1, "Plan Width": 48, "Inner Unique": true, "Plans": [{"Node Type": "Nested Loop", "Parent Relationship": "Outer", "Join Type": "Inner", "Startup Cost": 0.0, "Total Cost": 3331.25, "Plan Rows": 1, "Plan Width": 52, "Inner Unique": true, "Plans": [{"Node Type": "Nested Loop", "Parent Relationship": "Outer", "Join Type": "Inner", "Startup Cost": 0.0, "Total Cost": 3330.95, "Plan Rows": 1, "Plan Width": 37, "Inner Unique": false, "Join Filter": "(t.id = mc.movie_id)", "Plans": [{"Node Type": "Nested Loop", "Parent Relationship": "Outer", "Join Type": "Inner", "Startup Cost": 0.0, "Total Cost": 3330.61, "Plan Rows": 1, "Plan Width": 25, "Inner Unique": true, "Plans": [{"Node Type": "Nested Loop", "Parent Relationship": "Outer", "Join Type": "Inner", "Startup Cost": 0.0, "Total Cost": 3319.92, "Plan Rows": 33, "Plan Width": 4, "Inner Unique": false, "Plans": [{"Node Type": "Index Scan", "Parent Relationship": "Outer", "Scan Direction": "Forward", "Index Name": "keyword_pkey", "Relation Name": "keyword", "Alias": "k", "Startup Cost": 0.0, "Total Cost": 3182.72, "Plan Rows": 1, "Plan Width": 4, "Filter": "((keyword)::text = 'sequel'::text)"}, {"Node Type": "Index Scan", "Parent Relationship": "Inner", "Scan Direction": "Forward", "Index Name": "keyword_id_movie_keyword", "Relation Name": "movie_keyword", "Alias": "mk", "Startup Cost": 0.0, "Total Cost": 136.88, "Plan Rows": 33, "Plan Width": 8, "Index Cond": "(keyword_id = k.id)"}]}, {"Node Type": "Index Scan", "Parent Relationship": "Inner", "Scan Direction": "Forward", "Index Name": "title_pkey", "Relation Name": "title", "Alias": "t", "Startup Cost": 0.0, "Total Cost": 0.31, "Plan Rows": 1, "Plan Width": 21, "Index Cond": "(id = mk.movie_id)", "Filter": "(((title)::text ~~ '%Money%'::text) AND (production_year = 1998))"}]}, {"Node Type": "Index Scan", "Parent Relationship": "Inner", "Scan Direction": "Forward", "Index Name": "movie_id_movie_companies", "Relation Name": "movie_companies", "Alias": "mc", "Startup Cost": 0.0, "Total Cost": 0.31, "Plan Rows": 2, "Plan Width": 12, "Index Cond": "(movie_id = mk.movie_id)", "Filter": "(note IS NULL)"}]}, {"Node Type": "Index Scan", "Parent Relationship": "Inner", "Scan Direction": "Forward", "Index Name": "company_name_pkey", "Relation Name": "company_name", "Alias": "cn", "Startup Cost": 0.0, "Total Cost": 0.29, "Plan Rows": 1, "Plan Width": 23, "Index Cond": "(id = mc.company_id)", "Filter": "(((country_code)::text <> '[pl]'::text) AND (((name)::text ~~ '%Film%'::text) OR ((name)::text ~~ '%Warner%'::text)))"}]}, {"Node Type": "Index Scan", "Parent Relationship": "Inner", "Scan Direction": "Forward", "Index Name": "company_type_pkey", "Relation Name": "company_type", "Alias": "ct", "Startup Cost": 0.0, "Total Cost": 0.27, "Plan Rows": 1, "Plan Width": 4, "Index Cond": "(id = mc.company_type_id)", "Filter": "((kind)::text = 'production companies'::text)"}]}, {"Node Type": "Index Scan", "Parent Relationship": "Inner", "Scan Direction": "Forward", "Index Name": "movie_id_movie_link", "Relation Name": "movie_link", "Alias": "ml", "Startup Cost": 0.0, "Total Cost": 0.35, "Plan Rows": 5, "Plan Width": 8, "Index Cond": "(movie_id = mk.movie_id)"}]}, {"Node Type": "Index Scan", "Parent Relationship": "Inner", "Scan Direction": "Forward", "Index Name": "link_type_pkey", "Relation Name": "link_type", "Alias": "lt", "Startup Cost": 0.0, "Total Cost": 0.27, "Plan Rows": 1, "Plan Width": 16, "Index Cond": "(id = ml.link_type_id)", "Filter": "((link)::text ~~ '%follows%'::text)"}]}]}, "Unique SQL Id": 4121279504}, "explain_analyze_plan": {"Plan": {"Node Type": "Aggregate", "Strategy": "Plain", "Startup Cost": 3332.23, "Total Cost": 3332.24, "Plan Rows": 1, "Plan Width": 144, "Actual Startup Time": 176.653, "Actual Total Time": 176.654, "Actual Rows": 1, "Actual Loops": 1, "Plans": [{"Node Type": "Nested Loop", "Parent Relationship": "Outer", "Join Type": "Inner", "Startup Cost": 0.0, "Total Cost": 3332.23, "Plan Rows": 1, "Plan Width": 48, "Actual Startup Time": 176.642, "Actual Total Time": 176.642, "Actual Rows": 0, "Actual Loops": 1, "Inner Unique": true, "Plans": [{"Node Type": "Nested Loop", "Parent Relationship": "Outer", "Join Type": "Inner", "Startup Cost": 0.0, "Total Cost": 3331.94, "Plan Rows": 1, "Plan Width": 40, "Actual Startup Time": 0.743, "Actual Total Time": 176.562, "Actual Rows": 38, "Actual Loops": 1, "Inner Unique": false, "Join Filter": "(t.id = ml.movie_id)", "Rows Removed by Join Filter": 0, "Plans": [{"Node Type": "Nested Loop", "Parent Relationship": "Outer", "Join Type": "Inner", "Startup Cost": 0.0, "Total Cost": 3331.53, "Plan Rows": 1, "Plan Width": 48, "Actual Startup Time": 0.732, "Actual Total Time": 176.514, "Actual Rows": 2, "Actual Loops": 1, "Inner Unique": true, "Plans": [{"Node Type": "Nested Loop", "Parent Relationship": "Outer", "Join Type": "Inner", "Startup Cost": 0.0, "Total Cost": 3331.25, "Plan Rows": 1, "Plan Width": 52, "Actual Startup Time": 0.727, "Actual Total Time": 176.504, "Actual Rows": 2, "Actual Loops": 1, "Inner Unique": true, "Plans": [{"Node Type": "Nested Loop", "Parent Relationship": "Outer", "Join Type": "Inner", "Startup Cost": 0.0, "Total Cost": 3330.95, "Plan Rows": 1, "Plan Width": 37, "Actual Startup Time": 0.713, "Actual Total Time": 176.476, "Actual Rows": 3, "Actual Loops": 1, "Inner Unique": false, "Join Filter": "(t.id = mc.movie_id)", "Rows Removed by Join Filter": 0, "Plans": [{"Node Type": "Nested Loop", "Parent Relationship": "Outer", "Join Type": "Inner", "Startup Cost": 0.0, "Total Cost": 3330.61, "Plan Rows": 1, "Plan Width": 25, "Actual Startup Time": 0.696, "Actual Total Time": 176.455, "Actual Rows": 1, "Actual Loops": 1, "Inner Unique": true, "Plans": [{"Node Type": "Nested Loop", "Parent Relationship": "Outer", "Join Type": "Inner", "Startup Cost": 0.0, "Total Cost": 3319.92, "Plan Rows": 33, "Plan Width": 4, "Actual Startup Time": 0.47, "Actual Total Time": 126.57, "Actual Rows": 10544, "Actual Loops": 1, "Inner Unique": false, "Plans": [{"Node Type": "Index Scan", "Parent Relationship": "Outer", "Scan Direction": "Forward", "Index Name": "keyword_pkey", "Relation Name": "keyword", "Alias": "k", "Startup Cost": 0.0, "Total Cost": 3182.72, "Plan Rows": 1, "Plan Width": 4, "Actual Startup Time": 0.438, "Actual Total Time": 113.411, "Actual Rows": 1, "Actual Loops": 1, "Filter": "((keyword)::text = 'sequel'::text)", "Rows Removed by Filter": 134168}, {"Node Type": "Index Scan", "Parent Relationship": "Inner", "Scan Direction": "Forward", "Index Name": "keyword_id_movie_keyword", "Relation Name": "movie_keyword", "Alias": "mk", "Startup Cost": 0.0, "Total Cost": 136.88, "Plan Rows": 33, "Plan Width": 8, "Actual Startup Time": 0.027, "Actual Total Time": 10.895, "Actual Rows": 10544, "Actual Loops": 1, "Index Cond": "(keyword_id = k.id)", "Rows Removed by Index Recheck": 0}]}, {"Node Type": "Index Scan", "Parent Relationship": "Inner", "Scan Direction": "Forward", "Index Name": "title_pkey", "Relation Name": "title", "Alias": "t", "Startup Cost": 0.0, "Total Cost": 0.31, "Plan Rows": 1, "Plan Width": 21, "Actual Startup Time": 44.568, "Actual Total Time": 44.568, "Actual Rows": 1, "Actual Loops": 10544, "Index Cond": "(id = mk.movie_id)", "Rows Removed by Index Recheck": 0, "Filter": "(((title)::text ~~ '%Money%'::text) AND (production_year = 1998))", "Rows Removed by Filter": 10543}]}, {"Node Type": "Index Scan", "Parent Relationship": "Inner", "Scan Direction": "Forward", "Index Name": "movie_id_movie_companies", "Relation Name": "movie_companies", "Alias": "mc", "Startup Cost": 0.0, "Total Cost": 0.31, "Plan Rows": 2, "Plan Width": 12, "Actual Startup Time": 0.011, "Actual Total Time": 0.013, "Actual Rows": 3, "Actual Loops": 1, "Index Cond": "(movie_id = mk.movie_id)", "Rows Removed by Index Recheck": 0, "Filter": "(note IS NULL)", "Rows Removed by Filter": 1}]}, {"Node Type": "Index Scan", "Parent Relationship": "Inner", "Scan Direction": "Forward", "Index Name": "company_name_pkey", "Relation Name": "company_name", "Alias": "cn", "Startup Cost": 0.0, "Total Cost": 0.29, "Plan Rows": 1, "Plan Width": 23, "Actual Startup Time": 0.022, "Actual Total Time": 0.022, "Actual Rows": 2, "Actual Loops": 3, "Index Cond": "(id = mc.company_id)", "Rows Removed by Index Recheck": 0, "Filter": "(((country_code)::text <> '[pl]'::text) AND (((name)::text ~~ '%Film%'::text) OR ((name)::text ~~ '%Warner%'::text)))", "Rows Removed by Filter": 1}]}, {"Node Type": "Index Scan", "Parent Relationship": "Inner", "Scan Direction": "Forward", "Index Name": "company_type_pkey", "Relation Name": "company_type", "Alias": "ct", "Startup Cost": 0.0, "Total Cost": 0.27, "Plan Rows": 1, "Plan Width": 4, "Actual Startup Time": 0.006, "Actual Total Time": 0.006, "Actual Rows": 2, "Actual Loops": 2, "Index Cond": "(id = mc.company_type_id)", "Rows Removed by Index Recheck": 0, "Filter": "((kind)::text = 'production companies'::text)", "Rows Removed by Filter": 0}]}, {"Node Type": "Index Scan", "Parent Relationship": "Inner", "Scan Direction": "Forward", "Index Name": "movie_id_movie_link", "Relation Name": "movie_link", "Alias": "ml", "Startup Cost": 0.0, "Total Cost": 0.35, "Plan Rows": 5, "Plan Width": 8, "Actual Startup Time": 0.011, "Actual Total Time": 0.025, "Actual Rows": 38, "Actual Loops": 2, "Index Cond": "(movie_id = mk.movie_id)", "Rows Removed by Index Recheck": 0}]}, {"Node Type": "Index Scan", "Parent Relationship": "Inner", "Scan Direction": "Forward", "Index Name": "link_type_pkey", "Relation Name": "link_type", "Alias": "lt", "Startup Cost": 0.0, "Total Cost": 0.27, "Plan Rows": 1, "Plan Width": 16, "Actual Startup Time": 0.063, "Actual Total Time": 0.063, "Actual Rows": 0, "Actual Loops": 38, "Index Cond": "(id = ml.link_type_id)", "Rows Removed by Index Recheck": 0, "Filter": "((link)::text ~~ '%follows%'::text)", "Rows Removed by Filter": 24}]}]}, "Triggers": [], "Planner Runtime": 56.535, "Total Runtime": 177.003, "Unique SQL Id": 4121279504}}, "(1, 10)": {"explain_plan": {"Plan": {"Node Type": "Aggregate", "Strategy": "Plain", "Startup Cost": 171786.22, "Total Cost": 171786.23, "Plan Rows": 1, "Plan Width": 144, "Plans": [{"Node Type": "Nested Loop", "Parent Relationship": "Outer", "Join Type": "Inner", "Startup Cost": 154302.89, "Total Cost": 171786.21, "Plan Rows": 1, "Plan Width": 48, "Inner Unique": false, "Join Filter": "(mk.keyword_id = k.id)", "Plans": [{"Node Type": "Seq Scan", "Parent Relationship": "Outer", "Relation Name": "keyword", "Alias": "k", "Startup Cost": 0.0, "Total Cost": 2436.11, "Plan Rows": 1, "Plan Width": 4, "Filter": "((keyword)::text = 'sequel'::text)"}, {"Node Type": "Merge Join", "Parent Relationship": "Inner", "Join Type": "Inner", "Startup Cost": 154302.89, "Total Cost": 169349.9, "Plan Rows": 16, "Plan Width": 52, "Inner Unique": false, "Merge Cond": "(t.id = ml.movie_id)", "Plans": [{"Node Type": "Nested Loop", "Parent Relationship": "Outer", "Join Type": "Inner", "Startup Cost": 153674.85, "Total Cost": 364199.42, "Plan Rows": 14, "Plan Width": 52, "Inner Unique": false, "Join Filter": "(t.id = mk.movie_id)", "Plans": [{"Node Type": "Merge Join", "Parent Relationship": "Outer", "Join Type": "Inner", "Startup Cost": 153674.85, "Total Cost": 154730.44, "Plan Rows": 2, "Plan Width": 44, "Inner Unique": true, "Merge Cond": "(mc.movie_id = t.id)", "Plans": [{"Node Type": "Sort", "Parent Relationship": "Outer", "Startup Cost": 80964.14, "Total Cost": 81491.92, "Plan Rows": 211110, "Plan Width": 23, "Sort Key": ["mc.movie_id"], "Plans": [{"Node Type": "Hash Join", "Parent Relationship": "Outer", "Join Type": "Inner", "Startup Cost": 7799.47, "Total Cost": 62293.96, "Plan Rows": 211110, "Plan Width": 23, "Inner Unique": true, "Hash Cond": "(mc.company_type_id = ct.id), (LLVM Optimized)", "Plans": [{"Node Type": "Hash Join", "Parent Relationship": "Outer", "Join Type": "Inner", "Startup Cost": 7798.42, "Total Cost": 58598.48, "Plan Rows": 422221, "Plan Width": 27, "Inner Unique": true, "Hash Cond": "(mc.company_id = cn.id), (LLVM Optimized)", "Plans": [{"Node Type": "Seq Scan", "Parent Relationship": "Outer", "Relation Name": "movie_companies", "Alias": "mc", "Startup Cost": 0.0, "Total Cost": 41817.28, "Plan Rows": 1269486, "Plan Width": 12, "Filter": "(note IS NULL), (LLVM Optimized)"}, {"Node Type": "Hash", "Parent Relationship": "Inner", "Startup Cost": 7078.43, "Total Cost": 7078.43, "Plan Rows": 57599, "Plan Width": 23, "Plans": [{"Node Type": "Seq Scan", "Parent Relationship": "Outer", "Relation Name": "company_name", "Alias": "cn", "Startup Cost": 0.0, "Total Cost": 7078.43, "Plan Rows": 57599, "Plan Width": 23, "Filter": "(((country_code)::text <> '[pl]'::text) AND (((name)::text ~~ '%Film%'::text) OR ((name)::text ~~ '%Warner%'::text)))"}]}]}, {"Node Type": "Hash", "Parent Relationship": "Inner", "Startup Cost": 1.04, "Total Cost": 1.04, "Plan Rows": 1, "Plan Width": 4, "Plans": [{"Node Type": "Seq Scan", "Parent Relationship": "Outer", "Relation Name": "company_type", "Alias": "ct", "Startup Cost": 0.0, "Total Cost": 1.04, "Plan Rows": 1, "Plan Width": 4, "Filter": "((kind)::text = 'production companies'::text)"}]}]}]}, {"Node Type": "Sort", "Parent Relationship": "Inner", "Startup Cost": 72710.71, "Total Cost": 72710.71, "Plan Rows": 4, "Plan Width": 21, "Sort Key": ["t.id"], "Plans": [{"Node Type": "Seq Scan", "Parent Relationship": "Outer", "Relation Name": "title", "Alias": "t", "Startup Cost": 0.0, "Total Cost": 72710.67, "Plan Rows": 4, "Plan Width": 21, "Filter": "(((title)::text ~~ '%Money%'::text) AND (production_year = 1998))"}]}]}, {"Node Type": "Materialize", "Parent Relationship": "Inner", "Startup Cost": 0.0, "Total Cost": 85060.93, "Plan Rows": 4523929, "Plan Width": 8, "Plans": [{"Node Type": "Seq Scan", "Parent Relationship": "Outer", "Relation Name": "movie_keyword", "Alias": "mk", "Startup Cost": 0.0, "Total Cost": 62441.29, "Plan Rows": 4523929, "Plan Width": 8}]}]}, {"Node Type": "Sort", "Parent Relationship": "Inner", "Startup Cost": 628.04, "Total Cost": 632.73, "Plan Rows": 1875, "Plan Width": 16, "Sort Key": ["ml.movie_id"], "Plans": [{"Node Type": "Hash Join", "Parent Relationship": "Outer", "Join Type": "Inner", "Startup Cost": 1.22, "Total Cost": 526.11, "Plan Rows": 1875, "Plan Width": 16, "Inner Unique": true, "Hash Cond": "(ml.link_type_id = lt.id)", "Plans": [{"Node Type": "Seq Scan", "Parent Relationship": "Outer", "Relation Name": "movie_link", "Alias": "ml", "Startup Cost": 0.0, "Total Cost": 430.96, "Plan Rows": 29996, "Plan Width": 8}, {"Node Type": "Hash", "Parent Relationship": "Inner", "Startup Cost": 1.21, "Total Cost": 1.21, "Plan Rows": 1, "Plan Width": 16, "Plans": [{"Node Type": "Seq Scan", "Parent Relationship": "Outer", "Relation Name": "link_type", "Alias": "lt", "Startup Cost": 0.0, "Total Cost": 1.21, "Plan Rows": 1, "Plan Width": 16, "Filter": "((link)::text ~~ '%follows%'::text)"}]}]}]}]}]}]}, "Unique SQL Id": 4121279504}, "explain_analyze_plan": null}, "(1, 11)": {"explain_plan": {"Plan": {"Node Type": "Aggregate", "Strategy": "Plain", "Startup Cost": 2483351514613.15, "Total Cost": 2483351514613.16, "Plan Rows": 1, "Plan Width": 144, "Plans": [{"Node Type": "Nested Loop", "Parent Relationship": "Outer", "Join Type": "Inner", "Startup Cost": 80042213480.87, "Total Cost": 2483351514613.14, "Plan Rows": 1, "Plan Width": 48, "Inner Unique": true, "Join Filter": "(ml.link_type_id = lt.id)", "Plans": [{"Node Type": "Merge Join", "Parent Relationship": "Outer", "Join Type": "Inner", "Startup Cost": 70042213480.87, "Total Cost": 1483351513358.38, "Plan Rows": 1, "Plan Width": 40, "Inner Unique": false, "Merge Cond": "(mk.movie_id = ml.movie_id)", "Plans": [{"Node Type": "Nested Loop", "Parent Relationship": "Outer", "Join Type": "Inner", "Startup Cost": 20000000000.0, "Total Cost": 2000015686764.79, "Plan Rows": 33, "Plan Width": 4, "Inner Unique": true, "Join Filter": "(k.id = mk.keyword_id)", "Plans": [{"Node Type": "Index Scan", "Parent Relationship": "Outer", "Scan Direction": "Forward", "Index Name": "movie_id_movie_keyword", "Relation Name": "movie_keyword", "Alias": "mk", "Startup Cost": 10000000000.0, "Total Cost": 1000015300634.17, "Plan Rows": 4523929, "Plan Width": 8}, {"Node Type": "Materialize", "Parent Relationship": "Inner", "Startup Cost": 10000000000.0, "Total Cost": 1000000318271.69, "Plan Rows": 1, "Plan Width": 4, "Plans": [{"Node Type": "Index Scan", "Parent Relationship": "Outer", "Scan Direction": "Forward", "Index Name": "keyword_pkey", "Relation Name": "keyword", "Alias": "k", "Startup Cost": 10000000000.0, "Total Cost": 1000000318271.68, "Plan Rows": 1, "Plan Width": 4, "Filter": "((keyword)::text = 'sequel'::text)"}]}]}, {"Node Type": "Materialize", "Parent Relationship": "Inner", "Startup Cost": 50042213480.87, "Total Cost": 1403351038001.82, "Plan Rows": 12, "Plan Width": 52, "Plans": [{"Node Type": "Merge Join", "Parent Relationship": "Outer", "Join Type": "Inner", "Startup Cost": 50042213480.87, "Total Cost": 1403351038001.79, "Plan Rows": 12, "Plan Width": 52, "Inner Unique": false, "Merge Cond": "(mc.movie_id = ml.movie_id)", "Plans": [{"Node Type": "Nested Loop", "Parent Relationship": "Outer", "Join Type": "Inner", "Startup Cost": 30000000000.0, "Total Cost": 3000562648430.49, "Plan Rows": 211110, "Plan Width": 23, "Inner Unique": true, "Join Filter": "(mc.company_id = cn.id), (LLVM Optimized)", "Plans": [{"Node Type": "Nested Loop", "Parent Relationship": "Outer", "Join Type": "Inner", "Startup Cost": 20000000000.0, "Total Cost": 2000013072218.67, "Plan Rows": 634743, "Plan Width": 8, "Inner Unique": true, "Join Filter": "(ct.id = mc.company_type_id), (LLVM Optimized)", "Plans": [{"Node Type": "Index Scan", "Parent Relationship": "Outer", "Scan Direction": "Forward", "Index Name": "movie_id_movie_companies", "Relation Name": "movie_companies", "Alias": "mc", "Startup Cost": 10000000000.0, "Total Cost": 1000013051946.13, "Plan Rows": 1269486, "Plan Width": 12, "Filter": "(note IS NULL), (LLVM Optimized)"}, {"Node Type": "Materialize", "Parent Relationship": "Inner", "Startup Cost": 10000000000.0, "Total Cost": 1000000001230.26, "Plan Rows": 1, "Plan Width": 4, "Plans": [{"Node Type": "Index Scan", "Parent Relationship": "Outer", "Scan Direction": "Forward", "Index Name": "company_type_pkey", "Relation Name": "company_type", "Alias": "ct", "Startup Cost": 10000000000.0, "Total Cost": 1000000001230.25, "Plan Rows": 1, "Plan Width": 4, "Filter": "((kind)::text = 'production companies'::text)"}]}]}, {"Node Type": "Materialize", "Parent Relationship": "Inner", "Startup Cost": 10000000000.0, "Total Cost": 1000001167924.96, "Plan Rows": 57599, "Plan Width": 23, "Plans": [{"Node Type": "Index Scan", "Parent Relationship": "Outer", "Scan Direction": "Forward", "Index Name": "company_name_pkey", "Relation Name": "company_name", "Alias": "cn", "Startup Cost": 10000000000.0, "Total Cost": 1000001167636.97, "Plan Rows": 57599, "Plan Width": 23, "Filter": "(((country_code)::text <> '[pl]'::text) AND (((name)::text ~~ '%Film%'::text) OR ((name)::text ~~ '%Warner%'::text)))"}]}]}, {"Node Type": "Materialize", "Parent Relationship": "Inner", "Startup Cost": 20000000000.0, "Total Cost": 1257503175328.76, "Plan Rows": 19, "Plan Width": 29, "Plans": [{"Node Type": "Merge Join", "Parent Relationship": "Outer", "Join Type": "Inner", "Startup Cost": 20000000000.0, "Total Cost": 1257503175328.72, "Plan Rows": 19, "Plan Width": 29, "Inner Unique": true, "Merge Cond": "(ml.movie_id = t.id)", "Plans": [{"Node Type": "Index Scan", "Parent Relationship": "Outer", "Scan Direction": "Forward", "Index Name": "movie_id_movie_link", "Relation Name": "movie_link", "Alias": "ml", "Startup Cost": 10000000000.0, "Total Cost": 1000000106202.37, "Plan Rows": 29996, "Plan Width": 8}, {"Node Type": "Materialize", "Parent Relationship": "Inner", "Startup Cost": 10000000000.0, "Total Cost": 1000012276204.42, "Plan Rows": 4, "Plan Width": 21, "Plans": [{"Node Type": "Index Scan", "Parent Relationship": "Outer", "Scan Direction": "Forward", "Index Name": "title_pkey", "Relation Name": "title", "Alias": "t", "Startup Cost": 10000000000.0, "Total Cost": 1000012276204.41, "Plan Rows": 4, "Plan Width": 21, "Filter": "(((title)::text ~~ '%Money%'::text) AND (production_year = 1998))"}]}]}]}]}]}]}, {"Node Type": "Index Scan", "Parent Relationship": "Inner", "Scan Direction": "Forward", "Index Name": "link_type_pkey", "Relation Name": "link_type", "Alias": "lt", "Startup Cost": 10000000000.0, "Total Cost": 1000000001254.75, "Plan Rows": 1, "Plan Width": 16, "Filter": "((link)::text ~~ '%follows%'::text)"}]}]}, "Unique SQL Id": 4121279504}, "explain_analyze_plan": null}, "(1, 12)": {"explain_plan": {"Plan": {"Node Type": "Aggregate", "Strategy": "Plain", "Startup Cost": 2585.63, "Total Cost": 2585.64, "Plan Rows": 1, "Plan Width": 144, "Plans": [{"Node Type": "Nested Loop", "Parent Relationship": "Outer", "Join Type": "Inner", "Startup Cost": 0.0, "Total Cost": 2585.62, "Plan Rows": 1, "Plan Width": 48, "Inner Unique": true, "Plans": [{"Node Type": "Nested Loop", "Parent Relationship": "Outer", "Join Type": "Inner", "Startup Cost": 0.0, "Total Cost": 2585.34, "Plan Rows": 1, "Plan Width": 40, "Inner Unique": false, "Join Filter": "(t.id = ml.movie_id)", "Plans": [{"Node Type": "Nested Loop", "Parent Relationship": "Outer", "Join Type": "Inner", "Startup Cost": 0.0, "Total Cost": 2584.93, "Plan Rows": 1, "Plan Width": 48, "Inner Unique": true, "Plans": [{"Node Type": "Nested Loop", "Parent Relationship": "Outer", "Join Type": "Inner", "Startup Cost": 0.0, "Total Cost": 2584.64, "Plan Rows": 1, "Plan Width": 52, "Inner Unique": true, "Plans": [{"Node Type": "Nested Loop", "Parent Relationship": "Outer", "Join Type": "Inner", "Startup Cost": 0.0, "Total Cost": 2584.35, "Plan Rows": 1, "Plan Width": 37, "Inner Unique": false, "Join Filter": "(t.id = mc.movie_id)", "Plans": [{"Node Type": "Nested Loop", "Parent Relationship": "Outer", "Join Type": "Inner", "Startup Cost": 0.0, "Total Cost": 2584.01, "Plan Rows": 1, "Plan Width": 25, "Inner Unique": true, "Plans": [{"Node Type": "Nested Loop", "Parent Relationship": "Outer", "Join Type": "Inner", "Startup Cost": 0.0, "Total Cost": 2573.32, "Plan Rows": 33, "Plan Width": 4, "Inner Unique": false, "Plans": [{"Node Type": "Seq Scan", "Parent Relationship": "Outer", "Relation Name": "keyword", "Alias": "k", "Startup Cost": 0.0, "Total Cost": 2436.11, "Plan Rows": 1, "Plan Width": 4, "Filter": "((keyword)::text = 'sequel'::text)"}, {"Node Type": "Index Scan", "Parent Relationship": "Inner", "Scan Direction": "Forward", "Index Name": "keyword_id_movie_keyword", "Relation Name": "movie_keyword", "Alias": "mk", "Startup Cost": 0.0, "Total Cost": 136.88, "Plan Rows": 33, "Plan Width": 8, "Index Cond": "(keyword_id = k.id)"}]}, {"Node Type": "Index Scan", "Parent Relationship": "Inner", "Scan Direction": "Forward", "Index Name": "title_pkey", "Relation Name": "title", "Alias": "t", "Startup Cost": 0.0, "Total Cost": 0.31, "Plan Rows": 1, "Plan Width": 21, "Index Cond": "(id = mk.movie_id)", "Filter": "(((title)::text ~~ '%Money%'::text) AND (production_year = 1998))"}]}, {"Node Type": "Index Scan", "Parent Relationship": "Inner", "Scan Direction": "Forward", "Index Name": "movie_id_movie_companies", "Relation Name": "movie_companies", "Alias": "mc", "Startup Cost": 0.0, "Total Cost": 0.31, "Plan Rows": 2, "Plan Width": 12, "Index Cond": "(movie_id = mk.movie_id)", "Filter": "(note IS NULL)"}]}, {"Node Type": "Index Scan", "Parent Relationship": "Inner", "Scan Direction": "Forward", "Index Name": "company_name_pkey", "Relation Name": "company_name", "Alias": "cn", "Startup Cost": 0.0, "Total Cost": 0.29, "Plan Rows": 1, "Plan Width": 23, "Index Cond": "(id = mc.company_id)", "Filter": "(((country_code)::text <> '[pl]'::text) AND (((name)::text ~~ '%Film%'::text) OR ((name)::text ~~ '%Warner%'::text)))"}]}, {"Node Type": "Index Scan", "Parent Relationship": "Inner", "Scan Direction": "Forward", "Index Name": "company_type_pkey", "Relation Name": "company_type", "Alias": "ct", "Startup Cost": 0.0, "Total Cost": 0.27, "Plan Rows": 1, "Plan Width": 4, "Index Cond": "(id = mc.company_type_id)", "Filter": "((kind)::text = 'production companies'::text)"}]}, {"Node Type": "Index Scan", "Parent Relationship": "Inner", "Scan Direction": "Forward", "Index Name": "movie_id_movie_link", "Relation Name": "movie_link", "Alias": "ml", "Startup Cost": 0.0, "Total Cost": 0.35, "Plan Rows": 5, "Plan Width": 8, "Index Cond": "(movie_id = mk.movie_id)"}]}, {"Node Type": "Index Scan", "Parent Relationship": "Inner", "Scan Direction": "Forward", "Index Name": "link_type_pkey", "Relation Name": "link_type", "Alias": "lt", "Startup Cost": 0.0, "Total Cost": 0.27, "Plan Rows": 1, "Plan Width": 16, "Index Cond": "(id = ml.link_type_id)", "Filter": "((link)::text ~~ '%follows%'::text)"}]}]}, "Unique SQL Id": 4121279504}, "explain_analyze_plan": {"Plan": {"Node Type": "Aggregate", "Strategy": "Plain", "Startup Cost": 2585.63, "Total Cost": 2585.64, "Plan Rows": 1, "Plan Width": 144, "Actual Startup Time": 103.23, "Actual Total Time": 103.23, "Actual Rows": 1, "Actual Loops": 1, "Plans": [{"Node Type": "Nested Loop", "Parent Relationship": "Outer", "Join Type": "Inner", "Startup Cost": 0.0, "Total Cost": 2585.62, "Plan Rows": 1, "Plan Width": 48, "Actual Startup Time": 103.221, "Actual Total Time": 103.221, "Actual Rows": 0, "Actual Loops": 1, "Inner Unique": true, "Plans": [{"Node Type": "Nested Loop", "Parent Relationship": "Outer", "Join Type": "Inner", "Startup Cost": 0.0, "Total Cost": 2585.34, "Plan Rows": 1, "Plan Width": 40, "Actual Startup Time": 2.61, "Actual Total Time": 103.138, "Actual Rows": 38, "Actual Loops": 1, "Inner Unique": false, "Join Filter": "(t.id = ml.movie_id)", "Rows Removed by Join Filter": 0, "Plans": [{"Node Type": "Nested Loop", "Parent Relationship": "Outer", "Join Type": "Inner", "Startup Cost": 0.0, "Total Cost": 2584.93, "Plan Rows": 1, "Plan Width": 48, "Actual Startup Time": 2.599, "Actual Total Time": 103.092, "Actual Rows": 2, "Actual Loops": 1, "Inner Unique": true, "Plans": [{"Node Type": "Nested Loop", "Parent Relationship": "Outer", "Join Type": "Inner", "Startup Cost": 0.0, "Total Cost": 2584.64, "Plan Rows": 1, "Plan Width": 52, "Actual Startup Time": 2.592, "Actual Total Time": 103.081, "Actual Rows": 2, "Actual Loops": 1, "Inner Unique": true, "Plans": [{"Node Type": "Nested Loop", "Parent Relationship": "Outer", "Join Type": "Inner", "Startup Cost": 0.0, "Total Cost": 2584.35, "Plan Rows": 1, "Plan Width": 37, "Actual Startup Time": 2.578, "Actual Total Time": 103.051, "Actual Rows": 3, "Actual Loops": 1, "Inner Unique": false, "Join Filter": "(t.id = mc.movie_id)", "Rows Removed by Join Filter": 0, "Plans": [{"Node Type": "Nested Loop", "Parent Relationship": "Outer", "Join Type": "Inner", "Startup Cost": 0.0, "Total Cost": 2584.01, "Plan Rows": 1, "Plan Width": 25, "Actual Startup Time": 2.565, "Actual Total Time": 103.035, "Actual Rows": 1, "Actual Loops": 1, "Inner Unique": true, "Plans": [{"Node Type": "Nested Loop", "Parent Relationship": "Outer", "Join Type": "Inner", "Startup Cost": 0.0, "Total Cost": 2573.32, "Plan Rows": 33, "Plan Width": 4, "Actual Startup Time": 2.328, "Actual Total Time": 53.899, "Actual Rows": 10544, "Actual Loops": 1, "Inner Unique": false, "Plans": [{"Node Type": "Seq Scan", "Parent Relationship": "Outer", "Relation Name": "keyword", "Alias": "k", "Startup Cost": 0.0, "Total Cost": 2436.11, "Plan Rows": 1, "Plan Width": 4, "Actual Startup Time": 2.291, "Actual Total Time": 40.813, "Actual Rows": 1, "Actual Loops": 1, "Filter": "((keyword)::text = 'sequel'::text)", "Rows Removed by Filter": 134168}, {"Node Type": "Index Scan", "Parent Relationship": "Inner", "Scan Direction": "Forward", "Index Name": "keyword_id_movie_keyword", "Relation Name": "movie_keyword", "Alias": "mk", "Startup Cost": 0.0, "Total Cost": 136.88, "Plan Rows": 33, "Plan Width": 8, "Actual Startup Time": 0.031, "Actual Total Time": 10.818, "Actual Rows": 10544, "Actual Loops": 1, "Index Cond": "(keyword_id = k.id)", "Rows Removed by Index Recheck": 0}]}, {"Node Type": "Index Scan", "Parent Relationship": "Inner", "Scan Direction": "Forward", "Index Name": "title_pkey", "Relation Name": "title", "Alias": "t", "Startup Cost": 0.0, "Total Cost": 0.31, "Plan Rows": 1, "Plan Width": 21, "Actual Startup Time": 43.968, "Actual Total Time": 43.968, "Actual Rows": 1, "Actual Loops": 10544, "Index Cond": "(id = mk.movie_id)", "Rows Removed by Index Recheck": 0, "Filter": "(((title)::text ~~ '%Money%'::text) AND (production_year = 1998))", "Rows Removed by Filter": 10543}]}, {"Node Type": "Index Scan", "Parent Relationship": "Inner", "Scan Direction": "Forward", "Index Name": "movie_id_movie_companies", "Relation Name": "movie_companies", "Alias": "mc", "Startup Cost": 0.0, "Total Cost": 0.31, "Plan Rows": 2, "Plan Width": 12, "Actual Startup Time": 0.01, "Actual Total Time": 0.013, "Actual Rows": 3, "Actual Loops": 1, "Index Cond": "(movie_id = mk.movie_id)", "Rows Removed by Index Recheck": 0, "Filter": "(note IS NULL)", "Rows Removed by Filter": 1}]}, {"Node Type": "Index Scan", "Parent Relationship": "Inner", "Scan Direction": "Forward", "Index Name": "company_name_pkey", "Relation Name": "company_name", "Alias": "cn", "Startup Cost": 0.0, "Total Cost": 0.29, "Plan Rows": 1, "Plan Width": 23, "Actual Startup Time": 0.025, "Actual Total Time": 0.025, "Actual Rows": 2, "Actual Loops": 3, "Index Cond": "(id = mc.company_id)", "Rows Removed by Index Recheck": 0, "Filter": "(((country_code)::text <> '[pl]'::text) AND (((name)::text ~~ '%Film%'::text) OR ((name)::text ~~ '%Warner%'::text)))", "Rows Removed by Filter": 1}]}, {"Node Type": "Index Scan", "Parent Relationship": "Inner", "Scan Direction": "Forward", "Index Name": "company_type_pkey", "Relation Name": "company_type", "Alias": "ct", "Startup Cost": 0.0, "Total Cost": 0.27, "Plan Rows": 1, "Plan Width": 4, "Actual Startup Time": 0.007, "Actual Total Time": 0.007, "Actual Rows": 2, "Actual Loops": 2, "Index Cond": "(id = mc.company_type_id)", "Rows Removed by Index Recheck": 0, "Filter": "((kind)::text = 'production companies'::text)", "Rows Removed by Filter": 0}]}, {"Node Type": "Index Scan", "Parent Relationship": "Inner", "Scan Direction": "Forward", "Index Name": "movie_id_movie_link", "Relation Name": "movie_link", "Alias": "ml", "Startup Cost": 0.0, "Total Cost": 0.35, "Plan Rows": 5, "Plan Width": 8, "Actual Startup Time": 0.012, "Actual Total Time": 0.024, "Actual Rows": 38, "Actual Loops": 2, "Index Cond": "(movie_id = mk.movie_id)", "Rows Removed by Index Recheck": 0}]}, {"Node Type": "Index Scan", "Parent Relationship": "Inner", "Scan Direction": "Forward", "Index Name": "link_type_pkey", "Relation Name": "link_type", "Alias": "lt", "Startup Cost": 0.0, "Total Cost": 0.27, "Plan Rows": 1, "Plan Width": 16, "Actual Startup Time": 0.064, "Actual Total Time": 0.064, "Actual Rows": 0, "Actual Loops": 38, "Index Cond": "(id = ml.link_type_id)", "Rows Removed by Index Recheck": 0, "Filter": "((link)::text ~~ '%follows%'::text)", "Rows Removed by Filter": 24}]}]}, "Triggers": [], "Planner Runtime": 62.455, "Total Runtime": 103.577, "Unique SQL Id": 4121279504}}, "(1, 13)": {"explain_plan": {"Plan": {"Node Type": "Aggregate", "Strategy": "Plain", "Startup Cost": 3332.23, "Total Cost": 3332.24, "Plan Rows": 1, "Plan Width": 144, "Plans": [{"Node Type": "Nested Loop", "Parent Relationship": "Outer", "Join Type": "Inner", "Startup Cost": 0.0, "Total Cost": 3332.23, "Plan Rows": 1, "Plan Width": 48, "Inner Unique": true, "Plans": [{"Node Type": "Nested Loop", "Parent Relationship": "Outer", "Join Type": "Inner", "Startup Cost": 0.0, "Total Cost": 3331.94, "Plan Rows": 1, "Plan Width": 40, "Inner Unique": false, "Join Filter": "(t.id = ml.movie_id)", "Plans": [{"Node Type": "Nested Loop", "Parent Relationship": "Outer", "Join Type": "Inner", "Startup Cost": 0.0, "Total Cost": 3331.53, "Plan Rows": 1, "Plan Width": 48, "Inner Unique": true, "Plans": [{"Node Type": "Nested Loop", "Parent Relationship": "Outer", "Join Type": "Inner", "Startup Cost": 0.0, "Total Cost": 3331.25, "Plan Rows": 1, "Plan Width": 52, "Inner Unique": true, "Plans": [{"Node Type": "Nested Loop", "Parent Relationship": "Outer", "Join Type": "Inner", "Startup Cost": 0.0, "Total Cost": 3330.95, "Plan Rows": 1, "Plan Width": 37, "Inner Unique": false, "Join Filter": "(t.id = mc.movie_id)", "Plans": [{"Node Type": "Nested Loop", "Parent Relationship": "Outer", "Join Type": "Inner", "Startup Cost": 0.0, "Total Cost": 3330.61, "Plan Rows": 1, "Plan Width": 25, "Inner Unique": true, "Plans": [{"Node Type": "Nested Loop", "Parent Relationship": "Outer", "Join Type": "Inner", "Startup Cost": 0.0, "Total Cost": 3319.92, "Plan Rows": 33, "Plan Width": 4, "Inner Unique": false, "Plans": [{"Node Type": "Index Scan", "Parent Relationship": "Outer", "Scan Direction": "Forward", "Index Name": "keyword_pkey", "Relation Name": "keyword", "Alias": "k", "Startup Cost": 0.0, "Total Cost": 3182.72, "Plan Rows": 1, "Plan Width": 4, "Filter": "((keyword)::text = 'sequel'::text)"}, {"Node Type": "Index Scan", "Parent Relationship": "Inner", "Scan Direction": "Forward", "Index Name": "keyword_id_movie_keyword", "Relation Name": "movie_keyword", "Alias": "mk", "Startup Cost": 0.0, "Total Cost": 136.88, "Plan Rows": 33, "Plan Width": 8, "Index Cond": "(keyword_id = k.id)"}]}, {"Node Type": "Index Scan", "Parent Relationship": "Inner", "Scan Direction": "Forward", "Index Name": "title_pkey", "Relation Name": "title", "Alias": "t", "Startup Cost": 0.0, "Total Cost": 0.31, "Plan Rows": 1, "Plan Width": 21, "Index Cond": "(id = mk.movie_id)", "Filter": "(((title)::text ~~ '%Money%'::text) AND (production_year = 1998))"}]}, {"Node Type": "Index Scan", "Parent Relationship": "Inner", "Scan Direction": "Forward", "Index Name": "movie_id_movie_companies", "Relation Name": "movie_companies", "Alias": "mc", "Startup Cost": 0.0, "Total Cost": 0.31, "Plan Rows": 2, "Plan Width": 12, "Index Cond": "(movie_id = mk.movie_id)", "Filter": "(note IS NULL)"}]}, {"Node Type": "Index Scan", "Parent Relationship": "Inner", "Scan Direction": "Forward", "Index Name": "company_name_pkey", "Relation Name": "company_name", "Alias": "cn", "Startup Cost": 0.0, "Total Cost": 0.29, "Plan Rows": 1, "Plan Width": 23, "Index Cond": "(id = mc.company_id)", "Filter": "(((country_code)::text <> '[pl]'::text) AND (((name)::text ~~ '%Film%'::text) OR ((name)::text ~~ '%Warner%'::text)))"}]}, {"Node Type": "Index Scan", "Parent Relationship": "Inner", "Scan Direction": "Forward", "Index Name": "company_type_pkey", "Relation Name": "company_type", "Alias": "ct", "Startup Cost": 0.0, "Total Cost": 0.27, "Plan Rows": 1, "Plan Width": 4, "Index Cond": "(id = mc.company_type_id)", "Filter": "((kind)::text = 'production companies'::text)"}]}, {"Node Type": "Index Scan", "Parent Relationship": "Inner", "Scan Direction": "Forward", "Index Name": "movie_id_movie_link", "Relation Name": "movie_link", "Alias": "ml", "Startup Cost": 0.0, "Total Cost": 0.35, "Plan Rows": 5, "Plan Width": 8, "Index Cond": "(movie_id = mk.movie_id)"}]}, {"Node Type": "Index Scan", "Parent Relationship": "Inner", "Scan Direction": "Forward", "Index Name": "link_type_pkey", "Relation Name": "link_type", "Alias": "lt", "Startup Cost": 0.0, "Total Cost": 0.27, "Plan Rows": 1, "Plan Width": 16, "Index Cond": "(id = ml.link_type_id)", "Filter": "((link)::text ~~ '%follows%'::text)"}]}]}, "Unique SQL Id": 4121279504}, "explain_analyze_plan": {"Plan": {"Node Type": "Aggregate", "Strategy": "Plain", "Startup Cost": 3332.23, "Total Cost": 3332.24, "Plan Rows": 1, "Plan Width": 144, "Actual Startup Time": 176.653, "Actual Total Time": 176.654, "Actual Rows": 1, "Actual Loops": 1, "Plans": [{"Node Type": "Nested Loop", "Parent Relationship": "Outer", "Join Type": "Inner", "Startup Cost": 0.0, "Total Cost": 3332.23, "Plan Rows": 1, "Plan Width": 48, "Actual Startup Time": 176.642, "Actual Total Time": 176.642, "Actual Rows": 0, "Actual Loops": 1, "Inner Unique": true, "Plans": [{"Node Type": "Nested Loop", "Parent Relationship": "Outer", "Join Type": "Inner", "Startup Cost": 0.0, "Total Cost": 3331.94, "Plan Rows": 1, "Plan Width": 40, "Actual Startup Time": 0.743, "Actual Total Time": 176.562, "Actual Rows": 38, "Actual Loops": 1, "Inner Unique": false, "Join Filter": "(t.id = ml.movie_id)", "Rows Removed by Join Filter": 0, "Plans": [{"Node Type": "Nested Loop", "Parent Relationship": "Outer", "Join Type": "Inner", "Startup Cost": 0.0, "Total Cost": 3331.53, "Plan Rows": 1, "Plan Width": 48, "Actual Startup Time": 0.732, "Actual Total Time": 176.514, "Actual Rows": 2, "Actual Loops": 1, "Inner Unique": true, "Plans": [{"Node Type": "Nested Loop", "Parent Relationship": "Outer", "Join Type": "Inner", "Startup Cost": 0.0, "Total Cost": 3331.25, "Plan Rows": 1, "Plan Width": 52, "Actual Startup Time": 0.727, "Actual Total Time": 176.504, "Actual Rows": 2, "Actual Loops": 1, "Inner Unique": true, "Plans": [{"Node Type": "Nested Loop", "Parent Relationship": "Outer", "Join Type": "Inner", "Startup Cost": 0.0, "Total Cost": 3330.95, "Plan Rows": 1, "Plan Width": 37, "Actual Startup Time": 0.713, "Actual Total Time": 176.476, "Actual Rows": 3, "Actual Loops": 1, "Inner Unique": false, "Join Filter": "(t.id = mc.movie_id)", "Rows Removed by Join Filter": 0, "Plans": [{"Node Type": "Nested Loop", "Parent Relationship": "Outer", "Join Type": "Inner", "Startup Cost": 0.0, "Total Cost": 3330.61, "Plan Rows": 1, "Plan Width": 25, "Actual Startup Time": 0.696, "Actual Total Time": 176.455, "Actual Rows": 1, "Actual Loops": 1, "Inner Unique": true, "Plans": [{"Node Type": "Nested Loop", "Parent Relationship": "Outer", "Join Type": "Inner", "Startup Cost": 0.0, "Total Cost": 3319.92, "Plan Rows": 33, "Plan Width": 4, "Actual Startup Time": 0.47, "Actual Total Time": 126.57, "Actual Rows": 10544, "Actual Loops": 1, "Inner Unique": false, "Plans": [{"Node Type": "Index Scan", "Parent Relationship": "Outer", "Scan Direction": "Forward", "Index Name": "keyword_pkey", "Relation Name": "keyword", "Alias": "k", "Startup Cost": 0.0, "Total Cost": 3182.72, "Plan Rows": 1, "Plan Width": 4, "Actual Startup Time": 0.438, "Actual Total Time": 113.411, "Actual Rows": 1, "Actual Loops": 1, "Filter": "((keyword)::text = 'sequel'::text)", "Rows Removed by Filter": 134168}, {"Node Type": "Index Scan", "Parent Relationship": "Inner", "Scan Direction": "Forward", "Index Name": "keyword_id_movie_keyword", "Relation Name": "movie_keyword", "Alias": "mk", "Startup Cost": 0.0, "Total Cost": 136.88, "Plan Rows": 33, "Plan Width": 8, "Actual Startup Time": 0.027, "Actual Total Time": 10.895, "Actual Rows": 10544, "Actual Loops": 1, "Index Cond": "(keyword_id = k.id)", "Rows Removed by Index Recheck": 0}]}, {"Node Type": "Index Scan", "Parent Relationship": "Inner", "Scan Direction": "Forward", "Index Name": "title_pkey", "Relation Name": "title", "Alias": "t", "Startup Cost": 0.0, "Total Cost": 0.31, "Plan Rows": 1, "Plan Width": 21, "Actual Startup Time": 44.568, "Actual Total Time": 44.568, "Actual Rows": 1, "Actual Loops": 10544, "Index Cond": "(id = mk.movie_id)", "Rows Removed by Index Recheck": 0, "Filter": "(((title)::text ~~ '%Money%'::text) AND (production_year = 1998))", "Rows Removed by Filter": 10543}]}, {"Node Type": "Index Scan", "Parent Relationship": "Inner", "Scan Direction": "Forward", "Index Name": "movie_id_movie_companies", "Relation Name": "movie_companies", "Alias": "mc", "Startup Cost": 0.0, "Total Cost": 0.31, "Plan Rows": 2, "Plan Width": 12, "Actual Startup Time": 0.011, "Actual Total Time": 0.013, "Actual Rows": 3, "Actual Loops": 1, "Index Cond": "(movie_id = mk.movie_id)", "Rows Removed by Index Recheck": 0, "Filter": "(note IS NULL)", "Rows Removed by Filter": 1}]}, {"Node Type": "Index Scan", "Parent Relationship": "Inner", "Scan Direction": "Forward", "Index Name": "company_name_pkey", "Relation Name": "company_name", "Alias": "cn", "Startup Cost": 0.0, "Total Cost": 0.29, "Plan Rows": 1, "Plan Width": 23, "Actual Startup Time": 0.022, "Actual Total Time": 0.022, "Actual Rows": 2, "Actual Loops": 3, "Index Cond": "(id = mc.company_id)", "Rows Removed by Index Recheck": 0, "Filter": "(((country_code)::text <> '[pl]'::text) AND (((name)::text ~~ '%Film%'::text) OR ((name)::text ~~ '%Warner%'::text)))", "Rows Removed by Filter": 1}]}, {"Node Type": "Index Scan", "Parent Relationship": "Inner", "Scan Direction": "Forward", "Index Name": "company_type_pkey", "Relation Name": "company_type", "Alias": "ct", "Startup Cost": 0.0, "Total Cost": 0.27, "Plan Rows": 1, "Plan Width": 4, "Actual Startup Time": 0.006, "Actual Total Time": 0.006, "Actual Rows": 2, "Actual Loops": 2, "Index Cond": "(id = mc.company_type_id)", "Rows Removed by Index Recheck": 0, "Filter": "((kind)::text = 'production companies'::text)", "Rows Removed by Filter": 0}]}, {"Node Type": "Index Scan", "Parent Relationship": "Inner", "Scan Direction": "Forward", "Index Name": "movie_id_movie_link", "Relation Name": "movie_link", "Alias": "ml", "Startup Cost": 0.0, "Total Cost": 0.35, "Plan Rows": 5, "Plan Width": 8, "Actual Startup Time": 0.011, "Actual Total Time": 0.025, "Actual Rows": 38, "Actual Loops": 2, "Index Cond": "(movie_id = mk.movie_id)", "Rows Removed by Index Recheck": 0}]}, {"Node Type": "Index Scan", "Parent Relationship": "Inner", "Scan Direction": "Forward", "Index Name": "link_type_pkey", "Relation Name": "link_type", "Alias": "lt", "Startup Cost": 0.0, "Total Cost": 0.27, "Plan Rows": 1, "Plan Width": 16, "Actual Startup Time": 0.063, "Actual Total Time": 0.063, "Actual Rows": 0, "Actual Loops": 38, "Index Cond": "(id = ml.link_type_id)", "Rows Removed by Index Recheck": 0, "Filter": "((link)::text ~~ '%follows%'::text)", "Rows Removed by Filter": 24}]}]}, "Triggers": [], "Planner Runtime": 56.535, "Total Runtime": 177.003, "Unique SQL Id": 4121279504}}, "(1, 14)": {"explain_plan": {"Plan": {"Node Type": "Aggregate", "Strategy": "Plain", "Startup Cost": 171786.22, "Total Cost": 171786.23, "Plan Rows": 1, "Plan Width": 144, "Plans": [{"Node Type": "Nested Loop", "Parent Relationship": "Outer", "Join Type": "Inner", "Startup Cost": 154302.89, "Total Cost": 171786.21, "Plan Rows": 1, "Plan Width": 48, "Inner Unique": false, "Join Filter": "(mk.keyword_id = k.id)", "Plans": [{"Node Type": "Seq Scan", "Parent Relationship": "Outer", "Relation Name": "keyword", "Alias": "k", "Startup Cost": 0.0, "Total Cost": 2436.11, "Plan Rows": 1, "Plan Width": 4, "Filter": "((keyword)::text = 'sequel'::text)"}, {"Node Type": "Merge Join", "Parent Relationship": "Inner", "Join Type": "Inner", "Startup Cost": 154302.89, "Total Cost": 169349.9, "Plan Rows": 16, "Plan Width": 52, "Inner Unique": false, "Merge Cond": "(t.id = ml.movie_id)", "Plans": [{"Node Type": "Nested Loop", "Parent Relationship": "Outer", "Join Type": "Inner", "Startup Cost": 153674.85, "Total Cost": 364199.42, "Plan Rows": 14, "Plan Width": 52, "Inner Unique": false, "Join Filter": "(t.id = mk.movie_id)", "Plans": [{"Node Type": "Merge Join", "Parent Relationship": "Outer", "Join Type": "Inner", "Startup Cost": 153674.85, "Total Cost": 154730.44, "Plan Rows": 2, "Plan Width": 44, "Inner Unique": true, "Merge Cond": "(mc.movie_id = t.id)", "Plans": [{"Node Type": "Sort", "Parent Relationship": "Outer", "Startup Cost": 80964.14, "Total Cost": 81491.92, "Plan Rows": 211110, "Plan Width": 23, "Sort Key": ["mc.movie_id"], "Plans": [{"Node Type": "Hash Join", "Parent Relationship": "Outer", "Join Type": "Inner", "Startup Cost": 7799.47, "Total Cost": 62293.96, "Plan Rows": 211110, "Plan Width": 23, "Inner Unique": true, "Hash Cond": "(mc.company_type_id = ct.id), (LLVM Optimized)", "Plans": [{"Node Type": "Hash Join", "Parent Relationship": "Outer", "Join Type": "Inner", "Startup Cost": 7798.42, "Total Cost": 58598.48, "Plan Rows": 422221, "Plan Width": 27, "Inner Unique": true, "Hash Cond": "(mc.company_id = cn.id), (LLVM Optimized)", "Plans": [{"Node Type": "Seq Scan", "Parent Relationship": "Outer", "Relation Name": "movie_companies", "Alias": "mc", "Startup Cost": 0.0, "Total Cost": 41817.28, "Plan Rows": 1269486, "Plan Width": 12, "Filter": "(note IS NULL), (LLVM Optimized)"}, {"Node Type": "Hash", "Parent Relationship": "Inner", "Startup Cost": 7078.43, "Total Cost": 7078.43, "Plan Rows": 57599, "Plan Width": 23, "Plans": [{"Node Type": "Seq Scan", "Parent Relationship": "Outer", "Relation Name": "company_name", "Alias": "cn", "Startup Cost": 0.0, "Total Cost": 7078.43, "Plan Rows": 57599, "Plan Width": 23, "Filter": "(((country_code)::text <> '[pl]'::text) AND (((name)::text ~~ '%Film%'::text) OR ((name)::text ~~ '%Warner%'::text)))"}]}]}, {"Node Type": "Hash", "Parent Relationship": "Inner", "Startup Cost": 1.04, "Total Cost": 1.04, "Plan Rows": 1, "Plan Width": 4, "Plans": [{"Node Type": "Seq Scan", "Parent Relationship": "Outer", "Relation Name": "company_type", "Alias": "ct", "Startup Cost": 0.0, "Total Cost": 1.04, "Plan Rows": 1, "Plan Width": 4, "Filter": "((kind)::text = 'production companies'::text)"}]}]}]}, {"Node Type": "Sort", "Parent Relationship": "Inner", "Startup Cost": 72710.71, "Total Cost": 72710.71, "Plan Rows": 4, "Plan Width": 21, "Sort Key": ["t.id"], "Plans": [{"Node Type": "Seq Scan", "Parent Relationship": "Outer", "Relation Name": "title", "Alias": "t", "Startup Cost": 0.0, "Total Cost": 72710.67, "Plan Rows": 4, "Plan Width": 21, "Filter": "(((title)::text ~~ '%Money%'::text) AND (production_year = 1998))"}]}]}, {"Node Type": "Materialize", "Parent Relationship": "Inner", "Startup Cost": 0.0, "Total Cost": 85060.93, "Plan Rows": 4523929, "Plan Width": 8, "Plans": [{"Node Type": "Seq Scan", "Parent Relationship": "Outer", "Relation Name": "movie_keyword", "Alias": "mk", "Startup Cost": 0.0, "Total Cost": 62441.29, "Plan Rows": 4523929, "Plan Width": 8}]}]}, {"Node Type": "Sort", "Parent Relationship": "Inner", "Startup Cost": 628.04, "Total Cost": 632.73, "Plan Rows": 1875, "Plan Width": 16, "Sort Key": ["ml.movie_id"], "Plans": [{"Node Type": "Hash Join", "Parent Relationship": "Outer", "Join Type": "Inner", "Startup Cost": 1.22, "Total Cost": 526.11, "Plan Rows": 1875, "Plan Width": 16, "Inner Unique": true, "Hash Cond": "(ml.link_type_id = lt.id)", "Plans": [{"Node Type": "Seq Scan", "Parent Relationship": "Outer", "Relation Name": "movie_link", "Alias": "ml", "Startup Cost": 0.0, "Total Cost": 430.96, "Plan Rows": 29996, "Plan Width": 8}, {"Node Type": "Hash", "Parent Relationship": "Inner", "Startup Cost": 1.21, "Total Cost": 1.21, "Plan Rows": 1, "Plan Width": 16, "Plans": [{"Node Type": "Seq Scan", "Parent Relationship": "Outer", "Relation Name": "link_type", "Alias": "lt", "Startup Cost": 0.0, "Total Cost": 1.21, "Plan Rows": 1, "Plan Width": 16, "Filter": "((link)::text ~~ '%follows%'::text)"}]}]}]}]}]}]}, "Unique SQL Id": 4121279504}, "explain_analyze_plan": null}, "(1, 15)": {"explain_plan": {"Plan": {"Node Type": "Aggregate", "Strategy": "Plain", "Startup Cost": 2483351514613.15, "Total Cost": 2483351514613.16, "Plan Rows": 1, "Plan Width": 144, "Plans": [{"Node Type": "Nested Loop", "Parent Relationship": "Outer", "Join Type": "Inner", "Startup Cost": 80042213480.87, "Total Cost": 2483351514613.14, "Plan Rows": 1, "Plan Width": 48, "Inner Unique": true, "Join Filter": "(ml.link_type_id = lt.id)", "Plans": [{"Node Type": "Merge Join", "Parent Relationship": "Outer", "Join Type": "Inner", "Startup Cost": 70042213480.87, "Total Cost": 1483351513358.38, "Plan Rows": 1, "Plan Width": 40, "Inner Unique": false, "Merge Cond": "(mk.movie_id = ml.movie_id)", "Plans": [{"Node Type": "Nested Loop", "Parent Relationship": "Outer", "Join Type": "Inner", "Startup Cost": 20000000000.0, "Total Cost": 2000015686764.79, "Plan Rows": 33, "Plan Width": 4, "Inner Unique": true, "Join Filter": "(k.id = mk.keyword_id)", "Plans": [{"Node Type": "Index Scan", "Parent Relationship": "Outer", "Scan Direction": "Forward", "Index Name": "movie_id_movie_keyword", "Relation Name": "movie_keyword", "Alias": "mk", "Startup Cost": 10000000000.0, "Total Cost": 1000015300634.17, "Plan Rows": 4523929, "Plan Width": 8}, {"Node Type": "Materialize", "Parent Relationship": "Inner", "Startup Cost": 10000000000.0, "Total Cost": 1000000318271.69, "Plan Rows": 1, "Plan Width": 4, "Plans": [{"Node Type": "Index Scan", "Parent Relationship": "Outer", "Scan Direction": "Forward", "Index Name": "keyword_pkey", "Relation Name": "keyword", "Alias": "k", "Startup Cost": 10000000000.0, "Total Cost": 1000000318271.68, "Plan Rows": 1, "Plan Width": 4, "Filter": "((keyword)::text = 'sequel'::text)"}]}]}, {"Node Type": "Materialize", "Parent Relationship": "Inner", "Startup Cost": 50042213480.87, "Total Cost": 1403351038001.82, "Plan Rows": 12, "Plan Width": 52, "Plans": [{"Node Type": "Merge Join", "Parent Relationship": "Outer", "Join Type": "Inner", "Startup Cost": 50042213480.87, "Total Cost": 1403351038001.79, "Plan Rows": 12, "Plan Width": 52, "Inner Unique": false, "Merge Cond": "(mc.movie_id = ml.movie_id)", "Plans": [{"Node Type": "Nested Loop", "Parent Relationship": "Outer", "Join Type": "Inner", "Startup Cost": 30000000000.0, "Total Cost": 3000562648430.49, "Plan Rows": 211110, "Plan Width": 23, "Inner Unique": true, "Join Filter": "(mc.company_id = cn.id), (LLVM Optimized)", "Plans": [{"Node Type": "Nested Loop", "Parent Relationship": "Outer", "Join Type": "Inner", "Startup Cost": 20000000000.0, "Total Cost": 2000013072218.67, "Plan Rows": 634743, "Plan Width": 8, "Inner Unique": true, "Join Filter": "(ct.id = mc.company_type_id), (LLVM Optimized)", "Plans": [{"Node Type": "Index Scan", "Parent Relationship": "Outer", "Scan Direction": "Forward", "Index Name": "movie_id_movie_companies", "Relation Name": "movie_companies", "Alias": "mc", "Startup Cost": 10000000000.0, "Total Cost": 1000013051946.13, "Plan Rows": 1269486, "Plan Width": 12, "Filter": "(note IS NULL), (LLVM Optimized)"}, {"Node Type": "Materialize", "Parent Relationship": "Inner", "Startup Cost": 10000000000.0, "Total Cost": 1000000001230.26, "Plan Rows": 1, "Plan Width": 4, "Plans": [{"Node Type": "Index Scan", "Parent Relationship": "Outer", "Scan Direction": "Forward", "Index Name": "company_type_pkey", "Relation Name": "company_type", "Alias": "ct", "Startup Cost": 10000000000.0, "Total Cost": 1000000001230.25, "Plan Rows": 1, "Plan Width": 4, "Filter": "((kind)::text = 'production companies'::text)"}]}]}, {"Node Type": "Materialize", "Parent Relationship": "Inner", "Startup Cost": 10000000000.0, "Total Cost": 1000001167924.96, "Plan Rows": 57599, "Plan Width": 23, "Plans": [{"Node Type": "Index Scan", "Parent Relationship": "Outer", "Scan Direction": "Forward", "Index Name": "company_name_pkey", "Relation Name": "company_name", "Alias": "cn", "Startup Cost": 10000000000.0, "Total Cost": 1000001167636.97, "Plan Rows": 57599, "Plan Width": 23, "Filter": "(((country_code)::text <> '[pl]'::text) AND (((name)::text ~~ '%Film%'::text) OR ((name)::text ~~ '%Warner%'::text)))"}]}]}, {"Node Type": "Materialize", "Parent Relationship": "Inner", "Startup Cost": 20000000000.0, "Total Cost": 1257503175328.76, "Plan Rows": 19, "Plan Width": 29, "Plans": [{"Node Type": "Merge Join", "Parent Relationship": "Outer", "Join Type": "Inner", "Startup Cost": 20000000000.0, "Total Cost": 1257503175328.72, "Plan Rows": 19, "Plan Width": 29, "Inner Unique": true, "Merge Cond": "(ml.movie_id = t.id)", "Plans": [{"Node Type": "Index Scan", "Parent Relationship": "Outer", "Scan Direction": "Forward", "Index Name": "movie_id_movie_link", "Relation Name": "movie_link", "Alias": "ml", "Startup Cost": 10000000000.0, "Total Cost": 1000000106202.37, "Plan Rows": 29996, "Plan Width": 8}, {"Node Type": "Materialize", "Parent Relationship": "Inner", "Startup Cost": 10000000000.0, "Total Cost": 1000012276204.42, "Plan Rows": 4, "Plan Width": 21, "Plans": [{"Node Type": "Index Scan", "Parent Relationship": "Outer", "Scan Direction": "Forward", "Index Name": "title_pkey", "Relation Name": "title", "Alias": "t", "Startup Cost": 10000000000.0, "Total Cost": 1000012276204.41, "Plan Rows": 4, "Plan Width": 21, "Filter": "(((title)::text ~~ '%Money%'::text) AND (production_year = 1998))"}]}]}]}]}]}]}, {"Node Type": "Index Scan", "Parent Relationship": "Inner", "Scan Direction": "Forward", "Index Name": "link_type_pkey", "Relation Name": "link_type", "Alias": "lt", "Startup Cost": 10000000000.0, "Total Cost": 1000000001254.75, "Plan Rows": 1, "Plan Width": 16, "Filter": "((link)::text ~~ '%follows%'::text)"}]}]}, "Unique SQL Id": 4121279504}, "explain_analyze_plan": null}, "(1, 16)": {"explain_plan": {"Plan": {"Node Type": "Aggregate", "Strategy": "Plain", "Startup Cost": 2581.34, "Total Cost": 2581.35, "Plan Rows": 1, "Plan Width": 144, "Plans": [{"Node Type": "Nested Loop", "Parent Relationship": "Outer", "Join Type": "Inner", "Startup Cost": 4.51, "Total Cost": 2581.33, "Plan Rows": 1, "Plan Width": 48, "Inner Unique": true, "Plans": [{"Node Type": "Nested Loop", "Parent Relationship": "Outer", "Join Type": "Inner", "Startup Cost": 4.51, "Total Cost": 2581.05, "Plan Rows": 1, "Plan Width": 40, "Inner Unique": false, "Join Filter": "(t.id = ml.movie_id)", "Plans": [{"Node Type": "Nested Loop", "Parent Relationship": "Outer", "Join Type": "Inner", "Startup Cost": 4.51, "Total Cost": 2580.63, "Plan Rows": 1, "Plan Width": 48, "Inner Unique": true, "Plans": [{"Node Type": "Nested Loop", "Parent Relationship": "Outer", "Join Type": "Inner", "Startup Cost": 4.51, "Total Cost": 2580.35, "Plan Rows": 1, "Plan Width": 52, "Inner Unique": true, "Plans": [{"Node Type": "Nested Loop", "Parent Relationship": "Outer", "Join Type": "Inner", "Startup Cost": 4.51, "Total Cost": 2580.05, "Plan Rows": 1, "Plan Width": 37, "Inner Unique": false, "Join Filter": "(t.id = mc.movie_id)", "Plans": [{"Node Type": "Nested Loop", "Parent Relationship": "Outer", "Join Type": "Inner", "Startup Cost": 4.51, "Total Cost": 2579.71, "Plan Rows": 1, "Plan Width": 25, "Inner Unique": true, "Plans": [{"Node Type": "Nested Loop", "Parent Relationship": "Outer", "Join Type": "Inner", "Startup Cost": 4.51, "Total Cost": 2569.02, "Plan Rows": 33, "Plan Width": 4, "Inner Unique": false, "Plans": [{"Node Type": "Seq Scan", "Parent Relationship": "Outer", "Relation Name": "keyword", "Alias": "k", "Startup Cost": 0.0, "Total Cost": 2436.11, "Plan Rows": 1, "Plan Width": 4, "Filter": "((keyword)::text = 'sequel'::text)"}, {"Node Type": "Bitmap Heap Scan", "Parent Relationship": "Inner", "Relation Name": "movie_keyword", "Alias": "mk", "Startup Cost": 4.51, "Total Cost": 132.58, "Plan Rows": 33, "Plan Width": 8, "Recheck Cond": "(keyword_id = k.id)", "Plans": [{"Node Type": "Bitmap Index Scan", "Parent Relationship": "Outer", "Index Name": "keyword_id_movie_keyword", "Startup Cost": 0.0, "Total Cost": 4.5, "Plan Rows": 33, "Plan Width": 0, "Index Cond": "(keyword_id = k.id)"}]}]}, {"Node Type": "Index Scan", "Parent Relationship": "Inner", "Scan Direction": "Forward", "Index Name": "title_pkey", "Relation Name": "title", "Alias": "t", "Startup Cost": 0.0, "Total Cost": 0.31, "Plan Rows": 1, "Plan Width": 21, "Index Cond": "(id = mk.movie_id)", "Filter": "(((title)::text ~~ '%Money%'::text) AND (production_year = 1998))"}]}, {"Node Type": "Index Scan", "Parent Relationship": "Inner", "Scan Direction": "Forward", "Index Name": "movie_id_movie_companies", "Relation Name": "movie_companies", "Alias": "mc", "Startup Cost": 0.0, "Total Cost": 0.31, "Plan Rows": 2, "Plan Width": 12, "Index Cond": "(movie_id = mk.movie_id)", "Filter": "(note IS NULL)"}]}, {"Node Type": "Index Scan", "Parent Relationship": "Inner", "Scan Direction": "Forward", "Index Name": "company_name_pkey", "Relation Name": "company_name", "Alias": "cn", "Startup Cost": 0.0, "Total Cost": 0.29, "Plan Rows": 1, "Plan Width": 23, "Index Cond": "(id = mc.company_id)", "Filter": "(((country_code)::text <> '[pl]'::text) AND (((name)::text ~~ '%Film%'::text) OR ((name)::text ~~ '%Warner%'::text)))"}]}, {"Node Type": "Index Scan", "Parent Relationship": "Inner", "Scan Direction": "Forward", "Index Name": "company_type_pkey", "Relation Name": "company_type", "Alias": "ct", "Startup Cost": 0.0, "Total Cost": 0.27, "Plan Rows": 1, "Plan Width": 4, "Index Cond": "(id = mc.company_type_id)", "Filter": "((kind)::text = 'production companies'::text)"}]}, {"Node Type": "Index Scan", "Parent Relationship": "Inner", "Scan Direction": "Forward", "Index Name": "movie_id_movie_link", "Relation Name": "movie_link", "Alias": "ml", "Startup Cost": 0.0, "Total Cost": 0.35, "Plan Rows": 5, "Plan Width": 8, "Index Cond": "(movie_id = mk.movie_id)"}]}, {"Node Type": "Index Scan", "Parent Relationship": "Inner", "Scan Direction": "Forward", "Index Name": "link_type_pkey", "Relation Name": "link_type", "Alias": "lt", "Startup Cost": 0.0, "Total Cost": 0.27, "Plan Rows": 1, "Plan Width": 16, "Index Cond": "(id = ml.link_type_id)", "Filter": "((link)::text ~~ '%follows%'::text)"}]}]}, "Unique SQL Id": 4121279504}, "explain_analyze_plan": {"Plan": {"Node Type": "Aggregate", "Strategy": "Plain", "Startup Cost": 2581.34, "Total Cost": 2581.35, "Plan Rows": 1, "Plan Width": 144, "Actual Startup Time": 107.057, "Actual Total Time": 107.057, "Actual Rows": 1, "Actual Loops": 1, "Plans": [{"Node Type": "Nested Loop", "Parent Relationship": "Outer", "Join Type": "Inner", "Startup Cost": 4.51, "Total Cost": 2581.33, "Plan Rows": 1, "Plan Width": 48, "Actual Startup Time": 107.047, "Actual Total Time": 107.047, "Actual Rows": 0, "Actual Loops": 1, "Inner Unique": true, "Plans": [{"Node Type": "Nested Loop", "Parent Relationship": "Outer", "Join Type": "Inner", "Startup Cost": 4.51, "Total Cost": 2581.05, "Plan Rows": 1, "Plan Width": 40, "Actual Startup Time": 5.482, "Actual Total Time": 106.959, "Actual Rows": 38, "Actual Loops": 1, "Inner Unique": false, "Join Filter": "(t.id = ml.movie_id)", "Rows Removed by Join Filter": 0, "Plans": [{"Node Type": "Nested Loop", "Parent Relationship": "Outer", "Join Type": "Inner", "Startup Cost": 4.51, "Total Cost": 2580.63, "Plan Rows": 1, "Plan Width": 48, "Actual Startup Time": 5.471, "Actual Total Time": 106.908, "Actual Rows": 2, "Actual Loops": 1, "Inner Unique": true, "Plans": [{"Node Type": "Nested Loop", "Parent Relationship": "Outer", "Join Type": "Inner", "Startup Cost": 4.51, "Total Cost": 2580.35, "Plan Rows": 1, "Plan Width": 52, "Actual Startup Time": 5.461, "Actual Total Time": 106.893, "Actual Rows": 2, "Actual Loops": 1, "Inner Unique": true, "Plans": [{"Node Type": "Nested Loop", "Parent Relationship": "Outer", "Join Type": "Inner", "Startup Cost": 4.51, "Total Cost": 2580.05, "Plan Rows": 1, "Plan Width": 37, "Actual Startup Time": 5.448, "Actual Total Time": 106.864, "Actual Rows": 3, "Actual Loops": 1, "Inner Unique": false, "Join Filter": "(t.id = mc.movie_id)", "Rows Removed by Join Filter": 0, "Plans": [{"Node Type": "Nested Loop", "Parent Relationship": "Outer", "Join Type": "Inner", "Startup Cost": 4.51, "Total Cost": 2579.71, "Plan Rows": 1, "Plan Width": 25, "Actual Startup Time": 5.434, "Actual Total Time": 106.846, "Actual Rows": 1, "Actual Loops": 1, "Inner Unique": true, "Plans": [{"Node Type": "Nested Loop", "Parent Relationship": "Outer", "Join Type": "Inner", "Startup Cost": 4.51, "Total Cost": 2569.02, "Plan Rows": 33, "Plan Width": 4, "Actual Startup Time": 5.175, "Actual Total Time": 57.215, "Actual Rows": 10544, "Actual Loops": 1, "Inner Unique": false, "Plans": [{"Node Type": "Seq Scan", "Parent Relationship": "Outer", "Relation Name": "keyword", "Alias": "k", "Startup Cost": 0.0, "Total Cost": 2436.11, "Plan Rows": 1, "Plan Width": 4, "Actual Startup Time": 2.299, "Actual Total Time": 40.531, "Actual Rows": 1, "Actual Loops": 1, "Filter": "((keyword)::text = 'sequel'::text)", "Rows Removed by Filter": 134168}, {"Node Type": "Bitmap Heap Scan", "Parent Relationship": "Inner", "Relation Name": "movie_keyword", "Alias": "mk", "Startup Cost": 4.51, "Total Cost": 132.58, "Plan Rows": 33, "Plan Width": 8, "Actual Startup Time": 2.868, "Actual Total Time": 14.547, "Actual Rows": 10544, "Actual Loops": 1, "Recheck Cond": "(keyword_id = k.id)", "Rows Removed by Index Recheck": 0, "Exact Heap Blocks": 5090, "Lossy Heap Blocks": 5090, "Plans": [{"Node Type": "Bitmap Index Scan", "Parent Relationship": "Outer", "Index Name": "keyword_id_movie_keyword", "Startup Cost": 0.0, "Total Cost": 4.5, "Plan Rows": 33, "Plan Width": 0, "Actual Startup Time": 1.963, "Actual Total Time": 1.963, "Actual Rows": 10544, "Actual Loops": 1, "Index Cond": "(keyword_id = k.id)"}]}]}, {"Node Type": "Index Scan", "Parent Relationship": "Inner", "Scan Direction": "Forward", "Index Name": "title_pkey", "Relation Name": "title", "Alias": "t", "Startup Cost": 0.0, "Total Cost": 0.31, "Plan Rows": 1, "Plan Width": 21, "Actual Startup Time": 44.363, "Actual Total Time": 44.363, "Actual Rows": 1, "Actual Loops": 10544, "Index Cond": "(id = mk.movie_id)", "Rows Removed by Index Recheck": 0, "Filter": "(((title)::text ~~ '%Money%'::text) AND (production_year = 1998))", "Rows Removed by Filter": 10543}]}, {"Node Type": "Index Scan", "Parent Relationship": "Inner", "Scan Direction": "Forward", "Index Name": "movie_id_movie_companies", "Relation Name": "movie_companies", "Alias": "mc", "Startup Cost": 0.0, "Total Cost": 0.31, "Plan Rows": 2, "Plan Width": 12, "Actual Startup Time": 0.011, "Actual Total Time": 0.014, "Actual Rows": 3, "Actual Loops": 1, "Index Cond": "(movie_id = mk.movie_id)", "Rows Removed by Index Recheck": 0, "Filter": "(note IS NULL)", "Rows Removed by Filter": 1}]}, {"Node Type": "Index Scan", "Parent Relationship": "Inner", "Scan Direction": "Forward", "Index Name": "company_name_pkey", "Relation Name": "company_name", "Alias": "cn", "Startup Cost": 0.0, "Total Cost": 0.29, "Plan Rows": 1, "Plan Width": 23, "Actual Startup Time": 0.025, "Actual Total Time": 0.025, "Actual Rows": 2, "Actual Loops": 3, "Index Cond": "(id = mc.company_id)", "Rows Removed by Index Recheck": 0, "Filter": "(((country_code)::text <> '[pl]'::text) AND (((name)::text ~~ '%Film%'::text) OR ((name)::text ~~ '%Warner%'::text)))", "Rows Removed by Filter": 1}]}, {"Node Type": "Index Scan", "Parent Relationship": "Inner", "Scan Direction": "Forward", "Index Name": "company_type_pkey", "Relation Name": "company_type", "Alias": "ct", "Startup Cost": 0.0, "Total Cost": 0.27, "Plan Rows": 1, "Plan Width": 4, "Actual Startup Time": 0.01, "Actual Total Time": 0.01, "Actual Rows": 2, "Actual Loops": 2, "Index Cond": "(id = mc.company_type_id)", "Rows Removed by Index Recheck": 0, "Filter": "((kind)::text = 'production companies'::text)", "Rows Removed by Filter": 0}]}, {"Node Type": "Index Scan", "Parent Relationship": "Inner", "Scan Direction": "Forward", "Index Name": "movie_id_movie_link", "Relation Name": "movie_link", "Alias": "ml", "Startup Cost": 0.0, "Total Cost": 0.35, "Plan Rows": 5, "Plan Width": 8, "Actual Startup Time": 0.011, "Actual Total Time": 0.027, "Actual Rows": 38, "Actual Loops": 2, "Index Cond": "(movie_id = mk.movie_id)", "Rows Removed by Index Recheck": 0}]}, {"Node Type": "Index Scan", "Parent Relationship": "Inner", "Scan Direction": "Forward", "Index Name": "link_type_pkey", "Relation Name": "link_type", "Alias": "lt", "Startup Cost": 0.0, "Total Cost": 0.27, "Plan Rows": 1, "Plan Width": 16, "Actual Startup Time": 0.073, "Actual Total Time": 0.073, "Actual Rows": 0, "Actual Loops": 38, "Index Cond": "(id = ml.link_type_id)", "Rows Removed by Index Recheck": 0, "Filter": "((link)::text ~~ '%follows%'::text)", "Rows Removed by Filter": 24}]}]}, "Triggers": [], "Planner Runtime": 64.386, "Total Runtime": 107.455, "Unique SQL Id": 4121279504}}, "(1, 17)": {"explain_plan": {"Plan": {"Node Type": "Aggregate", "Strategy": "Plain", "Startup Cost": 3327.94, "Total Cost": 3327.95, "Plan Rows": 1, "Plan Width": 144, "Plans": [{"Node Type": "Nested Loop", "Parent Relationship": "Outer", "Join Type": "Inner", "Startup Cost": 4.51, "Total Cost": 3327.93, "Plan Rows": 1, "Plan Width": 48, "Inner Unique": true, "Plans": [{"Node Type": "Nested Loop", "Parent Relationship": "Outer", "Join Type": "Inner", "Startup Cost": 4.51, "Total Cost": 3327.65, "Plan Rows": 1, "Plan Width": 40, "Inner Unique": false, "Join Filter": "(t.id = ml.movie_id)", "Plans": [{"Node Type": "Nested Loop", "Parent Relationship": "Outer", "Join Type": "Inner", "Startup Cost": 4.51, "Total Cost": 3327.24, "Plan Rows": 1, "Plan Width": 48, "Inner Unique": true, "Plans": [{"Node Type": "Nested Loop", "Parent Relationship": "Outer", "Join Type": "Inner", "Startup Cost": 4.51, "Total Cost": 3326.95, "Plan Rows": 1, "Plan Width": 52, "Inner Unique": true, "Plans": [{"Node Type": "Nested Loop", "Parent Relationship": "Outer", "Join Type": "Inner", "Startup Cost": 4.51, "Total Cost": 3326.66, "Plan Rows": 1, "Plan Width": 37, "Inner Unique": false, "Join Filter": "(t.id = mc.movie_id)", "Plans": [{"Node Type": "Nested Loop", "Parent Relationship": "Outer", "Join Type": "Inner", "Startup Cost": 4.51, "Total Cost": 3326.32, "Plan Rows": 1, "Plan Width": 25, "Inner Unique": true, "Plans": [{"Node Type": "Nested Loop", "Parent Relationship": "Outer", "Join Type": "Inner", "Startup Cost": 4.51, "Total Cost": 3315.63, "Plan Rows": 33, "Plan Width": 4, "Inner Unique": false, "Plans": [{"Node Type": "Index Scan", "Parent Relationship": "Outer", "Scan Direction": "Forward", "Index Name": "keyword_pkey", "Relation Name": "keyword", "Alias": "k", "Startup Cost": 0.0, "Total Cost": 3182.72, "Plan Rows": 1, "Plan Width": 4, "Filter": "((keyword)::text = 'sequel'::text)"}, {"Node Type": "Bitmap Heap Scan", "Parent Relationship": "Inner", "Relation Name": "movie_keyword", "Alias": "mk", "Startup Cost": 4.51, "Total Cost": 132.58, "Plan Rows": 33, "Plan Width": 8, "Recheck Cond": "(keyword_id = k.id)", "Plans": [{"Node Type": "Bitmap Index Scan", "Parent Relationship": "Outer", "Index Name": "keyword_id_movie_keyword", "Startup Cost": 0.0, "Total Cost": 4.5, "Plan Rows": 33, "Plan Width": 0, "Index Cond": "(keyword_id = k.id)"}]}]}, {"Node Type": "Index Scan", "Parent Relationship": "Inner", "Scan Direction": "Forward", "Index Name": "title_pkey", "Relation Name": "title", "Alias": "t", "Startup Cost": 0.0, "Total Cost": 0.31, "Plan Rows": 1, "Plan Width": 21, "Index Cond": "(id = mk.movie_id)", "Filter": "(((title)::text ~~ '%Money%'::text) AND (production_year = 1998))"}]}, {"Node Type": "Index Scan", "Parent Relationship": "Inner", "Scan Direction": "Forward", "Index Name": "movie_id_movie_companies", "Relation Name": "movie_companies", "Alias": "mc", "Startup Cost": 0.0, "Total Cost": 0.31, "Plan Rows": 2, "Plan Width": 12, "Index Cond": "(movie_id = mk.movie_id)", "Filter": "(note IS NULL)"}]}, {"Node Type": "Index Scan", "Parent Relationship": "Inner", "Scan Direction": "Forward", "Index Name": "company_name_pkey", "Relation Name": "company_name", "Alias": "cn", "Startup Cost": 0.0, "Total Cost": 0.29, "Plan Rows": 1, "Plan Width": 23, "Index Cond": "(id = mc.company_id)", "Filter": "(((country_code)::text <> '[pl]'::text) AND (((name)::text ~~ '%Film%'::text) OR ((name)::text ~~ '%Warner%'::text)))"}]}, {"Node Type": "Index Scan", "Parent Relationship": "Inner", "Scan Direction": "Forward", "Index Name": "company_type_pkey", "Relation Name": "company_type", "Alias": "ct", "Startup Cost": 0.0, "Total Cost": 0.27, "Plan Rows": 1, "Plan Width": 4, "Index Cond": "(id = mc.company_type_id)", "Filter": "((kind)::text = 'production companies'::text)"}]}, {"Node Type": "Index Scan", "Parent Relationship": "Inner", "Scan Direction": "Forward", "Index Name": "movie_id_movie_link", "Relation Name": "movie_link", "Alias": "ml", "Startup Cost": 0.0, "Total Cost": 0.35, "Plan Rows": 5, "Plan Width": 8, "Index Cond": "(movie_id = mk.movie_id)"}]}, {"Node Type": "Index Scan", "Parent Relationship": "Inner", "Scan Direction": "Forward", "Index Name": "link_type_pkey", "Relation Name": "link_type", "Alias": "lt", "Startup Cost": 0.0, "Total Cost": 0.27, "Plan Rows": 1, "Plan Width": 16, "Index Cond": "(id = ml.link_type_id)", "Filter": "((link)::text ~~ '%follows%'::text)"}]}]}, "Unique SQL Id": 4121279504}, "explain_analyze_plan": {"Plan": {"Node Type": "Aggregate", "Strategy": "Plain", "Startup Cost": 3327.94, "Total Cost": 3327.95, "Plan Rows": 1, "Plan Width": 144, "Actual Startup Time": 181.02, "Actual Total Time": 181.021, "Actual Rows": 1, "Actual Loops": 1, "Plans": [{"Node Type": "Nested Loop", "Parent Relationship": "Outer", "Join Type": "Inner", "Startup Cost": 4.51, "Total Cost": 3327.93, "Plan Rows": 1, "Plan Width": 48, "Actual Startup Time": 181.01, "Actual Total Time": 181.01, "Actual Rows": 0, "Actual Loops": 1, "Inner Unique": true, "Plans": [{"Node Type": "Nested Loop", "Parent Relationship": "Outer", "Join Type": "Inner", "Startup Cost": 4.51, "Total Cost": 3327.65, "Plan Rows": 1, "Plan Width": 40, "Actual Startup Time": 3.646, "Actual Total Time": 180.923, "Actual Rows": 38, "Actual Loops": 1, "Inner Unique": false, "Join Filter": "(t.id = ml.movie_id)", "Rows Removed by Join Filter": 0, "Plans": [{"Node Type": "Nested Loop", "Parent Relationship": "Outer", "Join Type": "Inner", "Startup Cost": 4.51, "Total Cost": 3327.24, "Plan Rows": 1, "Plan Width": 48, "Actual Startup Time": 3.636, "Actual Total Time": 180.883, "Actual Rows": 2, "Actual Loops": 1, "Inner Unique": true, "Plans": [{"Node Type": "Nested Loop", "Parent Relationship": "Outer", "Join Type": "Inner", "Startup Cost": 4.51, "Total Cost": 3326.95, "Plan Rows": 1, "Plan Width": 52, "Actual Startup Time": 3.627, "Actual Total Time": 180.869, "Actual Rows": 2, "Actual Loops": 1, "Inner Unique": true, "Plans": [{"Node Type": "Nested Loop", "Parent Relationship": "Outer", "Join Type": "Inner", "Startup Cost": 4.51, "Total Cost": 3326.66, "Plan Rows": 1, "Plan Width": 37, "Actual Startup Time": 3.613, "Actual Total Time": 180.84, "Actual Rows": 3, "Actual Loops": 1, "Inner Unique": false, "Join Filter": "(t.id = mc.movie_id)", "Rows Removed by Join Filter": 0, "Plans": [{"Node Type": "Nested Loop", "Parent Relationship": "Outer", "Join Type": "Inner", "Startup Cost": 4.51, "Total Cost": 3326.32, "Plan Rows": 1, "Plan Width": 25, "Actual Startup Time": 3.597, "Actual Total Time": 180.82, "Actual Rows": 1, "Actual Loops": 1, "Inner Unique": true, "Plans": [{"Node Type": "Nested Loop", "Parent Relationship": "Outer", "Join Type": "Inner", "Startup Cost": 4.51, "Total Cost": 3315.63, "Plan Rows": 33, "Plan Width": 4, "Actual Startup Time": 3.337, "Actual Total Time": 130.626, "Actual Rows": 10544, "Actual Loops": 1, "Inner Unique": false, "Plans": [{"Node Type": "Index Scan", "Parent Relationship": "Outer", "Scan Direction": "Forward", "Index Name": "keyword_pkey", "Relation Name": "keyword", "Alias": "k", "Startup Cost": 0.0, "Total Cost": 3182.72, "Plan Rows": 1, "Plan Width": 4, "Actual Startup Time": 0.436, "Actual Total Time": 113.393, "Actual Rows": 1, "Actual Loops": 1, "Filter": "((keyword)::text = 'sequel'::text)", "Rows Removed by Filter": 134168}, {"Node Type": "Bitmap Heap Scan", "Parent Relationship": "Inner", "Relation Name": "movie_keyword", "Alias": "mk", "Startup Cost": 4.51, "Total Cost": 132.58, "Plan Rows": 33, "Plan Width": 8, "Actual Startup Time": 2.893, "Actual Total Time": 14.881, "Actual Rows": 10544, "Actual Loops": 1, "Recheck Cond": "(keyword_id = k.id)", "Rows Removed by Index Recheck": 0, "Exact Heap Blocks": 5090, "Lossy Heap Blocks": 5090, "Plans": [{"Node Type": "Bitmap Index Scan", "Parent Relationship": "Outer", "Index Name": "keyword_id_movie_keyword", "Startup Cost": 0.0, "Total Cost": 4.5, "Plan Rows": 33, "Plan Width": 0, "Actual Startup Time": 1.993, "Actual Total Time": 1.993, "Actual Rows": 10544, "Actual Loops": 1, "Index Cond": "(keyword_id = k.id)"}]}]}, {"Node Type": "Index Scan", "Parent Relationship": "Inner", "Scan Direction": "Forward", "Index Name": "title_pkey", "Relation Name": "title", "Alias": "t", "Startup Cost": 0.0, "Total Cost": 0.31, "Plan Rows": 1, "Plan Width": 21, "Actual Startup Time": 44.981, "Actual Total Time": 44.981, "Actual Rows": 1, "Actual Loops": 10544, "Index Cond": "(id = mk.movie_id)", "Rows Removed by Index Recheck": 0, "Filter": "(((title)::text ~~ '%Money%'::text) AND (production_year = 1998))", "Rows Removed by Filter": 10543}]}, {"Node Type": "Index Scan", "Parent Relationship": "Inner", "Scan Direction": "Forward", "Index Name": "movie_id_movie_companies", "Relation Name": "movie_companies", "Alias": "mc", "Startup Cost": 0.0, "Total Cost": 0.31, "Plan Rows": 2, "Plan Width": 12, "Actual Startup Time": 0.012, "Actual Total Time": 0.013, "Actual Rows": 3, "Actual Loops": 1, "Index Cond": "(movie_id = mk.movie_id)", "Rows Removed by Index Recheck": 0, "Filter": "(note IS NULL)", "Rows Removed by Filter": 1}]}, {"Node Type": "Index Scan", "Parent Relationship": "Inner", "Scan Direction": "Forward", "Index Name": "company_name_pkey", "Relation Name": "company_name", "Alias": "cn", "Startup Cost": 0.0, "Total Cost": 0.29, "Plan Rows": 1, "Plan Width": 23, "Actual Startup Time": 0.023, "Actual Total Time": 0.023, "Actual Rows": 2, "Actual Loops": 3, "Index Cond": "(id = mc.company_id)", "Rows Removed by Index Recheck": 0, "Filter": "(((country_code)::text <> '[pl]'::text) AND (((name)::text ~~ '%Film%'::text) OR ((name)::text ~~ '%Warner%'::text)))", "Rows Removed by Filter": 1}]}, {"Node Type": "Index Scan", "Parent Relationship": "Inner", "Scan Direction": "Forward", "Index Name": "company_type_pkey", "Relation Name": "company_type", "Alias": "ct", "Startup Cost": 0.0, "Total Cost": 0.27, "Plan Rows": 1, "Plan Width": 4, "Actual Startup Time": 0.009, "Actual Total Time": 0.009, "Actual Rows": 2, "Actual Loops": 2, "Index Cond": "(id = mc.company_type_id)", "Rows Removed by Index Recheck": 0, "Filter": "((kind)::text = 'production companies'::text)", "Rows Removed by Filter": 0}]}, {"Node Type": "Index Scan", "Parent Relationship": "Inner", "Scan Direction": "Forward", "Index Name": "movie_id_movie_link", "Relation Name": "movie_link", "Alias": "ml", "Startup Cost": 0.0, "Total Cost": 0.35, "Plan Rows": 5, "Plan Width": 8, "Actual Startup Time": 0.011, "Actual Total Time": 0.023, "Actual Rows": 38, "Actual Loops": 2, "Index Cond": "(movie_id = mk.movie_id)", "Rows Removed by Index Recheck": 0}]}, {"Node Type": "Index Scan", "Parent Relationship": "Inner", "Scan Direction": "Forward", "Index Name": "link_type_pkey", "Relation Name": "link_type", "Alias": "lt", "Startup Cost": 0.0, "Total Cost": 0.27, "Plan Rows": 1, "Plan Width": 16, "Actual Startup Time": 0.063, "Actual Total Time": 0.063, "Actual Rows": 0, "Actual Loops": 38, "Index Cond": "(id = ml.link_type_id)", "Rows Removed by Index Recheck": 0, "Filter": "((link)::text ~~ '%follows%'::text)", "Rows Removed by Filter": 24}]}]}, "Triggers": [], "Planner Runtime": 58.021, "Total Runtime": 181.432, "Unique SQL Id": 4121279504}}, "(1, 18)": {"explain_plan": {"Plan": {"Node Type": "Aggregate", "Strategy": "Plain", "Startup Cost": 2726.02, "Total Cost": 2726.03, "Plan Rows": 1, "Plan Width": 144, "Plans": [{"Node Type": "Nested Loop", "Parent Relationship": "Outer", "Join Type": "Inner", "Startup Cost": 5.59, "Total Cost": 2726.01, "Plan Rows": 1, "Plan Width": 48, "Inner Unique": true, "Join Filter": "(ml.link_type_id = lt.id)", "Plans": [{"Node Type": "Nested Loop", "Parent Relationship": "Outer", "Join Type": "Inner", "Startup Cost": 5.59, "Total Cost": 2724.78, "Plan Rows": 1, "Plan Width": 40, "Inner Unique": false, "Join Filter": "(t.id = ml.movie_id)", "Plans": [{"Node Type": "Nested Loop", "Parent Relationship": "Outer", "Join Type": "Inner", "Startup Cost": 5.3, "Total Cost": 2720.37, "Plan Rows": 1, "Plan Width": 48, "Inner Unique": true, "Join Filter": "(mc.company_type_id = ct.id)", "Plans": [{"Node Type": "Nested Loop", "Parent Relationship": "Outer", "Join Type": "Inner", "Startup Cost": 5.3, "Total Cost": 2719.32, "Plan Rows": 1, "Plan Width": 52, "Inner Unique": true, "Plans": [{"Node Type": "Nested Loop", "Parent Relationship": "Outer", "Join Type": "Inner", "Startup Cost": 5.05, "Total Cost": 2715.03, "Plan Rows": 1, "Plan Width": 37, "Inner Unique": false, "Join Filter": "(t.id = mc.movie_id)", "Plans": [{"Node Type": "Nested Loop", "Parent Relationship": "Outer", "Join Type": "Inner", "Startup Cost": 4.77, "Total Cost": 2710.71, "Plan Rows": 1, "Plan Width": 25, "Inner Unique": true, "Plans": [{"Node Type": "Nested Loop", "Parent Relationship": "Outer", "Join Type": "Inner", "Startup Cost": 4.51, "Total Cost": 2569.02, "Plan Rows": 33, "Plan Width": 4, "Inner Unique": false, "Plans": [{"Node Type": "Seq Scan", "Parent Relationship": "Outer", "Relation Name": "keyword", "Alias": "k", "Startup Cost": 0.0, "Total Cost": 2436.11, "Plan Rows": 1, "Plan Width": 4, "Filter": "((keyword)::text = 'sequel'::text)"}, {"Node Type": "Bitmap Heap Scan", "Parent Relationship": "Inner", "Relation Name": "movie_keyword", "Alias": "mk", "Startup Cost": 4.51, "Total Cost": 132.58, "Plan Rows": 33, "Plan Width": 8, "Recheck Cond": "(keyword_id = k.id)", "Plans": [{"Node Type": "Bitmap Index Scan", "Parent Relationship": "Outer", "Index Name": "keyword_id_movie_keyword", "Startup Cost": 0.0, "Total Cost": 4.5, "Plan Rows": 33, "Plan Width": 0, "Index Cond": "(keyword_id = k.id)"}]}]}, {"Node Type": "Bitmap Heap Scan", "Parent Relationship": "Inner", "Relation Name": "title", "Alias": "t", "Startup Cost": 0.27, "Total Cost": 4.28, "Plan Rows": 1, "Plan Width": 21, "Recheck Cond": "(id = mk.movie_id)", "Filter": "(((title)::text ~~ '%Money%'::text) AND (production_year = 1998))", "Plans": [{"Node Type": "Bitmap Index Scan", "Parent Relationship": "Outer", "Index Name": "title_pkey", "Startup Cost": 0.0, "Total Cost": 0.27, "Plan Rows": 1, "Plan Width": 0, "Index Cond": "(id = mk.movie_id)"}]}]}, {"Node Type": "Bitmap Heap Scan", "Parent Relationship": "Inner", "Relation Name": "movie_companies", "Alias": "mc", "Startup Cost": 0.27, "Total Cost": 4.3, "Plan Rows": 2, "Plan Width": 12, "Recheck Cond": "(movie_id = mk.movie_id)", "Filter": "(note IS NULL)", "Plans": [{"Node Type": "Bitmap Index Scan", "Parent Relationship": "Outer", "Index Name": "movie_id_movie_companies", "Startup Cost": 0.0, "Total Cost": 0.27, "Plan Rows": 2, "Plan Width": 0, "Index Cond": "(movie_id = mk.movie_id)"}]}]}, {"Node Type": "Bitmap Heap Scan", "Parent Relationship": "Inner", "Relation Name": "company_name", "Alias": "cn", "Startup Cost": 0.26, "Total Cost": 4.28, "Plan Rows": 1, "Plan Width": 23, "Recheck Cond": "(id = mc.company_id)", "Filter": "(((country_code)::text <> '[pl]'::text) AND (((name)::text ~~ '%Film%'::text) OR ((name)::text ~~ '%Warner%'::text)))", "Plans": [{"Node Type": "Bitmap Index Scan", "Parent Relationship": "Outer", "Index Name": "company_name_pkey", "Startup Cost": 0.0, "Total Cost": 0.26, "Plan Rows": 1, "Plan Width": 0, "Index Cond": "(id = mc.company_id)"}]}]}, {"Node Type": "Seq Scan", "Parent Relationship": "Inner", "Relation Name": "company_type", "Alias": "ct", "Startup Cost": 0.0, "Total Cost": 1.04, "Plan Rows": 1, "Plan Width": 4, "Filter": "((kind)::text = 'production companies'::text)"}]}, {"Node Type": "Bitmap Heap Scan", "Parent Relationship": "Inner", "Relation Name": "movie_link", "Alias": "ml", "Startup Cost": 0.29, "Total Cost": 4.35, "Plan Rows": 5, "Plan Width": 8, "Recheck Cond": "(movie_id = mk.movie_id)", "Plans": [{"Node Type": "Bitmap Index Scan", "Parent Relationship": "Outer", "Index Name": "movie_id_movie_link", "Startup Cost": 0.0, "Total Cost": 0.29, "Plan Rows": 5, "Plan Width": 0, "Index Cond": "(movie_id = mk.movie_id)"}]}]}, {"Node Type": "Seq Scan", "Parent Relationship": "Inner", "Relation Name": "link_type", "Alias": "lt", "Startup Cost": 0.0, "Total Cost": 1.21, "Plan Rows": 1, "Plan Width": 16, "Filter": "((link)::text ~~ '%follows%'::text)"}]}]}, "Unique SQL Id": 4121279504}, "explain_analyze_plan": {"Plan": {"Node Type": "Aggregate", "Strategy": "Plain", "Startup Cost": 2726.02, "Total Cost": 2726.03, "Plan Rows": 1, "Plan Width": 144, "Actual Startup Time": 123.802, "Actual Total Time": 123.802, "Actual Rows": 1, "Actual Loops": 1, "Plans": [{"Node Type": "Nested Loop", "Parent Relationship": "Outer", "Join Type": "Inner", "Startup Cost": 5.59, "Total Cost": 2726.01, "Plan Rows": 1, "Plan Width": 48, "Actual Startup Time": 123.793, "Actual Total Time": 123.793, "Actual Rows": 0, "Actual Loops": 1, "Inner Unique": true, "Join Filter": "(ml.link_type_id = lt.id)", "Rows Removed by Join Filter": 0, "Plans": [{"Node Type": "Nested Loop", "Parent Relationship": "Outer", "Join Type": "Inner", "Startup Cost": 5.59, "Total Cost": 2724.78, "Plan Rows": 1, "Plan Width": 40, "Actual Startup Time": 5.572, "Actual Total Time": 123.464, "Actual Rows": 38, "Actual Loops": 1, "Inner Unique": false, "Join Filter": "(t.id = ml.movie_id)", "Rows Removed by Join Filter": 0, "Plans": [{"Node Type": "Nested Loop", "Parent Relationship": "Outer", "Join Type": "Inner", "Startup Cost": 5.3, "Total Cost": 2720.37, "Plan Rows": 1, "Plan Width": 48, "Actual Startup Time": 5.548, "Actual Total Time": 123.405, "Actual Rows": 2, "Actual Loops": 1, "Inner Unique": true, "Join Filter": "(mc.company_type_id = ct.id)", "Rows Removed by Join Filter": 0, "Plans": [{"Node Type": "Nested Loop", "Parent Relationship": "Outer", "Join Type": "Inner", "Startup Cost": 5.3, "Total Cost": 2719.32, "Plan Rows": 1, "Plan Width": 52, "Actual Startup Time": 5.537, "Actual Total Time": 123.389, "Actual Rows": 2, "Actual Loops": 1, "Inner Unique": true, "Plans": [{"Node Type": "Nested Loop", "Parent Relationship": "Outer", "Join Type": "Inner", "Startup Cost": 5.05, "Total Cost": 2715.03, "Plan Rows": 1, "Plan Width": 37, "Actual Startup Time": 5.522, "Actual Total Time": 123.354, "Actual Rows": 3, "Actual Loops": 1, "Inner Unique": false, "Join Filter": "(t.id = mc.movie_id)", "Rows Removed by Join Filter": 0, "Plans": [{"Node Type": "Nested Loop", "Parent Relationship": "Outer", "Join Type": "Inner", "Startup Cost": 4.77, "Total Cost": 2710.71, "Plan Rows": 1, "Plan Width": 25, "Actual Startup Time": 5.499, "Actual Total Time": 123.328, "Actual Rows": 1, "Actual Loops": 1, "Inner Unique": true, "Plans": [{"Node Type": "Nested Loop", "Parent Relationship": "Outer", "Join Type": "Inner", "Startup Cost": 4.51, "Total Cost": 2569.02, "Plan Rows": 33, "Plan Width": 4, "Actual Startup Time": 5.191, "Actual Total Time": 58.437, "Actual Rows": 10544, "Actual Loops": 1, "Inner Unique": false, "Plans": [{"Node Type": "Seq Scan", "Parent Relationship": "Outer", "Relation Name": "keyword", "Alias": "k", "Startup Cost": 0.0, "Total Cost": 2436.11, "Plan Rows": 1, "Plan Width": 4, "Actual Startup Time": 2.298, "Actual Total Time": 41.897, "Actual Rows": 1, "Actual Loops": 1, "Filter": "((keyword)::text = 'sequel'::text)", "Rows Removed by Filter": 134168}, {"Node Type": "Bitmap Heap Scan", "Parent Relationship": "Inner", "Relation Name": "movie_keyword", "Alias": "mk", "Startup Cost": 4.51, "Total Cost": 132.58, "Plan Rows": 33, "Plan Width": 8, "Actual Startup Time": 2.885, "Actual Total Time": 14.415, "Actual Rows": 10544, "Actual Loops": 1, "Recheck Cond": "(keyword_id = k.id)", "Rows Removed by Index Recheck": 0, "Exact Heap Blocks": 5090, "Lossy Heap Blocks": 5090, "Plans": [{"Node Type": "Bitmap Index Scan", "Parent Relationship": "Outer", "Index Name": "keyword_id_movie_keyword", "Startup Cost": 0.0, "Total Cost": 4.5, "Plan Rows": 33, "Plan Width": 0, "Actual Startup Time": 1.979, "Actual Total Time": 1.979, "Actual Rows": 10544, "Actual Loops": 1, "Index Cond": "(keyword_id = k.id)"}]}]}, {"Node Type": "Bitmap Heap Scan", "Parent Relationship": "Inner", "Relation Name": "title", "Alias": "t", "Startup Cost": 0.27, "Total Cost": 4.28, "Plan Rows": 1, "Plan Width": 21, "Actual Startup Time": 53.127, "Actual Total Time": 53.127, "Actual Rows": 1, "Actual Loops": 10544, "Recheck Cond": "(id = mk.movie_id)", "Rows Removed by Index Recheck": 0, "Filter": "(((title)::text ~~ '%Money%'::text) AND (production_year = 1998))", "Rows Removed by Filter": 10543, "Exact Heap Blocks": 10544, "Lossy Heap Blocks": 10544, "Plans": [{"Node Type": "Bitmap Index Scan", "Parent Relationship": "Outer", "Index Name": "title_pkey", "Startup Cost": 0.0, "Total Cost": 0.27, "Plan Rows": 1, "Plan Width": 0, "Actual Startup Time": 27.96, "Actual Total Time": 27.96, "Actual Rows": 10544, "Actual Loops": 10544, "Index Cond": "(id = mk.movie_id)"}]}]}, {"Node Type": "Bitmap Heap Scan", "Parent Relationship": "Inner", "Relation Name": "movie_companies", "Alias": "mc", "Startup Cost": 0.27, "Total Cost": 4.3, "Plan Rows": 2, "Plan Width": 12, "Actual Startup Time": 0.018, "Actual Total Time": 0.019, "Actual Rows": 3, "Actual Loops": 1, "Recheck Cond": "(movie_id = mk.movie_id)", "Rows Removed by Index Recheck": 0, "Filter": "(note IS NULL)", "Rows Removed by Filter": 1, "Exact Heap Blocks": 2, "Lossy Heap Blocks": 2, "Plans": [{"Node Type": "Bitmap Index Scan", "Parent Relationship": "Outer", "Index Name": "movie_id_movie_companies", "Startup Cost": 0.0, "Total Cost": 0.27, "Plan Rows": 2, "Plan Width": 0, "Actual Startup Time": 0.008, "Actual Total Time": 0.008, "Actual Rows": 4, "Actual Loops": 1, "Index Cond": "(movie_id = mk.movie_id)"}]}]}, {"Node Type": "Bitmap Heap Scan", "Parent Relationship": "Inner", "Relation Name": "company_name", "Alias": "cn", "Startup Cost": 0.26, "Total Cost": 4.28, "Plan Rows": 1, "Plan Width": 23, "Actual Startup Time": 0.029, "Actual Total Time": 0.029, "Actual Rows": 2, "Actual Loops": 3, "Recheck Cond": "(id = mc.company_id)", "Rows Removed by Index Recheck": 0, "Filter": "(((country_code)::text <> '[pl]'::text) AND (((name)::text ~~ '%Film%'::text) OR ((name)::text ~~ '%Warner%'::text)))", "Rows Removed by Filter": 1, "Exact Heap Blocks": 3, "Lossy Heap Blocks": 3, "Plans": [{"Node Type": "Bitmap Index Scan", "Parent Relationship": "Outer", "Index Name": "company_name_pkey", "Startup Cost": 0.0, "Total Cost": 0.26, "Plan Rows": 1, "Plan Width": 0, "Actual Startup Time": 0.015, "Actual Total Time": 0.015, "Actual Rows": 3, "Actual Loops": 3, "Index Cond": "(id = mc.company_id)"}]}]}, {"Node Type": "Seq Scan", "Parent Relationship": "Inner", "Relation Name": "company_type", "Alias": "ct", "Startup Cost": 0.0, "Total Cost": 1.04, "Plan Rows": 1, "Plan Width": 4, "Actual Startup Time": 0.009, "Actual Total Time": 0.009, "Actual Rows": 2, "Actual Loops": 2, "Filter": "((kind)::text = 'production companies'::text)", "Rows Removed by Filter": 0}]}, {"Node Type": "Bitmap Heap Scan", "Parent Relationship": "Inner", "Relation Name": "movie_link", "Alias": "ml", "Startup Cost": 0.29, "Total Cost": 4.35, "Plan Rows": 5, "Plan Width": 8, "Actual Startup Time": 0.027, "Actual Total Time": 0.032, "Actual Rows": 38, "Actual Loops": 2, "Recheck Cond": "(movie_id = mk.movie_id)", "Rows Removed by Index Recheck": 0, "Exact Heap Blocks": 2, "Lossy Heap Blocks": 2, "Plans": [{"Node Type": "Bitmap Index Scan", "Parent Relationship": "Outer", "Index Name": "movie_id_movie_link", "Startup Cost": 0.0, "Total Cost": 0.29, "Plan Rows": 5, "Plan Width": 0, "Actual Startup Time": 0.011, "Actual Total Time": 0.011, "Actual Rows": 38, "Actual Loops": 2, "Index Cond": "(movie_id = mk.movie_id)"}]}]}, {"Node Type": "Seq Scan", "Parent Relationship": "Inner", "Relation Name": "link_type", "Alias": "lt", "Startup Cost": 0.0, "Total Cost": 1.21, "Plan Rows": 1, "Plan Width": 16, "Actual Startup Time": 0.294, "Actual Total Time": 0.294, "Actual Rows": 0, "Actual Loops": 38, "Filter": "((link)::text ~~ '%follows%'::text)", "Rows Removed by Filter": 646}]}]}, "Triggers": [], "Planner Runtime": 52.601, "Total Runtime": 124.232, "Unique SQL Id": 4121279504}}, "(1, 19)": {"explain_plan": {"Plan": {"Node Type": "Aggregate", "Strategy": "Plain", "Startup Cost": 1000014795431.67, "Total Cost": 1000014795431.68, "Plan Rows": 1, "Plan Width": 144, "Plans": [{"Node Type": "Nested Loop", "Parent Relationship": "Outer", "Join Type": "Inner", "Startup Cost": 10000000001.97, "Total Cost": 1000014795431.66, "Plan Rows": 1, "Plan Width": 48, "Inner Unique": true, "Plans": [{"Node Type": "Nested Loop", "Parent Relationship": "Outer", "Join Type": "Inner", "Startup Cost": 10000000001.72, "Total Cost": 1000014795427.38, "Plan Rows": 1, "Plan Width": 52, "Inner Unique": true, "Plans": [{"Node Type": "Nested Loop", "Parent Relationship": "Outer", "Join Type": "Inner", "Startup Cost": 10000000001.46, "Total Cost": 1000014795418.82, "Plan Rows": 2, "Plan Width": 44, "Inner Unique": false, "Join Filter": "(t.id = ml.movie_id)", "Plans": [{"Node Type": "Nested Loop", "Parent Relationship": "Outer", "Join Type": "Inner", "Startup Cost": 10000000001.17, "Total Cost": 1000014795414.4, "Plan Rows": 1, "Plan Width": 52, "Inner Unique": true, "Plans": [{"Node Type": "Nested Loop", "Parent Relationship": "Outer", "Join Type": "Inner", "Startup Cost": 10000000000.91, "Total Cost": 1000014795328.75, "Plan Rows": 20, "Plan Width": 56, "Inner Unique": false, "Join Filter": "(t.id = mk.movie_id)", "Plans": [{"Node Type": "Nested Loop", "Parent Relationship": "Outer", "Join Type": "Inner", "Startup Cost": 10000000000.55, "Total Cost": 1000014795319.62, "Plan Rows": 2, "Plan Width": 48, "Inner Unique": true, "Plans": [{"Node Type": "Nested Loop", "Parent Relationship": "Outer", "Join Type": "Inner", "Startup Cost": 10000000000.29, "Total Cost": 1000014795293.88, "Plan Rows": 6, "Plan Width": 33, "Inner Unique": true, "Plans": [{"Node Type": "Index Scan", "Parent Relationship": "Outer", "Scan Direction": "Forward", "Index Name": "company_type_id_movie_companies", "Relation Name": "movie_companies", "Alias": "mc", "Startup Cost": 10000000000.0, "Total Cost": 1000009318217.0, "Plan Rows": 1269486, "Plan Width": 12, "Filter": "(note IS NULL), (LLVM Optimized)"}, {"Node Type": "Bitmap Heap Scan", "Parent Relationship": "Inner", "Relation Name": "title", "Alias": "t", "Startup Cost": 0.29, "Total Cost": 4.3, "Plan Rows": 1, "Plan Width": 21, "Recheck Cond": "(id = mc.movie_id)", "Filter": "(((title)::text ~~ '%Money%'::text) AND (production_year = 1998))", "Plans": [{"Node Type": "Bitmap Index Scan", "Parent Relationship": "Outer", "Index Name": "title_pkey", "Startup Cost": 0.0, "Total Cost": 0.29, "Plan Rows": 1, "Plan Width": 0, "Index Cond": "(id = mc.movie_id)"}]}]}, {"Node Type": "Bitmap Heap Scan", "Parent Relationship": "Inner", "Relation Name": "company_name", "Alias": "cn", "Startup Cost": 0.26, "Total Cost": 4.28, "Plan Rows": 1, "Plan Width": 23, "Recheck Cond": "(id = mc.company_id)", "Filter": "(((country_code)::text <> '[pl]'::text) AND (((name)::text ~~ '%Film%'::text) OR ((name)::text ~~ '%Warner%'::text)))", "Plans": [{"Node Type": "Bitmap Index Scan", "Parent Relationship": "Outer", "Index Name": "company_name_pkey", "Startup Cost": 0.0, "Total Cost": 0.26, "Plan Rows": 1, "Plan Width": 0, "Index Cond": "(id = mc.company_id)"}]}]}, {"Node Type": "Bitmap Heap Scan", "Parent Relationship": "Inner", "Relation Name": "movie_keyword", "Alias": "mk", "Startup Cost": 0.37, "Total Cost": 4.47, "Plan Rows": 8, "Plan Width": 8, "Recheck Cond": "(movie_id = mc.movie_id)", "Plans": [{"Node Type": "Bitmap Index Scan", "Parent Relationship": "Outer", "Index Name": "movie_id_movie_keyword", "Startup Cost": 0.0, "Total Cost": 0.36, "Plan Rows": 8, "Plan Width": 0, "Index Cond": "(movie_id = mc.movie_id)"}]}]}, {"Node Type": "Bitmap Heap Scan", "Parent Relationship": "Inner", "Relation Name": "keyword", "Alias": "k", "Startup Cost": 0.26, "Total Cost": 4.27, "Plan Rows": 1, "Plan Width": 4, "Recheck Cond": "(id = mk.keyword_id)", "Filter": "((keyword)::text = 'sequel'::text)", "Plans": [{"Node Type": "Bitmap Index Scan", "Parent Relationship": "Outer", "Index Name": "keyword_pkey", "Startup Cost": 0.0, "Total Cost": 0.26, "Plan Rows": 1, "Plan Width": 0, "Index Cond": "(id = mk.keyword_id)"}]}]}, {"Node Type": "Bitmap Heap Scan", "Parent Relationship": "Inner", "Relation Name": "movie_link", "Alias": "ml", "Startup Cost": 0.29, "Total Cost": 4.35, "Plan Rows": 5, "Plan Width": 8, "Recheck Cond": "(movie_id = mk.movie_id)", "Plans": [{"Node Type": "Bitmap Index Scan", "Parent Relationship": "Outer", "Index Name": "movie_id_movie_link", "Startup Cost": 0.0, "Total Cost": 0.29, "Plan Rows": 5, "Plan Width": 0, "Index Cond": "(movie_id = mk.movie_id)"}]}]}, {"Node Type": "Bitmap Heap Scan", "Parent Relationship": "Inner", "Relation Name": "link_type", "Alias": "lt", "Startup Cost": 0.26, "Total Cost": 4.27, "Plan Rows": 1, "Plan Width": 16, "Recheck Cond": "(id = ml.link_type_id)", "Filter": "((link)::text ~~ '%follows%'::text)", "Plans": [{"Node Type": "Bitmap Index Scan", "Parent Relationship": "Outer", "Index Name": "link_type_pkey", "Startup Cost": 0.0, "Total Cost": 0.26, "Plan Rows": 1, "Plan Width": 0, "Index Cond": "(id = ml.link_type_id)"}]}]}, {"Node Type": "Bitmap Heap Scan", "Parent Relationship": "Inner", "Relation Name": "company_type", "Alias": "ct", "Startup Cost": 0.26, "Total Cost": 4.27, "Plan Rows": 1, "Plan Width": 4, "Recheck Cond": "(id = mc.company_type_id)", "Filter": "((kind)::text = 'production companies'::text)", "Plans": [{"Node Type": "Bitmap Index Scan", "Parent Relationship": "Outer", "Index Name": "company_type_pkey", "Startup Cost": 0.0, "Total Cost": 0.26, "Plan Rows": 1, "Plan Width": 0, "Index Cond": "(id = mc.company_type_id)"}]}]}]}, "Unique SQL Id": 4121279504}, "explain_analyze_plan": null}, "(1, 20)": {"explain_plan": {"Plan": {"Node Type": "Aggregate", "Strategy": "Plain", "Startup Cost": 2581.34, "Total Cost": 2581.35, "Plan Rows": 1, "Plan Width": 144, "Plans": [{"Node Type": "Nested Loop", "Parent Relationship": "Outer", "Join Type": "Inner", "Startup Cost": 4.51, "Total Cost": 2581.33, "Plan Rows": 1, "Plan Width": 48, "Inner Unique": true, "Plans": [{"Node Type": "Nested Loop", "Parent Relationship": "Outer", "Join Type": "Inner", "Startup Cost": 4.51, "Total Cost": 2581.05, "Plan Rows": 1, "Plan Width": 40, "Inner Unique": false, "Join Filter": "(t.id = ml.movie_id)", "Plans": [{"Node Type": "Nested Loop", "Parent Relationship": "Outer", "Join Type": "Inner", "Startup Cost": 4.51, "Total Cost": 2580.63, "Plan Rows": 1, "Plan Width": 48, "Inner Unique": true, "Plans": [{"Node Type": "Nested Loop", "Parent Relationship": "Outer", "Join Type": "Inner", "Startup Cost": 4.51, "Total Cost": 2580.35, "Plan Rows": 1, "Plan Width": 52, "Inner Unique": true, "Plans": [{"Node Type": "Nested Loop", "Parent Relationship": "Outer", "Join Type": "Inner", "Startup Cost": 4.51, "Total Cost": 2580.05, "Plan Rows": 1, "Plan Width": 37, "Inner Unique": false, "Join Filter": "(t.id = mc.movie_id)", "Plans": [{"Node Type": "Nested Loop", "Parent Relationship": "Outer", "Join Type": "Inner", "Startup Cost": 4.51, "Total Cost": 2579.71, "Plan Rows": 1, "Plan Width": 25, "Inner Unique": true, "Plans": [{"Node Type": "Nested Loop", "Parent Relationship": "Outer", "Join Type": "Inner", "Startup Cost": 4.51, "Total Cost": 2569.02, "Plan Rows": 33, "Plan Width": 4, "Inner Unique": false, "Plans": [{"Node Type": "Seq Scan", "Parent Relationship": "Outer", "Relation Name": "keyword", "Alias": "k", "Startup Cost": 0.0, "Total Cost": 2436.11, "Plan Rows": 1, "Plan Width": 4, "Filter": "((keyword)::text = 'sequel'::text)"}, {"Node Type": "Bitmap Heap Scan", "Parent Relationship": "Inner", "Relation Name": "movie_keyword", "Alias": "mk", "Startup Cost": 4.51, "Total Cost": 132.58, "Plan Rows": 33, "Plan Width": 8, "Recheck Cond": "(keyword_id = k.id)", "Plans": [{"Node Type": "Bitmap Index Scan", "Parent Relationship": "Outer", "Index Name": "keyword_id_movie_keyword", "Startup Cost": 0.0, "Total Cost": 4.5, "Plan Rows": 33, "Plan Width": 0, "Index Cond": "(keyword_id = k.id)"}]}]}, {"Node Type": "Index Scan", "Parent Relationship": "Inner", "Scan Direction": "Forward", "Index Name": "title_pkey", "Relation Name": "title", "Alias": "t", "Startup Cost": 0.0, "Total Cost": 0.31, "Plan Rows": 1, "Plan Width": 21, "Index Cond": "(id = mk.movie_id)", "Filter": "(((title)::text ~~ '%Money%'::text) AND (production_year = 1998))"}]}, {"Node Type": "Index Scan", "Parent Relationship": "Inner", "Scan Direction": "Forward", "Index Name": "movie_id_movie_companies", "Relation Name": "movie_companies", "Alias": "mc", "Startup Cost": 0.0, "Total Cost": 0.31, "Plan Rows": 2, "Plan Width": 12, "Index Cond": "(movie_id = mk.movie_id)", "Filter": "(note IS NULL)"}]}, {"Node Type": "Index Scan", "Parent Relationship": "Inner", "Scan Direction": "Forward", "Index Name": "company_name_pkey", "Relation Name": "company_name", "Alias": "cn", "Startup Cost": 0.0, "Total Cost": 0.29, "Plan Rows": 1, "Plan Width": 23, "Index Cond": "(id = mc.company_id)", "Filter": "(((country_code)::text <> '[pl]'::text) AND (((name)::text ~~ '%Film%'::text) OR ((name)::text ~~ '%Warner%'::text)))"}]}, {"Node Type": "Index Scan", "Parent Relationship": "Inner", "Scan Direction": "Forward", "Index Name": "company_type_pkey", "Relation Name": "company_type", "Alias": "ct", "Startup Cost": 0.0, "Total Cost": 0.27, "Plan Rows": 1, "Plan Width": 4, "Index Cond": "(id = mc.company_type_id)", "Filter": "((kind)::text = 'production companies'::text)"}]}, {"Node Type": "Index Scan", "Parent Relationship": "Inner", "Scan Direction": "Forward", "Index Name": "movie_id_movie_link", "Relation Name": "movie_link", "Alias": "ml", "Startup Cost": 0.0, "Total Cost": 0.35, "Plan Rows": 5, "Plan Width": 8, "Index Cond": "(movie_id = mk.movie_id)"}]}, {"Node Type": "Index Scan", "Parent Relationship": "Inner", "Scan Direction": "Forward", "Index Name": "link_type_pkey", "Relation Name": "link_type", "Alias": "lt", "Startup Cost": 0.0, "Total Cost": 0.27, "Plan Rows": 1, "Plan Width": 16, "Index Cond": "(id = ml.link_type_id)", "Filter": "((link)::text ~~ '%follows%'::text)"}]}]}, "Unique SQL Id": 4121279504}, "explain_analyze_plan": {"Plan": {"Node Type": "Aggregate", "Strategy": "Plain", "Startup Cost": 2581.34, "Total Cost": 2581.35, "Plan Rows": 1, "Plan Width": 144, "Actual Startup Time": 107.057, "Actual Total Time": 107.057, "Actual Rows": 1, "Actual Loops": 1, "Plans": [{"Node Type": "Nested Loop", "Parent Relationship": "Outer", "Join Type": "Inner", "Startup Cost": 4.51, "Total Cost": 2581.33, "Plan Rows": 1, "Plan Width": 48, "Actual Startup Time": 107.047, "Actual Total Time": 107.047, "Actual Rows": 0, "Actual Loops": 1, "Inner Unique": true, "Plans": [{"Node Type": "Nested Loop", "Parent Relationship": "Outer", "Join Type": "Inner", "Startup Cost": 4.51, "Total Cost": 2581.05, "Plan Rows": 1, "Plan Width": 40, "Actual Startup Time": 5.482, "Actual Total Time": 106.959, "Actual Rows": 38, "Actual Loops": 1, "Inner Unique": false, "Join Filter": "(t.id = ml.movie_id)", "Rows Removed by Join Filter": 0, "Plans": [{"Node Type": "Nested Loop", "Parent Relationship": "Outer", "Join Type": "Inner", "Startup Cost": 4.51, "Total Cost": 2580.63, "Plan Rows": 1, "Plan Width": 48, "Actual Startup Time": 5.471, "Actual Total Time": 106.908, "Actual Rows": 2, "Actual Loops": 1, "Inner Unique": true, "Plans": [{"Node Type": "Nested Loop", "Parent Relationship": "Outer", "Join Type": "Inner", "Startup Cost": 4.51, "Total Cost": 2580.35, "Plan Rows": 1, "Plan Width": 52, "Actual Startup Time": 5.461, "Actual Total Time": 106.893, "Actual Rows": 2, "Actual Loops": 1, "Inner Unique": true, "Plans": [{"Node Type": "Nested Loop", "Parent Relationship": "Outer", "Join Type": "Inner", "Startup Cost": 4.51, "Total Cost": 2580.05, "Plan Rows": 1, "Plan Width": 37, "Actual Startup Time": 5.448, "Actual Total Time": 106.864, "Actual Rows": 3, "Actual Loops": 1, "Inner Unique": false, "Join Filter": "(t.id = mc.movie_id)", "Rows Removed by Join Filter": 0, "Plans": [{"Node Type": "Nested Loop", "Parent Relationship": "Outer", "Join Type": "Inner", "Startup Cost": 4.51, "Total Cost": 2579.71, "Plan Rows": 1, "Plan Width": 25, "Actual Startup Time": 5.434, "Actual Total Time": 106.846, "Actual Rows": 1, "Actual Loops": 1, "Inner Unique": true, "Plans": [{"Node Type": "Nested Loop", "Parent Relationship": "Outer", "Join Type": "Inner", "Startup Cost": 4.51, "Total Cost": 2569.02, "Plan Rows": 33, "Plan Width": 4, "Actual Startup Time": 5.175, "Actual Total Time": 57.215, "Actual Rows": 10544, "Actual Loops": 1, "Inner Unique": false, "Plans": [{"Node Type": "Seq Scan", "Parent Relationship": "Outer", "Relation Name": "keyword", "Alias": "k", "Startup Cost": 0.0, "Total Cost": 2436.11, "Plan Rows": 1, "Plan Width": 4, "Actual Startup Time": 2.299, "Actual Total Time": 40.531, "Actual Rows": 1, "Actual Loops": 1, "Filter": "((keyword)::text = 'sequel'::text)", "Rows Removed by Filter": 134168}, {"Node Type": "Bitmap Heap Scan", "Parent Relationship": "Inner", "Relation Name": "movie_keyword", "Alias": "mk", "Startup Cost": 4.51, "Total Cost": 132.58, "Plan Rows": 33, "Plan Width": 8, "Actual Startup Time": 2.868, "Actual Total Time": 14.547, "Actual Rows": 10544, "Actual Loops": 1, "Recheck Cond": "(keyword_id = k.id)", "Rows Removed by Index Recheck": 0, "Exact Heap Blocks": 5090, "Lossy Heap Blocks": 5090, "Plans": [{"Node Type": "Bitmap Index Scan", "Parent Relationship": "Outer", "Index Name": "keyword_id_movie_keyword", "Startup Cost": 0.0, "Total Cost": 4.5, "Plan Rows": 33, "Plan Width": 0, "Actual Startup Time": 1.963, "Actual Total Time": 1.963, "Actual Rows": 10544, "Actual Loops": 1, "Index Cond": "(keyword_id = k.id)"}]}]}, {"Node Type": "Index Scan", "Parent Relationship": "Inner", "Scan Direction": "Forward", "Index Name": "title_pkey", "Relation Name": "title", "Alias": "t", "Startup Cost": 0.0, "Total Cost": 0.31, "Plan Rows": 1, "Plan Width": 21, "Actual Startup Time": 44.363, "Actual Total Time": 44.363, "Actual Rows": 1, "Actual Loops": 10544, "Index Cond": "(id = mk.movie_id)", "Rows Removed by Index Recheck": 0, "Filter": "(((title)::text ~~ '%Money%'::text) AND (production_year = 1998))", "Rows Removed by Filter": 10543}]}, {"Node Type": "Index Scan", "Parent Relationship": "Inner", "Scan Direction": "Forward", "Index Name": "movie_id_movie_companies", "Relation Name": "movie_companies", "Alias": "mc", "Startup Cost": 0.0, "Total Cost": 0.31, "Plan Rows": 2, "Plan Width": 12, "Actual Startup Time": 0.011, "Actual Total Time": 0.014, "Actual Rows": 3, "Actual Loops": 1, "Index Cond": "(movie_id = mk.movie_id)", "Rows Removed by Index Recheck": 0, "Filter": "(note IS NULL)", "Rows Removed by Filter": 1}]}, {"Node Type": "Index Scan", "Parent Relationship": "Inner", "Scan Direction": "Forward", "Index Name": "company_name_pkey", "Relation Name": "company_name", "Alias": "cn", "Startup Cost": 0.0, "Total Cost": 0.29, "Plan Rows": 1, "Plan Width": 23, "Actual Startup Time": 0.025, "Actual Total Time": 0.025, "Actual Rows": 2, "Actual Loops": 3, "Index Cond": "(id = mc.company_id)", "Rows Removed by Index Recheck": 0, "Filter": "(((country_code)::text <> '[pl]'::text) AND (((name)::text ~~ '%Film%'::text) OR ((name)::text ~~ '%Warner%'::text)))", "Rows Removed by Filter": 1}]}, {"Node Type": "Index Scan", "Parent Relationship": "Inner", "Scan Direction": "Forward", "Index Name": "company_type_pkey", "Relation Name": "company_type", "Alias": "ct", "Startup Cost": 0.0, "Total Cost": 0.27, "Plan Rows": 1, "Plan Width": 4, "Actual Startup Time": 0.01, "Actual Total Time": 0.01, "Actual Rows": 2, "Actual Loops": 2, "Index Cond": "(id = mc.company_type_id)", "Rows Removed by Index Recheck": 0, "Filter": "((kind)::text = 'production companies'::text)", "Rows Removed by Filter": 0}]}, {"Node Type": "Index Scan", "Parent Relationship": "Inner", "Scan Direction": "Forward", "Index Name": "movie_id_movie_link", "Relation Name": "movie_link", "Alias": "ml", "Startup Cost": 0.0, "Total Cost": 0.35, "Plan Rows": 5, "Plan Width": 8, "Actual Startup Time": 0.011, "Actual Total Time": 0.027, "Actual Rows": 38, "Actual Loops": 2, "Index Cond": "(movie_id = mk.movie_id)", "Rows Removed by Index Recheck": 0}]}, {"Node Type": "Index Scan", "Parent Relationship": "Inner", "Scan Direction": "Forward", "Index Name": "link_type_pkey", "Relation Name": "link_type", "Alias": "lt", "Startup Cost": 0.0, "Total Cost": 0.27, "Plan Rows": 1, "Plan Width": 16, "Actual Startup Time": 0.073, "Actual Total Time": 0.073, "Actual Rows": 0, "Actual Loops": 38, "Index Cond": "(id = ml.link_type_id)", "Rows Removed by Index Recheck": 0, "Filter": "((link)::text ~~ '%follows%'::text)", "Rows Removed by Filter": 24}]}]}, "Triggers": [], "Planner Runtime": 64.386, "Total Runtime": 107.455, "Unique SQL Id": 4121279504}}, "(1, 21)": {"explain_plan": {"Plan": {"Node Type": "Aggregate", "Strategy": "Plain", "Startup Cost": 3327.94, "Total Cost": 3327.95, "Plan Rows": 1, "Plan Width": 144, "Plans": [{"Node Type": "Nested Loop", "Parent Relationship": "Outer", "Join Type": "Inner", "Startup Cost": 4.51, "Total Cost": 3327.93, "Plan Rows": 1, "Plan Width": 48, "Inner Unique": true, "Plans": [{"Node Type": "Nested Loop", "Parent Relationship": "Outer", "Join Type": "Inner", "Startup Cost": 4.51, "Total Cost": 3327.65, "Plan Rows": 1, "Plan Width": 40, "Inner Unique": false, "Join Filter": "(t.id = ml.movie_id)", "Plans": [{"Node Type": "Nested Loop", "Parent Relationship": "Outer", "Join Type": "Inner", "Startup Cost": 4.51, "Total Cost": 3327.24, "Plan Rows": 1, "Plan Width": 48, "Inner Unique": true, "Plans": [{"Node Type": "Nested Loop", "Parent Relationship": "Outer", "Join Type": "Inner", "Startup Cost": 4.51, "Total Cost": 3326.95, "Plan Rows": 1, "Plan Width": 52, "Inner Unique": true, "Plans": [{"Node Type": "Nested Loop", "Parent Relationship": "Outer", "Join Type": "Inner", "Startup Cost": 4.51, "Total Cost": 3326.66, "Plan Rows": 1, "Plan Width": 37, "Inner Unique": false, "Join Filter": "(t.id = mc.movie_id)", "Plans": [{"Node Type": "Nested Loop", "Parent Relationship": "Outer", "Join Type": "Inner", "Startup Cost": 4.51, "Total Cost": 3326.32, "Plan Rows": 1, "Plan Width": 25, "Inner Unique": true, "Plans": [{"Node Type": "Nested Loop", "Parent Relationship": "Outer", "Join Type": "Inner", "Startup Cost": 4.51, "Total Cost": 3315.63, "Plan Rows": 33, "Plan Width": 4, "Inner Unique": false, "Plans": [{"Node Type": "Index Scan", "Parent Relationship": "Outer", "Scan Direction": "Forward", "Index Name": "keyword_pkey", "Relation Name": "keyword", "Alias": "k", "Startup Cost": 0.0, "Total Cost": 3182.72, "Plan Rows": 1, "Plan Width": 4, "Filter": "((keyword)::text = 'sequel'::text)"}, {"Node Type": "Bitmap Heap Scan", "Parent Relationship": "Inner", "Relation Name": "movie_keyword", "Alias": "mk", "Startup Cost": 4.51, "Total Cost": 132.58, "Plan Rows": 33, "Plan Width": 8, "Recheck Cond": "(keyword_id = k.id)", "Plans": [{"Node Type": "Bitmap Index Scan", "Parent Relationship": "Outer", "Index Name": "keyword_id_movie_keyword", "Startup Cost": 0.0, "Total Cost": 4.5, "Plan Rows": 33, "Plan Width": 0, "Index Cond": "(keyword_id = k.id)"}]}]}, {"Node Type": "Index Scan", "Parent Relationship": "Inner", "Scan Direction": "Forward", "Index Name": "title_pkey", "Relation Name": "title", "Alias": "t", "Startup Cost": 0.0, "Total Cost": 0.31, "Plan Rows": 1, "Plan Width": 21, "Index Cond": "(id = mk.movie_id)", "Filter": "(((title)::text ~~ '%Money%'::text) AND (production_year = 1998))"}]}, {"Node Type": "Index Scan", "Parent Relationship": "Inner", "Scan Direction": "Forward", "Index Name": "movie_id_movie_companies", "Relation Name": "movie_companies", "Alias": "mc", "Startup Cost": 0.0, "Total Cost": 0.31, "Plan Rows": 2, "Plan Width": 12, "Index Cond": "(movie_id = mk.movie_id)", "Filter": "(note IS NULL)"}]}, {"Node Type": "Index Scan", "Parent Relationship": "Inner", "Scan Direction": "Forward", "Index Name": "company_name_pkey", "Relation Name": "company_name", "Alias": "cn", "Startup Cost": 0.0, "Total Cost": 0.29, "Plan Rows": 1, "Plan Width": 23, "Index Cond": "(id = mc.company_id)", "Filter": "(((country_code)::text <> '[pl]'::text) AND (((name)::text ~~ '%Film%'::text) OR ((name)::text ~~ '%Warner%'::text)))"}]}, {"Node Type": "Index Scan", "Parent Relationship": "Inner", "Scan Direction": "Forward", "Index Name": "company_type_pkey", "Relation Name": "company_type", "Alias": "ct", "Startup Cost": 0.0, "Total Cost": 0.27, "Plan Rows": 1, "Plan Width": 4, "Index Cond": "(id = mc.company_type_id)", "Filter": "((kind)::text = 'production companies'::text)"}]}, {"Node Type": "Index Scan", "Parent Relationship": "Inner", "Scan Direction": "Forward", "Index Name": "movie_id_movie_link", "Relation Name": "movie_link", "Alias": "ml", "Startup Cost": 0.0, "Total Cost": 0.35, "Plan Rows": 5, "Plan Width": 8, "Index Cond": "(movie_id = mk.movie_id)"}]}, {"Node Type": "Index Scan", "Parent Relationship": "Inner", "Scan Direction": "Forward", "Index Name": "link_type_pkey", "Relation Name": "link_type", "Alias": "lt", "Startup Cost": 0.0, "Total Cost": 0.27, "Plan Rows": 1, "Plan Width": 16, "Index Cond": "(id = ml.link_type_id)", "Filter": "((link)::text ~~ '%follows%'::text)"}]}]}, "Unique SQL Id": 4121279504}, "explain_analyze_plan": {"Plan": {"Node Type": "Aggregate", "Strategy": "Plain", "Startup Cost": 3327.94, "Total Cost": 3327.95, "Plan Rows": 1, "Plan Width": 144, "Actual Startup Time": 181.02, "Actual Total Time": 181.021, "Actual Rows": 1, "Actual Loops": 1, "Plans": [{"Node Type": "Nested Loop", "Parent Relationship": "Outer", "Join Type": "Inner", "Startup Cost": 4.51, "Total Cost": 3327.93, "Plan Rows": 1, "Plan Width": 48, "Actual Startup Time": 181.01, "Actual Total Time": 181.01, "Actual Rows": 0, "Actual Loops": 1, "Inner Unique": true, "Plans": [{"Node Type": "Nested Loop", "Parent Relationship": "Outer", "Join Type": "Inner", "Startup Cost": 4.51, "Total Cost": 3327.65, "Plan Rows": 1, "Plan Width": 40, "Actual Startup Time": 3.646, "Actual Total Time": 180.923, "Actual Rows": 38, "Actual Loops": 1, "Inner Unique": false, "Join Filter": "(t.id = ml.movie_id)", "Rows Removed by Join Filter": 0, "Plans": [{"Node Type": "Nested Loop", "Parent Relationship": "Outer", "Join Type": "Inner", "Startup Cost": 4.51, "Total Cost": 3327.24, "Plan Rows": 1, "Plan Width": 48, "Actual Startup Time": 3.636, "Actual Total Time": 180.883, "Actual Rows": 2, "Actual Loops": 1, "Inner Unique": true, "Plans": [{"Node Type": "Nested Loop", "Parent Relationship": "Outer", "Join Type": "Inner", "Startup Cost": 4.51, "Total Cost": 3326.95, "Plan Rows": 1, "Plan Width": 52, "Actual Startup Time": 3.627, "Actual Total Time": 180.869, "Actual Rows": 2, "Actual Loops": 1, "Inner Unique": true, "Plans": [{"Node Type": "Nested Loop", "Parent Relationship": "Outer", "Join Type": "Inner", "Startup Cost": 4.51, "Total Cost": 3326.66, "Plan Rows": 1, "Plan Width": 37, "Actual Startup Time": 3.613, "Actual Total Time": 180.84, "Actual Rows": 3, "Actual Loops": 1, "Inner Unique": false, "Join Filter": "(t.id = mc.movie_id)", "Rows Removed by Join Filter": 0, "Plans": [{"Node Type": "Nested Loop", "Parent Relationship": "Outer", "Join Type": "Inner", "Startup Cost": 4.51, "Total Cost": 3326.32, "Plan Rows": 1, "Plan Width": 25, "Actual Startup Time": 3.597, "Actual Total Time": 180.82, "Actual Rows": 1, "Actual Loops": 1, "Inner Unique": true, "Plans": [{"Node Type": "Nested Loop", "Parent Relationship": "Outer", "Join Type": "Inner", "Startup Cost": 4.51, "Total Cost": 3315.63, "Plan Rows": 33, "Plan Width": 4, "Actual Startup Time": 3.337, "Actual Total Time": 130.626, "Actual Rows": 10544, "Actual Loops": 1, "Inner Unique": false, "Plans": [{"Node Type": "Index Scan", "Parent Relationship": "Outer", "Scan Direction": "Forward", "Index Name": "keyword_pkey", "Relation Name": "keyword", "Alias": "k", "Startup Cost": 0.0, "Total Cost": 3182.72, "Plan Rows": 1, "Plan Width": 4, "Actual Startup Time": 0.436, "Actual Total Time": 113.393, "Actual Rows": 1, "Actual Loops": 1, "Filter": "((keyword)::text = 'sequel'::text)", "Rows Removed by Filter": 134168}, {"Node Type": "Bitmap Heap Scan", "Parent Relationship": "Inner", "Relation Name": "movie_keyword", "Alias": "mk", "Startup Cost": 4.51, "Total Cost": 132.58, "Plan Rows": 33, "Plan Width": 8, "Actual Startup Time": 2.893, "Actual Total Time": 14.881, "Actual Rows": 10544, "Actual Loops": 1, "Recheck Cond": "(keyword_id = k.id)", "Rows Removed by Index Recheck": 0, "Exact Heap Blocks": 5090, "Lossy Heap Blocks": 5090, "Plans": [{"Node Type": "Bitmap Index Scan", "Parent Relationship": "Outer", "Index Name": "keyword_id_movie_keyword", "Startup Cost": 0.0, "Total Cost": 4.5, "Plan Rows": 33, "Plan Width": 0, "Actual Startup Time": 1.993, "Actual Total Time": 1.993, "Actual Rows": 10544, "Actual Loops": 1, "Index Cond": "(keyword_id = k.id)"}]}]}, {"Node Type": "Index Scan", "Parent Relationship": "Inner", "Scan Direction": "Forward", "Index Name": "title_pkey", "Relation Name": "title", "Alias": "t", "Startup Cost": 0.0, "Total Cost": 0.31, "Plan Rows": 1, "Plan Width": 21, "Actual Startup Time": 44.981, "Actual Total Time": 44.981, "Actual Rows": 1, "Actual Loops": 10544, "Index Cond": "(id = mk.movie_id)", "Rows Removed by Index Recheck": 0, "Filter": "(((title)::text ~~ '%Money%'::text) AND (production_year = 1998))", "Rows Removed by Filter": 10543}]}, {"Node Type": "Index Scan", "Parent Relationship": "Inner", "Scan Direction": "Forward", "Index Name": "movie_id_movie_companies", "Relation Name": "movie_companies", "Alias": "mc", "Startup Cost": 0.0, "Total Cost": 0.31, "Plan Rows": 2, "Plan Width": 12, "Actual Startup Time": 0.012, "Actual Total Time": 0.013, "Actual Rows": 3, "Actual Loops": 1, "Index Cond": "(movie_id = mk.movie_id)", "Rows Removed by Index Recheck": 0, "Filter": "(note IS NULL)", "Rows Removed by Filter": 1}]}, {"Node Type": "Index Scan", "Parent Relationship": "Inner", "Scan Direction": "Forward", "Index Name": "company_name_pkey", "Relation Name": "company_name", "Alias": "cn", "Startup Cost": 0.0, "Total Cost": 0.29, "Plan Rows": 1, "Plan Width": 23, "Actual Startup Time": 0.023, "Actual Total Time": 0.023, "Actual Rows": 2, "Actual Loops": 3, "Index Cond": "(id = mc.company_id)", "Rows Removed by Index Recheck": 0, "Filter": "(((country_code)::text <> '[pl]'::text) AND (((name)::text ~~ '%Film%'::text) OR ((name)::text ~~ '%Warner%'::text)))", "Rows Removed by Filter": 1}]}, {"Node Type": "Index Scan", "Parent Relationship": "Inner", "Scan Direction": "Forward", "Index Name": "company_type_pkey", "Relation Name": "company_type", "Alias": "ct", "Startup Cost": 0.0, "Total Cost": 0.27, "Plan Rows": 1, "Plan Width": 4, "Actual Startup Time": 0.009, "Actual Total Time": 0.009, "Actual Rows": 2, "Actual Loops": 2, "Index Cond": "(id = mc.company_type_id)", "Rows Removed by Index Recheck": 0, "Filter": "((kind)::text = 'production companies'::text)", "Rows Removed by Filter": 0}]}, {"Node Type": "Index Scan", "Parent Relationship": "Inner", "Scan Direction": "Forward", "Index Name": "movie_id_movie_link", "Relation Name": "movie_link", "Alias": "ml", "Startup Cost": 0.0, "Total Cost": 0.35, "Plan Rows": 5, "Plan Width": 8, "Actual Startup Time": 0.011, "Actual Total Time": 0.023, "Actual Rows": 38, "Actual Loops": 2, "Index Cond": "(movie_id = mk.movie_id)", "Rows Removed by Index Recheck": 0}]}, {"Node Type": "Index Scan", "Parent Relationship": "Inner", "Scan Direction": "Forward", "Index Name": "link_type_pkey", "Relation Name": "link_type", "Alias": "lt", "Startup Cost": 0.0, "Total Cost": 0.27, "Plan Rows": 1, "Plan Width": 16, "Actual Startup Time": 0.063, "Actual Total Time": 0.063, "Actual Rows": 0, "Actual Loops": 38, "Index Cond": "(id = ml.link_type_id)", "Rows Removed by Index Recheck": 0, "Filter": "((link)::text ~~ '%follows%'::text)", "Rows Removed by Filter": 24}]}]}, "Triggers": [], "Planner Runtime": 58.021, "Total Runtime": 181.432, "Unique SQL Id": 4121279504}}, "(1, 22)": {"explain_plan": {"Plan": {"Node Type": "Aggregate", "Strategy": "Plain", "Startup Cost": 2726.02, "Total Cost": 2726.03, "Plan Rows": 1, "Plan Width": 144, "Plans": [{"Node Type": "Nested Loop", "Parent Relationship": "Outer", "Join Type": "Inner", "Startup Cost": 5.59, "Total Cost": 2726.01, "Plan Rows": 1, "Plan Width": 48, "Inner Unique": true, "Join Filter": "(ml.link_type_id = lt.id)", "Plans": [{"Node Type": "Nested Loop", "Parent Relationship": "Outer", "Join Type": "Inner", "Startup Cost": 5.59, "Total Cost": 2724.78, "Plan Rows": 1, "Plan Width": 40, "Inner Unique": false, "Join Filter": "(t.id = ml.movie_id)", "Plans": [{"Node Type": "Nested Loop", "Parent Relationship": "Outer", "Join Type": "Inner", "Startup Cost": 5.3, "Total Cost": 2720.37, "Plan Rows": 1, "Plan Width": 48, "Inner Unique": true, "Join Filter": "(mc.company_type_id = ct.id)", "Plans": [{"Node Type": "Nested Loop", "Parent Relationship": "Outer", "Join Type": "Inner", "Startup Cost": 5.3, "Total Cost": 2719.32, "Plan Rows": 1, "Plan Width": 52, "Inner Unique": true, "Plans": [{"Node Type": "Nested Loop", "Parent Relationship": "Outer", "Join Type": "Inner", "Startup Cost": 5.05, "Total Cost": 2715.03, "Plan Rows": 1, "Plan Width": 37, "Inner Unique": false, "Join Filter": "(t.id = mc.movie_id)", "Plans": [{"Node Type": "Nested Loop", "Parent Relationship": "Outer", "Join Type": "Inner", "Startup Cost": 4.77, "Total Cost": 2710.71, "Plan Rows": 1, "Plan Width": 25, "Inner Unique": true, "Plans": [{"Node Type": "Nested Loop", "Parent Relationship": "Outer", "Join Type": "Inner", "Startup Cost": 4.51, "Total Cost": 2569.02, "Plan Rows": 33, "Plan Width": 4, "Inner Unique": false, "Plans": [{"Node Type": "Seq Scan", "Parent Relationship": "Outer", "Relation Name": "keyword", "Alias": "k", "Startup Cost": 0.0, "Total Cost": 2436.11, "Plan Rows": 1, "Plan Width": 4, "Filter": "((keyword)::text = 'sequel'::text)"}, {"Node Type": "Bitmap Heap Scan", "Parent Relationship": "Inner", "Relation Name": "movie_keyword", "Alias": "mk", "Startup Cost": 4.51, "Total Cost": 132.58, "Plan Rows": 33, "Plan Width": 8, "Recheck Cond": "(keyword_id = k.id)", "Plans": [{"Node Type": "Bitmap Index Scan", "Parent Relationship": "Outer", "Index Name": "keyword_id_movie_keyword", "Startup Cost": 0.0, "Total Cost": 4.5, "Plan Rows": 33, "Plan Width": 0, "Index Cond": "(keyword_id = k.id)"}]}]}, {"Node Type": "Bitmap Heap Scan", "Parent Relationship": "Inner", "Relation Name": "title", "Alias": "t", "Startup Cost": 0.27, "Total Cost": 4.28, "Plan Rows": 1, "Plan Width": 21, "Recheck Cond": "(id = mk.movie_id)", "Filter": "(((title)::text ~~ '%Money%'::text) AND (production_year = 1998))", "Plans": [{"Node Type": "Bitmap Index Scan", "Parent Relationship": "Outer", "Index Name": "title_pkey", "Startup Cost": 0.0, "Total Cost": 0.27, "Plan Rows": 1, "Plan Width": 0, "Index Cond": "(id = mk.movie_id)"}]}]}, {"Node Type": "Bitmap Heap Scan", "Parent Relationship": "Inner", "Relation Name": "movie_companies", "Alias": "mc", "Startup Cost": 0.27, "Total Cost": 4.3, "Plan Rows": 2, "Plan Width": 12, "Recheck Cond": "(movie_id = mk.movie_id)", "Filter": "(note IS NULL)", "Plans": [{"Node Type": "Bitmap Index Scan", "Parent Relationship": "Outer", "Index Name": "movie_id_movie_companies", "Startup Cost": 0.0, "Total Cost": 0.27, "Plan Rows": 2, "Plan Width": 0, "Index Cond": "(movie_id = mk.movie_id)"}]}]}, {"Node Type": "Bitmap Heap Scan", "Parent Relationship": "Inner", "Relation Name": "company_name", "Alias": "cn", "Startup Cost": 0.26, "Total Cost": 4.28, "Plan Rows": 1, "Plan Width": 23, "Recheck Cond": "(id = mc.company_id)", "Filter": "(((country_code)::text <> '[pl]'::text) AND (((name)::text ~~ '%Film%'::text) OR ((name)::text ~~ '%Warner%'::text)))", "Plans": [{"Node Type": "Bitmap Index Scan", "Parent Relationship": "Outer", "Index Name": "company_name_pkey", "Startup Cost": 0.0, "Total Cost": 0.26, "Plan Rows": 1, "Plan Width": 0, "Index Cond": "(id = mc.company_id)"}]}]}, {"Node Type": "Seq Scan", "Parent Relationship": "Inner", "Relation Name": "company_type", "Alias": "ct", "Startup Cost": 0.0, "Total Cost": 1.04, "Plan Rows": 1, "Plan Width": 4, "Filter": "((kind)::text = 'production companies'::text)"}]}, {"Node Type": "Bitmap Heap Scan", "Parent Relationship": "Inner", "Relation Name": "movie_link", "Alias": "ml", "Startup Cost": 0.29, "Total Cost": 4.35, "Plan Rows": 5, "Plan Width": 8, "Recheck Cond": "(movie_id = mk.movie_id)", "Plans": [{"Node Type": "Bitmap Index Scan", "Parent Relationship": "Outer", "Index Name": "movie_id_movie_link", "Startup Cost": 0.0, "Total Cost": 0.29, "Plan Rows": 5, "Plan Width": 0, "Index Cond": "(movie_id = mk.movie_id)"}]}]}, {"Node Type": "Seq Scan", "Parent Relationship": "Inner", "Relation Name": "link_type", "Alias": "lt", "Startup Cost": 0.0, "Total Cost": 1.21, "Plan Rows": 1, "Plan Width": 16, "Filter": "((link)::text ~~ '%follows%'::text)"}]}]}, "Unique SQL Id": 4121279504}, "explain_analyze_plan": {"Plan": {"Node Type": "Aggregate", "Strategy": "Plain", "Startup Cost": 2726.02, "Total Cost": 2726.03, "Plan Rows": 1, "Plan Width": 144, "Actual Startup Time": 123.802, "Actual Total Time": 123.802, "Actual Rows": 1, "Actual Loops": 1, "Plans": [{"Node Type": "Nested Loop", "Parent Relationship": "Outer", "Join Type": "Inner", "Startup Cost": 5.59, "Total Cost": 2726.01, "Plan Rows": 1, "Plan Width": 48, "Actual Startup Time": 123.793, "Actual Total Time": 123.793, "Actual Rows": 0, "Actual Loops": 1, "Inner Unique": true, "Join Filter": "(ml.link_type_id = lt.id)", "Rows Removed by Join Filter": 0, "Plans": [{"Node Type": "Nested Loop", "Parent Relationship": "Outer", "Join Type": "Inner", "Startup Cost": 5.59, "Total Cost": 2724.78, "Plan Rows": 1, "Plan Width": 40, "Actual Startup Time": 5.572, "Actual Total Time": 123.464, "Actual Rows": 38, "Actual Loops": 1, "Inner Unique": false, "Join Filter": "(t.id = ml.movie_id)", "Rows Removed by Join Filter": 0, "Plans": [{"Node Type": "Nested Loop", "Parent Relationship": "Outer", "Join Type": "Inner", "Startup Cost": 5.3, "Total Cost": 2720.37, "Plan Rows": 1, "Plan Width": 48, "Actual Startup Time": 5.548, "Actual Total Time": 123.405, "Actual Rows": 2, "Actual Loops": 1, "Inner Unique": true, "Join Filter": "(mc.company_type_id = ct.id)", "Rows Removed by Join Filter": 0, "Plans": [{"Node Type": "Nested Loop", "Parent Relationship": "Outer", "Join Type": "Inner", "Startup Cost": 5.3, "Total Cost": 2719.32, "Plan Rows": 1, "Plan Width": 52, "Actual Startup Time": 5.537, "Actual Total Time": 123.389, "Actual Rows": 2, "Actual Loops": 1, "Inner Unique": true, "Plans": [{"Node Type": "Nested Loop", "Parent Relationship": "Outer", "Join Type": "Inner", "Startup Cost": 5.05, "Total Cost": 2715.03, "Plan Rows": 1, "Plan Width": 37, "Actual Startup Time": 5.522, "Actual Total Time": 123.354, "Actual Rows": 3, "Actual Loops": 1, "Inner Unique": false, "Join Filter": "(t.id = mc.movie_id)", "Rows Removed by Join Filter": 0, "Plans": [{"Node Type": "Nested Loop", "Parent Relationship": "Outer", "Join Type": "Inner", "Startup Cost": 4.77, "Total Cost": 2710.71, "Plan Rows": 1, "Plan Width": 25, "Actual Startup Time": 5.499, "Actual Total Time": 123.328, "Actual Rows": 1, "Actual Loops": 1, "Inner Unique": true, "Plans": [{"Node Type": "Nested Loop", "Parent Relationship": "Outer", "Join Type": "Inner", "Startup Cost": 4.51, "Total Cost": 2569.02, "Plan Rows": 33, "Plan Width": 4, "Actual Startup Time": 5.191, "Actual Total Time": 58.437, "Actual Rows": 10544, "Actual Loops": 1, "Inner Unique": false, "Plans": [{"Node Type": "Seq Scan", "Parent Relationship": "Outer", "Relation Name": "keyword", "Alias": "k", "Startup Cost": 0.0, "Total Cost": 2436.11, "Plan Rows": 1, "Plan Width": 4, "Actual Startup Time": 2.298, "Actual Total Time": 41.897, "Actual Rows": 1, "Actual Loops": 1, "Filter": "((keyword)::text = 'sequel'::text)", "Rows Removed by Filter": 134168}, {"Node Type": "Bitmap Heap Scan", "Parent Relationship": "Inner", "Relation Name": "movie_keyword", "Alias": "mk", "Startup Cost": 4.51, "Total Cost": 132.58, "Plan Rows": 33, "Plan Width": 8, "Actual Startup Time": 2.885, "Actual Total Time": 14.415, "Actual Rows": 10544, "Actual Loops": 1, "Recheck Cond": "(keyword_id = k.id)", "Rows Removed by Index Recheck": 0, "Exact Heap Blocks": 5090, "Lossy Heap Blocks": 5090, "Plans": [{"Node Type": "Bitmap Index Scan", "Parent Relationship": "Outer", "Index Name": "keyword_id_movie_keyword", "Startup Cost": 0.0, "Total Cost": 4.5, "Plan Rows": 33, "Plan Width": 0, "Actual Startup Time": 1.979, "Actual Total Time": 1.979, "Actual Rows": 10544, "Actual Loops": 1, "Index Cond": "(keyword_id = k.id)"}]}]}, {"Node Type": "Bitmap Heap Scan", "Parent Relationship": "Inner", "Relation Name": "title", "Alias": "t", "Startup Cost": 0.27, "Total Cost": 4.28, "Plan Rows": 1, "Plan Width": 21, "Actual Startup Time": 53.127, "Actual Total Time": 53.127, "Actual Rows": 1, "Actual Loops": 10544, "Recheck Cond": "(id = mk.movie_id)", "Rows Removed by Index Recheck": 0, "Filter": "(((title)::text ~~ '%Money%'::text) AND (production_year = 1998))", "Rows Removed by Filter": 10543, "Exact Heap Blocks": 10544, "Lossy Heap Blocks": 10544, "Plans": [{"Node Type": "Bitmap Index Scan", "Parent Relationship": "Outer", "Index Name": "title_pkey", "Startup Cost": 0.0, "Total Cost": 0.27, "Plan Rows": 1, "Plan Width": 0, "Actual Startup Time": 27.96, "Actual Total Time": 27.96, "Actual Rows": 10544, "Actual Loops": 10544, "Index Cond": "(id = mk.movie_id)"}]}]}, {"Node Type": "Bitmap Heap Scan", "Parent Relationship": "Inner", "Relation Name": "movie_companies", "Alias": "mc", "Startup Cost": 0.27, "Total Cost": 4.3, "Plan Rows": 2, "Plan Width": 12, "Actual Startup Time": 0.018, "Actual Total Time": 0.019, "Actual Rows": 3, "Actual Loops": 1, "Recheck Cond": "(movie_id = mk.movie_id)", "Rows Removed by Index Recheck": 0, "Filter": "(note IS NULL)", "Rows Removed by Filter": 1, "Exact Heap Blocks": 2, "Lossy Heap Blocks": 2, "Plans": [{"Node Type": "Bitmap Index Scan", "Parent Relationship": "Outer", "Index Name": "movie_id_movie_companies", "Startup Cost": 0.0, "Total Cost": 0.27, "Plan Rows": 2, "Plan Width": 0, "Actual Startup Time": 0.008, "Actual Total Time": 0.008, "Actual Rows": 4, "Actual Loops": 1, "Index Cond": "(movie_id = mk.movie_id)"}]}]}, {"Node Type": "Bitmap Heap Scan", "Parent Relationship": "Inner", "Relation Name": "company_name", "Alias": "cn", "Startup Cost": 0.26, "Total Cost": 4.28, "Plan Rows": 1, "Plan Width": 23, "Actual Startup Time": 0.029, "Actual Total Time": 0.029, "Actual Rows": 2, "Actual Loops": 3, "Recheck Cond": "(id = mc.company_id)", "Rows Removed by Index Recheck": 0, "Filter": "(((country_code)::text <> '[pl]'::text) AND (((name)::text ~~ '%Film%'::text) OR ((name)::text ~~ '%Warner%'::text)))", "Rows Removed by Filter": 1, "Exact Heap Blocks": 3, "Lossy Heap Blocks": 3, "Plans": [{"Node Type": "Bitmap Index Scan", "Parent Relationship": "Outer", "Index Name": "company_name_pkey", "Startup Cost": 0.0, "Total Cost": 0.26, "Plan Rows": 1, "Plan Width": 0, "Actual Startup Time": 0.015, "Actual Total Time": 0.015, "Actual Rows": 3, "Actual Loops": 3, "Index Cond": "(id = mc.company_id)"}]}]}, {"Node Type": "Seq Scan", "Parent Relationship": "Inner", "Relation Name": "company_type", "Alias": "ct", "Startup Cost": 0.0, "Total Cost": 1.04, "Plan Rows": 1, "Plan Width": 4, "Actual Startup Time": 0.009, "Actual Total Time": 0.009, "Actual Rows": 2, "Actual Loops": 2, "Filter": "((kind)::text = 'production companies'::text)", "Rows Removed by Filter": 0}]}, {"Node Type": "Bitmap Heap Scan", "Parent Relationship": "Inner", "Relation Name": "movie_link", "Alias": "ml", "Startup Cost": 0.29, "Total Cost": 4.35, "Plan Rows": 5, "Plan Width": 8, "Actual Startup Time": 0.027, "Actual Total Time": 0.032, "Actual Rows": 38, "Actual Loops": 2, "Recheck Cond": "(movie_id = mk.movie_id)", "Rows Removed by Index Recheck": 0, "Exact Heap Blocks": 2, "Lossy Heap Blocks": 2, "Plans": [{"Node Type": "Bitmap Index Scan", "Parent Relationship": "Outer", "Index Name": "movie_id_movie_link", "Startup Cost": 0.0, "Total Cost": 0.29, "Plan Rows": 5, "Plan Width": 0, "Actual Startup Time": 0.011, "Actual Total Time": 0.011, "Actual Rows": 38, "Actual Loops": 2, "Index Cond": "(movie_id = mk.movie_id)"}]}]}, {"Node Type": "Seq Scan", "Parent Relationship": "Inner", "Relation Name": "link_type", "Alias": "lt", "Startup Cost": 0.0, "Total Cost": 1.21, "Plan Rows": 1, "Plan Width": 16, "Actual Startup Time": 0.294, "Actual Total Time": 0.294, "Actual Rows": 0, "Actual Loops": 38, "Filter": "((link)::text ~~ '%follows%'::text)", "Rows Removed by Filter": 646}]}]}, "Triggers": [], "Planner Runtime": 52.601, "Total Runtime": 124.232, "Unique SQL Id": 4121279504}}, "(1, 23)": {"explain_plan": {"Plan": {"Node Type": "Aggregate", "Strategy": "Plain", "Startup Cost": 1000014795431.67, "Total Cost": 1000014795431.68, "Plan Rows": 1, "Plan Width": 144, "Plans": [{"Node Type": "Nested Loop", "Parent Relationship": "Outer", "Join Type": "Inner", "Startup Cost": 10000000001.97, "Total Cost": 1000014795431.66, "Plan Rows": 1, "Plan Width": 48, "Inner Unique": true, "Plans": [{"Node Type": "Nested Loop", "Parent Relationship": "Outer", "Join Type": "Inner", "Startup Cost": 10000000001.72, "Total Cost": 1000014795427.38, "Plan Rows": 1, "Plan Width": 52, "Inner Unique": true, "Plans": [{"Node Type": "Nested Loop", "Parent Relationship": "Outer", "Join Type": "Inner", "Startup Cost": 10000000001.46, "Total Cost": 1000014795418.82, "Plan Rows": 2, "Plan Width": 44, "Inner Unique": false, "Join Filter": "(t.id = ml.movie_id)", "Plans": [{"Node Type": "Nested Loop", "Parent Relationship": "Outer", "Join Type": "Inner", "Startup Cost": 10000000001.17, "Total Cost": 1000014795414.4, "Plan Rows": 1, "Plan Width": 52, "Inner Unique": true, "Plans": [{"Node Type": "Nested Loop", "Parent Relationship": "Outer", "Join Type": "Inner", "Startup Cost": 10000000000.91, "Total Cost": 1000014795328.75, "Plan Rows": 20, "Plan Width": 56, "Inner Unique": false, "Join Filter": "(t.id = mk.movie_id)", "Plans": [{"Node Type": "Nested Loop", "Parent Relationship": "Outer", "Join Type": "Inner", "Startup Cost": 10000000000.55, "Total Cost": 1000014795319.62, "Plan Rows": 2, "Plan Width": 48, "Inner Unique": true, "Plans": [{"Node Type": "Nested Loop", "Parent Relationship": "Outer", "Join Type": "Inner", "Startup Cost": 10000000000.29, "Total Cost": 1000014795293.88, "Plan Rows": 6, "Plan Width": 33, "Inner Unique": true, "Plans": [{"Node Type": "Index Scan", "Parent Relationship": "Outer", "Scan Direction": "Forward", "Index Name": "company_type_id_movie_companies", "Relation Name": "movie_companies", "Alias": "mc", "Startup Cost": 10000000000.0, "Total Cost": 1000009318217.0, "Plan Rows": 1269486, "Plan Width": 12, "Filter": "(note IS NULL), (LLVM Optimized)"}, {"Node Type": "Bitmap Heap Scan", "Parent Relationship": "Inner", "Relation Name": "title", "Alias": "t", "Startup Cost": 0.29, "Total Cost": 4.3, "Plan Rows": 1, "Plan Width": 21, "Recheck Cond": "(id = mc.movie_id)", "Filter": "(((title)::text ~~ '%Money%'::text) AND (production_year = 1998))", "Plans": [{"Node Type": "Bitmap Index Scan", "Parent Relationship": "Outer", "Index Name": "title_pkey", "Startup Cost": 0.0, "Total Cost": 0.29, "Plan Rows": 1, "Plan Width": 0, "Index Cond": "(id = mc.movie_id)"}]}]}, {"Node Type": "Bitmap Heap Scan", "Parent Relationship": "Inner", "Relation Name": "company_name", "Alias": "cn", "Startup Cost": 0.26, "Total Cost": 4.28, "Plan Rows": 1, "Plan Width": 23, "Recheck Cond": "(id = mc.company_id)", "Filter": "(((country_code)::text <> '[pl]'::text) AND (((name)::text ~~ '%Film%'::text) OR ((name)::text ~~ '%Warner%'::text)))", "Plans": [{"Node Type": "Bitmap Index Scan", "Parent Relationship": "Outer", "Index Name": "company_name_pkey", "Startup Cost": 0.0, "Total Cost": 0.26, "Plan Rows": 1, "Plan Width": 0, "Index Cond": "(id = mc.company_id)"}]}]}, {"Node Type": "Bitmap Heap Scan", "Parent Relationship": "Inner", "Relation Name": "movie_keyword", "Alias": "mk", "Startup Cost": 0.37, "Total Cost": 4.47, "Plan Rows": 8, "Plan Width": 8, "Recheck Cond": "(movie_id = mc.movie_id)", "Plans": [{"Node Type": "Bitmap Index Scan", "Parent Relationship": "Outer", "Index Name": "movie_id_movie_keyword", "Startup Cost": 0.0, "Total Cost": 0.36, "Plan Rows": 8, "Plan Width": 0, "Index Cond": "(movie_id = mc.movie_id)"}]}]}, {"Node Type": "Bitmap Heap Scan", "Parent Relationship": "Inner", "Relation Name": "keyword", "Alias": "k", "Startup Cost": 0.26, "Total Cost": 4.27, "Plan Rows": 1, "Plan Width": 4, "Recheck Cond": "(id = mk.keyword_id)", "Filter": "((keyword)::text = 'sequel'::text)", "Plans": [{"Node Type": "Bitmap Index Scan", "Parent Relationship": "Outer", "Index Name": "keyword_pkey", "Startup Cost": 0.0, "Total Cost": 0.26, "Plan Rows": 1, "Plan Width": 0, "Index Cond": "(id = mk.keyword_id)"}]}]}, {"Node Type": "Bitmap Heap Scan", "Parent Relationship": "Inner", "Relation Name": "movie_link", "Alias": "ml", "Startup Cost": 0.29, "Total Cost": 4.35, "Plan Rows": 5, "Plan Width": 8, "Recheck Cond": "(movie_id = mk.movie_id)", "Plans": [{"Node Type": "Bitmap Index Scan", "Parent Relationship": "Outer", "Index Name": "movie_id_movie_link", "Startup Cost": 0.0, "Total Cost": 0.29, "Plan Rows": 5, "Plan Width": 0, "Index Cond": "(movie_id = mk.movie_id)"}]}]}, {"Node Type": "Bitmap Heap Scan", "Parent Relationship": "Inner", "Relation Name": "link_type", "Alias": "lt", "Startup Cost": 0.26, "Total Cost": 4.27, "Plan Rows": 1, "Plan Width": 16, "Recheck Cond": "(id = ml.link_type_id)", "Filter": "((link)::text ~~ '%follows%'::text)", "Plans": [{"Node Type": "Bitmap Index Scan", "Parent Relationship": "Outer", "Index Name": "link_type_pkey", "Startup Cost": 0.0, "Total Cost": 0.26, "Plan Rows": 1, "Plan Width": 0, "Index Cond": "(id = ml.link_type_id)"}]}]}, {"Node Type": "Bitmap Heap Scan", "Parent Relationship": "Inner", "Relation Name": "company_type", "Alias": "ct", "Startup Cost": 0.26, "Total Cost": 4.27, "Plan Rows": 1, "Plan Width": 4, "Recheck Cond": "(id = mc.company_type_id)", "Filter": "((kind)::text = 'production companies'::text)", "Plans": [{"Node Type": "Bitmap Index Scan", "Parent Relationship": "Outer", "Index Name": "company_type_pkey", "Startup Cost": 0.0, "Total Cost": 0.26, "Plan Rows": 1, "Plan Width": 0, "Index Cond": "(id = mc.company_type_id)"}]}]}]}, "Unique SQL Id": 4121279504}, "explain_analyze_plan": null}, "(1, 24)": {"explain_plan": {"Plan": {"Node Type": "Aggregate", "Strategy": "Plain", "Startup Cost": 2585.63, "Total Cost": 2585.64, "Plan Rows": 1, "Plan Width": 144, "Plans": [{"Node Type": "Nested Loop", "Parent Relationship": "Outer", "Join Type": "Inner", "Startup Cost": 0.0, "Total Cost": 2585.62, "Plan Rows": 1, "Plan Width": 48, "Inner Unique": true, "Plans": [{"Node Type": "Nested Loop", "Parent Relationship": "Outer", "Join Type": "Inner", "Startup Cost": 0.0, "Total Cost": 2585.34, "Plan Rows": 1, "Plan Width": 40, "Inner Unique": false, "Join Filter": "(t.id = ml.movie_id)", "Plans": [{"Node Type": "Nested Loop", "Parent Relationship": "Outer", "Join Type": "Inner", "Startup Cost": 0.0, "Total Cost": 2584.93, "Plan Rows": 1, "Plan Width": 48, "Inner Unique": true, "Plans": [{"Node Type": "Nested Loop", "Parent Relationship": "Outer", "Join Type": "Inner", "Startup Cost": 0.0, "Total Cost": 2584.64, "Plan Rows": 1, "Plan Width": 52, "Inner Unique": true, "Plans": [{"Node Type": "Nested Loop", "Parent Relationship": "Outer", "Join Type": "Inner", "Startup Cost": 0.0, "Total Cost": 2584.35, "Plan Rows": 1, "Plan Width": 37, "Inner Unique": false, "Join Filter": "(t.id = mc.movie_id)", "Plans": [{"Node Type": "Nested Loop", "Parent Relationship": "Outer", "Join Type": "Inner", "Startup Cost": 0.0, "Total Cost": 2584.01, "Plan Rows": 1, "Plan Width": 25, "Inner Unique": true, "Plans": [{"Node Type": "Nested Loop", "Parent Relationship": "Outer", "Join Type": "Inner", "Startup Cost": 0.0, "Total Cost": 2573.32, "Plan Rows": 33, "Plan Width": 4, "Inner Unique": false, "Plans": [{"Node Type": "Seq Scan", "Parent Relationship": "Outer", "Relation Name": "keyword", "Alias": "k", "Startup Cost": 0.0, "Total Cost": 2436.11, "Plan Rows": 1, "Plan Width": 4, "Filter": "((keyword)::text = 'sequel'::text)"}, {"Node Type": "Index Scan", "Parent Relationship": "Inner", "Scan Direction": "Forward", "Index Name": "keyword_id_movie_keyword", "Relation Name": "movie_keyword", "Alias": "mk", "Startup Cost": 0.0, "Total Cost": 136.88, "Plan Rows": 33, "Plan Width": 8, "Index Cond": "(keyword_id = k.id)"}]}, {"Node Type": "Index Scan", "Parent Relationship": "Inner", "Scan Direction": "Forward", "Index Name": "title_pkey", "Relation Name": "title", "Alias": "t", "Startup Cost": 0.0, "Total Cost": 0.31, "Plan Rows": 1, "Plan Width": 21, "Index Cond": "(id = mk.movie_id)", "Filter": "(((title)::text ~~ '%Money%'::text) AND (production_year = 1998))"}]}, {"Node Type": "Index Scan", "Parent Relationship": "Inner", "Scan Direction": "Forward", "Index Name": "movie_id_movie_companies", "Relation Name": "movie_companies", "Alias": "mc", "Startup Cost": 0.0, "Total Cost": 0.31, "Plan Rows": 2, "Plan Width": 12, "Index Cond": "(movie_id = mk.movie_id)", "Filter": "(note IS NULL)"}]}, {"Node Type": "Index Scan", "Parent Relationship": "Inner", "Scan Direction": "Forward", "Index Name": "company_name_pkey", "Relation Name": "company_name", "Alias": "cn", "Startup Cost": 0.0, "Total Cost": 0.29, "Plan Rows": 1, "Plan Width": 23, "Index Cond": "(id = mc.company_id)", "Filter": "(((country_code)::text <> '[pl]'::text) AND (((name)::text ~~ '%Film%'::text) OR ((name)::text ~~ '%Warner%'::text)))"}]}, {"Node Type": "Index Scan", "Parent Relationship": "Inner", "Scan Direction": "Forward", "Index Name": "company_type_pkey", "Relation Name": "company_type", "Alias": "ct", "Startup Cost": 0.0, "Total Cost": 0.27, "Plan Rows": 1, "Plan Width": 4, "Index Cond": "(id = mc.company_type_id)", "Filter": "((kind)::text = 'production companies'::text)"}]}, {"Node Type": "Index Scan", "Parent Relationship": "Inner", "Scan Direction": "Forward", "Index Name": "movie_id_movie_link", "Relation Name": "movie_link", "Alias": "ml", "Startup Cost": 0.0, "Total Cost": 0.35, "Plan Rows": 5, "Plan Width": 8, "Index Cond": "(movie_id = mk.movie_id)"}]}, {"Node Type": "Index Scan", "Parent Relationship": "Inner", "Scan Direction": "Forward", "Index Name": "link_type_pkey", "Relation Name": "link_type", "Alias": "lt", "Startup Cost": 0.0, "Total Cost": 0.27, "Plan Rows": 1, "Plan Width": 16, "Index Cond": "(id = ml.link_type_id)", "Filter": "((link)::text ~~ '%follows%'::text)"}]}]}, "Unique SQL Id": 4121279504}, "explain_analyze_plan": {"Plan": {"Node Type": "Aggregate", "Strategy": "Plain", "Startup Cost": 2585.63, "Total Cost": 2585.64, "Plan Rows": 1, "Plan Width": 144, "Actual Startup Time": 103.23, "Actual Total Time": 103.23, "Actual Rows": 1, "Actual Loops": 1, "Plans": [{"Node Type": "Nested Loop", "Parent Relationship": "Outer", "Join Type": "Inner", "Startup Cost": 0.0, "Total Cost": 2585.62, "Plan Rows": 1, "Plan Width": 48, "Actual Startup Time": 103.221, "Actual Total Time": 103.221, "Actual Rows": 0, "Actual Loops": 1, "Inner Unique": true, "Plans": [{"Node Type": "Nested Loop", "Parent Relationship": "Outer", "Join Type": "Inner", "Startup Cost": 0.0, "Total Cost": 2585.34, "Plan Rows": 1, "Plan Width": 40, "Actual Startup Time": 2.61, "Actual Total Time": 103.138, "Actual Rows": 38, "Actual Loops": 1, "Inner Unique": false, "Join Filter": "(t.id = ml.movie_id)", "Rows Removed by Join Filter": 0, "Plans": [{"Node Type": "Nested Loop", "Parent Relationship": "Outer", "Join Type": "Inner", "Startup Cost": 0.0, "Total Cost": 2584.93, "Plan Rows": 1, "Plan Width": 48, "Actual Startup Time": 2.599, "Actual Total Time": 103.092, "Actual Rows": 2, "Actual Loops": 1, "Inner Unique": true, "Plans": [{"Node Type": "Nested Loop", "Parent Relationship": "Outer", "Join Type": "Inner", "Startup Cost": 0.0, "Total Cost": 2584.64, "Plan Rows": 1, "Plan Width": 52, "Actual Startup Time": 2.592, "Actual Total Time": 103.081, "Actual Rows": 2, "Actual Loops": 1, "Inner Unique": true, "Plans": [{"Node Type": "Nested Loop", "Parent Relationship": "Outer", "Join Type": "Inner", "Startup Cost": 0.0, "Total Cost": 2584.35, "Plan Rows": 1, "Plan Width": 37, "Actual Startup Time": 2.578, "Actual Total Time": 103.051, "Actual Rows": 3, "Actual Loops": 1, "Inner Unique": false, "Join Filter": "(t.id = mc.movie_id)", "Rows Removed by Join Filter": 0, "Plans": [{"Node Type": "Nested Loop", "Parent Relationship": "Outer", "Join Type": "Inner", "Startup Cost": 0.0, "Total Cost": 2584.01, "Plan Rows": 1, "Plan Width": 25, "Actual Startup Time": 2.565, "Actual Total Time": 103.035, "Actual Rows": 1, "Actual Loops": 1, "Inner Unique": true, "Plans": [{"Node Type": "Nested Loop", "Parent Relationship": "Outer", "Join Type": "Inner", "Startup Cost": 0.0, "Total Cost": 2573.32, "Plan Rows": 33, "Plan Width": 4, "Actual Startup Time": 2.328, "Actual Total Time": 53.899, "Actual Rows": 10544, "Actual Loops": 1, "Inner Unique": false, "Plans": [{"Node Type": "Seq Scan", "Parent Relationship": "Outer", "Relation Name": "keyword", "Alias": "k", "Startup Cost": 0.0, "Total Cost": 2436.11, "Plan Rows": 1, "Plan Width": 4, "Actual Startup Time": 2.291, "Actual Total Time": 40.813, "Actual Rows": 1, "Actual Loops": 1, "Filter": "((keyword)::text = 'sequel'::text)", "Rows Removed by Filter": 134168}, {"Node Type": "Index Scan", "Parent Relationship": "Inner", "Scan Direction": "Forward", "Index Name": "keyword_id_movie_keyword", "Relation Name": "movie_keyword", "Alias": "mk", "Startup Cost": 0.0, "Total Cost": 136.88, "Plan Rows": 33, "Plan Width": 8, "Actual Startup Time": 0.031, "Actual Total Time": 10.818, "Actual Rows": 10544, "Actual Loops": 1, "Index Cond": "(keyword_id = k.id)", "Rows Removed by Index Recheck": 0}]}, {"Node Type": "Index Scan", "Parent Relationship": "Inner", "Scan Direction": "Forward", "Index Name": "title_pkey", "Relation Name": "title", "Alias": "t", "Startup Cost": 0.0, "Total Cost": 0.31, "Plan Rows": 1, "Plan Width": 21, "Actual Startup Time": 43.968, "Actual Total Time": 43.968, "Actual Rows": 1, "Actual Loops": 10544, "Index Cond": "(id = mk.movie_id)", "Rows Removed by Index Recheck": 0, "Filter": "(((title)::text ~~ '%Money%'::text) AND (production_year = 1998))", "Rows Removed by Filter": 10543}]}, {"Node Type": "Index Scan", "Parent Relationship": "Inner", "Scan Direction": "Forward", "Index Name": "movie_id_movie_companies", "Relation Name": "movie_companies", "Alias": "mc", "Startup Cost": 0.0, "Total Cost": 0.31, "Plan Rows": 2, "Plan Width": 12, "Actual Startup Time": 0.01, "Actual Total Time": 0.013, "Actual Rows": 3, "Actual Loops": 1, "Index Cond": "(movie_id = mk.movie_id)", "Rows Removed by Index Recheck": 0, "Filter": "(note IS NULL)", "Rows Removed by Filter": 1}]}, {"Node Type": "Index Scan", "Parent Relationship": "Inner", "Scan Direction": "Forward", "Index Name": "company_name_pkey", "Relation Name": "company_name", "Alias": "cn", "Startup Cost": 0.0, "Total Cost": 0.29, "Plan Rows": 1, "Plan Width": 23, "Actual Startup Time": 0.025, "Actual Total Time": 0.025, "Actual Rows": 2, "Actual Loops": 3, "Index Cond": "(id = mc.company_id)", "Rows Removed by Index Recheck": 0, "Filter": "(((country_code)::text <> '[pl]'::text) AND (((name)::text ~~ '%Film%'::text) OR ((name)::text ~~ '%Warner%'::text)))", "Rows Removed by Filter": 1}]}, {"Node Type": "Index Scan", "Parent Relationship": "Inner", "Scan Direction": "Forward", "Index Name": "company_type_pkey", "Relation Name": "company_type", "Alias": "ct", "Startup Cost": 0.0, "Total Cost": 0.27, "Plan Rows": 1, "Plan Width": 4, "Actual Startup Time": 0.007, "Actual Total Time": 0.007, "Actual Rows": 2, "Actual Loops": 2, "Index Cond": "(id = mc.company_type_id)", "Rows Removed by Index Recheck": 0, "Filter": "((kind)::text = 'production companies'::text)", "Rows Removed by Filter": 0}]}, {"Node Type": "Index Scan", "Parent Relationship": "Inner", "Scan Direction": "Forward", "Index Name": "movie_id_movie_link", "Relation Name": "movie_link", "Alias": "ml", "Startup Cost": 0.0, "Total Cost": 0.35, "Plan Rows": 5, "Plan Width": 8, "Actual Startup Time": 0.012, "Actual Total Time": 0.024, "Actual Rows": 38, "Actual Loops": 2, "Index Cond": "(movie_id = mk.movie_id)", "Rows Removed by Index Recheck": 0}]}, {"Node Type": "Index Scan", "Parent Relationship": "Inner", "Scan Direction": "Forward", "Index Name": "link_type_pkey", "Relation Name": "link_type", "Alias": "lt", "Startup Cost": 0.0, "Total Cost": 0.27, "Plan Rows": 1, "Plan Width": 16, "Actual Startup Time": 0.064, "Actual Total Time": 0.064, "Actual Rows": 0, "Actual Loops": 38, "Index Cond": "(id = ml.link_type_id)", "Rows Removed by Index Recheck": 0, "Filter": "((link)::text ~~ '%follows%'::text)", "Rows Removed by Filter": 24}]}]}, "Triggers": [], "Planner Runtime": 62.455, "Total Runtime": 103.577, "Unique SQL Id": 4121279504}}, "(1, 25)": {"explain_plan": {"Plan": {"Node Type": "Aggregate", "Strategy": "Plain", "Startup Cost": 3332.23, "Total Cost": 3332.24, "Plan Rows": 1, "Plan Width": 144, "Plans": [{"Node Type": "Nested Loop", "Parent Relationship": "Outer", "Join Type": "Inner", "Startup Cost": 0.0, "Total Cost": 3332.23, "Plan Rows": 1, "Plan Width": 48, "Inner Unique": true, "Plans": [{"Node Type": "Nested Loop", "Parent Relationship": "Outer", "Join Type": "Inner", "Startup Cost": 0.0, "Total Cost": 3331.94, "Plan Rows": 1, "Plan Width": 40, "Inner Unique": false, "Join Filter": "(t.id = ml.movie_id)", "Plans": [{"Node Type": "Nested Loop", "Parent Relationship": "Outer", "Join Type": "Inner", "Startup Cost": 0.0, "Total Cost": 3331.53, "Plan Rows": 1, "Plan Width": 48, "Inner Unique": true, "Plans": [{"Node Type": "Nested Loop", "Parent Relationship": "Outer", "Join Type": "Inner", "Startup Cost": 0.0, "Total Cost": 3331.25, "Plan Rows": 1, "Plan Width": 52, "Inner Unique": true, "Plans": [{"Node Type": "Nested Loop", "Parent Relationship": "Outer", "Join Type": "Inner", "Startup Cost": 0.0, "Total Cost": 3330.95, "Plan Rows": 1, "Plan Width": 37, "Inner Unique": false, "Join Filter": "(t.id = mc.movie_id)", "Plans": [{"Node Type": "Nested Loop", "Parent Relationship": "Outer", "Join Type": "Inner", "Startup Cost": 0.0, "Total Cost": 3330.61, "Plan Rows": 1, "Plan Width": 25, "Inner Unique": true, "Plans": [{"Node Type": "Nested Loop", "Parent Relationship": "Outer", "Join Type": "Inner", "Startup Cost": 0.0, "Total Cost": 3319.92, "Plan Rows": 33, "Plan Width": 4, "Inner Unique": false, "Plans": [{"Node Type": "Index Scan", "Parent Relationship": "Outer", "Scan Direction": "Forward", "Index Name": "keyword_pkey", "Relation Name": "keyword", "Alias": "k", "Startup Cost": 0.0, "Total Cost": 3182.72, "Plan Rows": 1, "Plan Width": 4, "Filter": "((keyword)::text = 'sequel'::text)"}, {"Node Type": "Index Scan", "Parent Relationship": "Inner", "Scan Direction": "Forward", "Index Name": "keyword_id_movie_keyword", "Relation Name": "movie_keyword", "Alias": "mk", "Startup Cost": 0.0, "Total Cost": 136.88, "Plan Rows": 33, "Plan Width": 8, "Index Cond": "(keyword_id = k.id)"}]}, {"Node Type": "Index Scan", "Parent Relationship": "Inner", "Scan Direction": "Forward", "Index Name": "title_pkey", "Relation Name": "title", "Alias": "t", "Startup Cost": 0.0, "Total Cost": 0.31, "Plan Rows": 1, "Plan Width": 21, "Index Cond": "(id = mk.movie_id)", "Filter": "(((title)::text ~~ '%Money%'::text) AND (production_year = 1998))"}]}, {"Node Type": "Index Scan", "Parent Relationship": "Inner", "Scan Direction": "Forward", "Index Name": "movie_id_movie_companies", "Relation Name": "movie_companies", "Alias": "mc", "Startup Cost": 0.0, "Total Cost": 0.31, "Plan Rows": 2, "Plan Width": 12, "Index Cond": "(movie_id = mk.movie_id)", "Filter": "(note IS NULL)"}]}, {"Node Type": "Index Scan", "Parent Relationship": "Inner", "Scan Direction": "Forward", "Index Name": "company_name_pkey", "Relation Name": "company_name", "Alias": "cn", "Startup Cost": 0.0, "Total Cost": 0.29, "Plan Rows": 1, "Plan Width": 23, "Index Cond": "(id = mc.company_id)", "Filter": "(((country_code)::text <> '[pl]'::text) AND (((name)::text ~~ '%Film%'::text) OR ((name)::text ~~ '%Warner%'::text)))"}]}, {"Node Type": "Index Scan", "Parent Relationship": "Inner", "Scan Direction": "Forward", "Index Name": "company_type_pkey", "Relation Name": "company_type", "Alias": "ct", "Startup Cost": 0.0, "Total Cost": 0.27, "Plan Rows": 1, "Plan Width": 4, "Index Cond": "(id = mc.company_type_id)", "Filter": "((kind)::text = 'production companies'::text)"}]}, {"Node Type": "Index Scan", "Parent Relationship": "Inner", "Scan Direction": "Forward", "Index Name": "movie_id_movie_link", "Relation Name": "movie_link", "Alias": "ml", "Startup Cost": 0.0, "Total Cost": 0.35, "Plan Rows": 5, "Plan Width": 8, "Index Cond": "(movie_id = mk.movie_id)"}]}, {"Node Type": "Index Scan", "Parent Relationship": "Inner", "Scan Direction": "Forward", "Index Name": "link_type_pkey", "Relation Name": "link_type", "Alias": "lt", "Startup Cost": 0.0, "Total Cost": 0.27, "Plan Rows": 1, "Plan Width": 16, "Index Cond": "(id = ml.link_type_id)", "Filter": "((link)::text ~~ '%follows%'::text)"}]}]}, "Unique SQL Id": 4121279504}, "explain_analyze_plan": {"Plan": {"Node Type": "Aggregate", "Strategy": "Plain", "Startup Cost": 3332.23, "Total Cost": 3332.24, "Plan Rows": 1, "Plan Width": 144, "Actual Startup Time": 176.653, "Actual Total Time": 176.654, "Actual Rows": 1, "Actual Loops": 1, "Plans": [{"Node Type": "Nested Loop", "Parent Relationship": "Outer", "Join Type": "Inner", "Startup Cost": 0.0, "Total Cost": 3332.23, "Plan Rows": 1, "Plan Width": 48, "Actual Startup Time": 176.642, "Actual Total Time": 176.642, "Actual Rows": 0, "Actual Loops": 1, "Inner Unique": true, "Plans": [{"Node Type": "Nested Loop", "Parent Relationship": "Outer", "Join Type": "Inner", "Startup Cost": 0.0, "Total Cost": 3331.94, "Plan Rows": 1, "Plan Width": 40, "Actual Startup Time": 0.743, "Actual Total Time": 176.562, "Actual Rows": 38, "Actual Loops": 1, "Inner Unique": false, "Join Filter": "(t.id = ml.movie_id)", "Rows Removed by Join Filter": 0, "Plans": [{"Node Type": "Nested Loop", "Parent Relationship": "Outer", "Join Type": "Inner", "Startup Cost": 0.0, "Total Cost": 3331.53, "Plan Rows": 1, "Plan Width": 48, "Actual Startup Time": 0.732, "Actual Total Time": 176.514, "Actual Rows": 2, "Actual Loops": 1, "Inner Unique": true, "Plans": [{"Node Type": "Nested Loop", "Parent Relationship": "Outer", "Join Type": "Inner", "Startup Cost": 0.0, "Total Cost": 3331.25, "Plan Rows": 1, "Plan Width": 52, "Actual Startup Time": 0.727, "Actual Total Time": 176.504, "Actual Rows": 2, "Actual Loops": 1, "Inner Unique": true, "Plans": [{"Node Type": "Nested Loop", "Parent Relationship": "Outer", "Join Type": "Inner", "Startup Cost": 0.0, "Total Cost": 3330.95, "Plan Rows": 1, "Plan Width": 37, "Actual Startup Time": 0.713, "Actual Total Time": 176.476, "Actual Rows": 3, "Actual Loops": 1, "Inner Unique": false, "Join Filter": "(t.id = mc.movie_id)", "Rows Removed by Join Filter": 0, "Plans": [{"Node Type": "Nested Loop", "Parent Relationship": "Outer", "Join Type": "Inner", "Startup Cost": 0.0, "Total Cost": 3330.61, "Plan Rows": 1, "Plan Width": 25, "Actual Startup Time": 0.696, "Actual Total Time": 176.455, "Actual Rows": 1, "Actual Loops": 1, "Inner Unique": true, "Plans": [{"Node Type": "Nested Loop", "Parent Relationship": "Outer", "Join Type": "Inner", "Startup Cost": 0.0, "Total Cost": 3319.92, "Plan Rows": 33, "Plan Width": 4, "Actual Startup Time": 0.47, "Actual Total Time": 126.57, "Actual Rows": 10544, "Actual Loops": 1, "Inner Unique": false, "Plans": [{"Node Type": "Index Scan", "Parent Relationship": "Outer", "Scan Direction": "Forward", "Index Name": "keyword_pkey", "Relation Name": "keyword", "Alias": "k", "Startup Cost": 0.0, "Total Cost": 3182.72, "Plan Rows": 1, "Plan Width": 4, "Actual Startup Time": 0.438, "Actual Total Time": 113.411, "Actual Rows": 1, "Actual Loops": 1, "Filter": "((keyword)::text = 'sequel'::text)", "Rows Removed by Filter": 134168}, {"Node Type": "Index Scan", "Parent Relationship": "Inner", "Scan Direction": "Forward", "Index Name": "keyword_id_movie_keyword", "Relation Name": "movie_keyword", "Alias": "mk", "Startup Cost": 0.0, "Total Cost": 136.88, "Plan Rows": 33, "Plan Width": 8, "Actual Startup Time": 0.027, "Actual Total Time": 10.895, "Actual Rows": 10544, "Actual Loops": 1, "Index Cond": "(keyword_id = k.id)", "Rows Removed by Index Recheck": 0}]}, {"Node Type": "Index Scan", "Parent Relationship": "Inner", "Scan Direction": "Forward", "Index Name": "title_pkey", "Relation Name": "title", "Alias": "t", "Startup Cost": 0.0, "Total Cost": 0.31, "Plan Rows": 1, "Plan Width": 21, "Actual Startup Time": 44.568, "Actual Total Time": 44.568, "Actual Rows": 1, "Actual Loops": 10544, "Index Cond": "(id = mk.movie_id)", "Rows Removed by Index Recheck": 0, "Filter": "(((title)::text ~~ '%Money%'::text) AND (production_year = 1998))", "Rows Removed by Filter": 10543}]}, {"Node Type": "Index Scan", "Parent Relationship": "Inner", "Scan Direction": "Forward", "Index Name": "movie_id_movie_companies", "Relation Name": "movie_companies", "Alias": "mc", "Startup Cost": 0.0, "Total Cost": 0.31, "Plan Rows": 2, "Plan Width": 12, "Actual Startup Time": 0.011, "Actual Total Time": 0.013, "Actual Rows": 3, "Actual Loops": 1, "Index Cond": "(movie_id = mk.movie_id)", "Rows Removed by Index Recheck": 0, "Filter": "(note IS NULL)", "Rows Removed by Filter": 1}]}, {"Node Type": "Index Scan", "Parent Relationship": "Inner", "Scan Direction": "Forward", "Index Name": "company_name_pkey", "Relation Name": "company_name", "Alias": "cn", "Startup Cost": 0.0, "Total Cost": 0.29, "Plan Rows": 1, "Plan Width": 23, "Actual Startup Time": 0.022, "Actual Total Time": 0.022, "Actual Rows": 2, "Actual Loops": 3, "Index Cond": "(id = mc.company_id)", "Rows Removed by Index Recheck": 0, "Filter": "(((country_code)::text <> '[pl]'::text) AND (((name)::text ~~ '%Film%'::text) OR ((name)::text ~~ '%Warner%'::text)))", "Rows Removed by Filter": 1}]}, {"Node Type": "Index Scan", "Parent Relationship": "Inner", "Scan Direction": "Forward", "Index Name": "company_type_pkey", "Relation Name": "company_type", "Alias": "ct", "Startup Cost": 0.0, "Total Cost": 0.27, "Plan Rows": 1, "Plan Width": 4, "Actual Startup Time": 0.006, "Actual Total Time": 0.006, "Actual Rows": 2, "Actual Loops": 2, "Index Cond": "(id = mc.company_type_id)", "Rows Removed by Index Recheck": 0, "Filter": "((kind)::text = 'production companies'::text)", "Rows Removed by Filter": 0}]}, {"Node Type": "Index Scan", "Parent Relationship": "Inner", "Scan Direction": "Forward", "Index Name": "movie_id_movie_link", "Relation Name": "movie_link", "Alias": "ml", "Startup Cost": 0.0, "Total Cost": 0.35, "Plan Rows": 5, "Plan Width": 8, "Actual Startup Time": 0.011, "Actual Total Time": 0.025, "Actual Rows": 38, "Actual Loops": 2, "Index Cond": "(movie_id = mk.movie_id)", "Rows Removed by Index Recheck": 0}]}, {"Node Type": "Index Scan", "Parent Relationship": "Inner", "Scan Direction": "Forward", "Index Name": "link_type_pkey", "Relation Name": "link_type", "Alias": "lt", "Startup Cost": 0.0, "Total Cost": 0.27, "Plan Rows": 1, "Plan Width": 16, "Actual Startup Time": 0.063, "Actual Total Time": 0.063, "Actual Rows": 0, "Actual Loops": 38, "Index Cond": "(id = ml.link_type_id)", "Rows Removed by Index Recheck": 0, "Filter": "((link)::text ~~ '%follows%'::text)", "Rows Removed by Filter": 24}]}]}, "Triggers": [], "Planner Runtime": 56.535, "Total Runtime": 177.003, "Unique SQL Id": 4121279504}}, "(1, 26)": {"explain_plan": {"Plan": {"Node Type": "Aggregate", "Strategy": "Plain", "Startup Cost": 210941.67, "Total Cost": 210941.68, "Plan Rows": 1, "Plan Width": 144, "Plans": [{"Node Type": "Nested Loop", "Parent Relationship": "Outer", "Join Type": "Inner", "Startup Cost": 192482.59, "Total Cost": 210941.66, "Plan Rows": 1, "Plan Width": 48, "Inner Unique": false, "Join Filter": "(mk.keyword_id = k.id)", "Plans": [{"Node Type": "Seq Scan", "Parent Relationship": "Outer", "Relation Name": "keyword", "Alias": "k", "Startup Cost": 0.0, "Total Cost": 2436.11, "Plan Rows": 1, "Plan Width": 4, "Filter": "((keyword)::text = 'sequel'::text)"}, {"Node Type": "Merge Join", "Parent Relationship": "Inner", "Join Type": "Inner", "Startup Cost": 192482.59, "Total Cost": 208505.35, "Plan Rows": 16, "Plan Width": 52, "Inner Unique": false, "Merge Cond": "(t.id = ml.movie_id)", "Plans": [{"Node Type": "Nested Loop", "Parent Relationship": "Outer", "Join Type": "Inner", "Startup Cost": 191573.53, "Total Cost": 415758.65, "Plan Rows": 14, "Plan Width": 52, "Inner Unique": false, "Join Filter": "(t.id = mk.movie_id)", "Plans": [{"Node Type": "Nested Loop", "Parent Relationship": "Outer", "Join Type": "Inner", "Startup Cost": 191573.53, "Total Cost": 206289.67, "Plan Rows": 2, "Plan Width": 44, "Inner Unique": true, "Join Filter": "(mc.company_id = cn.id)", "Plans": [{"Node Type": "Merge Join", "Parent Relationship": "Outer", "Join Type": "Inner", "Startup Cost": 191573.53, "Total Cost": 194747.32, "Plan Rows": 5, "Plan Width": 29, "Inner Unique": false, "Merge Cond": "(t.id = mc.movie_id)", "Plans": [{"Node Type": "Sort", "Parent Relationship": "Outer", "Startup Cost": 72710.71, "Total Cost": 72710.71, "Plan Rows": 4, "Plan Width": 21, "Sort Key": ["t.id"], "Plans": [{"Node Type": "Seq Scan", "Parent Relationship": "Outer", "Relation Name": "title", "Alias": "t", "Startup Cost": 0.0, "Total Cost": 72710.67, "Plan Rows": 4, "Plan Width": 21, "Filter": "(((title)::text ~~ '%Money%'::text) AND (production_year = 1998))"}]}, {"Node Type": "Sort", "Parent Relationship": "Inner", "Startup Cost": 118862.83, "Total Cost": 120449.69, "Plan Rows": 634743, "Plan Width": 8, "Sort Key": ["mc.movie_id"], "Plans": [{"Node Type": "Nested Loop", "Parent Relationship": "Outer", "Join Type": "Inner", "Startup Cost": 0.0, "Total Cost": 57686.89, "Plan Rows": 634743, "Plan Width": 8, "Inner Unique": false, "Join Filter": "(ct.id = mc.company_type_id), (LLVM Optimized)", "Plans": [{"Node Type": "Seq Scan", "Parent Relationship": "Outer", "Relation Name": "company_type", "Alias": "ct", "Startup Cost": 0.0, "Total Cost": 1.04, "Plan Rows": 1, "Plan Width": 4, "Filter": "((kind)::text = 'production companies'::text)"}, {"Node Type": "Seq Scan", "Parent Relationship": "Inner", "Relation Name": "movie_companies", "Alias": "mc", "Startup Cost": 0.0, "Total Cost": 41817.28, "Plan Rows": 1269486, "Plan Width": 12, "Filter": "(note IS NULL), (LLVM Optimized)"}]}]}]}, {"Node Type": "Materialize", "Parent Relationship": "Inner", "Startup Cost": 0.0, "Total Cost": 7366.43, "Plan Rows": 57599, "Plan Width": 23, "Plans": [{"Node Type": "Seq Scan", "Parent Relationship": "Outer", "Relation Name": "company_name", "Alias": "cn", "Startup Cost": 0.0, "Total Cost": 7078.43, "Plan Rows": 57599, "Plan Width": 23, "Filter": "(((country_code)::text <> '[pl]'::text) AND (((name)::text ~~ '%Film%'::text) OR ((name)::text ~~ '%Warner%'::text)))"}]}]}, {"Node Type": "Materialize", "Parent Relationship": "Inner", "Startup Cost": 0.0, "Total Cost": 85060.93, "Plan Rows": 4523929, "Plan Width": 8, "Plans": [{"Node Type": "Seq Scan", "Parent Relationship": "Outer", "Relation Name": "movie_keyword", "Alias": "mk", "Startup Cost": 0.0, "Total Cost": 62441.29, "Plan Rows": 4523929, "Plan Width": 8}]}]}, {"Node Type": "Sort", "Parent Relationship": "Inner", "Startup Cost": 909.05, "Total Cost": 913.74, "Plan Rows": 1875, "Plan Width": 16, "Sort Key": ["ml.movie_id"], "Plans": [{"Node Type": "Nested Loop", "Parent Relationship": "Outer", "Join Type": "Inner", "Startup Cost": 0.0, "Total Cost": 807.12, "Plan Rows": 1875, "Plan Width": 16, "Inner Unique": false, "Join Filter": "(lt.id = ml.link_type_id)", "Plans": [{"Node Type": "Seq Scan", "Parent Relationship": "Outer", "Relation Name": "link_type", "Alias": "lt", "Startup Cost": 0.0, "Total Cost": 1.21, "Plan Rows": 1, "Plan Width": 16, "Filter": "((link)::text ~~ '%follows%'::text)"}, {"Node Type": "Seq Scan", "Parent Relationship": "Inner", "Relation Name": "movie_link", "Alias": "ml", "Startup Cost": 0.0, "Total Cost": 430.96, "Plan Rows": 29996, "Plan Width": 8}]}]}]}]}]}, "Unique SQL Id": 4121279504}, "explain_analyze_plan": null}, "(1, 27)": {"explain_plan": {"Plan": {"Node Type": "Aggregate", "Strategy": "Plain", "Startup Cost": 2483351514613.15, "Total Cost": 2483351514613.16, "Plan Rows": 1, "Plan Width": 144, "Plans": [{"Node Type": "Nested Loop", "Parent Relationship": "Outer", "Join Type": "Inner", "Startup Cost": 80042213480.87, "Total Cost": 2483351514613.14, "Plan Rows": 1, "Plan Width": 48, "Inner Unique": true, "Join Filter": "(ml.link_type_id = lt.id)", "Plans": [{"Node Type": "Merge Join", "Parent Relationship": "Outer", "Join Type": "Inner", "Startup Cost": 70042213480.87, "Total Cost": 1483351513358.38, "Plan Rows": 1, "Plan Width": 40, "Inner Unique": false, "Merge Cond": "(mk.movie_id = ml.movie_id)", "Plans": [{"Node Type": "Nested Loop", "Parent Relationship": "Outer", "Join Type": "Inner", "Startup Cost": 20000000000.0, "Total Cost": 2000015686764.79, "Plan Rows": 33, "Plan Width": 4, "Inner Unique": true, "Join Filter": "(k.id = mk.keyword_id)", "Plans": [{"Node Type": "Index Scan", "Parent Relationship": "Outer", "Scan Direction": "Forward", "Index Name": "movie_id_movie_keyword", "Relation Name": "movie_keyword", "Alias": "mk", "Startup Cost": 10000000000.0, "Total Cost": 1000015300634.17, "Plan Rows": 4523929, "Plan Width": 8}, {"Node Type": "Materialize", "Parent Relationship": "Inner", "Startup Cost": 10000000000.0, "Total Cost": 1000000318271.69, "Plan Rows": 1, "Plan Width": 4, "Plans": [{"Node Type": "Index Scan", "Parent Relationship": "Outer", "Scan Direction": "Forward", "Index Name": "keyword_pkey", "Relation Name": "keyword", "Alias": "k", "Startup Cost": 10000000000.0, "Total Cost": 1000000318271.68, "Plan Rows": 1, "Plan Width": 4, "Filter": "((keyword)::text = 'sequel'::text)"}]}]}, {"Node Type": "Materialize", "Parent Relationship": "Inner", "Startup Cost": 50042213480.87, "Total Cost": 1403351038001.82, "Plan Rows": 12, "Plan Width": 52, "Plans": [{"Node Type": "Merge Join", "Parent Relationship": "Outer", "Join Type": "Inner", "Startup Cost": 50042213480.87, "Total Cost": 1403351038001.79, "Plan Rows": 12, "Plan Width": 52, "Inner Unique": false, "Merge Cond": "(mc.movie_id = ml.movie_id)", "Plans": [{"Node Type": "Nested Loop", "Parent Relationship": "Outer", "Join Type": "Inner", "Startup Cost": 30000000000.0, "Total Cost": 3000562648430.49, "Plan Rows": 211110, "Plan Width": 23, "Inner Unique": true, "Join Filter": "(mc.company_id = cn.id), (LLVM Optimized)", "Plans": [{"Node Type": "Nested Loop", "Parent Relationship": "Outer", "Join Type": "Inner", "Startup Cost": 20000000000.0, "Total Cost": 2000013072218.67, "Plan Rows": 634743, "Plan Width": 8, "Inner Unique": true, "Join Filter": "(ct.id = mc.company_type_id), (LLVM Optimized)", "Plans": [{"Node Type": "Index Scan", "Parent Relationship": "Outer", "Scan Direction": "Forward", "Index Name": "movie_id_movie_companies", "Relation Name": "movie_companies", "Alias": "mc", "Startup Cost": 10000000000.0, "Total Cost": 1000013051946.13, "Plan Rows": 1269486, "Plan Width": 12, "Filter": "(note IS NULL), (LLVM Optimized)"}, {"Node Type": "Materialize", "Parent Relationship": "Inner", "Startup Cost": 10000000000.0, "Total Cost": 1000000001230.26, "Plan Rows": 1, "Plan Width": 4, "Plans": [{"Node Type": "Index Scan", "Parent Relationship": "Outer", "Scan Direction": "Forward", "Index Name": "company_type_pkey", "Relation Name": "company_type", "Alias": "ct", "Startup Cost": 10000000000.0, "Total Cost": 1000000001230.25, "Plan Rows": 1, "Plan Width": 4, "Filter": "((kind)::text = 'production companies'::text)"}]}]}, {"Node Type": "Materialize", "Parent Relationship": "Inner", "Startup Cost": 10000000000.0, "Total Cost": 1000001167924.96, "Plan Rows": 57599, "Plan Width": 23, "Plans": [{"Node Type": "Index Scan", "Parent Relationship": "Outer", "Scan Direction": "Forward", "Index Name": "company_name_pkey", "Relation Name": "company_name", "Alias": "cn", "Startup Cost": 10000000000.0, "Total Cost": 1000001167636.97, "Plan Rows": 57599, "Plan Width": 23, "Filter": "(((country_code)::text <> '[pl]'::text) AND (((name)::text ~~ '%Film%'::text) OR ((name)::text ~~ '%Warner%'::text)))"}]}]}, {"Node Type": "Materialize", "Parent Relationship": "Inner", "Startup Cost": 20000000000.0, "Total Cost": 1257503175328.76, "Plan Rows": 19, "Plan Width": 29, "Plans": [{"Node Type": "Merge Join", "Parent Relationship": "Outer", "Join Type": "Inner", "Startup Cost": 20000000000.0, "Total Cost": 1257503175328.72, "Plan Rows": 19, "Plan Width": 29, "Inner Unique": true, "Merge Cond": "(ml.movie_id = t.id)", "Plans": [{"Node Type": "Index Scan", "Parent Relationship": "Outer", "Scan Direction": "Forward", "Index Name": "movie_id_movie_link", "Relation Name": "movie_link", "Alias": "ml", "Startup Cost": 10000000000.0, "Total Cost": 1000000106202.37, "Plan Rows": 29996, "Plan Width": 8}, {"Node Type": "Materialize", "Parent Relationship": "Inner", "Startup Cost": 10000000000.0, "Total Cost": 1000012276204.42, "Plan Rows": 4, "Plan Width": 21, "Plans": [{"Node Type": "Index Scan", "Parent Relationship": "Outer", "Scan Direction": "Forward", "Index Name": "title_pkey", "Relation Name": "title", "Alias": "t", "Startup Cost": 10000000000.0, "Total Cost": 1000012276204.41, "Plan Rows": 4, "Plan Width": 21, "Filter": "(((title)::text ~~ '%Money%'::text) AND (production_year = 1998))"}]}]}]}]}]}]}, {"Node Type": "Index Scan", "Parent Relationship": "Inner", "Scan Direction": "Forward", "Index Name": "link_type_pkey", "Relation Name": "link_type", "Alias": "lt", "Startup Cost": 10000000000.0, "Total Cost": 1000000001254.75, "Plan Rows": 1, "Plan Width": 16, "Filter": "((link)::text ~~ '%follows%'::text)"}]}]}, "Unique SQL Id": 4121279504}, "explain_analyze_plan": null}, "(1, 28)": {"explain_plan": {"Plan": {"Node Type": "Aggregate", "Strategy": "Plain", "Startup Cost": 2585.63, "Total Cost": 2585.64, "Plan Rows": 1, "Plan Width": 144, "Plans": [{"Node Type": "Nested Loop", "Parent Relationship": "Outer", "Join Type": "Inner", "Startup Cost": 0.0, "Total Cost": 2585.62, "Plan Rows": 1, "Plan Width": 48, "Inner Unique": true, "Plans": [{"Node Type": "Nested Loop", "Parent Relationship": "Outer", "Join Type": "Inner", "Startup Cost": 0.0, "Total Cost": 2585.34, "Plan Rows": 1, "Plan Width": 40, "Inner Unique": false, "Join Filter": "(t.id = ml.movie_id)", "Plans": [{"Node Type": "Nested Loop", "Parent Relationship": "Outer", "Join Type": "Inner", "Startup Cost": 0.0, "Total Cost": 2584.93, "Plan Rows": 1, "Plan Width": 48, "Inner Unique": true, "Plans": [{"Node Type": "Nested Loop", "Parent Relationship": "Outer", "Join Type": "Inner", "Startup Cost": 0.0, "Total Cost": 2584.64, "Plan Rows": 1, "Plan Width": 52, "Inner Unique": true, "Plans": [{"Node Type": "Nested Loop", "Parent Relationship": "Outer", "Join Type": "Inner", "Startup Cost": 0.0, "Total Cost": 2584.35, "Plan Rows": 1, "Plan Width": 37, "Inner Unique": false, "Join Filter": "(t.id = mc.movie_id)", "Plans": [{"Node Type": "Nested Loop", "Parent Relationship": "Outer", "Join Type": "Inner", "Startup Cost": 0.0, "Total Cost": 2584.01, "Plan Rows": 1, "Plan Width": 25, "Inner Unique": true, "Plans": [{"Node Type": "Nested Loop", "Parent Relationship": "Outer", "Join Type": "Inner", "Startup Cost": 0.0, "Total Cost": 2573.32, "Plan Rows": 33, "Plan Width": 4, "Inner Unique": false, "Plans": [{"Node Type": "Seq Scan", "Parent Relationship": "Outer", "Relation Name": "keyword", "Alias": "k", "Startup Cost": 0.0, "Total Cost": 2436.11, "Plan Rows": 1, "Plan Width": 4, "Filter": "((keyword)::text = 'sequel'::text)"}, {"Node Type": "Index Scan", "Parent Relationship": "Inner", "Scan Direction": "Forward", "Index Name": "keyword_id_movie_keyword", "Relation Name": "movie_keyword", "Alias": "mk", "Startup Cost": 0.0, "Total Cost": 136.88, "Plan Rows": 33, "Plan Width": 8, "Index Cond": "(keyword_id = k.id)"}]}, {"Node Type": "Index Scan", "Parent Relationship": "Inner", "Scan Direction": "Forward", "Index Name": "title_pkey", "Relation Name": "title", "Alias": "t", "Startup Cost": 0.0, "Total Cost": 0.31, "Plan Rows": 1, "Plan Width": 21, "Index Cond": "(id = mk.movie_id)", "Filter": "(((title)::text ~~ '%Money%'::text) AND (production_year = 1998))"}]}, {"Node Type": "Index Scan", "Parent Relationship": "Inner", "Scan Direction": "Forward", "Index Name": "movie_id_movie_companies", "Relation Name": "movie_companies", "Alias": "mc", "Startup Cost": 0.0, "Total Cost": 0.31, "Plan Rows": 2, "Plan Width": 12, "Index Cond": "(movie_id = mk.movie_id)", "Filter": "(note IS NULL)"}]}, {"Node Type": "Index Scan", "Parent Relationship": "Inner", "Scan Direction": "Forward", "Index Name": "company_name_pkey", "Relation Name": "company_name", "Alias": "cn", "Startup Cost": 0.0, "Total Cost": 0.29, "Plan Rows": 1, "Plan Width": 23, "Index Cond": "(id = mc.company_id)", "Filter": "(((country_code)::text <> '[pl]'::text) AND (((name)::text ~~ '%Film%'::text) OR ((name)::text ~~ '%Warner%'::text)))"}]}, {"Node Type": "Index Scan", "Parent Relationship": "Inner", "Scan Direction": "Forward", "Index Name": "company_type_pkey", "Relation Name": "company_type", "Alias": "ct", "Startup Cost": 0.0, "Total Cost": 0.27, "Plan Rows": 1, "Plan Width": 4, "Index Cond": "(id = mc.company_type_id)", "Filter": "((kind)::text = 'production companies'::text)"}]}, {"Node Type": "Index Scan", "Parent Relationship": "Inner", "Scan Direction": "Forward", "Index Name": "movie_id_movie_link", "Relation Name": "movie_link", "Alias": "ml", "Startup Cost": 0.0, "Total Cost": 0.35, "Plan Rows": 5, "Plan Width": 8, "Index Cond": "(movie_id = mk.movie_id)"}]}, {"Node Type": "Index Scan", "Parent Relationship": "Inner", "Scan Direction": "Forward", "Index Name": "link_type_pkey", "Relation Name": "link_type", "Alias": "lt", "Startup Cost": 0.0, "Total Cost": 0.27, "Plan Rows": 1, "Plan Width": 16, "Index Cond": "(id = ml.link_type_id)", "Filter": "((link)::text ~~ '%follows%'::text)"}]}]}, "Unique SQL Id": 4121279504}, "explain_analyze_plan": {"Plan": {"Node Type": "Aggregate", "Strategy": "Plain", "Startup Cost": 2585.63, "Total Cost": 2585.64, "Plan Rows": 1, "Plan Width": 144, "Actual Startup Time": 103.23, "Actual Total Time": 103.23, "Actual Rows": 1, "Actual Loops": 1, "Plans": [{"Node Type": "Nested Loop", "Parent Relationship": "Outer", "Join Type": "Inner", "Startup Cost": 0.0, "Total Cost": 2585.62, "Plan Rows": 1, "Plan Width": 48, "Actual Startup Time": 103.221, "Actual Total Time": 103.221, "Actual Rows": 0, "Actual Loops": 1, "Inner Unique": true, "Plans": [{"Node Type": "Nested Loop", "Parent Relationship": "Outer", "Join Type": "Inner", "Startup Cost": 0.0, "Total Cost": 2585.34, "Plan Rows": 1, "Plan Width": 40, "Actual Startup Time": 2.61, "Actual Total Time": 103.138, "Actual Rows": 38, "Actual Loops": 1, "Inner Unique": false, "Join Filter": "(t.id = ml.movie_id)", "Rows Removed by Join Filter": 0, "Plans": [{"Node Type": "Nested Loop", "Parent Relationship": "Outer", "Join Type": "Inner", "Startup Cost": 0.0, "Total Cost": 2584.93, "Plan Rows": 1, "Plan Width": 48, "Actual Startup Time": 2.599, "Actual Total Time": 103.092, "Actual Rows": 2, "Actual Loops": 1, "Inner Unique": true, "Plans": [{"Node Type": "Nested Loop", "Parent Relationship": "Outer", "Join Type": "Inner", "Startup Cost": 0.0, "Total Cost": 2584.64, "Plan Rows": 1, "Plan Width": 52, "Actual Startup Time": 2.592, "Actual Total Time": 103.081, "Actual Rows": 2, "Actual Loops": 1, "Inner Unique": true, "Plans": [{"Node Type": "Nested Loop", "Parent Relationship": "Outer", "Join Type": "Inner", "Startup Cost": 0.0, "Total Cost": 2584.35, "Plan Rows": 1, "Plan Width": 37, "Actual Startup Time": 2.578, "Actual Total Time": 103.051, "Actual Rows": 3, "Actual Loops": 1, "Inner Unique": false, "Join Filter": "(t.id = mc.movie_id)", "Rows Removed by Join Filter": 0, "Plans": [{"Node Type": "Nested Loop", "Parent Relationship": "Outer", "Join Type": "Inner", "Startup Cost": 0.0, "Total Cost": 2584.01, "Plan Rows": 1, "Plan Width": 25, "Actual Startup Time": 2.565, "Actual Total Time": 103.035, "Actual Rows": 1, "Actual Loops": 1, "Inner Unique": true, "Plans": [{"Node Type": "Nested Loop", "Parent Relationship": "Outer", "Join Type": "Inner", "Startup Cost": 0.0, "Total Cost": 2573.32, "Plan Rows": 33, "Plan Width": 4, "Actual Startup Time": 2.328, "Actual Total Time": 53.899, "Actual Rows": 10544, "Actual Loops": 1, "Inner Unique": false, "Plans": [{"Node Type": "Seq Scan", "Parent Relationship": "Outer", "Relation Name": "keyword", "Alias": "k", "Startup Cost": 0.0, "Total Cost": 2436.11, "Plan Rows": 1, "Plan Width": 4, "Actual Startup Time": 2.291, "Actual Total Time": 40.813, "Actual Rows": 1, "Actual Loops": 1, "Filter": "((keyword)::text = 'sequel'::text)", "Rows Removed by Filter": 134168}, {"Node Type": "Index Scan", "Parent Relationship": "Inner", "Scan Direction": "Forward", "Index Name": "keyword_id_movie_keyword", "Relation Name": "movie_keyword", "Alias": "mk", "Startup Cost": 0.0, "Total Cost": 136.88, "Plan Rows": 33, "Plan Width": 8, "Actual Startup Time": 0.031, "Actual Total Time": 10.818, "Actual Rows": 10544, "Actual Loops": 1, "Index Cond": "(keyword_id = k.id)", "Rows Removed by Index Recheck": 0}]}, {"Node Type": "Index Scan", "Parent Relationship": "Inner", "Scan Direction": "Forward", "Index Name": "title_pkey", "Relation Name": "title", "Alias": "t", "Startup Cost": 0.0, "Total Cost": 0.31, "Plan Rows": 1, "Plan Width": 21, "Actual Startup Time": 43.968, "Actual Total Time": 43.968, "Actual Rows": 1, "Actual Loops": 10544, "Index Cond": "(id = mk.movie_id)", "Rows Removed by Index Recheck": 0, "Filter": "(((title)::text ~~ '%Money%'::text) AND (production_year = 1998))", "Rows Removed by Filter": 10543}]}, {"Node Type": "Index Scan", "Parent Relationship": "Inner", "Scan Direction": "Forward", "Index Name": "movie_id_movie_companies", "Relation Name": "movie_companies", "Alias": "mc", "Startup Cost": 0.0, "Total Cost": 0.31, "Plan Rows": 2, "Plan Width": 12, "Actual Startup Time": 0.01, "Actual Total Time": 0.013, "Actual Rows": 3, "Actual Loops": 1, "Index Cond": "(movie_id = mk.movie_id)", "Rows Removed by Index Recheck": 0, "Filter": "(note IS NULL)", "Rows Removed by Filter": 1}]}, {"Node Type": "Index Scan", "Parent Relationship": "Inner", "Scan Direction": "Forward", "Index Name": "company_name_pkey", "Relation Name": "company_name", "Alias": "cn", "Startup Cost": 0.0, "Total Cost": 0.29, "Plan Rows": 1, "Plan Width": 23, "Actual Startup Time": 0.025, "Actual Total Time": 0.025, "Actual Rows": 2, "Actual Loops": 3, "Index Cond": "(id = mc.company_id)", "Rows Removed by Index Recheck": 0, "Filter": "(((country_code)::text <> '[pl]'::text) AND (((name)::text ~~ '%Film%'::text) OR ((name)::text ~~ '%Warner%'::text)))", "Rows Removed by Filter": 1}]}, {"Node Type": "Index Scan", "Parent Relationship": "Inner", "Scan Direction": "Forward", "Index Name": "company_type_pkey", "Relation Name": "company_type", "Alias": "ct", "Startup Cost": 0.0, "Total Cost": 0.27, "Plan Rows": 1, "Plan Width": 4, "Actual Startup Time": 0.007, "Actual Total Time": 0.007, "Actual Rows": 2, "Actual Loops": 2, "Index Cond": "(id = mc.company_type_id)", "Rows Removed by Index Recheck": 0, "Filter": "((kind)::text = 'production companies'::text)", "Rows Removed by Filter": 0}]}, {"Node Type": "Index Scan", "Parent Relationship": "Inner", "Scan Direction": "Forward", "Index Name": "movie_id_movie_link", "Relation Name": "movie_link", "Alias": "ml", "Startup Cost": 0.0, "Total Cost": 0.35, "Plan Rows": 5, "Plan Width": 8, "Actual Startup Time": 0.012, "Actual Total Time": 0.024, "Actual Rows": 38, "Actual Loops": 2, "Index Cond": "(movie_id = mk.movie_id)", "Rows Removed by Index Recheck": 0}]}, {"Node Type": "Index Scan", "Parent Relationship": "Inner", "Scan Direction": "Forward", "Index Name": "link_type_pkey", "Relation Name": "link_type", "Alias": "lt", "Startup Cost": 0.0, "Total Cost": 0.27, "Plan Rows": 1, "Plan Width": 16, "Actual Startup Time": 0.064, "Actual Total Time": 0.064, "Actual Rows": 0, "Actual Loops": 38, "Index Cond": "(id = ml.link_type_id)", "Rows Removed by Index Recheck": 0, "Filter": "((link)::text ~~ '%follows%'::text)", "Rows Removed by Filter": 24}]}]}, "Triggers": [], "Planner Runtime": 62.455, "Total Runtime": 103.577, "Unique SQL Id": 4121279504}}, "(1, 29)": {"explain_plan": {"Plan": {"Node Type": "Aggregate", "Strategy": "Plain", "Startup Cost": 3332.23, "Total Cost": 3332.24, "Plan Rows": 1, "Plan Width": 144, "Plans": [{"Node Type": "Nested Loop", "Parent Relationship": "Outer", "Join Type": "Inner", "Startup Cost": 0.0, "Total Cost": 3332.23, "Plan Rows": 1, "Plan Width": 48, "Inner Unique": true, "Plans": [{"Node Type": "Nested Loop", "Parent Relationship": "Outer", "Join Type": "Inner", "Startup Cost": 0.0, "Total Cost": 3331.94, "Plan Rows": 1, "Plan Width": 40, "Inner Unique": false, "Join Filter": "(t.id = ml.movie_id)", "Plans": [{"Node Type": "Nested Loop", "Parent Relationship": "Outer", "Join Type": "Inner", "Startup Cost": 0.0, "Total Cost": 3331.53, "Plan Rows": 1, "Plan Width": 48, "Inner Unique": true, "Plans": [{"Node Type": "Nested Loop", "Parent Relationship": "Outer", "Join Type": "Inner", "Startup Cost": 0.0, "Total Cost": 3331.25, "Plan Rows": 1, "Plan Width": 52, "Inner Unique": true, "Plans": [{"Node Type": "Nested Loop", "Parent Relationship": "Outer", "Join Type": "Inner", "Startup Cost": 0.0, "Total Cost": 3330.95, "Plan Rows": 1, "Plan Width": 37, "Inner Unique": false, "Join Filter": "(t.id = mc.movie_id)", "Plans": [{"Node Type": "Nested Loop", "Parent Relationship": "Outer", "Join Type": "Inner", "Startup Cost": 0.0, "Total Cost": 3330.61, "Plan Rows": 1, "Plan Width": 25, "Inner Unique": true, "Plans": [{"Node Type": "Nested Loop", "Parent Relationship": "Outer", "Join Type": "Inner", "Startup Cost": 0.0, "Total Cost": 3319.92, "Plan Rows": 33, "Plan Width": 4, "Inner Unique": false, "Plans": [{"Node Type": "Index Scan", "Parent Relationship": "Outer", "Scan Direction": "Forward", "Index Name": "keyword_pkey", "Relation Name": "keyword", "Alias": "k", "Startup Cost": 0.0, "Total Cost": 3182.72, "Plan Rows": 1, "Plan Width": 4, "Filter": "((keyword)::text = 'sequel'::text)"}, {"Node Type": "Index Scan", "Parent Relationship": "Inner", "Scan Direction": "Forward", "Index Name": "keyword_id_movie_keyword", "Relation Name": "movie_keyword", "Alias": "mk", "Startup Cost": 0.0, "Total Cost": 136.88, "Plan Rows": 33, "Plan Width": 8, "Index Cond": "(keyword_id = k.id)"}]}, {"Node Type": "Index Scan", "Parent Relationship": "Inner", "Scan Direction": "Forward", "Index Name": "title_pkey", "Relation Name": "title", "Alias": "t", "Startup Cost": 0.0, "Total Cost": 0.31, "Plan Rows": 1, "Plan Width": 21, "Index Cond": "(id = mk.movie_id)", "Filter": "(((title)::text ~~ '%Money%'::text) AND (production_year = 1998))"}]}, {"Node Type": "Index Scan", "Parent Relationship": "Inner", "Scan Direction": "Forward", "Index Name": "movie_id_movie_companies", "Relation Name": "movie_companies", "Alias": "mc", "Startup Cost": 0.0, "Total Cost": 0.31, "Plan Rows": 2, "Plan Width": 12, "Index Cond": "(movie_id = mk.movie_id)", "Filter": "(note IS NULL)"}]}, {"Node Type": "Index Scan", "Parent Relationship": "Inner", "Scan Direction": "Forward", "Index Name": "company_name_pkey", "Relation Name": "company_name", "Alias": "cn", "Startup Cost": 0.0, "Total Cost": 0.29, "Plan Rows": 1, "Plan Width": 23, "Index Cond": "(id = mc.company_id)", "Filter": "(((country_code)::text <> '[pl]'::text) AND (((name)::text ~~ '%Film%'::text) OR ((name)::text ~~ '%Warner%'::text)))"}]}, {"Node Type": "Index Scan", "Parent Relationship": "Inner", "Scan Direction": "Forward", "Index Name": "company_type_pkey", "Relation Name": "company_type", "Alias": "ct", "Startup Cost": 0.0, "Total Cost": 0.27, "Plan Rows": 1, "Plan Width": 4, "Index Cond": "(id = mc.company_type_id)", "Filter": "((kind)::text = 'production companies'::text)"}]}, {"Node Type": "Index Scan", "Parent Relationship": "Inner", "Scan Direction": "Forward", "Index Name": "movie_id_movie_link", "Relation Name": "movie_link", "Alias": "ml", "Startup Cost": 0.0, "Total Cost": 0.35, "Plan Rows": 5, "Plan Width": 8, "Index Cond": "(movie_id = mk.movie_id)"}]}, {"Node Type": "Index Scan", "Parent Relationship": "Inner", "Scan Direction": "Forward", "Index Name": "link_type_pkey", "Relation Name": "link_type", "Alias": "lt", "Startup Cost": 0.0, "Total Cost": 0.27, "Plan Rows": 1, "Plan Width": 16, "Index Cond": "(id = ml.link_type_id)", "Filter": "((link)::text ~~ '%follows%'::text)"}]}]}, "Unique SQL Id": 4121279504}, "explain_analyze_plan": {"Plan": {"Node Type": "Aggregate", "Strategy": "Plain", "Startup Cost": 3332.23, "Total Cost": 3332.24, "Plan Rows": 1, "Plan Width": 144, "Actual Startup Time": 176.653, "Actual Total Time": 176.654, "Actual Rows": 1, "Actual Loops": 1, "Plans": [{"Node Type": "Nested Loop", "Parent Relationship": "Outer", "Join Type": "Inner", "Startup Cost": 0.0, "Total Cost": 3332.23, "Plan Rows": 1, "Plan Width": 48, "Actual Startup Time": 176.642, "Actual Total Time": 176.642, "Actual Rows": 0, "Actual Loops": 1, "Inner Unique": true, "Plans": [{"Node Type": "Nested Loop", "Parent Relationship": "Outer", "Join Type": "Inner", "Startup Cost": 0.0, "Total Cost": 3331.94, "Plan Rows": 1, "Plan Width": 40, "Actual Startup Time": 0.743, "Actual Total Time": 176.562, "Actual Rows": 38, "Actual Loops": 1, "Inner Unique": false, "Join Filter": "(t.id = ml.movie_id)", "Rows Removed by Join Filter": 0, "Plans": [{"Node Type": "Nested Loop", "Parent Relationship": "Outer", "Join Type": "Inner", "Startup Cost": 0.0, "Total Cost": 3331.53, "Plan Rows": 1, "Plan Width": 48, "Actual Startup Time": 0.732, "Actual Total Time": 176.514, "Actual Rows": 2, "Actual Loops": 1, "Inner Unique": true, "Plans": [{"Node Type": "Nested Loop", "Parent Relationship": "Outer", "Join Type": "Inner", "Startup Cost": 0.0, "Total Cost": 3331.25, "Plan Rows": 1, "Plan Width": 52, "Actual Startup Time": 0.727, "Actual Total Time": 176.504, "Actual Rows": 2, "Actual Loops": 1, "Inner Unique": true, "Plans": [{"Node Type": "Nested Loop", "Parent Relationship": "Outer", "Join Type": "Inner", "Startup Cost": 0.0, "Total Cost": 3330.95, "Plan Rows": 1, "Plan Width": 37, "Actual Startup Time": 0.713, "Actual Total Time": 176.476, "Actual Rows": 3, "Actual Loops": 1, "Inner Unique": false, "Join Filter": "(t.id = mc.movie_id)", "Rows Removed by Join Filter": 0, "Plans": [{"Node Type": "Nested Loop", "Parent Relationship": "Outer", "Join Type": "Inner", "Startup Cost": 0.0, "Total Cost": 3330.61, "Plan Rows": 1, "Plan Width": 25, "Actual Startup Time": 0.696, "Actual Total Time": 176.455, "Actual Rows": 1, "Actual Loops": 1, "Inner Unique": true, "Plans": [{"Node Type": "Nested Loop", "Parent Relationship": "Outer", "Join Type": "Inner", "Startup Cost": 0.0, "Total Cost": 3319.92, "Plan Rows": 33, "Plan Width": 4, "Actual Startup Time": 0.47, "Actual Total Time": 126.57, "Actual Rows": 10544, "Actual Loops": 1, "Inner Unique": false, "Plans": [{"Node Type": "Index Scan", "Parent Relationship": "Outer", "Scan Direction": "Forward", "Index Name": "keyword_pkey", "Relation Name": "keyword", "Alias": "k", "Startup Cost": 0.0, "Total Cost": 3182.72, "Plan Rows": 1, "Plan Width": 4, "Actual Startup Time": 0.438, "Actual Total Time": 113.411, "Actual Rows": 1, "Actual Loops": 1, "Filter": "((keyword)::text = 'sequel'::text)", "Rows Removed by Filter": 134168}, {"Node Type": "Index Scan", "Parent Relationship": "Inner", "Scan Direction": "Forward", "Index Name": "keyword_id_movie_keyword", "Relation Name": "movie_keyword", "Alias": "mk", "Startup Cost": 0.0, "Total Cost": 136.88, "Plan Rows": 33, "Plan Width": 8, "Actual Startup Time": 0.027, "Actual Total Time": 10.895, "Actual Rows": 10544, "Actual Loops": 1, "Index Cond": "(keyword_id = k.id)", "Rows Removed by Index Recheck": 0}]}, {"Node Type": "Index Scan", "Parent Relationship": "Inner", "Scan Direction": "Forward", "Index Name": "title_pkey", "Relation Name": "title", "Alias": "t", "Startup Cost": 0.0, "Total Cost": 0.31, "Plan Rows": 1, "Plan Width": 21, "Actual Startup Time": 44.568, "Actual Total Time": 44.568, "Actual Rows": 1, "Actual Loops": 10544, "Index Cond": "(id = mk.movie_id)", "Rows Removed by Index Recheck": 0, "Filter": "(((title)::text ~~ '%Money%'::text) AND (production_year = 1998))", "Rows Removed by Filter": 10543}]}, {"Node Type": "Index Scan", "Parent Relationship": "Inner", "Scan Direction": "Forward", "Index Name": "movie_id_movie_companies", "Relation Name": "movie_companies", "Alias": "mc", "Startup Cost": 0.0, "Total Cost": 0.31, "Plan Rows": 2, "Plan Width": 12, "Actual Startup Time": 0.011, "Actual Total Time": 0.013, "Actual Rows": 3, "Actual Loops": 1, "Index Cond": "(movie_id = mk.movie_id)", "Rows Removed by Index Recheck": 0, "Filter": "(note IS NULL)", "Rows Removed by Filter": 1}]}, {"Node Type": "Index Scan", "Parent Relationship": "Inner", "Scan Direction": "Forward", "Index Name": "company_name_pkey", "Relation Name": "company_name", "Alias": "cn", "Startup Cost": 0.0, "Total Cost": 0.29, "Plan Rows": 1, "Plan Width": 23, "Actual Startup Time": 0.022, "Actual Total Time": 0.022, "Actual Rows": 2, "Actual Loops": 3, "Index Cond": "(id = mc.company_id)", "Rows Removed by Index Recheck": 0, "Filter": "(((country_code)::text <> '[pl]'::text) AND (((name)::text ~~ '%Film%'::text) OR ((name)::text ~~ '%Warner%'::text)))", "Rows Removed by Filter": 1}]}, {"Node Type": "Index Scan", "Parent Relationship": "Inner", "Scan Direction": "Forward", "Index Name": "company_type_pkey", "Relation Name": "company_type", "Alias": "ct", "Startup Cost": 0.0, "Total Cost": 0.27, "Plan Rows": 1, "Plan Width": 4, "Actual Startup Time": 0.006, "Actual Total Time": 0.006, "Actual Rows": 2, "Actual Loops": 2, "Index Cond": "(id = mc.company_type_id)", "Rows Removed by Index Recheck": 0, "Filter": "((kind)::text = 'production companies'::text)", "Rows Removed by Filter": 0}]}, {"Node Type": "Index Scan", "Parent Relationship": "Inner", "Scan Direction": "Forward", "Index Name": "movie_id_movie_link", "Relation Name": "movie_link", "Alias": "ml", "Startup Cost": 0.0, "Total Cost": 0.35, "Plan Rows": 5, "Plan Width": 8, "Actual Startup Time": 0.011, "Actual Total Time": 0.025, "Actual Rows": 38, "Actual Loops": 2, "Index Cond": "(movie_id = mk.movie_id)", "Rows Removed by Index Recheck": 0}]}, {"Node Type": "Index Scan", "Parent Relationship": "Inner", "Scan Direction": "Forward", "Index Name": "link_type_pkey", "Relation Name": "link_type", "Alias": "lt", "Startup Cost": 0.0, "Total Cost": 0.27, "Plan Rows": 1, "Plan Width": 16, "Actual Startup Time": 0.063, "Actual Total Time": 0.063, "Actual Rows": 0, "Actual Loops": 38, "Index Cond": "(id = ml.link_type_id)", "Rows Removed by Index Recheck": 0, "Filter": "((link)::text ~~ '%follows%'::text)", "Rows Removed by Filter": 24}]}]}, "Triggers": [], "Planner Runtime": 56.535, "Total Runtime": 177.003, "Unique SQL Id": 4121279504}}, "(1, 30)": {"explain_plan": {"Plan": {"Node Type": "Aggregate", "Strategy": "Plain", "Startup Cost": 210941.67, "Total Cost": 210941.68, "Plan Rows": 1, "Plan Width": 144, "Plans": [{"Node Type": "Nested Loop", "Parent Relationship": "Outer", "Join Type": "Inner", "Startup Cost": 192482.59, "Total Cost": 210941.66, "Plan Rows": 1, "Plan Width": 48, "Inner Unique": false, "Join Filter": "(mk.keyword_id = k.id)", "Plans": [{"Node Type": "Seq Scan", "Parent Relationship": "Outer", "Relation Name": "keyword", "Alias": "k", "Startup Cost": 0.0, "Total Cost": 2436.11, "Plan Rows": 1, "Plan Width": 4, "Filter": "((keyword)::text = 'sequel'::text)"}, {"Node Type": "Merge Join", "Parent Relationship": "Inner", "Join Type": "Inner", "Startup Cost": 192482.59, "Total Cost": 208505.35, "Plan Rows": 16, "Plan Width": 52, "Inner Unique": false, "Merge Cond": "(t.id = ml.movie_id)", "Plans": [{"Node Type": "Nested Loop", "Parent Relationship": "Outer", "Join Type": "Inner", "Startup Cost": 191573.53, "Total Cost": 415758.65, "Plan Rows": 14, "Plan Width": 52, "Inner Unique": false, "Join Filter": "(t.id = mk.movie_id)", "Plans": [{"Node Type": "Nested Loop", "Parent Relationship": "Outer", "Join Type": "Inner", "Startup Cost": 191573.53, "Total Cost": 206289.67, "Plan Rows": 2, "Plan Width": 44, "Inner Unique": true, "Join Filter": "(mc.company_id = cn.id)", "Plans": [{"Node Type": "Merge Join", "Parent Relationship": "Outer", "Join Type": "Inner", "Startup Cost": 191573.53, "Total Cost": 194747.32, "Plan Rows": 5, "Plan Width": 29, "Inner Unique": false, "Merge Cond": "(t.id = mc.movie_id)", "Plans": [{"Node Type": "Sort", "Parent Relationship": "Outer", "Startup Cost": 72710.71, "Total Cost": 72710.71, "Plan Rows": 4, "Plan Width": 21, "Sort Key": ["t.id"], "Plans": [{"Node Type": "Seq Scan", "Parent Relationship": "Outer", "Relation Name": "title", "Alias": "t", "Startup Cost": 0.0, "Total Cost": 72710.67, "Plan Rows": 4, "Plan Width": 21, "Filter": "(((title)::text ~~ '%Money%'::text) AND (production_year = 1998))"}]}, {"Node Type": "Sort", "Parent Relationship": "Inner", "Startup Cost": 118862.83, "Total Cost": 120449.69, "Plan Rows": 634743, "Plan Width": 8, "Sort Key": ["mc.movie_id"], "Plans": [{"Node Type": "Nested Loop", "Parent Relationship": "Outer", "Join Type": "Inner", "Startup Cost": 0.0, "Total Cost": 57686.89, "Plan Rows": 634743, "Plan Width": 8, "Inner Unique": false, "Join Filter": "(ct.id = mc.company_type_id), (LLVM Optimized)", "Plans": [{"Node Type": "Seq Scan", "Parent Relationship": "Outer", "Relation Name": "company_type", "Alias": "ct", "Startup Cost": 0.0, "Total Cost": 1.04, "Plan Rows": 1, "Plan Width": 4, "Filter": "((kind)::text = 'production companies'::text)"}, {"Node Type": "Seq Scan", "Parent Relationship": "Inner", "Relation Name": "movie_companies", "Alias": "mc", "Startup Cost": 0.0, "Total Cost": 41817.28, "Plan Rows": 1269486, "Plan Width": 12, "Filter": "(note IS NULL), (LLVM Optimized)"}]}]}]}, {"Node Type": "Materialize", "Parent Relationship": "Inner", "Startup Cost": 0.0, "Total Cost": 7366.43, "Plan Rows": 57599, "Plan Width": 23, "Plans": [{"Node Type": "Seq Scan", "Parent Relationship": "Outer", "Relation Name": "company_name", "Alias": "cn", "Startup Cost": 0.0, "Total Cost": 7078.43, "Plan Rows": 57599, "Plan Width": 23, "Filter": "(((country_code)::text <> '[pl]'::text) AND (((name)::text ~~ '%Film%'::text) OR ((name)::text ~~ '%Warner%'::text)))"}]}]}, {"Node Type": "Materialize", "Parent Relationship": "Inner", "Startup Cost": 0.0, "Total Cost": 85060.93, "Plan Rows": 4523929, "Plan Width": 8, "Plans": [{"Node Type": "Seq Scan", "Parent Relationship": "Outer", "Relation Name": "movie_keyword", "Alias": "mk", "Startup Cost": 0.0, "Total Cost": 62441.29, "Plan Rows": 4523929, "Plan Width": 8}]}]}, {"Node Type": "Sort", "Parent Relationship": "Inner", "Startup Cost": 909.05, "Total Cost": 913.74, "Plan Rows": 1875, "Plan Width": 16, "Sort Key": ["ml.movie_id"], "Plans": [{"Node Type": "Nested Loop", "Parent Relationship": "Outer", "Join Type": "Inner", "Startup Cost": 0.0, "Total Cost": 807.12, "Plan Rows": 1875, "Plan Width": 16, "Inner Unique": false, "Join Filter": "(lt.id = ml.link_type_id)", "Plans": [{"Node Type": "Seq Scan", "Parent Relationship": "Outer", "Relation Name": "link_type", "Alias": "lt", "Startup Cost": 0.0, "Total Cost": 1.21, "Plan Rows": 1, "Plan Width": 16, "Filter": "((link)::text ~~ '%follows%'::text)"}, {"Node Type": "Seq Scan", "Parent Relationship": "Inner", "Relation Name": "movie_link", "Alias": "ml", "Startup Cost": 0.0, "Total Cost": 430.96, "Plan Rows": 29996, "Plan Width": 8}]}]}]}]}]}, "Unique SQL Id": 4121279504}, "explain_analyze_plan": null}, "(1, 31)": {"explain_plan": {"Plan": {"Node Type": "Aggregate", "Strategy": "Plain", "Startup Cost": 2483351514613.15, "Total Cost": 2483351514613.16, "Plan Rows": 1, "Plan Width": 144, "Plans": [{"Node Type": "Nested Loop", "Parent Relationship": "Outer", "Join Type": "Inner", "Startup Cost": 80042213480.87, "Total Cost": 2483351514613.14, "Plan Rows": 1, "Plan Width": 48, "Inner Unique": true, "Join Filter": "(ml.link_type_id = lt.id)", "Plans": [{"Node Type": "Merge Join", "Parent Relationship": "Outer", "Join Type": "Inner", "Startup Cost": 70042213480.87, "Total Cost": 1483351513358.38, "Plan Rows": 1, "Plan Width": 40, "Inner Unique": false, "Merge Cond": "(mk.movie_id = ml.movie_id)", "Plans": [{"Node Type": "Nested Loop", "Parent Relationship": "Outer", "Join Type": "Inner", "Startup Cost": 20000000000.0, "Total Cost": 2000015686764.79, "Plan Rows": 33, "Plan Width": 4, "Inner Unique": true, "Join Filter": "(k.id = mk.keyword_id)", "Plans": [{"Node Type": "Index Scan", "Parent Relationship": "Outer", "Scan Direction": "Forward", "Index Name": "movie_id_movie_keyword", "Relation Name": "movie_keyword", "Alias": "mk", "Startup Cost": 10000000000.0, "Total Cost": 1000015300634.17, "Plan Rows": 4523929, "Plan Width": 8}, {"Node Type": "Materialize", "Parent Relationship": "Inner", "Startup Cost": 10000000000.0, "Total Cost": 1000000318271.69, "Plan Rows": 1, "Plan Width": 4, "Plans": [{"Node Type": "Index Scan", "Parent Relationship": "Outer", "Scan Direction": "Forward", "Index Name": "keyword_pkey", "Relation Name": "keyword", "Alias": "k", "Startup Cost": 10000000000.0, "Total Cost": 1000000318271.68, "Plan Rows": 1, "Plan Width": 4, "Filter": "((keyword)::text = 'sequel'::text)"}]}]}, {"Node Type": "Materialize", "Parent Relationship": "Inner", "Startup Cost": 50042213480.87, "Total Cost": 1403351038001.82, "Plan Rows": 12, "Plan Width": 52, "Plans": [{"Node Type": "Merge Join", "Parent Relationship": "Outer", "Join Type": "Inner", "Startup Cost": 50042213480.87, "Total Cost": 1403351038001.79, "Plan Rows": 12, "Plan Width": 52, "Inner Unique": false, "Merge Cond": "(mc.movie_id = ml.movie_id)", "Plans": [{"Node Type": "Nested Loop", "Parent Relationship": "Outer", "Join Type": "Inner", "Startup Cost": 30000000000.0, "Total Cost": 3000562648430.49, "Plan Rows": 211110, "Plan Width": 23, "Inner Unique": true, "Join Filter": "(mc.company_id = cn.id), (LLVM Optimized)", "Plans": [{"Node Type": "Nested Loop", "Parent Relationship": "Outer", "Join Type": "Inner", "Startup Cost": 20000000000.0, "Total Cost": 2000013072218.67, "Plan Rows": 634743, "Plan Width": 8, "Inner Unique": true, "Join Filter": "(ct.id = mc.company_type_id), (LLVM Optimized)", "Plans": [{"Node Type": "Index Scan", "Parent Relationship": "Outer", "Scan Direction": "Forward", "Index Name": "movie_id_movie_companies", "Relation Name": "movie_companies", "Alias": "mc", "Startup Cost": 10000000000.0, "Total Cost": 1000013051946.13, "Plan Rows": 1269486, "Plan Width": 12, "Filter": "(note IS NULL), (LLVM Optimized)"}, {"Node Type": "Materialize", "Parent Relationship": "Inner", "Startup Cost": 10000000000.0, "Total Cost": 1000000001230.26, "Plan Rows": 1, "Plan Width": 4, "Plans": [{"Node Type": "Index Scan", "Parent Relationship": "Outer", "Scan Direction": "Forward", "Index Name": "company_type_pkey", "Relation Name": "company_type", "Alias": "ct", "Startup Cost": 10000000000.0, "Total Cost": 1000000001230.25, "Plan Rows": 1, "Plan Width": 4, "Filter": "((kind)::text = 'production companies'::text)"}]}]}, {"Node Type": "Materialize", "Parent Relationship": "Inner", "Startup Cost": 10000000000.0, "Total Cost": 1000001167924.96, "Plan Rows": 57599, "Plan Width": 23, "Plans": [{"Node Type": "Index Scan", "Parent Relationship": "Outer", "Scan Direction": "Forward", "Index Name": "company_name_pkey", "Relation Name": "company_name", "Alias": "cn", "Startup Cost": 10000000000.0, "Total Cost": 1000001167636.97, "Plan Rows": 57599, "Plan Width": 23, "Filter": "(((country_code)::text <> '[pl]'::text) AND (((name)::text ~~ '%Film%'::text) OR ((name)::text ~~ '%Warner%'::text)))"}]}]}, {"Node Type": "Materialize", "Parent Relationship": "Inner", "Startup Cost": 20000000000.0, "Total Cost": 1257503175328.76, "Plan Rows": 19, "Plan Width": 29, "Plans": [{"Node Type": "Merge Join", "Parent Relationship": "Outer", "Join Type": "Inner", "Startup Cost": 20000000000.0, "Total Cost": 1257503175328.72, "Plan Rows": 19, "Plan Width": 29, "Inner Unique": true, "Merge Cond": "(ml.movie_id = t.id)", "Plans": [{"Node Type": "Index Scan", "Parent Relationship": "Outer", "Scan Direction": "Forward", "Index Name": "movie_id_movie_link", "Relation Name": "movie_link", "Alias": "ml", "Startup Cost": 10000000000.0, "Total Cost": 1000000106202.37, "Plan Rows": 29996, "Plan Width": 8}, {"Node Type": "Materialize", "Parent Relationship": "Inner", "Startup Cost": 10000000000.0, "Total Cost": 1000012276204.42, "Plan Rows": 4, "Plan Width": 21, "Plans": [{"Node Type": "Index Scan", "Parent Relationship": "Outer", "Scan Direction": "Forward", "Index Name": "title_pkey", "Relation Name": "title", "Alias": "t", "Startup Cost": 10000000000.0, "Total Cost": 1000012276204.41, "Plan Rows": 4, "Plan Width": 21, "Filter": "(((title)::text ~~ '%Money%'::text) AND (production_year = 1998))"}]}]}]}]}]}]}, {"Node Type": "Index Scan", "Parent Relationship": "Inner", "Scan Direction": "Forward", "Index Name": "link_type_pkey", "Relation Name": "link_type", "Alias": "lt", "Startup Cost": 10000000000.0, "Total Cost": 1000000001254.75, "Plan Rows": 1, "Plan Width": 16, "Filter": "((link)::text ~~ '%follows%'::text)"}]}]}, "Unique SQL Id": 4121279504}, "explain_analyze_plan": null}, "(1, 32)": {"explain_plan": {"Plan": {"Node Type": "Aggregate", "Strategy": "Plain", "Startup Cost": 2581.34, "Total Cost": 2581.35, "Plan Rows": 1, "Plan Width": 144, "Plans": [{"Node Type": "Nested Loop", "Parent Relationship": "Outer", "Join Type": "Inner", "Startup Cost": 4.51, "Total Cost": 2581.33, "Plan Rows": 1, "Plan Width": 48, "Inner Unique": true, "Plans": [{"Node Type": "Nested Loop", "Parent Relationship": "Outer", "Join Type": "Inner", "Startup Cost": 4.51, "Total Cost": 2581.05, "Plan Rows": 1, "Plan Width": 40, "Inner Unique": false, "Join Filter": "(t.id = ml.movie_id)", "Plans": [{"Node Type": "Nested Loop", "Parent Relationship": "Outer", "Join Type": "Inner", "Startup Cost": 4.51, "Total Cost": 2580.63, "Plan Rows": 1, "Plan Width": 48, "Inner Unique": true, "Plans": [{"Node Type": "Nested Loop", "Parent Relationship": "Outer", "Join Type": "Inner", "Startup Cost": 4.51, "Total Cost": 2580.35, "Plan Rows": 1, "Plan Width": 52, "Inner Unique": true, "Plans": [{"Node Type": "Nested Loop", "Parent Relationship": "Outer", "Join Type": "Inner", "Startup Cost": 4.51, "Total Cost": 2580.05, "Plan Rows": 1, "Plan Width": 37, "Inner Unique": false, "Join Filter": "(t.id = mc.movie_id)", "Plans": [{"Node Type": "Nested Loop", "Parent Relationship": "Outer", "Join Type": "Inner", "Startup Cost": 4.51, "Total Cost": 2579.71, "Plan Rows": 1, "Plan Width": 25, "Inner Unique": true, "Plans": [{"Node Type": "Nested Loop", "Parent Relationship": "Outer", "Join Type": "Inner", "Startup Cost": 4.51, "Total Cost": 2569.02, "Plan Rows": 33, "Plan Width": 4, "Inner Unique": false, "Plans": [{"Node Type": "Seq Scan", "Parent Relationship": "Outer", "Relation Name": "keyword", "Alias": "k", "Startup Cost": 0.0, "Total Cost": 2436.11, "Plan Rows": 1, "Plan Width": 4, "Filter": "((keyword)::text = 'sequel'::text)"}, {"Node Type": "Bitmap Heap Scan", "Parent Relationship": "Inner", "Relation Name": "movie_keyword", "Alias": "mk", "Startup Cost": 4.51, "Total Cost": 132.58, "Plan Rows": 33, "Plan Width": 8, "Recheck Cond": "(keyword_id = k.id)", "Plans": [{"Node Type": "Bitmap Index Scan", "Parent Relationship": "Outer", "Index Name": "keyword_id_movie_keyword", "Startup Cost": 0.0, "Total Cost": 4.5, "Plan Rows": 33, "Plan Width": 0, "Index Cond": "(keyword_id = k.id)"}]}]}, {"Node Type": "Index Scan", "Parent Relationship": "Inner", "Scan Direction": "Forward", "Index Name": "title_pkey", "Relation Name": "title", "Alias": "t", "Startup Cost": 0.0, "Total Cost": 0.31, "Plan Rows": 1, "Plan Width": 21, "Index Cond": "(id = mk.movie_id)", "Filter": "(((title)::text ~~ '%Money%'::text) AND (production_year = 1998))"}]}, {"Node Type": "Index Scan", "Parent Relationship": "Inner", "Scan Direction": "Forward", "Index Name": "movie_id_movie_companies", "Relation Name": "movie_companies", "Alias": "mc", "Startup Cost": 0.0, "Total Cost": 0.31, "Plan Rows": 2, "Plan Width": 12, "Index Cond": "(movie_id = mk.movie_id)", "Filter": "(note IS NULL)"}]}, {"Node Type": "Index Scan", "Parent Relationship": "Inner", "Scan Direction": "Forward", "Index Name": "company_name_pkey", "Relation Name": "company_name", "Alias": "cn", "Startup Cost": 0.0, "Total Cost": 0.29, "Plan Rows": 1, "Plan Width": 23, "Index Cond": "(id = mc.company_id)", "Filter": "(((country_code)::text <> '[pl]'::text) AND (((name)::text ~~ '%Film%'::text) OR ((name)::text ~~ '%Warner%'::text)))"}]}, {"Node Type": "Index Scan", "Parent Relationship": "Inner", "Scan Direction": "Forward", "Index Name": "company_type_pkey", "Relation Name": "company_type", "Alias": "ct", "Startup Cost": 0.0, "Total Cost": 0.27, "Plan Rows": 1, "Plan Width": 4, "Index Cond": "(id = mc.company_type_id)", "Filter": "((kind)::text = 'production companies'::text)"}]}, {"Node Type": "Index Scan", "Parent Relationship": "Inner", "Scan Direction": "Forward", "Index Name": "movie_id_movie_link", "Relation Name": "movie_link", "Alias": "ml", "Startup Cost": 0.0, "Total Cost": 0.35, "Plan Rows": 5, "Plan Width": 8, "Index Cond": "(movie_id = mk.movie_id)"}]}, {"Node Type": "Index Scan", "Parent Relationship": "Inner", "Scan Direction": "Forward", "Index Name": "link_type_pkey", "Relation Name": "link_type", "Alias": "lt", "Startup Cost": 0.0, "Total Cost": 0.27, "Plan Rows": 1, "Plan Width": 16, "Index Cond": "(id = ml.link_type_id)", "Filter": "((link)::text ~~ '%follows%'::text)"}]}]}, "Unique SQL Id": 4121279504}, "explain_analyze_plan": {"Plan": {"Node Type": "Aggregate", "Strategy": "Plain", "Startup Cost": 2581.34, "Total Cost": 2581.35, "Plan Rows": 1, "Plan Width": 144, "Actual Startup Time": 107.057, "Actual Total Time": 107.057, "Actual Rows": 1, "Actual Loops": 1, "Plans": [{"Node Type": "Nested Loop", "Parent Relationship": "Outer", "Join Type": "Inner", "Startup Cost": 4.51, "Total Cost": 2581.33, "Plan Rows": 1, "Plan Width": 48, "Actual Startup Time": 107.047, "Actual Total Time": 107.047, "Actual Rows": 0, "Actual Loops": 1, "Inner Unique": true, "Plans": [{"Node Type": "Nested Loop", "Parent Relationship": "Outer", "Join Type": "Inner", "Startup Cost": 4.51, "Total Cost": 2581.05, "Plan Rows": 1, "Plan Width": 40, "Actual Startup Time": 5.482, "Actual Total Time": 106.959, "Actual Rows": 38, "Actual Loops": 1, "Inner Unique": false, "Join Filter": "(t.id = ml.movie_id)", "Rows Removed by Join Filter": 0, "Plans": [{"Node Type": "Nested Loop", "Parent Relationship": "Outer", "Join Type": "Inner", "Startup Cost": 4.51, "Total Cost": 2580.63, "Plan Rows": 1, "Plan Width": 48, "Actual Startup Time": 5.471, "Actual Total Time": 106.908, "Actual Rows": 2, "Actual Loops": 1, "Inner Unique": true, "Plans": [{"Node Type": "Nested Loop", "Parent Relationship": "Outer", "Join Type": "Inner", "Startup Cost": 4.51, "Total Cost": 2580.35, "Plan Rows": 1, "Plan Width": 52, "Actual Startup Time": 5.461, "Actual Total Time": 106.893, "Actual Rows": 2, "Actual Loops": 1, "Inner Unique": true, "Plans": [{"Node Type": "Nested Loop", "Parent Relationship": "Outer", "Join Type": "Inner", "Startup Cost": 4.51, "Total Cost": 2580.05, "Plan Rows": 1, "Plan Width": 37, "Actual Startup Time": 5.448, "Actual Total Time": 106.864, "Actual Rows": 3, "Actual Loops": 1, "Inner Unique": false, "Join Filter": "(t.id = mc.movie_id)", "Rows Removed by Join Filter": 0, "Plans": [{"Node Type": "Nested Loop", "Parent Relationship": "Outer", "Join Type": "Inner", "Startup Cost": 4.51, "Total Cost": 2579.71, "Plan Rows": 1, "Plan Width": 25, "Actual Startup Time": 5.434, "Actual Total Time": 106.846, "Actual Rows": 1, "Actual Loops": 1, "Inner Unique": true, "Plans": [{"Node Type": "Nested Loop", "Parent Relationship": "Outer", "Join Type": "Inner", "Startup Cost": 4.51, "Total Cost": 2569.02, "Plan Rows": 33, "Plan Width": 4, "Actual Startup Time": 5.175, "Actual Total Time": 57.215, "Actual Rows": 10544, "Actual Loops": 1, "Inner Unique": false, "Plans": [{"Node Type": "Seq Scan", "Parent Relationship": "Outer", "Relation Name": "keyword", "Alias": "k", "Startup Cost": 0.0, "Total Cost": 2436.11, "Plan Rows": 1, "Plan Width": 4, "Actual Startup Time": 2.299, "Actual Total Time": 40.531, "Actual Rows": 1, "Actual Loops": 1, "Filter": "((keyword)::text = 'sequel'::text)", "Rows Removed by Filter": 134168}, {"Node Type": "Bitmap Heap Scan", "Parent Relationship": "Inner", "Relation Name": "movie_keyword", "Alias": "mk", "Startup Cost": 4.51, "Total Cost": 132.58, "Plan Rows": 33, "Plan Width": 8, "Actual Startup Time": 2.868, "Actual Total Time": 14.547, "Actual Rows": 10544, "Actual Loops": 1, "Recheck Cond": "(keyword_id = k.id)", "Rows Removed by Index Recheck": 0, "Exact Heap Blocks": 5090, "Lossy Heap Blocks": 5090, "Plans": [{"Node Type": "Bitmap Index Scan", "Parent Relationship": "Outer", "Index Name": "keyword_id_movie_keyword", "Startup Cost": 0.0, "Total Cost": 4.5, "Plan Rows": 33, "Plan Width": 0, "Actual Startup Time": 1.963, "Actual Total Time": 1.963, "Actual Rows": 10544, "Actual Loops": 1, "Index Cond": "(keyword_id = k.id)"}]}]}, {"Node Type": "Index Scan", "Parent Relationship": "Inner", "Scan Direction": "Forward", "Index Name": "title_pkey", "Relation Name": "title", "Alias": "t", "Startup Cost": 0.0, "Total Cost": 0.31, "Plan Rows": 1, "Plan Width": 21, "Actual Startup Time": 44.363, "Actual Total Time": 44.363, "Actual Rows": 1, "Actual Loops": 10544, "Index Cond": "(id = mk.movie_id)", "Rows Removed by Index Recheck": 0, "Filter": "(((title)::text ~~ '%Money%'::text) AND (production_year = 1998))", "Rows Removed by Filter": 10543}]}, {"Node Type": "Index Scan", "Parent Relationship": "Inner", "Scan Direction": "Forward", "Index Name": "movie_id_movie_companies", "Relation Name": "movie_companies", "Alias": "mc", "Startup Cost": 0.0, "Total Cost": 0.31, "Plan Rows": 2, "Plan Width": 12, "Actual Startup Time": 0.011, "Actual Total Time": 0.014, "Actual Rows": 3, "Actual Loops": 1, "Index Cond": "(movie_id = mk.movie_id)", "Rows Removed by Index Recheck": 0, "Filter": "(note IS NULL)", "Rows Removed by Filter": 1}]}, {"Node Type": "Index Scan", "Parent Relationship": "Inner", "Scan Direction": "Forward", "Index Name": "company_name_pkey", "Relation Name": "company_name", "Alias": "cn", "Startup Cost": 0.0, "Total Cost": 0.29, "Plan Rows": 1, "Plan Width": 23, "Actual Startup Time": 0.025, "Actual Total Time": 0.025, "Actual Rows": 2, "Actual Loops": 3, "Index Cond": "(id = mc.company_id)", "Rows Removed by Index Recheck": 0, "Filter": "(((country_code)::text <> '[pl]'::text) AND (((name)::text ~~ '%Film%'::text) OR ((name)::text ~~ '%Warner%'::text)))", "Rows Removed by Filter": 1}]}, {"Node Type": "Index Scan", "Parent Relationship": "Inner", "Scan Direction": "Forward", "Index Name": "company_type_pkey", "Relation Name": "company_type", "Alias": "ct", "Startup Cost": 0.0, "Total Cost": 0.27, "Plan Rows": 1, "Plan Width": 4, "Actual Startup Time": 0.01, "Actual Total Time": 0.01, "Actual Rows": 2, "Actual Loops": 2, "Index Cond": "(id = mc.company_type_id)", "Rows Removed by Index Recheck": 0, "Filter": "((kind)::text = 'production companies'::text)", "Rows Removed by Filter": 0}]}, {"Node Type": "Index Scan", "Parent Relationship": "Inner", "Scan Direction": "Forward", "Index Name": "movie_id_movie_link", "Relation Name": "movie_link", "Alias": "ml", "Startup Cost": 0.0, "Total Cost": 0.35, "Plan Rows": 5, "Plan Width": 8, "Actual Startup Time": 0.011, "Actual Total Time": 0.027, "Actual Rows": 38, "Actual Loops": 2, "Index Cond": "(movie_id = mk.movie_id)", "Rows Removed by Index Recheck": 0}]}, {"Node Type": "Index Scan", "Parent Relationship": "Inner", "Scan Direction": "Forward", "Index Name": "link_type_pkey", "Relation Name": "link_type", "Alias": "lt", "Startup Cost": 0.0, "Total Cost": 0.27, "Plan Rows": 1, "Plan Width": 16, "Actual Startup Time": 0.073, "Actual Total Time": 0.073, "Actual Rows": 0, "Actual Loops": 38, "Index Cond": "(id = ml.link_type_id)", "Rows Removed by Index Recheck": 0, "Filter": "((link)::text ~~ '%follows%'::text)", "Rows Removed by Filter": 24}]}]}, "Triggers": [], "Planner Runtime": 64.386, "Total Runtime": 107.455, "Unique SQL Id": 4121279504}}, "(1, 33)": {"explain_plan": {"Plan": {"Node Type": "Aggregate", "Strategy": "Plain", "Startup Cost": 3327.94, "Total Cost": 3327.95, "Plan Rows": 1, "Plan Width": 144, "Plans": [{"Node Type": "Nested Loop", "Parent Relationship": "Outer", "Join Type": "Inner", "Startup Cost": 4.51, "Total Cost": 3327.93, "Plan Rows": 1, "Plan Width": 48, "Inner Unique": true, "Plans": [{"Node Type": "Nested Loop", "Parent Relationship": "Outer", "Join Type": "Inner", "Startup Cost": 4.51, "Total Cost": 3327.65, "Plan Rows": 1, "Plan Width": 40, "Inner Unique": false, "Join Filter": "(t.id = ml.movie_id)", "Plans": [{"Node Type": "Nested Loop", "Parent Relationship": "Outer", "Join Type": "Inner", "Startup Cost": 4.51, "Total Cost": 3327.24, "Plan Rows": 1, "Plan Width": 48, "Inner Unique": true, "Plans": [{"Node Type": "Nested Loop", "Parent Relationship": "Outer", "Join Type": "Inner", "Startup Cost": 4.51, "Total Cost": 3326.95, "Plan Rows": 1, "Plan Width": 52, "Inner Unique": true, "Plans": [{"Node Type": "Nested Loop", "Parent Relationship": "Outer", "Join Type": "Inner", "Startup Cost": 4.51, "Total Cost": 3326.66, "Plan Rows": 1, "Plan Width": 37, "Inner Unique": false, "Join Filter": "(t.id = mc.movie_id)", "Plans": [{"Node Type": "Nested Loop", "Parent Relationship": "Outer", "Join Type": "Inner", "Startup Cost": 4.51, "Total Cost": 3326.32, "Plan Rows": 1, "Plan Width": 25, "Inner Unique": true, "Plans": [{"Node Type": "Nested Loop", "Parent Relationship": "Outer", "Join Type": "Inner", "Startup Cost": 4.51, "Total Cost": 3315.63, "Plan Rows": 33, "Plan Width": 4, "Inner Unique": false, "Plans": [{"Node Type": "Index Scan", "Parent Relationship": "Outer", "Scan Direction": "Forward", "Index Name": "keyword_pkey", "Relation Name": "keyword", "Alias": "k", "Startup Cost": 0.0, "Total Cost": 3182.72, "Plan Rows": 1, "Plan Width": 4, "Filter": "((keyword)::text = 'sequel'::text)"}, {"Node Type": "Bitmap Heap Scan", "Parent Relationship": "Inner", "Relation Name": "movie_keyword", "Alias": "mk", "Startup Cost": 4.51, "Total Cost": 132.58, "Plan Rows": 33, "Plan Width": 8, "Recheck Cond": "(keyword_id = k.id)", "Plans": [{"Node Type": "Bitmap Index Scan", "Parent Relationship": "Outer", "Index Name": "keyword_id_movie_keyword", "Startup Cost": 0.0, "Total Cost": 4.5, "Plan Rows": 33, "Plan Width": 0, "Index Cond": "(keyword_id = k.id)"}]}]}, {"Node Type": "Index Scan", "Parent Relationship": "Inner", "Scan Direction": "Forward", "Index Name": "title_pkey", "Relation Name": "title", "Alias": "t", "Startup Cost": 0.0, "Total Cost": 0.31, "Plan Rows": 1, "Plan Width": 21, "Index Cond": "(id = mk.movie_id)", "Filter": "(((title)::text ~~ '%Money%'::text) AND (production_year = 1998))"}]}, {"Node Type": "Index Scan", "Parent Relationship": "Inner", "Scan Direction": "Forward", "Index Name": "movie_id_movie_companies", "Relation Name": "movie_companies", "Alias": "mc", "Startup Cost": 0.0, "Total Cost": 0.31, "Plan Rows": 2, "Plan Width": 12, "Index Cond": "(movie_id = mk.movie_id)", "Filter": "(note IS NULL)"}]}, {"Node Type": "Index Scan", "Parent Relationship": "Inner", "Scan Direction": "Forward", "Index Name": "company_name_pkey", "Relation Name": "company_name", "Alias": "cn", "Startup Cost": 0.0, "Total Cost": 0.29, "Plan Rows": 1, "Plan Width": 23, "Index Cond": "(id = mc.company_id)", "Filter": "(((country_code)::text <> '[pl]'::text) AND (((name)::text ~~ '%Film%'::text) OR ((name)::text ~~ '%Warner%'::text)))"}]}, {"Node Type": "Index Scan", "Parent Relationship": "Inner", "Scan Direction": "Forward", "Index Name": "company_type_pkey", "Relation Name": "company_type", "Alias": "ct", "Startup Cost": 0.0, "Total Cost": 0.27, "Plan Rows": 1, "Plan Width": 4, "Index Cond": "(id = mc.company_type_id)", "Filter": "((kind)::text = 'production companies'::text)"}]}, {"Node Type": "Index Scan", "Parent Relationship": "Inner", "Scan Direction": "Forward", "Index Name": "movie_id_movie_link", "Relation Name": "movie_link", "Alias": "ml", "Startup Cost": 0.0, "Total Cost": 0.35, "Plan Rows": 5, "Plan Width": 8, "Index Cond": "(movie_id = mk.movie_id)"}]}, {"Node Type": "Index Scan", "Parent Relationship": "Inner", "Scan Direction": "Forward", "Index Name": "link_type_pkey", "Relation Name": "link_type", "Alias": "lt", "Startup Cost": 0.0, "Total Cost": 0.27, "Plan Rows": 1, "Plan Width": 16, "Index Cond": "(id = ml.link_type_id)", "Filter": "((link)::text ~~ '%follows%'::text)"}]}]}, "Unique SQL Id": 4121279504}, "explain_analyze_plan": {"Plan": {"Node Type": "Aggregate", "Strategy": "Plain", "Startup Cost": 3327.94, "Total Cost": 3327.95, "Plan Rows": 1, "Plan Width": 144, "Actual Startup Time": 181.02, "Actual Total Time": 181.021, "Actual Rows": 1, "Actual Loops": 1, "Plans": [{"Node Type": "Nested Loop", "Parent Relationship": "Outer", "Join Type": "Inner", "Startup Cost": 4.51, "Total Cost": 3327.93, "Plan Rows": 1, "Plan Width": 48, "Actual Startup Time": 181.01, "Actual Total Time": 181.01, "Actual Rows": 0, "Actual Loops": 1, "Inner Unique": true, "Plans": [{"Node Type": "Nested Loop", "Parent Relationship": "Outer", "Join Type": "Inner", "Startup Cost": 4.51, "Total Cost": 3327.65, "Plan Rows": 1, "Plan Width": 40, "Actual Startup Time": 3.646, "Actual Total Time": 180.923, "Actual Rows": 38, "Actual Loops": 1, "Inner Unique": false, "Join Filter": "(t.id = ml.movie_id)", "Rows Removed by Join Filter": 0, "Plans": [{"Node Type": "Nested Loop", "Parent Relationship": "Outer", "Join Type": "Inner", "Startup Cost": 4.51, "Total Cost": 3327.24, "Plan Rows": 1, "Plan Width": 48, "Actual Startup Time": 3.636, "Actual Total Time": 180.883, "Actual Rows": 2, "Actual Loops": 1, "Inner Unique": true, "Plans": [{"Node Type": "Nested Loop", "Parent Relationship": "Outer", "Join Type": "Inner", "Startup Cost": 4.51, "Total Cost": 3326.95, "Plan Rows": 1, "Plan Width": 52, "Actual Startup Time": 3.627, "Actual Total Time": 180.869, "Actual Rows": 2, "Actual Loops": 1, "Inner Unique": true, "Plans": [{"Node Type": "Nested Loop", "Parent Relationship": "Outer", "Join Type": "Inner", "Startup Cost": 4.51, "Total Cost": 3326.66, "Plan Rows": 1, "Plan Width": 37, "Actual Startup Time": 3.613, "Actual Total Time": 180.84, "Actual Rows": 3, "Actual Loops": 1, "Inner Unique": false, "Join Filter": "(t.id = mc.movie_id)", "Rows Removed by Join Filter": 0, "Plans": [{"Node Type": "Nested Loop", "Parent Relationship": "Outer", "Join Type": "Inner", "Startup Cost": 4.51, "Total Cost": 3326.32, "Plan Rows": 1, "Plan Width": 25, "Actual Startup Time": 3.597, "Actual Total Time": 180.82, "Actual Rows": 1, "Actual Loops": 1, "Inner Unique": true, "Plans": [{"Node Type": "Nested Loop", "Parent Relationship": "Outer", "Join Type": "Inner", "Startup Cost": 4.51, "Total Cost": 3315.63, "Plan Rows": 33, "Plan Width": 4, "Actual Startup Time": 3.337, "Actual Total Time": 130.626, "Actual Rows": 10544, "Actual Loops": 1, "Inner Unique": false, "Plans": [{"Node Type": "Index Scan", "Parent Relationship": "Outer", "Scan Direction": "Forward", "Index Name": "keyword_pkey", "Relation Name": "keyword", "Alias": "k", "Startup Cost": 0.0, "Total Cost": 3182.72, "Plan Rows": 1, "Plan Width": 4, "Actual Startup Time": 0.436, "Actual Total Time": 113.393, "Actual Rows": 1, "Actual Loops": 1, "Filter": "((keyword)::text = 'sequel'::text)", "Rows Removed by Filter": 134168}, {"Node Type": "Bitmap Heap Scan", "Parent Relationship": "Inner", "Relation Name": "movie_keyword", "Alias": "mk", "Startup Cost": 4.51, "Total Cost": 132.58, "Plan Rows": 33, "Plan Width": 8, "Actual Startup Time": 2.893, "Actual Total Time": 14.881, "Actual Rows": 10544, "Actual Loops": 1, "Recheck Cond": "(keyword_id = k.id)", "Rows Removed by Index Recheck": 0, "Exact Heap Blocks": 5090, "Lossy Heap Blocks": 5090, "Plans": [{"Node Type": "Bitmap Index Scan", "Parent Relationship": "Outer", "Index Name": "keyword_id_movie_keyword", "Startup Cost": 0.0, "Total Cost": 4.5, "Plan Rows": 33, "Plan Width": 0, "Actual Startup Time": 1.993, "Actual Total Time": 1.993, "Actual Rows": 10544, "Actual Loops": 1, "Index Cond": "(keyword_id = k.id)"}]}]}, {"Node Type": "Index Scan", "Parent Relationship": "Inner", "Scan Direction": "Forward", "Index Name": "title_pkey", "Relation Name": "title", "Alias": "t", "Startup Cost": 0.0, "Total Cost": 0.31, "Plan Rows": 1, "Plan Width": 21, "Actual Startup Time": 44.981, "Actual Total Time": 44.981, "Actual Rows": 1, "Actual Loops": 10544, "Index Cond": "(id = mk.movie_id)", "Rows Removed by Index Recheck": 0, "Filter": "(((title)::text ~~ '%Money%'::text) AND (production_year = 1998))", "Rows Removed by Filter": 10543}]}, {"Node Type": "Index Scan", "Parent Relationship": "Inner", "Scan Direction": "Forward", "Index Name": "movie_id_movie_companies", "Relation Name": "movie_companies", "Alias": "mc", "Startup Cost": 0.0, "Total Cost": 0.31, "Plan Rows": 2, "Plan Width": 12, "Actual Startup Time": 0.012, "Actual Total Time": 0.013, "Actual Rows": 3, "Actual Loops": 1, "Index Cond": "(movie_id = mk.movie_id)", "Rows Removed by Index Recheck": 0, "Filter": "(note IS NULL)", "Rows Removed by Filter": 1}]}, {"Node Type": "Index Scan", "Parent Relationship": "Inner", "Scan Direction": "Forward", "Index Name": "company_name_pkey", "Relation Name": "company_name", "Alias": "cn", "Startup Cost": 0.0, "Total Cost": 0.29, "Plan Rows": 1, "Plan Width": 23, "Actual Startup Time": 0.023, "Actual Total Time": 0.023, "Actual Rows": 2, "Actual Loops": 3, "Index Cond": "(id = mc.company_id)", "Rows Removed by Index Recheck": 0, "Filter": "(((country_code)::text <> '[pl]'::text) AND (((name)::text ~~ '%Film%'::text) OR ((name)::text ~~ '%Warner%'::text)))", "Rows Removed by Filter": 1}]}, {"Node Type": "Index Scan", "Parent Relationship": "Inner", "Scan Direction": "Forward", "Index Name": "company_type_pkey", "Relation Name": "company_type", "Alias": "ct", "Startup Cost": 0.0, "Total Cost": 0.27, "Plan Rows": 1, "Plan Width": 4, "Actual Startup Time": 0.009, "Actual Total Time": 0.009, "Actual Rows": 2, "Actual Loops": 2, "Index Cond": "(id = mc.company_type_id)", "Rows Removed by Index Recheck": 0, "Filter": "((kind)::text = 'production companies'::text)", "Rows Removed by Filter": 0}]}, {"Node Type": "Index Scan", "Parent Relationship": "Inner", "Scan Direction": "Forward", "Index Name": "movie_id_movie_link", "Relation Name": "movie_link", "Alias": "ml", "Startup Cost": 0.0, "Total Cost": 0.35, "Plan Rows": 5, "Plan Width": 8, "Actual Startup Time": 0.011, "Actual Total Time": 0.023, "Actual Rows": 38, "Actual Loops": 2, "Index Cond": "(movie_id = mk.movie_id)", "Rows Removed by Index Recheck": 0}]}, {"Node Type": "Index Scan", "Parent Relationship": "Inner", "Scan Direction": "Forward", "Index Name": "link_type_pkey", "Relation Name": "link_type", "Alias": "lt", "Startup Cost": 0.0, "Total Cost": 0.27, "Plan Rows": 1, "Plan Width": 16, "Actual Startup Time": 0.063, "Actual Total Time": 0.063, "Actual Rows": 0, "Actual Loops": 38, "Index Cond": "(id = ml.link_type_id)", "Rows Removed by Index Recheck": 0, "Filter": "((link)::text ~~ '%follows%'::text)", "Rows Removed by Filter": 24}]}]}, "Triggers": [], "Planner Runtime": 58.021, "Total Runtime": 181.432, "Unique SQL Id": 4121279504}}, "(1, 34)": {"explain_plan": {"Plan": {"Node Type": "Aggregate", "Strategy": "Plain", "Startup Cost": 2726.02, "Total Cost": 2726.03, "Plan Rows": 1, "Plan Width": 144, "Plans": [{"Node Type": "Nested Loop", "Parent Relationship": "Outer", "Join Type": "Inner", "Startup Cost": 5.59, "Total Cost": 2726.01, "Plan Rows": 1, "Plan Width": 48, "Inner Unique": true, "Join Filter": "(ml.link_type_id = lt.id)", "Plans": [{"Node Type": "Nested Loop", "Parent Relationship": "Outer", "Join Type": "Inner", "Startup Cost": 5.59, "Total Cost": 2724.78, "Plan Rows": 1, "Plan Width": 40, "Inner Unique": false, "Join Filter": "(t.id = ml.movie_id)", "Plans": [{"Node Type": "Nested Loop", "Parent Relationship": "Outer", "Join Type": "Inner", "Startup Cost": 5.3, "Total Cost": 2720.37, "Plan Rows": 1, "Plan Width": 48, "Inner Unique": true, "Join Filter": "(mc.company_type_id = ct.id)", "Plans": [{"Node Type": "Nested Loop", "Parent Relationship": "Outer", "Join Type": "Inner", "Startup Cost": 5.3, "Total Cost": 2719.32, "Plan Rows": 1, "Plan Width": 52, "Inner Unique": true, "Plans": [{"Node Type": "Nested Loop", "Parent Relationship": "Outer", "Join Type": "Inner", "Startup Cost": 5.05, "Total Cost": 2715.03, "Plan Rows": 1, "Plan Width": 37, "Inner Unique": false, "Join Filter": "(t.id = mc.movie_id)", "Plans": [{"Node Type": "Nested Loop", "Parent Relationship": "Outer", "Join Type": "Inner", "Startup Cost": 4.77, "Total Cost": 2710.71, "Plan Rows": 1, "Plan Width": 25, "Inner Unique": true, "Plans": [{"Node Type": "Nested Loop", "Parent Relationship": "Outer", "Join Type": "Inner", "Startup Cost": 4.51, "Total Cost": 2569.02, "Plan Rows": 33, "Plan Width": 4, "Inner Unique": false, "Plans": [{"Node Type": "Seq Scan", "Parent Relationship": "Outer", "Relation Name": "keyword", "Alias": "k", "Startup Cost": 0.0, "Total Cost": 2436.11, "Plan Rows": 1, "Plan Width": 4, "Filter": "((keyword)::text = 'sequel'::text)"}, {"Node Type": "Bitmap Heap Scan", "Parent Relationship": "Inner", "Relation Name": "movie_keyword", "Alias": "mk", "Startup Cost": 4.51, "Total Cost": 132.58, "Plan Rows": 33, "Plan Width": 8, "Recheck Cond": "(keyword_id = k.id)", "Plans": [{"Node Type": "Bitmap Index Scan", "Parent Relationship": "Outer", "Index Name": "keyword_id_movie_keyword", "Startup Cost": 0.0, "Total Cost": 4.5, "Plan Rows": 33, "Plan Width": 0, "Index Cond": "(keyword_id = k.id)"}]}]}, {"Node Type": "Bitmap Heap Scan", "Parent Relationship": "Inner", "Relation Name": "title", "Alias": "t", "Startup Cost": 0.27, "Total Cost": 4.28, "Plan Rows": 1, "Plan Width": 21, "Recheck Cond": "(id = mk.movie_id)", "Filter": "(((title)::text ~~ '%Money%'::text) AND (production_year = 1998))", "Plans": [{"Node Type": "Bitmap Index Scan", "Parent Relationship": "Outer", "Index Name": "title_pkey", "Startup Cost": 0.0, "Total Cost": 0.27, "Plan Rows": 1, "Plan Width": 0, "Index Cond": "(id = mk.movie_id)"}]}]}, {"Node Type": "Bitmap Heap Scan", "Parent Relationship": "Inner", "Relation Name": "movie_companies", "Alias": "mc", "Startup Cost": 0.27, "Total Cost": 4.3, "Plan Rows": 2, "Plan Width": 12, "Recheck Cond": "(movie_id = mk.movie_id)", "Filter": "(note IS NULL)", "Plans": [{"Node Type": "Bitmap Index Scan", "Parent Relationship": "Outer", "Index Name": "movie_id_movie_companies", "Startup Cost": 0.0, "Total Cost": 0.27, "Plan Rows": 2, "Plan Width": 0, "Index Cond": "(movie_id = mk.movie_id)"}]}]}, {"Node Type": "Bitmap Heap Scan", "Parent Relationship": "Inner", "Relation Name": "company_name", "Alias": "cn", "Startup Cost": 0.26, "Total Cost": 4.28, "Plan Rows": 1, "Plan Width": 23, "Recheck Cond": "(id = mc.company_id)", "Filter": "(((country_code)::text <> '[pl]'::text) AND (((name)::text ~~ '%Film%'::text) OR ((name)::text ~~ '%Warner%'::text)))", "Plans": [{"Node Type": "Bitmap Index Scan", "Parent Relationship": "Outer", "Index Name": "company_name_pkey", "Startup Cost": 0.0, "Total Cost": 0.26, "Plan Rows": 1, "Plan Width": 0, "Index Cond": "(id = mc.company_id)"}]}]}, {"Node Type": "Seq Scan", "Parent Relationship": "Inner", "Relation Name": "company_type", "Alias": "ct", "Startup Cost": 0.0, "Total Cost": 1.04, "Plan Rows": 1, "Plan Width": 4, "Filter": "((kind)::text = 'production companies'::text)"}]}, {"Node Type": "Bitmap Heap Scan", "Parent Relationship": "Inner", "Relation Name": "movie_link", "Alias": "ml", "Startup Cost": 0.29, "Total Cost": 4.35, "Plan Rows": 5, "Plan Width": 8, "Recheck Cond": "(movie_id = mk.movie_id)", "Plans": [{"Node Type": "Bitmap Index Scan", "Parent Relationship": "Outer", "Index Name": "movie_id_movie_link", "Startup Cost": 0.0, "Total Cost": 0.29, "Plan Rows": 5, "Plan Width": 0, "Index Cond": "(movie_id = mk.movie_id)"}]}]}, {"Node Type": "Seq Scan", "Parent Relationship": "Inner", "Relation Name": "link_type", "Alias": "lt", "Startup Cost": 0.0, "Total Cost": 1.21, "Plan Rows": 1, "Plan Width": 16, "Filter": "((link)::text ~~ '%follows%'::text)"}]}]}, "Unique SQL Id": 4121279504}, "explain_analyze_plan": {"Plan": {"Node Type": "Aggregate", "Strategy": "Plain", "Startup Cost": 2726.02, "Total Cost": 2726.03, "Plan Rows": 1, "Plan Width": 144, "Actual Startup Time": 123.802, "Actual Total Time": 123.802, "Actual Rows": 1, "Actual Loops": 1, "Plans": [{"Node Type": "Nested Loop", "Parent Relationship": "Outer", "Join Type": "Inner", "Startup Cost": 5.59, "Total Cost": 2726.01, "Plan Rows": 1, "Plan Width": 48, "Actual Startup Time": 123.793, "Actual Total Time": 123.793, "Actual Rows": 0, "Actual Loops": 1, "Inner Unique": true, "Join Filter": "(ml.link_type_id = lt.id)", "Rows Removed by Join Filter": 0, "Plans": [{"Node Type": "Nested Loop", "Parent Relationship": "Outer", "Join Type": "Inner", "Startup Cost": 5.59, "Total Cost": 2724.78, "Plan Rows": 1, "Plan Width": 40, "Actual Startup Time": 5.572, "Actual Total Time": 123.464, "Actual Rows": 38, "Actual Loops": 1, "Inner Unique": false, "Join Filter": "(t.id = ml.movie_id)", "Rows Removed by Join Filter": 0, "Plans": [{"Node Type": "Nested Loop", "Parent Relationship": "Outer", "Join Type": "Inner", "Startup Cost": 5.3, "Total Cost": 2720.37, "Plan Rows": 1, "Plan Width": 48, "Actual Startup Time": 5.548, "Actual Total Time": 123.405, "Actual Rows": 2, "Actual Loops": 1, "Inner Unique": true, "Join Filter": "(mc.company_type_id = ct.id)", "Rows Removed by Join Filter": 0, "Plans": [{"Node Type": "Nested Loop", "Parent Relationship": "Outer", "Join Type": "Inner", "Startup Cost": 5.3, "Total Cost": 2719.32, "Plan Rows": 1, "Plan Width": 52, "Actual Startup Time": 5.537, "Actual Total Time": 123.389, "Actual Rows": 2, "Actual Loops": 1, "Inner Unique": true, "Plans": [{"Node Type": "Nested Loop", "Parent Relationship": "Outer", "Join Type": "Inner", "Startup Cost": 5.05, "Total Cost": 2715.03, "Plan Rows": 1, "Plan Width": 37, "Actual Startup Time": 5.522, "Actual Total Time": 123.354, "Actual Rows": 3, "Actual Loops": 1, "Inner Unique": false, "Join Filter": "(t.id = mc.movie_id)", "Rows Removed by Join Filter": 0, "Plans": [{"Node Type": "Nested Loop", "Parent Relationship": "Outer", "Join Type": "Inner", "Startup Cost": 4.77, "Total Cost": 2710.71, "Plan Rows": 1, "Plan Width": 25, "Actual Startup Time": 5.499, "Actual Total Time": 123.328, "Actual Rows": 1, "Actual Loops": 1, "Inner Unique": true, "Plans": [{"Node Type": "Nested Loop", "Parent Relationship": "Outer", "Join Type": "Inner", "Startup Cost": 4.51, "Total Cost": 2569.02, "Plan Rows": 33, "Plan Width": 4, "Actual Startup Time": 5.191, "Actual Total Time": 58.437, "Actual Rows": 10544, "Actual Loops": 1, "Inner Unique": false, "Plans": [{"Node Type": "Seq Scan", "Parent Relationship": "Outer", "Relation Name": "keyword", "Alias": "k", "Startup Cost": 0.0, "Total Cost": 2436.11, "Plan Rows": 1, "Plan Width": 4, "Actual Startup Time": 2.298, "Actual Total Time": 41.897, "Actual Rows": 1, "Actual Loops": 1, "Filter": "((keyword)::text = 'sequel'::text)", "Rows Removed by Filter": 134168}, {"Node Type": "Bitmap Heap Scan", "Parent Relationship": "Inner", "Relation Name": "movie_keyword", "Alias": "mk", "Startup Cost": 4.51, "Total Cost": 132.58, "Plan Rows": 33, "Plan Width": 8, "Actual Startup Time": 2.885, "Actual Total Time": 14.415, "Actual Rows": 10544, "Actual Loops": 1, "Recheck Cond": "(keyword_id = k.id)", "Rows Removed by Index Recheck": 0, "Exact Heap Blocks": 5090, "Lossy Heap Blocks": 5090, "Plans": [{"Node Type": "Bitmap Index Scan", "Parent Relationship": "Outer", "Index Name": "keyword_id_movie_keyword", "Startup Cost": 0.0, "Total Cost": 4.5, "Plan Rows": 33, "Plan Width": 0, "Actual Startup Time": 1.979, "Actual Total Time": 1.979, "Actual Rows": 10544, "Actual Loops": 1, "Index Cond": "(keyword_id = k.id)"}]}]}, {"Node Type": "Bitmap Heap Scan", "Parent Relationship": "Inner", "Relation Name": "title", "Alias": "t", "Startup Cost": 0.27, "Total Cost": 4.28, "Plan Rows": 1, "Plan Width": 21, "Actual Startup Time": 53.127, "Actual Total Time": 53.127, "Actual Rows": 1, "Actual Loops": 10544, "Recheck Cond": "(id = mk.movie_id)", "Rows Removed by Index Recheck": 0, "Filter": "(((title)::text ~~ '%Money%'::text) AND (production_year = 1998))", "Rows Removed by Filter": 10543, "Exact Heap Blocks": 10544, "Lossy Heap Blocks": 10544, "Plans": [{"Node Type": "Bitmap Index Scan", "Parent Relationship": "Outer", "Index Name": "title_pkey", "Startup Cost": 0.0, "Total Cost": 0.27, "Plan Rows": 1, "Plan Width": 0, "Actual Startup Time": 27.96, "Actual Total Time": 27.96, "Actual Rows": 10544, "Actual Loops": 10544, "Index Cond": "(id = mk.movie_id)"}]}]}, {"Node Type": "Bitmap Heap Scan", "Parent Relationship": "Inner", "Relation Name": "movie_companies", "Alias": "mc", "Startup Cost": 0.27, "Total Cost": 4.3, "Plan Rows": 2, "Plan Width": 12, "Actual Startup Time": 0.018, "Actual Total Time": 0.019, "Actual Rows": 3, "Actual Loops": 1, "Recheck Cond": "(movie_id = mk.movie_id)", "Rows Removed by Index Recheck": 0, "Filter": "(note IS NULL)", "Rows Removed by Filter": 1, "Exact Heap Blocks": 2, "Lossy Heap Blocks": 2, "Plans": [{"Node Type": "Bitmap Index Scan", "Parent Relationship": "Outer", "Index Name": "movie_id_movie_companies", "Startup Cost": 0.0, "Total Cost": 0.27, "Plan Rows": 2, "Plan Width": 0, "Actual Startup Time": 0.008, "Actual Total Time": 0.008, "Actual Rows": 4, "Actual Loops": 1, "Index Cond": "(movie_id = mk.movie_id)"}]}]}, {"Node Type": "Bitmap Heap Scan", "Parent Relationship": "Inner", "Relation Name": "company_name", "Alias": "cn", "Startup Cost": 0.26, "Total Cost": 4.28, "Plan Rows": 1, "Plan Width": 23, "Actual Startup Time": 0.029, "Actual Total Time": 0.029, "Actual Rows": 2, "Actual Loops": 3, "Recheck Cond": "(id = mc.company_id)", "Rows Removed by Index Recheck": 0, "Filter": "(((country_code)::text <> '[pl]'::text) AND (((name)::text ~~ '%Film%'::text) OR ((name)::text ~~ '%Warner%'::text)))", "Rows Removed by Filter": 1, "Exact Heap Blocks": 3, "Lossy Heap Blocks": 3, "Plans": [{"Node Type": "Bitmap Index Scan", "Parent Relationship": "Outer", "Index Name": "company_name_pkey", "Startup Cost": 0.0, "Total Cost": 0.26, "Plan Rows": 1, "Plan Width": 0, "Actual Startup Time": 0.015, "Actual Total Time": 0.015, "Actual Rows": 3, "Actual Loops": 3, "Index Cond": "(id = mc.company_id)"}]}]}, {"Node Type": "Seq Scan", "Parent Relationship": "Inner", "Relation Name": "company_type", "Alias": "ct", "Startup Cost": 0.0, "Total Cost": 1.04, "Plan Rows": 1, "Plan Width": 4, "Actual Startup Time": 0.009, "Actual Total Time": 0.009, "Actual Rows": 2, "Actual Loops": 2, "Filter": "((kind)::text = 'production companies'::text)", "Rows Removed by Filter": 0}]}, {"Node Type": "Bitmap Heap Scan", "Parent Relationship": "Inner", "Relation Name": "movie_link", "Alias": "ml", "Startup Cost": 0.29, "Total Cost": 4.35, "Plan Rows": 5, "Plan Width": 8, "Actual Startup Time": 0.027, "Actual Total Time": 0.032, "Actual Rows": 38, "Actual Loops": 2, "Recheck Cond": "(movie_id = mk.movie_id)", "Rows Removed by Index Recheck": 0, "Exact Heap Blocks": 2, "Lossy Heap Blocks": 2, "Plans": [{"Node Type": "Bitmap Index Scan", "Parent Relationship": "Outer", "Index Name": "movie_id_movie_link", "Startup Cost": 0.0, "Total Cost": 0.29, "Plan Rows": 5, "Plan Width": 0, "Actual Startup Time": 0.011, "Actual Total Time": 0.011, "Actual Rows": 38, "Actual Loops": 2, "Index Cond": "(movie_id = mk.movie_id)"}]}]}, {"Node Type": "Seq Scan", "Parent Relationship": "Inner", "Relation Name": "link_type", "Alias": "lt", "Startup Cost": 0.0, "Total Cost": 1.21, "Plan Rows": 1, "Plan Width": 16, "Actual Startup Time": 0.294, "Actual Total Time": 0.294, "Actual Rows": 0, "Actual Loops": 38, "Filter": "((link)::text ~~ '%follows%'::text)", "Rows Removed by Filter": 646}]}]}, "Triggers": [], "Planner Runtime": 52.601, "Total Runtime": 124.232, "Unique SQL Id": 4121279504}}, "(1, 35)": {"explain_plan": {"Plan": {"Node Type": "Aggregate", "Strategy": "Plain", "Startup Cost": 1000014795431.67, "Total Cost": 1000014795431.68, "Plan Rows": 1, "Plan Width": 144, "Plans": [{"Node Type": "Nested Loop", "Parent Relationship": "Outer", "Join Type": "Inner", "Startup Cost": 10000000001.97, "Total Cost": 1000014795431.66, "Plan Rows": 1, "Plan Width": 48, "Inner Unique": true, "Plans": [{"Node Type": "Nested Loop", "Parent Relationship": "Outer", "Join Type": "Inner", "Startup Cost": 10000000001.72, "Total Cost": 1000014795427.38, "Plan Rows": 1, "Plan Width": 52, "Inner Unique": true, "Plans": [{"Node Type": "Nested Loop", "Parent Relationship": "Outer", "Join Type": "Inner", "Startup Cost": 10000000001.46, "Total Cost": 1000014795418.82, "Plan Rows": 2, "Plan Width": 44, "Inner Unique": false, "Join Filter": "(t.id = ml.movie_id)", "Plans": [{"Node Type": "Nested Loop", "Parent Relationship": "Outer", "Join Type": "Inner", "Startup Cost": 10000000001.17, "Total Cost": 1000014795414.4, "Plan Rows": 1, "Plan Width": 52, "Inner Unique": true, "Plans": [{"Node Type": "Nested Loop", "Parent Relationship": "Outer", "Join Type": "Inner", "Startup Cost": 10000000000.91, "Total Cost": 1000014795328.75, "Plan Rows": 20, "Plan Width": 56, "Inner Unique": false, "Join Filter": "(t.id = mk.movie_id)", "Plans": [{"Node Type": "Nested Loop", "Parent Relationship": "Outer", "Join Type": "Inner", "Startup Cost": 10000000000.55, "Total Cost": 1000014795319.62, "Plan Rows": 2, "Plan Width": 48, "Inner Unique": true, "Plans": [{"Node Type": "Nested Loop", "Parent Relationship": "Outer", "Join Type": "Inner", "Startup Cost": 10000000000.29, "Total Cost": 1000014795293.88, "Plan Rows": 6, "Plan Width": 33, "Inner Unique": true, "Plans": [{"Node Type": "Index Scan", "Parent Relationship": "Outer", "Scan Direction": "Forward", "Index Name": "company_type_id_movie_companies", "Relation Name": "movie_companies", "Alias": "mc", "Startup Cost": 10000000000.0, "Total Cost": 1000009318217.0, "Plan Rows": 1269486, "Plan Width": 12, "Filter": "(note IS NULL), (LLVM Optimized)"}, {"Node Type": "Bitmap Heap Scan", "Parent Relationship": "Inner", "Relation Name": "title", "Alias": "t", "Startup Cost": 0.29, "Total Cost": 4.3, "Plan Rows": 1, "Plan Width": 21, "Recheck Cond": "(id = mc.movie_id)", "Filter": "(((title)::text ~~ '%Money%'::text) AND (production_year = 1998))", "Plans": [{"Node Type": "Bitmap Index Scan", "Parent Relationship": "Outer", "Index Name": "title_pkey", "Startup Cost": 0.0, "Total Cost": 0.29, "Plan Rows": 1, "Plan Width": 0, "Index Cond": "(id = mc.movie_id)"}]}]}, {"Node Type": "Bitmap Heap Scan", "Parent Relationship": "Inner", "Relation Name": "company_name", "Alias": "cn", "Startup Cost": 0.26, "Total Cost": 4.28, "Plan Rows": 1, "Plan Width": 23, "Recheck Cond": "(id = mc.company_id)", "Filter": "(((country_code)::text <> '[pl]'::text) AND (((name)::text ~~ '%Film%'::text) OR ((name)::text ~~ '%Warner%'::text)))", "Plans": [{"Node Type": "Bitmap Index Scan", "Parent Relationship": "Outer", "Index Name": "company_name_pkey", "Startup Cost": 0.0, "Total Cost": 0.26, "Plan Rows": 1, "Plan Width": 0, "Index Cond": "(id = mc.company_id)"}]}]}, {"Node Type": "Bitmap Heap Scan", "Parent Relationship": "Inner", "Relation Name": "movie_keyword", "Alias": "mk", "Startup Cost": 0.37, "Total Cost": 4.47, "Plan Rows": 8, "Plan Width": 8, "Recheck Cond": "(movie_id = mc.movie_id)", "Plans": [{"Node Type": "Bitmap Index Scan", "Parent Relationship": "Outer", "Index Name": "movie_id_movie_keyword", "Startup Cost": 0.0, "Total Cost": 0.36, "Plan Rows": 8, "Plan Width": 0, "Index Cond": "(movie_id = mc.movie_id)"}]}]}, {"Node Type": "Bitmap Heap Scan", "Parent Relationship": "Inner", "Relation Name": "keyword", "Alias": "k", "Startup Cost": 0.26, "Total Cost": 4.27, "Plan Rows": 1, "Plan Width": 4, "Recheck Cond": "(id = mk.keyword_id)", "Filter": "((keyword)::text = 'sequel'::text)", "Plans": [{"Node Type": "Bitmap Index Scan", "Parent Relationship": "Outer", "Index Name": "keyword_pkey", "Startup Cost": 0.0, "Total Cost": 0.26, "Plan Rows": 1, "Plan Width": 0, "Index Cond": "(id = mk.keyword_id)"}]}]}, {"Node Type": "Bitmap Heap Scan", "Parent Relationship": "Inner", "Relation Name": "movie_link", "Alias": "ml", "Startup Cost": 0.29, "Total Cost": 4.35, "Plan Rows": 5, "Plan Width": 8, "Recheck Cond": "(movie_id = mk.movie_id)", "Plans": [{"Node Type": "Bitmap Index Scan", "Parent Relationship": "Outer", "Index Name": "movie_id_movie_link", "Startup Cost": 0.0, "Total Cost": 0.29, "Plan Rows": 5, "Plan Width": 0, "Index Cond": "(movie_id = mk.movie_id)"}]}]}, {"Node Type": "Bitmap Heap Scan", "Parent Relationship": "Inner", "Relation Name": "link_type", "Alias": "lt", "Startup Cost": 0.26, "Total Cost": 4.27, "Plan Rows": 1, "Plan Width": 16, "Recheck Cond": "(id = ml.link_type_id)", "Filter": "((link)::text ~~ '%follows%'::text)", "Plans": [{"Node Type": "Bitmap Index Scan", "Parent Relationship": "Outer", "Index Name": "link_type_pkey", "Startup Cost": 0.0, "Total Cost": 0.26, "Plan Rows": 1, "Plan Width": 0, "Index Cond": "(id = ml.link_type_id)"}]}]}, {"Node Type": "Bitmap Heap Scan", "Parent Relationship": "Inner", "Relation Name": "company_type", "Alias": "ct", "Startup Cost": 0.26, "Total Cost": 4.27, "Plan Rows": 1, "Plan Width": 4, "Recheck Cond": "(id = mc.company_type_id)", "Filter": "((kind)::text = 'production companies'::text)", "Plans": [{"Node Type": "Bitmap Index Scan", "Parent Relationship": "Outer", "Index Name": "company_type_pkey", "Startup Cost": 0.0, "Total Cost": 0.26, "Plan Rows": 1, "Plan Width": 0, "Index Cond": "(id = mc.company_type_id)"}]}]}]}, "Unique SQL Id": 4121279504}, "explain_analyze_plan": null}, "(1, 36)": {"explain_plan": {"Plan": {"Node Type": "Aggregate", "Strategy": "Plain", "Startup Cost": 2581.34, "Total Cost": 2581.35, "Plan Rows": 1, "Plan Width": 144, "Plans": [{"Node Type": "Nested Loop", "Parent Relationship": "Outer", "Join Type": "Inner", "Startup Cost": 4.51, "Total Cost": 2581.33, "Plan Rows": 1, "Plan Width": 48, "Inner Unique": true, "Plans": [{"Node Type": "Nested Loop", "Parent Relationship": "Outer", "Join Type": "Inner", "Startup Cost": 4.51, "Total Cost": 2581.05, "Plan Rows": 1, "Plan Width": 40, "Inner Unique": false, "Join Filter": "(t.id = ml.movie_id)", "Plans": [{"Node Type": "Nested Loop", "Parent Relationship": "Outer", "Join Type": "Inner", "Startup Cost": 4.51, "Total Cost": 2580.63, "Plan Rows": 1, "Plan Width": 48, "Inner Unique": true, "Plans": [{"Node Type": "Nested Loop", "Parent Relationship": "Outer", "Join Type": "Inner", "Startup Cost": 4.51, "Total Cost": 2580.35, "Plan Rows": 1, "Plan Width": 52, "Inner Unique": true, "Plans": [{"Node Type": "Nested Loop", "Parent Relationship": "Outer", "Join Type": "Inner", "Startup Cost": 4.51, "Total Cost": 2580.05, "Plan Rows": 1, "Plan Width": 37, "Inner Unique": false, "Join Filter": "(t.id = mc.movie_id)", "Plans": [{"Node Type": "Nested Loop", "Parent Relationship": "Outer", "Join Type": "Inner", "Startup Cost": 4.51, "Total Cost": 2579.71, "Plan Rows": 1, "Plan Width": 25, "Inner Unique": true, "Plans": [{"Node Type": "Nested Loop", "Parent Relationship": "Outer", "Join Type": "Inner", "Startup Cost": 4.51, "Total Cost": 2569.02, "Plan Rows": 33, "Plan Width": 4, "Inner Unique": false, "Plans": [{"Node Type": "Seq Scan", "Parent Relationship": "Outer", "Relation Name": "keyword", "Alias": "k", "Startup Cost": 0.0, "Total Cost": 2436.11, "Plan Rows": 1, "Plan Width": 4, "Filter": "((keyword)::text = 'sequel'::text)"}, {"Node Type": "Bitmap Heap Scan", "Parent Relationship": "Inner", "Relation Name": "movie_keyword", "Alias": "mk", "Startup Cost": 4.51, "Total Cost": 132.58, "Plan Rows": 33, "Plan Width": 8, "Recheck Cond": "(keyword_id = k.id)", "Plans": [{"Node Type": "Bitmap Index Scan", "Parent Relationship": "Outer", "Index Name": "keyword_id_movie_keyword", "Startup Cost": 0.0, "Total Cost": 4.5, "Plan Rows": 33, "Plan Width": 0, "Index Cond": "(keyword_id = k.id)"}]}]}, {"Node Type": "Index Scan", "Parent Relationship": "Inner", "Scan Direction": "Forward", "Index Name": "title_pkey", "Relation Name": "title", "Alias": "t", "Startup Cost": 0.0, "Total Cost": 0.31, "Plan Rows": 1, "Plan Width": 21, "Index Cond": "(id = mk.movie_id)", "Filter": "(((title)::text ~~ '%Money%'::text) AND (production_year = 1998))"}]}, {"Node Type": "Index Scan", "Parent Relationship": "Inner", "Scan Direction": "Forward", "Index Name": "movie_id_movie_companies", "Relation Name": "movie_companies", "Alias": "mc", "Startup Cost": 0.0, "Total Cost": 0.31, "Plan Rows": 2, "Plan Width": 12, "Index Cond": "(movie_id = mk.movie_id)", "Filter": "(note IS NULL)"}]}, {"Node Type": "Index Scan", "Parent Relationship": "Inner", "Scan Direction": "Forward", "Index Name": "company_name_pkey", "Relation Name": "company_name", "Alias": "cn", "Startup Cost": 0.0, "Total Cost": 0.29, "Plan Rows": 1, "Plan Width": 23, "Index Cond": "(id = mc.company_id)", "Filter": "(((country_code)::text <> '[pl]'::text) AND (((name)::text ~~ '%Film%'::text) OR ((name)::text ~~ '%Warner%'::text)))"}]}, {"Node Type": "Index Scan", "Parent Relationship": "Inner", "Scan Direction": "Forward", "Index Name": "company_type_pkey", "Relation Name": "company_type", "Alias": "ct", "Startup Cost": 0.0, "Total Cost": 0.27, "Plan Rows": 1, "Plan Width": 4, "Index Cond": "(id = mc.company_type_id)", "Filter": "((kind)::text = 'production companies'::text)"}]}, {"Node Type": "Index Scan", "Parent Relationship": "Inner", "Scan Direction": "Forward", "Index Name": "movie_id_movie_link", "Relation Name": "movie_link", "Alias": "ml", "Startup Cost": 0.0, "Total Cost": 0.35, "Plan Rows": 5, "Plan Width": 8, "Index Cond": "(movie_id = mk.movie_id)"}]}, {"Node Type": "Index Scan", "Parent Relationship": "Inner", "Scan Direction": "Forward", "Index Name": "link_type_pkey", "Relation Name": "link_type", "Alias": "lt", "Startup Cost": 0.0, "Total Cost": 0.27, "Plan Rows": 1, "Plan Width": 16, "Index Cond": "(id = ml.link_type_id)", "Filter": "((link)::text ~~ '%follows%'::text)"}]}]}, "Unique SQL Id": 4121279504}, "explain_analyze_plan": {"Plan": {"Node Type": "Aggregate", "Strategy": "Plain", "Startup Cost": 2581.34, "Total Cost": 2581.35, "Plan Rows": 1, "Plan Width": 144, "Actual Startup Time": 107.057, "Actual Total Time": 107.057, "Actual Rows": 1, "Actual Loops": 1, "Plans": [{"Node Type": "Nested Loop", "Parent Relationship": "Outer", "Join Type": "Inner", "Startup Cost": 4.51, "Total Cost": 2581.33, "Plan Rows": 1, "Plan Width": 48, "Actual Startup Time": 107.047, "Actual Total Time": 107.047, "Actual Rows": 0, "Actual Loops": 1, "Inner Unique": true, "Plans": [{"Node Type": "Nested Loop", "Parent Relationship": "Outer", "Join Type": "Inner", "Startup Cost": 4.51, "Total Cost": 2581.05, "Plan Rows": 1, "Plan Width": 40, "Actual Startup Time": 5.482, "Actual Total Time": 106.959, "Actual Rows": 38, "Actual Loops": 1, "Inner Unique": false, "Join Filter": "(t.id = ml.movie_id)", "Rows Removed by Join Filter": 0, "Plans": [{"Node Type": "Nested Loop", "Parent Relationship": "Outer", "Join Type": "Inner", "Startup Cost": 4.51, "Total Cost": 2580.63, "Plan Rows": 1, "Plan Width": 48, "Actual Startup Time": 5.471, "Actual Total Time": 106.908, "Actual Rows": 2, "Actual Loops": 1, "Inner Unique": true, "Plans": [{"Node Type": "Nested Loop", "Parent Relationship": "Outer", "Join Type": "Inner", "Startup Cost": 4.51, "Total Cost": 2580.35, "Plan Rows": 1, "Plan Width": 52, "Actual Startup Time": 5.461, "Actual Total Time": 106.893, "Actual Rows": 2, "Actual Loops": 1, "Inner Unique": true, "Plans": [{"Node Type": "Nested Loop", "Parent Relationship": "Outer", "Join Type": "Inner", "Startup Cost": 4.51, "Total Cost": 2580.05, "Plan Rows": 1, "Plan Width": 37, "Actual Startup Time": 5.448, "Actual Total Time": 106.864, "Actual Rows": 3, "Actual Loops": 1, "Inner Unique": false, "Join Filter": "(t.id = mc.movie_id)", "Rows Removed by Join Filter": 0, "Plans": [{"Node Type": "Nested Loop", "Parent Relationship": "Outer", "Join Type": "Inner", "Startup Cost": 4.51, "Total Cost": 2579.71, "Plan Rows": 1, "Plan Width": 25, "Actual Startup Time": 5.434, "Actual Total Time": 106.846, "Actual Rows": 1, "Actual Loops": 1, "Inner Unique": true, "Plans": [{"Node Type": "Nested Loop", "Parent Relationship": "Outer", "Join Type": "Inner", "Startup Cost": 4.51, "Total Cost": 2569.02, "Plan Rows": 33, "Plan Width": 4, "Actual Startup Time": 5.175, "Actual Total Time": 57.215, "Actual Rows": 10544, "Actual Loops": 1, "Inner Unique": false, "Plans": [{"Node Type": "Seq Scan", "Parent Relationship": "Outer", "Relation Name": "keyword", "Alias": "k", "Startup Cost": 0.0, "Total Cost": 2436.11, "Plan Rows": 1, "Plan Width": 4, "Actual Startup Time": 2.299, "Actual Total Time": 40.531, "Actual Rows": 1, "Actual Loops": 1, "Filter": "((keyword)::text = 'sequel'::text)", "Rows Removed by Filter": 134168}, {"Node Type": "Bitmap Heap Scan", "Parent Relationship": "Inner", "Relation Name": "movie_keyword", "Alias": "mk", "Startup Cost": 4.51, "Total Cost": 132.58, "Plan Rows": 33, "Plan Width": 8, "Actual Startup Time": 2.868, "Actual Total Time": 14.547, "Actual Rows": 10544, "Actual Loops": 1, "Recheck Cond": "(keyword_id = k.id)", "Rows Removed by Index Recheck": 0, "Exact Heap Blocks": 5090, "Lossy Heap Blocks": 5090, "Plans": [{"Node Type": "Bitmap Index Scan", "Parent Relationship": "Outer", "Index Name": "keyword_id_movie_keyword", "Startup Cost": 0.0, "Total Cost": 4.5, "Plan Rows": 33, "Plan Width": 0, "Actual Startup Time": 1.963, "Actual Total Time": 1.963, "Actual Rows": 10544, "Actual Loops": 1, "Index Cond": "(keyword_id = k.id)"}]}]}, {"Node Type": "Index Scan", "Parent Relationship": "Inner", "Scan Direction": "Forward", "Index Name": "title_pkey", "Relation Name": "title", "Alias": "t", "Startup Cost": 0.0, "Total Cost": 0.31, "Plan Rows": 1, "Plan Width": 21, "Actual Startup Time": 44.363, "Actual Total Time": 44.363, "Actual Rows": 1, "Actual Loops": 10544, "Index Cond": "(id = mk.movie_id)", "Rows Removed by Index Recheck": 0, "Filter": "(((title)::text ~~ '%Money%'::text) AND (production_year = 1998))", "Rows Removed by Filter": 10543}]}, {"Node Type": "Index Scan", "Parent Relationship": "Inner", "Scan Direction": "Forward", "Index Name": "movie_id_movie_companies", "Relation Name": "movie_companies", "Alias": "mc", "Startup Cost": 0.0, "Total Cost": 0.31, "Plan Rows": 2, "Plan Width": 12, "Actual Startup Time": 0.011, "Actual Total Time": 0.014, "Actual Rows": 3, "Actual Loops": 1, "Index Cond": "(movie_id = mk.movie_id)", "Rows Removed by Index Recheck": 0, "Filter": "(note IS NULL)", "Rows Removed by Filter": 1}]}, {"Node Type": "Index Scan", "Parent Relationship": "Inner", "Scan Direction": "Forward", "Index Name": "company_name_pkey", "Relation Name": "company_name", "Alias": "cn", "Startup Cost": 0.0, "Total Cost": 0.29, "Plan Rows": 1, "Plan Width": 23, "Actual Startup Time": 0.025, "Actual Total Time": 0.025, "Actual Rows": 2, "Actual Loops": 3, "Index Cond": "(id = mc.company_id)", "Rows Removed by Index Recheck": 0, "Filter": "(((country_code)::text <> '[pl]'::text) AND (((name)::text ~~ '%Film%'::text) OR ((name)::text ~~ '%Warner%'::text)))", "Rows Removed by Filter": 1}]}, {"Node Type": "Index Scan", "Parent Relationship": "Inner", "Scan Direction": "Forward", "Index Name": "company_type_pkey", "Relation Name": "company_type", "Alias": "ct", "Startup Cost": 0.0, "Total Cost": 0.27, "Plan Rows": 1, "Plan Width": 4, "Actual Startup Time": 0.01, "Actual Total Time": 0.01, "Actual Rows": 2, "Actual Loops": 2, "Index Cond": "(id = mc.company_type_id)", "Rows Removed by Index Recheck": 0, "Filter": "((kind)::text = 'production companies'::text)", "Rows Removed by Filter": 0}]}, {"Node Type": "Index Scan", "Parent Relationship": "Inner", "Scan Direction": "Forward", "Index Name": "movie_id_movie_link", "Relation Name": "movie_link", "Alias": "ml", "Startup Cost": 0.0, "Total Cost": 0.35, "Plan Rows": 5, "Plan Width": 8, "Actual Startup Time": 0.011, "Actual Total Time": 0.027, "Actual Rows": 38, "Actual Loops": 2, "Index Cond": "(movie_id = mk.movie_id)", "Rows Removed by Index Recheck": 0}]}, {"Node Type": "Index Scan", "Parent Relationship": "Inner", "Scan Direction": "Forward", "Index Name": "link_type_pkey", "Relation Name": "link_type", "Alias": "lt", "Startup Cost": 0.0, "Total Cost": 0.27, "Plan Rows": 1, "Plan Width": 16, "Actual Startup Time": 0.073, "Actual Total Time": 0.073, "Actual Rows": 0, "Actual Loops": 38, "Index Cond": "(id = ml.link_type_id)", "Rows Removed by Index Recheck": 0, "Filter": "((link)::text ~~ '%follows%'::text)", "Rows Removed by Filter": 24}]}]}, "Triggers": [], "Planner Runtime": 64.386, "Total Runtime": 107.455, "Unique SQL Id": 4121279504}}, "(1, 37)": {"explain_plan": {"Plan": {"Node Type": "Aggregate", "Strategy": "Plain", "Startup Cost": 3327.94, "Total Cost": 3327.95, "Plan Rows": 1, "Plan Width": 144, "Plans": [{"Node Type": "Nested Loop", "Parent Relationship": "Outer", "Join Type": "Inner", "Startup Cost": 4.51, "Total Cost": 3327.93, "Plan Rows": 1, "Plan Width": 48, "Inner Unique": true, "Plans": [{"Node Type": "Nested Loop", "Parent Relationship": "Outer", "Join Type": "Inner", "Startup Cost": 4.51, "Total Cost": 3327.65, "Plan Rows": 1, "Plan Width": 40, "Inner Unique": false, "Join Filter": "(t.id = ml.movie_id)", "Plans": [{"Node Type": "Nested Loop", "Parent Relationship": "Outer", "Join Type": "Inner", "Startup Cost": 4.51, "Total Cost": 3327.24, "Plan Rows": 1, "Plan Width": 48, "Inner Unique": true, "Plans": [{"Node Type": "Nested Loop", "Parent Relationship": "Outer", "Join Type": "Inner", "Startup Cost": 4.51, "Total Cost": 3326.95, "Plan Rows": 1, "Plan Width": 52, "Inner Unique": true, "Plans": [{"Node Type": "Nested Loop", "Parent Relationship": "Outer", "Join Type": "Inner", "Startup Cost": 4.51, "Total Cost": 3326.66, "Plan Rows": 1, "Plan Width": 37, "Inner Unique": false, "Join Filter": "(t.id = mc.movie_id)", "Plans": [{"Node Type": "Nested Loop", "Parent Relationship": "Outer", "Join Type": "Inner", "Startup Cost": 4.51, "Total Cost": 3326.32, "Plan Rows": 1, "Plan Width": 25, "Inner Unique": true, "Plans": [{"Node Type": "Nested Loop", "Parent Relationship": "Outer", "Join Type": "Inner", "Startup Cost": 4.51, "Total Cost": 3315.63, "Plan Rows": 33, "Plan Width": 4, "Inner Unique": false, "Plans": [{"Node Type": "Index Scan", "Parent Relationship": "Outer", "Scan Direction": "Forward", "Index Name": "keyword_pkey", "Relation Name": "keyword", "Alias": "k", "Startup Cost": 0.0, "Total Cost": 3182.72, "Plan Rows": 1, "Plan Width": 4, "Filter": "((keyword)::text = 'sequel'::text)"}, {"Node Type": "Bitmap Heap Scan", "Parent Relationship": "Inner", "Relation Name": "movie_keyword", "Alias": "mk", "Startup Cost": 4.51, "Total Cost": 132.58, "Plan Rows": 33, "Plan Width": 8, "Recheck Cond": "(keyword_id = k.id)", "Plans": [{"Node Type": "Bitmap Index Scan", "Parent Relationship": "Outer", "Index Name": "keyword_id_movie_keyword", "Startup Cost": 0.0, "Total Cost": 4.5, "Plan Rows": 33, "Plan Width": 0, "Index Cond": "(keyword_id = k.id)"}]}]}, {"Node Type": "Index Scan", "Parent Relationship": "Inner", "Scan Direction": "Forward", "Index Name": "title_pkey", "Relation Name": "title", "Alias": "t", "Startup Cost": 0.0, "Total Cost": 0.31, "Plan Rows": 1, "Plan Width": 21, "Index Cond": "(id = mk.movie_id)", "Filter": "(((title)::text ~~ '%Money%'::text) AND (production_year = 1998))"}]}, {"Node Type": "Index Scan", "Parent Relationship": "Inner", "Scan Direction": "Forward", "Index Name": "movie_id_movie_companies", "Relation Name": "movie_companies", "Alias": "mc", "Startup Cost": 0.0, "Total Cost": 0.31, "Plan Rows": 2, "Plan Width": 12, "Index Cond": "(movie_id = mk.movie_id)", "Filter": "(note IS NULL)"}]}, {"Node Type": "Index Scan", "Parent Relationship": "Inner", "Scan Direction": "Forward", "Index Name": "company_name_pkey", "Relation Name": "company_name", "Alias": "cn", "Startup Cost": 0.0, "Total Cost": 0.29, "Plan Rows": 1, "Plan Width": 23, "Index Cond": "(id = mc.company_id)", "Filter": "(((country_code)::text <> '[pl]'::text) AND (((name)::text ~~ '%Film%'::text) OR ((name)::text ~~ '%Warner%'::text)))"}]}, {"Node Type": "Index Scan", "Parent Relationship": "Inner", "Scan Direction": "Forward", "Index Name": "company_type_pkey", "Relation Name": "company_type", "Alias": "ct", "Startup Cost": 0.0, "Total Cost": 0.27, "Plan Rows": 1, "Plan Width": 4, "Index Cond": "(id = mc.company_type_id)", "Filter": "((kind)::text = 'production companies'::text)"}]}, {"Node Type": "Index Scan", "Parent Relationship": "Inner", "Scan Direction": "Forward", "Index Name": "movie_id_movie_link", "Relation Name": "movie_link", "Alias": "ml", "Startup Cost": 0.0, "Total Cost": 0.35, "Plan Rows": 5, "Plan Width": 8, "Index Cond": "(movie_id = mk.movie_id)"}]}, {"Node Type": "Index Scan", "Parent Relationship": "Inner", "Scan Direction": "Forward", "Index Name": "link_type_pkey", "Relation Name": "link_type", "Alias": "lt", "Startup Cost": 0.0, "Total Cost": 0.27, "Plan Rows": 1, "Plan Width": 16, "Index Cond": "(id = ml.link_type_id)", "Filter": "((link)::text ~~ '%follows%'::text)"}]}]}, "Unique SQL Id": 4121279504}, "explain_analyze_plan": {"Plan": {"Node Type": "Aggregate", "Strategy": "Plain", "Startup Cost": 3327.94, "Total Cost": 3327.95, "Plan Rows": 1, "Plan Width": 144, "Actual Startup Time": 181.02, "Actual Total Time": 181.021, "Actual Rows": 1, "Actual Loops": 1, "Plans": [{"Node Type": "Nested Loop", "Parent Relationship": "Outer", "Join Type": "Inner", "Startup Cost": 4.51, "Total Cost": 3327.93, "Plan Rows": 1, "Plan Width": 48, "Actual Startup Time": 181.01, "Actual Total Time": 181.01, "Actual Rows": 0, "Actual Loops": 1, "Inner Unique": true, "Plans": [{"Node Type": "Nested Loop", "Parent Relationship": "Outer", "Join Type": "Inner", "Startup Cost": 4.51, "Total Cost": 3327.65, "Plan Rows": 1, "Plan Width": 40, "Actual Startup Time": 3.646, "Actual Total Time": 180.923, "Actual Rows": 38, "Actual Loops": 1, "Inner Unique": false, "Join Filter": "(t.id = ml.movie_id)", "Rows Removed by Join Filter": 0, "Plans": [{"Node Type": "Nested Loop", "Parent Relationship": "Outer", "Join Type": "Inner", "Startup Cost": 4.51, "Total Cost": 3327.24, "Plan Rows": 1, "Plan Width": 48, "Actual Startup Time": 3.636, "Actual Total Time": 180.883, "Actual Rows": 2, "Actual Loops": 1, "Inner Unique": true, "Plans": [{"Node Type": "Nested Loop", "Parent Relationship": "Outer", "Join Type": "Inner", "Startup Cost": 4.51, "Total Cost": 3326.95, "Plan Rows": 1, "Plan Width": 52, "Actual Startup Time": 3.627, "Actual Total Time": 180.869, "Actual Rows": 2, "Actual Loops": 1, "Inner Unique": true, "Plans": [{"Node Type": "Nested Loop", "Parent Relationship": "Outer", "Join Type": "Inner", "Startup Cost": 4.51, "Total Cost": 3326.66, "Plan Rows": 1, "Plan Width": 37, "Actual Startup Time": 3.613, "Actual Total Time": 180.84, "Actual Rows": 3, "Actual Loops": 1, "Inner Unique": false, "Join Filter": "(t.id = mc.movie_id)", "Rows Removed by Join Filter": 0, "Plans": [{"Node Type": "Nested Loop", "Parent Relationship": "Outer", "Join Type": "Inner", "Startup Cost": 4.51, "Total Cost": 3326.32, "Plan Rows": 1, "Plan Width": 25, "Actual Startup Time": 3.597, "Actual Total Time": 180.82, "Actual Rows": 1, "Actual Loops": 1, "Inner Unique": true, "Plans": [{"Node Type": "Nested Loop", "Parent Relationship": "Outer", "Join Type": "Inner", "Startup Cost": 4.51, "Total Cost": 3315.63, "Plan Rows": 33, "Plan Width": 4, "Actual Startup Time": 3.337, "Actual Total Time": 130.626, "Actual Rows": 10544, "Actual Loops": 1, "Inner Unique": false, "Plans": [{"Node Type": "Index Scan", "Parent Relationship": "Outer", "Scan Direction": "Forward", "Index Name": "keyword_pkey", "Relation Name": "keyword", "Alias": "k", "Startup Cost": 0.0, "Total Cost": 3182.72, "Plan Rows": 1, "Plan Width": 4, "Actual Startup Time": 0.436, "Actual Total Time": 113.393, "Actual Rows": 1, "Actual Loops": 1, "Filter": "((keyword)::text = 'sequel'::text)", "Rows Removed by Filter": 134168}, {"Node Type": "Bitmap Heap Scan", "Parent Relationship": "Inner", "Relation Name": "movie_keyword", "Alias": "mk", "Startup Cost": 4.51, "Total Cost": 132.58, "Plan Rows": 33, "Plan Width": 8, "Actual Startup Time": 2.893, "Actual Total Time": 14.881, "Actual Rows": 10544, "Actual Loops": 1, "Recheck Cond": "(keyword_id = k.id)", "Rows Removed by Index Recheck": 0, "Exact Heap Blocks": 5090, "Lossy Heap Blocks": 5090, "Plans": [{"Node Type": "Bitmap Index Scan", "Parent Relationship": "Outer", "Index Name": "keyword_id_movie_keyword", "Startup Cost": 0.0, "Total Cost": 4.5, "Plan Rows": 33, "Plan Width": 0, "Actual Startup Time": 1.993, "Actual Total Time": 1.993, "Actual Rows": 10544, "Actual Loops": 1, "Index Cond": "(keyword_id = k.id)"}]}]}, {"Node Type": "Index Scan", "Parent Relationship": "Inner", "Scan Direction": "Forward", "Index Name": "title_pkey", "Relation Name": "title", "Alias": "t", "Startup Cost": 0.0, "Total Cost": 0.31, "Plan Rows": 1, "Plan Width": 21, "Actual Startup Time": 44.981, "Actual Total Time": 44.981, "Actual Rows": 1, "Actual Loops": 10544, "Index Cond": "(id = mk.movie_id)", "Rows Removed by Index Recheck": 0, "Filter": "(((title)::text ~~ '%Money%'::text) AND (production_year = 1998))", "Rows Removed by Filter": 10543}]}, {"Node Type": "Index Scan", "Parent Relationship": "Inner", "Scan Direction": "Forward", "Index Name": "movie_id_movie_companies", "Relation Name": "movie_companies", "Alias": "mc", "Startup Cost": 0.0, "Total Cost": 0.31, "Plan Rows": 2, "Plan Width": 12, "Actual Startup Time": 0.012, "Actual Total Time": 0.013, "Actual Rows": 3, "Actual Loops": 1, "Index Cond": "(movie_id = mk.movie_id)", "Rows Removed by Index Recheck": 0, "Filter": "(note IS NULL)", "Rows Removed by Filter": 1}]}, {"Node Type": "Index Scan", "Parent Relationship": "Inner", "Scan Direction": "Forward", "Index Name": "company_name_pkey", "Relation Name": "company_name", "Alias": "cn", "Startup Cost": 0.0, "Total Cost": 0.29, "Plan Rows": 1, "Plan Width": 23, "Actual Startup Time": 0.023, "Actual Total Time": 0.023, "Actual Rows": 2, "Actual Loops": 3, "Index Cond": "(id = mc.company_id)", "Rows Removed by Index Recheck": 0, "Filter": "(((country_code)::text <> '[pl]'::text) AND (((name)::text ~~ '%Film%'::text) OR ((name)::text ~~ '%Warner%'::text)))", "Rows Removed by Filter": 1}]}, {"Node Type": "Index Scan", "Parent Relationship": "Inner", "Scan Direction": "Forward", "Index Name": "company_type_pkey", "Relation Name": "company_type", "Alias": "ct", "Startup Cost": 0.0, "Total Cost": 0.27, "Plan Rows": 1, "Plan Width": 4, "Actual Startup Time": 0.009, "Actual Total Time": 0.009, "Actual Rows": 2, "Actual Loops": 2, "Index Cond": "(id = mc.company_type_id)", "Rows Removed by Index Recheck": 0, "Filter": "((kind)::text = 'production companies'::text)", "Rows Removed by Filter": 0}]}, {"Node Type": "Index Scan", "Parent Relationship": "Inner", "Scan Direction": "Forward", "Index Name": "movie_id_movie_link", "Relation Name": "movie_link", "Alias": "ml", "Startup Cost": 0.0, "Total Cost": 0.35, "Plan Rows": 5, "Plan Width": 8, "Actual Startup Time": 0.011, "Actual Total Time": 0.023, "Actual Rows": 38, "Actual Loops": 2, "Index Cond": "(movie_id = mk.movie_id)", "Rows Removed by Index Recheck": 0}]}, {"Node Type": "Index Scan", "Parent Relationship": "Inner", "Scan Direction": "Forward", "Index Name": "link_type_pkey", "Relation Name": "link_type", "Alias": "lt", "Startup Cost": 0.0, "Total Cost": 0.27, "Plan Rows": 1, "Plan Width": 16, "Actual Startup Time": 0.063, "Actual Total Time": 0.063, "Actual Rows": 0, "Actual Loops": 38, "Index Cond": "(id = ml.link_type_id)", "Rows Removed by Index Recheck": 0, "Filter": "((link)::text ~~ '%follows%'::text)", "Rows Removed by Filter": 24}]}]}, "Triggers": [], "Planner Runtime": 58.021, "Total Runtime": 181.432, "Unique SQL Id": 4121279504}}, "(1, 38)": {"explain_plan": {"Plan": {"Node Type": "Aggregate", "Strategy": "Plain", "Startup Cost": 2726.02, "Total Cost": 2726.03, "Plan Rows": 1, "Plan Width": 144, "Plans": [{"Node Type": "Nested Loop", "Parent Relationship": "Outer", "Join Type": "Inner", "Startup Cost": 5.59, "Total Cost": 2726.01, "Plan Rows": 1, "Plan Width": 48, "Inner Unique": true, "Join Filter": "(ml.link_type_id = lt.id)", "Plans": [{"Node Type": "Nested Loop", "Parent Relationship": "Outer", "Join Type": "Inner", "Startup Cost": 5.59, "Total Cost": 2724.78, "Plan Rows": 1, "Plan Width": 40, "Inner Unique": false, "Join Filter": "(t.id = ml.movie_id)", "Plans": [{"Node Type": "Nested Loop", "Parent Relationship": "Outer", "Join Type": "Inner", "Startup Cost": 5.3, "Total Cost": 2720.37, "Plan Rows": 1, "Plan Width": 48, "Inner Unique": true, "Join Filter": "(mc.company_type_id = ct.id)", "Plans": [{"Node Type": "Nested Loop", "Parent Relationship": "Outer", "Join Type": "Inner", "Startup Cost": 5.3, "Total Cost": 2719.32, "Plan Rows": 1, "Plan Width": 52, "Inner Unique": true, "Plans": [{"Node Type": "Nested Loop", "Parent Relationship": "Outer", "Join Type": "Inner", "Startup Cost": 5.05, "Total Cost": 2715.03, "Plan Rows": 1, "Plan Width": 37, "Inner Unique": false, "Join Filter": "(t.id = mc.movie_id)", "Plans": [{"Node Type": "Nested Loop", "Parent Relationship": "Outer", "Join Type": "Inner", "Startup Cost": 4.77, "Total Cost": 2710.71, "Plan Rows": 1, "Plan Width": 25, "Inner Unique": true, "Plans": [{"Node Type": "Nested Loop", "Parent Relationship": "Outer", "Join Type": "Inner", "Startup Cost": 4.51, "Total Cost": 2569.02, "Plan Rows": 33, "Plan Width": 4, "Inner Unique": false, "Plans": [{"Node Type": "Seq Scan", "Parent Relationship": "Outer", "Relation Name": "keyword", "Alias": "k", "Startup Cost": 0.0, "Total Cost": 2436.11, "Plan Rows": 1, "Plan Width": 4, "Filter": "((keyword)::text = 'sequel'::text)"}, {"Node Type": "Bitmap Heap Scan", "Parent Relationship": "Inner", "Relation Name": "movie_keyword", "Alias": "mk", "Startup Cost": 4.51, "Total Cost": 132.58, "Plan Rows": 33, "Plan Width": 8, "Recheck Cond": "(keyword_id = k.id)", "Plans": [{"Node Type": "Bitmap Index Scan", "Parent Relationship": "Outer", "Index Name": "keyword_id_movie_keyword", "Startup Cost": 0.0, "Total Cost": 4.5, "Plan Rows": 33, "Plan Width": 0, "Index Cond": "(keyword_id = k.id)"}]}]}, {"Node Type": "Bitmap Heap Scan", "Parent Relationship": "Inner", "Relation Name": "title", "Alias": "t", "Startup Cost": 0.27, "Total Cost": 4.28, "Plan Rows": 1, "Plan Width": 21, "Recheck Cond": "(id = mk.movie_id)", "Filter": "(((title)::text ~~ '%Money%'::text) AND (production_year = 1998))", "Plans": [{"Node Type": "Bitmap Index Scan", "Parent Relationship": "Outer", "Index Name": "title_pkey", "Startup Cost": 0.0, "Total Cost": 0.27, "Plan Rows": 1, "Plan Width": 0, "Index Cond": "(id = mk.movie_id)"}]}]}, {"Node Type": "Bitmap Heap Scan", "Parent Relationship": "Inner", "Relation Name": "movie_companies", "Alias": "mc", "Startup Cost": 0.27, "Total Cost": 4.3, "Plan Rows": 2, "Plan Width": 12, "Recheck Cond": "(movie_id = mk.movie_id)", "Filter": "(note IS NULL)", "Plans": [{"Node Type": "Bitmap Index Scan", "Parent Relationship": "Outer", "Index Name": "movie_id_movie_companies", "Startup Cost": 0.0, "Total Cost": 0.27, "Plan Rows": 2, "Plan Width": 0, "Index Cond": "(movie_id = mk.movie_id)"}]}]}, {"Node Type": "Bitmap Heap Scan", "Parent Relationship": "Inner", "Relation Name": "company_name", "Alias": "cn", "Startup Cost": 0.26, "Total Cost": 4.28, "Plan Rows": 1, "Plan Width": 23, "Recheck Cond": "(id = mc.company_id)", "Filter": "(((country_code)::text <> '[pl]'::text) AND (((name)::text ~~ '%Film%'::text) OR ((name)::text ~~ '%Warner%'::text)))", "Plans": [{"Node Type": "Bitmap Index Scan", "Parent Relationship": "Outer", "Index Name": "company_name_pkey", "Startup Cost": 0.0, "Total Cost": 0.26, "Plan Rows": 1, "Plan Width": 0, "Index Cond": "(id = mc.company_id)"}]}]}, {"Node Type": "Seq Scan", "Parent Relationship": "Inner", "Relation Name": "company_type", "Alias": "ct", "Startup Cost": 0.0, "Total Cost": 1.04, "Plan Rows": 1, "Plan Width": 4, "Filter": "((kind)::text = 'production companies'::text)"}]}, {"Node Type": "Bitmap Heap Scan", "Parent Relationship": "Inner", "Relation Name": "movie_link", "Alias": "ml", "Startup Cost": 0.29, "Total Cost": 4.35, "Plan Rows": 5, "Plan Width": 8, "Recheck Cond": "(movie_id = mk.movie_id)", "Plans": [{"Node Type": "Bitmap Index Scan", "Parent Relationship": "Outer", "Index Name": "movie_id_movie_link", "Startup Cost": 0.0, "Total Cost": 0.29, "Plan Rows": 5, "Plan Width": 0, "Index Cond": "(movie_id = mk.movie_id)"}]}]}, {"Node Type": "Seq Scan", "Parent Relationship": "Inner", "Relation Name": "link_type", "Alias": "lt", "Startup Cost": 0.0, "Total Cost": 1.21, "Plan Rows": 1, "Plan Width": 16, "Filter": "((link)::text ~~ '%follows%'::text)"}]}]}, "Unique SQL Id": 4121279504}, "explain_analyze_plan": {"Plan": {"Node Type": "Aggregate", "Strategy": "Plain", "Startup Cost": 2726.02, "Total Cost": 2726.03, "Plan Rows": 1, "Plan Width": 144, "Actual Startup Time": 123.802, "Actual Total Time": 123.802, "Actual Rows": 1, "Actual Loops": 1, "Plans": [{"Node Type": "Nested Loop", "Parent Relationship": "Outer", "Join Type": "Inner", "Startup Cost": 5.59, "Total Cost": 2726.01, "Plan Rows": 1, "Plan Width": 48, "Actual Startup Time": 123.793, "Actual Total Time": 123.793, "Actual Rows": 0, "Actual Loops": 1, "Inner Unique": true, "Join Filter": "(ml.link_type_id = lt.id)", "Rows Removed by Join Filter": 0, "Plans": [{"Node Type": "Nested Loop", "Parent Relationship": "Outer", "Join Type": "Inner", "Startup Cost": 5.59, "Total Cost": 2724.78, "Plan Rows": 1, "Plan Width": 40, "Actual Startup Time": 5.572, "Actual Total Time": 123.464, "Actual Rows": 38, "Actual Loops": 1, "Inner Unique": false, "Join Filter": "(t.id = ml.movie_id)", "Rows Removed by Join Filter": 0, "Plans": [{"Node Type": "Nested Loop", "Parent Relationship": "Outer", "Join Type": "Inner", "Startup Cost": 5.3, "Total Cost": 2720.37, "Plan Rows": 1, "Plan Width": 48, "Actual Startup Time": 5.548, "Actual Total Time": 123.405, "Actual Rows": 2, "Actual Loops": 1, "Inner Unique": true, "Join Filter": "(mc.company_type_id = ct.id)", "Rows Removed by Join Filter": 0, "Plans": [{"Node Type": "Nested Loop", "Parent Relationship": "Outer", "Join Type": "Inner", "Startup Cost": 5.3, "Total Cost": 2719.32, "Plan Rows": 1, "Plan Width": 52, "Actual Startup Time": 5.537, "Actual Total Time": 123.389, "Actual Rows": 2, "Actual Loops": 1, "Inner Unique": true, "Plans": [{"Node Type": "Nested Loop", "Parent Relationship": "Outer", "Join Type": "Inner", "Startup Cost": 5.05, "Total Cost": 2715.03, "Plan Rows": 1, "Plan Width": 37, "Actual Startup Time": 5.522, "Actual Total Time": 123.354, "Actual Rows": 3, "Actual Loops": 1, "Inner Unique": false, "Join Filter": "(t.id = mc.movie_id)", "Rows Removed by Join Filter": 0, "Plans": [{"Node Type": "Nested Loop", "Parent Relationship": "Outer", "Join Type": "Inner", "Startup Cost": 4.77, "Total Cost": 2710.71, "Plan Rows": 1, "Plan Width": 25, "Actual Startup Time": 5.499, "Actual Total Time": 123.328, "Actual Rows": 1, "Actual Loops": 1, "Inner Unique": true, "Plans": [{"Node Type": "Nested Loop", "Parent Relationship": "Outer", "Join Type": "Inner", "Startup Cost": 4.51, "Total Cost": 2569.02, "Plan Rows": 33, "Plan Width": 4, "Actual Startup Time": 5.191, "Actual Total Time": 58.437, "Actual Rows": 10544, "Actual Loops": 1, "Inner Unique": false, "Plans": [{"Node Type": "Seq Scan", "Parent Relationship": "Outer", "Relation Name": "keyword", "Alias": "k", "Startup Cost": 0.0, "Total Cost": 2436.11, "Plan Rows": 1, "Plan Width": 4, "Actual Startup Time": 2.298, "Actual Total Time": 41.897, "Actual Rows": 1, "Actual Loops": 1, "Filter": "((keyword)::text = 'sequel'::text)", "Rows Removed by Filter": 134168}, {"Node Type": "Bitmap Heap Scan", "Parent Relationship": "Inner", "Relation Name": "movie_keyword", "Alias": "mk", "Startup Cost": 4.51, "Total Cost": 132.58, "Plan Rows": 33, "Plan Width": 8, "Actual Startup Time": 2.885, "Actual Total Time": 14.415, "Actual Rows": 10544, "Actual Loops": 1, "Recheck Cond": "(keyword_id = k.id)", "Rows Removed by Index Recheck": 0, "Exact Heap Blocks": 5090, "Lossy Heap Blocks": 5090, "Plans": [{"Node Type": "Bitmap Index Scan", "Parent Relationship": "Outer", "Index Name": "keyword_id_movie_keyword", "Startup Cost": 0.0, "Total Cost": 4.5, "Plan Rows": 33, "Plan Width": 0, "Actual Startup Time": 1.979, "Actual Total Time": 1.979, "Actual Rows": 10544, "Actual Loops": 1, "Index Cond": "(keyword_id = k.id)"}]}]}, {"Node Type": "Bitmap Heap Scan", "Parent Relationship": "Inner", "Relation Name": "title", "Alias": "t", "Startup Cost": 0.27, "Total Cost": 4.28, "Plan Rows": 1, "Plan Width": 21, "Actual Startup Time": 53.127, "Actual Total Time": 53.127, "Actual Rows": 1, "Actual Loops": 10544, "Recheck Cond": "(id = mk.movie_id)", "Rows Removed by Index Recheck": 0, "Filter": "(((title)::text ~~ '%Money%'::text) AND (production_year = 1998))", "Rows Removed by Filter": 10543, "Exact Heap Blocks": 10544, "Lossy Heap Blocks": 10544, "Plans": [{"Node Type": "Bitmap Index Scan", "Parent Relationship": "Outer", "Index Name": "title_pkey", "Startup Cost": 0.0, "Total Cost": 0.27, "Plan Rows": 1, "Plan Width": 0, "Actual Startup Time": 27.96, "Actual Total Time": 27.96, "Actual Rows": 10544, "Actual Loops": 10544, "Index Cond": "(id = mk.movie_id)"}]}]}, {"Node Type": "Bitmap Heap Scan", "Parent Relationship": "Inner", "Relation Name": "movie_companies", "Alias": "mc", "Startup Cost": 0.27, "Total Cost": 4.3, "Plan Rows": 2, "Plan Width": 12, "Actual Startup Time": 0.018, "Actual Total Time": 0.019, "Actual Rows": 3, "Actual Loops": 1, "Recheck Cond": "(movie_id = mk.movie_id)", "Rows Removed by Index Recheck": 0, "Filter": "(note IS NULL)", "Rows Removed by Filter": 1, "Exact Heap Blocks": 2, "Lossy Heap Blocks": 2, "Plans": [{"Node Type": "Bitmap Index Scan", "Parent Relationship": "Outer", "Index Name": "movie_id_movie_companies", "Startup Cost": 0.0, "Total Cost": 0.27, "Plan Rows": 2, "Plan Width": 0, "Actual Startup Time": 0.008, "Actual Total Time": 0.008, "Actual Rows": 4, "Actual Loops": 1, "Index Cond": "(movie_id = mk.movie_id)"}]}]}, {"Node Type": "Bitmap Heap Scan", "Parent Relationship": "Inner", "Relation Name": "company_name", "Alias": "cn", "Startup Cost": 0.26, "Total Cost": 4.28, "Plan Rows": 1, "Plan Width": 23, "Actual Startup Time": 0.029, "Actual Total Time": 0.029, "Actual Rows": 2, "Actual Loops": 3, "Recheck Cond": "(id = mc.company_id)", "Rows Removed by Index Recheck": 0, "Filter": "(((country_code)::text <> '[pl]'::text) AND (((name)::text ~~ '%Film%'::text) OR ((name)::text ~~ '%Warner%'::text)))", "Rows Removed by Filter": 1, "Exact Heap Blocks": 3, "Lossy Heap Blocks": 3, "Plans": [{"Node Type": "Bitmap Index Scan", "Parent Relationship": "Outer", "Index Name": "company_name_pkey", "Startup Cost": 0.0, "Total Cost": 0.26, "Plan Rows": 1, "Plan Width": 0, "Actual Startup Time": 0.015, "Actual Total Time": 0.015, "Actual Rows": 3, "Actual Loops": 3, "Index Cond": "(id = mc.company_id)"}]}]}, {"Node Type": "Seq Scan", "Parent Relationship": "Inner", "Relation Name": "company_type", "Alias": "ct", "Startup Cost": 0.0, "Total Cost": 1.04, "Plan Rows": 1, "Plan Width": 4, "Actual Startup Time": 0.009, "Actual Total Time": 0.009, "Actual Rows": 2, "Actual Loops": 2, "Filter": "((kind)::text = 'production companies'::text)", "Rows Removed by Filter": 0}]}, {"Node Type": "Bitmap Heap Scan", "Parent Relationship": "Inner", "Relation Name": "movie_link", "Alias": "ml", "Startup Cost": 0.29, "Total Cost": 4.35, "Plan Rows": 5, "Plan Width": 8, "Actual Startup Time": 0.027, "Actual Total Time": 0.032, "Actual Rows": 38, "Actual Loops": 2, "Recheck Cond": "(movie_id = mk.movie_id)", "Rows Removed by Index Recheck": 0, "Exact Heap Blocks": 2, "Lossy Heap Blocks": 2, "Plans": [{"Node Type": "Bitmap Index Scan", "Parent Relationship": "Outer", "Index Name": "movie_id_movie_link", "Startup Cost": 0.0, "Total Cost": 0.29, "Plan Rows": 5, "Plan Width": 0, "Actual Startup Time": 0.011, "Actual Total Time": 0.011, "Actual Rows": 38, "Actual Loops": 2, "Index Cond": "(movie_id = mk.movie_id)"}]}]}, {"Node Type": "Seq Scan", "Parent Relationship": "Inner", "Relation Name": "link_type", "Alias": "lt", "Startup Cost": 0.0, "Total Cost": 1.21, "Plan Rows": 1, "Plan Width": 16, "Actual Startup Time": 0.294, "Actual Total Time": 0.294, "Actual Rows": 0, "Actual Loops": 38, "Filter": "((link)::text ~~ '%follows%'::text)", "Rows Removed by Filter": 646}]}]}, "Triggers": [], "Planner Runtime": 52.601, "Total Runtime": 124.232, "Unique SQL Id": 4121279504}}, "(1, 39)": {"explain_plan": {"Plan": {"Node Type": "Aggregate", "Strategy": "Plain", "Startup Cost": 1000014795431.67, "Total Cost": 1000014795431.68, "Plan Rows": 1, "Plan Width": 144, "Plans": [{"Node Type": "Nested Loop", "Parent Relationship": "Outer", "Join Type": "Inner", "Startup Cost": 10000000001.97, "Total Cost": 1000014795431.66, "Plan Rows": 1, "Plan Width": 48, "Inner Unique": true, "Plans": [{"Node Type": "Nested Loop", "Parent Relationship": "Outer", "Join Type": "Inner", "Startup Cost": 10000000001.72, "Total Cost": 1000014795427.38, "Plan Rows": 1, "Plan Width": 52, "Inner Unique": true, "Plans": [{"Node Type": "Nested Loop", "Parent Relationship": "Outer", "Join Type": "Inner", "Startup Cost": 10000000001.46, "Total Cost": 1000014795418.82, "Plan Rows": 2, "Plan Width": 44, "Inner Unique": false, "Join Filter": "(t.id = ml.movie_id)", "Plans": [{"Node Type": "Nested Loop", "Parent Relationship": "Outer", "Join Type": "Inner", "Startup Cost": 10000000001.17, "Total Cost": 1000014795414.4, "Plan Rows": 1, "Plan Width": 52, "Inner Unique": true, "Plans": [{"Node Type": "Nested Loop", "Parent Relationship": "Outer", "Join Type": "Inner", "Startup Cost": 10000000000.91, "Total Cost": 1000014795328.75, "Plan Rows": 20, "Plan Width": 56, "Inner Unique": false, "Join Filter": "(t.id = mk.movie_id)", "Plans": [{"Node Type": "Nested Loop", "Parent Relationship": "Outer", "Join Type": "Inner", "Startup Cost": 10000000000.55, "Total Cost": 1000014795319.62, "Plan Rows": 2, "Plan Width": 48, "Inner Unique": true, "Plans": [{"Node Type": "Nested Loop", "Parent Relationship": "Outer", "Join Type": "Inner", "Startup Cost": 10000000000.29, "Total Cost": 1000014795293.88, "Plan Rows": 6, "Plan Width": 33, "Inner Unique": true, "Plans": [{"Node Type": "Index Scan", "Parent Relationship": "Outer", "Scan Direction": "Forward", "Index Name": "company_type_id_movie_companies", "Relation Name": "movie_companies", "Alias": "mc", "Startup Cost": 10000000000.0, "Total Cost": 1000009318217.0, "Plan Rows": 1269486, "Plan Width": 12, "Filter": "(note IS NULL), (LLVM Optimized)"}, {"Node Type": "Bitmap Heap Scan", "Parent Relationship": "Inner", "Relation Name": "title", "Alias": "t", "Startup Cost": 0.29, "Total Cost": 4.3, "Plan Rows": 1, "Plan Width": 21, "Recheck Cond": "(id = mc.movie_id)", "Filter": "(((title)::text ~~ '%Money%'::text) AND (production_year = 1998))", "Plans": [{"Node Type": "Bitmap Index Scan", "Parent Relationship": "Outer", "Index Name": "title_pkey", "Startup Cost": 0.0, "Total Cost": 0.29, "Plan Rows": 1, "Plan Width": 0, "Index Cond": "(id = mc.movie_id)"}]}]}, {"Node Type": "Bitmap Heap Scan", "Parent Relationship": "Inner", "Relation Name": "company_name", "Alias": "cn", "Startup Cost": 0.26, "Total Cost": 4.28, "Plan Rows": 1, "Plan Width": 23, "Recheck Cond": "(id = mc.company_id)", "Filter": "(((country_code)::text <> '[pl]'::text) AND (((name)::text ~~ '%Film%'::text) OR ((name)::text ~~ '%Warner%'::text)))", "Plans": [{"Node Type": "Bitmap Index Scan", "Parent Relationship": "Outer", "Index Name": "company_name_pkey", "Startup Cost": 0.0, "Total Cost": 0.26, "Plan Rows": 1, "Plan Width": 0, "Index Cond": "(id = mc.company_id)"}]}]}, {"Node Type": "Bitmap Heap Scan", "Parent Relationship": "Inner", "Relation Name": "movie_keyword", "Alias": "mk", "Startup Cost": 0.37, "Total Cost": 4.47, "Plan Rows": 8, "Plan Width": 8, "Recheck Cond": "(movie_id = mc.movie_id)", "Plans": [{"Node Type": "Bitmap Index Scan", "Parent Relationship": "Outer", "Index Name": "movie_id_movie_keyword", "Startup Cost": 0.0, "Total Cost": 0.36, "Plan Rows": 8, "Plan Width": 0, "Index Cond": "(movie_id = mc.movie_id)"}]}]}, {"Node Type": "Bitmap Heap Scan", "Parent Relationship": "Inner", "Relation Name": "keyword", "Alias": "k", "Startup Cost": 0.26, "Total Cost": 4.27, "Plan Rows": 1, "Plan Width": 4, "Recheck Cond": "(id = mk.keyword_id)", "Filter": "((keyword)::text = 'sequel'::text)", "Plans": [{"Node Type": "Bitmap Index Scan", "Parent Relationship": "Outer", "Index Name": "keyword_pkey", "Startup Cost": 0.0, "Total Cost": 0.26, "Plan Rows": 1, "Plan Width": 0, "Index Cond": "(id = mk.keyword_id)"}]}]}, {"Node Type": "Bitmap Heap Scan", "Parent Relationship": "Inner", "Relation Name": "movie_link", "Alias": "ml", "Startup Cost": 0.29, "Total Cost": 4.35, "Plan Rows": 5, "Plan Width": 8, "Recheck Cond": "(movie_id = mk.movie_id)", "Plans": [{"Node Type": "Bitmap Index Scan", "Parent Relationship": "Outer", "Index Name": "movie_id_movie_link", "Startup Cost": 0.0, "Total Cost": 0.29, "Plan Rows": 5, "Plan Width": 0, "Index Cond": "(movie_id = mk.movie_id)"}]}]}, {"Node Type": "Bitmap Heap Scan", "Parent Relationship": "Inner", "Relation Name": "link_type", "Alias": "lt", "Startup Cost": 0.26, "Total Cost": 4.27, "Plan Rows": 1, "Plan Width": 16, "Recheck Cond": "(id = ml.link_type_id)", "Filter": "((link)::text ~~ '%follows%'::text)", "Plans": [{"Node Type": "Bitmap Index Scan", "Parent Relationship": "Outer", "Index Name": "link_type_pkey", "Startup Cost": 0.0, "Total Cost": 0.26, "Plan Rows": 1, "Plan Width": 0, "Index Cond": "(id = ml.link_type_id)"}]}]}, {"Node Type": "Bitmap Heap Scan", "Parent Relationship": "Inner", "Relation Name": "company_type", "Alias": "ct", "Startup Cost": 0.26, "Total Cost": 4.27, "Plan Rows": 1, "Plan Width": 4, "Recheck Cond": "(id = mc.company_type_id)", "Filter": "((kind)::text = 'production companies'::text)", "Plans": [{"Node Type": "Bitmap Index Scan", "Parent Relationship": "Outer", "Index Name": "company_type_pkey", "Startup Cost": 0.0, "Total Cost": 0.26, "Plan Rows": 1, "Plan Width": 0, "Index Cond": "(id = mc.company_type_id)"}]}]}]}, "Unique SQL Id": 4121279504}, "explain_analyze_plan": null}, "(1, 40)": {"explain_plan": {"Plan": {"Node Type": "Aggregate", "Strategy": "Plain", "Startup Cost": 2585.63, "Total Cost": 2585.64, "Plan Rows": 1, "Plan Width": 144, "Plans": [{"Node Type": "Nested Loop", "Parent Relationship": "Outer", "Join Type": "Inner", "Startup Cost": 0.0, "Total Cost": 2585.62, "Plan Rows": 1, "Plan Width": 48, "Inner Unique": true, "Plans": [{"Node Type": "Nested Loop", "Parent Relationship": "Outer", "Join Type": "Inner", "Startup Cost": 0.0, "Total Cost": 2585.34, "Plan Rows": 1, "Plan Width": 40, "Inner Unique": false, "Join Filter": "(t.id = ml.movie_id)", "Plans": [{"Node Type": "Nested Loop", "Parent Relationship": "Outer", "Join Type": "Inner", "Startup Cost": 0.0, "Total Cost": 2584.93, "Plan Rows": 1, "Plan Width": 48, "Inner Unique": true, "Plans": [{"Node Type": "Nested Loop", "Parent Relationship": "Outer", "Join Type": "Inner", "Startup Cost": 0.0, "Total Cost": 2584.64, "Plan Rows": 1, "Plan Width": 52, "Inner Unique": true, "Plans": [{"Node Type": "Nested Loop", "Parent Relationship": "Outer", "Join Type": "Inner", "Startup Cost": 0.0, "Total Cost": 2584.35, "Plan Rows": 1, "Plan Width": 37, "Inner Unique": false, "Join Filter": "(t.id = mc.movie_id)", "Plans": [{"Node Type": "Nested Loop", "Parent Relationship": "Outer", "Join Type": "Inner", "Startup Cost": 0.0, "Total Cost": 2584.01, "Plan Rows": 1, "Plan Width": 25, "Inner Unique": true, "Plans": [{"Node Type": "Nested Loop", "Parent Relationship": "Outer", "Join Type": "Inner", "Startup Cost": 0.0, "Total Cost": 2573.32, "Plan Rows": 33, "Plan Width": 4, "Inner Unique": false, "Plans": [{"Node Type": "Seq Scan", "Parent Relationship": "Outer", "Relation Name": "keyword", "Alias": "k", "Startup Cost": 0.0, "Total Cost": 2436.11, "Plan Rows": 1, "Plan Width": 4, "Filter": "((keyword)::text = 'sequel'::text)"}, {"Node Type": "Index Scan", "Parent Relationship": "Inner", "Scan Direction": "Forward", "Index Name": "keyword_id_movie_keyword", "Relation Name": "movie_keyword", "Alias": "mk", "Startup Cost": 0.0, "Total Cost": 136.88, "Plan Rows": 33, "Plan Width": 8, "Index Cond": "(keyword_id = k.id)"}]}, {"Node Type": "Index Scan", "Parent Relationship": "Inner", "Scan Direction": "Forward", "Index Name": "title_pkey", "Relation Name": "title", "Alias": "t", "Startup Cost": 0.0, "Total Cost": 0.31, "Plan Rows": 1, "Plan Width": 21, "Index Cond": "(id = mk.movie_id)", "Filter": "(((title)::text ~~ '%Money%'::text) AND (production_year = 1998))"}]}, {"Node Type": "Index Scan", "Parent Relationship": "Inner", "Scan Direction": "Forward", "Index Name": "movie_id_movie_companies", "Relation Name": "movie_companies", "Alias": "mc", "Startup Cost": 0.0, "Total Cost": 0.31, "Plan Rows": 2, "Plan Width": 12, "Index Cond": "(movie_id = mk.movie_id)", "Filter": "(note IS NULL)"}]}, {"Node Type": "Index Scan", "Parent Relationship": "Inner", "Scan Direction": "Forward", "Index Name": "company_name_pkey", "Relation Name": "company_name", "Alias": "cn", "Startup Cost": 0.0, "Total Cost": 0.29, "Plan Rows": 1, "Plan Width": 23, "Index Cond": "(id = mc.company_id)", "Filter": "(((country_code)::text <> '[pl]'::text) AND (((name)::text ~~ '%Film%'::text) OR ((name)::text ~~ '%Warner%'::text)))"}]}, {"Node Type": "Index Scan", "Parent Relationship": "Inner", "Scan Direction": "Forward", "Index Name": "company_type_pkey", "Relation Name": "company_type", "Alias": "ct", "Startup Cost": 0.0, "Total Cost": 0.27, "Plan Rows": 1, "Plan Width": 4, "Index Cond": "(id = mc.company_type_id)", "Filter": "((kind)::text = 'production companies'::text)"}]}, {"Node Type": "Index Scan", "Parent Relationship": "Inner", "Scan Direction": "Forward", "Index Name": "movie_id_movie_link", "Relation Name": "movie_link", "Alias": "ml", "Startup Cost": 0.0, "Total Cost": 0.35, "Plan Rows": 5, "Plan Width": 8, "Index Cond": "(movie_id = mk.movie_id)"}]}, {"Node Type": "Index Scan", "Parent Relationship": "Inner", "Scan Direction": "Forward", "Index Name": "link_type_pkey", "Relation Name": "link_type", "Alias": "lt", "Startup Cost": 0.0, "Total Cost": 0.27, "Plan Rows": 1, "Plan Width": 16, "Index Cond": "(id = ml.link_type_id)", "Filter": "((link)::text ~~ '%follows%'::text)"}]}]}, "Unique SQL Id": 4121279504}, "explain_analyze_plan": {"Plan": {"Node Type": "Aggregate", "Strategy": "Plain", "Startup Cost": 2585.63, "Total Cost": 2585.64, "Plan Rows": 1, "Plan Width": 144, "Actual Startup Time": 103.23, "Actual Total Time": 103.23, "Actual Rows": 1, "Actual Loops": 1, "Plans": [{"Node Type": "Nested Loop", "Parent Relationship": "Outer", "Join Type": "Inner", "Startup Cost": 0.0, "Total Cost": 2585.62, "Plan Rows": 1, "Plan Width": 48, "Actual Startup Time": 103.221, "Actual Total Time": 103.221, "Actual Rows": 0, "Actual Loops": 1, "Inner Unique": true, "Plans": [{"Node Type": "Nested Loop", "Parent Relationship": "Outer", "Join Type": "Inner", "Startup Cost": 0.0, "Total Cost": 2585.34, "Plan Rows": 1, "Plan Width": 40, "Actual Startup Time": 2.61, "Actual Total Time": 103.138, "Actual Rows": 38, "Actual Loops": 1, "Inner Unique": false, "Join Filter": "(t.id = ml.movie_id)", "Rows Removed by Join Filter": 0, "Plans": [{"Node Type": "Nested Loop", "Parent Relationship": "Outer", "Join Type": "Inner", "Startup Cost": 0.0, "Total Cost": 2584.93, "Plan Rows": 1, "Plan Width": 48, "Actual Startup Time": 2.599, "Actual Total Time": 103.092, "Actual Rows": 2, "Actual Loops": 1, "Inner Unique": true, "Plans": [{"Node Type": "Nested Loop", "Parent Relationship": "Outer", "Join Type": "Inner", "Startup Cost": 0.0, "Total Cost": 2584.64, "Plan Rows": 1, "Plan Width": 52, "Actual Startup Time": 2.592, "Actual Total Time": 103.081, "Actual Rows": 2, "Actual Loops": 1, "Inner Unique": true, "Plans": [{"Node Type": "Nested Loop", "Parent Relationship": "Outer", "Join Type": "Inner", "Startup Cost": 0.0, "Total Cost": 2584.35, "Plan Rows": 1, "Plan Width": 37, "Actual Startup Time": 2.578, "Actual Total Time": 103.051, "Actual Rows": 3, "Actual Loops": 1, "Inner Unique": false, "Join Filter": "(t.id = mc.movie_id)", "Rows Removed by Join Filter": 0, "Plans": [{"Node Type": "Nested Loop", "Parent Relationship": "Outer", "Join Type": "Inner", "Startup Cost": 0.0, "Total Cost": 2584.01, "Plan Rows": 1, "Plan Width": 25, "Actual Startup Time": 2.565, "Actual Total Time": 103.035, "Actual Rows": 1, "Actual Loops": 1, "Inner Unique": true, "Plans": [{"Node Type": "Nested Loop", "Parent Relationship": "Outer", "Join Type": "Inner", "Startup Cost": 0.0, "Total Cost": 2573.32, "Plan Rows": 33, "Plan Width": 4, "Actual Startup Time": 2.328, "Actual Total Time": 53.899, "Actual Rows": 10544, "Actual Loops": 1, "Inner Unique": false, "Plans": [{"Node Type": "Seq Scan", "Parent Relationship": "Outer", "Relation Name": "keyword", "Alias": "k", "Startup Cost": 0.0, "Total Cost": 2436.11, "Plan Rows": 1, "Plan Width": 4, "Actual Startup Time": 2.291, "Actual Total Time": 40.813, "Actual Rows": 1, "Actual Loops": 1, "Filter": "((keyword)::text = 'sequel'::text)", "Rows Removed by Filter": 134168}, {"Node Type": "Index Scan", "Parent Relationship": "Inner", "Scan Direction": "Forward", "Index Name": "keyword_id_movie_keyword", "Relation Name": "movie_keyword", "Alias": "mk", "Startup Cost": 0.0, "Total Cost": 136.88, "Plan Rows": 33, "Plan Width": 8, "Actual Startup Time": 0.031, "Actual Total Time": 10.818, "Actual Rows": 10544, "Actual Loops": 1, "Index Cond": "(keyword_id = k.id)", "Rows Removed by Index Recheck": 0}]}, {"Node Type": "Index Scan", "Parent Relationship": "Inner", "Scan Direction": "Forward", "Index Name": "title_pkey", "Relation Name": "title", "Alias": "t", "Startup Cost": 0.0, "Total Cost": 0.31, "Plan Rows": 1, "Plan Width": 21, "Actual Startup Time": 43.968, "Actual Total Time": 43.968, "Actual Rows": 1, "Actual Loops": 10544, "Index Cond": "(id = mk.movie_id)", "Rows Removed by Index Recheck": 0, "Filter": "(((title)::text ~~ '%Money%'::text) AND (production_year = 1998))", "Rows Removed by Filter": 10543}]}, {"Node Type": "Index Scan", "Parent Relationship": "Inner", "Scan Direction": "Forward", "Index Name": "movie_id_movie_companies", "Relation Name": "movie_companies", "Alias": "mc", "Startup Cost": 0.0, "Total Cost": 0.31, "Plan Rows": 2, "Plan Width": 12, "Actual Startup Time": 0.01, "Actual Total Time": 0.013, "Actual Rows": 3, "Actual Loops": 1, "Index Cond": "(movie_id = mk.movie_id)", "Rows Removed by Index Recheck": 0, "Filter": "(note IS NULL)", "Rows Removed by Filter": 1}]}, {"Node Type": "Index Scan", "Parent Relationship": "Inner", "Scan Direction": "Forward", "Index Name": "company_name_pkey", "Relation Name": "company_name", "Alias": "cn", "Startup Cost": 0.0, "Total Cost": 0.29, "Plan Rows": 1, "Plan Width": 23, "Actual Startup Time": 0.025, "Actual Total Time": 0.025, "Actual Rows": 2, "Actual Loops": 3, "Index Cond": "(id = mc.company_id)", "Rows Removed by Index Recheck": 0, "Filter": "(((country_code)::text <> '[pl]'::text) AND (((name)::text ~~ '%Film%'::text) OR ((name)::text ~~ '%Warner%'::text)))", "Rows Removed by Filter": 1}]}, {"Node Type": "Index Scan", "Parent Relationship": "Inner", "Scan Direction": "Forward", "Index Name": "company_type_pkey", "Relation Name": "company_type", "Alias": "ct", "Startup Cost": 0.0, "Total Cost": 0.27, "Plan Rows": 1, "Plan Width": 4, "Actual Startup Time": 0.007, "Actual Total Time": 0.007, "Actual Rows": 2, "Actual Loops": 2, "Index Cond": "(id = mc.company_type_id)", "Rows Removed by Index Recheck": 0, "Filter": "((kind)::text = 'production companies'::text)", "Rows Removed by Filter": 0}]}, {"Node Type": "Index Scan", "Parent Relationship": "Inner", "Scan Direction": "Forward", "Index Name": "movie_id_movie_link", "Relation Name": "movie_link", "Alias": "ml", "Startup Cost": 0.0, "Total Cost": 0.35, "Plan Rows": 5, "Plan Width": 8, "Actual Startup Time": 0.012, "Actual Total Time": 0.024, "Actual Rows": 38, "Actual Loops": 2, "Index Cond": "(movie_id = mk.movie_id)", "Rows Removed by Index Recheck": 0}]}, {"Node Type": "Index Scan", "Parent Relationship": "Inner", "Scan Direction": "Forward", "Index Name": "link_type_pkey", "Relation Name": "link_type", "Alias": "lt", "Startup Cost": 0.0, "Total Cost": 0.27, "Plan Rows": 1, "Plan Width": 16, "Actual Startup Time": 0.064, "Actual Total Time": 0.064, "Actual Rows": 0, "Actual Loops": 38, "Index Cond": "(id = ml.link_type_id)", "Rows Removed by Index Recheck": 0, "Filter": "((link)::text ~~ '%follows%'::text)", "Rows Removed by Filter": 24}]}]}, "Triggers": [], "Planner Runtime": 62.455, "Total Runtime": 103.577, "Unique SQL Id": 4121279504}}, "(1, 41)": {"explain_plan": {"Plan": {"Node Type": "Aggregate", "Strategy": "Plain", "Startup Cost": 3332.23, "Total Cost": 3332.24, "Plan Rows": 1, "Plan Width": 144, "Plans": [{"Node Type": "Nested Loop", "Parent Relationship": "Outer", "Join Type": "Inner", "Startup Cost": 0.0, "Total Cost": 3332.23, "Plan Rows": 1, "Plan Width": 48, "Inner Unique": true, "Plans": [{"Node Type": "Nested Loop", "Parent Relationship": "Outer", "Join Type": "Inner", "Startup Cost": 0.0, "Total Cost": 3331.94, "Plan Rows": 1, "Plan Width": 40, "Inner Unique": false, "Join Filter": "(t.id = ml.movie_id)", "Plans": [{"Node Type": "Nested Loop", "Parent Relationship": "Outer", "Join Type": "Inner", "Startup Cost": 0.0, "Total Cost": 3331.53, "Plan Rows": 1, "Plan Width": 48, "Inner Unique": true, "Plans": [{"Node Type": "Nested Loop", "Parent Relationship": "Outer", "Join Type": "Inner", "Startup Cost": 0.0, "Total Cost": 3331.25, "Plan Rows": 1, "Plan Width": 52, "Inner Unique": true, "Plans": [{"Node Type": "Nested Loop", "Parent Relationship": "Outer", "Join Type": "Inner", "Startup Cost": 0.0, "Total Cost": 3330.95, "Plan Rows": 1, "Plan Width": 37, "Inner Unique": false, "Join Filter": "(t.id = mc.movie_id)", "Plans": [{"Node Type": "Nested Loop", "Parent Relationship": "Outer", "Join Type": "Inner", "Startup Cost": 0.0, "Total Cost": 3330.61, "Plan Rows": 1, "Plan Width": 25, "Inner Unique": true, "Plans": [{"Node Type": "Nested Loop", "Parent Relationship": "Outer", "Join Type": "Inner", "Startup Cost": 0.0, "Total Cost": 3319.92, "Plan Rows": 33, "Plan Width": 4, "Inner Unique": false, "Plans": [{"Node Type": "Index Scan", "Parent Relationship": "Outer", "Scan Direction": "Forward", "Index Name": "keyword_pkey", "Relation Name": "keyword", "Alias": "k", "Startup Cost": 0.0, "Total Cost": 3182.72, "Plan Rows": 1, "Plan Width": 4, "Filter": "((keyword)::text = 'sequel'::text)"}, {"Node Type": "Index Scan", "Parent Relationship": "Inner", "Scan Direction": "Forward", "Index Name": "keyword_id_movie_keyword", "Relation Name": "movie_keyword", "Alias": "mk", "Startup Cost": 0.0, "Total Cost": 136.88, "Plan Rows": 33, "Plan Width": 8, "Index Cond": "(keyword_id = k.id)"}]}, {"Node Type": "Index Scan", "Parent Relationship": "Inner", "Scan Direction": "Forward", "Index Name": "title_pkey", "Relation Name": "title", "Alias": "t", "Startup Cost": 0.0, "Total Cost": 0.31, "Plan Rows": 1, "Plan Width": 21, "Index Cond": "(id = mk.movie_id)", "Filter": "(((title)::text ~~ '%Money%'::text) AND (production_year = 1998))"}]}, {"Node Type": "Index Scan", "Parent Relationship": "Inner", "Scan Direction": "Forward", "Index Name": "movie_id_movie_companies", "Relation Name": "movie_companies", "Alias": "mc", "Startup Cost": 0.0, "Total Cost": 0.31, "Plan Rows": 2, "Plan Width": 12, "Index Cond": "(movie_id = mk.movie_id)", "Filter": "(note IS NULL)"}]}, {"Node Type": "Index Scan", "Parent Relationship": "Inner", "Scan Direction": "Forward", "Index Name": "company_name_pkey", "Relation Name": "company_name", "Alias": "cn", "Startup Cost": 0.0, "Total Cost": 0.29, "Plan Rows": 1, "Plan Width": 23, "Index Cond": "(id = mc.company_id)", "Filter": "(((country_code)::text <> '[pl]'::text) AND (((name)::text ~~ '%Film%'::text) OR ((name)::text ~~ '%Warner%'::text)))"}]}, {"Node Type": "Index Scan", "Parent Relationship": "Inner", "Scan Direction": "Forward", "Index Name": "company_type_pkey", "Relation Name": "company_type", "Alias": "ct", "Startup Cost": 0.0, "Total Cost": 0.27, "Plan Rows": 1, "Plan Width": 4, "Index Cond": "(id = mc.company_type_id)", "Filter": "((kind)::text = 'production companies'::text)"}]}, {"Node Type": "Index Scan", "Parent Relationship": "Inner", "Scan Direction": "Forward", "Index Name": "movie_id_movie_link", "Relation Name": "movie_link", "Alias": "ml", "Startup Cost": 0.0, "Total Cost": 0.35, "Plan Rows": 5, "Plan Width": 8, "Index Cond": "(movie_id = mk.movie_id)"}]}, {"Node Type": "Index Scan", "Parent Relationship": "Inner", "Scan Direction": "Forward", "Index Name": "link_type_pkey", "Relation Name": "link_type", "Alias": "lt", "Startup Cost": 0.0, "Total Cost": 0.27, "Plan Rows": 1, "Plan Width": 16, "Index Cond": "(id = ml.link_type_id)", "Filter": "((link)::text ~~ '%follows%'::text)"}]}]}, "Unique SQL Id": 4121279504}, "explain_analyze_plan": {"Plan": {"Node Type": "Aggregate", "Strategy": "Plain", "Startup Cost": 3332.23, "Total Cost": 3332.24, "Plan Rows": 1, "Plan Width": 144, "Actual Startup Time": 176.653, "Actual Total Time": 176.654, "Actual Rows": 1, "Actual Loops": 1, "Plans": [{"Node Type": "Nested Loop", "Parent Relationship": "Outer", "Join Type": "Inner", "Startup Cost": 0.0, "Total Cost": 3332.23, "Plan Rows": 1, "Plan Width": 48, "Actual Startup Time": 176.642, "Actual Total Time": 176.642, "Actual Rows": 0, "Actual Loops": 1, "Inner Unique": true, "Plans": [{"Node Type": "Nested Loop", "Parent Relationship": "Outer", "Join Type": "Inner", "Startup Cost": 0.0, "Total Cost": 3331.94, "Plan Rows": 1, "Plan Width": 40, "Actual Startup Time": 0.743, "Actual Total Time": 176.562, "Actual Rows": 38, "Actual Loops": 1, "Inner Unique": false, "Join Filter": "(t.id = ml.movie_id)", "Rows Removed by Join Filter": 0, "Plans": [{"Node Type": "Nested Loop", "Parent Relationship": "Outer", "Join Type": "Inner", "Startup Cost": 0.0, "Total Cost": 3331.53, "Plan Rows": 1, "Plan Width": 48, "Actual Startup Time": 0.732, "Actual Total Time": 176.514, "Actual Rows": 2, "Actual Loops": 1, "Inner Unique": true, "Plans": [{"Node Type": "Nested Loop", "Parent Relationship": "Outer", "Join Type": "Inner", "Startup Cost": 0.0, "Total Cost": 3331.25, "Plan Rows": 1, "Plan Width": 52, "Actual Startup Time": 0.727, "Actual Total Time": 176.504, "Actual Rows": 2, "Actual Loops": 1, "Inner Unique": true, "Plans": [{"Node Type": "Nested Loop", "Parent Relationship": "Outer", "Join Type": "Inner", "Startup Cost": 0.0, "Total Cost": 3330.95, "Plan Rows": 1, "Plan Width": 37, "Actual Startup Time": 0.713, "Actual Total Time": 176.476, "Actual Rows": 3, "Actual Loops": 1, "Inner Unique": false, "Join Filter": "(t.id = mc.movie_id)", "Rows Removed by Join Filter": 0, "Plans": [{"Node Type": "Nested Loop", "Parent Relationship": "Outer", "Join Type": "Inner", "Startup Cost": 0.0, "Total Cost": 3330.61, "Plan Rows": 1, "Plan Width": 25, "Actual Startup Time": 0.696, "Actual Total Time": 176.455, "Actual Rows": 1, "Actual Loops": 1, "Inner Unique": true, "Plans": [{"Node Type": "Nested Loop", "Parent Relationship": "Outer", "Join Type": "Inner", "Startup Cost": 0.0, "Total Cost": 3319.92, "Plan Rows": 33, "Plan Width": 4, "Actual Startup Time": 0.47, "Actual Total Time": 126.57, "Actual Rows": 10544, "Actual Loops": 1, "Inner Unique": false, "Plans": [{"Node Type": "Index Scan", "Parent Relationship": "Outer", "Scan Direction": "Forward", "Index Name": "keyword_pkey", "Relation Name": "keyword", "Alias": "k", "Startup Cost": 0.0, "Total Cost": 3182.72, "Plan Rows": 1, "Plan Width": 4, "Actual Startup Time": 0.438, "Actual Total Time": 113.411, "Actual Rows": 1, "Actual Loops": 1, "Filter": "((keyword)::text = 'sequel'::text)", "Rows Removed by Filter": 134168}, {"Node Type": "Index Scan", "Parent Relationship": "Inner", "Scan Direction": "Forward", "Index Name": "keyword_id_movie_keyword", "Relation Name": "movie_keyword", "Alias": "mk", "Startup Cost": 0.0, "Total Cost": 136.88, "Plan Rows": 33, "Plan Width": 8, "Actual Startup Time": 0.027, "Actual Total Time": 10.895, "Actual Rows": 10544, "Actual Loops": 1, "Index Cond": "(keyword_id = k.id)", "Rows Removed by Index Recheck": 0}]}, {"Node Type": "Index Scan", "Parent Relationship": "Inner", "Scan Direction": "Forward", "Index Name": "title_pkey", "Relation Name": "title", "Alias": "t", "Startup Cost": 0.0, "Total Cost": 0.31, "Plan Rows": 1, "Plan Width": 21, "Actual Startup Time": 44.568, "Actual Total Time": 44.568, "Actual Rows": 1, "Actual Loops": 10544, "Index Cond": "(id = mk.movie_id)", "Rows Removed by Index Recheck": 0, "Filter": "(((title)::text ~~ '%Money%'::text) AND (production_year = 1998))", "Rows Removed by Filter": 10543}]}, {"Node Type": "Index Scan", "Parent Relationship": "Inner", "Scan Direction": "Forward", "Index Name": "movie_id_movie_companies", "Relation Name": "movie_companies", "Alias": "mc", "Startup Cost": 0.0, "Total Cost": 0.31, "Plan Rows": 2, "Plan Width": 12, "Actual Startup Time": 0.011, "Actual Total Time": 0.013, "Actual Rows": 3, "Actual Loops": 1, "Index Cond": "(movie_id = mk.movie_id)", "Rows Removed by Index Recheck": 0, "Filter": "(note IS NULL)", "Rows Removed by Filter": 1}]}, {"Node Type": "Index Scan", "Parent Relationship": "Inner", "Scan Direction": "Forward", "Index Name": "company_name_pkey", "Relation Name": "company_name", "Alias": "cn", "Startup Cost": 0.0, "Total Cost": 0.29, "Plan Rows": 1, "Plan Width": 23, "Actual Startup Time": 0.022, "Actual Total Time": 0.022, "Actual Rows": 2, "Actual Loops": 3, "Index Cond": "(id = mc.company_id)", "Rows Removed by Index Recheck": 0, "Filter": "(((country_code)::text <> '[pl]'::text) AND (((name)::text ~~ '%Film%'::text) OR ((name)::text ~~ '%Warner%'::text)))", "Rows Removed by Filter": 1}]}, {"Node Type": "Index Scan", "Parent Relationship": "Inner", "Scan Direction": "Forward", "Index Name": "company_type_pkey", "Relation Name": "company_type", "Alias": "ct", "Startup Cost": 0.0, "Total Cost": 0.27, "Plan Rows": 1, "Plan Width": 4, "Actual Startup Time": 0.006, "Actual Total Time": 0.006, "Actual Rows": 2, "Actual Loops": 2, "Index Cond": "(id = mc.company_type_id)", "Rows Removed by Index Recheck": 0, "Filter": "((kind)::text = 'production companies'::text)", "Rows Removed by Filter": 0}]}, {"Node Type": "Index Scan", "Parent Relationship": "Inner", "Scan Direction": "Forward", "Index Name": "movie_id_movie_link", "Relation Name": "movie_link", "Alias": "ml", "Startup Cost": 0.0, "Total Cost": 0.35, "Plan Rows": 5, "Plan Width": 8, "Actual Startup Time": 0.011, "Actual Total Time": 0.025, "Actual Rows": 38, "Actual Loops": 2, "Index Cond": "(movie_id = mk.movie_id)", "Rows Removed by Index Recheck": 0}]}, {"Node Type": "Index Scan", "Parent Relationship": "Inner", "Scan Direction": "Forward", "Index Name": "link_type_pkey", "Relation Name": "link_type", "Alias": "lt", "Startup Cost": 0.0, "Total Cost": 0.27, "Plan Rows": 1, "Plan Width": 16, "Actual Startup Time": 0.063, "Actual Total Time": 0.063, "Actual Rows": 0, "Actual Loops": 38, "Index Cond": "(id = ml.link_type_id)", "Rows Removed by Index Recheck": 0, "Filter": "((link)::text ~~ '%follows%'::text)", "Rows Removed by Filter": 24}]}]}, "Triggers": [], "Planner Runtime": 56.535, "Total Runtime": 177.003, "Unique SQL Id": 4121279504}}, "(1, 42)": {"explain_plan": {"Plan": {"Node Type": "Aggregate", "Strategy": "Plain", "Startup Cost": 202558.51, "Total Cost": 202558.52, "Plan Rows": 1, "Plan Width": 144, "Plans": [{"Node Type": "Nested Loop", "Parent Relationship": "Outer", "Join Type": "Inner", "Startup Cost": 75146.84, "Total Cost": 202558.5, "Plan Rows": 1, "Plan Width": 48, "Inner Unique": true, "Join Filter": "(ml.link_type_id = lt.id)", "Plans": [{"Node Type": "Nested Loop", "Parent Relationship": "Outer", "Join Type": "Inner", "Startup Cost": 75146.84, "Total Cost": 202557.28, "Plan Rows": 1, "Plan Width": 40, "Inner Unique": false, "Join Filter": "(t.id = ml.movie_id)", "Plans": [{"Node Type": "Nested Loop", "Parent Relationship": "Outer", "Join Type": "Inner", "Startup Cost": 75146.84, "Total Cost": 201751.37, "Plan Rows": 1, "Plan Width": 48, "Inner Unique": true, "Join Filter": "(mc.company_id = cn.id)", "Plans": [{"Node Type": "Nested Loop", "Parent Relationship": "Outer", "Join Type": "Inner", "Startup Cost": 75146.84, "Total Cost": 193952.95, "Plan Rows": 1, "Plan Width": 33, "Inner Unique": false, "Join Filter": "(mk.movie_id = t.id)", "Plans": [{"Node Type": "Hash Join", "Parent Relationship": "Outer", "Join Type": "Inner", "Startup Cost": 2436.12, "Total Cost": 76215.84, "Plan Rows": 33, "Plan Width": 4, "Inner Unique": true, "Hash Cond": "(mk.keyword_id = k.id)", "Plans": [{"Node Type": "Seq Scan", "Parent Relationship": "Outer", "Relation Name": "movie_keyword", "Alias": "mk", "Startup Cost": 0.0, "Total Cost": 62441.29, "Plan Rows": 4523929, "Plan Width": 8}, {"Node Type": "Hash", "Parent Relationship": "Inner", "Startup Cost": 2436.11, "Total Cost": 2436.11, "Plan Rows": 1, "Plan Width": 4, "Plans": [{"Node Type": "Seq Scan", "Parent Relationship": "Outer", "Relation Name": "keyword", "Alias": "k", "Startup Cost": 0.0, "Total Cost": 2436.11, "Plan Rows": 1, "Plan Width": 4, "Filter": "((keyword)::text = 'sequel'::text)"}]}]}, {"Node Type": "Materialize", "Parent Relationship": "Inner", "Startup Cost": 72710.72, "Total Cost": 117734.64, "Plan Rows": 5, "Plan Width": 29, "Plans": [{"Node Type": "Nested Loop", "Parent Relationship": "Outer", "Join Type": "Inner", "Startup Cost": 72710.72, "Total Cost": 117734.62, "Plan Rows": 5, "Plan Width": 29, "Inner Unique": false, "Join Filter": "(mc.company_type_id = ct.id)", "Plans": [{"Node Type": "Seq Scan", "Parent Relationship": "Outer", "Relation Name": "company_type", "Alias": "ct", "Startup Cost": 0.0, "Total Cost": 1.04, "Plan Rows": 1, "Plan Width": 4, "Filter": "((kind)::text = 'production companies'::text)"}, {"Node Type": "Hash Join", "Parent Relationship": "Inner", "Join Type": "Inner", "Startup Cost": 72710.72, "Total Cost": 117733.51, "Plan Rows": 6, "Plan Width": 33, "Inner Unique": true, "Hash Cond": "(mc.movie_id = t.id)", "Plans": [{"Node Type": "Seq Scan", "Parent Relationship": "Outer", "Relation Name": "movie_companies", "Alias": "mc", "Startup Cost": 0.0, "Total Cost": 41817.28, "Plan Rows": 1269486, "Plan Width": 12, "Filter": "(note IS NULL), (LLVM Optimized)"}, {"Node Type": "Hash", "Parent Relationship": "Inner", "Startup Cost": 72710.67, "Total Cost": 72710.67, "Plan Rows": 4, "Plan Width": 21, "Plans": [{"Node Type": "Seq Scan", "Parent Relationship": "Outer", "Relation Name": "title", "Alias": "t", "Startup Cost": 0.0, "Total Cost": 72710.67, "Plan Rows": 4, "Plan Width": 21, "Filter": "(((title)::text ~~ '%Money%'::text) AND (production_year = 1998))"}]}]}]}]}]}, {"Node Type": "Seq Scan", "Parent Relationship": "Inner", "Relation Name": "company_name", "Alias": "cn", "Startup Cost": 0.0, "Total Cost": 7078.43, "Plan Rows": 57599, "Plan Width": 23, "Filter": "(((country_code)::text <> '[pl]'::text) AND (((name)::text ~~ '%Film%'::text) OR ((name)::text ~~ '%Warner%'::text)))"}]}, {"Node Type": "Seq Scan", "Parent Relationship": "Inner", "Relation Name": "movie_link", "Alias": "ml", "Startup Cost": 0.0, "Total Cost": 430.96, "Plan Rows": 29996, "Plan Width": 8}]}, {"Node Type": "Seq Scan", "Parent Relationship": "Inner", "Relation Name": "link_type", "Alias": "lt", "Startup Cost": 0.0, "Total Cost": 1.21, "Plan Rows": 1, "Plan Width": 16, "Filter": "((link)::text ~~ '%follows%'::text)"}]}]}, "Unique SQL Id": 4121279504}, "explain_analyze_plan": null}, "(1, 43)": {"explain_plan": {"Plan": {"Node Type": "Aggregate", "Strategy": "Plain", "Startup Cost": 8000025305535.09, "Total Cost": 8000025305535.1, "Plan Rows": 1, "Plan Width": 144, "Plans": [{"Node Type": "Nested Loop", "Parent Relationship": "Outer", "Join Type": "Inner", "Startup Cost": 80000000000.0, "Total Cost": 8000025305535.08, "Plan Rows": 1, "Plan Width": 48, "Inner Unique": true, "Join Filter": "(mc.company_type_id = ct.id)", "Plans": [{"Node Type": "Nested Loop", "Parent Relationship": "Outer", "Join Type": "Inner", "Startup Cost": 70000000000.0, "Total Cost": 7000025304304.82, "Plan Rows": 1, "Plan Width": 52, "Inner Unique": true, "Plans": [{"Node Type": "Nested Loop", "Parent Relationship": "Outer", "Join Type": "Inner", "Startup Cost": 60000000000.0, "Total Cost": 6000025304276.0, "Plan Rows": 1, "Plan Width": 37, "Inner Unique": true, "Join Filter": "(ml.movie_id = t.id)", "Plans": [{"Node Type": "Nested Loop", "Parent Relationship": "Outer", "Join Type": "Inner", "Startup Cost": 50000000000.0, "Total Cost": 5000025304244.59, "Plan Rows": 1, "Plan Width": 32, "Inner Unique": false, "Join Filter": "(ml.movie_id = mc.movie_id)", "Plans": [{"Node Type": "Index Scan", "Parent Relationship": "Outer", "Scan Direction": "Forward", "Index Name": "company_type_id_movie_companies", "Relation Name": "movie_companies", "Alias": "mc", "Startup Cost": 10000000000.0, "Total Cost": 1000009318217.0, "Plan Rows": 1269486, "Plan Width": 12, "Filter": "(note IS NULL), (LLVM Optimized)"}, {"Node Type": "Materialize", "Parent Relationship": "Inner", "Startup Cost": 40000000000.0, "Total Cost": 4000015795604.72, "Plan Rows": 10, "Plan Width": 20, "Plans": [{"Node Type": "Nested Loop", "Parent Relationship": "Outer", "Join Type": "Inner", "Startup Cost": 40000000000.0, "Total Cost": 4000015795604.67, "Plan Rows": 10, "Plan Width": 20, "Inner Unique": false, "Join Filter": "(mk.movie_id = ml.movie_id)", "Plans": [{"Node Type": "Nested Loop", "Parent Relationship": "Outer", "Join Type": "Inner", "Startup Cost": 20000000000.0, "Total Cost": 2000015686764.79, "Plan Rows": 33, "Plan Width": 4, "Inner Unique": true, "Join Filter": "(k.id = mk.keyword_id)", "Plans": [{"Node Type": "Index Scan", "Parent Relationship": "Outer", "Scan Direction": "Forward", "Index Name": "movie_id_movie_keyword", "Relation Name": "movie_keyword", "Alias": "mk", "Startup Cost": 10000000000.0, "Total Cost": 1000015300634.17, "Plan Rows": 4523929, "Plan Width": 8}, {"Node Type": "Materialize", "Parent Relationship": "Inner", "Startup Cost": 10000000000.0, "Total Cost": 1000000318271.69, "Plan Rows": 1, "Plan Width": 4, "Plans": [{"Node Type": "Index Scan", "Parent Relationship": "Outer", "Scan Direction": "Forward", "Index Name": "keyword_pkey", "Relation Name": "keyword", "Alias": "k", "Startup Cost": 10000000000.0, "Total Cost": 1000000318271.68, "Plan Rows": 1, "Plan Width": 4, "Filter": "((keyword)::text = 'sequel'::text)"}]}]}, {"Node Type": "Materialize", "Parent Relationship": "Inner", "Startup Cost": 20000000000.0, "Total Cost": 2000000107916.44, "Plan Rows": 1875, "Plan Width": 16, "Plans": [{"Node Type": "Nested Loop", "Parent Relationship": "Outer", "Join Type": "Inner", "Startup Cost": 20000000000.0, "Total Cost": 2000000107907.07, "Plan Rows": 1875, "Plan Width": 16, "Inner Unique": true, "Join Filter": "(lt.id = ml.link_type_id)", "Plans": [{"Node Type": "Index Scan", "Parent Relationship": "Outer", "Scan Direction": "Forward", "Index Name": "movie_id_movie_link", "Relation Name": "movie_link", "Alias": "ml", "Startup Cost": 10000000000.0, "Total Cost": 1000000106202.37, "Plan Rows": 29996, "Plan Width": 8}, {"Node Type": "Materialize", "Parent Relationship": "Inner", "Startup Cost": 10000000000.0, "Total Cost": 1000000001254.76, "Plan Rows": 1, "Plan Width": 16, "Plans": [{"Node Type": "Index Scan", "Parent Relationship": "Outer", "Scan Direction": "Forward", "Index Name": "link_type_pkey", "Relation Name": "link_type", "Alias": "lt", "Startup Cost": 10000000000.0, "Total Cost": 1000000001254.75, "Plan Rows": 1, "Plan Width": 16, "Filter": "((link)::text ~~ '%follows%'::text)"}]}]}]}]}]}]}, {"Node Type": "Index Scan", "Parent Relationship": "Inner", "Scan Direction": "Forward", "Index Name": "title_pkey", "Relation Name": "title", "Alias": "t", "Startup Cost": 10000000000.0, "Total Cost": 1000000000031.39, "Plan Rows": 1, "Plan Width": 21, "Index Cond": "(id = mk.movie_id)", "Filter": "(((title)::text ~~ '%Money%'::text) AND (production_year = 1998))"}]}, {"Node Type": "Index Scan", "Parent Relationship": "Inner", "Scan Direction": "Forward", "Index Name": "company_name_pkey", "Relation Name": "company_name", "Alias": "cn", "Startup Cost": 10000000000.0, "Total Cost": 1000000000028.81, "Plan Rows": 1, "Plan Width": 23, "Index Cond": "(id = mc.company_id)", "Filter": "(((country_code)::text <> '[pl]'::text) AND (((name)::text ~~ '%Film%'::text) OR ((name)::text ~~ '%Warner%'::text)))"}]}, {"Node Type": "Index Scan", "Parent Relationship": "Inner", "Scan Direction": "Forward", "Index Name": "company_type_pkey", "Relation Name": "company_type", "Alias": "ct", "Startup Cost": 10000000000.0, "Total Cost": 1000000001230.25, "Plan Rows": 1, "Plan Width": 4, "Filter": "((kind)::text = 'production companies'::text)"}]}]}, "Unique SQL Id": 4121279504}, "explain_analyze_plan": null}, "(1, 44)": {"explain_plan": {"Plan": {"Node Type": "Aggregate", "Strategy": "Plain", "Startup Cost": 2585.63, "Total Cost": 2585.64, "Plan Rows": 1, "Plan Width": 144, "Plans": [{"Node Type": "Nested Loop", "Parent Relationship": "Outer", "Join Type": "Inner", "Startup Cost": 0.0, "Total Cost": 2585.62, "Plan Rows": 1, "Plan Width": 48, "Inner Unique": true, "Plans": [{"Node Type": "Nested Loop", "Parent Relationship": "Outer", "Join Type": "Inner", "Startup Cost": 0.0, "Total Cost": 2585.34, "Plan Rows": 1, "Plan Width": 40, "Inner Unique": false, "Join Filter": "(t.id = ml.movie_id)", "Plans": [{"Node Type": "Nested Loop", "Parent Relationship": "Outer", "Join Type": "Inner", "Startup Cost": 0.0, "Total Cost": 2584.93, "Plan Rows": 1, "Plan Width": 48, "Inner Unique": true, "Plans": [{"Node Type": "Nested Loop", "Parent Relationship": "Outer", "Join Type": "Inner", "Startup Cost": 0.0, "Total Cost": 2584.64, "Plan Rows": 1, "Plan Width": 52, "Inner Unique": true, "Plans": [{"Node Type": "Nested Loop", "Parent Relationship": "Outer", "Join Type": "Inner", "Startup Cost": 0.0, "Total Cost": 2584.35, "Plan Rows": 1, "Plan Width": 37, "Inner Unique": false, "Join Filter": "(t.id = mc.movie_id)", "Plans": [{"Node Type": "Nested Loop", "Parent Relationship": "Outer", "Join Type": "Inner", "Startup Cost": 0.0, "Total Cost": 2584.01, "Plan Rows": 1, "Plan Width": 25, "Inner Unique": true, "Plans": [{"Node Type": "Nested Loop", "Parent Relationship": "Outer", "Join Type": "Inner", "Startup Cost": 0.0, "Total Cost": 2573.32, "Plan Rows": 33, "Plan Width": 4, "Inner Unique": false, "Plans": [{"Node Type": "Seq Scan", "Parent Relationship": "Outer", "Relation Name": "keyword", "Alias": "k", "Startup Cost": 0.0, "Total Cost": 2436.11, "Plan Rows": 1, "Plan Width": 4, "Filter": "((keyword)::text = 'sequel'::text)"}, {"Node Type": "Index Scan", "Parent Relationship": "Inner", "Scan Direction": "Forward", "Index Name": "keyword_id_movie_keyword", "Relation Name": "movie_keyword", "Alias": "mk", "Startup Cost": 0.0, "Total Cost": 136.88, "Plan Rows": 33, "Plan Width": 8, "Index Cond": "(keyword_id = k.id)"}]}, {"Node Type": "Index Scan", "Parent Relationship": "Inner", "Scan Direction": "Forward", "Index Name": "title_pkey", "Relation Name": "title", "Alias": "t", "Startup Cost": 0.0, "Total Cost": 0.31, "Plan Rows": 1, "Plan Width": 21, "Index Cond": "(id = mk.movie_id)", "Filter": "(((title)::text ~~ '%Money%'::text) AND (production_year = 1998))"}]}, {"Node Type": "Index Scan", "Parent Relationship": "Inner", "Scan Direction": "Forward", "Index Name": "movie_id_movie_companies", "Relation Name": "movie_companies", "Alias": "mc", "Startup Cost": 0.0, "Total Cost": 0.31, "Plan Rows": 2, "Plan Width": 12, "Index Cond": "(movie_id = mk.movie_id)", "Filter": "(note IS NULL)"}]}, {"Node Type": "Index Scan", "Parent Relationship": "Inner", "Scan Direction": "Forward", "Index Name": "company_name_pkey", "Relation Name": "company_name", "Alias": "cn", "Startup Cost": 0.0, "Total Cost": 0.29, "Plan Rows": 1, "Plan Width": 23, "Index Cond": "(id = mc.company_id)", "Filter": "(((country_code)::text <> '[pl]'::text) AND (((name)::text ~~ '%Film%'::text) OR ((name)::text ~~ '%Warner%'::text)))"}]}, {"Node Type": "Index Scan", "Parent Relationship": "Inner", "Scan Direction": "Forward", "Index Name": "company_type_pkey", "Relation Name": "company_type", "Alias": "ct", "Startup Cost": 0.0, "Total Cost": 0.27, "Plan Rows": 1, "Plan Width": 4, "Index Cond": "(id = mc.company_type_id)", "Filter": "((kind)::text = 'production companies'::text)"}]}, {"Node Type": "Index Scan", "Parent Relationship": "Inner", "Scan Direction": "Forward", "Index Name": "movie_id_movie_link", "Relation Name": "movie_link", "Alias": "ml", "Startup Cost": 0.0, "Total Cost": 0.35, "Plan Rows": 5, "Plan Width": 8, "Index Cond": "(movie_id = mk.movie_id)"}]}, {"Node Type": "Index Scan", "Parent Relationship": "Inner", "Scan Direction": "Forward", "Index Name": "link_type_pkey", "Relation Name": "link_type", "Alias": "lt", "Startup Cost": 0.0, "Total Cost": 0.27, "Plan Rows": 1, "Plan Width": 16, "Index Cond": "(id = ml.link_type_id)", "Filter": "((link)::text ~~ '%follows%'::text)"}]}]}, "Unique SQL Id": 4121279504}, "explain_analyze_plan": {"Plan": {"Node Type": "Aggregate", "Strategy": "Plain", "Startup Cost": 2585.63, "Total Cost": 2585.64, "Plan Rows": 1, "Plan Width": 144, "Actual Startup Time": 103.23, "Actual Total Time": 103.23, "Actual Rows": 1, "Actual Loops": 1, "Plans": [{"Node Type": "Nested Loop", "Parent Relationship": "Outer", "Join Type": "Inner", "Startup Cost": 0.0, "Total Cost": 2585.62, "Plan Rows": 1, "Plan Width": 48, "Actual Startup Time": 103.221, "Actual Total Time": 103.221, "Actual Rows": 0, "Actual Loops": 1, "Inner Unique": true, "Plans": [{"Node Type": "Nested Loop", "Parent Relationship": "Outer", "Join Type": "Inner", "Startup Cost": 0.0, "Total Cost": 2585.34, "Plan Rows": 1, "Plan Width": 40, "Actual Startup Time": 2.61, "Actual Total Time": 103.138, "Actual Rows": 38, "Actual Loops": 1, "Inner Unique": false, "Join Filter": "(t.id = ml.movie_id)", "Rows Removed by Join Filter": 0, "Plans": [{"Node Type": "Nested Loop", "Parent Relationship": "Outer", "Join Type": "Inner", "Startup Cost": 0.0, "Total Cost": 2584.93, "Plan Rows": 1, "Plan Width": 48, "Actual Startup Time": 2.599, "Actual Total Time": 103.092, "Actual Rows": 2, "Actual Loops": 1, "Inner Unique": true, "Plans": [{"Node Type": "Nested Loop", "Parent Relationship": "Outer", "Join Type": "Inner", "Startup Cost": 0.0, "Total Cost": 2584.64, "Plan Rows": 1, "Plan Width": 52, "Actual Startup Time": 2.592, "Actual Total Time": 103.081, "Actual Rows": 2, "Actual Loops": 1, "Inner Unique": true, "Plans": [{"Node Type": "Nested Loop", "Parent Relationship": "Outer", "Join Type": "Inner", "Startup Cost": 0.0, "Total Cost": 2584.35, "Plan Rows": 1, "Plan Width": 37, "Actual Startup Time": 2.578, "Actual Total Time": 103.051, "Actual Rows": 3, "Actual Loops": 1, "Inner Unique": false, "Join Filter": "(t.id = mc.movie_id)", "Rows Removed by Join Filter": 0, "Plans": [{"Node Type": "Nested Loop", "Parent Relationship": "Outer", "Join Type": "Inner", "Startup Cost": 0.0, "Total Cost": 2584.01, "Plan Rows": 1, "Plan Width": 25, "Actual Startup Time": 2.565, "Actual Total Time": 103.035, "Actual Rows": 1, "Actual Loops": 1, "Inner Unique": true, "Plans": [{"Node Type": "Nested Loop", "Parent Relationship": "Outer", "Join Type": "Inner", "Startup Cost": 0.0, "Total Cost": 2573.32, "Plan Rows": 33, "Plan Width": 4, "Actual Startup Time": 2.328, "Actual Total Time": 53.899, "Actual Rows": 10544, "Actual Loops": 1, "Inner Unique": false, "Plans": [{"Node Type": "Seq Scan", "Parent Relationship": "Outer", "Relation Name": "keyword", "Alias": "k", "Startup Cost": 0.0, "Total Cost": 2436.11, "Plan Rows": 1, "Plan Width": 4, "Actual Startup Time": 2.291, "Actual Total Time": 40.813, "Actual Rows": 1, "Actual Loops": 1, "Filter": "((keyword)::text = 'sequel'::text)", "Rows Removed by Filter": 134168}, {"Node Type": "Index Scan", "Parent Relationship": "Inner", "Scan Direction": "Forward", "Index Name": "keyword_id_movie_keyword", "Relation Name": "movie_keyword", "Alias": "mk", "Startup Cost": 0.0, "Total Cost": 136.88, "Plan Rows": 33, "Plan Width": 8, "Actual Startup Time": 0.031, "Actual Total Time": 10.818, "Actual Rows": 10544, "Actual Loops": 1, "Index Cond": "(keyword_id = k.id)", "Rows Removed by Index Recheck": 0}]}, {"Node Type": "Index Scan", "Parent Relationship": "Inner", "Scan Direction": "Forward", "Index Name": "title_pkey", "Relation Name": "title", "Alias": "t", "Startup Cost": 0.0, "Total Cost": 0.31, "Plan Rows": 1, "Plan Width": 21, "Actual Startup Time": 43.968, "Actual Total Time": 43.968, "Actual Rows": 1, "Actual Loops": 10544, "Index Cond": "(id = mk.movie_id)", "Rows Removed by Index Recheck": 0, "Filter": "(((title)::text ~~ '%Money%'::text) AND (production_year = 1998))", "Rows Removed by Filter": 10543}]}, {"Node Type": "Index Scan", "Parent Relationship": "Inner", "Scan Direction": "Forward", "Index Name": "movie_id_movie_companies", "Relation Name": "movie_companies", "Alias": "mc", "Startup Cost": 0.0, "Total Cost": 0.31, "Plan Rows": 2, "Plan Width": 12, "Actual Startup Time": 0.01, "Actual Total Time": 0.013, "Actual Rows": 3, "Actual Loops": 1, "Index Cond": "(movie_id = mk.movie_id)", "Rows Removed by Index Recheck": 0, "Filter": "(note IS NULL)", "Rows Removed by Filter": 1}]}, {"Node Type": "Index Scan", "Parent Relationship": "Inner", "Scan Direction": "Forward", "Index Name": "company_name_pkey", "Relation Name": "company_name", "Alias": "cn", "Startup Cost": 0.0, "Total Cost": 0.29, "Plan Rows": 1, "Plan Width": 23, "Actual Startup Time": 0.025, "Actual Total Time": 0.025, "Actual Rows": 2, "Actual Loops": 3, "Index Cond": "(id = mc.company_id)", "Rows Removed by Index Recheck": 0, "Filter": "(((country_code)::text <> '[pl]'::text) AND (((name)::text ~~ '%Film%'::text) OR ((name)::text ~~ '%Warner%'::text)))", "Rows Removed by Filter": 1}]}, {"Node Type": "Index Scan", "Parent Relationship": "Inner", "Scan Direction": "Forward", "Index Name": "company_type_pkey", "Relation Name": "company_type", "Alias": "ct", "Startup Cost": 0.0, "Total Cost": 0.27, "Plan Rows": 1, "Plan Width": 4, "Actual Startup Time": 0.007, "Actual Total Time": 0.007, "Actual Rows": 2, "Actual Loops": 2, "Index Cond": "(id = mc.company_type_id)", "Rows Removed by Index Recheck": 0, "Filter": "((kind)::text = 'production companies'::text)", "Rows Removed by Filter": 0}]}, {"Node Type": "Index Scan", "Parent Relationship": "Inner", "Scan Direction": "Forward", "Index Name": "movie_id_movie_link", "Relation Name": "movie_link", "Alias": "ml", "Startup Cost": 0.0, "Total Cost": 0.35, "Plan Rows": 5, "Plan Width": 8, "Actual Startup Time": 0.012, "Actual Total Time": 0.024, "Actual Rows": 38, "Actual Loops": 2, "Index Cond": "(movie_id = mk.movie_id)", "Rows Removed by Index Recheck": 0}]}, {"Node Type": "Index Scan", "Parent Relationship": "Inner", "Scan Direction": "Forward", "Index Name": "link_type_pkey", "Relation Name": "link_type", "Alias": "lt", "Startup Cost": 0.0, "Total Cost": 0.27, "Plan Rows": 1, "Plan Width": 16, "Actual Startup Time": 0.064, "Actual Total Time": 0.064, "Actual Rows": 0, "Actual Loops": 38, "Index Cond": "(id = ml.link_type_id)", "Rows Removed by Index Recheck": 0, "Filter": "((link)::text ~~ '%follows%'::text)", "Rows Removed by Filter": 24}]}]}, "Triggers": [], "Planner Runtime": 62.455, "Total Runtime": 103.577, "Unique SQL Id": 4121279504}}, "(1, 45)": {"explain_plan": {"Plan": {"Node Type": "Aggregate", "Strategy": "Plain", "Startup Cost": 3332.23, "Total Cost": 3332.24, "Plan Rows": 1, "Plan Width": 144, "Plans": [{"Node Type": "Nested Loop", "Parent Relationship": "Outer", "Join Type": "Inner", "Startup Cost": 0.0, "Total Cost": 3332.23, "Plan Rows": 1, "Plan Width": 48, "Inner Unique": true, "Plans": [{"Node Type": "Nested Loop", "Parent Relationship": "Outer", "Join Type": "Inner", "Startup Cost": 0.0, "Total Cost": 3331.94, "Plan Rows": 1, "Plan Width": 40, "Inner Unique": false, "Join Filter": "(t.id = ml.movie_id)", "Plans": [{"Node Type": "Nested Loop", "Parent Relationship": "Outer", "Join Type": "Inner", "Startup Cost": 0.0, "Total Cost": 3331.53, "Plan Rows": 1, "Plan Width": 48, "Inner Unique": true, "Plans": [{"Node Type": "Nested Loop", "Parent Relationship": "Outer", "Join Type": "Inner", "Startup Cost": 0.0, "Total Cost": 3331.25, "Plan Rows": 1, "Plan Width": 52, "Inner Unique": true, "Plans": [{"Node Type": "Nested Loop", "Parent Relationship": "Outer", "Join Type": "Inner", "Startup Cost": 0.0, "Total Cost": 3330.95, "Plan Rows": 1, "Plan Width": 37, "Inner Unique": false, "Join Filter": "(t.id = mc.movie_id)", "Plans": [{"Node Type": "Nested Loop", "Parent Relationship": "Outer", "Join Type": "Inner", "Startup Cost": 0.0, "Total Cost": 3330.61, "Plan Rows": 1, "Plan Width": 25, "Inner Unique": true, "Plans": [{"Node Type": "Nested Loop", "Parent Relationship": "Outer", "Join Type": "Inner", "Startup Cost": 0.0, "Total Cost": 3319.92, "Plan Rows": 33, "Plan Width": 4, "Inner Unique": false, "Plans": [{"Node Type": "Index Scan", "Parent Relationship": "Outer", "Scan Direction": "Forward", "Index Name": "keyword_pkey", "Relation Name": "keyword", "Alias": "k", "Startup Cost": 0.0, "Total Cost": 3182.72, "Plan Rows": 1, "Plan Width": 4, "Filter": "((keyword)::text = 'sequel'::text)"}, {"Node Type": "Index Scan", "Parent Relationship": "Inner", "Scan Direction": "Forward", "Index Name": "keyword_id_movie_keyword", "Relation Name": "movie_keyword", "Alias": "mk", "Startup Cost": 0.0, "Total Cost": 136.88, "Plan Rows": 33, "Plan Width": 8, "Index Cond": "(keyword_id = k.id)"}]}, {"Node Type": "Index Scan", "Parent Relationship": "Inner", "Scan Direction": "Forward", "Index Name": "title_pkey", "Relation Name": "title", "Alias": "t", "Startup Cost": 0.0, "Total Cost": 0.31, "Plan Rows": 1, "Plan Width": 21, "Index Cond": "(id = mk.movie_id)", "Filter": "(((title)::text ~~ '%Money%'::text) AND (production_year = 1998))"}]}, {"Node Type": "Index Scan", "Parent Relationship": "Inner", "Scan Direction": "Forward", "Index Name": "movie_id_movie_companies", "Relation Name": "movie_companies", "Alias": "mc", "Startup Cost": 0.0, "Total Cost": 0.31, "Plan Rows": 2, "Plan Width": 12, "Index Cond": "(movie_id = mk.movie_id)", "Filter": "(note IS NULL)"}]}, {"Node Type": "Index Scan", "Parent Relationship": "Inner", "Scan Direction": "Forward", "Index Name": "company_name_pkey", "Relation Name": "company_name", "Alias": "cn", "Startup Cost": 0.0, "Total Cost": 0.29, "Plan Rows": 1, "Plan Width": 23, "Index Cond": "(id = mc.company_id)", "Filter": "(((country_code)::text <> '[pl]'::text) AND (((name)::text ~~ '%Film%'::text) OR ((name)::text ~~ '%Warner%'::text)))"}]}, {"Node Type": "Index Scan", "Parent Relationship": "Inner", "Scan Direction": "Forward", "Index Name": "company_type_pkey", "Relation Name": "company_type", "Alias": "ct", "Startup Cost": 0.0, "Total Cost": 0.27, "Plan Rows": 1, "Plan Width": 4, "Index Cond": "(id = mc.company_type_id)", "Filter": "((kind)::text = 'production companies'::text)"}]}, {"Node Type": "Index Scan", "Parent Relationship": "Inner", "Scan Direction": "Forward", "Index Name": "movie_id_movie_link", "Relation Name": "movie_link", "Alias": "ml", "Startup Cost": 0.0, "Total Cost": 0.35, "Plan Rows": 5, "Plan Width": 8, "Index Cond": "(movie_id = mk.movie_id)"}]}, {"Node Type": "Index Scan", "Parent Relationship": "Inner", "Scan Direction": "Forward", "Index Name": "link_type_pkey", "Relation Name": "link_type", "Alias": "lt", "Startup Cost": 0.0, "Total Cost": 0.27, "Plan Rows": 1, "Plan Width": 16, "Index Cond": "(id = ml.link_type_id)", "Filter": "((link)::text ~~ '%follows%'::text)"}]}]}, "Unique SQL Id": 4121279504}, "explain_analyze_plan": {"Plan": {"Node Type": "Aggregate", "Strategy": "Plain", "Startup Cost": 3332.23, "Total Cost": 3332.24, "Plan Rows": 1, "Plan Width": 144, "Actual Startup Time": 176.653, "Actual Total Time": 176.654, "Actual Rows": 1, "Actual Loops": 1, "Plans": [{"Node Type": "Nested Loop", "Parent Relationship": "Outer", "Join Type": "Inner", "Startup Cost": 0.0, "Total Cost": 3332.23, "Plan Rows": 1, "Plan Width": 48, "Actual Startup Time": 176.642, "Actual Total Time": 176.642, "Actual Rows": 0, "Actual Loops": 1, "Inner Unique": true, "Plans": [{"Node Type": "Nested Loop", "Parent Relationship": "Outer", "Join Type": "Inner", "Startup Cost": 0.0, "Total Cost": 3331.94, "Plan Rows": 1, "Plan Width": 40, "Actual Startup Time": 0.743, "Actual Total Time": 176.562, "Actual Rows": 38, "Actual Loops": 1, "Inner Unique": false, "Join Filter": "(t.id = ml.movie_id)", "Rows Removed by Join Filter": 0, "Plans": [{"Node Type": "Nested Loop", "Parent Relationship": "Outer", "Join Type": "Inner", "Startup Cost": 0.0, "Total Cost": 3331.53, "Plan Rows": 1, "Plan Width": 48, "Actual Startup Time": 0.732, "Actual Total Time": 176.514, "Actual Rows": 2, "Actual Loops": 1, "Inner Unique": true, "Plans": [{"Node Type": "Nested Loop", "Parent Relationship": "Outer", "Join Type": "Inner", "Startup Cost": 0.0, "Total Cost": 3331.25, "Plan Rows": 1, "Plan Width": 52, "Actual Startup Time": 0.727, "Actual Total Time": 176.504, "Actual Rows": 2, "Actual Loops": 1, "Inner Unique": true, "Plans": [{"Node Type": "Nested Loop", "Parent Relationship": "Outer", "Join Type": "Inner", "Startup Cost": 0.0, "Total Cost": 3330.95, "Plan Rows": 1, "Plan Width": 37, "Actual Startup Time": 0.713, "Actual Total Time": 176.476, "Actual Rows": 3, "Actual Loops": 1, "Inner Unique": false, "Join Filter": "(t.id = mc.movie_id)", "Rows Removed by Join Filter": 0, "Plans": [{"Node Type": "Nested Loop", "Parent Relationship": "Outer", "Join Type": "Inner", "Startup Cost": 0.0, "Total Cost": 3330.61, "Plan Rows": 1, "Plan Width": 25, "Actual Startup Time": 0.696, "Actual Total Time": 176.455, "Actual Rows": 1, "Actual Loops": 1, "Inner Unique": true, "Plans": [{"Node Type": "Nested Loop", "Parent Relationship": "Outer", "Join Type": "Inner", "Startup Cost": 0.0, "Total Cost": 3319.92, "Plan Rows": 33, "Plan Width": 4, "Actual Startup Time": 0.47, "Actual Total Time": 126.57, "Actual Rows": 10544, "Actual Loops": 1, "Inner Unique": false, "Plans": [{"Node Type": "Index Scan", "Parent Relationship": "Outer", "Scan Direction": "Forward", "Index Name": "keyword_pkey", "Relation Name": "keyword", "Alias": "k", "Startup Cost": 0.0, "Total Cost": 3182.72, "Plan Rows": 1, "Plan Width": 4, "Actual Startup Time": 0.438, "Actual Total Time": 113.411, "Actual Rows": 1, "Actual Loops": 1, "Filter": "((keyword)::text = 'sequel'::text)", "Rows Removed by Filter": 134168}, {"Node Type": "Index Scan", "Parent Relationship": "Inner", "Scan Direction": "Forward", "Index Name": "keyword_id_movie_keyword", "Relation Name": "movie_keyword", "Alias": "mk", "Startup Cost": 0.0, "Total Cost": 136.88, "Plan Rows": 33, "Plan Width": 8, "Actual Startup Time": 0.027, "Actual Total Time": 10.895, "Actual Rows": 10544, "Actual Loops": 1, "Index Cond": "(keyword_id = k.id)", "Rows Removed by Index Recheck": 0}]}, {"Node Type": "Index Scan", "Parent Relationship": "Inner", "Scan Direction": "Forward", "Index Name": "title_pkey", "Relation Name": "title", "Alias": "t", "Startup Cost": 0.0, "Total Cost": 0.31, "Plan Rows": 1, "Plan Width": 21, "Actual Startup Time": 44.568, "Actual Total Time": 44.568, "Actual Rows": 1, "Actual Loops": 10544, "Index Cond": "(id = mk.movie_id)", "Rows Removed by Index Recheck": 0, "Filter": "(((title)::text ~~ '%Money%'::text) AND (production_year = 1998))", "Rows Removed by Filter": 10543}]}, {"Node Type": "Index Scan", "Parent Relationship": "Inner", "Scan Direction": "Forward", "Index Name": "movie_id_movie_companies", "Relation Name": "movie_companies", "Alias": "mc", "Startup Cost": 0.0, "Total Cost": 0.31, "Plan Rows": 2, "Plan Width": 12, "Actual Startup Time": 0.011, "Actual Total Time": 0.013, "Actual Rows": 3, "Actual Loops": 1, "Index Cond": "(movie_id = mk.movie_id)", "Rows Removed by Index Recheck": 0, "Filter": "(note IS NULL)", "Rows Removed by Filter": 1}]}, {"Node Type": "Index Scan", "Parent Relationship": "Inner", "Scan Direction": "Forward", "Index Name": "company_name_pkey", "Relation Name": "company_name", "Alias": "cn", "Startup Cost": 0.0, "Total Cost": 0.29, "Plan Rows": 1, "Plan Width": 23, "Actual Startup Time": 0.022, "Actual Total Time": 0.022, "Actual Rows": 2, "Actual Loops": 3, "Index Cond": "(id = mc.company_id)", "Rows Removed by Index Recheck": 0, "Filter": "(((country_code)::text <> '[pl]'::text) AND (((name)::text ~~ '%Film%'::text) OR ((name)::text ~~ '%Warner%'::text)))", "Rows Removed by Filter": 1}]}, {"Node Type": "Index Scan", "Parent Relationship": "Inner", "Scan Direction": "Forward", "Index Name": "company_type_pkey", "Relation Name": "company_type", "Alias": "ct", "Startup Cost": 0.0, "Total Cost": 0.27, "Plan Rows": 1, "Plan Width": 4, "Actual Startup Time": 0.006, "Actual Total Time": 0.006, "Actual Rows": 2, "Actual Loops": 2, "Index Cond": "(id = mc.company_type_id)", "Rows Removed by Index Recheck": 0, "Filter": "((kind)::text = 'production companies'::text)", "Rows Removed by Filter": 0}]}, {"Node Type": "Index Scan", "Parent Relationship": "Inner", "Scan Direction": "Forward", "Index Name": "movie_id_movie_link", "Relation Name": "movie_link", "Alias": "ml", "Startup Cost": 0.0, "Total Cost": 0.35, "Plan Rows": 5, "Plan Width": 8, "Actual Startup Time": 0.011, "Actual Total Time": 0.025, "Actual Rows": 38, "Actual Loops": 2, "Index Cond": "(movie_id = mk.movie_id)", "Rows Removed by Index Recheck": 0}]}, {"Node Type": "Index Scan", "Parent Relationship": "Inner", "Scan Direction": "Forward", "Index Name": "link_type_pkey", "Relation Name": "link_type", "Alias": "lt", "Startup Cost": 0.0, "Total Cost": 0.27, "Plan Rows": 1, "Plan Width": 16, "Actual Startup Time": 0.063, "Actual Total Time": 0.063, "Actual Rows": 0, "Actual Loops": 38, "Index Cond": "(id = ml.link_type_id)", "Rows Removed by Index Recheck": 0, "Filter": "((link)::text ~~ '%follows%'::text)", "Rows Removed by Filter": 24}]}]}, "Triggers": [], "Planner Runtime": 56.535, "Total Runtime": 177.003, "Unique SQL Id": 4121279504}}, "(1, 46)": {"explain_plan": {"Plan": {"Node Type": "Aggregate", "Strategy": "Plain", "Startup Cost": 202558.51, "Total Cost": 202558.52, "Plan Rows": 1, "Plan Width": 144, "Plans": [{"Node Type": "Nested Loop", "Parent Relationship": "Outer", "Join Type": "Inner", "Startup Cost": 75146.84, "Total Cost": 202558.5, "Plan Rows": 1, "Plan Width": 48, "Inner Unique": true, "Join Filter": "(ml.link_type_id = lt.id)", "Plans": [{"Node Type": "Nested Loop", "Parent Relationship": "Outer", "Join Type": "Inner", "Startup Cost": 75146.84, "Total Cost": 202557.28, "Plan Rows": 1, "Plan Width": 40, "Inner Unique": false, "Join Filter": "(t.id = ml.movie_id)", "Plans": [{"Node Type": "Nested Loop", "Parent Relationship": "Outer", "Join Type": "Inner", "Startup Cost": 75146.84, "Total Cost": 201751.37, "Plan Rows": 1, "Plan Width": 48, "Inner Unique": true, "Join Filter": "(mc.company_id = cn.id)", "Plans": [{"Node Type": "Nested Loop", "Parent Relationship": "Outer", "Join Type": "Inner", "Startup Cost": 75146.84, "Total Cost": 193952.95, "Plan Rows": 1, "Plan Width": 33, "Inner Unique": false, "Join Filter": "(mk.movie_id = t.id)", "Plans": [{"Node Type": "Hash Join", "Parent Relationship": "Outer", "Join Type": "Inner", "Startup Cost": 2436.12, "Total Cost": 76215.84, "Plan Rows": 33, "Plan Width": 4, "Inner Unique": true, "Hash Cond": "(mk.keyword_id = k.id)", "Plans": [{"Node Type": "Seq Scan", "Parent Relationship": "Outer", "Relation Name": "movie_keyword", "Alias": "mk", "Startup Cost": 0.0, "Total Cost": 62441.29, "Plan Rows": 4523929, "Plan Width": 8}, {"Node Type": "Hash", "Parent Relationship": "Inner", "Startup Cost": 2436.11, "Total Cost": 2436.11, "Plan Rows": 1, "Plan Width": 4, "Plans": [{"Node Type": "Seq Scan", "Parent Relationship": "Outer", "Relation Name": "keyword", "Alias": "k", "Startup Cost": 0.0, "Total Cost": 2436.11, "Plan Rows": 1, "Plan Width": 4, "Filter": "((keyword)::text = 'sequel'::text)"}]}]}, {"Node Type": "Materialize", "Parent Relationship": "Inner", "Startup Cost": 72710.72, "Total Cost": 117734.64, "Plan Rows": 5, "Plan Width": 29, "Plans": [{"Node Type": "Nested Loop", "Parent Relationship": "Outer", "Join Type": "Inner", "Startup Cost": 72710.72, "Total Cost": 117734.62, "Plan Rows": 5, "Plan Width": 29, "Inner Unique": false, "Join Filter": "(mc.company_type_id = ct.id)", "Plans": [{"Node Type": "Seq Scan", "Parent Relationship": "Outer", "Relation Name": "company_type", "Alias": "ct", "Startup Cost": 0.0, "Total Cost": 1.04, "Plan Rows": 1, "Plan Width": 4, "Filter": "((kind)::text = 'production companies'::text)"}, {"Node Type": "Hash Join", "Parent Relationship": "Inner", "Join Type": "Inner", "Startup Cost": 72710.72, "Total Cost": 117733.51, "Plan Rows": 6, "Plan Width": 33, "Inner Unique": true, "Hash Cond": "(mc.movie_id = t.id)", "Plans": [{"Node Type": "Seq Scan", "Parent Relationship": "Outer", "Relation Name": "movie_companies", "Alias": "mc", "Startup Cost": 0.0, "Total Cost": 41817.28, "Plan Rows": 1269486, "Plan Width": 12, "Filter": "(note IS NULL), (LLVM Optimized)"}, {"Node Type": "Hash", "Parent Relationship": "Inner", "Startup Cost": 72710.67, "Total Cost": 72710.67, "Plan Rows": 4, "Plan Width": 21, "Plans": [{"Node Type": "Seq Scan", "Parent Relationship": "Outer", "Relation Name": "title", "Alias": "t", "Startup Cost": 0.0, "Total Cost": 72710.67, "Plan Rows": 4, "Plan Width": 21, "Filter": "(((title)::text ~~ '%Money%'::text) AND (production_year = 1998))"}]}]}]}]}]}, {"Node Type": "Seq Scan", "Parent Relationship": "Inner", "Relation Name": "company_name", "Alias": "cn", "Startup Cost": 0.0, "Total Cost": 7078.43, "Plan Rows": 57599, "Plan Width": 23, "Filter": "(((country_code)::text <> '[pl]'::text) AND (((name)::text ~~ '%Film%'::text) OR ((name)::text ~~ '%Warner%'::text)))"}]}, {"Node Type": "Seq Scan", "Parent Relationship": "Inner", "Relation Name": "movie_link", "Alias": "ml", "Startup Cost": 0.0, "Total Cost": 430.96, "Plan Rows": 29996, "Plan Width": 8}]}, {"Node Type": "Seq Scan", "Parent Relationship": "Inner", "Relation Name": "link_type", "Alias": "lt", "Startup Cost": 0.0, "Total Cost": 1.21, "Plan Rows": 1, "Plan Width": 16, "Filter": "((link)::text ~~ '%follows%'::text)"}]}]}, "Unique SQL Id": 4121279504}, "explain_analyze_plan": null}, "(1, 47)": {"explain_plan": {"Plan": {"Node Type": "Aggregate", "Strategy": "Plain", "Startup Cost": 8000025305535.09, "Total Cost": 8000025305535.1, "Plan Rows": 1, "Plan Width": 144, "Plans": [{"Node Type": "Nested Loop", "Parent Relationship": "Outer", "Join Type": "Inner", "Startup Cost": 80000000000.0, "Total Cost": 8000025305535.08, "Plan Rows": 1, "Plan Width": 48, "Inner Unique": true, "Join Filter": "(mc.company_type_id = ct.id)", "Plans": [{"Node Type": "Nested Loop", "Parent Relationship": "Outer", "Join Type": "Inner", "Startup Cost": 70000000000.0, "Total Cost": 7000025304304.82, "Plan Rows": 1, "Plan Width": 52, "Inner Unique": true, "Plans": [{"Node Type": "Nested Loop", "Parent Relationship": "Outer", "Join Type": "Inner", "Startup Cost": 60000000000.0, "Total Cost": 6000025304276.0, "Plan Rows": 1, "Plan Width": 37, "Inner Unique": true, "Join Filter": "(ml.movie_id = t.id)", "Plans": [{"Node Type": "Nested Loop", "Parent Relationship": "Outer", "Join Type": "Inner", "Startup Cost": 50000000000.0, "Total Cost": 5000025304244.59, "Plan Rows": 1, "Plan Width": 32, "Inner Unique": false, "Join Filter": "(ml.movie_id = mc.movie_id)", "Plans": [{"Node Type": "Index Scan", "Parent Relationship": "Outer", "Scan Direction": "Forward", "Index Name": "company_type_id_movie_companies", "Relation Name": "movie_companies", "Alias": "mc", "Startup Cost": 10000000000.0, "Total Cost": 1000009318217.0, "Plan Rows": 1269486, "Plan Width": 12, "Filter": "(note IS NULL), (LLVM Optimized)"}, {"Node Type": "Materialize", "Parent Relationship": "Inner", "Startup Cost": 40000000000.0, "Total Cost": 4000015795604.72, "Plan Rows": 10, "Plan Width": 20, "Plans": [{"Node Type": "Nested Loop", "Parent Relationship": "Outer", "Join Type": "Inner", "Startup Cost": 40000000000.0, "Total Cost": 4000015795604.67, "Plan Rows": 10, "Plan Width": 20, "Inner Unique": false, "Join Filter": "(mk.movie_id = ml.movie_id)", "Plans": [{"Node Type": "Nested Loop", "Parent Relationship": "Outer", "Join Type": "Inner", "Startup Cost": 20000000000.0, "Total Cost": 2000015686764.79, "Plan Rows": 33, "Plan Width": 4, "Inner Unique": true, "Join Filter": "(k.id = mk.keyword_id)", "Plans": [{"Node Type": "Index Scan", "Parent Relationship": "Outer", "Scan Direction": "Forward", "Index Name": "movie_id_movie_keyword", "Relation Name": "movie_keyword", "Alias": "mk", "Startup Cost": 10000000000.0, "Total Cost": 1000015300634.17, "Plan Rows": 4523929, "Plan Width": 8}, {"Node Type": "Materialize", "Parent Relationship": "Inner", "Startup Cost": 10000000000.0, "Total Cost": 1000000318271.69, "Plan Rows": 1, "Plan Width": 4, "Plans": [{"Node Type": "Index Scan", "Parent Relationship": "Outer", "Scan Direction": "Forward", "Index Name": "keyword_pkey", "Relation Name": "keyword", "Alias": "k", "Startup Cost": 10000000000.0, "Total Cost": 1000000318271.68, "Plan Rows": 1, "Plan Width": 4, "Filter": "((keyword)::text = 'sequel'::text)"}]}]}, {"Node Type": "Materialize", "Parent Relationship": "Inner", "Startup Cost": 20000000000.0, "Total Cost": 2000000107916.44, "Plan Rows": 1875, "Plan Width": 16, "Plans": [{"Node Type": "Nested Loop", "Parent Relationship": "Outer", "Join Type": "Inner", "Startup Cost": 20000000000.0, "Total Cost": 2000000107907.07, "Plan Rows": 1875, "Plan Width": 16, "Inner Unique": true, "Join Filter": "(lt.id = ml.link_type_id)", "Plans": [{"Node Type": "Index Scan", "Parent Relationship": "Outer", "Scan Direction": "Forward", "Index Name": "movie_id_movie_link", "Relation Name": "movie_link", "Alias": "ml", "Startup Cost": 10000000000.0, "Total Cost": 1000000106202.37, "Plan Rows": 29996, "Plan Width": 8}, {"Node Type": "Materialize", "Parent Relationship": "Inner", "Startup Cost": 10000000000.0, "Total Cost": 1000000001254.76, "Plan Rows": 1, "Plan Width": 16, "Plans": [{"Node Type": "Index Scan", "Parent Relationship": "Outer", "Scan Direction": "Forward", "Index Name": "link_type_pkey", "Relation Name": "link_type", "Alias": "lt", "Startup Cost": 10000000000.0, "Total Cost": 1000000001254.75, "Plan Rows": 1, "Plan Width": 16, "Filter": "((link)::text ~~ '%follows%'::text)"}]}]}]}]}]}]}, {"Node Type": "Index Scan", "Parent Relationship": "Inner", "Scan Direction": "Forward", "Index Name": "title_pkey", "Relation Name": "title", "Alias": "t", "Startup Cost": 10000000000.0, "Total Cost": 1000000000031.39, "Plan Rows": 1, "Plan Width": 21, "Index Cond": "(id = mk.movie_id)", "Filter": "(((title)::text ~~ '%Money%'::text) AND (production_year = 1998))"}]}, {"Node Type": "Index Scan", "Parent Relationship": "Inner", "Scan Direction": "Forward", "Index Name": "company_name_pkey", "Relation Name": "company_name", "Alias": "cn", "Startup Cost": 10000000000.0, "Total Cost": 1000000000028.81, "Plan Rows": 1, "Plan Width": 23, "Index Cond": "(id = mc.company_id)", "Filter": "(((country_code)::text <> '[pl]'::text) AND (((name)::text ~~ '%Film%'::text) OR ((name)::text ~~ '%Warner%'::text)))"}]}, {"Node Type": "Index Scan", "Parent Relationship": "Inner", "Scan Direction": "Forward", "Index Name": "company_type_pkey", "Relation Name": "company_type", "Alias": "ct", "Startup Cost": 10000000000.0, "Total Cost": 1000000001230.25, "Plan Rows": 1, "Plan Width": 4, "Filter": "((kind)::text = 'production companies'::text)"}]}]}, "Unique SQL Id": 4121279504}, "explain_analyze_plan": null}, "(1, 48)": {"explain_plan": {"Plan": {"Node Type": "Aggregate", "Strategy": "Plain", "Startup Cost": 2581.34, "Total Cost": 2581.35, "Plan Rows": 1, "Plan Width": 144, "Plans": [{"Node Type": "Nested Loop", "Parent Relationship": "Outer", "Join Type": "Inner", "Startup Cost": 4.51, "Total Cost": 2581.33, "Plan Rows": 1, "Plan Width": 48, "Inner Unique": true, "Plans": [{"Node Type": "Nested Loop", "Parent Relationship": "Outer", "Join Type": "Inner", "Startup Cost": 4.51, "Total Cost": 2581.05, "Plan Rows": 1, "Plan Width": 40, "Inner Unique": false, "Join Filter": "(t.id = ml.movie_id)", "Plans": [{"Node Type": "Nested Loop", "Parent Relationship": "Outer", "Join Type": "Inner", "Startup Cost": 4.51, "Total Cost": 2580.63, "Plan Rows": 1, "Plan Width": 48, "Inner Unique": true, "Plans": [{"Node Type": "Nested Loop", "Parent Relationship": "Outer", "Join Type": "Inner", "Startup Cost": 4.51, "Total Cost": 2580.35, "Plan Rows": 1, "Plan Width": 52, "Inner Unique": true, "Plans": [{"Node Type": "Nested Loop", "Parent Relationship": "Outer", "Join Type": "Inner", "Startup Cost": 4.51, "Total Cost": 2580.05, "Plan Rows": 1, "Plan Width": 37, "Inner Unique": false, "Join Filter": "(t.id = mc.movie_id)", "Plans": [{"Node Type": "Nested Loop", "Parent Relationship": "Outer", "Join Type": "Inner", "Startup Cost": 4.51, "Total Cost": 2579.71, "Plan Rows": 1, "Plan Width": 25, "Inner Unique": true, "Plans": [{"Node Type": "Nested Loop", "Parent Relationship": "Outer", "Join Type": "Inner", "Startup Cost": 4.51, "Total Cost": 2569.02, "Plan Rows": 33, "Plan Width": 4, "Inner Unique": false, "Plans": [{"Node Type": "Seq Scan", "Parent Relationship": "Outer", "Relation Name": "keyword", "Alias": "k", "Startup Cost": 0.0, "Total Cost": 2436.11, "Plan Rows": 1, "Plan Width": 4, "Filter": "((keyword)::text = 'sequel'::text)"}, {"Node Type": "Bitmap Heap Scan", "Parent Relationship": "Inner", "Relation Name": "movie_keyword", "Alias": "mk", "Startup Cost": 4.51, "Total Cost": 132.58, "Plan Rows": 33, "Plan Width": 8, "Recheck Cond": "(keyword_id = k.id)", "Plans": [{"Node Type": "Bitmap Index Scan", "Parent Relationship": "Outer", "Index Name": "keyword_id_movie_keyword", "Startup Cost": 0.0, "Total Cost": 4.5, "Plan Rows": 33, "Plan Width": 0, "Index Cond": "(keyword_id = k.id)"}]}]}, {"Node Type": "Index Scan", "Parent Relationship": "Inner", "Scan Direction": "Forward", "Index Name": "title_pkey", "Relation Name": "title", "Alias": "t", "Startup Cost": 0.0, "Total Cost": 0.31, "Plan Rows": 1, "Plan Width": 21, "Index Cond": "(id = mk.movie_id)", "Filter": "(((title)::text ~~ '%Money%'::text) AND (production_year = 1998))"}]}, {"Node Type": "Index Scan", "Parent Relationship": "Inner", "Scan Direction": "Forward", "Index Name": "movie_id_movie_companies", "Relation Name": "movie_companies", "Alias": "mc", "Startup Cost": 0.0, "Total Cost": 0.31, "Plan Rows": 2, "Plan Width": 12, "Index Cond": "(movie_id = mk.movie_id)", "Filter": "(note IS NULL)"}]}, {"Node Type": "Index Scan", "Parent Relationship": "Inner", "Scan Direction": "Forward", "Index Name": "company_name_pkey", "Relation Name": "company_name", "Alias": "cn", "Startup Cost": 0.0, "Total Cost": 0.29, "Plan Rows": 1, "Plan Width": 23, "Index Cond": "(id = mc.company_id)", "Filter": "(((country_code)::text <> '[pl]'::text) AND (((name)::text ~~ '%Film%'::text) OR ((name)::text ~~ '%Warner%'::text)))"}]}, {"Node Type": "Index Scan", "Parent Relationship": "Inner", "Scan Direction": "Forward", "Index Name": "company_type_pkey", "Relation Name": "company_type", "Alias": "ct", "Startup Cost": 0.0, "Total Cost": 0.27, "Plan Rows": 1, "Plan Width": 4, "Index Cond": "(id = mc.company_type_id)", "Filter": "((kind)::text = 'production companies'::text)"}]}, {"Node Type": "Index Scan", "Parent Relationship": "Inner", "Scan Direction": "Forward", "Index Name": "movie_id_movie_link", "Relation Name": "movie_link", "Alias": "ml", "Startup Cost": 0.0, "Total Cost": 0.35, "Plan Rows": 5, "Plan Width": 8, "Index Cond": "(movie_id = mk.movie_id)"}]}, {"Node Type": "Index Scan", "Parent Relationship": "Inner", "Scan Direction": "Forward", "Index Name": "link_type_pkey", "Relation Name": "link_type", "Alias": "lt", "Startup Cost": 0.0, "Total Cost": 0.27, "Plan Rows": 1, "Plan Width": 16, "Index Cond": "(id = ml.link_type_id)", "Filter": "((link)::text ~~ '%follows%'::text)"}]}]}, "Unique SQL Id": 4121279504}, "explain_analyze_plan": {"Plan": {"Node Type": "Aggregate", "Strategy": "Plain", "Startup Cost": 2581.34, "Total Cost": 2581.35, "Plan Rows": 1, "Plan Width": 144, "Actual Startup Time": 107.057, "Actual Total Time": 107.057, "Actual Rows": 1, "Actual Loops": 1, "Plans": [{"Node Type": "Nested Loop", "Parent Relationship": "Outer", "Join Type": "Inner", "Startup Cost": 4.51, "Total Cost": 2581.33, "Plan Rows": 1, "Plan Width": 48, "Actual Startup Time": 107.047, "Actual Total Time": 107.047, "Actual Rows": 0, "Actual Loops": 1, "Inner Unique": true, "Plans": [{"Node Type": "Nested Loop", "Parent Relationship": "Outer", "Join Type": "Inner", "Startup Cost": 4.51, "Total Cost": 2581.05, "Plan Rows": 1, "Plan Width": 40, "Actual Startup Time": 5.482, "Actual Total Time": 106.959, "Actual Rows": 38, "Actual Loops": 1, "Inner Unique": false, "Join Filter": "(t.id = ml.movie_id)", "Rows Removed by Join Filter": 0, "Plans": [{"Node Type": "Nested Loop", "Parent Relationship": "Outer", "Join Type": "Inner", "Startup Cost": 4.51, "Total Cost": 2580.63, "Plan Rows": 1, "Plan Width": 48, "Actual Startup Time": 5.471, "Actual Total Time": 106.908, "Actual Rows": 2, "Actual Loops": 1, "Inner Unique": true, "Plans": [{"Node Type": "Nested Loop", "Parent Relationship": "Outer", "Join Type": "Inner", "Startup Cost": 4.51, "Total Cost": 2580.35, "Plan Rows": 1, "Plan Width": 52, "Actual Startup Time": 5.461, "Actual Total Time": 106.893, "Actual Rows": 2, "Actual Loops": 1, "Inner Unique": true, "Plans": [{"Node Type": "Nested Loop", "Parent Relationship": "Outer", "Join Type": "Inner", "Startup Cost": 4.51, "Total Cost": 2580.05, "Plan Rows": 1, "Plan Width": 37, "Actual Startup Time": 5.448, "Actual Total Time": 106.864, "Actual Rows": 3, "Actual Loops": 1, "Inner Unique": false, "Join Filter": "(t.id = mc.movie_id)", "Rows Removed by Join Filter": 0, "Plans": [{"Node Type": "Nested Loop", "Parent Relationship": "Outer", "Join Type": "Inner", "Startup Cost": 4.51, "Total Cost": 2579.71, "Plan Rows": 1, "Plan Width": 25, "Actual Startup Time": 5.434, "Actual Total Time": 106.846, "Actual Rows": 1, "Actual Loops": 1, "Inner Unique": true, "Plans": [{"Node Type": "Nested Loop", "Parent Relationship": "Outer", "Join Type": "Inner", "Startup Cost": 4.51, "Total Cost": 2569.02, "Plan Rows": 33, "Plan Width": 4, "Actual Startup Time": 5.175, "Actual Total Time": 57.215, "Actual Rows": 10544, "Actual Loops": 1, "Inner Unique": false, "Plans": [{"Node Type": "Seq Scan", "Parent Relationship": "Outer", "Relation Name": "keyword", "Alias": "k", "Startup Cost": 0.0, "Total Cost": 2436.11, "Plan Rows": 1, "Plan Width": 4, "Actual Startup Time": 2.299, "Actual Total Time": 40.531, "Actual Rows": 1, "Actual Loops": 1, "Filter": "((keyword)::text = 'sequel'::text)", "Rows Removed by Filter": 134168}, {"Node Type": "Bitmap Heap Scan", "Parent Relationship": "Inner", "Relation Name": "movie_keyword", "Alias": "mk", "Startup Cost": 4.51, "Total Cost": 132.58, "Plan Rows": 33, "Plan Width": 8, "Actual Startup Time": 2.868, "Actual Total Time": 14.547, "Actual Rows": 10544, "Actual Loops": 1, "Recheck Cond": "(keyword_id = k.id)", "Rows Removed by Index Recheck": 0, "Exact Heap Blocks": 5090, "Lossy Heap Blocks": 5090, "Plans": [{"Node Type": "Bitmap Index Scan", "Parent Relationship": "Outer", "Index Name": "keyword_id_movie_keyword", "Startup Cost": 0.0, "Total Cost": 4.5, "Plan Rows": 33, "Plan Width": 0, "Actual Startup Time": 1.963, "Actual Total Time": 1.963, "Actual Rows": 10544, "Actual Loops": 1, "Index Cond": "(keyword_id = k.id)"}]}]}, {"Node Type": "Index Scan", "Parent Relationship": "Inner", "Scan Direction": "Forward", "Index Name": "title_pkey", "Relation Name": "title", "Alias": "t", "Startup Cost": 0.0, "Total Cost": 0.31, "Plan Rows": 1, "Plan Width": 21, "Actual Startup Time": 44.363, "Actual Total Time": 44.363, "Actual Rows": 1, "Actual Loops": 10544, "Index Cond": "(id = mk.movie_id)", "Rows Removed by Index Recheck": 0, "Filter": "(((title)::text ~~ '%Money%'::text) AND (production_year = 1998))", "Rows Removed by Filter": 10543}]}, {"Node Type": "Index Scan", "Parent Relationship": "Inner", "Scan Direction": "Forward", "Index Name": "movie_id_movie_companies", "Relation Name": "movie_companies", "Alias": "mc", "Startup Cost": 0.0, "Total Cost": 0.31, "Plan Rows": 2, "Plan Width": 12, "Actual Startup Time": 0.011, "Actual Total Time": 0.014, "Actual Rows": 3, "Actual Loops": 1, "Index Cond": "(movie_id = mk.movie_id)", "Rows Removed by Index Recheck": 0, "Filter": "(note IS NULL)", "Rows Removed by Filter": 1}]}, {"Node Type": "Index Scan", "Parent Relationship": "Inner", "Scan Direction": "Forward", "Index Name": "company_name_pkey", "Relation Name": "company_name", "Alias": "cn", "Startup Cost": 0.0, "Total Cost": 0.29, "Plan Rows": 1, "Plan Width": 23, "Actual Startup Time": 0.025, "Actual Total Time": 0.025, "Actual Rows": 2, "Actual Loops": 3, "Index Cond": "(id = mc.company_id)", "Rows Removed by Index Recheck": 0, "Filter": "(((country_code)::text <> '[pl]'::text) AND (((name)::text ~~ '%Film%'::text) OR ((name)::text ~~ '%Warner%'::text)))", "Rows Removed by Filter": 1}]}, {"Node Type": "Index Scan", "Parent Relationship": "Inner", "Scan Direction": "Forward", "Index Name": "company_type_pkey", "Relation Name": "company_type", "Alias": "ct", "Startup Cost": 0.0, "Total Cost": 0.27, "Plan Rows": 1, "Plan Width": 4, "Actual Startup Time": 0.01, "Actual Total Time": 0.01, "Actual Rows": 2, "Actual Loops": 2, "Index Cond": "(id = mc.company_type_id)", "Rows Removed by Index Recheck": 0, "Filter": "((kind)::text = 'production companies'::text)", "Rows Removed by Filter": 0}]}, {"Node Type": "Index Scan", "Parent Relationship": "Inner", "Scan Direction": "Forward", "Index Name": "movie_id_movie_link", "Relation Name": "movie_link", "Alias": "ml", "Startup Cost": 0.0, "Total Cost": 0.35, "Plan Rows": 5, "Plan Width": 8, "Actual Startup Time": 0.011, "Actual Total Time": 0.027, "Actual Rows": 38, "Actual Loops": 2, "Index Cond": "(movie_id = mk.movie_id)", "Rows Removed by Index Recheck": 0}]}, {"Node Type": "Index Scan", "Parent Relationship": "Inner", "Scan Direction": "Forward", "Index Name": "link_type_pkey", "Relation Name": "link_type", "Alias": "lt", "Startup Cost": 0.0, "Total Cost": 0.27, "Plan Rows": 1, "Plan Width": 16, "Actual Startup Time": 0.073, "Actual Total Time": 0.073, "Actual Rows": 0, "Actual Loops": 38, "Index Cond": "(id = ml.link_type_id)", "Rows Removed by Index Recheck": 0, "Filter": "((link)::text ~~ '%follows%'::text)", "Rows Removed by Filter": 24}]}]}, "Triggers": [], "Planner Runtime": 64.386, "Total Runtime": 107.455, "Unique SQL Id": 4121279504}}, "(1, 49)": {"explain_plan": {"Plan": {"Node Type": "Aggregate", "Strategy": "Plain", "Startup Cost": 3327.94, "Total Cost": 3327.95, "Plan Rows": 1, "Plan Width": 144, "Plans": [{"Node Type": "Nested Loop", "Parent Relationship": "Outer", "Join Type": "Inner", "Startup Cost": 4.51, "Total Cost": 3327.93, "Plan Rows": 1, "Plan Width": 48, "Inner Unique": true, "Plans": [{"Node Type": "Nested Loop", "Parent Relationship": "Outer", "Join Type": "Inner", "Startup Cost": 4.51, "Total Cost": 3327.65, "Plan Rows": 1, "Plan Width": 40, "Inner Unique": false, "Join Filter": "(t.id = ml.movie_id)", "Plans": [{"Node Type": "Nested Loop", "Parent Relationship": "Outer", "Join Type": "Inner", "Startup Cost": 4.51, "Total Cost": 3327.24, "Plan Rows": 1, "Plan Width": 48, "Inner Unique": true, "Plans": [{"Node Type": "Nested Loop", "Parent Relationship": "Outer", "Join Type": "Inner", "Startup Cost": 4.51, "Total Cost": 3326.95, "Plan Rows": 1, "Plan Width": 52, "Inner Unique": true, "Plans": [{"Node Type": "Nested Loop", "Parent Relationship": "Outer", "Join Type": "Inner", "Startup Cost": 4.51, "Total Cost": 3326.66, "Plan Rows": 1, "Plan Width": 37, "Inner Unique": false, "Join Filter": "(t.id = mc.movie_id)", "Plans": [{"Node Type": "Nested Loop", "Parent Relationship": "Outer", "Join Type": "Inner", "Startup Cost": 4.51, "Total Cost": 3326.32, "Plan Rows": 1, "Plan Width": 25, "Inner Unique": true, "Plans": [{"Node Type": "Nested Loop", "Parent Relationship": "Outer", "Join Type": "Inner", "Startup Cost": 4.51, "Total Cost": 3315.63, "Plan Rows": 33, "Plan Width": 4, "Inner Unique": false, "Plans": [{"Node Type": "Index Scan", "Parent Relationship": "Outer", "Scan Direction": "Forward", "Index Name": "keyword_pkey", "Relation Name": "keyword", "Alias": "k", "Startup Cost": 0.0, "Total Cost": 3182.72, "Plan Rows": 1, "Plan Width": 4, "Filter": "((keyword)::text = 'sequel'::text)"}, {"Node Type": "Bitmap Heap Scan", "Parent Relationship": "Inner", "Relation Name": "movie_keyword", "Alias": "mk", "Startup Cost": 4.51, "Total Cost": 132.58, "Plan Rows": 33, "Plan Width": 8, "Recheck Cond": "(keyword_id = k.id)", "Plans": [{"Node Type": "Bitmap Index Scan", "Parent Relationship": "Outer", "Index Name": "keyword_id_movie_keyword", "Startup Cost": 0.0, "Total Cost": 4.5, "Plan Rows": 33, "Plan Width": 0, "Index Cond": "(keyword_id = k.id)"}]}]}, {"Node Type": "Index Scan", "Parent Relationship": "Inner", "Scan Direction": "Forward", "Index Name": "title_pkey", "Relation Name": "title", "Alias": "t", "Startup Cost": 0.0, "Total Cost": 0.31, "Plan Rows": 1, "Plan Width": 21, "Index Cond": "(id = mk.movie_id)", "Filter": "(((title)::text ~~ '%Money%'::text) AND (production_year = 1998))"}]}, {"Node Type": "Index Scan", "Parent Relationship": "Inner", "Scan Direction": "Forward", "Index Name": "movie_id_movie_companies", "Relation Name": "movie_companies", "Alias": "mc", "Startup Cost": 0.0, "Total Cost": 0.31, "Plan Rows": 2, "Plan Width": 12, "Index Cond": "(movie_id = mk.movie_id)", "Filter": "(note IS NULL)"}]}, {"Node Type": "Index Scan", "Parent Relationship": "Inner", "Scan Direction": "Forward", "Index Name": "company_name_pkey", "Relation Name": "company_name", "Alias": "cn", "Startup Cost": 0.0, "Total Cost": 0.29, "Plan Rows": 1, "Plan Width": 23, "Index Cond": "(id = mc.company_id)", "Filter": "(((country_code)::text <> '[pl]'::text) AND (((name)::text ~~ '%Film%'::text) OR ((name)::text ~~ '%Warner%'::text)))"}]}, {"Node Type": "Index Scan", "Parent Relationship": "Inner", "Scan Direction": "Forward", "Index Name": "company_type_pkey", "Relation Name": "company_type", "Alias": "ct", "Startup Cost": 0.0, "Total Cost": 0.27, "Plan Rows": 1, "Plan Width": 4, "Index Cond": "(id = mc.company_type_id)", "Filter": "((kind)::text = 'production companies'::text)"}]}, {"Node Type": "Index Scan", "Parent Relationship": "Inner", "Scan Direction": "Forward", "Index Name": "movie_id_movie_link", "Relation Name": "movie_link", "Alias": "ml", "Startup Cost": 0.0, "Total Cost": 0.35, "Plan Rows": 5, "Plan Width": 8, "Index Cond": "(movie_id = mk.movie_id)"}]}, {"Node Type": "Index Scan", "Parent Relationship": "Inner", "Scan Direction": "Forward", "Index Name": "link_type_pkey", "Relation Name": "link_type", "Alias": "lt", "Startup Cost": 0.0, "Total Cost": 0.27, "Plan Rows": 1, "Plan Width": 16, "Index Cond": "(id = ml.link_type_id)", "Filter": "((link)::text ~~ '%follows%'::text)"}]}]}, "Unique SQL Id": 4121279504}, "explain_analyze_plan": {"Plan": {"Node Type": "Aggregate", "Strategy": "Plain", "Startup Cost": 3327.94, "Total Cost": 3327.95, "Plan Rows": 1, "Plan Width": 144, "Actual Startup Time": 181.02, "Actual Total Time": 181.021, "Actual Rows": 1, "Actual Loops": 1, "Plans": [{"Node Type": "Nested Loop", "Parent Relationship": "Outer", "Join Type": "Inner", "Startup Cost": 4.51, "Total Cost": 3327.93, "Plan Rows": 1, "Plan Width": 48, "Actual Startup Time": 181.01, "Actual Total Time": 181.01, "Actual Rows": 0, "Actual Loops": 1, "Inner Unique": true, "Plans": [{"Node Type": "Nested Loop", "Parent Relationship": "Outer", "Join Type": "Inner", "Startup Cost": 4.51, "Total Cost": 3327.65, "Plan Rows": 1, "Plan Width": 40, "Actual Startup Time": 3.646, "Actual Total Time": 180.923, "Actual Rows": 38, "Actual Loops": 1, "Inner Unique": false, "Join Filter": "(t.id = ml.movie_id)", "Rows Removed by Join Filter": 0, "Plans": [{"Node Type": "Nested Loop", "Parent Relationship": "Outer", "Join Type": "Inner", "Startup Cost": 4.51, "Total Cost": 3327.24, "Plan Rows": 1, "Plan Width": 48, "Actual Startup Time": 3.636, "Actual Total Time": 180.883, "Actual Rows": 2, "Actual Loops": 1, "Inner Unique": true, "Plans": [{"Node Type": "Nested Loop", "Parent Relationship": "Outer", "Join Type": "Inner", "Startup Cost": 4.51, "Total Cost": 3326.95, "Plan Rows": 1, "Plan Width": 52, "Actual Startup Time": 3.627, "Actual Total Time": 180.869, "Actual Rows": 2, "Actual Loops": 1, "Inner Unique": true, "Plans": [{"Node Type": "Nested Loop", "Parent Relationship": "Outer", "Join Type": "Inner", "Startup Cost": 4.51, "Total Cost": 3326.66, "Plan Rows": 1, "Plan Width": 37, "Actual Startup Time": 3.613, "Actual Total Time": 180.84, "Actual Rows": 3, "Actual Loops": 1, "Inner Unique": false, "Join Filter": "(t.id = mc.movie_id)", "Rows Removed by Join Filter": 0, "Plans": [{"Node Type": "Nested Loop", "Parent Relationship": "Outer", "Join Type": "Inner", "Startup Cost": 4.51, "Total Cost": 3326.32, "Plan Rows": 1, "Plan Width": 25, "Actual Startup Time": 3.597, "Actual Total Time": 180.82, "Actual Rows": 1, "Actual Loops": 1, "Inner Unique": true, "Plans": [{"Node Type": "Nested Loop", "Parent Relationship": "Outer", "Join Type": "Inner", "Startup Cost": 4.51, "Total Cost": 3315.63, "Plan Rows": 33, "Plan Width": 4, "Actual Startup Time": 3.337, "Actual Total Time": 130.626, "Actual Rows": 10544, "Actual Loops": 1, "Inner Unique": false, "Plans": [{"Node Type": "Index Scan", "Parent Relationship": "Outer", "Scan Direction": "Forward", "Index Name": "keyword_pkey", "Relation Name": "keyword", "Alias": "k", "Startup Cost": 0.0, "Total Cost": 3182.72, "Plan Rows": 1, "Plan Width": 4, "Actual Startup Time": 0.436, "Actual Total Time": 113.393, "Actual Rows": 1, "Actual Loops": 1, "Filter": "((keyword)::text = 'sequel'::text)", "Rows Removed by Filter": 134168}, {"Node Type": "Bitmap Heap Scan", "Parent Relationship": "Inner", "Relation Name": "movie_keyword", "Alias": "mk", "Startup Cost": 4.51, "Total Cost": 132.58, "Plan Rows": 33, "Plan Width": 8, "Actual Startup Time": 2.893, "Actual Total Time": 14.881, "Actual Rows": 10544, "Actual Loops": 1, "Recheck Cond": "(keyword_id = k.id)", "Rows Removed by Index Recheck": 0, "Exact Heap Blocks": 5090, "Lossy Heap Blocks": 5090, "Plans": [{"Node Type": "Bitmap Index Scan", "Parent Relationship": "Outer", "Index Name": "keyword_id_movie_keyword", "Startup Cost": 0.0, "Total Cost": 4.5, "Plan Rows": 33, "Plan Width": 0, "Actual Startup Time": 1.993, "Actual Total Time": 1.993, "Actual Rows": 10544, "Actual Loops": 1, "Index Cond": "(keyword_id = k.id)"}]}]}, {"Node Type": "Index Scan", "Parent Relationship": "Inner", "Scan Direction": "Forward", "Index Name": "title_pkey", "Relation Name": "title", "Alias": "t", "Startup Cost": 0.0, "Total Cost": 0.31, "Plan Rows": 1, "Plan Width": 21, "Actual Startup Time": 44.981, "Actual Total Time": 44.981, "Actual Rows": 1, "Actual Loops": 10544, "Index Cond": "(id = mk.movie_id)", "Rows Removed by Index Recheck": 0, "Filter": "(((title)::text ~~ '%Money%'::text) AND (production_year = 1998))", "Rows Removed by Filter": 10543}]}, {"Node Type": "Index Scan", "Parent Relationship": "Inner", "Scan Direction": "Forward", "Index Name": "movie_id_movie_companies", "Relation Name": "movie_companies", "Alias": "mc", "Startup Cost": 0.0, "Total Cost": 0.31, "Plan Rows": 2, "Plan Width": 12, "Actual Startup Time": 0.012, "Actual Total Time": 0.013, "Actual Rows": 3, "Actual Loops": 1, "Index Cond": "(movie_id = mk.movie_id)", "Rows Removed by Index Recheck": 0, "Filter": "(note IS NULL)", "Rows Removed by Filter": 1}]}, {"Node Type": "Index Scan", "Parent Relationship": "Inner", "Scan Direction": "Forward", "Index Name": "company_name_pkey", "Relation Name": "company_name", "Alias": "cn", "Startup Cost": 0.0, "Total Cost": 0.29, "Plan Rows": 1, "Plan Width": 23, "Actual Startup Time": 0.023, "Actual Total Time": 0.023, "Actual Rows": 2, "Actual Loops": 3, "Index Cond": "(id = mc.company_id)", "Rows Removed by Index Recheck": 0, "Filter": "(((country_code)::text <> '[pl]'::text) AND (((name)::text ~~ '%Film%'::text) OR ((name)::text ~~ '%Warner%'::text)))", "Rows Removed by Filter": 1}]}, {"Node Type": "Index Scan", "Parent Relationship": "Inner", "Scan Direction": "Forward", "Index Name": "company_type_pkey", "Relation Name": "company_type", "Alias": "ct", "Startup Cost": 0.0, "Total Cost": 0.27, "Plan Rows": 1, "Plan Width": 4, "Actual Startup Time": 0.009, "Actual Total Time": 0.009, "Actual Rows": 2, "Actual Loops": 2, "Index Cond": "(id = mc.company_type_id)", "Rows Removed by Index Recheck": 0, "Filter": "((kind)::text = 'production companies'::text)", "Rows Removed by Filter": 0}]}, {"Node Type": "Index Scan", "Parent Relationship": "Inner", "Scan Direction": "Forward", "Index Name": "movie_id_movie_link", "Relation Name": "movie_link", "Alias": "ml", "Startup Cost": 0.0, "Total Cost": 0.35, "Plan Rows": 5, "Plan Width": 8, "Actual Startup Time": 0.011, "Actual Total Time": 0.023, "Actual Rows": 38, "Actual Loops": 2, "Index Cond": "(movie_id = mk.movie_id)", "Rows Removed by Index Recheck": 0}]}, {"Node Type": "Index Scan", "Parent Relationship": "Inner", "Scan Direction": "Forward", "Index Name": "link_type_pkey", "Relation Name": "link_type", "Alias": "lt", "Startup Cost": 0.0, "Total Cost": 0.27, "Plan Rows": 1, "Plan Width": 16, "Actual Startup Time": 0.063, "Actual Total Time": 0.063, "Actual Rows": 0, "Actual Loops": 38, "Index Cond": "(id = ml.link_type_id)", "Rows Removed by Index Recheck": 0, "Filter": "((link)::text ~~ '%follows%'::text)", "Rows Removed by Filter": 24}]}]}, "Triggers": [], "Planner Runtime": 58.021, "Total Runtime": 181.432, "Unique SQL Id": 4121279504}}, "(1, 50)": {"explain_plan": {"Plan": {"Node Type": "Aggregate", "Strategy": "Plain", "Startup Cost": 2726.02, "Total Cost": 2726.03, "Plan Rows": 1, "Plan Width": 144, "Plans": [{"Node Type": "Nested Loop", "Parent Relationship": "Outer", "Join Type": "Inner", "Startup Cost": 5.59, "Total Cost": 2726.01, "Plan Rows": 1, "Plan Width": 48, "Inner Unique": true, "Join Filter": "(ml.link_type_id = lt.id)", "Plans": [{"Node Type": "Nested Loop", "Parent Relationship": "Outer", "Join Type": "Inner", "Startup Cost": 5.59, "Total Cost": 2724.78, "Plan Rows": 1, "Plan Width": 40, "Inner Unique": false, "Join Filter": "(t.id = ml.movie_id)", "Plans": [{"Node Type": "Nested Loop", "Parent Relationship": "Outer", "Join Type": "Inner", "Startup Cost": 5.3, "Total Cost": 2720.37, "Plan Rows": 1, "Plan Width": 48, "Inner Unique": true, "Join Filter": "(mc.company_type_id = ct.id)", "Plans": [{"Node Type": "Nested Loop", "Parent Relationship": "Outer", "Join Type": "Inner", "Startup Cost": 5.3, "Total Cost": 2719.32, "Plan Rows": 1, "Plan Width": 52, "Inner Unique": true, "Plans": [{"Node Type": "Nested Loop", "Parent Relationship": "Outer", "Join Type": "Inner", "Startup Cost": 5.05, "Total Cost": 2715.03, "Plan Rows": 1, "Plan Width": 37, "Inner Unique": false, "Join Filter": "(t.id = mc.movie_id)", "Plans": [{"Node Type": "Nested Loop", "Parent Relationship": "Outer", "Join Type": "Inner", "Startup Cost": 4.77, "Total Cost": 2710.71, "Plan Rows": 1, "Plan Width": 25, "Inner Unique": true, "Plans": [{"Node Type": "Nested Loop", "Parent Relationship": "Outer", "Join Type": "Inner", "Startup Cost": 4.51, "Total Cost": 2569.02, "Plan Rows": 33, "Plan Width": 4, "Inner Unique": false, "Plans": [{"Node Type": "Seq Scan", "Parent Relationship": "Outer", "Relation Name": "keyword", "Alias": "k", "Startup Cost": 0.0, "Total Cost": 2436.11, "Plan Rows": 1, "Plan Width": 4, "Filter": "((keyword)::text = 'sequel'::text)"}, {"Node Type": "Bitmap Heap Scan", "Parent Relationship": "Inner", "Relation Name": "movie_keyword", "Alias": "mk", "Startup Cost": 4.51, "Total Cost": 132.58, "Plan Rows": 33, "Plan Width": 8, "Recheck Cond": "(keyword_id = k.id)", "Plans": [{"Node Type": "Bitmap Index Scan", "Parent Relationship": "Outer", "Index Name": "keyword_id_movie_keyword", "Startup Cost": 0.0, "Total Cost": 4.5, "Plan Rows": 33, "Plan Width": 0, "Index Cond": "(keyword_id = k.id)"}]}]}, {"Node Type": "Bitmap Heap Scan", "Parent Relationship": "Inner", "Relation Name": "title", "Alias": "t", "Startup Cost": 0.27, "Total Cost": 4.28, "Plan Rows": 1, "Plan Width": 21, "Recheck Cond": "(id = mk.movie_id)", "Filter": "(((title)::text ~~ '%Money%'::text) AND (production_year = 1998))", "Plans": [{"Node Type": "Bitmap Index Scan", "Parent Relationship": "Outer", "Index Name": "title_pkey", "Startup Cost": 0.0, "Total Cost": 0.27, "Plan Rows": 1, "Plan Width": 0, "Index Cond": "(id = mk.movie_id)"}]}]}, {"Node Type": "Bitmap Heap Scan", "Parent Relationship": "Inner", "Relation Name": "movie_companies", "Alias": "mc", "Startup Cost": 0.27, "Total Cost": 4.3, "Plan Rows": 2, "Plan Width": 12, "Recheck Cond": "(movie_id = mk.movie_id)", "Filter": "(note IS NULL)", "Plans": [{"Node Type": "Bitmap Index Scan", "Parent Relationship": "Outer", "Index Name": "movie_id_movie_companies", "Startup Cost": 0.0, "Total Cost": 0.27, "Plan Rows": 2, "Plan Width": 0, "Index Cond": "(movie_id = mk.movie_id)"}]}]}, {"Node Type": "Bitmap Heap Scan", "Parent Relationship": "Inner", "Relation Name": "company_name", "Alias": "cn", "Startup Cost": 0.26, "Total Cost": 4.28, "Plan Rows": 1, "Plan Width": 23, "Recheck Cond": "(id = mc.company_id)", "Filter": "(((country_code)::text <> '[pl]'::text) AND (((name)::text ~~ '%Film%'::text) OR ((name)::text ~~ '%Warner%'::text)))", "Plans": [{"Node Type": "Bitmap Index Scan", "Parent Relationship": "Outer", "Index Name": "company_name_pkey", "Startup Cost": 0.0, "Total Cost": 0.26, "Plan Rows": 1, "Plan Width": 0, "Index Cond": "(id = mc.company_id)"}]}]}, {"Node Type": "Seq Scan", "Parent Relationship": "Inner", "Relation Name": "company_type", "Alias": "ct", "Startup Cost": 0.0, "Total Cost": 1.04, "Plan Rows": 1, "Plan Width": 4, "Filter": "((kind)::text = 'production companies'::text)"}]}, {"Node Type": "Bitmap Heap Scan", "Parent Relationship": "Inner", "Relation Name": "movie_link", "Alias": "ml", "Startup Cost": 0.29, "Total Cost": 4.35, "Plan Rows": 5, "Plan Width": 8, "Recheck Cond": "(movie_id = mk.movie_id)", "Plans": [{"Node Type": "Bitmap Index Scan", "Parent Relationship": "Outer", "Index Name": "movie_id_movie_link", "Startup Cost": 0.0, "Total Cost": 0.29, "Plan Rows": 5, "Plan Width": 0, "Index Cond": "(movie_id = mk.movie_id)"}]}]}, {"Node Type": "Seq Scan", "Parent Relationship": "Inner", "Relation Name": "link_type", "Alias": "lt", "Startup Cost": 0.0, "Total Cost": 1.21, "Plan Rows": 1, "Plan Width": 16, "Filter": "((link)::text ~~ '%follows%'::text)"}]}]}, "Unique SQL Id": 4121279504}, "explain_analyze_plan": {"Plan": {"Node Type": "Aggregate", "Strategy": "Plain", "Startup Cost": 2726.02, "Total Cost": 2726.03, "Plan Rows": 1, "Plan Width": 144, "Actual Startup Time": 123.802, "Actual Total Time": 123.802, "Actual Rows": 1, "Actual Loops": 1, "Plans": [{"Node Type": "Nested Loop", "Parent Relationship": "Outer", "Join Type": "Inner", "Startup Cost": 5.59, "Total Cost": 2726.01, "Plan Rows": 1, "Plan Width": 48, "Actual Startup Time": 123.793, "Actual Total Time": 123.793, "Actual Rows": 0, "Actual Loops": 1, "Inner Unique": true, "Join Filter": "(ml.link_type_id = lt.id)", "Rows Removed by Join Filter": 0, "Plans": [{"Node Type": "Nested Loop", "Parent Relationship": "Outer", "Join Type": "Inner", "Startup Cost": 5.59, "Total Cost": 2724.78, "Plan Rows": 1, "Plan Width": 40, "Actual Startup Time": 5.572, "Actual Total Time": 123.464, "Actual Rows": 38, "Actual Loops": 1, "Inner Unique": false, "Join Filter": "(t.id = ml.movie_id)", "Rows Removed by Join Filter": 0, "Plans": [{"Node Type": "Nested Loop", "Parent Relationship": "Outer", "Join Type": "Inner", "Startup Cost": 5.3, "Total Cost": 2720.37, "Plan Rows": 1, "Plan Width": 48, "Actual Startup Time": 5.548, "Actual Total Time": 123.405, "Actual Rows": 2, "Actual Loops": 1, "Inner Unique": true, "Join Filter": "(mc.company_type_id = ct.id)", "Rows Removed by Join Filter": 0, "Plans": [{"Node Type": "Nested Loop", "Parent Relationship": "Outer", "Join Type": "Inner", "Startup Cost": 5.3, "Total Cost": 2719.32, "Plan Rows": 1, "Plan Width": 52, "Actual Startup Time": 5.537, "Actual Total Time": 123.389, "Actual Rows": 2, "Actual Loops": 1, "Inner Unique": true, "Plans": [{"Node Type": "Nested Loop", "Parent Relationship": "Outer", "Join Type": "Inner", "Startup Cost": 5.05, "Total Cost": 2715.03, "Plan Rows": 1, "Plan Width": 37, "Actual Startup Time": 5.522, "Actual Total Time": 123.354, "Actual Rows": 3, "Actual Loops": 1, "Inner Unique": false, "Join Filter": "(t.id = mc.movie_id)", "Rows Removed by Join Filter": 0, "Plans": [{"Node Type": "Nested Loop", "Parent Relationship": "Outer", "Join Type": "Inner", "Startup Cost": 4.77, "Total Cost": 2710.71, "Plan Rows": 1, "Plan Width": 25, "Actual Startup Time": 5.499, "Actual Total Time": 123.328, "Actual Rows": 1, "Actual Loops": 1, "Inner Unique": true, "Plans": [{"Node Type": "Nested Loop", "Parent Relationship": "Outer", "Join Type": "Inner", "Startup Cost": 4.51, "Total Cost": 2569.02, "Plan Rows": 33, "Plan Width": 4, "Actual Startup Time": 5.191, "Actual Total Time": 58.437, "Actual Rows": 10544, "Actual Loops": 1, "Inner Unique": false, "Plans": [{"Node Type": "Seq Scan", "Parent Relationship": "Outer", "Relation Name": "keyword", "Alias": "k", "Startup Cost": 0.0, "Total Cost": 2436.11, "Plan Rows": 1, "Plan Width": 4, "Actual Startup Time": 2.298, "Actual Total Time": 41.897, "Actual Rows": 1, "Actual Loops": 1, "Filter": "((keyword)::text = 'sequel'::text)", "Rows Removed by Filter": 134168}, {"Node Type": "Bitmap Heap Scan", "Parent Relationship": "Inner", "Relation Name": "movie_keyword", "Alias": "mk", "Startup Cost": 4.51, "Total Cost": 132.58, "Plan Rows": 33, "Plan Width": 8, "Actual Startup Time": 2.885, "Actual Total Time": 14.415, "Actual Rows": 10544, "Actual Loops": 1, "Recheck Cond": "(keyword_id = k.id)", "Rows Removed by Index Recheck": 0, "Exact Heap Blocks": 5090, "Lossy Heap Blocks": 5090, "Plans": [{"Node Type": "Bitmap Index Scan", "Parent Relationship": "Outer", "Index Name": "keyword_id_movie_keyword", "Startup Cost": 0.0, "Total Cost": 4.5, "Plan Rows": 33, "Plan Width": 0, "Actual Startup Time": 1.979, "Actual Total Time": 1.979, "Actual Rows": 10544, "Actual Loops": 1, "Index Cond": "(keyword_id = k.id)"}]}]}, {"Node Type": "Bitmap Heap Scan", "Parent Relationship": "Inner", "Relation Name": "title", "Alias": "t", "Startup Cost": 0.27, "Total Cost": 4.28, "Plan Rows": 1, "Plan Width": 21, "Actual Startup Time": 53.127, "Actual Total Time": 53.127, "Actual Rows": 1, "Actual Loops": 10544, "Recheck Cond": "(id = mk.movie_id)", "Rows Removed by Index Recheck": 0, "Filter": "(((title)::text ~~ '%Money%'::text) AND (production_year = 1998))", "Rows Removed by Filter": 10543, "Exact Heap Blocks": 10544, "Lossy Heap Blocks": 10544, "Plans": [{"Node Type": "Bitmap Index Scan", "Parent Relationship": "Outer", "Index Name": "title_pkey", "Startup Cost": 0.0, "Total Cost": 0.27, "Plan Rows": 1, "Plan Width": 0, "Actual Startup Time": 27.96, "Actual Total Time": 27.96, "Actual Rows": 10544, "Actual Loops": 10544, "Index Cond": "(id = mk.movie_id)"}]}]}, {"Node Type": "Bitmap Heap Scan", "Parent Relationship": "Inner", "Relation Name": "movie_companies", "Alias": "mc", "Startup Cost": 0.27, "Total Cost": 4.3, "Plan Rows": 2, "Plan Width": 12, "Actual Startup Time": 0.018, "Actual Total Time": 0.019, "Actual Rows": 3, "Actual Loops": 1, "Recheck Cond": "(movie_id = mk.movie_id)", "Rows Removed by Index Recheck": 0, "Filter": "(note IS NULL)", "Rows Removed by Filter": 1, "Exact Heap Blocks": 2, "Lossy Heap Blocks": 2, "Plans": [{"Node Type": "Bitmap Index Scan", "Parent Relationship": "Outer", "Index Name": "movie_id_movie_companies", "Startup Cost": 0.0, "Total Cost": 0.27, "Plan Rows": 2, "Plan Width": 0, "Actual Startup Time": 0.008, "Actual Total Time": 0.008, "Actual Rows": 4, "Actual Loops": 1, "Index Cond": "(movie_id = mk.movie_id)"}]}]}, {"Node Type": "Bitmap Heap Scan", "Parent Relationship": "Inner", "Relation Name": "company_name", "Alias": "cn", "Startup Cost": 0.26, "Total Cost": 4.28, "Plan Rows": 1, "Plan Width": 23, "Actual Startup Time": 0.029, "Actual Total Time": 0.029, "Actual Rows": 2, "Actual Loops": 3, "Recheck Cond": "(id = mc.company_id)", "Rows Removed by Index Recheck": 0, "Filter": "(((country_code)::text <> '[pl]'::text) AND (((name)::text ~~ '%Film%'::text) OR ((name)::text ~~ '%Warner%'::text)))", "Rows Removed by Filter": 1, "Exact Heap Blocks": 3, "Lossy Heap Blocks": 3, "Plans": [{"Node Type": "Bitmap Index Scan", "Parent Relationship": "Outer", "Index Name": "company_name_pkey", "Startup Cost": 0.0, "Total Cost": 0.26, "Plan Rows": 1, "Plan Width": 0, "Actual Startup Time": 0.015, "Actual Total Time": 0.015, "Actual Rows": 3, "Actual Loops": 3, "Index Cond": "(id = mc.company_id)"}]}]}, {"Node Type": "Seq Scan", "Parent Relationship": "Inner", "Relation Name": "company_type", "Alias": "ct", "Startup Cost": 0.0, "Total Cost": 1.04, "Plan Rows": 1, "Plan Width": 4, "Actual Startup Time": 0.009, "Actual Total Time": 0.009, "Actual Rows": 2, "Actual Loops": 2, "Filter": "((kind)::text = 'production companies'::text)", "Rows Removed by Filter": 0}]}, {"Node Type": "Bitmap Heap Scan", "Parent Relationship": "Inner", "Relation Name": "movie_link", "Alias": "ml", "Startup Cost": 0.29, "Total Cost": 4.35, "Plan Rows": 5, "Plan Width": 8, "Actual Startup Time": 0.027, "Actual Total Time": 0.032, "Actual Rows": 38, "Actual Loops": 2, "Recheck Cond": "(movie_id = mk.movie_id)", "Rows Removed by Index Recheck": 0, "Exact Heap Blocks": 2, "Lossy Heap Blocks": 2, "Plans": [{"Node Type": "Bitmap Index Scan", "Parent Relationship": "Outer", "Index Name": "movie_id_movie_link", "Startup Cost": 0.0, "Total Cost": 0.29, "Plan Rows": 5, "Plan Width": 0, "Actual Startup Time": 0.011, "Actual Total Time": 0.011, "Actual Rows": 38, "Actual Loops": 2, "Index Cond": "(movie_id = mk.movie_id)"}]}]}, {"Node Type": "Seq Scan", "Parent Relationship": "Inner", "Relation Name": "link_type", "Alias": "lt", "Startup Cost": 0.0, "Total Cost": 1.21, "Plan Rows": 1, "Plan Width": 16, "Actual Startup Time": 0.294, "Actual Total Time": 0.294, "Actual Rows": 0, "Actual Loops": 38, "Filter": "((link)::text ~~ '%follows%'::text)", "Rows Removed by Filter": 646}]}]}, "Triggers": [], "Planner Runtime": 52.601, "Total Runtime": 124.232, "Unique SQL Id": 4121279504}}, "(1, 51)": {"explain_plan": {"Plan": {"Node Type": "Aggregate", "Strategy": "Plain", "Startup Cost": 1000014795431.67, "Total Cost": 1000014795431.68, "Plan Rows": 1, "Plan Width": 144, "Plans": [{"Node Type": "Nested Loop", "Parent Relationship": "Outer", "Join Type": "Inner", "Startup Cost": 10000000001.97, "Total Cost": 1000014795431.66, "Plan Rows": 1, "Plan Width": 48, "Inner Unique": true, "Plans": [{"Node Type": "Nested Loop", "Parent Relationship": "Outer", "Join Type": "Inner", "Startup Cost": 10000000001.72, "Total Cost": 1000014795427.38, "Plan Rows": 1, "Plan Width": 52, "Inner Unique": true, "Plans": [{"Node Type": "Nested Loop", "Parent Relationship": "Outer", "Join Type": "Inner", "Startup Cost": 10000000001.46, "Total Cost": 1000014795418.82, "Plan Rows": 2, "Plan Width": 44, "Inner Unique": false, "Join Filter": "(t.id = ml.movie_id)", "Plans": [{"Node Type": "Nested Loop", "Parent Relationship": "Outer", "Join Type": "Inner", "Startup Cost": 10000000001.17, "Total Cost": 1000014795414.4, "Plan Rows": 1, "Plan Width": 52, "Inner Unique": true, "Plans": [{"Node Type": "Nested Loop", "Parent Relationship": "Outer", "Join Type": "Inner", "Startup Cost": 10000000000.91, "Total Cost": 1000014795328.75, "Plan Rows": 20, "Plan Width": 56, "Inner Unique": false, "Join Filter": "(t.id = mk.movie_id)", "Plans": [{"Node Type": "Nested Loop", "Parent Relationship": "Outer", "Join Type": "Inner", "Startup Cost": 10000000000.55, "Total Cost": 1000014795319.62, "Plan Rows": 2, "Plan Width": 48, "Inner Unique": true, "Plans": [{"Node Type": "Nested Loop", "Parent Relationship": "Outer", "Join Type": "Inner", "Startup Cost": 10000000000.29, "Total Cost": 1000014795293.88, "Plan Rows": 6, "Plan Width": 33, "Inner Unique": true, "Plans": [{"Node Type": "Index Scan", "Parent Relationship": "Outer", "Scan Direction": "Forward", "Index Name": "company_type_id_movie_companies", "Relation Name": "movie_companies", "Alias": "mc", "Startup Cost": 10000000000.0, "Total Cost": 1000009318217.0, "Plan Rows": 1269486, "Plan Width": 12, "Filter": "(note IS NULL), (LLVM Optimized)"}, {"Node Type": "Bitmap Heap Scan", "Parent Relationship": "Inner", "Relation Name": "title", "Alias": "t", "Startup Cost": 0.29, "Total Cost": 4.3, "Plan Rows": 1, "Plan Width": 21, "Recheck Cond": "(id = mc.movie_id)", "Filter": "(((title)::text ~~ '%Money%'::text) AND (production_year = 1998))", "Plans": [{"Node Type": "Bitmap Index Scan", "Parent Relationship": "Outer", "Index Name": "title_pkey", "Startup Cost": 0.0, "Total Cost": 0.29, "Plan Rows": 1, "Plan Width": 0, "Index Cond": "(id = mc.movie_id)"}]}]}, {"Node Type": "Bitmap Heap Scan", "Parent Relationship": "Inner", "Relation Name": "company_name", "Alias": "cn", "Startup Cost": 0.26, "Total Cost": 4.28, "Plan Rows": 1, "Plan Width": 23, "Recheck Cond": "(id = mc.company_id)", "Filter": "(((country_code)::text <> '[pl]'::text) AND (((name)::text ~~ '%Film%'::text) OR ((name)::text ~~ '%Warner%'::text)))", "Plans": [{"Node Type": "Bitmap Index Scan", "Parent Relationship": "Outer", "Index Name": "company_name_pkey", "Startup Cost": 0.0, "Total Cost": 0.26, "Plan Rows": 1, "Plan Width": 0, "Index Cond": "(id = mc.company_id)"}]}]}, {"Node Type": "Bitmap Heap Scan", "Parent Relationship": "Inner", "Relation Name": "movie_keyword", "Alias": "mk", "Startup Cost": 0.37, "Total Cost": 4.47, "Plan Rows": 8, "Plan Width": 8, "Recheck Cond": "(movie_id = mc.movie_id)", "Plans": [{"Node Type": "Bitmap Index Scan", "Parent Relationship": "Outer", "Index Name": "movie_id_movie_keyword", "Startup Cost": 0.0, "Total Cost": 0.36, "Plan Rows": 8, "Plan Width": 0, "Index Cond": "(movie_id = mc.movie_id)"}]}]}, {"Node Type": "Bitmap Heap Scan", "Parent Relationship": "Inner", "Relation Name": "keyword", "Alias": "k", "Startup Cost": 0.26, "Total Cost": 4.27, "Plan Rows": 1, "Plan Width": 4, "Recheck Cond": "(id = mk.keyword_id)", "Filter": "((keyword)::text = 'sequel'::text)", "Plans": [{"Node Type": "Bitmap Index Scan", "Parent Relationship": "Outer", "Index Name": "keyword_pkey", "Startup Cost": 0.0, "Total Cost": 0.26, "Plan Rows": 1, "Plan Width": 0, "Index Cond": "(id = mk.keyword_id)"}]}]}, {"Node Type": "Bitmap Heap Scan", "Parent Relationship": "Inner", "Relation Name": "movie_link", "Alias": "ml", "Startup Cost": 0.29, "Total Cost": 4.35, "Plan Rows": 5, "Plan Width": 8, "Recheck Cond": "(movie_id = mk.movie_id)", "Plans": [{"Node Type": "Bitmap Index Scan", "Parent Relationship": "Outer", "Index Name": "movie_id_movie_link", "Startup Cost": 0.0, "Total Cost": 0.29, "Plan Rows": 5, "Plan Width": 0, "Index Cond": "(movie_id = mk.movie_id)"}]}]}, {"Node Type": "Bitmap Heap Scan", "Parent Relationship": "Inner", "Relation Name": "link_type", "Alias": "lt", "Startup Cost": 0.26, "Total Cost": 4.27, "Plan Rows": 1, "Plan Width": 16, "Recheck Cond": "(id = ml.link_type_id)", "Filter": "((link)::text ~~ '%follows%'::text)", "Plans": [{"Node Type": "Bitmap Index Scan", "Parent Relationship": "Outer", "Index Name": "link_type_pkey", "Startup Cost": 0.0, "Total Cost": 0.26, "Plan Rows": 1, "Plan Width": 0, "Index Cond": "(id = ml.link_type_id)"}]}]}, {"Node Type": "Bitmap Heap Scan", "Parent Relationship": "Inner", "Relation Name": "company_type", "Alias": "ct", "Startup Cost": 0.26, "Total Cost": 4.27, "Plan Rows": 1, "Plan Width": 4, "Recheck Cond": "(id = mc.company_type_id)", "Filter": "((kind)::text = 'production companies'::text)", "Plans": [{"Node Type": "Bitmap Index Scan", "Parent Relationship": "Outer", "Index Name": "company_type_pkey", "Startup Cost": 0.0, "Total Cost": 0.26, "Plan Rows": 1, "Plan Width": 0, "Index Cond": "(id = mc.company_type_id)"}]}]}]}, "Unique SQL Id": 4121279504}, "explain_analyze_plan": null}, "(1, 52)": {"explain_plan": {"Plan": {"Node Type": "Aggregate", "Strategy": "Plain", "Startup Cost": 2581.34, "Total Cost": 2581.35, "Plan Rows": 1, "Plan Width": 144, "Plans": [{"Node Type": "Nested Loop", "Parent Relationship": "Outer", "Join Type": "Inner", "Startup Cost": 4.51, "Total Cost": 2581.33, "Plan Rows": 1, "Plan Width": 48, "Inner Unique": true, "Plans": [{"Node Type": "Nested Loop", "Parent Relationship": "Outer", "Join Type": "Inner", "Startup Cost": 4.51, "Total Cost": 2581.05, "Plan Rows": 1, "Plan Width": 40, "Inner Unique": false, "Join Filter": "(t.id = ml.movie_id)", "Plans": [{"Node Type": "Nested Loop", "Parent Relationship": "Outer", "Join Type": "Inner", "Startup Cost": 4.51, "Total Cost": 2580.63, "Plan Rows": 1, "Plan Width": 48, "Inner Unique": true, "Plans": [{"Node Type": "Nested Loop", "Parent Relationship": "Outer", "Join Type": "Inner", "Startup Cost": 4.51, "Total Cost": 2580.35, "Plan Rows": 1, "Plan Width": 52, "Inner Unique": true, "Plans": [{"Node Type": "Nested Loop", "Parent Relationship": "Outer", "Join Type": "Inner", "Startup Cost": 4.51, "Total Cost": 2580.05, "Plan Rows": 1, "Plan Width": 37, "Inner Unique": false, "Join Filter": "(t.id = mc.movie_id)", "Plans": [{"Node Type": "Nested Loop", "Parent Relationship": "Outer", "Join Type": "Inner", "Startup Cost": 4.51, "Total Cost": 2579.71, "Plan Rows": 1, "Plan Width": 25, "Inner Unique": true, "Plans": [{"Node Type": "Nested Loop", "Parent Relationship": "Outer", "Join Type": "Inner", "Startup Cost": 4.51, "Total Cost": 2569.02, "Plan Rows": 33, "Plan Width": 4, "Inner Unique": false, "Plans": [{"Node Type": "Seq Scan", "Parent Relationship": "Outer", "Relation Name": "keyword", "Alias": "k", "Startup Cost": 0.0, "Total Cost": 2436.11, "Plan Rows": 1, "Plan Width": 4, "Filter": "((keyword)::text = 'sequel'::text)"}, {"Node Type": "Bitmap Heap Scan", "Parent Relationship": "Inner", "Relation Name": "movie_keyword", "Alias": "mk", "Startup Cost": 4.51, "Total Cost": 132.58, "Plan Rows": 33, "Plan Width": 8, "Recheck Cond": "(keyword_id = k.id)", "Plans": [{"Node Type": "Bitmap Index Scan", "Parent Relationship": "Outer", "Index Name": "keyword_id_movie_keyword", "Startup Cost": 0.0, "Total Cost": 4.5, "Plan Rows": 33, "Plan Width": 0, "Index Cond": "(keyword_id = k.id)"}]}]}, {"Node Type": "Index Scan", "Parent Relationship": "Inner", "Scan Direction": "Forward", "Index Name": "title_pkey", "Relation Name": "title", "Alias": "t", "Startup Cost": 0.0, "Total Cost": 0.31, "Plan Rows": 1, "Plan Width": 21, "Index Cond": "(id = mk.movie_id)", "Filter": "(((title)::text ~~ '%Money%'::text) AND (production_year = 1998))"}]}, {"Node Type": "Index Scan", "Parent Relationship": "Inner", "Scan Direction": "Forward", "Index Name": "movie_id_movie_companies", "Relation Name": "movie_companies", "Alias": "mc", "Startup Cost": 0.0, "Total Cost": 0.31, "Plan Rows": 2, "Plan Width": 12, "Index Cond": "(movie_id = mk.movie_id)", "Filter": "(note IS NULL)"}]}, {"Node Type": "Index Scan", "Parent Relationship": "Inner", "Scan Direction": "Forward", "Index Name": "company_name_pkey", "Relation Name": "company_name", "Alias": "cn", "Startup Cost": 0.0, "Total Cost": 0.29, "Plan Rows": 1, "Plan Width": 23, "Index Cond": "(id = mc.company_id)", "Filter": "(((country_code)::text <> '[pl]'::text) AND (((name)::text ~~ '%Film%'::text) OR ((name)::text ~~ '%Warner%'::text)))"}]}, {"Node Type": "Index Scan", "Parent Relationship": "Inner", "Scan Direction": "Forward", "Index Name": "company_type_pkey", "Relation Name": "company_type", "Alias": "ct", "Startup Cost": 0.0, "Total Cost": 0.27, "Plan Rows": 1, "Plan Width": 4, "Index Cond": "(id = mc.company_type_id)", "Filter": "((kind)::text = 'production companies'::text)"}]}, {"Node Type": "Index Scan", "Parent Relationship": "Inner", "Scan Direction": "Forward", "Index Name": "movie_id_movie_link", "Relation Name": "movie_link", "Alias": "ml", "Startup Cost": 0.0, "Total Cost": 0.35, "Plan Rows": 5, "Plan Width": 8, "Index Cond": "(movie_id = mk.movie_id)"}]}, {"Node Type": "Index Scan", "Parent Relationship": "Inner", "Scan Direction": "Forward", "Index Name": "link_type_pkey", "Relation Name": "link_type", "Alias": "lt", "Startup Cost": 0.0, "Total Cost": 0.27, "Plan Rows": 1, "Plan Width": 16, "Index Cond": "(id = ml.link_type_id)", "Filter": "((link)::text ~~ '%follows%'::text)"}]}]}, "Unique SQL Id": 4121279504}, "explain_analyze_plan": {"Plan": {"Node Type": "Aggregate", "Strategy": "Plain", "Startup Cost": 2581.34, "Total Cost": 2581.35, "Plan Rows": 1, "Plan Width": 144, "Actual Startup Time": 107.057, "Actual Total Time": 107.057, "Actual Rows": 1, "Actual Loops": 1, "Plans": [{"Node Type": "Nested Loop", "Parent Relationship": "Outer", "Join Type": "Inner", "Startup Cost": 4.51, "Total Cost": 2581.33, "Plan Rows": 1, "Plan Width": 48, "Actual Startup Time": 107.047, "Actual Total Time": 107.047, "Actual Rows": 0, "Actual Loops": 1, "Inner Unique": true, "Plans": [{"Node Type": "Nested Loop", "Parent Relationship": "Outer", "Join Type": "Inner", "Startup Cost": 4.51, "Total Cost": 2581.05, "Plan Rows": 1, "Plan Width": 40, "Actual Startup Time": 5.482, "Actual Total Time": 106.959, "Actual Rows": 38, "Actual Loops": 1, "Inner Unique": false, "Join Filter": "(t.id = ml.movie_id)", "Rows Removed by Join Filter": 0, "Plans": [{"Node Type": "Nested Loop", "Parent Relationship": "Outer", "Join Type": "Inner", "Startup Cost": 4.51, "Total Cost": 2580.63, "Plan Rows": 1, "Plan Width": 48, "Actual Startup Time": 5.471, "Actual Total Time": 106.908, "Actual Rows": 2, "Actual Loops": 1, "Inner Unique": true, "Plans": [{"Node Type": "Nested Loop", "Parent Relationship": "Outer", "Join Type": "Inner", "Startup Cost": 4.51, "Total Cost": 2580.35, "Plan Rows": 1, "Plan Width": 52, "Actual Startup Time": 5.461, "Actual Total Time": 106.893, "Actual Rows": 2, "Actual Loops": 1, "Inner Unique": true, "Plans": [{"Node Type": "Nested Loop", "Parent Relationship": "Outer", "Join Type": "Inner", "Startup Cost": 4.51, "Total Cost": 2580.05, "Plan Rows": 1, "Plan Width": 37, "Actual Startup Time": 5.448, "Actual Total Time": 106.864, "Actual Rows": 3, "Actual Loops": 1, "Inner Unique": false, "Join Filter": "(t.id = mc.movie_id)", "Rows Removed by Join Filter": 0, "Plans": [{"Node Type": "Nested Loop", "Parent Relationship": "Outer", "Join Type": "Inner", "Startup Cost": 4.51, "Total Cost": 2579.71, "Plan Rows": 1, "Plan Width": 25, "Actual Startup Time": 5.434, "Actual Total Time": 106.846, "Actual Rows": 1, "Actual Loops": 1, "Inner Unique": true, "Plans": [{"Node Type": "Nested Loop", "Parent Relationship": "Outer", "Join Type": "Inner", "Startup Cost": 4.51, "Total Cost": 2569.02, "Plan Rows": 33, "Plan Width": 4, "Actual Startup Time": 5.175, "Actual Total Time": 57.215, "Actual Rows": 10544, "Actual Loops": 1, "Inner Unique": false, "Plans": [{"Node Type": "Seq Scan", "Parent Relationship": "Outer", "Relation Name": "keyword", "Alias": "k", "Startup Cost": 0.0, "Total Cost": 2436.11, "Plan Rows": 1, "Plan Width": 4, "Actual Startup Time": 2.299, "Actual Total Time": 40.531, "Actual Rows": 1, "Actual Loops": 1, "Filter": "((keyword)::text = 'sequel'::text)", "Rows Removed by Filter": 134168}, {"Node Type": "Bitmap Heap Scan", "Parent Relationship": "Inner", "Relation Name": "movie_keyword", "Alias": "mk", "Startup Cost": 4.51, "Total Cost": 132.58, "Plan Rows": 33, "Plan Width": 8, "Actual Startup Time": 2.868, "Actual Total Time": 14.547, "Actual Rows": 10544, "Actual Loops": 1, "Recheck Cond": "(keyword_id = k.id)", "Rows Removed by Index Recheck": 0, "Exact Heap Blocks": 5090, "Lossy Heap Blocks": 5090, "Plans": [{"Node Type": "Bitmap Index Scan", "Parent Relationship": "Outer", "Index Name": "keyword_id_movie_keyword", "Startup Cost": 0.0, "Total Cost": 4.5, "Plan Rows": 33, "Plan Width": 0, "Actual Startup Time": 1.963, "Actual Total Time": 1.963, "Actual Rows": 10544, "Actual Loops": 1, "Index Cond": "(keyword_id = k.id)"}]}]}, {"Node Type": "Index Scan", "Parent Relationship": "Inner", "Scan Direction": "Forward", "Index Name": "title_pkey", "Relation Name": "title", "Alias": "t", "Startup Cost": 0.0, "Total Cost": 0.31, "Plan Rows": 1, "Plan Width": 21, "Actual Startup Time": 44.363, "Actual Total Time": 44.363, "Actual Rows": 1, "Actual Loops": 10544, "Index Cond": "(id = mk.movie_id)", "Rows Removed by Index Recheck": 0, "Filter": "(((title)::text ~~ '%Money%'::text) AND (production_year = 1998))", "Rows Removed by Filter": 10543}]}, {"Node Type": "Index Scan", "Parent Relationship": "Inner", "Scan Direction": "Forward", "Index Name": "movie_id_movie_companies", "Relation Name": "movie_companies", "Alias": "mc", "Startup Cost": 0.0, "Total Cost": 0.31, "Plan Rows": 2, "Plan Width": 12, "Actual Startup Time": 0.011, "Actual Total Time": 0.014, "Actual Rows": 3, "Actual Loops": 1, "Index Cond": "(movie_id = mk.movie_id)", "Rows Removed by Index Recheck": 0, "Filter": "(note IS NULL)", "Rows Removed by Filter": 1}]}, {"Node Type": "Index Scan", "Parent Relationship": "Inner", "Scan Direction": "Forward", "Index Name": "company_name_pkey", "Relation Name": "company_name", "Alias": "cn", "Startup Cost": 0.0, "Total Cost": 0.29, "Plan Rows": 1, "Plan Width": 23, "Actual Startup Time": 0.025, "Actual Total Time": 0.025, "Actual Rows": 2, "Actual Loops": 3, "Index Cond": "(id = mc.company_id)", "Rows Removed by Index Recheck": 0, "Filter": "(((country_code)::text <> '[pl]'::text) AND (((name)::text ~~ '%Film%'::text) OR ((name)::text ~~ '%Warner%'::text)))", "Rows Removed by Filter": 1}]}, {"Node Type": "Index Scan", "Parent Relationship": "Inner", "Scan Direction": "Forward", "Index Name": "company_type_pkey", "Relation Name": "company_type", "Alias": "ct", "Startup Cost": 0.0, "Total Cost": 0.27, "Plan Rows": 1, "Plan Width": 4, "Actual Startup Time": 0.01, "Actual Total Time": 0.01, "Actual Rows": 2, "Actual Loops": 2, "Index Cond": "(id = mc.company_type_id)", "Rows Removed by Index Recheck": 0, "Filter": "((kind)::text = 'production companies'::text)", "Rows Removed by Filter": 0}]}, {"Node Type": "Index Scan", "Parent Relationship": "Inner", "Scan Direction": "Forward", "Index Name": "movie_id_movie_link", "Relation Name": "movie_link", "Alias": "ml", "Startup Cost": 0.0, "Total Cost": 0.35, "Plan Rows": 5, "Plan Width": 8, "Actual Startup Time": 0.011, "Actual Total Time": 0.027, "Actual Rows": 38, "Actual Loops": 2, "Index Cond": "(movie_id = mk.movie_id)", "Rows Removed by Index Recheck": 0}]}, {"Node Type": "Index Scan", "Parent Relationship": "Inner", "Scan Direction": "Forward", "Index Name": "link_type_pkey", "Relation Name": "link_type", "Alias": "lt", "Startup Cost": 0.0, "Total Cost": 0.27, "Plan Rows": 1, "Plan Width": 16, "Actual Startup Time": 0.073, "Actual Total Time": 0.073, "Actual Rows": 0, "Actual Loops": 38, "Index Cond": "(id = ml.link_type_id)", "Rows Removed by Index Recheck": 0, "Filter": "((link)::text ~~ '%follows%'::text)", "Rows Removed by Filter": 24}]}]}, "Triggers": [], "Planner Runtime": 64.386, "Total Runtime": 107.455, "Unique SQL Id": 4121279504}}, "(1, 53)": {"explain_plan": {"Plan": {"Node Type": "Aggregate", "Strategy": "Plain", "Startup Cost": 3327.94, "Total Cost": 3327.95, "Plan Rows": 1, "Plan Width": 144, "Plans": [{"Node Type": "Nested Loop", "Parent Relationship": "Outer", "Join Type": "Inner", "Startup Cost": 4.51, "Total Cost": 3327.93, "Plan Rows": 1, "Plan Width": 48, "Inner Unique": true, "Plans": [{"Node Type": "Nested Loop", "Parent Relationship": "Outer", "Join Type": "Inner", "Startup Cost": 4.51, "Total Cost": 3327.65, "Plan Rows": 1, "Plan Width": 40, "Inner Unique": false, "Join Filter": "(t.id = ml.movie_id)", "Plans": [{"Node Type": "Nested Loop", "Parent Relationship": "Outer", "Join Type": "Inner", "Startup Cost": 4.51, "Total Cost": 3327.24, "Plan Rows": 1, "Plan Width": 48, "Inner Unique": true, "Plans": [{"Node Type": "Nested Loop", "Parent Relationship": "Outer", "Join Type": "Inner", "Startup Cost": 4.51, "Total Cost": 3326.95, "Plan Rows": 1, "Plan Width": 52, "Inner Unique": true, "Plans": [{"Node Type": "Nested Loop", "Parent Relationship": "Outer", "Join Type": "Inner", "Startup Cost": 4.51, "Total Cost": 3326.66, "Plan Rows": 1, "Plan Width": 37, "Inner Unique": false, "Join Filter": "(t.id = mc.movie_id)", "Plans": [{"Node Type": "Nested Loop", "Parent Relationship": "Outer", "Join Type": "Inner", "Startup Cost": 4.51, "Total Cost": 3326.32, "Plan Rows": 1, "Plan Width": 25, "Inner Unique": true, "Plans": [{"Node Type": "Nested Loop", "Parent Relationship": "Outer", "Join Type": "Inner", "Startup Cost": 4.51, "Total Cost": 3315.63, "Plan Rows": 33, "Plan Width": 4, "Inner Unique": false, "Plans": [{"Node Type": "Index Scan", "Parent Relationship": "Outer", "Scan Direction": "Forward", "Index Name": "keyword_pkey", "Relation Name": "keyword", "Alias": "k", "Startup Cost": 0.0, "Total Cost": 3182.72, "Plan Rows": 1, "Plan Width": 4, "Filter": "((keyword)::text = 'sequel'::text)"}, {"Node Type": "Bitmap Heap Scan", "Parent Relationship": "Inner", "Relation Name": "movie_keyword", "Alias": "mk", "Startup Cost": 4.51, "Total Cost": 132.58, "Plan Rows": 33, "Plan Width": 8, "Recheck Cond": "(keyword_id = k.id)", "Plans": [{"Node Type": "Bitmap Index Scan", "Parent Relationship": "Outer", "Index Name": "keyword_id_movie_keyword", "Startup Cost": 0.0, "Total Cost": 4.5, "Plan Rows": 33, "Plan Width": 0, "Index Cond": "(keyword_id = k.id)"}]}]}, {"Node Type": "Index Scan", "Parent Relationship": "Inner", "Scan Direction": "Forward", "Index Name": "title_pkey", "Relation Name": "title", "Alias": "t", "Startup Cost": 0.0, "Total Cost": 0.31, "Plan Rows": 1, "Plan Width": 21, "Index Cond": "(id = mk.movie_id)", "Filter": "(((title)::text ~~ '%Money%'::text) AND (production_year = 1998))"}]}, {"Node Type": "Index Scan", "Parent Relationship": "Inner", "Scan Direction": "Forward", "Index Name": "movie_id_movie_companies", "Relation Name": "movie_companies", "Alias": "mc", "Startup Cost": 0.0, "Total Cost": 0.31, "Plan Rows": 2, "Plan Width": 12, "Index Cond": "(movie_id = mk.movie_id)", "Filter": "(note IS NULL)"}]}, {"Node Type": "Index Scan", "Parent Relationship": "Inner", "Scan Direction": "Forward", "Index Name": "company_name_pkey", "Relation Name": "company_name", "Alias": "cn", "Startup Cost": 0.0, "Total Cost": 0.29, "Plan Rows": 1, "Plan Width": 23, "Index Cond": "(id = mc.company_id)", "Filter": "(((country_code)::text <> '[pl]'::text) AND (((name)::text ~~ '%Film%'::text) OR ((name)::text ~~ '%Warner%'::text)))"}]}, {"Node Type": "Index Scan", "Parent Relationship": "Inner", "Scan Direction": "Forward", "Index Name": "company_type_pkey", "Relation Name": "company_type", "Alias": "ct", "Startup Cost": 0.0, "Total Cost": 0.27, "Plan Rows": 1, "Plan Width": 4, "Index Cond": "(id = mc.company_type_id)", "Filter": "((kind)::text = 'production companies'::text)"}]}, {"Node Type": "Index Scan", "Parent Relationship": "Inner", "Scan Direction": "Forward", "Index Name": "movie_id_movie_link", "Relation Name": "movie_link", "Alias": "ml", "Startup Cost": 0.0, "Total Cost": 0.35, "Plan Rows": 5, "Plan Width": 8, "Index Cond": "(movie_id = mk.movie_id)"}]}, {"Node Type": "Index Scan", "Parent Relationship": "Inner", "Scan Direction": "Forward", "Index Name": "link_type_pkey", "Relation Name": "link_type", "Alias": "lt", "Startup Cost": 0.0, "Total Cost": 0.27, "Plan Rows": 1, "Plan Width": 16, "Index Cond": "(id = ml.link_type_id)", "Filter": "((link)::text ~~ '%follows%'::text)"}]}]}, "Unique SQL Id": 4121279504}, "explain_analyze_plan": {"Plan": {"Node Type": "Aggregate", "Strategy": "Plain", "Startup Cost": 3327.94, "Total Cost": 3327.95, "Plan Rows": 1, "Plan Width": 144, "Actual Startup Time": 181.02, "Actual Total Time": 181.021, "Actual Rows": 1, "Actual Loops": 1, "Plans": [{"Node Type": "Nested Loop", "Parent Relationship": "Outer", "Join Type": "Inner", "Startup Cost": 4.51, "Total Cost": 3327.93, "Plan Rows": 1, "Plan Width": 48, "Actual Startup Time": 181.01, "Actual Total Time": 181.01, "Actual Rows": 0, "Actual Loops": 1, "Inner Unique": true, "Plans": [{"Node Type": "Nested Loop", "Parent Relationship": "Outer", "Join Type": "Inner", "Startup Cost": 4.51, "Total Cost": 3327.65, "Plan Rows": 1, "Plan Width": 40, "Actual Startup Time": 3.646, "Actual Total Time": 180.923, "Actual Rows": 38, "Actual Loops": 1, "Inner Unique": false, "Join Filter": "(t.id = ml.movie_id)", "Rows Removed by Join Filter": 0, "Plans": [{"Node Type": "Nested Loop", "Parent Relationship": "Outer", "Join Type": "Inner", "Startup Cost": 4.51, "Total Cost": 3327.24, "Plan Rows": 1, "Plan Width": 48, "Actual Startup Time": 3.636, "Actual Total Time": 180.883, "Actual Rows": 2, "Actual Loops": 1, "Inner Unique": true, "Plans": [{"Node Type": "Nested Loop", "Parent Relationship": "Outer", "Join Type": "Inner", "Startup Cost": 4.51, "Total Cost": 3326.95, "Plan Rows": 1, "Plan Width": 52, "Actual Startup Time": 3.627, "Actual Total Time": 180.869, "Actual Rows": 2, "Actual Loops": 1, "Inner Unique": true, "Plans": [{"Node Type": "Nested Loop", "Parent Relationship": "Outer", "Join Type": "Inner", "Startup Cost": 4.51, "Total Cost": 3326.66, "Plan Rows": 1, "Plan Width": 37, "Actual Startup Time": 3.613, "Actual Total Time": 180.84, "Actual Rows": 3, "Actual Loops": 1, "Inner Unique": false, "Join Filter": "(t.id = mc.movie_id)", "Rows Removed by Join Filter": 0, "Plans": [{"Node Type": "Nested Loop", "Parent Relationship": "Outer", "Join Type": "Inner", "Startup Cost": 4.51, "Total Cost": 3326.32, "Plan Rows": 1, "Plan Width": 25, "Actual Startup Time": 3.597, "Actual Total Time": 180.82, "Actual Rows": 1, "Actual Loops": 1, "Inner Unique": true, "Plans": [{"Node Type": "Nested Loop", "Parent Relationship": "Outer", "Join Type": "Inner", "Startup Cost": 4.51, "Total Cost": 3315.63, "Plan Rows": 33, "Plan Width": 4, "Actual Startup Time": 3.337, "Actual Total Time": 130.626, "Actual Rows": 10544, "Actual Loops": 1, "Inner Unique": false, "Plans": [{"Node Type": "Index Scan", "Parent Relationship": "Outer", "Scan Direction": "Forward", "Index Name": "keyword_pkey", "Relation Name": "keyword", "Alias": "k", "Startup Cost": 0.0, "Total Cost": 3182.72, "Plan Rows": 1, "Plan Width": 4, "Actual Startup Time": 0.436, "Actual Total Time": 113.393, "Actual Rows": 1, "Actual Loops": 1, "Filter": "((keyword)::text = 'sequel'::text)", "Rows Removed by Filter": 134168}, {"Node Type": "Bitmap Heap Scan", "Parent Relationship": "Inner", "Relation Name": "movie_keyword", "Alias": "mk", "Startup Cost": 4.51, "Total Cost": 132.58, "Plan Rows": 33, "Plan Width": 8, "Actual Startup Time": 2.893, "Actual Total Time": 14.881, "Actual Rows": 10544, "Actual Loops": 1, "Recheck Cond": "(keyword_id = k.id)", "Rows Removed by Index Recheck": 0, "Exact Heap Blocks": 5090, "Lossy Heap Blocks": 5090, "Plans": [{"Node Type": "Bitmap Index Scan", "Parent Relationship": "Outer", "Index Name": "keyword_id_movie_keyword", "Startup Cost": 0.0, "Total Cost": 4.5, "Plan Rows": 33, "Plan Width": 0, "Actual Startup Time": 1.993, "Actual Total Time": 1.993, "Actual Rows": 10544, "Actual Loops": 1, "Index Cond": "(keyword_id = k.id)"}]}]}, {"Node Type": "Index Scan", "Parent Relationship": "Inner", "Scan Direction": "Forward", "Index Name": "title_pkey", "Relation Name": "title", "Alias": "t", "Startup Cost": 0.0, "Total Cost": 0.31, "Plan Rows": 1, "Plan Width": 21, "Actual Startup Time": 44.981, "Actual Total Time": 44.981, "Actual Rows": 1, "Actual Loops": 10544, "Index Cond": "(id = mk.movie_id)", "Rows Removed by Index Recheck": 0, "Filter": "(((title)::text ~~ '%Money%'::text) AND (production_year = 1998))", "Rows Removed by Filter": 10543}]}, {"Node Type": "Index Scan", "Parent Relationship": "Inner", "Scan Direction": "Forward", "Index Name": "movie_id_movie_companies", "Relation Name": "movie_companies", "Alias": "mc", "Startup Cost": 0.0, "Total Cost": 0.31, "Plan Rows": 2, "Plan Width": 12, "Actual Startup Time": 0.012, "Actual Total Time": 0.013, "Actual Rows": 3, "Actual Loops": 1, "Index Cond": "(movie_id = mk.movie_id)", "Rows Removed by Index Recheck": 0, "Filter": "(note IS NULL)", "Rows Removed by Filter": 1}]}, {"Node Type": "Index Scan", "Parent Relationship": "Inner", "Scan Direction": "Forward", "Index Name": "company_name_pkey", "Relation Name": "company_name", "Alias": "cn", "Startup Cost": 0.0, "Total Cost": 0.29, "Plan Rows": 1, "Plan Width": 23, "Actual Startup Time": 0.023, "Actual Total Time": 0.023, "Actual Rows": 2, "Actual Loops": 3, "Index Cond": "(id = mc.company_id)", "Rows Removed by Index Recheck": 0, "Filter": "(((country_code)::text <> '[pl]'::text) AND (((name)::text ~~ '%Film%'::text) OR ((name)::text ~~ '%Warner%'::text)))", "Rows Removed by Filter": 1}]}, {"Node Type": "Index Scan", "Parent Relationship": "Inner", "Scan Direction": "Forward", "Index Name": "company_type_pkey", "Relation Name": "company_type", "Alias": "ct", "Startup Cost": 0.0, "Total Cost": 0.27, "Plan Rows": 1, "Plan Width": 4, "Actual Startup Time": 0.009, "Actual Total Time": 0.009, "Actual Rows": 2, "Actual Loops": 2, "Index Cond": "(id = mc.company_type_id)", "Rows Removed by Index Recheck": 0, "Filter": "((kind)::text = 'production companies'::text)", "Rows Removed by Filter": 0}]}, {"Node Type": "Index Scan", "Parent Relationship": "Inner", "Scan Direction": "Forward", "Index Name": "movie_id_movie_link", "Relation Name": "movie_link", "Alias": "ml", "Startup Cost": 0.0, "Total Cost": 0.35, "Plan Rows": 5, "Plan Width": 8, "Actual Startup Time": 0.011, "Actual Total Time": 0.023, "Actual Rows": 38, "Actual Loops": 2, "Index Cond": "(movie_id = mk.movie_id)", "Rows Removed by Index Recheck": 0}]}, {"Node Type": "Index Scan", "Parent Relationship": "Inner", "Scan Direction": "Forward", "Index Name": "link_type_pkey", "Relation Name": "link_type", "Alias": "lt", "Startup Cost": 0.0, "Total Cost": 0.27, "Plan Rows": 1, "Plan Width": 16, "Actual Startup Time": 0.063, "Actual Total Time": 0.063, "Actual Rows": 0, "Actual Loops": 38, "Index Cond": "(id = ml.link_type_id)", "Rows Removed by Index Recheck": 0, "Filter": "((link)::text ~~ '%follows%'::text)", "Rows Removed by Filter": 24}]}]}, "Triggers": [], "Planner Runtime": 58.021, "Total Runtime": 181.432, "Unique SQL Id": 4121279504}}, "(1, 54)": {"explain_plan": {"Plan": {"Node Type": "Aggregate", "Strategy": "Plain", "Startup Cost": 2726.02, "Total Cost": 2726.03, "Plan Rows": 1, "Plan Width": 144, "Plans": [{"Node Type": "Nested Loop", "Parent Relationship": "Outer", "Join Type": "Inner", "Startup Cost": 5.59, "Total Cost": 2726.01, "Plan Rows": 1, "Plan Width": 48, "Inner Unique": true, "Join Filter": "(ml.link_type_id = lt.id)", "Plans": [{"Node Type": "Nested Loop", "Parent Relationship": "Outer", "Join Type": "Inner", "Startup Cost": 5.59, "Total Cost": 2724.78, "Plan Rows": 1, "Plan Width": 40, "Inner Unique": false, "Join Filter": "(t.id = ml.movie_id)", "Plans": [{"Node Type": "Nested Loop", "Parent Relationship": "Outer", "Join Type": "Inner", "Startup Cost": 5.3, "Total Cost": 2720.37, "Plan Rows": 1, "Plan Width": 48, "Inner Unique": true, "Join Filter": "(mc.company_type_id = ct.id)", "Plans": [{"Node Type": "Nested Loop", "Parent Relationship": "Outer", "Join Type": "Inner", "Startup Cost": 5.3, "Total Cost": 2719.32, "Plan Rows": 1, "Plan Width": 52, "Inner Unique": true, "Plans": [{"Node Type": "Nested Loop", "Parent Relationship": "Outer", "Join Type": "Inner", "Startup Cost": 5.05, "Total Cost": 2715.03, "Plan Rows": 1, "Plan Width": 37, "Inner Unique": false, "Join Filter": "(t.id = mc.movie_id)", "Plans": [{"Node Type": "Nested Loop", "Parent Relationship": "Outer", "Join Type": "Inner", "Startup Cost": 4.77, "Total Cost": 2710.71, "Plan Rows": 1, "Plan Width": 25, "Inner Unique": true, "Plans": [{"Node Type": "Nested Loop", "Parent Relationship": "Outer", "Join Type": "Inner", "Startup Cost": 4.51, "Total Cost": 2569.02, "Plan Rows": 33, "Plan Width": 4, "Inner Unique": false, "Plans": [{"Node Type": "Seq Scan", "Parent Relationship": "Outer", "Relation Name": "keyword", "Alias": "k", "Startup Cost": 0.0, "Total Cost": 2436.11, "Plan Rows": 1, "Plan Width": 4, "Filter": "((keyword)::text = 'sequel'::text)"}, {"Node Type": "Bitmap Heap Scan", "Parent Relationship": "Inner", "Relation Name": "movie_keyword", "Alias": "mk", "Startup Cost": 4.51, "Total Cost": 132.58, "Plan Rows": 33, "Plan Width": 8, "Recheck Cond": "(keyword_id = k.id)", "Plans": [{"Node Type": "Bitmap Index Scan", "Parent Relationship": "Outer", "Index Name": "keyword_id_movie_keyword", "Startup Cost": 0.0, "Total Cost": 4.5, "Plan Rows": 33, "Plan Width": 0, "Index Cond": "(keyword_id = k.id)"}]}]}, {"Node Type": "Bitmap Heap Scan", "Parent Relationship": "Inner", "Relation Name": "title", "Alias": "t", "Startup Cost": 0.27, "Total Cost": 4.28, "Plan Rows": 1, "Plan Width": 21, "Recheck Cond": "(id = mk.movie_id)", "Filter": "(((title)::text ~~ '%Money%'::text) AND (production_year = 1998))", "Plans": [{"Node Type": "Bitmap Index Scan", "Parent Relationship": "Outer", "Index Name": "title_pkey", "Startup Cost": 0.0, "Total Cost": 0.27, "Plan Rows": 1, "Plan Width": 0, "Index Cond": "(id = mk.movie_id)"}]}]}, {"Node Type": "Bitmap Heap Scan", "Parent Relationship": "Inner", "Relation Name": "movie_companies", "Alias": "mc", "Startup Cost": 0.27, "Total Cost": 4.3, "Plan Rows": 2, "Plan Width": 12, "Recheck Cond": "(movie_id = mk.movie_id)", "Filter": "(note IS NULL)", "Plans": [{"Node Type": "Bitmap Index Scan", "Parent Relationship": "Outer", "Index Name": "movie_id_movie_companies", "Startup Cost": 0.0, "Total Cost": 0.27, "Plan Rows": 2, "Plan Width": 0, "Index Cond": "(movie_id = mk.movie_id)"}]}]}, {"Node Type": "Bitmap Heap Scan", "Parent Relationship": "Inner", "Relation Name": "company_name", "Alias": "cn", "Startup Cost": 0.26, "Total Cost": 4.28, "Plan Rows": 1, "Plan Width": 23, "Recheck Cond": "(id = mc.company_id)", "Filter": "(((country_code)::text <> '[pl]'::text) AND (((name)::text ~~ '%Film%'::text) OR ((name)::text ~~ '%Warner%'::text)))", "Plans": [{"Node Type": "Bitmap Index Scan", "Parent Relationship": "Outer", "Index Name": "company_name_pkey", "Startup Cost": 0.0, "Total Cost": 0.26, "Plan Rows": 1, "Plan Width": 0, "Index Cond": "(id = mc.company_id)"}]}]}, {"Node Type": "Seq Scan", "Parent Relationship": "Inner", "Relation Name": "company_type", "Alias": "ct", "Startup Cost": 0.0, "Total Cost": 1.04, "Plan Rows": 1, "Plan Width": 4, "Filter": "((kind)::text = 'production companies'::text)"}]}, {"Node Type": "Bitmap Heap Scan", "Parent Relationship": "Inner", "Relation Name": "movie_link", "Alias": "ml", "Startup Cost": 0.29, "Total Cost": 4.35, "Plan Rows": 5, "Plan Width": 8, "Recheck Cond": "(movie_id = mk.movie_id)", "Plans": [{"Node Type": "Bitmap Index Scan", "Parent Relationship": "Outer", "Index Name": "movie_id_movie_link", "Startup Cost": 0.0, "Total Cost": 0.29, "Plan Rows": 5, "Plan Width": 0, "Index Cond": "(movie_id = mk.movie_id)"}]}]}, {"Node Type": "Seq Scan", "Parent Relationship": "Inner", "Relation Name": "link_type", "Alias": "lt", "Startup Cost": 0.0, "Total Cost": 1.21, "Plan Rows": 1, "Plan Width": 16, "Filter": "((link)::text ~~ '%follows%'::text)"}]}]}, "Unique SQL Id": 4121279504}, "explain_analyze_plan": {"Plan": {"Node Type": "Aggregate", "Strategy": "Plain", "Startup Cost": 2726.02, "Total Cost": 2726.03, "Plan Rows": 1, "Plan Width": 144, "Actual Startup Time": 123.802, "Actual Total Time": 123.802, "Actual Rows": 1, "Actual Loops": 1, "Plans": [{"Node Type": "Nested Loop", "Parent Relationship": "Outer", "Join Type": "Inner", "Startup Cost": 5.59, "Total Cost": 2726.01, "Plan Rows": 1, "Plan Width": 48, "Actual Startup Time": 123.793, "Actual Total Time": 123.793, "Actual Rows": 0, "Actual Loops": 1, "Inner Unique": true, "Join Filter": "(ml.link_type_id = lt.id)", "Rows Removed by Join Filter": 0, "Plans": [{"Node Type": "Nested Loop", "Parent Relationship": "Outer", "Join Type": "Inner", "Startup Cost": 5.59, "Total Cost": 2724.78, "Plan Rows": 1, "Plan Width": 40, "Actual Startup Time": 5.572, "Actual Total Time": 123.464, "Actual Rows": 38, "Actual Loops": 1, "Inner Unique": false, "Join Filter": "(t.id = ml.movie_id)", "Rows Removed by Join Filter": 0, "Plans": [{"Node Type": "Nested Loop", "Parent Relationship": "Outer", "Join Type": "Inner", "Startup Cost": 5.3, "Total Cost": 2720.37, "Plan Rows": 1, "Plan Width": 48, "Actual Startup Time": 5.548, "Actual Total Time": 123.405, "Actual Rows": 2, "Actual Loops": 1, "Inner Unique": true, "Join Filter": "(mc.company_type_id = ct.id)", "Rows Removed by Join Filter": 0, "Plans": [{"Node Type": "Nested Loop", "Parent Relationship": "Outer", "Join Type": "Inner", "Startup Cost": 5.3, "Total Cost": 2719.32, "Plan Rows": 1, "Plan Width": 52, "Actual Startup Time": 5.537, "Actual Total Time": 123.389, "Actual Rows": 2, "Actual Loops": 1, "Inner Unique": true, "Plans": [{"Node Type": "Nested Loop", "Parent Relationship": "Outer", "Join Type": "Inner", "Startup Cost": 5.05, "Total Cost": 2715.03, "Plan Rows": 1, "Plan Width": 37, "Actual Startup Time": 5.522, "Actual Total Time": 123.354, "Actual Rows": 3, "Actual Loops": 1, "Inner Unique": false, "Join Filter": "(t.id = mc.movie_id)", "Rows Removed by Join Filter": 0, "Plans": [{"Node Type": "Nested Loop", "Parent Relationship": "Outer", "Join Type": "Inner", "Startup Cost": 4.77, "Total Cost": 2710.71, "Plan Rows": 1, "Plan Width": 25, "Actual Startup Time": 5.499, "Actual Total Time": 123.328, "Actual Rows": 1, "Actual Loops": 1, "Inner Unique": true, "Plans": [{"Node Type": "Nested Loop", "Parent Relationship": "Outer", "Join Type": "Inner", "Startup Cost": 4.51, "Total Cost": 2569.02, "Plan Rows": 33, "Plan Width": 4, "Actual Startup Time": 5.191, "Actual Total Time": 58.437, "Actual Rows": 10544, "Actual Loops": 1, "Inner Unique": false, "Plans": [{"Node Type": "Seq Scan", "Parent Relationship": "Outer", "Relation Name": "keyword", "Alias": "k", "Startup Cost": 0.0, "Total Cost": 2436.11, "Plan Rows": 1, "Plan Width": 4, "Actual Startup Time": 2.298, "Actual Total Time": 41.897, "Actual Rows": 1, "Actual Loops": 1, "Filter": "((keyword)::text = 'sequel'::text)", "Rows Removed by Filter": 134168}, {"Node Type": "Bitmap Heap Scan", "Parent Relationship": "Inner", "Relation Name": "movie_keyword", "Alias": "mk", "Startup Cost": 4.51, "Total Cost": 132.58, "Plan Rows": 33, "Plan Width": 8, "Actual Startup Time": 2.885, "Actual Total Time": 14.415, "Actual Rows": 10544, "Actual Loops": 1, "Recheck Cond": "(keyword_id = k.id)", "Rows Removed by Index Recheck": 0, "Exact Heap Blocks": 5090, "Lossy Heap Blocks": 5090, "Plans": [{"Node Type": "Bitmap Index Scan", "Parent Relationship": "Outer", "Index Name": "keyword_id_movie_keyword", "Startup Cost": 0.0, "Total Cost": 4.5, "Plan Rows": 33, "Plan Width": 0, "Actual Startup Time": 1.979, "Actual Total Time": 1.979, "Actual Rows": 10544, "Actual Loops": 1, "Index Cond": "(keyword_id = k.id)"}]}]}, {"Node Type": "Bitmap Heap Scan", "Parent Relationship": "Inner", "Relation Name": "title", "Alias": "t", "Startup Cost": 0.27, "Total Cost": 4.28, "Plan Rows": 1, "Plan Width": 21, "Actual Startup Time": 53.127, "Actual Total Time": 53.127, "Actual Rows": 1, "Actual Loops": 10544, "Recheck Cond": "(id = mk.movie_id)", "Rows Removed by Index Recheck": 0, "Filter": "(((title)::text ~~ '%Money%'::text) AND (production_year = 1998))", "Rows Removed by Filter": 10543, "Exact Heap Blocks": 10544, "Lossy Heap Blocks": 10544, "Plans": [{"Node Type": "Bitmap Index Scan", "Parent Relationship": "Outer", "Index Name": "title_pkey", "Startup Cost": 0.0, "Total Cost": 0.27, "Plan Rows": 1, "Plan Width": 0, "Actual Startup Time": 27.96, "Actual Total Time": 27.96, "Actual Rows": 10544, "Actual Loops": 10544, "Index Cond": "(id = mk.movie_id)"}]}]}, {"Node Type": "Bitmap Heap Scan", "Parent Relationship": "Inner", "Relation Name": "movie_companies", "Alias": "mc", "Startup Cost": 0.27, "Total Cost": 4.3, "Plan Rows": 2, "Plan Width": 12, "Actual Startup Time": 0.018, "Actual Total Time": 0.019, "Actual Rows": 3, "Actual Loops": 1, "Recheck Cond": "(movie_id = mk.movie_id)", "Rows Removed by Index Recheck": 0, "Filter": "(note IS NULL)", "Rows Removed by Filter": 1, "Exact Heap Blocks": 2, "Lossy Heap Blocks": 2, "Plans": [{"Node Type": "Bitmap Index Scan", "Parent Relationship": "Outer", "Index Name": "movie_id_movie_companies", "Startup Cost": 0.0, "Total Cost": 0.27, "Plan Rows": 2, "Plan Width": 0, "Actual Startup Time": 0.008, "Actual Total Time": 0.008, "Actual Rows": 4, "Actual Loops": 1, "Index Cond": "(movie_id = mk.movie_id)"}]}]}, {"Node Type": "Bitmap Heap Scan", "Parent Relationship": "Inner", "Relation Name": "company_name", "Alias": "cn", "Startup Cost": 0.26, "Total Cost": 4.28, "Plan Rows": 1, "Plan Width": 23, "Actual Startup Time": 0.029, "Actual Total Time": 0.029, "Actual Rows": 2, "Actual Loops": 3, "Recheck Cond": "(id = mc.company_id)", "Rows Removed by Index Recheck": 0, "Filter": "(((country_code)::text <> '[pl]'::text) AND (((name)::text ~~ '%Film%'::text) OR ((name)::text ~~ '%Warner%'::text)))", "Rows Removed by Filter": 1, "Exact Heap Blocks": 3, "Lossy Heap Blocks": 3, "Plans": [{"Node Type": "Bitmap Index Scan", "Parent Relationship": "Outer", "Index Name": "company_name_pkey", "Startup Cost": 0.0, "Total Cost": 0.26, "Plan Rows": 1, "Plan Width": 0, "Actual Startup Time": 0.015, "Actual Total Time": 0.015, "Actual Rows": 3, "Actual Loops": 3, "Index Cond": "(id = mc.company_id)"}]}]}, {"Node Type": "Seq Scan", "Parent Relationship": "Inner", "Relation Name": "company_type", "Alias": "ct", "Startup Cost": 0.0, "Total Cost": 1.04, "Plan Rows": 1, "Plan Width": 4, "Actual Startup Time": 0.009, "Actual Total Time": 0.009, "Actual Rows": 2, "Actual Loops": 2, "Filter": "((kind)::text = 'production companies'::text)", "Rows Removed by Filter": 0}]}, {"Node Type": "Bitmap Heap Scan", "Parent Relationship": "Inner", "Relation Name": "movie_link", "Alias": "ml", "Startup Cost": 0.29, "Total Cost": 4.35, "Plan Rows": 5, "Plan Width": 8, "Actual Startup Time": 0.027, "Actual Total Time": 0.032, "Actual Rows": 38, "Actual Loops": 2, "Recheck Cond": "(movie_id = mk.movie_id)", "Rows Removed by Index Recheck": 0, "Exact Heap Blocks": 2, "Lossy Heap Blocks": 2, "Plans": [{"Node Type": "Bitmap Index Scan", "Parent Relationship": "Outer", "Index Name": "movie_id_movie_link", "Startup Cost": 0.0, "Total Cost": 0.29, "Plan Rows": 5, "Plan Width": 0, "Actual Startup Time": 0.011, "Actual Total Time": 0.011, "Actual Rows": 38, "Actual Loops": 2, "Index Cond": "(movie_id = mk.movie_id)"}]}]}, {"Node Type": "Seq Scan", "Parent Relationship": "Inner", "Relation Name": "link_type", "Alias": "lt", "Startup Cost": 0.0, "Total Cost": 1.21, "Plan Rows": 1, "Plan Width": 16, "Actual Startup Time": 0.294, "Actual Total Time": 0.294, "Actual Rows": 0, "Actual Loops": 38, "Filter": "((link)::text ~~ '%follows%'::text)", "Rows Removed by Filter": 646}]}]}, "Triggers": [], "Planner Runtime": 52.601, "Total Runtime": 124.232, "Unique SQL Id": 4121279504}}, "(1, 55)": {"explain_plan": {"Plan": {"Node Type": "Aggregate", "Strategy": "Plain", "Startup Cost": 1000014795431.67, "Total Cost": 1000014795431.68, "Plan Rows": 1, "Plan Width": 144, "Plans": [{"Node Type": "Nested Loop", "Parent Relationship": "Outer", "Join Type": "Inner", "Startup Cost": 10000000001.97, "Total Cost": 1000014795431.66, "Plan Rows": 1, "Plan Width": 48, "Inner Unique": true, "Plans": [{"Node Type": "Nested Loop", "Parent Relationship": "Outer", "Join Type": "Inner", "Startup Cost": 10000000001.72, "Total Cost": 1000014795427.38, "Plan Rows": 1, "Plan Width": 52, "Inner Unique": true, "Plans": [{"Node Type": "Nested Loop", "Parent Relationship": "Outer", "Join Type": "Inner", "Startup Cost": 10000000001.46, "Total Cost": 1000014795418.82, "Plan Rows": 2, "Plan Width": 44, "Inner Unique": false, "Join Filter": "(t.id = ml.movie_id)", "Plans": [{"Node Type": "Nested Loop", "Parent Relationship": "Outer", "Join Type": "Inner", "Startup Cost": 10000000001.17, "Total Cost": 1000014795414.4, "Plan Rows": 1, "Plan Width": 52, "Inner Unique": true, "Plans": [{"Node Type": "Nested Loop", "Parent Relationship": "Outer", "Join Type": "Inner", "Startup Cost": 10000000000.91, "Total Cost": 1000014795328.75, "Plan Rows": 20, "Plan Width": 56, "Inner Unique": false, "Join Filter": "(t.id = mk.movie_id)", "Plans": [{"Node Type": "Nested Loop", "Parent Relationship": "Outer", "Join Type": "Inner", "Startup Cost": 10000000000.55, "Total Cost": 1000014795319.62, "Plan Rows": 2, "Plan Width": 48, "Inner Unique": true, "Plans": [{"Node Type": "Nested Loop", "Parent Relationship": "Outer", "Join Type": "Inner", "Startup Cost": 10000000000.29, "Total Cost": 1000014795293.88, "Plan Rows": 6, "Plan Width": 33, "Inner Unique": true, "Plans": [{"Node Type": "Index Scan", "Parent Relationship": "Outer", "Scan Direction": "Forward", "Index Name": "company_type_id_movie_companies", "Relation Name": "movie_companies", "Alias": "mc", "Startup Cost": 10000000000.0, "Total Cost": 1000009318217.0, "Plan Rows": 1269486, "Plan Width": 12, "Filter": "(note IS NULL), (LLVM Optimized)"}, {"Node Type": "Bitmap Heap Scan", "Parent Relationship": "Inner", "Relation Name": "title", "Alias": "t", "Startup Cost": 0.29, "Total Cost": 4.3, "Plan Rows": 1, "Plan Width": 21, "Recheck Cond": "(id = mc.movie_id)", "Filter": "(((title)::text ~~ '%Money%'::text) AND (production_year = 1998))", "Plans": [{"Node Type": "Bitmap Index Scan", "Parent Relationship": "Outer", "Index Name": "title_pkey", "Startup Cost": 0.0, "Total Cost": 0.29, "Plan Rows": 1, "Plan Width": 0, "Index Cond": "(id = mc.movie_id)"}]}]}, {"Node Type": "Bitmap Heap Scan", "Parent Relationship": "Inner", "Relation Name": "company_name", "Alias": "cn", "Startup Cost": 0.26, "Total Cost": 4.28, "Plan Rows": 1, "Plan Width": 23, "Recheck Cond": "(id = mc.company_id)", "Filter": "(((country_code)::text <> '[pl]'::text) AND (((name)::text ~~ '%Film%'::text) OR ((name)::text ~~ '%Warner%'::text)))", "Plans": [{"Node Type": "Bitmap Index Scan", "Parent Relationship": "Outer", "Index Name": "company_name_pkey", "Startup Cost": 0.0, "Total Cost": 0.26, "Plan Rows": 1, "Plan Width": 0, "Index Cond": "(id = mc.company_id)"}]}]}, {"Node Type": "Bitmap Heap Scan", "Parent Relationship": "Inner", "Relation Name": "movie_keyword", "Alias": "mk", "Startup Cost": 0.37, "Total Cost": 4.47, "Plan Rows": 8, "Plan Width": 8, "Recheck Cond": "(movie_id = mc.movie_id)", "Plans": [{"Node Type": "Bitmap Index Scan", "Parent Relationship": "Outer", "Index Name": "movie_id_movie_keyword", "Startup Cost": 0.0, "Total Cost": 0.36, "Plan Rows": 8, "Plan Width": 0, "Index Cond": "(movie_id = mc.movie_id)"}]}]}, {"Node Type": "Bitmap Heap Scan", "Parent Relationship": "Inner", "Relation Name": "keyword", "Alias": "k", "Startup Cost": 0.26, "Total Cost": 4.27, "Plan Rows": 1, "Plan Width": 4, "Recheck Cond": "(id = mk.keyword_id)", "Filter": "((keyword)::text = 'sequel'::text)", "Plans": [{"Node Type": "Bitmap Index Scan", "Parent Relationship": "Outer", "Index Name": "keyword_pkey", "Startup Cost": 0.0, "Total Cost": 0.26, "Plan Rows": 1, "Plan Width": 0, "Index Cond": "(id = mk.keyword_id)"}]}]}, {"Node Type": "Bitmap Heap Scan", "Parent Relationship": "Inner", "Relation Name": "movie_link", "Alias": "ml", "Startup Cost": 0.29, "Total Cost": 4.35, "Plan Rows": 5, "Plan Width": 8, "Recheck Cond": "(movie_id = mk.movie_id)", "Plans": [{"Node Type": "Bitmap Index Scan", "Parent Relationship": "Outer", "Index Name": "movie_id_movie_link", "Startup Cost": 0.0, "Total Cost": 0.29, "Plan Rows": 5, "Plan Width": 0, "Index Cond": "(movie_id = mk.movie_id)"}]}]}, {"Node Type": "Bitmap Heap Scan", "Parent Relationship": "Inner", "Relation Name": "link_type", "Alias": "lt", "Startup Cost": 0.26, "Total Cost": 4.27, "Plan Rows": 1, "Plan Width": 16, "Recheck Cond": "(id = ml.link_type_id)", "Filter": "((link)::text ~~ '%follows%'::text)", "Plans": [{"Node Type": "Bitmap Index Scan", "Parent Relationship": "Outer", "Index Name": "link_type_pkey", "Startup Cost": 0.0, "Total Cost": 0.26, "Plan Rows": 1, "Plan Width": 0, "Index Cond": "(id = ml.link_type_id)"}]}]}, {"Node Type": "Bitmap Heap Scan", "Parent Relationship": "Inner", "Relation Name": "company_type", "Alias": "ct", "Startup Cost": 0.26, "Total Cost": 4.27, "Plan Rows": 1, "Plan Width": 4, "Recheck Cond": "(id = mc.company_type_id)", "Filter": "((kind)::text = 'production companies'::text)", "Plans": [{"Node Type": "Bitmap Index Scan", "Parent Relationship": "Outer", "Index Name": "company_type_pkey", "Startup Cost": 0.0, "Total Cost": 0.26, "Plan Rows": 1, "Plan Width": 0, "Index Cond": "(id = mc.company_type_id)"}]}]}]}, "Unique SQL Id": 4121279504}, "explain_analyze_plan": null}, "(1, 56)": {"explain_plan": {"Plan": {"Node Type": "Aggregate", "Strategy": "Plain", "Startup Cost": 2585.63, "Total Cost": 2585.64, "Plan Rows": 1, "Plan Width": 144, "Plans": [{"Node Type": "Nested Loop", "Parent Relationship": "Outer", "Join Type": "Inner", "Startup Cost": 0.0, "Total Cost": 2585.62, "Plan Rows": 1, "Plan Width": 48, "Inner Unique": true, "Plans": [{"Node Type": "Nested Loop", "Parent Relationship": "Outer", "Join Type": "Inner", "Startup Cost": 0.0, "Total Cost": 2585.34, "Plan Rows": 1, "Plan Width": 40, "Inner Unique": false, "Join Filter": "(t.id = ml.movie_id)", "Plans": [{"Node Type": "Nested Loop", "Parent Relationship": "Outer", "Join Type": "Inner", "Startup Cost": 0.0, "Total Cost": 2584.93, "Plan Rows": 1, "Plan Width": 48, "Inner Unique": true, "Plans": [{"Node Type": "Nested Loop", "Parent Relationship": "Outer", "Join Type": "Inner", "Startup Cost": 0.0, "Total Cost": 2584.64, "Plan Rows": 1, "Plan Width": 52, "Inner Unique": true, "Plans": [{"Node Type": "Nested Loop", "Parent Relationship": "Outer", "Join Type": "Inner", "Startup Cost": 0.0, "Total Cost": 2584.35, "Plan Rows": 1, "Plan Width": 37, "Inner Unique": false, "Join Filter": "(t.id = mc.movie_id)", "Plans": [{"Node Type": "Nested Loop", "Parent Relationship": "Outer", "Join Type": "Inner", "Startup Cost": 0.0, "Total Cost": 2584.01, "Plan Rows": 1, "Plan Width": 25, "Inner Unique": true, "Plans": [{"Node Type": "Nested Loop", "Parent Relationship": "Outer", "Join Type": "Inner", "Startup Cost": 0.0, "Total Cost": 2573.32, "Plan Rows": 33, "Plan Width": 4, "Inner Unique": false, "Plans": [{"Node Type": "Seq Scan", "Parent Relationship": "Outer", "Relation Name": "keyword", "Alias": "k", "Startup Cost": 0.0, "Total Cost": 2436.11, "Plan Rows": 1, "Plan Width": 4, "Filter": "((keyword)::text = 'sequel'::text)"}, {"Node Type": "Index Scan", "Parent Relationship": "Inner", "Scan Direction": "Forward", "Index Name": "keyword_id_movie_keyword", "Relation Name": "movie_keyword", "Alias": "mk", "Startup Cost": 0.0, "Total Cost": 136.88, "Plan Rows": 33, "Plan Width": 8, "Index Cond": "(keyword_id = k.id)"}]}, {"Node Type": "Index Scan", "Parent Relationship": "Inner", "Scan Direction": "Forward", "Index Name": "title_pkey", "Relation Name": "title", "Alias": "t", "Startup Cost": 0.0, "Total Cost": 0.31, "Plan Rows": 1, "Plan Width": 21, "Index Cond": "(id = mk.movie_id)", "Filter": "(((title)::text ~~ '%Money%'::text) AND (production_year = 1998))"}]}, {"Node Type": "Index Scan", "Parent Relationship": "Inner", "Scan Direction": "Forward", "Index Name": "movie_id_movie_companies", "Relation Name": "movie_companies", "Alias": "mc", "Startup Cost": 0.0, "Total Cost": 0.31, "Plan Rows": 2, "Plan Width": 12, "Index Cond": "(movie_id = mk.movie_id)", "Filter": "(note IS NULL)"}]}, {"Node Type": "Index Scan", "Parent Relationship": "Inner", "Scan Direction": "Forward", "Index Name": "company_name_pkey", "Relation Name": "company_name", "Alias": "cn", "Startup Cost": 0.0, "Total Cost": 0.29, "Plan Rows": 1, "Plan Width": 23, "Index Cond": "(id = mc.company_id)", "Filter": "(((country_code)::text <> '[pl]'::text) AND (((name)::text ~~ '%Film%'::text) OR ((name)::text ~~ '%Warner%'::text)))"}]}, {"Node Type": "Index Scan", "Parent Relationship": "Inner", "Scan Direction": "Forward", "Index Name": "company_type_pkey", "Relation Name": "company_type", "Alias": "ct", "Startup Cost": 0.0, "Total Cost": 0.27, "Plan Rows": 1, "Plan Width": 4, "Index Cond": "(id = mc.company_type_id)", "Filter": "((kind)::text = 'production companies'::text)"}]}, {"Node Type": "Index Scan", "Parent Relationship": "Inner", "Scan Direction": "Forward", "Index Name": "movie_id_movie_link", "Relation Name": "movie_link", "Alias": "ml", "Startup Cost": 0.0, "Total Cost": 0.35, "Plan Rows": 5, "Plan Width": 8, "Index Cond": "(movie_id = mk.movie_id)"}]}, {"Node Type": "Index Scan", "Parent Relationship": "Inner", "Scan Direction": "Forward", "Index Name": "link_type_pkey", "Relation Name": "link_type", "Alias": "lt", "Startup Cost": 0.0, "Total Cost": 0.27, "Plan Rows": 1, "Plan Width": 16, "Index Cond": "(id = ml.link_type_id)", "Filter": "((link)::text ~~ '%follows%'::text)"}]}]}, "Unique SQL Id": 4121279504}, "explain_analyze_plan": {"Plan": {"Node Type": "Aggregate", "Strategy": "Plain", "Startup Cost": 2585.63, "Total Cost": 2585.64, "Plan Rows": 1, "Plan Width": 144, "Actual Startup Time": 103.23, "Actual Total Time": 103.23, "Actual Rows": 1, "Actual Loops": 1, "Plans": [{"Node Type": "Nested Loop", "Parent Relationship": "Outer", "Join Type": "Inner", "Startup Cost": 0.0, "Total Cost": 2585.62, "Plan Rows": 1, "Plan Width": 48, "Actual Startup Time": 103.221, "Actual Total Time": 103.221, "Actual Rows": 0, "Actual Loops": 1, "Inner Unique": true, "Plans": [{"Node Type": "Nested Loop", "Parent Relationship": "Outer", "Join Type": "Inner", "Startup Cost": 0.0, "Total Cost": 2585.34, "Plan Rows": 1, "Plan Width": 40, "Actual Startup Time": 2.61, "Actual Total Time": 103.138, "Actual Rows": 38, "Actual Loops": 1, "Inner Unique": false, "Join Filter": "(t.id = ml.movie_id)", "Rows Removed by Join Filter": 0, "Plans": [{"Node Type": "Nested Loop", "Parent Relationship": "Outer", "Join Type": "Inner", "Startup Cost": 0.0, "Total Cost": 2584.93, "Plan Rows": 1, "Plan Width": 48, "Actual Startup Time": 2.599, "Actual Total Time": 103.092, "Actual Rows": 2, "Actual Loops": 1, "Inner Unique": true, "Plans": [{"Node Type": "Nested Loop", "Parent Relationship": "Outer", "Join Type": "Inner", "Startup Cost": 0.0, "Total Cost": 2584.64, "Plan Rows": 1, "Plan Width": 52, "Actual Startup Time": 2.592, "Actual Total Time": 103.081, "Actual Rows": 2, "Actual Loops": 1, "Inner Unique": true, "Plans": [{"Node Type": "Nested Loop", "Parent Relationship": "Outer", "Join Type": "Inner", "Startup Cost": 0.0, "Total Cost": 2584.35, "Plan Rows": 1, "Plan Width": 37, "Actual Startup Time": 2.578, "Actual Total Time": 103.051, "Actual Rows": 3, "Actual Loops": 1, "Inner Unique": false, "Join Filter": "(t.id = mc.movie_id)", "Rows Removed by Join Filter": 0, "Plans": [{"Node Type": "Nested Loop", "Parent Relationship": "Outer", "Join Type": "Inner", "Startup Cost": 0.0, "Total Cost": 2584.01, "Plan Rows": 1, "Plan Width": 25, "Actual Startup Time": 2.565, "Actual Total Time": 103.035, "Actual Rows": 1, "Actual Loops": 1, "Inner Unique": true, "Plans": [{"Node Type": "Nested Loop", "Parent Relationship": "Outer", "Join Type": "Inner", "Startup Cost": 0.0, "Total Cost": 2573.32, "Plan Rows": 33, "Plan Width": 4, "Actual Startup Time": 2.328, "Actual Total Time": 53.899, "Actual Rows": 10544, "Actual Loops": 1, "Inner Unique": false, "Plans": [{"Node Type": "Seq Scan", "Parent Relationship": "Outer", "Relation Name": "keyword", "Alias": "k", "Startup Cost": 0.0, "Total Cost": 2436.11, "Plan Rows": 1, "Plan Width": 4, "Actual Startup Time": 2.291, "Actual Total Time": 40.813, "Actual Rows": 1, "Actual Loops": 1, "Filter": "((keyword)::text = 'sequel'::text)", "Rows Removed by Filter": 134168}, {"Node Type": "Index Scan", "Parent Relationship": "Inner", "Scan Direction": "Forward", "Index Name": "keyword_id_movie_keyword", "Relation Name": "movie_keyword", "Alias": "mk", "Startup Cost": 0.0, "Total Cost": 136.88, "Plan Rows": 33, "Plan Width": 8, "Actual Startup Time": 0.031, "Actual Total Time": 10.818, "Actual Rows": 10544, "Actual Loops": 1, "Index Cond": "(keyword_id = k.id)", "Rows Removed by Index Recheck": 0}]}, {"Node Type": "Index Scan", "Parent Relationship": "Inner", "Scan Direction": "Forward", "Index Name": "title_pkey", "Relation Name": "title", "Alias": "t", "Startup Cost": 0.0, "Total Cost": 0.31, "Plan Rows": 1, "Plan Width": 21, "Actual Startup Time": 43.968, "Actual Total Time": 43.968, "Actual Rows": 1, "Actual Loops": 10544, "Index Cond": "(id = mk.movie_id)", "Rows Removed by Index Recheck": 0, "Filter": "(((title)::text ~~ '%Money%'::text) AND (production_year = 1998))", "Rows Removed by Filter": 10543}]}, {"Node Type": "Index Scan", "Parent Relationship": "Inner", "Scan Direction": "Forward", "Index Name": "movie_id_movie_companies", "Relation Name": "movie_companies", "Alias": "mc", "Startup Cost": 0.0, "Total Cost": 0.31, "Plan Rows": 2, "Plan Width": 12, "Actual Startup Time": 0.01, "Actual Total Time": 0.013, "Actual Rows": 3, "Actual Loops": 1, "Index Cond": "(movie_id = mk.movie_id)", "Rows Removed by Index Recheck": 0, "Filter": "(note IS NULL)", "Rows Removed by Filter": 1}]}, {"Node Type": "Index Scan", "Parent Relationship": "Inner", "Scan Direction": "Forward", "Index Name": "company_name_pkey", "Relation Name": "company_name", "Alias": "cn", "Startup Cost": 0.0, "Total Cost": 0.29, "Plan Rows": 1, "Plan Width": 23, "Actual Startup Time": 0.025, "Actual Total Time": 0.025, "Actual Rows": 2, "Actual Loops": 3, "Index Cond": "(id = mc.company_id)", "Rows Removed by Index Recheck": 0, "Filter": "(((country_code)::text <> '[pl]'::text) AND (((name)::text ~~ '%Film%'::text) OR ((name)::text ~~ '%Warner%'::text)))", "Rows Removed by Filter": 1}]}, {"Node Type": "Index Scan", "Parent Relationship": "Inner", "Scan Direction": "Forward", "Index Name": "company_type_pkey", "Relation Name": "company_type", "Alias": "ct", "Startup Cost": 0.0, "Total Cost": 0.27, "Plan Rows": 1, "Plan Width": 4, "Actual Startup Time": 0.007, "Actual Total Time": 0.007, "Actual Rows": 2, "Actual Loops": 2, "Index Cond": "(id = mc.company_type_id)", "Rows Removed by Index Recheck": 0, "Filter": "((kind)::text = 'production companies'::text)", "Rows Removed by Filter": 0}]}, {"Node Type": "Index Scan", "Parent Relationship": "Inner", "Scan Direction": "Forward", "Index Name": "movie_id_movie_link", "Relation Name": "movie_link", "Alias": "ml", "Startup Cost": 0.0, "Total Cost": 0.35, "Plan Rows": 5, "Plan Width": 8, "Actual Startup Time": 0.012, "Actual Total Time": 0.024, "Actual Rows": 38, "Actual Loops": 2, "Index Cond": "(movie_id = mk.movie_id)", "Rows Removed by Index Recheck": 0}]}, {"Node Type": "Index Scan", "Parent Relationship": "Inner", "Scan Direction": "Forward", "Index Name": "link_type_pkey", "Relation Name": "link_type", "Alias": "lt", "Startup Cost": 0.0, "Total Cost": 0.27, "Plan Rows": 1, "Plan Width": 16, "Actual Startup Time": 0.064, "Actual Total Time": 0.064, "Actual Rows": 0, "Actual Loops": 38, "Index Cond": "(id = ml.link_type_id)", "Rows Removed by Index Recheck": 0, "Filter": "((link)::text ~~ '%follows%'::text)", "Rows Removed by Filter": 24}]}]}, "Triggers": [], "Planner Runtime": 62.455, "Total Runtime": 103.577, "Unique SQL Id": 4121279504}}, "(1, 57)": {"explain_plan": {"Plan": {"Node Type": "Aggregate", "Strategy": "Plain", "Startup Cost": 3332.23, "Total Cost": 3332.24, "Plan Rows": 1, "Plan Width": 144, "Plans": [{"Node Type": "Nested Loop", "Parent Relationship": "Outer", "Join Type": "Inner", "Startup Cost": 0.0, "Total Cost": 3332.23, "Plan Rows": 1, "Plan Width": 48, "Inner Unique": true, "Plans": [{"Node Type": "Nested Loop", "Parent Relationship": "Outer", "Join Type": "Inner", "Startup Cost": 0.0, "Total Cost": 3331.94, "Plan Rows": 1, "Plan Width": 40, "Inner Unique": false, "Join Filter": "(t.id = ml.movie_id)", "Plans": [{"Node Type": "Nested Loop", "Parent Relationship": "Outer", "Join Type": "Inner", "Startup Cost": 0.0, "Total Cost": 3331.53, "Plan Rows": 1, "Plan Width": 48, "Inner Unique": true, "Plans": [{"Node Type": "Nested Loop", "Parent Relationship": "Outer", "Join Type": "Inner", "Startup Cost": 0.0, "Total Cost": 3331.25, "Plan Rows": 1, "Plan Width": 52, "Inner Unique": true, "Plans": [{"Node Type": "Nested Loop", "Parent Relationship": "Outer", "Join Type": "Inner", "Startup Cost": 0.0, "Total Cost": 3330.95, "Plan Rows": 1, "Plan Width": 37, "Inner Unique": false, "Join Filter": "(t.id = mc.movie_id)", "Plans": [{"Node Type": "Nested Loop", "Parent Relationship": "Outer", "Join Type": "Inner", "Startup Cost": 0.0, "Total Cost": 3330.61, "Plan Rows": 1, "Plan Width": 25, "Inner Unique": true, "Plans": [{"Node Type": "Nested Loop", "Parent Relationship": "Outer", "Join Type": "Inner", "Startup Cost": 0.0, "Total Cost": 3319.92, "Plan Rows": 33, "Plan Width": 4, "Inner Unique": false, "Plans": [{"Node Type": "Index Scan", "Parent Relationship": "Outer", "Scan Direction": "Forward", "Index Name": "keyword_pkey", "Relation Name": "keyword", "Alias": "k", "Startup Cost": 0.0, "Total Cost": 3182.72, "Plan Rows": 1, "Plan Width": 4, "Filter": "((keyword)::text = 'sequel'::text)"}, {"Node Type": "Index Scan", "Parent Relationship": "Inner", "Scan Direction": "Forward", "Index Name": "keyword_id_movie_keyword", "Relation Name": "movie_keyword", "Alias": "mk", "Startup Cost": 0.0, "Total Cost": 136.88, "Plan Rows": 33, "Plan Width": 8, "Index Cond": "(keyword_id = k.id)"}]}, {"Node Type": "Index Scan", "Parent Relationship": "Inner", "Scan Direction": "Forward", "Index Name": "title_pkey", "Relation Name": "title", "Alias": "t", "Startup Cost": 0.0, "Total Cost": 0.31, "Plan Rows": 1, "Plan Width": 21, "Index Cond": "(id = mk.movie_id)", "Filter": "(((title)::text ~~ '%Money%'::text) AND (production_year = 1998))"}]}, {"Node Type": "Index Scan", "Parent Relationship": "Inner", "Scan Direction": "Forward", "Index Name": "movie_id_movie_companies", "Relation Name": "movie_companies", "Alias": "mc", "Startup Cost": 0.0, "Total Cost": 0.31, "Plan Rows": 2, "Plan Width": 12, "Index Cond": "(movie_id = mk.movie_id)", "Filter": "(note IS NULL)"}]}, {"Node Type": "Index Scan", "Parent Relationship": "Inner", "Scan Direction": "Forward", "Index Name": "company_name_pkey", "Relation Name": "company_name", "Alias": "cn", "Startup Cost": 0.0, "Total Cost": 0.29, "Plan Rows": 1, "Plan Width": 23, "Index Cond": "(id = mc.company_id)", "Filter": "(((country_code)::text <> '[pl]'::text) AND (((name)::text ~~ '%Film%'::text) OR ((name)::text ~~ '%Warner%'::text)))"}]}, {"Node Type": "Index Scan", "Parent Relationship": "Inner", "Scan Direction": "Forward", "Index Name": "company_type_pkey", "Relation Name": "company_type", "Alias": "ct", "Startup Cost": 0.0, "Total Cost": 0.27, "Plan Rows": 1, "Plan Width": 4, "Index Cond": "(id = mc.company_type_id)", "Filter": "((kind)::text = 'production companies'::text)"}]}, {"Node Type": "Index Scan", "Parent Relationship": "Inner", "Scan Direction": "Forward", "Index Name": "movie_id_movie_link", "Relation Name": "movie_link", "Alias": "ml", "Startup Cost": 0.0, "Total Cost": 0.35, "Plan Rows": 5, "Plan Width": 8, "Index Cond": "(movie_id = mk.movie_id)"}]}, {"Node Type": "Index Scan", "Parent Relationship": "Inner", "Scan Direction": "Forward", "Index Name": "link_type_pkey", "Relation Name": "link_type", "Alias": "lt", "Startup Cost": 0.0, "Total Cost": 0.27, "Plan Rows": 1, "Plan Width": 16, "Index Cond": "(id = ml.link_type_id)", "Filter": "((link)::text ~~ '%follows%'::text)"}]}]}, "Unique SQL Id": 4121279504}, "explain_analyze_plan": {"Plan": {"Node Type": "Aggregate", "Strategy": "Plain", "Startup Cost": 3332.23, "Total Cost": 3332.24, "Plan Rows": 1, "Plan Width": 144, "Actual Startup Time": 176.653, "Actual Total Time": 176.654, "Actual Rows": 1, "Actual Loops": 1, "Plans": [{"Node Type": "Nested Loop", "Parent Relationship": "Outer", "Join Type": "Inner", "Startup Cost": 0.0, "Total Cost": 3332.23, "Plan Rows": 1, "Plan Width": 48, "Actual Startup Time": 176.642, "Actual Total Time": 176.642, "Actual Rows": 0, "Actual Loops": 1, "Inner Unique": true, "Plans": [{"Node Type": "Nested Loop", "Parent Relationship": "Outer", "Join Type": "Inner", "Startup Cost": 0.0, "Total Cost": 3331.94, "Plan Rows": 1, "Plan Width": 40, "Actual Startup Time": 0.743, "Actual Total Time": 176.562, "Actual Rows": 38, "Actual Loops": 1, "Inner Unique": false, "Join Filter": "(t.id = ml.movie_id)", "Rows Removed by Join Filter": 0, "Plans": [{"Node Type": "Nested Loop", "Parent Relationship": "Outer", "Join Type": "Inner", "Startup Cost": 0.0, "Total Cost": 3331.53, "Plan Rows": 1, "Plan Width": 48, "Actual Startup Time": 0.732, "Actual Total Time": 176.514, "Actual Rows": 2, "Actual Loops": 1, "Inner Unique": true, "Plans": [{"Node Type": "Nested Loop", "Parent Relationship": "Outer", "Join Type": "Inner", "Startup Cost": 0.0, "Total Cost": 3331.25, "Plan Rows": 1, "Plan Width": 52, "Actual Startup Time": 0.727, "Actual Total Time": 176.504, "Actual Rows": 2, "Actual Loops": 1, "Inner Unique": true, "Plans": [{"Node Type": "Nested Loop", "Parent Relationship": "Outer", "Join Type": "Inner", "Startup Cost": 0.0, "Total Cost": 3330.95, "Plan Rows": 1, "Plan Width": 37, "Actual Startup Time": 0.713, "Actual Total Time": 176.476, "Actual Rows": 3, "Actual Loops": 1, "Inner Unique": false, "Join Filter": "(t.id = mc.movie_id)", "Rows Removed by Join Filter": 0, "Plans": [{"Node Type": "Nested Loop", "Parent Relationship": "Outer", "Join Type": "Inner", "Startup Cost": 0.0, "Total Cost": 3330.61, "Plan Rows": 1, "Plan Width": 25, "Actual Startup Time": 0.696, "Actual Total Time": 176.455, "Actual Rows": 1, "Actual Loops": 1, "Inner Unique": true, "Plans": [{"Node Type": "Nested Loop", "Parent Relationship": "Outer", "Join Type": "Inner", "Startup Cost": 0.0, "Total Cost": 3319.92, "Plan Rows": 33, "Plan Width": 4, "Actual Startup Time": 0.47, "Actual Total Time": 126.57, "Actual Rows": 10544, "Actual Loops": 1, "Inner Unique": false, "Plans": [{"Node Type": "Index Scan", "Parent Relationship": "Outer", "Scan Direction": "Forward", "Index Name": "keyword_pkey", "Relation Name": "keyword", "Alias": "k", "Startup Cost": 0.0, "Total Cost": 3182.72, "Plan Rows": 1, "Plan Width": 4, "Actual Startup Time": 0.438, "Actual Total Time": 113.411, "Actual Rows": 1, "Actual Loops": 1, "Filter": "((keyword)::text = 'sequel'::text)", "Rows Removed by Filter": 134168}, {"Node Type": "Index Scan", "Parent Relationship": "Inner", "Scan Direction": "Forward", "Index Name": "keyword_id_movie_keyword", "Relation Name": "movie_keyword", "Alias": "mk", "Startup Cost": 0.0, "Total Cost": 136.88, "Plan Rows": 33, "Plan Width": 8, "Actual Startup Time": 0.027, "Actual Total Time": 10.895, "Actual Rows": 10544, "Actual Loops": 1, "Index Cond": "(keyword_id = k.id)", "Rows Removed by Index Recheck": 0}]}, {"Node Type": "Index Scan", "Parent Relationship": "Inner", "Scan Direction": "Forward", "Index Name": "title_pkey", "Relation Name": "title", "Alias": "t", "Startup Cost": 0.0, "Total Cost": 0.31, "Plan Rows": 1, "Plan Width": 21, "Actual Startup Time": 44.568, "Actual Total Time": 44.568, "Actual Rows": 1, "Actual Loops": 10544, "Index Cond": "(id = mk.movie_id)", "Rows Removed by Index Recheck": 0, "Filter": "(((title)::text ~~ '%Money%'::text) AND (production_year = 1998))", "Rows Removed by Filter": 10543}]}, {"Node Type": "Index Scan", "Parent Relationship": "Inner", "Scan Direction": "Forward", "Index Name": "movie_id_movie_companies", "Relation Name": "movie_companies", "Alias": "mc", "Startup Cost": 0.0, "Total Cost": 0.31, "Plan Rows": 2, "Plan Width": 12, "Actual Startup Time": 0.011, "Actual Total Time": 0.013, "Actual Rows": 3, "Actual Loops": 1, "Index Cond": "(movie_id = mk.movie_id)", "Rows Removed by Index Recheck": 0, "Filter": "(note IS NULL)", "Rows Removed by Filter": 1}]}, {"Node Type": "Index Scan", "Parent Relationship": "Inner", "Scan Direction": "Forward", "Index Name": "company_name_pkey", "Relation Name": "company_name", "Alias": "cn", "Startup Cost": 0.0, "Total Cost": 0.29, "Plan Rows": 1, "Plan Width": 23, "Actual Startup Time": 0.022, "Actual Total Time": 0.022, "Actual Rows": 2, "Actual Loops": 3, "Index Cond": "(id = mc.company_id)", "Rows Removed by Index Recheck": 0, "Filter": "(((country_code)::text <> '[pl]'::text) AND (((name)::text ~~ '%Film%'::text) OR ((name)::text ~~ '%Warner%'::text)))", "Rows Removed by Filter": 1}]}, {"Node Type": "Index Scan", "Parent Relationship": "Inner", "Scan Direction": "Forward", "Index Name": "company_type_pkey", "Relation Name": "company_type", "Alias": "ct", "Startup Cost": 0.0, "Total Cost": 0.27, "Plan Rows": 1, "Plan Width": 4, "Actual Startup Time": 0.006, "Actual Total Time": 0.006, "Actual Rows": 2, "Actual Loops": 2, "Index Cond": "(id = mc.company_type_id)", "Rows Removed by Index Recheck": 0, "Filter": "((kind)::text = 'production companies'::text)", "Rows Removed by Filter": 0}]}, {"Node Type": "Index Scan", "Parent Relationship": "Inner", "Scan Direction": "Forward", "Index Name": "movie_id_movie_link", "Relation Name": "movie_link", "Alias": "ml", "Startup Cost": 0.0, "Total Cost": 0.35, "Plan Rows": 5, "Plan Width": 8, "Actual Startup Time": 0.011, "Actual Total Time": 0.025, "Actual Rows": 38, "Actual Loops": 2, "Index Cond": "(movie_id = mk.movie_id)", "Rows Removed by Index Recheck": 0}]}, {"Node Type": "Index Scan", "Parent Relationship": "Inner", "Scan Direction": "Forward", "Index Name": "link_type_pkey", "Relation Name": "link_type", "Alias": "lt", "Startup Cost": 0.0, "Total Cost": 0.27, "Plan Rows": 1, "Plan Width": 16, "Actual Startup Time": 0.063, "Actual Total Time": 0.063, "Actual Rows": 0, "Actual Loops": 38, "Index Cond": "(id = ml.link_type_id)", "Rows Removed by Index Recheck": 0, "Filter": "((link)::text ~~ '%follows%'::text)", "Rows Removed by Filter": 24}]}]}, "Triggers": [], "Planner Runtime": 56.535, "Total Runtime": 177.003, "Unique SQL Id": 4121279504}}, "(1, 58)": {"explain_plan": {"Plan": {"Node Type": "Aggregate", "Strategy": "Plain", "Startup Cost": 260431.64, "Total Cost": 260431.65, "Plan Rows": 1, "Plan Width": 144, "Plans": [{"Node Type": "Nested Loop", "Parent Relationship": "Outer", "Join Type": "Inner", "Startup Cost": 0.0, "Total Cost": 260431.63, "Plan Rows": 1, "Plan Width": 48, "Inner Unique": true, "Join Filter": "(ml.link_type_id = lt.id)", "Plans": [{"Node Type": "Nested Loop", "Parent Relationship": "Outer", "Join Type": "Inner", "Startup Cost": 0.0, "Total Cost": 260430.4, "Plan Rows": 1, "Plan Width": 40, "Inner Unique": false, "Join Filter": "(t.id = ml.movie_id)", "Plans": [{"Node Type": "Nested Loop", "Parent Relationship": "Outer", "Join Type": "Inner", "Startup Cost": 0.0, "Total Cost": 259624.49, "Plan Rows": 1, "Plan Width": 48, "Inner Unique": true, "Join Filter": "(mc.company_type_id = ct.id)", "Plans": [{"Node Type": "Nested Loop", "Parent Relationship": "Outer", "Join Type": "Inner", "Startup Cost": 0.0, "Total Cost": 259623.44, "Plan Rows": 1, "Plan Width": 52, "Inner Unique": true, "Join Filter": "(mc.company_id = cn.id)", "Plans": [{"Node Type": "Nested Loop", "Parent Relationship": "Outer", "Join Type": "Inner", "Startup Cost": 0.0, "Total Cost": 251825.03, "Plan Rows": 1, "Plan Width": 37, "Inner Unique": false, "Join Filter": "(t.id = mc.movie_id)", "Plans": [{"Node Type": "Nested Loop", "Parent Relationship": "Outer", "Join Type": "Inner", "Startup Cost": 0.0, "Total Cost": 194139.17, "Plan Rows": 1, "Plan Width": 25, "Inner Unique": true, "Join Filter": "(mk.movie_id = t.id)", "Plans": [{"Node Type": "Nested Loop", "Parent Relationship": "Outer", "Join Type": "Inner", "Startup Cost": 0.0, "Total Cost": 121426.52, "Plan Rows": 33, "Plan Width": 4, "Inner Unique": false, "Join Filter": "(k.id = mk.keyword_id)", "Plans": [{"Node Type": "Seq Scan", "Parent Relationship": "Outer", "Relation Name": "keyword", "Alias": "k", "Startup Cost": 0.0, "Total Cost": 2436.11, "Plan Rows": 1, "Plan Width": 4, "Filter": "((keyword)::text = 'sequel'::text)"}, {"Node Type": "Seq Scan", "Parent Relationship": "Inner", "Relation Name": "movie_keyword", "Alias": "mk", "Startup Cost": 0.0, "Total Cost": 62441.29, "Plan Rows": 4523929, "Plan Width": 8}]}, {"Node Type": "Materialize", "Parent Relationship": "Inner", "Startup Cost": 0.0, "Total Cost": 72710.69, "Plan Rows": 4, "Plan Width": 21, "Plans": [{"Node Type": "Seq Scan", "Parent Relationship": "Outer", "Relation Name": "title", "Alias": "t", "Startup Cost": 0.0, "Total Cost": 72710.67, "Plan Rows": 4, "Plan Width": 21, "Filter": "(((title)::text ~~ '%Money%'::text) AND (production_year = 1998))"}]}]}, {"Node Type": "Seq Scan", "Parent Relationship": "Inner", "Relation Name": "movie_companies", "Alias": "mc", "Startup Cost": 0.0, "Total Cost": 41817.28, "Plan Rows": 1269486, "Plan Width": 12, "Filter": "(note IS NULL), (LLVM Optimized)"}]}, {"Node Type": "Seq Scan", "Parent Relationship": "Inner", "Relation Name": "company_name", "Alias": "cn", "Startup Cost": 0.0, "Total Cost": 7078.43, "Plan Rows": 57599, "Plan Width": 23, "Filter": "(((country_code)::text <> '[pl]'::text) AND (((name)::text ~~ '%Film%'::text) OR ((name)::text ~~ '%Warner%'::text)))"}]}, {"Node Type": "Seq Scan", "Parent Relationship": "Inner", "Relation Name": "company_type", "Alias": "ct", "Startup Cost": 0.0, "Total Cost": 1.04, "Plan Rows": 1, "Plan Width": 4, "Filter": "((kind)::text = 'production companies'::text)"}]}, {"Node Type": "Seq Scan", "Parent Relationship": "Inner", "Relation Name": "movie_link", "Alias": "ml", "Startup Cost": 0.0, "Total Cost": 430.96, "Plan Rows": 29996, "Plan Width": 8}]}, {"Node Type": "Seq Scan", "Parent Relationship": "Inner", "Relation Name": "link_type", "Alias": "lt", "Startup Cost": 0.0, "Total Cost": 1.21, "Plan Rows": 1, "Plan Width": 16, "Filter": "((link)::text ~~ '%follows%'::text)"}]}]}, "Unique SQL Id": 4121279504}, "explain_analyze_plan": null}, "(1, 59)": {"explain_plan": {"Plan": {"Node Type": "Aggregate", "Strategy": "Plain", "Startup Cost": 8000025305535.09, "Total Cost": 8000025305535.1, "Plan Rows": 1, "Plan Width": 144, "Plans": [{"Node Type": "Nested Loop", "Parent Relationship": "Outer", "Join Type": "Inner", "Startup Cost": 80000000000.0, "Total Cost": 8000025305535.08, "Plan Rows": 1, "Plan Width": 48, "Inner Unique": true, "Join Filter": "(mc.company_type_id = ct.id)", "Plans": [{"Node Type": "Nested Loop", "Parent Relationship": "Outer", "Join Type": "Inner", "Startup Cost": 70000000000.0, "Total Cost": 7000025304304.82, "Plan Rows": 1, "Plan Width": 52, "Inner Unique": true, "Plans": [{"Node Type": "Nested Loop", "Parent Relationship": "Outer", "Join Type": "Inner", "Startup Cost": 60000000000.0, "Total Cost": 6000025304276.0, "Plan Rows": 1, "Plan Width": 37, "Inner Unique": true, "Join Filter": "(ml.movie_id = t.id)", "Plans": [{"Node Type": "Nested Loop", "Parent Relationship": "Outer", "Join Type": "Inner", "Startup Cost": 50000000000.0, "Total Cost": 5000025304244.59, "Plan Rows": 1, "Plan Width": 32, "Inner Unique": false, "Join Filter": "(ml.movie_id = mc.movie_id)", "Plans": [{"Node Type": "Index Scan", "Parent Relationship": "Outer", "Scan Direction": "Forward", "Index Name": "company_type_id_movie_companies", "Relation Name": "movie_companies", "Alias": "mc", "Startup Cost": 10000000000.0, "Total Cost": 1000009318217.0, "Plan Rows": 1269486, "Plan Width": 12, "Filter": "(note IS NULL), (LLVM Optimized)"}, {"Node Type": "Materialize", "Parent Relationship": "Inner", "Startup Cost": 40000000000.0, "Total Cost": 4000015795604.72, "Plan Rows": 10, "Plan Width": 20, "Plans": [{"Node Type": "Nested Loop", "Parent Relationship": "Outer", "Join Type": "Inner", "Startup Cost": 40000000000.0, "Total Cost": 4000015795604.67, "Plan Rows": 10, "Plan Width": 20, "Inner Unique": false, "Join Filter": "(mk.movie_id = ml.movie_id)", "Plans": [{"Node Type": "Nested Loop", "Parent Relationship": "Outer", "Join Type": "Inner", "Startup Cost": 20000000000.0, "Total Cost": 2000015686764.79, "Plan Rows": 33, "Plan Width": 4, "Inner Unique": true, "Join Filter": "(k.id = mk.keyword_id)", "Plans": [{"Node Type": "Index Scan", "Parent Relationship": "Outer", "Scan Direction": "Forward", "Index Name": "movie_id_movie_keyword", "Relation Name": "movie_keyword", "Alias": "mk", "Startup Cost": 10000000000.0, "Total Cost": 1000015300634.17, "Plan Rows": 4523929, "Plan Width": 8}, {"Node Type": "Materialize", "Parent Relationship": "Inner", "Startup Cost": 10000000000.0, "Total Cost": 1000000318271.69, "Plan Rows": 1, "Plan Width": 4, "Plans": [{"Node Type": "Index Scan", "Parent Relationship": "Outer", "Scan Direction": "Forward", "Index Name": "keyword_pkey", "Relation Name": "keyword", "Alias": "k", "Startup Cost": 10000000000.0, "Total Cost": 1000000318271.68, "Plan Rows": 1, "Plan Width": 4, "Filter": "((keyword)::text = 'sequel'::text)"}]}]}, {"Node Type": "Materialize", "Parent Relationship": "Inner", "Startup Cost": 20000000000.0, "Total Cost": 2000000107916.44, "Plan Rows": 1875, "Plan Width": 16, "Plans": [{"Node Type": "Nested Loop", "Parent Relationship": "Outer", "Join Type": "Inner", "Startup Cost": 20000000000.0, "Total Cost": 2000000107907.07, "Plan Rows": 1875, "Plan Width": 16, "Inner Unique": true, "Join Filter": "(lt.id = ml.link_type_id)", "Plans": [{"Node Type": "Index Scan", "Parent Relationship": "Outer", "Scan Direction": "Forward", "Index Name": "movie_id_movie_link", "Relation Name": "movie_link", "Alias": "ml", "Startup Cost": 10000000000.0, "Total Cost": 1000000106202.37, "Plan Rows": 29996, "Plan Width": 8}, {"Node Type": "Materialize", "Parent Relationship": "Inner", "Startup Cost": 10000000000.0, "Total Cost": 1000000001254.76, "Plan Rows": 1, "Plan Width": 16, "Plans": [{"Node Type": "Index Scan", "Parent Relationship": "Outer", "Scan Direction": "Forward", "Index Name": "link_type_pkey", "Relation Name": "link_type", "Alias": "lt", "Startup Cost": 10000000000.0, "Total Cost": 1000000001254.75, "Plan Rows": 1, "Plan Width": 16, "Filter": "((link)::text ~~ '%follows%'::text)"}]}]}]}]}]}]}, {"Node Type": "Index Scan", "Parent Relationship": "Inner", "Scan Direction": "Forward", "Index Name": "title_pkey", "Relation Name": "title", "Alias": "t", "Startup Cost": 10000000000.0, "Total Cost": 1000000000031.39, "Plan Rows": 1, "Plan Width": 21, "Index Cond": "(id = mk.movie_id)", "Filter": "(((title)::text ~~ '%Money%'::text) AND (production_year = 1998))"}]}, {"Node Type": "Index Scan", "Parent Relationship": "Inner", "Scan Direction": "Forward", "Index Name": "company_name_pkey", "Relation Name": "company_name", "Alias": "cn", "Startup Cost": 10000000000.0, "Total Cost": 1000000000028.81, "Plan Rows": 1, "Plan Width": 23, "Index Cond": "(id = mc.company_id)", "Filter": "(((country_code)::text <> '[pl]'::text) AND (((name)::text ~~ '%Film%'::text) OR ((name)::text ~~ '%Warner%'::text)))"}]}, {"Node Type": "Index Scan", "Parent Relationship": "Inner", "Scan Direction": "Forward", "Index Name": "company_type_pkey", "Relation Name": "company_type", "Alias": "ct", "Startup Cost": 10000000000.0, "Total Cost": 1000000001230.25, "Plan Rows": 1, "Plan Width": 4, "Filter": "((kind)::text = 'production companies'::text)"}]}]}, "Unique SQL Id": 4121279504}, "explain_analyze_plan": null}, "(1, 60)": {"explain_plan": {"Plan": {"Node Type": "Aggregate", "Strategy": "Plain", "Startup Cost": 2585.63, "Total Cost": 2585.64, "Plan Rows": 1, "Plan Width": 144, "Plans": [{"Node Type": "Nested Loop", "Parent Relationship": "Outer", "Join Type": "Inner", "Startup Cost": 0.0, "Total Cost": 2585.62, "Plan Rows": 1, "Plan Width": 48, "Inner Unique": true, "Plans": [{"Node Type": "Nested Loop", "Parent Relationship": "Outer", "Join Type": "Inner", "Startup Cost": 0.0, "Total Cost": 2585.34, "Plan Rows": 1, "Plan Width": 40, "Inner Unique": false, "Join Filter": "(t.id = ml.movie_id)", "Plans": [{"Node Type": "Nested Loop", "Parent Relationship": "Outer", "Join Type": "Inner", "Startup Cost": 0.0, "Total Cost": 2584.93, "Plan Rows": 1, "Plan Width": 48, "Inner Unique": true, "Plans": [{"Node Type": "Nested Loop", "Parent Relationship": "Outer", "Join Type": "Inner", "Startup Cost": 0.0, "Total Cost": 2584.64, "Plan Rows": 1, "Plan Width": 52, "Inner Unique": true, "Plans": [{"Node Type": "Nested Loop", "Parent Relationship": "Outer", "Join Type": "Inner", "Startup Cost": 0.0, "Total Cost": 2584.35, "Plan Rows": 1, "Plan Width": 37, "Inner Unique": false, "Join Filter": "(t.id = mc.movie_id)", "Plans": [{"Node Type": "Nested Loop", "Parent Relationship": "Outer", "Join Type": "Inner", "Startup Cost": 0.0, "Total Cost": 2584.01, "Plan Rows": 1, "Plan Width": 25, "Inner Unique": true, "Plans": [{"Node Type": "Nested Loop", "Parent Relationship": "Outer", "Join Type": "Inner", "Startup Cost": 0.0, "Total Cost": 2573.32, "Plan Rows": 33, "Plan Width": 4, "Inner Unique": false, "Plans": [{"Node Type": "Seq Scan", "Parent Relationship": "Outer", "Relation Name": "keyword", "Alias": "k", "Startup Cost": 0.0, "Total Cost": 2436.11, "Plan Rows": 1, "Plan Width": 4, "Filter": "((keyword)::text = 'sequel'::text)"}, {"Node Type": "Index Scan", "Parent Relationship": "Inner", "Scan Direction": "Forward", "Index Name": "keyword_id_movie_keyword", "Relation Name": "movie_keyword", "Alias": "mk", "Startup Cost": 0.0, "Total Cost": 136.88, "Plan Rows": 33, "Plan Width": 8, "Index Cond": "(keyword_id = k.id)"}]}, {"Node Type": "Index Scan", "Parent Relationship": "Inner", "Scan Direction": "Forward", "Index Name": "title_pkey", "Relation Name": "title", "Alias": "t", "Startup Cost": 0.0, "Total Cost": 0.31, "Plan Rows": 1, "Plan Width": 21, "Index Cond": "(id = mk.movie_id)", "Filter": "(((title)::text ~~ '%Money%'::text) AND (production_year = 1998))"}]}, {"Node Type": "Index Scan", "Parent Relationship": "Inner", "Scan Direction": "Forward", "Index Name": "movie_id_movie_companies", "Relation Name": "movie_companies", "Alias": "mc", "Startup Cost": 0.0, "Total Cost": 0.31, "Plan Rows": 2, "Plan Width": 12, "Index Cond": "(movie_id = mk.movie_id)", "Filter": "(note IS NULL)"}]}, {"Node Type": "Index Scan", "Parent Relationship": "Inner", "Scan Direction": "Forward", "Index Name": "company_name_pkey", "Relation Name": "company_name", "Alias": "cn", "Startup Cost": 0.0, "Total Cost": 0.29, "Plan Rows": 1, "Plan Width": 23, "Index Cond": "(id = mc.company_id)", "Filter": "(((country_code)::text <> '[pl]'::text) AND (((name)::text ~~ '%Film%'::text) OR ((name)::text ~~ '%Warner%'::text)))"}]}, {"Node Type": "Index Scan", "Parent Relationship": "Inner", "Scan Direction": "Forward", "Index Name": "company_type_pkey", "Relation Name": "company_type", "Alias": "ct", "Startup Cost": 0.0, "Total Cost": 0.27, "Plan Rows": 1, "Plan Width": 4, "Index Cond": "(id = mc.company_type_id)", "Filter": "((kind)::text = 'production companies'::text)"}]}, {"Node Type": "Index Scan", "Parent Relationship": "Inner", "Scan Direction": "Forward", "Index Name": "movie_id_movie_link", "Relation Name": "movie_link", "Alias": "ml", "Startup Cost": 0.0, "Total Cost": 0.35, "Plan Rows": 5, "Plan Width": 8, "Index Cond": "(movie_id = mk.movie_id)"}]}, {"Node Type": "Index Scan", "Parent Relationship": "Inner", "Scan Direction": "Forward", "Index Name": "link_type_pkey", "Relation Name": "link_type", "Alias": "lt", "Startup Cost": 0.0, "Total Cost": 0.27, "Plan Rows": 1, "Plan Width": 16, "Index Cond": "(id = ml.link_type_id)", "Filter": "((link)::text ~~ '%follows%'::text)"}]}]}, "Unique SQL Id": 4121279504}, "explain_analyze_plan": {"Plan": {"Node Type": "Aggregate", "Strategy": "Plain", "Startup Cost": 2585.63, "Total Cost": 2585.64, "Plan Rows": 1, "Plan Width": 144, "Actual Startup Time": 103.23, "Actual Total Time": 103.23, "Actual Rows": 1, "Actual Loops": 1, "Plans": [{"Node Type": "Nested Loop", "Parent Relationship": "Outer", "Join Type": "Inner", "Startup Cost": 0.0, "Total Cost": 2585.62, "Plan Rows": 1, "Plan Width": 48, "Actual Startup Time": 103.221, "Actual Total Time": 103.221, "Actual Rows": 0, "Actual Loops": 1, "Inner Unique": true, "Plans": [{"Node Type": "Nested Loop", "Parent Relationship": "Outer", "Join Type": "Inner", "Startup Cost": 0.0, "Total Cost": 2585.34, "Plan Rows": 1, "Plan Width": 40, "Actual Startup Time": 2.61, "Actual Total Time": 103.138, "Actual Rows": 38, "Actual Loops": 1, "Inner Unique": false, "Join Filter": "(t.id = ml.movie_id)", "Rows Removed by Join Filter": 0, "Plans": [{"Node Type": "Nested Loop", "Parent Relationship": "Outer", "Join Type": "Inner", "Startup Cost": 0.0, "Total Cost": 2584.93, "Plan Rows": 1, "Plan Width": 48, "Actual Startup Time": 2.599, "Actual Total Time": 103.092, "Actual Rows": 2, "Actual Loops": 1, "Inner Unique": true, "Plans": [{"Node Type": "Nested Loop", "Parent Relationship": "Outer", "Join Type": "Inner", "Startup Cost": 0.0, "Total Cost": 2584.64, "Plan Rows": 1, "Plan Width": 52, "Actual Startup Time": 2.592, "Actual Total Time": 103.081, "Actual Rows": 2, "Actual Loops": 1, "Inner Unique": true, "Plans": [{"Node Type": "Nested Loop", "Parent Relationship": "Outer", "Join Type": "Inner", "Startup Cost": 0.0, "Total Cost": 2584.35, "Plan Rows": 1, "Plan Width": 37, "Actual Startup Time": 2.578, "Actual Total Time": 103.051, "Actual Rows": 3, "Actual Loops": 1, "Inner Unique": false, "Join Filter": "(t.id = mc.movie_id)", "Rows Removed by Join Filter": 0, "Plans": [{"Node Type": "Nested Loop", "Parent Relationship": "Outer", "Join Type": "Inner", "Startup Cost": 0.0, "Total Cost": 2584.01, "Plan Rows": 1, "Plan Width": 25, "Actual Startup Time": 2.565, "Actual Total Time": 103.035, "Actual Rows": 1, "Actual Loops": 1, "Inner Unique": true, "Plans": [{"Node Type": "Nested Loop", "Parent Relationship": "Outer", "Join Type": "Inner", "Startup Cost": 0.0, "Total Cost": 2573.32, "Plan Rows": 33, "Plan Width": 4, "Actual Startup Time": 2.328, "Actual Total Time": 53.899, "Actual Rows": 10544, "Actual Loops": 1, "Inner Unique": false, "Plans": [{"Node Type": "Seq Scan", "Parent Relationship": "Outer", "Relation Name": "keyword", "Alias": "k", "Startup Cost": 0.0, "Total Cost": 2436.11, "Plan Rows": 1, "Plan Width": 4, "Actual Startup Time": 2.291, "Actual Total Time": 40.813, "Actual Rows": 1, "Actual Loops": 1, "Filter": "((keyword)::text = 'sequel'::text)", "Rows Removed by Filter": 134168}, {"Node Type": "Index Scan", "Parent Relationship": "Inner", "Scan Direction": "Forward", "Index Name": "keyword_id_movie_keyword", "Relation Name": "movie_keyword", "Alias": "mk", "Startup Cost": 0.0, "Total Cost": 136.88, "Plan Rows": 33, "Plan Width": 8, "Actual Startup Time": 0.031, "Actual Total Time": 10.818, "Actual Rows": 10544, "Actual Loops": 1, "Index Cond": "(keyword_id = k.id)", "Rows Removed by Index Recheck": 0}]}, {"Node Type": "Index Scan", "Parent Relationship": "Inner", "Scan Direction": "Forward", "Index Name": "title_pkey", "Relation Name": "title", "Alias": "t", "Startup Cost": 0.0, "Total Cost": 0.31, "Plan Rows": 1, "Plan Width": 21, "Actual Startup Time": 43.968, "Actual Total Time": 43.968, "Actual Rows": 1, "Actual Loops": 10544, "Index Cond": "(id = mk.movie_id)", "Rows Removed by Index Recheck": 0, "Filter": "(((title)::text ~~ '%Money%'::text) AND (production_year = 1998))", "Rows Removed by Filter": 10543}]}, {"Node Type": "Index Scan", "Parent Relationship": "Inner", "Scan Direction": "Forward", "Index Name": "movie_id_movie_companies", "Relation Name": "movie_companies", "Alias": "mc", "Startup Cost": 0.0, "Total Cost": 0.31, "Plan Rows": 2, "Plan Width": 12, "Actual Startup Time": 0.01, "Actual Total Time": 0.013, "Actual Rows": 3, "Actual Loops": 1, "Index Cond": "(movie_id = mk.movie_id)", "Rows Removed by Index Recheck": 0, "Filter": "(note IS NULL)", "Rows Removed by Filter": 1}]}, {"Node Type": "Index Scan", "Parent Relationship": "Inner", "Scan Direction": "Forward", "Index Name": "company_name_pkey", "Relation Name": "company_name", "Alias": "cn", "Startup Cost": 0.0, "Total Cost": 0.29, "Plan Rows": 1, "Plan Width": 23, "Actual Startup Time": 0.025, "Actual Total Time": 0.025, "Actual Rows": 2, "Actual Loops": 3, "Index Cond": "(id = mc.company_id)", "Rows Removed by Index Recheck": 0, "Filter": "(((country_code)::text <> '[pl]'::text) AND (((name)::text ~~ '%Film%'::text) OR ((name)::text ~~ '%Warner%'::text)))", "Rows Removed by Filter": 1}]}, {"Node Type": "Index Scan", "Parent Relationship": "Inner", "Scan Direction": "Forward", "Index Name": "company_type_pkey", "Relation Name": "company_type", "Alias": "ct", "Startup Cost": 0.0, "Total Cost": 0.27, "Plan Rows": 1, "Plan Width": 4, "Actual Startup Time": 0.007, "Actual Total Time": 0.007, "Actual Rows": 2, "Actual Loops": 2, "Index Cond": "(id = mc.company_type_id)", "Rows Removed by Index Recheck": 0, "Filter": "((kind)::text = 'production companies'::text)", "Rows Removed by Filter": 0}]}, {"Node Type": "Index Scan", "Parent Relationship": "Inner", "Scan Direction": "Forward", "Index Name": "movie_id_movie_link", "Relation Name": "movie_link", "Alias": "ml", "Startup Cost": 0.0, "Total Cost": 0.35, "Plan Rows": 5, "Plan Width": 8, "Actual Startup Time": 0.012, "Actual Total Time": 0.024, "Actual Rows": 38, "Actual Loops": 2, "Index Cond": "(movie_id = mk.movie_id)", "Rows Removed by Index Recheck": 0}]}, {"Node Type": "Index Scan", "Parent Relationship": "Inner", "Scan Direction": "Forward", "Index Name": "link_type_pkey", "Relation Name": "link_type", "Alias": "lt", "Startup Cost": 0.0, "Total Cost": 0.27, "Plan Rows": 1, "Plan Width": 16, "Actual Startup Time": 0.064, "Actual Total Time": 0.064, "Actual Rows": 0, "Actual Loops": 38, "Index Cond": "(id = ml.link_type_id)", "Rows Removed by Index Recheck": 0, "Filter": "((link)::text ~~ '%follows%'::text)", "Rows Removed by Filter": 24}]}]}, "Triggers": [], "Planner Runtime": 62.455, "Total Runtime": 103.577, "Unique SQL Id": 4121279504}}, "(1, 61)": {"explain_plan": {"Plan": {"Node Type": "Aggregate", "Strategy": "Plain", "Startup Cost": 3332.23, "Total Cost": 3332.24, "Plan Rows": 1, "Plan Width": 144, "Plans": [{"Node Type": "Nested Loop", "Parent Relationship": "Outer", "Join Type": "Inner", "Startup Cost": 0.0, "Total Cost": 3332.23, "Plan Rows": 1, "Plan Width": 48, "Inner Unique": true, "Plans": [{"Node Type": "Nested Loop", "Parent Relationship": "Outer", "Join Type": "Inner", "Startup Cost": 0.0, "Total Cost": 3331.94, "Plan Rows": 1, "Plan Width": 40, "Inner Unique": false, "Join Filter": "(t.id = ml.movie_id)", "Plans": [{"Node Type": "Nested Loop", "Parent Relationship": "Outer", "Join Type": "Inner", "Startup Cost": 0.0, "Total Cost": 3331.53, "Plan Rows": 1, "Plan Width": 48, "Inner Unique": true, "Plans": [{"Node Type": "Nested Loop", "Parent Relationship": "Outer", "Join Type": "Inner", "Startup Cost": 0.0, "Total Cost": 3331.25, "Plan Rows": 1, "Plan Width": 52, "Inner Unique": true, "Plans": [{"Node Type": "Nested Loop", "Parent Relationship": "Outer", "Join Type": "Inner", "Startup Cost": 0.0, "Total Cost": 3330.95, "Plan Rows": 1, "Plan Width": 37, "Inner Unique": false, "Join Filter": "(t.id = mc.movie_id)", "Plans": [{"Node Type": "Nested Loop", "Parent Relationship": "Outer", "Join Type": "Inner", "Startup Cost": 0.0, "Total Cost": 3330.61, "Plan Rows": 1, "Plan Width": 25, "Inner Unique": true, "Plans": [{"Node Type": "Nested Loop", "Parent Relationship": "Outer", "Join Type": "Inner", "Startup Cost": 0.0, "Total Cost": 3319.92, "Plan Rows": 33, "Plan Width": 4, "Inner Unique": false, "Plans": [{"Node Type": "Index Scan", "Parent Relationship": "Outer", "Scan Direction": "Forward", "Index Name": "keyword_pkey", "Relation Name": "keyword", "Alias": "k", "Startup Cost": 0.0, "Total Cost": 3182.72, "Plan Rows": 1, "Plan Width": 4, "Filter": "((keyword)::text = 'sequel'::text)"}, {"Node Type": "Index Scan", "Parent Relationship": "Inner", "Scan Direction": "Forward", "Index Name": "keyword_id_movie_keyword", "Relation Name": "movie_keyword", "Alias": "mk", "Startup Cost": 0.0, "Total Cost": 136.88, "Plan Rows": 33, "Plan Width": 8, "Index Cond": "(keyword_id = k.id)"}]}, {"Node Type": "Index Scan", "Parent Relationship": "Inner", "Scan Direction": "Forward", "Index Name": "title_pkey", "Relation Name": "title", "Alias": "t", "Startup Cost": 0.0, "Total Cost": 0.31, "Plan Rows": 1, "Plan Width": 21, "Index Cond": "(id = mk.movie_id)", "Filter": "(((title)::text ~~ '%Money%'::text) AND (production_year = 1998))"}]}, {"Node Type": "Index Scan", "Parent Relationship": "Inner", "Scan Direction": "Forward", "Index Name": "movie_id_movie_companies", "Relation Name": "movie_companies", "Alias": "mc", "Startup Cost": 0.0, "Total Cost": 0.31, "Plan Rows": 2, "Plan Width": 12, "Index Cond": "(movie_id = mk.movie_id)", "Filter": "(note IS NULL)"}]}, {"Node Type": "Index Scan", "Parent Relationship": "Inner", "Scan Direction": "Forward", "Index Name": "company_name_pkey", "Relation Name": "company_name", "Alias": "cn", "Startup Cost": 0.0, "Total Cost": 0.29, "Plan Rows": 1, "Plan Width": 23, "Index Cond": "(id = mc.company_id)", "Filter": "(((country_code)::text <> '[pl]'::text) AND (((name)::text ~~ '%Film%'::text) OR ((name)::text ~~ '%Warner%'::text)))"}]}, {"Node Type": "Index Scan", "Parent Relationship": "Inner", "Scan Direction": "Forward", "Index Name": "company_type_pkey", "Relation Name": "company_type", "Alias": "ct", "Startup Cost": 0.0, "Total Cost": 0.27, "Plan Rows": 1, "Plan Width": 4, "Index Cond": "(id = mc.company_type_id)", "Filter": "((kind)::text = 'production companies'::text)"}]}, {"Node Type": "Index Scan", "Parent Relationship": "Inner", "Scan Direction": "Forward", "Index Name": "movie_id_movie_link", "Relation Name": "movie_link", "Alias": "ml", "Startup Cost": 0.0, "Total Cost": 0.35, "Plan Rows": 5, "Plan Width": 8, "Index Cond": "(movie_id = mk.movie_id)"}]}, {"Node Type": "Index Scan", "Parent Relationship": "Inner", "Scan Direction": "Forward", "Index Name": "link_type_pkey", "Relation Name": "link_type", "Alias": "lt", "Startup Cost": 0.0, "Total Cost": 0.27, "Plan Rows": 1, "Plan Width": 16, "Index Cond": "(id = ml.link_type_id)", "Filter": "((link)::text ~~ '%follows%'::text)"}]}]}, "Unique SQL Id": 4121279504}, "explain_analyze_plan": {"Plan": {"Node Type": "Aggregate", "Strategy": "Plain", "Startup Cost": 3332.23, "Total Cost": 3332.24, "Plan Rows": 1, "Plan Width": 144, "Actual Startup Time": 176.653, "Actual Total Time": 176.654, "Actual Rows": 1, "Actual Loops": 1, "Plans": [{"Node Type": "Nested Loop", "Parent Relationship": "Outer", "Join Type": "Inner", "Startup Cost": 0.0, "Total Cost": 3332.23, "Plan Rows": 1, "Plan Width": 48, "Actual Startup Time": 176.642, "Actual Total Time": 176.642, "Actual Rows": 0, "Actual Loops": 1, "Inner Unique": true, "Plans": [{"Node Type": "Nested Loop", "Parent Relationship": "Outer", "Join Type": "Inner", "Startup Cost": 0.0, "Total Cost": 3331.94, "Plan Rows": 1, "Plan Width": 40, "Actual Startup Time": 0.743, "Actual Total Time": 176.562, "Actual Rows": 38, "Actual Loops": 1, "Inner Unique": false, "Join Filter": "(t.id = ml.movie_id)", "Rows Removed by Join Filter": 0, "Plans": [{"Node Type": "Nested Loop", "Parent Relationship": "Outer", "Join Type": "Inner", "Startup Cost": 0.0, "Total Cost": 3331.53, "Plan Rows": 1, "Plan Width": 48, "Actual Startup Time": 0.732, "Actual Total Time": 176.514, "Actual Rows": 2, "Actual Loops": 1, "Inner Unique": true, "Plans": [{"Node Type": "Nested Loop", "Parent Relationship": "Outer", "Join Type": "Inner", "Startup Cost": 0.0, "Total Cost": 3331.25, "Plan Rows": 1, "Plan Width": 52, "Actual Startup Time": 0.727, "Actual Total Time": 176.504, "Actual Rows": 2, "Actual Loops": 1, "Inner Unique": true, "Plans": [{"Node Type": "Nested Loop", "Parent Relationship": "Outer", "Join Type": "Inner", "Startup Cost": 0.0, "Total Cost": 3330.95, "Plan Rows": 1, "Plan Width": 37, "Actual Startup Time": 0.713, "Actual Total Time": 176.476, "Actual Rows": 3, "Actual Loops": 1, "Inner Unique": false, "Join Filter": "(t.id = mc.movie_id)", "Rows Removed by Join Filter": 0, "Plans": [{"Node Type": "Nested Loop", "Parent Relationship": "Outer", "Join Type": "Inner", "Startup Cost": 0.0, "Total Cost": 3330.61, "Plan Rows": 1, "Plan Width": 25, "Actual Startup Time": 0.696, "Actual Total Time": 176.455, "Actual Rows": 1, "Actual Loops": 1, "Inner Unique": true, "Plans": [{"Node Type": "Nested Loop", "Parent Relationship": "Outer", "Join Type": "Inner", "Startup Cost": 0.0, "Total Cost": 3319.92, "Plan Rows": 33, "Plan Width": 4, "Actual Startup Time": 0.47, "Actual Total Time": 126.57, "Actual Rows": 10544, "Actual Loops": 1, "Inner Unique": false, "Plans": [{"Node Type": "Index Scan", "Parent Relationship": "Outer", "Scan Direction": "Forward", "Index Name": "keyword_pkey", "Relation Name": "keyword", "Alias": "k", "Startup Cost": 0.0, "Total Cost": 3182.72, "Plan Rows": 1, "Plan Width": 4, "Actual Startup Time": 0.438, "Actual Total Time": 113.411, "Actual Rows": 1, "Actual Loops": 1, "Filter": "((keyword)::text = 'sequel'::text)", "Rows Removed by Filter": 134168}, {"Node Type": "Index Scan", "Parent Relationship": "Inner", "Scan Direction": "Forward", "Index Name": "keyword_id_movie_keyword", "Relation Name": "movie_keyword", "Alias": "mk", "Startup Cost": 0.0, "Total Cost": 136.88, "Plan Rows": 33, "Plan Width": 8, "Actual Startup Time": 0.027, "Actual Total Time": 10.895, "Actual Rows": 10544, "Actual Loops": 1, "Index Cond": "(keyword_id = k.id)", "Rows Removed by Index Recheck": 0}]}, {"Node Type": "Index Scan", "Parent Relationship": "Inner", "Scan Direction": "Forward", "Index Name": "title_pkey", "Relation Name": "title", "Alias": "t", "Startup Cost": 0.0, "Total Cost": 0.31, "Plan Rows": 1, "Plan Width": 21, "Actual Startup Time": 44.568, "Actual Total Time": 44.568, "Actual Rows": 1, "Actual Loops": 10544, "Index Cond": "(id = mk.movie_id)", "Rows Removed by Index Recheck": 0, "Filter": "(((title)::text ~~ '%Money%'::text) AND (production_year = 1998))", "Rows Removed by Filter": 10543}]}, {"Node Type": "Index Scan", "Parent Relationship": "Inner", "Scan Direction": "Forward", "Index Name": "movie_id_movie_companies", "Relation Name": "movie_companies", "Alias": "mc", "Startup Cost": 0.0, "Total Cost": 0.31, "Plan Rows": 2, "Plan Width": 12, "Actual Startup Time": 0.011, "Actual Total Time": 0.013, "Actual Rows": 3, "Actual Loops": 1, "Index Cond": "(movie_id = mk.movie_id)", "Rows Removed by Index Recheck": 0, "Filter": "(note IS NULL)", "Rows Removed by Filter": 1}]}, {"Node Type": "Index Scan", "Parent Relationship": "Inner", "Scan Direction": "Forward", "Index Name": "company_name_pkey", "Relation Name": "company_name", "Alias": "cn", "Startup Cost": 0.0, "Total Cost": 0.29, "Plan Rows": 1, "Plan Width": 23, "Actual Startup Time": 0.022, "Actual Total Time": 0.022, "Actual Rows": 2, "Actual Loops": 3, "Index Cond": "(id = mc.company_id)", "Rows Removed by Index Recheck": 0, "Filter": "(((country_code)::text <> '[pl]'::text) AND (((name)::text ~~ '%Film%'::text) OR ((name)::text ~~ '%Warner%'::text)))", "Rows Removed by Filter": 1}]}, {"Node Type": "Index Scan", "Parent Relationship": "Inner", "Scan Direction": "Forward", "Index Name": "company_type_pkey", "Relation Name": "company_type", "Alias": "ct", "Startup Cost": 0.0, "Total Cost": 0.27, "Plan Rows": 1, "Plan Width": 4, "Actual Startup Time": 0.006, "Actual Total Time": 0.006, "Actual Rows": 2, "Actual Loops": 2, "Index Cond": "(id = mc.company_type_id)", "Rows Removed by Index Recheck": 0, "Filter": "((kind)::text = 'production companies'::text)", "Rows Removed by Filter": 0}]}, {"Node Type": "Index Scan", "Parent Relationship": "Inner", "Scan Direction": "Forward", "Index Name": "movie_id_movie_link", "Relation Name": "movie_link", "Alias": "ml", "Startup Cost": 0.0, "Total Cost": 0.35, "Plan Rows": 5, "Plan Width": 8, "Actual Startup Time": 0.011, "Actual Total Time": 0.025, "Actual Rows": 38, "Actual Loops": 2, "Index Cond": "(movie_id = mk.movie_id)", "Rows Removed by Index Recheck": 0}]}, {"Node Type": "Index Scan", "Parent Relationship": "Inner", "Scan Direction": "Forward", "Index Name": "link_type_pkey", "Relation Name": "link_type", "Alias": "lt", "Startup Cost": 0.0, "Total Cost": 0.27, "Plan Rows": 1, "Plan Width": 16, "Actual Startup Time": 0.063, "Actual Total Time": 0.063, "Actual Rows": 0, "Actual Loops": 38, "Index Cond": "(id = ml.link_type_id)", "Rows Removed by Index Recheck": 0, "Filter": "((link)::text ~~ '%follows%'::text)", "Rows Removed by Filter": 24}]}]}, "Triggers": [], "Planner Runtime": 56.535, "Total Runtime": 177.003, "Unique SQL Id": 4121279504}}, "(1, 62)": {"explain_plan": {"Plan": {"Node Type": "Aggregate", "Strategy": "Plain", "Startup Cost": 260431.64, "Total Cost": 260431.65, "Plan Rows": 1, "Plan Width": 144, "Plans": [{"Node Type": "Nested Loop", "Parent Relationship": "Outer", "Join Type": "Inner", "Startup Cost": 0.0, "Total Cost": 260431.63, "Plan Rows": 1, "Plan Width": 48, "Inner Unique": true, "Join Filter": "(ml.link_type_id = lt.id)", "Plans": [{"Node Type": "Nested Loop", "Parent Relationship": "Outer", "Join Type": "Inner", "Startup Cost": 0.0, "Total Cost": 260430.4, "Plan Rows": 1, "Plan Width": 40, "Inner Unique": false, "Join Filter": "(t.id = ml.movie_id)", "Plans": [{"Node Type": "Nested Loop", "Parent Relationship": "Outer", "Join Type": "Inner", "Startup Cost": 0.0, "Total Cost": 259624.49, "Plan Rows": 1, "Plan Width": 48, "Inner Unique": true, "Join Filter": "(mc.company_type_id = ct.id)", "Plans": [{"Node Type": "Nested Loop", "Parent Relationship": "Outer", "Join Type": "Inner", "Startup Cost": 0.0, "Total Cost": 259623.44, "Plan Rows": 1, "Plan Width": 52, "Inner Unique": true, "Join Filter": "(mc.company_id = cn.id)", "Plans": [{"Node Type": "Nested Loop", "Parent Relationship": "Outer", "Join Type": "Inner", "Startup Cost": 0.0, "Total Cost": 251825.03, "Plan Rows": 1, "Plan Width": 37, "Inner Unique": false, "Join Filter": "(t.id = mc.movie_id)", "Plans": [{"Node Type": "Nested Loop", "Parent Relationship": "Outer", "Join Type": "Inner", "Startup Cost": 0.0, "Total Cost": 194139.17, "Plan Rows": 1, "Plan Width": 25, "Inner Unique": true, "Join Filter": "(mk.movie_id = t.id)", "Plans": [{"Node Type": "Nested Loop", "Parent Relationship": "Outer", "Join Type": "Inner", "Startup Cost": 0.0, "Total Cost": 121426.52, "Plan Rows": 33, "Plan Width": 4, "Inner Unique": false, "Join Filter": "(k.id = mk.keyword_id)", "Plans": [{"Node Type": "Seq Scan", "Parent Relationship": "Outer", "Relation Name": "keyword", "Alias": "k", "Startup Cost": 0.0, "Total Cost": 2436.11, "Plan Rows": 1, "Plan Width": 4, "Filter": "((keyword)::text = 'sequel'::text)"}, {"Node Type": "Seq Scan", "Parent Relationship": "Inner", "Relation Name": "movie_keyword", "Alias": "mk", "Startup Cost": 0.0, "Total Cost": 62441.29, "Plan Rows": 4523929, "Plan Width": 8}]}, {"Node Type": "Materialize", "Parent Relationship": "Inner", "Startup Cost": 0.0, "Total Cost": 72710.69, "Plan Rows": 4, "Plan Width": 21, "Plans": [{"Node Type": "Seq Scan", "Parent Relationship": "Outer", "Relation Name": "title", "Alias": "t", "Startup Cost": 0.0, "Total Cost": 72710.67, "Plan Rows": 4, "Plan Width": 21, "Filter": "(((title)::text ~~ '%Money%'::text) AND (production_year = 1998))"}]}]}, {"Node Type": "Seq Scan", "Parent Relationship": "Inner", "Relation Name": "movie_companies", "Alias": "mc", "Startup Cost": 0.0, "Total Cost": 41817.28, "Plan Rows": 1269486, "Plan Width": 12, "Filter": "(note IS NULL), (LLVM Optimized)"}]}, {"Node Type": "Seq Scan", "Parent Relationship": "Inner", "Relation Name": "company_name", "Alias": "cn", "Startup Cost": 0.0, "Total Cost": 7078.43, "Plan Rows": 57599, "Plan Width": 23, "Filter": "(((country_code)::text <> '[pl]'::text) AND (((name)::text ~~ '%Film%'::text) OR ((name)::text ~~ '%Warner%'::text)))"}]}, {"Node Type": "Seq Scan", "Parent Relationship": "Inner", "Relation Name": "company_type", "Alias": "ct", "Startup Cost": 0.0, "Total Cost": 1.04, "Plan Rows": 1, "Plan Width": 4, "Filter": "((kind)::text = 'production companies'::text)"}]}, {"Node Type": "Seq Scan", "Parent Relationship": "Inner", "Relation Name": "movie_link", "Alias": "ml", "Startup Cost": 0.0, "Total Cost": 430.96, "Plan Rows": 29996, "Plan Width": 8}]}, {"Node Type": "Seq Scan", "Parent Relationship": "Inner", "Relation Name": "link_type", "Alias": "lt", "Startup Cost": 0.0, "Total Cost": 1.21, "Plan Rows": 1, "Plan Width": 16, "Filter": "((link)::text ~~ '%follows%'::text)"}]}]}, "Unique SQL Id": 4121279504}, "explain_analyze_plan": null}, "(1, 63)": {"explain_plan": {"Plan": {"Node Type": "Aggregate", "Strategy": "Plain", "Startup Cost": 8000025305535.09, "Total Cost": 8000025305535.1, "Plan Rows": 1, "Plan Width": 144, "Plans": [{"Node Type": "Nested Loop", "Parent Relationship": "Outer", "Join Type": "Inner", "Startup Cost": 80000000000.0, "Total Cost": 8000025305535.08, "Plan Rows": 1, "Plan Width": 48, "Inner Unique": true, "Join Filter": "(mc.company_type_id = ct.id)", "Plans": [{"Node Type": "Nested Loop", "Parent Relationship": "Outer", "Join Type": "Inner", "Startup Cost": 70000000000.0, "Total Cost": 7000025304304.82, "Plan Rows": 1, "Plan Width": 52, "Inner Unique": true, "Plans": [{"Node Type": "Nested Loop", "Parent Relationship": "Outer", "Join Type": "Inner", "Startup Cost": 60000000000.0, "Total Cost": 6000025304276.0, "Plan Rows": 1, "Plan Width": 37, "Inner Unique": true, "Join Filter": "(ml.movie_id = t.id)", "Plans": [{"Node Type": "Nested Loop", "Parent Relationship": "Outer", "Join Type": "Inner", "Startup Cost": 50000000000.0, "Total Cost": 5000025304244.59, "Plan Rows": 1, "Plan Width": 32, "Inner Unique": false, "Join Filter": "(ml.movie_id = mc.movie_id)", "Plans": [{"Node Type": "Index Scan", "Parent Relationship": "Outer", "Scan Direction": "Forward", "Index Name": "company_type_id_movie_companies", "Relation Name": "movie_companies", "Alias": "mc", "Startup Cost": 10000000000.0, "Total Cost": 1000009318217.0, "Plan Rows": 1269486, "Plan Width": 12, "Filter": "(note IS NULL), (LLVM Optimized)"}, {"Node Type": "Materialize", "Parent Relationship": "Inner", "Startup Cost": 40000000000.0, "Total Cost": 4000015795604.72, "Plan Rows": 10, "Plan Width": 20, "Plans": [{"Node Type": "Nested Loop", "Parent Relationship": "Outer", "Join Type": "Inner", "Startup Cost": 40000000000.0, "Total Cost": 4000015795604.67, "Plan Rows": 10, "Plan Width": 20, "Inner Unique": false, "Join Filter": "(mk.movie_id = ml.movie_id)", "Plans": [{"Node Type": "Nested Loop", "Parent Relationship": "Outer", "Join Type": "Inner", "Startup Cost": 20000000000.0, "Total Cost": 2000015686764.79, "Plan Rows": 33, "Plan Width": 4, "Inner Unique": true, "Join Filter": "(k.id = mk.keyword_id)", "Plans": [{"Node Type": "Index Scan", "Parent Relationship": "Outer", "Scan Direction": "Forward", "Index Name": "movie_id_movie_keyword", "Relation Name": "movie_keyword", "Alias": "mk", "Startup Cost": 10000000000.0, "Total Cost": 1000015300634.17, "Plan Rows": 4523929, "Plan Width": 8}, {"Node Type": "Materialize", "Parent Relationship": "Inner", "Startup Cost": 10000000000.0, "Total Cost": 1000000318271.69, "Plan Rows": 1, "Plan Width": 4, "Plans": [{"Node Type": "Index Scan", "Parent Relationship": "Outer", "Scan Direction": "Forward", "Index Name": "keyword_pkey", "Relation Name": "keyword", "Alias": "k", "Startup Cost": 10000000000.0, "Total Cost": 1000000318271.68, "Plan Rows": 1, "Plan Width": 4, "Filter": "((keyword)::text = 'sequel'::text)"}]}]}, {"Node Type": "Materialize", "Parent Relationship": "Inner", "Startup Cost": 20000000000.0, "Total Cost": 2000000107916.44, "Plan Rows": 1875, "Plan Width": 16, "Plans": [{"Node Type": "Nested Loop", "Parent Relationship": "Outer", "Join Type": "Inner", "Startup Cost": 20000000000.0, "Total Cost": 2000000107907.07, "Plan Rows": 1875, "Plan Width": 16, "Inner Unique": true, "Join Filter": "(lt.id = ml.link_type_id)", "Plans": [{"Node Type": "Index Scan", "Parent Relationship": "Outer", "Scan Direction": "Forward", "Index Name": "movie_id_movie_link", "Relation Name": "movie_link", "Alias": "ml", "Startup Cost": 10000000000.0, "Total Cost": 1000000106202.37, "Plan Rows": 29996, "Plan Width": 8}, {"Node Type": "Materialize", "Parent Relationship": "Inner", "Startup Cost": 10000000000.0, "Total Cost": 1000000001254.76, "Plan Rows": 1, "Plan Width": 16, "Plans": [{"Node Type": "Index Scan", "Parent Relationship": "Outer", "Scan Direction": "Forward", "Index Name": "link_type_pkey", "Relation Name": "link_type", "Alias": "lt", "Startup Cost": 10000000000.0, "Total Cost": 1000000001254.75, "Plan Rows": 1, "Plan Width": 16, "Filter": "((link)::text ~~ '%follows%'::text)"}]}]}]}]}]}]}, {"Node Type": "Index Scan", "Parent Relationship": "Inner", "Scan Direction": "Forward", "Index Name": "title_pkey", "Relation Name": "title", "Alias": "t", "Startup Cost": 10000000000.0, "Total Cost": 1000000000031.39, "Plan Rows": 1, "Plan Width": 21, "Index Cond": "(id = mk.movie_id)", "Filter": "(((title)::text ~~ '%Money%'::text) AND (production_year = 1998))"}]}, {"Node Type": "Index Scan", "Parent Relationship": "Inner", "Scan Direction": "Forward", "Index Name": "company_name_pkey", "Relation Name": "company_name", "Alias": "cn", "Startup Cost": 10000000000.0, "Total Cost": 1000000000028.81, "Plan Rows": 1, "Plan Width": 23, "Index Cond": "(id = mc.company_id)", "Filter": "(((country_code)::text <> '[pl]'::text) AND (((name)::text ~~ '%Film%'::text) OR ((name)::text ~~ '%Warner%'::text)))"}]}, {"Node Type": "Index Scan", "Parent Relationship": "Inner", "Scan Direction": "Forward", "Index Name": "company_type_pkey", "Relation Name": "company_type", "Alias": "ct", "Startup Cost": 10000000000.0, "Total Cost": 1000000001230.25, "Plan Rows": 1, "Plan Width": 4, "Filter": "((kind)::text = 'production companies'::text)"}]}]}, "Unique SQL Id": 4121279504}, "explain_analyze_plan": null}, "(1, 64)": {"explain_plan": {"Plan": {"Node Type": "Aggregate", "Strategy": "Plain", "Startup Cost": 2581.34, "Total Cost": 2581.35, "Plan Rows": 1, "Plan Width": 144, "Plans": [{"Node Type": "Nested Loop", "Parent Relationship": "Outer", "Join Type": "Inner", "Startup Cost": 4.51, "Total Cost": 2581.33, "Plan Rows": 1, "Plan Width": 48, "Inner Unique": true, "Plans": [{"Node Type": "Nested Loop", "Parent Relationship": "Outer", "Join Type": "Inner", "Startup Cost": 4.51, "Total Cost": 2581.05, "Plan Rows": 1, "Plan Width": 40, "Inner Unique": false, "Join Filter": "(t.id = ml.movie_id)", "Plans": [{"Node Type": "Nested Loop", "Parent Relationship": "Outer", "Join Type": "Inner", "Startup Cost": 4.51, "Total Cost": 2580.63, "Plan Rows": 1, "Plan Width": 48, "Inner Unique": true, "Plans": [{"Node Type": "Nested Loop", "Parent Relationship": "Outer", "Join Type": "Inner", "Startup Cost": 4.51, "Total Cost": 2580.35, "Plan Rows": 1, "Plan Width": 52, "Inner Unique": true, "Plans": [{"Node Type": "Nested Loop", "Parent Relationship": "Outer", "Join Type": "Inner", "Startup Cost": 4.51, "Total Cost": 2580.05, "Plan Rows": 1, "Plan Width": 37, "Inner Unique": false, "Join Filter": "(t.id = mc.movie_id)", "Plans": [{"Node Type": "Nested Loop", "Parent Relationship": "Outer", "Join Type": "Inner", "Startup Cost": 4.51, "Total Cost": 2579.71, "Plan Rows": 1, "Plan Width": 25, "Inner Unique": true, "Plans": [{"Node Type": "Nested Loop", "Parent Relationship": "Outer", "Join Type": "Inner", "Startup Cost": 4.51, "Total Cost": 2569.02, "Plan Rows": 33, "Plan Width": 4, "Inner Unique": false, "Plans": [{"Node Type": "Seq Scan", "Parent Relationship": "Outer", "Relation Name": "keyword", "Alias": "k", "Startup Cost": 0.0, "Total Cost": 2436.11, "Plan Rows": 1, "Plan Width": 4, "Filter": "((keyword)::text = 'sequel'::text)"}, {"Node Type": "Bitmap Heap Scan", "Parent Relationship": "Inner", "Relation Name": "movie_keyword", "Alias": "mk", "Startup Cost": 4.51, "Total Cost": 132.58, "Plan Rows": 33, "Plan Width": 8, "Recheck Cond": "(keyword_id = k.id)", "Plans": [{"Node Type": "Bitmap Index Scan", "Parent Relationship": "Outer", "Index Name": "keyword_id_movie_keyword", "Startup Cost": 0.0, "Total Cost": 4.5, "Plan Rows": 33, "Plan Width": 0, "Index Cond": "(keyword_id = k.id)"}]}]}, {"Node Type": "Index Scan", "Parent Relationship": "Inner", "Scan Direction": "Forward", "Index Name": "title_pkey", "Relation Name": "title", "Alias": "t", "Startup Cost": 0.0, "Total Cost": 0.31, "Plan Rows": 1, "Plan Width": 21, "Index Cond": "(id = mk.movie_id)", "Filter": "(((title)::text ~~ '%Money%'::text) AND (production_year = 1998))"}]}, {"Node Type": "Index Scan", "Parent Relationship": "Inner", "Scan Direction": "Forward", "Index Name": "movie_id_movie_companies", "Relation Name": "movie_companies", "Alias": "mc", "Startup Cost": 0.0, "Total Cost": 0.31, "Plan Rows": 2, "Plan Width": 12, "Index Cond": "(movie_id = mk.movie_id)", "Filter": "(note IS NULL)"}]}, {"Node Type": "Index Scan", "Parent Relationship": "Inner", "Scan Direction": "Forward", "Index Name": "company_name_pkey", "Relation Name": "company_name", "Alias": "cn", "Startup Cost": 0.0, "Total Cost": 0.29, "Plan Rows": 1, "Plan Width": 23, "Index Cond": "(id = mc.company_id)", "Filter": "(((country_code)::text <> '[pl]'::text) AND (((name)::text ~~ '%Film%'::text) OR ((name)::text ~~ '%Warner%'::text)))"}]}, {"Node Type": "Index Scan", "Parent Relationship": "Inner", "Scan Direction": "Forward", "Index Name": "company_type_pkey", "Relation Name": "company_type", "Alias": "ct", "Startup Cost": 0.0, "Total Cost": 0.27, "Plan Rows": 1, "Plan Width": 4, "Index Cond": "(id = mc.company_type_id)", "Filter": "((kind)::text = 'production companies'::text)"}]}, {"Node Type": "Index Scan", "Parent Relationship": "Inner", "Scan Direction": "Forward", "Index Name": "movie_id_movie_link", "Relation Name": "movie_link", "Alias": "ml", "Startup Cost": 0.0, "Total Cost": 0.35, "Plan Rows": 5, "Plan Width": 8, "Index Cond": "(movie_id = mk.movie_id)"}]}, {"Node Type": "Index Scan", "Parent Relationship": "Inner", "Scan Direction": "Forward", "Index Name": "link_type_pkey", "Relation Name": "link_type", "Alias": "lt", "Startup Cost": 0.0, "Total Cost": 0.27, "Plan Rows": 1, "Plan Width": 16, "Index Cond": "(id = ml.link_type_id)", "Filter": "((link)::text ~~ '%follows%'::text)"}]}]}, "Unique SQL Id": 4121279504}, "explain_analyze_plan": {"Plan": {"Node Type": "Aggregate", "Strategy": "Plain", "Startup Cost": 2581.34, "Total Cost": 2581.35, "Plan Rows": 1, "Plan Width": 144, "Actual Startup Time": 107.057, "Actual Total Time": 107.057, "Actual Rows": 1, "Actual Loops": 1, "Plans": [{"Node Type": "Nested Loop", "Parent Relationship": "Outer", "Join Type": "Inner", "Startup Cost": 4.51, "Total Cost": 2581.33, "Plan Rows": 1, "Plan Width": 48, "Actual Startup Time": 107.047, "Actual Total Time": 107.047, "Actual Rows": 0, "Actual Loops": 1, "Inner Unique": true, "Plans": [{"Node Type": "Nested Loop", "Parent Relationship": "Outer", "Join Type": "Inner", "Startup Cost": 4.51, "Total Cost": 2581.05, "Plan Rows": 1, "Plan Width": 40, "Actual Startup Time": 5.482, "Actual Total Time": 106.959, "Actual Rows": 38, "Actual Loops": 1, "Inner Unique": false, "Join Filter": "(t.id = ml.movie_id)", "Rows Removed by Join Filter": 0, "Plans": [{"Node Type": "Nested Loop", "Parent Relationship": "Outer", "Join Type": "Inner", "Startup Cost": 4.51, "Total Cost": 2580.63, "Plan Rows": 1, "Plan Width": 48, "Actual Startup Time": 5.471, "Actual Total Time": 106.908, "Actual Rows": 2, "Actual Loops": 1, "Inner Unique": true, "Plans": [{"Node Type": "Nested Loop", "Parent Relationship": "Outer", "Join Type": "Inner", "Startup Cost": 4.51, "Total Cost": 2580.35, "Plan Rows": 1, "Plan Width": 52, "Actual Startup Time": 5.461, "Actual Total Time": 106.893, "Actual Rows": 2, "Actual Loops": 1, "Inner Unique": true, "Plans": [{"Node Type": "Nested Loop", "Parent Relationship": "Outer", "Join Type": "Inner", "Startup Cost": 4.51, "Total Cost": 2580.05, "Plan Rows": 1, "Plan Width": 37, "Actual Startup Time": 5.448, "Actual Total Time": 106.864, "Actual Rows": 3, "Actual Loops": 1, "Inner Unique": false, "Join Filter": "(t.id = mc.movie_id)", "Rows Removed by Join Filter": 0, "Plans": [{"Node Type": "Nested Loop", "Parent Relationship": "Outer", "Join Type": "Inner", "Startup Cost": 4.51, "Total Cost": 2579.71, "Plan Rows": 1, "Plan Width": 25, "Actual Startup Time": 5.434, "Actual Total Time": 106.846, "Actual Rows": 1, "Actual Loops": 1, "Inner Unique": true, "Plans": [{"Node Type": "Nested Loop", "Parent Relationship": "Outer", "Join Type": "Inner", "Startup Cost": 4.51, "Total Cost": 2569.02, "Plan Rows": 33, "Plan Width": 4, "Actual Startup Time": 5.175, "Actual Total Time": 57.215, "Actual Rows": 10544, "Actual Loops": 1, "Inner Unique": false, "Plans": [{"Node Type": "Seq Scan", "Parent Relationship": "Outer", "Relation Name": "keyword", "Alias": "k", "Startup Cost": 0.0, "Total Cost": 2436.11, "Plan Rows": 1, "Plan Width": 4, "Actual Startup Time": 2.299, "Actual Total Time": 40.531, "Actual Rows": 1, "Actual Loops": 1, "Filter": "((keyword)::text = 'sequel'::text)", "Rows Removed by Filter": 134168}, {"Node Type": "Bitmap Heap Scan", "Parent Relationship": "Inner", "Relation Name": "movie_keyword", "Alias": "mk", "Startup Cost": 4.51, "Total Cost": 132.58, "Plan Rows": 33, "Plan Width": 8, "Actual Startup Time": 2.868, "Actual Total Time": 14.547, "Actual Rows": 10544, "Actual Loops": 1, "Recheck Cond": "(keyword_id = k.id)", "Rows Removed by Index Recheck": 0, "Exact Heap Blocks": 5090, "Lossy Heap Blocks": 5090, "Plans": [{"Node Type": "Bitmap Index Scan", "Parent Relationship": "Outer", "Index Name": "keyword_id_movie_keyword", "Startup Cost": 0.0, "Total Cost": 4.5, "Plan Rows": 33, "Plan Width": 0, "Actual Startup Time": 1.963, "Actual Total Time": 1.963, "Actual Rows": 10544, "Actual Loops": 1, "Index Cond": "(keyword_id = k.id)"}]}]}, {"Node Type": "Index Scan", "Parent Relationship": "Inner", "Scan Direction": "Forward", "Index Name": "title_pkey", "Relation Name": "title", "Alias": "t", "Startup Cost": 0.0, "Total Cost": 0.31, "Plan Rows": 1, "Plan Width": 21, "Actual Startup Time": 44.363, "Actual Total Time": 44.363, "Actual Rows": 1, "Actual Loops": 10544, "Index Cond": "(id = mk.movie_id)", "Rows Removed by Index Recheck": 0, "Filter": "(((title)::text ~~ '%Money%'::text) AND (production_year = 1998))", "Rows Removed by Filter": 10543}]}, {"Node Type": "Index Scan", "Parent Relationship": "Inner", "Scan Direction": "Forward", "Index Name": "movie_id_movie_companies", "Relation Name": "movie_companies", "Alias": "mc", "Startup Cost": 0.0, "Total Cost": 0.31, "Plan Rows": 2, "Plan Width": 12, "Actual Startup Time": 0.011, "Actual Total Time": 0.014, "Actual Rows": 3, "Actual Loops": 1, "Index Cond": "(movie_id = mk.movie_id)", "Rows Removed by Index Recheck": 0, "Filter": "(note IS NULL)", "Rows Removed by Filter": 1}]}, {"Node Type": "Index Scan", "Parent Relationship": "Inner", "Scan Direction": "Forward", "Index Name": "company_name_pkey", "Relation Name": "company_name", "Alias": "cn", "Startup Cost": 0.0, "Total Cost": 0.29, "Plan Rows": 1, "Plan Width": 23, "Actual Startup Time": 0.025, "Actual Total Time": 0.025, "Actual Rows": 2, "Actual Loops": 3, "Index Cond": "(id = mc.company_id)", "Rows Removed by Index Recheck": 0, "Filter": "(((country_code)::text <> '[pl]'::text) AND (((name)::text ~~ '%Film%'::text) OR ((name)::text ~~ '%Warner%'::text)))", "Rows Removed by Filter": 1}]}, {"Node Type": "Index Scan", "Parent Relationship": "Inner", "Scan Direction": "Forward", "Index Name": "company_type_pkey", "Relation Name": "company_type", "Alias": "ct", "Startup Cost": 0.0, "Total Cost": 0.27, "Plan Rows": 1, "Plan Width": 4, "Actual Startup Time": 0.01, "Actual Total Time": 0.01, "Actual Rows": 2, "Actual Loops": 2, "Index Cond": "(id = mc.company_type_id)", "Rows Removed by Index Recheck": 0, "Filter": "((kind)::text = 'production companies'::text)", "Rows Removed by Filter": 0}]}, {"Node Type": "Index Scan", "Parent Relationship": "Inner", "Scan Direction": "Forward", "Index Name": "movie_id_movie_link", "Relation Name": "movie_link", "Alias": "ml", "Startup Cost": 0.0, "Total Cost": 0.35, "Plan Rows": 5, "Plan Width": 8, "Actual Startup Time": 0.011, "Actual Total Time": 0.027, "Actual Rows": 38, "Actual Loops": 2, "Index Cond": "(movie_id = mk.movie_id)", "Rows Removed by Index Recheck": 0}]}, {"Node Type": "Index Scan", "Parent Relationship": "Inner", "Scan Direction": "Forward", "Index Name": "link_type_pkey", "Relation Name": "link_type", "Alias": "lt", "Startup Cost": 0.0, "Total Cost": 0.27, "Plan Rows": 1, "Plan Width": 16, "Actual Startup Time": 0.073, "Actual Total Time": 0.073, "Actual Rows": 0, "Actual Loops": 38, "Index Cond": "(id = ml.link_type_id)", "Rows Removed by Index Recheck": 0, "Filter": "((link)::text ~~ '%follows%'::text)", "Rows Removed by Filter": 24}]}]}, "Triggers": [], "Planner Runtime": 64.386, "Total Runtime": 107.455, "Unique SQL Id": 4121279504}}, "(1, 65)": {"explain_plan": {"Plan": {"Node Type": "Aggregate", "Strategy": "Plain", "Startup Cost": 3327.94, "Total Cost": 3327.95, "Plan Rows": 1, "Plan Width": 144, "Plans": [{"Node Type": "Nested Loop", "Parent Relationship": "Outer", "Join Type": "Inner", "Startup Cost": 4.51, "Total Cost": 3327.93, "Plan Rows": 1, "Plan Width": 48, "Inner Unique": true, "Plans": [{"Node Type": "Nested Loop", "Parent Relationship": "Outer", "Join Type": "Inner", "Startup Cost": 4.51, "Total Cost": 3327.65, "Plan Rows": 1, "Plan Width": 40, "Inner Unique": false, "Join Filter": "(t.id = ml.movie_id)", "Plans": [{"Node Type": "Nested Loop", "Parent Relationship": "Outer", "Join Type": "Inner", "Startup Cost": 4.51, "Total Cost": 3327.24, "Plan Rows": 1, "Plan Width": 48, "Inner Unique": true, "Plans": [{"Node Type": "Nested Loop", "Parent Relationship": "Outer", "Join Type": "Inner", "Startup Cost": 4.51, "Total Cost": 3326.95, "Plan Rows": 1, "Plan Width": 52, "Inner Unique": true, "Plans": [{"Node Type": "Nested Loop", "Parent Relationship": "Outer", "Join Type": "Inner", "Startup Cost": 4.51, "Total Cost": 3326.66, "Plan Rows": 1, "Plan Width": 37, "Inner Unique": false, "Join Filter": "(t.id = mc.movie_id)", "Plans": [{"Node Type": "Nested Loop", "Parent Relationship": "Outer", "Join Type": "Inner", "Startup Cost": 4.51, "Total Cost": 3326.32, "Plan Rows": 1, "Plan Width": 25, "Inner Unique": true, "Plans": [{"Node Type": "Nested Loop", "Parent Relationship": "Outer", "Join Type": "Inner", "Startup Cost": 4.51, "Total Cost": 3315.63, "Plan Rows": 33, "Plan Width": 4, "Inner Unique": false, "Plans": [{"Node Type": "Index Scan", "Parent Relationship": "Outer", "Scan Direction": "Forward", "Index Name": "keyword_pkey", "Relation Name": "keyword", "Alias": "k", "Startup Cost": 0.0, "Total Cost": 3182.72, "Plan Rows": 1, "Plan Width": 4, "Filter": "((keyword)::text = 'sequel'::text)"}, {"Node Type": "Bitmap Heap Scan", "Parent Relationship": "Inner", "Relation Name": "movie_keyword", "Alias": "mk", "Startup Cost": 4.51, "Total Cost": 132.58, "Plan Rows": 33, "Plan Width": 8, "Recheck Cond": "(keyword_id = k.id)", "Plans": [{"Node Type": "Bitmap Index Scan", "Parent Relationship": "Outer", "Index Name": "keyword_id_movie_keyword", "Startup Cost": 0.0, "Total Cost": 4.5, "Plan Rows": 33, "Plan Width": 0, "Index Cond": "(keyword_id = k.id)"}]}]}, {"Node Type": "Index Scan", "Parent Relationship": "Inner", "Scan Direction": "Forward", "Index Name": "title_pkey", "Relation Name": "title", "Alias": "t", "Startup Cost": 0.0, "Total Cost": 0.31, "Plan Rows": 1, "Plan Width": 21, "Index Cond": "(id = mk.movie_id)", "Filter": "(((title)::text ~~ '%Money%'::text) AND (production_year = 1998))"}]}, {"Node Type": "Index Scan", "Parent Relationship": "Inner", "Scan Direction": "Forward", "Index Name": "movie_id_movie_companies", "Relation Name": "movie_companies", "Alias": "mc", "Startup Cost": 0.0, "Total Cost": 0.31, "Plan Rows": 2, "Plan Width": 12, "Index Cond": "(movie_id = mk.movie_id)", "Filter": "(note IS NULL)"}]}, {"Node Type": "Index Scan", "Parent Relationship": "Inner", "Scan Direction": "Forward", "Index Name": "company_name_pkey", "Relation Name": "company_name", "Alias": "cn", "Startup Cost": 0.0, "Total Cost": 0.29, "Plan Rows": 1, "Plan Width": 23, "Index Cond": "(id = mc.company_id)", "Filter": "(((country_code)::text <> '[pl]'::text) AND (((name)::text ~~ '%Film%'::text) OR ((name)::text ~~ '%Warner%'::text)))"}]}, {"Node Type": "Index Scan", "Parent Relationship": "Inner", "Scan Direction": "Forward", "Index Name": "company_type_pkey", "Relation Name": "company_type", "Alias": "ct", "Startup Cost": 0.0, "Total Cost": 0.27, "Plan Rows": 1, "Plan Width": 4, "Index Cond": "(id = mc.company_type_id)", "Filter": "((kind)::text = 'production companies'::text)"}]}, {"Node Type": "Index Scan", "Parent Relationship": "Inner", "Scan Direction": "Forward", "Index Name": "movie_id_movie_link", "Relation Name": "movie_link", "Alias": "ml", "Startup Cost": 0.0, "Total Cost": 0.35, "Plan Rows": 5, "Plan Width": 8, "Index Cond": "(movie_id = mk.movie_id)"}]}, {"Node Type": "Index Scan", "Parent Relationship": "Inner", "Scan Direction": "Forward", "Index Name": "link_type_pkey", "Relation Name": "link_type", "Alias": "lt", "Startup Cost": 0.0, "Total Cost": 0.27, "Plan Rows": 1, "Plan Width": 16, "Index Cond": "(id = ml.link_type_id)", "Filter": "((link)::text ~~ '%follows%'::text)"}]}]}, "Unique SQL Id": 4121279504}, "explain_analyze_plan": {"Plan": {"Node Type": "Aggregate", "Strategy": "Plain", "Startup Cost": 3327.94, "Total Cost": 3327.95, "Plan Rows": 1, "Plan Width": 144, "Actual Startup Time": 181.02, "Actual Total Time": 181.021, "Actual Rows": 1, "Actual Loops": 1, "Plans": [{"Node Type": "Nested Loop", "Parent Relationship": "Outer", "Join Type": "Inner", "Startup Cost": 4.51, "Total Cost": 3327.93, "Plan Rows": 1, "Plan Width": 48, "Actual Startup Time": 181.01, "Actual Total Time": 181.01, "Actual Rows": 0, "Actual Loops": 1, "Inner Unique": true, "Plans": [{"Node Type": "Nested Loop", "Parent Relationship": "Outer", "Join Type": "Inner", "Startup Cost": 4.51, "Total Cost": 3327.65, "Plan Rows": 1, "Plan Width": 40, "Actual Startup Time": 3.646, "Actual Total Time": 180.923, "Actual Rows": 38, "Actual Loops": 1, "Inner Unique": false, "Join Filter": "(t.id = ml.movie_id)", "Rows Removed by Join Filter": 0, "Plans": [{"Node Type": "Nested Loop", "Parent Relationship": "Outer", "Join Type": "Inner", "Startup Cost": 4.51, "Total Cost": 3327.24, "Plan Rows": 1, "Plan Width": 48, "Actual Startup Time": 3.636, "Actual Total Time": 180.883, "Actual Rows": 2, "Actual Loops": 1, "Inner Unique": true, "Plans": [{"Node Type": "Nested Loop", "Parent Relationship": "Outer", "Join Type": "Inner", "Startup Cost": 4.51, "Total Cost": 3326.95, "Plan Rows": 1, "Plan Width": 52, "Actual Startup Time": 3.627, "Actual Total Time": 180.869, "Actual Rows": 2, "Actual Loops": 1, "Inner Unique": true, "Plans": [{"Node Type": "Nested Loop", "Parent Relationship": "Outer", "Join Type": "Inner", "Startup Cost": 4.51, "Total Cost": 3326.66, "Plan Rows": 1, "Plan Width": 37, "Actual Startup Time": 3.613, "Actual Total Time": 180.84, "Actual Rows": 3, "Actual Loops": 1, "Inner Unique": false, "Join Filter": "(t.id = mc.movie_id)", "Rows Removed by Join Filter": 0, "Plans": [{"Node Type": "Nested Loop", "Parent Relationship": "Outer", "Join Type": "Inner", "Startup Cost": 4.51, "Total Cost": 3326.32, "Plan Rows": 1, "Plan Width": 25, "Actual Startup Time": 3.597, "Actual Total Time": 180.82, "Actual Rows": 1, "Actual Loops": 1, "Inner Unique": true, "Plans": [{"Node Type": "Nested Loop", "Parent Relationship": "Outer", "Join Type": "Inner", "Startup Cost": 4.51, "Total Cost": 3315.63, "Plan Rows": 33, "Plan Width": 4, "Actual Startup Time": 3.337, "Actual Total Time": 130.626, "Actual Rows": 10544, "Actual Loops": 1, "Inner Unique": false, "Plans": [{"Node Type": "Index Scan", "Parent Relationship": "Outer", "Scan Direction": "Forward", "Index Name": "keyword_pkey", "Relation Name": "keyword", "Alias": "k", "Startup Cost": 0.0, "Total Cost": 3182.72, "Plan Rows": 1, "Plan Width": 4, "Actual Startup Time": 0.436, "Actual Total Time": 113.393, "Actual Rows": 1, "Actual Loops": 1, "Filter": "((keyword)::text = 'sequel'::text)", "Rows Removed by Filter": 134168}, {"Node Type": "Bitmap Heap Scan", "Parent Relationship": "Inner", "Relation Name": "movie_keyword", "Alias": "mk", "Startup Cost": 4.51, "Total Cost": 132.58, "Plan Rows": 33, "Plan Width": 8, "Actual Startup Time": 2.893, "Actual Total Time": 14.881, "Actual Rows": 10544, "Actual Loops": 1, "Recheck Cond": "(keyword_id = k.id)", "Rows Removed by Index Recheck": 0, "Exact Heap Blocks": 5090, "Lossy Heap Blocks": 5090, "Plans": [{"Node Type": "Bitmap Index Scan", "Parent Relationship": "Outer", "Index Name": "keyword_id_movie_keyword", "Startup Cost": 0.0, "Total Cost": 4.5, "Plan Rows": 33, "Plan Width": 0, "Actual Startup Time": 1.993, "Actual Total Time": 1.993, "Actual Rows": 10544, "Actual Loops": 1, "Index Cond": "(keyword_id = k.id)"}]}]}, {"Node Type": "Index Scan", "Parent Relationship": "Inner", "Scan Direction": "Forward", "Index Name": "title_pkey", "Relation Name": "title", "Alias": "t", "Startup Cost": 0.0, "Total Cost": 0.31, "Plan Rows": 1, "Plan Width": 21, "Actual Startup Time": 44.981, "Actual Total Time": 44.981, "Actual Rows": 1, "Actual Loops": 10544, "Index Cond": "(id = mk.movie_id)", "Rows Removed by Index Recheck": 0, "Filter": "(((title)::text ~~ '%Money%'::text) AND (production_year = 1998))", "Rows Removed by Filter": 10543}]}, {"Node Type": "Index Scan", "Parent Relationship": "Inner", "Scan Direction": "Forward", "Index Name": "movie_id_movie_companies", "Relation Name": "movie_companies", "Alias": "mc", "Startup Cost": 0.0, "Total Cost": 0.31, "Plan Rows": 2, "Plan Width": 12, "Actual Startup Time": 0.012, "Actual Total Time": 0.013, "Actual Rows": 3, "Actual Loops": 1, "Index Cond": "(movie_id = mk.movie_id)", "Rows Removed by Index Recheck": 0, "Filter": "(note IS NULL)", "Rows Removed by Filter": 1}]}, {"Node Type": "Index Scan", "Parent Relationship": "Inner", "Scan Direction": "Forward", "Index Name": "company_name_pkey", "Relation Name": "company_name", "Alias": "cn", "Startup Cost": 0.0, "Total Cost": 0.29, "Plan Rows": 1, "Plan Width": 23, "Actual Startup Time": 0.023, "Actual Total Time": 0.023, "Actual Rows": 2, "Actual Loops": 3, "Index Cond": "(id = mc.company_id)", "Rows Removed by Index Recheck": 0, "Filter": "(((country_code)::text <> '[pl]'::text) AND (((name)::text ~~ '%Film%'::text) OR ((name)::text ~~ '%Warner%'::text)))", "Rows Removed by Filter": 1}]}, {"Node Type": "Index Scan", "Parent Relationship": "Inner", "Scan Direction": "Forward", "Index Name": "company_type_pkey", "Relation Name": "company_type", "Alias": "ct", "Startup Cost": 0.0, "Total Cost": 0.27, "Plan Rows": 1, "Plan Width": 4, "Actual Startup Time": 0.009, "Actual Total Time": 0.009, "Actual Rows": 2, "Actual Loops": 2, "Index Cond": "(id = mc.company_type_id)", "Rows Removed by Index Recheck": 0, "Filter": "((kind)::text = 'production companies'::text)", "Rows Removed by Filter": 0}]}, {"Node Type": "Index Scan", "Parent Relationship": "Inner", "Scan Direction": "Forward", "Index Name": "movie_id_movie_link", "Relation Name": "movie_link", "Alias": "ml", "Startup Cost": 0.0, "Total Cost": 0.35, "Plan Rows": 5, "Plan Width": 8, "Actual Startup Time": 0.011, "Actual Total Time": 0.023, "Actual Rows": 38, "Actual Loops": 2, "Index Cond": "(movie_id = mk.movie_id)", "Rows Removed by Index Recheck": 0}]}, {"Node Type": "Index Scan", "Parent Relationship": "Inner", "Scan Direction": "Forward", "Index Name": "link_type_pkey", "Relation Name": "link_type", "Alias": "lt", "Startup Cost": 0.0, "Total Cost": 0.27, "Plan Rows": 1, "Plan Width": 16, "Actual Startup Time": 0.063, "Actual Total Time": 0.063, "Actual Rows": 0, "Actual Loops": 38, "Index Cond": "(id = ml.link_type_id)", "Rows Removed by Index Recheck": 0, "Filter": "((link)::text ~~ '%follows%'::text)", "Rows Removed by Filter": 24}]}]}, "Triggers": [], "Planner Runtime": 58.021, "Total Runtime": 181.432, "Unique SQL Id": 4121279504}}, "(1, 66)": {"explain_plan": {"Plan": {"Node Type": "Aggregate", "Strategy": "Plain", "Startup Cost": 2726.04, "Total Cost": 2726.05, "Plan Rows": 1, "Plan Width": 144, "Plans": [{"Node Type": "Hash Join", "Parent Relationship": "Outer", "Join Type": "Inner", "Startup Cost": 7.87, "Total Cost": 2726.04, "Plan Rows": 1, "Plan Width": 48, "Inner Unique": true, "Hash Cond": "(ml.link_type_id = lt.id)", "Plans": [{"Node Type": "Nested Loop", "Parent Relationship": "Outer", "Join Type": "Inner", "Startup Cost": 6.64, "Total Cost": 2724.8, "Plan Rows": 1, "Plan Width": 40, "Inner Unique": false, "Join Filter": "(t.id = ml.movie_id)", "Plans": [{"Node Type": "Hash Join", "Parent Relationship": "Outer", "Join Type": "Inner", "Startup Cost": 6.35, "Total Cost": 2720.38, "Plan Rows": 1, "Plan Width": 48, "Inner Unique": true, "Hash Cond": "(mc.company_type_id = ct.id)", "Plans": [{"Node Type": "Nested Loop", "Parent Relationship": "Outer", "Join Type": "Inner", "Startup Cost": 5.3, "Total Cost": 2719.32, "Plan Rows": 1, "Plan Width": 52, "Inner Unique": true, "Plans": [{"Node Type": "Nested Loop", "Parent Relationship": "Outer", "Join Type": "Inner", "Startup Cost": 5.05, "Total Cost": 2715.03, "Plan Rows": 1, "Plan Width": 37, "Inner Unique": false, "Join Filter": "(t.id = mc.movie_id)", "Plans": [{"Node Type": "Nested Loop", "Parent Relationship": "Outer", "Join Type": "Inner", "Startup Cost": 4.77, "Total Cost": 2710.71, "Plan Rows": 1, "Plan Width": 25, "Inner Unique": true, "Plans": [{"Node Type": "Nested Loop", "Parent Relationship": "Outer", "Join Type": "Inner", "Startup Cost": 4.51, "Total Cost": 2569.02, "Plan Rows": 33, "Plan Width": 4, "Inner Unique": false, "Plans": [{"Node Type": "Seq Scan", "Parent Relationship": "Outer", "Relation Name": "keyword", "Alias": "k", "Startup Cost": 0.0, "Total Cost": 2436.11, "Plan Rows": 1, "Plan Width": 4, "Filter": "((keyword)::text = 'sequel'::text)"}, {"Node Type": "Bitmap Heap Scan", "Parent Relationship": "Inner", "Relation Name": "movie_keyword", "Alias": "mk", "Startup Cost": 4.51, "Total Cost": 132.58, "Plan Rows": 33, "Plan Width": 8, "Recheck Cond": "(keyword_id = k.id)", "Plans": [{"Node Type": "Bitmap Index Scan", "Parent Relationship": "Outer", "Index Name": "keyword_id_movie_keyword", "Startup Cost": 0.0, "Total Cost": 4.5, "Plan Rows": 33, "Plan Width": 0, "Index Cond": "(keyword_id = k.id)"}]}]}, {"Node Type": "Bitmap Heap Scan", "Parent Relationship": "Inner", "Relation Name": "title", "Alias": "t", "Startup Cost": 0.27, "Total Cost": 4.28, "Plan Rows": 1, "Plan Width": 21, "Recheck Cond": "(id = mk.movie_id)", "Filter": "(((title)::text ~~ '%Money%'::text) AND (production_year = 1998))", "Plans": [{"Node Type": "Bitmap Index Scan", "Parent Relationship": "Outer", "Index Name": "title_pkey", "Startup Cost": 0.0, "Total Cost": 0.27, "Plan Rows": 1, "Plan Width": 0, "Index Cond": "(id = mk.movie_id)"}]}]}, {"Node Type": "Bitmap Heap Scan", "Parent Relationship": "Inner", "Relation Name": "movie_companies", "Alias": "mc", "Startup Cost": 0.27, "Total Cost": 4.3, "Plan Rows": 2, "Plan Width": 12, "Recheck Cond": "(movie_id = mk.movie_id)", "Filter": "(note IS NULL)", "Plans": [{"Node Type": "Bitmap Index Scan", "Parent Relationship": "Outer", "Index Name": "movie_id_movie_companies", "Startup Cost": 0.0, "Total Cost": 0.27, "Plan Rows": 2, "Plan Width": 0, "Index Cond": "(movie_id = mk.movie_id)"}]}]}, {"Node Type": "Bitmap Heap Scan", "Parent Relationship": "Inner", "Relation Name": "company_name", "Alias": "cn", "Startup Cost": 0.26, "Total Cost": 4.28, "Plan Rows": 1, "Plan Width": 23, "Recheck Cond": "(id = mc.company_id)", "Filter": "(((country_code)::text <> '[pl]'::text) AND (((name)::text ~~ '%Film%'::text) OR ((name)::text ~~ '%Warner%'::text)))", "Plans": [{"Node Type": "Bitmap Index Scan", "Parent Relationship": "Outer", "Index Name": "company_name_pkey", "Startup Cost": 0.0, "Total Cost": 0.26, "Plan Rows": 1, "Plan Width": 0, "Index Cond": "(id = mc.company_id)"}]}]}, {"Node Type": "Hash", "Parent Relationship": "Inner", "Startup Cost": 1.04, "Total Cost": 1.04, "Plan Rows": 1, "Plan Width": 4, "Plans": [{"Node Type": "Seq Scan", "Parent Relationship": "Outer", "Relation Name": "company_type", "Alias": "ct", "Startup Cost": 0.0, "Total Cost": 1.04, "Plan Rows": 1, "Plan Width": 4, "Filter": "((kind)::text = 'production companies'::text)"}]}]}, {"Node Type": "Bitmap Heap Scan", "Parent Relationship": "Inner", "Relation Name": "movie_link", "Alias": "ml", "Startup Cost": 0.29, "Total Cost": 4.35, "Plan Rows": 5, "Plan Width": 8, "Recheck Cond": "(movie_id = mk.movie_id)", "Plans": [{"Node Type": "Bitmap Index Scan", "Parent Relationship": "Outer", "Index Name": "movie_id_movie_link", "Startup Cost": 0.0, "Total Cost": 0.29, "Plan Rows": 5, "Plan Width": 0, "Index Cond": "(movie_id = mk.movie_id)"}]}]}, {"Node Type": "Hash", "Parent Relationship": "Inner", "Startup Cost": 1.21, "Total Cost": 1.21, "Plan Rows": 1, "Plan Width": 16, "Plans": [{"Node Type": "Seq Scan", "Parent Relationship": "Outer", "Relation Name": "link_type", "Alias": "lt", "Startup Cost": 0.0, "Total Cost": 1.21, "Plan Rows": 1, "Plan Width": 16, "Filter": "((link)::text ~~ '%follows%'::text)"}]}]}]}, "Unique SQL Id": 4121279504}, "explain_analyze_plan": {"Plan": {"Node Type": "Aggregate", "Strategy": "Plain", "Startup Cost": 2726.04, "Total Cost": 2726.05, "Plan Rows": 1, "Plan Width": 144, "Actual Startup Time": 0.09, "Actual Total Time": 0.09, "Actual Rows": 1, "Actual Loops": 1, "Plans": [{"Node Type": "Hash Join", "Parent Relationship": "Outer", "Join Type": "Inner", "Startup Cost": 7.87, "Total Cost": 2726.04, "Plan Rows": 1, "Plan Width": 48, "Actual Startup Time": 0.081, "Actual Total Time": 0.081, "Actual Rows": 0, "Actual Loops": 1, "Inner Unique": true, "Hash Cond": "(ml.link_type_id = lt.id)", "Plans": [{"Node Type": "Nested Loop", "Parent Relationship": "Outer", "Join Type": "Inner", "Startup Cost": 6.64, "Total Cost": 2724.8, "Plan Rows": 1, "Plan Width": 40, "Actual Startup Time": 0.0, "Actual Total Time": 0.0, "Inner Unique": false, "Join Filter": "(t.id = ml.movie_id)", "Rows Removed by Join Filter": 0, "Plans": [{"Node Type": "Hash Join", "Parent Relationship": "Outer", "Join Type": "Inner", "Startup Cost": 6.35, "Total Cost": 2720.38, "Plan Rows": 1, "Plan Width": 48, "Actual Startup Time": 0.0, "Actual Total Time": 0.0, "Inner Unique": true, "Hash Cond": "(mc.company_type_id = ct.id)", "Plans": [{"Node Type": "Nested Loop", "Parent Relationship": "Outer", "Join Type": "Inner", "Startup Cost": 5.3, "Total Cost": 2719.32, "Plan Rows": 1, "Plan Width": 52, "Actual Startup Time": 0.0, "Actual Total Time": 0.0, "Inner Unique": true, "Plans": [{"Node Type": "Nested Loop", "Parent Relationship": "Outer", "Join Type": "Inner", "Startup Cost": 5.05, "Total Cost": 2715.03, "Plan Rows": 1, "Plan Width": 37, "Actual Startup Time": 0.0, "Actual Total Time": 0.0, "Inner Unique": false, "Join Filter": "(t.id = mc.movie_id)", "Rows Removed by Join Filter": 0, "Plans": [{"Node Type": "Nested Loop", "Parent Relationship": "Outer", "Join Type": "Inner", "Startup Cost": 4.77, "Total Cost": 2710.71, "Plan Rows": 1, "Plan Width": 25, "Actual Startup Time": 0.0, "Actual Total Time": 0.0, "Inner Unique": true, "Plans": [{"Node Type": "Nested Loop", "Parent Relationship": "Outer", "Join Type": "Inner", "Startup Cost": 4.51, "Total Cost": 2569.02, "Plan Rows": 33, "Plan Width": 4, "Actual Startup Time": 0.0, "Actual Total Time": 0.0, "Inner Unique": false, "Plans": [{"Node Type": "Seq Scan", "Parent Relationship": "Outer", "Relation Name": "keyword", "Alias": "k", "Startup Cost": 0.0, "Total Cost": 2436.11, "Plan Rows": 1, "Plan Width": 4, "Actual Startup Time": 0.0, "Actual Total Time": 0.0, "Filter": "((keyword)::text = 'sequel'::text)", "Rows Removed by Filter": 0}, {"Node Type": "Bitmap Heap Scan", "Parent Relationship": "Inner", "Relation Name": "movie_keyword", "Alias": "mk", "Startup Cost": 4.51, "Total Cost": 132.58, "Plan Rows": 33, "Plan Width": 8, "Actual Startup Time": 0.0, "Actual Total Time": 0.0, "Recheck Cond": "(keyword_id = k.id)", "Rows Removed by Index Recheck": 0, "Exact Heap Blocks": 0, "Lossy Heap Blocks": 0, "Plans": [{"Node Type": "Bitmap Index Scan", "Parent Relationship": "Outer", "Index Name": "keyword_id_movie_keyword", "Startup Cost": 0.0, "Total Cost": 4.5, "Plan Rows": 33, "Plan Width": 0, "Actual Startup Time": 0.0, "Actual Total Time": 0.0, "Index Cond": "(keyword_id = k.id)"}]}]}, {"Node Type": "Bitmap Heap Scan", "Parent Relationship": "Inner", "Relation Name": "title", "Alias": "t", "Startup Cost": 0.27, "Total Cost": 4.28, "Plan Rows": 1, "Plan Width": 21, "Actual Startup Time": 0.0, "Actual Total Time": 0.0, "Recheck Cond": "(id = mk.movie_id)", "Rows Removed by Index Recheck": 0, "Filter": "(((title)::text ~~ '%Money%'::text) AND (production_year = 1998))", "Rows Removed by Filter": 0, "Exact Heap Blocks": 0, "Lossy Heap Blocks": 0, "Plans": [{"Node Type": "Bitmap Index Scan", "Parent Relationship": "Outer", "Index Name": "title_pkey", "Startup Cost": 0.0, "Total Cost": 0.27, "Plan Rows": 1, "Plan Width": 0, "Actual Startup Time": 0.0, "Actual Total Time": 0.0, "Index Cond": "(id = mk.movie_id)"}]}]}, {"Node Type": "Bitmap Heap Scan", "Parent Relationship": "Inner", "Relation Name": "movie_companies", "Alias": "mc", "Startup Cost": 0.27, "Total Cost": 4.3, "Plan Rows": 2, "Plan Width": 12, "Actual Startup Time": 0.0, "Actual Total Time": 0.0, "Recheck Cond": "(movie_id = mk.movie_id)", "Rows Removed by Index Recheck": 0, "Filter": "(note IS NULL)", "Rows Removed by Filter": 0, "Exact Heap Blocks": 0, "Lossy Heap Blocks": 0, "Plans": [{"Node Type": "Bitmap Index Scan", "Parent Relationship": "Outer", "Index Name": "movie_id_movie_companies", "Startup Cost": 0.0, "Total Cost": 0.27, "Plan Rows": 2, "Plan Width": 0, "Actual Startup Time": 0.0, "Actual Total Time": 0.0, "Index Cond": "(movie_id = mk.movie_id)"}]}]}, {"Node Type": "Bitmap Heap Scan", "Parent Relationship": "Inner", "Relation Name": "company_name", "Alias": "cn", "Startup Cost": 0.26, "Total Cost": 4.28, "Plan Rows": 1, "Plan Width": 23, "Actual Startup Time": 0.0, "Actual Total Time": 0.0, "Recheck Cond": "(id = mc.company_id)", "Rows Removed by Index Recheck": 0, "Filter": "(((country_code)::text <> '[pl]'::text) AND (((name)::text ~~ '%Film%'::text) OR ((name)::text ~~ '%Warner%'::text)))", "Rows Removed by Filter": 0, "Exact Heap Blocks": 0, "Lossy Heap Blocks": 0, "Plans": [{"Node Type": "Bitmap Index Scan", "Parent Relationship": "Outer", "Index Name": "company_name_pkey", "Startup Cost": 0.0, "Total Cost": 0.26, "Plan Rows": 1, "Plan Width": 0, "Actual Startup Time": 0.0, "Actual Total Time": 0.0, "Index Cond": "(id = mc.company_id)"}]}]}, {"Node Type": "Hash", "Parent Relationship": "Inner", "Startup Cost": 1.04, "Total Cost": 1.04, "Plan Rows": 1, "Plan Width": 4, "Actual Startup Time": 0.0, "Actual Total Time": 0.0, "Hash Buckets": 0, "Hash Batches": 0, "Original Hash Batches": 0, "Peak Memory Usage": 0, "Plans": [{"Node Type": "Seq Scan", "Parent Relationship": "Outer", "Relation Name": "company_type", "Alias": "ct", "Startup Cost": 0.0, "Total Cost": 1.04, "Plan Rows": 1, "Plan Width": 4, "Actual Startup Time": 0.0, "Actual Total Time": 0.0, "Filter": "((kind)::text = 'production companies'::text)", "Rows Removed by Filter": 0}]}]}, {"Node Type": "Bitmap Heap Scan", "Parent Relationship": "Inner", "Relation Name": "movie_link", "Alias": "ml", "Startup Cost": 0.29, "Total Cost": 4.35, "Plan Rows": 5, "Plan Width": 8, "Actual Startup Time": 0.0, "Actual Total Time": 0.0, "Recheck Cond": "(movie_id = mk.movie_id)", "Rows Removed by Index Recheck": 0, "Exact Heap Blocks": 0, "Lossy Heap Blocks": 0, "Plans": [{"Node Type": "Bitmap Index Scan", "Parent Relationship": "Outer", "Index Name": "movie_id_movie_link", "Startup Cost": 0.0, "Total Cost": 0.29, "Plan Rows": 5, "Plan Width": 0, "Actual Startup Time": 0.0, "Actual Total Time": 0.0, "Index Cond": "(movie_id = mk.movie_id)"}]}]}, {"Node Type": "Hash", "Parent Relationship": "Inner", "Startup Cost": 1.21, "Total Cost": 1.21, "Plan Rows": 1, "Plan Width": 16, "Actual Startup Time": 0.038, "Actual Total Time": 0.038, "Actual Rows": 0, "Actual Loops": 1, "Hash Buckets": 32768, "Hash Batches": 1, "Original Hash Batches": 1, "Peak Memory Usage": 0, "Plans": [{"Node Type": "Seq Scan", "Parent Relationship": "Outer", "Relation Name": "link_type", "Alias": "lt", "Startup Cost": 0.0, "Total Cost": 1.21, "Plan Rows": 1, "Plan Width": 16, "Actual Startup Time": 0.035, "Actual Total Time": 0.035, "Actual Rows": 0, "Actual Loops": 1, "Filter": "((link)::text ~~ '%follows%'::text)", "Rows Removed by Filter": 17}]}]}]}, "Triggers": [], "Planner Runtime": 54.514, "Total Runtime": 0.414, "Unique SQL Id": 4121279504}}, "(1, 67)": {"explain_plan": {"Plan": {"Node Type": "Aggregate", "Strategy": "Plain", "Startup Cost": 1000014795431.67, "Total Cost": 1000014795431.68, "Plan Rows": 1, "Plan Width": 144, "Plans": [{"Node Type": "Nested Loop", "Parent Relationship": "Outer", "Join Type": "Inner", "Startup Cost": 10000000001.97, "Total Cost": 1000014795431.66, "Plan Rows": 1, "Plan Width": 48, "Inner Unique": true, "Plans": [{"Node Type": "Nested Loop", "Parent Relationship": "Outer", "Join Type": "Inner", "Startup Cost": 10000000001.72, "Total Cost": 1000014795427.38, "Plan Rows": 1, "Plan Width": 52, "Inner Unique": true, "Plans": [{"Node Type": "Nested Loop", "Parent Relationship": "Outer", "Join Type": "Inner", "Startup Cost": 10000000001.46, "Total Cost": 1000014795418.82, "Plan Rows": 2, "Plan Width": 44, "Inner Unique": false, "Join Filter": "(t.id = ml.movie_id)", "Plans": [{"Node Type": "Nested Loop", "Parent Relationship": "Outer", "Join Type": "Inner", "Startup Cost": 10000000001.17, "Total Cost": 1000014795414.4, "Plan Rows": 1, "Plan Width": 52, "Inner Unique": true, "Plans": [{"Node Type": "Nested Loop", "Parent Relationship": "Outer", "Join Type": "Inner", "Startup Cost": 10000000000.91, "Total Cost": 1000014795328.75, "Plan Rows": 20, "Plan Width": 56, "Inner Unique": false, "Join Filter": "(t.id = mk.movie_id)", "Plans": [{"Node Type": "Nested Loop", "Parent Relationship": "Outer", "Join Type": "Inner", "Startup Cost": 10000000000.55, "Total Cost": 1000014795319.62, "Plan Rows": 2, "Plan Width": 48, "Inner Unique": true, "Plans": [{"Node Type": "Nested Loop", "Parent Relationship": "Outer", "Join Type": "Inner", "Startup Cost": 10000000000.29, "Total Cost": 1000014795293.88, "Plan Rows": 6, "Plan Width": 33, "Inner Unique": true, "Plans": [{"Node Type": "Index Scan", "Parent Relationship": "Outer", "Scan Direction": "Forward", "Index Name": "company_type_id_movie_companies", "Relation Name": "movie_companies", "Alias": "mc", "Startup Cost": 10000000000.0, "Total Cost": 1000009318217.0, "Plan Rows": 1269486, "Plan Width": 12, "Filter": "(note IS NULL), (LLVM Optimized)"}, {"Node Type": "Bitmap Heap Scan", "Parent Relationship": "Inner", "Relation Name": "title", "Alias": "t", "Startup Cost": 0.29, "Total Cost": 4.3, "Plan Rows": 1, "Plan Width": 21, "Recheck Cond": "(id = mc.movie_id)", "Filter": "(((title)::text ~~ '%Money%'::text) AND (production_year = 1998))", "Plans": [{"Node Type": "Bitmap Index Scan", "Parent Relationship": "Outer", "Index Name": "title_pkey", "Startup Cost": 0.0, "Total Cost": 0.29, "Plan Rows": 1, "Plan Width": 0, "Index Cond": "(id = mc.movie_id)"}]}]}, {"Node Type": "Bitmap Heap Scan", "Parent Relationship": "Inner", "Relation Name": "company_name", "Alias": "cn", "Startup Cost": 0.26, "Total Cost": 4.28, "Plan Rows": 1, "Plan Width": 23, "Recheck Cond": "(id = mc.company_id)", "Filter": "(((country_code)::text <> '[pl]'::text) AND (((name)::text ~~ '%Film%'::text) OR ((name)::text ~~ '%Warner%'::text)))", "Plans": [{"Node Type": "Bitmap Index Scan", "Parent Relationship": "Outer", "Index Name": "company_name_pkey", "Startup Cost": 0.0, "Total Cost": 0.26, "Plan Rows": 1, "Plan Width": 0, "Index Cond": "(id = mc.company_id)"}]}]}, {"Node Type": "Bitmap Heap Scan", "Parent Relationship": "Inner", "Relation Name": "movie_keyword", "Alias": "mk", "Startup Cost": 0.37, "Total Cost": 4.47, "Plan Rows": 8, "Plan Width": 8, "Recheck Cond": "(movie_id = mc.movie_id)", "Plans": [{"Node Type": "Bitmap Index Scan", "Parent Relationship": "Outer", "Index Name": "movie_id_movie_keyword", "Startup Cost": 0.0, "Total Cost": 0.36, "Plan Rows": 8, "Plan Width": 0, "Index Cond": "(movie_id = mc.movie_id)"}]}]}, {"Node Type": "Bitmap Heap Scan", "Parent Relationship": "Inner", "Relation Name": "keyword", "Alias": "k", "Startup Cost": 0.26, "Total Cost": 4.27, "Plan Rows": 1, "Plan Width": 4, "Recheck Cond": "(id = mk.keyword_id)", "Filter": "((keyword)::text = 'sequel'::text)", "Plans": [{"Node Type": "Bitmap Index Scan", "Parent Relationship": "Outer", "Index Name": "keyword_pkey", "Startup Cost": 0.0, "Total Cost": 0.26, "Plan Rows": 1, "Plan Width": 0, "Index Cond": "(id = mk.keyword_id)"}]}]}, {"Node Type": "Bitmap Heap Scan", "Parent Relationship": "Inner", "Relation Name": "movie_link", "Alias": "ml", "Startup Cost": 0.29, "Total Cost": 4.35, "Plan Rows": 5, "Plan Width": 8, "Recheck Cond": "(movie_id = mk.movie_id)", "Plans": [{"Node Type": "Bitmap Index Scan", "Parent Relationship": "Outer", "Index Name": "movie_id_movie_link", "Startup Cost": 0.0, "Total Cost": 0.29, "Plan Rows": 5, "Plan Width": 0, "Index Cond": "(movie_id = mk.movie_id)"}]}]}, {"Node Type": "Bitmap Heap Scan", "Parent Relationship": "Inner", "Relation Name": "link_type", "Alias": "lt", "Startup Cost": 0.26, "Total Cost": 4.27, "Plan Rows": 1, "Plan Width": 16, "Recheck Cond": "(id = ml.link_type_id)", "Filter": "((link)::text ~~ '%follows%'::text)", "Plans": [{"Node Type": "Bitmap Index Scan", "Parent Relationship": "Outer", "Index Name": "link_type_pkey", "Startup Cost": 0.0, "Total Cost": 0.26, "Plan Rows": 1, "Plan Width": 0, "Index Cond": "(id = ml.link_type_id)"}]}]}, {"Node Type": "Bitmap Heap Scan", "Parent Relationship": "Inner", "Relation Name": "company_type", "Alias": "ct", "Startup Cost": 0.26, "Total Cost": 4.27, "Plan Rows": 1, "Plan Width": 4, "Recheck Cond": "(id = mc.company_type_id)", "Filter": "((kind)::text = 'production companies'::text)", "Plans": [{"Node Type": "Bitmap Index Scan", "Parent Relationship": "Outer", "Index Name": "company_type_pkey", "Startup Cost": 0.0, "Total Cost": 0.26, "Plan Rows": 1, "Plan Width": 0, "Index Cond": "(id = mc.company_type_id)"}]}]}]}, "Unique SQL Id": 4121279504}, "explain_analyze_plan": null}, "(1, 68)": {"explain_plan": {"Plan": {"Node Type": "Aggregate", "Strategy": "Plain", "Startup Cost": 2581.34, "Total Cost": 2581.35, "Plan Rows": 1, "Plan Width": 144, "Plans": [{"Node Type": "Nested Loop", "Parent Relationship": "Outer", "Join Type": "Inner", "Startup Cost": 4.51, "Total Cost": 2581.33, "Plan Rows": 1, "Plan Width": 48, "Inner Unique": true, "Plans": [{"Node Type": "Nested Loop", "Parent Relationship": "Outer", "Join Type": "Inner", "Startup Cost": 4.51, "Total Cost": 2581.05, "Plan Rows": 1, "Plan Width": 40, "Inner Unique": false, "Join Filter": "(t.id = ml.movie_id)", "Plans": [{"Node Type": "Nested Loop", "Parent Relationship": "Outer", "Join Type": "Inner", "Startup Cost": 4.51, "Total Cost": 2580.63, "Plan Rows": 1, "Plan Width": 48, "Inner Unique": true, "Plans": [{"Node Type": "Nested Loop", "Parent Relationship": "Outer", "Join Type": "Inner", "Startup Cost": 4.51, "Total Cost": 2580.35, "Plan Rows": 1, "Plan Width": 52, "Inner Unique": true, "Plans": [{"Node Type": "Nested Loop", "Parent Relationship": "Outer", "Join Type": "Inner", "Startup Cost": 4.51, "Total Cost": 2580.05, "Plan Rows": 1, "Plan Width": 37, "Inner Unique": false, "Join Filter": "(t.id = mc.movie_id)", "Plans": [{"Node Type": "Nested Loop", "Parent Relationship": "Outer", "Join Type": "Inner", "Startup Cost": 4.51, "Total Cost": 2579.71, "Plan Rows": 1, "Plan Width": 25, "Inner Unique": true, "Plans": [{"Node Type": "Nested Loop", "Parent Relationship": "Outer", "Join Type": "Inner", "Startup Cost": 4.51, "Total Cost": 2569.02, "Plan Rows": 33, "Plan Width": 4, "Inner Unique": false, "Plans": [{"Node Type": "Seq Scan", "Parent Relationship": "Outer", "Relation Name": "keyword", "Alias": "k", "Startup Cost": 0.0, "Total Cost": 2436.11, "Plan Rows": 1, "Plan Width": 4, "Filter": "((keyword)::text = 'sequel'::text)"}, {"Node Type": "Bitmap Heap Scan", "Parent Relationship": "Inner", "Relation Name": "movie_keyword", "Alias": "mk", "Startup Cost": 4.51, "Total Cost": 132.58, "Plan Rows": 33, "Plan Width": 8, "Recheck Cond": "(keyword_id = k.id)", "Plans": [{"Node Type": "Bitmap Index Scan", "Parent Relationship": "Outer", "Index Name": "keyword_id_movie_keyword", "Startup Cost": 0.0, "Total Cost": 4.5, "Plan Rows": 33, "Plan Width": 0, "Index Cond": "(keyword_id = k.id)"}]}]}, {"Node Type": "Index Scan", "Parent Relationship": "Inner", "Scan Direction": "Forward", "Index Name": "title_pkey", "Relation Name": "title", "Alias": "t", "Startup Cost": 0.0, "Total Cost": 0.31, "Plan Rows": 1, "Plan Width": 21, "Index Cond": "(id = mk.movie_id)", "Filter": "(((title)::text ~~ '%Money%'::text) AND (production_year = 1998))"}]}, {"Node Type": "Index Scan", "Parent Relationship": "Inner", "Scan Direction": "Forward", "Index Name": "movie_id_movie_companies", "Relation Name": "movie_companies", "Alias": "mc", "Startup Cost": 0.0, "Total Cost": 0.31, "Plan Rows": 2, "Plan Width": 12, "Index Cond": "(movie_id = mk.movie_id)", "Filter": "(note IS NULL)"}]}, {"Node Type": "Index Scan", "Parent Relationship": "Inner", "Scan Direction": "Forward", "Index Name": "company_name_pkey", "Relation Name": "company_name", "Alias": "cn", "Startup Cost": 0.0, "Total Cost": 0.29, "Plan Rows": 1, "Plan Width": 23, "Index Cond": "(id = mc.company_id)", "Filter": "(((country_code)::text <> '[pl]'::text) AND (((name)::text ~~ '%Film%'::text) OR ((name)::text ~~ '%Warner%'::text)))"}]}, {"Node Type": "Index Scan", "Parent Relationship": "Inner", "Scan Direction": "Forward", "Index Name": "company_type_pkey", "Relation Name": "company_type", "Alias": "ct", "Startup Cost": 0.0, "Total Cost": 0.27, "Plan Rows": 1, "Plan Width": 4, "Index Cond": "(id = mc.company_type_id)", "Filter": "((kind)::text = 'production companies'::text)"}]}, {"Node Type": "Index Scan", "Parent Relationship": "Inner", "Scan Direction": "Forward", "Index Name": "movie_id_movie_link", "Relation Name": "movie_link", "Alias": "ml", "Startup Cost": 0.0, "Total Cost": 0.35, "Plan Rows": 5, "Plan Width": 8, "Index Cond": "(movie_id = mk.movie_id)"}]}, {"Node Type": "Index Scan", "Parent Relationship": "Inner", "Scan Direction": "Forward", "Index Name": "link_type_pkey", "Relation Name": "link_type", "Alias": "lt", "Startup Cost": 0.0, "Total Cost": 0.27, "Plan Rows": 1, "Plan Width": 16, "Index Cond": "(id = ml.link_type_id)", "Filter": "((link)::text ~~ '%follows%'::text)"}]}]}, "Unique SQL Id": 4121279504}, "explain_analyze_plan": {"Plan": {"Node Type": "Aggregate", "Strategy": "Plain", "Startup Cost": 2581.34, "Total Cost": 2581.35, "Plan Rows": 1, "Plan Width": 144, "Actual Startup Time": 107.057, "Actual Total Time": 107.057, "Actual Rows": 1, "Actual Loops": 1, "Plans": [{"Node Type": "Nested Loop", "Parent Relationship": "Outer", "Join Type": "Inner", "Startup Cost": 4.51, "Total Cost": 2581.33, "Plan Rows": 1, "Plan Width": 48, "Actual Startup Time": 107.047, "Actual Total Time": 107.047, "Actual Rows": 0, "Actual Loops": 1, "Inner Unique": true, "Plans": [{"Node Type": "Nested Loop", "Parent Relationship": "Outer", "Join Type": "Inner", "Startup Cost": 4.51, "Total Cost": 2581.05, "Plan Rows": 1, "Plan Width": 40, "Actual Startup Time": 5.482, "Actual Total Time": 106.959, "Actual Rows": 38, "Actual Loops": 1, "Inner Unique": false, "Join Filter": "(t.id = ml.movie_id)", "Rows Removed by Join Filter": 0, "Plans": [{"Node Type": "Nested Loop", "Parent Relationship": "Outer", "Join Type": "Inner", "Startup Cost": 4.51, "Total Cost": 2580.63, "Plan Rows": 1, "Plan Width": 48, "Actual Startup Time": 5.471, "Actual Total Time": 106.908, "Actual Rows": 2, "Actual Loops": 1, "Inner Unique": true, "Plans": [{"Node Type": "Nested Loop", "Parent Relationship": "Outer", "Join Type": "Inner", "Startup Cost": 4.51, "Total Cost": 2580.35, "Plan Rows": 1, "Plan Width": 52, "Actual Startup Time": 5.461, "Actual Total Time": 106.893, "Actual Rows": 2, "Actual Loops": 1, "Inner Unique": true, "Plans": [{"Node Type": "Nested Loop", "Parent Relationship": "Outer", "Join Type": "Inner", "Startup Cost": 4.51, "Total Cost": 2580.05, "Plan Rows": 1, "Plan Width": 37, "Actual Startup Time": 5.448, "Actual Total Time": 106.864, "Actual Rows": 3, "Actual Loops": 1, "Inner Unique": false, "Join Filter": "(t.id = mc.movie_id)", "Rows Removed by Join Filter": 0, "Plans": [{"Node Type": "Nested Loop", "Parent Relationship": "Outer", "Join Type": "Inner", "Startup Cost": 4.51, "Total Cost": 2579.71, "Plan Rows": 1, "Plan Width": 25, "Actual Startup Time": 5.434, "Actual Total Time": 106.846, "Actual Rows": 1, "Actual Loops": 1, "Inner Unique": true, "Plans": [{"Node Type": "Nested Loop", "Parent Relationship": "Outer", "Join Type": "Inner", "Startup Cost": 4.51, "Total Cost": 2569.02, "Plan Rows": 33, "Plan Width": 4, "Actual Startup Time": 5.175, "Actual Total Time": 57.215, "Actual Rows": 10544, "Actual Loops": 1, "Inner Unique": false, "Plans": [{"Node Type": "Seq Scan", "Parent Relationship": "Outer", "Relation Name": "keyword", "Alias": "k", "Startup Cost": 0.0, "Total Cost": 2436.11, "Plan Rows": 1, "Plan Width": 4, "Actual Startup Time": 2.299, "Actual Total Time": 40.531, "Actual Rows": 1, "Actual Loops": 1, "Filter": "((keyword)::text = 'sequel'::text)", "Rows Removed by Filter": 134168}, {"Node Type": "Bitmap Heap Scan", "Parent Relationship": "Inner", "Relation Name": "movie_keyword", "Alias": "mk", "Startup Cost": 4.51, "Total Cost": 132.58, "Plan Rows": 33, "Plan Width": 8, "Actual Startup Time": 2.868, "Actual Total Time": 14.547, "Actual Rows": 10544, "Actual Loops": 1, "Recheck Cond": "(keyword_id = k.id)", "Rows Removed by Index Recheck": 0, "Exact Heap Blocks": 5090, "Lossy Heap Blocks": 5090, "Plans": [{"Node Type": "Bitmap Index Scan", "Parent Relationship": "Outer", "Index Name": "keyword_id_movie_keyword", "Startup Cost": 0.0, "Total Cost": 4.5, "Plan Rows": 33, "Plan Width": 0, "Actual Startup Time": 1.963, "Actual Total Time": 1.963, "Actual Rows": 10544, "Actual Loops": 1, "Index Cond": "(keyword_id = k.id)"}]}]}, {"Node Type": "Index Scan", "Parent Relationship": "Inner", "Scan Direction": "Forward", "Index Name": "title_pkey", "Relation Name": "title", "Alias": "t", "Startup Cost": 0.0, "Total Cost": 0.31, "Plan Rows": 1, "Plan Width": 21, "Actual Startup Time": 44.363, "Actual Total Time": 44.363, "Actual Rows": 1, "Actual Loops": 10544, "Index Cond": "(id = mk.movie_id)", "Rows Removed by Index Recheck": 0, "Filter": "(((title)::text ~~ '%Money%'::text) AND (production_year = 1998))", "Rows Removed by Filter": 10543}]}, {"Node Type": "Index Scan", "Parent Relationship": "Inner", "Scan Direction": "Forward", "Index Name": "movie_id_movie_companies", "Relation Name": "movie_companies", "Alias": "mc", "Startup Cost": 0.0, "Total Cost": 0.31, "Plan Rows": 2, "Plan Width": 12, "Actual Startup Time": 0.011, "Actual Total Time": 0.014, "Actual Rows": 3, "Actual Loops": 1, "Index Cond": "(movie_id = mk.movie_id)", "Rows Removed by Index Recheck": 0, "Filter": "(note IS NULL)", "Rows Removed by Filter": 1}]}, {"Node Type": "Index Scan", "Parent Relationship": "Inner", "Scan Direction": "Forward", "Index Name": "company_name_pkey", "Relation Name": "company_name", "Alias": "cn", "Startup Cost": 0.0, "Total Cost": 0.29, "Plan Rows": 1, "Plan Width": 23, "Actual Startup Time": 0.025, "Actual Total Time": 0.025, "Actual Rows": 2, "Actual Loops": 3, "Index Cond": "(id = mc.company_id)", "Rows Removed by Index Recheck": 0, "Filter": "(((country_code)::text <> '[pl]'::text) AND (((name)::text ~~ '%Film%'::text) OR ((name)::text ~~ '%Warner%'::text)))", "Rows Removed by Filter": 1}]}, {"Node Type": "Index Scan", "Parent Relationship": "Inner", "Scan Direction": "Forward", "Index Name": "company_type_pkey", "Relation Name": "company_type", "Alias": "ct", "Startup Cost": 0.0, "Total Cost": 0.27, "Plan Rows": 1, "Plan Width": 4, "Actual Startup Time": 0.01, "Actual Total Time": 0.01, "Actual Rows": 2, "Actual Loops": 2, "Index Cond": "(id = mc.company_type_id)", "Rows Removed by Index Recheck": 0, "Filter": "((kind)::text = 'production companies'::text)", "Rows Removed by Filter": 0}]}, {"Node Type": "Index Scan", "Parent Relationship": "Inner", "Scan Direction": "Forward", "Index Name": "movie_id_movie_link", "Relation Name": "movie_link", "Alias": "ml", "Startup Cost": 0.0, "Total Cost": 0.35, "Plan Rows": 5, "Plan Width": 8, "Actual Startup Time": 0.011, "Actual Total Time": 0.027, "Actual Rows": 38, "Actual Loops": 2, "Index Cond": "(movie_id = mk.movie_id)", "Rows Removed by Index Recheck": 0}]}, {"Node Type": "Index Scan", "Parent Relationship": "Inner", "Scan Direction": "Forward", "Index Name": "link_type_pkey", "Relation Name": "link_type", "Alias": "lt", "Startup Cost": 0.0, "Total Cost": 0.27, "Plan Rows": 1, "Plan Width": 16, "Actual Startup Time": 0.073, "Actual Total Time": 0.073, "Actual Rows": 0, "Actual Loops": 38, "Index Cond": "(id = ml.link_type_id)", "Rows Removed by Index Recheck": 0, "Filter": "((link)::text ~~ '%follows%'::text)", "Rows Removed by Filter": 24}]}]}, "Triggers": [], "Planner Runtime": 64.386, "Total Runtime": 107.455, "Unique SQL Id": 4121279504}}, "(1, 69)": {"explain_plan": {"Plan": {"Node Type": "Aggregate", "Strategy": "Plain", "Startup Cost": 3327.94, "Total Cost": 3327.95, "Plan Rows": 1, "Plan Width": 144, "Plans": [{"Node Type": "Nested Loop", "Parent Relationship": "Outer", "Join Type": "Inner", "Startup Cost": 4.51, "Total Cost": 3327.93, "Plan Rows": 1, "Plan Width": 48, "Inner Unique": true, "Plans": [{"Node Type": "Nested Loop", "Parent Relationship": "Outer", "Join Type": "Inner", "Startup Cost": 4.51, "Total Cost": 3327.65, "Plan Rows": 1, "Plan Width": 40, "Inner Unique": false, "Join Filter": "(t.id = ml.movie_id)", "Plans": [{"Node Type": "Nested Loop", "Parent Relationship": "Outer", "Join Type": "Inner", "Startup Cost": 4.51, "Total Cost": 3327.24, "Plan Rows": 1, "Plan Width": 48, "Inner Unique": true, "Plans": [{"Node Type": "Nested Loop", "Parent Relationship": "Outer", "Join Type": "Inner", "Startup Cost": 4.51, "Total Cost": 3326.95, "Plan Rows": 1, "Plan Width": 52, "Inner Unique": true, "Plans": [{"Node Type": "Nested Loop", "Parent Relationship": "Outer", "Join Type": "Inner", "Startup Cost": 4.51, "Total Cost": 3326.66, "Plan Rows": 1, "Plan Width": 37, "Inner Unique": false, "Join Filter": "(t.id = mc.movie_id)", "Plans": [{"Node Type": "Nested Loop", "Parent Relationship": "Outer", "Join Type": "Inner", "Startup Cost": 4.51, "Total Cost": 3326.32, "Plan Rows": 1, "Plan Width": 25, "Inner Unique": true, "Plans": [{"Node Type": "Nested Loop", "Parent Relationship": "Outer", "Join Type": "Inner", "Startup Cost": 4.51, "Total Cost": 3315.63, "Plan Rows": 33, "Plan Width": 4, "Inner Unique": false, "Plans": [{"Node Type": "Index Scan", "Parent Relationship": "Outer", "Scan Direction": "Forward", "Index Name": "keyword_pkey", "Relation Name": "keyword", "Alias": "k", "Startup Cost": 0.0, "Total Cost": 3182.72, "Plan Rows": 1, "Plan Width": 4, "Filter": "((keyword)::text = 'sequel'::text)"}, {"Node Type": "Bitmap Heap Scan", "Parent Relationship": "Inner", "Relation Name": "movie_keyword", "Alias": "mk", "Startup Cost": 4.51, "Total Cost": 132.58, "Plan Rows": 33, "Plan Width": 8, "Recheck Cond": "(keyword_id = k.id)", "Plans": [{"Node Type": "Bitmap Index Scan", "Parent Relationship": "Outer", "Index Name": "keyword_id_movie_keyword", "Startup Cost": 0.0, "Total Cost": 4.5, "Plan Rows": 33, "Plan Width": 0, "Index Cond": "(keyword_id = k.id)"}]}]}, {"Node Type": "Index Scan", "Parent Relationship": "Inner", "Scan Direction": "Forward", "Index Name": "title_pkey", "Relation Name": "title", "Alias": "t", "Startup Cost": 0.0, "Total Cost": 0.31, "Plan Rows": 1, "Plan Width": 21, "Index Cond": "(id = mk.movie_id)", "Filter": "(((title)::text ~~ '%Money%'::text) AND (production_year = 1998))"}]}, {"Node Type": "Index Scan", "Parent Relationship": "Inner", "Scan Direction": "Forward", "Index Name": "movie_id_movie_companies", "Relation Name": "movie_companies", "Alias": "mc", "Startup Cost": 0.0, "Total Cost": 0.31, "Plan Rows": 2, "Plan Width": 12, "Index Cond": "(movie_id = mk.movie_id)", "Filter": "(note IS NULL)"}]}, {"Node Type": "Index Scan", "Parent Relationship": "Inner", "Scan Direction": "Forward", "Index Name": "company_name_pkey", "Relation Name": "company_name", "Alias": "cn", "Startup Cost": 0.0, "Total Cost": 0.29, "Plan Rows": 1, "Plan Width": 23, "Index Cond": "(id = mc.company_id)", "Filter": "(((country_code)::text <> '[pl]'::text) AND (((name)::text ~~ '%Film%'::text) OR ((name)::text ~~ '%Warner%'::text)))"}]}, {"Node Type": "Index Scan", "Parent Relationship": "Inner", "Scan Direction": "Forward", "Index Name": "company_type_pkey", "Relation Name": "company_type", "Alias": "ct", "Startup Cost": 0.0, "Total Cost": 0.27, "Plan Rows": 1, "Plan Width": 4, "Index Cond": "(id = mc.company_type_id)", "Filter": "((kind)::text = 'production companies'::text)"}]}, {"Node Type": "Index Scan", "Parent Relationship": "Inner", "Scan Direction": "Forward", "Index Name": "movie_id_movie_link", "Relation Name": "movie_link", "Alias": "ml", "Startup Cost": 0.0, "Total Cost": 0.35, "Plan Rows": 5, "Plan Width": 8, "Index Cond": "(movie_id = mk.movie_id)"}]}, {"Node Type": "Index Scan", "Parent Relationship": "Inner", "Scan Direction": "Forward", "Index Name": "link_type_pkey", "Relation Name": "link_type", "Alias": "lt", "Startup Cost": 0.0, "Total Cost": 0.27, "Plan Rows": 1, "Plan Width": 16, "Index Cond": "(id = ml.link_type_id)", "Filter": "((link)::text ~~ '%follows%'::text)"}]}]}, "Unique SQL Id": 4121279504}, "explain_analyze_plan": {"Plan": {"Node Type": "Aggregate", "Strategy": "Plain", "Startup Cost": 3327.94, "Total Cost": 3327.95, "Plan Rows": 1, "Plan Width": 144, "Actual Startup Time": 181.02, "Actual Total Time": 181.021, "Actual Rows": 1, "Actual Loops": 1, "Plans": [{"Node Type": "Nested Loop", "Parent Relationship": "Outer", "Join Type": "Inner", "Startup Cost": 4.51, "Total Cost": 3327.93, "Plan Rows": 1, "Plan Width": 48, "Actual Startup Time": 181.01, "Actual Total Time": 181.01, "Actual Rows": 0, "Actual Loops": 1, "Inner Unique": true, "Plans": [{"Node Type": "Nested Loop", "Parent Relationship": "Outer", "Join Type": "Inner", "Startup Cost": 4.51, "Total Cost": 3327.65, "Plan Rows": 1, "Plan Width": 40, "Actual Startup Time": 3.646, "Actual Total Time": 180.923, "Actual Rows": 38, "Actual Loops": 1, "Inner Unique": false, "Join Filter": "(t.id = ml.movie_id)", "Rows Removed by Join Filter": 0, "Plans": [{"Node Type": "Nested Loop", "Parent Relationship": "Outer", "Join Type": "Inner", "Startup Cost": 4.51, "Total Cost": 3327.24, "Plan Rows": 1, "Plan Width": 48, "Actual Startup Time": 3.636, "Actual Total Time": 180.883, "Actual Rows": 2, "Actual Loops": 1, "Inner Unique": true, "Plans": [{"Node Type": "Nested Loop", "Parent Relationship": "Outer", "Join Type": "Inner", "Startup Cost": 4.51, "Total Cost": 3326.95, "Plan Rows": 1, "Plan Width": 52, "Actual Startup Time": 3.627, "Actual Total Time": 180.869, "Actual Rows": 2, "Actual Loops": 1, "Inner Unique": true, "Plans": [{"Node Type": "Nested Loop", "Parent Relationship": "Outer", "Join Type": "Inner", "Startup Cost": 4.51, "Total Cost": 3326.66, "Plan Rows": 1, "Plan Width": 37, "Actual Startup Time": 3.613, "Actual Total Time": 180.84, "Actual Rows": 3, "Actual Loops": 1, "Inner Unique": false, "Join Filter": "(t.id = mc.movie_id)", "Rows Removed by Join Filter": 0, "Plans": [{"Node Type": "Nested Loop", "Parent Relationship": "Outer", "Join Type": "Inner", "Startup Cost": 4.51, "Total Cost": 3326.32, "Plan Rows": 1, "Plan Width": 25, "Actual Startup Time": 3.597, "Actual Total Time": 180.82, "Actual Rows": 1, "Actual Loops": 1, "Inner Unique": true, "Plans": [{"Node Type": "Nested Loop", "Parent Relationship": "Outer", "Join Type": "Inner", "Startup Cost": 4.51, "Total Cost": 3315.63, "Plan Rows": 33, "Plan Width": 4, "Actual Startup Time": 3.337, "Actual Total Time": 130.626, "Actual Rows": 10544, "Actual Loops": 1, "Inner Unique": false, "Plans": [{"Node Type": "Index Scan", "Parent Relationship": "Outer", "Scan Direction": "Forward", "Index Name": "keyword_pkey", "Relation Name": "keyword", "Alias": "k", "Startup Cost": 0.0, "Total Cost": 3182.72, "Plan Rows": 1, "Plan Width": 4, "Actual Startup Time": 0.436, "Actual Total Time": 113.393, "Actual Rows": 1, "Actual Loops": 1, "Filter": "((keyword)::text = 'sequel'::text)", "Rows Removed by Filter": 134168}, {"Node Type": "Bitmap Heap Scan", "Parent Relationship": "Inner", "Relation Name": "movie_keyword", "Alias": "mk", "Startup Cost": 4.51, "Total Cost": 132.58, "Plan Rows": 33, "Plan Width": 8, "Actual Startup Time": 2.893, "Actual Total Time": 14.881, "Actual Rows": 10544, "Actual Loops": 1, "Recheck Cond": "(keyword_id = k.id)", "Rows Removed by Index Recheck": 0, "Exact Heap Blocks": 5090, "Lossy Heap Blocks": 5090, "Plans": [{"Node Type": "Bitmap Index Scan", "Parent Relationship": "Outer", "Index Name": "keyword_id_movie_keyword", "Startup Cost": 0.0, "Total Cost": 4.5, "Plan Rows": 33, "Plan Width": 0, "Actual Startup Time": 1.993, "Actual Total Time": 1.993, "Actual Rows": 10544, "Actual Loops": 1, "Index Cond": "(keyword_id = k.id)"}]}]}, {"Node Type": "Index Scan", "Parent Relationship": "Inner", "Scan Direction": "Forward", "Index Name": "title_pkey", "Relation Name": "title", "Alias": "t", "Startup Cost": 0.0, "Total Cost": 0.31, "Plan Rows": 1, "Plan Width": 21, "Actual Startup Time": 44.981, "Actual Total Time": 44.981, "Actual Rows": 1, "Actual Loops": 10544, "Index Cond": "(id = mk.movie_id)", "Rows Removed by Index Recheck": 0, "Filter": "(((title)::text ~~ '%Money%'::text) AND (production_year = 1998))", "Rows Removed by Filter": 10543}]}, {"Node Type": "Index Scan", "Parent Relationship": "Inner", "Scan Direction": "Forward", "Index Name": "movie_id_movie_companies", "Relation Name": "movie_companies", "Alias": "mc", "Startup Cost": 0.0, "Total Cost": 0.31, "Plan Rows": 2, "Plan Width": 12, "Actual Startup Time": 0.012, "Actual Total Time": 0.013, "Actual Rows": 3, "Actual Loops": 1, "Index Cond": "(movie_id = mk.movie_id)", "Rows Removed by Index Recheck": 0, "Filter": "(note IS NULL)", "Rows Removed by Filter": 1}]}, {"Node Type": "Index Scan", "Parent Relationship": "Inner", "Scan Direction": "Forward", "Index Name": "company_name_pkey", "Relation Name": "company_name", "Alias": "cn", "Startup Cost": 0.0, "Total Cost": 0.29, "Plan Rows": 1, "Plan Width": 23, "Actual Startup Time": 0.023, "Actual Total Time": 0.023, "Actual Rows": 2, "Actual Loops": 3, "Index Cond": "(id = mc.company_id)", "Rows Removed by Index Recheck": 0, "Filter": "(((country_code)::text <> '[pl]'::text) AND (((name)::text ~~ '%Film%'::text) OR ((name)::text ~~ '%Warner%'::text)))", "Rows Removed by Filter": 1}]}, {"Node Type": "Index Scan", "Parent Relationship": "Inner", "Scan Direction": "Forward", "Index Name": "company_type_pkey", "Relation Name": "company_type", "Alias": "ct", "Startup Cost": 0.0, "Total Cost": 0.27, "Plan Rows": 1, "Plan Width": 4, "Actual Startup Time": 0.009, "Actual Total Time": 0.009, "Actual Rows": 2, "Actual Loops": 2, "Index Cond": "(id = mc.company_type_id)", "Rows Removed by Index Recheck": 0, "Filter": "((kind)::text = 'production companies'::text)", "Rows Removed by Filter": 0}]}, {"Node Type": "Index Scan", "Parent Relationship": "Inner", "Scan Direction": "Forward", "Index Name": "movie_id_movie_link", "Relation Name": "movie_link", "Alias": "ml", "Startup Cost": 0.0, "Total Cost": 0.35, "Plan Rows": 5, "Plan Width": 8, "Actual Startup Time": 0.011, "Actual Total Time": 0.023, "Actual Rows": 38, "Actual Loops": 2, "Index Cond": "(movie_id = mk.movie_id)", "Rows Removed by Index Recheck": 0}]}, {"Node Type": "Index Scan", "Parent Relationship": "Inner", "Scan Direction": "Forward", "Index Name": "link_type_pkey", "Relation Name": "link_type", "Alias": "lt", "Startup Cost": 0.0, "Total Cost": 0.27, "Plan Rows": 1, "Plan Width": 16, "Actual Startup Time": 0.063, "Actual Total Time": 0.063, "Actual Rows": 0, "Actual Loops": 38, "Index Cond": "(id = ml.link_type_id)", "Rows Removed by Index Recheck": 0, "Filter": "((link)::text ~~ '%follows%'::text)", "Rows Removed by Filter": 24}]}]}, "Triggers": [], "Planner Runtime": 58.021, "Total Runtime": 181.432, "Unique SQL Id": 4121279504}}, "(1, 70)": {"explain_plan": {"Plan": {"Node Type": "Aggregate", "Strategy": "Plain", "Startup Cost": 2726.04, "Total Cost": 2726.05, "Plan Rows": 1, "Plan Width": 144, "Plans": [{"Node Type": "Hash Join", "Parent Relationship": "Outer", "Join Type": "Inner", "Startup Cost": 7.87, "Total Cost": 2726.04, "Plan Rows": 1, "Plan Width": 48, "Inner Unique": true, "Hash Cond": "(ml.link_type_id = lt.id)", "Plans": [{"Node Type": "Nested Loop", "Parent Relationship": "Outer", "Join Type": "Inner", "Startup Cost": 6.64, "Total Cost": 2724.8, "Plan Rows": 1, "Plan Width": 40, "Inner Unique": false, "Join Filter": "(t.id = ml.movie_id)", "Plans": [{"Node Type": "Hash Join", "Parent Relationship": "Outer", "Join Type": "Inner", "Startup Cost": 6.35, "Total Cost": 2720.38, "Plan Rows": 1, "Plan Width": 48, "Inner Unique": true, "Hash Cond": "(mc.company_type_id = ct.id)", "Plans": [{"Node Type": "Nested Loop", "Parent Relationship": "Outer", "Join Type": "Inner", "Startup Cost": 5.3, "Total Cost": 2719.32, "Plan Rows": 1, "Plan Width": 52, "Inner Unique": true, "Plans": [{"Node Type": "Nested Loop", "Parent Relationship": "Outer", "Join Type": "Inner", "Startup Cost": 5.05, "Total Cost": 2715.03, "Plan Rows": 1, "Plan Width": 37, "Inner Unique": false, "Join Filter": "(t.id = mc.movie_id)", "Plans": [{"Node Type": "Nested Loop", "Parent Relationship": "Outer", "Join Type": "Inner", "Startup Cost": 4.77, "Total Cost": 2710.71, "Plan Rows": 1, "Plan Width": 25, "Inner Unique": true, "Plans": [{"Node Type": "Nested Loop", "Parent Relationship": "Outer", "Join Type": "Inner", "Startup Cost": 4.51, "Total Cost": 2569.02, "Plan Rows": 33, "Plan Width": 4, "Inner Unique": false, "Plans": [{"Node Type": "Seq Scan", "Parent Relationship": "Outer", "Relation Name": "keyword", "Alias": "k", "Startup Cost": 0.0, "Total Cost": 2436.11, "Plan Rows": 1, "Plan Width": 4, "Filter": "((keyword)::text = 'sequel'::text)"}, {"Node Type": "Bitmap Heap Scan", "Parent Relationship": "Inner", "Relation Name": "movie_keyword", "Alias": "mk", "Startup Cost": 4.51, "Total Cost": 132.58, "Plan Rows": 33, "Plan Width": 8, "Recheck Cond": "(keyword_id = k.id)", "Plans": [{"Node Type": "Bitmap Index Scan", "Parent Relationship": "Outer", "Index Name": "keyword_id_movie_keyword", "Startup Cost": 0.0, "Total Cost": 4.5, "Plan Rows": 33, "Plan Width": 0, "Index Cond": "(keyword_id = k.id)"}]}]}, {"Node Type": "Bitmap Heap Scan", "Parent Relationship": "Inner", "Relation Name": "title", "Alias": "t", "Startup Cost": 0.27, "Total Cost": 4.28, "Plan Rows": 1, "Plan Width": 21, "Recheck Cond": "(id = mk.movie_id)", "Filter": "(((title)::text ~~ '%Money%'::text) AND (production_year = 1998))", "Plans": [{"Node Type": "Bitmap Index Scan", "Parent Relationship": "Outer", "Index Name": "title_pkey", "Startup Cost": 0.0, "Total Cost": 0.27, "Plan Rows": 1, "Plan Width": 0, "Index Cond": "(id = mk.movie_id)"}]}]}, {"Node Type": "Bitmap Heap Scan", "Parent Relationship": "Inner", "Relation Name": "movie_companies", "Alias": "mc", "Startup Cost": 0.27, "Total Cost": 4.3, "Plan Rows": 2, "Plan Width": 12, "Recheck Cond": "(movie_id = mk.movie_id)", "Filter": "(note IS NULL)", "Plans": [{"Node Type": "Bitmap Index Scan", "Parent Relationship": "Outer", "Index Name": "movie_id_movie_companies", "Startup Cost": 0.0, "Total Cost": 0.27, "Plan Rows": 2, "Plan Width": 0, "Index Cond": "(movie_id = mk.movie_id)"}]}]}, {"Node Type": "Bitmap Heap Scan", "Parent Relationship": "Inner", "Relation Name": "company_name", "Alias": "cn", "Startup Cost": 0.26, "Total Cost": 4.28, "Plan Rows": 1, "Plan Width": 23, "Recheck Cond": "(id = mc.company_id)", "Filter": "(((country_code)::text <> '[pl]'::text) AND (((name)::text ~~ '%Film%'::text) OR ((name)::text ~~ '%Warner%'::text)))", "Plans": [{"Node Type": "Bitmap Index Scan", "Parent Relationship": "Outer", "Index Name": "company_name_pkey", "Startup Cost": 0.0, "Total Cost": 0.26, "Plan Rows": 1, "Plan Width": 0, "Index Cond": "(id = mc.company_id)"}]}]}, {"Node Type": "Hash", "Parent Relationship": "Inner", "Startup Cost": 1.04, "Total Cost": 1.04, "Plan Rows": 1, "Plan Width": 4, "Plans": [{"Node Type": "Seq Scan", "Parent Relationship": "Outer", "Relation Name": "company_type", "Alias": "ct", "Startup Cost": 0.0, "Total Cost": 1.04, "Plan Rows": 1, "Plan Width": 4, "Filter": "((kind)::text = 'production companies'::text)"}]}]}, {"Node Type": "Bitmap Heap Scan", "Parent Relationship": "Inner", "Relation Name": "movie_link", "Alias": "ml", "Startup Cost": 0.29, "Total Cost": 4.35, "Plan Rows": 5, "Plan Width": 8, "Recheck Cond": "(movie_id = mk.movie_id)", "Plans": [{"Node Type": "Bitmap Index Scan", "Parent Relationship": "Outer", "Index Name": "movie_id_movie_link", "Startup Cost": 0.0, "Total Cost": 0.29, "Plan Rows": 5, "Plan Width": 0, "Index Cond": "(movie_id = mk.movie_id)"}]}]}, {"Node Type": "Hash", "Parent Relationship": "Inner", "Startup Cost": 1.21, "Total Cost": 1.21, "Plan Rows": 1, "Plan Width": 16, "Plans": [{"Node Type": "Seq Scan", "Parent Relationship": "Outer", "Relation Name": "link_type", "Alias": "lt", "Startup Cost": 0.0, "Total Cost": 1.21, "Plan Rows": 1, "Plan Width": 16, "Filter": "((link)::text ~~ '%follows%'::text)"}]}]}]}, "Unique SQL Id": 4121279504}, "explain_analyze_plan": {"Plan": {"Node Type": "Aggregate", "Strategy": "Plain", "Startup Cost": 2726.04, "Total Cost": 2726.05, "Plan Rows": 1, "Plan Width": 144, "Actual Startup Time": 0.09, "Actual Total Time": 0.09, "Actual Rows": 1, "Actual Loops": 1, "Plans": [{"Node Type": "Hash Join", "Parent Relationship": "Outer", "Join Type": "Inner", "Startup Cost": 7.87, "Total Cost": 2726.04, "Plan Rows": 1, "Plan Width": 48, "Actual Startup Time": 0.081, "Actual Total Time": 0.081, "Actual Rows": 0, "Actual Loops": 1, "Inner Unique": true, "Hash Cond": "(ml.link_type_id = lt.id)", "Plans": [{"Node Type": "Nested Loop", "Parent Relationship": "Outer", "Join Type": "Inner", "Startup Cost": 6.64, "Total Cost": 2724.8, "Plan Rows": 1, "Plan Width": 40, "Actual Startup Time": 0.0, "Actual Total Time": 0.0, "Inner Unique": false, "Join Filter": "(t.id = ml.movie_id)", "Rows Removed by Join Filter": 0, "Plans": [{"Node Type": "Hash Join", "Parent Relationship": "Outer", "Join Type": "Inner", "Startup Cost": 6.35, "Total Cost": 2720.38, "Plan Rows": 1, "Plan Width": 48, "Actual Startup Time": 0.0, "Actual Total Time": 0.0, "Inner Unique": true, "Hash Cond": "(mc.company_type_id = ct.id)", "Plans": [{"Node Type": "Nested Loop", "Parent Relationship": "Outer", "Join Type": "Inner", "Startup Cost": 5.3, "Total Cost": 2719.32, "Plan Rows": 1, "Plan Width": 52, "Actual Startup Time": 0.0, "Actual Total Time": 0.0, "Inner Unique": true, "Plans": [{"Node Type": "Nested Loop", "Parent Relationship": "Outer", "Join Type": "Inner", "Startup Cost": 5.05, "Total Cost": 2715.03, "Plan Rows": 1, "Plan Width": 37, "Actual Startup Time": 0.0, "Actual Total Time": 0.0, "Inner Unique": false, "Join Filter": "(t.id = mc.movie_id)", "Rows Removed by Join Filter": 0, "Plans": [{"Node Type": "Nested Loop", "Parent Relationship": "Outer", "Join Type": "Inner", "Startup Cost": 4.77, "Total Cost": 2710.71, "Plan Rows": 1, "Plan Width": 25, "Actual Startup Time": 0.0, "Actual Total Time": 0.0, "Inner Unique": true, "Plans": [{"Node Type": "Nested Loop", "Parent Relationship": "Outer", "Join Type": "Inner", "Startup Cost": 4.51, "Total Cost": 2569.02, "Plan Rows": 33, "Plan Width": 4, "Actual Startup Time": 0.0, "Actual Total Time": 0.0, "Inner Unique": false, "Plans": [{"Node Type": "Seq Scan", "Parent Relationship": "Outer", "Relation Name": "keyword", "Alias": "k", "Startup Cost": 0.0, "Total Cost": 2436.11, "Plan Rows": 1, "Plan Width": 4, "Actual Startup Time": 0.0, "Actual Total Time": 0.0, "Filter": "((keyword)::text = 'sequel'::text)", "Rows Removed by Filter": 0}, {"Node Type": "Bitmap Heap Scan", "Parent Relationship": "Inner", "Relation Name": "movie_keyword", "Alias": "mk", "Startup Cost": 4.51, "Total Cost": 132.58, "Plan Rows": 33, "Plan Width": 8, "Actual Startup Time": 0.0, "Actual Total Time": 0.0, "Recheck Cond": "(keyword_id = k.id)", "Rows Removed by Index Recheck": 0, "Exact Heap Blocks": 0, "Lossy Heap Blocks": 0, "Plans": [{"Node Type": "Bitmap Index Scan", "Parent Relationship": "Outer", "Index Name": "keyword_id_movie_keyword", "Startup Cost": 0.0, "Total Cost": 4.5, "Plan Rows": 33, "Plan Width": 0, "Actual Startup Time": 0.0, "Actual Total Time": 0.0, "Index Cond": "(keyword_id = k.id)"}]}]}, {"Node Type": "Bitmap Heap Scan", "Parent Relationship": "Inner", "Relation Name": "title", "Alias": "t", "Startup Cost": 0.27, "Total Cost": 4.28, "Plan Rows": 1, "Plan Width": 21, "Actual Startup Time": 0.0, "Actual Total Time": 0.0, "Recheck Cond": "(id = mk.movie_id)", "Rows Removed by Index Recheck": 0, "Filter": "(((title)::text ~~ '%Money%'::text) AND (production_year = 1998))", "Rows Removed by Filter": 0, "Exact Heap Blocks": 0, "Lossy Heap Blocks": 0, "Plans": [{"Node Type": "Bitmap Index Scan", "Parent Relationship": "Outer", "Index Name": "title_pkey", "Startup Cost": 0.0, "Total Cost": 0.27, "Plan Rows": 1, "Plan Width": 0, "Actual Startup Time": 0.0, "Actual Total Time": 0.0, "Index Cond": "(id = mk.movie_id)"}]}]}, {"Node Type": "Bitmap Heap Scan", "Parent Relationship": "Inner", "Relation Name": "movie_companies", "Alias": "mc", "Startup Cost": 0.27, "Total Cost": 4.3, "Plan Rows": 2, "Plan Width": 12, "Actual Startup Time": 0.0, "Actual Total Time": 0.0, "Recheck Cond": "(movie_id = mk.movie_id)", "Rows Removed by Index Recheck": 0, "Filter": "(note IS NULL)", "Rows Removed by Filter": 0, "Exact Heap Blocks": 0, "Lossy Heap Blocks": 0, "Plans": [{"Node Type": "Bitmap Index Scan", "Parent Relationship": "Outer", "Index Name": "movie_id_movie_companies", "Startup Cost": 0.0, "Total Cost": 0.27, "Plan Rows": 2, "Plan Width": 0, "Actual Startup Time": 0.0, "Actual Total Time": 0.0, "Index Cond": "(movie_id = mk.movie_id)"}]}]}, {"Node Type": "Bitmap Heap Scan", "Parent Relationship": "Inner", "Relation Name": "company_name", "Alias": "cn", "Startup Cost": 0.26, "Total Cost": 4.28, "Plan Rows": 1, "Plan Width": 23, "Actual Startup Time": 0.0, "Actual Total Time": 0.0, "Recheck Cond": "(id = mc.company_id)", "Rows Removed by Index Recheck": 0, "Filter": "(((country_code)::text <> '[pl]'::text) AND (((name)::text ~~ '%Film%'::text) OR ((name)::text ~~ '%Warner%'::text)))", "Rows Removed by Filter": 0, "Exact Heap Blocks": 0, "Lossy Heap Blocks": 0, "Plans": [{"Node Type": "Bitmap Index Scan", "Parent Relationship": "Outer", "Index Name": "company_name_pkey", "Startup Cost": 0.0, "Total Cost": 0.26, "Plan Rows": 1, "Plan Width": 0, "Actual Startup Time": 0.0, "Actual Total Time": 0.0, "Index Cond": "(id = mc.company_id)"}]}]}, {"Node Type": "Hash", "Parent Relationship": "Inner", "Startup Cost": 1.04, "Total Cost": 1.04, "Plan Rows": 1, "Plan Width": 4, "Actual Startup Time": 0.0, "Actual Total Time": 0.0, "Hash Buckets": 0, "Hash Batches": 0, "Original Hash Batches": 0, "Peak Memory Usage": 0, "Plans": [{"Node Type": "Seq Scan", "Parent Relationship": "Outer", "Relation Name": "company_type", "Alias": "ct", "Startup Cost": 0.0, "Total Cost": 1.04, "Plan Rows": 1, "Plan Width": 4, "Actual Startup Time": 0.0, "Actual Total Time": 0.0, "Filter": "((kind)::text = 'production companies'::text)", "Rows Removed by Filter": 0}]}]}, {"Node Type": "Bitmap Heap Scan", "Parent Relationship": "Inner", "Relation Name": "movie_link", "Alias": "ml", "Startup Cost": 0.29, "Total Cost": 4.35, "Plan Rows": 5, "Plan Width": 8, "Actual Startup Time": 0.0, "Actual Total Time": 0.0, "Recheck Cond": "(movie_id = mk.movie_id)", "Rows Removed by Index Recheck": 0, "Exact Heap Blocks": 0, "Lossy Heap Blocks": 0, "Plans": [{"Node Type": "Bitmap Index Scan", "Parent Relationship": "Outer", "Index Name": "movie_id_movie_link", "Startup Cost": 0.0, "Total Cost": 0.29, "Plan Rows": 5, "Plan Width": 0, "Actual Startup Time": 0.0, "Actual Total Time": 0.0, "Index Cond": "(movie_id = mk.movie_id)"}]}]}, {"Node Type": "Hash", "Parent Relationship": "Inner", "Startup Cost": 1.21, "Total Cost": 1.21, "Plan Rows": 1, "Plan Width": 16, "Actual Startup Time": 0.038, "Actual Total Time": 0.038, "Actual Rows": 0, "Actual Loops": 1, "Hash Buckets": 32768, "Hash Batches": 1, "Original Hash Batches": 1, "Peak Memory Usage": 0, "Plans": [{"Node Type": "Seq Scan", "Parent Relationship": "Outer", "Relation Name": "link_type", "Alias": "lt", "Startup Cost": 0.0, "Total Cost": 1.21, "Plan Rows": 1, "Plan Width": 16, "Actual Startup Time": 0.035, "Actual Total Time": 0.035, "Actual Rows": 0, "Actual Loops": 1, "Filter": "((link)::text ~~ '%follows%'::text)", "Rows Removed by Filter": 17}]}]}]}, "Triggers": [], "Planner Runtime": 54.514, "Total Runtime": 0.414, "Unique SQL Id": 4121279504}}, "(1, 71)": {"explain_plan": {"Plan": {"Node Type": "Aggregate", "Strategy": "Plain", "Startup Cost": 1000014795431.67, "Total Cost": 1000014795431.68, "Plan Rows": 1, "Plan Width": 144, "Plans": [{"Node Type": "Nested Loop", "Parent Relationship": "Outer", "Join Type": "Inner", "Startup Cost": 10000000001.97, "Total Cost": 1000014795431.66, "Plan Rows": 1, "Plan Width": 48, "Inner Unique": true, "Plans": [{"Node Type": "Nested Loop", "Parent Relationship": "Outer", "Join Type": "Inner", "Startup Cost": 10000000001.72, "Total Cost": 1000014795427.38, "Plan Rows": 1, "Plan Width": 52, "Inner Unique": true, "Plans": [{"Node Type": "Nested Loop", "Parent Relationship": "Outer", "Join Type": "Inner", "Startup Cost": 10000000001.46, "Total Cost": 1000014795418.82, "Plan Rows": 2, "Plan Width": 44, "Inner Unique": false, "Join Filter": "(t.id = ml.movie_id)", "Plans": [{"Node Type": "Nested Loop", "Parent Relationship": "Outer", "Join Type": "Inner", "Startup Cost": 10000000001.17, "Total Cost": 1000014795414.4, "Plan Rows": 1, "Plan Width": 52, "Inner Unique": true, "Plans": [{"Node Type": "Nested Loop", "Parent Relationship": "Outer", "Join Type": "Inner", "Startup Cost": 10000000000.91, "Total Cost": 1000014795328.75, "Plan Rows": 20, "Plan Width": 56, "Inner Unique": false, "Join Filter": "(t.id = mk.movie_id)", "Plans": [{"Node Type": "Nested Loop", "Parent Relationship": "Outer", "Join Type": "Inner", "Startup Cost": 10000000000.55, "Total Cost": 1000014795319.62, "Plan Rows": 2, "Plan Width": 48, "Inner Unique": true, "Plans": [{"Node Type": "Nested Loop", "Parent Relationship": "Outer", "Join Type": "Inner", "Startup Cost": 10000000000.29, "Total Cost": 1000014795293.88, "Plan Rows": 6, "Plan Width": 33, "Inner Unique": true, "Plans": [{"Node Type": "Index Scan", "Parent Relationship": "Outer", "Scan Direction": "Forward", "Index Name": "company_type_id_movie_companies", "Relation Name": "movie_companies", "Alias": "mc", "Startup Cost": 10000000000.0, "Total Cost": 1000009318217.0, "Plan Rows": 1269486, "Plan Width": 12, "Filter": "(note IS NULL), (LLVM Optimized)"}, {"Node Type": "Bitmap Heap Scan", "Parent Relationship": "Inner", "Relation Name": "title", "Alias": "t", "Startup Cost": 0.29, "Total Cost": 4.3, "Plan Rows": 1, "Plan Width": 21, "Recheck Cond": "(id = mc.movie_id)", "Filter": "(((title)::text ~~ '%Money%'::text) AND (production_year = 1998))", "Plans": [{"Node Type": "Bitmap Index Scan", "Parent Relationship": "Outer", "Index Name": "title_pkey", "Startup Cost": 0.0, "Total Cost": 0.29, "Plan Rows": 1, "Plan Width": 0, "Index Cond": "(id = mc.movie_id)"}]}]}, {"Node Type": "Bitmap Heap Scan", "Parent Relationship": "Inner", "Relation Name": "company_name", "Alias": "cn", "Startup Cost": 0.26, "Total Cost": 4.28, "Plan Rows": 1, "Plan Width": 23, "Recheck Cond": "(id = mc.company_id)", "Filter": "(((country_code)::text <> '[pl]'::text) AND (((name)::text ~~ '%Film%'::text) OR ((name)::text ~~ '%Warner%'::text)))", "Plans": [{"Node Type": "Bitmap Index Scan", "Parent Relationship": "Outer", "Index Name": "company_name_pkey", "Startup Cost": 0.0, "Total Cost": 0.26, "Plan Rows": 1, "Plan Width": 0, "Index Cond": "(id = mc.company_id)"}]}]}, {"Node Type": "Bitmap Heap Scan", "Parent Relationship": "Inner", "Relation Name": "movie_keyword", "Alias": "mk", "Startup Cost": 0.37, "Total Cost": 4.47, "Plan Rows": 8, "Plan Width": 8, "Recheck Cond": "(movie_id = mc.movie_id)", "Plans": [{"Node Type": "Bitmap Index Scan", "Parent Relationship": "Outer", "Index Name": "movie_id_movie_keyword", "Startup Cost": 0.0, "Total Cost": 0.36, "Plan Rows": 8, "Plan Width": 0, "Index Cond": "(movie_id = mc.movie_id)"}]}]}, {"Node Type": "Bitmap Heap Scan", "Parent Relationship": "Inner", "Relation Name": "keyword", "Alias": "k", "Startup Cost": 0.26, "Total Cost": 4.27, "Plan Rows": 1, "Plan Width": 4, "Recheck Cond": "(id = mk.keyword_id)", "Filter": "((keyword)::text = 'sequel'::text)", "Plans": [{"Node Type": "Bitmap Index Scan", "Parent Relationship": "Outer", "Index Name": "keyword_pkey", "Startup Cost": 0.0, "Total Cost": 0.26, "Plan Rows": 1, "Plan Width": 0, "Index Cond": "(id = mk.keyword_id)"}]}]}, {"Node Type": "Bitmap Heap Scan", "Parent Relationship": "Inner", "Relation Name": "movie_link", "Alias": "ml", "Startup Cost": 0.29, "Total Cost": 4.35, "Plan Rows": 5, "Plan Width": 8, "Recheck Cond": "(movie_id = mk.movie_id)", "Plans": [{"Node Type": "Bitmap Index Scan", "Parent Relationship": "Outer", "Index Name": "movie_id_movie_link", "Startup Cost": 0.0, "Total Cost": 0.29, "Plan Rows": 5, "Plan Width": 0, "Index Cond": "(movie_id = mk.movie_id)"}]}]}, {"Node Type": "Bitmap Heap Scan", "Parent Relationship": "Inner", "Relation Name": "link_type", "Alias": "lt", "Startup Cost": 0.26, "Total Cost": 4.27, "Plan Rows": 1, "Plan Width": 16, "Recheck Cond": "(id = ml.link_type_id)", "Filter": "((link)::text ~~ '%follows%'::text)", "Plans": [{"Node Type": "Bitmap Index Scan", "Parent Relationship": "Outer", "Index Name": "link_type_pkey", "Startup Cost": 0.0, "Total Cost": 0.26, "Plan Rows": 1, "Plan Width": 0, "Index Cond": "(id = ml.link_type_id)"}]}]}, {"Node Type": "Bitmap Heap Scan", "Parent Relationship": "Inner", "Relation Name": "company_type", "Alias": "ct", "Startup Cost": 0.26, "Total Cost": 4.27, "Plan Rows": 1, "Plan Width": 4, "Recheck Cond": "(id = mc.company_type_id)", "Filter": "((kind)::text = 'production companies'::text)", "Plans": [{"Node Type": "Bitmap Index Scan", "Parent Relationship": "Outer", "Index Name": "company_type_pkey", "Startup Cost": 0.0, "Total Cost": 0.26, "Plan Rows": 1, "Plan Width": 0, "Index Cond": "(id = mc.company_type_id)"}]}]}]}, "Unique SQL Id": 4121279504}, "explain_analyze_plan": null}, "(1, 72)": {"explain_plan": {"Plan": {"Node Type": "Aggregate", "Strategy": "Plain", "Startup Cost": 2585.63, "Total Cost": 2585.64, "Plan Rows": 1, "Plan Width": 144, "Plans": [{"Node Type": "Nested Loop", "Parent Relationship": "Outer", "Join Type": "Inner", "Startup Cost": 0.0, "Total Cost": 2585.62, "Plan Rows": 1, "Plan Width": 48, "Inner Unique": true, "Plans": [{"Node Type": "Nested Loop", "Parent Relationship": "Outer", "Join Type": "Inner", "Startup Cost": 0.0, "Total Cost": 2585.34, "Plan Rows": 1, "Plan Width": 40, "Inner Unique": false, "Join Filter": "(t.id = ml.movie_id)", "Plans": [{"Node Type": "Nested Loop", "Parent Relationship": "Outer", "Join Type": "Inner", "Startup Cost": 0.0, "Total Cost": 2584.93, "Plan Rows": 1, "Plan Width": 48, "Inner Unique": true, "Plans": [{"Node Type": "Nested Loop", "Parent Relationship": "Outer", "Join Type": "Inner", "Startup Cost": 0.0, "Total Cost": 2584.64, "Plan Rows": 1, "Plan Width": 52, "Inner Unique": true, "Plans": [{"Node Type": "Nested Loop", "Parent Relationship": "Outer", "Join Type": "Inner", "Startup Cost": 0.0, "Total Cost": 2584.35, "Plan Rows": 1, "Plan Width": 37, "Inner Unique": false, "Join Filter": "(t.id = mc.movie_id)", "Plans": [{"Node Type": "Nested Loop", "Parent Relationship": "Outer", "Join Type": "Inner", "Startup Cost": 0.0, "Total Cost": 2584.01, "Plan Rows": 1, "Plan Width": 25, "Inner Unique": true, "Plans": [{"Node Type": "Nested Loop", "Parent Relationship": "Outer", "Join Type": "Inner", "Startup Cost": 0.0, "Total Cost": 2573.32, "Plan Rows": 33, "Plan Width": 4, "Inner Unique": false, "Plans": [{"Node Type": "Seq Scan", "Parent Relationship": "Outer", "Relation Name": "keyword", "Alias": "k", "Startup Cost": 0.0, "Total Cost": 2436.11, "Plan Rows": 1, "Plan Width": 4, "Filter": "((keyword)::text = 'sequel'::text)"}, {"Node Type": "Index Scan", "Parent Relationship": "Inner", "Scan Direction": "Forward", "Index Name": "keyword_id_movie_keyword", "Relation Name": "movie_keyword", "Alias": "mk", "Startup Cost": 0.0, "Total Cost": 136.88, "Plan Rows": 33, "Plan Width": 8, "Index Cond": "(keyword_id = k.id)"}]}, {"Node Type": "Index Scan", "Parent Relationship": "Inner", "Scan Direction": "Forward", "Index Name": "title_pkey", "Relation Name": "title", "Alias": "t", "Startup Cost": 0.0, "Total Cost": 0.31, "Plan Rows": 1, "Plan Width": 21, "Index Cond": "(id = mk.movie_id)", "Filter": "(((title)::text ~~ '%Money%'::text) AND (production_year = 1998))"}]}, {"Node Type": "Index Scan", "Parent Relationship": "Inner", "Scan Direction": "Forward", "Index Name": "movie_id_movie_companies", "Relation Name": "movie_companies", "Alias": "mc", "Startup Cost": 0.0, "Total Cost": 0.31, "Plan Rows": 2, "Plan Width": 12, "Index Cond": "(movie_id = mk.movie_id)", "Filter": "(note IS NULL)"}]}, {"Node Type": "Index Scan", "Parent Relationship": "Inner", "Scan Direction": "Forward", "Index Name": "company_name_pkey", "Relation Name": "company_name", "Alias": "cn", "Startup Cost": 0.0, "Total Cost": 0.29, "Plan Rows": 1, "Plan Width": 23, "Index Cond": "(id = mc.company_id)", "Filter": "(((country_code)::text <> '[pl]'::text) AND (((name)::text ~~ '%Film%'::text) OR ((name)::text ~~ '%Warner%'::text)))"}]}, {"Node Type": "Index Scan", "Parent Relationship": "Inner", "Scan Direction": "Forward", "Index Name": "company_type_pkey", "Relation Name": "company_type", "Alias": "ct", "Startup Cost": 0.0, "Total Cost": 0.27, "Plan Rows": 1, "Plan Width": 4, "Index Cond": "(id = mc.company_type_id)", "Filter": "((kind)::text = 'production companies'::text)"}]}, {"Node Type": "Index Scan", "Parent Relationship": "Inner", "Scan Direction": "Forward", "Index Name": "movie_id_movie_link", "Relation Name": "movie_link", "Alias": "ml", "Startup Cost": 0.0, "Total Cost": 0.35, "Plan Rows": 5, "Plan Width": 8, "Index Cond": "(movie_id = mk.movie_id)"}]}, {"Node Type": "Index Scan", "Parent Relationship": "Inner", "Scan Direction": "Forward", "Index Name": "link_type_pkey", "Relation Name": "link_type", "Alias": "lt", "Startup Cost": 0.0, "Total Cost": 0.27, "Plan Rows": 1, "Plan Width": 16, "Index Cond": "(id = ml.link_type_id)", "Filter": "((link)::text ~~ '%follows%'::text)"}]}]}, "Unique SQL Id": 4121279504}, "explain_analyze_plan": {"Plan": {"Node Type": "Aggregate", "Strategy": "Plain", "Startup Cost": 2585.63, "Total Cost": 2585.64, "Plan Rows": 1, "Plan Width": 144, "Actual Startup Time": 103.23, "Actual Total Time": 103.23, "Actual Rows": 1, "Actual Loops": 1, "Plans": [{"Node Type": "Nested Loop", "Parent Relationship": "Outer", "Join Type": "Inner", "Startup Cost": 0.0, "Total Cost": 2585.62, "Plan Rows": 1, "Plan Width": 48, "Actual Startup Time": 103.221, "Actual Total Time": 103.221, "Actual Rows": 0, "Actual Loops": 1, "Inner Unique": true, "Plans": [{"Node Type": "Nested Loop", "Parent Relationship": "Outer", "Join Type": "Inner", "Startup Cost": 0.0, "Total Cost": 2585.34, "Plan Rows": 1, "Plan Width": 40, "Actual Startup Time": 2.61, "Actual Total Time": 103.138, "Actual Rows": 38, "Actual Loops": 1, "Inner Unique": false, "Join Filter": "(t.id = ml.movie_id)", "Rows Removed by Join Filter": 0, "Plans": [{"Node Type": "Nested Loop", "Parent Relationship": "Outer", "Join Type": "Inner", "Startup Cost": 0.0, "Total Cost": 2584.93, "Plan Rows": 1, "Plan Width": 48, "Actual Startup Time": 2.599, "Actual Total Time": 103.092, "Actual Rows": 2, "Actual Loops": 1, "Inner Unique": true, "Plans": [{"Node Type": "Nested Loop", "Parent Relationship": "Outer", "Join Type": "Inner", "Startup Cost": 0.0, "Total Cost": 2584.64, "Plan Rows": 1, "Plan Width": 52, "Actual Startup Time": 2.592, "Actual Total Time": 103.081, "Actual Rows": 2, "Actual Loops": 1, "Inner Unique": true, "Plans": [{"Node Type": "Nested Loop", "Parent Relationship": "Outer", "Join Type": "Inner", "Startup Cost": 0.0, "Total Cost": 2584.35, "Plan Rows": 1, "Plan Width": 37, "Actual Startup Time": 2.578, "Actual Total Time": 103.051, "Actual Rows": 3, "Actual Loops": 1, "Inner Unique": false, "Join Filter": "(t.id = mc.movie_id)", "Rows Removed by Join Filter": 0, "Plans": [{"Node Type": "Nested Loop", "Parent Relationship": "Outer", "Join Type": "Inner", "Startup Cost": 0.0, "Total Cost": 2584.01, "Plan Rows": 1, "Plan Width": 25, "Actual Startup Time": 2.565, "Actual Total Time": 103.035, "Actual Rows": 1, "Actual Loops": 1, "Inner Unique": true, "Plans": [{"Node Type": "Nested Loop", "Parent Relationship": "Outer", "Join Type": "Inner", "Startup Cost": 0.0, "Total Cost": 2573.32, "Plan Rows": 33, "Plan Width": 4, "Actual Startup Time": 2.328, "Actual Total Time": 53.899, "Actual Rows": 10544, "Actual Loops": 1, "Inner Unique": false, "Plans": [{"Node Type": "Seq Scan", "Parent Relationship": "Outer", "Relation Name": "keyword", "Alias": "k", "Startup Cost": 0.0, "Total Cost": 2436.11, "Plan Rows": 1, "Plan Width": 4, "Actual Startup Time": 2.291, "Actual Total Time": 40.813, "Actual Rows": 1, "Actual Loops": 1, "Filter": "((keyword)::text = 'sequel'::text)", "Rows Removed by Filter": 134168}, {"Node Type": "Index Scan", "Parent Relationship": "Inner", "Scan Direction": "Forward", "Index Name": "keyword_id_movie_keyword", "Relation Name": "movie_keyword", "Alias": "mk", "Startup Cost": 0.0, "Total Cost": 136.88, "Plan Rows": 33, "Plan Width": 8, "Actual Startup Time": 0.031, "Actual Total Time": 10.818, "Actual Rows": 10544, "Actual Loops": 1, "Index Cond": "(keyword_id = k.id)", "Rows Removed by Index Recheck": 0}]}, {"Node Type": "Index Scan", "Parent Relationship": "Inner", "Scan Direction": "Forward", "Index Name": "title_pkey", "Relation Name": "title", "Alias": "t", "Startup Cost": 0.0, "Total Cost": 0.31, "Plan Rows": 1, "Plan Width": 21, "Actual Startup Time": 43.968, "Actual Total Time": 43.968, "Actual Rows": 1, "Actual Loops": 10544, "Index Cond": "(id = mk.movie_id)", "Rows Removed by Index Recheck": 0, "Filter": "(((title)::text ~~ '%Money%'::text) AND (production_year = 1998))", "Rows Removed by Filter": 10543}]}, {"Node Type": "Index Scan", "Parent Relationship": "Inner", "Scan Direction": "Forward", "Index Name": "movie_id_movie_companies", "Relation Name": "movie_companies", "Alias": "mc", "Startup Cost": 0.0, "Total Cost": 0.31, "Plan Rows": 2, "Plan Width": 12, "Actual Startup Time": 0.01, "Actual Total Time": 0.013, "Actual Rows": 3, "Actual Loops": 1, "Index Cond": "(movie_id = mk.movie_id)", "Rows Removed by Index Recheck": 0, "Filter": "(note IS NULL)", "Rows Removed by Filter": 1}]}, {"Node Type": "Index Scan", "Parent Relationship": "Inner", "Scan Direction": "Forward", "Index Name": "company_name_pkey", "Relation Name": "company_name", "Alias": "cn", "Startup Cost": 0.0, "Total Cost": 0.29, "Plan Rows": 1, "Plan Width": 23, "Actual Startup Time": 0.025, "Actual Total Time": 0.025, "Actual Rows": 2, "Actual Loops": 3, "Index Cond": "(id = mc.company_id)", "Rows Removed by Index Recheck": 0, "Filter": "(((country_code)::text <> '[pl]'::text) AND (((name)::text ~~ '%Film%'::text) OR ((name)::text ~~ '%Warner%'::text)))", "Rows Removed by Filter": 1}]}, {"Node Type": "Index Scan", "Parent Relationship": "Inner", "Scan Direction": "Forward", "Index Name": "company_type_pkey", "Relation Name": "company_type", "Alias": "ct", "Startup Cost": 0.0, "Total Cost": 0.27, "Plan Rows": 1, "Plan Width": 4, "Actual Startup Time": 0.007, "Actual Total Time": 0.007, "Actual Rows": 2, "Actual Loops": 2, "Index Cond": "(id = mc.company_type_id)", "Rows Removed by Index Recheck": 0, "Filter": "((kind)::text = 'production companies'::text)", "Rows Removed by Filter": 0}]}, {"Node Type": "Index Scan", "Parent Relationship": "Inner", "Scan Direction": "Forward", "Index Name": "movie_id_movie_link", "Relation Name": "movie_link", "Alias": "ml", "Startup Cost": 0.0, "Total Cost": 0.35, "Plan Rows": 5, "Plan Width": 8, "Actual Startup Time": 0.012, "Actual Total Time": 0.024, "Actual Rows": 38, "Actual Loops": 2, "Index Cond": "(movie_id = mk.movie_id)", "Rows Removed by Index Recheck": 0}]}, {"Node Type": "Index Scan", "Parent Relationship": "Inner", "Scan Direction": "Forward", "Index Name": "link_type_pkey", "Relation Name": "link_type", "Alias": "lt", "Startup Cost": 0.0, "Total Cost": 0.27, "Plan Rows": 1, "Plan Width": 16, "Actual Startup Time": 0.064, "Actual Total Time": 0.064, "Actual Rows": 0, "Actual Loops": 38, "Index Cond": "(id = ml.link_type_id)", "Rows Removed by Index Recheck": 0, "Filter": "((link)::text ~~ '%follows%'::text)", "Rows Removed by Filter": 24}]}]}, "Triggers": [], "Planner Runtime": 62.455, "Total Runtime": 103.577, "Unique SQL Id": 4121279504}}, "(1, 73)": {"explain_plan": {"Plan": {"Node Type": "Aggregate", "Strategy": "Plain", "Startup Cost": 3332.23, "Total Cost": 3332.24, "Plan Rows": 1, "Plan Width": 144, "Plans": [{"Node Type": "Nested Loop", "Parent Relationship": "Outer", "Join Type": "Inner", "Startup Cost": 0.0, "Total Cost": 3332.23, "Plan Rows": 1, "Plan Width": 48, "Inner Unique": true, "Plans": [{"Node Type": "Nested Loop", "Parent Relationship": "Outer", "Join Type": "Inner", "Startup Cost": 0.0, "Total Cost": 3331.94, "Plan Rows": 1, "Plan Width": 40, "Inner Unique": false, "Join Filter": "(t.id = ml.movie_id)", "Plans": [{"Node Type": "Nested Loop", "Parent Relationship": "Outer", "Join Type": "Inner", "Startup Cost": 0.0, "Total Cost": 3331.53, "Plan Rows": 1, "Plan Width": 48, "Inner Unique": true, "Plans": [{"Node Type": "Nested Loop", "Parent Relationship": "Outer", "Join Type": "Inner", "Startup Cost": 0.0, "Total Cost": 3331.25, "Plan Rows": 1, "Plan Width": 52, "Inner Unique": true, "Plans": [{"Node Type": "Nested Loop", "Parent Relationship": "Outer", "Join Type": "Inner", "Startup Cost": 0.0, "Total Cost": 3330.95, "Plan Rows": 1, "Plan Width": 37, "Inner Unique": false, "Join Filter": "(t.id = mc.movie_id)", "Plans": [{"Node Type": "Nested Loop", "Parent Relationship": "Outer", "Join Type": "Inner", "Startup Cost": 0.0, "Total Cost": 3330.61, "Plan Rows": 1, "Plan Width": 25, "Inner Unique": true, "Plans": [{"Node Type": "Nested Loop", "Parent Relationship": "Outer", "Join Type": "Inner", "Startup Cost": 0.0, "Total Cost": 3319.92, "Plan Rows": 33, "Plan Width": 4, "Inner Unique": false, "Plans": [{"Node Type": "Index Scan", "Parent Relationship": "Outer", "Scan Direction": "Forward", "Index Name": "keyword_pkey", "Relation Name": "keyword", "Alias": "k", "Startup Cost": 0.0, "Total Cost": 3182.72, "Plan Rows": 1, "Plan Width": 4, "Filter": "((keyword)::text = 'sequel'::text)"}, {"Node Type": "Index Scan", "Parent Relationship": "Inner", "Scan Direction": "Forward", "Index Name": "keyword_id_movie_keyword", "Relation Name": "movie_keyword", "Alias": "mk", "Startup Cost": 0.0, "Total Cost": 136.88, "Plan Rows": 33, "Plan Width": 8, "Index Cond": "(keyword_id = k.id)"}]}, {"Node Type": "Index Scan", "Parent Relationship": "Inner", "Scan Direction": "Forward", "Index Name": "title_pkey", "Relation Name": "title", "Alias": "t", "Startup Cost": 0.0, "Total Cost": 0.31, "Plan Rows": 1, "Plan Width": 21, "Index Cond": "(id = mk.movie_id)", "Filter": "(((title)::text ~~ '%Money%'::text) AND (production_year = 1998))"}]}, {"Node Type": "Index Scan", "Parent Relationship": "Inner", "Scan Direction": "Forward", "Index Name": "movie_id_movie_companies", "Relation Name": "movie_companies", "Alias": "mc", "Startup Cost": 0.0, "Total Cost": 0.31, "Plan Rows": 2, "Plan Width": 12, "Index Cond": "(movie_id = mk.movie_id)", "Filter": "(note IS NULL)"}]}, {"Node Type": "Index Scan", "Parent Relationship": "Inner", "Scan Direction": "Forward", "Index Name": "company_name_pkey", "Relation Name": "company_name", "Alias": "cn", "Startup Cost": 0.0, "Total Cost": 0.29, "Plan Rows": 1, "Plan Width": 23, "Index Cond": "(id = mc.company_id)", "Filter": "(((country_code)::text <> '[pl]'::text) AND (((name)::text ~~ '%Film%'::text) OR ((name)::text ~~ '%Warner%'::text)))"}]}, {"Node Type": "Index Scan", "Parent Relationship": "Inner", "Scan Direction": "Forward", "Index Name": "company_type_pkey", "Relation Name": "company_type", "Alias": "ct", "Startup Cost": 0.0, "Total Cost": 0.27, "Plan Rows": 1, "Plan Width": 4, "Index Cond": "(id = mc.company_type_id)", "Filter": "((kind)::text = 'production companies'::text)"}]}, {"Node Type": "Index Scan", "Parent Relationship": "Inner", "Scan Direction": "Forward", "Index Name": "movie_id_movie_link", "Relation Name": "movie_link", "Alias": "ml", "Startup Cost": 0.0, "Total Cost": 0.35, "Plan Rows": 5, "Plan Width": 8, "Index Cond": "(movie_id = mk.movie_id)"}]}, {"Node Type": "Index Scan", "Parent Relationship": "Inner", "Scan Direction": "Forward", "Index Name": "link_type_pkey", "Relation Name": "link_type", "Alias": "lt", "Startup Cost": 0.0, "Total Cost": 0.27, "Plan Rows": 1, "Plan Width": 16, "Index Cond": "(id = ml.link_type_id)", "Filter": "((link)::text ~~ '%follows%'::text)"}]}]}, "Unique SQL Id": 4121279504}, "explain_analyze_plan": {"Plan": {"Node Type": "Aggregate", "Strategy": "Plain", "Startup Cost": 3332.23, "Total Cost": 3332.24, "Plan Rows": 1, "Plan Width": 144, "Actual Startup Time": 176.653, "Actual Total Time": 176.654, "Actual Rows": 1, "Actual Loops": 1, "Plans": [{"Node Type": "Nested Loop", "Parent Relationship": "Outer", "Join Type": "Inner", "Startup Cost": 0.0, "Total Cost": 3332.23, "Plan Rows": 1, "Plan Width": 48, "Actual Startup Time": 176.642, "Actual Total Time": 176.642, "Actual Rows": 0, "Actual Loops": 1, "Inner Unique": true, "Plans": [{"Node Type": "Nested Loop", "Parent Relationship": "Outer", "Join Type": "Inner", "Startup Cost": 0.0, "Total Cost": 3331.94, "Plan Rows": 1, "Plan Width": 40, "Actual Startup Time": 0.743, "Actual Total Time": 176.562, "Actual Rows": 38, "Actual Loops": 1, "Inner Unique": false, "Join Filter": "(t.id = ml.movie_id)", "Rows Removed by Join Filter": 0, "Plans": [{"Node Type": "Nested Loop", "Parent Relationship": "Outer", "Join Type": "Inner", "Startup Cost": 0.0, "Total Cost": 3331.53, "Plan Rows": 1, "Plan Width": 48, "Actual Startup Time": 0.732, "Actual Total Time": 176.514, "Actual Rows": 2, "Actual Loops": 1, "Inner Unique": true, "Plans": [{"Node Type": "Nested Loop", "Parent Relationship": "Outer", "Join Type": "Inner", "Startup Cost": 0.0, "Total Cost": 3331.25, "Plan Rows": 1, "Plan Width": 52, "Actual Startup Time": 0.727, "Actual Total Time": 176.504, "Actual Rows": 2, "Actual Loops": 1, "Inner Unique": true, "Plans": [{"Node Type": "Nested Loop", "Parent Relationship": "Outer", "Join Type": "Inner", "Startup Cost": 0.0, "Total Cost": 3330.95, "Plan Rows": 1, "Plan Width": 37, "Actual Startup Time": 0.713, "Actual Total Time": 176.476, "Actual Rows": 3, "Actual Loops": 1, "Inner Unique": false, "Join Filter": "(t.id = mc.movie_id)", "Rows Removed by Join Filter": 0, "Plans": [{"Node Type": "Nested Loop", "Parent Relationship": "Outer", "Join Type": "Inner", "Startup Cost": 0.0, "Total Cost": 3330.61, "Plan Rows": 1, "Plan Width": 25, "Actual Startup Time": 0.696, "Actual Total Time": 176.455, "Actual Rows": 1, "Actual Loops": 1, "Inner Unique": true, "Plans": [{"Node Type": "Nested Loop", "Parent Relationship": "Outer", "Join Type": "Inner", "Startup Cost": 0.0, "Total Cost": 3319.92, "Plan Rows": 33, "Plan Width": 4, "Actual Startup Time": 0.47, "Actual Total Time": 126.57, "Actual Rows": 10544, "Actual Loops": 1, "Inner Unique": false, "Plans": [{"Node Type": "Index Scan", "Parent Relationship": "Outer", "Scan Direction": "Forward", "Index Name": "keyword_pkey", "Relation Name": "keyword", "Alias": "k", "Startup Cost": 0.0, "Total Cost": 3182.72, "Plan Rows": 1, "Plan Width": 4, "Actual Startup Time": 0.438, "Actual Total Time": 113.411, "Actual Rows": 1, "Actual Loops": 1, "Filter": "((keyword)::text = 'sequel'::text)", "Rows Removed by Filter": 134168}, {"Node Type": "Index Scan", "Parent Relationship": "Inner", "Scan Direction": "Forward", "Index Name": "keyword_id_movie_keyword", "Relation Name": "movie_keyword", "Alias": "mk", "Startup Cost": 0.0, "Total Cost": 136.88, "Plan Rows": 33, "Plan Width": 8, "Actual Startup Time": 0.027, "Actual Total Time": 10.895, "Actual Rows": 10544, "Actual Loops": 1, "Index Cond": "(keyword_id = k.id)", "Rows Removed by Index Recheck": 0}]}, {"Node Type": "Index Scan", "Parent Relationship": "Inner", "Scan Direction": "Forward", "Index Name": "title_pkey", "Relation Name": "title", "Alias": "t", "Startup Cost": 0.0, "Total Cost": 0.31, "Plan Rows": 1, "Plan Width": 21, "Actual Startup Time": 44.568, "Actual Total Time": 44.568, "Actual Rows": 1, "Actual Loops": 10544, "Index Cond": "(id = mk.movie_id)", "Rows Removed by Index Recheck": 0, "Filter": "(((title)::text ~~ '%Money%'::text) AND (production_year = 1998))", "Rows Removed by Filter": 10543}]}, {"Node Type": "Index Scan", "Parent Relationship": "Inner", "Scan Direction": "Forward", "Index Name": "movie_id_movie_companies", "Relation Name": "movie_companies", "Alias": "mc", "Startup Cost": 0.0, "Total Cost": 0.31, "Plan Rows": 2, "Plan Width": 12, "Actual Startup Time": 0.011, "Actual Total Time": 0.013, "Actual Rows": 3, "Actual Loops": 1, "Index Cond": "(movie_id = mk.movie_id)", "Rows Removed by Index Recheck": 0, "Filter": "(note IS NULL)", "Rows Removed by Filter": 1}]}, {"Node Type": "Index Scan", "Parent Relationship": "Inner", "Scan Direction": "Forward", "Index Name": "company_name_pkey", "Relation Name": "company_name", "Alias": "cn", "Startup Cost": 0.0, "Total Cost": 0.29, "Plan Rows": 1, "Plan Width": 23, "Actual Startup Time": 0.022, "Actual Total Time": 0.022, "Actual Rows": 2, "Actual Loops": 3, "Index Cond": "(id = mc.company_id)", "Rows Removed by Index Recheck": 0, "Filter": "(((country_code)::text <> '[pl]'::text) AND (((name)::text ~~ '%Film%'::text) OR ((name)::text ~~ '%Warner%'::text)))", "Rows Removed by Filter": 1}]}, {"Node Type": "Index Scan", "Parent Relationship": "Inner", "Scan Direction": "Forward", "Index Name": "company_type_pkey", "Relation Name": "company_type", "Alias": "ct", "Startup Cost": 0.0, "Total Cost": 0.27, "Plan Rows": 1, "Plan Width": 4, "Actual Startup Time": 0.006, "Actual Total Time": 0.006, "Actual Rows": 2, "Actual Loops": 2, "Index Cond": "(id = mc.company_type_id)", "Rows Removed by Index Recheck": 0, "Filter": "((kind)::text = 'production companies'::text)", "Rows Removed by Filter": 0}]}, {"Node Type": "Index Scan", "Parent Relationship": "Inner", "Scan Direction": "Forward", "Index Name": "movie_id_movie_link", "Relation Name": "movie_link", "Alias": "ml", "Startup Cost": 0.0, "Total Cost": 0.35, "Plan Rows": 5, "Plan Width": 8, "Actual Startup Time": 0.011, "Actual Total Time": 0.025, "Actual Rows": 38, "Actual Loops": 2, "Index Cond": "(movie_id = mk.movie_id)", "Rows Removed by Index Recheck": 0}]}, {"Node Type": "Index Scan", "Parent Relationship": "Inner", "Scan Direction": "Forward", "Index Name": "link_type_pkey", "Relation Name": "link_type", "Alias": "lt", "Startup Cost": 0.0, "Total Cost": 0.27, "Plan Rows": 1, "Plan Width": 16, "Actual Startup Time": 0.063, "Actual Total Time": 0.063, "Actual Rows": 0, "Actual Loops": 38, "Index Cond": "(id = ml.link_type_id)", "Rows Removed by Index Recheck": 0, "Filter": "((link)::text ~~ '%follows%'::text)", "Rows Removed by Filter": 24}]}]}, "Triggers": [], "Planner Runtime": 56.535, "Total Runtime": 177.003, "Unique SQL Id": 4121279504}}, "(1, 74)": {"explain_plan": {"Plan": {"Node Type": "Aggregate", "Strategy": "Plain", "Startup Cost": 202298.61, "Total Cost": 202298.62, "Plan Rows": 1, "Plan Width": 144, "Plans": [{"Node Type": "Hash Join", "Parent Relationship": "Outer", "Join Type": "Inner", "Startup Cost": 128518.72, "Total Cost": 202298.6, "Plan Rows": 1, "Plan Width": 48, "Inner Unique": true, "Hash Cond": "(mc.company_type_id = ct.id)", "Plans": [{"Node Type": "Hash Join", "Parent Relationship": "Outer", "Join Type": "Inner", "Startup Cost": 128517.67, "Total Cost": 202297.54, "Plan Rows": 1, "Plan Width": 52, "Inner Unique": false, "Hash Cond": "(t.id = ml.movie_id)", "Plans": [{"Node Type": "Hash Join", "Parent Relationship": "Outer", "Join Type": "Inner", "Startup Cost": 127968.12, "Total Cost": 201747.93, "Plan Rows": 1, "Plan Width": 52, "Inner Unique": false, "Hash Cond": "(mk.movie_id = t.id)", "Plans": [{"Node Type": "Hash Join", "Parent Relationship": "Outer", "Join Type": "Inner", "Startup Cost": 2436.12, "Total Cost": 76215.84, "Plan Rows": 33, "Plan Width": 4, "Inner Unique": true, "Hash Cond": "(mk.keyword_id = k.id)", "Plans": [{"Node Type": "Seq Scan", "Parent Relationship": "Outer", "Relation Name": "movie_keyword", "Alias": "mk", "Startup Cost": 0.0, "Total Cost": 62441.29, "Plan Rows": 4523929, "Plan Width": 8}, {"Node Type": "Hash", "Parent Relationship": "Inner", "Startup Cost": 2436.11, "Total Cost": 2436.11, "Plan Rows": 1, "Plan Width": 4, "Plans": [{"Node Type": "Seq Scan", "Parent Relationship": "Outer", "Relation Name": "keyword", "Alias": "k", "Startup Cost": 0.0, "Total Cost": 2436.11, "Plan Rows": 1, "Plan Width": 4, "Filter": "((keyword)::text = 'sequel'::text)"}]}]}, {"Node Type": "Hash", "Parent Relationship": "Inner", "Startup Cost": 125531.97, "Total Cost": 125531.97, "Plan Rows": 2, "Plan Width": 48, "Plans": [{"Node Type": "Hash Join", "Parent Relationship": "Outer", "Join Type": "Inner", "Startup Cost": 80509.13, "Total Cost": 125531.97, "Plan Rows": 2, "Plan Width": 48, "Inner Unique": true, "Hash Cond": "(mc.company_id = cn.id)", "Plans": [{"Node Type": "Hash Join", "Parent Relationship": "Outer", "Join Type": "Inner", "Startup Cost": 72710.72, "Total Cost": 117733.51, "Plan Rows": 6, "Plan Width": 33, "Inner Unique": true, "Hash Cond": "(mc.movie_id = t.id)", "Plans": [{"Node Type": "Seq Scan", "Parent Relationship": "Outer", "Relation Name": "movie_companies", "Alias": "mc", "Startup Cost": 0.0, "Total Cost": 41817.28, "Plan Rows": 1269486, "Plan Width": 12, "Filter": "(note IS NULL), (LLVM Optimized)"}, {"Node Type": "Hash", "Parent Relationship": "Inner", "Startup Cost": 72710.67, "Total Cost": 72710.67, "Plan Rows": 4, "Plan Width": 21, "Plans": [{"Node Type": "Seq Scan", "Parent Relationship": "Outer", "Relation Name": "title", "Alias": "t", "Startup Cost": 0.0, "Total Cost": 72710.67, "Plan Rows": 4, "Plan Width": 21, "Filter": "(((title)::text ~~ '%Money%'::text) AND (production_year = 1998))"}]}]}, {"Node Type": "Hash", "Parent Relationship": "Inner", "Startup Cost": 7078.43, "Total Cost": 7078.43, "Plan Rows": 57599, "Plan Width": 23, "Plans": [{"Node Type": "Seq Scan", "Parent Relationship": "Outer", "Relation Name": "company_name", "Alias": "cn", "Startup Cost": 0.0, "Total Cost": 7078.43, "Plan Rows": 57599, "Plan Width": 23, "Filter": "(((country_code)::text <> '[pl]'::text) AND (((name)::text ~~ '%Film%'::text) OR ((name)::text ~~ '%Warner%'::text)))"}]}]}]}]}, {"Node Type": "Hash", "Parent Relationship": "Inner", "Startup Cost": 526.11, "Total Cost": 526.11, "Plan Rows": 1875, "Plan Width": 16, "Plans": [{"Node Type": "Hash Join", "Parent Relationship": "Outer", "Join Type": "Inner", "Startup Cost": 1.22, "Total Cost": 526.11, "Plan Rows": 1875, "Plan Width": 16, "Inner Unique": true, "Hash Cond": "(ml.link_type_id = lt.id)", "Plans": [{"Node Type": "Seq Scan", "Parent Relationship": "Outer", "Relation Name": "movie_link", "Alias": "ml", "Startup Cost": 0.0, "Total Cost": 430.96, "Plan Rows": 29996, "Plan Width": 8}, {"Node Type": "Hash", "Parent Relationship": "Inner", "Startup Cost": 1.21, "Total Cost": 1.21, "Plan Rows": 1, "Plan Width": 16, "Plans": [{"Node Type": "Seq Scan", "Parent Relationship": "Outer", "Relation Name": "link_type", "Alias": "lt", "Startup Cost": 0.0, "Total Cost": 1.21, "Plan Rows": 1, "Plan Width": 16, "Filter": "((link)::text ~~ '%follows%'::text)"}]}]}]}]}, {"Node Type": "Hash", "Parent Relationship": "Inner", "Startup Cost": 1.04, "Total Cost": 1.04, "Plan Rows": 1, "Plan Width": 4, "Plans": [{"Node Type": "Seq Scan", "Parent Relationship": "Outer", "Relation Name": "company_type", "Alias": "ct", "Startup Cost": 0.0, "Total Cost": 1.04, "Plan Rows": 1, "Plan Width": 4, "Filter": "((kind)::text = 'production companies'::text)"}]}]}]}, "Unique SQL Id": 4121279504}, "explain_analyze_plan": {"Plan": {"Node Type": "Aggregate", "Strategy": "Plain", "Startup Cost": 202298.61, "Total Cost": 202298.62, "Plan Rows": 1, "Plan Width": 144, "Actual Startup Time": 0.234, "Actual Total Time": 0.235, "Actual Rows": 1, "Actual Loops": 1, "Plans": [{"Node Type": "Hash Join", "Parent Relationship": "Outer", "Join Type": "Inner", "Startup Cost": 128518.72, "Total Cost": 202298.6, "Plan Rows": 1, "Plan Width": 48, "Actual Startup Time": 0.226, "Actual Total Time": 0.226, "Actual Rows": 0, "Actual Loops": 1, "Inner Unique": true, "Hash Cond": "(mc.company_type_id = ct.id)", "Plans": [{"Node Type": "Hash Join", "Parent Relationship": "Outer", "Join Type": "Inner", "Startup Cost": 128517.67, "Total Cost": 202297.54, "Plan Rows": 1, "Plan Width": 52, "Actual Startup Time": 0.135, "Actual Total Time": 0.135, "Actual Rows": 0, "Actual Loops": 1, "Inner Unique": false, "Hash Cond": "(t.id = ml.movie_id)", "Plans": [{"Node Type": "Hash Join", "Parent Relationship": "Outer", "Join Type": "Inner", "Startup Cost": 127968.12, "Total Cost": 201747.93, "Plan Rows": 1, "Plan Width": 52, "Actual Startup Time": 0.0, "Actual Total Time": 0.0, "Inner Unique": false, "Hash Cond": "(mk.movie_id = t.id)", "Plans": [{"Node Type": "Hash Join", "Parent Relationship": "Outer", "Join Type": "Inner", "Startup Cost": 2436.12, "Total Cost": 76215.84, "Plan Rows": 33, "Plan Width": 4, "Actual Startup Time": 0.0, "Actual Total Time": 0.0, "Inner Unique": true, "Hash Cond": "(mk.keyword_id = k.id)", "Plans": [{"Node Type": "Seq Scan", "Parent Relationship": "Outer", "Relation Name": "movie_keyword", "Alias": "mk", "Startup Cost": 0.0, "Total Cost": 62441.29, "Plan Rows": 4523929, "Plan Width": 8, "Actual Startup Time": 0.0, "Actual Total Time": 0.0}, {"Node Type": "Hash", "Parent Relationship": "Inner", "Startup Cost": 2436.11, "Total Cost": 2436.11, "Plan Rows": 1, "Plan Width": 4, "Actual Startup Time": 0.0, "Actual Total Time": 0.0, "Hash Buckets": 0, "Hash Batches": 0, "Original Hash Batches": 0, "Peak Memory Usage": 0, "Plans": [{"Node Type": "Seq Scan", "Parent Relationship": "Outer", "Relation Name": "keyword", "Alias": "k", "Startup Cost": 0.0, "Total Cost": 2436.11, "Plan Rows": 1, "Plan Width": 4, "Actual Startup Time": 0.0, "Actual Total Time": 0.0, "Filter": "((keyword)::text = 'sequel'::text)", "Rows Removed by Filter": 0}]}]}, {"Node Type": "Hash", "Parent Relationship": "Inner", "Startup Cost": 125531.97, "Total Cost": 125531.97, "Plan Rows": 2, "Plan Width": 48, "Actual Startup Time": 0.0, "Actual Total Time": 0.0, "Hash Buckets": 0, "Hash Batches": 0, "Original Hash Batches": 0, "Peak Memory Usage": 0, "Plans": [{"Node Type": "Hash Join", "Parent Relationship": "Outer", "Join Type": "Inner", "Startup Cost": 80509.13, "Total Cost": 125531.97, "Plan Rows": 2, "Plan Width": 48, "Actual Startup Time": 0.0, "Actual Total Time": 0.0, "Inner Unique": true, "Hash Cond": "(mc.company_id = cn.id)", "Plans": [{"Node Type": "Hash Join", "Parent Relationship": "Outer", "Join Type": "Inner", "Startup Cost": 72710.72, "Total Cost": 117733.51, "Plan Rows": 6, "Plan Width": 33, "Actual Startup Time": 0.0, "Actual Total Time": 0.0, "Inner Unique": true, "Hash Cond": "(mc.movie_id = t.id)", "Plans": [{"Node Type": "Seq Scan", "Parent Relationship": "Outer", "Relation Name": "movie_companies", "Alias": "mc", "Startup Cost": 0.0, "Total Cost": 41817.28, "Plan Rows": 1269486, "Plan Width": 12, "Actual Startup Time": 0.0, "Actual Total Time": 0.0, "Filter": "(note IS NULL), (LLVM Optimized)", "Rows Removed by Filter": 0}, {"Node Type": "Hash", "Parent Relationship": "Inner", "Startup Cost": 72710.67, "Total Cost": 72710.67, "Plan Rows": 4, "Plan Width": 21, "Actual Startup Time": 0.0, "Actual Total Time": 0.0, "Hash Buckets": 0, "Hash Batches": 0, "Original Hash Batches": 0, "Peak Memory Usage": 0, "Plans": [{"Node Type": "Seq Scan", "Parent Relationship": "Outer", "Relation Name": "title", "Alias": "t", "Startup Cost": 0.0, "Total Cost": 72710.67, "Plan Rows": 4, "Plan Width": 21, "Actual Startup Time": 0.0, "Actual Total Time": 0.0, "Filter": "(((title)::text ~~ '%Money%'::text) AND (production_year = 1998))", "Rows Removed by Filter": 0}]}]}, {"Node Type": "Hash", "Parent Relationship": "Inner", "Startup Cost": 7078.43, "Total Cost": 7078.43, "Plan Rows": 57599, "Plan Width": 23, "Actual Startup Time": 0.0, "Actual Total Time": 0.0, "Hash Buckets": 0, "Hash Batches": 0, "Original Hash Batches": 0, "Peak Memory Usage": 0, "Plans": [{"Node Type": "Seq Scan", "Parent Relationship": "Outer", "Relation Name": "company_name", "Alias": "cn", "Startup Cost": 0.0, "Total Cost": 7078.43, "Plan Rows": 57599, "Plan Width": 23, "Actual Startup Time": 0.0, "Actual Total Time": 0.0, "Filter": "(((country_code)::text <> '[pl]'::text) AND (((name)::text ~~ '%Film%'::text) OR ((name)::text ~~ '%Warner%'::text)))", "Rows Removed by Filter": 0}]}]}]}]}, {"Node Type": "Hash", "Parent Relationship": "Inner", "Startup Cost": 526.11, "Total Cost": 526.11, "Plan Rows": 1875, "Plan Width": 16, "Actual Startup Time": 0.084, "Actual Total Time": 0.084, "Actual Rows": 0, "Actual Loops": 1, "Hash Buckets": 32768, "Hash Batches": 1, "Original Hash Batches": 1, "Peak Memory Usage": 0, "Plans": [{"Node Type": "Hash Join", "Parent Relationship": "Outer", "Join Type": "Inner", "Startup Cost": 1.22, "Total Cost": 526.11, "Plan Rows": 1875, "Plan Width": 16, "Actual Startup Time": 0.084, "Actual Total Time": 0.084, "Actual Rows": 0, "Actual Loops": 1, "Inner Unique": true, "Hash Cond": "(ml.link_type_id = lt.id)", "Plans": [{"Node Type": "Seq Scan", "Parent Relationship": "Outer", "Relation Name": "movie_link", "Alias": "ml", "Startup Cost": 0.0, "Total Cost": 430.96, "Plan Rows": 29996, "Plan Width": 8, "Actual Startup Time": 0.036, "Actual Total Time": 0.036, "Actual Rows": 1, "Actual Loops": 1}, {"Node Type": "Hash", "Parent Relationship": "Inner", "Startup Cost": 1.21, "Total Cost": 1.21, "Plan Rows": 1, "Plan Width": 16, "Actual Startup Time": 0.017, "Actual Total Time": 0.017, "Actual Rows": 0, "Actual Loops": 1, "Hash Buckets": 32768, "Hash Batches": 1, "Original Hash Batches": 1, "Peak Memory Usage": 0, "Plans": [{"Node Type": "Seq Scan", "Parent Relationship": "Outer", "Relation Name": "link_type", "Alias": "lt", "Startup Cost": 0.0, "Total Cost": 1.21, "Plan Rows": 1, "Plan Width": 16, "Actual Startup Time": 0.016, "Actual Total Time": 0.016, "Actual Rows": 0, "Actual Loops": 1, "Filter": "((link)::text ~~ '%follows%'::text)", "Rows Removed by Filter": 17}]}]}]}]}, {"Node Type": "Hash", "Parent Relationship": "Inner", "Startup Cost": 1.04, "Total Cost": 1.04, "Plan Rows": 1, "Plan Width": 4, "Actual Startup Time": 0.045, "Actual Total Time": 0.045, "Actual Rows": 1, "Actual Loops": 1, "Hash Buckets": 32768, "Hash Batches": 1, "Original Hash Batches": 1, "Peak Memory Usage": 1, "Plans": [{"Node Type": "Seq Scan", "Parent Relationship": "Outer", "Relation Name": "company_type", "Alias": "ct", "Startup Cost": 0.0, "Total Cost": 1.04, "Plan Rows": 1, "Plan Width": 4, "Actual Startup Time": 0.031, "Actual Total Time": 0.034, "Actual Rows": 1, "Actual Loops": 1, "Filter": "((kind)::text = 'production companies'::text)", "Rows Removed by Filter": 2}]}]}]}, "Triggers": [], "Planner Runtime": 101.82, "Total Runtime": 9.742, "Unique SQL Id": 4121279504}}, "(1, 75)": {"explain_plan": {"Plan": {"Node Type": "Aggregate", "Strategy": "Plain", "Startup Cost": 4403914050540.74, "Total Cost": 4403914050540.75, "Plan Rows": 1, "Plan Width": 144, "Plans": [{"Node Type": "Nested Loop", "Parent Relationship": "Outer", "Join Type": "Inner", "Startup Cost": 1091580966363.77, "Total Cost": 4403914050540.73, "Plan Rows": 1, "Plan Width": 48, "Inner Unique": true, "Plans": [{"Node Type": "Hash Join", "Parent Relationship": "Outer", "Join Type": "Inner", "Startup Cost": 1081580966363.77, "Total Cost": 3403914050511.91, "Plan Rows": 1, "Plan Width": 33, "Inner Unique": true, "Hash Cond": "(ml.link_type_id = lt.id)", "Plans": [{"Node Type": "Merge Join", "Parent Relationship": "Outer", "Join Type": "Inner", "Startup Cost": 81580965109.01, "Total Cost": 2403914049257.13, "Plan Rows": 3, "Plan Width": 25, "Inner Unique": false, "Merge Cond": "(mk.movie_id = ml.movie_id)", "Plans": [{"Node Type": "Merge Join", "Parent Relationship": "Outer", "Join Type": "Inner", "Startup Cost": 61580965109.01, "Total Cost": 40200287591422.09, "Plan Rows": 37, "Plan Width": 12, "Inner Unique": false, "Merge Cond": "(mc.movie_id = mk.movie_id)", "Plans": [{"Node Type": "Nested Loop", "Parent Relationship": "Outer", "Join Type": "Inner", "Startup Cost": 30000000000.0, "Total Cost": 20100130722186.7, "Plan Rows": 634743, "Plan Width": 8, "Inner Unique": true, "Join Filter": "(ct.id = mc.company_type_id), (LLVM Optimized)", "Plans": [{"Node Type": "Index Scan", "Parent Relationship": "Outer", "Scan Direction": "Forward", "Index Name": "movie_id_movie_companies", "Relation Name": "movie_companies", "Alias": "mc", "Startup Cost": 10000000000.0, "Total Cost": 1000013051946.13, "Plan Rows": 1269486, "Plan Width": 12, "Filter": "(note IS NULL), (LLVM Optimized)"}, {"Node Type": "Materialize", "Parent Relationship": "Inner", "Startup Cost": 10000000000.0, "Total Cost": 1000000001230.26, "Plan Rows": 1, "Plan Width": 4, "Plans": [{"Node Type": "Index Scan", "Parent Relationship": "Outer", "Scan Direction": "Forward", "Index Name": "company_type_pkey", "Relation Name": "company_type", "Alias": "ct", "Startup Cost": 10000000000.0, "Total Cost": 1000000001230.25, "Plan Rows": 1, "Plan Width": 4, "Filter": "((kind)::text = 'production companies'::text)"}]}]}, {"Node Type": "Materialize", "Parent Relationship": "Inner", "Startup Cost": 30000000000.0, "Total Cost": 20100156867647.98, "Plan Rows": 33, "Plan Width": 4, "Plans": [{"Node Type": "Nested Loop", "Parent Relationship": "Outer", "Join Type": "Inner", "Startup Cost": 30000000000.0, "Total Cost": 20100156867647.9, "Plan Rows": 33, "Plan Width": 4, "Inner Unique": true, "Join Filter": "(k.id = mk.keyword_id)", "Plans": [{"Node Type": "Index Scan", "Parent Relationship": "Outer", "Scan Direction": "Forward", "Index Name": "movie_id_movie_keyword", "Relation Name": "movie_keyword", "Alias": "mk", "Startup Cost": 10000000000.0, "Total Cost": 1000015300634.17, "Plan Rows": 4523929, "Plan Width": 8}, {"Node Type": "Materialize", "Parent Relationship": "Inner", "Startup Cost": 10000000000.0, "Total Cost": 1000000318271.69, "Plan Rows": 1, "Plan Width": 4, "Plans": [{"Node Type": "Index Scan", "Parent Relationship": "Outer", "Scan Direction": "Forward", "Index Name": "keyword_pkey", "Relation Name": "keyword", "Alias": "k", "Startup Cost": 10000000000.0, "Total Cost": 1000000318271.68, "Plan Rows": 1, "Plan Width": 4, "Filter": "((keyword)::text = 'sequel'::text)"}]}]}]}]}, {"Node Type": "Materialize", "Parent Relationship": "Inner", "Startup Cost": 20000000000.0, "Total Cost": 1257503175328.76, "Plan Rows": 19, "Plan Width": 29, "Plans": [{"Node Type": "Merge Join", "Parent Relationship": "Outer", "Join Type": "Inner", "Startup Cost": 20000000000.0, "Total Cost": 1257503175328.72, "Plan Rows": 19, "Plan Width": 29, "Inner Unique": true, "Merge Cond": "(ml.movie_id = t.id)", "Plans": [{"Node Type": "Index Scan", "Parent Relationship": "Outer", "Scan Direction": "Forward", "Index Name": "movie_id_movie_link", "Relation Name": "movie_link", "Alias": "ml", "Startup Cost": 10000000000.0, "Total Cost": 1000000106202.37, "Plan Rows": 29996, "Plan Width": 8}, {"Node Type": "Materialize", "Parent Relationship": "Inner", "Startup Cost": 10000000000.0, "Total Cost": 1000012276204.42, "Plan Rows": 4, "Plan Width": 21, "Plans": [{"Node Type": "Index Scan", "Parent Relationship": "Outer", "Scan Direction": "Forward", "Index Name": "title_pkey", "Relation Name": "title", "Alias": "t", "Startup Cost": 10000000000.0, "Total Cost": 1000012276204.41, "Plan Rows": 4, "Plan Width": 21, "Filter": "(((title)::text ~~ '%Money%'::text) AND (production_year = 1998))"}]}]}]}]}, {"Node Type": "Hash", "Parent Relationship": "Inner", "Startup Cost": 1000000001254.75, "Total Cost": 1000000001254.75, "Plan Rows": 1, "Plan Width": 16, "Plans": [{"Node Type": "Index Scan", "Parent Relationship": "Outer", "Scan Direction": "Forward", "Index Name": "link_type_pkey", "Relation Name": "link_type", "Alias": "lt", "Startup Cost": 10000000000.0, "Total Cost": 1000000001254.75, "Plan Rows": 1, "Plan Width": 16, "Filter": "((link)::text ~~ '%follows%'::text)"}]}]}, {"Node Type": "Index Scan", "Parent Relationship": "Inner", "Scan Direction": "Forward", "Index Name": "company_name_pkey", "Relation Name": "company_name", "Alias": "cn", "Startup Cost": 10000000000.0, "Total Cost": 1000000000028.81, "Plan Rows": 1, "Plan Width": 23, "Index Cond": "(id = mc.company_id)", "Filter": "(((country_code)::text <> '[pl]'::text) AND (((name)::text ~~ '%Film%'::text) OR ((name)::text ~~ '%Warner%'::text)))"}]}]}, "Unique SQL Id": 4121279504}, "explain_analyze_plan": {"Plan": {"Node Type": "Aggregate", "Strategy": "Plain", "Startup Cost": 4403914050540.74, "Total Cost": 4403914050540.75, "Plan Rows": 1, "Plan Width": 144, "Actual Startup Time": 443.893, "Actual Total Time": 443.894, "Actual Rows": 1, "Actual Loops": 1, "Plans": [{"Node Type": "Nested Loop", "Parent Relationship": "Outer", "Join Type": "Inner", "Startup Cost": 1091580966363.77, "Total Cost": 4403914050540.73, "Plan Rows": 1, "Plan Width": 48, "Actual Startup Time": 443.882, "Actual Total Time": 443.882, "Actual Rows": 0, "Actual Loops": 1, "Inner Unique": true, "Plans": [{"Node Type": "Hash Join", "Parent Relationship": "Outer", "Join Type": "Inner", "Startup Cost": 1081580966363.77, "Total Cost": 3403914050511.91, "Plan Rows": 1, "Plan Width": 33, "Actual Startup Time": 443.845, "Actual Total Time": 443.845, "Actual Rows": 0, "Actual Loops": 1, "Inner Unique": true, "Hash Cond": "(ml.link_type_id = lt.id)", "Plans": [{"Node Type": "Merge Join", "Parent Relationship": "Outer", "Join Type": "Inner", "Startup Cost": 81580965109.01, "Total Cost": 2403914049257.13, "Plan Rows": 3, "Plan Width": 25, "Actual Startup Time": 443.716, "Actual Total Time": 443.716, "Actual Rows": 1, "Actual Loops": 1, "Inner Unique": false, "Merge Cond": "(mk.movie_id = ml.movie_id)", "Plans": [{"Node Type": "Merge Join", "Parent Relationship": "Outer", "Join Type": "Inner", "Startup Cost": 61580965109.01, "Total Cost": 40200287591422.09, "Plan Rows": 37, "Plan Width": 12, "Actual Startup Time": 117.275, "Actual Total Time": 245.943, "Actual Rows": 69, "Actual Loops": 1, "Inner Unique": false, "Merge Cond": "(mc.movie_id = mk.movie_id)", "Plans": [{"Node Type": "Nested Loop", "Parent Relationship": "Outer", "Join Type": "Inner", "Startup Cost": 30000000000.0, "Total Cost": 20100130722186.7, "Plan Rows": 634743, "Plan Width": 8, "Actual Startup Time": 0.075, "Actual Total Time": 58.37, "Actual Rows": 32455, "Actual Loops": 1, "Inner Unique": true, "Join Filter": "(ct.id = mc.company_type_id), (LLVM Optimized, Jit Execute)", "Rows Removed by Join Filter": 1034, "Plans": [{"Node Type": "Index Scan", "Parent Relationship": "Outer", "Scan Direction": "Forward", "Index Name": "movie_id_movie_companies", "Relation Name": "movie_companies", "Alias": "mc", "Startup Cost": 10000000000.0, "Total Cost": 1000013051946.13, "Plan Rows": 1269486, "Plan Width": 12, "Actual Startup Time": 0.048, "Actual Total Time": 41.326, "Actual Rows": 33489, "Actual Loops": 1, "Filter": "(note IS NULL), (LLVM Optimized, Jit Execute)", "Rows Removed by Filter": 34709}, {"Node Type": "Materialize", "Parent Relationship": "Inner", "Startup Cost": 10000000000.0, "Total Cost": 1000000001230.26, "Plan Rows": 1, "Plan Width": 4, "Actual Startup Time": 2.986, "Actual Total Time": 3.091, "Actual Rows": 33489, "Actual Loops": 33489, "Plans": [{"Node Type": "Index Scan", "Parent Relationship": "Outer", "Scan Direction": "Forward", "Index Name": "company_type_pkey", "Relation Name": "company_type", "Alias": "ct", "Startup Cost": 10000000000.0, "Total Cost": 1000000001230.25, "Plan Rows": 1, "Plan Width": 4, "Actual Startup Time": 0.013, "Actual Total Time": 0.017, "Actual Rows": 1, "Actual Loops": 1, "Filter": "((kind)::text = 'production companies'::text)", "Rows Removed by Filter": 2}]}]}, {"Node Type": "Materialize", "Parent Relationship": "Inner", "Startup Cost": 30000000000.0, "Total Cost": 20100156867647.98, "Plan Rows": 33, "Plan Width": 4, "Actual Startup Time": 116.257, "Actual Total Time": 183.379, "Actual Rows": 73, "Actual Loops": 1, "Plans": [{"Node Type": "Nested Loop", "Parent Relationship": "Outer", "Join Type": "Inner", "Startup Cost": 30000000000.0, "Total Cost": 20100156867647.9, "Plan Rows": 33, "Plan Width": 4, "Actual Startup Time": 116.247, "Actual Total Time": 183.344, "Actual Rows": 30, "Actual Loops": 1, "Inner Unique": true, "Join Filter": "(k.id = mk.keyword_id)", "Rows Removed by Join Filter": 69385, "Plans": [{"Node Type": "Index Scan", "Parent Relationship": "Outer", "Scan Direction": "Forward", "Index Name": "movie_id_movie_keyword", "Relation Name": "movie_keyword", "Alias": "mk", "Startup Cost": 10000000000.0, "Total Cost": 1000015300634.17, "Plan Rows": 4523929, "Plan Width": 8, "Actual Startup Time": 0.023, "Actual Total Time": 27.713, "Actual Rows": 69415, "Actual Loops": 1}, {"Node Type": "Materialize", "Parent Relationship": "Inner", "Startup Cost": 10000000000.0, "Total Cost": 1000000318271.69, "Plan Rows": 1, "Plan Width": 4, "Actual Startup Time": 6.12, "Actual Total Time": 127.12, "Actual Rows": 69415, "Actual Loops": 69415, "Plans": [{"Node Type": "Index Scan", "Parent Relationship": "Outer", "Scan Direction": "Forward", "Index Name": "keyword_pkey", "Relation Name": "keyword", "Alias": "k", "Startup Cost": 10000000000.0, "Total Cost": 1000000318271.68, "Plan Rows": 1, "Plan Width": 4, "Actual Startup Time": 0.435, "Actual Total Time": 115.635, "Actual Rows": 1, "Actual Loops": 1, "Filter": "((keyword)::text = 'sequel'::text)", "Rows Removed by Filter": 134168}]}]}]}]}, {"Node Type": "Materialize", "Parent Relationship": "Inner", "Startup Cost": 20000000000.0, "Total Cost": 1257503175328.76, "Plan Rows": 19, "Plan Width": 29, "Actual Startup Time": 197.754, "Actual Total Time": 197.754, "Actual Rows": 1, "Actual Loops": 1, "Plans": [{"Node Type": "Merge Join", "Parent Relationship": "Outer", "Join Type": "Inner", "Startup Cost": 20000000000.0, "Total Cost": 1257503175328.72, "Plan Rows": 19, "Plan Width": 29, "Actual Startup Time": 197.748, "Actual Total Time": 197.748, "Actual Rows": 1, "Actual Loops": 1, "Inner Unique": true, "Merge Cond": "(ml.movie_id = t.id)", "Plans": [{"Node Type": "Index Scan", "Parent Relationship": "Outer", "Scan Direction": "Forward", "Index Name": "movie_id_movie_link", "Relation Name": "movie_link", "Alias": "ml", "Startup Cost": 10000000000.0, "Total Cost": 1000000106202.37, "Plan Rows": 29996, "Plan Width": 8, "Actual Startup Time": 0.027, "Actual Total Time": 9.937, "Actual Rows": 25481, "Actual Loops": 1}, {"Node Type": "Materialize", "Parent Relationship": "Inner", "Startup Cost": 10000000000.0, "Total Cost": 1000012276204.42, "Plan Rows": 4, "Plan Width": 21, "Actual Startup Time": 184.076, "Actual Total Time": 184.076, "Actual Rows": 1, "Actual Loops": 1, "Plans": [{"Node Type": "Index Scan", "Parent Relationship": "Outer", "Scan Direction": "Forward", "Index Name": "title_pkey", "Relation Name": "title", "Alias": "t", "Startup Cost": 10000000000.0, "Total Cost": 1000012276204.41, "Plan Rows": 4, "Plan Width": 21, "Actual Startup Time": 184.075, "Actual Total Time": 184.075, "Actual Rows": 1, "Actual Loops": 1, "Filter": "(((title)::text ~~ '%Money%'::text) AND (production_year = 1998))", "Rows Removed by Filter": 138931}]}]}]}]}, {"Node Type": "Hash", "Parent Relationship": "Inner", "Startup Cost": 1000000001254.75, "Total Cost": 1000000001254.75, "Plan Rows": 1, "Plan Width": 16, "Actual Startup Time": 0.053, "Actual Total Time": 0.053, "Actual Rows": 0, "Actual Loops": 1, "Hash Buckets": 32768, "Hash Batches": 1, "Original Hash Batches": 1, "Peak Memory Usage": 0, "Plans": [{"Node Type": "Index Scan", "Parent Relationship": "Outer", "Scan Direction": "Forward", "Index Name": "link_type_pkey", "Relation Name": "link_type", "Alias": "lt", "Startup Cost": 10000000000.0, "Total Cost": 1000000001254.75, "Plan Rows": 1, "Plan Width": 16, "Actual Startup Time": 0.048, "Actual Total Time": 0.048, "Actual Rows": 0, "Actual Loops": 1, "Filter": "((link)::text ~~ '%follows%'::text)", "Rows Removed by Filter": 17}]}]}, {"Node Type": "Index Scan", "Parent Relationship": "Inner", "Scan Direction": "Forward", "Index Name": "company_name_pkey", "Relation Name": "company_name", "Alias": "cn", "Startup Cost": 10000000000.0, "Total Cost": 1000000000028.81, "Plan Rows": 1, "Plan Width": 23, "Actual Startup Time": 0.0, "Actual Total Time": 0.0, "Index Cond": "(id = mc.company_id)", "Rows Removed by Index Recheck": 0, "Filter": "(((country_code)::text <> '[pl]'::text) AND (((name)::text ~~ '%Film%'::text) OR ((name)::text ~~ '%Warner%'::text)))", "Rows Removed by Filter": 0}]}]}, "Triggers": [], "Planner Runtime": 146.793, "Total Runtime": 453.605, "Unique SQL Id": 4121279504}}, "(1, 76)": {"explain_plan": {"Plan": {"Node Type": "Aggregate", "Strategy": "Plain", "Startup Cost": 2585.63, "Total Cost": 2585.64, "Plan Rows": 1, "Plan Width": 144, "Plans": [{"Node Type": "Nested Loop", "Parent Relationship": "Outer", "Join Type": "Inner", "Startup Cost": 0.0, "Total Cost": 2585.62, "Plan Rows": 1, "Plan Width": 48, "Inner Unique": true, "Plans": [{"Node Type": "Nested Loop", "Parent Relationship": "Outer", "Join Type": "Inner", "Startup Cost": 0.0, "Total Cost": 2585.34, "Plan Rows": 1, "Plan Width": 40, "Inner Unique": false, "Join Filter": "(t.id = ml.movie_id)", "Plans": [{"Node Type": "Nested Loop", "Parent Relationship": "Outer", "Join Type": "Inner", "Startup Cost": 0.0, "Total Cost": 2584.93, "Plan Rows": 1, "Plan Width": 48, "Inner Unique": true, "Plans": [{"Node Type": "Nested Loop", "Parent Relationship": "Outer", "Join Type": "Inner", "Startup Cost": 0.0, "Total Cost": 2584.64, "Plan Rows": 1, "Plan Width": 52, "Inner Unique": true, "Plans": [{"Node Type": "Nested Loop", "Parent Relationship": "Outer", "Join Type": "Inner", "Startup Cost": 0.0, "Total Cost": 2584.35, "Plan Rows": 1, "Plan Width": 37, "Inner Unique": false, "Join Filter": "(t.id = mc.movie_id)", "Plans": [{"Node Type": "Nested Loop", "Parent Relationship": "Outer", "Join Type": "Inner", "Startup Cost": 0.0, "Total Cost": 2584.01, "Plan Rows": 1, "Plan Width": 25, "Inner Unique": true, "Plans": [{"Node Type": "Nested Loop", "Parent Relationship": "Outer", "Join Type": "Inner", "Startup Cost": 0.0, "Total Cost": 2573.32, "Plan Rows": 33, "Plan Width": 4, "Inner Unique": false, "Plans": [{"Node Type": "Seq Scan", "Parent Relationship": "Outer", "Relation Name": "keyword", "Alias": "k", "Startup Cost": 0.0, "Total Cost": 2436.11, "Plan Rows": 1, "Plan Width": 4, "Filter": "((keyword)::text = 'sequel'::text)"}, {"Node Type": "Index Scan", "Parent Relationship": "Inner", "Scan Direction": "Forward", "Index Name": "keyword_id_movie_keyword", "Relation Name": "movie_keyword", "Alias": "mk", "Startup Cost": 0.0, "Total Cost": 136.88, "Plan Rows": 33, "Plan Width": 8, "Index Cond": "(keyword_id = k.id)"}]}, {"Node Type": "Index Scan", "Parent Relationship": "Inner", "Scan Direction": "Forward", "Index Name": "title_pkey", "Relation Name": "title", "Alias": "t", "Startup Cost": 0.0, "Total Cost": 0.31, "Plan Rows": 1, "Plan Width": 21, "Index Cond": "(id = mk.movie_id)", "Filter": "(((title)::text ~~ '%Money%'::text) AND (production_year = 1998))"}]}, {"Node Type": "Index Scan", "Parent Relationship": "Inner", "Scan Direction": "Forward", "Index Name": "movie_id_movie_companies", "Relation Name": "movie_companies", "Alias": "mc", "Startup Cost": 0.0, "Total Cost": 0.31, "Plan Rows": 2, "Plan Width": 12, "Index Cond": "(movie_id = mk.movie_id)", "Filter": "(note IS NULL)"}]}, {"Node Type": "Index Scan", "Parent Relationship": "Inner", "Scan Direction": "Forward", "Index Name": "company_name_pkey", "Relation Name": "company_name", "Alias": "cn", "Startup Cost": 0.0, "Total Cost": 0.29, "Plan Rows": 1, "Plan Width": 23, "Index Cond": "(id = mc.company_id)", "Filter": "(((country_code)::text <> '[pl]'::text) AND (((name)::text ~~ '%Film%'::text) OR ((name)::text ~~ '%Warner%'::text)))"}]}, {"Node Type": "Index Scan", "Parent Relationship": "Inner", "Scan Direction": "Forward", "Index Name": "company_type_pkey", "Relation Name": "company_type", "Alias": "ct", "Startup Cost": 0.0, "Total Cost": 0.27, "Plan Rows": 1, "Plan Width": 4, "Index Cond": "(id = mc.company_type_id)", "Filter": "((kind)::text = 'production companies'::text)"}]}, {"Node Type": "Index Scan", "Parent Relationship": "Inner", "Scan Direction": "Forward", "Index Name": "movie_id_movie_link", "Relation Name": "movie_link", "Alias": "ml", "Startup Cost": 0.0, "Total Cost": 0.35, "Plan Rows": 5, "Plan Width": 8, "Index Cond": "(movie_id = mk.movie_id)"}]}, {"Node Type": "Index Scan", "Parent Relationship": "Inner", "Scan Direction": "Forward", "Index Name": "link_type_pkey", "Relation Name": "link_type", "Alias": "lt", "Startup Cost": 0.0, "Total Cost": 0.27, "Plan Rows": 1, "Plan Width": 16, "Index Cond": "(id = ml.link_type_id)", "Filter": "((link)::text ~~ '%follows%'::text)"}]}]}, "Unique SQL Id": 4121279504}, "explain_analyze_plan": {"Plan": {"Node Type": "Aggregate", "Strategy": "Plain", "Startup Cost": 2585.63, "Total Cost": 2585.64, "Plan Rows": 1, "Plan Width": 144, "Actual Startup Time": 103.23, "Actual Total Time": 103.23, "Actual Rows": 1, "Actual Loops": 1, "Plans": [{"Node Type": "Nested Loop", "Parent Relationship": "Outer", "Join Type": "Inner", "Startup Cost": 0.0, "Total Cost": 2585.62, "Plan Rows": 1, "Plan Width": 48, "Actual Startup Time": 103.221, "Actual Total Time": 103.221, "Actual Rows": 0, "Actual Loops": 1, "Inner Unique": true, "Plans": [{"Node Type": "Nested Loop", "Parent Relationship": "Outer", "Join Type": "Inner", "Startup Cost": 0.0, "Total Cost": 2585.34, "Plan Rows": 1, "Plan Width": 40, "Actual Startup Time": 2.61, "Actual Total Time": 103.138, "Actual Rows": 38, "Actual Loops": 1, "Inner Unique": false, "Join Filter": "(t.id = ml.movie_id)", "Rows Removed by Join Filter": 0, "Plans": [{"Node Type": "Nested Loop", "Parent Relationship": "Outer", "Join Type": "Inner", "Startup Cost": 0.0, "Total Cost": 2584.93, "Plan Rows": 1, "Plan Width": 48, "Actual Startup Time": 2.599, "Actual Total Time": 103.092, "Actual Rows": 2, "Actual Loops": 1, "Inner Unique": true, "Plans": [{"Node Type": "Nested Loop", "Parent Relationship": "Outer", "Join Type": "Inner", "Startup Cost": 0.0, "Total Cost": 2584.64, "Plan Rows": 1, "Plan Width": 52, "Actual Startup Time": 2.592, "Actual Total Time": 103.081, "Actual Rows": 2, "Actual Loops": 1, "Inner Unique": true, "Plans": [{"Node Type": "Nested Loop", "Parent Relationship": "Outer", "Join Type": "Inner", "Startup Cost": 0.0, "Total Cost": 2584.35, "Plan Rows": 1, "Plan Width": 37, "Actual Startup Time": 2.578, "Actual Total Time": 103.051, "Actual Rows": 3, "Actual Loops": 1, "Inner Unique": false, "Join Filter": "(t.id = mc.movie_id)", "Rows Removed by Join Filter": 0, "Plans": [{"Node Type": "Nested Loop", "Parent Relationship": "Outer", "Join Type": "Inner", "Startup Cost": 0.0, "Total Cost": 2584.01, "Plan Rows": 1, "Plan Width": 25, "Actual Startup Time": 2.565, "Actual Total Time": 103.035, "Actual Rows": 1, "Actual Loops": 1, "Inner Unique": true, "Plans": [{"Node Type": "Nested Loop", "Parent Relationship": "Outer", "Join Type": "Inner", "Startup Cost": 0.0, "Total Cost": 2573.32, "Plan Rows": 33, "Plan Width": 4, "Actual Startup Time": 2.328, "Actual Total Time": 53.899, "Actual Rows": 10544, "Actual Loops": 1, "Inner Unique": false, "Plans": [{"Node Type": "Seq Scan", "Parent Relationship": "Outer", "Relation Name": "keyword", "Alias": "k", "Startup Cost": 0.0, "Total Cost": 2436.11, "Plan Rows": 1, "Plan Width": 4, "Actual Startup Time": 2.291, "Actual Total Time": 40.813, "Actual Rows": 1, "Actual Loops": 1, "Filter": "((keyword)::text = 'sequel'::text)", "Rows Removed by Filter": 134168}, {"Node Type": "Index Scan", "Parent Relationship": "Inner", "Scan Direction": "Forward", "Index Name": "keyword_id_movie_keyword", "Relation Name": "movie_keyword", "Alias": "mk", "Startup Cost": 0.0, "Total Cost": 136.88, "Plan Rows": 33, "Plan Width": 8, "Actual Startup Time": 0.031, "Actual Total Time": 10.818, "Actual Rows": 10544, "Actual Loops": 1, "Index Cond": "(keyword_id = k.id)", "Rows Removed by Index Recheck": 0}]}, {"Node Type": "Index Scan", "Parent Relationship": "Inner", "Scan Direction": "Forward", "Index Name": "title_pkey", "Relation Name": "title", "Alias": "t", "Startup Cost": 0.0, "Total Cost": 0.31, "Plan Rows": 1, "Plan Width": 21, "Actual Startup Time": 43.968, "Actual Total Time": 43.968, "Actual Rows": 1, "Actual Loops": 10544, "Index Cond": "(id = mk.movie_id)", "Rows Removed by Index Recheck": 0, "Filter": "(((title)::text ~~ '%Money%'::text) AND (production_year = 1998))", "Rows Removed by Filter": 10543}]}, {"Node Type": "Index Scan", "Parent Relationship": "Inner", "Scan Direction": "Forward", "Index Name": "movie_id_movie_companies", "Relation Name": "movie_companies", "Alias": "mc", "Startup Cost": 0.0, "Total Cost": 0.31, "Plan Rows": 2, "Plan Width": 12, "Actual Startup Time": 0.01, "Actual Total Time": 0.013, "Actual Rows": 3, "Actual Loops": 1, "Index Cond": "(movie_id = mk.movie_id)", "Rows Removed by Index Recheck": 0, "Filter": "(note IS NULL)", "Rows Removed by Filter": 1}]}, {"Node Type": "Index Scan", "Parent Relationship": "Inner", "Scan Direction": "Forward", "Index Name": "company_name_pkey", "Relation Name": "company_name", "Alias": "cn", "Startup Cost": 0.0, "Total Cost": 0.29, "Plan Rows": 1, "Plan Width": 23, "Actual Startup Time": 0.025, "Actual Total Time": 0.025, "Actual Rows": 2, "Actual Loops": 3, "Index Cond": "(id = mc.company_id)", "Rows Removed by Index Recheck": 0, "Filter": "(((country_code)::text <> '[pl]'::text) AND (((name)::text ~~ '%Film%'::text) OR ((name)::text ~~ '%Warner%'::text)))", "Rows Removed by Filter": 1}]}, {"Node Type": "Index Scan", "Parent Relationship": "Inner", "Scan Direction": "Forward", "Index Name": "company_type_pkey", "Relation Name": "company_type", "Alias": "ct", "Startup Cost": 0.0, "Total Cost": 0.27, "Plan Rows": 1, "Plan Width": 4, "Actual Startup Time": 0.007, "Actual Total Time": 0.007, "Actual Rows": 2, "Actual Loops": 2, "Index Cond": "(id = mc.company_type_id)", "Rows Removed by Index Recheck": 0, "Filter": "((kind)::text = 'production companies'::text)", "Rows Removed by Filter": 0}]}, {"Node Type": "Index Scan", "Parent Relationship": "Inner", "Scan Direction": "Forward", "Index Name": "movie_id_movie_link", "Relation Name": "movie_link", "Alias": "ml", "Startup Cost": 0.0, "Total Cost": 0.35, "Plan Rows": 5, "Plan Width": 8, "Actual Startup Time": 0.012, "Actual Total Time": 0.024, "Actual Rows": 38, "Actual Loops": 2, "Index Cond": "(movie_id = mk.movie_id)", "Rows Removed by Index Recheck": 0}]}, {"Node Type": "Index Scan", "Parent Relationship": "Inner", "Scan Direction": "Forward", "Index Name": "link_type_pkey", "Relation Name": "link_type", "Alias": "lt", "Startup Cost": 0.0, "Total Cost": 0.27, "Plan Rows": 1, "Plan Width": 16, "Actual Startup Time": 0.064, "Actual Total Time": 0.064, "Actual Rows": 0, "Actual Loops": 38, "Index Cond": "(id = ml.link_type_id)", "Rows Removed by Index Recheck": 0, "Filter": "((link)::text ~~ '%follows%'::text)", "Rows Removed by Filter": 24}]}]}, "Triggers": [], "Planner Runtime": 62.455, "Total Runtime": 103.577, "Unique SQL Id": 4121279504}}, "(1, 77)": {"explain_plan": {"Plan": {"Node Type": "Aggregate", "Strategy": "Plain", "Startup Cost": 3332.23, "Total Cost": 3332.24, "Plan Rows": 1, "Plan Width": 144, "Plans": [{"Node Type": "Nested Loop", "Parent Relationship": "Outer", "Join Type": "Inner", "Startup Cost": 0.0, "Total Cost": 3332.23, "Plan Rows": 1, "Plan Width": 48, "Inner Unique": true, "Plans": [{"Node Type": "Nested Loop", "Parent Relationship": "Outer", "Join Type": "Inner", "Startup Cost": 0.0, "Total Cost": 3331.94, "Plan Rows": 1, "Plan Width": 40, "Inner Unique": false, "Join Filter": "(t.id = ml.movie_id)", "Plans": [{"Node Type": "Nested Loop", "Parent Relationship": "Outer", "Join Type": "Inner", "Startup Cost": 0.0, "Total Cost": 3331.53, "Plan Rows": 1, "Plan Width": 48, "Inner Unique": true, "Plans": [{"Node Type": "Nested Loop", "Parent Relationship": "Outer", "Join Type": "Inner", "Startup Cost": 0.0, "Total Cost": 3331.25, "Plan Rows": 1, "Plan Width": 52, "Inner Unique": true, "Plans": [{"Node Type": "Nested Loop", "Parent Relationship": "Outer", "Join Type": "Inner", "Startup Cost": 0.0, "Total Cost": 3330.95, "Plan Rows": 1, "Plan Width": 37, "Inner Unique": false, "Join Filter": "(t.id = mc.movie_id)", "Plans": [{"Node Type": "Nested Loop", "Parent Relationship": "Outer", "Join Type": "Inner", "Startup Cost": 0.0, "Total Cost": 3330.61, "Plan Rows": 1, "Plan Width": 25, "Inner Unique": true, "Plans": [{"Node Type": "Nested Loop", "Parent Relationship": "Outer", "Join Type": "Inner", "Startup Cost": 0.0, "Total Cost": 3319.92, "Plan Rows": 33, "Plan Width": 4, "Inner Unique": false, "Plans": [{"Node Type": "Index Scan", "Parent Relationship": "Outer", "Scan Direction": "Forward", "Index Name": "keyword_pkey", "Relation Name": "keyword", "Alias": "k", "Startup Cost": 0.0, "Total Cost": 3182.72, "Plan Rows": 1, "Plan Width": 4, "Filter": "((keyword)::text = 'sequel'::text)"}, {"Node Type": "Index Scan", "Parent Relationship": "Inner", "Scan Direction": "Forward", "Index Name": "keyword_id_movie_keyword", "Relation Name": "movie_keyword", "Alias": "mk", "Startup Cost": 0.0, "Total Cost": 136.88, "Plan Rows": 33, "Plan Width": 8, "Index Cond": "(keyword_id = k.id)"}]}, {"Node Type": "Index Scan", "Parent Relationship": "Inner", "Scan Direction": "Forward", "Index Name": "title_pkey", "Relation Name": "title", "Alias": "t", "Startup Cost": 0.0, "Total Cost": 0.31, "Plan Rows": 1, "Plan Width": 21, "Index Cond": "(id = mk.movie_id)", "Filter": "(((title)::text ~~ '%Money%'::text) AND (production_year = 1998))"}]}, {"Node Type": "Index Scan", "Parent Relationship": "Inner", "Scan Direction": "Forward", "Index Name": "movie_id_movie_companies", "Relation Name": "movie_companies", "Alias": "mc", "Startup Cost": 0.0, "Total Cost": 0.31, "Plan Rows": 2, "Plan Width": 12, "Index Cond": "(movie_id = mk.movie_id)", "Filter": "(note IS NULL)"}]}, {"Node Type": "Index Scan", "Parent Relationship": "Inner", "Scan Direction": "Forward", "Index Name": "company_name_pkey", "Relation Name": "company_name", "Alias": "cn", "Startup Cost": 0.0, "Total Cost": 0.29, "Plan Rows": 1, "Plan Width": 23, "Index Cond": "(id = mc.company_id)", "Filter": "(((country_code)::text <> '[pl]'::text) AND (((name)::text ~~ '%Film%'::text) OR ((name)::text ~~ '%Warner%'::text)))"}]}, {"Node Type": "Index Scan", "Parent Relationship": "Inner", "Scan Direction": "Forward", "Index Name": "company_type_pkey", "Relation Name": "company_type", "Alias": "ct", "Startup Cost": 0.0, "Total Cost": 0.27, "Plan Rows": 1, "Plan Width": 4, "Index Cond": "(id = mc.company_type_id)", "Filter": "((kind)::text = 'production companies'::text)"}]}, {"Node Type": "Index Scan", "Parent Relationship": "Inner", "Scan Direction": "Forward", "Index Name": "movie_id_movie_link", "Relation Name": "movie_link", "Alias": "ml", "Startup Cost": 0.0, "Total Cost": 0.35, "Plan Rows": 5, "Plan Width": 8, "Index Cond": "(movie_id = mk.movie_id)"}]}, {"Node Type": "Index Scan", "Parent Relationship": "Inner", "Scan Direction": "Forward", "Index Name": "link_type_pkey", "Relation Name": "link_type", "Alias": "lt", "Startup Cost": 0.0, "Total Cost": 0.27, "Plan Rows": 1, "Plan Width": 16, "Index Cond": "(id = ml.link_type_id)", "Filter": "((link)::text ~~ '%follows%'::text)"}]}]}, "Unique SQL Id": 4121279504}, "explain_analyze_plan": {"Plan": {"Node Type": "Aggregate", "Strategy": "Plain", "Startup Cost": 3332.23, "Total Cost": 3332.24, "Plan Rows": 1, "Plan Width": 144, "Actual Startup Time": 176.653, "Actual Total Time": 176.654, "Actual Rows": 1, "Actual Loops": 1, "Plans": [{"Node Type": "Nested Loop", "Parent Relationship": "Outer", "Join Type": "Inner", "Startup Cost": 0.0, "Total Cost": 3332.23, "Plan Rows": 1, "Plan Width": 48, "Actual Startup Time": 176.642, "Actual Total Time": 176.642, "Actual Rows": 0, "Actual Loops": 1, "Inner Unique": true, "Plans": [{"Node Type": "Nested Loop", "Parent Relationship": "Outer", "Join Type": "Inner", "Startup Cost": 0.0, "Total Cost": 3331.94, "Plan Rows": 1, "Plan Width": 40, "Actual Startup Time": 0.743, "Actual Total Time": 176.562, "Actual Rows": 38, "Actual Loops": 1, "Inner Unique": false, "Join Filter": "(t.id = ml.movie_id)", "Rows Removed by Join Filter": 0, "Plans": [{"Node Type": "Nested Loop", "Parent Relationship": "Outer", "Join Type": "Inner", "Startup Cost": 0.0, "Total Cost": 3331.53, "Plan Rows": 1, "Plan Width": 48, "Actual Startup Time": 0.732, "Actual Total Time": 176.514, "Actual Rows": 2, "Actual Loops": 1, "Inner Unique": true, "Plans": [{"Node Type": "Nested Loop", "Parent Relationship": "Outer", "Join Type": "Inner", "Startup Cost": 0.0, "Total Cost": 3331.25, "Plan Rows": 1, "Plan Width": 52, "Actual Startup Time": 0.727, "Actual Total Time": 176.504, "Actual Rows": 2, "Actual Loops": 1, "Inner Unique": true, "Plans": [{"Node Type": "Nested Loop", "Parent Relationship": "Outer", "Join Type": "Inner", "Startup Cost": 0.0, "Total Cost": 3330.95, "Plan Rows": 1, "Plan Width": 37, "Actual Startup Time": 0.713, "Actual Total Time": 176.476, "Actual Rows": 3, "Actual Loops": 1, "Inner Unique": false, "Join Filter": "(t.id = mc.movie_id)", "Rows Removed by Join Filter": 0, "Plans": [{"Node Type": "Nested Loop", "Parent Relationship": "Outer", "Join Type": "Inner", "Startup Cost": 0.0, "Total Cost": 3330.61, "Plan Rows": 1, "Plan Width": 25, "Actual Startup Time": 0.696, "Actual Total Time": 176.455, "Actual Rows": 1, "Actual Loops": 1, "Inner Unique": true, "Plans": [{"Node Type": "Nested Loop", "Parent Relationship": "Outer", "Join Type": "Inner", "Startup Cost": 0.0, "Total Cost": 3319.92, "Plan Rows": 33, "Plan Width": 4, "Actual Startup Time": 0.47, "Actual Total Time": 126.57, "Actual Rows": 10544, "Actual Loops": 1, "Inner Unique": false, "Plans": [{"Node Type": "Index Scan", "Parent Relationship": "Outer", "Scan Direction": "Forward", "Index Name": "keyword_pkey", "Relation Name": "keyword", "Alias": "k", "Startup Cost": 0.0, "Total Cost": 3182.72, "Plan Rows": 1, "Plan Width": 4, "Actual Startup Time": 0.438, "Actual Total Time": 113.411, "Actual Rows": 1, "Actual Loops": 1, "Filter": "((keyword)::text = 'sequel'::text)", "Rows Removed by Filter": 134168}, {"Node Type": "Index Scan", "Parent Relationship": "Inner", "Scan Direction": "Forward", "Index Name": "keyword_id_movie_keyword", "Relation Name": "movie_keyword", "Alias": "mk", "Startup Cost": 0.0, "Total Cost": 136.88, "Plan Rows": 33, "Plan Width": 8, "Actual Startup Time": 0.027, "Actual Total Time": 10.895, "Actual Rows": 10544, "Actual Loops": 1, "Index Cond": "(keyword_id = k.id)", "Rows Removed by Index Recheck": 0}]}, {"Node Type": "Index Scan", "Parent Relationship": "Inner", "Scan Direction": "Forward", "Index Name": "title_pkey", "Relation Name": "title", "Alias": "t", "Startup Cost": 0.0, "Total Cost": 0.31, "Plan Rows": 1, "Plan Width": 21, "Actual Startup Time": 44.568, "Actual Total Time": 44.568, "Actual Rows": 1, "Actual Loops": 10544, "Index Cond": "(id = mk.movie_id)", "Rows Removed by Index Recheck": 0, "Filter": "(((title)::text ~~ '%Money%'::text) AND (production_year = 1998))", "Rows Removed by Filter": 10543}]}, {"Node Type": "Index Scan", "Parent Relationship": "Inner", "Scan Direction": "Forward", "Index Name": "movie_id_movie_companies", "Relation Name": "movie_companies", "Alias": "mc", "Startup Cost": 0.0, "Total Cost": 0.31, "Plan Rows": 2, "Plan Width": 12, "Actual Startup Time": 0.011, "Actual Total Time": 0.013, "Actual Rows": 3, "Actual Loops": 1, "Index Cond": "(movie_id = mk.movie_id)", "Rows Removed by Index Recheck": 0, "Filter": "(note IS NULL)", "Rows Removed by Filter": 1}]}, {"Node Type": "Index Scan", "Parent Relationship": "Inner", "Scan Direction": "Forward", "Index Name": "company_name_pkey", "Relation Name": "company_name", "Alias": "cn", "Startup Cost": 0.0, "Total Cost": 0.29, "Plan Rows": 1, "Plan Width": 23, "Actual Startup Time": 0.022, "Actual Total Time": 0.022, "Actual Rows": 2, "Actual Loops": 3, "Index Cond": "(id = mc.company_id)", "Rows Removed by Index Recheck": 0, "Filter": "(((country_code)::text <> '[pl]'::text) AND (((name)::text ~~ '%Film%'::text) OR ((name)::text ~~ '%Warner%'::text)))", "Rows Removed by Filter": 1}]}, {"Node Type": "Index Scan", "Parent Relationship": "Inner", "Scan Direction": "Forward", "Index Name": "company_type_pkey", "Relation Name": "company_type", "Alias": "ct", "Startup Cost": 0.0, "Total Cost": 0.27, "Plan Rows": 1, "Plan Width": 4, "Actual Startup Time": 0.006, "Actual Total Time": 0.006, "Actual Rows": 2, "Actual Loops": 2, "Index Cond": "(id = mc.company_type_id)", "Rows Removed by Index Recheck": 0, "Filter": "((kind)::text = 'production companies'::text)", "Rows Removed by Filter": 0}]}, {"Node Type": "Index Scan", "Parent Relationship": "Inner", "Scan Direction": "Forward", "Index Name": "movie_id_movie_link", "Relation Name": "movie_link", "Alias": "ml", "Startup Cost": 0.0, "Total Cost": 0.35, "Plan Rows": 5, "Plan Width": 8, "Actual Startup Time": 0.011, "Actual Total Time": 0.025, "Actual Rows": 38, "Actual Loops": 2, "Index Cond": "(movie_id = mk.movie_id)", "Rows Removed by Index Recheck": 0}]}, {"Node Type": "Index Scan", "Parent Relationship": "Inner", "Scan Direction": "Forward", "Index Name": "link_type_pkey", "Relation Name": "link_type", "Alias": "lt", "Startup Cost": 0.0, "Total Cost": 0.27, "Plan Rows": 1, "Plan Width": 16, "Actual Startup Time": 0.063, "Actual Total Time": 0.063, "Actual Rows": 0, "Actual Loops": 38, "Index Cond": "(id = ml.link_type_id)", "Rows Removed by Index Recheck": 0, "Filter": "((link)::text ~~ '%follows%'::text)", "Rows Removed by Filter": 24}]}]}, "Triggers": [], "Planner Runtime": 56.535, "Total Runtime": 177.003, "Unique SQL Id": 4121279504}}, "(1, 78)": {"explain_plan": {"Plan": {"Node Type": "Aggregate", "Strategy": "Plain", "Startup Cost": 202298.61, "Total Cost": 202298.62, "Plan Rows": 1, "Plan Width": 144, "Plans": [{"Node Type": "Hash Join", "Parent Relationship": "Outer", "Join Type": "Inner", "Startup Cost": 128518.72, "Total Cost": 202298.6, "Plan Rows": 1, "Plan Width": 48, "Inner Unique": true, "Hash Cond": "(mc.company_type_id = ct.id)", "Plans": [{"Node Type": "Hash Join", "Parent Relationship": "Outer", "Join Type": "Inner", "Startup Cost": 128517.67, "Total Cost": 202297.54, "Plan Rows": 1, "Plan Width": 52, "Inner Unique": false, "Hash Cond": "(t.id = ml.movie_id)", "Plans": [{"Node Type": "Hash Join", "Parent Relationship": "Outer", "Join Type": "Inner", "Startup Cost": 127968.12, "Total Cost": 201747.93, "Plan Rows": 1, "Plan Width": 52, "Inner Unique": false, "Hash Cond": "(mk.movie_id = t.id)", "Plans": [{"Node Type": "Hash Join", "Parent Relationship": "Outer", "Join Type": "Inner", "Startup Cost": 2436.12, "Total Cost": 76215.84, "Plan Rows": 33, "Plan Width": 4, "Inner Unique": true, "Hash Cond": "(mk.keyword_id = k.id)", "Plans": [{"Node Type": "Seq Scan", "Parent Relationship": "Outer", "Relation Name": "movie_keyword", "Alias": "mk", "Startup Cost": 0.0, "Total Cost": 62441.29, "Plan Rows": 4523929, "Plan Width": 8}, {"Node Type": "Hash", "Parent Relationship": "Inner", "Startup Cost": 2436.11, "Total Cost": 2436.11, "Plan Rows": 1, "Plan Width": 4, "Plans": [{"Node Type": "Seq Scan", "Parent Relationship": "Outer", "Relation Name": "keyword", "Alias": "k", "Startup Cost": 0.0, "Total Cost": 2436.11, "Plan Rows": 1, "Plan Width": 4, "Filter": "((keyword)::text = 'sequel'::text)"}]}]}, {"Node Type": "Hash", "Parent Relationship": "Inner", "Startup Cost": 125531.97, "Total Cost": 125531.97, "Plan Rows": 2, "Plan Width": 48, "Plans": [{"Node Type": "Hash Join", "Parent Relationship": "Outer", "Join Type": "Inner", "Startup Cost": 80509.13, "Total Cost": 125531.97, "Plan Rows": 2, "Plan Width": 48, "Inner Unique": true, "Hash Cond": "(mc.company_id = cn.id)", "Plans": [{"Node Type": "Hash Join", "Parent Relationship": "Outer", "Join Type": "Inner", "Startup Cost": 72710.72, "Total Cost": 117733.51, "Plan Rows": 6, "Plan Width": 33, "Inner Unique": true, "Hash Cond": "(mc.movie_id = t.id)", "Plans": [{"Node Type": "Seq Scan", "Parent Relationship": "Outer", "Relation Name": "movie_companies", "Alias": "mc", "Startup Cost": 0.0, "Total Cost": 41817.28, "Plan Rows": 1269486, "Plan Width": 12, "Filter": "(note IS NULL), (LLVM Optimized)"}, {"Node Type": "Hash", "Parent Relationship": "Inner", "Startup Cost": 72710.67, "Total Cost": 72710.67, "Plan Rows": 4, "Plan Width": 21, "Plans": [{"Node Type": "Seq Scan", "Parent Relationship": "Outer", "Relation Name": "title", "Alias": "t", "Startup Cost": 0.0, "Total Cost": 72710.67, "Plan Rows": 4, "Plan Width": 21, "Filter": "(((title)::text ~~ '%Money%'::text) AND (production_year = 1998))"}]}]}, {"Node Type": "Hash", "Parent Relationship": "Inner", "Startup Cost": 7078.43, "Total Cost": 7078.43, "Plan Rows": 57599, "Plan Width": 23, "Plans": [{"Node Type": "Seq Scan", "Parent Relationship": "Outer", "Relation Name": "company_name", "Alias": "cn", "Startup Cost": 0.0, "Total Cost": 7078.43, "Plan Rows": 57599, "Plan Width": 23, "Filter": "(((country_code)::text <> '[pl]'::text) AND (((name)::text ~~ '%Film%'::text) OR ((name)::text ~~ '%Warner%'::text)))"}]}]}]}]}, {"Node Type": "Hash", "Parent Relationship": "Inner", "Startup Cost": 526.11, "Total Cost": 526.11, "Plan Rows": 1875, "Plan Width": 16, "Plans": [{"Node Type": "Hash Join", "Parent Relationship": "Outer", "Join Type": "Inner", "Startup Cost": 1.22, "Total Cost": 526.11, "Plan Rows": 1875, "Plan Width": 16, "Inner Unique": true, "Hash Cond": "(ml.link_type_id = lt.id)", "Plans": [{"Node Type": "Seq Scan", "Parent Relationship": "Outer", "Relation Name": "movie_link", "Alias": "ml", "Startup Cost": 0.0, "Total Cost": 430.96, "Plan Rows": 29996, "Plan Width": 8}, {"Node Type": "Hash", "Parent Relationship": "Inner", "Startup Cost": 1.21, "Total Cost": 1.21, "Plan Rows": 1, "Plan Width": 16, "Plans": [{"Node Type": "Seq Scan", "Parent Relationship": "Outer", "Relation Name": "link_type", "Alias": "lt", "Startup Cost": 0.0, "Total Cost": 1.21, "Plan Rows": 1, "Plan Width": 16, "Filter": "((link)::text ~~ '%follows%'::text)"}]}]}]}]}, {"Node Type": "Hash", "Parent Relationship": "Inner", "Startup Cost": 1.04, "Total Cost": 1.04, "Plan Rows": 1, "Plan Width": 4, "Plans": [{"Node Type": "Seq Scan", "Parent Relationship": "Outer", "Relation Name": "company_type", "Alias": "ct", "Startup Cost": 0.0, "Total Cost": 1.04, "Plan Rows": 1, "Plan Width": 4, "Filter": "((kind)::text = 'production companies'::text)"}]}]}]}, "Unique SQL Id": 4121279504}, "explain_analyze_plan": {"Plan": {"Node Type": "Aggregate", "Strategy": "Plain", "Startup Cost": 202298.61, "Total Cost": 202298.62, "Plan Rows": 1, "Plan Width": 144, "Actual Startup Time": 0.234, "Actual Total Time": 0.235, "Actual Rows": 1, "Actual Loops": 1, "Plans": [{"Node Type": "Hash Join", "Parent Relationship": "Outer", "Join Type": "Inner", "Startup Cost": 128518.72, "Total Cost": 202298.6, "Plan Rows": 1, "Plan Width": 48, "Actual Startup Time": 0.226, "Actual Total Time": 0.226, "Actual Rows": 0, "Actual Loops": 1, "Inner Unique": true, "Hash Cond": "(mc.company_type_id = ct.id)", "Plans": [{"Node Type": "Hash Join", "Parent Relationship": "Outer", "Join Type": "Inner", "Startup Cost": 128517.67, "Total Cost": 202297.54, "Plan Rows": 1, "Plan Width": 52, "Actual Startup Time": 0.135, "Actual Total Time": 0.135, "Actual Rows": 0, "Actual Loops": 1, "Inner Unique": false, "Hash Cond": "(t.id = ml.movie_id)", "Plans": [{"Node Type": "Hash Join", "Parent Relationship": "Outer", "Join Type": "Inner", "Startup Cost": 127968.12, "Total Cost": 201747.93, "Plan Rows": 1, "Plan Width": 52, "Actual Startup Time": 0.0, "Actual Total Time": 0.0, "Inner Unique": false, "Hash Cond": "(mk.movie_id = t.id)", "Plans": [{"Node Type": "Hash Join", "Parent Relationship": "Outer", "Join Type": "Inner", "Startup Cost": 2436.12, "Total Cost": 76215.84, "Plan Rows": 33, "Plan Width": 4, "Actual Startup Time": 0.0, "Actual Total Time": 0.0, "Inner Unique": true, "Hash Cond": "(mk.keyword_id = k.id)", "Plans": [{"Node Type": "Seq Scan", "Parent Relationship": "Outer", "Relation Name": "movie_keyword", "Alias": "mk", "Startup Cost": 0.0, "Total Cost": 62441.29, "Plan Rows": 4523929, "Plan Width": 8, "Actual Startup Time": 0.0, "Actual Total Time": 0.0}, {"Node Type": "Hash", "Parent Relationship": "Inner", "Startup Cost": 2436.11, "Total Cost": 2436.11, "Plan Rows": 1, "Plan Width": 4, "Actual Startup Time": 0.0, "Actual Total Time": 0.0, "Hash Buckets": 0, "Hash Batches": 0, "Original Hash Batches": 0, "Peak Memory Usage": 0, "Plans": [{"Node Type": "Seq Scan", "Parent Relationship": "Outer", "Relation Name": "keyword", "Alias": "k", "Startup Cost": 0.0, "Total Cost": 2436.11, "Plan Rows": 1, "Plan Width": 4, "Actual Startup Time": 0.0, "Actual Total Time": 0.0, "Filter": "((keyword)::text = 'sequel'::text)", "Rows Removed by Filter": 0}]}]}, {"Node Type": "Hash", "Parent Relationship": "Inner", "Startup Cost": 125531.97, "Total Cost": 125531.97, "Plan Rows": 2, "Plan Width": 48, "Actual Startup Time": 0.0, "Actual Total Time": 0.0, "Hash Buckets": 0, "Hash Batches": 0, "Original Hash Batches": 0, "Peak Memory Usage": 0, "Plans": [{"Node Type": "Hash Join", "Parent Relationship": "Outer", "Join Type": "Inner", "Startup Cost": 80509.13, "Total Cost": 125531.97, "Plan Rows": 2, "Plan Width": 48, "Actual Startup Time": 0.0, "Actual Total Time": 0.0, "Inner Unique": true, "Hash Cond": "(mc.company_id = cn.id)", "Plans": [{"Node Type": "Hash Join", "Parent Relationship": "Outer", "Join Type": "Inner", "Startup Cost": 72710.72, "Total Cost": 117733.51, "Plan Rows": 6, "Plan Width": 33, "Actual Startup Time": 0.0, "Actual Total Time": 0.0, "Inner Unique": true, "Hash Cond": "(mc.movie_id = t.id)", "Plans": [{"Node Type": "Seq Scan", "Parent Relationship": "Outer", "Relation Name": "movie_companies", "Alias": "mc", "Startup Cost": 0.0, "Total Cost": 41817.28, "Plan Rows": 1269486, "Plan Width": 12, "Actual Startup Time": 0.0, "Actual Total Time": 0.0, "Filter": "(note IS NULL), (LLVM Optimized)", "Rows Removed by Filter": 0}, {"Node Type": "Hash", "Parent Relationship": "Inner", "Startup Cost": 72710.67, "Total Cost": 72710.67, "Plan Rows": 4, "Plan Width": 21, "Actual Startup Time": 0.0, "Actual Total Time": 0.0, "Hash Buckets": 0, "Hash Batches": 0, "Original Hash Batches": 0, "Peak Memory Usage": 0, "Plans": [{"Node Type": "Seq Scan", "Parent Relationship": "Outer", "Relation Name": "title", "Alias": "t", "Startup Cost": 0.0, "Total Cost": 72710.67, "Plan Rows": 4, "Plan Width": 21, "Actual Startup Time": 0.0, "Actual Total Time": 0.0, "Filter": "(((title)::text ~~ '%Money%'::text) AND (production_year = 1998))", "Rows Removed by Filter": 0}]}]}, {"Node Type": "Hash", "Parent Relationship": "Inner", "Startup Cost": 7078.43, "Total Cost": 7078.43, "Plan Rows": 57599, "Plan Width": 23, "Actual Startup Time": 0.0, "Actual Total Time": 0.0, "Hash Buckets": 0, "Hash Batches": 0, "Original Hash Batches": 0, "Peak Memory Usage": 0, "Plans": [{"Node Type": "Seq Scan", "Parent Relationship": "Outer", "Relation Name": "company_name", "Alias": "cn", "Startup Cost": 0.0, "Total Cost": 7078.43, "Plan Rows": 57599, "Plan Width": 23, "Actual Startup Time": 0.0, "Actual Total Time": 0.0, "Filter": "(((country_code)::text <> '[pl]'::text) AND (((name)::text ~~ '%Film%'::text) OR ((name)::text ~~ '%Warner%'::text)))", "Rows Removed by Filter": 0}]}]}]}]}, {"Node Type": "Hash", "Parent Relationship": "Inner", "Startup Cost": 526.11, "Total Cost": 526.11, "Plan Rows": 1875, "Plan Width": 16, "Actual Startup Time": 0.084, "Actual Total Time": 0.084, "Actual Rows": 0, "Actual Loops": 1, "Hash Buckets": 32768, "Hash Batches": 1, "Original Hash Batches": 1, "Peak Memory Usage": 0, "Plans": [{"Node Type": "Hash Join", "Parent Relationship": "Outer", "Join Type": "Inner", "Startup Cost": 1.22, "Total Cost": 526.11, "Plan Rows": 1875, "Plan Width": 16, "Actual Startup Time": 0.084, "Actual Total Time": 0.084, "Actual Rows": 0, "Actual Loops": 1, "Inner Unique": true, "Hash Cond": "(ml.link_type_id = lt.id)", "Plans": [{"Node Type": "Seq Scan", "Parent Relationship": "Outer", "Relation Name": "movie_link", "Alias": "ml", "Startup Cost": 0.0, "Total Cost": 430.96, "Plan Rows": 29996, "Plan Width": 8, "Actual Startup Time": 0.036, "Actual Total Time": 0.036, "Actual Rows": 1, "Actual Loops": 1}, {"Node Type": "Hash", "Parent Relationship": "Inner", "Startup Cost": 1.21, "Total Cost": 1.21, "Plan Rows": 1, "Plan Width": 16, "Actual Startup Time": 0.017, "Actual Total Time": 0.017, "Actual Rows": 0, "Actual Loops": 1, "Hash Buckets": 32768, "Hash Batches": 1, "Original Hash Batches": 1, "Peak Memory Usage": 0, "Plans": [{"Node Type": "Seq Scan", "Parent Relationship": "Outer", "Relation Name": "link_type", "Alias": "lt", "Startup Cost": 0.0, "Total Cost": 1.21, "Plan Rows": 1, "Plan Width": 16, "Actual Startup Time": 0.016, "Actual Total Time": 0.016, "Actual Rows": 0, "Actual Loops": 1, "Filter": "((link)::text ~~ '%follows%'::text)", "Rows Removed by Filter": 17}]}]}]}]}, {"Node Type": "Hash", "Parent Relationship": "Inner", "Startup Cost": 1.04, "Total Cost": 1.04, "Plan Rows": 1, "Plan Width": 4, "Actual Startup Time": 0.045, "Actual Total Time": 0.045, "Actual Rows": 1, "Actual Loops": 1, "Hash Buckets": 32768, "Hash Batches": 1, "Original Hash Batches": 1, "Peak Memory Usage": 1, "Plans": [{"Node Type": "Seq Scan", "Parent Relationship": "Outer", "Relation Name": "company_type", "Alias": "ct", "Startup Cost": 0.0, "Total Cost": 1.04, "Plan Rows": 1, "Plan Width": 4, "Actual Startup Time": 0.031, "Actual Total Time": 0.034, "Actual Rows": 1, "Actual Loops": 1, "Filter": "((kind)::text = 'production companies'::text)", "Rows Removed by Filter": 2}]}]}]}, "Triggers": [], "Planner Runtime": 101.82, "Total Runtime": 9.742, "Unique SQL Id": 4121279504}}, "(1, 79)": {"explain_plan": {"Plan": {"Node Type": "Aggregate", "Strategy": "Plain", "Startup Cost": 4403914050540.74, "Total Cost": 4403914050540.75, "Plan Rows": 1, "Plan Width": 144, "Plans": [{"Node Type": "Nested Loop", "Parent Relationship": "Outer", "Join Type": "Inner", "Startup Cost": 1091580966363.77, "Total Cost": 4403914050540.73, "Plan Rows": 1, "Plan Width": 48, "Inner Unique": true, "Plans": [{"Node Type": "Hash Join", "Parent Relationship": "Outer", "Join Type": "Inner", "Startup Cost": 1081580966363.77, "Total Cost": 3403914050511.91, "Plan Rows": 1, "Plan Width": 33, "Inner Unique": true, "Hash Cond": "(ml.link_type_id = lt.id)", "Plans": [{"Node Type": "Merge Join", "Parent Relationship": "Outer", "Join Type": "Inner", "Startup Cost": 81580965109.01, "Total Cost": 2403914049257.13, "Plan Rows": 3, "Plan Width": 25, "Inner Unique": false, "Merge Cond": "(mk.movie_id = ml.movie_id)", "Plans": [{"Node Type": "Merge Join", "Parent Relationship": "Outer", "Join Type": "Inner", "Startup Cost": 61580965109.01, "Total Cost": 40200287591422.09, "Plan Rows": 37, "Plan Width": 12, "Inner Unique": false, "Merge Cond": "(mc.movie_id = mk.movie_id)", "Plans": [{"Node Type": "Nested Loop", "Parent Relationship": "Outer", "Join Type": "Inner", "Startup Cost": 30000000000.0, "Total Cost": 20100130722186.7, "Plan Rows": 634743, "Plan Width": 8, "Inner Unique": true, "Join Filter": "(ct.id = mc.company_type_id), (LLVM Optimized)", "Plans": [{"Node Type": "Index Scan", "Parent Relationship": "Outer", "Scan Direction": "Forward", "Index Name": "movie_id_movie_companies", "Relation Name": "movie_companies", "Alias": "mc", "Startup Cost": 10000000000.0, "Total Cost": 1000013051946.13, "Plan Rows": 1269486, "Plan Width": 12, "Filter": "(note IS NULL), (LLVM Optimized)"}, {"Node Type": "Materialize", "Parent Relationship": "Inner", "Startup Cost": 10000000000.0, "Total Cost": 1000000001230.26, "Plan Rows": 1, "Plan Width": 4, "Plans": [{"Node Type": "Index Scan", "Parent Relationship": "Outer", "Scan Direction": "Forward", "Index Name": "company_type_pkey", "Relation Name": "company_type", "Alias": "ct", "Startup Cost": 10000000000.0, "Total Cost": 1000000001230.25, "Plan Rows": 1, "Plan Width": 4, "Filter": "((kind)::text = 'production companies'::text)"}]}]}, {"Node Type": "Materialize", "Parent Relationship": "Inner", "Startup Cost": 30000000000.0, "Total Cost": 20100156867647.98, "Plan Rows": 33, "Plan Width": 4, "Plans": [{"Node Type": "Nested Loop", "Parent Relationship": "Outer", "Join Type": "Inner", "Startup Cost": 30000000000.0, "Total Cost": 20100156867647.9, "Plan Rows": 33, "Plan Width": 4, "Inner Unique": true, "Join Filter": "(k.id = mk.keyword_id)", "Plans": [{"Node Type": "Index Scan", "Parent Relationship": "Outer", "Scan Direction": "Forward", "Index Name": "movie_id_movie_keyword", "Relation Name": "movie_keyword", "Alias": "mk", "Startup Cost": 10000000000.0, "Total Cost": 1000015300634.17, "Plan Rows": 4523929, "Plan Width": 8}, {"Node Type": "Materialize", "Parent Relationship": "Inner", "Startup Cost": 10000000000.0, "Total Cost": 1000000318271.69, "Plan Rows": 1, "Plan Width": 4, "Plans": [{"Node Type": "Index Scan", "Parent Relationship": "Outer", "Scan Direction": "Forward", "Index Name": "keyword_pkey", "Relation Name": "keyword", "Alias": "k", "Startup Cost": 10000000000.0, "Total Cost": 1000000318271.68, "Plan Rows": 1, "Plan Width": 4, "Filter": "((keyword)::text = 'sequel'::text)"}]}]}]}]}, {"Node Type": "Materialize", "Parent Relationship": "Inner", "Startup Cost": 20000000000.0, "Total Cost": 1257503175328.76, "Plan Rows": 19, "Plan Width": 29, "Plans": [{"Node Type": "Merge Join", "Parent Relationship": "Outer", "Join Type": "Inner", "Startup Cost": 20000000000.0, "Total Cost": 1257503175328.72, "Plan Rows": 19, "Plan Width": 29, "Inner Unique": true, "Merge Cond": "(ml.movie_id = t.id)", "Plans": [{"Node Type": "Index Scan", "Parent Relationship": "Outer", "Scan Direction": "Forward", "Index Name": "movie_id_movie_link", "Relation Name": "movie_link", "Alias": "ml", "Startup Cost": 10000000000.0, "Total Cost": 1000000106202.37, "Plan Rows": 29996, "Plan Width": 8}, {"Node Type": "Materialize", "Parent Relationship": "Inner", "Startup Cost": 10000000000.0, "Total Cost": 1000012276204.42, "Plan Rows": 4, "Plan Width": 21, "Plans": [{"Node Type": "Index Scan", "Parent Relationship": "Outer", "Scan Direction": "Forward", "Index Name": "title_pkey", "Relation Name": "title", "Alias": "t", "Startup Cost": 10000000000.0, "Total Cost": 1000012276204.41, "Plan Rows": 4, "Plan Width": 21, "Filter": "(((title)::text ~~ '%Money%'::text) AND (production_year = 1998))"}]}]}]}]}, {"Node Type": "Hash", "Parent Relationship": "Inner", "Startup Cost": 1000000001254.75, "Total Cost": 1000000001254.75, "Plan Rows": 1, "Plan Width": 16, "Plans": [{"Node Type": "Index Scan", "Parent Relationship": "Outer", "Scan Direction": "Forward", "Index Name": "link_type_pkey", "Relation Name": "link_type", "Alias": "lt", "Startup Cost": 10000000000.0, "Total Cost": 1000000001254.75, "Plan Rows": 1, "Plan Width": 16, "Filter": "((link)::text ~~ '%follows%'::text)"}]}]}, {"Node Type": "Index Scan", "Parent Relationship": "Inner", "Scan Direction": "Forward", "Index Name": "company_name_pkey", "Relation Name": "company_name", "Alias": "cn", "Startup Cost": 10000000000.0, "Total Cost": 1000000000028.81, "Plan Rows": 1, "Plan Width": 23, "Index Cond": "(id = mc.company_id)", "Filter": "(((country_code)::text <> '[pl]'::text) AND (((name)::text ~~ '%Film%'::text) OR ((name)::text ~~ '%Warner%'::text)))"}]}]}, "Unique SQL Id": 4121279504}, "explain_analyze_plan": {"Plan": {"Node Type": "Aggregate", "Strategy": "Plain", "Startup Cost": 4403914050540.74, "Total Cost": 4403914050540.75, "Plan Rows": 1, "Plan Width": 144, "Actual Startup Time": 443.893, "Actual Total Time": 443.894, "Actual Rows": 1, "Actual Loops": 1, "Plans": [{"Node Type": "Nested Loop", "Parent Relationship": "Outer", "Join Type": "Inner", "Startup Cost": 1091580966363.77, "Total Cost": 4403914050540.73, "Plan Rows": 1, "Plan Width": 48, "Actual Startup Time": 443.882, "Actual Total Time": 443.882, "Actual Rows": 0, "Actual Loops": 1, "Inner Unique": true, "Plans": [{"Node Type": "Hash Join", "Parent Relationship": "Outer", "Join Type": "Inner", "Startup Cost": 1081580966363.77, "Total Cost": 3403914050511.91, "Plan Rows": 1, "Plan Width": 33, "Actual Startup Time": 443.845, "Actual Total Time": 443.845, "Actual Rows": 0, "Actual Loops": 1, "Inner Unique": true, "Hash Cond": "(ml.link_type_id = lt.id)", "Plans": [{"Node Type": "Merge Join", "Parent Relationship": "Outer", "Join Type": "Inner", "Startup Cost": 81580965109.01, "Total Cost": 2403914049257.13, "Plan Rows": 3, "Plan Width": 25, "Actual Startup Time": 443.716, "Actual Total Time": 443.716, "Actual Rows": 1, "Actual Loops": 1, "Inner Unique": false, "Merge Cond": "(mk.movie_id = ml.movie_id)", "Plans": [{"Node Type": "Merge Join", "Parent Relationship": "Outer", "Join Type": "Inner", "Startup Cost": 61580965109.01, "Total Cost": 40200287591422.09, "Plan Rows": 37, "Plan Width": 12, "Actual Startup Time": 117.275, "Actual Total Time": 245.943, "Actual Rows": 69, "Actual Loops": 1, "Inner Unique": false, "Merge Cond": "(mc.movie_id = mk.movie_id)", "Plans": [{"Node Type": "Nested Loop", "Parent Relationship": "Outer", "Join Type": "Inner", "Startup Cost": 30000000000.0, "Total Cost": 20100130722186.7, "Plan Rows": 634743, "Plan Width": 8, "Actual Startup Time": 0.075, "Actual Total Time": 58.37, "Actual Rows": 32455, "Actual Loops": 1, "Inner Unique": true, "Join Filter": "(ct.id = mc.company_type_id), (LLVM Optimized, Jit Execute)", "Rows Removed by Join Filter": 1034, "Plans": [{"Node Type": "Index Scan", "Parent Relationship": "Outer", "Scan Direction": "Forward", "Index Name": "movie_id_movie_companies", "Relation Name": "movie_companies", "Alias": "mc", "Startup Cost": 10000000000.0, "Total Cost": 1000013051946.13, "Plan Rows": 1269486, "Plan Width": 12, "Actual Startup Time": 0.048, "Actual Total Time": 41.326, "Actual Rows": 33489, "Actual Loops": 1, "Filter": "(note IS NULL), (LLVM Optimized, Jit Execute)", "Rows Removed by Filter": 34709}, {"Node Type": "Materialize", "Parent Relationship": "Inner", "Startup Cost": 10000000000.0, "Total Cost": 1000000001230.26, "Plan Rows": 1, "Plan Width": 4, "Actual Startup Time": 2.986, "Actual Total Time": 3.091, "Actual Rows": 33489, "Actual Loops": 33489, "Plans": [{"Node Type": "Index Scan", "Parent Relationship": "Outer", "Scan Direction": "Forward", "Index Name": "company_type_pkey", "Relation Name": "company_type", "Alias": "ct", "Startup Cost": 10000000000.0, "Total Cost": 1000000001230.25, "Plan Rows": 1, "Plan Width": 4, "Actual Startup Time": 0.013, "Actual Total Time": 0.017, "Actual Rows": 1, "Actual Loops": 1, "Filter": "((kind)::text = 'production companies'::text)", "Rows Removed by Filter": 2}]}]}, {"Node Type": "Materialize", "Parent Relationship": "Inner", "Startup Cost": 30000000000.0, "Total Cost": 20100156867647.98, "Plan Rows": 33, "Plan Width": 4, "Actual Startup Time": 116.257, "Actual Total Time": 183.379, "Actual Rows": 73, "Actual Loops": 1, "Plans": [{"Node Type": "Nested Loop", "Parent Relationship": "Outer", "Join Type": "Inner", "Startup Cost": 30000000000.0, "Total Cost": 20100156867647.9, "Plan Rows": 33, "Plan Width": 4, "Actual Startup Time": 116.247, "Actual Total Time": 183.344, "Actual Rows": 30, "Actual Loops": 1, "Inner Unique": true, "Join Filter": "(k.id = mk.keyword_id)", "Rows Removed by Join Filter": 69385, "Plans": [{"Node Type": "Index Scan", "Parent Relationship": "Outer", "Scan Direction": "Forward", "Index Name": "movie_id_movie_keyword", "Relation Name": "movie_keyword", "Alias": "mk", "Startup Cost": 10000000000.0, "Total Cost": 1000015300634.17, "Plan Rows": 4523929, "Plan Width": 8, "Actual Startup Time": 0.023, "Actual Total Time": 27.713, "Actual Rows": 69415, "Actual Loops": 1}, {"Node Type": "Materialize", "Parent Relationship": "Inner", "Startup Cost": 10000000000.0, "Total Cost": 1000000318271.69, "Plan Rows": 1, "Plan Width": 4, "Actual Startup Time": 6.12, "Actual Total Time": 127.12, "Actual Rows": 69415, "Actual Loops": 69415, "Plans": [{"Node Type": "Index Scan", "Parent Relationship": "Outer", "Scan Direction": "Forward", "Index Name": "keyword_pkey", "Relation Name": "keyword", "Alias": "k", "Startup Cost": 10000000000.0, "Total Cost": 1000000318271.68, "Plan Rows": 1, "Plan Width": 4, "Actual Startup Time": 0.435, "Actual Total Time": 115.635, "Actual Rows": 1, "Actual Loops": 1, "Filter": "((keyword)::text = 'sequel'::text)", "Rows Removed by Filter": 134168}]}]}]}]}, {"Node Type": "Materialize", "Parent Relationship": "Inner", "Startup Cost": 20000000000.0, "Total Cost": 1257503175328.76, "Plan Rows": 19, "Plan Width": 29, "Actual Startup Time": 197.754, "Actual Total Time": 197.754, "Actual Rows": 1, "Actual Loops": 1, "Plans": [{"Node Type": "Merge Join", "Parent Relationship": "Outer", "Join Type": "Inner", "Startup Cost": 20000000000.0, "Total Cost": 1257503175328.72, "Plan Rows": 19, "Plan Width": 29, "Actual Startup Time": 197.748, "Actual Total Time": 197.748, "Actual Rows": 1, "Actual Loops": 1, "Inner Unique": true, "Merge Cond": "(ml.movie_id = t.id)", "Plans": [{"Node Type": "Index Scan", "Parent Relationship": "Outer", "Scan Direction": "Forward", "Index Name": "movie_id_movie_link", "Relation Name": "movie_link", "Alias": "ml", "Startup Cost": 10000000000.0, "Total Cost": 1000000106202.37, "Plan Rows": 29996, "Plan Width": 8, "Actual Startup Time": 0.027, "Actual Total Time": 9.937, "Actual Rows": 25481, "Actual Loops": 1}, {"Node Type": "Materialize", "Parent Relationship": "Inner", "Startup Cost": 10000000000.0, "Total Cost": 1000012276204.42, "Plan Rows": 4, "Plan Width": 21, "Actual Startup Time": 184.076, "Actual Total Time": 184.076, "Actual Rows": 1, "Actual Loops": 1, "Plans": [{"Node Type": "Index Scan", "Parent Relationship": "Outer", "Scan Direction": "Forward", "Index Name": "title_pkey", "Relation Name": "title", "Alias": "t", "Startup Cost": 10000000000.0, "Total Cost": 1000012276204.41, "Plan Rows": 4, "Plan Width": 21, "Actual Startup Time": 184.075, "Actual Total Time": 184.075, "Actual Rows": 1, "Actual Loops": 1, "Filter": "(((title)::text ~~ '%Money%'::text) AND (production_year = 1998))", "Rows Removed by Filter": 138931}]}]}]}]}, {"Node Type": "Hash", "Parent Relationship": "Inner", "Startup Cost": 1000000001254.75, "Total Cost": 1000000001254.75, "Plan Rows": 1, "Plan Width": 16, "Actual Startup Time": 0.053, "Actual Total Time": 0.053, "Actual Rows": 0, "Actual Loops": 1, "Hash Buckets": 32768, "Hash Batches": 1, "Original Hash Batches": 1, "Peak Memory Usage": 0, "Plans": [{"Node Type": "Index Scan", "Parent Relationship": "Outer", "Scan Direction": "Forward", "Index Name": "link_type_pkey", "Relation Name": "link_type", "Alias": "lt", "Startup Cost": 10000000000.0, "Total Cost": 1000000001254.75, "Plan Rows": 1, "Plan Width": 16, "Actual Startup Time": 0.048, "Actual Total Time": 0.048, "Actual Rows": 0, "Actual Loops": 1, "Filter": "((link)::text ~~ '%follows%'::text)", "Rows Removed by Filter": 17}]}]}, {"Node Type": "Index Scan", "Parent Relationship": "Inner", "Scan Direction": "Forward", "Index Name": "company_name_pkey", "Relation Name": "company_name", "Alias": "cn", "Startup Cost": 10000000000.0, "Total Cost": 1000000000028.81, "Plan Rows": 1, "Plan Width": 23, "Actual Startup Time": 0.0, "Actual Total Time": 0.0, "Index Cond": "(id = mc.company_id)", "Rows Removed by Index Recheck": 0, "Filter": "(((country_code)::text <> '[pl]'::text) AND (((name)::text ~~ '%Film%'::text) OR ((name)::text ~~ '%Warner%'::text)))", "Rows Removed by Filter": 0}]}]}, "Triggers": [], "Planner Runtime": 146.793, "Total Runtime": 453.605, "Unique SQL Id": 4121279504}}, "(1, 80)": {"explain_plan": {"Plan": {"Node Type": "Aggregate", "Strategy": "Plain", "Startup Cost": 2581.34, "Total Cost": 2581.35, "Plan Rows": 1, "Plan Width": 144, "Plans": [{"Node Type": "Nested Loop", "Parent Relationship": "Outer", "Join Type": "Inner", "Startup Cost": 4.51, "Total Cost": 2581.33, "Plan Rows": 1, "Plan Width": 48, "Inner Unique": true, "Plans": [{"Node Type": "Nested Loop", "Parent Relationship": "Outer", "Join Type": "Inner", "Startup Cost": 4.51, "Total Cost": 2581.05, "Plan Rows": 1, "Plan Width": 40, "Inner Unique": false, "Join Filter": "(t.id = ml.movie_id)", "Plans": [{"Node Type": "Nested Loop", "Parent Relationship": "Outer", "Join Type": "Inner", "Startup Cost": 4.51, "Total Cost": 2580.63, "Plan Rows": 1, "Plan Width": 48, "Inner Unique": true, "Plans": [{"Node Type": "Nested Loop", "Parent Relationship": "Outer", "Join Type": "Inner", "Startup Cost": 4.51, "Total Cost": 2580.35, "Plan Rows": 1, "Plan Width": 52, "Inner Unique": true, "Plans": [{"Node Type": "Nested Loop", "Parent Relationship": "Outer", "Join Type": "Inner", "Startup Cost": 4.51, "Total Cost": 2580.05, "Plan Rows": 1, "Plan Width": 37, "Inner Unique": false, "Join Filter": "(t.id = mc.movie_id)", "Plans": [{"Node Type": "Nested Loop", "Parent Relationship": "Outer", "Join Type": "Inner", "Startup Cost": 4.51, "Total Cost": 2579.71, "Plan Rows": 1, "Plan Width": 25, "Inner Unique": true, "Plans": [{"Node Type": "Nested Loop", "Parent Relationship": "Outer", "Join Type": "Inner", "Startup Cost": 4.51, "Total Cost": 2569.02, "Plan Rows": 33, "Plan Width": 4, "Inner Unique": false, "Plans": [{"Node Type": "Seq Scan", "Parent Relationship": "Outer", "Relation Name": "keyword", "Alias": "k", "Startup Cost": 0.0, "Total Cost": 2436.11, "Plan Rows": 1, "Plan Width": 4, "Filter": "((keyword)::text = 'sequel'::text)"}, {"Node Type": "Bitmap Heap Scan", "Parent Relationship": "Inner", "Relation Name": "movie_keyword", "Alias": "mk", "Startup Cost": 4.51, "Total Cost": 132.58, "Plan Rows": 33, "Plan Width": 8, "Recheck Cond": "(keyword_id = k.id)", "Plans": [{"Node Type": "Bitmap Index Scan", "Parent Relationship": "Outer", "Index Name": "keyword_id_movie_keyword", "Startup Cost": 0.0, "Total Cost": 4.5, "Plan Rows": 33, "Plan Width": 0, "Index Cond": "(keyword_id = k.id)"}]}]}, {"Node Type": "Index Scan", "Parent Relationship": "Inner", "Scan Direction": "Forward", "Index Name": "title_pkey", "Relation Name": "title", "Alias": "t", "Startup Cost": 0.0, "Total Cost": 0.31, "Plan Rows": 1, "Plan Width": 21, "Index Cond": "(id = mk.movie_id)", "Filter": "(((title)::text ~~ '%Money%'::text) AND (production_year = 1998))"}]}, {"Node Type": "Index Scan", "Parent Relationship": "Inner", "Scan Direction": "Forward", "Index Name": "movie_id_movie_companies", "Relation Name": "movie_companies", "Alias": "mc", "Startup Cost": 0.0, "Total Cost": 0.31, "Plan Rows": 2, "Plan Width": 12, "Index Cond": "(movie_id = mk.movie_id)", "Filter": "(note IS NULL)"}]}, {"Node Type": "Index Scan", "Parent Relationship": "Inner", "Scan Direction": "Forward", "Index Name": "company_name_pkey", "Relation Name": "company_name", "Alias": "cn", "Startup Cost": 0.0, "Total Cost": 0.29, "Plan Rows": 1, "Plan Width": 23, "Index Cond": "(id = mc.company_id)", "Filter": "(((country_code)::text <> '[pl]'::text) AND (((name)::text ~~ '%Film%'::text) OR ((name)::text ~~ '%Warner%'::text)))"}]}, {"Node Type": "Index Scan", "Parent Relationship": "Inner", "Scan Direction": "Forward", "Index Name": "company_type_pkey", "Relation Name": "company_type", "Alias": "ct", "Startup Cost": 0.0, "Total Cost": 0.27, "Plan Rows": 1, "Plan Width": 4, "Index Cond": "(id = mc.company_type_id)", "Filter": "((kind)::text = 'production companies'::text)"}]}, {"Node Type": "Index Scan", "Parent Relationship": "Inner", "Scan Direction": "Forward", "Index Name": "movie_id_movie_link", "Relation Name": "movie_link", "Alias": "ml", "Startup Cost": 0.0, "Total Cost": 0.35, "Plan Rows": 5, "Plan Width": 8, "Index Cond": "(movie_id = mk.movie_id)"}]}, {"Node Type": "Index Scan", "Parent Relationship": "Inner", "Scan Direction": "Forward", "Index Name": "link_type_pkey", "Relation Name": "link_type", "Alias": "lt", "Startup Cost": 0.0, "Total Cost": 0.27, "Plan Rows": 1, "Plan Width": 16, "Index Cond": "(id = ml.link_type_id)", "Filter": "((link)::text ~~ '%follows%'::text)"}]}]}, "Unique SQL Id": 4121279504}, "explain_analyze_plan": {"Plan": {"Node Type": "Aggregate", "Strategy": "Plain", "Startup Cost": 2581.34, "Total Cost": 2581.35, "Plan Rows": 1, "Plan Width": 144, "Actual Startup Time": 107.057, "Actual Total Time": 107.057, "Actual Rows": 1, "Actual Loops": 1, "Plans": [{"Node Type": "Nested Loop", "Parent Relationship": "Outer", "Join Type": "Inner", "Startup Cost": 4.51, "Total Cost": 2581.33, "Plan Rows": 1, "Plan Width": 48, "Actual Startup Time": 107.047, "Actual Total Time": 107.047, "Actual Rows": 0, "Actual Loops": 1, "Inner Unique": true, "Plans": [{"Node Type": "Nested Loop", "Parent Relationship": "Outer", "Join Type": "Inner", "Startup Cost": 4.51, "Total Cost": 2581.05, "Plan Rows": 1, "Plan Width": 40, "Actual Startup Time": 5.482, "Actual Total Time": 106.959, "Actual Rows": 38, "Actual Loops": 1, "Inner Unique": false, "Join Filter": "(t.id = ml.movie_id)", "Rows Removed by Join Filter": 0, "Plans": [{"Node Type": "Nested Loop", "Parent Relationship": "Outer", "Join Type": "Inner", "Startup Cost": 4.51, "Total Cost": 2580.63, "Plan Rows": 1, "Plan Width": 48, "Actual Startup Time": 5.471, "Actual Total Time": 106.908, "Actual Rows": 2, "Actual Loops": 1, "Inner Unique": true, "Plans": [{"Node Type": "Nested Loop", "Parent Relationship": "Outer", "Join Type": "Inner", "Startup Cost": 4.51, "Total Cost": 2580.35, "Plan Rows": 1, "Plan Width": 52, "Actual Startup Time": 5.461, "Actual Total Time": 106.893, "Actual Rows": 2, "Actual Loops": 1, "Inner Unique": true, "Plans": [{"Node Type": "Nested Loop", "Parent Relationship": "Outer", "Join Type": "Inner", "Startup Cost": 4.51, "Total Cost": 2580.05, "Plan Rows": 1, "Plan Width": 37, "Actual Startup Time": 5.448, "Actual Total Time": 106.864, "Actual Rows": 3, "Actual Loops": 1, "Inner Unique": false, "Join Filter": "(t.id = mc.movie_id)", "Rows Removed by Join Filter": 0, "Plans": [{"Node Type": "Nested Loop", "Parent Relationship": "Outer", "Join Type": "Inner", "Startup Cost": 4.51, "Total Cost": 2579.71, "Plan Rows": 1, "Plan Width": 25, "Actual Startup Time": 5.434, "Actual Total Time": 106.846, "Actual Rows": 1, "Actual Loops": 1, "Inner Unique": true, "Plans": [{"Node Type": "Nested Loop", "Parent Relationship": "Outer", "Join Type": "Inner", "Startup Cost": 4.51, "Total Cost": 2569.02, "Plan Rows": 33, "Plan Width": 4, "Actual Startup Time": 5.175, "Actual Total Time": 57.215, "Actual Rows": 10544, "Actual Loops": 1, "Inner Unique": false, "Plans": [{"Node Type": "Seq Scan", "Parent Relationship": "Outer", "Relation Name": "keyword", "Alias": "k", "Startup Cost": 0.0, "Total Cost": 2436.11, "Plan Rows": 1, "Plan Width": 4, "Actual Startup Time": 2.299, "Actual Total Time": 40.531, "Actual Rows": 1, "Actual Loops": 1, "Filter": "((keyword)::text = 'sequel'::text)", "Rows Removed by Filter": 134168}, {"Node Type": "Bitmap Heap Scan", "Parent Relationship": "Inner", "Relation Name": "movie_keyword", "Alias": "mk", "Startup Cost": 4.51, "Total Cost": 132.58, "Plan Rows": 33, "Plan Width": 8, "Actual Startup Time": 2.868, "Actual Total Time": 14.547, "Actual Rows": 10544, "Actual Loops": 1, "Recheck Cond": "(keyword_id = k.id)", "Rows Removed by Index Recheck": 0, "Exact Heap Blocks": 5090, "Lossy Heap Blocks": 5090, "Plans": [{"Node Type": "Bitmap Index Scan", "Parent Relationship": "Outer", "Index Name": "keyword_id_movie_keyword", "Startup Cost": 0.0, "Total Cost": 4.5, "Plan Rows": 33, "Plan Width": 0, "Actual Startup Time": 1.963, "Actual Total Time": 1.963, "Actual Rows": 10544, "Actual Loops": 1, "Index Cond": "(keyword_id = k.id)"}]}]}, {"Node Type": "Index Scan", "Parent Relationship": "Inner", "Scan Direction": "Forward", "Index Name": "title_pkey", "Relation Name": "title", "Alias": "t", "Startup Cost": 0.0, "Total Cost": 0.31, "Plan Rows": 1, "Plan Width": 21, "Actual Startup Time": 44.363, "Actual Total Time": 44.363, "Actual Rows": 1, "Actual Loops": 10544, "Index Cond": "(id = mk.movie_id)", "Rows Removed by Index Recheck": 0, "Filter": "(((title)::text ~~ '%Money%'::text) AND (production_year = 1998))", "Rows Removed by Filter": 10543}]}, {"Node Type": "Index Scan", "Parent Relationship": "Inner", "Scan Direction": "Forward", "Index Name": "movie_id_movie_companies", "Relation Name": "movie_companies", "Alias": "mc", "Startup Cost": 0.0, "Total Cost": 0.31, "Plan Rows": 2, "Plan Width": 12, "Actual Startup Time": 0.011, "Actual Total Time": 0.014, "Actual Rows": 3, "Actual Loops": 1, "Index Cond": "(movie_id = mk.movie_id)", "Rows Removed by Index Recheck": 0, "Filter": "(note IS NULL)", "Rows Removed by Filter": 1}]}, {"Node Type": "Index Scan", "Parent Relationship": "Inner", "Scan Direction": "Forward", "Index Name": "company_name_pkey", "Relation Name": "company_name", "Alias": "cn", "Startup Cost": 0.0, "Total Cost": 0.29, "Plan Rows": 1, "Plan Width": 23, "Actual Startup Time": 0.025, "Actual Total Time": 0.025, "Actual Rows": 2, "Actual Loops": 3, "Index Cond": "(id = mc.company_id)", "Rows Removed by Index Recheck": 0, "Filter": "(((country_code)::text <> '[pl]'::text) AND (((name)::text ~~ '%Film%'::text) OR ((name)::text ~~ '%Warner%'::text)))", "Rows Removed by Filter": 1}]}, {"Node Type": "Index Scan", "Parent Relationship": "Inner", "Scan Direction": "Forward", "Index Name": "company_type_pkey", "Relation Name": "company_type", "Alias": "ct", "Startup Cost": 0.0, "Total Cost": 0.27, "Plan Rows": 1, "Plan Width": 4, "Actual Startup Time": 0.01, "Actual Total Time": 0.01, "Actual Rows": 2, "Actual Loops": 2, "Index Cond": "(id = mc.company_type_id)", "Rows Removed by Index Recheck": 0, "Filter": "((kind)::text = 'production companies'::text)", "Rows Removed by Filter": 0}]}, {"Node Type": "Index Scan", "Parent Relationship": "Inner", "Scan Direction": "Forward", "Index Name": "movie_id_movie_link", "Relation Name": "movie_link", "Alias": "ml", "Startup Cost": 0.0, "Total Cost": 0.35, "Plan Rows": 5, "Plan Width": 8, "Actual Startup Time": 0.011, "Actual Total Time": 0.027, "Actual Rows": 38, "Actual Loops": 2, "Index Cond": "(movie_id = mk.movie_id)", "Rows Removed by Index Recheck": 0}]}, {"Node Type": "Index Scan", "Parent Relationship": "Inner", "Scan Direction": "Forward", "Index Name": "link_type_pkey", "Relation Name": "link_type", "Alias": "lt", "Startup Cost": 0.0, "Total Cost": 0.27, "Plan Rows": 1, "Plan Width": 16, "Actual Startup Time": 0.073, "Actual Total Time": 0.073, "Actual Rows": 0, "Actual Loops": 38, "Index Cond": "(id = ml.link_type_id)", "Rows Removed by Index Recheck": 0, "Filter": "((link)::text ~~ '%follows%'::text)", "Rows Removed by Filter": 24}]}]}, "Triggers": [], "Planner Runtime": 64.386, "Total Runtime": 107.455, "Unique SQL Id": 4121279504}}, "(1, 81)": {"explain_plan": {"Plan": {"Node Type": "Aggregate", "Strategy": "Plain", "Startup Cost": 3327.94, "Total Cost": 3327.95, "Plan Rows": 1, "Plan Width": 144, "Plans": [{"Node Type": "Nested Loop", "Parent Relationship": "Outer", "Join Type": "Inner", "Startup Cost": 4.51, "Total Cost": 3327.93, "Plan Rows": 1, "Plan Width": 48, "Inner Unique": true, "Plans": [{"Node Type": "Nested Loop", "Parent Relationship": "Outer", "Join Type": "Inner", "Startup Cost": 4.51, "Total Cost": 3327.65, "Plan Rows": 1, "Plan Width": 40, "Inner Unique": false, "Join Filter": "(t.id = ml.movie_id)", "Plans": [{"Node Type": "Nested Loop", "Parent Relationship": "Outer", "Join Type": "Inner", "Startup Cost": 4.51, "Total Cost": 3327.24, "Plan Rows": 1, "Plan Width": 48, "Inner Unique": true, "Plans": [{"Node Type": "Nested Loop", "Parent Relationship": "Outer", "Join Type": "Inner", "Startup Cost": 4.51, "Total Cost": 3326.95, "Plan Rows": 1, "Plan Width": 52, "Inner Unique": true, "Plans": [{"Node Type": "Nested Loop", "Parent Relationship": "Outer", "Join Type": "Inner", "Startup Cost": 4.51, "Total Cost": 3326.66, "Plan Rows": 1, "Plan Width": 37, "Inner Unique": false, "Join Filter": "(t.id = mc.movie_id)", "Plans": [{"Node Type": "Nested Loop", "Parent Relationship": "Outer", "Join Type": "Inner", "Startup Cost": 4.51, "Total Cost": 3326.32, "Plan Rows": 1, "Plan Width": 25, "Inner Unique": true, "Plans": [{"Node Type": "Nested Loop", "Parent Relationship": "Outer", "Join Type": "Inner", "Startup Cost": 4.51, "Total Cost": 3315.63, "Plan Rows": 33, "Plan Width": 4, "Inner Unique": false, "Plans": [{"Node Type": "Index Scan", "Parent Relationship": "Outer", "Scan Direction": "Forward", "Index Name": "keyword_pkey", "Relation Name": "keyword", "Alias": "k", "Startup Cost": 0.0, "Total Cost": 3182.72, "Plan Rows": 1, "Plan Width": 4, "Filter": "((keyword)::text = 'sequel'::text)"}, {"Node Type": "Bitmap Heap Scan", "Parent Relationship": "Inner", "Relation Name": "movie_keyword", "Alias": "mk", "Startup Cost": 4.51, "Total Cost": 132.58, "Plan Rows": 33, "Plan Width": 8, "Recheck Cond": "(keyword_id = k.id)", "Plans": [{"Node Type": "Bitmap Index Scan", "Parent Relationship": "Outer", "Index Name": "keyword_id_movie_keyword", "Startup Cost": 0.0, "Total Cost": 4.5, "Plan Rows": 33, "Plan Width": 0, "Index Cond": "(keyword_id = k.id)"}]}]}, {"Node Type": "Index Scan", "Parent Relationship": "Inner", "Scan Direction": "Forward", "Index Name": "title_pkey", "Relation Name": "title", "Alias": "t", "Startup Cost": 0.0, "Total Cost": 0.31, "Plan Rows": 1, "Plan Width": 21, "Index Cond": "(id = mk.movie_id)", "Filter": "(((title)::text ~~ '%Money%'::text) AND (production_year = 1998))"}]}, {"Node Type": "Index Scan", "Parent Relationship": "Inner", "Scan Direction": "Forward", "Index Name": "movie_id_movie_companies", "Relation Name": "movie_companies", "Alias": "mc", "Startup Cost": 0.0, "Total Cost": 0.31, "Plan Rows": 2, "Plan Width": 12, "Index Cond": "(movie_id = mk.movie_id)", "Filter": "(note IS NULL)"}]}, {"Node Type": "Index Scan", "Parent Relationship": "Inner", "Scan Direction": "Forward", "Index Name": "company_name_pkey", "Relation Name": "company_name", "Alias": "cn", "Startup Cost": 0.0, "Total Cost": 0.29, "Plan Rows": 1, "Plan Width": 23, "Index Cond": "(id = mc.company_id)", "Filter": "(((country_code)::text <> '[pl]'::text) AND (((name)::text ~~ '%Film%'::text) OR ((name)::text ~~ '%Warner%'::text)))"}]}, {"Node Type": "Index Scan", "Parent Relationship": "Inner", "Scan Direction": "Forward", "Index Name": "company_type_pkey", "Relation Name": "company_type", "Alias": "ct", "Startup Cost": 0.0, "Total Cost": 0.27, "Plan Rows": 1, "Plan Width": 4, "Index Cond": "(id = mc.company_type_id)", "Filter": "((kind)::text = 'production companies'::text)"}]}, {"Node Type": "Index Scan", "Parent Relationship": "Inner", "Scan Direction": "Forward", "Index Name": "movie_id_movie_link", "Relation Name": "movie_link", "Alias": "ml", "Startup Cost": 0.0, "Total Cost": 0.35, "Plan Rows": 5, "Plan Width": 8, "Index Cond": "(movie_id = mk.movie_id)"}]}, {"Node Type": "Index Scan", "Parent Relationship": "Inner", "Scan Direction": "Forward", "Index Name": "link_type_pkey", "Relation Name": "link_type", "Alias": "lt", "Startup Cost": 0.0, "Total Cost": 0.27, "Plan Rows": 1, "Plan Width": 16, "Index Cond": "(id = ml.link_type_id)", "Filter": "((link)::text ~~ '%follows%'::text)"}]}]}, "Unique SQL Id": 4121279504}, "explain_analyze_plan": {"Plan": {"Node Type": "Aggregate", "Strategy": "Plain", "Startup Cost": 3327.94, "Total Cost": 3327.95, "Plan Rows": 1, "Plan Width": 144, "Actual Startup Time": 181.02, "Actual Total Time": 181.021, "Actual Rows": 1, "Actual Loops": 1, "Plans": [{"Node Type": "Nested Loop", "Parent Relationship": "Outer", "Join Type": "Inner", "Startup Cost": 4.51, "Total Cost": 3327.93, "Plan Rows": 1, "Plan Width": 48, "Actual Startup Time": 181.01, "Actual Total Time": 181.01, "Actual Rows": 0, "Actual Loops": 1, "Inner Unique": true, "Plans": [{"Node Type": "Nested Loop", "Parent Relationship": "Outer", "Join Type": "Inner", "Startup Cost": 4.51, "Total Cost": 3327.65, "Plan Rows": 1, "Plan Width": 40, "Actual Startup Time": 3.646, "Actual Total Time": 180.923, "Actual Rows": 38, "Actual Loops": 1, "Inner Unique": false, "Join Filter": "(t.id = ml.movie_id)", "Rows Removed by Join Filter": 0, "Plans": [{"Node Type": "Nested Loop", "Parent Relationship": "Outer", "Join Type": "Inner", "Startup Cost": 4.51, "Total Cost": 3327.24, "Plan Rows": 1, "Plan Width": 48, "Actual Startup Time": 3.636, "Actual Total Time": 180.883, "Actual Rows": 2, "Actual Loops": 1, "Inner Unique": true, "Plans": [{"Node Type": "Nested Loop", "Parent Relationship": "Outer", "Join Type": "Inner", "Startup Cost": 4.51, "Total Cost": 3326.95, "Plan Rows": 1, "Plan Width": 52, "Actual Startup Time": 3.627, "Actual Total Time": 180.869, "Actual Rows": 2, "Actual Loops": 1, "Inner Unique": true, "Plans": [{"Node Type": "Nested Loop", "Parent Relationship": "Outer", "Join Type": "Inner", "Startup Cost": 4.51, "Total Cost": 3326.66, "Plan Rows": 1, "Plan Width": 37, "Actual Startup Time": 3.613, "Actual Total Time": 180.84, "Actual Rows": 3, "Actual Loops": 1, "Inner Unique": false, "Join Filter": "(t.id = mc.movie_id)", "Rows Removed by Join Filter": 0, "Plans": [{"Node Type": "Nested Loop", "Parent Relationship": "Outer", "Join Type": "Inner", "Startup Cost": 4.51, "Total Cost": 3326.32, "Plan Rows": 1, "Plan Width": 25, "Actual Startup Time": 3.597, "Actual Total Time": 180.82, "Actual Rows": 1, "Actual Loops": 1, "Inner Unique": true, "Plans": [{"Node Type": "Nested Loop", "Parent Relationship": "Outer", "Join Type": "Inner", "Startup Cost": 4.51, "Total Cost": 3315.63, "Plan Rows": 33, "Plan Width": 4, "Actual Startup Time": 3.337, "Actual Total Time": 130.626, "Actual Rows": 10544, "Actual Loops": 1, "Inner Unique": false, "Plans": [{"Node Type": "Index Scan", "Parent Relationship": "Outer", "Scan Direction": "Forward", "Index Name": "keyword_pkey", "Relation Name": "keyword", "Alias": "k", "Startup Cost": 0.0, "Total Cost": 3182.72, "Plan Rows": 1, "Plan Width": 4, "Actual Startup Time": 0.436, "Actual Total Time": 113.393, "Actual Rows": 1, "Actual Loops": 1, "Filter": "((keyword)::text = 'sequel'::text)", "Rows Removed by Filter": 134168}, {"Node Type": "Bitmap Heap Scan", "Parent Relationship": "Inner", "Relation Name": "movie_keyword", "Alias": "mk", "Startup Cost": 4.51, "Total Cost": 132.58, "Plan Rows": 33, "Plan Width": 8, "Actual Startup Time": 2.893, "Actual Total Time": 14.881, "Actual Rows": 10544, "Actual Loops": 1, "Recheck Cond": "(keyword_id = k.id)", "Rows Removed by Index Recheck": 0, "Exact Heap Blocks": 5090, "Lossy Heap Blocks": 5090, "Plans": [{"Node Type": "Bitmap Index Scan", "Parent Relationship": "Outer", "Index Name": "keyword_id_movie_keyword", "Startup Cost": 0.0, "Total Cost": 4.5, "Plan Rows": 33, "Plan Width": 0, "Actual Startup Time": 1.993, "Actual Total Time": 1.993, "Actual Rows": 10544, "Actual Loops": 1, "Index Cond": "(keyword_id = k.id)"}]}]}, {"Node Type": "Index Scan", "Parent Relationship": "Inner", "Scan Direction": "Forward", "Index Name": "title_pkey", "Relation Name": "title", "Alias": "t", "Startup Cost": 0.0, "Total Cost": 0.31, "Plan Rows": 1, "Plan Width": 21, "Actual Startup Time": 44.981, "Actual Total Time": 44.981, "Actual Rows": 1, "Actual Loops": 10544, "Index Cond": "(id = mk.movie_id)", "Rows Removed by Index Recheck": 0, "Filter": "(((title)::text ~~ '%Money%'::text) AND (production_year = 1998))", "Rows Removed by Filter": 10543}]}, {"Node Type": "Index Scan", "Parent Relationship": "Inner", "Scan Direction": "Forward", "Index Name": "movie_id_movie_companies", "Relation Name": "movie_companies", "Alias": "mc", "Startup Cost": 0.0, "Total Cost": 0.31, "Plan Rows": 2, "Plan Width": 12, "Actual Startup Time": 0.012, "Actual Total Time": 0.013, "Actual Rows": 3, "Actual Loops": 1, "Index Cond": "(movie_id = mk.movie_id)", "Rows Removed by Index Recheck": 0, "Filter": "(note IS NULL)", "Rows Removed by Filter": 1}]}, {"Node Type": "Index Scan", "Parent Relationship": "Inner", "Scan Direction": "Forward", "Index Name": "company_name_pkey", "Relation Name": "company_name", "Alias": "cn", "Startup Cost": 0.0, "Total Cost": 0.29, "Plan Rows": 1, "Plan Width": 23, "Actual Startup Time": 0.023, "Actual Total Time": 0.023, "Actual Rows": 2, "Actual Loops": 3, "Index Cond": "(id = mc.company_id)", "Rows Removed by Index Recheck": 0, "Filter": "(((country_code)::text <> '[pl]'::text) AND (((name)::text ~~ '%Film%'::text) OR ((name)::text ~~ '%Warner%'::text)))", "Rows Removed by Filter": 1}]}, {"Node Type": "Index Scan", "Parent Relationship": "Inner", "Scan Direction": "Forward", "Index Name": "company_type_pkey", "Relation Name": "company_type", "Alias": "ct", "Startup Cost": 0.0, "Total Cost": 0.27, "Plan Rows": 1, "Plan Width": 4, "Actual Startup Time": 0.009, "Actual Total Time": 0.009, "Actual Rows": 2, "Actual Loops": 2, "Index Cond": "(id = mc.company_type_id)", "Rows Removed by Index Recheck": 0, "Filter": "((kind)::text = 'production companies'::text)", "Rows Removed by Filter": 0}]}, {"Node Type": "Index Scan", "Parent Relationship": "Inner", "Scan Direction": "Forward", "Index Name": "movie_id_movie_link", "Relation Name": "movie_link", "Alias": "ml", "Startup Cost": 0.0, "Total Cost": 0.35, "Plan Rows": 5, "Plan Width": 8, "Actual Startup Time": 0.011, "Actual Total Time": 0.023, "Actual Rows": 38, "Actual Loops": 2, "Index Cond": "(movie_id = mk.movie_id)", "Rows Removed by Index Recheck": 0}]}, {"Node Type": "Index Scan", "Parent Relationship": "Inner", "Scan Direction": "Forward", "Index Name": "link_type_pkey", "Relation Name": "link_type", "Alias": "lt", "Startup Cost": 0.0, "Total Cost": 0.27, "Plan Rows": 1, "Plan Width": 16, "Actual Startup Time": 0.063, "Actual Total Time": 0.063, "Actual Rows": 0, "Actual Loops": 38, "Index Cond": "(id = ml.link_type_id)", "Rows Removed by Index Recheck": 0, "Filter": "((link)::text ~~ '%follows%'::text)", "Rows Removed by Filter": 24}]}]}, "Triggers": [], "Planner Runtime": 58.021, "Total Runtime": 181.432, "Unique SQL Id": 4121279504}}, "(1, 82)": {"explain_plan": {"Plan": {"Node Type": "Aggregate", "Strategy": "Plain", "Startup Cost": 2726.08, "Total Cost": 2726.09, "Plan Rows": 1, "Plan Width": 144, "Plans": [{"Node Type": "Nested Loop", "Parent Relationship": "Outer", "Join Type": "Inner", "Startup Cost": 2722.02, "Total Cost": 2726.07, "Plan Rows": 1, "Plan Width": 48, "Inner Unique": true, "Plans": [{"Node Type": "Merge Join", "Parent Relationship": "Outer", "Join Type": "Inner", "Startup Cost": 2721.76, "Total Cost": 2721.79, "Plan Rows": 1, "Plan Width": 33, "Inner Unique": true, "Merge Cond": "(mc.company_type_id = ct.id)", "Plans": [{"Node Type": "Sort", "Parent Relationship": "Outer", "Startup Cost": 2720.71, "Total Cost": 2720.72, "Plan Rows": 1, "Plan Width": 37, "Sort Key": ["mc.company_type_id"], "Plans": [{"Node Type": "Merge Join", "Parent Relationship": "Outer", "Join Type": "Inner", "Startup Cost": 2720.68, "Total Cost": 2720.7, "Plan Rows": 1, "Plan Width": 37, "Inner Unique": true, "Merge Cond": "(ml.link_type_id = lt.id)", "Plans": [{"Node Type": "Sort", "Parent Relationship": "Outer", "Startup Cost": 2719.46, "Total Cost": 2719.46, "Plan Rows": 1, "Plan Width": 29, "Sort Key": ["ml.link_type_id"], "Plans": [{"Node Type": "Nested Loop", "Parent Relationship": "Outer", "Join Type": "Inner", "Startup Cost": 5.33, "Total Cost": 2719.45, "Plan Rows": 1, "Plan Width": 29, "Inner Unique": false, "Join Filter": "(t.id = ml.movie_id)", "Plans": [{"Node Type": "Nested Loop", "Parent Relationship": "Outer", "Join Type": "Inner", "Startup Cost": 5.05, "Total Cost": 2715.03, "Plan Rows": 1, "Plan Width": 37, "Inner Unique": false, "Join Filter": "(t.id = mc.movie_id)", "Plans": [{"Node Type": "Nested Loop", "Parent Relationship": "Outer", "Join Type": "Inner", "Startup Cost": 4.77, "Total Cost": 2710.71, "Plan Rows": 1, "Plan Width": 25, "Inner Unique": true, "Plans": [{"Node Type": "Nested Loop", "Parent Relationship": "Outer", "Join Type": "Inner", "Startup Cost": 4.51, "Total Cost": 2569.02, "Plan Rows": 33, "Plan Width": 4, "Inner Unique": false, "Plans": [{"Node Type": "Seq Scan", "Parent Relationship": "Outer", "Relation Name": "keyword", "Alias": "k", "Startup Cost": 0.0, "Total Cost": 2436.11, "Plan Rows": 1, "Plan Width": 4, "Filter": "((keyword)::text = 'sequel'::text)"}, {"Node Type": "Bitmap Heap Scan", "Parent Relationship": "Inner", "Relation Name": "movie_keyword", "Alias": "mk", "Startup Cost": 4.51, "Total Cost": 132.58, "Plan Rows": 33, "Plan Width": 8, "Recheck Cond": "(keyword_id = k.id)", "Plans": [{"Node Type": "Bitmap Index Scan", "Parent Relationship": "Outer", "Index Name": "keyword_id_movie_keyword", "Startup Cost": 0.0, "Total Cost": 4.5, "Plan Rows": 33, "Plan Width": 0, "Index Cond": "(keyword_id = k.id)"}]}]}, {"Node Type": "Bitmap Heap Scan", "Parent Relationship": "Inner", "Relation Name": "title", "Alias": "t", "Startup Cost": 0.27, "Total Cost": 4.28, "Plan Rows": 1, "Plan Width": 21, "Recheck Cond": "(id = mk.movie_id)", "Filter": "(((title)::text ~~ '%Money%'::text) AND (production_year = 1998))", "Plans": [{"Node Type": "Bitmap Index Scan", "Parent Relationship": "Outer", "Index Name": "title_pkey", "Startup Cost": 0.0, "Total Cost": 0.27, "Plan Rows": 1, "Plan Width": 0, "Index Cond": "(id = mk.movie_id)"}]}]}, {"Node Type": "Bitmap Heap Scan", "Parent Relationship": "Inner", "Relation Name": "movie_companies", "Alias": "mc", "Startup Cost": 0.27, "Total Cost": 4.3, "Plan Rows": 2, "Plan Width": 12, "Recheck Cond": "(movie_id = mk.movie_id)", "Filter": "(note IS NULL)", "Plans": [{"Node Type": "Bitmap Index Scan", "Parent Relationship": "Outer", "Index Name": "movie_id_movie_companies", "Startup Cost": 0.0, "Total Cost": 0.27, "Plan Rows": 2, "Plan Width": 0, "Index Cond": "(movie_id = mk.movie_id)"}]}]}, {"Node Type": "Bitmap Heap Scan", "Parent Relationship": "Inner", "Relation Name": "movie_link", "Alias": "ml", "Startup Cost": 0.29, "Total Cost": 4.35, "Plan Rows": 5, "Plan Width": 8, "Recheck Cond": "(movie_id = mk.movie_id)", "Plans": [{"Node Type": "Bitmap Index Scan", "Parent Relationship": "Outer", "Index Name": "movie_id_movie_link", "Startup Cost": 0.0, "Total Cost": 0.29, "Plan Rows": 5, "Plan Width": 0, "Index Cond": "(movie_id = mk.movie_id)"}]}]}]}, {"Node Type": "Sort", "Parent Relationship": "Inner", "Startup Cost": 1.22, "Total Cost": 1.23, "Plan Rows": 1, "Plan Width": 16, "Sort Key": ["lt.id"], "Plans": [{"Node Type": "Seq Scan", "Parent Relationship": "Outer", "Relation Name": "link_type", "Alias": "lt", "Startup Cost": 0.0, "Total Cost": 1.21, "Plan Rows": 1, "Plan Width": 16, "Filter": "((link)::text ~~ '%follows%'::text)"}]}]}]}, {"Node Type": "Sort", "Parent Relationship": "Inner", "Startup Cost": 1.05, "Total Cost": 1.05, "Plan Rows": 1, "Plan Width": 4, "Sort Key": ["ct.id"], "Plans": [{"Node Type": "Seq Scan", "Parent Relationship": "Outer", "Relation Name": "company_type", "Alias": "ct", "Startup Cost": 0.0, "Total Cost": 1.04, "Plan Rows": 1, "Plan Width": 4, "Filter": "((kind)::text = 'production companies'::text)"}]}]}, {"Node Type": "Bitmap Heap Scan", "Parent Relationship": "Inner", "Relation Name": "company_name", "Alias": "cn", "Startup Cost": 0.26, "Total Cost": 4.28, "Plan Rows": 1, "Plan Width": 23, "Recheck Cond": "(id = mc.company_id)", "Filter": "(((country_code)::text <> '[pl]'::text) AND (((name)::text ~~ '%Film%'::text) OR ((name)::text ~~ '%Warner%'::text)))", "Plans": [{"Node Type": "Bitmap Index Scan", "Parent Relationship": "Outer", "Index Name": "company_name_pkey", "Startup Cost": 0.0, "Total Cost": 0.26, "Plan Rows": 1, "Plan Width": 0, "Index Cond": "(id = mc.company_id)"}]}]}]}, "Unique SQL Id": 4121279504}, "explain_analyze_plan": {"Plan": {"Node Type": "Aggregate", "Strategy": "Plain", "Startup Cost": 2726.08, "Total Cost": 2726.09, "Plan Rows": 1, "Plan Width": 144, "Actual Startup Time": 122.995, "Actual Total Time": 122.996, "Actual Rows": 1, "Actual Loops": 1, "Plans": [{"Node Type": "Nested Loop", "Parent Relationship": "Outer", "Join Type": "Inner", "Startup Cost": 2722.02, "Total Cost": 2726.07, "Plan Rows": 1, "Plan Width": 48, "Actual Startup Time": 122.984, "Actual Total Time": 122.984, "Actual Rows": 0, "Actual Loops": 1, "Inner Unique": true, "Plans": [{"Node Type": "Merge Join", "Parent Relationship": "Outer", "Join Type": "Inner", "Startup Cost": 2721.76, "Total Cost": 2721.79, "Plan Rows": 1, "Plan Width": 33, "Actual Startup Time": 122.982, "Actual Total Time": 122.982, "Actual Rows": 0, "Actual Loops": 1, "Inner Unique": true, "Merge Cond": "(mc.company_type_id = ct.id)", "Plans": [{"Node Type": "Sort", "Parent Relationship": "Outer", "Startup Cost": 2720.71, "Total Cost": 2720.72, "Plan Rows": 1, "Plan Width": 37, "Actual Startup Time": 122.977, "Actual Total Time": 122.977, "Actual Rows": 0, "Actual Loops": 1, "Sort Key": ["mc.company_type_id"], "Sort Method": "quicksort", "Sort Space Used": 25, "Sort Space Type": "Memory", "Plans": [{"Node Type": "Merge Join", "Parent Relationship": "Outer", "Join Type": "Inner", "Startup Cost": 2720.68, "Total Cost": 2720.7, "Plan Rows": 1, "Plan Width": 37, "Actual Startup Time": 122.964, "Actual Total Time": 122.964, "Actual Rows": 0, "Actual Loops": 1, "Inner Unique": true, "Merge Cond": "(ml.link_type_id = lt.id)", "Plans": [{"Node Type": "Sort", "Parent Relationship": "Outer", "Startup Cost": 2719.46, "Total Cost": 2719.46, "Plan Rows": 1, "Plan Width": 29, "Actual Startup Time": 122.892, "Actual Total Time": 122.892, "Actual Rows": 1, "Actual Loops": 1, "Sort Key": ["ml.link_type_id"], "Sort Method": "quicksort", "Sort Space Used": 30, "Sort Space Type": "Memory", "Plans": [{"Node Type": "Nested Loop", "Parent Relationship": "Outer", "Join Type": "Inner", "Startup Cost": 5.33, "Total Cost": 2719.45, "Plan Rows": 1, "Plan Width": 29, "Actual Startup Time": 5.912, "Actual Total Time": 122.855, "Actual Rows": 57, "Actual Loops": 1, "Inner Unique": false, "Join Filter": "(t.id = ml.movie_id)", "Rows Removed by Join Filter": 0, "Plans": [{"Node Type": "Nested Loop", "Parent Relationship": "Outer", "Join Type": "Inner", "Startup Cost": 5.05, "Total Cost": 2715.03, "Plan Rows": 1, "Plan Width": 37, "Actual Startup Time": 5.876, "Actual Total Time": 122.771, "Actual Rows": 3, "Actual Loops": 1, "Inner Unique": false, "Join Filter": "(t.id = mc.movie_id)", "Rows Removed by Join Filter": 0, "Plans": [{"Node Type": "Nested Loop", "Parent Relationship": "Outer", "Join Type": "Inner", "Startup Cost": 4.77, "Total Cost": 2710.71, "Plan Rows": 1, "Plan Width": 25, "Actual Startup Time": 5.834, "Actual Total Time": 122.727, "Actual Rows": 1, "Actual Loops": 1, "Inner Unique": true, "Plans": [{"Node Type": "Nested Loop", "Parent Relationship": "Outer", "Join Type": "Inner", "Startup Cost": 4.51, "Total Cost": 2569.02, "Plan Rows": 33, "Plan Width": 4, "Actual Startup Time": 5.475, "Actual Total Time": 57.322, "Actual Rows": 10544, "Actual Loops": 1, "Inner Unique": false, "Plans": [{"Node Type": "Seq Scan", "Parent Relationship": "Outer", "Relation Name": "keyword", "Alias": "k", "Startup Cost": 0.0, "Total Cost": 2436.11, "Plan Rows": 1, "Plan Width": 4, "Actual Startup Time": 2.447, "Actual Total Time": 40.677, "Actual Rows": 1, "Actual Loops": 1, "Filter": "((keyword)::text = 'sequel'::text)", "Rows Removed by Filter": 134168}, {"Node Type": "Bitmap Heap Scan", "Parent Relationship": "Inner", "Relation Name": "movie_keyword", "Alias": "mk", "Startup Cost": 4.51, "Total Cost": 132.58, "Plan Rows": 33, "Plan Width": 8, "Actual Startup Time": 3.02, "Actual Total Time": 14.462, "Actual Rows": 10544, "Actual Loops": 1, "Recheck Cond": "(keyword_id = k.id)", "Rows Removed by Index Recheck": 0, "Exact Heap Blocks": 5090, "Lossy Heap Blocks": 5090, "Plans": [{"Node Type": "Bitmap Index Scan", "Parent Relationship": "Outer", "Index Name": "keyword_id_movie_keyword", "Startup Cost": 0.0, "Total Cost": 4.5, "Plan Rows": 33, "Plan Width": 0, "Actual Startup Time": 2.11, "Actual Total Time": 2.11, "Actual Rows": 10544, "Actual Loops": 1, "Index Cond": "(keyword_id = k.id)"}]}]}, {"Node Type": "Bitmap Heap Scan", "Parent Relationship": "Inner", "Relation Name": "title", "Alias": "t", "Startup Cost": 0.27, "Total Cost": 4.28, "Plan Rows": 1, "Plan Width": 21, "Actual Startup Time": 53.622, "Actual Total Time": 53.622, "Actual Rows": 1, "Actual Loops": 10544, "Recheck Cond": "(id = mk.movie_id)", "Rows Removed by Index Recheck": 0, "Filter": "(((title)::text ~~ '%Money%'::text) AND (production_year = 1998))", "Rows Removed by Filter": 10543, "Exact Heap Blocks": 10544, "Lossy Heap Blocks": 10544, "Plans": [{"Node Type": "Bitmap Index Scan", "Parent Relationship": "Outer", "Index Name": "title_pkey", "Startup Cost": 0.0, "Total Cost": 0.27, "Plan Rows": 1, "Plan Width": 0, "Actual Startup Time": 28.383, "Actual Total Time": 28.383, "Actual Rows": 10544, "Actual Loops": 10544, "Index Cond": "(id = mk.movie_id)"}]}]}, {"Node Type": "Bitmap Heap Scan", "Parent Relationship": "Inner", "Relation Name": "movie_companies", "Alias": "mc", "Startup Cost": 0.27, "Total Cost": 4.3, "Plan Rows": 2, "Plan Width": 12, "Actual Startup Time": 0.024, "Actual Total Time": 0.024, "Actual Rows": 3, "Actual Loops": 1, "Recheck Cond": "(movie_id = mk.movie_id)", "Rows Removed by Index Recheck": 0, "Filter": "(note IS NULL)", "Rows Removed by Filter": 1, "Exact Heap Blocks": 2, "Lossy Heap Blocks": 2, "Plans": [{"Node Type": "Bitmap Index Scan", "Parent Relationship": "Outer", "Index Name": "movie_id_movie_companies", "Startup Cost": 0.0, "Total Cost": 0.27, "Plan Rows": 2, "Plan Width": 0, "Actual Startup Time": 0.01, "Actual Total Time": 0.01, "Actual Rows": 4, "Actual Loops": 1, "Index Cond": "(movie_id = mk.movie_id)"}]}]}, {"Node Type": "Bitmap Heap Scan", "Parent Relationship": "Inner", "Relation Name": "movie_link", "Alias": "ml", "Startup Cost": 0.29, "Total Cost": 4.35, "Plan Rows": 5, "Plan Width": 8, "Actual Startup Time": 0.04, "Actual Total Time": 0.049, "Actual Rows": 57, "Actual Loops": 3, "Recheck Cond": "(movie_id = mk.movie_id)", "Rows Removed by Index Recheck": 0, "Exact Heap Blocks": 3, "Lossy Heap Blocks": 3, "Plans": [{"Node Type": "Bitmap Index Scan", "Parent Relationship": "Outer", "Index Name": "movie_id_movie_link", "Startup Cost": 0.0, "Total Cost": 0.29, "Plan Rows": 5, "Plan Width": 0, "Actual Startup Time": 0.017, "Actual Total Time": 0.017, "Actual Rows": 57, "Actual Loops": 3, "Index Cond": "(movie_id = mk.movie_id)"}]}]}]}, {"Node Type": "Sort", "Parent Relationship": "Inner", "Startup Cost": 1.22, "Total Cost": 1.23, "Plan Rows": 1, "Plan Width": 16, "Actual Startup Time": 0.054, "Actual Total Time": 0.054, "Actual Rows": 0, "Actual Loops": 1, "Sort Key": ["lt.id"], "Sort Method": "quicksort", "Sort Space Used": 25, "Sort Space Type": "Memory", "Plans": [{"Node Type": "Seq Scan", "Parent Relationship": "Outer", "Relation Name": "link_type", "Alias": "lt", "Startup Cost": 0.0, "Total Cost": 1.21, "Plan Rows": 1, "Plan Width": 16, "Actual Startup Time": 0.031, "Actual Total Time": 0.031, "Actual Rows": 0, "Actual Loops": 1, "Filter": "((link)::text ~~ '%follows%'::text)", "Rows Removed by Filter": 17}]}]}]}, {"Node Type": "Sort", "Parent Relationship": "Inner", "Startup Cost": 1.05, "Total Cost": 1.05, "Plan Rows": 1, "Plan Width": 4, "Actual Startup Time": 0.0, "Actual Total Time": 0.0, "Sort Key": ["ct.id"], "Plans": [{"Node Type": "Seq Scan", "Parent Relationship": "Outer", "Relation Name": "company_type", "Alias": "ct", "Startup Cost": 0.0, "Total Cost": 1.04, "Plan Rows": 1, "Plan Width": 4, "Actual Startup Time": 0.0, "Actual Total Time": 0.0, "Filter": "((kind)::text = 'production companies'::text)", "Rows Removed by Filter": 0}]}]}, {"Node Type": "Bitmap Heap Scan", "Parent Relationship": "Inner", "Relation Name": "company_name", "Alias": "cn", "Startup Cost": 0.26, "Total Cost": 4.28, "Plan Rows": 1, "Plan Width": 23, "Actual Startup Time": 0.0, "Actual Total Time": 0.0, "Recheck Cond": "(id = mc.company_id)", "Rows Removed by Index Recheck": 0, "Filter": "(((country_code)::text <> '[pl]'::text) AND (((name)::text ~~ '%Film%'::text) OR ((name)::text ~~ '%Warner%'::text)))", "Rows Removed by Filter": 0, "Exact Heap Blocks": 0, "Lossy Heap Blocks": 0, "Plans": [{"Node Type": "Bitmap Index Scan", "Parent Relationship": "Outer", "Index Name": "company_name_pkey", "Startup Cost": 0.0, "Total Cost": 0.26, "Plan Rows": 1, "Plan Width": 0, "Actual Startup Time": 0.0, "Actual Total Time": 0.0, "Index Cond": "(id = mc.company_id)"}]}]}]}, "Triggers": [], "Planner Runtime": 41.326, "Total Runtime": 123.745, "Unique SQL Id": 4121279504}}, "(1, 83)": {"explain_plan": {"Plan": {"Node Type": "Aggregate", "Strategy": "Plain", "Startup Cost": 1000014795431.67, "Total Cost": 1000014795431.68, "Plan Rows": 1, "Plan Width": 144, "Plans": [{"Node Type": "Nested Loop", "Parent Relationship": "Outer", "Join Type": "Inner", "Startup Cost": 10000000001.97, "Total Cost": 1000014795431.66, "Plan Rows": 1, "Plan Width": 48, "Inner Unique": true, "Plans": [{"Node Type": "Nested Loop", "Parent Relationship": "Outer", "Join Type": "Inner", "Startup Cost": 10000000001.72, "Total Cost": 1000014795427.38, "Plan Rows": 1, "Plan Width": 52, "Inner Unique": true, "Plans": [{"Node Type": "Nested Loop", "Parent Relationship": "Outer", "Join Type": "Inner", "Startup Cost": 10000000001.46, "Total Cost": 1000014795418.82, "Plan Rows": 2, "Plan Width": 44, "Inner Unique": false, "Join Filter": "(t.id = ml.movie_id)", "Plans": [{"Node Type": "Nested Loop", "Parent Relationship": "Outer", "Join Type": "Inner", "Startup Cost": 10000000001.17, "Total Cost": 1000014795414.4, "Plan Rows": 1, "Plan Width": 52, "Inner Unique": true, "Plans": [{"Node Type": "Nested Loop", "Parent Relationship": "Outer", "Join Type": "Inner", "Startup Cost": 10000000000.91, "Total Cost": 1000014795328.75, "Plan Rows": 20, "Plan Width": 56, "Inner Unique": false, "Join Filter": "(t.id = mk.movie_id)", "Plans": [{"Node Type": "Nested Loop", "Parent Relationship": "Outer", "Join Type": "Inner", "Startup Cost": 10000000000.55, "Total Cost": 1000014795319.62, "Plan Rows": 2, "Plan Width": 48, "Inner Unique": true, "Plans": [{"Node Type": "Nested Loop", "Parent Relationship": "Outer", "Join Type": "Inner", "Startup Cost": 10000000000.29, "Total Cost": 1000014795293.88, "Plan Rows": 6, "Plan Width": 33, "Inner Unique": true, "Plans": [{"Node Type": "Index Scan", "Parent Relationship": "Outer", "Scan Direction": "Forward", "Index Name": "company_type_id_movie_companies", "Relation Name": "movie_companies", "Alias": "mc", "Startup Cost": 10000000000.0, "Total Cost": 1000009318217.0, "Plan Rows": 1269486, "Plan Width": 12, "Filter": "(note IS NULL), (LLVM Optimized)"}, {"Node Type": "Bitmap Heap Scan", "Parent Relationship": "Inner", "Relation Name": "title", "Alias": "t", "Startup Cost": 0.29, "Total Cost": 4.3, "Plan Rows": 1, "Plan Width": 21, "Recheck Cond": "(id = mc.movie_id)", "Filter": "(((title)::text ~~ '%Money%'::text) AND (production_year = 1998))", "Plans": [{"Node Type": "Bitmap Index Scan", "Parent Relationship": "Outer", "Index Name": "title_pkey", "Startup Cost": 0.0, "Total Cost": 0.29, "Plan Rows": 1, "Plan Width": 0, "Index Cond": "(id = mc.movie_id)"}]}]}, {"Node Type": "Bitmap Heap Scan", "Parent Relationship": "Inner", "Relation Name": "company_name", "Alias": "cn", "Startup Cost": 0.26, "Total Cost": 4.28, "Plan Rows": 1, "Plan Width": 23, "Recheck Cond": "(id = mc.company_id)", "Filter": "(((country_code)::text <> '[pl]'::text) AND (((name)::text ~~ '%Film%'::text) OR ((name)::text ~~ '%Warner%'::text)))", "Plans": [{"Node Type": "Bitmap Index Scan", "Parent Relationship": "Outer", "Index Name": "company_name_pkey", "Startup Cost": 0.0, "Total Cost": 0.26, "Plan Rows": 1, "Plan Width": 0, "Index Cond": "(id = mc.company_id)"}]}]}, {"Node Type": "Bitmap Heap Scan", "Parent Relationship": "Inner", "Relation Name": "movie_keyword", "Alias": "mk", "Startup Cost": 0.37, "Total Cost": 4.47, "Plan Rows": 8, "Plan Width": 8, "Recheck Cond": "(movie_id = mc.movie_id)", "Plans": [{"Node Type": "Bitmap Index Scan", "Parent Relationship": "Outer", "Index Name": "movie_id_movie_keyword", "Startup Cost": 0.0, "Total Cost": 0.36, "Plan Rows": 8, "Plan Width": 0, "Index Cond": "(movie_id = mc.movie_id)"}]}]}, {"Node Type": "Bitmap Heap Scan", "Parent Relationship": "Inner", "Relation Name": "keyword", "Alias": "k", "Startup Cost": 0.26, "Total Cost": 4.27, "Plan Rows": 1, "Plan Width": 4, "Recheck Cond": "(id = mk.keyword_id)", "Filter": "((keyword)::text = 'sequel'::text)", "Plans": [{"Node Type": "Bitmap Index Scan", "Parent Relationship": "Outer", "Index Name": "keyword_pkey", "Startup Cost": 0.0, "Total Cost": 0.26, "Plan Rows": 1, "Plan Width": 0, "Index Cond": "(id = mk.keyword_id)"}]}]}, {"Node Type": "Bitmap Heap Scan", "Parent Relationship": "Inner", "Relation Name": "movie_link", "Alias": "ml", "Startup Cost": 0.29, "Total Cost": 4.35, "Plan Rows": 5, "Plan Width": 8, "Recheck Cond": "(movie_id = mk.movie_id)", "Plans": [{"Node Type": "Bitmap Index Scan", "Parent Relationship": "Outer", "Index Name": "movie_id_movie_link", "Startup Cost": 0.0, "Total Cost": 0.29, "Plan Rows": 5, "Plan Width": 0, "Index Cond": "(movie_id = mk.movie_id)"}]}]}, {"Node Type": "Bitmap Heap Scan", "Parent Relationship": "Inner", "Relation Name": "link_type", "Alias": "lt", "Startup Cost": 0.26, "Total Cost": 4.27, "Plan Rows": 1, "Plan Width": 16, "Recheck Cond": "(id = ml.link_type_id)", "Filter": "((link)::text ~~ '%follows%'::text)", "Plans": [{"Node Type": "Bitmap Index Scan", "Parent Relationship": "Outer", "Index Name": "link_type_pkey", "Startup Cost": 0.0, "Total Cost": 0.26, "Plan Rows": 1, "Plan Width": 0, "Index Cond": "(id = ml.link_type_id)"}]}]}, {"Node Type": "Bitmap Heap Scan", "Parent Relationship": "Inner", "Relation Name": "company_type", "Alias": "ct", "Startup Cost": 0.26, "Total Cost": 4.27, "Plan Rows": 1, "Plan Width": 4, "Recheck Cond": "(id = mc.company_type_id)", "Filter": "((kind)::text = 'production companies'::text)", "Plans": [{"Node Type": "Bitmap Index Scan", "Parent Relationship": "Outer", "Index Name": "company_type_pkey", "Startup Cost": 0.0, "Total Cost": 0.26, "Plan Rows": 1, "Plan Width": 0, "Index Cond": "(id = mc.company_type_id)"}]}]}]}, "Unique SQL Id": 4121279504}, "explain_analyze_plan": null}, "(1, 84)": {"explain_plan": {"Plan": {"Node Type": "Aggregate", "Strategy": "Plain", "Startup Cost": 2581.34, "Total Cost": 2581.35, "Plan Rows": 1, "Plan Width": 144, "Plans": [{"Node Type": "Nested Loop", "Parent Relationship": "Outer", "Join Type": "Inner", "Startup Cost": 4.51, "Total Cost": 2581.33, "Plan Rows": 1, "Plan Width": 48, "Inner Unique": true, "Plans": [{"Node Type": "Nested Loop", "Parent Relationship": "Outer", "Join Type": "Inner", "Startup Cost": 4.51, "Total Cost": 2581.05, "Plan Rows": 1, "Plan Width": 40, "Inner Unique": false, "Join Filter": "(t.id = ml.movie_id)", "Plans": [{"Node Type": "Nested Loop", "Parent Relationship": "Outer", "Join Type": "Inner", "Startup Cost": 4.51, "Total Cost": 2580.63, "Plan Rows": 1, "Plan Width": 48, "Inner Unique": true, "Plans": [{"Node Type": "Nested Loop", "Parent Relationship": "Outer", "Join Type": "Inner", "Startup Cost": 4.51, "Total Cost": 2580.35, "Plan Rows": 1, "Plan Width": 52, "Inner Unique": true, "Plans": [{"Node Type": "Nested Loop", "Parent Relationship": "Outer", "Join Type": "Inner", "Startup Cost": 4.51, "Total Cost": 2580.05, "Plan Rows": 1, "Plan Width": 37, "Inner Unique": false, "Join Filter": "(t.id = mc.movie_id)", "Plans": [{"Node Type": "Nested Loop", "Parent Relationship": "Outer", "Join Type": "Inner", "Startup Cost": 4.51, "Total Cost": 2579.71, "Plan Rows": 1, "Plan Width": 25, "Inner Unique": true, "Plans": [{"Node Type": "Nested Loop", "Parent Relationship": "Outer", "Join Type": "Inner", "Startup Cost": 4.51, "Total Cost": 2569.02, "Plan Rows": 33, "Plan Width": 4, "Inner Unique": false, "Plans": [{"Node Type": "Seq Scan", "Parent Relationship": "Outer", "Relation Name": "keyword", "Alias": "k", "Startup Cost": 0.0, "Total Cost": 2436.11, "Plan Rows": 1, "Plan Width": 4, "Filter": "((keyword)::text = 'sequel'::text)"}, {"Node Type": "Bitmap Heap Scan", "Parent Relationship": "Inner", "Relation Name": "movie_keyword", "Alias": "mk", "Startup Cost": 4.51, "Total Cost": 132.58, "Plan Rows": 33, "Plan Width": 8, "Recheck Cond": "(keyword_id = k.id)", "Plans": [{"Node Type": "Bitmap Index Scan", "Parent Relationship": "Outer", "Index Name": "keyword_id_movie_keyword", "Startup Cost": 0.0, "Total Cost": 4.5, "Plan Rows": 33, "Plan Width": 0, "Index Cond": "(keyword_id = k.id)"}]}]}, {"Node Type": "Index Scan", "Parent Relationship": "Inner", "Scan Direction": "Forward", "Index Name": "title_pkey", "Relation Name": "title", "Alias": "t", "Startup Cost": 0.0, "Total Cost": 0.31, "Plan Rows": 1, "Plan Width": 21, "Index Cond": "(id = mk.movie_id)", "Filter": "(((title)::text ~~ '%Money%'::text) AND (production_year = 1998))"}]}, {"Node Type": "Index Scan", "Parent Relationship": "Inner", "Scan Direction": "Forward", "Index Name": "movie_id_movie_companies", "Relation Name": "movie_companies", "Alias": "mc", "Startup Cost": 0.0, "Total Cost": 0.31, "Plan Rows": 2, "Plan Width": 12, "Index Cond": "(movie_id = mk.movie_id)", "Filter": "(note IS NULL)"}]}, {"Node Type": "Index Scan", "Parent Relationship": "Inner", "Scan Direction": "Forward", "Index Name": "company_name_pkey", "Relation Name": "company_name", "Alias": "cn", "Startup Cost": 0.0, "Total Cost": 0.29, "Plan Rows": 1, "Plan Width": 23, "Index Cond": "(id = mc.company_id)", "Filter": "(((country_code)::text <> '[pl]'::text) AND (((name)::text ~~ '%Film%'::text) OR ((name)::text ~~ '%Warner%'::text)))"}]}, {"Node Type": "Index Scan", "Parent Relationship": "Inner", "Scan Direction": "Forward", "Index Name": "company_type_pkey", "Relation Name": "company_type", "Alias": "ct", "Startup Cost": 0.0, "Total Cost": 0.27, "Plan Rows": 1, "Plan Width": 4, "Index Cond": "(id = mc.company_type_id)", "Filter": "((kind)::text = 'production companies'::text)"}]}, {"Node Type": "Index Scan", "Parent Relationship": "Inner", "Scan Direction": "Forward", "Index Name": "movie_id_movie_link", "Relation Name": "movie_link", "Alias": "ml", "Startup Cost": 0.0, "Total Cost": 0.35, "Plan Rows": 5, "Plan Width": 8, "Index Cond": "(movie_id = mk.movie_id)"}]}, {"Node Type": "Index Scan", "Parent Relationship": "Inner", "Scan Direction": "Forward", "Index Name": "link_type_pkey", "Relation Name": "link_type", "Alias": "lt", "Startup Cost": 0.0, "Total Cost": 0.27, "Plan Rows": 1, "Plan Width": 16, "Index Cond": "(id = ml.link_type_id)", "Filter": "((link)::text ~~ '%follows%'::text)"}]}]}, "Unique SQL Id": 4121279504}, "explain_analyze_plan": {"Plan": {"Node Type": "Aggregate", "Strategy": "Plain", "Startup Cost": 2581.34, "Total Cost": 2581.35, "Plan Rows": 1, "Plan Width": 144, "Actual Startup Time": 107.057, "Actual Total Time": 107.057, "Actual Rows": 1, "Actual Loops": 1, "Plans": [{"Node Type": "Nested Loop", "Parent Relationship": "Outer", "Join Type": "Inner", "Startup Cost": 4.51, "Total Cost": 2581.33, "Plan Rows": 1, "Plan Width": 48, "Actual Startup Time": 107.047, "Actual Total Time": 107.047, "Actual Rows": 0, "Actual Loops": 1, "Inner Unique": true, "Plans": [{"Node Type": "Nested Loop", "Parent Relationship": "Outer", "Join Type": "Inner", "Startup Cost": 4.51, "Total Cost": 2581.05, "Plan Rows": 1, "Plan Width": 40, "Actual Startup Time": 5.482, "Actual Total Time": 106.959, "Actual Rows": 38, "Actual Loops": 1, "Inner Unique": false, "Join Filter": "(t.id = ml.movie_id)", "Rows Removed by Join Filter": 0, "Plans": [{"Node Type": "Nested Loop", "Parent Relationship": "Outer", "Join Type": "Inner", "Startup Cost": 4.51, "Total Cost": 2580.63, "Plan Rows": 1, "Plan Width": 48, "Actual Startup Time": 5.471, "Actual Total Time": 106.908, "Actual Rows": 2, "Actual Loops": 1, "Inner Unique": true, "Plans": [{"Node Type": "Nested Loop", "Parent Relationship": "Outer", "Join Type": "Inner", "Startup Cost": 4.51, "Total Cost": 2580.35, "Plan Rows": 1, "Plan Width": 52, "Actual Startup Time": 5.461, "Actual Total Time": 106.893, "Actual Rows": 2, "Actual Loops": 1, "Inner Unique": true, "Plans": [{"Node Type": "Nested Loop", "Parent Relationship": "Outer", "Join Type": "Inner", "Startup Cost": 4.51, "Total Cost": 2580.05, "Plan Rows": 1, "Plan Width": 37, "Actual Startup Time": 5.448, "Actual Total Time": 106.864, "Actual Rows": 3, "Actual Loops": 1, "Inner Unique": false, "Join Filter": "(t.id = mc.movie_id)", "Rows Removed by Join Filter": 0, "Plans": [{"Node Type": "Nested Loop", "Parent Relationship": "Outer", "Join Type": "Inner", "Startup Cost": 4.51, "Total Cost": 2579.71, "Plan Rows": 1, "Plan Width": 25, "Actual Startup Time": 5.434, "Actual Total Time": 106.846, "Actual Rows": 1, "Actual Loops": 1, "Inner Unique": true, "Plans": [{"Node Type": "Nested Loop", "Parent Relationship": "Outer", "Join Type": "Inner", "Startup Cost": 4.51, "Total Cost": 2569.02, "Plan Rows": 33, "Plan Width": 4, "Actual Startup Time": 5.175, "Actual Total Time": 57.215, "Actual Rows": 10544, "Actual Loops": 1, "Inner Unique": false, "Plans": [{"Node Type": "Seq Scan", "Parent Relationship": "Outer", "Relation Name": "keyword", "Alias": "k", "Startup Cost": 0.0, "Total Cost": 2436.11, "Plan Rows": 1, "Plan Width": 4, "Actual Startup Time": 2.299, "Actual Total Time": 40.531, "Actual Rows": 1, "Actual Loops": 1, "Filter": "((keyword)::text = 'sequel'::text)", "Rows Removed by Filter": 134168}, {"Node Type": "Bitmap Heap Scan", "Parent Relationship": "Inner", "Relation Name": "movie_keyword", "Alias": "mk", "Startup Cost": 4.51, "Total Cost": 132.58, "Plan Rows": 33, "Plan Width": 8, "Actual Startup Time": 2.868, "Actual Total Time": 14.547, "Actual Rows": 10544, "Actual Loops": 1, "Recheck Cond": "(keyword_id = k.id)", "Rows Removed by Index Recheck": 0, "Exact Heap Blocks": 5090, "Lossy Heap Blocks": 5090, "Plans": [{"Node Type": "Bitmap Index Scan", "Parent Relationship": "Outer", "Index Name": "keyword_id_movie_keyword", "Startup Cost": 0.0, "Total Cost": 4.5, "Plan Rows": 33, "Plan Width": 0, "Actual Startup Time": 1.963, "Actual Total Time": 1.963, "Actual Rows": 10544, "Actual Loops": 1, "Index Cond": "(keyword_id = k.id)"}]}]}, {"Node Type": "Index Scan", "Parent Relationship": "Inner", "Scan Direction": "Forward", "Index Name": "title_pkey", "Relation Name": "title", "Alias": "t", "Startup Cost": 0.0, "Total Cost": 0.31, "Plan Rows": 1, "Plan Width": 21, "Actual Startup Time": 44.363, "Actual Total Time": 44.363, "Actual Rows": 1, "Actual Loops": 10544, "Index Cond": "(id = mk.movie_id)", "Rows Removed by Index Recheck": 0, "Filter": "(((title)::text ~~ '%Money%'::text) AND (production_year = 1998))", "Rows Removed by Filter": 10543}]}, {"Node Type": "Index Scan", "Parent Relationship": "Inner", "Scan Direction": "Forward", "Index Name": "movie_id_movie_companies", "Relation Name": "movie_companies", "Alias": "mc", "Startup Cost": 0.0, "Total Cost": 0.31, "Plan Rows": 2, "Plan Width": 12, "Actual Startup Time": 0.011, "Actual Total Time": 0.014, "Actual Rows": 3, "Actual Loops": 1, "Index Cond": "(movie_id = mk.movie_id)", "Rows Removed by Index Recheck": 0, "Filter": "(note IS NULL)", "Rows Removed by Filter": 1}]}, {"Node Type": "Index Scan", "Parent Relationship": "Inner", "Scan Direction": "Forward", "Index Name": "company_name_pkey", "Relation Name": "company_name", "Alias": "cn", "Startup Cost": 0.0, "Total Cost": 0.29, "Plan Rows": 1, "Plan Width": 23, "Actual Startup Time": 0.025, "Actual Total Time": 0.025, "Actual Rows": 2, "Actual Loops": 3, "Index Cond": "(id = mc.company_id)", "Rows Removed by Index Recheck": 0, "Filter": "(((country_code)::text <> '[pl]'::text) AND (((name)::text ~~ '%Film%'::text) OR ((name)::text ~~ '%Warner%'::text)))", "Rows Removed by Filter": 1}]}, {"Node Type": "Index Scan", "Parent Relationship": "Inner", "Scan Direction": "Forward", "Index Name": "company_type_pkey", "Relation Name": "company_type", "Alias": "ct", "Startup Cost": 0.0, "Total Cost": 0.27, "Plan Rows": 1, "Plan Width": 4, "Actual Startup Time": 0.01, "Actual Total Time": 0.01, "Actual Rows": 2, "Actual Loops": 2, "Index Cond": "(id = mc.company_type_id)", "Rows Removed by Index Recheck": 0, "Filter": "((kind)::text = 'production companies'::text)", "Rows Removed by Filter": 0}]}, {"Node Type": "Index Scan", "Parent Relationship": "Inner", "Scan Direction": "Forward", "Index Name": "movie_id_movie_link", "Relation Name": "movie_link", "Alias": "ml", "Startup Cost": 0.0, "Total Cost": 0.35, "Plan Rows": 5, "Plan Width": 8, "Actual Startup Time": 0.011, "Actual Total Time": 0.027, "Actual Rows": 38, "Actual Loops": 2, "Index Cond": "(movie_id = mk.movie_id)", "Rows Removed by Index Recheck": 0}]}, {"Node Type": "Index Scan", "Parent Relationship": "Inner", "Scan Direction": "Forward", "Index Name": "link_type_pkey", "Relation Name": "link_type", "Alias": "lt", "Startup Cost": 0.0, "Total Cost": 0.27, "Plan Rows": 1, "Plan Width": 16, "Actual Startup Time": 0.073, "Actual Total Time": 0.073, "Actual Rows": 0, "Actual Loops": 38, "Index Cond": "(id = ml.link_type_id)", "Rows Removed by Index Recheck": 0, "Filter": "((link)::text ~~ '%follows%'::text)", "Rows Removed by Filter": 24}]}]}, "Triggers": [], "Planner Runtime": 64.386, "Total Runtime": 107.455, "Unique SQL Id": 4121279504}}, "(1, 85)": {"explain_plan": {"Plan": {"Node Type": "Aggregate", "Strategy": "Plain", "Startup Cost": 3327.94, "Total Cost": 3327.95, "Plan Rows": 1, "Plan Width": 144, "Plans": [{"Node Type": "Nested Loop", "Parent Relationship": "Outer", "Join Type": "Inner", "Startup Cost": 4.51, "Total Cost": 3327.93, "Plan Rows": 1, "Plan Width": 48, "Inner Unique": true, "Plans": [{"Node Type": "Nested Loop", "Parent Relationship": "Outer", "Join Type": "Inner", "Startup Cost": 4.51, "Total Cost": 3327.65, "Plan Rows": 1, "Plan Width": 40, "Inner Unique": false, "Join Filter": "(t.id = ml.movie_id)", "Plans": [{"Node Type": "Nested Loop", "Parent Relationship": "Outer", "Join Type": "Inner", "Startup Cost": 4.51, "Total Cost": 3327.24, "Plan Rows": 1, "Plan Width": 48, "Inner Unique": true, "Plans": [{"Node Type": "Nested Loop", "Parent Relationship": "Outer", "Join Type": "Inner", "Startup Cost": 4.51, "Total Cost": 3326.95, "Plan Rows": 1, "Plan Width": 52, "Inner Unique": true, "Plans": [{"Node Type": "Nested Loop", "Parent Relationship": "Outer", "Join Type": "Inner", "Startup Cost": 4.51, "Total Cost": 3326.66, "Plan Rows": 1, "Plan Width": 37, "Inner Unique": false, "Join Filter": "(t.id = mc.movie_id)", "Plans": [{"Node Type": "Nested Loop", "Parent Relationship": "Outer", "Join Type": "Inner", "Startup Cost": 4.51, "Total Cost": 3326.32, "Plan Rows": 1, "Plan Width": 25, "Inner Unique": true, "Plans": [{"Node Type": "Nested Loop", "Parent Relationship": "Outer", "Join Type": "Inner", "Startup Cost": 4.51, "Total Cost": 3315.63, "Plan Rows": 33, "Plan Width": 4, "Inner Unique": false, "Plans": [{"Node Type": "Index Scan", "Parent Relationship": "Outer", "Scan Direction": "Forward", "Index Name": "keyword_pkey", "Relation Name": "keyword", "Alias": "k", "Startup Cost": 0.0, "Total Cost": 3182.72, "Plan Rows": 1, "Plan Width": 4, "Filter": "((keyword)::text = 'sequel'::text)"}, {"Node Type": "Bitmap Heap Scan", "Parent Relationship": "Inner", "Relation Name": "movie_keyword", "Alias": "mk", "Startup Cost": 4.51, "Total Cost": 132.58, "Plan Rows": 33, "Plan Width": 8, "Recheck Cond": "(keyword_id = k.id)", "Plans": [{"Node Type": "Bitmap Index Scan", "Parent Relationship": "Outer", "Index Name": "keyword_id_movie_keyword", "Startup Cost": 0.0, "Total Cost": 4.5, "Plan Rows": 33, "Plan Width": 0, "Index Cond": "(keyword_id = k.id)"}]}]}, {"Node Type": "Index Scan", "Parent Relationship": "Inner", "Scan Direction": "Forward", "Index Name": "title_pkey", "Relation Name": "title", "Alias": "t", "Startup Cost": 0.0, "Total Cost": 0.31, "Plan Rows": 1, "Plan Width": 21, "Index Cond": "(id = mk.movie_id)", "Filter": "(((title)::text ~~ '%Money%'::text) AND (production_year = 1998))"}]}, {"Node Type": "Index Scan", "Parent Relationship": "Inner", "Scan Direction": "Forward", "Index Name": "movie_id_movie_companies", "Relation Name": "movie_companies", "Alias": "mc", "Startup Cost": 0.0, "Total Cost": 0.31, "Plan Rows": 2, "Plan Width": 12, "Index Cond": "(movie_id = mk.movie_id)", "Filter": "(note IS NULL)"}]}, {"Node Type": "Index Scan", "Parent Relationship": "Inner", "Scan Direction": "Forward", "Index Name": "company_name_pkey", "Relation Name": "company_name", "Alias": "cn", "Startup Cost": 0.0, "Total Cost": 0.29, "Plan Rows": 1, "Plan Width": 23, "Index Cond": "(id = mc.company_id)", "Filter": "(((country_code)::text <> '[pl]'::text) AND (((name)::text ~~ '%Film%'::text) OR ((name)::text ~~ '%Warner%'::text)))"}]}, {"Node Type": "Index Scan", "Parent Relationship": "Inner", "Scan Direction": "Forward", "Index Name": "company_type_pkey", "Relation Name": "company_type", "Alias": "ct", "Startup Cost": 0.0, "Total Cost": 0.27, "Plan Rows": 1, "Plan Width": 4, "Index Cond": "(id = mc.company_type_id)", "Filter": "((kind)::text = 'production companies'::text)"}]}, {"Node Type": "Index Scan", "Parent Relationship": "Inner", "Scan Direction": "Forward", "Index Name": "movie_id_movie_link", "Relation Name": "movie_link", "Alias": "ml", "Startup Cost": 0.0, "Total Cost": 0.35, "Plan Rows": 5, "Plan Width": 8, "Index Cond": "(movie_id = mk.movie_id)"}]}, {"Node Type": "Index Scan", "Parent Relationship": "Inner", "Scan Direction": "Forward", "Index Name": "link_type_pkey", "Relation Name": "link_type", "Alias": "lt", "Startup Cost": 0.0, "Total Cost": 0.27, "Plan Rows": 1, "Plan Width": 16, "Index Cond": "(id = ml.link_type_id)", "Filter": "((link)::text ~~ '%follows%'::text)"}]}]}, "Unique SQL Id": 4121279504}, "explain_analyze_plan": {"Plan": {"Node Type": "Aggregate", "Strategy": "Plain", "Startup Cost": 3327.94, "Total Cost": 3327.95, "Plan Rows": 1, "Plan Width": 144, "Actual Startup Time": 181.02, "Actual Total Time": 181.021, "Actual Rows": 1, "Actual Loops": 1, "Plans": [{"Node Type": "Nested Loop", "Parent Relationship": "Outer", "Join Type": "Inner", "Startup Cost": 4.51, "Total Cost": 3327.93, "Plan Rows": 1, "Plan Width": 48, "Actual Startup Time": 181.01, "Actual Total Time": 181.01, "Actual Rows": 0, "Actual Loops": 1, "Inner Unique": true, "Plans": [{"Node Type": "Nested Loop", "Parent Relationship": "Outer", "Join Type": "Inner", "Startup Cost": 4.51, "Total Cost": 3327.65, "Plan Rows": 1, "Plan Width": 40, "Actual Startup Time": 3.646, "Actual Total Time": 180.923, "Actual Rows": 38, "Actual Loops": 1, "Inner Unique": false, "Join Filter": "(t.id = ml.movie_id)", "Rows Removed by Join Filter": 0, "Plans": [{"Node Type": "Nested Loop", "Parent Relationship": "Outer", "Join Type": "Inner", "Startup Cost": 4.51, "Total Cost": 3327.24, "Plan Rows": 1, "Plan Width": 48, "Actual Startup Time": 3.636, "Actual Total Time": 180.883, "Actual Rows": 2, "Actual Loops": 1, "Inner Unique": true, "Plans": [{"Node Type": "Nested Loop", "Parent Relationship": "Outer", "Join Type": "Inner", "Startup Cost": 4.51, "Total Cost": 3326.95, "Plan Rows": 1, "Plan Width": 52, "Actual Startup Time": 3.627, "Actual Total Time": 180.869, "Actual Rows": 2, "Actual Loops": 1, "Inner Unique": true, "Plans": [{"Node Type": "Nested Loop", "Parent Relationship": "Outer", "Join Type": "Inner", "Startup Cost": 4.51, "Total Cost": 3326.66, "Plan Rows": 1, "Plan Width": 37, "Actual Startup Time": 3.613, "Actual Total Time": 180.84, "Actual Rows": 3, "Actual Loops": 1, "Inner Unique": false, "Join Filter": "(t.id = mc.movie_id)", "Rows Removed by Join Filter": 0, "Plans": [{"Node Type": "Nested Loop", "Parent Relationship": "Outer", "Join Type": "Inner", "Startup Cost": 4.51, "Total Cost": 3326.32, "Plan Rows": 1, "Plan Width": 25, "Actual Startup Time": 3.597, "Actual Total Time": 180.82, "Actual Rows": 1, "Actual Loops": 1, "Inner Unique": true, "Plans": [{"Node Type": "Nested Loop", "Parent Relationship": "Outer", "Join Type": "Inner", "Startup Cost": 4.51, "Total Cost": 3315.63, "Plan Rows": 33, "Plan Width": 4, "Actual Startup Time": 3.337, "Actual Total Time": 130.626, "Actual Rows": 10544, "Actual Loops": 1, "Inner Unique": false, "Plans": [{"Node Type": "Index Scan", "Parent Relationship": "Outer", "Scan Direction": "Forward", "Index Name": "keyword_pkey", "Relation Name": "keyword", "Alias": "k", "Startup Cost": 0.0, "Total Cost": 3182.72, "Plan Rows": 1, "Plan Width": 4, "Actual Startup Time": 0.436, "Actual Total Time": 113.393, "Actual Rows": 1, "Actual Loops": 1, "Filter": "((keyword)::text = 'sequel'::text)", "Rows Removed by Filter": 134168}, {"Node Type": "Bitmap Heap Scan", "Parent Relationship": "Inner", "Relation Name": "movie_keyword", "Alias": "mk", "Startup Cost": 4.51, "Total Cost": 132.58, "Plan Rows": 33, "Plan Width": 8, "Actual Startup Time": 2.893, "Actual Total Time": 14.881, "Actual Rows": 10544, "Actual Loops": 1, "Recheck Cond": "(keyword_id = k.id)", "Rows Removed by Index Recheck": 0, "Exact Heap Blocks": 5090, "Lossy Heap Blocks": 5090, "Plans": [{"Node Type": "Bitmap Index Scan", "Parent Relationship": "Outer", "Index Name": "keyword_id_movie_keyword", "Startup Cost": 0.0, "Total Cost": 4.5, "Plan Rows": 33, "Plan Width": 0, "Actual Startup Time": 1.993, "Actual Total Time": 1.993, "Actual Rows": 10544, "Actual Loops": 1, "Index Cond": "(keyword_id = k.id)"}]}]}, {"Node Type": "Index Scan", "Parent Relationship": "Inner", "Scan Direction": "Forward", "Index Name": "title_pkey", "Relation Name": "title", "Alias": "t", "Startup Cost": 0.0, "Total Cost": 0.31, "Plan Rows": 1, "Plan Width": 21, "Actual Startup Time": 44.981, "Actual Total Time": 44.981, "Actual Rows": 1, "Actual Loops": 10544, "Index Cond": "(id = mk.movie_id)", "Rows Removed by Index Recheck": 0, "Filter": "(((title)::text ~~ '%Money%'::text) AND (production_year = 1998))", "Rows Removed by Filter": 10543}]}, {"Node Type": "Index Scan", "Parent Relationship": "Inner", "Scan Direction": "Forward", "Index Name": "movie_id_movie_companies", "Relation Name": "movie_companies", "Alias": "mc", "Startup Cost": 0.0, "Total Cost": 0.31, "Plan Rows": 2, "Plan Width": 12, "Actual Startup Time": 0.012, "Actual Total Time": 0.013, "Actual Rows": 3, "Actual Loops": 1, "Index Cond": "(movie_id = mk.movie_id)", "Rows Removed by Index Recheck": 0, "Filter": "(note IS NULL)", "Rows Removed by Filter": 1}]}, {"Node Type": "Index Scan", "Parent Relationship": "Inner", "Scan Direction": "Forward", "Index Name": "company_name_pkey", "Relation Name": "company_name", "Alias": "cn", "Startup Cost": 0.0, "Total Cost": 0.29, "Plan Rows": 1, "Plan Width": 23, "Actual Startup Time": 0.023, "Actual Total Time": 0.023, "Actual Rows": 2, "Actual Loops": 3, "Index Cond": "(id = mc.company_id)", "Rows Removed by Index Recheck": 0, "Filter": "(((country_code)::text <> '[pl]'::text) AND (((name)::text ~~ '%Film%'::text) OR ((name)::text ~~ '%Warner%'::text)))", "Rows Removed by Filter": 1}]}, {"Node Type": "Index Scan", "Parent Relationship": "Inner", "Scan Direction": "Forward", "Index Name": "company_type_pkey", "Relation Name": "company_type", "Alias": "ct", "Startup Cost": 0.0, "Total Cost": 0.27, "Plan Rows": 1, "Plan Width": 4, "Actual Startup Time": 0.009, "Actual Total Time": 0.009, "Actual Rows": 2, "Actual Loops": 2, "Index Cond": "(id = mc.company_type_id)", "Rows Removed by Index Recheck": 0, "Filter": "((kind)::text = 'production companies'::text)", "Rows Removed by Filter": 0}]}, {"Node Type": "Index Scan", "Parent Relationship": "Inner", "Scan Direction": "Forward", "Index Name": "movie_id_movie_link", "Relation Name": "movie_link", "Alias": "ml", "Startup Cost": 0.0, "Total Cost": 0.35, "Plan Rows": 5, "Plan Width": 8, "Actual Startup Time": 0.011, "Actual Total Time": 0.023, "Actual Rows": 38, "Actual Loops": 2, "Index Cond": "(movie_id = mk.movie_id)", "Rows Removed by Index Recheck": 0}]}, {"Node Type": "Index Scan", "Parent Relationship": "Inner", "Scan Direction": "Forward", "Index Name": "link_type_pkey", "Relation Name": "link_type", "Alias": "lt", "Startup Cost": 0.0, "Total Cost": 0.27, "Plan Rows": 1, "Plan Width": 16, "Actual Startup Time": 0.063, "Actual Total Time": 0.063, "Actual Rows": 0, "Actual Loops": 38, "Index Cond": "(id = ml.link_type_id)", "Rows Removed by Index Recheck": 0, "Filter": "((link)::text ~~ '%follows%'::text)", "Rows Removed by Filter": 24}]}]}, "Triggers": [], "Planner Runtime": 58.021, "Total Runtime": 181.432, "Unique SQL Id": 4121279504}}, "(1, 86)": {"explain_plan": {"Plan": {"Node Type": "Aggregate", "Strategy": "Plain", "Startup Cost": 2726.08, "Total Cost": 2726.09, "Plan Rows": 1, "Plan Width": 144, "Plans": [{"Node Type": "Nested Loop", "Parent Relationship": "Outer", "Join Type": "Inner", "Startup Cost": 2722.02, "Total Cost": 2726.07, "Plan Rows": 1, "Plan Width": 48, "Inner Unique": true, "Plans": [{"Node Type": "Merge Join", "Parent Relationship": "Outer", "Join Type": "Inner", "Startup Cost": 2721.76, "Total Cost": 2721.79, "Plan Rows": 1, "Plan Width": 33, "Inner Unique": true, "Merge Cond": "(mc.company_type_id = ct.id)", "Plans": [{"Node Type": "Sort", "Parent Relationship": "Outer", "Startup Cost": 2720.71, "Total Cost": 2720.72, "Plan Rows": 1, "Plan Width": 37, "Sort Key": ["mc.company_type_id"], "Plans": [{"Node Type": "Merge Join", "Parent Relationship": "Outer", "Join Type": "Inner", "Startup Cost": 2720.68, "Total Cost": 2720.7, "Plan Rows": 1, "Plan Width": 37, "Inner Unique": true, "Merge Cond": "(ml.link_type_id = lt.id)", "Plans": [{"Node Type": "Sort", "Parent Relationship": "Outer", "Startup Cost": 2719.46, "Total Cost": 2719.46, "Plan Rows": 1, "Plan Width": 29, "Sort Key": ["ml.link_type_id"], "Plans": [{"Node Type": "Nested Loop", "Parent Relationship": "Outer", "Join Type": "Inner", "Startup Cost": 5.33, "Total Cost": 2719.45, "Plan Rows": 1, "Plan Width": 29, "Inner Unique": false, "Join Filter": "(t.id = ml.movie_id)", "Plans": [{"Node Type": "Nested Loop", "Parent Relationship": "Outer", "Join Type": "Inner", "Startup Cost": 5.05, "Total Cost": 2715.03, "Plan Rows": 1, "Plan Width": 37, "Inner Unique": false, "Join Filter": "(t.id = mc.movie_id)", "Plans": [{"Node Type": "Nested Loop", "Parent Relationship": "Outer", "Join Type": "Inner", "Startup Cost": 4.77, "Total Cost": 2710.71, "Plan Rows": 1, "Plan Width": 25, "Inner Unique": true, "Plans": [{"Node Type": "Nested Loop", "Parent Relationship": "Outer", "Join Type": "Inner", "Startup Cost": 4.51, "Total Cost": 2569.02, "Plan Rows": 33, "Plan Width": 4, "Inner Unique": false, "Plans": [{"Node Type": "Seq Scan", "Parent Relationship": "Outer", "Relation Name": "keyword", "Alias": "k", "Startup Cost": 0.0, "Total Cost": 2436.11, "Plan Rows": 1, "Plan Width": 4, "Filter": "((keyword)::text = 'sequel'::text)"}, {"Node Type": "Bitmap Heap Scan", "Parent Relationship": "Inner", "Relation Name": "movie_keyword", "Alias": "mk", "Startup Cost": 4.51, "Total Cost": 132.58, "Plan Rows": 33, "Plan Width": 8, "Recheck Cond": "(keyword_id = k.id)", "Plans": [{"Node Type": "Bitmap Index Scan", "Parent Relationship": "Outer", "Index Name": "keyword_id_movie_keyword", "Startup Cost": 0.0, "Total Cost": 4.5, "Plan Rows": 33, "Plan Width": 0, "Index Cond": "(keyword_id = k.id)"}]}]}, {"Node Type": "Bitmap Heap Scan", "Parent Relationship": "Inner", "Relation Name": "title", "Alias": "t", "Startup Cost": 0.27, "Total Cost": 4.28, "Plan Rows": 1, "Plan Width": 21, "Recheck Cond": "(id = mk.movie_id)", "Filter": "(((title)::text ~~ '%Money%'::text) AND (production_year = 1998))", "Plans": [{"Node Type": "Bitmap Index Scan", "Parent Relationship": "Outer", "Index Name": "title_pkey", "Startup Cost": 0.0, "Total Cost": 0.27, "Plan Rows": 1, "Plan Width": 0, "Index Cond": "(id = mk.movie_id)"}]}]}, {"Node Type": "Bitmap Heap Scan", "Parent Relationship": "Inner", "Relation Name": "movie_companies", "Alias": "mc", "Startup Cost": 0.27, "Total Cost": 4.3, "Plan Rows": 2, "Plan Width": 12, "Recheck Cond": "(movie_id = mk.movie_id)", "Filter": "(note IS NULL)", "Plans": [{"Node Type": "Bitmap Index Scan", "Parent Relationship": "Outer", "Index Name": "movie_id_movie_companies", "Startup Cost": 0.0, "Total Cost": 0.27, "Plan Rows": 2, "Plan Width": 0, "Index Cond": "(movie_id = mk.movie_id)"}]}]}, {"Node Type": "Bitmap Heap Scan", "Parent Relationship": "Inner", "Relation Name": "movie_link", "Alias": "ml", "Startup Cost": 0.29, "Total Cost": 4.35, "Plan Rows": 5, "Plan Width": 8, "Recheck Cond": "(movie_id = mk.movie_id)", "Plans": [{"Node Type": "Bitmap Index Scan", "Parent Relationship": "Outer", "Index Name": "movie_id_movie_link", "Startup Cost": 0.0, "Total Cost": 0.29, "Plan Rows": 5, "Plan Width": 0, "Index Cond": "(movie_id = mk.movie_id)"}]}]}]}, {"Node Type": "Sort", "Parent Relationship": "Inner", "Startup Cost": 1.22, "Total Cost": 1.23, "Plan Rows": 1, "Plan Width": 16, "Sort Key": ["lt.id"], "Plans": [{"Node Type": "Seq Scan", "Parent Relationship": "Outer", "Relation Name": "link_type", "Alias": "lt", "Startup Cost": 0.0, "Total Cost": 1.21, "Plan Rows": 1, "Plan Width": 16, "Filter": "((link)::text ~~ '%follows%'::text)"}]}]}]}, {"Node Type": "Sort", "Parent Relationship": "Inner", "Startup Cost": 1.05, "Total Cost": 1.05, "Plan Rows": 1, "Plan Width": 4, "Sort Key": ["ct.id"], "Plans": [{"Node Type": "Seq Scan", "Parent Relationship": "Outer", "Relation Name": "company_type", "Alias": "ct", "Startup Cost": 0.0, "Total Cost": 1.04, "Plan Rows": 1, "Plan Width": 4, "Filter": "((kind)::text = 'production companies'::text)"}]}]}, {"Node Type": "Bitmap Heap Scan", "Parent Relationship": "Inner", "Relation Name": "company_name", "Alias": "cn", "Startup Cost": 0.26, "Total Cost": 4.28, "Plan Rows": 1, "Plan Width": 23, "Recheck Cond": "(id = mc.company_id)", "Filter": "(((country_code)::text <> '[pl]'::text) AND (((name)::text ~~ '%Film%'::text) OR ((name)::text ~~ '%Warner%'::text)))", "Plans": [{"Node Type": "Bitmap Index Scan", "Parent Relationship": "Outer", "Index Name": "company_name_pkey", "Startup Cost": 0.0, "Total Cost": 0.26, "Plan Rows": 1, "Plan Width": 0, "Index Cond": "(id = mc.company_id)"}]}]}]}, "Unique SQL Id": 4121279504}, "explain_analyze_plan": {"Plan": {"Node Type": "Aggregate", "Strategy": "Plain", "Startup Cost": 2726.08, "Total Cost": 2726.09, "Plan Rows": 1, "Plan Width": 144, "Actual Startup Time": 122.995, "Actual Total Time": 122.996, "Actual Rows": 1, "Actual Loops": 1, "Plans": [{"Node Type": "Nested Loop", "Parent Relationship": "Outer", "Join Type": "Inner", "Startup Cost": 2722.02, "Total Cost": 2726.07, "Plan Rows": 1, "Plan Width": 48, "Actual Startup Time": 122.984, "Actual Total Time": 122.984, "Actual Rows": 0, "Actual Loops": 1, "Inner Unique": true, "Plans": [{"Node Type": "Merge Join", "Parent Relationship": "Outer", "Join Type": "Inner", "Startup Cost": 2721.76, "Total Cost": 2721.79, "Plan Rows": 1, "Plan Width": 33, "Actual Startup Time": 122.982, "Actual Total Time": 122.982, "Actual Rows": 0, "Actual Loops": 1, "Inner Unique": true, "Merge Cond": "(mc.company_type_id = ct.id)", "Plans": [{"Node Type": "Sort", "Parent Relationship": "Outer", "Startup Cost": 2720.71, "Total Cost": 2720.72, "Plan Rows": 1, "Plan Width": 37, "Actual Startup Time": 122.977, "Actual Total Time": 122.977, "Actual Rows": 0, "Actual Loops": 1, "Sort Key": ["mc.company_type_id"], "Sort Method": "quicksort", "Sort Space Used": 25, "Sort Space Type": "Memory", "Plans": [{"Node Type": "Merge Join", "Parent Relationship": "Outer", "Join Type": "Inner", "Startup Cost": 2720.68, "Total Cost": 2720.7, "Plan Rows": 1, "Plan Width": 37, "Actual Startup Time": 122.964, "Actual Total Time": 122.964, "Actual Rows": 0, "Actual Loops": 1, "Inner Unique": true, "Merge Cond": "(ml.link_type_id = lt.id)", "Plans": [{"Node Type": "Sort", "Parent Relationship": "Outer", "Startup Cost": 2719.46, "Total Cost": 2719.46, "Plan Rows": 1, "Plan Width": 29, "Actual Startup Time": 122.892, "Actual Total Time": 122.892, "Actual Rows": 1, "Actual Loops": 1, "Sort Key": ["ml.link_type_id"], "Sort Method": "quicksort", "Sort Space Used": 30, "Sort Space Type": "Memory", "Plans": [{"Node Type": "Nested Loop", "Parent Relationship": "Outer", "Join Type": "Inner", "Startup Cost": 5.33, "Total Cost": 2719.45, "Plan Rows": 1, "Plan Width": 29, "Actual Startup Time": 5.912, "Actual Total Time": 122.855, "Actual Rows": 57, "Actual Loops": 1, "Inner Unique": false, "Join Filter": "(t.id = ml.movie_id)", "Rows Removed by Join Filter": 0, "Plans": [{"Node Type": "Nested Loop", "Parent Relationship": "Outer", "Join Type": "Inner", "Startup Cost": 5.05, "Total Cost": 2715.03, "Plan Rows": 1, "Plan Width": 37, "Actual Startup Time": 5.876, "Actual Total Time": 122.771, "Actual Rows": 3, "Actual Loops": 1, "Inner Unique": false, "Join Filter": "(t.id = mc.movie_id)", "Rows Removed by Join Filter": 0, "Plans": [{"Node Type": "Nested Loop", "Parent Relationship": "Outer", "Join Type": "Inner", "Startup Cost": 4.77, "Total Cost": 2710.71, "Plan Rows": 1, "Plan Width": 25, "Actual Startup Time": 5.834, "Actual Total Time": 122.727, "Actual Rows": 1, "Actual Loops": 1, "Inner Unique": true, "Plans": [{"Node Type": "Nested Loop", "Parent Relationship": "Outer", "Join Type": "Inner", "Startup Cost": 4.51, "Total Cost": 2569.02, "Plan Rows": 33, "Plan Width": 4, "Actual Startup Time": 5.475, "Actual Total Time": 57.322, "Actual Rows": 10544, "Actual Loops": 1, "Inner Unique": false, "Plans": [{"Node Type": "Seq Scan", "Parent Relationship": "Outer", "Relation Name": "keyword", "Alias": "k", "Startup Cost": 0.0, "Total Cost": 2436.11, "Plan Rows": 1, "Plan Width": 4, "Actual Startup Time": 2.447, "Actual Total Time": 40.677, "Actual Rows": 1, "Actual Loops": 1, "Filter": "((keyword)::text = 'sequel'::text)", "Rows Removed by Filter": 134168}, {"Node Type": "Bitmap Heap Scan", "Parent Relationship": "Inner", "Relation Name": "movie_keyword", "Alias": "mk", "Startup Cost": 4.51, "Total Cost": 132.58, "Plan Rows": 33, "Plan Width": 8, "Actual Startup Time": 3.02, "Actual Total Time": 14.462, "Actual Rows": 10544, "Actual Loops": 1, "Recheck Cond": "(keyword_id = k.id)", "Rows Removed by Index Recheck": 0, "Exact Heap Blocks": 5090, "Lossy Heap Blocks": 5090, "Plans": [{"Node Type": "Bitmap Index Scan", "Parent Relationship": "Outer", "Index Name": "keyword_id_movie_keyword", "Startup Cost": 0.0, "Total Cost": 4.5, "Plan Rows": 33, "Plan Width": 0, "Actual Startup Time": 2.11, "Actual Total Time": 2.11, "Actual Rows": 10544, "Actual Loops": 1, "Index Cond": "(keyword_id = k.id)"}]}]}, {"Node Type": "Bitmap Heap Scan", "Parent Relationship": "Inner", "Relation Name": "title", "Alias": "t", "Startup Cost": 0.27, "Total Cost": 4.28, "Plan Rows": 1, "Plan Width": 21, "Actual Startup Time": 53.622, "Actual Total Time": 53.622, "Actual Rows": 1, "Actual Loops": 10544, "Recheck Cond": "(id = mk.movie_id)", "Rows Removed by Index Recheck": 0, "Filter": "(((title)::text ~~ '%Money%'::text) AND (production_year = 1998))", "Rows Removed by Filter": 10543, "Exact Heap Blocks": 10544, "Lossy Heap Blocks": 10544, "Plans": [{"Node Type": "Bitmap Index Scan", "Parent Relationship": "Outer", "Index Name": "title_pkey", "Startup Cost": 0.0, "Total Cost": 0.27, "Plan Rows": 1, "Plan Width": 0, "Actual Startup Time": 28.383, "Actual Total Time": 28.383, "Actual Rows": 10544, "Actual Loops": 10544, "Index Cond": "(id = mk.movie_id)"}]}]}, {"Node Type": "Bitmap Heap Scan", "Parent Relationship": "Inner", "Relation Name": "movie_companies", "Alias": "mc", "Startup Cost": 0.27, "Total Cost": 4.3, "Plan Rows": 2, "Plan Width": 12, "Actual Startup Time": 0.024, "Actual Total Time": 0.024, "Actual Rows": 3, "Actual Loops": 1, "Recheck Cond": "(movie_id = mk.movie_id)", "Rows Removed by Index Recheck": 0, "Filter": "(note IS NULL)", "Rows Removed by Filter": 1, "Exact Heap Blocks": 2, "Lossy Heap Blocks": 2, "Plans": [{"Node Type": "Bitmap Index Scan", "Parent Relationship": "Outer", "Index Name": "movie_id_movie_companies", "Startup Cost": 0.0, "Total Cost": 0.27, "Plan Rows": 2, "Plan Width": 0, "Actual Startup Time": 0.01, "Actual Total Time": 0.01, "Actual Rows": 4, "Actual Loops": 1, "Index Cond": "(movie_id = mk.movie_id)"}]}]}, {"Node Type": "Bitmap Heap Scan", "Parent Relationship": "Inner", "Relation Name": "movie_link", "Alias": "ml", "Startup Cost": 0.29, "Total Cost": 4.35, "Plan Rows": 5, "Plan Width": 8, "Actual Startup Time": 0.04, "Actual Total Time": 0.049, "Actual Rows": 57, "Actual Loops": 3, "Recheck Cond": "(movie_id = mk.movie_id)", "Rows Removed by Index Recheck": 0, "Exact Heap Blocks": 3, "Lossy Heap Blocks": 3, "Plans": [{"Node Type": "Bitmap Index Scan", "Parent Relationship": "Outer", "Index Name": "movie_id_movie_link", "Startup Cost": 0.0, "Total Cost": 0.29, "Plan Rows": 5, "Plan Width": 0, "Actual Startup Time": 0.017, "Actual Total Time": 0.017, "Actual Rows": 57, "Actual Loops": 3, "Index Cond": "(movie_id = mk.movie_id)"}]}]}]}, {"Node Type": "Sort", "Parent Relationship": "Inner", "Startup Cost": 1.22, "Total Cost": 1.23, "Plan Rows": 1, "Plan Width": 16, "Actual Startup Time": 0.054, "Actual Total Time": 0.054, "Actual Rows": 0, "Actual Loops": 1, "Sort Key": ["lt.id"], "Sort Method": "quicksort", "Sort Space Used": 25, "Sort Space Type": "Memory", "Plans": [{"Node Type": "Seq Scan", "Parent Relationship": "Outer", "Relation Name": "link_type", "Alias": "lt", "Startup Cost": 0.0, "Total Cost": 1.21, "Plan Rows": 1, "Plan Width": 16, "Actual Startup Time": 0.031, "Actual Total Time": 0.031, "Actual Rows": 0, "Actual Loops": 1, "Filter": "((link)::text ~~ '%follows%'::text)", "Rows Removed by Filter": 17}]}]}]}, {"Node Type": "Sort", "Parent Relationship": "Inner", "Startup Cost": 1.05, "Total Cost": 1.05, "Plan Rows": 1, "Plan Width": 4, "Actual Startup Time": 0.0, "Actual Total Time": 0.0, "Sort Key": ["ct.id"], "Plans": [{"Node Type": "Seq Scan", "Parent Relationship": "Outer", "Relation Name": "company_type", "Alias": "ct", "Startup Cost": 0.0, "Total Cost": 1.04, "Plan Rows": 1, "Plan Width": 4, "Actual Startup Time": 0.0, "Actual Total Time": 0.0, "Filter": "((kind)::text = 'production companies'::text)", "Rows Removed by Filter": 0}]}]}, {"Node Type": "Bitmap Heap Scan", "Parent Relationship": "Inner", "Relation Name": "company_name", "Alias": "cn", "Startup Cost": 0.26, "Total Cost": 4.28, "Plan Rows": 1, "Plan Width": 23, "Actual Startup Time": 0.0, "Actual Total Time": 0.0, "Recheck Cond": "(id = mc.company_id)", "Rows Removed by Index Recheck": 0, "Filter": "(((country_code)::text <> '[pl]'::text) AND (((name)::text ~~ '%Film%'::text) OR ((name)::text ~~ '%Warner%'::text)))", "Rows Removed by Filter": 0, "Exact Heap Blocks": 0, "Lossy Heap Blocks": 0, "Plans": [{"Node Type": "Bitmap Index Scan", "Parent Relationship": "Outer", "Index Name": "company_name_pkey", "Startup Cost": 0.0, "Total Cost": 0.26, "Plan Rows": 1, "Plan Width": 0, "Actual Startup Time": 0.0, "Actual Total Time": 0.0, "Index Cond": "(id = mc.company_id)"}]}]}]}, "Triggers": [], "Planner Runtime": 41.326, "Total Runtime": 123.745, "Unique SQL Id": 4121279504}}, "(1, 87)": {"explain_plan": {"Plan": {"Node Type": "Aggregate", "Strategy": "Plain", "Startup Cost": 1000014795431.67, "Total Cost": 1000014795431.68, "Plan Rows": 1, "Plan Width": 144, "Plans": [{"Node Type": "Nested Loop", "Parent Relationship": "Outer", "Join Type": "Inner", "Startup Cost": 10000000001.97, "Total Cost": 1000014795431.66, "Plan Rows": 1, "Plan Width": 48, "Inner Unique": true, "Plans": [{"Node Type": "Nested Loop", "Parent Relationship": "Outer", "Join Type": "Inner", "Startup Cost": 10000000001.72, "Total Cost": 1000014795427.38, "Plan Rows": 1, "Plan Width": 52, "Inner Unique": true, "Plans": [{"Node Type": "Nested Loop", "Parent Relationship": "Outer", "Join Type": "Inner", "Startup Cost": 10000000001.46, "Total Cost": 1000014795418.82, "Plan Rows": 2, "Plan Width": 44, "Inner Unique": false, "Join Filter": "(t.id = ml.movie_id)", "Plans": [{"Node Type": "Nested Loop", "Parent Relationship": "Outer", "Join Type": "Inner", "Startup Cost": 10000000001.17, "Total Cost": 1000014795414.4, "Plan Rows": 1, "Plan Width": 52, "Inner Unique": true, "Plans": [{"Node Type": "Nested Loop", "Parent Relationship": "Outer", "Join Type": "Inner", "Startup Cost": 10000000000.91, "Total Cost": 1000014795328.75, "Plan Rows": 20, "Plan Width": 56, "Inner Unique": false, "Join Filter": "(t.id = mk.movie_id)", "Plans": [{"Node Type": "Nested Loop", "Parent Relationship": "Outer", "Join Type": "Inner", "Startup Cost": 10000000000.55, "Total Cost": 1000014795319.62, "Plan Rows": 2, "Plan Width": 48, "Inner Unique": true, "Plans": [{"Node Type": "Nested Loop", "Parent Relationship": "Outer", "Join Type": "Inner", "Startup Cost": 10000000000.29, "Total Cost": 1000014795293.88, "Plan Rows": 6, "Plan Width": 33, "Inner Unique": true, "Plans": [{"Node Type": "Index Scan", "Parent Relationship": "Outer", "Scan Direction": "Forward", "Index Name": "company_type_id_movie_companies", "Relation Name": "movie_companies", "Alias": "mc", "Startup Cost": 10000000000.0, "Total Cost": 1000009318217.0, "Plan Rows": 1269486, "Plan Width": 12, "Filter": "(note IS NULL), (LLVM Optimized)"}, {"Node Type": "Bitmap Heap Scan", "Parent Relationship": "Inner", "Relation Name": "title", "Alias": "t", "Startup Cost": 0.29, "Total Cost": 4.3, "Plan Rows": 1, "Plan Width": 21, "Recheck Cond": "(id = mc.movie_id)", "Filter": "(((title)::text ~~ '%Money%'::text) AND (production_year = 1998))", "Plans": [{"Node Type": "Bitmap Index Scan", "Parent Relationship": "Outer", "Index Name": "title_pkey", "Startup Cost": 0.0, "Total Cost": 0.29, "Plan Rows": 1, "Plan Width": 0, "Index Cond": "(id = mc.movie_id)"}]}]}, {"Node Type": "Bitmap Heap Scan", "Parent Relationship": "Inner", "Relation Name": "company_name", "Alias": "cn", "Startup Cost": 0.26, "Total Cost": 4.28, "Plan Rows": 1, "Plan Width": 23, "Recheck Cond": "(id = mc.company_id)", "Filter": "(((country_code)::text <> '[pl]'::text) AND (((name)::text ~~ '%Film%'::text) OR ((name)::text ~~ '%Warner%'::text)))", "Plans": [{"Node Type": "Bitmap Index Scan", "Parent Relationship": "Outer", "Index Name": "company_name_pkey", "Startup Cost": 0.0, "Total Cost": 0.26, "Plan Rows": 1, "Plan Width": 0, "Index Cond": "(id = mc.company_id)"}]}]}, {"Node Type": "Bitmap Heap Scan", "Parent Relationship": "Inner", "Relation Name": "movie_keyword", "Alias": "mk", "Startup Cost": 0.37, "Total Cost": 4.47, "Plan Rows": 8, "Plan Width": 8, "Recheck Cond": "(movie_id = mc.movie_id)", "Plans": [{"Node Type": "Bitmap Index Scan", "Parent Relationship": "Outer", "Index Name": "movie_id_movie_keyword", "Startup Cost": 0.0, "Total Cost": 0.36, "Plan Rows": 8, "Plan Width": 0, "Index Cond": "(movie_id = mc.movie_id)"}]}]}, {"Node Type": "Bitmap Heap Scan", "Parent Relationship": "Inner", "Relation Name": "keyword", "Alias": "k", "Startup Cost": 0.26, "Total Cost": 4.27, "Plan Rows": 1, "Plan Width": 4, "Recheck Cond": "(id = mk.keyword_id)", "Filter": "((keyword)::text = 'sequel'::text)", "Plans": [{"Node Type": "Bitmap Index Scan", "Parent Relationship": "Outer", "Index Name": "keyword_pkey", "Startup Cost": 0.0, "Total Cost": 0.26, "Plan Rows": 1, "Plan Width": 0, "Index Cond": "(id = mk.keyword_id)"}]}]}, {"Node Type": "Bitmap Heap Scan", "Parent Relationship": "Inner", "Relation Name": "movie_link", "Alias": "ml", "Startup Cost": 0.29, "Total Cost": 4.35, "Plan Rows": 5, "Plan Width": 8, "Recheck Cond": "(movie_id = mk.movie_id)", "Plans": [{"Node Type": "Bitmap Index Scan", "Parent Relationship": "Outer", "Index Name": "movie_id_movie_link", "Startup Cost": 0.0, "Total Cost": 0.29, "Plan Rows": 5, "Plan Width": 0, "Index Cond": "(movie_id = mk.movie_id)"}]}]}, {"Node Type": "Bitmap Heap Scan", "Parent Relationship": "Inner", "Relation Name": "link_type", "Alias": "lt", "Startup Cost": 0.26, "Total Cost": 4.27, "Plan Rows": 1, "Plan Width": 16, "Recheck Cond": "(id = ml.link_type_id)", "Filter": "((link)::text ~~ '%follows%'::text)", "Plans": [{"Node Type": "Bitmap Index Scan", "Parent Relationship": "Outer", "Index Name": "link_type_pkey", "Startup Cost": 0.0, "Total Cost": 0.26, "Plan Rows": 1, "Plan Width": 0, "Index Cond": "(id = ml.link_type_id)"}]}]}, {"Node Type": "Bitmap Heap Scan", "Parent Relationship": "Inner", "Relation Name": "company_type", "Alias": "ct", "Startup Cost": 0.26, "Total Cost": 4.27, "Plan Rows": 1, "Plan Width": 4, "Recheck Cond": "(id = mc.company_type_id)", "Filter": "((kind)::text = 'production companies'::text)", "Plans": [{"Node Type": "Bitmap Index Scan", "Parent Relationship": "Outer", "Index Name": "company_type_pkey", "Startup Cost": 0.0, "Total Cost": 0.26, "Plan Rows": 1, "Plan Width": 0, "Index Cond": "(id = mc.company_type_id)"}]}]}]}, "Unique SQL Id": 4121279504}, "explain_analyze_plan": null}, "(1, 88)": {"explain_plan": {"Plan": {"Node Type": "Aggregate", "Strategy": "Plain", "Startup Cost": 2585.63, "Total Cost": 2585.64, "Plan Rows": 1, "Plan Width": 144, "Plans": [{"Node Type": "Nested Loop", "Parent Relationship": "Outer", "Join Type": "Inner", "Startup Cost": 0.0, "Total Cost": 2585.62, "Plan Rows": 1, "Plan Width": 48, "Inner Unique": true, "Plans": [{"Node Type": "Nested Loop", "Parent Relationship": "Outer", "Join Type": "Inner", "Startup Cost": 0.0, "Total Cost": 2585.34, "Plan Rows": 1, "Plan Width": 40, "Inner Unique": false, "Join Filter": "(t.id = ml.movie_id)", "Plans": [{"Node Type": "Nested Loop", "Parent Relationship": "Outer", "Join Type": "Inner", "Startup Cost": 0.0, "Total Cost": 2584.93, "Plan Rows": 1, "Plan Width": 48, "Inner Unique": true, "Plans": [{"Node Type": "Nested Loop", "Parent Relationship": "Outer", "Join Type": "Inner", "Startup Cost": 0.0, "Total Cost": 2584.64, "Plan Rows": 1, "Plan Width": 52, "Inner Unique": true, "Plans": [{"Node Type": "Nested Loop", "Parent Relationship": "Outer", "Join Type": "Inner", "Startup Cost": 0.0, "Total Cost": 2584.35, "Plan Rows": 1, "Plan Width": 37, "Inner Unique": false, "Join Filter": "(t.id = mc.movie_id)", "Plans": [{"Node Type": "Nested Loop", "Parent Relationship": "Outer", "Join Type": "Inner", "Startup Cost": 0.0, "Total Cost": 2584.01, "Plan Rows": 1, "Plan Width": 25, "Inner Unique": true, "Plans": [{"Node Type": "Nested Loop", "Parent Relationship": "Outer", "Join Type": "Inner", "Startup Cost": 0.0, "Total Cost": 2573.32, "Plan Rows": 33, "Plan Width": 4, "Inner Unique": false, "Plans": [{"Node Type": "Seq Scan", "Parent Relationship": "Outer", "Relation Name": "keyword", "Alias": "k", "Startup Cost": 0.0, "Total Cost": 2436.11, "Plan Rows": 1, "Plan Width": 4, "Filter": "((keyword)::text = 'sequel'::text)"}, {"Node Type": "Index Scan", "Parent Relationship": "Inner", "Scan Direction": "Forward", "Index Name": "keyword_id_movie_keyword", "Relation Name": "movie_keyword", "Alias": "mk", "Startup Cost": 0.0, "Total Cost": 136.88, "Plan Rows": 33, "Plan Width": 8, "Index Cond": "(keyword_id = k.id)"}]}, {"Node Type": "Index Scan", "Parent Relationship": "Inner", "Scan Direction": "Forward", "Index Name": "title_pkey", "Relation Name": "title", "Alias": "t", "Startup Cost": 0.0, "Total Cost": 0.31, "Plan Rows": 1, "Plan Width": 21, "Index Cond": "(id = mk.movie_id)", "Filter": "(((title)::text ~~ '%Money%'::text) AND (production_year = 1998))"}]}, {"Node Type": "Index Scan", "Parent Relationship": "Inner", "Scan Direction": "Forward", "Index Name": "movie_id_movie_companies", "Relation Name": "movie_companies", "Alias": "mc", "Startup Cost": 0.0, "Total Cost": 0.31, "Plan Rows": 2, "Plan Width": 12, "Index Cond": "(movie_id = mk.movie_id)", "Filter": "(note IS NULL)"}]}, {"Node Type": "Index Scan", "Parent Relationship": "Inner", "Scan Direction": "Forward", "Index Name": "company_name_pkey", "Relation Name": "company_name", "Alias": "cn", "Startup Cost": 0.0, "Total Cost": 0.29, "Plan Rows": 1, "Plan Width": 23, "Index Cond": "(id = mc.company_id)", "Filter": "(((country_code)::text <> '[pl]'::text) AND (((name)::text ~~ '%Film%'::text) OR ((name)::text ~~ '%Warner%'::text)))"}]}, {"Node Type": "Index Scan", "Parent Relationship": "Inner", "Scan Direction": "Forward", "Index Name": "company_type_pkey", "Relation Name": "company_type", "Alias": "ct", "Startup Cost": 0.0, "Total Cost": 0.27, "Plan Rows": 1, "Plan Width": 4, "Index Cond": "(id = mc.company_type_id)", "Filter": "((kind)::text = 'production companies'::text)"}]}, {"Node Type": "Index Scan", "Parent Relationship": "Inner", "Scan Direction": "Forward", "Index Name": "movie_id_movie_link", "Relation Name": "movie_link", "Alias": "ml", "Startup Cost": 0.0, "Total Cost": 0.35, "Plan Rows": 5, "Plan Width": 8, "Index Cond": "(movie_id = mk.movie_id)"}]}, {"Node Type": "Index Scan", "Parent Relationship": "Inner", "Scan Direction": "Forward", "Index Name": "link_type_pkey", "Relation Name": "link_type", "Alias": "lt", "Startup Cost": 0.0, "Total Cost": 0.27, "Plan Rows": 1, "Plan Width": 16, "Index Cond": "(id = ml.link_type_id)", "Filter": "((link)::text ~~ '%follows%'::text)"}]}]}, "Unique SQL Id": 4121279504}, "explain_analyze_plan": {"Plan": {"Node Type": "Aggregate", "Strategy": "Plain", "Startup Cost": 2585.63, "Total Cost": 2585.64, "Plan Rows": 1, "Plan Width": 144, "Actual Startup Time": 103.23, "Actual Total Time": 103.23, "Actual Rows": 1, "Actual Loops": 1, "Plans": [{"Node Type": "Nested Loop", "Parent Relationship": "Outer", "Join Type": "Inner", "Startup Cost": 0.0, "Total Cost": 2585.62, "Plan Rows": 1, "Plan Width": 48, "Actual Startup Time": 103.221, "Actual Total Time": 103.221, "Actual Rows": 0, "Actual Loops": 1, "Inner Unique": true, "Plans": [{"Node Type": "Nested Loop", "Parent Relationship": "Outer", "Join Type": "Inner", "Startup Cost": 0.0, "Total Cost": 2585.34, "Plan Rows": 1, "Plan Width": 40, "Actual Startup Time": 2.61, "Actual Total Time": 103.138, "Actual Rows": 38, "Actual Loops": 1, "Inner Unique": false, "Join Filter": "(t.id = ml.movie_id)", "Rows Removed by Join Filter": 0, "Plans": [{"Node Type": "Nested Loop", "Parent Relationship": "Outer", "Join Type": "Inner", "Startup Cost": 0.0, "Total Cost": 2584.93, "Plan Rows": 1, "Plan Width": 48, "Actual Startup Time": 2.599, "Actual Total Time": 103.092, "Actual Rows": 2, "Actual Loops": 1, "Inner Unique": true, "Plans": [{"Node Type": "Nested Loop", "Parent Relationship": "Outer", "Join Type": "Inner", "Startup Cost": 0.0, "Total Cost": 2584.64, "Plan Rows": 1, "Plan Width": 52, "Actual Startup Time": 2.592, "Actual Total Time": 103.081, "Actual Rows": 2, "Actual Loops": 1, "Inner Unique": true, "Plans": [{"Node Type": "Nested Loop", "Parent Relationship": "Outer", "Join Type": "Inner", "Startup Cost": 0.0, "Total Cost": 2584.35, "Plan Rows": 1, "Plan Width": 37, "Actual Startup Time": 2.578, "Actual Total Time": 103.051, "Actual Rows": 3, "Actual Loops": 1, "Inner Unique": false, "Join Filter": "(t.id = mc.movie_id)", "Rows Removed by Join Filter": 0, "Plans": [{"Node Type": "Nested Loop", "Parent Relationship": "Outer", "Join Type": "Inner", "Startup Cost": 0.0, "Total Cost": 2584.01, "Plan Rows": 1, "Plan Width": 25, "Actual Startup Time": 2.565, "Actual Total Time": 103.035, "Actual Rows": 1, "Actual Loops": 1, "Inner Unique": true, "Plans": [{"Node Type": "Nested Loop", "Parent Relationship": "Outer", "Join Type": "Inner", "Startup Cost": 0.0, "Total Cost": 2573.32, "Plan Rows": 33, "Plan Width": 4, "Actual Startup Time": 2.328, "Actual Total Time": 53.899, "Actual Rows": 10544, "Actual Loops": 1, "Inner Unique": false, "Plans": [{"Node Type": "Seq Scan", "Parent Relationship": "Outer", "Relation Name": "keyword", "Alias": "k", "Startup Cost": 0.0, "Total Cost": 2436.11, "Plan Rows": 1, "Plan Width": 4, "Actual Startup Time": 2.291, "Actual Total Time": 40.813, "Actual Rows": 1, "Actual Loops": 1, "Filter": "((keyword)::text = 'sequel'::text)", "Rows Removed by Filter": 134168}, {"Node Type": "Index Scan", "Parent Relationship": "Inner", "Scan Direction": "Forward", "Index Name": "keyword_id_movie_keyword", "Relation Name": "movie_keyword", "Alias": "mk", "Startup Cost": 0.0, "Total Cost": 136.88, "Plan Rows": 33, "Plan Width": 8, "Actual Startup Time": 0.031, "Actual Total Time": 10.818, "Actual Rows": 10544, "Actual Loops": 1, "Index Cond": "(keyword_id = k.id)", "Rows Removed by Index Recheck": 0}]}, {"Node Type": "Index Scan", "Parent Relationship": "Inner", "Scan Direction": "Forward", "Index Name": "title_pkey", "Relation Name": "title", "Alias": "t", "Startup Cost": 0.0, "Total Cost": 0.31, "Plan Rows": 1, "Plan Width": 21, "Actual Startup Time": 43.968, "Actual Total Time": 43.968, "Actual Rows": 1, "Actual Loops": 10544, "Index Cond": "(id = mk.movie_id)", "Rows Removed by Index Recheck": 0, "Filter": "(((title)::text ~~ '%Money%'::text) AND (production_year = 1998))", "Rows Removed by Filter": 10543}]}, {"Node Type": "Index Scan", "Parent Relationship": "Inner", "Scan Direction": "Forward", "Index Name": "movie_id_movie_companies", "Relation Name": "movie_companies", "Alias": "mc", "Startup Cost": 0.0, "Total Cost": 0.31, "Plan Rows": 2, "Plan Width": 12, "Actual Startup Time": 0.01, "Actual Total Time": 0.013, "Actual Rows": 3, "Actual Loops": 1, "Index Cond": "(movie_id = mk.movie_id)", "Rows Removed by Index Recheck": 0, "Filter": "(note IS NULL)", "Rows Removed by Filter": 1}]}, {"Node Type": "Index Scan", "Parent Relationship": "Inner", "Scan Direction": "Forward", "Index Name": "company_name_pkey", "Relation Name": "company_name", "Alias": "cn", "Startup Cost": 0.0, "Total Cost": 0.29, "Plan Rows": 1, "Plan Width": 23, "Actual Startup Time": 0.025, "Actual Total Time": 0.025, "Actual Rows": 2, "Actual Loops": 3, "Index Cond": "(id = mc.company_id)", "Rows Removed by Index Recheck": 0, "Filter": "(((country_code)::text <> '[pl]'::text) AND (((name)::text ~~ '%Film%'::text) OR ((name)::text ~~ '%Warner%'::text)))", "Rows Removed by Filter": 1}]}, {"Node Type": "Index Scan", "Parent Relationship": "Inner", "Scan Direction": "Forward", "Index Name": "company_type_pkey", "Relation Name": "company_type", "Alias": "ct", "Startup Cost": 0.0, "Total Cost": 0.27, "Plan Rows": 1, "Plan Width": 4, "Actual Startup Time": 0.007, "Actual Total Time": 0.007, "Actual Rows": 2, "Actual Loops": 2, "Index Cond": "(id = mc.company_type_id)", "Rows Removed by Index Recheck": 0, "Filter": "((kind)::text = 'production companies'::text)", "Rows Removed by Filter": 0}]}, {"Node Type": "Index Scan", "Parent Relationship": "Inner", "Scan Direction": "Forward", "Index Name": "movie_id_movie_link", "Relation Name": "movie_link", "Alias": "ml", "Startup Cost": 0.0, "Total Cost": 0.35, "Plan Rows": 5, "Plan Width": 8, "Actual Startup Time": 0.012, "Actual Total Time": 0.024, "Actual Rows": 38, "Actual Loops": 2, "Index Cond": "(movie_id = mk.movie_id)", "Rows Removed by Index Recheck": 0}]}, {"Node Type": "Index Scan", "Parent Relationship": "Inner", "Scan Direction": "Forward", "Index Name": "link_type_pkey", "Relation Name": "link_type", "Alias": "lt", "Startup Cost": 0.0, "Total Cost": 0.27, "Plan Rows": 1, "Plan Width": 16, "Actual Startup Time": 0.064, "Actual Total Time": 0.064, "Actual Rows": 0, "Actual Loops": 38, "Index Cond": "(id = ml.link_type_id)", "Rows Removed by Index Recheck": 0, "Filter": "((link)::text ~~ '%follows%'::text)", "Rows Removed by Filter": 24}]}]}, "Triggers": [], "Planner Runtime": 62.455, "Total Runtime": 103.577, "Unique SQL Id": 4121279504}}, "(1, 89)": {"explain_plan": {"Plan": {"Node Type": "Aggregate", "Strategy": "Plain", "Startup Cost": 3332.23, "Total Cost": 3332.24, "Plan Rows": 1, "Plan Width": 144, "Plans": [{"Node Type": "Nested Loop", "Parent Relationship": "Outer", "Join Type": "Inner", "Startup Cost": 0.0, "Total Cost": 3332.23, "Plan Rows": 1, "Plan Width": 48, "Inner Unique": true, "Plans": [{"Node Type": "Nested Loop", "Parent Relationship": "Outer", "Join Type": "Inner", "Startup Cost": 0.0, "Total Cost": 3331.94, "Plan Rows": 1, "Plan Width": 40, "Inner Unique": false, "Join Filter": "(t.id = ml.movie_id)", "Plans": [{"Node Type": "Nested Loop", "Parent Relationship": "Outer", "Join Type": "Inner", "Startup Cost": 0.0, "Total Cost": 3331.53, "Plan Rows": 1, "Plan Width": 48, "Inner Unique": true, "Plans": [{"Node Type": "Nested Loop", "Parent Relationship": "Outer", "Join Type": "Inner", "Startup Cost": 0.0, "Total Cost": 3331.25, "Plan Rows": 1, "Plan Width": 52, "Inner Unique": true, "Plans": [{"Node Type": "Nested Loop", "Parent Relationship": "Outer", "Join Type": "Inner", "Startup Cost": 0.0, "Total Cost": 3330.95, "Plan Rows": 1, "Plan Width": 37, "Inner Unique": false, "Join Filter": "(t.id = mc.movie_id)", "Plans": [{"Node Type": "Nested Loop", "Parent Relationship": "Outer", "Join Type": "Inner", "Startup Cost": 0.0, "Total Cost": 3330.61, "Plan Rows": 1, "Plan Width": 25, "Inner Unique": true, "Plans": [{"Node Type": "Nested Loop", "Parent Relationship": "Outer", "Join Type": "Inner", "Startup Cost": 0.0, "Total Cost": 3319.92, "Plan Rows": 33, "Plan Width": 4, "Inner Unique": false, "Plans": [{"Node Type": "Index Scan", "Parent Relationship": "Outer", "Scan Direction": "Forward", "Index Name": "keyword_pkey", "Relation Name": "keyword", "Alias": "k", "Startup Cost": 0.0, "Total Cost": 3182.72, "Plan Rows": 1, "Plan Width": 4, "Filter": "((keyword)::text = 'sequel'::text)"}, {"Node Type": "Index Scan", "Parent Relationship": "Inner", "Scan Direction": "Forward", "Index Name": "keyword_id_movie_keyword", "Relation Name": "movie_keyword", "Alias": "mk", "Startup Cost": 0.0, "Total Cost": 136.88, "Plan Rows": 33, "Plan Width": 8, "Index Cond": "(keyword_id = k.id)"}]}, {"Node Type": "Index Scan", "Parent Relationship": "Inner", "Scan Direction": "Forward", "Index Name": "title_pkey", "Relation Name": "title", "Alias": "t", "Startup Cost": 0.0, "Total Cost": 0.31, "Plan Rows": 1, "Plan Width": 21, "Index Cond": "(id = mk.movie_id)", "Filter": "(((title)::text ~~ '%Money%'::text) AND (production_year = 1998))"}]}, {"Node Type": "Index Scan", "Parent Relationship": "Inner", "Scan Direction": "Forward", "Index Name": "movie_id_movie_companies", "Relation Name": "movie_companies", "Alias": "mc", "Startup Cost": 0.0, "Total Cost": 0.31, "Plan Rows": 2, "Plan Width": 12, "Index Cond": "(movie_id = mk.movie_id)", "Filter": "(note IS NULL)"}]}, {"Node Type": "Index Scan", "Parent Relationship": "Inner", "Scan Direction": "Forward", "Index Name": "company_name_pkey", "Relation Name": "company_name", "Alias": "cn", "Startup Cost": 0.0, "Total Cost": 0.29, "Plan Rows": 1, "Plan Width": 23, "Index Cond": "(id = mc.company_id)", "Filter": "(((country_code)::text <> '[pl]'::text) AND (((name)::text ~~ '%Film%'::text) OR ((name)::text ~~ '%Warner%'::text)))"}]}, {"Node Type": "Index Scan", "Parent Relationship": "Inner", "Scan Direction": "Forward", "Index Name": "company_type_pkey", "Relation Name": "company_type", "Alias": "ct", "Startup Cost": 0.0, "Total Cost": 0.27, "Plan Rows": 1, "Plan Width": 4, "Index Cond": "(id = mc.company_type_id)", "Filter": "((kind)::text = 'production companies'::text)"}]}, {"Node Type": "Index Scan", "Parent Relationship": "Inner", "Scan Direction": "Forward", "Index Name": "movie_id_movie_link", "Relation Name": "movie_link", "Alias": "ml", "Startup Cost": 0.0, "Total Cost": 0.35, "Plan Rows": 5, "Plan Width": 8, "Index Cond": "(movie_id = mk.movie_id)"}]}, {"Node Type": "Index Scan", "Parent Relationship": "Inner", "Scan Direction": "Forward", "Index Name": "link_type_pkey", "Relation Name": "link_type", "Alias": "lt", "Startup Cost": 0.0, "Total Cost": 0.27, "Plan Rows": 1, "Plan Width": 16, "Index Cond": "(id = ml.link_type_id)", "Filter": "((link)::text ~~ '%follows%'::text)"}]}]}, "Unique SQL Id": 4121279504}, "explain_analyze_plan": {"Plan": {"Node Type": "Aggregate", "Strategy": "Plain", "Startup Cost": 3332.23, "Total Cost": 3332.24, "Plan Rows": 1, "Plan Width": 144, "Actual Startup Time": 176.653, "Actual Total Time": 176.654, "Actual Rows": 1, "Actual Loops": 1, "Plans": [{"Node Type": "Nested Loop", "Parent Relationship": "Outer", "Join Type": "Inner", "Startup Cost": 0.0, "Total Cost": 3332.23, "Plan Rows": 1, "Plan Width": 48, "Actual Startup Time": 176.642, "Actual Total Time": 176.642, "Actual Rows": 0, "Actual Loops": 1, "Inner Unique": true, "Plans": [{"Node Type": "Nested Loop", "Parent Relationship": "Outer", "Join Type": "Inner", "Startup Cost": 0.0, "Total Cost": 3331.94, "Plan Rows": 1, "Plan Width": 40, "Actual Startup Time": 0.743, "Actual Total Time": 176.562, "Actual Rows": 38, "Actual Loops": 1, "Inner Unique": false, "Join Filter": "(t.id = ml.movie_id)", "Rows Removed by Join Filter": 0, "Plans": [{"Node Type": "Nested Loop", "Parent Relationship": "Outer", "Join Type": "Inner", "Startup Cost": 0.0, "Total Cost": 3331.53, "Plan Rows": 1, "Plan Width": 48, "Actual Startup Time": 0.732, "Actual Total Time": 176.514, "Actual Rows": 2, "Actual Loops": 1, "Inner Unique": true, "Plans": [{"Node Type": "Nested Loop", "Parent Relationship": "Outer", "Join Type": "Inner", "Startup Cost": 0.0, "Total Cost": 3331.25, "Plan Rows": 1, "Plan Width": 52, "Actual Startup Time": 0.727, "Actual Total Time": 176.504, "Actual Rows": 2, "Actual Loops": 1, "Inner Unique": true, "Plans": [{"Node Type": "Nested Loop", "Parent Relationship": "Outer", "Join Type": "Inner", "Startup Cost": 0.0, "Total Cost": 3330.95, "Plan Rows": 1, "Plan Width": 37, "Actual Startup Time": 0.713, "Actual Total Time": 176.476, "Actual Rows": 3, "Actual Loops": 1, "Inner Unique": false, "Join Filter": "(t.id = mc.movie_id)", "Rows Removed by Join Filter": 0, "Plans": [{"Node Type": "Nested Loop", "Parent Relationship": "Outer", "Join Type": "Inner", "Startup Cost": 0.0, "Total Cost": 3330.61, "Plan Rows": 1, "Plan Width": 25, "Actual Startup Time": 0.696, "Actual Total Time": 176.455, "Actual Rows": 1, "Actual Loops": 1, "Inner Unique": true, "Plans": [{"Node Type": "Nested Loop", "Parent Relationship": "Outer", "Join Type": "Inner", "Startup Cost": 0.0, "Total Cost": 3319.92, "Plan Rows": 33, "Plan Width": 4, "Actual Startup Time": 0.47, "Actual Total Time": 126.57, "Actual Rows": 10544, "Actual Loops": 1, "Inner Unique": false, "Plans": [{"Node Type": "Index Scan", "Parent Relationship": "Outer", "Scan Direction": "Forward", "Index Name": "keyword_pkey", "Relation Name": "keyword", "Alias": "k", "Startup Cost": 0.0, "Total Cost": 3182.72, "Plan Rows": 1, "Plan Width": 4, "Actual Startup Time": 0.438, "Actual Total Time": 113.411, "Actual Rows": 1, "Actual Loops": 1, "Filter": "((keyword)::text = 'sequel'::text)", "Rows Removed by Filter": 134168}, {"Node Type": "Index Scan", "Parent Relationship": "Inner", "Scan Direction": "Forward", "Index Name": "keyword_id_movie_keyword", "Relation Name": "movie_keyword", "Alias": "mk", "Startup Cost": 0.0, "Total Cost": 136.88, "Plan Rows": 33, "Plan Width": 8, "Actual Startup Time": 0.027, "Actual Total Time": 10.895, "Actual Rows": 10544, "Actual Loops": 1, "Index Cond": "(keyword_id = k.id)", "Rows Removed by Index Recheck": 0}]}, {"Node Type": "Index Scan", "Parent Relationship": "Inner", "Scan Direction": "Forward", "Index Name": "title_pkey", "Relation Name": "title", "Alias": "t", "Startup Cost": 0.0, "Total Cost": 0.31, "Plan Rows": 1, "Plan Width": 21, "Actual Startup Time": 44.568, "Actual Total Time": 44.568, "Actual Rows": 1, "Actual Loops": 10544, "Index Cond": "(id = mk.movie_id)", "Rows Removed by Index Recheck": 0, "Filter": "(((title)::text ~~ '%Money%'::text) AND (production_year = 1998))", "Rows Removed by Filter": 10543}]}, {"Node Type": "Index Scan", "Parent Relationship": "Inner", "Scan Direction": "Forward", "Index Name": "movie_id_movie_companies", "Relation Name": "movie_companies", "Alias": "mc", "Startup Cost": 0.0, "Total Cost": 0.31, "Plan Rows": 2, "Plan Width": 12, "Actual Startup Time": 0.011, "Actual Total Time": 0.013, "Actual Rows": 3, "Actual Loops": 1, "Index Cond": "(movie_id = mk.movie_id)", "Rows Removed by Index Recheck": 0, "Filter": "(note IS NULL)", "Rows Removed by Filter": 1}]}, {"Node Type": "Index Scan", "Parent Relationship": "Inner", "Scan Direction": "Forward", "Index Name": "company_name_pkey", "Relation Name": "company_name", "Alias": "cn", "Startup Cost": 0.0, "Total Cost": 0.29, "Plan Rows": 1, "Plan Width": 23, "Actual Startup Time": 0.022, "Actual Total Time": 0.022, "Actual Rows": 2, "Actual Loops": 3, "Index Cond": "(id = mc.company_id)", "Rows Removed by Index Recheck": 0, "Filter": "(((country_code)::text <> '[pl]'::text) AND (((name)::text ~~ '%Film%'::text) OR ((name)::text ~~ '%Warner%'::text)))", "Rows Removed by Filter": 1}]}, {"Node Type": "Index Scan", "Parent Relationship": "Inner", "Scan Direction": "Forward", "Index Name": "company_type_pkey", "Relation Name": "company_type", "Alias": "ct", "Startup Cost": 0.0, "Total Cost": 0.27, "Plan Rows": 1, "Plan Width": 4, "Actual Startup Time": 0.006, "Actual Total Time": 0.006, "Actual Rows": 2, "Actual Loops": 2, "Index Cond": "(id = mc.company_type_id)", "Rows Removed by Index Recheck": 0, "Filter": "((kind)::text = 'production companies'::text)", "Rows Removed by Filter": 0}]}, {"Node Type": "Index Scan", "Parent Relationship": "Inner", "Scan Direction": "Forward", "Index Name": "movie_id_movie_link", "Relation Name": "movie_link", "Alias": "ml", "Startup Cost": 0.0, "Total Cost": 0.35, "Plan Rows": 5, "Plan Width": 8, "Actual Startup Time": 0.011, "Actual Total Time": 0.025, "Actual Rows": 38, "Actual Loops": 2, "Index Cond": "(movie_id = mk.movie_id)", "Rows Removed by Index Recheck": 0}]}, {"Node Type": "Index Scan", "Parent Relationship": "Inner", "Scan Direction": "Forward", "Index Name": "link_type_pkey", "Relation Name": "link_type", "Alias": "lt", "Startup Cost": 0.0, "Total Cost": 0.27, "Plan Rows": 1, "Plan Width": 16, "Actual Startup Time": 0.063, "Actual Total Time": 0.063, "Actual Rows": 0, "Actual Loops": 38, "Index Cond": "(id = ml.link_type_id)", "Rows Removed by Index Recheck": 0, "Filter": "((link)::text ~~ '%follows%'::text)", "Rows Removed by Filter": 24}]}]}, "Triggers": [], "Planner Runtime": 56.535, "Total Runtime": 177.003, "Unique SQL Id": 4121279504}}, "(1, 90)": {"explain_plan": {"Plan": {"Node Type": "Aggregate", "Strategy": "Plain", "Startup Cost": 823671.24, "Total Cost": 823671.25, "Plan Rows": 1, "Plan Width": 144, "Plans": [{"Node Type": "Merge Join", "Parent Relationship": "Outer", "Join Type": "Inner", "Startup Cost": 823671.21, "Total Cost": 823671.23, "Plan Rows": 1, "Plan Width": 48, "Inner Unique": true, "Merge Cond": "(ml.link_type_id = lt.id)", "Plans": [{"Node Type": "Sort", "Parent Relationship": "Outer", "Startup Cost": 823669.99, "Total Cost": 823669.99, "Plan Rows": 1, "Plan Width": 40, "Sort Key": ["ml.link_type_id"], "Plans": [{"Node Type": "Merge Join", "Parent Relationship": "Outer", "Join Type": "Inner", "Startup Cost": 823669.52, "Total Cost": 823669.98, "Plan Rows": 1, "Plan Width": 40, "Inner Unique": true, "Merge Cond": "(mk.keyword_id = k.id)", "Plans": [{"Node Type": "Sort", "Parent Relationship": "Outer", "Startup Cost": 821233.4, "Total Cost": 821233.62, "Plan Rows": 87, "Plan Width": 44, "Sort Key": ["mk.keyword_id"], "Plans": [{"Node Type": "Merge Join", "Parent Relationship": "Outer", "Join Type": "Inner", "Startup Cost": 820753.6, "Total Cost": 821230.6, "Plan Rows": 87, "Plan Width": 44, "Inner Unique": false, "Merge Cond": "(ml.movie_id = mk.movie_id)", "Plans": [{"Node Type": "Sort", "Parent Relationship": "Outer", "Startup Cost": 258211.31, "Total Cost": 258211.34, "Plan Rows": 12, "Plan Width": 52, "Sort Key": ["mc.movie_id"], "Plans": [{"Node Type": "Merge Join", "Parent Relationship": "Outer", "Join Type": "Inner", "Startup Cost": 258210.95, "Total Cost": 258211.09, "Plan Rows": 12, "Plan Width": 52, "Inner Unique": false, "Merge Cond": "(ct.id = mc.company_type_id)", "Plans": [{"Node Type": "Sort", "Parent Relationship": "Outer", "Startup Cost": 1.05, "Total Cost": 1.05, "Plan Rows": 1, "Plan Width": 4, "Sort Key": ["ct.id"], "Plans": [{"Node Type": "Seq Scan", "Parent Relationship": "Outer", "Relation Name": "company_type", "Alias": "ct", "Startup Cost": 0.0, "Total Cost": 1.04, "Plan Rows": 1, "Plan Width": 4, "Filter": "((kind)::text = 'production companies'::text)"}]}, {"Node Type": "Sort", "Parent Relationship": "Inner", "Startup Cost": 258209.86, "Total Cost": 258209.9, "Plan Rows": 18, "Plan Width": 56, "Sort Key": ["mc.company_type_id"], "Plans": [{"Node Type": "Merge Join", "Parent Relationship": "Outer", "Join Type": "Inner", "Startup Cost": 257921.04, "Total Cost": 258209.48, "Plan Rows": 18, "Plan Width": 56, "Inner Unique": true, "Merge Cond": "(mc.company_id = cn.id)", "Plans": [{"Node Type": "Sort", "Parent Relationship": "Outer", "Startup Cost": 246288.33, "Total Cost": 246288.45, "Plan Rows": 49, "Plan Width": 41, "Sort Key": ["mc.company_id"], "Plans": [{"Node Type": "Merge Join", "Parent Relationship": "Outer", "Join Type": "Inner", "Startup Cost": 245888.91, "Total Cost": 246286.95, "Plan Rows": 49, "Plan Width": 41, "Inner Unique": false, "Merge Cond": "(ml.movie_id = mc.movie_id)", "Plans": [{"Node Type": "Merge Join", "Parent Relationship": "Outer", "Join Type": "Inner", "Startup Cost": 75372.24, "Total Cost": 75522.41, "Plan Rows": 19, "Plan Width": 29, "Inner Unique": false, "Merge Cond": "(t.id = ml.movie_id)", "Plans": [{"Node Type": "Sort", "Parent Relationship": "Outer", "Startup Cost": 72710.71, "Total Cost": 72710.71, "Plan Rows": 4, "Plan Width": 21, "Sort Key": ["t.id"], "Plans": [{"Node Type": "Seq Scan", "Parent Relationship": "Outer", "Relation Name": "title", "Alias": "t", "Startup Cost": 0.0, "Total Cost": 72710.67, "Plan Rows": 4, "Plan Width": 21, "Filter": "(((title)::text ~~ '%Money%'::text) AND (production_year = 1998))"}]}, {"Node Type": "Sort", "Parent Relationship": "Inner", "Startup Cost": 2661.53, "Total Cost": 2736.52, "Plan Rows": 29996, "Plan Width": 8, "Sort Key": ["ml.movie_id"], "Plans": [{"Node Type": "Seq Scan", "Parent Relationship": "Outer", "Relation Name": "movie_link", "Alias": "ml", "Startup Cost": 0.0, "Total Cost": 430.96, "Plan Rows": 29996, "Plan Width": 8}]}]}, {"Node Type": "Sort", "Parent Relationship": "Inner", "Startup Cost": 170516.58, "Total Cost": 173690.3, "Plan Rows": 1269486, "Plan Width": 12, "Sort Key": ["mc.movie_id"], "Plans": [{"Node Type": "Seq Scan", "Parent Relationship": "Outer", "Relation Name": "movie_companies", "Alias": "mc", "Startup Cost": 0.0, "Total Cost": 41817.28, "Plan Rows": 1269486, "Plan Width": 12, "Filter": "(note IS NULL), (LLVM Optimized)"}]}]}]}, {"Node Type": "Sort", "Parent Relationship": "Inner", "Startup Cost": 11632.71, "Total Cost": 11776.71, "Plan Rows": 57599, "Plan Width": 23, "Sort Key": ["cn.id"], "Plans": [{"Node Type": "Seq Scan", "Parent Relationship": "Outer", "Relation Name": "company_name", "Alias": "cn", "Startup Cost": 0.0, "Total Cost": 7078.43, "Plan Rows": 57599, "Plan Width": 23, "Filter": "(((country_code)::text <> '[pl]'::text) AND (((name)::text ~~ '%Film%'::text) OR ((name)::text ~~ '%Warner%'::text)))"}]}]}]}]}]}, {"Node Type": "Sort", "Parent Relationship": "Inner", "Startup Cost": 562542.3, "Total Cost": 573852.12, "Plan Rows": 4523929, "Plan Width": 8, "Sort Key": ["mk.movie_id"], "Plans": [{"Node Type": "Seq Scan", "Parent Relationship": "Outer", "Relation Name": "movie_keyword", "Alias": "mk", "Startup Cost": 0.0, "Total Cost": 62441.29, "Plan Rows": 4523929, "Plan Width": 8}]}]}]}, {"Node Type": "Sort", "Parent Relationship": "Inner", "Startup Cost": 2436.12, "Total Cost": 2436.13, "Plan Rows": 1, "Plan Width": 4, "Sort Key": ["k.id"], "Plans": [{"Node Type": "Seq Scan", "Parent Relationship": "Outer", "Relation Name": "keyword", "Alias": "k", "Startup Cost": 0.0, "Total Cost": 2436.11, "Plan Rows": 1, "Plan Width": 4, "Filter": "((keyword)::text = 'sequel'::text)"}]}]}]}, {"Node Type": "Sort", "Parent Relationship": "Inner", "Startup Cost": 1.22, "Total Cost": 1.23, "Plan Rows": 1, "Plan Width": 16, "Sort Key": ["lt.id"], "Plans": [{"Node Type": "Seq Scan", "Parent Relationship": "Outer", "Relation Name": "link_type", "Alias": "lt", "Startup Cost": 0.0, "Total Cost": 1.21, "Plan Rows": 1, "Plan Width": 16, "Filter": "((link)::text ~~ '%follows%'::text)"}]}]}]}, "Unique SQL Id": 4121279504}, "explain_analyze_plan": null}, "(1, 91)": {"explain_plan": {"Plan": {"Node Type": "Aggregate", "Strategy": "Plain", "Startup Cost": 4403913964515.37, "Total Cost": 4403913964515.38, "Plan Rows": 1, "Plan Width": 144, "Plans": [{"Node Type": "Nested Loop", "Parent Relationship": "Outer", "Join Type": "Inner", "Startup Cost": 2081580986606.33, "Total Cost": 4403913964515.36, "Plan Rows": 1, "Plan Width": 48, "Inner Unique": true, "Plans": [{"Node Type": "Merge Join", "Parent Relationship": "Outer", "Join Type": "Inner", "Startup Cost": 2071580986606.33, "Total Cost": 3403913964486.54, "Plan Rows": 1, "Plan Width": 33, "Inner Unique": true, "Merge Cond": "(ml.movie_id = t.id)", "Plans": [{"Node Type": "Merge Join", "Parent Relationship": "Outer", "Join Type": "Inner", "Startup Cost": 2061580986606.33, "Total Cost": 3146410895435.4, "Plan Rows": 11, "Plan Width": 28, "Inner Unique": false, "Merge Cond": "(mk.movie_id = ml.movie_id)", "Plans": [{"Node Type": "Merge Join", "Parent Relationship": "Outer", "Join Type": "Inner", "Startup Cost": 61580965109.01, "Total Cost": 40200287591422.09, "Plan Rows": 37, "Plan Width": 12, "Inner Unique": false, "Merge Cond": "(mc.movie_id = mk.movie_id)", "Plans": [{"Node Type": "Nested Loop", "Parent Relationship": "Outer", "Join Type": "Inner", "Startup Cost": 30000000000.0, "Total Cost": 20100130722186.7, "Plan Rows": 634743, "Plan Width": 8, "Inner Unique": true, "Join Filter": "(ct.id = mc.company_type_id), (LLVM Optimized)", "Plans": [{"Node Type": "Index Scan", "Parent Relationship": "Outer", "Scan Direction": "Forward", "Index Name": "movie_id_movie_companies", "Relation Name": "movie_companies", "Alias": "mc", "Startup Cost": 10000000000.0, "Total Cost": 1000013051946.13, "Plan Rows": 1269486, "Plan Width": 12, "Filter": "(note IS NULL), (LLVM Optimized)"}, {"Node Type": "Materialize", "Parent Relationship": "Inner", "Startup Cost": 10000000000.0, "Total Cost": 1000000001230.26, "Plan Rows": 1, "Plan Width": 4, "Plans": [{"Node Type": "Index Scan", "Parent Relationship": "Outer", "Scan Direction": "Forward", "Index Name": "company_type_pkey", "Relation Name": "company_type", "Alias": "ct", "Startup Cost": 10000000000.0, "Total Cost": 1000000001230.25, "Plan Rows": 1, "Plan Width": 4, "Filter": "((kind)::text = 'production companies'::text)"}]}]}, {"Node Type": "Materialize", "Parent Relationship": "Inner", "Startup Cost": 30000000000.0, "Total Cost": 20100156867647.98, "Plan Rows": 33, "Plan Width": 4, "Plans": [{"Node Type": "Nested Loop", "Parent Relationship": "Outer", "Join Type": "Inner", "Startup Cost": 30000000000.0, "Total Cost": 20100156867647.9, "Plan Rows": 33, "Plan Width": 4, "Inner Unique": true, "Join Filter": "(k.id = mk.keyword_id)", "Plans": [{"Node Type": "Index Scan", "Parent Relationship": "Outer", "Scan Direction": "Forward", "Index Name": "movie_id_movie_keyword", "Relation Name": "movie_keyword", "Alias": "mk", "Startup Cost": 10000000000.0, "Total Cost": 1000015300634.17, "Plan Rows": 4523929, "Plan Width": 8}, {"Node Type": "Materialize", "Parent Relationship": "Inner", "Startup Cost": 10000000000.0, "Total Cost": 1000000318271.69, "Plan Rows": 1, "Plan Width": 4, "Plans": [{"Node Type": "Index Scan", "Parent Relationship": "Outer", "Scan Direction": "Forward", "Index Name": "keyword_pkey", "Relation Name": "keyword", "Alias": "k", "Startup Cost": 10000000000.0, "Total Cost": 1000000318271.68, "Plan Rows": 1, "Plan Width": 4, "Filter": "((keyword)::text = 'sequel'::text)"}]}]}]}]}, {"Node Type": "Sort", "Parent Relationship": "Inner", "Startup Cost": 2000000021497.31, "Total Cost": 2000000021501.99, "Plan Rows": 1875, "Plan Width": 16, "Sort Key": ["ml.movie_id"], "Plans": [{"Node Type": "Nested Loop", "Parent Relationship": "Outer", "Join Type": "Inner", "Startup Cost": 20000000046.78, "Total Cost": 2000000021395.38, "Plan Rows": 1875, "Plan Width": 16, "Inner Unique": false, "Plans": [{"Node Type": "Index Scan", "Parent Relationship": "Outer", "Scan Direction": "Forward", "Index Name": "link_type_pkey", "Relation Name": "link_type", "Alias": "lt", "Startup Cost": 10000000000.0, "Total Cost": 1000000001254.75, "Plan Rows": 1, "Plan Width": 16, "Filter": "((link)::text ~~ '%follows%'::text)"}, {"Node Type": "Bitmap Heap Scan", "Parent Relationship": "Inner", "Relation Name": "movie_link", "Alias": "ml", "Startup Cost": 10000000046.78, "Total Cost": 1000000020121.88, "Plan Rows": 1875, "Plan Width": 8, "Recheck Cond": "(link_type_id = lt.id)", "Plans": [{"Node Type": "Bitmap Index Scan", "Parent Relationship": "Outer", "Index Name": "link_type_id_movie_link", "Startup Cost": 0.0, "Total Cost": 46.31, "Plan Rows": 1875, "Plan Width": 0, "Index Cond": "(link_type_id = lt.id)"}]}]}]}]}, {"Node Type": "Index Scan", "Parent Relationship": "Inner", "Scan Direction": "Forward", "Index Name": "title_pkey", "Relation Name": "title", "Alias": "t", "Startup Cost": 10000000000.0, "Total Cost": 1000012276204.41, "Plan Rows": 4, "Plan Width": 21, "Filter": "(((title)::text ~~ '%Money%'::text) AND (production_year = 1998))"}]}, {"Node Type": "Index Scan", "Parent Relationship": "Inner", "Scan Direction": "Forward", "Index Name": "company_name_pkey", "Relation Name": "company_name", "Alias": "cn", "Startup Cost": 10000000000.0, "Total Cost": 1000000000028.81, "Plan Rows": 1, "Plan Width": 23, "Index Cond": "(id = mc.company_id)", "Filter": "(((country_code)::text <> '[pl]'::text) AND (((name)::text ~~ '%Film%'::text) OR ((name)::text ~~ '%Warner%'::text)))"}]}]}, "Unique SQL Id": 4121279504}, "explain_analyze_plan": {"Plan": {"Node Type": "Aggregate", "Strategy": "Plain", "Startup Cost": 4403913964515.37, "Total Cost": 4403913964515.38, "Plan Rows": 1, "Plan Width": 144, "Actual Startup Time": 117.39, "Actual Total Time": 117.391, "Actual Rows": 1, "Actual Loops": 1, "Plans": [{"Node Type": "Nested Loop", "Parent Relationship": "Outer", "Join Type": "Inner", "Startup Cost": 2081580986606.33, "Total Cost": 4403913964515.36, "Plan Rows": 1, "Plan Width": 48, "Actual Startup Time": 117.381, "Actual Total Time": 117.381, "Actual Rows": 0, "Actual Loops": 1, "Inner Unique": true, "Plans": [{"Node Type": "Merge Join", "Parent Relationship": "Outer", "Join Type": "Inner", "Startup Cost": 2071580986606.33, "Total Cost": 3403913964486.54, "Plan Rows": 1, "Plan Width": 33, "Actual Startup Time": 117.38, "Actual Total Time": 117.38, "Actual Rows": 0, "Actual Loops": 1, "Inner Unique": true, "Merge Cond": "(ml.movie_id = t.id)", "Plans": [{"Node Type": "Merge Join", "Parent Relationship": "Outer", "Join Type": "Inner", "Startup Cost": 2061580986606.33, "Total Cost": 3146410895435.4, "Plan Rows": 11, "Plan Width": 28, "Actual Startup Time": 117.375, "Actual Total Time": 117.375, "Actual Rows": 0, "Actual Loops": 1, "Inner Unique": false, "Merge Cond": "(mk.movie_id = ml.movie_id)", "Plans": [{"Node Type": "Merge Join", "Parent Relationship": "Outer", "Join Type": "Inner", "Startup Cost": 61580965109.01, "Total Cost": 40200287591422.09, "Plan Rows": 37, "Plan Width": 12, "Actual Startup Time": 117.308, "Actual Total Time": 117.308, "Actual Rows": 1, "Actual Loops": 1, "Inner Unique": false, "Merge Cond": "(mc.movie_id = mk.movie_id)", "Plans": [{"Node Type": "Nested Loop", "Parent Relationship": "Outer", "Join Type": "Inner", "Startup Cost": 30000000000.0, "Total Cost": 20100130722186.7, "Plan Rows": 634743, "Plan Width": 8, "Actual Startup Time": 0.065, "Actual Total Time": 0.95, "Actual Rows": 447, "Actual Loops": 1, "Inner Unique": true, "Join Filter": "(ct.id = mc.company_type_id), (LLVM Optimized)", "Rows Removed by Join Filter": 3, "Plans": [{"Node Type": "Index Scan", "Parent Relationship": "Outer", "Scan Direction": "Forward", "Index Name": "movie_id_movie_companies", "Relation Name": "movie_companies", "Alias": "mc", "Startup Cost": 10000000000.0, "Total Cost": 1000013051946.13, "Plan Rows": 1269486, "Plan Width": 12, "Actual Startup Time": 0.041, "Actual Total Time": 0.654, "Actual Rows": 450, "Actual Loops": 1, "Filter": "(note IS NULL), (LLVM Optimized)", "Rows Removed by Filter": 628}, {"Node Type": "Materialize", "Parent Relationship": "Inner", "Startup Cost": 10000000000.0, "Total Cost": 1000000001230.26, "Plan Rows": 1, "Plan Width": 4, "Actual Startup Time": 0.062, "Actual Total Time": 0.067, "Actual Rows": 450, "Actual Loops": 450, "Plans": [{"Node Type": "Index Scan", "Parent Relationship": "Outer", "Scan Direction": "Forward", "Index Name": "company_type_pkey", "Relation Name": "company_type", "Alias": "ct", "Startup Cost": 10000000000.0, "Total Cost": 1000000001230.25, "Plan Rows": 1, "Plan Width": 4, "Actual Startup Time": 0.012, "Actual Total Time": 0.016, "Actual Rows": 1, "Actual Loops": 1, "Filter": "((kind)::text = 'production companies'::text)", "Rows Removed by Filter": 2}]}]}, {"Node Type": "Materialize", "Parent Relationship": "Inner", "Startup Cost": 30000000000.0, "Total Cost": 20100156867647.98, "Plan Rows": 33, "Plan Width": 4, "Actual Startup Time": 116.309, "Actual Total Time": 116.309, "Actual Rows": 1, "Actual Loops": 1, "Plans": [{"Node Type": "Nested Loop", "Parent Relationship": "Outer", "Join Type": "Inner", "Startup Cost": 30000000000.0, "Total Cost": 20100156867647.9, "Plan Rows": 33, "Plan Width": 4, "Actual Startup Time": 116.303, "Actual Total Time": 116.303, "Actual Rows": 1, "Actual Loops": 1, "Inner Unique": true, "Join Filter": "(k.id = mk.keyword_id)", "Rows Removed by Join Filter": 573, "Plans": [{"Node Type": "Index Scan", "Parent Relationship": "Outer", "Scan Direction": "Forward", "Index Name": "movie_id_movie_keyword", "Relation Name": "movie_keyword", "Alias": "mk", "Startup Cost": 10000000000.0, "Total Cost": 1000015300634.17, "Plan Rows": 4523929, "Plan Width": 8, "Actual Startup Time": 0.024, "Actual Total Time": 0.264, "Actual Rows": 574, "Actual Loops": 1}, {"Node Type": "Materialize", "Parent Relationship": "Inner", "Startup Cost": 10000000000.0, "Total Cost": 1000000318271.69, "Plan Rows": 1, "Plan Width": 4, "Actual Startup Time": 0.496, "Actual Total Time": 115.798, "Actual Rows": 574, "Actual Loops": 574, "Plans": [{"Node Type": "Index Scan", "Parent Relationship": "Outer", "Scan Direction": "Forward", "Index Name": "keyword_pkey", "Relation Name": "keyword", "Alias": "k", "Startup Cost": 10000000000.0, "Total Cost": 1000000318271.68, "Plan Rows": 1, "Plan Width": 4, "Actual Startup Time": 0.441, "Actual Total Time": 115.697, "Actual Rows": 1, "Actual Loops": 1, "Filter": "((keyword)::text = 'sequel'::text)", "Rows Removed by Filter": 134168}]}]}]}]}, {"Node Type": "Sort", "Parent Relationship": "Inner", "Startup Cost": 2000000021497.31, "Total Cost": 2000000021501.99, "Plan Rows": 1875, "Plan Width": 16, "Actual Startup Time": 0.051, "Actual Total Time": 0.051, "Actual Rows": 0, "Actual Loops": 1, "Sort Key": ["ml.movie_id"], "Sort Method": "quicksort", "Sort Space Used": 25, "Sort Space Type": "Memory", "Plans": [{"Node Type": "Nested Loop", "Parent Relationship": "Outer", "Join Type": "Inner", "Startup Cost": 20000000046.78, "Total Cost": 2000000021395.38, "Plan Rows": 1875, "Plan Width": 16, "Actual Startup Time": 0.032, "Actual Total Time": 0.032, "Actual Rows": 0, "Actual Loops": 1, "Inner Unique": false, "Plans": [{"Node Type": "Index Scan", "Parent Relationship": "Outer", "Scan Direction": "Forward", "Index Name": "link_type_pkey", "Relation Name": "link_type", "Alias": "lt", "Startup Cost": 10000000000.0, "Total Cost": 1000000001254.75, "Plan Rows": 1, "Plan Width": 16, "Actual Startup Time": 0.03, "Actual Total Time": 0.03, "Actual Rows": 0, "Actual Loops": 1, "Filter": "((link)::text ~~ '%follows%'::text)", "Rows Removed by Filter": 17}, {"Node Type": "Bitmap Heap Scan", "Parent Relationship": "Inner", "Relation Name": "movie_link", "Alias": "ml", "Startup Cost": 10000000046.78, "Total Cost": 1000000020121.88, "Plan Rows": 1875, "Plan Width": 8, "Actual Startup Time": 0.0, "Actual Total Time": 0.0, "Recheck Cond": "(link_type_id = lt.id)", "Rows Removed by Index Recheck": 0, "Exact Heap Blocks": 0, "Lossy Heap Blocks": 0, "Plans": [{"Node Type": "Bitmap Index Scan", "Parent Relationship": "Outer", "Index Name": "link_type_id_movie_link", "Startup Cost": 0.0, "Total Cost": 46.31, "Plan Rows": 1875, "Plan Width": 0, "Actual Startup Time": 0.0, "Actual Total Time": 0.0, "Index Cond": "(link_type_id = lt.id)"}]}]}]}]}, {"Node Type": "Index Scan", "Parent Relationship": "Inner", "Scan Direction": "Forward", "Index Name": "title_pkey", "Relation Name": "title", "Alias": "t", "Startup Cost": 10000000000.0, "Total Cost": 1000012276204.41, "Plan Rows": 4, "Plan Width": 21, "Actual Startup Time": 0.0, "Actual Total Time": 0.0, "Filter": "(((title)::text ~~ '%Money%'::text) AND (production_year = 1998))", "Rows Removed by Filter": 0}]}, {"Node Type": "Index Scan", "Parent Relationship": "Inner", "Scan Direction": "Forward", "Index Name": "company_name_pkey", "Relation Name": "company_name", "Alias": "cn", "Startup Cost": 10000000000.0, "Total Cost": 1000000000028.81, "Plan Rows": 1, "Plan Width": 23, "Actual Startup Time": 0.0, "Actual Total Time": 0.0, "Index Cond": "(id = mc.company_id)", "Rows Removed by Index Recheck": 0, "Filter": "(((country_code)::text <> '[pl]'::text) AND (((name)::text ~~ '%Film%'::text) OR ((name)::text ~~ '%Warner%'::text)))", "Rows Removed by Filter": 0}]}]}, "Triggers": [], "Planner Runtime": 142.628, "Total Runtime": 126.814, "Unique SQL Id": 4121279504}}, "(1, 92)": {"explain_plan": {"Plan": {"Node Type": "Aggregate", "Strategy": "Plain", "Startup Cost": 2585.63, "Total Cost": 2585.64, "Plan Rows": 1, "Plan Width": 144, "Plans": [{"Node Type": "Nested Loop", "Parent Relationship": "Outer", "Join Type": "Inner", "Startup Cost": 0.0, "Total Cost": 2585.62, "Plan Rows": 1, "Plan Width": 48, "Inner Unique": true, "Plans": [{"Node Type": "Nested Loop", "Parent Relationship": "Outer", "Join Type": "Inner", "Startup Cost": 0.0, "Total Cost": 2585.34, "Plan Rows": 1, "Plan Width": 40, "Inner Unique": false, "Join Filter": "(t.id = ml.movie_id)", "Plans": [{"Node Type": "Nested Loop", "Parent Relationship": "Outer", "Join Type": "Inner", "Startup Cost": 0.0, "Total Cost": 2584.93, "Plan Rows": 1, "Plan Width": 48, "Inner Unique": true, "Plans": [{"Node Type": "Nested Loop", "Parent Relationship": "Outer", "Join Type": "Inner", "Startup Cost": 0.0, "Total Cost": 2584.64, "Plan Rows": 1, "Plan Width": 52, "Inner Unique": true, "Plans": [{"Node Type": "Nested Loop", "Parent Relationship": "Outer", "Join Type": "Inner", "Startup Cost": 0.0, "Total Cost": 2584.35, "Plan Rows": 1, "Plan Width": 37, "Inner Unique": false, "Join Filter": "(t.id = mc.movie_id)", "Plans": [{"Node Type": "Nested Loop", "Parent Relationship": "Outer", "Join Type": "Inner", "Startup Cost": 0.0, "Total Cost": 2584.01, "Plan Rows": 1, "Plan Width": 25, "Inner Unique": true, "Plans": [{"Node Type": "Nested Loop", "Parent Relationship": "Outer", "Join Type": "Inner", "Startup Cost": 0.0, "Total Cost": 2573.32, "Plan Rows": 33, "Plan Width": 4, "Inner Unique": false, "Plans": [{"Node Type": "Seq Scan", "Parent Relationship": "Outer", "Relation Name": "keyword", "Alias": "k", "Startup Cost": 0.0, "Total Cost": 2436.11, "Plan Rows": 1, "Plan Width": 4, "Filter": "((keyword)::text = 'sequel'::text)"}, {"Node Type": "Index Scan", "Parent Relationship": "Inner", "Scan Direction": "Forward", "Index Name": "keyword_id_movie_keyword", "Relation Name": "movie_keyword", "Alias": "mk", "Startup Cost": 0.0, "Total Cost": 136.88, "Plan Rows": 33, "Plan Width": 8, "Index Cond": "(keyword_id = k.id)"}]}, {"Node Type": "Index Scan", "Parent Relationship": "Inner", "Scan Direction": "Forward", "Index Name": "title_pkey", "Relation Name": "title", "Alias": "t", "Startup Cost": 0.0, "Total Cost": 0.31, "Plan Rows": 1, "Plan Width": 21, "Index Cond": "(id = mk.movie_id)", "Filter": "(((title)::text ~~ '%Money%'::text) AND (production_year = 1998))"}]}, {"Node Type": "Index Scan", "Parent Relationship": "Inner", "Scan Direction": "Forward", "Index Name": "movie_id_movie_companies", "Relation Name": "movie_companies", "Alias": "mc", "Startup Cost": 0.0, "Total Cost": 0.31, "Plan Rows": 2, "Plan Width": 12, "Index Cond": "(movie_id = mk.movie_id)", "Filter": "(note IS NULL)"}]}, {"Node Type": "Index Scan", "Parent Relationship": "Inner", "Scan Direction": "Forward", "Index Name": "company_name_pkey", "Relation Name": "company_name", "Alias": "cn", "Startup Cost": 0.0, "Total Cost": 0.29, "Plan Rows": 1, "Plan Width": 23, "Index Cond": "(id = mc.company_id)", "Filter": "(((country_code)::text <> '[pl]'::text) AND (((name)::text ~~ '%Film%'::text) OR ((name)::text ~~ '%Warner%'::text)))"}]}, {"Node Type": "Index Scan", "Parent Relationship": "Inner", "Scan Direction": "Forward", "Index Name": "company_type_pkey", "Relation Name": "company_type", "Alias": "ct", "Startup Cost": 0.0, "Total Cost": 0.27, "Plan Rows": 1, "Plan Width": 4, "Index Cond": "(id = mc.company_type_id)", "Filter": "((kind)::text = 'production companies'::text)"}]}, {"Node Type": "Index Scan", "Parent Relationship": "Inner", "Scan Direction": "Forward", "Index Name": "movie_id_movie_link", "Relation Name": "movie_link", "Alias": "ml", "Startup Cost": 0.0, "Total Cost": 0.35, "Plan Rows": 5, "Plan Width": 8, "Index Cond": "(movie_id = mk.movie_id)"}]}, {"Node Type": "Index Scan", "Parent Relationship": "Inner", "Scan Direction": "Forward", "Index Name": "link_type_pkey", "Relation Name": "link_type", "Alias": "lt", "Startup Cost": 0.0, "Total Cost": 0.27, "Plan Rows": 1, "Plan Width": 16, "Index Cond": "(id = ml.link_type_id)", "Filter": "((link)::text ~~ '%follows%'::text)"}]}]}, "Unique SQL Id": 4121279504}, "explain_analyze_plan": {"Plan": {"Node Type": "Aggregate", "Strategy": "Plain", "Startup Cost": 2585.63, "Total Cost": 2585.64, "Plan Rows": 1, "Plan Width": 144, "Actual Startup Time": 103.23, "Actual Total Time": 103.23, "Actual Rows": 1, "Actual Loops": 1, "Plans": [{"Node Type": "Nested Loop", "Parent Relationship": "Outer", "Join Type": "Inner", "Startup Cost": 0.0, "Total Cost": 2585.62, "Plan Rows": 1, "Plan Width": 48, "Actual Startup Time": 103.221, "Actual Total Time": 103.221, "Actual Rows": 0, "Actual Loops": 1, "Inner Unique": true, "Plans": [{"Node Type": "Nested Loop", "Parent Relationship": "Outer", "Join Type": "Inner", "Startup Cost": 0.0, "Total Cost": 2585.34, "Plan Rows": 1, "Plan Width": 40, "Actual Startup Time": 2.61, "Actual Total Time": 103.138, "Actual Rows": 38, "Actual Loops": 1, "Inner Unique": false, "Join Filter": "(t.id = ml.movie_id)", "Rows Removed by Join Filter": 0, "Plans": [{"Node Type": "Nested Loop", "Parent Relationship": "Outer", "Join Type": "Inner", "Startup Cost": 0.0, "Total Cost": 2584.93, "Plan Rows": 1, "Plan Width": 48, "Actual Startup Time": 2.599, "Actual Total Time": 103.092, "Actual Rows": 2, "Actual Loops": 1, "Inner Unique": true, "Plans": [{"Node Type": "Nested Loop", "Parent Relationship": "Outer", "Join Type": "Inner", "Startup Cost": 0.0, "Total Cost": 2584.64, "Plan Rows": 1, "Plan Width": 52, "Actual Startup Time": 2.592, "Actual Total Time": 103.081, "Actual Rows": 2, "Actual Loops": 1, "Inner Unique": true, "Plans": [{"Node Type": "Nested Loop", "Parent Relationship": "Outer", "Join Type": "Inner", "Startup Cost": 0.0, "Total Cost": 2584.35, "Plan Rows": 1, "Plan Width": 37, "Actual Startup Time": 2.578, "Actual Total Time": 103.051, "Actual Rows": 3, "Actual Loops": 1, "Inner Unique": false, "Join Filter": "(t.id = mc.movie_id)", "Rows Removed by Join Filter": 0, "Plans": [{"Node Type": "Nested Loop", "Parent Relationship": "Outer", "Join Type": "Inner", "Startup Cost": 0.0, "Total Cost": 2584.01, "Plan Rows": 1, "Plan Width": 25, "Actual Startup Time": 2.565, "Actual Total Time": 103.035, "Actual Rows": 1, "Actual Loops": 1, "Inner Unique": true, "Plans": [{"Node Type": "Nested Loop", "Parent Relationship": "Outer", "Join Type": "Inner", "Startup Cost": 0.0, "Total Cost": 2573.32, "Plan Rows": 33, "Plan Width": 4, "Actual Startup Time": 2.328, "Actual Total Time": 53.899, "Actual Rows": 10544, "Actual Loops": 1, "Inner Unique": false, "Plans": [{"Node Type": "Seq Scan", "Parent Relationship": "Outer", "Relation Name": "keyword", "Alias": "k", "Startup Cost": 0.0, "Total Cost": 2436.11, "Plan Rows": 1, "Plan Width": 4, "Actual Startup Time": 2.291, "Actual Total Time": 40.813, "Actual Rows": 1, "Actual Loops": 1, "Filter": "((keyword)::text = 'sequel'::text)", "Rows Removed by Filter": 134168}, {"Node Type": "Index Scan", "Parent Relationship": "Inner", "Scan Direction": "Forward", "Index Name": "keyword_id_movie_keyword", "Relation Name": "movie_keyword", "Alias": "mk", "Startup Cost": 0.0, "Total Cost": 136.88, "Plan Rows": 33, "Plan Width": 8, "Actual Startup Time": 0.031, "Actual Total Time": 10.818, "Actual Rows": 10544, "Actual Loops": 1, "Index Cond": "(keyword_id = k.id)", "Rows Removed by Index Recheck": 0}]}, {"Node Type": "Index Scan", "Parent Relationship": "Inner", "Scan Direction": "Forward", "Index Name": "title_pkey", "Relation Name": "title", "Alias": "t", "Startup Cost": 0.0, "Total Cost": 0.31, "Plan Rows": 1, "Plan Width": 21, "Actual Startup Time": 43.968, "Actual Total Time": 43.968, "Actual Rows": 1, "Actual Loops": 10544, "Index Cond": "(id = mk.movie_id)", "Rows Removed by Index Recheck": 0, "Filter": "(((title)::text ~~ '%Money%'::text) AND (production_year = 1998))", "Rows Removed by Filter": 10543}]}, {"Node Type": "Index Scan", "Parent Relationship": "Inner", "Scan Direction": "Forward", "Index Name": "movie_id_movie_companies", "Relation Name": "movie_companies", "Alias": "mc", "Startup Cost": 0.0, "Total Cost": 0.31, "Plan Rows": 2, "Plan Width": 12, "Actual Startup Time": 0.01, "Actual Total Time": 0.013, "Actual Rows": 3, "Actual Loops": 1, "Index Cond": "(movie_id = mk.movie_id)", "Rows Removed by Index Recheck": 0, "Filter": "(note IS NULL)", "Rows Removed by Filter": 1}]}, {"Node Type": "Index Scan", "Parent Relationship": "Inner", "Scan Direction": "Forward", "Index Name": "company_name_pkey", "Relation Name": "company_name", "Alias": "cn", "Startup Cost": 0.0, "Total Cost": 0.29, "Plan Rows": 1, "Plan Width": 23, "Actual Startup Time": 0.025, "Actual Total Time": 0.025, "Actual Rows": 2, "Actual Loops": 3, "Index Cond": "(id = mc.company_id)", "Rows Removed by Index Recheck": 0, "Filter": "(((country_code)::text <> '[pl]'::text) AND (((name)::text ~~ '%Film%'::text) OR ((name)::text ~~ '%Warner%'::text)))", "Rows Removed by Filter": 1}]}, {"Node Type": "Index Scan", "Parent Relationship": "Inner", "Scan Direction": "Forward", "Index Name": "company_type_pkey", "Relation Name": "company_type", "Alias": "ct", "Startup Cost": 0.0, "Total Cost": 0.27, "Plan Rows": 1, "Plan Width": 4, "Actual Startup Time": 0.007, "Actual Total Time": 0.007, "Actual Rows": 2, "Actual Loops": 2, "Index Cond": "(id = mc.company_type_id)", "Rows Removed by Index Recheck": 0, "Filter": "((kind)::text = 'production companies'::text)", "Rows Removed by Filter": 0}]}, {"Node Type": "Index Scan", "Parent Relationship": "Inner", "Scan Direction": "Forward", "Index Name": "movie_id_movie_link", "Relation Name": "movie_link", "Alias": "ml", "Startup Cost": 0.0, "Total Cost": 0.35, "Plan Rows": 5, "Plan Width": 8, "Actual Startup Time": 0.012, "Actual Total Time": 0.024, "Actual Rows": 38, "Actual Loops": 2, "Index Cond": "(movie_id = mk.movie_id)", "Rows Removed by Index Recheck": 0}]}, {"Node Type": "Index Scan", "Parent Relationship": "Inner", "Scan Direction": "Forward", "Index Name": "link_type_pkey", "Relation Name": "link_type", "Alias": "lt", "Startup Cost": 0.0, "Total Cost": 0.27, "Plan Rows": 1, "Plan Width": 16, "Actual Startup Time": 0.064, "Actual Total Time": 0.064, "Actual Rows": 0, "Actual Loops": 38, "Index Cond": "(id = ml.link_type_id)", "Rows Removed by Index Recheck": 0, "Filter": "((link)::text ~~ '%follows%'::text)", "Rows Removed by Filter": 24}]}]}, "Triggers": [], "Planner Runtime": 62.455, "Total Runtime": 103.577, "Unique SQL Id": 4121279504}}, "(1, 93)": {"explain_plan": {"Plan": {"Node Type": "Aggregate", "Strategy": "Plain", "Startup Cost": 3332.23, "Total Cost": 3332.24, "Plan Rows": 1, "Plan Width": 144, "Plans": [{"Node Type": "Nested Loop", "Parent Relationship": "Outer", "Join Type": "Inner", "Startup Cost": 0.0, "Total Cost": 3332.23, "Plan Rows": 1, "Plan Width": 48, "Inner Unique": true, "Plans": [{"Node Type": "Nested Loop", "Parent Relationship": "Outer", "Join Type": "Inner", "Startup Cost": 0.0, "Total Cost": 3331.94, "Plan Rows": 1, "Plan Width": 40, "Inner Unique": false, "Join Filter": "(t.id = ml.movie_id)", "Plans": [{"Node Type": "Nested Loop", "Parent Relationship": "Outer", "Join Type": "Inner", "Startup Cost": 0.0, "Total Cost": 3331.53, "Plan Rows": 1, "Plan Width": 48, "Inner Unique": true, "Plans": [{"Node Type": "Nested Loop", "Parent Relationship": "Outer", "Join Type": "Inner", "Startup Cost": 0.0, "Total Cost": 3331.25, "Plan Rows": 1, "Plan Width": 52, "Inner Unique": true, "Plans": [{"Node Type": "Nested Loop", "Parent Relationship": "Outer", "Join Type": "Inner", "Startup Cost": 0.0, "Total Cost": 3330.95, "Plan Rows": 1, "Plan Width": 37, "Inner Unique": false, "Join Filter": "(t.id = mc.movie_id)", "Plans": [{"Node Type": "Nested Loop", "Parent Relationship": "Outer", "Join Type": "Inner", "Startup Cost": 0.0, "Total Cost": 3330.61, "Plan Rows": 1, "Plan Width": 25, "Inner Unique": true, "Plans": [{"Node Type": "Nested Loop", "Parent Relationship": "Outer", "Join Type": "Inner", "Startup Cost": 0.0, "Total Cost": 3319.92, "Plan Rows": 33, "Plan Width": 4, "Inner Unique": false, "Plans": [{"Node Type": "Index Scan", "Parent Relationship": "Outer", "Scan Direction": "Forward", "Index Name": "keyword_pkey", "Relation Name": "keyword", "Alias": "k", "Startup Cost": 0.0, "Total Cost": 3182.72, "Plan Rows": 1, "Plan Width": 4, "Filter": "((keyword)::text = 'sequel'::text)"}, {"Node Type": "Index Scan", "Parent Relationship": "Inner", "Scan Direction": "Forward", "Index Name": "keyword_id_movie_keyword", "Relation Name": "movie_keyword", "Alias": "mk", "Startup Cost": 0.0, "Total Cost": 136.88, "Plan Rows": 33, "Plan Width": 8, "Index Cond": "(keyword_id = k.id)"}]}, {"Node Type": "Index Scan", "Parent Relationship": "Inner", "Scan Direction": "Forward", "Index Name": "title_pkey", "Relation Name": "title", "Alias": "t", "Startup Cost": 0.0, "Total Cost": 0.31, "Plan Rows": 1, "Plan Width": 21, "Index Cond": "(id = mk.movie_id)", "Filter": "(((title)::text ~~ '%Money%'::text) AND (production_year = 1998))"}]}, {"Node Type": "Index Scan", "Parent Relationship": "Inner", "Scan Direction": "Forward", "Index Name": "movie_id_movie_companies", "Relation Name": "movie_companies", "Alias": "mc", "Startup Cost": 0.0, "Total Cost": 0.31, "Plan Rows": 2, "Plan Width": 12, "Index Cond": "(movie_id = mk.movie_id)", "Filter": "(note IS NULL)"}]}, {"Node Type": "Index Scan", "Parent Relationship": "Inner", "Scan Direction": "Forward", "Index Name": "company_name_pkey", "Relation Name": "company_name", "Alias": "cn", "Startup Cost": 0.0, "Total Cost": 0.29, "Plan Rows": 1, "Plan Width": 23, "Index Cond": "(id = mc.company_id)", "Filter": "(((country_code)::text <> '[pl]'::text) AND (((name)::text ~~ '%Film%'::text) OR ((name)::text ~~ '%Warner%'::text)))"}]}, {"Node Type": "Index Scan", "Parent Relationship": "Inner", "Scan Direction": "Forward", "Index Name": "company_type_pkey", "Relation Name": "company_type", "Alias": "ct", "Startup Cost": 0.0, "Total Cost": 0.27, "Plan Rows": 1, "Plan Width": 4, "Index Cond": "(id = mc.company_type_id)", "Filter": "((kind)::text = 'production companies'::text)"}]}, {"Node Type": "Index Scan", "Parent Relationship": "Inner", "Scan Direction": "Forward", "Index Name": "movie_id_movie_link", "Relation Name": "movie_link", "Alias": "ml", "Startup Cost": 0.0, "Total Cost": 0.35, "Plan Rows": 5, "Plan Width": 8, "Index Cond": "(movie_id = mk.movie_id)"}]}, {"Node Type": "Index Scan", "Parent Relationship": "Inner", "Scan Direction": "Forward", "Index Name": "link_type_pkey", "Relation Name": "link_type", "Alias": "lt", "Startup Cost": 0.0, "Total Cost": 0.27, "Plan Rows": 1, "Plan Width": 16, "Index Cond": "(id = ml.link_type_id)", "Filter": "((link)::text ~~ '%follows%'::text)"}]}]}, "Unique SQL Id": 4121279504}, "explain_analyze_plan": {"Plan": {"Node Type": "Aggregate", "Strategy": "Plain", "Startup Cost": 3332.23, "Total Cost": 3332.24, "Plan Rows": 1, "Plan Width": 144, "Actual Startup Time": 176.653, "Actual Total Time": 176.654, "Actual Rows": 1, "Actual Loops": 1, "Plans": [{"Node Type": "Nested Loop", "Parent Relationship": "Outer", "Join Type": "Inner", "Startup Cost": 0.0, "Total Cost": 3332.23, "Plan Rows": 1, "Plan Width": 48, "Actual Startup Time": 176.642, "Actual Total Time": 176.642, "Actual Rows": 0, "Actual Loops": 1, "Inner Unique": true, "Plans": [{"Node Type": "Nested Loop", "Parent Relationship": "Outer", "Join Type": "Inner", "Startup Cost": 0.0, "Total Cost": 3331.94, "Plan Rows": 1, "Plan Width": 40, "Actual Startup Time": 0.743, "Actual Total Time": 176.562, "Actual Rows": 38, "Actual Loops": 1, "Inner Unique": false, "Join Filter": "(t.id = ml.movie_id)", "Rows Removed by Join Filter": 0, "Plans": [{"Node Type": "Nested Loop", "Parent Relationship": "Outer", "Join Type": "Inner", "Startup Cost": 0.0, "Total Cost": 3331.53, "Plan Rows": 1, "Plan Width": 48, "Actual Startup Time": 0.732, "Actual Total Time": 176.514, "Actual Rows": 2, "Actual Loops": 1, "Inner Unique": true, "Plans": [{"Node Type": "Nested Loop", "Parent Relationship": "Outer", "Join Type": "Inner", "Startup Cost": 0.0, "Total Cost": 3331.25, "Plan Rows": 1, "Plan Width": 52, "Actual Startup Time": 0.727, "Actual Total Time": 176.504, "Actual Rows": 2, "Actual Loops": 1, "Inner Unique": true, "Plans": [{"Node Type": "Nested Loop", "Parent Relationship": "Outer", "Join Type": "Inner", "Startup Cost": 0.0, "Total Cost": 3330.95, "Plan Rows": 1, "Plan Width": 37, "Actual Startup Time": 0.713, "Actual Total Time": 176.476, "Actual Rows": 3, "Actual Loops": 1, "Inner Unique": false, "Join Filter": "(t.id = mc.movie_id)", "Rows Removed by Join Filter": 0, "Plans": [{"Node Type": "Nested Loop", "Parent Relationship": "Outer", "Join Type": "Inner", "Startup Cost": 0.0, "Total Cost": 3330.61, "Plan Rows": 1, "Plan Width": 25, "Actual Startup Time": 0.696, "Actual Total Time": 176.455, "Actual Rows": 1, "Actual Loops": 1, "Inner Unique": true, "Plans": [{"Node Type": "Nested Loop", "Parent Relationship": "Outer", "Join Type": "Inner", "Startup Cost": 0.0, "Total Cost": 3319.92, "Plan Rows": 33, "Plan Width": 4, "Actual Startup Time": 0.47, "Actual Total Time": 126.57, "Actual Rows": 10544, "Actual Loops": 1, "Inner Unique": false, "Plans": [{"Node Type": "Index Scan", "Parent Relationship": "Outer", "Scan Direction": "Forward", "Index Name": "keyword_pkey", "Relation Name": "keyword", "Alias": "k", "Startup Cost": 0.0, "Total Cost": 3182.72, "Plan Rows": 1, "Plan Width": 4, "Actual Startup Time": 0.438, "Actual Total Time": 113.411, "Actual Rows": 1, "Actual Loops": 1, "Filter": "((keyword)::text = 'sequel'::text)", "Rows Removed by Filter": 134168}, {"Node Type": "Index Scan", "Parent Relationship": "Inner", "Scan Direction": "Forward", "Index Name": "keyword_id_movie_keyword", "Relation Name": "movie_keyword", "Alias": "mk", "Startup Cost": 0.0, "Total Cost": 136.88, "Plan Rows": 33, "Plan Width": 8, "Actual Startup Time": 0.027, "Actual Total Time": 10.895, "Actual Rows": 10544, "Actual Loops": 1, "Index Cond": "(keyword_id = k.id)", "Rows Removed by Index Recheck": 0}]}, {"Node Type": "Index Scan", "Parent Relationship": "Inner", "Scan Direction": "Forward", "Index Name": "title_pkey", "Relation Name": "title", "Alias": "t", "Startup Cost": 0.0, "Total Cost": 0.31, "Plan Rows": 1, "Plan Width": 21, "Actual Startup Time": 44.568, "Actual Total Time": 44.568, "Actual Rows": 1, "Actual Loops": 10544, "Index Cond": "(id = mk.movie_id)", "Rows Removed by Index Recheck": 0, "Filter": "(((title)::text ~~ '%Money%'::text) AND (production_year = 1998))", "Rows Removed by Filter": 10543}]}, {"Node Type": "Index Scan", "Parent Relationship": "Inner", "Scan Direction": "Forward", "Index Name": "movie_id_movie_companies", "Relation Name": "movie_companies", "Alias": "mc", "Startup Cost": 0.0, "Total Cost": 0.31, "Plan Rows": 2, "Plan Width": 12, "Actual Startup Time": 0.011, "Actual Total Time": 0.013, "Actual Rows": 3, "Actual Loops": 1, "Index Cond": "(movie_id = mk.movie_id)", "Rows Removed by Index Recheck": 0, "Filter": "(note IS NULL)", "Rows Removed by Filter": 1}]}, {"Node Type": "Index Scan", "Parent Relationship": "Inner", "Scan Direction": "Forward", "Index Name": "company_name_pkey", "Relation Name": "company_name", "Alias": "cn", "Startup Cost": 0.0, "Total Cost": 0.29, "Plan Rows": 1, "Plan Width": 23, "Actual Startup Time": 0.022, "Actual Total Time": 0.022, "Actual Rows": 2, "Actual Loops": 3, "Index Cond": "(id = mc.company_id)", "Rows Removed by Index Recheck": 0, "Filter": "(((country_code)::text <> '[pl]'::text) AND (((name)::text ~~ '%Film%'::text) OR ((name)::text ~~ '%Warner%'::text)))", "Rows Removed by Filter": 1}]}, {"Node Type": "Index Scan", "Parent Relationship": "Inner", "Scan Direction": "Forward", "Index Name": "company_type_pkey", "Relation Name": "company_type", "Alias": "ct", "Startup Cost": 0.0, "Total Cost": 0.27, "Plan Rows": 1, "Plan Width": 4, "Actual Startup Time": 0.006, "Actual Total Time": 0.006, "Actual Rows": 2, "Actual Loops": 2, "Index Cond": "(id = mc.company_type_id)", "Rows Removed by Index Recheck": 0, "Filter": "((kind)::text = 'production companies'::text)", "Rows Removed by Filter": 0}]}, {"Node Type": "Index Scan", "Parent Relationship": "Inner", "Scan Direction": "Forward", "Index Name": "movie_id_movie_link", "Relation Name": "movie_link", "Alias": "ml", "Startup Cost": 0.0, "Total Cost": 0.35, "Plan Rows": 5, "Plan Width": 8, "Actual Startup Time": 0.011, "Actual Total Time": 0.025, "Actual Rows": 38, "Actual Loops": 2, "Index Cond": "(movie_id = mk.movie_id)", "Rows Removed by Index Recheck": 0}]}, {"Node Type": "Index Scan", "Parent Relationship": "Inner", "Scan Direction": "Forward", "Index Name": "link_type_pkey", "Relation Name": "link_type", "Alias": "lt", "Startup Cost": 0.0, "Total Cost": 0.27, "Plan Rows": 1, "Plan Width": 16, "Actual Startup Time": 0.063, "Actual Total Time": 0.063, "Actual Rows": 0, "Actual Loops": 38, "Index Cond": "(id = ml.link_type_id)", "Rows Removed by Index Recheck": 0, "Filter": "((link)::text ~~ '%follows%'::text)", "Rows Removed by Filter": 24}]}]}, "Triggers": [], "Planner Runtime": 56.535, "Total Runtime": 177.003, "Unique SQL Id": 4121279504}}, "(1, 94)": {"explain_plan": {"Plan": {"Node Type": "Aggregate", "Strategy": "Plain", "Startup Cost": 823671.24, "Total Cost": 823671.25, "Plan Rows": 1, "Plan Width": 144, "Plans": [{"Node Type": "Merge Join", "Parent Relationship": "Outer", "Join Type": "Inner", "Startup Cost": 823671.21, "Total Cost": 823671.23, "Plan Rows": 1, "Plan Width": 48, "Inner Unique": true, "Merge Cond": "(ml.link_type_id = lt.id)", "Plans": [{"Node Type": "Sort", "Parent Relationship": "Outer", "Startup Cost": 823669.99, "Total Cost": 823669.99, "Plan Rows": 1, "Plan Width": 40, "Sort Key": ["ml.link_type_id"], "Plans": [{"Node Type": "Merge Join", "Parent Relationship": "Outer", "Join Type": "Inner", "Startup Cost": 823669.52, "Total Cost": 823669.98, "Plan Rows": 1, "Plan Width": 40, "Inner Unique": true, "Merge Cond": "(mk.keyword_id = k.id)", "Plans": [{"Node Type": "Sort", "Parent Relationship": "Outer", "Startup Cost": 821233.4, "Total Cost": 821233.62, "Plan Rows": 87, "Plan Width": 44, "Sort Key": ["mk.keyword_id"], "Plans": [{"Node Type": "Merge Join", "Parent Relationship": "Outer", "Join Type": "Inner", "Startup Cost": 820753.6, "Total Cost": 821230.6, "Plan Rows": 87, "Plan Width": 44, "Inner Unique": false, "Merge Cond": "(ml.movie_id = mk.movie_id)", "Plans": [{"Node Type": "Sort", "Parent Relationship": "Outer", "Startup Cost": 258211.31, "Total Cost": 258211.34, "Plan Rows": 12, "Plan Width": 52, "Sort Key": ["mc.movie_id"], "Plans": [{"Node Type": "Merge Join", "Parent Relationship": "Outer", "Join Type": "Inner", "Startup Cost": 258210.95, "Total Cost": 258211.09, "Plan Rows": 12, "Plan Width": 52, "Inner Unique": false, "Merge Cond": "(ct.id = mc.company_type_id)", "Plans": [{"Node Type": "Sort", "Parent Relationship": "Outer", "Startup Cost": 1.05, "Total Cost": 1.05, "Plan Rows": 1, "Plan Width": 4, "Sort Key": ["ct.id"], "Plans": [{"Node Type": "Seq Scan", "Parent Relationship": "Outer", "Relation Name": "company_type", "Alias": "ct", "Startup Cost": 0.0, "Total Cost": 1.04, "Plan Rows": 1, "Plan Width": 4, "Filter": "((kind)::text = 'production companies'::text)"}]}, {"Node Type": "Sort", "Parent Relationship": "Inner", "Startup Cost": 258209.86, "Total Cost": 258209.9, "Plan Rows": 18, "Plan Width": 56, "Sort Key": ["mc.company_type_id"], "Plans": [{"Node Type": "Merge Join", "Parent Relationship": "Outer", "Join Type": "Inner", "Startup Cost": 257921.04, "Total Cost": 258209.48, "Plan Rows": 18, "Plan Width": 56, "Inner Unique": true, "Merge Cond": "(mc.company_id = cn.id)", "Plans": [{"Node Type": "Sort", "Parent Relationship": "Outer", "Startup Cost": 246288.33, "Total Cost": 246288.45, "Plan Rows": 49, "Plan Width": 41, "Sort Key": ["mc.company_id"], "Plans": [{"Node Type": "Merge Join", "Parent Relationship": "Outer", "Join Type": "Inner", "Startup Cost": 245888.91, "Total Cost": 246286.95, "Plan Rows": 49, "Plan Width": 41, "Inner Unique": false, "Merge Cond": "(ml.movie_id = mc.movie_id)", "Plans": [{"Node Type": "Merge Join", "Parent Relationship": "Outer", "Join Type": "Inner", "Startup Cost": 75372.24, "Total Cost": 75522.41, "Plan Rows": 19, "Plan Width": 29, "Inner Unique": false, "Merge Cond": "(t.id = ml.movie_id)", "Plans": [{"Node Type": "Sort", "Parent Relationship": "Outer", "Startup Cost": 72710.71, "Total Cost": 72710.71, "Plan Rows": 4, "Plan Width": 21, "Sort Key": ["t.id"], "Plans": [{"Node Type": "Seq Scan", "Parent Relationship": "Outer", "Relation Name": "title", "Alias": "t", "Startup Cost": 0.0, "Total Cost": 72710.67, "Plan Rows": 4, "Plan Width": 21, "Filter": "(((title)::text ~~ '%Money%'::text) AND (production_year = 1998))"}]}, {"Node Type": "Sort", "Parent Relationship": "Inner", "Startup Cost": 2661.53, "Total Cost": 2736.52, "Plan Rows": 29996, "Plan Width": 8, "Sort Key": ["ml.movie_id"], "Plans": [{"Node Type": "Seq Scan", "Parent Relationship": "Outer", "Relation Name": "movie_link", "Alias": "ml", "Startup Cost": 0.0, "Total Cost": 430.96, "Plan Rows": 29996, "Plan Width": 8}]}]}, {"Node Type": "Sort", "Parent Relationship": "Inner", "Startup Cost": 170516.58, "Total Cost": 173690.3, "Plan Rows": 1269486, "Plan Width": 12, "Sort Key": ["mc.movie_id"], "Plans": [{"Node Type": "Seq Scan", "Parent Relationship": "Outer", "Relation Name": "movie_companies", "Alias": "mc", "Startup Cost": 0.0, "Total Cost": 41817.28, "Plan Rows": 1269486, "Plan Width": 12, "Filter": "(note IS NULL), (LLVM Optimized)"}]}]}]}, {"Node Type": "Sort", "Parent Relationship": "Inner", "Startup Cost": 11632.71, "Total Cost": 11776.71, "Plan Rows": 57599, "Plan Width": 23, "Sort Key": ["cn.id"], "Plans": [{"Node Type": "Seq Scan", "Parent Relationship": "Outer", "Relation Name": "company_name", "Alias": "cn", "Startup Cost": 0.0, "Total Cost": 7078.43, "Plan Rows": 57599, "Plan Width": 23, "Filter": "(((country_code)::text <> '[pl]'::text) AND (((name)::text ~~ '%Film%'::text) OR ((name)::text ~~ '%Warner%'::text)))"}]}]}]}]}]}, {"Node Type": "Sort", "Parent Relationship": "Inner", "Startup Cost": 562542.3, "Total Cost": 573852.12, "Plan Rows": 4523929, "Plan Width": 8, "Sort Key": ["mk.movie_id"], "Plans": [{"Node Type": "Seq Scan", "Parent Relationship": "Outer", "Relation Name": "movie_keyword", "Alias": "mk", "Startup Cost": 0.0, "Total Cost": 62441.29, "Plan Rows": 4523929, "Plan Width": 8}]}]}]}, {"Node Type": "Sort", "Parent Relationship": "Inner", "Startup Cost": 2436.12, "Total Cost": 2436.13, "Plan Rows": 1, "Plan Width": 4, "Sort Key": ["k.id"], "Plans": [{"Node Type": "Seq Scan", "Parent Relationship": "Outer", "Relation Name": "keyword", "Alias": "k", "Startup Cost": 0.0, "Total Cost": 2436.11, "Plan Rows": 1, "Plan Width": 4, "Filter": "((keyword)::text = 'sequel'::text)"}]}]}]}, {"Node Type": "Sort", "Parent Relationship": "Inner", "Startup Cost": 1.22, "Total Cost": 1.23, "Plan Rows": 1, "Plan Width": 16, "Sort Key": ["lt.id"], "Plans": [{"Node Type": "Seq Scan", "Parent Relationship": "Outer", "Relation Name": "link_type", "Alias": "lt", "Startup Cost": 0.0, "Total Cost": 1.21, "Plan Rows": 1, "Plan Width": 16, "Filter": "((link)::text ~~ '%follows%'::text)"}]}]}]}, "Unique SQL Id": 4121279504}, "explain_analyze_plan": null}, "(1, 95)": {"explain_plan": {"Plan": {"Node Type": "Aggregate", "Strategy": "Plain", "Startup Cost": 4403913964515.37, "Total Cost": 4403913964515.38, "Plan Rows": 1, "Plan Width": 144, "Plans": [{"Node Type": "Nested Loop", "Parent Relationship": "Outer", "Join Type": "Inner", "Startup Cost": 2081580986606.33, "Total Cost": 4403913964515.36, "Plan Rows": 1, "Plan Width": 48, "Inner Unique": true, "Plans": [{"Node Type": "Merge Join", "Parent Relationship": "Outer", "Join Type": "Inner", "Startup Cost": 2071580986606.33, "Total Cost": 3403913964486.54, "Plan Rows": 1, "Plan Width": 33, "Inner Unique": true, "Merge Cond": "(ml.movie_id = t.id)", "Plans": [{"Node Type": "Merge Join", "Parent Relationship": "Outer", "Join Type": "Inner", "Startup Cost": 2061580986606.33, "Total Cost": 3146410895435.4, "Plan Rows": 11, "Plan Width": 28, "Inner Unique": false, "Merge Cond": "(mk.movie_id = ml.movie_id)", "Plans": [{"Node Type": "Merge Join", "Parent Relationship": "Outer", "Join Type": "Inner", "Startup Cost": 61580965109.01, "Total Cost": 40200287591422.09, "Plan Rows": 37, "Plan Width": 12, "Inner Unique": false, "Merge Cond": "(mc.movie_id = mk.movie_id)", "Plans": [{"Node Type": "Nested Loop", "Parent Relationship": "Outer", "Join Type": "Inner", "Startup Cost": 30000000000.0, "Total Cost": 20100130722186.7, "Plan Rows": 634743, "Plan Width": 8, "Inner Unique": true, "Join Filter": "(ct.id = mc.company_type_id), (LLVM Optimized)", "Plans": [{"Node Type": "Index Scan", "Parent Relationship": "Outer", "Scan Direction": "Forward", "Index Name": "movie_id_movie_companies", "Relation Name": "movie_companies", "Alias": "mc", "Startup Cost": 10000000000.0, "Total Cost": 1000013051946.13, "Plan Rows": 1269486, "Plan Width": 12, "Filter": "(note IS NULL), (LLVM Optimized)"}, {"Node Type": "Materialize", "Parent Relationship": "Inner", "Startup Cost": 10000000000.0, "Total Cost": 1000000001230.26, "Plan Rows": 1, "Plan Width": 4, "Plans": [{"Node Type": "Index Scan", "Parent Relationship": "Outer", "Scan Direction": "Forward", "Index Name": "company_type_pkey", "Relation Name": "company_type", "Alias": "ct", "Startup Cost": 10000000000.0, "Total Cost": 1000000001230.25, "Plan Rows": 1, "Plan Width": 4, "Filter": "((kind)::text = 'production companies'::text)"}]}]}, {"Node Type": "Materialize", "Parent Relationship": "Inner", "Startup Cost": 30000000000.0, "Total Cost": 20100156867647.98, "Plan Rows": 33, "Plan Width": 4, "Plans": [{"Node Type": "Nested Loop", "Parent Relationship": "Outer", "Join Type": "Inner", "Startup Cost": 30000000000.0, "Total Cost": 20100156867647.9, "Plan Rows": 33, "Plan Width": 4, "Inner Unique": true, "Join Filter": "(k.id = mk.keyword_id)", "Plans": [{"Node Type": "Index Scan", "Parent Relationship": "Outer", "Scan Direction": "Forward", "Index Name": "movie_id_movie_keyword", "Relation Name": "movie_keyword", "Alias": "mk", "Startup Cost": 10000000000.0, "Total Cost": 1000015300634.17, "Plan Rows": 4523929, "Plan Width": 8}, {"Node Type": "Materialize", "Parent Relationship": "Inner", "Startup Cost": 10000000000.0, "Total Cost": 1000000318271.69, "Plan Rows": 1, "Plan Width": 4, "Plans": [{"Node Type": "Index Scan", "Parent Relationship": "Outer", "Scan Direction": "Forward", "Index Name": "keyword_pkey", "Relation Name": "keyword", "Alias": "k", "Startup Cost": 10000000000.0, "Total Cost": 1000000318271.68, "Plan Rows": 1, "Plan Width": 4, "Filter": "((keyword)::text = 'sequel'::text)"}]}]}]}]}, {"Node Type": "Sort", "Parent Relationship": "Inner", "Startup Cost": 2000000021497.31, "Total Cost": 2000000021501.99, "Plan Rows": 1875, "Plan Width": 16, "Sort Key": ["ml.movie_id"], "Plans": [{"Node Type": "Nested Loop", "Parent Relationship": "Outer", "Join Type": "Inner", "Startup Cost": 20000000046.78, "Total Cost": 2000000021395.38, "Plan Rows": 1875, "Plan Width": 16, "Inner Unique": false, "Plans": [{"Node Type": "Index Scan", "Parent Relationship": "Outer", "Scan Direction": "Forward", "Index Name": "link_type_pkey", "Relation Name": "link_type", "Alias": "lt", "Startup Cost": 10000000000.0, "Total Cost": 1000000001254.75, "Plan Rows": 1, "Plan Width": 16, "Filter": "((link)::text ~~ '%follows%'::text)"}, {"Node Type": "Bitmap Heap Scan", "Parent Relationship": "Inner", "Relation Name": "movie_link", "Alias": "ml", "Startup Cost": 10000000046.78, "Total Cost": 1000000020121.88, "Plan Rows": 1875, "Plan Width": 8, "Recheck Cond": "(link_type_id = lt.id)", "Plans": [{"Node Type": "Bitmap Index Scan", "Parent Relationship": "Outer", "Index Name": "link_type_id_movie_link", "Startup Cost": 0.0, "Total Cost": 46.31, "Plan Rows": 1875, "Plan Width": 0, "Index Cond": "(link_type_id = lt.id)"}]}]}]}]}, {"Node Type": "Index Scan", "Parent Relationship": "Inner", "Scan Direction": "Forward", "Index Name": "title_pkey", "Relation Name": "title", "Alias": "t", "Startup Cost": 10000000000.0, "Total Cost": 1000012276204.41, "Plan Rows": 4, "Plan Width": 21, "Filter": "(((title)::text ~~ '%Money%'::text) AND (production_year = 1998))"}]}, {"Node Type": "Index Scan", "Parent Relationship": "Inner", "Scan Direction": "Forward", "Index Name": "company_name_pkey", "Relation Name": "company_name", "Alias": "cn", "Startup Cost": 10000000000.0, "Total Cost": 1000000000028.81, "Plan Rows": 1, "Plan Width": 23, "Index Cond": "(id = mc.company_id)", "Filter": "(((country_code)::text <> '[pl]'::text) AND (((name)::text ~~ '%Film%'::text) OR ((name)::text ~~ '%Warner%'::text)))"}]}]}, "Unique SQL Id": 4121279504}, "explain_analyze_plan": {"Plan": {"Node Type": "Aggregate", "Strategy": "Plain", "Startup Cost": 4403913964515.37, "Total Cost": 4403913964515.38, "Plan Rows": 1, "Plan Width": 144, "Actual Startup Time": 117.39, "Actual Total Time": 117.391, "Actual Rows": 1, "Actual Loops": 1, "Plans": [{"Node Type": "Nested Loop", "Parent Relationship": "Outer", "Join Type": "Inner", "Startup Cost": 2081580986606.33, "Total Cost": 4403913964515.36, "Plan Rows": 1, "Plan Width": 48, "Actual Startup Time": 117.381, "Actual Total Time": 117.381, "Actual Rows": 0, "Actual Loops": 1, "Inner Unique": true, "Plans": [{"Node Type": "Merge Join", "Parent Relationship": "Outer", "Join Type": "Inner", "Startup Cost": 2071580986606.33, "Total Cost": 3403913964486.54, "Plan Rows": 1, "Plan Width": 33, "Actual Startup Time": 117.38, "Actual Total Time": 117.38, "Actual Rows": 0, "Actual Loops": 1, "Inner Unique": true, "Merge Cond": "(ml.movie_id = t.id)", "Plans": [{"Node Type": "Merge Join", "Parent Relationship": "Outer", "Join Type": "Inner", "Startup Cost": 2061580986606.33, "Total Cost": 3146410895435.4, "Plan Rows": 11, "Plan Width": 28, "Actual Startup Time": 117.375, "Actual Total Time": 117.375, "Actual Rows": 0, "Actual Loops": 1, "Inner Unique": false, "Merge Cond": "(mk.movie_id = ml.movie_id)", "Plans": [{"Node Type": "Merge Join", "Parent Relationship": "Outer", "Join Type": "Inner", "Startup Cost": 61580965109.01, "Total Cost": 40200287591422.09, "Plan Rows": 37, "Plan Width": 12, "Actual Startup Time": 117.308, "Actual Total Time": 117.308, "Actual Rows": 1, "Actual Loops": 1, "Inner Unique": false, "Merge Cond": "(mc.movie_id = mk.movie_id)", "Plans": [{"Node Type": "Nested Loop", "Parent Relationship": "Outer", "Join Type": "Inner", "Startup Cost": 30000000000.0, "Total Cost": 20100130722186.7, "Plan Rows": 634743, "Plan Width": 8, "Actual Startup Time": 0.065, "Actual Total Time": 0.95, "Actual Rows": 447, "Actual Loops": 1, "Inner Unique": true, "Join Filter": "(ct.id = mc.company_type_id), (LLVM Optimized)", "Rows Removed by Join Filter": 3, "Plans": [{"Node Type": "Index Scan", "Parent Relationship": "Outer", "Scan Direction": "Forward", "Index Name": "movie_id_movie_companies", "Relation Name": "movie_companies", "Alias": "mc", "Startup Cost": 10000000000.0, "Total Cost": 1000013051946.13, "Plan Rows": 1269486, "Plan Width": 12, "Actual Startup Time": 0.041, "Actual Total Time": 0.654, "Actual Rows": 450, "Actual Loops": 1, "Filter": "(note IS NULL), (LLVM Optimized)", "Rows Removed by Filter": 628}, {"Node Type": "Materialize", "Parent Relationship": "Inner", "Startup Cost": 10000000000.0, "Total Cost": 1000000001230.26, "Plan Rows": 1, "Plan Width": 4, "Actual Startup Time": 0.062, "Actual Total Time": 0.067, "Actual Rows": 450, "Actual Loops": 450, "Plans": [{"Node Type": "Index Scan", "Parent Relationship": "Outer", "Scan Direction": "Forward", "Index Name": "company_type_pkey", "Relation Name": "company_type", "Alias": "ct", "Startup Cost": 10000000000.0, "Total Cost": 1000000001230.25, "Plan Rows": 1, "Plan Width": 4, "Actual Startup Time": 0.012, "Actual Total Time": 0.016, "Actual Rows": 1, "Actual Loops": 1, "Filter": "((kind)::text = 'production companies'::text)", "Rows Removed by Filter": 2}]}]}, {"Node Type": "Materialize", "Parent Relationship": "Inner", "Startup Cost": 30000000000.0, "Total Cost": 20100156867647.98, "Plan Rows": 33, "Plan Width": 4, "Actual Startup Time": 116.309, "Actual Total Time": 116.309, "Actual Rows": 1, "Actual Loops": 1, "Plans": [{"Node Type": "Nested Loop", "Parent Relationship": "Outer", "Join Type": "Inner", "Startup Cost": 30000000000.0, "Total Cost": 20100156867647.9, "Plan Rows": 33, "Plan Width": 4, "Actual Startup Time": 116.303, "Actual Total Time": 116.303, "Actual Rows": 1, "Actual Loops": 1, "Inner Unique": true, "Join Filter": "(k.id = mk.keyword_id)", "Rows Removed by Join Filter": 573, "Plans": [{"Node Type": "Index Scan", "Parent Relationship": "Outer", "Scan Direction": "Forward", "Index Name": "movie_id_movie_keyword", "Relation Name": "movie_keyword", "Alias": "mk", "Startup Cost": 10000000000.0, "Total Cost": 1000015300634.17, "Plan Rows": 4523929, "Plan Width": 8, "Actual Startup Time": 0.024, "Actual Total Time": 0.264, "Actual Rows": 574, "Actual Loops": 1}, {"Node Type": "Materialize", "Parent Relationship": "Inner", "Startup Cost": 10000000000.0, "Total Cost": 1000000318271.69, "Plan Rows": 1, "Plan Width": 4, "Actual Startup Time": 0.496, "Actual Total Time": 115.798, "Actual Rows": 574, "Actual Loops": 574, "Plans": [{"Node Type": "Index Scan", "Parent Relationship": "Outer", "Scan Direction": "Forward", "Index Name": "keyword_pkey", "Relation Name": "keyword", "Alias": "k", "Startup Cost": 10000000000.0, "Total Cost": 1000000318271.68, "Plan Rows": 1, "Plan Width": 4, "Actual Startup Time": 0.441, "Actual Total Time": 115.697, "Actual Rows": 1, "Actual Loops": 1, "Filter": "((keyword)::text = 'sequel'::text)", "Rows Removed by Filter": 134168}]}]}]}]}, {"Node Type": "Sort", "Parent Relationship": "Inner", "Startup Cost": 2000000021497.31, "Total Cost": 2000000021501.99, "Plan Rows": 1875, "Plan Width": 16, "Actual Startup Time": 0.051, "Actual Total Time": 0.051, "Actual Rows": 0, "Actual Loops": 1, "Sort Key": ["ml.movie_id"], "Sort Method": "quicksort", "Sort Space Used": 25, "Sort Space Type": "Memory", "Plans": [{"Node Type": "Nested Loop", "Parent Relationship": "Outer", "Join Type": "Inner", "Startup Cost": 20000000046.78, "Total Cost": 2000000021395.38, "Plan Rows": 1875, "Plan Width": 16, "Actual Startup Time": 0.032, "Actual Total Time": 0.032, "Actual Rows": 0, "Actual Loops": 1, "Inner Unique": false, "Plans": [{"Node Type": "Index Scan", "Parent Relationship": "Outer", "Scan Direction": "Forward", "Index Name": "link_type_pkey", "Relation Name": "link_type", "Alias": "lt", "Startup Cost": 10000000000.0, "Total Cost": 1000000001254.75, "Plan Rows": 1, "Plan Width": 16, "Actual Startup Time": 0.03, "Actual Total Time": 0.03, "Actual Rows": 0, "Actual Loops": 1, "Filter": "((link)::text ~~ '%follows%'::text)", "Rows Removed by Filter": 17}, {"Node Type": "Bitmap Heap Scan", "Parent Relationship": "Inner", "Relation Name": "movie_link", "Alias": "ml", "Startup Cost": 10000000046.78, "Total Cost": 1000000020121.88, "Plan Rows": 1875, "Plan Width": 8, "Actual Startup Time": 0.0, "Actual Total Time": 0.0, "Recheck Cond": "(link_type_id = lt.id)", "Rows Removed by Index Recheck": 0, "Exact Heap Blocks": 0, "Lossy Heap Blocks": 0, "Plans": [{"Node Type": "Bitmap Index Scan", "Parent Relationship": "Outer", "Index Name": "link_type_id_movie_link", "Startup Cost": 0.0, "Total Cost": 46.31, "Plan Rows": 1875, "Plan Width": 0, "Actual Startup Time": 0.0, "Actual Total Time": 0.0, "Index Cond": "(link_type_id = lt.id)"}]}]}]}]}, {"Node Type": "Index Scan", "Parent Relationship": "Inner", "Scan Direction": "Forward", "Index Name": "title_pkey", "Relation Name": "title", "Alias": "t", "Startup Cost": 10000000000.0, "Total Cost": 1000012276204.41, "Plan Rows": 4, "Plan Width": 21, "Actual Startup Time": 0.0, "Actual Total Time": 0.0, "Filter": "(((title)::text ~~ '%Money%'::text) AND (production_year = 1998))", "Rows Removed by Filter": 0}]}, {"Node Type": "Index Scan", "Parent Relationship": "Inner", "Scan Direction": "Forward", "Index Name": "company_name_pkey", "Relation Name": "company_name", "Alias": "cn", "Startup Cost": 10000000000.0, "Total Cost": 1000000000028.81, "Plan Rows": 1, "Plan Width": 23, "Actual Startup Time": 0.0, "Actual Total Time": 0.0, "Index Cond": "(id = mc.company_id)", "Rows Removed by Index Recheck": 0, "Filter": "(((country_code)::text <> '[pl]'::text) AND (((name)::text ~~ '%Film%'::text) OR ((name)::text ~~ '%Warner%'::text)))", "Rows Removed by Filter": 0}]}]}, "Triggers": [], "Planner Runtime": 142.628, "Total Runtime": 126.814, "Unique SQL Id": 4121279504}}, "(1, 96)": {"explain_plan": {"Plan": {"Node Type": "Aggregate", "Strategy": "Plain", "Startup Cost": 2581.34, "Total Cost": 2581.35, "Plan Rows": 1, "Plan Width": 144, "Plans": [{"Node Type": "Nested Loop", "Parent Relationship": "Outer", "Join Type": "Inner", "Startup Cost": 4.51, "Total Cost": 2581.33, "Plan Rows": 1, "Plan Width": 48, "Inner Unique": true, "Plans": [{"Node Type": "Nested Loop", "Parent Relationship": "Outer", "Join Type": "Inner", "Startup Cost": 4.51, "Total Cost": 2581.05, "Plan Rows": 1, "Plan Width": 40, "Inner Unique": false, "Join Filter": "(t.id = ml.movie_id)", "Plans": [{"Node Type": "Nested Loop", "Parent Relationship": "Outer", "Join Type": "Inner", "Startup Cost": 4.51, "Total Cost": 2580.63, "Plan Rows": 1, "Plan Width": 48, "Inner Unique": true, "Plans": [{"Node Type": "Nested Loop", "Parent Relationship": "Outer", "Join Type": "Inner", "Startup Cost": 4.51, "Total Cost": 2580.35, "Plan Rows": 1, "Plan Width": 52, "Inner Unique": true, "Plans": [{"Node Type": "Nested Loop", "Parent Relationship": "Outer", "Join Type": "Inner", "Startup Cost": 4.51, "Total Cost": 2580.05, "Plan Rows": 1, "Plan Width": 37, "Inner Unique": false, "Join Filter": "(t.id = mc.movie_id)", "Plans": [{"Node Type": "Nested Loop", "Parent Relationship": "Outer", "Join Type": "Inner", "Startup Cost": 4.51, "Total Cost": 2579.71, "Plan Rows": 1, "Plan Width": 25, "Inner Unique": true, "Plans": [{"Node Type": "Nested Loop", "Parent Relationship": "Outer", "Join Type": "Inner", "Startup Cost": 4.51, "Total Cost": 2569.02, "Plan Rows": 33, "Plan Width": 4, "Inner Unique": false, "Plans": [{"Node Type": "Seq Scan", "Parent Relationship": "Outer", "Relation Name": "keyword", "Alias": "k", "Startup Cost": 0.0, "Total Cost": 2436.11, "Plan Rows": 1, "Plan Width": 4, "Filter": "((keyword)::text = 'sequel'::text)"}, {"Node Type": "Bitmap Heap Scan", "Parent Relationship": "Inner", "Relation Name": "movie_keyword", "Alias": "mk", "Startup Cost": 4.51, "Total Cost": 132.58, "Plan Rows": 33, "Plan Width": 8, "Recheck Cond": "(keyword_id = k.id)", "Plans": [{"Node Type": "Bitmap Index Scan", "Parent Relationship": "Outer", "Index Name": "keyword_id_movie_keyword", "Startup Cost": 0.0, "Total Cost": 4.5, "Plan Rows": 33, "Plan Width": 0, "Index Cond": "(keyword_id = k.id)"}]}]}, {"Node Type": "Index Scan", "Parent Relationship": "Inner", "Scan Direction": "Forward", "Index Name": "title_pkey", "Relation Name": "title", "Alias": "t", "Startup Cost": 0.0, "Total Cost": 0.31, "Plan Rows": 1, "Plan Width": 21, "Index Cond": "(id = mk.movie_id)", "Filter": "(((title)::text ~~ '%Money%'::text) AND (production_year = 1998))"}]}, {"Node Type": "Index Scan", "Parent Relationship": "Inner", "Scan Direction": "Forward", "Index Name": "movie_id_movie_companies", "Relation Name": "movie_companies", "Alias": "mc", "Startup Cost": 0.0, "Total Cost": 0.31, "Plan Rows": 2, "Plan Width": 12, "Index Cond": "(movie_id = mk.movie_id)", "Filter": "(note IS NULL)"}]}, {"Node Type": "Index Scan", "Parent Relationship": "Inner", "Scan Direction": "Forward", "Index Name": "company_name_pkey", "Relation Name": "company_name", "Alias": "cn", "Startup Cost": 0.0, "Total Cost": 0.29, "Plan Rows": 1, "Plan Width": 23, "Index Cond": "(id = mc.company_id)", "Filter": "(((country_code)::text <> '[pl]'::text) AND (((name)::text ~~ '%Film%'::text) OR ((name)::text ~~ '%Warner%'::text)))"}]}, {"Node Type": "Index Scan", "Parent Relationship": "Inner", "Scan Direction": "Forward", "Index Name": "company_type_pkey", "Relation Name": "company_type", "Alias": "ct", "Startup Cost": 0.0, "Total Cost": 0.27, "Plan Rows": 1, "Plan Width": 4, "Index Cond": "(id = mc.company_type_id)", "Filter": "((kind)::text = 'production companies'::text)"}]}, {"Node Type": "Index Scan", "Parent Relationship": "Inner", "Scan Direction": "Forward", "Index Name": "movie_id_movie_link", "Relation Name": "movie_link", "Alias": "ml", "Startup Cost": 0.0, "Total Cost": 0.35, "Plan Rows": 5, "Plan Width": 8, "Index Cond": "(movie_id = mk.movie_id)"}]}, {"Node Type": "Index Scan", "Parent Relationship": "Inner", "Scan Direction": "Forward", "Index Name": "link_type_pkey", "Relation Name": "link_type", "Alias": "lt", "Startup Cost": 0.0, "Total Cost": 0.27, "Plan Rows": 1, "Plan Width": 16, "Index Cond": "(id = ml.link_type_id)", "Filter": "((link)::text ~~ '%follows%'::text)"}]}]}, "Unique SQL Id": 4121279504}, "explain_analyze_plan": {"Plan": {"Node Type": "Aggregate", "Strategy": "Plain", "Startup Cost": 2581.34, "Total Cost": 2581.35, "Plan Rows": 1, "Plan Width": 144, "Actual Startup Time": 107.057, "Actual Total Time": 107.057, "Actual Rows": 1, "Actual Loops": 1, "Plans": [{"Node Type": "Nested Loop", "Parent Relationship": "Outer", "Join Type": "Inner", "Startup Cost": 4.51, "Total Cost": 2581.33, "Plan Rows": 1, "Plan Width": 48, "Actual Startup Time": 107.047, "Actual Total Time": 107.047, "Actual Rows": 0, "Actual Loops": 1, "Inner Unique": true, "Plans": [{"Node Type": "Nested Loop", "Parent Relationship": "Outer", "Join Type": "Inner", "Startup Cost": 4.51, "Total Cost": 2581.05, "Plan Rows": 1, "Plan Width": 40, "Actual Startup Time": 5.482, "Actual Total Time": 106.959, "Actual Rows": 38, "Actual Loops": 1, "Inner Unique": false, "Join Filter": "(t.id = ml.movie_id)", "Rows Removed by Join Filter": 0, "Plans": [{"Node Type": "Nested Loop", "Parent Relationship": "Outer", "Join Type": "Inner", "Startup Cost": 4.51, "Total Cost": 2580.63, "Plan Rows": 1, "Plan Width": 48, "Actual Startup Time": 5.471, "Actual Total Time": 106.908, "Actual Rows": 2, "Actual Loops": 1, "Inner Unique": true, "Plans": [{"Node Type": "Nested Loop", "Parent Relationship": "Outer", "Join Type": "Inner", "Startup Cost": 4.51, "Total Cost": 2580.35, "Plan Rows": 1, "Plan Width": 52, "Actual Startup Time": 5.461, "Actual Total Time": 106.893, "Actual Rows": 2, "Actual Loops": 1, "Inner Unique": true, "Plans": [{"Node Type": "Nested Loop", "Parent Relationship": "Outer", "Join Type": "Inner", "Startup Cost": 4.51, "Total Cost": 2580.05, "Plan Rows": 1, "Plan Width": 37, "Actual Startup Time": 5.448, "Actual Total Time": 106.864, "Actual Rows": 3, "Actual Loops": 1, "Inner Unique": false, "Join Filter": "(t.id = mc.movie_id)", "Rows Removed by Join Filter": 0, "Plans": [{"Node Type": "Nested Loop", "Parent Relationship": "Outer", "Join Type": "Inner", "Startup Cost": 4.51, "Total Cost": 2579.71, "Plan Rows": 1, "Plan Width": 25, "Actual Startup Time": 5.434, "Actual Total Time": 106.846, "Actual Rows": 1, "Actual Loops": 1, "Inner Unique": true, "Plans": [{"Node Type": "Nested Loop", "Parent Relationship": "Outer", "Join Type": "Inner", "Startup Cost": 4.51, "Total Cost": 2569.02, "Plan Rows": 33, "Plan Width": 4, "Actual Startup Time": 5.175, "Actual Total Time": 57.215, "Actual Rows": 10544, "Actual Loops": 1, "Inner Unique": false, "Plans": [{"Node Type": "Seq Scan", "Parent Relationship": "Outer", "Relation Name": "keyword", "Alias": "k", "Startup Cost": 0.0, "Total Cost": 2436.11, "Plan Rows": 1, "Plan Width": 4, "Actual Startup Time": 2.299, "Actual Total Time": 40.531, "Actual Rows": 1, "Actual Loops": 1, "Filter": "((keyword)::text = 'sequel'::text)", "Rows Removed by Filter": 134168}, {"Node Type": "Bitmap Heap Scan", "Parent Relationship": "Inner", "Relation Name": "movie_keyword", "Alias": "mk", "Startup Cost": 4.51, "Total Cost": 132.58, "Plan Rows": 33, "Plan Width": 8, "Actual Startup Time": 2.868, "Actual Total Time": 14.547, "Actual Rows": 10544, "Actual Loops": 1, "Recheck Cond": "(keyword_id = k.id)", "Rows Removed by Index Recheck": 0, "Exact Heap Blocks": 5090, "Lossy Heap Blocks": 5090, "Plans": [{"Node Type": "Bitmap Index Scan", "Parent Relationship": "Outer", "Index Name": "keyword_id_movie_keyword", "Startup Cost": 0.0, "Total Cost": 4.5, "Plan Rows": 33, "Plan Width": 0, "Actual Startup Time": 1.963, "Actual Total Time": 1.963, "Actual Rows": 10544, "Actual Loops": 1, "Index Cond": "(keyword_id = k.id)"}]}]}, {"Node Type": "Index Scan", "Parent Relationship": "Inner", "Scan Direction": "Forward", "Index Name": "title_pkey", "Relation Name": "title", "Alias": "t", "Startup Cost": 0.0, "Total Cost": 0.31, "Plan Rows": 1, "Plan Width": 21, "Actual Startup Time": 44.363, "Actual Total Time": 44.363, "Actual Rows": 1, "Actual Loops": 10544, "Index Cond": "(id = mk.movie_id)", "Rows Removed by Index Recheck": 0, "Filter": "(((title)::text ~~ '%Money%'::text) AND (production_year = 1998))", "Rows Removed by Filter": 10543}]}, {"Node Type": "Index Scan", "Parent Relationship": "Inner", "Scan Direction": "Forward", "Index Name": "movie_id_movie_companies", "Relation Name": "movie_companies", "Alias": "mc", "Startup Cost": 0.0, "Total Cost": 0.31, "Plan Rows": 2, "Plan Width": 12, "Actual Startup Time": 0.011, "Actual Total Time": 0.014, "Actual Rows": 3, "Actual Loops": 1, "Index Cond": "(movie_id = mk.movie_id)", "Rows Removed by Index Recheck": 0, "Filter": "(note IS NULL)", "Rows Removed by Filter": 1}]}, {"Node Type": "Index Scan", "Parent Relationship": "Inner", "Scan Direction": "Forward", "Index Name": "company_name_pkey", "Relation Name": "company_name", "Alias": "cn", "Startup Cost": 0.0, "Total Cost": 0.29, "Plan Rows": 1, "Plan Width": 23, "Actual Startup Time": 0.025, "Actual Total Time": 0.025, "Actual Rows": 2, "Actual Loops": 3, "Index Cond": "(id = mc.company_id)", "Rows Removed by Index Recheck": 0, "Filter": "(((country_code)::text <> '[pl]'::text) AND (((name)::text ~~ '%Film%'::text) OR ((name)::text ~~ '%Warner%'::text)))", "Rows Removed by Filter": 1}]}, {"Node Type": "Index Scan", "Parent Relationship": "Inner", "Scan Direction": "Forward", "Index Name": "company_type_pkey", "Relation Name": "company_type", "Alias": "ct", "Startup Cost": 0.0, "Total Cost": 0.27, "Plan Rows": 1, "Plan Width": 4, "Actual Startup Time": 0.01, "Actual Total Time": 0.01, "Actual Rows": 2, "Actual Loops": 2, "Index Cond": "(id = mc.company_type_id)", "Rows Removed by Index Recheck": 0, "Filter": "((kind)::text = 'production companies'::text)", "Rows Removed by Filter": 0}]}, {"Node Type": "Index Scan", "Parent Relationship": "Inner", "Scan Direction": "Forward", "Index Name": "movie_id_movie_link", "Relation Name": "movie_link", "Alias": "ml", "Startup Cost": 0.0, "Total Cost": 0.35, "Plan Rows": 5, "Plan Width": 8, "Actual Startup Time": 0.011, "Actual Total Time": 0.027, "Actual Rows": 38, "Actual Loops": 2, "Index Cond": "(movie_id = mk.movie_id)", "Rows Removed by Index Recheck": 0}]}, {"Node Type": "Index Scan", "Parent Relationship": "Inner", "Scan Direction": "Forward", "Index Name": "link_type_pkey", "Relation Name": "link_type", "Alias": "lt", "Startup Cost": 0.0, "Total Cost": 0.27, "Plan Rows": 1, "Plan Width": 16, "Actual Startup Time": 0.073, "Actual Total Time": 0.073, "Actual Rows": 0, "Actual Loops": 38, "Index Cond": "(id = ml.link_type_id)", "Rows Removed by Index Recheck": 0, "Filter": "((link)::text ~~ '%follows%'::text)", "Rows Removed by Filter": 24}]}]}, "Triggers": [], "Planner Runtime": 64.386, "Total Runtime": 107.455, "Unique SQL Id": 4121279504}}, "(1, 97)": {"explain_plan": {"Plan": {"Node Type": "Aggregate", "Strategy": "Plain", "Startup Cost": 3327.94, "Total Cost": 3327.95, "Plan Rows": 1, "Plan Width": 144, "Plans": [{"Node Type": "Nested Loop", "Parent Relationship": "Outer", "Join Type": "Inner", "Startup Cost": 4.51, "Total Cost": 3327.93, "Plan Rows": 1, "Plan Width": 48, "Inner Unique": true, "Plans": [{"Node Type": "Nested Loop", "Parent Relationship": "Outer", "Join Type": "Inner", "Startup Cost": 4.51, "Total Cost": 3327.65, "Plan Rows": 1, "Plan Width": 40, "Inner Unique": false, "Join Filter": "(t.id = ml.movie_id)", "Plans": [{"Node Type": "Nested Loop", "Parent Relationship": "Outer", "Join Type": "Inner", "Startup Cost": 4.51, "Total Cost": 3327.24, "Plan Rows": 1, "Plan Width": 48, "Inner Unique": true, "Plans": [{"Node Type": "Nested Loop", "Parent Relationship": "Outer", "Join Type": "Inner", "Startup Cost": 4.51, "Total Cost": 3326.95, "Plan Rows": 1, "Plan Width": 52, "Inner Unique": true, "Plans": [{"Node Type": "Nested Loop", "Parent Relationship": "Outer", "Join Type": "Inner", "Startup Cost": 4.51, "Total Cost": 3326.66, "Plan Rows": 1, "Plan Width": 37, "Inner Unique": false, "Join Filter": "(t.id = mc.movie_id)", "Plans": [{"Node Type": "Nested Loop", "Parent Relationship": "Outer", "Join Type": "Inner", "Startup Cost": 4.51, "Total Cost": 3326.32, "Plan Rows": 1, "Plan Width": 25, "Inner Unique": true, "Plans": [{"Node Type": "Nested Loop", "Parent Relationship": "Outer", "Join Type": "Inner", "Startup Cost": 4.51, "Total Cost": 3315.63, "Plan Rows": 33, "Plan Width": 4, "Inner Unique": false, "Plans": [{"Node Type": "Index Scan", "Parent Relationship": "Outer", "Scan Direction": "Forward", "Index Name": "keyword_pkey", "Relation Name": "keyword", "Alias": "k", "Startup Cost": 0.0, "Total Cost": 3182.72, "Plan Rows": 1, "Plan Width": 4, "Filter": "((keyword)::text = 'sequel'::text)"}, {"Node Type": "Bitmap Heap Scan", "Parent Relationship": "Inner", "Relation Name": "movie_keyword", "Alias": "mk", "Startup Cost": 4.51, "Total Cost": 132.58, "Plan Rows": 33, "Plan Width": 8, "Recheck Cond": "(keyword_id = k.id)", "Plans": [{"Node Type": "Bitmap Index Scan", "Parent Relationship": "Outer", "Index Name": "keyword_id_movie_keyword", "Startup Cost": 0.0, "Total Cost": 4.5, "Plan Rows": 33, "Plan Width": 0, "Index Cond": "(keyword_id = k.id)"}]}]}, {"Node Type": "Index Scan", "Parent Relationship": "Inner", "Scan Direction": "Forward", "Index Name": "title_pkey", "Relation Name": "title", "Alias": "t", "Startup Cost": 0.0, "Total Cost": 0.31, "Plan Rows": 1, "Plan Width": 21, "Index Cond": "(id = mk.movie_id)", "Filter": "(((title)::text ~~ '%Money%'::text) AND (production_year = 1998))"}]}, {"Node Type": "Index Scan", "Parent Relationship": "Inner", "Scan Direction": "Forward", "Index Name": "movie_id_movie_companies", "Relation Name": "movie_companies", "Alias": "mc", "Startup Cost": 0.0, "Total Cost": 0.31, "Plan Rows": 2, "Plan Width": 12, "Index Cond": "(movie_id = mk.movie_id)", "Filter": "(note IS NULL)"}]}, {"Node Type": "Index Scan", "Parent Relationship": "Inner", "Scan Direction": "Forward", "Index Name": "company_name_pkey", "Relation Name": "company_name", "Alias": "cn", "Startup Cost": 0.0, "Total Cost": 0.29, "Plan Rows": 1, "Plan Width": 23, "Index Cond": "(id = mc.company_id)", "Filter": "(((country_code)::text <> '[pl]'::text) AND (((name)::text ~~ '%Film%'::text) OR ((name)::text ~~ '%Warner%'::text)))"}]}, {"Node Type": "Index Scan", "Parent Relationship": "Inner", "Scan Direction": "Forward", "Index Name": "company_type_pkey", "Relation Name": "company_type", "Alias": "ct", "Startup Cost": 0.0, "Total Cost": 0.27, "Plan Rows": 1, "Plan Width": 4, "Index Cond": "(id = mc.company_type_id)", "Filter": "((kind)::text = 'production companies'::text)"}]}, {"Node Type": "Index Scan", "Parent Relationship": "Inner", "Scan Direction": "Forward", "Index Name": "movie_id_movie_link", "Relation Name": "movie_link", "Alias": "ml", "Startup Cost": 0.0, "Total Cost": 0.35, "Plan Rows": 5, "Plan Width": 8, "Index Cond": "(movie_id = mk.movie_id)"}]}, {"Node Type": "Index Scan", "Parent Relationship": "Inner", "Scan Direction": "Forward", "Index Name": "link_type_pkey", "Relation Name": "link_type", "Alias": "lt", "Startup Cost": 0.0, "Total Cost": 0.27, "Plan Rows": 1, "Plan Width": 16, "Index Cond": "(id = ml.link_type_id)", "Filter": "((link)::text ~~ '%follows%'::text)"}]}]}, "Unique SQL Id": 4121279504}, "explain_analyze_plan": {"Plan": {"Node Type": "Aggregate", "Strategy": "Plain", "Startup Cost": 3327.94, "Total Cost": 3327.95, "Plan Rows": 1, "Plan Width": 144, "Actual Startup Time": 181.02, "Actual Total Time": 181.021, "Actual Rows": 1, "Actual Loops": 1, "Plans": [{"Node Type": "Nested Loop", "Parent Relationship": "Outer", "Join Type": "Inner", "Startup Cost": 4.51, "Total Cost": 3327.93, "Plan Rows": 1, "Plan Width": 48, "Actual Startup Time": 181.01, "Actual Total Time": 181.01, "Actual Rows": 0, "Actual Loops": 1, "Inner Unique": true, "Plans": [{"Node Type": "Nested Loop", "Parent Relationship": "Outer", "Join Type": "Inner", "Startup Cost": 4.51, "Total Cost": 3327.65, "Plan Rows": 1, "Plan Width": 40, "Actual Startup Time": 3.646, "Actual Total Time": 180.923, "Actual Rows": 38, "Actual Loops": 1, "Inner Unique": false, "Join Filter": "(t.id = ml.movie_id)", "Rows Removed by Join Filter": 0, "Plans": [{"Node Type": "Nested Loop", "Parent Relationship": "Outer", "Join Type": "Inner", "Startup Cost": 4.51, "Total Cost": 3327.24, "Plan Rows": 1, "Plan Width": 48, "Actual Startup Time": 3.636, "Actual Total Time": 180.883, "Actual Rows": 2, "Actual Loops": 1, "Inner Unique": true, "Plans": [{"Node Type": "Nested Loop", "Parent Relationship": "Outer", "Join Type": "Inner", "Startup Cost": 4.51, "Total Cost": 3326.95, "Plan Rows": 1, "Plan Width": 52, "Actual Startup Time": 3.627, "Actual Total Time": 180.869, "Actual Rows": 2, "Actual Loops": 1, "Inner Unique": true, "Plans": [{"Node Type": "Nested Loop", "Parent Relationship": "Outer", "Join Type": "Inner", "Startup Cost": 4.51, "Total Cost": 3326.66, "Plan Rows": 1, "Plan Width": 37, "Actual Startup Time": 3.613, "Actual Total Time": 180.84, "Actual Rows": 3, "Actual Loops": 1, "Inner Unique": false, "Join Filter": "(t.id = mc.movie_id)", "Rows Removed by Join Filter": 0, "Plans": [{"Node Type": "Nested Loop", "Parent Relationship": "Outer", "Join Type": "Inner", "Startup Cost": 4.51, "Total Cost": 3326.32, "Plan Rows": 1, "Plan Width": 25, "Actual Startup Time": 3.597, "Actual Total Time": 180.82, "Actual Rows": 1, "Actual Loops": 1, "Inner Unique": true, "Plans": [{"Node Type": "Nested Loop", "Parent Relationship": "Outer", "Join Type": "Inner", "Startup Cost": 4.51, "Total Cost": 3315.63, "Plan Rows": 33, "Plan Width": 4, "Actual Startup Time": 3.337, "Actual Total Time": 130.626, "Actual Rows": 10544, "Actual Loops": 1, "Inner Unique": false, "Plans": [{"Node Type": "Index Scan", "Parent Relationship": "Outer", "Scan Direction": "Forward", "Index Name": "keyword_pkey", "Relation Name": "keyword", "Alias": "k", "Startup Cost": 0.0, "Total Cost": 3182.72, "Plan Rows": 1, "Plan Width": 4, "Actual Startup Time": 0.436, "Actual Total Time": 113.393, "Actual Rows": 1, "Actual Loops": 1, "Filter": "((keyword)::text = 'sequel'::text)", "Rows Removed by Filter": 134168}, {"Node Type": "Bitmap Heap Scan", "Parent Relationship": "Inner", "Relation Name": "movie_keyword", "Alias": "mk", "Startup Cost": 4.51, "Total Cost": 132.58, "Plan Rows": 33, "Plan Width": 8, "Actual Startup Time": 2.893, "Actual Total Time": 14.881, "Actual Rows": 10544, "Actual Loops": 1, "Recheck Cond": "(keyword_id = k.id)", "Rows Removed by Index Recheck": 0, "Exact Heap Blocks": 5090, "Lossy Heap Blocks": 5090, "Plans": [{"Node Type": "Bitmap Index Scan", "Parent Relationship": "Outer", "Index Name": "keyword_id_movie_keyword", "Startup Cost": 0.0, "Total Cost": 4.5, "Plan Rows": 33, "Plan Width": 0, "Actual Startup Time": 1.993, "Actual Total Time": 1.993, "Actual Rows": 10544, "Actual Loops": 1, "Index Cond": "(keyword_id = k.id)"}]}]}, {"Node Type": "Index Scan", "Parent Relationship": "Inner", "Scan Direction": "Forward", "Index Name": "title_pkey", "Relation Name": "title", "Alias": "t", "Startup Cost": 0.0, "Total Cost": 0.31, "Plan Rows": 1, "Plan Width": 21, "Actual Startup Time": 44.981, "Actual Total Time": 44.981, "Actual Rows": 1, "Actual Loops": 10544, "Index Cond": "(id = mk.movie_id)", "Rows Removed by Index Recheck": 0, "Filter": "(((title)::text ~~ '%Money%'::text) AND (production_year = 1998))", "Rows Removed by Filter": 10543}]}, {"Node Type": "Index Scan", "Parent Relationship": "Inner", "Scan Direction": "Forward", "Index Name": "movie_id_movie_companies", "Relation Name": "movie_companies", "Alias": "mc", "Startup Cost": 0.0, "Total Cost": 0.31, "Plan Rows": 2, "Plan Width": 12, "Actual Startup Time": 0.012, "Actual Total Time": 0.013, "Actual Rows": 3, "Actual Loops": 1, "Index Cond": "(movie_id = mk.movie_id)", "Rows Removed by Index Recheck": 0, "Filter": "(note IS NULL)", "Rows Removed by Filter": 1}]}, {"Node Type": "Index Scan", "Parent Relationship": "Inner", "Scan Direction": "Forward", "Index Name": "company_name_pkey", "Relation Name": "company_name", "Alias": "cn", "Startup Cost": 0.0, "Total Cost": 0.29, "Plan Rows": 1, "Plan Width": 23, "Actual Startup Time": 0.023, "Actual Total Time": 0.023, "Actual Rows": 2, "Actual Loops": 3, "Index Cond": "(id = mc.company_id)", "Rows Removed by Index Recheck": 0, "Filter": "(((country_code)::text <> '[pl]'::text) AND (((name)::text ~~ '%Film%'::text) OR ((name)::text ~~ '%Warner%'::text)))", "Rows Removed by Filter": 1}]}, {"Node Type": "Index Scan", "Parent Relationship": "Inner", "Scan Direction": "Forward", "Index Name": "company_type_pkey", "Relation Name": "company_type", "Alias": "ct", "Startup Cost": 0.0, "Total Cost": 0.27, "Plan Rows": 1, "Plan Width": 4, "Actual Startup Time": 0.009, "Actual Total Time": 0.009, "Actual Rows": 2, "Actual Loops": 2, "Index Cond": "(id = mc.company_type_id)", "Rows Removed by Index Recheck": 0, "Filter": "((kind)::text = 'production companies'::text)", "Rows Removed by Filter": 0}]}, {"Node Type": "Index Scan", "Parent Relationship": "Inner", "Scan Direction": "Forward", "Index Name": "movie_id_movie_link", "Relation Name": "movie_link", "Alias": "ml", "Startup Cost": 0.0, "Total Cost": 0.35, "Plan Rows": 5, "Plan Width": 8, "Actual Startup Time": 0.011, "Actual Total Time": 0.023, "Actual Rows": 38, "Actual Loops": 2, "Index Cond": "(movie_id = mk.movie_id)", "Rows Removed by Index Recheck": 0}]}, {"Node Type": "Index Scan", "Parent Relationship": "Inner", "Scan Direction": "Forward", "Index Name": "link_type_pkey", "Relation Name": "link_type", "Alias": "lt", "Startup Cost": 0.0, "Total Cost": 0.27, "Plan Rows": 1, "Plan Width": 16, "Actual Startup Time": 0.063, "Actual Total Time": 0.063, "Actual Rows": 0, "Actual Loops": 38, "Index Cond": "(id = ml.link_type_id)", "Rows Removed by Index Recheck": 0, "Filter": "((link)::text ~~ '%follows%'::text)", "Rows Removed by Filter": 24}]}]}, "Triggers": [], "Planner Runtime": 58.021, "Total Runtime": 181.432, "Unique SQL Id": 4121279504}}, "(1, 98)": {"explain_plan": {"Plan": {"Node Type": "Aggregate", "Strategy": "Plain", "Startup Cost": 2726.04, "Total Cost": 2726.05, "Plan Rows": 1, "Plan Width": 144, "Plans": [{"Node Type": "Hash Join", "Parent Relationship": "Outer", "Join Type": "Inner", "Startup Cost": 7.87, "Total Cost": 2726.04, "Plan Rows": 1, "Plan Width": 48, "Inner Unique": true, "Hash Cond": "(ml.link_type_id = lt.id)", "Plans": [{"Node Type": "Nested Loop", "Parent Relationship": "Outer", "Join Type": "Inner", "Startup Cost": 6.64, "Total Cost": 2724.8, "Plan Rows": 1, "Plan Width": 40, "Inner Unique": false, "Join Filter": "(t.id = ml.movie_id)", "Plans": [{"Node Type": "Hash Join", "Parent Relationship": "Outer", "Join Type": "Inner", "Startup Cost": 6.35, "Total Cost": 2720.38, "Plan Rows": 1, "Plan Width": 48, "Inner Unique": true, "Hash Cond": "(mc.company_type_id = ct.id)", "Plans": [{"Node Type": "Nested Loop", "Parent Relationship": "Outer", "Join Type": "Inner", "Startup Cost": 5.3, "Total Cost": 2719.32, "Plan Rows": 1, "Plan Width": 52, "Inner Unique": true, "Plans": [{"Node Type": "Nested Loop", "Parent Relationship": "Outer", "Join Type": "Inner", "Startup Cost": 5.05, "Total Cost": 2715.03, "Plan Rows": 1, "Plan Width": 37, "Inner Unique": false, "Join Filter": "(t.id = mc.movie_id)", "Plans": [{"Node Type": "Nested Loop", "Parent Relationship": "Outer", "Join Type": "Inner", "Startup Cost": 4.77, "Total Cost": 2710.71, "Plan Rows": 1, "Plan Width": 25, "Inner Unique": true, "Plans": [{"Node Type": "Nested Loop", "Parent Relationship": "Outer", "Join Type": "Inner", "Startup Cost": 4.51, "Total Cost": 2569.02, "Plan Rows": 33, "Plan Width": 4, "Inner Unique": false, "Plans": [{"Node Type": "Seq Scan", "Parent Relationship": "Outer", "Relation Name": "keyword", "Alias": "k", "Startup Cost": 0.0, "Total Cost": 2436.11, "Plan Rows": 1, "Plan Width": 4, "Filter": "((keyword)::text = 'sequel'::text)"}, {"Node Type": "Bitmap Heap Scan", "Parent Relationship": "Inner", "Relation Name": "movie_keyword", "Alias": "mk", "Startup Cost": 4.51, "Total Cost": 132.58, "Plan Rows": 33, "Plan Width": 8, "Recheck Cond": "(keyword_id = k.id)", "Plans": [{"Node Type": "Bitmap Index Scan", "Parent Relationship": "Outer", "Index Name": "keyword_id_movie_keyword", "Startup Cost": 0.0, "Total Cost": 4.5, "Plan Rows": 33, "Plan Width": 0, "Index Cond": "(keyword_id = k.id)"}]}]}, {"Node Type": "Bitmap Heap Scan", "Parent Relationship": "Inner", "Relation Name": "title", "Alias": "t", "Startup Cost": 0.27, "Total Cost": 4.28, "Plan Rows": 1, "Plan Width": 21, "Recheck Cond": "(id = mk.movie_id)", "Filter": "(((title)::text ~~ '%Money%'::text) AND (production_year = 1998))", "Plans": [{"Node Type": "Bitmap Index Scan", "Parent Relationship": "Outer", "Index Name": "title_pkey", "Startup Cost": 0.0, "Total Cost": 0.27, "Plan Rows": 1, "Plan Width": 0, "Index Cond": "(id = mk.movie_id)"}]}]}, {"Node Type": "Bitmap Heap Scan", "Parent Relationship": "Inner", "Relation Name": "movie_companies", "Alias": "mc", "Startup Cost": 0.27, "Total Cost": 4.3, "Plan Rows": 2, "Plan Width": 12, "Recheck Cond": "(movie_id = mk.movie_id)", "Filter": "(note IS NULL)", "Plans": [{"Node Type": "Bitmap Index Scan", "Parent Relationship": "Outer", "Index Name": "movie_id_movie_companies", "Startup Cost": 0.0, "Total Cost": 0.27, "Plan Rows": 2, "Plan Width": 0, "Index Cond": "(movie_id = mk.movie_id)"}]}]}, {"Node Type": "Bitmap Heap Scan", "Parent Relationship": "Inner", "Relation Name": "company_name", "Alias": "cn", "Startup Cost": 0.26, "Total Cost": 4.28, "Plan Rows": 1, "Plan Width": 23, "Recheck Cond": "(id = mc.company_id)", "Filter": "(((country_code)::text <> '[pl]'::text) AND (((name)::text ~~ '%Film%'::text) OR ((name)::text ~~ '%Warner%'::text)))", "Plans": [{"Node Type": "Bitmap Index Scan", "Parent Relationship": "Outer", "Index Name": "company_name_pkey", "Startup Cost": 0.0, "Total Cost": 0.26, "Plan Rows": 1, "Plan Width": 0, "Index Cond": "(id = mc.company_id)"}]}]}, {"Node Type": "Hash", "Parent Relationship": "Inner", "Startup Cost": 1.04, "Total Cost": 1.04, "Plan Rows": 1, "Plan Width": 4, "Plans": [{"Node Type": "Seq Scan", "Parent Relationship": "Outer", "Relation Name": "company_type", "Alias": "ct", "Startup Cost": 0.0, "Total Cost": 1.04, "Plan Rows": 1, "Plan Width": 4, "Filter": "((kind)::text = 'production companies'::text)"}]}]}, {"Node Type": "Bitmap Heap Scan", "Parent Relationship": "Inner", "Relation Name": "movie_link", "Alias": "ml", "Startup Cost": 0.29, "Total Cost": 4.35, "Plan Rows": 5, "Plan Width": 8, "Recheck Cond": "(movie_id = mk.movie_id)", "Plans": [{"Node Type": "Bitmap Index Scan", "Parent Relationship": "Outer", "Index Name": "movie_id_movie_link", "Startup Cost": 0.0, "Total Cost": 0.29, "Plan Rows": 5, "Plan Width": 0, "Index Cond": "(movie_id = mk.movie_id)"}]}]}, {"Node Type": "Hash", "Parent Relationship": "Inner", "Startup Cost": 1.21, "Total Cost": 1.21, "Plan Rows": 1, "Plan Width": 16, "Plans": [{"Node Type": "Seq Scan", "Parent Relationship": "Outer", "Relation Name": "link_type", "Alias": "lt", "Startup Cost": 0.0, "Total Cost": 1.21, "Plan Rows": 1, "Plan Width": 16, "Filter": "((link)::text ~~ '%follows%'::text)"}]}]}]}, "Unique SQL Id": 4121279504}, "explain_analyze_plan": {"Plan": {"Node Type": "Aggregate", "Strategy": "Plain", "Startup Cost": 2726.04, "Total Cost": 2726.05, "Plan Rows": 1, "Plan Width": 144, "Actual Startup Time": 0.09, "Actual Total Time": 0.09, "Actual Rows": 1, "Actual Loops": 1, "Plans": [{"Node Type": "Hash Join", "Parent Relationship": "Outer", "Join Type": "Inner", "Startup Cost": 7.87, "Total Cost": 2726.04, "Plan Rows": 1, "Plan Width": 48, "Actual Startup Time": 0.081, "Actual Total Time": 0.081, "Actual Rows": 0, "Actual Loops": 1, "Inner Unique": true, "Hash Cond": "(ml.link_type_id = lt.id)", "Plans": [{"Node Type": "Nested Loop", "Parent Relationship": "Outer", "Join Type": "Inner", "Startup Cost": 6.64, "Total Cost": 2724.8, "Plan Rows": 1, "Plan Width": 40, "Actual Startup Time": 0.0, "Actual Total Time": 0.0, "Inner Unique": false, "Join Filter": "(t.id = ml.movie_id)", "Rows Removed by Join Filter": 0, "Plans": [{"Node Type": "Hash Join", "Parent Relationship": "Outer", "Join Type": "Inner", "Startup Cost": 6.35, "Total Cost": 2720.38, "Plan Rows": 1, "Plan Width": 48, "Actual Startup Time": 0.0, "Actual Total Time": 0.0, "Inner Unique": true, "Hash Cond": "(mc.company_type_id = ct.id)", "Plans": [{"Node Type": "Nested Loop", "Parent Relationship": "Outer", "Join Type": "Inner", "Startup Cost": 5.3, "Total Cost": 2719.32, "Plan Rows": 1, "Plan Width": 52, "Actual Startup Time": 0.0, "Actual Total Time": 0.0, "Inner Unique": true, "Plans": [{"Node Type": "Nested Loop", "Parent Relationship": "Outer", "Join Type": "Inner", "Startup Cost": 5.05, "Total Cost": 2715.03, "Plan Rows": 1, "Plan Width": 37, "Actual Startup Time": 0.0, "Actual Total Time": 0.0, "Inner Unique": false, "Join Filter": "(t.id = mc.movie_id)", "Rows Removed by Join Filter": 0, "Plans": [{"Node Type": "Nested Loop", "Parent Relationship": "Outer", "Join Type": "Inner", "Startup Cost": 4.77, "Total Cost": 2710.71, "Plan Rows": 1, "Plan Width": 25, "Actual Startup Time": 0.0, "Actual Total Time": 0.0, "Inner Unique": true, "Plans": [{"Node Type": "Nested Loop", "Parent Relationship": "Outer", "Join Type": "Inner", "Startup Cost": 4.51, "Total Cost": 2569.02, "Plan Rows": 33, "Plan Width": 4, "Actual Startup Time": 0.0, "Actual Total Time": 0.0, "Inner Unique": false, "Plans": [{"Node Type": "Seq Scan", "Parent Relationship": "Outer", "Relation Name": "keyword", "Alias": "k", "Startup Cost": 0.0, "Total Cost": 2436.11, "Plan Rows": 1, "Plan Width": 4, "Actual Startup Time": 0.0, "Actual Total Time": 0.0, "Filter": "((keyword)::text = 'sequel'::text)", "Rows Removed by Filter": 0}, {"Node Type": "Bitmap Heap Scan", "Parent Relationship": "Inner", "Relation Name": "movie_keyword", "Alias": "mk", "Startup Cost": 4.51, "Total Cost": 132.58, "Plan Rows": 33, "Plan Width": 8, "Actual Startup Time": 0.0, "Actual Total Time": 0.0, "Recheck Cond": "(keyword_id = k.id)", "Rows Removed by Index Recheck": 0, "Exact Heap Blocks": 0, "Lossy Heap Blocks": 0, "Plans": [{"Node Type": "Bitmap Index Scan", "Parent Relationship": "Outer", "Index Name": "keyword_id_movie_keyword", "Startup Cost": 0.0, "Total Cost": 4.5, "Plan Rows": 33, "Plan Width": 0, "Actual Startup Time": 0.0, "Actual Total Time": 0.0, "Index Cond": "(keyword_id = k.id)"}]}]}, {"Node Type": "Bitmap Heap Scan", "Parent Relationship": "Inner", "Relation Name": "title", "Alias": "t", "Startup Cost": 0.27, "Total Cost": 4.28, "Plan Rows": 1, "Plan Width": 21, "Actual Startup Time": 0.0, "Actual Total Time": 0.0, "Recheck Cond": "(id = mk.movie_id)", "Rows Removed by Index Recheck": 0, "Filter": "(((title)::text ~~ '%Money%'::text) AND (production_year = 1998))", "Rows Removed by Filter": 0, "Exact Heap Blocks": 0, "Lossy Heap Blocks": 0, "Plans": [{"Node Type": "Bitmap Index Scan", "Parent Relationship": "Outer", "Index Name": "title_pkey", "Startup Cost": 0.0, "Total Cost": 0.27, "Plan Rows": 1, "Plan Width": 0, "Actual Startup Time": 0.0, "Actual Total Time": 0.0, "Index Cond": "(id = mk.movie_id)"}]}]}, {"Node Type": "Bitmap Heap Scan", "Parent Relationship": "Inner", "Relation Name": "movie_companies", "Alias": "mc", "Startup Cost": 0.27, "Total Cost": 4.3, "Plan Rows": 2, "Plan Width": 12, "Actual Startup Time": 0.0, "Actual Total Time": 0.0, "Recheck Cond": "(movie_id = mk.movie_id)", "Rows Removed by Index Recheck": 0, "Filter": "(note IS NULL)", "Rows Removed by Filter": 0, "Exact Heap Blocks": 0, "Lossy Heap Blocks": 0, "Plans": [{"Node Type": "Bitmap Index Scan", "Parent Relationship": "Outer", "Index Name": "movie_id_movie_companies", "Startup Cost": 0.0, "Total Cost": 0.27, "Plan Rows": 2, "Plan Width": 0, "Actual Startup Time": 0.0, "Actual Total Time": 0.0, "Index Cond": "(movie_id = mk.movie_id)"}]}]}, {"Node Type": "Bitmap Heap Scan", "Parent Relationship": "Inner", "Relation Name": "company_name", "Alias": "cn", "Startup Cost": 0.26, "Total Cost": 4.28, "Plan Rows": 1, "Plan Width": 23, "Actual Startup Time": 0.0, "Actual Total Time": 0.0, "Recheck Cond": "(id = mc.company_id)", "Rows Removed by Index Recheck": 0, "Filter": "(((country_code)::text <> '[pl]'::text) AND (((name)::text ~~ '%Film%'::text) OR ((name)::text ~~ '%Warner%'::text)))", "Rows Removed by Filter": 0, "Exact Heap Blocks": 0, "Lossy Heap Blocks": 0, "Plans": [{"Node Type": "Bitmap Index Scan", "Parent Relationship": "Outer", "Index Name": "company_name_pkey", "Startup Cost": 0.0, "Total Cost": 0.26, "Plan Rows": 1, "Plan Width": 0, "Actual Startup Time": 0.0, "Actual Total Time": 0.0, "Index Cond": "(id = mc.company_id)"}]}]}, {"Node Type": "Hash", "Parent Relationship": "Inner", "Startup Cost": 1.04, "Total Cost": 1.04, "Plan Rows": 1, "Plan Width": 4, "Actual Startup Time": 0.0, "Actual Total Time": 0.0, "Hash Buckets": 0, "Hash Batches": 0, "Original Hash Batches": 0, "Peak Memory Usage": 0, "Plans": [{"Node Type": "Seq Scan", "Parent Relationship": "Outer", "Relation Name": "company_type", "Alias": "ct", "Startup Cost": 0.0, "Total Cost": 1.04, "Plan Rows": 1, "Plan Width": 4, "Actual Startup Time": 0.0, "Actual Total Time": 0.0, "Filter": "((kind)::text = 'production companies'::text)", "Rows Removed by Filter": 0}]}]}, {"Node Type": "Bitmap Heap Scan", "Parent Relationship": "Inner", "Relation Name": "movie_link", "Alias": "ml", "Startup Cost": 0.29, "Total Cost": 4.35, "Plan Rows": 5, "Plan Width": 8, "Actual Startup Time": 0.0, "Actual Total Time": 0.0, "Recheck Cond": "(movie_id = mk.movie_id)", "Rows Removed by Index Recheck": 0, "Exact Heap Blocks": 0, "Lossy Heap Blocks": 0, "Plans": [{"Node Type": "Bitmap Index Scan", "Parent Relationship": "Outer", "Index Name": "movie_id_movie_link", "Startup Cost": 0.0, "Total Cost": 0.29, "Plan Rows": 5, "Plan Width": 0, "Actual Startup Time": 0.0, "Actual Total Time": 0.0, "Index Cond": "(movie_id = mk.movie_id)"}]}]}, {"Node Type": "Hash", "Parent Relationship": "Inner", "Startup Cost": 1.21, "Total Cost": 1.21, "Plan Rows": 1, "Plan Width": 16, "Actual Startup Time": 0.038, "Actual Total Time": 0.038, "Actual Rows": 0, "Actual Loops": 1, "Hash Buckets": 32768, "Hash Batches": 1, "Original Hash Batches": 1, "Peak Memory Usage": 0, "Plans": [{"Node Type": "Seq Scan", "Parent Relationship": "Outer", "Relation Name": "link_type", "Alias": "lt", "Startup Cost": 0.0, "Total Cost": 1.21, "Plan Rows": 1, "Plan Width": 16, "Actual Startup Time": 0.035, "Actual Total Time": 0.035, "Actual Rows": 0, "Actual Loops": 1, "Filter": "((link)::text ~~ '%follows%'::text)", "Rows Removed by Filter": 17}]}]}]}, "Triggers": [], "Planner Runtime": 54.514, "Total Runtime": 0.414, "Unique SQL Id": 4121279504}}, "(1, 99)": {"explain_plan": {"Plan": {"Node Type": "Aggregate", "Strategy": "Plain", "Startup Cost": 1000014795431.67, "Total Cost": 1000014795431.68, "Plan Rows": 1, "Plan Width": 144, "Plans": [{"Node Type": "Nested Loop", "Parent Relationship": "Outer", "Join Type": "Inner", "Startup Cost": 10000000001.97, "Total Cost": 1000014795431.66, "Plan Rows": 1, "Plan Width": 48, "Inner Unique": true, "Plans": [{"Node Type": "Nested Loop", "Parent Relationship": "Outer", "Join Type": "Inner", "Startup Cost": 10000000001.72, "Total Cost": 1000014795427.38, "Plan Rows": 1, "Plan Width": 52, "Inner Unique": true, "Plans": [{"Node Type": "Nested Loop", "Parent Relationship": "Outer", "Join Type": "Inner", "Startup Cost": 10000000001.46, "Total Cost": 1000014795418.82, "Plan Rows": 2, "Plan Width": 44, "Inner Unique": false, "Join Filter": "(t.id = ml.movie_id)", "Plans": [{"Node Type": "Nested Loop", "Parent Relationship": "Outer", "Join Type": "Inner", "Startup Cost": 10000000001.17, "Total Cost": 1000014795414.4, "Plan Rows": 1, "Plan Width": 52, "Inner Unique": true, "Plans": [{"Node Type": "Nested Loop", "Parent Relationship": "Outer", "Join Type": "Inner", "Startup Cost": 10000000000.91, "Total Cost": 1000014795328.75, "Plan Rows": 20, "Plan Width": 56, "Inner Unique": false, "Join Filter": "(t.id = mk.movie_id)", "Plans": [{"Node Type": "Nested Loop", "Parent Relationship": "Outer", "Join Type": "Inner", "Startup Cost": 10000000000.55, "Total Cost": 1000014795319.62, "Plan Rows": 2, "Plan Width": 48, "Inner Unique": true, "Plans": [{"Node Type": "Nested Loop", "Parent Relationship": "Outer", "Join Type": "Inner", "Startup Cost": 10000000000.29, "Total Cost": 1000014795293.88, "Plan Rows": 6, "Plan Width": 33, "Inner Unique": true, "Plans": [{"Node Type": "Index Scan", "Parent Relationship": "Outer", "Scan Direction": "Forward", "Index Name": "company_type_id_movie_companies", "Relation Name": "movie_companies", "Alias": "mc", "Startup Cost": 10000000000.0, "Total Cost": 1000009318217.0, "Plan Rows": 1269486, "Plan Width": 12, "Filter": "(note IS NULL), (LLVM Optimized)"}, {"Node Type": "Bitmap Heap Scan", "Parent Relationship": "Inner", "Relation Name": "title", "Alias": "t", "Startup Cost": 0.29, "Total Cost": 4.3, "Plan Rows": 1, "Plan Width": 21, "Recheck Cond": "(id = mc.movie_id)", "Filter": "(((title)::text ~~ '%Money%'::text) AND (production_year = 1998))", "Plans": [{"Node Type": "Bitmap Index Scan", "Parent Relationship": "Outer", "Index Name": "title_pkey", "Startup Cost": 0.0, "Total Cost": 0.29, "Plan Rows": 1, "Plan Width": 0, "Index Cond": "(id = mc.movie_id)"}]}]}, {"Node Type": "Bitmap Heap Scan", "Parent Relationship": "Inner", "Relation Name": "company_name", "Alias": "cn", "Startup Cost": 0.26, "Total Cost": 4.28, "Plan Rows": 1, "Plan Width": 23, "Recheck Cond": "(id = mc.company_id)", "Filter": "(((country_code)::text <> '[pl]'::text) AND (((name)::text ~~ '%Film%'::text) OR ((name)::text ~~ '%Warner%'::text)))", "Plans": [{"Node Type": "Bitmap Index Scan", "Parent Relationship": "Outer", "Index Name": "company_name_pkey", "Startup Cost": 0.0, "Total Cost": 0.26, "Plan Rows": 1, "Plan Width": 0, "Index Cond": "(id = mc.company_id)"}]}]}, {"Node Type": "Bitmap Heap Scan", "Parent Relationship": "Inner", "Relation Name": "movie_keyword", "Alias": "mk", "Startup Cost": 0.37, "Total Cost": 4.47, "Plan Rows": 8, "Plan Width": 8, "Recheck Cond": "(movie_id = mc.movie_id)", "Plans": [{"Node Type": "Bitmap Index Scan", "Parent Relationship": "Outer", "Index Name": "movie_id_movie_keyword", "Startup Cost": 0.0, "Total Cost": 0.36, "Plan Rows": 8, "Plan Width": 0, "Index Cond": "(movie_id = mc.movie_id)"}]}]}, {"Node Type": "Bitmap Heap Scan", "Parent Relationship": "Inner", "Relation Name": "keyword", "Alias": "k", "Startup Cost": 0.26, "Total Cost": 4.27, "Plan Rows": 1, "Plan Width": 4, "Recheck Cond": "(id = mk.keyword_id)", "Filter": "((keyword)::text = 'sequel'::text)", "Plans": [{"Node Type": "Bitmap Index Scan", "Parent Relationship": "Outer", "Index Name": "keyword_pkey", "Startup Cost": 0.0, "Total Cost": 0.26, "Plan Rows": 1, "Plan Width": 0, "Index Cond": "(id = mk.keyword_id)"}]}]}, {"Node Type": "Bitmap Heap Scan", "Parent Relationship": "Inner", "Relation Name": "movie_link", "Alias": "ml", "Startup Cost": 0.29, "Total Cost": 4.35, "Plan Rows": 5, "Plan Width": 8, "Recheck Cond": "(movie_id = mk.movie_id)", "Plans": [{"Node Type": "Bitmap Index Scan", "Parent Relationship": "Outer", "Index Name": "movie_id_movie_link", "Startup Cost": 0.0, "Total Cost": 0.29, "Plan Rows": 5, "Plan Width": 0, "Index Cond": "(movie_id = mk.movie_id)"}]}]}, {"Node Type": "Bitmap Heap Scan", "Parent Relationship": "Inner", "Relation Name": "link_type", "Alias": "lt", "Startup Cost": 0.26, "Total Cost": 4.27, "Plan Rows": 1, "Plan Width": 16, "Recheck Cond": "(id = ml.link_type_id)", "Filter": "((link)::text ~~ '%follows%'::text)", "Plans": [{"Node Type": "Bitmap Index Scan", "Parent Relationship": "Outer", "Index Name": "link_type_pkey", "Startup Cost": 0.0, "Total Cost": 0.26, "Plan Rows": 1, "Plan Width": 0, "Index Cond": "(id = ml.link_type_id)"}]}]}, {"Node Type": "Bitmap Heap Scan", "Parent Relationship": "Inner", "Relation Name": "company_type", "Alias": "ct", "Startup Cost": 0.26, "Total Cost": 4.27, "Plan Rows": 1, "Plan Width": 4, "Recheck Cond": "(id = mc.company_type_id)", "Filter": "((kind)::text = 'production companies'::text)", "Plans": [{"Node Type": "Bitmap Index Scan", "Parent Relationship": "Outer", "Index Name": "company_type_pkey", "Startup Cost": 0.0, "Total Cost": 0.26, "Plan Rows": 1, "Plan Width": 0, "Index Cond": "(id = mc.company_type_id)"}]}]}]}, "Unique SQL Id": 4121279504}, "explain_analyze_plan": null}, "(1, 100)": {"explain_plan": {"Plan": {"Node Type": "Aggregate", "Strategy": "Plain", "Startup Cost": 2581.34, "Total Cost": 2581.35, "Plan Rows": 1, "Plan Width": 144, "Plans": [{"Node Type": "Nested Loop", "Parent Relationship": "Outer", "Join Type": "Inner", "Startup Cost": 4.51, "Total Cost": 2581.33, "Plan Rows": 1, "Plan Width": 48, "Inner Unique": true, "Plans": [{"Node Type": "Nested Loop", "Parent Relationship": "Outer", "Join Type": "Inner", "Startup Cost": 4.51, "Total Cost": 2581.05, "Plan Rows": 1, "Plan Width": 40, "Inner Unique": false, "Join Filter": "(t.id = ml.movie_id)", "Plans": [{"Node Type": "Nested Loop", "Parent Relationship": "Outer", "Join Type": "Inner", "Startup Cost": 4.51, "Total Cost": 2580.63, "Plan Rows": 1, "Plan Width": 48, "Inner Unique": true, "Plans": [{"Node Type": "Nested Loop", "Parent Relationship": "Outer", "Join Type": "Inner", "Startup Cost": 4.51, "Total Cost": 2580.35, "Plan Rows": 1, "Plan Width": 52, "Inner Unique": true, "Plans": [{"Node Type": "Nested Loop", "Parent Relationship": "Outer", "Join Type": "Inner", "Startup Cost": 4.51, "Total Cost": 2580.05, "Plan Rows": 1, "Plan Width": 37, "Inner Unique": false, "Join Filter": "(t.id = mc.movie_id)", "Plans": [{"Node Type": "Nested Loop", "Parent Relationship": "Outer", "Join Type": "Inner", "Startup Cost": 4.51, "Total Cost": 2579.71, "Plan Rows": 1, "Plan Width": 25, "Inner Unique": true, "Plans": [{"Node Type": "Nested Loop", "Parent Relationship": "Outer", "Join Type": "Inner", "Startup Cost": 4.51, "Total Cost": 2569.02, "Plan Rows": 33, "Plan Width": 4, "Inner Unique": false, "Plans": [{"Node Type": "Seq Scan", "Parent Relationship": "Outer", "Relation Name": "keyword", "Alias": "k", "Startup Cost": 0.0, "Total Cost": 2436.11, "Plan Rows": 1, "Plan Width": 4, "Filter": "((keyword)::text = 'sequel'::text)"}, {"Node Type": "Bitmap Heap Scan", "Parent Relationship": "Inner", "Relation Name": "movie_keyword", "Alias": "mk", "Startup Cost": 4.51, "Total Cost": 132.58, "Plan Rows": 33, "Plan Width": 8, "Recheck Cond": "(keyword_id = k.id)", "Plans": [{"Node Type": "Bitmap Index Scan", "Parent Relationship": "Outer", "Index Name": "keyword_id_movie_keyword", "Startup Cost": 0.0, "Total Cost": 4.5, "Plan Rows": 33, "Plan Width": 0, "Index Cond": "(keyword_id = k.id)"}]}]}, {"Node Type": "Index Scan", "Parent Relationship": "Inner", "Scan Direction": "Forward", "Index Name": "title_pkey", "Relation Name": "title", "Alias": "t", "Startup Cost": 0.0, "Total Cost": 0.31, "Plan Rows": 1, "Plan Width": 21, "Index Cond": "(id = mk.movie_id)", "Filter": "(((title)::text ~~ '%Money%'::text) AND (production_year = 1998))"}]}, {"Node Type": "Index Scan", "Parent Relationship": "Inner", "Scan Direction": "Forward", "Index Name": "movie_id_movie_companies", "Relation Name": "movie_companies", "Alias": "mc", "Startup Cost": 0.0, "Total Cost": 0.31, "Plan Rows": 2, "Plan Width": 12, "Index Cond": "(movie_id = mk.movie_id)", "Filter": "(note IS NULL)"}]}, {"Node Type": "Index Scan", "Parent Relationship": "Inner", "Scan Direction": "Forward", "Index Name": "company_name_pkey", "Relation Name": "company_name", "Alias": "cn", "Startup Cost": 0.0, "Total Cost": 0.29, "Plan Rows": 1, "Plan Width": 23, "Index Cond": "(id = mc.company_id)", "Filter": "(((country_code)::text <> '[pl]'::text) AND (((name)::text ~~ '%Film%'::text) OR ((name)::text ~~ '%Warner%'::text)))"}]}, {"Node Type": "Index Scan", "Parent Relationship": "Inner", "Scan Direction": "Forward", "Index Name": "company_type_pkey", "Relation Name": "company_type", "Alias": "ct", "Startup Cost": 0.0, "Total Cost": 0.27, "Plan Rows": 1, "Plan Width": 4, "Index Cond": "(id = mc.company_type_id)", "Filter": "((kind)::text = 'production companies'::text)"}]}, {"Node Type": "Index Scan", "Parent Relationship": "Inner", "Scan Direction": "Forward", "Index Name": "movie_id_movie_link", "Relation Name": "movie_link", "Alias": "ml", "Startup Cost": 0.0, "Total Cost": 0.35, "Plan Rows": 5, "Plan Width": 8, "Index Cond": "(movie_id = mk.movie_id)"}]}, {"Node Type": "Index Scan", "Parent Relationship": "Inner", "Scan Direction": "Forward", "Index Name": "link_type_pkey", "Relation Name": "link_type", "Alias": "lt", "Startup Cost": 0.0, "Total Cost": 0.27, "Plan Rows": 1, "Plan Width": 16, "Index Cond": "(id = ml.link_type_id)", "Filter": "((link)::text ~~ '%follows%'::text)"}]}]}, "Unique SQL Id": 4121279504}, "explain_analyze_plan": {"Plan": {"Node Type": "Aggregate", "Strategy": "Plain", "Startup Cost": 2581.34, "Total Cost": 2581.35, "Plan Rows": 1, "Plan Width": 144, "Actual Startup Time": 107.057, "Actual Total Time": 107.057, "Actual Rows": 1, "Actual Loops": 1, "Plans": [{"Node Type": "Nested Loop", "Parent Relationship": "Outer", "Join Type": "Inner", "Startup Cost": 4.51, "Total Cost": 2581.33, "Plan Rows": 1, "Plan Width": 48, "Actual Startup Time": 107.047, "Actual Total Time": 107.047, "Actual Rows": 0, "Actual Loops": 1, "Inner Unique": true, "Plans": [{"Node Type": "Nested Loop", "Parent Relationship": "Outer", "Join Type": "Inner", "Startup Cost": 4.51, "Total Cost": 2581.05, "Plan Rows": 1, "Plan Width": 40, "Actual Startup Time": 5.482, "Actual Total Time": 106.959, "Actual Rows": 38, "Actual Loops": 1, "Inner Unique": false, "Join Filter": "(t.id = ml.movie_id)", "Rows Removed by Join Filter": 0, "Plans": [{"Node Type": "Nested Loop", "Parent Relationship": "Outer", "Join Type": "Inner", "Startup Cost": 4.51, "Total Cost": 2580.63, "Plan Rows": 1, "Plan Width": 48, "Actual Startup Time": 5.471, "Actual Total Time": 106.908, "Actual Rows": 2, "Actual Loops": 1, "Inner Unique": true, "Plans": [{"Node Type": "Nested Loop", "Parent Relationship": "Outer", "Join Type": "Inner", "Startup Cost": 4.51, "Total Cost": 2580.35, "Plan Rows": 1, "Plan Width": 52, "Actual Startup Time": 5.461, "Actual Total Time": 106.893, "Actual Rows": 2, "Actual Loops": 1, "Inner Unique": true, "Plans": [{"Node Type": "Nested Loop", "Parent Relationship": "Outer", "Join Type": "Inner", "Startup Cost": 4.51, "Total Cost": 2580.05, "Plan Rows": 1, "Plan Width": 37, "Actual Startup Time": 5.448, "Actual Total Time": 106.864, "Actual Rows": 3, "Actual Loops": 1, "Inner Unique": false, "Join Filter": "(t.id = mc.movie_id)", "Rows Removed by Join Filter": 0, "Plans": [{"Node Type": "Nested Loop", "Parent Relationship": "Outer", "Join Type": "Inner", "Startup Cost": 4.51, "Total Cost": 2579.71, "Plan Rows": 1, "Plan Width": 25, "Actual Startup Time": 5.434, "Actual Total Time": 106.846, "Actual Rows": 1, "Actual Loops": 1, "Inner Unique": true, "Plans": [{"Node Type": "Nested Loop", "Parent Relationship": "Outer", "Join Type": "Inner", "Startup Cost": 4.51, "Total Cost": 2569.02, "Plan Rows": 33, "Plan Width": 4, "Actual Startup Time": 5.175, "Actual Total Time": 57.215, "Actual Rows": 10544, "Actual Loops": 1, "Inner Unique": false, "Plans": [{"Node Type": "Seq Scan", "Parent Relationship": "Outer", "Relation Name": "keyword", "Alias": "k", "Startup Cost": 0.0, "Total Cost": 2436.11, "Plan Rows": 1, "Plan Width": 4, "Actual Startup Time": 2.299, "Actual Total Time": 40.531, "Actual Rows": 1, "Actual Loops": 1, "Filter": "((keyword)::text = 'sequel'::text)", "Rows Removed by Filter": 134168}, {"Node Type": "Bitmap Heap Scan", "Parent Relationship": "Inner", "Relation Name": "movie_keyword", "Alias": "mk", "Startup Cost": 4.51, "Total Cost": 132.58, "Plan Rows": 33, "Plan Width": 8, "Actual Startup Time": 2.868, "Actual Total Time": 14.547, "Actual Rows": 10544, "Actual Loops": 1, "Recheck Cond": "(keyword_id = k.id)", "Rows Removed by Index Recheck": 0, "Exact Heap Blocks": 5090, "Lossy Heap Blocks": 5090, "Plans": [{"Node Type": "Bitmap Index Scan", "Parent Relationship": "Outer", "Index Name": "keyword_id_movie_keyword", "Startup Cost": 0.0, "Total Cost": 4.5, "Plan Rows": 33, "Plan Width": 0, "Actual Startup Time": 1.963, "Actual Total Time": 1.963, "Actual Rows": 10544, "Actual Loops": 1, "Index Cond": "(keyword_id = k.id)"}]}]}, {"Node Type": "Index Scan", "Parent Relationship": "Inner", "Scan Direction": "Forward", "Index Name": "title_pkey", "Relation Name": "title", "Alias": "t", "Startup Cost": 0.0, "Total Cost": 0.31, "Plan Rows": 1, "Plan Width": 21, "Actual Startup Time": 44.363, "Actual Total Time": 44.363, "Actual Rows": 1, "Actual Loops": 10544, "Index Cond": "(id = mk.movie_id)", "Rows Removed by Index Recheck": 0, "Filter": "(((title)::text ~~ '%Money%'::text) AND (production_year = 1998))", "Rows Removed by Filter": 10543}]}, {"Node Type": "Index Scan", "Parent Relationship": "Inner", "Scan Direction": "Forward", "Index Name": "movie_id_movie_companies", "Relation Name": "movie_companies", "Alias": "mc", "Startup Cost": 0.0, "Total Cost": 0.31, "Plan Rows": 2, "Plan Width": 12, "Actual Startup Time": 0.011, "Actual Total Time": 0.014, "Actual Rows": 3, "Actual Loops": 1, "Index Cond": "(movie_id = mk.movie_id)", "Rows Removed by Index Recheck": 0, "Filter": "(note IS NULL)", "Rows Removed by Filter": 1}]}, {"Node Type": "Index Scan", "Parent Relationship": "Inner", "Scan Direction": "Forward", "Index Name": "company_name_pkey", "Relation Name": "company_name", "Alias": "cn", "Startup Cost": 0.0, "Total Cost": 0.29, "Plan Rows": 1, "Plan Width": 23, "Actual Startup Time": 0.025, "Actual Total Time": 0.025, "Actual Rows": 2, "Actual Loops": 3, "Index Cond": "(id = mc.company_id)", "Rows Removed by Index Recheck": 0, "Filter": "(((country_code)::text <> '[pl]'::text) AND (((name)::text ~~ '%Film%'::text) OR ((name)::text ~~ '%Warner%'::text)))", "Rows Removed by Filter": 1}]}, {"Node Type": "Index Scan", "Parent Relationship": "Inner", "Scan Direction": "Forward", "Index Name": "company_type_pkey", "Relation Name": "company_type", "Alias": "ct", "Startup Cost": 0.0, "Total Cost": 0.27, "Plan Rows": 1, "Plan Width": 4, "Actual Startup Time": 0.01, "Actual Total Time": 0.01, "Actual Rows": 2, "Actual Loops": 2, "Index Cond": "(id = mc.company_type_id)", "Rows Removed by Index Recheck": 0, "Filter": "((kind)::text = 'production companies'::text)", "Rows Removed by Filter": 0}]}, {"Node Type": "Index Scan", "Parent Relationship": "Inner", "Scan Direction": "Forward", "Index Name": "movie_id_movie_link", "Relation Name": "movie_link", "Alias": "ml", "Startup Cost": 0.0, "Total Cost": 0.35, "Plan Rows": 5, "Plan Width": 8, "Actual Startup Time": 0.011, "Actual Total Time": 0.027, "Actual Rows": 38, "Actual Loops": 2, "Index Cond": "(movie_id = mk.movie_id)", "Rows Removed by Index Recheck": 0}]}, {"Node Type": "Index Scan", "Parent Relationship": "Inner", "Scan Direction": "Forward", "Index Name": "link_type_pkey", "Relation Name": "link_type", "Alias": "lt", "Startup Cost": 0.0, "Total Cost": 0.27, "Plan Rows": 1, "Plan Width": 16, "Actual Startup Time": 0.073, "Actual Total Time": 0.073, "Actual Rows": 0, "Actual Loops": 38, "Index Cond": "(id = ml.link_type_id)", "Rows Removed by Index Recheck": 0, "Filter": "((link)::text ~~ '%follows%'::text)", "Rows Removed by Filter": 24}]}]}, "Triggers": [], "Planner Runtime": 64.386, "Total Runtime": 107.455, "Unique SQL Id": 4121279504}}, "(1, 101)": {"explain_plan": {"Plan": {"Node Type": "Aggregate", "Strategy": "Plain", "Startup Cost": 3327.94, "Total Cost": 3327.95, "Plan Rows": 1, "Plan Width": 144, "Plans": [{"Node Type": "Nested Loop", "Parent Relationship": "Outer", "Join Type": "Inner", "Startup Cost": 4.51, "Total Cost": 3327.93, "Plan Rows": 1, "Plan Width": 48, "Inner Unique": true, "Plans": [{"Node Type": "Nested Loop", "Parent Relationship": "Outer", "Join Type": "Inner", "Startup Cost": 4.51, "Total Cost": 3327.65, "Plan Rows": 1, "Plan Width": 40, "Inner Unique": false, "Join Filter": "(t.id = ml.movie_id)", "Plans": [{"Node Type": "Nested Loop", "Parent Relationship": "Outer", "Join Type": "Inner", "Startup Cost": 4.51, "Total Cost": 3327.24, "Plan Rows": 1, "Plan Width": 48, "Inner Unique": true, "Plans": [{"Node Type": "Nested Loop", "Parent Relationship": "Outer", "Join Type": "Inner", "Startup Cost": 4.51, "Total Cost": 3326.95, "Plan Rows": 1, "Plan Width": 52, "Inner Unique": true, "Plans": [{"Node Type": "Nested Loop", "Parent Relationship": "Outer", "Join Type": "Inner", "Startup Cost": 4.51, "Total Cost": 3326.66, "Plan Rows": 1, "Plan Width": 37, "Inner Unique": false, "Join Filter": "(t.id = mc.movie_id)", "Plans": [{"Node Type": "Nested Loop", "Parent Relationship": "Outer", "Join Type": "Inner", "Startup Cost": 4.51, "Total Cost": 3326.32, "Plan Rows": 1, "Plan Width": 25, "Inner Unique": true, "Plans": [{"Node Type": "Nested Loop", "Parent Relationship": "Outer", "Join Type": "Inner", "Startup Cost": 4.51, "Total Cost": 3315.63, "Plan Rows": 33, "Plan Width": 4, "Inner Unique": false, "Plans": [{"Node Type": "Index Scan", "Parent Relationship": "Outer", "Scan Direction": "Forward", "Index Name": "keyword_pkey", "Relation Name": "keyword", "Alias": "k", "Startup Cost": 0.0, "Total Cost": 3182.72, "Plan Rows": 1, "Plan Width": 4, "Filter": "((keyword)::text = 'sequel'::text)"}, {"Node Type": "Bitmap Heap Scan", "Parent Relationship": "Inner", "Relation Name": "movie_keyword", "Alias": "mk", "Startup Cost": 4.51, "Total Cost": 132.58, "Plan Rows": 33, "Plan Width": 8, "Recheck Cond": "(keyword_id = k.id)", "Plans": [{"Node Type": "Bitmap Index Scan", "Parent Relationship": "Outer", "Index Name": "keyword_id_movie_keyword", "Startup Cost": 0.0, "Total Cost": 4.5, "Plan Rows": 33, "Plan Width": 0, "Index Cond": "(keyword_id = k.id)"}]}]}, {"Node Type": "Index Scan", "Parent Relationship": "Inner", "Scan Direction": "Forward", "Index Name": "title_pkey", "Relation Name": "title", "Alias": "t", "Startup Cost": 0.0, "Total Cost": 0.31, "Plan Rows": 1, "Plan Width": 21, "Index Cond": "(id = mk.movie_id)", "Filter": "(((title)::text ~~ '%Money%'::text) AND (production_year = 1998))"}]}, {"Node Type": "Index Scan", "Parent Relationship": "Inner", "Scan Direction": "Forward", "Index Name": "movie_id_movie_companies", "Relation Name": "movie_companies", "Alias": "mc", "Startup Cost": 0.0, "Total Cost": 0.31, "Plan Rows": 2, "Plan Width": 12, "Index Cond": "(movie_id = mk.movie_id)", "Filter": "(note IS NULL)"}]}, {"Node Type": "Index Scan", "Parent Relationship": "Inner", "Scan Direction": "Forward", "Index Name": "company_name_pkey", "Relation Name": "company_name", "Alias": "cn", "Startup Cost": 0.0, "Total Cost": 0.29, "Plan Rows": 1, "Plan Width": 23, "Index Cond": "(id = mc.company_id)", "Filter": "(((country_code)::text <> '[pl]'::text) AND (((name)::text ~~ '%Film%'::text) OR ((name)::text ~~ '%Warner%'::text)))"}]}, {"Node Type": "Index Scan", "Parent Relationship": "Inner", "Scan Direction": "Forward", "Index Name": "company_type_pkey", "Relation Name": "company_type", "Alias": "ct", "Startup Cost": 0.0, "Total Cost": 0.27, "Plan Rows": 1, "Plan Width": 4, "Index Cond": "(id = mc.company_type_id)", "Filter": "((kind)::text = 'production companies'::text)"}]}, {"Node Type": "Index Scan", "Parent Relationship": "Inner", "Scan Direction": "Forward", "Index Name": "movie_id_movie_link", "Relation Name": "movie_link", "Alias": "ml", "Startup Cost": 0.0, "Total Cost": 0.35, "Plan Rows": 5, "Plan Width": 8, "Index Cond": "(movie_id = mk.movie_id)"}]}, {"Node Type": "Index Scan", "Parent Relationship": "Inner", "Scan Direction": "Forward", "Index Name": "link_type_pkey", "Relation Name": "link_type", "Alias": "lt", "Startup Cost": 0.0, "Total Cost": 0.27, "Plan Rows": 1, "Plan Width": 16, "Index Cond": "(id = ml.link_type_id)", "Filter": "((link)::text ~~ '%follows%'::text)"}]}]}, "Unique SQL Id": 4121279504}, "explain_analyze_plan": {"Plan": {"Node Type": "Aggregate", "Strategy": "Plain", "Startup Cost": 3327.94, "Total Cost": 3327.95, "Plan Rows": 1, "Plan Width": 144, "Actual Startup Time": 181.02, "Actual Total Time": 181.021, "Actual Rows": 1, "Actual Loops": 1, "Plans": [{"Node Type": "Nested Loop", "Parent Relationship": "Outer", "Join Type": "Inner", "Startup Cost": 4.51, "Total Cost": 3327.93, "Plan Rows": 1, "Plan Width": 48, "Actual Startup Time": 181.01, "Actual Total Time": 181.01, "Actual Rows": 0, "Actual Loops": 1, "Inner Unique": true, "Plans": [{"Node Type": "Nested Loop", "Parent Relationship": "Outer", "Join Type": "Inner", "Startup Cost": 4.51, "Total Cost": 3327.65, "Plan Rows": 1, "Plan Width": 40, "Actual Startup Time": 3.646, "Actual Total Time": 180.923, "Actual Rows": 38, "Actual Loops": 1, "Inner Unique": false, "Join Filter": "(t.id = ml.movie_id)", "Rows Removed by Join Filter": 0, "Plans": [{"Node Type": "Nested Loop", "Parent Relationship": "Outer", "Join Type": "Inner", "Startup Cost": 4.51, "Total Cost": 3327.24, "Plan Rows": 1, "Plan Width": 48, "Actual Startup Time": 3.636, "Actual Total Time": 180.883, "Actual Rows": 2, "Actual Loops": 1, "Inner Unique": true, "Plans": [{"Node Type": "Nested Loop", "Parent Relationship": "Outer", "Join Type": "Inner", "Startup Cost": 4.51, "Total Cost": 3326.95, "Plan Rows": 1, "Plan Width": 52, "Actual Startup Time": 3.627, "Actual Total Time": 180.869, "Actual Rows": 2, "Actual Loops": 1, "Inner Unique": true, "Plans": [{"Node Type": "Nested Loop", "Parent Relationship": "Outer", "Join Type": "Inner", "Startup Cost": 4.51, "Total Cost": 3326.66, "Plan Rows": 1, "Plan Width": 37, "Actual Startup Time": 3.613, "Actual Total Time": 180.84, "Actual Rows": 3, "Actual Loops": 1, "Inner Unique": false, "Join Filter": "(t.id = mc.movie_id)", "Rows Removed by Join Filter": 0, "Plans": [{"Node Type": "Nested Loop", "Parent Relationship": "Outer", "Join Type": "Inner", "Startup Cost": 4.51, "Total Cost": 3326.32, "Plan Rows": 1, "Plan Width": 25, "Actual Startup Time": 3.597, "Actual Total Time": 180.82, "Actual Rows": 1, "Actual Loops": 1, "Inner Unique": true, "Plans": [{"Node Type": "Nested Loop", "Parent Relationship": "Outer", "Join Type": "Inner", "Startup Cost": 4.51, "Total Cost": 3315.63, "Plan Rows": 33, "Plan Width": 4, "Actual Startup Time": 3.337, "Actual Total Time": 130.626, "Actual Rows": 10544, "Actual Loops": 1, "Inner Unique": false, "Plans": [{"Node Type": "Index Scan", "Parent Relationship": "Outer", "Scan Direction": "Forward", "Index Name": "keyword_pkey", "Relation Name": "keyword", "Alias": "k", "Startup Cost": 0.0, "Total Cost": 3182.72, "Plan Rows": 1, "Plan Width": 4, "Actual Startup Time": 0.436, "Actual Total Time": 113.393, "Actual Rows": 1, "Actual Loops": 1, "Filter": "((keyword)::text = 'sequel'::text)", "Rows Removed by Filter": 134168}, {"Node Type": "Bitmap Heap Scan", "Parent Relationship": "Inner", "Relation Name": "movie_keyword", "Alias": "mk", "Startup Cost": 4.51, "Total Cost": 132.58, "Plan Rows": 33, "Plan Width": 8, "Actual Startup Time": 2.893, "Actual Total Time": 14.881, "Actual Rows": 10544, "Actual Loops": 1, "Recheck Cond": "(keyword_id = k.id)", "Rows Removed by Index Recheck": 0, "Exact Heap Blocks": 5090, "Lossy Heap Blocks": 5090, "Plans": [{"Node Type": "Bitmap Index Scan", "Parent Relationship": "Outer", "Index Name": "keyword_id_movie_keyword", "Startup Cost": 0.0, "Total Cost": 4.5, "Plan Rows": 33, "Plan Width": 0, "Actual Startup Time": 1.993, "Actual Total Time": 1.993, "Actual Rows": 10544, "Actual Loops": 1, "Index Cond": "(keyword_id = k.id)"}]}]}, {"Node Type": "Index Scan", "Parent Relationship": "Inner", "Scan Direction": "Forward", "Index Name": "title_pkey", "Relation Name": "title", "Alias": "t", "Startup Cost": 0.0, "Total Cost": 0.31, "Plan Rows": 1, "Plan Width": 21, "Actual Startup Time": 44.981, "Actual Total Time": 44.981, "Actual Rows": 1, "Actual Loops": 10544, "Index Cond": "(id = mk.movie_id)", "Rows Removed by Index Recheck": 0, "Filter": "(((title)::text ~~ '%Money%'::text) AND (production_year = 1998))", "Rows Removed by Filter": 10543}]}, {"Node Type": "Index Scan", "Parent Relationship": "Inner", "Scan Direction": "Forward", "Index Name": "movie_id_movie_companies", "Relation Name": "movie_companies", "Alias": "mc", "Startup Cost": 0.0, "Total Cost": 0.31, "Plan Rows": 2, "Plan Width": 12, "Actual Startup Time": 0.012, "Actual Total Time": 0.013, "Actual Rows": 3, "Actual Loops": 1, "Index Cond": "(movie_id = mk.movie_id)", "Rows Removed by Index Recheck": 0, "Filter": "(note IS NULL)", "Rows Removed by Filter": 1}]}, {"Node Type": "Index Scan", "Parent Relationship": "Inner", "Scan Direction": "Forward", "Index Name": "company_name_pkey", "Relation Name": "company_name", "Alias": "cn", "Startup Cost": 0.0, "Total Cost": 0.29, "Plan Rows": 1, "Plan Width": 23, "Actual Startup Time": 0.023, "Actual Total Time": 0.023, "Actual Rows": 2, "Actual Loops": 3, "Index Cond": "(id = mc.company_id)", "Rows Removed by Index Recheck": 0, "Filter": "(((country_code)::text <> '[pl]'::text) AND (((name)::text ~~ '%Film%'::text) OR ((name)::text ~~ '%Warner%'::text)))", "Rows Removed by Filter": 1}]}, {"Node Type": "Index Scan", "Parent Relationship": "Inner", "Scan Direction": "Forward", "Index Name": "company_type_pkey", "Relation Name": "company_type", "Alias": "ct", "Startup Cost": 0.0, "Total Cost": 0.27, "Plan Rows": 1, "Plan Width": 4, "Actual Startup Time": 0.009, "Actual Total Time": 0.009, "Actual Rows": 2, "Actual Loops": 2, "Index Cond": "(id = mc.company_type_id)", "Rows Removed by Index Recheck": 0, "Filter": "((kind)::text = 'production companies'::text)", "Rows Removed by Filter": 0}]}, {"Node Type": "Index Scan", "Parent Relationship": "Inner", "Scan Direction": "Forward", "Index Name": "movie_id_movie_link", "Relation Name": "movie_link", "Alias": "ml", "Startup Cost": 0.0, "Total Cost": 0.35, "Plan Rows": 5, "Plan Width": 8, "Actual Startup Time": 0.011, "Actual Total Time": 0.023, "Actual Rows": 38, "Actual Loops": 2, "Index Cond": "(movie_id = mk.movie_id)", "Rows Removed by Index Recheck": 0}]}, {"Node Type": "Index Scan", "Parent Relationship": "Inner", "Scan Direction": "Forward", "Index Name": "link_type_pkey", "Relation Name": "link_type", "Alias": "lt", "Startup Cost": 0.0, "Total Cost": 0.27, "Plan Rows": 1, "Plan Width": 16, "Actual Startup Time": 0.063, "Actual Total Time": 0.063, "Actual Rows": 0, "Actual Loops": 38, "Index Cond": "(id = ml.link_type_id)", "Rows Removed by Index Recheck": 0, "Filter": "((link)::text ~~ '%follows%'::text)", "Rows Removed by Filter": 24}]}]}, "Triggers": [], "Planner Runtime": 58.021, "Total Runtime": 181.432, "Unique SQL Id": 4121279504}}, "(1, 102)": {"explain_plan": {"Plan": {"Node Type": "Aggregate", "Strategy": "Plain", "Startup Cost": 2726.04, "Total Cost": 2726.05, "Plan Rows": 1, "Plan Width": 144, "Plans": [{"Node Type": "Hash Join", "Parent Relationship": "Outer", "Join Type": "Inner", "Startup Cost": 7.87, "Total Cost": 2726.04, "Plan Rows": 1, "Plan Width": 48, "Inner Unique": true, "Hash Cond": "(ml.link_type_id = lt.id)", "Plans": [{"Node Type": "Nested Loop", "Parent Relationship": "Outer", "Join Type": "Inner", "Startup Cost": 6.64, "Total Cost": 2724.8, "Plan Rows": 1, "Plan Width": 40, "Inner Unique": false, "Join Filter": "(t.id = ml.movie_id)", "Plans": [{"Node Type": "Hash Join", "Parent Relationship": "Outer", "Join Type": "Inner", "Startup Cost": 6.35, "Total Cost": 2720.38, "Plan Rows": 1, "Plan Width": 48, "Inner Unique": true, "Hash Cond": "(mc.company_type_id = ct.id)", "Plans": [{"Node Type": "Nested Loop", "Parent Relationship": "Outer", "Join Type": "Inner", "Startup Cost": 5.3, "Total Cost": 2719.32, "Plan Rows": 1, "Plan Width": 52, "Inner Unique": true, "Plans": [{"Node Type": "Nested Loop", "Parent Relationship": "Outer", "Join Type": "Inner", "Startup Cost": 5.05, "Total Cost": 2715.03, "Plan Rows": 1, "Plan Width": 37, "Inner Unique": false, "Join Filter": "(t.id = mc.movie_id)", "Plans": [{"Node Type": "Nested Loop", "Parent Relationship": "Outer", "Join Type": "Inner", "Startup Cost": 4.77, "Total Cost": 2710.71, "Plan Rows": 1, "Plan Width": 25, "Inner Unique": true, "Plans": [{"Node Type": "Nested Loop", "Parent Relationship": "Outer", "Join Type": "Inner", "Startup Cost": 4.51, "Total Cost": 2569.02, "Plan Rows": 33, "Plan Width": 4, "Inner Unique": false, "Plans": [{"Node Type": "Seq Scan", "Parent Relationship": "Outer", "Relation Name": "keyword", "Alias": "k", "Startup Cost": 0.0, "Total Cost": 2436.11, "Plan Rows": 1, "Plan Width": 4, "Filter": "((keyword)::text = 'sequel'::text)"}, {"Node Type": "Bitmap Heap Scan", "Parent Relationship": "Inner", "Relation Name": "movie_keyword", "Alias": "mk", "Startup Cost": 4.51, "Total Cost": 132.58, "Plan Rows": 33, "Plan Width": 8, "Recheck Cond": "(keyword_id = k.id)", "Plans": [{"Node Type": "Bitmap Index Scan", "Parent Relationship": "Outer", "Index Name": "keyword_id_movie_keyword", "Startup Cost": 0.0, "Total Cost": 4.5, "Plan Rows": 33, "Plan Width": 0, "Index Cond": "(keyword_id = k.id)"}]}]}, {"Node Type": "Bitmap Heap Scan", "Parent Relationship": "Inner", "Relation Name": "title", "Alias": "t", "Startup Cost": 0.27, "Total Cost": 4.28, "Plan Rows": 1, "Plan Width": 21, "Recheck Cond": "(id = mk.movie_id)", "Filter": "(((title)::text ~~ '%Money%'::text) AND (production_year = 1998))", "Plans": [{"Node Type": "Bitmap Index Scan", "Parent Relationship": "Outer", "Index Name": "title_pkey", "Startup Cost": 0.0, "Total Cost": 0.27, "Plan Rows": 1, "Plan Width": 0, "Index Cond": "(id = mk.movie_id)"}]}]}, {"Node Type": "Bitmap Heap Scan", "Parent Relationship": "Inner", "Relation Name": "movie_companies", "Alias": "mc", "Startup Cost": 0.27, "Total Cost": 4.3, "Plan Rows": 2, "Plan Width": 12, "Recheck Cond": "(movie_id = mk.movie_id)", "Filter": "(note IS NULL)", "Plans": [{"Node Type": "Bitmap Index Scan", "Parent Relationship": "Outer", "Index Name": "movie_id_movie_companies", "Startup Cost": 0.0, "Total Cost": 0.27, "Plan Rows": 2, "Plan Width": 0, "Index Cond": "(movie_id = mk.movie_id)"}]}]}, {"Node Type": "Bitmap Heap Scan", "Parent Relationship": "Inner", "Relation Name": "company_name", "Alias": "cn", "Startup Cost": 0.26, "Total Cost": 4.28, "Plan Rows": 1, "Plan Width": 23, "Recheck Cond": "(id = mc.company_id)", "Filter": "(((country_code)::text <> '[pl]'::text) AND (((name)::text ~~ '%Film%'::text) OR ((name)::text ~~ '%Warner%'::text)))", "Plans": [{"Node Type": "Bitmap Index Scan", "Parent Relationship": "Outer", "Index Name": "company_name_pkey", "Startup Cost": 0.0, "Total Cost": 0.26, "Plan Rows": 1, "Plan Width": 0, "Index Cond": "(id = mc.company_id)"}]}]}, {"Node Type": "Hash", "Parent Relationship": "Inner", "Startup Cost": 1.04, "Total Cost": 1.04, "Plan Rows": 1, "Plan Width": 4, "Plans": [{"Node Type": "Seq Scan", "Parent Relationship": "Outer", "Relation Name": "company_type", "Alias": "ct", "Startup Cost": 0.0, "Total Cost": 1.04, "Plan Rows": 1, "Plan Width": 4, "Filter": "((kind)::text = 'production companies'::text)"}]}]}, {"Node Type": "Bitmap Heap Scan", "Parent Relationship": "Inner", "Relation Name": "movie_link", "Alias": "ml", "Startup Cost": 0.29, "Total Cost": 4.35, "Plan Rows": 5, "Plan Width": 8, "Recheck Cond": "(movie_id = mk.movie_id)", "Plans": [{"Node Type": "Bitmap Index Scan", "Parent Relationship": "Outer", "Index Name": "movie_id_movie_link", "Startup Cost": 0.0, "Total Cost": 0.29, "Plan Rows": 5, "Plan Width": 0, "Index Cond": "(movie_id = mk.movie_id)"}]}]}, {"Node Type": "Hash", "Parent Relationship": "Inner", "Startup Cost": 1.21, "Total Cost": 1.21, "Plan Rows": 1, "Plan Width": 16, "Plans": [{"Node Type": "Seq Scan", "Parent Relationship": "Outer", "Relation Name": "link_type", "Alias": "lt", "Startup Cost": 0.0, "Total Cost": 1.21, "Plan Rows": 1, "Plan Width": 16, "Filter": "((link)::text ~~ '%follows%'::text)"}]}]}]}, "Unique SQL Id": 4121279504}, "explain_analyze_plan": {"Plan": {"Node Type": "Aggregate", "Strategy": "Plain", "Startup Cost": 2726.04, "Total Cost": 2726.05, "Plan Rows": 1, "Plan Width": 144, "Actual Startup Time": 0.09, "Actual Total Time": 0.09, "Actual Rows": 1, "Actual Loops": 1, "Plans": [{"Node Type": "Hash Join", "Parent Relationship": "Outer", "Join Type": "Inner", "Startup Cost": 7.87, "Total Cost": 2726.04, "Plan Rows": 1, "Plan Width": 48, "Actual Startup Time": 0.081, "Actual Total Time": 0.081, "Actual Rows": 0, "Actual Loops": 1, "Inner Unique": true, "Hash Cond": "(ml.link_type_id = lt.id)", "Plans": [{"Node Type": "Nested Loop", "Parent Relationship": "Outer", "Join Type": "Inner", "Startup Cost": 6.64, "Total Cost": 2724.8, "Plan Rows": 1, "Plan Width": 40, "Actual Startup Time": 0.0, "Actual Total Time": 0.0, "Inner Unique": false, "Join Filter": "(t.id = ml.movie_id)", "Rows Removed by Join Filter": 0, "Plans": [{"Node Type": "Hash Join", "Parent Relationship": "Outer", "Join Type": "Inner", "Startup Cost": 6.35, "Total Cost": 2720.38, "Plan Rows": 1, "Plan Width": 48, "Actual Startup Time": 0.0, "Actual Total Time": 0.0, "Inner Unique": true, "Hash Cond": "(mc.company_type_id = ct.id)", "Plans": [{"Node Type": "Nested Loop", "Parent Relationship": "Outer", "Join Type": "Inner", "Startup Cost": 5.3, "Total Cost": 2719.32, "Plan Rows": 1, "Plan Width": 52, "Actual Startup Time": 0.0, "Actual Total Time": 0.0, "Inner Unique": true, "Plans": [{"Node Type": "Nested Loop", "Parent Relationship": "Outer", "Join Type": "Inner", "Startup Cost": 5.05, "Total Cost": 2715.03, "Plan Rows": 1, "Plan Width": 37, "Actual Startup Time": 0.0, "Actual Total Time": 0.0, "Inner Unique": false, "Join Filter": "(t.id = mc.movie_id)", "Rows Removed by Join Filter": 0, "Plans": [{"Node Type": "Nested Loop", "Parent Relationship": "Outer", "Join Type": "Inner", "Startup Cost": 4.77, "Total Cost": 2710.71, "Plan Rows": 1, "Plan Width": 25, "Actual Startup Time": 0.0, "Actual Total Time": 0.0, "Inner Unique": true, "Plans": [{"Node Type": "Nested Loop", "Parent Relationship": "Outer", "Join Type": "Inner", "Startup Cost": 4.51, "Total Cost": 2569.02, "Plan Rows": 33, "Plan Width": 4, "Actual Startup Time": 0.0, "Actual Total Time": 0.0, "Inner Unique": false, "Plans": [{"Node Type": "Seq Scan", "Parent Relationship": "Outer", "Relation Name": "keyword", "Alias": "k", "Startup Cost": 0.0, "Total Cost": 2436.11, "Plan Rows": 1, "Plan Width": 4, "Actual Startup Time": 0.0, "Actual Total Time": 0.0, "Filter": "((keyword)::text = 'sequel'::text)", "Rows Removed by Filter": 0}, {"Node Type": "Bitmap Heap Scan", "Parent Relationship": "Inner", "Relation Name": "movie_keyword", "Alias": "mk", "Startup Cost": 4.51, "Total Cost": 132.58, "Plan Rows": 33, "Plan Width": 8, "Actual Startup Time": 0.0, "Actual Total Time": 0.0, "Recheck Cond": "(keyword_id = k.id)", "Rows Removed by Index Recheck": 0, "Exact Heap Blocks": 0, "Lossy Heap Blocks": 0, "Plans": [{"Node Type": "Bitmap Index Scan", "Parent Relationship": "Outer", "Index Name": "keyword_id_movie_keyword", "Startup Cost": 0.0, "Total Cost": 4.5, "Plan Rows": 33, "Plan Width": 0, "Actual Startup Time": 0.0, "Actual Total Time": 0.0, "Index Cond": "(keyword_id = k.id)"}]}]}, {"Node Type": "Bitmap Heap Scan", "Parent Relationship": "Inner", "Relation Name": "title", "Alias": "t", "Startup Cost": 0.27, "Total Cost": 4.28, "Plan Rows": 1, "Plan Width": 21, "Actual Startup Time": 0.0, "Actual Total Time": 0.0, "Recheck Cond": "(id = mk.movie_id)", "Rows Removed by Index Recheck": 0, "Filter": "(((title)::text ~~ '%Money%'::text) AND (production_year = 1998))", "Rows Removed by Filter": 0, "Exact Heap Blocks": 0, "Lossy Heap Blocks": 0, "Plans": [{"Node Type": "Bitmap Index Scan", "Parent Relationship": "Outer", "Index Name": "title_pkey", "Startup Cost": 0.0, "Total Cost": 0.27, "Plan Rows": 1, "Plan Width": 0, "Actual Startup Time": 0.0, "Actual Total Time": 0.0, "Index Cond": "(id = mk.movie_id)"}]}]}, {"Node Type": "Bitmap Heap Scan", "Parent Relationship": "Inner", "Relation Name": "movie_companies", "Alias": "mc", "Startup Cost": 0.27, "Total Cost": 4.3, "Plan Rows": 2, "Plan Width": 12, "Actual Startup Time": 0.0, "Actual Total Time": 0.0, "Recheck Cond": "(movie_id = mk.movie_id)", "Rows Removed by Index Recheck": 0, "Filter": "(note IS NULL)", "Rows Removed by Filter": 0, "Exact Heap Blocks": 0, "Lossy Heap Blocks": 0, "Plans": [{"Node Type": "Bitmap Index Scan", "Parent Relationship": "Outer", "Index Name": "movie_id_movie_companies", "Startup Cost": 0.0, "Total Cost": 0.27, "Plan Rows": 2, "Plan Width": 0, "Actual Startup Time": 0.0, "Actual Total Time": 0.0, "Index Cond": "(movie_id = mk.movie_id)"}]}]}, {"Node Type": "Bitmap Heap Scan", "Parent Relationship": "Inner", "Relation Name": "company_name", "Alias": "cn", "Startup Cost": 0.26, "Total Cost": 4.28, "Plan Rows": 1, "Plan Width": 23, "Actual Startup Time": 0.0, "Actual Total Time": 0.0, "Recheck Cond": "(id = mc.company_id)", "Rows Removed by Index Recheck": 0, "Filter": "(((country_code)::text <> '[pl]'::text) AND (((name)::text ~~ '%Film%'::text) OR ((name)::text ~~ '%Warner%'::text)))", "Rows Removed by Filter": 0, "Exact Heap Blocks": 0, "Lossy Heap Blocks": 0, "Plans": [{"Node Type": "Bitmap Index Scan", "Parent Relationship": "Outer", "Index Name": "company_name_pkey", "Startup Cost": 0.0, "Total Cost": 0.26, "Plan Rows": 1, "Plan Width": 0, "Actual Startup Time": 0.0, "Actual Total Time": 0.0, "Index Cond": "(id = mc.company_id)"}]}]}, {"Node Type": "Hash", "Parent Relationship": "Inner", "Startup Cost": 1.04, "Total Cost": 1.04, "Plan Rows": 1, "Plan Width": 4, "Actual Startup Time": 0.0, "Actual Total Time": 0.0, "Hash Buckets": 0, "Hash Batches": 0, "Original Hash Batches": 0, "Peak Memory Usage": 0, "Plans": [{"Node Type": "Seq Scan", "Parent Relationship": "Outer", "Relation Name": "company_type", "Alias": "ct", "Startup Cost": 0.0, "Total Cost": 1.04, "Plan Rows": 1, "Plan Width": 4, "Actual Startup Time": 0.0, "Actual Total Time": 0.0, "Filter": "((kind)::text = 'production companies'::text)", "Rows Removed by Filter": 0}]}]}, {"Node Type": "Bitmap Heap Scan", "Parent Relationship": "Inner", "Relation Name": "movie_link", "Alias": "ml", "Startup Cost": 0.29, "Total Cost": 4.35, "Plan Rows": 5, "Plan Width": 8, "Actual Startup Time": 0.0, "Actual Total Time": 0.0, "Recheck Cond": "(movie_id = mk.movie_id)", "Rows Removed by Index Recheck": 0, "Exact Heap Blocks": 0, "Lossy Heap Blocks": 0, "Plans": [{"Node Type": "Bitmap Index Scan", "Parent Relationship": "Outer", "Index Name": "movie_id_movie_link", "Startup Cost": 0.0, "Total Cost": 0.29, "Plan Rows": 5, "Plan Width": 0, "Actual Startup Time": 0.0, "Actual Total Time": 0.0, "Index Cond": "(movie_id = mk.movie_id)"}]}]}, {"Node Type": "Hash", "Parent Relationship": "Inner", "Startup Cost": 1.21, "Total Cost": 1.21, "Plan Rows": 1, "Plan Width": 16, "Actual Startup Time": 0.038, "Actual Total Time": 0.038, "Actual Rows": 0, "Actual Loops": 1, "Hash Buckets": 32768, "Hash Batches": 1, "Original Hash Batches": 1, "Peak Memory Usage": 0, "Plans": [{"Node Type": "Seq Scan", "Parent Relationship": "Outer", "Relation Name": "link_type", "Alias": "lt", "Startup Cost": 0.0, "Total Cost": 1.21, "Plan Rows": 1, "Plan Width": 16, "Actual Startup Time": 0.035, "Actual Total Time": 0.035, "Actual Rows": 0, "Actual Loops": 1, "Filter": "((link)::text ~~ '%follows%'::text)", "Rows Removed by Filter": 17}]}]}]}, "Triggers": [], "Planner Runtime": 54.514, "Total Runtime": 0.414, "Unique SQL Id": 4121279504}}, "(1, 103)": {"explain_plan": {"Plan": {"Node Type": "Aggregate", "Strategy": "Plain", "Startup Cost": 1000014795431.67, "Total Cost": 1000014795431.68, "Plan Rows": 1, "Plan Width": 144, "Plans": [{"Node Type": "Nested Loop", "Parent Relationship": "Outer", "Join Type": "Inner", "Startup Cost": 10000000001.97, "Total Cost": 1000014795431.66, "Plan Rows": 1, "Plan Width": 48, "Inner Unique": true, "Plans": [{"Node Type": "Nested Loop", "Parent Relationship": "Outer", "Join Type": "Inner", "Startup Cost": 10000000001.72, "Total Cost": 1000014795427.38, "Plan Rows": 1, "Plan Width": 52, "Inner Unique": true, "Plans": [{"Node Type": "Nested Loop", "Parent Relationship": "Outer", "Join Type": "Inner", "Startup Cost": 10000000001.46, "Total Cost": 1000014795418.82, "Plan Rows": 2, "Plan Width": 44, "Inner Unique": false, "Join Filter": "(t.id = ml.movie_id)", "Plans": [{"Node Type": "Nested Loop", "Parent Relationship": "Outer", "Join Type": "Inner", "Startup Cost": 10000000001.17, "Total Cost": 1000014795414.4, "Plan Rows": 1, "Plan Width": 52, "Inner Unique": true, "Plans": [{"Node Type": "Nested Loop", "Parent Relationship": "Outer", "Join Type": "Inner", "Startup Cost": 10000000000.91, "Total Cost": 1000014795328.75, "Plan Rows": 20, "Plan Width": 56, "Inner Unique": false, "Join Filter": "(t.id = mk.movie_id)", "Plans": [{"Node Type": "Nested Loop", "Parent Relationship": "Outer", "Join Type": "Inner", "Startup Cost": 10000000000.55, "Total Cost": 1000014795319.62, "Plan Rows": 2, "Plan Width": 48, "Inner Unique": true, "Plans": [{"Node Type": "Nested Loop", "Parent Relationship": "Outer", "Join Type": "Inner", "Startup Cost": 10000000000.29, "Total Cost": 1000014795293.88, "Plan Rows": 6, "Plan Width": 33, "Inner Unique": true, "Plans": [{"Node Type": "Index Scan", "Parent Relationship": "Outer", "Scan Direction": "Forward", "Index Name": "company_type_id_movie_companies", "Relation Name": "movie_companies", "Alias": "mc", "Startup Cost": 10000000000.0, "Total Cost": 1000009318217.0, "Plan Rows": 1269486, "Plan Width": 12, "Filter": "(note IS NULL), (LLVM Optimized)"}, {"Node Type": "Bitmap Heap Scan", "Parent Relationship": "Inner", "Relation Name": "title", "Alias": "t", "Startup Cost": 0.29, "Total Cost": 4.3, "Plan Rows": 1, "Plan Width": 21, "Recheck Cond": "(id = mc.movie_id)", "Filter": "(((title)::text ~~ '%Money%'::text) AND (production_year = 1998))", "Plans": [{"Node Type": "Bitmap Index Scan", "Parent Relationship": "Outer", "Index Name": "title_pkey", "Startup Cost": 0.0, "Total Cost": 0.29, "Plan Rows": 1, "Plan Width": 0, "Index Cond": "(id = mc.movie_id)"}]}]}, {"Node Type": "Bitmap Heap Scan", "Parent Relationship": "Inner", "Relation Name": "company_name", "Alias": "cn", "Startup Cost": 0.26, "Total Cost": 4.28, "Plan Rows": 1, "Plan Width": 23, "Recheck Cond": "(id = mc.company_id)", "Filter": "(((country_code)::text <> '[pl]'::text) AND (((name)::text ~~ '%Film%'::text) OR ((name)::text ~~ '%Warner%'::text)))", "Plans": [{"Node Type": "Bitmap Index Scan", "Parent Relationship": "Outer", "Index Name": "company_name_pkey", "Startup Cost": 0.0, "Total Cost": 0.26, "Plan Rows": 1, "Plan Width": 0, "Index Cond": "(id = mc.company_id)"}]}]}, {"Node Type": "Bitmap Heap Scan", "Parent Relationship": "Inner", "Relation Name": "movie_keyword", "Alias": "mk", "Startup Cost": 0.37, "Total Cost": 4.47, "Plan Rows": 8, "Plan Width": 8, "Recheck Cond": "(movie_id = mc.movie_id)", "Plans": [{"Node Type": "Bitmap Index Scan", "Parent Relationship": "Outer", "Index Name": "movie_id_movie_keyword", "Startup Cost": 0.0, "Total Cost": 0.36, "Plan Rows": 8, "Plan Width": 0, "Index Cond": "(movie_id = mc.movie_id)"}]}]}, {"Node Type": "Bitmap Heap Scan", "Parent Relationship": "Inner", "Relation Name": "keyword", "Alias": "k", "Startup Cost": 0.26, "Total Cost": 4.27, "Plan Rows": 1, "Plan Width": 4, "Recheck Cond": "(id = mk.keyword_id)", "Filter": "((keyword)::text = 'sequel'::text)", "Plans": [{"Node Type": "Bitmap Index Scan", "Parent Relationship": "Outer", "Index Name": "keyword_pkey", "Startup Cost": 0.0, "Total Cost": 0.26, "Plan Rows": 1, "Plan Width": 0, "Index Cond": "(id = mk.keyword_id)"}]}]}, {"Node Type": "Bitmap Heap Scan", "Parent Relationship": "Inner", "Relation Name": "movie_link", "Alias": "ml", "Startup Cost": 0.29, "Total Cost": 4.35, "Plan Rows": 5, "Plan Width": 8, "Recheck Cond": "(movie_id = mk.movie_id)", "Plans": [{"Node Type": "Bitmap Index Scan", "Parent Relationship": "Outer", "Index Name": "movie_id_movie_link", "Startup Cost": 0.0, "Total Cost": 0.29, "Plan Rows": 5, "Plan Width": 0, "Index Cond": "(movie_id = mk.movie_id)"}]}]}, {"Node Type": "Bitmap Heap Scan", "Parent Relationship": "Inner", "Relation Name": "link_type", "Alias": "lt", "Startup Cost": 0.26, "Total Cost": 4.27, "Plan Rows": 1, "Plan Width": 16, "Recheck Cond": "(id = ml.link_type_id)", "Filter": "((link)::text ~~ '%follows%'::text)", "Plans": [{"Node Type": "Bitmap Index Scan", "Parent Relationship": "Outer", "Index Name": "link_type_pkey", "Startup Cost": 0.0, "Total Cost": 0.26, "Plan Rows": 1, "Plan Width": 0, "Index Cond": "(id = ml.link_type_id)"}]}]}, {"Node Type": "Bitmap Heap Scan", "Parent Relationship": "Inner", "Relation Name": "company_type", "Alias": "ct", "Startup Cost": 0.26, "Total Cost": 4.27, "Plan Rows": 1, "Plan Width": 4, "Recheck Cond": "(id = mc.company_type_id)", "Filter": "((kind)::text = 'production companies'::text)", "Plans": [{"Node Type": "Bitmap Index Scan", "Parent Relationship": "Outer", "Index Name": "company_type_pkey", "Startup Cost": 0.0, "Total Cost": 0.26, "Plan Rows": 1, "Plan Width": 0, "Index Cond": "(id = mc.company_type_id)"}]}]}]}, "Unique SQL Id": 4121279504}, "explain_analyze_plan": null}, "(1, 104)": {"explain_plan": {"Plan": {"Node Type": "Aggregate", "Strategy": "Plain", "Startup Cost": 2585.63, "Total Cost": 2585.64, "Plan Rows": 1, "Plan Width": 144, "Plans": [{"Node Type": "Nested Loop", "Parent Relationship": "Outer", "Join Type": "Inner", "Startup Cost": 0.0, "Total Cost": 2585.62, "Plan Rows": 1, "Plan Width": 48, "Inner Unique": true, "Plans": [{"Node Type": "Nested Loop", "Parent Relationship": "Outer", "Join Type": "Inner", "Startup Cost": 0.0, "Total Cost": 2585.34, "Plan Rows": 1, "Plan Width": 40, "Inner Unique": false, "Join Filter": "(t.id = ml.movie_id)", "Plans": [{"Node Type": "Nested Loop", "Parent Relationship": "Outer", "Join Type": "Inner", "Startup Cost": 0.0, "Total Cost": 2584.93, "Plan Rows": 1, "Plan Width": 48, "Inner Unique": true, "Plans": [{"Node Type": "Nested Loop", "Parent Relationship": "Outer", "Join Type": "Inner", "Startup Cost": 0.0, "Total Cost": 2584.64, "Plan Rows": 1, "Plan Width": 52, "Inner Unique": true, "Plans": [{"Node Type": "Nested Loop", "Parent Relationship": "Outer", "Join Type": "Inner", "Startup Cost": 0.0, "Total Cost": 2584.35, "Plan Rows": 1, "Plan Width": 37, "Inner Unique": false, "Join Filter": "(t.id = mc.movie_id)", "Plans": [{"Node Type": "Nested Loop", "Parent Relationship": "Outer", "Join Type": "Inner", "Startup Cost": 0.0, "Total Cost": 2584.01, "Plan Rows": 1, "Plan Width": 25, "Inner Unique": true, "Plans": [{"Node Type": "Nested Loop", "Parent Relationship": "Outer", "Join Type": "Inner", "Startup Cost": 0.0, "Total Cost": 2573.32, "Plan Rows": 33, "Plan Width": 4, "Inner Unique": false, "Plans": [{"Node Type": "Seq Scan", "Parent Relationship": "Outer", "Relation Name": "keyword", "Alias": "k", "Startup Cost": 0.0, "Total Cost": 2436.11, "Plan Rows": 1, "Plan Width": 4, "Filter": "((keyword)::text = 'sequel'::text)"}, {"Node Type": "Index Scan", "Parent Relationship": "Inner", "Scan Direction": "Forward", "Index Name": "keyword_id_movie_keyword", "Relation Name": "movie_keyword", "Alias": "mk", "Startup Cost": 0.0, "Total Cost": 136.88, "Plan Rows": 33, "Plan Width": 8, "Index Cond": "(keyword_id = k.id)"}]}, {"Node Type": "Index Scan", "Parent Relationship": "Inner", "Scan Direction": "Forward", "Index Name": "title_pkey", "Relation Name": "title", "Alias": "t", "Startup Cost": 0.0, "Total Cost": 0.31, "Plan Rows": 1, "Plan Width": 21, "Index Cond": "(id = mk.movie_id)", "Filter": "(((title)::text ~~ '%Money%'::text) AND (production_year = 1998))"}]}, {"Node Type": "Index Scan", "Parent Relationship": "Inner", "Scan Direction": "Forward", "Index Name": "movie_id_movie_companies", "Relation Name": "movie_companies", "Alias": "mc", "Startup Cost": 0.0, "Total Cost": 0.31, "Plan Rows": 2, "Plan Width": 12, "Index Cond": "(movie_id = mk.movie_id)", "Filter": "(note IS NULL)"}]}, {"Node Type": "Index Scan", "Parent Relationship": "Inner", "Scan Direction": "Forward", "Index Name": "company_name_pkey", "Relation Name": "company_name", "Alias": "cn", "Startup Cost": 0.0, "Total Cost": 0.29, "Plan Rows": 1, "Plan Width": 23, "Index Cond": "(id = mc.company_id)", "Filter": "(((country_code)::text <> '[pl]'::text) AND (((name)::text ~~ '%Film%'::text) OR ((name)::text ~~ '%Warner%'::text)))"}]}, {"Node Type": "Index Scan", "Parent Relationship": "Inner", "Scan Direction": "Forward", "Index Name": "company_type_pkey", "Relation Name": "company_type", "Alias": "ct", "Startup Cost": 0.0, "Total Cost": 0.27, "Plan Rows": 1, "Plan Width": 4, "Index Cond": "(id = mc.company_type_id)", "Filter": "((kind)::text = 'production companies'::text)"}]}, {"Node Type": "Index Scan", "Parent Relationship": "Inner", "Scan Direction": "Forward", "Index Name": "movie_id_movie_link", "Relation Name": "movie_link", "Alias": "ml", "Startup Cost": 0.0, "Total Cost": 0.35, "Plan Rows": 5, "Plan Width": 8, "Index Cond": "(movie_id = mk.movie_id)"}]}, {"Node Type": "Index Scan", "Parent Relationship": "Inner", "Scan Direction": "Forward", "Index Name": "link_type_pkey", "Relation Name": "link_type", "Alias": "lt", "Startup Cost": 0.0, "Total Cost": 0.27, "Plan Rows": 1, "Plan Width": 16, "Index Cond": "(id = ml.link_type_id)", "Filter": "((link)::text ~~ '%follows%'::text)"}]}]}, "Unique SQL Id": 4121279504}, "explain_analyze_plan": {"Plan": {"Node Type": "Aggregate", "Strategy": "Plain", "Startup Cost": 2585.63, "Total Cost": 2585.64, "Plan Rows": 1, "Plan Width": 144, "Actual Startup Time": 103.23, "Actual Total Time": 103.23, "Actual Rows": 1, "Actual Loops": 1, "Plans": [{"Node Type": "Nested Loop", "Parent Relationship": "Outer", "Join Type": "Inner", "Startup Cost": 0.0, "Total Cost": 2585.62, "Plan Rows": 1, "Plan Width": 48, "Actual Startup Time": 103.221, "Actual Total Time": 103.221, "Actual Rows": 0, "Actual Loops": 1, "Inner Unique": true, "Plans": [{"Node Type": "Nested Loop", "Parent Relationship": "Outer", "Join Type": "Inner", "Startup Cost": 0.0, "Total Cost": 2585.34, "Plan Rows": 1, "Plan Width": 40, "Actual Startup Time": 2.61, "Actual Total Time": 103.138, "Actual Rows": 38, "Actual Loops": 1, "Inner Unique": false, "Join Filter": "(t.id = ml.movie_id)", "Rows Removed by Join Filter": 0, "Plans": [{"Node Type": "Nested Loop", "Parent Relationship": "Outer", "Join Type": "Inner", "Startup Cost": 0.0, "Total Cost": 2584.93, "Plan Rows": 1, "Plan Width": 48, "Actual Startup Time": 2.599, "Actual Total Time": 103.092, "Actual Rows": 2, "Actual Loops": 1, "Inner Unique": true, "Plans": [{"Node Type": "Nested Loop", "Parent Relationship": "Outer", "Join Type": "Inner", "Startup Cost": 0.0, "Total Cost": 2584.64, "Plan Rows": 1, "Plan Width": 52, "Actual Startup Time": 2.592, "Actual Total Time": 103.081, "Actual Rows": 2, "Actual Loops": 1, "Inner Unique": true, "Plans": [{"Node Type": "Nested Loop", "Parent Relationship": "Outer", "Join Type": "Inner", "Startup Cost": 0.0, "Total Cost": 2584.35, "Plan Rows": 1, "Plan Width": 37, "Actual Startup Time": 2.578, "Actual Total Time": 103.051, "Actual Rows": 3, "Actual Loops": 1, "Inner Unique": false, "Join Filter": "(t.id = mc.movie_id)", "Rows Removed by Join Filter": 0, "Plans": [{"Node Type": "Nested Loop", "Parent Relationship": "Outer", "Join Type": "Inner", "Startup Cost": 0.0, "Total Cost": 2584.01, "Plan Rows": 1, "Plan Width": 25, "Actual Startup Time": 2.565, "Actual Total Time": 103.035, "Actual Rows": 1, "Actual Loops": 1, "Inner Unique": true, "Plans": [{"Node Type": "Nested Loop", "Parent Relationship": "Outer", "Join Type": "Inner", "Startup Cost": 0.0, "Total Cost": 2573.32, "Plan Rows": 33, "Plan Width": 4, "Actual Startup Time": 2.328, "Actual Total Time": 53.899, "Actual Rows": 10544, "Actual Loops": 1, "Inner Unique": false, "Plans": [{"Node Type": "Seq Scan", "Parent Relationship": "Outer", "Relation Name": "keyword", "Alias": "k", "Startup Cost": 0.0, "Total Cost": 2436.11, "Plan Rows": 1, "Plan Width": 4, "Actual Startup Time": 2.291, "Actual Total Time": 40.813, "Actual Rows": 1, "Actual Loops": 1, "Filter": "((keyword)::text = 'sequel'::text)", "Rows Removed by Filter": 134168}, {"Node Type": "Index Scan", "Parent Relationship": "Inner", "Scan Direction": "Forward", "Index Name": "keyword_id_movie_keyword", "Relation Name": "movie_keyword", "Alias": "mk", "Startup Cost": 0.0, "Total Cost": 136.88, "Plan Rows": 33, "Plan Width": 8, "Actual Startup Time": 0.031, "Actual Total Time": 10.818, "Actual Rows": 10544, "Actual Loops": 1, "Index Cond": "(keyword_id = k.id)", "Rows Removed by Index Recheck": 0}]}, {"Node Type": "Index Scan", "Parent Relationship": "Inner", "Scan Direction": "Forward", "Index Name": "title_pkey", "Relation Name": "title", "Alias": "t", "Startup Cost": 0.0, "Total Cost": 0.31, "Plan Rows": 1, "Plan Width": 21, "Actual Startup Time": 43.968, "Actual Total Time": 43.968, "Actual Rows": 1, "Actual Loops": 10544, "Index Cond": "(id = mk.movie_id)", "Rows Removed by Index Recheck": 0, "Filter": "(((title)::text ~~ '%Money%'::text) AND (production_year = 1998))", "Rows Removed by Filter": 10543}]}, {"Node Type": "Index Scan", "Parent Relationship": "Inner", "Scan Direction": "Forward", "Index Name": "movie_id_movie_companies", "Relation Name": "movie_companies", "Alias": "mc", "Startup Cost": 0.0, "Total Cost": 0.31, "Plan Rows": 2, "Plan Width": 12, "Actual Startup Time": 0.01, "Actual Total Time": 0.013, "Actual Rows": 3, "Actual Loops": 1, "Index Cond": "(movie_id = mk.movie_id)", "Rows Removed by Index Recheck": 0, "Filter": "(note IS NULL)", "Rows Removed by Filter": 1}]}, {"Node Type": "Index Scan", "Parent Relationship": "Inner", "Scan Direction": "Forward", "Index Name": "company_name_pkey", "Relation Name": "company_name", "Alias": "cn", "Startup Cost": 0.0, "Total Cost": 0.29, "Plan Rows": 1, "Plan Width": 23, "Actual Startup Time": 0.025, "Actual Total Time": 0.025, "Actual Rows": 2, "Actual Loops": 3, "Index Cond": "(id = mc.company_id)", "Rows Removed by Index Recheck": 0, "Filter": "(((country_code)::text <> '[pl]'::text) AND (((name)::text ~~ '%Film%'::text) OR ((name)::text ~~ '%Warner%'::text)))", "Rows Removed by Filter": 1}]}, {"Node Type": "Index Scan", "Parent Relationship": "Inner", "Scan Direction": "Forward", "Index Name": "company_type_pkey", "Relation Name": "company_type", "Alias": "ct", "Startup Cost": 0.0, "Total Cost": 0.27, "Plan Rows": 1, "Plan Width": 4, "Actual Startup Time": 0.007, "Actual Total Time": 0.007, "Actual Rows": 2, "Actual Loops": 2, "Index Cond": "(id = mc.company_type_id)", "Rows Removed by Index Recheck": 0, "Filter": "((kind)::text = 'production companies'::text)", "Rows Removed by Filter": 0}]}, {"Node Type": "Index Scan", "Parent Relationship": "Inner", "Scan Direction": "Forward", "Index Name": "movie_id_movie_link", "Relation Name": "movie_link", "Alias": "ml", "Startup Cost": 0.0, "Total Cost": 0.35, "Plan Rows": 5, "Plan Width": 8, "Actual Startup Time": 0.012, "Actual Total Time": 0.024, "Actual Rows": 38, "Actual Loops": 2, "Index Cond": "(movie_id = mk.movie_id)", "Rows Removed by Index Recheck": 0}]}, {"Node Type": "Index Scan", "Parent Relationship": "Inner", "Scan Direction": "Forward", "Index Name": "link_type_pkey", "Relation Name": "link_type", "Alias": "lt", "Startup Cost": 0.0, "Total Cost": 0.27, "Plan Rows": 1, "Plan Width": 16, "Actual Startup Time": 0.064, "Actual Total Time": 0.064, "Actual Rows": 0, "Actual Loops": 38, "Index Cond": "(id = ml.link_type_id)", "Rows Removed by Index Recheck": 0, "Filter": "((link)::text ~~ '%follows%'::text)", "Rows Removed by Filter": 24}]}]}, "Triggers": [], "Planner Runtime": 62.455, "Total Runtime": 103.577, "Unique SQL Id": 4121279504}}, "(1, 105)": {"explain_plan": {"Plan": {"Node Type": "Aggregate", "Strategy": "Plain", "Startup Cost": 3332.23, "Total Cost": 3332.24, "Plan Rows": 1, "Plan Width": 144, "Plans": [{"Node Type": "Nested Loop", "Parent Relationship": "Outer", "Join Type": "Inner", "Startup Cost": 0.0, "Total Cost": 3332.23, "Plan Rows": 1, "Plan Width": 48, "Inner Unique": true, "Plans": [{"Node Type": "Nested Loop", "Parent Relationship": "Outer", "Join Type": "Inner", "Startup Cost": 0.0, "Total Cost": 3331.94, "Plan Rows": 1, "Plan Width": 40, "Inner Unique": false, "Join Filter": "(t.id = ml.movie_id)", "Plans": [{"Node Type": "Nested Loop", "Parent Relationship": "Outer", "Join Type": "Inner", "Startup Cost": 0.0, "Total Cost": 3331.53, "Plan Rows": 1, "Plan Width": 48, "Inner Unique": true, "Plans": [{"Node Type": "Nested Loop", "Parent Relationship": "Outer", "Join Type": "Inner", "Startup Cost": 0.0, "Total Cost": 3331.25, "Plan Rows": 1, "Plan Width": 52, "Inner Unique": true, "Plans": [{"Node Type": "Nested Loop", "Parent Relationship": "Outer", "Join Type": "Inner", "Startup Cost": 0.0, "Total Cost": 3330.95, "Plan Rows": 1, "Plan Width": 37, "Inner Unique": false, "Join Filter": "(t.id = mc.movie_id)", "Plans": [{"Node Type": "Nested Loop", "Parent Relationship": "Outer", "Join Type": "Inner", "Startup Cost": 0.0, "Total Cost": 3330.61, "Plan Rows": 1, "Plan Width": 25, "Inner Unique": true, "Plans": [{"Node Type": "Nested Loop", "Parent Relationship": "Outer", "Join Type": "Inner", "Startup Cost": 0.0, "Total Cost": 3319.92, "Plan Rows": 33, "Plan Width": 4, "Inner Unique": false, "Plans": [{"Node Type": "Index Scan", "Parent Relationship": "Outer", "Scan Direction": "Forward", "Index Name": "keyword_pkey", "Relation Name": "keyword", "Alias": "k", "Startup Cost": 0.0, "Total Cost": 3182.72, "Plan Rows": 1, "Plan Width": 4, "Filter": "((keyword)::text = 'sequel'::text)"}, {"Node Type": "Index Scan", "Parent Relationship": "Inner", "Scan Direction": "Forward", "Index Name": "keyword_id_movie_keyword", "Relation Name": "movie_keyword", "Alias": "mk", "Startup Cost": 0.0, "Total Cost": 136.88, "Plan Rows": 33, "Plan Width": 8, "Index Cond": "(keyword_id = k.id)"}]}, {"Node Type": "Index Scan", "Parent Relationship": "Inner", "Scan Direction": "Forward", "Index Name": "title_pkey", "Relation Name": "title", "Alias": "t", "Startup Cost": 0.0, "Total Cost": 0.31, "Plan Rows": 1, "Plan Width": 21, "Index Cond": "(id = mk.movie_id)", "Filter": "(((title)::text ~~ '%Money%'::text) AND (production_year = 1998))"}]}, {"Node Type": "Index Scan", "Parent Relationship": "Inner", "Scan Direction": "Forward", "Index Name": "movie_id_movie_companies", "Relation Name": "movie_companies", "Alias": "mc", "Startup Cost": 0.0, "Total Cost": 0.31, "Plan Rows": 2, "Plan Width": 12, "Index Cond": "(movie_id = mk.movie_id)", "Filter": "(note IS NULL)"}]}, {"Node Type": "Index Scan", "Parent Relationship": "Inner", "Scan Direction": "Forward", "Index Name": "company_name_pkey", "Relation Name": "company_name", "Alias": "cn", "Startup Cost": 0.0, "Total Cost": 0.29, "Plan Rows": 1, "Plan Width": 23, "Index Cond": "(id = mc.company_id)", "Filter": "(((country_code)::text <> '[pl]'::text) AND (((name)::text ~~ '%Film%'::text) OR ((name)::text ~~ '%Warner%'::text)))"}]}, {"Node Type": "Index Scan", "Parent Relationship": "Inner", "Scan Direction": "Forward", "Index Name": "company_type_pkey", "Relation Name": "company_type", "Alias": "ct", "Startup Cost": 0.0, "Total Cost": 0.27, "Plan Rows": 1, "Plan Width": 4, "Index Cond": "(id = mc.company_type_id)", "Filter": "((kind)::text = 'production companies'::text)"}]}, {"Node Type": "Index Scan", "Parent Relationship": "Inner", "Scan Direction": "Forward", "Index Name": "movie_id_movie_link", "Relation Name": "movie_link", "Alias": "ml", "Startup Cost": 0.0, "Total Cost": 0.35, "Plan Rows": 5, "Plan Width": 8, "Index Cond": "(movie_id = mk.movie_id)"}]}, {"Node Type": "Index Scan", "Parent Relationship": "Inner", "Scan Direction": "Forward", "Index Name": "link_type_pkey", "Relation Name": "link_type", "Alias": "lt", "Startup Cost": 0.0, "Total Cost": 0.27, "Plan Rows": 1, "Plan Width": 16, "Index Cond": "(id = ml.link_type_id)", "Filter": "((link)::text ~~ '%follows%'::text)"}]}]}, "Unique SQL Id": 4121279504}, "explain_analyze_plan": {"Plan": {"Node Type": "Aggregate", "Strategy": "Plain", "Startup Cost": 3332.23, "Total Cost": 3332.24, "Plan Rows": 1, "Plan Width": 144, "Actual Startup Time": 176.653, "Actual Total Time": 176.654, "Actual Rows": 1, "Actual Loops": 1, "Plans": [{"Node Type": "Nested Loop", "Parent Relationship": "Outer", "Join Type": "Inner", "Startup Cost": 0.0, "Total Cost": 3332.23, "Plan Rows": 1, "Plan Width": 48, "Actual Startup Time": 176.642, "Actual Total Time": 176.642, "Actual Rows": 0, "Actual Loops": 1, "Inner Unique": true, "Plans": [{"Node Type": "Nested Loop", "Parent Relationship": "Outer", "Join Type": "Inner", "Startup Cost": 0.0, "Total Cost": 3331.94, "Plan Rows": 1, "Plan Width": 40, "Actual Startup Time": 0.743, "Actual Total Time": 176.562, "Actual Rows": 38, "Actual Loops": 1, "Inner Unique": false, "Join Filter": "(t.id = ml.movie_id)", "Rows Removed by Join Filter": 0, "Plans": [{"Node Type": "Nested Loop", "Parent Relationship": "Outer", "Join Type": "Inner", "Startup Cost": 0.0, "Total Cost": 3331.53, "Plan Rows": 1, "Plan Width": 48, "Actual Startup Time": 0.732, "Actual Total Time": 176.514, "Actual Rows": 2, "Actual Loops": 1, "Inner Unique": true, "Plans": [{"Node Type": "Nested Loop", "Parent Relationship": "Outer", "Join Type": "Inner", "Startup Cost": 0.0, "Total Cost": 3331.25, "Plan Rows": 1, "Plan Width": 52, "Actual Startup Time": 0.727, "Actual Total Time": 176.504, "Actual Rows": 2, "Actual Loops": 1, "Inner Unique": true, "Plans": [{"Node Type": "Nested Loop", "Parent Relationship": "Outer", "Join Type": "Inner", "Startup Cost": 0.0, "Total Cost": 3330.95, "Plan Rows": 1, "Plan Width": 37, "Actual Startup Time": 0.713, "Actual Total Time": 176.476, "Actual Rows": 3, "Actual Loops": 1, "Inner Unique": false, "Join Filter": "(t.id = mc.movie_id)", "Rows Removed by Join Filter": 0, "Plans": [{"Node Type": "Nested Loop", "Parent Relationship": "Outer", "Join Type": "Inner", "Startup Cost": 0.0, "Total Cost": 3330.61, "Plan Rows": 1, "Plan Width": 25, "Actual Startup Time": 0.696, "Actual Total Time": 176.455, "Actual Rows": 1, "Actual Loops": 1, "Inner Unique": true, "Plans": [{"Node Type": "Nested Loop", "Parent Relationship": "Outer", "Join Type": "Inner", "Startup Cost": 0.0, "Total Cost": 3319.92, "Plan Rows": 33, "Plan Width": 4, "Actual Startup Time": 0.47, "Actual Total Time": 126.57, "Actual Rows": 10544, "Actual Loops": 1, "Inner Unique": false, "Plans": [{"Node Type": "Index Scan", "Parent Relationship": "Outer", "Scan Direction": "Forward", "Index Name": "keyword_pkey", "Relation Name": "keyword", "Alias": "k", "Startup Cost": 0.0, "Total Cost": 3182.72, "Plan Rows": 1, "Plan Width": 4, "Actual Startup Time": 0.438, "Actual Total Time": 113.411, "Actual Rows": 1, "Actual Loops": 1, "Filter": "((keyword)::text = 'sequel'::text)", "Rows Removed by Filter": 134168}, {"Node Type": "Index Scan", "Parent Relationship": "Inner", "Scan Direction": "Forward", "Index Name": "keyword_id_movie_keyword", "Relation Name": "movie_keyword", "Alias": "mk", "Startup Cost": 0.0, "Total Cost": 136.88, "Plan Rows": 33, "Plan Width": 8, "Actual Startup Time": 0.027, "Actual Total Time": 10.895, "Actual Rows": 10544, "Actual Loops": 1, "Index Cond": "(keyword_id = k.id)", "Rows Removed by Index Recheck": 0}]}, {"Node Type": "Index Scan", "Parent Relationship": "Inner", "Scan Direction": "Forward", "Index Name": "title_pkey", "Relation Name": "title", "Alias": "t", "Startup Cost": 0.0, "Total Cost": 0.31, "Plan Rows": 1, "Plan Width": 21, "Actual Startup Time": 44.568, "Actual Total Time": 44.568, "Actual Rows": 1, "Actual Loops": 10544, "Index Cond": "(id = mk.movie_id)", "Rows Removed by Index Recheck": 0, "Filter": "(((title)::text ~~ '%Money%'::text) AND (production_year = 1998))", "Rows Removed by Filter": 10543}]}, {"Node Type": "Index Scan", "Parent Relationship": "Inner", "Scan Direction": "Forward", "Index Name": "movie_id_movie_companies", "Relation Name": "movie_companies", "Alias": "mc", "Startup Cost": 0.0, "Total Cost": 0.31, "Plan Rows": 2, "Plan Width": 12, "Actual Startup Time": 0.011, "Actual Total Time": 0.013, "Actual Rows": 3, "Actual Loops": 1, "Index Cond": "(movie_id = mk.movie_id)", "Rows Removed by Index Recheck": 0, "Filter": "(note IS NULL)", "Rows Removed by Filter": 1}]}, {"Node Type": "Index Scan", "Parent Relationship": "Inner", "Scan Direction": "Forward", "Index Name": "company_name_pkey", "Relation Name": "company_name", "Alias": "cn", "Startup Cost": 0.0, "Total Cost": 0.29, "Plan Rows": 1, "Plan Width": 23, "Actual Startup Time": 0.022, "Actual Total Time": 0.022, "Actual Rows": 2, "Actual Loops": 3, "Index Cond": "(id = mc.company_id)", "Rows Removed by Index Recheck": 0, "Filter": "(((country_code)::text <> '[pl]'::text) AND (((name)::text ~~ '%Film%'::text) OR ((name)::text ~~ '%Warner%'::text)))", "Rows Removed by Filter": 1}]}, {"Node Type": "Index Scan", "Parent Relationship": "Inner", "Scan Direction": "Forward", "Index Name": "company_type_pkey", "Relation Name": "company_type", "Alias": "ct", "Startup Cost": 0.0, "Total Cost": 0.27, "Plan Rows": 1, "Plan Width": 4, "Actual Startup Time": 0.006, "Actual Total Time": 0.006, "Actual Rows": 2, "Actual Loops": 2, "Index Cond": "(id = mc.company_type_id)", "Rows Removed by Index Recheck": 0, "Filter": "((kind)::text = 'production companies'::text)", "Rows Removed by Filter": 0}]}, {"Node Type": "Index Scan", "Parent Relationship": "Inner", "Scan Direction": "Forward", "Index Name": "movie_id_movie_link", "Relation Name": "movie_link", "Alias": "ml", "Startup Cost": 0.0, "Total Cost": 0.35, "Plan Rows": 5, "Plan Width": 8, "Actual Startup Time": 0.011, "Actual Total Time": 0.025, "Actual Rows": 38, "Actual Loops": 2, "Index Cond": "(movie_id = mk.movie_id)", "Rows Removed by Index Recheck": 0}]}, {"Node Type": "Index Scan", "Parent Relationship": "Inner", "Scan Direction": "Forward", "Index Name": "link_type_pkey", "Relation Name": "link_type", "Alias": "lt", "Startup Cost": 0.0, "Total Cost": 0.27, "Plan Rows": 1, "Plan Width": 16, "Actual Startup Time": 0.063, "Actual Total Time": 0.063, "Actual Rows": 0, "Actual Loops": 38, "Index Cond": "(id = ml.link_type_id)", "Rows Removed by Index Recheck": 0, "Filter": "((link)::text ~~ '%follows%'::text)", "Rows Removed by Filter": 24}]}]}, "Triggers": [], "Planner Runtime": 56.535, "Total Runtime": 177.003, "Unique SQL Id": 4121279504}}, "(1, 106)": {"explain_plan": {"Plan": {"Node Type": "Aggregate", "Strategy": "Plain", "Startup Cost": 202298.61, "Total Cost": 202298.62, "Plan Rows": 1, "Plan Width": 144, "Plans": [{"Node Type": "Hash Join", "Parent Relationship": "Outer", "Join Type": "Inner", "Startup Cost": 128518.72, "Total Cost": 202298.6, "Plan Rows": 1, "Plan Width": 48, "Inner Unique": true, "Hash Cond": "(mc.company_type_id = ct.id)", "Plans": [{"Node Type": "Hash Join", "Parent Relationship": "Outer", "Join Type": "Inner", "Startup Cost": 128517.67, "Total Cost": 202297.54, "Plan Rows": 1, "Plan Width": 52, "Inner Unique": false, "Hash Cond": "(t.id = ml.movie_id)", "Plans": [{"Node Type": "Hash Join", "Parent Relationship": "Outer", "Join Type": "Inner", "Startup Cost": 127968.12, "Total Cost": 201747.93, "Plan Rows": 1, "Plan Width": 52, "Inner Unique": false, "Hash Cond": "(mk.movie_id = t.id)", "Plans": [{"Node Type": "Hash Join", "Parent Relationship": "Outer", "Join Type": "Inner", "Startup Cost": 2436.12, "Total Cost": 76215.84, "Plan Rows": 33, "Plan Width": 4, "Inner Unique": true, "Hash Cond": "(mk.keyword_id = k.id)", "Plans": [{"Node Type": "Seq Scan", "Parent Relationship": "Outer", "Relation Name": "movie_keyword", "Alias": "mk", "Startup Cost": 0.0, "Total Cost": 62441.29, "Plan Rows": 4523929, "Plan Width": 8}, {"Node Type": "Hash", "Parent Relationship": "Inner", "Startup Cost": 2436.11, "Total Cost": 2436.11, "Plan Rows": 1, "Plan Width": 4, "Plans": [{"Node Type": "Seq Scan", "Parent Relationship": "Outer", "Relation Name": "keyword", "Alias": "k", "Startup Cost": 0.0, "Total Cost": 2436.11, "Plan Rows": 1, "Plan Width": 4, "Filter": "((keyword)::text = 'sequel'::text)"}]}]}, {"Node Type": "Hash", "Parent Relationship": "Inner", "Startup Cost": 125531.97, "Total Cost": 125531.97, "Plan Rows": 2, "Plan Width": 48, "Plans": [{"Node Type": "Hash Join", "Parent Relationship": "Outer", "Join Type": "Inner", "Startup Cost": 80509.13, "Total Cost": 125531.97, "Plan Rows": 2, "Plan Width": 48, "Inner Unique": true, "Hash Cond": "(mc.company_id = cn.id)", "Plans": [{"Node Type": "Hash Join", "Parent Relationship": "Outer", "Join Type": "Inner", "Startup Cost": 72710.72, "Total Cost": 117733.51, "Plan Rows": 6, "Plan Width": 33, "Inner Unique": true, "Hash Cond": "(mc.movie_id = t.id)", "Plans": [{"Node Type": "Seq Scan", "Parent Relationship": "Outer", "Relation Name": "movie_companies", "Alias": "mc", "Startup Cost": 0.0, "Total Cost": 41817.28, "Plan Rows": 1269486, "Plan Width": 12, "Filter": "(note IS NULL), (LLVM Optimized)"}, {"Node Type": "Hash", "Parent Relationship": "Inner", "Startup Cost": 72710.67, "Total Cost": 72710.67, "Plan Rows": 4, "Plan Width": 21, "Plans": [{"Node Type": "Seq Scan", "Parent Relationship": "Outer", "Relation Name": "title", "Alias": "t", "Startup Cost": 0.0, "Total Cost": 72710.67, "Plan Rows": 4, "Plan Width": 21, "Filter": "(((title)::text ~~ '%Money%'::text) AND (production_year = 1998))"}]}]}, {"Node Type": "Hash", "Parent Relationship": "Inner", "Startup Cost": 7078.43, "Total Cost": 7078.43, "Plan Rows": 57599, "Plan Width": 23, "Plans": [{"Node Type": "Seq Scan", "Parent Relationship": "Outer", "Relation Name": "company_name", "Alias": "cn", "Startup Cost": 0.0, "Total Cost": 7078.43, "Plan Rows": 57599, "Plan Width": 23, "Filter": "(((country_code)::text <> '[pl]'::text) AND (((name)::text ~~ '%Film%'::text) OR ((name)::text ~~ '%Warner%'::text)))"}]}]}]}]}, {"Node Type": "Hash", "Parent Relationship": "Inner", "Startup Cost": 526.11, "Total Cost": 526.11, "Plan Rows": 1875, "Plan Width": 16, "Plans": [{"Node Type": "Hash Join", "Parent Relationship": "Outer", "Join Type": "Inner", "Startup Cost": 1.22, "Total Cost": 526.11, "Plan Rows": 1875, "Plan Width": 16, "Inner Unique": true, "Hash Cond": "(ml.link_type_id = lt.id)", "Plans": [{"Node Type": "Seq Scan", "Parent Relationship": "Outer", "Relation Name": "movie_link", "Alias": "ml", "Startup Cost": 0.0, "Total Cost": 430.96, "Plan Rows": 29996, "Plan Width": 8}, {"Node Type": "Hash", "Parent Relationship": "Inner", "Startup Cost": 1.21, "Total Cost": 1.21, "Plan Rows": 1, "Plan Width": 16, "Plans": [{"Node Type": "Seq Scan", "Parent Relationship": "Outer", "Relation Name": "link_type", "Alias": "lt", "Startup Cost": 0.0, "Total Cost": 1.21, "Plan Rows": 1, "Plan Width": 16, "Filter": "((link)::text ~~ '%follows%'::text)"}]}]}]}]}, {"Node Type": "Hash", "Parent Relationship": "Inner", "Startup Cost": 1.04, "Total Cost": 1.04, "Plan Rows": 1, "Plan Width": 4, "Plans": [{"Node Type": "Seq Scan", "Parent Relationship": "Outer", "Relation Name": "company_type", "Alias": "ct", "Startup Cost": 0.0, "Total Cost": 1.04, "Plan Rows": 1, "Plan Width": 4, "Filter": "((kind)::text = 'production companies'::text)"}]}]}]}, "Unique SQL Id": 4121279504}, "explain_analyze_plan": {"Plan": {"Node Type": "Aggregate", "Strategy": "Plain", "Startup Cost": 202298.61, "Total Cost": 202298.62, "Plan Rows": 1, "Plan Width": 144, "Actual Startup Time": 0.234, "Actual Total Time": 0.235, "Actual Rows": 1, "Actual Loops": 1, "Plans": [{"Node Type": "Hash Join", "Parent Relationship": "Outer", "Join Type": "Inner", "Startup Cost": 128518.72, "Total Cost": 202298.6, "Plan Rows": 1, "Plan Width": 48, "Actual Startup Time": 0.226, "Actual Total Time": 0.226, "Actual Rows": 0, "Actual Loops": 1, "Inner Unique": true, "Hash Cond": "(mc.company_type_id = ct.id)", "Plans": [{"Node Type": "Hash Join", "Parent Relationship": "Outer", "Join Type": "Inner", "Startup Cost": 128517.67, "Total Cost": 202297.54, "Plan Rows": 1, "Plan Width": 52, "Actual Startup Time": 0.135, "Actual Total Time": 0.135, "Actual Rows": 0, "Actual Loops": 1, "Inner Unique": false, "Hash Cond": "(t.id = ml.movie_id)", "Plans": [{"Node Type": "Hash Join", "Parent Relationship": "Outer", "Join Type": "Inner", "Startup Cost": 127968.12, "Total Cost": 201747.93, "Plan Rows": 1, "Plan Width": 52, "Actual Startup Time": 0.0, "Actual Total Time": 0.0, "Inner Unique": false, "Hash Cond": "(mk.movie_id = t.id)", "Plans": [{"Node Type": "Hash Join", "Parent Relationship": "Outer", "Join Type": "Inner", "Startup Cost": 2436.12, "Total Cost": 76215.84, "Plan Rows": 33, "Plan Width": 4, "Actual Startup Time": 0.0, "Actual Total Time": 0.0, "Inner Unique": true, "Hash Cond": "(mk.keyword_id = k.id)", "Plans": [{"Node Type": "Seq Scan", "Parent Relationship": "Outer", "Relation Name": "movie_keyword", "Alias": "mk", "Startup Cost": 0.0, "Total Cost": 62441.29, "Plan Rows": 4523929, "Plan Width": 8, "Actual Startup Time": 0.0, "Actual Total Time": 0.0}, {"Node Type": "Hash", "Parent Relationship": "Inner", "Startup Cost": 2436.11, "Total Cost": 2436.11, "Plan Rows": 1, "Plan Width": 4, "Actual Startup Time": 0.0, "Actual Total Time": 0.0, "Hash Buckets": 0, "Hash Batches": 0, "Original Hash Batches": 0, "Peak Memory Usage": 0, "Plans": [{"Node Type": "Seq Scan", "Parent Relationship": "Outer", "Relation Name": "keyword", "Alias": "k", "Startup Cost": 0.0, "Total Cost": 2436.11, "Plan Rows": 1, "Plan Width": 4, "Actual Startup Time": 0.0, "Actual Total Time": 0.0, "Filter": "((keyword)::text = 'sequel'::text)", "Rows Removed by Filter": 0}]}]}, {"Node Type": "Hash", "Parent Relationship": "Inner", "Startup Cost": 125531.97, "Total Cost": 125531.97, "Plan Rows": 2, "Plan Width": 48, "Actual Startup Time": 0.0, "Actual Total Time": 0.0, "Hash Buckets": 0, "Hash Batches": 0, "Original Hash Batches": 0, "Peak Memory Usage": 0, "Plans": [{"Node Type": "Hash Join", "Parent Relationship": "Outer", "Join Type": "Inner", "Startup Cost": 80509.13, "Total Cost": 125531.97, "Plan Rows": 2, "Plan Width": 48, "Actual Startup Time": 0.0, "Actual Total Time": 0.0, "Inner Unique": true, "Hash Cond": "(mc.company_id = cn.id)", "Plans": [{"Node Type": "Hash Join", "Parent Relationship": "Outer", "Join Type": "Inner", "Startup Cost": 72710.72, "Total Cost": 117733.51, "Plan Rows": 6, "Plan Width": 33, "Actual Startup Time": 0.0, "Actual Total Time": 0.0, "Inner Unique": true, "Hash Cond": "(mc.movie_id = t.id)", "Plans": [{"Node Type": "Seq Scan", "Parent Relationship": "Outer", "Relation Name": "movie_companies", "Alias": "mc", "Startup Cost": 0.0, "Total Cost": 41817.28, "Plan Rows": 1269486, "Plan Width": 12, "Actual Startup Time": 0.0, "Actual Total Time": 0.0, "Filter": "(note IS NULL), (LLVM Optimized)", "Rows Removed by Filter": 0}, {"Node Type": "Hash", "Parent Relationship": "Inner", "Startup Cost": 72710.67, "Total Cost": 72710.67, "Plan Rows": 4, "Plan Width": 21, "Actual Startup Time": 0.0, "Actual Total Time": 0.0, "Hash Buckets": 0, "Hash Batches": 0, "Original Hash Batches": 0, "Peak Memory Usage": 0, "Plans": [{"Node Type": "Seq Scan", "Parent Relationship": "Outer", "Relation Name": "title", "Alias": "t", "Startup Cost": 0.0, "Total Cost": 72710.67, "Plan Rows": 4, "Plan Width": 21, "Actual Startup Time": 0.0, "Actual Total Time": 0.0, "Filter": "(((title)::text ~~ '%Money%'::text) AND (production_year = 1998))", "Rows Removed by Filter": 0}]}]}, {"Node Type": "Hash", "Parent Relationship": "Inner", "Startup Cost": 7078.43, "Total Cost": 7078.43, "Plan Rows": 57599, "Plan Width": 23, "Actual Startup Time": 0.0, "Actual Total Time": 0.0, "Hash Buckets": 0, "Hash Batches": 0, "Original Hash Batches": 0, "Peak Memory Usage": 0, "Plans": [{"Node Type": "Seq Scan", "Parent Relationship": "Outer", "Relation Name": "company_name", "Alias": "cn", "Startup Cost": 0.0, "Total Cost": 7078.43, "Plan Rows": 57599, "Plan Width": 23, "Actual Startup Time": 0.0, "Actual Total Time": 0.0, "Filter": "(((country_code)::text <> '[pl]'::text) AND (((name)::text ~~ '%Film%'::text) OR ((name)::text ~~ '%Warner%'::text)))", "Rows Removed by Filter": 0}]}]}]}]}, {"Node Type": "Hash", "Parent Relationship": "Inner", "Startup Cost": 526.11, "Total Cost": 526.11, "Plan Rows": 1875, "Plan Width": 16, "Actual Startup Time": 0.084, "Actual Total Time": 0.084, "Actual Rows": 0, "Actual Loops": 1, "Hash Buckets": 32768, "Hash Batches": 1, "Original Hash Batches": 1, "Peak Memory Usage": 0, "Plans": [{"Node Type": "Hash Join", "Parent Relationship": "Outer", "Join Type": "Inner", "Startup Cost": 1.22, "Total Cost": 526.11, "Plan Rows": 1875, "Plan Width": 16, "Actual Startup Time": 0.084, "Actual Total Time": 0.084, "Actual Rows": 0, "Actual Loops": 1, "Inner Unique": true, "Hash Cond": "(ml.link_type_id = lt.id)", "Plans": [{"Node Type": "Seq Scan", "Parent Relationship": "Outer", "Relation Name": "movie_link", "Alias": "ml", "Startup Cost": 0.0, "Total Cost": 430.96, "Plan Rows": 29996, "Plan Width": 8, "Actual Startup Time": 0.036, "Actual Total Time": 0.036, "Actual Rows": 1, "Actual Loops": 1}, {"Node Type": "Hash", "Parent Relationship": "Inner", "Startup Cost": 1.21, "Total Cost": 1.21, "Plan Rows": 1, "Plan Width": 16, "Actual Startup Time": 0.017, "Actual Total Time": 0.017, "Actual Rows": 0, "Actual Loops": 1, "Hash Buckets": 32768, "Hash Batches": 1, "Original Hash Batches": 1, "Peak Memory Usage": 0, "Plans": [{"Node Type": "Seq Scan", "Parent Relationship": "Outer", "Relation Name": "link_type", "Alias": "lt", "Startup Cost": 0.0, "Total Cost": 1.21, "Plan Rows": 1, "Plan Width": 16, "Actual Startup Time": 0.016, "Actual Total Time": 0.016, "Actual Rows": 0, "Actual Loops": 1, "Filter": "((link)::text ~~ '%follows%'::text)", "Rows Removed by Filter": 17}]}]}]}]}, {"Node Type": "Hash", "Parent Relationship": "Inner", "Startup Cost": 1.04, "Total Cost": 1.04, "Plan Rows": 1, "Plan Width": 4, "Actual Startup Time": 0.045, "Actual Total Time": 0.045, "Actual Rows": 1, "Actual Loops": 1, "Hash Buckets": 32768, "Hash Batches": 1, "Original Hash Batches": 1, "Peak Memory Usage": 1, "Plans": [{"Node Type": "Seq Scan", "Parent Relationship": "Outer", "Relation Name": "company_type", "Alias": "ct", "Startup Cost": 0.0, "Total Cost": 1.04, "Plan Rows": 1, "Plan Width": 4, "Actual Startup Time": 0.031, "Actual Total Time": 0.034, "Actual Rows": 1, "Actual Loops": 1, "Filter": "((kind)::text = 'production companies'::text)", "Rows Removed by Filter": 2}]}]}]}, "Triggers": [], "Planner Runtime": 101.82, "Total Runtime": 9.742, "Unique SQL Id": 4121279504}}, "(1, 107)": {"explain_plan": {"Plan": {"Node Type": "Aggregate", "Strategy": "Plain", "Startup Cost": 8000012610315.01, "Total Cost": 8000012610315.02, "Plan Rows": 1, "Plan Width": 144, "Plans": [{"Node Type": "Hash Join", "Parent Relationship": "Outer", "Join Type": "Inner", "Startup Cost": 3050012278694.0, "Total Cost": 8000012610315.0, "Plan Rows": 1, "Plan Width": 48, "Inner Unique": true, "Hash Cond": "(ml.link_type_id = lt.id)", "Plans": [{"Node Type": "Nested Loop", "Parent Relationship": "Outer", "Join Type": "Inner", "Startup Cost": 2050012277439.23, "Total Cost": 7000012609060.23, "Plan Rows": 1, "Plan Width": 40, "Inner Unique": false, "Join Filter": "(t.id = ml.movie_id)", "Plans": [{"Node Type": "Hash Join", "Parent Relationship": "Outer", "Join Type": "Inner", "Startup Cost": 2040012277439.23, "Total Cost": 6000012609025.14, "Plan Rows": 1, "Plan Width": 48, "Inner Unique": true, "Hash Cond": "(mc.company_type_id = ct.id)", "Plans": [{"Node Type": "Nested Loop", "Parent Relationship": "Outer", "Join Type": "Inner", "Startup Cost": 1040012276208.97, "Total Cost": 5000012607794.87, "Plan Rows": 1, "Plan Width": 52, "Inner Unique": true, "Plans": [{"Node Type": "Nested Loop", "Parent Relationship": "Outer", "Join Type": "Inner", "Startup Cost": 1030012276208.97, "Total Cost": 4000012607766.05, "Plan Rows": 1, "Plan Width": 37, "Inner Unique": false, "Join Filter": "(t.id = mc.movie_id)", "Plans": [{"Node Type": "Hash Join", "Parent Relationship": "Outer", "Join Type": "Inner", "Startup Cost": 1020012276208.97, "Total Cost": 3000012607734.78, "Plan Rows": 1, "Plan Width": 25, "Inner Unique": true, "Hash Cond": "(mk.movie_id = t.id)", "Plans": [{"Node Type": "Nested Loop", "Parent Relationship": "Outer", "Join Type": "Inner", "Startup Cost": 20000000004.51, "Total Cost": 2000000331530.23, "Plan Rows": 33, "Plan Width": 4, "Inner Unique": false, "Plans": [{"Node Type": "Index Scan", "Parent Relationship": "Outer", "Scan Direction": "Forward", "Index Name": "keyword_pkey", "Relation Name": "keyword", "Alias": "k", "Startup Cost": 10000000000.0, "Total Cost": 1000000318271.68, "Plan Rows": 1, "Plan Width": 4, "Filter": "((keyword)::text = 'sequel'::text)"}, {"Node Type": "Bitmap Heap Scan", "Parent Relationship": "Inner", "Relation Name": "movie_keyword", "Alias": "mk", "Startup Cost": 10000000004.51, "Total Cost": 1000000013258.21, "Plan Rows": 33, "Plan Width": 8, "Recheck Cond": "(keyword_id = k.id)", "Plans": [{"Node Type": "Bitmap Index Scan", "Parent Relationship": "Outer", "Index Name": "keyword_id_movie_keyword", "Startup Cost": 0.0, "Total Cost": 4.5, "Plan Rows": 33, "Plan Width": 0, "Index Cond": "(keyword_id = k.id)"}]}]}, {"Node Type": "Hash", "Parent Relationship": "Inner", "Startup Cost": 1000012276204.41, "Total Cost": 1000012276204.41, "Plan Rows": 4, "Plan Width": 21, "Plans": [{"Node Type": "Index Scan", "Parent Relationship": "Outer", "Scan Direction": "Forward", "Index Name": "title_pkey", "Relation Name": "title", "Alias": "t", "Startup Cost": 10000000000.0, "Total Cost": 1000012276204.41, "Plan Rows": 4, "Plan Width": 21, "Filter": "(((title)::text ~~ '%Money%'::text) AND (production_year = 1998))"}]}]}, {"Node Type": "Index Scan", "Parent Relationship": "Inner", "Scan Direction": "Forward", "Index Name": "movie_id_movie_companies", "Relation Name": "movie_companies", "Alias": "mc", "Startup Cost": 10000000000.0, "Total Cost": 1000000000031.24, "Plan Rows": 2, "Plan Width": 12, "Index Cond": "(movie_id = mk.movie_id)", "Filter": "(note IS NULL)"}]}, {"Node Type": "Index Scan", "Parent Relationship": "Inner", "Scan Direction": "Forward", "Index Name": "company_name_pkey", "Relation Name": "company_name", "Alias": "cn", "Startup Cost": 10000000000.0, "Total Cost": 1000000000028.81, "Plan Rows": 1, "Plan Width": 23, "Index Cond": "(id = mc.company_id)", "Filter": "(((country_code)::text <> '[pl]'::text) AND (((name)::text ~~ '%Film%'::text) OR ((name)::text ~~ '%Warner%'::text)))"}]}, {"Node Type": "Hash", "Parent Relationship": "Inner", "Startup Cost": 1000000001230.25, "Total Cost": 1000000001230.25, "Plan Rows": 1, "Plan Width": 4, "Plans": [{"Node Type": "Index Scan", "Parent Relationship": "Outer", "Scan Direction": "Forward", "Index Name": "company_type_pkey", "Relation Name": "company_type", "Alias": "ct", "Startup Cost": 10000000000.0, "Total Cost": 1000000001230.25, "Plan Rows": 1, "Plan Width": 4, "Filter": "((kind)::text = 'production companies'::text)"}]}]}, {"Node Type": "Index Scan", "Parent Relationship": "Inner", "Scan Direction": "Forward", "Index Name": "movie_id_movie_link", "Relation Name": "movie_link", "Alias": "ml", "Startup Cost": 10000000000.0, "Total Cost": 1000000000035.02, "Plan Rows": 5, "Plan Width": 8, "Index Cond": "(movie_id = mk.movie_id)"}]}, {"Node Type": "Hash", "Parent Relationship": "Inner", "Startup Cost": 1000000001254.75, "Total Cost": 1000000001254.75, "Plan Rows": 1, "Plan Width": 16, "Plans": [{"Node Type": "Index Scan", "Parent Relationship": "Outer", "Scan Direction": "Forward", "Index Name": "link_type_pkey", "Relation Name": "link_type", "Alias": "lt", "Startup Cost": 10000000000.0, "Total Cost": 1000000001254.75, "Plan Rows": 1, "Plan Width": 16, "Filter": "((link)::text ~~ '%follows%'::text)"}]}]}]}, "Unique SQL Id": 4121279504}, "explain_analyze_plan": {"Plan": {"Node Type": "Aggregate", "Strategy": "Plain", "Startup Cost": 8000012610315.01, "Total Cost": 8000012610315.02, "Plan Rows": 1, "Plan Width": 144, "Actual Startup Time": 0.108, "Actual Total Time": 0.108, "Actual Rows": 1, "Actual Loops": 1, "Plans": [{"Node Type": "Hash Join", "Parent Relationship": "Outer", "Join Type": "Inner", "Startup Cost": 3050012278694.0, "Total Cost": 8000012610315.0, "Plan Rows": 1, "Plan Width": 48, "Actual Startup Time": 0.099, "Actual Total Time": 0.099, "Actual Rows": 0, "Actual Loops": 1, "Inner Unique": true, "Hash Cond": "(ml.link_type_id = lt.id)", "Plans": [{"Node Type": "Nested Loop", "Parent Relationship": "Outer", "Join Type": "Inner", "Startup Cost": 2050012277439.23, "Total Cost": 7000012609060.23, "Plan Rows": 1, "Plan Width": 40, "Actual Startup Time": 0.0, "Actual Total Time": 0.0, "Inner Unique": false, "Join Filter": "(t.id = ml.movie_id)", "Rows Removed by Join Filter": 0, "Plans": [{"Node Type": "Hash Join", "Parent Relationship": "Outer", "Join Type": "Inner", "Startup Cost": 2040012277439.23, "Total Cost": 6000012609025.14, "Plan Rows": 1, "Plan Width": 48, "Actual Startup Time": 0.0, "Actual Total Time": 0.0, "Inner Unique": true, "Hash Cond": "(mc.company_type_id = ct.id)", "Plans": [{"Node Type": "Nested Loop", "Parent Relationship": "Outer", "Join Type": "Inner", "Startup Cost": 1040012276208.97, "Total Cost": 5000012607794.87, "Plan Rows": 1, "Plan Width": 52, "Actual Startup Time": 0.0, "Actual Total Time": 0.0, "Inner Unique": true, "Plans": [{"Node Type": "Nested Loop", "Parent Relationship": "Outer", "Join Type": "Inner", "Startup Cost": 1030012276208.97, "Total Cost": 4000012607766.05, "Plan Rows": 1, "Plan Width": 37, "Actual Startup Time": 0.0, "Actual Total Time": 0.0, "Inner Unique": false, "Join Filter": "(t.id = mc.movie_id)", "Rows Removed by Join Filter": 0, "Plans": [{"Node Type": "Hash Join", "Parent Relationship": "Outer", "Join Type": "Inner", "Startup Cost": 1020012276208.97, "Total Cost": 3000012607734.78, "Plan Rows": 1, "Plan Width": 25, "Actual Startup Time": 0.0, "Actual Total Time": 0.0, "Inner Unique": true, "Hash Cond": "(mk.movie_id = t.id)", "Plans": [{"Node Type": "Nested Loop", "Parent Relationship": "Outer", "Join Type": "Inner", "Startup Cost": 20000000004.51, "Total Cost": 2000000331530.23, "Plan Rows": 33, "Plan Width": 4, "Actual Startup Time": 0.0, "Actual Total Time": 0.0, "Inner Unique": false, "Plans": [{"Node Type": "Index Scan", "Parent Relationship": "Outer", "Scan Direction": "Forward", "Index Name": "keyword_pkey", "Relation Name": "keyword", "Alias": "k", "Startup Cost": 10000000000.0, "Total Cost": 1000000318271.68, "Plan Rows": 1, "Plan Width": 4, "Actual Startup Time": 0.0, "Actual Total Time": 0.0, "Filter": "((keyword)::text = 'sequel'::text)", "Rows Removed by Filter": 0}, {"Node Type": "Bitmap Heap Scan", "Parent Relationship": "Inner", "Relation Name": "movie_keyword", "Alias": "mk", "Startup Cost": 10000000004.51, "Total Cost": 1000000013258.21, "Plan Rows": 33, "Plan Width": 8, "Actual Startup Time": 0.0, "Actual Total Time": 0.0, "Recheck Cond": "(keyword_id = k.id)", "Rows Removed by Index Recheck": 0, "Exact Heap Blocks": 0, "Lossy Heap Blocks": 0, "Plans": [{"Node Type": "Bitmap Index Scan", "Parent Relationship": "Outer", "Index Name": "keyword_id_movie_keyword", "Startup Cost": 0.0, "Total Cost": 4.5, "Plan Rows": 33, "Plan Width": 0, "Actual Startup Time": 0.0, "Actual Total Time": 0.0, "Index Cond": "(keyword_id = k.id)"}]}]}, {"Node Type": "Hash", "Parent Relationship": "Inner", "Startup Cost": 1000012276204.41, "Total Cost": 1000012276204.41, "Plan Rows": 4, "Plan Width": 21, "Actual Startup Time": 0.0, "Actual Total Time": 0.0, "Hash Buckets": 0, "Hash Batches": 0, "Original Hash Batches": 0, "Peak Memory Usage": 0, "Plans": [{"Node Type": "Index Scan", "Parent Relationship": "Outer", "Scan Direction": "Forward", "Index Name": "title_pkey", "Relation Name": "title", "Alias": "t", "Startup Cost": 10000000000.0, "Total Cost": 1000012276204.41, "Plan Rows": 4, "Plan Width": 21, "Actual Startup Time": 0.0, "Actual Total Time": 0.0, "Filter": "(((title)::text ~~ '%Money%'::text) AND (production_year = 1998))", "Rows Removed by Filter": 0}]}]}, {"Node Type": "Index Scan", "Parent Relationship": "Inner", "Scan Direction": "Forward", "Index Name": "movie_id_movie_companies", "Relation Name": "movie_companies", "Alias": "mc", "Startup Cost": 10000000000.0, "Total Cost": 1000000000031.24, "Plan Rows": 2, "Plan Width": 12, "Actual Startup Time": 0.0, "Actual Total Time": 0.0, "Index Cond": "(movie_id = mk.movie_id)", "Rows Removed by Index Recheck": 0, "Filter": "(note IS NULL)", "Rows Removed by Filter": 0}]}, {"Node Type": "Index Scan", "Parent Relationship": "Inner", "Scan Direction": "Forward", "Index Name": "company_name_pkey", "Relation Name": "company_name", "Alias": "cn", "Startup Cost": 10000000000.0, "Total Cost": 1000000000028.81, "Plan Rows": 1, "Plan Width": 23, "Actual Startup Time": 0.0, "Actual Total Time": 0.0, "Index Cond": "(id = mc.company_id)", "Rows Removed by Index Recheck": 0, "Filter": "(((country_code)::text <> '[pl]'::text) AND (((name)::text ~~ '%Film%'::text) OR ((name)::text ~~ '%Warner%'::text)))", "Rows Removed by Filter": 0}]}, {"Node Type": "Hash", "Parent Relationship": "Inner", "Startup Cost": 1000000001230.25, "Total Cost": 1000000001230.25, "Plan Rows": 1, "Plan Width": 4, "Actual Startup Time": 0.0, "Actual Total Time": 0.0, "Hash Buckets": 0, "Hash Batches": 0, "Original Hash Batches": 0, "Peak Memory Usage": 0, "Plans": [{"Node Type": "Index Scan", "Parent Relationship": "Outer", "Scan Direction": "Forward", "Index Name": "company_type_pkey", "Relation Name": "company_type", "Alias": "ct", "Startup Cost": 10000000000.0, "Total Cost": 1000000001230.25, "Plan Rows": 1, "Plan Width": 4, "Actual Startup Time": 0.0, "Actual Total Time": 0.0, "Filter": "((kind)::text = 'production companies'::text)", "Rows Removed by Filter": 0}]}]}, {"Node Type": "Index Scan", "Parent Relationship": "Inner", "Scan Direction": "Forward", "Index Name": "movie_id_movie_link", "Relation Name": "movie_link", "Alias": "ml", "Startup Cost": 10000000000.0, "Total Cost": 1000000000035.02, "Plan Rows": 5, "Plan Width": 8, "Actual Startup Time": 0.0, "Actual Total Time": 0.0, "Index Cond": "(movie_id = mk.movie_id)", "Rows Removed by Index Recheck": 0}]}, {"Node Type": "Hash", "Parent Relationship": "Inner", "Startup Cost": 1000000001254.75, "Total Cost": 1000000001254.75, "Plan Rows": 1, "Plan Width": 16, "Actual Startup Time": 0.054, "Actual Total Time": 0.054, "Actual Rows": 0, "Actual Loops": 1, "Hash Buckets": 32768, "Hash Batches": 1, "Original Hash Batches": 1, "Peak Memory Usage": 0, "Plans": [{"Node Type": "Index Scan", "Parent Relationship": "Outer", "Scan Direction": "Forward", "Index Name": "link_type_pkey", "Relation Name": "link_type", "Alias": "lt", "Startup Cost": 10000000000.0, "Total Cost": 1000000001254.75, "Plan Rows": 1, "Plan Width": 16, "Actual Startup Time": 0.05, "Actual Total Time": 0.05, "Actual Rows": 0, "Actual Loops": 1, "Filter": "((link)::text ~~ '%follows%'::text)", "Rows Removed by Filter": 17}]}]}]}, "Triggers": [], "Planner Runtime": 60.948, "Total Runtime": 0.421, "Unique SQL Id": 4121279504}}, "(1, 108)": {"explain_plan": {"Plan": {"Node Type": "Aggregate", "Strategy": "Plain", "Startup Cost": 2585.63, "Total Cost": 2585.64, "Plan Rows": 1, "Plan Width": 144, "Plans": [{"Node Type": "Nested Loop", "Parent Relationship": "Outer", "Join Type": "Inner", "Startup Cost": 0.0, "Total Cost": 2585.62, "Plan Rows": 1, "Plan Width": 48, "Inner Unique": true, "Plans": [{"Node Type": "Nested Loop", "Parent Relationship": "Outer", "Join Type": "Inner", "Startup Cost": 0.0, "Total Cost": 2585.34, "Plan Rows": 1, "Plan Width": 40, "Inner Unique": false, "Join Filter": "(t.id = ml.movie_id)", "Plans": [{"Node Type": "Nested Loop", "Parent Relationship": "Outer", "Join Type": "Inner", "Startup Cost": 0.0, "Total Cost": 2584.93, "Plan Rows": 1, "Plan Width": 48, "Inner Unique": true, "Plans": [{"Node Type": "Nested Loop", "Parent Relationship": "Outer", "Join Type": "Inner", "Startup Cost": 0.0, "Total Cost": 2584.64, "Plan Rows": 1, "Plan Width": 52, "Inner Unique": true, "Plans": [{"Node Type": "Nested Loop", "Parent Relationship": "Outer", "Join Type": "Inner", "Startup Cost": 0.0, "Total Cost": 2584.35, "Plan Rows": 1, "Plan Width": 37, "Inner Unique": false, "Join Filter": "(t.id = mc.movie_id)", "Plans": [{"Node Type": "Nested Loop", "Parent Relationship": "Outer", "Join Type": "Inner", "Startup Cost": 0.0, "Total Cost": 2584.01, "Plan Rows": 1, "Plan Width": 25, "Inner Unique": true, "Plans": [{"Node Type": "Nested Loop", "Parent Relationship": "Outer", "Join Type": "Inner", "Startup Cost": 0.0, "Total Cost": 2573.32, "Plan Rows": 33, "Plan Width": 4, "Inner Unique": false, "Plans": [{"Node Type": "Seq Scan", "Parent Relationship": "Outer", "Relation Name": "keyword", "Alias": "k", "Startup Cost": 0.0, "Total Cost": 2436.11, "Plan Rows": 1, "Plan Width": 4, "Filter": "((keyword)::text = 'sequel'::text)"}, {"Node Type": "Index Scan", "Parent Relationship": "Inner", "Scan Direction": "Forward", "Index Name": "keyword_id_movie_keyword", "Relation Name": "movie_keyword", "Alias": "mk", "Startup Cost": 0.0, "Total Cost": 136.88, "Plan Rows": 33, "Plan Width": 8, "Index Cond": "(keyword_id = k.id)"}]}, {"Node Type": "Index Scan", "Parent Relationship": "Inner", "Scan Direction": "Forward", "Index Name": "title_pkey", "Relation Name": "title", "Alias": "t", "Startup Cost": 0.0, "Total Cost": 0.31, "Plan Rows": 1, "Plan Width": 21, "Index Cond": "(id = mk.movie_id)", "Filter": "(((title)::text ~~ '%Money%'::text) AND (production_year = 1998))"}]}, {"Node Type": "Index Scan", "Parent Relationship": "Inner", "Scan Direction": "Forward", "Index Name": "movie_id_movie_companies", "Relation Name": "movie_companies", "Alias": "mc", "Startup Cost": 0.0, "Total Cost": 0.31, "Plan Rows": 2, "Plan Width": 12, "Index Cond": "(movie_id = mk.movie_id)", "Filter": "(note IS NULL)"}]}, {"Node Type": "Index Scan", "Parent Relationship": "Inner", "Scan Direction": "Forward", "Index Name": "company_name_pkey", "Relation Name": "company_name", "Alias": "cn", "Startup Cost": 0.0, "Total Cost": 0.29, "Plan Rows": 1, "Plan Width": 23, "Index Cond": "(id = mc.company_id)", "Filter": "(((country_code)::text <> '[pl]'::text) AND (((name)::text ~~ '%Film%'::text) OR ((name)::text ~~ '%Warner%'::text)))"}]}, {"Node Type": "Index Scan", "Parent Relationship": "Inner", "Scan Direction": "Forward", "Index Name": "company_type_pkey", "Relation Name": "company_type", "Alias": "ct", "Startup Cost": 0.0, "Total Cost": 0.27, "Plan Rows": 1, "Plan Width": 4, "Index Cond": "(id = mc.company_type_id)", "Filter": "((kind)::text = 'production companies'::text)"}]}, {"Node Type": "Index Scan", "Parent Relationship": "Inner", "Scan Direction": "Forward", "Index Name": "movie_id_movie_link", "Relation Name": "movie_link", "Alias": "ml", "Startup Cost": 0.0, "Total Cost": 0.35, "Plan Rows": 5, "Plan Width": 8, "Index Cond": "(movie_id = mk.movie_id)"}]}, {"Node Type": "Index Scan", "Parent Relationship": "Inner", "Scan Direction": "Forward", "Index Name": "link_type_pkey", "Relation Name": "link_type", "Alias": "lt", "Startup Cost": 0.0, "Total Cost": 0.27, "Plan Rows": 1, "Plan Width": 16, "Index Cond": "(id = ml.link_type_id)", "Filter": "((link)::text ~~ '%follows%'::text)"}]}]}, "Unique SQL Id": 4121279504}, "explain_analyze_plan": {"Plan": {"Node Type": "Aggregate", "Strategy": "Plain", "Startup Cost": 2585.63, "Total Cost": 2585.64, "Plan Rows": 1, "Plan Width": 144, "Actual Startup Time": 103.23, "Actual Total Time": 103.23, "Actual Rows": 1, "Actual Loops": 1, "Plans": [{"Node Type": "Nested Loop", "Parent Relationship": "Outer", "Join Type": "Inner", "Startup Cost": 0.0, "Total Cost": 2585.62, "Plan Rows": 1, "Plan Width": 48, "Actual Startup Time": 103.221, "Actual Total Time": 103.221, "Actual Rows": 0, "Actual Loops": 1, "Inner Unique": true, "Plans": [{"Node Type": "Nested Loop", "Parent Relationship": "Outer", "Join Type": "Inner", "Startup Cost": 0.0, "Total Cost": 2585.34, "Plan Rows": 1, "Plan Width": 40, "Actual Startup Time": 2.61, "Actual Total Time": 103.138, "Actual Rows": 38, "Actual Loops": 1, "Inner Unique": false, "Join Filter": "(t.id = ml.movie_id)", "Rows Removed by Join Filter": 0, "Plans": [{"Node Type": "Nested Loop", "Parent Relationship": "Outer", "Join Type": "Inner", "Startup Cost": 0.0, "Total Cost": 2584.93, "Plan Rows": 1, "Plan Width": 48, "Actual Startup Time": 2.599, "Actual Total Time": 103.092, "Actual Rows": 2, "Actual Loops": 1, "Inner Unique": true, "Plans": [{"Node Type": "Nested Loop", "Parent Relationship": "Outer", "Join Type": "Inner", "Startup Cost": 0.0, "Total Cost": 2584.64, "Plan Rows": 1, "Plan Width": 52, "Actual Startup Time": 2.592, "Actual Total Time": 103.081, "Actual Rows": 2, "Actual Loops": 1, "Inner Unique": true, "Plans": [{"Node Type": "Nested Loop", "Parent Relationship": "Outer", "Join Type": "Inner", "Startup Cost": 0.0, "Total Cost": 2584.35, "Plan Rows": 1, "Plan Width": 37, "Actual Startup Time": 2.578, "Actual Total Time": 103.051, "Actual Rows": 3, "Actual Loops": 1, "Inner Unique": false, "Join Filter": "(t.id = mc.movie_id)", "Rows Removed by Join Filter": 0, "Plans": [{"Node Type": "Nested Loop", "Parent Relationship": "Outer", "Join Type": "Inner", "Startup Cost": 0.0, "Total Cost": 2584.01, "Plan Rows": 1, "Plan Width": 25, "Actual Startup Time": 2.565, "Actual Total Time": 103.035, "Actual Rows": 1, "Actual Loops": 1, "Inner Unique": true, "Plans": [{"Node Type": "Nested Loop", "Parent Relationship": "Outer", "Join Type": "Inner", "Startup Cost": 0.0, "Total Cost": 2573.32, "Plan Rows": 33, "Plan Width": 4, "Actual Startup Time": 2.328, "Actual Total Time": 53.899, "Actual Rows": 10544, "Actual Loops": 1, "Inner Unique": false, "Plans": [{"Node Type": "Seq Scan", "Parent Relationship": "Outer", "Relation Name": "keyword", "Alias": "k", "Startup Cost": 0.0, "Total Cost": 2436.11, "Plan Rows": 1, "Plan Width": 4, "Actual Startup Time": 2.291, "Actual Total Time": 40.813, "Actual Rows": 1, "Actual Loops": 1, "Filter": "((keyword)::text = 'sequel'::text)", "Rows Removed by Filter": 134168}, {"Node Type": "Index Scan", "Parent Relationship": "Inner", "Scan Direction": "Forward", "Index Name": "keyword_id_movie_keyword", "Relation Name": "movie_keyword", "Alias": "mk", "Startup Cost": 0.0, "Total Cost": 136.88, "Plan Rows": 33, "Plan Width": 8, "Actual Startup Time": 0.031, "Actual Total Time": 10.818, "Actual Rows": 10544, "Actual Loops": 1, "Index Cond": "(keyword_id = k.id)", "Rows Removed by Index Recheck": 0}]}, {"Node Type": "Index Scan", "Parent Relationship": "Inner", "Scan Direction": "Forward", "Index Name": "title_pkey", "Relation Name": "title", "Alias": "t", "Startup Cost": 0.0, "Total Cost": 0.31, "Plan Rows": 1, "Plan Width": 21, "Actual Startup Time": 43.968, "Actual Total Time": 43.968, "Actual Rows": 1, "Actual Loops": 10544, "Index Cond": "(id = mk.movie_id)", "Rows Removed by Index Recheck": 0, "Filter": "(((title)::text ~~ '%Money%'::text) AND (production_year = 1998))", "Rows Removed by Filter": 10543}]}, {"Node Type": "Index Scan", "Parent Relationship": "Inner", "Scan Direction": "Forward", "Index Name": "movie_id_movie_companies", "Relation Name": "movie_companies", "Alias": "mc", "Startup Cost": 0.0, "Total Cost": 0.31, "Plan Rows": 2, "Plan Width": 12, "Actual Startup Time": 0.01, "Actual Total Time": 0.013, "Actual Rows": 3, "Actual Loops": 1, "Index Cond": "(movie_id = mk.movie_id)", "Rows Removed by Index Recheck": 0, "Filter": "(note IS NULL)", "Rows Removed by Filter": 1}]}, {"Node Type": "Index Scan", "Parent Relationship": "Inner", "Scan Direction": "Forward", "Index Name": "company_name_pkey", "Relation Name": "company_name", "Alias": "cn", "Startup Cost": 0.0, "Total Cost": 0.29, "Plan Rows": 1, "Plan Width": 23, "Actual Startup Time": 0.025, "Actual Total Time": 0.025, "Actual Rows": 2, "Actual Loops": 3, "Index Cond": "(id = mc.company_id)", "Rows Removed by Index Recheck": 0, "Filter": "(((country_code)::text <> '[pl]'::text) AND (((name)::text ~~ '%Film%'::text) OR ((name)::text ~~ '%Warner%'::text)))", "Rows Removed by Filter": 1}]}, {"Node Type": "Index Scan", "Parent Relationship": "Inner", "Scan Direction": "Forward", "Index Name": "company_type_pkey", "Relation Name": "company_type", "Alias": "ct", "Startup Cost": 0.0, "Total Cost": 0.27, "Plan Rows": 1, "Plan Width": 4, "Actual Startup Time": 0.007, "Actual Total Time": 0.007, "Actual Rows": 2, "Actual Loops": 2, "Index Cond": "(id = mc.company_type_id)", "Rows Removed by Index Recheck": 0, "Filter": "((kind)::text = 'production companies'::text)", "Rows Removed by Filter": 0}]}, {"Node Type": "Index Scan", "Parent Relationship": "Inner", "Scan Direction": "Forward", "Index Name": "movie_id_movie_link", "Relation Name": "movie_link", "Alias": "ml", "Startup Cost": 0.0, "Total Cost": 0.35, "Plan Rows": 5, "Plan Width": 8, "Actual Startup Time": 0.012, "Actual Total Time": 0.024, "Actual Rows": 38, "Actual Loops": 2, "Index Cond": "(movie_id = mk.movie_id)", "Rows Removed by Index Recheck": 0}]}, {"Node Type": "Index Scan", "Parent Relationship": "Inner", "Scan Direction": "Forward", "Index Name": "link_type_pkey", "Relation Name": "link_type", "Alias": "lt", "Startup Cost": 0.0, "Total Cost": 0.27, "Plan Rows": 1, "Plan Width": 16, "Actual Startup Time": 0.064, "Actual Total Time": 0.064, "Actual Rows": 0, "Actual Loops": 38, "Index Cond": "(id = ml.link_type_id)", "Rows Removed by Index Recheck": 0, "Filter": "((link)::text ~~ '%follows%'::text)", "Rows Removed by Filter": 24}]}]}, "Triggers": [], "Planner Runtime": 62.455, "Total Runtime": 103.577, "Unique SQL Id": 4121279504}}, "(1, 109)": {"explain_plan": {"Plan": {"Node Type": "Aggregate", "Strategy": "Plain", "Startup Cost": 3332.23, "Total Cost": 3332.24, "Plan Rows": 1, "Plan Width": 144, "Plans": [{"Node Type": "Nested Loop", "Parent Relationship": "Outer", "Join Type": "Inner", "Startup Cost": 0.0, "Total Cost": 3332.23, "Plan Rows": 1, "Plan Width": 48, "Inner Unique": true, "Plans": [{"Node Type": "Nested Loop", "Parent Relationship": "Outer", "Join Type": "Inner", "Startup Cost": 0.0, "Total Cost": 3331.94, "Plan Rows": 1, "Plan Width": 40, "Inner Unique": false, "Join Filter": "(t.id = ml.movie_id)", "Plans": [{"Node Type": "Nested Loop", "Parent Relationship": "Outer", "Join Type": "Inner", "Startup Cost": 0.0, "Total Cost": 3331.53, "Plan Rows": 1, "Plan Width": 48, "Inner Unique": true, "Plans": [{"Node Type": "Nested Loop", "Parent Relationship": "Outer", "Join Type": "Inner", "Startup Cost": 0.0, "Total Cost": 3331.25, "Plan Rows": 1, "Plan Width": 52, "Inner Unique": true, "Plans": [{"Node Type": "Nested Loop", "Parent Relationship": "Outer", "Join Type": "Inner", "Startup Cost": 0.0, "Total Cost": 3330.95, "Plan Rows": 1, "Plan Width": 37, "Inner Unique": false, "Join Filter": "(t.id = mc.movie_id)", "Plans": [{"Node Type": "Nested Loop", "Parent Relationship": "Outer", "Join Type": "Inner", "Startup Cost": 0.0, "Total Cost": 3330.61, "Plan Rows": 1, "Plan Width": 25, "Inner Unique": true, "Plans": [{"Node Type": "Nested Loop", "Parent Relationship": "Outer", "Join Type": "Inner", "Startup Cost": 0.0, "Total Cost": 3319.92, "Plan Rows": 33, "Plan Width": 4, "Inner Unique": false, "Plans": [{"Node Type": "Index Scan", "Parent Relationship": "Outer", "Scan Direction": "Forward", "Index Name": "keyword_pkey", "Relation Name": "keyword", "Alias": "k", "Startup Cost": 0.0, "Total Cost": 3182.72, "Plan Rows": 1, "Plan Width": 4, "Filter": "((keyword)::text = 'sequel'::text)"}, {"Node Type": "Index Scan", "Parent Relationship": "Inner", "Scan Direction": "Forward", "Index Name": "keyword_id_movie_keyword", "Relation Name": "movie_keyword", "Alias": "mk", "Startup Cost": 0.0, "Total Cost": 136.88, "Plan Rows": 33, "Plan Width": 8, "Index Cond": "(keyword_id = k.id)"}]}, {"Node Type": "Index Scan", "Parent Relationship": "Inner", "Scan Direction": "Forward", "Index Name": "title_pkey", "Relation Name": "title", "Alias": "t", "Startup Cost": 0.0, "Total Cost": 0.31, "Plan Rows": 1, "Plan Width": 21, "Index Cond": "(id = mk.movie_id)", "Filter": "(((title)::text ~~ '%Money%'::text) AND (production_year = 1998))"}]}, {"Node Type": "Index Scan", "Parent Relationship": "Inner", "Scan Direction": "Forward", "Index Name": "movie_id_movie_companies", "Relation Name": "movie_companies", "Alias": "mc", "Startup Cost": 0.0, "Total Cost": 0.31, "Plan Rows": 2, "Plan Width": 12, "Index Cond": "(movie_id = mk.movie_id)", "Filter": "(note IS NULL)"}]}, {"Node Type": "Index Scan", "Parent Relationship": "Inner", "Scan Direction": "Forward", "Index Name": "company_name_pkey", "Relation Name": "company_name", "Alias": "cn", "Startup Cost": 0.0, "Total Cost": 0.29, "Plan Rows": 1, "Plan Width": 23, "Index Cond": "(id = mc.company_id)", "Filter": "(((country_code)::text <> '[pl]'::text) AND (((name)::text ~~ '%Film%'::text) OR ((name)::text ~~ '%Warner%'::text)))"}]}, {"Node Type": "Index Scan", "Parent Relationship": "Inner", "Scan Direction": "Forward", "Index Name": "company_type_pkey", "Relation Name": "company_type", "Alias": "ct", "Startup Cost": 0.0, "Total Cost": 0.27, "Plan Rows": 1, "Plan Width": 4, "Index Cond": "(id = mc.company_type_id)", "Filter": "((kind)::text = 'production companies'::text)"}]}, {"Node Type": "Index Scan", "Parent Relationship": "Inner", "Scan Direction": "Forward", "Index Name": "movie_id_movie_link", "Relation Name": "movie_link", "Alias": "ml", "Startup Cost": 0.0, "Total Cost": 0.35, "Plan Rows": 5, "Plan Width": 8, "Index Cond": "(movie_id = mk.movie_id)"}]}, {"Node Type": "Index Scan", "Parent Relationship": "Inner", "Scan Direction": "Forward", "Index Name": "link_type_pkey", "Relation Name": "link_type", "Alias": "lt", "Startup Cost": 0.0, "Total Cost": 0.27, "Plan Rows": 1, "Plan Width": 16, "Index Cond": "(id = ml.link_type_id)", "Filter": "((link)::text ~~ '%follows%'::text)"}]}]}, "Unique SQL Id": 4121279504}, "explain_analyze_plan": {"Plan": {"Node Type": "Aggregate", "Strategy": "Plain", "Startup Cost": 3332.23, "Total Cost": 3332.24, "Plan Rows": 1, "Plan Width": 144, "Actual Startup Time": 176.653, "Actual Total Time": 176.654, "Actual Rows": 1, "Actual Loops": 1, "Plans": [{"Node Type": "Nested Loop", "Parent Relationship": "Outer", "Join Type": "Inner", "Startup Cost": 0.0, "Total Cost": 3332.23, "Plan Rows": 1, "Plan Width": 48, "Actual Startup Time": 176.642, "Actual Total Time": 176.642, "Actual Rows": 0, "Actual Loops": 1, "Inner Unique": true, "Plans": [{"Node Type": "Nested Loop", "Parent Relationship": "Outer", "Join Type": "Inner", "Startup Cost": 0.0, "Total Cost": 3331.94, "Plan Rows": 1, "Plan Width": 40, "Actual Startup Time": 0.743, "Actual Total Time": 176.562, "Actual Rows": 38, "Actual Loops": 1, "Inner Unique": false, "Join Filter": "(t.id = ml.movie_id)", "Rows Removed by Join Filter": 0, "Plans": [{"Node Type": "Nested Loop", "Parent Relationship": "Outer", "Join Type": "Inner", "Startup Cost": 0.0, "Total Cost": 3331.53, "Plan Rows": 1, "Plan Width": 48, "Actual Startup Time": 0.732, "Actual Total Time": 176.514, "Actual Rows": 2, "Actual Loops": 1, "Inner Unique": true, "Plans": [{"Node Type": "Nested Loop", "Parent Relationship": "Outer", "Join Type": "Inner", "Startup Cost": 0.0, "Total Cost": 3331.25, "Plan Rows": 1, "Plan Width": 52, "Actual Startup Time": 0.727, "Actual Total Time": 176.504, "Actual Rows": 2, "Actual Loops": 1, "Inner Unique": true, "Plans": [{"Node Type": "Nested Loop", "Parent Relationship": "Outer", "Join Type": "Inner", "Startup Cost": 0.0, "Total Cost": 3330.95, "Plan Rows": 1, "Plan Width": 37, "Actual Startup Time": 0.713, "Actual Total Time": 176.476, "Actual Rows": 3, "Actual Loops": 1, "Inner Unique": false, "Join Filter": "(t.id = mc.movie_id)", "Rows Removed by Join Filter": 0, "Plans": [{"Node Type": "Nested Loop", "Parent Relationship": "Outer", "Join Type": "Inner", "Startup Cost": 0.0, "Total Cost": 3330.61, "Plan Rows": 1, "Plan Width": 25, "Actual Startup Time": 0.696, "Actual Total Time": 176.455, "Actual Rows": 1, "Actual Loops": 1, "Inner Unique": true, "Plans": [{"Node Type": "Nested Loop", "Parent Relationship": "Outer", "Join Type": "Inner", "Startup Cost": 0.0, "Total Cost": 3319.92, "Plan Rows": 33, "Plan Width": 4, "Actual Startup Time": 0.47, "Actual Total Time": 126.57, "Actual Rows": 10544, "Actual Loops": 1, "Inner Unique": false, "Plans": [{"Node Type": "Index Scan", "Parent Relationship": "Outer", "Scan Direction": "Forward", "Index Name": "keyword_pkey", "Relation Name": "keyword", "Alias": "k", "Startup Cost": 0.0, "Total Cost": 3182.72, "Plan Rows": 1, "Plan Width": 4, "Actual Startup Time": 0.438, "Actual Total Time": 113.411, "Actual Rows": 1, "Actual Loops": 1, "Filter": "((keyword)::text = 'sequel'::text)", "Rows Removed by Filter": 134168}, {"Node Type": "Index Scan", "Parent Relationship": "Inner", "Scan Direction": "Forward", "Index Name": "keyword_id_movie_keyword", "Relation Name": "movie_keyword", "Alias": "mk", "Startup Cost": 0.0, "Total Cost": 136.88, "Plan Rows": 33, "Plan Width": 8, "Actual Startup Time": 0.027, "Actual Total Time": 10.895, "Actual Rows": 10544, "Actual Loops": 1, "Index Cond": "(keyword_id = k.id)", "Rows Removed by Index Recheck": 0}]}, {"Node Type": "Index Scan", "Parent Relationship": "Inner", "Scan Direction": "Forward", "Index Name": "title_pkey", "Relation Name": "title", "Alias": "t", "Startup Cost": 0.0, "Total Cost": 0.31, "Plan Rows": 1, "Plan Width": 21, "Actual Startup Time": 44.568, "Actual Total Time": 44.568, "Actual Rows": 1, "Actual Loops": 10544, "Index Cond": "(id = mk.movie_id)", "Rows Removed by Index Recheck": 0, "Filter": "(((title)::text ~~ '%Money%'::text) AND (production_year = 1998))", "Rows Removed by Filter": 10543}]}, {"Node Type": "Index Scan", "Parent Relationship": "Inner", "Scan Direction": "Forward", "Index Name": "movie_id_movie_companies", "Relation Name": "movie_companies", "Alias": "mc", "Startup Cost": 0.0, "Total Cost": 0.31, "Plan Rows": 2, "Plan Width": 12, "Actual Startup Time": 0.011, "Actual Total Time": 0.013, "Actual Rows": 3, "Actual Loops": 1, "Index Cond": "(movie_id = mk.movie_id)", "Rows Removed by Index Recheck": 0, "Filter": "(note IS NULL)", "Rows Removed by Filter": 1}]}, {"Node Type": "Index Scan", "Parent Relationship": "Inner", "Scan Direction": "Forward", "Index Name": "company_name_pkey", "Relation Name": "company_name", "Alias": "cn", "Startup Cost": 0.0, "Total Cost": 0.29, "Plan Rows": 1, "Plan Width": 23, "Actual Startup Time": 0.022, "Actual Total Time": 0.022, "Actual Rows": 2, "Actual Loops": 3, "Index Cond": "(id = mc.company_id)", "Rows Removed by Index Recheck": 0, "Filter": "(((country_code)::text <> '[pl]'::text) AND (((name)::text ~~ '%Film%'::text) OR ((name)::text ~~ '%Warner%'::text)))", "Rows Removed by Filter": 1}]}, {"Node Type": "Index Scan", "Parent Relationship": "Inner", "Scan Direction": "Forward", "Index Name": "company_type_pkey", "Relation Name": "company_type", "Alias": "ct", "Startup Cost": 0.0, "Total Cost": 0.27, "Plan Rows": 1, "Plan Width": 4, "Actual Startup Time": 0.006, "Actual Total Time": 0.006, "Actual Rows": 2, "Actual Loops": 2, "Index Cond": "(id = mc.company_type_id)", "Rows Removed by Index Recheck": 0, "Filter": "((kind)::text = 'production companies'::text)", "Rows Removed by Filter": 0}]}, {"Node Type": "Index Scan", "Parent Relationship": "Inner", "Scan Direction": "Forward", "Index Name": "movie_id_movie_link", "Relation Name": "movie_link", "Alias": "ml", "Startup Cost": 0.0, "Total Cost": 0.35, "Plan Rows": 5, "Plan Width": 8, "Actual Startup Time": 0.011, "Actual Total Time": 0.025, "Actual Rows": 38, "Actual Loops": 2, "Index Cond": "(movie_id = mk.movie_id)", "Rows Removed by Index Recheck": 0}]}, {"Node Type": "Index Scan", "Parent Relationship": "Inner", "Scan Direction": "Forward", "Index Name": "link_type_pkey", "Relation Name": "link_type", "Alias": "lt", "Startup Cost": 0.0, "Total Cost": 0.27, "Plan Rows": 1, "Plan Width": 16, "Actual Startup Time": 0.063, "Actual Total Time": 0.063, "Actual Rows": 0, "Actual Loops": 38, "Index Cond": "(id = ml.link_type_id)", "Rows Removed by Index Recheck": 0, "Filter": "((link)::text ~~ '%follows%'::text)", "Rows Removed by Filter": 24}]}]}, "Triggers": [], "Planner Runtime": 56.535, "Total Runtime": 177.003, "Unique SQL Id": 4121279504}}, "(1, 110)": {"explain_plan": {"Plan": {"Node Type": "Aggregate", "Strategy": "Plain", "Startup Cost": 202298.61, "Total Cost": 202298.62, "Plan Rows": 1, "Plan Width": 144, "Plans": [{"Node Type": "Hash Join", "Parent Relationship": "Outer", "Join Type": "Inner", "Startup Cost": 128518.72, "Total Cost": 202298.6, "Plan Rows": 1, "Plan Width": 48, "Inner Unique": true, "Hash Cond": "(mc.company_type_id = ct.id)", "Plans": [{"Node Type": "Hash Join", "Parent Relationship": "Outer", "Join Type": "Inner", "Startup Cost": 128517.67, "Total Cost": 202297.54, "Plan Rows": 1, "Plan Width": 52, "Inner Unique": false, "Hash Cond": "(t.id = ml.movie_id)", "Plans": [{"Node Type": "Hash Join", "Parent Relationship": "Outer", "Join Type": "Inner", "Startup Cost": 127968.12, "Total Cost": 201747.93, "Plan Rows": 1, "Plan Width": 52, "Inner Unique": false, "Hash Cond": "(mk.movie_id = t.id)", "Plans": [{"Node Type": "Hash Join", "Parent Relationship": "Outer", "Join Type": "Inner", "Startup Cost": 2436.12, "Total Cost": 76215.84, "Plan Rows": 33, "Plan Width": 4, "Inner Unique": true, "Hash Cond": "(mk.keyword_id = k.id)", "Plans": [{"Node Type": "Seq Scan", "Parent Relationship": "Outer", "Relation Name": "movie_keyword", "Alias": "mk", "Startup Cost": 0.0, "Total Cost": 62441.29, "Plan Rows": 4523929, "Plan Width": 8}, {"Node Type": "Hash", "Parent Relationship": "Inner", "Startup Cost": 2436.11, "Total Cost": 2436.11, "Plan Rows": 1, "Plan Width": 4, "Plans": [{"Node Type": "Seq Scan", "Parent Relationship": "Outer", "Relation Name": "keyword", "Alias": "k", "Startup Cost": 0.0, "Total Cost": 2436.11, "Plan Rows": 1, "Plan Width": 4, "Filter": "((keyword)::text = 'sequel'::text)"}]}]}, {"Node Type": "Hash", "Parent Relationship": "Inner", "Startup Cost": 125531.97, "Total Cost": 125531.97, "Plan Rows": 2, "Plan Width": 48, "Plans": [{"Node Type": "Hash Join", "Parent Relationship": "Outer", "Join Type": "Inner", "Startup Cost": 80509.13, "Total Cost": 125531.97, "Plan Rows": 2, "Plan Width": 48, "Inner Unique": true, "Hash Cond": "(mc.company_id = cn.id)", "Plans": [{"Node Type": "Hash Join", "Parent Relationship": "Outer", "Join Type": "Inner", "Startup Cost": 72710.72, "Total Cost": 117733.51, "Plan Rows": 6, "Plan Width": 33, "Inner Unique": true, "Hash Cond": "(mc.movie_id = t.id)", "Plans": [{"Node Type": "Seq Scan", "Parent Relationship": "Outer", "Relation Name": "movie_companies", "Alias": "mc", "Startup Cost": 0.0, "Total Cost": 41817.28, "Plan Rows": 1269486, "Plan Width": 12, "Filter": "(note IS NULL), (LLVM Optimized)"}, {"Node Type": "Hash", "Parent Relationship": "Inner", "Startup Cost": 72710.67, "Total Cost": 72710.67, "Plan Rows": 4, "Plan Width": 21, "Plans": [{"Node Type": "Seq Scan", "Parent Relationship": "Outer", "Relation Name": "title", "Alias": "t", "Startup Cost": 0.0, "Total Cost": 72710.67, "Plan Rows": 4, "Plan Width": 21, "Filter": "(((title)::text ~~ '%Money%'::text) AND (production_year = 1998))"}]}]}, {"Node Type": "Hash", "Parent Relationship": "Inner", "Startup Cost": 7078.43, "Total Cost": 7078.43, "Plan Rows": 57599, "Plan Width": 23, "Plans": [{"Node Type": "Seq Scan", "Parent Relationship": "Outer", "Relation Name": "company_name", "Alias": "cn", "Startup Cost": 0.0, "Total Cost": 7078.43, "Plan Rows": 57599, "Plan Width": 23, "Filter": "(((country_code)::text <> '[pl]'::text) AND (((name)::text ~~ '%Film%'::text) OR ((name)::text ~~ '%Warner%'::text)))"}]}]}]}]}, {"Node Type": "Hash", "Parent Relationship": "Inner", "Startup Cost": 526.11, "Total Cost": 526.11, "Plan Rows": 1875, "Plan Width": 16, "Plans": [{"Node Type": "Hash Join", "Parent Relationship": "Outer", "Join Type": "Inner", "Startup Cost": 1.22, "Total Cost": 526.11, "Plan Rows": 1875, "Plan Width": 16, "Inner Unique": true, "Hash Cond": "(ml.link_type_id = lt.id)", "Plans": [{"Node Type": "Seq Scan", "Parent Relationship": "Outer", "Relation Name": "movie_link", "Alias": "ml", "Startup Cost": 0.0, "Total Cost": 430.96, "Plan Rows": 29996, "Plan Width": 8}, {"Node Type": "Hash", "Parent Relationship": "Inner", "Startup Cost": 1.21, "Total Cost": 1.21, "Plan Rows": 1, "Plan Width": 16, "Plans": [{"Node Type": "Seq Scan", "Parent Relationship": "Outer", "Relation Name": "link_type", "Alias": "lt", "Startup Cost": 0.0, "Total Cost": 1.21, "Plan Rows": 1, "Plan Width": 16, "Filter": "((link)::text ~~ '%follows%'::text)"}]}]}]}]}, {"Node Type": "Hash", "Parent Relationship": "Inner", "Startup Cost": 1.04, "Total Cost": 1.04, "Plan Rows": 1, "Plan Width": 4, "Plans": [{"Node Type": "Seq Scan", "Parent Relationship": "Outer", "Relation Name": "company_type", "Alias": "ct", "Startup Cost": 0.0, "Total Cost": 1.04, "Plan Rows": 1, "Plan Width": 4, "Filter": "((kind)::text = 'production companies'::text)"}]}]}]}, "Unique SQL Id": 4121279504}, "explain_analyze_plan": {"Plan": {"Node Type": "Aggregate", "Strategy": "Plain", "Startup Cost": 202298.61, "Total Cost": 202298.62, "Plan Rows": 1, "Plan Width": 144, "Actual Startup Time": 0.234, "Actual Total Time": 0.235, "Actual Rows": 1, "Actual Loops": 1, "Plans": [{"Node Type": "Hash Join", "Parent Relationship": "Outer", "Join Type": "Inner", "Startup Cost": 128518.72, "Total Cost": 202298.6, "Plan Rows": 1, "Plan Width": 48, "Actual Startup Time": 0.226, "Actual Total Time": 0.226, "Actual Rows": 0, "Actual Loops": 1, "Inner Unique": true, "Hash Cond": "(mc.company_type_id = ct.id)", "Plans": [{"Node Type": "Hash Join", "Parent Relationship": "Outer", "Join Type": "Inner", "Startup Cost": 128517.67, "Total Cost": 202297.54, "Plan Rows": 1, "Plan Width": 52, "Actual Startup Time": 0.135, "Actual Total Time": 0.135, "Actual Rows": 0, "Actual Loops": 1, "Inner Unique": false, "Hash Cond": "(t.id = ml.movie_id)", "Plans": [{"Node Type": "Hash Join", "Parent Relationship": "Outer", "Join Type": "Inner", "Startup Cost": 127968.12, "Total Cost": 201747.93, "Plan Rows": 1, "Plan Width": 52, "Actual Startup Time": 0.0, "Actual Total Time": 0.0, "Inner Unique": false, "Hash Cond": "(mk.movie_id = t.id)", "Plans": [{"Node Type": "Hash Join", "Parent Relationship": "Outer", "Join Type": "Inner", "Startup Cost": 2436.12, "Total Cost": 76215.84, "Plan Rows": 33, "Plan Width": 4, "Actual Startup Time": 0.0, "Actual Total Time": 0.0, "Inner Unique": true, "Hash Cond": "(mk.keyword_id = k.id)", "Plans": [{"Node Type": "Seq Scan", "Parent Relationship": "Outer", "Relation Name": "movie_keyword", "Alias": "mk", "Startup Cost": 0.0, "Total Cost": 62441.29, "Plan Rows": 4523929, "Plan Width": 8, "Actual Startup Time": 0.0, "Actual Total Time": 0.0}, {"Node Type": "Hash", "Parent Relationship": "Inner", "Startup Cost": 2436.11, "Total Cost": 2436.11, "Plan Rows": 1, "Plan Width": 4, "Actual Startup Time": 0.0, "Actual Total Time": 0.0, "Hash Buckets": 0, "Hash Batches": 0, "Original Hash Batches": 0, "Peak Memory Usage": 0, "Plans": [{"Node Type": "Seq Scan", "Parent Relationship": "Outer", "Relation Name": "keyword", "Alias": "k", "Startup Cost": 0.0, "Total Cost": 2436.11, "Plan Rows": 1, "Plan Width": 4, "Actual Startup Time": 0.0, "Actual Total Time": 0.0, "Filter": "((keyword)::text = 'sequel'::text)", "Rows Removed by Filter": 0}]}]}, {"Node Type": "Hash", "Parent Relationship": "Inner", "Startup Cost": 125531.97, "Total Cost": 125531.97, "Plan Rows": 2, "Plan Width": 48, "Actual Startup Time": 0.0, "Actual Total Time": 0.0, "Hash Buckets": 0, "Hash Batches": 0, "Original Hash Batches": 0, "Peak Memory Usage": 0, "Plans": [{"Node Type": "Hash Join", "Parent Relationship": "Outer", "Join Type": "Inner", "Startup Cost": 80509.13, "Total Cost": 125531.97, "Plan Rows": 2, "Plan Width": 48, "Actual Startup Time": 0.0, "Actual Total Time": 0.0, "Inner Unique": true, "Hash Cond": "(mc.company_id = cn.id)", "Plans": [{"Node Type": "Hash Join", "Parent Relationship": "Outer", "Join Type": "Inner", "Startup Cost": 72710.72, "Total Cost": 117733.51, "Plan Rows": 6, "Plan Width": 33, "Actual Startup Time": 0.0, "Actual Total Time": 0.0, "Inner Unique": true, "Hash Cond": "(mc.movie_id = t.id)", "Plans": [{"Node Type": "Seq Scan", "Parent Relationship": "Outer", "Relation Name": "movie_companies", "Alias": "mc", "Startup Cost": 0.0, "Total Cost": 41817.28, "Plan Rows": 1269486, "Plan Width": 12, "Actual Startup Time": 0.0, "Actual Total Time": 0.0, "Filter": "(note IS NULL), (LLVM Optimized)", "Rows Removed by Filter": 0}, {"Node Type": "Hash", "Parent Relationship": "Inner", "Startup Cost": 72710.67, "Total Cost": 72710.67, "Plan Rows": 4, "Plan Width": 21, "Actual Startup Time": 0.0, "Actual Total Time": 0.0, "Hash Buckets": 0, "Hash Batches": 0, "Original Hash Batches": 0, "Peak Memory Usage": 0, "Plans": [{"Node Type": "Seq Scan", "Parent Relationship": "Outer", "Relation Name": "title", "Alias": "t", "Startup Cost": 0.0, "Total Cost": 72710.67, "Plan Rows": 4, "Plan Width": 21, "Actual Startup Time": 0.0, "Actual Total Time": 0.0, "Filter": "(((title)::text ~~ '%Money%'::text) AND (production_year = 1998))", "Rows Removed by Filter": 0}]}]}, {"Node Type": "Hash", "Parent Relationship": "Inner", "Startup Cost": 7078.43, "Total Cost": 7078.43, "Plan Rows": 57599, "Plan Width": 23, "Actual Startup Time": 0.0, "Actual Total Time": 0.0, "Hash Buckets": 0, "Hash Batches": 0, "Original Hash Batches": 0, "Peak Memory Usage": 0, "Plans": [{"Node Type": "Seq Scan", "Parent Relationship": "Outer", "Relation Name": "company_name", "Alias": "cn", "Startup Cost": 0.0, "Total Cost": 7078.43, "Plan Rows": 57599, "Plan Width": 23, "Actual Startup Time": 0.0, "Actual Total Time": 0.0, "Filter": "(((country_code)::text <> '[pl]'::text) AND (((name)::text ~~ '%Film%'::text) OR ((name)::text ~~ '%Warner%'::text)))", "Rows Removed by Filter": 0}]}]}]}]}, {"Node Type": "Hash", "Parent Relationship": "Inner", "Startup Cost": 526.11, "Total Cost": 526.11, "Plan Rows": 1875, "Plan Width": 16, "Actual Startup Time": 0.084, "Actual Total Time": 0.084, "Actual Rows": 0, "Actual Loops": 1, "Hash Buckets": 32768, "Hash Batches": 1, "Original Hash Batches": 1, "Peak Memory Usage": 0, "Plans": [{"Node Type": "Hash Join", "Parent Relationship": "Outer", "Join Type": "Inner", "Startup Cost": 1.22, "Total Cost": 526.11, "Plan Rows": 1875, "Plan Width": 16, "Actual Startup Time": 0.084, "Actual Total Time": 0.084, "Actual Rows": 0, "Actual Loops": 1, "Inner Unique": true, "Hash Cond": "(ml.link_type_id = lt.id)", "Plans": [{"Node Type": "Seq Scan", "Parent Relationship": "Outer", "Relation Name": "movie_link", "Alias": "ml", "Startup Cost": 0.0, "Total Cost": 430.96, "Plan Rows": 29996, "Plan Width": 8, "Actual Startup Time": 0.036, "Actual Total Time": 0.036, "Actual Rows": 1, "Actual Loops": 1}, {"Node Type": "Hash", "Parent Relationship": "Inner", "Startup Cost": 1.21, "Total Cost": 1.21, "Plan Rows": 1, "Plan Width": 16, "Actual Startup Time": 0.017, "Actual Total Time": 0.017, "Actual Rows": 0, "Actual Loops": 1, "Hash Buckets": 32768, "Hash Batches": 1, "Original Hash Batches": 1, "Peak Memory Usage": 0, "Plans": [{"Node Type": "Seq Scan", "Parent Relationship": "Outer", "Relation Name": "link_type", "Alias": "lt", "Startup Cost": 0.0, "Total Cost": 1.21, "Plan Rows": 1, "Plan Width": 16, "Actual Startup Time": 0.016, "Actual Total Time": 0.016, "Actual Rows": 0, "Actual Loops": 1, "Filter": "((link)::text ~~ '%follows%'::text)", "Rows Removed by Filter": 17}]}]}]}]}, {"Node Type": "Hash", "Parent Relationship": "Inner", "Startup Cost": 1.04, "Total Cost": 1.04, "Plan Rows": 1, "Plan Width": 4, "Actual Startup Time": 0.045, "Actual Total Time": 0.045, "Actual Rows": 1, "Actual Loops": 1, "Hash Buckets": 32768, "Hash Batches": 1, "Original Hash Batches": 1, "Peak Memory Usage": 1, "Plans": [{"Node Type": "Seq Scan", "Parent Relationship": "Outer", "Relation Name": "company_type", "Alias": "ct", "Startup Cost": 0.0, "Total Cost": 1.04, "Plan Rows": 1, "Plan Width": 4, "Actual Startup Time": 0.031, "Actual Total Time": 0.034, "Actual Rows": 1, "Actual Loops": 1, "Filter": "((kind)::text = 'production companies'::text)", "Rows Removed by Filter": 2}]}]}]}, "Triggers": [], "Planner Runtime": 101.82, "Total Runtime": 9.742, "Unique SQL Id": 4121279504}}, "(1, 111)": {"explain_plan": {"Plan": {"Node Type": "Aggregate", "Strategy": "Plain", "Startup Cost": 8000012610315.01, "Total Cost": 8000012610315.02, "Plan Rows": 1, "Plan Width": 144, "Plans": [{"Node Type": "Hash Join", "Parent Relationship": "Outer", "Join Type": "Inner", "Startup Cost": 3050012278694.0, "Total Cost": 8000012610315.0, "Plan Rows": 1, "Plan Width": 48, "Inner Unique": true, "Hash Cond": "(ml.link_type_id = lt.id)", "Plans": [{"Node Type": "Nested Loop", "Parent Relationship": "Outer", "Join Type": "Inner", "Startup Cost": 2050012277439.23, "Total Cost": 7000012609060.23, "Plan Rows": 1, "Plan Width": 40, "Inner Unique": false, "Join Filter": "(t.id = ml.movie_id)", "Plans": [{"Node Type": "Hash Join", "Parent Relationship": "Outer", "Join Type": "Inner", "Startup Cost": 2040012277439.23, "Total Cost": 6000012609025.14, "Plan Rows": 1, "Plan Width": 48, "Inner Unique": true, "Hash Cond": "(mc.company_type_id = ct.id)", "Plans": [{"Node Type": "Nested Loop", "Parent Relationship": "Outer", "Join Type": "Inner", "Startup Cost": 1040012276208.97, "Total Cost": 5000012607794.87, "Plan Rows": 1, "Plan Width": 52, "Inner Unique": true, "Plans": [{"Node Type": "Nested Loop", "Parent Relationship": "Outer", "Join Type": "Inner", "Startup Cost": 1030012276208.97, "Total Cost": 4000012607766.05, "Plan Rows": 1, "Plan Width": 37, "Inner Unique": false, "Join Filter": "(t.id = mc.movie_id)", "Plans": [{"Node Type": "Hash Join", "Parent Relationship": "Outer", "Join Type": "Inner", "Startup Cost": 1020012276208.97, "Total Cost": 3000012607734.78, "Plan Rows": 1, "Plan Width": 25, "Inner Unique": true, "Hash Cond": "(mk.movie_id = t.id)", "Plans": [{"Node Type": "Nested Loop", "Parent Relationship": "Outer", "Join Type": "Inner", "Startup Cost": 20000000004.51, "Total Cost": 2000000331530.23, "Plan Rows": 33, "Plan Width": 4, "Inner Unique": false, "Plans": [{"Node Type": "Index Scan", "Parent Relationship": "Outer", "Scan Direction": "Forward", "Index Name": "keyword_pkey", "Relation Name": "keyword", "Alias": "k", "Startup Cost": 10000000000.0, "Total Cost": 1000000318271.68, "Plan Rows": 1, "Plan Width": 4, "Filter": "((keyword)::text = 'sequel'::text)"}, {"Node Type": "Bitmap Heap Scan", "Parent Relationship": "Inner", "Relation Name": "movie_keyword", "Alias": "mk", "Startup Cost": 10000000004.51, "Total Cost": 1000000013258.21, "Plan Rows": 33, "Plan Width": 8, "Recheck Cond": "(keyword_id = k.id)", "Plans": [{"Node Type": "Bitmap Index Scan", "Parent Relationship": "Outer", "Index Name": "keyword_id_movie_keyword", "Startup Cost": 0.0, "Total Cost": 4.5, "Plan Rows": 33, "Plan Width": 0, "Index Cond": "(keyword_id = k.id)"}]}]}, {"Node Type": "Hash", "Parent Relationship": "Inner", "Startup Cost": 1000012276204.41, "Total Cost": 1000012276204.41, "Plan Rows": 4, "Plan Width": 21, "Plans": [{"Node Type": "Index Scan", "Parent Relationship": "Outer", "Scan Direction": "Forward", "Index Name": "title_pkey", "Relation Name": "title", "Alias": "t", "Startup Cost": 10000000000.0, "Total Cost": 1000012276204.41, "Plan Rows": 4, "Plan Width": 21, "Filter": "(((title)::text ~~ '%Money%'::text) AND (production_year = 1998))"}]}]}, {"Node Type": "Index Scan", "Parent Relationship": "Inner", "Scan Direction": "Forward", "Index Name": "movie_id_movie_companies", "Relation Name": "movie_companies", "Alias": "mc", "Startup Cost": 10000000000.0, "Total Cost": 1000000000031.24, "Plan Rows": 2, "Plan Width": 12, "Index Cond": "(movie_id = mk.movie_id)", "Filter": "(note IS NULL)"}]}, {"Node Type": "Index Scan", "Parent Relationship": "Inner", "Scan Direction": "Forward", "Index Name": "company_name_pkey", "Relation Name": "company_name", "Alias": "cn", "Startup Cost": 10000000000.0, "Total Cost": 1000000000028.81, "Plan Rows": 1, "Plan Width": 23, "Index Cond": "(id = mc.company_id)", "Filter": "(((country_code)::text <> '[pl]'::text) AND (((name)::text ~~ '%Film%'::text) OR ((name)::text ~~ '%Warner%'::text)))"}]}, {"Node Type": "Hash", "Parent Relationship": "Inner", "Startup Cost": 1000000001230.25, "Total Cost": 1000000001230.25, "Plan Rows": 1, "Plan Width": 4, "Plans": [{"Node Type": "Index Scan", "Parent Relationship": "Outer", "Scan Direction": "Forward", "Index Name": "company_type_pkey", "Relation Name": "company_type", "Alias": "ct", "Startup Cost": 10000000000.0, "Total Cost": 1000000001230.25, "Plan Rows": 1, "Plan Width": 4, "Filter": "((kind)::text = 'production companies'::text)"}]}]}, {"Node Type": "Index Scan", "Parent Relationship": "Inner", "Scan Direction": "Forward", "Index Name": "movie_id_movie_link", "Relation Name": "movie_link", "Alias": "ml", "Startup Cost": 10000000000.0, "Total Cost": 1000000000035.02, "Plan Rows": 5, "Plan Width": 8, "Index Cond": "(movie_id = mk.movie_id)"}]}, {"Node Type": "Hash", "Parent Relationship": "Inner", "Startup Cost": 1000000001254.75, "Total Cost": 1000000001254.75, "Plan Rows": 1, "Plan Width": 16, "Plans": [{"Node Type": "Index Scan", "Parent Relationship": "Outer", "Scan Direction": "Forward", "Index Name": "link_type_pkey", "Relation Name": "link_type", "Alias": "lt", "Startup Cost": 10000000000.0, "Total Cost": 1000000001254.75, "Plan Rows": 1, "Plan Width": 16, "Filter": "((link)::text ~~ '%follows%'::text)"}]}]}]}, "Unique SQL Id": 4121279504}, "explain_analyze_plan": {"Plan": {"Node Type": "Aggregate", "Strategy": "Plain", "Startup Cost": 8000012610315.01, "Total Cost": 8000012610315.02, "Plan Rows": 1, "Plan Width": 144, "Actual Startup Time": 0.108, "Actual Total Time": 0.108, "Actual Rows": 1, "Actual Loops": 1, "Plans": [{"Node Type": "Hash Join", "Parent Relationship": "Outer", "Join Type": "Inner", "Startup Cost": 3050012278694.0, "Total Cost": 8000012610315.0, "Plan Rows": 1, "Plan Width": 48, "Actual Startup Time": 0.099, "Actual Total Time": 0.099, "Actual Rows": 0, "Actual Loops": 1, "Inner Unique": true, "Hash Cond": "(ml.link_type_id = lt.id)", "Plans": [{"Node Type": "Nested Loop", "Parent Relationship": "Outer", "Join Type": "Inner", "Startup Cost": 2050012277439.23, "Total Cost": 7000012609060.23, "Plan Rows": 1, "Plan Width": 40, "Actual Startup Time": 0.0, "Actual Total Time": 0.0, "Inner Unique": false, "Join Filter": "(t.id = ml.movie_id)", "Rows Removed by Join Filter": 0, "Plans": [{"Node Type": "Hash Join", "Parent Relationship": "Outer", "Join Type": "Inner", "Startup Cost": 2040012277439.23, "Total Cost": 6000012609025.14, "Plan Rows": 1, "Plan Width": 48, "Actual Startup Time": 0.0, "Actual Total Time": 0.0, "Inner Unique": true, "Hash Cond": "(mc.company_type_id = ct.id)", "Plans": [{"Node Type": "Nested Loop", "Parent Relationship": "Outer", "Join Type": "Inner", "Startup Cost": 1040012276208.97, "Total Cost": 5000012607794.87, "Plan Rows": 1, "Plan Width": 52, "Actual Startup Time": 0.0, "Actual Total Time": 0.0, "Inner Unique": true, "Plans": [{"Node Type": "Nested Loop", "Parent Relationship": "Outer", "Join Type": "Inner", "Startup Cost": 1030012276208.97, "Total Cost": 4000012607766.05, "Plan Rows": 1, "Plan Width": 37, "Actual Startup Time": 0.0, "Actual Total Time": 0.0, "Inner Unique": false, "Join Filter": "(t.id = mc.movie_id)", "Rows Removed by Join Filter": 0, "Plans": [{"Node Type": "Hash Join", "Parent Relationship": "Outer", "Join Type": "Inner", "Startup Cost": 1020012276208.97, "Total Cost": 3000012607734.78, "Plan Rows": 1, "Plan Width": 25, "Actual Startup Time": 0.0, "Actual Total Time": 0.0, "Inner Unique": true, "Hash Cond": "(mk.movie_id = t.id)", "Plans": [{"Node Type": "Nested Loop", "Parent Relationship": "Outer", "Join Type": "Inner", "Startup Cost": 20000000004.51, "Total Cost": 2000000331530.23, "Plan Rows": 33, "Plan Width": 4, "Actual Startup Time": 0.0, "Actual Total Time": 0.0, "Inner Unique": false, "Plans": [{"Node Type": "Index Scan", "Parent Relationship": "Outer", "Scan Direction": "Forward", "Index Name": "keyword_pkey", "Relation Name": "keyword", "Alias": "k", "Startup Cost": 10000000000.0, "Total Cost": 1000000318271.68, "Plan Rows": 1, "Plan Width": 4, "Actual Startup Time": 0.0, "Actual Total Time": 0.0, "Filter": "((keyword)::text = 'sequel'::text)", "Rows Removed by Filter": 0}, {"Node Type": "Bitmap Heap Scan", "Parent Relationship": "Inner", "Relation Name": "movie_keyword", "Alias": "mk", "Startup Cost": 10000000004.51, "Total Cost": 1000000013258.21, "Plan Rows": 33, "Plan Width": 8, "Actual Startup Time": 0.0, "Actual Total Time": 0.0, "Recheck Cond": "(keyword_id = k.id)", "Rows Removed by Index Recheck": 0, "Exact Heap Blocks": 0, "Lossy Heap Blocks": 0, "Plans": [{"Node Type": "Bitmap Index Scan", "Parent Relationship": "Outer", "Index Name": "keyword_id_movie_keyword", "Startup Cost": 0.0, "Total Cost": 4.5, "Plan Rows": 33, "Plan Width": 0, "Actual Startup Time": 0.0, "Actual Total Time": 0.0, "Index Cond": "(keyword_id = k.id)"}]}]}, {"Node Type": "Hash", "Parent Relationship": "Inner", "Startup Cost": 1000012276204.41, "Total Cost": 1000012276204.41, "Plan Rows": 4, "Plan Width": 21, "Actual Startup Time": 0.0, "Actual Total Time": 0.0, "Hash Buckets": 0, "Hash Batches": 0, "Original Hash Batches": 0, "Peak Memory Usage": 0, "Plans": [{"Node Type": "Index Scan", "Parent Relationship": "Outer", "Scan Direction": "Forward", "Index Name": "title_pkey", "Relation Name": "title", "Alias": "t", "Startup Cost": 10000000000.0, "Total Cost": 1000012276204.41, "Plan Rows": 4, "Plan Width": 21, "Actual Startup Time": 0.0, "Actual Total Time": 0.0, "Filter": "(((title)::text ~~ '%Money%'::text) AND (production_year = 1998))", "Rows Removed by Filter": 0}]}]}, {"Node Type": "Index Scan", "Parent Relationship": "Inner", "Scan Direction": "Forward", "Index Name": "movie_id_movie_companies", "Relation Name": "movie_companies", "Alias": "mc", "Startup Cost": 10000000000.0, "Total Cost": 1000000000031.24, "Plan Rows": 2, "Plan Width": 12, "Actual Startup Time": 0.0, "Actual Total Time": 0.0, "Index Cond": "(movie_id = mk.movie_id)", "Rows Removed by Index Recheck": 0, "Filter": "(note IS NULL)", "Rows Removed by Filter": 0}]}, {"Node Type": "Index Scan", "Parent Relationship": "Inner", "Scan Direction": "Forward", "Index Name": "company_name_pkey", "Relation Name": "company_name", "Alias": "cn", "Startup Cost": 10000000000.0, "Total Cost": 1000000000028.81, "Plan Rows": 1, "Plan Width": 23, "Actual Startup Time": 0.0, "Actual Total Time": 0.0, "Index Cond": "(id = mc.company_id)", "Rows Removed by Index Recheck": 0, "Filter": "(((country_code)::text <> '[pl]'::text) AND (((name)::text ~~ '%Film%'::text) OR ((name)::text ~~ '%Warner%'::text)))", "Rows Removed by Filter": 0}]}, {"Node Type": "Hash", "Parent Relationship": "Inner", "Startup Cost": 1000000001230.25, "Total Cost": 1000000001230.25, "Plan Rows": 1, "Plan Width": 4, "Actual Startup Time": 0.0, "Actual Total Time": 0.0, "Hash Buckets": 0, "Hash Batches": 0, "Original Hash Batches": 0, "Peak Memory Usage": 0, "Plans": [{"Node Type": "Index Scan", "Parent Relationship": "Outer", "Scan Direction": "Forward", "Index Name": "company_type_pkey", "Relation Name": "company_type", "Alias": "ct", "Startup Cost": 10000000000.0, "Total Cost": 1000000001230.25, "Plan Rows": 1, "Plan Width": 4, "Actual Startup Time": 0.0, "Actual Total Time": 0.0, "Filter": "((kind)::text = 'production companies'::text)", "Rows Removed by Filter": 0}]}]}, {"Node Type": "Index Scan", "Parent Relationship": "Inner", "Scan Direction": "Forward", "Index Name": "movie_id_movie_link", "Relation Name": "movie_link", "Alias": "ml", "Startup Cost": 10000000000.0, "Total Cost": 1000000000035.02, "Plan Rows": 5, "Plan Width": 8, "Actual Startup Time": 0.0, "Actual Total Time": 0.0, "Index Cond": "(movie_id = mk.movie_id)", "Rows Removed by Index Recheck": 0}]}, {"Node Type": "Hash", "Parent Relationship": "Inner", "Startup Cost": 1000000001254.75, "Total Cost": 1000000001254.75, "Plan Rows": 1, "Plan Width": 16, "Actual Startup Time": 0.054, "Actual Total Time": 0.054, "Actual Rows": 0, "Actual Loops": 1, "Hash Buckets": 32768, "Hash Batches": 1, "Original Hash Batches": 1, "Peak Memory Usage": 0, "Plans": [{"Node Type": "Index Scan", "Parent Relationship": "Outer", "Scan Direction": "Forward", "Index Name": "link_type_pkey", "Relation Name": "link_type", "Alias": "lt", "Startup Cost": 10000000000.0, "Total Cost": 1000000001254.75, "Plan Rows": 1, "Plan Width": 16, "Actual Startup Time": 0.05, "Actual Total Time": 0.05, "Actual Rows": 0, "Actual Loops": 1, "Filter": "((link)::text ~~ '%follows%'::text)", "Rows Removed by Filter": 17}]}]}]}, "Triggers": [], "Planner Runtime": 60.948, "Total Runtime": 0.421, "Unique SQL Id": 4121279504}}, "(1, 112)": {"explain_plan": {"Plan": {"Node Type": "Aggregate", "Strategy": "Plain", "Startup Cost": 2581.34, "Total Cost": 2581.35, "Plan Rows": 1, "Plan Width": 144, "Plans": [{"Node Type": "Nested Loop", "Parent Relationship": "Outer", "Join Type": "Inner", "Startup Cost": 4.51, "Total Cost": 2581.33, "Plan Rows": 1, "Plan Width": 48, "Inner Unique": true, "Plans": [{"Node Type": "Nested Loop", "Parent Relationship": "Outer", "Join Type": "Inner", "Startup Cost": 4.51, "Total Cost": 2581.05, "Plan Rows": 1, "Plan Width": 40, "Inner Unique": false, "Join Filter": "(t.id = ml.movie_id)", "Plans": [{"Node Type": "Nested Loop", "Parent Relationship": "Outer", "Join Type": "Inner", "Startup Cost": 4.51, "Total Cost": 2580.63, "Plan Rows": 1, "Plan Width": 48, "Inner Unique": true, "Plans": [{"Node Type": "Nested Loop", "Parent Relationship": "Outer", "Join Type": "Inner", "Startup Cost": 4.51, "Total Cost": 2580.35, "Plan Rows": 1, "Plan Width": 52, "Inner Unique": true, "Plans": [{"Node Type": "Nested Loop", "Parent Relationship": "Outer", "Join Type": "Inner", "Startup Cost": 4.51, "Total Cost": 2580.05, "Plan Rows": 1, "Plan Width": 37, "Inner Unique": false, "Join Filter": "(t.id = mc.movie_id)", "Plans": [{"Node Type": "Nested Loop", "Parent Relationship": "Outer", "Join Type": "Inner", "Startup Cost": 4.51, "Total Cost": 2579.71, "Plan Rows": 1, "Plan Width": 25, "Inner Unique": true, "Plans": [{"Node Type": "Nested Loop", "Parent Relationship": "Outer", "Join Type": "Inner", "Startup Cost": 4.51, "Total Cost": 2569.02, "Plan Rows": 33, "Plan Width": 4, "Inner Unique": false, "Plans": [{"Node Type": "Seq Scan", "Parent Relationship": "Outer", "Relation Name": "keyword", "Alias": "k", "Startup Cost": 0.0, "Total Cost": 2436.11, "Plan Rows": 1, "Plan Width": 4, "Filter": "((keyword)::text = 'sequel'::text)"}, {"Node Type": "Bitmap Heap Scan", "Parent Relationship": "Inner", "Relation Name": "movie_keyword", "Alias": "mk", "Startup Cost": 4.51, "Total Cost": 132.58, "Plan Rows": 33, "Plan Width": 8, "Recheck Cond": "(keyword_id = k.id)", "Plans": [{"Node Type": "Bitmap Index Scan", "Parent Relationship": "Outer", "Index Name": "keyword_id_movie_keyword", "Startup Cost": 0.0, "Total Cost": 4.5, "Plan Rows": 33, "Plan Width": 0, "Index Cond": "(keyword_id = k.id)"}]}]}, {"Node Type": "Index Scan", "Parent Relationship": "Inner", "Scan Direction": "Forward", "Index Name": "title_pkey", "Relation Name": "title", "Alias": "t", "Startup Cost": 0.0, "Total Cost": 0.31, "Plan Rows": 1, "Plan Width": 21, "Index Cond": "(id = mk.movie_id)", "Filter": "(((title)::text ~~ '%Money%'::text) AND (production_year = 1998))"}]}, {"Node Type": "Index Scan", "Parent Relationship": "Inner", "Scan Direction": "Forward", "Index Name": "movie_id_movie_companies", "Relation Name": "movie_companies", "Alias": "mc", "Startup Cost": 0.0, "Total Cost": 0.31, "Plan Rows": 2, "Plan Width": 12, "Index Cond": "(movie_id = mk.movie_id)", "Filter": "(note IS NULL)"}]}, {"Node Type": "Index Scan", "Parent Relationship": "Inner", "Scan Direction": "Forward", "Index Name": "company_name_pkey", "Relation Name": "company_name", "Alias": "cn", "Startup Cost": 0.0, "Total Cost": 0.29, "Plan Rows": 1, "Plan Width": 23, "Index Cond": "(id = mc.company_id)", "Filter": "(((country_code)::text <> '[pl]'::text) AND (((name)::text ~~ '%Film%'::text) OR ((name)::text ~~ '%Warner%'::text)))"}]}, {"Node Type": "Index Scan", "Parent Relationship": "Inner", "Scan Direction": "Forward", "Index Name": "company_type_pkey", "Relation Name": "company_type", "Alias": "ct", "Startup Cost": 0.0, "Total Cost": 0.27, "Plan Rows": 1, "Plan Width": 4, "Index Cond": "(id = mc.company_type_id)", "Filter": "((kind)::text = 'production companies'::text)"}]}, {"Node Type": "Index Scan", "Parent Relationship": "Inner", "Scan Direction": "Forward", "Index Name": "movie_id_movie_link", "Relation Name": "movie_link", "Alias": "ml", "Startup Cost": 0.0, "Total Cost": 0.35, "Plan Rows": 5, "Plan Width": 8, "Index Cond": "(movie_id = mk.movie_id)"}]}, {"Node Type": "Index Scan", "Parent Relationship": "Inner", "Scan Direction": "Forward", "Index Name": "link_type_pkey", "Relation Name": "link_type", "Alias": "lt", "Startup Cost": 0.0, "Total Cost": 0.27, "Plan Rows": 1, "Plan Width": 16, "Index Cond": "(id = ml.link_type_id)", "Filter": "((link)::text ~~ '%follows%'::text)"}]}]}, "Unique SQL Id": 4121279504}, "explain_analyze_plan": {"Plan": {"Node Type": "Aggregate", "Strategy": "Plain", "Startup Cost": 2581.34, "Total Cost": 2581.35, "Plan Rows": 1, "Plan Width": 144, "Actual Startup Time": 107.057, "Actual Total Time": 107.057, "Actual Rows": 1, "Actual Loops": 1, "Plans": [{"Node Type": "Nested Loop", "Parent Relationship": "Outer", "Join Type": "Inner", "Startup Cost": 4.51, "Total Cost": 2581.33, "Plan Rows": 1, "Plan Width": 48, "Actual Startup Time": 107.047, "Actual Total Time": 107.047, "Actual Rows": 0, "Actual Loops": 1, "Inner Unique": true, "Plans": [{"Node Type": "Nested Loop", "Parent Relationship": "Outer", "Join Type": "Inner", "Startup Cost": 4.51, "Total Cost": 2581.05, "Plan Rows": 1, "Plan Width": 40, "Actual Startup Time": 5.482, "Actual Total Time": 106.959, "Actual Rows": 38, "Actual Loops": 1, "Inner Unique": false, "Join Filter": "(t.id = ml.movie_id)", "Rows Removed by Join Filter": 0, "Plans": [{"Node Type": "Nested Loop", "Parent Relationship": "Outer", "Join Type": "Inner", "Startup Cost": 4.51, "Total Cost": 2580.63, "Plan Rows": 1, "Plan Width": 48, "Actual Startup Time": 5.471, "Actual Total Time": 106.908, "Actual Rows": 2, "Actual Loops": 1, "Inner Unique": true, "Plans": [{"Node Type": "Nested Loop", "Parent Relationship": "Outer", "Join Type": "Inner", "Startup Cost": 4.51, "Total Cost": 2580.35, "Plan Rows": 1, "Plan Width": 52, "Actual Startup Time": 5.461, "Actual Total Time": 106.893, "Actual Rows": 2, "Actual Loops": 1, "Inner Unique": true, "Plans": [{"Node Type": "Nested Loop", "Parent Relationship": "Outer", "Join Type": "Inner", "Startup Cost": 4.51, "Total Cost": 2580.05, "Plan Rows": 1, "Plan Width": 37, "Actual Startup Time": 5.448, "Actual Total Time": 106.864, "Actual Rows": 3, "Actual Loops": 1, "Inner Unique": false, "Join Filter": "(t.id = mc.movie_id)", "Rows Removed by Join Filter": 0, "Plans": [{"Node Type": "Nested Loop", "Parent Relationship": "Outer", "Join Type": "Inner", "Startup Cost": 4.51, "Total Cost": 2579.71, "Plan Rows": 1, "Plan Width": 25, "Actual Startup Time": 5.434, "Actual Total Time": 106.846, "Actual Rows": 1, "Actual Loops": 1, "Inner Unique": true, "Plans": [{"Node Type": "Nested Loop", "Parent Relationship": "Outer", "Join Type": "Inner", "Startup Cost": 4.51, "Total Cost": 2569.02, "Plan Rows": 33, "Plan Width": 4, "Actual Startup Time": 5.175, "Actual Total Time": 57.215, "Actual Rows": 10544, "Actual Loops": 1, "Inner Unique": false, "Plans": [{"Node Type": "Seq Scan", "Parent Relationship": "Outer", "Relation Name": "keyword", "Alias": "k", "Startup Cost": 0.0, "Total Cost": 2436.11, "Plan Rows": 1, "Plan Width": 4, "Actual Startup Time": 2.299, "Actual Total Time": 40.531, "Actual Rows": 1, "Actual Loops": 1, "Filter": "((keyword)::text = 'sequel'::text)", "Rows Removed by Filter": 134168}, {"Node Type": "Bitmap Heap Scan", "Parent Relationship": "Inner", "Relation Name": "movie_keyword", "Alias": "mk", "Startup Cost": 4.51, "Total Cost": 132.58, "Plan Rows": 33, "Plan Width": 8, "Actual Startup Time": 2.868, "Actual Total Time": 14.547, "Actual Rows": 10544, "Actual Loops": 1, "Recheck Cond": "(keyword_id = k.id)", "Rows Removed by Index Recheck": 0, "Exact Heap Blocks": 5090, "Lossy Heap Blocks": 5090, "Plans": [{"Node Type": "Bitmap Index Scan", "Parent Relationship": "Outer", "Index Name": "keyword_id_movie_keyword", "Startup Cost": 0.0, "Total Cost": 4.5, "Plan Rows": 33, "Plan Width": 0, "Actual Startup Time": 1.963, "Actual Total Time": 1.963, "Actual Rows": 10544, "Actual Loops": 1, "Index Cond": "(keyword_id = k.id)"}]}]}, {"Node Type": "Index Scan", "Parent Relationship": "Inner", "Scan Direction": "Forward", "Index Name": "title_pkey", "Relation Name": "title", "Alias": "t", "Startup Cost": 0.0, "Total Cost": 0.31, "Plan Rows": 1, "Plan Width": 21, "Actual Startup Time": 44.363, "Actual Total Time": 44.363, "Actual Rows": 1, "Actual Loops": 10544, "Index Cond": "(id = mk.movie_id)", "Rows Removed by Index Recheck": 0, "Filter": "(((title)::text ~~ '%Money%'::text) AND (production_year = 1998))", "Rows Removed by Filter": 10543}]}, {"Node Type": "Index Scan", "Parent Relationship": "Inner", "Scan Direction": "Forward", "Index Name": "movie_id_movie_companies", "Relation Name": "movie_companies", "Alias": "mc", "Startup Cost": 0.0, "Total Cost": 0.31, "Plan Rows": 2, "Plan Width": 12, "Actual Startup Time": 0.011, "Actual Total Time": 0.014, "Actual Rows": 3, "Actual Loops": 1, "Index Cond": "(movie_id = mk.movie_id)", "Rows Removed by Index Recheck": 0, "Filter": "(note IS NULL)", "Rows Removed by Filter": 1}]}, {"Node Type": "Index Scan", "Parent Relationship": "Inner", "Scan Direction": "Forward", "Index Name": "company_name_pkey", "Relation Name": "company_name", "Alias": "cn", "Startup Cost": 0.0, "Total Cost": 0.29, "Plan Rows": 1, "Plan Width": 23, "Actual Startup Time": 0.025, "Actual Total Time": 0.025, "Actual Rows": 2, "Actual Loops": 3, "Index Cond": "(id = mc.company_id)", "Rows Removed by Index Recheck": 0, "Filter": "(((country_code)::text <> '[pl]'::text) AND (((name)::text ~~ '%Film%'::text) OR ((name)::text ~~ '%Warner%'::text)))", "Rows Removed by Filter": 1}]}, {"Node Type": "Index Scan", "Parent Relationship": "Inner", "Scan Direction": "Forward", "Index Name": "company_type_pkey", "Relation Name": "company_type", "Alias": "ct", "Startup Cost": 0.0, "Total Cost": 0.27, "Plan Rows": 1, "Plan Width": 4, "Actual Startup Time": 0.01, "Actual Total Time": 0.01, "Actual Rows": 2, "Actual Loops": 2, "Index Cond": "(id = mc.company_type_id)", "Rows Removed by Index Recheck": 0, "Filter": "((kind)::text = 'production companies'::text)", "Rows Removed by Filter": 0}]}, {"Node Type": "Index Scan", "Parent Relationship": "Inner", "Scan Direction": "Forward", "Index Name": "movie_id_movie_link", "Relation Name": "movie_link", "Alias": "ml", "Startup Cost": 0.0, "Total Cost": 0.35, "Plan Rows": 5, "Plan Width": 8, "Actual Startup Time": 0.011, "Actual Total Time": 0.027, "Actual Rows": 38, "Actual Loops": 2, "Index Cond": "(movie_id = mk.movie_id)", "Rows Removed by Index Recheck": 0}]}, {"Node Type": "Index Scan", "Parent Relationship": "Inner", "Scan Direction": "Forward", "Index Name": "link_type_pkey", "Relation Name": "link_type", "Alias": "lt", "Startup Cost": 0.0, "Total Cost": 0.27, "Plan Rows": 1, "Plan Width": 16, "Actual Startup Time": 0.073, "Actual Total Time": 0.073, "Actual Rows": 0, "Actual Loops": 38, "Index Cond": "(id = ml.link_type_id)", "Rows Removed by Index Recheck": 0, "Filter": "((link)::text ~~ '%follows%'::text)", "Rows Removed by Filter": 24}]}]}, "Triggers": [], "Planner Runtime": 64.386, "Total Runtime": 107.455, "Unique SQL Id": 4121279504}}, "(1, 113)": {"explain_plan": {"Plan": {"Node Type": "Aggregate", "Strategy": "Plain", "Startup Cost": 3327.94, "Total Cost": 3327.95, "Plan Rows": 1, "Plan Width": 144, "Plans": [{"Node Type": "Nested Loop", "Parent Relationship": "Outer", "Join Type": "Inner", "Startup Cost": 4.51, "Total Cost": 3327.93, "Plan Rows": 1, "Plan Width": 48, "Inner Unique": true, "Plans": [{"Node Type": "Nested Loop", "Parent Relationship": "Outer", "Join Type": "Inner", "Startup Cost": 4.51, "Total Cost": 3327.65, "Plan Rows": 1, "Plan Width": 40, "Inner Unique": false, "Join Filter": "(t.id = ml.movie_id)", "Plans": [{"Node Type": "Nested Loop", "Parent Relationship": "Outer", "Join Type": "Inner", "Startup Cost": 4.51, "Total Cost": 3327.24, "Plan Rows": 1, "Plan Width": 48, "Inner Unique": true, "Plans": [{"Node Type": "Nested Loop", "Parent Relationship": "Outer", "Join Type": "Inner", "Startup Cost": 4.51, "Total Cost": 3326.95, "Plan Rows": 1, "Plan Width": 52, "Inner Unique": true, "Plans": [{"Node Type": "Nested Loop", "Parent Relationship": "Outer", "Join Type": "Inner", "Startup Cost": 4.51, "Total Cost": 3326.66, "Plan Rows": 1, "Plan Width": 37, "Inner Unique": false, "Join Filter": "(t.id = mc.movie_id)", "Plans": [{"Node Type": "Nested Loop", "Parent Relationship": "Outer", "Join Type": "Inner", "Startup Cost": 4.51, "Total Cost": 3326.32, "Plan Rows": 1, "Plan Width": 25, "Inner Unique": true, "Plans": [{"Node Type": "Nested Loop", "Parent Relationship": "Outer", "Join Type": "Inner", "Startup Cost": 4.51, "Total Cost": 3315.63, "Plan Rows": 33, "Plan Width": 4, "Inner Unique": false, "Plans": [{"Node Type": "Index Scan", "Parent Relationship": "Outer", "Scan Direction": "Forward", "Index Name": "keyword_pkey", "Relation Name": "keyword", "Alias": "k", "Startup Cost": 0.0, "Total Cost": 3182.72, "Plan Rows": 1, "Plan Width": 4, "Filter": "((keyword)::text = 'sequel'::text)"}, {"Node Type": "Bitmap Heap Scan", "Parent Relationship": "Inner", "Relation Name": "movie_keyword", "Alias": "mk", "Startup Cost": 4.51, "Total Cost": 132.58, "Plan Rows": 33, "Plan Width": 8, "Recheck Cond": "(keyword_id = k.id)", "Plans": [{"Node Type": "Bitmap Index Scan", "Parent Relationship": "Outer", "Index Name": "keyword_id_movie_keyword", "Startup Cost": 0.0, "Total Cost": 4.5, "Plan Rows": 33, "Plan Width": 0, "Index Cond": "(keyword_id = k.id)"}]}]}, {"Node Type": "Index Scan", "Parent Relationship": "Inner", "Scan Direction": "Forward", "Index Name": "title_pkey", "Relation Name": "title", "Alias": "t", "Startup Cost": 0.0, "Total Cost": 0.31, "Plan Rows": 1, "Plan Width": 21, "Index Cond": "(id = mk.movie_id)", "Filter": "(((title)::text ~~ '%Money%'::text) AND (production_year = 1998))"}]}, {"Node Type": "Index Scan", "Parent Relationship": "Inner", "Scan Direction": "Forward", "Index Name": "movie_id_movie_companies", "Relation Name": "movie_companies", "Alias": "mc", "Startup Cost": 0.0, "Total Cost": 0.31, "Plan Rows": 2, "Plan Width": 12, "Index Cond": "(movie_id = mk.movie_id)", "Filter": "(note IS NULL)"}]}, {"Node Type": "Index Scan", "Parent Relationship": "Inner", "Scan Direction": "Forward", "Index Name": "company_name_pkey", "Relation Name": "company_name", "Alias": "cn", "Startup Cost": 0.0, "Total Cost": 0.29, "Plan Rows": 1, "Plan Width": 23, "Index Cond": "(id = mc.company_id)", "Filter": "(((country_code)::text <> '[pl]'::text) AND (((name)::text ~~ '%Film%'::text) OR ((name)::text ~~ '%Warner%'::text)))"}]}, {"Node Type": "Index Scan", "Parent Relationship": "Inner", "Scan Direction": "Forward", "Index Name": "company_type_pkey", "Relation Name": "company_type", "Alias": "ct", "Startup Cost": 0.0, "Total Cost": 0.27, "Plan Rows": 1, "Plan Width": 4, "Index Cond": "(id = mc.company_type_id)", "Filter": "((kind)::text = 'production companies'::text)"}]}, {"Node Type": "Index Scan", "Parent Relationship": "Inner", "Scan Direction": "Forward", "Index Name": "movie_id_movie_link", "Relation Name": "movie_link", "Alias": "ml", "Startup Cost": 0.0, "Total Cost": 0.35, "Plan Rows": 5, "Plan Width": 8, "Index Cond": "(movie_id = mk.movie_id)"}]}, {"Node Type": "Index Scan", "Parent Relationship": "Inner", "Scan Direction": "Forward", "Index Name": "link_type_pkey", "Relation Name": "link_type", "Alias": "lt", "Startup Cost": 0.0, "Total Cost": 0.27, "Plan Rows": 1, "Plan Width": 16, "Index Cond": "(id = ml.link_type_id)", "Filter": "((link)::text ~~ '%follows%'::text)"}]}]}, "Unique SQL Id": 4121279504}, "explain_analyze_plan": {"Plan": {"Node Type": "Aggregate", "Strategy": "Plain", "Startup Cost": 3327.94, "Total Cost": 3327.95, "Plan Rows": 1, "Plan Width": 144, "Actual Startup Time": 181.02, "Actual Total Time": 181.021, "Actual Rows": 1, "Actual Loops": 1, "Plans": [{"Node Type": "Nested Loop", "Parent Relationship": "Outer", "Join Type": "Inner", "Startup Cost": 4.51, "Total Cost": 3327.93, "Plan Rows": 1, "Plan Width": 48, "Actual Startup Time": 181.01, "Actual Total Time": 181.01, "Actual Rows": 0, "Actual Loops": 1, "Inner Unique": true, "Plans": [{"Node Type": "Nested Loop", "Parent Relationship": "Outer", "Join Type": "Inner", "Startup Cost": 4.51, "Total Cost": 3327.65, "Plan Rows": 1, "Plan Width": 40, "Actual Startup Time": 3.646, "Actual Total Time": 180.923, "Actual Rows": 38, "Actual Loops": 1, "Inner Unique": false, "Join Filter": "(t.id = ml.movie_id)", "Rows Removed by Join Filter": 0, "Plans": [{"Node Type": "Nested Loop", "Parent Relationship": "Outer", "Join Type": "Inner", "Startup Cost": 4.51, "Total Cost": 3327.24, "Plan Rows": 1, "Plan Width": 48, "Actual Startup Time": 3.636, "Actual Total Time": 180.883, "Actual Rows": 2, "Actual Loops": 1, "Inner Unique": true, "Plans": [{"Node Type": "Nested Loop", "Parent Relationship": "Outer", "Join Type": "Inner", "Startup Cost": 4.51, "Total Cost": 3326.95, "Plan Rows": 1, "Plan Width": 52, "Actual Startup Time": 3.627, "Actual Total Time": 180.869, "Actual Rows": 2, "Actual Loops": 1, "Inner Unique": true, "Plans": [{"Node Type": "Nested Loop", "Parent Relationship": "Outer", "Join Type": "Inner", "Startup Cost": 4.51, "Total Cost": 3326.66, "Plan Rows": 1, "Plan Width": 37, "Actual Startup Time": 3.613, "Actual Total Time": 180.84, "Actual Rows": 3, "Actual Loops": 1, "Inner Unique": false, "Join Filter": "(t.id = mc.movie_id)", "Rows Removed by Join Filter": 0, "Plans": [{"Node Type": "Nested Loop", "Parent Relationship": "Outer", "Join Type": "Inner", "Startup Cost": 4.51, "Total Cost": 3326.32, "Plan Rows": 1, "Plan Width": 25, "Actual Startup Time": 3.597, "Actual Total Time": 180.82, "Actual Rows": 1, "Actual Loops": 1, "Inner Unique": true, "Plans": [{"Node Type": "Nested Loop", "Parent Relationship": "Outer", "Join Type": "Inner", "Startup Cost": 4.51, "Total Cost": 3315.63, "Plan Rows": 33, "Plan Width": 4, "Actual Startup Time": 3.337, "Actual Total Time": 130.626, "Actual Rows": 10544, "Actual Loops": 1, "Inner Unique": false, "Plans": [{"Node Type": "Index Scan", "Parent Relationship": "Outer", "Scan Direction": "Forward", "Index Name": "keyword_pkey", "Relation Name": "keyword", "Alias": "k", "Startup Cost": 0.0, "Total Cost": 3182.72, "Plan Rows": 1, "Plan Width": 4, "Actual Startup Time": 0.436, "Actual Total Time": 113.393, "Actual Rows": 1, "Actual Loops": 1, "Filter": "((keyword)::text = 'sequel'::text)", "Rows Removed by Filter": 134168}, {"Node Type": "Bitmap Heap Scan", "Parent Relationship": "Inner", "Relation Name": "movie_keyword", "Alias": "mk", "Startup Cost": 4.51, "Total Cost": 132.58, "Plan Rows": 33, "Plan Width": 8, "Actual Startup Time": 2.893, "Actual Total Time": 14.881, "Actual Rows": 10544, "Actual Loops": 1, "Recheck Cond": "(keyword_id = k.id)", "Rows Removed by Index Recheck": 0, "Exact Heap Blocks": 5090, "Lossy Heap Blocks": 5090, "Plans": [{"Node Type": "Bitmap Index Scan", "Parent Relationship": "Outer", "Index Name": "keyword_id_movie_keyword", "Startup Cost": 0.0, "Total Cost": 4.5, "Plan Rows": 33, "Plan Width": 0, "Actual Startup Time": 1.993, "Actual Total Time": 1.993, "Actual Rows": 10544, "Actual Loops": 1, "Index Cond": "(keyword_id = k.id)"}]}]}, {"Node Type": "Index Scan", "Parent Relationship": "Inner", "Scan Direction": "Forward", "Index Name": "title_pkey", "Relation Name": "title", "Alias": "t", "Startup Cost": 0.0, "Total Cost": 0.31, "Plan Rows": 1, "Plan Width": 21, "Actual Startup Time": 44.981, "Actual Total Time": 44.981, "Actual Rows": 1, "Actual Loops": 10544, "Index Cond": "(id = mk.movie_id)", "Rows Removed by Index Recheck": 0, "Filter": "(((title)::text ~~ '%Money%'::text) AND (production_year = 1998))", "Rows Removed by Filter": 10543}]}, {"Node Type": "Index Scan", "Parent Relationship": "Inner", "Scan Direction": "Forward", "Index Name": "movie_id_movie_companies", "Relation Name": "movie_companies", "Alias": "mc", "Startup Cost": 0.0, "Total Cost": 0.31, "Plan Rows": 2, "Plan Width": 12, "Actual Startup Time": 0.012, "Actual Total Time": 0.013, "Actual Rows": 3, "Actual Loops": 1, "Index Cond": "(movie_id = mk.movie_id)", "Rows Removed by Index Recheck": 0, "Filter": "(note IS NULL)", "Rows Removed by Filter": 1}]}, {"Node Type": "Index Scan", "Parent Relationship": "Inner", "Scan Direction": "Forward", "Index Name": "company_name_pkey", "Relation Name": "company_name", "Alias": "cn", "Startup Cost": 0.0, "Total Cost": 0.29, "Plan Rows": 1, "Plan Width": 23, "Actual Startup Time": 0.023, "Actual Total Time": 0.023, "Actual Rows": 2, "Actual Loops": 3, "Index Cond": "(id = mc.company_id)", "Rows Removed by Index Recheck": 0, "Filter": "(((country_code)::text <> '[pl]'::text) AND (((name)::text ~~ '%Film%'::text) OR ((name)::text ~~ '%Warner%'::text)))", "Rows Removed by Filter": 1}]}, {"Node Type": "Index Scan", "Parent Relationship": "Inner", "Scan Direction": "Forward", "Index Name": "company_type_pkey", "Relation Name": "company_type", "Alias": "ct", "Startup Cost": 0.0, "Total Cost": 0.27, "Plan Rows": 1, "Plan Width": 4, "Actual Startup Time": 0.009, "Actual Total Time": 0.009, "Actual Rows": 2, "Actual Loops": 2, "Index Cond": "(id = mc.company_type_id)", "Rows Removed by Index Recheck": 0, "Filter": "((kind)::text = 'production companies'::text)", "Rows Removed by Filter": 0}]}, {"Node Type": "Index Scan", "Parent Relationship": "Inner", "Scan Direction": "Forward", "Index Name": "movie_id_movie_link", "Relation Name": "movie_link", "Alias": "ml", "Startup Cost": 0.0, "Total Cost": 0.35, "Plan Rows": 5, "Plan Width": 8, "Actual Startup Time": 0.011, "Actual Total Time": 0.023, "Actual Rows": 38, "Actual Loops": 2, "Index Cond": "(movie_id = mk.movie_id)", "Rows Removed by Index Recheck": 0}]}, {"Node Type": "Index Scan", "Parent Relationship": "Inner", "Scan Direction": "Forward", "Index Name": "link_type_pkey", "Relation Name": "link_type", "Alias": "lt", "Startup Cost": 0.0, "Total Cost": 0.27, "Plan Rows": 1, "Plan Width": 16, "Actual Startup Time": 0.063, "Actual Total Time": 0.063, "Actual Rows": 0, "Actual Loops": 38, "Index Cond": "(id = ml.link_type_id)", "Rows Removed by Index Recheck": 0, "Filter": "((link)::text ~~ '%follows%'::text)", "Rows Removed by Filter": 24}]}]}, "Triggers": [], "Planner Runtime": 58.021, "Total Runtime": 181.432, "Unique SQL Id": 4121279504}}, "(1, 114)": {"explain_plan": {"Plan": {"Node Type": "Aggregate", "Strategy": "Plain", "Startup Cost": 2726.02, "Total Cost": 2726.03, "Plan Rows": 1, "Plan Width": 144, "Plans": [{"Node Type": "Nested Loop", "Parent Relationship": "Outer", "Join Type": "Inner", "Startup Cost": 5.59, "Total Cost": 2726.01, "Plan Rows": 1, "Plan Width": 48, "Inner Unique": true, "Join Filter": "(ml.link_type_id = lt.id)", "Plans": [{"Node Type": "Nested Loop", "Parent Relationship": "Outer", "Join Type": "Inner", "Startup Cost": 5.59, "Total Cost": 2724.78, "Plan Rows": 1, "Plan Width": 40, "Inner Unique": false, "Join Filter": "(t.id = ml.movie_id)", "Plans": [{"Node Type": "Nested Loop", "Parent Relationship": "Outer", "Join Type": "Inner", "Startup Cost": 5.3, "Total Cost": 2720.37, "Plan Rows": 1, "Plan Width": 48, "Inner Unique": true, "Join Filter": "(mc.company_type_id = ct.id)", "Plans": [{"Node Type": "Nested Loop", "Parent Relationship": "Outer", "Join Type": "Inner", "Startup Cost": 5.3, "Total Cost": 2719.32, "Plan Rows": 1, "Plan Width": 52, "Inner Unique": true, "Plans": [{"Node Type": "Nested Loop", "Parent Relationship": "Outer", "Join Type": "Inner", "Startup Cost": 5.05, "Total Cost": 2715.03, "Plan Rows": 1, "Plan Width": 37, "Inner Unique": false, "Join Filter": "(t.id = mc.movie_id)", "Plans": [{"Node Type": "Nested Loop", "Parent Relationship": "Outer", "Join Type": "Inner", "Startup Cost": 4.77, "Total Cost": 2710.71, "Plan Rows": 1, "Plan Width": 25, "Inner Unique": true, "Plans": [{"Node Type": "Nested Loop", "Parent Relationship": "Outer", "Join Type": "Inner", "Startup Cost": 4.51, "Total Cost": 2569.02, "Plan Rows": 33, "Plan Width": 4, "Inner Unique": false, "Plans": [{"Node Type": "Seq Scan", "Parent Relationship": "Outer", "Relation Name": "keyword", "Alias": "k", "Startup Cost": 0.0, "Total Cost": 2436.11, "Plan Rows": 1, "Plan Width": 4, "Filter": "((keyword)::text = 'sequel'::text)"}, {"Node Type": "Bitmap Heap Scan", "Parent Relationship": "Inner", "Relation Name": "movie_keyword", "Alias": "mk", "Startup Cost": 4.51, "Total Cost": 132.58, "Plan Rows": 33, "Plan Width": 8, "Recheck Cond": "(keyword_id = k.id)", "Plans": [{"Node Type": "Bitmap Index Scan", "Parent Relationship": "Outer", "Index Name": "keyword_id_movie_keyword", "Startup Cost": 0.0, "Total Cost": 4.5, "Plan Rows": 33, "Plan Width": 0, "Index Cond": "(keyword_id = k.id)"}]}]}, {"Node Type": "Bitmap Heap Scan", "Parent Relationship": "Inner", "Relation Name": "title", "Alias": "t", "Startup Cost": 0.27, "Total Cost": 4.28, "Plan Rows": 1, "Plan Width": 21, "Recheck Cond": "(id = mk.movie_id)", "Filter": "(((title)::text ~~ '%Money%'::text) AND (production_year = 1998))", "Plans": [{"Node Type": "Bitmap Index Scan", "Parent Relationship": "Outer", "Index Name": "title_pkey", "Startup Cost": 0.0, "Total Cost": 0.27, "Plan Rows": 1, "Plan Width": 0, "Index Cond": "(id = mk.movie_id)"}]}]}, {"Node Type": "Bitmap Heap Scan", "Parent Relationship": "Inner", "Relation Name": "movie_companies", "Alias": "mc", "Startup Cost": 0.27, "Total Cost": 4.3, "Plan Rows": 2, "Plan Width": 12, "Recheck Cond": "(movie_id = mk.movie_id)", "Filter": "(note IS NULL)", "Plans": [{"Node Type": "Bitmap Index Scan", "Parent Relationship": "Outer", "Index Name": "movie_id_movie_companies", "Startup Cost": 0.0, "Total Cost": 0.27, "Plan Rows": 2, "Plan Width": 0, "Index Cond": "(movie_id = mk.movie_id)"}]}]}, {"Node Type": "Bitmap Heap Scan", "Parent Relationship": "Inner", "Relation Name": "company_name", "Alias": "cn", "Startup Cost": 0.26, "Total Cost": 4.28, "Plan Rows": 1, "Plan Width": 23, "Recheck Cond": "(id = mc.company_id)", "Filter": "(((country_code)::text <> '[pl]'::text) AND (((name)::text ~~ '%Film%'::text) OR ((name)::text ~~ '%Warner%'::text)))", "Plans": [{"Node Type": "Bitmap Index Scan", "Parent Relationship": "Outer", "Index Name": "company_name_pkey", "Startup Cost": 0.0, "Total Cost": 0.26, "Plan Rows": 1, "Plan Width": 0, "Index Cond": "(id = mc.company_id)"}]}]}, {"Node Type": "Seq Scan", "Parent Relationship": "Inner", "Relation Name": "company_type", "Alias": "ct", "Startup Cost": 0.0, "Total Cost": 1.04, "Plan Rows": 1, "Plan Width": 4, "Filter": "((kind)::text = 'production companies'::text)"}]}, {"Node Type": "Bitmap Heap Scan", "Parent Relationship": "Inner", "Relation Name": "movie_link", "Alias": "ml", "Startup Cost": 0.29, "Total Cost": 4.35, "Plan Rows": 5, "Plan Width": 8, "Recheck Cond": "(movie_id = mk.movie_id)", "Plans": [{"Node Type": "Bitmap Index Scan", "Parent Relationship": "Outer", "Index Name": "movie_id_movie_link", "Startup Cost": 0.0, "Total Cost": 0.29, "Plan Rows": 5, "Plan Width": 0, "Index Cond": "(movie_id = mk.movie_id)"}]}]}, {"Node Type": "Seq Scan", "Parent Relationship": "Inner", "Relation Name": "link_type", "Alias": "lt", "Startup Cost": 0.0, "Total Cost": 1.21, "Plan Rows": 1, "Plan Width": 16, "Filter": "((link)::text ~~ '%follows%'::text)"}]}]}, "Unique SQL Id": 4121279504}, "explain_analyze_plan": {"Plan": {"Node Type": "Aggregate", "Strategy": "Plain", "Startup Cost": 2726.02, "Total Cost": 2726.03, "Plan Rows": 1, "Plan Width": 144, "Actual Startup Time": 123.802, "Actual Total Time": 123.802, "Actual Rows": 1, "Actual Loops": 1, "Plans": [{"Node Type": "Nested Loop", "Parent Relationship": "Outer", "Join Type": "Inner", "Startup Cost": 5.59, "Total Cost": 2726.01, "Plan Rows": 1, "Plan Width": 48, "Actual Startup Time": 123.793, "Actual Total Time": 123.793, "Actual Rows": 0, "Actual Loops": 1, "Inner Unique": true, "Join Filter": "(ml.link_type_id = lt.id)", "Rows Removed by Join Filter": 0, "Plans": [{"Node Type": "Nested Loop", "Parent Relationship": "Outer", "Join Type": "Inner", "Startup Cost": 5.59, "Total Cost": 2724.78, "Plan Rows": 1, "Plan Width": 40, "Actual Startup Time": 5.572, "Actual Total Time": 123.464, "Actual Rows": 38, "Actual Loops": 1, "Inner Unique": false, "Join Filter": "(t.id = ml.movie_id)", "Rows Removed by Join Filter": 0, "Plans": [{"Node Type": "Nested Loop", "Parent Relationship": "Outer", "Join Type": "Inner", "Startup Cost": 5.3, "Total Cost": 2720.37, "Plan Rows": 1, "Plan Width": 48, "Actual Startup Time": 5.548, "Actual Total Time": 123.405, "Actual Rows": 2, "Actual Loops": 1, "Inner Unique": true, "Join Filter": "(mc.company_type_id = ct.id)", "Rows Removed by Join Filter": 0, "Plans": [{"Node Type": "Nested Loop", "Parent Relationship": "Outer", "Join Type": "Inner", "Startup Cost": 5.3, "Total Cost": 2719.32, "Plan Rows": 1, "Plan Width": 52, "Actual Startup Time": 5.537, "Actual Total Time": 123.389, "Actual Rows": 2, "Actual Loops": 1, "Inner Unique": true, "Plans": [{"Node Type": "Nested Loop", "Parent Relationship": "Outer", "Join Type": "Inner", "Startup Cost": 5.05, "Total Cost": 2715.03, "Plan Rows": 1, "Plan Width": 37, "Actual Startup Time": 5.522, "Actual Total Time": 123.354, "Actual Rows": 3, "Actual Loops": 1, "Inner Unique": false, "Join Filter": "(t.id = mc.movie_id)", "Rows Removed by Join Filter": 0, "Plans": [{"Node Type": "Nested Loop", "Parent Relationship": "Outer", "Join Type": "Inner", "Startup Cost": 4.77, "Total Cost": 2710.71, "Plan Rows": 1, "Plan Width": 25, "Actual Startup Time": 5.499, "Actual Total Time": 123.328, "Actual Rows": 1, "Actual Loops": 1, "Inner Unique": true, "Plans": [{"Node Type": "Nested Loop", "Parent Relationship": "Outer", "Join Type": "Inner", "Startup Cost": 4.51, "Total Cost": 2569.02, "Plan Rows": 33, "Plan Width": 4, "Actual Startup Time": 5.191, "Actual Total Time": 58.437, "Actual Rows": 10544, "Actual Loops": 1, "Inner Unique": false, "Plans": [{"Node Type": "Seq Scan", "Parent Relationship": "Outer", "Relation Name": "keyword", "Alias": "k", "Startup Cost": 0.0, "Total Cost": 2436.11, "Plan Rows": 1, "Plan Width": 4, "Actual Startup Time": 2.298, "Actual Total Time": 41.897, "Actual Rows": 1, "Actual Loops": 1, "Filter": "((keyword)::text = 'sequel'::text)", "Rows Removed by Filter": 134168}, {"Node Type": "Bitmap Heap Scan", "Parent Relationship": "Inner", "Relation Name": "movie_keyword", "Alias": "mk", "Startup Cost": 4.51, "Total Cost": 132.58, "Plan Rows": 33, "Plan Width": 8, "Actual Startup Time": 2.885, "Actual Total Time": 14.415, "Actual Rows": 10544, "Actual Loops": 1, "Recheck Cond": "(keyword_id = k.id)", "Rows Removed by Index Recheck": 0, "Exact Heap Blocks": 5090, "Lossy Heap Blocks": 5090, "Plans": [{"Node Type": "Bitmap Index Scan", "Parent Relationship": "Outer", "Index Name": "keyword_id_movie_keyword", "Startup Cost": 0.0, "Total Cost": 4.5, "Plan Rows": 33, "Plan Width": 0, "Actual Startup Time": 1.979, "Actual Total Time": 1.979, "Actual Rows": 10544, "Actual Loops": 1, "Index Cond": "(keyword_id = k.id)"}]}]}, {"Node Type": "Bitmap Heap Scan", "Parent Relationship": "Inner", "Relation Name": "title", "Alias": "t", "Startup Cost": 0.27, "Total Cost": 4.28, "Plan Rows": 1, "Plan Width": 21, "Actual Startup Time": 53.127, "Actual Total Time": 53.127, "Actual Rows": 1, "Actual Loops": 10544, "Recheck Cond": "(id = mk.movie_id)", "Rows Removed by Index Recheck": 0, "Filter": "(((title)::text ~~ '%Money%'::text) AND (production_year = 1998))", "Rows Removed by Filter": 10543, "Exact Heap Blocks": 10544, "Lossy Heap Blocks": 10544, "Plans": [{"Node Type": "Bitmap Index Scan", "Parent Relationship": "Outer", "Index Name": "title_pkey", "Startup Cost": 0.0, "Total Cost": 0.27, "Plan Rows": 1, "Plan Width": 0, "Actual Startup Time": 27.96, "Actual Total Time": 27.96, "Actual Rows": 10544, "Actual Loops": 10544, "Index Cond": "(id = mk.movie_id)"}]}]}, {"Node Type": "Bitmap Heap Scan", "Parent Relationship": "Inner", "Relation Name": "movie_companies", "Alias": "mc", "Startup Cost": 0.27, "Total Cost": 4.3, "Plan Rows": 2, "Plan Width": 12, "Actual Startup Time": 0.018, "Actual Total Time": 0.019, "Actual Rows": 3, "Actual Loops": 1, "Recheck Cond": "(movie_id = mk.movie_id)", "Rows Removed by Index Recheck": 0, "Filter": "(note IS NULL)", "Rows Removed by Filter": 1, "Exact Heap Blocks": 2, "Lossy Heap Blocks": 2, "Plans": [{"Node Type": "Bitmap Index Scan", "Parent Relationship": "Outer", "Index Name": "movie_id_movie_companies", "Startup Cost": 0.0, "Total Cost": 0.27, "Plan Rows": 2, "Plan Width": 0, "Actual Startup Time": 0.008, "Actual Total Time": 0.008, "Actual Rows": 4, "Actual Loops": 1, "Index Cond": "(movie_id = mk.movie_id)"}]}]}, {"Node Type": "Bitmap Heap Scan", "Parent Relationship": "Inner", "Relation Name": "company_name", "Alias": "cn", "Startup Cost": 0.26, "Total Cost": 4.28, "Plan Rows": 1, "Plan Width": 23, "Actual Startup Time": 0.029, "Actual Total Time": 0.029, "Actual Rows": 2, "Actual Loops": 3, "Recheck Cond": "(id = mc.company_id)", "Rows Removed by Index Recheck": 0, "Filter": "(((country_code)::text <> '[pl]'::text) AND (((name)::text ~~ '%Film%'::text) OR ((name)::text ~~ '%Warner%'::text)))", "Rows Removed by Filter": 1, "Exact Heap Blocks": 3, "Lossy Heap Blocks": 3, "Plans": [{"Node Type": "Bitmap Index Scan", "Parent Relationship": "Outer", "Index Name": "company_name_pkey", "Startup Cost": 0.0, "Total Cost": 0.26, "Plan Rows": 1, "Plan Width": 0, "Actual Startup Time": 0.015, "Actual Total Time": 0.015, "Actual Rows": 3, "Actual Loops": 3, "Index Cond": "(id = mc.company_id)"}]}]}, {"Node Type": "Seq Scan", "Parent Relationship": "Inner", "Relation Name": "company_type", "Alias": "ct", "Startup Cost": 0.0, "Total Cost": 1.04, "Plan Rows": 1, "Plan Width": 4, "Actual Startup Time": 0.009, "Actual Total Time": 0.009, "Actual Rows": 2, "Actual Loops": 2, "Filter": "((kind)::text = 'production companies'::text)", "Rows Removed by Filter": 0}]}, {"Node Type": "Bitmap Heap Scan", "Parent Relationship": "Inner", "Relation Name": "movie_link", "Alias": "ml", "Startup Cost": 0.29, "Total Cost": 4.35, "Plan Rows": 5, "Plan Width": 8, "Actual Startup Time": 0.027, "Actual Total Time": 0.032, "Actual Rows": 38, "Actual Loops": 2, "Recheck Cond": "(movie_id = mk.movie_id)", "Rows Removed by Index Recheck": 0, "Exact Heap Blocks": 2, "Lossy Heap Blocks": 2, "Plans": [{"Node Type": "Bitmap Index Scan", "Parent Relationship": "Outer", "Index Name": "movie_id_movie_link", "Startup Cost": 0.0, "Total Cost": 0.29, "Plan Rows": 5, "Plan Width": 0, "Actual Startup Time": 0.011, "Actual Total Time": 0.011, "Actual Rows": 38, "Actual Loops": 2, "Index Cond": "(movie_id = mk.movie_id)"}]}]}, {"Node Type": "Seq Scan", "Parent Relationship": "Inner", "Relation Name": "link_type", "Alias": "lt", "Startup Cost": 0.0, "Total Cost": 1.21, "Plan Rows": 1, "Plan Width": 16, "Actual Startup Time": 0.294, "Actual Total Time": 0.294, "Actual Rows": 0, "Actual Loops": 38, "Filter": "((link)::text ~~ '%follows%'::text)", "Rows Removed by Filter": 646}]}]}, "Triggers": [], "Planner Runtime": 52.601, "Total Runtime": 124.232, "Unique SQL Id": 4121279504}}, "(1, 115)": {"explain_plan": {"Plan": {"Node Type": "Aggregate", "Strategy": "Plain", "Startup Cost": 1000014795431.67, "Total Cost": 1000014795431.68, "Plan Rows": 1, "Plan Width": 144, "Plans": [{"Node Type": "Nested Loop", "Parent Relationship": "Outer", "Join Type": "Inner", "Startup Cost": 10000000001.97, "Total Cost": 1000014795431.66, "Plan Rows": 1, "Plan Width": 48, "Inner Unique": true, "Plans": [{"Node Type": "Nested Loop", "Parent Relationship": "Outer", "Join Type": "Inner", "Startup Cost": 10000000001.72, "Total Cost": 1000014795427.38, "Plan Rows": 1, "Plan Width": 52, "Inner Unique": true, "Plans": [{"Node Type": "Nested Loop", "Parent Relationship": "Outer", "Join Type": "Inner", "Startup Cost": 10000000001.46, "Total Cost": 1000014795418.82, "Plan Rows": 2, "Plan Width": 44, "Inner Unique": false, "Join Filter": "(t.id = ml.movie_id)", "Plans": [{"Node Type": "Nested Loop", "Parent Relationship": "Outer", "Join Type": "Inner", "Startup Cost": 10000000001.17, "Total Cost": 1000014795414.4, "Plan Rows": 1, "Plan Width": 52, "Inner Unique": true, "Plans": [{"Node Type": "Nested Loop", "Parent Relationship": "Outer", "Join Type": "Inner", "Startup Cost": 10000000000.91, "Total Cost": 1000014795328.75, "Plan Rows": 20, "Plan Width": 56, "Inner Unique": false, "Join Filter": "(t.id = mk.movie_id)", "Plans": [{"Node Type": "Nested Loop", "Parent Relationship": "Outer", "Join Type": "Inner", "Startup Cost": 10000000000.55, "Total Cost": 1000014795319.62, "Plan Rows": 2, "Plan Width": 48, "Inner Unique": true, "Plans": [{"Node Type": "Nested Loop", "Parent Relationship": "Outer", "Join Type": "Inner", "Startup Cost": 10000000000.29, "Total Cost": 1000014795293.88, "Plan Rows": 6, "Plan Width": 33, "Inner Unique": true, "Plans": [{"Node Type": "Index Scan", "Parent Relationship": "Outer", "Scan Direction": "Forward", "Index Name": "company_type_id_movie_companies", "Relation Name": "movie_companies", "Alias": "mc", "Startup Cost": 10000000000.0, "Total Cost": 1000009318217.0, "Plan Rows": 1269486, "Plan Width": 12, "Filter": "(note IS NULL), (LLVM Optimized)"}, {"Node Type": "Bitmap Heap Scan", "Parent Relationship": "Inner", "Relation Name": "title", "Alias": "t", "Startup Cost": 0.29, "Total Cost": 4.3, "Plan Rows": 1, "Plan Width": 21, "Recheck Cond": "(id = mc.movie_id)", "Filter": "(((title)::text ~~ '%Money%'::text) AND (production_year = 1998))", "Plans": [{"Node Type": "Bitmap Index Scan", "Parent Relationship": "Outer", "Index Name": "title_pkey", "Startup Cost": 0.0, "Total Cost": 0.29, "Plan Rows": 1, "Plan Width": 0, "Index Cond": "(id = mc.movie_id)"}]}]}, {"Node Type": "Bitmap Heap Scan", "Parent Relationship": "Inner", "Relation Name": "company_name", "Alias": "cn", "Startup Cost": 0.26, "Total Cost": 4.28, "Plan Rows": 1, "Plan Width": 23, "Recheck Cond": "(id = mc.company_id)", "Filter": "(((country_code)::text <> '[pl]'::text) AND (((name)::text ~~ '%Film%'::text) OR ((name)::text ~~ '%Warner%'::text)))", "Plans": [{"Node Type": "Bitmap Index Scan", "Parent Relationship": "Outer", "Index Name": "company_name_pkey", "Startup Cost": 0.0, "Total Cost": 0.26, "Plan Rows": 1, "Plan Width": 0, "Index Cond": "(id = mc.company_id)"}]}]}, {"Node Type": "Bitmap Heap Scan", "Parent Relationship": "Inner", "Relation Name": "movie_keyword", "Alias": "mk", "Startup Cost": 0.37, "Total Cost": 4.47, "Plan Rows": 8, "Plan Width": 8, "Recheck Cond": "(movie_id = mc.movie_id)", "Plans": [{"Node Type": "Bitmap Index Scan", "Parent Relationship": "Outer", "Index Name": "movie_id_movie_keyword", "Startup Cost": 0.0, "Total Cost": 0.36, "Plan Rows": 8, "Plan Width": 0, "Index Cond": "(movie_id = mc.movie_id)"}]}]}, {"Node Type": "Bitmap Heap Scan", "Parent Relationship": "Inner", "Relation Name": "keyword", "Alias": "k", "Startup Cost": 0.26, "Total Cost": 4.27, "Plan Rows": 1, "Plan Width": 4, "Recheck Cond": "(id = mk.keyword_id)", "Filter": "((keyword)::text = 'sequel'::text)", "Plans": [{"Node Type": "Bitmap Index Scan", "Parent Relationship": "Outer", "Index Name": "keyword_pkey", "Startup Cost": 0.0, "Total Cost": 0.26, "Plan Rows": 1, "Plan Width": 0, "Index Cond": "(id = mk.keyword_id)"}]}]}, {"Node Type": "Bitmap Heap Scan", "Parent Relationship": "Inner", "Relation Name": "movie_link", "Alias": "ml", "Startup Cost": 0.29, "Total Cost": 4.35, "Plan Rows": 5, "Plan Width": 8, "Recheck Cond": "(movie_id = mk.movie_id)", "Plans": [{"Node Type": "Bitmap Index Scan", "Parent Relationship": "Outer", "Index Name": "movie_id_movie_link", "Startup Cost": 0.0, "Total Cost": 0.29, "Plan Rows": 5, "Plan Width": 0, "Index Cond": "(movie_id = mk.movie_id)"}]}]}, {"Node Type": "Bitmap Heap Scan", "Parent Relationship": "Inner", "Relation Name": "link_type", "Alias": "lt", "Startup Cost": 0.26, "Total Cost": 4.27, "Plan Rows": 1, "Plan Width": 16, "Recheck Cond": "(id = ml.link_type_id)", "Filter": "((link)::text ~~ '%follows%'::text)", "Plans": [{"Node Type": "Bitmap Index Scan", "Parent Relationship": "Outer", "Index Name": "link_type_pkey", "Startup Cost": 0.0, "Total Cost": 0.26, "Plan Rows": 1, "Plan Width": 0, "Index Cond": "(id = ml.link_type_id)"}]}]}, {"Node Type": "Bitmap Heap Scan", "Parent Relationship": "Inner", "Relation Name": "company_type", "Alias": "ct", "Startup Cost": 0.26, "Total Cost": 4.27, "Plan Rows": 1, "Plan Width": 4, "Recheck Cond": "(id = mc.company_type_id)", "Filter": "((kind)::text = 'production companies'::text)", "Plans": [{"Node Type": "Bitmap Index Scan", "Parent Relationship": "Outer", "Index Name": "company_type_pkey", "Startup Cost": 0.0, "Total Cost": 0.26, "Plan Rows": 1, "Plan Width": 0, "Index Cond": "(id = mc.company_type_id)"}]}]}]}, "Unique SQL Id": 4121279504}, "explain_analyze_plan": null}, "(1, 116)": {"explain_plan": {"Plan": {"Node Type": "Aggregate", "Strategy": "Plain", "Startup Cost": 2581.34, "Total Cost": 2581.35, "Plan Rows": 1, "Plan Width": 144, "Plans": [{"Node Type": "Nested Loop", "Parent Relationship": "Outer", "Join Type": "Inner", "Startup Cost": 4.51, "Total Cost": 2581.33, "Plan Rows": 1, "Plan Width": 48, "Inner Unique": true, "Plans": [{"Node Type": "Nested Loop", "Parent Relationship": "Outer", "Join Type": "Inner", "Startup Cost": 4.51, "Total Cost": 2581.05, "Plan Rows": 1, "Plan Width": 40, "Inner Unique": false, "Join Filter": "(t.id = ml.movie_id)", "Plans": [{"Node Type": "Nested Loop", "Parent Relationship": "Outer", "Join Type": "Inner", "Startup Cost": 4.51, "Total Cost": 2580.63, "Plan Rows": 1, "Plan Width": 48, "Inner Unique": true, "Plans": [{"Node Type": "Nested Loop", "Parent Relationship": "Outer", "Join Type": "Inner", "Startup Cost": 4.51, "Total Cost": 2580.35, "Plan Rows": 1, "Plan Width": 52, "Inner Unique": true, "Plans": [{"Node Type": "Nested Loop", "Parent Relationship": "Outer", "Join Type": "Inner", "Startup Cost": 4.51, "Total Cost": 2580.05, "Plan Rows": 1, "Plan Width": 37, "Inner Unique": false, "Join Filter": "(t.id = mc.movie_id)", "Plans": [{"Node Type": "Nested Loop", "Parent Relationship": "Outer", "Join Type": "Inner", "Startup Cost": 4.51, "Total Cost": 2579.71, "Plan Rows": 1, "Plan Width": 25, "Inner Unique": true, "Plans": [{"Node Type": "Nested Loop", "Parent Relationship": "Outer", "Join Type": "Inner", "Startup Cost": 4.51, "Total Cost": 2569.02, "Plan Rows": 33, "Plan Width": 4, "Inner Unique": false, "Plans": [{"Node Type": "Seq Scan", "Parent Relationship": "Outer", "Relation Name": "keyword", "Alias": "k", "Startup Cost": 0.0, "Total Cost": 2436.11, "Plan Rows": 1, "Plan Width": 4, "Filter": "((keyword)::text = 'sequel'::text)"}, {"Node Type": "Bitmap Heap Scan", "Parent Relationship": "Inner", "Relation Name": "movie_keyword", "Alias": "mk", "Startup Cost": 4.51, "Total Cost": 132.58, "Plan Rows": 33, "Plan Width": 8, "Recheck Cond": "(keyword_id = k.id)", "Plans": [{"Node Type": "Bitmap Index Scan", "Parent Relationship": "Outer", "Index Name": "keyword_id_movie_keyword", "Startup Cost": 0.0, "Total Cost": 4.5, "Plan Rows": 33, "Plan Width": 0, "Index Cond": "(keyword_id = k.id)"}]}]}, {"Node Type": "Index Scan", "Parent Relationship": "Inner", "Scan Direction": "Forward", "Index Name": "title_pkey", "Relation Name": "title", "Alias": "t", "Startup Cost": 0.0, "Total Cost": 0.31, "Plan Rows": 1, "Plan Width": 21, "Index Cond": "(id = mk.movie_id)", "Filter": "(((title)::text ~~ '%Money%'::text) AND (production_year = 1998))"}]}, {"Node Type": "Index Scan", "Parent Relationship": "Inner", "Scan Direction": "Forward", "Index Name": "movie_id_movie_companies", "Relation Name": "movie_companies", "Alias": "mc", "Startup Cost": 0.0, "Total Cost": 0.31, "Plan Rows": 2, "Plan Width": 12, "Index Cond": "(movie_id = mk.movie_id)", "Filter": "(note IS NULL)"}]}, {"Node Type": "Index Scan", "Parent Relationship": "Inner", "Scan Direction": "Forward", "Index Name": "company_name_pkey", "Relation Name": "company_name", "Alias": "cn", "Startup Cost": 0.0, "Total Cost": 0.29, "Plan Rows": 1, "Plan Width": 23, "Index Cond": "(id = mc.company_id)", "Filter": "(((country_code)::text <> '[pl]'::text) AND (((name)::text ~~ '%Film%'::text) OR ((name)::text ~~ '%Warner%'::text)))"}]}, {"Node Type": "Index Scan", "Parent Relationship": "Inner", "Scan Direction": "Forward", "Index Name": "company_type_pkey", "Relation Name": "company_type", "Alias": "ct", "Startup Cost": 0.0, "Total Cost": 0.27, "Plan Rows": 1, "Plan Width": 4, "Index Cond": "(id = mc.company_type_id)", "Filter": "((kind)::text = 'production companies'::text)"}]}, {"Node Type": "Index Scan", "Parent Relationship": "Inner", "Scan Direction": "Forward", "Index Name": "movie_id_movie_link", "Relation Name": "movie_link", "Alias": "ml", "Startup Cost": 0.0, "Total Cost": 0.35, "Plan Rows": 5, "Plan Width": 8, "Index Cond": "(movie_id = mk.movie_id)"}]}, {"Node Type": "Index Scan", "Parent Relationship": "Inner", "Scan Direction": "Forward", "Index Name": "link_type_pkey", "Relation Name": "link_type", "Alias": "lt", "Startup Cost": 0.0, "Total Cost": 0.27, "Plan Rows": 1, "Plan Width": 16, "Index Cond": "(id = ml.link_type_id)", "Filter": "((link)::text ~~ '%follows%'::text)"}]}]}, "Unique SQL Id": 4121279504}, "explain_analyze_plan": {"Plan": {"Node Type": "Aggregate", "Strategy": "Plain", "Startup Cost": 2581.34, "Total Cost": 2581.35, "Plan Rows": 1, "Plan Width": 144, "Actual Startup Time": 107.057, "Actual Total Time": 107.057, "Actual Rows": 1, "Actual Loops": 1, "Plans": [{"Node Type": "Nested Loop", "Parent Relationship": "Outer", "Join Type": "Inner", "Startup Cost": 4.51, "Total Cost": 2581.33, "Plan Rows": 1, "Plan Width": 48, "Actual Startup Time": 107.047, "Actual Total Time": 107.047, "Actual Rows": 0, "Actual Loops": 1, "Inner Unique": true, "Plans": [{"Node Type": "Nested Loop", "Parent Relationship": "Outer", "Join Type": "Inner", "Startup Cost": 4.51, "Total Cost": 2581.05, "Plan Rows": 1, "Plan Width": 40, "Actual Startup Time": 5.482, "Actual Total Time": 106.959, "Actual Rows": 38, "Actual Loops": 1, "Inner Unique": false, "Join Filter": "(t.id = ml.movie_id)", "Rows Removed by Join Filter": 0, "Plans": [{"Node Type": "Nested Loop", "Parent Relationship": "Outer", "Join Type": "Inner", "Startup Cost": 4.51, "Total Cost": 2580.63, "Plan Rows": 1, "Plan Width": 48, "Actual Startup Time": 5.471, "Actual Total Time": 106.908, "Actual Rows": 2, "Actual Loops": 1, "Inner Unique": true, "Plans": [{"Node Type": "Nested Loop", "Parent Relationship": "Outer", "Join Type": "Inner", "Startup Cost": 4.51, "Total Cost": 2580.35, "Plan Rows": 1, "Plan Width": 52, "Actual Startup Time": 5.461, "Actual Total Time": 106.893, "Actual Rows": 2, "Actual Loops": 1, "Inner Unique": true, "Plans": [{"Node Type": "Nested Loop", "Parent Relationship": "Outer", "Join Type": "Inner", "Startup Cost": 4.51, "Total Cost": 2580.05, "Plan Rows": 1, "Plan Width": 37, "Actual Startup Time": 5.448, "Actual Total Time": 106.864, "Actual Rows": 3, "Actual Loops": 1, "Inner Unique": false, "Join Filter": "(t.id = mc.movie_id)", "Rows Removed by Join Filter": 0, "Plans": [{"Node Type": "Nested Loop", "Parent Relationship": "Outer", "Join Type": "Inner", "Startup Cost": 4.51, "Total Cost": 2579.71, "Plan Rows": 1, "Plan Width": 25, "Actual Startup Time": 5.434, "Actual Total Time": 106.846, "Actual Rows": 1, "Actual Loops": 1, "Inner Unique": true, "Plans": [{"Node Type": "Nested Loop", "Parent Relationship": "Outer", "Join Type": "Inner", "Startup Cost": 4.51, "Total Cost": 2569.02, "Plan Rows": 33, "Plan Width": 4, "Actual Startup Time": 5.175, "Actual Total Time": 57.215, "Actual Rows": 10544, "Actual Loops": 1, "Inner Unique": false, "Plans": [{"Node Type": "Seq Scan", "Parent Relationship": "Outer", "Relation Name": "keyword", "Alias": "k", "Startup Cost": 0.0, "Total Cost": 2436.11, "Plan Rows": 1, "Plan Width": 4, "Actual Startup Time": 2.299, "Actual Total Time": 40.531, "Actual Rows": 1, "Actual Loops": 1, "Filter": "((keyword)::text = 'sequel'::text)", "Rows Removed by Filter": 134168}, {"Node Type": "Bitmap Heap Scan", "Parent Relationship": "Inner", "Relation Name": "movie_keyword", "Alias": "mk", "Startup Cost": 4.51, "Total Cost": 132.58, "Plan Rows": 33, "Plan Width": 8, "Actual Startup Time": 2.868, "Actual Total Time": 14.547, "Actual Rows": 10544, "Actual Loops": 1, "Recheck Cond": "(keyword_id = k.id)", "Rows Removed by Index Recheck": 0, "Exact Heap Blocks": 5090, "Lossy Heap Blocks": 5090, "Plans": [{"Node Type": "Bitmap Index Scan", "Parent Relationship": "Outer", "Index Name": "keyword_id_movie_keyword", "Startup Cost": 0.0, "Total Cost": 4.5, "Plan Rows": 33, "Plan Width": 0, "Actual Startup Time": 1.963, "Actual Total Time": 1.963, "Actual Rows": 10544, "Actual Loops": 1, "Index Cond": "(keyword_id = k.id)"}]}]}, {"Node Type": "Index Scan", "Parent Relationship": "Inner", "Scan Direction": "Forward", "Index Name": "title_pkey", "Relation Name": "title", "Alias": "t", "Startup Cost": 0.0, "Total Cost": 0.31, "Plan Rows": 1, "Plan Width": 21, "Actual Startup Time": 44.363, "Actual Total Time": 44.363, "Actual Rows": 1, "Actual Loops": 10544, "Index Cond": "(id = mk.movie_id)", "Rows Removed by Index Recheck": 0, "Filter": "(((title)::text ~~ '%Money%'::text) AND (production_year = 1998))", "Rows Removed by Filter": 10543}]}, {"Node Type": "Index Scan", "Parent Relationship": "Inner", "Scan Direction": "Forward", "Index Name": "movie_id_movie_companies", "Relation Name": "movie_companies", "Alias": "mc", "Startup Cost": 0.0, "Total Cost": 0.31, "Plan Rows": 2, "Plan Width": 12, "Actual Startup Time": 0.011, "Actual Total Time": 0.014, "Actual Rows": 3, "Actual Loops": 1, "Index Cond": "(movie_id = mk.movie_id)", "Rows Removed by Index Recheck": 0, "Filter": "(note IS NULL)", "Rows Removed by Filter": 1}]}, {"Node Type": "Index Scan", "Parent Relationship": "Inner", "Scan Direction": "Forward", "Index Name": "company_name_pkey", "Relation Name": "company_name", "Alias": "cn", "Startup Cost": 0.0, "Total Cost": 0.29, "Plan Rows": 1, "Plan Width": 23, "Actual Startup Time": 0.025, "Actual Total Time": 0.025, "Actual Rows": 2, "Actual Loops": 3, "Index Cond": "(id = mc.company_id)", "Rows Removed by Index Recheck": 0, "Filter": "(((country_code)::text <> '[pl]'::text) AND (((name)::text ~~ '%Film%'::text) OR ((name)::text ~~ '%Warner%'::text)))", "Rows Removed by Filter": 1}]}, {"Node Type": "Index Scan", "Parent Relationship": "Inner", "Scan Direction": "Forward", "Index Name": "company_type_pkey", "Relation Name": "company_type", "Alias": "ct", "Startup Cost": 0.0, "Total Cost": 0.27, "Plan Rows": 1, "Plan Width": 4, "Actual Startup Time": 0.01, "Actual Total Time": 0.01, "Actual Rows": 2, "Actual Loops": 2, "Index Cond": "(id = mc.company_type_id)", "Rows Removed by Index Recheck": 0, "Filter": "((kind)::text = 'production companies'::text)", "Rows Removed by Filter": 0}]}, {"Node Type": "Index Scan", "Parent Relationship": "Inner", "Scan Direction": "Forward", "Index Name": "movie_id_movie_link", "Relation Name": "movie_link", "Alias": "ml", "Startup Cost": 0.0, "Total Cost": 0.35, "Plan Rows": 5, "Plan Width": 8, "Actual Startup Time": 0.011, "Actual Total Time": 0.027, "Actual Rows": 38, "Actual Loops": 2, "Index Cond": "(movie_id = mk.movie_id)", "Rows Removed by Index Recheck": 0}]}, {"Node Type": "Index Scan", "Parent Relationship": "Inner", "Scan Direction": "Forward", "Index Name": "link_type_pkey", "Relation Name": "link_type", "Alias": "lt", "Startup Cost": 0.0, "Total Cost": 0.27, "Plan Rows": 1, "Plan Width": 16, "Actual Startup Time": 0.073, "Actual Total Time": 0.073, "Actual Rows": 0, "Actual Loops": 38, "Index Cond": "(id = ml.link_type_id)", "Rows Removed by Index Recheck": 0, "Filter": "((link)::text ~~ '%follows%'::text)", "Rows Removed by Filter": 24}]}]}, "Triggers": [], "Planner Runtime": 64.386, "Total Runtime": 107.455, "Unique SQL Id": 4121279504}}, "(1, 117)": {"explain_plan": {"Plan": {"Node Type": "Aggregate", "Strategy": "Plain", "Startup Cost": 3327.94, "Total Cost": 3327.95, "Plan Rows": 1, "Plan Width": 144, "Plans": [{"Node Type": "Nested Loop", "Parent Relationship": "Outer", "Join Type": "Inner", "Startup Cost": 4.51, "Total Cost": 3327.93, "Plan Rows": 1, "Plan Width": 48, "Inner Unique": true, "Plans": [{"Node Type": "Nested Loop", "Parent Relationship": "Outer", "Join Type": "Inner", "Startup Cost": 4.51, "Total Cost": 3327.65, "Plan Rows": 1, "Plan Width": 40, "Inner Unique": false, "Join Filter": "(t.id = ml.movie_id)", "Plans": [{"Node Type": "Nested Loop", "Parent Relationship": "Outer", "Join Type": "Inner", "Startup Cost": 4.51, "Total Cost": 3327.24, "Plan Rows": 1, "Plan Width": 48, "Inner Unique": true, "Plans": [{"Node Type": "Nested Loop", "Parent Relationship": "Outer", "Join Type": "Inner", "Startup Cost": 4.51, "Total Cost": 3326.95, "Plan Rows": 1, "Plan Width": 52, "Inner Unique": true, "Plans": [{"Node Type": "Nested Loop", "Parent Relationship": "Outer", "Join Type": "Inner", "Startup Cost": 4.51, "Total Cost": 3326.66, "Plan Rows": 1, "Plan Width": 37, "Inner Unique": false, "Join Filter": "(t.id = mc.movie_id)", "Plans": [{"Node Type": "Nested Loop", "Parent Relationship": "Outer", "Join Type": "Inner", "Startup Cost": 4.51, "Total Cost": 3326.32, "Plan Rows": 1, "Plan Width": 25, "Inner Unique": true, "Plans": [{"Node Type": "Nested Loop", "Parent Relationship": "Outer", "Join Type": "Inner", "Startup Cost": 4.51, "Total Cost": 3315.63, "Plan Rows": 33, "Plan Width": 4, "Inner Unique": false, "Plans": [{"Node Type": "Index Scan", "Parent Relationship": "Outer", "Scan Direction": "Forward", "Index Name": "keyword_pkey", "Relation Name": "keyword", "Alias": "k", "Startup Cost": 0.0, "Total Cost": 3182.72, "Plan Rows": 1, "Plan Width": 4, "Filter": "((keyword)::text = 'sequel'::text)"}, {"Node Type": "Bitmap Heap Scan", "Parent Relationship": "Inner", "Relation Name": "movie_keyword", "Alias": "mk", "Startup Cost": 4.51, "Total Cost": 132.58, "Plan Rows": 33, "Plan Width": 8, "Recheck Cond": "(keyword_id = k.id)", "Plans": [{"Node Type": "Bitmap Index Scan", "Parent Relationship": "Outer", "Index Name": "keyword_id_movie_keyword", "Startup Cost": 0.0, "Total Cost": 4.5, "Plan Rows": 33, "Plan Width": 0, "Index Cond": "(keyword_id = k.id)"}]}]}, {"Node Type": "Index Scan", "Parent Relationship": "Inner", "Scan Direction": "Forward", "Index Name": "title_pkey", "Relation Name": "title", "Alias": "t", "Startup Cost": 0.0, "Total Cost": 0.31, "Plan Rows": 1, "Plan Width": 21, "Index Cond": "(id = mk.movie_id)", "Filter": "(((title)::text ~~ '%Money%'::text) AND (production_year = 1998))"}]}, {"Node Type": "Index Scan", "Parent Relationship": "Inner", "Scan Direction": "Forward", "Index Name": "movie_id_movie_companies", "Relation Name": "movie_companies", "Alias": "mc", "Startup Cost": 0.0, "Total Cost": 0.31, "Plan Rows": 2, "Plan Width": 12, "Index Cond": "(movie_id = mk.movie_id)", "Filter": "(note IS NULL)"}]}, {"Node Type": "Index Scan", "Parent Relationship": "Inner", "Scan Direction": "Forward", "Index Name": "company_name_pkey", "Relation Name": "company_name", "Alias": "cn", "Startup Cost": 0.0, "Total Cost": 0.29, "Plan Rows": 1, "Plan Width": 23, "Index Cond": "(id = mc.company_id)", "Filter": "(((country_code)::text <> '[pl]'::text) AND (((name)::text ~~ '%Film%'::text) OR ((name)::text ~~ '%Warner%'::text)))"}]}, {"Node Type": "Index Scan", "Parent Relationship": "Inner", "Scan Direction": "Forward", "Index Name": "company_type_pkey", "Relation Name": "company_type", "Alias": "ct", "Startup Cost": 0.0, "Total Cost": 0.27, "Plan Rows": 1, "Plan Width": 4, "Index Cond": "(id = mc.company_type_id)", "Filter": "((kind)::text = 'production companies'::text)"}]}, {"Node Type": "Index Scan", "Parent Relationship": "Inner", "Scan Direction": "Forward", "Index Name": "movie_id_movie_link", "Relation Name": "movie_link", "Alias": "ml", "Startup Cost": 0.0, "Total Cost": 0.35, "Plan Rows": 5, "Plan Width": 8, "Index Cond": "(movie_id = mk.movie_id)"}]}, {"Node Type": "Index Scan", "Parent Relationship": "Inner", "Scan Direction": "Forward", "Index Name": "link_type_pkey", "Relation Name": "link_type", "Alias": "lt", "Startup Cost": 0.0, "Total Cost": 0.27, "Plan Rows": 1, "Plan Width": 16, "Index Cond": "(id = ml.link_type_id)", "Filter": "((link)::text ~~ '%follows%'::text)"}]}]}, "Unique SQL Id": 4121279504}, "explain_analyze_plan": {"Plan": {"Node Type": "Aggregate", "Strategy": "Plain", "Startup Cost": 3327.94, "Total Cost": 3327.95, "Plan Rows": 1, "Plan Width": 144, "Actual Startup Time": 181.02, "Actual Total Time": 181.021, "Actual Rows": 1, "Actual Loops": 1, "Plans": [{"Node Type": "Nested Loop", "Parent Relationship": "Outer", "Join Type": "Inner", "Startup Cost": 4.51, "Total Cost": 3327.93, "Plan Rows": 1, "Plan Width": 48, "Actual Startup Time": 181.01, "Actual Total Time": 181.01, "Actual Rows": 0, "Actual Loops": 1, "Inner Unique": true, "Plans": [{"Node Type": "Nested Loop", "Parent Relationship": "Outer", "Join Type": "Inner", "Startup Cost": 4.51, "Total Cost": 3327.65, "Plan Rows": 1, "Plan Width": 40, "Actual Startup Time": 3.646, "Actual Total Time": 180.923, "Actual Rows": 38, "Actual Loops": 1, "Inner Unique": false, "Join Filter": "(t.id = ml.movie_id)", "Rows Removed by Join Filter": 0, "Plans": [{"Node Type": "Nested Loop", "Parent Relationship": "Outer", "Join Type": "Inner", "Startup Cost": 4.51, "Total Cost": 3327.24, "Plan Rows": 1, "Plan Width": 48, "Actual Startup Time": 3.636, "Actual Total Time": 180.883, "Actual Rows": 2, "Actual Loops": 1, "Inner Unique": true, "Plans": [{"Node Type": "Nested Loop", "Parent Relationship": "Outer", "Join Type": "Inner", "Startup Cost": 4.51, "Total Cost": 3326.95, "Plan Rows": 1, "Plan Width": 52, "Actual Startup Time": 3.627, "Actual Total Time": 180.869, "Actual Rows": 2, "Actual Loops": 1, "Inner Unique": true, "Plans": [{"Node Type": "Nested Loop", "Parent Relationship": "Outer", "Join Type": "Inner", "Startup Cost": 4.51, "Total Cost": 3326.66, "Plan Rows": 1, "Plan Width": 37, "Actual Startup Time": 3.613, "Actual Total Time": 180.84, "Actual Rows": 3, "Actual Loops": 1, "Inner Unique": false, "Join Filter": "(t.id = mc.movie_id)", "Rows Removed by Join Filter": 0, "Plans": [{"Node Type": "Nested Loop", "Parent Relationship": "Outer", "Join Type": "Inner", "Startup Cost": 4.51, "Total Cost": 3326.32, "Plan Rows": 1, "Plan Width": 25, "Actual Startup Time": 3.597, "Actual Total Time": 180.82, "Actual Rows": 1, "Actual Loops": 1, "Inner Unique": true, "Plans": [{"Node Type": "Nested Loop", "Parent Relationship": "Outer", "Join Type": "Inner", "Startup Cost": 4.51, "Total Cost": 3315.63, "Plan Rows": 33, "Plan Width": 4, "Actual Startup Time": 3.337, "Actual Total Time": 130.626, "Actual Rows": 10544, "Actual Loops": 1, "Inner Unique": false, "Plans": [{"Node Type": "Index Scan", "Parent Relationship": "Outer", "Scan Direction": "Forward", "Index Name": "keyword_pkey", "Relation Name": "keyword", "Alias": "k", "Startup Cost": 0.0, "Total Cost": 3182.72, "Plan Rows": 1, "Plan Width": 4, "Actual Startup Time": 0.436, "Actual Total Time": 113.393, "Actual Rows": 1, "Actual Loops": 1, "Filter": "((keyword)::text = 'sequel'::text)", "Rows Removed by Filter": 134168}, {"Node Type": "Bitmap Heap Scan", "Parent Relationship": "Inner", "Relation Name": "movie_keyword", "Alias": "mk", "Startup Cost": 4.51, "Total Cost": 132.58, "Plan Rows": 33, "Plan Width": 8, "Actual Startup Time": 2.893, "Actual Total Time": 14.881, "Actual Rows": 10544, "Actual Loops": 1, "Recheck Cond": "(keyword_id = k.id)", "Rows Removed by Index Recheck": 0, "Exact Heap Blocks": 5090, "Lossy Heap Blocks": 5090, "Plans": [{"Node Type": "Bitmap Index Scan", "Parent Relationship": "Outer", "Index Name": "keyword_id_movie_keyword", "Startup Cost": 0.0, "Total Cost": 4.5, "Plan Rows": 33, "Plan Width": 0, "Actual Startup Time": 1.993, "Actual Total Time": 1.993, "Actual Rows": 10544, "Actual Loops": 1, "Index Cond": "(keyword_id = k.id)"}]}]}, {"Node Type": "Index Scan", "Parent Relationship": "Inner", "Scan Direction": "Forward", "Index Name": "title_pkey", "Relation Name": "title", "Alias": "t", "Startup Cost": 0.0, "Total Cost": 0.31, "Plan Rows": 1, "Plan Width": 21, "Actual Startup Time": 44.981, "Actual Total Time": 44.981, "Actual Rows": 1, "Actual Loops": 10544, "Index Cond": "(id = mk.movie_id)", "Rows Removed by Index Recheck": 0, "Filter": "(((title)::text ~~ '%Money%'::text) AND (production_year = 1998))", "Rows Removed by Filter": 10543}]}, {"Node Type": "Index Scan", "Parent Relationship": "Inner", "Scan Direction": "Forward", "Index Name": "movie_id_movie_companies", "Relation Name": "movie_companies", "Alias": "mc", "Startup Cost": 0.0, "Total Cost": 0.31, "Plan Rows": 2, "Plan Width": 12, "Actual Startup Time": 0.012, "Actual Total Time": 0.013, "Actual Rows": 3, "Actual Loops": 1, "Index Cond": "(movie_id = mk.movie_id)", "Rows Removed by Index Recheck": 0, "Filter": "(note IS NULL)", "Rows Removed by Filter": 1}]}, {"Node Type": "Index Scan", "Parent Relationship": "Inner", "Scan Direction": "Forward", "Index Name": "company_name_pkey", "Relation Name": "company_name", "Alias": "cn", "Startup Cost": 0.0, "Total Cost": 0.29, "Plan Rows": 1, "Plan Width": 23, "Actual Startup Time": 0.023, "Actual Total Time": 0.023, "Actual Rows": 2, "Actual Loops": 3, "Index Cond": "(id = mc.company_id)", "Rows Removed by Index Recheck": 0, "Filter": "(((country_code)::text <> '[pl]'::text) AND (((name)::text ~~ '%Film%'::text) OR ((name)::text ~~ '%Warner%'::text)))", "Rows Removed by Filter": 1}]}, {"Node Type": "Index Scan", "Parent Relationship": "Inner", "Scan Direction": "Forward", "Index Name": "company_type_pkey", "Relation Name": "company_type", "Alias": "ct", "Startup Cost": 0.0, "Total Cost": 0.27, "Plan Rows": 1, "Plan Width": 4, "Actual Startup Time": 0.009, "Actual Total Time": 0.009, "Actual Rows": 2, "Actual Loops": 2, "Index Cond": "(id = mc.company_type_id)", "Rows Removed by Index Recheck": 0, "Filter": "((kind)::text = 'production companies'::text)", "Rows Removed by Filter": 0}]}, {"Node Type": "Index Scan", "Parent Relationship": "Inner", "Scan Direction": "Forward", "Index Name": "movie_id_movie_link", "Relation Name": "movie_link", "Alias": "ml", "Startup Cost": 0.0, "Total Cost": 0.35, "Plan Rows": 5, "Plan Width": 8, "Actual Startup Time": 0.011, "Actual Total Time": 0.023, "Actual Rows": 38, "Actual Loops": 2, "Index Cond": "(movie_id = mk.movie_id)", "Rows Removed by Index Recheck": 0}]}, {"Node Type": "Index Scan", "Parent Relationship": "Inner", "Scan Direction": "Forward", "Index Name": "link_type_pkey", "Relation Name": "link_type", "Alias": "lt", "Startup Cost": 0.0, "Total Cost": 0.27, "Plan Rows": 1, "Plan Width": 16, "Actual Startup Time": 0.063, "Actual Total Time": 0.063, "Actual Rows": 0, "Actual Loops": 38, "Index Cond": "(id = ml.link_type_id)", "Rows Removed by Index Recheck": 0, "Filter": "((link)::text ~~ '%follows%'::text)", "Rows Removed by Filter": 24}]}]}, "Triggers": [], "Planner Runtime": 58.021, "Total Runtime": 181.432, "Unique SQL Id": 4121279504}}, "(1, 118)": {"explain_plan": {"Plan": {"Node Type": "Aggregate", "Strategy": "Plain", "Startup Cost": 2726.02, "Total Cost": 2726.03, "Plan Rows": 1, "Plan Width": 144, "Plans": [{"Node Type": "Nested Loop", "Parent Relationship": "Outer", "Join Type": "Inner", "Startup Cost": 5.59, "Total Cost": 2726.01, "Plan Rows": 1, "Plan Width": 48, "Inner Unique": true, "Join Filter": "(ml.link_type_id = lt.id)", "Plans": [{"Node Type": "Nested Loop", "Parent Relationship": "Outer", "Join Type": "Inner", "Startup Cost": 5.59, "Total Cost": 2724.78, "Plan Rows": 1, "Plan Width": 40, "Inner Unique": false, "Join Filter": "(t.id = ml.movie_id)", "Plans": [{"Node Type": "Nested Loop", "Parent Relationship": "Outer", "Join Type": "Inner", "Startup Cost": 5.3, "Total Cost": 2720.37, "Plan Rows": 1, "Plan Width": 48, "Inner Unique": true, "Join Filter": "(mc.company_type_id = ct.id)", "Plans": [{"Node Type": "Nested Loop", "Parent Relationship": "Outer", "Join Type": "Inner", "Startup Cost": 5.3, "Total Cost": 2719.32, "Plan Rows": 1, "Plan Width": 52, "Inner Unique": true, "Plans": [{"Node Type": "Nested Loop", "Parent Relationship": "Outer", "Join Type": "Inner", "Startup Cost": 5.05, "Total Cost": 2715.03, "Plan Rows": 1, "Plan Width": 37, "Inner Unique": false, "Join Filter": "(t.id = mc.movie_id)", "Plans": [{"Node Type": "Nested Loop", "Parent Relationship": "Outer", "Join Type": "Inner", "Startup Cost": 4.77, "Total Cost": 2710.71, "Plan Rows": 1, "Plan Width": 25, "Inner Unique": true, "Plans": [{"Node Type": "Nested Loop", "Parent Relationship": "Outer", "Join Type": "Inner", "Startup Cost": 4.51, "Total Cost": 2569.02, "Plan Rows": 33, "Plan Width": 4, "Inner Unique": false, "Plans": [{"Node Type": "Seq Scan", "Parent Relationship": "Outer", "Relation Name": "keyword", "Alias": "k", "Startup Cost": 0.0, "Total Cost": 2436.11, "Plan Rows": 1, "Plan Width": 4, "Filter": "((keyword)::text = 'sequel'::text)"}, {"Node Type": "Bitmap Heap Scan", "Parent Relationship": "Inner", "Relation Name": "movie_keyword", "Alias": "mk", "Startup Cost": 4.51, "Total Cost": 132.58, "Plan Rows": 33, "Plan Width": 8, "Recheck Cond": "(keyword_id = k.id)", "Plans": [{"Node Type": "Bitmap Index Scan", "Parent Relationship": "Outer", "Index Name": "keyword_id_movie_keyword", "Startup Cost": 0.0, "Total Cost": 4.5, "Plan Rows": 33, "Plan Width": 0, "Index Cond": "(keyword_id = k.id)"}]}]}, {"Node Type": "Bitmap Heap Scan", "Parent Relationship": "Inner", "Relation Name": "title", "Alias": "t", "Startup Cost": 0.27, "Total Cost": 4.28, "Plan Rows": 1, "Plan Width": 21, "Recheck Cond": "(id = mk.movie_id)", "Filter": "(((title)::text ~~ '%Money%'::text) AND (production_year = 1998))", "Plans": [{"Node Type": "Bitmap Index Scan", "Parent Relationship": "Outer", "Index Name": "title_pkey", "Startup Cost": 0.0, "Total Cost": 0.27, "Plan Rows": 1, "Plan Width": 0, "Index Cond": "(id = mk.movie_id)"}]}]}, {"Node Type": "Bitmap Heap Scan", "Parent Relationship": "Inner", "Relation Name": "movie_companies", "Alias": "mc", "Startup Cost": 0.27, "Total Cost": 4.3, "Plan Rows": 2, "Plan Width": 12, "Recheck Cond": "(movie_id = mk.movie_id)", "Filter": "(note IS NULL)", "Plans": [{"Node Type": "Bitmap Index Scan", "Parent Relationship": "Outer", "Index Name": "movie_id_movie_companies", "Startup Cost": 0.0, "Total Cost": 0.27, "Plan Rows": 2, "Plan Width": 0, "Index Cond": "(movie_id = mk.movie_id)"}]}]}, {"Node Type": "Bitmap Heap Scan", "Parent Relationship": "Inner", "Relation Name": "company_name", "Alias": "cn", "Startup Cost": 0.26, "Total Cost": 4.28, "Plan Rows": 1, "Plan Width": 23, "Recheck Cond": "(id = mc.company_id)", "Filter": "(((country_code)::text <> '[pl]'::text) AND (((name)::text ~~ '%Film%'::text) OR ((name)::text ~~ '%Warner%'::text)))", "Plans": [{"Node Type": "Bitmap Index Scan", "Parent Relationship": "Outer", "Index Name": "company_name_pkey", "Startup Cost": 0.0, "Total Cost": 0.26, "Plan Rows": 1, "Plan Width": 0, "Index Cond": "(id = mc.company_id)"}]}]}, {"Node Type": "Seq Scan", "Parent Relationship": "Inner", "Relation Name": "company_type", "Alias": "ct", "Startup Cost": 0.0, "Total Cost": 1.04, "Plan Rows": 1, "Plan Width": 4, "Filter": "((kind)::text = 'production companies'::text)"}]}, {"Node Type": "Bitmap Heap Scan", "Parent Relationship": "Inner", "Relation Name": "movie_link", "Alias": "ml", "Startup Cost": 0.29, "Total Cost": 4.35, "Plan Rows": 5, "Plan Width": 8, "Recheck Cond": "(movie_id = mk.movie_id)", "Plans": [{"Node Type": "Bitmap Index Scan", "Parent Relationship": "Outer", "Index Name": "movie_id_movie_link", "Startup Cost": 0.0, "Total Cost": 0.29, "Plan Rows": 5, "Plan Width": 0, "Index Cond": "(movie_id = mk.movie_id)"}]}]}, {"Node Type": "Seq Scan", "Parent Relationship": "Inner", "Relation Name": "link_type", "Alias": "lt", "Startup Cost": 0.0, "Total Cost": 1.21, "Plan Rows": 1, "Plan Width": 16, "Filter": "((link)::text ~~ '%follows%'::text)"}]}]}, "Unique SQL Id": 4121279504}, "explain_analyze_plan": {"Plan": {"Node Type": "Aggregate", "Strategy": "Plain", "Startup Cost": 2726.02, "Total Cost": 2726.03, "Plan Rows": 1, "Plan Width": 144, "Actual Startup Time": 123.802, "Actual Total Time": 123.802, "Actual Rows": 1, "Actual Loops": 1, "Plans": [{"Node Type": "Nested Loop", "Parent Relationship": "Outer", "Join Type": "Inner", "Startup Cost": 5.59, "Total Cost": 2726.01, "Plan Rows": 1, "Plan Width": 48, "Actual Startup Time": 123.793, "Actual Total Time": 123.793, "Actual Rows": 0, "Actual Loops": 1, "Inner Unique": true, "Join Filter": "(ml.link_type_id = lt.id)", "Rows Removed by Join Filter": 0, "Plans": [{"Node Type": "Nested Loop", "Parent Relationship": "Outer", "Join Type": "Inner", "Startup Cost": 5.59, "Total Cost": 2724.78, "Plan Rows": 1, "Plan Width": 40, "Actual Startup Time": 5.572, "Actual Total Time": 123.464, "Actual Rows": 38, "Actual Loops": 1, "Inner Unique": false, "Join Filter": "(t.id = ml.movie_id)", "Rows Removed by Join Filter": 0, "Plans": [{"Node Type": "Nested Loop", "Parent Relationship": "Outer", "Join Type": "Inner", "Startup Cost": 5.3, "Total Cost": 2720.37, "Plan Rows": 1, "Plan Width": 48, "Actual Startup Time": 5.548, "Actual Total Time": 123.405, "Actual Rows": 2, "Actual Loops": 1, "Inner Unique": true, "Join Filter": "(mc.company_type_id = ct.id)", "Rows Removed by Join Filter": 0, "Plans": [{"Node Type": "Nested Loop", "Parent Relationship": "Outer", "Join Type": "Inner", "Startup Cost": 5.3, "Total Cost": 2719.32, "Plan Rows": 1, "Plan Width": 52, "Actual Startup Time": 5.537, "Actual Total Time": 123.389, "Actual Rows": 2, "Actual Loops": 1, "Inner Unique": true, "Plans": [{"Node Type": "Nested Loop", "Parent Relationship": "Outer", "Join Type": "Inner", "Startup Cost": 5.05, "Total Cost": 2715.03, "Plan Rows": 1, "Plan Width": 37, "Actual Startup Time": 5.522, "Actual Total Time": 123.354, "Actual Rows": 3, "Actual Loops": 1, "Inner Unique": false, "Join Filter": "(t.id = mc.movie_id)", "Rows Removed by Join Filter": 0, "Plans": [{"Node Type": "Nested Loop", "Parent Relationship": "Outer", "Join Type": "Inner", "Startup Cost": 4.77, "Total Cost": 2710.71, "Plan Rows": 1, "Plan Width": 25, "Actual Startup Time": 5.499, "Actual Total Time": 123.328, "Actual Rows": 1, "Actual Loops": 1, "Inner Unique": true, "Plans": [{"Node Type": "Nested Loop", "Parent Relationship": "Outer", "Join Type": "Inner", "Startup Cost": 4.51, "Total Cost": 2569.02, "Plan Rows": 33, "Plan Width": 4, "Actual Startup Time": 5.191, "Actual Total Time": 58.437, "Actual Rows": 10544, "Actual Loops": 1, "Inner Unique": false, "Plans": [{"Node Type": "Seq Scan", "Parent Relationship": "Outer", "Relation Name": "keyword", "Alias": "k", "Startup Cost": 0.0, "Total Cost": 2436.11, "Plan Rows": 1, "Plan Width": 4, "Actual Startup Time": 2.298, "Actual Total Time": 41.897, "Actual Rows": 1, "Actual Loops": 1, "Filter": "((keyword)::text = 'sequel'::text)", "Rows Removed by Filter": 134168}, {"Node Type": "Bitmap Heap Scan", "Parent Relationship": "Inner", "Relation Name": "movie_keyword", "Alias": "mk", "Startup Cost": 4.51, "Total Cost": 132.58, "Plan Rows": 33, "Plan Width": 8, "Actual Startup Time": 2.885, "Actual Total Time": 14.415, "Actual Rows": 10544, "Actual Loops": 1, "Recheck Cond": "(keyword_id = k.id)", "Rows Removed by Index Recheck": 0, "Exact Heap Blocks": 5090, "Lossy Heap Blocks": 5090, "Plans": [{"Node Type": "Bitmap Index Scan", "Parent Relationship": "Outer", "Index Name": "keyword_id_movie_keyword", "Startup Cost": 0.0, "Total Cost": 4.5, "Plan Rows": 33, "Plan Width": 0, "Actual Startup Time": 1.979, "Actual Total Time": 1.979, "Actual Rows": 10544, "Actual Loops": 1, "Index Cond": "(keyword_id = k.id)"}]}]}, {"Node Type": "Bitmap Heap Scan", "Parent Relationship": "Inner", "Relation Name": "title", "Alias": "t", "Startup Cost": 0.27, "Total Cost": 4.28, "Plan Rows": 1, "Plan Width": 21, "Actual Startup Time": 53.127, "Actual Total Time": 53.127, "Actual Rows": 1, "Actual Loops": 10544, "Recheck Cond": "(id = mk.movie_id)", "Rows Removed by Index Recheck": 0, "Filter": "(((title)::text ~~ '%Money%'::text) AND (production_year = 1998))", "Rows Removed by Filter": 10543, "Exact Heap Blocks": 10544, "Lossy Heap Blocks": 10544, "Plans": [{"Node Type": "Bitmap Index Scan", "Parent Relationship": "Outer", "Index Name": "title_pkey", "Startup Cost": 0.0, "Total Cost": 0.27, "Plan Rows": 1, "Plan Width": 0, "Actual Startup Time": 27.96, "Actual Total Time": 27.96, "Actual Rows": 10544, "Actual Loops": 10544, "Index Cond": "(id = mk.movie_id)"}]}]}, {"Node Type": "Bitmap Heap Scan", "Parent Relationship": "Inner", "Relation Name": "movie_companies", "Alias": "mc", "Startup Cost": 0.27, "Total Cost": 4.3, "Plan Rows": 2, "Plan Width": 12, "Actual Startup Time": 0.018, "Actual Total Time": 0.019, "Actual Rows": 3, "Actual Loops": 1, "Recheck Cond": "(movie_id = mk.movie_id)", "Rows Removed by Index Recheck": 0, "Filter": "(note IS NULL)", "Rows Removed by Filter": 1, "Exact Heap Blocks": 2, "Lossy Heap Blocks": 2, "Plans": [{"Node Type": "Bitmap Index Scan", "Parent Relationship": "Outer", "Index Name": "movie_id_movie_companies", "Startup Cost": 0.0, "Total Cost": 0.27, "Plan Rows": 2, "Plan Width": 0, "Actual Startup Time": 0.008, "Actual Total Time": 0.008, "Actual Rows": 4, "Actual Loops": 1, "Index Cond": "(movie_id = mk.movie_id)"}]}]}, {"Node Type": "Bitmap Heap Scan", "Parent Relationship": "Inner", "Relation Name": "company_name", "Alias": "cn", "Startup Cost": 0.26, "Total Cost": 4.28, "Plan Rows": 1, "Plan Width": 23, "Actual Startup Time": 0.029, "Actual Total Time": 0.029, "Actual Rows": 2, "Actual Loops": 3, "Recheck Cond": "(id = mc.company_id)", "Rows Removed by Index Recheck": 0, "Filter": "(((country_code)::text <> '[pl]'::text) AND (((name)::text ~~ '%Film%'::text) OR ((name)::text ~~ '%Warner%'::text)))", "Rows Removed by Filter": 1, "Exact Heap Blocks": 3, "Lossy Heap Blocks": 3, "Plans": [{"Node Type": "Bitmap Index Scan", "Parent Relationship": "Outer", "Index Name": "company_name_pkey", "Startup Cost": 0.0, "Total Cost": 0.26, "Plan Rows": 1, "Plan Width": 0, "Actual Startup Time": 0.015, "Actual Total Time": 0.015, "Actual Rows": 3, "Actual Loops": 3, "Index Cond": "(id = mc.company_id)"}]}]}, {"Node Type": "Seq Scan", "Parent Relationship": "Inner", "Relation Name": "company_type", "Alias": "ct", "Startup Cost": 0.0, "Total Cost": 1.04, "Plan Rows": 1, "Plan Width": 4, "Actual Startup Time": 0.009, "Actual Total Time": 0.009, "Actual Rows": 2, "Actual Loops": 2, "Filter": "((kind)::text = 'production companies'::text)", "Rows Removed by Filter": 0}]}, {"Node Type": "Bitmap Heap Scan", "Parent Relationship": "Inner", "Relation Name": "movie_link", "Alias": "ml", "Startup Cost": 0.29, "Total Cost": 4.35, "Plan Rows": 5, "Plan Width": 8, "Actual Startup Time": 0.027, "Actual Total Time": 0.032, "Actual Rows": 38, "Actual Loops": 2, "Recheck Cond": "(movie_id = mk.movie_id)", "Rows Removed by Index Recheck": 0, "Exact Heap Blocks": 2, "Lossy Heap Blocks": 2, "Plans": [{"Node Type": "Bitmap Index Scan", "Parent Relationship": "Outer", "Index Name": "movie_id_movie_link", "Startup Cost": 0.0, "Total Cost": 0.29, "Plan Rows": 5, "Plan Width": 0, "Actual Startup Time": 0.011, "Actual Total Time": 0.011, "Actual Rows": 38, "Actual Loops": 2, "Index Cond": "(movie_id = mk.movie_id)"}]}]}, {"Node Type": "Seq Scan", "Parent Relationship": "Inner", "Relation Name": "link_type", "Alias": "lt", "Startup Cost": 0.0, "Total Cost": 1.21, "Plan Rows": 1, "Plan Width": 16, "Actual Startup Time": 0.294, "Actual Total Time": 0.294, "Actual Rows": 0, "Actual Loops": 38, "Filter": "((link)::text ~~ '%follows%'::text)", "Rows Removed by Filter": 646}]}]}, "Triggers": [], "Planner Runtime": 52.601, "Total Runtime": 124.232, "Unique SQL Id": 4121279504}}, "(1, 119)": {"explain_plan": {"Plan": {"Node Type": "Aggregate", "Strategy": "Plain", "Startup Cost": 1000014795431.67, "Total Cost": 1000014795431.68, "Plan Rows": 1, "Plan Width": 144, "Plans": [{"Node Type": "Nested Loop", "Parent Relationship": "Outer", "Join Type": "Inner", "Startup Cost": 10000000001.97, "Total Cost": 1000014795431.66, "Plan Rows": 1, "Plan Width": 48, "Inner Unique": true, "Plans": [{"Node Type": "Nested Loop", "Parent Relationship": "Outer", "Join Type": "Inner", "Startup Cost": 10000000001.72, "Total Cost": 1000014795427.38, "Plan Rows": 1, "Plan Width": 52, "Inner Unique": true, "Plans": [{"Node Type": "Nested Loop", "Parent Relationship": "Outer", "Join Type": "Inner", "Startup Cost": 10000000001.46, "Total Cost": 1000014795418.82, "Plan Rows": 2, "Plan Width": 44, "Inner Unique": false, "Join Filter": "(t.id = ml.movie_id)", "Plans": [{"Node Type": "Nested Loop", "Parent Relationship": "Outer", "Join Type": "Inner", "Startup Cost": 10000000001.17, "Total Cost": 1000014795414.4, "Plan Rows": 1, "Plan Width": 52, "Inner Unique": true, "Plans": [{"Node Type": "Nested Loop", "Parent Relationship": "Outer", "Join Type": "Inner", "Startup Cost": 10000000000.91, "Total Cost": 1000014795328.75, "Plan Rows": 20, "Plan Width": 56, "Inner Unique": false, "Join Filter": "(t.id = mk.movie_id)", "Plans": [{"Node Type": "Nested Loop", "Parent Relationship": "Outer", "Join Type": "Inner", "Startup Cost": 10000000000.55, "Total Cost": 1000014795319.62, "Plan Rows": 2, "Plan Width": 48, "Inner Unique": true, "Plans": [{"Node Type": "Nested Loop", "Parent Relationship": "Outer", "Join Type": "Inner", "Startup Cost": 10000000000.29, "Total Cost": 1000014795293.88, "Plan Rows": 6, "Plan Width": 33, "Inner Unique": true, "Plans": [{"Node Type": "Index Scan", "Parent Relationship": "Outer", "Scan Direction": "Forward", "Index Name": "company_type_id_movie_companies", "Relation Name": "movie_companies", "Alias": "mc", "Startup Cost": 10000000000.0, "Total Cost": 1000009318217.0, "Plan Rows": 1269486, "Plan Width": 12, "Filter": "(note IS NULL), (LLVM Optimized)"}, {"Node Type": "Bitmap Heap Scan", "Parent Relationship": "Inner", "Relation Name": "title", "Alias": "t", "Startup Cost": 0.29, "Total Cost": 4.3, "Plan Rows": 1, "Plan Width": 21, "Recheck Cond": "(id = mc.movie_id)", "Filter": "(((title)::text ~~ '%Money%'::text) AND (production_year = 1998))", "Plans": [{"Node Type": "Bitmap Index Scan", "Parent Relationship": "Outer", "Index Name": "title_pkey", "Startup Cost": 0.0, "Total Cost": 0.29, "Plan Rows": 1, "Plan Width": 0, "Index Cond": "(id = mc.movie_id)"}]}]}, {"Node Type": "Bitmap Heap Scan", "Parent Relationship": "Inner", "Relation Name": "company_name", "Alias": "cn", "Startup Cost": 0.26, "Total Cost": 4.28, "Plan Rows": 1, "Plan Width": 23, "Recheck Cond": "(id = mc.company_id)", "Filter": "(((country_code)::text <> '[pl]'::text) AND (((name)::text ~~ '%Film%'::text) OR ((name)::text ~~ '%Warner%'::text)))", "Plans": [{"Node Type": "Bitmap Index Scan", "Parent Relationship": "Outer", "Index Name": "company_name_pkey", "Startup Cost": 0.0, "Total Cost": 0.26, "Plan Rows": 1, "Plan Width": 0, "Index Cond": "(id = mc.company_id)"}]}]}, {"Node Type": "Bitmap Heap Scan", "Parent Relationship": "Inner", "Relation Name": "movie_keyword", "Alias": "mk", "Startup Cost": 0.37, "Total Cost": 4.47, "Plan Rows": 8, "Plan Width": 8, "Recheck Cond": "(movie_id = mc.movie_id)", "Plans": [{"Node Type": "Bitmap Index Scan", "Parent Relationship": "Outer", "Index Name": "movie_id_movie_keyword", "Startup Cost": 0.0, "Total Cost": 0.36, "Plan Rows": 8, "Plan Width": 0, "Index Cond": "(movie_id = mc.movie_id)"}]}]}, {"Node Type": "Bitmap Heap Scan", "Parent Relationship": "Inner", "Relation Name": "keyword", "Alias": "k", "Startup Cost": 0.26, "Total Cost": 4.27, "Plan Rows": 1, "Plan Width": 4, "Recheck Cond": "(id = mk.keyword_id)", "Filter": "((keyword)::text = 'sequel'::text)", "Plans": [{"Node Type": "Bitmap Index Scan", "Parent Relationship": "Outer", "Index Name": "keyword_pkey", "Startup Cost": 0.0, "Total Cost": 0.26, "Plan Rows": 1, "Plan Width": 0, "Index Cond": "(id = mk.keyword_id)"}]}]}, {"Node Type": "Bitmap Heap Scan", "Parent Relationship": "Inner", "Relation Name": "movie_link", "Alias": "ml", "Startup Cost": 0.29, "Total Cost": 4.35, "Plan Rows": 5, "Plan Width": 8, "Recheck Cond": "(movie_id = mk.movie_id)", "Plans": [{"Node Type": "Bitmap Index Scan", "Parent Relationship": "Outer", "Index Name": "movie_id_movie_link", "Startup Cost": 0.0, "Total Cost": 0.29, "Plan Rows": 5, "Plan Width": 0, "Index Cond": "(movie_id = mk.movie_id)"}]}]}, {"Node Type": "Bitmap Heap Scan", "Parent Relationship": "Inner", "Relation Name": "link_type", "Alias": "lt", "Startup Cost": 0.26, "Total Cost": 4.27, "Plan Rows": 1, "Plan Width": 16, "Recheck Cond": "(id = ml.link_type_id)", "Filter": "((link)::text ~~ '%follows%'::text)", "Plans": [{"Node Type": "Bitmap Index Scan", "Parent Relationship": "Outer", "Index Name": "link_type_pkey", "Startup Cost": 0.0, "Total Cost": 0.26, "Plan Rows": 1, "Plan Width": 0, "Index Cond": "(id = ml.link_type_id)"}]}]}, {"Node Type": "Bitmap Heap Scan", "Parent Relationship": "Inner", "Relation Name": "company_type", "Alias": "ct", "Startup Cost": 0.26, "Total Cost": 4.27, "Plan Rows": 1, "Plan Width": 4, "Recheck Cond": "(id = mc.company_type_id)", "Filter": "((kind)::text = 'production companies'::text)", "Plans": [{"Node Type": "Bitmap Index Scan", "Parent Relationship": "Outer", "Index Name": "company_type_pkey", "Startup Cost": 0.0, "Total Cost": 0.26, "Plan Rows": 1, "Plan Width": 0, "Index Cond": "(id = mc.company_type_id)"}]}]}]}, "Unique SQL Id": 4121279504}, "explain_analyze_plan": null}, "(1, 120)": {"explain_plan": {"Plan": {"Node Type": "Aggregate", "Strategy": "Plain", "Startup Cost": 2585.63, "Total Cost": 2585.64, "Plan Rows": 1, "Plan Width": 144, "Plans": [{"Node Type": "Nested Loop", "Parent Relationship": "Outer", "Join Type": "Inner", "Startup Cost": 0.0, "Total Cost": 2585.62, "Plan Rows": 1, "Plan Width": 48, "Inner Unique": true, "Plans": [{"Node Type": "Nested Loop", "Parent Relationship": "Outer", "Join Type": "Inner", "Startup Cost": 0.0, "Total Cost": 2585.34, "Plan Rows": 1, "Plan Width": 40, "Inner Unique": false, "Join Filter": "(t.id = ml.movie_id)", "Plans": [{"Node Type": "Nested Loop", "Parent Relationship": "Outer", "Join Type": "Inner", "Startup Cost": 0.0, "Total Cost": 2584.93, "Plan Rows": 1, "Plan Width": 48, "Inner Unique": true, "Plans": [{"Node Type": "Nested Loop", "Parent Relationship": "Outer", "Join Type": "Inner", "Startup Cost": 0.0, "Total Cost": 2584.64, "Plan Rows": 1, "Plan Width": 52, "Inner Unique": true, "Plans": [{"Node Type": "Nested Loop", "Parent Relationship": "Outer", "Join Type": "Inner", "Startup Cost": 0.0, "Total Cost": 2584.35, "Plan Rows": 1, "Plan Width": 37, "Inner Unique": false, "Join Filter": "(t.id = mc.movie_id)", "Plans": [{"Node Type": "Nested Loop", "Parent Relationship": "Outer", "Join Type": "Inner", "Startup Cost": 0.0, "Total Cost": 2584.01, "Plan Rows": 1, "Plan Width": 25, "Inner Unique": true, "Plans": [{"Node Type": "Nested Loop", "Parent Relationship": "Outer", "Join Type": "Inner", "Startup Cost": 0.0, "Total Cost": 2573.32, "Plan Rows": 33, "Plan Width": 4, "Inner Unique": false, "Plans": [{"Node Type": "Seq Scan", "Parent Relationship": "Outer", "Relation Name": "keyword", "Alias": "k", "Startup Cost": 0.0, "Total Cost": 2436.11, "Plan Rows": 1, "Plan Width": 4, "Filter": "((keyword)::text = 'sequel'::text)"}, {"Node Type": "Index Scan", "Parent Relationship": "Inner", "Scan Direction": "Forward", "Index Name": "keyword_id_movie_keyword", "Relation Name": "movie_keyword", "Alias": "mk", "Startup Cost": 0.0, "Total Cost": 136.88, "Plan Rows": 33, "Plan Width": 8, "Index Cond": "(keyword_id = k.id)"}]}, {"Node Type": "Index Scan", "Parent Relationship": "Inner", "Scan Direction": "Forward", "Index Name": "title_pkey", "Relation Name": "title", "Alias": "t", "Startup Cost": 0.0, "Total Cost": 0.31, "Plan Rows": 1, "Plan Width": 21, "Index Cond": "(id = mk.movie_id)", "Filter": "(((title)::text ~~ '%Money%'::text) AND (production_year = 1998))"}]}, {"Node Type": "Index Scan", "Parent Relationship": "Inner", "Scan Direction": "Forward", "Index Name": "movie_id_movie_companies", "Relation Name": "movie_companies", "Alias": "mc", "Startup Cost": 0.0, "Total Cost": 0.31, "Plan Rows": 2, "Plan Width": 12, "Index Cond": "(movie_id = mk.movie_id)", "Filter": "(note IS NULL)"}]}, {"Node Type": "Index Scan", "Parent Relationship": "Inner", "Scan Direction": "Forward", "Index Name": "company_name_pkey", "Relation Name": "company_name", "Alias": "cn", "Startup Cost": 0.0, "Total Cost": 0.29, "Plan Rows": 1, "Plan Width": 23, "Index Cond": "(id = mc.company_id)", "Filter": "(((country_code)::text <> '[pl]'::text) AND (((name)::text ~~ '%Film%'::text) OR ((name)::text ~~ '%Warner%'::text)))"}]}, {"Node Type": "Index Scan", "Parent Relationship": "Inner", "Scan Direction": "Forward", "Index Name": "company_type_pkey", "Relation Name": "company_type", "Alias": "ct", "Startup Cost": 0.0, "Total Cost": 0.27, "Plan Rows": 1, "Plan Width": 4, "Index Cond": "(id = mc.company_type_id)", "Filter": "((kind)::text = 'production companies'::text)"}]}, {"Node Type": "Index Scan", "Parent Relationship": "Inner", "Scan Direction": "Forward", "Index Name": "movie_id_movie_link", "Relation Name": "movie_link", "Alias": "ml", "Startup Cost": 0.0, "Total Cost": 0.35, "Plan Rows": 5, "Plan Width": 8, "Index Cond": "(movie_id = mk.movie_id)"}]}, {"Node Type": "Index Scan", "Parent Relationship": "Inner", "Scan Direction": "Forward", "Index Name": "link_type_pkey", "Relation Name": "link_type", "Alias": "lt", "Startup Cost": 0.0, "Total Cost": 0.27, "Plan Rows": 1, "Plan Width": 16, "Index Cond": "(id = ml.link_type_id)", "Filter": "((link)::text ~~ '%follows%'::text)"}]}]}, "Unique SQL Id": 4121279504}, "explain_analyze_plan": {"Plan": {"Node Type": "Aggregate", "Strategy": "Plain", "Startup Cost": 2585.63, "Total Cost": 2585.64, "Plan Rows": 1, "Plan Width": 144, "Actual Startup Time": 103.23, "Actual Total Time": 103.23, "Actual Rows": 1, "Actual Loops": 1, "Plans": [{"Node Type": "Nested Loop", "Parent Relationship": "Outer", "Join Type": "Inner", "Startup Cost": 0.0, "Total Cost": 2585.62, "Plan Rows": 1, "Plan Width": 48, "Actual Startup Time": 103.221, "Actual Total Time": 103.221, "Actual Rows": 0, "Actual Loops": 1, "Inner Unique": true, "Plans": [{"Node Type": "Nested Loop", "Parent Relationship": "Outer", "Join Type": "Inner", "Startup Cost": 0.0, "Total Cost": 2585.34, "Plan Rows": 1, "Plan Width": 40, "Actual Startup Time": 2.61, "Actual Total Time": 103.138, "Actual Rows": 38, "Actual Loops": 1, "Inner Unique": false, "Join Filter": "(t.id = ml.movie_id)", "Rows Removed by Join Filter": 0, "Plans": [{"Node Type": "Nested Loop", "Parent Relationship": "Outer", "Join Type": "Inner", "Startup Cost": 0.0, "Total Cost": 2584.93, "Plan Rows": 1, "Plan Width": 48, "Actual Startup Time": 2.599, "Actual Total Time": 103.092, "Actual Rows": 2, "Actual Loops": 1, "Inner Unique": true, "Plans": [{"Node Type": "Nested Loop", "Parent Relationship": "Outer", "Join Type": "Inner", "Startup Cost": 0.0, "Total Cost": 2584.64, "Plan Rows": 1, "Plan Width": 52, "Actual Startup Time": 2.592, "Actual Total Time": 103.081, "Actual Rows": 2, "Actual Loops": 1, "Inner Unique": true, "Plans": [{"Node Type": "Nested Loop", "Parent Relationship": "Outer", "Join Type": "Inner", "Startup Cost": 0.0, "Total Cost": 2584.35, "Plan Rows": 1, "Plan Width": 37, "Actual Startup Time": 2.578, "Actual Total Time": 103.051, "Actual Rows": 3, "Actual Loops": 1, "Inner Unique": false, "Join Filter": "(t.id = mc.movie_id)", "Rows Removed by Join Filter": 0, "Plans": [{"Node Type": "Nested Loop", "Parent Relationship": "Outer", "Join Type": "Inner", "Startup Cost": 0.0, "Total Cost": 2584.01, "Plan Rows": 1, "Plan Width": 25, "Actual Startup Time": 2.565, "Actual Total Time": 103.035, "Actual Rows": 1, "Actual Loops": 1, "Inner Unique": true, "Plans": [{"Node Type": "Nested Loop", "Parent Relationship": "Outer", "Join Type": "Inner", "Startup Cost": 0.0, "Total Cost": 2573.32, "Plan Rows": 33, "Plan Width": 4, "Actual Startup Time": 2.328, "Actual Total Time": 53.899, "Actual Rows": 10544, "Actual Loops": 1, "Inner Unique": false, "Plans": [{"Node Type": "Seq Scan", "Parent Relationship": "Outer", "Relation Name": "keyword", "Alias": "k", "Startup Cost": 0.0, "Total Cost": 2436.11, "Plan Rows": 1, "Plan Width": 4, "Actual Startup Time": 2.291, "Actual Total Time": 40.813, "Actual Rows": 1, "Actual Loops": 1, "Filter": "((keyword)::text = 'sequel'::text)", "Rows Removed by Filter": 134168}, {"Node Type": "Index Scan", "Parent Relationship": "Inner", "Scan Direction": "Forward", "Index Name": "keyword_id_movie_keyword", "Relation Name": "movie_keyword", "Alias": "mk", "Startup Cost": 0.0, "Total Cost": 136.88, "Plan Rows": 33, "Plan Width": 8, "Actual Startup Time": 0.031, "Actual Total Time": 10.818, "Actual Rows": 10544, "Actual Loops": 1, "Index Cond": "(keyword_id = k.id)", "Rows Removed by Index Recheck": 0}]}, {"Node Type": "Index Scan", "Parent Relationship": "Inner", "Scan Direction": "Forward", "Index Name": "title_pkey", "Relation Name": "title", "Alias": "t", "Startup Cost": 0.0, "Total Cost": 0.31, "Plan Rows": 1, "Plan Width": 21, "Actual Startup Time": 43.968, "Actual Total Time": 43.968, "Actual Rows": 1, "Actual Loops": 10544, "Index Cond": "(id = mk.movie_id)", "Rows Removed by Index Recheck": 0, "Filter": "(((title)::text ~~ '%Money%'::text) AND (production_year = 1998))", "Rows Removed by Filter": 10543}]}, {"Node Type": "Index Scan", "Parent Relationship": "Inner", "Scan Direction": "Forward", "Index Name": "movie_id_movie_companies", "Relation Name": "movie_companies", "Alias": "mc", "Startup Cost": 0.0, "Total Cost": 0.31, "Plan Rows": 2, "Plan Width": 12, "Actual Startup Time": 0.01, "Actual Total Time": 0.013, "Actual Rows": 3, "Actual Loops": 1, "Index Cond": "(movie_id = mk.movie_id)", "Rows Removed by Index Recheck": 0, "Filter": "(note IS NULL)", "Rows Removed by Filter": 1}]}, {"Node Type": "Index Scan", "Parent Relationship": "Inner", "Scan Direction": "Forward", "Index Name": "company_name_pkey", "Relation Name": "company_name", "Alias": "cn", "Startup Cost": 0.0, "Total Cost": 0.29, "Plan Rows": 1, "Plan Width": 23, "Actual Startup Time": 0.025, "Actual Total Time": 0.025, "Actual Rows": 2, "Actual Loops": 3, "Index Cond": "(id = mc.company_id)", "Rows Removed by Index Recheck": 0, "Filter": "(((country_code)::text <> '[pl]'::text) AND (((name)::text ~~ '%Film%'::text) OR ((name)::text ~~ '%Warner%'::text)))", "Rows Removed by Filter": 1}]}, {"Node Type": "Index Scan", "Parent Relationship": "Inner", "Scan Direction": "Forward", "Index Name": "company_type_pkey", "Relation Name": "company_type", "Alias": "ct", "Startup Cost": 0.0, "Total Cost": 0.27, "Plan Rows": 1, "Plan Width": 4, "Actual Startup Time": 0.007, "Actual Total Time": 0.007, "Actual Rows": 2, "Actual Loops": 2, "Index Cond": "(id = mc.company_type_id)", "Rows Removed by Index Recheck": 0, "Filter": "((kind)::text = 'production companies'::text)", "Rows Removed by Filter": 0}]}, {"Node Type": "Index Scan", "Parent Relationship": "Inner", "Scan Direction": "Forward", "Index Name": "movie_id_movie_link", "Relation Name": "movie_link", "Alias": "ml", "Startup Cost": 0.0, "Total Cost": 0.35, "Plan Rows": 5, "Plan Width": 8, "Actual Startup Time": 0.012, "Actual Total Time": 0.024, "Actual Rows": 38, "Actual Loops": 2, "Index Cond": "(movie_id = mk.movie_id)", "Rows Removed by Index Recheck": 0}]}, {"Node Type": "Index Scan", "Parent Relationship": "Inner", "Scan Direction": "Forward", "Index Name": "link_type_pkey", "Relation Name": "link_type", "Alias": "lt", "Startup Cost": 0.0, "Total Cost": 0.27, "Plan Rows": 1, "Plan Width": 16, "Actual Startup Time": 0.064, "Actual Total Time": 0.064, "Actual Rows": 0, "Actual Loops": 38, "Index Cond": "(id = ml.link_type_id)", "Rows Removed by Index Recheck": 0, "Filter": "((link)::text ~~ '%follows%'::text)", "Rows Removed by Filter": 24}]}]}, "Triggers": [], "Planner Runtime": 62.455, "Total Runtime": 103.577, "Unique SQL Id": 4121279504}}, "(1, 121)": {"explain_plan": {"Plan": {"Node Type": "Aggregate", "Strategy": "Plain", "Startup Cost": 3332.23, "Total Cost": 3332.24, "Plan Rows": 1, "Plan Width": 144, "Plans": [{"Node Type": "Nested Loop", "Parent Relationship": "Outer", "Join Type": "Inner", "Startup Cost": 0.0, "Total Cost": 3332.23, "Plan Rows": 1, "Plan Width": 48, "Inner Unique": true, "Plans": [{"Node Type": "Nested Loop", "Parent Relationship": "Outer", "Join Type": "Inner", "Startup Cost": 0.0, "Total Cost": 3331.94, "Plan Rows": 1, "Plan Width": 40, "Inner Unique": false, "Join Filter": "(t.id = ml.movie_id)", "Plans": [{"Node Type": "Nested Loop", "Parent Relationship": "Outer", "Join Type": "Inner", "Startup Cost": 0.0, "Total Cost": 3331.53, "Plan Rows": 1, "Plan Width": 48, "Inner Unique": true, "Plans": [{"Node Type": "Nested Loop", "Parent Relationship": "Outer", "Join Type": "Inner", "Startup Cost": 0.0, "Total Cost": 3331.25, "Plan Rows": 1, "Plan Width": 52, "Inner Unique": true, "Plans": [{"Node Type": "Nested Loop", "Parent Relationship": "Outer", "Join Type": "Inner", "Startup Cost": 0.0, "Total Cost": 3330.95, "Plan Rows": 1, "Plan Width": 37, "Inner Unique": false, "Join Filter": "(t.id = mc.movie_id)", "Plans": [{"Node Type": "Nested Loop", "Parent Relationship": "Outer", "Join Type": "Inner", "Startup Cost": 0.0, "Total Cost": 3330.61, "Plan Rows": 1, "Plan Width": 25, "Inner Unique": true, "Plans": [{"Node Type": "Nested Loop", "Parent Relationship": "Outer", "Join Type": "Inner", "Startup Cost": 0.0, "Total Cost": 3319.92, "Plan Rows": 33, "Plan Width": 4, "Inner Unique": false, "Plans": [{"Node Type": "Index Scan", "Parent Relationship": "Outer", "Scan Direction": "Forward", "Index Name": "keyword_pkey", "Relation Name": "keyword", "Alias": "k", "Startup Cost": 0.0, "Total Cost": 3182.72, "Plan Rows": 1, "Plan Width": 4, "Filter": "((keyword)::text = 'sequel'::text)"}, {"Node Type": "Index Scan", "Parent Relationship": "Inner", "Scan Direction": "Forward", "Index Name": "keyword_id_movie_keyword", "Relation Name": "movie_keyword", "Alias": "mk", "Startup Cost": 0.0, "Total Cost": 136.88, "Plan Rows": 33, "Plan Width": 8, "Index Cond": "(keyword_id = k.id)"}]}, {"Node Type": "Index Scan", "Parent Relationship": "Inner", "Scan Direction": "Forward", "Index Name": "title_pkey", "Relation Name": "title", "Alias": "t", "Startup Cost": 0.0, "Total Cost": 0.31, "Plan Rows": 1, "Plan Width": 21, "Index Cond": "(id = mk.movie_id)", "Filter": "(((title)::text ~~ '%Money%'::text) AND (production_year = 1998))"}]}, {"Node Type": "Index Scan", "Parent Relationship": "Inner", "Scan Direction": "Forward", "Index Name": "movie_id_movie_companies", "Relation Name": "movie_companies", "Alias": "mc", "Startup Cost": 0.0, "Total Cost": 0.31, "Plan Rows": 2, "Plan Width": 12, "Index Cond": "(movie_id = mk.movie_id)", "Filter": "(note IS NULL)"}]}, {"Node Type": "Index Scan", "Parent Relationship": "Inner", "Scan Direction": "Forward", "Index Name": "company_name_pkey", "Relation Name": "company_name", "Alias": "cn", "Startup Cost": 0.0, "Total Cost": 0.29, "Plan Rows": 1, "Plan Width": 23, "Index Cond": "(id = mc.company_id)", "Filter": "(((country_code)::text <> '[pl]'::text) AND (((name)::text ~~ '%Film%'::text) OR ((name)::text ~~ '%Warner%'::text)))"}]}, {"Node Type": "Index Scan", "Parent Relationship": "Inner", "Scan Direction": "Forward", "Index Name": "company_type_pkey", "Relation Name": "company_type", "Alias": "ct", "Startup Cost": 0.0, "Total Cost": 0.27, "Plan Rows": 1, "Plan Width": 4, "Index Cond": "(id = mc.company_type_id)", "Filter": "((kind)::text = 'production companies'::text)"}]}, {"Node Type": "Index Scan", "Parent Relationship": "Inner", "Scan Direction": "Forward", "Index Name": "movie_id_movie_link", "Relation Name": "movie_link", "Alias": "ml", "Startup Cost": 0.0, "Total Cost": 0.35, "Plan Rows": 5, "Plan Width": 8, "Index Cond": "(movie_id = mk.movie_id)"}]}, {"Node Type": "Index Scan", "Parent Relationship": "Inner", "Scan Direction": "Forward", "Index Name": "link_type_pkey", "Relation Name": "link_type", "Alias": "lt", "Startup Cost": 0.0, "Total Cost": 0.27, "Plan Rows": 1, "Plan Width": 16, "Index Cond": "(id = ml.link_type_id)", "Filter": "((link)::text ~~ '%follows%'::text)"}]}]}, "Unique SQL Id": 4121279504}, "explain_analyze_plan": {"Plan": {"Node Type": "Aggregate", "Strategy": "Plain", "Startup Cost": 3332.23, "Total Cost": 3332.24, "Plan Rows": 1, "Plan Width": 144, "Actual Startup Time": 176.653, "Actual Total Time": 176.654, "Actual Rows": 1, "Actual Loops": 1, "Plans": [{"Node Type": "Nested Loop", "Parent Relationship": "Outer", "Join Type": "Inner", "Startup Cost": 0.0, "Total Cost": 3332.23, "Plan Rows": 1, "Plan Width": 48, "Actual Startup Time": 176.642, "Actual Total Time": 176.642, "Actual Rows": 0, "Actual Loops": 1, "Inner Unique": true, "Plans": [{"Node Type": "Nested Loop", "Parent Relationship": "Outer", "Join Type": "Inner", "Startup Cost": 0.0, "Total Cost": 3331.94, "Plan Rows": 1, "Plan Width": 40, "Actual Startup Time": 0.743, "Actual Total Time": 176.562, "Actual Rows": 38, "Actual Loops": 1, "Inner Unique": false, "Join Filter": "(t.id = ml.movie_id)", "Rows Removed by Join Filter": 0, "Plans": [{"Node Type": "Nested Loop", "Parent Relationship": "Outer", "Join Type": "Inner", "Startup Cost": 0.0, "Total Cost": 3331.53, "Plan Rows": 1, "Plan Width": 48, "Actual Startup Time": 0.732, "Actual Total Time": 176.514, "Actual Rows": 2, "Actual Loops": 1, "Inner Unique": true, "Plans": [{"Node Type": "Nested Loop", "Parent Relationship": "Outer", "Join Type": "Inner", "Startup Cost": 0.0, "Total Cost": 3331.25, "Plan Rows": 1, "Plan Width": 52, "Actual Startup Time": 0.727, "Actual Total Time": 176.504, "Actual Rows": 2, "Actual Loops": 1, "Inner Unique": true, "Plans": [{"Node Type": "Nested Loop", "Parent Relationship": "Outer", "Join Type": "Inner", "Startup Cost": 0.0, "Total Cost": 3330.95, "Plan Rows": 1, "Plan Width": 37, "Actual Startup Time": 0.713, "Actual Total Time": 176.476, "Actual Rows": 3, "Actual Loops": 1, "Inner Unique": false, "Join Filter": "(t.id = mc.movie_id)", "Rows Removed by Join Filter": 0, "Plans": [{"Node Type": "Nested Loop", "Parent Relationship": "Outer", "Join Type": "Inner", "Startup Cost": 0.0, "Total Cost": 3330.61, "Plan Rows": 1, "Plan Width": 25, "Actual Startup Time": 0.696, "Actual Total Time": 176.455, "Actual Rows": 1, "Actual Loops": 1, "Inner Unique": true, "Plans": [{"Node Type": "Nested Loop", "Parent Relationship": "Outer", "Join Type": "Inner", "Startup Cost": 0.0, "Total Cost": 3319.92, "Plan Rows": 33, "Plan Width": 4, "Actual Startup Time": 0.47, "Actual Total Time": 126.57, "Actual Rows": 10544, "Actual Loops": 1, "Inner Unique": false, "Plans": [{"Node Type": "Index Scan", "Parent Relationship": "Outer", "Scan Direction": "Forward", "Index Name": "keyword_pkey", "Relation Name": "keyword", "Alias": "k", "Startup Cost": 0.0, "Total Cost": 3182.72, "Plan Rows": 1, "Plan Width": 4, "Actual Startup Time": 0.438, "Actual Total Time": 113.411, "Actual Rows": 1, "Actual Loops": 1, "Filter": "((keyword)::text = 'sequel'::text)", "Rows Removed by Filter": 134168}, {"Node Type": "Index Scan", "Parent Relationship": "Inner", "Scan Direction": "Forward", "Index Name": "keyword_id_movie_keyword", "Relation Name": "movie_keyword", "Alias": "mk", "Startup Cost": 0.0, "Total Cost": 136.88, "Plan Rows": 33, "Plan Width": 8, "Actual Startup Time": 0.027, "Actual Total Time": 10.895, "Actual Rows": 10544, "Actual Loops": 1, "Index Cond": "(keyword_id = k.id)", "Rows Removed by Index Recheck": 0}]}, {"Node Type": "Index Scan", "Parent Relationship": "Inner", "Scan Direction": "Forward", "Index Name": "title_pkey", "Relation Name": "title", "Alias": "t", "Startup Cost": 0.0, "Total Cost": 0.31, "Plan Rows": 1, "Plan Width": 21, "Actual Startup Time": 44.568, "Actual Total Time": 44.568, "Actual Rows": 1, "Actual Loops": 10544, "Index Cond": "(id = mk.movie_id)", "Rows Removed by Index Recheck": 0, "Filter": "(((title)::text ~~ '%Money%'::text) AND (production_year = 1998))", "Rows Removed by Filter": 10543}]}, {"Node Type": "Index Scan", "Parent Relationship": "Inner", "Scan Direction": "Forward", "Index Name": "movie_id_movie_companies", "Relation Name": "movie_companies", "Alias": "mc", "Startup Cost": 0.0, "Total Cost": 0.31, "Plan Rows": 2, "Plan Width": 12, "Actual Startup Time": 0.011, "Actual Total Time": 0.013, "Actual Rows": 3, "Actual Loops": 1, "Index Cond": "(movie_id = mk.movie_id)", "Rows Removed by Index Recheck": 0, "Filter": "(note IS NULL)", "Rows Removed by Filter": 1}]}, {"Node Type": "Index Scan", "Parent Relationship": "Inner", "Scan Direction": "Forward", "Index Name": "company_name_pkey", "Relation Name": "company_name", "Alias": "cn", "Startup Cost": 0.0, "Total Cost": 0.29, "Plan Rows": 1, "Plan Width": 23, "Actual Startup Time": 0.022, "Actual Total Time": 0.022, "Actual Rows": 2, "Actual Loops": 3, "Index Cond": "(id = mc.company_id)", "Rows Removed by Index Recheck": 0, "Filter": "(((country_code)::text <> '[pl]'::text) AND (((name)::text ~~ '%Film%'::text) OR ((name)::text ~~ '%Warner%'::text)))", "Rows Removed by Filter": 1}]}, {"Node Type": "Index Scan", "Parent Relationship": "Inner", "Scan Direction": "Forward", "Index Name": "company_type_pkey", "Relation Name": "company_type", "Alias": "ct", "Startup Cost": 0.0, "Total Cost": 0.27, "Plan Rows": 1, "Plan Width": 4, "Actual Startup Time": 0.006, "Actual Total Time": 0.006, "Actual Rows": 2, "Actual Loops": 2, "Index Cond": "(id = mc.company_type_id)", "Rows Removed by Index Recheck": 0, "Filter": "((kind)::text = 'production companies'::text)", "Rows Removed by Filter": 0}]}, {"Node Type": "Index Scan", "Parent Relationship": "Inner", "Scan Direction": "Forward", "Index Name": "movie_id_movie_link", "Relation Name": "movie_link", "Alias": "ml", "Startup Cost": 0.0, "Total Cost": 0.35, "Plan Rows": 5, "Plan Width": 8, "Actual Startup Time": 0.011, "Actual Total Time": 0.025, "Actual Rows": 38, "Actual Loops": 2, "Index Cond": "(movie_id = mk.movie_id)", "Rows Removed by Index Recheck": 0}]}, {"Node Type": "Index Scan", "Parent Relationship": "Inner", "Scan Direction": "Forward", "Index Name": "link_type_pkey", "Relation Name": "link_type", "Alias": "lt", "Startup Cost": 0.0, "Total Cost": 0.27, "Plan Rows": 1, "Plan Width": 16, "Actual Startup Time": 0.063, "Actual Total Time": 0.063, "Actual Rows": 0, "Actual Loops": 38, "Index Cond": "(id = ml.link_type_id)", "Rows Removed by Index Recheck": 0, "Filter": "((link)::text ~~ '%follows%'::text)", "Rows Removed by Filter": 24}]}]}, "Triggers": [], "Planner Runtime": 56.535, "Total Runtime": 177.003, "Unique SQL Id": 4121279504}}, "(1, 122)": {"explain_plan": {"Plan": {"Node Type": "Aggregate", "Strategy": "Plain", "Startup Cost": 260431.64, "Total Cost": 260431.65, "Plan Rows": 1, "Plan Width": 144, "Plans": [{"Node Type": "Nested Loop", "Parent Relationship": "Outer", "Join Type": "Inner", "Startup Cost": 0.0, "Total Cost": 260431.63, "Plan Rows": 1, "Plan Width": 48, "Inner Unique": true, "Join Filter": "(ml.link_type_id = lt.id)", "Plans": [{"Node Type": "Nested Loop", "Parent Relationship": "Outer", "Join Type": "Inner", "Startup Cost": 0.0, "Total Cost": 260430.4, "Plan Rows": 1, "Plan Width": 40, "Inner Unique": false, "Join Filter": "(t.id = ml.movie_id)", "Plans": [{"Node Type": "Nested Loop", "Parent Relationship": "Outer", "Join Type": "Inner", "Startup Cost": 0.0, "Total Cost": 259624.49, "Plan Rows": 1, "Plan Width": 48, "Inner Unique": true, "Join Filter": "(mc.company_type_id = ct.id)", "Plans": [{"Node Type": "Nested Loop", "Parent Relationship": "Outer", "Join Type": "Inner", "Startup Cost": 0.0, "Total Cost": 259623.44, "Plan Rows": 1, "Plan Width": 52, "Inner Unique": true, "Join Filter": "(mc.company_id = cn.id)", "Plans": [{"Node Type": "Nested Loop", "Parent Relationship": "Outer", "Join Type": "Inner", "Startup Cost": 0.0, "Total Cost": 251825.03, "Plan Rows": 1, "Plan Width": 37, "Inner Unique": false, "Join Filter": "(t.id = mc.movie_id)", "Plans": [{"Node Type": "Nested Loop", "Parent Relationship": "Outer", "Join Type": "Inner", "Startup Cost": 0.0, "Total Cost": 194139.17, "Plan Rows": 1, "Plan Width": 25, "Inner Unique": true, "Join Filter": "(mk.movie_id = t.id)", "Plans": [{"Node Type": "Nested Loop", "Parent Relationship": "Outer", "Join Type": "Inner", "Startup Cost": 0.0, "Total Cost": 121426.52, "Plan Rows": 33, "Plan Width": 4, "Inner Unique": false, "Join Filter": "(k.id = mk.keyword_id)", "Plans": [{"Node Type": "Seq Scan", "Parent Relationship": "Outer", "Relation Name": "keyword", "Alias": "k", "Startup Cost": 0.0, "Total Cost": 2436.11, "Plan Rows": 1, "Plan Width": 4, "Filter": "((keyword)::text = 'sequel'::text)"}, {"Node Type": "Seq Scan", "Parent Relationship": "Inner", "Relation Name": "movie_keyword", "Alias": "mk", "Startup Cost": 0.0, "Total Cost": 62441.29, "Plan Rows": 4523929, "Plan Width": 8}]}, {"Node Type": "Materialize", "Parent Relationship": "Inner", "Startup Cost": 0.0, "Total Cost": 72710.69, "Plan Rows": 4, "Plan Width": 21, "Plans": [{"Node Type": "Seq Scan", "Parent Relationship": "Outer", "Relation Name": "title", "Alias": "t", "Startup Cost": 0.0, "Total Cost": 72710.67, "Plan Rows": 4, "Plan Width": 21, "Filter": "(((title)::text ~~ '%Money%'::text) AND (production_year = 1998))"}]}]}, {"Node Type": "Seq Scan", "Parent Relationship": "Inner", "Relation Name": "movie_companies", "Alias": "mc", "Startup Cost": 0.0, "Total Cost": 41817.28, "Plan Rows": 1269486, "Plan Width": 12, "Filter": "(note IS NULL), (LLVM Optimized)"}]}, {"Node Type": "Seq Scan", "Parent Relationship": "Inner", "Relation Name": "company_name", "Alias": "cn", "Startup Cost": 0.0, "Total Cost": 7078.43, "Plan Rows": 57599, "Plan Width": 23, "Filter": "(((country_code)::text <> '[pl]'::text) AND (((name)::text ~~ '%Film%'::text) OR ((name)::text ~~ '%Warner%'::text)))"}]}, {"Node Type": "Seq Scan", "Parent Relationship": "Inner", "Relation Name": "company_type", "Alias": "ct", "Startup Cost": 0.0, "Total Cost": 1.04, "Plan Rows": 1, "Plan Width": 4, "Filter": "((kind)::text = 'production companies'::text)"}]}, {"Node Type": "Seq Scan", "Parent Relationship": "Inner", "Relation Name": "movie_link", "Alias": "ml", "Startup Cost": 0.0, "Total Cost": 430.96, "Plan Rows": 29996, "Plan Width": 8}]}, {"Node Type": "Seq Scan", "Parent Relationship": "Inner", "Relation Name": "link_type", "Alias": "lt", "Startup Cost": 0.0, "Total Cost": 1.21, "Plan Rows": 1, "Plan Width": 16, "Filter": "((link)::text ~~ '%follows%'::text)"}]}]}, "Unique SQL Id": 4121279504}, "explain_analyze_plan": null}, "(1, 123)": {"explain_plan": {"Plan": {"Node Type": "Aggregate", "Strategy": "Plain", "Startup Cost": 8000025305535.09, "Total Cost": 8000025305535.1, "Plan Rows": 1, "Plan Width": 144, "Plans": [{"Node Type": "Nested Loop", "Parent Relationship": "Outer", "Join Type": "Inner", "Startup Cost": 80000000000.0, "Total Cost": 8000025305535.08, "Plan Rows": 1, "Plan Width": 48, "Inner Unique": true, "Join Filter": "(mc.company_type_id = ct.id)", "Plans": [{"Node Type": "Nested Loop", "Parent Relationship": "Outer", "Join Type": "Inner", "Startup Cost": 70000000000.0, "Total Cost": 7000025304304.82, "Plan Rows": 1, "Plan Width": 52, "Inner Unique": true, "Plans": [{"Node Type": "Nested Loop", "Parent Relationship": "Outer", "Join Type": "Inner", "Startup Cost": 60000000000.0, "Total Cost": 6000025304276.0, "Plan Rows": 1, "Plan Width": 37, "Inner Unique": true, "Join Filter": "(ml.movie_id = t.id)", "Plans": [{"Node Type": "Nested Loop", "Parent Relationship": "Outer", "Join Type": "Inner", "Startup Cost": 50000000000.0, "Total Cost": 5000025304244.59, "Plan Rows": 1, "Plan Width": 32, "Inner Unique": false, "Join Filter": "(ml.movie_id = mc.movie_id)", "Plans": [{"Node Type": "Index Scan", "Parent Relationship": "Outer", "Scan Direction": "Forward", "Index Name": "company_type_id_movie_companies", "Relation Name": "movie_companies", "Alias": "mc", "Startup Cost": 10000000000.0, "Total Cost": 1000009318217.0, "Plan Rows": 1269486, "Plan Width": 12, "Filter": "(note IS NULL), (LLVM Optimized)"}, {"Node Type": "Materialize", "Parent Relationship": "Inner", "Startup Cost": 40000000000.0, "Total Cost": 4000015795604.72, "Plan Rows": 10, "Plan Width": 20, "Plans": [{"Node Type": "Nested Loop", "Parent Relationship": "Outer", "Join Type": "Inner", "Startup Cost": 40000000000.0, "Total Cost": 4000015795604.67, "Plan Rows": 10, "Plan Width": 20, "Inner Unique": false, "Join Filter": "(mk.movie_id = ml.movie_id)", "Plans": [{"Node Type": "Nested Loop", "Parent Relationship": "Outer", "Join Type": "Inner", "Startup Cost": 20000000000.0, "Total Cost": 2000015686764.79, "Plan Rows": 33, "Plan Width": 4, "Inner Unique": true, "Join Filter": "(k.id = mk.keyword_id)", "Plans": [{"Node Type": "Index Scan", "Parent Relationship": "Outer", "Scan Direction": "Forward", "Index Name": "movie_id_movie_keyword", "Relation Name": "movie_keyword", "Alias": "mk", "Startup Cost": 10000000000.0, "Total Cost": 1000015300634.17, "Plan Rows": 4523929, "Plan Width": 8}, {"Node Type": "Materialize", "Parent Relationship": "Inner", "Startup Cost": 10000000000.0, "Total Cost": 1000000318271.69, "Plan Rows": 1, "Plan Width": 4, "Plans": [{"Node Type": "Index Scan", "Parent Relationship": "Outer", "Scan Direction": "Forward", "Index Name": "keyword_pkey", "Relation Name": "keyword", "Alias": "k", "Startup Cost": 10000000000.0, "Total Cost": 1000000318271.68, "Plan Rows": 1, "Plan Width": 4, "Filter": "((keyword)::text = 'sequel'::text)"}]}]}, {"Node Type": "Materialize", "Parent Relationship": "Inner", "Startup Cost": 20000000000.0, "Total Cost": 2000000107916.44, "Plan Rows": 1875, "Plan Width": 16, "Plans": [{"Node Type": "Nested Loop", "Parent Relationship": "Outer", "Join Type": "Inner", "Startup Cost": 20000000000.0, "Total Cost": 2000000107907.07, "Plan Rows": 1875, "Plan Width": 16, "Inner Unique": true, "Join Filter": "(lt.id = ml.link_type_id)", "Plans": [{"Node Type": "Index Scan", "Parent Relationship": "Outer", "Scan Direction": "Forward", "Index Name": "movie_id_movie_link", "Relation Name": "movie_link", "Alias": "ml", "Startup Cost": 10000000000.0, "Total Cost": 1000000106202.37, "Plan Rows": 29996, "Plan Width": 8}, {"Node Type": "Materialize", "Parent Relationship": "Inner", "Startup Cost": 10000000000.0, "Total Cost": 1000000001254.76, "Plan Rows": 1, "Plan Width": 16, "Plans": [{"Node Type": "Index Scan", "Parent Relationship": "Outer", "Scan Direction": "Forward", "Index Name": "link_type_pkey", "Relation Name": "link_type", "Alias": "lt", "Startup Cost": 10000000000.0, "Total Cost": 1000000001254.75, "Plan Rows": 1, "Plan Width": 16, "Filter": "((link)::text ~~ '%follows%'::text)"}]}]}]}]}]}]}, {"Node Type": "Index Scan", "Parent Relationship": "Inner", "Scan Direction": "Forward", "Index Name": "title_pkey", "Relation Name": "title", "Alias": "t", "Startup Cost": 10000000000.0, "Total Cost": 1000000000031.39, "Plan Rows": 1, "Plan Width": 21, "Index Cond": "(id = mk.movie_id)", "Filter": "(((title)::text ~~ '%Money%'::text) AND (production_year = 1998))"}]}, {"Node Type": "Index Scan", "Parent Relationship": "Inner", "Scan Direction": "Forward", "Index Name": "company_name_pkey", "Relation Name": "company_name", "Alias": "cn", "Startup Cost": 10000000000.0, "Total Cost": 1000000000028.81, "Plan Rows": 1, "Plan Width": 23, "Index Cond": "(id = mc.company_id)", "Filter": "(((country_code)::text <> '[pl]'::text) AND (((name)::text ~~ '%Film%'::text) OR ((name)::text ~~ '%Warner%'::text)))"}]}, {"Node Type": "Index Scan", "Parent Relationship": "Inner", "Scan Direction": "Forward", "Index Name": "company_type_pkey", "Relation Name": "company_type", "Alias": "ct", "Startup Cost": 10000000000.0, "Total Cost": 1000000001230.25, "Plan Rows": 1, "Plan Width": 4, "Filter": "((kind)::text = 'production companies'::text)"}]}]}, "Unique SQL Id": 4121279504}, "explain_analyze_plan": null}, "(1, 124)": {"explain_plan": {"Plan": {"Node Type": "Aggregate", "Strategy": "Plain", "Startup Cost": 2585.63, "Total Cost": 2585.64, "Plan Rows": 1, "Plan Width": 144, "Plans": [{"Node Type": "Nested Loop", "Parent Relationship": "Outer", "Join Type": "Inner", "Startup Cost": 0.0, "Total Cost": 2585.62, "Plan Rows": 1, "Plan Width": 48, "Inner Unique": true, "Plans": [{"Node Type": "Nested Loop", "Parent Relationship": "Outer", "Join Type": "Inner", "Startup Cost": 0.0, "Total Cost": 2585.34, "Plan Rows": 1, "Plan Width": 40, "Inner Unique": false, "Join Filter": "(t.id = ml.movie_id)", "Plans": [{"Node Type": "Nested Loop", "Parent Relationship": "Outer", "Join Type": "Inner", "Startup Cost": 0.0, "Total Cost": 2584.93, "Plan Rows": 1, "Plan Width": 48, "Inner Unique": true, "Plans": [{"Node Type": "Nested Loop", "Parent Relationship": "Outer", "Join Type": "Inner", "Startup Cost": 0.0, "Total Cost": 2584.64, "Plan Rows": 1, "Plan Width": 52, "Inner Unique": true, "Plans": [{"Node Type": "Nested Loop", "Parent Relationship": "Outer", "Join Type": "Inner", "Startup Cost": 0.0, "Total Cost": 2584.35, "Plan Rows": 1, "Plan Width": 37, "Inner Unique": false, "Join Filter": "(t.id = mc.movie_id)", "Plans": [{"Node Type": "Nested Loop", "Parent Relationship": "Outer", "Join Type": "Inner", "Startup Cost": 0.0, "Total Cost": 2584.01, "Plan Rows": 1, "Plan Width": 25, "Inner Unique": true, "Plans": [{"Node Type": "Nested Loop", "Parent Relationship": "Outer", "Join Type": "Inner", "Startup Cost": 0.0, "Total Cost": 2573.32, "Plan Rows": 33, "Plan Width": 4, "Inner Unique": false, "Plans": [{"Node Type": "Seq Scan", "Parent Relationship": "Outer", "Relation Name": "keyword", "Alias": "k", "Startup Cost": 0.0, "Total Cost": 2436.11, "Plan Rows": 1, "Plan Width": 4, "Filter": "((keyword)::text = 'sequel'::text)"}, {"Node Type": "Index Scan", "Parent Relationship": "Inner", "Scan Direction": "Forward", "Index Name": "keyword_id_movie_keyword", "Relation Name": "movie_keyword", "Alias": "mk", "Startup Cost": 0.0, "Total Cost": 136.88, "Plan Rows": 33, "Plan Width": 8, "Index Cond": "(keyword_id = k.id)"}]}, {"Node Type": "Index Scan", "Parent Relationship": "Inner", "Scan Direction": "Forward", "Index Name": "title_pkey", "Relation Name": "title", "Alias": "t", "Startup Cost": 0.0, "Total Cost": 0.31, "Plan Rows": 1, "Plan Width": 21, "Index Cond": "(id = mk.movie_id)", "Filter": "(((title)::text ~~ '%Money%'::text) AND (production_year = 1998))"}]}, {"Node Type": "Index Scan", "Parent Relationship": "Inner", "Scan Direction": "Forward", "Index Name": "movie_id_movie_companies", "Relation Name": "movie_companies", "Alias": "mc", "Startup Cost": 0.0, "Total Cost": 0.31, "Plan Rows": 2, "Plan Width": 12, "Index Cond": "(movie_id = mk.movie_id)", "Filter": "(note IS NULL)"}]}, {"Node Type": "Index Scan", "Parent Relationship": "Inner", "Scan Direction": "Forward", "Index Name": "company_name_pkey", "Relation Name": "company_name", "Alias": "cn", "Startup Cost": 0.0, "Total Cost": 0.29, "Plan Rows": 1, "Plan Width": 23, "Index Cond": "(id = mc.company_id)", "Filter": "(((country_code)::text <> '[pl]'::text) AND (((name)::text ~~ '%Film%'::text) OR ((name)::text ~~ '%Warner%'::text)))"}]}, {"Node Type": "Index Scan", "Parent Relationship": "Inner", "Scan Direction": "Forward", "Index Name": "company_type_pkey", "Relation Name": "company_type", "Alias": "ct", "Startup Cost": 0.0, "Total Cost": 0.27, "Plan Rows": 1, "Plan Width": 4, "Index Cond": "(id = mc.company_type_id)", "Filter": "((kind)::text = 'production companies'::text)"}]}, {"Node Type": "Index Scan", "Parent Relationship": "Inner", "Scan Direction": "Forward", "Index Name": "movie_id_movie_link", "Relation Name": "movie_link", "Alias": "ml", "Startup Cost": 0.0, "Total Cost": 0.35, "Plan Rows": 5, "Plan Width": 8, "Index Cond": "(movie_id = mk.movie_id)"}]}, {"Node Type": "Index Scan", "Parent Relationship": "Inner", "Scan Direction": "Forward", "Index Name": "link_type_pkey", "Relation Name": "link_type", "Alias": "lt", "Startup Cost": 0.0, "Total Cost": 0.27, "Plan Rows": 1, "Plan Width": 16, "Index Cond": "(id = ml.link_type_id)", "Filter": "((link)::text ~~ '%follows%'::text)"}]}]}, "Unique SQL Id": 4121279504}, "explain_analyze_plan": {"Plan": {"Node Type": "Aggregate", "Strategy": "Plain", "Startup Cost": 2585.63, "Total Cost": 2585.64, "Plan Rows": 1, "Plan Width": 144, "Actual Startup Time": 103.23, "Actual Total Time": 103.23, "Actual Rows": 1, "Actual Loops": 1, "Plans": [{"Node Type": "Nested Loop", "Parent Relationship": "Outer", "Join Type": "Inner", "Startup Cost": 0.0, "Total Cost": 2585.62, "Plan Rows": 1, "Plan Width": 48, "Actual Startup Time": 103.221, "Actual Total Time": 103.221, "Actual Rows": 0, "Actual Loops": 1, "Inner Unique": true, "Plans": [{"Node Type": "Nested Loop", "Parent Relationship": "Outer", "Join Type": "Inner", "Startup Cost": 0.0, "Total Cost": 2585.34, "Plan Rows": 1, "Plan Width": 40, "Actual Startup Time": 2.61, "Actual Total Time": 103.138, "Actual Rows": 38, "Actual Loops": 1, "Inner Unique": false, "Join Filter": "(t.id = ml.movie_id)", "Rows Removed by Join Filter": 0, "Plans": [{"Node Type": "Nested Loop", "Parent Relationship": "Outer", "Join Type": "Inner", "Startup Cost": 0.0, "Total Cost": 2584.93, "Plan Rows": 1, "Plan Width": 48, "Actual Startup Time": 2.599, "Actual Total Time": 103.092, "Actual Rows": 2, "Actual Loops": 1, "Inner Unique": true, "Plans": [{"Node Type": "Nested Loop", "Parent Relationship": "Outer", "Join Type": "Inner", "Startup Cost": 0.0, "Total Cost": 2584.64, "Plan Rows": 1, "Plan Width": 52, "Actual Startup Time": 2.592, "Actual Total Time": 103.081, "Actual Rows": 2, "Actual Loops": 1, "Inner Unique": true, "Plans": [{"Node Type": "Nested Loop", "Parent Relationship": "Outer", "Join Type": "Inner", "Startup Cost": 0.0, "Total Cost": 2584.35, "Plan Rows": 1, "Plan Width": 37, "Actual Startup Time": 2.578, "Actual Total Time": 103.051, "Actual Rows": 3, "Actual Loops": 1, "Inner Unique": false, "Join Filter": "(t.id = mc.movie_id)", "Rows Removed by Join Filter": 0, "Plans": [{"Node Type": "Nested Loop", "Parent Relationship": "Outer", "Join Type": "Inner", "Startup Cost": 0.0, "Total Cost": 2584.01, "Plan Rows": 1, "Plan Width": 25, "Actual Startup Time": 2.565, "Actual Total Time": 103.035, "Actual Rows": 1, "Actual Loops": 1, "Inner Unique": true, "Plans": [{"Node Type": "Nested Loop", "Parent Relationship": "Outer", "Join Type": "Inner", "Startup Cost": 0.0, "Total Cost": 2573.32, "Plan Rows": 33, "Plan Width": 4, "Actual Startup Time": 2.328, "Actual Total Time": 53.899, "Actual Rows": 10544, "Actual Loops": 1, "Inner Unique": false, "Plans": [{"Node Type": "Seq Scan", "Parent Relationship": "Outer", "Relation Name": "keyword", "Alias": "k", "Startup Cost": 0.0, "Total Cost": 2436.11, "Plan Rows": 1, "Plan Width": 4, "Actual Startup Time": 2.291, "Actual Total Time": 40.813, "Actual Rows": 1, "Actual Loops": 1, "Filter": "((keyword)::text = 'sequel'::text)", "Rows Removed by Filter": 134168}, {"Node Type": "Index Scan", "Parent Relationship": "Inner", "Scan Direction": "Forward", "Index Name": "keyword_id_movie_keyword", "Relation Name": "movie_keyword", "Alias": "mk", "Startup Cost": 0.0, "Total Cost": 136.88, "Plan Rows": 33, "Plan Width": 8, "Actual Startup Time": 0.031, "Actual Total Time": 10.818, "Actual Rows": 10544, "Actual Loops": 1, "Index Cond": "(keyword_id = k.id)", "Rows Removed by Index Recheck": 0}]}, {"Node Type": "Index Scan", "Parent Relationship": "Inner", "Scan Direction": "Forward", "Index Name": "title_pkey", "Relation Name": "title", "Alias": "t", "Startup Cost": 0.0, "Total Cost": 0.31, "Plan Rows": 1, "Plan Width": 21, "Actual Startup Time": 43.968, "Actual Total Time": 43.968, "Actual Rows": 1, "Actual Loops": 10544, "Index Cond": "(id = mk.movie_id)", "Rows Removed by Index Recheck": 0, "Filter": "(((title)::text ~~ '%Money%'::text) AND (production_year = 1998))", "Rows Removed by Filter": 10543}]}, {"Node Type": "Index Scan", "Parent Relationship": "Inner", "Scan Direction": "Forward", "Index Name": "movie_id_movie_companies", "Relation Name": "movie_companies", "Alias": "mc", "Startup Cost": 0.0, "Total Cost": 0.31, "Plan Rows": 2, "Plan Width": 12, "Actual Startup Time": 0.01, "Actual Total Time": 0.013, "Actual Rows": 3, "Actual Loops": 1, "Index Cond": "(movie_id = mk.movie_id)", "Rows Removed by Index Recheck": 0, "Filter": "(note IS NULL)", "Rows Removed by Filter": 1}]}, {"Node Type": "Index Scan", "Parent Relationship": "Inner", "Scan Direction": "Forward", "Index Name": "company_name_pkey", "Relation Name": "company_name", "Alias": "cn", "Startup Cost": 0.0, "Total Cost": 0.29, "Plan Rows": 1, "Plan Width": 23, "Actual Startup Time": 0.025, "Actual Total Time": 0.025, "Actual Rows": 2, "Actual Loops": 3, "Index Cond": "(id = mc.company_id)", "Rows Removed by Index Recheck": 0, "Filter": "(((country_code)::text <> '[pl]'::text) AND (((name)::text ~~ '%Film%'::text) OR ((name)::text ~~ '%Warner%'::text)))", "Rows Removed by Filter": 1}]}, {"Node Type": "Index Scan", "Parent Relationship": "Inner", "Scan Direction": "Forward", "Index Name": "company_type_pkey", "Relation Name": "company_type", "Alias": "ct", "Startup Cost": 0.0, "Total Cost": 0.27, "Plan Rows": 1, "Plan Width": 4, "Actual Startup Time": 0.007, "Actual Total Time": 0.007, "Actual Rows": 2, "Actual Loops": 2, "Index Cond": "(id = mc.company_type_id)", "Rows Removed by Index Recheck": 0, "Filter": "((kind)::text = 'production companies'::text)", "Rows Removed by Filter": 0}]}, {"Node Type": "Index Scan", "Parent Relationship": "Inner", "Scan Direction": "Forward", "Index Name": "movie_id_movie_link", "Relation Name": "movie_link", "Alias": "ml", "Startup Cost": 0.0, "Total Cost": 0.35, "Plan Rows": 5, "Plan Width": 8, "Actual Startup Time": 0.012, "Actual Total Time": 0.024, "Actual Rows": 38, "Actual Loops": 2, "Index Cond": "(movie_id = mk.movie_id)", "Rows Removed by Index Recheck": 0}]}, {"Node Type": "Index Scan", "Parent Relationship": "Inner", "Scan Direction": "Forward", "Index Name": "link_type_pkey", "Relation Name": "link_type", "Alias": "lt", "Startup Cost": 0.0, "Total Cost": 0.27, "Plan Rows": 1, "Plan Width": 16, "Actual Startup Time": 0.064, "Actual Total Time": 0.064, "Actual Rows": 0, "Actual Loops": 38, "Index Cond": "(id = ml.link_type_id)", "Rows Removed by Index Recheck": 0, "Filter": "((link)::text ~~ '%follows%'::text)", "Rows Removed by Filter": 24}]}]}, "Triggers": [], "Planner Runtime": 62.455, "Total Runtime": 103.577, "Unique SQL Id": 4121279504}}, "(1, 125)": {"explain_plan": {"Plan": {"Node Type": "Aggregate", "Strategy": "Plain", "Startup Cost": 3332.23, "Total Cost": 3332.24, "Plan Rows": 1, "Plan Width": 144, "Plans": [{"Node Type": "Nested Loop", "Parent Relationship": "Outer", "Join Type": "Inner", "Startup Cost": 0.0, "Total Cost": 3332.23, "Plan Rows": 1, "Plan Width": 48, "Inner Unique": true, "Plans": [{"Node Type": "Nested Loop", "Parent Relationship": "Outer", "Join Type": "Inner", "Startup Cost": 0.0, "Total Cost": 3331.94, "Plan Rows": 1, "Plan Width": 40, "Inner Unique": false, "Join Filter": "(t.id = ml.movie_id)", "Plans": [{"Node Type": "Nested Loop", "Parent Relationship": "Outer", "Join Type": "Inner", "Startup Cost": 0.0, "Total Cost": 3331.53, "Plan Rows": 1, "Plan Width": 48, "Inner Unique": true, "Plans": [{"Node Type": "Nested Loop", "Parent Relationship": "Outer", "Join Type": "Inner", "Startup Cost": 0.0, "Total Cost": 3331.25, "Plan Rows": 1, "Plan Width": 52, "Inner Unique": true, "Plans": [{"Node Type": "Nested Loop", "Parent Relationship": "Outer", "Join Type": "Inner", "Startup Cost": 0.0, "Total Cost": 3330.95, "Plan Rows": 1, "Plan Width": 37, "Inner Unique": false, "Join Filter": "(t.id = mc.movie_id)", "Plans": [{"Node Type": "Nested Loop", "Parent Relationship": "Outer", "Join Type": "Inner", "Startup Cost": 0.0, "Total Cost": 3330.61, "Plan Rows": 1, "Plan Width": 25, "Inner Unique": true, "Plans": [{"Node Type": "Nested Loop", "Parent Relationship": "Outer", "Join Type": "Inner", "Startup Cost": 0.0, "Total Cost": 3319.92, "Plan Rows": 33, "Plan Width": 4, "Inner Unique": false, "Plans": [{"Node Type": "Index Scan", "Parent Relationship": "Outer", "Scan Direction": "Forward", "Index Name": "keyword_pkey", "Relation Name": "keyword", "Alias": "k", "Startup Cost": 0.0, "Total Cost": 3182.72, "Plan Rows": 1, "Plan Width": 4, "Filter": "((keyword)::text = 'sequel'::text)"}, {"Node Type": "Index Scan", "Parent Relationship": "Inner", "Scan Direction": "Forward", "Index Name": "keyword_id_movie_keyword", "Relation Name": "movie_keyword", "Alias": "mk", "Startup Cost": 0.0, "Total Cost": 136.88, "Plan Rows": 33, "Plan Width": 8, "Index Cond": "(keyword_id = k.id)"}]}, {"Node Type": "Index Scan", "Parent Relationship": "Inner", "Scan Direction": "Forward", "Index Name": "title_pkey", "Relation Name": "title", "Alias": "t", "Startup Cost": 0.0, "Total Cost": 0.31, "Plan Rows": 1, "Plan Width": 21, "Index Cond": "(id = mk.movie_id)", "Filter": "(((title)::text ~~ '%Money%'::text) AND (production_year = 1998))"}]}, {"Node Type": "Index Scan", "Parent Relationship": "Inner", "Scan Direction": "Forward", "Index Name": "movie_id_movie_companies", "Relation Name": "movie_companies", "Alias": "mc", "Startup Cost": 0.0, "Total Cost": 0.31, "Plan Rows": 2, "Plan Width": 12, "Index Cond": "(movie_id = mk.movie_id)", "Filter": "(note IS NULL)"}]}, {"Node Type": "Index Scan", "Parent Relationship": "Inner", "Scan Direction": "Forward", "Index Name": "company_name_pkey", "Relation Name": "company_name", "Alias": "cn", "Startup Cost": 0.0, "Total Cost": 0.29, "Plan Rows": 1, "Plan Width": 23, "Index Cond": "(id = mc.company_id)", "Filter": "(((country_code)::text <> '[pl]'::text) AND (((name)::text ~~ '%Film%'::text) OR ((name)::text ~~ '%Warner%'::text)))"}]}, {"Node Type": "Index Scan", "Parent Relationship": "Inner", "Scan Direction": "Forward", "Index Name": "company_type_pkey", "Relation Name": "company_type", "Alias": "ct", "Startup Cost": 0.0, "Total Cost": 0.27, "Plan Rows": 1, "Plan Width": 4, "Index Cond": "(id = mc.company_type_id)", "Filter": "((kind)::text = 'production companies'::text)"}]}, {"Node Type": "Index Scan", "Parent Relationship": "Inner", "Scan Direction": "Forward", "Index Name": "movie_id_movie_link", "Relation Name": "movie_link", "Alias": "ml", "Startup Cost": 0.0, "Total Cost": 0.35, "Plan Rows": 5, "Plan Width": 8, "Index Cond": "(movie_id = mk.movie_id)"}]}, {"Node Type": "Index Scan", "Parent Relationship": "Inner", "Scan Direction": "Forward", "Index Name": "link_type_pkey", "Relation Name": "link_type", "Alias": "lt", "Startup Cost": 0.0, "Total Cost": 0.27, "Plan Rows": 1, "Plan Width": 16, "Index Cond": "(id = ml.link_type_id)", "Filter": "((link)::text ~~ '%follows%'::text)"}]}]}, "Unique SQL Id": 4121279504}, "explain_analyze_plan": {"Plan": {"Node Type": "Aggregate", "Strategy": "Plain", "Startup Cost": 3332.23, "Total Cost": 3332.24, "Plan Rows": 1, "Plan Width": 144, "Actual Startup Time": 176.653, "Actual Total Time": 176.654, "Actual Rows": 1, "Actual Loops": 1, "Plans": [{"Node Type": "Nested Loop", "Parent Relationship": "Outer", "Join Type": "Inner", "Startup Cost": 0.0, "Total Cost": 3332.23, "Plan Rows": 1, "Plan Width": 48, "Actual Startup Time": 176.642, "Actual Total Time": 176.642, "Actual Rows": 0, "Actual Loops": 1, "Inner Unique": true, "Plans": [{"Node Type": "Nested Loop", "Parent Relationship": "Outer", "Join Type": "Inner", "Startup Cost": 0.0, "Total Cost": 3331.94, "Plan Rows": 1, "Plan Width": 40, "Actual Startup Time": 0.743, "Actual Total Time": 176.562, "Actual Rows": 38, "Actual Loops": 1, "Inner Unique": false, "Join Filter": "(t.id = ml.movie_id)", "Rows Removed by Join Filter": 0, "Plans": [{"Node Type": "Nested Loop", "Parent Relationship": "Outer", "Join Type": "Inner", "Startup Cost": 0.0, "Total Cost": 3331.53, "Plan Rows": 1, "Plan Width": 48, "Actual Startup Time": 0.732, "Actual Total Time": 176.514, "Actual Rows": 2, "Actual Loops": 1, "Inner Unique": true, "Plans": [{"Node Type": "Nested Loop", "Parent Relationship": "Outer", "Join Type": "Inner", "Startup Cost": 0.0, "Total Cost": 3331.25, "Plan Rows": 1, "Plan Width": 52, "Actual Startup Time": 0.727, "Actual Total Time": 176.504, "Actual Rows": 2, "Actual Loops": 1, "Inner Unique": true, "Plans": [{"Node Type": "Nested Loop", "Parent Relationship": "Outer", "Join Type": "Inner", "Startup Cost": 0.0, "Total Cost": 3330.95, "Plan Rows": 1, "Plan Width": 37, "Actual Startup Time": 0.713, "Actual Total Time": 176.476, "Actual Rows": 3, "Actual Loops": 1, "Inner Unique": false, "Join Filter": "(t.id = mc.movie_id)", "Rows Removed by Join Filter": 0, "Plans": [{"Node Type": "Nested Loop", "Parent Relationship": "Outer", "Join Type": "Inner", "Startup Cost": 0.0, "Total Cost": 3330.61, "Plan Rows": 1, "Plan Width": 25, "Actual Startup Time": 0.696, "Actual Total Time": 176.455, "Actual Rows": 1, "Actual Loops": 1, "Inner Unique": true, "Plans": [{"Node Type": "Nested Loop", "Parent Relationship": "Outer", "Join Type": "Inner", "Startup Cost": 0.0, "Total Cost": 3319.92, "Plan Rows": 33, "Plan Width": 4, "Actual Startup Time": 0.47, "Actual Total Time": 126.57, "Actual Rows": 10544, "Actual Loops": 1, "Inner Unique": false, "Plans": [{"Node Type": "Index Scan", "Parent Relationship": "Outer", "Scan Direction": "Forward", "Index Name": "keyword_pkey", "Relation Name": "keyword", "Alias": "k", "Startup Cost": 0.0, "Total Cost": 3182.72, "Plan Rows": 1, "Plan Width": 4, "Actual Startup Time": 0.438, "Actual Total Time": 113.411, "Actual Rows": 1, "Actual Loops": 1, "Filter": "((keyword)::text = 'sequel'::text)", "Rows Removed by Filter": 134168}, {"Node Type": "Index Scan", "Parent Relationship": "Inner", "Scan Direction": "Forward", "Index Name": "keyword_id_movie_keyword", "Relation Name": "movie_keyword", "Alias": "mk", "Startup Cost": 0.0, "Total Cost": 136.88, "Plan Rows": 33, "Plan Width": 8, "Actual Startup Time": 0.027, "Actual Total Time": 10.895, "Actual Rows": 10544, "Actual Loops": 1, "Index Cond": "(keyword_id = k.id)", "Rows Removed by Index Recheck": 0}]}, {"Node Type": "Index Scan", "Parent Relationship": "Inner", "Scan Direction": "Forward", "Index Name": "title_pkey", "Relation Name": "title", "Alias": "t", "Startup Cost": 0.0, "Total Cost": 0.31, "Plan Rows": 1, "Plan Width": 21, "Actual Startup Time": 44.568, "Actual Total Time": 44.568, "Actual Rows": 1, "Actual Loops": 10544, "Index Cond": "(id = mk.movie_id)", "Rows Removed by Index Recheck": 0, "Filter": "(((title)::text ~~ '%Money%'::text) AND (production_year = 1998))", "Rows Removed by Filter": 10543}]}, {"Node Type": "Index Scan", "Parent Relationship": "Inner", "Scan Direction": "Forward", "Index Name": "movie_id_movie_companies", "Relation Name": "movie_companies", "Alias": "mc", "Startup Cost": 0.0, "Total Cost": 0.31, "Plan Rows": 2, "Plan Width": 12, "Actual Startup Time": 0.011, "Actual Total Time": 0.013, "Actual Rows": 3, "Actual Loops": 1, "Index Cond": "(movie_id = mk.movie_id)", "Rows Removed by Index Recheck": 0, "Filter": "(note IS NULL)", "Rows Removed by Filter": 1}]}, {"Node Type": "Index Scan", "Parent Relationship": "Inner", "Scan Direction": "Forward", "Index Name": "company_name_pkey", "Relation Name": "company_name", "Alias": "cn", "Startup Cost": 0.0, "Total Cost": 0.29, "Plan Rows": 1, "Plan Width": 23, "Actual Startup Time": 0.022, "Actual Total Time": 0.022, "Actual Rows": 2, "Actual Loops": 3, "Index Cond": "(id = mc.company_id)", "Rows Removed by Index Recheck": 0, "Filter": "(((country_code)::text <> '[pl]'::text) AND (((name)::text ~~ '%Film%'::text) OR ((name)::text ~~ '%Warner%'::text)))", "Rows Removed by Filter": 1}]}, {"Node Type": "Index Scan", "Parent Relationship": "Inner", "Scan Direction": "Forward", "Index Name": "company_type_pkey", "Relation Name": "company_type", "Alias": "ct", "Startup Cost": 0.0, "Total Cost": 0.27, "Plan Rows": 1, "Plan Width": 4, "Actual Startup Time": 0.006, "Actual Total Time": 0.006, "Actual Rows": 2, "Actual Loops": 2, "Index Cond": "(id = mc.company_type_id)", "Rows Removed by Index Recheck": 0, "Filter": "((kind)::text = 'production companies'::text)", "Rows Removed by Filter": 0}]}, {"Node Type": "Index Scan", "Parent Relationship": "Inner", "Scan Direction": "Forward", "Index Name": "movie_id_movie_link", "Relation Name": "movie_link", "Alias": "ml", "Startup Cost": 0.0, "Total Cost": 0.35, "Plan Rows": 5, "Plan Width": 8, "Actual Startup Time": 0.011, "Actual Total Time": 0.025, "Actual Rows": 38, "Actual Loops": 2, "Index Cond": "(movie_id = mk.movie_id)", "Rows Removed by Index Recheck": 0}]}, {"Node Type": "Index Scan", "Parent Relationship": "Inner", "Scan Direction": "Forward", "Index Name": "link_type_pkey", "Relation Name": "link_type", "Alias": "lt", "Startup Cost": 0.0, "Total Cost": 0.27, "Plan Rows": 1, "Plan Width": 16, "Actual Startup Time": 0.063, "Actual Total Time": 0.063, "Actual Rows": 0, "Actual Loops": 38, "Index Cond": "(id = ml.link_type_id)", "Rows Removed by Index Recheck": 0, "Filter": "((link)::text ~~ '%follows%'::text)", "Rows Removed by Filter": 24}]}]}, "Triggers": [], "Planner Runtime": 56.535, "Total Runtime": 177.003, "Unique SQL Id": 4121279504}}, "(1, 126)": {"explain_plan": {"Plan": {"Node Type": "Aggregate", "Strategy": "Plain", "Startup Cost": 260431.64, "Total Cost": 260431.65, "Plan Rows": 1, "Plan Width": 144, "Plans": [{"Node Type": "Nested Loop", "Parent Relationship": "Outer", "Join Type": "Inner", "Startup Cost": 0.0, "Total Cost": 260431.63, "Plan Rows": 1, "Plan Width": 48, "Inner Unique": true, "Join Filter": "(ml.link_type_id = lt.id)", "Plans": [{"Node Type": "Nested Loop", "Parent Relationship": "Outer", "Join Type": "Inner", "Startup Cost": 0.0, "Total Cost": 260430.4, "Plan Rows": 1, "Plan Width": 40, "Inner Unique": false, "Join Filter": "(t.id = ml.movie_id)", "Plans": [{"Node Type": "Nested Loop", "Parent Relationship": "Outer", "Join Type": "Inner", "Startup Cost": 0.0, "Total Cost": 259624.49, "Plan Rows": 1, "Plan Width": 48, "Inner Unique": true, "Join Filter": "(mc.company_type_id = ct.id)", "Plans": [{"Node Type": "Nested Loop", "Parent Relationship": "Outer", "Join Type": "Inner", "Startup Cost": 0.0, "Total Cost": 259623.44, "Plan Rows": 1, "Plan Width": 52, "Inner Unique": true, "Join Filter": "(mc.company_id = cn.id)", "Plans": [{"Node Type": "Nested Loop", "Parent Relationship": "Outer", "Join Type": "Inner", "Startup Cost": 0.0, "Total Cost": 251825.03, "Plan Rows": 1, "Plan Width": 37, "Inner Unique": false, "Join Filter": "(t.id = mc.movie_id)", "Plans": [{"Node Type": "Nested Loop", "Parent Relationship": "Outer", "Join Type": "Inner", "Startup Cost": 0.0, "Total Cost": 194139.17, "Plan Rows": 1, "Plan Width": 25, "Inner Unique": true, "Join Filter": "(mk.movie_id = t.id)", "Plans": [{"Node Type": "Nested Loop", "Parent Relationship": "Outer", "Join Type": "Inner", "Startup Cost": 0.0, "Total Cost": 121426.52, "Plan Rows": 33, "Plan Width": 4, "Inner Unique": false, "Join Filter": "(k.id = mk.keyword_id)", "Plans": [{"Node Type": "Seq Scan", "Parent Relationship": "Outer", "Relation Name": "keyword", "Alias": "k", "Startup Cost": 0.0, "Total Cost": 2436.11, "Plan Rows": 1, "Plan Width": 4, "Filter": "((keyword)::text = 'sequel'::text)"}, {"Node Type": "Seq Scan", "Parent Relationship": "Inner", "Relation Name": "movie_keyword", "Alias": "mk", "Startup Cost": 0.0, "Total Cost": 62441.29, "Plan Rows": 4523929, "Plan Width": 8}]}, {"Node Type": "Materialize", "Parent Relationship": "Inner", "Startup Cost": 0.0, "Total Cost": 72710.69, "Plan Rows": 4, "Plan Width": 21, "Plans": [{"Node Type": "Seq Scan", "Parent Relationship": "Outer", "Relation Name": "title", "Alias": "t", "Startup Cost": 0.0, "Total Cost": 72710.67, "Plan Rows": 4, "Plan Width": 21, "Filter": "(((title)::text ~~ '%Money%'::text) AND (production_year = 1998))"}]}]}, {"Node Type": "Seq Scan", "Parent Relationship": "Inner", "Relation Name": "movie_companies", "Alias": "mc", "Startup Cost": 0.0, "Total Cost": 41817.28, "Plan Rows": 1269486, "Plan Width": 12, "Filter": "(note IS NULL), (LLVM Optimized)"}]}, {"Node Type": "Seq Scan", "Parent Relationship": "Inner", "Relation Name": "company_name", "Alias": "cn", "Startup Cost": 0.0, "Total Cost": 7078.43, "Plan Rows": 57599, "Plan Width": 23, "Filter": "(((country_code)::text <> '[pl]'::text) AND (((name)::text ~~ '%Film%'::text) OR ((name)::text ~~ '%Warner%'::text)))"}]}, {"Node Type": "Seq Scan", "Parent Relationship": "Inner", "Relation Name": "company_type", "Alias": "ct", "Startup Cost": 0.0, "Total Cost": 1.04, "Plan Rows": 1, "Plan Width": 4, "Filter": "((kind)::text = 'production companies'::text)"}]}, {"Node Type": "Seq Scan", "Parent Relationship": "Inner", "Relation Name": "movie_link", "Alias": "ml", "Startup Cost": 0.0, "Total Cost": 430.96, "Plan Rows": 29996, "Plan Width": 8}]}, {"Node Type": "Seq Scan", "Parent Relationship": "Inner", "Relation Name": "link_type", "Alias": "lt", "Startup Cost": 0.0, "Total Cost": 1.21, "Plan Rows": 1, "Plan Width": 16, "Filter": "((link)::text ~~ '%follows%'::text)"}]}]}, "Unique SQL Id": 4121279504}, "explain_analyze_plan": null}, "(1, 127)": {"explain_plan": {"Plan": {"Node Type": "Aggregate", "Strategy": "Plain", "Startup Cost": 8000025305535.09, "Total Cost": 8000025305535.1, "Plan Rows": 1, "Plan Width": 144, "Plans": [{"Node Type": "Nested Loop", "Parent Relationship": "Outer", "Join Type": "Inner", "Startup Cost": 80000000000.0, "Total Cost": 8000025305535.08, "Plan Rows": 1, "Plan Width": 48, "Inner Unique": true, "Join Filter": "(mc.company_type_id = ct.id)", "Plans": [{"Node Type": "Nested Loop", "Parent Relationship": "Outer", "Join Type": "Inner", "Startup Cost": 70000000000.0, "Total Cost": 7000025304304.82, "Plan Rows": 1, "Plan Width": 52, "Inner Unique": true, "Plans": [{"Node Type": "Nested Loop", "Parent Relationship": "Outer", "Join Type": "Inner", "Startup Cost": 60000000000.0, "Total Cost": 6000025304276.0, "Plan Rows": 1, "Plan Width": 37, "Inner Unique": true, "Join Filter": "(ml.movie_id = t.id)", "Plans": [{"Node Type": "Nested Loop", "Parent Relationship": "Outer", "Join Type": "Inner", "Startup Cost": 50000000000.0, "Total Cost": 5000025304244.59, "Plan Rows": 1, "Plan Width": 32, "Inner Unique": false, "Join Filter": "(ml.movie_id = mc.movie_id)", "Plans": [{"Node Type": "Index Scan", "Parent Relationship": "Outer", "Scan Direction": "Forward", "Index Name": "company_type_id_movie_companies", "Relation Name": "movie_companies", "Alias": "mc", "Startup Cost": 10000000000.0, "Total Cost": 1000009318217.0, "Plan Rows": 1269486, "Plan Width": 12, "Filter": "(note IS NULL), (LLVM Optimized)"}, {"Node Type": "Materialize", "Parent Relationship": "Inner", "Startup Cost": 40000000000.0, "Total Cost": 4000015795604.72, "Plan Rows": 10, "Plan Width": 20, "Plans": [{"Node Type": "Nested Loop", "Parent Relationship": "Outer", "Join Type": "Inner", "Startup Cost": 40000000000.0, "Total Cost": 4000015795604.67, "Plan Rows": 10, "Plan Width": 20, "Inner Unique": false, "Join Filter": "(mk.movie_id = ml.movie_id)", "Plans": [{"Node Type": "Nested Loop", "Parent Relationship": "Outer", "Join Type": "Inner", "Startup Cost": 20000000000.0, "Total Cost": 2000015686764.79, "Plan Rows": 33, "Plan Width": 4, "Inner Unique": true, "Join Filter": "(k.id = mk.keyword_id)", "Plans": [{"Node Type": "Index Scan", "Parent Relationship": "Outer", "Scan Direction": "Forward", "Index Name": "movie_id_movie_keyword", "Relation Name": "movie_keyword", "Alias": "mk", "Startup Cost": 10000000000.0, "Total Cost": 1000015300634.17, "Plan Rows": 4523929, "Plan Width": 8}, {"Node Type": "Materialize", "Parent Relationship": "Inner", "Startup Cost": 10000000000.0, "Total Cost": 1000000318271.69, "Plan Rows": 1, "Plan Width": 4, "Plans": [{"Node Type": "Index Scan", "Parent Relationship": "Outer", "Scan Direction": "Forward", "Index Name": "keyword_pkey", "Relation Name": "keyword", "Alias": "k", "Startup Cost": 10000000000.0, "Total Cost": 1000000318271.68, "Plan Rows": 1, "Plan Width": 4, "Filter": "((keyword)::text = 'sequel'::text)"}]}]}, {"Node Type": "Materialize", "Parent Relationship": "Inner", "Startup Cost": 20000000000.0, "Total Cost": 2000000107916.44, "Plan Rows": 1875, "Plan Width": 16, "Plans": [{"Node Type": "Nested Loop", "Parent Relationship": "Outer", "Join Type": "Inner", "Startup Cost": 20000000000.0, "Total Cost": 2000000107907.07, "Plan Rows": 1875, "Plan Width": 16, "Inner Unique": true, "Join Filter": "(lt.id = ml.link_type_id)", "Plans": [{"Node Type": "Index Scan", "Parent Relationship": "Outer", "Scan Direction": "Forward", "Index Name": "movie_id_movie_link", "Relation Name": "movie_link", "Alias": "ml", "Startup Cost": 10000000000.0, "Total Cost": 1000000106202.37, "Plan Rows": 29996, "Plan Width": 8}, {"Node Type": "Materialize", "Parent Relationship": "Inner", "Startup Cost": 10000000000.0, "Total Cost": 1000000001254.76, "Plan Rows": 1, "Plan Width": 16, "Plans": [{"Node Type": "Index Scan", "Parent Relationship": "Outer", "Scan Direction": "Forward", "Index Name": "link_type_pkey", "Relation Name": "link_type", "Alias": "lt", "Startup Cost": 10000000000.0, "Total Cost": 1000000001254.75, "Plan Rows": 1, "Plan Width": 16, "Filter": "((link)::text ~~ '%follows%'::text)"}]}]}]}]}]}]}, {"Node Type": "Index Scan", "Parent Relationship": "Inner", "Scan Direction": "Forward", "Index Name": "title_pkey", "Relation Name": "title", "Alias": "t", "Startup Cost": 10000000000.0, "Total Cost": 1000000000031.39, "Plan Rows": 1, "Plan Width": 21, "Index Cond": "(id = mk.movie_id)", "Filter": "(((title)::text ~~ '%Money%'::text) AND (production_year = 1998))"}]}, {"Node Type": "Index Scan", "Parent Relationship": "Inner", "Scan Direction": "Forward", "Index Name": "company_name_pkey", "Relation Name": "company_name", "Alias": "cn", "Startup Cost": 10000000000.0, "Total Cost": 1000000000028.81, "Plan Rows": 1, "Plan Width": 23, "Index Cond": "(id = mc.company_id)", "Filter": "(((country_code)::text <> '[pl]'::text) AND (((name)::text ~~ '%Film%'::text) OR ((name)::text ~~ '%Warner%'::text)))"}]}, {"Node Type": "Index Scan", "Parent Relationship": "Inner", "Scan Direction": "Forward", "Index Name": "company_type_pkey", "Relation Name": "company_type", "Alias": "ct", "Startup Cost": 10000000000.0, "Total Cost": 1000000001230.25, "Plan Rows": 1, "Plan Width": 4, "Filter": "((kind)::text = 'production companies'::text)"}]}]}, "Unique SQL Id": 4121279504}, "explain_analyze_plan": null}, "(16, 0)": {"explain_plan": {"Plan": {"Node Type": "Aggregate", "Strategy": "Plain", "Startup Cost": 2581.34, "Total Cost": 2581.35, "Plan Rows": 1, "Plan Width": 144, "Plans": [{"Node Type": "Nested Loop", "Parent Relationship": "Outer", "Join Type": "Inner", "Startup Cost": 4.51, "Total Cost": 2581.33, "Plan Rows": 1, "Plan Width": 48, "Inner Unique": true, "Plans": [{"Node Type": "Nested Loop", "Parent Relationship": "Outer", "Join Type": "Inner", "Startup Cost": 4.51, "Total Cost": 2581.05, "Plan Rows": 1, "Plan Width": 40, "Inner Unique": false, "Join Filter": "(t.id = ml.movie_id)", "Plans": [{"Node Type": "Nested Loop", "Parent Relationship": "Outer", "Join Type": "Inner", "Startup Cost": 4.51, "Total Cost": 2580.63, "Plan Rows": 1, "Plan Width": 48, "Inner Unique": true, "Plans": [{"Node Type": "Nested Loop", "Parent Relationship": "Outer", "Join Type": "Inner", "Startup Cost": 4.51, "Total Cost": 2580.35, "Plan Rows": 1, "Plan Width": 52, "Inner Unique": true, "Plans": [{"Node Type": "Nested Loop", "Parent Relationship": "Outer", "Join Type": "Inner", "Startup Cost": 4.51, "Total Cost": 2580.05, "Plan Rows": 1, "Plan Width": 37, "Inner Unique": false, "Join Filter": "(t.id = mc.movie_id)", "Plans": [{"Node Type": "Nested Loop", "Parent Relationship": "Outer", "Join Type": "Inner", "Startup Cost": 4.51, "Total Cost": 2579.71, "Plan Rows": 1, "Plan Width": 25, "Inner Unique": true, "Plans": [{"Node Type": "Nested Loop", "Parent Relationship": "Outer", "Join Type": "Inner", "Startup Cost": 4.51, "Total Cost": 2569.02, "Plan Rows": 33, "Plan Width": 4, "Inner Unique": false, "Plans": [{"Node Type": "Seq Scan", "Parent Relationship": "Outer", "Relation Name": "keyword", "Alias": "k", "Startup Cost": 0.0, "Total Cost": 2436.11, "Plan Rows": 1, "Plan Width": 4, "Filter": "((keyword)::text = 'sequel'::text)"}, {"Node Type": "Bitmap Heap Scan", "Parent Relationship": "Inner", "Relation Name": "movie_keyword", "Alias": "mk", "Startup Cost": 4.51, "Total Cost": 132.58, "Plan Rows": 33, "Plan Width": 8, "Recheck Cond": "(keyword_id = k.id)", "Plans": [{"Node Type": "Bitmap Index Scan", "Parent Relationship": "Outer", "Index Name": "keyword_id_movie_keyword", "Startup Cost": 0.0, "Total Cost": 4.5, "Plan Rows": 33, "Plan Width": 0, "Index Cond": "(keyword_id = k.id)"}]}]}, {"Node Type": "Index Scan", "Parent Relationship": "Inner", "Scan Direction": "Forward", "Index Name": "title_pkey", "Relation Name": "title", "Alias": "t", "Startup Cost": 0.0, "Total Cost": 0.31, "Plan Rows": 1, "Plan Width": 21, "Index Cond": "(id = mk.movie_id)", "Filter": "(((title)::text ~~ '%Money%'::text) AND (production_year = 1998))"}]}, {"Node Type": "Index Scan", "Parent Relationship": "Inner", "Scan Direction": "Forward", "Index Name": "movie_id_movie_companies", "Relation Name": "movie_companies", "Alias": "mc", "Startup Cost": 0.0, "Total Cost": 0.31, "Plan Rows": 2, "Plan Width": 12, "Index Cond": "(movie_id = mk.movie_id)", "Filter": "(note IS NULL)"}]}, {"Node Type": "Index Scan", "Parent Relationship": "Inner", "Scan Direction": "Forward", "Index Name": "company_name_pkey", "Relation Name": "company_name", "Alias": "cn", "Startup Cost": 0.0, "Total Cost": 0.29, "Plan Rows": 1, "Plan Width": 23, "Index Cond": "(id = mc.company_id)", "Filter": "(((country_code)::text <> '[pl]'::text) AND (((name)::text ~~ '%Film%'::text) OR ((name)::text ~~ '%Warner%'::text)))"}]}, {"Node Type": "Index Scan", "Parent Relationship": "Inner", "Scan Direction": "Forward", "Index Name": "company_type_pkey", "Relation Name": "company_type", "Alias": "ct", "Startup Cost": 0.0, "Total Cost": 0.27, "Plan Rows": 1, "Plan Width": 4, "Index Cond": "(id = mc.company_type_id)", "Filter": "((kind)::text = 'production companies'::text)"}]}, {"Node Type": "Index Scan", "Parent Relationship": "Inner", "Scan Direction": "Forward", "Index Name": "movie_id_movie_link", "Relation Name": "movie_link", "Alias": "ml", "Startup Cost": 0.0, "Total Cost": 0.35, "Plan Rows": 5, "Plan Width": 8, "Index Cond": "(movie_id = mk.movie_id)"}]}, {"Node Type": "Index Scan", "Parent Relationship": "Inner", "Scan Direction": "Forward", "Index Name": "link_type_pkey", "Relation Name": "link_type", "Alias": "lt", "Startup Cost": 0.0, "Total Cost": 0.27, "Plan Rows": 1, "Plan Width": 16, "Index Cond": "(id = ml.link_type_id)", "Filter": "((link)::text ~~ '%follows%'::text)"}]}]}, "Unique SQL Id": 4121279504}, "explain_analyze_plan": {"Plan": {"Node Type": "Aggregate", "Strategy": "Plain", "Startup Cost": 2581.34, "Total Cost": 2581.35, "Plan Rows": 1, "Plan Width": 144, "Actual Startup Time": 126.718, "Actual Total Time": 126.718, "Actual Rows": 1, "Actual Loops": 1, "Plans": [{"Node Type": "Nested Loop", "Parent Relationship": "Outer", "Join Type": "Inner", "Startup Cost": 4.51, "Total Cost": 2581.33, "Plan Rows": 1, "Plan Width": 48, "Actual Startup Time": 126.712, "Actual Total Time": 126.712, "Actual Rows": 0, "Actual Loops": 1, "Inner Unique": true, "Plans": [{"Node Type": "Nested Loop", "Parent Relationship": "Outer", "Join Type": "Inner", "Startup Cost": 4.51, "Total Cost": 2581.05, "Plan Rows": 1, "Plan Width": 40, "Actual Startup Time": 6.094, "Actual Total Time": 126.628, "Actual Rows": 38, "Actual Loops": 1, "Inner Unique": false, "Join Filter": "(t.id = ml.movie_id)", "Rows Removed by Join Filter": 0, "Plans": [{"Node Type": "Nested Loop", "Parent Relationship": "Outer", "Join Type": "Inner", "Startup Cost": 4.51, "Total Cost": 2580.63, "Plan Rows": 1, "Plan Width": 48, "Actual Startup Time": 6.079, "Actual Total Time": 126.579, "Actual Rows": 2, "Actual Loops": 1, "Inner Unique": true, "Plans": [{"Node Type": "Nested Loop", "Parent Relationship": "Outer", "Join Type": "Inner", "Startup Cost": 4.51, "Total Cost": 2580.35, "Plan Rows": 1, "Plan Width": 52, "Actual Startup Time": 6.07, "Actual Total Time": 126.566, "Actual Rows": 2, "Actual Loops": 1, "Inner Unique": true, "Plans": [{"Node Type": "Nested Loop", "Parent Relationship": "Outer", "Join Type": "Inner", "Startup Cost": 4.51, "Total Cost": 2580.05, "Plan Rows": 1, "Plan Width": 37, "Actual Startup Time": 6.053, "Actual Total Time": 126.529, "Actual Rows": 3, "Actual Loops": 1, "Inner Unique": false, "Join Filter": "(t.id = mc.movie_id)", "Rows Removed by Join Filter": 0, "Plans": [{"Node Type": "Nested Loop", "Parent Relationship": "Outer", "Join Type": "Inner", "Startup Cost": 4.51, "Total Cost": 2579.71, "Plan Rows": 1, "Plan Width": 25, "Actual Startup Time": 6.03, "Actual Total Time": 126.501, "Actual Rows": 1, "Actual Loops": 1, "Inner Unique": true, "Plans": [{"Node Type": "Nested Loop", "Parent Relationship": "Outer", "Join Type": "Inner", "Startup Cost": 4.51, "Total Cost": 2569.02, "Plan Rows": 33, "Plan Width": 4, "Actual Startup Time": 5.681, "Actual Total Time": 64.348, "Actual Rows": 10544, "Actual Loops": 1, "Inner Unique": false, "Plans": [{"Node Type": "Seq Scan", "Parent Relationship": "Outer", "Relation Name": "keyword", "Alias": "k", "Startup Cost": 0.0, "Total Cost": 2436.11, "Plan Rows": 1, "Plan Width": 4, "Actual Startup Time": 2.377, "Actual Total Time": 41.877, "Actual Rows": 1, "Actual Loops": 1, "Filter": "((keyword)::text = 'sequel'::text)", "Rows Removed by Filter": 134168}, {"Node Type": "Bitmap Heap Scan", "Parent Relationship": "Inner", "Relation Name": "movie_keyword", "Alias": "mk", "Startup Cost": 4.51, "Total Cost": 132.58, "Plan Rows": 33, "Plan Width": 8, "Actual Startup Time": 3.296, "Actual Total Time": 20.334, "Actual Rows": 10544, "Actual Loops": 1, "Recheck Cond": "(keyword_id = k.id)", "Rows Removed by Index Recheck": 0, "Exact Heap Blocks": 5090, "Lossy Heap Blocks": 5090, "Plans": [{"Node Type": "Bitmap Index Scan", "Parent Relationship": "Outer", "Index Name": "keyword_id_movie_keyword", "Startup Cost": 0.0, "Total Cost": 4.5, "Plan Rows": 33, "Plan Width": 0, "Actual Startup Time": 2.369, "Actual Total Time": 2.369, "Actual Rows": 10544, "Actual Loops": 1, "Index Cond": "(keyword_id = k.id)"}]}]}, {"Node Type": "Index Scan", "Parent Relationship": "Inner", "Scan Direction": "Forward", "Index Name": "title_pkey", "Relation Name": "title", "Alias": "t", "Startup Cost": 0.0, "Total Cost": 0.31, "Plan Rows": 1, "Plan Width": 21, "Actual Startup Time": 56.882, "Actual Total Time": 56.882, "Actual Rows": 1, "Actual Loops": 10544, "Index Cond": "(id = mk.movie_id)", "Rows Removed by Index Recheck": 0, "Filter": "(((title)::text ~~ '%Money%'::text) AND (production_year = 1998))", "Rows Removed by Filter": 10543}]}, {"Node Type": "Index Scan", "Parent Relationship": "Inner", "Scan Direction": "Forward", "Index Name": "movie_id_movie_companies", "Relation Name": "movie_companies", "Alias": "mc", "Startup Cost": 0.0, "Total Cost": 0.31, "Plan Rows": 2, "Plan Width": 12, "Actual Startup Time": 0.018, "Actual Total Time": 0.02, "Actual Rows": 3, "Actual Loops": 1, "Index Cond": "(movie_id = mk.movie_id)", "Rows Removed by Index Recheck": 0, "Filter": "(note IS NULL)", "Rows Removed by Filter": 1}]}, {"Node Type": "Index Scan", "Parent Relationship": "Inner", "Scan Direction": "Forward", "Index Name": "company_name_pkey", "Relation Name": "company_name", "Alias": "cn", "Startup Cost": 0.0, "Total Cost": 0.29, "Plan Rows": 1, "Plan Width": 23, "Actual Startup Time": 0.032, "Actual Total Time": 0.032, "Actual Rows": 2, "Actual Loops": 3, "Index Cond": "(id = mc.company_id)", "Rows Removed by Index Recheck": 0, "Filter": "(((country_code)::text <> '[pl]'::text) AND (((name)::text ~~ '%Film%'::text) OR ((name)::text ~~ '%Warner%'::text)))", "Rows Removed by Filter": 1}]}, {"Node Type": "Index Scan", "Parent Relationship": "Inner", "Scan Direction": "Forward", "Index Name": "company_type_pkey", "Relation Name": "company_type", "Alias": "ct", "Startup Cost": 0.0, "Total Cost": 0.27, "Plan Rows": 1, "Plan Width": 4, "Actual Startup Time": 0.008, "Actual Total Time": 0.008, "Actual Rows": 2, "Actual Loops": 2, "Index Cond": "(id = mc.company_type_id)", "Rows Removed by Index Recheck": 0, "Filter": "((kind)::text = 'production companies'::text)", "Rows Removed by Filter": 0}]}, {"Node Type": "Index Scan", "Parent Relationship": "Inner", "Scan Direction": "Forward", "Index Name": "movie_id_movie_link", "Relation Name": "movie_link", "Alias": "ml", "Startup Cost": 0.0, "Total Cost": 0.35, "Plan Rows": 5, "Plan Width": 8, "Actual Startup Time": 0.016, "Actual Total Time": 0.031, "Actual Rows": 38, "Actual Loops": 2, "Index Cond": "(movie_id = mk.movie_id)", "Rows Removed by Index Recheck": 0}]}, {"Node Type": "Index Scan", "Parent Relationship": "Inner", "Scan Direction": "Forward", "Index Name": "link_type_pkey", "Relation Name": "link_type", "Alias": "lt", "Startup Cost": 0.0, "Total Cost": 0.27, "Plan Rows": 1, "Plan Width": 16, "Actual Startup Time": 0.064, "Actual Total Time": 0.064, "Actual Rows": 0, "Actual Loops": 38, "Index Cond": "(id = ml.link_type_id)", "Rows Removed by Index Recheck": 0, "Filter": "((link)::text ~~ '%follows%'::text)", "Rows Removed by Filter": 24}]}]}, "Triggers": [], "Planner Runtime": 87.526, "Total Runtime": 127.163, "Unique SQL Id": 4121279504}}, "(16, 1)": {"explain_plan": {"Plan": {"Node Type": "Aggregate", "Strategy": "Plain", "Startup Cost": 3327.94, "Total Cost": 3327.95, "Plan Rows": 1, "Plan Width": 144, "Plans": [{"Node Type": "Nested Loop", "Parent Relationship": "Outer", "Join Type": "Inner", "Startup Cost": 4.51, "Total Cost": 3327.93, "Plan Rows": 1, "Plan Width": 48, "Inner Unique": true, "Plans": [{"Node Type": "Nested Loop", "Parent Relationship": "Outer", "Join Type": "Inner", "Startup Cost": 4.51, "Total Cost": 3327.65, "Plan Rows": 1, "Plan Width": 40, "Inner Unique": false, "Join Filter": "(t.id = ml.movie_id)", "Plans": [{"Node Type": "Nested Loop", "Parent Relationship": "Outer", "Join Type": "Inner", "Startup Cost": 4.51, "Total Cost": 3327.24, "Plan Rows": 1, "Plan Width": 48, "Inner Unique": true, "Plans": [{"Node Type": "Nested Loop", "Parent Relationship": "Outer", "Join Type": "Inner", "Startup Cost": 4.51, "Total Cost": 3326.95, "Plan Rows": 1, "Plan Width": 52, "Inner Unique": true, "Plans": [{"Node Type": "Nested Loop", "Parent Relationship": "Outer", "Join Type": "Inner", "Startup Cost": 4.51, "Total Cost": 3326.66, "Plan Rows": 1, "Plan Width": 37, "Inner Unique": false, "Join Filter": "(t.id = mc.movie_id)", "Plans": [{"Node Type": "Nested Loop", "Parent Relationship": "Outer", "Join Type": "Inner", "Startup Cost": 4.51, "Total Cost": 3326.32, "Plan Rows": 1, "Plan Width": 25, "Inner Unique": true, "Plans": [{"Node Type": "Nested Loop", "Parent Relationship": "Outer", "Join Type": "Inner", "Startup Cost": 4.51, "Total Cost": 3315.63, "Plan Rows": 33, "Plan Width": 4, "Inner Unique": false, "Plans": [{"Node Type": "Index Scan", "Parent Relationship": "Outer", "Scan Direction": "Forward", "Index Name": "keyword_pkey", "Relation Name": "keyword", "Alias": "k", "Startup Cost": 0.0, "Total Cost": 3182.72, "Plan Rows": 1, "Plan Width": 4, "Filter": "((keyword)::text = 'sequel'::text)"}, {"Node Type": "Bitmap Heap Scan", "Parent Relationship": "Inner", "Relation Name": "movie_keyword", "Alias": "mk", "Startup Cost": 4.51, "Total Cost": 132.58, "Plan Rows": 33, "Plan Width": 8, "Recheck Cond": "(keyword_id = k.id)", "Plans": [{"Node Type": "Bitmap Index Scan", "Parent Relationship": "Outer", "Index Name": "keyword_id_movie_keyword", "Startup Cost": 0.0, "Total Cost": 4.5, "Plan Rows": 33, "Plan Width": 0, "Index Cond": "(keyword_id = k.id)"}]}]}, {"Node Type": "Index Scan", "Parent Relationship": "Inner", "Scan Direction": "Forward", "Index Name": "title_pkey", "Relation Name": "title", "Alias": "t", "Startup Cost": 0.0, "Total Cost": 0.31, "Plan Rows": 1, "Plan Width": 21, "Index Cond": "(id = mk.movie_id)", "Filter": "(((title)::text ~~ '%Money%'::text) AND (production_year = 1998))"}]}, {"Node Type": "Index Scan", "Parent Relationship": "Inner", "Scan Direction": "Forward", "Index Name": "movie_id_movie_companies", "Relation Name": "movie_companies", "Alias": "mc", "Startup Cost": 0.0, "Total Cost": 0.31, "Plan Rows": 2, "Plan Width": 12, "Index Cond": "(movie_id = mk.movie_id)", "Filter": "(note IS NULL)"}]}, {"Node Type": "Index Scan", "Parent Relationship": "Inner", "Scan Direction": "Forward", "Index Name": "company_name_pkey", "Relation Name": "company_name", "Alias": "cn", "Startup Cost": 0.0, "Total Cost": 0.29, "Plan Rows": 1, "Plan Width": 23, "Index Cond": "(id = mc.company_id)", "Filter": "(((country_code)::text <> '[pl]'::text) AND (((name)::text ~~ '%Film%'::text) OR ((name)::text ~~ '%Warner%'::text)))"}]}, {"Node Type": "Index Scan", "Parent Relationship": "Inner", "Scan Direction": "Forward", "Index Name": "company_type_pkey", "Relation Name": "company_type", "Alias": "ct", "Startup Cost": 0.0, "Total Cost": 0.27, "Plan Rows": 1, "Plan Width": 4, "Index Cond": "(id = mc.company_type_id)", "Filter": "((kind)::text = 'production companies'::text)"}]}, {"Node Type": "Index Scan", "Parent Relationship": "Inner", "Scan Direction": "Forward", "Index Name": "movie_id_movie_link", "Relation Name": "movie_link", "Alias": "ml", "Startup Cost": 0.0, "Total Cost": 0.35, "Plan Rows": 5, "Plan Width": 8, "Index Cond": "(movie_id = mk.movie_id)"}]}, {"Node Type": "Index Scan", "Parent Relationship": "Inner", "Scan Direction": "Forward", "Index Name": "link_type_pkey", "Relation Name": "link_type", "Alias": "lt", "Startup Cost": 0.0, "Total Cost": 0.27, "Plan Rows": 1, "Plan Width": 16, "Index Cond": "(id = ml.link_type_id)", "Filter": "((link)::text ~~ '%follows%'::text)"}]}]}, "Unique SQL Id": 4121279504}, "explain_analyze_plan": {"Plan": {"Node Type": "Aggregate", "Strategy": "Plain", "Startup Cost": 3327.94, "Total Cost": 3327.95, "Plan Rows": 1, "Plan Width": 144, "Actual Startup Time": 210.021, "Actual Total Time": 210.022, "Actual Rows": 1, "Actual Loops": 1, "Plans": [{"Node Type": "Nested Loop", "Parent Relationship": "Outer", "Join Type": "Inner", "Startup Cost": 4.51, "Total Cost": 3327.93, "Plan Rows": 1, "Plan Width": 48, "Actual Startup Time": 210.015, "Actual Total Time": 210.015, "Actual Rows": 0, "Actual Loops": 1, "Inner Unique": true, "Plans": [{"Node Type": "Nested Loop", "Parent Relationship": "Outer", "Join Type": "Inner", "Startup Cost": 4.51, "Total Cost": 3327.65, "Plan Rows": 1, "Plan Width": 40, "Actual Startup Time": 4.252, "Actual Total Time": 209.927, "Actual Rows": 38, "Actual Loops": 1, "Inner Unique": false, "Join Filter": "(t.id = ml.movie_id)", "Rows Removed by Join Filter": 0, "Plans": [{"Node Type": "Nested Loop", "Parent Relationship": "Outer", "Join Type": "Inner", "Startup Cost": 4.51, "Total Cost": 3327.24, "Plan Rows": 1, "Plan Width": 48, "Actual Startup Time": 4.237, "Actual Total Time": 209.878, "Actual Rows": 2, "Actual Loops": 1, "Inner Unique": true, "Plans": [{"Node Type": "Nested Loop", "Parent Relationship": "Outer", "Join Type": "Inner", "Startup Cost": 4.51, "Total Cost": 3326.95, "Plan Rows": 1, "Plan Width": 52, "Actual Startup Time": 4.228, "Actual Total Time": 209.865, "Actual Rows": 2, "Actual Loops": 1, "Inner Unique": true, "Plans": [{"Node Type": "Nested Loop", "Parent Relationship": "Outer", "Join Type": "Inner", "Startup Cost": 4.51, "Total Cost": 3326.66, "Plan Rows": 1, "Plan Width": 37, "Actual Startup Time": 4.21, "Actual Total Time": 209.826, "Actual Rows": 3, "Actual Loops": 1, "Inner Unique": false, "Join Filter": "(t.id = mc.movie_id)", "Rows Removed by Join Filter": 0, "Plans": [{"Node Type": "Nested Loop", "Parent Relationship": "Outer", "Join Type": "Inner", "Startup Cost": 4.51, "Total Cost": 3326.32, "Plan Rows": 1, "Plan Width": 25, "Actual Startup Time": 4.189, "Actual Total Time": 209.801, "Actual Rows": 1, "Actual Loops": 1, "Inner Unique": true, "Plans": [{"Node Type": "Nested Loop", "Parent Relationship": "Outer", "Join Type": "Inner", "Startup Cost": 4.51, "Total Cost": 3315.63, "Plan Rows": 33, "Plan Width": 4, "Actual Startup Time": 3.839, "Actual Total Time": 145.857, "Actual Rows": 10544, "Actual Loops": 1, "Inner Unique": false, "Plans": [{"Node Type": "Index Scan", "Parent Relationship": "Outer", "Scan Direction": "Forward", "Index Name": "keyword_pkey", "Relation Name": "keyword", "Alias": "k", "Startup Cost": 0.0, "Total Cost": 3182.72, "Plan Rows": 1, "Plan Width": 4, "Actual Startup Time": 0.526, "Actual Total Time": 122.744, "Actual Rows": 1, "Actual Loops": 1, "Filter": "((keyword)::text = 'sequel'::text)", "Rows Removed by Filter": 134168}, {"Node Type": "Bitmap Heap Scan", "Parent Relationship": "Inner", "Relation Name": "movie_keyword", "Alias": "mk", "Startup Cost": 4.51, "Total Cost": 132.58, "Plan Rows": 33, "Plan Width": 8, "Actual Startup Time": 3.306, "Actual Total Time": 20.899, "Actual Rows": 10544, "Actual Loops": 1, "Recheck Cond": "(keyword_id = k.id)", "Rows Removed by Index Recheck": 0, "Exact Heap Blocks": 5090, "Lossy Heap Blocks": 5090, "Plans": [{"Node Type": "Bitmap Index Scan", "Parent Relationship": "Outer", "Index Name": "keyword_id_movie_keyword", "Startup Cost": 0.0, "Total Cost": 4.5, "Plan Rows": 33, "Plan Width": 0, "Actual Startup Time": 2.388, "Actual Total Time": 2.388, "Actual Rows": 10544, "Actual Loops": 1, "Index Cond": "(keyword_id = k.id)"}]}]}, {"Node Type": "Index Scan", "Parent Relationship": "Inner", "Scan Direction": "Forward", "Index Name": "title_pkey", "Relation Name": "title", "Alias": "t", "Startup Cost": 0.0, "Total Cost": 0.31, "Plan Rows": 1, "Plan Width": 21, "Actual Startup Time": 58.603, "Actual Total Time": 58.603, "Actual Rows": 1, "Actual Loops": 10544, "Index Cond": "(id = mk.movie_id)", "Rows Removed by Index Recheck": 0, "Filter": "(((title)::text ~~ '%Money%'::text) AND (production_year = 1998))", "Rows Removed by Filter": 10543}]}, {"Node Type": "Index Scan", "Parent Relationship": "Inner", "Scan Direction": "Forward", "Index Name": "movie_id_movie_companies", "Relation Name": "movie_companies", "Alias": "mc", "Startup Cost": 0.0, "Total Cost": 0.31, "Plan Rows": 2, "Plan Width": 12, "Actual Startup Time": 0.017, "Actual Total Time": 0.019, "Actual Rows": 3, "Actual Loops": 1, "Index Cond": "(movie_id = mk.movie_id)", "Rows Removed by Index Recheck": 0, "Filter": "(note IS NULL)", "Rows Removed by Filter": 1}]}, {"Node Type": "Index Scan", "Parent Relationship": "Inner", "Scan Direction": "Forward", "Index Name": "company_name_pkey", "Relation Name": "company_name", "Alias": "cn", "Startup Cost": 0.0, "Total Cost": 0.29, "Plan Rows": 1, "Plan Width": 23, "Actual Startup Time": 0.034, "Actual Total Time": 0.034, "Actual Rows": 2, "Actual Loops": 3, "Index Cond": "(id = mc.company_id)", "Rows Removed by Index Recheck": 0, "Filter": "(((country_code)::text <> '[pl]'::text) AND (((name)::text ~~ '%Film%'::text) OR ((name)::text ~~ '%Warner%'::text)))", "Rows Removed by Filter": 1}]}, {"Node Type": "Index Scan", "Parent Relationship": "Inner", "Scan Direction": "Forward", "Index Name": "company_type_pkey", "Relation Name": "company_type", "Alias": "ct", "Startup Cost": 0.0, "Total Cost": 0.27, "Plan Rows": 1, "Plan Width": 4, "Actual Startup Time": 0.009, "Actual Total Time": 0.009, "Actual Rows": 2, "Actual Loops": 2, "Index Cond": "(id = mc.company_type_id)", "Rows Removed by Index Recheck": 0, "Filter": "((kind)::text = 'production companies'::text)", "Rows Removed by Filter": 0}]}, {"Node Type": "Index Scan", "Parent Relationship": "Inner", "Scan Direction": "Forward", "Index Name": "movie_id_movie_link", "Relation Name": "movie_link", "Alias": "ml", "Startup Cost": 0.0, "Total Cost": 0.35, "Plan Rows": 5, "Plan Width": 8, "Actual Startup Time": 0.016, "Actual Total Time": 0.029, "Actual Rows": 38, "Actual Loops": 2, "Index Cond": "(movie_id = mk.movie_id)", "Rows Removed by Index Recheck": 0}]}, {"Node Type": "Index Scan", "Parent Relationship": "Inner", "Scan Direction": "Forward", "Index Name": "link_type_pkey", "Relation Name": "link_type", "Alias": "lt", "Startup Cost": 0.0, "Total Cost": 0.27, "Plan Rows": 1, "Plan Width": 16, "Actual Startup Time": 0.063, "Actual Total Time": 0.063, "Actual Rows": 0, "Actual Loops": 38, "Index Cond": "(id = ml.link_type_id)", "Rows Removed by Index Recheck": 0, "Filter": "((link)::text ~~ '%follows%'::text)", "Rows Removed by Filter": 24}]}]}, "Triggers": [], "Planner Runtime": 75.74, "Total Runtime": 210.444, "Unique SQL Id": 4121279504}}, "(16, 2)": {"explain_plan": {"Plan": {"Node Type": "Aggregate", "Strategy": "Plain", "Startup Cost": 2726.02, "Total Cost": 2726.03, "Plan Rows": 1, "Plan Width": 144, "Plans": [{"Node Type": "Nested Loop", "Parent Relationship": "Outer", "Join Type": "Inner", "Startup Cost": 5.59, "Total Cost": 2726.01, "Plan Rows": 1, "Plan Width": 48, "Inner Unique": true, "Join Filter": "(ml.link_type_id = lt.id)", "Plans": [{"Node Type": "Nested Loop", "Parent Relationship": "Outer", "Join Type": "Inner", "Startup Cost": 5.59, "Total Cost": 2724.78, "Plan Rows": 1, "Plan Width": 40, "Inner Unique": false, "Join Filter": "(t.id = ml.movie_id)", "Plans": [{"Node Type": "Nested Loop", "Parent Relationship": "Outer", "Join Type": "Inner", "Startup Cost": 5.3, "Total Cost": 2720.37, "Plan Rows": 1, "Plan Width": 48, "Inner Unique": true, "Join Filter": "(mc.company_type_id = ct.id)", "Plans": [{"Node Type": "Nested Loop", "Parent Relationship": "Outer", "Join Type": "Inner", "Startup Cost": 5.3, "Total Cost": 2719.32, "Plan Rows": 1, "Plan Width": 52, "Inner Unique": true, "Plans": [{"Node Type": "Nested Loop", "Parent Relationship": "Outer", "Join Type": "Inner", "Startup Cost": 5.05, "Total Cost": 2715.03, "Plan Rows": 1, "Plan Width": 37, "Inner Unique": false, "Join Filter": "(t.id = mc.movie_id)", "Plans": [{"Node Type": "Nested Loop", "Parent Relationship": "Outer", "Join Type": "Inner", "Startup Cost": 4.77, "Total Cost": 2710.71, "Plan Rows": 1, "Plan Width": 25, "Inner Unique": true, "Plans": [{"Node Type": "Nested Loop", "Parent Relationship": "Outer", "Join Type": "Inner", "Startup Cost": 4.51, "Total Cost": 2569.02, "Plan Rows": 33, "Plan Width": 4, "Inner Unique": false, "Plans": [{"Node Type": "Seq Scan", "Parent Relationship": "Outer", "Relation Name": "keyword", "Alias": "k", "Startup Cost": 0.0, "Total Cost": 2436.11, "Plan Rows": 1, "Plan Width": 4, "Filter": "((keyword)::text = 'sequel'::text)"}, {"Node Type": "Bitmap Heap Scan", "Parent Relationship": "Inner", "Relation Name": "movie_keyword", "Alias": "mk", "Startup Cost": 4.51, "Total Cost": 132.58, "Plan Rows": 33, "Plan Width": 8, "Recheck Cond": "(keyword_id = k.id)", "Plans": [{"Node Type": "Bitmap Index Scan", "Parent Relationship": "Outer", "Index Name": "keyword_id_movie_keyword", "Startup Cost": 0.0, "Total Cost": 4.5, "Plan Rows": 33, "Plan Width": 0, "Index Cond": "(keyword_id = k.id)"}]}]}, {"Node Type": "Bitmap Heap Scan", "Parent Relationship": "Inner", "Relation Name": "title", "Alias": "t", "Startup Cost": 0.27, "Total Cost": 4.28, "Plan Rows": 1, "Plan Width": 21, "Recheck Cond": "(id = mk.movie_id)", "Filter": "(((title)::text ~~ '%Money%'::text) AND (production_year = 1998))", "Plans": [{"Node Type": "Bitmap Index Scan", "Parent Relationship": "Outer", "Index Name": "title_pkey", "Startup Cost": 0.0, "Total Cost": 0.27, "Plan Rows": 1, "Plan Width": 0, "Index Cond": "(id = mk.movie_id)"}]}]}, {"Node Type": "Bitmap Heap Scan", "Parent Relationship": "Inner", "Relation Name": "movie_companies", "Alias": "mc", "Startup Cost": 0.27, "Total Cost": 4.3, "Plan Rows": 2, "Plan Width": 12, "Recheck Cond": "(movie_id = mk.movie_id)", "Filter": "(note IS NULL)", "Plans": [{"Node Type": "Bitmap Index Scan", "Parent Relationship": "Outer", "Index Name": "movie_id_movie_companies", "Startup Cost": 0.0, "Total Cost": 0.27, "Plan Rows": 2, "Plan Width": 0, "Index Cond": "(movie_id = mk.movie_id)"}]}]}, {"Node Type": "Bitmap Heap Scan", "Parent Relationship": "Inner", "Relation Name": "company_name", "Alias": "cn", "Startup Cost": 0.26, "Total Cost": 4.28, "Plan Rows": 1, "Plan Width": 23, "Recheck Cond": "(id = mc.company_id)", "Filter": "(((country_code)::text <> '[pl]'::text) AND (((name)::text ~~ '%Film%'::text) OR ((name)::text ~~ '%Warner%'::text)))", "Plans": [{"Node Type": "Bitmap Index Scan", "Parent Relationship": "Outer", "Index Name": "company_name_pkey", "Startup Cost": 0.0, "Total Cost": 0.26, "Plan Rows": 1, "Plan Width": 0, "Index Cond": "(id = mc.company_id)"}]}]}, {"Node Type": "Seq Scan", "Parent Relationship": "Inner", "Relation Name": "company_type", "Alias": "ct", "Startup Cost": 0.0, "Total Cost": 1.04, "Plan Rows": 1, "Plan Width": 4, "Filter": "((kind)::text = 'production companies'::text)"}]}, {"Node Type": "Bitmap Heap Scan", "Parent Relationship": "Inner", "Relation Name": "movie_link", "Alias": "ml", "Startup Cost": 0.29, "Total Cost": 4.35, "Plan Rows": 5, "Plan Width": 8, "Recheck Cond": "(movie_id = mk.movie_id)", "Plans": [{"Node Type": "Bitmap Index Scan", "Parent Relationship": "Outer", "Index Name": "movie_id_movie_link", "Startup Cost": 0.0, "Total Cost": 0.29, "Plan Rows": 5, "Plan Width": 0, "Index Cond": "(movie_id = mk.movie_id)"}]}]}, {"Node Type": "Seq Scan", "Parent Relationship": "Inner", "Relation Name": "link_type", "Alias": "lt", "Startup Cost": 0.0, "Total Cost": 1.21, "Plan Rows": 1, "Plan Width": 16, "Filter": "((link)::text ~~ '%follows%'::text)"}]}]}, "Unique SQL Id": 4121279504}, "explain_analyze_plan": {"Plan": {"Node Type": "Aggregate", "Strategy": "Plain", "Startup Cost": 2726.02, "Total Cost": 2726.03, "Plan Rows": 1, "Plan Width": 144, "Actual Startup Time": 139.006, "Actual Total Time": 139.007, "Actual Rows": 1, "Actual Loops": 1, "Plans": [{"Node Type": "Nested Loop", "Parent Relationship": "Outer", "Join Type": "Inner", "Startup Cost": 5.59, "Total Cost": 2726.01, "Plan Rows": 1, "Plan Width": 48, "Actual Startup Time": 138.995, "Actual Total Time": 138.995, "Actual Rows": 0, "Actual Loops": 1, "Inner Unique": true, "Join Filter": "(ml.link_type_id = lt.id)", "Rows Removed by Join Filter": 0, "Plans": [{"Node Type": "Nested Loop", "Parent Relationship": "Outer", "Join Type": "Inner", "Startup Cost": 5.59, "Total Cost": 2724.78, "Plan Rows": 1, "Plan Width": 40, "Actual Startup Time": 6.154, "Actual Total Time": 138.668, "Actual Rows": 38, "Actual Loops": 1, "Inner Unique": false, "Join Filter": "(t.id = ml.movie_id)", "Rows Removed by Join Filter": 0, "Plans": [{"Node Type": "Nested Loop", "Parent Relationship": "Outer", "Join Type": "Inner", "Startup Cost": 5.3, "Total Cost": 2720.37, "Plan Rows": 1, "Plan Width": 48, "Actual Startup Time": 6.124, "Actual Total Time": 138.609, "Actual Rows": 2, "Actual Loops": 1, "Inner Unique": true, "Join Filter": "(mc.company_type_id = ct.id)", "Rows Removed by Join Filter": 0, "Plans": [{"Node Type": "Nested Loop", "Parent Relationship": "Outer", "Join Type": "Inner", "Startup Cost": 5.3, "Total Cost": 2719.32, "Plan Rows": 1, "Plan Width": 52, "Actual Startup Time": 6.112, "Actual Total Time": 138.593, "Actual Rows": 2, "Actual Loops": 1, "Inner Unique": true, "Plans": [{"Node Type": "Nested Loop", "Parent Relationship": "Outer", "Join Type": "Inner", "Startup Cost": 5.05, "Total Cost": 2715.03, "Plan Rows": 1, "Plan Width": 37, "Actual Startup Time": 6.09, "Actual Total Time": 138.545, "Actual Rows": 3, "Actual Loops": 1, "Inner Unique": false, "Join Filter": "(t.id = mc.movie_id)", "Rows Removed by Join Filter": 0, "Plans": [{"Node Type": "Nested Loop", "Parent Relationship": "Outer", "Join Type": "Inner", "Startup Cost": 4.77, "Total Cost": 2710.71, "Plan Rows": 1, "Plan Width": 25, "Actual Startup Time": 6.057, "Actual Total Time": 138.508, "Actual Rows": 1, "Actual Loops": 1, "Inner Unique": true, "Plans": [{"Node Type": "Nested Loop", "Parent Relationship": "Outer", "Join Type": "Inner", "Startup Cost": 4.51, "Total Cost": 2569.02, "Plan Rows": 33, "Plan Width": 4, "Actual Startup Time": 5.644, "Actual Total Time": 62.51, "Actual Rows": 10544, "Actual Loops": 1, "Inner Unique": false, "Plans": [{"Node Type": "Seq Scan", "Parent Relationship": "Outer", "Relation Name": "keyword", "Alias": "k", "Startup Cost": 0.0, "Total Cost": 2436.11, "Plan Rows": 1, "Plan Width": 4, "Actual Startup Time": 2.306, "Actual Total Time": 41.335, "Actual Rows": 1, "Actual Loops": 1, "Filter": "((keyword)::text = 'sequel'::text)", "Rows Removed by Filter": 134168}, {"Node Type": "Bitmap Heap Scan", "Parent Relationship": "Inner", "Relation Name": "movie_keyword", "Alias": "mk", "Startup Cost": 4.51, "Total Cost": 132.58, "Plan Rows": 33, "Plan Width": 8, "Actual Startup Time": 3.331, "Actual Total Time": 19.008, "Actual Rows": 10544, "Actual Loops": 1, "Recheck Cond": "(keyword_id = k.id)", "Rows Removed by Index Recheck": 0, "Exact Heap Blocks": 5090, "Lossy Heap Blocks": 5090, "Plans": [{"Node Type": "Bitmap Index Scan", "Parent Relationship": "Outer", "Index Name": "keyword_id_movie_keyword", "Startup Cost": 0.0, "Total Cost": 4.5, "Plan Rows": 33, "Plan Width": 0, "Actual Startup Time": 2.404, "Actual Total Time": 2.404, "Actual Rows": 10544, "Actual Loops": 1, "Index Cond": "(keyword_id = k.id)"}]}]}, {"Node Type": "Bitmap Heap Scan", "Parent Relationship": "Inner", "Relation Name": "title", "Alias": "t", "Startup Cost": 0.27, "Total Cost": 4.28, "Plan Rows": 1, "Plan Width": 21, "Actual Startup Time": 64.166, "Actual Total Time": 64.166, "Actual Rows": 1, "Actual Loops": 10544, "Recheck Cond": "(id = mk.movie_id)", "Rows Removed by Index Recheck": 0, "Filter": "(((title)::text ~~ '%Money%'::text) AND (production_year = 1998))", "Rows Removed by Filter": 10543, "Exact Heap Blocks": 10544, "Lossy Heap Blocks": 10544, "Plans": [{"Node Type": "Bitmap Index Scan", "Parent Relationship": "Outer", "Index Name": "title_pkey", "Startup Cost": 0.0, "Total Cost": 0.27, "Plan Rows": 1, "Plan Width": 0, "Actual Startup Time": 31.869, "Actual Total Time": 31.869, "Actual Rows": 10544, "Actual Loops": 10544, "Index Cond": "(id = mk.movie_id)"}]}]}, {"Node Type": "Bitmap Heap Scan", "Parent Relationship": "Inner", "Relation Name": "movie_companies", "Alias": "mc", "Startup Cost": 0.27, "Total Cost": 4.3, "Plan Rows": 2, "Plan Width": 12, "Actual Startup Time": 0.029, "Actual Total Time": 0.032, "Actual Rows": 3, "Actual Loops": 1, "Recheck Cond": "(movie_id = mk.movie_id)", "Rows Removed by Index Recheck": 0, "Filter": "(note IS NULL)", "Rows Removed by Filter": 1, "Exact Heap Blocks": 2, "Lossy Heap Blocks": 2, "Plans": [{"Node Type": "Bitmap Index Scan", "Parent Relationship": "Outer", "Index Name": "movie_id_movie_companies", "Startup Cost": 0.0, "Total Cost": 0.27, "Plan Rows": 2, "Plan Width": 0, "Actual Startup Time": 0.011, "Actual Total Time": 0.011, "Actual Rows": 4, "Actual Loops": 1, "Index Cond": "(movie_id = mk.movie_id)"}]}]}, {"Node Type": "Bitmap Heap Scan", "Parent Relationship": "Inner", "Relation Name": "company_name", "Alias": "cn", "Startup Cost": 0.26, "Total Cost": 4.28, "Plan Rows": 1, "Plan Width": 23, "Actual Startup Time": 0.039, "Actual Total Time": 0.039, "Actual Rows": 2, "Actual Loops": 3, "Recheck Cond": "(id = mc.company_id)", "Rows Removed by Index Recheck": 0, "Filter": "(((country_code)::text <> '[pl]'::text) AND (((name)::text ~~ '%Film%'::text) OR ((name)::text ~~ '%Warner%'::text)))", "Rows Removed by Filter": 1, "Exact Heap Blocks": 3, "Lossy Heap Blocks": 3, "Plans": [{"Node Type": "Bitmap Index Scan", "Parent Relationship": "Outer", "Index Name": "company_name_pkey", "Startup Cost": 0.0, "Total Cost": 0.26, "Plan Rows": 1, "Plan Width": 0, "Actual Startup Time": 0.02, "Actual Total Time": 0.02, "Actual Rows": 3, "Actual Loops": 3, "Index Cond": "(id = mc.company_id)"}]}]}, {"Node Type": "Seq Scan", "Parent Relationship": "Inner", "Relation Name": "company_type", "Alias": "ct", "Startup Cost": 0.0, "Total Cost": 1.04, "Plan Rows": 1, "Plan Width": 4, "Actual Startup Time": 0.01, "Actual Total Time": 0.01, "Actual Rows": 2, "Actual Loops": 2, "Filter": "((kind)::text = 'production companies'::text)", "Rows Removed by Filter": 0}]}, {"Node Type": "Bitmap Heap Scan", "Parent Relationship": "Inner", "Relation Name": "movie_link", "Alias": "ml", "Startup Cost": 0.29, "Total Cost": 4.35, "Plan Rows": 5, "Plan Width": 8, "Actual Startup Time": 0.031, "Actual Total Time": 0.035, "Actual Rows": 38, "Actual Loops": 2, "Recheck Cond": "(movie_id = mk.movie_id)", "Rows Removed by Index Recheck": 0, "Exact Heap Blocks": 2, "Lossy Heap Blocks": 2, "Plans": [{"Node Type": "Bitmap Index Scan", "Parent Relationship": "Outer", "Index Name": "movie_id_movie_link", "Startup Cost": 0.0, "Total Cost": 0.29, "Plan Rows": 5, "Plan Width": 0, "Actual Startup Time": 0.013, "Actual Total Time": 0.013, "Actual Rows": 38, "Actual Loops": 2, "Index Cond": "(movie_id = mk.movie_id)"}]}]}, {"Node Type": "Seq Scan", "Parent Relationship": "Inner", "Relation Name": "link_type", "Alias": "lt", "Startup Cost": 0.0, "Total Cost": 1.21, "Plan Rows": 1, "Plan Width": 16, "Actual Startup Time": 0.293, "Actual Total Time": 0.293, "Actual Rows": 0, "Actual Loops": 38, "Filter": "((link)::text ~~ '%follows%'::text)", "Rows Removed by Filter": 646}]}]}, "Triggers": [], "Planner Runtime": 115.353, "Total Runtime": 139.543, "Unique SQL Id": 4121279504}}, "(16, 3)": {"explain_plan": {"Plan": {"Node Type": "Aggregate", "Strategy": "Plain", "Startup Cost": 3451.4, "Total Cost": 3451.41, "Plan Rows": 1, "Plan Width": 144, "Plans": [{"Node Type": "Nested Loop", "Parent Relationship": "Outer", "Join Type": "Inner", "Startup Cost": 725.2, "Total Cost": 3451.4, "Plan Rows": 1, "Plan Width": 48, "Inner Unique": true, "Plans": [{"Node Type": "Nested Loop", "Parent Relationship": "Outer", "Join Type": "Inner", "Startup Cost": 724.95, "Total Cost": 3447.11, "Plan Rows": 1, "Plan Width": 40, "Inner Unique": false, "Join Filter": "(t.id = ml.movie_id)", "Plans": [{"Node Type": "Nested Loop", "Parent Relationship": "Outer", "Join Type": "Inner", "Startup Cost": 724.66, "Total Cost": 3442.7, "Plan Rows": 1, "Plan Width": 48, "Inner Unique": true, "Plans": [{"Node Type": "Nested Loop", "Parent Relationship": "Outer", "Join Type": "Inner", "Startup Cost": 724.4, "Total Cost": 3438.42, "Plan Rows": 1, "Plan Width": 52, "Inner Unique": true, "Plans": [{"Node Type": "Nested Loop", "Parent Relationship": "Outer", "Join Type": "Inner", "Startup Cost": 724.14, "Total Cost": 3434.13, "Plan Rows": 1, "Plan Width": 37, "Inner Unique": false, "Join Filter": "(t.id = mc.movie_id)", "Plans": [{"Node Type": "Nested Loop", "Parent Relationship": "Outer", "Join Type": "Inner", "Startup Cost": 723.87, "Total Cost": 3429.8, "Plan Rows": 1, "Plan Width": 25, "Inner Unique": true, "Plans": [{"Node Type": "Nested Loop", "Parent Relationship": "Outer", "Join Type": "Inner", "Startup Cost": 723.6, "Total Cost": 3288.12, "Plan Rows": 33, "Plan Width": 4, "Inner Unique": false, "Plans": [{"Node Type": "Bitmap Heap Scan", "Parent Relationship": "Outer", "Relation Name": "keyword", "Alias": "k", "Startup Cost": 719.1, "Total Cost": 3155.21, "Plan Rows": 1, "Plan Width": 4, "Filter": "((keyword)::text = 'sequel'::text)", "Plans": [{"Node Type": "Bitmap Index Scan", "Parent Relationship": "Outer", "Index Name": "keyword_pkey", "Startup Cost": 0.0, "Total Cost": 719.1, "Plan Rows": 134169, "Plan Width": 0}]}, {"Node Type": "Bitmap Heap Scan", "Parent Relationship": "Inner", "Relation Name": "movie_keyword", "Alias": "mk", "Startup Cost": 4.51, "Total Cost": 132.58, "Plan Rows": 33, "Plan Width": 8, "Recheck Cond": "(keyword_id = k.id)", "Plans": [{"Node Type": "Bitmap Index Scan", "Parent Relationship": "Outer", "Index Name": "keyword_id_movie_keyword", "Startup Cost": 0.0, "Total Cost": 4.5, "Plan Rows": 33, "Plan Width": 0, "Index Cond": "(keyword_id = k.id)"}]}]}, {"Node Type": "Bitmap Heap Scan", "Parent Relationship": "Inner", "Relation Name": "title", "Alias": "t", "Startup Cost": 0.27, "Total Cost": 4.28, "Plan Rows": 1, "Plan Width": 21, "Recheck Cond": "(id = mk.movie_id)", "Filter": "(((title)::text ~~ '%Money%'::text) AND (production_year = 1998))", "Plans": [{"Node Type": "Bitmap Index Scan", "Parent Relationship": "Outer", "Index Name": "title_pkey", "Startup Cost": 0.0, "Total Cost": 0.27, "Plan Rows": 1, "Plan Width": 0, "Index Cond": "(id = mk.movie_id)"}]}]}, {"Node Type": "Bitmap Heap Scan", "Parent Relationship": "Inner", "Relation Name": "movie_companies", "Alias": "mc", "Startup Cost": 0.27, "Total Cost": 4.3, "Plan Rows": 2, "Plan Width": 12, "Recheck Cond": "(movie_id = mk.movie_id)", "Filter": "(note IS NULL)", "Plans": [{"Node Type": "Bitmap Index Scan", "Parent Relationship": "Outer", "Index Name": "movie_id_movie_companies", "Startup Cost": 0.0, "Total Cost": 0.27, "Plan Rows": 2, "Plan Width": 0, "Index Cond": "(movie_id = mk.movie_id)"}]}]}, {"Node Type": "Bitmap Heap Scan", "Parent Relationship": "Inner", "Relation Name": "company_name", "Alias": "cn", "Startup Cost": 0.26, "Total Cost": 4.28, "Plan Rows": 1, "Plan Width": 23, "Recheck Cond": "(id = mc.company_id)", "Filter": "(((country_code)::text <> '[pl]'::text) AND (((name)::text ~~ '%Film%'::text) OR ((name)::text ~~ '%Warner%'::text)))", "Plans": [{"Node Type": "Bitmap Index Scan", "Parent Relationship": "Outer", "Index Name": "company_name_pkey", "Startup Cost": 0.0, "Total Cost": 0.26, "Plan Rows": 1, "Plan Width": 0, "Index Cond": "(id = mc.company_id)"}]}]}, {"Node Type": "Bitmap Heap Scan", "Parent Relationship": "Inner", "Relation Name": "company_type", "Alias": "ct", "Startup Cost": 0.26, "Total Cost": 4.27, "Plan Rows": 1, "Plan Width": 4, "Recheck Cond": "(id = mc.company_type_id)", "Filter": "((kind)::text = 'production companies'::text)", "Plans": [{"Node Type": "Bitmap Index Scan", "Parent Relationship": "Outer", "Index Name": "company_type_pkey", "Startup Cost": 0.0, "Total Cost": 0.26, "Plan Rows": 1, "Plan Width": 0, "Index Cond": "(id = mc.company_type_id)"}]}]}, {"Node Type": "Bitmap Heap Scan", "Parent Relationship": "Inner", "Relation Name": "movie_link", "Alias": "ml", "Startup Cost": 0.29, "Total Cost": 4.35, "Plan Rows": 5, "Plan Width": 8, "Recheck Cond": "(movie_id = mk.movie_id)", "Plans": [{"Node Type": "Bitmap Index Scan", "Parent Relationship": "Outer", "Index Name": "movie_id_movie_link", "Startup Cost": 0.0, "Total Cost": 0.29, "Plan Rows": 5, "Plan Width": 0, "Index Cond": "(movie_id = mk.movie_id)"}]}]}, {"Node Type": "Bitmap Heap Scan", "Parent Relationship": "Inner", "Relation Name": "link_type", "Alias": "lt", "Startup Cost": 0.26, "Total Cost": 4.27, "Plan Rows": 1, "Plan Width": 16, "Recheck Cond": "(id = ml.link_type_id)", "Filter": "((link)::text ~~ '%follows%'::text)", "Plans": [{"Node Type": "Bitmap Index Scan", "Parent Relationship": "Outer", "Index Name": "link_type_pkey", "Startup Cost": 0.0, "Total Cost": 0.26, "Plan Rows": 1, "Plan Width": 0, "Index Cond": "(id = ml.link_type_id)"}]}]}]}, "Unique SQL Id": 4121279504}, "explain_analyze_plan": {"Plan": {"Node Type": "Aggregate", "Strategy": "Plain", "Startup Cost": 3451.4, "Total Cost": 3451.41, "Plan Rows": 1, "Plan Width": 144, "Actual Startup Time": 152.6, "Actual Total Time": 152.601, "Actual Rows": 1, "Actual Loops": 1, "Plans": [{"Node Type": "Nested Loop", "Parent Relationship": "Outer", "Join Type": "Inner", "Startup Cost": 725.2, "Total Cost": 3451.4, "Plan Rows": 1, "Plan Width": 48, "Actual Startup Time": 152.588, "Actual Total Time": 152.588, "Actual Rows": 0, "Actual Loops": 1, "Inner Unique": true, "Plans": [{"Node Type": "Nested Loop", "Parent Relationship": "Outer", "Join Type": "Inner", "Startup Cost": 724.95, "Total Cost": 3447.11, "Plan Rows": 1, "Plan Width": 40, "Actual Startup Time": 18.148, "Actual Total Time": 152.437, "Actual Rows": 38, "Actual Loops": 1, "Inner Unique": false, "Join Filter": "(t.id = ml.movie_id)", "Rows Removed by Join Filter": 0, "Plans": [{"Node Type": "Nested Loop", "Parent Relationship": "Outer", "Join Type": "Inner", "Startup Cost": 724.66, "Total Cost": 3442.7, "Plan Rows": 1, "Plan Width": 48, "Actual Startup Time": 18.12, "Actual Total Time": 152.376, "Actual Rows": 2, "Actual Loops": 1, "Inner Unique": true, "Plans": [{"Node Type": "Nested Loop", "Parent Relationship": "Outer", "Join Type": "Inner", "Startup Cost": 724.4, "Total Cost": 3438.42, "Plan Rows": 1, "Plan Width": 52, "Actual Startup Time": 18.104, "Actual Total Time": 152.355, "Actual Rows": 2, "Actual Loops": 1, "Inner Unique": true, "Plans": [{"Node Type": "Nested Loop", "Parent Relationship": "Outer", "Join Type": "Inner", "Startup Cost": 724.14, "Total Cost": 3434.13, "Plan Rows": 1, "Plan Width": 37, "Actual Startup Time": 18.071, "Actual Total Time": 152.299, "Actual Rows": 3, "Actual Loops": 1, "Inner Unique": false, "Join Filter": "(t.id = mc.movie_id)", "Rows Removed by Join Filter": 0, "Plans": [{"Node Type": "Nested Loop", "Parent Relationship": "Outer", "Join Type": "Inner", "Startup Cost": 723.87, "Total Cost": 3429.8, "Plan Rows": 1, "Plan Width": 25, "Actual Startup Time": 18.038, "Actual Total Time": 152.263, "Actual Rows": 1, "Actual Loops": 1, "Inner Unique": true, "Plans": [{"Node Type": "Nested Loop", "Parent Relationship": "Outer", "Join Type": "Inner", "Startup Cost": 723.6, "Total Cost": 3288.12, "Plan Rows": 33, "Plan Width": 4, "Actual Startup Time": 17.628, "Actual Total Time": 80.585, "Actual Rows": 10544, "Actual Loops": 1, "Inner Unique": false, "Plans": [{"Node Type": "Bitmap Heap Scan", "Parent Relationship": "Outer", "Relation Name": "keyword", "Alias": "k", "Startup Cost": 719.1, "Total Cost": 3155.21, "Plan Rows": 1, "Plan Width": 4, "Actual Startup Time": 14.469, "Actual Total Time": 61.131, "Actual Rows": 1, "Actual Loops": 1, "Filter": "((keyword)::text = 'sequel'::text)", "Rows Removed by Filter": 134168, "Exact Heap Blocks": 759, "Lossy Heap Blocks": 759, "Plans": [{"Node Type": "Bitmap Index Scan", "Parent Relationship": "Outer", "Index Name": "keyword_pkey", "Startup Cost": 0.0, "Total Cost": 719.1, "Plan Rows": 134169, "Plan Width": 0, "Actual Startup Time": 11.259, "Actual Total Time": 11.259, "Actual Rows": 134169, "Actual Loops": 1}]}, {"Node Type": "Bitmap Heap Scan", "Parent Relationship": "Inner", "Relation Name": "movie_keyword", "Alias": "mk", "Startup Cost": 4.51, "Total Cost": 132.58, "Plan Rows": 33, "Plan Width": 8, "Actual Startup Time": 3.147, "Actual Total Time": 17.278, "Actual Rows": 10544, "Actual Loops": 1, "Recheck Cond": "(keyword_id = k.id)", "Rows Removed by Index Recheck": 0, "Exact Heap Blocks": 5090, "Lossy Heap Blocks": 5090, "Plans": [{"Node Type": "Bitmap Index Scan", "Parent Relationship": "Outer", "Index Name": "keyword_id_movie_keyword", "Startup Cost": 0.0, "Total Cost": 4.5, "Plan Rows": 33, "Plan Width": 0, "Actual Startup Time": 2.26, "Actual Total Time": 2.26, "Actual Rows": 10544, "Actual Loops": 1, "Index Cond": "(keyword_id = k.id)"}]}]}, {"Node Type": "Bitmap Heap Scan", "Parent Relationship": "Inner", "Relation Name": "title", "Alias": "t", "Startup Cost": 0.27, "Total Cost": 4.28, "Plan Rows": 1, "Plan Width": 21, "Actual Startup Time": 59.935, "Actual Total Time": 59.935, "Actual Rows": 1, "Actual Loops": 10544, "Recheck Cond": "(id = mk.movie_id)", "Rows Removed by Index Recheck": 0, "Filter": "(((title)::text ~~ '%Money%'::text) AND (production_year = 1998))", "Rows Removed by Filter": 10543, "Exact Heap Blocks": 10544, "Lossy Heap Blocks": 10544, "Plans": [{"Node Type": "Bitmap Index Scan", "Parent Relationship": "Outer", "Index Name": "title_pkey", "Startup Cost": 0.0, "Total Cost": 0.27, "Plan Rows": 1, "Plan Width": 0, "Actual Startup Time": 30.49, "Actual Total Time": 30.49, "Actual Rows": 10544, "Actual Loops": 10544, "Index Cond": "(id = mk.movie_id)"}]}]}, {"Node Type": "Bitmap Heap Scan", "Parent Relationship": "Inner", "Relation Name": "movie_companies", "Alias": "mc", "Startup Cost": 0.27, "Total Cost": 4.3, "Plan Rows": 2, "Plan Width": 12, "Actual Startup Time": 0.027, "Actual Total Time": 0.028, "Actual Rows": 3, "Actual Loops": 1, "Recheck Cond": "(movie_id = mk.movie_id)", "Rows Removed by Index Recheck": 0, "Filter": "(note IS NULL)", "Rows Removed by Filter": 1, "Exact Heap Blocks": 2, "Lossy Heap Blocks": 2, "Plans": [{"Node Type": "Bitmap Index Scan", "Parent Relationship": "Outer", "Index Name": "movie_id_movie_companies", "Startup Cost": 0.0, "Total Cost": 0.27, "Plan Rows": 2, "Plan Width": 0, "Actual Startup Time": 0.012, "Actual Total Time": 0.012, "Actual Rows": 4, "Actual Loops": 1, "Index Cond": "(movie_id = mk.movie_id)"}]}]}, {"Node Type": "Bitmap Heap Scan", "Parent Relationship": "Inner", "Relation Name": "company_name", "Alias": "cn", "Startup Cost": 0.26, "Total Cost": 4.28, "Plan Rows": 1, "Plan Width": 23, "Actual Startup Time": 0.047, "Actual Total Time": 0.047, "Actual Rows": 2, "Actual Loops": 3, "Recheck Cond": "(id = mc.company_id)", "Rows Removed by Index Recheck": 0, "Filter": "(((country_code)::text <> '[pl]'::text) AND (((name)::text ~~ '%Film%'::text) OR ((name)::text ~~ '%Warner%'::text)))", "Rows Removed by Filter": 1, "Exact Heap Blocks": 3, "Lossy Heap Blocks": 3, "Plans": [{"Node Type": "Bitmap Index Scan", "Parent Relationship": "Outer", "Index Name": "company_name_pkey", "Startup Cost": 0.0, "Total Cost": 0.26, "Plan Rows": 1, "Plan Width": 0, "Actual Startup Time": 0.02, "Actual Total Time": 0.02, "Actual Rows": 3, "Actual Loops": 3, "Index Cond": "(id = mc.company_id)"}]}]}, {"Node Type": "Bitmap Heap Scan", "Parent Relationship": "Inner", "Relation Name": "company_type", "Alias": "ct", "Startup Cost": 0.26, "Total Cost": 4.27, "Plan Rows": 1, "Plan Width": 4, "Actual Startup Time": 0.015, "Actual Total Time": 0.015, "Actual Rows": 2, "Actual Loops": 2, "Recheck Cond": "(id = mc.company_type_id)", "Rows Removed by Index Recheck": 0, "Filter": "((kind)::text = 'production companies'::text)", "Rows Removed by Filter": 0, "Exact Heap Blocks": 2, "Lossy Heap Blocks": 2, "Plans": [{"Node Type": "Bitmap Index Scan", "Parent Relationship": "Outer", "Index Name": "company_type_pkey", "Startup Cost": 0.0, "Total Cost": 0.26, "Plan Rows": 1, "Plan Width": 0, "Actual Startup Time": 0.004, "Actual Total Time": 0.004, "Actual Rows": 2, "Actual Loops": 2, "Index Cond": "(id = mc.company_type_id)"}]}]}, {"Node Type": "Bitmap Heap Scan", "Parent Relationship": "Inner", "Relation Name": "movie_link", "Alias": "ml", "Startup Cost": 0.29, "Total Cost": 4.35, "Plan Rows": 5, "Plan Width": 8, "Actual Startup Time": 0.027, "Actual Total Time": 0.031, "Actual Rows": 38, "Actual Loops": 2, "Recheck Cond": "(movie_id = mk.movie_id)", "Rows Removed by Index Recheck": 0, "Exact Heap Blocks": 2, "Lossy Heap Blocks": 2, "Plans": [{"Node Type": "Bitmap Index Scan", "Parent Relationship": "Outer", "Index Name": "movie_id_movie_link", "Startup Cost": 0.0, "Total Cost": 0.29, "Plan Rows": 5, "Plan Width": 0, "Actual Startup Time": 0.013, "Actual Total Time": 0.013, "Actual Rows": 38, "Actual Loops": 2, "Index Cond": "(movie_id = mk.movie_id)"}]}]}, {"Node Type": "Bitmap Heap Scan", "Parent Relationship": "Inner", "Relation Name": "link_type", "Alias": "lt", "Startup Cost": 0.26, "Total Cost": 4.27, "Plan Rows": 1, "Plan Width": 16, "Actual Startup Time": 0.11, "Actual Total Time": 0.11, "Actual Rows": 0, "Actual Loops": 38, "Recheck Cond": "(id = ml.link_type_id)", "Rows Removed by Index Recheck": 0, "Filter": "((link)::text ~~ '%follows%'::text)", "Rows Removed by Filter": 24, "Exact Heap Blocks": 24, "Lossy Heap Blocks": 24, "Plans": [{"Node Type": "Bitmap Index Scan", "Parent Relationship": "Outer", "Index Name": "link_type_pkey", "Startup Cost": 0.0, "Total Cost": 0.26, "Plan Rows": 1, "Plan Width": 0, "Actual Startup Time": 0.037, "Actual Total Time": 0.037, "Actual Rows": 24, "Actual Loops": 38, "Index Cond": "(id = ml.link_type_id)"}]}]}]}, "Triggers": [], "Planner Runtime": 60.8, "Total Runtime": 153.166, "Unique SQL Id": 4121279504}}, "(16, 4)": {"explain_plan": {"Plan": {"Node Type": "Aggregate", "Strategy": "Plain", "Startup Cost": 2581.34, "Total Cost": 2581.35, "Plan Rows": 1, "Plan Width": 144, "Plans": [{"Node Type": "Nested Loop", "Parent Relationship": "Outer", "Join Type": "Inner", "Startup Cost": 4.51, "Total Cost": 2581.33, "Plan Rows": 1, "Plan Width": 48, "Inner Unique": true, "Plans": [{"Node Type": "Nested Loop", "Parent Relationship": "Outer", "Join Type": "Inner", "Startup Cost": 4.51, "Total Cost": 2581.05, "Plan Rows": 1, "Plan Width": 40, "Inner Unique": false, "Join Filter": "(t.id = ml.movie_id)", "Plans": [{"Node Type": "Nested Loop", "Parent Relationship": "Outer", "Join Type": "Inner", "Startup Cost": 4.51, "Total Cost": 2580.63, "Plan Rows": 1, "Plan Width": 48, "Inner Unique": true, "Plans": [{"Node Type": "Nested Loop", "Parent Relationship": "Outer", "Join Type": "Inner", "Startup Cost": 4.51, "Total Cost": 2580.35, "Plan Rows": 1, "Plan Width": 52, "Inner Unique": true, "Plans": [{"Node Type": "Nested Loop", "Parent Relationship": "Outer", "Join Type": "Inner", "Startup Cost": 4.51, "Total Cost": 2580.05, "Plan Rows": 1, "Plan Width": 37, "Inner Unique": false, "Join Filter": "(t.id = mc.movie_id)", "Plans": [{"Node Type": "Nested Loop", "Parent Relationship": "Outer", "Join Type": "Inner", "Startup Cost": 4.51, "Total Cost": 2579.71, "Plan Rows": 1, "Plan Width": 25, "Inner Unique": true, "Plans": [{"Node Type": "Nested Loop", "Parent Relationship": "Outer", "Join Type": "Inner", "Startup Cost": 4.51, "Total Cost": 2569.02, "Plan Rows": 33, "Plan Width": 4, "Inner Unique": false, "Plans": [{"Node Type": "Seq Scan", "Parent Relationship": "Outer", "Relation Name": "keyword", "Alias": "k", "Startup Cost": 0.0, "Total Cost": 2436.11, "Plan Rows": 1, "Plan Width": 4, "Filter": "((keyword)::text = 'sequel'::text)"}, {"Node Type": "Bitmap Heap Scan", "Parent Relationship": "Inner", "Relation Name": "movie_keyword", "Alias": "mk", "Startup Cost": 4.51, "Total Cost": 132.58, "Plan Rows": 33, "Plan Width": 8, "Recheck Cond": "(keyword_id = k.id)", "Plans": [{"Node Type": "Bitmap Index Scan", "Parent Relationship": "Outer", "Index Name": "keyword_id_movie_keyword", "Startup Cost": 0.0, "Total Cost": 4.5, "Plan Rows": 33, "Plan Width": 0, "Index Cond": "(keyword_id = k.id)"}]}]}, {"Node Type": "Index Scan", "Parent Relationship": "Inner", "Scan Direction": "Forward", "Index Name": "title_pkey", "Relation Name": "title", "Alias": "t", "Startup Cost": 0.0, "Total Cost": 0.31, "Plan Rows": 1, "Plan Width": 21, "Index Cond": "(id = mk.movie_id)", "Filter": "(((title)::text ~~ '%Money%'::text) AND (production_year = 1998))"}]}, {"Node Type": "Index Scan", "Parent Relationship": "Inner", "Scan Direction": "Forward", "Index Name": "movie_id_movie_companies", "Relation Name": "movie_companies", "Alias": "mc", "Startup Cost": 0.0, "Total Cost": 0.31, "Plan Rows": 2, "Plan Width": 12, "Index Cond": "(movie_id = mk.movie_id)", "Filter": "(note IS NULL)"}]}, {"Node Type": "Index Scan", "Parent Relationship": "Inner", "Scan Direction": "Forward", "Index Name": "company_name_pkey", "Relation Name": "company_name", "Alias": "cn", "Startup Cost": 0.0, "Total Cost": 0.29, "Plan Rows": 1, "Plan Width": 23, "Index Cond": "(id = mc.company_id)", "Filter": "(((country_code)::text <> '[pl]'::text) AND (((name)::text ~~ '%Film%'::text) OR ((name)::text ~~ '%Warner%'::text)))"}]}, {"Node Type": "Index Scan", "Parent Relationship": "Inner", "Scan Direction": "Forward", "Index Name": "company_type_pkey", "Relation Name": "company_type", "Alias": "ct", "Startup Cost": 0.0, "Total Cost": 0.27, "Plan Rows": 1, "Plan Width": 4, "Index Cond": "(id = mc.company_type_id)", "Filter": "((kind)::text = 'production companies'::text)"}]}, {"Node Type": "Index Scan", "Parent Relationship": "Inner", "Scan Direction": "Forward", "Index Name": "movie_id_movie_link", "Relation Name": "movie_link", "Alias": "ml", "Startup Cost": 0.0, "Total Cost": 0.35, "Plan Rows": 5, "Plan Width": 8, "Index Cond": "(movie_id = mk.movie_id)"}]}, {"Node Type": "Index Scan", "Parent Relationship": "Inner", "Scan Direction": "Forward", "Index Name": "link_type_pkey", "Relation Name": "link_type", "Alias": "lt", "Startup Cost": 0.0, "Total Cost": 0.27, "Plan Rows": 1, "Plan Width": 16, "Index Cond": "(id = ml.link_type_id)", "Filter": "((link)::text ~~ '%follows%'::text)"}]}]}, "Unique SQL Id": 4121279504}, "explain_analyze_plan": {"Plan": {"Node Type": "Aggregate", "Strategy": "Plain", "Startup Cost": 2581.34, "Total Cost": 2581.35, "Plan Rows": 1, "Plan Width": 144, "Actual Startup Time": 126.718, "Actual Total Time": 126.718, "Actual Rows": 1, "Actual Loops": 1, "Plans": [{"Node Type": "Nested Loop", "Parent Relationship": "Outer", "Join Type": "Inner", "Startup Cost": 4.51, "Total Cost": 2581.33, "Plan Rows": 1, "Plan Width": 48, "Actual Startup Time": 126.712, "Actual Total Time": 126.712, "Actual Rows": 0, "Actual Loops": 1, "Inner Unique": true, "Plans": [{"Node Type": "Nested Loop", "Parent Relationship": "Outer", "Join Type": "Inner", "Startup Cost": 4.51, "Total Cost": 2581.05, "Plan Rows": 1, "Plan Width": 40, "Actual Startup Time": 6.094, "Actual Total Time": 126.628, "Actual Rows": 38, "Actual Loops": 1, "Inner Unique": false, "Join Filter": "(t.id = ml.movie_id)", "Rows Removed by Join Filter": 0, "Plans": [{"Node Type": "Nested Loop", "Parent Relationship": "Outer", "Join Type": "Inner", "Startup Cost": 4.51, "Total Cost": 2580.63, "Plan Rows": 1, "Plan Width": 48, "Actual Startup Time": 6.079, "Actual Total Time": 126.579, "Actual Rows": 2, "Actual Loops": 1, "Inner Unique": true, "Plans": [{"Node Type": "Nested Loop", "Parent Relationship": "Outer", "Join Type": "Inner", "Startup Cost": 4.51, "Total Cost": 2580.35, "Plan Rows": 1, "Plan Width": 52, "Actual Startup Time": 6.07, "Actual Total Time": 126.566, "Actual Rows": 2, "Actual Loops": 1, "Inner Unique": true, "Plans": [{"Node Type": "Nested Loop", "Parent Relationship": "Outer", "Join Type": "Inner", "Startup Cost": 4.51, "Total Cost": 2580.05, "Plan Rows": 1, "Plan Width": 37, "Actual Startup Time": 6.053, "Actual Total Time": 126.529, "Actual Rows": 3, "Actual Loops": 1, "Inner Unique": false, "Join Filter": "(t.id = mc.movie_id)", "Rows Removed by Join Filter": 0, "Plans": [{"Node Type": "Nested Loop", "Parent Relationship": "Outer", "Join Type": "Inner", "Startup Cost": 4.51, "Total Cost": 2579.71, "Plan Rows": 1, "Plan Width": 25, "Actual Startup Time": 6.03, "Actual Total Time": 126.501, "Actual Rows": 1, "Actual Loops": 1, "Inner Unique": true, "Plans": [{"Node Type": "Nested Loop", "Parent Relationship": "Outer", "Join Type": "Inner", "Startup Cost": 4.51, "Total Cost": 2569.02, "Plan Rows": 33, "Plan Width": 4, "Actual Startup Time": 5.681, "Actual Total Time": 64.348, "Actual Rows": 10544, "Actual Loops": 1, "Inner Unique": false, "Plans": [{"Node Type": "Seq Scan", "Parent Relationship": "Outer", "Relation Name": "keyword", "Alias": "k", "Startup Cost": 0.0, "Total Cost": 2436.11, "Plan Rows": 1, "Plan Width": 4, "Actual Startup Time": 2.377, "Actual Total Time": 41.877, "Actual Rows": 1, "Actual Loops": 1, "Filter": "((keyword)::text = 'sequel'::text)", "Rows Removed by Filter": 134168}, {"Node Type": "Bitmap Heap Scan", "Parent Relationship": "Inner", "Relation Name": "movie_keyword", "Alias": "mk", "Startup Cost": 4.51, "Total Cost": 132.58, "Plan Rows": 33, "Plan Width": 8, "Actual Startup Time": 3.296, "Actual Total Time": 20.334, "Actual Rows": 10544, "Actual Loops": 1, "Recheck Cond": "(keyword_id = k.id)", "Rows Removed by Index Recheck": 0, "Exact Heap Blocks": 5090, "Lossy Heap Blocks": 5090, "Plans": [{"Node Type": "Bitmap Index Scan", "Parent Relationship": "Outer", "Index Name": "keyword_id_movie_keyword", "Startup Cost": 0.0, "Total Cost": 4.5, "Plan Rows": 33, "Plan Width": 0, "Actual Startup Time": 2.369, "Actual Total Time": 2.369, "Actual Rows": 10544, "Actual Loops": 1, "Index Cond": "(keyword_id = k.id)"}]}]}, {"Node Type": "Index Scan", "Parent Relationship": "Inner", "Scan Direction": "Forward", "Index Name": "title_pkey", "Relation Name": "title", "Alias": "t", "Startup Cost": 0.0, "Total Cost": 0.31, "Plan Rows": 1, "Plan Width": 21, "Actual Startup Time": 56.882, "Actual Total Time": 56.882, "Actual Rows": 1, "Actual Loops": 10544, "Index Cond": "(id = mk.movie_id)", "Rows Removed by Index Recheck": 0, "Filter": "(((title)::text ~~ '%Money%'::text) AND (production_year = 1998))", "Rows Removed by Filter": 10543}]}, {"Node Type": "Index Scan", "Parent Relationship": "Inner", "Scan Direction": "Forward", "Index Name": "movie_id_movie_companies", "Relation Name": "movie_companies", "Alias": "mc", "Startup Cost": 0.0, "Total Cost": 0.31, "Plan Rows": 2, "Plan Width": 12, "Actual Startup Time": 0.018, "Actual Total Time": 0.02, "Actual Rows": 3, "Actual Loops": 1, "Index Cond": "(movie_id = mk.movie_id)", "Rows Removed by Index Recheck": 0, "Filter": "(note IS NULL)", "Rows Removed by Filter": 1}]}, {"Node Type": "Index Scan", "Parent Relationship": "Inner", "Scan Direction": "Forward", "Index Name": "company_name_pkey", "Relation Name": "company_name", "Alias": "cn", "Startup Cost": 0.0, "Total Cost": 0.29, "Plan Rows": 1, "Plan Width": 23, "Actual Startup Time": 0.032, "Actual Total Time": 0.032, "Actual Rows": 2, "Actual Loops": 3, "Index Cond": "(id = mc.company_id)", "Rows Removed by Index Recheck": 0, "Filter": "(((country_code)::text <> '[pl]'::text) AND (((name)::text ~~ '%Film%'::text) OR ((name)::text ~~ '%Warner%'::text)))", "Rows Removed by Filter": 1}]}, {"Node Type": "Index Scan", "Parent Relationship": "Inner", "Scan Direction": "Forward", "Index Name": "company_type_pkey", "Relation Name": "company_type", "Alias": "ct", "Startup Cost": 0.0, "Total Cost": 0.27, "Plan Rows": 1, "Plan Width": 4, "Actual Startup Time": 0.008, "Actual Total Time": 0.008, "Actual Rows": 2, "Actual Loops": 2, "Index Cond": "(id = mc.company_type_id)", "Rows Removed by Index Recheck": 0, "Filter": "((kind)::text = 'production companies'::text)", "Rows Removed by Filter": 0}]}, {"Node Type": "Index Scan", "Parent Relationship": "Inner", "Scan Direction": "Forward", "Index Name": "movie_id_movie_link", "Relation Name": "movie_link", "Alias": "ml", "Startup Cost": 0.0, "Total Cost": 0.35, "Plan Rows": 5, "Plan Width": 8, "Actual Startup Time": 0.016, "Actual Total Time": 0.031, "Actual Rows": 38, "Actual Loops": 2, "Index Cond": "(movie_id = mk.movie_id)", "Rows Removed by Index Recheck": 0}]}, {"Node Type": "Index Scan", "Parent Relationship": "Inner", "Scan Direction": "Forward", "Index Name": "link_type_pkey", "Relation Name": "link_type", "Alias": "lt", "Startup Cost": 0.0, "Total Cost": 0.27, "Plan Rows": 1, "Plan Width": 16, "Actual Startup Time": 0.064, "Actual Total Time": 0.064, "Actual Rows": 0, "Actual Loops": 38, "Index Cond": "(id = ml.link_type_id)", "Rows Removed by Index Recheck": 0, "Filter": "((link)::text ~~ '%follows%'::text)", "Rows Removed by Filter": 24}]}]}, "Triggers": [], "Planner Runtime": 87.526, "Total Runtime": 127.163, "Unique SQL Id": 4121279504}}, "(16, 5)": {"explain_plan": {"Plan": {"Node Type": "Aggregate", "Strategy": "Plain", "Startup Cost": 3327.94, "Total Cost": 3327.95, "Plan Rows": 1, "Plan Width": 144, "Plans": [{"Node Type": "Nested Loop", "Parent Relationship": "Outer", "Join Type": "Inner", "Startup Cost": 4.51, "Total Cost": 3327.93, "Plan Rows": 1, "Plan Width": 48, "Inner Unique": true, "Plans": [{"Node Type": "Nested Loop", "Parent Relationship": "Outer", "Join Type": "Inner", "Startup Cost": 4.51, "Total Cost": 3327.65, "Plan Rows": 1, "Plan Width": 40, "Inner Unique": false, "Join Filter": "(t.id = ml.movie_id)", "Plans": [{"Node Type": "Nested Loop", "Parent Relationship": "Outer", "Join Type": "Inner", "Startup Cost": 4.51, "Total Cost": 3327.24, "Plan Rows": 1, "Plan Width": 48, "Inner Unique": true, "Plans": [{"Node Type": "Nested Loop", "Parent Relationship": "Outer", "Join Type": "Inner", "Startup Cost": 4.51, "Total Cost": 3326.95, "Plan Rows": 1, "Plan Width": 52, "Inner Unique": true, "Plans": [{"Node Type": "Nested Loop", "Parent Relationship": "Outer", "Join Type": "Inner", "Startup Cost": 4.51, "Total Cost": 3326.66, "Plan Rows": 1, "Plan Width": 37, "Inner Unique": false, "Join Filter": "(t.id = mc.movie_id)", "Plans": [{"Node Type": "Nested Loop", "Parent Relationship": "Outer", "Join Type": "Inner", "Startup Cost": 4.51, "Total Cost": 3326.32, "Plan Rows": 1, "Plan Width": 25, "Inner Unique": true, "Plans": [{"Node Type": "Nested Loop", "Parent Relationship": "Outer", "Join Type": "Inner", "Startup Cost": 4.51, "Total Cost": 3315.63, "Plan Rows": 33, "Plan Width": 4, "Inner Unique": false, "Plans": [{"Node Type": "Index Scan", "Parent Relationship": "Outer", "Scan Direction": "Forward", "Index Name": "keyword_pkey", "Relation Name": "keyword", "Alias": "k", "Startup Cost": 0.0, "Total Cost": 3182.72, "Plan Rows": 1, "Plan Width": 4, "Filter": "((keyword)::text = 'sequel'::text)"}, {"Node Type": "Bitmap Heap Scan", "Parent Relationship": "Inner", "Relation Name": "movie_keyword", "Alias": "mk", "Startup Cost": 4.51, "Total Cost": 132.58, "Plan Rows": 33, "Plan Width": 8, "Recheck Cond": "(keyword_id = k.id)", "Plans": [{"Node Type": "Bitmap Index Scan", "Parent Relationship": "Outer", "Index Name": "keyword_id_movie_keyword", "Startup Cost": 0.0, "Total Cost": 4.5, "Plan Rows": 33, "Plan Width": 0, "Index Cond": "(keyword_id = k.id)"}]}]}, {"Node Type": "Index Scan", "Parent Relationship": "Inner", "Scan Direction": "Forward", "Index Name": "title_pkey", "Relation Name": "title", "Alias": "t", "Startup Cost": 0.0, "Total Cost": 0.31, "Plan Rows": 1, "Plan Width": 21, "Index Cond": "(id = mk.movie_id)", "Filter": "(((title)::text ~~ '%Money%'::text) AND (production_year = 1998))"}]}, {"Node Type": "Index Scan", "Parent Relationship": "Inner", "Scan Direction": "Forward", "Index Name": "movie_id_movie_companies", "Relation Name": "movie_companies", "Alias": "mc", "Startup Cost": 0.0, "Total Cost": 0.31, "Plan Rows": 2, "Plan Width": 12, "Index Cond": "(movie_id = mk.movie_id)", "Filter": "(note IS NULL)"}]}, {"Node Type": "Index Scan", "Parent Relationship": "Inner", "Scan Direction": "Forward", "Index Name": "company_name_pkey", "Relation Name": "company_name", "Alias": "cn", "Startup Cost": 0.0, "Total Cost": 0.29, "Plan Rows": 1, "Plan Width": 23, "Index Cond": "(id = mc.company_id)", "Filter": "(((country_code)::text <> '[pl]'::text) AND (((name)::text ~~ '%Film%'::text) OR ((name)::text ~~ '%Warner%'::text)))"}]}, {"Node Type": "Index Scan", "Parent Relationship": "Inner", "Scan Direction": "Forward", "Index Name": "company_type_pkey", "Relation Name": "company_type", "Alias": "ct", "Startup Cost": 0.0, "Total Cost": 0.27, "Plan Rows": 1, "Plan Width": 4, "Index Cond": "(id = mc.company_type_id)", "Filter": "((kind)::text = 'production companies'::text)"}]}, {"Node Type": "Index Scan", "Parent Relationship": "Inner", "Scan Direction": "Forward", "Index Name": "movie_id_movie_link", "Relation Name": "movie_link", "Alias": "ml", "Startup Cost": 0.0, "Total Cost": 0.35, "Plan Rows": 5, "Plan Width": 8, "Index Cond": "(movie_id = mk.movie_id)"}]}, {"Node Type": "Index Scan", "Parent Relationship": "Inner", "Scan Direction": "Forward", "Index Name": "link_type_pkey", "Relation Name": "link_type", "Alias": "lt", "Startup Cost": 0.0, "Total Cost": 0.27, "Plan Rows": 1, "Plan Width": 16, "Index Cond": "(id = ml.link_type_id)", "Filter": "((link)::text ~~ '%follows%'::text)"}]}]}, "Unique SQL Id": 4121279504}, "explain_analyze_plan": {"Plan": {"Node Type": "Aggregate", "Strategy": "Plain", "Startup Cost": 3327.94, "Total Cost": 3327.95, "Plan Rows": 1, "Plan Width": 144, "Actual Startup Time": 210.021, "Actual Total Time": 210.022, "Actual Rows": 1, "Actual Loops": 1, "Plans": [{"Node Type": "Nested Loop", "Parent Relationship": "Outer", "Join Type": "Inner", "Startup Cost": 4.51, "Total Cost": 3327.93, "Plan Rows": 1, "Plan Width": 48, "Actual Startup Time": 210.015, "Actual Total Time": 210.015, "Actual Rows": 0, "Actual Loops": 1, "Inner Unique": true, "Plans": [{"Node Type": "Nested Loop", "Parent Relationship": "Outer", "Join Type": "Inner", "Startup Cost": 4.51, "Total Cost": 3327.65, "Plan Rows": 1, "Plan Width": 40, "Actual Startup Time": 4.252, "Actual Total Time": 209.927, "Actual Rows": 38, "Actual Loops": 1, "Inner Unique": false, "Join Filter": "(t.id = ml.movie_id)", "Rows Removed by Join Filter": 0, "Plans": [{"Node Type": "Nested Loop", "Parent Relationship": "Outer", "Join Type": "Inner", "Startup Cost": 4.51, "Total Cost": 3327.24, "Plan Rows": 1, "Plan Width": 48, "Actual Startup Time": 4.237, "Actual Total Time": 209.878, "Actual Rows": 2, "Actual Loops": 1, "Inner Unique": true, "Plans": [{"Node Type": "Nested Loop", "Parent Relationship": "Outer", "Join Type": "Inner", "Startup Cost": 4.51, "Total Cost": 3326.95, "Plan Rows": 1, "Plan Width": 52, "Actual Startup Time": 4.228, "Actual Total Time": 209.865, "Actual Rows": 2, "Actual Loops": 1, "Inner Unique": true, "Plans": [{"Node Type": "Nested Loop", "Parent Relationship": "Outer", "Join Type": "Inner", "Startup Cost": 4.51, "Total Cost": 3326.66, "Plan Rows": 1, "Plan Width": 37, "Actual Startup Time": 4.21, "Actual Total Time": 209.826, "Actual Rows": 3, "Actual Loops": 1, "Inner Unique": false, "Join Filter": "(t.id = mc.movie_id)", "Rows Removed by Join Filter": 0, "Plans": [{"Node Type": "Nested Loop", "Parent Relationship": "Outer", "Join Type": "Inner", "Startup Cost": 4.51, "Total Cost": 3326.32, "Plan Rows": 1, "Plan Width": 25, "Actual Startup Time": 4.189, "Actual Total Time": 209.801, "Actual Rows": 1, "Actual Loops": 1, "Inner Unique": true, "Plans": [{"Node Type": "Nested Loop", "Parent Relationship": "Outer", "Join Type": "Inner", "Startup Cost": 4.51, "Total Cost": 3315.63, "Plan Rows": 33, "Plan Width": 4, "Actual Startup Time": 3.839, "Actual Total Time": 145.857, "Actual Rows": 10544, "Actual Loops": 1, "Inner Unique": false, "Plans": [{"Node Type": "Index Scan", "Parent Relationship": "Outer", "Scan Direction": "Forward", "Index Name": "keyword_pkey", "Relation Name": "keyword", "Alias": "k", "Startup Cost": 0.0, "Total Cost": 3182.72, "Plan Rows": 1, "Plan Width": 4, "Actual Startup Time": 0.526, "Actual Total Time": 122.744, "Actual Rows": 1, "Actual Loops": 1, "Filter": "((keyword)::text = 'sequel'::text)", "Rows Removed by Filter": 134168}, {"Node Type": "Bitmap Heap Scan", "Parent Relationship": "Inner", "Relation Name": "movie_keyword", "Alias": "mk", "Startup Cost": 4.51, "Total Cost": 132.58, "Plan Rows": 33, "Plan Width": 8, "Actual Startup Time": 3.306, "Actual Total Time": 20.899, "Actual Rows": 10544, "Actual Loops": 1, "Recheck Cond": "(keyword_id = k.id)", "Rows Removed by Index Recheck": 0, "Exact Heap Blocks": 5090, "Lossy Heap Blocks": 5090, "Plans": [{"Node Type": "Bitmap Index Scan", "Parent Relationship": "Outer", "Index Name": "keyword_id_movie_keyword", "Startup Cost": 0.0, "Total Cost": 4.5, "Plan Rows": 33, "Plan Width": 0, "Actual Startup Time": 2.388, "Actual Total Time": 2.388, "Actual Rows": 10544, "Actual Loops": 1, "Index Cond": "(keyword_id = k.id)"}]}]}, {"Node Type": "Index Scan", "Parent Relationship": "Inner", "Scan Direction": "Forward", "Index Name": "title_pkey", "Relation Name": "title", "Alias": "t", "Startup Cost": 0.0, "Total Cost": 0.31, "Plan Rows": 1, "Plan Width": 21, "Actual Startup Time": 58.603, "Actual Total Time": 58.603, "Actual Rows": 1, "Actual Loops": 10544, "Index Cond": "(id = mk.movie_id)", "Rows Removed by Index Recheck": 0, "Filter": "(((title)::text ~~ '%Money%'::text) AND (production_year = 1998))", "Rows Removed by Filter": 10543}]}, {"Node Type": "Index Scan", "Parent Relationship": "Inner", "Scan Direction": "Forward", "Index Name": "movie_id_movie_companies", "Relation Name": "movie_companies", "Alias": "mc", "Startup Cost": 0.0, "Total Cost": 0.31, "Plan Rows": 2, "Plan Width": 12, "Actual Startup Time": 0.017, "Actual Total Time": 0.019, "Actual Rows": 3, "Actual Loops": 1, "Index Cond": "(movie_id = mk.movie_id)", "Rows Removed by Index Recheck": 0, "Filter": "(note IS NULL)", "Rows Removed by Filter": 1}]}, {"Node Type": "Index Scan", "Parent Relationship": "Inner", "Scan Direction": "Forward", "Index Name": "company_name_pkey", "Relation Name": "company_name", "Alias": "cn", "Startup Cost": 0.0, "Total Cost": 0.29, "Plan Rows": 1, "Plan Width": 23, "Actual Startup Time": 0.034, "Actual Total Time": 0.034, "Actual Rows": 2, "Actual Loops": 3, "Index Cond": "(id = mc.company_id)", "Rows Removed by Index Recheck": 0, "Filter": "(((country_code)::text <> '[pl]'::text) AND (((name)::text ~~ '%Film%'::text) OR ((name)::text ~~ '%Warner%'::text)))", "Rows Removed by Filter": 1}]}, {"Node Type": "Index Scan", "Parent Relationship": "Inner", "Scan Direction": "Forward", "Index Name": "company_type_pkey", "Relation Name": "company_type", "Alias": "ct", "Startup Cost": 0.0, "Total Cost": 0.27, "Plan Rows": 1, "Plan Width": 4, "Actual Startup Time": 0.009, "Actual Total Time": 0.009, "Actual Rows": 2, "Actual Loops": 2, "Index Cond": "(id = mc.company_type_id)", "Rows Removed by Index Recheck": 0, "Filter": "((kind)::text = 'production companies'::text)", "Rows Removed by Filter": 0}]}, {"Node Type": "Index Scan", "Parent Relationship": "Inner", "Scan Direction": "Forward", "Index Name": "movie_id_movie_link", "Relation Name": "movie_link", "Alias": "ml", "Startup Cost": 0.0, "Total Cost": 0.35, "Plan Rows": 5, "Plan Width": 8, "Actual Startup Time": 0.016, "Actual Total Time": 0.029, "Actual Rows": 38, "Actual Loops": 2, "Index Cond": "(movie_id = mk.movie_id)", "Rows Removed by Index Recheck": 0}]}, {"Node Type": "Index Scan", "Parent Relationship": "Inner", "Scan Direction": "Forward", "Index Name": "link_type_pkey", "Relation Name": "link_type", "Alias": "lt", "Startup Cost": 0.0, "Total Cost": 0.27, "Plan Rows": 1, "Plan Width": 16, "Actual Startup Time": 0.063, "Actual Total Time": 0.063, "Actual Rows": 0, "Actual Loops": 38, "Index Cond": "(id = ml.link_type_id)", "Rows Removed by Index Recheck": 0, "Filter": "((link)::text ~~ '%follows%'::text)", "Rows Removed by Filter": 24}]}]}, "Triggers": [], "Planner Runtime": 75.74, "Total Runtime": 210.444, "Unique SQL Id": 4121279504}}, "(16, 6)": {"explain_plan": {"Plan": {"Node Type": "Aggregate", "Strategy": "Plain", "Startup Cost": 2726.02, "Total Cost": 2726.03, "Plan Rows": 1, "Plan Width": 144, "Plans": [{"Node Type": "Nested Loop", "Parent Relationship": "Outer", "Join Type": "Inner", "Startup Cost": 5.59, "Total Cost": 2726.01, "Plan Rows": 1, "Plan Width": 48, "Inner Unique": true, "Join Filter": "(ml.link_type_id = lt.id)", "Plans": [{"Node Type": "Nested Loop", "Parent Relationship": "Outer", "Join Type": "Inner", "Startup Cost": 5.59, "Total Cost": 2724.78, "Plan Rows": 1, "Plan Width": 40, "Inner Unique": false, "Join Filter": "(t.id = ml.movie_id)", "Plans": [{"Node Type": "Nested Loop", "Parent Relationship": "Outer", "Join Type": "Inner", "Startup Cost": 5.3, "Total Cost": 2720.37, "Plan Rows": 1, "Plan Width": 48, "Inner Unique": true, "Join Filter": "(mc.company_type_id = ct.id)", "Plans": [{"Node Type": "Nested Loop", "Parent Relationship": "Outer", "Join Type": "Inner", "Startup Cost": 5.3, "Total Cost": 2719.32, "Plan Rows": 1, "Plan Width": 52, "Inner Unique": true, "Plans": [{"Node Type": "Nested Loop", "Parent Relationship": "Outer", "Join Type": "Inner", "Startup Cost": 5.05, "Total Cost": 2715.03, "Plan Rows": 1, "Plan Width": 37, "Inner Unique": false, "Join Filter": "(t.id = mc.movie_id)", "Plans": [{"Node Type": "Nested Loop", "Parent Relationship": "Outer", "Join Type": "Inner", "Startup Cost": 4.77, "Total Cost": 2710.71, "Plan Rows": 1, "Plan Width": 25, "Inner Unique": true, "Plans": [{"Node Type": "Nested Loop", "Parent Relationship": "Outer", "Join Type": "Inner", "Startup Cost": 4.51, "Total Cost": 2569.02, "Plan Rows": 33, "Plan Width": 4, "Inner Unique": false, "Plans": [{"Node Type": "Seq Scan", "Parent Relationship": "Outer", "Relation Name": "keyword", "Alias": "k", "Startup Cost": 0.0, "Total Cost": 2436.11, "Plan Rows": 1, "Plan Width": 4, "Filter": "((keyword)::text = 'sequel'::text)"}, {"Node Type": "Bitmap Heap Scan", "Parent Relationship": "Inner", "Relation Name": "movie_keyword", "Alias": "mk", "Startup Cost": 4.51, "Total Cost": 132.58, "Plan Rows": 33, "Plan Width": 8, "Recheck Cond": "(keyword_id = k.id)", "Plans": [{"Node Type": "Bitmap Index Scan", "Parent Relationship": "Outer", "Index Name": "keyword_id_movie_keyword", "Startup Cost": 0.0, "Total Cost": 4.5, "Plan Rows": 33, "Plan Width": 0, "Index Cond": "(keyword_id = k.id)"}]}]}, {"Node Type": "Bitmap Heap Scan", "Parent Relationship": "Inner", "Relation Name": "title", "Alias": "t", "Startup Cost": 0.27, "Total Cost": 4.28, "Plan Rows": 1, "Plan Width": 21, "Recheck Cond": "(id = mk.movie_id)", "Filter": "(((title)::text ~~ '%Money%'::text) AND (production_year = 1998))", "Plans": [{"Node Type": "Bitmap Index Scan", "Parent Relationship": "Outer", "Index Name": "title_pkey", "Startup Cost": 0.0, "Total Cost": 0.27, "Plan Rows": 1, "Plan Width": 0, "Index Cond": "(id = mk.movie_id)"}]}]}, {"Node Type": "Bitmap Heap Scan", "Parent Relationship": "Inner", "Relation Name": "movie_companies", "Alias": "mc", "Startup Cost": 0.27, "Total Cost": 4.3, "Plan Rows": 2, "Plan Width": 12, "Recheck Cond": "(movie_id = mk.movie_id)", "Filter": "(note IS NULL)", "Plans": [{"Node Type": "Bitmap Index Scan", "Parent Relationship": "Outer", "Index Name": "movie_id_movie_companies", "Startup Cost": 0.0, "Total Cost": 0.27, "Plan Rows": 2, "Plan Width": 0, "Index Cond": "(movie_id = mk.movie_id)"}]}]}, {"Node Type": "Bitmap Heap Scan", "Parent Relationship": "Inner", "Relation Name": "company_name", "Alias": "cn", "Startup Cost": 0.26, "Total Cost": 4.28, "Plan Rows": 1, "Plan Width": 23, "Recheck Cond": "(id = mc.company_id)", "Filter": "(((country_code)::text <> '[pl]'::text) AND (((name)::text ~~ '%Film%'::text) OR ((name)::text ~~ '%Warner%'::text)))", "Plans": [{"Node Type": "Bitmap Index Scan", "Parent Relationship": "Outer", "Index Name": "company_name_pkey", "Startup Cost": 0.0, "Total Cost": 0.26, "Plan Rows": 1, "Plan Width": 0, "Index Cond": "(id = mc.company_id)"}]}]}, {"Node Type": "Seq Scan", "Parent Relationship": "Inner", "Relation Name": "company_type", "Alias": "ct", "Startup Cost": 0.0, "Total Cost": 1.04, "Plan Rows": 1, "Plan Width": 4, "Filter": "((kind)::text = 'production companies'::text)"}]}, {"Node Type": "Bitmap Heap Scan", "Parent Relationship": "Inner", "Relation Name": "movie_link", "Alias": "ml", "Startup Cost": 0.29, "Total Cost": 4.35, "Plan Rows": 5, "Plan Width": 8, "Recheck Cond": "(movie_id = mk.movie_id)", "Plans": [{"Node Type": "Bitmap Index Scan", "Parent Relationship": "Outer", "Index Name": "movie_id_movie_link", "Startup Cost": 0.0, "Total Cost": 0.29, "Plan Rows": 5, "Plan Width": 0, "Index Cond": "(movie_id = mk.movie_id)"}]}]}, {"Node Type": "Seq Scan", "Parent Relationship": "Inner", "Relation Name": "link_type", "Alias": "lt", "Startup Cost": 0.0, "Total Cost": 1.21, "Plan Rows": 1, "Plan Width": 16, "Filter": "((link)::text ~~ '%follows%'::text)"}]}]}, "Unique SQL Id": 4121279504}, "explain_analyze_plan": {"Plan": {"Node Type": "Aggregate", "Strategy": "Plain", "Startup Cost": 2726.02, "Total Cost": 2726.03, "Plan Rows": 1, "Plan Width": 144, "Actual Startup Time": 139.006, "Actual Total Time": 139.007, "Actual Rows": 1, "Actual Loops": 1, "Plans": [{"Node Type": "Nested Loop", "Parent Relationship": "Outer", "Join Type": "Inner", "Startup Cost": 5.59, "Total Cost": 2726.01, "Plan Rows": 1, "Plan Width": 48, "Actual Startup Time": 138.995, "Actual Total Time": 138.995, "Actual Rows": 0, "Actual Loops": 1, "Inner Unique": true, "Join Filter": "(ml.link_type_id = lt.id)", "Rows Removed by Join Filter": 0, "Plans": [{"Node Type": "Nested Loop", "Parent Relationship": "Outer", "Join Type": "Inner", "Startup Cost": 5.59, "Total Cost": 2724.78, "Plan Rows": 1, "Plan Width": 40, "Actual Startup Time": 6.154, "Actual Total Time": 138.668, "Actual Rows": 38, "Actual Loops": 1, "Inner Unique": false, "Join Filter": "(t.id = ml.movie_id)", "Rows Removed by Join Filter": 0, "Plans": [{"Node Type": "Nested Loop", "Parent Relationship": "Outer", "Join Type": "Inner", "Startup Cost": 5.3, "Total Cost": 2720.37, "Plan Rows": 1, "Plan Width": 48, "Actual Startup Time": 6.124, "Actual Total Time": 138.609, "Actual Rows": 2, "Actual Loops": 1, "Inner Unique": true, "Join Filter": "(mc.company_type_id = ct.id)", "Rows Removed by Join Filter": 0, "Plans": [{"Node Type": "Nested Loop", "Parent Relationship": "Outer", "Join Type": "Inner", "Startup Cost": 5.3, "Total Cost": 2719.32, "Plan Rows": 1, "Plan Width": 52, "Actual Startup Time": 6.112, "Actual Total Time": 138.593, "Actual Rows": 2, "Actual Loops": 1, "Inner Unique": true, "Plans": [{"Node Type": "Nested Loop", "Parent Relationship": "Outer", "Join Type": "Inner", "Startup Cost": 5.05, "Total Cost": 2715.03, "Plan Rows": 1, "Plan Width": 37, "Actual Startup Time": 6.09, "Actual Total Time": 138.545, "Actual Rows": 3, "Actual Loops": 1, "Inner Unique": false, "Join Filter": "(t.id = mc.movie_id)", "Rows Removed by Join Filter": 0, "Plans": [{"Node Type": "Nested Loop", "Parent Relationship": "Outer", "Join Type": "Inner", "Startup Cost": 4.77, "Total Cost": 2710.71, "Plan Rows": 1, "Plan Width": 25, "Actual Startup Time": 6.057, "Actual Total Time": 138.508, "Actual Rows": 1, "Actual Loops": 1, "Inner Unique": true, "Plans": [{"Node Type": "Nested Loop", "Parent Relationship": "Outer", "Join Type": "Inner", "Startup Cost": 4.51, "Total Cost": 2569.02, "Plan Rows": 33, "Plan Width": 4, "Actual Startup Time": 5.644, "Actual Total Time": 62.51, "Actual Rows": 10544, "Actual Loops": 1, "Inner Unique": false, "Plans": [{"Node Type": "Seq Scan", "Parent Relationship": "Outer", "Relation Name": "keyword", "Alias": "k", "Startup Cost": 0.0, "Total Cost": 2436.11, "Plan Rows": 1, "Plan Width": 4, "Actual Startup Time": 2.306, "Actual Total Time": 41.335, "Actual Rows": 1, "Actual Loops": 1, "Filter": "((keyword)::text = 'sequel'::text)", "Rows Removed by Filter": 134168}, {"Node Type": "Bitmap Heap Scan", "Parent Relationship": "Inner", "Relation Name": "movie_keyword", "Alias": "mk", "Startup Cost": 4.51, "Total Cost": 132.58, "Plan Rows": 33, "Plan Width": 8, "Actual Startup Time": 3.331, "Actual Total Time": 19.008, "Actual Rows": 10544, "Actual Loops": 1, "Recheck Cond": "(keyword_id = k.id)", "Rows Removed by Index Recheck": 0, "Exact Heap Blocks": 5090, "Lossy Heap Blocks": 5090, "Plans": [{"Node Type": "Bitmap Index Scan", "Parent Relationship": "Outer", "Index Name": "keyword_id_movie_keyword", "Startup Cost": 0.0, "Total Cost": 4.5, "Plan Rows": 33, "Plan Width": 0, "Actual Startup Time": 2.404, "Actual Total Time": 2.404, "Actual Rows": 10544, "Actual Loops": 1, "Index Cond": "(keyword_id = k.id)"}]}]}, {"Node Type": "Bitmap Heap Scan", "Parent Relationship": "Inner", "Relation Name": "title", "Alias": "t", "Startup Cost": 0.27, "Total Cost": 4.28, "Plan Rows": 1, "Plan Width": 21, "Actual Startup Time": 64.166, "Actual Total Time": 64.166, "Actual Rows": 1, "Actual Loops": 10544, "Recheck Cond": "(id = mk.movie_id)", "Rows Removed by Index Recheck": 0, "Filter": "(((title)::text ~~ '%Money%'::text) AND (production_year = 1998))", "Rows Removed by Filter": 10543, "Exact Heap Blocks": 10544, "Lossy Heap Blocks": 10544, "Plans": [{"Node Type": "Bitmap Index Scan", "Parent Relationship": "Outer", "Index Name": "title_pkey", "Startup Cost": 0.0, "Total Cost": 0.27, "Plan Rows": 1, "Plan Width": 0, "Actual Startup Time": 31.869, "Actual Total Time": 31.869, "Actual Rows": 10544, "Actual Loops": 10544, "Index Cond": "(id = mk.movie_id)"}]}]}, {"Node Type": "Bitmap Heap Scan", "Parent Relationship": "Inner", "Relation Name": "movie_companies", "Alias": "mc", "Startup Cost": 0.27, "Total Cost": 4.3, "Plan Rows": 2, "Plan Width": 12, "Actual Startup Time": 0.029, "Actual Total Time": 0.032, "Actual Rows": 3, "Actual Loops": 1, "Recheck Cond": "(movie_id = mk.movie_id)", "Rows Removed by Index Recheck": 0, "Filter": "(note IS NULL)", "Rows Removed by Filter": 1, "Exact Heap Blocks": 2, "Lossy Heap Blocks": 2, "Plans": [{"Node Type": "Bitmap Index Scan", "Parent Relationship": "Outer", "Index Name": "movie_id_movie_companies", "Startup Cost": 0.0, "Total Cost": 0.27, "Plan Rows": 2, "Plan Width": 0, "Actual Startup Time": 0.011, "Actual Total Time": 0.011, "Actual Rows": 4, "Actual Loops": 1, "Index Cond": "(movie_id = mk.movie_id)"}]}]}, {"Node Type": "Bitmap Heap Scan", "Parent Relationship": "Inner", "Relation Name": "company_name", "Alias": "cn", "Startup Cost": 0.26, "Total Cost": 4.28, "Plan Rows": 1, "Plan Width": 23, "Actual Startup Time": 0.039, "Actual Total Time": 0.039, "Actual Rows": 2, "Actual Loops": 3, "Recheck Cond": "(id = mc.company_id)", "Rows Removed by Index Recheck": 0, "Filter": "(((country_code)::text <> '[pl]'::text) AND (((name)::text ~~ '%Film%'::text) OR ((name)::text ~~ '%Warner%'::text)))", "Rows Removed by Filter": 1, "Exact Heap Blocks": 3, "Lossy Heap Blocks": 3, "Plans": [{"Node Type": "Bitmap Index Scan", "Parent Relationship": "Outer", "Index Name": "company_name_pkey", "Startup Cost": 0.0, "Total Cost": 0.26, "Plan Rows": 1, "Plan Width": 0, "Actual Startup Time": 0.02, "Actual Total Time": 0.02, "Actual Rows": 3, "Actual Loops": 3, "Index Cond": "(id = mc.company_id)"}]}]}, {"Node Type": "Seq Scan", "Parent Relationship": "Inner", "Relation Name": "company_type", "Alias": "ct", "Startup Cost": 0.0, "Total Cost": 1.04, "Plan Rows": 1, "Plan Width": 4, "Actual Startup Time": 0.01, "Actual Total Time": 0.01, "Actual Rows": 2, "Actual Loops": 2, "Filter": "((kind)::text = 'production companies'::text)", "Rows Removed by Filter": 0}]}, {"Node Type": "Bitmap Heap Scan", "Parent Relationship": "Inner", "Relation Name": "movie_link", "Alias": "ml", "Startup Cost": 0.29, "Total Cost": 4.35, "Plan Rows": 5, "Plan Width": 8, "Actual Startup Time": 0.031, "Actual Total Time": 0.035, "Actual Rows": 38, "Actual Loops": 2, "Recheck Cond": "(movie_id = mk.movie_id)", "Rows Removed by Index Recheck": 0, "Exact Heap Blocks": 2, "Lossy Heap Blocks": 2, "Plans": [{"Node Type": "Bitmap Index Scan", "Parent Relationship": "Outer", "Index Name": "movie_id_movie_link", "Startup Cost": 0.0, "Total Cost": 0.29, "Plan Rows": 5, "Plan Width": 0, "Actual Startup Time": 0.013, "Actual Total Time": 0.013, "Actual Rows": 38, "Actual Loops": 2, "Index Cond": "(movie_id = mk.movie_id)"}]}]}, {"Node Type": "Seq Scan", "Parent Relationship": "Inner", "Relation Name": "link_type", "Alias": "lt", "Startup Cost": 0.0, "Total Cost": 1.21, "Plan Rows": 1, "Plan Width": 16, "Actual Startup Time": 0.293, "Actual Total Time": 0.293, "Actual Rows": 0, "Actual Loops": 38, "Filter": "((link)::text ~~ '%follows%'::text)", "Rows Removed by Filter": 646}]}]}, "Triggers": [], "Planner Runtime": 115.353, "Total Runtime": 139.543, "Unique SQL Id": 4121279504}}, "(16, 7)": {"explain_plan": {"Plan": {"Node Type": "Aggregate", "Strategy": "Plain", "Startup Cost": 3451.4, "Total Cost": 3451.41, "Plan Rows": 1, "Plan Width": 144, "Plans": [{"Node Type": "Nested Loop", "Parent Relationship": "Outer", "Join Type": "Inner", "Startup Cost": 725.2, "Total Cost": 3451.4, "Plan Rows": 1, "Plan Width": 48, "Inner Unique": true, "Plans": [{"Node Type": "Nested Loop", "Parent Relationship": "Outer", "Join Type": "Inner", "Startup Cost": 724.95, "Total Cost": 3447.11, "Plan Rows": 1, "Plan Width": 40, "Inner Unique": false, "Join Filter": "(t.id = ml.movie_id)", "Plans": [{"Node Type": "Nested Loop", "Parent Relationship": "Outer", "Join Type": "Inner", "Startup Cost": 724.66, "Total Cost": 3442.7, "Plan Rows": 1, "Plan Width": 48, "Inner Unique": true, "Plans": [{"Node Type": "Nested Loop", "Parent Relationship": "Outer", "Join Type": "Inner", "Startup Cost": 724.4, "Total Cost": 3438.42, "Plan Rows": 1, "Plan Width": 52, "Inner Unique": true, "Plans": [{"Node Type": "Nested Loop", "Parent Relationship": "Outer", "Join Type": "Inner", "Startup Cost": 724.14, "Total Cost": 3434.13, "Plan Rows": 1, "Plan Width": 37, "Inner Unique": false, "Join Filter": "(t.id = mc.movie_id)", "Plans": [{"Node Type": "Nested Loop", "Parent Relationship": "Outer", "Join Type": "Inner", "Startup Cost": 723.87, "Total Cost": 3429.8, "Plan Rows": 1, "Plan Width": 25, "Inner Unique": true, "Plans": [{"Node Type": "Nested Loop", "Parent Relationship": "Outer", "Join Type": "Inner", "Startup Cost": 723.6, "Total Cost": 3288.12, "Plan Rows": 33, "Plan Width": 4, "Inner Unique": false, "Plans": [{"Node Type": "Bitmap Heap Scan", "Parent Relationship": "Outer", "Relation Name": "keyword", "Alias": "k", "Startup Cost": 719.1, "Total Cost": 3155.21, "Plan Rows": 1, "Plan Width": 4, "Filter": "((keyword)::text = 'sequel'::text)", "Plans": [{"Node Type": "Bitmap Index Scan", "Parent Relationship": "Outer", "Index Name": "keyword_pkey", "Startup Cost": 0.0, "Total Cost": 719.1, "Plan Rows": 134169, "Plan Width": 0}]}, {"Node Type": "Bitmap Heap Scan", "Parent Relationship": "Inner", "Relation Name": "movie_keyword", "Alias": "mk", "Startup Cost": 4.51, "Total Cost": 132.58, "Plan Rows": 33, "Plan Width": 8, "Recheck Cond": "(keyword_id = k.id)", "Plans": [{"Node Type": "Bitmap Index Scan", "Parent Relationship": "Outer", "Index Name": "keyword_id_movie_keyword", "Startup Cost": 0.0, "Total Cost": 4.5, "Plan Rows": 33, "Plan Width": 0, "Index Cond": "(keyword_id = k.id)"}]}]}, {"Node Type": "Bitmap Heap Scan", "Parent Relationship": "Inner", "Relation Name": "title", "Alias": "t", "Startup Cost": 0.27, "Total Cost": 4.28, "Plan Rows": 1, "Plan Width": 21, "Recheck Cond": "(id = mk.movie_id)", "Filter": "(((title)::text ~~ '%Money%'::text) AND (production_year = 1998))", "Plans": [{"Node Type": "Bitmap Index Scan", "Parent Relationship": "Outer", "Index Name": "title_pkey", "Startup Cost": 0.0, "Total Cost": 0.27, "Plan Rows": 1, "Plan Width": 0, "Index Cond": "(id = mk.movie_id)"}]}]}, {"Node Type": "Bitmap Heap Scan", "Parent Relationship": "Inner", "Relation Name": "movie_companies", "Alias": "mc", "Startup Cost": 0.27, "Total Cost": 4.3, "Plan Rows": 2, "Plan Width": 12, "Recheck Cond": "(movie_id = mk.movie_id)", "Filter": "(note IS NULL)", "Plans": [{"Node Type": "Bitmap Index Scan", "Parent Relationship": "Outer", "Index Name": "movie_id_movie_companies", "Startup Cost": 0.0, "Total Cost": 0.27, "Plan Rows": 2, "Plan Width": 0, "Index Cond": "(movie_id = mk.movie_id)"}]}]}, {"Node Type": "Bitmap Heap Scan", "Parent Relationship": "Inner", "Relation Name": "company_name", "Alias": "cn", "Startup Cost": 0.26, "Total Cost": 4.28, "Plan Rows": 1, "Plan Width": 23, "Recheck Cond": "(id = mc.company_id)", "Filter": "(((country_code)::text <> '[pl]'::text) AND (((name)::text ~~ '%Film%'::text) OR ((name)::text ~~ '%Warner%'::text)))", "Plans": [{"Node Type": "Bitmap Index Scan", "Parent Relationship": "Outer", "Index Name": "company_name_pkey", "Startup Cost": 0.0, "Total Cost": 0.26, "Plan Rows": 1, "Plan Width": 0, "Index Cond": "(id = mc.company_id)"}]}]}, {"Node Type": "Bitmap Heap Scan", "Parent Relationship": "Inner", "Relation Name": "company_type", "Alias": "ct", "Startup Cost": 0.26, "Total Cost": 4.27, "Plan Rows": 1, "Plan Width": 4, "Recheck Cond": "(id = mc.company_type_id)", "Filter": "((kind)::text = 'production companies'::text)", "Plans": [{"Node Type": "Bitmap Index Scan", "Parent Relationship": "Outer", "Index Name": "company_type_pkey", "Startup Cost": 0.0, "Total Cost": 0.26, "Plan Rows": 1, "Plan Width": 0, "Index Cond": "(id = mc.company_type_id)"}]}]}, {"Node Type": "Bitmap Heap Scan", "Parent Relationship": "Inner", "Relation Name": "movie_link", "Alias": "ml", "Startup Cost": 0.29, "Total Cost": 4.35, "Plan Rows": 5, "Plan Width": 8, "Recheck Cond": "(movie_id = mk.movie_id)", "Plans": [{"Node Type": "Bitmap Index Scan", "Parent Relationship": "Outer", "Index Name": "movie_id_movie_link", "Startup Cost": 0.0, "Total Cost": 0.29, "Plan Rows": 5, "Plan Width": 0, "Index Cond": "(movie_id = mk.movie_id)"}]}]}, {"Node Type": "Bitmap Heap Scan", "Parent Relationship": "Inner", "Relation Name": "link_type", "Alias": "lt", "Startup Cost": 0.26, "Total Cost": 4.27, "Plan Rows": 1, "Plan Width": 16, "Recheck Cond": "(id = ml.link_type_id)", "Filter": "((link)::text ~~ '%follows%'::text)", "Plans": [{"Node Type": "Bitmap Index Scan", "Parent Relationship": "Outer", "Index Name": "link_type_pkey", "Startup Cost": 0.0, "Total Cost": 0.26, "Plan Rows": 1, "Plan Width": 0, "Index Cond": "(id = ml.link_type_id)"}]}]}]}, "Unique SQL Id": 4121279504}, "explain_analyze_plan": {"Plan": {"Node Type": "Aggregate", "Strategy": "Plain", "Startup Cost": 3451.4, "Total Cost": 3451.41, "Plan Rows": 1, "Plan Width": 144, "Actual Startup Time": 152.6, "Actual Total Time": 152.601, "Actual Rows": 1, "Actual Loops": 1, "Plans": [{"Node Type": "Nested Loop", "Parent Relationship": "Outer", "Join Type": "Inner", "Startup Cost": 725.2, "Total Cost": 3451.4, "Plan Rows": 1, "Plan Width": 48, "Actual Startup Time": 152.588, "Actual Total Time": 152.588, "Actual Rows": 0, "Actual Loops": 1, "Inner Unique": true, "Plans": [{"Node Type": "Nested Loop", "Parent Relationship": "Outer", "Join Type": "Inner", "Startup Cost": 724.95, "Total Cost": 3447.11, "Plan Rows": 1, "Plan Width": 40, "Actual Startup Time": 18.148, "Actual Total Time": 152.437, "Actual Rows": 38, "Actual Loops": 1, "Inner Unique": false, "Join Filter": "(t.id = ml.movie_id)", "Rows Removed by Join Filter": 0, "Plans": [{"Node Type": "Nested Loop", "Parent Relationship": "Outer", "Join Type": "Inner", "Startup Cost": 724.66, "Total Cost": 3442.7, "Plan Rows": 1, "Plan Width": 48, "Actual Startup Time": 18.12, "Actual Total Time": 152.376, "Actual Rows": 2, "Actual Loops": 1, "Inner Unique": true, "Plans": [{"Node Type": "Nested Loop", "Parent Relationship": "Outer", "Join Type": "Inner", "Startup Cost": 724.4, "Total Cost": 3438.42, "Plan Rows": 1, "Plan Width": 52, "Actual Startup Time": 18.104, "Actual Total Time": 152.355, "Actual Rows": 2, "Actual Loops": 1, "Inner Unique": true, "Plans": [{"Node Type": "Nested Loop", "Parent Relationship": "Outer", "Join Type": "Inner", "Startup Cost": 724.14, "Total Cost": 3434.13, "Plan Rows": 1, "Plan Width": 37, "Actual Startup Time": 18.071, "Actual Total Time": 152.299, "Actual Rows": 3, "Actual Loops": 1, "Inner Unique": false, "Join Filter": "(t.id = mc.movie_id)", "Rows Removed by Join Filter": 0, "Plans": [{"Node Type": "Nested Loop", "Parent Relationship": "Outer", "Join Type": "Inner", "Startup Cost": 723.87, "Total Cost": 3429.8, "Plan Rows": 1, "Plan Width": 25, "Actual Startup Time": 18.038, "Actual Total Time": 152.263, "Actual Rows": 1, "Actual Loops": 1, "Inner Unique": true, "Plans": [{"Node Type": "Nested Loop", "Parent Relationship": "Outer", "Join Type": "Inner", "Startup Cost": 723.6, "Total Cost": 3288.12, "Plan Rows": 33, "Plan Width": 4, "Actual Startup Time": 17.628, "Actual Total Time": 80.585, "Actual Rows": 10544, "Actual Loops": 1, "Inner Unique": false, "Plans": [{"Node Type": "Bitmap Heap Scan", "Parent Relationship": "Outer", "Relation Name": "keyword", "Alias": "k", "Startup Cost": 719.1, "Total Cost": 3155.21, "Plan Rows": 1, "Plan Width": 4, "Actual Startup Time": 14.469, "Actual Total Time": 61.131, "Actual Rows": 1, "Actual Loops": 1, "Filter": "((keyword)::text = 'sequel'::text)", "Rows Removed by Filter": 134168, "Exact Heap Blocks": 759, "Lossy Heap Blocks": 759, "Plans": [{"Node Type": "Bitmap Index Scan", "Parent Relationship": "Outer", "Index Name": "keyword_pkey", "Startup Cost": 0.0, "Total Cost": 719.1, "Plan Rows": 134169, "Plan Width": 0, "Actual Startup Time": 11.259, "Actual Total Time": 11.259, "Actual Rows": 134169, "Actual Loops": 1}]}, {"Node Type": "Bitmap Heap Scan", "Parent Relationship": "Inner", "Relation Name": "movie_keyword", "Alias": "mk", "Startup Cost": 4.51, "Total Cost": 132.58, "Plan Rows": 33, "Plan Width": 8, "Actual Startup Time": 3.147, "Actual Total Time": 17.278, "Actual Rows": 10544, "Actual Loops": 1, "Recheck Cond": "(keyword_id = k.id)", "Rows Removed by Index Recheck": 0, "Exact Heap Blocks": 5090, "Lossy Heap Blocks": 5090, "Plans": [{"Node Type": "Bitmap Index Scan", "Parent Relationship": "Outer", "Index Name": "keyword_id_movie_keyword", "Startup Cost": 0.0, "Total Cost": 4.5, "Plan Rows": 33, "Plan Width": 0, "Actual Startup Time": 2.26, "Actual Total Time": 2.26, "Actual Rows": 10544, "Actual Loops": 1, "Index Cond": "(keyword_id = k.id)"}]}]}, {"Node Type": "Bitmap Heap Scan", "Parent Relationship": "Inner", "Relation Name": "title", "Alias": "t", "Startup Cost": 0.27, "Total Cost": 4.28, "Plan Rows": 1, "Plan Width": 21, "Actual Startup Time": 59.935, "Actual Total Time": 59.935, "Actual Rows": 1, "Actual Loops": 10544, "Recheck Cond": "(id = mk.movie_id)", "Rows Removed by Index Recheck": 0, "Filter": "(((title)::text ~~ '%Money%'::text) AND (production_year = 1998))", "Rows Removed by Filter": 10543, "Exact Heap Blocks": 10544, "Lossy Heap Blocks": 10544, "Plans": [{"Node Type": "Bitmap Index Scan", "Parent Relationship": "Outer", "Index Name": "title_pkey", "Startup Cost": 0.0, "Total Cost": 0.27, "Plan Rows": 1, "Plan Width": 0, "Actual Startup Time": 30.49, "Actual Total Time": 30.49, "Actual Rows": 10544, "Actual Loops": 10544, "Index Cond": "(id = mk.movie_id)"}]}]}, {"Node Type": "Bitmap Heap Scan", "Parent Relationship": "Inner", "Relation Name": "movie_companies", "Alias": "mc", "Startup Cost": 0.27, "Total Cost": 4.3, "Plan Rows": 2, "Plan Width": 12, "Actual Startup Time": 0.027, "Actual Total Time": 0.028, "Actual Rows": 3, "Actual Loops": 1, "Recheck Cond": "(movie_id = mk.movie_id)", "Rows Removed by Index Recheck": 0, "Filter": "(note IS NULL)", "Rows Removed by Filter": 1, "Exact Heap Blocks": 2, "Lossy Heap Blocks": 2, "Plans": [{"Node Type": "Bitmap Index Scan", "Parent Relationship": "Outer", "Index Name": "movie_id_movie_companies", "Startup Cost": 0.0, "Total Cost": 0.27, "Plan Rows": 2, "Plan Width": 0, "Actual Startup Time": 0.012, "Actual Total Time": 0.012, "Actual Rows": 4, "Actual Loops": 1, "Index Cond": "(movie_id = mk.movie_id)"}]}]}, {"Node Type": "Bitmap Heap Scan", "Parent Relationship": "Inner", "Relation Name": "company_name", "Alias": "cn", "Startup Cost": 0.26, "Total Cost": 4.28, "Plan Rows": 1, "Plan Width": 23, "Actual Startup Time": 0.047, "Actual Total Time": 0.047, "Actual Rows": 2, "Actual Loops": 3, "Recheck Cond": "(id = mc.company_id)", "Rows Removed by Index Recheck": 0, "Filter": "(((country_code)::text <> '[pl]'::text) AND (((name)::text ~~ '%Film%'::text) OR ((name)::text ~~ '%Warner%'::text)))", "Rows Removed by Filter": 1, "Exact Heap Blocks": 3, "Lossy Heap Blocks": 3, "Plans": [{"Node Type": "Bitmap Index Scan", "Parent Relationship": "Outer", "Index Name": "company_name_pkey", "Startup Cost": 0.0, "Total Cost": 0.26, "Plan Rows": 1, "Plan Width": 0, "Actual Startup Time": 0.02, "Actual Total Time": 0.02, "Actual Rows": 3, "Actual Loops": 3, "Index Cond": "(id = mc.company_id)"}]}]}, {"Node Type": "Bitmap Heap Scan", "Parent Relationship": "Inner", "Relation Name": "company_type", "Alias": "ct", "Startup Cost": 0.26, "Total Cost": 4.27, "Plan Rows": 1, "Plan Width": 4, "Actual Startup Time": 0.015, "Actual Total Time": 0.015, "Actual Rows": 2, "Actual Loops": 2, "Recheck Cond": "(id = mc.company_type_id)", "Rows Removed by Index Recheck": 0, "Filter": "((kind)::text = 'production companies'::text)", "Rows Removed by Filter": 0, "Exact Heap Blocks": 2, "Lossy Heap Blocks": 2, "Plans": [{"Node Type": "Bitmap Index Scan", "Parent Relationship": "Outer", "Index Name": "company_type_pkey", "Startup Cost": 0.0, "Total Cost": 0.26, "Plan Rows": 1, "Plan Width": 0, "Actual Startup Time": 0.004, "Actual Total Time": 0.004, "Actual Rows": 2, "Actual Loops": 2, "Index Cond": "(id = mc.company_type_id)"}]}]}, {"Node Type": "Bitmap Heap Scan", "Parent Relationship": "Inner", "Relation Name": "movie_link", "Alias": "ml", "Startup Cost": 0.29, "Total Cost": 4.35, "Plan Rows": 5, "Plan Width": 8, "Actual Startup Time": 0.027, "Actual Total Time": 0.031, "Actual Rows": 38, "Actual Loops": 2, "Recheck Cond": "(movie_id = mk.movie_id)", "Rows Removed by Index Recheck": 0, "Exact Heap Blocks": 2, "Lossy Heap Blocks": 2, "Plans": [{"Node Type": "Bitmap Index Scan", "Parent Relationship": "Outer", "Index Name": "movie_id_movie_link", "Startup Cost": 0.0, "Total Cost": 0.29, "Plan Rows": 5, "Plan Width": 0, "Actual Startup Time": 0.013, "Actual Total Time": 0.013, "Actual Rows": 38, "Actual Loops": 2, "Index Cond": "(movie_id = mk.movie_id)"}]}]}, {"Node Type": "Bitmap Heap Scan", "Parent Relationship": "Inner", "Relation Name": "link_type", "Alias": "lt", "Startup Cost": 0.26, "Total Cost": 4.27, "Plan Rows": 1, "Plan Width": 16, "Actual Startup Time": 0.11, "Actual Total Time": 0.11, "Actual Rows": 0, "Actual Loops": 38, "Recheck Cond": "(id = ml.link_type_id)", "Rows Removed by Index Recheck": 0, "Filter": "((link)::text ~~ '%follows%'::text)", "Rows Removed by Filter": 24, "Exact Heap Blocks": 24, "Lossy Heap Blocks": 24, "Plans": [{"Node Type": "Bitmap Index Scan", "Parent Relationship": "Outer", "Index Name": "link_type_pkey", "Startup Cost": 0.0, "Total Cost": 0.26, "Plan Rows": 1, "Plan Width": 0, "Actual Startup Time": 0.037, "Actual Total Time": 0.037, "Actual Rows": 24, "Actual Loops": 38, "Index Cond": "(id = ml.link_type_id)"}]}]}]}, "Triggers": [], "Planner Runtime": 60.8, "Total Runtime": 153.166, "Unique SQL Id": 4121279504}}, "(16, 8)": {"explain_plan": {"Plan": {"Node Type": "Aggregate", "Strategy": "Plain", "Startup Cost": 2585.63, "Total Cost": 2585.64, "Plan Rows": 1, "Plan Width": 144, "Plans": [{"Node Type": "Nested Loop", "Parent Relationship": "Outer", "Join Type": "Inner", "Startup Cost": 0.0, "Total Cost": 2585.62, "Plan Rows": 1, "Plan Width": 48, "Inner Unique": true, "Plans": [{"Node Type": "Nested Loop", "Parent Relationship": "Outer", "Join Type": "Inner", "Startup Cost": 0.0, "Total Cost": 2585.34, "Plan Rows": 1, "Plan Width": 40, "Inner Unique": false, "Join Filter": "(t.id = ml.movie_id)", "Plans": [{"Node Type": "Nested Loop", "Parent Relationship": "Outer", "Join Type": "Inner", "Startup Cost": 0.0, "Total Cost": 2584.93, "Plan Rows": 1, "Plan Width": 48, "Inner Unique": true, "Plans": [{"Node Type": "Nested Loop", "Parent Relationship": "Outer", "Join Type": "Inner", "Startup Cost": 0.0, "Total Cost": 2584.64, "Plan Rows": 1, "Plan Width": 52, "Inner Unique": true, "Plans": [{"Node Type": "Nested Loop", "Parent Relationship": "Outer", "Join Type": "Inner", "Startup Cost": 0.0, "Total Cost": 2584.35, "Plan Rows": 1, "Plan Width": 37, "Inner Unique": false, "Join Filter": "(t.id = mc.movie_id)", "Plans": [{"Node Type": "Nested Loop", "Parent Relationship": "Outer", "Join Type": "Inner", "Startup Cost": 0.0, "Total Cost": 2584.01, "Plan Rows": 1, "Plan Width": 25, "Inner Unique": true, "Plans": [{"Node Type": "Nested Loop", "Parent Relationship": "Outer", "Join Type": "Inner", "Startup Cost": 0.0, "Total Cost": 2573.32, "Plan Rows": 33, "Plan Width": 4, "Inner Unique": false, "Plans": [{"Node Type": "Seq Scan", "Parent Relationship": "Outer", "Relation Name": "keyword", "Alias": "k", "Startup Cost": 0.0, "Total Cost": 2436.11, "Plan Rows": 1, "Plan Width": 4, "Filter": "((keyword)::text = 'sequel'::text)"}, {"Node Type": "Index Scan", "Parent Relationship": "Inner", "Scan Direction": "Forward", "Index Name": "keyword_id_movie_keyword", "Relation Name": "movie_keyword", "Alias": "mk", "Startup Cost": 0.0, "Total Cost": 136.88, "Plan Rows": 33, "Plan Width": 8, "Index Cond": "(keyword_id = k.id)"}]}, {"Node Type": "Index Scan", "Parent Relationship": "Inner", "Scan Direction": "Forward", "Index Name": "title_pkey", "Relation Name": "title", "Alias": "t", "Startup Cost": 0.0, "Total Cost": 0.31, "Plan Rows": 1, "Plan Width": 21, "Index Cond": "(id = mk.movie_id)", "Filter": "(((title)::text ~~ '%Money%'::text) AND (production_year = 1998))"}]}, {"Node Type": "Index Scan", "Parent Relationship": "Inner", "Scan Direction": "Forward", "Index Name": "movie_id_movie_companies", "Relation Name": "movie_companies", "Alias": "mc", "Startup Cost": 0.0, "Total Cost": 0.31, "Plan Rows": 2, "Plan Width": 12, "Index Cond": "(movie_id = mk.movie_id)", "Filter": "(note IS NULL)"}]}, {"Node Type": "Index Scan", "Parent Relationship": "Inner", "Scan Direction": "Forward", "Index Name": "company_name_pkey", "Relation Name": "company_name", "Alias": "cn", "Startup Cost": 0.0, "Total Cost": 0.29, "Plan Rows": 1, "Plan Width": 23, "Index Cond": "(id = mc.company_id)", "Filter": "(((country_code)::text <> '[pl]'::text) AND (((name)::text ~~ '%Film%'::text) OR ((name)::text ~~ '%Warner%'::text)))"}]}, {"Node Type": "Index Scan", "Parent Relationship": "Inner", "Scan Direction": "Forward", "Index Name": "company_type_pkey", "Relation Name": "company_type", "Alias": "ct", "Startup Cost": 0.0, "Total Cost": 0.27, "Plan Rows": 1, "Plan Width": 4, "Index Cond": "(id = mc.company_type_id)", "Filter": "((kind)::text = 'production companies'::text)"}]}, {"Node Type": "Index Scan", "Parent Relationship": "Inner", "Scan Direction": "Forward", "Index Name": "movie_id_movie_link", "Relation Name": "movie_link", "Alias": "ml", "Startup Cost": 0.0, "Total Cost": 0.35, "Plan Rows": 5, "Plan Width": 8, "Index Cond": "(movie_id = mk.movie_id)"}]}, {"Node Type": "Index Scan", "Parent Relationship": "Inner", "Scan Direction": "Forward", "Index Name": "link_type_pkey", "Relation Name": "link_type", "Alias": "lt", "Startup Cost": 0.0, "Total Cost": 0.27, "Plan Rows": 1, "Plan Width": 16, "Index Cond": "(id = ml.link_type_id)", "Filter": "((link)::text ~~ '%follows%'::text)"}]}]}, "Unique SQL Id": 4121279504}, "explain_analyze_plan": {"Plan": {"Node Type": "Aggregate", "Strategy": "Plain", "Startup Cost": 2585.63, "Total Cost": 2585.64, "Plan Rows": 1, "Plan Width": 144, "Actual Startup Time": 103.307, "Actual Total Time": 103.307, "Actual Rows": 1, "Actual Loops": 1, "Plans": [{"Node Type": "Nested Loop", "Parent Relationship": "Outer", "Join Type": "Inner", "Startup Cost": 0.0, "Total Cost": 2585.62, "Plan Rows": 1, "Plan Width": 48, "Actual Startup Time": 103.297, "Actual Total Time": 103.297, "Actual Rows": 0, "Actual Loops": 1, "Inner Unique": true, "Plans": [{"Node Type": "Nested Loop", "Parent Relationship": "Outer", "Join Type": "Inner", "Startup Cost": 0.0, "Total Cost": 2585.34, "Plan Rows": 1, "Plan Width": 40, "Actual Startup Time": 2.639, "Actual Total Time": 103.212, "Actual Rows": 38, "Actual Loops": 1, "Inner Unique": false, "Join Filter": "(t.id = ml.movie_id)", "Rows Removed by Join Filter": 0, "Plans": [{"Node Type": "Nested Loop", "Parent Relationship": "Outer", "Join Type": "Inner", "Startup Cost": 0.0, "Total Cost": 2584.93, "Plan Rows": 1, "Plan Width": 48, "Actual Startup Time": 2.628, "Actual Total Time": 103.169, "Actual Rows": 2, "Actual Loops": 1, "Inner Unique": true, "Plans": [{"Node Type": "Nested Loop", "Parent Relationship": "Outer", "Join Type": "Inner", "Startup Cost": 0.0, "Total Cost": 2584.64, "Plan Rows": 1, "Plan Width": 52, "Actual Startup Time": 2.62, "Actual Total Time": 103.156, "Actual Rows": 2, "Actual Loops": 1, "Inner Unique": true, "Plans": [{"Node Type": "Nested Loop", "Parent Relationship": "Outer", "Join Type": "Inner", "Startup Cost": 0.0, "Total Cost": 2584.35, "Plan Rows": 1, "Plan Width": 37, "Actual Startup Time": 2.606, "Actual Total Time": 103.125, "Actual Rows": 3, "Actual Loops": 1, "Inner Unique": false, "Join Filter": "(t.id = mc.movie_id)", "Rows Removed by Join Filter": 0, "Plans": [{"Node Type": "Nested Loop", "Parent Relationship": "Outer", "Join Type": "Inner", "Startup Cost": 0.0, "Total Cost": 2584.01, "Plan Rows": 1, "Plan Width": 25, "Actual Startup Time": 2.585, "Actual Total Time": 103.101, "Actual Rows": 1, "Actual Loops": 1, "Inner Unique": true, "Plans": [{"Node Type": "Nested Loop", "Parent Relationship": "Outer", "Join Type": "Inner", "Startup Cost": 0.0, "Total Cost": 2573.32, "Plan Rows": 33, "Plan Width": 4, "Actual Startup Time": 2.346, "Actual Total Time": 53.642, "Actual Rows": 10544, "Actual Loops": 1, "Inner Unique": false, "Plans": [{"Node Type": "Seq Scan", "Parent Relationship": "Outer", "Relation Name": "keyword", "Alias": "k", "Startup Cost": 0.0, "Total Cost": 2436.11, "Plan Rows": 1, "Plan Width": 4, "Actual Startup Time": 2.306, "Actual Total Time": 40.515, "Actual Rows": 1, "Actual Loops": 1, "Filter": "((keyword)::text = 'sequel'::text)", "Rows Removed by Filter": 134168}, {"Node Type": "Index Scan", "Parent Relationship": "Inner", "Scan Direction": "Forward", "Index Name": "keyword_id_movie_keyword", "Relation Name": "movie_keyword", "Alias": "mk", "Startup Cost": 0.0, "Total Cost": 136.88, "Plan Rows": 33, "Plan Width": 8, "Actual Startup Time": 0.034, "Actual Total Time": 10.877, "Actual Rows": 10544, "Actual Loops": 1, "Index Cond": "(keyword_id = k.id)", "Rows Removed by Index Recheck": 0}]}, {"Node Type": "Index Scan", "Parent Relationship": "Inner", "Scan Direction": "Forward", "Index Name": "title_pkey", "Relation Name": "title", "Alias": "t", "Startup Cost": 0.0, "Total Cost": 0.31, "Plan Rows": 1, "Plan Width": 21, "Actual Startup Time": 44.242, "Actual Total Time": 44.242, "Actual Rows": 1, "Actual Loops": 10544, "Index Cond": "(id = mk.movie_id)", "Rows Removed by Index Recheck": 0, "Filter": "(((title)::text ~~ '%Money%'::text) AND (production_year = 1998))", "Rows Removed by Filter": 10543}]}, {"Node Type": "Index Scan", "Parent Relationship": "Inner", "Scan Direction": "Forward", "Index Name": "movie_id_movie_companies", "Relation Name": "movie_companies", "Alias": "mc", "Startup Cost": 0.0, "Total Cost": 0.31, "Plan Rows": 2, "Plan Width": 12, "Actual Startup Time": 0.011, "Actual Total Time": 0.013, "Actual Rows": 3, "Actual Loops": 1, "Index Cond": "(movie_id = mk.movie_id)", "Rows Removed by Index Recheck": 0, "Filter": "(note IS NULL)", "Rows Removed by Filter": 1}]}, {"Node Type": "Index Scan", "Parent Relationship": "Inner", "Scan Direction": "Forward", "Index Name": "company_name_pkey", "Relation Name": "company_name", "Alias": "cn", "Startup Cost": 0.0, "Total Cost": 0.29, "Plan Rows": 1, "Plan Width": 23, "Actual Startup Time": 0.026, "Actual Total Time": 0.026, "Actual Rows": 2, "Actual Loops": 3, "Index Cond": "(id = mc.company_id)", "Rows Removed by Index Recheck": 0, "Filter": "(((country_code)::text <> '[pl]'::text) AND (((name)::text ~~ '%Film%'::text) OR ((name)::text ~~ '%Warner%'::text)))", "Rows Removed by Filter": 1}]}, {"Node Type": "Index Scan", "Parent Relationship": "Inner", "Scan Direction": "Forward", "Index Name": "company_type_pkey", "Relation Name": "company_type", "Alias": "ct", "Startup Cost": 0.0, "Total Cost": 0.27, "Plan Rows": 1, "Plan Width": 4, "Actual Startup Time": 0.008, "Actual Total Time": 0.008, "Actual Rows": 2, "Actual Loops": 2, "Index Cond": "(id = mc.company_type_id)", "Rows Removed by Index Recheck": 0, "Filter": "((kind)::text = 'production companies'::text)", "Rows Removed by Filter": 0}]}, {"Node Type": "Index Scan", "Parent Relationship": "Inner", "Scan Direction": "Forward", "Index Name": "movie_id_movie_link", "Relation Name": "movie_link", "Alias": "ml", "Startup Cost": 0.0, "Total Cost": 0.35, "Plan Rows": 5, "Plan Width": 8, "Actual Startup Time": 0.012, "Actual Total Time": 0.025, "Actual Rows": 38, "Actual Loops": 2, "Index Cond": "(movie_id = mk.movie_id)", "Rows Removed by Index Recheck": 0}]}, {"Node Type": "Index Scan", "Parent Relationship": "Inner", "Scan Direction": "Forward", "Index Name": "link_type_pkey", "Relation Name": "link_type", "Alias": "lt", "Startup Cost": 0.0, "Total Cost": 0.27, "Plan Rows": 1, "Plan Width": 16, "Actual Startup Time": 0.065, "Actual Total Time": 0.065, "Actual Rows": 0, "Actual Loops": 38, "Index Cond": "(id = ml.link_type_id)", "Rows Removed by Index Recheck": 0, "Filter": "((link)::text ~~ '%follows%'::text)", "Rows Removed by Filter": 24}]}]}, "Triggers": [], "Planner Runtime": 83.831, "Total Runtime": 103.68, "Unique SQL Id": 4121279504}}, "(16, 9)": {"explain_plan": {"Plan": {"Node Type": "Aggregate", "Strategy": "Plain", "Startup Cost": 3332.23, "Total Cost": 3332.24, "Plan Rows": 1, "Plan Width": 144, "Plans": [{"Node Type": "Nested Loop", "Parent Relationship": "Outer", "Join Type": "Inner", "Startup Cost": 0.0, "Total Cost": 3332.23, "Plan Rows": 1, "Plan Width": 48, "Inner Unique": true, "Plans": [{"Node Type": "Nested Loop", "Parent Relationship": "Outer", "Join Type": "Inner", "Startup Cost": 0.0, "Total Cost": 3331.94, "Plan Rows": 1, "Plan Width": 40, "Inner Unique": false, "Join Filter": "(t.id = ml.movie_id)", "Plans": [{"Node Type": "Nested Loop", "Parent Relationship": "Outer", "Join Type": "Inner", "Startup Cost": 0.0, "Total Cost": 3331.53, "Plan Rows": 1, "Plan Width": 48, "Inner Unique": true, "Plans": [{"Node Type": "Nested Loop", "Parent Relationship": "Outer", "Join Type": "Inner", "Startup Cost": 0.0, "Total Cost": 3331.25, "Plan Rows": 1, "Plan Width": 52, "Inner Unique": true, "Plans": [{"Node Type": "Nested Loop", "Parent Relationship": "Outer", "Join Type": "Inner", "Startup Cost": 0.0, "Total Cost": 3330.95, "Plan Rows": 1, "Plan Width": 37, "Inner Unique": false, "Join Filter": "(t.id = mc.movie_id)", "Plans": [{"Node Type": "Nested Loop", "Parent Relationship": "Outer", "Join Type": "Inner", "Startup Cost": 0.0, "Total Cost": 3330.61, "Plan Rows": 1, "Plan Width": 25, "Inner Unique": true, "Plans": [{"Node Type": "Nested Loop", "Parent Relationship": "Outer", "Join Type": "Inner", "Startup Cost": 0.0, "Total Cost": 3319.92, "Plan Rows": 33, "Plan Width": 4, "Inner Unique": false, "Plans": [{"Node Type": "Index Scan", "Parent Relationship": "Outer", "Scan Direction": "Forward", "Index Name": "keyword_pkey", "Relation Name": "keyword", "Alias": "k", "Startup Cost": 0.0, "Total Cost": 3182.72, "Plan Rows": 1, "Plan Width": 4, "Filter": "((keyword)::text = 'sequel'::text)"}, {"Node Type": "Index Scan", "Parent Relationship": "Inner", "Scan Direction": "Forward", "Index Name": "keyword_id_movie_keyword", "Relation Name": "movie_keyword", "Alias": "mk", "Startup Cost": 0.0, "Total Cost": 136.88, "Plan Rows": 33, "Plan Width": 8, "Index Cond": "(keyword_id = k.id)"}]}, {"Node Type": "Index Scan", "Parent Relationship": "Inner", "Scan Direction": "Forward", "Index Name": "title_pkey", "Relation Name": "title", "Alias": "t", "Startup Cost": 0.0, "Total Cost": 0.31, "Plan Rows": 1, "Plan Width": 21, "Index Cond": "(id = mk.movie_id)", "Filter": "(((title)::text ~~ '%Money%'::text) AND (production_year = 1998))"}]}, {"Node Type": "Index Scan", "Parent Relationship": "Inner", "Scan Direction": "Forward", "Index Name": "movie_id_movie_companies", "Relation Name": "movie_companies", "Alias": "mc", "Startup Cost": 0.0, "Total Cost": 0.31, "Plan Rows": 2, "Plan Width": 12, "Index Cond": "(movie_id = mk.movie_id)", "Filter": "(note IS NULL)"}]}, {"Node Type": "Index Scan", "Parent Relationship": "Inner", "Scan Direction": "Forward", "Index Name": "company_name_pkey", "Relation Name": "company_name", "Alias": "cn", "Startup Cost": 0.0, "Total Cost": 0.29, "Plan Rows": 1, "Plan Width": 23, "Index Cond": "(id = mc.company_id)", "Filter": "(((country_code)::text <> '[pl]'::text) AND (((name)::text ~~ '%Film%'::text) OR ((name)::text ~~ '%Warner%'::text)))"}]}, {"Node Type": "Index Scan", "Parent Relationship": "Inner", "Scan Direction": "Forward", "Index Name": "company_type_pkey", "Relation Name": "company_type", "Alias": "ct", "Startup Cost": 0.0, "Total Cost": 0.27, "Plan Rows": 1, "Plan Width": 4, "Index Cond": "(id = mc.company_type_id)", "Filter": "((kind)::text = 'production companies'::text)"}]}, {"Node Type": "Index Scan", "Parent Relationship": "Inner", "Scan Direction": "Forward", "Index Name": "movie_id_movie_link", "Relation Name": "movie_link", "Alias": "ml", "Startup Cost": 0.0, "Total Cost": 0.35, "Plan Rows": 5, "Plan Width": 8, "Index Cond": "(movie_id = mk.movie_id)"}]}, {"Node Type": "Index Scan", "Parent Relationship": "Inner", "Scan Direction": "Forward", "Index Name": "link_type_pkey", "Relation Name": "link_type", "Alias": "lt", "Startup Cost": 0.0, "Total Cost": 0.27, "Plan Rows": 1, "Plan Width": 16, "Index Cond": "(id = ml.link_type_id)", "Filter": "((link)::text ~~ '%follows%'::text)"}]}]}, "Unique SQL Id": 4121279504}, "explain_analyze_plan": {"Plan": {"Node Type": "Aggregate", "Strategy": "Plain", "Startup Cost": 3332.23, "Total Cost": 3332.24, "Plan Rows": 1, "Plan Width": 144, "Actual Startup Time": 178.629, "Actual Total Time": 178.63, "Actual Rows": 1, "Actual Loops": 1, "Plans": [{"Node Type": "Nested Loop", "Parent Relationship": "Outer", "Join Type": "Inner", "Startup Cost": 0.0, "Total Cost": 3332.23, "Plan Rows": 1, "Plan Width": 48, "Actual Startup Time": 178.619, "Actual Total Time": 178.619, "Actual Rows": 0, "Actual Loops": 1, "Inner Unique": true, "Plans": [{"Node Type": "Nested Loop", "Parent Relationship": "Outer", "Join Type": "Inner", "Startup Cost": 0.0, "Total Cost": 3331.94, "Plan Rows": 1, "Plan Width": 40, "Actual Startup Time": 0.759, "Actual Total Time": 178.535, "Actual Rows": 38, "Actual Loops": 1, "Inner Unique": false, "Join Filter": "(t.id = ml.movie_id)", "Rows Removed by Join Filter": 0, "Plans": [{"Node Type": "Nested Loop", "Parent Relationship": "Outer", "Join Type": "Inner", "Startup Cost": 0.0, "Total Cost": 3331.53, "Plan Rows": 1, "Plan Width": 48, "Actual Startup Time": 0.75, "Actual Total Time": 178.493, "Actual Rows": 2, "Actual Loops": 1, "Inner Unique": true, "Plans": [{"Node Type": "Nested Loop", "Parent Relationship": "Outer", "Join Type": "Inner", "Startup Cost": 0.0, "Total Cost": 3331.25, "Plan Rows": 1, "Plan Width": 52, "Actual Startup Time": 0.743, "Actual Total Time": 178.481, "Actual Rows": 2, "Actual Loops": 1, "Inner Unique": true, "Plans": [{"Node Type": "Nested Loop", "Parent Relationship": "Outer", "Join Type": "Inner", "Startup Cost": 0.0, "Total Cost": 3330.95, "Plan Rows": 1, "Plan Width": 37, "Actual Startup Time": 0.723, "Actual Total Time": 178.447, "Actual Rows": 3, "Actual Loops": 1, "Inner Unique": false, "Join Filter": "(t.id = mc.movie_id)", "Rows Removed by Join Filter": 0, "Plans": [{"Node Type": "Nested Loop", "Parent Relationship": "Outer", "Join Type": "Inner", "Startup Cost": 0.0, "Total Cost": 3330.61, "Plan Rows": 1, "Plan Width": 25, "Actual Startup Time": 0.709, "Actual Total Time": 178.428, "Actual Rows": 1, "Actual Loops": 1, "Inner Unique": true, "Plans": [{"Node Type": "Nested Loop", "Parent Relationship": "Outer", "Join Type": "Inner", "Startup Cost": 0.0, "Total Cost": 3319.92, "Plan Rows": 33, "Plan Width": 4, "Actual Startup Time": 0.479, "Actual Total Time": 127.522, "Actual Rows": 10544, "Actual Loops": 1, "Inner Unique": false, "Plans": [{"Node Type": "Index Scan", "Parent Relationship": "Outer", "Scan Direction": "Forward", "Index Name": "keyword_pkey", "Relation Name": "keyword", "Alias": "k", "Startup Cost": 0.0, "Total Cost": 3182.72, "Plan Rows": 1, "Plan Width": 4, "Actual Startup Time": 0.446, "Actual Total Time": 114.274, "Actual Rows": 1, "Actual Loops": 1, "Filter": "((keyword)::text = 'sequel'::text)", "Rows Removed by Filter": 134168}, {"Node Type": "Index Scan", "Parent Relationship": "Inner", "Scan Direction": "Forward", "Index Name": "keyword_id_movie_keyword", "Relation Name": "movie_keyword", "Alias": "mk", "Startup Cost": 0.0, "Total Cost": 136.88, "Plan Rows": 33, "Plan Width": 8, "Actual Startup Time": 0.026, "Actual Total Time": 10.894, "Actual Rows": 10544, "Actual Loops": 1, "Index Cond": "(keyword_id = k.id)", "Rows Removed by Index Recheck": 0}]}, {"Node Type": "Index Scan", "Parent Relationship": "Inner", "Scan Direction": "Forward", "Index Name": "title_pkey", "Relation Name": "title", "Alias": "t", "Startup Cost": 0.0, "Total Cost": 0.31, "Plan Rows": 1, "Plan Width": 21, "Actual Startup Time": 45.684, "Actual Total Time": 45.684, "Actual Rows": 1, "Actual Loops": 10544, "Index Cond": "(id = mk.movie_id)", "Rows Removed by Index Recheck": 0, "Filter": "(((title)::text ~~ '%Money%'::text) AND (production_year = 1998))", "Rows Removed by Filter": 10543}]}, {"Node Type": "Index Scan", "Parent Relationship": "Inner", "Scan Direction": "Forward", "Index Name": "movie_id_movie_companies", "Relation Name": "movie_companies", "Alias": "mc", "Startup Cost": 0.0, "Total Cost": 0.31, "Plan Rows": 2, "Plan Width": 12, "Actual Startup Time": 0.011, "Actual Total Time": 0.012, "Actual Rows": 3, "Actual Loops": 1, "Index Cond": "(movie_id = mk.movie_id)", "Rows Removed by Index Recheck": 0, "Filter": "(note IS NULL)", "Rows Removed by Filter": 1}]}, {"Node Type": "Index Scan", "Parent Relationship": "Inner", "Scan Direction": "Forward", "Index Name": "company_name_pkey", "Relation Name": "company_name", "Alias": "cn", "Startup Cost": 0.0, "Total Cost": 0.29, "Plan Rows": 1, "Plan Width": 23, "Actual Startup Time": 0.031, "Actual Total Time": 0.031, "Actual Rows": 2, "Actual Loops": 3, "Index Cond": "(id = mc.company_id)", "Rows Removed by Index Recheck": 0, "Filter": "(((country_code)::text <> '[pl]'::text) AND (((name)::text ~~ '%Film%'::text) OR ((name)::text ~~ '%Warner%'::text)))", "Rows Removed by Filter": 1}]}, {"Node Type": "Index Scan", "Parent Relationship": "Inner", "Scan Direction": "Forward", "Index Name": "company_type_pkey", "Relation Name": "company_type", "Alias": "ct", "Startup Cost": 0.0, "Total Cost": 0.27, "Plan Rows": 1, "Plan Width": 4, "Actual Startup Time": 0.007, "Actual Total Time": 0.007, "Actual Rows": 2, "Actual Loops": 2, "Index Cond": "(id = mc.company_type_id)", "Rows Removed by Index Recheck": 0, "Filter": "((kind)::text = 'production companies'::text)", "Rows Removed by Filter": 0}]}, {"Node Type": "Index Scan", "Parent Relationship": "Inner", "Scan Direction": "Forward", "Index Name": "movie_id_movie_link", "Relation Name": "movie_link", "Alias": "ml", "Startup Cost": 0.0, "Total Cost": 0.35, "Plan Rows": 5, "Plan Width": 8, "Actual Startup Time": 0.011, "Actual Total Time": 0.023, "Actual Rows": 38, "Actual Loops": 2, "Index Cond": "(movie_id = mk.movie_id)", "Rows Removed by Index Recheck": 0}]}, {"Node Type": "Index Scan", "Parent Relationship": "Inner", "Scan Direction": "Forward", "Index Name": "link_type_pkey", "Relation Name": "link_type", "Alias": "lt", "Startup Cost": 0.0, "Total Cost": 0.27, "Plan Rows": 1, "Plan Width": 16, "Actual Startup Time": 0.062, "Actual Total Time": 0.062, "Actual Rows": 0, "Actual Loops": 38, "Index Cond": "(id = ml.link_type_id)", "Rows Removed by Index Recheck": 0, "Filter": "((link)::text ~~ '%follows%'::text)", "Rows Removed by Filter": 24}]}]}, "Triggers": [], "Planner Runtime": 72.754, "Total Runtime": 179.024, "Unique SQL Id": 4121279504}}, "(16, 10)": {"explain_plan": {"Plan": {"Node Type": "Aggregate", "Strategy": "Plain", "Startup Cost": 97758.44, "Total Cost": 97758.45, "Plan Rows": 1, "Plan Width": 144, "Plans": [{"Node Type": "Nested Loop", "Parent Relationship": "Outer", "Join Type": "Inner", "Startup Cost": 60329.07, "Total Cost": 97758.43, "Plan Rows": 1, "Plan Width": 48, "Inner Unique": false, "Join Filter": "(t.id = ml.movie_id)", "Plans": [{"Node Type": "Hash Join", "Parent Relationship": "Outer", "Join Type": "Inner", "Startup Cost": 17986.02, "Total Cost": 37599.91, "Plan Rows": 10, "Plan Width": 20, "Inner Unique": false, "Hash Cond": "(mk.movie_id = ml.movie_id)", "Plans": [{"Node Type": "Streaming(type: LOCAL GATHER dop: 1/16)", "Parent Relationship": "Outer", "Startup Cost": 17436.47, "Total Cost": 37048.41, "Plan Rows": 33, "Plan Width": 4, "Plans": [{"Node Type": "Hash Join", "Parent Relationship": "Outer", "Join Type": "Inner", "Startup Cost": 17436.47, "Total Cost": 37047.7, "Plan Rows": 33, "Plan Width": 4, "Inner Unique": true, "Hash Cond": "(mk.keyword_id = k.id)", "Plans": [{"Node Type": "Seq Scan", "Parent Relationship": "Outer", "Relation Name": "movie_keyword", "Alias": "mk", "Startup Cost": 0.0, "Total Cost": 18902.58, "Plan Rows": 4523929, "Plan Width": 8}, {"Node Type": "Hash", "Parent Relationship": "Inner", "Startup Cost": 17436.46, "Total Cost": 17436.46, "Plan Rows": 16, "Plan Width": 4, "Plans": [{"Node Type": "Streaming(type: BROADCAST dop: 16/1)", "Parent Relationship": "Outer", "Startup Cost": 0.0, "Total Cost": 17436.46, "Plan Rows": 16, "Plan Width": 4, "Plans": [{"Node Type": "Seq Scan", "Parent Relationship": "Outer", "Relation Name": "keyword", "Alias": "k", "Startup Cost": 0.0, "Total Cost": 2436.11, "Plan Rows": 1, "Plan Width": 4, "Filter": "((keyword)::text = 'sequel'::text)"}]}]}]}]}, {"Node Type": "Hash", "Parent Relationship": "Inner", "Startup Cost": 526.11, "Total Cost": 526.11, "Plan Rows": 1875, "Plan Width": 16, "Plans": [{"Node Type": "Hash Join", "Parent Relationship": "Outer", "Join Type": "Inner", "Startup Cost": 1.22, "Total Cost": 526.11, "Plan Rows": 1875, "Plan Width": 16, "Inner Unique": true, "Hash Cond": "(ml.link_type_id = lt.id)", "Plans": [{"Node Type": "Seq Scan", "Parent Relationship": "Outer", "Relation Name": "movie_link", "Alias": "ml", "Startup Cost": 0.0, "Total Cost": 430.96, "Plan Rows": 29996, "Plan Width": 8}, {"Node Type": "Hash", "Parent Relationship": "Inner", "Startup Cost": 1.21, "Total Cost": 1.21, "Plan Rows": 1, "Plan Width": 16, "Plans": [{"Node Type": "Seq Scan", "Parent Relationship": "Outer", "Relation Name": "link_type", "Alias": "lt", "Startup Cost": 0.0, "Total Cost": 1.21, "Plan Rows": 1, "Plan Width": 16, "Filter": "((link)::text ~~ '%follows%'::text)"}]}]}]}]}, {"Node Type": "Materialize", "Parent Relationship": "Inner", "Startup Cost": 42343.05, "Total Cost": 60158.22, "Plan Rows": 2, "Plan Width": 44, "Plans": [{"Node Type": "Nested Loop", "Parent Relationship": "Outer", "Join Type": "Inner", "Startup Cost": 42343.05, "Total Cost": 60158.21, "Plan Rows": 2, "Plan Width": 44, "Inner Unique": false, "Join Filter": "(mc.company_type_id = ct.id)", "Plans": [{"Node Type": "Seq Scan", "Parent Relationship": "Outer", "Relation Name": "company_type", "Alias": "ct", "Startup Cost": 0.0, "Total Cost": 1.04, "Plan Rows": 1, "Plan Width": 4, "Filter": "((kind)::text = 'production companies'::text)"}, {"Node Type": "Materialize", "Parent Relationship": "Inner", "Startup Cost": 42343.05, "Total Cost": 60157.15, "Plan Rows": 2, "Plan Width": 48, "Plans": [{"Node Type": "Hash Join", "Parent Relationship": "Outer", "Join Type": "Inner", "Startup Cost": 42343.05, "Total Cost": 60157.15, "Plan Rows": 2, "Plan Width": 48, "Inner Unique": true, "Hash Cond": "(mc.company_id = cn.id)", "Plans": [{"Node Type": "Streaming(type: LOCAL GATHER dop: 1/16)", "Parent Relationship": "Outer", "Startup Cost": 34544.63, "Total Cost": 52358.69, "Plan Rows": 6, "Plan Width": 33, "Plans": [{"Node Type": "Hash Join", "Parent Relationship": "Outer", "Join Type": "Inner", "Startup Cost": 34544.63, "Total Cost": 52358.56, "Plan Rows": 6, "Plan Width": 33, "Inner Unique": true, "Hash Cond": "(mc.movie_id = t.id)", "Plans": [{"Node Type": "Seq Scan", "Parent Relationship": "Outer", "Relation Name": "movie_companies", "Alias": "mc", "Startup Cost": 0.0, "Total Cost": 17613.58, "Plan Rows": 1269486, "Plan Width": 12, "Filter": "(note IS NULL), (LLVM Optimized)"}, {"Node Type": "Hash", "Parent Relationship": "Inner", "Startup Cost": 34544.58, "Total Cost": 34544.58, "Plan Rows": 64, "Plan Width": 21, "Plans": [{"Node Type": "Streaming(type: BROADCAST dop: 16/16)", "Parent Relationship": "Outer", "Startup Cost": 0.0, "Total Cost": 34544.58, "Plan Rows": 64, "Plan Width": 21, "Plans": [{"Node Type": "Seq Scan", "Parent Relationship": "Outer", "Relation Name": "title", "Alias": "t", "Startup Cost": 0.0, "Total Cost": 19544.42, "Plan Rows": 4, "Plan Width": 21, "Filter": "(((title)::text ~~ '%Money%'::text) AND (production_year = 1998))"}]}]}]}]}, {"Node Type": "Hash", "Parent Relationship": "Inner", "Startup Cost": 7078.43, "Total Cost": 7078.43, "Plan Rows": 57599, "Plan Width": 23, "Plans": [{"Node Type": "Seq Scan", "Parent Relationship": "Outer", "Relation Name": "company_name", "Alias": "cn", "Startup Cost": 0.0, "Total Cost": 7078.43, "Plan Rows": 57599, "Plan Width": 23, "Filter": "(((country_code)::text <> '[pl]'::text) AND (((name)::text ~~ '%Film%'::text) OR ((name)::text ~~ '%Warner%'::text)))"}]}]}]}]}]}]}]}, "Unique SQL Id": 4121279504}, "explain_analyze_plan": {"Plan": {"Node Type": "Aggregate", "Strategy": "Plain", "Startup Cost": 97758.44, "Total Cost": 97758.45, "Plan Rows": 1, "Plan Width": 144, "Actual Min Startup Time": 199.043, "Actual Max Startup Time": 199.043, "Actual Min Total Time": 199.044, "Actual Max Total Time": 199.044, "Actual Total Rows": 1, "Plans": [{"Node Type": "Nested Loop", "Parent Relationship": "Outer", "Join Type": "Inner", "Startup Cost": 60329.07, "Total Cost": 97758.43, "Plan Rows": 1, "Plan Width": 48, "Actual Min Startup Time": 199.032, "Actual Max Startup Time": 199.032, "Actual Min Total Time": 199.032, "Actual Max Total Time": 199.032, "Actual Total Rows": 0, "Inner Unique": false, "Join Filter": "(t.id = ml.movie_id)", "Rows Removed by Join Filter": 0, "Plans": [{"Node Type": "Hash Join", "Parent Relationship": "Outer", "Join Type": "Inner", "Startup Cost": 17986.02, "Total Cost": 37599.91, "Plan Rows": 10, "Plan Width": 20, "Actual Min Startup Time": 0.231, "Actual Max Startup Time": 0.231, "Actual Min Total Time": 0.231, "Actual Max Total Time": 0.231, "Actual Total Rows": 0, "Inner Unique": false, "Hash Cond": "(mk.movie_id = ml.movie_id)", "Plans": [{"Node Type": "Streaming(type: LOCAL GATHER dop: 1/16)", "Parent Relationship": "Outer", "Startup Cost": 17436.47, "Total Cost": 37048.41, "Plan Rows": 33, "Plan Width": 4, "Actual Startup Time": 0.0, "Actual Total Time": 0.0, "Plans": [{"Node Type": "Hash Join", "Parent Relationship": "Outer", "Join Type": "Inner", "Startup Cost": 17436.47, "Total Cost": 37047.7, "Plan Rows": 33, "Plan Width": 4, "Actual Min Startup Time": 38.145, "Actual Max Startup Time": 66.355, "Actual Min Total Time": 60.582, "Actual Max Total Time": 87.435, "Actual Total Rows": 1616, "Inner Unique": true, "Hash Cond": "(mk.keyword_id = k.id)", "Plans": [{"Node Type": "Seq Scan", "Parent Relationship": "Outer", "Relation Name": "movie_keyword", "Alias": "mk", "Startup Cost": 0.0, "Total Cost": 18902.58, "Plan Rows": 4523929, "Plan Width": 8, "Actual Min Startup Time": 0.053, "Actual Max Startup Time": 0.074, "Actual Min Total Time": 12.735, "Actual Max Total Time": 22.415, "Actual Total Rows": 1306253}, {"Node Type": "Hash", "Parent Relationship": "Inner", "Startup Cost": 17436.46, "Total Cost": 17436.46, "Plan Rows": 16, "Plan Width": 4, "Actual Min Startup Time": 37.343, "Actual Max Startup Time": 55.067, "Actual Min Total Time": 37.343, "Actual Max Total Time": 55.067, "Actual Total Rows": 16, "Max Hash Buckets": 32768, "Min Hash Buckets": 32768, "Max Hash Batches": 1, "Min Hash Batches": 1, "Max Original Hash Batches": 1, "Min Original Hash Batches": 1, "Max Peak Memory Usage": 1, "min Peak Memory Usage": 1, "Plans": [{"Node Type": "Streaming(type: BROADCAST dop: 16/1)", "Parent Relationship": "Outer", "Startup Cost": 0.0, "Total Cost": 17436.46, "Plan Rows": 16, "Plan Width": 4, "Actual Min Startup Time": 37.331, "Actual Max Startup Time": 55.052, "Actual Min Total Time": 37.331, "Actual Max Total Time": 55.053, "Actual Total Rows": 16, "Plans": [{"Node Type": "Seq Scan", "Parent Relationship": "Outer", "Relation Name": "keyword", "Alias": "k", "Startup Cost": 0.0, "Total Cost": 2436.11, "Plan Rows": 1, "Plan Width": 4, "Actual Min Startup Time": 2.474, "Actual Max Startup Time": 2.474, "Actual Min Total Time": 41.397, "Actual Max Total Time": 41.397, "Actual Total Rows": 1, "Filter": "((keyword)::text = 'sequel'::text)", "Rows Removed by Filter": 134168}]}]}]}]}, {"Node Type": "Hash", "Parent Relationship": "Inner", "Startup Cost": 526.11, "Total Cost": 526.11, "Plan Rows": 1875, "Plan Width": 16, "Actual Min Startup Time": 0.1, "Actual Max Startup Time": 0.1, "Actual Min Total Time": 0.1, "Actual Max Total Time": 0.1, "Actual Total Rows": 0, "Max Hash Buckets": 32768, "Min Hash Buckets": 32768, "Max Hash Batches": 1, "Min Hash Batches": 1, "Max Original Hash Batches": 1, "Min Original Hash Batches": 1, "Max Peak Memory Usage": 0, "min Peak Memory Usage": 0, "Plans": [{"Node Type": "Hash Join", "Parent Relationship": "Outer", "Join Type": "Inner", "Startup Cost": 1.22, "Total Cost": 526.11, "Plan Rows": 1875, "Plan Width": 16, "Actual Min Startup Time": 0.099, "Actual Max Startup Time": 0.099, "Actual Min Total Time": 0.099, "Actual Max Total Time": 0.099, "Actual Total Rows": 0, "Inner Unique": true, "Hash Cond": "(ml.link_type_id = lt.id)", "Plans": [{"Node Type": "Seq Scan", "Parent Relationship": "Outer", "Relation Name": "movie_link", "Alias": "ml", "Startup Cost": 0.0, "Total Cost": 430.96, "Plan Rows": 29996, "Plan Width": 8, "Actual Min Startup Time": 0.042, "Actual Max Startup Time": 0.042, "Actual Min Total Time": 0.042, "Actual Max Total Time": 0.042, "Actual Total Rows": 1}, {"Node Type": "Hash", "Parent Relationship": "Inner", "Startup Cost": 1.21, "Total Cost": 1.21, "Plan Rows": 1, "Plan Width": 16, "Actual Min Startup Time": 0.026, "Actual Max Startup Time": 0.026, "Actual Min Total Time": 0.026, "Actual Max Total Time": 0.026, "Actual Total Rows": 0, "Max Hash Buckets": 32768, "Min Hash Buckets": 32768, "Max Hash Batches": 1, "Min Hash Batches": 1, "Max Original Hash Batches": 1, "Min Original Hash Batches": 1, "Max Peak Memory Usage": 0, "min Peak Memory Usage": 0, "Plans": [{"Node Type": "Seq Scan", "Parent Relationship": "Outer", "Relation Name": "link_type", "Alias": "lt", "Startup Cost": 0.0, "Total Cost": 1.21, "Plan Rows": 1, "Plan Width": 16, "Actual Min Startup Time": 0.025, "Actual Max Startup Time": 0.025, "Actual Min Total Time": 0.025, "Actual Max Total Time": 0.025, "Actual Total Rows": 0, "Filter": "((link)::text ~~ '%follows%'::text)", "Rows Removed by Filter": 17}]}]}]}]}, {"Node Type": "Materialize", "Parent Relationship": "Inner", "Startup Cost": 42343.05, "Total Cost": 60158.22, "Plan Rows": 2, "Plan Width": 44, "Actual Min Startup Time": 198.774, "Actual Max Startup Time": 198.774, "Actual Min Total Time": 198.774, "Actual Max Total Time": 198.774, "Actual Total Rows": 1, "Plans": [{"Node Type": "Nested Loop", "Parent Relationship": "Outer", "Join Type": "Inner", "Startup Cost": 42343.05, "Total Cost": 60158.21, "Plan Rows": 2, "Plan Width": 44, "Actual Min Startup Time": 198.759, "Actual Max Startup Time": 198.759, "Actual Min Total Time": 198.762, "Actual Max Total Time": 198.762, "Actual Total Rows": 5, "Inner Unique": false, "Join Filter": "(mc.company_type_id = ct.id)", "Rows Removed by Join Filter": 0, "Plans": [{"Node Type": "Seq Scan", "Parent Relationship": "Outer", "Relation Name": "company_type", "Alias": "ct", "Startup Cost": 0.0, "Total Cost": 1.04, "Plan Rows": 1, "Plan Width": 4, "Actual Min Startup Time": 0.017, "Actual Max Startup Time": 0.017, "Actual Min Total Time": 0.018, "Actual Max Total Time": 0.018, "Actual Total Rows": 1, "Filter": "((kind)::text = 'production companies'::text)", "Rows Removed by Filter": 2}, {"Node Type": "Materialize", "Parent Relationship": "Inner", "Startup Cost": 42343.05, "Total Cost": 60157.15, "Plan Rows": 2, "Plan Width": 48, "Actual Min Startup Time": 198.601, "Actual Max Startup Time": 198.601, "Actual Min Total Time": 198.601, "Actual Max Total Time": 198.601, "Actual Total Rows": 6, "Plans": [{"Node Type": "Hash Join", "Parent Relationship": "Outer", "Join Type": "Inner", "Startup Cost": 42343.05, "Total Cost": 60157.15, "Plan Rows": 2, "Plan Width": 48, "Actual Min Startup Time": 195.891, "Actual Max Startup Time": 195.891, "Actual Min Total Time": 198.587, "Actual Max Total Time": 198.587, "Actual Total Rows": 5, "Inner Unique": true, "Hash Cond": "(mc.company_id = cn.id)", "Plans": [{"Node Type": "Streaming(type: LOCAL GATHER dop: 1/16)", "Parent Relationship": "Outer", "Startup Cost": 34544.63, "Total Cost": 52358.69, "Plan Rows": 6, "Plan Width": 33, "Actual Min Startup Time": 7.466, "Actual Max Startup Time": 7.466, "Actual Min Total Time": 14.368, "Actual Max Total Time": 14.368, "Actual Total Rows": 22, "Plans": [{"Node Type": "Hash Join", "Parent Relationship": "Outer", "Join Type": "Inner", "Startup Cost": 34544.63, "Total Cost": 52358.56, "Plan Rows": 6, "Plan Width": 33, "Actual Min Startup Time": 58.635, "Actual Max Startup Time": 124.5, "Actual Min Total Time": 93.5, "Actual Max Total Time": 128.538, "Actual Total Rows": 22, "Inner Unique": true, "Hash Cond": "(mc.movie_id = t.id)", "Plans": [{"Node Type": "Seq Scan", "Parent Relationship": "Outer", "Relation Name": "movie_companies", "Alias": "mc", "Startup Cost": 0.0, "Total Cost": 17613.58, "Plan Rows": 1269486, "Plan Width": 12, "Actual Min Startup Time": 0.028, "Actual Max Startup Time": 0.148, "Actual Min Total Time": 36.442, "Actual Max Total Time": 45.005, "Actual Total Rows": 1271989, "Filter": "(note IS NULL), (LLVM Optimized)", "Rows Removed by Filter": 1337139}, {"Node Type": "Hash", "Parent Relationship": "Inner", "Startup Cost": 34544.58, "Total Cost": 34544.58, "Plan Rows": 64, "Plan Width": 21, "Actual Min Startup Time": 44.692, "Actual Max Startup Time": 72.098, "Actual Min Total Time": 44.692, "Actual Max Total Time": 72.098, "Actual Total Rows": 576, "Max Hash Buckets": 32768, "Min Hash Buckets": 32768, "Max Hash Batches": 1, "Min Hash Batches": 1, "Max Original Hash Batches": 1, "Min Original Hash Batches": 1, "Max Peak Memory Usage": 3, "min Peak Memory Usage": 3, "Plans": [{"Node Type": "Streaming(type: BROADCAST dop: 16/16)", "Parent Relationship": "Outer", "Startup Cost": 0.0, "Total Cost": 34544.58, "Plan Rows": 64, "Plan Width": 21, "Actual Min Startup Time": 24.598, "Actual Max Startup Time": 52.009, "Actual Min Total Time": 44.665, "Actual Max Total Time": 72.07, "Actual Total Rows": 576, "Plans": [{"Node Type": "Seq Scan", "Parent Relationship": "Outer", "Relation Name": "title", "Alias": "t", "Startup Cost": 0.0, "Total Cost": 19544.42, "Plan Rows": 4, "Plan Width": 21, "Actual Min Startup Time": 1.457, "Actual Max Startup Time": 64.073, "Actual Min Total Time": 60.694, "Actual Max Total Time": 64.179, "Actual Total Rows": 36, "Filter": "(((title)::text ~~ '%Money%'::text) AND (production_year = 1998))", "Rows Removed by Filter": 2528275}]}]}]}]}, {"Node Type": "Hash", "Parent Relationship": "Inner", "Startup Cost": 7078.43, "Total Cost": 7078.43, "Plan Rows": 57599, "Plan Width": 23, "Actual Min Startup Time": 184.107, "Actual Max Startup Time": 184.107, "Actual Min Total Time": 184.107, "Actual Max Total Time": 184.107, "Actual Total Rows": 48302, "Max Hash Buckets": 65536, "Min Hash Buckets": 65536, "Max Hash Batches": 1, "Min Hash Batches": 1, "Max Original Hash Batches": 1, "Min Original Hash Batches": 1, "Max Peak Memory Usage": 2625, "min Peak Memory Usage": 2625, "Plans": [{"Node Type": "Seq Scan", "Parent Relationship": "Outer", "Relation Name": "company_name", "Alias": "cn", "Startup Cost": 0.0, "Total Cost": 7078.43, "Plan Rows": 57599, "Plan Width": 23, "Actual Min Startup Time": 0.078, "Actual Max Startup Time": 0.078, "Actual Min Total Time": 168.172, "Actual Max Total Time": 168.172, "Actual Total Rows": 48302, "Filter": "(((country_code)::text <> '[pl]'::text) AND (((name)::text ~~ '%Film%'::text) OR ((name)::text ~~ '%Warner%'::text)))", "Rows Removed by Filter": 186694}]}]}]}]}]}]}]}, "Triggers": [], "Planner Runtime": 356.168, "Total Runtime": 218.317, "Unique SQL Id": 4121279504}}, "(16, 11)": {"explain_plan": {"Plan": {"Node Type": "Aggregate", "Strategy": "Plain", "Startup Cost": 2483351514613.15, "Total Cost": 2483351514613.16, "Plan Rows": 1, "Plan Width": 144, "Plans": [{"Node Type": "Nested Loop", "Parent Relationship": "Outer", "Join Type": "Inner", "Startup Cost": 80042213480.87, "Total Cost": 2483351514613.14, "Plan Rows": 1, "Plan Width": 48, "Inner Unique": true, "Join Filter": "(ml.link_type_id = lt.id)", "Plans": [{"Node Type": "Merge Join", "Parent Relationship": "Outer", "Join Type": "Inner", "Startup Cost": 70042213480.87, "Total Cost": 1483351513358.38, "Plan Rows": 1, "Plan Width": 40, "Inner Unique": false, "Merge Cond": "(mk.movie_id = ml.movie_id)", "Plans": [{"Node Type": "Nested Loop", "Parent Relationship": "Outer", "Join Type": "Inner", "Startup Cost": 20000000000.0, "Total Cost": 2000015686764.79, "Plan Rows": 33, "Plan Width": 4, "Inner Unique": true, "Join Filter": "(k.id = mk.keyword_id)", "Plans": [{"Node Type": "Index Scan", "Parent Relationship": "Outer", "Scan Direction": "Forward", "Index Name": "movie_id_movie_keyword", "Relation Name": "movie_keyword", "Alias": "mk", "Startup Cost": 10000000000.0, "Total Cost": 1000015300634.17, "Plan Rows": 4523929, "Plan Width": 8}, {"Node Type": "Materialize", "Parent Relationship": "Inner", "Startup Cost": 10000000000.0, "Total Cost": 1000000318271.69, "Plan Rows": 1, "Plan Width": 4, "Plans": [{"Node Type": "Index Scan", "Parent Relationship": "Outer", "Scan Direction": "Forward", "Index Name": "keyword_pkey", "Relation Name": "keyword", "Alias": "k", "Startup Cost": 10000000000.0, "Total Cost": 1000000318271.68, "Plan Rows": 1, "Plan Width": 4, "Filter": "((keyword)::text = 'sequel'::text)"}]}]}, {"Node Type": "Materialize", "Parent Relationship": "Inner", "Startup Cost": 50042213480.87, "Total Cost": 1403351038001.82, "Plan Rows": 12, "Plan Width": 52, "Plans": [{"Node Type": "Merge Join", "Parent Relationship": "Outer", "Join Type": "Inner", "Startup Cost": 50042213480.87, "Total Cost": 1403351038001.79, "Plan Rows": 12, "Plan Width": 52, "Inner Unique": false, "Merge Cond": "(mc.movie_id = ml.movie_id)", "Plans": [{"Node Type": "Nested Loop", "Parent Relationship": "Outer", "Join Type": "Inner", "Startup Cost": 30000000000.0, "Total Cost": 3000562648430.49, "Plan Rows": 211110, "Plan Width": 23, "Inner Unique": true, "Join Filter": "(mc.company_id = cn.id), (LLVM Optimized)", "Plans": [{"Node Type": "Nested Loop", "Parent Relationship": "Outer", "Join Type": "Inner", "Startup Cost": 20000000000.0, "Total Cost": 2000013072218.67, "Plan Rows": 634743, "Plan Width": 8, "Inner Unique": true, "Join Filter": "(ct.id = mc.company_type_id), (LLVM Optimized)", "Plans": [{"Node Type": "Index Scan", "Parent Relationship": "Outer", "Scan Direction": "Forward", "Index Name": "movie_id_movie_companies", "Relation Name": "movie_companies", "Alias": "mc", "Startup Cost": 10000000000.0, "Total Cost": 1000013051946.13, "Plan Rows": 1269486, "Plan Width": 12, "Filter": "(note IS NULL), (LLVM Optimized)"}, {"Node Type": "Materialize", "Parent Relationship": "Inner", "Startup Cost": 10000000000.0, "Total Cost": 1000000001230.26, "Plan Rows": 1, "Plan Width": 4, "Plans": [{"Node Type": "Index Scan", "Parent Relationship": "Outer", "Scan Direction": "Forward", "Index Name": "company_type_pkey", "Relation Name": "company_type", "Alias": "ct", "Startup Cost": 10000000000.0, "Total Cost": 1000000001230.25, "Plan Rows": 1, "Plan Width": 4, "Filter": "((kind)::text = 'production companies'::text)"}]}]}, {"Node Type": "Materialize", "Parent Relationship": "Inner", "Startup Cost": 10000000000.0, "Total Cost": 1000001167924.96, "Plan Rows": 57599, "Plan Width": 23, "Plans": [{"Node Type": "Index Scan", "Parent Relationship": "Outer", "Scan Direction": "Forward", "Index Name": "company_name_pkey", "Relation Name": "company_name", "Alias": "cn", "Startup Cost": 10000000000.0, "Total Cost": 1000001167636.97, "Plan Rows": 57599, "Plan Width": 23, "Filter": "(((country_code)::text <> '[pl]'::text) AND (((name)::text ~~ '%Film%'::text) OR ((name)::text ~~ '%Warner%'::text)))"}]}]}, {"Node Type": "Materialize", "Parent Relationship": "Inner", "Startup Cost": 20000000000.0, "Total Cost": 1257503175328.76, "Plan Rows": 19, "Plan Width": 29, "Plans": [{"Node Type": "Merge Join", "Parent Relationship": "Outer", "Join Type": "Inner", "Startup Cost": 20000000000.0, "Total Cost": 1257503175328.72, "Plan Rows": 19, "Plan Width": 29, "Inner Unique": true, "Merge Cond": "(ml.movie_id = t.id)", "Plans": [{"Node Type": "Index Scan", "Parent Relationship": "Outer", "Scan Direction": "Forward", "Index Name": "movie_id_movie_link", "Relation Name": "movie_link", "Alias": "ml", "Startup Cost": 10000000000.0, "Total Cost": 1000000106202.37, "Plan Rows": 29996, "Plan Width": 8}, {"Node Type": "Materialize", "Parent Relationship": "Inner", "Startup Cost": 10000000000.0, "Total Cost": 1000012276204.42, "Plan Rows": 4, "Plan Width": 21, "Plans": [{"Node Type": "Index Scan", "Parent Relationship": "Outer", "Scan Direction": "Forward", "Index Name": "title_pkey", "Relation Name": "title", "Alias": "t", "Startup Cost": 10000000000.0, "Total Cost": 1000012276204.41, "Plan Rows": 4, "Plan Width": 21, "Filter": "(((title)::text ~~ '%Money%'::text) AND (production_year = 1998))"}]}]}]}]}]}]}, {"Node Type": "Index Scan", "Parent Relationship": "Inner", "Scan Direction": "Forward", "Index Name": "link_type_pkey", "Relation Name": "link_type", "Alias": "lt", "Startup Cost": 10000000000.0, "Total Cost": 1000000001254.75, "Plan Rows": 1, "Plan Width": 16, "Filter": "((link)::text ~~ '%follows%'::text)"}]}]}, "Unique SQL Id": 4121279504}, "explain_analyze_plan": null}, "(16, 12)": {"explain_plan": {"Plan": {"Node Type": "Aggregate", "Strategy": "Plain", "Startup Cost": 2585.63, "Total Cost": 2585.64, "Plan Rows": 1, "Plan Width": 144, "Plans": [{"Node Type": "Nested Loop", "Parent Relationship": "Outer", "Join Type": "Inner", "Startup Cost": 0.0, "Total Cost": 2585.62, "Plan Rows": 1, "Plan Width": 48, "Inner Unique": true, "Plans": [{"Node Type": "Nested Loop", "Parent Relationship": "Outer", "Join Type": "Inner", "Startup Cost": 0.0, "Total Cost": 2585.34, "Plan Rows": 1, "Plan Width": 40, "Inner Unique": false, "Join Filter": "(t.id = ml.movie_id)", "Plans": [{"Node Type": "Nested Loop", "Parent Relationship": "Outer", "Join Type": "Inner", "Startup Cost": 0.0, "Total Cost": 2584.93, "Plan Rows": 1, "Plan Width": 48, "Inner Unique": true, "Plans": [{"Node Type": "Nested Loop", "Parent Relationship": "Outer", "Join Type": "Inner", "Startup Cost": 0.0, "Total Cost": 2584.64, "Plan Rows": 1, "Plan Width": 52, "Inner Unique": true, "Plans": [{"Node Type": "Nested Loop", "Parent Relationship": "Outer", "Join Type": "Inner", "Startup Cost": 0.0, "Total Cost": 2584.35, "Plan Rows": 1, "Plan Width": 37, "Inner Unique": false, "Join Filter": "(t.id = mc.movie_id)", "Plans": [{"Node Type": "Nested Loop", "Parent Relationship": "Outer", "Join Type": "Inner", "Startup Cost": 0.0, "Total Cost": 2584.01, "Plan Rows": 1, "Plan Width": 25, "Inner Unique": true, "Plans": [{"Node Type": "Nested Loop", "Parent Relationship": "Outer", "Join Type": "Inner", "Startup Cost": 0.0, "Total Cost": 2573.32, "Plan Rows": 33, "Plan Width": 4, "Inner Unique": false, "Plans": [{"Node Type": "Seq Scan", "Parent Relationship": "Outer", "Relation Name": "keyword", "Alias": "k", "Startup Cost": 0.0, "Total Cost": 2436.11, "Plan Rows": 1, "Plan Width": 4, "Filter": "((keyword)::text = 'sequel'::text)"}, {"Node Type": "Index Scan", "Parent Relationship": "Inner", "Scan Direction": "Forward", "Index Name": "keyword_id_movie_keyword", "Relation Name": "movie_keyword", "Alias": "mk", "Startup Cost": 0.0, "Total Cost": 136.88, "Plan Rows": 33, "Plan Width": 8, "Index Cond": "(keyword_id = k.id)"}]}, {"Node Type": "Index Scan", "Parent Relationship": "Inner", "Scan Direction": "Forward", "Index Name": "title_pkey", "Relation Name": "title", "Alias": "t", "Startup Cost": 0.0, "Total Cost": 0.31, "Plan Rows": 1, "Plan Width": 21, "Index Cond": "(id = mk.movie_id)", "Filter": "(((title)::text ~~ '%Money%'::text) AND (production_year = 1998))"}]}, {"Node Type": "Index Scan", "Parent Relationship": "Inner", "Scan Direction": "Forward", "Index Name": "movie_id_movie_companies", "Relation Name": "movie_companies", "Alias": "mc", "Startup Cost": 0.0, "Total Cost": 0.31, "Plan Rows": 2, "Plan Width": 12, "Index Cond": "(movie_id = mk.movie_id)", "Filter": "(note IS NULL)"}]}, {"Node Type": "Index Scan", "Parent Relationship": "Inner", "Scan Direction": "Forward", "Index Name": "company_name_pkey", "Relation Name": "company_name", "Alias": "cn", "Startup Cost": 0.0, "Total Cost": 0.29, "Plan Rows": 1, "Plan Width": 23, "Index Cond": "(id = mc.company_id)", "Filter": "(((country_code)::text <> '[pl]'::text) AND (((name)::text ~~ '%Film%'::text) OR ((name)::text ~~ '%Warner%'::text)))"}]}, {"Node Type": "Index Scan", "Parent Relationship": "Inner", "Scan Direction": "Forward", "Index Name": "company_type_pkey", "Relation Name": "company_type", "Alias": "ct", "Startup Cost": 0.0, "Total Cost": 0.27, "Plan Rows": 1, "Plan Width": 4, "Index Cond": "(id = mc.company_type_id)", "Filter": "((kind)::text = 'production companies'::text)"}]}, {"Node Type": "Index Scan", "Parent Relationship": "Inner", "Scan Direction": "Forward", "Index Name": "movie_id_movie_link", "Relation Name": "movie_link", "Alias": "ml", "Startup Cost": 0.0, "Total Cost": 0.35, "Plan Rows": 5, "Plan Width": 8, "Index Cond": "(movie_id = mk.movie_id)"}]}, {"Node Type": "Index Scan", "Parent Relationship": "Inner", "Scan Direction": "Forward", "Index Name": "link_type_pkey", "Relation Name": "link_type", "Alias": "lt", "Startup Cost": 0.0, "Total Cost": 0.27, "Plan Rows": 1, "Plan Width": 16, "Index Cond": "(id = ml.link_type_id)", "Filter": "((link)::text ~~ '%follows%'::text)"}]}]}, "Unique SQL Id": 4121279504}, "explain_analyze_plan": {"Plan": {"Node Type": "Aggregate", "Strategy": "Plain", "Startup Cost": 2585.63, "Total Cost": 2585.64, "Plan Rows": 1, "Plan Width": 144, "Actual Startup Time": 103.307, "Actual Total Time": 103.307, "Actual Rows": 1, "Actual Loops": 1, "Plans": [{"Node Type": "Nested Loop", "Parent Relationship": "Outer", "Join Type": "Inner", "Startup Cost": 0.0, "Total Cost": 2585.62, "Plan Rows": 1, "Plan Width": 48, "Actual Startup Time": 103.297, "Actual Total Time": 103.297, "Actual Rows": 0, "Actual Loops": 1, "Inner Unique": true, "Plans": [{"Node Type": "Nested Loop", "Parent Relationship": "Outer", "Join Type": "Inner", "Startup Cost": 0.0, "Total Cost": 2585.34, "Plan Rows": 1, "Plan Width": 40, "Actual Startup Time": 2.639, "Actual Total Time": 103.212, "Actual Rows": 38, "Actual Loops": 1, "Inner Unique": false, "Join Filter": "(t.id = ml.movie_id)", "Rows Removed by Join Filter": 0, "Plans": [{"Node Type": "Nested Loop", "Parent Relationship": "Outer", "Join Type": "Inner", "Startup Cost": 0.0, "Total Cost": 2584.93, "Plan Rows": 1, "Plan Width": 48, "Actual Startup Time": 2.628, "Actual Total Time": 103.169, "Actual Rows": 2, "Actual Loops": 1, "Inner Unique": true, "Plans": [{"Node Type": "Nested Loop", "Parent Relationship": "Outer", "Join Type": "Inner", "Startup Cost": 0.0, "Total Cost": 2584.64, "Plan Rows": 1, "Plan Width": 52, "Actual Startup Time": 2.62, "Actual Total Time": 103.156, "Actual Rows": 2, "Actual Loops": 1, "Inner Unique": true, "Plans": [{"Node Type": "Nested Loop", "Parent Relationship": "Outer", "Join Type": "Inner", "Startup Cost": 0.0, "Total Cost": 2584.35, "Plan Rows": 1, "Plan Width": 37, "Actual Startup Time": 2.606, "Actual Total Time": 103.125, "Actual Rows": 3, "Actual Loops": 1, "Inner Unique": false, "Join Filter": "(t.id = mc.movie_id)", "Rows Removed by Join Filter": 0, "Plans": [{"Node Type": "Nested Loop", "Parent Relationship": "Outer", "Join Type": "Inner", "Startup Cost": 0.0, "Total Cost": 2584.01, "Plan Rows": 1, "Plan Width": 25, "Actual Startup Time": 2.585, "Actual Total Time": 103.101, "Actual Rows": 1, "Actual Loops": 1, "Inner Unique": true, "Plans": [{"Node Type": "Nested Loop", "Parent Relationship": "Outer", "Join Type": "Inner", "Startup Cost": 0.0, "Total Cost": 2573.32, "Plan Rows": 33, "Plan Width": 4, "Actual Startup Time": 2.346, "Actual Total Time": 53.642, "Actual Rows": 10544, "Actual Loops": 1, "Inner Unique": false, "Plans": [{"Node Type": "Seq Scan", "Parent Relationship": "Outer", "Relation Name": "keyword", "Alias": "k", "Startup Cost": 0.0, "Total Cost": 2436.11, "Plan Rows": 1, "Plan Width": 4, "Actual Startup Time": 2.306, "Actual Total Time": 40.515, "Actual Rows": 1, "Actual Loops": 1, "Filter": "((keyword)::text = 'sequel'::text)", "Rows Removed by Filter": 134168}, {"Node Type": "Index Scan", "Parent Relationship": "Inner", "Scan Direction": "Forward", "Index Name": "keyword_id_movie_keyword", "Relation Name": "movie_keyword", "Alias": "mk", "Startup Cost": 0.0, "Total Cost": 136.88, "Plan Rows": 33, "Plan Width": 8, "Actual Startup Time": 0.034, "Actual Total Time": 10.877, "Actual Rows": 10544, "Actual Loops": 1, "Index Cond": "(keyword_id = k.id)", "Rows Removed by Index Recheck": 0}]}, {"Node Type": "Index Scan", "Parent Relationship": "Inner", "Scan Direction": "Forward", "Index Name": "title_pkey", "Relation Name": "title", "Alias": "t", "Startup Cost": 0.0, "Total Cost": 0.31, "Plan Rows": 1, "Plan Width": 21, "Actual Startup Time": 44.242, "Actual Total Time": 44.242, "Actual Rows": 1, "Actual Loops": 10544, "Index Cond": "(id = mk.movie_id)", "Rows Removed by Index Recheck": 0, "Filter": "(((title)::text ~~ '%Money%'::text) AND (production_year = 1998))", "Rows Removed by Filter": 10543}]}, {"Node Type": "Index Scan", "Parent Relationship": "Inner", "Scan Direction": "Forward", "Index Name": "movie_id_movie_companies", "Relation Name": "movie_companies", "Alias": "mc", "Startup Cost": 0.0, "Total Cost": 0.31, "Plan Rows": 2, "Plan Width": 12, "Actual Startup Time": 0.011, "Actual Total Time": 0.013, "Actual Rows": 3, "Actual Loops": 1, "Index Cond": "(movie_id = mk.movie_id)", "Rows Removed by Index Recheck": 0, "Filter": "(note IS NULL)", "Rows Removed by Filter": 1}]}, {"Node Type": "Index Scan", "Parent Relationship": "Inner", "Scan Direction": "Forward", "Index Name": "company_name_pkey", "Relation Name": "company_name", "Alias": "cn", "Startup Cost": 0.0, "Total Cost": 0.29, "Plan Rows": 1, "Plan Width": 23, "Actual Startup Time": 0.026, "Actual Total Time": 0.026, "Actual Rows": 2, "Actual Loops": 3, "Index Cond": "(id = mc.company_id)", "Rows Removed by Index Recheck": 0, "Filter": "(((country_code)::text <> '[pl]'::text) AND (((name)::text ~~ '%Film%'::text) OR ((name)::text ~~ '%Warner%'::text)))", "Rows Removed by Filter": 1}]}, {"Node Type": "Index Scan", "Parent Relationship": "Inner", "Scan Direction": "Forward", "Index Name": "company_type_pkey", "Relation Name": "company_type", "Alias": "ct", "Startup Cost": 0.0, "Total Cost": 0.27, "Plan Rows": 1, "Plan Width": 4, "Actual Startup Time": 0.008, "Actual Total Time": 0.008, "Actual Rows": 2, "Actual Loops": 2, "Index Cond": "(id = mc.company_type_id)", "Rows Removed by Index Recheck": 0, "Filter": "((kind)::text = 'production companies'::text)", "Rows Removed by Filter": 0}]}, {"Node Type": "Index Scan", "Parent Relationship": "Inner", "Scan Direction": "Forward", "Index Name": "movie_id_movie_link", "Relation Name": "movie_link", "Alias": "ml", "Startup Cost": 0.0, "Total Cost": 0.35, "Plan Rows": 5, "Plan Width": 8, "Actual Startup Time": 0.012, "Actual Total Time": 0.025, "Actual Rows": 38, "Actual Loops": 2, "Index Cond": "(movie_id = mk.movie_id)", "Rows Removed by Index Recheck": 0}]}, {"Node Type": "Index Scan", "Parent Relationship": "Inner", "Scan Direction": "Forward", "Index Name": "link_type_pkey", "Relation Name": "link_type", "Alias": "lt", "Startup Cost": 0.0, "Total Cost": 0.27, "Plan Rows": 1, "Plan Width": 16, "Actual Startup Time": 0.065, "Actual Total Time": 0.065, "Actual Rows": 0, "Actual Loops": 38, "Index Cond": "(id = ml.link_type_id)", "Rows Removed by Index Recheck": 0, "Filter": "((link)::text ~~ '%follows%'::text)", "Rows Removed by Filter": 24}]}]}, "Triggers": [], "Planner Runtime": 83.831, "Total Runtime": 103.68, "Unique SQL Id": 4121279504}}, "(16, 13)": {"explain_plan": {"Plan": {"Node Type": "Aggregate", "Strategy": "Plain", "Startup Cost": 3332.23, "Total Cost": 3332.24, "Plan Rows": 1, "Plan Width": 144, "Plans": [{"Node Type": "Nested Loop", "Parent Relationship": "Outer", "Join Type": "Inner", "Startup Cost": 0.0, "Total Cost": 3332.23, "Plan Rows": 1, "Plan Width": 48, "Inner Unique": true, "Plans": [{"Node Type": "Nested Loop", "Parent Relationship": "Outer", "Join Type": "Inner", "Startup Cost": 0.0, "Total Cost": 3331.94, "Plan Rows": 1, "Plan Width": 40, "Inner Unique": false, "Join Filter": "(t.id = ml.movie_id)", "Plans": [{"Node Type": "Nested Loop", "Parent Relationship": "Outer", "Join Type": "Inner", "Startup Cost": 0.0, "Total Cost": 3331.53, "Plan Rows": 1, "Plan Width": 48, "Inner Unique": true, "Plans": [{"Node Type": "Nested Loop", "Parent Relationship": "Outer", "Join Type": "Inner", "Startup Cost": 0.0, "Total Cost": 3331.25, "Plan Rows": 1, "Plan Width": 52, "Inner Unique": true, "Plans": [{"Node Type": "Nested Loop", "Parent Relationship": "Outer", "Join Type": "Inner", "Startup Cost": 0.0, "Total Cost": 3330.95, "Plan Rows": 1, "Plan Width": 37, "Inner Unique": false, "Join Filter": "(t.id = mc.movie_id)", "Plans": [{"Node Type": "Nested Loop", "Parent Relationship": "Outer", "Join Type": "Inner", "Startup Cost": 0.0, "Total Cost": 3330.61, "Plan Rows": 1, "Plan Width": 25, "Inner Unique": true, "Plans": [{"Node Type": "Nested Loop", "Parent Relationship": "Outer", "Join Type": "Inner", "Startup Cost": 0.0, "Total Cost": 3319.92, "Plan Rows": 33, "Plan Width": 4, "Inner Unique": false, "Plans": [{"Node Type": "Index Scan", "Parent Relationship": "Outer", "Scan Direction": "Forward", "Index Name": "keyword_pkey", "Relation Name": "keyword", "Alias": "k", "Startup Cost": 0.0, "Total Cost": 3182.72, "Plan Rows": 1, "Plan Width": 4, "Filter": "((keyword)::text = 'sequel'::text)"}, {"Node Type": "Index Scan", "Parent Relationship": "Inner", "Scan Direction": "Forward", "Index Name": "keyword_id_movie_keyword", "Relation Name": "movie_keyword", "Alias": "mk", "Startup Cost": 0.0, "Total Cost": 136.88, "Plan Rows": 33, "Plan Width": 8, "Index Cond": "(keyword_id = k.id)"}]}, {"Node Type": "Index Scan", "Parent Relationship": "Inner", "Scan Direction": "Forward", "Index Name": "title_pkey", "Relation Name": "title", "Alias": "t", "Startup Cost": 0.0, "Total Cost": 0.31, "Plan Rows": 1, "Plan Width": 21, "Index Cond": "(id = mk.movie_id)", "Filter": "(((title)::text ~~ '%Money%'::text) AND (production_year = 1998))"}]}, {"Node Type": "Index Scan", "Parent Relationship": "Inner", "Scan Direction": "Forward", "Index Name": "movie_id_movie_companies", "Relation Name": "movie_companies", "Alias": "mc", "Startup Cost": 0.0, "Total Cost": 0.31, "Plan Rows": 2, "Plan Width": 12, "Index Cond": "(movie_id = mk.movie_id)", "Filter": "(note IS NULL)"}]}, {"Node Type": "Index Scan", "Parent Relationship": "Inner", "Scan Direction": "Forward", "Index Name": "company_name_pkey", "Relation Name": "company_name", "Alias": "cn", "Startup Cost": 0.0, "Total Cost": 0.29, "Plan Rows": 1, "Plan Width": 23, "Index Cond": "(id = mc.company_id)", "Filter": "(((country_code)::text <> '[pl]'::text) AND (((name)::text ~~ '%Film%'::text) OR ((name)::text ~~ '%Warner%'::text)))"}]}, {"Node Type": "Index Scan", "Parent Relationship": "Inner", "Scan Direction": "Forward", "Index Name": "company_type_pkey", "Relation Name": "company_type", "Alias": "ct", "Startup Cost": 0.0, "Total Cost": 0.27, "Plan Rows": 1, "Plan Width": 4, "Index Cond": "(id = mc.company_type_id)", "Filter": "((kind)::text = 'production companies'::text)"}]}, {"Node Type": "Index Scan", "Parent Relationship": "Inner", "Scan Direction": "Forward", "Index Name": "movie_id_movie_link", "Relation Name": "movie_link", "Alias": "ml", "Startup Cost": 0.0, "Total Cost": 0.35, "Plan Rows": 5, "Plan Width": 8, "Index Cond": "(movie_id = mk.movie_id)"}]}, {"Node Type": "Index Scan", "Parent Relationship": "Inner", "Scan Direction": "Forward", "Index Name": "link_type_pkey", "Relation Name": "link_type", "Alias": "lt", "Startup Cost": 0.0, "Total Cost": 0.27, "Plan Rows": 1, "Plan Width": 16, "Index Cond": "(id = ml.link_type_id)", "Filter": "((link)::text ~~ '%follows%'::text)"}]}]}, "Unique SQL Id": 4121279504}, "explain_analyze_plan": {"Plan": {"Node Type": "Aggregate", "Strategy": "Plain", "Startup Cost": 3332.23, "Total Cost": 3332.24, "Plan Rows": 1, "Plan Width": 144, "Actual Startup Time": 178.629, "Actual Total Time": 178.63, "Actual Rows": 1, "Actual Loops": 1, "Plans": [{"Node Type": "Nested Loop", "Parent Relationship": "Outer", "Join Type": "Inner", "Startup Cost": 0.0, "Total Cost": 3332.23, "Plan Rows": 1, "Plan Width": 48, "Actual Startup Time": 178.619, "Actual Total Time": 178.619, "Actual Rows": 0, "Actual Loops": 1, "Inner Unique": true, "Plans": [{"Node Type": "Nested Loop", "Parent Relationship": "Outer", "Join Type": "Inner", "Startup Cost": 0.0, "Total Cost": 3331.94, "Plan Rows": 1, "Plan Width": 40, "Actual Startup Time": 0.759, "Actual Total Time": 178.535, "Actual Rows": 38, "Actual Loops": 1, "Inner Unique": false, "Join Filter": "(t.id = ml.movie_id)", "Rows Removed by Join Filter": 0, "Plans": [{"Node Type": "Nested Loop", "Parent Relationship": "Outer", "Join Type": "Inner", "Startup Cost": 0.0, "Total Cost": 3331.53, "Plan Rows": 1, "Plan Width": 48, "Actual Startup Time": 0.75, "Actual Total Time": 178.493, "Actual Rows": 2, "Actual Loops": 1, "Inner Unique": true, "Plans": [{"Node Type": "Nested Loop", "Parent Relationship": "Outer", "Join Type": "Inner", "Startup Cost": 0.0, "Total Cost": 3331.25, "Plan Rows": 1, "Plan Width": 52, "Actual Startup Time": 0.743, "Actual Total Time": 178.481, "Actual Rows": 2, "Actual Loops": 1, "Inner Unique": true, "Plans": [{"Node Type": "Nested Loop", "Parent Relationship": "Outer", "Join Type": "Inner", "Startup Cost": 0.0, "Total Cost": 3330.95, "Plan Rows": 1, "Plan Width": 37, "Actual Startup Time": 0.723, "Actual Total Time": 178.447, "Actual Rows": 3, "Actual Loops": 1, "Inner Unique": false, "Join Filter": "(t.id = mc.movie_id)", "Rows Removed by Join Filter": 0, "Plans": [{"Node Type": "Nested Loop", "Parent Relationship": "Outer", "Join Type": "Inner", "Startup Cost": 0.0, "Total Cost": 3330.61, "Plan Rows": 1, "Plan Width": 25, "Actual Startup Time": 0.709, "Actual Total Time": 178.428, "Actual Rows": 1, "Actual Loops": 1, "Inner Unique": true, "Plans": [{"Node Type": "Nested Loop", "Parent Relationship": "Outer", "Join Type": "Inner", "Startup Cost": 0.0, "Total Cost": 3319.92, "Plan Rows": 33, "Plan Width": 4, "Actual Startup Time": 0.479, "Actual Total Time": 127.522, "Actual Rows": 10544, "Actual Loops": 1, "Inner Unique": false, "Plans": [{"Node Type": "Index Scan", "Parent Relationship": "Outer", "Scan Direction": "Forward", "Index Name": "keyword_pkey", "Relation Name": "keyword", "Alias": "k", "Startup Cost": 0.0, "Total Cost": 3182.72, "Plan Rows": 1, "Plan Width": 4, "Actual Startup Time": 0.446, "Actual Total Time": 114.274, "Actual Rows": 1, "Actual Loops": 1, "Filter": "((keyword)::text = 'sequel'::text)", "Rows Removed by Filter": 134168}, {"Node Type": "Index Scan", "Parent Relationship": "Inner", "Scan Direction": "Forward", "Index Name": "keyword_id_movie_keyword", "Relation Name": "movie_keyword", "Alias": "mk", "Startup Cost": 0.0, "Total Cost": 136.88, "Plan Rows": 33, "Plan Width": 8, "Actual Startup Time": 0.026, "Actual Total Time": 10.894, "Actual Rows": 10544, "Actual Loops": 1, "Index Cond": "(keyword_id = k.id)", "Rows Removed by Index Recheck": 0}]}, {"Node Type": "Index Scan", "Parent Relationship": "Inner", "Scan Direction": "Forward", "Index Name": "title_pkey", "Relation Name": "title", "Alias": "t", "Startup Cost": 0.0, "Total Cost": 0.31, "Plan Rows": 1, "Plan Width": 21, "Actual Startup Time": 45.684, "Actual Total Time": 45.684, "Actual Rows": 1, "Actual Loops": 10544, "Index Cond": "(id = mk.movie_id)", "Rows Removed by Index Recheck": 0, "Filter": "(((title)::text ~~ '%Money%'::text) AND (production_year = 1998))", "Rows Removed by Filter": 10543}]}, {"Node Type": "Index Scan", "Parent Relationship": "Inner", "Scan Direction": "Forward", "Index Name": "movie_id_movie_companies", "Relation Name": "movie_companies", "Alias": "mc", "Startup Cost": 0.0, "Total Cost": 0.31, "Plan Rows": 2, "Plan Width": 12, "Actual Startup Time": 0.011, "Actual Total Time": 0.012, "Actual Rows": 3, "Actual Loops": 1, "Index Cond": "(movie_id = mk.movie_id)", "Rows Removed by Index Recheck": 0, "Filter": "(note IS NULL)", "Rows Removed by Filter": 1}]}, {"Node Type": "Index Scan", "Parent Relationship": "Inner", "Scan Direction": "Forward", "Index Name": "company_name_pkey", "Relation Name": "company_name", "Alias": "cn", "Startup Cost": 0.0, "Total Cost": 0.29, "Plan Rows": 1, "Plan Width": 23, "Actual Startup Time": 0.031, "Actual Total Time": 0.031, "Actual Rows": 2, "Actual Loops": 3, "Index Cond": "(id = mc.company_id)", "Rows Removed by Index Recheck": 0, "Filter": "(((country_code)::text <> '[pl]'::text) AND (((name)::text ~~ '%Film%'::text) OR ((name)::text ~~ '%Warner%'::text)))", "Rows Removed by Filter": 1}]}, {"Node Type": "Index Scan", "Parent Relationship": "Inner", "Scan Direction": "Forward", "Index Name": "company_type_pkey", "Relation Name": "company_type", "Alias": "ct", "Startup Cost": 0.0, "Total Cost": 0.27, "Plan Rows": 1, "Plan Width": 4, "Actual Startup Time": 0.007, "Actual Total Time": 0.007, "Actual Rows": 2, "Actual Loops": 2, "Index Cond": "(id = mc.company_type_id)", "Rows Removed by Index Recheck": 0, "Filter": "((kind)::text = 'production companies'::text)", "Rows Removed by Filter": 0}]}, {"Node Type": "Index Scan", "Parent Relationship": "Inner", "Scan Direction": "Forward", "Index Name": "movie_id_movie_link", "Relation Name": "movie_link", "Alias": "ml", "Startup Cost": 0.0, "Total Cost": 0.35, "Plan Rows": 5, "Plan Width": 8, "Actual Startup Time": 0.011, "Actual Total Time": 0.023, "Actual Rows": 38, "Actual Loops": 2, "Index Cond": "(movie_id = mk.movie_id)", "Rows Removed by Index Recheck": 0}]}, {"Node Type": "Index Scan", "Parent Relationship": "Inner", "Scan Direction": "Forward", "Index Name": "link_type_pkey", "Relation Name": "link_type", "Alias": "lt", "Startup Cost": 0.0, "Total Cost": 0.27, "Plan Rows": 1, "Plan Width": 16, "Actual Startup Time": 0.062, "Actual Total Time": 0.062, "Actual Rows": 0, "Actual Loops": 38, "Index Cond": "(id = ml.link_type_id)", "Rows Removed by Index Recheck": 0, "Filter": "((link)::text ~~ '%follows%'::text)", "Rows Removed by Filter": 24}]}]}, "Triggers": [], "Planner Runtime": 72.754, "Total Runtime": 179.024, "Unique SQL Id": 4121279504}}, "(16, 14)": {"explain_plan": {"Plan": {"Node Type": "Aggregate", "Strategy": "Plain", "Startup Cost": 97758.44, "Total Cost": 97758.45, "Plan Rows": 1, "Plan Width": 144, "Plans": [{"Node Type": "Nested Loop", "Parent Relationship": "Outer", "Join Type": "Inner", "Startup Cost": 60329.07, "Total Cost": 97758.43, "Plan Rows": 1, "Plan Width": 48, "Inner Unique": false, "Join Filter": "(t.id = ml.movie_id)", "Plans": [{"Node Type": "Hash Join", "Parent Relationship": "Outer", "Join Type": "Inner", "Startup Cost": 17986.02, "Total Cost": 37599.91, "Plan Rows": 10, "Plan Width": 20, "Inner Unique": false, "Hash Cond": "(mk.movie_id = ml.movie_id)", "Plans": [{"Node Type": "Streaming(type: LOCAL GATHER dop: 1/16)", "Parent Relationship": "Outer", "Startup Cost": 17436.47, "Total Cost": 37048.41, "Plan Rows": 33, "Plan Width": 4, "Plans": [{"Node Type": "Hash Join", "Parent Relationship": "Outer", "Join Type": "Inner", "Startup Cost": 17436.47, "Total Cost": 37047.7, "Plan Rows": 33, "Plan Width": 4, "Inner Unique": true, "Hash Cond": "(mk.keyword_id = k.id)", "Plans": [{"Node Type": "Seq Scan", "Parent Relationship": "Outer", "Relation Name": "movie_keyword", "Alias": "mk", "Startup Cost": 0.0, "Total Cost": 18902.58, "Plan Rows": 4523929, "Plan Width": 8}, {"Node Type": "Hash", "Parent Relationship": "Inner", "Startup Cost": 17436.46, "Total Cost": 17436.46, "Plan Rows": 16, "Plan Width": 4, "Plans": [{"Node Type": "Streaming(type: BROADCAST dop: 16/1)", "Parent Relationship": "Outer", "Startup Cost": 0.0, "Total Cost": 17436.46, "Plan Rows": 16, "Plan Width": 4, "Plans": [{"Node Type": "Seq Scan", "Parent Relationship": "Outer", "Relation Name": "keyword", "Alias": "k", "Startup Cost": 0.0, "Total Cost": 2436.11, "Plan Rows": 1, "Plan Width": 4, "Filter": "((keyword)::text = 'sequel'::text)"}]}]}]}]}, {"Node Type": "Hash", "Parent Relationship": "Inner", "Startup Cost": 526.11, "Total Cost": 526.11, "Plan Rows": 1875, "Plan Width": 16, "Plans": [{"Node Type": "Hash Join", "Parent Relationship": "Outer", "Join Type": "Inner", "Startup Cost": 1.22, "Total Cost": 526.11, "Plan Rows": 1875, "Plan Width": 16, "Inner Unique": true, "Hash Cond": "(ml.link_type_id = lt.id)", "Plans": [{"Node Type": "Seq Scan", "Parent Relationship": "Outer", "Relation Name": "movie_link", "Alias": "ml", "Startup Cost": 0.0, "Total Cost": 430.96, "Plan Rows": 29996, "Plan Width": 8}, {"Node Type": "Hash", "Parent Relationship": "Inner", "Startup Cost": 1.21, "Total Cost": 1.21, "Plan Rows": 1, "Plan Width": 16, "Plans": [{"Node Type": "Seq Scan", "Parent Relationship": "Outer", "Relation Name": "link_type", "Alias": "lt", "Startup Cost": 0.0, "Total Cost": 1.21, "Plan Rows": 1, "Plan Width": 16, "Filter": "((link)::text ~~ '%follows%'::text)"}]}]}]}]}, {"Node Type": "Materialize", "Parent Relationship": "Inner", "Startup Cost": 42343.05, "Total Cost": 60158.22, "Plan Rows": 2, "Plan Width": 44, "Plans": [{"Node Type": "Nested Loop", "Parent Relationship": "Outer", "Join Type": "Inner", "Startup Cost": 42343.05, "Total Cost": 60158.21, "Plan Rows": 2, "Plan Width": 44, "Inner Unique": false, "Join Filter": "(mc.company_type_id = ct.id)", "Plans": [{"Node Type": "Seq Scan", "Parent Relationship": "Outer", "Relation Name": "company_type", "Alias": "ct", "Startup Cost": 0.0, "Total Cost": 1.04, "Plan Rows": 1, "Plan Width": 4, "Filter": "((kind)::text = 'production companies'::text)"}, {"Node Type": "Materialize", "Parent Relationship": "Inner", "Startup Cost": 42343.05, "Total Cost": 60157.15, "Plan Rows": 2, "Plan Width": 48, "Plans": [{"Node Type": "Hash Join", "Parent Relationship": "Outer", "Join Type": "Inner", "Startup Cost": 42343.05, "Total Cost": 60157.15, "Plan Rows": 2, "Plan Width": 48, "Inner Unique": true, "Hash Cond": "(mc.company_id = cn.id)", "Plans": [{"Node Type": "Streaming(type: LOCAL GATHER dop: 1/16)", "Parent Relationship": "Outer", "Startup Cost": 34544.63, "Total Cost": 52358.69, "Plan Rows": 6, "Plan Width": 33, "Plans": [{"Node Type": "Hash Join", "Parent Relationship": "Outer", "Join Type": "Inner", "Startup Cost": 34544.63, "Total Cost": 52358.56, "Plan Rows": 6, "Plan Width": 33, "Inner Unique": true, "Hash Cond": "(mc.movie_id = t.id)", "Plans": [{"Node Type": "Seq Scan", "Parent Relationship": "Outer", "Relation Name": "movie_companies", "Alias": "mc", "Startup Cost": 0.0, "Total Cost": 17613.58, "Plan Rows": 1269486, "Plan Width": 12, "Filter": "(note IS NULL), (LLVM Optimized)"}, {"Node Type": "Hash", "Parent Relationship": "Inner", "Startup Cost": 34544.58, "Total Cost": 34544.58, "Plan Rows": 64, "Plan Width": 21, "Plans": [{"Node Type": "Streaming(type: BROADCAST dop: 16/16)", "Parent Relationship": "Outer", "Startup Cost": 0.0, "Total Cost": 34544.58, "Plan Rows": 64, "Plan Width": 21, "Plans": [{"Node Type": "Seq Scan", "Parent Relationship": "Outer", "Relation Name": "title", "Alias": "t", "Startup Cost": 0.0, "Total Cost": 19544.42, "Plan Rows": 4, "Plan Width": 21, "Filter": "(((title)::text ~~ '%Money%'::text) AND (production_year = 1998))"}]}]}]}]}, {"Node Type": "Hash", "Parent Relationship": "Inner", "Startup Cost": 7078.43, "Total Cost": 7078.43, "Plan Rows": 57599, "Plan Width": 23, "Plans": [{"Node Type": "Seq Scan", "Parent Relationship": "Outer", "Relation Name": "company_name", "Alias": "cn", "Startup Cost": 0.0, "Total Cost": 7078.43, "Plan Rows": 57599, "Plan Width": 23, "Filter": "(((country_code)::text <> '[pl]'::text) AND (((name)::text ~~ '%Film%'::text) OR ((name)::text ~~ '%Warner%'::text)))"}]}]}]}]}]}]}]}, "Unique SQL Id": 4121279504}, "explain_analyze_plan": {"Plan": {"Node Type": "Aggregate", "Strategy": "Plain", "Startup Cost": 97758.44, "Total Cost": 97758.45, "Plan Rows": 1, "Plan Width": 144, "Actual Min Startup Time": 199.043, "Actual Max Startup Time": 199.043, "Actual Min Total Time": 199.044, "Actual Max Total Time": 199.044, "Actual Total Rows": 1, "Plans": [{"Node Type": "Nested Loop", "Parent Relationship": "Outer", "Join Type": "Inner", "Startup Cost": 60329.07, "Total Cost": 97758.43, "Plan Rows": 1, "Plan Width": 48, "Actual Min Startup Time": 199.032, "Actual Max Startup Time": 199.032, "Actual Min Total Time": 199.032, "Actual Max Total Time": 199.032, "Actual Total Rows": 0, "Inner Unique": false, "Join Filter": "(t.id = ml.movie_id)", "Rows Removed by Join Filter": 0, "Plans": [{"Node Type": "Hash Join", "Parent Relationship": "Outer", "Join Type": "Inner", "Startup Cost": 17986.02, "Total Cost": 37599.91, "Plan Rows": 10, "Plan Width": 20, "Actual Min Startup Time": 0.231, "Actual Max Startup Time": 0.231, "Actual Min Total Time": 0.231, "Actual Max Total Time": 0.231, "Actual Total Rows": 0, "Inner Unique": false, "Hash Cond": "(mk.movie_id = ml.movie_id)", "Plans": [{"Node Type": "Streaming(type: LOCAL GATHER dop: 1/16)", "Parent Relationship": "Outer", "Startup Cost": 17436.47, "Total Cost": 37048.41, "Plan Rows": 33, "Plan Width": 4, "Actual Startup Time": 0.0, "Actual Total Time": 0.0, "Plans": [{"Node Type": "Hash Join", "Parent Relationship": "Outer", "Join Type": "Inner", "Startup Cost": 17436.47, "Total Cost": 37047.7, "Plan Rows": 33, "Plan Width": 4, "Actual Min Startup Time": 38.145, "Actual Max Startup Time": 66.355, "Actual Min Total Time": 60.582, "Actual Max Total Time": 87.435, "Actual Total Rows": 1616, "Inner Unique": true, "Hash Cond": "(mk.keyword_id = k.id)", "Plans": [{"Node Type": "Seq Scan", "Parent Relationship": "Outer", "Relation Name": "movie_keyword", "Alias": "mk", "Startup Cost": 0.0, "Total Cost": 18902.58, "Plan Rows": 4523929, "Plan Width": 8, "Actual Min Startup Time": 0.053, "Actual Max Startup Time": 0.074, "Actual Min Total Time": 12.735, "Actual Max Total Time": 22.415, "Actual Total Rows": 1306253}, {"Node Type": "Hash", "Parent Relationship": "Inner", "Startup Cost": 17436.46, "Total Cost": 17436.46, "Plan Rows": 16, "Plan Width": 4, "Actual Min Startup Time": 37.343, "Actual Max Startup Time": 55.067, "Actual Min Total Time": 37.343, "Actual Max Total Time": 55.067, "Actual Total Rows": 16, "Max Hash Buckets": 32768, "Min Hash Buckets": 32768, "Max Hash Batches": 1, "Min Hash Batches": 1, "Max Original Hash Batches": 1, "Min Original Hash Batches": 1, "Max Peak Memory Usage": 1, "min Peak Memory Usage": 1, "Plans": [{"Node Type": "Streaming(type: BROADCAST dop: 16/1)", "Parent Relationship": "Outer", "Startup Cost": 0.0, "Total Cost": 17436.46, "Plan Rows": 16, "Plan Width": 4, "Actual Min Startup Time": 37.331, "Actual Max Startup Time": 55.052, "Actual Min Total Time": 37.331, "Actual Max Total Time": 55.053, "Actual Total Rows": 16, "Plans": [{"Node Type": "Seq Scan", "Parent Relationship": "Outer", "Relation Name": "keyword", "Alias": "k", "Startup Cost": 0.0, "Total Cost": 2436.11, "Plan Rows": 1, "Plan Width": 4, "Actual Min Startup Time": 2.474, "Actual Max Startup Time": 2.474, "Actual Min Total Time": 41.397, "Actual Max Total Time": 41.397, "Actual Total Rows": 1, "Filter": "((keyword)::text = 'sequel'::text)", "Rows Removed by Filter": 134168}]}]}]}]}, {"Node Type": "Hash", "Parent Relationship": "Inner", "Startup Cost": 526.11, "Total Cost": 526.11, "Plan Rows": 1875, "Plan Width": 16, "Actual Min Startup Time": 0.1, "Actual Max Startup Time": 0.1, "Actual Min Total Time": 0.1, "Actual Max Total Time": 0.1, "Actual Total Rows": 0, "Max Hash Buckets": 32768, "Min Hash Buckets": 32768, "Max Hash Batches": 1, "Min Hash Batches": 1, "Max Original Hash Batches": 1, "Min Original Hash Batches": 1, "Max Peak Memory Usage": 0, "min Peak Memory Usage": 0, "Plans": [{"Node Type": "Hash Join", "Parent Relationship": "Outer", "Join Type": "Inner", "Startup Cost": 1.22, "Total Cost": 526.11, "Plan Rows": 1875, "Plan Width": 16, "Actual Min Startup Time": 0.099, "Actual Max Startup Time": 0.099, "Actual Min Total Time": 0.099, "Actual Max Total Time": 0.099, "Actual Total Rows": 0, "Inner Unique": true, "Hash Cond": "(ml.link_type_id = lt.id)", "Plans": [{"Node Type": "Seq Scan", "Parent Relationship": "Outer", "Relation Name": "movie_link", "Alias": "ml", "Startup Cost": 0.0, "Total Cost": 430.96, "Plan Rows": 29996, "Plan Width": 8, "Actual Min Startup Time": 0.042, "Actual Max Startup Time": 0.042, "Actual Min Total Time": 0.042, "Actual Max Total Time": 0.042, "Actual Total Rows": 1}, {"Node Type": "Hash", "Parent Relationship": "Inner", "Startup Cost": 1.21, "Total Cost": 1.21, "Plan Rows": 1, "Plan Width": 16, "Actual Min Startup Time": 0.026, "Actual Max Startup Time": 0.026, "Actual Min Total Time": 0.026, "Actual Max Total Time": 0.026, "Actual Total Rows": 0, "Max Hash Buckets": 32768, "Min Hash Buckets": 32768, "Max Hash Batches": 1, "Min Hash Batches": 1, "Max Original Hash Batches": 1, "Min Original Hash Batches": 1, "Max Peak Memory Usage": 0, "min Peak Memory Usage": 0, "Plans": [{"Node Type": "Seq Scan", "Parent Relationship": "Outer", "Relation Name": "link_type", "Alias": "lt", "Startup Cost": 0.0, "Total Cost": 1.21, "Plan Rows": 1, "Plan Width": 16, "Actual Min Startup Time": 0.025, "Actual Max Startup Time": 0.025, "Actual Min Total Time": 0.025, "Actual Max Total Time": 0.025, "Actual Total Rows": 0, "Filter": "((link)::text ~~ '%follows%'::text)", "Rows Removed by Filter": 17}]}]}]}]}, {"Node Type": "Materialize", "Parent Relationship": "Inner", "Startup Cost": 42343.05, "Total Cost": 60158.22, "Plan Rows": 2, "Plan Width": 44, "Actual Min Startup Time": 198.774, "Actual Max Startup Time": 198.774, "Actual Min Total Time": 198.774, "Actual Max Total Time": 198.774, "Actual Total Rows": 1, "Plans": [{"Node Type": "Nested Loop", "Parent Relationship": "Outer", "Join Type": "Inner", "Startup Cost": 42343.05, "Total Cost": 60158.21, "Plan Rows": 2, "Plan Width": 44, "Actual Min Startup Time": 198.759, "Actual Max Startup Time": 198.759, "Actual Min Total Time": 198.762, "Actual Max Total Time": 198.762, "Actual Total Rows": 5, "Inner Unique": false, "Join Filter": "(mc.company_type_id = ct.id)", "Rows Removed by Join Filter": 0, "Plans": [{"Node Type": "Seq Scan", "Parent Relationship": "Outer", "Relation Name": "company_type", "Alias": "ct", "Startup Cost": 0.0, "Total Cost": 1.04, "Plan Rows": 1, "Plan Width": 4, "Actual Min Startup Time": 0.017, "Actual Max Startup Time": 0.017, "Actual Min Total Time": 0.018, "Actual Max Total Time": 0.018, "Actual Total Rows": 1, "Filter": "((kind)::text = 'production companies'::text)", "Rows Removed by Filter": 2}, {"Node Type": "Materialize", "Parent Relationship": "Inner", "Startup Cost": 42343.05, "Total Cost": 60157.15, "Plan Rows": 2, "Plan Width": 48, "Actual Min Startup Time": 198.601, "Actual Max Startup Time": 198.601, "Actual Min Total Time": 198.601, "Actual Max Total Time": 198.601, "Actual Total Rows": 6, "Plans": [{"Node Type": "Hash Join", "Parent Relationship": "Outer", "Join Type": "Inner", "Startup Cost": 42343.05, "Total Cost": 60157.15, "Plan Rows": 2, "Plan Width": 48, "Actual Min Startup Time": 195.891, "Actual Max Startup Time": 195.891, "Actual Min Total Time": 198.587, "Actual Max Total Time": 198.587, "Actual Total Rows": 5, "Inner Unique": true, "Hash Cond": "(mc.company_id = cn.id)", "Plans": [{"Node Type": "Streaming(type: LOCAL GATHER dop: 1/16)", "Parent Relationship": "Outer", "Startup Cost": 34544.63, "Total Cost": 52358.69, "Plan Rows": 6, "Plan Width": 33, "Actual Min Startup Time": 7.466, "Actual Max Startup Time": 7.466, "Actual Min Total Time": 14.368, "Actual Max Total Time": 14.368, "Actual Total Rows": 22, "Plans": [{"Node Type": "Hash Join", "Parent Relationship": "Outer", "Join Type": "Inner", "Startup Cost": 34544.63, "Total Cost": 52358.56, "Plan Rows": 6, "Plan Width": 33, "Actual Min Startup Time": 58.635, "Actual Max Startup Time": 124.5, "Actual Min Total Time": 93.5, "Actual Max Total Time": 128.538, "Actual Total Rows": 22, "Inner Unique": true, "Hash Cond": "(mc.movie_id = t.id)", "Plans": [{"Node Type": "Seq Scan", "Parent Relationship": "Outer", "Relation Name": "movie_companies", "Alias": "mc", "Startup Cost": 0.0, "Total Cost": 17613.58, "Plan Rows": 1269486, "Plan Width": 12, "Actual Min Startup Time": 0.028, "Actual Max Startup Time": 0.148, "Actual Min Total Time": 36.442, "Actual Max Total Time": 45.005, "Actual Total Rows": 1271989, "Filter": "(note IS NULL), (LLVM Optimized)", "Rows Removed by Filter": 1337139}, {"Node Type": "Hash", "Parent Relationship": "Inner", "Startup Cost": 34544.58, "Total Cost": 34544.58, "Plan Rows": 64, "Plan Width": 21, "Actual Min Startup Time": 44.692, "Actual Max Startup Time": 72.098, "Actual Min Total Time": 44.692, "Actual Max Total Time": 72.098, "Actual Total Rows": 576, "Max Hash Buckets": 32768, "Min Hash Buckets": 32768, "Max Hash Batches": 1, "Min Hash Batches": 1, "Max Original Hash Batches": 1, "Min Original Hash Batches": 1, "Max Peak Memory Usage": 3, "min Peak Memory Usage": 3, "Plans": [{"Node Type": "Streaming(type: BROADCAST dop: 16/16)", "Parent Relationship": "Outer", "Startup Cost": 0.0, "Total Cost": 34544.58, "Plan Rows": 64, "Plan Width": 21, "Actual Min Startup Time": 24.598, "Actual Max Startup Time": 52.009, "Actual Min Total Time": 44.665, "Actual Max Total Time": 72.07, "Actual Total Rows": 576, "Plans": [{"Node Type": "Seq Scan", "Parent Relationship": "Outer", "Relation Name": "title", "Alias": "t", "Startup Cost": 0.0, "Total Cost": 19544.42, "Plan Rows": 4, "Plan Width": 21, "Actual Min Startup Time": 1.457, "Actual Max Startup Time": 64.073, "Actual Min Total Time": 60.694, "Actual Max Total Time": 64.179, "Actual Total Rows": 36, "Filter": "(((title)::text ~~ '%Money%'::text) AND (production_year = 1998))", "Rows Removed by Filter": 2528275}]}]}]}]}, {"Node Type": "Hash", "Parent Relationship": "Inner", "Startup Cost": 7078.43, "Total Cost": 7078.43, "Plan Rows": 57599, "Plan Width": 23, "Actual Min Startup Time": 184.107, "Actual Max Startup Time": 184.107, "Actual Min Total Time": 184.107, "Actual Max Total Time": 184.107, "Actual Total Rows": 48302, "Max Hash Buckets": 65536, "Min Hash Buckets": 65536, "Max Hash Batches": 1, "Min Hash Batches": 1, "Max Original Hash Batches": 1, "Min Original Hash Batches": 1, "Max Peak Memory Usage": 2625, "min Peak Memory Usage": 2625, "Plans": [{"Node Type": "Seq Scan", "Parent Relationship": "Outer", "Relation Name": "company_name", "Alias": "cn", "Startup Cost": 0.0, "Total Cost": 7078.43, "Plan Rows": 57599, "Plan Width": 23, "Actual Min Startup Time": 0.078, "Actual Max Startup Time": 0.078, "Actual Min Total Time": 168.172, "Actual Max Total Time": 168.172, "Actual Total Rows": 48302, "Filter": "(((country_code)::text <> '[pl]'::text) AND (((name)::text ~~ '%Film%'::text) OR ((name)::text ~~ '%Warner%'::text)))", "Rows Removed by Filter": 186694}]}]}]}]}]}]}]}, "Triggers": [], "Planner Runtime": 356.168, "Total Runtime": 218.317, "Unique SQL Id": 4121279504}}, "(16, 15)": {"explain_plan": {"Plan": {"Node Type": "Aggregate", "Strategy": "Plain", "Startup Cost": 2483351514613.15, "Total Cost": 2483351514613.16, "Plan Rows": 1, "Plan Width": 144, "Plans": [{"Node Type": "Nested Loop", "Parent Relationship": "Outer", "Join Type": "Inner", "Startup Cost": 80042213480.87, "Total Cost": 2483351514613.14, "Plan Rows": 1, "Plan Width": 48, "Inner Unique": true, "Join Filter": "(ml.link_type_id = lt.id)", "Plans": [{"Node Type": "Merge Join", "Parent Relationship": "Outer", "Join Type": "Inner", "Startup Cost": 70042213480.87, "Total Cost": 1483351513358.38, "Plan Rows": 1, "Plan Width": 40, "Inner Unique": false, "Merge Cond": "(mk.movie_id = ml.movie_id)", "Plans": [{"Node Type": "Nested Loop", "Parent Relationship": "Outer", "Join Type": "Inner", "Startup Cost": 20000000000.0, "Total Cost": 2000015686764.79, "Plan Rows": 33, "Plan Width": 4, "Inner Unique": true, "Join Filter": "(k.id = mk.keyword_id)", "Plans": [{"Node Type": "Index Scan", "Parent Relationship": "Outer", "Scan Direction": "Forward", "Index Name": "movie_id_movie_keyword", "Relation Name": "movie_keyword", "Alias": "mk", "Startup Cost": 10000000000.0, "Total Cost": 1000015300634.17, "Plan Rows": 4523929, "Plan Width": 8}, {"Node Type": "Materialize", "Parent Relationship": "Inner", "Startup Cost": 10000000000.0, "Total Cost": 1000000318271.69, "Plan Rows": 1, "Plan Width": 4, "Plans": [{"Node Type": "Index Scan", "Parent Relationship": "Outer", "Scan Direction": "Forward", "Index Name": "keyword_pkey", "Relation Name": "keyword", "Alias": "k", "Startup Cost": 10000000000.0, "Total Cost": 1000000318271.68, "Plan Rows": 1, "Plan Width": 4, "Filter": "((keyword)::text = 'sequel'::text)"}]}]}, {"Node Type": "Materialize", "Parent Relationship": "Inner", "Startup Cost": 50042213480.87, "Total Cost": 1403351038001.82, "Plan Rows": 12, "Plan Width": 52, "Plans": [{"Node Type": "Merge Join", "Parent Relationship": "Outer", "Join Type": "Inner", "Startup Cost": 50042213480.87, "Total Cost": 1403351038001.79, "Plan Rows": 12, "Plan Width": 52, "Inner Unique": false, "Merge Cond": "(mc.movie_id = ml.movie_id)", "Plans": [{"Node Type": "Nested Loop", "Parent Relationship": "Outer", "Join Type": "Inner", "Startup Cost": 30000000000.0, "Total Cost": 3000562648430.49, "Plan Rows": 211110, "Plan Width": 23, "Inner Unique": true, "Join Filter": "(mc.company_id = cn.id), (LLVM Optimized)", "Plans": [{"Node Type": "Nested Loop", "Parent Relationship": "Outer", "Join Type": "Inner", "Startup Cost": 20000000000.0, "Total Cost": 2000013072218.67, "Plan Rows": 634743, "Plan Width": 8, "Inner Unique": true, "Join Filter": "(ct.id = mc.company_type_id), (LLVM Optimized)", "Plans": [{"Node Type": "Index Scan", "Parent Relationship": "Outer", "Scan Direction": "Forward", "Index Name": "movie_id_movie_companies", "Relation Name": "movie_companies", "Alias": "mc", "Startup Cost": 10000000000.0, "Total Cost": 1000013051946.13, "Plan Rows": 1269486, "Plan Width": 12, "Filter": "(note IS NULL), (LLVM Optimized)"}, {"Node Type": "Materialize", "Parent Relationship": "Inner", "Startup Cost": 10000000000.0, "Total Cost": 1000000001230.26, "Plan Rows": 1, "Plan Width": 4, "Plans": [{"Node Type": "Index Scan", "Parent Relationship": "Outer", "Scan Direction": "Forward", "Index Name": "company_type_pkey", "Relation Name": "company_type", "Alias": "ct", "Startup Cost": 10000000000.0, "Total Cost": 1000000001230.25, "Plan Rows": 1, "Plan Width": 4, "Filter": "((kind)::text = 'production companies'::text)"}]}]}, {"Node Type": "Materialize", "Parent Relationship": "Inner", "Startup Cost": 10000000000.0, "Total Cost": 1000001167924.96, "Plan Rows": 57599, "Plan Width": 23, "Plans": [{"Node Type": "Index Scan", "Parent Relationship": "Outer", "Scan Direction": "Forward", "Index Name": "company_name_pkey", "Relation Name": "company_name", "Alias": "cn", "Startup Cost": 10000000000.0, "Total Cost": 1000001167636.97, "Plan Rows": 57599, "Plan Width": 23, "Filter": "(((country_code)::text <> '[pl]'::text) AND (((name)::text ~~ '%Film%'::text) OR ((name)::text ~~ '%Warner%'::text)))"}]}]}, {"Node Type": "Materialize", "Parent Relationship": "Inner", "Startup Cost": 20000000000.0, "Total Cost": 1257503175328.76, "Plan Rows": 19, "Plan Width": 29, "Plans": [{"Node Type": "Merge Join", "Parent Relationship": "Outer", "Join Type": "Inner", "Startup Cost": 20000000000.0, "Total Cost": 1257503175328.72, "Plan Rows": 19, "Plan Width": 29, "Inner Unique": true, "Merge Cond": "(ml.movie_id = t.id)", "Plans": [{"Node Type": "Index Scan", "Parent Relationship": "Outer", "Scan Direction": "Forward", "Index Name": "movie_id_movie_link", "Relation Name": "movie_link", "Alias": "ml", "Startup Cost": 10000000000.0, "Total Cost": 1000000106202.37, "Plan Rows": 29996, "Plan Width": 8}, {"Node Type": "Materialize", "Parent Relationship": "Inner", "Startup Cost": 10000000000.0, "Total Cost": 1000012276204.42, "Plan Rows": 4, "Plan Width": 21, "Plans": [{"Node Type": "Index Scan", "Parent Relationship": "Outer", "Scan Direction": "Forward", "Index Name": "title_pkey", "Relation Name": "title", "Alias": "t", "Startup Cost": 10000000000.0, "Total Cost": 1000012276204.41, "Plan Rows": 4, "Plan Width": 21, "Filter": "(((title)::text ~~ '%Money%'::text) AND (production_year = 1998))"}]}]}]}]}]}]}, {"Node Type": "Index Scan", "Parent Relationship": "Inner", "Scan Direction": "Forward", "Index Name": "link_type_pkey", "Relation Name": "link_type", "Alias": "lt", "Startup Cost": 10000000000.0, "Total Cost": 1000000001254.75, "Plan Rows": 1, "Plan Width": 16, "Filter": "((link)::text ~~ '%follows%'::text)"}]}]}, "Unique SQL Id": 4121279504}, "explain_analyze_plan": null}, "(16, 16)": {"explain_plan": {"Plan": {"Node Type": "Aggregate", "Strategy": "Plain", "Startup Cost": 2581.34, "Total Cost": 2581.35, "Plan Rows": 1, "Plan Width": 144, "Plans": [{"Node Type": "Nested Loop", "Parent Relationship": "Outer", "Join Type": "Inner", "Startup Cost": 4.51, "Total Cost": 2581.33, "Plan Rows": 1, "Plan Width": 48, "Inner Unique": true, "Plans": [{"Node Type": "Nested Loop", "Parent Relationship": "Outer", "Join Type": "Inner", "Startup Cost": 4.51, "Total Cost": 2581.05, "Plan Rows": 1, "Plan Width": 40, "Inner Unique": false, "Join Filter": "(t.id = ml.movie_id)", "Plans": [{"Node Type": "Nested Loop", "Parent Relationship": "Outer", "Join Type": "Inner", "Startup Cost": 4.51, "Total Cost": 2580.63, "Plan Rows": 1, "Plan Width": 48, "Inner Unique": true, "Plans": [{"Node Type": "Nested Loop", "Parent Relationship": "Outer", "Join Type": "Inner", "Startup Cost": 4.51, "Total Cost": 2580.35, "Plan Rows": 1, "Plan Width": 52, "Inner Unique": true, "Plans": [{"Node Type": "Nested Loop", "Parent Relationship": "Outer", "Join Type": "Inner", "Startup Cost": 4.51, "Total Cost": 2580.05, "Plan Rows": 1, "Plan Width": 37, "Inner Unique": false, "Join Filter": "(t.id = mc.movie_id)", "Plans": [{"Node Type": "Nested Loop", "Parent Relationship": "Outer", "Join Type": "Inner", "Startup Cost": 4.51, "Total Cost": 2579.71, "Plan Rows": 1, "Plan Width": 25, "Inner Unique": true, "Plans": [{"Node Type": "Nested Loop", "Parent Relationship": "Outer", "Join Type": "Inner", "Startup Cost": 4.51, "Total Cost": 2569.02, "Plan Rows": 33, "Plan Width": 4, "Inner Unique": false, "Plans": [{"Node Type": "Seq Scan", "Parent Relationship": "Outer", "Relation Name": "keyword", "Alias": "k", "Startup Cost": 0.0, "Total Cost": 2436.11, "Plan Rows": 1, "Plan Width": 4, "Filter": "((keyword)::text = 'sequel'::text)"}, {"Node Type": "Bitmap Heap Scan", "Parent Relationship": "Inner", "Relation Name": "movie_keyword", "Alias": "mk", "Startup Cost": 4.51, "Total Cost": 132.58, "Plan Rows": 33, "Plan Width": 8, "Recheck Cond": "(keyword_id = k.id)", "Plans": [{"Node Type": "Bitmap Index Scan", "Parent Relationship": "Outer", "Index Name": "keyword_id_movie_keyword", "Startup Cost": 0.0, "Total Cost": 4.5, "Plan Rows": 33, "Plan Width": 0, "Index Cond": "(keyword_id = k.id)"}]}]}, {"Node Type": "Index Scan", "Parent Relationship": "Inner", "Scan Direction": "Forward", "Index Name": "title_pkey", "Relation Name": "title", "Alias": "t", "Startup Cost": 0.0, "Total Cost": 0.31, "Plan Rows": 1, "Plan Width": 21, "Index Cond": "(id = mk.movie_id)", "Filter": "(((title)::text ~~ '%Money%'::text) AND (production_year = 1998))"}]}, {"Node Type": "Index Scan", "Parent Relationship": "Inner", "Scan Direction": "Forward", "Index Name": "movie_id_movie_companies", "Relation Name": "movie_companies", "Alias": "mc", "Startup Cost": 0.0, "Total Cost": 0.31, "Plan Rows": 2, "Plan Width": 12, "Index Cond": "(movie_id = mk.movie_id)", "Filter": "(note IS NULL)"}]}, {"Node Type": "Index Scan", "Parent Relationship": "Inner", "Scan Direction": "Forward", "Index Name": "company_name_pkey", "Relation Name": "company_name", "Alias": "cn", "Startup Cost": 0.0, "Total Cost": 0.29, "Plan Rows": 1, "Plan Width": 23, "Index Cond": "(id = mc.company_id)", "Filter": "(((country_code)::text <> '[pl]'::text) AND (((name)::text ~~ '%Film%'::text) OR ((name)::text ~~ '%Warner%'::text)))"}]}, {"Node Type": "Index Scan", "Parent Relationship": "Inner", "Scan Direction": "Forward", "Index Name": "company_type_pkey", "Relation Name": "company_type", "Alias": "ct", "Startup Cost": 0.0, "Total Cost": 0.27, "Plan Rows": 1, "Plan Width": 4, "Index Cond": "(id = mc.company_type_id)", "Filter": "((kind)::text = 'production companies'::text)"}]}, {"Node Type": "Index Scan", "Parent Relationship": "Inner", "Scan Direction": "Forward", "Index Name": "movie_id_movie_link", "Relation Name": "movie_link", "Alias": "ml", "Startup Cost": 0.0, "Total Cost": 0.35, "Plan Rows": 5, "Plan Width": 8, "Index Cond": "(movie_id = mk.movie_id)"}]}, {"Node Type": "Index Scan", "Parent Relationship": "Inner", "Scan Direction": "Forward", "Index Name": "link_type_pkey", "Relation Name": "link_type", "Alias": "lt", "Startup Cost": 0.0, "Total Cost": 0.27, "Plan Rows": 1, "Plan Width": 16, "Index Cond": "(id = ml.link_type_id)", "Filter": "((link)::text ~~ '%follows%'::text)"}]}]}, "Unique SQL Id": 4121279504}, "explain_analyze_plan": {"Plan": {"Node Type": "Aggregate", "Strategy": "Plain", "Startup Cost": 2581.34, "Total Cost": 2581.35, "Plan Rows": 1, "Plan Width": 144, "Actual Startup Time": 126.718, "Actual Total Time": 126.718, "Actual Rows": 1, "Actual Loops": 1, "Plans": [{"Node Type": "Nested Loop", "Parent Relationship": "Outer", "Join Type": "Inner", "Startup Cost": 4.51, "Total Cost": 2581.33, "Plan Rows": 1, "Plan Width": 48, "Actual Startup Time": 126.712, "Actual Total Time": 126.712, "Actual Rows": 0, "Actual Loops": 1, "Inner Unique": true, "Plans": [{"Node Type": "Nested Loop", "Parent Relationship": "Outer", "Join Type": "Inner", "Startup Cost": 4.51, "Total Cost": 2581.05, "Plan Rows": 1, "Plan Width": 40, "Actual Startup Time": 6.094, "Actual Total Time": 126.628, "Actual Rows": 38, "Actual Loops": 1, "Inner Unique": false, "Join Filter": "(t.id = ml.movie_id)", "Rows Removed by Join Filter": 0, "Plans": [{"Node Type": "Nested Loop", "Parent Relationship": "Outer", "Join Type": "Inner", "Startup Cost": 4.51, "Total Cost": 2580.63, "Plan Rows": 1, "Plan Width": 48, "Actual Startup Time": 6.079, "Actual Total Time": 126.579, "Actual Rows": 2, "Actual Loops": 1, "Inner Unique": true, "Plans": [{"Node Type": "Nested Loop", "Parent Relationship": "Outer", "Join Type": "Inner", "Startup Cost": 4.51, "Total Cost": 2580.35, "Plan Rows": 1, "Plan Width": 52, "Actual Startup Time": 6.07, "Actual Total Time": 126.566, "Actual Rows": 2, "Actual Loops": 1, "Inner Unique": true, "Plans": [{"Node Type": "Nested Loop", "Parent Relationship": "Outer", "Join Type": "Inner", "Startup Cost": 4.51, "Total Cost": 2580.05, "Plan Rows": 1, "Plan Width": 37, "Actual Startup Time": 6.053, "Actual Total Time": 126.529, "Actual Rows": 3, "Actual Loops": 1, "Inner Unique": false, "Join Filter": "(t.id = mc.movie_id)", "Rows Removed by Join Filter": 0, "Plans": [{"Node Type": "Nested Loop", "Parent Relationship": "Outer", "Join Type": "Inner", "Startup Cost": 4.51, "Total Cost": 2579.71, "Plan Rows": 1, "Plan Width": 25, "Actual Startup Time": 6.03, "Actual Total Time": 126.501, "Actual Rows": 1, "Actual Loops": 1, "Inner Unique": true, "Plans": [{"Node Type": "Nested Loop", "Parent Relationship": "Outer", "Join Type": "Inner", "Startup Cost": 4.51, "Total Cost": 2569.02, "Plan Rows": 33, "Plan Width": 4, "Actual Startup Time": 5.681, "Actual Total Time": 64.348, "Actual Rows": 10544, "Actual Loops": 1, "Inner Unique": false, "Plans": [{"Node Type": "Seq Scan", "Parent Relationship": "Outer", "Relation Name": "keyword", "Alias": "k", "Startup Cost": 0.0, "Total Cost": 2436.11, "Plan Rows": 1, "Plan Width": 4, "Actual Startup Time": 2.377, "Actual Total Time": 41.877, "Actual Rows": 1, "Actual Loops": 1, "Filter": "((keyword)::text = 'sequel'::text)", "Rows Removed by Filter": 134168}, {"Node Type": "Bitmap Heap Scan", "Parent Relationship": "Inner", "Relation Name": "movie_keyword", "Alias": "mk", "Startup Cost": 4.51, "Total Cost": 132.58, "Plan Rows": 33, "Plan Width": 8, "Actual Startup Time": 3.296, "Actual Total Time": 20.334, "Actual Rows": 10544, "Actual Loops": 1, "Recheck Cond": "(keyword_id = k.id)", "Rows Removed by Index Recheck": 0, "Exact Heap Blocks": 5090, "Lossy Heap Blocks": 5090, "Plans": [{"Node Type": "Bitmap Index Scan", "Parent Relationship": "Outer", "Index Name": "keyword_id_movie_keyword", "Startup Cost": 0.0, "Total Cost": 4.5, "Plan Rows": 33, "Plan Width": 0, "Actual Startup Time": 2.369, "Actual Total Time": 2.369, "Actual Rows": 10544, "Actual Loops": 1, "Index Cond": "(keyword_id = k.id)"}]}]}, {"Node Type": "Index Scan", "Parent Relationship": "Inner", "Scan Direction": "Forward", "Index Name": "title_pkey", "Relation Name": "title", "Alias": "t", "Startup Cost": 0.0, "Total Cost": 0.31, "Plan Rows": 1, "Plan Width": 21, "Actual Startup Time": 56.882, "Actual Total Time": 56.882, "Actual Rows": 1, "Actual Loops": 10544, "Index Cond": "(id = mk.movie_id)", "Rows Removed by Index Recheck": 0, "Filter": "(((title)::text ~~ '%Money%'::text) AND (production_year = 1998))", "Rows Removed by Filter": 10543}]}, {"Node Type": "Index Scan", "Parent Relationship": "Inner", "Scan Direction": "Forward", "Index Name": "movie_id_movie_companies", "Relation Name": "movie_companies", "Alias": "mc", "Startup Cost": 0.0, "Total Cost": 0.31, "Plan Rows": 2, "Plan Width": 12, "Actual Startup Time": 0.018, "Actual Total Time": 0.02, "Actual Rows": 3, "Actual Loops": 1, "Index Cond": "(movie_id = mk.movie_id)", "Rows Removed by Index Recheck": 0, "Filter": "(note IS NULL)", "Rows Removed by Filter": 1}]}, {"Node Type": "Index Scan", "Parent Relationship": "Inner", "Scan Direction": "Forward", "Index Name": "company_name_pkey", "Relation Name": "company_name", "Alias": "cn", "Startup Cost": 0.0, "Total Cost": 0.29, "Plan Rows": 1, "Plan Width": 23, "Actual Startup Time": 0.032, "Actual Total Time": 0.032, "Actual Rows": 2, "Actual Loops": 3, "Index Cond": "(id = mc.company_id)", "Rows Removed by Index Recheck": 0, "Filter": "(((country_code)::text <> '[pl]'::text) AND (((name)::text ~~ '%Film%'::text) OR ((name)::text ~~ '%Warner%'::text)))", "Rows Removed by Filter": 1}]}, {"Node Type": "Index Scan", "Parent Relationship": "Inner", "Scan Direction": "Forward", "Index Name": "company_type_pkey", "Relation Name": "company_type", "Alias": "ct", "Startup Cost": 0.0, "Total Cost": 0.27, "Plan Rows": 1, "Plan Width": 4, "Actual Startup Time": 0.008, "Actual Total Time": 0.008, "Actual Rows": 2, "Actual Loops": 2, "Index Cond": "(id = mc.company_type_id)", "Rows Removed by Index Recheck": 0, "Filter": "((kind)::text = 'production companies'::text)", "Rows Removed by Filter": 0}]}, {"Node Type": "Index Scan", "Parent Relationship": "Inner", "Scan Direction": "Forward", "Index Name": "movie_id_movie_link", "Relation Name": "movie_link", "Alias": "ml", "Startup Cost": 0.0, "Total Cost": 0.35, "Plan Rows": 5, "Plan Width": 8, "Actual Startup Time": 0.016, "Actual Total Time": 0.031, "Actual Rows": 38, "Actual Loops": 2, "Index Cond": "(movie_id = mk.movie_id)", "Rows Removed by Index Recheck": 0}]}, {"Node Type": "Index Scan", "Parent Relationship": "Inner", "Scan Direction": "Forward", "Index Name": "link_type_pkey", "Relation Name": "link_type", "Alias": "lt", "Startup Cost": 0.0, "Total Cost": 0.27, "Plan Rows": 1, "Plan Width": 16, "Actual Startup Time": 0.064, "Actual Total Time": 0.064, "Actual Rows": 0, "Actual Loops": 38, "Index Cond": "(id = ml.link_type_id)", "Rows Removed by Index Recheck": 0, "Filter": "((link)::text ~~ '%follows%'::text)", "Rows Removed by Filter": 24}]}]}, "Triggers": [], "Planner Runtime": 87.526, "Total Runtime": 127.163, "Unique SQL Id": 4121279504}}, "(16, 17)": {"explain_plan": {"Plan": {"Node Type": "Aggregate", "Strategy": "Plain", "Startup Cost": 3327.94, "Total Cost": 3327.95, "Plan Rows": 1, "Plan Width": 144, "Plans": [{"Node Type": "Nested Loop", "Parent Relationship": "Outer", "Join Type": "Inner", "Startup Cost": 4.51, "Total Cost": 3327.93, "Plan Rows": 1, "Plan Width": 48, "Inner Unique": true, "Plans": [{"Node Type": "Nested Loop", "Parent Relationship": "Outer", "Join Type": "Inner", "Startup Cost": 4.51, "Total Cost": 3327.65, "Plan Rows": 1, "Plan Width": 40, "Inner Unique": false, "Join Filter": "(t.id = ml.movie_id)", "Plans": [{"Node Type": "Nested Loop", "Parent Relationship": "Outer", "Join Type": "Inner", "Startup Cost": 4.51, "Total Cost": 3327.24, "Plan Rows": 1, "Plan Width": 48, "Inner Unique": true, "Plans": [{"Node Type": "Nested Loop", "Parent Relationship": "Outer", "Join Type": "Inner", "Startup Cost": 4.51, "Total Cost": 3326.95, "Plan Rows": 1, "Plan Width": 52, "Inner Unique": true, "Plans": [{"Node Type": "Nested Loop", "Parent Relationship": "Outer", "Join Type": "Inner", "Startup Cost": 4.51, "Total Cost": 3326.66, "Plan Rows": 1, "Plan Width": 37, "Inner Unique": false, "Join Filter": "(t.id = mc.movie_id)", "Plans": [{"Node Type": "Nested Loop", "Parent Relationship": "Outer", "Join Type": "Inner", "Startup Cost": 4.51, "Total Cost": 3326.32, "Plan Rows": 1, "Plan Width": 25, "Inner Unique": true, "Plans": [{"Node Type": "Nested Loop", "Parent Relationship": "Outer", "Join Type": "Inner", "Startup Cost": 4.51, "Total Cost": 3315.63, "Plan Rows": 33, "Plan Width": 4, "Inner Unique": false, "Plans": [{"Node Type": "Index Scan", "Parent Relationship": "Outer", "Scan Direction": "Forward", "Index Name": "keyword_pkey", "Relation Name": "keyword", "Alias": "k", "Startup Cost": 0.0, "Total Cost": 3182.72, "Plan Rows": 1, "Plan Width": 4, "Filter": "((keyword)::text = 'sequel'::text)"}, {"Node Type": "Bitmap Heap Scan", "Parent Relationship": "Inner", "Relation Name": "movie_keyword", "Alias": "mk", "Startup Cost": 4.51, "Total Cost": 132.58, "Plan Rows": 33, "Plan Width": 8, "Recheck Cond": "(keyword_id = k.id)", "Plans": [{"Node Type": "Bitmap Index Scan", "Parent Relationship": "Outer", "Index Name": "keyword_id_movie_keyword", "Startup Cost": 0.0, "Total Cost": 4.5, "Plan Rows": 33, "Plan Width": 0, "Index Cond": "(keyword_id = k.id)"}]}]}, {"Node Type": "Index Scan", "Parent Relationship": "Inner", "Scan Direction": "Forward", "Index Name": "title_pkey", "Relation Name": "title", "Alias": "t", "Startup Cost": 0.0, "Total Cost": 0.31, "Plan Rows": 1, "Plan Width": 21, "Index Cond": "(id = mk.movie_id)", "Filter": "(((title)::text ~~ '%Money%'::text) AND (production_year = 1998))"}]}, {"Node Type": "Index Scan", "Parent Relationship": "Inner", "Scan Direction": "Forward", "Index Name": "movie_id_movie_companies", "Relation Name": "movie_companies", "Alias": "mc", "Startup Cost": 0.0, "Total Cost": 0.31, "Plan Rows": 2, "Plan Width": 12, "Index Cond": "(movie_id = mk.movie_id)", "Filter": "(note IS NULL)"}]}, {"Node Type": "Index Scan", "Parent Relationship": "Inner", "Scan Direction": "Forward", "Index Name": "company_name_pkey", "Relation Name": "company_name", "Alias": "cn", "Startup Cost": 0.0, "Total Cost": 0.29, "Plan Rows": 1, "Plan Width": 23, "Index Cond": "(id = mc.company_id)", "Filter": "(((country_code)::text <> '[pl]'::text) AND (((name)::text ~~ '%Film%'::text) OR ((name)::text ~~ '%Warner%'::text)))"}]}, {"Node Type": "Index Scan", "Parent Relationship": "Inner", "Scan Direction": "Forward", "Index Name": "company_type_pkey", "Relation Name": "company_type", "Alias": "ct", "Startup Cost": 0.0, "Total Cost": 0.27, "Plan Rows": 1, "Plan Width": 4, "Index Cond": "(id = mc.company_type_id)", "Filter": "((kind)::text = 'production companies'::text)"}]}, {"Node Type": "Index Scan", "Parent Relationship": "Inner", "Scan Direction": "Forward", "Index Name": "movie_id_movie_link", "Relation Name": "movie_link", "Alias": "ml", "Startup Cost": 0.0, "Total Cost": 0.35, "Plan Rows": 5, "Plan Width": 8, "Index Cond": "(movie_id = mk.movie_id)"}]}, {"Node Type": "Index Scan", "Parent Relationship": "Inner", "Scan Direction": "Forward", "Index Name": "link_type_pkey", "Relation Name": "link_type", "Alias": "lt", "Startup Cost": 0.0, "Total Cost": 0.27, "Plan Rows": 1, "Plan Width": 16, "Index Cond": "(id = ml.link_type_id)", "Filter": "((link)::text ~~ '%follows%'::text)"}]}]}, "Unique SQL Id": 4121279504}, "explain_analyze_plan": {"Plan": {"Node Type": "Aggregate", "Strategy": "Plain", "Startup Cost": 3327.94, "Total Cost": 3327.95, "Plan Rows": 1, "Plan Width": 144, "Actual Startup Time": 210.021, "Actual Total Time": 210.022, "Actual Rows": 1, "Actual Loops": 1, "Plans": [{"Node Type": "Nested Loop", "Parent Relationship": "Outer", "Join Type": "Inner", "Startup Cost": 4.51, "Total Cost": 3327.93, "Plan Rows": 1, "Plan Width": 48, "Actual Startup Time": 210.015, "Actual Total Time": 210.015, "Actual Rows": 0, "Actual Loops": 1, "Inner Unique": true, "Plans": [{"Node Type": "Nested Loop", "Parent Relationship": "Outer", "Join Type": "Inner", "Startup Cost": 4.51, "Total Cost": 3327.65, "Plan Rows": 1, "Plan Width": 40, "Actual Startup Time": 4.252, "Actual Total Time": 209.927, "Actual Rows": 38, "Actual Loops": 1, "Inner Unique": false, "Join Filter": "(t.id = ml.movie_id)", "Rows Removed by Join Filter": 0, "Plans": [{"Node Type": "Nested Loop", "Parent Relationship": "Outer", "Join Type": "Inner", "Startup Cost": 4.51, "Total Cost": 3327.24, "Plan Rows": 1, "Plan Width": 48, "Actual Startup Time": 4.237, "Actual Total Time": 209.878, "Actual Rows": 2, "Actual Loops": 1, "Inner Unique": true, "Plans": [{"Node Type": "Nested Loop", "Parent Relationship": "Outer", "Join Type": "Inner", "Startup Cost": 4.51, "Total Cost": 3326.95, "Plan Rows": 1, "Plan Width": 52, "Actual Startup Time": 4.228, "Actual Total Time": 209.865, "Actual Rows": 2, "Actual Loops": 1, "Inner Unique": true, "Plans": [{"Node Type": "Nested Loop", "Parent Relationship": "Outer", "Join Type": "Inner", "Startup Cost": 4.51, "Total Cost": 3326.66, "Plan Rows": 1, "Plan Width": 37, "Actual Startup Time": 4.21, "Actual Total Time": 209.826, "Actual Rows": 3, "Actual Loops": 1, "Inner Unique": false, "Join Filter": "(t.id = mc.movie_id)", "Rows Removed by Join Filter": 0, "Plans": [{"Node Type": "Nested Loop", "Parent Relationship": "Outer", "Join Type": "Inner", "Startup Cost": 4.51, "Total Cost": 3326.32, "Plan Rows": 1, "Plan Width": 25, "Actual Startup Time": 4.189, "Actual Total Time": 209.801, "Actual Rows": 1, "Actual Loops": 1, "Inner Unique": true, "Plans": [{"Node Type": "Nested Loop", "Parent Relationship": "Outer", "Join Type": "Inner", "Startup Cost": 4.51, "Total Cost": 3315.63, "Plan Rows": 33, "Plan Width": 4, "Actual Startup Time": 3.839, "Actual Total Time": 145.857, "Actual Rows": 10544, "Actual Loops": 1, "Inner Unique": false, "Plans": [{"Node Type": "Index Scan", "Parent Relationship": "Outer", "Scan Direction": "Forward", "Index Name": "keyword_pkey", "Relation Name": "keyword", "Alias": "k", "Startup Cost": 0.0, "Total Cost": 3182.72, "Plan Rows": 1, "Plan Width": 4, "Actual Startup Time": 0.526, "Actual Total Time": 122.744, "Actual Rows": 1, "Actual Loops": 1, "Filter": "((keyword)::text = 'sequel'::text)", "Rows Removed by Filter": 134168}, {"Node Type": "Bitmap Heap Scan", "Parent Relationship": "Inner", "Relation Name": "movie_keyword", "Alias": "mk", "Startup Cost": 4.51, "Total Cost": 132.58, "Plan Rows": 33, "Plan Width": 8, "Actual Startup Time": 3.306, "Actual Total Time": 20.899, "Actual Rows": 10544, "Actual Loops": 1, "Recheck Cond": "(keyword_id = k.id)", "Rows Removed by Index Recheck": 0, "Exact Heap Blocks": 5090, "Lossy Heap Blocks": 5090, "Plans": [{"Node Type": "Bitmap Index Scan", "Parent Relationship": "Outer", "Index Name": "keyword_id_movie_keyword", "Startup Cost": 0.0, "Total Cost": 4.5, "Plan Rows": 33, "Plan Width": 0, "Actual Startup Time": 2.388, "Actual Total Time": 2.388, "Actual Rows": 10544, "Actual Loops": 1, "Index Cond": "(keyword_id = k.id)"}]}]}, {"Node Type": "Index Scan", "Parent Relationship": "Inner", "Scan Direction": "Forward", "Index Name": "title_pkey", "Relation Name": "title", "Alias": "t", "Startup Cost": 0.0, "Total Cost": 0.31, "Plan Rows": 1, "Plan Width": 21, "Actual Startup Time": 58.603, "Actual Total Time": 58.603, "Actual Rows": 1, "Actual Loops": 10544, "Index Cond": "(id = mk.movie_id)", "Rows Removed by Index Recheck": 0, "Filter": "(((title)::text ~~ '%Money%'::text) AND (production_year = 1998))", "Rows Removed by Filter": 10543}]}, {"Node Type": "Index Scan", "Parent Relationship": "Inner", "Scan Direction": "Forward", "Index Name": "movie_id_movie_companies", "Relation Name": "movie_companies", "Alias": "mc", "Startup Cost": 0.0, "Total Cost": 0.31, "Plan Rows": 2, "Plan Width": 12, "Actual Startup Time": 0.017, "Actual Total Time": 0.019, "Actual Rows": 3, "Actual Loops": 1, "Index Cond": "(movie_id = mk.movie_id)", "Rows Removed by Index Recheck": 0, "Filter": "(note IS NULL)", "Rows Removed by Filter": 1}]}, {"Node Type": "Index Scan", "Parent Relationship": "Inner", "Scan Direction": "Forward", "Index Name": "company_name_pkey", "Relation Name": "company_name", "Alias": "cn", "Startup Cost": 0.0, "Total Cost": 0.29, "Plan Rows": 1, "Plan Width": 23, "Actual Startup Time": 0.034, "Actual Total Time": 0.034, "Actual Rows": 2, "Actual Loops": 3, "Index Cond": "(id = mc.company_id)", "Rows Removed by Index Recheck": 0, "Filter": "(((country_code)::text <> '[pl]'::text) AND (((name)::text ~~ '%Film%'::text) OR ((name)::text ~~ '%Warner%'::text)))", "Rows Removed by Filter": 1}]}, {"Node Type": "Index Scan", "Parent Relationship": "Inner", "Scan Direction": "Forward", "Index Name": "company_type_pkey", "Relation Name": "company_type", "Alias": "ct", "Startup Cost": 0.0, "Total Cost": 0.27, "Plan Rows": 1, "Plan Width": 4, "Actual Startup Time": 0.009, "Actual Total Time": 0.009, "Actual Rows": 2, "Actual Loops": 2, "Index Cond": "(id = mc.company_type_id)", "Rows Removed by Index Recheck": 0, "Filter": "((kind)::text = 'production companies'::text)", "Rows Removed by Filter": 0}]}, {"Node Type": "Index Scan", "Parent Relationship": "Inner", "Scan Direction": "Forward", "Index Name": "movie_id_movie_link", "Relation Name": "movie_link", "Alias": "ml", "Startup Cost": 0.0, "Total Cost": 0.35, "Plan Rows": 5, "Plan Width": 8, "Actual Startup Time": 0.016, "Actual Total Time": 0.029, "Actual Rows": 38, "Actual Loops": 2, "Index Cond": "(movie_id = mk.movie_id)", "Rows Removed by Index Recheck": 0}]}, {"Node Type": "Index Scan", "Parent Relationship": "Inner", "Scan Direction": "Forward", "Index Name": "link_type_pkey", "Relation Name": "link_type", "Alias": "lt", "Startup Cost": 0.0, "Total Cost": 0.27, "Plan Rows": 1, "Plan Width": 16, "Actual Startup Time": 0.063, "Actual Total Time": 0.063, "Actual Rows": 0, "Actual Loops": 38, "Index Cond": "(id = ml.link_type_id)", "Rows Removed by Index Recheck": 0, "Filter": "((link)::text ~~ '%follows%'::text)", "Rows Removed by Filter": 24}]}]}, "Triggers": [], "Planner Runtime": 75.74, "Total Runtime": 210.444, "Unique SQL Id": 4121279504}}, "(16, 18)": {"explain_plan": {"Plan": {"Node Type": "Aggregate", "Strategy": "Plain", "Startup Cost": 2726.02, "Total Cost": 2726.03, "Plan Rows": 1, "Plan Width": 144, "Plans": [{"Node Type": "Nested Loop", "Parent Relationship": "Outer", "Join Type": "Inner", "Startup Cost": 5.59, "Total Cost": 2726.01, "Plan Rows": 1, "Plan Width": 48, "Inner Unique": true, "Join Filter": "(ml.link_type_id = lt.id)", "Plans": [{"Node Type": "Nested Loop", "Parent Relationship": "Outer", "Join Type": "Inner", "Startup Cost": 5.59, "Total Cost": 2724.78, "Plan Rows": 1, "Plan Width": 40, "Inner Unique": false, "Join Filter": "(t.id = ml.movie_id)", "Plans": [{"Node Type": "Nested Loop", "Parent Relationship": "Outer", "Join Type": "Inner", "Startup Cost": 5.3, "Total Cost": 2720.37, "Plan Rows": 1, "Plan Width": 48, "Inner Unique": true, "Join Filter": "(mc.company_type_id = ct.id)", "Plans": [{"Node Type": "Nested Loop", "Parent Relationship": "Outer", "Join Type": "Inner", "Startup Cost": 5.3, "Total Cost": 2719.32, "Plan Rows": 1, "Plan Width": 52, "Inner Unique": true, "Plans": [{"Node Type": "Nested Loop", "Parent Relationship": "Outer", "Join Type": "Inner", "Startup Cost": 5.05, "Total Cost": 2715.03, "Plan Rows": 1, "Plan Width": 37, "Inner Unique": false, "Join Filter": "(t.id = mc.movie_id)", "Plans": [{"Node Type": "Nested Loop", "Parent Relationship": "Outer", "Join Type": "Inner", "Startup Cost": 4.77, "Total Cost": 2710.71, "Plan Rows": 1, "Plan Width": 25, "Inner Unique": true, "Plans": [{"Node Type": "Nested Loop", "Parent Relationship": "Outer", "Join Type": "Inner", "Startup Cost": 4.51, "Total Cost": 2569.02, "Plan Rows": 33, "Plan Width": 4, "Inner Unique": false, "Plans": [{"Node Type": "Seq Scan", "Parent Relationship": "Outer", "Relation Name": "keyword", "Alias": "k", "Startup Cost": 0.0, "Total Cost": 2436.11, "Plan Rows": 1, "Plan Width": 4, "Filter": "((keyword)::text = 'sequel'::text)"}, {"Node Type": "Bitmap Heap Scan", "Parent Relationship": "Inner", "Relation Name": "movie_keyword", "Alias": "mk", "Startup Cost": 4.51, "Total Cost": 132.58, "Plan Rows": 33, "Plan Width": 8, "Recheck Cond": "(keyword_id = k.id)", "Plans": [{"Node Type": "Bitmap Index Scan", "Parent Relationship": "Outer", "Index Name": "keyword_id_movie_keyword", "Startup Cost": 0.0, "Total Cost": 4.5, "Plan Rows": 33, "Plan Width": 0, "Index Cond": "(keyword_id = k.id)"}]}]}, {"Node Type": "Bitmap Heap Scan", "Parent Relationship": "Inner", "Relation Name": "title", "Alias": "t", "Startup Cost": 0.27, "Total Cost": 4.28, "Plan Rows": 1, "Plan Width": 21, "Recheck Cond": "(id = mk.movie_id)", "Filter": "(((title)::text ~~ '%Money%'::text) AND (production_year = 1998))", "Plans": [{"Node Type": "Bitmap Index Scan", "Parent Relationship": "Outer", "Index Name": "title_pkey", "Startup Cost": 0.0, "Total Cost": 0.27, "Plan Rows": 1, "Plan Width": 0, "Index Cond": "(id = mk.movie_id)"}]}]}, {"Node Type": "Bitmap Heap Scan", "Parent Relationship": "Inner", "Relation Name": "movie_companies", "Alias": "mc", "Startup Cost": 0.27, "Total Cost": 4.3, "Plan Rows": 2, "Plan Width": 12, "Recheck Cond": "(movie_id = mk.movie_id)", "Filter": "(note IS NULL)", "Plans": [{"Node Type": "Bitmap Index Scan", "Parent Relationship": "Outer", "Index Name": "movie_id_movie_companies", "Startup Cost": 0.0, "Total Cost": 0.27, "Plan Rows": 2, "Plan Width": 0, "Index Cond": "(movie_id = mk.movie_id)"}]}]}, {"Node Type": "Bitmap Heap Scan", "Parent Relationship": "Inner", "Relation Name": "company_name", "Alias": "cn", "Startup Cost": 0.26, "Total Cost": 4.28, "Plan Rows": 1, "Plan Width": 23, "Recheck Cond": "(id = mc.company_id)", "Filter": "(((country_code)::text <> '[pl]'::text) AND (((name)::text ~~ '%Film%'::text) OR ((name)::text ~~ '%Warner%'::text)))", "Plans": [{"Node Type": "Bitmap Index Scan", "Parent Relationship": "Outer", "Index Name": "company_name_pkey", "Startup Cost": 0.0, "Total Cost": 0.26, "Plan Rows": 1, "Plan Width": 0, "Index Cond": "(id = mc.company_id)"}]}]}, {"Node Type": "Seq Scan", "Parent Relationship": "Inner", "Relation Name": "company_type", "Alias": "ct", "Startup Cost": 0.0, "Total Cost": 1.04, "Plan Rows": 1, "Plan Width": 4, "Filter": "((kind)::text = 'production companies'::text)"}]}, {"Node Type": "Bitmap Heap Scan", "Parent Relationship": "Inner", "Relation Name": "movie_link", "Alias": "ml", "Startup Cost": 0.29, "Total Cost": 4.35, "Plan Rows": 5, "Plan Width": 8, "Recheck Cond": "(movie_id = mk.movie_id)", "Plans": [{"Node Type": "Bitmap Index Scan", "Parent Relationship": "Outer", "Index Name": "movie_id_movie_link", "Startup Cost": 0.0, "Total Cost": 0.29, "Plan Rows": 5, "Plan Width": 0, "Index Cond": "(movie_id = mk.movie_id)"}]}]}, {"Node Type": "Seq Scan", "Parent Relationship": "Inner", "Relation Name": "link_type", "Alias": "lt", "Startup Cost": 0.0, "Total Cost": 1.21, "Plan Rows": 1, "Plan Width": 16, "Filter": "((link)::text ~~ '%follows%'::text)"}]}]}, "Unique SQL Id": 4121279504}, "explain_analyze_plan": {"Plan": {"Node Type": "Aggregate", "Strategy": "Plain", "Startup Cost": 2726.02, "Total Cost": 2726.03, "Plan Rows": 1, "Plan Width": 144, "Actual Startup Time": 139.006, "Actual Total Time": 139.007, "Actual Rows": 1, "Actual Loops": 1, "Plans": [{"Node Type": "Nested Loop", "Parent Relationship": "Outer", "Join Type": "Inner", "Startup Cost": 5.59, "Total Cost": 2726.01, "Plan Rows": 1, "Plan Width": 48, "Actual Startup Time": 138.995, "Actual Total Time": 138.995, "Actual Rows": 0, "Actual Loops": 1, "Inner Unique": true, "Join Filter": "(ml.link_type_id = lt.id)", "Rows Removed by Join Filter": 0, "Plans": [{"Node Type": "Nested Loop", "Parent Relationship": "Outer", "Join Type": "Inner", "Startup Cost": 5.59, "Total Cost": 2724.78, "Plan Rows": 1, "Plan Width": 40, "Actual Startup Time": 6.154, "Actual Total Time": 138.668, "Actual Rows": 38, "Actual Loops": 1, "Inner Unique": false, "Join Filter": "(t.id = ml.movie_id)", "Rows Removed by Join Filter": 0, "Plans": [{"Node Type": "Nested Loop", "Parent Relationship": "Outer", "Join Type": "Inner", "Startup Cost": 5.3, "Total Cost": 2720.37, "Plan Rows": 1, "Plan Width": 48, "Actual Startup Time": 6.124, "Actual Total Time": 138.609, "Actual Rows": 2, "Actual Loops": 1, "Inner Unique": true, "Join Filter": "(mc.company_type_id = ct.id)", "Rows Removed by Join Filter": 0, "Plans": [{"Node Type": "Nested Loop", "Parent Relationship": "Outer", "Join Type": "Inner", "Startup Cost": 5.3, "Total Cost": 2719.32, "Plan Rows": 1, "Plan Width": 52, "Actual Startup Time": 6.112, "Actual Total Time": 138.593, "Actual Rows": 2, "Actual Loops": 1, "Inner Unique": true, "Plans": [{"Node Type": "Nested Loop", "Parent Relationship": "Outer", "Join Type": "Inner", "Startup Cost": 5.05, "Total Cost": 2715.03, "Plan Rows": 1, "Plan Width": 37, "Actual Startup Time": 6.09, "Actual Total Time": 138.545, "Actual Rows": 3, "Actual Loops": 1, "Inner Unique": false, "Join Filter": "(t.id = mc.movie_id)", "Rows Removed by Join Filter": 0, "Plans": [{"Node Type": "Nested Loop", "Parent Relationship": "Outer", "Join Type": "Inner", "Startup Cost": 4.77, "Total Cost": 2710.71, "Plan Rows": 1, "Plan Width": 25, "Actual Startup Time": 6.057, "Actual Total Time": 138.508, "Actual Rows": 1, "Actual Loops": 1, "Inner Unique": true, "Plans": [{"Node Type": "Nested Loop", "Parent Relationship": "Outer", "Join Type": "Inner", "Startup Cost": 4.51, "Total Cost": 2569.02, "Plan Rows": 33, "Plan Width": 4, "Actual Startup Time": 5.644, "Actual Total Time": 62.51, "Actual Rows": 10544, "Actual Loops": 1, "Inner Unique": false, "Plans": [{"Node Type": "Seq Scan", "Parent Relationship": "Outer", "Relation Name": "keyword", "Alias": "k", "Startup Cost": 0.0, "Total Cost": 2436.11, "Plan Rows": 1, "Plan Width": 4, "Actual Startup Time": 2.306, "Actual Total Time": 41.335, "Actual Rows": 1, "Actual Loops": 1, "Filter": "((keyword)::text = 'sequel'::text)", "Rows Removed by Filter": 134168}, {"Node Type": "Bitmap Heap Scan", "Parent Relationship": "Inner", "Relation Name": "movie_keyword", "Alias": "mk", "Startup Cost": 4.51, "Total Cost": 132.58, "Plan Rows": 33, "Plan Width": 8, "Actual Startup Time": 3.331, "Actual Total Time": 19.008, "Actual Rows": 10544, "Actual Loops": 1, "Recheck Cond": "(keyword_id = k.id)", "Rows Removed by Index Recheck": 0, "Exact Heap Blocks": 5090, "Lossy Heap Blocks": 5090, "Plans": [{"Node Type": "Bitmap Index Scan", "Parent Relationship": "Outer", "Index Name": "keyword_id_movie_keyword", "Startup Cost": 0.0, "Total Cost": 4.5, "Plan Rows": 33, "Plan Width": 0, "Actual Startup Time": 2.404, "Actual Total Time": 2.404, "Actual Rows": 10544, "Actual Loops": 1, "Index Cond": "(keyword_id = k.id)"}]}]}, {"Node Type": "Bitmap Heap Scan", "Parent Relationship": "Inner", "Relation Name": "title", "Alias": "t", "Startup Cost": 0.27, "Total Cost": 4.28, "Plan Rows": 1, "Plan Width": 21, "Actual Startup Time": 64.166, "Actual Total Time": 64.166, "Actual Rows": 1, "Actual Loops": 10544, "Recheck Cond": "(id = mk.movie_id)", "Rows Removed by Index Recheck": 0, "Filter": "(((title)::text ~~ '%Money%'::text) AND (production_year = 1998))", "Rows Removed by Filter": 10543, "Exact Heap Blocks": 10544, "Lossy Heap Blocks": 10544, "Plans": [{"Node Type": "Bitmap Index Scan", "Parent Relationship": "Outer", "Index Name": "title_pkey", "Startup Cost": 0.0, "Total Cost": 0.27, "Plan Rows": 1, "Plan Width": 0, "Actual Startup Time": 31.869, "Actual Total Time": 31.869, "Actual Rows": 10544, "Actual Loops": 10544, "Index Cond": "(id = mk.movie_id)"}]}]}, {"Node Type": "Bitmap Heap Scan", "Parent Relationship": "Inner", "Relation Name": "movie_companies", "Alias": "mc", "Startup Cost": 0.27, "Total Cost": 4.3, "Plan Rows": 2, "Plan Width": 12, "Actual Startup Time": 0.029, "Actual Total Time": 0.032, "Actual Rows": 3, "Actual Loops": 1, "Recheck Cond": "(movie_id = mk.movie_id)", "Rows Removed by Index Recheck": 0, "Filter": "(note IS NULL)", "Rows Removed by Filter": 1, "Exact Heap Blocks": 2, "Lossy Heap Blocks": 2, "Plans": [{"Node Type": "Bitmap Index Scan", "Parent Relationship": "Outer", "Index Name": "movie_id_movie_companies", "Startup Cost": 0.0, "Total Cost": 0.27, "Plan Rows": 2, "Plan Width": 0, "Actual Startup Time": 0.011, "Actual Total Time": 0.011, "Actual Rows": 4, "Actual Loops": 1, "Index Cond": "(movie_id = mk.movie_id)"}]}]}, {"Node Type": "Bitmap Heap Scan", "Parent Relationship": "Inner", "Relation Name": "company_name", "Alias": "cn", "Startup Cost": 0.26, "Total Cost": 4.28, "Plan Rows": 1, "Plan Width": 23, "Actual Startup Time": 0.039, "Actual Total Time": 0.039, "Actual Rows": 2, "Actual Loops": 3, "Recheck Cond": "(id = mc.company_id)", "Rows Removed by Index Recheck": 0, "Filter": "(((country_code)::text <> '[pl]'::text) AND (((name)::text ~~ '%Film%'::text) OR ((name)::text ~~ '%Warner%'::text)))", "Rows Removed by Filter": 1, "Exact Heap Blocks": 3, "Lossy Heap Blocks": 3, "Plans": [{"Node Type": "Bitmap Index Scan", "Parent Relationship": "Outer", "Index Name": "company_name_pkey", "Startup Cost": 0.0, "Total Cost": 0.26, "Plan Rows": 1, "Plan Width": 0, "Actual Startup Time": 0.02, "Actual Total Time": 0.02, "Actual Rows": 3, "Actual Loops": 3, "Index Cond": "(id = mc.company_id)"}]}]}, {"Node Type": "Seq Scan", "Parent Relationship": "Inner", "Relation Name": "company_type", "Alias": "ct", "Startup Cost": 0.0, "Total Cost": 1.04, "Plan Rows": 1, "Plan Width": 4, "Actual Startup Time": 0.01, "Actual Total Time": 0.01, "Actual Rows": 2, "Actual Loops": 2, "Filter": "((kind)::text = 'production companies'::text)", "Rows Removed by Filter": 0}]}, {"Node Type": "Bitmap Heap Scan", "Parent Relationship": "Inner", "Relation Name": "movie_link", "Alias": "ml", "Startup Cost": 0.29, "Total Cost": 4.35, "Plan Rows": 5, "Plan Width": 8, "Actual Startup Time": 0.031, "Actual Total Time": 0.035, "Actual Rows": 38, "Actual Loops": 2, "Recheck Cond": "(movie_id = mk.movie_id)", "Rows Removed by Index Recheck": 0, "Exact Heap Blocks": 2, "Lossy Heap Blocks": 2, "Plans": [{"Node Type": "Bitmap Index Scan", "Parent Relationship": "Outer", "Index Name": "movie_id_movie_link", "Startup Cost": 0.0, "Total Cost": 0.29, "Plan Rows": 5, "Plan Width": 0, "Actual Startup Time": 0.013, "Actual Total Time": 0.013, "Actual Rows": 38, "Actual Loops": 2, "Index Cond": "(movie_id = mk.movie_id)"}]}]}, {"Node Type": "Seq Scan", "Parent Relationship": "Inner", "Relation Name": "link_type", "Alias": "lt", "Startup Cost": 0.0, "Total Cost": 1.21, "Plan Rows": 1, "Plan Width": 16, "Actual Startup Time": 0.293, "Actual Total Time": 0.293, "Actual Rows": 0, "Actual Loops": 38, "Filter": "((link)::text ~~ '%follows%'::text)", "Rows Removed by Filter": 646}]}]}, "Triggers": [], "Planner Runtime": 115.353, "Total Runtime": 139.543, "Unique SQL Id": 4121279504}}, "(16, 19)": {"explain_plan": {"Plan": {"Node Type": "Aggregate", "Strategy": "Plain", "Startup Cost": 3451.4, "Total Cost": 3451.41, "Plan Rows": 1, "Plan Width": 144, "Plans": [{"Node Type": "Nested Loop", "Parent Relationship": "Outer", "Join Type": "Inner", "Startup Cost": 725.2, "Total Cost": 3451.4, "Plan Rows": 1, "Plan Width": 48, "Inner Unique": true, "Plans": [{"Node Type": "Nested Loop", "Parent Relationship": "Outer", "Join Type": "Inner", "Startup Cost": 724.95, "Total Cost": 3447.11, "Plan Rows": 1, "Plan Width": 40, "Inner Unique": false, "Join Filter": "(t.id = ml.movie_id)", "Plans": [{"Node Type": "Nested Loop", "Parent Relationship": "Outer", "Join Type": "Inner", "Startup Cost": 724.66, "Total Cost": 3442.7, "Plan Rows": 1, "Plan Width": 48, "Inner Unique": true, "Plans": [{"Node Type": "Nested Loop", "Parent Relationship": "Outer", "Join Type": "Inner", "Startup Cost": 724.4, "Total Cost": 3438.42, "Plan Rows": 1, "Plan Width": 52, "Inner Unique": true, "Plans": [{"Node Type": "Nested Loop", "Parent Relationship": "Outer", "Join Type": "Inner", "Startup Cost": 724.14, "Total Cost": 3434.13, "Plan Rows": 1, "Plan Width": 37, "Inner Unique": false, "Join Filter": "(t.id = mc.movie_id)", "Plans": [{"Node Type": "Nested Loop", "Parent Relationship": "Outer", "Join Type": "Inner", "Startup Cost": 723.87, "Total Cost": 3429.8, "Plan Rows": 1, "Plan Width": 25, "Inner Unique": true, "Plans": [{"Node Type": "Nested Loop", "Parent Relationship": "Outer", "Join Type": "Inner", "Startup Cost": 723.6, "Total Cost": 3288.12, "Plan Rows": 33, "Plan Width": 4, "Inner Unique": false, "Plans": [{"Node Type": "Bitmap Heap Scan", "Parent Relationship": "Outer", "Relation Name": "keyword", "Alias": "k", "Startup Cost": 719.1, "Total Cost": 3155.21, "Plan Rows": 1, "Plan Width": 4, "Filter": "((keyword)::text = 'sequel'::text)", "Plans": [{"Node Type": "Bitmap Index Scan", "Parent Relationship": "Outer", "Index Name": "keyword_pkey", "Startup Cost": 0.0, "Total Cost": 719.1, "Plan Rows": 134169, "Plan Width": 0}]}, {"Node Type": "Bitmap Heap Scan", "Parent Relationship": "Inner", "Relation Name": "movie_keyword", "Alias": "mk", "Startup Cost": 4.51, "Total Cost": 132.58, "Plan Rows": 33, "Plan Width": 8, "Recheck Cond": "(keyword_id = k.id)", "Plans": [{"Node Type": "Bitmap Index Scan", "Parent Relationship": "Outer", "Index Name": "keyword_id_movie_keyword", "Startup Cost": 0.0, "Total Cost": 4.5, "Plan Rows": 33, "Plan Width": 0, "Index Cond": "(keyword_id = k.id)"}]}]}, {"Node Type": "Bitmap Heap Scan", "Parent Relationship": "Inner", "Relation Name": "title", "Alias": "t", "Startup Cost": 0.27, "Total Cost": 4.28, "Plan Rows": 1, "Plan Width": 21, "Recheck Cond": "(id = mk.movie_id)", "Filter": "(((title)::text ~~ '%Money%'::text) AND (production_year = 1998))", "Plans": [{"Node Type": "Bitmap Index Scan", "Parent Relationship": "Outer", "Index Name": "title_pkey", "Startup Cost": 0.0, "Total Cost": 0.27, "Plan Rows": 1, "Plan Width": 0, "Index Cond": "(id = mk.movie_id)"}]}]}, {"Node Type": "Bitmap Heap Scan", "Parent Relationship": "Inner", "Relation Name": "movie_companies", "Alias": "mc", "Startup Cost": 0.27, "Total Cost": 4.3, "Plan Rows": 2, "Plan Width": 12, "Recheck Cond": "(movie_id = mk.movie_id)", "Filter": "(note IS NULL)", "Plans": [{"Node Type": "Bitmap Index Scan", "Parent Relationship": "Outer", "Index Name": "movie_id_movie_companies", "Startup Cost": 0.0, "Total Cost": 0.27, "Plan Rows": 2, "Plan Width": 0, "Index Cond": "(movie_id = mk.movie_id)"}]}]}, {"Node Type": "Bitmap Heap Scan", "Parent Relationship": "Inner", "Relation Name": "company_name", "Alias": "cn", "Startup Cost": 0.26, "Total Cost": 4.28, "Plan Rows": 1, "Plan Width": 23, "Recheck Cond": "(id = mc.company_id)", "Filter": "(((country_code)::text <> '[pl]'::text) AND (((name)::text ~~ '%Film%'::text) OR ((name)::text ~~ '%Warner%'::text)))", "Plans": [{"Node Type": "Bitmap Index Scan", "Parent Relationship": "Outer", "Index Name": "company_name_pkey", "Startup Cost": 0.0, "Total Cost": 0.26, "Plan Rows": 1, "Plan Width": 0, "Index Cond": "(id = mc.company_id)"}]}]}, {"Node Type": "Bitmap Heap Scan", "Parent Relationship": "Inner", "Relation Name": "company_type", "Alias": "ct", "Startup Cost": 0.26, "Total Cost": 4.27, "Plan Rows": 1, "Plan Width": 4, "Recheck Cond": "(id = mc.company_type_id)", "Filter": "((kind)::text = 'production companies'::text)", "Plans": [{"Node Type": "Bitmap Index Scan", "Parent Relationship": "Outer", "Index Name": "company_type_pkey", "Startup Cost": 0.0, "Total Cost": 0.26, "Plan Rows": 1, "Plan Width": 0, "Index Cond": "(id = mc.company_type_id)"}]}]}, {"Node Type": "Bitmap Heap Scan", "Parent Relationship": "Inner", "Relation Name": "movie_link", "Alias": "ml", "Startup Cost": 0.29, "Total Cost": 4.35, "Plan Rows": 5, "Plan Width": 8, "Recheck Cond": "(movie_id = mk.movie_id)", "Plans": [{"Node Type": "Bitmap Index Scan", "Parent Relationship": "Outer", "Index Name": "movie_id_movie_link", "Startup Cost": 0.0, "Total Cost": 0.29, "Plan Rows": 5, "Plan Width": 0, "Index Cond": "(movie_id = mk.movie_id)"}]}]}, {"Node Type": "Bitmap Heap Scan", "Parent Relationship": "Inner", "Relation Name": "link_type", "Alias": "lt", "Startup Cost": 0.26, "Total Cost": 4.27, "Plan Rows": 1, "Plan Width": 16, "Recheck Cond": "(id = ml.link_type_id)", "Filter": "((link)::text ~~ '%follows%'::text)", "Plans": [{"Node Type": "Bitmap Index Scan", "Parent Relationship": "Outer", "Index Name": "link_type_pkey", "Startup Cost": 0.0, "Total Cost": 0.26, "Plan Rows": 1, "Plan Width": 0, "Index Cond": "(id = ml.link_type_id)"}]}]}]}, "Unique SQL Id": 4121279504}, "explain_analyze_plan": {"Plan": {"Node Type": "Aggregate", "Strategy": "Plain", "Startup Cost": 3451.4, "Total Cost": 3451.41, "Plan Rows": 1, "Plan Width": 144, "Actual Startup Time": 152.6, "Actual Total Time": 152.601, "Actual Rows": 1, "Actual Loops": 1, "Plans": [{"Node Type": "Nested Loop", "Parent Relationship": "Outer", "Join Type": "Inner", "Startup Cost": 725.2, "Total Cost": 3451.4, "Plan Rows": 1, "Plan Width": 48, "Actual Startup Time": 152.588, "Actual Total Time": 152.588, "Actual Rows": 0, "Actual Loops": 1, "Inner Unique": true, "Plans": [{"Node Type": "Nested Loop", "Parent Relationship": "Outer", "Join Type": "Inner", "Startup Cost": 724.95, "Total Cost": 3447.11, "Plan Rows": 1, "Plan Width": 40, "Actual Startup Time": 18.148, "Actual Total Time": 152.437, "Actual Rows": 38, "Actual Loops": 1, "Inner Unique": false, "Join Filter": "(t.id = ml.movie_id)", "Rows Removed by Join Filter": 0, "Plans": [{"Node Type": "Nested Loop", "Parent Relationship": "Outer", "Join Type": "Inner", "Startup Cost": 724.66, "Total Cost": 3442.7, "Plan Rows": 1, "Plan Width": 48, "Actual Startup Time": 18.12, "Actual Total Time": 152.376, "Actual Rows": 2, "Actual Loops": 1, "Inner Unique": true, "Plans": [{"Node Type": "Nested Loop", "Parent Relationship": "Outer", "Join Type": "Inner", "Startup Cost": 724.4, "Total Cost": 3438.42, "Plan Rows": 1, "Plan Width": 52, "Actual Startup Time": 18.104, "Actual Total Time": 152.355, "Actual Rows": 2, "Actual Loops": 1, "Inner Unique": true, "Plans": [{"Node Type": "Nested Loop", "Parent Relationship": "Outer", "Join Type": "Inner", "Startup Cost": 724.14, "Total Cost": 3434.13, "Plan Rows": 1, "Plan Width": 37, "Actual Startup Time": 18.071, "Actual Total Time": 152.299, "Actual Rows": 3, "Actual Loops": 1, "Inner Unique": false, "Join Filter": "(t.id = mc.movie_id)", "Rows Removed by Join Filter": 0, "Plans": [{"Node Type": "Nested Loop", "Parent Relationship": "Outer", "Join Type": "Inner", "Startup Cost": 723.87, "Total Cost": 3429.8, "Plan Rows": 1, "Plan Width": 25, "Actual Startup Time": 18.038, "Actual Total Time": 152.263, "Actual Rows": 1, "Actual Loops": 1, "Inner Unique": true, "Plans": [{"Node Type": "Nested Loop", "Parent Relationship": "Outer", "Join Type": "Inner", "Startup Cost": 723.6, "Total Cost": 3288.12, "Plan Rows": 33, "Plan Width": 4, "Actual Startup Time": 17.628, "Actual Total Time": 80.585, "Actual Rows": 10544, "Actual Loops": 1, "Inner Unique": false, "Plans": [{"Node Type": "Bitmap Heap Scan", "Parent Relationship": "Outer", "Relation Name": "keyword", "Alias": "k", "Startup Cost": 719.1, "Total Cost": 3155.21, "Plan Rows": 1, "Plan Width": 4, "Actual Startup Time": 14.469, "Actual Total Time": 61.131, "Actual Rows": 1, "Actual Loops": 1, "Filter": "((keyword)::text = 'sequel'::text)", "Rows Removed by Filter": 134168, "Exact Heap Blocks": 759, "Lossy Heap Blocks": 759, "Plans": [{"Node Type": "Bitmap Index Scan", "Parent Relationship": "Outer", "Index Name": "keyword_pkey", "Startup Cost": 0.0, "Total Cost": 719.1, "Plan Rows": 134169, "Plan Width": 0, "Actual Startup Time": 11.259, "Actual Total Time": 11.259, "Actual Rows": 134169, "Actual Loops": 1}]}, {"Node Type": "Bitmap Heap Scan", "Parent Relationship": "Inner", "Relation Name": "movie_keyword", "Alias": "mk", "Startup Cost": 4.51, "Total Cost": 132.58, "Plan Rows": 33, "Plan Width": 8, "Actual Startup Time": 3.147, "Actual Total Time": 17.278, "Actual Rows": 10544, "Actual Loops": 1, "Recheck Cond": "(keyword_id = k.id)", "Rows Removed by Index Recheck": 0, "Exact Heap Blocks": 5090, "Lossy Heap Blocks": 5090, "Plans": [{"Node Type": "Bitmap Index Scan", "Parent Relationship": "Outer", "Index Name": "keyword_id_movie_keyword", "Startup Cost": 0.0, "Total Cost": 4.5, "Plan Rows": 33, "Plan Width": 0, "Actual Startup Time": 2.26, "Actual Total Time": 2.26, "Actual Rows": 10544, "Actual Loops": 1, "Index Cond": "(keyword_id = k.id)"}]}]}, {"Node Type": "Bitmap Heap Scan", "Parent Relationship": "Inner", "Relation Name": "title", "Alias": "t", "Startup Cost": 0.27, "Total Cost": 4.28, "Plan Rows": 1, "Plan Width": 21, "Actual Startup Time": 59.935, "Actual Total Time": 59.935, "Actual Rows": 1, "Actual Loops": 10544, "Recheck Cond": "(id = mk.movie_id)", "Rows Removed by Index Recheck": 0, "Filter": "(((title)::text ~~ '%Money%'::text) AND (production_year = 1998))", "Rows Removed by Filter": 10543, "Exact Heap Blocks": 10544, "Lossy Heap Blocks": 10544, "Plans": [{"Node Type": "Bitmap Index Scan", "Parent Relationship": "Outer", "Index Name": "title_pkey", "Startup Cost": 0.0, "Total Cost": 0.27, "Plan Rows": 1, "Plan Width": 0, "Actual Startup Time": 30.49, "Actual Total Time": 30.49, "Actual Rows": 10544, "Actual Loops": 10544, "Index Cond": "(id = mk.movie_id)"}]}]}, {"Node Type": "Bitmap Heap Scan", "Parent Relationship": "Inner", "Relation Name": "movie_companies", "Alias": "mc", "Startup Cost": 0.27, "Total Cost": 4.3, "Plan Rows": 2, "Plan Width": 12, "Actual Startup Time": 0.027, "Actual Total Time": 0.028, "Actual Rows": 3, "Actual Loops": 1, "Recheck Cond": "(movie_id = mk.movie_id)", "Rows Removed by Index Recheck": 0, "Filter": "(note IS NULL)", "Rows Removed by Filter": 1, "Exact Heap Blocks": 2, "Lossy Heap Blocks": 2, "Plans": [{"Node Type": "Bitmap Index Scan", "Parent Relationship": "Outer", "Index Name": "movie_id_movie_companies", "Startup Cost": 0.0, "Total Cost": 0.27, "Plan Rows": 2, "Plan Width": 0, "Actual Startup Time": 0.012, "Actual Total Time": 0.012, "Actual Rows": 4, "Actual Loops": 1, "Index Cond": "(movie_id = mk.movie_id)"}]}]}, {"Node Type": "Bitmap Heap Scan", "Parent Relationship": "Inner", "Relation Name": "company_name", "Alias": "cn", "Startup Cost": 0.26, "Total Cost": 4.28, "Plan Rows": 1, "Plan Width": 23, "Actual Startup Time": 0.047, "Actual Total Time": 0.047, "Actual Rows": 2, "Actual Loops": 3, "Recheck Cond": "(id = mc.company_id)", "Rows Removed by Index Recheck": 0, "Filter": "(((country_code)::text <> '[pl]'::text) AND (((name)::text ~~ '%Film%'::text) OR ((name)::text ~~ '%Warner%'::text)))", "Rows Removed by Filter": 1, "Exact Heap Blocks": 3, "Lossy Heap Blocks": 3, "Plans": [{"Node Type": "Bitmap Index Scan", "Parent Relationship": "Outer", "Index Name": "company_name_pkey", "Startup Cost": 0.0, "Total Cost": 0.26, "Plan Rows": 1, "Plan Width": 0, "Actual Startup Time": 0.02, "Actual Total Time": 0.02, "Actual Rows": 3, "Actual Loops": 3, "Index Cond": "(id = mc.company_id)"}]}]}, {"Node Type": "Bitmap Heap Scan", "Parent Relationship": "Inner", "Relation Name": "company_type", "Alias": "ct", "Startup Cost": 0.26, "Total Cost": 4.27, "Plan Rows": 1, "Plan Width": 4, "Actual Startup Time": 0.015, "Actual Total Time": 0.015, "Actual Rows": 2, "Actual Loops": 2, "Recheck Cond": "(id = mc.company_type_id)", "Rows Removed by Index Recheck": 0, "Filter": "((kind)::text = 'production companies'::text)", "Rows Removed by Filter": 0, "Exact Heap Blocks": 2, "Lossy Heap Blocks": 2, "Plans": [{"Node Type": "Bitmap Index Scan", "Parent Relationship": "Outer", "Index Name": "company_type_pkey", "Startup Cost": 0.0, "Total Cost": 0.26, "Plan Rows": 1, "Plan Width": 0, "Actual Startup Time": 0.004, "Actual Total Time": 0.004, "Actual Rows": 2, "Actual Loops": 2, "Index Cond": "(id = mc.company_type_id)"}]}]}, {"Node Type": "Bitmap Heap Scan", "Parent Relationship": "Inner", "Relation Name": "movie_link", "Alias": "ml", "Startup Cost": 0.29, "Total Cost": 4.35, "Plan Rows": 5, "Plan Width": 8, "Actual Startup Time": 0.027, "Actual Total Time": 0.031, "Actual Rows": 38, "Actual Loops": 2, "Recheck Cond": "(movie_id = mk.movie_id)", "Rows Removed by Index Recheck": 0, "Exact Heap Blocks": 2, "Lossy Heap Blocks": 2, "Plans": [{"Node Type": "Bitmap Index Scan", "Parent Relationship": "Outer", "Index Name": "movie_id_movie_link", "Startup Cost": 0.0, "Total Cost": 0.29, "Plan Rows": 5, "Plan Width": 0, "Actual Startup Time": 0.013, "Actual Total Time": 0.013, "Actual Rows": 38, "Actual Loops": 2, "Index Cond": "(movie_id = mk.movie_id)"}]}]}, {"Node Type": "Bitmap Heap Scan", "Parent Relationship": "Inner", "Relation Name": "link_type", "Alias": "lt", "Startup Cost": 0.26, "Total Cost": 4.27, "Plan Rows": 1, "Plan Width": 16, "Actual Startup Time": 0.11, "Actual Total Time": 0.11, "Actual Rows": 0, "Actual Loops": 38, "Recheck Cond": "(id = ml.link_type_id)", "Rows Removed by Index Recheck": 0, "Filter": "((link)::text ~~ '%follows%'::text)", "Rows Removed by Filter": 24, "Exact Heap Blocks": 24, "Lossy Heap Blocks": 24, "Plans": [{"Node Type": "Bitmap Index Scan", "Parent Relationship": "Outer", "Index Name": "link_type_pkey", "Startup Cost": 0.0, "Total Cost": 0.26, "Plan Rows": 1, "Plan Width": 0, "Actual Startup Time": 0.037, "Actual Total Time": 0.037, "Actual Rows": 24, "Actual Loops": 38, "Index Cond": "(id = ml.link_type_id)"}]}]}]}, "Triggers": [], "Planner Runtime": 60.8, "Total Runtime": 153.166, "Unique SQL Id": 4121279504}}, "(16, 20)": {"explain_plan": {"Plan": {"Node Type": "Aggregate", "Strategy": "Plain", "Startup Cost": 2581.34, "Total Cost": 2581.35, "Plan Rows": 1, "Plan Width": 144, "Plans": [{"Node Type": "Nested Loop", "Parent Relationship": "Outer", "Join Type": "Inner", "Startup Cost": 4.51, "Total Cost": 2581.33, "Plan Rows": 1, "Plan Width": 48, "Inner Unique": true, "Plans": [{"Node Type": "Nested Loop", "Parent Relationship": "Outer", "Join Type": "Inner", "Startup Cost": 4.51, "Total Cost": 2581.05, "Plan Rows": 1, "Plan Width": 40, "Inner Unique": false, "Join Filter": "(t.id = ml.movie_id)", "Plans": [{"Node Type": "Nested Loop", "Parent Relationship": "Outer", "Join Type": "Inner", "Startup Cost": 4.51, "Total Cost": 2580.63, "Plan Rows": 1, "Plan Width": 48, "Inner Unique": true, "Plans": [{"Node Type": "Nested Loop", "Parent Relationship": "Outer", "Join Type": "Inner", "Startup Cost": 4.51, "Total Cost": 2580.35, "Plan Rows": 1, "Plan Width": 52, "Inner Unique": true, "Plans": [{"Node Type": "Nested Loop", "Parent Relationship": "Outer", "Join Type": "Inner", "Startup Cost": 4.51, "Total Cost": 2580.05, "Plan Rows": 1, "Plan Width": 37, "Inner Unique": false, "Join Filter": "(t.id = mc.movie_id)", "Plans": [{"Node Type": "Nested Loop", "Parent Relationship": "Outer", "Join Type": "Inner", "Startup Cost": 4.51, "Total Cost": 2579.71, "Plan Rows": 1, "Plan Width": 25, "Inner Unique": true, "Plans": [{"Node Type": "Nested Loop", "Parent Relationship": "Outer", "Join Type": "Inner", "Startup Cost": 4.51, "Total Cost": 2569.02, "Plan Rows": 33, "Plan Width": 4, "Inner Unique": false, "Plans": [{"Node Type": "Seq Scan", "Parent Relationship": "Outer", "Relation Name": "keyword", "Alias": "k", "Startup Cost": 0.0, "Total Cost": 2436.11, "Plan Rows": 1, "Plan Width": 4, "Filter": "((keyword)::text = 'sequel'::text)"}, {"Node Type": "Bitmap Heap Scan", "Parent Relationship": "Inner", "Relation Name": "movie_keyword", "Alias": "mk", "Startup Cost": 4.51, "Total Cost": 132.58, "Plan Rows": 33, "Plan Width": 8, "Recheck Cond": "(keyword_id = k.id)", "Plans": [{"Node Type": "Bitmap Index Scan", "Parent Relationship": "Outer", "Index Name": "keyword_id_movie_keyword", "Startup Cost": 0.0, "Total Cost": 4.5, "Plan Rows": 33, "Plan Width": 0, "Index Cond": "(keyword_id = k.id)"}]}]}, {"Node Type": "Index Scan", "Parent Relationship": "Inner", "Scan Direction": "Forward", "Index Name": "title_pkey", "Relation Name": "title", "Alias": "t", "Startup Cost": 0.0, "Total Cost": 0.31, "Plan Rows": 1, "Plan Width": 21, "Index Cond": "(id = mk.movie_id)", "Filter": "(((title)::text ~~ '%Money%'::text) AND (production_year = 1998))"}]}, {"Node Type": "Index Scan", "Parent Relationship": "Inner", "Scan Direction": "Forward", "Index Name": "movie_id_movie_companies", "Relation Name": "movie_companies", "Alias": "mc", "Startup Cost": 0.0, "Total Cost": 0.31, "Plan Rows": 2, "Plan Width": 12, "Index Cond": "(movie_id = mk.movie_id)", "Filter": "(note IS NULL)"}]}, {"Node Type": "Index Scan", "Parent Relationship": "Inner", "Scan Direction": "Forward", "Index Name": "company_name_pkey", "Relation Name": "company_name", "Alias": "cn", "Startup Cost": 0.0, "Total Cost": 0.29, "Plan Rows": 1, "Plan Width": 23, "Index Cond": "(id = mc.company_id)", "Filter": "(((country_code)::text <> '[pl]'::text) AND (((name)::text ~~ '%Film%'::text) OR ((name)::text ~~ '%Warner%'::text)))"}]}, {"Node Type": "Index Scan", "Parent Relationship": "Inner", "Scan Direction": "Forward", "Index Name": "company_type_pkey", "Relation Name": "company_type", "Alias": "ct", "Startup Cost": 0.0, "Total Cost": 0.27, "Plan Rows": 1, "Plan Width": 4, "Index Cond": "(id = mc.company_type_id)", "Filter": "((kind)::text = 'production companies'::text)"}]}, {"Node Type": "Index Scan", "Parent Relationship": "Inner", "Scan Direction": "Forward", "Index Name": "movie_id_movie_link", "Relation Name": "movie_link", "Alias": "ml", "Startup Cost": 0.0, "Total Cost": 0.35, "Plan Rows": 5, "Plan Width": 8, "Index Cond": "(movie_id = mk.movie_id)"}]}, {"Node Type": "Index Scan", "Parent Relationship": "Inner", "Scan Direction": "Forward", "Index Name": "link_type_pkey", "Relation Name": "link_type", "Alias": "lt", "Startup Cost": 0.0, "Total Cost": 0.27, "Plan Rows": 1, "Plan Width": 16, "Index Cond": "(id = ml.link_type_id)", "Filter": "((link)::text ~~ '%follows%'::text)"}]}]}, "Unique SQL Id": 4121279504}, "explain_analyze_plan": {"Plan": {"Node Type": "Aggregate", "Strategy": "Plain", "Startup Cost": 2581.34, "Total Cost": 2581.35, "Plan Rows": 1, "Plan Width": 144, "Actual Startup Time": 126.718, "Actual Total Time": 126.718, "Actual Rows": 1, "Actual Loops": 1, "Plans": [{"Node Type": "Nested Loop", "Parent Relationship": "Outer", "Join Type": "Inner", "Startup Cost": 4.51, "Total Cost": 2581.33, "Plan Rows": 1, "Plan Width": 48, "Actual Startup Time": 126.712, "Actual Total Time": 126.712, "Actual Rows": 0, "Actual Loops": 1, "Inner Unique": true, "Plans": [{"Node Type": "Nested Loop", "Parent Relationship": "Outer", "Join Type": "Inner", "Startup Cost": 4.51, "Total Cost": 2581.05, "Plan Rows": 1, "Plan Width": 40, "Actual Startup Time": 6.094, "Actual Total Time": 126.628, "Actual Rows": 38, "Actual Loops": 1, "Inner Unique": false, "Join Filter": "(t.id = ml.movie_id)", "Rows Removed by Join Filter": 0, "Plans": [{"Node Type": "Nested Loop", "Parent Relationship": "Outer", "Join Type": "Inner", "Startup Cost": 4.51, "Total Cost": 2580.63, "Plan Rows": 1, "Plan Width": 48, "Actual Startup Time": 6.079, "Actual Total Time": 126.579, "Actual Rows": 2, "Actual Loops": 1, "Inner Unique": true, "Plans": [{"Node Type": "Nested Loop", "Parent Relationship": "Outer", "Join Type": "Inner", "Startup Cost": 4.51, "Total Cost": 2580.35, "Plan Rows": 1, "Plan Width": 52, "Actual Startup Time": 6.07, "Actual Total Time": 126.566, "Actual Rows": 2, "Actual Loops": 1, "Inner Unique": true, "Plans": [{"Node Type": "Nested Loop", "Parent Relationship": "Outer", "Join Type": "Inner", "Startup Cost": 4.51, "Total Cost": 2580.05, "Plan Rows": 1, "Plan Width": 37, "Actual Startup Time": 6.053, "Actual Total Time": 126.529, "Actual Rows": 3, "Actual Loops": 1, "Inner Unique": false, "Join Filter": "(t.id = mc.movie_id)", "Rows Removed by Join Filter": 0, "Plans": [{"Node Type": "Nested Loop", "Parent Relationship": "Outer", "Join Type": "Inner", "Startup Cost": 4.51, "Total Cost": 2579.71, "Plan Rows": 1, "Plan Width": 25, "Actual Startup Time": 6.03, "Actual Total Time": 126.501, "Actual Rows": 1, "Actual Loops": 1, "Inner Unique": true, "Plans": [{"Node Type": "Nested Loop", "Parent Relationship": "Outer", "Join Type": "Inner", "Startup Cost": 4.51, "Total Cost": 2569.02, "Plan Rows": 33, "Plan Width": 4, "Actual Startup Time": 5.681, "Actual Total Time": 64.348, "Actual Rows": 10544, "Actual Loops": 1, "Inner Unique": false, "Plans": [{"Node Type": "Seq Scan", "Parent Relationship": "Outer", "Relation Name": "keyword", "Alias": "k", "Startup Cost": 0.0, "Total Cost": 2436.11, "Plan Rows": 1, "Plan Width": 4, "Actual Startup Time": 2.377, "Actual Total Time": 41.877, "Actual Rows": 1, "Actual Loops": 1, "Filter": "((keyword)::text = 'sequel'::text)", "Rows Removed by Filter": 134168}, {"Node Type": "Bitmap Heap Scan", "Parent Relationship": "Inner", "Relation Name": "movie_keyword", "Alias": "mk", "Startup Cost": 4.51, "Total Cost": 132.58, "Plan Rows": 33, "Plan Width": 8, "Actual Startup Time": 3.296, "Actual Total Time": 20.334, "Actual Rows": 10544, "Actual Loops": 1, "Recheck Cond": "(keyword_id = k.id)", "Rows Removed by Index Recheck": 0, "Exact Heap Blocks": 5090, "Lossy Heap Blocks": 5090, "Plans": [{"Node Type": "Bitmap Index Scan", "Parent Relationship": "Outer", "Index Name": "keyword_id_movie_keyword", "Startup Cost": 0.0, "Total Cost": 4.5, "Plan Rows": 33, "Plan Width": 0, "Actual Startup Time": 2.369, "Actual Total Time": 2.369, "Actual Rows": 10544, "Actual Loops": 1, "Index Cond": "(keyword_id = k.id)"}]}]}, {"Node Type": "Index Scan", "Parent Relationship": "Inner", "Scan Direction": "Forward", "Index Name": "title_pkey", "Relation Name": "title", "Alias": "t", "Startup Cost": 0.0, "Total Cost": 0.31, "Plan Rows": 1, "Plan Width": 21, "Actual Startup Time": 56.882, "Actual Total Time": 56.882, "Actual Rows": 1, "Actual Loops": 10544, "Index Cond": "(id = mk.movie_id)", "Rows Removed by Index Recheck": 0, "Filter": "(((title)::text ~~ '%Money%'::text) AND (production_year = 1998))", "Rows Removed by Filter": 10543}]}, {"Node Type": "Index Scan", "Parent Relationship": "Inner", "Scan Direction": "Forward", "Index Name": "movie_id_movie_companies", "Relation Name": "movie_companies", "Alias": "mc", "Startup Cost": 0.0, "Total Cost": 0.31, "Plan Rows": 2, "Plan Width": 12, "Actual Startup Time": 0.018, "Actual Total Time": 0.02, "Actual Rows": 3, "Actual Loops": 1, "Index Cond": "(movie_id = mk.movie_id)", "Rows Removed by Index Recheck": 0, "Filter": "(note IS NULL)", "Rows Removed by Filter": 1}]}, {"Node Type": "Index Scan", "Parent Relationship": "Inner", "Scan Direction": "Forward", "Index Name": "company_name_pkey", "Relation Name": "company_name", "Alias": "cn", "Startup Cost": 0.0, "Total Cost": 0.29, "Plan Rows": 1, "Plan Width": 23, "Actual Startup Time": 0.032, "Actual Total Time": 0.032, "Actual Rows": 2, "Actual Loops": 3, "Index Cond": "(id = mc.company_id)", "Rows Removed by Index Recheck": 0, "Filter": "(((country_code)::text <> '[pl]'::text) AND (((name)::text ~~ '%Film%'::text) OR ((name)::text ~~ '%Warner%'::text)))", "Rows Removed by Filter": 1}]}, {"Node Type": "Index Scan", "Parent Relationship": "Inner", "Scan Direction": "Forward", "Index Name": "company_type_pkey", "Relation Name": "company_type", "Alias": "ct", "Startup Cost": 0.0, "Total Cost": 0.27, "Plan Rows": 1, "Plan Width": 4, "Actual Startup Time": 0.008, "Actual Total Time": 0.008, "Actual Rows": 2, "Actual Loops": 2, "Index Cond": "(id = mc.company_type_id)", "Rows Removed by Index Recheck": 0, "Filter": "((kind)::text = 'production companies'::text)", "Rows Removed by Filter": 0}]}, {"Node Type": "Index Scan", "Parent Relationship": "Inner", "Scan Direction": "Forward", "Index Name": "movie_id_movie_link", "Relation Name": "movie_link", "Alias": "ml", "Startup Cost": 0.0, "Total Cost": 0.35, "Plan Rows": 5, "Plan Width": 8, "Actual Startup Time": 0.016, "Actual Total Time": 0.031, "Actual Rows": 38, "Actual Loops": 2, "Index Cond": "(movie_id = mk.movie_id)", "Rows Removed by Index Recheck": 0}]}, {"Node Type": "Index Scan", "Parent Relationship": "Inner", "Scan Direction": "Forward", "Index Name": "link_type_pkey", "Relation Name": "link_type", "Alias": "lt", "Startup Cost": 0.0, "Total Cost": 0.27, "Plan Rows": 1, "Plan Width": 16, "Actual Startup Time": 0.064, "Actual Total Time": 0.064, "Actual Rows": 0, "Actual Loops": 38, "Index Cond": "(id = ml.link_type_id)", "Rows Removed by Index Recheck": 0, "Filter": "((link)::text ~~ '%follows%'::text)", "Rows Removed by Filter": 24}]}]}, "Triggers": [], "Planner Runtime": 87.526, "Total Runtime": 127.163, "Unique SQL Id": 4121279504}}, "(16, 21)": {"explain_plan": {"Plan": {"Node Type": "Aggregate", "Strategy": "Plain", "Startup Cost": 3327.94, "Total Cost": 3327.95, "Plan Rows": 1, "Plan Width": 144, "Plans": [{"Node Type": "Nested Loop", "Parent Relationship": "Outer", "Join Type": "Inner", "Startup Cost": 4.51, "Total Cost": 3327.93, "Plan Rows": 1, "Plan Width": 48, "Inner Unique": true, "Plans": [{"Node Type": "Nested Loop", "Parent Relationship": "Outer", "Join Type": "Inner", "Startup Cost": 4.51, "Total Cost": 3327.65, "Plan Rows": 1, "Plan Width": 40, "Inner Unique": false, "Join Filter": "(t.id = ml.movie_id)", "Plans": [{"Node Type": "Nested Loop", "Parent Relationship": "Outer", "Join Type": "Inner", "Startup Cost": 4.51, "Total Cost": 3327.24, "Plan Rows": 1, "Plan Width": 48, "Inner Unique": true, "Plans": [{"Node Type": "Nested Loop", "Parent Relationship": "Outer", "Join Type": "Inner", "Startup Cost": 4.51, "Total Cost": 3326.95, "Plan Rows": 1, "Plan Width": 52, "Inner Unique": true, "Plans": [{"Node Type": "Nested Loop", "Parent Relationship": "Outer", "Join Type": "Inner", "Startup Cost": 4.51, "Total Cost": 3326.66, "Plan Rows": 1, "Plan Width": 37, "Inner Unique": false, "Join Filter": "(t.id = mc.movie_id)", "Plans": [{"Node Type": "Nested Loop", "Parent Relationship": "Outer", "Join Type": "Inner", "Startup Cost": 4.51, "Total Cost": 3326.32, "Plan Rows": 1, "Plan Width": 25, "Inner Unique": true, "Plans": [{"Node Type": "Nested Loop", "Parent Relationship": "Outer", "Join Type": "Inner", "Startup Cost": 4.51, "Total Cost": 3315.63, "Plan Rows": 33, "Plan Width": 4, "Inner Unique": false, "Plans": [{"Node Type": "Index Scan", "Parent Relationship": "Outer", "Scan Direction": "Forward", "Index Name": "keyword_pkey", "Relation Name": "keyword", "Alias": "k", "Startup Cost": 0.0, "Total Cost": 3182.72, "Plan Rows": 1, "Plan Width": 4, "Filter": "((keyword)::text = 'sequel'::text)"}, {"Node Type": "Bitmap Heap Scan", "Parent Relationship": "Inner", "Relation Name": "movie_keyword", "Alias": "mk", "Startup Cost": 4.51, "Total Cost": 132.58, "Plan Rows": 33, "Plan Width": 8, "Recheck Cond": "(keyword_id = k.id)", "Plans": [{"Node Type": "Bitmap Index Scan", "Parent Relationship": "Outer", "Index Name": "keyword_id_movie_keyword", "Startup Cost": 0.0, "Total Cost": 4.5, "Plan Rows": 33, "Plan Width": 0, "Index Cond": "(keyword_id = k.id)"}]}]}, {"Node Type": "Index Scan", "Parent Relationship": "Inner", "Scan Direction": "Forward", "Index Name": "title_pkey", "Relation Name": "title", "Alias": "t", "Startup Cost": 0.0, "Total Cost": 0.31, "Plan Rows": 1, "Plan Width": 21, "Index Cond": "(id = mk.movie_id)", "Filter": "(((title)::text ~~ '%Money%'::text) AND (production_year = 1998))"}]}, {"Node Type": "Index Scan", "Parent Relationship": "Inner", "Scan Direction": "Forward", "Index Name": "movie_id_movie_companies", "Relation Name": "movie_companies", "Alias": "mc", "Startup Cost": 0.0, "Total Cost": 0.31, "Plan Rows": 2, "Plan Width": 12, "Index Cond": "(movie_id = mk.movie_id)", "Filter": "(note IS NULL)"}]}, {"Node Type": "Index Scan", "Parent Relationship": "Inner", "Scan Direction": "Forward", "Index Name": "company_name_pkey", "Relation Name": "company_name", "Alias": "cn", "Startup Cost": 0.0, "Total Cost": 0.29, "Plan Rows": 1, "Plan Width": 23, "Index Cond": "(id = mc.company_id)", "Filter": "(((country_code)::text <> '[pl]'::text) AND (((name)::text ~~ '%Film%'::text) OR ((name)::text ~~ '%Warner%'::text)))"}]}, {"Node Type": "Index Scan", "Parent Relationship": "Inner", "Scan Direction": "Forward", "Index Name": "company_type_pkey", "Relation Name": "company_type", "Alias": "ct", "Startup Cost": 0.0, "Total Cost": 0.27, "Plan Rows": 1, "Plan Width": 4, "Index Cond": "(id = mc.company_type_id)", "Filter": "((kind)::text = 'production companies'::text)"}]}, {"Node Type": "Index Scan", "Parent Relationship": "Inner", "Scan Direction": "Forward", "Index Name": "movie_id_movie_link", "Relation Name": "movie_link", "Alias": "ml", "Startup Cost": 0.0, "Total Cost": 0.35, "Plan Rows": 5, "Plan Width": 8, "Index Cond": "(movie_id = mk.movie_id)"}]}, {"Node Type": "Index Scan", "Parent Relationship": "Inner", "Scan Direction": "Forward", "Index Name": "link_type_pkey", "Relation Name": "link_type", "Alias": "lt", "Startup Cost": 0.0, "Total Cost": 0.27, "Plan Rows": 1, "Plan Width": 16, "Index Cond": "(id = ml.link_type_id)", "Filter": "((link)::text ~~ '%follows%'::text)"}]}]}, "Unique SQL Id": 4121279504}, "explain_analyze_plan": {"Plan": {"Node Type": "Aggregate", "Strategy": "Plain", "Startup Cost": 3327.94, "Total Cost": 3327.95, "Plan Rows": 1, "Plan Width": 144, "Actual Startup Time": 210.021, "Actual Total Time": 210.022, "Actual Rows": 1, "Actual Loops": 1, "Plans": [{"Node Type": "Nested Loop", "Parent Relationship": "Outer", "Join Type": "Inner", "Startup Cost": 4.51, "Total Cost": 3327.93, "Plan Rows": 1, "Plan Width": 48, "Actual Startup Time": 210.015, "Actual Total Time": 210.015, "Actual Rows": 0, "Actual Loops": 1, "Inner Unique": true, "Plans": [{"Node Type": "Nested Loop", "Parent Relationship": "Outer", "Join Type": "Inner", "Startup Cost": 4.51, "Total Cost": 3327.65, "Plan Rows": 1, "Plan Width": 40, "Actual Startup Time": 4.252, "Actual Total Time": 209.927, "Actual Rows": 38, "Actual Loops": 1, "Inner Unique": false, "Join Filter": "(t.id = ml.movie_id)", "Rows Removed by Join Filter": 0, "Plans": [{"Node Type": "Nested Loop", "Parent Relationship": "Outer", "Join Type": "Inner", "Startup Cost": 4.51, "Total Cost": 3327.24, "Plan Rows": 1, "Plan Width": 48, "Actual Startup Time": 4.237, "Actual Total Time": 209.878, "Actual Rows": 2, "Actual Loops": 1, "Inner Unique": true, "Plans": [{"Node Type": "Nested Loop", "Parent Relationship": "Outer", "Join Type": "Inner", "Startup Cost": 4.51, "Total Cost": 3326.95, "Plan Rows": 1, "Plan Width": 52, "Actual Startup Time": 4.228, "Actual Total Time": 209.865, "Actual Rows": 2, "Actual Loops": 1, "Inner Unique": true, "Plans": [{"Node Type": "Nested Loop", "Parent Relationship": "Outer", "Join Type": "Inner", "Startup Cost": 4.51, "Total Cost": 3326.66, "Plan Rows": 1, "Plan Width": 37, "Actual Startup Time": 4.21, "Actual Total Time": 209.826, "Actual Rows": 3, "Actual Loops": 1, "Inner Unique": false, "Join Filter": "(t.id = mc.movie_id)", "Rows Removed by Join Filter": 0, "Plans": [{"Node Type": "Nested Loop", "Parent Relationship": "Outer", "Join Type": "Inner", "Startup Cost": 4.51, "Total Cost": 3326.32, "Plan Rows": 1, "Plan Width": 25, "Actual Startup Time": 4.189, "Actual Total Time": 209.801, "Actual Rows": 1, "Actual Loops": 1, "Inner Unique": true, "Plans": [{"Node Type": "Nested Loop", "Parent Relationship": "Outer", "Join Type": "Inner", "Startup Cost": 4.51, "Total Cost": 3315.63, "Plan Rows": 33, "Plan Width": 4, "Actual Startup Time": 3.839, "Actual Total Time": 145.857, "Actual Rows": 10544, "Actual Loops": 1, "Inner Unique": false, "Plans": [{"Node Type": "Index Scan", "Parent Relationship": "Outer", "Scan Direction": "Forward", "Index Name": "keyword_pkey", "Relation Name": "keyword", "Alias": "k", "Startup Cost": 0.0, "Total Cost": 3182.72, "Plan Rows": 1, "Plan Width": 4, "Actual Startup Time": 0.526, "Actual Total Time": 122.744, "Actual Rows": 1, "Actual Loops": 1, "Filter": "((keyword)::text = 'sequel'::text)", "Rows Removed by Filter": 134168}, {"Node Type": "Bitmap Heap Scan", "Parent Relationship": "Inner", "Relation Name": "movie_keyword", "Alias": "mk", "Startup Cost": 4.51, "Total Cost": 132.58, "Plan Rows": 33, "Plan Width": 8, "Actual Startup Time": 3.306, "Actual Total Time": 20.899, "Actual Rows": 10544, "Actual Loops": 1, "Recheck Cond": "(keyword_id = k.id)", "Rows Removed by Index Recheck": 0, "Exact Heap Blocks": 5090, "Lossy Heap Blocks": 5090, "Plans": [{"Node Type": "Bitmap Index Scan", "Parent Relationship": "Outer", "Index Name": "keyword_id_movie_keyword", "Startup Cost": 0.0, "Total Cost": 4.5, "Plan Rows": 33, "Plan Width": 0, "Actual Startup Time": 2.388, "Actual Total Time": 2.388, "Actual Rows": 10544, "Actual Loops": 1, "Index Cond": "(keyword_id = k.id)"}]}]}, {"Node Type": "Index Scan", "Parent Relationship": "Inner", "Scan Direction": "Forward", "Index Name": "title_pkey", "Relation Name": "title", "Alias": "t", "Startup Cost": 0.0, "Total Cost": 0.31, "Plan Rows": 1, "Plan Width": 21, "Actual Startup Time": 58.603, "Actual Total Time": 58.603, "Actual Rows": 1, "Actual Loops": 10544, "Index Cond": "(id = mk.movie_id)", "Rows Removed by Index Recheck": 0, "Filter": "(((title)::text ~~ '%Money%'::text) AND (production_year = 1998))", "Rows Removed by Filter": 10543}]}, {"Node Type": "Index Scan", "Parent Relationship": "Inner", "Scan Direction": "Forward", "Index Name": "movie_id_movie_companies", "Relation Name": "movie_companies", "Alias": "mc", "Startup Cost": 0.0, "Total Cost": 0.31, "Plan Rows": 2, "Plan Width": 12, "Actual Startup Time": 0.017, "Actual Total Time": 0.019, "Actual Rows": 3, "Actual Loops": 1, "Index Cond": "(movie_id = mk.movie_id)", "Rows Removed by Index Recheck": 0, "Filter": "(note IS NULL)", "Rows Removed by Filter": 1}]}, {"Node Type": "Index Scan", "Parent Relationship": "Inner", "Scan Direction": "Forward", "Index Name": "company_name_pkey", "Relation Name": "company_name", "Alias": "cn", "Startup Cost": 0.0, "Total Cost": 0.29, "Plan Rows": 1, "Plan Width": 23, "Actual Startup Time": 0.034, "Actual Total Time": 0.034, "Actual Rows": 2, "Actual Loops": 3, "Index Cond": "(id = mc.company_id)", "Rows Removed by Index Recheck": 0, "Filter": "(((country_code)::text <> '[pl]'::text) AND (((name)::text ~~ '%Film%'::text) OR ((name)::text ~~ '%Warner%'::text)))", "Rows Removed by Filter": 1}]}, {"Node Type": "Index Scan", "Parent Relationship": "Inner", "Scan Direction": "Forward", "Index Name": "company_type_pkey", "Relation Name": "company_type", "Alias": "ct", "Startup Cost": 0.0, "Total Cost": 0.27, "Plan Rows": 1, "Plan Width": 4, "Actual Startup Time": 0.009, "Actual Total Time": 0.009, "Actual Rows": 2, "Actual Loops": 2, "Index Cond": "(id = mc.company_type_id)", "Rows Removed by Index Recheck": 0, "Filter": "((kind)::text = 'production companies'::text)", "Rows Removed by Filter": 0}]}, {"Node Type": "Index Scan", "Parent Relationship": "Inner", "Scan Direction": "Forward", "Index Name": "movie_id_movie_link", "Relation Name": "movie_link", "Alias": "ml", "Startup Cost": 0.0, "Total Cost": 0.35, "Plan Rows": 5, "Plan Width": 8, "Actual Startup Time": 0.016, "Actual Total Time": 0.029, "Actual Rows": 38, "Actual Loops": 2, "Index Cond": "(movie_id = mk.movie_id)", "Rows Removed by Index Recheck": 0}]}, {"Node Type": "Index Scan", "Parent Relationship": "Inner", "Scan Direction": "Forward", "Index Name": "link_type_pkey", "Relation Name": "link_type", "Alias": "lt", "Startup Cost": 0.0, "Total Cost": 0.27, "Plan Rows": 1, "Plan Width": 16, "Actual Startup Time": 0.063, "Actual Total Time": 0.063, "Actual Rows": 0, "Actual Loops": 38, "Index Cond": "(id = ml.link_type_id)", "Rows Removed by Index Recheck": 0, "Filter": "((link)::text ~~ '%follows%'::text)", "Rows Removed by Filter": 24}]}]}, "Triggers": [], "Planner Runtime": 75.74, "Total Runtime": 210.444, "Unique SQL Id": 4121279504}}, "(16, 22)": {"explain_plan": {"Plan": {"Node Type": "Aggregate", "Strategy": "Plain", "Startup Cost": 2726.02, "Total Cost": 2726.03, "Plan Rows": 1, "Plan Width": 144, "Plans": [{"Node Type": "Nested Loop", "Parent Relationship": "Outer", "Join Type": "Inner", "Startup Cost": 5.59, "Total Cost": 2726.01, "Plan Rows": 1, "Plan Width": 48, "Inner Unique": true, "Join Filter": "(ml.link_type_id = lt.id)", "Plans": [{"Node Type": "Nested Loop", "Parent Relationship": "Outer", "Join Type": "Inner", "Startup Cost": 5.59, "Total Cost": 2724.78, "Plan Rows": 1, "Plan Width": 40, "Inner Unique": false, "Join Filter": "(t.id = ml.movie_id)", "Plans": [{"Node Type": "Nested Loop", "Parent Relationship": "Outer", "Join Type": "Inner", "Startup Cost": 5.3, "Total Cost": 2720.37, "Plan Rows": 1, "Plan Width": 48, "Inner Unique": true, "Join Filter": "(mc.company_type_id = ct.id)", "Plans": [{"Node Type": "Nested Loop", "Parent Relationship": "Outer", "Join Type": "Inner", "Startup Cost": 5.3, "Total Cost": 2719.32, "Plan Rows": 1, "Plan Width": 52, "Inner Unique": true, "Plans": [{"Node Type": "Nested Loop", "Parent Relationship": "Outer", "Join Type": "Inner", "Startup Cost": 5.05, "Total Cost": 2715.03, "Plan Rows": 1, "Plan Width": 37, "Inner Unique": false, "Join Filter": "(t.id = mc.movie_id)", "Plans": [{"Node Type": "Nested Loop", "Parent Relationship": "Outer", "Join Type": "Inner", "Startup Cost": 4.77, "Total Cost": 2710.71, "Plan Rows": 1, "Plan Width": 25, "Inner Unique": true, "Plans": [{"Node Type": "Nested Loop", "Parent Relationship": "Outer", "Join Type": "Inner", "Startup Cost": 4.51, "Total Cost": 2569.02, "Plan Rows": 33, "Plan Width": 4, "Inner Unique": false, "Plans": [{"Node Type": "Seq Scan", "Parent Relationship": "Outer", "Relation Name": "keyword", "Alias": "k", "Startup Cost": 0.0, "Total Cost": 2436.11, "Plan Rows": 1, "Plan Width": 4, "Filter": "((keyword)::text = 'sequel'::text)"}, {"Node Type": "Bitmap Heap Scan", "Parent Relationship": "Inner", "Relation Name": "movie_keyword", "Alias": "mk", "Startup Cost": 4.51, "Total Cost": 132.58, "Plan Rows": 33, "Plan Width": 8, "Recheck Cond": "(keyword_id = k.id)", "Plans": [{"Node Type": "Bitmap Index Scan", "Parent Relationship": "Outer", "Index Name": "keyword_id_movie_keyword", "Startup Cost": 0.0, "Total Cost": 4.5, "Plan Rows": 33, "Plan Width": 0, "Index Cond": "(keyword_id = k.id)"}]}]}, {"Node Type": "Bitmap Heap Scan", "Parent Relationship": "Inner", "Relation Name": "title", "Alias": "t", "Startup Cost": 0.27, "Total Cost": 4.28, "Plan Rows": 1, "Plan Width": 21, "Recheck Cond": "(id = mk.movie_id)", "Filter": "(((title)::text ~~ '%Money%'::text) AND (production_year = 1998))", "Plans": [{"Node Type": "Bitmap Index Scan", "Parent Relationship": "Outer", "Index Name": "title_pkey", "Startup Cost": 0.0, "Total Cost": 0.27, "Plan Rows": 1, "Plan Width": 0, "Index Cond": "(id = mk.movie_id)"}]}]}, {"Node Type": "Bitmap Heap Scan", "Parent Relationship": "Inner", "Relation Name": "movie_companies", "Alias": "mc", "Startup Cost": 0.27, "Total Cost": 4.3, "Plan Rows": 2, "Plan Width": 12, "Recheck Cond": "(movie_id = mk.movie_id)", "Filter": "(note IS NULL)", "Plans": [{"Node Type": "Bitmap Index Scan", "Parent Relationship": "Outer", "Index Name": "movie_id_movie_companies", "Startup Cost": 0.0, "Total Cost": 0.27, "Plan Rows": 2, "Plan Width": 0, "Index Cond": "(movie_id = mk.movie_id)"}]}]}, {"Node Type": "Bitmap Heap Scan", "Parent Relationship": "Inner", "Relation Name": "company_name", "Alias": "cn", "Startup Cost": 0.26, "Total Cost": 4.28, "Plan Rows": 1, "Plan Width": 23, "Recheck Cond": "(id = mc.company_id)", "Filter": "(((country_code)::text <> '[pl]'::text) AND (((name)::text ~~ '%Film%'::text) OR ((name)::text ~~ '%Warner%'::text)))", "Plans": [{"Node Type": "Bitmap Index Scan", "Parent Relationship": "Outer", "Index Name": "company_name_pkey", "Startup Cost": 0.0, "Total Cost": 0.26, "Plan Rows": 1, "Plan Width": 0, "Index Cond": "(id = mc.company_id)"}]}]}, {"Node Type": "Seq Scan", "Parent Relationship": "Inner", "Relation Name": "company_type", "Alias": "ct", "Startup Cost": 0.0, "Total Cost": 1.04, "Plan Rows": 1, "Plan Width": 4, "Filter": "((kind)::text = 'production companies'::text)"}]}, {"Node Type": "Bitmap Heap Scan", "Parent Relationship": "Inner", "Relation Name": "movie_link", "Alias": "ml", "Startup Cost": 0.29, "Total Cost": 4.35, "Plan Rows": 5, "Plan Width": 8, "Recheck Cond": "(movie_id = mk.movie_id)", "Plans": [{"Node Type": "Bitmap Index Scan", "Parent Relationship": "Outer", "Index Name": "movie_id_movie_link", "Startup Cost": 0.0, "Total Cost": 0.29, "Plan Rows": 5, "Plan Width": 0, "Index Cond": "(movie_id = mk.movie_id)"}]}]}, {"Node Type": "Seq Scan", "Parent Relationship": "Inner", "Relation Name": "link_type", "Alias": "lt", "Startup Cost": 0.0, "Total Cost": 1.21, "Plan Rows": 1, "Plan Width": 16, "Filter": "((link)::text ~~ '%follows%'::text)"}]}]}, "Unique SQL Id": 4121279504}, "explain_analyze_plan": {"Plan": {"Node Type": "Aggregate", "Strategy": "Plain", "Startup Cost": 2726.02, "Total Cost": 2726.03, "Plan Rows": 1, "Plan Width": 144, "Actual Startup Time": 139.006, "Actual Total Time": 139.007, "Actual Rows": 1, "Actual Loops": 1, "Plans": [{"Node Type": "Nested Loop", "Parent Relationship": "Outer", "Join Type": "Inner", "Startup Cost": 5.59, "Total Cost": 2726.01, "Plan Rows": 1, "Plan Width": 48, "Actual Startup Time": 138.995, "Actual Total Time": 138.995, "Actual Rows": 0, "Actual Loops": 1, "Inner Unique": true, "Join Filter": "(ml.link_type_id = lt.id)", "Rows Removed by Join Filter": 0, "Plans": [{"Node Type": "Nested Loop", "Parent Relationship": "Outer", "Join Type": "Inner", "Startup Cost": 5.59, "Total Cost": 2724.78, "Plan Rows": 1, "Plan Width": 40, "Actual Startup Time": 6.154, "Actual Total Time": 138.668, "Actual Rows": 38, "Actual Loops": 1, "Inner Unique": false, "Join Filter": "(t.id = ml.movie_id)", "Rows Removed by Join Filter": 0, "Plans": [{"Node Type": "Nested Loop", "Parent Relationship": "Outer", "Join Type": "Inner", "Startup Cost": 5.3, "Total Cost": 2720.37, "Plan Rows": 1, "Plan Width": 48, "Actual Startup Time": 6.124, "Actual Total Time": 138.609, "Actual Rows": 2, "Actual Loops": 1, "Inner Unique": true, "Join Filter": "(mc.company_type_id = ct.id)", "Rows Removed by Join Filter": 0, "Plans": [{"Node Type": "Nested Loop", "Parent Relationship": "Outer", "Join Type": "Inner", "Startup Cost": 5.3, "Total Cost": 2719.32, "Plan Rows": 1, "Plan Width": 52, "Actual Startup Time": 6.112, "Actual Total Time": 138.593, "Actual Rows": 2, "Actual Loops": 1, "Inner Unique": true, "Plans": [{"Node Type": "Nested Loop", "Parent Relationship": "Outer", "Join Type": "Inner", "Startup Cost": 5.05, "Total Cost": 2715.03, "Plan Rows": 1, "Plan Width": 37, "Actual Startup Time": 6.09, "Actual Total Time": 138.545, "Actual Rows": 3, "Actual Loops": 1, "Inner Unique": false, "Join Filter": "(t.id = mc.movie_id)", "Rows Removed by Join Filter": 0, "Plans": [{"Node Type": "Nested Loop", "Parent Relationship": "Outer", "Join Type": "Inner", "Startup Cost": 4.77, "Total Cost": 2710.71, "Plan Rows": 1, "Plan Width": 25, "Actual Startup Time": 6.057, "Actual Total Time": 138.508, "Actual Rows": 1, "Actual Loops": 1, "Inner Unique": true, "Plans": [{"Node Type": "Nested Loop", "Parent Relationship": "Outer", "Join Type": "Inner", "Startup Cost": 4.51, "Total Cost": 2569.02, "Plan Rows": 33, "Plan Width": 4, "Actual Startup Time": 5.644, "Actual Total Time": 62.51, "Actual Rows": 10544, "Actual Loops": 1, "Inner Unique": false, "Plans": [{"Node Type": "Seq Scan", "Parent Relationship": "Outer", "Relation Name": "keyword", "Alias": "k", "Startup Cost": 0.0, "Total Cost": 2436.11, "Plan Rows": 1, "Plan Width": 4, "Actual Startup Time": 2.306, "Actual Total Time": 41.335, "Actual Rows": 1, "Actual Loops": 1, "Filter": "((keyword)::text = 'sequel'::text)", "Rows Removed by Filter": 134168}, {"Node Type": "Bitmap Heap Scan", "Parent Relationship": "Inner", "Relation Name": "movie_keyword", "Alias": "mk", "Startup Cost": 4.51, "Total Cost": 132.58, "Plan Rows": 33, "Plan Width": 8, "Actual Startup Time": 3.331, "Actual Total Time": 19.008, "Actual Rows": 10544, "Actual Loops": 1, "Recheck Cond": "(keyword_id = k.id)", "Rows Removed by Index Recheck": 0, "Exact Heap Blocks": 5090, "Lossy Heap Blocks": 5090, "Plans": [{"Node Type": "Bitmap Index Scan", "Parent Relationship": "Outer", "Index Name": "keyword_id_movie_keyword", "Startup Cost": 0.0, "Total Cost": 4.5, "Plan Rows": 33, "Plan Width": 0, "Actual Startup Time": 2.404, "Actual Total Time": 2.404, "Actual Rows": 10544, "Actual Loops": 1, "Index Cond": "(keyword_id = k.id)"}]}]}, {"Node Type": "Bitmap Heap Scan", "Parent Relationship": "Inner", "Relation Name": "title", "Alias": "t", "Startup Cost": 0.27, "Total Cost": 4.28, "Plan Rows": 1, "Plan Width": 21, "Actual Startup Time": 64.166, "Actual Total Time": 64.166, "Actual Rows": 1, "Actual Loops": 10544, "Recheck Cond": "(id = mk.movie_id)", "Rows Removed by Index Recheck": 0, "Filter": "(((title)::text ~~ '%Money%'::text) AND (production_year = 1998))", "Rows Removed by Filter": 10543, "Exact Heap Blocks": 10544, "Lossy Heap Blocks": 10544, "Plans": [{"Node Type": "Bitmap Index Scan", "Parent Relationship": "Outer", "Index Name": "title_pkey", "Startup Cost": 0.0, "Total Cost": 0.27, "Plan Rows": 1, "Plan Width": 0, "Actual Startup Time": 31.869, "Actual Total Time": 31.869, "Actual Rows": 10544, "Actual Loops": 10544, "Index Cond": "(id = mk.movie_id)"}]}]}, {"Node Type": "Bitmap Heap Scan", "Parent Relationship": "Inner", "Relation Name": "movie_companies", "Alias": "mc", "Startup Cost": 0.27, "Total Cost": 4.3, "Plan Rows": 2, "Plan Width": 12, "Actual Startup Time": 0.029, "Actual Total Time": 0.032, "Actual Rows": 3, "Actual Loops": 1, "Recheck Cond": "(movie_id = mk.movie_id)", "Rows Removed by Index Recheck": 0, "Filter": "(note IS NULL)", "Rows Removed by Filter": 1, "Exact Heap Blocks": 2, "Lossy Heap Blocks": 2, "Plans": [{"Node Type": "Bitmap Index Scan", "Parent Relationship": "Outer", "Index Name": "movie_id_movie_companies", "Startup Cost": 0.0, "Total Cost": 0.27, "Plan Rows": 2, "Plan Width": 0, "Actual Startup Time": 0.011, "Actual Total Time": 0.011, "Actual Rows": 4, "Actual Loops": 1, "Index Cond": "(movie_id = mk.movie_id)"}]}]}, {"Node Type": "Bitmap Heap Scan", "Parent Relationship": "Inner", "Relation Name": "company_name", "Alias": "cn", "Startup Cost": 0.26, "Total Cost": 4.28, "Plan Rows": 1, "Plan Width": 23, "Actual Startup Time": 0.039, "Actual Total Time": 0.039, "Actual Rows": 2, "Actual Loops": 3, "Recheck Cond": "(id = mc.company_id)", "Rows Removed by Index Recheck": 0, "Filter": "(((country_code)::text <> '[pl]'::text) AND (((name)::text ~~ '%Film%'::text) OR ((name)::text ~~ '%Warner%'::text)))", "Rows Removed by Filter": 1, "Exact Heap Blocks": 3, "Lossy Heap Blocks": 3, "Plans": [{"Node Type": "Bitmap Index Scan", "Parent Relationship": "Outer", "Index Name": "company_name_pkey", "Startup Cost": 0.0, "Total Cost": 0.26, "Plan Rows": 1, "Plan Width": 0, "Actual Startup Time": 0.02, "Actual Total Time": 0.02, "Actual Rows": 3, "Actual Loops": 3, "Index Cond": "(id = mc.company_id)"}]}]}, {"Node Type": "Seq Scan", "Parent Relationship": "Inner", "Relation Name": "company_type", "Alias": "ct", "Startup Cost": 0.0, "Total Cost": 1.04, "Plan Rows": 1, "Plan Width": 4, "Actual Startup Time": 0.01, "Actual Total Time": 0.01, "Actual Rows": 2, "Actual Loops": 2, "Filter": "((kind)::text = 'production companies'::text)", "Rows Removed by Filter": 0}]}, {"Node Type": "Bitmap Heap Scan", "Parent Relationship": "Inner", "Relation Name": "movie_link", "Alias": "ml", "Startup Cost": 0.29, "Total Cost": 4.35, "Plan Rows": 5, "Plan Width": 8, "Actual Startup Time": 0.031, "Actual Total Time": 0.035, "Actual Rows": 38, "Actual Loops": 2, "Recheck Cond": "(movie_id = mk.movie_id)", "Rows Removed by Index Recheck": 0, "Exact Heap Blocks": 2, "Lossy Heap Blocks": 2, "Plans": [{"Node Type": "Bitmap Index Scan", "Parent Relationship": "Outer", "Index Name": "movie_id_movie_link", "Startup Cost": 0.0, "Total Cost": 0.29, "Plan Rows": 5, "Plan Width": 0, "Actual Startup Time": 0.013, "Actual Total Time": 0.013, "Actual Rows": 38, "Actual Loops": 2, "Index Cond": "(movie_id = mk.movie_id)"}]}]}, {"Node Type": "Seq Scan", "Parent Relationship": "Inner", "Relation Name": "link_type", "Alias": "lt", "Startup Cost": 0.0, "Total Cost": 1.21, "Plan Rows": 1, "Plan Width": 16, "Actual Startup Time": 0.293, "Actual Total Time": 0.293, "Actual Rows": 0, "Actual Loops": 38, "Filter": "((link)::text ~~ '%follows%'::text)", "Rows Removed by Filter": 646}]}]}, "Triggers": [], "Planner Runtime": 115.353, "Total Runtime": 139.543, "Unique SQL Id": 4121279504}}, "(16, 23)": {"explain_plan": {"Plan": {"Node Type": "Aggregate", "Strategy": "Plain", "Startup Cost": 3451.4, "Total Cost": 3451.41, "Plan Rows": 1, "Plan Width": 144, "Plans": [{"Node Type": "Nested Loop", "Parent Relationship": "Outer", "Join Type": "Inner", "Startup Cost": 725.2, "Total Cost": 3451.4, "Plan Rows": 1, "Plan Width": 48, "Inner Unique": true, "Plans": [{"Node Type": "Nested Loop", "Parent Relationship": "Outer", "Join Type": "Inner", "Startup Cost": 724.95, "Total Cost": 3447.11, "Plan Rows": 1, "Plan Width": 40, "Inner Unique": false, "Join Filter": "(t.id = ml.movie_id)", "Plans": [{"Node Type": "Nested Loop", "Parent Relationship": "Outer", "Join Type": "Inner", "Startup Cost": 724.66, "Total Cost": 3442.7, "Plan Rows": 1, "Plan Width": 48, "Inner Unique": true, "Plans": [{"Node Type": "Nested Loop", "Parent Relationship": "Outer", "Join Type": "Inner", "Startup Cost": 724.4, "Total Cost": 3438.42, "Plan Rows": 1, "Plan Width": 52, "Inner Unique": true, "Plans": [{"Node Type": "Nested Loop", "Parent Relationship": "Outer", "Join Type": "Inner", "Startup Cost": 724.14, "Total Cost": 3434.13, "Plan Rows": 1, "Plan Width": 37, "Inner Unique": false, "Join Filter": "(t.id = mc.movie_id)", "Plans": [{"Node Type": "Nested Loop", "Parent Relationship": "Outer", "Join Type": "Inner", "Startup Cost": 723.87, "Total Cost": 3429.8, "Plan Rows": 1, "Plan Width": 25, "Inner Unique": true, "Plans": [{"Node Type": "Nested Loop", "Parent Relationship": "Outer", "Join Type": "Inner", "Startup Cost": 723.6, "Total Cost": 3288.12, "Plan Rows": 33, "Plan Width": 4, "Inner Unique": false, "Plans": [{"Node Type": "Bitmap Heap Scan", "Parent Relationship": "Outer", "Relation Name": "keyword", "Alias": "k", "Startup Cost": 719.1, "Total Cost": 3155.21, "Plan Rows": 1, "Plan Width": 4, "Filter": "((keyword)::text = 'sequel'::text)", "Plans": [{"Node Type": "Bitmap Index Scan", "Parent Relationship": "Outer", "Index Name": "keyword_pkey", "Startup Cost": 0.0, "Total Cost": 719.1, "Plan Rows": 134169, "Plan Width": 0}]}, {"Node Type": "Bitmap Heap Scan", "Parent Relationship": "Inner", "Relation Name": "movie_keyword", "Alias": "mk", "Startup Cost": 4.51, "Total Cost": 132.58, "Plan Rows": 33, "Plan Width": 8, "Recheck Cond": "(keyword_id = k.id)", "Plans": [{"Node Type": "Bitmap Index Scan", "Parent Relationship": "Outer", "Index Name": "keyword_id_movie_keyword", "Startup Cost": 0.0, "Total Cost": 4.5, "Plan Rows": 33, "Plan Width": 0, "Index Cond": "(keyword_id = k.id)"}]}]}, {"Node Type": "Bitmap Heap Scan", "Parent Relationship": "Inner", "Relation Name": "title", "Alias": "t", "Startup Cost": 0.27, "Total Cost": 4.28, "Plan Rows": 1, "Plan Width": 21, "Recheck Cond": "(id = mk.movie_id)", "Filter": "(((title)::text ~~ '%Money%'::text) AND (production_year = 1998))", "Plans": [{"Node Type": "Bitmap Index Scan", "Parent Relationship": "Outer", "Index Name": "title_pkey", "Startup Cost": 0.0, "Total Cost": 0.27, "Plan Rows": 1, "Plan Width": 0, "Index Cond": "(id = mk.movie_id)"}]}]}, {"Node Type": "Bitmap Heap Scan", "Parent Relationship": "Inner", "Relation Name": "movie_companies", "Alias": "mc", "Startup Cost": 0.27, "Total Cost": 4.3, "Plan Rows": 2, "Plan Width": 12, "Recheck Cond": "(movie_id = mk.movie_id)", "Filter": "(note IS NULL)", "Plans": [{"Node Type": "Bitmap Index Scan", "Parent Relationship": "Outer", "Index Name": "movie_id_movie_companies", "Startup Cost": 0.0, "Total Cost": 0.27, "Plan Rows": 2, "Plan Width": 0, "Index Cond": "(movie_id = mk.movie_id)"}]}]}, {"Node Type": "Bitmap Heap Scan", "Parent Relationship": "Inner", "Relation Name": "company_name", "Alias": "cn", "Startup Cost": 0.26, "Total Cost": 4.28, "Plan Rows": 1, "Plan Width": 23, "Recheck Cond": "(id = mc.company_id)", "Filter": "(((country_code)::text <> '[pl]'::text) AND (((name)::text ~~ '%Film%'::text) OR ((name)::text ~~ '%Warner%'::text)))", "Plans": [{"Node Type": "Bitmap Index Scan", "Parent Relationship": "Outer", "Index Name": "company_name_pkey", "Startup Cost": 0.0, "Total Cost": 0.26, "Plan Rows": 1, "Plan Width": 0, "Index Cond": "(id = mc.company_id)"}]}]}, {"Node Type": "Bitmap Heap Scan", "Parent Relationship": "Inner", "Relation Name": "company_type", "Alias": "ct", "Startup Cost": 0.26, "Total Cost": 4.27, "Plan Rows": 1, "Plan Width": 4, "Recheck Cond": "(id = mc.company_type_id)", "Filter": "((kind)::text = 'production companies'::text)", "Plans": [{"Node Type": "Bitmap Index Scan", "Parent Relationship": "Outer", "Index Name": "company_type_pkey", "Startup Cost": 0.0, "Total Cost": 0.26, "Plan Rows": 1, "Plan Width": 0, "Index Cond": "(id = mc.company_type_id)"}]}]}, {"Node Type": "Bitmap Heap Scan", "Parent Relationship": "Inner", "Relation Name": "movie_link", "Alias": "ml", "Startup Cost": 0.29, "Total Cost": 4.35, "Plan Rows": 5, "Plan Width": 8, "Recheck Cond": "(movie_id = mk.movie_id)", "Plans": [{"Node Type": "Bitmap Index Scan", "Parent Relationship": "Outer", "Index Name": "movie_id_movie_link", "Startup Cost": 0.0, "Total Cost": 0.29, "Plan Rows": 5, "Plan Width": 0, "Index Cond": "(movie_id = mk.movie_id)"}]}]}, {"Node Type": "Bitmap Heap Scan", "Parent Relationship": "Inner", "Relation Name": "link_type", "Alias": "lt", "Startup Cost": 0.26, "Total Cost": 4.27, "Plan Rows": 1, "Plan Width": 16, "Recheck Cond": "(id = ml.link_type_id)", "Filter": "((link)::text ~~ '%follows%'::text)", "Plans": [{"Node Type": "Bitmap Index Scan", "Parent Relationship": "Outer", "Index Name": "link_type_pkey", "Startup Cost": 0.0, "Total Cost": 0.26, "Plan Rows": 1, "Plan Width": 0, "Index Cond": "(id = ml.link_type_id)"}]}]}]}, "Unique SQL Id": 4121279504}, "explain_analyze_plan": {"Plan": {"Node Type": "Aggregate", "Strategy": "Plain", "Startup Cost": 3451.4, "Total Cost": 3451.41, "Plan Rows": 1, "Plan Width": 144, "Actual Startup Time": 152.6, "Actual Total Time": 152.601, "Actual Rows": 1, "Actual Loops": 1, "Plans": [{"Node Type": "Nested Loop", "Parent Relationship": "Outer", "Join Type": "Inner", "Startup Cost": 725.2, "Total Cost": 3451.4, "Plan Rows": 1, "Plan Width": 48, "Actual Startup Time": 152.588, "Actual Total Time": 152.588, "Actual Rows": 0, "Actual Loops": 1, "Inner Unique": true, "Plans": [{"Node Type": "Nested Loop", "Parent Relationship": "Outer", "Join Type": "Inner", "Startup Cost": 724.95, "Total Cost": 3447.11, "Plan Rows": 1, "Plan Width": 40, "Actual Startup Time": 18.148, "Actual Total Time": 152.437, "Actual Rows": 38, "Actual Loops": 1, "Inner Unique": false, "Join Filter": "(t.id = ml.movie_id)", "Rows Removed by Join Filter": 0, "Plans": [{"Node Type": "Nested Loop", "Parent Relationship": "Outer", "Join Type": "Inner", "Startup Cost": 724.66, "Total Cost": 3442.7, "Plan Rows": 1, "Plan Width": 48, "Actual Startup Time": 18.12, "Actual Total Time": 152.376, "Actual Rows": 2, "Actual Loops": 1, "Inner Unique": true, "Plans": [{"Node Type": "Nested Loop", "Parent Relationship": "Outer", "Join Type": "Inner", "Startup Cost": 724.4, "Total Cost": 3438.42, "Plan Rows": 1, "Plan Width": 52, "Actual Startup Time": 18.104, "Actual Total Time": 152.355, "Actual Rows": 2, "Actual Loops": 1, "Inner Unique": true, "Plans": [{"Node Type": "Nested Loop", "Parent Relationship": "Outer", "Join Type": "Inner", "Startup Cost": 724.14, "Total Cost": 3434.13, "Plan Rows": 1, "Plan Width": 37, "Actual Startup Time": 18.071, "Actual Total Time": 152.299, "Actual Rows": 3, "Actual Loops": 1, "Inner Unique": false, "Join Filter": "(t.id = mc.movie_id)", "Rows Removed by Join Filter": 0, "Plans": [{"Node Type": "Nested Loop", "Parent Relationship": "Outer", "Join Type": "Inner", "Startup Cost": 723.87, "Total Cost": 3429.8, "Plan Rows": 1, "Plan Width": 25, "Actual Startup Time": 18.038, "Actual Total Time": 152.263, "Actual Rows": 1, "Actual Loops": 1, "Inner Unique": true, "Plans": [{"Node Type": "Nested Loop", "Parent Relationship": "Outer", "Join Type": "Inner", "Startup Cost": 723.6, "Total Cost": 3288.12, "Plan Rows": 33, "Plan Width": 4, "Actual Startup Time": 17.628, "Actual Total Time": 80.585, "Actual Rows": 10544, "Actual Loops": 1, "Inner Unique": false, "Plans": [{"Node Type": "Bitmap Heap Scan", "Parent Relationship": "Outer", "Relation Name": "keyword", "Alias": "k", "Startup Cost": 719.1, "Total Cost": 3155.21, "Plan Rows": 1, "Plan Width": 4, "Actual Startup Time": 14.469, "Actual Total Time": 61.131, "Actual Rows": 1, "Actual Loops": 1, "Filter": "((keyword)::text = 'sequel'::text)", "Rows Removed by Filter": 134168, "Exact Heap Blocks": 759, "Lossy Heap Blocks": 759, "Plans": [{"Node Type": "Bitmap Index Scan", "Parent Relationship": "Outer", "Index Name": "keyword_pkey", "Startup Cost": 0.0, "Total Cost": 719.1, "Plan Rows": 134169, "Plan Width": 0, "Actual Startup Time": 11.259, "Actual Total Time": 11.259, "Actual Rows": 134169, "Actual Loops": 1}]}, {"Node Type": "Bitmap Heap Scan", "Parent Relationship": "Inner", "Relation Name": "movie_keyword", "Alias": "mk", "Startup Cost": 4.51, "Total Cost": 132.58, "Plan Rows": 33, "Plan Width": 8, "Actual Startup Time": 3.147, "Actual Total Time": 17.278, "Actual Rows": 10544, "Actual Loops": 1, "Recheck Cond": "(keyword_id = k.id)", "Rows Removed by Index Recheck": 0, "Exact Heap Blocks": 5090, "Lossy Heap Blocks": 5090, "Plans": [{"Node Type": "Bitmap Index Scan", "Parent Relationship": "Outer", "Index Name": "keyword_id_movie_keyword", "Startup Cost": 0.0, "Total Cost": 4.5, "Plan Rows": 33, "Plan Width": 0, "Actual Startup Time": 2.26, "Actual Total Time": 2.26, "Actual Rows": 10544, "Actual Loops": 1, "Index Cond": "(keyword_id = k.id)"}]}]}, {"Node Type": "Bitmap Heap Scan", "Parent Relationship": "Inner", "Relation Name": "title", "Alias": "t", "Startup Cost": 0.27, "Total Cost": 4.28, "Plan Rows": 1, "Plan Width": 21, "Actual Startup Time": 59.935, "Actual Total Time": 59.935, "Actual Rows": 1, "Actual Loops": 10544, "Recheck Cond": "(id = mk.movie_id)", "Rows Removed by Index Recheck": 0, "Filter": "(((title)::text ~~ '%Money%'::text) AND (production_year = 1998))", "Rows Removed by Filter": 10543, "Exact Heap Blocks": 10544, "Lossy Heap Blocks": 10544, "Plans": [{"Node Type": "Bitmap Index Scan", "Parent Relationship": "Outer", "Index Name": "title_pkey", "Startup Cost": 0.0, "Total Cost": 0.27, "Plan Rows": 1, "Plan Width": 0, "Actual Startup Time": 30.49, "Actual Total Time": 30.49, "Actual Rows": 10544, "Actual Loops": 10544, "Index Cond": "(id = mk.movie_id)"}]}]}, {"Node Type": "Bitmap Heap Scan", "Parent Relationship": "Inner", "Relation Name": "movie_companies", "Alias": "mc", "Startup Cost": 0.27, "Total Cost": 4.3, "Plan Rows": 2, "Plan Width": 12, "Actual Startup Time": 0.027, "Actual Total Time": 0.028, "Actual Rows": 3, "Actual Loops": 1, "Recheck Cond": "(movie_id = mk.movie_id)", "Rows Removed by Index Recheck": 0, "Filter": "(note IS NULL)", "Rows Removed by Filter": 1, "Exact Heap Blocks": 2, "Lossy Heap Blocks": 2, "Plans": [{"Node Type": "Bitmap Index Scan", "Parent Relationship": "Outer", "Index Name": "movie_id_movie_companies", "Startup Cost": 0.0, "Total Cost": 0.27, "Plan Rows": 2, "Plan Width": 0, "Actual Startup Time": 0.012, "Actual Total Time": 0.012, "Actual Rows": 4, "Actual Loops": 1, "Index Cond": "(movie_id = mk.movie_id)"}]}]}, {"Node Type": "Bitmap Heap Scan", "Parent Relationship": "Inner", "Relation Name": "company_name", "Alias": "cn", "Startup Cost": 0.26, "Total Cost": 4.28, "Plan Rows": 1, "Plan Width": 23, "Actual Startup Time": 0.047, "Actual Total Time": 0.047, "Actual Rows": 2, "Actual Loops": 3, "Recheck Cond": "(id = mc.company_id)", "Rows Removed by Index Recheck": 0, "Filter": "(((country_code)::text <> '[pl]'::text) AND (((name)::text ~~ '%Film%'::text) OR ((name)::text ~~ '%Warner%'::text)))", "Rows Removed by Filter": 1, "Exact Heap Blocks": 3, "Lossy Heap Blocks": 3, "Plans": [{"Node Type": "Bitmap Index Scan", "Parent Relationship": "Outer", "Index Name": "company_name_pkey", "Startup Cost": 0.0, "Total Cost": 0.26, "Plan Rows": 1, "Plan Width": 0, "Actual Startup Time": 0.02, "Actual Total Time": 0.02, "Actual Rows": 3, "Actual Loops": 3, "Index Cond": "(id = mc.company_id)"}]}]}, {"Node Type": "Bitmap Heap Scan", "Parent Relationship": "Inner", "Relation Name": "company_type", "Alias": "ct", "Startup Cost": 0.26, "Total Cost": 4.27, "Plan Rows": 1, "Plan Width": 4, "Actual Startup Time": 0.015, "Actual Total Time": 0.015, "Actual Rows": 2, "Actual Loops": 2, "Recheck Cond": "(id = mc.company_type_id)", "Rows Removed by Index Recheck": 0, "Filter": "((kind)::text = 'production companies'::text)", "Rows Removed by Filter": 0, "Exact Heap Blocks": 2, "Lossy Heap Blocks": 2, "Plans": [{"Node Type": "Bitmap Index Scan", "Parent Relationship": "Outer", "Index Name": "company_type_pkey", "Startup Cost": 0.0, "Total Cost": 0.26, "Plan Rows": 1, "Plan Width": 0, "Actual Startup Time": 0.004, "Actual Total Time": 0.004, "Actual Rows": 2, "Actual Loops": 2, "Index Cond": "(id = mc.company_type_id)"}]}]}, {"Node Type": "Bitmap Heap Scan", "Parent Relationship": "Inner", "Relation Name": "movie_link", "Alias": "ml", "Startup Cost": 0.29, "Total Cost": 4.35, "Plan Rows": 5, "Plan Width": 8, "Actual Startup Time": 0.027, "Actual Total Time": 0.031, "Actual Rows": 38, "Actual Loops": 2, "Recheck Cond": "(movie_id = mk.movie_id)", "Rows Removed by Index Recheck": 0, "Exact Heap Blocks": 2, "Lossy Heap Blocks": 2, "Plans": [{"Node Type": "Bitmap Index Scan", "Parent Relationship": "Outer", "Index Name": "movie_id_movie_link", "Startup Cost": 0.0, "Total Cost": 0.29, "Plan Rows": 5, "Plan Width": 0, "Actual Startup Time": 0.013, "Actual Total Time": 0.013, "Actual Rows": 38, "Actual Loops": 2, "Index Cond": "(movie_id = mk.movie_id)"}]}]}, {"Node Type": "Bitmap Heap Scan", "Parent Relationship": "Inner", "Relation Name": "link_type", "Alias": "lt", "Startup Cost": 0.26, "Total Cost": 4.27, "Plan Rows": 1, "Plan Width": 16, "Actual Startup Time": 0.11, "Actual Total Time": 0.11, "Actual Rows": 0, "Actual Loops": 38, "Recheck Cond": "(id = ml.link_type_id)", "Rows Removed by Index Recheck": 0, "Filter": "((link)::text ~~ '%follows%'::text)", "Rows Removed by Filter": 24, "Exact Heap Blocks": 24, "Lossy Heap Blocks": 24, "Plans": [{"Node Type": "Bitmap Index Scan", "Parent Relationship": "Outer", "Index Name": "link_type_pkey", "Startup Cost": 0.0, "Total Cost": 0.26, "Plan Rows": 1, "Plan Width": 0, "Actual Startup Time": 0.037, "Actual Total Time": 0.037, "Actual Rows": 24, "Actual Loops": 38, "Index Cond": "(id = ml.link_type_id)"}]}]}]}, "Triggers": [], "Planner Runtime": 60.8, "Total Runtime": 153.166, "Unique SQL Id": 4121279504}}, "(16, 24)": {"explain_plan": {"Plan": {"Node Type": "Aggregate", "Strategy": "Plain", "Startup Cost": 2585.63, "Total Cost": 2585.64, "Plan Rows": 1, "Plan Width": 144, "Plans": [{"Node Type": "Nested Loop", "Parent Relationship": "Outer", "Join Type": "Inner", "Startup Cost": 0.0, "Total Cost": 2585.62, "Plan Rows": 1, "Plan Width": 48, "Inner Unique": true, "Plans": [{"Node Type": "Nested Loop", "Parent Relationship": "Outer", "Join Type": "Inner", "Startup Cost": 0.0, "Total Cost": 2585.34, "Plan Rows": 1, "Plan Width": 40, "Inner Unique": false, "Join Filter": "(t.id = ml.movie_id)", "Plans": [{"Node Type": "Nested Loop", "Parent Relationship": "Outer", "Join Type": "Inner", "Startup Cost": 0.0, "Total Cost": 2584.93, "Plan Rows": 1, "Plan Width": 48, "Inner Unique": true, "Plans": [{"Node Type": "Nested Loop", "Parent Relationship": "Outer", "Join Type": "Inner", "Startup Cost": 0.0, "Total Cost": 2584.64, "Plan Rows": 1, "Plan Width": 52, "Inner Unique": true, "Plans": [{"Node Type": "Nested Loop", "Parent Relationship": "Outer", "Join Type": "Inner", "Startup Cost": 0.0, "Total Cost": 2584.35, "Plan Rows": 1, "Plan Width": 37, "Inner Unique": false, "Join Filter": "(t.id = mc.movie_id)", "Plans": [{"Node Type": "Nested Loop", "Parent Relationship": "Outer", "Join Type": "Inner", "Startup Cost": 0.0, "Total Cost": 2584.01, "Plan Rows": 1, "Plan Width": 25, "Inner Unique": true, "Plans": [{"Node Type": "Nested Loop", "Parent Relationship": "Outer", "Join Type": "Inner", "Startup Cost": 0.0, "Total Cost": 2573.32, "Plan Rows": 33, "Plan Width": 4, "Inner Unique": false, "Plans": [{"Node Type": "Seq Scan", "Parent Relationship": "Outer", "Relation Name": "keyword", "Alias": "k", "Startup Cost": 0.0, "Total Cost": 2436.11, "Plan Rows": 1, "Plan Width": 4, "Filter": "((keyword)::text = 'sequel'::text)"}, {"Node Type": "Index Scan", "Parent Relationship": "Inner", "Scan Direction": "Forward", "Index Name": "keyword_id_movie_keyword", "Relation Name": "movie_keyword", "Alias": "mk", "Startup Cost": 0.0, "Total Cost": 136.88, "Plan Rows": 33, "Plan Width": 8, "Index Cond": "(keyword_id = k.id)"}]}, {"Node Type": "Index Scan", "Parent Relationship": "Inner", "Scan Direction": "Forward", "Index Name": "title_pkey", "Relation Name": "title", "Alias": "t", "Startup Cost": 0.0, "Total Cost": 0.31, "Plan Rows": 1, "Plan Width": 21, "Index Cond": "(id = mk.movie_id)", "Filter": "(((title)::text ~~ '%Money%'::text) AND (production_year = 1998))"}]}, {"Node Type": "Index Scan", "Parent Relationship": "Inner", "Scan Direction": "Forward", "Index Name": "movie_id_movie_companies", "Relation Name": "movie_companies", "Alias": "mc", "Startup Cost": 0.0, "Total Cost": 0.31, "Plan Rows": 2, "Plan Width": 12, "Index Cond": "(movie_id = mk.movie_id)", "Filter": "(note IS NULL)"}]}, {"Node Type": "Index Scan", "Parent Relationship": "Inner", "Scan Direction": "Forward", "Index Name": "company_name_pkey", "Relation Name": "company_name", "Alias": "cn", "Startup Cost": 0.0, "Total Cost": 0.29, "Plan Rows": 1, "Plan Width": 23, "Index Cond": "(id = mc.company_id)", "Filter": "(((country_code)::text <> '[pl]'::text) AND (((name)::text ~~ '%Film%'::text) OR ((name)::text ~~ '%Warner%'::text)))"}]}, {"Node Type": "Index Scan", "Parent Relationship": "Inner", "Scan Direction": "Forward", "Index Name": "company_type_pkey", "Relation Name": "company_type", "Alias": "ct", "Startup Cost": 0.0, "Total Cost": 0.27, "Plan Rows": 1, "Plan Width": 4, "Index Cond": "(id = mc.company_type_id)", "Filter": "((kind)::text = 'production companies'::text)"}]}, {"Node Type": "Index Scan", "Parent Relationship": "Inner", "Scan Direction": "Forward", "Index Name": "movie_id_movie_link", "Relation Name": "movie_link", "Alias": "ml", "Startup Cost": 0.0, "Total Cost": 0.35, "Plan Rows": 5, "Plan Width": 8, "Index Cond": "(movie_id = mk.movie_id)"}]}, {"Node Type": "Index Scan", "Parent Relationship": "Inner", "Scan Direction": "Forward", "Index Name": "link_type_pkey", "Relation Name": "link_type", "Alias": "lt", "Startup Cost": 0.0, "Total Cost": 0.27, "Plan Rows": 1, "Plan Width": 16, "Index Cond": "(id = ml.link_type_id)", "Filter": "((link)::text ~~ '%follows%'::text)"}]}]}, "Unique SQL Id": 4121279504}, "explain_analyze_plan": {"Plan": {"Node Type": "Aggregate", "Strategy": "Plain", "Startup Cost": 2585.63, "Total Cost": 2585.64, "Plan Rows": 1, "Plan Width": 144, "Actual Startup Time": 103.307, "Actual Total Time": 103.307, "Actual Rows": 1, "Actual Loops": 1, "Plans": [{"Node Type": "Nested Loop", "Parent Relationship": "Outer", "Join Type": "Inner", "Startup Cost": 0.0, "Total Cost": 2585.62, "Plan Rows": 1, "Plan Width": 48, "Actual Startup Time": 103.297, "Actual Total Time": 103.297, "Actual Rows": 0, "Actual Loops": 1, "Inner Unique": true, "Plans": [{"Node Type": "Nested Loop", "Parent Relationship": "Outer", "Join Type": "Inner", "Startup Cost": 0.0, "Total Cost": 2585.34, "Plan Rows": 1, "Plan Width": 40, "Actual Startup Time": 2.639, "Actual Total Time": 103.212, "Actual Rows": 38, "Actual Loops": 1, "Inner Unique": false, "Join Filter": "(t.id = ml.movie_id)", "Rows Removed by Join Filter": 0, "Plans": [{"Node Type": "Nested Loop", "Parent Relationship": "Outer", "Join Type": "Inner", "Startup Cost": 0.0, "Total Cost": 2584.93, "Plan Rows": 1, "Plan Width": 48, "Actual Startup Time": 2.628, "Actual Total Time": 103.169, "Actual Rows": 2, "Actual Loops": 1, "Inner Unique": true, "Plans": [{"Node Type": "Nested Loop", "Parent Relationship": "Outer", "Join Type": "Inner", "Startup Cost": 0.0, "Total Cost": 2584.64, "Plan Rows": 1, "Plan Width": 52, "Actual Startup Time": 2.62, "Actual Total Time": 103.156, "Actual Rows": 2, "Actual Loops": 1, "Inner Unique": true, "Plans": [{"Node Type": "Nested Loop", "Parent Relationship": "Outer", "Join Type": "Inner", "Startup Cost": 0.0, "Total Cost": 2584.35, "Plan Rows": 1, "Plan Width": 37, "Actual Startup Time": 2.606, "Actual Total Time": 103.125, "Actual Rows": 3, "Actual Loops": 1, "Inner Unique": false, "Join Filter": "(t.id = mc.movie_id)", "Rows Removed by Join Filter": 0, "Plans": [{"Node Type": "Nested Loop", "Parent Relationship": "Outer", "Join Type": "Inner", "Startup Cost": 0.0, "Total Cost": 2584.01, "Plan Rows": 1, "Plan Width": 25, "Actual Startup Time": 2.585, "Actual Total Time": 103.101, "Actual Rows": 1, "Actual Loops": 1, "Inner Unique": true, "Plans": [{"Node Type": "Nested Loop", "Parent Relationship": "Outer", "Join Type": "Inner", "Startup Cost": 0.0, "Total Cost": 2573.32, "Plan Rows": 33, "Plan Width": 4, "Actual Startup Time": 2.346, "Actual Total Time": 53.642, "Actual Rows": 10544, "Actual Loops": 1, "Inner Unique": false, "Plans": [{"Node Type": "Seq Scan", "Parent Relationship": "Outer", "Relation Name": "keyword", "Alias": "k", "Startup Cost": 0.0, "Total Cost": 2436.11, "Plan Rows": 1, "Plan Width": 4, "Actual Startup Time": 2.306, "Actual Total Time": 40.515, "Actual Rows": 1, "Actual Loops": 1, "Filter": "((keyword)::text = 'sequel'::text)", "Rows Removed by Filter": 134168}, {"Node Type": "Index Scan", "Parent Relationship": "Inner", "Scan Direction": "Forward", "Index Name": "keyword_id_movie_keyword", "Relation Name": "movie_keyword", "Alias": "mk", "Startup Cost": 0.0, "Total Cost": 136.88, "Plan Rows": 33, "Plan Width": 8, "Actual Startup Time": 0.034, "Actual Total Time": 10.877, "Actual Rows": 10544, "Actual Loops": 1, "Index Cond": "(keyword_id = k.id)", "Rows Removed by Index Recheck": 0}]}, {"Node Type": "Index Scan", "Parent Relationship": "Inner", "Scan Direction": "Forward", "Index Name": "title_pkey", "Relation Name": "title", "Alias": "t", "Startup Cost": 0.0, "Total Cost": 0.31, "Plan Rows": 1, "Plan Width": 21, "Actual Startup Time": 44.242, "Actual Total Time": 44.242, "Actual Rows": 1, "Actual Loops": 10544, "Index Cond": "(id = mk.movie_id)", "Rows Removed by Index Recheck": 0, "Filter": "(((title)::text ~~ '%Money%'::text) AND (production_year = 1998))", "Rows Removed by Filter": 10543}]}, {"Node Type": "Index Scan", "Parent Relationship": "Inner", "Scan Direction": "Forward", "Index Name": "movie_id_movie_companies", "Relation Name": "movie_companies", "Alias": "mc", "Startup Cost": 0.0, "Total Cost": 0.31, "Plan Rows": 2, "Plan Width": 12, "Actual Startup Time": 0.011, "Actual Total Time": 0.013, "Actual Rows": 3, "Actual Loops": 1, "Index Cond": "(movie_id = mk.movie_id)", "Rows Removed by Index Recheck": 0, "Filter": "(note IS NULL)", "Rows Removed by Filter": 1}]}, {"Node Type": "Index Scan", "Parent Relationship": "Inner", "Scan Direction": "Forward", "Index Name": "company_name_pkey", "Relation Name": "company_name", "Alias": "cn", "Startup Cost": 0.0, "Total Cost": 0.29, "Plan Rows": 1, "Plan Width": 23, "Actual Startup Time": 0.026, "Actual Total Time": 0.026, "Actual Rows": 2, "Actual Loops": 3, "Index Cond": "(id = mc.company_id)", "Rows Removed by Index Recheck": 0, "Filter": "(((country_code)::text <> '[pl]'::text) AND (((name)::text ~~ '%Film%'::text) OR ((name)::text ~~ '%Warner%'::text)))", "Rows Removed by Filter": 1}]}, {"Node Type": "Index Scan", "Parent Relationship": "Inner", "Scan Direction": "Forward", "Index Name": "company_type_pkey", "Relation Name": "company_type", "Alias": "ct", "Startup Cost": 0.0, "Total Cost": 0.27, "Plan Rows": 1, "Plan Width": 4, "Actual Startup Time": 0.008, "Actual Total Time": 0.008, "Actual Rows": 2, "Actual Loops": 2, "Index Cond": "(id = mc.company_type_id)", "Rows Removed by Index Recheck": 0, "Filter": "((kind)::text = 'production companies'::text)", "Rows Removed by Filter": 0}]}, {"Node Type": "Index Scan", "Parent Relationship": "Inner", "Scan Direction": "Forward", "Index Name": "movie_id_movie_link", "Relation Name": "movie_link", "Alias": "ml", "Startup Cost": 0.0, "Total Cost": 0.35, "Plan Rows": 5, "Plan Width": 8, "Actual Startup Time": 0.012, "Actual Total Time": 0.025, "Actual Rows": 38, "Actual Loops": 2, "Index Cond": "(movie_id = mk.movie_id)", "Rows Removed by Index Recheck": 0}]}, {"Node Type": "Index Scan", "Parent Relationship": "Inner", "Scan Direction": "Forward", "Index Name": "link_type_pkey", "Relation Name": "link_type", "Alias": "lt", "Startup Cost": 0.0, "Total Cost": 0.27, "Plan Rows": 1, "Plan Width": 16, "Actual Startup Time": 0.065, "Actual Total Time": 0.065, "Actual Rows": 0, "Actual Loops": 38, "Index Cond": "(id = ml.link_type_id)", "Rows Removed by Index Recheck": 0, "Filter": "((link)::text ~~ '%follows%'::text)", "Rows Removed by Filter": 24}]}]}, "Triggers": [], "Planner Runtime": 83.831, "Total Runtime": 103.68, "Unique SQL Id": 4121279504}}, "(16, 25)": {"explain_plan": {"Plan": {"Node Type": "Aggregate", "Strategy": "Plain", "Startup Cost": 3332.23, "Total Cost": 3332.24, "Plan Rows": 1, "Plan Width": 144, "Plans": [{"Node Type": "Nested Loop", "Parent Relationship": "Outer", "Join Type": "Inner", "Startup Cost": 0.0, "Total Cost": 3332.23, "Plan Rows": 1, "Plan Width": 48, "Inner Unique": true, "Plans": [{"Node Type": "Nested Loop", "Parent Relationship": "Outer", "Join Type": "Inner", "Startup Cost": 0.0, "Total Cost": 3331.94, "Plan Rows": 1, "Plan Width": 40, "Inner Unique": false, "Join Filter": "(t.id = ml.movie_id)", "Plans": [{"Node Type": "Nested Loop", "Parent Relationship": "Outer", "Join Type": "Inner", "Startup Cost": 0.0, "Total Cost": 3331.53, "Plan Rows": 1, "Plan Width": 48, "Inner Unique": true, "Plans": [{"Node Type": "Nested Loop", "Parent Relationship": "Outer", "Join Type": "Inner", "Startup Cost": 0.0, "Total Cost": 3331.25, "Plan Rows": 1, "Plan Width": 52, "Inner Unique": true, "Plans": [{"Node Type": "Nested Loop", "Parent Relationship": "Outer", "Join Type": "Inner", "Startup Cost": 0.0, "Total Cost": 3330.95, "Plan Rows": 1, "Plan Width": 37, "Inner Unique": false, "Join Filter": "(t.id = mc.movie_id)", "Plans": [{"Node Type": "Nested Loop", "Parent Relationship": "Outer", "Join Type": "Inner", "Startup Cost": 0.0, "Total Cost": 3330.61, "Plan Rows": 1, "Plan Width": 25, "Inner Unique": true, "Plans": [{"Node Type": "Nested Loop", "Parent Relationship": "Outer", "Join Type": "Inner", "Startup Cost": 0.0, "Total Cost": 3319.92, "Plan Rows": 33, "Plan Width": 4, "Inner Unique": false, "Plans": [{"Node Type": "Index Scan", "Parent Relationship": "Outer", "Scan Direction": "Forward", "Index Name": "keyword_pkey", "Relation Name": "keyword", "Alias": "k", "Startup Cost": 0.0, "Total Cost": 3182.72, "Plan Rows": 1, "Plan Width": 4, "Filter": "((keyword)::text = 'sequel'::text)"}, {"Node Type": "Index Scan", "Parent Relationship": "Inner", "Scan Direction": "Forward", "Index Name": "keyword_id_movie_keyword", "Relation Name": "movie_keyword", "Alias": "mk", "Startup Cost": 0.0, "Total Cost": 136.88, "Plan Rows": 33, "Plan Width": 8, "Index Cond": "(keyword_id = k.id)"}]}, {"Node Type": "Index Scan", "Parent Relationship": "Inner", "Scan Direction": "Forward", "Index Name": "title_pkey", "Relation Name": "title", "Alias": "t", "Startup Cost": 0.0, "Total Cost": 0.31, "Plan Rows": 1, "Plan Width": 21, "Index Cond": "(id = mk.movie_id)", "Filter": "(((title)::text ~~ '%Money%'::text) AND (production_year = 1998))"}]}, {"Node Type": "Index Scan", "Parent Relationship": "Inner", "Scan Direction": "Forward", "Index Name": "movie_id_movie_companies", "Relation Name": "movie_companies", "Alias": "mc", "Startup Cost": 0.0, "Total Cost": 0.31, "Plan Rows": 2, "Plan Width": 12, "Index Cond": "(movie_id = mk.movie_id)", "Filter": "(note IS NULL)"}]}, {"Node Type": "Index Scan", "Parent Relationship": "Inner", "Scan Direction": "Forward", "Index Name": "company_name_pkey", "Relation Name": "company_name", "Alias": "cn", "Startup Cost": 0.0, "Total Cost": 0.29, "Plan Rows": 1, "Plan Width": 23, "Index Cond": "(id = mc.company_id)", "Filter": "(((country_code)::text <> '[pl]'::text) AND (((name)::text ~~ '%Film%'::text) OR ((name)::text ~~ '%Warner%'::text)))"}]}, {"Node Type": "Index Scan", "Parent Relationship": "Inner", "Scan Direction": "Forward", "Index Name": "company_type_pkey", "Relation Name": "company_type", "Alias": "ct", "Startup Cost": 0.0, "Total Cost": 0.27, "Plan Rows": 1, "Plan Width": 4, "Index Cond": "(id = mc.company_type_id)", "Filter": "((kind)::text = 'production companies'::text)"}]}, {"Node Type": "Index Scan", "Parent Relationship": "Inner", "Scan Direction": "Forward", "Index Name": "movie_id_movie_link", "Relation Name": "movie_link", "Alias": "ml", "Startup Cost": 0.0, "Total Cost": 0.35, "Plan Rows": 5, "Plan Width": 8, "Index Cond": "(movie_id = mk.movie_id)"}]}, {"Node Type": "Index Scan", "Parent Relationship": "Inner", "Scan Direction": "Forward", "Index Name": "link_type_pkey", "Relation Name": "link_type", "Alias": "lt", "Startup Cost": 0.0, "Total Cost": 0.27, "Plan Rows": 1, "Plan Width": 16, "Index Cond": "(id = ml.link_type_id)", "Filter": "((link)::text ~~ '%follows%'::text)"}]}]}, "Unique SQL Id": 4121279504}, "explain_analyze_plan": {"Plan": {"Node Type": "Aggregate", "Strategy": "Plain", "Startup Cost": 3332.23, "Total Cost": 3332.24, "Plan Rows": 1, "Plan Width": 144, "Actual Startup Time": 178.629, "Actual Total Time": 178.63, "Actual Rows": 1, "Actual Loops": 1, "Plans": [{"Node Type": "Nested Loop", "Parent Relationship": "Outer", "Join Type": "Inner", "Startup Cost": 0.0, "Total Cost": 3332.23, "Plan Rows": 1, "Plan Width": 48, "Actual Startup Time": 178.619, "Actual Total Time": 178.619, "Actual Rows": 0, "Actual Loops": 1, "Inner Unique": true, "Plans": [{"Node Type": "Nested Loop", "Parent Relationship": "Outer", "Join Type": "Inner", "Startup Cost": 0.0, "Total Cost": 3331.94, "Plan Rows": 1, "Plan Width": 40, "Actual Startup Time": 0.759, "Actual Total Time": 178.535, "Actual Rows": 38, "Actual Loops": 1, "Inner Unique": false, "Join Filter": "(t.id = ml.movie_id)", "Rows Removed by Join Filter": 0, "Plans": [{"Node Type": "Nested Loop", "Parent Relationship": "Outer", "Join Type": "Inner", "Startup Cost": 0.0, "Total Cost": 3331.53, "Plan Rows": 1, "Plan Width": 48, "Actual Startup Time": 0.75, "Actual Total Time": 178.493, "Actual Rows": 2, "Actual Loops": 1, "Inner Unique": true, "Plans": [{"Node Type": "Nested Loop", "Parent Relationship": "Outer", "Join Type": "Inner", "Startup Cost": 0.0, "Total Cost": 3331.25, "Plan Rows": 1, "Plan Width": 52, "Actual Startup Time": 0.743, "Actual Total Time": 178.481, "Actual Rows": 2, "Actual Loops": 1, "Inner Unique": true, "Plans": [{"Node Type": "Nested Loop", "Parent Relationship": "Outer", "Join Type": "Inner", "Startup Cost": 0.0, "Total Cost": 3330.95, "Plan Rows": 1, "Plan Width": 37, "Actual Startup Time": 0.723, "Actual Total Time": 178.447, "Actual Rows": 3, "Actual Loops": 1, "Inner Unique": false, "Join Filter": "(t.id = mc.movie_id)", "Rows Removed by Join Filter": 0, "Plans": [{"Node Type": "Nested Loop", "Parent Relationship": "Outer", "Join Type": "Inner", "Startup Cost": 0.0, "Total Cost": 3330.61, "Plan Rows": 1, "Plan Width": 25, "Actual Startup Time": 0.709, "Actual Total Time": 178.428, "Actual Rows": 1, "Actual Loops": 1, "Inner Unique": true, "Plans": [{"Node Type": "Nested Loop", "Parent Relationship": "Outer", "Join Type": "Inner", "Startup Cost": 0.0, "Total Cost": 3319.92, "Plan Rows": 33, "Plan Width": 4, "Actual Startup Time": 0.479, "Actual Total Time": 127.522, "Actual Rows": 10544, "Actual Loops": 1, "Inner Unique": false, "Plans": [{"Node Type": "Index Scan", "Parent Relationship": "Outer", "Scan Direction": "Forward", "Index Name": "keyword_pkey", "Relation Name": "keyword", "Alias": "k", "Startup Cost": 0.0, "Total Cost": 3182.72, "Plan Rows": 1, "Plan Width": 4, "Actual Startup Time": 0.446, "Actual Total Time": 114.274, "Actual Rows": 1, "Actual Loops": 1, "Filter": "((keyword)::text = 'sequel'::text)", "Rows Removed by Filter": 134168}, {"Node Type": "Index Scan", "Parent Relationship": "Inner", "Scan Direction": "Forward", "Index Name": "keyword_id_movie_keyword", "Relation Name": "movie_keyword", "Alias": "mk", "Startup Cost": 0.0, "Total Cost": 136.88, "Plan Rows": 33, "Plan Width": 8, "Actual Startup Time": 0.026, "Actual Total Time": 10.894, "Actual Rows": 10544, "Actual Loops": 1, "Index Cond": "(keyword_id = k.id)", "Rows Removed by Index Recheck": 0}]}, {"Node Type": "Index Scan", "Parent Relationship": "Inner", "Scan Direction": "Forward", "Index Name": "title_pkey", "Relation Name": "title", "Alias": "t", "Startup Cost": 0.0, "Total Cost": 0.31, "Plan Rows": 1, "Plan Width": 21, "Actual Startup Time": 45.684, "Actual Total Time": 45.684, "Actual Rows": 1, "Actual Loops": 10544, "Index Cond": "(id = mk.movie_id)", "Rows Removed by Index Recheck": 0, "Filter": "(((title)::text ~~ '%Money%'::text) AND (production_year = 1998))", "Rows Removed by Filter": 10543}]}, {"Node Type": "Index Scan", "Parent Relationship": "Inner", "Scan Direction": "Forward", "Index Name": "movie_id_movie_companies", "Relation Name": "movie_companies", "Alias": "mc", "Startup Cost": 0.0, "Total Cost": 0.31, "Plan Rows": 2, "Plan Width": 12, "Actual Startup Time": 0.011, "Actual Total Time": 0.012, "Actual Rows": 3, "Actual Loops": 1, "Index Cond": "(movie_id = mk.movie_id)", "Rows Removed by Index Recheck": 0, "Filter": "(note IS NULL)", "Rows Removed by Filter": 1}]}, {"Node Type": "Index Scan", "Parent Relationship": "Inner", "Scan Direction": "Forward", "Index Name": "company_name_pkey", "Relation Name": "company_name", "Alias": "cn", "Startup Cost": 0.0, "Total Cost": 0.29, "Plan Rows": 1, "Plan Width": 23, "Actual Startup Time": 0.031, "Actual Total Time": 0.031, "Actual Rows": 2, "Actual Loops": 3, "Index Cond": "(id = mc.company_id)", "Rows Removed by Index Recheck": 0, "Filter": "(((country_code)::text <> '[pl]'::text) AND (((name)::text ~~ '%Film%'::text) OR ((name)::text ~~ '%Warner%'::text)))", "Rows Removed by Filter": 1}]}, {"Node Type": "Index Scan", "Parent Relationship": "Inner", "Scan Direction": "Forward", "Index Name": "company_type_pkey", "Relation Name": "company_type", "Alias": "ct", "Startup Cost": 0.0, "Total Cost": 0.27, "Plan Rows": 1, "Plan Width": 4, "Actual Startup Time": 0.007, "Actual Total Time": 0.007, "Actual Rows": 2, "Actual Loops": 2, "Index Cond": "(id = mc.company_type_id)", "Rows Removed by Index Recheck": 0, "Filter": "((kind)::text = 'production companies'::text)", "Rows Removed by Filter": 0}]}, {"Node Type": "Index Scan", "Parent Relationship": "Inner", "Scan Direction": "Forward", "Index Name": "movie_id_movie_link", "Relation Name": "movie_link", "Alias": "ml", "Startup Cost": 0.0, "Total Cost": 0.35, "Plan Rows": 5, "Plan Width": 8, "Actual Startup Time": 0.011, "Actual Total Time": 0.023, "Actual Rows": 38, "Actual Loops": 2, "Index Cond": "(movie_id = mk.movie_id)", "Rows Removed by Index Recheck": 0}]}, {"Node Type": "Index Scan", "Parent Relationship": "Inner", "Scan Direction": "Forward", "Index Name": "link_type_pkey", "Relation Name": "link_type", "Alias": "lt", "Startup Cost": 0.0, "Total Cost": 0.27, "Plan Rows": 1, "Plan Width": 16, "Actual Startup Time": 0.062, "Actual Total Time": 0.062, "Actual Rows": 0, "Actual Loops": 38, "Index Cond": "(id = ml.link_type_id)", "Rows Removed by Index Recheck": 0, "Filter": "((link)::text ~~ '%follows%'::text)", "Rows Removed by Filter": 24}]}]}, "Triggers": [], "Planner Runtime": 72.754, "Total Runtime": 179.024, "Unique SQL Id": 4121279504}}, "(16, 26)": {"explain_plan": {"Plan": {"Node Type": "Aggregate", "Strategy": "Plain", "Startup Cost": 101632.91, "Total Cost": 101632.92, "Plan Rows": 1, "Plan Width": 144, "Plans": [{"Node Type": "Nested Loop", "Parent Relationship": "Outer", "Join Type": "Inner", "Startup Cost": 0.0, "Total Cost": 101632.9, "Plan Rows": 1, "Plan Width": 48, "Inner Unique": true, "Join Filter": "(ml.link_type_id = lt.id)", "Plans": [{"Node Type": "Nested Loop", "Parent Relationship": "Outer", "Join Type": "Inner", "Startup Cost": 0.0, "Total Cost": 101631.67, "Plan Rows": 1, "Plan Width": 40, "Inner Unique": false, "Join Filter": "(t.id = ml.movie_id)", "Plans": [{"Node Type": "Nested Loop", "Parent Relationship": "Outer", "Join Type": "Inner", "Startup Cost": 0.0, "Total Cost": 100825.76, "Plan Rows": 1, "Plan Width": 48, "Inner Unique": true, "Join Filter": "(mc.company_type_id = ct.id)", "Plans": [{"Node Type": "Nested Loop", "Parent Relationship": "Outer", "Join Type": "Inner", "Startup Cost": 0.0, "Total Cost": 100824.71, "Plan Rows": 1, "Plan Width": 52, "Inner Unique": true, "Join Filter": "(mc.company_id = cn.id)", "Plans": [{"Node Type": "Streaming(type: LOCAL GATHER dop: 1/16)", "Parent Relationship": "Outer", "Startup Cost": 0.0, "Total Cost": 93026.3, "Plan Rows": 1, "Plan Width": 37, "Plans": [{"Node Type": "Nested Loop", "Parent Relationship": "Outer", "Join Type": "Inner", "Startup Cost": 0.0, "Total Cost": 93026.27, "Plan Rows": 1, "Plan Width": 37, "Inner Unique": false, "Join Filter": "(t.id = mc.movie_id)", "Plans": [{"Node Type": "Streaming(type: BROADCAST dop: 16/1)", "Parent Relationship": "Outer", "Startup Cost": 0.0, "Total Cost": 74420.91, "Plan Rows": 16, "Plan Width": 25, "Plans": [{"Node Type": "Nested Loop", "Parent Relationship": "Outer", "Join Type": "Inner", "Startup Cost": 0.0, "Total Cost": 59420.56, "Plan Rows": 1, "Plan Width": 25, "Inner Unique": true, "Join Filter": "(mk.movie_id = t.id)", "Plans": [{"Node Type": "Streaming(type: LOCAL GATHER dop: 1/16)", "Parent Relationship": "Outer", "Startup Cost": 0.0, "Total Cost": 39874.07, "Plan Rows": 33, "Plan Width": 4, "Plans": [{"Node Type": "Nested Loop", "Parent Relationship": "Outer", "Join Type": "Inner", "Startup Cost": 0.0, "Total Cost": 39873.36, "Plan Rows": 33, "Plan Width": 4, "Inner Unique": false, "Join Filter": "(k.id = mk.keyword_id)", "Plans": [{"Node Type": "Streaming(type: BROADCAST dop: 16/1)", "Parent Relationship": "Outer", "Startup Cost": 0.0, "Total Cost": 17436.46, "Plan Rows": 16, "Plan Width": 4, "Plans": [{"Node Type": "Seq Scan", "Parent Relationship": "Outer", "Relation Name": "keyword", "Alias": "k", "Startup Cost": 0.0, "Total Cost": 2436.11, "Plan Rows": 1, "Plan Width": 4, "Filter": "((keyword)::text = 'sequel'::text)"}]}, {"Node Type": "Seq Scan", "Parent Relationship": "Inner", "Relation Name": "movie_keyword", "Alias": "mk", "Startup Cost": 0.0, "Total Cost": 18902.58, "Plan Rows": 4523929, "Plan Width": 8}]}]}, {"Node Type": "Materialize", "Parent Relationship": "Inner", "Startup Cost": 0.0, "Total Cost": 19544.52, "Plan Rows": 4, "Plan Width": 21, "Plans": [{"Node Type": "Streaming(type: LOCAL GATHER dop: 1/16)", "Parent Relationship": "Outer", "Startup Cost": 0.0, "Total Cost": 19544.5, "Plan Rows": 4, "Plan Width": 21, "Plans": [{"Node Type": "Seq Scan", "Parent Relationship": "Outer", "Relation Name": "title", "Alias": "t", "Startup Cost": 0.0, "Total Cost": 19544.42, "Plan Rows": 4, "Plan Width": 21, "Filter": "(((title)::text ~~ '%Money%'::text) AND (production_year = 1998))"}]}]}]}]}, {"Node Type": "Seq Scan", "Parent Relationship": "Inner", "Relation Name": "movie_companies", "Alias": "mc", "Startup Cost": 0.0, "Total Cost": 17613.58, "Plan Rows": 1269486, "Plan Width": 12, "Filter": "(note IS NULL), (LLVM Optimized)"}]}]}, {"Node Type": "Seq Scan", "Parent Relationship": "Inner", "Relation Name": "company_name", "Alias": "cn", "Startup Cost": 0.0, "Total Cost": 7078.43, "Plan Rows": 57599, "Plan Width": 23, "Filter": "(((country_code)::text <> '[pl]'::text) AND (((name)::text ~~ '%Film%'::text) OR ((name)::text ~~ '%Warner%'::text)))"}]}, {"Node Type": "Seq Scan", "Parent Relationship": "Inner", "Relation Name": "company_type", "Alias": "ct", "Startup Cost": 0.0, "Total Cost": 1.04, "Plan Rows": 1, "Plan Width": 4, "Filter": "((kind)::text = 'production companies'::text)"}]}, {"Node Type": "Seq Scan", "Parent Relationship": "Inner", "Relation Name": "movie_link", "Alias": "ml", "Startup Cost": 0.0, "Total Cost": 430.96, "Plan Rows": 29996, "Plan Width": 8}]}, {"Node Type": "Seq Scan", "Parent Relationship": "Inner", "Relation Name": "link_type", "Alias": "lt", "Startup Cost": 0.0, "Total Cost": 1.21, "Plan Rows": 1, "Plan Width": 16, "Filter": "((link)::text ~~ '%follows%'::text)"}]}]}, "Unique SQL Id": 4121279504}, "explain_analyze_plan": null}, "(16, 27)": {"explain_plan": {"Plan": {"Node Type": "Aggregate", "Strategy": "Plain", "Startup Cost": 2483351514613.15, "Total Cost": 2483351514613.16, "Plan Rows": 1, "Plan Width": 144, "Plans": [{"Node Type": "Nested Loop", "Parent Relationship": "Outer", "Join Type": "Inner", "Startup Cost": 80042213480.87, "Total Cost": 2483351514613.14, "Plan Rows": 1, "Plan Width": 48, "Inner Unique": true, "Join Filter": "(ml.link_type_id = lt.id)", "Plans": [{"Node Type": "Merge Join", "Parent Relationship": "Outer", "Join Type": "Inner", "Startup Cost": 70042213480.87, "Total Cost": 1483351513358.38, "Plan Rows": 1, "Plan Width": 40, "Inner Unique": false, "Merge Cond": "(mk.movie_id = ml.movie_id)", "Plans": [{"Node Type": "Nested Loop", "Parent Relationship": "Outer", "Join Type": "Inner", "Startup Cost": 20000000000.0, "Total Cost": 2000015686764.79, "Plan Rows": 33, "Plan Width": 4, "Inner Unique": true, "Join Filter": "(k.id = mk.keyword_id)", "Plans": [{"Node Type": "Index Scan", "Parent Relationship": "Outer", "Scan Direction": "Forward", "Index Name": "movie_id_movie_keyword", "Relation Name": "movie_keyword", "Alias": "mk", "Startup Cost": 10000000000.0, "Total Cost": 1000015300634.17, "Plan Rows": 4523929, "Plan Width": 8}, {"Node Type": "Materialize", "Parent Relationship": "Inner", "Startup Cost": 10000000000.0, "Total Cost": 1000000318271.69, "Plan Rows": 1, "Plan Width": 4, "Plans": [{"Node Type": "Index Scan", "Parent Relationship": "Outer", "Scan Direction": "Forward", "Index Name": "keyword_pkey", "Relation Name": "keyword", "Alias": "k", "Startup Cost": 10000000000.0, "Total Cost": 1000000318271.68, "Plan Rows": 1, "Plan Width": 4, "Filter": "((keyword)::text = 'sequel'::text)"}]}]}, {"Node Type": "Materialize", "Parent Relationship": "Inner", "Startup Cost": 50042213480.87, "Total Cost": 1403351038001.82, "Plan Rows": 12, "Plan Width": 52, "Plans": [{"Node Type": "Merge Join", "Parent Relationship": "Outer", "Join Type": "Inner", "Startup Cost": 50042213480.87, "Total Cost": 1403351038001.79, "Plan Rows": 12, "Plan Width": 52, "Inner Unique": false, "Merge Cond": "(mc.movie_id = ml.movie_id)", "Plans": [{"Node Type": "Nested Loop", "Parent Relationship": "Outer", "Join Type": "Inner", "Startup Cost": 30000000000.0, "Total Cost": 3000562648430.49, "Plan Rows": 211110, "Plan Width": 23, "Inner Unique": true, "Join Filter": "(mc.company_id = cn.id), (LLVM Optimized)", "Plans": [{"Node Type": "Nested Loop", "Parent Relationship": "Outer", "Join Type": "Inner", "Startup Cost": 20000000000.0, "Total Cost": 2000013072218.67, "Plan Rows": 634743, "Plan Width": 8, "Inner Unique": true, "Join Filter": "(ct.id = mc.company_type_id), (LLVM Optimized)", "Plans": [{"Node Type": "Index Scan", "Parent Relationship": "Outer", "Scan Direction": "Forward", "Index Name": "movie_id_movie_companies", "Relation Name": "movie_companies", "Alias": "mc", "Startup Cost": 10000000000.0, "Total Cost": 1000013051946.13, "Plan Rows": 1269486, "Plan Width": 12, "Filter": "(note IS NULL), (LLVM Optimized)"}, {"Node Type": "Materialize", "Parent Relationship": "Inner", "Startup Cost": 10000000000.0, "Total Cost": 1000000001230.26, "Plan Rows": 1, "Plan Width": 4, "Plans": [{"Node Type": "Index Scan", "Parent Relationship": "Outer", "Scan Direction": "Forward", "Index Name": "company_type_pkey", "Relation Name": "company_type", "Alias": "ct", "Startup Cost": 10000000000.0, "Total Cost": 1000000001230.25, "Plan Rows": 1, "Plan Width": 4, "Filter": "((kind)::text = 'production companies'::text)"}]}]}, {"Node Type": "Materialize", "Parent Relationship": "Inner", "Startup Cost": 10000000000.0, "Total Cost": 1000001167924.96, "Plan Rows": 57599, "Plan Width": 23, "Plans": [{"Node Type": "Index Scan", "Parent Relationship": "Outer", "Scan Direction": "Forward", "Index Name": "company_name_pkey", "Relation Name": "company_name", "Alias": "cn", "Startup Cost": 10000000000.0, "Total Cost": 1000001167636.97, "Plan Rows": 57599, "Plan Width": 23, "Filter": "(((country_code)::text <> '[pl]'::text) AND (((name)::text ~~ '%Film%'::text) OR ((name)::text ~~ '%Warner%'::text)))"}]}]}, {"Node Type": "Materialize", "Parent Relationship": "Inner", "Startup Cost": 20000000000.0, "Total Cost": 1257503175328.76, "Plan Rows": 19, "Plan Width": 29, "Plans": [{"Node Type": "Merge Join", "Parent Relationship": "Outer", "Join Type": "Inner", "Startup Cost": 20000000000.0, "Total Cost": 1257503175328.72, "Plan Rows": 19, "Plan Width": 29, "Inner Unique": true, "Merge Cond": "(ml.movie_id = t.id)", "Plans": [{"Node Type": "Index Scan", "Parent Relationship": "Outer", "Scan Direction": "Forward", "Index Name": "movie_id_movie_link", "Relation Name": "movie_link", "Alias": "ml", "Startup Cost": 10000000000.0, "Total Cost": 1000000106202.37, "Plan Rows": 29996, "Plan Width": 8}, {"Node Type": "Materialize", "Parent Relationship": "Inner", "Startup Cost": 10000000000.0, "Total Cost": 1000012276204.42, "Plan Rows": 4, "Plan Width": 21, "Plans": [{"Node Type": "Index Scan", "Parent Relationship": "Outer", "Scan Direction": "Forward", "Index Name": "title_pkey", "Relation Name": "title", "Alias": "t", "Startup Cost": 10000000000.0, "Total Cost": 1000012276204.41, "Plan Rows": 4, "Plan Width": 21, "Filter": "(((title)::text ~~ '%Money%'::text) AND (production_year = 1998))"}]}]}]}]}]}]}, {"Node Type": "Index Scan", "Parent Relationship": "Inner", "Scan Direction": "Forward", "Index Name": "link_type_pkey", "Relation Name": "link_type", "Alias": "lt", "Startup Cost": 10000000000.0, "Total Cost": 1000000001254.75, "Plan Rows": 1, "Plan Width": 16, "Filter": "((link)::text ~~ '%follows%'::text)"}]}]}, "Unique SQL Id": 4121279504}, "explain_analyze_plan": null}, "(16, 28)": {"explain_plan": {"Plan": {"Node Type": "Aggregate", "Strategy": "Plain", "Startup Cost": 2585.63, "Total Cost": 2585.64, "Plan Rows": 1, "Plan Width": 144, "Plans": [{"Node Type": "Nested Loop", "Parent Relationship": "Outer", "Join Type": "Inner", "Startup Cost": 0.0, "Total Cost": 2585.62, "Plan Rows": 1, "Plan Width": 48, "Inner Unique": true, "Plans": [{"Node Type": "Nested Loop", "Parent Relationship": "Outer", "Join Type": "Inner", "Startup Cost": 0.0, "Total Cost": 2585.34, "Plan Rows": 1, "Plan Width": 40, "Inner Unique": false, "Join Filter": "(t.id = ml.movie_id)", "Plans": [{"Node Type": "Nested Loop", "Parent Relationship": "Outer", "Join Type": "Inner", "Startup Cost": 0.0, "Total Cost": 2584.93, "Plan Rows": 1, "Plan Width": 48, "Inner Unique": true, "Plans": [{"Node Type": "Nested Loop", "Parent Relationship": "Outer", "Join Type": "Inner", "Startup Cost": 0.0, "Total Cost": 2584.64, "Plan Rows": 1, "Plan Width": 52, "Inner Unique": true, "Plans": [{"Node Type": "Nested Loop", "Parent Relationship": "Outer", "Join Type": "Inner", "Startup Cost": 0.0, "Total Cost": 2584.35, "Plan Rows": 1, "Plan Width": 37, "Inner Unique": false, "Join Filter": "(t.id = mc.movie_id)", "Plans": [{"Node Type": "Nested Loop", "Parent Relationship": "Outer", "Join Type": "Inner", "Startup Cost": 0.0, "Total Cost": 2584.01, "Plan Rows": 1, "Plan Width": 25, "Inner Unique": true, "Plans": [{"Node Type": "Nested Loop", "Parent Relationship": "Outer", "Join Type": "Inner", "Startup Cost": 0.0, "Total Cost": 2573.32, "Plan Rows": 33, "Plan Width": 4, "Inner Unique": false, "Plans": [{"Node Type": "Seq Scan", "Parent Relationship": "Outer", "Relation Name": "keyword", "Alias": "k", "Startup Cost": 0.0, "Total Cost": 2436.11, "Plan Rows": 1, "Plan Width": 4, "Filter": "((keyword)::text = 'sequel'::text)"}, {"Node Type": "Index Scan", "Parent Relationship": "Inner", "Scan Direction": "Forward", "Index Name": "keyword_id_movie_keyword", "Relation Name": "movie_keyword", "Alias": "mk", "Startup Cost": 0.0, "Total Cost": 136.88, "Plan Rows": 33, "Plan Width": 8, "Index Cond": "(keyword_id = k.id)"}]}, {"Node Type": "Index Scan", "Parent Relationship": "Inner", "Scan Direction": "Forward", "Index Name": "title_pkey", "Relation Name": "title", "Alias": "t", "Startup Cost": 0.0, "Total Cost": 0.31, "Plan Rows": 1, "Plan Width": 21, "Index Cond": "(id = mk.movie_id)", "Filter": "(((title)::text ~~ '%Money%'::text) AND (production_year = 1998))"}]}, {"Node Type": "Index Scan", "Parent Relationship": "Inner", "Scan Direction": "Forward", "Index Name": "movie_id_movie_companies", "Relation Name": "movie_companies", "Alias": "mc", "Startup Cost": 0.0, "Total Cost": 0.31, "Plan Rows": 2, "Plan Width": 12, "Index Cond": "(movie_id = mk.movie_id)", "Filter": "(note IS NULL)"}]}, {"Node Type": "Index Scan", "Parent Relationship": "Inner", "Scan Direction": "Forward", "Index Name": "company_name_pkey", "Relation Name": "company_name", "Alias": "cn", "Startup Cost": 0.0, "Total Cost": 0.29, "Plan Rows": 1, "Plan Width": 23, "Index Cond": "(id = mc.company_id)", "Filter": "(((country_code)::text <> '[pl]'::text) AND (((name)::text ~~ '%Film%'::text) OR ((name)::text ~~ '%Warner%'::text)))"}]}, {"Node Type": "Index Scan", "Parent Relationship": "Inner", "Scan Direction": "Forward", "Index Name": "company_type_pkey", "Relation Name": "company_type", "Alias": "ct", "Startup Cost": 0.0, "Total Cost": 0.27, "Plan Rows": 1, "Plan Width": 4, "Index Cond": "(id = mc.company_type_id)", "Filter": "((kind)::text = 'production companies'::text)"}]}, {"Node Type": "Index Scan", "Parent Relationship": "Inner", "Scan Direction": "Forward", "Index Name": "movie_id_movie_link", "Relation Name": "movie_link", "Alias": "ml", "Startup Cost": 0.0, "Total Cost": 0.35, "Plan Rows": 5, "Plan Width": 8, "Index Cond": "(movie_id = mk.movie_id)"}]}, {"Node Type": "Index Scan", "Parent Relationship": "Inner", "Scan Direction": "Forward", "Index Name": "link_type_pkey", "Relation Name": "link_type", "Alias": "lt", "Startup Cost": 0.0, "Total Cost": 0.27, "Plan Rows": 1, "Plan Width": 16, "Index Cond": "(id = ml.link_type_id)", "Filter": "((link)::text ~~ '%follows%'::text)"}]}]}, "Unique SQL Id": 4121279504}, "explain_analyze_plan": {"Plan": {"Node Type": "Aggregate", "Strategy": "Plain", "Startup Cost": 2585.63, "Total Cost": 2585.64, "Plan Rows": 1, "Plan Width": 144, "Actual Startup Time": 103.307, "Actual Total Time": 103.307, "Actual Rows": 1, "Actual Loops": 1, "Plans": [{"Node Type": "Nested Loop", "Parent Relationship": "Outer", "Join Type": "Inner", "Startup Cost": 0.0, "Total Cost": 2585.62, "Plan Rows": 1, "Plan Width": 48, "Actual Startup Time": 103.297, "Actual Total Time": 103.297, "Actual Rows": 0, "Actual Loops": 1, "Inner Unique": true, "Plans": [{"Node Type": "Nested Loop", "Parent Relationship": "Outer", "Join Type": "Inner", "Startup Cost": 0.0, "Total Cost": 2585.34, "Plan Rows": 1, "Plan Width": 40, "Actual Startup Time": 2.639, "Actual Total Time": 103.212, "Actual Rows": 38, "Actual Loops": 1, "Inner Unique": false, "Join Filter": "(t.id = ml.movie_id)", "Rows Removed by Join Filter": 0, "Plans": [{"Node Type": "Nested Loop", "Parent Relationship": "Outer", "Join Type": "Inner", "Startup Cost": 0.0, "Total Cost": 2584.93, "Plan Rows": 1, "Plan Width": 48, "Actual Startup Time": 2.628, "Actual Total Time": 103.169, "Actual Rows": 2, "Actual Loops": 1, "Inner Unique": true, "Plans": [{"Node Type": "Nested Loop", "Parent Relationship": "Outer", "Join Type": "Inner", "Startup Cost": 0.0, "Total Cost": 2584.64, "Plan Rows": 1, "Plan Width": 52, "Actual Startup Time": 2.62, "Actual Total Time": 103.156, "Actual Rows": 2, "Actual Loops": 1, "Inner Unique": true, "Plans": [{"Node Type": "Nested Loop", "Parent Relationship": "Outer", "Join Type": "Inner", "Startup Cost": 0.0, "Total Cost": 2584.35, "Plan Rows": 1, "Plan Width": 37, "Actual Startup Time": 2.606, "Actual Total Time": 103.125, "Actual Rows": 3, "Actual Loops": 1, "Inner Unique": false, "Join Filter": "(t.id = mc.movie_id)", "Rows Removed by Join Filter": 0, "Plans": [{"Node Type": "Nested Loop", "Parent Relationship": "Outer", "Join Type": "Inner", "Startup Cost": 0.0, "Total Cost": 2584.01, "Plan Rows": 1, "Plan Width": 25, "Actual Startup Time": 2.585, "Actual Total Time": 103.101, "Actual Rows": 1, "Actual Loops": 1, "Inner Unique": true, "Plans": [{"Node Type": "Nested Loop", "Parent Relationship": "Outer", "Join Type": "Inner", "Startup Cost": 0.0, "Total Cost": 2573.32, "Plan Rows": 33, "Plan Width": 4, "Actual Startup Time": 2.346, "Actual Total Time": 53.642, "Actual Rows": 10544, "Actual Loops": 1, "Inner Unique": false, "Plans": [{"Node Type": "Seq Scan", "Parent Relationship": "Outer", "Relation Name": "keyword", "Alias": "k", "Startup Cost": 0.0, "Total Cost": 2436.11, "Plan Rows": 1, "Plan Width": 4, "Actual Startup Time": 2.306, "Actual Total Time": 40.515, "Actual Rows": 1, "Actual Loops": 1, "Filter": "((keyword)::text = 'sequel'::text)", "Rows Removed by Filter": 134168}, {"Node Type": "Index Scan", "Parent Relationship": "Inner", "Scan Direction": "Forward", "Index Name": "keyword_id_movie_keyword", "Relation Name": "movie_keyword", "Alias": "mk", "Startup Cost": 0.0, "Total Cost": 136.88, "Plan Rows": 33, "Plan Width": 8, "Actual Startup Time": 0.034, "Actual Total Time": 10.877, "Actual Rows": 10544, "Actual Loops": 1, "Index Cond": "(keyword_id = k.id)", "Rows Removed by Index Recheck": 0}]}, {"Node Type": "Index Scan", "Parent Relationship": "Inner", "Scan Direction": "Forward", "Index Name": "title_pkey", "Relation Name": "title", "Alias": "t", "Startup Cost": 0.0, "Total Cost": 0.31, "Plan Rows": 1, "Plan Width": 21, "Actual Startup Time": 44.242, "Actual Total Time": 44.242, "Actual Rows": 1, "Actual Loops": 10544, "Index Cond": "(id = mk.movie_id)", "Rows Removed by Index Recheck": 0, "Filter": "(((title)::text ~~ '%Money%'::text) AND (production_year = 1998))", "Rows Removed by Filter": 10543}]}, {"Node Type": "Index Scan", "Parent Relationship": "Inner", "Scan Direction": "Forward", "Index Name": "movie_id_movie_companies", "Relation Name": "movie_companies", "Alias": "mc", "Startup Cost": 0.0, "Total Cost": 0.31, "Plan Rows": 2, "Plan Width": 12, "Actual Startup Time": 0.011, "Actual Total Time": 0.013, "Actual Rows": 3, "Actual Loops": 1, "Index Cond": "(movie_id = mk.movie_id)", "Rows Removed by Index Recheck": 0, "Filter": "(note IS NULL)", "Rows Removed by Filter": 1}]}, {"Node Type": "Index Scan", "Parent Relationship": "Inner", "Scan Direction": "Forward", "Index Name": "company_name_pkey", "Relation Name": "company_name", "Alias": "cn", "Startup Cost": 0.0, "Total Cost": 0.29, "Plan Rows": 1, "Plan Width": 23, "Actual Startup Time": 0.026, "Actual Total Time": 0.026, "Actual Rows": 2, "Actual Loops": 3, "Index Cond": "(id = mc.company_id)", "Rows Removed by Index Recheck": 0, "Filter": "(((country_code)::text <> '[pl]'::text) AND (((name)::text ~~ '%Film%'::text) OR ((name)::text ~~ '%Warner%'::text)))", "Rows Removed by Filter": 1}]}, {"Node Type": "Index Scan", "Parent Relationship": "Inner", "Scan Direction": "Forward", "Index Name": "company_type_pkey", "Relation Name": "company_type", "Alias": "ct", "Startup Cost": 0.0, "Total Cost": 0.27, "Plan Rows": 1, "Plan Width": 4, "Actual Startup Time": 0.008, "Actual Total Time": 0.008, "Actual Rows": 2, "Actual Loops": 2, "Index Cond": "(id = mc.company_type_id)", "Rows Removed by Index Recheck": 0, "Filter": "((kind)::text = 'production companies'::text)", "Rows Removed by Filter": 0}]}, {"Node Type": "Index Scan", "Parent Relationship": "Inner", "Scan Direction": "Forward", "Index Name": "movie_id_movie_link", "Relation Name": "movie_link", "Alias": "ml", "Startup Cost": 0.0, "Total Cost": 0.35, "Plan Rows": 5, "Plan Width": 8, "Actual Startup Time": 0.012, "Actual Total Time": 0.025, "Actual Rows": 38, "Actual Loops": 2, "Index Cond": "(movie_id = mk.movie_id)", "Rows Removed by Index Recheck": 0}]}, {"Node Type": "Index Scan", "Parent Relationship": "Inner", "Scan Direction": "Forward", "Index Name": "link_type_pkey", "Relation Name": "link_type", "Alias": "lt", "Startup Cost": 0.0, "Total Cost": 0.27, "Plan Rows": 1, "Plan Width": 16, "Actual Startup Time": 0.065, "Actual Total Time": 0.065, "Actual Rows": 0, "Actual Loops": 38, "Index Cond": "(id = ml.link_type_id)", "Rows Removed by Index Recheck": 0, "Filter": "((link)::text ~~ '%follows%'::text)", "Rows Removed by Filter": 24}]}]}, "Triggers": [], "Planner Runtime": 83.831, "Total Runtime": 103.68, "Unique SQL Id": 4121279504}}, "(16, 29)": {"explain_plan": {"Plan": {"Node Type": "Aggregate", "Strategy": "Plain", "Startup Cost": 3332.23, "Total Cost": 3332.24, "Plan Rows": 1, "Plan Width": 144, "Plans": [{"Node Type": "Nested Loop", "Parent Relationship": "Outer", "Join Type": "Inner", "Startup Cost": 0.0, "Total Cost": 3332.23, "Plan Rows": 1, "Plan Width": 48, "Inner Unique": true, "Plans": [{"Node Type": "Nested Loop", "Parent Relationship": "Outer", "Join Type": "Inner", "Startup Cost": 0.0, "Total Cost": 3331.94, "Plan Rows": 1, "Plan Width": 40, "Inner Unique": false, "Join Filter": "(t.id = ml.movie_id)", "Plans": [{"Node Type": "Nested Loop", "Parent Relationship": "Outer", "Join Type": "Inner", "Startup Cost": 0.0, "Total Cost": 3331.53, "Plan Rows": 1, "Plan Width": 48, "Inner Unique": true, "Plans": [{"Node Type": "Nested Loop", "Parent Relationship": "Outer", "Join Type": "Inner", "Startup Cost": 0.0, "Total Cost": 3331.25, "Plan Rows": 1, "Plan Width": 52, "Inner Unique": true, "Plans": [{"Node Type": "Nested Loop", "Parent Relationship": "Outer", "Join Type": "Inner", "Startup Cost": 0.0, "Total Cost": 3330.95, "Plan Rows": 1, "Plan Width": 37, "Inner Unique": false, "Join Filter": "(t.id = mc.movie_id)", "Plans": [{"Node Type": "Nested Loop", "Parent Relationship": "Outer", "Join Type": "Inner", "Startup Cost": 0.0, "Total Cost": 3330.61, "Plan Rows": 1, "Plan Width": 25, "Inner Unique": true, "Plans": [{"Node Type": "Nested Loop", "Parent Relationship": "Outer", "Join Type": "Inner", "Startup Cost": 0.0, "Total Cost": 3319.92, "Plan Rows": 33, "Plan Width": 4, "Inner Unique": false, "Plans": [{"Node Type": "Index Scan", "Parent Relationship": "Outer", "Scan Direction": "Forward", "Index Name": "keyword_pkey", "Relation Name": "keyword", "Alias": "k", "Startup Cost": 0.0, "Total Cost": 3182.72, "Plan Rows": 1, "Plan Width": 4, "Filter": "((keyword)::text = 'sequel'::text)"}, {"Node Type": "Index Scan", "Parent Relationship": "Inner", "Scan Direction": "Forward", "Index Name": "keyword_id_movie_keyword", "Relation Name": "movie_keyword", "Alias": "mk", "Startup Cost": 0.0, "Total Cost": 136.88, "Plan Rows": 33, "Plan Width": 8, "Index Cond": "(keyword_id = k.id)"}]}, {"Node Type": "Index Scan", "Parent Relationship": "Inner", "Scan Direction": "Forward", "Index Name": "title_pkey", "Relation Name": "title", "Alias": "t", "Startup Cost": 0.0, "Total Cost": 0.31, "Plan Rows": 1, "Plan Width": 21, "Index Cond": "(id = mk.movie_id)", "Filter": "(((title)::text ~~ '%Money%'::text) AND (production_year = 1998))"}]}, {"Node Type": "Index Scan", "Parent Relationship": "Inner", "Scan Direction": "Forward", "Index Name": "movie_id_movie_companies", "Relation Name": "movie_companies", "Alias": "mc", "Startup Cost": 0.0, "Total Cost": 0.31, "Plan Rows": 2, "Plan Width": 12, "Index Cond": "(movie_id = mk.movie_id)", "Filter": "(note IS NULL)"}]}, {"Node Type": "Index Scan", "Parent Relationship": "Inner", "Scan Direction": "Forward", "Index Name": "company_name_pkey", "Relation Name": "company_name", "Alias": "cn", "Startup Cost": 0.0, "Total Cost": 0.29, "Plan Rows": 1, "Plan Width": 23, "Index Cond": "(id = mc.company_id)", "Filter": "(((country_code)::text <> '[pl]'::text) AND (((name)::text ~~ '%Film%'::text) OR ((name)::text ~~ '%Warner%'::text)))"}]}, {"Node Type": "Index Scan", "Parent Relationship": "Inner", "Scan Direction": "Forward", "Index Name": "company_type_pkey", "Relation Name": "company_type", "Alias": "ct", "Startup Cost": 0.0, "Total Cost": 0.27, "Plan Rows": 1, "Plan Width": 4, "Index Cond": "(id = mc.company_type_id)", "Filter": "((kind)::text = 'production companies'::text)"}]}, {"Node Type": "Index Scan", "Parent Relationship": "Inner", "Scan Direction": "Forward", "Index Name": "movie_id_movie_link", "Relation Name": "movie_link", "Alias": "ml", "Startup Cost": 0.0, "Total Cost": 0.35, "Plan Rows": 5, "Plan Width": 8, "Index Cond": "(movie_id = mk.movie_id)"}]}, {"Node Type": "Index Scan", "Parent Relationship": "Inner", "Scan Direction": "Forward", "Index Name": "link_type_pkey", "Relation Name": "link_type", "Alias": "lt", "Startup Cost": 0.0, "Total Cost": 0.27, "Plan Rows": 1, "Plan Width": 16, "Index Cond": "(id = ml.link_type_id)", "Filter": "((link)::text ~~ '%follows%'::text)"}]}]}, "Unique SQL Id": 4121279504}, "explain_analyze_plan": {"Plan": {"Node Type": "Aggregate", "Strategy": "Plain", "Startup Cost": 3332.23, "Total Cost": 3332.24, "Plan Rows": 1, "Plan Width": 144, "Actual Startup Time": 178.629, "Actual Total Time": 178.63, "Actual Rows": 1, "Actual Loops": 1, "Plans": [{"Node Type": "Nested Loop", "Parent Relationship": "Outer", "Join Type": "Inner", "Startup Cost": 0.0, "Total Cost": 3332.23, "Plan Rows": 1, "Plan Width": 48, "Actual Startup Time": 178.619, "Actual Total Time": 178.619, "Actual Rows": 0, "Actual Loops": 1, "Inner Unique": true, "Plans": [{"Node Type": "Nested Loop", "Parent Relationship": "Outer", "Join Type": "Inner", "Startup Cost": 0.0, "Total Cost": 3331.94, "Plan Rows": 1, "Plan Width": 40, "Actual Startup Time": 0.759, "Actual Total Time": 178.535, "Actual Rows": 38, "Actual Loops": 1, "Inner Unique": false, "Join Filter": "(t.id = ml.movie_id)", "Rows Removed by Join Filter": 0, "Plans": [{"Node Type": "Nested Loop", "Parent Relationship": "Outer", "Join Type": "Inner", "Startup Cost": 0.0, "Total Cost": 3331.53, "Plan Rows": 1, "Plan Width": 48, "Actual Startup Time": 0.75, "Actual Total Time": 178.493, "Actual Rows": 2, "Actual Loops": 1, "Inner Unique": true, "Plans": [{"Node Type": "Nested Loop", "Parent Relationship": "Outer", "Join Type": "Inner", "Startup Cost": 0.0, "Total Cost": 3331.25, "Plan Rows": 1, "Plan Width": 52, "Actual Startup Time": 0.743, "Actual Total Time": 178.481, "Actual Rows": 2, "Actual Loops": 1, "Inner Unique": true, "Plans": [{"Node Type": "Nested Loop", "Parent Relationship": "Outer", "Join Type": "Inner", "Startup Cost": 0.0, "Total Cost": 3330.95, "Plan Rows": 1, "Plan Width": 37, "Actual Startup Time": 0.723, "Actual Total Time": 178.447, "Actual Rows": 3, "Actual Loops": 1, "Inner Unique": false, "Join Filter": "(t.id = mc.movie_id)", "Rows Removed by Join Filter": 0, "Plans": [{"Node Type": "Nested Loop", "Parent Relationship": "Outer", "Join Type": "Inner", "Startup Cost": 0.0, "Total Cost": 3330.61, "Plan Rows": 1, "Plan Width": 25, "Actual Startup Time": 0.709, "Actual Total Time": 178.428, "Actual Rows": 1, "Actual Loops": 1, "Inner Unique": true, "Plans": [{"Node Type": "Nested Loop", "Parent Relationship": "Outer", "Join Type": "Inner", "Startup Cost": 0.0, "Total Cost": 3319.92, "Plan Rows": 33, "Plan Width": 4, "Actual Startup Time": 0.479, "Actual Total Time": 127.522, "Actual Rows": 10544, "Actual Loops": 1, "Inner Unique": false, "Plans": [{"Node Type": "Index Scan", "Parent Relationship": "Outer", "Scan Direction": "Forward", "Index Name": "keyword_pkey", "Relation Name": "keyword", "Alias": "k", "Startup Cost": 0.0, "Total Cost": 3182.72, "Plan Rows": 1, "Plan Width": 4, "Actual Startup Time": 0.446, "Actual Total Time": 114.274, "Actual Rows": 1, "Actual Loops": 1, "Filter": "((keyword)::text = 'sequel'::text)", "Rows Removed by Filter": 134168}, {"Node Type": "Index Scan", "Parent Relationship": "Inner", "Scan Direction": "Forward", "Index Name": "keyword_id_movie_keyword", "Relation Name": "movie_keyword", "Alias": "mk", "Startup Cost": 0.0, "Total Cost": 136.88, "Plan Rows": 33, "Plan Width": 8, "Actual Startup Time": 0.026, "Actual Total Time": 10.894, "Actual Rows": 10544, "Actual Loops": 1, "Index Cond": "(keyword_id = k.id)", "Rows Removed by Index Recheck": 0}]}, {"Node Type": "Index Scan", "Parent Relationship": "Inner", "Scan Direction": "Forward", "Index Name": "title_pkey", "Relation Name": "title", "Alias": "t", "Startup Cost": 0.0, "Total Cost": 0.31, "Plan Rows": 1, "Plan Width": 21, "Actual Startup Time": 45.684, "Actual Total Time": 45.684, "Actual Rows": 1, "Actual Loops": 10544, "Index Cond": "(id = mk.movie_id)", "Rows Removed by Index Recheck": 0, "Filter": "(((title)::text ~~ '%Money%'::text) AND (production_year = 1998))", "Rows Removed by Filter": 10543}]}, {"Node Type": "Index Scan", "Parent Relationship": "Inner", "Scan Direction": "Forward", "Index Name": "movie_id_movie_companies", "Relation Name": "movie_companies", "Alias": "mc", "Startup Cost": 0.0, "Total Cost": 0.31, "Plan Rows": 2, "Plan Width": 12, "Actual Startup Time": 0.011, "Actual Total Time": 0.012, "Actual Rows": 3, "Actual Loops": 1, "Index Cond": "(movie_id = mk.movie_id)", "Rows Removed by Index Recheck": 0, "Filter": "(note IS NULL)", "Rows Removed by Filter": 1}]}, {"Node Type": "Index Scan", "Parent Relationship": "Inner", "Scan Direction": "Forward", "Index Name": "company_name_pkey", "Relation Name": "company_name", "Alias": "cn", "Startup Cost": 0.0, "Total Cost": 0.29, "Plan Rows": 1, "Plan Width": 23, "Actual Startup Time": 0.031, "Actual Total Time": 0.031, "Actual Rows": 2, "Actual Loops": 3, "Index Cond": "(id = mc.company_id)", "Rows Removed by Index Recheck": 0, "Filter": "(((country_code)::text <> '[pl]'::text) AND (((name)::text ~~ '%Film%'::text) OR ((name)::text ~~ '%Warner%'::text)))", "Rows Removed by Filter": 1}]}, {"Node Type": "Index Scan", "Parent Relationship": "Inner", "Scan Direction": "Forward", "Index Name": "company_type_pkey", "Relation Name": "company_type", "Alias": "ct", "Startup Cost": 0.0, "Total Cost": 0.27, "Plan Rows": 1, "Plan Width": 4, "Actual Startup Time": 0.007, "Actual Total Time": 0.007, "Actual Rows": 2, "Actual Loops": 2, "Index Cond": "(id = mc.company_type_id)", "Rows Removed by Index Recheck": 0, "Filter": "((kind)::text = 'production companies'::text)", "Rows Removed by Filter": 0}]}, {"Node Type": "Index Scan", "Parent Relationship": "Inner", "Scan Direction": "Forward", "Index Name": "movie_id_movie_link", "Relation Name": "movie_link", "Alias": "ml", "Startup Cost": 0.0, "Total Cost": 0.35, "Plan Rows": 5, "Plan Width": 8, "Actual Startup Time": 0.011, "Actual Total Time": 0.023, "Actual Rows": 38, "Actual Loops": 2, "Index Cond": "(movie_id = mk.movie_id)", "Rows Removed by Index Recheck": 0}]}, {"Node Type": "Index Scan", "Parent Relationship": "Inner", "Scan Direction": "Forward", "Index Name": "link_type_pkey", "Relation Name": "link_type", "Alias": "lt", "Startup Cost": 0.0, "Total Cost": 0.27, "Plan Rows": 1, "Plan Width": 16, "Actual Startup Time": 0.062, "Actual Total Time": 0.062, "Actual Rows": 0, "Actual Loops": 38, "Index Cond": "(id = ml.link_type_id)", "Rows Removed by Index Recheck": 0, "Filter": "((link)::text ~~ '%follows%'::text)", "Rows Removed by Filter": 24}]}]}, "Triggers": [], "Planner Runtime": 72.754, "Total Runtime": 179.024, "Unique SQL Id": 4121279504}}, "(16, 30)": {"explain_plan": {"Plan": {"Node Type": "Aggregate", "Strategy": "Plain", "Startup Cost": 101632.91, "Total Cost": 101632.92, "Plan Rows": 1, "Plan Width": 144, "Plans": [{"Node Type": "Nested Loop", "Parent Relationship": "Outer", "Join Type": "Inner", "Startup Cost": 0.0, "Total Cost": 101632.9, "Plan Rows": 1, "Plan Width": 48, "Inner Unique": true, "Join Filter": "(ml.link_type_id = lt.id)", "Plans": [{"Node Type": "Nested Loop", "Parent Relationship": "Outer", "Join Type": "Inner", "Startup Cost": 0.0, "Total Cost": 101631.67, "Plan Rows": 1, "Plan Width": 40, "Inner Unique": false, "Join Filter": "(t.id = ml.movie_id)", "Plans": [{"Node Type": "Nested Loop", "Parent Relationship": "Outer", "Join Type": "Inner", "Startup Cost": 0.0, "Total Cost": 100825.76, "Plan Rows": 1, "Plan Width": 48, "Inner Unique": true, "Join Filter": "(mc.company_type_id = ct.id)", "Plans": [{"Node Type": "Nested Loop", "Parent Relationship": "Outer", "Join Type": "Inner", "Startup Cost": 0.0, "Total Cost": 100824.71, "Plan Rows": 1, "Plan Width": 52, "Inner Unique": true, "Join Filter": "(mc.company_id = cn.id)", "Plans": [{"Node Type": "Streaming(type: LOCAL GATHER dop: 1/16)", "Parent Relationship": "Outer", "Startup Cost": 0.0, "Total Cost": 93026.3, "Plan Rows": 1, "Plan Width": 37, "Plans": [{"Node Type": "Nested Loop", "Parent Relationship": "Outer", "Join Type": "Inner", "Startup Cost": 0.0, "Total Cost": 93026.27, "Plan Rows": 1, "Plan Width": 37, "Inner Unique": false, "Join Filter": "(t.id = mc.movie_id)", "Plans": [{"Node Type": "Streaming(type: BROADCAST dop: 16/1)", "Parent Relationship": "Outer", "Startup Cost": 0.0, "Total Cost": 74420.91, "Plan Rows": 16, "Plan Width": 25, "Plans": [{"Node Type": "Nested Loop", "Parent Relationship": "Outer", "Join Type": "Inner", "Startup Cost": 0.0, "Total Cost": 59420.56, "Plan Rows": 1, "Plan Width": 25, "Inner Unique": true, "Join Filter": "(mk.movie_id = t.id)", "Plans": [{"Node Type": "Streaming(type: LOCAL GATHER dop: 1/16)", "Parent Relationship": "Outer", "Startup Cost": 0.0, "Total Cost": 39874.07, "Plan Rows": 33, "Plan Width": 4, "Plans": [{"Node Type": "Nested Loop", "Parent Relationship": "Outer", "Join Type": "Inner", "Startup Cost": 0.0, "Total Cost": 39873.36, "Plan Rows": 33, "Plan Width": 4, "Inner Unique": false, "Join Filter": "(k.id = mk.keyword_id)", "Plans": [{"Node Type": "Streaming(type: BROADCAST dop: 16/1)", "Parent Relationship": "Outer", "Startup Cost": 0.0, "Total Cost": 17436.46, "Plan Rows": 16, "Plan Width": 4, "Plans": [{"Node Type": "Seq Scan", "Parent Relationship": "Outer", "Relation Name": "keyword", "Alias": "k", "Startup Cost": 0.0, "Total Cost": 2436.11, "Plan Rows": 1, "Plan Width": 4, "Filter": "((keyword)::text = 'sequel'::text)"}]}, {"Node Type": "Seq Scan", "Parent Relationship": "Inner", "Relation Name": "movie_keyword", "Alias": "mk", "Startup Cost": 0.0, "Total Cost": 18902.58, "Plan Rows": 4523929, "Plan Width": 8}]}]}, {"Node Type": "Materialize", "Parent Relationship": "Inner", "Startup Cost": 0.0, "Total Cost": 19544.52, "Plan Rows": 4, "Plan Width": 21, "Plans": [{"Node Type": "Streaming(type: LOCAL GATHER dop: 1/16)", "Parent Relationship": "Outer", "Startup Cost": 0.0, "Total Cost": 19544.5, "Plan Rows": 4, "Plan Width": 21, "Plans": [{"Node Type": "Seq Scan", "Parent Relationship": "Outer", "Relation Name": "title", "Alias": "t", "Startup Cost": 0.0, "Total Cost": 19544.42, "Plan Rows": 4, "Plan Width": 21, "Filter": "(((title)::text ~~ '%Money%'::text) AND (production_year = 1998))"}]}]}]}]}, {"Node Type": "Seq Scan", "Parent Relationship": "Inner", "Relation Name": "movie_companies", "Alias": "mc", "Startup Cost": 0.0, "Total Cost": 17613.58, "Plan Rows": 1269486, "Plan Width": 12, "Filter": "(note IS NULL), (LLVM Optimized)"}]}]}, {"Node Type": "Seq Scan", "Parent Relationship": "Inner", "Relation Name": "company_name", "Alias": "cn", "Startup Cost": 0.0, "Total Cost": 7078.43, "Plan Rows": 57599, "Plan Width": 23, "Filter": "(((country_code)::text <> '[pl]'::text) AND (((name)::text ~~ '%Film%'::text) OR ((name)::text ~~ '%Warner%'::text)))"}]}, {"Node Type": "Seq Scan", "Parent Relationship": "Inner", "Relation Name": "company_type", "Alias": "ct", "Startup Cost": 0.0, "Total Cost": 1.04, "Plan Rows": 1, "Plan Width": 4, "Filter": "((kind)::text = 'production companies'::text)"}]}, {"Node Type": "Seq Scan", "Parent Relationship": "Inner", "Relation Name": "movie_link", "Alias": "ml", "Startup Cost": 0.0, "Total Cost": 430.96, "Plan Rows": 29996, "Plan Width": 8}]}, {"Node Type": "Seq Scan", "Parent Relationship": "Inner", "Relation Name": "link_type", "Alias": "lt", "Startup Cost": 0.0, "Total Cost": 1.21, "Plan Rows": 1, "Plan Width": 16, "Filter": "((link)::text ~~ '%follows%'::text)"}]}]}, "Unique SQL Id": 4121279504}, "explain_analyze_plan": null}, "(16, 31)": {"explain_plan": {"Plan": {"Node Type": "Aggregate", "Strategy": "Plain", "Startup Cost": 2483351514613.15, "Total Cost": 2483351514613.16, "Plan Rows": 1, "Plan Width": 144, "Plans": [{"Node Type": "Nested Loop", "Parent Relationship": "Outer", "Join Type": "Inner", "Startup Cost": 80042213480.87, "Total Cost": 2483351514613.14, "Plan Rows": 1, "Plan Width": 48, "Inner Unique": true, "Join Filter": "(ml.link_type_id = lt.id)", "Plans": [{"Node Type": "Merge Join", "Parent Relationship": "Outer", "Join Type": "Inner", "Startup Cost": 70042213480.87, "Total Cost": 1483351513358.38, "Plan Rows": 1, "Plan Width": 40, "Inner Unique": false, "Merge Cond": "(mk.movie_id = ml.movie_id)", "Plans": [{"Node Type": "Nested Loop", "Parent Relationship": "Outer", "Join Type": "Inner", "Startup Cost": 20000000000.0, "Total Cost": 2000015686764.79, "Plan Rows": 33, "Plan Width": 4, "Inner Unique": true, "Join Filter": "(k.id = mk.keyword_id)", "Plans": [{"Node Type": "Index Scan", "Parent Relationship": "Outer", "Scan Direction": "Forward", "Index Name": "movie_id_movie_keyword", "Relation Name": "movie_keyword", "Alias": "mk", "Startup Cost": 10000000000.0, "Total Cost": 1000015300634.17, "Plan Rows": 4523929, "Plan Width": 8}, {"Node Type": "Materialize", "Parent Relationship": "Inner", "Startup Cost": 10000000000.0, "Total Cost": 1000000318271.69, "Plan Rows": 1, "Plan Width": 4, "Plans": [{"Node Type": "Index Scan", "Parent Relationship": "Outer", "Scan Direction": "Forward", "Index Name": "keyword_pkey", "Relation Name": "keyword", "Alias": "k", "Startup Cost": 10000000000.0, "Total Cost": 1000000318271.68, "Plan Rows": 1, "Plan Width": 4, "Filter": "((keyword)::text = 'sequel'::text)"}]}]}, {"Node Type": "Materialize", "Parent Relationship": "Inner", "Startup Cost": 50042213480.87, "Total Cost": 1403351038001.82, "Plan Rows": 12, "Plan Width": 52, "Plans": [{"Node Type": "Merge Join", "Parent Relationship": "Outer", "Join Type": "Inner", "Startup Cost": 50042213480.87, "Total Cost": 1403351038001.79, "Plan Rows": 12, "Plan Width": 52, "Inner Unique": false, "Merge Cond": "(mc.movie_id = ml.movie_id)", "Plans": [{"Node Type": "Nested Loop", "Parent Relationship": "Outer", "Join Type": "Inner", "Startup Cost": 30000000000.0, "Total Cost": 3000562648430.49, "Plan Rows": 211110, "Plan Width": 23, "Inner Unique": true, "Join Filter": "(mc.company_id = cn.id), (LLVM Optimized)", "Plans": [{"Node Type": "Nested Loop", "Parent Relationship": "Outer", "Join Type": "Inner", "Startup Cost": 20000000000.0, "Total Cost": 2000013072218.67, "Plan Rows": 634743, "Plan Width": 8, "Inner Unique": true, "Join Filter": "(ct.id = mc.company_type_id), (LLVM Optimized)", "Plans": [{"Node Type": "Index Scan", "Parent Relationship": "Outer", "Scan Direction": "Forward", "Index Name": "movie_id_movie_companies", "Relation Name": "movie_companies", "Alias": "mc", "Startup Cost": 10000000000.0, "Total Cost": 1000013051946.13, "Plan Rows": 1269486, "Plan Width": 12, "Filter": "(note IS NULL), (LLVM Optimized)"}, {"Node Type": "Materialize", "Parent Relationship": "Inner", "Startup Cost": 10000000000.0, "Total Cost": 1000000001230.26, "Plan Rows": 1, "Plan Width": 4, "Plans": [{"Node Type": "Index Scan", "Parent Relationship": "Outer", "Scan Direction": "Forward", "Index Name": "company_type_pkey", "Relation Name": "company_type", "Alias": "ct", "Startup Cost": 10000000000.0, "Total Cost": 1000000001230.25, "Plan Rows": 1, "Plan Width": 4, "Filter": "((kind)::text = 'production companies'::text)"}]}]}, {"Node Type": "Materialize", "Parent Relationship": "Inner", "Startup Cost": 10000000000.0, "Total Cost": 1000001167924.96, "Plan Rows": 57599, "Plan Width": 23, "Plans": [{"Node Type": "Index Scan", "Parent Relationship": "Outer", "Scan Direction": "Forward", "Index Name": "company_name_pkey", "Relation Name": "company_name", "Alias": "cn", "Startup Cost": 10000000000.0, "Total Cost": 1000001167636.97, "Plan Rows": 57599, "Plan Width": 23, "Filter": "(((country_code)::text <> '[pl]'::text) AND (((name)::text ~~ '%Film%'::text) OR ((name)::text ~~ '%Warner%'::text)))"}]}]}, {"Node Type": "Materialize", "Parent Relationship": "Inner", "Startup Cost": 20000000000.0, "Total Cost": 1257503175328.76, "Plan Rows": 19, "Plan Width": 29, "Plans": [{"Node Type": "Merge Join", "Parent Relationship": "Outer", "Join Type": "Inner", "Startup Cost": 20000000000.0, "Total Cost": 1257503175328.72, "Plan Rows": 19, "Plan Width": 29, "Inner Unique": true, "Merge Cond": "(ml.movie_id = t.id)", "Plans": [{"Node Type": "Index Scan", "Parent Relationship": "Outer", "Scan Direction": "Forward", "Index Name": "movie_id_movie_link", "Relation Name": "movie_link", "Alias": "ml", "Startup Cost": 10000000000.0, "Total Cost": 1000000106202.37, "Plan Rows": 29996, "Plan Width": 8}, {"Node Type": "Materialize", "Parent Relationship": "Inner", "Startup Cost": 10000000000.0, "Total Cost": 1000012276204.42, "Plan Rows": 4, "Plan Width": 21, "Plans": [{"Node Type": "Index Scan", "Parent Relationship": "Outer", "Scan Direction": "Forward", "Index Name": "title_pkey", "Relation Name": "title", "Alias": "t", "Startup Cost": 10000000000.0, "Total Cost": 1000012276204.41, "Plan Rows": 4, "Plan Width": 21, "Filter": "(((title)::text ~~ '%Money%'::text) AND (production_year = 1998))"}]}]}]}]}]}]}, {"Node Type": "Index Scan", "Parent Relationship": "Inner", "Scan Direction": "Forward", "Index Name": "link_type_pkey", "Relation Name": "link_type", "Alias": "lt", "Startup Cost": 10000000000.0, "Total Cost": 1000000001254.75, "Plan Rows": 1, "Plan Width": 16, "Filter": "((link)::text ~~ '%follows%'::text)"}]}]}, "Unique SQL Id": 4121279504}, "explain_analyze_plan": null}, "(16, 32)": {"explain_plan": {"Plan": {"Node Type": "Aggregate", "Strategy": "Plain", "Startup Cost": 2581.34, "Total Cost": 2581.35, "Plan Rows": 1, "Plan Width": 144, "Plans": [{"Node Type": "Nested Loop", "Parent Relationship": "Outer", "Join Type": "Inner", "Startup Cost": 4.51, "Total Cost": 2581.33, "Plan Rows": 1, "Plan Width": 48, "Inner Unique": true, "Plans": [{"Node Type": "Nested Loop", "Parent Relationship": "Outer", "Join Type": "Inner", "Startup Cost": 4.51, "Total Cost": 2581.05, "Plan Rows": 1, "Plan Width": 40, "Inner Unique": false, "Join Filter": "(t.id = ml.movie_id)", "Plans": [{"Node Type": "Nested Loop", "Parent Relationship": "Outer", "Join Type": "Inner", "Startup Cost": 4.51, "Total Cost": 2580.63, "Plan Rows": 1, "Plan Width": 48, "Inner Unique": true, "Plans": [{"Node Type": "Nested Loop", "Parent Relationship": "Outer", "Join Type": "Inner", "Startup Cost": 4.51, "Total Cost": 2580.35, "Plan Rows": 1, "Plan Width": 52, "Inner Unique": true, "Plans": [{"Node Type": "Nested Loop", "Parent Relationship": "Outer", "Join Type": "Inner", "Startup Cost": 4.51, "Total Cost": 2580.05, "Plan Rows": 1, "Plan Width": 37, "Inner Unique": false, "Join Filter": "(t.id = mc.movie_id)", "Plans": [{"Node Type": "Nested Loop", "Parent Relationship": "Outer", "Join Type": "Inner", "Startup Cost": 4.51, "Total Cost": 2579.71, "Plan Rows": 1, "Plan Width": 25, "Inner Unique": true, "Plans": [{"Node Type": "Nested Loop", "Parent Relationship": "Outer", "Join Type": "Inner", "Startup Cost": 4.51, "Total Cost": 2569.02, "Plan Rows": 33, "Plan Width": 4, "Inner Unique": false, "Plans": [{"Node Type": "Seq Scan", "Parent Relationship": "Outer", "Relation Name": "keyword", "Alias": "k", "Startup Cost": 0.0, "Total Cost": 2436.11, "Plan Rows": 1, "Plan Width": 4, "Filter": "((keyword)::text = 'sequel'::text)"}, {"Node Type": "Bitmap Heap Scan", "Parent Relationship": "Inner", "Relation Name": "movie_keyword", "Alias": "mk", "Startup Cost": 4.51, "Total Cost": 132.58, "Plan Rows": 33, "Plan Width": 8, "Recheck Cond": "(keyword_id = k.id)", "Plans": [{"Node Type": "Bitmap Index Scan", "Parent Relationship": "Outer", "Index Name": "keyword_id_movie_keyword", "Startup Cost": 0.0, "Total Cost": 4.5, "Plan Rows": 33, "Plan Width": 0, "Index Cond": "(keyword_id = k.id)"}]}]}, {"Node Type": "Index Scan", "Parent Relationship": "Inner", "Scan Direction": "Forward", "Index Name": "title_pkey", "Relation Name": "title", "Alias": "t", "Startup Cost": 0.0, "Total Cost": 0.31, "Plan Rows": 1, "Plan Width": 21, "Index Cond": "(id = mk.movie_id)", "Filter": "(((title)::text ~~ '%Money%'::text) AND (production_year = 1998))"}]}, {"Node Type": "Index Scan", "Parent Relationship": "Inner", "Scan Direction": "Forward", "Index Name": "movie_id_movie_companies", "Relation Name": "movie_companies", "Alias": "mc", "Startup Cost": 0.0, "Total Cost": 0.31, "Plan Rows": 2, "Plan Width": 12, "Index Cond": "(movie_id = mk.movie_id)", "Filter": "(note IS NULL)"}]}, {"Node Type": "Index Scan", "Parent Relationship": "Inner", "Scan Direction": "Forward", "Index Name": "company_name_pkey", "Relation Name": "company_name", "Alias": "cn", "Startup Cost": 0.0, "Total Cost": 0.29, "Plan Rows": 1, "Plan Width": 23, "Index Cond": "(id = mc.company_id)", "Filter": "(((country_code)::text <> '[pl]'::text) AND (((name)::text ~~ '%Film%'::text) OR ((name)::text ~~ '%Warner%'::text)))"}]}, {"Node Type": "Index Scan", "Parent Relationship": "Inner", "Scan Direction": "Forward", "Index Name": "company_type_pkey", "Relation Name": "company_type", "Alias": "ct", "Startup Cost": 0.0, "Total Cost": 0.27, "Plan Rows": 1, "Plan Width": 4, "Index Cond": "(id = mc.company_type_id)", "Filter": "((kind)::text = 'production companies'::text)"}]}, {"Node Type": "Index Scan", "Parent Relationship": "Inner", "Scan Direction": "Forward", "Index Name": "movie_id_movie_link", "Relation Name": "movie_link", "Alias": "ml", "Startup Cost": 0.0, "Total Cost": 0.35, "Plan Rows": 5, "Plan Width": 8, "Index Cond": "(movie_id = mk.movie_id)"}]}, {"Node Type": "Index Scan", "Parent Relationship": "Inner", "Scan Direction": "Forward", "Index Name": "link_type_pkey", "Relation Name": "link_type", "Alias": "lt", "Startup Cost": 0.0, "Total Cost": 0.27, "Plan Rows": 1, "Plan Width": 16, "Index Cond": "(id = ml.link_type_id)", "Filter": "((link)::text ~~ '%follows%'::text)"}]}]}, "Unique SQL Id": 4121279504}, "explain_analyze_plan": {"Plan": {"Node Type": "Aggregate", "Strategy": "Plain", "Startup Cost": 2581.34, "Total Cost": 2581.35, "Plan Rows": 1, "Plan Width": 144, "Actual Startup Time": 126.718, "Actual Total Time": 126.718, "Actual Rows": 1, "Actual Loops": 1, "Plans": [{"Node Type": "Nested Loop", "Parent Relationship": "Outer", "Join Type": "Inner", "Startup Cost": 4.51, "Total Cost": 2581.33, "Plan Rows": 1, "Plan Width": 48, "Actual Startup Time": 126.712, "Actual Total Time": 126.712, "Actual Rows": 0, "Actual Loops": 1, "Inner Unique": true, "Plans": [{"Node Type": "Nested Loop", "Parent Relationship": "Outer", "Join Type": "Inner", "Startup Cost": 4.51, "Total Cost": 2581.05, "Plan Rows": 1, "Plan Width": 40, "Actual Startup Time": 6.094, "Actual Total Time": 126.628, "Actual Rows": 38, "Actual Loops": 1, "Inner Unique": false, "Join Filter": "(t.id = ml.movie_id)", "Rows Removed by Join Filter": 0, "Plans": [{"Node Type": "Nested Loop", "Parent Relationship": "Outer", "Join Type": "Inner", "Startup Cost": 4.51, "Total Cost": 2580.63, "Plan Rows": 1, "Plan Width": 48, "Actual Startup Time": 6.079, "Actual Total Time": 126.579, "Actual Rows": 2, "Actual Loops": 1, "Inner Unique": true, "Plans": [{"Node Type": "Nested Loop", "Parent Relationship": "Outer", "Join Type": "Inner", "Startup Cost": 4.51, "Total Cost": 2580.35, "Plan Rows": 1, "Plan Width": 52, "Actual Startup Time": 6.07, "Actual Total Time": 126.566, "Actual Rows": 2, "Actual Loops": 1, "Inner Unique": true, "Plans": [{"Node Type": "Nested Loop", "Parent Relationship": "Outer", "Join Type": "Inner", "Startup Cost": 4.51, "Total Cost": 2580.05, "Plan Rows": 1, "Plan Width": 37, "Actual Startup Time": 6.053, "Actual Total Time": 126.529, "Actual Rows": 3, "Actual Loops": 1, "Inner Unique": false, "Join Filter": "(t.id = mc.movie_id)", "Rows Removed by Join Filter": 0, "Plans": [{"Node Type": "Nested Loop", "Parent Relationship": "Outer", "Join Type": "Inner", "Startup Cost": 4.51, "Total Cost": 2579.71, "Plan Rows": 1, "Plan Width": 25, "Actual Startup Time": 6.03, "Actual Total Time": 126.501, "Actual Rows": 1, "Actual Loops": 1, "Inner Unique": true, "Plans": [{"Node Type": "Nested Loop", "Parent Relationship": "Outer", "Join Type": "Inner", "Startup Cost": 4.51, "Total Cost": 2569.02, "Plan Rows": 33, "Plan Width": 4, "Actual Startup Time": 5.681, "Actual Total Time": 64.348, "Actual Rows": 10544, "Actual Loops": 1, "Inner Unique": false, "Plans": [{"Node Type": "Seq Scan", "Parent Relationship": "Outer", "Relation Name": "keyword", "Alias": "k", "Startup Cost": 0.0, "Total Cost": 2436.11, "Plan Rows": 1, "Plan Width": 4, "Actual Startup Time": 2.377, "Actual Total Time": 41.877, "Actual Rows": 1, "Actual Loops": 1, "Filter": "((keyword)::text = 'sequel'::text)", "Rows Removed by Filter": 134168}, {"Node Type": "Bitmap Heap Scan", "Parent Relationship": "Inner", "Relation Name": "movie_keyword", "Alias": "mk", "Startup Cost": 4.51, "Total Cost": 132.58, "Plan Rows": 33, "Plan Width": 8, "Actual Startup Time": 3.296, "Actual Total Time": 20.334, "Actual Rows": 10544, "Actual Loops": 1, "Recheck Cond": "(keyword_id = k.id)", "Rows Removed by Index Recheck": 0, "Exact Heap Blocks": 5090, "Lossy Heap Blocks": 5090, "Plans": [{"Node Type": "Bitmap Index Scan", "Parent Relationship": "Outer", "Index Name": "keyword_id_movie_keyword", "Startup Cost": 0.0, "Total Cost": 4.5, "Plan Rows": 33, "Plan Width": 0, "Actual Startup Time": 2.369, "Actual Total Time": 2.369, "Actual Rows": 10544, "Actual Loops": 1, "Index Cond": "(keyword_id = k.id)"}]}]}, {"Node Type": "Index Scan", "Parent Relationship": "Inner", "Scan Direction": "Forward", "Index Name": "title_pkey", "Relation Name": "title", "Alias": "t", "Startup Cost": 0.0, "Total Cost": 0.31, "Plan Rows": 1, "Plan Width": 21, "Actual Startup Time": 56.882, "Actual Total Time": 56.882, "Actual Rows": 1, "Actual Loops": 10544, "Index Cond": "(id = mk.movie_id)", "Rows Removed by Index Recheck": 0, "Filter": "(((title)::text ~~ '%Money%'::text) AND (production_year = 1998))", "Rows Removed by Filter": 10543}]}, {"Node Type": "Index Scan", "Parent Relationship": "Inner", "Scan Direction": "Forward", "Index Name": "movie_id_movie_companies", "Relation Name": "movie_companies", "Alias": "mc", "Startup Cost": 0.0, "Total Cost": 0.31, "Plan Rows": 2, "Plan Width": 12, "Actual Startup Time": 0.018, "Actual Total Time": 0.02, "Actual Rows": 3, "Actual Loops": 1, "Index Cond": "(movie_id = mk.movie_id)", "Rows Removed by Index Recheck": 0, "Filter": "(note IS NULL)", "Rows Removed by Filter": 1}]}, {"Node Type": "Index Scan", "Parent Relationship": "Inner", "Scan Direction": "Forward", "Index Name": "company_name_pkey", "Relation Name": "company_name", "Alias": "cn", "Startup Cost": 0.0, "Total Cost": 0.29, "Plan Rows": 1, "Plan Width": 23, "Actual Startup Time": 0.032, "Actual Total Time": 0.032, "Actual Rows": 2, "Actual Loops": 3, "Index Cond": "(id = mc.company_id)", "Rows Removed by Index Recheck": 0, "Filter": "(((country_code)::text <> '[pl]'::text) AND (((name)::text ~~ '%Film%'::text) OR ((name)::text ~~ '%Warner%'::text)))", "Rows Removed by Filter": 1}]}, {"Node Type": "Index Scan", "Parent Relationship": "Inner", "Scan Direction": "Forward", "Index Name": "company_type_pkey", "Relation Name": "company_type", "Alias": "ct", "Startup Cost": 0.0, "Total Cost": 0.27, "Plan Rows": 1, "Plan Width": 4, "Actual Startup Time": 0.008, "Actual Total Time": 0.008, "Actual Rows": 2, "Actual Loops": 2, "Index Cond": "(id = mc.company_type_id)", "Rows Removed by Index Recheck": 0, "Filter": "((kind)::text = 'production companies'::text)", "Rows Removed by Filter": 0}]}, {"Node Type": "Index Scan", "Parent Relationship": "Inner", "Scan Direction": "Forward", "Index Name": "movie_id_movie_link", "Relation Name": "movie_link", "Alias": "ml", "Startup Cost": 0.0, "Total Cost": 0.35, "Plan Rows": 5, "Plan Width": 8, "Actual Startup Time": 0.016, "Actual Total Time": 0.031, "Actual Rows": 38, "Actual Loops": 2, "Index Cond": "(movie_id = mk.movie_id)", "Rows Removed by Index Recheck": 0}]}, {"Node Type": "Index Scan", "Parent Relationship": "Inner", "Scan Direction": "Forward", "Index Name": "link_type_pkey", "Relation Name": "link_type", "Alias": "lt", "Startup Cost": 0.0, "Total Cost": 0.27, "Plan Rows": 1, "Plan Width": 16, "Actual Startup Time": 0.064, "Actual Total Time": 0.064, "Actual Rows": 0, "Actual Loops": 38, "Index Cond": "(id = ml.link_type_id)", "Rows Removed by Index Recheck": 0, "Filter": "((link)::text ~~ '%follows%'::text)", "Rows Removed by Filter": 24}]}]}, "Triggers": [], "Planner Runtime": 87.526, "Total Runtime": 127.163, "Unique SQL Id": 4121279504}}, "(16, 33)": {"explain_plan": {"Plan": {"Node Type": "Aggregate", "Strategy": "Plain", "Startup Cost": 3327.94, "Total Cost": 3327.95, "Plan Rows": 1, "Plan Width": 144, "Plans": [{"Node Type": "Nested Loop", "Parent Relationship": "Outer", "Join Type": "Inner", "Startup Cost": 4.51, "Total Cost": 3327.93, "Plan Rows": 1, "Plan Width": 48, "Inner Unique": true, "Plans": [{"Node Type": "Nested Loop", "Parent Relationship": "Outer", "Join Type": "Inner", "Startup Cost": 4.51, "Total Cost": 3327.65, "Plan Rows": 1, "Plan Width": 40, "Inner Unique": false, "Join Filter": "(t.id = ml.movie_id)", "Plans": [{"Node Type": "Nested Loop", "Parent Relationship": "Outer", "Join Type": "Inner", "Startup Cost": 4.51, "Total Cost": 3327.24, "Plan Rows": 1, "Plan Width": 48, "Inner Unique": true, "Plans": [{"Node Type": "Nested Loop", "Parent Relationship": "Outer", "Join Type": "Inner", "Startup Cost": 4.51, "Total Cost": 3326.95, "Plan Rows": 1, "Plan Width": 52, "Inner Unique": true, "Plans": [{"Node Type": "Nested Loop", "Parent Relationship": "Outer", "Join Type": "Inner", "Startup Cost": 4.51, "Total Cost": 3326.66, "Plan Rows": 1, "Plan Width": 37, "Inner Unique": false, "Join Filter": "(t.id = mc.movie_id)", "Plans": [{"Node Type": "Nested Loop", "Parent Relationship": "Outer", "Join Type": "Inner", "Startup Cost": 4.51, "Total Cost": 3326.32, "Plan Rows": 1, "Plan Width": 25, "Inner Unique": true, "Plans": [{"Node Type": "Nested Loop", "Parent Relationship": "Outer", "Join Type": "Inner", "Startup Cost": 4.51, "Total Cost": 3315.63, "Plan Rows": 33, "Plan Width": 4, "Inner Unique": false, "Plans": [{"Node Type": "Index Scan", "Parent Relationship": "Outer", "Scan Direction": "Forward", "Index Name": "keyword_pkey", "Relation Name": "keyword", "Alias": "k", "Startup Cost": 0.0, "Total Cost": 3182.72, "Plan Rows": 1, "Plan Width": 4, "Filter": "((keyword)::text = 'sequel'::text)"}, {"Node Type": "Bitmap Heap Scan", "Parent Relationship": "Inner", "Relation Name": "movie_keyword", "Alias": "mk", "Startup Cost": 4.51, "Total Cost": 132.58, "Plan Rows": 33, "Plan Width": 8, "Recheck Cond": "(keyword_id = k.id)", "Plans": [{"Node Type": "Bitmap Index Scan", "Parent Relationship": "Outer", "Index Name": "keyword_id_movie_keyword", "Startup Cost": 0.0, "Total Cost": 4.5, "Plan Rows": 33, "Plan Width": 0, "Index Cond": "(keyword_id = k.id)"}]}]}, {"Node Type": "Index Scan", "Parent Relationship": "Inner", "Scan Direction": "Forward", "Index Name": "title_pkey", "Relation Name": "title", "Alias": "t", "Startup Cost": 0.0, "Total Cost": 0.31, "Plan Rows": 1, "Plan Width": 21, "Index Cond": "(id = mk.movie_id)", "Filter": "(((title)::text ~~ '%Money%'::text) AND (production_year = 1998))"}]}, {"Node Type": "Index Scan", "Parent Relationship": "Inner", "Scan Direction": "Forward", "Index Name": "movie_id_movie_companies", "Relation Name": "movie_companies", "Alias": "mc", "Startup Cost": 0.0, "Total Cost": 0.31, "Plan Rows": 2, "Plan Width": 12, "Index Cond": "(movie_id = mk.movie_id)", "Filter": "(note IS NULL)"}]}, {"Node Type": "Index Scan", "Parent Relationship": "Inner", "Scan Direction": "Forward", "Index Name": "company_name_pkey", "Relation Name": "company_name", "Alias": "cn", "Startup Cost": 0.0, "Total Cost": 0.29, "Plan Rows": 1, "Plan Width": 23, "Index Cond": "(id = mc.company_id)", "Filter": "(((country_code)::text <> '[pl]'::text) AND (((name)::text ~~ '%Film%'::text) OR ((name)::text ~~ '%Warner%'::text)))"}]}, {"Node Type": "Index Scan", "Parent Relationship": "Inner", "Scan Direction": "Forward", "Index Name": "company_type_pkey", "Relation Name": "company_type", "Alias": "ct", "Startup Cost": 0.0, "Total Cost": 0.27, "Plan Rows": 1, "Plan Width": 4, "Index Cond": "(id = mc.company_type_id)", "Filter": "((kind)::text = 'production companies'::text)"}]}, {"Node Type": "Index Scan", "Parent Relationship": "Inner", "Scan Direction": "Forward", "Index Name": "movie_id_movie_link", "Relation Name": "movie_link", "Alias": "ml", "Startup Cost": 0.0, "Total Cost": 0.35, "Plan Rows": 5, "Plan Width": 8, "Index Cond": "(movie_id = mk.movie_id)"}]}, {"Node Type": "Index Scan", "Parent Relationship": "Inner", "Scan Direction": "Forward", "Index Name": "link_type_pkey", "Relation Name": "link_type", "Alias": "lt", "Startup Cost": 0.0, "Total Cost": 0.27, "Plan Rows": 1, "Plan Width": 16, "Index Cond": "(id = ml.link_type_id)", "Filter": "((link)::text ~~ '%follows%'::text)"}]}]}, "Unique SQL Id": 4121279504}, "explain_analyze_plan": {"Plan": {"Node Type": "Aggregate", "Strategy": "Plain", "Startup Cost": 3327.94, "Total Cost": 3327.95, "Plan Rows": 1, "Plan Width": 144, "Actual Startup Time": 210.021, "Actual Total Time": 210.022, "Actual Rows": 1, "Actual Loops": 1, "Plans": [{"Node Type": "Nested Loop", "Parent Relationship": "Outer", "Join Type": "Inner", "Startup Cost": 4.51, "Total Cost": 3327.93, "Plan Rows": 1, "Plan Width": 48, "Actual Startup Time": 210.015, "Actual Total Time": 210.015, "Actual Rows": 0, "Actual Loops": 1, "Inner Unique": true, "Plans": [{"Node Type": "Nested Loop", "Parent Relationship": "Outer", "Join Type": "Inner", "Startup Cost": 4.51, "Total Cost": 3327.65, "Plan Rows": 1, "Plan Width": 40, "Actual Startup Time": 4.252, "Actual Total Time": 209.927, "Actual Rows": 38, "Actual Loops": 1, "Inner Unique": false, "Join Filter": "(t.id = ml.movie_id)", "Rows Removed by Join Filter": 0, "Plans": [{"Node Type": "Nested Loop", "Parent Relationship": "Outer", "Join Type": "Inner", "Startup Cost": 4.51, "Total Cost": 3327.24, "Plan Rows": 1, "Plan Width": 48, "Actual Startup Time": 4.237, "Actual Total Time": 209.878, "Actual Rows": 2, "Actual Loops": 1, "Inner Unique": true, "Plans": [{"Node Type": "Nested Loop", "Parent Relationship": "Outer", "Join Type": "Inner", "Startup Cost": 4.51, "Total Cost": 3326.95, "Plan Rows": 1, "Plan Width": 52, "Actual Startup Time": 4.228, "Actual Total Time": 209.865, "Actual Rows": 2, "Actual Loops": 1, "Inner Unique": true, "Plans": [{"Node Type": "Nested Loop", "Parent Relationship": "Outer", "Join Type": "Inner", "Startup Cost": 4.51, "Total Cost": 3326.66, "Plan Rows": 1, "Plan Width": 37, "Actual Startup Time": 4.21, "Actual Total Time": 209.826, "Actual Rows": 3, "Actual Loops": 1, "Inner Unique": false, "Join Filter": "(t.id = mc.movie_id)", "Rows Removed by Join Filter": 0, "Plans": [{"Node Type": "Nested Loop", "Parent Relationship": "Outer", "Join Type": "Inner", "Startup Cost": 4.51, "Total Cost": 3326.32, "Plan Rows": 1, "Plan Width": 25, "Actual Startup Time": 4.189, "Actual Total Time": 209.801, "Actual Rows": 1, "Actual Loops": 1, "Inner Unique": true, "Plans": [{"Node Type": "Nested Loop", "Parent Relationship": "Outer", "Join Type": "Inner", "Startup Cost": 4.51, "Total Cost": 3315.63, "Plan Rows": 33, "Plan Width": 4, "Actual Startup Time": 3.839, "Actual Total Time": 145.857, "Actual Rows": 10544, "Actual Loops": 1, "Inner Unique": false, "Plans": [{"Node Type": "Index Scan", "Parent Relationship": "Outer", "Scan Direction": "Forward", "Index Name": "keyword_pkey", "Relation Name": "keyword", "Alias": "k", "Startup Cost": 0.0, "Total Cost": 3182.72, "Plan Rows": 1, "Plan Width": 4, "Actual Startup Time": 0.526, "Actual Total Time": 122.744, "Actual Rows": 1, "Actual Loops": 1, "Filter": "((keyword)::text = 'sequel'::text)", "Rows Removed by Filter": 134168}, {"Node Type": "Bitmap Heap Scan", "Parent Relationship": "Inner", "Relation Name": "movie_keyword", "Alias": "mk", "Startup Cost": 4.51, "Total Cost": 132.58, "Plan Rows": 33, "Plan Width": 8, "Actual Startup Time": 3.306, "Actual Total Time": 20.899, "Actual Rows": 10544, "Actual Loops": 1, "Recheck Cond": "(keyword_id = k.id)", "Rows Removed by Index Recheck": 0, "Exact Heap Blocks": 5090, "Lossy Heap Blocks": 5090, "Plans": [{"Node Type": "Bitmap Index Scan", "Parent Relationship": "Outer", "Index Name": "keyword_id_movie_keyword", "Startup Cost": 0.0, "Total Cost": 4.5, "Plan Rows": 33, "Plan Width": 0, "Actual Startup Time": 2.388, "Actual Total Time": 2.388, "Actual Rows": 10544, "Actual Loops": 1, "Index Cond": "(keyword_id = k.id)"}]}]}, {"Node Type": "Index Scan", "Parent Relationship": "Inner", "Scan Direction": "Forward", "Index Name": "title_pkey", "Relation Name": "title", "Alias": "t", "Startup Cost": 0.0, "Total Cost": 0.31, "Plan Rows": 1, "Plan Width": 21, "Actual Startup Time": 58.603, "Actual Total Time": 58.603, "Actual Rows": 1, "Actual Loops": 10544, "Index Cond": "(id = mk.movie_id)", "Rows Removed by Index Recheck": 0, "Filter": "(((title)::text ~~ '%Money%'::text) AND (production_year = 1998))", "Rows Removed by Filter": 10543}]}, {"Node Type": "Index Scan", "Parent Relationship": "Inner", "Scan Direction": "Forward", "Index Name": "movie_id_movie_companies", "Relation Name": "movie_companies", "Alias": "mc", "Startup Cost": 0.0, "Total Cost": 0.31, "Plan Rows": 2, "Plan Width": 12, "Actual Startup Time": 0.017, "Actual Total Time": 0.019, "Actual Rows": 3, "Actual Loops": 1, "Index Cond": "(movie_id = mk.movie_id)", "Rows Removed by Index Recheck": 0, "Filter": "(note IS NULL)", "Rows Removed by Filter": 1}]}, {"Node Type": "Index Scan", "Parent Relationship": "Inner", "Scan Direction": "Forward", "Index Name": "company_name_pkey", "Relation Name": "company_name", "Alias": "cn", "Startup Cost": 0.0, "Total Cost": 0.29, "Plan Rows": 1, "Plan Width": 23, "Actual Startup Time": 0.034, "Actual Total Time": 0.034, "Actual Rows": 2, "Actual Loops": 3, "Index Cond": "(id = mc.company_id)", "Rows Removed by Index Recheck": 0, "Filter": "(((country_code)::text <> '[pl]'::text) AND (((name)::text ~~ '%Film%'::text) OR ((name)::text ~~ '%Warner%'::text)))", "Rows Removed by Filter": 1}]}, {"Node Type": "Index Scan", "Parent Relationship": "Inner", "Scan Direction": "Forward", "Index Name": "company_type_pkey", "Relation Name": "company_type", "Alias": "ct", "Startup Cost": 0.0, "Total Cost": 0.27, "Plan Rows": 1, "Plan Width": 4, "Actual Startup Time": 0.009, "Actual Total Time": 0.009, "Actual Rows": 2, "Actual Loops": 2, "Index Cond": "(id = mc.company_type_id)", "Rows Removed by Index Recheck": 0, "Filter": "((kind)::text = 'production companies'::text)", "Rows Removed by Filter": 0}]}, {"Node Type": "Index Scan", "Parent Relationship": "Inner", "Scan Direction": "Forward", "Index Name": "movie_id_movie_link", "Relation Name": "movie_link", "Alias": "ml", "Startup Cost": 0.0, "Total Cost": 0.35, "Plan Rows": 5, "Plan Width": 8, "Actual Startup Time": 0.016, "Actual Total Time": 0.029, "Actual Rows": 38, "Actual Loops": 2, "Index Cond": "(movie_id = mk.movie_id)", "Rows Removed by Index Recheck": 0}]}, {"Node Type": "Index Scan", "Parent Relationship": "Inner", "Scan Direction": "Forward", "Index Name": "link_type_pkey", "Relation Name": "link_type", "Alias": "lt", "Startup Cost": 0.0, "Total Cost": 0.27, "Plan Rows": 1, "Plan Width": 16, "Actual Startup Time": 0.063, "Actual Total Time": 0.063, "Actual Rows": 0, "Actual Loops": 38, "Index Cond": "(id = ml.link_type_id)", "Rows Removed by Index Recheck": 0, "Filter": "((link)::text ~~ '%follows%'::text)", "Rows Removed by Filter": 24}]}]}, "Triggers": [], "Planner Runtime": 75.74, "Total Runtime": 210.444, "Unique SQL Id": 4121279504}}, "(16, 34)": {"explain_plan": {"Plan": {"Node Type": "Aggregate", "Strategy": "Plain", "Startup Cost": 2726.02, "Total Cost": 2726.03, "Plan Rows": 1, "Plan Width": 144, "Plans": [{"Node Type": "Nested Loop", "Parent Relationship": "Outer", "Join Type": "Inner", "Startup Cost": 5.59, "Total Cost": 2726.01, "Plan Rows": 1, "Plan Width": 48, "Inner Unique": true, "Join Filter": "(ml.link_type_id = lt.id)", "Plans": [{"Node Type": "Nested Loop", "Parent Relationship": "Outer", "Join Type": "Inner", "Startup Cost": 5.59, "Total Cost": 2724.78, "Plan Rows": 1, "Plan Width": 40, "Inner Unique": false, "Join Filter": "(t.id = ml.movie_id)", "Plans": [{"Node Type": "Nested Loop", "Parent Relationship": "Outer", "Join Type": "Inner", "Startup Cost": 5.3, "Total Cost": 2720.37, "Plan Rows": 1, "Plan Width": 48, "Inner Unique": true, "Join Filter": "(mc.company_type_id = ct.id)", "Plans": [{"Node Type": "Nested Loop", "Parent Relationship": "Outer", "Join Type": "Inner", "Startup Cost": 5.3, "Total Cost": 2719.32, "Plan Rows": 1, "Plan Width": 52, "Inner Unique": true, "Plans": [{"Node Type": "Nested Loop", "Parent Relationship": "Outer", "Join Type": "Inner", "Startup Cost": 5.05, "Total Cost": 2715.03, "Plan Rows": 1, "Plan Width": 37, "Inner Unique": false, "Join Filter": "(t.id = mc.movie_id)", "Plans": [{"Node Type": "Nested Loop", "Parent Relationship": "Outer", "Join Type": "Inner", "Startup Cost": 4.77, "Total Cost": 2710.71, "Plan Rows": 1, "Plan Width": 25, "Inner Unique": true, "Plans": [{"Node Type": "Nested Loop", "Parent Relationship": "Outer", "Join Type": "Inner", "Startup Cost": 4.51, "Total Cost": 2569.02, "Plan Rows": 33, "Plan Width": 4, "Inner Unique": false, "Plans": [{"Node Type": "Seq Scan", "Parent Relationship": "Outer", "Relation Name": "keyword", "Alias": "k", "Startup Cost": 0.0, "Total Cost": 2436.11, "Plan Rows": 1, "Plan Width": 4, "Filter": "((keyword)::text = 'sequel'::text)"}, {"Node Type": "Bitmap Heap Scan", "Parent Relationship": "Inner", "Relation Name": "movie_keyword", "Alias": "mk", "Startup Cost": 4.51, "Total Cost": 132.58, "Plan Rows": 33, "Plan Width": 8, "Recheck Cond": "(keyword_id = k.id)", "Plans": [{"Node Type": "Bitmap Index Scan", "Parent Relationship": "Outer", "Index Name": "keyword_id_movie_keyword", "Startup Cost": 0.0, "Total Cost": 4.5, "Plan Rows": 33, "Plan Width": 0, "Index Cond": "(keyword_id = k.id)"}]}]}, {"Node Type": "Bitmap Heap Scan", "Parent Relationship": "Inner", "Relation Name": "title", "Alias": "t", "Startup Cost": 0.27, "Total Cost": 4.28, "Plan Rows": 1, "Plan Width": 21, "Recheck Cond": "(id = mk.movie_id)", "Filter": "(((title)::text ~~ '%Money%'::text) AND (production_year = 1998))", "Plans": [{"Node Type": "Bitmap Index Scan", "Parent Relationship": "Outer", "Index Name": "title_pkey", "Startup Cost": 0.0, "Total Cost": 0.27, "Plan Rows": 1, "Plan Width": 0, "Index Cond": "(id = mk.movie_id)"}]}]}, {"Node Type": "Bitmap Heap Scan", "Parent Relationship": "Inner", "Relation Name": "movie_companies", "Alias": "mc", "Startup Cost": 0.27, "Total Cost": 4.3, "Plan Rows": 2, "Plan Width": 12, "Recheck Cond": "(movie_id = mk.movie_id)", "Filter": "(note IS NULL)", "Plans": [{"Node Type": "Bitmap Index Scan", "Parent Relationship": "Outer", "Index Name": "movie_id_movie_companies", "Startup Cost": 0.0, "Total Cost": 0.27, "Plan Rows": 2, "Plan Width": 0, "Index Cond": "(movie_id = mk.movie_id)"}]}]}, {"Node Type": "Bitmap Heap Scan", "Parent Relationship": "Inner", "Relation Name": "company_name", "Alias": "cn", "Startup Cost": 0.26, "Total Cost": 4.28, "Plan Rows": 1, "Plan Width": 23, "Recheck Cond": "(id = mc.company_id)", "Filter": "(((country_code)::text <> '[pl]'::text) AND (((name)::text ~~ '%Film%'::text) OR ((name)::text ~~ '%Warner%'::text)))", "Plans": [{"Node Type": "Bitmap Index Scan", "Parent Relationship": "Outer", "Index Name": "company_name_pkey", "Startup Cost": 0.0, "Total Cost": 0.26, "Plan Rows": 1, "Plan Width": 0, "Index Cond": "(id = mc.company_id)"}]}]}, {"Node Type": "Seq Scan", "Parent Relationship": "Inner", "Relation Name": "company_type", "Alias": "ct", "Startup Cost": 0.0, "Total Cost": 1.04, "Plan Rows": 1, "Plan Width": 4, "Filter": "((kind)::text = 'production companies'::text)"}]}, {"Node Type": "Bitmap Heap Scan", "Parent Relationship": "Inner", "Relation Name": "movie_link", "Alias": "ml", "Startup Cost": 0.29, "Total Cost": 4.35, "Plan Rows": 5, "Plan Width": 8, "Recheck Cond": "(movie_id = mk.movie_id)", "Plans": [{"Node Type": "Bitmap Index Scan", "Parent Relationship": "Outer", "Index Name": "movie_id_movie_link", "Startup Cost": 0.0, "Total Cost": 0.29, "Plan Rows": 5, "Plan Width": 0, "Index Cond": "(movie_id = mk.movie_id)"}]}]}, {"Node Type": "Seq Scan", "Parent Relationship": "Inner", "Relation Name": "link_type", "Alias": "lt", "Startup Cost": 0.0, "Total Cost": 1.21, "Plan Rows": 1, "Plan Width": 16, "Filter": "((link)::text ~~ '%follows%'::text)"}]}]}, "Unique SQL Id": 4121279504}, "explain_analyze_plan": {"Plan": {"Node Type": "Aggregate", "Strategy": "Plain", "Startup Cost": 2726.02, "Total Cost": 2726.03, "Plan Rows": 1, "Plan Width": 144, "Actual Startup Time": 139.006, "Actual Total Time": 139.007, "Actual Rows": 1, "Actual Loops": 1, "Plans": [{"Node Type": "Nested Loop", "Parent Relationship": "Outer", "Join Type": "Inner", "Startup Cost": 5.59, "Total Cost": 2726.01, "Plan Rows": 1, "Plan Width": 48, "Actual Startup Time": 138.995, "Actual Total Time": 138.995, "Actual Rows": 0, "Actual Loops": 1, "Inner Unique": true, "Join Filter": "(ml.link_type_id = lt.id)", "Rows Removed by Join Filter": 0, "Plans": [{"Node Type": "Nested Loop", "Parent Relationship": "Outer", "Join Type": "Inner", "Startup Cost": 5.59, "Total Cost": 2724.78, "Plan Rows": 1, "Plan Width": 40, "Actual Startup Time": 6.154, "Actual Total Time": 138.668, "Actual Rows": 38, "Actual Loops": 1, "Inner Unique": false, "Join Filter": "(t.id = ml.movie_id)", "Rows Removed by Join Filter": 0, "Plans": [{"Node Type": "Nested Loop", "Parent Relationship": "Outer", "Join Type": "Inner", "Startup Cost": 5.3, "Total Cost": 2720.37, "Plan Rows": 1, "Plan Width": 48, "Actual Startup Time": 6.124, "Actual Total Time": 138.609, "Actual Rows": 2, "Actual Loops": 1, "Inner Unique": true, "Join Filter": "(mc.company_type_id = ct.id)", "Rows Removed by Join Filter": 0, "Plans": [{"Node Type": "Nested Loop", "Parent Relationship": "Outer", "Join Type": "Inner", "Startup Cost": 5.3, "Total Cost": 2719.32, "Plan Rows": 1, "Plan Width": 52, "Actual Startup Time": 6.112, "Actual Total Time": 138.593, "Actual Rows": 2, "Actual Loops": 1, "Inner Unique": true, "Plans": [{"Node Type": "Nested Loop", "Parent Relationship": "Outer", "Join Type": "Inner", "Startup Cost": 5.05, "Total Cost": 2715.03, "Plan Rows": 1, "Plan Width": 37, "Actual Startup Time": 6.09, "Actual Total Time": 138.545, "Actual Rows": 3, "Actual Loops": 1, "Inner Unique": false, "Join Filter": "(t.id = mc.movie_id)", "Rows Removed by Join Filter": 0, "Plans": [{"Node Type": "Nested Loop", "Parent Relationship": "Outer", "Join Type": "Inner", "Startup Cost": 4.77, "Total Cost": 2710.71, "Plan Rows": 1, "Plan Width": 25, "Actual Startup Time": 6.057, "Actual Total Time": 138.508, "Actual Rows": 1, "Actual Loops": 1, "Inner Unique": true, "Plans": [{"Node Type": "Nested Loop", "Parent Relationship": "Outer", "Join Type": "Inner", "Startup Cost": 4.51, "Total Cost": 2569.02, "Plan Rows": 33, "Plan Width": 4, "Actual Startup Time": 5.644, "Actual Total Time": 62.51, "Actual Rows": 10544, "Actual Loops": 1, "Inner Unique": false, "Plans": [{"Node Type": "Seq Scan", "Parent Relationship": "Outer", "Relation Name": "keyword", "Alias": "k", "Startup Cost": 0.0, "Total Cost": 2436.11, "Plan Rows": 1, "Plan Width": 4, "Actual Startup Time": 2.306, "Actual Total Time": 41.335, "Actual Rows": 1, "Actual Loops": 1, "Filter": "((keyword)::text = 'sequel'::text)", "Rows Removed by Filter": 134168}, {"Node Type": "Bitmap Heap Scan", "Parent Relationship": "Inner", "Relation Name": "movie_keyword", "Alias": "mk", "Startup Cost": 4.51, "Total Cost": 132.58, "Plan Rows": 33, "Plan Width": 8, "Actual Startup Time": 3.331, "Actual Total Time": 19.008, "Actual Rows": 10544, "Actual Loops": 1, "Recheck Cond": "(keyword_id = k.id)", "Rows Removed by Index Recheck": 0, "Exact Heap Blocks": 5090, "Lossy Heap Blocks": 5090, "Plans": [{"Node Type": "Bitmap Index Scan", "Parent Relationship": "Outer", "Index Name": "keyword_id_movie_keyword", "Startup Cost": 0.0, "Total Cost": 4.5, "Plan Rows": 33, "Plan Width": 0, "Actual Startup Time": 2.404, "Actual Total Time": 2.404, "Actual Rows": 10544, "Actual Loops": 1, "Index Cond": "(keyword_id = k.id)"}]}]}, {"Node Type": "Bitmap Heap Scan", "Parent Relationship": "Inner", "Relation Name": "title", "Alias": "t", "Startup Cost": 0.27, "Total Cost": 4.28, "Plan Rows": 1, "Plan Width": 21, "Actual Startup Time": 64.166, "Actual Total Time": 64.166, "Actual Rows": 1, "Actual Loops": 10544, "Recheck Cond": "(id = mk.movie_id)", "Rows Removed by Index Recheck": 0, "Filter": "(((title)::text ~~ '%Money%'::text) AND (production_year = 1998))", "Rows Removed by Filter": 10543, "Exact Heap Blocks": 10544, "Lossy Heap Blocks": 10544, "Plans": [{"Node Type": "Bitmap Index Scan", "Parent Relationship": "Outer", "Index Name": "title_pkey", "Startup Cost": 0.0, "Total Cost": 0.27, "Plan Rows": 1, "Plan Width": 0, "Actual Startup Time": 31.869, "Actual Total Time": 31.869, "Actual Rows": 10544, "Actual Loops": 10544, "Index Cond": "(id = mk.movie_id)"}]}]}, {"Node Type": "Bitmap Heap Scan", "Parent Relationship": "Inner", "Relation Name": "movie_companies", "Alias": "mc", "Startup Cost": 0.27, "Total Cost": 4.3, "Plan Rows": 2, "Plan Width": 12, "Actual Startup Time": 0.029, "Actual Total Time": 0.032, "Actual Rows": 3, "Actual Loops": 1, "Recheck Cond": "(movie_id = mk.movie_id)", "Rows Removed by Index Recheck": 0, "Filter": "(note IS NULL)", "Rows Removed by Filter": 1, "Exact Heap Blocks": 2, "Lossy Heap Blocks": 2, "Plans": [{"Node Type": "Bitmap Index Scan", "Parent Relationship": "Outer", "Index Name": "movie_id_movie_companies", "Startup Cost": 0.0, "Total Cost": 0.27, "Plan Rows": 2, "Plan Width": 0, "Actual Startup Time": 0.011, "Actual Total Time": 0.011, "Actual Rows": 4, "Actual Loops": 1, "Index Cond": "(movie_id = mk.movie_id)"}]}]}, {"Node Type": "Bitmap Heap Scan", "Parent Relationship": "Inner", "Relation Name": "company_name", "Alias": "cn", "Startup Cost": 0.26, "Total Cost": 4.28, "Plan Rows": 1, "Plan Width": 23, "Actual Startup Time": 0.039, "Actual Total Time": 0.039, "Actual Rows": 2, "Actual Loops": 3, "Recheck Cond": "(id = mc.company_id)", "Rows Removed by Index Recheck": 0, "Filter": "(((country_code)::text <> '[pl]'::text) AND (((name)::text ~~ '%Film%'::text) OR ((name)::text ~~ '%Warner%'::text)))", "Rows Removed by Filter": 1, "Exact Heap Blocks": 3, "Lossy Heap Blocks": 3, "Plans": [{"Node Type": "Bitmap Index Scan", "Parent Relationship": "Outer", "Index Name": "company_name_pkey", "Startup Cost": 0.0, "Total Cost": 0.26, "Plan Rows": 1, "Plan Width": 0, "Actual Startup Time": 0.02, "Actual Total Time": 0.02, "Actual Rows": 3, "Actual Loops": 3, "Index Cond": "(id = mc.company_id)"}]}]}, {"Node Type": "Seq Scan", "Parent Relationship": "Inner", "Relation Name": "company_type", "Alias": "ct", "Startup Cost": 0.0, "Total Cost": 1.04, "Plan Rows": 1, "Plan Width": 4, "Actual Startup Time": 0.01, "Actual Total Time": 0.01, "Actual Rows": 2, "Actual Loops": 2, "Filter": "((kind)::text = 'production companies'::text)", "Rows Removed by Filter": 0}]}, {"Node Type": "Bitmap Heap Scan", "Parent Relationship": "Inner", "Relation Name": "movie_link", "Alias": "ml", "Startup Cost": 0.29, "Total Cost": 4.35, "Plan Rows": 5, "Plan Width": 8, "Actual Startup Time": 0.031, "Actual Total Time": 0.035, "Actual Rows": 38, "Actual Loops": 2, "Recheck Cond": "(movie_id = mk.movie_id)", "Rows Removed by Index Recheck": 0, "Exact Heap Blocks": 2, "Lossy Heap Blocks": 2, "Plans": [{"Node Type": "Bitmap Index Scan", "Parent Relationship": "Outer", "Index Name": "movie_id_movie_link", "Startup Cost": 0.0, "Total Cost": 0.29, "Plan Rows": 5, "Plan Width": 0, "Actual Startup Time": 0.013, "Actual Total Time": 0.013, "Actual Rows": 38, "Actual Loops": 2, "Index Cond": "(movie_id = mk.movie_id)"}]}]}, {"Node Type": "Seq Scan", "Parent Relationship": "Inner", "Relation Name": "link_type", "Alias": "lt", "Startup Cost": 0.0, "Total Cost": 1.21, "Plan Rows": 1, "Plan Width": 16, "Actual Startup Time": 0.293, "Actual Total Time": 0.293, "Actual Rows": 0, "Actual Loops": 38, "Filter": "((link)::text ~~ '%follows%'::text)", "Rows Removed by Filter": 646}]}]}, "Triggers": [], "Planner Runtime": 115.353, "Total Runtime": 139.543, "Unique SQL Id": 4121279504}}, "(16, 35)": {"explain_plan": {"Plan": {"Node Type": "Aggregate", "Strategy": "Plain", "Startup Cost": 3451.4, "Total Cost": 3451.41, "Plan Rows": 1, "Plan Width": 144, "Plans": [{"Node Type": "Nested Loop", "Parent Relationship": "Outer", "Join Type": "Inner", "Startup Cost": 725.2, "Total Cost": 3451.4, "Plan Rows": 1, "Plan Width": 48, "Inner Unique": true, "Plans": [{"Node Type": "Nested Loop", "Parent Relationship": "Outer", "Join Type": "Inner", "Startup Cost": 724.95, "Total Cost": 3447.11, "Plan Rows": 1, "Plan Width": 40, "Inner Unique": false, "Join Filter": "(t.id = ml.movie_id)", "Plans": [{"Node Type": "Nested Loop", "Parent Relationship": "Outer", "Join Type": "Inner", "Startup Cost": 724.66, "Total Cost": 3442.7, "Plan Rows": 1, "Plan Width": 48, "Inner Unique": true, "Plans": [{"Node Type": "Nested Loop", "Parent Relationship": "Outer", "Join Type": "Inner", "Startup Cost": 724.4, "Total Cost": 3438.42, "Plan Rows": 1, "Plan Width": 52, "Inner Unique": true, "Plans": [{"Node Type": "Nested Loop", "Parent Relationship": "Outer", "Join Type": "Inner", "Startup Cost": 724.14, "Total Cost": 3434.13, "Plan Rows": 1, "Plan Width": 37, "Inner Unique": false, "Join Filter": "(t.id = mc.movie_id)", "Plans": [{"Node Type": "Nested Loop", "Parent Relationship": "Outer", "Join Type": "Inner", "Startup Cost": 723.87, "Total Cost": 3429.8, "Plan Rows": 1, "Plan Width": 25, "Inner Unique": true, "Plans": [{"Node Type": "Nested Loop", "Parent Relationship": "Outer", "Join Type": "Inner", "Startup Cost": 723.6, "Total Cost": 3288.12, "Plan Rows": 33, "Plan Width": 4, "Inner Unique": false, "Plans": [{"Node Type": "Bitmap Heap Scan", "Parent Relationship": "Outer", "Relation Name": "keyword", "Alias": "k", "Startup Cost": 719.1, "Total Cost": 3155.21, "Plan Rows": 1, "Plan Width": 4, "Filter": "((keyword)::text = 'sequel'::text)", "Plans": [{"Node Type": "Bitmap Index Scan", "Parent Relationship": "Outer", "Index Name": "keyword_pkey", "Startup Cost": 0.0, "Total Cost": 719.1, "Plan Rows": 134169, "Plan Width": 0}]}, {"Node Type": "Bitmap Heap Scan", "Parent Relationship": "Inner", "Relation Name": "movie_keyword", "Alias": "mk", "Startup Cost": 4.51, "Total Cost": 132.58, "Plan Rows": 33, "Plan Width": 8, "Recheck Cond": "(keyword_id = k.id)", "Plans": [{"Node Type": "Bitmap Index Scan", "Parent Relationship": "Outer", "Index Name": "keyword_id_movie_keyword", "Startup Cost": 0.0, "Total Cost": 4.5, "Plan Rows": 33, "Plan Width": 0, "Index Cond": "(keyword_id = k.id)"}]}]}, {"Node Type": "Bitmap Heap Scan", "Parent Relationship": "Inner", "Relation Name": "title", "Alias": "t", "Startup Cost": 0.27, "Total Cost": 4.28, "Plan Rows": 1, "Plan Width": 21, "Recheck Cond": "(id = mk.movie_id)", "Filter": "(((title)::text ~~ '%Money%'::text) AND (production_year = 1998))", "Plans": [{"Node Type": "Bitmap Index Scan", "Parent Relationship": "Outer", "Index Name": "title_pkey", "Startup Cost": 0.0, "Total Cost": 0.27, "Plan Rows": 1, "Plan Width": 0, "Index Cond": "(id = mk.movie_id)"}]}]}, {"Node Type": "Bitmap Heap Scan", "Parent Relationship": "Inner", "Relation Name": "movie_companies", "Alias": "mc", "Startup Cost": 0.27, "Total Cost": 4.3, "Plan Rows": 2, "Plan Width": 12, "Recheck Cond": "(movie_id = mk.movie_id)", "Filter": "(note IS NULL)", "Plans": [{"Node Type": "Bitmap Index Scan", "Parent Relationship": "Outer", "Index Name": "movie_id_movie_companies", "Startup Cost": 0.0, "Total Cost": 0.27, "Plan Rows": 2, "Plan Width": 0, "Index Cond": "(movie_id = mk.movie_id)"}]}]}, {"Node Type": "Bitmap Heap Scan", "Parent Relationship": "Inner", "Relation Name": "company_name", "Alias": "cn", "Startup Cost": 0.26, "Total Cost": 4.28, "Plan Rows": 1, "Plan Width": 23, "Recheck Cond": "(id = mc.company_id)", "Filter": "(((country_code)::text <> '[pl]'::text) AND (((name)::text ~~ '%Film%'::text) OR ((name)::text ~~ '%Warner%'::text)))", "Plans": [{"Node Type": "Bitmap Index Scan", "Parent Relationship": "Outer", "Index Name": "company_name_pkey", "Startup Cost": 0.0, "Total Cost": 0.26, "Plan Rows": 1, "Plan Width": 0, "Index Cond": "(id = mc.company_id)"}]}]}, {"Node Type": "Bitmap Heap Scan", "Parent Relationship": "Inner", "Relation Name": "company_type", "Alias": "ct", "Startup Cost": 0.26, "Total Cost": 4.27, "Plan Rows": 1, "Plan Width": 4, "Recheck Cond": "(id = mc.company_type_id)", "Filter": "((kind)::text = 'production companies'::text)", "Plans": [{"Node Type": "Bitmap Index Scan", "Parent Relationship": "Outer", "Index Name": "company_type_pkey", "Startup Cost": 0.0, "Total Cost": 0.26, "Plan Rows": 1, "Plan Width": 0, "Index Cond": "(id = mc.company_type_id)"}]}]}, {"Node Type": "Bitmap Heap Scan", "Parent Relationship": "Inner", "Relation Name": "movie_link", "Alias": "ml", "Startup Cost": 0.29, "Total Cost": 4.35, "Plan Rows": 5, "Plan Width": 8, "Recheck Cond": "(movie_id = mk.movie_id)", "Plans": [{"Node Type": "Bitmap Index Scan", "Parent Relationship": "Outer", "Index Name": "movie_id_movie_link", "Startup Cost": 0.0, "Total Cost": 0.29, "Plan Rows": 5, "Plan Width": 0, "Index Cond": "(movie_id = mk.movie_id)"}]}]}, {"Node Type": "Bitmap Heap Scan", "Parent Relationship": "Inner", "Relation Name": "link_type", "Alias": "lt", "Startup Cost": 0.26, "Total Cost": 4.27, "Plan Rows": 1, "Plan Width": 16, "Recheck Cond": "(id = ml.link_type_id)", "Filter": "((link)::text ~~ '%follows%'::text)", "Plans": [{"Node Type": "Bitmap Index Scan", "Parent Relationship": "Outer", "Index Name": "link_type_pkey", "Startup Cost": 0.0, "Total Cost": 0.26, "Plan Rows": 1, "Plan Width": 0, "Index Cond": "(id = ml.link_type_id)"}]}]}]}, "Unique SQL Id": 4121279504}, "explain_analyze_plan": {"Plan": {"Node Type": "Aggregate", "Strategy": "Plain", "Startup Cost": 3451.4, "Total Cost": 3451.41, "Plan Rows": 1, "Plan Width": 144, "Actual Startup Time": 152.6, "Actual Total Time": 152.601, "Actual Rows": 1, "Actual Loops": 1, "Plans": [{"Node Type": "Nested Loop", "Parent Relationship": "Outer", "Join Type": "Inner", "Startup Cost": 725.2, "Total Cost": 3451.4, "Plan Rows": 1, "Plan Width": 48, "Actual Startup Time": 152.588, "Actual Total Time": 152.588, "Actual Rows": 0, "Actual Loops": 1, "Inner Unique": true, "Plans": [{"Node Type": "Nested Loop", "Parent Relationship": "Outer", "Join Type": "Inner", "Startup Cost": 724.95, "Total Cost": 3447.11, "Plan Rows": 1, "Plan Width": 40, "Actual Startup Time": 18.148, "Actual Total Time": 152.437, "Actual Rows": 38, "Actual Loops": 1, "Inner Unique": false, "Join Filter": "(t.id = ml.movie_id)", "Rows Removed by Join Filter": 0, "Plans": [{"Node Type": "Nested Loop", "Parent Relationship": "Outer", "Join Type": "Inner", "Startup Cost": 724.66, "Total Cost": 3442.7, "Plan Rows": 1, "Plan Width": 48, "Actual Startup Time": 18.12, "Actual Total Time": 152.376, "Actual Rows": 2, "Actual Loops": 1, "Inner Unique": true, "Plans": [{"Node Type": "Nested Loop", "Parent Relationship": "Outer", "Join Type": "Inner", "Startup Cost": 724.4, "Total Cost": 3438.42, "Plan Rows": 1, "Plan Width": 52, "Actual Startup Time": 18.104, "Actual Total Time": 152.355, "Actual Rows": 2, "Actual Loops": 1, "Inner Unique": true, "Plans": [{"Node Type": "Nested Loop", "Parent Relationship": "Outer", "Join Type": "Inner", "Startup Cost": 724.14, "Total Cost": 3434.13, "Plan Rows": 1, "Plan Width": 37, "Actual Startup Time": 18.071, "Actual Total Time": 152.299, "Actual Rows": 3, "Actual Loops": 1, "Inner Unique": false, "Join Filter": "(t.id = mc.movie_id)", "Rows Removed by Join Filter": 0, "Plans": [{"Node Type": "Nested Loop", "Parent Relationship": "Outer", "Join Type": "Inner", "Startup Cost": 723.87, "Total Cost": 3429.8, "Plan Rows": 1, "Plan Width": 25, "Actual Startup Time": 18.038, "Actual Total Time": 152.263, "Actual Rows": 1, "Actual Loops": 1, "Inner Unique": true, "Plans": [{"Node Type": "Nested Loop", "Parent Relationship": "Outer", "Join Type": "Inner", "Startup Cost": 723.6, "Total Cost": 3288.12, "Plan Rows": 33, "Plan Width": 4, "Actual Startup Time": 17.628, "Actual Total Time": 80.585, "Actual Rows": 10544, "Actual Loops": 1, "Inner Unique": false, "Plans": [{"Node Type": "Bitmap Heap Scan", "Parent Relationship": "Outer", "Relation Name": "keyword", "Alias": "k", "Startup Cost": 719.1, "Total Cost": 3155.21, "Plan Rows": 1, "Plan Width": 4, "Actual Startup Time": 14.469, "Actual Total Time": 61.131, "Actual Rows": 1, "Actual Loops": 1, "Filter": "((keyword)::text = 'sequel'::text)", "Rows Removed by Filter": 134168, "Exact Heap Blocks": 759, "Lossy Heap Blocks": 759, "Plans": [{"Node Type": "Bitmap Index Scan", "Parent Relationship": "Outer", "Index Name": "keyword_pkey", "Startup Cost": 0.0, "Total Cost": 719.1, "Plan Rows": 134169, "Plan Width": 0, "Actual Startup Time": 11.259, "Actual Total Time": 11.259, "Actual Rows": 134169, "Actual Loops": 1}]}, {"Node Type": "Bitmap Heap Scan", "Parent Relationship": "Inner", "Relation Name": "movie_keyword", "Alias": "mk", "Startup Cost": 4.51, "Total Cost": 132.58, "Plan Rows": 33, "Plan Width": 8, "Actual Startup Time": 3.147, "Actual Total Time": 17.278, "Actual Rows": 10544, "Actual Loops": 1, "Recheck Cond": "(keyword_id = k.id)", "Rows Removed by Index Recheck": 0, "Exact Heap Blocks": 5090, "Lossy Heap Blocks": 5090, "Plans": [{"Node Type": "Bitmap Index Scan", "Parent Relationship": "Outer", "Index Name": "keyword_id_movie_keyword", "Startup Cost": 0.0, "Total Cost": 4.5, "Plan Rows": 33, "Plan Width": 0, "Actual Startup Time": 2.26, "Actual Total Time": 2.26, "Actual Rows": 10544, "Actual Loops": 1, "Index Cond": "(keyword_id = k.id)"}]}]}, {"Node Type": "Bitmap Heap Scan", "Parent Relationship": "Inner", "Relation Name": "title", "Alias": "t", "Startup Cost": 0.27, "Total Cost": 4.28, "Plan Rows": 1, "Plan Width": 21, "Actual Startup Time": 59.935, "Actual Total Time": 59.935, "Actual Rows": 1, "Actual Loops": 10544, "Recheck Cond": "(id = mk.movie_id)", "Rows Removed by Index Recheck": 0, "Filter": "(((title)::text ~~ '%Money%'::text) AND (production_year = 1998))", "Rows Removed by Filter": 10543, "Exact Heap Blocks": 10544, "Lossy Heap Blocks": 10544, "Plans": [{"Node Type": "Bitmap Index Scan", "Parent Relationship": "Outer", "Index Name": "title_pkey", "Startup Cost": 0.0, "Total Cost": 0.27, "Plan Rows": 1, "Plan Width": 0, "Actual Startup Time": 30.49, "Actual Total Time": 30.49, "Actual Rows": 10544, "Actual Loops": 10544, "Index Cond": "(id = mk.movie_id)"}]}]}, {"Node Type": "Bitmap Heap Scan", "Parent Relationship": "Inner", "Relation Name": "movie_companies", "Alias": "mc", "Startup Cost": 0.27, "Total Cost": 4.3, "Plan Rows": 2, "Plan Width": 12, "Actual Startup Time": 0.027, "Actual Total Time": 0.028, "Actual Rows": 3, "Actual Loops": 1, "Recheck Cond": "(movie_id = mk.movie_id)", "Rows Removed by Index Recheck": 0, "Filter": "(note IS NULL)", "Rows Removed by Filter": 1, "Exact Heap Blocks": 2, "Lossy Heap Blocks": 2, "Plans": [{"Node Type": "Bitmap Index Scan", "Parent Relationship": "Outer", "Index Name": "movie_id_movie_companies", "Startup Cost": 0.0, "Total Cost": 0.27, "Plan Rows": 2, "Plan Width": 0, "Actual Startup Time": 0.012, "Actual Total Time": 0.012, "Actual Rows": 4, "Actual Loops": 1, "Index Cond": "(movie_id = mk.movie_id)"}]}]}, {"Node Type": "Bitmap Heap Scan", "Parent Relationship": "Inner", "Relation Name": "company_name", "Alias": "cn", "Startup Cost": 0.26, "Total Cost": 4.28, "Plan Rows": 1, "Plan Width": 23, "Actual Startup Time": 0.047, "Actual Total Time": 0.047, "Actual Rows": 2, "Actual Loops": 3, "Recheck Cond": "(id = mc.company_id)", "Rows Removed by Index Recheck": 0, "Filter": "(((country_code)::text <> '[pl]'::text) AND (((name)::text ~~ '%Film%'::text) OR ((name)::text ~~ '%Warner%'::text)))", "Rows Removed by Filter": 1, "Exact Heap Blocks": 3, "Lossy Heap Blocks": 3, "Plans": [{"Node Type": "Bitmap Index Scan", "Parent Relationship": "Outer", "Index Name": "company_name_pkey", "Startup Cost": 0.0, "Total Cost": 0.26, "Plan Rows": 1, "Plan Width": 0, "Actual Startup Time": 0.02, "Actual Total Time": 0.02, "Actual Rows": 3, "Actual Loops": 3, "Index Cond": "(id = mc.company_id)"}]}]}, {"Node Type": "Bitmap Heap Scan", "Parent Relationship": "Inner", "Relation Name": "company_type", "Alias": "ct", "Startup Cost": 0.26, "Total Cost": 4.27, "Plan Rows": 1, "Plan Width": 4, "Actual Startup Time": 0.015, "Actual Total Time": 0.015, "Actual Rows": 2, "Actual Loops": 2, "Recheck Cond": "(id = mc.company_type_id)", "Rows Removed by Index Recheck": 0, "Filter": "((kind)::text = 'production companies'::text)", "Rows Removed by Filter": 0, "Exact Heap Blocks": 2, "Lossy Heap Blocks": 2, "Plans": [{"Node Type": "Bitmap Index Scan", "Parent Relationship": "Outer", "Index Name": "company_type_pkey", "Startup Cost": 0.0, "Total Cost": 0.26, "Plan Rows": 1, "Plan Width": 0, "Actual Startup Time": 0.004, "Actual Total Time": 0.004, "Actual Rows": 2, "Actual Loops": 2, "Index Cond": "(id = mc.company_type_id)"}]}]}, {"Node Type": "Bitmap Heap Scan", "Parent Relationship": "Inner", "Relation Name": "movie_link", "Alias": "ml", "Startup Cost": 0.29, "Total Cost": 4.35, "Plan Rows": 5, "Plan Width": 8, "Actual Startup Time": 0.027, "Actual Total Time": 0.031, "Actual Rows": 38, "Actual Loops": 2, "Recheck Cond": "(movie_id = mk.movie_id)", "Rows Removed by Index Recheck": 0, "Exact Heap Blocks": 2, "Lossy Heap Blocks": 2, "Plans": [{"Node Type": "Bitmap Index Scan", "Parent Relationship": "Outer", "Index Name": "movie_id_movie_link", "Startup Cost": 0.0, "Total Cost": 0.29, "Plan Rows": 5, "Plan Width": 0, "Actual Startup Time": 0.013, "Actual Total Time": 0.013, "Actual Rows": 38, "Actual Loops": 2, "Index Cond": "(movie_id = mk.movie_id)"}]}]}, {"Node Type": "Bitmap Heap Scan", "Parent Relationship": "Inner", "Relation Name": "link_type", "Alias": "lt", "Startup Cost": 0.26, "Total Cost": 4.27, "Plan Rows": 1, "Plan Width": 16, "Actual Startup Time": 0.11, "Actual Total Time": 0.11, "Actual Rows": 0, "Actual Loops": 38, "Recheck Cond": "(id = ml.link_type_id)", "Rows Removed by Index Recheck": 0, "Filter": "((link)::text ~~ '%follows%'::text)", "Rows Removed by Filter": 24, "Exact Heap Blocks": 24, "Lossy Heap Blocks": 24, "Plans": [{"Node Type": "Bitmap Index Scan", "Parent Relationship": "Outer", "Index Name": "link_type_pkey", "Startup Cost": 0.0, "Total Cost": 0.26, "Plan Rows": 1, "Plan Width": 0, "Actual Startup Time": 0.037, "Actual Total Time": 0.037, "Actual Rows": 24, "Actual Loops": 38, "Index Cond": "(id = ml.link_type_id)"}]}]}]}, "Triggers": [], "Planner Runtime": 60.8, "Total Runtime": 153.166, "Unique SQL Id": 4121279504}}, "(16, 36)": {"explain_plan": {"Plan": {"Node Type": "Aggregate", "Strategy": "Plain", "Startup Cost": 2581.34, "Total Cost": 2581.35, "Plan Rows": 1, "Plan Width": 144, "Plans": [{"Node Type": "Nested Loop", "Parent Relationship": "Outer", "Join Type": "Inner", "Startup Cost": 4.51, "Total Cost": 2581.33, "Plan Rows": 1, "Plan Width": 48, "Inner Unique": true, "Plans": [{"Node Type": "Nested Loop", "Parent Relationship": "Outer", "Join Type": "Inner", "Startup Cost": 4.51, "Total Cost": 2581.05, "Plan Rows": 1, "Plan Width": 40, "Inner Unique": false, "Join Filter": "(t.id = ml.movie_id)", "Plans": [{"Node Type": "Nested Loop", "Parent Relationship": "Outer", "Join Type": "Inner", "Startup Cost": 4.51, "Total Cost": 2580.63, "Plan Rows": 1, "Plan Width": 48, "Inner Unique": true, "Plans": [{"Node Type": "Nested Loop", "Parent Relationship": "Outer", "Join Type": "Inner", "Startup Cost": 4.51, "Total Cost": 2580.35, "Plan Rows": 1, "Plan Width": 52, "Inner Unique": true, "Plans": [{"Node Type": "Nested Loop", "Parent Relationship": "Outer", "Join Type": "Inner", "Startup Cost": 4.51, "Total Cost": 2580.05, "Plan Rows": 1, "Plan Width": 37, "Inner Unique": false, "Join Filter": "(t.id = mc.movie_id)", "Plans": [{"Node Type": "Nested Loop", "Parent Relationship": "Outer", "Join Type": "Inner", "Startup Cost": 4.51, "Total Cost": 2579.71, "Plan Rows": 1, "Plan Width": 25, "Inner Unique": true, "Plans": [{"Node Type": "Nested Loop", "Parent Relationship": "Outer", "Join Type": "Inner", "Startup Cost": 4.51, "Total Cost": 2569.02, "Plan Rows": 33, "Plan Width": 4, "Inner Unique": false, "Plans": [{"Node Type": "Seq Scan", "Parent Relationship": "Outer", "Relation Name": "keyword", "Alias": "k", "Startup Cost": 0.0, "Total Cost": 2436.11, "Plan Rows": 1, "Plan Width": 4, "Filter": "((keyword)::text = 'sequel'::text)"}, {"Node Type": "Bitmap Heap Scan", "Parent Relationship": "Inner", "Relation Name": "movie_keyword", "Alias": "mk", "Startup Cost": 4.51, "Total Cost": 132.58, "Plan Rows": 33, "Plan Width": 8, "Recheck Cond": "(keyword_id = k.id)", "Plans": [{"Node Type": "Bitmap Index Scan", "Parent Relationship": "Outer", "Index Name": "keyword_id_movie_keyword", "Startup Cost": 0.0, "Total Cost": 4.5, "Plan Rows": 33, "Plan Width": 0, "Index Cond": "(keyword_id = k.id)"}]}]}, {"Node Type": "Index Scan", "Parent Relationship": "Inner", "Scan Direction": "Forward", "Index Name": "title_pkey", "Relation Name": "title", "Alias": "t", "Startup Cost": 0.0, "Total Cost": 0.31, "Plan Rows": 1, "Plan Width": 21, "Index Cond": "(id = mk.movie_id)", "Filter": "(((title)::text ~~ '%Money%'::text) AND (production_year = 1998))"}]}, {"Node Type": "Index Scan", "Parent Relationship": "Inner", "Scan Direction": "Forward", "Index Name": "movie_id_movie_companies", "Relation Name": "movie_companies", "Alias": "mc", "Startup Cost": 0.0, "Total Cost": 0.31, "Plan Rows": 2, "Plan Width": 12, "Index Cond": "(movie_id = mk.movie_id)", "Filter": "(note IS NULL)"}]}, {"Node Type": "Index Scan", "Parent Relationship": "Inner", "Scan Direction": "Forward", "Index Name": "company_name_pkey", "Relation Name": "company_name", "Alias": "cn", "Startup Cost": 0.0, "Total Cost": 0.29, "Plan Rows": 1, "Plan Width": 23, "Index Cond": "(id = mc.company_id)", "Filter": "(((country_code)::text <> '[pl]'::text) AND (((name)::text ~~ '%Film%'::text) OR ((name)::text ~~ '%Warner%'::text)))"}]}, {"Node Type": "Index Scan", "Parent Relationship": "Inner", "Scan Direction": "Forward", "Index Name": "company_type_pkey", "Relation Name": "company_type", "Alias": "ct", "Startup Cost": 0.0, "Total Cost": 0.27, "Plan Rows": 1, "Plan Width": 4, "Index Cond": "(id = mc.company_type_id)", "Filter": "((kind)::text = 'production companies'::text)"}]}, {"Node Type": "Index Scan", "Parent Relationship": "Inner", "Scan Direction": "Forward", "Index Name": "movie_id_movie_link", "Relation Name": "movie_link", "Alias": "ml", "Startup Cost": 0.0, "Total Cost": 0.35, "Plan Rows": 5, "Plan Width": 8, "Index Cond": "(movie_id = mk.movie_id)"}]}, {"Node Type": "Index Scan", "Parent Relationship": "Inner", "Scan Direction": "Forward", "Index Name": "link_type_pkey", "Relation Name": "link_type", "Alias": "lt", "Startup Cost": 0.0, "Total Cost": 0.27, "Plan Rows": 1, "Plan Width": 16, "Index Cond": "(id = ml.link_type_id)", "Filter": "((link)::text ~~ '%follows%'::text)"}]}]}, "Unique SQL Id": 4121279504}, "explain_analyze_plan": {"Plan": {"Node Type": "Aggregate", "Strategy": "Plain", "Startup Cost": 2581.34, "Total Cost": 2581.35, "Plan Rows": 1, "Plan Width": 144, "Actual Startup Time": 126.718, "Actual Total Time": 126.718, "Actual Rows": 1, "Actual Loops": 1, "Plans": [{"Node Type": "Nested Loop", "Parent Relationship": "Outer", "Join Type": "Inner", "Startup Cost": 4.51, "Total Cost": 2581.33, "Plan Rows": 1, "Plan Width": 48, "Actual Startup Time": 126.712, "Actual Total Time": 126.712, "Actual Rows": 0, "Actual Loops": 1, "Inner Unique": true, "Plans": [{"Node Type": "Nested Loop", "Parent Relationship": "Outer", "Join Type": "Inner", "Startup Cost": 4.51, "Total Cost": 2581.05, "Plan Rows": 1, "Plan Width": 40, "Actual Startup Time": 6.094, "Actual Total Time": 126.628, "Actual Rows": 38, "Actual Loops": 1, "Inner Unique": false, "Join Filter": "(t.id = ml.movie_id)", "Rows Removed by Join Filter": 0, "Plans": [{"Node Type": "Nested Loop", "Parent Relationship": "Outer", "Join Type": "Inner", "Startup Cost": 4.51, "Total Cost": 2580.63, "Plan Rows": 1, "Plan Width": 48, "Actual Startup Time": 6.079, "Actual Total Time": 126.579, "Actual Rows": 2, "Actual Loops": 1, "Inner Unique": true, "Plans": [{"Node Type": "Nested Loop", "Parent Relationship": "Outer", "Join Type": "Inner", "Startup Cost": 4.51, "Total Cost": 2580.35, "Plan Rows": 1, "Plan Width": 52, "Actual Startup Time": 6.07, "Actual Total Time": 126.566, "Actual Rows": 2, "Actual Loops": 1, "Inner Unique": true, "Plans": [{"Node Type": "Nested Loop", "Parent Relationship": "Outer", "Join Type": "Inner", "Startup Cost": 4.51, "Total Cost": 2580.05, "Plan Rows": 1, "Plan Width": 37, "Actual Startup Time": 6.053, "Actual Total Time": 126.529, "Actual Rows": 3, "Actual Loops": 1, "Inner Unique": false, "Join Filter": "(t.id = mc.movie_id)", "Rows Removed by Join Filter": 0, "Plans": [{"Node Type": "Nested Loop", "Parent Relationship": "Outer", "Join Type": "Inner", "Startup Cost": 4.51, "Total Cost": 2579.71, "Plan Rows": 1, "Plan Width": 25, "Actual Startup Time": 6.03, "Actual Total Time": 126.501, "Actual Rows": 1, "Actual Loops": 1, "Inner Unique": true, "Plans": [{"Node Type": "Nested Loop", "Parent Relationship": "Outer", "Join Type": "Inner", "Startup Cost": 4.51, "Total Cost": 2569.02, "Plan Rows": 33, "Plan Width": 4, "Actual Startup Time": 5.681, "Actual Total Time": 64.348, "Actual Rows": 10544, "Actual Loops": 1, "Inner Unique": false, "Plans": [{"Node Type": "Seq Scan", "Parent Relationship": "Outer", "Relation Name": "keyword", "Alias": "k", "Startup Cost": 0.0, "Total Cost": 2436.11, "Plan Rows": 1, "Plan Width": 4, "Actual Startup Time": 2.377, "Actual Total Time": 41.877, "Actual Rows": 1, "Actual Loops": 1, "Filter": "((keyword)::text = 'sequel'::text)", "Rows Removed by Filter": 134168}, {"Node Type": "Bitmap Heap Scan", "Parent Relationship": "Inner", "Relation Name": "movie_keyword", "Alias": "mk", "Startup Cost": 4.51, "Total Cost": 132.58, "Plan Rows": 33, "Plan Width": 8, "Actual Startup Time": 3.296, "Actual Total Time": 20.334, "Actual Rows": 10544, "Actual Loops": 1, "Recheck Cond": "(keyword_id = k.id)", "Rows Removed by Index Recheck": 0, "Exact Heap Blocks": 5090, "Lossy Heap Blocks": 5090, "Plans": [{"Node Type": "Bitmap Index Scan", "Parent Relationship": "Outer", "Index Name": "keyword_id_movie_keyword", "Startup Cost": 0.0, "Total Cost": 4.5, "Plan Rows": 33, "Plan Width": 0, "Actual Startup Time": 2.369, "Actual Total Time": 2.369, "Actual Rows": 10544, "Actual Loops": 1, "Index Cond": "(keyword_id = k.id)"}]}]}, {"Node Type": "Index Scan", "Parent Relationship": "Inner", "Scan Direction": "Forward", "Index Name": "title_pkey", "Relation Name": "title", "Alias": "t", "Startup Cost": 0.0, "Total Cost": 0.31, "Plan Rows": 1, "Plan Width": 21, "Actual Startup Time": 56.882, "Actual Total Time": 56.882, "Actual Rows": 1, "Actual Loops": 10544, "Index Cond": "(id = mk.movie_id)", "Rows Removed by Index Recheck": 0, "Filter": "(((title)::text ~~ '%Money%'::text) AND (production_year = 1998))", "Rows Removed by Filter": 10543}]}, {"Node Type": "Index Scan", "Parent Relationship": "Inner", "Scan Direction": "Forward", "Index Name": "movie_id_movie_companies", "Relation Name": "movie_companies", "Alias": "mc", "Startup Cost": 0.0, "Total Cost": 0.31, "Plan Rows": 2, "Plan Width": 12, "Actual Startup Time": 0.018, "Actual Total Time": 0.02, "Actual Rows": 3, "Actual Loops": 1, "Index Cond": "(movie_id = mk.movie_id)", "Rows Removed by Index Recheck": 0, "Filter": "(note IS NULL)", "Rows Removed by Filter": 1}]}, {"Node Type": "Index Scan", "Parent Relationship": "Inner", "Scan Direction": "Forward", "Index Name": "company_name_pkey", "Relation Name": "company_name", "Alias": "cn", "Startup Cost": 0.0, "Total Cost": 0.29, "Plan Rows": 1, "Plan Width": 23, "Actual Startup Time": 0.032, "Actual Total Time": 0.032, "Actual Rows": 2, "Actual Loops": 3, "Index Cond": "(id = mc.company_id)", "Rows Removed by Index Recheck": 0, "Filter": "(((country_code)::text <> '[pl]'::text) AND (((name)::text ~~ '%Film%'::text) OR ((name)::text ~~ '%Warner%'::text)))", "Rows Removed by Filter": 1}]}, {"Node Type": "Index Scan", "Parent Relationship": "Inner", "Scan Direction": "Forward", "Index Name": "company_type_pkey", "Relation Name": "company_type", "Alias": "ct", "Startup Cost": 0.0, "Total Cost": 0.27, "Plan Rows": 1, "Plan Width": 4, "Actual Startup Time": 0.008, "Actual Total Time": 0.008, "Actual Rows": 2, "Actual Loops": 2, "Index Cond": "(id = mc.company_type_id)", "Rows Removed by Index Recheck": 0, "Filter": "((kind)::text = 'production companies'::text)", "Rows Removed by Filter": 0}]}, {"Node Type": "Index Scan", "Parent Relationship": "Inner", "Scan Direction": "Forward", "Index Name": "movie_id_movie_link", "Relation Name": "movie_link", "Alias": "ml", "Startup Cost": 0.0, "Total Cost": 0.35, "Plan Rows": 5, "Plan Width": 8, "Actual Startup Time": 0.016, "Actual Total Time": 0.031, "Actual Rows": 38, "Actual Loops": 2, "Index Cond": "(movie_id = mk.movie_id)", "Rows Removed by Index Recheck": 0}]}, {"Node Type": "Index Scan", "Parent Relationship": "Inner", "Scan Direction": "Forward", "Index Name": "link_type_pkey", "Relation Name": "link_type", "Alias": "lt", "Startup Cost": 0.0, "Total Cost": 0.27, "Plan Rows": 1, "Plan Width": 16, "Actual Startup Time": 0.064, "Actual Total Time": 0.064, "Actual Rows": 0, "Actual Loops": 38, "Index Cond": "(id = ml.link_type_id)", "Rows Removed by Index Recheck": 0, "Filter": "((link)::text ~~ '%follows%'::text)", "Rows Removed by Filter": 24}]}]}, "Triggers": [], "Planner Runtime": 87.526, "Total Runtime": 127.163, "Unique SQL Id": 4121279504}}, "(16, 37)": {"explain_plan": {"Plan": {"Node Type": "Aggregate", "Strategy": "Plain", "Startup Cost": 3327.94, "Total Cost": 3327.95, "Plan Rows": 1, "Plan Width": 144, "Plans": [{"Node Type": "Nested Loop", "Parent Relationship": "Outer", "Join Type": "Inner", "Startup Cost": 4.51, "Total Cost": 3327.93, "Plan Rows": 1, "Plan Width": 48, "Inner Unique": true, "Plans": [{"Node Type": "Nested Loop", "Parent Relationship": "Outer", "Join Type": "Inner", "Startup Cost": 4.51, "Total Cost": 3327.65, "Plan Rows": 1, "Plan Width": 40, "Inner Unique": false, "Join Filter": "(t.id = ml.movie_id)", "Plans": [{"Node Type": "Nested Loop", "Parent Relationship": "Outer", "Join Type": "Inner", "Startup Cost": 4.51, "Total Cost": 3327.24, "Plan Rows": 1, "Plan Width": 48, "Inner Unique": true, "Plans": [{"Node Type": "Nested Loop", "Parent Relationship": "Outer", "Join Type": "Inner", "Startup Cost": 4.51, "Total Cost": 3326.95, "Plan Rows": 1, "Plan Width": 52, "Inner Unique": true, "Plans": [{"Node Type": "Nested Loop", "Parent Relationship": "Outer", "Join Type": "Inner", "Startup Cost": 4.51, "Total Cost": 3326.66, "Plan Rows": 1, "Plan Width": 37, "Inner Unique": false, "Join Filter": "(t.id = mc.movie_id)", "Plans": [{"Node Type": "Nested Loop", "Parent Relationship": "Outer", "Join Type": "Inner", "Startup Cost": 4.51, "Total Cost": 3326.32, "Plan Rows": 1, "Plan Width": 25, "Inner Unique": true, "Plans": [{"Node Type": "Nested Loop", "Parent Relationship": "Outer", "Join Type": "Inner", "Startup Cost": 4.51, "Total Cost": 3315.63, "Plan Rows": 33, "Plan Width": 4, "Inner Unique": false, "Plans": [{"Node Type": "Index Scan", "Parent Relationship": "Outer", "Scan Direction": "Forward", "Index Name": "keyword_pkey", "Relation Name": "keyword", "Alias": "k", "Startup Cost": 0.0, "Total Cost": 3182.72, "Plan Rows": 1, "Plan Width": 4, "Filter": "((keyword)::text = 'sequel'::text)"}, {"Node Type": "Bitmap Heap Scan", "Parent Relationship": "Inner", "Relation Name": "movie_keyword", "Alias": "mk", "Startup Cost": 4.51, "Total Cost": 132.58, "Plan Rows": 33, "Plan Width": 8, "Recheck Cond": "(keyword_id = k.id)", "Plans": [{"Node Type": "Bitmap Index Scan", "Parent Relationship": "Outer", "Index Name": "keyword_id_movie_keyword", "Startup Cost": 0.0, "Total Cost": 4.5, "Plan Rows": 33, "Plan Width": 0, "Index Cond": "(keyword_id = k.id)"}]}]}, {"Node Type": "Index Scan", "Parent Relationship": "Inner", "Scan Direction": "Forward", "Index Name": "title_pkey", "Relation Name": "title", "Alias": "t", "Startup Cost": 0.0, "Total Cost": 0.31, "Plan Rows": 1, "Plan Width": 21, "Index Cond": "(id = mk.movie_id)", "Filter": "(((title)::text ~~ '%Money%'::text) AND (production_year = 1998))"}]}, {"Node Type": "Index Scan", "Parent Relationship": "Inner", "Scan Direction": "Forward", "Index Name": "movie_id_movie_companies", "Relation Name": "movie_companies", "Alias": "mc", "Startup Cost": 0.0, "Total Cost": 0.31, "Plan Rows": 2, "Plan Width": 12, "Index Cond": "(movie_id = mk.movie_id)", "Filter": "(note IS NULL)"}]}, {"Node Type": "Index Scan", "Parent Relationship": "Inner", "Scan Direction": "Forward", "Index Name": "company_name_pkey", "Relation Name": "company_name", "Alias": "cn", "Startup Cost": 0.0, "Total Cost": 0.29, "Plan Rows": 1, "Plan Width": 23, "Index Cond": "(id = mc.company_id)", "Filter": "(((country_code)::text <> '[pl]'::text) AND (((name)::text ~~ '%Film%'::text) OR ((name)::text ~~ '%Warner%'::text)))"}]}, {"Node Type": "Index Scan", "Parent Relationship": "Inner", "Scan Direction": "Forward", "Index Name": "company_type_pkey", "Relation Name": "company_type", "Alias": "ct", "Startup Cost": 0.0, "Total Cost": 0.27, "Plan Rows": 1, "Plan Width": 4, "Index Cond": "(id = mc.company_type_id)", "Filter": "((kind)::text = 'production companies'::text)"}]}, {"Node Type": "Index Scan", "Parent Relationship": "Inner", "Scan Direction": "Forward", "Index Name": "movie_id_movie_link", "Relation Name": "movie_link", "Alias": "ml", "Startup Cost": 0.0, "Total Cost": 0.35, "Plan Rows": 5, "Plan Width": 8, "Index Cond": "(movie_id = mk.movie_id)"}]}, {"Node Type": "Index Scan", "Parent Relationship": "Inner", "Scan Direction": "Forward", "Index Name": "link_type_pkey", "Relation Name": "link_type", "Alias": "lt", "Startup Cost": 0.0, "Total Cost": 0.27, "Plan Rows": 1, "Plan Width": 16, "Index Cond": "(id = ml.link_type_id)", "Filter": "((link)::text ~~ '%follows%'::text)"}]}]}, "Unique SQL Id": 4121279504}, "explain_analyze_plan": {"Plan": {"Node Type": "Aggregate", "Strategy": "Plain", "Startup Cost": 3327.94, "Total Cost": 3327.95, "Plan Rows": 1, "Plan Width": 144, "Actual Startup Time": 210.021, "Actual Total Time": 210.022, "Actual Rows": 1, "Actual Loops": 1, "Plans": [{"Node Type": "Nested Loop", "Parent Relationship": "Outer", "Join Type": "Inner", "Startup Cost": 4.51, "Total Cost": 3327.93, "Plan Rows": 1, "Plan Width": 48, "Actual Startup Time": 210.015, "Actual Total Time": 210.015, "Actual Rows": 0, "Actual Loops": 1, "Inner Unique": true, "Plans": [{"Node Type": "Nested Loop", "Parent Relationship": "Outer", "Join Type": "Inner", "Startup Cost": 4.51, "Total Cost": 3327.65, "Plan Rows": 1, "Plan Width": 40, "Actual Startup Time": 4.252, "Actual Total Time": 209.927, "Actual Rows": 38, "Actual Loops": 1, "Inner Unique": false, "Join Filter": "(t.id = ml.movie_id)", "Rows Removed by Join Filter": 0, "Plans": [{"Node Type": "Nested Loop", "Parent Relationship": "Outer", "Join Type": "Inner", "Startup Cost": 4.51, "Total Cost": 3327.24, "Plan Rows": 1, "Plan Width": 48, "Actual Startup Time": 4.237, "Actual Total Time": 209.878, "Actual Rows": 2, "Actual Loops": 1, "Inner Unique": true, "Plans": [{"Node Type": "Nested Loop", "Parent Relationship": "Outer", "Join Type": "Inner", "Startup Cost": 4.51, "Total Cost": 3326.95, "Plan Rows": 1, "Plan Width": 52, "Actual Startup Time": 4.228, "Actual Total Time": 209.865, "Actual Rows": 2, "Actual Loops": 1, "Inner Unique": true, "Plans": [{"Node Type": "Nested Loop", "Parent Relationship": "Outer", "Join Type": "Inner", "Startup Cost": 4.51, "Total Cost": 3326.66, "Plan Rows": 1, "Plan Width": 37, "Actual Startup Time": 4.21, "Actual Total Time": 209.826, "Actual Rows": 3, "Actual Loops": 1, "Inner Unique": false, "Join Filter": "(t.id = mc.movie_id)", "Rows Removed by Join Filter": 0, "Plans": [{"Node Type": "Nested Loop", "Parent Relationship": "Outer", "Join Type": "Inner", "Startup Cost": 4.51, "Total Cost": 3326.32, "Plan Rows": 1, "Plan Width": 25, "Actual Startup Time": 4.189, "Actual Total Time": 209.801, "Actual Rows": 1, "Actual Loops": 1, "Inner Unique": true, "Plans": [{"Node Type": "Nested Loop", "Parent Relationship": "Outer", "Join Type": "Inner", "Startup Cost": 4.51, "Total Cost": 3315.63, "Plan Rows": 33, "Plan Width": 4, "Actual Startup Time": 3.839, "Actual Total Time": 145.857, "Actual Rows": 10544, "Actual Loops": 1, "Inner Unique": false, "Plans": [{"Node Type": "Index Scan", "Parent Relationship": "Outer", "Scan Direction": "Forward", "Index Name": "keyword_pkey", "Relation Name": "keyword", "Alias": "k", "Startup Cost": 0.0, "Total Cost": 3182.72, "Plan Rows": 1, "Plan Width": 4, "Actual Startup Time": 0.526, "Actual Total Time": 122.744, "Actual Rows": 1, "Actual Loops": 1, "Filter": "((keyword)::text = 'sequel'::text)", "Rows Removed by Filter": 134168}, {"Node Type": "Bitmap Heap Scan", "Parent Relationship": "Inner", "Relation Name": "movie_keyword", "Alias": "mk", "Startup Cost": 4.51, "Total Cost": 132.58, "Plan Rows": 33, "Plan Width": 8, "Actual Startup Time": 3.306, "Actual Total Time": 20.899, "Actual Rows": 10544, "Actual Loops": 1, "Recheck Cond": "(keyword_id = k.id)", "Rows Removed by Index Recheck": 0, "Exact Heap Blocks": 5090, "Lossy Heap Blocks": 5090, "Plans": [{"Node Type": "Bitmap Index Scan", "Parent Relationship": "Outer", "Index Name": "keyword_id_movie_keyword", "Startup Cost": 0.0, "Total Cost": 4.5, "Plan Rows": 33, "Plan Width": 0, "Actual Startup Time": 2.388, "Actual Total Time": 2.388, "Actual Rows": 10544, "Actual Loops": 1, "Index Cond": "(keyword_id = k.id)"}]}]}, {"Node Type": "Index Scan", "Parent Relationship": "Inner", "Scan Direction": "Forward", "Index Name": "title_pkey", "Relation Name": "title", "Alias": "t", "Startup Cost": 0.0, "Total Cost": 0.31, "Plan Rows": 1, "Plan Width": 21, "Actual Startup Time": 58.603, "Actual Total Time": 58.603, "Actual Rows": 1, "Actual Loops": 10544, "Index Cond": "(id = mk.movie_id)", "Rows Removed by Index Recheck": 0, "Filter": "(((title)::text ~~ '%Money%'::text) AND (production_year = 1998))", "Rows Removed by Filter": 10543}]}, {"Node Type": "Index Scan", "Parent Relationship": "Inner", "Scan Direction": "Forward", "Index Name": "movie_id_movie_companies", "Relation Name": "movie_companies", "Alias": "mc", "Startup Cost": 0.0, "Total Cost": 0.31, "Plan Rows": 2, "Plan Width": 12, "Actual Startup Time": 0.017, "Actual Total Time": 0.019, "Actual Rows": 3, "Actual Loops": 1, "Index Cond": "(movie_id = mk.movie_id)", "Rows Removed by Index Recheck": 0, "Filter": "(note IS NULL)", "Rows Removed by Filter": 1}]}, {"Node Type": "Index Scan", "Parent Relationship": "Inner", "Scan Direction": "Forward", "Index Name": "company_name_pkey", "Relation Name": "company_name", "Alias": "cn", "Startup Cost": 0.0, "Total Cost": 0.29, "Plan Rows": 1, "Plan Width": 23, "Actual Startup Time": 0.034, "Actual Total Time": 0.034, "Actual Rows": 2, "Actual Loops": 3, "Index Cond": "(id = mc.company_id)", "Rows Removed by Index Recheck": 0, "Filter": "(((country_code)::text <> '[pl]'::text) AND (((name)::text ~~ '%Film%'::text) OR ((name)::text ~~ '%Warner%'::text)))", "Rows Removed by Filter": 1}]}, {"Node Type": "Index Scan", "Parent Relationship": "Inner", "Scan Direction": "Forward", "Index Name": "company_type_pkey", "Relation Name": "company_type", "Alias": "ct", "Startup Cost": 0.0, "Total Cost": 0.27, "Plan Rows": 1, "Plan Width": 4, "Actual Startup Time": 0.009, "Actual Total Time": 0.009, "Actual Rows": 2, "Actual Loops": 2, "Index Cond": "(id = mc.company_type_id)", "Rows Removed by Index Recheck": 0, "Filter": "((kind)::text = 'production companies'::text)", "Rows Removed by Filter": 0}]}, {"Node Type": "Index Scan", "Parent Relationship": "Inner", "Scan Direction": "Forward", "Index Name": "movie_id_movie_link", "Relation Name": "movie_link", "Alias": "ml", "Startup Cost": 0.0, "Total Cost": 0.35, "Plan Rows": 5, "Plan Width": 8, "Actual Startup Time": 0.016, "Actual Total Time": 0.029, "Actual Rows": 38, "Actual Loops": 2, "Index Cond": "(movie_id = mk.movie_id)", "Rows Removed by Index Recheck": 0}]}, {"Node Type": "Index Scan", "Parent Relationship": "Inner", "Scan Direction": "Forward", "Index Name": "link_type_pkey", "Relation Name": "link_type", "Alias": "lt", "Startup Cost": 0.0, "Total Cost": 0.27, "Plan Rows": 1, "Plan Width": 16, "Actual Startup Time": 0.063, "Actual Total Time": 0.063, "Actual Rows": 0, "Actual Loops": 38, "Index Cond": "(id = ml.link_type_id)", "Rows Removed by Index Recheck": 0, "Filter": "((link)::text ~~ '%follows%'::text)", "Rows Removed by Filter": 24}]}]}, "Triggers": [], "Planner Runtime": 75.74, "Total Runtime": 210.444, "Unique SQL Id": 4121279504}}, "(16, 38)": {"explain_plan": {"Plan": {"Node Type": "Aggregate", "Strategy": "Plain", "Startup Cost": 2726.02, "Total Cost": 2726.03, "Plan Rows": 1, "Plan Width": 144, "Plans": [{"Node Type": "Nested Loop", "Parent Relationship": "Outer", "Join Type": "Inner", "Startup Cost": 5.59, "Total Cost": 2726.01, "Plan Rows": 1, "Plan Width": 48, "Inner Unique": true, "Join Filter": "(ml.link_type_id = lt.id)", "Plans": [{"Node Type": "Nested Loop", "Parent Relationship": "Outer", "Join Type": "Inner", "Startup Cost": 5.59, "Total Cost": 2724.78, "Plan Rows": 1, "Plan Width": 40, "Inner Unique": false, "Join Filter": "(t.id = ml.movie_id)", "Plans": [{"Node Type": "Nested Loop", "Parent Relationship": "Outer", "Join Type": "Inner", "Startup Cost": 5.3, "Total Cost": 2720.37, "Plan Rows": 1, "Plan Width": 48, "Inner Unique": true, "Join Filter": "(mc.company_type_id = ct.id)", "Plans": [{"Node Type": "Nested Loop", "Parent Relationship": "Outer", "Join Type": "Inner", "Startup Cost": 5.3, "Total Cost": 2719.32, "Plan Rows": 1, "Plan Width": 52, "Inner Unique": true, "Plans": [{"Node Type": "Nested Loop", "Parent Relationship": "Outer", "Join Type": "Inner", "Startup Cost": 5.05, "Total Cost": 2715.03, "Plan Rows": 1, "Plan Width": 37, "Inner Unique": false, "Join Filter": "(t.id = mc.movie_id)", "Plans": [{"Node Type": "Nested Loop", "Parent Relationship": "Outer", "Join Type": "Inner", "Startup Cost": 4.77, "Total Cost": 2710.71, "Plan Rows": 1, "Plan Width": 25, "Inner Unique": true, "Plans": [{"Node Type": "Nested Loop", "Parent Relationship": "Outer", "Join Type": "Inner", "Startup Cost": 4.51, "Total Cost": 2569.02, "Plan Rows": 33, "Plan Width": 4, "Inner Unique": false, "Plans": [{"Node Type": "Seq Scan", "Parent Relationship": "Outer", "Relation Name": "keyword", "Alias": "k", "Startup Cost": 0.0, "Total Cost": 2436.11, "Plan Rows": 1, "Plan Width": 4, "Filter": "((keyword)::text = 'sequel'::text)"}, {"Node Type": "Bitmap Heap Scan", "Parent Relationship": "Inner", "Relation Name": "movie_keyword", "Alias": "mk", "Startup Cost": 4.51, "Total Cost": 132.58, "Plan Rows": 33, "Plan Width": 8, "Recheck Cond": "(keyword_id = k.id)", "Plans": [{"Node Type": "Bitmap Index Scan", "Parent Relationship": "Outer", "Index Name": "keyword_id_movie_keyword", "Startup Cost": 0.0, "Total Cost": 4.5, "Plan Rows": 33, "Plan Width": 0, "Index Cond": "(keyword_id = k.id)"}]}]}, {"Node Type": "Bitmap Heap Scan", "Parent Relationship": "Inner", "Relation Name": "title", "Alias": "t", "Startup Cost": 0.27, "Total Cost": 4.28, "Plan Rows": 1, "Plan Width": 21, "Recheck Cond": "(id = mk.movie_id)", "Filter": "(((title)::text ~~ '%Money%'::text) AND (production_year = 1998))", "Plans": [{"Node Type": "Bitmap Index Scan", "Parent Relationship": "Outer", "Index Name": "title_pkey", "Startup Cost": 0.0, "Total Cost": 0.27, "Plan Rows": 1, "Plan Width": 0, "Index Cond": "(id = mk.movie_id)"}]}]}, {"Node Type": "Bitmap Heap Scan", "Parent Relationship": "Inner", "Relation Name": "movie_companies", "Alias": "mc", "Startup Cost": 0.27, "Total Cost": 4.3, "Plan Rows": 2, "Plan Width": 12, "Recheck Cond": "(movie_id = mk.movie_id)", "Filter": "(note IS NULL)", "Plans": [{"Node Type": "Bitmap Index Scan", "Parent Relationship": "Outer", "Index Name": "movie_id_movie_companies", "Startup Cost": 0.0, "Total Cost": 0.27, "Plan Rows": 2, "Plan Width": 0, "Index Cond": "(movie_id = mk.movie_id)"}]}]}, {"Node Type": "Bitmap Heap Scan", "Parent Relationship": "Inner", "Relation Name": "company_name", "Alias": "cn", "Startup Cost": 0.26, "Total Cost": 4.28, "Plan Rows": 1, "Plan Width": 23, "Recheck Cond": "(id = mc.company_id)", "Filter": "(((country_code)::text <> '[pl]'::text) AND (((name)::text ~~ '%Film%'::text) OR ((name)::text ~~ '%Warner%'::text)))", "Plans": [{"Node Type": "Bitmap Index Scan", "Parent Relationship": "Outer", "Index Name": "company_name_pkey", "Startup Cost": 0.0, "Total Cost": 0.26, "Plan Rows": 1, "Plan Width": 0, "Index Cond": "(id = mc.company_id)"}]}]}, {"Node Type": "Seq Scan", "Parent Relationship": "Inner", "Relation Name": "company_type", "Alias": "ct", "Startup Cost": 0.0, "Total Cost": 1.04, "Plan Rows": 1, "Plan Width": 4, "Filter": "((kind)::text = 'production companies'::text)"}]}, {"Node Type": "Bitmap Heap Scan", "Parent Relationship": "Inner", "Relation Name": "movie_link", "Alias": "ml", "Startup Cost": 0.29, "Total Cost": 4.35, "Plan Rows": 5, "Plan Width": 8, "Recheck Cond": "(movie_id = mk.movie_id)", "Plans": [{"Node Type": "Bitmap Index Scan", "Parent Relationship": "Outer", "Index Name": "movie_id_movie_link", "Startup Cost": 0.0, "Total Cost": 0.29, "Plan Rows": 5, "Plan Width": 0, "Index Cond": "(movie_id = mk.movie_id)"}]}]}, {"Node Type": "Seq Scan", "Parent Relationship": "Inner", "Relation Name": "link_type", "Alias": "lt", "Startup Cost": 0.0, "Total Cost": 1.21, "Plan Rows": 1, "Plan Width": 16, "Filter": "((link)::text ~~ '%follows%'::text)"}]}]}, "Unique SQL Id": 4121279504}, "explain_analyze_plan": {"Plan": {"Node Type": "Aggregate", "Strategy": "Plain", "Startup Cost": 2726.02, "Total Cost": 2726.03, "Plan Rows": 1, "Plan Width": 144, "Actual Startup Time": 139.006, "Actual Total Time": 139.007, "Actual Rows": 1, "Actual Loops": 1, "Plans": [{"Node Type": "Nested Loop", "Parent Relationship": "Outer", "Join Type": "Inner", "Startup Cost": 5.59, "Total Cost": 2726.01, "Plan Rows": 1, "Plan Width": 48, "Actual Startup Time": 138.995, "Actual Total Time": 138.995, "Actual Rows": 0, "Actual Loops": 1, "Inner Unique": true, "Join Filter": "(ml.link_type_id = lt.id)", "Rows Removed by Join Filter": 0, "Plans": [{"Node Type": "Nested Loop", "Parent Relationship": "Outer", "Join Type": "Inner", "Startup Cost": 5.59, "Total Cost": 2724.78, "Plan Rows": 1, "Plan Width": 40, "Actual Startup Time": 6.154, "Actual Total Time": 138.668, "Actual Rows": 38, "Actual Loops": 1, "Inner Unique": false, "Join Filter": "(t.id = ml.movie_id)", "Rows Removed by Join Filter": 0, "Plans": [{"Node Type": "Nested Loop", "Parent Relationship": "Outer", "Join Type": "Inner", "Startup Cost": 5.3, "Total Cost": 2720.37, "Plan Rows": 1, "Plan Width": 48, "Actual Startup Time": 6.124, "Actual Total Time": 138.609, "Actual Rows": 2, "Actual Loops": 1, "Inner Unique": true, "Join Filter": "(mc.company_type_id = ct.id)", "Rows Removed by Join Filter": 0, "Plans": [{"Node Type": "Nested Loop", "Parent Relationship": "Outer", "Join Type": "Inner", "Startup Cost": 5.3, "Total Cost": 2719.32, "Plan Rows": 1, "Plan Width": 52, "Actual Startup Time": 6.112, "Actual Total Time": 138.593, "Actual Rows": 2, "Actual Loops": 1, "Inner Unique": true, "Plans": [{"Node Type": "Nested Loop", "Parent Relationship": "Outer", "Join Type": "Inner", "Startup Cost": 5.05, "Total Cost": 2715.03, "Plan Rows": 1, "Plan Width": 37, "Actual Startup Time": 6.09, "Actual Total Time": 138.545, "Actual Rows": 3, "Actual Loops": 1, "Inner Unique": false, "Join Filter": "(t.id = mc.movie_id)", "Rows Removed by Join Filter": 0, "Plans": [{"Node Type": "Nested Loop", "Parent Relationship": "Outer", "Join Type": "Inner", "Startup Cost": 4.77, "Total Cost": 2710.71, "Plan Rows": 1, "Plan Width": 25, "Actual Startup Time": 6.057, "Actual Total Time": 138.508, "Actual Rows": 1, "Actual Loops": 1, "Inner Unique": true, "Plans": [{"Node Type": "Nested Loop", "Parent Relationship": "Outer", "Join Type": "Inner", "Startup Cost": 4.51, "Total Cost": 2569.02, "Plan Rows": 33, "Plan Width": 4, "Actual Startup Time": 5.644, "Actual Total Time": 62.51, "Actual Rows": 10544, "Actual Loops": 1, "Inner Unique": false, "Plans": [{"Node Type": "Seq Scan", "Parent Relationship": "Outer", "Relation Name": "keyword", "Alias": "k", "Startup Cost": 0.0, "Total Cost": 2436.11, "Plan Rows": 1, "Plan Width": 4, "Actual Startup Time": 2.306, "Actual Total Time": 41.335, "Actual Rows": 1, "Actual Loops": 1, "Filter": "((keyword)::text = 'sequel'::text)", "Rows Removed by Filter": 134168}, {"Node Type": "Bitmap Heap Scan", "Parent Relationship": "Inner", "Relation Name": "movie_keyword", "Alias": "mk", "Startup Cost": 4.51, "Total Cost": 132.58, "Plan Rows": 33, "Plan Width": 8, "Actual Startup Time": 3.331, "Actual Total Time": 19.008, "Actual Rows": 10544, "Actual Loops": 1, "Recheck Cond": "(keyword_id = k.id)", "Rows Removed by Index Recheck": 0, "Exact Heap Blocks": 5090, "Lossy Heap Blocks": 5090, "Plans": [{"Node Type": "Bitmap Index Scan", "Parent Relationship": "Outer", "Index Name": "keyword_id_movie_keyword", "Startup Cost": 0.0, "Total Cost": 4.5, "Plan Rows": 33, "Plan Width": 0, "Actual Startup Time": 2.404, "Actual Total Time": 2.404, "Actual Rows": 10544, "Actual Loops": 1, "Index Cond": "(keyword_id = k.id)"}]}]}, {"Node Type": "Bitmap Heap Scan", "Parent Relationship": "Inner", "Relation Name": "title", "Alias": "t", "Startup Cost": 0.27, "Total Cost": 4.28, "Plan Rows": 1, "Plan Width": 21, "Actual Startup Time": 64.166, "Actual Total Time": 64.166, "Actual Rows": 1, "Actual Loops": 10544, "Recheck Cond": "(id = mk.movie_id)", "Rows Removed by Index Recheck": 0, "Filter": "(((title)::text ~~ '%Money%'::text) AND (production_year = 1998))", "Rows Removed by Filter": 10543, "Exact Heap Blocks": 10544, "Lossy Heap Blocks": 10544, "Plans": [{"Node Type": "Bitmap Index Scan", "Parent Relationship": "Outer", "Index Name": "title_pkey", "Startup Cost": 0.0, "Total Cost": 0.27, "Plan Rows": 1, "Plan Width": 0, "Actual Startup Time": 31.869, "Actual Total Time": 31.869, "Actual Rows": 10544, "Actual Loops": 10544, "Index Cond": "(id = mk.movie_id)"}]}]}, {"Node Type": "Bitmap Heap Scan", "Parent Relationship": "Inner", "Relation Name": "movie_companies", "Alias": "mc", "Startup Cost": 0.27, "Total Cost": 4.3, "Plan Rows": 2, "Plan Width": 12, "Actual Startup Time": 0.029, "Actual Total Time": 0.032, "Actual Rows": 3, "Actual Loops": 1, "Recheck Cond": "(movie_id = mk.movie_id)", "Rows Removed by Index Recheck": 0, "Filter": "(note IS NULL)", "Rows Removed by Filter": 1, "Exact Heap Blocks": 2, "Lossy Heap Blocks": 2, "Plans": [{"Node Type": "Bitmap Index Scan", "Parent Relationship": "Outer", "Index Name": "movie_id_movie_companies", "Startup Cost": 0.0, "Total Cost": 0.27, "Plan Rows": 2, "Plan Width": 0, "Actual Startup Time": 0.011, "Actual Total Time": 0.011, "Actual Rows": 4, "Actual Loops": 1, "Index Cond": "(movie_id = mk.movie_id)"}]}]}, {"Node Type": "Bitmap Heap Scan", "Parent Relationship": "Inner", "Relation Name": "company_name", "Alias": "cn", "Startup Cost": 0.26, "Total Cost": 4.28, "Plan Rows": 1, "Plan Width": 23, "Actual Startup Time": 0.039, "Actual Total Time": 0.039, "Actual Rows": 2, "Actual Loops": 3, "Recheck Cond": "(id = mc.company_id)", "Rows Removed by Index Recheck": 0, "Filter": "(((country_code)::text <> '[pl]'::text) AND (((name)::text ~~ '%Film%'::text) OR ((name)::text ~~ '%Warner%'::text)))", "Rows Removed by Filter": 1, "Exact Heap Blocks": 3, "Lossy Heap Blocks": 3, "Plans": [{"Node Type": "Bitmap Index Scan", "Parent Relationship": "Outer", "Index Name": "company_name_pkey", "Startup Cost": 0.0, "Total Cost": 0.26, "Plan Rows": 1, "Plan Width": 0, "Actual Startup Time": 0.02, "Actual Total Time": 0.02, "Actual Rows": 3, "Actual Loops": 3, "Index Cond": "(id = mc.company_id)"}]}]}, {"Node Type": "Seq Scan", "Parent Relationship": "Inner", "Relation Name": "company_type", "Alias": "ct", "Startup Cost": 0.0, "Total Cost": 1.04, "Plan Rows": 1, "Plan Width": 4, "Actual Startup Time": 0.01, "Actual Total Time": 0.01, "Actual Rows": 2, "Actual Loops": 2, "Filter": "((kind)::text = 'production companies'::text)", "Rows Removed by Filter": 0}]}, {"Node Type": "Bitmap Heap Scan", "Parent Relationship": "Inner", "Relation Name": "movie_link", "Alias": "ml", "Startup Cost": 0.29, "Total Cost": 4.35, "Plan Rows": 5, "Plan Width": 8, "Actual Startup Time": 0.031, "Actual Total Time": 0.035, "Actual Rows": 38, "Actual Loops": 2, "Recheck Cond": "(movie_id = mk.movie_id)", "Rows Removed by Index Recheck": 0, "Exact Heap Blocks": 2, "Lossy Heap Blocks": 2, "Plans": [{"Node Type": "Bitmap Index Scan", "Parent Relationship": "Outer", "Index Name": "movie_id_movie_link", "Startup Cost": 0.0, "Total Cost": 0.29, "Plan Rows": 5, "Plan Width": 0, "Actual Startup Time": 0.013, "Actual Total Time": 0.013, "Actual Rows": 38, "Actual Loops": 2, "Index Cond": "(movie_id = mk.movie_id)"}]}]}, {"Node Type": "Seq Scan", "Parent Relationship": "Inner", "Relation Name": "link_type", "Alias": "lt", "Startup Cost": 0.0, "Total Cost": 1.21, "Plan Rows": 1, "Plan Width": 16, "Actual Startup Time": 0.293, "Actual Total Time": 0.293, "Actual Rows": 0, "Actual Loops": 38, "Filter": "((link)::text ~~ '%follows%'::text)", "Rows Removed by Filter": 646}]}]}, "Triggers": [], "Planner Runtime": 115.353, "Total Runtime": 139.543, "Unique SQL Id": 4121279504}}, "(16, 39)": {"explain_plan": {"Plan": {"Node Type": "Aggregate", "Strategy": "Plain", "Startup Cost": 3451.4, "Total Cost": 3451.41, "Plan Rows": 1, "Plan Width": 144, "Plans": [{"Node Type": "Nested Loop", "Parent Relationship": "Outer", "Join Type": "Inner", "Startup Cost": 725.2, "Total Cost": 3451.4, "Plan Rows": 1, "Plan Width": 48, "Inner Unique": true, "Plans": [{"Node Type": "Nested Loop", "Parent Relationship": "Outer", "Join Type": "Inner", "Startup Cost": 724.95, "Total Cost": 3447.11, "Plan Rows": 1, "Plan Width": 40, "Inner Unique": false, "Join Filter": "(t.id = ml.movie_id)", "Plans": [{"Node Type": "Nested Loop", "Parent Relationship": "Outer", "Join Type": "Inner", "Startup Cost": 724.66, "Total Cost": 3442.7, "Plan Rows": 1, "Plan Width": 48, "Inner Unique": true, "Plans": [{"Node Type": "Nested Loop", "Parent Relationship": "Outer", "Join Type": "Inner", "Startup Cost": 724.4, "Total Cost": 3438.42, "Plan Rows": 1, "Plan Width": 52, "Inner Unique": true, "Plans": [{"Node Type": "Nested Loop", "Parent Relationship": "Outer", "Join Type": "Inner", "Startup Cost": 724.14, "Total Cost": 3434.13, "Plan Rows": 1, "Plan Width": 37, "Inner Unique": false, "Join Filter": "(t.id = mc.movie_id)", "Plans": [{"Node Type": "Nested Loop", "Parent Relationship": "Outer", "Join Type": "Inner", "Startup Cost": 723.87, "Total Cost": 3429.8, "Plan Rows": 1, "Plan Width": 25, "Inner Unique": true, "Plans": [{"Node Type": "Nested Loop", "Parent Relationship": "Outer", "Join Type": "Inner", "Startup Cost": 723.6, "Total Cost": 3288.12, "Plan Rows": 33, "Plan Width": 4, "Inner Unique": false, "Plans": [{"Node Type": "Bitmap Heap Scan", "Parent Relationship": "Outer", "Relation Name": "keyword", "Alias": "k", "Startup Cost": 719.1, "Total Cost": 3155.21, "Plan Rows": 1, "Plan Width": 4, "Filter": "((keyword)::text = 'sequel'::text)", "Plans": [{"Node Type": "Bitmap Index Scan", "Parent Relationship": "Outer", "Index Name": "keyword_pkey", "Startup Cost": 0.0, "Total Cost": 719.1, "Plan Rows": 134169, "Plan Width": 0}]}, {"Node Type": "Bitmap Heap Scan", "Parent Relationship": "Inner", "Relation Name": "movie_keyword", "Alias": "mk", "Startup Cost": 4.51, "Total Cost": 132.58, "Plan Rows": 33, "Plan Width": 8, "Recheck Cond": "(keyword_id = k.id)", "Plans": [{"Node Type": "Bitmap Index Scan", "Parent Relationship": "Outer", "Index Name": "keyword_id_movie_keyword", "Startup Cost": 0.0, "Total Cost": 4.5, "Plan Rows": 33, "Plan Width": 0, "Index Cond": "(keyword_id = k.id)"}]}]}, {"Node Type": "Bitmap Heap Scan", "Parent Relationship": "Inner", "Relation Name": "title", "Alias": "t", "Startup Cost": 0.27, "Total Cost": 4.28, "Plan Rows": 1, "Plan Width": 21, "Recheck Cond": "(id = mk.movie_id)", "Filter": "(((title)::text ~~ '%Money%'::text) AND (production_year = 1998))", "Plans": [{"Node Type": "Bitmap Index Scan", "Parent Relationship": "Outer", "Index Name": "title_pkey", "Startup Cost": 0.0, "Total Cost": 0.27, "Plan Rows": 1, "Plan Width": 0, "Index Cond": "(id = mk.movie_id)"}]}]}, {"Node Type": "Bitmap Heap Scan", "Parent Relationship": "Inner", "Relation Name": "movie_companies", "Alias": "mc", "Startup Cost": 0.27, "Total Cost": 4.3, "Plan Rows": 2, "Plan Width": 12, "Recheck Cond": "(movie_id = mk.movie_id)", "Filter": "(note IS NULL)", "Plans": [{"Node Type": "Bitmap Index Scan", "Parent Relationship": "Outer", "Index Name": "movie_id_movie_companies", "Startup Cost": 0.0, "Total Cost": 0.27, "Plan Rows": 2, "Plan Width": 0, "Index Cond": "(movie_id = mk.movie_id)"}]}]}, {"Node Type": "Bitmap Heap Scan", "Parent Relationship": "Inner", "Relation Name": "company_name", "Alias": "cn", "Startup Cost": 0.26, "Total Cost": 4.28, "Plan Rows": 1, "Plan Width": 23, "Recheck Cond": "(id = mc.company_id)", "Filter": "(((country_code)::text <> '[pl]'::text) AND (((name)::text ~~ '%Film%'::text) OR ((name)::text ~~ '%Warner%'::text)))", "Plans": [{"Node Type": "Bitmap Index Scan", "Parent Relationship": "Outer", "Index Name": "company_name_pkey", "Startup Cost": 0.0, "Total Cost": 0.26, "Plan Rows": 1, "Plan Width": 0, "Index Cond": "(id = mc.company_id)"}]}]}, {"Node Type": "Bitmap Heap Scan", "Parent Relationship": "Inner", "Relation Name": "company_type", "Alias": "ct", "Startup Cost": 0.26, "Total Cost": 4.27, "Plan Rows": 1, "Plan Width": 4, "Recheck Cond": "(id = mc.company_type_id)", "Filter": "((kind)::text = 'production companies'::text)", "Plans": [{"Node Type": "Bitmap Index Scan", "Parent Relationship": "Outer", "Index Name": "company_type_pkey", "Startup Cost": 0.0, "Total Cost": 0.26, "Plan Rows": 1, "Plan Width": 0, "Index Cond": "(id = mc.company_type_id)"}]}]}, {"Node Type": "Bitmap Heap Scan", "Parent Relationship": "Inner", "Relation Name": "movie_link", "Alias": "ml", "Startup Cost": 0.29, "Total Cost": 4.35, "Plan Rows": 5, "Plan Width": 8, "Recheck Cond": "(movie_id = mk.movie_id)", "Plans": [{"Node Type": "Bitmap Index Scan", "Parent Relationship": "Outer", "Index Name": "movie_id_movie_link", "Startup Cost": 0.0, "Total Cost": 0.29, "Plan Rows": 5, "Plan Width": 0, "Index Cond": "(movie_id = mk.movie_id)"}]}]}, {"Node Type": "Bitmap Heap Scan", "Parent Relationship": "Inner", "Relation Name": "link_type", "Alias": "lt", "Startup Cost": 0.26, "Total Cost": 4.27, "Plan Rows": 1, "Plan Width": 16, "Recheck Cond": "(id = ml.link_type_id)", "Filter": "((link)::text ~~ '%follows%'::text)", "Plans": [{"Node Type": "Bitmap Index Scan", "Parent Relationship": "Outer", "Index Name": "link_type_pkey", "Startup Cost": 0.0, "Total Cost": 0.26, "Plan Rows": 1, "Plan Width": 0, "Index Cond": "(id = ml.link_type_id)"}]}]}]}, "Unique SQL Id": 4121279504}, "explain_analyze_plan": {"Plan": {"Node Type": "Aggregate", "Strategy": "Plain", "Startup Cost": 3451.4, "Total Cost": 3451.41, "Plan Rows": 1, "Plan Width": 144, "Actual Startup Time": 152.6, "Actual Total Time": 152.601, "Actual Rows": 1, "Actual Loops": 1, "Plans": [{"Node Type": "Nested Loop", "Parent Relationship": "Outer", "Join Type": "Inner", "Startup Cost": 725.2, "Total Cost": 3451.4, "Plan Rows": 1, "Plan Width": 48, "Actual Startup Time": 152.588, "Actual Total Time": 152.588, "Actual Rows": 0, "Actual Loops": 1, "Inner Unique": true, "Plans": [{"Node Type": "Nested Loop", "Parent Relationship": "Outer", "Join Type": "Inner", "Startup Cost": 724.95, "Total Cost": 3447.11, "Plan Rows": 1, "Plan Width": 40, "Actual Startup Time": 18.148, "Actual Total Time": 152.437, "Actual Rows": 38, "Actual Loops": 1, "Inner Unique": false, "Join Filter": "(t.id = ml.movie_id)", "Rows Removed by Join Filter": 0, "Plans": [{"Node Type": "Nested Loop", "Parent Relationship": "Outer", "Join Type": "Inner", "Startup Cost": 724.66, "Total Cost": 3442.7, "Plan Rows": 1, "Plan Width": 48, "Actual Startup Time": 18.12, "Actual Total Time": 152.376, "Actual Rows": 2, "Actual Loops": 1, "Inner Unique": true, "Plans": [{"Node Type": "Nested Loop", "Parent Relationship": "Outer", "Join Type": "Inner", "Startup Cost": 724.4, "Total Cost": 3438.42, "Plan Rows": 1, "Plan Width": 52, "Actual Startup Time": 18.104, "Actual Total Time": 152.355, "Actual Rows": 2, "Actual Loops": 1, "Inner Unique": true, "Plans": [{"Node Type": "Nested Loop", "Parent Relationship": "Outer", "Join Type": "Inner", "Startup Cost": 724.14, "Total Cost": 3434.13, "Plan Rows": 1, "Plan Width": 37, "Actual Startup Time": 18.071, "Actual Total Time": 152.299, "Actual Rows": 3, "Actual Loops": 1, "Inner Unique": false, "Join Filter": "(t.id = mc.movie_id)", "Rows Removed by Join Filter": 0, "Plans": [{"Node Type": "Nested Loop", "Parent Relationship": "Outer", "Join Type": "Inner", "Startup Cost": 723.87, "Total Cost": 3429.8, "Plan Rows": 1, "Plan Width": 25, "Actual Startup Time": 18.038, "Actual Total Time": 152.263, "Actual Rows": 1, "Actual Loops": 1, "Inner Unique": true, "Plans": [{"Node Type": "Nested Loop", "Parent Relationship": "Outer", "Join Type": "Inner", "Startup Cost": 723.6, "Total Cost": 3288.12, "Plan Rows": 33, "Plan Width": 4, "Actual Startup Time": 17.628, "Actual Total Time": 80.585, "Actual Rows": 10544, "Actual Loops": 1, "Inner Unique": false, "Plans": [{"Node Type": "Bitmap Heap Scan", "Parent Relationship": "Outer", "Relation Name": "keyword", "Alias": "k", "Startup Cost": 719.1, "Total Cost": 3155.21, "Plan Rows": 1, "Plan Width": 4, "Actual Startup Time": 14.469, "Actual Total Time": 61.131, "Actual Rows": 1, "Actual Loops": 1, "Filter": "((keyword)::text = 'sequel'::text)", "Rows Removed by Filter": 134168, "Exact Heap Blocks": 759, "Lossy Heap Blocks": 759, "Plans": [{"Node Type": "Bitmap Index Scan", "Parent Relationship": "Outer", "Index Name": "keyword_pkey", "Startup Cost": 0.0, "Total Cost": 719.1, "Plan Rows": 134169, "Plan Width": 0, "Actual Startup Time": 11.259, "Actual Total Time": 11.259, "Actual Rows": 134169, "Actual Loops": 1}]}, {"Node Type": "Bitmap Heap Scan", "Parent Relationship": "Inner", "Relation Name": "movie_keyword", "Alias": "mk", "Startup Cost": 4.51, "Total Cost": 132.58, "Plan Rows": 33, "Plan Width": 8, "Actual Startup Time": 3.147, "Actual Total Time": 17.278, "Actual Rows": 10544, "Actual Loops": 1, "Recheck Cond": "(keyword_id = k.id)", "Rows Removed by Index Recheck": 0, "Exact Heap Blocks": 5090, "Lossy Heap Blocks": 5090, "Plans": [{"Node Type": "Bitmap Index Scan", "Parent Relationship": "Outer", "Index Name": "keyword_id_movie_keyword", "Startup Cost": 0.0, "Total Cost": 4.5, "Plan Rows": 33, "Plan Width": 0, "Actual Startup Time": 2.26, "Actual Total Time": 2.26, "Actual Rows": 10544, "Actual Loops": 1, "Index Cond": "(keyword_id = k.id)"}]}]}, {"Node Type": "Bitmap Heap Scan", "Parent Relationship": "Inner", "Relation Name": "title", "Alias": "t", "Startup Cost": 0.27, "Total Cost": 4.28, "Plan Rows": 1, "Plan Width": 21, "Actual Startup Time": 59.935, "Actual Total Time": 59.935, "Actual Rows": 1, "Actual Loops": 10544, "Recheck Cond": "(id = mk.movie_id)", "Rows Removed by Index Recheck": 0, "Filter": "(((title)::text ~~ '%Money%'::text) AND (production_year = 1998))", "Rows Removed by Filter": 10543, "Exact Heap Blocks": 10544, "Lossy Heap Blocks": 10544, "Plans": [{"Node Type": "Bitmap Index Scan", "Parent Relationship": "Outer", "Index Name": "title_pkey", "Startup Cost": 0.0, "Total Cost": 0.27, "Plan Rows": 1, "Plan Width": 0, "Actual Startup Time": 30.49, "Actual Total Time": 30.49, "Actual Rows": 10544, "Actual Loops": 10544, "Index Cond": "(id = mk.movie_id)"}]}]}, {"Node Type": "Bitmap Heap Scan", "Parent Relationship": "Inner", "Relation Name": "movie_companies", "Alias": "mc", "Startup Cost": 0.27, "Total Cost": 4.3, "Plan Rows": 2, "Plan Width": 12, "Actual Startup Time": 0.027, "Actual Total Time": 0.028, "Actual Rows": 3, "Actual Loops": 1, "Recheck Cond": "(movie_id = mk.movie_id)", "Rows Removed by Index Recheck": 0, "Filter": "(note IS NULL)", "Rows Removed by Filter": 1, "Exact Heap Blocks": 2, "Lossy Heap Blocks": 2, "Plans": [{"Node Type": "Bitmap Index Scan", "Parent Relationship": "Outer", "Index Name": "movie_id_movie_companies", "Startup Cost": 0.0, "Total Cost": 0.27, "Plan Rows": 2, "Plan Width": 0, "Actual Startup Time": 0.012, "Actual Total Time": 0.012, "Actual Rows": 4, "Actual Loops": 1, "Index Cond": "(movie_id = mk.movie_id)"}]}]}, {"Node Type": "Bitmap Heap Scan", "Parent Relationship": "Inner", "Relation Name": "company_name", "Alias": "cn", "Startup Cost": 0.26, "Total Cost": 4.28, "Plan Rows": 1, "Plan Width": 23, "Actual Startup Time": 0.047, "Actual Total Time": 0.047, "Actual Rows": 2, "Actual Loops": 3, "Recheck Cond": "(id = mc.company_id)", "Rows Removed by Index Recheck": 0, "Filter": "(((country_code)::text <> '[pl]'::text) AND (((name)::text ~~ '%Film%'::text) OR ((name)::text ~~ '%Warner%'::text)))", "Rows Removed by Filter": 1, "Exact Heap Blocks": 3, "Lossy Heap Blocks": 3, "Plans": [{"Node Type": "Bitmap Index Scan", "Parent Relationship": "Outer", "Index Name": "company_name_pkey", "Startup Cost": 0.0, "Total Cost": 0.26, "Plan Rows": 1, "Plan Width": 0, "Actual Startup Time": 0.02, "Actual Total Time": 0.02, "Actual Rows": 3, "Actual Loops": 3, "Index Cond": "(id = mc.company_id)"}]}]}, {"Node Type": "Bitmap Heap Scan", "Parent Relationship": "Inner", "Relation Name": "company_type", "Alias": "ct", "Startup Cost": 0.26, "Total Cost": 4.27, "Plan Rows": 1, "Plan Width": 4, "Actual Startup Time": 0.015, "Actual Total Time": 0.015, "Actual Rows": 2, "Actual Loops": 2, "Recheck Cond": "(id = mc.company_type_id)", "Rows Removed by Index Recheck": 0, "Filter": "((kind)::text = 'production companies'::text)", "Rows Removed by Filter": 0, "Exact Heap Blocks": 2, "Lossy Heap Blocks": 2, "Plans": [{"Node Type": "Bitmap Index Scan", "Parent Relationship": "Outer", "Index Name": "company_type_pkey", "Startup Cost": 0.0, "Total Cost": 0.26, "Plan Rows": 1, "Plan Width": 0, "Actual Startup Time": 0.004, "Actual Total Time": 0.004, "Actual Rows": 2, "Actual Loops": 2, "Index Cond": "(id = mc.company_type_id)"}]}]}, {"Node Type": "Bitmap Heap Scan", "Parent Relationship": "Inner", "Relation Name": "movie_link", "Alias": "ml", "Startup Cost": 0.29, "Total Cost": 4.35, "Plan Rows": 5, "Plan Width": 8, "Actual Startup Time": 0.027, "Actual Total Time": 0.031, "Actual Rows": 38, "Actual Loops": 2, "Recheck Cond": "(movie_id = mk.movie_id)", "Rows Removed by Index Recheck": 0, "Exact Heap Blocks": 2, "Lossy Heap Blocks": 2, "Plans": [{"Node Type": "Bitmap Index Scan", "Parent Relationship": "Outer", "Index Name": "movie_id_movie_link", "Startup Cost": 0.0, "Total Cost": 0.29, "Plan Rows": 5, "Plan Width": 0, "Actual Startup Time": 0.013, "Actual Total Time": 0.013, "Actual Rows": 38, "Actual Loops": 2, "Index Cond": "(movie_id = mk.movie_id)"}]}]}, {"Node Type": "Bitmap Heap Scan", "Parent Relationship": "Inner", "Relation Name": "link_type", "Alias": "lt", "Startup Cost": 0.26, "Total Cost": 4.27, "Plan Rows": 1, "Plan Width": 16, "Actual Startup Time": 0.11, "Actual Total Time": 0.11, "Actual Rows": 0, "Actual Loops": 38, "Recheck Cond": "(id = ml.link_type_id)", "Rows Removed by Index Recheck": 0, "Filter": "((link)::text ~~ '%follows%'::text)", "Rows Removed by Filter": 24, "Exact Heap Blocks": 24, "Lossy Heap Blocks": 24, "Plans": [{"Node Type": "Bitmap Index Scan", "Parent Relationship": "Outer", "Index Name": "link_type_pkey", "Startup Cost": 0.0, "Total Cost": 0.26, "Plan Rows": 1, "Plan Width": 0, "Actual Startup Time": 0.037, "Actual Total Time": 0.037, "Actual Rows": 24, "Actual Loops": 38, "Index Cond": "(id = ml.link_type_id)"}]}]}]}, "Triggers": [], "Planner Runtime": 60.8, "Total Runtime": 153.166, "Unique SQL Id": 4121279504}}, "(16, 40)": {"explain_plan": {"Plan": {"Node Type": "Aggregate", "Strategy": "Plain", "Startup Cost": 2585.63, "Total Cost": 2585.64, "Plan Rows": 1, "Plan Width": 144, "Plans": [{"Node Type": "Nested Loop", "Parent Relationship": "Outer", "Join Type": "Inner", "Startup Cost": 0.0, "Total Cost": 2585.62, "Plan Rows": 1, "Plan Width": 48, "Inner Unique": true, "Plans": [{"Node Type": "Nested Loop", "Parent Relationship": "Outer", "Join Type": "Inner", "Startup Cost": 0.0, "Total Cost": 2585.34, "Plan Rows": 1, "Plan Width": 40, "Inner Unique": false, "Join Filter": "(t.id = ml.movie_id)", "Plans": [{"Node Type": "Nested Loop", "Parent Relationship": "Outer", "Join Type": "Inner", "Startup Cost": 0.0, "Total Cost": 2584.93, "Plan Rows": 1, "Plan Width": 48, "Inner Unique": true, "Plans": [{"Node Type": "Nested Loop", "Parent Relationship": "Outer", "Join Type": "Inner", "Startup Cost": 0.0, "Total Cost": 2584.64, "Plan Rows": 1, "Plan Width": 52, "Inner Unique": true, "Plans": [{"Node Type": "Nested Loop", "Parent Relationship": "Outer", "Join Type": "Inner", "Startup Cost": 0.0, "Total Cost": 2584.35, "Plan Rows": 1, "Plan Width": 37, "Inner Unique": false, "Join Filter": "(t.id = mc.movie_id)", "Plans": [{"Node Type": "Nested Loop", "Parent Relationship": "Outer", "Join Type": "Inner", "Startup Cost": 0.0, "Total Cost": 2584.01, "Plan Rows": 1, "Plan Width": 25, "Inner Unique": true, "Plans": [{"Node Type": "Nested Loop", "Parent Relationship": "Outer", "Join Type": "Inner", "Startup Cost": 0.0, "Total Cost": 2573.32, "Plan Rows": 33, "Plan Width": 4, "Inner Unique": false, "Plans": [{"Node Type": "Seq Scan", "Parent Relationship": "Outer", "Relation Name": "keyword", "Alias": "k", "Startup Cost": 0.0, "Total Cost": 2436.11, "Plan Rows": 1, "Plan Width": 4, "Filter": "((keyword)::text = 'sequel'::text)"}, {"Node Type": "Index Scan", "Parent Relationship": "Inner", "Scan Direction": "Forward", "Index Name": "keyword_id_movie_keyword", "Relation Name": "movie_keyword", "Alias": "mk", "Startup Cost": 0.0, "Total Cost": 136.88, "Plan Rows": 33, "Plan Width": 8, "Index Cond": "(keyword_id = k.id)"}]}, {"Node Type": "Index Scan", "Parent Relationship": "Inner", "Scan Direction": "Forward", "Index Name": "title_pkey", "Relation Name": "title", "Alias": "t", "Startup Cost": 0.0, "Total Cost": 0.31, "Plan Rows": 1, "Plan Width": 21, "Index Cond": "(id = mk.movie_id)", "Filter": "(((title)::text ~~ '%Money%'::text) AND (production_year = 1998))"}]}, {"Node Type": "Index Scan", "Parent Relationship": "Inner", "Scan Direction": "Forward", "Index Name": "movie_id_movie_companies", "Relation Name": "movie_companies", "Alias": "mc", "Startup Cost": 0.0, "Total Cost": 0.31, "Plan Rows": 2, "Plan Width": 12, "Index Cond": "(movie_id = mk.movie_id)", "Filter": "(note IS NULL)"}]}, {"Node Type": "Index Scan", "Parent Relationship": "Inner", "Scan Direction": "Forward", "Index Name": "company_name_pkey", "Relation Name": "company_name", "Alias": "cn", "Startup Cost": 0.0, "Total Cost": 0.29, "Plan Rows": 1, "Plan Width": 23, "Index Cond": "(id = mc.company_id)", "Filter": "(((country_code)::text <> '[pl]'::text) AND (((name)::text ~~ '%Film%'::text) OR ((name)::text ~~ '%Warner%'::text)))"}]}, {"Node Type": "Index Scan", "Parent Relationship": "Inner", "Scan Direction": "Forward", "Index Name": "company_type_pkey", "Relation Name": "company_type", "Alias": "ct", "Startup Cost": 0.0, "Total Cost": 0.27, "Plan Rows": 1, "Plan Width": 4, "Index Cond": "(id = mc.company_type_id)", "Filter": "((kind)::text = 'production companies'::text)"}]}, {"Node Type": "Index Scan", "Parent Relationship": "Inner", "Scan Direction": "Forward", "Index Name": "movie_id_movie_link", "Relation Name": "movie_link", "Alias": "ml", "Startup Cost": 0.0, "Total Cost": 0.35, "Plan Rows": 5, "Plan Width": 8, "Index Cond": "(movie_id = mk.movie_id)"}]}, {"Node Type": "Index Scan", "Parent Relationship": "Inner", "Scan Direction": "Forward", "Index Name": "link_type_pkey", "Relation Name": "link_type", "Alias": "lt", "Startup Cost": 0.0, "Total Cost": 0.27, "Plan Rows": 1, "Plan Width": 16, "Index Cond": "(id = ml.link_type_id)", "Filter": "((link)::text ~~ '%follows%'::text)"}]}]}, "Unique SQL Id": 4121279504}, "explain_analyze_plan": {"Plan": {"Node Type": "Aggregate", "Strategy": "Plain", "Startup Cost": 2585.63, "Total Cost": 2585.64, "Plan Rows": 1, "Plan Width": 144, "Actual Startup Time": 103.307, "Actual Total Time": 103.307, "Actual Rows": 1, "Actual Loops": 1, "Plans": [{"Node Type": "Nested Loop", "Parent Relationship": "Outer", "Join Type": "Inner", "Startup Cost": 0.0, "Total Cost": 2585.62, "Plan Rows": 1, "Plan Width": 48, "Actual Startup Time": 103.297, "Actual Total Time": 103.297, "Actual Rows": 0, "Actual Loops": 1, "Inner Unique": true, "Plans": [{"Node Type": "Nested Loop", "Parent Relationship": "Outer", "Join Type": "Inner", "Startup Cost": 0.0, "Total Cost": 2585.34, "Plan Rows": 1, "Plan Width": 40, "Actual Startup Time": 2.639, "Actual Total Time": 103.212, "Actual Rows": 38, "Actual Loops": 1, "Inner Unique": false, "Join Filter": "(t.id = ml.movie_id)", "Rows Removed by Join Filter": 0, "Plans": [{"Node Type": "Nested Loop", "Parent Relationship": "Outer", "Join Type": "Inner", "Startup Cost": 0.0, "Total Cost": 2584.93, "Plan Rows": 1, "Plan Width": 48, "Actual Startup Time": 2.628, "Actual Total Time": 103.169, "Actual Rows": 2, "Actual Loops": 1, "Inner Unique": true, "Plans": [{"Node Type": "Nested Loop", "Parent Relationship": "Outer", "Join Type": "Inner", "Startup Cost": 0.0, "Total Cost": 2584.64, "Plan Rows": 1, "Plan Width": 52, "Actual Startup Time": 2.62, "Actual Total Time": 103.156, "Actual Rows": 2, "Actual Loops": 1, "Inner Unique": true, "Plans": [{"Node Type": "Nested Loop", "Parent Relationship": "Outer", "Join Type": "Inner", "Startup Cost": 0.0, "Total Cost": 2584.35, "Plan Rows": 1, "Plan Width": 37, "Actual Startup Time": 2.606, "Actual Total Time": 103.125, "Actual Rows": 3, "Actual Loops": 1, "Inner Unique": false, "Join Filter": "(t.id = mc.movie_id)", "Rows Removed by Join Filter": 0, "Plans": [{"Node Type": "Nested Loop", "Parent Relationship": "Outer", "Join Type": "Inner", "Startup Cost": 0.0, "Total Cost": 2584.01, "Plan Rows": 1, "Plan Width": 25, "Actual Startup Time": 2.585, "Actual Total Time": 103.101, "Actual Rows": 1, "Actual Loops": 1, "Inner Unique": true, "Plans": [{"Node Type": "Nested Loop", "Parent Relationship": "Outer", "Join Type": "Inner", "Startup Cost": 0.0, "Total Cost": 2573.32, "Plan Rows": 33, "Plan Width": 4, "Actual Startup Time": 2.346, "Actual Total Time": 53.642, "Actual Rows": 10544, "Actual Loops": 1, "Inner Unique": false, "Plans": [{"Node Type": "Seq Scan", "Parent Relationship": "Outer", "Relation Name": "keyword", "Alias": "k", "Startup Cost": 0.0, "Total Cost": 2436.11, "Plan Rows": 1, "Plan Width": 4, "Actual Startup Time": 2.306, "Actual Total Time": 40.515, "Actual Rows": 1, "Actual Loops": 1, "Filter": "((keyword)::text = 'sequel'::text)", "Rows Removed by Filter": 134168}, {"Node Type": "Index Scan", "Parent Relationship": "Inner", "Scan Direction": "Forward", "Index Name": "keyword_id_movie_keyword", "Relation Name": "movie_keyword", "Alias": "mk", "Startup Cost": 0.0, "Total Cost": 136.88, "Plan Rows": 33, "Plan Width": 8, "Actual Startup Time": 0.034, "Actual Total Time": 10.877, "Actual Rows": 10544, "Actual Loops": 1, "Index Cond": "(keyword_id = k.id)", "Rows Removed by Index Recheck": 0}]}, {"Node Type": "Index Scan", "Parent Relationship": "Inner", "Scan Direction": "Forward", "Index Name": "title_pkey", "Relation Name": "title", "Alias": "t", "Startup Cost": 0.0, "Total Cost": 0.31, "Plan Rows": 1, "Plan Width": 21, "Actual Startup Time": 44.242, "Actual Total Time": 44.242, "Actual Rows": 1, "Actual Loops": 10544, "Index Cond": "(id = mk.movie_id)", "Rows Removed by Index Recheck": 0, "Filter": "(((title)::text ~~ '%Money%'::text) AND (production_year = 1998))", "Rows Removed by Filter": 10543}]}, {"Node Type": "Index Scan", "Parent Relationship": "Inner", "Scan Direction": "Forward", "Index Name": "movie_id_movie_companies", "Relation Name": "movie_companies", "Alias": "mc", "Startup Cost": 0.0, "Total Cost": 0.31, "Plan Rows": 2, "Plan Width": 12, "Actual Startup Time": 0.011, "Actual Total Time": 0.013, "Actual Rows": 3, "Actual Loops": 1, "Index Cond": "(movie_id = mk.movie_id)", "Rows Removed by Index Recheck": 0, "Filter": "(note IS NULL)", "Rows Removed by Filter": 1}]}, {"Node Type": "Index Scan", "Parent Relationship": "Inner", "Scan Direction": "Forward", "Index Name": "company_name_pkey", "Relation Name": "company_name", "Alias": "cn", "Startup Cost": 0.0, "Total Cost": 0.29, "Plan Rows": 1, "Plan Width": 23, "Actual Startup Time": 0.026, "Actual Total Time": 0.026, "Actual Rows": 2, "Actual Loops": 3, "Index Cond": "(id = mc.company_id)", "Rows Removed by Index Recheck": 0, "Filter": "(((country_code)::text <> '[pl]'::text) AND (((name)::text ~~ '%Film%'::text) OR ((name)::text ~~ '%Warner%'::text)))", "Rows Removed by Filter": 1}]}, {"Node Type": "Index Scan", "Parent Relationship": "Inner", "Scan Direction": "Forward", "Index Name": "company_type_pkey", "Relation Name": "company_type", "Alias": "ct", "Startup Cost": 0.0, "Total Cost": 0.27, "Plan Rows": 1, "Plan Width": 4, "Actual Startup Time": 0.008, "Actual Total Time": 0.008, "Actual Rows": 2, "Actual Loops": 2, "Index Cond": "(id = mc.company_type_id)", "Rows Removed by Index Recheck": 0, "Filter": "((kind)::text = 'production companies'::text)", "Rows Removed by Filter": 0}]}, {"Node Type": "Index Scan", "Parent Relationship": "Inner", "Scan Direction": "Forward", "Index Name": "movie_id_movie_link", "Relation Name": "movie_link", "Alias": "ml", "Startup Cost": 0.0, "Total Cost": 0.35, "Plan Rows": 5, "Plan Width": 8, "Actual Startup Time": 0.012, "Actual Total Time": 0.025, "Actual Rows": 38, "Actual Loops": 2, "Index Cond": "(movie_id = mk.movie_id)", "Rows Removed by Index Recheck": 0}]}, {"Node Type": "Index Scan", "Parent Relationship": "Inner", "Scan Direction": "Forward", "Index Name": "link_type_pkey", "Relation Name": "link_type", "Alias": "lt", "Startup Cost": 0.0, "Total Cost": 0.27, "Plan Rows": 1, "Plan Width": 16, "Actual Startup Time": 0.065, "Actual Total Time": 0.065, "Actual Rows": 0, "Actual Loops": 38, "Index Cond": "(id = ml.link_type_id)", "Rows Removed by Index Recheck": 0, "Filter": "((link)::text ~~ '%follows%'::text)", "Rows Removed by Filter": 24}]}]}, "Triggers": [], "Planner Runtime": 83.831, "Total Runtime": 103.68, "Unique SQL Id": 4121279504}}, "(16, 41)": {"explain_plan": {"Plan": {"Node Type": "Aggregate", "Strategy": "Plain", "Startup Cost": 3332.23, "Total Cost": 3332.24, "Plan Rows": 1, "Plan Width": 144, "Plans": [{"Node Type": "Nested Loop", "Parent Relationship": "Outer", "Join Type": "Inner", "Startup Cost": 0.0, "Total Cost": 3332.23, "Plan Rows": 1, "Plan Width": 48, "Inner Unique": true, "Plans": [{"Node Type": "Nested Loop", "Parent Relationship": "Outer", "Join Type": "Inner", "Startup Cost": 0.0, "Total Cost": 3331.94, "Plan Rows": 1, "Plan Width": 40, "Inner Unique": false, "Join Filter": "(t.id = ml.movie_id)", "Plans": [{"Node Type": "Nested Loop", "Parent Relationship": "Outer", "Join Type": "Inner", "Startup Cost": 0.0, "Total Cost": 3331.53, "Plan Rows": 1, "Plan Width": 48, "Inner Unique": true, "Plans": [{"Node Type": "Nested Loop", "Parent Relationship": "Outer", "Join Type": "Inner", "Startup Cost": 0.0, "Total Cost": 3331.25, "Plan Rows": 1, "Plan Width": 52, "Inner Unique": true, "Plans": [{"Node Type": "Nested Loop", "Parent Relationship": "Outer", "Join Type": "Inner", "Startup Cost": 0.0, "Total Cost": 3330.95, "Plan Rows": 1, "Plan Width": 37, "Inner Unique": false, "Join Filter": "(t.id = mc.movie_id)", "Plans": [{"Node Type": "Nested Loop", "Parent Relationship": "Outer", "Join Type": "Inner", "Startup Cost": 0.0, "Total Cost": 3330.61, "Plan Rows": 1, "Plan Width": 25, "Inner Unique": true, "Plans": [{"Node Type": "Nested Loop", "Parent Relationship": "Outer", "Join Type": "Inner", "Startup Cost": 0.0, "Total Cost": 3319.92, "Plan Rows": 33, "Plan Width": 4, "Inner Unique": false, "Plans": [{"Node Type": "Index Scan", "Parent Relationship": "Outer", "Scan Direction": "Forward", "Index Name": "keyword_pkey", "Relation Name": "keyword", "Alias": "k", "Startup Cost": 0.0, "Total Cost": 3182.72, "Plan Rows": 1, "Plan Width": 4, "Filter": "((keyword)::text = 'sequel'::text)"}, {"Node Type": "Index Scan", "Parent Relationship": "Inner", "Scan Direction": "Forward", "Index Name": "keyword_id_movie_keyword", "Relation Name": "movie_keyword", "Alias": "mk", "Startup Cost": 0.0, "Total Cost": 136.88, "Plan Rows": 33, "Plan Width": 8, "Index Cond": "(keyword_id = k.id)"}]}, {"Node Type": "Index Scan", "Parent Relationship": "Inner", "Scan Direction": "Forward", "Index Name": "title_pkey", "Relation Name": "title", "Alias": "t", "Startup Cost": 0.0, "Total Cost": 0.31, "Plan Rows": 1, "Plan Width": 21, "Index Cond": "(id = mk.movie_id)", "Filter": "(((title)::text ~~ '%Money%'::text) AND (production_year = 1998))"}]}, {"Node Type": "Index Scan", "Parent Relationship": "Inner", "Scan Direction": "Forward", "Index Name": "movie_id_movie_companies", "Relation Name": "movie_companies", "Alias": "mc", "Startup Cost": 0.0, "Total Cost": 0.31, "Plan Rows": 2, "Plan Width": 12, "Index Cond": "(movie_id = mk.movie_id)", "Filter": "(note IS NULL)"}]}, {"Node Type": "Index Scan", "Parent Relationship": "Inner", "Scan Direction": "Forward", "Index Name": "company_name_pkey", "Relation Name": "company_name", "Alias": "cn", "Startup Cost": 0.0, "Total Cost": 0.29, "Plan Rows": 1, "Plan Width": 23, "Index Cond": "(id = mc.company_id)", "Filter": "(((country_code)::text <> '[pl]'::text) AND (((name)::text ~~ '%Film%'::text) OR ((name)::text ~~ '%Warner%'::text)))"}]}, {"Node Type": "Index Scan", "Parent Relationship": "Inner", "Scan Direction": "Forward", "Index Name": "company_type_pkey", "Relation Name": "company_type", "Alias": "ct", "Startup Cost": 0.0, "Total Cost": 0.27, "Plan Rows": 1, "Plan Width": 4, "Index Cond": "(id = mc.company_type_id)", "Filter": "((kind)::text = 'production companies'::text)"}]}, {"Node Type": "Index Scan", "Parent Relationship": "Inner", "Scan Direction": "Forward", "Index Name": "movie_id_movie_link", "Relation Name": "movie_link", "Alias": "ml", "Startup Cost": 0.0, "Total Cost": 0.35, "Plan Rows": 5, "Plan Width": 8, "Index Cond": "(movie_id = mk.movie_id)"}]}, {"Node Type": "Index Scan", "Parent Relationship": "Inner", "Scan Direction": "Forward", "Index Name": "link_type_pkey", "Relation Name": "link_type", "Alias": "lt", "Startup Cost": 0.0, "Total Cost": 0.27, "Plan Rows": 1, "Plan Width": 16, "Index Cond": "(id = ml.link_type_id)", "Filter": "((link)::text ~~ '%follows%'::text)"}]}]}, "Unique SQL Id": 4121279504}, "explain_analyze_plan": {"Plan": {"Node Type": "Aggregate", "Strategy": "Plain", "Startup Cost": 3332.23, "Total Cost": 3332.24, "Plan Rows": 1, "Plan Width": 144, "Actual Startup Time": 178.629, "Actual Total Time": 178.63, "Actual Rows": 1, "Actual Loops": 1, "Plans": [{"Node Type": "Nested Loop", "Parent Relationship": "Outer", "Join Type": "Inner", "Startup Cost": 0.0, "Total Cost": 3332.23, "Plan Rows": 1, "Plan Width": 48, "Actual Startup Time": 178.619, "Actual Total Time": 178.619, "Actual Rows": 0, "Actual Loops": 1, "Inner Unique": true, "Plans": [{"Node Type": "Nested Loop", "Parent Relationship": "Outer", "Join Type": "Inner", "Startup Cost": 0.0, "Total Cost": 3331.94, "Plan Rows": 1, "Plan Width": 40, "Actual Startup Time": 0.759, "Actual Total Time": 178.535, "Actual Rows": 38, "Actual Loops": 1, "Inner Unique": false, "Join Filter": "(t.id = ml.movie_id)", "Rows Removed by Join Filter": 0, "Plans": [{"Node Type": "Nested Loop", "Parent Relationship": "Outer", "Join Type": "Inner", "Startup Cost": 0.0, "Total Cost": 3331.53, "Plan Rows": 1, "Plan Width": 48, "Actual Startup Time": 0.75, "Actual Total Time": 178.493, "Actual Rows": 2, "Actual Loops": 1, "Inner Unique": true, "Plans": [{"Node Type": "Nested Loop", "Parent Relationship": "Outer", "Join Type": "Inner", "Startup Cost": 0.0, "Total Cost": 3331.25, "Plan Rows": 1, "Plan Width": 52, "Actual Startup Time": 0.743, "Actual Total Time": 178.481, "Actual Rows": 2, "Actual Loops": 1, "Inner Unique": true, "Plans": [{"Node Type": "Nested Loop", "Parent Relationship": "Outer", "Join Type": "Inner", "Startup Cost": 0.0, "Total Cost": 3330.95, "Plan Rows": 1, "Plan Width": 37, "Actual Startup Time": 0.723, "Actual Total Time": 178.447, "Actual Rows": 3, "Actual Loops": 1, "Inner Unique": false, "Join Filter": "(t.id = mc.movie_id)", "Rows Removed by Join Filter": 0, "Plans": [{"Node Type": "Nested Loop", "Parent Relationship": "Outer", "Join Type": "Inner", "Startup Cost": 0.0, "Total Cost": 3330.61, "Plan Rows": 1, "Plan Width": 25, "Actual Startup Time": 0.709, "Actual Total Time": 178.428, "Actual Rows": 1, "Actual Loops": 1, "Inner Unique": true, "Plans": [{"Node Type": "Nested Loop", "Parent Relationship": "Outer", "Join Type": "Inner", "Startup Cost": 0.0, "Total Cost": 3319.92, "Plan Rows": 33, "Plan Width": 4, "Actual Startup Time": 0.479, "Actual Total Time": 127.522, "Actual Rows": 10544, "Actual Loops": 1, "Inner Unique": false, "Plans": [{"Node Type": "Index Scan", "Parent Relationship": "Outer", "Scan Direction": "Forward", "Index Name": "keyword_pkey", "Relation Name": "keyword", "Alias": "k", "Startup Cost": 0.0, "Total Cost": 3182.72, "Plan Rows": 1, "Plan Width": 4, "Actual Startup Time": 0.446, "Actual Total Time": 114.274, "Actual Rows": 1, "Actual Loops": 1, "Filter": "((keyword)::text = 'sequel'::text)", "Rows Removed by Filter": 134168}, {"Node Type": "Index Scan", "Parent Relationship": "Inner", "Scan Direction": "Forward", "Index Name": "keyword_id_movie_keyword", "Relation Name": "movie_keyword", "Alias": "mk", "Startup Cost": 0.0, "Total Cost": 136.88, "Plan Rows": 33, "Plan Width": 8, "Actual Startup Time": 0.026, "Actual Total Time": 10.894, "Actual Rows": 10544, "Actual Loops": 1, "Index Cond": "(keyword_id = k.id)", "Rows Removed by Index Recheck": 0}]}, {"Node Type": "Index Scan", "Parent Relationship": "Inner", "Scan Direction": "Forward", "Index Name": "title_pkey", "Relation Name": "title", "Alias": "t", "Startup Cost": 0.0, "Total Cost": 0.31, "Plan Rows": 1, "Plan Width": 21, "Actual Startup Time": 45.684, "Actual Total Time": 45.684, "Actual Rows": 1, "Actual Loops": 10544, "Index Cond": "(id = mk.movie_id)", "Rows Removed by Index Recheck": 0, "Filter": "(((title)::text ~~ '%Money%'::text) AND (production_year = 1998))", "Rows Removed by Filter": 10543}]}, {"Node Type": "Index Scan", "Parent Relationship": "Inner", "Scan Direction": "Forward", "Index Name": "movie_id_movie_companies", "Relation Name": "movie_companies", "Alias": "mc", "Startup Cost": 0.0, "Total Cost": 0.31, "Plan Rows": 2, "Plan Width": 12, "Actual Startup Time": 0.011, "Actual Total Time": 0.012, "Actual Rows": 3, "Actual Loops": 1, "Index Cond": "(movie_id = mk.movie_id)", "Rows Removed by Index Recheck": 0, "Filter": "(note IS NULL)", "Rows Removed by Filter": 1}]}, {"Node Type": "Index Scan", "Parent Relationship": "Inner", "Scan Direction": "Forward", "Index Name": "company_name_pkey", "Relation Name": "company_name", "Alias": "cn", "Startup Cost": 0.0, "Total Cost": 0.29, "Plan Rows": 1, "Plan Width": 23, "Actual Startup Time": 0.031, "Actual Total Time": 0.031, "Actual Rows": 2, "Actual Loops": 3, "Index Cond": "(id = mc.company_id)", "Rows Removed by Index Recheck": 0, "Filter": "(((country_code)::text <> '[pl]'::text) AND (((name)::text ~~ '%Film%'::text) OR ((name)::text ~~ '%Warner%'::text)))", "Rows Removed by Filter": 1}]}, {"Node Type": "Index Scan", "Parent Relationship": "Inner", "Scan Direction": "Forward", "Index Name": "company_type_pkey", "Relation Name": "company_type", "Alias": "ct", "Startup Cost": 0.0, "Total Cost": 0.27, "Plan Rows": 1, "Plan Width": 4, "Actual Startup Time": 0.007, "Actual Total Time": 0.007, "Actual Rows": 2, "Actual Loops": 2, "Index Cond": "(id = mc.company_type_id)", "Rows Removed by Index Recheck": 0, "Filter": "((kind)::text = 'production companies'::text)", "Rows Removed by Filter": 0}]}, {"Node Type": "Index Scan", "Parent Relationship": "Inner", "Scan Direction": "Forward", "Index Name": "movie_id_movie_link", "Relation Name": "movie_link", "Alias": "ml", "Startup Cost": 0.0, "Total Cost": 0.35, "Plan Rows": 5, "Plan Width": 8, "Actual Startup Time": 0.011, "Actual Total Time": 0.023, "Actual Rows": 38, "Actual Loops": 2, "Index Cond": "(movie_id = mk.movie_id)", "Rows Removed by Index Recheck": 0}]}, {"Node Type": "Index Scan", "Parent Relationship": "Inner", "Scan Direction": "Forward", "Index Name": "link_type_pkey", "Relation Name": "link_type", "Alias": "lt", "Startup Cost": 0.0, "Total Cost": 0.27, "Plan Rows": 1, "Plan Width": 16, "Actual Startup Time": 0.062, "Actual Total Time": 0.062, "Actual Rows": 0, "Actual Loops": 38, "Index Cond": "(id = ml.link_type_id)", "Rows Removed by Index Recheck": 0, "Filter": "((link)::text ~~ '%follows%'::text)", "Rows Removed by Filter": 24}]}]}, "Triggers": [], "Planner Runtime": 72.754, "Total Runtime": 179.024, "Unique SQL Id": 4121279504}}, "(16, 42)": {"explain_plan": {"Plan": {"Node Type": "Aggregate", "Strategy": "Plain", "Startup Cost": 97758.44, "Total Cost": 97758.45, "Plan Rows": 1, "Plan Width": 144, "Plans": [{"Node Type": "Nested Loop", "Parent Relationship": "Outer", "Join Type": "Inner", "Startup Cost": 60329.07, "Total Cost": 97758.43, "Plan Rows": 1, "Plan Width": 48, "Inner Unique": false, "Join Filter": "(t.id = ml.movie_id)", "Plans": [{"Node Type": "Hash Join", "Parent Relationship": "Outer", "Join Type": "Inner", "Startup Cost": 17986.02, "Total Cost": 37599.91, "Plan Rows": 10, "Plan Width": 20, "Inner Unique": false, "Hash Cond": "(mk.movie_id = ml.movie_id)", "Plans": [{"Node Type": "Streaming(type: LOCAL GATHER dop: 1/16)", "Parent Relationship": "Outer", "Startup Cost": 17436.47, "Total Cost": 37048.41, "Plan Rows": 33, "Plan Width": 4, "Plans": [{"Node Type": "Hash Join", "Parent Relationship": "Outer", "Join Type": "Inner", "Startup Cost": 17436.47, "Total Cost": 37047.7, "Plan Rows": 33, "Plan Width": 4, "Inner Unique": true, "Hash Cond": "(mk.keyword_id = k.id)", "Plans": [{"Node Type": "Seq Scan", "Parent Relationship": "Outer", "Relation Name": "movie_keyword", "Alias": "mk", "Startup Cost": 0.0, "Total Cost": 18902.58, "Plan Rows": 4523929, "Plan Width": 8}, {"Node Type": "Hash", "Parent Relationship": "Inner", "Startup Cost": 17436.46, "Total Cost": 17436.46, "Plan Rows": 16, "Plan Width": 4, "Plans": [{"Node Type": "Streaming(type: BROADCAST dop: 16/1)", "Parent Relationship": "Outer", "Startup Cost": 0.0, "Total Cost": 17436.46, "Plan Rows": 16, "Plan Width": 4, "Plans": [{"Node Type": "Seq Scan", "Parent Relationship": "Outer", "Relation Name": "keyword", "Alias": "k", "Startup Cost": 0.0, "Total Cost": 2436.11, "Plan Rows": 1, "Plan Width": 4, "Filter": "((keyword)::text = 'sequel'::text)"}]}]}]}]}, {"Node Type": "Hash", "Parent Relationship": "Inner", "Startup Cost": 526.11, "Total Cost": 526.11, "Plan Rows": 1875, "Plan Width": 16, "Plans": [{"Node Type": "Hash Join", "Parent Relationship": "Outer", "Join Type": "Inner", "Startup Cost": 1.22, "Total Cost": 526.11, "Plan Rows": 1875, "Plan Width": 16, "Inner Unique": true, "Hash Cond": "(ml.link_type_id = lt.id)", "Plans": [{"Node Type": "Seq Scan", "Parent Relationship": "Outer", "Relation Name": "movie_link", "Alias": "ml", "Startup Cost": 0.0, "Total Cost": 430.96, "Plan Rows": 29996, "Plan Width": 8}, {"Node Type": "Hash", "Parent Relationship": "Inner", "Startup Cost": 1.21, "Total Cost": 1.21, "Plan Rows": 1, "Plan Width": 16, "Plans": [{"Node Type": "Seq Scan", "Parent Relationship": "Outer", "Relation Name": "link_type", "Alias": "lt", "Startup Cost": 0.0, "Total Cost": 1.21, "Plan Rows": 1, "Plan Width": 16, "Filter": "((link)::text ~~ '%follows%'::text)"}]}]}]}]}, {"Node Type": "Materialize", "Parent Relationship": "Inner", "Startup Cost": 42343.05, "Total Cost": 60158.22, "Plan Rows": 2, "Plan Width": 44, "Plans": [{"Node Type": "Nested Loop", "Parent Relationship": "Outer", "Join Type": "Inner", "Startup Cost": 42343.05, "Total Cost": 60158.21, "Plan Rows": 2, "Plan Width": 44, "Inner Unique": false, "Join Filter": "(mc.company_type_id = ct.id)", "Plans": [{"Node Type": "Seq Scan", "Parent Relationship": "Outer", "Relation Name": "company_type", "Alias": "ct", "Startup Cost": 0.0, "Total Cost": 1.04, "Plan Rows": 1, "Plan Width": 4, "Filter": "((kind)::text = 'production companies'::text)"}, {"Node Type": "Materialize", "Parent Relationship": "Inner", "Startup Cost": 42343.05, "Total Cost": 60157.15, "Plan Rows": 2, "Plan Width": 48, "Plans": [{"Node Type": "Hash Join", "Parent Relationship": "Outer", "Join Type": "Inner", "Startup Cost": 42343.05, "Total Cost": 60157.15, "Plan Rows": 2, "Plan Width": 48, "Inner Unique": true, "Hash Cond": "(mc.company_id = cn.id)", "Plans": [{"Node Type": "Streaming(type: LOCAL GATHER dop: 1/16)", "Parent Relationship": "Outer", "Startup Cost": 34544.63, "Total Cost": 52358.69, "Plan Rows": 6, "Plan Width": 33, "Plans": [{"Node Type": "Hash Join", "Parent Relationship": "Outer", "Join Type": "Inner", "Startup Cost": 34544.63, "Total Cost": 52358.56, "Plan Rows": 6, "Plan Width": 33, "Inner Unique": true, "Hash Cond": "(mc.movie_id = t.id)", "Plans": [{"Node Type": "Seq Scan", "Parent Relationship": "Outer", "Relation Name": "movie_companies", "Alias": "mc", "Startup Cost": 0.0, "Total Cost": 17613.58, "Plan Rows": 1269486, "Plan Width": 12, "Filter": "(note IS NULL), (LLVM Optimized)"}, {"Node Type": "Hash", "Parent Relationship": "Inner", "Startup Cost": 34544.58, "Total Cost": 34544.58, "Plan Rows": 64, "Plan Width": 21, "Plans": [{"Node Type": "Streaming(type: BROADCAST dop: 16/16)", "Parent Relationship": "Outer", "Startup Cost": 0.0, "Total Cost": 34544.58, "Plan Rows": 64, "Plan Width": 21, "Plans": [{"Node Type": "Seq Scan", "Parent Relationship": "Outer", "Relation Name": "title", "Alias": "t", "Startup Cost": 0.0, "Total Cost": 19544.42, "Plan Rows": 4, "Plan Width": 21, "Filter": "(((title)::text ~~ '%Money%'::text) AND (production_year = 1998))"}]}]}]}]}, {"Node Type": "Hash", "Parent Relationship": "Inner", "Startup Cost": 7078.43, "Total Cost": 7078.43, "Plan Rows": 57599, "Plan Width": 23, "Plans": [{"Node Type": "Seq Scan", "Parent Relationship": "Outer", "Relation Name": "company_name", "Alias": "cn", "Startup Cost": 0.0, "Total Cost": 7078.43, "Plan Rows": 57599, "Plan Width": 23, "Filter": "(((country_code)::text <> '[pl]'::text) AND (((name)::text ~~ '%Film%'::text) OR ((name)::text ~~ '%Warner%'::text)))"}]}]}]}]}]}]}]}, "Unique SQL Id": 4121279504}, "explain_analyze_plan": {"Plan": {"Node Type": "Aggregate", "Strategy": "Plain", "Startup Cost": 97758.44, "Total Cost": 97758.45, "Plan Rows": 1, "Plan Width": 144, "Actual Min Startup Time": 199.043, "Actual Max Startup Time": 199.043, "Actual Min Total Time": 199.044, "Actual Max Total Time": 199.044, "Actual Total Rows": 1, "Plans": [{"Node Type": "Nested Loop", "Parent Relationship": "Outer", "Join Type": "Inner", "Startup Cost": 60329.07, "Total Cost": 97758.43, "Plan Rows": 1, "Plan Width": 48, "Actual Min Startup Time": 199.032, "Actual Max Startup Time": 199.032, "Actual Min Total Time": 199.032, "Actual Max Total Time": 199.032, "Actual Total Rows": 0, "Inner Unique": false, "Join Filter": "(t.id = ml.movie_id)", "Rows Removed by Join Filter": 0, "Plans": [{"Node Type": "Hash Join", "Parent Relationship": "Outer", "Join Type": "Inner", "Startup Cost": 17986.02, "Total Cost": 37599.91, "Plan Rows": 10, "Plan Width": 20, "Actual Min Startup Time": 0.231, "Actual Max Startup Time": 0.231, "Actual Min Total Time": 0.231, "Actual Max Total Time": 0.231, "Actual Total Rows": 0, "Inner Unique": false, "Hash Cond": "(mk.movie_id = ml.movie_id)", "Plans": [{"Node Type": "Streaming(type: LOCAL GATHER dop: 1/16)", "Parent Relationship": "Outer", "Startup Cost": 17436.47, "Total Cost": 37048.41, "Plan Rows": 33, "Plan Width": 4, "Actual Startup Time": 0.0, "Actual Total Time": 0.0, "Plans": [{"Node Type": "Hash Join", "Parent Relationship": "Outer", "Join Type": "Inner", "Startup Cost": 17436.47, "Total Cost": 37047.7, "Plan Rows": 33, "Plan Width": 4, "Actual Min Startup Time": 38.145, "Actual Max Startup Time": 66.355, "Actual Min Total Time": 60.582, "Actual Max Total Time": 87.435, "Actual Total Rows": 1616, "Inner Unique": true, "Hash Cond": "(mk.keyword_id = k.id)", "Plans": [{"Node Type": "Seq Scan", "Parent Relationship": "Outer", "Relation Name": "movie_keyword", "Alias": "mk", "Startup Cost": 0.0, "Total Cost": 18902.58, "Plan Rows": 4523929, "Plan Width": 8, "Actual Min Startup Time": 0.053, "Actual Max Startup Time": 0.074, "Actual Min Total Time": 12.735, "Actual Max Total Time": 22.415, "Actual Total Rows": 1306253}, {"Node Type": "Hash", "Parent Relationship": "Inner", "Startup Cost": 17436.46, "Total Cost": 17436.46, "Plan Rows": 16, "Plan Width": 4, "Actual Min Startup Time": 37.343, "Actual Max Startup Time": 55.067, "Actual Min Total Time": 37.343, "Actual Max Total Time": 55.067, "Actual Total Rows": 16, "Max Hash Buckets": 32768, "Min Hash Buckets": 32768, "Max Hash Batches": 1, "Min Hash Batches": 1, "Max Original Hash Batches": 1, "Min Original Hash Batches": 1, "Max Peak Memory Usage": 1, "min Peak Memory Usage": 1, "Plans": [{"Node Type": "Streaming(type: BROADCAST dop: 16/1)", "Parent Relationship": "Outer", "Startup Cost": 0.0, "Total Cost": 17436.46, "Plan Rows": 16, "Plan Width": 4, "Actual Min Startup Time": 37.331, "Actual Max Startup Time": 55.052, "Actual Min Total Time": 37.331, "Actual Max Total Time": 55.053, "Actual Total Rows": 16, "Plans": [{"Node Type": "Seq Scan", "Parent Relationship": "Outer", "Relation Name": "keyword", "Alias": "k", "Startup Cost": 0.0, "Total Cost": 2436.11, "Plan Rows": 1, "Plan Width": 4, "Actual Min Startup Time": 2.474, "Actual Max Startup Time": 2.474, "Actual Min Total Time": 41.397, "Actual Max Total Time": 41.397, "Actual Total Rows": 1, "Filter": "((keyword)::text = 'sequel'::text)", "Rows Removed by Filter": 134168}]}]}]}]}, {"Node Type": "Hash", "Parent Relationship": "Inner", "Startup Cost": 526.11, "Total Cost": 526.11, "Plan Rows": 1875, "Plan Width": 16, "Actual Min Startup Time": 0.1, "Actual Max Startup Time": 0.1, "Actual Min Total Time": 0.1, "Actual Max Total Time": 0.1, "Actual Total Rows": 0, "Max Hash Buckets": 32768, "Min Hash Buckets": 32768, "Max Hash Batches": 1, "Min Hash Batches": 1, "Max Original Hash Batches": 1, "Min Original Hash Batches": 1, "Max Peak Memory Usage": 0, "min Peak Memory Usage": 0, "Plans": [{"Node Type": "Hash Join", "Parent Relationship": "Outer", "Join Type": "Inner", "Startup Cost": 1.22, "Total Cost": 526.11, "Plan Rows": 1875, "Plan Width": 16, "Actual Min Startup Time": 0.099, "Actual Max Startup Time": 0.099, "Actual Min Total Time": 0.099, "Actual Max Total Time": 0.099, "Actual Total Rows": 0, "Inner Unique": true, "Hash Cond": "(ml.link_type_id = lt.id)", "Plans": [{"Node Type": "Seq Scan", "Parent Relationship": "Outer", "Relation Name": "movie_link", "Alias": "ml", "Startup Cost": 0.0, "Total Cost": 430.96, "Plan Rows": 29996, "Plan Width": 8, "Actual Min Startup Time": 0.042, "Actual Max Startup Time": 0.042, "Actual Min Total Time": 0.042, "Actual Max Total Time": 0.042, "Actual Total Rows": 1}, {"Node Type": "Hash", "Parent Relationship": "Inner", "Startup Cost": 1.21, "Total Cost": 1.21, "Plan Rows": 1, "Plan Width": 16, "Actual Min Startup Time": 0.026, "Actual Max Startup Time": 0.026, "Actual Min Total Time": 0.026, "Actual Max Total Time": 0.026, "Actual Total Rows": 0, "Max Hash Buckets": 32768, "Min Hash Buckets": 32768, "Max Hash Batches": 1, "Min Hash Batches": 1, "Max Original Hash Batches": 1, "Min Original Hash Batches": 1, "Max Peak Memory Usage": 0, "min Peak Memory Usage": 0, "Plans": [{"Node Type": "Seq Scan", "Parent Relationship": "Outer", "Relation Name": "link_type", "Alias": "lt", "Startup Cost": 0.0, "Total Cost": 1.21, "Plan Rows": 1, "Plan Width": 16, "Actual Min Startup Time": 0.025, "Actual Max Startup Time": 0.025, "Actual Min Total Time": 0.025, "Actual Max Total Time": 0.025, "Actual Total Rows": 0, "Filter": "((link)::text ~~ '%follows%'::text)", "Rows Removed by Filter": 17}]}]}]}]}, {"Node Type": "Materialize", "Parent Relationship": "Inner", "Startup Cost": 42343.05, "Total Cost": 60158.22, "Plan Rows": 2, "Plan Width": 44, "Actual Min Startup Time": 198.774, "Actual Max Startup Time": 198.774, "Actual Min Total Time": 198.774, "Actual Max Total Time": 198.774, "Actual Total Rows": 1, "Plans": [{"Node Type": "Nested Loop", "Parent Relationship": "Outer", "Join Type": "Inner", "Startup Cost": 42343.05, "Total Cost": 60158.21, "Plan Rows": 2, "Plan Width": 44, "Actual Min Startup Time": 198.759, "Actual Max Startup Time": 198.759, "Actual Min Total Time": 198.762, "Actual Max Total Time": 198.762, "Actual Total Rows": 5, "Inner Unique": false, "Join Filter": "(mc.company_type_id = ct.id)", "Rows Removed by Join Filter": 0, "Plans": [{"Node Type": "Seq Scan", "Parent Relationship": "Outer", "Relation Name": "company_type", "Alias": "ct", "Startup Cost": 0.0, "Total Cost": 1.04, "Plan Rows": 1, "Plan Width": 4, "Actual Min Startup Time": 0.017, "Actual Max Startup Time": 0.017, "Actual Min Total Time": 0.018, "Actual Max Total Time": 0.018, "Actual Total Rows": 1, "Filter": "((kind)::text = 'production companies'::text)", "Rows Removed by Filter": 2}, {"Node Type": "Materialize", "Parent Relationship": "Inner", "Startup Cost": 42343.05, "Total Cost": 60157.15, "Plan Rows": 2, "Plan Width": 48, "Actual Min Startup Time": 198.601, "Actual Max Startup Time": 198.601, "Actual Min Total Time": 198.601, "Actual Max Total Time": 198.601, "Actual Total Rows": 6, "Plans": [{"Node Type": "Hash Join", "Parent Relationship": "Outer", "Join Type": "Inner", "Startup Cost": 42343.05, "Total Cost": 60157.15, "Plan Rows": 2, "Plan Width": 48, "Actual Min Startup Time": 195.891, "Actual Max Startup Time": 195.891, "Actual Min Total Time": 198.587, "Actual Max Total Time": 198.587, "Actual Total Rows": 5, "Inner Unique": true, "Hash Cond": "(mc.company_id = cn.id)", "Plans": [{"Node Type": "Streaming(type: LOCAL GATHER dop: 1/16)", "Parent Relationship": "Outer", "Startup Cost": 34544.63, "Total Cost": 52358.69, "Plan Rows": 6, "Plan Width": 33, "Actual Min Startup Time": 7.466, "Actual Max Startup Time": 7.466, "Actual Min Total Time": 14.368, "Actual Max Total Time": 14.368, "Actual Total Rows": 22, "Plans": [{"Node Type": "Hash Join", "Parent Relationship": "Outer", "Join Type": "Inner", "Startup Cost": 34544.63, "Total Cost": 52358.56, "Plan Rows": 6, "Plan Width": 33, "Actual Min Startup Time": 58.635, "Actual Max Startup Time": 124.5, "Actual Min Total Time": 93.5, "Actual Max Total Time": 128.538, "Actual Total Rows": 22, "Inner Unique": true, "Hash Cond": "(mc.movie_id = t.id)", "Plans": [{"Node Type": "Seq Scan", "Parent Relationship": "Outer", "Relation Name": "movie_companies", "Alias": "mc", "Startup Cost": 0.0, "Total Cost": 17613.58, "Plan Rows": 1269486, "Plan Width": 12, "Actual Min Startup Time": 0.028, "Actual Max Startup Time": 0.148, "Actual Min Total Time": 36.442, "Actual Max Total Time": 45.005, "Actual Total Rows": 1271989, "Filter": "(note IS NULL), (LLVM Optimized)", "Rows Removed by Filter": 1337139}, {"Node Type": "Hash", "Parent Relationship": "Inner", "Startup Cost": 34544.58, "Total Cost": 34544.58, "Plan Rows": 64, "Plan Width": 21, "Actual Min Startup Time": 44.692, "Actual Max Startup Time": 72.098, "Actual Min Total Time": 44.692, "Actual Max Total Time": 72.098, "Actual Total Rows": 576, "Max Hash Buckets": 32768, "Min Hash Buckets": 32768, "Max Hash Batches": 1, "Min Hash Batches": 1, "Max Original Hash Batches": 1, "Min Original Hash Batches": 1, "Max Peak Memory Usage": 3, "min Peak Memory Usage": 3, "Plans": [{"Node Type": "Streaming(type: BROADCAST dop: 16/16)", "Parent Relationship": "Outer", "Startup Cost": 0.0, "Total Cost": 34544.58, "Plan Rows": 64, "Plan Width": 21, "Actual Min Startup Time": 24.598, "Actual Max Startup Time": 52.009, "Actual Min Total Time": 44.665, "Actual Max Total Time": 72.07, "Actual Total Rows": 576, "Plans": [{"Node Type": "Seq Scan", "Parent Relationship": "Outer", "Relation Name": "title", "Alias": "t", "Startup Cost": 0.0, "Total Cost": 19544.42, "Plan Rows": 4, "Plan Width": 21, "Actual Min Startup Time": 1.457, "Actual Max Startup Time": 64.073, "Actual Min Total Time": 60.694, "Actual Max Total Time": 64.179, "Actual Total Rows": 36, "Filter": "(((title)::text ~~ '%Money%'::text) AND (production_year = 1998))", "Rows Removed by Filter": 2528275}]}]}]}]}, {"Node Type": "Hash", "Parent Relationship": "Inner", "Startup Cost": 7078.43, "Total Cost": 7078.43, "Plan Rows": 57599, "Plan Width": 23, "Actual Min Startup Time": 184.107, "Actual Max Startup Time": 184.107, "Actual Min Total Time": 184.107, "Actual Max Total Time": 184.107, "Actual Total Rows": 48302, "Max Hash Buckets": 65536, "Min Hash Buckets": 65536, "Max Hash Batches": 1, "Min Hash Batches": 1, "Max Original Hash Batches": 1, "Min Original Hash Batches": 1, "Max Peak Memory Usage": 2625, "min Peak Memory Usage": 2625, "Plans": [{"Node Type": "Seq Scan", "Parent Relationship": "Outer", "Relation Name": "company_name", "Alias": "cn", "Startup Cost": 0.0, "Total Cost": 7078.43, "Plan Rows": 57599, "Plan Width": 23, "Actual Min Startup Time": 0.078, "Actual Max Startup Time": 0.078, "Actual Min Total Time": 168.172, "Actual Max Total Time": 168.172, "Actual Total Rows": 48302, "Filter": "(((country_code)::text <> '[pl]'::text) AND (((name)::text ~~ '%Film%'::text) OR ((name)::text ~~ '%Warner%'::text)))", "Rows Removed by Filter": 186694}]}]}]}]}]}]}]}, "Triggers": [], "Planner Runtime": 356.168, "Total Runtime": 218.317, "Unique SQL Id": 4121279504}}, "(16, 43)": {"explain_plan": {"Plan": {"Node Type": "Aggregate", "Strategy": "Plain", "Startup Cost": 8000028072196.74, "Total Cost": 8000028072196.75, "Plan Rows": 1, "Plan Width": 144, "Plans": [{"Node Type": "Nested Loop", "Parent Relationship": "Outer", "Join Type": "Inner", "Startup Cost": 80000000000.0, "Total Cost": 8000028072196.73, "Plan Rows": 1, "Plan Width": 48, "Inner Unique": false, "Join Filter": "(ml.movie_id = t.id)", "Plans": [{"Node Type": "Nested Loop", "Parent Relationship": "Outer", "Join Type": "Inner", "Startup Cost": 20000000000.0, "Total Cost": 2000000107907.07, "Plan Rows": 1875, "Plan Width": 16, "Inner Unique": true, "Join Filter": "(lt.id = ml.link_type_id)", "Plans": [{"Node Type": "Index Scan", "Parent Relationship": "Outer", "Scan Direction": "Forward", "Index Name": "movie_id_movie_link", "Relation Name": "movie_link", "Alias": "ml", "Startup Cost": 10000000000.0, "Total Cost": 1000000106202.37, "Plan Rows": 29996, "Plan Width": 8}, {"Node Type": "Materialize", "Parent Relationship": "Inner", "Startup Cost": 10000000000.0, "Total Cost": 1000000001254.76, "Plan Rows": 1, "Plan Width": 16, "Plans": [{"Node Type": "Index Scan", "Parent Relationship": "Outer", "Scan Direction": "Forward", "Index Name": "link_type_pkey", "Relation Name": "link_type", "Alias": "lt", "Startup Cost": 10000000000.0, "Total Cost": 1000000001254.75, "Plan Rows": 1, "Plan Width": 16, "Filter": "((link)::text ~~ '%follows%'::text)"}]}]}, {"Node Type": "Materialize", "Parent Relationship": "Inner", "Startup Cost": 60000000000.0, "Total Cost": 6000027964261.54, "Plan Rows": 1, "Plan Width": 48, "Plans": [{"Node Type": "Nested Loop", "Parent Relationship": "Outer", "Join Type": "Inner", "Startup Cost": 60000000000.0, "Total Cost": 6000027964261.54, "Plan Rows": 1, "Plan Width": 48, "Inner Unique": true, "Join Filter": "(mc.company_type_id = ct.id)", "Plans": [{"Node Type": "Nested Loop", "Parent Relationship": "Outer", "Join Type": "Inner", "Startup Cost": 50000000000.0, "Total Cost": 5000027963031.28, "Plan Rows": 1, "Plan Width": 52, "Inner Unique": true, "Plans": [{"Node Type": "Nested Loop", "Parent Relationship": "Outer", "Join Type": "Inner", "Startup Cost": 40000000000.0, "Total Cost": 4000027963002.46, "Plan Rows": 1, "Plan Width": 37, "Inner Unique": false, "Join Filter": "(t.id = mc.movie_id)", "Plans": [{"Node Type": "Nested Loop", "Parent Relationship": "Outer", "Join Type": "Inner", "Startup Cost": 30000000000.0, "Total Cost": 3000027962971.19, "Plan Rows": 1, "Plan Width": 25, "Inner Unique": true, "Join Filter": "(mk.movie_id = t.id)", "Plans": [{"Node Type": "Nested Loop", "Parent Relationship": "Outer", "Join Type": "Inner", "Startup Cost": 20000000000.0, "Total Cost": 2000015686764.79, "Plan Rows": 33, "Plan Width": 4, "Inner Unique": true, "Join Filter": "(k.id = mk.keyword_id)", "Plans": [{"Node Type": "Index Scan", "Parent Relationship": "Outer", "Scan Direction": "Forward", "Index Name": "movie_id_movie_keyword", "Relation Name": "movie_keyword", "Alias": "mk", "Startup Cost": 10000000000.0, "Total Cost": 1000015300634.17, "Plan Rows": 4523929, "Plan Width": 8}, {"Node Type": "Materialize", "Parent Relationship": "Inner", "Startup Cost": 10000000000.0, "Total Cost": 1000000318271.69, "Plan Rows": 1, "Plan Width": 4, "Plans": [{"Node Type": "Index Scan", "Parent Relationship": "Outer", "Scan Direction": "Forward", "Index Name": "keyword_pkey", "Relation Name": "keyword", "Alias": "k", "Startup Cost": 10000000000.0, "Total Cost": 1000000318271.68, "Plan Rows": 1, "Plan Width": 4, "Filter": "((keyword)::text = 'sequel'::text)"}]}]}, {"Node Type": "Materialize", "Parent Relationship": "Inner", "Startup Cost": 10000000000.0, "Total Cost": 1000012276204.43, "Plan Rows": 4, "Plan Width": 21, "Plans": [{"Node Type": "Index Scan", "Parent Relationship": "Outer", "Scan Direction": "Forward", "Index Name": "title_pkey", "Relation Name": "title", "Alias": "t", "Startup Cost": 10000000000.0, "Total Cost": 1000012276204.41, "Plan Rows": 4, "Plan Width": 21, "Filter": "(((title)::text ~~ '%Money%'::text) AND (production_year = 1998))"}]}]}, {"Node Type": "Index Scan", "Parent Relationship": "Inner", "Scan Direction": "Forward", "Index Name": "movie_id_movie_companies", "Relation Name": "movie_companies", "Alias": "mc", "Startup Cost": 10000000000.0, "Total Cost": 1000000000031.24, "Plan Rows": 2, "Plan Width": 12, "Index Cond": "(movie_id = mk.movie_id)", "Filter": "(note IS NULL)"}]}, {"Node Type": "Index Scan", "Parent Relationship": "Inner", "Scan Direction": "Forward", "Index Name": "company_name_pkey", "Relation Name": "company_name", "Alias": "cn", "Startup Cost": 10000000000.0, "Total Cost": 1000000000028.81, "Plan Rows": 1, "Plan Width": 23, "Index Cond": "(id = mc.company_id)", "Filter": "(((country_code)::text <> '[pl]'::text) AND (((name)::text ~~ '%Film%'::text) OR ((name)::text ~~ '%Warner%'::text)))"}]}, {"Node Type": "Index Scan", "Parent Relationship": "Inner", "Scan Direction": "Forward", "Index Name": "company_type_pkey", "Relation Name": "company_type", "Alias": "ct", "Startup Cost": 10000000000.0, "Total Cost": 1000000001230.25, "Plan Rows": 1, "Plan Width": 4, "Filter": "((kind)::text = 'production companies'::text)"}]}]}]}]}, "Unique SQL Id": 4121279504}, "explain_analyze_plan": {"Plan": {"Node Type": "Aggregate", "Strategy": "Plain", "Startup Cost": 8000028072196.74, "Total Cost": 8000028072196.75, "Plan Rows": 1, "Plan Width": 144, "Actual Startup Time": 20.361, "Actual Total Time": 20.361, "Actual Rows": 1, "Actual Loops": 1, "Plans": [{"Node Type": "Nested Loop", "Parent Relationship": "Outer", "Join Type": "Inner", "Startup Cost": 80000000000.0, "Total Cost": 8000028072196.73, "Plan Rows": 1, "Plan Width": 48, "Actual Startup Time": 20.352, "Actual Total Time": 20.352, "Actual Rows": 0, "Actual Loops": 1, "Inner Unique": false, "Join Filter": "(ml.movie_id = t.id)", "Rows Removed by Join Filter": 0, "Plans": [{"Node Type": "Nested Loop", "Parent Relationship": "Outer", "Join Type": "Inner", "Startup Cost": 20000000000.0, "Total Cost": 2000000107907.07, "Plan Rows": 1875, "Plan Width": 16, "Actual Startup Time": 20.35, "Actual Total Time": 20.35, "Actual Rows": 0, "Actual Loops": 1, "Inner Unique": true, "Join Filter": "(lt.id = ml.link_type_id)", "Rows Removed by Join Filter": 0, "Plans": [{"Node Type": "Index Scan", "Parent Relationship": "Outer", "Scan Direction": "Forward", "Index Name": "movie_id_movie_link", "Relation Name": "movie_link", "Alias": "ml", "Startup Cost": 10000000000.0, "Total Cost": 1000000106202.37, "Plan Rows": 29996, "Plan Width": 8, "Actual Startup Time": 0.043, "Actual Total Time": 12.152, "Actual Rows": 29996, "Actual Loops": 1}, {"Node Type": "Materialize", "Parent Relationship": "Inner", "Startup Cost": 10000000000.0, "Total Cost": 1000000001254.76, "Plan Rows": 1, "Plan Width": 16, "Actual Startup Time": 2.777, "Actual Total Time": 2.777, "Actual Rows": 0, "Actual Loops": 29996, "Plans": [{"Node Type": "Index Scan", "Parent Relationship": "Outer", "Scan Direction": "Forward", "Index Name": "link_type_pkey", "Relation Name": "link_type", "Alias": "lt", "Startup Cost": 10000000000.0, "Total Cost": 1000000001254.75, "Plan Rows": 1, "Plan Width": 16, "Actual Startup Time": 0.028, "Actual Total Time": 0.028, "Actual Rows": 0, "Actual Loops": 1, "Filter": "((link)::text ~~ '%follows%'::text)", "Rows Removed by Filter": 17}]}]}, {"Node Type": "Materialize", "Parent Relationship": "Inner", "Startup Cost": 60000000000.0, "Total Cost": 6000027964261.54, "Plan Rows": 1, "Plan Width": 48, "Actual Startup Time": 0.0, "Actual Total Time": 0.0, "Plans": [{"Node Type": "Nested Loop", "Parent Relationship": "Outer", "Join Type": "Inner", "Startup Cost": 60000000000.0, "Total Cost": 6000027964261.54, "Plan Rows": 1, "Plan Width": 48, "Actual Startup Time": 0.0, "Actual Total Time": 0.0, "Inner Unique": true, "Join Filter": "(mc.company_type_id = ct.id)", "Rows Removed by Join Filter": 0, "Plans": [{"Node Type": "Nested Loop", "Parent Relationship": "Outer", "Join Type": "Inner", "Startup Cost": 50000000000.0, "Total Cost": 5000027963031.28, "Plan Rows": 1, "Plan Width": 52, "Actual Startup Time": 0.0, "Actual Total Time": 0.0, "Inner Unique": true, "Plans": [{"Node Type": "Nested Loop", "Parent Relationship": "Outer", "Join Type": "Inner", "Startup Cost": 40000000000.0, "Total Cost": 4000027963002.46, "Plan Rows": 1, "Plan Width": 37, "Actual Startup Time": 0.0, "Actual Total Time": 0.0, "Inner Unique": false, "Join Filter": "(t.id = mc.movie_id)", "Rows Removed by Join Filter": 0, "Plans": [{"Node Type": "Nested Loop", "Parent Relationship": "Outer", "Join Type": "Inner", "Startup Cost": 30000000000.0, "Total Cost": 3000027962971.19, "Plan Rows": 1, "Plan Width": 25, "Actual Startup Time": 0.0, "Actual Total Time": 0.0, "Inner Unique": true, "Join Filter": "(mk.movie_id = t.id)", "Rows Removed by Join Filter": 0, "Plans": [{"Node Type": "Nested Loop", "Parent Relationship": "Outer", "Join Type": "Inner", "Startup Cost": 20000000000.0, "Total Cost": 2000015686764.79, "Plan Rows": 33, "Plan Width": 4, "Actual Startup Time": 0.0, "Actual Total Time": 0.0, "Inner Unique": true, "Join Filter": "(k.id = mk.keyword_id)", "Rows Removed by Join Filter": 0, "Plans": [{"Node Type": "Index Scan", "Parent Relationship": "Outer", "Scan Direction": "Forward", "Index Name": "movie_id_movie_keyword", "Relation Name": "movie_keyword", "Alias": "mk", "Startup Cost": 10000000000.0, "Total Cost": 1000015300634.17, "Plan Rows": 4523929, "Plan Width": 8, "Actual Startup Time": 0.0, "Actual Total Time": 0.0}, {"Node Type": "Materialize", "Parent Relationship": "Inner", "Startup Cost": 10000000000.0, "Total Cost": 1000000318271.69, "Plan Rows": 1, "Plan Width": 4, "Actual Startup Time": 0.0, "Actual Total Time": 0.0, "Plans": [{"Node Type": "Index Scan", "Parent Relationship": "Outer", "Scan Direction": "Forward", "Index Name": "keyword_pkey", "Relation Name": "keyword", "Alias": "k", "Startup Cost": 10000000000.0, "Total Cost": 1000000318271.68, "Plan Rows": 1, "Plan Width": 4, "Actual Startup Time": 0.0, "Actual Total Time": 0.0, "Filter": "((keyword)::text = 'sequel'::text)", "Rows Removed by Filter": 0}]}]}, {"Node Type": "Materialize", "Parent Relationship": "Inner", "Startup Cost": 10000000000.0, "Total Cost": 1000012276204.43, "Plan Rows": 4, "Plan Width": 21, "Actual Startup Time": 0.0, "Actual Total Time": 0.0, "Plans": [{"Node Type": "Index Scan", "Parent Relationship": "Outer", "Scan Direction": "Forward", "Index Name": "title_pkey", "Relation Name": "title", "Alias": "t", "Startup Cost": 10000000000.0, "Total Cost": 1000012276204.41, "Plan Rows": 4, "Plan Width": 21, "Actual Startup Time": 0.0, "Actual Total Time": 0.0, "Filter": "(((title)::text ~~ '%Money%'::text) AND (production_year = 1998))", "Rows Removed by Filter": 0}]}]}, {"Node Type": "Index Scan", "Parent Relationship": "Inner", "Scan Direction": "Forward", "Index Name": "movie_id_movie_companies", "Relation Name": "movie_companies", "Alias": "mc", "Startup Cost": 10000000000.0, "Total Cost": 1000000000031.24, "Plan Rows": 2, "Plan Width": 12, "Actual Startup Time": 0.0, "Actual Total Time": 0.0, "Index Cond": "(movie_id = mk.movie_id)", "Rows Removed by Index Recheck": 0, "Filter": "(note IS NULL)", "Rows Removed by Filter": 0}]}, {"Node Type": "Index Scan", "Parent Relationship": "Inner", "Scan Direction": "Forward", "Index Name": "company_name_pkey", "Relation Name": "company_name", "Alias": "cn", "Startup Cost": 10000000000.0, "Total Cost": 1000000000028.81, "Plan Rows": 1, "Plan Width": 23, "Actual Startup Time": 0.0, "Actual Total Time": 0.0, "Index Cond": "(id = mc.company_id)", "Rows Removed by Index Recheck": 0, "Filter": "(((country_code)::text <> '[pl]'::text) AND (((name)::text ~~ '%Film%'::text) OR ((name)::text ~~ '%Warner%'::text)))", "Rows Removed by Filter": 0}]}, {"Node Type": "Index Scan", "Parent Relationship": "Inner", "Scan Direction": "Forward", "Index Name": "company_type_pkey", "Relation Name": "company_type", "Alias": "ct", "Startup Cost": 10000000000.0, "Total Cost": 1000000001230.25, "Plan Rows": 1, "Plan Width": 4, "Actual Startup Time": 0.0, "Actual Total Time": 0.0, "Filter": "((kind)::text = 'production companies'::text)", "Rows Removed by Filter": 0}]}]}]}]}, "Triggers": [], "Planner Runtime": 101.489, "Total Runtime": 20.737, "Unique SQL Id": 4121279504}}, "(16, 44)": {"explain_plan": {"Plan": {"Node Type": "Aggregate", "Strategy": "Plain", "Startup Cost": 2585.63, "Total Cost": 2585.64, "Plan Rows": 1, "Plan Width": 144, "Plans": [{"Node Type": "Nested Loop", "Parent Relationship": "Outer", "Join Type": "Inner", "Startup Cost": 0.0, "Total Cost": 2585.62, "Plan Rows": 1, "Plan Width": 48, "Inner Unique": true, "Plans": [{"Node Type": "Nested Loop", "Parent Relationship": "Outer", "Join Type": "Inner", "Startup Cost": 0.0, "Total Cost": 2585.34, "Plan Rows": 1, "Plan Width": 40, "Inner Unique": false, "Join Filter": "(t.id = ml.movie_id)", "Plans": [{"Node Type": "Nested Loop", "Parent Relationship": "Outer", "Join Type": "Inner", "Startup Cost": 0.0, "Total Cost": 2584.93, "Plan Rows": 1, "Plan Width": 48, "Inner Unique": true, "Plans": [{"Node Type": "Nested Loop", "Parent Relationship": "Outer", "Join Type": "Inner", "Startup Cost": 0.0, "Total Cost": 2584.64, "Plan Rows": 1, "Plan Width": 52, "Inner Unique": true, "Plans": [{"Node Type": "Nested Loop", "Parent Relationship": "Outer", "Join Type": "Inner", "Startup Cost": 0.0, "Total Cost": 2584.35, "Plan Rows": 1, "Plan Width": 37, "Inner Unique": false, "Join Filter": "(t.id = mc.movie_id)", "Plans": [{"Node Type": "Nested Loop", "Parent Relationship": "Outer", "Join Type": "Inner", "Startup Cost": 0.0, "Total Cost": 2584.01, "Plan Rows": 1, "Plan Width": 25, "Inner Unique": true, "Plans": [{"Node Type": "Nested Loop", "Parent Relationship": "Outer", "Join Type": "Inner", "Startup Cost": 0.0, "Total Cost": 2573.32, "Plan Rows": 33, "Plan Width": 4, "Inner Unique": false, "Plans": [{"Node Type": "Seq Scan", "Parent Relationship": "Outer", "Relation Name": "keyword", "Alias": "k", "Startup Cost": 0.0, "Total Cost": 2436.11, "Plan Rows": 1, "Plan Width": 4, "Filter": "((keyword)::text = 'sequel'::text)"}, {"Node Type": "Index Scan", "Parent Relationship": "Inner", "Scan Direction": "Forward", "Index Name": "keyword_id_movie_keyword", "Relation Name": "movie_keyword", "Alias": "mk", "Startup Cost": 0.0, "Total Cost": 136.88, "Plan Rows": 33, "Plan Width": 8, "Index Cond": "(keyword_id = k.id)"}]}, {"Node Type": "Index Scan", "Parent Relationship": "Inner", "Scan Direction": "Forward", "Index Name": "title_pkey", "Relation Name": "title", "Alias": "t", "Startup Cost": 0.0, "Total Cost": 0.31, "Plan Rows": 1, "Plan Width": 21, "Index Cond": "(id = mk.movie_id)", "Filter": "(((title)::text ~~ '%Money%'::text) AND (production_year = 1998))"}]}, {"Node Type": "Index Scan", "Parent Relationship": "Inner", "Scan Direction": "Forward", "Index Name": "movie_id_movie_companies", "Relation Name": "movie_companies", "Alias": "mc", "Startup Cost": 0.0, "Total Cost": 0.31, "Plan Rows": 2, "Plan Width": 12, "Index Cond": "(movie_id = mk.movie_id)", "Filter": "(note IS NULL)"}]}, {"Node Type": "Index Scan", "Parent Relationship": "Inner", "Scan Direction": "Forward", "Index Name": "company_name_pkey", "Relation Name": "company_name", "Alias": "cn", "Startup Cost": 0.0, "Total Cost": 0.29, "Plan Rows": 1, "Plan Width": 23, "Index Cond": "(id = mc.company_id)", "Filter": "(((country_code)::text <> '[pl]'::text) AND (((name)::text ~~ '%Film%'::text) OR ((name)::text ~~ '%Warner%'::text)))"}]}, {"Node Type": "Index Scan", "Parent Relationship": "Inner", "Scan Direction": "Forward", "Index Name": "company_type_pkey", "Relation Name": "company_type", "Alias": "ct", "Startup Cost": 0.0, "Total Cost": 0.27, "Plan Rows": 1, "Plan Width": 4, "Index Cond": "(id = mc.company_type_id)", "Filter": "((kind)::text = 'production companies'::text)"}]}, {"Node Type": "Index Scan", "Parent Relationship": "Inner", "Scan Direction": "Forward", "Index Name": "movie_id_movie_link", "Relation Name": "movie_link", "Alias": "ml", "Startup Cost": 0.0, "Total Cost": 0.35, "Plan Rows": 5, "Plan Width": 8, "Index Cond": "(movie_id = mk.movie_id)"}]}, {"Node Type": "Index Scan", "Parent Relationship": "Inner", "Scan Direction": "Forward", "Index Name": "link_type_pkey", "Relation Name": "link_type", "Alias": "lt", "Startup Cost": 0.0, "Total Cost": 0.27, "Plan Rows": 1, "Plan Width": 16, "Index Cond": "(id = ml.link_type_id)", "Filter": "((link)::text ~~ '%follows%'::text)"}]}]}, "Unique SQL Id": 4121279504}, "explain_analyze_plan": {"Plan": {"Node Type": "Aggregate", "Strategy": "Plain", "Startup Cost": 2585.63, "Total Cost": 2585.64, "Plan Rows": 1, "Plan Width": 144, "Actual Startup Time": 103.307, "Actual Total Time": 103.307, "Actual Rows": 1, "Actual Loops": 1, "Plans": [{"Node Type": "Nested Loop", "Parent Relationship": "Outer", "Join Type": "Inner", "Startup Cost": 0.0, "Total Cost": 2585.62, "Plan Rows": 1, "Plan Width": 48, "Actual Startup Time": 103.297, "Actual Total Time": 103.297, "Actual Rows": 0, "Actual Loops": 1, "Inner Unique": true, "Plans": [{"Node Type": "Nested Loop", "Parent Relationship": "Outer", "Join Type": "Inner", "Startup Cost": 0.0, "Total Cost": 2585.34, "Plan Rows": 1, "Plan Width": 40, "Actual Startup Time": 2.639, "Actual Total Time": 103.212, "Actual Rows": 38, "Actual Loops": 1, "Inner Unique": false, "Join Filter": "(t.id = ml.movie_id)", "Rows Removed by Join Filter": 0, "Plans": [{"Node Type": "Nested Loop", "Parent Relationship": "Outer", "Join Type": "Inner", "Startup Cost": 0.0, "Total Cost": 2584.93, "Plan Rows": 1, "Plan Width": 48, "Actual Startup Time": 2.628, "Actual Total Time": 103.169, "Actual Rows": 2, "Actual Loops": 1, "Inner Unique": true, "Plans": [{"Node Type": "Nested Loop", "Parent Relationship": "Outer", "Join Type": "Inner", "Startup Cost": 0.0, "Total Cost": 2584.64, "Plan Rows": 1, "Plan Width": 52, "Actual Startup Time": 2.62, "Actual Total Time": 103.156, "Actual Rows": 2, "Actual Loops": 1, "Inner Unique": true, "Plans": [{"Node Type": "Nested Loop", "Parent Relationship": "Outer", "Join Type": "Inner", "Startup Cost": 0.0, "Total Cost": 2584.35, "Plan Rows": 1, "Plan Width": 37, "Actual Startup Time": 2.606, "Actual Total Time": 103.125, "Actual Rows": 3, "Actual Loops": 1, "Inner Unique": false, "Join Filter": "(t.id = mc.movie_id)", "Rows Removed by Join Filter": 0, "Plans": [{"Node Type": "Nested Loop", "Parent Relationship": "Outer", "Join Type": "Inner", "Startup Cost": 0.0, "Total Cost": 2584.01, "Plan Rows": 1, "Plan Width": 25, "Actual Startup Time": 2.585, "Actual Total Time": 103.101, "Actual Rows": 1, "Actual Loops": 1, "Inner Unique": true, "Plans": [{"Node Type": "Nested Loop", "Parent Relationship": "Outer", "Join Type": "Inner", "Startup Cost": 0.0, "Total Cost": 2573.32, "Plan Rows": 33, "Plan Width": 4, "Actual Startup Time": 2.346, "Actual Total Time": 53.642, "Actual Rows": 10544, "Actual Loops": 1, "Inner Unique": false, "Plans": [{"Node Type": "Seq Scan", "Parent Relationship": "Outer", "Relation Name": "keyword", "Alias": "k", "Startup Cost": 0.0, "Total Cost": 2436.11, "Plan Rows": 1, "Plan Width": 4, "Actual Startup Time": 2.306, "Actual Total Time": 40.515, "Actual Rows": 1, "Actual Loops": 1, "Filter": "((keyword)::text = 'sequel'::text)", "Rows Removed by Filter": 134168}, {"Node Type": "Index Scan", "Parent Relationship": "Inner", "Scan Direction": "Forward", "Index Name": "keyword_id_movie_keyword", "Relation Name": "movie_keyword", "Alias": "mk", "Startup Cost": 0.0, "Total Cost": 136.88, "Plan Rows": 33, "Plan Width": 8, "Actual Startup Time": 0.034, "Actual Total Time": 10.877, "Actual Rows": 10544, "Actual Loops": 1, "Index Cond": "(keyword_id = k.id)", "Rows Removed by Index Recheck": 0}]}, {"Node Type": "Index Scan", "Parent Relationship": "Inner", "Scan Direction": "Forward", "Index Name": "title_pkey", "Relation Name": "title", "Alias": "t", "Startup Cost": 0.0, "Total Cost": 0.31, "Plan Rows": 1, "Plan Width": 21, "Actual Startup Time": 44.242, "Actual Total Time": 44.242, "Actual Rows": 1, "Actual Loops": 10544, "Index Cond": "(id = mk.movie_id)", "Rows Removed by Index Recheck": 0, "Filter": "(((title)::text ~~ '%Money%'::text) AND (production_year = 1998))", "Rows Removed by Filter": 10543}]}, {"Node Type": "Index Scan", "Parent Relationship": "Inner", "Scan Direction": "Forward", "Index Name": "movie_id_movie_companies", "Relation Name": "movie_companies", "Alias": "mc", "Startup Cost": 0.0, "Total Cost": 0.31, "Plan Rows": 2, "Plan Width": 12, "Actual Startup Time": 0.011, "Actual Total Time": 0.013, "Actual Rows": 3, "Actual Loops": 1, "Index Cond": "(movie_id = mk.movie_id)", "Rows Removed by Index Recheck": 0, "Filter": "(note IS NULL)", "Rows Removed by Filter": 1}]}, {"Node Type": "Index Scan", "Parent Relationship": "Inner", "Scan Direction": "Forward", "Index Name": "company_name_pkey", "Relation Name": "company_name", "Alias": "cn", "Startup Cost": 0.0, "Total Cost": 0.29, "Plan Rows": 1, "Plan Width": 23, "Actual Startup Time": 0.026, "Actual Total Time": 0.026, "Actual Rows": 2, "Actual Loops": 3, "Index Cond": "(id = mc.company_id)", "Rows Removed by Index Recheck": 0, "Filter": "(((country_code)::text <> '[pl]'::text) AND (((name)::text ~~ '%Film%'::text) OR ((name)::text ~~ '%Warner%'::text)))", "Rows Removed by Filter": 1}]}, {"Node Type": "Index Scan", "Parent Relationship": "Inner", "Scan Direction": "Forward", "Index Name": "company_type_pkey", "Relation Name": "company_type", "Alias": "ct", "Startup Cost": 0.0, "Total Cost": 0.27, "Plan Rows": 1, "Plan Width": 4, "Actual Startup Time": 0.008, "Actual Total Time": 0.008, "Actual Rows": 2, "Actual Loops": 2, "Index Cond": "(id = mc.company_type_id)", "Rows Removed by Index Recheck": 0, "Filter": "((kind)::text = 'production companies'::text)", "Rows Removed by Filter": 0}]}, {"Node Type": "Index Scan", "Parent Relationship": "Inner", "Scan Direction": "Forward", "Index Name": "movie_id_movie_link", "Relation Name": "movie_link", "Alias": "ml", "Startup Cost": 0.0, "Total Cost": 0.35, "Plan Rows": 5, "Plan Width": 8, "Actual Startup Time": 0.012, "Actual Total Time": 0.025, "Actual Rows": 38, "Actual Loops": 2, "Index Cond": "(movie_id = mk.movie_id)", "Rows Removed by Index Recheck": 0}]}, {"Node Type": "Index Scan", "Parent Relationship": "Inner", "Scan Direction": "Forward", "Index Name": "link_type_pkey", "Relation Name": "link_type", "Alias": "lt", "Startup Cost": 0.0, "Total Cost": 0.27, "Plan Rows": 1, "Plan Width": 16, "Actual Startup Time": 0.065, "Actual Total Time": 0.065, "Actual Rows": 0, "Actual Loops": 38, "Index Cond": "(id = ml.link_type_id)", "Rows Removed by Index Recheck": 0, "Filter": "((link)::text ~~ '%follows%'::text)", "Rows Removed by Filter": 24}]}]}, "Triggers": [], "Planner Runtime": 83.831, "Total Runtime": 103.68, "Unique SQL Id": 4121279504}}, "(16, 45)": {"explain_plan": {"Plan": {"Node Type": "Aggregate", "Strategy": "Plain", "Startup Cost": 3332.23, "Total Cost": 3332.24, "Plan Rows": 1, "Plan Width": 144, "Plans": [{"Node Type": "Nested Loop", "Parent Relationship": "Outer", "Join Type": "Inner", "Startup Cost": 0.0, "Total Cost": 3332.23, "Plan Rows": 1, "Plan Width": 48, "Inner Unique": true, "Plans": [{"Node Type": "Nested Loop", "Parent Relationship": "Outer", "Join Type": "Inner", "Startup Cost": 0.0, "Total Cost": 3331.94, "Plan Rows": 1, "Plan Width": 40, "Inner Unique": false, "Join Filter": "(t.id = ml.movie_id)", "Plans": [{"Node Type": "Nested Loop", "Parent Relationship": "Outer", "Join Type": "Inner", "Startup Cost": 0.0, "Total Cost": 3331.53, "Plan Rows": 1, "Plan Width": 48, "Inner Unique": true, "Plans": [{"Node Type": "Nested Loop", "Parent Relationship": "Outer", "Join Type": "Inner", "Startup Cost": 0.0, "Total Cost": 3331.25, "Plan Rows": 1, "Plan Width": 52, "Inner Unique": true, "Plans": [{"Node Type": "Nested Loop", "Parent Relationship": "Outer", "Join Type": "Inner", "Startup Cost": 0.0, "Total Cost": 3330.95, "Plan Rows": 1, "Plan Width": 37, "Inner Unique": false, "Join Filter": "(t.id = mc.movie_id)", "Plans": [{"Node Type": "Nested Loop", "Parent Relationship": "Outer", "Join Type": "Inner", "Startup Cost": 0.0, "Total Cost": 3330.61, "Plan Rows": 1, "Plan Width": 25, "Inner Unique": true, "Plans": [{"Node Type": "Nested Loop", "Parent Relationship": "Outer", "Join Type": "Inner", "Startup Cost": 0.0, "Total Cost": 3319.92, "Plan Rows": 33, "Plan Width": 4, "Inner Unique": false, "Plans": [{"Node Type": "Index Scan", "Parent Relationship": "Outer", "Scan Direction": "Forward", "Index Name": "keyword_pkey", "Relation Name": "keyword", "Alias": "k", "Startup Cost": 0.0, "Total Cost": 3182.72, "Plan Rows": 1, "Plan Width": 4, "Filter": "((keyword)::text = 'sequel'::text)"}, {"Node Type": "Index Scan", "Parent Relationship": "Inner", "Scan Direction": "Forward", "Index Name": "keyword_id_movie_keyword", "Relation Name": "movie_keyword", "Alias": "mk", "Startup Cost": 0.0, "Total Cost": 136.88, "Plan Rows": 33, "Plan Width": 8, "Index Cond": "(keyword_id = k.id)"}]}, {"Node Type": "Index Scan", "Parent Relationship": "Inner", "Scan Direction": "Forward", "Index Name": "title_pkey", "Relation Name": "title", "Alias": "t", "Startup Cost": 0.0, "Total Cost": 0.31, "Plan Rows": 1, "Plan Width": 21, "Index Cond": "(id = mk.movie_id)", "Filter": "(((title)::text ~~ '%Money%'::text) AND (production_year = 1998))"}]}, {"Node Type": "Index Scan", "Parent Relationship": "Inner", "Scan Direction": "Forward", "Index Name": "movie_id_movie_companies", "Relation Name": "movie_companies", "Alias": "mc", "Startup Cost": 0.0, "Total Cost": 0.31, "Plan Rows": 2, "Plan Width": 12, "Index Cond": "(movie_id = mk.movie_id)", "Filter": "(note IS NULL)"}]}, {"Node Type": "Index Scan", "Parent Relationship": "Inner", "Scan Direction": "Forward", "Index Name": "company_name_pkey", "Relation Name": "company_name", "Alias": "cn", "Startup Cost": 0.0, "Total Cost": 0.29, "Plan Rows": 1, "Plan Width": 23, "Index Cond": "(id = mc.company_id)", "Filter": "(((country_code)::text <> '[pl]'::text) AND (((name)::text ~~ '%Film%'::text) OR ((name)::text ~~ '%Warner%'::text)))"}]}, {"Node Type": "Index Scan", "Parent Relationship": "Inner", "Scan Direction": "Forward", "Index Name": "company_type_pkey", "Relation Name": "company_type", "Alias": "ct", "Startup Cost": 0.0, "Total Cost": 0.27, "Plan Rows": 1, "Plan Width": 4, "Index Cond": "(id = mc.company_type_id)", "Filter": "((kind)::text = 'production companies'::text)"}]}, {"Node Type": "Index Scan", "Parent Relationship": "Inner", "Scan Direction": "Forward", "Index Name": "movie_id_movie_link", "Relation Name": "movie_link", "Alias": "ml", "Startup Cost": 0.0, "Total Cost": 0.35, "Plan Rows": 5, "Plan Width": 8, "Index Cond": "(movie_id = mk.movie_id)"}]}, {"Node Type": "Index Scan", "Parent Relationship": "Inner", "Scan Direction": "Forward", "Index Name": "link_type_pkey", "Relation Name": "link_type", "Alias": "lt", "Startup Cost": 0.0, "Total Cost": 0.27, "Plan Rows": 1, "Plan Width": 16, "Index Cond": "(id = ml.link_type_id)", "Filter": "((link)::text ~~ '%follows%'::text)"}]}]}, "Unique SQL Id": 4121279504}, "explain_analyze_plan": {"Plan": {"Node Type": "Aggregate", "Strategy": "Plain", "Startup Cost": 3332.23, "Total Cost": 3332.24, "Plan Rows": 1, "Plan Width": 144, "Actual Startup Time": 178.629, "Actual Total Time": 178.63, "Actual Rows": 1, "Actual Loops": 1, "Plans": [{"Node Type": "Nested Loop", "Parent Relationship": "Outer", "Join Type": "Inner", "Startup Cost": 0.0, "Total Cost": 3332.23, "Plan Rows": 1, "Plan Width": 48, "Actual Startup Time": 178.619, "Actual Total Time": 178.619, "Actual Rows": 0, "Actual Loops": 1, "Inner Unique": true, "Plans": [{"Node Type": "Nested Loop", "Parent Relationship": "Outer", "Join Type": "Inner", "Startup Cost": 0.0, "Total Cost": 3331.94, "Plan Rows": 1, "Plan Width": 40, "Actual Startup Time": 0.759, "Actual Total Time": 178.535, "Actual Rows": 38, "Actual Loops": 1, "Inner Unique": false, "Join Filter": "(t.id = ml.movie_id)", "Rows Removed by Join Filter": 0, "Plans": [{"Node Type": "Nested Loop", "Parent Relationship": "Outer", "Join Type": "Inner", "Startup Cost": 0.0, "Total Cost": 3331.53, "Plan Rows": 1, "Plan Width": 48, "Actual Startup Time": 0.75, "Actual Total Time": 178.493, "Actual Rows": 2, "Actual Loops": 1, "Inner Unique": true, "Plans": [{"Node Type": "Nested Loop", "Parent Relationship": "Outer", "Join Type": "Inner", "Startup Cost": 0.0, "Total Cost": 3331.25, "Plan Rows": 1, "Plan Width": 52, "Actual Startup Time": 0.743, "Actual Total Time": 178.481, "Actual Rows": 2, "Actual Loops": 1, "Inner Unique": true, "Plans": [{"Node Type": "Nested Loop", "Parent Relationship": "Outer", "Join Type": "Inner", "Startup Cost": 0.0, "Total Cost": 3330.95, "Plan Rows": 1, "Plan Width": 37, "Actual Startup Time": 0.723, "Actual Total Time": 178.447, "Actual Rows": 3, "Actual Loops": 1, "Inner Unique": false, "Join Filter": "(t.id = mc.movie_id)", "Rows Removed by Join Filter": 0, "Plans": [{"Node Type": "Nested Loop", "Parent Relationship": "Outer", "Join Type": "Inner", "Startup Cost": 0.0, "Total Cost": 3330.61, "Plan Rows": 1, "Plan Width": 25, "Actual Startup Time": 0.709, "Actual Total Time": 178.428, "Actual Rows": 1, "Actual Loops": 1, "Inner Unique": true, "Plans": [{"Node Type": "Nested Loop", "Parent Relationship": "Outer", "Join Type": "Inner", "Startup Cost": 0.0, "Total Cost": 3319.92, "Plan Rows": 33, "Plan Width": 4, "Actual Startup Time": 0.479, "Actual Total Time": 127.522, "Actual Rows": 10544, "Actual Loops": 1, "Inner Unique": false, "Plans": [{"Node Type": "Index Scan", "Parent Relationship": "Outer", "Scan Direction": "Forward", "Index Name": "keyword_pkey", "Relation Name": "keyword", "Alias": "k", "Startup Cost": 0.0, "Total Cost": 3182.72, "Plan Rows": 1, "Plan Width": 4, "Actual Startup Time": 0.446, "Actual Total Time": 114.274, "Actual Rows": 1, "Actual Loops": 1, "Filter": "((keyword)::text = 'sequel'::text)", "Rows Removed by Filter": 134168}, {"Node Type": "Index Scan", "Parent Relationship": "Inner", "Scan Direction": "Forward", "Index Name": "keyword_id_movie_keyword", "Relation Name": "movie_keyword", "Alias": "mk", "Startup Cost": 0.0, "Total Cost": 136.88, "Plan Rows": 33, "Plan Width": 8, "Actual Startup Time": 0.026, "Actual Total Time": 10.894, "Actual Rows": 10544, "Actual Loops": 1, "Index Cond": "(keyword_id = k.id)", "Rows Removed by Index Recheck": 0}]}, {"Node Type": "Index Scan", "Parent Relationship": "Inner", "Scan Direction": "Forward", "Index Name": "title_pkey", "Relation Name": "title", "Alias": "t", "Startup Cost": 0.0, "Total Cost": 0.31, "Plan Rows": 1, "Plan Width": 21, "Actual Startup Time": 45.684, "Actual Total Time": 45.684, "Actual Rows": 1, "Actual Loops": 10544, "Index Cond": "(id = mk.movie_id)", "Rows Removed by Index Recheck": 0, "Filter": "(((title)::text ~~ '%Money%'::text) AND (production_year = 1998))", "Rows Removed by Filter": 10543}]}, {"Node Type": "Index Scan", "Parent Relationship": "Inner", "Scan Direction": "Forward", "Index Name": "movie_id_movie_companies", "Relation Name": "movie_companies", "Alias": "mc", "Startup Cost": 0.0, "Total Cost": 0.31, "Plan Rows": 2, "Plan Width": 12, "Actual Startup Time": 0.011, "Actual Total Time": 0.012, "Actual Rows": 3, "Actual Loops": 1, "Index Cond": "(movie_id = mk.movie_id)", "Rows Removed by Index Recheck": 0, "Filter": "(note IS NULL)", "Rows Removed by Filter": 1}]}, {"Node Type": "Index Scan", "Parent Relationship": "Inner", "Scan Direction": "Forward", "Index Name": "company_name_pkey", "Relation Name": "company_name", "Alias": "cn", "Startup Cost": 0.0, "Total Cost": 0.29, "Plan Rows": 1, "Plan Width": 23, "Actual Startup Time": 0.031, "Actual Total Time": 0.031, "Actual Rows": 2, "Actual Loops": 3, "Index Cond": "(id = mc.company_id)", "Rows Removed by Index Recheck": 0, "Filter": "(((country_code)::text <> '[pl]'::text) AND (((name)::text ~~ '%Film%'::text) OR ((name)::text ~~ '%Warner%'::text)))", "Rows Removed by Filter": 1}]}, {"Node Type": "Index Scan", "Parent Relationship": "Inner", "Scan Direction": "Forward", "Index Name": "company_type_pkey", "Relation Name": "company_type", "Alias": "ct", "Startup Cost": 0.0, "Total Cost": 0.27, "Plan Rows": 1, "Plan Width": 4, "Actual Startup Time": 0.007, "Actual Total Time": 0.007, "Actual Rows": 2, "Actual Loops": 2, "Index Cond": "(id = mc.company_type_id)", "Rows Removed by Index Recheck": 0, "Filter": "((kind)::text = 'production companies'::text)", "Rows Removed by Filter": 0}]}, {"Node Type": "Index Scan", "Parent Relationship": "Inner", "Scan Direction": "Forward", "Index Name": "movie_id_movie_link", "Relation Name": "movie_link", "Alias": "ml", "Startup Cost": 0.0, "Total Cost": 0.35, "Plan Rows": 5, "Plan Width": 8, "Actual Startup Time": 0.011, "Actual Total Time": 0.023, "Actual Rows": 38, "Actual Loops": 2, "Index Cond": "(movie_id = mk.movie_id)", "Rows Removed by Index Recheck": 0}]}, {"Node Type": "Index Scan", "Parent Relationship": "Inner", "Scan Direction": "Forward", "Index Name": "link_type_pkey", "Relation Name": "link_type", "Alias": "lt", "Startup Cost": 0.0, "Total Cost": 0.27, "Plan Rows": 1, "Plan Width": 16, "Actual Startup Time": 0.062, "Actual Total Time": 0.062, "Actual Rows": 0, "Actual Loops": 38, "Index Cond": "(id = ml.link_type_id)", "Rows Removed by Index Recheck": 0, "Filter": "((link)::text ~~ '%follows%'::text)", "Rows Removed by Filter": 24}]}]}, "Triggers": [], "Planner Runtime": 72.754, "Total Runtime": 179.024, "Unique SQL Id": 4121279504}}, "(16, 46)": {"explain_plan": {"Plan": {"Node Type": "Aggregate", "Strategy": "Plain", "Startup Cost": 97758.44, "Total Cost": 97758.45, "Plan Rows": 1, "Plan Width": 144, "Plans": [{"Node Type": "Nested Loop", "Parent Relationship": "Outer", "Join Type": "Inner", "Startup Cost": 60329.07, "Total Cost": 97758.43, "Plan Rows": 1, "Plan Width": 48, "Inner Unique": false, "Join Filter": "(t.id = ml.movie_id)", "Plans": [{"Node Type": "Hash Join", "Parent Relationship": "Outer", "Join Type": "Inner", "Startup Cost": 17986.02, "Total Cost": 37599.91, "Plan Rows": 10, "Plan Width": 20, "Inner Unique": false, "Hash Cond": "(mk.movie_id = ml.movie_id)", "Plans": [{"Node Type": "Streaming(type: LOCAL GATHER dop: 1/16)", "Parent Relationship": "Outer", "Startup Cost": 17436.47, "Total Cost": 37048.41, "Plan Rows": 33, "Plan Width": 4, "Plans": [{"Node Type": "Hash Join", "Parent Relationship": "Outer", "Join Type": "Inner", "Startup Cost": 17436.47, "Total Cost": 37047.7, "Plan Rows": 33, "Plan Width": 4, "Inner Unique": true, "Hash Cond": "(mk.keyword_id = k.id)", "Plans": [{"Node Type": "Seq Scan", "Parent Relationship": "Outer", "Relation Name": "movie_keyword", "Alias": "mk", "Startup Cost": 0.0, "Total Cost": 18902.58, "Plan Rows": 4523929, "Plan Width": 8}, {"Node Type": "Hash", "Parent Relationship": "Inner", "Startup Cost": 17436.46, "Total Cost": 17436.46, "Plan Rows": 16, "Plan Width": 4, "Plans": [{"Node Type": "Streaming(type: BROADCAST dop: 16/1)", "Parent Relationship": "Outer", "Startup Cost": 0.0, "Total Cost": 17436.46, "Plan Rows": 16, "Plan Width": 4, "Plans": [{"Node Type": "Seq Scan", "Parent Relationship": "Outer", "Relation Name": "keyword", "Alias": "k", "Startup Cost": 0.0, "Total Cost": 2436.11, "Plan Rows": 1, "Plan Width": 4, "Filter": "((keyword)::text = 'sequel'::text)"}]}]}]}]}, {"Node Type": "Hash", "Parent Relationship": "Inner", "Startup Cost": 526.11, "Total Cost": 526.11, "Plan Rows": 1875, "Plan Width": 16, "Plans": [{"Node Type": "Hash Join", "Parent Relationship": "Outer", "Join Type": "Inner", "Startup Cost": 1.22, "Total Cost": 526.11, "Plan Rows": 1875, "Plan Width": 16, "Inner Unique": true, "Hash Cond": "(ml.link_type_id = lt.id)", "Plans": [{"Node Type": "Seq Scan", "Parent Relationship": "Outer", "Relation Name": "movie_link", "Alias": "ml", "Startup Cost": 0.0, "Total Cost": 430.96, "Plan Rows": 29996, "Plan Width": 8}, {"Node Type": "Hash", "Parent Relationship": "Inner", "Startup Cost": 1.21, "Total Cost": 1.21, "Plan Rows": 1, "Plan Width": 16, "Plans": [{"Node Type": "Seq Scan", "Parent Relationship": "Outer", "Relation Name": "link_type", "Alias": "lt", "Startup Cost": 0.0, "Total Cost": 1.21, "Plan Rows": 1, "Plan Width": 16, "Filter": "((link)::text ~~ '%follows%'::text)"}]}]}]}]}, {"Node Type": "Materialize", "Parent Relationship": "Inner", "Startup Cost": 42343.05, "Total Cost": 60158.22, "Plan Rows": 2, "Plan Width": 44, "Plans": [{"Node Type": "Nested Loop", "Parent Relationship": "Outer", "Join Type": "Inner", "Startup Cost": 42343.05, "Total Cost": 60158.21, "Plan Rows": 2, "Plan Width": 44, "Inner Unique": false, "Join Filter": "(mc.company_type_id = ct.id)", "Plans": [{"Node Type": "Seq Scan", "Parent Relationship": "Outer", "Relation Name": "company_type", "Alias": "ct", "Startup Cost": 0.0, "Total Cost": 1.04, "Plan Rows": 1, "Plan Width": 4, "Filter": "((kind)::text = 'production companies'::text)"}, {"Node Type": "Materialize", "Parent Relationship": "Inner", "Startup Cost": 42343.05, "Total Cost": 60157.15, "Plan Rows": 2, "Plan Width": 48, "Plans": [{"Node Type": "Hash Join", "Parent Relationship": "Outer", "Join Type": "Inner", "Startup Cost": 42343.05, "Total Cost": 60157.15, "Plan Rows": 2, "Plan Width": 48, "Inner Unique": true, "Hash Cond": "(mc.company_id = cn.id)", "Plans": [{"Node Type": "Streaming(type: LOCAL GATHER dop: 1/16)", "Parent Relationship": "Outer", "Startup Cost": 34544.63, "Total Cost": 52358.69, "Plan Rows": 6, "Plan Width": 33, "Plans": [{"Node Type": "Hash Join", "Parent Relationship": "Outer", "Join Type": "Inner", "Startup Cost": 34544.63, "Total Cost": 52358.56, "Plan Rows": 6, "Plan Width": 33, "Inner Unique": true, "Hash Cond": "(mc.movie_id = t.id)", "Plans": [{"Node Type": "Seq Scan", "Parent Relationship": "Outer", "Relation Name": "movie_companies", "Alias": "mc", "Startup Cost": 0.0, "Total Cost": 17613.58, "Plan Rows": 1269486, "Plan Width": 12, "Filter": "(note IS NULL), (LLVM Optimized)"}, {"Node Type": "Hash", "Parent Relationship": "Inner", "Startup Cost": 34544.58, "Total Cost": 34544.58, "Plan Rows": 64, "Plan Width": 21, "Plans": [{"Node Type": "Streaming(type: BROADCAST dop: 16/16)", "Parent Relationship": "Outer", "Startup Cost": 0.0, "Total Cost": 34544.58, "Plan Rows": 64, "Plan Width": 21, "Plans": [{"Node Type": "Seq Scan", "Parent Relationship": "Outer", "Relation Name": "title", "Alias": "t", "Startup Cost": 0.0, "Total Cost": 19544.42, "Plan Rows": 4, "Plan Width": 21, "Filter": "(((title)::text ~~ '%Money%'::text) AND (production_year = 1998))"}]}]}]}]}, {"Node Type": "Hash", "Parent Relationship": "Inner", "Startup Cost": 7078.43, "Total Cost": 7078.43, "Plan Rows": 57599, "Plan Width": 23, "Plans": [{"Node Type": "Seq Scan", "Parent Relationship": "Outer", "Relation Name": "company_name", "Alias": "cn", "Startup Cost": 0.0, "Total Cost": 7078.43, "Plan Rows": 57599, "Plan Width": 23, "Filter": "(((country_code)::text <> '[pl]'::text) AND (((name)::text ~~ '%Film%'::text) OR ((name)::text ~~ '%Warner%'::text)))"}]}]}]}]}]}]}]}, "Unique SQL Id": 4121279504}, "explain_analyze_plan": {"Plan": {"Node Type": "Aggregate", "Strategy": "Plain", "Startup Cost": 97758.44, "Total Cost": 97758.45, "Plan Rows": 1, "Plan Width": 144, "Actual Min Startup Time": 199.043, "Actual Max Startup Time": 199.043, "Actual Min Total Time": 199.044, "Actual Max Total Time": 199.044, "Actual Total Rows": 1, "Plans": [{"Node Type": "Nested Loop", "Parent Relationship": "Outer", "Join Type": "Inner", "Startup Cost": 60329.07, "Total Cost": 97758.43, "Plan Rows": 1, "Plan Width": 48, "Actual Min Startup Time": 199.032, "Actual Max Startup Time": 199.032, "Actual Min Total Time": 199.032, "Actual Max Total Time": 199.032, "Actual Total Rows": 0, "Inner Unique": false, "Join Filter": "(t.id = ml.movie_id)", "Rows Removed by Join Filter": 0, "Plans": [{"Node Type": "Hash Join", "Parent Relationship": "Outer", "Join Type": "Inner", "Startup Cost": 17986.02, "Total Cost": 37599.91, "Plan Rows": 10, "Plan Width": 20, "Actual Min Startup Time": 0.231, "Actual Max Startup Time": 0.231, "Actual Min Total Time": 0.231, "Actual Max Total Time": 0.231, "Actual Total Rows": 0, "Inner Unique": false, "Hash Cond": "(mk.movie_id = ml.movie_id)", "Plans": [{"Node Type": "Streaming(type: LOCAL GATHER dop: 1/16)", "Parent Relationship": "Outer", "Startup Cost": 17436.47, "Total Cost": 37048.41, "Plan Rows": 33, "Plan Width": 4, "Actual Startup Time": 0.0, "Actual Total Time": 0.0, "Plans": [{"Node Type": "Hash Join", "Parent Relationship": "Outer", "Join Type": "Inner", "Startup Cost": 17436.47, "Total Cost": 37047.7, "Plan Rows": 33, "Plan Width": 4, "Actual Min Startup Time": 38.145, "Actual Max Startup Time": 66.355, "Actual Min Total Time": 60.582, "Actual Max Total Time": 87.435, "Actual Total Rows": 1616, "Inner Unique": true, "Hash Cond": "(mk.keyword_id = k.id)", "Plans": [{"Node Type": "Seq Scan", "Parent Relationship": "Outer", "Relation Name": "movie_keyword", "Alias": "mk", "Startup Cost": 0.0, "Total Cost": 18902.58, "Plan Rows": 4523929, "Plan Width": 8, "Actual Min Startup Time": 0.053, "Actual Max Startup Time": 0.074, "Actual Min Total Time": 12.735, "Actual Max Total Time": 22.415, "Actual Total Rows": 1306253}, {"Node Type": "Hash", "Parent Relationship": "Inner", "Startup Cost": 17436.46, "Total Cost": 17436.46, "Plan Rows": 16, "Plan Width": 4, "Actual Min Startup Time": 37.343, "Actual Max Startup Time": 55.067, "Actual Min Total Time": 37.343, "Actual Max Total Time": 55.067, "Actual Total Rows": 16, "Max Hash Buckets": 32768, "Min Hash Buckets": 32768, "Max Hash Batches": 1, "Min Hash Batches": 1, "Max Original Hash Batches": 1, "Min Original Hash Batches": 1, "Max Peak Memory Usage": 1, "min Peak Memory Usage": 1, "Plans": [{"Node Type": "Streaming(type: BROADCAST dop: 16/1)", "Parent Relationship": "Outer", "Startup Cost": 0.0, "Total Cost": 17436.46, "Plan Rows": 16, "Plan Width": 4, "Actual Min Startup Time": 37.331, "Actual Max Startup Time": 55.052, "Actual Min Total Time": 37.331, "Actual Max Total Time": 55.053, "Actual Total Rows": 16, "Plans": [{"Node Type": "Seq Scan", "Parent Relationship": "Outer", "Relation Name": "keyword", "Alias": "k", "Startup Cost": 0.0, "Total Cost": 2436.11, "Plan Rows": 1, "Plan Width": 4, "Actual Min Startup Time": 2.474, "Actual Max Startup Time": 2.474, "Actual Min Total Time": 41.397, "Actual Max Total Time": 41.397, "Actual Total Rows": 1, "Filter": "((keyword)::text = 'sequel'::text)", "Rows Removed by Filter": 134168}]}]}]}]}, {"Node Type": "Hash", "Parent Relationship": "Inner", "Startup Cost": 526.11, "Total Cost": 526.11, "Plan Rows": 1875, "Plan Width": 16, "Actual Min Startup Time": 0.1, "Actual Max Startup Time": 0.1, "Actual Min Total Time": 0.1, "Actual Max Total Time": 0.1, "Actual Total Rows": 0, "Max Hash Buckets": 32768, "Min Hash Buckets": 32768, "Max Hash Batches": 1, "Min Hash Batches": 1, "Max Original Hash Batches": 1, "Min Original Hash Batches": 1, "Max Peak Memory Usage": 0, "min Peak Memory Usage": 0, "Plans": [{"Node Type": "Hash Join", "Parent Relationship": "Outer", "Join Type": "Inner", "Startup Cost": 1.22, "Total Cost": 526.11, "Plan Rows": 1875, "Plan Width": 16, "Actual Min Startup Time": 0.099, "Actual Max Startup Time": 0.099, "Actual Min Total Time": 0.099, "Actual Max Total Time": 0.099, "Actual Total Rows": 0, "Inner Unique": true, "Hash Cond": "(ml.link_type_id = lt.id)", "Plans": [{"Node Type": "Seq Scan", "Parent Relationship": "Outer", "Relation Name": "movie_link", "Alias": "ml", "Startup Cost": 0.0, "Total Cost": 430.96, "Plan Rows": 29996, "Plan Width": 8, "Actual Min Startup Time": 0.042, "Actual Max Startup Time": 0.042, "Actual Min Total Time": 0.042, "Actual Max Total Time": 0.042, "Actual Total Rows": 1}, {"Node Type": "Hash", "Parent Relationship": "Inner", "Startup Cost": 1.21, "Total Cost": 1.21, "Plan Rows": 1, "Plan Width": 16, "Actual Min Startup Time": 0.026, "Actual Max Startup Time": 0.026, "Actual Min Total Time": 0.026, "Actual Max Total Time": 0.026, "Actual Total Rows": 0, "Max Hash Buckets": 32768, "Min Hash Buckets": 32768, "Max Hash Batches": 1, "Min Hash Batches": 1, "Max Original Hash Batches": 1, "Min Original Hash Batches": 1, "Max Peak Memory Usage": 0, "min Peak Memory Usage": 0, "Plans": [{"Node Type": "Seq Scan", "Parent Relationship": "Outer", "Relation Name": "link_type", "Alias": "lt", "Startup Cost": 0.0, "Total Cost": 1.21, "Plan Rows": 1, "Plan Width": 16, "Actual Min Startup Time": 0.025, "Actual Max Startup Time": 0.025, "Actual Min Total Time": 0.025, "Actual Max Total Time": 0.025, "Actual Total Rows": 0, "Filter": "((link)::text ~~ '%follows%'::text)", "Rows Removed by Filter": 17}]}]}]}]}, {"Node Type": "Materialize", "Parent Relationship": "Inner", "Startup Cost": 42343.05, "Total Cost": 60158.22, "Plan Rows": 2, "Plan Width": 44, "Actual Min Startup Time": 198.774, "Actual Max Startup Time": 198.774, "Actual Min Total Time": 198.774, "Actual Max Total Time": 198.774, "Actual Total Rows": 1, "Plans": [{"Node Type": "Nested Loop", "Parent Relationship": "Outer", "Join Type": "Inner", "Startup Cost": 42343.05, "Total Cost": 60158.21, "Plan Rows": 2, "Plan Width": 44, "Actual Min Startup Time": 198.759, "Actual Max Startup Time": 198.759, "Actual Min Total Time": 198.762, "Actual Max Total Time": 198.762, "Actual Total Rows": 5, "Inner Unique": false, "Join Filter": "(mc.company_type_id = ct.id)", "Rows Removed by Join Filter": 0, "Plans": [{"Node Type": "Seq Scan", "Parent Relationship": "Outer", "Relation Name": "company_type", "Alias": "ct", "Startup Cost": 0.0, "Total Cost": 1.04, "Plan Rows": 1, "Plan Width": 4, "Actual Min Startup Time": 0.017, "Actual Max Startup Time": 0.017, "Actual Min Total Time": 0.018, "Actual Max Total Time": 0.018, "Actual Total Rows": 1, "Filter": "((kind)::text = 'production companies'::text)", "Rows Removed by Filter": 2}, {"Node Type": "Materialize", "Parent Relationship": "Inner", "Startup Cost": 42343.05, "Total Cost": 60157.15, "Plan Rows": 2, "Plan Width": 48, "Actual Min Startup Time": 198.601, "Actual Max Startup Time": 198.601, "Actual Min Total Time": 198.601, "Actual Max Total Time": 198.601, "Actual Total Rows": 6, "Plans": [{"Node Type": "Hash Join", "Parent Relationship": "Outer", "Join Type": "Inner", "Startup Cost": 42343.05, "Total Cost": 60157.15, "Plan Rows": 2, "Plan Width": 48, "Actual Min Startup Time": 195.891, "Actual Max Startup Time": 195.891, "Actual Min Total Time": 198.587, "Actual Max Total Time": 198.587, "Actual Total Rows": 5, "Inner Unique": true, "Hash Cond": "(mc.company_id = cn.id)", "Plans": [{"Node Type": "Streaming(type: LOCAL GATHER dop: 1/16)", "Parent Relationship": "Outer", "Startup Cost": 34544.63, "Total Cost": 52358.69, "Plan Rows": 6, "Plan Width": 33, "Actual Min Startup Time": 7.466, "Actual Max Startup Time": 7.466, "Actual Min Total Time": 14.368, "Actual Max Total Time": 14.368, "Actual Total Rows": 22, "Plans": [{"Node Type": "Hash Join", "Parent Relationship": "Outer", "Join Type": "Inner", "Startup Cost": 34544.63, "Total Cost": 52358.56, "Plan Rows": 6, "Plan Width": 33, "Actual Min Startup Time": 58.635, "Actual Max Startup Time": 124.5, "Actual Min Total Time": 93.5, "Actual Max Total Time": 128.538, "Actual Total Rows": 22, "Inner Unique": true, "Hash Cond": "(mc.movie_id = t.id)", "Plans": [{"Node Type": "Seq Scan", "Parent Relationship": "Outer", "Relation Name": "movie_companies", "Alias": "mc", "Startup Cost": 0.0, "Total Cost": 17613.58, "Plan Rows": 1269486, "Plan Width": 12, "Actual Min Startup Time": 0.028, "Actual Max Startup Time": 0.148, "Actual Min Total Time": 36.442, "Actual Max Total Time": 45.005, "Actual Total Rows": 1271989, "Filter": "(note IS NULL), (LLVM Optimized)", "Rows Removed by Filter": 1337139}, {"Node Type": "Hash", "Parent Relationship": "Inner", "Startup Cost": 34544.58, "Total Cost": 34544.58, "Plan Rows": 64, "Plan Width": 21, "Actual Min Startup Time": 44.692, "Actual Max Startup Time": 72.098, "Actual Min Total Time": 44.692, "Actual Max Total Time": 72.098, "Actual Total Rows": 576, "Max Hash Buckets": 32768, "Min Hash Buckets": 32768, "Max Hash Batches": 1, "Min Hash Batches": 1, "Max Original Hash Batches": 1, "Min Original Hash Batches": 1, "Max Peak Memory Usage": 3, "min Peak Memory Usage": 3, "Plans": [{"Node Type": "Streaming(type: BROADCAST dop: 16/16)", "Parent Relationship": "Outer", "Startup Cost": 0.0, "Total Cost": 34544.58, "Plan Rows": 64, "Plan Width": 21, "Actual Min Startup Time": 24.598, "Actual Max Startup Time": 52.009, "Actual Min Total Time": 44.665, "Actual Max Total Time": 72.07, "Actual Total Rows": 576, "Plans": [{"Node Type": "Seq Scan", "Parent Relationship": "Outer", "Relation Name": "title", "Alias": "t", "Startup Cost": 0.0, "Total Cost": 19544.42, "Plan Rows": 4, "Plan Width": 21, "Actual Min Startup Time": 1.457, "Actual Max Startup Time": 64.073, "Actual Min Total Time": 60.694, "Actual Max Total Time": 64.179, "Actual Total Rows": 36, "Filter": "(((title)::text ~~ '%Money%'::text) AND (production_year = 1998))", "Rows Removed by Filter": 2528275}]}]}]}]}, {"Node Type": "Hash", "Parent Relationship": "Inner", "Startup Cost": 7078.43, "Total Cost": 7078.43, "Plan Rows": 57599, "Plan Width": 23, "Actual Min Startup Time": 184.107, "Actual Max Startup Time": 184.107, "Actual Min Total Time": 184.107, "Actual Max Total Time": 184.107, "Actual Total Rows": 48302, "Max Hash Buckets": 65536, "Min Hash Buckets": 65536, "Max Hash Batches": 1, "Min Hash Batches": 1, "Max Original Hash Batches": 1, "Min Original Hash Batches": 1, "Max Peak Memory Usage": 2625, "min Peak Memory Usage": 2625, "Plans": [{"Node Type": "Seq Scan", "Parent Relationship": "Outer", "Relation Name": "company_name", "Alias": "cn", "Startup Cost": 0.0, "Total Cost": 7078.43, "Plan Rows": 57599, "Plan Width": 23, "Actual Min Startup Time": 0.078, "Actual Max Startup Time": 0.078, "Actual Min Total Time": 168.172, "Actual Max Total Time": 168.172, "Actual Total Rows": 48302, "Filter": "(((country_code)::text <> '[pl]'::text) AND (((name)::text ~~ '%Film%'::text) OR ((name)::text ~~ '%Warner%'::text)))", "Rows Removed by Filter": 186694}]}]}]}]}]}]}]}, "Triggers": [], "Planner Runtime": 356.168, "Total Runtime": 218.317, "Unique SQL Id": 4121279504}}, "(16, 47)": {"explain_plan": {"Plan": {"Node Type": "Aggregate", "Strategy": "Plain", "Startup Cost": 8000028072196.74, "Total Cost": 8000028072196.75, "Plan Rows": 1, "Plan Width": 144, "Plans": [{"Node Type": "Nested Loop", "Parent Relationship": "Outer", "Join Type": "Inner", "Startup Cost": 80000000000.0, "Total Cost": 8000028072196.73, "Plan Rows": 1, "Plan Width": 48, "Inner Unique": false, "Join Filter": "(ml.movie_id = t.id)", "Plans": [{"Node Type": "Nested Loop", "Parent Relationship": "Outer", "Join Type": "Inner", "Startup Cost": 20000000000.0, "Total Cost": 2000000107907.07, "Plan Rows": 1875, "Plan Width": 16, "Inner Unique": true, "Join Filter": "(lt.id = ml.link_type_id)", "Plans": [{"Node Type": "Index Scan", "Parent Relationship": "Outer", "Scan Direction": "Forward", "Index Name": "movie_id_movie_link", "Relation Name": "movie_link", "Alias": "ml", "Startup Cost": 10000000000.0, "Total Cost": 1000000106202.37, "Plan Rows": 29996, "Plan Width": 8}, {"Node Type": "Materialize", "Parent Relationship": "Inner", "Startup Cost": 10000000000.0, "Total Cost": 1000000001254.76, "Plan Rows": 1, "Plan Width": 16, "Plans": [{"Node Type": "Index Scan", "Parent Relationship": "Outer", "Scan Direction": "Forward", "Index Name": "link_type_pkey", "Relation Name": "link_type", "Alias": "lt", "Startup Cost": 10000000000.0, "Total Cost": 1000000001254.75, "Plan Rows": 1, "Plan Width": 16, "Filter": "((link)::text ~~ '%follows%'::text)"}]}]}, {"Node Type": "Materialize", "Parent Relationship": "Inner", "Startup Cost": 60000000000.0, "Total Cost": 6000027964261.54, "Plan Rows": 1, "Plan Width": 48, "Plans": [{"Node Type": "Nested Loop", "Parent Relationship": "Outer", "Join Type": "Inner", "Startup Cost": 60000000000.0, "Total Cost": 6000027964261.54, "Plan Rows": 1, "Plan Width": 48, "Inner Unique": true, "Join Filter": "(mc.company_type_id = ct.id)", "Plans": [{"Node Type": "Nested Loop", "Parent Relationship": "Outer", "Join Type": "Inner", "Startup Cost": 50000000000.0, "Total Cost": 5000027963031.28, "Plan Rows": 1, "Plan Width": 52, "Inner Unique": true, "Plans": [{"Node Type": "Nested Loop", "Parent Relationship": "Outer", "Join Type": "Inner", "Startup Cost": 40000000000.0, "Total Cost": 4000027963002.46, "Plan Rows": 1, "Plan Width": 37, "Inner Unique": false, "Join Filter": "(t.id = mc.movie_id)", "Plans": [{"Node Type": "Nested Loop", "Parent Relationship": "Outer", "Join Type": "Inner", "Startup Cost": 30000000000.0, "Total Cost": 3000027962971.19, "Plan Rows": 1, "Plan Width": 25, "Inner Unique": true, "Join Filter": "(mk.movie_id = t.id)", "Plans": [{"Node Type": "Nested Loop", "Parent Relationship": "Outer", "Join Type": "Inner", "Startup Cost": 20000000000.0, "Total Cost": 2000015686764.79, "Plan Rows": 33, "Plan Width": 4, "Inner Unique": true, "Join Filter": "(k.id = mk.keyword_id)", "Plans": [{"Node Type": "Index Scan", "Parent Relationship": "Outer", "Scan Direction": "Forward", "Index Name": "movie_id_movie_keyword", "Relation Name": "movie_keyword", "Alias": "mk", "Startup Cost": 10000000000.0, "Total Cost": 1000015300634.17, "Plan Rows": 4523929, "Plan Width": 8}, {"Node Type": "Materialize", "Parent Relationship": "Inner", "Startup Cost": 10000000000.0, "Total Cost": 1000000318271.69, "Plan Rows": 1, "Plan Width": 4, "Plans": [{"Node Type": "Index Scan", "Parent Relationship": "Outer", "Scan Direction": "Forward", "Index Name": "keyword_pkey", "Relation Name": "keyword", "Alias": "k", "Startup Cost": 10000000000.0, "Total Cost": 1000000318271.68, "Plan Rows": 1, "Plan Width": 4, "Filter": "((keyword)::text = 'sequel'::text)"}]}]}, {"Node Type": "Materialize", "Parent Relationship": "Inner", "Startup Cost": 10000000000.0, "Total Cost": 1000012276204.43, "Plan Rows": 4, "Plan Width": 21, "Plans": [{"Node Type": "Index Scan", "Parent Relationship": "Outer", "Scan Direction": "Forward", "Index Name": "title_pkey", "Relation Name": "title", "Alias": "t", "Startup Cost": 10000000000.0, "Total Cost": 1000012276204.41, "Plan Rows": 4, "Plan Width": 21, "Filter": "(((title)::text ~~ '%Money%'::text) AND (production_year = 1998))"}]}]}, {"Node Type": "Index Scan", "Parent Relationship": "Inner", "Scan Direction": "Forward", "Index Name": "movie_id_movie_companies", "Relation Name": "movie_companies", "Alias": "mc", "Startup Cost": 10000000000.0, "Total Cost": 1000000000031.24, "Plan Rows": 2, "Plan Width": 12, "Index Cond": "(movie_id = mk.movie_id)", "Filter": "(note IS NULL)"}]}, {"Node Type": "Index Scan", "Parent Relationship": "Inner", "Scan Direction": "Forward", "Index Name": "company_name_pkey", "Relation Name": "company_name", "Alias": "cn", "Startup Cost": 10000000000.0, "Total Cost": 1000000000028.81, "Plan Rows": 1, "Plan Width": 23, "Index Cond": "(id = mc.company_id)", "Filter": "(((country_code)::text <> '[pl]'::text) AND (((name)::text ~~ '%Film%'::text) OR ((name)::text ~~ '%Warner%'::text)))"}]}, {"Node Type": "Index Scan", "Parent Relationship": "Inner", "Scan Direction": "Forward", "Index Name": "company_type_pkey", "Relation Name": "company_type", "Alias": "ct", "Startup Cost": 10000000000.0, "Total Cost": 1000000001230.25, "Plan Rows": 1, "Plan Width": 4, "Filter": "((kind)::text = 'production companies'::text)"}]}]}]}]}, "Unique SQL Id": 4121279504}, "explain_analyze_plan": {"Plan": {"Node Type": "Aggregate", "Strategy": "Plain", "Startup Cost": 8000028072196.74, "Total Cost": 8000028072196.75, "Plan Rows": 1, "Plan Width": 144, "Actual Startup Time": 20.361, "Actual Total Time": 20.361, "Actual Rows": 1, "Actual Loops": 1, "Plans": [{"Node Type": "Nested Loop", "Parent Relationship": "Outer", "Join Type": "Inner", "Startup Cost": 80000000000.0, "Total Cost": 8000028072196.73, "Plan Rows": 1, "Plan Width": 48, "Actual Startup Time": 20.352, "Actual Total Time": 20.352, "Actual Rows": 0, "Actual Loops": 1, "Inner Unique": false, "Join Filter": "(ml.movie_id = t.id)", "Rows Removed by Join Filter": 0, "Plans": [{"Node Type": "Nested Loop", "Parent Relationship": "Outer", "Join Type": "Inner", "Startup Cost": 20000000000.0, "Total Cost": 2000000107907.07, "Plan Rows": 1875, "Plan Width": 16, "Actual Startup Time": 20.35, "Actual Total Time": 20.35, "Actual Rows": 0, "Actual Loops": 1, "Inner Unique": true, "Join Filter": "(lt.id = ml.link_type_id)", "Rows Removed by Join Filter": 0, "Plans": [{"Node Type": "Index Scan", "Parent Relationship": "Outer", "Scan Direction": "Forward", "Index Name": "movie_id_movie_link", "Relation Name": "movie_link", "Alias": "ml", "Startup Cost": 10000000000.0, "Total Cost": 1000000106202.37, "Plan Rows": 29996, "Plan Width": 8, "Actual Startup Time": 0.043, "Actual Total Time": 12.152, "Actual Rows": 29996, "Actual Loops": 1}, {"Node Type": "Materialize", "Parent Relationship": "Inner", "Startup Cost": 10000000000.0, "Total Cost": 1000000001254.76, "Plan Rows": 1, "Plan Width": 16, "Actual Startup Time": 2.777, "Actual Total Time": 2.777, "Actual Rows": 0, "Actual Loops": 29996, "Plans": [{"Node Type": "Index Scan", "Parent Relationship": "Outer", "Scan Direction": "Forward", "Index Name": "link_type_pkey", "Relation Name": "link_type", "Alias": "lt", "Startup Cost": 10000000000.0, "Total Cost": 1000000001254.75, "Plan Rows": 1, "Plan Width": 16, "Actual Startup Time": 0.028, "Actual Total Time": 0.028, "Actual Rows": 0, "Actual Loops": 1, "Filter": "((link)::text ~~ '%follows%'::text)", "Rows Removed by Filter": 17}]}]}, {"Node Type": "Materialize", "Parent Relationship": "Inner", "Startup Cost": 60000000000.0, "Total Cost": 6000027964261.54, "Plan Rows": 1, "Plan Width": 48, "Actual Startup Time": 0.0, "Actual Total Time": 0.0, "Plans": [{"Node Type": "Nested Loop", "Parent Relationship": "Outer", "Join Type": "Inner", "Startup Cost": 60000000000.0, "Total Cost": 6000027964261.54, "Plan Rows": 1, "Plan Width": 48, "Actual Startup Time": 0.0, "Actual Total Time": 0.0, "Inner Unique": true, "Join Filter": "(mc.company_type_id = ct.id)", "Rows Removed by Join Filter": 0, "Plans": [{"Node Type": "Nested Loop", "Parent Relationship": "Outer", "Join Type": "Inner", "Startup Cost": 50000000000.0, "Total Cost": 5000027963031.28, "Plan Rows": 1, "Plan Width": 52, "Actual Startup Time": 0.0, "Actual Total Time": 0.0, "Inner Unique": true, "Plans": [{"Node Type": "Nested Loop", "Parent Relationship": "Outer", "Join Type": "Inner", "Startup Cost": 40000000000.0, "Total Cost": 4000027963002.46, "Plan Rows": 1, "Plan Width": 37, "Actual Startup Time": 0.0, "Actual Total Time": 0.0, "Inner Unique": false, "Join Filter": "(t.id = mc.movie_id)", "Rows Removed by Join Filter": 0, "Plans": [{"Node Type": "Nested Loop", "Parent Relationship": "Outer", "Join Type": "Inner", "Startup Cost": 30000000000.0, "Total Cost": 3000027962971.19, "Plan Rows": 1, "Plan Width": 25, "Actual Startup Time": 0.0, "Actual Total Time": 0.0, "Inner Unique": true, "Join Filter": "(mk.movie_id = t.id)", "Rows Removed by Join Filter": 0, "Plans": [{"Node Type": "Nested Loop", "Parent Relationship": "Outer", "Join Type": "Inner", "Startup Cost": 20000000000.0, "Total Cost": 2000015686764.79, "Plan Rows": 33, "Plan Width": 4, "Actual Startup Time": 0.0, "Actual Total Time": 0.0, "Inner Unique": true, "Join Filter": "(k.id = mk.keyword_id)", "Rows Removed by Join Filter": 0, "Plans": [{"Node Type": "Index Scan", "Parent Relationship": "Outer", "Scan Direction": "Forward", "Index Name": "movie_id_movie_keyword", "Relation Name": "movie_keyword", "Alias": "mk", "Startup Cost": 10000000000.0, "Total Cost": 1000015300634.17, "Plan Rows": 4523929, "Plan Width": 8, "Actual Startup Time": 0.0, "Actual Total Time": 0.0}, {"Node Type": "Materialize", "Parent Relationship": "Inner", "Startup Cost": 10000000000.0, "Total Cost": 1000000318271.69, "Plan Rows": 1, "Plan Width": 4, "Actual Startup Time": 0.0, "Actual Total Time": 0.0, "Plans": [{"Node Type": "Index Scan", "Parent Relationship": "Outer", "Scan Direction": "Forward", "Index Name": "keyword_pkey", "Relation Name": "keyword", "Alias": "k", "Startup Cost": 10000000000.0, "Total Cost": 1000000318271.68, "Plan Rows": 1, "Plan Width": 4, "Actual Startup Time": 0.0, "Actual Total Time": 0.0, "Filter": "((keyword)::text = 'sequel'::text)", "Rows Removed by Filter": 0}]}]}, {"Node Type": "Materialize", "Parent Relationship": "Inner", "Startup Cost": 10000000000.0, "Total Cost": 1000012276204.43, "Plan Rows": 4, "Plan Width": 21, "Actual Startup Time": 0.0, "Actual Total Time": 0.0, "Plans": [{"Node Type": "Index Scan", "Parent Relationship": "Outer", "Scan Direction": "Forward", "Index Name": "title_pkey", "Relation Name": "title", "Alias": "t", "Startup Cost": 10000000000.0, "Total Cost": 1000012276204.41, "Plan Rows": 4, "Plan Width": 21, "Actual Startup Time": 0.0, "Actual Total Time": 0.0, "Filter": "(((title)::text ~~ '%Money%'::text) AND (production_year = 1998))", "Rows Removed by Filter": 0}]}]}, {"Node Type": "Index Scan", "Parent Relationship": "Inner", "Scan Direction": "Forward", "Index Name": "movie_id_movie_companies", "Relation Name": "movie_companies", "Alias": "mc", "Startup Cost": 10000000000.0, "Total Cost": 1000000000031.24, "Plan Rows": 2, "Plan Width": 12, "Actual Startup Time": 0.0, "Actual Total Time": 0.0, "Index Cond": "(movie_id = mk.movie_id)", "Rows Removed by Index Recheck": 0, "Filter": "(note IS NULL)", "Rows Removed by Filter": 0}]}, {"Node Type": "Index Scan", "Parent Relationship": "Inner", "Scan Direction": "Forward", "Index Name": "company_name_pkey", "Relation Name": "company_name", "Alias": "cn", "Startup Cost": 10000000000.0, "Total Cost": 1000000000028.81, "Plan Rows": 1, "Plan Width": 23, "Actual Startup Time": 0.0, "Actual Total Time": 0.0, "Index Cond": "(id = mc.company_id)", "Rows Removed by Index Recheck": 0, "Filter": "(((country_code)::text <> '[pl]'::text) AND (((name)::text ~~ '%Film%'::text) OR ((name)::text ~~ '%Warner%'::text)))", "Rows Removed by Filter": 0}]}, {"Node Type": "Index Scan", "Parent Relationship": "Inner", "Scan Direction": "Forward", "Index Name": "company_type_pkey", "Relation Name": "company_type", "Alias": "ct", "Startup Cost": 10000000000.0, "Total Cost": 1000000001230.25, "Plan Rows": 1, "Plan Width": 4, "Actual Startup Time": 0.0, "Actual Total Time": 0.0, "Filter": "((kind)::text = 'production companies'::text)", "Rows Removed by Filter": 0}]}]}]}]}, "Triggers": [], "Planner Runtime": 101.489, "Total Runtime": 20.737, "Unique SQL Id": 4121279504}}, "(16, 48)": {"explain_plan": {"Plan": {"Node Type": "Aggregate", "Strategy": "Plain", "Startup Cost": 2581.34, "Total Cost": 2581.35, "Plan Rows": 1, "Plan Width": 144, "Plans": [{"Node Type": "Nested Loop", "Parent Relationship": "Outer", "Join Type": "Inner", "Startup Cost": 4.51, "Total Cost": 2581.33, "Plan Rows": 1, "Plan Width": 48, "Inner Unique": true, "Plans": [{"Node Type": "Nested Loop", "Parent Relationship": "Outer", "Join Type": "Inner", "Startup Cost": 4.51, "Total Cost": 2581.05, "Plan Rows": 1, "Plan Width": 40, "Inner Unique": false, "Join Filter": "(t.id = ml.movie_id)", "Plans": [{"Node Type": "Nested Loop", "Parent Relationship": "Outer", "Join Type": "Inner", "Startup Cost": 4.51, "Total Cost": 2580.63, "Plan Rows": 1, "Plan Width": 48, "Inner Unique": true, "Plans": [{"Node Type": "Nested Loop", "Parent Relationship": "Outer", "Join Type": "Inner", "Startup Cost": 4.51, "Total Cost": 2580.35, "Plan Rows": 1, "Plan Width": 52, "Inner Unique": true, "Plans": [{"Node Type": "Nested Loop", "Parent Relationship": "Outer", "Join Type": "Inner", "Startup Cost": 4.51, "Total Cost": 2580.05, "Plan Rows": 1, "Plan Width": 37, "Inner Unique": false, "Join Filter": "(t.id = mc.movie_id)", "Plans": [{"Node Type": "Nested Loop", "Parent Relationship": "Outer", "Join Type": "Inner", "Startup Cost": 4.51, "Total Cost": 2579.71, "Plan Rows": 1, "Plan Width": 25, "Inner Unique": true, "Plans": [{"Node Type": "Nested Loop", "Parent Relationship": "Outer", "Join Type": "Inner", "Startup Cost": 4.51, "Total Cost": 2569.02, "Plan Rows": 33, "Plan Width": 4, "Inner Unique": false, "Plans": [{"Node Type": "Seq Scan", "Parent Relationship": "Outer", "Relation Name": "keyword", "Alias": "k", "Startup Cost": 0.0, "Total Cost": 2436.11, "Plan Rows": 1, "Plan Width": 4, "Filter": "((keyword)::text = 'sequel'::text)"}, {"Node Type": "Bitmap Heap Scan", "Parent Relationship": "Inner", "Relation Name": "movie_keyword", "Alias": "mk", "Startup Cost": 4.51, "Total Cost": 132.58, "Plan Rows": 33, "Plan Width": 8, "Recheck Cond": "(keyword_id = k.id)", "Plans": [{"Node Type": "Bitmap Index Scan", "Parent Relationship": "Outer", "Index Name": "keyword_id_movie_keyword", "Startup Cost": 0.0, "Total Cost": 4.5, "Plan Rows": 33, "Plan Width": 0, "Index Cond": "(keyword_id = k.id)"}]}]}, {"Node Type": "Index Scan", "Parent Relationship": "Inner", "Scan Direction": "Forward", "Index Name": "title_pkey", "Relation Name": "title", "Alias": "t", "Startup Cost": 0.0, "Total Cost": 0.31, "Plan Rows": 1, "Plan Width": 21, "Index Cond": "(id = mk.movie_id)", "Filter": "(((title)::text ~~ '%Money%'::text) AND (production_year = 1998))"}]}, {"Node Type": "Index Scan", "Parent Relationship": "Inner", "Scan Direction": "Forward", "Index Name": "movie_id_movie_companies", "Relation Name": "movie_companies", "Alias": "mc", "Startup Cost": 0.0, "Total Cost": 0.31, "Plan Rows": 2, "Plan Width": 12, "Index Cond": "(movie_id = mk.movie_id)", "Filter": "(note IS NULL)"}]}, {"Node Type": "Index Scan", "Parent Relationship": "Inner", "Scan Direction": "Forward", "Index Name": "company_name_pkey", "Relation Name": "company_name", "Alias": "cn", "Startup Cost": 0.0, "Total Cost": 0.29, "Plan Rows": 1, "Plan Width": 23, "Index Cond": "(id = mc.company_id)", "Filter": "(((country_code)::text <> '[pl]'::text) AND (((name)::text ~~ '%Film%'::text) OR ((name)::text ~~ '%Warner%'::text)))"}]}, {"Node Type": "Index Scan", "Parent Relationship": "Inner", "Scan Direction": "Forward", "Index Name": "company_type_pkey", "Relation Name": "company_type", "Alias": "ct", "Startup Cost": 0.0, "Total Cost": 0.27, "Plan Rows": 1, "Plan Width": 4, "Index Cond": "(id = mc.company_type_id)", "Filter": "((kind)::text = 'production companies'::text)"}]}, {"Node Type": "Index Scan", "Parent Relationship": "Inner", "Scan Direction": "Forward", "Index Name": "movie_id_movie_link", "Relation Name": "movie_link", "Alias": "ml", "Startup Cost": 0.0, "Total Cost": 0.35, "Plan Rows": 5, "Plan Width": 8, "Index Cond": "(movie_id = mk.movie_id)"}]}, {"Node Type": "Index Scan", "Parent Relationship": "Inner", "Scan Direction": "Forward", "Index Name": "link_type_pkey", "Relation Name": "link_type", "Alias": "lt", "Startup Cost": 0.0, "Total Cost": 0.27, "Plan Rows": 1, "Plan Width": 16, "Index Cond": "(id = ml.link_type_id)", "Filter": "((link)::text ~~ '%follows%'::text)"}]}]}, "Unique SQL Id": 4121279504}, "explain_analyze_plan": {"Plan": {"Node Type": "Aggregate", "Strategy": "Plain", "Startup Cost": 2581.34, "Total Cost": 2581.35, "Plan Rows": 1, "Plan Width": 144, "Actual Startup Time": 126.718, "Actual Total Time": 126.718, "Actual Rows": 1, "Actual Loops": 1, "Plans": [{"Node Type": "Nested Loop", "Parent Relationship": "Outer", "Join Type": "Inner", "Startup Cost": 4.51, "Total Cost": 2581.33, "Plan Rows": 1, "Plan Width": 48, "Actual Startup Time": 126.712, "Actual Total Time": 126.712, "Actual Rows": 0, "Actual Loops": 1, "Inner Unique": true, "Plans": [{"Node Type": "Nested Loop", "Parent Relationship": "Outer", "Join Type": "Inner", "Startup Cost": 4.51, "Total Cost": 2581.05, "Plan Rows": 1, "Plan Width": 40, "Actual Startup Time": 6.094, "Actual Total Time": 126.628, "Actual Rows": 38, "Actual Loops": 1, "Inner Unique": false, "Join Filter": "(t.id = ml.movie_id)", "Rows Removed by Join Filter": 0, "Plans": [{"Node Type": "Nested Loop", "Parent Relationship": "Outer", "Join Type": "Inner", "Startup Cost": 4.51, "Total Cost": 2580.63, "Plan Rows": 1, "Plan Width": 48, "Actual Startup Time": 6.079, "Actual Total Time": 126.579, "Actual Rows": 2, "Actual Loops": 1, "Inner Unique": true, "Plans": [{"Node Type": "Nested Loop", "Parent Relationship": "Outer", "Join Type": "Inner", "Startup Cost": 4.51, "Total Cost": 2580.35, "Plan Rows": 1, "Plan Width": 52, "Actual Startup Time": 6.07, "Actual Total Time": 126.566, "Actual Rows": 2, "Actual Loops": 1, "Inner Unique": true, "Plans": [{"Node Type": "Nested Loop", "Parent Relationship": "Outer", "Join Type": "Inner", "Startup Cost": 4.51, "Total Cost": 2580.05, "Plan Rows": 1, "Plan Width": 37, "Actual Startup Time": 6.053, "Actual Total Time": 126.529, "Actual Rows": 3, "Actual Loops": 1, "Inner Unique": false, "Join Filter": "(t.id = mc.movie_id)", "Rows Removed by Join Filter": 0, "Plans": [{"Node Type": "Nested Loop", "Parent Relationship": "Outer", "Join Type": "Inner", "Startup Cost": 4.51, "Total Cost": 2579.71, "Plan Rows": 1, "Plan Width": 25, "Actual Startup Time": 6.03, "Actual Total Time": 126.501, "Actual Rows": 1, "Actual Loops": 1, "Inner Unique": true, "Plans": [{"Node Type": "Nested Loop", "Parent Relationship": "Outer", "Join Type": "Inner", "Startup Cost": 4.51, "Total Cost": 2569.02, "Plan Rows": 33, "Plan Width": 4, "Actual Startup Time": 5.681, "Actual Total Time": 64.348, "Actual Rows": 10544, "Actual Loops": 1, "Inner Unique": false, "Plans": [{"Node Type": "Seq Scan", "Parent Relationship": "Outer", "Relation Name": "keyword", "Alias": "k", "Startup Cost": 0.0, "Total Cost": 2436.11, "Plan Rows": 1, "Plan Width": 4, "Actual Startup Time": 2.377, "Actual Total Time": 41.877, "Actual Rows": 1, "Actual Loops": 1, "Filter": "((keyword)::text = 'sequel'::text)", "Rows Removed by Filter": 134168}, {"Node Type": "Bitmap Heap Scan", "Parent Relationship": "Inner", "Relation Name": "movie_keyword", "Alias": "mk", "Startup Cost": 4.51, "Total Cost": 132.58, "Plan Rows": 33, "Plan Width": 8, "Actual Startup Time": 3.296, "Actual Total Time": 20.334, "Actual Rows": 10544, "Actual Loops": 1, "Recheck Cond": "(keyword_id = k.id)", "Rows Removed by Index Recheck": 0, "Exact Heap Blocks": 5090, "Lossy Heap Blocks": 5090, "Plans": [{"Node Type": "Bitmap Index Scan", "Parent Relationship": "Outer", "Index Name": "keyword_id_movie_keyword", "Startup Cost": 0.0, "Total Cost": 4.5, "Plan Rows": 33, "Plan Width": 0, "Actual Startup Time": 2.369, "Actual Total Time": 2.369, "Actual Rows": 10544, "Actual Loops": 1, "Index Cond": "(keyword_id = k.id)"}]}]}, {"Node Type": "Index Scan", "Parent Relationship": "Inner", "Scan Direction": "Forward", "Index Name": "title_pkey", "Relation Name": "title", "Alias": "t", "Startup Cost": 0.0, "Total Cost": 0.31, "Plan Rows": 1, "Plan Width": 21, "Actual Startup Time": 56.882, "Actual Total Time": 56.882, "Actual Rows": 1, "Actual Loops": 10544, "Index Cond": "(id = mk.movie_id)", "Rows Removed by Index Recheck": 0, "Filter": "(((title)::text ~~ '%Money%'::text) AND (production_year = 1998))", "Rows Removed by Filter": 10543}]}, {"Node Type": "Index Scan", "Parent Relationship": "Inner", "Scan Direction": "Forward", "Index Name": "movie_id_movie_companies", "Relation Name": "movie_companies", "Alias": "mc", "Startup Cost": 0.0, "Total Cost": 0.31, "Plan Rows": 2, "Plan Width": 12, "Actual Startup Time": 0.018, "Actual Total Time": 0.02, "Actual Rows": 3, "Actual Loops": 1, "Index Cond": "(movie_id = mk.movie_id)", "Rows Removed by Index Recheck": 0, "Filter": "(note IS NULL)", "Rows Removed by Filter": 1}]}, {"Node Type": "Index Scan", "Parent Relationship": "Inner", "Scan Direction": "Forward", "Index Name": "company_name_pkey", "Relation Name": "company_name", "Alias": "cn", "Startup Cost": 0.0, "Total Cost": 0.29, "Plan Rows": 1, "Plan Width": 23, "Actual Startup Time": 0.032, "Actual Total Time": 0.032, "Actual Rows": 2, "Actual Loops": 3, "Index Cond": "(id = mc.company_id)", "Rows Removed by Index Recheck": 0, "Filter": "(((country_code)::text <> '[pl]'::text) AND (((name)::text ~~ '%Film%'::text) OR ((name)::text ~~ '%Warner%'::text)))", "Rows Removed by Filter": 1}]}, {"Node Type": "Index Scan", "Parent Relationship": "Inner", "Scan Direction": "Forward", "Index Name": "company_type_pkey", "Relation Name": "company_type", "Alias": "ct", "Startup Cost": 0.0, "Total Cost": 0.27, "Plan Rows": 1, "Plan Width": 4, "Actual Startup Time": 0.008, "Actual Total Time": 0.008, "Actual Rows": 2, "Actual Loops": 2, "Index Cond": "(id = mc.company_type_id)", "Rows Removed by Index Recheck": 0, "Filter": "((kind)::text = 'production companies'::text)", "Rows Removed by Filter": 0}]}, {"Node Type": "Index Scan", "Parent Relationship": "Inner", "Scan Direction": "Forward", "Index Name": "movie_id_movie_link", "Relation Name": "movie_link", "Alias": "ml", "Startup Cost": 0.0, "Total Cost": 0.35, "Plan Rows": 5, "Plan Width": 8, "Actual Startup Time": 0.016, "Actual Total Time": 0.031, "Actual Rows": 38, "Actual Loops": 2, "Index Cond": "(movie_id = mk.movie_id)", "Rows Removed by Index Recheck": 0}]}, {"Node Type": "Index Scan", "Parent Relationship": "Inner", "Scan Direction": "Forward", "Index Name": "link_type_pkey", "Relation Name": "link_type", "Alias": "lt", "Startup Cost": 0.0, "Total Cost": 0.27, "Plan Rows": 1, "Plan Width": 16, "Actual Startup Time": 0.064, "Actual Total Time": 0.064, "Actual Rows": 0, "Actual Loops": 38, "Index Cond": "(id = ml.link_type_id)", "Rows Removed by Index Recheck": 0, "Filter": "((link)::text ~~ '%follows%'::text)", "Rows Removed by Filter": 24}]}]}, "Triggers": [], "Planner Runtime": 87.526, "Total Runtime": 127.163, "Unique SQL Id": 4121279504}}, "(16, 49)": {"explain_plan": {"Plan": {"Node Type": "Aggregate", "Strategy": "Plain", "Startup Cost": 3327.94, "Total Cost": 3327.95, "Plan Rows": 1, "Plan Width": 144, "Plans": [{"Node Type": "Nested Loop", "Parent Relationship": "Outer", "Join Type": "Inner", "Startup Cost": 4.51, "Total Cost": 3327.93, "Plan Rows": 1, "Plan Width": 48, "Inner Unique": true, "Plans": [{"Node Type": "Nested Loop", "Parent Relationship": "Outer", "Join Type": "Inner", "Startup Cost": 4.51, "Total Cost": 3327.65, "Plan Rows": 1, "Plan Width": 40, "Inner Unique": false, "Join Filter": "(t.id = ml.movie_id)", "Plans": [{"Node Type": "Nested Loop", "Parent Relationship": "Outer", "Join Type": "Inner", "Startup Cost": 4.51, "Total Cost": 3327.24, "Plan Rows": 1, "Plan Width": 48, "Inner Unique": true, "Plans": [{"Node Type": "Nested Loop", "Parent Relationship": "Outer", "Join Type": "Inner", "Startup Cost": 4.51, "Total Cost": 3326.95, "Plan Rows": 1, "Plan Width": 52, "Inner Unique": true, "Plans": [{"Node Type": "Nested Loop", "Parent Relationship": "Outer", "Join Type": "Inner", "Startup Cost": 4.51, "Total Cost": 3326.66, "Plan Rows": 1, "Plan Width": 37, "Inner Unique": false, "Join Filter": "(t.id = mc.movie_id)", "Plans": [{"Node Type": "Nested Loop", "Parent Relationship": "Outer", "Join Type": "Inner", "Startup Cost": 4.51, "Total Cost": 3326.32, "Plan Rows": 1, "Plan Width": 25, "Inner Unique": true, "Plans": [{"Node Type": "Nested Loop", "Parent Relationship": "Outer", "Join Type": "Inner", "Startup Cost": 4.51, "Total Cost": 3315.63, "Plan Rows": 33, "Plan Width": 4, "Inner Unique": false, "Plans": [{"Node Type": "Index Scan", "Parent Relationship": "Outer", "Scan Direction": "Forward", "Index Name": "keyword_pkey", "Relation Name": "keyword", "Alias": "k", "Startup Cost": 0.0, "Total Cost": 3182.72, "Plan Rows": 1, "Plan Width": 4, "Filter": "((keyword)::text = 'sequel'::text)"}, {"Node Type": "Bitmap Heap Scan", "Parent Relationship": "Inner", "Relation Name": "movie_keyword", "Alias": "mk", "Startup Cost": 4.51, "Total Cost": 132.58, "Plan Rows": 33, "Plan Width": 8, "Recheck Cond": "(keyword_id = k.id)", "Plans": [{"Node Type": "Bitmap Index Scan", "Parent Relationship": "Outer", "Index Name": "keyword_id_movie_keyword", "Startup Cost": 0.0, "Total Cost": 4.5, "Plan Rows": 33, "Plan Width": 0, "Index Cond": "(keyword_id = k.id)"}]}]}, {"Node Type": "Index Scan", "Parent Relationship": "Inner", "Scan Direction": "Forward", "Index Name": "title_pkey", "Relation Name": "title", "Alias": "t", "Startup Cost": 0.0, "Total Cost": 0.31, "Plan Rows": 1, "Plan Width": 21, "Index Cond": "(id = mk.movie_id)", "Filter": "(((title)::text ~~ '%Money%'::text) AND (production_year = 1998))"}]}, {"Node Type": "Index Scan", "Parent Relationship": "Inner", "Scan Direction": "Forward", "Index Name": "movie_id_movie_companies", "Relation Name": "movie_companies", "Alias": "mc", "Startup Cost": 0.0, "Total Cost": 0.31, "Plan Rows": 2, "Plan Width": 12, "Index Cond": "(movie_id = mk.movie_id)", "Filter": "(note IS NULL)"}]}, {"Node Type": "Index Scan", "Parent Relationship": "Inner", "Scan Direction": "Forward", "Index Name": "company_name_pkey", "Relation Name": "company_name", "Alias": "cn", "Startup Cost": 0.0, "Total Cost": 0.29, "Plan Rows": 1, "Plan Width": 23, "Index Cond": "(id = mc.company_id)", "Filter": "(((country_code)::text <> '[pl]'::text) AND (((name)::text ~~ '%Film%'::text) OR ((name)::text ~~ '%Warner%'::text)))"}]}, {"Node Type": "Index Scan", "Parent Relationship": "Inner", "Scan Direction": "Forward", "Index Name": "company_type_pkey", "Relation Name": "company_type", "Alias": "ct", "Startup Cost": 0.0, "Total Cost": 0.27, "Plan Rows": 1, "Plan Width": 4, "Index Cond": "(id = mc.company_type_id)", "Filter": "((kind)::text = 'production companies'::text)"}]}, {"Node Type": "Index Scan", "Parent Relationship": "Inner", "Scan Direction": "Forward", "Index Name": "movie_id_movie_link", "Relation Name": "movie_link", "Alias": "ml", "Startup Cost": 0.0, "Total Cost": 0.35, "Plan Rows": 5, "Plan Width": 8, "Index Cond": "(movie_id = mk.movie_id)"}]}, {"Node Type": "Index Scan", "Parent Relationship": "Inner", "Scan Direction": "Forward", "Index Name": "link_type_pkey", "Relation Name": "link_type", "Alias": "lt", "Startup Cost": 0.0, "Total Cost": 0.27, "Plan Rows": 1, "Plan Width": 16, "Index Cond": "(id = ml.link_type_id)", "Filter": "((link)::text ~~ '%follows%'::text)"}]}]}, "Unique SQL Id": 4121279504}, "explain_analyze_plan": {"Plan": {"Node Type": "Aggregate", "Strategy": "Plain", "Startup Cost": 3327.94, "Total Cost": 3327.95, "Plan Rows": 1, "Plan Width": 144, "Actual Startup Time": 210.021, "Actual Total Time": 210.022, "Actual Rows": 1, "Actual Loops": 1, "Plans": [{"Node Type": "Nested Loop", "Parent Relationship": "Outer", "Join Type": "Inner", "Startup Cost": 4.51, "Total Cost": 3327.93, "Plan Rows": 1, "Plan Width": 48, "Actual Startup Time": 210.015, "Actual Total Time": 210.015, "Actual Rows": 0, "Actual Loops": 1, "Inner Unique": true, "Plans": [{"Node Type": "Nested Loop", "Parent Relationship": "Outer", "Join Type": "Inner", "Startup Cost": 4.51, "Total Cost": 3327.65, "Plan Rows": 1, "Plan Width": 40, "Actual Startup Time": 4.252, "Actual Total Time": 209.927, "Actual Rows": 38, "Actual Loops": 1, "Inner Unique": false, "Join Filter": "(t.id = ml.movie_id)", "Rows Removed by Join Filter": 0, "Plans": [{"Node Type": "Nested Loop", "Parent Relationship": "Outer", "Join Type": "Inner", "Startup Cost": 4.51, "Total Cost": 3327.24, "Plan Rows": 1, "Plan Width": 48, "Actual Startup Time": 4.237, "Actual Total Time": 209.878, "Actual Rows": 2, "Actual Loops": 1, "Inner Unique": true, "Plans": [{"Node Type": "Nested Loop", "Parent Relationship": "Outer", "Join Type": "Inner", "Startup Cost": 4.51, "Total Cost": 3326.95, "Plan Rows": 1, "Plan Width": 52, "Actual Startup Time": 4.228, "Actual Total Time": 209.865, "Actual Rows": 2, "Actual Loops": 1, "Inner Unique": true, "Plans": [{"Node Type": "Nested Loop", "Parent Relationship": "Outer", "Join Type": "Inner", "Startup Cost": 4.51, "Total Cost": 3326.66, "Plan Rows": 1, "Plan Width": 37, "Actual Startup Time": 4.21, "Actual Total Time": 209.826, "Actual Rows": 3, "Actual Loops": 1, "Inner Unique": false, "Join Filter": "(t.id = mc.movie_id)", "Rows Removed by Join Filter": 0, "Plans": [{"Node Type": "Nested Loop", "Parent Relationship": "Outer", "Join Type": "Inner", "Startup Cost": 4.51, "Total Cost": 3326.32, "Plan Rows": 1, "Plan Width": 25, "Actual Startup Time": 4.189, "Actual Total Time": 209.801, "Actual Rows": 1, "Actual Loops": 1, "Inner Unique": true, "Plans": [{"Node Type": "Nested Loop", "Parent Relationship": "Outer", "Join Type": "Inner", "Startup Cost": 4.51, "Total Cost": 3315.63, "Plan Rows": 33, "Plan Width": 4, "Actual Startup Time": 3.839, "Actual Total Time": 145.857, "Actual Rows": 10544, "Actual Loops": 1, "Inner Unique": false, "Plans": [{"Node Type": "Index Scan", "Parent Relationship": "Outer", "Scan Direction": "Forward", "Index Name": "keyword_pkey", "Relation Name": "keyword", "Alias": "k", "Startup Cost": 0.0, "Total Cost": 3182.72, "Plan Rows": 1, "Plan Width": 4, "Actual Startup Time": 0.526, "Actual Total Time": 122.744, "Actual Rows": 1, "Actual Loops": 1, "Filter": "((keyword)::text = 'sequel'::text)", "Rows Removed by Filter": 134168}, {"Node Type": "Bitmap Heap Scan", "Parent Relationship": "Inner", "Relation Name": "movie_keyword", "Alias": "mk", "Startup Cost": 4.51, "Total Cost": 132.58, "Plan Rows": 33, "Plan Width": 8, "Actual Startup Time": 3.306, "Actual Total Time": 20.899, "Actual Rows": 10544, "Actual Loops": 1, "Recheck Cond": "(keyword_id = k.id)", "Rows Removed by Index Recheck": 0, "Exact Heap Blocks": 5090, "Lossy Heap Blocks": 5090, "Plans": [{"Node Type": "Bitmap Index Scan", "Parent Relationship": "Outer", "Index Name": "keyword_id_movie_keyword", "Startup Cost": 0.0, "Total Cost": 4.5, "Plan Rows": 33, "Plan Width": 0, "Actual Startup Time": 2.388, "Actual Total Time": 2.388, "Actual Rows": 10544, "Actual Loops": 1, "Index Cond": "(keyword_id = k.id)"}]}]}, {"Node Type": "Index Scan", "Parent Relationship": "Inner", "Scan Direction": "Forward", "Index Name": "title_pkey", "Relation Name": "title", "Alias": "t", "Startup Cost": 0.0, "Total Cost": 0.31, "Plan Rows": 1, "Plan Width": 21, "Actual Startup Time": 58.603, "Actual Total Time": 58.603, "Actual Rows": 1, "Actual Loops": 10544, "Index Cond": "(id = mk.movie_id)", "Rows Removed by Index Recheck": 0, "Filter": "(((title)::text ~~ '%Money%'::text) AND (production_year = 1998))", "Rows Removed by Filter": 10543}]}, {"Node Type": "Index Scan", "Parent Relationship": "Inner", "Scan Direction": "Forward", "Index Name": "movie_id_movie_companies", "Relation Name": "movie_companies", "Alias": "mc", "Startup Cost": 0.0, "Total Cost": 0.31, "Plan Rows": 2, "Plan Width": 12, "Actual Startup Time": 0.017, "Actual Total Time": 0.019, "Actual Rows": 3, "Actual Loops": 1, "Index Cond": "(movie_id = mk.movie_id)", "Rows Removed by Index Recheck": 0, "Filter": "(note IS NULL)", "Rows Removed by Filter": 1}]}, {"Node Type": "Index Scan", "Parent Relationship": "Inner", "Scan Direction": "Forward", "Index Name": "company_name_pkey", "Relation Name": "company_name", "Alias": "cn", "Startup Cost": 0.0, "Total Cost": 0.29, "Plan Rows": 1, "Plan Width": 23, "Actual Startup Time": 0.034, "Actual Total Time": 0.034, "Actual Rows": 2, "Actual Loops": 3, "Index Cond": "(id = mc.company_id)", "Rows Removed by Index Recheck": 0, "Filter": "(((country_code)::text <> '[pl]'::text) AND (((name)::text ~~ '%Film%'::text) OR ((name)::text ~~ '%Warner%'::text)))", "Rows Removed by Filter": 1}]}, {"Node Type": "Index Scan", "Parent Relationship": "Inner", "Scan Direction": "Forward", "Index Name": "company_type_pkey", "Relation Name": "company_type", "Alias": "ct", "Startup Cost": 0.0, "Total Cost": 0.27, "Plan Rows": 1, "Plan Width": 4, "Actual Startup Time": 0.009, "Actual Total Time": 0.009, "Actual Rows": 2, "Actual Loops": 2, "Index Cond": "(id = mc.company_type_id)", "Rows Removed by Index Recheck": 0, "Filter": "((kind)::text = 'production companies'::text)", "Rows Removed by Filter": 0}]}, {"Node Type": "Index Scan", "Parent Relationship": "Inner", "Scan Direction": "Forward", "Index Name": "movie_id_movie_link", "Relation Name": "movie_link", "Alias": "ml", "Startup Cost": 0.0, "Total Cost": 0.35, "Plan Rows": 5, "Plan Width": 8, "Actual Startup Time": 0.016, "Actual Total Time": 0.029, "Actual Rows": 38, "Actual Loops": 2, "Index Cond": "(movie_id = mk.movie_id)", "Rows Removed by Index Recheck": 0}]}, {"Node Type": "Index Scan", "Parent Relationship": "Inner", "Scan Direction": "Forward", "Index Name": "link_type_pkey", "Relation Name": "link_type", "Alias": "lt", "Startup Cost": 0.0, "Total Cost": 0.27, "Plan Rows": 1, "Plan Width": 16, "Actual Startup Time": 0.063, "Actual Total Time": 0.063, "Actual Rows": 0, "Actual Loops": 38, "Index Cond": "(id = ml.link_type_id)", "Rows Removed by Index Recheck": 0, "Filter": "((link)::text ~~ '%follows%'::text)", "Rows Removed by Filter": 24}]}]}, "Triggers": [], "Planner Runtime": 75.74, "Total Runtime": 210.444, "Unique SQL Id": 4121279504}}, "(16, 50)": {"explain_plan": {"Plan": {"Node Type": "Aggregate", "Strategy": "Plain", "Startup Cost": 2726.02, "Total Cost": 2726.03, "Plan Rows": 1, "Plan Width": 144, "Plans": [{"Node Type": "Nested Loop", "Parent Relationship": "Outer", "Join Type": "Inner", "Startup Cost": 5.59, "Total Cost": 2726.01, "Plan Rows": 1, "Plan Width": 48, "Inner Unique": true, "Join Filter": "(ml.link_type_id = lt.id)", "Plans": [{"Node Type": "Nested Loop", "Parent Relationship": "Outer", "Join Type": "Inner", "Startup Cost": 5.59, "Total Cost": 2724.78, "Plan Rows": 1, "Plan Width": 40, "Inner Unique": false, "Join Filter": "(t.id = ml.movie_id)", "Plans": [{"Node Type": "Nested Loop", "Parent Relationship": "Outer", "Join Type": "Inner", "Startup Cost": 5.3, "Total Cost": 2720.37, "Plan Rows": 1, "Plan Width": 48, "Inner Unique": true, "Join Filter": "(mc.company_type_id = ct.id)", "Plans": [{"Node Type": "Nested Loop", "Parent Relationship": "Outer", "Join Type": "Inner", "Startup Cost": 5.3, "Total Cost": 2719.32, "Plan Rows": 1, "Plan Width": 52, "Inner Unique": true, "Plans": [{"Node Type": "Nested Loop", "Parent Relationship": "Outer", "Join Type": "Inner", "Startup Cost": 5.05, "Total Cost": 2715.03, "Plan Rows": 1, "Plan Width": 37, "Inner Unique": false, "Join Filter": "(t.id = mc.movie_id)", "Plans": [{"Node Type": "Nested Loop", "Parent Relationship": "Outer", "Join Type": "Inner", "Startup Cost": 4.77, "Total Cost": 2710.71, "Plan Rows": 1, "Plan Width": 25, "Inner Unique": true, "Plans": [{"Node Type": "Nested Loop", "Parent Relationship": "Outer", "Join Type": "Inner", "Startup Cost": 4.51, "Total Cost": 2569.02, "Plan Rows": 33, "Plan Width": 4, "Inner Unique": false, "Plans": [{"Node Type": "Seq Scan", "Parent Relationship": "Outer", "Relation Name": "keyword", "Alias": "k", "Startup Cost": 0.0, "Total Cost": 2436.11, "Plan Rows": 1, "Plan Width": 4, "Filter": "((keyword)::text = 'sequel'::text)"}, {"Node Type": "Bitmap Heap Scan", "Parent Relationship": "Inner", "Relation Name": "movie_keyword", "Alias": "mk", "Startup Cost": 4.51, "Total Cost": 132.58, "Plan Rows": 33, "Plan Width": 8, "Recheck Cond": "(keyword_id = k.id)", "Plans": [{"Node Type": "Bitmap Index Scan", "Parent Relationship": "Outer", "Index Name": "keyword_id_movie_keyword", "Startup Cost": 0.0, "Total Cost": 4.5, "Plan Rows": 33, "Plan Width": 0, "Index Cond": "(keyword_id = k.id)"}]}]}, {"Node Type": "Bitmap Heap Scan", "Parent Relationship": "Inner", "Relation Name": "title", "Alias": "t", "Startup Cost": 0.27, "Total Cost": 4.28, "Plan Rows": 1, "Plan Width": 21, "Recheck Cond": "(id = mk.movie_id)", "Filter": "(((title)::text ~~ '%Money%'::text) AND (production_year = 1998))", "Plans": [{"Node Type": "Bitmap Index Scan", "Parent Relationship": "Outer", "Index Name": "title_pkey", "Startup Cost": 0.0, "Total Cost": 0.27, "Plan Rows": 1, "Plan Width": 0, "Index Cond": "(id = mk.movie_id)"}]}]}, {"Node Type": "Bitmap Heap Scan", "Parent Relationship": "Inner", "Relation Name": "movie_companies", "Alias": "mc", "Startup Cost": 0.27, "Total Cost": 4.3, "Plan Rows": 2, "Plan Width": 12, "Recheck Cond": "(movie_id = mk.movie_id)", "Filter": "(note IS NULL)", "Plans": [{"Node Type": "Bitmap Index Scan", "Parent Relationship": "Outer", "Index Name": "movie_id_movie_companies", "Startup Cost": 0.0, "Total Cost": 0.27, "Plan Rows": 2, "Plan Width": 0, "Index Cond": "(movie_id = mk.movie_id)"}]}]}, {"Node Type": "Bitmap Heap Scan", "Parent Relationship": "Inner", "Relation Name": "company_name", "Alias": "cn", "Startup Cost": 0.26, "Total Cost": 4.28, "Plan Rows": 1, "Plan Width": 23, "Recheck Cond": "(id = mc.company_id)", "Filter": "(((country_code)::text <> '[pl]'::text) AND (((name)::text ~~ '%Film%'::text) OR ((name)::text ~~ '%Warner%'::text)))", "Plans": [{"Node Type": "Bitmap Index Scan", "Parent Relationship": "Outer", "Index Name": "company_name_pkey", "Startup Cost": 0.0, "Total Cost": 0.26, "Plan Rows": 1, "Plan Width": 0, "Index Cond": "(id = mc.company_id)"}]}]}, {"Node Type": "Seq Scan", "Parent Relationship": "Inner", "Relation Name": "company_type", "Alias": "ct", "Startup Cost": 0.0, "Total Cost": 1.04, "Plan Rows": 1, "Plan Width": 4, "Filter": "((kind)::text = 'production companies'::text)"}]}, {"Node Type": "Bitmap Heap Scan", "Parent Relationship": "Inner", "Relation Name": "movie_link", "Alias": "ml", "Startup Cost": 0.29, "Total Cost": 4.35, "Plan Rows": 5, "Plan Width": 8, "Recheck Cond": "(movie_id = mk.movie_id)", "Plans": [{"Node Type": "Bitmap Index Scan", "Parent Relationship": "Outer", "Index Name": "movie_id_movie_link", "Startup Cost": 0.0, "Total Cost": 0.29, "Plan Rows": 5, "Plan Width": 0, "Index Cond": "(movie_id = mk.movie_id)"}]}]}, {"Node Type": "Seq Scan", "Parent Relationship": "Inner", "Relation Name": "link_type", "Alias": "lt", "Startup Cost": 0.0, "Total Cost": 1.21, "Plan Rows": 1, "Plan Width": 16, "Filter": "((link)::text ~~ '%follows%'::text)"}]}]}, "Unique SQL Id": 4121279504}, "explain_analyze_plan": {"Plan": {"Node Type": "Aggregate", "Strategy": "Plain", "Startup Cost": 2726.02, "Total Cost": 2726.03, "Plan Rows": 1, "Plan Width": 144, "Actual Startup Time": 139.006, "Actual Total Time": 139.007, "Actual Rows": 1, "Actual Loops": 1, "Plans": [{"Node Type": "Nested Loop", "Parent Relationship": "Outer", "Join Type": "Inner", "Startup Cost": 5.59, "Total Cost": 2726.01, "Plan Rows": 1, "Plan Width": 48, "Actual Startup Time": 138.995, "Actual Total Time": 138.995, "Actual Rows": 0, "Actual Loops": 1, "Inner Unique": true, "Join Filter": "(ml.link_type_id = lt.id)", "Rows Removed by Join Filter": 0, "Plans": [{"Node Type": "Nested Loop", "Parent Relationship": "Outer", "Join Type": "Inner", "Startup Cost": 5.59, "Total Cost": 2724.78, "Plan Rows": 1, "Plan Width": 40, "Actual Startup Time": 6.154, "Actual Total Time": 138.668, "Actual Rows": 38, "Actual Loops": 1, "Inner Unique": false, "Join Filter": "(t.id = ml.movie_id)", "Rows Removed by Join Filter": 0, "Plans": [{"Node Type": "Nested Loop", "Parent Relationship": "Outer", "Join Type": "Inner", "Startup Cost": 5.3, "Total Cost": 2720.37, "Plan Rows": 1, "Plan Width": 48, "Actual Startup Time": 6.124, "Actual Total Time": 138.609, "Actual Rows": 2, "Actual Loops": 1, "Inner Unique": true, "Join Filter": "(mc.company_type_id = ct.id)", "Rows Removed by Join Filter": 0, "Plans": [{"Node Type": "Nested Loop", "Parent Relationship": "Outer", "Join Type": "Inner", "Startup Cost": 5.3, "Total Cost": 2719.32, "Plan Rows": 1, "Plan Width": 52, "Actual Startup Time": 6.112, "Actual Total Time": 138.593, "Actual Rows": 2, "Actual Loops": 1, "Inner Unique": true, "Plans": [{"Node Type": "Nested Loop", "Parent Relationship": "Outer", "Join Type": "Inner", "Startup Cost": 5.05, "Total Cost": 2715.03, "Plan Rows": 1, "Plan Width": 37, "Actual Startup Time": 6.09, "Actual Total Time": 138.545, "Actual Rows": 3, "Actual Loops": 1, "Inner Unique": false, "Join Filter": "(t.id = mc.movie_id)", "Rows Removed by Join Filter": 0, "Plans": [{"Node Type": "Nested Loop", "Parent Relationship": "Outer", "Join Type": "Inner", "Startup Cost": 4.77, "Total Cost": 2710.71, "Plan Rows": 1, "Plan Width": 25, "Actual Startup Time": 6.057, "Actual Total Time": 138.508, "Actual Rows": 1, "Actual Loops": 1, "Inner Unique": true, "Plans": [{"Node Type": "Nested Loop", "Parent Relationship": "Outer", "Join Type": "Inner", "Startup Cost": 4.51, "Total Cost": 2569.02, "Plan Rows": 33, "Plan Width": 4, "Actual Startup Time": 5.644, "Actual Total Time": 62.51, "Actual Rows": 10544, "Actual Loops": 1, "Inner Unique": false, "Plans": [{"Node Type": "Seq Scan", "Parent Relationship": "Outer", "Relation Name": "keyword", "Alias": "k", "Startup Cost": 0.0, "Total Cost": 2436.11, "Plan Rows": 1, "Plan Width": 4, "Actual Startup Time": 2.306, "Actual Total Time": 41.335, "Actual Rows": 1, "Actual Loops": 1, "Filter": "((keyword)::text = 'sequel'::text)", "Rows Removed by Filter": 134168}, {"Node Type": "Bitmap Heap Scan", "Parent Relationship": "Inner", "Relation Name": "movie_keyword", "Alias": "mk", "Startup Cost": 4.51, "Total Cost": 132.58, "Plan Rows": 33, "Plan Width": 8, "Actual Startup Time": 3.331, "Actual Total Time": 19.008, "Actual Rows": 10544, "Actual Loops": 1, "Recheck Cond": "(keyword_id = k.id)", "Rows Removed by Index Recheck": 0, "Exact Heap Blocks": 5090, "Lossy Heap Blocks": 5090, "Plans": [{"Node Type": "Bitmap Index Scan", "Parent Relationship": "Outer", "Index Name": "keyword_id_movie_keyword", "Startup Cost": 0.0, "Total Cost": 4.5, "Plan Rows": 33, "Plan Width": 0, "Actual Startup Time": 2.404, "Actual Total Time": 2.404, "Actual Rows": 10544, "Actual Loops": 1, "Index Cond": "(keyword_id = k.id)"}]}]}, {"Node Type": "Bitmap Heap Scan", "Parent Relationship": "Inner", "Relation Name": "title", "Alias": "t", "Startup Cost": 0.27, "Total Cost": 4.28, "Plan Rows": 1, "Plan Width": 21, "Actual Startup Time": 64.166, "Actual Total Time": 64.166, "Actual Rows": 1, "Actual Loops": 10544, "Recheck Cond": "(id = mk.movie_id)", "Rows Removed by Index Recheck": 0, "Filter": "(((title)::text ~~ '%Money%'::text) AND (production_year = 1998))", "Rows Removed by Filter": 10543, "Exact Heap Blocks": 10544, "Lossy Heap Blocks": 10544, "Plans": [{"Node Type": "Bitmap Index Scan", "Parent Relationship": "Outer", "Index Name": "title_pkey", "Startup Cost": 0.0, "Total Cost": 0.27, "Plan Rows": 1, "Plan Width": 0, "Actual Startup Time": 31.869, "Actual Total Time": 31.869, "Actual Rows": 10544, "Actual Loops": 10544, "Index Cond": "(id = mk.movie_id)"}]}]}, {"Node Type": "Bitmap Heap Scan", "Parent Relationship": "Inner", "Relation Name": "movie_companies", "Alias": "mc", "Startup Cost": 0.27, "Total Cost": 4.3, "Plan Rows": 2, "Plan Width": 12, "Actual Startup Time": 0.029, "Actual Total Time": 0.032, "Actual Rows": 3, "Actual Loops": 1, "Recheck Cond": "(movie_id = mk.movie_id)", "Rows Removed by Index Recheck": 0, "Filter": "(note IS NULL)", "Rows Removed by Filter": 1, "Exact Heap Blocks": 2, "Lossy Heap Blocks": 2, "Plans": [{"Node Type": "Bitmap Index Scan", "Parent Relationship": "Outer", "Index Name": "movie_id_movie_companies", "Startup Cost": 0.0, "Total Cost": 0.27, "Plan Rows": 2, "Plan Width": 0, "Actual Startup Time": 0.011, "Actual Total Time": 0.011, "Actual Rows": 4, "Actual Loops": 1, "Index Cond": "(movie_id = mk.movie_id)"}]}]}, {"Node Type": "Bitmap Heap Scan", "Parent Relationship": "Inner", "Relation Name": "company_name", "Alias": "cn", "Startup Cost": 0.26, "Total Cost": 4.28, "Plan Rows": 1, "Plan Width": 23, "Actual Startup Time": 0.039, "Actual Total Time": 0.039, "Actual Rows": 2, "Actual Loops": 3, "Recheck Cond": "(id = mc.company_id)", "Rows Removed by Index Recheck": 0, "Filter": "(((country_code)::text <> '[pl]'::text) AND (((name)::text ~~ '%Film%'::text) OR ((name)::text ~~ '%Warner%'::text)))", "Rows Removed by Filter": 1, "Exact Heap Blocks": 3, "Lossy Heap Blocks": 3, "Plans": [{"Node Type": "Bitmap Index Scan", "Parent Relationship": "Outer", "Index Name": "company_name_pkey", "Startup Cost": 0.0, "Total Cost": 0.26, "Plan Rows": 1, "Plan Width": 0, "Actual Startup Time": 0.02, "Actual Total Time": 0.02, "Actual Rows": 3, "Actual Loops": 3, "Index Cond": "(id = mc.company_id)"}]}]}, {"Node Type": "Seq Scan", "Parent Relationship": "Inner", "Relation Name": "company_type", "Alias": "ct", "Startup Cost": 0.0, "Total Cost": 1.04, "Plan Rows": 1, "Plan Width": 4, "Actual Startup Time": 0.01, "Actual Total Time": 0.01, "Actual Rows": 2, "Actual Loops": 2, "Filter": "((kind)::text = 'production companies'::text)", "Rows Removed by Filter": 0}]}, {"Node Type": "Bitmap Heap Scan", "Parent Relationship": "Inner", "Relation Name": "movie_link", "Alias": "ml", "Startup Cost": 0.29, "Total Cost": 4.35, "Plan Rows": 5, "Plan Width": 8, "Actual Startup Time": 0.031, "Actual Total Time": 0.035, "Actual Rows": 38, "Actual Loops": 2, "Recheck Cond": "(movie_id = mk.movie_id)", "Rows Removed by Index Recheck": 0, "Exact Heap Blocks": 2, "Lossy Heap Blocks": 2, "Plans": [{"Node Type": "Bitmap Index Scan", "Parent Relationship": "Outer", "Index Name": "movie_id_movie_link", "Startup Cost": 0.0, "Total Cost": 0.29, "Plan Rows": 5, "Plan Width": 0, "Actual Startup Time": 0.013, "Actual Total Time": 0.013, "Actual Rows": 38, "Actual Loops": 2, "Index Cond": "(movie_id = mk.movie_id)"}]}]}, {"Node Type": "Seq Scan", "Parent Relationship": "Inner", "Relation Name": "link_type", "Alias": "lt", "Startup Cost": 0.0, "Total Cost": 1.21, "Plan Rows": 1, "Plan Width": 16, "Actual Startup Time": 0.293, "Actual Total Time": 0.293, "Actual Rows": 0, "Actual Loops": 38, "Filter": "((link)::text ~~ '%follows%'::text)", "Rows Removed by Filter": 646}]}]}, "Triggers": [], "Planner Runtime": 115.353, "Total Runtime": 139.543, "Unique SQL Id": 4121279504}}, "(16, 51)": {"explain_plan": {"Plan": {"Node Type": "Aggregate", "Strategy": "Plain", "Startup Cost": 3451.4, "Total Cost": 3451.41, "Plan Rows": 1, "Plan Width": 144, "Plans": [{"Node Type": "Nested Loop", "Parent Relationship": "Outer", "Join Type": "Inner", "Startup Cost": 725.2, "Total Cost": 3451.4, "Plan Rows": 1, "Plan Width": 48, "Inner Unique": true, "Plans": [{"Node Type": "Nested Loop", "Parent Relationship": "Outer", "Join Type": "Inner", "Startup Cost": 724.95, "Total Cost": 3447.11, "Plan Rows": 1, "Plan Width": 40, "Inner Unique": false, "Join Filter": "(t.id = ml.movie_id)", "Plans": [{"Node Type": "Nested Loop", "Parent Relationship": "Outer", "Join Type": "Inner", "Startup Cost": 724.66, "Total Cost": 3442.7, "Plan Rows": 1, "Plan Width": 48, "Inner Unique": true, "Plans": [{"Node Type": "Nested Loop", "Parent Relationship": "Outer", "Join Type": "Inner", "Startup Cost": 724.4, "Total Cost": 3438.42, "Plan Rows": 1, "Plan Width": 52, "Inner Unique": true, "Plans": [{"Node Type": "Nested Loop", "Parent Relationship": "Outer", "Join Type": "Inner", "Startup Cost": 724.14, "Total Cost": 3434.13, "Plan Rows": 1, "Plan Width": 37, "Inner Unique": false, "Join Filter": "(t.id = mc.movie_id)", "Plans": [{"Node Type": "Nested Loop", "Parent Relationship": "Outer", "Join Type": "Inner", "Startup Cost": 723.87, "Total Cost": 3429.8, "Plan Rows": 1, "Plan Width": 25, "Inner Unique": true, "Plans": [{"Node Type": "Nested Loop", "Parent Relationship": "Outer", "Join Type": "Inner", "Startup Cost": 723.6, "Total Cost": 3288.12, "Plan Rows": 33, "Plan Width": 4, "Inner Unique": false, "Plans": [{"Node Type": "Bitmap Heap Scan", "Parent Relationship": "Outer", "Relation Name": "keyword", "Alias": "k", "Startup Cost": 719.1, "Total Cost": 3155.21, "Plan Rows": 1, "Plan Width": 4, "Filter": "((keyword)::text = 'sequel'::text)", "Plans": [{"Node Type": "Bitmap Index Scan", "Parent Relationship": "Outer", "Index Name": "keyword_pkey", "Startup Cost": 0.0, "Total Cost": 719.1, "Plan Rows": 134169, "Plan Width": 0}]}, {"Node Type": "Bitmap Heap Scan", "Parent Relationship": "Inner", "Relation Name": "movie_keyword", "Alias": "mk", "Startup Cost": 4.51, "Total Cost": 132.58, "Plan Rows": 33, "Plan Width": 8, "Recheck Cond": "(keyword_id = k.id)", "Plans": [{"Node Type": "Bitmap Index Scan", "Parent Relationship": "Outer", "Index Name": "keyword_id_movie_keyword", "Startup Cost": 0.0, "Total Cost": 4.5, "Plan Rows": 33, "Plan Width": 0, "Index Cond": "(keyword_id = k.id)"}]}]}, {"Node Type": "Bitmap Heap Scan", "Parent Relationship": "Inner", "Relation Name": "title", "Alias": "t", "Startup Cost": 0.27, "Total Cost": 4.28, "Plan Rows": 1, "Plan Width": 21, "Recheck Cond": "(id = mk.movie_id)", "Filter": "(((title)::text ~~ '%Money%'::text) AND (production_year = 1998))", "Plans": [{"Node Type": "Bitmap Index Scan", "Parent Relationship": "Outer", "Index Name": "title_pkey", "Startup Cost": 0.0, "Total Cost": 0.27, "Plan Rows": 1, "Plan Width": 0, "Index Cond": "(id = mk.movie_id)"}]}]}, {"Node Type": "Bitmap Heap Scan", "Parent Relationship": "Inner", "Relation Name": "movie_companies", "Alias": "mc", "Startup Cost": 0.27, "Total Cost": 4.3, "Plan Rows": 2, "Plan Width": 12, "Recheck Cond": "(movie_id = mk.movie_id)", "Filter": "(note IS NULL)", "Plans": [{"Node Type": "Bitmap Index Scan", "Parent Relationship": "Outer", "Index Name": "movie_id_movie_companies", "Startup Cost": 0.0, "Total Cost": 0.27, "Plan Rows": 2, "Plan Width": 0, "Index Cond": "(movie_id = mk.movie_id)"}]}]}, {"Node Type": "Bitmap Heap Scan", "Parent Relationship": "Inner", "Relation Name": "company_name", "Alias": "cn", "Startup Cost": 0.26, "Total Cost": 4.28, "Plan Rows": 1, "Plan Width": 23, "Recheck Cond": "(id = mc.company_id)", "Filter": "(((country_code)::text <> '[pl]'::text) AND (((name)::text ~~ '%Film%'::text) OR ((name)::text ~~ '%Warner%'::text)))", "Plans": [{"Node Type": "Bitmap Index Scan", "Parent Relationship": "Outer", "Index Name": "company_name_pkey", "Startup Cost": 0.0, "Total Cost": 0.26, "Plan Rows": 1, "Plan Width": 0, "Index Cond": "(id = mc.company_id)"}]}]}, {"Node Type": "Bitmap Heap Scan", "Parent Relationship": "Inner", "Relation Name": "company_type", "Alias": "ct", "Startup Cost": 0.26, "Total Cost": 4.27, "Plan Rows": 1, "Plan Width": 4, "Recheck Cond": "(id = mc.company_type_id)", "Filter": "((kind)::text = 'production companies'::text)", "Plans": [{"Node Type": "Bitmap Index Scan", "Parent Relationship": "Outer", "Index Name": "company_type_pkey", "Startup Cost": 0.0, "Total Cost": 0.26, "Plan Rows": 1, "Plan Width": 0, "Index Cond": "(id = mc.company_type_id)"}]}]}, {"Node Type": "Bitmap Heap Scan", "Parent Relationship": "Inner", "Relation Name": "movie_link", "Alias": "ml", "Startup Cost": 0.29, "Total Cost": 4.35, "Plan Rows": 5, "Plan Width": 8, "Recheck Cond": "(movie_id = mk.movie_id)", "Plans": [{"Node Type": "Bitmap Index Scan", "Parent Relationship": "Outer", "Index Name": "movie_id_movie_link", "Startup Cost": 0.0, "Total Cost": 0.29, "Plan Rows": 5, "Plan Width": 0, "Index Cond": "(movie_id = mk.movie_id)"}]}]}, {"Node Type": "Bitmap Heap Scan", "Parent Relationship": "Inner", "Relation Name": "link_type", "Alias": "lt", "Startup Cost": 0.26, "Total Cost": 4.27, "Plan Rows": 1, "Plan Width": 16, "Recheck Cond": "(id = ml.link_type_id)", "Filter": "((link)::text ~~ '%follows%'::text)", "Plans": [{"Node Type": "Bitmap Index Scan", "Parent Relationship": "Outer", "Index Name": "link_type_pkey", "Startup Cost": 0.0, "Total Cost": 0.26, "Plan Rows": 1, "Plan Width": 0, "Index Cond": "(id = ml.link_type_id)"}]}]}]}, "Unique SQL Id": 4121279504}, "explain_analyze_plan": {"Plan": {"Node Type": "Aggregate", "Strategy": "Plain", "Startup Cost": 3451.4, "Total Cost": 3451.41, "Plan Rows": 1, "Plan Width": 144, "Actual Startup Time": 152.6, "Actual Total Time": 152.601, "Actual Rows": 1, "Actual Loops": 1, "Plans": [{"Node Type": "Nested Loop", "Parent Relationship": "Outer", "Join Type": "Inner", "Startup Cost": 725.2, "Total Cost": 3451.4, "Plan Rows": 1, "Plan Width": 48, "Actual Startup Time": 152.588, "Actual Total Time": 152.588, "Actual Rows": 0, "Actual Loops": 1, "Inner Unique": true, "Plans": [{"Node Type": "Nested Loop", "Parent Relationship": "Outer", "Join Type": "Inner", "Startup Cost": 724.95, "Total Cost": 3447.11, "Plan Rows": 1, "Plan Width": 40, "Actual Startup Time": 18.148, "Actual Total Time": 152.437, "Actual Rows": 38, "Actual Loops": 1, "Inner Unique": false, "Join Filter": "(t.id = ml.movie_id)", "Rows Removed by Join Filter": 0, "Plans": [{"Node Type": "Nested Loop", "Parent Relationship": "Outer", "Join Type": "Inner", "Startup Cost": 724.66, "Total Cost": 3442.7, "Plan Rows": 1, "Plan Width": 48, "Actual Startup Time": 18.12, "Actual Total Time": 152.376, "Actual Rows": 2, "Actual Loops": 1, "Inner Unique": true, "Plans": [{"Node Type": "Nested Loop", "Parent Relationship": "Outer", "Join Type": "Inner", "Startup Cost": 724.4, "Total Cost": 3438.42, "Plan Rows": 1, "Plan Width": 52, "Actual Startup Time": 18.104, "Actual Total Time": 152.355, "Actual Rows": 2, "Actual Loops": 1, "Inner Unique": true, "Plans": [{"Node Type": "Nested Loop", "Parent Relationship": "Outer", "Join Type": "Inner", "Startup Cost": 724.14, "Total Cost": 3434.13, "Plan Rows": 1, "Plan Width": 37, "Actual Startup Time": 18.071, "Actual Total Time": 152.299, "Actual Rows": 3, "Actual Loops": 1, "Inner Unique": false, "Join Filter": "(t.id = mc.movie_id)", "Rows Removed by Join Filter": 0, "Plans": [{"Node Type": "Nested Loop", "Parent Relationship": "Outer", "Join Type": "Inner", "Startup Cost": 723.87, "Total Cost": 3429.8, "Plan Rows": 1, "Plan Width": 25, "Actual Startup Time": 18.038, "Actual Total Time": 152.263, "Actual Rows": 1, "Actual Loops": 1, "Inner Unique": true, "Plans": [{"Node Type": "Nested Loop", "Parent Relationship": "Outer", "Join Type": "Inner", "Startup Cost": 723.6, "Total Cost": 3288.12, "Plan Rows": 33, "Plan Width": 4, "Actual Startup Time": 17.628, "Actual Total Time": 80.585, "Actual Rows": 10544, "Actual Loops": 1, "Inner Unique": false, "Plans": [{"Node Type": "Bitmap Heap Scan", "Parent Relationship": "Outer", "Relation Name": "keyword", "Alias": "k", "Startup Cost": 719.1, "Total Cost": 3155.21, "Plan Rows": 1, "Plan Width": 4, "Actual Startup Time": 14.469, "Actual Total Time": 61.131, "Actual Rows": 1, "Actual Loops": 1, "Filter": "((keyword)::text = 'sequel'::text)", "Rows Removed by Filter": 134168, "Exact Heap Blocks": 759, "Lossy Heap Blocks": 759, "Plans": [{"Node Type": "Bitmap Index Scan", "Parent Relationship": "Outer", "Index Name": "keyword_pkey", "Startup Cost": 0.0, "Total Cost": 719.1, "Plan Rows": 134169, "Plan Width": 0, "Actual Startup Time": 11.259, "Actual Total Time": 11.259, "Actual Rows": 134169, "Actual Loops": 1}]}, {"Node Type": "Bitmap Heap Scan", "Parent Relationship": "Inner", "Relation Name": "movie_keyword", "Alias": "mk", "Startup Cost": 4.51, "Total Cost": 132.58, "Plan Rows": 33, "Plan Width": 8, "Actual Startup Time": 3.147, "Actual Total Time": 17.278, "Actual Rows": 10544, "Actual Loops": 1, "Recheck Cond": "(keyword_id = k.id)", "Rows Removed by Index Recheck": 0, "Exact Heap Blocks": 5090, "Lossy Heap Blocks": 5090, "Plans": [{"Node Type": "Bitmap Index Scan", "Parent Relationship": "Outer", "Index Name": "keyword_id_movie_keyword", "Startup Cost": 0.0, "Total Cost": 4.5, "Plan Rows": 33, "Plan Width": 0, "Actual Startup Time": 2.26, "Actual Total Time": 2.26, "Actual Rows": 10544, "Actual Loops": 1, "Index Cond": "(keyword_id = k.id)"}]}]}, {"Node Type": "Bitmap Heap Scan", "Parent Relationship": "Inner", "Relation Name": "title", "Alias": "t", "Startup Cost": 0.27, "Total Cost": 4.28, "Plan Rows": 1, "Plan Width": 21, "Actual Startup Time": 59.935, "Actual Total Time": 59.935, "Actual Rows": 1, "Actual Loops": 10544, "Recheck Cond": "(id = mk.movie_id)", "Rows Removed by Index Recheck": 0, "Filter": "(((title)::text ~~ '%Money%'::text) AND (production_year = 1998))", "Rows Removed by Filter": 10543, "Exact Heap Blocks": 10544, "Lossy Heap Blocks": 10544, "Plans": [{"Node Type": "Bitmap Index Scan", "Parent Relationship": "Outer", "Index Name": "title_pkey", "Startup Cost": 0.0, "Total Cost": 0.27, "Plan Rows": 1, "Plan Width": 0, "Actual Startup Time": 30.49, "Actual Total Time": 30.49, "Actual Rows": 10544, "Actual Loops": 10544, "Index Cond": "(id = mk.movie_id)"}]}]}, {"Node Type": "Bitmap Heap Scan", "Parent Relationship": "Inner", "Relation Name": "movie_companies", "Alias": "mc", "Startup Cost": 0.27, "Total Cost": 4.3, "Plan Rows": 2, "Plan Width": 12, "Actual Startup Time": 0.027, "Actual Total Time": 0.028, "Actual Rows": 3, "Actual Loops": 1, "Recheck Cond": "(movie_id = mk.movie_id)", "Rows Removed by Index Recheck": 0, "Filter": "(note IS NULL)", "Rows Removed by Filter": 1, "Exact Heap Blocks": 2, "Lossy Heap Blocks": 2, "Plans": [{"Node Type": "Bitmap Index Scan", "Parent Relationship": "Outer", "Index Name": "movie_id_movie_companies", "Startup Cost": 0.0, "Total Cost": 0.27, "Plan Rows": 2, "Plan Width": 0, "Actual Startup Time": 0.012, "Actual Total Time": 0.012, "Actual Rows": 4, "Actual Loops": 1, "Index Cond": "(movie_id = mk.movie_id)"}]}]}, {"Node Type": "Bitmap Heap Scan", "Parent Relationship": "Inner", "Relation Name": "company_name", "Alias": "cn", "Startup Cost": 0.26, "Total Cost": 4.28, "Plan Rows": 1, "Plan Width": 23, "Actual Startup Time": 0.047, "Actual Total Time": 0.047, "Actual Rows": 2, "Actual Loops": 3, "Recheck Cond": "(id = mc.company_id)", "Rows Removed by Index Recheck": 0, "Filter": "(((country_code)::text <> '[pl]'::text) AND (((name)::text ~~ '%Film%'::text) OR ((name)::text ~~ '%Warner%'::text)))", "Rows Removed by Filter": 1, "Exact Heap Blocks": 3, "Lossy Heap Blocks": 3, "Plans": [{"Node Type": "Bitmap Index Scan", "Parent Relationship": "Outer", "Index Name": "company_name_pkey", "Startup Cost": 0.0, "Total Cost": 0.26, "Plan Rows": 1, "Plan Width": 0, "Actual Startup Time": 0.02, "Actual Total Time": 0.02, "Actual Rows": 3, "Actual Loops": 3, "Index Cond": "(id = mc.company_id)"}]}]}, {"Node Type": "Bitmap Heap Scan", "Parent Relationship": "Inner", "Relation Name": "company_type", "Alias": "ct", "Startup Cost": 0.26, "Total Cost": 4.27, "Plan Rows": 1, "Plan Width": 4, "Actual Startup Time": 0.015, "Actual Total Time": 0.015, "Actual Rows": 2, "Actual Loops": 2, "Recheck Cond": "(id = mc.company_type_id)", "Rows Removed by Index Recheck": 0, "Filter": "((kind)::text = 'production companies'::text)", "Rows Removed by Filter": 0, "Exact Heap Blocks": 2, "Lossy Heap Blocks": 2, "Plans": [{"Node Type": "Bitmap Index Scan", "Parent Relationship": "Outer", "Index Name": "company_type_pkey", "Startup Cost": 0.0, "Total Cost": 0.26, "Plan Rows": 1, "Plan Width": 0, "Actual Startup Time": 0.004, "Actual Total Time": 0.004, "Actual Rows": 2, "Actual Loops": 2, "Index Cond": "(id = mc.company_type_id)"}]}]}, {"Node Type": "Bitmap Heap Scan", "Parent Relationship": "Inner", "Relation Name": "movie_link", "Alias": "ml", "Startup Cost": 0.29, "Total Cost": 4.35, "Plan Rows": 5, "Plan Width": 8, "Actual Startup Time": 0.027, "Actual Total Time": 0.031, "Actual Rows": 38, "Actual Loops": 2, "Recheck Cond": "(movie_id = mk.movie_id)", "Rows Removed by Index Recheck": 0, "Exact Heap Blocks": 2, "Lossy Heap Blocks": 2, "Plans": [{"Node Type": "Bitmap Index Scan", "Parent Relationship": "Outer", "Index Name": "movie_id_movie_link", "Startup Cost": 0.0, "Total Cost": 0.29, "Plan Rows": 5, "Plan Width": 0, "Actual Startup Time": 0.013, "Actual Total Time": 0.013, "Actual Rows": 38, "Actual Loops": 2, "Index Cond": "(movie_id = mk.movie_id)"}]}]}, {"Node Type": "Bitmap Heap Scan", "Parent Relationship": "Inner", "Relation Name": "link_type", "Alias": "lt", "Startup Cost": 0.26, "Total Cost": 4.27, "Plan Rows": 1, "Plan Width": 16, "Actual Startup Time": 0.11, "Actual Total Time": 0.11, "Actual Rows": 0, "Actual Loops": 38, "Recheck Cond": "(id = ml.link_type_id)", "Rows Removed by Index Recheck": 0, "Filter": "((link)::text ~~ '%follows%'::text)", "Rows Removed by Filter": 24, "Exact Heap Blocks": 24, "Lossy Heap Blocks": 24, "Plans": [{"Node Type": "Bitmap Index Scan", "Parent Relationship": "Outer", "Index Name": "link_type_pkey", "Startup Cost": 0.0, "Total Cost": 0.26, "Plan Rows": 1, "Plan Width": 0, "Actual Startup Time": 0.037, "Actual Total Time": 0.037, "Actual Rows": 24, "Actual Loops": 38, "Index Cond": "(id = ml.link_type_id)"}]}]}]}, "Triggers": [], "Planner Runtime": 60.8, "Total Runtime": 153.166, "Unique SQL Id": 4121279504}}, "(16, 52)": {"explain_plan": {"Plan": {"Node Type": "Aggregate", "Strategy": "Plain", "Startup Cost": 2581.34, "Total Cost": 2581.35, "Plan Rows": 1, "Plan Width": 144, "Plans": [{"Node Type": "Nested Loop", "Parent Relationship": "Outer", "Join Type": "Inner", "Startup Cost": 4.51, "Total Cost": 2581.33, "Plan Rows": 1, "Plan Width": 48, "Inner Unique": true, "Plans": [{"Node Type": "Nested Loop", "Parent Relationship": "Outer", "Join Type": "Inner", "Startup Cost": 4.51, "Total Cost": 2581.05, "Plan Rows": 1, "Plan Width": 40, "Inner Unique": false, "Join Filter": "(t.id = ml.movie_id)", "Plans": [{"Node Type": "Nested Loop", "Parent Relationship": "Outer", "Join Type": "Inner", "Startup Cost": 4.51, "Total Cost": 2580.63, "Plan Rows": 1, "Plan Width": 48, "Inner Unique": true, "Plans": [{"Node Type": "Nested Loop", "Parent Relationship": "Outer", "Join Type": "Inner", "Startup Cost": 4.51, "Total Cost": 2580.35, "Plan Rows": 1, "Plan Width": 52, "Inner Unique": true, "Plans": [{"Node Type": "Nested Loop", "Parent Relationship": "Outer", "Join Type": "Inner", "Startup Cost": 4.51, "Total Cost": 2580.05, "Plan Rows": 1, "Plan Width": 37, "Inner Unique": false, "Join Filter": "(t.id = mc.movie_id)", "Plans": [{"Node Type": "Nested Loop", "Parent Relationship": "Outer", "Join Type": "Inner", "Startup Cost": 4.51, "Total Cost": 2579.71, "Plan Rows": 1, "Plan Width": 25, "Inner Unique": true, "Plans": [{"Node Type": "Nested Loop", "Parent Relationship": "Outer", "Join Type": "Inner", "Startup Cost": 4.51, "Total Cost": 2569.02, "Plan Rows": 33, "Plan Width": 4, "Inner Unique": false, "Plans": [{"Node Type": "Seq Scan", "Parent Relationship": "Outer", "Relation Name": "keyword", "Alias": "k", "Startup Cost": 0.0, "Total Cost": 2436.11, "Plan Rows": 1, "Plan Width": 4, "Filter": "((keyword)::text = 'sequel'::text)"}, {"Node Type": "Bitmap Heap Scan", "Parent Relationship": "Inner", "Relation Name": "movie_keyword", "Alias": "mk", "Startup Cost": 4.51, "Total Cost": 132.58, "Plan Rows": 33, "Plan Width": 8, "Recheck Cond": "(keyword_id = k.id)", "Plans": [{"Node Type": "Bitmap Index Scan", "Parent Relationship": "Outer", "Index Name": "keyword_id_movie_keyword", "Startup Cost": 0.0, "Total Cost": 4.5, "Plan Rows": 33, "Plan Width": 0, "Index Cond": "(keyword_id = k.id)"}]}]}, {"Node Type": "Index Scan", "Parent Relationship": "Inner", "Scan Direction": "Forward", "Index Name": "title_pkey", "Relation Name": "title", "Alias": "t", "Startup Cost": 0.0, "Total Cost": 0.31, "Plan Rows": 1, "Plan Width": 21, "Index Cond": "(id = mk.movie_id)", "Filter": "(((title)::text ~~ '%Money%'::text) AND (production_year = 1998))"}]}, {"Node Type": "Index Scan", "Parent Relationship": "Inner", "Scan Direction": "Forward", "Index Name": "movie_id_movie_companies", "Relation Name": "movie_companies", "Alias": "mc", "Startup Cost": 0.0, "Total Cost": 0.31, "Plan Rows": 2, "Plan Width": 12, "Index Cond": "(movie_id = mk.movie_id)", "Filter": "(note IS NULL)"}]}, {"Node Type": "Index Scan", "Parent Relationship": "Inner", "Scan Direction": "Forward", "Index Name": "company_name_pkey", "Relation Name": "company_name", "Alias": "cn", "Startup Cost": 0.0, "Total Cost": 0.29, "Plan Rows": 1, "Plan Width": 23, "Index Cond": "(id = mc.company_id)", "Filter": "(((country_code)::text <> '[pl]'::text) AND (((name)::text ~~ '%Film%'::text) OR ((name)::text ~~ '%Warner%'::text)))"}]}, {"Node Type": "Index Scan", "Parent Relationship": "Inner", "Scan Direction": "Forward", "Index Name": "company_type_pkey", "Relation Name": "company_type", "Alias": "ct", "Startup Cost": 0.0, "Total Cost": 0.27, "Plan Rows": 1, "Plan Width": 4, "Index Cond": "(id = mc.company_type_id)", "Filter": "((kind)::text = 'production companies'::text)"}]}, {"Node Type": "Index Scan", "Parent Relationship": "Inner", "Scan Direction": "Forward", "Index Name": "movie_id_movie_link", "Relation Name": "movie_link", "Alias": "ml", "Startup Cost": 0.0, "Total Cost": 0.35, "Plan Rows": 5, "Plan Width": 8, "Index Cond": "(movie_id = mk.movie_id)"}]}, {"Node Type": "Index Scan", "Parent Relationship": "Inner", "Scan Direction": "Forward", "Index Name": "link_type_pkey", "Relation Name": "link_type", "Alias": "lt", "Startup Cost": 0.0, "Total Cost": 0.27, "Plan Rows": 1, "Plan Width": 16, "Index Cond": "(id = ml.link_type_id)", "Filter": "((link)::text ~~ '%follows%'::text)"}]}]}, "Unique SQL Id": 4121279504}, "explain_analyze_plan": {"Plan": {"Node Type": "Aggregate", "Strategy": "Plain", "Startup Cost": 2581.34, "Total Cost": 2581.35, "Plan Rows": 1, "Plan Width": 144, "Actual Startup Time": 126.718, "Actual Total Time": 126.718, "Actual Rows": 1, "Actual Loops": 1, "Plans": [{"Node Type": "Nested Loop", "Parent Relationship": "Outer", "Join Type": "Inner", "Startup Cost": 4.51, "Total Cost": 2581.33, "Plan Rows": 1, "Plan Width": 48, "Actual Startup Time": 126.712, "Actual Total Time": 126.712, "Actual Rows": 0, "Actual Loops": 1, "Inner Unique": true, "Plans": [{"Node Type": "Nested Loop", "Parent Relationship": "Outer", "Join Type": "Inner", "Startup Cost": 4.51, "Total Cost": 2581.05, "Plan Rows": 1, "Plan Width": 40, "Actual Startup Time": 6.094, "Actual Total Time": 126.628, "Actual Rows": 38, "Actual Loops": 1, "Inner Unique": false, "Join Filter": "(t.id = ml.movie_id)", "Rows Removed by Join Filter": 0, "Plans": [{"Node Type": "Nested Loop", "Parent Relationship": "Outer", "Join Type": "Inner", "Startup Cost": 4.51, "Total Cost": 2580.63, "Plan Rows": 1, "Plan Width": 48, "Actual Startup Time": 6.079, "Actual Total Time": 126.579, "Actual Rows": 2, "Actual Loops": 1, "Inner Unique": true, "Plans": [{"Node Type": "Nested Loop", "Parent Relationship": "Outer", "Join Type": "Inner", "Startup Cost": 4.51, "Total Cost": 2580.35, "Plan Rows": 1, "Plan Width": 52, "Actual Startup Time": 6.07, "Actual Total Time": 126.566, "Actual Rows": 2, "Actual Loops": 1, "Inner Unique": true, "Plans": [{"Node Type": "Nested Loop", "Parent Relationship": "Outer", "Join Type": "Inner", "Startup Cost": 4.51, "Total Cost": 2580.05, "Plan Rows": 1, "Plan Width": 37, "Actual Startup Time": 6.053, "Actual Total Time": 126.529, "Actual Rows": 3, "Actual Loops": 1, "Inner Unique": false, "Join Filter": "(t.id = mc.movie_id)", "Rows Removed by Join Filter": 0, "Plans": [{"Node Type": "Nested Loop", "Parent Relationship": "Outer", "Join Type": "Inner", "Startup Cost": 4.51, "Total Cost": 2579.71, "Plan Rows": 1, "Plan Width": 25, "Actual Startup Time": 6.03, "Actual Total Time": 126.501, "Actual Rows": 1, "Actual Loops": 1, "Inner Unique": true, "Plans": [{"Node Type": "Nested Loop", "Parent Relationship": "Outer", "Join Type": "Inner", "Startup Cost": 4.51, "Total Cost": 2569.02, "Plan Rows": 33, "Plan Width": 4, "Actual Startup Time": 5.681, "Actual Total Time": 64.348, "Actual Rows": 10544, "Actual Loops": 1, "Inner Unique": false, "Plans": [{"Node Type": "Seq Scan", "Parent Relationship": "Outer", "Relation Name": "keyword", "Alias": "k", "Startup Cost": 0.0, "Total Cost": 2436.11, "Plan Rows": 1, "Plan Width": 4, "Actual Startup Time": 2.377, "Actual Total Time": 41.877, "Actual Rows": 1, "Actual Loops": 1, "Filter": "((keyword)::text = 'sequel'::text)", "Rows Removed by Filter": 134168}, {"Node Type": "Bitmap Heap Scan", "Parent Relationship": "Inner", "Relation Name": "movie_keyword", "Alias": "mk", "Startup Cost": 4.51, "Total Cost": 132.58, "Plan Rows": 33, "Plan Width": 8, "Actual Startup Time": 3.296, "Actual Total Time": 20.334, "Actual Rows": 10544, "Actual Loops": 1, "Recheck Cond": "(keyword_id = k.id)", "Rows Removed by Index Recheck": 0, "Exact Heap Blocks": 5090, "Lossy Heap Blocks": 5090, "Plans": [{"Node Type": "Bitmap Index Scan", "Parent Relationship": "Outer", "Index Name": "keyword_id_movie_keyword", "Startup Cost": 0.0, "Total Cost": 4.5, "Plan Rows": 33, "Plan Width": 0, "Actual Startup Time": 2.369, "Actual Total Time": 2.369, "Actual Rows": 10544, "Actual Loops": 1, "Index Cond": "(keyword_id = k.id)"}]}]}, {"Node Type": "Index Scan", "Parent Relationship": "Inner", "Scan Direction": "Forward", "Index Name": "title_pkey", "Relation Name": "title", "Alias": "t", "Startup Cost": 0.0, "Total Cost": 0.31, "Plan Rows": 1, "Plan Width": 21, "Actual Startup Time": 56.882, "Actual Total Time": 56.882, "Actual Rows": 1, "Actual Loops": 10544, "Index Cond": "(id = mk.movie_id)", "Rows Removed by Index Recheck": 0, "Filter": "(((title)::text ~~ '%Money%'::text) AND (production_year = 1998))", "Rows Removed by Filter": 10543}]}, {"Node Type": "Index Scan", "Parent Relationship": "Inner", "Scan Direction": "Forward", "Index Name": "movie_id_movie_companies", "Relation Name": "movie_companies", "Alias": "mc", "Startup Cost": 0.0, "Total Cost": 0.31, "Plan Rows": 2, "Plan Width": 12, "Actual Startup Time": 0.018, "Actual Total Time": 0.02, "Actual Rows": 3, "Actual Loops": 1, "Index Cond": "(movie_id = mk.movie_id)", "Rows Removed by Index Recheck": 0, "Filter": "(note IS NULL)", "Rows Removed by Filter": 1}]}, {"Node Type": "Index Scan", "Parent Relationship": "Inner", "Scan Direction": "Forward", "Index Name": "company_name_pkey", "Relation Name": "company_name", "Alias": "cn", "Startup Cost": 0.0, "Total Cost": 0.29, "Plan Rows": 1, "Plan Width": 23, "Actual Startup Time": 0.032, "Actual Total Time": 0.032, "Actual Rows": 2, "Actual Loops": 3, "Index Cond": "(id = mc.company_id)", "Rows Removed by Index Recheck": 0, "Filter": "(((country_code)::text <> '[pl]'::text) AND (((name)::text ~~ '%Film%'::text) OR ((name)::text ~~ '%Warner%'::text)))", "Rows Removed by Filter": 1}]}, {"Node Type": "Index Scan", "Parent Relationship": "Inner", "Scan Direction": "Forward", "Index Name": "company_type_pkey", "Relation Name": "company_type", "Alias": "ct", "Startup Cost": 0.0, "Total Cost": 0.27, "Plan Rows": 1, "Plan Width": 4, "Actual Startup Time": 0.008, "Actual Total Time": 0.008, "Actual Rows": 2, "Actual Loops": 2, "Index Cond": "(id = mc.company_type_id)", "Rows Removed by Index Recheck": 0, "Filter": "((kind)::text = 'production companies'::text)", "Rows Removed by Filter": 0}]}, {"Node Type": "Index Scan", "Parent Relationship": "Inner", "Scan Direction": "Forward", "Index Name": "movie_id_movie_link", "Relation Name": "movie_link", "Alias": "ml", "Startup Cost": 0.0, "Total Cost": 0.35, "Plan Rows": 5, "Plan Width": 8, "Actual Startup Time": 0.016, "Actual Total Time": 0.031, "Actual Rows": 38, "Actual Loops": 2, "Index Cond": "(movie_id = mk.movie_id)", "Rows Removed by Index Recheck": 0}]}, {"Node Type": "Index Scan", "Parent Relationship": "Inner", "Scan Direction": "Forward", "Index Name": "link_type_pkey", "Relation Name": "link_type", "Alias": "lt", "Startup Cost": 0.0, "Total Cost": 0.27, "Plan Rows": 1, "Plan Width": 16, "Actual Startup Time": 0.064, "Actual Total Time": 0.064, "Actual Rows": 0, "Actual Loops": 38, "Index Cond": "(id = ml.link_type_id)", "Rows Removed by Index Recheck": 0, "Filter": "((link)::text ~~ '%follows%'::text)", "Rows Removed by Filter": 24}]}]}, "Triggers": [], "Planner Runtime": 87.526, "Total Runtime": 127.163, "Unique SQL Id": 4121279504}}, "(16, 53)": {"explain_plan": {"Plan": {"Node Type": "Aggregate", "Strategy": "Plain", "Startup Cost": 3327.94, "Total Cost": 3327.95, "Plan Rows": 1, "Plan Width": 144, "Plans": [{"Node Type": "Nested Loop", "Parent Relationship": "Outer", "Join Type": "Inner", "Startup Cost": 4.51, "Total Cost": 3327.93, "Plan Rows": 1, "Plan Width": 48, "Inner Unique": true, "Plans": [{"Node Type": "Nested Loop", "Parent Relationship": "Outer", "Join Type": "Inner", "Startup Cost": 4.51, "Total Cost": 3327.65, "Plan Rows": 1, "Plan Width": 40, "Inner Unique": false, "Join Filter": "(t.id = ml.movie_id)", "Plans": [{"Node Type": "Nested Loop", "Parent Relationship": "Outer", "Join Type": "Inner", "Startup Cost": 4.51, "Total Cost": 3327.24, "Plan Rows": 1, "Plan Width": 48, "Inner Unique": true, "Plans": [{"Node Type": "Nested Loop", "Parent Relationship": "Outer", "Join Type": "Inner", "Startup Cost": 4.51, "Total Cost": 3326.95, "Plan Rows": 1, "Plan Width": 52, "Inner Unique": true, "Plans": [{"Node Type": "Nested Loop", "Parent Relationship": "Outer", "Join Type": "Inner", "Startup Cost": 4.51, "Total Cost": 3326.66, "Plan Rows": 1, "Plan Width": 37, "Inner Unique": false, "Join Filter": "(t.id = mc.movie_id)", "Plans": [{"Node Type": "Nested Loop", "Parent Relationship": "Outer", "Join Type": "Inner", "Startup Cost": 4.51, "Total Cost": 3326.32, "Plan Rows": 1, "Plan Width": 25, "Inner Unique": true, "Plans": [{"Node Type": "Nested Loop", "Parent Relationship": "Outer", "Join Type": "Inner", "Startup Cost": 4.51, "Total Cost": 3315.63, "Plan Rows": 33, "Plan Width": 4, "Inner Unique": false, "Plans": [{"Node Type": "Index Scan", "Parent Relationship": "Outer", "Scan Direction": "Forward", "Index Name": "keyword_pkey", "Relation Name": "keyword", "Alias": "k", "Startup Cost": 0.0, "Total Cost": 3182.72, "Plan Rows": 1, "Plan Width": 4, "Filter": "((keyword)::text = 'sequel'::text)"}, {"Node Type": "Bitmap Heap Scan", "Parent Relationship": "Inner", "Relation Name": "movie_keyword", "Alias": "mk", "Startup Cost": 4.51, "Total Cost": 132.58, "Plan Rows": 33, "Plan Width": 8, "Recheck Cond": "(keyword_id = k.id)", "Plans": [{"Node Type": "Bitmap Index Scan", "Parent Relationship": "Outer", "Index Name": "keyword_id_movie_keyword", "Startup Cost": 0.0, "Total Cost": 4.5, "Plan Rows": 33, "Plan Width": 0, "Index Cond": "(keyword_id = k.id)"}]}]}, {"Node Type": "Index Scan", "Parent Relationship": "Inner", "Scan Direction": "Forward", "Index Name": "title_pkey", "Relation Name": "title", "Alias": "t", "Startup Cost": 0.0, "Total Cost": 0.31, "Plan Rows": 1, "Plan Width": 21, "Index Cond": "(id = mk.movie_id)", "Filter": "(((title)::text ~~ '%Money%'::text) AND (production_year = 1998))"}]}, {"Node Type": "Index Scan", "Parent Relationship": "Inner", "Scan Direction": "Forward", "Index Name": "movie_id_movie_companies", "Relation Name": "movie_companies", "Alias": "mc", "Startup Cost": 0.0, "Total Cost": 0.31, "Plan Rows": 2, "Plan Width": 12, "Index Cond": "(movie_id = mk.movie_id)", "Filter": "(note IS NULL)"}]}, {"Node Type": "Index Scan", "Parent Relationship": "Inner", "Scan Direction": "Forward", "Index Name": "company_name_pkey", "Relation Name": "company_name", "Alias": "cn", "Startup Cost": 0.0, "Total Cost": 0.29, "Plan Rows": 1, "Plan Width": 23, "Index Cond": "(id = mc.company_id)", "Filter": "(((country_code)::text <> '[pl]'::text) AND (((name)::text ~~ '%Film%'::text) OR ((name)::text ~~ '%Warner%'::text)))"}]}, {"Node Type": "Index Scan", "Parent Relationship": "Inner", "Scan Direction": "Forward", "Index Name": "company_type_pkey", "Relation Name": "company_type", "Alias": "ct", "Startup Cost": 0.0, "Total Cost": 0.27, "Plan Rows": 1, "Plan Width": 4, "Index Cond": "(id = mc.company_type_id)", "Filter": "((kind)::text = 'production companies'::text)"}]}, {"Node Type": "Index Scan", "Parent Relationship": "Inner", "Scan Direction": "Forward", "Index Name": "movie_id_movie_link", "Relation Name": "movie_link", "Alias": "ml", "Startup Cost": 0.0, "Total Cost": 0.35, "Plan Rows": 5, "Plan Width": 8, "Index Cond": "(movie_id = mk.movie_id)"}]}, {"Node Type": "Index Scan", "Parent Relationship": "Inner", "Scan Direction": "Forward", "Index Name": "link_type_pkey", "Relation Name": "link_type", "Alias": "lt", "Startup Cost": 0.0, "Total Cost": 0.27, "Plan Rows": 1, "Plan Width": 16, "Index Cond": "(id = ml.link_type_id)", "Filter": "((link)::text ~~ '%follows%'::text)"}]}]}, "Unique SQL Id": 4121279504}, "explain_analyze_plan": {"Plan": {"Node Type": "Aggregate", "Strategy": "Plain", "Startup Cost": 3327.94, "Total Cost": 3327.95, "Plan Rows": 1, "Plan Width": 144, "Actual Startup Time": 210.021, "Actual Total Time": 210.022, "Actual Rows": 1, "Actual Loops": 1, "Plans": [{"Node Type": "Nested Loop", "Parent Relationship": "Outer", "Join Type": "Inner", "Startup Cost": 4.51, "Total Cost": 3327.93, "Plan Rows": 1, "Plan Width": 48, "Actual Startup Time": 210.015, "Actual Total Time": 210.015, "Actual Rows": 0, "Actual Loops": 1, "Inner Unique": true, "Plans": [{"Node Type": "Nested Loop", "Parent Relationship": "Outer", "Join Type": "Inner", "Startup Cost": 4.51, "Total Cost": 3327.65, "Plan Rows": 1, "Plan Width": 40, "Actual Startup Time": 4.252, "Actual Total Time": 209.927, "Actual Rows": 38, "Actual Loops": 1, "Inner Unique": false, "Join Filter": "(t.id = ml.movie_id)", "Rows Removed by Join Filter": 0, "Plans": [{"Node Type": "Nested Loop", "Parent Relationship": "Outer", "Join Type": "Inner", "Startup Cost": 4.51, "Total Cost": 3327.24, "Plan Rows": 1, "Plan Width": 48, "Actual Startup Time": 4.237, "Actual Total Time": 209.878, "Actual Rows": 2, "Actual Loops": 1, "Inner Unique": true, "Plans": [{"Node Type": "Nested Loop", "Parent Relationship": "Outer", "Join Type": "Inner", "Startup Cost": 4.51, "Total Cost": 3326.95, "Plan Rows": 1, "Plan Width": 52, "Actual Startup Time": 4.228, "Actual Total Time": 209.865, "Actual Rows": 2, "Actual Loops": 1, "Inner Unique": true, "Plans": [{"Node Type": "Nested Loop", "Parent Relationship": "Outer", "Join Type": "Inner", "Startup Cost": 4.51, "Total Cost": 3326.66, "Plan Rows": 1, "Plan Width": 37, "Actual Startup Time": 4.21, "Actual Total Time": 209.826, "Actual Rows": 3, "Actual Loops": 1, "Inner Unique": false, "Join Filter": "(t.id = mc.movie_id)", "Rows Removed by Join Filter": 0, "Plans": [{"Node Type": "Nested Loop", "Parent Relationship": "Outer", "Join Type": "Inner", "Startup Cost": 4.51, "Total Cost": 3326.32, "Plan Rows": 1, "Plan Width": 25, "Actual Startup Time": 4.189, "Actual Total Time": 209.801, "Actual Rows": 1, "Actual Loops": 1, "Inner Unique": true, "Plans": [{"Node Type": "Nested Loop", "Parent Relationship": "Outer", "Join Type": "Inner", "Startup Cost": 4.51, "Total Cost": 3315.63, "Plan Rows": 33, "Plan Width": 4, "Actual Startup Time": 3.839, "Actual Total Time": 145.857, "Actual Rows": 10544, "Actual Loops": 1, "Inner Unique": false, "Plans": [{"Node Type": "Index Scan", "Parent Relationship": "Outer", "Scan Direction": "Forward", "Index Name": "keyword_pkey", "Relation Name": "keyword", "Alias": "k", "Startup Cost": 0.0, "Total Cost": 3182.72, "Plan Rows": 1, "Plan Width": 4, "Actual Startup Time": 0.526, "Actual Total Time": 122.744, "Actual Rows": 1, "Actual Loops": 1, "Filter": "((keyword)::text = 'sequel'::text)", "Rows Removed by Filter": 134168}, {"Node Type": "Bitmap Heap Scan", "Parent Relationship": "Inner", "Relation Name": "movie_keyword", "Alias": "mk", "Startup Cost": 4.51, "Total Cost": 132.58, "Plan Rows": 33, "Plan Width": 8, "Actual Startup Time": 3.306, "Actual Total Time": 20.899, "Actual Rows": 10544, "Actual Loops": 1, "Recheck Cond": "(keyword_id = k.id)", "Rows Removed by Index Recheck": 0, "Exact Heap Blocks": 5090, "Lossy Heap Blocks": 5090, "Plans": [{"Node Type": "Bitmap Index Scan", "Parent Relationship": "Outer", "Index Name": "keyword_id_movie_keyword", "Startup Cost": 0.0, "Total Cost": 4.5, "Plan Rows": 33, "Plan Width": 0, "Actual Startup Time": 2.388, "Actual Total Time": 2.388, "Actual Rows": 10544, "Actual Loops": 1, "Index Cond": "(keyword_id = k.id)"}]}]}, {"Node Type": "Index Scan", "Parent Relationship": "Inner", "Scan Direction": "Forward", "Index Name": "title_pkey", "Relation Name": "title", "Alias": "t", "Startup Cost": 0.0, "Total Cost": 0.31, "Plan Rows": 1, "Plan Width": 21, "Actual Startup Time": 58.603, "Actual Total Time": 58.603, "Actual Rows": 1, "Actual Loops": 10544, "Index Cond": "(id = mk.movie_id)", "Rows Removed by Index Recheck": 0, "Filter": "(((title)::text ~~ '%Money%'::text) AND (production_year = 1998))", "Rows Removed by Filter": 10543}]}, {"Node Type": "Index Scan", "Parent Relationship": "Inner", "Scan Direction": "Forward", "Index Name": "movie_id_movie_companies", "Relation Name": "movie_companies", "Alias": "mc", "Startup Cost": 0.0, "Total Cost": 0.31, "Plan Rows": 2, "Plan Width": 12, "Actual Startup Time": 0.017, "Actual Total Time": 0.019, "Actual Rows": 3, "Actual Loops": 1, "Index Cond": "(movie_id = mk.movie_id)", "Rows Removed by Index Recheck": 0, "Filter": "(note IS NULL)", "Rows Removed by Filter": 1}]}, {"Node Type": "Index Scan", "Parent Relationship": "Inner", "Scan Direction": "Forward", "Index Name": "company_name_pkey", "Relation Name": "company_name", "Alias": "cn", "Startup Cost": 0.0, "Total Cost": 0.29, "Plan Rows": 1, "Plan Width": 23, "Actual Startup Time": 0.034, "Actual Total Time": 0.034, "Actual Rows": 2, "Actual Loops": 3, "Index Cond": "(id = mc.company_id)", "Rows Removed by Index Recheck": 0, "Filter": "(((country_code)::text <> '[pl]'::text) AND (((name)::text ~~ '%Film%'::text) OR ((name)::text ~~ '%Warner%'::text)))", "Rows Removed by Filter": 1}]}, {"Node Type": "Index Scan", "Parent Relationship": "Inner", "Scan Direction": "Forward", "Index Name": "company_type_pkey", "Relation Name": "company_type", "Alias": "ct", "Startup Cost": 0.0, "Total Cost": 0.27, "Plan Rows": 1, "Plan Width": 4, "Actual Startup Time": 0.009, "Actual Total Time": 0.009, "Actual Rows": 2, "Actual Loops": 2, "Index Cond": "(id = mc.company_type_id)", "Rows Removed by Index Recheck": 0, "Filter": "((kind)::text = 'production companies'::text)", "Rows Removed by Filter": 0}]}, {"Node Type": "Index Scan", "Parent Relationship": "Inner", "Scan Direction": "Forward", "Index Name": "movie_id_movie_link", "Relation Name": "movie_link", "Alias": "ml", "Startup Cost": 0.0, "Total Cost": 0.35, "Plan Rows": 5, "Plan Width": 8, "Actual Startup Time": 0.016, "Actual Total Time": 0.029, "Actual Rows": 38, "Actual Loops": 2, "Index Cond": "(movie_id = mk.movie_id)", "Rows Removed by Index Recheck": 0}]}, {"Node Type": "Index Scan", "Parent Relationship": "Inner", "Scan Direction": "Forward", "Index Name": "link_type_pkey", "Relation Name": "link_type", "Alias": "lt", "Startup Cost": 0.0, "Total Cost": 0.27, "Plan Rows": 1, "Plan Width": 16, "Actual Startup Time": 0.063, "Actual Total Time": 0.063, "Actual Rows": 0, "Actual Loops": 38, "Index Cond": "(id = ml.link_type_id)", "Rows Removed by Index Recheck": 0, "Filter": "((link)::text ~~ '%follows%'::text)", "Rows Removed by Filter": 24}]}]}, "Triggers": [], "Planner Runtime": 75.74, "Total Runtime": 210.444, "Unique SQL Id": 4121279504}}, "(16, 54)": {"explain_plan": {"Plan": {"Node Type": "Aggregate", "Strategy": "Plain", "Startup Cost": 2726.02, "Total Cost": 2726.03, "Plan Rows": 1, "Plan Width": 144, "Plans": [{"Node Type": "Nested Loop", "Parent Relationship": "Outer", "Join Type": "Inner", "Startup Cost": 5.59, "Total Cost": 2726.01, "Plan Rows": 1, "Plan Width": 48, "Inner Unique": true, "Join Filter": "(ml.link_type_id = lt.id)", "Plans": [{"Node Type": "Nested Loop", "Parent Relationship": "Outer", "Join Type": "Inner", "Startup Cost": 5.59, "Total Cost": 2724.78, "Plan Rows": 1, "Plan Width": 40, "Inner Unique": false, "Join Filter": "(t.id = ml.movie_id)", "Plans": [{"Node Type": "Nested Loop", "Parent Relationship": "Outer", "Join Type": "Inner", "Startup Cost": 5.3, "Total Cost": 2720.37, "Plan Rows": 1, "Plan Width": 48, "Inner Unique": true, "Join Filter": "(mc.company_type_id = ct.id)", "Plans": [{"Node Type": "Nested Loop", "Parent Relationship": "Outer", "Join Type": "Inner", "Startup Cost": 5.3, "Total Cost": 2719.32, "Plan Rows": 1, "Plan Width": 52, "Inner Unique": true, "Plans": [{"Node Type": "Nested Loop", "Parent Relationship": "Outer", "Join Type": "Inner", "Startup Cost": 5.05, "Total Cost": 2715.03, "Plan Rows": 1, "Plan Width": 37, "Inner Unique": false, "Join Filter": "(t.id = mc.movie_id)", "Plans": [{"Node Type": "Nested Loop", "Parent Relationship": "Outer", "Join Type": "Inner", "Startup Cost": 4.77, "Total Cost": 2710.71, "Plan Rows": 1, "Plan Width": 25, "Inner Unique": true, "Plans": [{"Node Type": "Nested Loop", "Parent Relationship": "Outer", "Join Type": "Inner", "Startup Cost": 4.51, "Total Cost": 2569.02, "Plan Rows": 33, "Plan Width": 4, "Inner Unique": false, "Plans": [{"Node Type": "Seq Scan", "Parent Relationship": "Outer", "Relation Name": "keyword", "Alias": "k", "Startup Cost": 0.0, "Total Cost": 2436.11, "Plan Rows": 1, "Plan Width": 4, "Filter": "((keyword)::text = 'sequel'::text)"}, {"Node Type": "Bitmap Heap Scan", "Parent Relationship": "Inner", "Relation Name": "movie_keyword", "Alias": "mk", "Startup Cost": 4.51, "Total Cost": 132.58, "Plan Rows": 33, "Plan Width": 8, "Recheck Cond": "(keyword_id = k.id)", "Plans": [{"Node Type": "Bitmap Index Scan", "Parent Relationship": "Outer", "Index Name": "keyword_id_movie_keyword", "Startup Cost": 0.0, "Total Cost": 4.5, "Plan Rows": 33, "Plan Width": 0, "Index Cond": "(keyword_id = k.id)"}]}]}, {"Node Type": "Bitmap Heap Scan", "Parent Relationship": "Inner", "Relation Name": "title", "Alias": "t", "Startup Cost": 0.27, "Total Cost": 4.28, "Plan Rows": 1, "Plan Width": 21, "Recheck Cond": "(id = mk.movie_id)", "Filter": "(((title)::text ~~ '%Money%'::text) AND (production_year = 1998))", "Plans": [{"Node Type": "Bitmap Index Scan", "Parent Relationship": "Outer", "Index Name": "title_pkey", "Startup Cost": 0.0, "Total Cost": 0.27, "Plan Rows": 1, "Plan Width": 0, "Index Cond": "(id = mk.movie_id)"}]}]}, {"Node Type": "Bitmap Heap Scan", "Parent Relationship": "Inner", "Relation Name": "movie_companies", "Alias": "mc", "Startup Cost": 0.27, "Total Cost": 4.3, "Plan Rows": 2, "Plan Width": 12, "Recheck Cond": "(movie_id = mk.movie_id)", "Filter": "(note IS NULL)", "Plans": [{"Node Type": "Bitmap Index Scan", "Parent Relationship": "Outer", "Index Name": "movie_id_movie_companies", "Startup Cost": 0.0, "Total Cost": 0.27, "Plan Rows": 2, "Plan Width": 0, "Index Cond": "(movie_id = mk.movie_id)"}]}]}, {"Node Type": "Bitmap Heap Scan", "Parent Relationship": "Inner", "Relation Name": "company_name", "Alias": "cn", "Startup Cost": 0.26, "Total Cost": 4.28, "Plan Rows": 1, "Plan Width": 23, "Recheck Cond": "(id = mc.company_id)", "Filter": "(((country_code)::text <> '[pl]'::text) AND (((name)::text ~~ '%Film%'::text) OR ((name)::text ~~ '%Warner%'::text)))", "Plans": [{"Node Type": "Bitmap Index Scan", "Parent Relationship": "Outer", "Index Name": "company_name_pkey", "Startup Cost": 0.0, "Total Cost": 0.26, "Plan Rows": 1, "Plan Width": 0, "Index Cond": "(id = mc.company_id)"}]}]}, {"Node Type": "Seq Scan", "Parent Relationship": "Inner", "Relation Name": "company_type", "Alias": "ct", "Startup Cost": 0.0, "Total Cost": 1.04, "Plan Rows": 1, "Plan Width": 4, "Filter": "((kind)::text = 'production companies'::text)"}]}, {"Node Type": "Bitmap Heap Scan", "Parent Relationship": "Inner", "Relation Name": "movie_link", "Alias": "ml", "Startup Cost": 0.29, "Total Cost": 4.35, "Plan Rows": 5, "Plan Width": 8, "Recheck Cond": "(movie_id = mk.movie_id)", "Plans": [{"Node Type": "Bitmap Index Scan", "Parent Relationship": "Outer", "Index Name": "movie_id_movie_link", "Startup Cost": 0.0, "Total Cost": 0.29, "Plan Rows": 5, "Plan Width": 0, "Index Cond": "(movie_id = mk.movie_id)"}]}]}, {"Node Type": "Seq Scan", "Parent Relationship": "Inner", "Relation Name": "link_type", "Alias": "lt", "Startup Cost": 0.0, "Total Cost": 1.21, "Plan Rows": 1, "Plan Width": 16, "Filter": "((link)::text ~~ '%follows%'::text)"}]}]}, "Unique SQL Id": 4121279504}, "explain_analyze_plan": {"Plan": {"Node Type": "Aggregate", "Strategy": "Plain", "Startup Cost": 2726.02, "Total Cost": 2726.03, "Plan Rows": 1, "Plan Width": 144, "Actual Startup Time": 139.006, "Actual Total Time": 139.007, "Actual Rows": 1, "Actual Loops": 1, "Plans": [{"Node Type": "Nested Loop", "Parent Relationship": "Outer", "Join Type": "Inner", "Startup Cost": 5.59, "Total Cost": 2726.01, "Plan Rows": 1, "Plan Width": 48, "Actual Startup Time": 138.995, "Actual Total Time": 138.995, "Actual Rows": 0, "Actual Loops": 1, "Inner Unique": true, "Join Filter": "(ml.link_type_id = lt.id)", "Rows Removed by Join Filter": 0, "Plans": [{"Node Type": "Nested Loop", "Parent Relationship": "Outer", "Join Type": "Inner", "Startup Cost": 5.59, "Total Cost": 2724.78, "Plan Rows": 1, "Plan Width": 40, "Actual Startup Time": 6.154, "Actual Total Time": 138.668, "Actual Rows": 38, "Actual Loops": 1, "Inner Unique": false, "Join Filter": "(t.id = ml.movie_id)", "Rows Removed by Join Filter": 0, "Plans": [{"Node Type": "Nested Loop", "Parent Relationship": "Outer", "Join Type": "Inner", "Startup Cost": 5.3, "Total Cost": 2720.37, "Plan Rows": 1, "Plan Width": 48, "Actual Startup Time": 6.124, "Actual Total Time": 138.609, "Actual Rows": 2, "Actual Loops": 1, "Inner Unique": true, "Join Filter": "(mc.company_type_id = ct.id)", "Rows Removed by Join Filter": 0, "Plans": [{"Node Type": "Nested Loop", "Parent Relationship": "Outer", "Join Type": "Inner", "Startup Cost": 5.3, "Total Cost": 2719.32, "Plan Rows": 1, "Plan Width": 52, "Actual Startup Time": 6.112, "Actual Total Time": 138.593, "Actual Rows": 2, "Actual Loops": 1, "Inner Unique": true, "Plans": [{"Node Type": "Nested Loop", "Parent Relationship": "Outer", "Join Type": "Inner", "Startup Cost": 5.05, "Total Cost": 2715.03, "Plan Rows": 1, "Plan Width": 37, "Actual Startup Time": 6.09, "Actual Total Time": 138.545, "Actual Rows": 3, "Actual Loops": 1, "Inner Unique": false, "Join Filter": "(t.id = mc.movie_id)", "Rows Removed by Join Filter": 0, "Plans": [{"Node Type": "Nested Loop", "Parent Relationship": "Outer", "Join Type": "Inner", "Startup Cost": 4.77, "Total Cost": 2710.71, "Plan Rows": 1, "Plan Width": 25, "Actual Startup Time": 6.057, "Actual Total Time": 138.508, "Actual Rows": 1, "Actual Loops": 1, "Inner Unique": true, "Plans": [{"Node Type": "Nested Loop", "Parent Relationship": "Outer", "Join Type": "Inner", "Startup Cost": 4.51, "Total Cost": 2569.02, "Plan Rows": 33, "Plan Width": 4, "Actual Startup Time": 5.644, "Actual Total Time": 62.51, "Actual Rows": 10544, "Actual Loops": 1, "Inner Unique": false, "Plans": [{"Node Type": "Seq Scan", "Parent Relationship": "Outer", "Relation Name": "keyword", "Alias": "k", "Startup Cost": 0.0, "Total Cost": 2436.11, "Plan Rows": 1, "Plan Width": 4, "Actual Startup Time": 2.306, "Actual Total Time": 41.335, "Actual Rows": 1, "Actual Loops": 1, "Filter": "((keyword)::text = 'sequel'::text)", "Rows Removed by Filter": 134168}, {"Node Type": "Bitmap Heap Scan", "Parent Relationship": "Inner", "Relation Name": "movie_keyword", "Alias": "mk", "Startup Cost": 4.51, "Total Cost": 132.58, "Plan Rows": 33, "Plan Width": 8, "Actual Startup Time": 3.331, "Actual Total Time": 19.008, "Actual Rows": 10544, "Actual Loops": 1, "Recheck Cond": "(keyword_id = k.id)", "Rows Removed by Index Recheck": 0, "Exact Heap Blocks": 5090, "Lossy Heap Blocks": 5090, "Plans": [{"Node Type": "Bitmap Index Scan", "Parent Relationship": "Outer", "Index Name": "keyword_id_movie_keyword", "Startup Cost": 0.0, "Total Cost": 4.5, "Plan Rows": 33, "Plan Width": 0, "Actual Startup Time": 2.404, "Actual Total Time": 2.404, "Actual Rows": 10544, "Actual Loops": 1, "Index Cond": "(keyword_id = k.id)"}]}]}, {"Node Type": "Bitmap Heap Scan", "Parent Relationship": "Inner", "Relation Name": "title", "Alias": "t", "Startup Cost": 0.27, "Total Cost": 4.28, "Plan Rows": 1, "Plan Width": 21, "Actual Startup Time": 64.166, "Actual Total Time": 64.166, "Actual Rows": 1, "Actual Loops": 10544, "Recheck Cond": "(id = mk.movie_id)", "Rows Removed by Index Recheck": 0, "Filter": "(((title)::text ~~ '%Money%'::text) AND (production_year = 1998))", "Rows Removed by Filter": 10543, "Exact Heap Blocks": 10544, "Lossy Heap Blocks": 10544, "Plans": [{"Node Type": "Bitmap Index Scan", "Parent Relationship": "Outer", "Index Name": "title_pkey", "Startup Cost": 0.0, "Total Cost": 0.27, "Plan Rows": 1, "Plan Width": 0, "Actual Startup Time": 31.869, "Actual Total Time": 31.869, "Actual Rows": 10544, "Actual Loops": 10544, "Index Cond": "(id = mk.movie_id)"}]}]}, {"Node Type": "Bitmap Heap Scan", "Parent Relationship": "Inner", "Relation Name": "movie_companies", "Alias": "mc", "Startup Cost": 0.27, "Total Cost": 4.3, "Plan Rows": 2, "Plan Width": 12, "Actual Startup Time": 0.029, "Actual Total Time": 0.032, "Actual Rows": 3, "Actual Loops": 1, "Recheck Cond": "(movie_id = mk.movie_id)", "Rows Removed by Index Recheck": 0, "Filter": "(note IS NULL)", "Rows Removed by Filter": 1, "Exact Heap Blocks": 2, "Lossy Heap Blocks": 2, "Plans": [{"Node Type": "Bitmap Index Scan", "Parent Relationship": "Outer", "Index Name": "movie_id_movie_companies", "Startup Cost": 0.0, "Total Cost": 0.27, "Plan Rows": 2, "Plan Width": 0, "Actual Startup Time": 0.011, "Actual Total Time": 0.011, "Actual Rows": 4, "Actual Loops": 1, "Index Cond": "(movie_id = mk.movie_id)"}]}]}, {"Node Type": "Bitmap Heap Scan", "Parent Relationship": "Inner", "Relation Name": "company_name", "Alias": "cn", "Startup Cost": 0.26, "Total Cost": 4.28, "Plan Rows": 1, "Plan Width": 23, "Actual Startup Time": 0.039, "Actual Total Time": 0.039, "Actual Rows": 2, "Actual Loops": 3, "Recheck Cond": "(id = mc.company_id)", "Rows Removed by Index Recheck": 0, "Filter": "(((country_code)::text <> '[pl]'::text) AND (((name)::text ~~ '%Film%'::text) OR ((name)::text ~~ '%Warner%'::text)))", "Rows Removed by Filter": 1, "Exact Heap Blocks": 3, "Lossy Heap Blocks": 3, "Plans": [{"Node Type": "Bitmap Index Scan", "Parent Relationship": "Outer", "Index Name": "company_name_pkey", "Startup Cost": 0.0, "Total Cost": 0.26, "Plan Rows": 1, "Plan Width": 0, "Actual Startup Time": 0.02, "Actual Total Time": 0.02, "Actual Rows": 3, "Actual Loops": 3, "Index Cond": "(id = mc.company_id)"}]}]}, {"Node Type": "Seq Scan", "Parent Relationship": "Inner", "Relation Name": "company_type", "Alias": "ct", "Startup Cost": 0.0, "Total Cost": 1.04, "Plan Rows": 1, "Plan Width": 4, "Actual Startup Time": 0.01, "Actual Total Time": 0.01, "Actual Rows": 2, "Actual Loops": 2, "Filter": "((kind)::text = 'production companies'::text)", "Rows Removed by Filter": 0}]}, {"Node Type": "Bitmap Heap Scan", "Parent Relationship": "Inner", "Relation Name": "movie_link", "Alias": "ml", "Startup Cost": 0.29, "Total Cost": 4.35, "Plan Rows": 5, "Plan Width": 8, "Actual Startup Time": 0.031, "Actual Total Time": 0.035, "Actual Rows": 38, "Actual Loops": 2, "Recheck Cond": "(movie_id = mk.movie_id)", "Rows Removed by Index Recheck": 0, "Exact Heap Blocks": 2, "Lossy Heap Blocks": 2, "Plans": [{"Node Type": "Bitmap Index Scan", "Parent Relationship": "Outer", "Index Name": "movie_id_movie_link", "Startup Cost": 0.0, "Total Cost": 0.29, "Plan Rows": 5, "Plan Width": 0, "Actual Startup Time": 0.013, "Actual Total Time": 0.013, "Actual Rows": 38, "Actual Loops": 2, "Index Cond": "(movie_id = mk.movie_id)"}]}]}, {"Node Type": "Seq Scan", "Parent Relationship": "Inner", "Relation Name": "link_type", "Alias": "lt", "Startup Cost": 0.0, "Total Cost": 1.21, "Plan Rows": 1, "Plan Width": 16, "Actual Startup Time": 0.293, "Actual Total Time": 0.293, "Actual Rows": 0, "Actual Loops": 38, "Filter": "((link)::text ~~ '%follows%'::text)", "Rows Removed by Filter": 646}]}]}, "Triggers": [], "Planner Runtime": 115.353, "Total Runtime": 139.543, "Unique SQL Id": 4121279504}}, "(16, 55)": {"explain_plan": {"Plan": {"Node Type": "Aggregate", "Strategy": "Plain", "Startup Cost": 3451.4, "Total Cost": 3451.41, "Plan Rows": 1, "Plan Width": 144, "Plans": [{"Node Type": "Nested Loop", "Parent Relationship": "Outer", "Join Type": "Inner", "Startup Cost": 725.2, "Total Cost": 3451.4, "Plan Rows": 1, "Plan Width": 48, "Inner Unique": true, "Plans": [{"Node Type": "Nested Loop", "Parent Relationship": "Outer", "Join Type": "Inner", "Startup Cost": 724.95, "Total Cost": 3447.11, "Plan Rows": 1, "Plan Width": 40, "Inner Unique": false, "Join Filter": "(t.id = ml.movie_id)", "Plans": [{"Node Type": "Nested Loop", "Parent Relationship": "Outer", "Join Type": "Inner", "Startup Cost": 724.66, "Total Cost": 3442.7, "Plan Rows": 1, "Plan Width": 48, "Inner Unique": true, "Plans": [{"Node Type": "Nested Loop", "Parent Relationship": "Outer", "Join Type": "Inner", "Startup Cost": 724.4, "Total Cost": 3438.42, "Plan Rows": 1, "Plan Width": 52, "Inner Unique": true, "Plans": [{"Node Type": "Nested Loop", "Parent Relationship": "Outer", "Join Type": "Inner", "Startup Cost": 724.14, "Total Cost": 3434.13, "Plan Rows": 1, "Plan Width": 37, "Inner Unique": false, "Join Filter": "(t.id = mc.movie_id)", "Plans": [{"Node Type": "Nested Loop", "Parent Relationship": "Outer", "Join Type": "Inner", "Startup Cost": 723.87, "Total Cost": 3429.8, "Plan Rows": 1, "Plan Width": 25, "Inner Unique": true, "Plans": [{"Node Type": "Nested Loop", "Parent Relationship": "Outer", "Join Type": "Inner", "Startup Cost": 723.6, "Total Cost": 3288.12, "Plan Rows": 33, "Plan Width": 4, "Inner Unique": false, "Plans": [{"Node Type": "Bitmap Heap Scan", "Parent Relationship": "Outer", "Relation Name": "keyword", "Alias": "k", "Startup Cost": 719.1, "Total Cost": 3155.21, "Plan Rows": 1, "Plan Width": 4, "Filter": "((keyword)::text = 'sequel'::text)", "Plans": [{"Node Type": "Bitmap Index Scan", "Parent Relationship": "Outer", "Index Name": "keyword_pkey", "Startup Cost": 0.0, "Total Cost": 719.1, "Plan Rows": 134169, "Plan Width": 0}]}, {"Node Type": "Bitmap Heap Scan", "Parent Relationship": "Inner", "Relation Name": "movie_keyword", "Alias": "mk", "Startup Cost": 4.51, "Total Cost": 132.58, "Plan Rows": 33, "Plan Width": 8, "Recheck Cond": "(keyword_id = k.id)", "Plans": [{"Node Type": "Bitmap Index Scan", "Parent Relationship": "Outer", "Index Name": "keyword_id_movie_keyword", "Startup Cost": 0.0, "Total Cost": 4.5, "Plan Rows": 33, "Plan Width": 0, "Index Cond": "(keyword_id = k.id)"}]}]}, {"Node Type": "Bitmap Heap Scan", "Parent Relationship": "Inner", "Relation Name": "title", "Alias": "t", "Startup Cost": 0.27, "Total Cost": 4.28, "Plan Rows": 1, "Plan Width": 21, "Recheck Cond": "(id = mk.movie_id)", "Filter": "(((title)::text ~~ '%Money%'::text) AND (production_year = 1998))", "Plans": [{"Node Type": "Bitmap Index Scan", "Parent Relationship": "Outer", "Index Name": "title_pkey", "Startup Cost": 0.0, "Total Cost": 0.27, "Plan Rows": 1, "Plan Width": 0, "Index Cond": "(id = mk.movie_id)"}]}]}, {"Node Type": "Bitmap Heap Scan", "Parent Relationship": "Inner", "Relation Name": "movie_companies", "Alias": "mc", "Startup Cost": 0.27, "Total Cost": 4.3, "Plan Rows": 2, "Plan Width": 12, "Recheck Cond": "(movie_id = mk.movie_id)", "Filter": "(note IS NULL)", "Plans": [{"Node Type": "Bitmap Index Scan", "Parent Relationship": "Outer", "Index Name": "movie_id_movie_companies", "Startup Cost": 0.0, "Total Cost": 0.27, "Plan Rows": 2, "Plan Width": 0, "Index Cond": "(movie_id = mk.movie_id)"}]}]}, {"Node Type": "Bitmap Heap Scan", "Parent Relationship": "Inner", "Relation Name": "company_name", "Alias": "cn", "Startup Cost": 0.26, "Total Cost": 4.28, "Plan Rows": 1, "Plan Width": 23, "Recheck Cond": "(id = mc.company_id)", "Filter": "(((country_code)::text <> '[pl]'::text) AND (((name)::text ~~ '%Film%'::text) OR ((name)::text ~~ '%Warner%'::text)))", "Plans": [{"Node Type": "Bitmap Index Scan", "Parent Relationship": "Outer", "Index Name": "company_name_pkey", "Startup Cost": 0.0, "Total Cost": 0.26, "Plan Rows": 1, "Plan Width": 0, "Index Cond": "(id = mc.company_id)"}]}]}, {"Node Type": "Bitmap Heap Scan", "Parent Relationship": "Inner", "Relation Name": "company_type", "Alias": "ct", "Startup Cost": 0.26, "Total Cost": 4.27, "Plan Rows": 1, "Plan Width": 4, "Recheck Cond": "(id = mc.company_type_id)", "Filter": "((kind)::text = 'production companies'::text)", "Plans": [{"Node Type": "Bitmap Index Scan", "Parent Relationship": "Outer", "Index Name": "company_type_pkey", "Startup Cost": 0.0, "Total Cost": 0.26, "Plan Rows": 1, "Plan Width": 0, "Index Cond": "(id = mc.company_type_id)"}]}]}, {"Node Type": "Bitmap Heap Scan", "Parent Relationship": "Inner", "Relation Name": "movie_link", "Alias": "ml", "Startup Cost": 0.29, "Total Cost": 4.35, "Plan Rows": 5, "Plan Width": 8, "Recheck Cond": "(movie_id = mk.movie_id)", "Plans": [{"Node Type": "Bitmap Index Scan", "Parent Relationship": "Outer", "Index Name": "movie_id_movie_link", "Startup Cost": 0.0, "Total Cost": 0.29, "Plan Rows": 5, "Plan Width": 0, "Index Cond": "(movie_id = mk.movie_id)"}]}]}, {"Node Type": "Bitmap Heap Scan", "Parent Relationship": "Inner", "Relation Name": "link_type", "Alias": "lt", "Startup Cost": 0.26, "Total Cost": 4.27, "Plan Rows": 1, "Plan Width": 16, "Recheck Cond": "(id = ml.link_type_id)", "Filter": "((link)::text ~~ '%follows%'::text)", "Plans": [{"Node Type": "Bitmap Index Scan", "Parent Relationship": "Outer", "Index Name": "link_type_pkey", "Startup Cost": 0.0, "Total Cost": 0.26, "Plan Rows": 1, "Plan Width": 0, "Index Cond": "(id = ml.link_type_id)"}]}]}]}, "Unique SQL Id": 4121279504}, "explain_analyze_plan": {"Plan": {"Node Type": "Aggregate", "Strategy": "Plain", "Startup Cost": 3451.4, "Total Cost": 3451.41, "Plan Rows": 1, "Plan Width": 144, "Actual Startup Time": 152.6, "Actual Total Time": 152.601, "Actual Rows": 1, "Actual Loops": 1, "Plans": [{"Node Type": "Nested Loop", "Parent Relationship": "Outer", "Join Type": "Inner", "Startup Cost": 725.2, "Total Cost": 3451.4, "Plan Rows": 1, "Plan Width": 48, "Actual Startup Time": 152.588, "Actual Total Time": 152.588, "Actual Rows": 0, "Actual Loops": 1, "Inner Unique": true, "Plans": [{"Node Type": "Nested Loop", "Parent Relationship": "Outer", "Join Type": "Inner", "Startup Cost": 724.95, "Total Cost": 3447.11, "Plan Rows": 1, "Plan Width": 40, "Actual Startup Time": 18.148, "Actual Total Time": 152.437, "Actual Rows": 38, "Actual Loops": 1, "Inner Unique": false, "Join Filter": "(t.id = ml.movie_id)", "Rows Removed by Join Filter": 0, "Plans": [{"Node Type": "Nested Loop", "Parent Relationship": "Outer", "Join Type": "Inner", "Startup Cost": 724.66, "Total Cost": 3442.7, "Plan Rows": 1, "Plan Width": 48, "Actual Startup Time": 18.12, "Actual Total Time": 152.376, "Actual Rows": 2, "Actual Loops": 1, "Inner Unique": true, "Plans": [{"Node Type": "Nested Loop", "Parent Relationship": "Outer", "Join Type": "Inner", "Startup Cost": 724.4, "Total Cost": 3438.42, "Plan Rows": 1, "Plan Width": 52, "Actual Startup Time": 18.104, "Actual Total Time": 152.355, "Actual Rows": 2, "Actual Loops": 1, "Inner Unique": true, "Plans": [{"Node Type": "Nested Loop", "Parent Relationship": "Outer", "Join Type": "Inner", "Startup Cost": 724.14, "Total Cost": 3434.13, "Plan Rows": 1, "Plan Width": 37, "Actual Startup Time": 18.071, "Actual Total Time": 152.299, "Actual Rows": 3, "Actual Loops": 1, "Inner Unique": false, "Join Filter": "(t.id = mc.movie_id)", "Rows Removed by Join Filter": 0, "Plans": [{"Node Type": "Nested Loop", "Parent Relationship": "Outer", "Join Type": "Inner", "Startup Cost": 723.87, "Total Cost": 3429.8, "Plan Rows": 1, "Plan Width": 25, "Actual Startup Time": 18.038, "Actual Total Time": 152.263, "Actual Rows": 1, "Actual Loops": 1, "Inner Unique": true, "Plans": [{"Node Type": "Nested Loop", "Parent Relationship": "Outer", "Join Type": "Inner", "Startup Cost": 723.6, "Total Cost": 3288.12, "Plan Rows": 33, "Plan Width": 4, "Actual Startup Time": 17.628, "Actual Total Time": 80.585, "Actual Rows": 10544, "Actual Loops": 1, "Inner Unique": false, "Plans": [{"Node Type": "Bitmap Heap Scan", "Parent Relationship": "Outer", "Relation Name": "keyword", "Alias": "k", "Startup Cost": 719.1, "Total Cost": 3155.21, "Plan Rows": 1, "Plan Width": 4, "Actual Startup Time": 14.469, "Actual Total Time": 61.131, "Actual Rows": 1, "Actual Loops": 1, "Filter": "((keyword)::text = 'sequel'::text)", "Rows Removed by Filter": 134168, "Exact Heap Blocks": 759, "Lossy Heap Blocks": 759, "Plans": [{"Node Type": "Bitmap Index Scan", "Parent Relationship": "Outer", "Index Name": "keyword_pkey", "Startup Cost": 0.0, "Total Cost": 719.1, "Plan Rows": 134169, "Plan Width": 0, "Actual Startup Time": 11.259, "Actual Total Time": 11.259, "Actual Rows": 134169, "Actual Loops": 1}]}, {"Node Type": "Bitmap Heap Scan", "Parent Relationship": "Inner", "Relation Name": "movie_keyword", "Alias": "mk", "Startup Cost": 4.51, "Total Cost": 132.58, "Plan Rows": 33, "Plan Width": 8, "Actual Startup Time": 3.147, "Actual Total Time": 17.278, "Actual Rows": 10544, "Actual Loops": 1, "Recheck Cond": "(keyword_id = k.id)", "Rows Removed by Index Recheck": 0, "Exact Heap Blocks": 5090, "Lossy Heap Blocks": 5090, "Plans": [{"Node Type": "Bitmap Index Scan", "Parent Relationship": "Outer", "Index Name": "keyword_id_movie_keyword", "Startup Cost": 0.0, "Total Cost": 4.5, "Plan Rows": 33, "Plan Width": 0, "Actual Startup Time": 2.26, "Actual Total Time": 2.26, "Actual Rows": 10544, "Actual Loops": 1, "Index Cond": "(keyword_id = k.id)"}]}]}, {"Node Type": "Bitmap Heap Scan", "Parent Relationship": "Inner", "Relation Name": "title", "Alias": "t", "Startup Cost": 0.27, "Total Cost": 4.28, "Plan Rows": 1, "Plan Width": 21, "Actual Startup Time": 59.935, "Actual Total Time": 59.935, "Actual Rows": 1, "Actual Loops": 10544, "Recheck Cond": "(id = mk.movie_id)", "Rows Removed by Index Recheck": 0, "Filter": "(((title)::text ~~ '%Money%'::text) AND (production_year = 1998))", "Rows Removed by Filter": 10543, "Exact Heap Blocks": 10544, "Lossy Heap Blocks": 10544, "Plans": [{"Node Type": "Bitmap Index Scan", "Parent Relationship": "Outer", "Index Name": "title_pkey", "Startup Cost": 0.0, "Total Cost": 0.27, "Plan Rows": 1, "Plan Width": 0, "Actual Startup Time": 30.49, "Actual Total Time": 30.49, "Actual Rows": 10544, "Actual Loops": 10544, "Index Cond": "(id = mk.movie_id)"}]}]}, {"Node Type": "Bitmap Heap Scan", "Parent Relationship": "Inner", "Relation Name": "movie_companies", "Alias": "mc", "Startup Cost": 0.27, "Total Cost": 4.3, "Plan Rows": 2, "Plan Width": 12, "Actual Startup Time": 0.027, "Actual Total Time": 0.028, "Actual Rows": 3, "Actual Loops": 1, "Recheck Cond": "(movie_id = mk.movie_id)", "Rows Removed by Index Recheck": 0, "Filter": "(note IS NULL)", "Rows Removed by Filter": 1, "Exact Heap Blocks": 2, "Lossy Heap Blocks": 2, "Plans": [{"Node Type": "Bitmap Index Scan", "Parent Relationship": "Outer", "Index Name": "movie_id_movie_companies", "Startup Cost": 0.0, "Total Cost": 0.27, "Plan Rows": 2, "Plan Width": 0, "Actual Startup Time": 0.012, "Actual Total Time": 0.012, "Actual Rows": 4, "Actual Loops": 1, "Index Cond": "(movie_id = mk.movie_id)"}]}]}, {"Node Type": "Bitmap Heap Scan", "Parent Relationship": "Inner", "Relation Name": "company_name", "Alias": "cn", "Startup Cost": 0.26, "Total Cost": 4.28, "Plan Rows": 1, "Plan Width": 23, "Actual Startup Time": 0.047, "Actual Total Time": 0.047, "Actual Rows": 2, "Actual Loops": 3, "Recheck Cond": "(id = mc.company_id)", "Rows Removed by Index Recheck": 0, "Filter": "(((country_code)::text <> '[pl]'::text) AND (((name)::text ~~ '%Film%'::text) OR ((name)::text ~~ '%Warner%'::text)))", "Rows Removed by Filter": 1, "Exact Heap Blocks": 3, "Lossy Heap Blocks": 3, "Plans": [{"Node Type": "Bitmap Index Scan", "Parent Relationship": "Outer", "Index Name": "company_name_pkey", "Startup Cost": 0.0, "Total Cost": 0.26, "Plan Rows": 1, "Plan Width": 0, "Actual Startup Time": 0.02, "Actual Total Time": 0.02, "Actual Rows": 3, "Actual Loops": 3, "Index Cond": "(id = mc.company_id)"}]}]}, {"Node Type": "Bitmap Heap Scan", "Parent Relationship": "Inner", "Relation Name": "company_type", "Alias": "ct", "Startup Cost": 0.26, "Total Cost": 4.27, "Plan Rows": 1, "Plan Width": 4, "Actual Startup Time": 0.015, "Actual Total Time": 0.015, "Actual Rows": 2, "Actual Loops": 2, "Recheck Cond": "(id = mc.company_type_id)", "Rows Removed by Index Recheck": 0, "Filter": "((kind)::text = 'production companies'::text)", "Rows Removed by Filter": 0, "Exact Heap Blocks": 2, "Lossy Heap Blocks": 2, "Plans": [{"Node Type": "Bitmap Index Scan", "Parent Relationship": "Outer", "Index Name": "company_type_pkey", "Startup Cost": 0.0, "Total Cost": 0.26, "Plan Rows": 1, "Plan Width": 0, "Actual Startup Time": 0.004, "Actual Total Time": 0.004, "Actual Rows": 2, "Actual Loops": 2, "Index Cond": "(id = mc.company_type_id)"}]}]}, {"Node Type": "Bitmap Heap Scan", "Parent Relationship": "Inner", "Relation Name": "movie_link", "Alias": "ml", "Startup Cost": 0.29, "Total Cost": 4.35, "Plan Rows": 5, "Plan Width": 8, "Actual Startup Time": 0.027, "Actual Total Time": 0.031, "Actual Rows": 38, "Actual Loops": 2, "Recheck Cond": "(movie_id = mk.movie_id)", "Rows Removed by Index Recheck": 0, "Exact Heap Blocks": 2, "Lossy Heap Blocks": 2, "Plans": [{"Node Type": "Bitmap Index Scan", "Parent Relationship": "Outer", "Index Name": "movie_id_movie_link", "Startup Cost": 0.0, "Total Cost": 0.29, "Plan Rows": 5, "Plan Width": 0, "Actual Startup Time": 0.013, "Actual Total Time": 0.013, "Actual Rows": 38, "Actual Loops": 2, "Index Cond": "(movie_id = mk.movie_id)"}]}]}, {"Node Type": "Bitmap Heap Scan", "Parent Relationship": "Inner", "Relation Name": "link_type", "Alias": "lt", "Startup Cost": 0.26, "Total Cost": 4.27, "Plan Rows": 1, "Plan Width": 16, "Actual Startup Time": 0.11, "Actual Total Time": 0.11, "Actual Rows": 0, "Actual Loops": 38, "Recheck Cond": "(id = ml.link_type_id)", "Rows Removed by Index Recheck": 0, "Filter": "((link)::text ~~ '%follows%'::text)", "Rows Removed by Filter": 24, "Exact Heap Blocks": 24, "Lossy Heap Blocks": 24, "Plans": [{"Node Type": "Bitmap Index Scan", "Parent Relationship": "Outer", "Index Name": "link_type_pkey", "Startup Cost": 0.0, "Total Cost": 0.26, "Plan Rows": 1, "Plan Width": 0, "Actual Startup Time": 0.037, "Actual Total Time": 0.037, "Actual Rows": 24, "Actual Loops": 38, "Index Cond": "(id = ml.link_type_id)"}]}]}]}, "Triggers": [], "Planner Runtime": 60.8, "Total Runtime": 153.166, "Unique SQL Id": 4121279504}}, "(16, 56)": {"explain_plan": {"Plan": {"Node Type": "Aggregate", "Strategy": "Plain", "Startup Cost": 2585.63, "Total Cost": 2585.64, "Plan Rows": 1, "Plan Width": 144, "Plans": [{"Node Type": "Nested Loop", "Parent Relationship": "Outer", "Join Type": "Inner", "Startup Cost": 0.0, "Total Cost": 2585.62, "Plan Rows": 1, "Plan Width": 48, "Inner Unique": true, "Plans": [{"Node Type": "Nested Loop", "Parent Relationship": "Outer", "Join Type": "Inner", "Startup Cost": 0.0, "Total Cost": 2585.34, "Plan Rows": 1, "Plan Width": 40, "Inner Unique": false, "Join Filter": "(t.id = ml.movie_id)", "Plans": [{"Node Type": "Nested Loop", "Parent Relationship": "Outer", "Join Type": "Inner", "Startup Cost": 0.0, "Total Cost": 2584.93, "Plan Rows": 1, "Plan Width": 48, "Inner Unique": true, "Plans": [{"Node Type": "Nested Loop", "Parent Relationship": "Outer", "Join Type": "Inner", "Startup Cost": 0.0, "Total Cost": 2584.64, "Plan Rows": 1, "Plan Width": 52, "Inner Unique": true, "Plans": [{"Node Type": "Nested Loop", "Parent Relationship": "Outer", "Join Type": "Inner", "Startup Cost": 0.0, "Total Cost": 2584.35, "Plan Rows": 1, "Plan Width": 37, "Inner Unique": false, "Join Filter": "(t.id = mc.movie_id)", "Plans": [{"Node Type": "Nested Loop", "Parent Relationship": "Outer", "Join Type": "Inner", "Startup Cost": 0.0, "Total Cost": 2584.01, "Plan Rows": 1, "Plan Width": 25, "Inner Unique": true, "Plans": [{"Node Type": "Nested Loop", "Parent Relationship": "Outer", "Join Type": "Inner", "Startup Cost": 0.0, "Total Cost": 2573.32, "Plan Rows": 33, "Plan Width": 4, "Inner Unique": false, "Plans": [{"Node Type": "Seq Scan", "Parent Relationship": "Outer", "Relation Name": "keyword", "Alias": "k", "Startup Cost": 0.0, "Total Cost": 2436.11, "Plan Rows": 1, "Plan Width": 4, "Filter": "((keyword)::text = 'sequel'::text)"}, {"Node Type": "Index Scan", "Parent Relationship": "Inner", "Scan Direction": "Forward", "Index Name": "keyword_id_movie_keyword", "Relation Name": "movie_keyword", "Alias": "mk", "Startup Cost": 0.0, "Total Cost": 136.88, "Plan Rows": 33, "Plan Width": 8, "Index Cond": "(keyword_id = k.id)"}]}, {"Node Type": "Index Scan", "Parent Relationship": "Inner", "Scan Direction": "Forward", "Index Name": "title_pkey", "Relation Name": "title", "Alias": "t", "Startup Cost": 0.0, "Total Cost": 0.31, "Plan Rows": 1, "Plan Width": 21, "Index Cond": "(id = mk.movie_id)", "Filter": "(((title)::text ~~ '%Money%'::text) AND (production_year = 1998))"}]}, {"Node Type": "Index Scan", "Parent Relationship": "Inner", "Scan Direction": "Forward", "Index Name": "movie_id_movie_companies", "Relation Name": "movie_companies", "Alias": "mc", "Startup Cost": 0.0, "Total Cost": 0.31, "Plan Rows": 2, "Plan Width": 12, "Index Cond": "(movie_id = mk.movie_id)", "Filter": "(note IS NULL)"}]}, {"Node Type": "Index Scan", "Parent Relationship": "Inner", "Scan Direction": "Forward", "Index Name": "company_name_pkey", "Relation Name": "company_name", "Alias": "cn", "Startup Cost": 0.0, "Total Cost": 0.29, "Plan Rows": 1, "Plan Width": 23, "Index Cond": "(id = mc.company_id)", "Filter": "(((country_code)::text <> '[pl]'::text) AND (((name)::text ~~ '%Film%'::text) OR ((name)::text ~~ '%Warner%'::text)))"}]}, {"Node Type": "Index Scan", "Parent Relationship": "Inner", "Scan Direction": "Forward", "Index Name": "company_type_pkey", "Relation Name": "company_type", "Alias": "ct", "Startup Cost": 0.0, "Total Cost": 0.27, "Plan Rows": 1, "Plan Width": 4, "Index Cond": "(id = mc.company_type_id)", "Filter": "((kind)::text = 'production companies'::text)"}]}, {"Node Type": "Index Scan", "Parent Relationship": "Inner", "Scan Direction": "Forward", "Index Name": "movie_id_movie_link", "Relation Name": "movie_link", "Alias": "ml", "Startup Cost": 0.0, "Total Cost": 0.35, "Plan Rows": 5, "Plan Width": 8, "Index Cond": "(movie_id = mk.movie_id)"}]}, {"Node Type": "Index Scan", "Parent Relationship": "Inner", "Scan Direction": "Forward", "Index Name": "link_type_pkey", "Relation Name": "link_type", "Alias": "lt", "Startup Cost": 0.0, "Total Cost": 0.27, "Plan Rows": 1, "Plan Width": 16, "Index Cond": "(id = ml.link_type_id)", "Filter": "((link)::text ~~ '%follows%'::text)"}]}]}, "Unique SQL Id": 4121279504}, "explain_analyze_plan": {"Plan": {"Node Type": "Aggregate", "Strategy": "Plain", "Startup Cost": 2585.63, "Total Cost": 2585.64, "Plan Rows": 1, "Plan Width": 144, "Actual Startup Time": 103.307, "Actual Total Time": 103.307, "Actual Rows": 1, "Actual Loops": 1, "Plans": [{"Node Type": "Nested Loop", "Parent Relationship": "Outer", "Join Type": "Inner", "Startup Cost": 0.0, "Total Cost": 2585.62, "Plan Rows": 1, "Plan Width": 48, "Actual Startup Time": 103.297, "Actual Total Time": 103.297, "Actual Rows": 0, "Actual Loops": 1, "Inner Unique": true, "Plans": [{"Node Type": "Nested Loop", "Parent Relationship": "Outer", "Join Type": "Inner", "Startup Cost": 0.0, "Total Cost": 2585.34, "Plan Rows": 1, "Plan Width": 40, "Actual Startup Time": 2.639, "Actual Total Time": 103.212, "Actual Rows": 38, "Actual Loops": 1, "Inner Unique": false, "Join Filter": "(t.id = ml.movie_id)", "Rows Removed by Join Filter": 0, "Plans": [{"Node Type": "Nested Loop", "Parent Relationship": "Outer", "Join Type": "Inner", "Startup Cost": 0.0, "Total Cost": 2584.93, "Plan Rows": 1, "Plan Width": 48, "Actual Startup Time": 2.628, "Actual Total Time": 103.169, "Actual Rows": 2, "Actual Loops": 1, "Inner Unique": true, "Plans": [{"Node Type": "Nested Loop", "Parent Relationship": "Outer", "Join Type": "Inner", "Startup Cost": 0.0, "Total Cost": 2584.64, "Plan Rows": 1, "Plan Width": 52, "Actual Startup Time": 2.62, "Actual Total Time": 103.156, "Actual Rows": 2, "Actual Loops": 1, "Inner Unique": true, "Plans": [{"Node Type": "Nested Loop", "Parent Relationship": "Outer", "Join Type": "Inner", "Startup Cost": 0.0, "Total Cost": 2584.35, "Plan Rows": 1, "Plan Width": 37, "Actual Startup Time": 2.606, "Actual Total Time": 103.125, "Actual Rows": 3, "Actual Loops": 1, "Inner Unique": false, "Join Filter": "(t.id = mc.movie_id)", "Rows Removed by Join Filter": 0, "Plans": [{"Node Type": "Nested Loop", "Parent Relationship": "Outer", "Join Type": "Inner", "Startup Cost": 0.0, "Total Cost": 2584.01, "Plan Rows": 1, "Plan Width": 25, "Actual Startup Time": 2.585, "Actual Total Time": 103.101, "Actual Rows": 1, "Actual Loops": 1, "Inner Unique": true, "Plans": [{"Node Type": "Nested Loop", "Parent Relationship": "Outer", "Join Type": "Inner", "Startup Cost": 0.0, "Total Cost": 2573.32, "Plan Rows": 33, "Plan Width": 4, "Actual Startup Time": 2.346, "Actual Total Time": 53.642, "Actual Rows": 10544, "Actual Loops": 1, "Inner Unique": false, "Plans": [{"Node Type": "Seq Scan", "Parent Relationship": "Outer", "Relation Name": "keyword", "Alias": "k", "Startup Cost": 0.0, "Total Cost": 2436.11, "Plan Rows": 1, "Plan Width": 4, "Actual Startup Time": 2.306, "Actual Total Time": 40.515, "Actual Rows": 1, "Actual Loops": 1, "Filter": "((keyword)::text = 'sequel'::text)", "Rows Removed by Filter": 134168}, {"Node Type": "Index Scan", "Parent Relationship": "Inner", "Scan Direction": "Forward", "Index Name": "keyword_id_movie_keyword", "Relation Name": "movie_keyword", "Alias": "mk", "Startup Cost": 0.0, "Total Cost": 136.88, "Plan Rows": 33, "Plan Width": 8, "Actual Startup Time": 0.034, "Actual Total Time": 10.877, "Actual Rows": 10544, "Actual Loops": 1, "Index Cond": "(keyword_id = k.id)", "Rows Removed by Index Recheck": 0}]}, {"Node Type": "Index Scan", "Parent Relationship": "Inner", "Scan Direction": "Forward", "Index Name": "title_pkey", "Relation Name": "title", "Alias": "t", "Startup Cost": 0.0, "Total Cost": 0.31, "Plan Rows": 1, "Plan Width": 21, "Actual Startup Time": 44.242, "Actual Total Time": 44.242, "Actual Rows": 1, "Actual Loops": 10544, "Index Cond": "(id = mk.movie_id)", "Rows Removed by Index Recheck": 0, "Filter": "(((title)::text ~~ '%Money%'::text) AND (production_year = 1998))", "Rows Removed by Filter": 10543}]}, {"Node Type": "Index Scan", "Parent Relationship": "Inner", "Scan Direction": "Forward", "Index Name": "movie_id_movie_companies", "Relation Name": "movie_companies", "Alias": "mc", "Startup Cost": 0.0, "Total Cost": 0.31, "Plan Rows": 2, "Plan Width": 12, "Actual Startup Time": 0.011, "Actual Total Time": 0.013, "Actual Rows": 3, "Actual Loops": 1, "Index Cond": "(movie_id = mk.movie_id)", "Rows Removed by Index Recheck": 0, "Filter": "(note IS NULL)", "Rows Removed by Filter": 1}]}, {"Node Type": "Index Scan", "Parent Relationship": "Inner", "Scan Direction": "Forward", "Index Name": "company_name_pkey", "Relation Name": "company_name", "Alias": "cn", "Startup Cost": 0.0, "Total Cost": 0.29, "Plan Rows": 1, "Plan Width": 23, "Actual Startup Time": 0.026, "Actual Total Time": 0.026, "Actual Rows": 2, "Actual Loops": 3, "Index Cond": "(id = mc.company_id)", "Rows Removed by Index Recheck": 0, "Filter": "(((country_code)::text <> '[pl]'::text) AND (((name)::text ~~ '%Film%'::text) OR ((name)::text ~~ '%Warner%'::text)))", "Rows Removed by Filter": 1}]}, {"Node Type": "Index Scan", "Parent Relationship": "Inner", "Scan Direction": "Forward", "Index Name": "company_type_pkey", "Relation Name": "company_type", "Alias": "ct", "Startup Cost": 0.0, "Total Cost": 0.27, "Plan Rows": 1, "Plan Width": 4, "Actual Startup Time": 0.008, "Actual Total Time": 0.008, "Actual Rows": 2, "Actual Loops": 2, "Index Cond": "(id = mc.company_type_id)", "Rows Removed by Index Recheck": 0, "Filter": "((kind)::text = 'production companies'::text)", "Rows Removed by Filter": 0}]}, {"Node Type": "Index Scan", "Parent Relationship": "Inner", "Scan Direction": "Forward", "Index Name": "movie_id_movie_link", "Relation Name": "movie_link", "Alias": "ml", "Startup Cost": 0.0, "Total Cost": 0.35, "Plan Rows": 5, "Plan Width": 8, "Actual Startup Time": 0.012, "Actual Total Time": 0.025, "Actual Rows": 38, "Actual Loops": 2, "Index Cond": "(movie_id = mk.movie_id)", "Rows Removed by Index Recheck": 0}]}, {"Node Type": "Index Scan", "Parent Relationship": "Inner", "Scan Direction": "Forward", "Index Name": "link_type_pkey", "Relation Name": "link_type", "Alias": "lt", "Startup Cost": 0.0, "Total Cost": 0.27, "Plan Rows": 1, "Plan Width": 16, "Actual Startup Time": 0.065, "Actual Total Time": 0.065, "Actual Rows": 0, "Actual Loops": 38, "Index Cond": "(id = ml.link_type_id)", "Rows Removed by Index Recheck": 0, "Filter": "((link)::text ~~ '%follows%'::text)", "Rows Removed by Filter": 24}]}]}, "Triggers": [], "Planner Runtime": 83.831, "Total Runtime": 103.68, "Unique SQL Id": 4121279504}}, "(16, 57)": {"explain_plan": {"Plan": {"Node Type": "Aggregate", "Strategy": "Plain", "Startup Cost": 3332.23, "Total Cost": 3332.24, "Plan Rows": 1, "Plan Width": 144, "Plans": [{"Node Type": "Nested Loop", "Parent Relationship": "Outer", "Join Type": "Inner", "Startup Cost": 0.0, "Total Cost": 3332.23, "Plan Rows": 1, "Plan Width": 48, "Inner Unique": true, "Plans": [{"Node Type": "Nested Loop", "Parent Relationship": "Outer", "Join Type": "Inner", "Startup Cost": 0.0, "Total Cost": 3331.94, "Plan Rows": 1, "Plan Width": 40, "Inner Unique": false, "Join Filter": "(t.id = ml.movie_id)", "Plans": [{"Node Type": "Nested Loop", "Parent Relationship": "Outer", "Join Type": "Inner", "Startup Cost": 0.0, "Total Cost": 3331.53, "Plan Rows": 1, "Plan Width": 48, "Inner Unique": true, "Plans": [{"Node Type": "Nested Loop", "Parent Relationship": "Outer", "Join Type": "Inner", "Startup Cost": 0.0, "Total Cost": 3331.25, "Plan Rows": 1, "Plan Width": 52, "Inner Unique": true, "Plans": [{"Node Type": "Nested Loop", "Parent Relationship": "Outer", "Join Type": "Inner", "Startup Cost": 0.0, "Total Cost": 3330.95, "Plan Rows": 1, "Plan Width": 37, "Inner Unique": false, "Join Filter": "(t.id = mc.movie_id)", "Plans": [{"Node Type": "Nested Loop", "Parent Relationship": "Outer", "Join Type": "Inner", "Startup Cost": 0.0, "Total Cost": 3330.61, "Plan Rows": 1, "Plan Width": 25, "Inner Unique": true, "Plans": [{"Node Type": "Nested Loop", "Parent Relationship": "Outer", "Join Type": "Inner", "Startup Cost": 0.0, "Total Cost": 3319.92, "Plan Rows": 33, "Plan Width": 4, "Inner Unique": false, "Plans": [{"Node Type": "Index Scan", "Parent Relationship": "Outer", "Scan Direction": "Forward", "Index Name": "keyword_pkey", "Relation Name": "keyword", "Alias": "k", "Startup Cost": 0.0, "Total Cost": 3182.72, "Plan Rows": 1, "Plan Width": 4, "Filter": "((keyword)::text = 'sequel'::text)"}, {"Node Type": "Index Scan", "Parent Relationship": "Inner", "Scan Direction": "Forward", "Index Name": "keyword_id_movie_keyword", "Relation Name": "movie_keyword", "Alias": "mk", "Startup Cost": 0.0, "Total Cost": 136.88, "Plan Rows": 33, "Plan Width": 8, "Index Cond": "(keyword_id = k.id)"}]}, {"Node Type": "Index Scan", "Parent Relationship": "Inner", "Scan Direction": "Forward", "Index Name": "title_pkey", "Relation Name": "title", "Alias": "t", "Startup Cost": 0.0, "Total Cost": 0.31, "Plan Rows": 1, "Plan Width": 21, "Index Cond": "(id = mk.movie_id)", "Filter": "(((title)::text ~~ '%Money%'::text) AND (production_year = 1998))"}]}, {"Node Type": "Index Scan", "Parent Relationship": "Inner", "Scan Direction": "Forward", "Index Name": "movie_id_movie_companies", "Relation Name": "movie_companies", "Alias": "mc", "Startup Cost": 0.0, "Total Cost": 0.31, "Plan Rows": 2, "Plan Width": 12, "Index Cond": "(movie_id = mk.movie_id)", "Filter": "(note IS NULL)"}]}, {"Node Type": "Index Scan", "Parent Relationship": "Inner", "Scan Direction": "Forward", "Index Name": "company_name_pkey", "Relation Name": "company_name", "Alias": "cn", "Startup Cost": 0.0, "Total Cost": 0.29, "Plan Rows": 1, "Plan Width": 23, "Index Cond": "(id = mc.company_id)", "Filter": "(((country_code)::text <> '[pl]'::text) AND (((name)::text ~~ '%Film%'::text) OR ((name)::text ~~ '%Warner%'::text)))"}]}, {"Node Type": "Index Scan", "Parent Relationship": "Inner", "Scan Direction": "Forward", "Index Name": "company_type_pkey", "Relation Name": "company_type", "Alias": "ct", "Startup Cost": 0.0, "Total Cost": 0.27, "Plan Rows": 1, "Plan Width": 4, "Index Cond": "(id = mc.company_type_id)", "Filter": "((kind)::text = 'production companies'::text)"}]}, {"Node Type": "Index Scan", "Parent Relationship": "Inner", "Scan Direction": "Forward", "Index Name": "movie_id_movie_link", "Relation Name": "movie_link", "Alias": "ml", "Startup Cost": 0.0, "Total Cost": 0.35, "Plan Rows": 5, "Plan Width": 8, "Index Cond": "(movie_id = mk.movie_id)"}]}, {"Node Type": "Index Scan", "Parent Relationship": "Inner", "Scan Direction": "Forward", "Index Name": "link_type_pkey", "Relation Name": "link_type", "Alias": "lt", "Startup Cost": 0.0, "Total Cost": 0.27, "Plan Rows": 1, "Plan Width": 16, "Index Cond": "(id = ml.link_type_id)", "Filter": "((link)::text ~~ '%follows%'::text)"}]}]}, "Unique SQL Id": 4121279504}, "explain_analyze_plan": {"Plan": {"Node Type": "Aggregate", "Strategy": "Plain", "Startup Cost": 3332.23, "Total Cost": 3332.24, "Plan Rows": 1, "Plan Width": 144, "Actual Startup Time": 178.629, "Actual Total Time": 178.63, "Actual Rows": 1, "Actual Loops": 1, "Plans": [{"Node Type": "Nested Loop", "Parent Relationship": "Outer", "Join Type": "Inner", "Startup Cost": 0.0, "Total Cost": 3332.23, "Plan Rows": 1, "Plan Width": 48, "Actual Startup Time": 178.619, "Actual Total Time": 178.619, "Actual Rows": 0, "Actual Loops": 1, "Inner Unique": true, "Plans": [{"Node Type": "Nested Loop", "Parent Relationship": "Outer", "Join Type": "Inner", "Startup Cost": 0.0, "Total Cost": 3331.94, "Plan Rows": 1, "Plan Width": 40, "Actual Startup Time": 0.759, "Actual Total Time": 178.535, "Actual Rows": 38, "Actual Loops": 1, "Inner Unique": false, "Join Filter": "(t.id = ml.movie_id)", "Rows Removed by Join Filter": 0, "Plans": [{"Node Type": "Nested Loop", "Parent Relationship": "Outer", "Join Type": "Inner", "Startup Cost": 0.0, "Total Cost": 3331.53, "Plan Rows": 1, "Plan Width": 48, "Actual Startup Time": 0.75, "Actual Total Time": 178.493, "Actual Rows": 2, "Actual Loops": 1, "Inner Unique": true, "Plans": [{"Node Type": "Nested Loop", "Parent Relationship": "Outer", "Join Type": "Inner", "Startup Cost": 0.0, "Total Cost": 3331.25, "Plan Rows": 1, "Plan Width": 52, "Actual Startup Time": 0.743, "Actual Total Time": 178.481, "Actual Rows": 2, "Actual Loops": 1, "Inner Unique": true, "Plans": [{"Node Type": "Nested Loop", "Parent Relationship": "Outer", "Join Type": "Inner", "Startup Cost": 0.0, "Total Cost": 3330.95, "Plan Rows": 1, "Plan Width": 37, "Actual Startup Time": 0.723, "Actual Total Time": 178.447, "Actual Rows": 3, "Actual Loops": 1, "Inner Unique": false, "Join Filter": "(t.id = mc.movie_id)", "Rows Removed by Join Filter": 0, "Plans": [{"Node Type": "Nested Loop", "Parent Relationship": "Outer", "Join Type": "Inner", "Startup Cost": 0.0, "Total Cost": 3330.61, "Plan Rows": 1, "Plan Width": 25, "Actual Startup Time": 0.709, "Actual Total Time": 178.428, "Actual Rows": 1, "Actual Loops": 1, "Inner Unique": true, "Plans": [{"Node Type": "Nested Loop", "Parent Relationship": "Outer", "Join Type": "Inner", "Startup Cost": 0.0, "Total Cost": 3319.92, "Plan Rows": 33, "Plan Width": 4, "Actual Startup Time": 0.479, "Actual Total Time": 127.522, "Actual Rows": 10544, "Actual Loops": 1, "Inner Unique": false, "Plans": [{"Node Type": "Index Scan", "Parent Relationship": "Outer", "Scan Direction": "Forward", "Index Name": "keyword_pkey", "Relation Name": "keyword", "Alias": "k", "Startup Cost": 0.0, "Total Cost": 3182.72, "Plan Rows": 1, "Plan Width": 4, "Actual Startup Time": 0.446, "Actual Total Time": 114.274, "Actual Rows": 1, "Actual Loops": 1, "Filter": "((keyword)::text = 'sequel'::text)", "Rows Removed by Filter": 134168}, {"Node Type": "Index Scan", "Parent Relationship": "Inner", "Scan Direction": "Forward", "Index Name": "keyword_id_movie_keyword", "Relation Name": "movie_keyword", "Alias": "mk", "Startup Cost": 0.0, "Total Cost": 136.88, "Plan Rows": 33, "Plan Width": 8, "Actual Startup Time": 0.026, "Actual Total Time": 10.894, "Actual Rows": 10544, "Actual Loops": 1, "Index Cond": "(keyword_id = k.id)", "Rows Removed by Index Recheck": 0}]}, {"Node Type": "Index Scan", "Parent Relationship": "Inner", "Scan Direction": "Forward", "Index Name": "title_pkey", "Relation Name": "title", "Alias": "t", "Startup Cost": 0.0, "Total Cost": 0.31, "Plan Rows": 1, "Plan Width": 21, "Actual Startup Time": 45.684, "Actual Total Time": 45.684, "Actual Rows": 1, "Actual Loops": 10544, "Index Cond": "(id = mk.movie_id)", "Rows Removed by Index Recheck": 0, "Filter": "(((title)::text ~~ '%Money%'::text) AND (production_year = 1998))", "Rows Removed by Filter": 10543}]}, {"Node Type": "Index Scan", "Parent Relationship": "Inner", "Scan Direction": "Forward", "Index Name": "movie_id_movie_companies", "Relation Name": "movie_companies", "Alias": "mc", "Startup Cost": 0.0, "Total Cost": 0.31, "Plan Rows": 2, "Plan Width": 12, "Actual Startup Time": 0.011, "Actual Total Time": 0.012, "Actual Rows": 3, "Actual Loops": 1, "Index Cond": "(movie_id = mk.movie_id)", "Rows Removed by Index Recheck": 0, "Filter": "(note IS NULL)", "Rows Removed by Filter": 1}]}, {"Node Type": "Index Scan", "Parent Relationship": "Inner", "Scan Direction": "Forward", "Index Name": "company_name_pkey", "Relation Name": "company_name", "Alias": "cn", "Startup Cost": 0.0, "Total Cost": 0.29, "Plan Rows": 1, "Plan Width": 23, "Actual Startup Time": 0.031, "Actual Total Time": 0.031, "Actual Rows": 2, "Actual Loops": 3, "Index Cond": "(id = mc.company_id)", "Rows Removed by Index Recheck": 0, "Filter": "(((country_code)::text <> '[pl]'::text) AND (((name)::text ~~ '%Film%'::text) OR ((name)::text ~~ '%Warner%'::text)))", "Rows Removed by Filter": 1}]}, {"Node Type": "Index Scan", "Parent Relationship": "Inner", "Scan Direction": "Forward", "Index Name": "company_type_pkey", "Relation Name": "company_type", "Alias": "ct", "Startup Cost": 0.0, "Total Cost": 0.27, "Plan Rows": 1, "Plan Width": 4, "Actual Startup Time": 0.007, "Actual Total Time": 0.007, "Actual Rows": 2, "Actual Loops": 2, "Index Cond": "(id = mc.company_type_id)", "Rows Removed by Index Recheck": 0, "Filter": "((kind)::text = 'production companies'::text)", "Rows Removed by Filter": 0}]}, {"Node Type": "Index Scan", "Parent Relationship": "Inner", "Scan Direction": "Forward", "Index Name": "movie_id_movie_link", "Relation Name": "movie_link", "Alias": "ml", "Startup Cost": 0.0, "Total Cost": 0.35, "Plan Rows": 5, "Plan Width": 8, "Actual Startup Time": 0.011, "Actual Total Time": 0.023, "Actual Rows": 38, "Actual Loops": 2, "Index Cond": "(movie_id = mk.movie_id)", "Rows Removed by Index Recheck": 0}]}, {"Node Type": "Index Scan", "Parent Relationship": "Inner", "Scan Direction": "Forward", "Index Name": "link_type_pkey", "Relation Name": "link_type", "Alias": "lt", "Startup Cost": 0.0, "Total Cost": 0.27, "Plan Rows": 1, "Plan Width": 16, "Actual Startup Time": 0.062, "Actual Total Time": 0.062, "Actual Rows": 0, "Actual Loops": 38, "Index Cond": "(id = ml.link_type_id)", "Rows Removed by Index Recheck": 0, "Filter": "((link)::text ~~ '%follows%'::text)", "Rows Removed by Filter": 24}]}]}, "Triggers": [], "Planner Runtime": 72.754, "Total Runtime": 179.024, "Unique SQL Id": 4121279504}}, "(16, 58)": {"explain_plan": {"Plan": {"Node Type": "Aggregate", "Strategy": "Plain", "Startup Cost": 101632.91, "Total Cost": 101632.92, "Plan Rows": 1, "Plan Width": 144, "Plans": [{"Node Type": "Nested Loop", "Parent Relationship": "Outer", "Join Type": "Inner", "Startup Cost": 0.0, "Total Cost": 101632.9, "Plan Rows": 1, "Plan Width": 48, "Inner Unique": true, "Join Filter": "(ml.link_type_id = lt.id)", "Plans": [{"Node Type": "Nested Loop", "Parent Relationship": "Outer", "Join Type": "Inner", "Startup Cost": 0.0, "Total Cost": 101631.67, "Plan Rows": 1, "Plan Width": 40, "Inner Unique": false, "Join Filter": "(t.id = ml.movie_id)", "Plans": [{"Node Type": "Nested Loop", "Parent Relationship": "Outer", "Join Type": "Inner", "Startup Cost": 0.0, "Total Cost": 100825.76, "Plan Rows": 1, "Plan Width": 48, "Inner Unique": true, "Join Filter": "(mc.company_type_id = ct.id)", "Plans": [{"Node Type": "Nested Loop", "Parent Relationship": "Outer", "Join Type": "Inner", "Startup Cost": 0.0, "Total Cost": 100824.71, "Plan Rows": 1, "Plan Width": 52, "Inner Unique": true, "Join Filter": "(mc.company_id = cn.id)", "Plans": [{"Node Type": "Streaming(type: LOCAL GATHER dop: 1/16)", "Parent Relationship": "Outer", "Startup Cost": 0.0, "Total Cost": 93026.3, "Plan Rows": 1, "Plan Width": 37, "Plans": [{"Node Type": "Nested Loop", "Parent Relationship": "Outer", "Join Type": "Inner", "Startup Cost": 0.0, "Total Cost": 93026.27, "Plan Rows": 1, "Plan Width": 37, "Inner Unique": false, "Join Filter": "(t.id = mc.movie_id)", "Plans": [{"Node Type": "Streaming(type: BROADCAST dop: 16/1)", "Parent Relationship": "Outer", "Startup Cost": 0.0, "Total Cost": 74420.91, "Plan Rows": 16, "Plan Width": 25, "Plans": [{"Node Type": "Nested Loop", "Parent Relationship": "Outer", "Join Type": "Inner", "Startup Cost": 0.0, "Total Cost": 59420.56, "Plan Rows": 1, "Plan Width": 25, "Inner Unique": true, "Join Filter": "(mk.movie_id = t.id)", "Plans": [{"Node Type": "Streaming(type: LOCAL GATHER dop: 1/16)", "Parent Relationship": "Outer", "Startup Cost": 0.0, "Total Cost": 39874.07, "Plan Rows": 33, "Plan Width": 4, "Plans": [{"Node Type": "Nested Loop", "Parent Relationship": "Outer", "Join Type": "Inner", "Startup Cost": 0.0, "Total Cost": 39873.36, "Plan Rows": 33, "Plan Width": 4, "Inner Unique": false, "Join Filter": "(k.id = mk.keyword_id)", "Plans": [{"Node Type": "Streaming(type: BROADCAST dop: 16/1)", "Parent Relationship": "Outer", "Startup Cost": 0.0, "Total Cost": 17436.46, "Plan Rows": 16, "Plan Width": 4, "Plans": [{"Node Type": "Seq Scan", "Parent Relationship": "Outer", "Relation Name": "keyword", "Alias": "k", "Startup Cost": 0.0, "Total Cost": 2436.11, "Plan Rows": 1, "Plan Width": 4, "Filter": "((keyword)::text = 'sequel'::text)"}]}, {"Node Type": "Seq Scan", "Parent Relationship": "Inner", "Relation Name": "movie_keyword", "Alias": "mk", "Startup Cost": 0.0, "Total Cost": 18902.58, "Plan Rows": 4523929, "Plan Width": 8}]}]}, {"Node Type": "Materialize", "Parent Relationship": "Inner", "Startup Cost": 0.0, "Total Cost": 19544.52, "Plan Rows": 4, "Plan Width": 21, "Plans": [{"Node Type": "Streaming(type: LOCAL GATHER dop: 1/16)", "Parent Relationship": "Outer", "Startup Cost": 0.0, "Total Cost": 19544.5, "Plan Rows": 4, "Plan Width": 21, "Plans": [{"Node Type": "Seq Scan", "Parent Relationship": "Outer", "Relation Name": "title", "Alias": "t", "Startup Cost": 0.0, "Total Cost": 19544.42, "Plan Rows": 4, "Plan Width": 21, "Filter": "(((title)::text ~~ '%Money%'::text) AND (production_year = 1998))"}]}]}]}]}, {"Node Type": "Seq Scan", "Parent Relationship": "Inner", "Relation Name": "movie_companies", "Alias": "mc", "Startup Cost": 0.0, "Total Cost": 17613.58, "Plan Rows": 1269486, "Plan Width": 12, "Filter": "(note IS NULL), (LLVM Optimized)"}]}]}, {"Node Type": "Seq Scan", "Parent Relationship": "Inner", "Relation Name": "company_name", "Alias": "cn", "Startup Cost": 0.0, "Total Cost": 7078.43, "Plan Rows": 57599, "Plan Width": 23, "Filter": "(((country_code)::text <> '[pl]'::text) AND (((name)::text ~~ '%Film%'::text) OR ((name)::text ~~ '%Warner%'::text)))"}]}, {"Node Type": "Seq Scan", "Parent Relationship": "Inner", "Relation Name": "company_type", "Alias": "ct", "Startup Cost": 0.0, "Total Cost": 1.04, "Plan Rows": 1, "Plan Width": 4, "Filter": "((kind)::text = 'production companies'::text)"}]}, {"Node Type": "Seq Scan", "Parent Relationship": "Inner", "Relation Name": "movie_link", "Alias": "ml", "Startup Cost": 0.0, "Total Cost": 430.96, "Plan Rows": 29996, "Plan Width": 8}]}, {"Node Type": "Seq Scan", "Parent Relationship": "Inner", "Relation Name": "link_type", "Alias": "lt", "Startup Cost": 0.0, "Total Cost": 1.21, "Plan Rows": 1, "Plan Width": 16, "Filter": "((link)::text ~~ '%follows%'::text)"}]}]}, "Unique SQL Id": 4121279504}, "explain_analyze_plan": null}, "(16, 59)": {"explain_plan": {"Plan": {"Node Type": "Aggregate", "Strategy": "Plain", "Startup Cost": 8000025305535.09, "Total Cost": 8000025305535.1, "Plan Rows": 1, "Plan Width": 144, "Plans": [{"Node Type": "Nested Loop", "Parent Relationship": "Outer", "Join Type": "Inner", "Startup Cost": 80000000000.0, "Total Cost": 8000025305535.08, "Plan Rows": 1, "Plan Width": 48, "Inner Unique": true, "Join Filter": "(mc.company_type_id = ct.id)", "Plans": [{"Node Type": "Nested Loop", "Parent Relationship": "Outer", "Join Type": "Inner", "Startup Cost": 70000000000.0, "Total Cost": 7000025304304.82, "Plan Rows": 1, "Plan Width": 52, "Inner Unique": true, "Plans": [{"Node Type": "Nested Loop", "Parent Relationship": "Outer", "Join Type": "Inner", "Startup Cost": 60000000000.0, "Total Cost": 6000025304276.0, "Plan Rows": 1, "Plan Width": 37, "Inner Unique": true, "Join Filter": "(ml.movie_id = t.id)", "Plans": [{"Node Type": "Nested Loop", "Parent Relationship": "Outer", "Join Type": "Inner", "Startup Cost": 50000000000.0, "Total Cost": 5000025304244.59, "Plan Rows": 1, "Plan Width": 32, "Inner Unique": false, "Join Filter": "(ml.movie_id = mc.movie_id)", "Plans": [{"Node Type": "Index Scan", "Parent Relationship": "Outer", "Scan Direction": "Forward", "Index Name": "company_type_id_movie_companies", "Relation Name": "movie_companies", "Alias": "mc", "Startup Cost": 10000000000.0, "Total Cost": 1000009318217.0, "Plan Rows": 1269486, "Plan Width": 12, "Filter": "(note IS NULL), (LLVM Optimized)"}, {"Node Type": "Materialize", "Parent Relationship": "Inner", "Startup Cost": 40000000000.0, "Total Cost": 4000015795604.72, "Plan Rows": 10, "Plan Width": 20, "Plans": [{"Node Type": "Nested Loop", "Parent Relationship": "Outer", "Join Type": "Inner", "Startup Cost": 40000000000.0, "Total Cost": 4000015795604.67, "Plan Rows": 10, "Plan Width": 20, "Inner Unique": false, "Join Filter": "(mk.movie_id = ml.movie_id)", "Plans": [{"Node Type": "Nested Loop", "Parent Relationship": "Outer", "Join Type": "Inner", "Startup Cost": 20000000000.0, "Total Cost": 2000015686764.79, "Plan Rows": 33, "Plan Width": 4, "Inner Unique": true, "Join Filter": "(k.id = mk.keyword_id)", "Plans": [{"Node Type": "Index Scan", "Parent Relationship": "Outer", "Scan Direction": "Forward", "Index Name": "movie_id_movie_keyword", "Relation Name": "movie_keyword", "Alias": "mk", "Startup Cost": 10000000000.0, "Total Cost": 1000015300634.17, "Plan Rows": 4523929, "Plan Width": 8}, {"Node Type": "Materialize", "Parent Relationship": "Inner", "Startup Cost": 10000000000.0, "Total Cost": 1000000318271.69, "Plan Rows": 1, "Plan Width": 4, "Plans": [{"Node Type": "Index Scan", "Parent Relationship": "Outer", "Scan Direction": "Forward", "Index Name": "keyword_pkey", "Relation Name": "keyword", "Alias": "k", "Startup Cost": 10000000000.0, "Total Cost": 1000000318271.68, "Plan Rows": 1, "Plan Width": 4, "Filter": "((keyword)::text = 'sequel'::text)"}]}]}, {"Node Type": "Materialize", "Parent Relationship": "Inner", "Startup Cost": 20000000000.0, "Total Cost": 2000000107916.44, "Plan Rows": 1875, "Plan Width": 16, "Plans": [{"Node Type": "Nested Loop", "Parent Relationship": "Outer", "Join Type": "Inner", "Startup Cost": 20000000000.0, "Total Cost": 2000000107907.07, "Plan Rows": 1875, "Plan Width": 16, "Inner Unique": true, "Join Filter": "(lt.id = ml.link_type_id)", "Plans": [{"Node Type": "Index Scan", "Parent Relationship": "Outer", "Scan Direction": "Forward", "Index Name": "movie_id_movie_link", "Relation Name": "movie_link", "Alias": "ml", "Startup Cost": 10000000000.0, "Total Cost": 1000000106202.37, "Plan Rows": 29996, "Plan Width": 8}, {"Node Type": "Materialize", "Parent Relationship": "Inner", "Startup Cost": 10000000000.0, "Total Cost": 1000000001254.76, "Plan Rows": 1, "Plan Width": 16, "Plans": [{"Node Type": "Index Scan", "Parent Relationship": "Outer", "Scan Direction": "Forward", "Index Name": "link_type_pkey", "Relation Name": "link_type", "Alias": "lt", "Startup Cost": 10000000000.0, "Total Cost": 1000000001254.75, "Plan Rows": 1, "Plan Width": 16, "Filter": "((link)::text ~~ '%follows%'::text)"}]}]}]}]}]}]}, {"Node Type": "Index Scan", "Parent Relationship": "Inner", "Scan Direction": "Forward", "Index Name": "title_pkey", "Relation Name": "title", "Alias": "t", "Startup Cost": 10000000000.0, "Total Cost": 1000000000031.39, "Plan Rows": 1, "Plan Width": 21, "Index Cond": "(id = mk.movie_id)", "Filter": "(((title)::text ~~ '%Money%'::text) AND (production_year = 1998))"}]}, {"Node Type": "Index Scan", "Parent Relationship": "Inner", "Scan Direction": "Forward", "Index Name": "company_name_pkey", "Relation Name": "company_name", "Alias": "cn", "Startup Cost": 10000000000.0, "Total Cost": 1000000000028.81, "Plan Rows": 1, "Plan Width": 23, "Index Cond": "(id = mc.company_id)", "Filter": "(((country_code)::text <> '[pl]'::text) AND (((name)::text ~~ '%Film%'::text) OR ((name)::text ~~ '%Warner%'::text)))"}]}, {"Node Type": "Index Scan", "Parent Relationship": "Inner", "Scan Direction": "Forward", "Index Name": "company_type_pkey", "Relation Name": "company_type", "Alias": "ct", "Startup Cost": 10000000000.0, "Total Cost": 1000000001230.25, "Plan Rows": 1, "Plan Width": 4, "Filter": "((kind)::text = 'production companies'::text)"}]}]}, "Unique SQL Id": 4121279504}, "explain_analyze_plan": null}, "(16, 60)": {"explain_plan": {"Plan": {"Node Type": "Aggregate", "Strategy": "Plain", "Startup Cost": 2585.63, "Total Cost": 2585.64, "Plan Rows": 1, "Plan Width": 144, "Plans": [{"Node Type": "Nested Loop", "Parent Relationship": "Outer", "Join Type": "Inner", "Startup Cost": 0.0, "Total Cost": 2585.62, "Plan Rows": 1, "Plan Width": 48, "Inner Unique": true, "Plans": [{"Node Type": "Nested Loop", "Parent Relationship": "Outer", "Join Type": "Inner", "Startup Cost": 0.0, "Total Cost": 2585.34, "Plan Rows": 1, "Plan Width": 40, "Inner Unique": false, "Join Filter": "(t.id = ml.movie_id)", "Plans": [{"Node Type": "Nested Loop", "Parent Relationship": "Outer", "Join Type": "Inner", "Startup Cost": 0.0, "Total Cost": 2584.93, "Plan Rows": 1, "Plan Width": 48, "Inner Unique": true, "Plans": [{"Node Type": "Nested Loop", "Parent Relationship": "Outer", "Join Type": "Inner", "Startup Cost": 0.0, "Total Cost": 2584.64, "Plan Rows": 1, "Plan Width": 52, "Inner Unique": true, "Plans": [{"Node Type": "Nested Loop", "Parent Relationship": "Outer", "Join Type": "Inner", "Startup Cost": 0.0, "Total Cost": 2584.35, "Plan Rows": 1, "Plan Width": 37, "Inner Unique": false, "Join Filter": "(t.id = mc.movie_id)", "Plans": [{"Node Type": "Nested Loop", "Parent Relationship": "Outer", "Join Type": "Inner", "Startup Cost": 0.0, "Total Cost": 2584.01, "Plan Rows": 1, "Plan Width": 25, "Inner Unique": true, "Plans": [{"Node Type": "Nested Loop", "Parent Relationship": "Outer", "Join Type": "Inner", "Startup Cost": 0.0, "Total Cost": 2573.32, "Plan Rows": 33, "Plan Width": 4, "Inner Unique": false, "Plans": [{"Node Type": "Seq Scan", "Parent Relationship": "Outer", "Relation Name": "keyword", "Alias": "k", "Startup Cost": 0.0, "Total Cost": 2436.11, "Plan Rows": 1, "Plan Width": 4, "Filter": "((keyword)::text = 'sequel'::text)"}, {"Node Type": "Index Scan", "Parent Relationship": "Inner", "Scan Direction": "Forward", "Index Name": "keyword_id_movie_keyword", "Relation Name": "movie_keyword", "Alias": "mk", "Startup Cost": 0.0, "Total Cost": 136.88, "Plan Rows": 33, "Plan Width": 8, "Index Cond": "(keyword_id = k.id)"}]}, {"Node Type": "Index Scan", "Parent Relationship": "Inner", "Scan Direction": "Forward", "Index Name": "title_pkey", "Relation Name": "title", "Alias": "t", "Startup Cost": 0.0, "Total Cost": 0.31, "Plan Rows": 1, "Plan Width": 21, "Index Cond": "(id = mk.movie_id)", "Filter": "(((title)::text ~~ '%Money%'::text) AND (production_year = 1998))"}]}, {"Node Type": "Index Scan", "Parent Relationship": "Inner", "Scan Direction": "Forward", "Index Name": "movie_id_movie_companies", "Relation Name": "movie_companies", "Alias": "mc", "Startup Cost": 0.0, "Total Cost": 0.31, "Plan Rows": 2, "Plan Width": 12, "Index Cond": "(movie_id = mk.movie_id)", "Filter": "(note IS NULL)"}]}, {"Node Type": "Index Scan", "Parent Relationship": "Inner", "Scan Direction": "Forward", "Index Name": "company_name_pkey", "Relation Name": "company_name", "Alias": "cn", "Startup Cost": 0.0, "Total Cost": 0.29, "Plan Rows": 1, "Plan Width": 23, "Index Cond": "(id = mc.company_id)", "Filter": "(((country_code)::text <> '[pl]'::text) AND (((name)::text ~~ '%Film%'::text) OR ((name)::text ~~ '%Warner%'::text)))"}]}, {"Node Type": "Index Scan", "Parent Relationship": "Inner", "Scan Direction": "Forward", "Index Name": "company_type_pkey", "Relation Name": "company_type", "Alias": "ct", "Startup Cost": 0.0, "Total Cost": 0.27, "Plan Rows": 1, "Plan Width": 4, "Index Cond": "(id = mc.company_type_id)", "Filter": "((kind)::text = 'production companies'::text)"}]}, {"Node Type": "Index Scan", "Parent Relationship": "Inner", "Scan Direction": "Forward", "Index Name": "movie_id_movie_link", "Relation Name": "movie_link", "Alias": "ml", "Startup Cost": 0.0, "Total Cost": 0.35, "Plan Rows": 5, "Plan Width": 8, "Index Cond": "(movie_id = mk.movie_id)"}]}, {"Node Type": "Index Scan", "Parent Relationship": "Inner", "Scan Direction": "Forward", "Index Name": "link_type_pkey", "Relation Name": "link_type", "Alias": "lt", "Startup Cost": 0.0, "Total Cost": 0.27, "Plan Rows": 1, "Plan Width": 16, "Index Cond": "(id = ml.link_type_id)", "Filter": "((link)::text ~~ '%follows%'::text)"}]}]}, "Unique SQL Id": 4121279504}, "explain_analyze_plan": {"Plan": {"Node Type": "Aggregate", "Strategy": "Plain", "Startup Cost": 2585.63, "Total Cost": 2585.64, "Plan Rows": 1, "Plan Width": 144, "Actual Startup Time": 103.307, "Actual Total Time": 103.307, "Actual Rows": 1, "Actual Loops": 1, "Plans": [{"Node Type": "Nested Loop", "Parent Relationship": "Outer", "Join Type": "Inner", "Startup Cost": 0.0, "Total Cost": 2585.62, "Plan Rows": 1, "Plan Width": 48, "Actual Startup Time": 103.297, "Actual Total Time": 103.297, "Actual Rows": 0, "Actual Loops": 1, "Inner Unique": true, "Plans": [{"Node Type": "Nested Loop", "Parent Relationship": "Outer", "Join Type": "Inner", "Startup Cost": 0.0, "Total Cost": 2585.34, "Plan Rows": 1, "Plan Width": 40, "Actual Startup Time": 2.639, "Actual Total Time": 103.212, "Actual Rows": 38, "Actual Loops": 1, "Inner Unique": false, "Join Filter": "(t.id = ml.movie_id)", "Rows Removed by Join Filter": 0, "Plans": [{"Node Type": "Nested Loop", "Parent Relationship": "Outer", "Join Type": "Inner", "Startup Cost": 0.0, "Total Cost": 2584.93, "Plan Rows": 1, "Plan Width": 48, "Actual Startup Time": 2.628, "Actual Total Time": 103.169, "Actual Rows": 2, "Actual Loops": 1, "Inner Unique": true, "Plans": [{"Node Type": "Nested Loop", "Parent Relationship": "Outer", "Join Type": "Inner", "Startup Cost": 0.0, "Total Cost": 2584.64, "Plan Rows": 1, "Plan Width": 52, "Actual Startup Time": 2.62, "Actual Total Time": 103.156, "Actual Rows": 2, "Actual Loops": 1, "Inner Unique": true, "Plans": [{"Node Type": "Nested Loop", "Parent Relationship": "Outer", "Join Type": "Inner", "Startup Cost": 0.0, "Total Cost": 2584.35, "Plan Rows": 1, "Plan Width": 37, "Actual Startup Time": 2.606, "Actual Total Time": 103.125, "Actual Rows": 3, "Actual Loops": 1, "Inner Unique": false, "Join Filter": "(t.id = mc.movie_id)", "Rows Removed by Join Filter": 0, "Plans": [{"Node Type": "Nested Loop", "Parent Relationship": "Outer", "Join Type": "Inner", "Startup Cost": 0.0, "Total Cost": 2584.01, "Plan Rows": 1, "Plan Width": 25, "Actual Startup Time": 2.585, "Actual Total Time": 103.101, "Actual Rows": 1, "Actual Loops": 1, "Inner Unique": true, "Plans": [{"Node Type": "Nested Loop", "Parent Relationship": "Outer", "Join Type": "Inner", "Startup Cost": 0.0, "Total Cost": 2573.32, "Plan Rows": 33, "Plan Width": 4, "Actual Startup Time": 2.346, "Actual Total Time": 53.642, "Actual Rows": 10544, "Actual Loops": 1, "Inner Unique": false, "Plans": [{"Node Type": "Seq Scan", "Parent Relationship": "Outer", "Relation Name": "keyword", "Alias": "k", "Startup Cost": 0.0, "Total Cost": 2436.11, "Plan Rows": 1, "Plan Width": 4, "Actual Startup Time": 2.306, "Actual Total Time": 40.515, "Actual Rows": 1, "Actual Loops": 1, "Filter": "((keyword)::text = 'sequel'::text)", "Rows Removed by Filter": 134168}, {"Node Type": "Index Scan", "Parent Relationship": "Inner", "Scan Direction": "Forward", "Index Name": "keyword_id_movie_keyword", "Relation Name": "movie_keyword", "Alias": "mk", "Startup Cost": 0.0, "Total Cost": 136.88, "Plan Rows": 33, "Plan Width": 8, "Actual Startup Time": 0.034, "Actual Total Time": 10.877, "Actual Rows": 10544, "Actual Loops": 1, "Index Cond": "(keyword_id = k.id)", "Rows Removed by Index Recheck": 0}]}, {"Node Type": "Index Scan", "Parent Relationship": "Inner", "Scan Direction": "Forward", "Index Name": "title_pkey", "Relation Name": "title", "Alias": "t", "Startup Cost": 0.0, "Total Cost": 0.31, "Plan Rows": 1, "Plan Width": 21, "Actual Startup Time": 44.242, "Actual Total Time": 44.242, "Actual Rows": 1, "Actual Loops": 10544, "Index Cond": "(id = mk.movie_id)", "Rows Removed by Index Recheck": 0, "Filter": "(((title)::text ~~ '%Money%'::text) AND (production_year = 1998))", "Rows Removed by Filter": 10543}]}, {"Node Type": "Index Scan", "Parent Relationship": "Inner", "Scan Direction": "Forward", "Index Name": "movie_id_movie_companies", "Relation Name": "movie_companies", "Alias": "mc", "Startup Cost": 0.0, "Total Cost": 0.31, "Plan Rows": 2, "Plan Width": 12, "Actual Startup Time": 0.011, "Actual Total Time": 0.013, "Actual Rows": 3, "Actual Loops": 1, "Index Cond": "(movie_id = mk.movie_id)", "Rows Removed by Index Recheck": 0, "Filter": "(note IS NULL)", "Rows Removed by Filter": 1}]}, {"Node Type": "Index Scan", "Parent Relationship": "Inner", "Scan Direction": "Forward", "Index Name": "company_name_pkey", "Relation Name": "company_name", "Alias": "cn", "Startup Cost": 0.0, "Total Cost": 0.29, "Plan Rows": 1, "Plan Width": 23, "Actual Startup Time": 0.026, "Actual Total Time": 0.026, "Actual Rows": 2, "Actual Loops": 3, "Index Cond": "(id = mc.company_id)", "Rows Removed by Index Recheck": 0, "Filter": "(((country_code)::text <> '[pl]'::text) AND (((name)::text ~~ '%Film%'::text) OR ((name)::text ~~ '%Warner%'::text)))", "Rows Removed by Filter": 1}]}, {"Node Type": "Index Scan", "Parent Relationship": "Inner", "Scan Direction": "Forward", "Index Name": "company_type_pkey", "Relation Name": "company_type", "Alias": "ct", "Startup Cost": 0.0, "Total Cost": 0.27, "Plan Rows": 1, "Plan Width": 4, "Actual Startup Time": 0.008, "Actual Total Time": 0.008, "Actual Rows": 2, "Actual Loops": 2, "Index Cond": "(id = mc.company_type_id)", "Rows Removed by Index Recheck": 0, "Filter": "((kind)::text = 'production companies'::text)", "Rows Removed by Filter": 0}]}, {"Node Type": "Index Scan", "Parent Relationship": "Inner", "Scan Direction": "Forward", "Index Name": "movie_id_movie_link", "Relation Name": "movie_link", "Alias": "ml", "Startup Cost": 0.0, "Total Cost": 0.35, "Plan Rows": 5, "Plan Width": 8, "Actual Startup Time": 0.012, "Actual Total Time": 0.025, "Actual Rows": 38, "Actual Loops": 2, "Index Cond": "(movie_id = mk.movie_id)", "Rows Removed by Index Recheck": 0}]}, {"Node Type": "Index Scan", "Parent Relationship": "Inner", "Scan Direction": "Forward", "Index Name": "link_type_pkey", "Relation Name": "link_type", "Alias": "lt", "Startup Cost": 0.0, "Total Cost": 0.27, "Plan Rows": 1, "Plan Width": 16, "Actual Startup Time": 0.065, "Actual Total Time": 0.065, "Actual Rows": 0, "Actual Loops": 38, "Index Cond": "(id = ml.link_type_id)", "Rows Removed by Index Recheck": 0, "Filter": "((link)::text ~~ '%follows%'::text)", "Rows Removed by Filter": 24}]}]}, "Triggers": [], "Planner Runtime": 83.831, "Total Runtime": 103.68, "Unique SQL Id": 4121279504}}, "(16, 61)": {"explain_plan": {"Plan": {"Node Type": "Aggregate", "Strategy": "Plain", "Startup Cost": 3332.23, "Total Cost": 3332.24, "Plan Rows": 1, "Plan Width": 144, "Plans": [{"Node Type": "Nested Loop", "Parent Relationship": "Outer", "Join Type": "Inner", "Startup Cost": 0.0, "Total Cost": 3332.23, "Plan Rows": 1, "Plan Width": 48, "Inner Unique": true, "Plans": [{"Node Type": "Nested Loop", "Parent Relationship": "Outer", "Join Type": "Inner", "Startup Cost": 0.0, "Total Cost": 3331.94, "Plan Rows": 1, "Plan Width": 40, "Inner Unique": false, "Join Filter": "(t.id = ml.movie_id)", "Plans": [{"Node Type": "Nested Loop", "Parent Relationship": "Outer", "Join Type": "Inner", "Startup Cost": 0.0, "Total Cost": 3331.53, "Plan Rows": 1, "Plan Width": 48, "Inner Unique": true, "Plans": [{"Node Type": "Nested Loop", "Parent Relationship": "Outer", "Join Type": "Inner", "Startup Cost": 0.0, "Total Cost": 3331.25, "Plan Rows": 1, "Plan Width": 52, "Inner Unique": true, "Plans": [{"Node Type": "Nested Loop", "Parent Relationship": "Outer", "Join Type": "Inner", "Startup Cost": 0.0, "Total Cost": 3330.95, "Plan Rows": 1, "Plan Width": 37, "Inner Unique": false, "Join Filter": "(t.id = mc.movie_id)", "Plans": [{"Node Type": "Nested Loop", "Parent Relationship": "Outer", "Join Type": "Inner", "Startup Cost": 0.0, "Total Cost": 3330.61, "Plan Rows": 1, "Plan Width": 25, "Inner Unique": true, "Plans": [{"Node Type": "Nested Loop", "Parent Relationship": "Outer", "Join Type": "Inner", "Startup Cost": 0.0, "Total Cost": 3319.92, "Plan Rows": 33, "Plan Width": 4, "Inner Unique": false, "Plans": [{"Node Type": "Index Scan", "Parent Relationship": "Outer", "Scan Direction": "Forward", "Index Name": "keyword_pkey", "Relation Name": "keyword", "Alias": "k", "Startup Cost": 0.0, "Total Cost": 3182.72, "Plan Rows": 1, "Plan Width": 4, "Filter": "((keyword)::text = 'sequel'::text)"}, {"Node Type": "Index Scan", "Parent Relationship": "Inner", "Scan Direction": "Forward", "Index Name": "keyword_id_movie_keyword", "Relation Name": "movie_keyword", "Alias": "mk", "Startup Cost": 0.0, "Total Cost": 136.88, "Plan Rows": 33, "Plan Width": 8, "Index Cond": "(keyword_id = k.id)"}]}, {"Node Type": "Index Scan", "Parent Relationship": "Inner", "Scan Direction": "Forward", "Index Name": "title_pkey", "Relation Name": "title", "Alias": "t", "Startup Cost": 0.0, "Total Cost": 0.31, "Plan Rows": 1, "Plan Width": 21, "Index Cond": "(id = mk.movie_id)", "Filter": "(((title)::text ~~ '%Money%'::text) AND (production_year = 1998))"}]}, {"Node Type": "Index Scan", "Parent Relationship": "Inner", "Scan Direction": "Forward", "Index Name": "movie_id_movie_companies", "Relation Name": "movie_companies", "Alias": "mc", "Startup Cost": 0.0, "Total Cost": 0.31, "Plan Rows": 2, "Plan Width": 12, "Index Cond": "(movie_id = mk.movie_id)", "Filter": "(note IS NULL)"}]}, {"Node Type": "Index Scan", "Parent Relationship": "Inner", "Scan Direction": "Forward", "Index Name": "company_name_pkey", "Relation Name": "company_name", "Alias": "cn", "Startup Cost": 0.0, "Total Cost": 0.29, "Plan Rows": 1, "Plan Width": 23, "Index Cond": "(id = mc.company_id)", "Filter": "(((country_code)::text <> '[pl]'::text) AND (((name)::text ~~ '%Film%'::text) OR ((name)::text ~~ '%Warner%'::text)))"}]}, {"Node Type": "Index Scan", "Parent Relationship": "Inner", "Scan Direction": "Forward", "Index Name": "company_type_pkey", "Relation Name": "company_type", "Alias": "ct", "Startup Cost": 0.0, "Total Cost": 0.27, "Plan Rows": 1, "Plan Width": 4, "Index Cond": "(id = mc.company_type_id)", "Filter": "((kind)::text = 'production companies'::text)"}]}, {"Node Type": "Index Scan", "Parent Relationship": "Inner", "Scan Direction": "Forward", "Index Name": "movie_id_movie_link", "Relation Name": "movie_link", "Alias": "ml", "Startup Cost": 0.0, "Total Cost": 0.35, "Plan Rows": 5, "Plan Width": 8, "Index Cond": "(movie_id = mk.movie_id)"}]}, {"Node Type": "Index Scan", "Parent Relationship": "Inner", "Scan Direction": "Forward", "Index Name": "link_type_pkey", "Relation Name": "link_type", "Alias": "lt", "Startup Cost": 0.0, "Total Cost": 0.27, "Plan Rows": 1, "Plan Width": 16, "Index Cond": "(id = ml.link_type_id)", "Filter": "((link)::text ~~ '%follows%'::text)"}]}]}, "Unique SQL Id": 4121279504}, "explain_analyze_plan": {"Plan": {"Node Type": "Aggregate", "Strategy": "Plain", "Startup Cost": 3332.23, "Total Cost": 3332.24, "Plan Rows": 1, "Plan Width": 144, "Actual Startup Time": 178.629, "Actual Total Time": 178.63, "Actual Rows": 1, "Actual Loops": 1, "Plans": [{"Node Type": "Nested Loop", "Parent Relationship": "Outer", "Join Type": "Inner", "Startup Cost": 0.0, "Total Cost": 3332.23, "Plan Rows": 1, "Plan Width": 48, "Actual Startup Time": 178.619, "Actual Total Time": 178.619, "Actual Rows": 0, "Actual Loops": 1, "Inner Unique": true, "Plans": [{"Node Type": "Nested Loop", "Parent Relationship": "Outer", "Join Type": "Inner", "Startup Cost": 0.0, "Total Cost": 3331.94, "Plan Rows": 1, "Plan Width": 40, "Actual Startup Time": 0.759, "Actual Total Time": 178.535, "Actual Rows": 38, "Actual Loops": 1, "Inner Unique": false, "Join Filter": "(t.id = ml.movie_id)", "Rows Removed by Join Filter": 0, "Plans": [{"Node Type": "Nested Loop", "Parent Relationship": "Outer", "Join Type": "Inner", "Startup Cost": 0.0, "Total Cost": 3331.53, "Plan Rows": 1, "Plan Width": 48, "Actual Startup Time": 0.75, "Actual Total Time": 178.493, "Actual Rows": 2, "Actual Loops": 1, "Inner Unique": true, "Plans": [{"Node Type": "Nested Loop", "Parent Relationship": "Outer", "Join Type": "Inner", "Startup Cost": 0.0, "Total Cost": 3331.25, "Plan Rows": 1, "Plan Width": 52, "Actual Startup Time": 0.743, "Actual Total Time": 178.481, "Actual Rows": 2, "Actual Loops": 1, "Inner Unique": true, "Plans": [{"Node Type": "Nested Loop", "Parent Relationship": "Outer", "Join Type": "Inner", "Startup Cost": 0.0, "Total Cost": 3330.95, "Plan Rows": 1, "Plan Width": 37, "Actual Startup Time": 0.723, "Actual Total Time": 178.447, "Actual Rows": 3, "Actual Loops": 1, "Inner Unique": false, "Join Filter": "(t.id = mc.movie_id)", "Rows Removed by Join Filter": 0, "Plans": [{"Node Type": "Nested Loop", "Parent Relationship": "Outer", "Join Type": "Inner", "Startup Cost": 0.0, "Total Cost": 3330.61, "Plan Rows": 1, "Plan Width": 25, "Actual Startup Time": 0.709, "Actual Total Time": 178.428, "Actual Rows": 1, "Actual Loops": 1, "Inner Unique": true, "Plans": [{"Node Type": "Nested Loop", "Parent Relationship": "Outer", "Join Type": "Inner", "Startup Cost": 0.0, "Total Cost": 3319.92, "Plan Rows": 33, "Plan Width": 4, "Actual Startup Time": 0.479, "Actual Total Time": 127.522, "Actual Rows": 10544, "Actual Loops": 1, "Inner Unique": false, "Plans": [{"Node Type": "Index Scan", "Parent Relationship": "Outer", "Scan Direction": "Forward", "Index Name": "keyword_pkey", "Relation Name": "keyword", "Alias": "k", "Startup Cost": 0.0, "Total Cost": 3182.72, "Plan Rows": 1, "Plan Width": 4, "Actual Startup Time": 0.446, "Actual Total Time": 114.274, "Actual Rows": 1, "Actual Loops": 1, "Filter": "((keyword)::text = 'sequel'::text)", "Rows Removed by Filter": 134168}, {"Node Type": "Index Scan", "Parent Relationship": "Inner", "Scan Direction": "Forward", "Index Name": "keyword_id_movie_keyword", "Relation Name": "movie_keyword", "Alias": "mk", "Startup Cost": 0.0, "Total Cost": 136.88, "Plan Rows": 33, "Plan Width": 8, "Actual Startup Time": 0.026, "Actual Total Time": 10.894, "Actual Rows": 10544, "Actual Loops": 1, "Index Cond": "(keyword_id = k.id)", "Rows Removed by Index Recheck": 0}]}, {"Node Type": "Index Scan", "Parent Relationship": "Inner", "Scan Direction": "Forward", "Index Name": "title_pkey", "Relation Name": "title", "Alias": "t", "Startup Cost": 0.0, "Total Cost": 0.31, "Plan Rows": 1, "Plan Width": 21, "Actual Startup Time": 45.684, "Actual Total Time": 45.684, "Actual Rows": 1, "Actual Loops": 10544, "Index Cond": "(id = mk.movie_id)", "Rows Removed by Index Recheck": 0, "Filter": "(((title)::text ~~ '%Money%'::text) AND (production_year = 1998))", "Rows Removed by Filter": 10543}]}, {"Node Type": "Index Scan", "Parent Relationship": "Inner", "Scan Direction": "Forward", "Index Name": "movie_id_movie_companies", "Relation Name": "movie_companies", "Alias": "mc", "Startup Cost": 0.0, "Total Cost": 0.31, "Plan Rows": 2, "Plan Width": 12, "Actual Startup Time": 0.011, "Actual Total Time": 0.012, "Actual Rows": 3, "Actual Loops": 1, "Index Cond": "(movie_id = mk.movie_id)", "Rows Removed by Index Recheck": 0, "Filter": "(note IS NULL)", "Rows Removed by Filter": 1}]}, {"Node Type": "Index Scan", "Parent Relationship": "Inner", "Scan Direction": "Forward", "Index Name": "company_name_pkey", "Relation Name": "company_name", "Alias": "cn", "Startup Cost": 0.0, "Total Cost": 0.29, "Plan Rows": 1, "Plan Width": 23, "Actual Startup Time": 0.031, "Actual Total Time": 0.031, "Actual Rows": 2, "Actual Loops": 3, "Index Cond": "(id = mc.company_id)", "Rows Removed by Index Recheck": 0, "Filter": "(((country_code)::text <> '[pl]'::text) AND (((name)::text ~~ '%Film%'::text) OR ((name)::text ~~ '%Warner%'::text)))", "Rows Removed by Filter": 1}]}, {"Node Type": "Index Scan", "Parent Relationship": "Inner", "Scan Direction": "Forward", "Index Name": "company_type_pkey", "Relation Name": "company_type", "Alias": "ct", "Startup Cost": 0.0, "Total Cost": 0.27, "Plan Rows": 1, "Plan Width": 4, "Actual Startup Time": 0.007, "Actual Total Time": 0.007, "Actual Rows": 2, "Actual Loops": 2, "Index Cond": "(id = mc.company_type_id)", "Rows Removed by Index Recheck": 0, "Filter": "((kind)::text = 'production companies'::text)", "Rows Removed by Filter": 0}]}, {"Node Type": "Index Scan", "Parent Relationship": "Inner", "Scan Direction": "Forward", "Index Name": "movie_id_movie_link", "Relation Name": "movie_link", "Alias": "ml", "Startup Cost": 0.0, "Total Cost": 0.35, "Plan Rows": 5, "Plan Width": 8, "Actual Startup Time": 0.011, "Actual Total Time": 0.023, "Actual Rows": 38, "Actual Loops": 2, "Index Cond": "(movie_id = mk.movie_id)", "Rows Removed by Index Recheck": 0}]}, {"Node Type": "Index Scan", "Parent Relationship": "Inner", "Scan Direction": "Forward", "Index Name": "link_type_pkey", "Relation Name": "link_type", "Alias": "lt", "Startup Cost": 0.0, "Total Cost": 0.27, "Plan Rows": 1, "Plan Width": 16, "Actual Startup Time": 0.062, "Actual Total Time": 0.062, "Actual Rows": 0, "Actual Loops": 38, "Index Cond": "(id = ml.link_type_id)", "Rows Removed by Index Recheck": 0, "Filter": "((link)::text ~~ '%follows%'::text)", "Rows Removed by Filter": 24}]}]}, "Triggers": [], "Planner Runtime": 72.754, "Total Runtime": 179.024, "Unique SQL Id": 4121279504}}, "(16, 62)": {"explain_plan": {"Plan": {"Node Type": "Aggregate", "Strategy": "Plain", "Startup Cost": 101632.91, "Total Cost": 101632.92, "Plan Rows": 1, "Plan Width": 144, "Plans": [{"Node Type": "Nested Loop", "Parent Relationship": "Outer", "Join Type": "Inner", "Startup Cost": 0.0, "Total Cost": 101632.9, "Plan Rows": 1, "Plan Width": 48, "Inner Unique": true, "Join Filter": "(ml.link_type_id = lt.id)", "Plans": [{"Node Type": "Nested Loop", "Parent Relationship": "Outer", "Join Type": "Inner", "Startup Cost": 0.0, "Total Cost": 101631.67, "Plan Rows": 1, "Plan Width": 40, "Inner Unique": false, "Join Filter": "(t.id = ml.movie_id)", "Plans": [{"Node Type": "Nested Loop", "Parent Relationship": "Outer", "Join Type": "Inner", "Startup Cost": 0.0, "Total Cost": 100825.76, "Plan Rows": 1, "Plan Width": 48, "Inner Unique": true, "Join Filter": "(mc.company_type_id = ct.id)", "Plans": [{"Node Type": "Nested Loop", "Parent Relationship": "Outer", "Join Type": "Inner", "Startup Cost": 0.0, "Total Cost": 100824.71, "Plan Rows": 1, "Plan Width": 52, "Inner Unique": true, "Join Filter": "(mc.company_id = cn.id)", "Plans": [{"Node Type": "Streaming(type: LOCAL GATHER dop: 1/16)", "Parent Relationship": "Outer", "Startup Cost": 0.0, "Total Cost": 93026.3, "Plan Rows": 1, "Plan Width": 37, "Plans": [{"Node Type": "Nested Loop", "Parent Relationship": "Outer", "Join Type": "Inner", "Startup Cost": 0.0, "Total Cost": 93026.27, "Plan Rows": 1, "Plan Width": 37, "Inner Unique": false, "Join Filter": "(t.id = mc.movie_id)", "Plans": [{"Node Type": "Streaming(type: BROADCAST dop: 16/1)", "Parent Relationship": "Outer", "Startup Cost": 0.0, "Total Cost": 74420.91, "Plan Rows": 16, "Plan Width": 25, "Plans": [{"Node Type": "Nested Loop", "Parent Relationship": "Outer", "Join Type": "Inner", "Startup Cost": 0.0, "Total Cost": 59420.56, "Plan Rows": 1, "Plan Width": 25, "Inner Unique": true, "Join Filter": "(mk.movie_id = t.id)", "Plans": [{"Node Type": "Streaming(type: LOCAL GATHER dop: 1/16)", "Parent Relationship": "Outer", "Startup Cost": 0.0, "Total Cost": 39874.07, "Plan Rows": 33, "Plan Width": 4, "Plans": [{"Node Type": "Nested Loop", "Parent Relationship": "Outer", "Join Type": "Inner", "Startup Cost": 0.0, "Total Cost": 39873.36, "Plan Rows": 33, "Plan Width": 4, "Inner Unique": false, "Join Filter": "(k.id = mk.keyword_id)", "Plans": [{"Node Type": "Streaming(type: BROADCAST dop: 16/1)", "Parent Relationship": "Outer", "Startup Cost": 0.0, "Total Cost": 17436.46, "Plan Rows": 16, "Plan Width": 4, "Plans": [{"Node Type": "Seq Scan", "Parent Relationship": "Outer", "Relation Name": "keyword", "Alias": "k", "Startup Cost": 0.0, "Total Cost": 2436.11, "Plan Rows": 1, "Plan Width": 4, "Filter": "((keyword)::text = 'sequel'::text)"}]}, {"Node Type": "Seq Scan", "Parent Relationship": "Inner", "Relation Name": "movie_keyword", "Alias": "mk", "Startup Cost": 0.0, "Total Cost": 18902.58, "Plan Rows": 4523929, "Plan Width": 8}]}]}, {"Node Type": "Materialize", "Parent Relationship": "Inner", "Startup Cost": 0.0, "Total Cost": 19544.52, "Plan Rows": 4, "Plan Width": 21, "Plans": [{"Node Type": "Streaming(type: LOCAL GATHER dop: 1/16)", "Parent Relationship": "Outer", "Startup Cost": 0.0, "Total Cost": 19544.5, "Plan Rows": 4, "Plan Width": 21, "Plans": [{"Node Type": "Seq Scan", "Parent Relationship": "Outer", "Relation Name": "title", "Alias": "t", "Startup Cost": 0.0, "Total Cost": 19544.42, "Plan Rows": 4, "Plan Width": 21, "Filter": "(((title)::text ~~ '%Money%'::text) AND (production_year = 1998))"}]}]}]}]}, {"Node Type": "Seq Scan", "Parent Relationship": "Inner", "Relation Name": "movie_companies", "Alias": "mc", "Startup Cost": 0.0, "Total Cost": 17613.58, "Plan Rows": 1269486, "Plan Width": 12, "Filter": "(note IS NULL), (LLVM Optimized)"}]}]}, {"Node Type": "Seq Scan", "Parent Relationship": "Inner", "Relation Name": "company_name", "Alias": "cn", "Startup Cost": 0.0, "Total Cost": 7078.43, "Plan Rows": 57599, "Plan Width": 23, "Filter": "(((country_code)::text <> '[pl]'::text) AND (((name)::text ~~ '%Film%'::text) OR ((name)::text ~~ '%Warner%'::text)))"}]}, {"Node Type": "Seq Scan", "Parent Relationship": "Inner", "Relation Name": "company_type", "Alias": "ct", "Startup Cost": 0.0, "Total Cost": 1.04, "Plan Rows": 1, "Plan Width": 4, "Filter": "((kind)::text = 'production companies'::text)"}]}, {"Node Type": "Seq Scan", "Parent Relationship": "Inner", "Relation Name": "movie_link", "Alias": "ml", "Startup Cost": 0.0, "Total Cost": 430.96, "Plan Rows": 29996, "Plan Width": 8}]}, {"Node Type": "Seq Scan", "Parent Relationship": "Inner", "Relation Name": "link_type", "Alias": "lt", "Startup Cost": 0.0, "Total Cost": 1.21, "Plan Rows": 1, "Plan Width": 16, "Filter": "((link)::text ~~ '%follows%'::text)"}]}]}, "Unique SQL Id": 4121279504}, "explain_analyze_plan": null}, "(16, 63)": {"explain_plan": {"Plan": {"Node Type": "Aggregate", "Strategy": "Plain", "Startup Cost": 8000025305535.09, "Total Cost": 8000025305535.1, "Plan Rows": 1, "Plan Width": 144, "Plans": [{"Node Type": "Nested Loop", "Parent Relationship": "Outer", "Join Type": "Inner", "Startup Cost": 80000000000.0, "Total Cost": 8000025305535.08, "Plan Rows": 1, "Plan Width": 48, "Inner Unique": true, "Join Filter": "(mc.company_type_id = ct.id)", "Plans": [{"Node Type": "Nested Loop", "Parent Relationship": "Outer", "Join Type": "Inner", "Startup Cost": 70000000000.0, "Total Cost": 7000025304304.82, "Plan Rows": 1, "Plan Width": 52, "Inner Unique": true, "Plans": [{"Node Type": "Nested Loop", "Parent Relationship": "Outer", "Join Type": "Inner", "Startup Cost": 60000000000.0, "Total Cost": 6000025304276.0, "Plan Rows": 1, "Plan Width": 37, "Inner Unique": true, "Join Filter": "(ml.movie_id = t.id)", "Plans": [{"Node Type": "Nested Loop", "Parent Relationship": "Outer", "Join Type": "Inner", "Startup Cost": 50000000000.0, "Total Cost": 5000025304244.59, "Plan Rows": 1, "Plan Width": 32, "Inner Unique": false, "Join Filter": "(ml.movie_id = mc.movie_id)", "Plans": [{"Node Type": "Index Scan", "Parent Relationship": "Outer", "Scan Direction": "Forward", "Index Name": "company_type_id_movie_companies", "Relation Name": "movie_companies", "Alias": "mc", "Startup Cost": 10000000000.0, "Total Cost": 1000009318217.0, "Plan Rows": 1269486, "Plan Width": 12, "Filter": "(note IS NULL), (LLVM Optimized)"}, {"Node Type": "Materialize", "Parent Relationship": "Inner", "Startup Cost": 40000000000.0, "Total Cost": 4000015795604.72, "Plan Rows": 10, "Plan Width": 20, "Plans": [{"Node Type": "Nested Loop", "Parent Relationship": "Outer", "Join Type": "Inner", "Startup Cost": 40000000000.0, "Total Cost": 4000015795604.67, "Plan Rows": 10, "Plan Width": 20, "Inner Unique": false, "Join Filter": "(mk.movie_id = ml.movie_id)", "Plans": [{"Node Type": "Nested Loop", "Parent Relationship": "Outer", "Join Type": "Inner", "Startup Cost": 20000000000.0, "Total Cost": 2000015686764.79, "Plan Rows": 33, "Plan Width": 4, "Inner Unique": true, "Join Filter": "(k.id = mk.keyword_id)", "Plans": [{"Node Type": "Index Scan", "Parent Relationship": "Outer", "Scan Direction": "Forward", "Index Name": "movie_id_movie_keyword", "Relation Name": "movie_keyword", "Alias": "mk", "Startup Cost": 10000000000.0, "Total Cost": 1000015300634.17, "Plan Rows": 4523929, "Plan Width": 8}, {"Node Type": "Materialize", "Parent Relationship": "Inner", "Startup Cost": 10000000000.0, "Total Cost": 1000000318271.69, "Plan Rows": 1, "Plan Width": 4, "Plans": [{"Node Type": "Index Scan", "Parent Relationship": "Outer", "Scan Direction": "Forward", "Index Name": "keyword_pkey", "Relation Name": "keyword", "Alias": "k", "Startup Cost": 10000000000.0, "Total Cost": 1000000318271.68, "Plan Rows": 1, "Plan Width": 4, "Filter": "((keyword)::text = 'sequel'::text)"}]}]}, {"Node Type": "Materialize", "Parent Relationship": "Inner", "Startup Cost": 20000000000.0, "Total Cost": 2000000107916.44, "Plan Rows": 1875, "Plan Width": 16, "Plans": [{"Node Type": "Nested Loop", "Parent Relationship": "Outer", "Join Type": "Inner", "Startup Cost": 20000000000.0, "Total Cost": 2000000107907.07, "Plan Rows": 1875, "Plan Width": 16, "Inner Unique": true, "Join Filter": "(lt.id = ml.link_type_id)", "Plans": [{"Node Type": "Index Scan", "Parent Relationship": "Outer", "Scan Direction": "Forward", "Index Name": "movie_id_movie_link", "Relation Name": "movie_link", "Alias": "ml", "Startup Cost": 10000000000.0, "Total Cost": 1000000106202.37, "Plan Rows": 29996, "Plan Width": 8}, {"Node Type": "Materialize", "Parent Relationship": "Inner", "Startup Cost": 10000000000.0, "Total Cost": 1000000001254.76, "Plan Rows": 1, "Plan Width": 16, "Plans": [{"Node Type": "Index Scan", "Parent Relationship": "Outer", "Scan Direction": "Forward", "Index Name": "link_type_pkey", "Relation Name": "link_type", "Alias": "lt", "Startup Cost": 10000000000.0, "Total Cost": 1000000001254.75, "Plan Rows": 1, "Plan Width": 16, "Filter": "((link)::text ~~ '%follows%'::text)"}]}]}]}]}]}]}, {"Node Type": "Index Scan", "Parent Relationship": "Inner", "Scan Direction": "Forward", "Index Name": "title_pkey", "Relation Name": "title", "Alias": "t", "Startup Cost": 10000000000.0, "Total Cost": 1000000000031.39, "Plan Rows": 1, "Plan Width": 21, "Index Cond": "(id = mk.movie_id)", "Filter": "(((title)::text ~~ '%Money%'::text) AND (production_year = 1998))"}]}, {"Node Type": "Index Scan", "Parent Relationship": "Inner", "Scan Direction": "Forward", "Index Name": "company_name_pkey", "Relation Name": "company_name", "Alias": "cn", "Startup Cost": 10000000000.0, "Total Cost": 1000000000028.81, "Plan Rows": 1, "Plan Width": 23, "Index Cond": "(id = mc.company_id)", "Filter": "(((country_code)::text <> '[pl]'::text) AND (((name)::text ~~ '%Film%'::text) OR ((name)::text ~~ '%Warner%'::text)))"}]}, {"Node Type": "Index Scan", "Parent Relationship": "Inner", "Scan Direction": "Forward", "Index Name": "company_type_pkey", "Relation Name": "company_type", "Alias": "ct", "Startup Cost": 10000000000.0, "Total Cost": 1000000001230.25, "Plan Rows": 1, "Plan Width": 4, "Filter": "((kind)::text = 'production companies'::text)"}]}]}, "Unique SQL Id": 4121279504}, "explain_analyze_plan": null}, "(16, 64)": {"explain_plan": {"Plan": {"Node Type": "Aggregate", "Strategy": "Plain", "Startup Cost": 2581.34, "Total Cost": 2581.35, "Plan Rows": 1, "Plan Width": 144, "Plans": [{"Node Type": "Nested Loop", "Parent Relationship": "Outer", "Join Type": "Inner", "Startup Cost": 4.51, "Total Cost": 2581.33, "Plan Rows": 1, "Plan Width": 48, "Inner Unique": true, "Plans": [{"Node Type": "Nested Loop", "Parent Relationship": "Outer", "Join Type": "Inner", "Startup Cost": 4.51, "Total Cost": 2581.05, "Plan Rows": 1, "Plan Width": 40, "Inner Unique": false, "Join Filter": "(t.id = ml.movie_id)", "Plans": [{"Node Type": "Nested Loop", "Parent Relationship": "Outer", "Join Type": "Inner", "Startup Cost": 4.51, "Total Cost": 2580.63, "Plan Rows": 1, "Plan Width": 48, "Inner Unique": true, "Plans": [{"Node Type": "Nested Loop", "Parent Relationship": "Outer", "Join Type": "Inner", "Startup Cost": 4.51, "Total Cost": 2580.35, "Plan Rows": 1, "Plan Width": 52, "Inner Unique": true, "Plans": [{"Node Type": "Nested Loop", "Parent Relationship": "Outer", "Join Type": "Inner", "Startup Cost": 4.51, "Total Cost": 2580.05, "Plan Rows": 1, "Plan Width": 37, "Inner Unique": false, "Join Filter": "(t.id = mc.movie_id)", "Plans": [{"Node Type": "Nested Loop", "Parent Relationship": "Outer", "Join Type": "Inner", "Startup Cost": 4.51, "Total Cost": 2579.71, "Plan Rows": 1, "Plan Width": 25, "Inner Unique": true, "Plans": [{"Node Type": "Nested Loop", "Parent Relationship": "Outer", "Join Type": "Inner", "Startup Cost": 4.51, "Total Cost": 2569.02, "Plan Rows": 33, "Plan Width": 4, "Inner Unique": false, "Plans": [{"Node Type": "Seq Scan", "Parent Relationship": "Outer", "Relation Name": "keyword", "Alias": "k", "Startup Cost": 0.0, "Total Cost": 2436.11, "Plan Rows": 1, "Plan Width": 4, "Filter": "((keyword)::text = 'sequel'::text)"}, {"Node Type": "Bitmap Heap Scan", "Parent Relationship": "Inner", "Relation Name": "movie_keyword", "Alias": "mk", "Startup Cost": 4.51, "Total Cost": 132.58, "Plan Rows": 33, "Plan Width": 8, "Recheck Cond": "(keyword_id = k.id)", "Plans": [{"Node Type": "Bitmap Index Scan", "Parent Relationship": "Outer", "Index Name": "keyword_id_movie_keyword", "Startup Cost": 0.0, "Total Cost": 4.5, "Plan Rows": 33, "Plan Width": 0, "Index Cond": "(keyword_id = k.id)"}]}]}, {"Node Type": "Index Scan", "Parent Relationship": "Inner", "Scan Direction": "Forward", "Index Name": "title_pkey", "Relation Name": "title", "Alias": "t", "Startup Cost": 0.0, "Total Cost": 0.31, "Plan Rows": 1, "Plan Width": 21, "Index Cond": "(id = mk.movie_id)", "Filter": "(((title)::text ~~ '%Money%'::text) AND (production_year = 1998))"}]}, {"Node Type": "Index Scan", "Parent Relationship": "Inner", "Scan Direction": "Forward", "Index Name": "movie_id_movie_companies", "Relation Name": "movie_companies", "Alias": "mc", "Startup Cost": 0.0, "Total Cost": 0.31, "Plan Rows": 2, "Plan Width": 12, "Index Cond": "(movie_id = mk.movie_id)", "Filter": "(note IS NULL)"}]}, {"Node Type": "Index Scan", "Parent Relationship": "Inner", "Scan Direction": "Forward", "Index Name": "company_name_pkey", "Relation Name": "company_name", "Alias": "cn", "Startup Cost": 0.0, "Total Cost": 0.29, "Plan Rows": 1, "Plan Width": 23, "Index Cond": "(id = mc.company_id)", "Filter": "(((country_code)::text <> '[pl]'::text) AND (((name)::text ~~ '%Film%'::text) OR ((name)::text ~~ '%Warner%'::text)))"}]}, {"Node Type": "Index Scan", "Parent Relationship": "Inner", "Scan Direction": "Forward", "Index Name": "company_type_pkey", "Relation Name": "company_type", "Alias": "ct", "Startup Cost": 0.0, "Total Cost": 0.27, "Plan Rows": 1, "Plan Width": 4, "Index Cond": "(id = mc.company_type_id)", "Filter": "((kind)::text = 'production companies'::text)"}]}, {"Node Type": "Index Scan", "Parent Relationship": "Inner", "Scan Direction": "Forward", "Index Name": "movie_id_movie_link", "Relation Name": "movie_link", "Alias": "ml", "Startup Cost": 0.0, "Total Cost": 0.35, "Plan Rows": 5, "Plan Width": 8, "Index Cond": "(movie_id = mk.movie_id)"}]}, {"Node Type": "Index Scan", "Parent Relationship": "Inner", "Scan Direction": "Forward", "Index Name": "link_type_pkey", "Relation Name": "link_type", "Alias": "lt", "Startup Cost": 0.0, "Total Cost": 0.27, "Plan Rows": 1, "Plan Width": 16, "Index Cond": "(id = ml.link_type_id)", "Filter": "((link)::text ~~ '%follows%'::text)"}]}]}, "Unique SQL Id": 4121279504}, "explain_analyze_plan": {"Plan": {"Node Type": "Aggregate", "Strategy": "Plain", "Startup Cost": 2581.34, "Total Cost": 2581.35, "Plan Rows": 1, "Plan Width": 144, "Actual Startup Time": 126.718, "Actual Total Time": 126.718, "Actual Rows": 1, "Actual Loops": 1, "Plans": [{"Node Type": "Nested Loop", "Parent Relationship": "Outer", "Join Type": "Inner", "Startup Cost": 4.51, "Total Cost": 2581.33, "Plan Rows": 1, "Plan Width": 48, "Actual Startup Time": 126.712, "Actual Total Time": 126.712, "Actual Rows": 0, "Actual Loops": 1, "Inner Unique": true, "Plans": [{"Node Type": "Nested Loop", "Parent Relationship": "Outer", "Join Type": "Inner", "Startup Cost": 4.51, "Total Cost": 2581.05, "Plan Rows": 1, "Plan Width": 40, "Actual Startup Time": 6.094, "Actual Total Time": 126.628, "Actual Rows": 38, "Actual Loops": 1, "Inner Unique": false, "Join Filter": "(t.id = ml.movie_id)", "Rows Removed by Join Filter": 0, "Plans": [{"Node Type": "Nested Loop", "Parent Relationship": "Outer", "Join Type": "Inner", "Startup Cost": 4.51, "Total Cost": 2580.63, "Plan Rows": 1, "Plan Width": 48, "Actual Startup Time": 6.079, "Actual Total Time": 126.579, "Actual Rows": 2, "Actual Loops": 1, "Inner Unique": true, "Plans": [{"Node Type": "Nested Loop", "Parent Relationship": "Outer", "Join Type": "Inner", "Startup Cost": 4.51, "Total Cost": 2580.35, "Plan Rows": 1, "Plan Width": 52, "Actual Startup Time": 6.07, "Actual Total Time": 126.566, "Actual Rows": 2, "Actual Loops": 1, "Inner Unique": true, "Plans": [{"Node Type": "Nested Loop", "Parent Relationship": "Outer", "Join Type": "Inner", "Startup Cost": 4.51, "Total Cost": 2580.05, "Plan Rows": 1, "Plan Width": 37, "Actual Startup Time": 6.053, "Actual Total Time": 126.529, "Actual Rows": 3, "Actual Loops": 1, "Inner Unique": false, "Join Filter": "(t.id = mc.movie_id)", "Rows Removed by Join Filter": 0, "Plans": [{"Node Type": "Nested Loop", "Parent Relationship": "Outer", "Join Type": "Inner", "Startup Cost": 4.51, "Total Cost": 2579.71, "Plan Rows": 1, "Plan Width": 25, "Actual Startup Time": 6.03, "Actual Total Time": 126.501, "Actual Rows": 1, "Actual Loops": 1, "Inner Unique": true, "Plans": [{"Node Type": "Nested Loop", "Parent Relationship": "Outer", "Join Type": "Inner", "Startup Cost": 4.51, "Total Cost": 2569.02, "Plan Rows": 33, "Plan Width": 4, "Actual Startup Time": 5.681, "Actual Total Time": 64.348, "Actual Rows": 10544, "Actual Loops": 1, "Inner Unique": false, "Plans": [{"Node Type": "Seq Scan", "Parent Relationship": "Outer", "Relation Name": "keyword", "Alias": "k", "Startup Cost": 0.0, "Total Cost": 2436.11, "Plan Rows": 1, "Plan Width": 4, "Actual Startup Time": 2.377, "Actual Total Time": 41.877, "Actual Rows": 1, "Actual Loops": 1, "Filter": "((keyword)::text = 'sequel'::text)", "Rows Removed by Filter": 134168}, {"Node Type": "Bitmap Heap Scan", "Parent Relationship": "Inner", "Relation Name": "movie_keyword", "Alias": "mk", "Startup Cost": 4.51, "Total Cost": 132.58, "Plan Rows": 33, "Plan Width": 8, "Actual Startup Time": 3.296, "Actual Total Time": 20.334, "Actual Rows": 10544, "Actual Loops": 1, "Recheck Cond": "(keyword_id = k.id)", "Rows Removed by Index Recheck": 0, "Exact Heap Blocks": 5090, "Lossy Heap Blocks": 5090, "Plans": [{"Node Type": "Bitmap Index Scan", "Parent Relationship": "Outer", "Index Name": "keyword_id_movie_keyword", "Startup Cost": 0.0, "Total Cost": 4.5, "Plan Rows": 33, "Plan Width": 0, "Actual Startup Time": 2.369, "Actual Total Time": 2.369, "Actual Rows": 10544, "Actual Loops": 1, "Index Cond": "(keyword_id = k.id)"}]}]}, {"Node Type": "Index Scan", "Parent Relationship": "Inner", "Scan Direction": "Forward", "Index Name": "title_pkey", "Relation Name": "title", "Alias": "t", "Startup Cost": 0.0, "Total Cost": 0.31, "Plan Rows": 1, "Plan Width": 21, "Actual Startup Time": 56.882, "Actual Total Time": 56.882, "Actual Rows": 1, "Actual Loops": 10544, "Index Cond": "(id = mk.movie_id)", "Rows Removed by Index Recheck": 0, "Filter": "(((title)::text ~~ '%Money%'::text) AND (production_year = 1998))", "Rows Removed by Filter": 10543}]}, {"Node Type": "Index Scan", "Parent Relationship": "Inner", "Scan Direction": "Forward", "Index Name": "movie_id_movie_companies", "Relation Name": "movie_companies", "Alias": "mc", "Startup Cost": 0.0, "Total Cost": 0.31, "Plan Rows": 2, "Plan Width": 12, "Actual Startup Time": 0.018, "Actual Total Time": 0.02, "Actual Rows": 3, "Actual Loops": 1, "Index Cond": "(movie_id = mk.movie_id)", "Rows Removed by Index Recheck": 0, "Filter": "(note IS NULL)", "Rows Removed by Filter": 1}]}, {"Node Type": "Index Scan", "Parent Relationship": "Inner", "Scan Direction": "Forward", "Index Name": "company_name_pkey", "Relation Name": "company_name", "Alias": "cn", "Startup Cost": 0.0, "Total Cost": 0.29, "Plan Rows": 1, "Plan Width": 23, "Actual Startup Time": 0.032, "Actual Total Time": 0.032, "Actual Rows": 2, "Actual Loops": 3, "Index Cond": "(id = mc.company_id)", "Rows Removed by Index Recheck": 0, "Filter": "(((country_code)::text <> '[pl]'::text) AND (((name)::text ~~ '%Film%'::text) OR ((name)::text ~~ '%Warner%'::text)))", "Rows Removed by Filter": 1}]}, {"Node Type": "Index Scan", "Parent Relationship": "Inner", "Scan Direction": "Forward", "Index Name": "company_type_pkey", "Relation Name": "company_type", "Alias": "ct", "Startup Cost": 0.0, "Total Cost": 0.27, "Plan Rows": 1, "Plan Width": 4, "Actual Startup Time": 0.008, "Actual Total Time": 0.008, "Actual Rows": 2, "Actual Loops": 2, "Index Cond": "(id = mc.company_type_id)", "Rows Removed by Index Recheck": 0, "Filter": "((kind)::text = 'production companies'::text)", "Rows Removed by Filter": 0}]}, {"Node Type": "Index Scan", "Parent Relationship": "Inner", "Scan Direction": "Forward", "Index Name": "movie_id_movie_link", "Relation Name": "movie_link", "Alias": "ml", "Startup Cost": 0.0, "Total Cost": 0.35, "Plan Rows": 5, "Plan Width": 8, "Actual Startup Time": 0.016, "Actual Total Time": 0.031, "Actual Rows": 38, "Actual Loops": 2, "Index Cond": "(movie_id = mk.movie_id)", "Rows Removed by Index Recheck": 0}]}, {"Node Type": "Index Scan", "Parent Relationship": "Inner", "Scan Direction": "Forward", "Index Name": "link_type_pkey", "Relation Name": "link_type", "Alias": "lt", "Startup Cost": 0.0, "Total Cost": 0.27, "Plan Rows": 1, "Plan Width": 16, "Actual Startup Time": 0.064, "Actual Total Time": 0.064, "Actual Rows": 0, "Actual Loops": 38, "Index Cond": "(id = ml.link_type_id)", "Rows Removed by Index Recheck": 0, "Filter": "((link)::text ~~ '%follows%'::text)", "Rows Removed by Filter": 24}]}]}, "Triggers": [], "Planner Runtime": 87.526, "Total Runtime": 127.163, "Unique SQL Id": 4121279504}}, "(16, 65)": {"explain_plan": {"Plan": {"Node Type": "Aggregate", "Strategy": "Plain", "Startup Cost": 3327.94, "Total Cost": 3327.95, "Plan Rows": 1, "Plan Width": 144, "Plans": [{"Node Type": "Nested Loop", "Parent Relationship": "Outer", "Join Type": "Inner", "Startup Cost": 4.51, "Total Cost": 3327.93, "Plan Rows": 1, "Plan Width": 48, "Inner Unique": true, "Plans": [{"Node Type": "Nested Loop", "Parent Relationship": "Outer", "Join Type": "Inner", "Startup Cost": 4.51, "Total Cost": 3327.65, "Plan Rows": 1, "Plan Width": 40, "Inner Unique": false, "Join Filter": "(t.id = ml.movie_id)", "Plans": [{"Node Type": "Nested Loop", "Parent Relationship": "Outer", "Join Type": "Inner", "Startup Cost": 4.51, "Total Cost": 3327.24, "Plan Rows": 1, "Plan Width": 48, "Inner Unique": true, "Plans": [{"Node Type": "Nested Loop", "Parent Relationship": "Outer", "Join Type": "Inner", "Startup Cost": 4.51, "Total Cost": 3326.95, "Plan Rows": 1, "Plan Width": 52, "Inner Unique": true, "Plans": [{"Node Type": "Nested Loop", "Parent Relationship": "Outer", "Join Type": "Inner", "Startup Cost": 4.51, "Total Cost": 3326.66, "Plan Rows": 1, "Plan Width": 37, "Inner Unique": false, "Join Filter": "(t.id = mc.movie_id)", "Plans": [{"Node Type": "Nested Loop", "Parent Relationship": "Outer", "Join Type": "Inner", "Startup Cost": 4.51, "Total Cost": 3326.32, "Plan Rows": 1, "Plan Width": 25, "Inner Unique": true, "Plans": [{"Node Type": "Nested Loop", "Parent Relationship": "Outer", "Join Type": "Inner", "Startup Cost": 4.51, "Total Cost": 3315.63, "Plan Rows": 33, "Plan Width": 4, "Inner Unique": false, "Plans": [{"Node Type": "Index Scan", "Parent Relationship": "Outer", "Scan Direction": "Forward", "Index Name": "keyword_pkey", "Relation Name": "keyword", "Alias": "k", "Startup Cost": 0.0, "Total Cost": 3182.72, "Plan Rows": 1, "Plan Width": 4, "Filter": "((keyword)::text = 'sequel'::text)"}, {"Node Type": "Bitmap Heap Scan", "Parent Relationship": "Inner", "Relation Name": "movie_keyword", "Alias": "mk", "Startup Cost": 4.51, "Total Cost": 132.58, "Plan Rows": 33, "Plan Width": 8, "Recheck Cond": "(keyword_id = k.id)", "Plans": [{"Node Type": "Bitmap Index Scan", "Parent Relationship": "Outer", "Index Name": "keyword_id_movie_keyword", "Startup Cost": 0.0, "Total Cost": 4.5, "Plan Rows": 33, "Plan Width": 0, "Index Cond": "(keyword_id = k.id)"}]}]}, {"Node Type": "Index Scan", "Parent Relationship": "Inner", "Scan Direction": "Forward", "Index Name": "title_pkey", "Relation Name": "title", "Alias": "t", "Startup Cost": 0.0, "Total Cost": 0.31, "Plan Rows": 1, "Plan Width": 21, "Index Cond": "(id = mk.movie_id)", "Filter": "(((title)::text ~~ '%Money%'::text) AND (production_year = 1998))"}]}, {"Node Type": "Index Scan", "Parent Relationship": "Inner", "Scan Direction": "Forward", "Index Name": "movie_id_movie_companies", "Relation Name": "movie_companies", "Alias": "mc", "Startup Cost": 0.0, "Total Cost": 0.31, "Plan Rows": 2, "Plan Width": 12, "Index Cond": "(movie_id = mk.movie_id)", "Filter": "(note IS NULL)"}]}, {"Node Type": "Index Scan", "Parent Relationship": "Inner", "Scan Direction": "Forward", "Index Name": "company_name_pkey", "Relation Name": "company_name", "Alias": "cn", "Startup Cost": 0.0, "Total Cost": 0.29, "Plan Rows": 1, "Plan Width": 23, "Index Cond": "(id = mc.company_id)", "Filter": "(((country_code)::text <> '[pl]'::text) AND (((name)::text ~~ '%Film%'::text) OR ((name)::text ~~ '%Warner%'::text)))"}]}, {"Node Type": "Index Scan", "Parent Relationship": "Inner", "Scan Direction": "Forward", "Index Name": "company_type_pkey", "Relation Name": "company_type", "Alias": "ct", "Startup Cost": 0.0, "Total Cost": 0.27, "Plan Rows": 1, "Plan Width": 4, "Index Cond": "(id = mc.company_type_id)", "Filter": "((kind)::text = 'production companies'::text)"}]}, {"Node Type": "Index Scan", "Parent Relationship": "Inner", "Scan Direction": "Forward", "Index Name": "movie_id_movie_link", "Relation Name": "movie_link", "Alias": "ml", "Startup Cost": 0.0, "Total Cost": 0.35, "Plan Rows": 5, "Plan Width": 8, "Index Cond": "(movie_id = mk.movie_id)"}]}, {"Node Type": "Index Scan", "Parent Relationship": "Inner", "Scan Direction": "Forward", "Index Name": "link_type_pkey", "Relation Name": "link_type", "Alias": "lt", "Startup Cost": 0.0, "Total Cost": 0.27, "Plan Rows": 1, "Plan Width": 16, "Index Cond": "(id = ml.link_type_id)", "Filter": "((link)::text ~~ '%follows%'::text)"}]}]}, "Unique SQL Id": 4121279504}, "explain_analyze_plan": {"Plan": {"Node Type": "Aggregate", "Strategy": "Plain", "Startup Cost": 3327.94, "Total Cost": 3327.95, "Plan Rows": 1, "Plan Width": 144, "Actual Startup Time": 210.021, "Actual Total Time": 210.022, "Actual Rows": 1, "Actual Loops": 1, "Plans": [{"Node Type": "Nested Loop", "Parent Relationship": "Outer", "Join Type": "Inner", "Startup Cost": 4.51, "Total Cost": 3327.93, "Plan Rows": 1, "Plan Width": 48, "Actual Startup Time": 210.015, "Actual Total Time": 210.015, "Actual Rows": 0, "Actual Loops": 1, "Inner Unique": true, "Plans": [{"Node Type": "Nested Loop", "Parent Relationship": "Outer", "Join Type": "Inner", "Startup Cost": 4.51, "Total Cost": 3327.65, "Plan Rows": 1, "Plan Width": 40, "Actual Startup Time": 4.252, "Actual Total Time": 209.927, "Actual Rows": 38, "Actual Loops": 1, "Inner Unique": false, "Join Filter": "(t.id = ml.movie_id)", "Rows Removed by Join Filter": 0, "Plans": [{"Node Type": "Nested Loop", "Parent Relationship": "Outer", "Join Type": "Inner", "Startup Cost": 4.51, "Total Cost": 3327.24, "Plan Rows": 1, "Plan Width": 48, "Actual Startup Time": 4.237, "Actual Total Time": 209.878, "Actual Rows": 2, "Actual Loops": 1, "Inner Unique": true, "Plans": [{"Node Type": "Nested Loop", "Parent Relationship": "Outer", "Join Type": "Inner", "Startup Cost": 4.51, "Total Cost": 3326.95, "Plan Rows": 1, "Plan Width": 52, "Actual Startup Time": 4.228, "Actual Total Time": 209.865, "Actual Rows": 2, "Actual Loops": 1, "Inner Unique": true, "Plans": [{"Node Type": "Nested Loop", "Parent Relationship": "Outer", "Join Type": "Inner", "Startup Cost": 4.51, "Total Cost": 3326.66, "Plan Rows": 1, "Plan Width": 37, "Actual Startup Time": 4.21, "Actual Total Time": 209.826, "Actual Rows": 3, "Actual Loops": 1, "Inner Unique": false, "Join Filter": "(t.id = mc.movie_id)", "Rows Removed by Join Filter": 0, "Plans": [{"Node Type": "Nested Loop", "Parent Relationship": "Outer", "Join Type": "Inner", "Startup Cost": 4.51, "Total Cost": 3326.32, "Plan Rows": 1, "Plan Width": 25, "Actual Startup Time": 4.189, "Actual Total Time": 209.801, "Actual Rows": 1, "Actual Loops": 1, "Inner Unique": true, "Plans": [{"Node Type": "Nested Loop", "Parent Relationship": "Outer", "Join Type": "Inner", "Startup Cost": 4.51, "Total Cost": 3315.63, "Plan Rows": 33, "Plan Width": 4, "Actual Startup Time": 3.839, "Actual Total Time": 145.857, "Actual Rows": 10544, "Actual Loops": 1, "Inner Unique": false, "Plans": [{"Node Type": "Index Scan", "Parent Relationship": "Outer", "Scan Direction": "Forward", "Index Name": "keyword_pkey", "Relation Name": "keyword", "Alias": "k", "Startup Cost": 0.0, "Total Cost": 3182.72, "Plan Rows": 1, "Plan Width": 4, "Actual Startup Time": 0.526, "Actual Total Time": 122.744, "Actual Rows": 1, "Actual Loops": 1, "Filter": "((keyword)::text = 'sequel'::text)", "Rows Removed by Filter": 134168}, {"Node Type": "Bitmap Heap Scan", "Parent Relationship": "Inner", "Relation Name": "movie_keyword", "Alias": "mk", "Startup Cost": 4.51, "Total Cost": 132.58, "Plan Rows": 33, "Plan Width": 8, "Actual Startup Time": 3.306, "Actual Total Time": 20.899, "Actual Rows": 10544, "Actual Loops": 1, "Recheck Cond": "(keyword_id = k.id)", "Rows Removed by Index Recheck": 0, "Exact Heap Blocks": 5090, "Lossy Heap Blocks": 5090, "Plans": [{"Node Type": "Bitmap Index Scan", "Parent Relationship": "Outer", "Index Name": "keyword_id_movie_keyword", "Startup Cost": 0.0, "Total Cost": 4.5, "Plan Rows": 33, "Plan Width": 0, "Actual Startup Time": 2.388, "Actual Total Time": 2.388, "Actual Rows": 10544, "Actual Loops": 1, "Index Cond": "(keyword_id = k.id)"}]}]}, {"Node Type": "Index Scan", "Parent Relationship": "Inner", "Scan Direction": "Forward", "Index Name": "title_pkey", "Relation Name": "title", "Alias": "t", "Startup Cost": 0.0, "Total Cost": 0.31, "Plan Rows": 1, "Plan Width": 21, "Actual Startup Time": 58.603, "Actual Total Time": 58.603, "Actual Rows": 1, "Actual Loops": 10544, "Index Cond": "(id = mk.movie_id)", "Rows Removed by Index Recheck": 0, "Filter": "(((title)::text ~~ '%Money%'::text) AND (production_year = 1998))", "Rows Removed by Filter": 10543}]}, {"Node Type": "Index Scan", "Parent Relationship": "Inner", "Scan Direction": "Forward", "Index Name": "movie_id_movie_companies", "Relation Name": "movie_companies", "Alias": "mc", "Startup Cost": 0.0, "Total Cost": 0.31, "Plan Rows": 2, "Plan Width": 12, "Actual Startup Time": 0.017, "Actual Total Time": 0.019, "Actual Rows": 3, "Actual Loops": 1, "Index Cond": "(movie_id = mk.movie_id)", "Rows Removed by Index Recheck": 0, "Filter": "(note IS NULL)", "Rows Removed by Filter": 1}]}, {"Node Type": "Index Scan", "Parent Relationship": "Inner", "Scan Direction": "Forward", "Index Name": "company_name_pkey", "Relation Name": "company_name", "Alias": "cn", "Startup Cost": 0.0, "Total Cost": 0.29, "Plan Rows": 1, "Plan Width": 23, "Actual Startup Time": 0.034, "Actual Total Time": 0.034, "Actual Rows": 2, "Actual Loops": 3, "Index Cond": "(id = mc.company_id)", "Rows Removed by Index Recheck": 0, "Filter": "(((country_code)::text <> '[pl]'::text) AND (((name)::text ~~ '%Film%'::text) OR ((name)::text ~~ '%Warner%'::text)))", "Rows Removed by Filter": 1}]}, {"Node Type": "Index Scan", "Parent Relationship": "Inner", "Scan Direction": "Forward", "Index Name": "company_type_pkey", "Relation Name": "company_type", "Alias": "ct", "Startup Cost": 0.0, "Total Cost": 0.27, "Plan Rows": 1, "Plan Width": 4, "Actual Startup Time": 0.009, "Actual Total Time": 0.009, "Actual Rows": 2, "Actual Loops": 2, "Index Cond": "(id = mc.company_type_id)", "Rows Removed by Index Recheck": 0, "Filter": "((kind)::text = 'production companies'::text)", "Rows Removed by Filter": 0}]}, {"Node Type": "Index Scan", "Parent Relationship": "Inner", "Scan Direction": "Forward", "Index Name": "movie_id_movie_link", "Relation Name": "movie_link", "Alias": "ml", "Startup Cost": 0.0, "Total Cost": 0.35, "Plan Rows": 5, "Plan Width": 8, "Actual Startup Time": 0.016, "Actual Total Time": 0.029, "Actual Rows": 38, "Actual Loops": 2, "Index Cond": "(movie_id = mk.movie_id)", "Rows Removed by Index Recheck": 0}]}, {"Node Type": "Index Scan", "Parent Relationship": "Inner", "Scan Direction": "Forward", "Index Name": "link_type_pkey", "Relation Name": "link_type", "Alias": "lt", "Startup Cost": 0.0, "Total Cost": 0.27, "Plan Rows": 1, "Plan Width": 16, "Actual Startup Time": 0.063, "Actual Total Time": 0.063, "Actual Rows": 0, "Actual Loops": 38, "Index Cond": "(id = ml.link_type_id)", "Rows Removed by Index Recheck": 0, "Filter": "((link)::text ~~ '%follows%'::text)", "Rows Removed by Filter": 24}]}]}, "Triggers": [], "Planner Runtime": 75.74, "Total Runtime": 210.444, "Unique SQL Id": 4121279504}}, "(16, 66)": {"explain_plan": {"Plan": {"Node Type": "Aggregate", "Strategy": "Plain", "Startup Cost": 2726.04, "Total Cost": 2726.05, "Plan Rows": 1, "Plan Width": 144, "Plans": [{"Node Type": "Hash Join", "Parent Relationship": "Outer", "Join Type": "Inner", "Startup Cost": 7.87, "Total Cost": 2726.04, "Plan Rows": 1, "Plan Width": 48, "Inner Unique": true, "Hash Cond": "(ml.link_type_id = lt.id)", "Plans": [{"Node Type": "Nested Loop", "Parent Relationship": "Outer", "Join Type": "Inner", "Startup Cost": 6.64, "Total Cost": 2724.8, "Plan Rows": 1, "Plan Width": 40, "Inner Unique": false, "Join Filter": "(t.id = ml.movie_id)", "Plans": [{"Node Type": "Hash Join", "Parent Relationship": "Outer", "Join Type": "Inner", "Startup Cost": 6.35, "Total Cost": 2720.38, "Plan Rows": 1, "Plan Width": 48, "Inner Unique": true, "Hash Cond": "(mc.company_type_id = ct.id)", "Plans": [{"Node Type": "Nested Loop", "Parent Relationship": "Outer", "Join Type": "Inner", "Startup Cost": 5.3, "Total Cost": 2719.32, "Plan Rows": 1, "Plan Width": 52, "Inner Unique": true, "Plans": [{"Node Type": "Nested Loop", "Parent Relationship": "Outer", "Join Type": "Inner", "Startup Cost": 5.05, "Total Cost": 2715.03, "Plan Rows": 1, "Plan Width": 37, "Inner Unique": false, "Join Filter": "(t.id = mc.movie_id)", "Plans": [{"Node Type": "Nested Loop", "Parent Relationship": "Outer", "Join Type": "Inner", "Startup Cost": 4.77, "Total Cost": 2710.71, "Plan Rows": 1, "Plan Width": 25, "Inner Unique": true, "Plans": [{"Node Type": "Nested Loop", "Parent Relationship": "Outer", "Join Type": "Inner", "Startup Cost": 4.51, "Total Cost": 2569.02, "Plan Rows": 33, "Plan Width": 4, "Inner Unique": false, "Plans": [{"Node Type": "Seq Scan", "Parent Relationship": "Outer", "Relation Name": "keyword", "Alias": "k", "Startup Cost": 0.0, "Total Cost": 2436.11, "Plan Rows": 1, "Plan Width": 4, "Filter": "((keyword)::text = 'sequel'::text)"}, {"Node Type": "Bitmap Heap Scan", "Parent Relationship": "Inner", "Relation Name": "movie_keyword", "Alias": "mk", "Startup Cost": 4.51, "Total Cost": 132.58, "Plan Rows": 33, "Plan Width": 8, "Recheck Cond": "(keyword_id = k.id)", "Plans": [{"Node Type": "Bitmap Index Scan", "Parent Relationship": "Outer", "Index Name": "keyword_id_movie_keyword", "Startup Cost": 0.0, "Total Cost": 4.5, "Plan Rows": 33, "Plan Width": 0, "Index Cond": "(keyword_id = k.id)"}]}]}, {"Node Type": "Bitmap Heap Scan", "Parent Relationship": "Inner", "Relation Name": "title", "Alias": "t", "Startup Cost": 0.27, "Total Cost": 4.28, "Plan Rows": 1, "Plan Width": 21, "Recheck Cond": "(id = mk.movie_id)", "Filter": "(((title)::text ~~ '%Money%'::text) AND (production_year = 1998))", "Plans": [{"Node Type": "Bitmap Index Scan", "Parent Relationship": "Outer", "Index Name": "title_pkey", "Startup Cost": 0.0, "Total Cost": 0.27, "Plan Rows": 1, "Plan Width": 0, "Index Cond": "(id = mk.movie_id)"}]}]}, {"Node Type": "Bitmap Heap Scan", "Parent Relationship": "Inner", "Relation Name": "movie_companies", "Alias": "mc", "Startup Cost": 0.27, "Total Cost": 4.3, "Plan Rows": 2, "Plan Width": 12, "Recheck Cond": "(movie_id = mk.movie_id)", "Filter": "(note IS NULL)", "Plans": [{"Node Type": "Bitmap Index Scan", "Parent Relationship": "Outer", "Index Name": "movie_id_movie_companies", "Startup Cost": 0.0, "Total Cost": 0.27, "Plan Rows": 2, "Plan Width": 0, "Index Cond": "(movie_id = mk.movie_id)"}]}]}, {"Node Type": "Bitmap Heap Scan", "Parent Relationship": "Inner", "Relation Name": "company_name", "Alias": "cn", "Startup Cost": 0.26, "Total Cost": 4.28, "Plan Rows": 1, "Plan Width": 23, "Recheck Cond": "(id = mc.company_id)", "Filter": "(((country_code)::text <> '[pl]'::text) AND (((name)::text ~~ '%Film%'::text) OR ((name)::text ~~ '%Warner%'::text)))", "Plans": [{"Node Type": "Bitmap Index Scan", "Parent Relationship": "Outer", "Index Name": "company_name_pkey", "Startup Cost": 0.0, "Total Cost": 0.26, "Plan Rows": 1, "Plan Width": 0, "Index Cond": "(id = mc.company_id)"}]}]}, {"Node Type": "Hash", "Parent Relationship": "Inner", "Startup Cost": 1.04, "Total Cost": 1.04, "Plan Rows": 1, "Plan Width": 4, "Plans": [{"Node Type": "Seq Scan", "Parent Relationship": "Outer", "Relation Name": "company_type", "Alias": "ct", "Startup Cost": 0.0, "Total Cost": 1.04, "Plan Rows": 1, "Plan Width": 4, "Filter": "((kind)::text = 'production companies'::text)"}]}]}, {"Node Type": "Bitmap Heap Scan", "Parent Relationship": "Inner", "Relation Name": "movie_link", "Alias": "ml", "Startup Cost": 0.29, "Total Cost": 4.35, "Plan Rows": 5, "Plan Width": 8, "Recheck Cond": "(movie_id = mk.movie_id)", "Plans": [{"Node Type": "Bitmap Index Scan", "Parent Relationship": "Outer", "Index Name": "movie_id_movie_link", "Startup Cost": 0.0, "Total Cost": 0.29, "Plan Rows": 5, "Plan Width": 0, "Index Cond": "(movie_id = mk.movie_id)"}]}]}, {"Node Type": "Hash", "Parent Relationship": "Inner", "Startup Cost": 1.21, "Total Cost": 1.21, "Plan Rows": 1, "Plan Width": 16, "Plans": [{"Node Type": "Seq Scan", "Parent Relationship": "Outer", "Relation Name": "link_type", "Alias": "lt", "Startup Cost": 0.0, "Total Cost": 1.21, "Plan Rows": 1, "Plan Width": 16, "Filter": "((link)::text ~~ '%follows%'::text)"}]}]}]}, "Unique SQL Id": 4121279504}, "explain_analyze_plan": {"Plan": {"Node Type": "Aggregate", "Strategy": "Plain", "Startup Cost": 2726.04, "Total Cost": 2726.05, "Plan Rows": 1, "Plan Width": 144, "Actual Startup Time": 0.082, "Actual Total Time": 0.082, "Actual Rows": 1, "Actual Loops": 1, "Plans": [{"Node Type": "Hash Join", "Parent Relationship": "Outer", "Join Type": "Inner", "Startup Cost": 7.87, "Total Cost": 2726.04, "Plan Rows": 1, "Plan Width": 48, "Actual Startup Time": 0.076, "Actual Total Time": 0.076, "Actual Rows": 0, "Actual Loops": 1, "Inner Unique": true, "Hash Cond": "(ml.link_type_id = lt.id)", "Plans": [{"Node Type": "Nested Loop", "Parent Relationship": "Outer", "Join Type": "Inner", "Startup Cost": 6.64, "Total Cost": 2724.8, "Plan Rows": 1, "Plan Width": 40, "Actual Startup Time": 0.0, "Actual Total Time": 0.0, "Inner Unique": false, "Join Filter": "(t.id = ml.movie_id)", "Rows Removed by Join Filter": 0, "Plans": [{"Node Type": "Hash Join", "Parent Relationship": "Outer", "Join Type": "Inner", "Startup Cost": 6.35, "Total Cost": 2720.38, "Plan Rows": 1, "Plan Width": 48, "Actual Startup Time": 0.0, "Actual Total Time": 0.0, "Inner Unique": true, "Hash Cond": "(mc.company_type_id = ct.id)", "Plans": [{"Node Type": "Nested Loop", "Parent Relationship": "Outer", "Join Type": "Inner", "Startup Cost": 5.3, "Total Cost": 2719.32, "Plan Rows": 1, "Plan Width": 52, "Actual Startup Time": 0.0, "Actual Total Time": 0.0, "Inner Unique": true, "Plans": [{"Node Type": "Nested Loop", "Parent Relationship": "Outer", "Join Type": "Inner", "Startup Cost": 5.05, "Total Cost": 2715.03, "Plan Rows": 1, "Plan Width": 37, "Actual Startup Time": 0.0, "Actual Total Time": 0.0, "Inner Unique": false, "Join Filter": "(t.id = mc.movie_id)", "Rows Removed by Join Filter": 0, "Plans": [{"Node Type": "Nested Loop", "Parent Relationship": "Outer", "Join Type": "Inner", "Startup Cost": 4.77, "Total Cost": 2710.71, "Plan Rows": 1, "Plan Width": 25, "Actual Startup Time": 0.0, "Actual Total Time": 0.0, "Inner Unique": true, "Plans": [{"Node Type": "Nested Loop", "Parent Relationship": "Outer", "Join Type": "Inner", "Startup Cost": 4.51, "Total Cost": 2569.02, "Plan Rows": 33, "Plan Width": 4, "Actual Startup Time": 0.0, "Actual Total Time": 0.0, "Inner Unique": false, "Plans": [{"Node Type": "Seq Scan", "Parent Relationship": "Outer", "Relation Name": "keyword", "Alias": "k", "Startup Cost": 0.0, "Total Cost": 2436.11, "Plan Rows": 1, "Plan Width": 4, "Actual Startup Time": 0.0, "Actual Total Time": 0.0, "Filter": "((keyword)::text = 'sequel'::text)", "Rows Removed by Filter": 0}, {"Node Type": "Bitmap Heap Scan", "Parent Relationship": "Inner", "Relation Name": "movie_keyword", "Alias": "mk", "Startup Cost": 4.51, "Total Cost": 132.58, "Plan Rows": 33, "Plan Width": 8, "Actual Startup Time": 0.0, "Actual Total Time": 0.0, "Recheck Cond": "(keyword_id = k.id)", "Rows Removed by Index Recheck": 0, "Exact Heap Blocks": 0, "Lossy Heap Blocks": 0, "Plans": [{"Node Type": "Bitmap Index Scan", "Parent Relationship": "Outer", "Index Name": "keyword_id_movie_keyword", "Startup Cost": 0.0, "Total Cost": 4.5, "Plan Rows": 33, "Plan Width": 0, "Actual Startup Time": 0.0, "Actual Total Time": 0.0, "Index Cond": "(keyword_id = k.id)"}]}]}, {"Node Type": "Bitmap Heap Scan", "Parent Relationship": "Inner", "Relation Name": "title", "Alias": "t", "Startup Cost": 0.27, "Total Cost": 4.28, "Plan Rows": 1, "Plan Width": 21, "Actual Startup Time": 0.0, "Actual Total Time": 0.0, "Recheck Cond": "(id = mk.movie_id)", "Rows Removed by Index Recheck": 0, "Filter": "(((title)::text ~~ '%Money%'::text) AND (production_year = 1998))", "Rows Removed by Filter": 0, "Exact Heap Blocks": 0, "Lossy Heap Blocks": 0, "Plans": [{"Node Type": "Bitmap Index Scan", "Parent Relationship": "Outer", "Index Name": "title_pkey", "Startup Cost": 0.0, "Total Cost": 0.27, "Plan Rows": 1, "Plan Width": 0, "Actual Startup Time": 0.0, "Actual Total Time": 0.0, "Index Cond": "(id = mk.movie_id)"}]}]}, {"Node Type": "Bitmap Heap Scan", "Parent Relationship": "Inner", "Relation Name": "movie_companies", "Alias": "mc", "Startup Cost": 0.27, "Total Cost": 4.3, "Plan Rows": 2, "Plan Width": 12, "Actual Startup Time": 0.0, "Actual Total Time": 0.0, "Recheck Cond": "(movie_id = mk.movie_id)", "Rows Removed by Index Recheck": 0, "Filter": "(note IS NULL)", "Rows Removed by Filter": 0, "Exact Heap Blocks": 0, "Lossy Heap Blocks": 0, "Plans": [{"Node Type": "Bitmap Index Scan", "Parent Relationship": "Outer", "Index Name": "movie_id_movie_companies", "Startup Cost": 0.0, "Total Cost": 0.27, "Plan Rows": 2, "Plan Width": 0, "Actual Startup Time": 0.0, "Actual Total Time": 0.0, "Index Cond": "(movie_id = mk.movie_id)"}]}]}, {"Node Type": "Bitmap Heap Scan", "Parent Relationship": "Inner", "Relation Name": "company_name", "Alias": "cn", "Startup Cost": 0.26, "Total Cost": 4.28, "Plan Rows": 1, "Plan Width": 23, "Actual Startup Time": 0.0, "Actual Total Time": 0.0, "Recheck Cond": "(id = mc.company_id)", "Rows Removed by Index Recheck": 0, "Filter": "(((country_code)::text <> '[pl]'::text) AND (((name)::text ~~ '%Film%'::text) OR ((name)::text ~~ '%Warner%'::text)))", "Rows Removed by Filter": 0, "Exact Heap Blocks": 0, "Lossy Heap Blocks": 0, "Plans": [{"Node Type": "Bitmap Index Scan", "Parent Relationship": "Outer", "Index Name": "company_name_pkey", "Startup Cost": 0.0, "Total Cost": 0.26, "Plan Rows": 1, "Plan Width": 0, "Actual Startup Time": 0.0, "Actual Total Time": 0.0, "Index Cond": "(id = mc.company_id)"}]}]}, {"Node Type": "Hash", "Parent Relationship": "Inner", "Startup Cost": 1.04, "Total Cost": 1.04, "Plan Rows": 1, "Plan Width": 4, "Actual Startup Time": 0.0, "Actual Total Time": 0.0, "Hash Buckets": 0, "Hash Batches": 0, "Original Hash Batches": 0, "Peak Memory Usage": 0, "Plans": [{"Node Type": "Seq Scan", "Parent Relationship": "Outer", "Relation Name": "company_type", "Alias": "ct", "Startup Cost": 0.0, "Total Cost": 1.04, "Plan Rows": 1, "Plan Width": 4, "Actual Startup Time": 0.0, "Actual Total Time": 0.0, "Filter": "((kind)::text = 'production companies'::text)", "Rows Removed by Filter": 0}]}]}, {"Node Type": "Bitmap Heap Scan", "Parent Relationship": "Inner", "Relation Name": "movie_link", "Alias": "ml", "Startup Cost": 0.29, "Total Cost": 4.35, "Plan Rows": 5, "Plan Width": 8, "Actual Startup Time": 0.0, "Actual Total Time": 0.0, "Recheck Cond": "(movie_id = mk.movie_id)", "Rows Removed by Index Recheck": 0, "Exact Heap Blocks": 0, "Lossy Heap Blocks": 0, "Plans": [{"Node Type": "Bitmap Index Scan", "Parent Relationship": "Outer", "Index Name": "movie_id_movie_link", "Startup Cost": 0.0, "Total Cost": 0.29, "Plan Rows": 5, "Plan Width": 0, "Actual Startup Time": 0.0, "Actual Total Time": 0.0, "Index Cond": "(movie_id = mk.movie_id)"}]}]}, {"Node Type": "Hash", "Parent Relationship": "Inner", "Startup Cost": 1.21, "Total Cost": 1.21, "Plan Rows": 1, "Plan Width": 16, "Actual Startup Time": 0.032, "Actual Total Time": 0.032, "Actual Rows": 0, "Actual Loops": 1, "Hash Buckets": 32768, "Hash Batches": 1, "Original Hash Batches": 1, "Peak Memory Usage": 0, "Plans": [{"Node Type": "Seq Scan", "Parent Relationship": "Outer", "Relation Name": "link_type", "Alias": "lt", "Startup Cost": 0.0, "Total Cost": 1.21, "Plan Rows": 1, "Plan Width": 16, "Actual Startup Time": 0.029, "Actual Total Time": 0.029, "Actual Rows": 0, "Actual Loops": 1, "Filter": "((link)::text ~~ '%follows%'::text)", "Rows Removed by Filter": 17}]}]}]}, "Triggers": [], "Planner Runtime": 108.695, "Total Runtime": 0.454, "Unique SQL Id": 4121279504}}, "(16, 67)": {"explain_plan": {"Plan": {"Node Type": "Aggregate", "Strategy": "Plain", "Startup Cost": 3451.4, "Total Cost": 3451.41, "Plan Rows": 1, "Plan Width": 144, "Plans": [{"Node Type": "Nested Loop", "Parent Relationship": "Outer", "Join Type": "Inner", "Startup Cost": 725.2, "Total Cost": 3451.4, "Plan Rows": 1, "Plan Width": 48, "Inner Unique": true, "Plans": [{"Node Type": "Nested Loop", "Parent Relationship": "Outer", "Join Type": "Inner", "Startup Cost": 724.95, "Total Cost": 3447.11, "Plan Rows": 1, "Plan Width": 40, "Inner Unique": false, "Join Filter": "(t.id = ml.movie_id)", "Plans": [{"Node Type": "Nested Loop", "Parent Relationship": "Outer", "Join Type": "Inner", "Startup Cost": 724.66, "Total Cost": 3442.7, "Plan Rows": 1, "Plan Width": 48, "Inner Unique": true, "Plans": [{"Node Type": "Nested Loop", "Parent Relationship": "Outer", "Join Type": "Inner", "Startup Cost": 724.4, "Total Cost": 3438.42, "Plan Rows": 1, "Plan Width": 52, "Inner Unique": true, "Plans": [{"Node Type": "Nested Loop", "Parent Relationship": "Outer", "Join Type": "Inner", "Startup Cost": 724.14, "Total Cost": 3434.13, "Plan Rows": 1, "Plan Width": 37, "Inner Unique": false, "Join Filter": "(t.id = mc.movie_id)", "Plans": [{"Node Type": "Nested Loop", "Parent Relationship": "Outer", "Join Type": "Inner", "Startup Cost": 723.87, "Total Cost": 3429.8, "Plan Rows": 1, "Plan Width": 25, "Inner Unique": true, "Plans": [{"Node Type": "Nested Loop", "Parent Relationship": "Outer", "Join Type": "Inner", "Startup Cost": 723.6, "Total Cost": 3288.12, "Plan Rows": 33, "Plan Width": 4, "Inner Unique": false, "Plans": [{"Node Type": "Bitmap Heap Scan", "Parent Relationship": "Outer", "Relation Name": "keyword", "Alias": "k", "Startup Cost": 719.1, "Total Cost": 3155.21, "Plan Rows": 1, "Plan Width": 4, "Filter": "((keyword)::text = 'sequel'::text)", "Plans": [{"Node Type": "Bitmap Index Scan", "Parent Relationship": "Outer", "Index Name": "keyword_pkey", "Startup Cost": 0.0, "Total Cost": 719.1, "Plan Rows": 134169, "Plan Width": 0}]}, {"Node Type": "Bitmap Heap Scan", "Parent Relationship": "Inner", "Relation Name": "movie_keyword", "Alias": "mk", "Startup Cost": 4.51, "Total Cost": 132.58, "Plan Rows": 33, "Plan Width": 8, "Recheck Cond": "(keyword_id = k.id)", "Plans": [{"Node Type": "Bitmap Index Scan", "Parent Relationship": "Outer", "Index Name": "keyword_id_movie_keyword", "Startup Cost": 0.0, "Total Cost": 4.5, "Plan Rows": 33, "Plan Width": 0, "Index Cond": "(keyword_id = k.id)"}]}]}, {"Node Type": "Bitmap Heap Scan", "Parent Relationship": "Inner", "Relation Name": "title", "Alias": "t", "Startup Cost": 0.27, "Total Cost": 4.28, "Plan Rows": 1, "Plan Width": 21, "Recheck Cond": "(id = mk.movie_id)", "Filter": "(((title)::text ~~ '%Money%'::text) AND (production_year = 1998))", "Plans": [{"Node Type": "Bitmap Index Scan", "Parent Relationship": "Outer", "Index Name": "title_pkey", "Startup Cost": 0.0, "Total Cost": 0.27, "Plan Rows": 1, "Plan Width": 0, "Index Cond": "(id = mk.movie_id)"}]}]}, {"Node Type": "Bitmap Heap Scan", "Parent Relationship": "Inner", "Relation Name": "movie_companies", "Alias": "mc", "Startup Cost": 0.27, "Total Cost": 4.3, "Plan Rows": 2, "Plan Width": 12, "Recheck Cond": "(movie_id = mk.movie_id)", "Filter": "(note IS NULL)", "Plans": [{"Node Type": "Bitmap Index Scan", "Parent Relationship": "Outer", "Index Name": "movie_id_movie_companies", "Startup Cost": 0.0, "Total Cost": 0.27, "Plan Rows": 2, "Plan Width": 0, "Index Cond": "(movie_id = mk.movie_id)"}]}]}, {"Node Type": "Bitmap Heap Scan", "Parent Relationship": "Inner", "Relation Name": "company_name", "Alias": "cn", "Startup Cost": 0.26, "Total Cost": 4.28, "Plan Rows": 1, "Plan Width": 23, "Recheck Cond": "(id = mc.company_id)", "Filter": "(((country_code)::text <> '[pl]'::text) AND (((name)::text ~~ '%Film%'::text) OR ((name)::text ~~ '%Warner%'::text)))", "Plans": [{"Node Type": "Bitmap Index Scan", "Parent Relationship": "Outer", "Index Name": "company_name_pkey", "Startup Cost": 0.0, "Total Cost": 0.26, "Plan Rows": 1, "Plan Width": 0, "Index Cond": "(id = mc.company_id)"}]}]}, {"Node Type": "Bitmap Heap Scan", "Parent Relationship": "Inner", "Relation Name": "company_type", "Alias": "ct", "Startup Cost": 0.26, "Total Cost": 4.27, "Plan Rows": 1, "Plan Width": 4, "Recheck Cond": "(id = mc.company_type_id)", "Filter": "((kind)::text = 'production companies'::text)", "Plans": [{"Node Type": "Bitmap Index Scan", "Parent Relationship": "Outer", "Index Name": "company_type_pkey", "Startup Cost": 0.0, "Total Cost": 0.26, "Plan Rows": 1, "Plan Width": 0, "Index Cond": "(id = mc.company_type_id)"}]}]}, {"Node Type": "Bitmap Heap Scan", "Parent Relationship": "Inner", "Relation Name": "movie_link", "Alias": "ml", "Startup Cost": 0.29, "Total Cost": 4.35, "Plan Rows": 5, "Plan Width": 8, "Recheck Cond": "(movie_id = mk.movie_id)", "Plans": [{"Node Type": "Bitmap Index Scan", "Parent Relationship": "Outer", "Index Name": "movie_id_movie_link", "Startup Cost": 0.0, "Total Cost": 0.29, "Plan Rows": 5, "Plan Width": 0, "Index Cond": "(movie_id = mk.movie_id)"}]}]}, {"Node Type": "Bitmap Heap Scan", "Parent Relationship": "Inner", "Relation Name": "link_type", "Alias": "lt", "Startup Cost": 0.26, "Total Cost": 4.27, "Plan Rows": 1, "Plan Width": 16, "Recheck Cond": "(id = ml.link_type_id)", "Filter": "((link)::text ~~ '%follows%'::text)", "Plans": [{"Node Type": "Bitmap Index Scan", "Parent Relationship": "Outer", "Index Name": "link_type_pkey", "Startup Cost": 0.0, "Total Cost": 0.26, "Plan Rows": 1, "Plan Width": 0, "Index Cond": "(id = ml.link_type_id)"}]}]}]}, "Unique SQL Id": 4121279504}, "explain_analyze_plan": {"Plan": {"Node Type": "Aggregate", "Strategy": "Plain", "Startup Cost": 3451.4, "Total Cost": 3451.41, "Plan Rows": 1, "Plan Width": 144, "Actual Startup Time": 152.6, "Actual Total Time": 152.601, "Actual Rows": 1, "Actual Loops": 1, "Plans": [{"Node Type": "Nested Loop", "Parent Relationship": "Outer", "Join Type": "Inner", "Startup Cost": 725.2, "Total Cost": 3451.4, "Plan Rows": 1, "Plan Width": 48, "Actual Startup Time": 152.588, "Actual Total Time": 152.588, "Actual Rows": 0, "Actual Loops": 1, "Inner Unique": true, "Plans": [{"Node Type": "Nested Loop", "Parent Relationship": "Outer", "Join Type": "Inner", "Startup Cost": 724.95, "Total Cost": 3447.11, "Plan Rows": 1, "Plan Width": 40, "Actual Startup Time": 18.148, "Actual Total Time": 152.437, "Actual Rows": 38, "Actual Loops": 1, "Inner Unique": false, "Join Filter": "(t.id = ml.movie_id)", "Rows Removed by Join Filter": 0, "Plans": [{"Node Type": "Nested Loop", "Parent Relationship": "Outer", "Join Type": "Inner", "Startup Cost": 724.66, "Total Cost": 3442.7, "Plan Rows": 1, "Plan Width": 48, "Actual Startup Time": 18.12, "Actual Total Time": 152.376, "Actual Rows": 2, "Actual Loops": 1, "Inner Unique": true, "Plans": [{"Node Type": "Nested Loop", "Parent Relationship": "Outer", "Join Type": "Inner", "Startup Cost": 724.4, "Total Cost": 3438.42, "Plan Rows": 1, "Plan Width": 52, "Actual Startup Time": 18.104, "Actual Total Time": 152.355, "Actual Rows": 2, "Actual Loops": 1, "Inner Unique": true, "Plans": [{"Node Type": "Nested Loop", "Parent Relationship": "Outer", "Join Type": "Inner", "Startup Cost": 724.14, "Total Cost": 3434.13, "Plan Rows": 1, "Plan Width": 37, "Actual Startup Time": 18.071, "Actual Total Time": 152.299, "Actual Rows": 3, "Actual Loops": 1, "Inner Unique": false, "Join Filter": "(t.id = mc.movie_id)", "Rows Removed by Join Filter": 0, "Plans": [{"Node Type": "Nested Loop", "Parent Relationship": "Outer", "Join Type": "Inner", "Startup Cost": 723.87, "Total Cost": 3429.8, "Plan Rows": 1, "Plan Width": 25, "Actual Startup Time": 18.038, "Actual Total Time": 152.263, "Actual Rows": 1, "Actual Loops": 1, "Inner Unique": true, "Plans": [{"Node Type": "Nested Loop", "Parent Relationship": "Outer", "Join Type": "Inner", "Startup Cost": 723.6, "Total Cost": 3288.12, "Plan Rows": 33, "Plan Width": 4, "Actual Startup Time": 17.628, "Actual Total Time": 80.585, "Actual Rows": 10544, "Actual Loops": 1, "Inner Unique": false, "Plans": [{"Node Type": "Bitmap Heap Scan", "Parent Relationship": "Outer", "Relation Name": "keyword", "Alias": "k", "Startup Cost": 719.1, "Total Cost": 3155.21, "Plan Rows": 1, "Plan Width": 4, "Actual Startup Time": 14.469, "Actual Total Time": 61.131, "Actual Rows": 1, "Actual Loops": 1, "Filter": "((keyword)::text = 'sequel'::text)", "Rows Removed by Filter": 134168, "Exact Heap Blocks": 759, "Lossy Heap Blocks": 759, "Plans": [{"Node Type": "Bitmap Index Scan", "Parent Relationship": "Outer", "Index Name": "keyword_pkey", "Startup Cost": 0.0, "Total Cost": 719.1, "Plan Rows": 134169, "Plan Width": 0, "Actual Startup Time": 11.259, "Actual Total Time": 11.259, "Actual Rows": 134169, "Actual Loops": 1}]}, {"Node Type": "Bitmap Heap Scan", "Parent Relationship": "Inner", "Relation Name": "movie_keyword", "Alias": "mk", "Startup Cost": 4.51, "Total Cost": 132.58, "Plan Rows": 33, "Plan Width": 8, "Actual Startup Time": 3.147, "Actual Total Time": 17.278, "Actual Rows": 10544, "Actual Loops": 1, "Recheck Cond": "(keyword_id = k.id)", "Rows Removed by Index Recheck": 0, "Exact Heap Blocks": 5090, "Lossy Heap Blocks": 5090, "Plans": [{"Node Type": "Bitmap Index Scan", "Parent Relationship": "Outer", "Index Name": "keyword_id_movie_keyword", "Startup Cost": 0.0, "Total Cost": 4.5, "Plan Rows": 33, "Plan Width": 0, "Actual Startup Time": 2.26, "Actual Total Time": 2.26, "Actual Rows": 10544, "Actual Loops": 1, "Index Cond": "(keyword_id = k.id)"}]}]}, {"Node Type": "Bitmap Heap Scan", "Parent Relationship": "Inner", "Relation Name": "title", "Alias": "t", "Startup Cost": 0.27, "Total Cost": 4.28, "Plan Rows": 1, "Plan Width": 21, "Actual Startup Time": 59.935, "Actual Total Time": 59.935, "Actual Rows": 1, "Actual Loops": 10544, "Recheck Cond": "(id = mk.movie_id)", "Rows Removed by Index Recheck": 0, "Filter": "(((title)::text ~~ '%Money%'::text) AND (production_year = 1998))", "Rows Removed by Filter": 10543, "Exact Heap Blocks": 10544, "Lossy Heap Blocks": 10544, "Plans": [{"Node Type": "Bitmap Index Scan", "Parent Relationship": "Outer", "Index Name": "title_pkey", "Startup Cost": 0.0, "Total Cost": 0.27, "Plan Rows": 1, "Plan Width": 0, "Actual Startup Time": 30.49, "Actual Total Time": 30.49, "Actual Rows": 10544, "Actual Loops": 10544, "Index Cond": "(id = mk.movie_id)"}]}]}, {"Node Type": "Bitmap Heap Scan", "Parent Relationship": "Inner", "Relation Name": "movie_companies", "Alias": "mc", "Startup Cost": 0.27, "Total Cost": 4.3, "Plan Rows": 2, "Plan Width": 12, "Actual Startup Time": 0.027, "Actual Total Time": 0.028, "Actual Rows": 3, "Actual Loops": 1, "Recheck Cond": "(movie_id = mk.movie_id)", "Rows Removed by Index Recheck": 0, "Filter": "(note IS NULL)", "Rows Removed by Filter": 1, "Exact Heap Blocks": 2, "Lossy Heap Blocks": 2, "Plans": [{"Node Type": "Bitmap Index Scan", "Parent Relationship": "Outer", "Index Name": "movie_id_movie_companies", "Startup Cost": 0.0, "Total Cost": 0.27, "Plan Rows": 2, "Plan Width": 0, "Actual Startup Time": 0.012, "Actual Total Time": 0.012, "Actual Rows": 4, "Actual Loops": 1, "Index Cond": "(movie_id = mk.movie_id)"}]}]}, {"Node Type": "Bitmap Heap Scan", "Parent Relationship": "Inner", "Relation Name": "company_name", "Alias": "cn", "Startup Cost": 0.26, "Total Cost": 4.28, "Plan Rows": 1, "Plan Width": 23, "Actual Startup Time": 0.047, "Actual Total Time": 0.047, "Actual Rows": 2, "Actual Loops": 3, "Recheck Cond": "(id = mc.company_id)", "Rows Removed by Index Recheck": 0, "Filter": "(((country_code)::text <> '[pl]'::text) AND (((name)::text ~~ '%Film%'::text) OR ((name)::text ~~ '%Warner%'::text)))", "Rows Removed by Filter": 1, "Exact Heap Blocks": 3, "Lossy Heap Blocks": 3, "Plans": [{"Node Type": "Bitmap Index Scan", "Parent Relationship": "Outer", "Index Name": "company_name_pkey", "Startup Cost": 0.0, "Total Cost": 0.26, "Plan Rows": 1, "Plan Width": 0, "Actual Startup Time": 0.02, "Actual Total Time": 0.02, "Actual Rows": 3, "Actual Loops": 3, "Index Cond": "(id = mc.company_id)"}]}]}, {"Node Type": "Bitmap Heap Scan", "Parent Relationship": "Inner", "Relation Name": "company_type", "Alias": "ct", "Startup Cost": 0.26, "Total Cost": 4.27, "Plan Rows": 1, "Plan Width": 4, "Actual Startup Time": 0.015, "Actual Total Time": 0.015, "Actual Rows": 2, "Actual Loops": 2, "Recheck Cond": "(id = mc.company_type_id)", "Rows Removed by Index Recheck": 0, "Filter": "((kind)::text = 'production companies'::text)", "Rows Removed by Filter": 0, "Exact Heap Blocks": 2, "Lossy Heap Blocks": 2, "Plans": [{"Node Type": "Bitmap Index Scan", "Parent Relationship": "Outer", "Index Name": "company_type_pkey", "Startup Cost": 0.0, "Total Cost": 0.26, "Plan Rows": 1, "Plan Width": 0, "Actual Startup Time": 0.004, "Actual Total Time": 0.004, "Actual Rows": 2, "Actual Loops": 2, "Index Cond": "(id = mc.company_type_id)"}]}]}, {"Node Type": "Bitmap Heap Scan", "Parent Relationship": "Inner", "Relation Name": "movie_link", "Alias": "ml", "Startup Cost": 0.29, "Total Cost": 4.35, "Plan Rows": 5, "Plan Width": 8, "Actual Startup Time": 0.027, "Actual Total Time": 0.031, "Actual Rows": 38, "Actual Loops": 2, "Recheck Cond": "(movie_id = mk.movie_id)", "Rows Removed by Index Recheck": 0, "Exact Heap Blocks": 2, "Lossy Heap Blocks": 2, "Plans": [{"Node Type": "Bitmap Index Scan", "Parent Relationship": "Outer", "Index Name": "movie_id_movie_link", "Startup Cost": 0.0, "Total Cost": 0.29, "Plan Rows": 5, "Plan Width": 0, "Actual Startup Time": 0.013, "Actual Total Time": 0.013, "Actual Rows": 38, "Actual Loops": 2, "Index Cond": "(movie_id = mk.movie_id)"}]}]}, {"Node Type": "Bitmap Heap Scan", "Parent Relationship": "Inner", "Relation Name": "link_type", "Alias": "lt", "Startup Cost": 0.26, "Total Cost": 4.27, "Plan Rows": 1, "Plan Width": 16, "Actual Startup Time": 0.11, "Actual Total Time": 0.11, "Actual Rows": 0, "Actual Loops": 38, "Recheck Cond": "(id = ml.link_type_id)", "Rows Removed by Index Recheck": 0, "Filter": "((link)::text ~~ '%follows%'::text)", "Rows Removed by Filter": 24, "Exact Heap Blocks": 24, "Lossy Heap Blocks": 24, "Plans": [{"Node Type": "Bitmap Index Scan", "Parent Relationship": "Outer", "Index Name": "link_type_pkey", "Startup Cost": 0.0, "Total Cost": 0.26, "Plan Rows": 1, "Plan Width": 0, "Actual Startup Time": 0.037, "Actual Total Time": 0.037, "Actual Rows": 24, "Actual Loops": 38, "Index Cond": "(id = ml.link_type_id)"}]}]}]}, "Triggers": [], "Planner Runtime": 60.8, "Total Runtime": 153.166, "Unique SQL Id": 4121279504}}, "(16, 68)": {"explain_plan": {"Plan": {"Node Type": "Aggregate", "Strategy": "Plain", "Startup Cost": 2581.34, "Total Cost": 2581.35, "Plan Rows": 1, "Plan Width": 144, "Plans": [{"Node Type": "Nested Loop", "Parent Relationship": "Outer", "Join Type": "Inner", "Startup Cost": 4.51, "Total Cost": 2581.33, "Plan Rows": 1, "Plan Width": 48, "Inner Unique": true, "Plans": [{"Node Type": "Nested Loop", "Parent Relationship": "Outer", "Join Type": "Inner", "Startup Cost": 4.51, "Total Cost": 2581.05, "Plan Rows": 1, "Plan Width": 40, "Inner Unique": false, "Join Filter": "(t.id = ml.movie_id)", "Plans": [{"Node Type": "Nested Loop", "Parent Relationship": "Outer", "Join Type": "Inner", "Startup Cost": 4.51, "Total Cost": 2580.63, "Plan Rows": 1, "Plan Width": 48, "Inner Unique": true, "Plans": [{"Node Type": "Nested Loop", "Parent Relationship": "Outer", "Join Type": "Inner", "Startup Cost": 4.51, "Total Cost": 2580.35, "Plan Rows": 1, "Plan Width": 52, "Inner Unique": true, "Plans": [{"Node Type": "Nested Loop", "Parent Relationship": "Outer", "Join Type": "Inner", "Startup Cost": 4.51, "Total Cost": 2580.05, "Plan Rows": 1, "Plan Width": 37, "Inner Unique": false, "Join Filter": "(t.id = mc.movie_id)", "Plans": [{"Node Type": "Nested Loop", "Parent Relationship": "Outer", "Join Type": "Inner", "Startup Cost": 4.51, "Total Cost": 2579.71, "Plan Rows": 1, "Plan Width": 25, "Inner Unique": true, "Plans": [{"Node Type": "Nested Loop", "Parent Relationship": "Outer", "Join Type": "Inner", "Startup Cost": 4.51, "Total Cost": 2569.02, "Plan Rows": 33, "Plan Width": 4, "Inner Unique": false, "Plans": [{"Node Type": "Seq Scan", "Parent Relationship": "Outer", "Relation Name": "keyword", "Alias": "k", "Startup Cost": 0.0, "Total Cost": 2436.11, "Plan Rows": 1, "Plan Width": 4, "Filter": "((keyword)::text = 'sequel'::text)"}, {"Node Type": "Bitmap Heap Scan", "Parent Relationship": "Inner", "Relation Name": "movie_keyword", "Alias": "mk", "Startup Cost": 4.51, "Total Cost": 132.58, "Plan Rows": 33, "Plan Width": 8, "Recheck Cond": "(keyword_id = k.id)", "Plans": [{"Node Type": "Bitmap Index Scan", "Parent Relationship": "Outer", "Index Name": "keyword_id_movie_keyword", "Startup Cost": 0.0, "Total Cost": 4.5, "Plan Rows": 33, "Plan Width": 0, "Index Cond": "(keyword_id = k.id)"}]}]}, {"Node Type": "Index Scan", "Parent Relationship": "Inner", "Scan Direction": "Forward", "Index Name": "title_pkey", "Relation Name": "title", "Alias": "t", "Startup Cost": 0.0, "Total Cost": 0.31, "Plan Rows": 1, "Plan Width": 21, "Index Cond": "(id = mk.movie_id)", "Filter": "(((title)::text ~~ '%Money%'::text) AND (production_year = 1998))"}]}, {"Node Type": "Index Scan", "Parent Relationship": "Inner", "Scan Direction": "Forward", "Index Name": "movie_id_movie_companies", "Relation Name": "movie_companies", "Alias": "mc", "Startup Cost": 0.0, "Total Cost": 0.31, "Plan Rows": 2, "Plan Width": 12, "Index Cond": "(movie_id = mk.movie_id)", "Filter": "(note IS NULL)"}]}, {"Node Type": "Index Scan", "Parent Relationship": "Inner", "Scan Direction": "Forward", "Index Name": "company_name_pkey", "Relation Name": "company_name", "Alias": "cn", "Startup Cost": 0.0, "Total Cost": 0.29, "Plan Rows": 1, "Plan Width": 23, "Index Cond": "(id = mc.company_id)", "Filter": "(((country_code)::text <> '[pl]'::text) AND (((name)::text ~~ '%Film%'::text) OR ((name)::text ~~ '%Warner%'::text)))"}]}, {"Node Type": "Index Scan", "Parent Relationship": "Inner", "Scan Direction": "Forward", "Index Name": "company_type_pkey", "Relation Name": "company_type", "Alias": "ct", "Startup Cost": 0.0, "Total Cost": 0.27, "Plan Rows": 1, "Plan Width": 4, "Index Cond": "(id = mc.company_type_id)", "Filter": "((kind)::text = 'production companies'::text)"}]}, {"Node Type": "Index Scan", "Parent Relationship": "Inner", "Scan Direction": "Forward", "Index Name": "movie_id_movie_link", "Relation Name": "movie_link", "Alias": "ml", "Startup Cost": 0.0, "Total Cost": 0.35, "Plan Rows": 5, "Plan Width": 8, "Index Cond": "(movie_id = mk.movie_id)"}]}, {"Node Type": "Index Scan", "Parent Relationship": "Inner", "Scan Direction": "Forward", "Index Name": "link_type_pkey", "Relation Name": "link_type", "Alias": "lt", "Startup Cost": 0.0, "Total Cost": 0.27, "Plan Rows": 1, "Plan Width": 16, "Index Cond": "(id = ml.link_type_id)", "Filter": "((link)::text ~~ '%follows%'::text)"}]}]}, "Unique SQL Id": 4121279504}, "explain_analyze_plan": {"Plan": {"Node Type": "Aggregate", "Strategy": "Plain", "Startup Cost": 2581.34, "Total Cost": 2581.35, "Plan Rows": 1, "Plan Width": 144, "Actual Startup Time": 126.718, "Actual Total Time": 126.718, "Actual Rows": 1, "Actual Loops": 1, "Plans": [{"Node Type": "Nested Loop", "Parent Relationship": "Outer", "Join Type": "Inner", "Startup Cost": 4.51, "Total Cost": 2581.33, "Plan Rows": 1, "Plan Width": 48, "Actual Startup Time": 126.712, "Actual Total Time": 126.712, "Actual Rows": 0, "Actual Loops": 1, "Inner Unique": true, "Plans": [{"Node Type": "Nested Loop", "Parent Relationship": "Outer", "Join Type": "Inner", "Startup Cost": 4.51, "Total Cost": 2581.05, "Plan Rows": 1, "Plan Width": 40, "Actual Startup Time": 6.094, "Actual Total Time": 126.628, "Actual Rows": 38, "Actual Loops": 1, "Inner Unique": false, "Join Filter": "(t.id = ml.movie_id)", "Rows Removed by Join Filter": 0, "Plans": [{"Node Type": "Nested Loop", "Parent Relationship": "Outer", "Join Type": "Inner", "Startup Cost": 4.51, "Total Cost": 2580.63, "Plan Rows": 1, "Plan Width": 48, "Actual Startup Time": 6.079, "Actual Total Time": 126.579, "Actual Rows": 2, "Actual Loops": 1, "Inner Unique": true, "Plans": [{"Node Type": "Nested Loop", "Parent Relationship": "Outer", "Join Type": "Inner", "Startup Cost": 4.51, "Total Cost": 2580.35, "Plan Rows": 1, "Plan Width": 52, "Actual Startup Time": 6.07, "Actual Total Time": 126.566, "Actual Rows": 2, "Actual Loops": 1, "Inner Unique": true, "Plans": [{"Node Type": "Nested Loop", "Parent Relationship": "Outer", "Join Type": "Inner", "Startup Cost": 4.51, "Total Cost": 2580.05, "Plan Rows": 1, "Plan Width": 37, "Actual Startup Time": 6.053, "Actual Total Time": 126.529, "Actual Rows": 3, "Actual Loops": 1, "Inner Unique": false, "Join Filter": "(t.id = mc.movie_id)", "Rows Removed by Join Filter": 0, "Plans": [{"Node Type": "Nested Loop", "Parent Relationship": "Outer", "Join Type": "Inner", "Startup Cost": 4.51, "Total Cost": 2579.71, "Plan Rows": 1, "Plan Width": 25, "Actual Startup Time": 6.03, "Actual Total Time": 126.501, "Actual Rows": 1, "Actual Loops": 1, "Inner Unique": true, "Plans": [{"Node Type": "Nested Loop", "Parent Relationship": "Outer", "Join Type": "Inner", "Startup Cost": 4.51, "Total Cost": 2569.02, "Plan Rows": 33, "Plan Width": 4, "Actual Startup Time": 5.681, "Actual Total Time": 64.348, "Actual Rows": 10544, "Actual Loops": 1, "Inner Unique": false, "Plans": [{"Node Type": "Seq Scan", "Parent Relationship": "Outer", "Relation Name": "keyword", "Alias": "k", "Startup Cost": 0.0, "Total Cost": 2436.11, "Plan Rows": 1, "Plan Width": 4, "Actual Startup Time": 2.377, "Actual Total Time": 41.877, "Actual Rows": 1, "Actual Loops": 1, "Filter": "((keyword)::text = 'sequel'::text)", "Rows Removed by Filter": 134168}, {"Node Type": "Bitmap Heap Scan", "Parent Relationship": "Inner", "Relation Name": "movie_keyword", "Alias": "mk", "Startup Cost": 4.51, "Total Cost": 132.58, "Plan Rows": 33, "Plan Width": 8, "Actual Startup Time": 3.296, "Actual Total Time": 20.334, "Actual Rows": 10544, "Actual Loops": 1, "Recheck Cond": "(keyword_id = k.id)", "Rows Removed by Index Recheck": 0, "Exact Heap Blocks": 5090, "Lossy Heap Blocks": 5090, "Plans": [{"Node Type": "Bitmap Index Scan", "Parent Relationship": "Outer", "Index Name": "keyword_id_movie_keyword", "Startup Cost": 0.0, "Total Cost": 4.5, "Plan Rows": 33, "Plan Width": 0, "Actual Startup Time": 2.369, "Actual Total Time": 2.369, "Actual Rows": 10544, "Actual Loops": 1, "Index Cond": "(keyword_id = k.id)"}]}]}, {"Node Type": "Index Scan", "Parent Relationship": "Inner", "Scan Direction": "Forward", "Index Name": "title_pkey", "Relation Name": "title", "Alias": "t", "Startup Cost": 0.0, "Total Cost": 0.31, "Plan Rows": 1, "Plan Width": 21, "Actual Startup Time": 56.882, "Actual Total Time": 56.882, "Actual Rows": 1, "Actual Loops": 10544, "Index Cond": "(id = mk.movie_id)", "Rows Removed by Index Recheck": 0, "Filter": "(((title)::text ~~ '%Money%'::text) AND (production_year = 1998))", "Rows Removed by Filter": 10543}]}, {"Node Type": "Index Scan", "Parent Relationship": "Inner", "Scan Direction": "Forward", "Index Name": "movie_id_movie_companies", "Relation Name": "movie_companies", "Alias": "mc", "Startup Cost": 0.0, "Total Cost": 0.31, "Plan Rows": 2, "Plan Width": 12, "Actual Startup Time": 0.018, "Actual Total Time": 0.02, "Actual Rows": 3, "Actual Loops": 1, "Index Cond": "(movie_id = mk.movie_id)", "Rows Removed by Index Recheck": 0, "Filter": "(note IS NULL)", "Rows Removed by Filter": 1}]}, {"Node Type": "Index Scan", "Parent Relationship": "Inner", "Scan Direction": "Forward", "Index Name": "company_name_pkey", "Relation Name": "company_name", "Alias": "cn", "Startup Cost": 0.0, "Total Cost": 0.29, "Plan Rows": 1, "Plan Width": 23, "Actual Startup Time": 0.032, "Actual Total Time": 0.032, "Actual Rows": 2, "Actual Loops": 3, "Index Cond": "(id = mc.company_id)", "Rows Removed by Index Recheck": 0, "Filter": "(((country_code)::text <> '[pl]'::text) AND (((name)::text ~~ '%Film%'::text) OR ((name)::text ~~ '%Warner%'::text)))", "Rows Removed by Filter": 1}]}, {"Node Type": "Index Scan", "Parent Relationship": "Inner", "Scan Direction": "Forward", "Index Name": "company_type_pkey", "Relation Name": "company_type", "Alias": "ct", "Startup Cost": 0.0, "Total Cost": 0.27, "Plan Rows": 1, "Plan Width": 4, "Actual Startup Time": 0.008, "Actual Total Time": 0.008, "Actual Rows": 2, "Actual Loops": 2, "Index Cond": "(id = mc.company_type_id)", "Rows Removed by Index Recheck": 0, "Filter": "((kind)::text = 'production companies'::text)", "Rows Removed by Filter": 0}]}, {"Node Type": "Index Scan", "Parent Relationship": "Inner", "Scan Direction": "Forward", "Index Name": "movie_id_movie_link", "Relation Name": "movie_link", "Alias": "ml", "Startup Cost": 0.0, "Total Cost": 0.35, "Plan Rows": 5, "Plan Width": 8, "Actual Startup Time": 0.016, "Actual Total Time": 0.031, "Actual Rows": 38, "Actual Loops": 2, "Index Cond": "(movie_id = mk.movie_id)", "Rows Removed by Index Recheck": 0}]}, {"Node Type": "Index Scan", "Parent Relationship": "Inner", "Scan Direction": "Forward", "Index Name": "link_type_pkey", "Relation Name": "link_type", "Alias": "lt", "Startup Cost": 0.0, "Total Cost": 0.27, "Plan Rows": 1, "Plan Width": 16, "Actual Startup Time": 0.064, "Actual Total Time": 0.064, "Actual Rows": 0, "Actual Loops": 38, "Index Cond": "(id = ml.link_type_id)", "Rows Removed by Index Recheck": 0, "Filter": "((link)::text ~~ '%follows%'::text)", "Rows Removed by Filter": 24}]}]}, "Triggers": [], "Planner Runtime": 87.526, "Total Runtime": 127.163, "Unique SQL Id": 4121279504}}, "(16, 69)": {"explain_plan": {"Plan": {"Node Type": "Aggregate", "Strategy": "Plain", "Startup Cost": 3327.94, "Total Cost": 3327.95, "Plan Rows": 1, "Plan Width": 144, "Plans": [{"Node Type": "Nested Loop", "Parent Relationship": "Outer", "Join Type": "Inner", "Startup Cost": 4.51, "Total Cost": 3327.93, "Plan Rows": 1, "Plan Width": 48, "Inner Unique": true, "Plans": [{"Node Type": "Nested Loop", "Parent Relationship": "Outer", "Join Type": "Inner", "Startup Cost": 4.51, "Total Cost": 3327.65, "Plan Rows": 1, "Plan Width": 40, "Inner Unique": false, "Join Filter": "(t.id = ml.movie_id)", "Plans": [{"Node Type": "Nested Loop", "Parent Relationship": "Outer", "Join Type": "Inner", "Startup Cost": 4.51, "Total Cost": 3327.24, "Plan Rows": 1, "Plan Width": 48, "Inner Unique": true, "Plans": [{"Node Type": "Nested Loop", "Parent Relationship": "Outer", "Join Type": "Inner", "Startup Cost": 4.51, "Total Cost": 3326.95, "Plan Rows": 1, "Plan Width": 52, "Inner Unique": true, "Plans": [{"Node Type": "Nested Loop", "Parent Relationship": "Outer", "Join Type": "Inner", "Startup Cost": 4.51, "Total Cost": 3326.66, "Plan Rows": 1, "Plan Width": 37, "Inner Unique": false, "Join Filter": "(t.id = mc.movie_id)", "Plans": [{"Node Type": "Nested Loop", "Parent Relationship": "Outer", "Join Type": "Inner", "Startup Cost": 4.51, "Total Cost": 3326.32, "Plan Rows": 1, "Plan Width": 25, "Inner Unique": true, "Plans": [{"Node Type": "Nested Loop", "Parent Relationship": "Outer", "Join Type": "Inner", "Startup Cost": 4.51, "Total Cost": 3315.63, "Plan Rows": 33, "Plan Width": 4, "Inner Unique": false, "Plans": [{"Node Type": "Index Scan", "Parent Relationship": "Outer", "Scan Direction": "Forward", "Index Name": "keyword_pkey", "Relation Name": "keyword", "Alias": "k", "Startup Cost": 0.0, "Total Cost": 3182.72, "Plan Rows": 1, "Plan Width": 4, "Filter": "((keyword)::text = 'sequel'::text)"}, {"Node Type": "Bitmap Heap Scan", "Parent Relationship": "Inner", "Relation Name": "movie_keyword", "Alias": "mk", "Startup Cost": 4.51, "Total Cost": 132.58, "Plan Rows": 33, "Plan Width": 8, "Recheck Cond": "(keyword_id = k.id)", "Plans": [{"Node Type": "Bitmap Index Scan", "Parent Relationship": "Outer", "Index Name": "keyword_id_movie_keyword", "Startup Cost": 0.0, "Total Cost": 4.5, "Plan Rows": 33, "Plan Width": 0, "Index Cond": "(keyword_id = k.id)"}]}]}, {"Node Type": "Index Scan", "Parent Relationship": "Inner", "Scan Direction": "Forward", "Index Name": "title_pkey", "Relation Name": "title", "Alias": "t", "Startup Cost": 0.0, "Total Cost": 0.31, "Plan Rows": 1, "Plan Width": 21, "Index Cond": "(id = mk.movie_id)", "Filter": "(((title)::text ~~ '%Money%'::text) AND (production_year = 1998))"}]}, {"Node Type": "Index Scan", "Parent Relationship": "Inner", "Scan Direction": "Forward", "Index Name": "movie_id_movie_companies", "Relation Name": "movie_companies", "Alias": "mc", "Startup Cost": 0.0, "Total Cost": 0.31, "Plan Rows": 2, "Plan Width": 12, "Index Cond": "(movie_id = mk.movie_id)", "Filter": "(note IS NULL)"}]}, {"Node Type": "Index Scan", "Parent Relationship": "Inner", "Scan Direction": "Forward", "Index Name": "company_name_pkey", "Relation Name": "company_name", "Alias": "cn", "Startup Cost": 0.0, "Total Cost": 0.29, "Plan Rows": 1, "Plan Width": 23, "Index Cond": "(id = mc.company_id)", "Filter": "(((country_code)::text <> '[pl]'::text) AND (((name)::text ~~ '%Film%'::text) OR ((name)::text ~~ '%Warner%'::text)))"}]}, {"Node Type": "Index Scan", "Parent Relationship": "Inner", "Scan Direction": "Forward", "Index Name": "company_type_pkey", "Relation Name": "company_type", "Alias": "ct", "Startup Cost": 0.0, "Total Cost": 0.27, "Plan Rows": 1, "Plan Width": 4, "Index Cond": "(id = mc.company_type_id)", "Filter": "((kind)::text = 'production companies'::text)"}]}, {"Node Type": "Index Scan", "Parent Relationship": "Inner", "Scan Direction": "Forward", "Index Name": "movie_id_movie_link", "Relation Name": "movie_link", "Alias": "ml", "Startup Cost": 0.0, "Total Cost": 0.35, "Plan Rows": 5, "Plan Width": 8, "Index Cond": "(movie_id = mk.movie_id)"}]}, {"Node Type": "Index Scan", "Parent Relationship": "Inner", "Scan Direction": "Forward", "Index Name": "link_type_pkey", "Relation Name": "link_type", "Alias": "lt", "Startup Cost": 0.0, "Total Cost": 0.27, "Plan Rows": 1, "Plan Width": 16, "Index Cond": "(id = ml.link_type_id)", "Filter": "((link)::text ~~ '%follows%'::text)"}]}]}, "Unique SQL Id": 4121279504}, "explain_analyze_plan": {"Plan": {"Node Type": "Aggregate", "Strategy": "Plain", "Startup Cost": 3327.94, "Total Cost": 3327.95, "Plan Rows": 1, "Plan Width": 144, "Actual Startup Time": 210.021, "Actual Total Time": 210.022, "Actual Rows": 1, "Actual Loops": 1, "Plans": [{"Node Type": "Nested Loop", "Parent Relationship": "Outer", "Join Type": "Inner", "Startup Cost": 4.51, "Total Cost": 3327.93, "Plan Rows": 1, "Plan Width": 48, "Actual Startup Time": 210.015, "Actual Total Time": 210.015, "Actual Rows": 0, "Actual Loops": 1, "Inner Unique": true, "Plans": [{"Node Type": "Nested Loop", "Parent Relationship": "Outer", "Join Type": "Inner", "Startup Cost": 4.51, "Total Cost": 3327.65, "Plan Rows": 1, "Plan Width": 40, "Actual Startup Time": 4.252, "Actual Total Time": 209.927, "Actual Rows": 38, "Actual Loops": 1, "Inner Unique": false, "Join Filter": "(t.id = ml.movie_id)", "Rows Removed by Join Filter": 0, "Plans": [{"Node Type": "Nested Loop", "Parent Relationship": "Outer", "Join Type": "Inner", "Startup Cost": 4.51, "Total Cost": 3327.24, "Plan Rows": 1, "Plan Width": 48, "Actual Startup Time": 4.237, "Actual Total Time": 209.878, "Actual Rows": 2, "Actual Loops": 1, "Inner Unique": true, "Plans": [{"Node Type": "Nested Loop", "Parent Relationship": "Outer", "Join Type": "Inner", "Startup Cost": 4.51, "Total Cost": 3326.95, "Plan Rows": 1, "Plan Width": 52, "Actual Startup Time": 4.228, "Actual Total Time": 209.865, "Actual Rows": 2, "Actual Loops": 1, "Inner Unique": true, "Plans": [{"Node Type": "Nested Loop", "Parent Relationship": "Outer", "Join Type": "Inner", "Startup Cost": 4.51, "Total Cost": 3326.66, "Plan Rows": 1, "Plan Width": 37, "Actual Startup Time": 4.21, "Actual Total Time": 209.826, "Actual Rows": 3, "Actual Loops": 1, "Inner Unique": false, "Join Filter": "(t.id = mc.movie_id)", "Rows Removed by Join Filter": 0, "Plans": [{"Node Type": "Nested Loop", "Parent Relationship": "Outer", "Join Type": "Inner", "Startup Cost": 4.51, "Total Cost": 3326.32, "Plan Rows": 1, "Plan Width": 25, "Actual Startup Time": 4.189, "Actual Total Time": 209.801, "Actual Rows": 1, "Actual Loops": 1, "Inner Unique": true, "Plans": [{"Node Type": "Nested Loop", "Parent Relationship": "Outer", "Join Type": "Inner", "Startup Cost": 4.51, "Total Cost": 3315.63, "Plan Rows": 33, "Plan Width": 4, "Actual Startup Time": 3.839, "Actual Total Time": 145.857, "Actual Rows": 10544, "Actual Loops": 1, "Inner Unique": false, "Plans": [{"Node Type": "Index Scan", "Parent Relationship": "Outer", "Scan Direction": "Forward", "Index Name": "keyword_pkey", "Relation Name": "keyword", "Alias": "k", "Startup Cost": 0.0, "Total Cost": 3182.72, "Plan Rows": 1, "Plan Width": 4, "Actual Startup Time": 0.526, "Actual Total Time": 122.744, "Actual Rows": 1, "Actual Loops": 1, "Filter": "((keyword)::text = 'sequel'::text)", "Rows Removed by Filter": 134168}, {"Node Type": "Bitmap Heap Scan", "Parent Relationship": "Inner", "Relation Name": "movie_keyword", "Alias": "mk", "Startup Cost": 4.51, "Total Cost": 132.58, "Plan Rows": 33, "Plan Width": 8, "Actual Startup Time": 3.306, "Actual Total Time": 20.899, "Actual Rows": 10544, "Actual Loops": 1, "Recheck Cond": "(keyword_id = k.id)", "Rows Removed by Index Recheck": 0, "Exact Heap Blocks": 5090, "Lossy Heap Blocks": 5090, "Plans": [{"Node Type": "Bitmap Index Scan", "Parent Relationship": "Outer", "Index Name": "keyword_id_movie_keyword", "Startup Cost": 0.0, "Total Cost": 4.5, "Plan Rows": 33, "Plan Width": 0, "Actual Startup Time": 2.388, "Actual Total Time": 2.388, "Actual Rows": 10544, "Actual Loops": 1, "Index Cond": "(keyword_id = k.id)"}]}]}, {"Node Type": "Index Scan", "Parent Relationship": "Inner", "Scan Direction": "Forward", "Index Name": "title_pkey", "Relation Name": "title", "Alias": "t", "Startup Cost": 0.0, "Total Cost": 0.31, "Plan Rows": 1, "Plan Width": 21, "Actual Startup Time": 58.603, "Actual Total Time": 58.603, "Actual Rows": 1, "Actual Loops": 10544, "Index Cond": "(id = mk.movie_id)", "Rows Removed by Index Recheck": 0, "Filter": "(((title)::text ~~ '%Money%'::text) AND (production_year = 1998))", "Rows Removed by Filter": 10543}]}, {"Node Type": "Index Scan", "Parent Relationship": "Inner", "Scan Direction": "Forward", "Index Name": "movie_id_movie_companies", "Relation Name": "movie_companies", "Alias": "mc", "Startup Cost": 0.0, "Total Cost": 0.31, "Plan Rows": 2, "Plan Width": 12, "Actual Startup Time": 0.017, "Actual Total Time": 0.019, "Actual Rows": 3, "Actual Loops": 1, "Index Cond": "(movie_id = mk.movie_id)", "Rows Removed by Index Recheck": 0, "Filter": "(note IS NULL)", "Rows Removed by Filter": 1}]}, {"Node Type": "Index Scan", "Parent Relationship": "Inner", "Scan Direction": "Forward", "Index Name": "company_name_pkey", "Relation Name": "company_name", "Alias": "cn", "Startup Cost": 0.0, "Total Cost": 0.29, "Plan Rows": 1, "Plan Width": 23, "Actual Startup Time": 0.034, "Actual Total Time": 0.034, "Actual Rows": 2, "Actual Loops": 3, "Index Cond": "(id = mc.company_id)", "Rows Removed by Index Recheck": 0, "Filter": "(((country_code)::text <> '[pl]'::text) AND (((name)::text ~~ '%Film%'::text) OR ((name)::text ~~ '%Warner%'::text)))", "Rows Removed by Filter": 1}]}, {"Node Type": "Index Scan", "Parent Relationship": "Inner", "Scan Direction": "Forward", "Index Name": "company_type_pkey", "Relation Name": "company_type", "Alias": "ct", "Startup Cost": 0.0, "Total Cost": 0.27, "Plan Rows": 1, "Plan Width": 4, "Actual Startup Time": 0.009, "Actual Total Time": 0.009, "Actual Rows": 2, "Actual Loops": 2, "Index Cond": "(id = mc.company_type_id)", "Rows Removed by Index Recheck": 0, "Filter": "((kind)::text = 'production companies'::text)", "Rows Removed by Filter": 0}]}, {"Node Type": "Index Scan", "Parent Relationship": "Inner", "Scan Direction": "Forward", "Index Name": "movie_id_movie_link", "Relation Name": "movie_link", "Alias": "ml", "Startup Cost": 0.0, "Total Cost": 0.35, "Plan Rows": 5, "Plan Width": 8, "Actual Startup Time": 0.016, "Actual Total Time": 0.029, "Actual Rows": 38, "Actual Loops": 2, "Index Cond": "(movie_id = mk.movie_id)", "Rows Removed by Index Recheck": 0}]}, {"Node Type": "Index Scan", "Parent Relationship": "Inner", "Scan Direction": "Forward", "Index Name": "link_type_pkey", "Relation Name": "link_type", "Alias": "lt", "Startup Cost": 0.0, "Total Cost": 0.27, "Plan Rows": 1, "Plan Width": 16, "Actual Startup Time": 0.063, "Actual Total Time": 0.063, "Actual Rows": 0, "Actual Loops": 38, "Index Cond": "(id = ml.link_type_id)", "Rows Removed by Index Recheck": 0, "Filter": "((link)::text ~~ '%follows%'::text)", "Rows Removed by Filter": 24}]}]}, "Triggers": [], "Planner Runtime": 75.74, "Total Runtime": 210.444, "Unique SQL Id": 4121279504}}, "(16, 70)": {"explain_plan": {"Plan": {"Node Type": "Aggregate", "Strategy": "Plain", "Startup Cost": 2726.04, "Total Cost": 2726.05, "Plan Rows": 1, "Plan Width": 144, "Plans": [{"Node Type": "Hash Join", "Parent Relationship": "Outer", "Join Type": "Inner", "Startup Cost": 7.87, "Total Cost": 2726.04, "Plan Rows": 1, "Plan Width": 48, "Inner Unique": true, "Hash Cond": "(ml.link_type_id = lt.id)", "Plans": [{"Node Type": "Nested Loop", "Parent Relationship": "Outer", "Join Type": "Inner", "Startup Cost": 6.64, "Total Cost": 2724.8, "Plan Rows": 1, "Plan Width": 40, "Inner Unique": false, "Join Filter": "(t.id = ml.movie_id)", "Plans": [{"Node Type": "Hash Join", "Parent Relationship": "Outer", "Join Type": "Inner", "Startup Cost": 6.35, "Total Cost": 2720.38, "Plan Rows": 1, "Plan Width": 48, "Inner Unique": true, "Hash Cond": "(mc.company_type_id = ct.id)", "Plans": [{"Node Type": "Nested Loop", "Parent Relationship": "Outer", "Join Type": "Inner", "Startup Cost": 5.3, "Total Cost": 2719.32, "Plan Rows": 1, "Plan Width": 52, "Inner Unique": true, "Plans": [{"Node Type": "Nested Loop", "Parent Relationship": "Outer", "Join Type": "Inner", "Startup Cost": 5.05, "Total Cost": 2715.03, "Plan Rows": 1, "Plan Width": 37, "Inner Unique": false, "Join Filter": "(t.id = mc.movie_id)", "Plans": [{"Node Type": "Nested Loop", "Parent Relationship": "Outer", "Join Type": "Inner", "Startup Cost": 4.77, "Total Cost": 2710.71, "Plan Rows": 1, "Plan Width": 25, "Inner Unique": true, "Plans": [{"Node Type": "Nested Loop", "Parent Relationship": "Outer", "Join Type": "Inner", "Startup Cost": 4.51, "Total Cost": 2569.02, "Plan Rows": 33, "Plan Width": 4, "Inner Unique": false, "Plans": [{"Node Type": "Seq Scan", "Parent Relationship": "Outer", "Relation Name": "keyword", "Alias": "k", "Startup Cost": 0.0, "Total Cost": 2436.11, "Plan Rows": 1, "Plan Width": 4, "Filter": "((keyword)::text = 'sequel'::text)"}, {"Node Type": "Bitmap Heap Scan", "Parent Relationship": "Inner", "Relation Name": "movie_keyword", "Alias": "mk", "Startup Cost": 4.51, "Total Cost": 132.58, "Plan Rows": 33, "Plan Width": 8, "Recheck Cond": "(keyword_id = k.id)", "Plans": [{"Node Type": "Bitmap Index Scan", "Parent Relationship": "Outer", "Index Name": "keyword_id_movie_keyword", "Startup Cost": 0.0, "Total Cost": 4.5, "Plan Rows": 33, "Plan Width": 0, "Index Cond": "(keyword_id = k.id)"}]}]}, {"Node Type": "Bitmap Heap Scan", "Parent Relationship": "Inner", "Relation Name": "title", "Alias": "t", "Startup Cost": 0.27, "Total Cost": 4.28, "Plan Rows": 1, "Plan Width": 21, "Recheck Cond": "(id = mk.movie_id)", "Filter": "(((title)::text ~~ '%Money%'::text) AND (production_year = 1998))", "Plans": [{"Node Type": "Bitmap Index Scan", "Parent Relationship": "Outer", "Index Name": "title_pkey", "Startup Cost": 0.0, "Total Cost": 0.27, "Plan Rows": 1, "Plan Width": 0, "Index Cond": "(id = mk.movie_id)"}]}]}, {"Node Type": "Bitmap Heap Scan", "Parent Relationship": "Inner", "Relation Name": "movie_companies", "Alias": "mc", "Startup Cost": 0.27, "Total Cost": 4.3, "Plan Rows": 2, "Plan Width": 12, "Recheck Cond": "(movie_id = mk.movie_id)", "Filter": "(note IS NULL)", "Plans": [{"Node Type": "Bitmap Index Scan", "Parent Relationship": "Outer", "Index Name": "movie_id_movie_companies", "Startup Cost": 0.0, "Total Cost": 0.27, "Plan Rows": 2, "Plan Width": 0, "Index Cond": "(movie_id = mk.movie_id)"}]}]}, {"Node Type": "Bitmap Heap Scan", "Parent Relationship": "Inner", "Relation Name": "company_name", "Alias": "cn", "Startup Cost": 0.26, "Total Cost": 4.28, "Plan Rows": 1, "Plan Width": 23, "Recheck Cond": "(id = mc.company_id)", "Filter": "(((country_code)::text <> '[pl]'::text) AND (((name)::text ~~ '%Film%'::text) OR ((name)::text ~~ '%Warner%'::text)))", "Plans": [{"Node Type": "Bitmap Index Scan", "Parent Relationship": "Outer", "Index Name": "company_name_pkey", "Startup Cost": 0.0, "Total Cost": 0.26, "Plan Rows": 1, "Plan Width": 0, "Index Cond": "(id = mc.company_id)"}]}]}, {"Node Type": "Hash", "Parent Relationship": "Inner", "Startup Cost": 1.04, "Total Cost": 1.04, "Plan Rows": 1, "Plan Width": 4, "Plans": [{"Node Type": "Seq Scan", "Parent Relationship": "Outer", "Relation Name": "company_type", "Alias": "ct", "Startup Cost": 0.0, "Total Cost": 1.04, "Plan Rows": 1, "Plan Width": 4, "Filter": "((kind)::text = 'production companies'::text)"}]}]}, {"Node Type": "Bitmap Heap Scan", "Parent Relationship": "Inner", "Relation Name": "movie_link", "Alias": "ml", "Startup Cost": 0.29, "Total Cost": 4.35, "Plan Rows": 5, "Plan Width": 8, "Recheck Cond": "(movie_id = mk.movie_id)", "Plans": [{"Node Type": "Bitmap Index Scan", "Parent Relationship": "Outer", "Index Name": "movie_id_movie_link", "Startup Cost": 0.0, "Total Cost": 0.29, "Plan Rows": 5, "Plan Width": 0, "Index Cond": "(movie_id = mk.movie_id)"}]}]}, {"Node Type": "Hash", "Parent Relationship": "Inner", "Startup Cost": 1.21, "Total Cost": 1.21, "Plan Rows": 1, "Plan Width": 16, "Plans": [{"Node Type": "Seq Scan", "Parent Relationship": "Outer", "Relation Name": "link_type", "Alias": "lt", "Startup Cost": 0.0, "Total Cost": 1.21, "Plan Rows": 1, "Plan Width": 16, "Filter": "((link)::text ~~ '%follows%'::text)"}]}]}]}, "Unique SQL Id": 4121279504}, "explain_analyze_plan": {"Plan": {"Node Type": "Aggregate", "Strategy": "Plain", "Startup Cost": 2726.04, "Total Cost": 2726.05, "Plan Rows": 1, "Plan Width": 144, "Actual Startup Time": 0.082, "Actual Total Time": 0.082, "Actual Rows": 1, "Actual Loops": 1, "Plans": [{"Node Type": "Hash Join", "Parent Relationship": "Outer", "Join Type": "Inner", "Startup Cost": 7.87, "Total Cost": 2726.04, "Plan Rows": 1, "Plan Width": 48, "Actual Startup Time": 0.076, "Actual Total Time": 0.076, "Actual Rows": 0, "Actual Loops": 1, "Inner Unique": true, "Hash Cond": "(ml.link_type_id = lt.id)", "Plans": [{"Node Type": "Nested Loop", "Parent Relationship": "Outer", "Join Type": "Inner", "Startup Cost": 6.64, "Total Cost": 2724.8, "Plan Rows": 1, "Plan Width": 40, "Actual Startup Time": 0.0, "Actual Total Time": 0.0, "Inner Unique": false, "Join Filter": "(t.id = ml.movie_id)", "Rows Removed by Join Filter": 0, "Plans": [{"Node Type": "Hash Join", "Parent Relationship": "Outer", "Join Type": "Inner", "Startup Cost": 6.35, "Total Cost": 2720.38, "Plan Rows": 1, "Plan Width": 48, "Actual Startup Time": 0.0, "Actual Total Time": 0.0, "Inner Unique": true, "Hash Cond": "(mc.company_type_id = ct.id)", "Plans": [{"Node Type": "Nested Loop", "Parent Relationship": "Outer", "Join Type": "Inner", "Startup Cost": 5.3, "Total Cost": 2719.32, "Plan Rows": 1, "Plan Width": 52, "Actual Startup Time": 0.0, "Actual Total Time": 0.0, "Inner Unique": true, "Plans": [{"Node Type": "Nested Loop", "Parent Relationship": "Outer", "Join Type": "Inner", "Startup Cost": 5.05, "Total Cost": 2715.03, "Plan Rows": 1, "Plan Width": 37, "Actual Startup Time": 0.0, "Actual Total Time": 0.0, "Inner Unique": false, "Join Filter": "(t.id = mc.movie_id)", "Rows Removed by Join Filter": 0, "Plans": [{"Node Type": "Nested Loop", "Parent Relationship": "Outer", "Join Type": "Inner", "Startup Cost": 4.77, "Total Cost": 2710.71, "Plan Rows": 1, "Plan Width": 25, "Actual Startup Time": 0.0, "Actual Total Time": 0.0, "Inner Unique": true, "Plans": [{"Node Type": "Nested Loop", "Parent Relationship": "Outer", "Join Type": "Inner", "Startup Cost": 4.51, "Total Cost": 2569.02, "Plan Rows": 33, "Plan Width": 4, "Actual Startup Time": 0.0, "Actual Total Time": 0.0, "Inner Unique": false, "Plans": [{"Node Type": "Seq Scan", "Parent Relationship": "Outer", "Relation Name": "keyword", "Alias": "k", "Startup Cost": 0.0, "Total Cost": 2436.11, "Plan Rows": 1, "Plan Width": 4, "Actual Startup Time": 0.0, "Actual Total Time": 0.0, "Filter": "((keyword)::text = 'sequel'::text)", "Rows Removed by Filter": 0}, {"Node Type": "Bitmap Heap Scan", "Parent Relationship": "Inner", "Relation Name": "movie_keyword", "Alias": "mk", "Startup Cost": 4.51, "Total Cost": 132.58, "Plan Rows": 33, "Plan Width": 8, "Actual Startup Time": 0.0, "Actual Total Time": 0.0, "Recheck Cond": "(keyword_id = k.id)", "Rows Removed by Index Recheck": 0, "Exact Heap Blocks": 0, "Lossy Heap Blocks": 0, "Plans": [{"Node Type": "Bitmap Index Scan", "Parent Relationship": "Outer", "Index Name": "keyword_id_movie_keyword", "Startup Cost": 0.0, "Total Cost": 4.5, "Plan Rows": 33, "Plan Width": 0, "Actual Startup Time": 0.0, "Actual Total Time": 0.0, "Index Cond": "(keyword_id = k.id)"}]}]}, {"Node Type": "Bitmap Heap Scan", "Parent Relationship": "Inner", "Relation Name": "title", "Alias": "t", "Startup Cost": 0.27, "Total Cost": 4.28, "Plan Rows": 1, "Plan Width": 21, "Actual Startup Time": 0.0, "Actual Total Time": 0.0, "Recheck Cond": "(id = mk.movie_id)", "Rows Removed by Index Recheck": 0, "Filter": "(((title)::text ~~ '%Money%'::text) AND (production_year = 1998))", "Rows Removed by Filter": 0, "Exact Heap Blocks": 0, "Lossy Heap Blocks": 0, "Plans": [{"Node Type": "Bitmap Index Scan", "Parent Relationship": "Outer", "Index Name": "title_pkey", "Startup Cost": 0.0, "Total Cost": 0.27, "Plan Rows": 1, "Plan Width": 0, "Actual Startup Time": 0.0, "Actual Total Time": 0.0, "Index Cond": "(id = mk.movie_id)"}]}]}, {"Node Type": "Bitmap Heap Scan", "Parent Relationship": "Inner", "Relation Name": "movie_companies", "Alias": "mc", "Startup Cost": 0.27, "Total Cost": 4.3, "Plan Rows": 2, "Plan Width": 12, "Actual Startup Time": 0.0, "Actual Total Time": 0.0, "Recheck Cond": "(movie_id = mk.movie_id)", "Rows Removed by Index Recheck": 0, "Filter": "(note IS NULL)", "Rows Removed by Filter": 0, "Exact Heap Blocks": 0, "Lossy Heap Blocks": 0, "Plans": [{"Node Type": "Bitmap Index Scan", "Parent Relationship": "Outer", "Index Name": "movie_id_movie_companies", "Startup Cost": 0.0, "Total Cost": 0.27, "Plan Rows": 2, "Plan Width": 0, "Actual Startup Time": 0.0, "Actual Total Time": 0.0, "Index Cond": "(movie_id = mk.movie_id)"}]}]}, {"Node Type": "Bitmap Heap Scan", "Parent Relationship": "Inner", "Relation Name": "company_name", "Alias": "cn", "Startup Cost": 0.26, "Total Cost": 4.28, "Plan Rows": 1, "Plan Width": 23, "Actual Startup Time": 0.0, "Actual Total Time": 0.0, "Recheck Cond": "(id = mc.company_id)", "Rows Removed by Index Recheck": 0, "Filter": "(((country_code)::text <> '[pl]'::text) AND (((name)::text ~~ '%Film%'::text) OR ((name)::text ~~ '%Warner%'::text)))", "Rows Removed by Filter": 0, "Exact Heap Blocks": 0, "Lossy Heap Blocks": 0, "Plans": [{"Node Type": "Bitmap Index Scan", "Parent Relationship": "Outer", "Index Name": "company_name_pkey", "Startup Cost": 0.0, "Total Cost": 0.26, "Plan Rows": 1, "Plan Width": 0, "Actual Startup Time": 0.0, "Actual Total Time": 0.0, "Index Cond": "(id = mc.company_id)"}]}]}, {"Node Type": "Hash", "Parent Relationship": "Inner", "Startup Cost": 1.04, "Total Cost": 1.04, "Plan Rows": 1, "Plan Width": 4, "Actual Startup Time": 0.0, "Actual Total Time": 0.0, "Hash Buckets": 0, "Hash Batches": 0, "Original Hash Batches": 0, "Peak Memory Usage": 0, "Plans": [{"Node Type": "Seq Scan", "Parent Relationship": "Outer", "Relation Name": "company_type", "Alias": "ct", "Startup Cost": 0.0, "Total Cost": 1.04, "Plan Rows": 1, "Plan Width": 4, "Actual Startup Time": 0.0, "Actual Total Time": 0.0, "Filter": "((kind)::text = 'production companies'::text)", "Rows Removed by Filter": 0}]}]}, {"Node Type": "Bitmap Heap Scan", "Parent Relationship": "Inner", "Relation Name": "movie_link", "Alias": "ml", "Startup Cost": 0.29, "Total Cost": 4.35, "Plan Rows": 5, "Plan Width": 8, "Actual Startup Time": 0.0, "Actual Total Time": 0.0, "Recheck Cond": "(movie_id = mk.movie_id)", "Rows Removed by Index Recheck": 0, "Exact Heap Blocks": 0, "Lossy Heap Blocks": 0, "Plans": [{"Node Type": "Bitmap Index Scan", "Parent Relationship": "Outer", "Index Name": "movie_id_movie_link", "Startup Cost": 0.0, "Total Cost": 0.29, "Plan Rows": 5, "Plan Width": 0, "Actual Startup Time": 0.0, "Actual Total Time": 0.0, "Index Cond": "(movie_id = mk.movie_id)"}]}]}, {"Node Type": "Hash", "Parent Relationship": "Inner", "Startup Cost": 1.21, "Total Cost": 1.21, "Plan Rows": 1, "Plan Width": 16, "Actual Startup Time": 0.032, "Actual Total Time": 0.032, "Actual Rows": 0, "Actual Loops": 1, "Hash Buckets": 32768, "Hash Batches": 1, "Original Hash Batches": 1, "Peak Memory Usage": 0, "Plans": [{"Node Type": "Seq Scan", "Parent Relationship": "Outer", "Relation Name": "link_type", "Alias": "lt", "Startup Cost": 0.0, "Total Cost": 1.21, "Plan Rows": 1, "Plan Width": 16, "Actual Startup Time": 0.029, "Actual Total Time": 0.029, "Actual Rows": 0, "Actual Loops": 1, "Filter": "((link)::text ~~ '%follows%'::text)", "Rows Removed by Filter": 17}]}]}]}, "Triggers": [], "Planner Runtime": 108.695, "Total Runtime": 0.454, "Unique SQL Id": 4121279504}}, "(16, 71)": {"explain_plan": {"Plan": {"Node Type": "Aggregate", "Strategy": "Plain", "Startup Cost": 3451.4, "Total Cost": 3451.41, "Plan Rows": 1, "Plan Width": 144, "Plans": [{"Node Type": "Nested Loop", "Parent Relationship": "Outer", "Join Type": "Inner", "Startup Cost": 725.2, "Total Cost": 3451.4, "Plan Rows": 1, "Plan Width": 48, "Inner Unique": true, "Plans": [{"Node Type": "Nested Loop", "Parent Relationship": "Outer", "Join Type": "Inner", "Startup Cost": 724.95, "Total Cost": 3447.11, "Plan Rows": 1, "Plan Width": 40, "Inner Unique": false, "Join Filter": "(t.id = ml.movie_id)", "Plans": [{"Node Type": "Nested Loop", "Parent Relationship": "Outer", "Join Type": "Inner", "Startup Cost": 724.66, "Total Cost": 3442.7, "Plan Rows": 1, "Plan Width": 48, "Inner Unique": true, "Plans": [{"Node Type": "Nested Loop", "Parent Relationship": "Outer", "Join Type": "Inner", "Startup Cost": 724.4, "Total Cost": 3438.42, "Plan Rows": 1, "Plan Width": 52, "Inner Unique": true, "Plans": [{"Node Type": "Nested Loop", "Parent Relationship": "Outer", "Join Type": "Inner", "Startup Cost": 724.14, "Total Cost": 3434.13, "Plan Rows": 1, "Plan Width": 37, "Inner Unique": false, "Join Filter": "(t.id = mc.movie_id)", "Plans": [{"Node Type": "Nested Loop", "Parent Relationship": "Outer", "Join Type": "Inner", "Startup Cost": 723.87, "Total Cost": 3429.8, "Plan Rows": 1, "Plan Width": 25, "Inner Unique": true, "Plans": [{"Node Type": "Nested Loop", "Parent Relationship": "Outer", "Join Type": "Inner", "Startup Cost": 723.6, "Total Cost": 3288.12, "Plan Rows": 33, "Plan Width": 4, "Inner Unique": false, "Plans": [{"Node Type": "Bitmap Heap Scan", "Parent Relationship": "Outer", "Relation Name": "keyword", "Alias": "k", "Startup Cost": 719.1, "Total Cost": 3155.21, "Plan Rows": 1, "Plan Width": 4, "Filter": "((keyword)::text = 'sequel'::text)", "Plans": [{"Node Type": "Bitmap Index Scan", "Parent Relationship": "Outer", "Index Name": "keyword_pkey", "Startup Cost": 0.0, "Total Cost": 719.1, "Plan Rows": 134169, "Plan Width": 0}]}, {"Node Type": "Bitmap Heap Scan", "Parent Relationship": "Inner", "Relation Name": "movie_keyword", "Alias": "mk", "Startup Cost": 4.51, "Total Cost": 132.58, "Plan Rows": 33, "Plan Width": 8, "Recheck Cond": "(keyword_id = k.id)", "Plans": [{"Node Type": "Bitmap Index Scan", "Parent Relationship": "Outer", "Index Name": "keyword_id_movie_keyword", "Startup Cost": 0.0, "Total Cost": 4.5, "Plan Rows": 33, "Plan Width": 0, "Index Cond": "(keyword_id = k.id)"}]}]}, {"Node Type": "Bitmap Heap Scan", "Parent Relationship": "Inner", "Relation Name": "title", "Alias": "t", "Startup Cost": 0.27, "Total Cost": 4.28, "Plan Rows": 1, "Plan Width": 21, "Recheck Cond": "(id = mk.movie_id)", "Filter": "(((title)::text ~~ '%Money%'::text) AND (production_year = 1998))", "Plans": [{"Node Type": "Bitmap Index Scan", "Parent Relationship": "Outer", "Index Name": "title_pkey", "Startup Cost": 0.0, "Total Cost": 0.27, "Plan Rows": 1, "Plan Width": 0, "Index Cond": "(id = mk.movie_id)"}]}]}, {"Node Type": "Bitmap Heap Scan", "Parent Relationship": "Inner", "Relation Name": "movie_companies", "Alias": "mc", "Startup Cost": 0.27, "Total Cost": 4.3, "Plan Rows": 2, "Plan Width": 12, "Recheck Cond": "(movie_id = mk.movie_id)", "Filter": "(note IS NULL)", "Plans": [{"Node Type": "Bitmap Index Scan", "Parent Relationship": "Outer", "Index Name": "movie_id_movie_companies", "Startup Cost": 0.0, "Total Cost": 0.27, "Plan Rows": 2, "Plan Width": 0, "Index Cond": "(movie_id = mk.movie_id)"}]}]}, {"Node Type": "Bitmap Heap Scan", "Parent Relationship": "Inner", "Relation Name": "company_name", "Alias": "cn", "Startup Cost": 0.26, "Total Cost": 4.28, "Plan Rows": 1, "Plan Width": 23, "Recheck Cond": "(id = mc.company_id)", "Filter": "(((country_code)::text <> '[pl]'::text) AND (((name)::text ~~ '%Film%'::text) OR ((name)::text ~~ '%Warner%'::text)))", "Plans": [{"Node Type": "Bitmap Index Scan", "Parent Relationship": "Outer", "Index Name": "company_name_pkey", "Startup Cost": 0.0, "Total Cost": 0.26, "Plan Rows": 1, "Plan Width": 0, "Index Cond": "(id = mc.company_id)"}]}]}, {"Node Type": "Bitmap Heap Scan", "Parent Relationship": "Inner", "Relation Name": "company_type", "Alias": "ct", "Startup Cost": 0.26, "Total Cost": 4.27, "Plan Rows": 1, "Plan Width": 4, "Recheck Cond": "(id = mc.company_type_id)", "Filter": "((kind)::text = 'production companies'::text)", "Plans": [{"Node Type": "Bitmap Index Scan", "Parent Relationship": "Outer", "Index Name": "company_type_pkey", "Startup Cost": 0.0, "Total Cost": 0.26, "Plan Rows": 1, "Plan Width": 0, "Index Cond": "(id = mc.company_type_id)"}]}]}, {"Node Type": "Bitmap Heap Scan", "Parent Relationship": "Inner", "Relation Name": "movie_link", "Alias": "ml", "Startup Cost": 0.29, "Total Cost": 4.35, "Plan Rows": 5, "Plan Width": 8, "Recheck Cond": "(movie_id = mk.movie_id)", "Plans": [{"Node Type": "Bitmap Index Scan", "Parent Relationship": "Outer", "Index Name": "movie_id_movie_link", "Startup Cost": 0.0, "Total Cost": 0.29, "Plan Rows": 5, "Plan Width": 0, "Index Cond": "(movie_id = mk.movie_id)"}]}]}, {"Node Type": "Bitmap Heap Scan", "Parent Relationship": "Inner", "Relation Name": "link_type", "Alias": "lt", "Startup Cost": 0.26, "Total Cost": 4.27, "Plan Rows": 1, "Plan Width": 16, "Recheck Cond": "(id = ml.link_type_id)", "Filter": "((link)::text ~~ '%follows%'::text)", "Plans": [{"Node Type": "Bitmap Index Scan", "Parent Relationship": "Outer", "Index Name": "link_type_pkey", "Startup Cost": 0.0, "Total Cost": 0.26, "Plan Rows": 1, "Plan Width": 0, "Index Cond": "(id = ml.link_type_id)"}]}]}]}, "Unique SQL Id": 4121279504}, "explain_analyze_plan": {"Plan": {"Node Type": "Aggregate", "Strategy": "Plain", "Startup Cost": 3451.4, "Total Cost": 3451.41, "Plan Rows": 1, "Plan Width": 144, "Actual Startup Time": 152.6, "Actual Total Time": 152.601, "Actual Rows": 1, "Actual Loops": 1, "Plans": [{"Node Type": "Nested Loop", "Parent Relationship": "Outer", "Join Type": "Inner", "Startup Cost": 725.2, "Total Cost": 3451.4, "Plan Rows": 1, "Plan Width": 48, "Actual Startup Time": 152.588, "Actual Total Time": 152.588, "Actual Rows": 0, "Actual Loops": 1, "Inner Unique": true, "Plans": [{"Node Type": "Nested Loop", "Parent Relationship": "Outer", "Join Type": "Inner", "Startup Cost": 724.95, "Total Cost": 3447.11, "Plan Rows": 1, "Plan Width": 40, "Actual Startup Time": 18.148, "Actual Total Time": 152.437, "Actual Rows": 38, "Actual Loops": 1, "Inner Unique": false, "Join Filter": "(t.id = ml.movie_id)", "Rows Removed by Join Filter": 0, "Plans": [{"Node Type": "Nested Loop", "Parent Relationship": "Outer", "Join Type": "Inner", "Startup Cost": 724.66, "Total Cost": 3442.7, "Plan Rows": 1, "Plan Width": 48, "Actual Startup Time": 18.12, "Actual Total Time": 152.376, "Actual Rows": 2, "Actual Loops": 1, "Inner Unique": true, "Plans": [{"Node Type": "Nested Loop", "Parent Relationship": "Outer", "Join Type": "Inner", "Startup Cost": 724.4, "Total Cost": 3438.42, "Plan Rows": 1, "Plan Width": 52, "Actual Startup Time": 18.104, "Actual Total Time": 152.355, "Actual Rows": 2, "Actual Loops": 1, "Inner Unique": true, "Plans": [{"Node Type": "Nested Loop", "Parent Relationship": "Outer", "Join Type": "Inner", "Startup Cost": 724.14, "Total Cost": 3434.13, "Plan Rows": 1, "Plan Width": 37, "Actual Startup Time": 18.071, "Actual Total Time": 152.299, "Actual Rows": 3, "Actual Loops": 1, "Inner Unique": false, "Join Filter": "(t.id = mc.movie_id)", "Rows Removed by Join Filter": 0, "Plans": [{"Node Type": "Nested Loop", "Parent Relationship": "Outer", "Join Type": "Inner", "Startup Cost": 723.87, "Total Cost": 3429.8, "Plan Rows": 1, "Plan Width": 25, "Actual Startup Time": 18.038, "Actual Total Time": 152.263, "Actual Rows": 1, "Actual Loops": 1, "Inner Unique": true, "Plans": [{"Node Type": "Nested Loop", "Parent Relationship": "Outer", "Join Type": "Inner", "Startup Cost": 723.6, "Total Cost": 3288.12, "Plan Rows": 33, "Plan Width": 4, "Actual Startup Time": 17.628, "Actual Total Time": 80.585, "Actual Rows": 10544, "Actual Loops": 1, "Inner Unique": false, "Plans": [{"Node Type": "Bitmap Heap Scan", "Parent Relationship": "Outer", "Relation Name": "keyword", "Alias": "k", "Startup Cost": 719.1, "Total Cost": 3155.21, "Plan Rows": 1, "Plan Width": 4, "Actual Startup Time": 14.469, "Actual Total Time": 61.131, "Actual Rows": 1, "Actual Loops": 1, "Filter": "((keyword)::text = 'sequel'::text)", "Rows Removed by Filter": 134168, "Exact Heap Blocks": 759, "Lossy Heap Blocks": 759, "Plans": [{"Node Type": "Bitmap Index Scan", "Parent Relationship": "Outer", "Index Name": "keyword_pkey", "Startup Cost": 0.0, "Total Cost": 719.1, "Plan Rows": 134169, "Plan Width": 0, "Actual Startup Time": 11.259, "Actual Total Time": 11.259, "Actual Rows": 134169, "Actual Loops": 1}]}, {"Node Type": "Bitmap Heap Scan", "Parent Relationship": "Inner", "Relation Name": "movie_keyword", "Alias": "mk", "Startup Cost": 4.51, "Total Cost": 132.58, "Plan Rows": 33, "Plan Width": 8, "Actual Startup Time": 3.147, "Actual Total Time": 17.278, "Actual Rows": 10544, "Actual Loops": 1, "Recheck Cond": "(keyword_id = k.id)", "Rows Removed by Index Recheck": 0, "Exact Heap Blocks": 5090, "Lossy Heap Blocks": 5090, "Plans": [{"Node Type": "Bitmap Index Scan", "Parent Relationship": "Outer", "Index Name": "keyword_id_movie_keyword", "Startup Cost": 0.0, "Total Cost": 4.5, "Plan Rows": 33, "Plan Width": 0, "Actual Startup Time": 2.26, "Actual Total Time": 2.26, "Actual Rows": 10544, "Actual Loops": 1, "Index Cond": "(keyword_id = k.id)"}]}]}, {"Node Type": "Bitmap Heap Scan", "Parent Relationship": "Inner", "Relation Name": "title", "Alias": "t", "Startup Cost": 0.27, "Total Cost": 4.28, "Plan Rows": 1, "Plan Width": 21, "Actual Startup Time": 59.935, "Actual Total Time": 59.935, "Actual Rows": 1, "Actual Loops": 10544, "Recheck Cond": "(id = mk.movie_id)", "Rows Removed by Index Recheck": 0, "Filter": "(((title)::text ~~ '%Money%'::text) AND (production_year = 1998))", "Rows Removed by Filter": 10543, "Exact Heap Blocks": 10544, "Lossy Heap Blocks": 10544, "Plans": [{"Node Type": "Bitmap Index Scan", "Parent Relationship": "Outer", "Index Name": "title_pkey", "Startup Cost": 0.0, "Total Cost": 0.27, "Plan Rows": 1, "Plan Width": 0, "Actual Startup Time": 30.49, "Actual Total Time": 30.49, "Actual Rows": 10544, "Actual Loops": 10544, "Index Cond": "(id = mk.movie_id)"}]}]}, {"Node Type": "Bitmap Heap Scan", "Parent Relationship": "Inner", "Relation Name": "movie_companies", "Alias": "mc", "Startup Cost": 0.27, "Total Cost": 4.3, "Plan Rows": 2, "Plan Width": 12, "Actual Startup Time": 0.027, "Actual Total Time": 0.028, "Actual Rows": 3, "Actual Loops": 1, "Recheck Cond": "(movie_id = mk.movie_id)", "Rows Removed by Index Recheck": 0, "Filter": "(note IS NULL)", "Rows Removed by Filter": 1, "Exact Heap Blocks": 2, "Lossy Heap Blocks": 2, "Plans": [{"Node Type": "Bitmap Index Scan", "Parent Relationship": "Outer", "Index Name": "movie_id_movie_companies", "Startup Cost": 0.0, "Total Cost": 0.27, "Plan Rows": 2, "Plan Width": 0, "Actual Startup Time": 0.012, "Actual Total Time": 0.012, "Actual Rows": 4, "Actual Loops": 1, "Index Cond": "(movie_id = mk.movie_id)"}]}]}, {"Node Type": "Bitmap Heap Scan", "Parent Relationship": "Inner", "Relation Name": "company_name", "Alias": "cn", "Startup Cost": 0.26, "Total Cost": 4.28, "Plan Rows": 1, "Plan Width": 23, "Actual Startup Time": 0.047, "Actual Total Time": 0.047, "Actual Rows": 2, "Actual Loops": 3, "Recheck Cond": "(id = mc.company_id)", "Rows Removed by Index Recheck": 0, "Filter": "(((country_code)::text <> '[pl]'::text) AND (((name)::text ~~ '%Film%'::text) OR ((name)::text ~~ '%Warner%'::text)))", "Rows Removed by Filter": 1, "Exact Heap Blocks": 3, "Lossy Heap Blocks": 3, "Plans": [{"Node Type": "Bitmap Index Scan", "Parent Relationship": "Outer", "Index Name": "company_name_pkey", "Startup Cost": 0.0, "Total Cost": 0.26, "Plan Rows": 1, "Plan Width": 0, "Actual Startup Time": 0.02, "Actual Total Time": 0.02, "Actual Rows": 3, "Actual Loops": 3, "Index Cond": "(id = mc.company_id)"}]}]}, {"Node Type": "Bitmap Heap Scan", "Parent Relationship": "Inner", "Relation Name": "company_type", "Alias": "ct", "Startup Cost": 0.26, "Total Cost": 4.27, "Plan Rows": 1, "Plan Width": 4, "Actual Startup Time": 0.015, "Actual Total Time": 0.015, "Actual Rows": 2, "Actual Loops": 2, "Recheck Cond": "(id = mc.company_type_id)", "Rows Removed by Index Recheck": 0, "Filter": "((kind)::text = 'production companies'::text)", "Rows Removed by Filter": 0, "Exact Heap Blocks": 2, "Lossy Heap Blocks": 2, "Plans": [{"Node Type": "Bitmap Index Scan", "Parent Relationship": "Outer", "Index Name": "company_type_pkey", "Startup Cost": 0.0, "Total Cost": 0.26, "Plan Rows": 1, "Plan Width": 0, "Actual Startup Time": 0.004, "Actual Total Time": 0.004, "Actual Rows": 2, "Actual Loops": 2, "Index Cond": "(id = mc.company_type_id)"}]}]}, {"Node Type": "Bitmap Heap Scan", "Parent Relationship": "Inner", "Relation Name": "movie_link", "Alias": "ml", "Startup Cost": 0.29, "Total Cost": 4.35, "Plan Rows": 5, "Plan Width": 8, "Actual Startup Time": 0.027, "Actual Total Time": 0.031, "Actual Rows": 38, "Actual Loops": 2, "Recheck Cond": "(movie_id = mk.movie_id)", "Rows Removed by Index Recheck": 0, "Exact Heap Blocks": 2, "Lossy Heap Blocks": 2, "Plans": [{"Node Type": "Bitmap Index Scan", "Parent Relationship": "Outer", "Index Name": "movie_id_movie_link", "Startup Cost": 0.0, "Total Cost": 0.29, "Plan Rows": 5, "Plan Width": 0, "Actual Startup Time": 0.013, "Actual Total Time": 0.013, "Actual Rows": 38, "Actual Loops": 2, "Index Cond": "(movie_id = mk.movie_id)"}]}]}, {"Node Type": "Bitmap Heap Scan", "Parent Relationship": "Inner", "Relation Name": "link_type", "Alias": "lt", "Startup Cost": 0.26, "Total Cost": 4.27, "Plan Rows": 1, "Plan Width": 16, "Actual Startup Time": 0.11, "Actual Total Time": 0.11, "Actual Rows": 0, "Actual Loops": 38, "Recheck Cond": "(id = ml.link_type_id)", "Rows Removed by Index Recheck": 0, "Filter": "((link)::text ~~ '%follows%'::text)", "Rows Removed by Filter": 24, "Exact Heap Blocks": 24, "Lossy Heap Blocks": 24, "Plans": [{"Node Type": "Bitmap Index Scan", "Parent Relationship": "Outer", "Index Name": "link_type_pkey", "Startup Cost": 0.0, "Total Cost": 0.26, "Plan Rows": 1, "Plan Width": 0, "Actual Startup Time": 0.037, "Actual Total Time": 0.037, "Actual Rows": 24, "Actual Loops": 38, "Index Cond": "(id = ml.link_type_id)"}]}]}]}, "Triggers": [], "Planner Runtime": 60.8, "Total Runtime": 153.166, "Unique SQL Id": 4121279504}}, "(16, 72)": {"explain_plan": {"Plan": {"Node Type": "Aggregate", "Strategy": "Plain", "Startup Cost": 2585.63, "Total Cost": 2585.64, "Plan Rows": 1, "Plan Width": 144, "Plans": [{"Node Type": "Nested Loop", "Parent Relationship": "Outer", "Join Type": "Inner", "Startup Cost": 0.0, "Total Cost": 2585.62, "Plan Rows": 1, "Plan Width": 48, "Inner Unique": true, "Plans": [{"Node Type": "Nested Loop", "Parent Relationship": "Outer", "Join Type": "Inner", "Startup Cost": 0.0, "Total Cost": 2585.34, "Plan Rows": 1, "Plan Width": 40, "Inner Unique": false, "Join Filter": "(t.id = ml.movie_id)", "Plans": [{"Node Type": "Nested Loop", "Parent Relationship": "Outer", "Join Type": "Inner", "Startup Cost": 0.0, "Total Cost": 2584.93, "Plan Rows": 1, "Plan Width": 48, "Inner Unique": true, "Plans": [{"Node Type": "Nested Loop", "Parent Relationship": "Outer", "Join Type": "Inner", "Startup Cost": 0.0, "Total Cost": 2584.64, "Plan Rows": 1, "Plan Width": 52, "Inner Unique": true, "Plans": [{"Node Type": "Nested Loop", "Parent Relationship": "Outer", "Join Type": "Inner", "Startup Cost": 0.0, "Total Cost": 2584.35, "Plan Rows": 1, "Plan Width": 37, "Inner Unique": false, "Join Filter": "(t.id = mc.movie_id)", "Plans": [{"Node Type": "Nested Loop", "Parent Relationship": "Outer", "Join Type": "Inner", "Startup Cost": 0.0, "Total Cost": 2584.01, "Plan Rows": 1, "Plan Width": 25, "Inner Unique": true, "Plans": [{"Node Type": "Nested Loop", "Parent Relationship": "Outer", "Join Type": "Inner", "Startup Cost": 0.0, "Total Cost": 2573.32, "Plan Rows": 33, "Plan Width": 4, "Inner Unique": false, "Plans": [{"Node Type": "Seq Scan", "Parent Relationship": "Outer", "Relation Name": "keyword", "Alias": "k", "Startup Cost": 0.0, "Total Cost": 2436.11, "Plan Rows": 1, "Plan Width": 4, "Filter": "((keyword)::text = 'sequel'::text)"}, {"Node Type": "Index Scan", "Parent Relationship": "Inner", "Scan Direction": "Forward", "Index Name": "keyword_id_movie_keyword", "Relation Name": "movie_keyword", "Alias": "mk", "Startup Cost": 0.0, "Total Cost": 136.88, "Plan Rows": 33, "Plan Width": 8, "Index Cond": "(keyword_id = k.id)"}]}, {"Node Type": "Index Scan", "Parent Relationship": "Inner", "Scan Direction": "Forward", "Index Name": "title_pkey", "Relation Name": "title", "Alias": "t", "Startup Cost": 0.0, "Total Cost": 0.31, "Plan Rows": 1, "Plan Width": 21, "Index Cond": "(id = mk.movie_id)", "Filter": "(((title)::text ~~ '%Money%'::text) AND (production_year = 1998))"}]}, {"Node Type": "Index Scan", "Parent Relationship": "Inner", "Scan Direction": "Forward", "Index Name": "movie_id_movie_companies", "Relation Name": "movie_companies", "Alias": "mc", "Startup Cost": 0.0, "Total Cost": 0.31, "Plan Rows": 2, "Plan Width": 12, "Index Cond": "(movie_id = mk.movie_id)", "Filter": "(note IS NULL)"}]}, {"Node Type": "Index Scan", "Parent Relationship": "Inner", "Scan Direction": "Forward", "Index Name": "company_name_pkey", "Relation Name": "company_name", "Alias": "cn", "Startup Cost": 0.0, "Total Cost": 0.29, "Plan Rows": 1, "Plan Width": 23, "Index Cond": "(id = mc.company_id)", "Filter": "(((country_code)::text <> '[pl]'::text) AND (((name)::text ~~ '%Film%'::text) OR ((name)::text ~~ '%Warner%'::text)))"}]}, {"Node Type": "Index Scan", "Parent Relationship": "Inner", "Scan Direction": "Forward", "Index Name": "company_type_pkey", "Relation Name": "company_type", "Alias": "ct", "Startup Cost": 0.0, "Total Cost": 0.27, "Plan Rows": 1, "Plan Width": 4, "Index Cond": "(id = mc.company_type_id)", "Filter": "((kind)::text = 'production companies'::text)"}]}, {"Node Type": "Index Scan", "Parent Relationship": "Inner", "Scan Direction": "Forward", "Index Name": "movie_id_movie_link", "Relation Name": "movie_link", "Alias": "ml", "Startup Cost": 0.0, "Total Cost": 0.35, "Plan Rows": 5, "Plan Width": 8, "Index Cond": "(movie_id = mk.movie_id)"}]}, {"Node Type": "Index Scan", "Parent Relationship": "Inner", "Scan Direction": "Forward", "Index Name": "link_type_pkey", "Relation Name": "link_type", "Alias": "lt", "Startup Cost": 0.0, "Total Cost": 0.27, "Plan Rows": 1, "Plan Width": 16, "Index Cond": "(id = ml.link_type_id)", "Filter": "((link)::text ~~ '%follows%'::text)"}]}]}, "Unique SQL Id": 4121279504}, "explain_analyze_plan": {"Plan": {"Node Type": "Aggregate", "Strategy": "Plain", "Startup Cost": 2585.63, "Total Cost": 2585.64, "Plan Rows": 1, "Plan Width": 144, "Actual Startup Time": 103.307, "Actual Total Time": 103.307, "Actual Rows": 1, "Actual Loops": 1, "Plans": [{"Node Type": "Nested Loop", "Parent Relationship": "Outer", "Join Type": "Inner", "Startup Cost": 0.0, "Total Cost": 2585.62, "Plan Rows": 1, "Plan Width": 48, "Actual Startup Time": 103.297, "Actual Total Time": 103.297, "Actual Rows": 0, "Actual Loops": 1, "Inner Unique": true, "Plans": [{"Node Type": "Nested Loop", "Parent Relationship": "Outer", "Join Type": "Inner", "Startup Cost": 0.0, "Total Cost": 2585.34, "Plan Rows": 1, "Plan Width": 40, "Actual Startup Time": 2.639, "Actual Total Time": 103.212, "Actual Rows": 38, "Actual Loops": 1, "Inner Unique": false, "Join Filter": "(t.id = ml.movie_id)", "Rows Removed by Join Filter": 0, "Plans": [{"Node Type": "Nested Loop", "Parent Relationship": "Outer", "Join Type": "Inner", "Startup Cost": 0.0, "Total Cost": 2584.93, "Plan Rows": 1, "Plan Width": 48, "Actual Startup Time": 2.628, "Actual Total Time": 103.169, "Actual Rows": 2, "Actual Loops": 1, "Inner Unique": true, "Plans": [{"Node Type": "Nested Loop", "Parent Relationship": "Outer", "Join Type": "Inner", "Startup Cost": 0.0, "Total Cost": 2584.64, "Plan Rows": 1, "Plan Width": 52, "Actual Startup Time": 2.62, "Actual Total Time": 103.156, "Actual Rows": 2, "Actual Loops": 1, "Inner Unique": true, "Plans": [{"Node Type": "Nested Loop", "Parent Relationship": "Outer", "Join Type": "Inner", "Startup Cost": 0.0, "Total Cost": 2584.35, "Plan Rows": 1, "Plan Width": 37, "Actual Startup Time": 2.606, "Actual Total Time": 103.125, "Actual Rows": 3, "Actual Loops": 1, "Inner Unique": false, "Join Filter": "(t.id = mc.movie_id)", "Rows Removed by Join Filter": 0, "Plans": [{"Node Type": "Nested Loop", "Parent Relationship": "Outer", "Join Type": "Inner", "Startup Cost": 0.0, "Total Cost": 2584.01, "Plan Rows": 1, "Plan Width": 25, "Actual Startup Time": 2.585, "Actual Total Time": 103.101, "Actual Rows": 1, "Actual Loops": 1, "Inner Unique": true, "Plans": [{"Node Type": "Nested Loop", "Parent Relationship": "Outer", "Join Type": "Inner", "Startup Cost": 0.0, "Total Cost": 2573.32, "Plan Rows": 33, "Plan Width": 4, "Actual Startup Time": 2.346, "Actual Total Time": 53.642, "Actual Rows": 10544, "Actual Loops": 1, "Inner Unique": false, "Plans": [{"Node Type": "Seq Scan", "Parent Relationship": "Outer", "Relation Name": "keyword", "Alias": "k", "Startup Cost": 0.0, "Total Cost": 2436.11, "Plan Rows": 1, "Plan Width": 4, "Actual Startup Time": 2.306, "Actual Total Time": 40.515, "Actual Rows": 1, "Actual Loops": 1, "Filter": "((keyword)::text = 'sequel'::text)", "Rows Removed by Filter": 134168}, {"Node Type": "Index Scan", "Parent Relationship": "Inner", "Scan Direction": "Forward", "Index Name": "keyword_id_movie_keyword", "Relation Name": "movie_keyword", "Alias": "mk", "Startup Cost": 0.0, "Total Cost": 136.88, "Plan Rows": 33, "Plan Width": 8, "Actual Startup Time": 0.034, "Actual Total Time": 10.877, "Actual Rows": 10544, "Actual Loops": 1, "Index Cond": "(keyword_id = k.id)", "Rows Removed by Index Recheck": 0}]}, {"Node Type": "Index Scan", "Parent Relationship": "Inner", "Scan Direction": "Forward", "Index Name": "title_pkey", "Relation Name": "title", "Alias": "t", "Startup Cost": 0.0, "Total Cost": 0.31, "Plan Rows": 1, "Plan Width": 21, "Actual Startup Time": 44.242, "Actual Total Time": 44.242, "Actual Rows": 1, "Actual Loops": 10544, "Index Cond": "(id = mk.movie_id)", "Rows Removed by Index Recheck": 0, "Filter": "(((title)::text ~~ '%Money%'::text) AND (production_year = 1998))", "Rows Removed by Filter": 10543}]}, {"Node Type": "Index Scan", "Parent Relationship": "Inner", "Scan Direction": "Forward", "Index Name": "movie_id_movie_companies", "Relation Name": "movie_companies", "Alias": "mc", "Startup Cost": 0.0, "Total Cost": 0.31, "Plan Rows": 2, "Plan Width": 12, "Actual Startup Time": 0.011, "Actual Total Time": 0.013, "Actual Rows": 3, "Actual Loops": 1, "Index Cond": "(movie_id = mk.movie_id)", "Rows Removed by Index Recheck": 0, "Filter": "(note IS NULL)", "Rows Removed by Filter": 1}]}, {"Node Type": "Index Scan", "Parent Relationship": "Inner", "Scan Direction": "Forward", "Index Name": "company_name_pkey", "Relation Name": "company_name", "Alias": "cn", "Startup Cost": 0.0, "Total Cost": 0.29, "Plan Rows": 1, "Plan Width": 23, "Actual Startup Time": 0.026, "Actual Total Time": 0.026, "Actual Rows": 2, "Actual Loops": 3, "Index Cond": "(id = mc.company_id)", "Rows Removed by Index Recheck": 0, "Filter": "(((country_code)::text <> '[pl]'::text) AND (((name)::text ~~ '%Film%'::text) OR ((name)::text ~~ '%Warner%'::text)))", "Rows Removed by Filter": 1}]}, {"Node Type": "Index Scan", "Parent Relationship": "Inner", "Scan Direction": "Forward", "Index Name": "company_type_pkey", "Relation Name": "company_type", "Alias": "ct", "Startup Cost": 0.0, "Total Cost": 0.27, "Plan Rows": 1, "Plan Width": 4, "Actual Startup Time": 0.008, "Actual Total Time": 0.008, "Actual Rows": 2, "Actual Loops": 2, "Index Cond": "(id = mc.company_type_id)", "Rows Removed by Index Recheck": 0, "Filter": "((kind)::text = 'production companies'::text)", "Rows Removed by Filter": 0}]}, {"Node Type": "Index Scan", "Parent Relationship": "Inner", "Scan Direction": "Forward", "Index Name": "movie_id_movie_link", "Relation Name": "movie_link", "Alias": "ml", "Startup Cost": 0.0, "Total Cost": 0.35, "Plan Rows": 5, "Plan Width": 8, "Actual Startup Time": 0.012, "Actual Total Time": 0.025, "Actual Rows": 38, "Actual Loops": 2, "Index Cond": "(movie_id = mk.movie_id)", "Rows Removed by Index Recheck": 0}]}, {"Node Type": "Index Scan", "Parent Relationship": "Inner", "Scan Direction": "Forward", "Index Name": "link_type_pkey", "Relation Name": "link_type", "Alias": "lt", "Startup Cost": 0.0, "Total Cost": 0.27, "Plan Rows": 1, "Plan Width": 16, "Actual Startup Time": 0.065, "Actual Total Time": 0.065, "Actual Rows": 0, "Actual Loops": 38, "Index Cond": "(id = ml.link_type_id)", "Rows Removed by Index Recheck": 0, "Filter": "((link)::text ~~ '%follows%'::text)", "Rows Removed by Filter": 24}]}]}, "Triggers": [], "Planner Runtime": 83.831, "Total Runtime": 103.68, "Unique SQL Id": 4121279504}}, "(16, 73)": {"explain_plan": {"Plan": {"Node Type": "Aggregate", "Strategy": "Plain", "Startup Cost": 3332.23, "Total Cost": 3332.24, "Plan Rows": 1, "Plan Width": 144, "Plans": [{"Node Type": "Nested Loop", "Parent Relationship": "Outer", "Join Type": "Inner", "Startup Cost": 0.0, "Total Cost": 3332.23, "Plan Rows": 1, "Plan Width": 48, "Inner Unique": true, "Plans": [{"Node Type": "Nested Loop", "Parent Relationship": "Outer", "Join Type": "Inner", "Startup Cost": 0.0, "Total Cost": 3331.94, "Plan Rows": 1, "Plan Width": 40, "Inner Unique": false, "Join Filter": "(t.id = ml.movie_id)", "Plans": [{"Node Type": "Nested Loop", "Parent Relationship": "Outer", "Join Type": "Inner", "Startup Cost": 0.0, "Total Cost": 3331.53, "Plan Rows": 1, "Plan Width": 48, "Inner Unique": true, "Plans": [{"Node Type": "Nested Loop", "Parent Relationship": "Outer", "Join Type": "Inner", "Startup Cost": 0.0, "Total Cost": 3331.25, "Plan Rows": 1, "Plan Width": 52, "Inner Unique": true, "Plans": [{"Node Type": "Nested Loop", "Parent Relationship": "Outer", "Join Type": "Inner", "Startup Cost": 0.0, "Total Cost": 3330.95, "Plan Rows": 1, "Plan Width": 37, "Inner Unique": false, "Join Filter": "(t.id = mc.movie_id)", "Plans": [{"Node Type": "Nested Loop", "Parent Relationship": "Outer", "Join Type": "Inner", "Startup Cost": 0.0, "Total Cost": 3330.61, "Plan Rows": 1, "Plan Width": 25, "Inner Unique": true, "Plans": [{"Node Type": "Nested Loop", "Parent Relationship": "Outer", "Join Type": "Inner", "Startup Cost": 0.0, "Total Cost": 3319.92, "Plan Rows": 33, "Plan Width": 4, "Inner Unique": false, "Plans": [{"Node Type": "Index Scan", "Parent Relationship": "Outer", "Scan Direction": "Forward", "Index Name": "keyword_pkey", "Relation Name": "keyword", "Alias": "k", "Startup Cost": 0.0, "Total Cost": 3182.72, "Plan Rows": 1, "Plan Width": 4, "Filter": "((keyword)::text = 'sequel'::text)"}, {"Node Type": "Index Scan", "Parent Relationship": "Inner", "Scan Direction": "Forward", "Index Name": "keyword_id_movie_keyword", "Relation Name": "movie_keyword", "Alias": "mk", "Startup Cost": 0.0, "Total Cost": 136.88, "Plan Rows": 33, "Plan Width": 8, "Index Cond": "(keyword_id = k.id)"}]}, {"Node Type": "Index Scan", "Parent Relationship": "Inner", "Scan Direction": "Forward", "Index Name": "title_pkey", "Relation Name": "title", "Alias": "t", "Startup Cost": 0.0, "Total Cost": 0.31, "Plan Rows": 1, "Plan Width": 21, "Index Cond": "(id = mk.movie_id)", "Filter": "(((title)::text ~~ '%Money%'::text) AND (production_year = 1998))"}]}, {"Node Type": "Index Scan", "Parent Relationship": "Inner", "Scan Direction": "Forward", "Index Name": "movie_id_movie_companies", "Relation Name": "movie_companies", "Alias": "mc", "Startup Cost": 0.0, "Total Cost": 0.31, "Plan Rows": 2, "Plan Width": 12, "Index Cond": "(movie_id = mk.movie_id)", "Filter": "(note IS NULL)"}]}, {"Node Type": "Index Scan", "Parent Relationship": "Inner", "Scan Direction": "Forward", "Index Name": "company_name_pkey", "Relation Name": "company_name", "Alias": "cn", "Startup Cost": 0.0, "Total Cost": 0.29, "Plan Rows": 1, "Plan Width": 23, "Index Cond": "(id = mc.company_id)", "Filter": "(((country_code)::text <> '[pl]'::text) AND (((name)::text ~~ '%Film%'::text) OR ((name)::text ~~ '%Warner%'::text)))"}]}, {"Node Type": "Index Scan", "Parent Relationship": "Inner", "Scan Direction": "Forward", "Index Name": "company_type_pkey", "Relation Name": "company_type", "Alias": "ct", "Startup Cost": 0.0, "Total Cost": 0.27, "Plan Rows": 1, "Plan Width": 4, "Index Cond": "(id = mc.company_type_id)", "Filter": "((kind)::text = 'production companies'::text)"}]}, {"Node Type": "Index Scan", "Parent Relationship": "Inner", "Scan Direction": "Forward", "Index Name": "movie_id_movie_link", "Relation Name": "movie_link", "Alias": "ml", "Startup Cost": 0.0, "Total Cost": 0.35, "Plan Rows": 5, "Plan Width": 8, "Index Cond": "(movie_id = mk.movie_id)"}]}, {"Node Type": "Index Scan", "Parent Relationship": "Inner", "Scan Direction": "Forward", "Index Name": "link_type_pkey", "Relation Name": "link_type", "Alias": "lt", "Startup Cost": 0.0, "Total Cost": 0.27, "Plan Rows": 1, "Plan Width": 16, "Index Cond": "(id = ml.link_type_id)", "Filter": "((link)::text ~~ '%follows%'::text)"}]}]}, "Unique SQL Id": 4121279504}, "explain_analyze_plan": {"Plan": {"Node Type": "Aggregate", "Strategy": "Plain", "Startup Cost": 3332.23, "Total Cost": 3332.24, "Plan Rows": 1, "Plan Width": 144, "Actual Startup Time": 178.629, "Actual Total Time": 178.63, "Actual Rows": 1, "Actual Loops": 1, "Plans": [{"Node Type": "Nested Loop", "Parent Relationship": "Outer", "Join Type": "Inner", "Startup Cost": 0.0, "Total Cost": 3332.23, "Plan Rows": 1, "Plan Width": 48, "Actual Startup Time": 178.619, "Actual Total Time": 178.619, "Actual Rows": 0, "Actual Loops": 1, "Inner Unique": true, "Plans": [{"Node Type": "Nested Loop", "Parent Relationship": "Outer", "Join Type": "Inner", "Startup Cost": 0.0, "Total Cost": 3331.94, "Plan Rows": 1, "Plan Width": 40, "Actual Startup Time": 0.759, "Actual Total Time": 178.535, "Actual Rows": 38, "Actual Loops": 1, "Inner Unique": false, "Join Filter": "(t.id = ml.movie_id)", "Rows Removed by Join Filter": 0, "Plans": [{"Node Type": "Nested Loop", "Parent Relationship": "Outer", "Join Type": "Inner", "Startup Cost": 0.0, "Total Cost": 3331.53, "Plan Rows": 1, "Plan Width": 48, "Actual Startup Time": 0.75, "Actual Total Time": 178.493, "Actual Rows": 2, "Actual Loops": 1, "Inner Unique": true, "Plans": [{"Node Type": "Nested Loop", "Parent Relationship": "Outer", "Join Type": "Inner", "Startup Cost": 0.0, "Total Cost": 3331.25, "Plan Rows": 1, "Plan Width": 52, "Actual Startup Time": 0.743, "Actual Total Time": 178.481, "Actual Rows": 2, "Actual Loops": 1, "Inner Unique": true, "Plans": [{"Node Type": "Nested Loop", "Parent Relationship": "Outer", "Join Type": "Inner", "Startup Cost": 0.0, "Total Cost": 3330.95, "Plan Rows": 1, "Plan Width": 37, "Actual Startup Time": 0.723, "Actual Total Time": 178.447, "Actual Rows": 3, "Actual Loops": 1, "Inner Unique": false, "Join Filter": "(t.id = mc.movie_id)", "Rows Removed by Join Filter": 0, "Plans": [{"Node Type": "Nested Loop", "Parent Relationship": "Outer", "Join Type": "Inner", "Startup Cost": 0.0, "Total Cost": 3330.61, "Plan Rows": 1, "Plan Width": 25, "Actual Startup Time": 0.709, "Actual Total Time": 178.428, "Actual Rows": 1, "Actual Loops": 1, "Inner Unique": true, "Plans": [{"Node Type": "Nested Loop", "Parent Relationship": "Outer", "Join Type": "Inner", "Startup Cost": 0.0, "Total Cost": 3319.92, "Plan Rows": 33, "Plan Width": 4, "Actual Startup Time": 0.479, "Actual Total Time": 127.522, "Actual Rows": 10544, "Actual Loops": 1, "Inner Unique": false, "Plans": [{"Node Type": "Index Scan", "Parent Relationship": "Outer", "Scan Direction": "Forward", "Index Name": "keyword_pkey", "Relation Name": "keyword", "Alias": "k", "Startup Cost": 0.0, "Total Cost": 3182.72, "Plan Rows": 1, "Plan Width": 4, "Actual Startup Time": 0.446, "Actual Total Time": 114.274, "Actual Rows": 1, "Actual Loops": 1, "Filter": "((keyword)::text = 'sequel'::text)", "Rows Removed by Filter": 134168}, {"Node Type": "Index Scan", "Parent Relationship": "Inner", "Scan Direction": "Forward", "Index Name": "keyword_id_movie_keyword", "Relation Name": "movie_keyword", "Alias": "mk", "Startup Cost": 0.0, "Total Cost": 136.88, "Plan Rows": 33, "Plan Width": 8, "Actual Startup Time": 0.026, "Actual Total Time": 10.894, "Actual Rows": 10544, "Actual Loops": 1, "Index Cond": "(keyword_id = k.id)", "Rows Removed by Index Recheck": 0}]}, {"Node Type": "Index Scan", "Parent Relationship": "Inner", "Scan Direction": "Forward", "Index Name": "title_pkey", "Relation Name": "title", "Alias": "t", "Startup Cost": 0.0, "Total Cost": 0.31, "Plan Rows": 1, "Plan Width": 21, "Actual Startup Time": 45.684, "Actual Total Time": 45.684, "Actual Rows": 1, "Actual Loops": 10544, "Index Cond": "(id = mk.movie_id)", "Rows Removed by Index Recheck": 0, "Filter": "(((title)::text ~~ '%Money%'::text) AND (production_year = 1998))", "Rows Removed by Filter": 10543}]}, {"Node Type": "Index Scan", "Parent Relationship": "Inner", "Scan Direction": "Forward", "Index Name": "movie_id_movie_companies", "Relation Name": "movie_companies", "Alias": "mc", "Startup Cost": 0.0, "Total Cost": 0.31, "Plan Rows": 2, "Plan Width": 12, "Actual Startup Time": 0.011, "Actual Total Time": 0.012, "Actual Rows": 3, "Actual Loops": 1, "Index Cond": "(movie_id = mk.movie_id)", "Rows Removed by Index Recheck": 0, "Filter": "(note IS NULL)", "Rows Removed by Filter": 1}]}, {"Node Type": "Index Scan", "Parent Relationship": "Inner", "Scan Direction": "Forward", "Index Name": "company_name_pkey", "Relation Name": "company_name", "Alias": "cn", "Startup Cost": 0.0, "Total Cost": 0.29, "Plan Rows": 1, "Plan Width": 23, "Actual Startup Time": 0.031, "Actual Total Time": 0.031, "Actual Rows": 2, "Actual Loops": 3, "Index Cond": "(id = mc.company_id)", "Rows Removed by Index Recheck": 0, "Filter": "(((country_code)::text <> '[pl]'::text) AND (((name)::text ~~ '%Film%'::text) OR ((name)::text ~~ '%Warner%'::text)))", "Rows Removed by Filter": 1}]}, {"Node Type": "Index Scan", "Parent Relationship": "Inner", "Scan Direction": "Forward", "Index Name": "company_type_pkey", "Relation Name": "company_type", "Alias": "ct", "Startup Cost": 0.0, "Total Cost": 0.27, "Plan Rows": 1, "Plan Width": 4, "Actual Startup Time": 0.007, "Actual Total Time": 0.007, "Actual Rows": 2, "Actual Loops": 2, "Index Cond": "(id = mc.company_type_id)", "Rows Removed by Index Recheck": 0, "Filter": "((kind)::text = 'production companies'::text)", "Rows Removed by Filter": 0}]}, {"Node Type": "Index Scan", "Parent Relationship": "Inner", "Scan Direction": "Forward", "Index Name": "movie_id_movie_link", "Relation Name": "movie_link", "Alias": "ml", "Startup Cost": 0.0, "Total Cost": 0.35, "Plan Rows": 5, "Plan Width": 8, "Actual Startup Time": 0.011, "Actual Total Time": 0.023, "Actual Rows": 38, "Actual Loops": 2, "Index Cond": "(movie_id = mk.movie_id)", "Rows Removed by Index Recheck": 0}]}, {"Node Type": "Index Scan", "Parent Relationship": "Inner", "Scan Direction": "Forward", "Index Name": "link_type_pkey", "Relation Name": "link_type", "Alias": "lt", "Startup Cost": 0.0, "Total Cost": 0.27, "Plan Rows": 1, "Plan Width": 16, "Actual Startup Time": 0.062, "Actual Total Time": 0.062, "Actual Rows": 0, "Actual Loops": 38, "Index Cond": "(id = ml.link_type_id)", "Rows Removed by Index Recheck": 0, "Filter": "((link)::text ~~ '%follows%'::text)", "Rows Removed by Filter": 24}]}]}, "Triggers": [], "Planner Runtime": 72.754, "Total Runtime": 179.024, "Unique SQL Id": 4121279504}}, "(16, 74)": {"explain_plan": {"Plan": {"Node Type": "Aggregate", "Strategy": "Plain", "Startup Cost": 98506.76, "Total Cost": 98506.77, "Plan Rows": 1, "Plan Width": 144, "Plans": [{"Node Type": "Hash Join", "Parent Relationship": "Outer", "Join Type": "Inner", "Startup Cost": 63894.21, "Total Cost": 98506.75, "Plan Rows": 1, "Plan Width": 48, "Inner Unique": true, "Hash Cond": "(mc.company_type_id = ct.id)", "Plans": [{"Node Type": "Hash Join", "Parent Relationship": "Outer", "Join Type": "Inner", "Startup Cost": 63893.16, "Total Cost": 98505.69, "Plan Rows": 1, "Plan Width": 52, "Inner Unique": true, "Hash Cond": "(mc.company_id = cn.id)", "Plans": [{"Node Type": "Streaming(type: LOCAL GATHER dop: 1/16)", "Parent Relationship": "Outer", "Startup Cost": 56094.74, "Total Cost": 90707.25, "Plan Rows": 1, "Plan Width": 37, "Plans": [{"Node Type": "Hash Join", "Parent Relationship": "Outer", "Join Type": "Inner", "Startup Cost": 56094.74, "Total Cost": 90707.23, "Plan Rows": 1, "Plan Width": 37, "Inner Unique": false, "Hash Cond": "(ml.movie_id = mc.movie_id)", "Plans": [{"Node Type": "Streaming(type: BROADCAST dop: 16/1)", "Parent Relationship": "Outer", "Startup Cost": 37489.38, "Total Cost": 72101.84, "Plan Rows": 16, "Plan Width": 41, "Plans": [{"Node Type": "Hash Join", "Parent Relationship": "Outer", "Join Type": "Inner", "Startup Cost": 37489.38, "Total Cost": 57101.49, "Plan Rows": 1, "Plan Width": 41, "Inner Unique": true, "Hash Cond": "(ml.link_type_id = lt.id)", "Plans": [{"Node Type": "Hash Join", "Parent Relationship": "Outer", "Join Type": "Inner", "Startup Cost": 37488.15, "Total Cost": 57100.25, "Plan Rows": 3, "Plan Width": 33, "Inner Unique": false, "Hash Cond": "(mk.movie_id = ml.movie_id)", "Plans": [{"Node Type": "Streaming(type: LOCAL GATHER dop: 1/16)", "Parent Relationship": "Outer", "Startup Cost": 17436.47, "Total Cost": 37048.41, "Plan Rows": 33, "Plan Width": 4, "Plans": [{"Node Type": "Hash Join", "Parent Relationship": "Outer", "Join Type": "Inner", "Startup Cost": 17436.47, "Total Cost": 37047.7, "Plan Rows": 33, "Plan Width": 4, "Inner Unique": true, "Hash Cond": "(mk.keyword_id = k.id)", "Plans": [{"Node Type": "Seq Scan", "Parent Relationship": "Outer", "Relation Name": "movie_keyword", "Alias": "mk", "Startup Cost": 0.0, "Total Cost": 18902.58, "Plan Rows": 4523929, "Plan Width": 8}, {"Node Type": "Hash", "Parent Relationship": "Inner", "Startup Cost": 17436.46, "Total Cost": 17436.46, "Plan Rows": 16, "Plan Width": 4, "Plans": [{"Node Type": "Streaming(type: BROADCAST dop: 16/1)", "Parent Relationship": "Outer", "Startup Cost": 0.0, "Total Cost": 17436.46, "Plan Rows": 16, "Plan Width": 4, "Plans": [{"Node Type": "Seq Scan", "Parent Relationship": "Outer", "Relation Name": "keyword", "Alias": "k", "Startup Cost": 0.0, "Total Cost": 2436.11, "Plan Rows": 1, "Plan Width": 4, "Filter": "((keyword)::text = 'sequel'::text)"}]}]}]}]}, {"Node Type": "Hash", "Parent Relationship": "Inner", "Startup Cost": 20051.44, "Total Cost": 20051.44, "Plan Rows": 19, "Plan Width": 29, "Plans": [{"Node Type": "Hash Join", "Parent Relationship": "Outer", "Join Type": "Inner", "Startup Cost": 19544.55, "Total Cost": 20051.44, "Plan Rows": 19, "Plan Width": 29, "Inner Unique": true, "Hash Cond": "(ml.movie_id = t.id)", "Plans": [{"Node Type": "Seq Scan", "Parent Relationship": "Outer", "Relation Name": "movie_link", "Alias": "ml", "Startup Cost": 0.0, "Total Cost": 430.96, "Plan Rows": 29996, "Plan Width": 8}, {"Node Type": "Hash", "Parent Relationship": "Inner", "Startup Cost": 19544.5, "Total Cost": 19544.5, "Plan Rows": 4, "Plan Width": 21, "Plans": [{"Node Type": "Streaming(type: LOCAL GATHER dop: 1/16)", "Parent Relationship": "Outer", "Startup Cost": 0.0, "Total Cost": 19544.5, "Plan Rows": 4, "Plan Width": 21, "Plans": [{"Node Type": "Seq Scan", "Parent Relationship": "Outer", "Relation Name": "title", "Alias": "t", "Startup Cost": 0.0, "Total Cost": 19544.42, "Plan Rows": 4, "Plan Width": 21, "Filter": "(((title)::text ~~ '%Money%'::text) AND (production_year = 1998))"}]}]}]}]}]}, {"Node Type": "Hash", "Parent Relationship": "Inner", "Startup Cost": 1.21, "Total Cost": 1.21, "Plan Rows": 1, "Plan Width": 16, "Plans": [{"Node Type": "Seq Scan", "Parent Relationship": "Outer", "Relation Name": "link_type", "Alias": "lt", "Startup Cost": 0.0, "Total Cost": 1.21, "Plan Rows": 1, "Plan Width": 16, "Filter": "((link)::text ~~ '%follows%'::text)"}]}]}]}, {"Node Type": "Hash", "Parent Relationship": "Inner", "Startup Cost": 17613.58, "Total Cost": 17613.58, "Plan Rows": 1269486, "Plan Width": 12, "Plans": [{"Node Type": "Seq Scan", "Parent Relationship": "Outer", "Relation Name": "movie_companies", "Alias": "mc", "Startup Cost": 0.0, "Total Cost": 17613.58, "Plan Rows": 1269486, "Plan Width": 12, "Filter": "(note IS NULL), (LLVM Optimized)"}]}]}]}, {"Node Type": "Hash", "Parent Relationship": "Inner", "Startup Cost": 7078.43, "Total Cost": 7078.43, "Plan Rows": 57599, "Plan Width": 23, "Plans": [{"Node Type": "Seq Scan", "Parent Relationship": "Outer", "Relation Name": "company_name", "Alias": "cn", "Startup Cost": 0.0, "Total Cost": 7078.43, "Plan Rows": 57599, "Plan Width": 23, "Filter": "(((country_code)::text <> '[pl]'::text) AND (((name)::text ~~ '%Film%'::text) OR ((name)::text ~~ '%Warner%'::text)))"}]}]}, {"Node Type": "Hash", "Parent Relationship": "Inner", "Startup Cost": 1.04, "Total Cost": 1.04, "Plan Rows": 1, "Plan Width": 4, "Plans": [{"Node Type": "Seq Scan", "Parent Relationship": "Outer", "Relation Name": "company_type", "Alias": "ct", "Startup Cost": 0.0, "Total Cost": 1.04, "Plan Rows": 1, "Plan Width": 4, "Filter": "((kind)::text = 'production companies'::text)"}]}]}]}, "Unique SQL Id": 4121279504}, "explain_analyze_plan": {"Plan": {"Node Type": "Aggregate", "Strategy": "Plain", "Startup Cost": 98506.76, "Total Cost": 98506.77, "Plan Rows": 1, "Plan Width": 144, "Actual Min Startup Time": 180.854, "Actual Max Startup Time": 180.854, "Actual Min Total Time": 180.855, "Actual Max Total Time": 180.855, "Actual Total Rows": 1, "Plans": [{"Node Type": "Hash Join", "Parent Relationship": "Outer", "Join Type": "Inner", "Startup Cost": 63894.21, "Total Cost": 98506.75, "Plan Rows": 1, "Plan Width": 48, "Actual Min Startup Time": 180.843, "Actual Max Startup Time": 180.843, "Actual Min Total Time": 180.843, "Actual Max Total Time": 180.843, "Actual Total Rows": 0, "Inner Unique": true, "Hash Cond": "(mc.company_type_id = ct.id)", "Plans": [{"Node Type": "Hash Join", "Parent Relationship": "Outer", "Join Type": "Inner", "Startup Cost": 63893.16, "Total Cost": 98505.69, "Plan Rows": 1, "Plan Width": 52, "Actual Min Startup Time": 180.601, "Actual Max Startup Time": 180.601, "Actual Min Total Time": 180.601, "Actual Max Total Time": 180.601, "Actual Total Rows": 0, "Inner Unique": true, "Hash Cond": "(mc.company_id = cn.id)", "Plans": [{"Node Type": "Streaming(type: LOCAL GATHER dop: 1/16)", "Parent Relationship": "Outer", "Startup Cost": 56094.74, "Total Cost": 90707.25, "Plan Rows": 1, "Plan Width": 37, "Actual Min Startup Time": 0.029, "Actual Max Startup Time": 0.029, "Actual Min Total Time": 0.029, "Actual Max Total Time": 0.029, "Actual Total Rows": 0, "Plans": [{"Node Type": "Hash Join", "Parent Relationship": "Outer", "Join Type": "Inner", "Startup Cost": 56094.74, "Total Cost": 90707.23, "Plan Rows": 1, "Plan Width": 37, "Actual Min Startup Time": 58.496, "Actual Max Startup Time": 73.277, "Actual Min Total Time": 58.496, "Actual Max Total Time": 73.277, "Actual Total Rows": 0, "Inner Unique": false, "Hash Cond": "(ml.movie_id = mc.movie_id)", "Plans": [{"Node Type": "Streaming(type: BROADCAST dop: 16/1)", "Parent Relationship": "Outer", "Startup Cost": 37489.38, "Total Cost": 72101.84, "Plan Rows": 16, "Plan Width": 41, "Actual Min Startup Time": 0.003, "Actual Max Startup Time": 0.008, "Actual Min Total Time": 0.003, "Actual Max Total Time": 0.008, "Actual Total Rows": 0, "Plans": [{"Node Type": "Hash Join", "Parent Relationship": "Outer", "Join Type": "Inner", "Startup Cost": 37489.38, "Total Cost": 57101.49, "Plan Rows": 1, "Plan Width": 41, "Actual Min Startup Time": 0.107, "Actual Max Startup Time": 0.107, "Actual Min Total Time": 0.107, "Actual Max Total Time": 0.107, "Actual Total Rows": 0, "Inner Unique": true, "Hash Cond": "(ml.link_type_id = lt.id)", "Plans": [{"Node Type": "Hash Join", "Parent Relationship": "Outer", "Join Type": "Inner", "Startup Cost": 37488.15, "Total Cost": 57100.25, "Plan Rows": 3, "Plan Width": 33, "Actual Startup Time": 0.0, "Actual Total Time": 0.0, "Inner Unique": false, "Hash Cond": "(mk.movie_id = ml.movie_id)", "Plans": [{"Node Type": "Streaming(type: LOCAL GATHER dop: 1/16)", "Parent Relationship": "Outer", "Startup Cost": 17436.47, "Total Cost": 37048.41, "Plan Rows": 33, "Plan Width": 4, "Actual Startup Time": 0.0, "Actual Total Time": 0.0, "Plans": [{"Node Type": "Hash Join", "Parent Relationship": "Outer", "Join Type": "Inner", "Startup Cost": 17436.47, "Total Cost": 37047.7, "Plan Rows": 33, "Plan Width": 4, "Actual Min Startup Time": 39.452, "Actual Max Startup Time": 61.641, "Actual Min Total Time": 39.452, "Actual Max Total Time": 61.641, "Actual Total Rows": 16, "Inner Unique": true, "Hash Cond": "(mk.keyword_id = k.id)", "Plans": [{"Node Type": "Seq Scan", "Parent Relationship": "Outer", "Relation Name": "movie_keyword", "Alias": "mk", "Startup Cost": 0.0, "Total Cost": 18902.58, "Plan Rows": 4523929, "Plan Width": 8, "Actual Min Startup Time": 0.053, "Actual Max Startup Time": 0.076, "Actual Min Total Time": 0.063, "Actual Max Total Time": 6.195, "Actual Total Rows": 91562}, {"Node Type": "Hash", "Parent Relationship": "Inner", "Startup Cost": 17436.46, "Total Cost": 17436.46, "Plan Rows": 16, "Plan Width": 4, "Actual Min Startup Time": 38.945, "Actual Max Startup Time": 60.674, "Actual Min Total Time": 38.945, "Actual Max Total Time": 60.674, "Actual Total Rows": 16, "Max Hash Buckets": 32768, "Min Hash Buckets": 32768, "Max Hash Batches": 1, "Min Hash Batches": 1, "Max Original Hash Batches": 1, "Min Original Hash Batches": 1, "Max Peak Memory Usage": 1, "min Peak Memory Usage": 1, "Plans": [{"Node Type": "Streaming(type: BROADCAST dop: 16/1)", "Parent Relationship": "Outer", "Startup Cost": 0.0, "Total Cost": 17436.46, "Plan Rows": 16, "Plan Width": 4, "Actual Min Startup Time": 38.931, "Actual Max Startup Time": 60.664, "Actual Min Total Time": 38.932, "Actual Max Total Time": 60.665, "Actual Total Rows": 16, "Plans": [{"Node Type": "Seq Scan", "Parent Relationship": "Outer", "Relation Name": "keyword", "Alias": "k", "Startup Cost": 0.0, "Total Cost": 2436.11, "Plan Rows": 1, "Plan Width": 4, "Actual Min Startup Time": 2.418, "Actual Max Startup Time": 2.418, "Actual Min Total Time": 41.255, "Actual Max Total Time": 41.255, "Actual Total Rows": 1, "Filter": "((keyword)::text = 'sequel'::text)", "Rows Removed by Filter": 134168}]}]}]}]}, {"Node Type": "Hash", "Parent Relationship": "Inner", "Startup Cost": 20051.44, "Total Cost": 20051.44, "Plan Rows": 19, "Plan Width": 29, "Actual Startup Time": 0.0, "Actual Total Time": 0.0, "Max Hash Buckets": 0, "Min Hash Buckets": 0, "Max Hash Batches": 0, "Min Hash Batches": 0, "Max Original Hash Batches": 0, "Min Original Hash Batches": 0, "Max Peak Memory Usage": 0, "min Peak Memory Usage": 0, "Plans": [{"Node Type": "Hash Join", "Parent Relationship": "Outer", "Join Type": "Inner", "Startup Cost": 19544.55, "Total Cost": 20051.44, "Plan Rows": 19, "Plan Width": 29, "Actual Startup Time": 0.0, "Actual Total Time": 0.0, "Inner Unique": true, "Hash Cond": "(ml.movie_id = t.id)", "Plans": [{"Node Type": "Seq Scan", "Parent Relationship": "Outer", "Relation Name": "movie_link", "Alias": "ml", "Startup Cost": 0.0, "Total Cost": 430.96, "Plan Rows": 29996, "Plan Width": 8, "Actual Startup Time": 0.0, "Actual Total Time": 0.0}, {"Node Type": "Hash", "Parent Relationship": "Inner", "Startup Cost": 19544.5, "Total Cost": 19544.5, "Plan Rows": 4, "Plan Width": 21, "Actual Startup Time": 0.0, "Actual Total Time": 0.0, "Max Hash Buckets": 0, "Min Hash Buckets": 0, "Max Hash Batches": 0, "Min Hash Batches": 0, "Max Original Hash Batches": 0, "Min Original Hash Batches": 0, "Max Peak Memory Usage": 0, "min Peak Memory Usage": 0, "Plans": [{"Node Type": "Streaming(type: LOCAL GATHER dop: 1/16)", "Parent Relationship": "Outer", "Startup Cost": 0.0, "Total Cost": 19544.5, "Plan Rows": 4, "Plan Width": 21, "Actual Startup Time": 0.0, "Actual Total Time": 0.0, "Plans": [{"Node Type": "Seq Scan", "Parent Relationship": "Outer", "Relation Name": "title", "Alias": "t", "Startup Cost": 0.0, "Total Cost": 19544.42, "Plan Rows": 4, "Plan Width": 21, "Actual Min Startup Time": 1.458, "Actual Max Startup Time": 64.188, "Actual Min Total Time": 8.373, "Actual Max Total Time": 64.188, "Actual Total Rows": 16, "Filter": "(((title)::text ~~ '%Money%'::text) AND (production_year = 1998))", "Rows Removed by Filter": 1196505}]}]}]}]}]}, {"Node Type": "Hash", "Parent Relationship": "Inner", "Startup Cost": 1.21, "Total Cost": 1.21, "Plan Rows": 1, "Plan Width": 16, "Actual Min Startup Time": 0.039, "Actual Max Startup Time": 0.039, "Actual Min Total Time": 0.039, "Actual Max Total Time": 0.039, "Actual Total Rows": 0, "Max Hash Buckets": 32768, "Min Hash Buckets": 32768, "Max Hash Batches": 1, "Min Hash Batches": 1, "Max Original Hash Batches": 1, "Min Original Hash Batches": 1, "Max Peak Memory Usage": 0, "min Peak Memory Usage": 0, "Plans": [{"Node Type": "Seq Scan", "Parent Relationship": "Outer", "Relation Name": "link_type", "Alias": "lt", "Startup Cost": 0.0, "Total Cost": 1.21, "Plan Rows": 1, "Plan Width": 16, "Actual Min Startup Time": 0.036, "Actual Max Startup Time": 0.036, "Actual Min Total Time": 0.036, "Actual Max Total Time": 0.036, "Actual Total Rows": 0, "Filter": "((link)::text ~~ '%follows%'::text)", "Rows Removed by Filter": 17}]}]}]}, {"Node Type": "Hash", "Parent Relationship": "Inner", "Startup Cost": 17613.58, "Total Cost": 17613.58, "Plan Rows": 1269486, "Plan Width": 12, "Actual Min Startup Time": 58.363, "Actual Max Startup Time": 73.139, "Actual Min Total Time": 58.363, "Actual Max Total Time": 73.139, "Actual Total Rows": 1271989, "Max Hash Buckets": 131072, "Min Hash Buckets": 131072, "Max Hash Batches": 1, "Min Hash Batches": 1, "Max Original Hash Batches": 1, "Min Original Hash Batches": 1, "Max Peak Memory Usage": 3560, "min Peak Memory Usage": 3560, "Plans": [{"Node Type": "Seq Scan", "Parent Relationship": "Outer", "Relation Name": "movie_companies", "Alias": "mc", "Startup Cost": 0.0, "Total Cost": 17613.58, "Plan Rows": 1269486, "Plan Width": 12, "Actual Min Startup Time": 0.026, "Actual Max Startup Time": 0.14, "Actual Min Total Time": 40.995, "Actual Max Total Time": 50.611, "Actual Total Rows": 1271989, "Filter": "(note IS NULL), (LLVM Optimized)", "Rows Removed by Filter": 1337139}]}]}]}, {"Node Type": "Hash", "Parent Relationship": "Inner", "Startup Cost": 7078.43, "Total Cost": 7078.43, "Plan Rows": 57599, "Plan Width": 23, "Actual Min Startup Time": 180.511, "Actual Max Startup Time": 180.511, "Actual Min Total Time": 180.511, "Actual Max Total Time": 180.511, "Actual Total Rows": 48302, "Max Hash Buckets": 65536, "Min Hash Buckets": 65536, "Max Hash Batches": 1, "Min Hash Batches": 1, "Max Original Hash Batches": 1, "Min Original Hash Batches": 1, "Max Peak Memory Usage": 2625, "min Peak Memory Usage": 2625, "Plans": [{"Node Type": "Seq Scan", "Parent Relationship": "Outer", "Relation Name": "company_name", "Alias": "cn", "Startup Cost": 0.0, "Total Cost": 7078.43, "Plan Rows": 57599, "Plan Width": 23, "Actual Min Startup Time": 0.036, "Actual Max Startup Time": 0.036, "Actual Min Total Time": 164.519, "Actual Max Total Time": 164.519, "Actual Total Rows": 48302, "Filter": "(((country_code)::text <> '[pl]'::text) AND (((name)::text ~~ '%Film%'::text) OR ((name)::text ~~ '%Warner%'::text)))", "Rows Removed by Filter": 186694}]}]}, {"Node Type": "Hash", "Parent Relationship": "Inner", "Startup Cost": 1.04, "Total Cost": 1.04, "Plan Rows": 1, "Plan Width": 4, "Actual Min Startup Time": 0.089, "Actual Max Startup Time": 0.089, "Actual Min Total Time": 0.089, "Actual Max Total Time": 0.089, "Actual Total Rows": 1, "Max Hash Buckets": 32768, "Min Hash Buckets": 32768, "Max Hash Batches": 1, "Min Hash Batches": 1, "Max Original Hash Batches": 1, "Min Original Hash Batches": 1, "Max Peak Memory Usage": 1, "min Peak Memory Usage": 1, "Plans": [{"Node Type": "Seq Scan", "Parent Relationship": "Outer", "Relation Name": "company_type", "Alias": "ct", "Startup Cost": 0.0, "Total Cost": 1.04, "Plan Rows": 1, "Plan Width": 4, "Actual Min Startup Time": 0.065, "Actual Max Startup Time": 0.065, "Actual Min Total Time": 0.07, "Actual Max Total Time": 0.07, "Actual Total Rows": 1, "Filter": "((kind)::text = 'production companies'::text)", "Rows Removed by Filter": 2}]}]}]}, "Triggers": [], "Planner Runtime": 364.143, "Total Runtime": 201.218, "Unique SQL Id": 4121279504}}, "(16, 75)": {"explain_plan": {"Plan": {"Node Type": "Aggregate", "Strategy": "Plain", "Startup Cost": 4403914050540.74, "Total Cost": 4403914050540.75, "Plan Rows": 1, "Plan Width": 144, "Plans": [{"Node Type": "Nested Loop", "Parent Relationship": "Outer", "Join Type": "Inner", "Startup Cost": 1091580966363.77, "Total Cost": 4403914050540.73, "Plan Rows": 1, "Plan Width": 48, "Inner Unique": true, "Plans": [{"Node Type": "Hash Join", "Parent Relationship": "Outer", "Join Type": "Inner", "Startup Cost": 1081580966363.77, "Total Cost": 3403914050511.91, "Plan Rows": 1, "Plan Width": 33, "Inner Unique": true, "Hash Cond": "(ml.link_type_id = lt.id)", "Plans": [{"Node Type": "Merge Join", "Parent Relationship": "Outer", "Join Type": "Inner", "Startup Cost": 81580965109.01, "Total Cost": 2403914049257.13, "Plan Rows": 3, "Plan Width": 25, "Inner Unique": false, "Merge Cond": "(mk.movie_id = ml.movie_id)", "Plans": [{"Node Type": "Merge Join", "Parent Relationship": "Outer", "Join Type": "Inner", "Startup Cost": 61580965109.01, "Total Cost": 40200287591422.09, "Plan Rows": 37, "Plan Width": 12, "Inner Unique": false, "Merge Cond": "(mc.movie_id = mk.movie_id)", "Plans": [{"Node Type": "Nested Loop", "Parent Relationship": "Outer", "Join Type": "Inner", "Startup Cost": 30000000000.0, "Total Cost": 20100130722186.7, "Plan Rows": 634743, "Plan Width": 8, "Inner Unique": true, "Join Filter": "(ct.id = mc.company_type_id), (LLVM Optimized)", "Plans": [{"Node Type": "Index Scan", "Parent Relationship": "Outer", "Scan Direction": "Forward", "Index Name": "movie_id_movie_companies", "Relation Name": "movie_companies", "Alias": "mc", "Startup Cost": 10000000000.0, "Total Cost": 1000013051946.13, "Plan Rows": 1269486, "Plan Width": 12, "Filter": "(note IS NULL), (LLVM Optimized)"}, {"Node Type": "Materialize", "Parent Relationship": "Inner", "Startup Cost": 10000000000.0, "Total Cost": 1000000001230.26, "Plan Rows": 1, "Plan Width": 4, "Plans": [{"Node Type": "Index Scan", "Parent Relationship": "Outer", "Scan Direction": "Forward", "Index Name": "company_type_pkey", "Relation Name": "company_type", "Alias": "ct", "Startup Cost": 10000000000.0, "Total Cost": 1000000001230.25, "Plan Rows": 1, "Plan Width": 4, "Filter": "((kind)::text = 'production companies'::text)"}]}]}, {"Node Type": "Materialize", "Parent Relationship": "Inner", "Startup Cost": 30000000000.0, "Total Cost": 20100156867647.98, "Plan Rows": 33, "Plan Width": 4, "Plans": [{"Node Type": "Nested Loop", "Parent Relationship": "Outer", "Join Type": "Inner", "Startup Cost": 30000000000.0, "Total Cost": 20100156867647.9, "Plan Rows": 33, "Plan Width": 4, "Inner Unique": true, "Join Filter": "(k.id = mk.keyword_id)", "Plans": [{"Node Type": "Index Scan", "Parent Relationship": "Outer", "Scan Direction": "Forward", "Index Name": "movie_id_movie_keyword", "Relation Name": "movie_keyword", "Alias": "mk", "Startup Cost": 10000000000.0, "Total Cost": 1000015300634.17, "Plan Rows": 4523929, "Plan Width": 8}, {"Node Type": "Materialize", "Parent Relationship": "Inner", "Startup Cost": 10000000000.0, "Total Cost": 1000000318271.69, "Plan Rows": 1, "Plan Width": 4, "Plans": [{"Node Type": "Index Scan", "Parent Relationship": "Outer", "Scan Direction": "Forward", "Index Name": "keyword_pkey", "Relation Name": "keyword", "Alias": "k", "Startup Cost": 10000000000.0, "Total Cost": 1000000318271.68, "Plan Rows": 1, "Plan Width": 4, "Filter": "((keyword)::text = 'sequel'::text)"}]}]}]}]}, {"Node Type": "Materialize", "Parent Relationship": "Inner", "Startup Cost": 20000000000.0, "Total Cost": 1257503175328.76, "Plan Rows": 19, "Plan Width": 29, "Plans": [{"Node Type": "Merge Join", "Parent Relationship": "Outer", "Join Type": "Inner", "Startup Cost": 20000000000.0, "Total Cost": 1257503175328.72, "Plan Rows": 19, "Plan Width": 29, "Inner Unique": true, "Merge Cond": "(ml.movie_id = t.id)", "Plans": [{"Node Type": "Index Scan", "Parent Relationship": "Outer", "Scan Direction": "Forward", "Index Name": "movie_id_movie_link", "Relation Name": "movie_link", "Alias": "ml", "Startup Cost": 10000000000.0, "Total Cost": 1000000106202.37, "Plan Rows": 29996, "Plan Width": 8}, {"Node Type": "Materialize", "Parent Relationship": "Inner", "Startup Cost": 10000000000.0, "Total Cost": 1000012276204.42, "Plan Rows": 4, "Plan Width": 21, "Plans": [{"Node Type": "Index Scan", "Parent Relationship": "Outer", "Scan Direction": "Forward", "Index Name": "title_pkey", "Relation Name": "title", "Alias": "t", "Startup Cost": 10000000000.0, "Total Cost": 1000012276204.41, "Plan Rows": 4, "Plan Width": 21, "Filter": "(((title)::text ~~ '%Money%'::text) AND (production_year = 1998))"}]}]}]}]}, {"Node Type": "Hash", "Parent Relationship": "Inner", "Startup Cost": 1000000001254.75, "Total Cost": 1000000001254.75, "Plan Rows": 1, "Plan Width": 16, "Plans": [{"Node Type": "Index Scan", "Parent Relationship": "Outer", "Scan Direction": "Forward", "Index Name": "link_type_pkey", "Relation Name": "link_type", "Alias": "lt", "Startup Cost": 10000000000.0, "Total Cost": 1000000001254.75, "Plan Rows": 1, "Plan Width": 16, "Filter": "((link)::text ~~ '%follows%'::text)"}]}]}, {"Node Type": "Index Scan", "Parent Relationship": "Inner", "Scan Direction": "Forward", "Index Name": "company_name_pkey", "Relation Name": "company_name", "Alias": "cn", "Startup Cost": 10000000000.0, "Total Cost": 1000000000028.81, "Plan Rows": 1, "Plan Width": 23, "Index Cond": "(id = mc.company_id)", "Filter": "(((country_code)::text <> '[pl]'::text) AND (((name)::text ~~ '%Film%'::text) OR ((name)::text ~~ '%Warner%'::text)))"}]}]}, "Unique SQL Id": 4121279504}, "explain_analyze_plan": {"Plan": {"Node Type": "Aggregate", "Strategy": "Plain", "Startup Cost": 4403914050540.74, "Total Cost": 4403914050540.75, "Plan Rows": 1, "Plan Width": 144, "Actual Startup Time": 444.556, "Actual Total Time": 444.556, "Actual Rows": 1, "Actual Loops": 1, "Plans": [{"Node Type": "Nested Loop", "Parent Relationship": "Outer", "Join Type": "Inner", "Startup Cost": 1091580966363.77, "Total Cost": 4403914050540.73, "Plan Rows": 1, "Plan Width": 48, "Actual Startup Time": 444.544, "Actual Total Time": 444.544, "Actual Rows": 0, "Actual Loops": 1, "Inner Unique": true, "Plans": [{"Node Type": "Hash Join", "Parent Relationship": "Outer", "Join Type": "Inner", "Startup Cost": 1081580966363.77, "Total Cost": 3403914050511.91, "Plan Rows": 1, "Plan Width": 33, "Actual Startup Time": 444.517, "Actual Total Time": 444.517, "Actual Rows": 0, "Actual Loops": 1, "Inner Unique": true, "Hash Cond": "(ml.link_type_id = lt.id)", "Plans": [{"Node Type": "Merge Join", "Parent Relationship": "Outer", "Join Type": "Inner", "Startup Cost": 81580965109.01, "Total Cost": 2403914049257.13, "Plan Rows": 3, "Plan Width": 25, "Actual Startup Time": 444.398, "Actual Total Time": 444.398, "Actual Rows": 1, "Actual Loops": 1, "Inner Unique": false, "Merge Cond": "(mk.movie_id = ml.movie_id)", "Plans": [{"Node Type": "Merge Join", "Parent Relationship": "Outer", "Join Type": "Inner", "Startup Cost": 61580965109.01, "Total Cost": 40200287591422.09, "Plan Rows": 37, "Plan Width": 12, "Actual Startup Time": 117.511, "Actual Total Time": 248.489, "Actual Rows": 69, "Actual Loops": 1, "Inner Unique": false, "Merge Cond": "(mc.movie_id = mk.movie_id)", "Plans": [{"Node Type": "Nested Loop", "Parent Relationship": "Outer", "Join Type": "Inner", "Startup Cost": 30000000000.0, "Total Cost": 20100130722186.7, "Plan Rows": 634743, "Plan Width": 8, "Actual Startup Time": 0.085, "Actual Total Time": 60.536, "Actual Rows": 32455, "Actual Loops": 1, "Inner Unique": true, "Join Filter": "(ct.id = mc.company_type_id), (LLVM Optimized, Jit Execute)", "Rows Removed by Join Filter": 1034, "Plans": [{"Node Type": "Index Scan", "Parent Relationship": "Outer", "Scan Direction": "Forward", "Index Name": "movie_id_movie_companies", "Relation Name": "movie_companies", "Alias": "mc", "Startup Cost": 10000000000.0, "Total Cost": 1000013051946.13, "Plan Rows": 1269486, "Plan Width": 12, "Actual Startup Time": 0.052, "Actual Total Time": 42.508, "Actual Rows": 33489, "Actual Loops": 1, "Filter": "(note IS NULL), (LLVM Optimized, Jit Execute)", "Rows Removed by Filter": 34709}, {"Node Type": "Materialize", "Parent Relationship": "Inner", "Startup Cost": 10000000000.0, "Total Cost": 1000000001230.26, "Plan Rows": 1, "Plan Width": 4, "Actual Startup Time": 2.923, "Actual Total Time": 3.015, "Actual Rows": 33489, "Actual Loops": 33489, "Plans": [{"Node Type": "Index Scan", "Parent Relationship": "Outer", "Scan Direction": "Forward", "Index Name": "company_type_pkey", "Relation Name": "company_type", "Alias": "ct", "Startup Cost": 10000000000.0, "Total Cost": 1000000001230.25, "Plan Rows": 1, "Plan Width": 4, "Actual Startup Time": 0.015, "Actual Total Time": 0.019, "Actual Rows": 1, "Actual Loops": 1, "Filter": "((kind)::text = 'production companies'::text)", "Rows Removed by Filter": 2}]}]}, {"Node Type": "Materialize", "Parent Relationship": "Inner", "Startup Cost": 30000000000.0, "Total Cost": 20100156867647.98, "Plan Rows": 33, "Plan Width": 4, "Actual Startup Time": 116.468, "Actual Total Time": 183.775, "Actual Rows": 73, "Actual Loops": 1, "Plans": [{"Node Type": "Nested Loop", "Parent Relationship": "Outer", "Join Type": "Inner", "Startup Cost": 30000000000.0, "Total Cost": 20100156867647.9, "Plan Rows": 33, "Plan Width": 4, "Actual Startup Time": 116.459, "Actual Total Time": 183.739, "Actual Rows": 30, "Actual Loops": 1, "Inner Unique": true, "Join Filter": "(k.id = mk.keyword_id)", "Rows Removed by Join Filter": 69385, "Plans": [{"Node Type": "Index Scan", "Parent Relationship": "Outer", "Scan Direction": "Forward", "Index Name": "movie_id_movie_keyword", "Relation Name": "movie_keyword", "Alias": "mk", "Startup Cost": 10000000000.0, "Total Cost": 1000015300634.17, "Plan Rows": 4523929, "Plan Width": 8, "Actual Startup Time": 0.023, "Actual Total Time": 27.761, "Actual Rows": 69415, "Actual Loops": 1}, {"Node Type": "Materialize", "Parent Relationship": "Inner", "Startup Cost": 10000000000.0, "Total Cost": 1000000318271.69, "Plan Rows": 1, "Plan Width": 4, "Actual Startup Time": 6.156, "Actual Total Time": 127.266, "Actual Rows": 69415, "Actual Loops": 69415, "Plans": [{"Node Type": "Index Scan", "Parent Relationship": "Outer", "Scan Direction": "Forward", "Index Name": "keyword_pkey", "Relation Name": "keyword", "Alias": "k", "Startup Cost": 10000000000.0, "Total Cost": 1000000318271.68, "Plan Rows": 1, "Plan Width": 4, "Actual Startup Time": 0.442, "Actual Total Time": 115.839, "Actual Rows": 1, "Actual Loops": 1, "Filter": "((keyword)::text = 'sequel'::text)", "Rows Removed by Filter": 134168}]}]}]}]}, {"Node Type": "Materialize", "Parent Relationship": "Inner", "Startup Cost": 20000000000.0, "Total Cost": 1257503175328.76, "Plan Rows": 19, "Plan Width": 29, "Actual Startup Time": 195.888, "Actual Total Time": 195.888, "Actual Rows": 1, "Actual Loops": 1, "Plans": [{"Node Type": "Merge Join", "Parent Relationship": "Outer", "Join Type": "Inner", "Startup Cost": 20000000000.0, "Total Cost": 1257503175328.72, "Plan Rows": 19, "Plan Width": 29, "Actual Startup Time": 195.882, "Actual Total Time": 195.882, "Actual Rows": 1, "Actual Loops": 1, "Inner Unique": true, "Merge Cond": "(ml.movie_id = t.id)", "Plans": [{"Node Type": "Index Scan", "Parent Relationship": "Outer", "Scan Direction": "Forward", "Index Name": "movie_id_movie_link", "Relation Name": "movie_link", "Alias": "ml", "Startup Cost": 10000000000.0, "Total Cost": 1000000106202.37, "Plan Rows": 29996, "Plan Width": 8, "Actual Startup Time": 0.028, "Actual Total Time": 10.013, "Actual Rows": 25481, "Actual Loops": 1}, {"Node Type": "Materialize", "Parent Relationship": "Inner", "Startup Cost": 10000000000.0, "Total Cost": 1000012276204.42, "Plan Rows": 4, "Plan Width": 21, "Actual Startup Time": 182.186, "Actual Total Time": 182.186, "Actual Rows": 1, "Actual Loops": 1, "Plans": [{"Node Type": "Index Scan", "Parent Relationship": "Outer", "Scan Direction": "Forward", "Index Name": "title_pkey", "Relation Name": "title", "Alias": "t", "Startup Cost": 10000000000.0, "Total Cost": 1000012276204.41, "Plan Rows": 4, "Plan Width": 21, "Actual Startup Time": 182.184, "Actual Total Time": 182.184, "Actual Rows": 1, "Actual Loops": 1, "Filter": "(((title)::text ~~ '%Money%'::text) AND (production_year = 1998))", "Rows Removed by Filter": 138931}]}]}]}]}, {"Node Type": "Hash", "Parent Relationship": "Inner", "Startup Cost": 1000000001254.75, "Total Cost": 1000000001254.75, "Plan Rows": 1, "Plan Width": 16, "Actual Startup Time": 0.048, "Actual Total Time": 0.048, "Actual Rows": 0, "Actual Loops": 1, "Hash Buckets": 32768, "Hash Batches": 1, "Original Hash Batches": 1, "Peak Memory Usage": 0, "Plans": [{"Node Type": "Index Scan", "Parent Relationship": "Outer", "Scan Direction": "Forward", "Index Name": "link_type_pkey", "Relation Name": "link_type", "Alias": "lt", "Startup Cost": 10000000000.0, "Total Cost": 1000000001254.75, "Plan Rows": 1, "Plan Width": 16, "Actual Startup Time": 0.045, "Actual Total Time": 0.045, "Actual Rows": 0, "Actual Loops": 1, "Filter": "((link)::text ~~ '%follows%'::text)", "Rows Removed by Filter": 17}]}]}, {"Node Type": "Index Scan", "Parent Relationship": "Inner", "Scan Direction": "Forward", "Index Name": "company_name_pkey", "Relation Name": "company_name", "Alias": "cn", "Startup Cost": 10000000000.0, "Total Cost": 1000000000028.81, "Plan Rows": 1, "Plan Width": 23, "Actual Startup Time": 0.0, "Actual Total Time": 0.0, "Index Cond": "(id = mc.company_id)", "Rows Removed by Index Recheck": 0, "Filter": "(((country_code)::text <> '[pl]'::text) AND (((name)::text ~~ '%Film%'::text) OR ((name)::text ~~ '%Warner%'::text)))", "Rows Removed by Filter": 0}]}]}, "Triggers": [], "Planner Runtime": 179.391, "Total Runtime": 454.27, "Unique SQL Id": 4121279504}}, "(16, 76)": {"explain_plan": {"Plan": {"Node Type": "Aggregate", "Strategy": "Plain", "Startup Cost": 2585.63, "Total Cost": 2585.64, "Plan Rows": 1, "Plan Width": 144, "Plans": [{"Node Type": "Nested Loop", "Parent Relationship": "Outer", "Join Type": "Inner", "Startup Cost": 0.0, "Total Cost": 2585.62, "Plan Rows": 1, "Plan Width": 48, "Inner Unique": true, "Plans": [{"Node Type": "Nested Loop", "Parent Relationship": "Outer", "Join Type": "Inner", "Startup Cost": 0.0, "Total Cost": 2585.34, "Plan Rows": 1, "Plan Width": 40, "Inner Unique": false, "Join Filter": "(t.id = ml.movie_id)", "Plans": [{"Node Type": "Nested Loop", "Parent Relationship": "Outer", "Join Type": "Inner", "Startup Cost": 0.0, "Total Cost": 2584.93, "Plan Rows": 1, "Plan Width": 48, "Inner Unique": true, "Plans": [{"Node Type": "Nested Loop", "Parent Relationship": "Outer", "Join Type": "Inner", "Startup Cost": 0.0, "Total Cost": 2584.64, "Plan Rows": 1, "Plan Width": 52, "Inner Unique": true, "Plans": [{"Node Type": "Nested Loop", "Parent Relationship": "Outer", "Join Type": "Inner", "Startup Cost": 0.0, "Total Cost": 2584.35, "Plan Rows": 1, "Plan Width": 37, "Inner Unique": false, "Join Filter": "(t.id = mc.movie_id)", "Plans": [{"Node Type": "Nested Loop", "Parent Relationship": "Outer", "Join Type": "Inner", "Startup Cost": 0.0, "Total Cost": 2584.01, "Plan Rows": 1, "Plan Width": 25, "Inner Unique": true, "Plans": [{"Node Type": "Nested Loop", "Parent Relationship": "Outer", "Join Type": "Inner", "Startup Cost": 0.0, "Total Cost": 2573.32, "Plan Rows": 33, "Plan Width": 4, "Inner Unique": false, "Plans": [{"Node Type": "Seq Scan", "Parent Relationship": "Outer", "Relation Name": "keyword", "Alias": "k", "Startup Cost": 0.0, "Total Cost": 2436.11, "Plan Rows": 1, "Plan Width": 4, "Filter": "((keyword)::text = 'sequel'::text)"}, {"Node Type": "Index Scan", "Parent Relationship": "Inner", "Scan Direction": "Forward", "Index Name": "keyword_id_movie_keyword", "Relation Name": "movie_keyword", "Alias": "mk", "Startup Cost": 0.0, "Total Cost": 136.88, "Plan Rows": 33, "Plan Width": 8, "Index Cond": "(keyword_id = k.id)"}]}, {"Node Type": "Index Scan", "Parent Relationship": "Inner", "Scan Direction": "Forward", "Index Name": "title_pkey", "Relation Name": "title", "Alias": "t", "Startup Cost": 0.0, "Total Cost": 0.31, "Plan Rows": 1, "Plan Width": 21, "Index Cond": "(id = mk.movie_id)", "Filter": "(((title)::text ~~ '%Money%'::text) AND (production_year = 1998))"}]}, {"Node Type": "Index Scan", "Parent Relationship": "Inner", "Scan Direction": "Forward", "Index Name": "movie_id_movie_companies", "Relation Name": "movie_companies", "Alias": "mc", "Startup Cost": 0.0, "Total Cost": 0.31, "Plan Rows": 2, "Plan Width": 12, "Index Cond": "(movie_id = mk.movie_id)", "Filter": "(note IS NULL)"}]}, {"Node Type": "Index Scan", "Parent Relationship": "Inner", "Scan Direction": "Forward", "Index Name": "company_name_pkey", "Relation Name": "company_name", "Alias": "cn", "Startup Cost": 0.0, "Total Cost": 0.29, "Plan Rows": 1, "Plan Width": 23, "Index Cond": "(id = mc.company_id)", "Filter": "(((country_code)::text <> '[pl]'::text) AND (((name)::text ~~ '%Film%'::text) OR ((name)::text ~~ '%Warner%'::text)))"}]}, {"Node Type": "Index Scan", "Parent Relationship": "Inner", "Scan Direction": "Forward", "Index Name": "company_type_pkey", "Relation Name": "company_type", "Alias": "ct", "Startup Cost": 0.0, "Total Cost": 0.27, "Plan Rows": 1, "Plan Width": 4, "Index Cond": "(id = mc.company_type_id)", "Filter": "((kind)::text = 'production companies'::text)"}]}, {"Node Type": "Index Scan", "Parent Relationship": "Inner", "Scan Direction": "Forward", "Index Name": "movie_id_movie_link", "Relation Name": "movie_link", "Alias": "ml", "Startup Cost": 0.0, "Total Cost": 0.35, "Plan Rows": 5, "Plan Width": 8, "Index Cond": "(movie_id = mk.movie_id)"}]}, {"Node Type": "Index Scan", "Parent Relationship": "Inner", "Scan Direction": "Forward", "Index Name": "link_type_pkey", "Relation Name": "link_type", "Alias": "lt", "Startup Cost": 0.0, "Total Cost": 0.27, "Plan Rows": 1, "Plan Width": 16, "Index Cond": "(id = ml.link_type_id)", "Filter": "((link)::text ~~ '%follows%'::text)"}]}]}, "Unique SQL Id": 4121279504}, "explain_analyze_plan": {"Plan": {"Node Type": "Aggregate", "Strategy": "Plain", "Startup Cost": 2585.63, "Total Cost": 2585.64, "Plan Rows": 1, "Plan Width": 144, "Actual Startup Time": 103.307, "Actual Total Time": 103.307, "Actual Rows": 1, "Actual Loops": 1, "Plans": [{"Node Type": "Nested Loop", "Parent Relationship": "Outer", "Join Type": "Inner", "Startup Cost": 0.0, "Total Cost": 2585.62, "Plan Rows": 1, "Plan Width": 48, "Actual Startup Time": 103.297, "Actual Total Time": 103.297, "Actual Rows": 0, "Actual Loops": 1, "Inner Unique": true, "Plans": [{"Node Type": "Nested Loop", "Parent Relationship": "Outer", "Join Type": "Inner", "Startup Cost": 0.0, "Total Cost": 2585.34, "Plan Rows": 1, "Plan Width": 40, "Actual Startup Time": 2.639, "Actual Total Time": 103.212, "Actual Rows": 38, "Actual Loops": 1, "Inner Unique": false, "Join Filter": "(t.id = ml.movie_id)", "Rows Removed by Join Filter": 0, "Plans": [{"Node Type": "Nested Loop", "Parent Relationship": "Outer", "Join Type": "Inner", "Startup Cost": 0.0, "Total Cost": 2584.93, "Plan Rows": 1, "Plan Width": 48, "Actual Startup Time": 2.628, "Actual Total Time": 103.169, "Actual Rows": 2, "Actual Loops": 1, "Inner Unique": true, "Plans": [{"Node Type": "Nested Loop", "Parent Relationship": "Outer", "Join Type": "Inner", "Startup Cost": 0.0, "Total Cost": 2584.64, "Plan Rows": 1, "Plan Width": 52, "Actual Startup Time": 2.62, "Actual Total Time": 103.156, "Actual Rows": 2, "Actual Loops": 1, "Inner Unique": true, "Plans": [{"Node Type": "Nested Loop", "Parent Relationship": "Outer", "Join Type": "Inner", "Startup Cost": 0.0, "Total Cost": 2584.35, "Plan Rows": 1, "Plan Width": 37, "Actual Startup Time": 2.606, "Actual Total Time": 103.125, "Actual Rows": 3, "Actual Loops": 1, "Inner Unique": false, "Join Filter": "(t.id = mc.movie_id)", "Rows Removed by Join Filter": 0, "Plans": [{"Node Type": "Nested Loop", "Parent Relationship": "Outer", "Join Type": "Inner", "Startup Cost": 0.0, "Total Cost": 2584.01, "Plan Rows": 1, "Plan Width": 25, "Actual Startup Time": 2.585, "Actual Total Time": 103.101, "Actual Rows": 1, "Actual Loops": 1, "Inner Unique": true, "Plans": [{"Node Type": "Nested Loop", "Parent Relationship": "Outer", "Join Type": "Inner", "Startup Cost": 0.0, "Total Cost": 2573.32, "Plan Rows": 33, "Plan Width": 4, "Actual Startup Time": 2.346, "Actual Total Time": 53.642, "Actual Rows": 10544, "Actual Loops": 1, "Inner Unique": false, "Plans": [{"Node Type": "Seq Scan", "Parent Relationship": "Outer", "Relation Name": "keyword", "Alias": "k", "Startup Cost": 0.0, "Total Cost": 2436.11, "Plan Rows": 1, "Plan Width": 4, "Actual Startup Time": 2.306, "Actual Total Time": 40.515, "Actual Rows": 1, "Actual Loops": 1, "Filter": "((keyword)::text = 'sequel'::text)", "Rows Removed by Filter": 134168}, {"Node Type": "Index Scan", "Parent Relationship": "Inner", "Scan Direction": "Forward", "Index Name": "keyword_id_movie_keyword", "Relation Name": "movie_keyword", "Alias": "mk", "Startup Cost": 0.0, "Total Cost": 136.88, "Plan Rows": 33, "Plan Width": 8, "Actual Startup Time": 0.034, "Actual Total Time": 10.877, "Actual Rows": 10544, "Actual Loops": 1, "Index Cond": "(keyword_id = k.id)", "Rows Removed by Index Recheck": 0}]}, {"Node Type": "Index Scan", "Parent Relationship": "Inner", "Scan Direction": "Forward", "Index Name": "title_pkey", "Relation Name": "title", "Alias": "t", "Startup Cost": 0.0, "Total Cost": 0.31, "Plan Rows": 1, "Plan Width": 21, "Actual Startup Time": 44.242, "Actual Total Time": 44.242, "Actual Rows": 1, "Actual Loops": 10544, "Index Cond": "(id = mk.movie_id)", "Rows Removed by Index Recheck": 0, "Filter": "(((title)::text ~~ '%Money%'::text) AND (production_year = 1998))", "Rows Removed by Filter": 10543}]}, {"Node Type": "Index Scan", "Parent Relationship": "Inner", "Scan Direction": "Forward", "Index Name": "movie_id_movie_companies", "Relation Name": "movie_companies", "Alias": "mc", "Startup Cost": 0.0, "Total Cost": 0.31, "Plan Rows": 2, "Plan Width": 12, "Actual Startup Time": 0.011, "Actual Total Time": 0.013, "Actual Rows": 3, "Actual Loops": 1, "Index Cond": "(movie_id = mk.movie_id)", "Rows Removed by Index Recheck": 0, "Filter": "(note IS NULL)", "Rows Removed by Filter": 1}]}, {"Node Type": "Index Scan", "Parent Relationship": "Inner", "Scan Direction": "Forward", "Index Name": "company_name_pkey", "Relation Name": "company_name", "Alias": "cn", "Startup Cost": 0.0, "Total Cost": 0.29, "Plan Rows": 1, "Plan Width": 23, "Actual Startup Time": 0.026, "Actual Total Time": 0.026, "Actual Rows": 2, "Actual Loops": 3, "Index Cond": "(id = mc.company_id)", "Rows Removed by Index Recheck": 0, "Filter": "(((country_code)::text <> '[pl]'::text) AND (((name)::text ~~ '%Film%'::text) OR ((name)::text ~~ '%Warner%'::text)))", "Rows Removed by Filter": 1}]}, {"Node Type": "Index Scan", "Parent Relationship": "Inner", "Scan Direction": "Forward", "Index Name": "company_type_pkey", "Relation Name": "company_type", "Alias": "ct", "Startup Cost": 0.0, "Total Cost": 0.27, "Plan Rows": 1, "Plan Width": 4, "Actual Startup Time": 0.008, "Actual Total Time": 0.008, "Actual Rows": 2, "Actual Loops": 2, "Index Cond": "(id = mc.company_type_id)", "Rows Removed by Index Recheck": 0, "Filter": "((kind)::text = 'production companies'::text)", "Rows Removed by Filter": 0}]}, {"Node Type": "Index Scan", "Parent Relationship": "Inner", "Scan Direction": "Forward", "Index Name": "movie_id_movie_link", "Relation Name": "movie_link", "Alias": "ml", "Startup Cost": 0.0, "Total Cost": 0.35, "Plan Rows": 5, "Plan Width": 8, "Actual Startup Time": 0.012, "Actual Total Time": 0.025, "Actual Rows": 38, "Actual Loops": 2, "Index Cond": "(movie_id = mk.movie_id)", "Rows Removed by Index Recheck": 0}]}, {"Node Type": "Index Scan", "Parent Relationship": "Inner", "Scan Direction": "Forward", "Index Name": "link_type_pkey", "Relation Name": "link_type", "Alias": "lt", "Startup Cost": 0.0, "Total Cost": 0.27, "Plan Rows": 1, "Plan Width": 16, "Actual Startup Time": 0.065, "Actual Total Time": 0.065, "Actual Rows": 0, "Actual Loops": 38, "Index Cond": "(id = ml.link_type_id)", "Rows Removed by Index Recheck": 0, "Filter": "((link)::text ~~ '%follows%'::text)", "Rows Removed by Filter": 24}]}]}, "Triggers": [], "Planner Runtime": 83.831, "Total Runtime": 103.68, "Unique SQL Id": 4121279504}}, "(16, 77)": {"explain_plan": {"Plan": {"Node Type": "Aggregate", "Strategy": "Plain", "Startup Cost": 3332.23, "Total Cost": 3332.24, "Plan Rows": 1, "Plan Width": 144, "Plans": [{"Node Type": "Nested Loop", "Parent Relationship": "Outer", "Join Type": "Inner", "Startup Cost": 0.0, "Total Cost": 3332.23, "Plan Rows": 1, "Plan Width": 48, "Inner Unique": true, "Plans": [{"Node Type": "Nested Loop", "Parent Relationship": "Outer", "Join Type": "Inner", "Startup Cost": 0.0, "Total Cost": 3331.94, "Plan Rows": 1, "Plan Width": 40, "Inner Unique": false, "Join Filter": "(t.id = ml.movie_id)", "Plans": [{"Node Type": "Nested Loop", "Parent Relationship": "Outer", "Join Type": "Inner", "Startup Cost": 0.0, "Total Cost": 3331.53, "Plan Rows": 1, "Plan Width": 48, "Inner Unique": true, "Plans": [{"Node Type": "Nested Loop", "Parent Relationship": "Outer", "Join Type": "Inner", "Startup Cost": 0.0, "Total Cost": 3331.25, "Plan Rows": 1, "Plan Width": 52, "Inner Unique": true, "Plans": [{"Node Type": "Nested Loop", "Parent Relationship": "Outer", "Join Type": "Inner", "Startup Cost": 0.0, "Total Cost": 3330.95, "Plan Rows": 1, "Plan Width": 37, "Inner Unique": false, "Join Filter": "(t.id = mc.movie_id)", "Plans": [{"Node Type": "Nested Loop", "Parent Relationship": "Outer", "Join Type": "Inner", "Startup Cost": 0.0, "Total Cost": 3330.61, "Plan Rows": 1, "Plan Width": 25, "Inner Unique": true, "Plans": [{"Node Type": "Nested Loop", "Parent Relationship": "Outer", "Join Type": "Inner", "Startup Cost": 0.0, "Total Cost": 3319.92, "Plan Rows": 33, "Plan Width": 4, "Inner Unique": false, "Plans": [{"Node Type": "Index Scan", "Parent Relationship": "Outer", "Scan Direction": "Forward", "Index Name": "keyword_pkey", "Relation Name": "keyword", "Alias": "k", "Startup Cost": 0.0, "Total Cost": 3182.72, "Plan Rows": 1, "Plan Width": 4, "Filter": "((keyword)::text = 'sequel'::text)"}, {"Node Type": "Index Scan", "Parent Relationship": "Inner", "Scan Direction": "Forward", "Index Name": "keyword_id_movie_keyword", "Relation Name": "movie_keyword", "Alias": "mk", "Startup Cost": 0.0, "Total Cost": 136.88, "Plan Rows": 33, "Plan Width": 8, "Index Cond": "(keyword_id = k.id)"}]}, {"Node Type": "Index Scan", "Parent Relationship": "Inner", "Scan Direction": "Forward", "Index Name": "title_pkey", "Relation Name": "title", "Alias": "t", "Startup Cost": 0.0, "Total Cost": 0.31, "Plan Rows": 1, "Plan Width": 21, "Index Cond": "(id = mk.movie_id)", "Filter": "(((title)::text ~~ '%Money%'::text) AND (production_year = 1998))"}]}, {"Node Type": "Index Scan", "Parent Relationship": "Inner", "Scan Direction": "Forward", "Index Name": "movie_id_movie_companies", "Relation Name": "movie_companies", "Alias": "mc", "Startup Cost": 0.0, "Total Cost": 0.31, "Plan Rows": 2, "Plan Width": 12, "Index Cond": "(movie_id = mk.movie_id)", "Filter": "(note IS NULL)"}]}, {"Node Type": "Index Scan", "Parent Relationship": "Inner", "Scan Direction": "Forward", "Index Name": "company_name_pkey", "Relation Name": "company_name", "Alias": "cn", "Startup Cost": 0.0, "Total Cost": 0.29, "Plan Rows": 1, "Plan Width": 23, "Index Cond": "(id = mc.company_id)", "Filter": "(((country_code)::text <> '[pl]'::text) AND (((name)::text ~~ '%Film%'::text) OR ((name)::text ~~ '%Warner%'::text)))"}]}, {"Node Type": "Index Scan", "Parent Relationship": "Inner", "Scan Direction": "Forward", "Index Name": "company_type_pkey", "Relation Name": "company_type", "Alias": "ct", "Startup Cost": 0.0, "Total Cost": 0.27, "Plan Rows": 1, "Plan Width": 4, "Index Cond": "(id = mc.company_type_id)", "Filter": "((kind)::text = 'production companies'::text)"}]}, {"Node Type": "Index Scan", "Parent Relationship": "Inner", "Scan Direction": "Forward", "Index Name": "movie_id_movie_link", "Relation Name": "movie_link", "Alias": "ml", "Startup Cost": 0.0, "Total Cost": 0.35, "Plan Rows": 5, "Plan Width": 8, "Index Cond": "(movie_id = mk.movie_id)"}]}, {"Node Type": "Index Scan", "Parent Relationship": "Inner", "Scan Direction": "Forward", "Index Name": "link_type_pkey", "Relation Name": "link_type", "Alias": "lt", "Startup Cost": 0.0, "Total Cost": 0.27, "Plan Rows": 1, "Plan Width": 16, "Index Cond": "(id = ml.link_type_id)", "Filter": "((link)::text ~~ '%follows%'::text)"}]}]}, "Unique SQL Id": 4121279504}, "explain_analyze_plan": {"Plan": {"Node Type": "Aggregate", "Strategy": "Plain", "Startup Cost": 3332.23, "Total Cost": 3332.24, "Plan Rows": 1, "Plan Width": 144, "Actual Startup Time": 178.629, "Actual Total Time": 178.63, "Actual Rows": 1, "Actual Loops": 1, "Plans": [{"Node Type": "Nested Loop", "Parent Relationship": "Outer", "Join Type": "Inner", "Startup Cost": 0.0, "Total Cost": 3332.23, "Plan Rows": 1, "Plan Width": 48, "Actual Startup Time": 178.619, "Actual Total Time": 178.619, "Actual Rows": 0, "Actual Loops": 1, "Inner Unique": true, "Plans": [{"Node Type": "Nested Loop", "Parent Relationship": "Outer", "Join Type": "Inner", "Startup Cost": 0.0, "Total Cost": 3331.94, "Plan Rows": 1, "Plan Width": 40, "Actual Startup Time": 0.759, "Actual Total Time": 178.535, "Actual Rows": 38, "Actual Loops": 1, "Inner Unique": false, "Join Filter": "(t.id = ml.movie_id)", "Rows Removed by Join Filter": 0, "Plans": [{"Node Type": "Nested Loop", "Parent Relationship": "Outer", "Join Type": "Inner", "Startup Cost": 0.0, "Total Cost": 3331.53, "Plan Rows": 1, "Plan Width": 48, "Actual Startup Time": 0.75, "Actual Total Time": 178.493, "Actual Rows": 2, "Actual Loops": 1, "Inner Unique": true, "Plans": [{"Node Type": "Nested Loop", "Parent Relationship": "Outer", "Join Type": "Inner", "Startup Cost": 0.0, "Total Cost": 3331.25, "Plan Rows": 1, "Plan Width": 52, "Actual Startup Time": 0.743, "Actual Total Time": 178.481, "Actual Rows": 2, "Actual Loops": 1, "Inner Unique": true, "Plans": [{"Node Type": "Nested Loop", "Parent Relationship": "Outer", "Join Type": "Inner", "Startup Cost": 0.0, "Total Cost": 3330.95, "Plan Rows": 1, "Plan Width": 37, "Actual Startup Time": 0.723, "Actual Total Time": 178.447, "Actual Rows": 3, "Actual Loops": 1, "Inner Unique": false, "Join Filter": "(t.id = mc.movie_id)", "Rows Removed by Join Filter": 0, "Plans": [{"Node Type": "Nested Loop", "Parent Relationship": "Outer", "Join Type": "Inner", "Startup Cost": 0.0, "Total Cost": 3330.61, "Plan Rows": 1, "Plan Width": 25, "Actual Startup Time": 0.709, "Actual Total Time": 178.428, "Actual Rows": 1, "Actual Loops": 1, "Inner Unique": true, "Plans": [{"Node Type": "Nested Loop", "Parent Relationship": "Outer", "Join Type": "Inner", "Startup Cost": 0.0, "Total Cost": 3319.92, "Plan Rows": 33, "Plan Width": 4, "Actual Startup Time": 0.479, "Actual Total Time": 127.522, "Actual Rows": 10544, "Actual Loops": 1, "Inner Unique": false, "Plans": [{"Node Type": "Index Scan", "Parent Relationship": "Outer", "Scan Direction": "Forward", "Index Name": "keyword_pkey", "Relation Name": "keyword", "Alias": "k", "Startup Cost": 0.0, "Total Cost": 3182.72, "Plan Rows": 1, "Plan Width": 4, "Actual Startup Time": 0.446, "Actual Total Time": 114.274, "Actual Rows": 1, "Actual Loops": 1, "Filter": "((keyword)::text = 'sequel'::text)", "Rows Removed by Filter": 134168}, {"Node Type": "Index Scan", "Parent Relationship": "Inner", "Scan Direction": "Forward", "Index Name": "keyword_id_movie_keyword", "Relation Name": "movie_keyword", "Alias": "mk", "Startup Cost": 0.0, "Total Cost": 136.88, "Plan Rows": 33, "Plan Width": 8, "Actual Startup Time": 0.026, "Actual Total Time": 10.894, "Actual Rows": 10544, "Actual Loops": 1, "Index Cond": "(keyword_id = k.id)", "Rows Removed by Index Recheck": 0}]}, {"Node Type": "Index Scan", "Parent Relationship": "Inner", "Scan Direction": "Forward", "Index Name": "title_pkey", "Relation Name": "title", "Alias": "t", "Startup Cost": 0.0, "Total Cost": 0.31, "Plan Rows": 1, "Plan Width": 21, "Actual Startup Time": 45.684, "Actual Total Time": 45.684, "Actual Rows": 1, "Actual Loops": 10544, "Index Cond": "(id = mk.movie_id)", "Rows Removed by Index Recheck": 0, "Filter": "(((title)::text ~~ '%Money%'::text) AND (production_year = 1998))", "Rows Removed by Filter": 10543}]}, {"Node Type": "Index Scan", "Parent Relationship": "Inner", "Scan Direction": "Forward", "Index Name": "movie_id_movie_companies", "Relation Name": "movie_companies", "Alias": "mc", "Startup Cost": 0.0, "Total Cost": 0.31, "Plan Rows": 2, "Plan Width": 12, "Actual Startup Time": 0.011, "Actual Total Time": 0.012, "Actual Rows": 3, "Actual Loops": 1, "Index Cond": "(movie_id = mk.movie_id)", "Rows Removed by Index Recheck": 0, "Filter": "(note IS NULL)", "Rows Removed by Filter": 1}]}, {"Node Type": "Index Scan", "Parent Relationship": "Inner", "Scan Direction": "Forward", "Index Name": "company_name_pkey", "Relation Name": "company_name", "Alias": "cn", "Startup Cost": 0.0, "Total Cost": 0.29, "Plan Rows": 1, "Plan Width": 23, "Actual Startup Time": 0.031, "Actual Total Time": 0.031, "Actual Rows": 2, "Actual Loops": 3, "Index Cond": "(id = mc.company_id)", "Rows Removed by Index Recheck": 0, "Filter": "(((country_code)::text <> '[pl]'::text) AND (((name)::text ~~ '%Film%'::text) OR ((name)::text ~~ '%Warner%'::text)))", "Rows Removed by Filter": 1}]}, {"Node Type": "Index Scan", "Parent Relationship": "Inner", "Scan Direction": "Forward", "Index Name": "company_type_pkey", "Relation Name": "company_type", "Alias": "ct", "Startup Cost": 0.0, "Total Cost": 0.27, "Plan Rows": 1, "Plan Width": 4, "Actual Startup Time": 0.007, "Actual Total Time": 0.007, "Actual Rows": 2, "Actual Loops": 2, "Index Cond": "(id = mc.company_type_id)", "Rows Removed by Index Recheck": 0, "Filter": "((kind)::text = 'production companies'::text)", "Rows Removed by Filter": 0}]}, {"Node Type": "Index Scan", "Parent Relationship": "Inner", "Scan Direction": "Forward", "Index Name": "movie_id_movie_link", "Relation Name": "movie_link", "Alias": "ml", "Startup Cost": 0.0, "Total Cost": 0.35, "Plan Rows": 5, "Plan Width": 8, "Actual Startup Time": 0.011, "Actual Total Time": 0.023, "Actual Rows": 38, "Actual Loops": 2, "Index Cond": "(movie_id = mk.movie_id)", "Rows Removed by Index Recheck": 0}]}, {"Node Type": "Index Scan", "Parent Relationship": "Inner", "Scan Direction": "Forward", "Index Name": "link_type_pkey", "Relation Name": "link_type", "Alias": "lt", "Startup Cost": 0.0, "Total Cost": 0.27, "Plan Rows": 1, "Plan Width": 16, "Actual Startup Time": 0.062, "Actual Total Time": 0.062, "Actual Rows": 0, "Actual Loops": 38, "Index Cond": "(id = ml.link_type_id)", "Rows Removed by Index Recheck": 0, "Filter": "((link)::text ~~ '%follows%'::text)", "Rows Removed by Filter": 24}]}]}, "Triggers": [], "Planner Runtime": 72.754, "Total Runtime": 179.024, "Unique SQL Id": 4121279504}}, "(16, 78)": {"explain_plan": {"Plan": {"Node Type": "Aggregate", "Strategy": "Plain", "Startup Cost": 98506.76, "Total Cost": 98506.77, "Plan Rows": 1, "Plan Width": 144, "Plans": [{"Node Type": "Hash Join", "Parent Relationship": "Outer", "Join Type": "Inner", "Startup Cost": 63894.21, "Total Cost": 98506.75, "Plan Rows": 1, "Plan Width": 48, "Inner Unique": true, "Hash Cond": "(mc.company_type_id = ct.id)", "Plans": [{"Node Type": "Hash Join", "Parent Relationship": "Outer", "Join Type": "Inner", "Startup Cost": 63893.16, "Total Cost": 98505.69, "Plan Rows": 1, "Plan Width": 52, "Inner Unique": true, "Hash Cond": "(mc.company_id = cn.id)", "Plans": [{"Node Type": "Streaming(type: LOCAL GATHER dop: 1/16)", "Parent Relationship": "Outer", "Startup Cost": 56094.74, "Total Cost": 90707.25, "Plan Rows": 1, "Plan Width": 37, "Plans": [{"Node Type": "Hash Join", "Parent Relationship": "Outer", "Join Type": "Inner", "Startup Cost": 56094.74, "Total Cost": 90707.23, "Plan Rows": 1, "Plan Width": 37, "Inner Unique": false, "Hash Cond": "(ml.movie_id = mc.movie_id)", "Plans": [{"Node Type": "Streaming(type: BROADCAST dop: 16/1)", "Parent Relationship": "Outer", "Startup Cost": 37489.38, "Total Cost": 72101.84, "Plan Rows": 16, "Plan Width": 41, "Plans": [{"Node Type": "Hash Join", "Parent Relationship": "Outer", "Join Type": "Inner", "Startup Cost": 37489.38, "Total Cost": 57101.49, "Plan Rows": 1, "Plan Width": 41, "Inner Unique": true, "Hash Cond": "(ml.link_type_id = lt.id)", "Plans": [{"Node Type": "Hash Join", "Parent Relationship": "Outer", "Join Type": "Inner", "Startup Cost": 37488.15, "Total Cost": 57100.25, "Plan Rows": 3, "Plan Width": 33, "Inner Unique": false, "Hash Cond": "(mk.movie_id = ml.movie_id)", "Plans": [{"Node Type": "Streaming(type: LOCAL GATHER dop: 1/16)", "Parent Relationship": "Outer", "Startup Cost": 17436.47, "Total Cost": 37048.41, "Plan Rows": 33, "Plan Width": 4, "Plans": [{"Node Type": "Hash Join", "Parent Relationship": "Outer", "Join Type": "Inner", "Startup Cost": 17436.47, "Total Cost": 37047.7, "Plan Rows": 33, "Plan Width": 4, "Inner Unique": true, "Hash Cond": "(mk.keyword_id = k.id)", "Plans": [{"Node Type": "Seq Scan", "Parent Relationship": "Outer", "Relation Name": "movie_keyword", "Alias": "mk", "Startup Cost": 0.0, "Total Cost": 18902.58, "Plan Rows": 4523929, "Plan Width": 8}, {"Node Type": "Hash", "Parent Relationship": "Inner", "Startup Cost": 17436.46, "Total Cost": 17436.46, "Plan Rows": 16, "Plan Width": 4, "Plans": [{"Node Type": "Streaming(type: BROADCAST dop: 16/1)", "Parent Relationship": "Outer", "Startup Cost": 0.0, "Total Cost": 17436.46, "Plan Rows": 16, "Plan Width": 4, "Plans": [{"Node Type": "Seq Scan", "Parent Relationship": "Outer", "Relation Name": "keyword", "Alias": "k", "Startup Cost": 0.0, "Total Cost": 2436.11, "Plan Rows": 1, "Plan Width": 4, "Filter": "((keyword)::text = 'sequel'::text)"}]}]}]}]}, {"Node Type": "Hash", "Parent Relationship": "Inner", "Startup Cost": 20051.44, "Total Cost": 20051.44, "Plan Rows": 19, "Plan Width": 29, "Plans": [{"Node Type": "Hash Join", "Parent Relationship": "Outer", "Join Type": "Inner", "Startup Cost": 19544.55, "Total Cost": 20051.44, "Plan Rows": 19, "Plan Width": 29, "Inner Unique": true, "Hash Cond": "(ml.movie_id = t.id)", "Plans": [{"Node Type": "Seq Scan", "Parent Relationship": "Outer", "Relation Name": "movie_link", "Alias": "ml", "Startup Cost": 0.0, "Total Cost": 430.96, "Plan Rows": 29996, "Plan Width": 8}, {"Node Type": "Hash", "Parent Relationship": "Inner", "Startup Cost": 19544.5, "Total Cost": 19544.5, "Plan Rows": 4, "Plan Width": 21, "Plans": [{"Node Type": "Streaming(type: LOCAL GATHER dop: 1/16)", "Parent Relationship": "Outer", "Startup Cost": 0.0, "Total Cost": 19544.5, "Plan Rows": 4, "Plan Width": 21, "Plans": [{"Node Type": "Seq Scan", "Parent Relationship": "Outer", "Relation Name": "title", "Alias": "t", "Startup Cost": 0.0, "Total Cost": 19544.42, "Plan Rows": 4, "Plan Width": 21, "Filter": "(((title)::text ~~ '%Money%'::text) AND (production_year = 1998))"}]}]}]}]}]}, {"Node Type": "Hash", "Parent Relationship": "Inner", "Startup Cost": 1.21, "Total Cost": 1.21, "Plan Rows": 1, "Plan Width": 16, "Plans": [{"Node Type": "Seq Scan", "Parent Relationship": "Outer", "Relation Name": "link_type", "Alias": "lt", "Startup Cost": 0.0, "Total Cost": 1.21, "Plan Rows": 1, "Plan Width": 16, "Filter": "((link)::text ~~ '%follows%'::text)"}]}]}]}, {"Node Type": "Hash", "Parent Relationship": "Inner", "Startup Cost": 17613.58, "Total Cost": 17613.58, "Plan Rows": 1269486, "Plan Width": 12, "Plans": [{"Node Type": "Seq Scan", "Parent Relationship": "Outer", "Relation Name": "movie_companies", "Alias": "mc", "Startup Cost": 0.0, "Total Cost": 17613.58, "Plan Rows": 1269486, "Plan Width": 12, "Filter": "(note IS NULL), (LLVM Optimized)"}]}]}]}, {"Node Type": "Hash", "Parent Relationship": "Inner", "Startup Cost": 7078.43, "Total Cost": 7078.43, "Plan Rows": 57599, "Plan Width": 23, "Plans": [{"Node Type": "Seq Scan", "Parent Relationship": "Outer", "Relation Name": "company_name", "Alias": "cn", "Startup Cost": 0.0, "Total Cost": 7078.43, "Plan Rows": 57599, "Plan Width": 23, "Filter": "(((country_code)::text <> '[pl]'::text) AND (((name)::text ~~ '%Film%'::text) OR ((name)::text ~~ '%Warner%'::text)))"}]}]}, {"Node Type": "Hash", "Parent Relationship": "Inner", "Startup Cost": 1.04, "Total Cost": 1.04, "Plan Rows": 1, "Plan Width": 4, "Plans": [{"Node Type": "Seq Scan", "Parent Relationship": "Outer", "Relation Name": "company_type", "Alias": "ct", "Startup Cost": 0.0, "Total Cost": 1.04, "Plan Rows": 1, "Plan Width": 4, "Filter": "((kind)::text = 'production companies'::text)"}]}]}]}, "Unique SQL Id": 4121279504}, "explain_analyze_plan": {"Plan": {"Node Type": "Aggregate", "Strategy": "Plain", "Startup Cost": 98506.76, "Total Cost": 98506.77, "Plan Rows": 1, "Plan Width": 144, "Actual Min Startup Time": 180.854, "Actual Max Startup Time": 180.854, "Actual Min Total Time": 180.855, "Actual Max Total Time": 180.855, "Actual Total Rows": 1, "Plans": [{"Node Type": "Hash Join", "Parent Relationship": "Outer", "Join Type": "Inner", "Startup Cost": 63894.21, "Total Cost": 98506.75, "Plan Rows": 1, "Plan Width": 48, "Actual Min Startup Time": 180.843, "Actual Max Startup Time": 180.843, "Actual Min Total Time": 180.843, "Actual Max Total Time": 180.843, "Actual Total Rows": 0, "Inner Unique": true, "Hash Cond": "(mc.company_type_id = ct.id)", "Plans": [{"Node Type": "Hash Join", "Parent Relationship": "Outer", "Join Type": "Inner", "Startup Cost": 63893.16, "Total Cost": 98505.69, "Plan Rows": 1, "Plan Width": 52, "Actual Min Startup Time": 180.601, "Actual Max Startup Time": 180.601, "Actual Min Total Time": 180.601, "Actual Max Total Time": 180.601, "Actual Total Rows": 0, "Inner Unique": true, "Hash Cond": "(mc.company_id = cn.id)", "Plans": [{"Node Type": "Streaming(type: LOCAL GATHER dop: 1/16)", "Parent Relationship": "Outer", "Startup Cost": 56094.74, "Total Cost": 90707.25, "Plan Rows": 1, "Plan Width": 37, "Actual Min Startup Time": 0.029, "Actual Max Startup Time": 0.029, "Actual Min Total Time": 0.029, "Actual Max Total Time": 0.029, "Actual Total Rows": 0, "Plans": [{"Node Type": "Hash Join", "Parent Relationship": "Outer", "Join Type": "Inner", "Startup Cost": 56094.74, "Total Cost": 90707.23, "Plan Rows": 1, "Plan Width": 37, "Actual Min Startup Time": 58.496, "Actual Max Startup Time": 73.277, "Actual Min Total Time": 58.496, "Actual Max Total Time": 73.277, "Actual Total Rows": 0, "Inner Unique": false, "Hash Cond": "(ml.movie_id = mc.movie_id)", "Plans": [{"Node Type": "Streaming(type: BROADCAST dop: 16/1)", "Parent Relationship": "Outer", "Startup Cost": 37489.38, "Total Cost": 72101.84, "Plan Rows": 16, "Plan Width": 41, "Actual Min Startup Time": 0.003, "Actual Max Startup Time": 0.008, "Actual Min Total Time": 0.003, "Actual Max Total Time": 0.008, "Actual Total Rows": 0, "Plans": [{"Node Type": "Hash Join", "Parent Relationship": "Outer", "Join Type": "Inner", "Startup Cost": 37489.38, "Total Cost": 57101.49, "Plan Rows": 1, "Plan Width": 41, "Actual Min Startup Time": 0.107, "Actual Max Startup Time": 0.107, "Actual Min Total Time": 0.107, "Actual Max Total Time": 0.107, "Actual Total Rows": 0, "Inner Unique": true, "Hash Cond": "(ml.link_type_id = lt.id)", "Plans": [{"Node Type": "Hash Join", "Parent Relationship": "Outer", "Join Type": "Inner", "Startup Cost": 37488.15, "Total Cost": 57100.25, "Plan Rows": 3, "Plan Width": 33, "Actual Startup Time": 0.0, "Actual Total Time": 0.0, "Inner Unique": false, "Hash Cond": "(mk.movie_id = ml.movie_id)", "Plans": [{"Node Type": "Streaming(type: LOCAL GATHER dop: 1/16)", "Parent Relationship": "Outer", "Startup Cost": 17436.47, "Total Cost": 37048.41, "Plan Rows": 33, "Plan Width": 4, "Actual Startup Time": 0.0, "Actual Total Time": 0.0, "Plans": [{"Node Type": "Hash Join", "Parent Relationship": "Outer", "Join Type": "Inner", "Startup Cost": 17436.47, "Total Cost": 37047.7, "Plan Rows": 33, "Plan Width": 4, "Actual Min Startup Time": 39.452, "Actual Max Startup Time": 61.641, "Actual Min Total Time": 39.452, "Actual Max Total Time": 61.641, "Actual Total Rows": 16, "Inner Unique": true, "Hash Cond": "(mk.keyword_id = k.id)", "Plans": [{"Node Type": "Seq Scan", "Parent Relationship": "Outer", "Relation Name": "movie_keyword", "Alias": "mk", "Startup Cost": 0.0, "Total Cost": 18902.58, "Plan Rows": 4523929, "Plan Width": 8, "Actual Min Startup Time": 0.053, "Actual Max Startup Time": 0.076, "Actual Min Total Time": 0.063, "Actual Max Total Time": 6.195, "Actual Total Rows": 91562}, {"Node Type": "Hash", "Parent Relationship": "Inner", "Startup Cost": 17436.46, "Total Cost": 17436.46, "Plan Rows": 16, "Plan Width": 4, "Actual Min Startup Time": 38.945, "Actual Max Startup Time": 60.674, "Actual Min Total Time": 38.945, "Actual Max Total Time": 60.674, "Actual Total Rows": 16, "Max Hash Buckets": 32768, "Min Hash Buckets": 32768, "Max Hash Batches": 1, "Min Hash Batches": 1, "Max Original Hash Batches": 1, "Min Original Hash Batches": 1, "Max Peak Memory Usage": 1, "min Peak Memory Usage": 1, "Plans": [{"Node Type": "Streaming(type: BROADCAST dop: 16/1)", "Parent Relationship": "Outer", "Startup Cost": 0.0, "Total Cost": 17436.46, "Plan Rows": 16, "Plan Width": 4, "Actual Min Startup Time": 38.931, "Actual Max Startup Time": 60.664, "Actual Min Total Time": 38.932, "Actual Max Total Time": 60.665, "Actual Total Rows": 16, "Plans": [{"Node Type": "Seq Scan", "Parent Relationship": "Outer", "Relation Name": "keyword", "Alias": "k", "Startup Cost": 0.0, "Total Cost": 2436.11, "Plan Rows": 1, "Plan Width": 4, "Actual Min Startup Time": 2.418, "Actual Max Startup Time": 2.418, "Actual Min Total Time": 41.255, "Actual Max Total Time": 41.255, "Actual Total Rows": 1, "Filter": "((keyword)::text = 'sequel'::text)", "Rows Removed by Filter": 134168}]}]}]}]}, {"Node Type": "Hash", "Parent Relationship": "Inner", "Startup Cost": 20051.44, "Total Cost": 20051.44, "Plan Rows": 19, "Plan Width": 29, "Actual Startup Time": 0.0, "Actual Total Time": 0.0, "Max Hash Buckets": 0, "Min Hash Buckets": 0, "Max Hash Batches": 0, "Min Hash Batches": 0, "Max Original Hash Batches": 0, "Min Original Hash Batches": 0, "Max Peak Memory Usage": 0, "min Peak Memory Usage": 0, "Plans": [{"Node Type": "Hash Join", "Parent Relationship": "Outer", "Join Type": "Inner", "Startup Cost": 19544.55, "Total Cost": 20051.44, "Plan Rows": 19, "Plan Width": 29, "Actual Startup Time": 0.0, "Actual Total Time": 0.0, "Inner Unique": true, "Hash Cond": "(ml.movie_id = t.id)", "Plans": [{"Node Type": "Seq Scan", "Parent Relationship": "Outer", "Relation Name": "movie_link", "Alias": "ml", "Startup Cost": 0.0, "Total Cost": 430.96, "Plan Rows": 29996, "Plan Width": 8, "Actual Startup Time": 0.0, "Actual Total Time": 0.0}, {"Node Type": "Hash", "Parent Relationship": "Inner", "Startup Cost": 19544.5, "Total Cost": 19544.5, "Plan Rows": 4, "Plan Width": 21, "Actual Startup Time": 0.0, "Actual Total Time": 0.0, "Max Hash Buckets": 0, "Min Hash Buckets": 0, "Max Hash Batches": 0, "Min Hash Batches": 0, "Max Original Hash Batches": 0, "Min Original Hash Batches": 0, "Max Peak Memory Usage": 0, "min Peak Memory Usage": 0, "Plans": [{"Node Type": "Streaming(type: LOCAL GATHER dop: 1/16)", "Parent Relationship": "Outer", "Startup Cost": 0.0, "Total Cost": 19544.5, "Plan Rows": 4, "Plan Width": 21, "Actual Startup Time": 0.0, "Actual Total Time": 0.0, "Plans": [{"Node Type": "Seq Scan", "Parent Relationship": "Outer", "Relation Name": "title", "Alias": "t", "Startup Cost": 0.0, "Total Cost": 19544.42, "Plan Rows": 4, "Plan Width": 21, "Actual Min Startup Time": 1.458, "Actual Max Startup Time": 64.188, "Actual Min Total Time": 8.373, "Actual Max Total Time": 64.188, "Actual Total Rows": 16, "Filter": "(((title)::text ~~ '%Money%'::text) AND (production_year = 1998))", "Rows Removed by Filter": 1196505}]}]}]}]}]}, {"Node Type": "Hash", "Parent Relationship": "Inner", "Startup Cost": 1.21, "Total Cost": 1.21, "Plan Rows": 1, "Plan Width": 16, "Actual Min Startup Time": 0.039, "Actual Max Startup Time": 0.039, "Actual Min Total Time": 0.039, "Actual Max Total Time": 0.039, "Actual Total Rows": 0, "Max Hash Buckets": 32768, "Min Hash Buckets": 32768, "Max Hash Batches": 1, "Min Hash Batches": 1, "Max Original Hash Batches": 1, "Min Original Hash Batches": 1, "Max Peak Memory Usage": 0, "min Peak Memory Usage": 0, "Plans": [{"Node Type": "Seq Scan", "Parent Relationship": "Outer", "Relation Name": "link_type", "Alias": "lt", "Startup Cost": 0.0, "Total Cost": 1.21, "Plan Rows": 1, "Plan Width": 16, "Actual Min Startup Time": 0.036, "Actual Max Startup Time": 0.036, "Actual Min Total Time": 0.036, "Actual Max Total Time": 0.036, "Actual Total Rows": 0, "Filter": "((link)::text ~~ '%follows%'::text)", "Rows Removed by Filter": 17}]}]}]}, {"Node Type": "Hash", "Parent Relationship": "Inner", "Startup Cost": 17613.58, "Total Cost": 17613.58, "Plan Rows": 1269486, "Plan Width": 12, "Actual Min Startup Time": 58.363, "Actual Max Startup Time": 73.139, "Actual Min Total Time": 58.363, "Actual Max Total Time": 73.139, "Actual Total Rows": 1271989, "Max Hash Buckets": 131072, "Min Hash Buckets": 131072, "Max Hash Batches": 1, "Min Hash Batches": 1, "Max Original Hash Batches": 1, "Min Original Hash Batches": 1, "Max Peak Memory Usage": 3560, "min Peak Memory Usage": 3560, "Plans": [{"Node Type": "Seq Scan", "Parent Relationship": "Outer", "Relation Name": "movie_companies", "Alias": "mc", "Startup Cost": 0.0, "Total Cost": 17613.58, "Plan Rows": 1269486, "Plan Width": 12, "Actual Min Startup Time": 0.026, "Actual Max Startup Time": 0.14, "Actual Min Total Time": 40.995, "Actual Max Total Time": 50.611, "Actual Total Rows": 1271989, "Filter": "(note IS NULL), (LLVM Optimized)", "Rows Removed by Filter": 1337139}]}]}]}, {"Node Type": "Hash", "Parent Relationship": "Inner", "Startup Cost": 7078.43, "Total Cost": 7078.43, "Plan Rows": 57599, "Plan Width": 23, "Actual Min Startup Time": 180.511, "Actual Max Startup Time": 180.511, "Actual Min Total Time": 180.511, "Actual Max Total Time": 180.511, "Actual Total Rows": 48302, "Max Hash Buckets": 65536, "Min Hash Buckets": 65536, "Max Hash Batches": 1, "Min Hash Batches": 1, "Max Original Hash Batches": 1, "Min Original Hash Batches": 1, "Max Peak Memory Usage": 2625, "min Peak Memory Usage": 2625, "Plans": [{"Node Type": "Seq Scan", "Parent Relationship": "Outer", "Relation Name": "company_name", "Alias": "cn", "Startup Cost": 0.0, "Total Cost": 7078.43, "Plan Rows": 57599, "Plan Width": 23, "Actual Min Startup Time": 0.036, "Actual Max Startup Time": 0.036, "Actual Min Total Time": 164.519, "Actual Max Total Time": 164.519, "Actual Total Rows": 48302, "Filter": "(((country_code)::text <> '[pl]'::text) AND (((name)::text ~~ '%Film%'::text) OR ((name)::text ~~ '%Warner%'::text)))", "Rows Removed by Filter": 186694}]}]}, {"Node Type": "Hash", "Parent Relationship": "Inner", "Startup Cost": 1.04, "Total Cost": 1.04, "Plan Rows": 1, "Plan Width": 4, "Actual Min Startup Time": 0.089, "Actual Max Startup Time": 0.089, "Actual Min Total Time": 0.089, "Actual Max Total Time": 0.089, "Actual Total Rows": 1, "Max Hash Buckets": 32768, "Min Hash Buckets": 32768, "Max Hash Batches": 1, "Min Hash Batches": 1, "Max Original Hash Batches": 1, "Min Original Hash Batches": 1, "Max Peak Memory Usage": 1, "min Peak Memory Usage": 1, "Plans": [{"Node Type": "Seq Scan", "Parent Relationship": "Outer", "Relation Name": "company_type", "Alias": "ct", "Startup Cost": 0.0, "Total Cost": 1.04, "Plan Rows": 1, "Plan Width": 4, "Actual Min Startup Time": 0.065, "Actual Max Startup Time": 0.065, "Actual Min Total Time": 0.07, "Actual Max Total Time": 0.07, "Actual Total Rows": 1, "Filter": "((kind)::text = 'production companies'::text)", "Rows Removed by Filter": 2}]}]}]}, "Triggers": [], "Planner Runtime": 364.143, "Total Runtime": 201.218, "Unique SQL Id": 4121279504}}, "(16, 79)": {"explain_plan": {"Plan": {"Node Type": "Aggregate", "Strategy": "Plain", "Startup Cost": 4403914050540.74, "Total Cost": 4403914050540.75, "Plan Rows": 1, "Plan Width": 144, "Plans": [{"Node Type": "Nested Loop", "Parent Relationship": "Outer", "Join Type": "Inner", "Startup Cost": 1091580966363.77, "Total Cost": 4403914050540.73, "Plan Rows": 1, "Plan Width": 48, "Inner Unique": true, "Plans": [{"Node Type": "Hash Join", "Parent Relationship": "Outer", "Join Type": "Inner", "Startup Cost": 1081580966363.77, "Total Cost": 3403914050511.91, "Plan Rows": 1, "Plan Width": 33, "Inner Unique": true, "Hash Cond": "(ml.link_type_id = lt.id)", "Plans": [{"Node Type": "Merge Join", "Parent Relationship": "Outer", "Join Type": "Inner", "Startup Cost": 81580965109.01, "Total Cost": 2403914049257.13, "Plan Rows": 3, "Plan Width": 25, "Inner Unique": false, "Merge Cond": "(mk.movie_id = ml.movie_id)", "Plans": [{"Node Type": "Merge Join", "Parent Relationship": "Outer", "Join Type": "Inner", "Startup Cost": 61580965109.01, "Total Cost": 40200287591422.09, "Plan Rows": 37, "Plan Width": 12, "Inner Unique": false, "Merge Cond": "(mc.movie_id = mk.movie_id)", "Plans": [{"Node Type": "Nested Loop", "Parent Relationship": "Outer", "Join Type": "Inner", "Startup Cost": 30000000000.0, "Total Cost": 20100130722186.7, "Plan Rows": 634743, "Plan Width": 8, "Inner Unique": true, "Join Filter": "(ct.id = mc.company_type_id), (LLVM Optimized)", "Plans": [{"Node Type": "Index Scan", "Parent Relationship": "Outer", "Scan Direction": "Forward", "Index Name": "movie_id_movie_companies", "Relation Name": "movie_companies", "Alias": "mc", "Startup Cost": 10000000000.0, "Total Cost": 1000013051946.13, "Plan Rows": 1269486, "Plan Width": 12, "Filter": "(note IS NULL), (LLVM Optimized)"}, {"Node Type": "Materialize", "Parent Relationship": "Inner", "Startup Cost": 10000000000.0, "Total Cost": 1000000001230.26, "Plan Rows": 1, "Plan Width": 4, "Plans": [{"Node Type": "Index Scan", "Parent Relationship": "Outer", "Scan Direction": "Forward", "Index Name": "company_type_pkey", "Relation Name": "company_type", "Alias": "ct", "Startup Cost": 10000000000.0, "Total Cost": 1000000001230.25, "Plan Rows": 1, "Plan Width": 4, "Filter": "((kind)::text = 'production companies'::text)"}]}]}, {"Node Type": "Materialize", "Parent Relationship": "Inner", "Startup Cost": 30000000000.0, "Total Cost": 20100156867647.98, "Plan Rows": 33, "Plan Width": 4, "Plans": [{"Node Type": "Nested Loop", "Parent Relationship": "Outer", "Join Type": "Inner", "Startup Cost": 30000000000.0, "Total Cost": 20100156867647.9, "Plan Rows": 33, "Plan Width": 4, "Inner Unique": true, "Join Filter": "(k.id = mk.keyword_id)", "Plans": [{"Node Type": "Index Scan", "Parent Relationship": "Outer", "Scan Direction": "Forward", "Index Name": "movie_id_movie_keyword", "Relation Name": "movie_keyword", "Alias": "mk", "Startup Cost": 10000000000.0, "Total Cost": 1000015300634.17, "Plan Rows": 4523929, "Plan Width": 8}, {"Node Type": "Materialize", "Parent Relationship": "Inner", "Startup Cost": 10000000000.0, "Total Cost": 1000000318271.69, "Plan Rows": 1, "Plan Width": 4, "Plans": [{"Node Type": "Index Scan", "Parent Relationship": "Outer", "Scan Direction": "Forward", "Index Name": "keyword_pkey", "Relation Name": "keyword", "Alias": "k", "Startup Cost": 10000000000.0, "Total Cost": 1000000318271.68, "Plan Rows": 1, "Plan Width": 4, "Filter": "((keyword)::text = 'sequel'::text)"}]}]}]}]}, {"Node Type": "Materialize", "Parent Relationship": "Inner", "Startup Cost": 20000000000.0, "Total Cost": 1257503175328.76, "Plan Rows": 19, "Plan Width": 29, "Plans": [{"Node Type": "Merge Join", "Parent Relationship": "Outer", "Join Type": "Inner", "Startup Cost": 20000000000.0, "Total Cost": 1257503175328.72, "Plan Rows": 19, "Plan Width": 29, "Inner Unique": true, "Merge Cond": "(ml.movie_id = t.id)", "Plans": [{"Node Type": "Index Scan", "Parent Relationship": "Outer", "Scan Direction": "Forward", "Index Name": "movie_id_movie_link", "Relation Name": "movie_link", "Alias": "ml", "Startup Cost": 10000000000.0, "Total Cost": 1000000106202.37, "Plan Rows": 29996, "Plan Width": 8}, {"Node Type": "Materialize", "Parent Relationship": "Inner", "Startup Cost": 10000000000.0, "Total Cost": 1000012276204.42, "Plan Rows": 4, "Plan Width": 21, "Plans": [{"Node Type": "Index Scan", "Parent Relationship": "Outer", "Scan Direction": "Forward", "Index Name": "title_pkey", "Relation Name": "title", "Alias": "t", "Startup Cost": 10000000000.0, "Total Cost": 1000012276204.41, "Plan Rows": 4, "Plan Width": 21, "Filter": "(((title)::text ~~ '%Money%'::text) AND (production_year = 1998))"}]}]}]}]}, {"Node Type": "Hash", "Parent Relationship": "Inner", "Startup Cost": 1000000001254.75, "Total Cost": 1000000001254.75, "Plan Rows": 1, "Plan Width": 16, "Plans": [{"Node Type": "Index Scan", "Parent Relationship": "Outer", "Scan Direction": "Forward", "Index Name": "link_type_pkey", "Relation Name": "link_type", "Alias": "lt", "Startup Cost": 10000000000.0, "Total Cost": 1000000001254.75, "Plan Rows": 1, "Plan Width": 16, "Filter": "((link)::text ~~ '%follows%'::text)"}]}]}, {"Node Type": "Index Scan", "Parent Relationship": "Inner", "Scan Direction": "Forward", "Index Name": "company_name_pkey", "Relation Name": "company_name", "Alias": "cn", "Startup Cost": 10000000000.0, "Total Cost": 1000000000028.81, "Plan Rows": 1, "Plan Width": 23, "Index Cond": "(id = mc.company_id)", "Filter": "(((country_code)::text <> '[pl]'::text) AND (((name)::text ~~ '%Film%'::text) OR ((name)::text ~~ '%Warner%'::text)))"}]}]}, "Unique SQL Id": 4121279504}, "explain_analyze_plan": {"Plan": {"Node Type": "Aggregate", "Strategy": "Plain", "Startup Cost": 4403914050540.74, "Total Cost": 4403914050540.75, "Plan Rows": 1, "Plan Width": 144, "Actual Startup Time": 444.556, "Actual Total Time": 444.556, "Actual Rows": 1, "Actual Loops": 1, "Plans": [{"Node Type": "Nested Loop", "Parent Relationship": "Outer", "Join Type": "Inner", "Startup Cost": 1091580966363.77, "Total Cost": 4403914050540.73, "Plan Rows": 1, "Plan Width": 48, "Actual Startup Time": 444.544, "Actual Total Time": 444.544, "Actual Rows": 0, "Actual Loops": 1, "Inner Unique": true, "Plans": [{"Node Type": "Hash Join", "Parent Relationship": "Outer", "Join Type": "Inner", "Startup Cost": 1081580966363.77, "Total Cost": 3403914050511.91, "Plan Rows": 1, "Plan Width": 33, "Actual Startup Time": 444.517, "Actual Total Time": 444.517, "Actual Rows": 0, "Actual Loops": 1, "Inner Unique": true, "Hash Cond": "(ml.link_type_id = lt.id)", "Plans": [{"Node Type": "Merge Join", "Parent Relationship": "Outer", "Join Type": "Inner", "Startup Cost": 81580965109.01, "Total Cost": 2403914049257.13, "Plan Rows": 3, "Plan Width": 25, "Actual Startup Time": 444.398, "Actual Total Time": 444.398, "Actual Rows": 1, "Actual Loops": 1, "Inner Unique": false, "Merge Cond": "(mk.movie_id = ml.movie_id)", "Plans": [{"Node Type": "Merge Join", "Parent Relationship": "Outer", "Join Type": "Inner", "Startup Cost": 61580965109.01, "Total Cost": 40200287591422.09, "Plan Rows": 37, "Plan Width": 12, "Actual Startup Time": 117.511, "Actual Total Time": 248.489, "Actual Rows": 69, "Actual Loops": 1, "Inner Unique": false, "Merge Cond": "(mc.movie_id = mk.movie_id)", "Plans": [{"Node Type": "Nested Loop", "Parent Relationship": "Outer", "Join Type": "Inner", "Startup Cost": 30000000000.0, "Total Cost": 20100130722186.7, "Plan Rows": 634743, "Plan Width": 8, "Actual Startup Time": 0.085, "Actual Total Time": 60.536, "Actual Rows": 32455, "Actual Loops": 1, "Inner Unique": true, "Join Filter": "(ct.id = mc.company_type_id), (LLVM Optimized, Jit Execute)", "Rows Removed by Join Filter": 1034, "Plans": [{"Node Type": "Index Scan", "Parent Relationship": "Outer", "Scan Direction": "Forward", "Index Name": "movie_id_movie_companies", "Relation Name": "movie_companies", "Alias": "mc", "Startup Cost": 10000000000.0, "Total Cost": 1000013051946.13, "Plan Rows": 1269486, "Plan Width": 12, "Actual Startup Time": 0.052, "Actual Total Time": 42.508, "Actual Rows": 33489, "Actual Loops": 1, "Filter": "(note IS NULL), (LLVM Optimized, Jit Execute)", "Rows Removed by Filter": 34709}, {"Node Type": "Materialize", "Parent Relationship": "Inner", "Startup Cost": 10000000000.0, "Total Cost": 1000000001230.26, "Plan Rows": 1, "Plan Width": 4, "Actual Startup Time": 2.923, "Actual Total Time": 3.015, "Actual Rows": 33489, "Actual Loops": 33489, "Plans": [{"Node Type": "Index Scan", "Parent Relationship": "Outer", "Scan Direction": "Forward", "Index Name": "company_type_pkey", "Relation Name": "company_type", "Alias": "ct", "Startup Cost": 10000000000.0, "Total Cost": 1000000001230.25, "Plan Rows": 1, "Plan Width": 4, "Actual Startup Time": 0.015, "Actual Total Time": 0.019, "Actual Rows": 1, "Actual Loops": 1, "Filter": "((kind)::text = 'production companies'::text)", "Rows Removed by Filter": 2}]}]}, {"Node Type": "Materialize", "Parent Relationship": "Inner", "Startup Cost": 30000000000.0, "Total Cost": 20100156867647.98, "Plan Rows": 33, "Plan Width": 4, "Actual Startup Time": 116.468, "Actual Total Time": 183.775, "Actual Rows": 73, "Actual Loops": 1, "Plans": [{"Node Type": "Nested Loop", "Parent Relationship": "Outer", "Join Type": "Inner", "Startup Cost": 30000000000.0, "Total Cost": 20100156867647.9, "Plan Rows": 33, "Plan Width": 4, "Actual Startup Time": 116.459, "Actual Total Time": 183.739, "Actual Rows": 30, "Actual Loops": 1, "Inner Unique": true, "Join Filter": "(k.id = mk.keyword_id)", "Rows Removed by Join Filter": 69385, "Plans": [{"Node Type": "Index Scan", "Parent Relationship": "Outer", "Scan Direction": "Forward", "Index Name": "movie_id_movie_keyword", "Relation Name": "movie_keyword", "Alias": "mk", "Startup Cost": 10000000000.0, "Total Cost": 1000015300634.17, "Plan Rows": 4523929, "Plan Width": 8, "Actual Startup Time": 0.023, "Actual Total Time": 27.761, "Actual Rows": 69415, "Actual Loops": 1}, {"Node Type": "Materialize", "Parent Relationship": "Inner", "Startup Cost": 10000000000.0, "Total Cost": 1000000318271.69, "Plan Rows": 1, "Plan Width": 4, "Actual Startup Time": 6.156, "Actual Total Time": 127.266, "Actual Rows": 69415, "Actual Loops": 69415, "Plans": [{"Node Type": "Index Scan", "Parent Relationship": "Outer", "Scan Direction": "Forward", "Index Name": "keyword_pkey", "Relation Name": "keyword", "Alias": "k", "Startup Cost": 10000000000.0, "Total Cost": 1000000318271.68, "Plan Rows": 1, "Plan Width": 4, "Actual Startup Time": 0.442, "Actual Total Time": 115.839, "Actual Rows": 1, "Actual Loops": 1, "Filter": "((keyword)::text = 'sequel'::text)", "Rows Removed by Filter": 134168}]}]}]}]}, {"Node Type": "Materialize", "Parent Relationship": "Inner", "Startup Cost": 20000000000.0, "Total Cost": 1257503175328.76, "Plan Rows": 19, "Plan Width": 29, "Actual Startup Time": 195.888, "Actual Total Time": 195.888, "Actual Rows": 1, "Actual Loops": 1, "Plans": [{"Node Type": "Merge Join", "Parent Relationship": "Outer", "Join Type": "Inner", "Startup Cost": 20000000000.0, "Total Cost": 1257503175328.72, "Plan Rows": 19, "Plan Width": 29, "Actual Startup Time": 195.882, "Actual Total Time": 195.882, "Actual Rows": 1, "Actual Loops": 1, "Inner Unique": true, "Merge Cond": "(ml.movie_id = t.id)", "Plans": [{"Node Type": "Index Scan", "Parent Relationship": "Outer", "Scan Direction": "Forward", "Index Name": "movie_id_movie_link", "Relation Name": "movie_link", "Alias": "ml", "Startup Cost": 10000000000.0, "Total Cost": 1000000106202.37, "Plan Rows": 29996, "Plan Width": 8, "Actual Startup Time": 0.028, "Actual Total Time": 10.013, "Actual Rows": 25481, "Actual Loops": 1}, {"Node Type": "Materialize", "Parent Relationship": "Inner", "Startup Cost": 10000000000.0, "Total Cost": 1000012276204.42, "Plan Rows": 4, "Plan Width": 21, "Actual Startup Time": 182.186, "Actual Total Time": 182.186, "Actual Rows": 1, "Actual Loops": 1, "Plans": [{"Node Type": "Index Scan", "Parent Relationship": "Outer", "Scan Direction": "Forward", "Index Name": "title_pkey", "Relation Name": "title", "Alias": "t", "Startup Cost": 10000000000.0, "Total Cost": 1000012276204.41, "Plan Rows": 4, "Plan Width": 21, "Actual Startup Time": 182.184, "Actual Total Time": 182.184, "Actual Rows": 1, "Actual Loops": 1, "Filter": "(((title)::text ~~ '%Money%'::text) AND (production_year = 1998))", "Rows Removed by Filter": 138931}]}]}]}]}, {"Node Type": "Hash", "Parent Relationship": "Inner", "Startup Cost": 1000000001254.75, "Total Cost": 1000000001254.75, "Plan Rows": 1, "Plan Width": 16, "Actual Startup Time": 0.048, "Actual Total Time": 0.048, "Actual Rows": 0, "Actual Loops": 1, "Hash Buckets": 32768, "Hash Batches": 1, "Original Hash Batches": 1, "Peak Memory Usage": 0, "Plans": [{"Node Type": "Index Scan", "Parent Relationship": "Outer", "Scan Direction": "Forward", "Index Name": "link_type_pkey", "Relation Name": "link_type", "Alias": "lt", "Startup Cost": 10000000000.0, "Total Cost": 1000000001254.75, "Plan Rows": 1, "Plan Width": 16, "Actual Startup Time": 0.045, "Actual Total Time": 0.045, "Actual Rows": 0, "Actual Loops": 1, "Filter": "((link)::text ~~ '%follows%'::text)", "Rows Removed by Filter": 17}]}]}, {"Node Type": "Index Scan", "Parent Relationship": "Inner", "Scan Direction": "Forward", "Index Name": "company_name_pkey", "Relation Name": "company_name", "Alias": "cn", "Startup Cost": 10000000000.0, "Total Cost": 1000000000028.81, "Plan Rows": 1, "Plan Width": 23, "Actual Startup Time": 0.0, "Actual Total Time": 0.0, "Index Cond": "(id = mc.company_id)", "Rows Removed by Index Recheck": 0, "Filter": "(((country_code)::text <> '[pl]'::text) AND (((name)::text ~~ '%Film%'::text) OR ((name)::text ~~ '%Warner%'::text)))", "Rows Removed by Filter": 0}]}]}, "Triggers": [], "Planner Runtime": 179.391, "Total Runtime": 454.27, "Unique SQL Id": 4121279504}}, "(16, 80)": {"explain_plan": {"Plan": {"Node Type": "Aggregate", "Strategy": "Plain", "Startup Cost": 2581.34, "Total Cost": 2581.35, "Plan Rows": 1, "Plan Width": 144, "Plans": [{"Node Type": "Nested Loop", "Parent Relationship": "Outer", "Join Type": "Inner", "Startup Cost": 4.51, "Total Cost": 2581.33, "Plan Rows": 1, "Plan Width": 48, "Inner Unique": true, "Plans": [{"Node Type": "Nested Loop", "Parent Relationship": "Outer", "Join Type": "Inner", "Startup Cost": 4.51, "Total Cost": 2581.05, "Plan Rows": 1, "Plan Width": 40, "Inner Unique": false, "Join Filter": "(t.id = ml.movie_id)", "Plans": [{"Node Type": "Nested Loop", "Parent Relationship": "Outer", "Join Type": "Inner", "Startup Cost": 4.51, "Total Cost": 2580.63, "Plan Rows": 1, "Plan Width": 48, "Inner Unique": true, "Plans": [{"Node Type": "Nested Loop", "Parent Relationship": "Outer", "Join Type": "Inner", "Startup Cost": 4.51, "Total Cost": 2580.35, "Plan Rows": 1, "Plan Width": 52, "Inner Unique": true, "Plans": [{"Node Type": "Nested Loop", "Parent Relationship": "Outer", "Join Type": "Inner", "Startup Cost": 4.51, "Total Cost": 2580.05, "Plan Rows": 1, "Plan Width": 37, "Inner Unique": false, "Join Filter": "(t.id = mc.movie_id)", "Plans": [{"Node Type": "Nested Loop", "Parent Relationship": "Outer", "Join Type": "Inner", "Startup Cost": 4.51, "Total Cost": 2579.71, "Plan Rows": 1, "Plan Width": 25, "Inner Unique": true, "Plans": [{"Node Type": "Nested Loop", "Parent Relationship": "Outer", "Join Type": "Inner", "Startup Cost": 4.51, "Total Cost": 2569.02, "Plan Rows": 33, "Plan Width": 4, "Inner Unique": false, "Plans": [{"Node Type": "Seq Scan", "Parent Relationship": "Outer", "Relation Name": "keyword", "Alias": "k", "Startup Cost": 0.0, "Total Cost": 2436.11, "Plan Rows": 1, "Plan Width": 4, "Filter": "((keyword)::text = 'sequel'::text)"}, {"Node Type": "Bitmap Heap Scan", "Parent Relationship": "Inner", "Relation Name": "movie_keyword", "Alias": "mk", "Startup Cost": 4.51, "Total Cost": 132.58, "Plan Rows": 33, "Plan Width": 8, "Recheck Cond": "(keyword_id = k.id)", "Plans": [{"Node Type": "Bitmap Index Scan", "Parent Relationship": "Outer", "Index Name": "keyword_id_movie_keyword", "Startup Cost": 0.0, "Total Cost": 4.5, "Plan Rows": 33, "Plan Width": 0, "Index Cond": "(keyword_id = k.id)"}]}]}, {"Node Type": "Index Scan", "Parent Relationship": "Inner", "Scan Direction": "Forward", "Index Name": "title_pkey", "Relation Name": "title", "Alias": "t", "Startup Cost": 0.0, "Total Cost": 0.31, "Plan Rows": 1, "Plan Width": 21, "Index Cond": "(id = mk.movie_id)", "Filter": "(((title)::text ~~ '%Money%'::text) AND (production_year = 1998))"}]}, {"Node Type": "Index Scan", "Parent Relationship": "Inner", "Scan Direction": "Forward", "Index Name": "movie_id_movie_companies", "Relation Name": "movie_companies", "Alias": "mc", "Startup Cost": 0.0, "Total Cost": 0.31, "Plan Rows": 2, "Plan Width": 12, "Index Cond": "(movie_id = mk.movie_id)", "Filter": "(note IS NULL)"}]}, {"Node Type": "Index Scan", "Parent Relationship": "Inner", "Scan Direction": "Forward", "Index Name": "company_name_pkey", "Relation Name": "company_name", "Alias": "cn", "Startup Cost": 0.0, "Total Cost": 0.29, "Plan Rows": 1, "Plan Width": 23, "Index Cond": "(id = mc.company_id)", "Filter": "(((country_code)::text <> '[pl]'::text) AND (((name)::text ~~ '%Film%'::text) OR ((name)::text ~~ '%Warner%'::text)))"}]}, {"Node Type": "Index Scan", "Parent Relationship": "Inner", "Scan Direction": "Forward", "Index Name": "company_type_pkey", "Relation Name": "company_type", "Alias": "ct", "Startup Cost": 0.0, "Total Cost": 0.27, "Plan Rows": 1, "Plan Width": 4, "Index Cond": "(id = mc.company_type_id)", "Filter": "((kind)::text = 'production companies'::text)"}]}, {"Node Type": "Index Scan", "Parent Relationship": "Inner", "Scan Direction": "Forward", "Index Name": "movie_id_movie_link", "Relation Name": "movie_link", "Alias": "ml", "Startup Cost": 0.0, "Total Cost": 0.35, "Plan Rows": 5, "Plan Width": 8, "Index Cond": "(movie_id = mk.movie_id)"}]}, {"Node Type": "Index Scan", "Parent Relationship": "Inner", "Scan Direction": "Forward", "Index Name": "link_type_pkey", "Relation Name": "link_type", "Alias": "lt", "Startup Cost": 0.0, "Total Cost": 0.27, "Plan Rows": 1, "Plan Width": 16, "Index Cond": "(id = ml.link_type_id)", "Filter": "((link)::text ~~ '%follows%'::text)"}]}]}, "Unique SQL Id": 4121279504}, "explain_analyze_plan": {"Plan": {"Node Type": "Aggregate", "Strategy": "Plain", "Startup Cost": 2581.34, "Total Cost": 2581.35, "Plan Rows": 1, "Plan Width": 144, "Actual Startup Time": 126.718, "Actual Total Time": 126.718, "Actual Rows": 1, "Actual Loops": 1, "Plans": [{"Node Type": "Nested Loop", "Parent Relationship": "Outer", "Join Type": "Inner", "Startup Cost": 4.51, "Total Cost": 2581.33, "Plan Rows": 1, "Plan Width": 48, "Actual Startup Time": 126.712, "Actual Total Time": 126.712, "Actual Rows": 0, "Actual Loops": 1, "Inner Unique": true, "Plans": [{"Node Type": "Nested Loop", "Parent Relationship": "Outer", "Join Type": "Inner", "Startup Cost": 4.51, "Total Cost": 2581.05, "Plan Rows": 1, "Plan Width": 40, "Actual Startup Time": 6.094, "Actual Total Time": 126.628, "Actual Rows": 38, "Actual Loops": 1, "Inner Unique": false, "Join Filter": "(t.id = ml.movie_id)", "Rows Removed by Join Filter": 0, "Plans": [{"Node Type": "Nested Loop", "Parent Relationship": "Outer", "Join Type": "Inner", "Startup Cost": 4.51, "Total Cost": 2580.63, "Plan Rows": 1, "Plan Width": 48, "Actual Startup Time": 6.079, "Actual Total Time": 126.579, "Actual Rows": 2, "Actual Loops": 1, "Inner Unique": true, "Plans": [{"Node Type": "Nested Loop", "Parent Relationship": "Outer", "Join Type": "Inner", "Startup Cost": 4.51, "Total Cost": 2580.35, "Plan Rows": 1, "Plan Width": 52, "Actual Startup Time": 6.07, "Actual Total Time": 126.566, "Actual Rows": 2, "Actual Loops": 1, "Inner Unique": true, "Plans": [{"Node Type": "Nested Loop", "Parent Relationship": "Outer", "Join Type": "Inner", "Startup Cost": 4.51, "Total Cost": 2580.05, "Plan Rows": 1, "Plan Width": 37, "Actual Startup Time": 6.053, "Actual Total Time": 126.529, "Actual Rows": 3, "Actual Loops": 1, "Inner Unique": false, "Join Filter": "(t.id = mc.movie_id)", "Rows Removed by Join Filter": 0, "Plans": [{"Node Type": "Nested Loop", "Parent Relationship": "Outer", "Join Type": "Inner", "Startup Cost": 4.51, "Total Cost": 2579.71, "Plan Rows": 1, "Plan Width": 25, "Actual Startup Time": 6.03, "Actual Total Time": 126.501, "Actual Rows": 1, "Actual Loops": 1, "Inner Unique": true, "Plans": [{"Node Type": "Nested Loop", "Parent Relationship": "Outer", "Join Type": "Inner", "Startup Cost": 4.51, "Total Cost": 2569.02, "Plan Rows": 33, "Plan Width": 4, "Actual Startup Time": 5.681, "Actual Total Time": 64.348, "Actual Rows": 10544, "Actual Loops": 1, "Inner Unique": false, "Plans": [{"Node Type": "Seq Scan", "Parent Relationship": "Outer", "Relation Name": "keyword", "Alias": "k", "Startup Cost": 0.0, "Total Cost": 2436.11, "Plan Rows": 1, "Plan Width": 4, "Actual Startup Time": 2.377, "Actual Total Time": 41.877, "Actual Rows": 1, "Actual Loops": 1, "Filter": "((keyword)::text = 'sequel'::text)", "Rows Removed by Filter": 134168}, {"Node Type": "Bitmap Heap Scan", "Parent Relationship": "Inner", "Relation Name": "movie_keyword", "Alias": "mk", "Startup Cost": 4.51, "Total Cost": 132.58, "Plan Rows": 33, "Plan Width": 8, "Actual Startup Time": 3.296, "Actual Total Time": 20.334, "Actual Rows": 10544, "Actual Loops": 1, "Recheck Cond": "(keyword_id = k.id)", "Rows Removed by Index Recheck": 0, "Exact Heap Blocks": 5090, "Lossy Heap Blocks": 5090, "Plans": [{"Node Type": "Bitmap Index Scan", "Parent Relationship": "Outer", "Index Name": "keyword_id_movie_keyword", "Startup Cost": 0.0, "Total Cost": 4.5, "Plan Rows": 33, "Plan Width": 0, "Actual Startup Time": 2.369, "Actual Total Time": 2.369, "Actual Rows": 10544, "Actual Loops": 1, "Index Cond": "(keyword_id = k.id)"}]}]}, {"Node Type": "Index Scan", "Parent Relationship": "Inner", "Scan Direction": "Forward", "Index Name": "title_pkey", "Relation Name": "title", "Alias": "t", "Startup Cost": 0.0, "Total Cost": 0.31, "Plan Rows": 1, "Plan Width": 21, "Actual Startup Time": 56.882, "Actual Total Time": 56.882, "Actual Rows": 1, "Actual Loops": 10544, "Index Cond": "(id = mk.movie_id)", "Rows Removed by Index Recheck": 0, "Filter": "(((title)::text ~~ '%Money%'::text) AND (production_year = 1998))", "Rows Removed by Filter": 10543}]}, {"Node Type": "Index Scan", "Parent Relationship": "Inner", "Scan Direction": "Forward", "Index Name": "movie_id_movie_companies", "Relation Name": "movie_companies", "Alias": "mc", "Startup Cost": 0.0, "Total Cost": 0.31, "Plan Rows": 2, "Plan Width": 12, "Actual Startup Time": 0.018, "Actual Total Time": 0.02, "Actual Rows": 3, "Actual Loops": 1, "Index Cond": "(movie_id = mk.movie_id)", "Rows Removed by Index Recheck": 0, "Filter": "(note IS NULL)", "Rows Removed by Filter": 1}]}, {"Node Type": "Index Scan", "Parent Relationship": "Inner", "Scan Direction": "Forward", "Index Name": "company_name_pkey", "Relation Name": "company_name", "Alias": "cn", "Startup Cost": 0.0, "Total Cost": 0.29, "Plan Rows": 1, "Plan Width": 23, "Actual Startup Time": 0.032, "Actual Total Time": 0.032, "Actual Rows": 2, "Actual Loops": 3, "Index Cond": "(id = mc.company_id)", "Rows Removed by Index Recheck": 0, "Filter": "(((country_code)::text <> '[pl]'::text) AND (((name)::text ~~ '%Film%'::text) OR ((name)::text ~~ '%Warner%'::text)))", "Rows Removed by Filter": 1}]}, {"Node Type": "Index Scan", "Parent Relationship": "Inner", "Scan Direction": "Forward", "Index Name": "company_type_pkey", "Relation Name": "company_type", "Alias": "ct", "Startup Cost": 0.0, "Total Cost": 0.27, "Plan Rows": 1, "Plan Width": 4, "Actual Startup Time": 0.008, "Actual Total Time": 0.008, "Actual Rows": 2, "Actual Loops": 2, "Index Cond": "(id = mc.company_type_id)", "Rows Removed by Index Recheck": 0, "Filter": "((kind)::text = 'production companies'::text)", "Rows Removed by Filter": 0}]}, {"Node Type": "Index Scan", "Parent Relationship": "Inner", "Scan Direction": "Forward", "Index Name": "movie_id_movie_link", "Relation Name": "movie_link", "Alias": "ml", "Startup Cost": 0.0, "Total Cost": 0.35, "Plan Rows": 5, "Plan Width": 8, "Actual Startup Time": 0.016, "Actual Total Time": 0.031, "Actual Rows": 38, "Actual Loops": 2, "Index Cond": "(movie_id = mk.movie_id)", "Rows Removed by Index Recheck": 0}]}, {"Node Type": "Index Scan", "Parent Relationship": "Inner", "Scan Direction": "Forward", "Index Name": "link_type_pkey", "Relation Name": "link_type", "Alias": "lt", "Startup Cost": 0.0, "Total Cost": 0.27, "Plan Rows": 1, "Plan Width": 16, "Actual Startup Time": 0.064, "Actual Total Time": 0.064, "Actual Rows": 0, "Actual Loops": 38, "Index Cond": "(id = ml.link_type_id)", "Rows Removed by Index Recheck": 0, "Filter": "((link)::text ~~ '%follows%'::text)", "Rows Removed by Filter": 24}]}]}, "Triggers": [], "Planner Runtime": 87.526, "Total Runtime": 127.163, "Unique SQL Id": 4121279504}}, "(16, 81)": {"explain_plan": {"Plan": {"Node Type": "Aggregate", "Strategy": "Plain", "Startup Cost": 3327.94, "Total Cost": 3327.95, "Plan Rows": 1, "Plan Width": 144, "Plans": [{"Node Type": "Nested Loop", "Parent Relationship": "Outer", "Join Type": "Inner", "Startup Cost": 4.51, "Total Cost": 3327.93, "Plan Rows": 1, "Plan Width": 48, "Inner Unique": true, "Plans": [{"Node Type": "Nested Loop", "Parent Relationship": "Outer", "Join Type": "Inner", "Startup Cost": 4.51, "Total Cost": 3327.65, "Plan Rows": 1, "Plan Width": 40, "Inner Unique": false, "Join Filter": "(t.id = ml.movie_id)", "Plans": [{"Node Type": "Nested Loop", "Parent Relationship": "Outer", "Join Type": "Inner", "Startup Cost": 4.51, "Total Cost": 3327.24, "Plan Rows": 1, "Plan Width": 48, "Inner Unique": true, "Plans": [{"Node Type": "Nested Loop", "Parent Relationship": "Outer", "Join Type": "Inner", "Startup Cost": 4.51, "Total Cost": 3326.95, "Plan Rows": 1, "Plan Width": 52, "Inner Unique": true, "Plans": [{"Node Type": "Nested Loop", "Parent Relationship": "Outer", "Join Type": "Inner", "Startup Cost": 4.51, "Total Cost": 3326.66, "Plan Rows": 1, "Plan Width": 37, "Inner Unique": false, "Join Filter": "(t.id = mc.movie_id)", "Plans": [{"Node Type": "Nested Loop", "Parent Relationship": "Outer", "Join Type": "Inner", "Startup Cost": 4.51, "Total Cost": 3326.32, "Plan Rows": 1, "Plan Width": 25, "Inner Unique": true, "Plans": [{"Node Type": "Nested Loop", "Parent Relationship": "Outer", "Join Type": "Inner", "Startup Cost": 4.51, "Total Cost": 3315.63, "Plan Rows": 33, "Plan Width": 4, "Inner Unique": false, "Plans": [{"Node Type": "Index Scan", "Parent Relationship": "Outer", "Scan Direction": "Forward", "Index Name": "keyword_pkey", "Relation Name": "keyword", "Alias": "k", "Startup Cost": 0.0, "Total Cost": 3182.72, "Plan Rows": 1, "Plan Width": 4, "Filter": "((keyword)::text = 'sequel'::text)"}, {"Node Type": "Bitmap Heap Scan", "Parent Relationship": "Inner", "Relation Name": "movie_keyword", "Alias": "mk", "Startup Cost": 4.51, "Total Cost": 132.58, "Plan Rows": 33, "Plan Width": 8, "Recheck Cond": "(keyword_id = k.id)", "Plans": [{"Node Type": "Bitmap Index Scan", "Parent Relationship": "Outer", "Index Name": "keyword_id_movie_keyword", "Startup Cost": 0.0, "Total Cost": 4.5, "Plan Rows": 33, "Plan Width": 0, "Index Cond": "(keyword_id = k.id)"}]}]}, {"Node Type": "Index Scan", "Parent Relationship": "Inner", "Scan Direction": "Forward", "Index Name": "title_pkey", "Relation Name": "title", "Alias": "t", "Startup Cost": 0.0, "Total Cost": 0.31, "Plan Rows": 1, "Plan Width": 21, "Index Cond": "(id = mk.movie_id)", "Filter": "(((title)::text ~~ '%Money%'::text) AND (production_year = 1998))"}]}, {"Node Type": "Index Scan", "Parent Relationship": "Inner", "Scan Direction": "Forward", "Index Name": "movie_id_movie_companies", "Relation Name": "movie_companies", "Alias": "mc", "Startup Cost": 0.0, "Total Cost": 0.31, "Plan Rows": 2, "Plan Width": 12, "Index Cond": "(movie_id = mk.movie_id)", "Filter": "(note IS NULL)"}]}, {"Node Type": "Index Scan", "Parent Relationship": "Inner", "Scan Direction": "Forward", "Index Name": "company_name_pkey", "Relation Name": "company_name", "Alias": "cn", "Startup Cost": 0.0, "Total Cost": 0.29, "Plan Rows": 1, "Plan Width": 23, "Index Cond": "(id = mc.company_id)", "Filter": "(((country_code)::text <> '[pl]'::text) AND (((name)::text ~~ '%Film%'::text) OR ((name)::text ~~ '%Warner%'::text)))"}]}, {"Node Type": "Index Scan", "Parent Relationship": "Inner", "Scan Direction": "Forward", "Index Name": "company_type_pkey", "Relation Name": "company_type", "Alias": "ct", "Startup Cost": 0.0, "Total Cost": 0.27, "Plan Rows": 1, "Plan Width": 4, "Index Cond": "(id = mc.company_type_id)", "Filter": "((kind)::text = 'production companies'::text)"}]}, {"Node Type": "Index Scan", "Parent Relationship": "Inner", "Scan Direction": "Forward", "Index Name": "movie_id_movie_link", "Relation Name": "movie_link", "Alias": "ml", "Startup Cost": 0.0, "Total Cost": 0.35, "Plan Rows": 5, "Plan Width": 8, "Index Cond": "(movie_id = mk.movie_id)"}]}, {"Node Type": "Index Scan", "Parent Relationship": "Inner", "Scan Direction": "Forward", "Index Name": "link_type_pkey", "Relation Name": "link_type", "Alias": "lt", "Startup Cost": 0.0, "Total Cost": 0.27, "Plan Rows": 1, "Plan Width": 16, "Index Cond": "(id = ml.link_type_id)", "Filter": "((link)::text ~~ '%follows%'::text)"}]}]}, "Unique SQL Id": 4121279504}, "explain_analyze_plan": {"Plan": {"Node Type": "Aggregate", "Strategy": "Plain", "Startup Cost": 3327.94, "Total Cost": 3327.95, "Plan Rows": 1, "Plan Width": 144, "Actual Startup Time": 210.021, "Actual Total Time": 210.022, "Actual Rows": 1, "Actual Loops": 1, "Plans": [{"Node Type": "Nested Loop", "Parent Relationship": "Outer", "Join Type": "Inner", "Startup Cost": 4.51, "Total Cost": 3327.93, "Plan Rows": 1, "Plan Width": 48, "Actual Startup Time": 210.015, "Actual Total Time": 210.015, "Actual Rows": 0, "Actual Loops": 1, "Inner Unique": true, "Plans": [{"Node Type": "Nested Loop", "Parent Relationship": "Outer", "Join Type": "Inner", "Startup Cost": 4.51, "Total Cost": 3327.65, "Plan Rows": 1, "Plan Width": 40, "Actual Startup Time": 4.252, "Actual Total Time": 209.927, "Actual Rows": 38, "Actual Loops": 1, "Inner Unique": false, "Join Filter": "(t.id = ml.movie_id)", "Rows Removed by Join Filter": 0, "Plans": [{"Node Type": "Nested Loop", "Parent Relationship": "Outer", "Join Type": "Inner", "Startup Cost": 4.51, "Total Cost": 3327.24, "Plan Rows": 1, "Plan Width": 48, "Actual Startup Time": 4.237, "Actual Total Time": 209.878, "Actual Rows": 2, "Actual Loops": 1, "Inner Unique": true, "Plans": [{"Node Type": "Nested Loop", "Parent Relationship": "Outer", "Join Type": "Inner", "Startup Cost": 4.51, "Total Cost": 3326.95, "Plan Rows": 1, "Plan Width": 52, "Actual Startup Time": 4.228, "Actual Total Time": 209.865, "Actual Rows": 2, "Actual Loops": 1, "Inner Unique": true, "Plans": [{"Node Type": "Nested Loop", "Parent Relationship": "Outer", "Join Type": "Inner", "Startup Cost": 4.51, "Total Cost": 3326.66, "Plan Rows": 1, "Plan Width": 37, "Actual Startup Time": 4.21, "Actual Total Time": 209.826, "Actual Rows": 3, "Actual Loops": 1, "Inner Unique": false, "Join Filter": "(t.id = mc.movie_id)", "Rows Removed by Join Filter": 0, "Plans": [{"Node Type": "Nested Loop", "Parent Relationship": "Outer", "Join Type": "Inner", "Startup Cost": 4.51, "Total Cost": 3326.32, "Plan Rows": 1, "Plan Width": 25, "Actual Startup Time": 4.189, "Actual Total Time": 209.801, "Actual Rows": 1, "Actual Loops": 1, "Inner Unique": true, "Plans": [{"Node Type": "Nested Loop", "Parent Relationship": "Outer", "Join Type": "Inner", "Startup Cost": 4.51, "Total Cost": 3315.63, "Plan Rows": 33, "Plan Width": 4, "Actual Startup Time": 3.839, "Actual Total Time": 145.857, "Actual Rows": 10544, "Actual Loops": 1, "Inner Unique": false, "Plans": [{"Node Type": "Index Scan", "Parent Relationship": "Outer", "Scan Direction": "Forward", "Index Name": "keyword_pkey", "Relation Name": "keyword", "Alias": "k", "Startup Cost": 0.0, "Total Cost": 3182.72, "Plan Rows": 1, "Plan Width": 4, "Actual Startup Time": 0.526, "Actual Total Time": 122.744, "Actual Rows": 1, "Actual Loops": 1, "Filter": "((keyword)::text = 'sequel'::text)", "Rows Removed by Filter": 134168}, {"Node Type": "Bitmap Heap Scan", "Parent Relationship": "Inner", "Relation Name": "movie_keyword", "Alias": "mk", "Startup Cost": 4.51, "Total Cost": 132.58, "Plan Rows": 33, "Plan Width": 8, "Actual Startup Time": 3.306, "Actual Total Time": 20.899, "Actual Rows": 10544, "Actual Loops": 1, "Recheck Cond": "(keyword_id = k.id)", "Rows Removed by Index Recheck": 0, "Exact Heap Blocks": 5090, "Lossy Heap Blocks": 5090, "Plans": [{"Node Type": "Bitmap Index Scan", "Parent Relationship": "Outer", "Index Name": "keyword_id_movie_keyword", "Startup Cost": 0.0, "Total Cost": 4.5, "Plan Rows": 33, "Plan Width": 0, "Actual Startup Time": 2.388, "Actual Total Time": 2.388, "Actual Rows": 10544, "Actual Loops": 1, "Index Cond": "(keyword_id = k.id)"}]}]}, {"Node Type": "Index Scan", "Parent Relationship": "Inner", "Scan Direction": "Forward", "Index Name": "title_pkey", "Relation Name": "title", "Alias": "t", "Startup Cost": 0.0, "Total Cost": 0.31, "Plan Rows": 1, "Plan Width": 21, "Actual Startup Time": 58.603, "Actual Total Time": 58.603, "Actual Rows": 1, "Actual Loops": 10544, "Index Cond": "(id = mk.movie_id)", "Rows Removed by Index Recheck": 0, "Filter": "(((title)::text ~~ '%Money%'::text) AND (production_year = 1998))", "Rows Removed by Filter": 10543}]}, {"Node Type": "Index Scan", "Parent Relationship": "Inner", "Scan Direction": "Forward", "Index Name": "movie_id_movie_companies", "Relation Name": "movie_companies", "Alias": "mc", "Startup Cost": 0.0, "Total Cost": 0.31, "Plan Rows": 2, "Plan Width": 12, "Actual Startup Time": 0.017, "Actual Total Time": 0.019, "Actual Rows": 3, "Actual Loops": 1, "Index Cond": "(movie_id = mk.movie_id)", "Rows Removed by Index Recheck": 0, "Filter": "(note IS NULL)", "Rows Removed by Filter": 1}]}, {"Node Type": "Index Scan", "Parent Relationship": "Inner", "Scan Direction": "Forward", "Index Name": "company_name_pkey", "Relation Name": "company_name", "Alias": "cn", "Startup Cost": 0.0, "Total Cost": 0.29, "Plan Rows": 1, "Plan Width": 23, "Actual Startup Time": 0.034, "Actual Total Time": 0.034, "Actual Rows": 2, "Actual Loops": 3, "Index Cond": "(id = mc.company_id)", "Rows Removed by Index Recheck": 0, "Filter": "(((country_code)::text <> '[pl]'::text) AND (((name)::text ~~ '%Film%'::text) OR ((name)::text ~~ '%Warner%'::text)))", "Rows Removed by Filter": 1}]}, {"Node Type": "Index Scan", "Parent Relationship": "Inner", "Scan Direction": "Forward", "Index Name": "company_type_pkey", "Relation Name": "company_type", "Alias": "ct", "Startup Cost": 0.0, "Total Cost": 0.27, "Plan Rows": 1, "Plan Width": 4, "Actual Startup Time": 0.009, "Actual Total Time": 0.009, "Actual Rows": 2, "Actual Loops": 2, "Index Cond": "(id = mc.company_type_id)", "Rows Removed by Index Recheck": 0, "Filter": "((kind)::text = 'production companies'::text)", "Rows Removed by Filter": 0}]}, {"Node Type": "Index Scan", "Parent Relationship": "Inner", "Scan Direction": "Forward", "Index Name": "movie_id_movie_link", "Relation Name": "movie_link", "Alias": "ml", "Startup Cost": 0.0, "Total Cost": 0.35, "Plan Rows": 5, "Plan Width": 8, "Actual Startup Time": 0.016, "Actual Total Time": 0.029, "Actual Rows": 38, "Actual Loops": 2, "Index Cond": "(movie_id = mk.movie_id)", "Rows Removed by Index Recheck": 0}]}, {"Node Type": "Index Scan", "Parent Relationship": "Inner", "Scan Direction": "Forward", "Index Name": "link_type_pkey", "Relation Name": "link_type", "Alias": "lt", "Startup Cost": 0.0, "Total Cost": 0.27, "Plan Rows": 1, "Plan Width": 16, "Actual Startup Time": 0.063, "Actual Total Time": 0.063, "Actual Rows": 0, "Actual Loops": 38, "Index Cond": "(id = ml.link_type_id)", "Rows Removed by Index Recheck": 0, "Filter": "((link)::text ~~ '%follows%'::text)", "Rows Removed by Filter": 24}]}]}, "Triggers": [], "Planner Runtime": 75.74, "Total Runtime": 210.444, "Unique SQL Id": 4121279504}}, "(16, 82)": {"explain_plan": {"Plan": {"Node Type": "Aggregate", "Strategy": "Plain", "Startup Cost": 2726.08, "Total Cost": 2726.09, "Plan Rows": 1, "Plan Width": 144, "Plans": [{"Node Type": "Nested Loop", "Parent Relationship": "Outer", "Join Type": "Inner", "Startup Cost": 2722.02, "Total Cost": 2726.07, "Plan Rows": 1, "Plan Width": 48, "Inner Unique": true, "Plans": [{"Node Type": "Merge Join", "Parent Relationship": "Outer", "Join Type": "Inner", "Startup Cost": 2721.76, "Total Cost": 2721.79, "Plan Rows": 1, "Plan Width": 33, "Inner Unique": true, "Merge Cond": "(mc.company_type_id = ct.id)", "Plans": [{"Node Type": "Sort", "Parent Relationship": "Outer", "Startup Cost": 2720.71, "Total Cost": 2720.72, "Plan Rows": 1, "Plan Width": 37, "Sort Key": ["mc.company_type_id"], "Plans": [{"Node Type": "Merge Join", "Parent Relationship": "Outer", "Join Type": "Inner", "Startup Cost": 2720.68, "Total Cost": 2720.7, "Plan Rows": 1, "Plan Width": 37, "Inner Unique": true, "Merge Cond": "(ml.link_type_id = lt.id)", "Plans": [{"Node Type": "Sort", "Parent Relationship": "Outer", "Startup Cost": 2719.46, "Total Cost": 2719.46, "Plan Rows": 1, "Plan Width": 29, "Sort Key": ["ml.link_type_id"], "Plans": [{"Node Type": "Nested Loop", "Parent Relationship": "Outer", "Join Type": "Inner", "Startup Cost": 5.33, "Total Cost": 2719.45, "Plan Rows": 1, "Plan Width": 29, "Inner Unique": false, "Join Filter": "(t.id = ml.movie_id)", "Plans": [{"Node Type": "Nested Loop", "Parent Relationship": "Outer", "Join Type": "Inner", "Startup Cost": 5.05, "Total Cost": 2715.03, "Plan Rows": 1, "Plan Width": 37, "Inner Unique": false, "Join Filter": "(t.id = mc.movie_id)", "Plans": [{"Node Type": "Nested Loop", "Parent Relationship": "Outer", "Join Type": "Inner", "Startup Cost": 4.77, "Total Cost": 2710.71, "Plan Rows": 1, "Plan Width": 25, "Inner Unique": true, "Plans": [{"Node Type": "Nested Loop", "Parent Relationship": "Outer", "Join Type": "Inner", "Startup Cost": 4.51, "Total Cost": 2569.02, "Plan Rows": 33, "Plan Width": 4, "Inner Unique": false, "Plans": [{"Node Type": "Seq Scan", "Parent Relationship": "Outer", "Relation Name": "keyword", "Alias": "k", "Startup Cost": 0.0, "Total Cost": 2436.11, "Plan Rows": 1, "Plan Width": 4, "Filter": "((keyword)::text = 'sequel'::text)"}, {"Node Type": "Bitmap Heap Scan", "Parent Relationship": "Inner", "Relation Name": "movie_keyword", "Alias": "mk", "Startup Cost": 4.51, "Total Cost": 132.58, "Plan Rows": 33, "Plan Width": 8, "Recheck Cond": "(keyword_id = k.id)", "Plans": [{"Node Type": "Bitmap Index Scan", "Parent Relationship": "Outer", "Index Name": "keyword_id_movie_keyword", "Startup Cost": 0.0, "Total Cost": 4.5, "Plan Rows": 33, "Plan Width": 0, "Index Cond": "(keyword_id = k.id)"}]}]}, {"Node Type": "Bitmap Heap Scan", "Parent Relationship": "Inner", "Relation Name": "title", "Alias": "t", "Startup Cost": 0.27, "Total Cost": 4.28, "Plan Rows": 1, "Plan Width": 21, "Recheck Cond": "(id = mk.movie_id)", "Filter": "(((title)::text ~~ '%Money%'::text) AND (production_year = 1998))", "Plans": [{"Node Type": "Bitmap Index Scan", "Parent Relationship": "Outer", "Index Name": "title_pkey", "Startup Cost": 0.0, "Total Cost": 0.27, "Plan Rows": 1, "Plan Width": 0, "Index Cond": "(id = mk.movie_id)"}]}]}, {"Node Type": "Bitmap Heap Scan", "Parent Relationship": "Inner", "Relation Name": "movie_companies", "Alias": "mc", "Startup Cost": 0.27, "Total Cost": 4.3, "Plan Rows": 2, "Plan Width": 12, "Recheck Cond": "(movie_id = mk.movie_id)", "Filter": "(note IS NULL)", "Plans": [{"Node Type": "Bitmap Index Scan", "Parent Relationship": "Outer", "Index Name": "movie_id_movie_companies", "Startup Cost": 0.0, "Total Cost": 0.27, "Plan Rows": 2, "Plan Width": 0, "Index Cond": "(movie_id = mk.movie_id)"}]}]}, {"Node Type": "Bitmap Heap Scan", "Parent Relationship": "Inner", "Relation Name": "movie_link", "Alias": "ml", "Startup Cost": 0.29, "Total Cost": 4.35, "Plan Rows": 5, "Plan Width": 8, "Recheck Cond": "(movie_id = mk.movie_id)", "Plans": [{"Node Type": "Bitmap Index Scan", "Parent Relationship": "Outer", "Index Name": "movie_id_movie_link", "Startup Cost": 0.0, "Total Cost": 0.29, "Plan Rows": 5, "Plan Width": 0, "Index Cond": "(movie_id = mk.movie_id)"}]}]}]}, {"Node Type": "Sort", "Parent Relationship": "Inner", "Startup Cost": 1.22, "Total Cost": 1.23, "Plan Rows": 1, "Plan Width": 16, "Sort Key": ["lt.id"], "Plans": [{"Node Type": "Seq Scan", "Parent Relationship": "Outer", "Relation Name": "link_type", "Alias": "lt", "Startup Cost": 0.0, "Total Cost": 1.21, "Plan Rows": 1, "Plan Width": 16, "Filter": "((link)::text ~~ '%follows%'::text)"}]}]}]}, {"Node Type": "Sort", "Parent Relationship": "Inner", "Startup Cost": 1.05, "Total Cost": 1.05, "Plan Rows": 1, "Plan Width": 4, "Sort Key": ["ct.id"], "Plans": [{"Node Type": "Seq Scan", "Parent Relationship": "Outer", "Relation Name": "company_type", "Alias": "ct", "Startup Cost": 0.0, "Total Cost": 1.04, "Plan Rows": 1, "Plan Width": 4, "Filter": "((kind)::text = 'production companies'::text)"}]}]}, {"Node Type": "Bitmap Heap Scan", "Parent Relationship": "Inner", "Relation Name": "company_name", "Alias": "cn", "Startup Cost": 0.26, "Total Cost": 4.28, "Plan Rows": 1, "Plan Width": 23, "Recheck Cond": "(id = mc.company_id)", "Filter": "(((country_code)::text <> '[pl]'::text) AND (((name)::text ~~ '%Film%'::text) OR ((name)::text ~~ '%Warner%'::text)))", "Plans": [{"Node Type": "Bitmap Index Scan", "Parent Relationship": "Outer", "Index Name": "company_name_pkey", "Startup Cost": 0.0, "Total Cost": 0.26, "Plan Rows": 1, "Plan Width": 0, "Index Cond": "(id = mc.company_id)"}]}]}]}, "Unique SQL Id": 4121279504}, "explain_analyze_plan": {"Plan": {"Node Type": "Aggregate", "Strategy": "Plain", "Startup Cost": 2726.08, "Total Cost": 2726.09, "Plan Rows": 1, "Plan Width": 144, "Actual Startup Time": 122.618, "Actual Total Time": 122.619, "Actual Rows": 1, "Actual Loops": 1, "Plans": [{"Node Type": "Nested Loop", "Parent Relationship": "Outer", "Join Type": "Inner", "Startup Cost": 2722.02, "Total Cost": 2726.07, "Plan Rows": 1, "Plan Width": 48, "Actual Startup Time": 122.608, "Actual Total Time": 122.608, "Actual Rows": 0, "Actual Loops": 1, "Inner Unique": true, "Plans": [{"Node Type": "Merge Join", "Parent Relationship": "Outer", "Join Type": "Inner", "Startup Cost": 2721.76, "Total Cost": 2721.79, "Plan Rows": 1, "Plan Width": 33, "Actual Startup Time": 122.606, "Actual Total Time": 122.606, "Actual Rows": 0, "Actual Loops": 1, "Inner Unique": true, "Merge Cond": "(mc.company_type_id = ct.id)", "Plans": [{"Node Type": "Sort", "Parent Relationship": "Outer", "Startup Cost": 2720.71, "Total Cost": 2720.72, "Plan Rows": 1, "Plan Width": 37, "Actual Startup Time": 122.602, "Actual Total Time": 122.602, "Actual Rows": 0, "Actual Loops": 1, "Sort Key": ["mc.company_type_id"], "Sort Method": "quicksort", "Sort Space Used": 25, "Sort Space Type": "Memory", "Plans": [{"Node Type": "Merge Join", "Parent Relationship": "Outer", "Join Type": "Inner", "Startup Cost": 2720.68, "Total Cost": 2720.7, "Plan Rows": 1, "Plan Width": 37, "Actual Startup Time": 122.592, "Actual Total Time": 122.592, "Actual Rows": 0, "Actual Loops": 1, "Inner Unique": true, "Merge Cond": "(ml.link_type_id = lt.id)", "Plans": [{"Node Type": "Sort", "Parent Relationship": "Outer", "Startup Cost": 2719.46, "Total Cost": 2719.46, "Plan Rows": 1, "Plan Width": 29, "Actual Startup Time": 122.514, "Actual Total Time": 122.514, "Actual Rows": 1, "Actual Loops": 1, "Sort Key": ["ml.link_type_id"], "Sort Method": "quicksort", "Sort Space Used": 30, "Sort Space Type": "Memory", "Plans": [{"Node Type": "Nested Loop", "Parent Relationship": "Outer", "Join Type": "Inner", "Startup Cost": 5.33, "Total Cost": 2719.45, "Plan Rows": 1, "Plan Width": 29, "Actual Startup Time": 5.638, "Actual Total Time": 122.486, "Actual Rows": 57, "Actual Loops": 1, "Inner Unique": false, "Join Filter": "(t.id = ml.movie_id)", "Rows Removed by Join Filter": 0, "Plans": [{"Node Type": "Nested Loop", "Parent Relationship": "Outer", "Join Type": "Inner", "Startup Cost": 5.05, "Total Cost": 2715.03, "Plan Rows": 1, "Plan Width": 37, "Actual Startup Time": 5.616, "Actual Total Time": 122.415, "Actual Rows": 3, "Actual Loops": 1, "Inner Unique": false, "Join Filter": "(t.id = mc.movie_id)", "Rows Removed by Join Filter": 0, "Plans": [{"Node Type": "Nested Loop", "Parent Relationship": "Outer", "Join Type": "Inner", "Startup Cost": 4.77, "Total Cost": 2710.71, "Plan Rows": 1, "Plan Width": 25, "Actual Startup Time": 5.581, "Actual Total Time": 122.379, "Actual Rows": 1, "Actual Loops": 1, "Inner Unique": true, "Plans": [{"Node Type": "Nested Loop", "Parent Relationship": "Outer", "Join Type": "Inner", "Startup Cost": 4.51, "Total Cost": 2569.02, "Plan Rows": 33, "Plan Width": 4, "Actual Startup Time": 5.262, "Actual Total Time": 57.065, "Actual Rows": 10544, "Actual Loops": 1, "Inner Unique": false, "Plans": [{"Node Type": "Seq Scan", "Parent Relationship": "Outer", "Relation Name": "keyword", "Alias": "k", "Startup Cost": 0.0, "Total Cost": 2436.11, "Plan Rows": 1, "Plan Width": 4, "Actual Startup Time": 2.316, "Actual Total Time": 40.541, "Actual Rows": 1, "Actual Loops": 1, "Filter": "((keyword)::text = 'sequel'::text)", "Rows Removed by Filter": 134168}, {"Node Type": "Bitmap Heap Scan", "Parent Relationship": "Inner", "Relation Name": "movie_keyword", "Alias": "mk", "Startup Cost": 4.51, "Total Cost": 132.58, "Plan Rows": 33, "Plan Width": 8, "Actual Startup Time": 2.936, "Actual Total Time": 14.386, "Actual Rows": 10544, "Actual Loops": 1, "Recheck Cond": "(keyword_id = k.id)", "Rows Removed by Index Recheck": 0, "Exact Heap Blocks": 5090, "Lossy Heap Blocks": 5090, "Plans": [{"Node Type": "Bitmap Index Scan", "Parent Relationship": "Outer", "Index Name": "keyword_id_movie_keyword", "Startup Cost": 0.0, "Total Cost": 4.5, "Plan Rows": 33, "Plan Width": 0, "Actual Startup Time": 2.02, "Actual Total Time": 2.02, "Actual Rows": 10544, "Actual Loops": 1, "Index Cond": "(keyword_id = k.id)"}]}]}, {"Node Type": "Bitmap Heap Scan", "Parent Relationship": "Inner", "Relation Name": "title", "Alias": "t", "Startup Cost": 0.27, "Total Cost": 4.28, "Plan Rows": 1, "Plan Width": 21, "Actual Startup Time": 53.482, "Actual Total Time": 53.482, "Actual Rows": 1, "Actual Loops": 10544, "Recheck Cond": "(id = mk.movie_id)", "Rows Removed by Index Recheck": 0, "Filter": "(((title)::text ~~ '%Money%'::text) AND (production_year = 1998))", "Rows Removed by Filter": 10543, "Exact Heap Blocks": 10544, "Lossy Heap Blocks": 10544, "Plans": [{"Node Type": "Bitmap Index Scan", "Parent Relationship": "Outer", "Index Name": "title_pkey", "Startup Cost": 0.0, "Total Cost": 0.27, "Plan Rows": 1, "Plan Width": 0, "Actual Startup Time": 28.4, "Actual Total Time": 28.4, "Actual Rows": 10544, "Actual Loops": 10544, "Index Cond": "(id = mk.movie_id)"}]}]}, {"Node Type": "Bitmap Heap Scan", "Parent Relationship": "Inner", "Relation Name": "movie_companies", "Alias": "mc", "Startup Cost": 0.27, "Total Cost": 4.3, "Plan Rows": 2, "Plan Width": 12, "Actual Startup Time": 0.03, "Actual Total Time": 0.03, "Actual Rows": 3, "Actual Loops": 1, "Recheck Cond": "(movie_id = mk.movie_id)", "Rows Removed by Index Recheck": 0, "Filter": "(note IS NULL)", "Rows Removed by Filter": 1, "Exact Heap Blocks": 2, "Lossy Heap Blocks": 2, "Plans": [{"Node Type": "Bitmap Index Scan", "Parent Relationship": "Outer", "Index Name": "movie_id_movie_companies", "Startup Cost": 0.0, "Total Cost": 0.27, "Plan Rows": 2, "Plan Width": 0, "Actual Startup Time": 0.009, "Actual Total Time": 0.009, "Actual Rows": 4, "Actual Loops": 1, "Index Cond": "(movie_id = mk.movie_id)"}]}]}, {"Node Type": "Bitmap Heap Scan", "Parent Relationship": "Inner", "Relation Name": "movie_link", "Alias": "ml", "Startup Cost": 0.29, "Total Cost": 4.35, "Plan Rows": 5, "Plan Width": 8, "Actual Startup Time": 0.029, "Actual Total Time": 0.038, "Actual Rows": 57, "Actual Loops": 3, "Recheck Cond": "(movie_id = mk.movie_id)", "Rows Removed by Index Recheck": 0, "Exact Heap Blocks": 3, "Lossy Heap Blocks": 3, "Plans": [{"Node Type": "Bitmap Index Scan", "Parent Relationship": "Outer", "Index Name": "movie_id_movie_link", "Startup Cost": 0.0, "Total Cost": 0.29, "Plan Rows": 5, "Plan Width": 0, "Actual Startup Time": 0.017, "Actual Total Time": 0.017, "Actual Rows": 57, "Actual Loops": 3, "Index Cond": "(movie_id = mk.movie_id)"}]}]}]}, {"Node Type": "Sort", "Parent Relationship": "Inner", "Startup Cost": 1.22, "Total Cost": 1.23, "Plan Rows": 1, "Plan Width": 16, "Actual Startup Time": 0.062, "Actual Total Time": 0.062, "Actual Rows": 0, "Actual Loops": 1, "Sort Key": ["lt.id"], "Sort Method": "quicksort", "Sort Space Used": 25, "Sort Space Type": "Memory", "Plans": [{"Node Type": "Seq Scan", "Parent Relationship": "Outer", "Relation Name": "link_type", "Alias": "lt", "Startup Cost": 0.0, "Total Cost": 1.21, "Plan Rows": 1, "Plan Width": 16, "Actual Startup Time": 0.042, "Actual Total Time": 0.042, "Actual Rows": 0, "Actual Loops": 1, "Filter": "((link)::text ~~ '%follows%'::text)", "Rows Removed by Filter": 17}]}]}]}, {"Node Type": "Sort", "Parent Relationship": "Inner", "Startup Cost": 1.05, "Total Cost": 1.05, "Plan Rows": 1, "Plan Width": 4, "Actual Startup Time": 0.0, "Actual Total Time": 0.0, "Sort Key": ["ct.id"], "Plans": [{"Node Type": "Seq Scan", "Parent Relationship": "Outer", "Relation Name": "company_type", "Alias": "ct", "Startup Cost": 0.0, "Total Cost": 1.04, "Plan Rows": 1, "Plan Width": 4, "Actual Startup Time": 0.0, "Actual Total Time": 0.0, "Filter": "((kind)::text = 'production companies'::text)", "Rows Removed by Filter": 0}]}]}, {"Node Type": "Bitmap Heap Scan", "Parent Relationship": "Inner", "Relation Name": "company_name", "Alias": "cn", "Startup Cost": 0.26, "Total Cost": 4.28, "Plan Rows": 1, "Plan Width": 23, "Actual Startup Time": 0.0, "Actual Total Time": 0.0, "Recheck Cond": "(id = mc.company_id)", "Rows Removed by Index Recheck": 0, "Filter": "(((country_code)::text <> '[pl]'::text) AND (((name)::text ~~ '%Film%'::text) OR ((name)::text ~~ '%Warner%'::text)))", "Rows Removed by Filter": 0, "Exact Heap Blocks": 0, "Lossy Heap Blocks": 0, "Plans": [{"Node Type": "Bitmap Index Scan", "Parent Relationship": "Outer", "Index Name": "company_name_pkey", "Startup Cost": 0.0, "Total Cost": 0.26, "Plan Rows": 1, "Plan Width": 0, "Actual Startup Time": 0.0, "Actual Total Time": 0.0, "Index Cond": "(id = mc.company_id)"}]}]}]}, "Triggers": [], "Planner Runtime": 53.789, "Total Runtime": 123.189, "Unique SQL Id": 4121279504}}, "(16, 83)": {"explain_plan": {"Plan": {"Node Type": "Aggregate", "Strategy": "Plain", "Startup Cost": 3451.4, "Total Cost": 3451.41, "Plan Rows": 1, "Plan Width": 144, "Plans": [{"Node Type": "Nested Loop", "Parent Relationship": "Outer", "Join Type": "Inner", "Startup Cost": 725.2, "Total Cost": 3451.4, "Plan Rows": 1, "Plan Width": 48, "Inner Unique": true, "Plans": [{"Node Type": "Nested Loop", "Parent Relationship": "Outer", "Join Type": "Inner", "Startup Cost": 724.95, "Total Cost": 3447.11, "Plan Rows": 1, "Plan Width": 40, "Inner Unique": false, "Join Filter": "(t.id = ml.movie_id)", "Plans": [{"Node Type": "Nested Loop", "Parent Relationship": "Outer", "Join Type": "Inner", "Startup Cost": 724.66, "Total Cost": 3442.7, "Plan Rows": 1, "Plan Width": 48, "Inner Unique": true, "Plans": [{"Node Type": "Nested Loop", "Parent Relationship": "Outer", "Join Type": "Inner", "Startup Cost": 724.4, "Total Cost": 3438.42, "Plan Rows": 1, "Plan Width": 52, "Inner Unique": true, "Plans": [{"Node Type": "Nested Loop", "Parent Relationship": "Outer", "Join Type": "Inner", "Startup Cost": 724.14, "Total Cost": 3434.13, "Plan Rows": 1, "Plan Width": 37, "Inner Unique": false, "Join Filter": "(t.id = mc.movie_id)", "Plans": [{"Node Type": "Nested Loop", "Parent Relationship": "Outer", "Join Type": "Inner", "Startup Cost": 723.87, "Total Cost": 3429.8, "Plan Rows": 1, "Plan Width": 25, "Inner Unique": true, "Plans": [{"Node Type": "Nested Loop", "Parent Relationship": "Outer", "Join Type": "Inner", "Startup Cost": 723.6, "Total Cost": 3288.12, "Plan Rows": 33, "Plan Width": 4, "Inner Unique": false, "Plans": [{"Node Type": "Bitmap Heap Scan", "Parent Relationship": "Outer", "Relation Name": "keyword", "Alias": "k", "Startup Cost": 719.1, "Total Cost": 3155.21, "Plan Rows": 1, "Plan Width": 4, "Filter": "((keyword)::text = 'sequel'::text)", "Plans": [{"Node Type": "Bitmap Index Scan", "Parent Relationship": "Outer", "Index Name": "keyword_pkey", "Startup Cost": 0.0, "Total Cost": 719.1, "Plan Rows": 134169, "Plan Width": 0}]}, {"Node Type": "Bitmap Heap Scan", "Parent Relationship": "Inner", "Relation Name": "movie_keyword", "Alias": "mk", "Startup Cost": 4.51, "Total Cost": 132.58, "Plan Rows": 33, "Plan Width": 8, "Recheck Cond": "(keyword_id = k.id)", "Plans": [{"Node Type": "Bitmap Index Scan", "Parent Relationship": "Outer", "Index Name": "keyword_id_movie_keyword", "Startup Cost": 0.0, "Total Cost": 4.5, "Plan Rows": 33, "Plan Width": 0, "Index Cond": "(keyword_id = k.id)"}]}]}, {"Node Type": "Bitmap Heap Scan", "Parent Relationship": "Inner", "Relation Name": "title", "Alias": "t", "Startup Cost": 0.27, "Total Cost": 4.28, "Plan Rows": 1, "Plan Width": 21, "Recheck Cond": "(id = mk.movie_id)", "Filter": "(((title)::text ~~ '%Money%'::text) AND (production_year = 1998))", "Plans": [{"Node Type": "Bitmap Index Scan", "Parent Relationship": "Outer", "Index Name": "title_pkey", "Startup Cost": 0.0, "Total Cost": 0.27, "Plan Rows": 1, "Plan Width": 0, "Index Cond": "(id = mk.movie_id)"}]}]}, {"Node Type": "Bitmap Heap Scan", "Parent Relationship": "Inner", "Relation Name": "movie_companies", "Alias": "mc", "Startup Cost": 0.27, "Total Cost": 4.3, "Plan Rows": 2, "Plan Width": 12, "Recheck Cond": "(movie_id = mk.movie_id)", "Filter": "(note IS NULL)", "Plans": [{"Node Type": "Bitmap Index Scan", "Parent Relationship": "Outer", "Index Name": "movie_id_movie_companies", "Startup Cost": 0.0, "Total Cost": 0.27, "Plan Rows": 2, "Plan Width": 0, "Index Cond": "(movie_id = mk.movie_id)"}]}]}, {"Node Type": "Bitmap Heap Scan", "Parent Relationship": "Inner", "Relation Name": "company_name", "Alias": "cn", "Startup Cost": 0.26, "Total Cost": 4.28, "Plan Rows": 1, "Plan Width": 23, "Recheck Cond": "(id = mc.company_id)", "Filter": "(((country_code)::text <> '[pl]'::text) AND (((name)::text ~~ '%Film%'::text) OR ((name)::text ~~ '%Warner%'::text)))", "Plans": [{"Node Type": "Bitmap Index Scan", "Parent Relationship": "Outer", "Index Name": "company_name_pkey", "Startup Cost": 0.0, "Total Cost": 0.26, "Plan Rows": 1, "Plan Width": 0, "Index Cond": "(id = mc.company_id)"}]}]}, {"Node Type": "Bitmap Heap Scan", "Parent Relationship": "Inner", "Relation Name": "company_type", "Alias": "ct", "Startup Cost": 0.26, "Total Cost": 4.27, "Plan Rows": 1, "Plan Width": 4, "Recheck Cond": "(id = mc.company_type_id)", "Filter": "((kind)::text = 'production companies'::text)", "Plans": [{"Node Type": "Bitmap Index Scan", "Parent Relationship": "Outer", "Index Name": "company_type_pkey", "Startup Cost": 0.0, "Total Cost": 0.26, "Plan Rows": 1, "Plan Width": 0, "Index Cond": "(id = mc.company_type_id)"}]}]}, {"Node Type": "Bitmap Heap Scan", "Parent Relationship": "Inner", "Relation Name": "movie_link", "Alias": "ml", "Startup Cost": 0.29, "Total Cost": 4.35, "Plan Rows": 5, "Plan Width": 8, "Recheck Cond": "(movie_id = mk.movie_id)", "Plans": [{"Node Type": "Bitmap Index Scan", "Parent Relationship": "Outer", "Index Name": "movie_id_movie_link", "Startup Cost": 0.0, "Total Cost": 0.29, "Plan Rows": 5, "Plan Width": 0, "Index Cond": "(movie_id = mk.movie_id)"}]}]}, {"Node Type": "Bitmap Heap Scan", "Parent Relationship": "Inner", "Relation Name": "link_type", "Alias": "lt", "Startup Cost": 0.26, "Total Cost": 4.27, "Plan Rows": 1, "Plan Width": 16, "Recheck Cond": "(id = ml.link_type_id)", "Filter": "((link)::text ~~ '%follows%'::text)", "Plans": [{"Node Type": "Bitmap Index Scan", "Parent Relationship": "Outer", "Index Name": "link_type_pkey", "Startup Cost": 0.0, "Total Cost": 0.26, "Plan Rows": 1, "Plan Width": 0, "Index Cond": "(id = ml.link_type_id)"}]}]}]}, "Unique SQL Id": 4121279504}, "explain_analyze_plan": {"Plan": {"Node Type": "Aggregate", "Strategy": "Plain", "Startup Cost": 3451.4, "Total Cost": 3451.41, "Plan Rows": 1, "Plan Width": 144, "Actual Startup Time": 152.6, "Actual Total Time": 152.601, "Actual Rows": 1, "Actual Loops": 1, "Plans": [{"Node Type": "Nested Loop", "Parent Relationship": "Outer", "Join Type": "Inner", "Startup Cost": 725.2, "Total Cost": 3451.4, "Plan Rows": 1, "Plan Width": 48, "Actual Startup Time": 152.588, "Actual Total Time": 152.588, "Actual Rows": 0, "Actual Loops": 1, "Inner Unique": true, "Plans": [{"Node Type": "Nested Loop", "Parent Relationship": "Outer", "Join Type": "Inner", "Startup Cost": 724.95, "Total Cost": 3447.11, "Plan Rows": 1, "Plan Width": 40, "Actual Startup Time": 18.148, "Actual Total Time": 152.437, "Actual Rows": 38, "Actual Loops": 1, "Inner Unique": false, "Join Filter": "(t.id = ml.movie_id)", "Rows Removed by Join Filter": 0, "Plans": [{"Node Type": "Nested Loop", "Parent Relationship": "Outer", "Join Type": "Inner", "Startup Cost": 724.66, "Total Cost": 3442.7, "Plan Rows": 1, "Plan Width": 48, "Actual Startup Time": 18.12, "Actual Total Time": 152.376, "Actual Rows": 2, "Actual Loops": 1, "Inner Unique": true, "Plans": [{"Node Type": "Nested Loop", "Parent Relationship": "Outer", "Join Type": "Inner", "Startup Cost": 724.4, "Total Cost": 3438.42, "Plan Rows": 1, "Plan Width": 52, "Actual Startup Time": 18.104, "Actual Total Time": 152.355, "Actual Rows": 2, "Actual Loops": 1, "Inner Unique": true, "Plans": [{"Node Type": "Nested Loop", "Parent Relationship": "Outer", "Join Type": "Inner", "Startup Cost": 724.14, "Total Cost": 3434.13, "Plan Rows": 1, "Plan Width": 37, "Actual Startup Time": 18.071, "Actual Total Time": 152.299, "Actual Rows": 3, "Actual Loops": 1, "Inner Unique": false, "Join Filter": "(t.id = mc.movie_id)", "Rows Removed by Join Filter": 0, "Plans": [{"Node Type": "Nested Loop", "Parent Relationship": "Outer", "Join Type": "Inner", "Startup Cost": 723.87, "Total Cost": 3429.8, "Plan Rows": 1, "Plan Width": 25, "Actual Startup Time": 18.038, "Actual Total Time": 152.263, "Actual Rows": 1, "Actual Loops": 1, "Inner Unique": true, "Plans": [{"Node Type": "Nested Loop", "Parent Relationship": "Outer", "Join Type": "Inner", "Startup Cost": 723.6, "Total Cost": 3288.12, "Plan Rows": 33, "Plan Width": 4, "Actual Startup Time": 17.628, "Actual Total Time": 80.585, "Actual Rows": 10544, "Actual Loops": 1, "Inner Unique": false, "Plans": [{"Node Type": "Bitmap Heap Scan", "Parent Relationship": "Outer", "Relation Name": "keyword", "Alias": "k", "Startup Cost": 719.1, "Total Cost": 3155.21, "Plan Rows": 1, "Plan Width": 4, "Actual Startup Time": 14.469, "Actual Total Time": 61.131, "Actual Rows": 1, "Actual Loops": 1, "Filter": "((keyword)::text = 'sequel'::text)", "Rows Removed by Filter": 134168, "Exact Heap Blocks": 759, "Lossy Heap Blocks": 759, "Plans": [{"Node Type": "Bitmap Index Scan", "Parent Relationship": "Outer", "Index Name": "keyword_pkey", "Startup Cost": 0.0, "Total Cost": 719.1, "Plan Rows": 134169, "Plan Width": 0, "Actual Startup Time": 11.259, "Actual Total Time": 11.259, "Actual Rows": 134169, "Actual Loops": 1}]}, {"Node Type": "Bitmap Heap Scan", "Parent Relationship": "Inner", "Relation Name": "movie_keyword", "Alias": "mk", "Startup Cost": 4.51, "Total Cost": 132.58, "Plan Rows": 33, "Plan Width": 8, "Actual Startup Time": 3.147, "Actual Total Time": 17.278, "Actual Rows": 10544, "Actual Loops": 1, "Recheck Cond": "(keyword_id = k.id)", "Rows Removed by Index Recheck": 0, "Exact Heap Blocks": 5090, "Lossy Heap Blocks": 5090, "Plans": [{"Node Type": "Bitmap Index Scan", "Parent Relationship": "Outer", "Index Name": "keyword_id_movie_keyword", "Startup Cost": 0.0, "Total Cost": 4.5, "Plan Rows": 33, "Plan Width": 0, "Actual Startup Time": 2.26, "Actual Total Time": 2.26, "Actual Rows": 10544, "Actual Loops": 1, "Index Cond": "(keyword_id = k.id)"}]}]}, {"Node Type": "Bitmap Heap Scan", "Parent Relationship": "Inner", "Relation Name": "title", "Alias": "t", "Startup Cost": 0.27, "Total Cost": 4.28, "Plan Rows": 1, "Plan Width": 21, "Actual Startup Time": 59.935, "Actual Total Time": 59.935, "Actual Rows": 1, "Actual Loops": 10544, "Recheck Cond": "(id = mk.movie_id)", "Rows Removed by Index Recheck": 0, "Filter": "(((title)::text ~~ '%Money%'::text) AND (production_year = 1998))", "Rows Removed by Filter": 10543, "Exact Heap Blocks": 10544, "Lossy Heap Blocks": 10544, "Plans": [{"Node Type": "Bitmap Index Scan", "Parent Relationship": "Outer", "Index Name": "title_pkey", "Startup Cost": 0.0, "Total Cost": 0.27, "Plan Rows": 1, "Plan Width": 0, "Actual Startup Time": 30.49, "Actual Total Time": 30.49, "Actual Rows": 10544, "Actual Loops": 10544, "Index Cond": "(id = mk.movie_id)"}]}]}, {"Node Type": "Bitmap Heap Scan", "Parent Relationship": "Inner", "Relation Name": "movie_companies", "Alias": "mc", "Startup Cost": 0.27, "Total Cost": 4.3, "Plan Rows": 2, "Plan Width": 12, "Actual Startup Time": 0.027, "Actual Total Time": 0.028, "Actual Rows": 3, "Actual Loops": 1, "Recheck Cond": "(movie_id = mk.movie_id)", "Rows Removed by Index Recheck": 0, "Filter": "(note IS NULL)", "Rows Removed by Filter": 1, "Exact Heap Blocks": 2, "Lossy Heap Blocks": 2, "Plans": [{"Node Type": "Bitmap Index Scan", "Parent Relationship": "Outer", "Index Name": "movie_id_movie_companies", "Startup Cost": 0.0, "Total Cost": 0.27, "Plan Rows": 2, "Plan Width": 0, "Actual Startup Time": 0.012, "Actual Total Time": 0.012, "Actual Rows": 4, "Actual Loops": 1, "Index Cond": "(movie_id = mk.movie_id)"}]}]}, {"Node Type": "Bitmap Heap Scan", "Parent Relationship": "Inner", "Relation Name": "company_name", "Alias": "cn", "Startup Cost": 0.26, "Total Cost": 4.28, "Plan Rows": 1, "Plan Width": 23, "Actual Startup Time": 0.047, "Actual Total Time": 0.047, "Actual Rows": 2, "Actual Loops": 3, "Recheck Cond": "(id = mc.company_id)", "Rows Removed by Index Recheck": 0, "Filter": "(((country_code)::text <> '[pl]'::text) AND (((name)::text ~~ '%Film%'::text) OR ((name)::text ~~ '%Warner%'::text)))", "Rows Removed by Filter": 1, "Exact Heap Blocks": 3, "Lossy Heap Blocks": 3, "Plans": [{"Node Type": "Bitmap Index Scan", "Parent Relationship": "Outer", "Index Name": "company_name_pkey", "Startup Cost": 0.0, "Total Cost": 0.26, "Plan Rows": 1, "Plan Width": 0, "Actual Startup Time": 0.02, "Actual Total Time": 0.02, "Actual Rows": 3, "Actual Loops": 3, "Index Cond": "(id = mc.company_id)"}]}]}, {"Node Type": "Bitmap Heap Scan", "Parent Relationship": "Inner", "Relation Name": "company_type", "Alias": "ct", "Startup Cost": 0.26, "Total Cost": 4.27, "Plan Rows": 1, "Plan Width": 4, "Actual Startup Time": 0.015, "Actual Total Time": 0.015, "Actual Rows": 2, "Actual Loops": 2, "Recheck Cond": "(id = mc.company_type_id)", "Rows Removed by Index Recheck": 0, "Filter": "((kind)::text = 'production companies'::text)", "Rows Removed by Filter": 0, "Exact Heap Blocks": 2, "Lossy Heap Blocks": 2, "Plans": [{"Node Type": "Bitmap Index Scan", "Parent Relationship": "Outer", "Index Name": "company_type_pkey", "Startup Cost": 0.0, "Total Cost": 0.26, "Plan Rows": 1, "Plan Width": 0, "Actual Startup Time": 0.004, "Actual Total Time": 0.004, "Actual Rows": 2, "Actual Loops": 2, "Index Cond": "(id = mc.company_type_id)"}]}]}, {"Node Type": "Bitmap Heap Scan", "Parent Relationship": "Inner", "Relation Name": "movie_link", "Alias": "ml", "Startup Cost": 0.29, "Total Cost": 4.35, "Plan Rows": 5, "Plan Width": 8, "Actual Startup Time": 0.027, "Actual Total Time": 0.031, "Actual Rows": 38, "Actual Loops": 2, "Recheck Cond": "(movie_id = mk.movie_id)", "Rows Removed by Index Recheck": 0, "Exact Heap Blocks": 2, "Lossy Heap Blocks": 2, "Plans": [{"Node Type": "Bitmap Index Scan", "Parent Relationship": "Outer", "Index Name": "movie_id_movie_link", "Startup Cost": 0.0, "Total Cost": 0.29, "Plan Rows": 5, "Plan Width": 0, "Actual Startup Time": 0.013, "Actual Total Time": 0.013, "Actual Rows": 38, "Actual Loops": 2, "Index Cond": "(movie_id = mk.movie_id)"}]}]}, {"Node Type": "Bitmap Heap Scan", "Parent Relationship": "Inner", "Relation Name": "link_type", "Alias": "lt", "Startup Cost": 0.26, "Total Cost": 4.27, "Plan Rows": 1, "Plan Width": 16, "Actual Startup Time": 0.11, "Actual Total Time": 0.11, "Actual Rows": 0, "Actual Loops": 38, "Recheck Cond": "(id = ml.link_type_id)", "Rows Removed by Index Recheck": 0, "Filter": "((link)::text ~~ '%follows%'::text)", "Rows Removed by Filter": 24, "Exact Heap Blocks": 24, "Lossy Heap Blocks": 24, "Plans": [{"Node Type": "Bitmap Index Scan", "Parent Relationship": "Outer", "Index Name": "link_type_pkey", "Startup Cost": 0.0, "Total Cost": 0.26, "Plan Rows": 1, "Plan Width": 0, "Actual Startup Time": 0.037, "Actual Total Time": 0.037, "Actual Rows": 24, "Actual Loops": 38, "Index Cond": "(id = ml.link_type_id)"}]}]}]}, "Triggers": [], "Planner Runtime": 60.8, "Total Runtime": 153.166, "Unique SQL Id": 4121279504}}, "(16, 84)": {"explain_plan": {"Plan": {"Node Type": "Aggregate", "Strategy": "Plain", "Startup Cost": 2581.34, "Total Cost": 2581.35, "Plan Rows": 1, "Plan Width": 144, "Plans": [{"Node Type": "Nested Loop", "Parent Relationship": "Outer", "Join Type": "Inner", "Startup Cost": 4.51, "Total Cost": 2581.33, "Plan Rows": 1, "Plan Width": 48, "Inner Unique": true, "Plans": [{"Node Type": "Nested Loop", "Parent Relationship": "Outer", "Join Type": "Inner", "Startup Cost": 4.51, "Total Cost": 2581.05, "Plan Rows": 1, "Plan Width": 40, "Inner Unique": false, "Join Filter": "(t.id = ml.movie_id)", "Plans": [{"Node Type": "Nested Loop", "Parent Relationship": "Outer", "Join Type": "Inner", "Startup Cost": 4.51, "Total Cost": 2580.63, "Plan Rows": 1, "Plan Width": 48, "Inner Unique": true, "Plans": [{"Node Type": "Nested Loop", "Parent Relationship": "Outer", "Join Type": "Inner", "Startup Cost": 4.51, "Total Cost": 2580.35, "Plan Rows": 1, "Plan Width": 52, "Inner Unique": true, "Plans": [{"Node Type": "Nested Loop", "Parent Relationship": "Outer", "Join Type": "Inner", "Startup Cost": 4.51, "Total Cost": 2580.05, "Plan Rows": 1, "Plan Width": 37, "Inner Unique": false, "Join Filter": "(t.id = mc.movie_id)", "Plans": [{"Node Type": "Nested Loop", "Parent Relationship": "Outer", "Join Type": "Inner", "Startup Cost": 4.51, "Total Cost": 2579.71, "Plan Rows": 1, "Plan Width": 25, "Inner Unique": true, "Plans": [{"Node Type": "Nested Loop", "Parent Relationship": "Outer", "Join Type": "Inner", "Startup Cost": 4.51, "Total Cost": 2569.02, "Plan Rows": 33, "Plan Width": 4, "Inner Unique": false, "Plans": [{"Node Type": "Seq Scan", "Parent Relationship": "Outer", "Relation Name": "keyword", "Alias": "k", "Startup Cost": 0.0, "Total Cost": 2436.11, "Plan Rows": 1, "Plan Width": 4, "Filter": "((keyword)::text = 'sequel'::text)"}, {"Node Type": "Bitmap Heap Scan", "Parent Relationship": "Inner", "Relation Name": "movie_keyword", "Alias": "mk", "Startup Cost": 4.51, "Total Cost": 132.58, "Plan Rows": 33, "Plan Width": 8, "Recheck Cond": "(keyword_id = k.id)", "Plans": [{"Node Type": "Bitmap Index Scan", "Parent Relationship": "Outer", "Index Name": "keyword_id_movie_keyword", "Startup Cost": 0.0, "Total Cost": 4.5, "Plan Rows": 33, "Plan Width": 0, "Index Cond": "(keyword_id = k.id)"}]}]}, {"Node Type": "Index Scan", "Parent Relationship": "Inner", "Scan Direction": "Forward", "Index Name": "title_pkey", "Relation Name": "title", "Alias": "t", "Startup Cost": 0.0, "Total Cost": 0.31, "Plan Rows": 1, "Plan Width": 21, "Index Cond": "(id = mk.movie_id)", "Filter": "(((title)::text ~~ '%Money%'::text) AND (production_year = 1998))"}]}, {"Node Type": "Index Scan", "Parent Relationship": "Inner", "Scan Direction": "Forward", "Index Name": "movie_id_movie_companies", "Relation Name": "movie_companies", "Alias": "mc", "Startup Cost": 0.0, "Total Cost": 0.31, "Plan Rows": 2, "Plan Width": 12, "Index Cond": "(movie_id = mk.movie_id)", "Filter": "(note IS NULL)"}]}, {"Node Type": "Index Scan", "Parent Relationship": "Inner", "Scan Direction": "Forward", "Index Name": "company_name_pkey", "Relation Name": "company_name", "Alias": "cn", "Startup Cost": 0.0, "Total Cost": 0.29, "Plan Rows": 1, "Plan Width": 23, "Index Cond": "(id = mc.company_id)", "Filter": "(((country_code)::text <> '[pl]'::text) AND (((name)::text ~~ '%Film%'::text) OR ((name)::text ~~ '%Warner%'::text)))"}]}, {"Node Type": "Index Scan", "Parent Relationship": "Inner", "Scan Direction": "Forward", "Index Name": "company_type_pkey", "Relation Name": "company_type", "Alias": "ct", "Startup Cost": 0.0, "Total Cost": 0.27, "Plan Rows": 1, "Plan Width": 4, "Index Cond": "(id = mc.company_type_id)", "Filter": "((kind)::text = 'production companies'::text)"}]}, {"Node Type": "Index Scan", "Parent Relationship": "Inner", "Scan Direction": "Forward", "Index Name": "movie_id_movie_link", "Relation Name": "movie_link", "Alias": "ml", "Startup Cost": 0.0, "Total Cost": 0.35, "Plan Rows": 5, "Plan Width": 8, "Index Cond": "(movie_id = mk.movie_id)"}]}, {"Node Type": "Index Scan", "Parent Relationship": "Inner", "Scan Direction": "Forward", "Index Name": "link_type_pkey", "Relation Name": "link_type", "Alias": "lt", "Startup Cost": 0.0, "Total Cost": 0.27, "Plan Rows": 1, "Plan Width": 16, "Index Cond": "(id = ml.link_type_id)", "Filter": "((link)::text ~~ '%follows%'::text)"}]}]}, "Unique SQL Id": 4121279504}, "explain_analyze_plan": {"Plan": {"Node Type": "Aggregate", "Strategy": "Plain", "Startup Cost": 2581.34, "Total Cost": 2581.35, "Plan Rows": 1, "Plan Width": 144, "Actual Startup Time": 126.718, "Actual Total Time": 126.718, "Actual Rows": 1, "Actual Loops": 1, "Plans": [{"Node Type": "Nested Loop", "Parent Relationship": "Outer", "Join Type": "Inner", "Startup Cost": 4.51, "Total Cost": 2581.33, "Plan Rows": 1, "Plan Width": 48, "Actual Startup Time": 126.712, "Actual Total Time": 126.712, "Actual Rows": 0, "Actual Loops": 1, "Inner Unique": true, "Plans": [{"Node Type": "Nested Loop", "Parent Relationship": "Outer", "Join Type": "Inner", "Startup Cost": 4.51, "Total Cost": 2581.05, "Plan Rows": 1, "Plan Width": 40, "Actual Startup Time": 6.094, "Actual Total Time": 126.628, "Actual Rows": 38, "Actual Loops": 1, "Inner Unique": false, "Join Filter": "(t.id = ml.movie_id)", "Rows Removed by Join Filter": 0, "Plans": [{"Node Type": "Nested Loop", "Parent Relationship": "Outer", "Join Type": "Inner", "Startup Cost": 4.51, "Total Cost": 2580.63, "Plan Rows": 1, "Plan Width": 48, "Actual Startup Time": 6.079, "Actual Total Time": 126.579, "Actual Rows": 2, "Actual Loops": 1, "Inner Unique": true, "Plans": [{"Node Type": "Nested Loop", "Parent Relationship": "Outer", "Join Type": "Inner", "Startup Cost": 4.51, "Total Cost": 2580.35, "Plan Rows": 1, "Plan Width": 52, "Actual Startup Time": 6.07, "Actual Total Time": 126.566, "Actual Rows": 2, "Actual Loops": 1, "Inner Unique": true, "Plans": [{"Node Type": "Nested Loop", "Parent Relationship": "Outer", "Join Type": "Inner", "Startup Cost": 4.51, "Total Cost": 2580.05, "Plan Rows": 1, "Plan Width": 37, "Actual Startup Time": 6.053, "Actual Total Time": 126.529, "Actual Rows": 3, "Actual Loops": 1, "Inner Unique": false, "Join Filter": "(t.id = mc.movie_id)", "Rows Removed by Join Filter": 0, "Plans": [{"Node Type": "Nested Loop", "Parent Relationship": "Outer", "Join Type": "Inner", "Startup Cost": 4.51, "Total Cost": 2579.71, "Plan Rows": 1, "Plan Width": 25, "Actual Startup Time": 6.03, "Actual Total Time": 126.501, "Actual Rows": 1, "Actual Loops": 1, "Inner Unique": true, "Plans": [{"Node Type": "Nested Loop", "Parent Relationship": "Outer", "Join Type": "Inner", "Startup Cost": 4.51, "Total Cost": 2569.02, "Plan Rows": 33, "Plan Width": 4, "Actual Startup Time": 5.681, "Actual Total Time": 64.348, "Actual Rows": 10544, "Actual Loops": 1, "Inner Unique": false, "Plans": [{"Node Type": "Seq Scan", "Parent Relationship": "Outer", "Relation Name": "keyword", "Alias": "k", "Startup Cost": 0.0, "Total Cost": 2436.11, "Plan Rows": 1, "Plan Width": 4, "Actual Startup Time": 2.377, "Actual Total Time": 41.877, "Actual Rows": 1, "Actual Loops": 1, "Filter": "((keyword)::text = 'sequel'::text)", "Rows Removed by Filter": 134168}, {"Node Type": "Bitmap Heap Scan", "Parent Relationship": "Inner", "Relation Name": "movie_keyword", "Alias": "mk", "Startup Cost": 4.51, "Total Cost": 132.58, "Plan Rows": 33, "Plan Width": 8, "Actual Startup Time": 3.296, "Actual Total Time": 20.334, "Actual Rows": 10544, "Actual Loops": 1, "Recheck Cond": "(keyword_id = k.id)", "Rows Removed by Index Recheck": 0, "Exact Heap Blocks": 5090, "Lossy Heap Blocks": 5090, "Plans": [{"Node Type": "Bitmap Index Scan", "Parent Relationship": "Outer", "Index Name": "keyword_id_movie_keyword", "Startup Cost": 0.0, "Total Cost": 4.5, "Plan Rows": 33, "Plan Width": 0, "Actual Startup Time": 2.369, "Actual Total Time": 2.369, "Actual Rows": 10544, "Actual Loops": 1, "Index Cond": "(keyword_id = k.id)"}]}]}, {"Node Type": "Index Scan", "Parent Relationship": "Inner", "Scan Direction": "Forward", "Index Name": "title_pkey", "Relation Name": "title", "Alias": "t", "Startup Cost": 0.0, "Total Cost": 0.31, "Plan Rows": 1, "Plan Width": 21, "Actual Startup Time": 56.882, "Actual Total Time": 56.882, "Actual Rows": 1, "Actual Loops": 10544, "Index Cond": "(id = mk.movie_id)", "Rows Removed by Index Recheck": 0, "Filter": "(((title)::text ~~ '%Money%'::text) AND (production_year = 1998))", "Rows Removed by Filter": 10543}]}, {"Node Type": "Index Scan", "Parent Relationship": "Inner", "Scan Direction": "Forward", "Index Name": "movie_id_movie_companies", "Relation Name": "movie_companies", "Alias": "mc", "Startup Cost": 0.0, "Total Cost": 0.31, "Plan Rows": 2, "Plan Width": 12, "Actual Startup Time": 0.018, "Actual Total Time": 0.02, "Actual Rows": 3, "Actual Loops": 1, "Index Cond": "(movie_id = mk.movie_id)", "Rows Removed by Index Recheck": 0, "Filter": "(note IS NULL)", "Rows Removed by Filter": 1}]}, {"Node Type": "Index Scan", "Parent Relationship": "Inner", "Scan Direction": "Forward", "Index Name": "company_name_pkey", "Relation Name": "company_name", "Alias": "cn", "Startup Cost": 0.0, "Total Cost": 0.29, "Plan Rows": 1, "Plan Width": 23, "Actual Startup Time": 0.032, "Actual Total Time": 0.032, "Actual Rows": 2, "Actual Loops": 3, "Index Cond": "(id = mc.company_id)", "Rows Removed by Index Recheck": 0, "Filter": "(((country_code)::text <> '[pl]'::text) AND (((name)::text ~~ '%Film%'::text) OR ((name)::text ~~ '%Warner%'::text)))", "Rows Removed by Filter": 1}]}, {"Node Type": "Index Scan", "Parent Relationship": "Inner", "Scan Direction": "Forward", "Index Name": "company_type_pkey", "Relation Name": "company_type", "Alias": "ct", "Startup Cost": 0.0, "Total Cost": 0.27, "Plan Rows": 1, "Plan Width": 4, "Actual Startup Time": 0.008, "Actual Total Time": 0.008, "Actual Rows": 2, "Actual Loops": 2, "Index Cond": "(id = mc.company_type_id)", "Rows Removed by Index Recheck": 0, "Filter": "((kind)::text = 'production companies'::text)", "Rows Removed by Filter": 0}]}, {"Node Type": "Index Scan", "Parent Relationship": "Inner", "Scan Direction": "Forward", "Index Name": "movie_id_movie_link", "Relation Name": "movie_link", "Alias": "ml", "Startup Cost": 0.0, "Total Cost": 0.35, "Plan Rows": 5, "Plan Width": 8, "Actual Startup Time": 0.016, "Actual Total Time": 0.031, "Actual Rows": 38, "Actual Loops": 2, "Index Cond": "(movie_id = mk.movie_id)", "Rows Removed by Index Recheck": 0}]}, {"Node Type": "Index Scan", "Parent Relationship": "Inner", "Scan Direction": "Forward", "Index Name": "link_type_pkey", "Relation Name": "link_type", "Alias": "lt", "Startup Cost": 0.0, "Total Cost": 0.27, "Plan Rows": 1, "Plan Width": 16, "Actual Startup Time": 0.064, "Actual Total Time": 0.064, "Actual Rows": 0, "Actual Loops": 38, "Index Cond": "(id = ml.link_type_id)", "Rows Removed by Index Recheck": 0, "Filter": "((link)::text ~~ '%follows%'::text)", "Rows Removed by Filter": 24}]}]}, "Triggers": [], "Planner Runtime": 87.526, "Total Runtime": 127.163, "Unique SQL Id": 4121279504}}, "(16, 85)": {"explain_plan": {"Plan": {"Node Type": "Aggregate", "Strategy": "Plain", "Startup Cost": 3327.94, "Total Cost": 3327.95, "Plan Rows": 1, "Plan Width": 144, "Plans": [{"Node Type": "Nested Loop", "Parent Relationship": "Outer", "Join Type": "Inner", "Startup Cost": 4.51, "Total Cost": 3327.93, "Plan Rows": 1, "Plan Width": 48, "Inner Unique": true, "Plans": [{"Node Type": "Nested Loop", "Parent Relationship": "Outer", "Join Type": "Inner", "Startup Cost": 4.51, "Total Cost": 3327.65, "Plan Rows": 1, "Plan Width": 40, "Inner Unique": false, "Join Filter": "(t.id = ml.movie_id)", "Plans": [{"Node Type": "Nested Loop", "Parent Relationship": "Outer", "Join Type": "Inner", "Startup Cost": 4.51, "Total Cost": 3327.24, "Plan Rows": 1, "Plan Width": 48, "Inner Unique": true, "Plans": [{"Node Type": "Nested Loop", "Parent Relationship": "Outer", "Join Type": "Inner", "Startup Cost": 4.51, "Total Cost": 3326.95, "Plan Rows": 1, "Plan Width": 52, "Inner Unique": true, "Plans": [{"Node Type": "Nested Loop", "Parent Relationship": "Outer", "Join Type": "Inner", "Startup Cost": 4.51, "Total Cost": 3326.66, "Plan Rows": 1, "Plan Width": 37, "Inner Unique": false, "Join Filter": "(t.id = mc.movie_id)", "Plans": [{"Node Type": "Nested Loop", "Parent Relationship": "Outer", "Join Type": "Inner", "Startup Cost": 4.51, "Total Cost": 3326.32, "Plan Rows": 1, "Plan Width": 25, "Inner Unique": true, "Plans": [{"Node Type": "Nested Loop", "Parent Relationship": "Outer", "Join Type": "Inner", "Startup Cost": 4.51, "Total Cost": 3315.63, "Plan Rows": 33, "Plan Width": 4, "Inner Unique": false, "Plans": [{"Node Type": "Index Scan", "Parent Relationship": "Outer", "Scan Direction": "Forward", "Index Name": "keyword_pkey", "Relation Name": "keyword", "Alias": "k", "Startup Cost": 0.0, "Total Cost": 3182.72, "Plan Rows": 1, "Plan Width": 4, "Filter": "((keyword)::text = 'sequel'::text)"}, {"Node Type": "Bitmap Heap Scan", "Parent Relationship": "Inner", "Relation Name": "movie_keyword", "Alias": "mk", "Startup Cost": 4.51, "Total Cost": 132.58, "Plan Rows": 33, "Plan Width": 8, "Recheck Cond": "(keyword_id = k.id)", "Plans": [{"Node Type": "Bitmap Index Scan", "Parent Relationship": "Outer", "Index Name": "keyword_id_movie_keyword", "Startup Cost": 0.0, "Total Cost": 4.5, "Plan Rows": 33, "Plan Width": 0, "Index Cond": "(keyword_id = k.id)"}]}]}, {"Node Type": "Index Scan", "Parent Relationship": "Inner", "Scan Direction": "Forward", "Index Name": "title_pkey", "Relation Name": "title", "Alias": "t", "Startup Cost": 0.0, "Total Cost": 0.31, "Plan Rows": 1, "Plan Width": 21, "Index Cond": "(id = mk.movie_id)", "Filter": "(((title)::text ~~ '%Money%'::text) AND (production_year = 1998))"}]}, {"Node Type": "Index Scan", "Parent Relationship": "Inner", "Scan Direction": "Forward", "Index Name": "movie_id_movie_companies", "Relation Name": "movie_companies", "Alias": "mc", "Startup Cost": 0.0, "Total Cost": 0.31, "Plan Rows": 2, "Plan Width": 12, "Index Cond": "(movie_id = mk.movie_id)", "Filter": "(note IS NULL)"}]}, {"Node Type": "Index Scan", "Parent Relationship": "Inner", "Scan Direction": "Forward", "Index Name": "company_name_pkey", "Relation Name": "company_name", "Alias": "cn", "Startup Cost": 0.0, "Total Cost": 0.29, "Plan Rows": 1, "Plan Width": 23, "Index Cond": "(id = mc.company_id)", "Filter": "(((country_code)::text <> '[pl]'::text) AND (((name)::text ~~ '%Film%'::text) OR ((name)::text ~~ '%Warner%'::text)))"}]}, {"Node Type": "Index Scan", "Parent Relationship": "Inner", "Scan Direction": "Forward", "Index Name": "company_type_pkey", "Relation Name": "company_type", "Alias": "ct", "Startup Cost": 0.0, "Total Cost": 0.27, "Plan Rows": 1, "Plan Width": 4, "Index Cond": "(id = mc.company_type_id)", "Filter": "((kind)::text = 'production companies'::text)"}]}, {"Node Type": "Index Scan", "Parent Relationship": "Inner", "Scan Direction": "Forward", "Index Name": "movie_id_movie_link", "Relation Name": "movie_link", "Alias": "ml", "Startup Cost": 0.0, "Total Cost": 0.35, "Plan Rows": 5, "Plan Width": 8, "Index Cond": "(movie_id = mk.movie_id)"}]}, {"Node Type": "Index Scan", "Parent Relationship": "Inner", "Scan Direction": "Forward", "Index Name": "link_type_pkey", "Relation Name": "link_type", "Alias": "lt", "Startup Cost": 0.0, "Total Cost": 0.27, "Plan Rows": 1, "Plan Width": 16, "Index Cond": "(id = ml.link_type_id)", "Filter": "((link)::text ~~ '%follows%'::text)"}]}]}, "Unique SQL Id": 4121279504}, "explain_analyze_plan": {"Plan": {"Node Type": "Aggregate", "Strategy": "Plain", "Startup Cost": 3327.94, "Total Cost": 3327.95, "Plan Rows": 1, "Plan Width": 144, "Actual Startup Time": 210.021, "Actual Total Time": 210.022, "Actual Rows": 1, "Actual Loops": 1, "Plans": [{"Node Type": "Nested Loop", "Parent Relationship": "Outer", "Join Type": "Inner", "Startup Cost": 4.51, "Total Cost": 3327.93, "Plan Rows": 1, "Plan Width": 48, "Actual Startup Time": 210.015, "Actual Total Time": 210.015, "Actual Rows": 0, "Actual Loops": 1, "Inner Unique": true, "Plans": [{"Node Type": "Nested Loop", "Parent Relationship": "Outer", "Join Type": "Inner", "Startup Cost": 4.51, "Total Cost": 3327.65, "Plan Rows": 1, "Plan Width": 40, "Actual Startup Time": 4.252, "Actual Total Time": 209.927, "Actual Rows": 38, "Actual Loops": 1, "Inner Unique": false, "Join Filter": "(t.id = ml.movie_id)", "Rows Removed by Join Filter": 0, "Plans": [{"Node Type": "Nested Loop", "Parent Relationship": "Outer", "Join Type": "Inner", "Startup Cost": 4.51, "Total Cost": 3327.24, "Plan Rows": 1, "Plan Width": 48, "Actual Startup Time": 4.237, "Actual Total Time": 209.878, "Actual Rows": 2, "Actual Loops": 1, "Inner Unique": true, "Plans": [{"Node Type": "Nested Loop", "Parent Relationship": "Outer", "Join Type": "Inner", "Startup Cost": 4.51, "Total Cost": 3326.95, "Plan Rows": 1, "Plan Width": 52, "Actual Startup Time": 4.228, "Actual Total Time": 209.865, "Actual Rows": 2, "Actual Loops": 1, "Inner Unique": true, "Plans": [{"Node Type": "Nested Loop", "Parent Relationship": "Outer", "Join Type": "Inner", "Startup Cost": 4.51, "Total Cost": 3326.66, "Plan Rows": 1, "Plan Width": 37, "Actual Startup Time": 4.21, "Actual Total Time": 209.826, "Actual Rows": 3, "Actual Loops": 1, "Inner Unique": false, "Join Filter": "(t.id = mc.movie_id)", "Rows Removed by Join Filter": 0, "Plans": [{"Node Type": "Nested Loop", "Parent Relationship": "Outer", "Join Type": "Inner", "Startup Cost": 4.51, "Total Cost": 3326.32, "Plan Rows": 1, "Plan Width": 25, "Actual Startup Time": 4.189, "Actual Total Time": 209.801, "Actual Rows": 1, "Actual Loops": 1, "Inner Unique": true, "Plans": [{"Node Type": "Nested Loop", "Parent Relationship": "Outer", "Join Type": "Inner", "Startup Cost": 4.51, "Total Cost": 3315.63, "Plan Rows": 33, "Plan Width": 4, "Actual Startup Time": 3.839, "Actual Total Time": 145.857, "Actual Rows": 10544, "Actual Loops": 1, "Inner Unique": false, "Plans": [{"Node Type": "Index Scan", "Parent Relationship": "Outer", "Scan Direction": "Forward", "Index Name": "keyword_pkey", "Relation Name": "keyword", "Alias": "k", "Startup Cost": 0.0, "Total Cost": 3182.72, "Plan Rows": 1, "Plan Width": 4, "Actual Startup Time": 0.526, "Actual Total Time": 122.744, "Actual Rows": 1, "Actual Loops": 1, "Filter": "((keyword)::text = 'sequel'::text)", "Rows Removed by Filter": 134168}, {"Node Type": "Bitmap Heap Scan", "Parent Relationship": "Inner", "Relation Name": "movie_keyword", "Alias": "mk", "Startup Cost": 4.51, "Total Cost": 132.58, "Plan Rows": 33, "Plan Width": 8, "Actual Startup Time": 3.306, "Actual Total Time": 20.899, "Actual Rows": 10544, "Actual Loops": 1, "Recheck Cond": "(keyword_id = k.id)", "Rows Removed by Index Recheck": 0, "Exact Heap Blocks": 5090, "Lossy Heap Blocks": 5090, "Plans": [{"Node Type": "Bitmap Index Scan", "Parent Relationship": "Outer", "Index Name": "keyword_id_movie_keyword", "Startup Cost": 0.0, "Total Cost": 4.5, "Plan Rows": 33, "Plan Width": 0, "Actual Startup Time": 2.388, "Actual Total Time": 2.388, "Actual Rows": 10544, "Actual Loops": 1, "Index Cond": "(keyword_id = k.id)"}]}]}, {"Node Type": "Index Scan", "Parent Relationship": "Inner", "Scan Direction": "Forward", "Index Name": "title_pkey", "Relation Name": "title", "Alias": "t", "Startup Cost": 0.0, "Total Cost": 0.31, "Plan Rows": 1, "Plan Width": 21, "Actual Startup Time": 58.603, "Actual Total Time": 58.603, "Actual Rows": 1, "Actual Loops": 10544, "Index Cond": "(id = mk.movie_id)", "Rows Removed by Index Recheck": 0, "Filter": "(((title)::text ~~ '%Money%'::text) AND (production_year = 1998))", "Rows Removed by Filter": 10543}]}, {"Node Type": "Index Scan", "Parent Relationship": "Inner", "Scan Direction": "Forward", "Index Name": "movie_id_movie_companies", "Relation Name": "movie_companies", "Alias": "mc", "Startup Cost": 0.0, "Total Cost": 0.31, "Plan Rows": 2, "Plan Width": 12, "Actual Startup Time": 0.017, "Actual Total Time": 0.019, "Actual Rows": 3, "Actual Loops": 1, "Index Cond": "(movie_id = mk.movie_id)", "Rows Removed by Index Recheck": 0, "Filter": "(note IS NULL)", "Rows Removed by Filter": 1}]}, {"Node Type": "Index Scan", "Parent Relationship": "Inner", "Scan Direction": "Forward", "Index Name": "company_name_pkey", "Relation Name": "company_name", "Alias": "cn", "Startup Cost": 0.0, "Total Cost": 0.29, "Plan Rows": 1, "Plan Width": 23, "Actual Startup Time": 0.034, "Actual Total Time": 0.034, "Actual Rows": 2, "Actual Loops": 3, "Index Cond": "(id = mc.company_id)", "Rows Removed by Index Recheck": 0, "Filter": "(((country_code)::text <> '[pl]'::text) AND (((name)::text ~~ '%Film%'::text) OR ((name)::text ~~ '%Warner%'::text)))", "Rows Removed by Filter": 1}]}, {"Node Type": "Index Scan", "Parent Relationship": "Inner", "Scan Direction": "Forward", "Index Name": "company_type_pkey", "Relation Name": "company_type", "Alias": "ct", "Startup Cost": 0.0, "Total Cost": 0.27, "Plan Rows": 1, "Plan Width": 4, "Actual Startup Time": 0.009, "Actual Total Time": 0.009, "Actual Rows": 2, "Actual Loops": 2, "Index Cond": "(id = mc.company_type_id)", "Rows Removed by Index Recheck": 0, "Filter": "((kind)::text = 'production companies'::text)", "Rows Removed by Filter": 0}]}, {"Node Type": "Index Scan", "Parent Relationship": "Inner", "Scan Direction": "Forward", "Index Name": "movie_id_movie_link", "Relation Name": "movie_link", "Alias": "ml", "Startup Cost": 0.0, "Total Cost": 0.35, "Plan Rows": 5, "Plan Width": 8, "Actual Startup Time": 0.016, "Actual Total Time": 0.029, "Actual Rows": 38, "Actual Loops": 2, "Index Cond": "(movie_id = mk.movie_id)", "Rows Removed by Index Recheck": 0}]}, {"Node Type": "Index Scan", "Parent Relationship": "Inner", "Scan Direction": "Forward", "Index Name": "link_type_pkey", "Relation Name": "link_type", "Alias": "lt", "Startup Cost": 0.0, "Total Cost": 0.27, "Plan Rows": 1, "Plan Width": 16, "Actual Startup Time": 0.063, "Actual Total Time": 0.063, "Actual Rows": 0, "Actual Loops": 38, "Index Cond": "(id = ml.link_type_id)", "Rows Removed by Index Recheck": 0, "Filter": "((link)::text ~~ '%follows%'::text)", "Rows Removed by Filter": 24}]}]}, "Triggers": [], "Planner Runtime": 75.74, "Total Runtime": 210.444, "Unique SQL Id": 4121279504}}, "(16, 86)": {"explain_plan": {"Plan": {"Node Type": "Aggregate", "Strategy": "Plain", "Startup Cost": 2726.08, "Total Cost": 2726.09, "Plan Rows": 1, "Plan Width": 144, "Plans": [{"Node Type": "Nested Loop", "Parent Relationship": "Outer", "Join Type": "Inner", "Startup Cost": 2722.02, "Total Cost": 2726.07, "Plan Rows": 1, "Plan Width": 48, "Inner Unique": true, "Plans": [{"Node Type": "Merge Join", "Parent Relationship": "Outer", "Join Type": "Inner", "Startup Cost": 2721.76, "Total Cost": 2721.79, "Plan Rows": 1, "Plan Width": 33, "Inner Unique": true, "Merge Cond": "(mc.company_type_id = ct.id)", "Plans": [{"Node Type": "Sort", "Parent Relationship": "Outer", "Startup Cost": 2720.71, "Total Cost": 2720.72, "Plan Rows": 1, "Plan Width": 37, "Sort Key": ["mc.company_type_id"], "Plans": [{"Node Type": "Merge Join", "Parent Relationship": "Outer", "Join Type": "Inner", "Startup Cost": 2720.68, "Total Cost": 2720.7, "Plan Rows": 1, "Plan Width": 37, "Inner Unique": true, "Merge Cond": "(ml.link_type_id = lt.id)", "Plans": [{"Node Type": "Sort", "Parent Relationship": "Outer", "Startup Cost": 2719.46, "Total Cost": 2719.46, "Plan Rows": 1, "Plan Width": 29, "Sort Key": ["ml.link_type_id"], "Plans": [{"Node Type": "Nested Loop", "Parent Relationship": "Outer", "Join Type": "Inner", "Startup Cost": 5.33, "Total Cost": 2719.45, "Plan Rows": 1, "Plan Width": 29, "Inner Unique": false, "Join Filter": "(t.id = ml.movie_id)", "Plans": [{"Node Type": "Nested Loop", "Parent Relationship": "Outer", "Join Type": "Inner", "Startup Cost": 5.05, "Total Cost": 2715.03, "Plan Rows": 1, "Plan Width": 37, "Inner Unique": false, "Join Filter": "(t.id = mc.movie_id)", "Plans": [{"Node Type": "Nested Loop", "Parent Relationship": "Outer", "Join Type": "Inner", "Startup Cost": 4.77, "Total Cost": 2710.71, "Plan Rows": 1, "Plan Width": 25, "Inner Unique": true, "Plans": [{"Node Type": "Nested Loop", "Parent Relationship": "Outer", "Join Type": "Inner", "Startup Cost": 4.51, "Total Cost": 2569.02, "Plan Rows": 33, "Plan Width": 4, "Inner Unique": false, "Plans": [{"Node Type": "Seq Scan", "Parent Relationship": "Outer", "Relation Name": "keyword", "Alias": "k", "Startup Cost": 0.0, "Total Cost": 2436.11, "Plan Rows": 1, "Plan Width": 4, "Filter": "((keyword)::text = 'sequel'::text)"}, {"Node Type": "Bitmap Heap Scan", "Parent Relationship": "Inner", "Relation Name": "movie_keyword", "Alias": "mk", "Startup Cost": 4.51, "Total Cost": 132.58, "Plan Rows": 33, "Plan Width": 8, "Recheck Cond": "(keyword_id = k.id)", "Plans": [{"Node Type": "Bitmap Index Scan", "Parent Relationship": "Outer", "Index Name": "keyword_id_movie_keyword", "Startup Cost": 0.0, "Total Cost": 4.5, "Plan Rows": 33, "Plan Width": 0, "Index Cond": "(keyword_id = k.id)"}]}]}, {"Node Type": "Bitmap Heap Scan", "Parent Relationship": "Inner", "Relation Name": "title", "Alias": "t", "Startup Cost": 0.27, "Total Cost": 4.28, "Plan Rows": 1, "Plan Width": 21, "Recheck Cond": "(id = mk.movie_id)", "Filter": "(((title)::text ~~ '%Money%'::text) AND (production_year = 1998))", "Plans": [{"Node Type": "Bitmap Index Scan", "Parent Relationship": "Outer", "Index Name": "title_pkey", "Startup Cost": 0.0, "Total Cost": 0.27, "Plan Rows": 1, "Plan Width": 0, "Index Cond": "(id = mk.movie_id)"}]}]}, {"Node Type": "Bitmap Heap Scan", "Parent Relationship": "Inner", "Relation Name": "movie_companies", "Alias": "mc", "Startup Cost": 0.27, "Total Cost": 4.3, "Plan Rows": 2, "Plan Width": 12, "Recheck Cond": "(movie_id = mk.movie_id)", "Filter": "(note IS NULL)", "Plans": [{"Node Type": "Bitmap Index Scan", "Parent Relationship": "Outer", "Index Name": "movie_id_movie_companies", "Startup Cost": 0.0, "Total Cost": 0.27, "Plan Rows": 2, "Plan Width": 0, "Index Cond": "(movie_id = mk.movie_id)"}]}]}, {"Node Type": "Bitmap Heap Scan", "Parent Relationship": "Inner", "Relation Name": "movie_link", "Alias": "ml", "Startup Cost": 0.29, "Total Cost": 4.35, "Plan Rows": 5, "Plan Width": 8, "Recheck Cond": "(movie_id = mk.movie_id)", "Plans": [{"Node Type": "Bitmap Index Scan", "Parent Relationship": "Outer", "Index Name": "movie_id_movie_link", "Startup Cost": 0.0, "Total Cost": 0.29, "Plan Rows": 5, "Plan Width": 0, "Index Cond": "(movie_id = mk.movie_id)"}]}]}]}, {"Node Type": "Sort", "Parent Relationship": "Inner", "Startup Cost": 1.22, "Total Cost": 1.23, "Plan Rows": 1, "Plan Width": 16, "Sort Key": ["lt.id"], "Plans": [{"Node Type": "Seq Scan", "Parent Relationship": "Outer", "Relation Name": "link_type", "Alias": "lt", "Startup Cost": 0.0, "Total Cost": 1.21, "Plan Rows": 1, "Plan Width": 16, "Filter": "((link)::text ~~ '%follows%'::text)"}]}]}]}, {"Node Type": "Sort", "Parent Relationship": "Inner", "Startup Cost": 1.05, "Total Cost": 1.05, "Plan Rows": 1, "Plan Width": 4, "Sort Key": ["ct.id"], "Plans": [{"Node Type": "Seq Scan", "Parent Relationship": "Outer", "Relation Name": "company_type", "Alias": "ct", "Startup Cost": 0.0, "Total Cost": 1.04, "Plan Rows": 1, "Plan Width": 4, "Filter": "((kind)::text = 'production companies'::text)"}]}]}, {"Node Type": "Bitmap Heap Scan", "Parent Relationship": "Inner", "Relation Name": "company_name", "Alias": "cn", "Startup Cost": 0.26, "Total Cost": 4.28, "Plan Rows": 1, "Plan Width": 23, "Recheck Cond": "(id = mc.company_id)", "Filter": "(((country_code)::text <> '[pl]'::text) AND (((name)::text ~~ '%Film%'::text) OR ((name)::text ~~ '%Warner%'::text)))", "Plans": [{"Node Type": "Bitmap Index Scan", "Parent Relationship": "Outer", "Index Name": "company_name_pkey", "Startup Cost": 0.0, "Total Cost": 0.26, "Plan Rows": 1, "Plan Width": 0, "Index Cond": "(id = mc.company_id)"}]}]}]}, "Unique SQL Id": 4121279504}, "explain_analyze_plan": {"Plan": {"Node Type": "Aggregate", "Strategy": "Plain", "Startup Cost": 2726.08, "Total Cost": 2726.09, "Plan Rows": 1, "Plan Width": 144, "Actual Startup Time": 122.618, "Actual Total Time": 122.619, "Actual Rows": 1, "Actual Loops": 1, "Plans": [{"Node Type": "Nested Loop", "Parent Relationship": "Outer", "Join Type": "Inner", "Startup Cost": 2722.02, "Total Cost": 2726.07, "Plan Rows": 1, "Plan Width": 48, "Actual Startup Time": 122.608, "Actual Total Time": 122.608, "Actual Rows": 0, "Actual Loops": 1, "Inner Unique": true, "Plans": [{"Node Type": "Merge Join", "Parent Relationship": "Outer", "Join Type": "Inner", "Startup Cost": 2721.76, "Total Cost": 2721.79, "Plan Rows": 1, "Plan Width": 33, "Actual Startup Time": 122.606, "Actual Total Time": 122.606, "Actual Rows": 0, "Actual Loops": 1, "Inner Unique": true, "Merge Cond": "(mc.company_type_id = ct.id)", "Plans": [{"Node Type": "Sort", "Parent Relationship": "Outer", "Startup Cost": 2720.71, "Total Cost": 2720.72, "Plan Rows": 1, "Plan Width": 37, "Actual Startup Time": 122.602, "Actual Total Time": 122.602, "Actual Rows": 0, "Actual Loops": 1, "Sort Key": ["mc.company_type_id"], "Sort Method": "quicksort", "Sort Space Used": 25, "Sort Space Type": "Memory", "Plans": [{"Node Type": "Merge Join", "Parent Relationship": "Outer", "Join Type": "Inner", "Startup Cost": 2720.68, "Total Cost": 2720.7, "Plan Rows": 1, "Plan Width": 37, "Actual Startup Time": 122.592, "Actual Total Time": 122.592, "Actual Rows": 0, "Actual Loops": 1, "Inner Unique": true, "Merge Cond": "(ml.link_type_id = lt.id)", "Plans": [{"Node Type": "Sort", "Parent Relationship": "Outer", "Startup Cost": 2719.46, "Total Cost": 2719.46, "Plan Rows": 1, "Plan Width": 29, "Actual Startup Time": 122.514, "Actual Total Time": 122.514, "Actual Rows": 1, "Actual Loops": 1, "Sort Key": ["ml.link_type_id"], "Sort Method": "quicksort", "Sort Space Used": 30, "Sort Space Type": "Memory", "Plans": [{"Node Type": "Nested Loop", "Parent Relationship": "Outer", "Join Type": "Inner", "Startup Cost": 5.33, "Total Cost": 2719.45, "Plan Rows": 1, "Plan Width": 29, "Actual Startup Time": 5.638, "Actual Total Time": 122.486, "Actual Rows": 57, "Actual Loops": 1, "Inner Unique": false, "Join Filter": "(t.id = ml.movie_id)", "Rows Removed by Join Filter": 0, "Plans": [{"Node Type": "Nested Loop", "Parent Relationship": "Outer", "Join Type": "Inner", "Startup Cost": 5.05, "Total Cost": 2715.03, "Plan Rows": 1, "Plan Width": 37, "Actual Startup Time": 5.616, "Actual Total Time": 122.415, "Actual Rows": 3, "Actual Loops": 1, "Inner Unique": false, "Join Filter": "(t.id = mc.movie_id)", "Rows Removed by Join Filter": 0, "Plans": [{"Node Type": "Nested Loop", "Parent Relationship": "Outer", "Join Type": "Inner", "Startup Cost": 4.77, "Total Cost": 2710.71, "Plan Rows": 1, "Plan Width": 25, "Actual Startup Time": 5.581, "Actual Total Time": 122.379, "Actual Rows": 1, "Actual Loops": 1, "Inner Unique": true, "Plans": [{"Node Type": "Nested Loop", "Parent Relationship": "Outer", "Join Type": "Inner", "Startup Cost": 4.51, "Total Cost": 2569.02, "Plan Rows": 33, "Plan Width": 4, "Actual Startup Time": 5.262, "Actual Total Time": 57.065, "Actual Rows": 10544, "Actual Loops": 1, "Inner Unique": false, "Plans": [{"Node Type": "Seq Scan", "Parent Relationship": "Outer", "Relation Name": "keyword", "Alias": "k", "Startup Cost": 0.0, "Total Cost": 2436.11, "Plan Rows": 1, "Plan Width": 4, "Actual Startup Time": 2.316, "Actual Total Time": 40.541, "Actual Rows": 1, "Actual Loops": 1, "Filter": "((keyword)::text = 'sequel'::text)", "Rows Removed by Filter": 134168}, {"Node Type": "Bitmap Heap Scan", "Parent Relationship": "Inner", "Relation Name": "movie_keyword", "Alias": "mk", "Startup Cost": 4.51, "Total Cost": 132.58, "Plan Rows": 33, "Plan Width": 8, "Actual Startup Time": 2.936, "Actual Total Time": 14.386, "Actual Rows": 10544, "Actual Loops": 1, "Recheck Cond": "(keyword_id = k.id)", "Rows Removed by Index Recheck": 0, "Exact Heap Blocks": 5090, "Lossy Heap Blocks": 5090, "Plans": [{"Node Type": "Bitmap Index Scan", "Parent Relationship": "Outer", "Index Name": "keyword_id_movie_keyword", "Startup Cost": 0.0, "Total Cost": 4.5, "Plan Rows": 33, "Plan Width": 0, "Actual Startup Time": 2.02, "Actual Total Time": 2.02, "Actual Rows": 10544, "Actual Loops": 1, "Index Cond": "(keyword_id = k.id)"}]}]}, {"Node Type": "Bitmap Heap Scan", "Parent Relationship": "Inner", "Relation Name": "title", "Alias": "t", "Startup Cost": 0.27, "Total Cost": 4.28, "Plan Rows": 1, "Plan Width": 21, "Actual Startup Time": 53.482, "Actual Total Time": 53.482, "Actual Rows": 1, "Actual Loops": 10544, "Recheck Cond": "(id = mk.movie_id)", "Rows Removed by Index Recheck": 0, "Filter": "(((title)::text ~~ '%Money%'::text) AND (production_year = 1998))", "Rows Removed by Filter": 10543, "Exact Heap Blocks": 10544, "Lossy Heap Blocks": 10544, "Plans": [{"Node Type": "Bitmap Index Scan", "Parent Relationship": "Outer", "Index Name": "title_pkey", "Startup Cost": 0.0, "Total Cost": 0.27, "Plan Rows": 1, "Plan Width": 0, "Actual Startup Time": 28.4, "Actual Total Time": 28.4, "Actual Rows": 10544, "Actual Loops": 10544, "Index Cond": "(id = mk.movie_id)"}]}]}, {"Node Type": "Bitmap Heap Scan", "Parent Relationship": "Inner", "Relation Name": "movie_companies", "Alias": "mc", "Startup Cost": 0.27, "Total Cost": 4.3, "Plan Rows": 2, "Plan Width": 12, "Actual Startup Time": 0.03, "Actual Total Time": 0.03, "Actual Rows": 3, "Actual Loops": 1, "Recheck Cond": "(movie_id = mk.movie_id)", "Rows Removed by Index Recheck": 0, "Filter": "(note IS NULL)", "Rows Removed by Filter": 1, "Exact Heap Blocks": 2, "Lossy Heap Blocks": 2, "Plans": [{"Node Type": "Bitmap Index Scan", "Parent Relationship": "Outer", "Index Name": "movie_id_movie_companies", "Startup Cost": 0.0, "Total Cost": 0.27, "Plan Rows": 2, "Plan Width": 0, "Actual Startup Time": 0.009, "Actual Total Time": 0.009, "Actual Rows": 4, "Actual Loops": 1, "Index Cond": "(movie_id = mk.movie_id)"}]}]}, {"Node Type": "Bitmap Heap Scan", "Parent Relationship": "Inner", "Relation Name": "movie_link", "Alias": "ml", "Startup Cost": 0.29, "Total Cost": 4.35, "Plan Rows": 5, "Plan Width": 8, "Actual Startup Time": 0.029, "Actual Total Time": 0.038, "Actual Rows": 57, "Actual Loops": 3, "Recheck Cond": "(movie_id = mk.movie_id)", "Rows Removed by Index Recheck": 0, "Exact Heap Blocks": 3, "Lossy Heap Blocks": 3, "Plans": [{"Node Type": "Bitmap Index Scan", "Parent Relationship": "Outer", "Index Name": "movie_id_movie_link", "Startup Cost": 0.0, "Total Cost": 0.29, "Plan Rows": 5, "Plan Width": 0, "Actual Startup Time": 0.017, "Actual Total Time": 0.017, "Actual Rows": 57, "Actual Loops": 3, "Index Cond": "(movie_id = mk.movie_id)"}]}]}]}, {"Node Type": "Sort", "Parent Relationship": "Inner", "Startup Cost": 1.22, "Total Cost": 1.23, "Plan Rows": 1, "Plan Width": 16, "Actual Startup Time": 0.062, "Actual Total Time": 0.062, "Actual Rows": 0, "Actual Loops": 1, "Sort Key": ["lt.id"], "Sort Method": "quicksort", "Sort Space Used": 25, "Sort Space Type": "Memory", "Plans": [{"Node Type": "Seq Scan", "Parent Relationship": "Outer", "Relation Name": "link_type", "Alias": "lt", "Startup Cost": 0.0, "Total Cost": 1.21, "Plan Rows": 1, "Plan Width": 16, "Actual Startup Time": 0.042, "Actual Total Time": 0.042, "Actual Rows": 0, "Actual Loops": 1, "Filter": "((link)::text ~~ '%follows%'::text)", "Rows Removed by Filter": 17}]}]}]}, {"Node Type": "Sort", "Parent Relationship": "Inner", "Startup Cost": 1.05, "Total Cost": 1.05, "Plan Rows": 1, "Plan Width": 4, "Actual Startup Time": 0.0, "Actual Total Time": 0.0, "Sort Key": ["ct.id"], "Plans": [{"Node Type": "Seq Scan", "Parent Relationship": "Outer", "Relation Name": "company_type", "Alias": "ct", "Startup Cost": 0.0, "Total Cost": 1.04, "Plan Rows": 1, "Plan Width": 4, "Actual Startup Time": 0.0, "Actual Total Time": 0.0, "Filter": "((kind)::text = 'production companies'::text)", "Rows Removed by Filter": 0}]}]}, {"Node Type": "Bitmap Heap Scan", "Parent Relationship": "Inner", "Relation Name": "company_name", "Alias": "cn", "Startup Cost": 0.26, "Total Cost": 4.28, "Plan Rows": 1, "Plan Width": 23, "Actual Startup Time": 0.0, "Actual Total Time": 0.0, "Recheck Cond": "(id = mc.company_id)", "Rows Removed by Index Recheck": 0, "Filter": "(((country_code)::text <> '[pl]'::text) AND (((name)::text ~~ '%Film%'::text) OR ((name)::text ~~ '%Warner%'::text)))", "Rows Removed by Filter": 0, "Exact Heap Blocks": 0, "Lossy Heap Blocks": 0, "Plans": [{"Node Type": "Bitmap Index Scan", "Parent Relationship": "Outer", "Index Name": "company_name_pkey", "Startup Cost": 0.0, "Total Cost": 0.26, "Plan Rows": 1, "Plan Width": 0, "Actual Startup Time": 0.0, "Actual Total Time": 0.0, "Index Cond": "(id = mc.company_id)"}]}]}]}, "Triggers": [], "Planner Runtime": 53.789, "Total Runtime": 123.189, "Unique SQL Id": 4121279504}}, "(16, 87)": {"explain_plan": {"Plan": {"Node Type": "Aggregate", "Strategy": "Plain", "Startup Cost": 3451.4, "Total Cost": 3451.41, "Plan Rows": 1, "Plan Width": 144, "Plans": [{"Node Type": "Nested Loop", "Parent Relationship": "Outer", "Join Type": "Inner", "Startup Cost": 725.2, "Total Cost": 3451.4, "Plan Rows": 1, "Plan Width": 48, "Inner Unique": true, "Plans": [{"Node Type": "Nested Loop", "Parent Relationship": "Outer", "Join Type": "Inner", "Startup Cost": 724.95, "Total Cost": 3447.11, "Plan Rows": 1, "Plan Width": 40, "Inner Unique": false, "Join Filter": "(t.id = ml.movie_id)", "Plans": [{"Node Type": "Nested Loop", "Parent Relationship": "Outer", "Join Type": "Inner", "Startup Cost": 724.66, "Total Cost": 3442.7, "Plan Rows": 1, "Plan Width": 48, "Inner Unique": true, "Plans": [{"Node Type": "Nested Loop", "Parent Relationship": "Outer", "Join Type": "Inner", "Startup Cost": 724.4, "Total Cost": 3438.42, "Plan Rows": 1, "Plan Width": 52, "Inner Unique": true, "Plans": [{"Node Type": "Nested Loop", "Parent Relationship": "Outer", "Join Type": "Inner", "Startup Cost": 724.14, "Total Cost": 3434.13, "Plan Rows": 1, "Plan Width": 37, "Inner Unique": false, "Join Filter": "(t.id = mc.movie_id)", "Plans": [{"Node Type": "Nested Loop", "Parent Relationship": "Outer", "Join Type": "Inner", "Startup Cost": 723.87, "Total Cost": 3429.8, "Plan Rows": 1, "Plan Width": 25, "Inner Unique": true, "Plans": [{"Node Type": "Nested Loop", "Parent Relationship": "Outer", "Join Type": "Inner", "Startup Cost": 723.6, "Total Cost": 3288.12, "Plan Rows": 33, "Plan Width": 4, "Inner Unique": false, "Plans": [{"Node Type": "Bitmap Heap Scan", "Parent Relationship": "Outer", "Relation Name": "keyword", "Alias": "k", "Startup Cost": 719.1, "Total Cost": 3155.21, "Plan Rows": 1, "Plan Width": 4, "Filter": "((keyword)::text = 'sequel'::text)", "Plans": [{"Node Type": "Bitmap Index Scan", "Parent Relationship": "Outer", "Index Name": "keyword_pkey", "Startup Cost": 0.0, "Total Cost": 719.1, "Plan Rows": 134169, "Plan Width": 0}]}, {"Node Type": "Bitmap Heap Scan", "Parent Relationship": "Inner", "Relation Name": "movie_keyword", "Alias": "mk", "Startup Cost": 4.51, "Total Cost": 132.58, "Plan Rows": 33, "Plan Width": 8, "Recheck Cond": "(keyword_id = k.id)", "Plans": [{"Node Type": "Bitmap Index Scan", "Parent Relationship": "Outer", "Index Name": "keyword_id_movie_keyword", "Startup Cost": 0.0, "Total Cost": 4.5, "Plan Rows": 33, "Plan Width": 0, "Index Cond": "(keyword_id = k.id)"}]}]}, {"Node Type": "Bitmap Heap Scan", "Parent Relationship": "Inner", "Relation Name": "title", "Alias": "t", "Startup Cost": 0.27, "Total Cost": 4.28, "Plan Rows": 1, "Plan Width": 21, "Recheck Cond": "(id = mk.movie_id)", "Filter": "(((title)::text ~~ '%Money%'::text) AND (production_year = 1998))", "Plans": [{"Node Type": "Bitmap Index Scan", "Parent Relationship": "Outer", "Index Name": "title_pkey", "Startup Cost": 0.0, "Total Cost": 0.27, "Plan Rows": 1, "Plan Width": 0, "Index Cond": "(id = mk.movie_id)"}]}]}, {"Node Type": "Bitmap Heap Scan", "Parent Relationship": "Inner", "Relation Name": "movie_companies", "Alias": "mc", "Startup Cost": 0.27, "Total Cost": 4.3, "Plan Rows": 2, "Plan Width": 12, "Recheck Cond": "(movie_id = mk.movie_id)", "Filter": "(note IS NULL)", "Plans": [{"Node Type": "Bitmap Index Scan", "Parent Relationship": "Outer", "Index Name": "movie_id_movie_companies", "Startup Cost": 0.0, "Total Cost": 0.27, "Plan Rows": 2, "Plan Width": 0, "Index Cond": "(movie_id = mk.movie_id)"}]}]}, {"Node Type": "Bitmap Heap Scan", "Parent Relationship": "Inner", "Relation Name": "company_name", "Alias": "cn", "Startup Cost": 0.26, "Total Cost": 4.28, "Plan Rows": 1, "Plan Width": 23, "Recheck Cond": "(id = mc.company_id)", "Filter": "(((country_code)::text <> '[pl]'::text) AND (((name)::text ~~ '%Film%'::text) OR ((name)::text ~~ '%Warner%'::text)))", "Plans": [{"Node Type": "Bitmap Index Scan", "Parent Relationship": "Outer", "Index Name": "company_name_pkey", "Startup Cost": 0.0, "Total Cost": 0.26, "Plan Rows": 1, "Plan Width": 0, "Index Cond": "(id = mc.company_id)"}]}]}, {"Node Type": "Bitmap Heap Scan", "Parent Relationship": "Inner", "Relation Name": "company_type", "Alias": "ct", "Startup Cost": 0.26, "Total Cost": 4.27, "Plan Rows": 1, "Plan Width": 4, "Recheck Cond": "(id = mc.company_type_id)", "Filter": "((kind)::text = 'production companies'::text)", "Plans": [{"Node Type": "Bitmap Index Scan", "Parent Relationship": "Outer", "Index Name": "company_type_pkey", "Startup Cost": 0.0, "Total Cost": 0.26, "Plan Rows": 1, "Plan Width": 0, "Index Cond": "(id = mc.company_type_id)"}]}]}, {"Node Type": "Bitmap Heap Scan", "Parent Relationship": "Inner", "Relation Name": "movie_link", "Alias": "ml", "Startup Cost": 0.29, "Total Cost": 4.35, "Plan Rows": 5, "Plan Width": 8, "Recheck Cond": "(movie_id = mk.movie_id)", "Plans": [{"Node Type": "Bitmap Index Scan", "Parent Relationship": "Outer", "Index Name": "movie_id_movie_link", "Startup Cost": 0.0, "Total Cost": 0.29, "Plan Rows": 5, "Plan Width": 0, "Index Cond": "(movie_id = mk.movie_id)"}]}]}, {"Node Type": "Bitmap Heap Scan", "Parent Relationship": "Inner", "Relation Name": "link_type", "Alias": "lt", "Startup Cost": 0.26, "Total Cost": 4.27, "Plan Rows": 1, "Plan Width": 16, "Recheck Cond": "(id = ml.link_type_id)", "Filter": "((link)::text ~~ '%follows%'::text)", "Plans": [{"Node Type": "Bitmap Index Scan", "Parent Relationship": "Outer", "Index Name": "link_type_pkey", "Startup Cost": 0.0, "Total Cost": 0.26, "Plan Rows": 1, "Plan Width": 0, "Index Cond": "(id = ml.link_type_id)"}]}]}]}, "Unique SQL Id": 4121279504}, "explain_analyze_plan": {"Plan": {"Node Type": "Aggregate", "Strategy": "Plain", "Startup Cost": 3451.4, "Total Cost": 3451.41, "Plan Rows": 1, "Plan Width": 144, "Actual Startup Time": 152.6, "Actual Total Time": 152.601, "Actual Rows": 1, "Actual Loops": 1, "Plans": [{"Node Type": "Nested Loop", "Parent Relationship": "Outer", "Join Type": "Inner", "Startup Cost": 725.2, "Total Cost": 3451.4, "Plan Rows": 1, "Plan Width": 48, "Actual Startup Time": 152.588, "Actual Total Time": 152.588, "Actual Rows": 0, "Actual Loops": 1, "Inner Unique": true, "Plans": [{"Node Type": "Nested Loop", "Parent Relationship": "Outer", "Join Type": "Inner", "Startup Cost": 724.95, "Total Cost": 3447.11, "Plan Rows": 1, "Plan Width": 40, "Actual Startup Time": 18.148, "Actual Total Time": 152.437, "Actual Rows": 38, "Actual Loops": 1, "Inner Unique": false, "Join Filter": "(t.id = ml.movie_id)", "Rows Removed by Join Filter": 0, "Plans": [{"Node Type": "Nested Loop", "Parent Relationship": "Outer", "Join Type": "Inner", "Startup Cost": 724.66, "Total Cost": 3442.7, "Plan Rows": 1, "Plan Width": 48, "Actual Startup Time": 18.12, "Actual Total Time": 152.376, "Actual Rows": 2, "Actual Loops": 1, "Inner Unique": true, "Plans": [{"Node Type": "Nested Loop", "Parent Relationship": "Outer", "Join Type": "Inner", "Startup Cost": 724.4, "Total Cost": 3438.42, "Plan Rows": 1, "Plan Width": 52, "Actual Startup Time": 18.104, "Actual Total Time": 152.355, "Actual Rows": 2, "Actual Loops": 1, "Inner Unique": true, "Plans": [{"Node Type": "Nested Loop", "Parent Relationship": "Outer", "Join Type": "Inner", "Startup Cost": 724.14, "Total Cost": 3434.13, "Plan Rows": 1, "Plan Width": 37, "Actual Startup Time": 18.071, "Actual Total Time": 152.299, "Actual Rows": 3, "Actual Loops": 1, "Inner Unique": false, "Join Filter": "(t.id = mc.movie_id)", "Rows Removed by Join Filter": 0, "Plans": [{"Node Type": "Nested Loop", "Parent Relationship": "Outer", "Join Type": "Inner", "Startup Cost": 723.87, "Total Cost": 3429.8, "Plan Rows": 1, "Plan Width": 25, "Actual Startup Time": 18.038, "Actual Total Time": 152.263, "Actual Rows": 1, "Actual Loops": 1, "Inner Unique": true, "Plans": [{"Node Type": "Nested Loop", "Parent Relationship": "Outer", "Join Type": "Inner", "Startup Cost": 723.6, "Total Cost": 3288.12, "Plan Rows": 33, "Plan Width": 4, "Actual Startup Time": 17.628, "Actual Total Time": 80.585, "Actual Rows": 10544, "Actual Loops": 1, "Inner Unique": false, "Plans": [{"Node Type": "Bitmap Heap Scan", "Parent Relationship": "Outer", "Relation Name": "keyword", "Alias": "k", "Startup Cost": 719.1, "Total Cost": 3155.21, "Plan Rows": 1, "Plan Width": 4, "Actual Startup Time": 14.469, "Actual Total Time": 61.131, "Actual Rows": 1, "Actual Loops": 1, "Filter": "((keyword)::text = 'sequel'::text)", "Rows Removed by Filter": 134168, "Exact Heap Blocks": 759, "Lossy Heap Blocks": 759, "Plans": [{"Node Type": "Bitmap Index Scan", "Parent Relationship": "Outer", "Index Name": "keyword_pkey", "Startup Cost": 0.0, "Total Cost": 719.1, "Plan Rows": 134169, "Plan Width": 0, "Actual Startup Time": 11.259, "Actual Total Time": 11.259, "Actual Rows": 134169, "Actual Loops": 1}]}, {"Node Type": "Bitmap Heap Scan", "Parent Relationship": "Inner", "Relation Name": "movie_keyword", "Alias": "mk", "Startup Cost": 4.51, "Total Cost": 132.58, "Plan Rows": 33, "Plan Width": 8, "Actual Startup Time": 3.147, "Actual Total Time": 17.278, "Actual Rows": 10544, "Actual Loops": 1, "Recheck Cond": "(keyword_id = k.id)", "Rows Removed by Index Recheck": 0, "Exact Heap Blocks": 5090, "Lossy Heap Blocks": 5090, "Plans": [{"Node Type": "Bitmap Index Scan", "Parent Relationship": "Outer", "Index Name": "keyword_id_movie_keyword", "Startup Cost": 0.0, "Total Cost": 4.5, "Plan Rows": 33, "Plan Width": 0, "Actual Startup Time": 2.26, "Actual Total Time": 2.26, "Actual Rows": 10544, "Actual Loops": 1, "Index Cond": "(keyword_id = k.id)"}]}]}, {"Node Type": "Bitmap Heap Scan", "Parent Relationship": "Inner", "Relation Name": "title", "Alias": "t", "Startup Cost": 0.27, "Total Cost": 4.28, "Plan Rows": 1, "Plan Width": 21, "Actual Startup Time": 59.935, "Actual Total Time": 59.935, "Actual Rows": 1, "Actual Loops": 10544, "Recheck Cond": "(id = mk.movie_id)", "Rows Removed by Index Recheck": 0, "Filter": "(((title)::text ~~ '%Money%'::text) AND (production_year = 1998))", "Rows Removed by Filter": 10543, "Exact Heap Blocks": 10544, "Lossy Heap Blocks": 10544, "Plans": [{"Node Type": "Bitmap Index Scan", "Parent Relationship": "Outer", "Index Name": "title_pkey", "Startup Cost": 0.0, "Total Cost": 0.27, "Plan Rows": 1, "Plan Width": 0, "Actual Startup Time": 30.49, "Actual Total Time": 30.49, "Actual Rows": 10544, "Actual Loops": 10544, "Index Cond": "(id = mk.movie_id)"}]}]}, {"Node Type": "Bitmap Heap Scan", "Parent Relationship": "Inner", "Relation Name": "movie_companies", "Alias": "mc", "Startup Cost": 0.27, "Total Cost": 4.3, "Plan Rows": 2, "Plan Width": 12, "Actual Startup Time": 0.027, "Actual Total Time": 0.028, "Actual Rows": 3, "Actual Loops": 1, "Recheck Cond": "(movie_id = mk.movie_id)", "Rows Removed by Index Recheck": 0, "Filter": "(note IS NULL)", "Rows Removed by Filter": 1, "Exact Heap Blocks": 2, "Lossy Heap Blocks": 2, "Plans": [{"Node Type": "Bitmap Index Scan", "Parent Relationship": "Outer", "Index Name": "movie_id_movie_companies", "Startup Cost": 0.0, "Total Cost": 0.27, "Plan Rows": 2, "Plan Width": 0, "Actual Startup Time": 0.012, "Actual Total Time": 0.012, "Actual Rows": 4, "Actual Loops": 1, "Index Cond": "(movie_id = mk.movie_id)"}]}]}, {"Node Type": "Bitmap Heap Scan", "Parent Relationship": "Inner", "Relation Name": "company_name", "Alias": "cn", "Startup Cost": 0.26, "Total Cost": 4.28, "Plan Rows": 1, "Plan Width": 23, "Actual Startup Time": 0.047, "Actual Total Time": 0.047, "Actual Rows": 2, "Actual Loops": 3, "Recheck Cond": "(id = mc.company_id)", "Rows Removed by Index Recheck": 0, "Filter": "(((country_code)::text <> '[pl]'::text) AND (((name)::text ~~ '%Film%'::text) OR ((name)::text ~~ '%Warner%'::text)))", "Rows Removed by Filter": 1, "Exact Heap Blocks": 3, "Lossy Heap Blocks": 3, "Plans": [{"Node Type": "Bitmap Index Scan", "Parent Relationship": "Outer", "Index Name": "company_name_pkey", "Startup Cost": 0.0, "Total Cost": 0.26, "Plan Rows": 1, "Plan Width": 0, "Actual Startup Time": 0.02, "Actual Total Time": 0.02, "Actual Rows": 3, "Actual Loops": 3, "Index Cond": "(id = mc.company_id)"}]}]}, {"Node Type": "Bitmap Heap Scan", "Parent Relationship": "Inner", "Relation Name": "company_type", "Alias": "ct", "Startup Cost": 0.26, "Total Cost": 4.27, "Plan Rows": 1, "Plan Width": 4, "Actual Startup Time": 0.015, "Actual Total Time": 0.015, "Actual Rows": 2, "Actual Loops": 2, "Recheck Cond": "(id = mc.company_type_id)", "Rows Removed by Index Recheck": 0, "Filter": "((kind)::text = 'production companies'::text)", "Rows Removed by Filter": 0, "Exact Heap Blocks": 2, "Lossy Heap Blocks": 2, "Plans": [{"Node Type": "Bitmap Index Scan", "Parent Relationship": "Outer", "Index Name": "company_type_pkey", "Startup Cost": 0.0, "Total Cost": 0.26, "Plan Rows": 1, "Plan Width": 0, "Actual Startup Time": 0.004, "Actual Total Time": 0.004, "Actual Rows": 2, "Actual Loops": 2, "Index Cond": "(id = mc.company_type_id)"}]}]}, {"Node Type": "Bitmap Heap Scan", "Parent Relationship": "Inner", "Relation Name": "movie_link", "Alias": "ml", "Startup Cost": 0.29, "Total Cost": 4.35, "Plan Rows": 5, "Plan Width": 8, "Actual Startup Time": 0.027, "Actual Total Time": 0.031, "Actual Rows": 38, "Actual Loops": 2, "Recheck Cond": "(movie_id = mk.movie_id)", "Rows Removed by Index Recheck": 0, "Exact Heap Blocks": 2, "Lossy Heap Blocks": 2, "Plans": [{"Node Type": "Bitmap Index Scan", "Parent Relationship": "Outer", "Index Name": "movie_id_movie_link", "Startup Cost": 0.0, "Total Cost": 0.29, "Plan Rows": 5, "Plan Width": 0, "Actual Startup Time": 0.013, "Actual Total Time": 0.013, "Actual Rows": 38, "Actual Loops": 2, "Index Cond": "(movie_id = mk.movie_id)"}]}]}, {"Node Type": "Bitmap Heap Scan", "Parent Relationship": "Inner", "Relation Name": "link_type", "Alias": "lt", "Startup Cost": 0.26, "Total Cost": 4.27, "Plan Rows": 1, "Plan Width": 16, "Actual Startup Time": 0.11, "Actual Total Time": 0.11, "Actual Rows": 0, "Actual Loops": 38, "Recheck Cond": "(id = ml.link_type_id)", "Rows Removed by Index Recheck": 0, "Filter": "((link)::text ~~ '%follows%'::text)", "Rows Removed by Filter": 24, "Exact Heap Blocks": 24, "Lossy Heap Blocks": 24, "Plans": [{"Node Type": "Bitmap Index Scan", "Parent Relationship": "Outer", "Index Name": "link_type_pkey", "Startup Cost": 0.0, "Total Cost": 0.26, "Plan Rows": 1, "Plan Width": 0, "Actual Startup Time": 0.037, "Actual Total Time": 0.037, "Actual Rows": 24, "Actual Loops": 38, "Index Cond": "(id = ml.link_type_id)"}]}]}]}, "Triggers": [], "Planner Runtime": 60.8, "Total Runtime": 153.166, "Unique SQL Id": 4121279504}}, "(16, 88)": {"explain_plan": {"Plan": {"Node Type": "Aggregate", "Strategy": "Plain", "Startup Cost": 2585.63, "Total Cost": 2585.64, "Plan Rows": 1, "Plan Width": 144, "Plans": [{"Node Type": "Nested Loop", "Parent Relationship": "Outer", "Join Type": "Inner", "Startup Cost": 0.0, "Total Cost": 2585.62, "Plan Rows": 1, "Plan Width": 48, "Inner Unique": true, "Plans": [{"Node Type": "Nested Loop", "Parent Relationship": "Outer", "Join Type": "Inner", "Startup Cost": 0.0, "Total Cost": 2585.34, "Plan Rows": 1, "Plan Width": 40, "Inner Unique": false, "Join Filter": "(t.id = ml.movie_id)", "Plans": [{"Node Type": "Nested Loop", "Parent Relationship": "Outer", "Join Type": "Inner", "Startup Cost": 0.0, "Total Cost": 2584.93, "Plan Rows": 1, "Plan Width": 48, "Inner Unique": true, "Plans": [{"Node Type": "Nested Loop", "Parent Relationship": "Outer", "Join Type": "Inner", "Startup Cost": 0.0, "Total Cost": 2584.64, "Plan Rows": 1, "Plan Width": 52, "Inner Unique": true, "Plans": [{"Node Type": "Nested Loop", "Parent Relationship": "Outer", "Join Type": "Inner", "Startup Cost": 0.0, "Total Cost": 2584.35, "Plan Rows": 1, "Plan Width": 37, "Inner Unique": false, "Join Filter": "(t.id = mc.movie_id)", "Plans": [{"Node Type": "Nested Loop", "Parent Relationship": "Outer", "Join Type": "Inner", "Startup Cost": 0.0, "Total Cost": 2584.01, "Plan Rows": 1, "Plan Width": 25, "Inner Unique": true, "Plans": [{"Node Type": "Nested Loop", "Parent Relationship": "Outer", "Join Type": "Inner", "Startup Cost": 0.0, "Total Cost": 2573.32, "Plan Rows": 33, "Plan Width": 4, "Inner Unique": false, "Plans": [{"Node Type": "Seq Scan", "Parent Relationship": "Outer", "Relation Name": "keyword", "Alias": "k", "Startup Cost": 0.0, "Total Cost": 2436.11, "Plan Rows": 1, "Plan Width": 4, "Filter": "((keyword)::text = 'sequel'::text)"}, {"Node Type": "Index Scan", "Parent Relationship": "Inner", "Scan Direction": "Forward", "Index Name": "keyword_id_movie_keyword", "Relation Name": "movie_keyword", "Alias": "mk", "Startup Cost": 0.0, "Total Cost": 136.88, "Plan Rows": 33, "Plan Width": 8, "Index Cond": "(keyword_id = k.id)"}]}, {"Node Type": "Index Scan", "Parent Relationship": "Inner", "Scan Direction": "Forward", "Index Name": "title_pkey", "Relation Name": "title", "Alias": "t", "Startup Cost": 0.0, "Total Cost": 0.31, "Plan Rows": 1, "Plan Width": 21, "Index Cond": "(id = mk.movie_id)", "Filter": "(((title)::text ~~ '%Money%'::text) AND (production_year = 1998))"}]}, {"Node Type": "Index Scan", "Parent Relationship": "Inner", "Scan Direction": "Forward", "Index Name": "movie_id_movie_companies", "Relation Name": "movie_companies", "Alias": "mc", "Startup Cost": 0.0, "Total Cost": 0.31, "Plan Rows": 2, "Plan Width": 12, "Index Cond": "(movie_id = mk.movie_id)", "Filter": "(note IS NULL)"}]}, {"Node Type": "Index Scan", "Parent Relationship": "Inner", "Scan Direction": "Forward", "Index Name": "company_name_pkey", "Relation Name": "company_name", "Alias": "cn", "Startup Cost": 0.0, "Total Cost": 0.29, "Plan Rows": 1, "Plan Width": 23, "Index Cond": "(id = mc.company_id)", "Filter": "(((country_code)::text <> '[pl]'::text) AND (((name)::text ~~ '%Film%'::text) OR ((name)::text ~~ '%Warner%'::text)))"}]}, {"Node Type": "Index Scan", "Parent Relationship": "Inner", "Scan Direction": "Forward", "Index Name": "company_type_pkey", "Relation Name": "company_type", "Alias": "ct", "Startup Cost": 0.0, "Total Cost": 0.27, "Plan Rows": 1, "Plan Width": 4, "Index Cond": "(id = mc.company_type_id)", "Filter": "((kind)::text = 'production companies'::text)"}]}, {"Node Type": "Index Scan", "Parent Relationship": "Inner", "Scan Direction": "Forward", "Index Name": "movie_id_movie_link", "Relation Name": "movie_link", "Alias": "ml", "Startup Cost": 0.0, "Total Cost": 0.35, "Plan Rows": 5, "Plan Width": 8, "Index Cond": "(movie_id = mk.movie_id)"}]}, {"Node Type": "Index Scan", "Parent Relationship": "Inner", "Scan Direction": "Forward", "Index Name": "link_type_pkey", "Relation Name": "link_type", "Alias": "lt", "Startup Cost": 0.0, "Total Cost": 0.27, "Plan Rows": 1, "Plan Width": 16, "Index Cond": "(id = ml.link_type_id)", "Filter": "((link)::text ~~ '%follows%'::text)"}]}]}, "Unique SQL Id": 4121279504}, "explain_analyze_plan": {"Plan": {"Node Type": "Aggregate", "Strategy": "Plain", "Startup Cost": 2585.63, "Total Cost": 2585.64, "Plan Rows": 1, "Plan Width": 144, "Actual Startup Time": 103.307, "Actual Total Time": 103.307, "Actual Rows": 1, "Actual Loops": 1, "Plans": [{"Node Type": "Nested Loop", "Parent Relationship": "Outer", "Join Type": "Inner", "Startup Cost": 0.0, "Total Cost": 2585.62, "Plan Rows": 1, "Plan Width": 48, "Actual Startup Time": 103.297, "Actual Total Time": 103.297, "Actual Rows": 0, "Actual Loops": 1, "Inner Unique": true, "Plans": [{"Node Type": "Nested Loop", "Parent Relationship": "Outer", "Join Type": "Inner", "Startup Cost": 0.0, "Total Cost": 2585.34, "Plan Rows": 1, "Plan Width": 40, "Actual Startup Time": 2.639, "Actual Total Time": 103.212, "Actual Rows": 38, "Actual Loops": 1, "Inner Unique": false, "Join Filter": "(t.id = ml.movie_id)", "Rows Removed by Join Filter": 0, "Plans": [{"Node Type": "Nested Loop", "Parent Relationship": "Outer", "Join Type": "Inner", "Startup Cost": 0.0, "Total Cost": 2584.93, "Plan Rows": 1, "Plan Width": 48, "Actual Startup Time": 2.628, "Actual Total Time": 103.169, "Actual Rows": 2, "Actual Loops": 1, "Inner Unique": true, "Plans": [{"Node Type": "Nested Loop", "Parent Relationship": "Outer", "Join Type": "Inner", "Startup Cost": 0.0, "Total Cost": 2584.64, "Plan Rows": 1, "Plan Width": 52, "Actual Startup Time": 2.62, "Actual Total Time": 103.156, "Actual Rows": 2, "Actual Loops": 1, "Inner Unique": true, "Plans": [{"Node Type": "Nested Loop", "Parent Relationship": "Outer", "Join Type": "Inner", "Startup Cost": 0.0, "Total Cost": 2584.35, "Plan Rows": 1, "Plan Width": 37, "Actual Startup Time": 2.606, "Actual Total Time": 103.125, "Actual Rows": 3, "Actual Loops": 1, "Inner Unique": false, "Join Filter": "(t.id = mc.movie_id)", "Rows Removed by Join Filter": 0, "Plans": [{"Node Type": "Nested Loop", "Parent Relationship": "Outer", "Join Type": "Inner", "Startup Cost": 0.0, "Total Cost": 2584.01, "Plan Rows": 1, "Plan Width": 25, "Actual Startup Time": 2.585, "Actual Total Time": 103.101, "Actual Rows": 1, "Actual Loops": 1, "Inner Unique": true, "Plans": [{"Node Type": "Nested Loop", "Parent Relationship": "Outer", "Join Type": "Inner", "Startup Cost": 0.0, "Total Cost": 2573.32, "Plan Rows": 33, "Plan Width": 4, "Actual Startup Time": 2.346, "Actual Total Time": 53.642, "Actual Rows": 10544, "Actual Loops": 1, "Inner Unique": false, "Plans": [{"Node Type": "Seq Scan", "Parent Relationship": "Outer", "Relation Name": "keyword", "Alias": "k", "Startup Cost": 0.0, "Total Cost": 2436.11, "Plan Rows": 1, "Plan Width": 4, "Actual Startup Time": 2.306, "Actual Total Time": 40.515, "Actual Rows": 1, "Actual Loops": 1, "Filter": "((keyword)::text = 'sequel'::text)", "Rows Removed by Filter": 134168}, {"Node Type": "Index Scan", "Parent Relationship": "Inner", "Scan Direction": "Forward", "Index Name": "keyword_id_movie_keyword", "Relation Name": "movie_keyword", "Alias": "mk", "Startup Cost": 0.0, "Total Cost": 136.88, "Plan Rows": 33, "Plan Width": 8, "Actual Startup Time": 0.034, "Actual Total Time": 10.877, "Actual Rows": 10544, "Actual Loops": 1, "Index Cond": "(keyword_id = k.id)", "Rows Removed by Index Recheck": 0}]}, {"Node Type": "Index Scan", "Parent Relationship": "Inner", "Scan Direction": "Forward", "Index Name": "title_pkey", "Relation Name": "title", "Alias": "t", "Startup Cost": 0.0, "Total Cost": 0.31, "Plan Rows": 1, "Plan Width": 21, "Actual Startup Time": 44.242, "Actual Total Time": 44.242, "Actual Rows": 1, "Actual Loops": 10544, "Index Cond": "(id = mk.movie_id)", "Rows Removed by Index Recheck": 0, "Filter": "(((title)::text ~~ '%Money%'::text) AND (production_year = 1998))", "Rows Removed by Filter": 10543}]}, {"Node Type": "Index Scan", "Parent Relationship": "Inner", "Scan Direction": "Forward", "Index Name": "movie_id_movie_companies", "Relation Name": "movie_companies", "Alias": "mc", "Startup Cost": 0.0, "Total Cost": 0.31, "Plan Rows": 2, "Plan Width": 12, "Actual Startup Time": 0.011, "Actual Total Time": 0.013, "Actual Rows": 3, "Actual Loops": 1, "Index Cond": "(movie_id = mk.movie_id)", "Rows Removed by Index Recheck": 0, "Filter": "(note IS NULL)", "Rows Removed by Filter": 1}]}, {"Node Type": "Index Scan", "Parent Relationship": "Inner", "Scan Direction": "Forward", "Index Name": "company_name_pkey", "Relation Name": "company_name", "Alias": "cn", "Startup Cost": 0.0, "Total Cost": 0.29, "Plan Rows": 1, "Plan Width": 23, "Actual Startup Time": 0.026, "Actual Total Time": 0.026, "Actual Rows": 2, "Actual Loops": 3, "Index Cond": "(id = mc.company_id)", "Rows Removed by Index Recheck": 0, "Filter": "(((country_code)::text <> '[pl]'::text) AND (((name)::text ~~ '%Film%'::text) OR ((name)::text ~~ '%Warner%'::text)))", "Rows Removed by Filter": 1}]}, {"Node Type": "Index Scan", "Parent Relationship": "Inner", "Scan Direction": "Forward", "Index Name": "company_type_pkey", "Relation Name": "company_type", "Alias": "ct", "Startup Cost": 0.0, "Total Cost": 0.27, "Plan Rows": 1, "Plan Width": 4, "Actual Startup Time": 0.008, "Actual Total Time": 0.008, "Actual Rows": 2, "Actual Loops": 2, "Index Cond": "(id = mc.company_type_id)", "Rows Removed by Index Recheck": 0, "Filter": "((kind)::text = 'production companies'::text)", "Rows Removed by Filter": 0}]}, {"Node Type": "Index Scan", "Parent Relationship": "Inner", "Scan Direction": "Forward", "Index Name": "movie_id_movie_link", "Relation Name": "movie_link", "Alias": "ml", "Startup Cost": 0.0, "Total Cost": 0.35, "Plan Rows": 5, "Plan Width": 8, "Actual Startup Time": 0.012, "Actual Total Time": 0.025, "Actual Rows": 38, "Actual Loops": 2, "Index Cond": "(movie_id = mk.movie_id)", "Rows Removed by Index Recheck": 0}]}, {"Node Type": "Index Scan", "Parent Relationship": "Inner", "Scan Direction": "Forward", "Index Name": "link_type_pkey", "Relation Name": "link_type", "Alias": "lt", "Startup Cost": 0.0, "Total Cost": 0.27, "Plan Rows": 1, "Plan Width": 16, "Actual Startup Time": 0.065, "Actual Total Time": 0.065, "Actual Rows": 0, "Actual Loops": 38, "Index Cond": "(id = ml.link_type_id)", "Rows Removed by Index Recheck": 0, "Filter": "((link)::text ~~ '%follows%'::text)", "Rows Removed by Filter": 24}]}]}, "Triggers": [], "Planner Runtime": 83.831, "Total Runtime": 103.68, "Unique SQL Id": 4121279504}}, "(16, 89)": {"explain_plan": {"Plan": {"Node Type": "Aggregate", "Strategy": "Plain", "Startup Cost": 3332.23, "Total Cost": 3332.24, "Plan Rows": 1, "Plan Width": 144, "Plans": [{"Node Type": "Nested Loop", "Parent Relationship": "Outer", "Join Type": "Inner", "Startup Cost": 0.0, "Total Cost": 3332.23, "Plan Rows": 1, "Plan Width": 48, "Inner Unique": true, "Plans": [{"Node Type": "Nested Loop", "Parent Relationship": "Outer", "Join Type": "Inner", "Startup Cost": 0.0, "Total Cost": 3331.94, "Plan Rows": 1, "Plan Width": 40, "Inner Unique": false, "Join Filter": "(t.id = ml.movie_id)", "Plans": [{"Node Type": "Nested Loop", "Parent Relationship": "Outer", "Join Type": "Inner", "Startup Cost": 0.0, "Total Cost": 3331.53, "Plan Rows": 1, "Plan Width": 48, "Inner Unique": true, "Plans": [{"Node Type": "Nested Loop", "Parent Relationship": "Outer", "Join Type": "Inner", "Startup Cost": 0.0, "Total Cost": 3331.25, "Plan Rows": 1, "Plan Width": 52, "Inner Unique": true, "Plans": [{"Node Type": "Nested Loop", "Parent Relationship": "Outer", "Join Type": "Inner", "Startup Cost": 0.0, "Total Cost": 3330.95, "Plan Rows": 1, "Plan Width": 37, "Inner Unique": false, "Join Filter": "(t.id = mc.movie_id)", "Plans": [{"Node Type": "Nested Loop", "Parent Relationship": "Outer", "Join Type": "Inner", "Startup Cost": 0.0, "Total Cost": 3330.61, "Plan Rows": 1, "Plan Width": 25, "Inner Unique": true, "Plans": [{"Node Type": "Nested Loop", "Parent Relationship": "Outer", "Join Type": "Inner", "Startup Cost": 0.0, "Total Cost": 3319.92, "Plan Rows": 33, "Plan Width": 4, "Inner Unique": false, "Plans": [{"Node Type": "Index Scan", "Parent Relationship": "Outer", "Scan Direction": "Forward", "Index Name": "keyword_pkey", "Relation Name": "keyword", "Alias": "k", "Startup Cost": 0.0, "Total Cost": 3182.72, "Plan Rows": 1, "Plan Width": 4, "Filter": "((keyword)::text = 'sequel'::text)"}, {"Node Type": "Index Scan", "Parent Relationship": "Inner", "Scan Direction": "Forward", "Index Name": "keyword_id_movie_keyword", "Relation Name": "movie_keyword", "Alias": "mk", "Startup Cost": 0.0, "Total Cost": 136.88, "Plan Rows": 33, "Plan Width": 8, "Index Cond": "(keyword_id = k.id)"}]}, {"Node Type": "Index Scan", "Parent Relationship": "Inner", "Scan Direction": "Forward", "Index Name": "title_pkey", "Relation Name": "title", "Alias": "t", "Startup Cost": 0.0, "Total Cost": 0.31, "Plan Rows": 1, "Plan Width": 21, "Index Cond": "(id = mk.movie_id)", "Filter": "(((title)::text ~~ '%Money%'::text) AND (production_year = 1998))"}]}, {"Node Type": "Index Scan", "Parent Relationship": "Inner", "Scan Direction": "Forward", "Index Name": "movie_id_movie_companies", "Relation Name": "movie_companies", "Alias": "mc", "Startup Cost": 0.0, "Total Cost": 0.31, "Plan Rows": 2, "Plan Width": 12, "Index Cond": "(movie_id = mk.movie_id)", "Filter": "(note IS NULL)"}]}, {"Node Type": "Index Scan", "Parent Relationship": "Inner", "Scan Direction": "Forward", "Index Name": "company_name_pkey", "Relation Name": "company_name", "Alias": "cn", "Startup Cost": 0.0, "Total Cost": 0.29, "Plan Rows": 1, "Plan Width": 23, "Index Cond": "(id = mc.company_id)", "Filter": "(((country_code)::text <> '[pl]'::text) AND (((name)::text ~~ '%Film%'::text) OR ((name)::text ~~ '%Warner%'::text)))"}]}, {"Node Type": "Index Scan", "Parent Relationship": "Inner", "Scan Direction": "Forward", "Index Name": "company_type_pkey", "Relation Name": "company_type", "Alias": "ct", "Startup Cost": 0.0, "Total Cost": 0.27, "Plan Rows": 1, "Plan Width": 4, "Index Cond": "(id = mc.company_type_id)", "Filter": "((kind)::text = 'production companies'::text)"}]}, {"Node Type": "Index Scan", "Parent Relationship": "Inner", "Scan Direction": "Forward", "Index Name": "movie_id_movie_link", "Relation Name": "movie_link", "Alias": "ml", "Startup Cost": 0.0, "Total Cost": 0.35, "Plan Rows": 5, "Plan Width": 8, "Index Cond": "(movie_id = mk.movie_id)"}]}, {"Node Type": "Index Scan", "Parent Relationship": "Inner", "Scan Direction": "Forward", "Index Name": "link_type_pkey", "Relation Name": "link_type", "Alias": "lt", "Startup Cost": 0.0, "Total Cost": 0.27, "Plan Rows": 1, "Plan Width": 16, "Index Cond": "(id = ml.link_type_id)", "Filter": "((link)::text ~~ '%follows%'::text)"}]}]}, "Unique SQL Id": 4121279504}, "explain_analyze_plan": {"Plan": {"Node Type": "Aggregate", "Strategy": "Plain", "Startup Cost": 3332.23, "Total Cost": 3332.24, "Plan Rows": 1, "Plan Width": 144, "Actual Startup Time": 178.629, "Actual Total Time": 178.63, "Actual Rows": 1, "Actual Loops": 1, "Plans": [{"Node Type": "Nested Loop", "Parent Relationship": "Outer", "Join Type": "Inner", "Startup Cost": 0.0, "Total Cost": 3332.23, "Plan Rows": 1, "Plan Width": 48, "Actual Startup Time": 178.619, "Actual Total Time": 178.619, "Actual Rows": 0, "Actual Loops": 1, "Inner Unique": true, "Plans": [{"Node Type": "Nested Loop", "Parent Relationship": "Outer", "Join Type": "Inner", "Startup Cost": 0.0, "Total Cost": 3331.94, "Plan Rows": 1, "Plan Width": 40, "Actual Startup Time": 0.759, "Actual Total Time": 178.535, "Actual Rows": 38, "Actual Loops": 1, "Inner Unique": false, "Join Filter": "(t.id = ml.movie_id)", "Rows Removed by Join Filter": 0, "Plans": [{"Node Type": "Nested Loop", "Parent Relationship": "Outer", "Join Type": "Inner", "Startup Cost": 0.0, "Total Cost": 3331.53, "Plan Rows": 1, "Plan Width": 48, "Actual Startup Time": 0.75, "Actual Total Time": 178.493, "Actual Rows": 2, "Actual Loops": 1, "Inner Unique": true, "Plans": [{"Node Type": "Nested Loop", "Parent Relationship": "Outer", "Join Type": "Inner", "Startup Cost": 0.0, "Total Cost": 3331.25, "Plan Rows": 1, "Plan Width": 52, "Actual Startup Time": 0.743, "Actual Total Time": 178.481, "Actual Rows": 2, "Actual Loops": 1, "Inner Unique": true, "Plans": [{"Node Type": "Nested Loop", "Parent Relationship": "Outer", "Join Type": "Inner", "Startup Cost": 0.0, "Total Cost": 3330.95, "Plan Rows": 1, "Plan Width": 37, "Actual Startup Time": 0.723, "Actual Total Time": 178.447, "Actual Rows": 3, "Actual Loops": 1, "Inner Unique": false, "Join Filter": "(t.id = mc.movie_id)", "Rows Removed by Join Filter": 0, "Plans": [{"Node Type": "Nested Loop", "Parent Relationship": "Outer", "Join Type": "Inner", "Startup Cost": 0.0, "Total Cost": 3330.61, "Plan Rows": 1, "Plan Width": 25, "Actual Startup Time": 0.709, "Actual Total Time": 178.428, "Actual Rows": 1, "Actual Loops": 1, "Inner Unique": true, "Plans": [{"Node Type": "Nested Loop", "Parent Relationship": "Outer", "Join Type": "Inner", "Startup Cost": 0.0, "Total Cost": 3319.92, "Plan Rows": 33, "Plan Width": 4, "Actual Startup Time": 0.479, "Actual Total Time": 127.522, "Actual Rows": 10544, "Actual Loops": 1, "Inner Unique": false, "Plans": [{"Node Type": "Index Scan", "Parent Relationship": "Outer", "Scan Direction": "Forward", "Index Name": "keyword_pkey", "Relation Name": "keyword", "Alias": "k", "Startup Cost": 0.0, "Total Cost": 3182.72, "Plan Rows": 1, "Plan Width": 4, "Actual Startup Time": 0.446, "Actual Total Time": 114.274, "Actual Rows": 1, "Actual Loops": 1, "Filter": "((keyword)::text = 'sequel'::text)", "Rows Removed by Filter": 134168}, {"Node Type": "Index Scan", "Parent Relationship": "Inner", "Scan Direction": "Forward", "Index Name": "keyword_id_movie_keyword", "Relation Name": "movie_keyword", "Alias": "mk", "Startup Cost": 0.0, "Total Cost": 136.88, "Plan Rows": 33, "Plan Width": 8, "Actual Startup Time": 0.026, "Actual Total Time": 10.894, "Actual Rows": 10544, "Actual Loops": 1, "Index Cond": "(keyword_id = k.id)", "Rows Removed by Index Recheck": 0}]}, {"Node Type": "Index Scan", "Parent Relationship": "Inner", "Scan Direction": "Forward", "Index Name": "title_pkey", "Relation Name": "title", "Alias": "t", "Startup Cost": 0.0, "Total Cost": 0.31, "Plan Rows": 1, "Plan Width": 21, "Actual Startup Time": 45.684, "Actual Total Time": 45.684, "Actual Rows": 1, "Actual Loops": 10544, "Index Cond": "(id = mk.movie_id)", "Rows Removed by Index Recheck": 0, "Filter": "(((title)::text ~~ '%Money%'::text) AND (production_year = 1998))", "Rows Removed by Filter": 10543}]}, {"Node Type": "Index Scan", "Parent Relationship": "Inner", "Scan Direction": "Forward", "Index Name": "movie_id_movie_companies", "Relation Name": "movie_companies", "Alias": "mc", "Startup Cost": 0.0, "Total Cost": 0.31, "Plan Rows": 2, "Plan Width": 12, "Actual Startup Time": 0.011, "Actual Total Time": 0.012, "Actual Rows": 3, "Actual Loops": 1, "Index Cond": "(movie_id = mk.movie_id)", "Rows Removed by Index Recheck": 0, "Filter": "(note IS NULL)", "Rows Removed by Filter": 1}]}, {"Node Type": "Index Scan", "Parent Relationship": "Inner", "Scan Direction": "Forward", "Index Name": "company_name_pkey", "Relation Name": "company_name", "Alias": "cn", "Startup Cost": 0.0, "Total Cost": 0.29, "Plan Rows": 1, "Plan Width": 23, "Actual Startup Time": 0.031, "Actual Total Time": 0.031, "Actual Rows": 2, "Actual Loops": 3, "Index Cond": "(id = mc.company_id)", "Rows Removed by Index Recheck": 0, "Filter": "(((country_code)::text <> '[pl]'::text) AND (((name)::text ~~ '%Film%'::text) OR ((name)::text ~~ '%Warner%'::text)))", "Rows Removed by Filter": 1}]}, {"Node Type": "Index Scan", "Parent Relationship": "Inner", "Scan Direction": "Forward", "Index Name": "company_type_pkey", "Relation Name": "company_type", "Alias": "ct", "Startup Cost": 0.0, "Total Cost": 0.27, "Plan Rows": 1, "Plan Width": 4, "Actual Startup Time": 0.007, "Actual Total Time": 0.007, "Actual Rows": 2, "Actual Loops": 2, "Index Cond": "(id = mc.company_type_id)", "Rows Removed by Index Recheck": 0, "Filter": "((kind)::text = 'production companies'::text)", "Rows Removed by Filter": 0}]}, {"Node Type": "Index Scan", "Parent Relationship": "Inner", "Scan Direction": "Forward", "Index Name": "movie_id_movie_link", "Relation Name": "movie_link", "Alias": "ml", "Startup Cost": 0.0, "Total Cost": 0.35, "Plan Rows": 5, "Plan Width": 8, "Actual Startup Time": 0.011, "Actual Total Time": 0.023, "Actual Rows": 38, "Actual Loops": 2, "Index Cond": "(movie_id = mk.movie_id)", "Rows Removed by Index Recheck": 0}]}, {"Node Type": "Index Scan", "Parent Relationship": "Inner", "Scan Direction": "Forward", "Index Name": "link_type_pkey", "Relation Name": "link_type", "Alias": "lt", "Startup Cost": 0.0, "Total Cost": 0.27, "Plan Rows": 1, "Plan Width": 16, "Actual Startup Time": 0.062, "Actual Total Time": 0.062, "Actual Rows": 0, "Actual Loops": 38, "Index Cond": "(id = ml.link_type_id)", "Rows Removed by Index Recheck": 0, "Filter": "((link)::text ~~ '%follows%'::text)", "Rows Removed by Filter": 24}]}]}, "Triggers": [], "Planner Runtime": 72.754, "Total Runtime": 179.024, "Unique SQL Id": 4121279504}}, "(16, 90)": {"explain_plan": {"Plan": {"Node Type": "Aggregate", "Strategy": "Plain", "Startup Cost": 161736487961.04, "Total Cost": 161736487961.05, "Plan Rows": 1, "Plan Width": 144, "Plans": [{"Node Type": "Merge Join", "Parent Relationship": "Outer", "Join Type": "Inner", "Startup Cost": 161736487673.02, "Total Cost": 161736487961.03, "Plan Rows": 1, "Plan Width": 48, "Inner Unique": true, "Merge Cond": "(mc.company_id = cn.id)", "Plans": [{"Node Type": "Sort", "Parent Relationship": "Outer", "Startup Cost": 161736476040.31, "Total Cost": 161736476040.31, "Plan Rows": 1, "Plan Width": 33, "Sort Key": ["mc.company_id"], "Plans": [{"Node Type": "Merge Join", "Parent Relationship": "Outer", "Join Type": "Inner", "Startup Cost": 161736476040.27, "Total Cost": 161736476040.3, "Plan Rows": 1, "Plan Width": 33, "Inner Unique": true, "Merge Cond": "(ml.link_type_id = lt.id)", "Plans": [{"Node Type": "Sort", "Parent Relationship": "Outer", "Startup Cost": 161736476039.04, "Total Cost": 161736476039.05, "Plan Rows": 3, "Plan Width": 25, "Sort Key": ["ml.link_type_id"], "Plans": [{"Node Type": "Merge Join", "Parent Relationship": "Outer", "Join Type": "Inner", "Startup Cost": 161736476037.69, "Total Cost": 161736476039.02, "Plan Rows": 3, "Plan Width": 25, "Inner Unique": true, "Merge Cond": "(mk.keyword_id = k.id)", "Plans": [{"Node Type": "Sort", "Parent Relationship": "Outer", "Startup Cost": 161736473601.57, "Total Cost": 161736473602.22, "Plan Rows": 262, "Plan Width": 29, "Sort Key": ["mk.keyword_id"], "Plans": [{"Node Type": "Merge Join", "Parent Relationship": "Outer", "Join Type": "Inner", "Startup Cost": 161736473587.75, "Total Cost": 161736473591.05, "Plan Rows": 262, "Plan Width": 29, "Inner Unique": true, "Merge Cond": "(mc.company_type_id = ct.id)", "Plans": [{"Node Type": "Sort", "Parent Relationship": "Outer", "Startup Cost": 161736473585.9, "Total Cost": 161736473586.72, "Plan Rows": 327, "Plan Width": 33, "Sort Key": ["mc.company_type_id"], "Plans": [{"Node Type": "Merge Join", "Parent Relationship": "Outer", "Join Type": "Inner", "Startup Cost": 120077423245.71, "Total Cost": 161736473572.24, "Plan Rows": 327, "Plan Width": 33, "Inner Unique": false, "Merge Cond": "(mk.movie_id = ml.movie_id)", "Plans": [{"Node Type": "Merge Join", "Parent Relationship": "Outer", "Join Type": "Inner", "Startup Cost": 20077205492.98, "Total Cost": 1999870899759.4, "Plan Rows": 7239861, "Plan Width": 20, "Inner Unique": false, "Merge Cond": "(mc.movie_id = mk.movie_id)", "Plans": [{"Node Type": "Index Scan", "Parent Relationship": "Outer", "Scan Direction": "Forward", "Index Name": "movie_id_movie_companies", "Relation Name": "movie_companies", "Alias": "mc", "Startup Cost": 10000000000.0, "Total Cost": 1000013051946.13, "Plan Rows": 1269486, "Plan Width": 12, "Filter": "(note IS NULL), (LLVM Optimized)"}, {"Node Type": "Materialize", "Parent Relationship": "Inner", "Startup Cost": 10000000000.0, "Total Cost": 1000015311943.99, "Plan Rows": 4523929, "Plan Width": 8, "Plans": [{"Node Type": "Index Scan", "Parent Relationship": "Outer", "Scan Direction": "Forward", "Index Name": "movie_id_movie_keyword", "Relation Name": "movie_keyword", "Alias": "mk", "Startup Cost": 10000000000.0, "Total Cost": 1000015300634.17, "Plan Rows": 4523929, "Plan Width": 8}]}]}, {"Node Type": "Sort", "Parent Relationship": "Inner", "Startup Cost": 100000217752.73, "Total Cost": 100000217752.78, "Plan Rows": 19, "Plan Width": 29, "Sort Key": ["ml.movie_id"], "Plans": [{"Node Type": "Nested Loop", "Parent Relationship": "Outer", "Join Type": "Inner", "Startup Cost": 10000000000.0, "Total Cost": 100000217752.33, "Plan Rows": 19, "Plan Width": 29, "Inner Unique": true, "Join Filter": "(ml.movie_id = t.id)", "Plans": [{"Node Type": "Seq Scan", "Parent Relationship": "Outer", "Relation Name": "movie_link", "Alias": "ml", "Startup Cost": 0.0, "Total Cost": 430.96, "Plan Rows": 29996, "Plan Width": 8}, {"Node Type": "Materialize", "Parent Relationship": "Inner", "Startup Cost": 0.0, "Total Cost": 19544.52, "Plan Rows": 4, "Plan Width": 21, "Plans": [{"Node Type": "Streaming(type: LOCAL GATHER dop: 1/16)", "Parent Relationship": "Outer", "Startup Cost": 0.0, "Total Cost": 19544.5, "Plan Rows": 4, "Plan Width": 21, "Plans": [{"Node Type": "Seq Scan", "Parent Relationship": "Outer", "Relation Name": "title", "Alias": "t", "Startup Cost": 0.0, "Total Cost": 19544.42, "Plan Rows": 4, "Plan Width": 21, "Filter": "(((title)::text ~~ '%Money%'::text) AND (production_year = 1998))"}]}]}]}]}]}]}, {"Node Type": "Materialize", "Parent Relationship": "Inner", "Startup Cost": 1.05, "Total Cost": 1.05, "Plan Rows": 1, "Plan Width": 4, "Plans": [{"Node Type": "Sort", "Parent Relationship": "Outer", "Startup Cost": 1.05, "Total Cost": 1.05, "Plan Rows": 1, "Plan Width": 4, "Sort Key": ["ct.id"], "Plans": [{"Node Type": "Seq Scan", "Parent Relationship": "Outer", "Relation Name": "company_type", "Alias": "ct", "Startup Cost": 0.0, "Total Cost": 1.04, "Plan Rows": 1, "Plan Width": 4, "Filter": "((kind)::text = 'production companies'::text)"}]}]}]}]}, {"Node Type": "Sort", "Parent Relationship": "Inner", "Startup Cost": 2436.12, "Total Cost": 2436.13, "Plan Rows": 1, "Plan Width": 4, "Sort Key": ["k.id"], "Plans": [{"Node Type": "Seq Scan", "Parent Relationship": "Outer", "Relation Name": "keyword", "Alias": "k", "Startup Cost": 0.0, "Total Cost": 2436.11, "Plan Rows": 1, "Plan Width": 4, "Filter": "((keyword)::text = 'sequel'::text)"}]}]}]}, {"Node Type": "Sort", "Parent Relationship": "Inner", "Startup Cost": 1.22, "Total Cost": 1.23, "Plan Rows": 1, "Plan Width": 16, "Sort Key": ["lt.id"], "Plans": [{"Node Type": "Seq Scan", "Parent Relationship": "Outer", "Relation Name": "link_type", "Alias": "lt", "Startup Cost": 0.0, "Total Cost": 1.21, "Plan Rows": 1, "Plan Width": 16, "Filter": "((link)::text ~~ '%follows%'::text)"}]}]}]}, {"Node Type": "Sort", "Parent Relationship": "Inner", "Startup Cost": 11632.71, "Total Cost": 11776.71, "Plan Rows": 57599, "Plan Width": 23, "Sort Key": ["cn.id"], "Plans": [{"Node Type": "Seq Scan", "Parent Relationship": "Outer", "Relation Name": "company_name", "Alias": "cn", "Startup Cost": 0.0, "Total Cost": 7078.43, "Plan Rows": 57599, "Plan Width": 23, "Filter": "(((country_code)::text <> '[pl]'::text) AND (((name)::text ~~ '%Film%'::text) OR ((name)::text ~~ '%Warner%'::text)))"}]}]}]}, "Unique SQL Id": 4121279504}, "explain_analyze_plan": null}, "(16, 91)": {"explain_plan": {"Plan": {"Node Type": "Aggregate", "Strategy": "Plain", "Startup Cost": 4403913964515.37, "Total Cost": 4403913964515.38, "Plan Rows": 1, "Plan Width": 144, "Plans": [{"Node Type": "Nested Loop", "Parent Relationship": "Outer", "Join Type": "Inner", "Startup Cost": 2081580986606.33, "Total Cost": 4403913964515.36, "Plan Rows": 1, "Plan Width": 48, "Inner Unique": true, "Plans": [{"Node Type": "Merge Join", "Parent Relationship": "Outer", "Join Type": "Inner", "Startup Cost": 2071580986606.33, "Total Cost": 3403913964486.54, "Plan Rows": 1, "Plan Width": 33, "Inner Unique": true, "Merge Cond": "(ml.movie_id = t.id)", "Plans": [{"Node Type": "Merge Join", "Parent Relationship": "Outer", "Join Type": "Inner", "Startup Cost": 2061580986606.33, "Total Cost": 3146410895435.4, "Plan Rows": 11, "Plan Width": 28, "Inner Unique": false, "Merge Cond": "(mk.movie_id = ml.movie_id)", "Plans": [{"Node Type": "Merge Join", "Parent Relationship": "Outer", "Join Type": "Inner", "Startup Cost": 61580965109.01, "Total Cost": 40200287591422.09, "Plan Rows": 37, "Plan Width": 12, "Inner Unique": false, "Merge Cond": "(mc.movie_id = mk.movie_id)", "Plans": [{"Node Type": "Nested Loop", "Parent Relationship": "Outer", "Join Type": "Inner", "Startup Cost": 30000000000.0, "Total Cost": 20100130722186.7, "Plan Rows": 634743, "Plan Width": 8, "Inner Unique": true, "Join Filter": "(ct.id = mc.company_type_id), (LLVM Optimized)", "Plans": [{"Node Type": "Index Scan", "Parent Relationship": "Outer", "Scan Direction": "Forward", "Index Name": "movie_id_movie_companies", "Relation Name": "movie_companies", "Alias": "mc", "Startup Cost": 10000000000.0, "Total Cost": 1000013051946.13, "Plan Rows": 1269486, "Plan Width": 12, "Filter": "(note IS NULL), (LLVM Optimized)"}, {"Node Type": "Materialize", "Parent Relationship": "Inner", "Startup Cost": 10000000000.0, "Total Cost": 1000000001230.26, "Plan Rows": 1, "Plan Width": 4, "Plans": [{"Node Type": "Index Scan", "Parent Relationship": "Outer", "Scan Direction": "Forward", "Index Name": "company_type_pkey", "Relation Name": "company_type", "Alias": "ct", "Startup Cost": 10000000000.0, "Total Cost": 1000000001230.25, "Plan Rows": 1, "Plan Width": 4, "Filter": "((kind)::text = 'production companies'::text)"}]}]}, {"Node Type": "Materialize", "Parent Relationship": "Inner", "Startup Cost": 30000000000.0, "Total Cost": 20100156867647.98, "Plan Rows": 33, "Plan Width": 4, "Plans": [{"Node Type": "Nested Loop", "Parent Relationship": "Outer", "Join Type": "Inner", "Startup Cost": 30000000000.0, "Total Cost": 20100156867647.9, "Plan Rows": 33, "Plan Width": 4, "Inner Unique": true, "Join Filter": "(k.id = mk.keyword_id)", "Plans": [{"Node Type": "Index Scan", "Parent Relationship": "Outer", "Scan Direction": "Forward", "Index Name": "movie_id_movie_keyword", "Relation Name": "movie_keyword", "Alias": "mk", "Startup Cost": 10000000000.0, "Total Cost": 1000015300634.17, "Plan Rows": 4523929, "Plan Width": 8}, {"Node Type": "Materialize", "Parent Relationship": "Inner", "Startup Cost": 10000000000.0, "Total Cost": 1000000318271.69, "Plan Rows": 1, "Plan Width": 4, "Plans": [{"Node Type": "Index Scan", "Parent Relationship": "Outer", "Scan Direction": "Forward", "Index Name": "keyword_pkey", "Relation Name": "keyword", "Alias": "k", "Startup Cost": 10000000000.0, "Total Cost": 1000000318271.68, "Plan Rows": 1, "Plan Width": 4, "Filter": "((keyword)::text = 'sequel'::text)"}]}]}]}]}, {"Node Type": "Sort", "Parent Relationship": "Inner", "Startup Cost": 2000000021497.31, "Total Cost": 2000000021501.99, "Plan Rows": 1875, "Plan Width": 16, "Sort Key": ["ml.movie_id"], "Plans": [{"Node Type": "Nested Loop", "Parent Relationship": "Outer", "Join Type": "Inner", "Startup Cost": 20000000046.78, "Total Cost": 2000000021395.38, "Plan Rows": 1875, "Plan Width": 16, "Inner Unique": false, "Plans": [{"Node Type": "Index Scan", "Parent Relationship": "Outer", "Scan Direction": "Forward", "Index Name": "link_type_pkey", "Relation Name": "link_type", "Alias": "lt", "Startup Cost": 10000000000.0, "Total Cost": 1000000001254.75, "Plan Rows": 1, "Plan Width": 16, "Filter": "((link)::text ~~ '%follows%'::text)"}, {"Node Type": "Bitmap Heap Scan", "Parent Relationship": "Inner", "Relation Name": "movie_link", "Alias": "ml", "Startup Cost": 10000000046.78, "Total Cost": 1000000020121.88, "Plan Rows": 1875, "Plan Width": 8, "Recheck Cond": "(link_type_id = lt.id)", "Plans": [{"Node Type": "Bitmap Index Scan", "Parent Relationship": "Outer", "Index Name": "link_type_id_movie_link", "Startup Cost": 0.0, "Total Cost": 46.31, "Plan Rows": 1875, "Plan Width": 0, "Index Cond": "(link_type_id = lt.id)"}]}]}]}]}, {"Node Type": "Index Scan", "Parent Relationship": "Inner", "Scan Direction": "Forward", "Index Name": "title_pkey", "Relation Name": "title", "Alias": "t", "Startup Cost": 10000000000.0, "Total Cost": 1000012276204.41, "Plan Rows": 4, "Plan Width": 21, "Filter": "(((title)::text ~~ '%Money%'::text) AND (production_year = 1998))"}]}, {"Node Type": "Index Scan", "Parent Relationship": "Inner", "Scan Direction": "Forward", "Index Name": "company_name_pkey", "Relation Name": "company_name", "Alias": "cn", "Startup Cost": 10000000000.0, "Total Cost": 1000000000028.81, "Plan Rows": 1, "Plan Width": 23, "Index Cond": "(id = mc.company_id)", "Filter": "(((country_code)::text <> '[pl]'::text) AND (((name)::text ~~ '%Film%'::text) OR ((name)::text ~~ '%Warner%'::text)))"}]}]}, "Unique SQL Id": 4121279504}, "explain_analyze_plan": {"Plan": {"Node Type": "Aggregate", "Strategy": "Plain", "Startup Cost": 4403913964515.37, "Total Cost": 4403913964515.38, "Plan Rows": 1, "Plan Width": 144, "Actual Startup Time": 116.497, "Actual Total Time": 116.497, "Actual Rows": 1, "Actual Loops": 1, "Plans": [{"Node Type": "Nested Loop", "Parent Relationship": "Outer", "Join Type": "Inner", "Startup Cost": 2081580986606.33, "Total Cost": 4403913964515.36, "Plan Rows": 1, "Plan Width": 48, "Actual Startup Time": 116.488, "Actual Total Time": 116.488, "Actual Rows": 0, "Actual Loops": 1, "Inner Unique": true, "Plans": [{"Node Type": "Merge Join", "Parent Relationship": "Outer", "Join Type": "Inner", "Startup Cost": 2071580986606.33, "Total Cost": 3403913964486.54, "Plan Rows": 1, "Plan Width": 33, "Actual Startup Time": 116.487, "Actual Total Time": 116.487, "Actual Rows": 0, "Actual Loops": 1, "Inner Unique": true, "Merge Cond": "(ml.movie_id = t.id)", "Plans": [{"Node Type": "Merge Join", "Parent Relationship": "Outer", "Join Type": "Inner", "Startup Cost": 2061580986606.33, "Total Cost": 3146410895435.4, "Plan Rows": 11, "Plan Width": 28, "Actual Startup Time": 116.483, "Actual Total Time": 116.483, "Actual Rows": 0, "Actual Loops": 1, "Inner Unique": false, "Merge Cond": "(mk.movie_id = ml.movie_id)", "Plans": [{"Node Type": "Merge Join", "Parent Relationship": "Outer", "Join Type": "Inner", "Startup Cost": 61580965109.01, "Total Cost": 40200287591422.09, "Plan Rows": 37, "Plan Width": 12, "Actual Startup Time": 116.412, "Actual Total Time": 116.412, "Actual Rows": 1, "Actual Loops": 1, "Inner Unique": false, "Merge Cond": "(mc.movie_id = mk.movie_id)", "Plans": [{"Node Type": "Nested Loop", "Parent Relationship": "Outer", "Join Type": "Inner", "Startup Cost": 30000000000.0, "Total Cost": 20100130722186.7, "Plan Rows": 634743, "Plan Width": 8, "Actual Startup Time": 0.06, "Actual Total Time": 0.93, "Actual Rows": 447, "Actual Loops": 1, "Inner Unique": true, "Join Filter": "(ct.id = mc.company_type_id), (LLVM Optimized)", "Rows Removed by Join Filter": 3, "Plans": [{"Node Type": "Index Scan", "Parent Relationship": "Outer", "Scan Direction": "Forward", "Index Name": "movie_id_movie_companies", "Relation Name": "movie_companies", "Alias": "mc", "Startup Cost": 10000000000.0, "Total Cost": 1000013051946.13, "Plan Rows": 1269486, "Plan Width": 12, "Actual Startup Time": 0.038, "Actual Total Time": 0.653, "Actual Rows": 450, "Actual Loops": 1, "Filter": "(note IS NULL), (LLVM Optimized)", "Rows Removed by Filter": 628}, {"Node Type": "Materialize", "Parent Relationship": "Inner", "Startup Cost": 10000000000.0, "Total Cost": 1000000001230.26, "Plan Rows": 1, "Plan Width": 4, "Actual Startup Time": 0.055, "Actual Total Time": 0.06, "Actual Rows": 450, "Actual Loops": 450, "Plans": [{"Node Type": "Index Scan", "Parent Relationship": "Outer", "Scan Direction": "Forward", "Index Name": "company_type_pkey", "Relation Name": "company_type", "Alias": "ct", "Startup Cost": 10000000000.0, "Total Cost": 1000000001230.25, "Plan Rows": 1, "Plan Width": 4, "Actual Startup Time": 0.011, "Actual Total Time": 0.015, "Actual Rows": 1, "Actual Loops": 1, "Filter": "((kind)::text = 'production companies'::text)", "Rows Removed by Filter": 2}]}]}, {"Node Type": "Materialize", "Parent Relationship": "Inner", "Startup Cost": 30000000000.0, "Total Cost": 20100156867647.98, "Plan Rows": 33, "Plan Width": 4, "Actual Startup Time": 115.419, "Actual Total Time": 115.419, "Actual Rows": 1, "Actual Loops": 1, "Plans": [{"Node Type": "Nested Loop", "Parent Relationship": "Outer", "Join Type": "Inner", "Startup Cost": 30000000000.0, "Total Cost": 20100156867647.9, "Plan Rows": 33, "Plan Width": 4, "Actual Startup Time": 115.415, "Actual Total Time": 115.415, "Actual Rows": 1, "Actual Loops": 1, "Inner Unique": true, "Join Filter": "(k.id = mk.keyword_id)", "Rows Removed by Join Filter": 573, "Plans": [{"Node Type": "Index Scan", "Parent Relationship": "Outer", "Scan Direction": "Forward", "Index Name": "movie_id_movie_keyword", "Relation Name": "movie_keyword", "Alias": "mk", "Startup Cost": 10000000000.0, "Total Cost": 1000015300634.17, "Plan Rows": 4523929, "Plan Width": 8, "Actual Startup Time": 0.019, "Actual Total Time": 0.263, "Actual Rows": 574, "Actual Loops": 1}, {"Node Type": "Materialize", "Parent Relationship": "Inner", "Startup Cost": 10000000000.0, "Total Cost": 1000000318271.69, "Plan Rows": 1, "Plan Width": 4, "Actual Startup Time": 0.486, "Actual Total Time": 114.912, "Actual Rows": 574, "Actual Loops": 574, "Plans": [{"Node Type": "Index Scan", "Parent Relationship": "Outer", "Scan Direction": "Forward", "Index Name": "keyword_pkey", "Relation Name": "keyword", "Alias": "k", "Startup Cost": 10000000000.0, "Total Cost": 1000000318271.68, "Plan Rows": 1, "Plan Width": 4, "Actual Startup Time": 0.434, "Actual Total Time": 114.812, "Actual Rows": 1, "Actual Loops": 1, "Filter": "((keyword)::text = 'sequel'::text)", "Rows Removed by Filter": 134168}]}]}]}]}, {"Node Type": "Sort", "Parent Relationship": "Inner", "Startup Cost": 2000000021497.31, "Total Cost": 2000000021501.99, "Plan Rows": 1875, "Plan Width": 16, "Actual Startup Time": 0.054, "Actual Total Time": 0.054, "Actual Rows": 0, "Actual Loops": 1, "Sort Key": ["ml.movie_id"], "Sort Method": "quicksort", "Sort Space Used": 25, "Sort Space Type": "Memory", "Plans": [{"Node Type": "Nested Loop", "Parent Relationship": "Outer", "Join Type": "Inner", "Startup Cost": 20000000046.78, "Total Cost": 2000000021395.38, "Plan Rows": 1875, "Plan Width": 16, "Actual Startup Time": 0.034, "Actual Total Time": 0.034, "Actual Rows": 0, "Actual Loops": 1, "Inner Unique": false, "Plans": [{"Node Type": "Index Scan", "Parent Relationship": "Outer", "Scan Direction": "Forward", "Index Name": "link_type_pkey", "Relation Name": "link_type", "Alias": "lt", "Startup Cost": 10000000000.0, "Total Cost": 1000000001254.75, "Plan Rows": 1, "Plan Width": 16, "Actual Startup Time": 0.032, "Actual Total Time": 0.032, "Actual Rows": 0, "Actual Loops": 1, "Filter": "((link)::text ~~ '%follows%'::text)", "Rows Removed by Filter": 17}, {"Node Type": "Bitmap Heap Scan", "Parent Relationship": "Inner", "Relation Name": "movie_link", "Alias": "ml", "Startup Cost": 10000000046.78, "Total Cost": 1000000020121.88, "Plan Rows": 1875, "Plan Width": 8, "Actual Startup Time": 0.0, "Actual Total Time": 0.0, "Recheck Cond": "(link_type_id = lt.id)", "Rows Removed by Index Recheck": 0, "Exact Heap Blocks": 0, "Lossy Heap Blocks": 0, "Plans": [{"Node Type": "Bitmap Index Scan", "Parent Relationship": "Outer", "Index Name": "link_type_id_movie_link", "Startup Cost": 0.0, "Total Cost": 46.31, "Plan Rows": 1875, "Plan Width": 0, "Actual Startup Time": 0.0, "Actual Total Time": 0.0, "Index Cond": "(link_type_id = lt.id)"}]}]}]}]}, {"Node Type": "Index Scan", "Parent Relationship": "Inner", "Scan Direction": "Forward", "Index Name": "title_pkey", "Relation Name": "title", "Alias": "t", "Startup Cost": 10000000000.0, "Total Cost": 1000012276204.41, "Plan Rows": 4, "Plan Width": 21, "Actual Startup Time": 0.0, "Actual Total Time": 0.0, "Filter": "(((title)::text ~~ '%Money%'::text) AND (production_year = 1998))", "Rows Removed by Filter": 0}]}, {"Node Type": "Index Scan", "Parent Relationship": "Inner", "Scan Direction": "Forward", "Index Name": "company_name_pkey", "Relation Name": "company_name", "Alias": "cn", "Startup Cost": 10000000000.0, "Total Cost": 1000000000028.81, "Plan Rows": 1, "Plan Width": 23, "Actual Startup Time": 0.0, "Actual Total Time": 0.0, "Index Cond": "(id = mc.company_id)", "Rows Removed by Index Recheck": 0, "Filter": "(((country_code)::text <> '[pl]'::text) AND (((name)::text ~~ '%Film%'::text) OR ((name)::text ~~ '%Warner%'::text)))", "Rows Removed by Filter": 0}]}]}, "Triggers": [], "Planner Runtime": 171.147, "Total Runtime": 125.955, "Unique SQL Id": 4121279504}}, "(16, 92)": {"explain_plan": {"Plan": {"Node Type": "Aggregate", "Strategy": "Plain", "Startup Cost": 2585.63, "Total Cost": 2585.64, "Plan Rows": 1, "Plan Width": 144, "Plans": [{"Node Type": "Nested Loop", "Parent Relationship": "Outer", "Join Type": "Inner", "Startup Cost": 0.0, "Total Cost": 2585.62, "Plan Rows": 1, "Plan Width": 48, "Inner Unique": true, "Plans": [{"Node Type": "Nested Loop", "Parent Relationship": "Outer", "Join Type": "Inner", "Startup Cost": 0.0, "Total Cost": 2585.34, "Plan Rows": 1, "Plan Width": 40, "Inner Unique": false, "Join Filter": "(t.id = ml.movie_id)", "Plans": [{"Node Type": "Nested Loop", "Parent Relationship": "Outer", "Join Type": "Inner", "Startup Cost": 0.0, "Total Cost": 2584.93, "Plan Rows": 1, "Plan Width": 48, "Inner Unique": true, "Plans": [{"Node Type": "Nested Loop", "Parent Relationship": "Outer", "Join Type": "Inner", "Startup Cost": 0.0, "Total Cost": 2584.64, "Plan Rows": 1, "Plan Width": 52, "Inner Unique": true, "Plans": [{"Node Type": "Nested Loop", "Parent Relationship": "Outer", "Join Type": "Inner", "Startup Cost": 0.0, "Total Cost": 2584.35, "Plan Rows": 1, "Plan Width": 37, "Inner Unique": false, "Join Filter": "(t.id = mc.movie_id)", "Plans": [{"Node Type": "Nested Loop", "Parent Relationship": "Outer", "Join Type": "Inner", "Startup Cost": 0.0, "Total Cost": 2584.01, "Plan Rows": 1, "Plan Width": 25, "Inner Unique": true, "Plans": [{"Node Type": "Nested Loop", "Parent Relationship": "Outer", "Join Type": "Inner", "Startup Cost": 0.0, "Total Cost": 2573.32, "Plan Rows": 33, "Plan Width": 4, "Inner Unique": false, "Plans": [{"Node Type": "Seq Scan", "Parent Relationship": "Outer", "Relation Name": "keyword", "Alias": "k", "Startup Cost": 0.0, "Total Cost": 2436.11, "Plan Rows": 1, "Plan Width": 4, "Filter": "((keyword)::text = 'sequel'::text)"}, {"Node Type": "Index Scan", "Parent Relationship": "Inner", "Scan Direction": "Forward", "Index Name": "keyword_id_movie_keyword", "Relation Name": "movie_keyword", "Alias": "mk", "Startup Cost": 0.0, "Total Cost": 136.88, "Plan Rows": 33, "Plan Width": 8, "Index Cond": "(keyword_id = k.id)"}]}, {"Node Type": "Index Scan", "Parent Relationship": "Inner", "Scan Direction": "Forward", "Index Name": "title_pkey", "Relation Name": "title", "Alias": "t", "Startup Cost": 0.0, "Total Cost": 0.31, "Plan Rows": 1, "Plan Width": 21, "Index Cond": "(id = mk.movie_id)", "Filter": "(((title)::text ~~ '%Money%'::text) AND (production_year = 1998))"}]}, {"Node Type": "Index Scan", "Parent Relationship": "Inner", "Scan Direction": "Forward", "Index Name": "movie_id_movie_companies", "Relation Name": "movie_companies", "Alias": "mc", "Startup Cost": 0.0, "Total Cost": 0.31, "Plan Rows": 2, "Plan Width": 12, "Index Cond": "(movie_id = mk.movie_id)", "Filter": "(note IS NULL)"}]}, {"Node Type": "Index Scan", "Parent Relationship": "Inner", "Scan Direction": "Forward", "Index Name": "company_name_pkey", "Relation Name": "company_name", "Alias": "cn", "Startup Cost": 0.0, "Total Cost": 0.29, "Plan Rows": 1, "Plan Width": 23, "Index Cond": "(id = mc.company_id)", "Filter": "(((country_code)::text <> '[pl]'::text) AND (((name)::text ~~ '%Film%'::text) OR ((name)::text ~~ '%Warner%'::text)))"}]}, {"Node Type": "Index Scan", "Parent Relationship": "Inner", "Scan Direction": "Forward", "Index Name": "company_type_pkey", "Relation Name": "company_type", "Alias": "ct", "Startup Cost": 0.0, "Total Cost": 0.27, "Plan Rows": 1, "Plan Width": 4, "Index Cond": "(id = mc.company_type_id)", "Filter": "((kind)::text = 'production companies'::text)"}]}, {"Node Type": "Index Scan", "Parent Relationship": "Inner", "Scan Direction": "Forward", "Index Name": "movie_id_movie_link", "Relation Name": "movie_link", "Alias": "ml", "Startup Cost": 0.0, "Total Cost": 0.35, "Plan Rows": 5, "Plan Width": 8, "Index Cond": "(movie_id = mk.movie_id)"}]}, {"Node Type": "Index Scan", "Parent Relationship": "Inner", "Scan Direction": "Forward", "Index Name": "link_type_pkey", "Relation Name": "link_type", "Alias": "lt", "Startup Cost": 0.0, "Total Cost": 0.27, "Plan Rows": 1, "Plan Width": 16, "Index Cond": "(id = ml.link_type_id)", "Filter": "((link)::text ~~ '%follows%'::text)"}]}]}, "Unique SQL Id": 4121279504}, "explain_analyze_plan": {"Plan": {"Node Type": "Aggregate", "Strategy": "Plain", "Startup Cost": 2585.63, "Total Cost": 2585.64, "Plan Rows": 1, "Plan Width": 144, "Actual Startup Time": 103.307, "Actual Total Time": 103.307, "Actual Rows": 1, "Actual Loops": 1, "Plans": [{"Node Type": "Nested Loop", "Parent Relationship": "Outer", "Join Type": "Inner", "Startup Cost": 0.0, "Total Cost": 2585.62, "Plan Rows": 1, "Plan Width": 48, "Actual Startup Time": 103.297, "Actual Total Time": 103.297, "Actual Rows": 0, "Actual Loops": 1, "Inner Unique": true, "Plans": [{"Node Type": "Nested Loop", "Parent Relationship": "Outer", "Join Type": "Inner", "Startup Cost": 0.0, "Total Cost": 2585.34, "Plan Rows": 1, "Plan Width": 40, "Actual Startup Time": 2.639, "Actual Total Time": 103.212, "Actual Rows": 38, "Actual Loops": 1, "Inner Unique": false, "Join Filter": "(t.id = ml.movie_id)", "Rows Removed by Join Filter": 0, "Plans": [{"Node Type": "Nested Loop", "Parent Relationship": "Outer", "Join Type": "Inner", "Startup Cost": 0.0, "Total Cost": 2584.93, "Plan Rows": 1, "Plan Width": 48, "Actual Startup Time": 2.628, "Actual Total Time": 103.169, "Actual Rows": 2, "Actual Loops": 1, "Inner Unique": true, "Plans": [{"Node Type": "Nested Loop", "Parent Relationship": "Outer", "Join Type": "Inner", "Startup Cost": 0.0, "Total Cost": 2584.64, "Plan Rows": 1, "Plan Width": 52, "Actual Startup Time": 2.62, "Actual Total Time": 103.156, "Actual Rows": 2, "Actual Loops": 1, "Inner Unique": true, "Plans": [{"Node Type": "Nested Loop", "Parent Relationship": "Outer", "Join Type": "Inner", "Startup Cost": 0.0, "Total Cost": 2584.35, "Plan Rows": 1, "Plan Width": 37, "Actual Startup Time": 2.606, "Actual Total Time": 103.125, "Actual Rows": 3, "Actual Loops": 1, "Inner Unique": false, "Join Filter": "(t.id = mc.movie_id)", "Rows Removed by Join Filter": 0, "Plans": [{"Node Type": "Nested Loop", "Parent Relationship": "Outer", "Join Type": "Inner", "Startup Cost": 0.0, "Total Cost": 2584.01, "Plan Rows": 1, "Plan Width": 25, "Actual Startup Time": 2.585, "Actual Total Time": 103.101, "Actual Rows": 1, "Actual Loops": 1, "Inner Unique": true, "Plans": [{"Node Type": "Nested Loop", "Parent Relationship": "Outer", "Join Type": "Inner", "Startup Cost": 0.0, "Total Cost": 2573.32, "Plan Rows": 33, "Plan Width": 4, "Actual Startup Time": 2.346, "Actual Total Time": 53.642, "Actual Rows": 10544, "Actual Loops": 1, "Inner Unique": false, "Plans": [{"Node Type": "Seq Scan", "Parent Relationship": "Outer", "Relation Name": "keyword", "Alias": "k", "Startup Cost": 0.0, "Total Cost": 2436.11, "Plan Rows": 1, "Plan Width": 4, "Actual Startup Time": 2.306, "Actual Total Time": 40.515, "Actual Rows": 1, "Actual Loops": 1, "Filter": "((keyword)::text = 'sequel'::text)", "Rows Removed by Filter": 134168}, {"Node Type": "Index Scan", "Parent Relationship": "Inner", "Scan Direction": "Forward", "Index Name": "keyword_id_movie_keyword", "Relation Name": "movie_keyword", "Alias": "mk", "Startup Cost": 0.0, "Total Cost": 136.88, "Plan Rows": 33, "Plan Width": 8, "Actual Startup Time": 0.034, "Actual Total Time": 10.877, "Actual Rows": 10544, "Actual Loops": 1, "Index Cond": "(keyword_id = k.id)", "Rows Removed by Index Recheck": 0}]}, {"Node Type": "Index Scan", "Parent Relationship": "Inner", "Scan Direction": "Forward", "Index Name": "title_pkey", "Relation Name": "title", "Alias": "t", "Startup Cost": 0.0, "Total Cost": 0.31, "Plan Rows": 1, "Plan Width": 21, "Actual Startup Time": 44.242, "Actual Total Time": 44.242, "Actual Rows": 1, "Actual Loops": 10544, "Index Cond": "(id = mk.movie_id)", "Rows Removed by Index Recheck": 0, "Filter": "(((title)::text ~~ '%Money%'::text) AND (production_year = 1998))", "Rows Removed by Filter": 10543}]}, {"Node Type": "Index Scan", "Parent Relationship": "Inner", "Scan Direction": "Forward", "Index Name": "movie_id_movie_companies", "Relation Name": "movie_companies", "Alias": "mc", "Startup Cost": 0.0, "Total Cost": 0.31, "Plan Rows": 2, "Plan Width": 12, "Actual Startup Time": 0.011, "Actual Total Time": 0.013, "Actual Rows": 3, "Actual Loops": 1, "Index Cond": "(movie_id = mk.movie_id)", "Rows Removed by Index Recheck": 0, "Filter": "(note IS NULL)", "Rows Removed by Filter": 1}]}, {"Node Type": "Index Scan", "Parent Relationship": "Inner", "Scan Direction": "Forward", "Index Name": "company_name_pkey", "Relation Name": "company_name", "Alias": "cn", "Startup Cost": 0.0, "Total Cost": 0.29, "Plan Rows": 1, "Plan Width": 23, "Actual Startup Time": 0.026, "Actual Total Time": 0.026, "Actual Rows": 2, "Actual Loops": 3, "Index Cond": "(id = mc.company_id)", "Rows Removed by Index Recheck": 0, "Filter": "(((country_code)::text <> '[pl]'::text) AND (((name)::text ~~ '%Film%'::text) OR ((name)::text ~~ '%Warner%'::text)))", "Rows Removed by Filter": 1}]}, {"Node Type": "Index Scan", "Parent Relationship": "Inner", "Scan Direction": "Forward", "Index Name": "company_type_pkey", "Relation Name": "company_type", "Alias": "ct", "Startup Cost": 0.0, "Total Cost": 0.27, "Plan Rows": 1, "Plan Width": 4, "Actual Startup Time": 0.008, "Actual Total Time": 0.008, "Actual Rows": 2, "Actual Loops": 2, "Index Cond": "(id = mc.company_type_id)", "Rows Removed by Index Recheck": 0, "Filter": "((kind)::text = 'production companies'::text)", "Rows Removed by Filter": 0}]}, {"Node Type": "Index Scan", "Parent Relationship": "Inner", "Scan Direction": "Forward", "Index Name": "movie_id_movie_link", "Relation Name": "movie_link", "Alias": "ml", "Startup Cost": 0.0, "Total Cost": 0.35, "Plan Rows": 5, "Plan Width": 8, "Actual Startup Time": 0.012, "Actual Total Time": 0.025, "Actual Rows": 38, "Actual Loops": 2, "Index Cond": "(movie_id = mk.movie_id)", "Rows Removed by Index Recheck": 0}]}, {"Node Type": "Index Scan", "Parent Relationship": "Inner", "Scan Direction": "Forward", "Index Name": "link_type_pkey", "Relation Name": "link_type", "Alias": "lt", "Startup Cost": 0.0, "Total Cost": 0.27, "Plan Rows": 1, "Plan Width": 16, "Actual Startup Time": 0.065, "Actual Total Time": 0.065, "Actual Rows": 0, "Actual Loops": 38, "Index Cond": "(id = ml.link_type_id)", "Rows Removed by Index Recheck": 0, "Filter": "((link)::text ~~ '%follows%'::text)", "Rows Removed by Filter": 24}]}]}, "Triggers": [], "Planner Runtime": 83.831, "Total Runtime": 103.68, "Unique SQL Id": 4121279504}}, "(16, 93)": {"explain_plan": {"Plan": {"Node Type": "Aggregate", "Strategy": "Plain", "Startup Cost": 3332.23, "Total Cost": 3332.24, "Plan Rows": 1, "Plan Width": 144, "Plans": [{"Node Type": "Nested Loop", "Parent Relationship": "Outer", "Join Type": "Inner", "Startup Cost": 0.0, "Total Cost": 3332.23, "Plan Rows": 1, "Plan Width": 48, "Inner Unique": true, "Plans": [{"Node Type": "Nested Loop", "Parent Relationship": "Outer", "Join Type": "Inner", "Startup Cost": 0.0, "Total Cost": 3331.94, "Plan Rows": 1, "Plan Width": 40, "Inner Unique": false, "Join Filter": "(t.id = ml.movie_id)", "Plans": [{"Node Type": "Nested Loop", "Parent Relationship": "Outer", "Join Type": "Inner", "Startup Cost": 0.0, "Total Cost": 3331.53, "Plan Rows": 1, "Plan Width": 48, "Inner Unique": true, "Plans": [{"Node Type": "Nested Loop", "Parent Relationship": "Outer", "Join Type": "Inner", "Startup Cost": 0.0, "Total Cost": 3331.25, "Plan Rows": 1, "Plan Width": 52, "Inner Unique": true, "Plans": [{"Node Type": "Nested Loop", "Parent Relationship": "Outer", "Join Type": "Inner", "Startup Cost": 0.0, "Total Cost": 3330.95, "Plan Rows": 1, "Plan Width": 37, "Inner Unique": false, "Join Filter": "(t.id = mc.movie_id)", "Plans": [{"Node Type": "Nested Loop", "Parent Relationship": "Outer", "Join Type": "Inner", "Startup Cost": 0.0, "Total Cost": 3330.61, "Plan Rows": 1, "Plan Width": 25, "Inner Unique": true, "Plans": [{"Node Type": "Nested Loop", "Parent Relationship": "Outer", "Join Type": "Inner", "Startup Cost": 0.0, "Total Cost": 3319.92, "Plan Rows": 33, "Plan Width": 4, "Inner Unique": false, "Plans": [{"Node Type": "Index Scan", "Parent Relationship": "Outer", "Scan Direction": "Forward", "Index Name": "keyword_pkey", "Relation Name": "keyword", "Alias": "k", "Startup Cost": 0.0, "Total Cost": 3182.72, "Plan Rows": 1, "Plan Width": 4, "Filter": "((keyword)::text = 'sequel'::text)"}, {"Node Type": "Index Scan", "Parent Relationship": "Inner", "Scan Direction": "Forward", "Index Name": "keyword_id_movie_keyword", "Relation Name": "movie_keyword", "Alias": "mk", "Startup Cost": 0.0, "Total Cost": 136.88, "Plan Rows": 33, "Plan Width": 8, "Index Cond": "(keyword_id = k.id)"}]}, {"Node Type": "Index Scan", "Parent Relationship": "Inner", "Scan Direction": "Forward", "Index Name": "title_pkey", "Relation Name": "title", "Alias": "t", "Startup Cost": 0.0, "Total Cost": 0.31, "Plan Rows": 1, "Plan Width": 21, "Index Cond": "(id = mk.movie_id)", "Filter": "(((title)::text ~~ '%Money%'::text) AND (production_year = 1998))"}]}, {"Node Type": "Index Scan", "Parent Relationship": "Inner", "Scan Direction": "Forward", "Index Name": "movie_id_movie_companies", "Relation Name": "movie_companies", "Alias": "mc", "Startup Cost": 0.0, "Total Cost": 0.31, "Plan Rows": 2, "Plan Width": 12, "Index Cond": "(movie_id = mk.movie_id)", "Filter": "(note IS NULL)"}]}, {"Node Type": "Index Scan", "Parent Relationship": "Inner", "Scan Direction": "Forward", "Index Name": "company_name_pkey", "Relation Name": "company_name", "Alias": "cn", "Startup Cost": 0.0, "Total Cost": 0.29, "Plan Rows": 1, "Plan Width": 23, "Index Cond": "(id = mc.company_id)", "Filter": "(((country_code)::text <> '[pl]'::text) AND (((name)::text ~~ '%Film%'::text) OR ((name)::text ~~ '%Warner%'::text)))"}]}, {"Node Type": "Index Scan", "Parent Relationship": "Inner", "Scan Direction": "Forward", "Index Name": "company_type_pkey", "Relation Name": "company_type", "Alias": "ct", "Startup Cost": 0.0, "Total Cost": 0.27, "Plan Rows": 1, "Plan Width": 4, "Index Cond": "(id = mc.company_type_id)", "Filter": "((kind)::text = 'production companies'::text)"}]}, {"Node Type": "Index Scan", "Parent Relationship": "Inner", "Scan Direction": "Forward", "Index Name": "movie_id_movie_link", "Relation Name": "movie_link", "Alias": "ml", "Startup Cost": 0.0, "Total Cost": 0.35, "Plan Rows": 5, "Plan Width": 8, "Index Cond": "(movie_id = mk.movie_id)"}]}, {"Node Type": "Index Scan", "Parent Relationship": "Inner", "Scan Direction": "Forward", "Index Name": "link_type_pkey", "Relation Name": "link_type", "Alias": "lt", "Startup Cost": 0.0, "Total Cost": 0.27, "Plan Rows": 1, "Plan Width": 16, "Index Cond": "(id = ml.link_type_id)", "Filter": "((link)::text ~~ '%follows%'::text)"}]}]}, "Unique SQL Id": 4121279504}, "explain_analyze_plan": {"Plan": {"Node Type": "Aggregate", "Strategy": "Plain", "Startup Cost": 3332.23, "Total Cost": 3332.24, "Plan Rows": 1, "Plan Width": 144, "Actual Startup Time": 178.629, "Actual Total Time": 178.63, "Actual Rows": 1, "Actual Loops": 1, "Plans": [{"Node Type": "Nested Loop", "Parent Relationship": "Outer", "Join Type": "Inner", "Startup Cost": 0.0, "Total Cost": 3332.23, "Plan Rows": 1, "Plan Width": 48, "Actual Startup Time": 178.619, "Actual Total Time": 178.619, "Actual Rows": 0, "Actual Loops": 1, "Inner Unique": true, "Plans": [{"Node Type": "Nested Loop", "Parent Relationship": "Outer", "Join Type": "Inner", "Startup Cost": 0.0, "Total Cost": 3331.94, "Plan Rows": 1, "Plan Width": 40, "Actual Startup Time": 0.759, "Actual Total Time": 178.535, "Actual Rows": 38, "Actual Loops": 1, "Inner Unique": false, "Join Filter": "(t.id = ml.movie_id)", "Rows Removed by Join Filter": 0, "Plans": [{"Node Type": "Nested Loop", "Parent Relationship": "Outer", "Join Type": "Inner", "Startup Cost": 0.0, "Total Cost": 3331.53, "Plan Rows": 1, "Plan Width": 48, "Actual Startup Time": 0.75, "Actual Total Time": 178.493, "Actual Rows": 2, "Actual Loops": 1, "Inner Unique": true, "Plans": [{"Node Type": "Nested Loop", "Parent Relationship": "Outer", "Join Type": "Inner", "Startup Cost": 0.0, "Total Cost": 3331.25, "Plan Rows": 1, "Plan Width": 52, "Actual Startup Time": 0.743, "Actual Total Time": 178.481, "Actual Rows": 2, "Actual Loops": 1, "Inner Unique": true, "Plans": [{"Node Type": "Nested Loop", "Parent Relationship": "Outer", "Join Type": "Inner", "Startup Cost": 0.0, "Total Cost": 3330.95, "Plan Rows": 1, "Plan Width": 37, "Actual Startup Time": 0.723, "Actual Total Time": 178.447, "Actual Rows": 3, "Actual Loops": 1, "Inner Unique": false, "Join Filter": "(t.id = mc.movie_id)", "Rows Removed by Join Filter": 0, "Plans": [{"Node Type": "Nested Loop", "Parent Relationship": "Outer", "Join Type": "Inner", "Startup Cost": 0.0, "Total Cost": 3330.61, "Plan Rows": 1, "Plan Width": 25, "Actual Startup Time": 0.709, "Actual Total Time": 178.428, "Actual Rows": 1, "Actual Loops": 1, "Inner Unique": true, "Plans": [{"Node Type": "Nested Loop", "Parent Relationship": "Outer", "Join Type": "Inner", "Startup Cost": 0.0, "Total Cost": 3319.92, "Plan Rows": 33, "Plan Width": 4, "Actual Startup Time": 0.479, "Actual Total Time": 127.522, "Actual Rows": 10544, "Actual Loops": 1, "Inner Unique": false, "Plans": [{"Node Type": "Index Scan", "Parent Relationship": "Outer", "Scan Direction": "Forward", "Index Name": "keyword_pkey", "Relation Name": "keyword", "Alias": "k", "Startup Cost": 0.0, "Total Cost": 3182.72, "Plan Rows": 1, "Plan Width": 4, "Actual Startup Time": 0.446, "Actual Total Time": 114.274, "Actual Rows": 1, "Actual Loops": 1, "Filter": "((keyword)::text = 'sequel'::text)", "Rows Removed by Filter": 134168}, {"Node Type": "Index Scan", "Parent Relationship": "Inner", "Scan Direction": "Forward", "Index Name": "keyword_id_movie_keyword", "Relation Name": "movie_keyword", "Alias": "mk", "Startup Cost": 0.0, "Total Cost": 136.88, "Plan Rows": 33, "Plan Width": 8, "Actual Startup Time": 0.026, "Actual Total Time": 10.894, "Actual Rows": 10544, "Actual Loops": 1, "Index Cond": "(keyword_id = k.id)", "Rows Removed by Index Recheck": 0}]}, {"Node Type": "Index Scan", "Parent Relationship": "Inner", "Scan Direction": "Forward", "Index Name": "title_pkey", "Relation Name": "title", "Alias": "t", "Startup Cost": 0.0, "Total Cost": 0.31, "Plan Rows": 1, "Plan Width": 21, "Actual Startup Time": 45.684, "Actual Total Time": 45.684, "Actual Rows": 1, "Actual Loops": 10544, "Index Cond": "(id = mk.movie_id)", "Rows Removed by Index Recheck": 0, "Filter": "(((title)::text ~~ '%Money%'::text) AND (production_year = 1998))", "Rows Removed by Filter": 10543}]}, {"Node Type": "Index Scan", "Parent Relationship": "Inner", "Scan Direction": "Forward", "Index Name": "movie_id_movie_companies", "Relation Name": "movie_companies", "Alias": "mc", "Startup Cost": 0.0, "Total Cost": 0.31, "Plan Rows": 2, "Plan Width": 12, "Actual Startup Time": 0.011, "Actual Total Time": 0.012, "Actual Rows": 3, "Actual Loops": 1, "Index Cond": "(movie_id = mk.movie_id)", "Rows Removed by Index Recheck": 0, "Filter": "(note IS NULL)", "Rows Removed by Filter": 1}]}, {"Node Type": "Index Scan", "Parent Relationship": "Inner", "Scan Direction": "Forward", "Index Name": "company_name_pkey", "Relation Name": "company_name", "Alias": "cn", "Startup Cost": 0.0, "Total Cost": 0.29, "Plan Rows": 1, "Plan Width": 23, "Actual Startup Time": 0.031, "Actual Total Time": 0.031, "Actual Rows": 2, "Actual Loops": 3, "Index Cond": "(id = mc.company_id)", "Rows Removed by Index Recheck": 0, "Filter": "(((country_code)::text <> '[pl]'::text) AND (((name)::text ~~ '%Film%'::text) OR ((name)::text ~~ '%Warner%'::text)))", "Rows Removed by Filter": 1}]}, {"Node Type": "Index Scan", "Parent Relationship": "Inner", "Scan Direction": "Forward", "Index Name": "company_type_pkey", "Relation Name": "company_type", "Alias": "ct", "Startup Cost": 0.0, "Total Cost": 0.27, "Plan Rows": 1, "Plan Width": 4, "Actual Startup Time": 0.007, "Actual Total Time": 0.007, "Actual Rows": 2, "Actual Loops": 2, "Index Cond": "(id = mc.company_type_id)", "Rows Removed by Index Recheck": 0, "Filter": "((kind)::text = 'production companies'::text)", "Rows Removed by Filter": 0}]}, {"Node Type": "Index Scan", "Parent Relationship": "Inner", "Scan Direction": "Forward", "Index Name": "movie_id_movie_link", "Relation Name": "movie_link", "Alias": "ml", "Startup Cost": 0.0, "Total Cost": 0.35, "Plan Rows": 5, "Plan Width": 8, "Actual Startup Time": 0.011, "Actual Total Time": 0.023, "Actual Rows": 38, "Actual Loops": 2, "Index Cond": "(movie_id = mk.movie_id)", "Rows Removed by Index Recheck": 0}]}, {"Node Type": "Index Scan", "Parent Relationship": "Inner", "Scan Direction": "Forward", "Index Name": "link_type_pkey", "Relation Name": "link_type", "Alias": "lt", "Startup Cost": 0.0, "Total Cost": 0.27, "Plan Rows": 1, "Plan Width": 16, "Actual Startup Time": 0.062, "Actual Total Time": 0.062, "Actual Rows": 0, "Actual Loops": 38, "Index Cond": "(id = ml.link_type_id)", "Rows Removed by Index Recheck": 0, "Filter": "((link)::text ~~ '%follows%'::text)", "Rows Removed by Filter": 24}]}]}, "Triggers": [], "Planner Runtime": 72.754, "Total Runtime": 179.024, "Unique SQL Id": 4121279504}}, "(16, 94)": {"explain_plan": {"Plan": {"Node Type": "Aggregate", "Strategy": "Plain", "Startup Cost": 161736487961.04, "Total Cost": 161736487961.05, "Plan Rows": 1, "Plan Width": 144, "Plans": [{"Node Type": "Merge Join", "Parent Relationship": "Outer", "Join Type": "Inner", "Startup Cost": 161736487673.02, "Total Cost": 161736487961.03, "Plan Rows": 1, "Plan Width": 48, "Inner Unique": true, "Merge Cond": "(mc.company_id = cn.id)", "Plans": [{"Node Type": "Sort", "Parent Relationship": "Outer", "Startup Cost": 161736476040.31, "Total Cost": 161736476040.31, "Plan Rows": 1, "Plan Width": 33, "Sort Key": ["mc.company_id"], "Plans": [{"Node Type": "Merge Join", "Parent Relationship": "Outer", "Join Type": "Inner", "Startup Cost": 161736476040.27, "Total Cost": 161736476040.3, "Plan Rows": 1, "Plan Width": 33, "Inner Unique": true, "Merge Cond": "(ml.link_type_id = lt.id)", "Plans": [{"Node Type": "Sort", "Parent Relationship": "Outer", "Startup Cost": 161736476039.04, "Total Cost": 161736476039.05, "Plan Rows": 3, "Plan Width": 25, "Sort Key": ["ml.link_type_id"], "Plans": [{"Node Type": "Merge Join", "Parent Relationship": "Outer", "Join Type": "Inner", "Startup Cost": 161736476037.69, "Total Cost": 161736476039.02, "Plan Rows": 3, "Plan Width": 25, "Inner Unique": true, "Merge Cond": "(mk.keyword_id = k.id)", "Plans": [{"Node Type": "Sort", "Parent Relationship": "Outer", "Startup Cost": 161736473601.57, "Total Cost": 161736473602.22, "Plan Rows": 262, "Plan Width": 29, "Sort Key": ["mk.keyword_id"], "Plans": [{"Node Type": "Merge Join", "Parent Relationship": "Outer", "Join Type": "Inner", "Startup Cost": 161736473587.75, "Total Cost": 161736473591.05, "Plan Rows": 262, "Plan Width": 29, "Inner Unique": true, "Merge Cond": "(mc.company_type_id = ct.id)", "Plans": [{"Node Type": "Sort", "Parent Relationship": "Outer", "Startup Cost": 161736473585.9, "Total Cost": 161736473586.72, "Plan Rows": 327, "Plan Width": 33, "Sort Key": ["mc.company_type_id"], "Plans": [{"Node Type": "Merge Join", "Parent Relationship": "Outer", "Join Type": "Inner", "Startup Cost": 120077423245.71, "Total Cost": 161736473572.24, "Plan Rows": 327, "Plan Width": 33, "Inner Unique": false, "Merge Cond": "(mk.movie_id = ml.movie_id)", "Plans": [{"Node Type": "Merge Join", "Parent Relationship": "Outer", "Join Type": "Inner", "Startup Cost": 20077205492.98, "Total Cost": 1999870899759.4, "Plan Rows": 7239861, "Plan Width": 20, "Inner Unique": false, "Merge Cond": "(mc.movie_id = mk.movie_id)", "Plans": [{"Node Type": "Index Scan", "Parent Relationship": "Outer", "Scan Direction": "Forward", "Index Name": "movie_id_movie_companies", "Relation Name": "movie_companies", "Alias": "mc", "Startup Cost": 10000000000.0, "Total Cost": 1000013051946.13, "Plan Rows": 1269486, "Plan Width": 12, "Filter": "(note IS NULL), (LLVM Optimized)"}, {"Node Type": "Materialize", "Parent Relationship": "Inner", "Startup Cost": 10000000000.0, "Total Cost": 1000015311943.99, "Plan Rows": 4523929, "Plan Width": 8, "Plans": [{"Node Type": "Index Scan", "Parent Relationship": "Outer", "Scan Direction": "Forward", "Index Name": "movie_id_movie_keyword", "Relation Name": "movie_keyword", "Alias": "mk", "Startup Cost": 10000000000.0, "Total Cost": 1000015300634.17, "Plan Rows": 4523929, "Plan Width": 8}]}]}, {"Node Type": "Sort", "Parent Relationship": "Inner", "Startup Cost": 100000217752.73, "Total Cost": 100000217752.78, "Plan Rows": 19, "Plan Width": 29, "Sort Key": ["ml.movie_id"], "Plans": [{"Node Type": "Nested Loop", "Parent Relationship": "Outer", "Join Type": "Inner", "Startup Cost": 10000000000.0, "Total Cost": 100000217752.33, "Plan Rows": 19, "Plan Width": 29, "Inner Unique": true, "Join Filter": "(ml.movie_id = t.id)", "Plans": [{"Node Type": "Seq Scan", "Parent Relationship": "Outer", "Relation Name": "movie_link", "Alias": "ml", "Startup Cost": 0.0, "Total Cost": 430.96, "Plan Rows": 29996, "Plan Width": 8}, {"Node Type": "Materialize", "Parent Relationship": "Inner", "Startup Cost": 0.0, "Total Cost": 19544.52, "Plan Rows": 4, "Plan Width": 21, "Plans": [{"Node Type": "Streaming(type: LOCAL GATHER dop: 1/16)", "Parent Relationship": "Outer", "Startup Cost": 0.0, "Total Cost": 19544.5, "Plan Rows": 4, "Plan Width": 21, "Plans": [{"Node Type": "Seq Scan", "Parent Relationship": "Outer", "Relation Name": "title", "Alias": "t", "Startup Cost": 0.0, "Total Cost": 19544.42, "Plan Rows": 4, "Plan Width": 21, "Filter": "(((title)::text ~~ '%Money%'::text) AND (production_year = 1998))"}]}]}]}]}]}]}, {"Node Type": "Materialize", "Parent Relationship": "Inner", "Startup Cost": 1.05, "Total Cost": 1.05, "Plan Rows": 1, "Plan Width": 4, "Plans": [{"Node Type": "Sort", "Parent Relationship": "Outer", "Startup Cost": 1.05, "Total Cost": 1.05, "Plan Rows": 1, "Plan Width": 4, "Sort Key": ["ct.id"], "Plans": [{"Node Type": "Seq Scan", "Parent Relationship": "Outer", "Relation Name": "company_type", "Alias": "ct", "Startup Cost": 0.0, "Total Cost": 1.04, "Plan Rows": 1, "Plan Width": 4, "Filter": "((kind)::text = 'production companies'::text)"}]}]}]}]}, {"Node Type": "Sort", "Parent Relationship": "Inner", "Startup Cost": 2436.12, "Total Cost": 2436.13, "Plan Rows": 1, "Plan Width": 4, "Sort Key": ["k.id"], "Plans": [{"Node Type": "Seq Scan", "Parent Relationship": "Outer", "Relation Name": "keyword", "Alias": "k", "Startup Cost": 0.0, "Total Cost": 2436.11, "Plan Rows": 1, "Plan Width": 4, "Filter": "((keyword)::text = 'sequel'::text)"}]}]}]}, {"Node Type": "Sort", "Parent Relationship": "Inner", "Startup Cost": 1.22, "Total Cost": 1.23, "Plan Rows": 1, "Plan Width": 16, "Sort Key": ["lt.id"], "Plans": [{"Node Type": "Seq Scan", "Parent Relationship": "Outer", "Relation Name": "link_type", "Alias": "lt", "Startup Cost": 0.0, "Total Cost": 1.21, "Plan Rows": 1, "Plan Width": 16, "Filter": "((link)::text ~~ '%follows%'::text)"}]}]}]}, {"Node Type": "Sort", "Parent Relationship": "Inner", "Startup Cost": 11632.71, "Total Cost": 11776.71, "Plan Rows": 57599, "Plan Width": 23, "Sort Key": ["cn.id"], "Plans": [{"Node Type": "Seq Scan", "Parent Relationship": "Outer", "Relation Name": "company_name", "Alias": "cn", "Startup Cost": 0.0, "Total Cost": 7078.43, "Plan Rows": 57599, "Plan Width": 23, "Filter": "(((country_code)::text <> '[pl]'::text) AND (((name)::text ~~ '%Film%'::text) OR ((name)::text ~~ '%Warner%'::text)))"}]}]}]}, "Unique SQL Id": 4121279504}, "explain_analyze_plan": null}, "(16, 95)": {"explain_plan": {"Plan": {"Node Type": "Aggregate", "Strategy": "Plain", "Startup Cost": 4403913964515.37, "Total Cost": 4403913964515.38, "Plan Rows": 1, "Plan Width": 144, "Plans": [{"Node Type": "Nested Loop", "Parent Relationship": "Outer", "Join Type": "Inner", "Startup Cost": 2081580986606.33, "Total Cost": 4403913964515.36, "Plan Rows": 1, "Plan Width": 48, "Inner Unique": true, "Plans": [{"Node Type": "Merge Join", "Parent Relationship": "Outer", "Join Type": "Inner", "Startup Cost": 2071580986606.33, "Total Cost": 3403913964486.54, "Plan Rows": 1, "Plan Width": 33, "Inner Unique": true, "Merge Cond": "(ml.movie_id = t.id)", "Plans": [{"Node Type": "Merge Join", "Parent Relationship": "Outer", "Join Type": "Inner", "Startup Cost": 2061580986606.33, "Total Cost": 3146410895435.4, "Plan Rows": 11, "Plan Width": 28, "Inner Unique": false, "Merge Cond": "(mk.movie_id = ml.movie_id)", "Plans": [{"Node Type": "Merge Join", "Parent Relationship": "Outer", "Join Type": "Inner", "Startup Cost": 61580965109.01, "Total Cost": 40200287591422.09, "Plan Rows": 37, "Plan Width": 12, "Inner Unique": false, "Merge Cond": "(mc.movie_id = mk.movie_id)", "Plans": [{"Node Type": "Nested Loop", "Parent Relationship": "Outer", "Join Type": "Inner", "Startup Cost": 30000000000.0, "Total Cost": 20100130722186.7, "Plan Rows": 634743, "Plan Width": 8, "Inner Unique": true, "Join Filter": "(ct.id = mc.company_type_id), (LLVM Optimized)", "Plans": [{"Node Type": "Index Scan", "Parent Relationship": "Outer", "Scan Direction": "Forward", "Index Name": "movie_id_movie_companies", "Relation Name": "movie_companies", "Alias": "mc", "Startup Cost": 10000000000.0, "Total Cost": 1000013051946.13, "Plan Rows": 1269486, "Plan Width": 12, "Filter": "(note IS NULL), (LLVM Optimized)"}, {"Node Type": "Materialize", "Parent Relationship": "Inner", "Startup Cost": 10000000000.0, "Total Cost": 1000000001230.26, "Plan Rows": 1, "Plan Width": 4, "Plans": [{"Node Type": "Index Scan", "Parent Relationship": "Outer", "Scan Direction": "Forward", "Index Name": "company_type_pkey", "Relation Name": "company_type", "Alias": "ct", "Startup Cost": 10000000000.0, "Total Cost": 1000000001230.25, "Plan Rows": 1, "Plan Width": 4, "Filter": "((kind)::text = 'production companies'::text)"}]}]}, {"Node Type": "Materialize", "Parent Relationship": "Inner", "Startup Cost": 30000000000.0, "Total Cost": 20100156867647.98, "Plan Rows": 33, "Plan Width": 4, "Plans": [{"Node Type": "Nested Loop", "Parent Relationship": "Outer", "Join Type": "Inner", "Startup Cost": 30000000000.0, "Total Cost": 20100156867647.9, "Plan Rows": 33, "Plan Width": 4, "Inner Unique": true, "Join Filter": "(k.id = mk.keyword_id)", "Plans": [{"Node Type": "Index Scan", "Parent Relationship": "Outer", "Scan Direction": "Forward", "Index Name": "movie_id_movie_keyword", "Relation Name": "movie_keyword", "Alias": "mk", "Startup Cost": 10000000000.0, "Total Cost": 1000015300634.17, "Plan Rows": 4523929, "Plan Width": 8}, {"Node Type": "Materialize", "Parent Relationship": "Inner", "Startup Cost": 10000000000.0, "Total Cost": 1000000318271.69, "Plan Rows": 1, "Plan Width": 4, "Plans": [{"Node Type": "Index Scan", "Parent Relationship": "Outer", "Scan Direction": "Forward", "Index Name": "keyword_pkey", "Relation Name": "keyword", "Alias": "k", "Startup Cost": 10000000000.0, "Total Cost": 1000000318271.68, "Plan Rows": 1, "Plan Width": 4, "Filter": "((keyword)::text = 'sequel'::text)"}]}]}]}]}, {"Node Type": "Sort", "Parent Relationship": "Inner", "Startup Cost": 2000000021497.31, "Total Cost": 2000000021501.99, "Plan Rows": 1875, "Plan Width": 16, "Sort Key": ["ml.movie_id"], "Plans": [{"Node Type": "Nested Loop", "Parent Relationship": "Outer", "Join Type": "Inner", "Startup Cost": 20000000046.78, "Total Cost": 2000000021395.38, "Plan Rows": 1875, "Plan Width": 16, "Inner Unique": false, "Plans": [{"Node Type": "Index Scan", "Parent Relationship": "Outer", "Scan Direction": "Forward", "Index Name": "link_type_pkey", "Relation Name": "link_type", "Alias": "lt", "Startup Cost": 10000000000.0, "Total Cost": 1000000001254.75, "Plan Rows": 1, "Plan Width": 16, "Filter": "((link)::text ~~ '%follows%'::text)"}, {"Node Type": "Bitmap Heap Scan", "Parent Relationship": "Inner", "Relation Name": "movie_link", "Alias": "ml", "Startup Cost": 10000000046.78, "Total Cost": 1000000020121.88, "Plan Rows": 1875, "Plan Width": 8, "Recheck Cond": "(link_type_id = lt.id)", "Plans": [{"Node Type": "Bitmap Index Scan", "Parent Relationship": "Outer", "Index Name": "link_type_id_movie_link", "Startup Cost": 0.0, "Total Cost": 46.31, "Plan Rows": 1875, "Plan Width": 0, "Index Cond": "(link_type_id = lt.id)"}]}]}]}]}, {"Node Type": "Index Scan", "Parent Relationship": "Inner", "Scan Direction": "Forward", "Index Name": "title_pkey", "Relation Name": "title", "Alias": "t", "Startup Cost": 10000000000.0, "Total Cost": 1000012276204.41, "Plan Rows": 4, "Plan Width": 21, "Filter": "(((title)::text ~~ '%Money%'::text) AND (production_year = 1998))"}]}, {"Node Type": "Index Scan", "Parent Relationship": "Inner", "Scan Direction": "Forward", "Index Name": "company_name_pkey", "Relation Name": "company_name", "Alias": "cn", "Startup Cost": 10000000000.0, "Total Cost": 1000000000028.81, "Plan Rows": 1, "Plan Width": 23, "Index Cond": "(id = mc.company_id)", "Filter": "(((country_code)::text <> '[pl]'::text) AND (((name)::text ~~ '%Film%'::text) OR ((name)::text ~~ '%Warner%'::text)))"}]}]}, "Unique SQL Id": 4121279504}, "explain_analyze_plan": {"Plan": {"Node Type": "Aggregate", "Strategy": "Plain", "Startup Cost": 4403913964515.37, "Total Cost": 4403913964515.38, "Plan Rows": 1, "Plan Width": 144, "Actual Startup Time": 116.497, "Actual Total Time": 116.497, "Actual Rows": 1, "Actual Loops": 1, "Plans": [{"Node Type": "Nested Loop", "Parent Relationship": "Outer", "Join Type": "Inner", "Startup Cost": 2081580986606.33, "Total Cost": 4403913964515.36, "Plan Rows": 1, "Plan Width": 48, "Actual Startup Time": 116.488, "Actual Total Time": 116.488, "Actual Rows": 0, "Actual Loops": 1, "Inner Unique": true, "Plans": [{"Node Type": "Merge Join", "Parent Relationship": "Outer", "Join Type": "Inner", "Startup Cost": 2071580986606.33, "Total Cost": 3403913964486.54, "Plan Rows": 1, "Plan Width": 33, "Actual Startup Time": 116.487, "Actual Total Time": 116.487, "Actual Rows": 0, "Actual Loops": 1, "Inner Unique": true, "Merge Cond": "(ml.movie_id = t.id)", "Plans": [{"Node Type": "Merge Join", "Parent Relationship": "Outer", "Join Type": "Inner", "Startup Cost": 2061580986606.33, "Total Cost": 3146410895435.4, "Plan Rows": 11, "Plan Width": 28, "Actual Startup Time": 116.483, "Actual Total Time": 116.483, "Actual Rows": 0, "Actual Loops": 1, "Inner Unique": false, "Merge Cond": "(mk.movie_id = ml.movie_id)", "Plans": [{"Node Type": "Merge Join", "Parent Relationship": "Outer", "Join Type": "Inner", "Startup Cost": 61580965109.01, "Total Cost": 40200287591422.09, "Plan Rows": 37, "Plan Width": 12, "Actual Startup Time": 116.412, "Actual Total Time": 116.412, "Actual Rows": 1, "Actual Loops": 1, "Inner Unique": false, "Merge Cond": "(mc.movie_id = mk.movie_id)", "Plans": [{"Node Type": "Nested Loop", "Parent Relationship": "Outer", "Join Type": "Inner", "Startup Cost": 30000000000.0, "Total Cost": 20100130722186.7, "Plan Rows": 634743, "Plan Width": 8, "Actual Startup Time": 0.06, "Actual Total Time": 0.93, "Actual Rows": 447, "Actual Loops": 1, "Inner Unique": true, "Join Filter": "(ct.id = mc.company_type_id), (LLVM Optimized)", "Rows Removed by Join Filter": 3, "Plans": [{"Node Type": "Index Scan", "Parent Relationship": "Outer", "Scan Direction": "Forward", "Index Name": "movie_id_movie_companies", "Relation Name": "movie_companies", "Alias": "mc", "Startup Cost": 10000000000.0, "Total Cost": 1000013051946.13, "Plan Rows": 1269486, "Plan Width": 12, "Actual Startup Time": 0.038, "Actual Total Time": 0.653, "Actual Rows": 450, "Actual Loops": 1, "Filter": "(note IS NULL), (LLVM Optimized)", "Rows Removed by Filter": 628}, {"Node Type": "Materialize", "Parent Relationship": "Inner", "Startup Cost": 10000000000.0, "Total Cost": 1000000001230.26, "Plan Rows": 1, "Plan Width": 4, "Actual Startup Time": 0.055, "Actual Total Time": 0.06, "Actual Rows": 450, "Actual Loops": 450, "Plans": [{"Node Type": "Index Scan", "Parent Relationship": "Outer", "Scan Direction": "Forward", "Index Name": "company_type_pkey", "Relation Name": "company_type", "Alias": "ct", "Startup Cost": 10000000000.0, "Total Cost": 1000000001230.25, "Plan Rows": 1, "Plan Width": 4, "Actual Startup Time": 0.011, "Actual Total Time": 0.015, "Actual Rows": 1, "Actual Loops": 1, "Filter": "((kind)::text = 'production companies'::text)", "Rows Removed by Filter": 2}]}]}, {"Node Type": "Materialize", "Parent Relationship": "Inner", "Startup Cost": 30000000000.0, "Total Cost": 20100156867647.98, "Plan Rows": 33, "Plan Width": 4, "Actual Startup Time": 115.419, "Actual Total Time": 115.419, "Actual Rows": 1, "Actual Loops": 1, "Plans": [{"Node Type": "Nested Loop", "Parent Relationship": "Outer", "Join Type": "Inner", "Startup Cost": 30000000000.0, "Total Cost": 20100156867647.9, "Plan Rows": 33, "Plan Width": 4, "Actual Startup Time": 115.415, "Actual Total Time": 115.415, "Actual Rows": 1, "Actual Loops": 1, "Inner Unique": true, "Join Filter": "(k.id = mk.keyword_id)", "Rows Removed by Join Filter": 573, "Plans": [{"Node Type": "Index Scan", "Parent Relationship": "Outer", "Scan Direction": "Forward", "Index Name": "movie_id_movie_keyword", "Relation Name": "movie_keyword", "Alias": "mk", "Startup Cost": 10000000000.0, "Total Cost": 1000015300634.17, "Plan Rows": 4523929, "Plan Width": 8, "Actual Startup Time": 0.019, "Actual Total Time": 0.263, "Actual Rows": 574, "Actual Loops": 1}, {"Node Type": "Materialize", "Parent Relationship": "Inner", "Startup Cost": 10000000000.0, "Total Cost": 1000000318271.69, "Plan Rows": 1, "Plan Width": 4, "Actual Startup Time": 0.486, "Actual Total Time": 114.912, "Actual Rows": 574, "Actual Loops": 574, "Plans": [{"Node Type": "Index Scan", "Parent Relationship": "Outer", "Scan Direction": "Forward", "Index Name": "keyword_pkey", "Relation Name": "keyword", "Alias": "k", "Startup Cost": 10000000000.0, "Total Cost": 1000000318271.68, "Plan Rows": 1, "Plan Width": 4, "Actual Startup Time": 0.434, "Actual Total Time": 114.812, "Actual Rows": 1, "Actual Loops": 1, "Filter": "((keyword)::text = 'sequel'::text)", "Rows Removed by Filter": 134168}]}]}]}]}, {"Node Type": "Sort", "Parent Relationship": "Inner", "Startup Cost": 2000000021497.31, "Total Cost": 2000000021501.99, "Plan Rows": 1875, "Plan Width": 16, "Actual Startup Time": 0.054, "Actual Total Time": 0.054, "Actual Rows": 0, "Actual Loops": 1, "Sort Key": ["ml.movie_id"], "Sort Method": "quicksort", "Sort Space Used": 25, "Sort Space Type": "Memory", "Plans": [{"Node Type": "Nested Loop", "Parent Relationship": "Outer", "Join Type": "Inner", "Startup Cost": 20000000046.78, "Total Cost": 2000000021395.38, "Plan Rows": 1875, "Plan Width": 16, "Actual Startup Time": 0.034, "Actual Total Time": 0.034, "Actual Rows": 0, "Actual Loops": 1, "Inner Unique": false, "Plans": [{"Node Type": "Index Scan", "Parent Relationship": "Outer", "Scan Direction": "Forward", "Index Name": "link_type_pkey", "Relation Name": "link_type", "Alias": "lt", "Startup Cost": 10000000000.0, "Total Cost": 1000000001254.75, "Plan Rows": 1, "Plan Width": 16, "Actual Startup Time": 0.032, "Actual Total Time": 0.032, "Actual Rows": 0, "Actual Loops": 1, "Filter": "((link)::text ~~ '%follows%'::text)", "Rows Removed by Filter": 17}, {"Node Type": "Bitmap Heap Scan", "Parent Relationship": "Inner", "Relation Name": "movie_link", "Alias": "ml", "Startup Cost": 10000000046.78, "Total Cost": 1000000020121.88, "Plan Rows": 1875, "Plan Width": 8, "Actual Startup Time": 0.0, "Actual Total Time": 0.0, "Recheck Cond": "(link_type_id = lt.id)", "Rows Removed by Index Recheck": 0, "Exact Heap Blocks": 0, "Lossy Heap Blocks": 0, "Plans": [{"Node Type": "Bitmap Index Scan", "Parent Relationship": "Outer", "Index Name": "link_type_id_movie_link", "Startup Cost": 0.0, "Total Cost": 46.31, "Plan Rows": 1875, "Plan Width": 0, "Actual Startup Time": 0.0, "Actual Total Time": 0.0, "Index Cond": "(link_type_id = lt.id)"}]}]}]}]}, {"Node Type": "Index Scan", "Parent Relationship": "Inner", "Scan Direction": "Forward", "Index Name": "title_pkey", "Relation Name": "title", "Alias": "t", "Startup Cost": 10000000000.0, "Total Cost": 1000012276204.41, "Plan Rows": 4, "Plan Width": 21, "Actual Startup Time": 0.0, "Actual Total Time": 0.0, "Filter": "(((title)::text ~~ '%Money%'::text) AND (production_year = 1998))", "Rows Removed by Filter": 0}]}, {"Node Type": "Index Scan", "Parent Relationship": "Inner", "Scan Direction": "Forward", "Index Name": "company_name_pkey", "Relation Name": "company_name", "Alias": "cn", "Startup Cost": 10000000000.0, "Total Cost": 1000000000028.81, "Plan Rows": 1, "Plan Width": 23, "Actual Startup Time": 0.0, "Actual Total Time": 0.0, "Index Cond": "(id = mc.company_id)", "Rows Removed by Index Recheck": 0, "Filter": "(((country_code)::text <> '[pl]'::text) AND (((name)::text ~~ '%Film%'::text) OR ((name)::text ~~ '%Warner%'::text)))", "Rows Removed by Filter": 0}]}]}, "Triggers": [], "Planner Runtime": 171.147, "Total Runtime": 125.955, "Unique SQL Id": 4121279504}}, "(16, 96)": {"explain_plan": {"Plan": {"Node Type": "Aggregate", "Strategy": "Plain", "Startup Cost": 2581.34, "Total Cost": 2581.35, "Plan Rows": 1, "Plan Width": 144, "Plans": [{"Node Type": "Nested Loop", "Parent Relationship": "Outer", "Join Type": "Inner", "Startup Cost": 4.51, "Total Cost": 2581.33, "Plan Rows": 1, "Plan Width": 48, "Inner Unique": true, "Plans": [{"Node Type": "Nested Loop", "Parent Relationship": "Outer", "Join Type": "Inner", "Startup Cost": 4.51, "Total Cost": 2581.05, "Plan Rows": 1, "Plan Width": 40, "Inner Unique": false, "Join Filter": "(t.id = ml.movie_id)", "Plans": [{"Node Type": "Nested Loop", "Parent Relationship": "Outer", "Join Type": "Inner", "Startup Cost": 4.51, "Total Cost": 2580.63, "Plan Rows": 1, "Plan Width": 48, "Inner Unique": true, "Plans": [{"Node Type": "Nested Loop", "Parent Relationship": "Outer", "Join Type": "Inner", "Startup Cost": 4.51, "Total Cost": 2580.35, "Plan Rows": 1, "Plan Width": 52, "Inner Unique": true, "Plans": [{"Node Type": "Nested Loop", "Parent Relationship": "Outer", "Join Type": "Inner", "Startup Cost": 4.51, "Total Cost": 2580.05, "Plan Rows": 1, "Plan Width": 37, "Inner Unique": false, "Join Filter": "(t.id = mc.movie_id)", "Plans": [{"Node Type": "Nested Loop", "Parent Relationship": "Outer", "Join Type": "Inner", "Startup Cost": 4.51, "Total Cost": 2579.71, "Plan Rows": 1, "Plan Width": 25, "Inner Unique": true, "Plans": [{"Node Type": "Nested Loop", "Parent Relationship": "Outer", "Join Type": "Inner", "Startup Cost": 4.51, "Total Cost": 2569.02, "Plan Rows": 33, "Plan Width": 4, "Inner Unique": false, "Plans": [{"Node Type": "Seq Scan", "Parent Relationship": "Outer", "Relation Name": "keyword", "Alias": "k", "Startup Cost": 0.0, "Total Cost": 2436.11, "Plan Rows": 1, "Plan Width": 4, "Filter": "((keyword)::text = 'sequel'::text)"}, {"Node Type": "Bitmap Heap Scan", "Parent Relationship": "Inner", "Relation Name": "movie_keyword", "Alias": "mk", "Startup Cost": 4.51, "Total Cost": 132.58, "Plan Rows": 33, "Plan Width": 8, "Recheck Cond": "(keyword_id = k.id)", "Plans": [{"Node Type": "Bitmap Index Scan", "Parent Relationship": "Outer", "Index Name": "keyword_id_movie_keyword", "Startup Cost": 0.0, "Total Cost": 4.5, "Plan Rows": 33, "Plan Width": 0, "Index Cond": "(keyword_id = k.id)"}]}]}, {"Node Type": "Index Scan", "Parent Relationship": "Inner", "Scan Direction": "Forward", "Index Name": "title_pkey", "Relation Name": "title", "Alias": "t", "Startup Cost": 0.0, "Total Cost": 0.31, "Plan Rows": 1, "Plan Width": 21, "Index Cond": "(id = mk.movie_id)", "Filter": "(((title)::text ~~ '%Money%'::text) AND (production_year = 1998))"}]}, {"Node Type": "Index Scan", "Parent Relationship": "Inner", "Scan Direction": "Forward", "Index Name": "movie_id_movie_companies", "Relation Name": "movie_companies", "Alias": "mc", "Startup Cost": 0.0, "Total Cost": 0.31, "Plan Rows": 2, "Plan Width": 12, "Index Cond": "(movie_id = mk.movie_id)", "Filter": "(note IS NULL)"}]}, {"Node Type": "Index Scan", "Parent Relationship": "Inner", "Scan Direction": "Forward", "Index Name": "company_name_pkey", "Relation Name": "company_name", "Alias": "cn", "Startup Cost": 0.0, "Total Cost": 0.29, "Plan Rows": 1, "Plan Width": 23, "Index Cond": "(id = mc.company_id)", "Filter": "(((country_code)::text <> '[pl]'::text) AND (((name)::text ~~ '%Film%'::text) OR ((name)::text ~~ '%Warner%'::text)))"}]}, {"Node Type": "Index Scan", "Parent Relationship": "Inner", "Scan Direction": "Forward", "Index Name": "company_type_pkey", "Relation Name": "company_type", "Alias": "ct", "Startup Cost": 0.0, "Total Cost": 0.27, "Plan Rows": 1, "Plan Width": 4, "Index Cond": "(id = mc.company_type_id)", "Filter": "((kind)::text = 'production companies'::text)"}]}, {"Node Type": "Index Scan", "Parent Relationship": "Inner", "Scan Direction": "Forward", "Index Name": "movie_id_movie_link", "Relation Name": "movie_link", "Alias": "ml", "Startup Cost": 0.0, "Total Cost": 0.35, "Plan Rows": 5, "Plan Width": 8, "Index Cond": "(movie_id = mk.movie_id)"}]}, {"Node Type": "Index Scan", "Parent Relationship": "Inner", "Scan Direction": "Forward", "Index Name": "link_type_pkey", "Relation Name": "link_type", "Alias": "lt", "Startup Cost": 0.0, "Total Cost": 0.27, "Plan Rows": 1, "Plan Width": 16, "Index Cond": "(id = ml.link_type_id)", "Filter": "((link)::text ~~ '%follows%'::text)"}]}]}, "Unique SQL Id": 4121279504}, "explain_analyze_plan": {"Plan": {"Node Type": "Aggregate", "Strategy": "Plain", "Startup Cost": 2581.34, "Total Cost": 2581.35, "Plan Rows": 1, "Plan Width": 144, "Actual Startup Time": 126.718, "Actual Total Time": 126.718, "Actual Rows": 1, "Actual Loops": 1, "Plans": [{"Node Type": "Nested Loop", "Parent Relationship": "Outer", "Join Type": "Inner", "Startup Cost": 4.51, "Total Cost": 2581.33, "Plan Rows": 1, "Plan Width": 48, "Actual Startup Time": 126.712, "Actual Total Time": 126.712, "Actual Rows": 0, "Actual Loops": 1, "Inner Unique": true, "Plans": [{"Node Type": "Nested Loop", "Parent Relationship": "Outer", "Join Type": "Inner", "Startup Cost": 4.51, "Total Cost": 2581.05, "Plan Rows": 1, "Plan Width": 40, "Actual Startup Time": 6.094, "Actual Total Time": 126.628, "Actual Rows": 38, "Actual Loops": 1, "Inner Unique": false, "Join Filter": "(t.id = ml.movie_id)", "Rows Removed by Join Filter": 0, "Plans": [{"Node Type": "Nested Loop", "Parent Relationship": "Outer", "Join Type": "Inner", "Startup Cost": 4.51, "Total Cost": 2580.63, "Plan Rows": 1, "Plan Width": 48, "Actual Startup Time": 6.079, "Actual Total Time": 126.579, "Actual Rows": 2, "Actual Loops": 1, "Inner Unique": true, "Plans": [{"Node Type": "Nested Loop", "Parent Relationship": "Outer", "Join Type": "Inner", "Startup Cost": 4.51, "Total Cost": 2580.35, "Plan Rows": 1, "Plan Width": 52, "Actual Startup Time": 6.07, "Actual Total Time": 126.566, "Actual Rows": 2, "Actual Loops": 1, "Inner Unique": true, "Plans": [{"Node Type": "Nested Loop", "Parent Relationship": "Outer", "Join Type": "Inner", "Startup Cost": 4.51, "Total Cost": 2580.05, "Plan Rows": 1, "Plan Width": 37, "Actual Startup Time": 6.053, "Actual Total Time": 126.529, "Actual Rows": 3, "Actual Loops": 1, "Inner Unique": false, "Join Filter": "(t.id = mc.movie_id)", "Rows Removed by Join Filter": 0, "Plans": [{"Node Type": "Nested Loop", "Parent Relationship": "Outer", "Join Type": "Inner", "Startup Cost": 4.51, "Total Cost": 2579.71, "Plan Rows": 1, "Plan Width": 25, "Actual Startup Time": 6.03, "Actual Total Time": 126.501, "Actual Rows": 1, "Actual Loops": 1, "Inner Unique": true, "Plans": [{"Node Type": "Nested Loop", "Parent Relationship": "Outer", "Join Type": "Inner", "Startup Cost": 4.51, "Total Cost": 2569.02, "Plan Rows": 33, "Plan Width": 4, "Actual Startup Time": 5.681, "Actual Total Time": 64.348, "Actual Rows": 10544, "Actual Loops": 1, "Inner Unique": false, "Plans": [{"Node Type": "Seq Scan", "Parent Relationship": "Outer", "Relation Name": "keyword", "Alias": "k", "Startup Cost": 0.0, "Total Cost": 2436.11, "Plan Rows": 1, "Plan Width": 4, "Actual Startup Time": 2.377, "Actual Total Time": 41.877, "Actual Rows": 1, "Actual Loops": 1, "Filter": "((keyword)::text = 'sequel'::text)", "Rows Removed by Filter": 134168}, {"Node Type": "Bitmap Heap Scan", "Parent Relationship": "Inner", "Relation Name": "movie_keyword", "Alias": "mk", "Startup Cost": 4.51, "Total Cost": 132.58, "Plan Rows": 33, "Plan Width": 8, "Actual Startup Time": 3.296, "Actual Total Time": 20.334, "Actual Rows": 10544, "Actual Loops": 1, "Recheck Cond": "(keyword_id = k.id)", "Rows Removed by Index Recheck": 0, "Exact Heap Blocks": 5090, "Lossy Heap Blocks": 5090, "Plans": [{"Node Type": "Bitmap Index Scan", "Parent Relationship": "Outer", "Index Name": "keyword_id_movie_keyword", "Startup Cost": 0.0, "Total Cost": 4.5, "Plan Rows": 33, "Plan Width": 0, "Actual Startup Time": 2.369, "Actual Total Time": 2.369, "Actual Rows": 10544, "Actual Loops": 1, "Index Cond": "(keyword_id = k.id)"}]}]}, {"Node Type": "Index Scan", "Parent Relationship": "Inner", "Scan Direction": "Forward", "Index Name": "title_pkey", "Relation Name": "title", "Alias": "t", "Startup Cost": 0.0, "Total Cost": 0.31, "Plan Rows": 1, "Plan Width": 21, "Actual Startup Time": 56.882, "Actual Total Time": 56.882, "Actual Rows": 1, "Actual Loops": 10544, "Index Cond": "(id = mk.movie_id)", "Rows Removed by Index Recheck": 0, "Filter": "(((title)::text ~~ '%Money%'::text) AND (production_year = 1998))", "Rows Removed by Filter": 10543}]}, {"Node Type": "Index Scan", "Parent Relationship": "Inner", "Scan Direction": "Forward", "Index Name": "movie_id_movie_companies", "Relation Name": "movie_companies", "Alias": "mc", "Startup Cost": 0.0, "Total Cost": 0.31, "Plan Rows": 2, "Plan Width": 12, "Actual Startup Time": 0.018, "Actual Total Time": 0.02, "Actual Rows": 3, "Actual Loops": 1, "Index Cond": "(movie_id = mk.movie_id)", "Rows Removed by Index Recheck": 0, "Filter": "(note IS NULL)", "Rows Removed by Filter": 1}]}, {"Node Type": "Index Scan", "Parent Relationship": "Inner", "Scan Direction": "Forward", "Index Name": "company_name_pkey", "Relation Name": "company_name", "Alias": "cn", "Startup Cost": 0.0, "Total Cost": 0.29, "Plan Rows": 1, "Plan Width": 23, "Actual Startup Time": 0.032, "Actual Total Time": 0.032, "Actual Rows": 2, "Actual Loops": 3, "Index Cond": "(id = mc.company_id)", "Rows Removed by Index Recheck": 0, "Filter": "(((country_code)::text <> '[pl]'::text) AND (((name)::text ~~ '%Film%'::text) OR ((name)::text ~~ '%Warner%'::text)))", "Rows Removed by Filter": 1}]}, {"Node Type": "Index Scan", "Parent Relationship": "Inner", "Scan Direction": "Forward", "Index Name": "company_type_pkey", "Relation Name": "company_type", "Alias": "ct", "Startup Cost": 0.0, "Total Cost": 0.27, "Plan Rows": 1, "Plan Width": 4, "Actual Startup Time": 0.008, "Actual Total Time": 0.008, "Actual Rows": 2, "Actual Loops": 2, "Index Cond": "(id = mc.company_type_id)", "Rows Removed by Index Recheck": 0, "Filter": "((kind)::text = 'production companies'::text)", "Rows Removed by Filter": 0}]}, {"Node Type": "Index Scan", "Parent Relationship": "Inner", "Scan Direction": "Forward", "Index Name": "movie_id_movie_link", "Relation Name": "movie_link", "Alias": "ml", "Startup Cost": 0.0, "Total Cost": 0.35, "Plan Rows": 5, "Plan Width": 8, "Actual Startup Time": 0.016, "Actual Total Time": 0.031, "Actual Rows": 38, "Actual Loops": 2, "Index Cond": "(movie_id = mk.movie_id)", "Rows Removed by Index Recheck": 0}]}, {"Node Type": "Index Scan", "Parent Relationship": "Inner", "Scan Direction": "Forward", "Index Name": "link_type_pkey", "Relation Name": "link_type", "Alias": "lt", "Startup Cost": 0.0, "Total Cost": 0.27, "Plan Rows": 1, "Plan Width": 16, "Actual Startup Time": 0.064, "Actual Total Time": 0.064, "Actual Rows": 0, "Actual Loops": 38, "Index Cond": "(id = ml.link_type_id)", "Rows Removed by Index Recheck": 0, "Filter": "((link)::text ~~ '%follows%'::text)", "Rows Removed by Filter": 24}]}]}, "Triggers": [], "Planner Runtime": 87.526, "Total Runtime": 127.163, "Unique SQL Id": 4121279504}}, "(16, 97)": {"explain_plan": {"Plan": {"Node Type": "Aggregate", "Strategy": "Plain", "Startup Cost": 3327.94, "Total Cost": 3327.95, "Plan Rows": 1, "Plan Width": 144, "Plans": [{"Node Type": "Nested Loop", "Parent Relationship": "Outer", "Join Type": "Inner", "Startup Cost": 4.51, "Total Cost": 3327.93, "Plan Rows": 1, "Plan Width": 48, "Inner Unique": true, "Plans": [{"Node Type": "Nested Loop", "Parent Relationship": "Outer", "Join Type": "Inner", "Startup Cost": 4.51, "Total Cost": 3327.65, "Plan Rows": 1, "Plan Width": 40, "Inner Unique": false, "Join Filter": "(t.id = ml.movie_id)", "Plans": [{"Node Type": "Nested Loop", "Parent Relationship": "Outer", "Join Type": "Inner", "Startup Cost": 4.51, "Total Cost": 3327.24, "Plan Rows": 1, "Plan Width": 48, "Inner Unique": true, "Plans": [{"Node Type": "Nested Loop", "Parent Relationship": "Outer", "Join Type": "Inner", "Startup Cost": 4.51, "Total Cost": 3326.95, "Plan Rows": 1, "Plan Width": 52, "Inner Unique": true, "Plans": [{"Node Type": "Nested Loop", "Parent Relationship": "Outer", "Join Type": "Inner", "Startup Cost": 4.51, "Total Cost": 3326.66, "Plan Rows": 1, "Plan Width": 37, "Inner Unique": false, "Join Filter": "(t.id = mc.movie_id)", "Plans": [{"Node Type": "Nested Loop", "Parent Relationship": "Outer", "Join Type": "Inner", "Startup Cost": 4.51, "Total Cost": 3326.32, "Plan Rows": 1, "Plan Width": 25, "Inner Unique": true, "Plans": [{"Node Type": "Nested Loop", "Parent Relationship": "Outer", "Join Type": "Inner", "Startup Cost": 4.51, "Total Cost": 3315.63, "Plan Rows": 33, "Plan Width": 4, "Inner Unique": false, "Plans": [{"Node Type": "Index Scan", "Parent Relationship": "Outer", "Scan Direction": "Forward", "Index Name": "keyword_pkey", "Relation Name": "keyword", "Alias": "k", "Startup Cost": 0.0, "Total Cost": 3182.72, "Plan Rows": 1, "Plan Width": 4, "Filter": "((keyword)::text = 'sequel'::text)"}, {"Node Type": "Bitmap Heap Scan", "Parent Relationship": "Inner", "Relation Name": "movie_keyword", "Alias": "mk", "Startup Cost": 4.51, "Total Cost": 132.58, "Plan Rows": 33, "Plan Width": 8, "Recheck Cond": "(keyword_id = k.id)", "Plans": [{"Node Type": "Bitmap Index Scan", "Parent Relationship": "Outer", "Index Name": "keyword_id_movie_keyword", "Startup Cost": 0.0, "Total Cost": 4.5, "Plan Rows": 33, "Plan Width": 0, "Index Cond": "(keyword_id = k.id)"}]}]}, {"Node Type": "Index Scan", "Parent Relationship": "Inner", "Scan Direction": "Forward", "Index Name": "title_pkey", "Relation Name": "title", "Alias": "t", "Startup Cost": 0.0, "Total Cost": 0.31, "Plan Rows": 1, "Plan Width": 21, "Index Cond": "(id = mk.movie_id)", "Filter": "(((title)::text ~~ '%Money%'::text) AND (production_year = 1998))"}]}, {"Node Type": "Index Scan", "Parent Relationship": "Inner", "Scan Direction": "Forward", "Index Name": "movie_id_movie_companies", "Relation Name": "movie_companies", "Alias": "mc", "Startup Cost": 0.0, "Total Cost": 0.31, "Plan Rows": 2, "Plan Width": 12, "Index Cond": "(movie_id = mk.movie_id)", "Filter": "(note IS NULL)"}]}, {"Node Type": "Index Scan", "Parent Relationship": "Inner", "Scan Direction": "Forward", "Index Name": "company_name_pkey", "Relation Name": "company_name", "Alias": "cn", "Startup Cost": 0.0, "Total Cost": 0.29, "Plan Rows": 1, "Plan Width": 23, "Index Cond": "(id = mc.company_id)", "Filter": "(((country_code)::text <> '[pl]'::text) AND (((name)::text ~~ '%Film%'::text) OR ((name)::text ~~ '%Warner%'::text)))"}]}, {"Node Type": "Index Scan", "Parent Relationship": "Inner", "Scan Direction": "Forward", "Index Name": "company_type_pkey", "Relation Name": "company_type", "Alias": "ct", "Startup Cost": 0.0, "Total Cost": 0.27, "Plan Rows": 1, "Plan Width": 4, "Index Cond": "(id = mc.company_type_id)", "Filter": "((kind)::text = 'production companies'::text)"}]}, {"Node Type": "Index Scan", "Parent Relationship": "Inner", "Scan Direction": "Forward", "Index Name": "movie_id_movie_link", "Relation Name": "movie_link", "Alias": "ml", "Startup Cost": 0.0, "Total Cost": 0.35, "Plan Rows": 5, "Plan Width": 8, "Index Cond": "(movie_id = mk.movie_id)"}]}, {"Node Type": "Index Scan", "Parent Relationship": "Inner", "Scan Direction": "Forward", "Index Name": "link_type_pkey", "Relation Name": "link_type", "Alias": "lt", "Startup Cost": 0.0, "Total Cost": 0.27, "Plan Rows": 1, "Plan Width": 16, "Index Cond": "(id = ml.link_type_id)", "Filter": "((link)::text ~~ '%follows%'::text)"}]}]}, "Unique SQL Id": 4121279504}, "explain_analyze_plan": {"Plan": {"Node Type": "Aggregate", "Strategy": "Plain", "Startup Cost": 3327.94, "Total Cost": 3327.95, "Plan Rows": 1, "Plan Width": 144, "Actual Startup Time": 210.021, "Actual Total Time": 210.022, "Actual Rows": 1, "Actual Loops": 1, "Plans": [{"Node Type": "Nested Loop", "Parent Relationship": "Outer", "Join Type": "Inner", "Startup Cost": 4.51, "Total Cost": 3327.93, "Plan Rows": 1, "Plan Width": 48, "Actual Startup Time": 210.015, "Actual Total Time": 210.015, "Actual Rows": 0, "Actual Loops": 1, "Inner Unique": true, "Plans": [{"Node Type": "Nested Loop", "Parent Relationship": "Outer", "Join Type": "Inner", "Startup Cost": 4.51, "Total Cost": 3327.65, "Plan Rows": 1, "Plan Width": 40, "Actual Startup Time": 4.252, "Actual Total Time": 209.927, "Actual Rows": 38, "Actual Loops": 1, "Inner Unique": false, "Join Filter": "(t.id = ml.movie_id)", "Rows Removed by Join Filter": 0, "Plans": [{"Node Type": "Nested Loop", "Parent Relationship": "Outer", "Join Type": "Inner", "Startup Cost": 4.51, "Total Cost": 3327.24, "Plan Rows": 1, "Plan Width": 48, "Actual Startup Time": 4.237, "Actual Total Time": 209.878, "Actual Rows": 2, "Actual Loops": 1, "Inner Unique": true, "Plans": [{"Node Type": "Nested Loop", "Parent Relationship": "Outer", "Join Type": "Inner", "Startup Cost": 4.51, "Total Cost": 3326.95, "Plan Rows": 1, "Plan Width": 52, "Actual Startup Time": 4.228, "Actual Total Time": 209.865, "Actual Rows": 2, "Actual Loops": 1, "Inner Unique": true, "Plans": [{"Node Type": "Nested Loop", "Parent Relationship": "Outer", "Join Type": "Inner", "Startup Cost": 4.51, "Total Cost": 3326.66, "Plan Rows": 1, "Plan Width": 37, "Actual Startup Time": 4.21, "Actual Total Time": 209.826, "Actual Rows": 3, "Actual Loops": 1, "Inner Unique": false, "Join Filter": "(t.id = mc.movie_id)", "Rows Removed by Join Filter": 0, "Plans": [{"Node Type": "Nested Loop", "Parent Relationship": "Outer", "Join Type": "Inner", "Startup Cost": 4.51, "Total Cost": 3326.32, "Plan Rows": 1, "Plan Width": 25, "Actual Startup Time": 4.189, "Actual Total Time": 209.801, "Actual Rows": 1, "Actual Loops": 1, "Inner Unique": true, "Plans": [{"Node Type": "Nested Loop", "Parent Relationship": "Outer", "Join Type": "Inner", "Startup Cost": 4.51, "Total Cost": 3315.63, "Plan Rows": 33, "Plan Width": 4, "Actual Startup Time": 3.839, "Actual Total Time": 145.857, "Actual Rows": 10544, "Actual Loops": 1, "Inner Unique": false, "Plans": [{"Node Type": "Index Scan", "Parent Relationship": "Outer", "Scan Direction": "Forward", "Index Name": "keyword_pkey", "Relation Name": "keyword", "Alias": "k", "Startup Cost": 0.0, "Total Cost": 3182.72, "Plan Rows": 1, "Plan Width": 4, "Actual Startup Time": 0.526, "Actual Total Time": 122.744, "Actual Rows": 1, "Actual Loops": 1, "Filter": "((keyword)::text = 'sequel'::text)", "Rows Removed by Filter": 134168}, {"Node Type": "Bitmap Heap Scan", "Parent Relationship": "Inner", "Relation Name": "movie_keyword", "Alias": "mk", "Startup Cost": 4.51, "Total Cost": 132.58, "Plan Rows": 33, "Plan Width": 8, "Actual Startup Time": 3.306, "Actual Total Time": 20.899, "Actual Rows": 10544, "Actual Loops": 1, "Recheck Cond": "(keyword_id = k.id)", "Rows Removed by Index Recheck": 0, "Exact Heap Blocks": 5090, "Lossy Heap Blocks": 5090, "Plans": [{"Node Type": "Bitmap Index Scan", "Parent Relationship": "Outer", "Index Name": "keyword_id_movie_keyword", "Startup Cost": 0.0, "Total Cost": 4.5, "Plan Rows": 33, "Plan Width": 0, "Actual Startup Time": 2.388, "Actual Total Time": 2.388, "Actual Rows": 10544, "Actual Loops": 1, "Index Cond": "(keyword_id = k.id)"}]}]}, {"Node Type": "Index Scan", "Parent Relationship": "Inner", "Scan Direction": "Forward", "Index Name": "title_pkey", "Relation Name": "title", "Alias": "t", "Startup Cost": 0.0, "Total Cost": 0.31, "Plan Rows": 1, "Plan Width": 21, "Actual Startup Time": 58.603, "Actual Total Time": 58.603, "Actual Rows": 1, "Actual Loops": 10544, "Index Cond": "(id = mk.movie_id)", "Rows Removed by Index Recheck": 0, "Filter": "(((title)::text ~~ '%Money%'::text) AND (production_year = 1998))", "Rows Removed by Filter": 10543}]}, {"Node Type": "Index Scan", "Parent Relationship": "Inner", "Scan Direction": "Forward", "Index Name": "movie_id_movie_companies", "Relation Name": "movie_companies", "Alias": "mc", "Startup Cost": 0.0, "Total Cost": 0.31, "Plan Rows": 2, "Plan Width": 12, "Actual Startup Time": 0.017, "Actual Total Time": 0.019, "Actual Rows": 3, "Actual Loops": 1, "Index Cond": "(movie_id = mk.movie_id)", "Rows Removed by Index Recheck": 0, "Filter": "(note IS NULL)", "Rows Removed by Filter": 1}]}, {"Node Type": "Index Scan", "Parent Relationship": "Inner", "Scan Direction": "Forward", "Index Name": "company_name_pkey", "Relation Name": "company_name", "Alias": "cn", "Startup Cost": 0.0, "Total Cost": 0.29, "Plan Rows": 1, "Plan Width": 23, "Actual Startup Time": 0.034, "Actual Total Time": 0.034, "Actual Rows": 2, "Actual Loops": 3, "Index Cond": "(id = mc.company_id)", "Rows Removed by Index Recheck": 0, "Filter": "(((country_code)::text <> '[pl]'::text) AND (((name)::text ~~ '%Film%'::text) OR ((name)::text ~~ '%Warner%'::text)))", "Rows Removed by Filter": 1}]}, {"Node Type": "Index Scan", "Parent Relationship": "Inner", "Scan Direction": "Forward", "Index Name": "company_type_pkey", "Relation Name": "company_type", "Alias": "ct", "Startup Cost": 0.0, "Total Cost": 0.27, "Plan Rows": 1, "Plan Width": 4, "Actual Startup Time": 0.009, "Actual Total Time": 0.009, "Actual Rows": 2, "Actual Loops": 2, "Index Cond": "(id = mc.company_type_id)", "Rows Removed by Index Recheck": 0, "Filter": "((kind)::text = 'production companies'::text)", "Rows Removed by Filter": 0}]}, {"Node Type": "Index Scan", "Parent Relationship": "Inner", "Scan Direction": "Forward", "Index Name": "movie_id_movie_link", "Relation Name": "movie_link", "Alias": "ml", "Startup Cost": 0.0, "Total Cost": 0.35, "Plan Rows": 5, "Plan Width": 8, "Actual Startup Time": 0.016, "Actual Total Time": 0.029, "Actual Rows": 38, "Actual Loops": 2, "Index Cond": "(movie_id = mk.movie_id)", "Rows Removed by Index Recheck": 0}]}, {"Node Type": "Index Scan", "Parent Relationship": "Inner", "Scan Direction": "Forward", "Index Name": "link_type_pkey", "Relation Name": "link_type", "Alias": "lt", "Startup Cost": 0.0, "Total Cost": 0.27, "Plan Rows": 1, "Plan Width": 16, "Actual Startup Time": 0.063, "Actual Total Time": 0.063, "Actual Rows": 0, "Actual Loops": 38, "Index Cond": "(id = ml.link_type_id)", "Rows Removed by Index Recheck": 0, "Filter": "((link)::text ~~ '%follows%'::text)", "Rows Removed by Filter": 24}]}]}, "Triggers": [], "Planner Runtime": 75.74, "Total Runtime": 210.444, "Unique SQL Id": 4121279504}}, "(16, 98)": {"explain_plan": {"Plan": {"Node Type": "Aggregate", "Strategy": "Plain", "Startup Cost": 2726.04, "Total Cost": 2726.05, "Plan Rows": 1, "Plan Width": 144, "Plans": [{"Node Type": "Hash Join", "Parent Relationship": "Outer", "Join Type": "Inner", "Startup Cost": 7.87, "Total Cost": 2726.04, "Plan Rows": 1, "Plan Width": 48, "Inner Unique": true, "Hash Cond": "(ml.link_type_id = lt.id)", "Plans": [{"Node Type": "Nested Loop", "Parent Relationship": "Outer", "Join Type": "Inner", "Startup Cost": 6.64, "Total Cost": 2724.8, "Plan Rows": 1, "Plan Width": 40, "Inner Unique": false, "Join Filter": "(t.id = ml.movie_id)", "Plans": [{"Node Type": "Hash Join", "Parent Relationship": "Outer", "Join Type": "Inner", "Startup Cost": 6.35, "Total Cost": 2720.38, "Plan Rows": 1, "Plan Width": 48, "Inner Unique": true, "Hash Cond": "(mc.company_type_id = ct.id)", "Plans": [{"Node Type": "Nested Loop", "Parent Relationship": "Outer", "Join Type": "Inner", "Startup Cost": 5.3, "Total Cost": 2719.32, "Plan Rows": 1, "Plan Width": 52, "Inner Unique": true, "Plans": [{"Node Type": "Nested Loop", "Parent Relationship": "Outer", "Join Type": "Inner", "Startup Cost": 5.05, "Total Cost": 2715.03, "Plan Rows": 1, "Plan Width": 37, "Inner Unique": false, "Join Filter": "(t.id = mc.movie_id)", "Plans": [{"Node Type": "Nested Loop", "Parent Relationship": "Outer", "Join Type": "Inner", "Startup Cost": 4.77, "Total Cost": 2710.71, "Plan Rows": 1, "Plan Width": 25, "Inner Unique": true, "Plans": [{"Node Type": "Nested Loop", "Parent Relationship": "Outer", "Join Type": "Inner", "Startup Cost": 4.51, "Total Cost": 2569.02, "Plan Rows": 33, "Plan Width": 4, "Inner Unique": false, "Plans": [{"Node Type": "Seq Scan", "Parent Relationship": "Outer", "Relation Name": "keyword", "Alias": "k", "Startup Cost": 0.0, "Total Cost": 2436.11, "Plan Rows": 1, "Plan Width": 4, "Filter": "((keyword)::text = 'sequel'::text)"}, {"Node Type": "Bitmap Heap Scan", "Parent Relationship": "Inner", "Relation Name": "movie_keyword", "Alias": "mk", "Startup Cost": 4.51, "Total Cost": 132.58, "Plan Rows": 33, "Plan Width": 8, "Recheck Cond": "(keyword_id = k.id)", "Plans": [{"Node Type": "Bitmap Index Scan", "Parent Relationship": "Outer", "Index Name": "keyword_id_movie_keyword", "Startup Cost": 0.0, "Total Cost": 4.5, "Plan Rows": 33, "Plan Width": 0, "Index Cond": "(keyword_id = k.id)"}]}]}, {"Node Type": "Bitmap Heap Scan", "Parent Relationship": "Inner", "Relation Name": "title", "Alias": "t", "Startup Cost": 0.27, "Total Cost": 4.28, "Plan Rows": 1, "Plan Width": 21, "Recheck Cond": "(id = mk.movie_id)", "Filter": "(((title)::text ~~ '%Money%'::text) AND (production_year = 1998))", "Plans": [{"Node Type": "Bitmap Index Scan", "Parent Relationship": "Outer", "Index Name": "title_pkey", "Startup Cost": 0.0, "Total Cost": 0.27, "Plan Rows": 1, "Plan Width": 0, "Index Cond": "(id = mk.movie_id)"}]}]}, {"Node Type": "Bitmap Heap Scan", "Parent Relationship": "Inner", "Relation Name": "movie_companies", "Alias": "mc", "Startup Cost": 0.27, "Total Cost": 4.3, "Plan Rows": 2, "Plan Width": 12, "Recheck Cond": "(movie_id = mk.movie_id)", "Filter": "(note IS NULL)", "Plans": [{"Node Type": "Bitmap Index Scan", "Parent Relationship": "Outer", "Index Name": "movie_id_movie_companies", "Startup Cost": 0.0, "Total Cost": 0.27, "Plan Rows": 2, "Plan Width": 0, "Index Cond": "(movie_id = mk.movie_id)"}]}]}, {"Node Type": "Bitmap Heap Scan", "Parent Relationship": "Inner", "Relation Name": "company_name", "Alias": "cn", "Startup Cost": 0.26, "Total Cost": 4.28, "Plan Rows": 1, "Plan Width": 23, "Recheck Cond": "(id = mc.company_id)", "Filter": "(((country_code)::text <> '[pl]'::text) AND (((name)::text ~~ '%Film%'::text) OR ((name)::text ~~ '%Warner%'::text)))", "Plans": [{"Node Type": "Bitmap Index Scan", "Parent Relationship": "Outer", "Index Name": "company_name_pkey", "Startup Cost": 0.0, "Total Cost": 0.26, "Plan Rows": 1, "Plan Width": 0, "Index Cond": "(id = mc.company_id)"}]}]}, {"Node Type": "Hash", "Parent Relationship": "Inner", "Startup Cost": 1.04, "Total Cost": 1.04, "Plan Rows": 1, "Plan Width": 4, "Plans": [{"Node Type": "Seq Scan", "Parent Relationship": "Outer", "Relation Name": "company_type", "Alias": "ct", "Startup Cost": 0.0, "Total Cost": 1.04, "Plan Rows": 1, "Plan Width": 4, "Filter": "((kind)::text = 'production companies'::text)"}]}]}, {"Node Type": "Bitmap Heap Scan", "Parent Relationship": "Inner", "Relation Name": "movie_link", "Alias": "ml", "Startup Cost": 0.29, "Total Cost": 4.35, "Plan Rows": 5, "Plan Width": 8, "Recheck Cond": "(movie_id = mk.movie_id)", "Plans": [{"Node Type": "Bitmap Index Scan", "Parent Relationship": "Outer", "Index Name": "movie_id_movie_link", "Startup Cost": 0.0, "Total Cost": 0.29, "Plan Rows": 5, "Plan Width": 0, "Index Cond": "(movie_id = mk.movie_id)"}]}]}, {"Node Type": "Hash", "Parent Relationship": "Inner", "Startup Cost": 1.21, "Total Cost": 1.21, "Plan Rows": 1, "Plan Width": 16, "Plans": [{"Node Type": "Seq Scan", "Parent Relationship": "Outer", "Relation Name": "link_type", "Alias": "lt", "Startup Cost": 0.0, "Total Cost": 1.21, "Plan Rows": 1, "Plan Width": 16, "Filter": "((link)::text ~~ '%follows%'::text)"}]}]}]}, "Unique SQL Id": 4121279504}, "explain_analyze_plan": {"Plan": {"Node Type": "Aggregate", "Strategy": "Plain", "Startup Cost": 2726.04, "Total Cost": 2726.05, "Plan Rows": 1, "Plan Width": 144, "Actual Startup Time": 0.082, "Actual Total Time": 0.082, "Actual Rows": 1, "Actual Loops": 1, "Plans": [{"Node Type": "Hash Join", "Parent Relationship": "Outer", "Join Type": "Inner", "Startup Cost": 7.87, "Total Cost": 2726.04, "Plan Rows": 1, "Plan Width": 48, "Actual Startup Time": 0.076, "Actual Total Time": 0.076, "Actual Rows": 0, "Actual Loops": 1, "Inner Unique": true, "Hash Cond": "(ml.link_type_id = lt.id)", "Plans": [{"Node Type": "Nested Loop", "Parent Relationship": "Outer", "Join Type": "Inner", "Startup Cost": 6.64, "Total Cost": 2724.8, "Plan Rows": 1, "Plan Width": 40, "Actual Startup Time": 0.0, "Actual Total Time": 0.0, "Inner Unique": false, "Join Filter": "(t.id = ml.movie_id)", "Rows Removed by Join Filter": 0, "Plans": [{"Node Type": "Hash Join", "Parent Relationship": "Outer", "Join Type": "Inner", "Startup Cost": 6.35, "Total Cost": 2720.38, "Plan Rows": 1, "Plan Width": 48, "Actual Startup Time": 0.0, "Actual Total Time": 0.0, "Inner Unique": true, "Hash Cond": "(mc.company_type_id = ct.id)", "Plans": [{"Node Type": "Nested Loop", "Parent Relationship": "Outer", "Join Type": "Inner", "Startup Cost": 5.3, "Total Cost": 2719.32, "Plan Rows": 1, "Plan Width": 52, "Actual Startup Time": 0.0, "Actual Total Time": 0.0, "Inner Unique": true, "Plans": [{"Node Type": "Nested Loop", "Parent Relationship": "Outer", "Join Type": "Inner", "Startup Cost": 5.05, "Total Cost": 2715.03, "Plan Rows": 1, "Plan Width": 37, "Actual Startup Time": 0.0, "Actual Total Time": 0.0, "Inner Unique": false, "Join Filter": "(t.id = mc.movie_id)", "Rows Removed by Join Filter": 0, "Plans": [{"Node Type": "Nested Loop", "Parent Relationship": "Outer", "Join Type": "Inner", "Startup Cost": 4.77, "Total Cost": 2710.71, "Plan Rows": 1, "Plan Width": 25, "Actual Startup Time": 0.0, "Actual Total Time": 0.0, "Inner Unique": true, "Plans": [{"Node Type": "Nested Loop", "Parent Relationship": "Outer", "Join Type": "Inner", "Startup Cost": 4.51, "Total Cost": 2569.02, "Plan Rows": 33, "Plan Width": 4, "Actual Startup Time": 0.0, "Actual Total Time": 0.0, "Inner Unique": false, "Plans": [{"Node Type": "Seq Scan", "Parent Relationship": "Outer", "Relation Name": "keyword", "Alias": "k", "Startup Cost": 0.0, "Total Cost": 2436.11, "Plan Rows": 1, "Plan Width": 4, "Actual Startup Time": 0.0, "Actual Total Time": 0.0, "Filter": "((keyword)::text = 'sequel'::text)", "Rows Removed by Filter": 0}, {"Node Type": "Bitmap Heap Scan", "Parent Relationship": "Inner", "Relation Name": "movie_keyword", "Alias": "mk", "Startup Cost": 4.51, "Total Cost": 132.58, "Plan Rows": 33, "Plan Width": 8, "Actual Startup Time": 0.0, "Actual Total Time": 0.0, "Recheck Cond": "(keyword_id = k.id)", "Rows Removed by Index Recheck": 0, "Exact Heap Blocks": 0, "Lossy Heap Blocks": 0, "Plans": [{"Node Type": "Bitmap Index Scan", "Parent Relationship": "Outer", "Index Name": "keyword_id_movie_keyword", "Startup Cost": 0.0, "Total Cost": 4.5, "Plan Rows": 33, "Plan Width": 0, "Actual Startup Time": 0.0, "Actual Total Time": 0.0, "Index Cond": "(keyword_id = k.id)"}]}]}, {"Node Type": "Bitmap Heap Scan", "Parent Relationship": "Inner", "Relation Name": "title", "Alias": "t", "Startup Cost": 0.27, "Total Cost": 4.28, "Plan Rows": 1, "Plan Width": 21, "Actual Startup Time": 0.0, "Actual Total Time": 0.0, "Recheck Cond": "(id = mk.movie_id)", "Rows Removed by Index Recheck": 0, "Filter": "(((title)::text ~~ '%Money%'::text) AND (production_year = 1998))", "Rows Removed by Filter": 0, "Exact Heap Blocks": 0, "Lossy Heap Blocks": 0, "Plans": [{"Node Type": "Bitmap Index Scan", "Parent Relationship": "Outer", "Index Name": "title_pkey", "Startup Cost": 0.0, "Total Cost": 0.27, "Plan Rows": 1, "Plan Width": 0, "Actual Startup Time": 0.0, "Actual Total Time": 0.0, "Index Cond": "(id = mk.movie_id)"}]}]}, {"Node Type": "Bitmap Heap Scan", "Parent Relationship": "Inner", "Relation Name": "movie_companies", "Alias": "mc", "Startup Cost": 0.27, "Total Cost": 4.3, "Plan Rows": 2, "Plan Width": 12, "Actual Startup Time": 0.0, "Actual Total Time": 0.0, "Recheck Cond": "(movie_id = mk.movie_id)", "Rows Removed by Index Recheck": 0, "Filter": "(note IS NULL)", "Rows Removed by Filter": 0, "Exact Heap Blocks": 0, "Lossy Heap Blocks": 0, "Plans": [{"Node Type": "Bitmap Index Scan", "Parent Relationship": "Outer", "Index Name": "movie_id_movie_companies", "Startup Cost": 0.0, "Total Cost": 0.27, "Plan Rows": 2, "Plan Width": 0, "Actual Startup Time": 0.0, "Actual Total Time": 0.0, "Index Cond": "(movie_id = mk.movie_id)"}]}]}, {"Node Type": "Bitmap Heap Scan", "Parent Relationship": "Inner", "Relation Name": "company_name", "Alias": "cn", "Startup Cost": 0.26, "Total Cost": 4.28, "Plan Rows": 1, "Plan Width": 23, "Actual Startup Time": 0.0, "Actual Total Time": 0.0, "Recheck Cond": "(id = mc.company_id)", "Rows Removed by Index Recheck": 0, "Filter": "(((country_code)::text <> '[pl]'::text) AND (((name)::text ~~ '%Film%'::text) OR ((name)::text ~~ '%Warner%'::text)))", "Rows Removed by Filter": 0, "Exact Heap Blocks": 0, "Lossy Heap Blocks": 0, "Plans": [{"Node Type": "Bitmap Index Scan", "Parent Relationship": "Outer", "Index Name": "company_name_pkey", "Startup Cost": 0.0, "Total Cost": 0.26, "Plan Rows": 1, "Plan Width": 0, "Actual Startup Time": 0.0, "Actual Total Time": 0.0, "Index Cond": "(id = mc.company_id)"}]}]}, {"Node Type": "Hash", "Parent Relationship": "Inner", "Startup Cost": 1.04, "Total Cost": 1.04, "Plan Rows": 1, "Plan Width": 4, "Actual Startup Time": 0.0, "Actual Total Time": 0.0, "Hash Buckets": 0, "Hash Batches": 0, "Original Hash Batches": 0, "Peak Memory Usage": 0, "Plans": [{"Node Type": "Seq Scan", "Parent Relationship": "Outer", "Relation Name": "company_type", "Alias": "ct", "Startup Cost": 0.0, "Total Cost": 1.04, "Plan Rows": 1, "Plan Width": 4, "Actual Startup Time": 0.0, "Actual Total Time": 0.0, "Filter": "((kind)::text = 'production companies'::text)", "Rows Removed by Filter": 0}]}]}, {"Node Type": "Bitmap Heap Scan", "Parent Relationship": "Inner", "Relation Name": "movie_link", "Alias": "ml", "Startup Cost": 0.29, "Total Cost": 4.35, "Plan Rows": 5, "Plan Width": 8, "Actual Startup Time": 0.0, "Actual Total Time": 0.0, "Recheck Cond": "(movie_id = mk.movie_id)", "Rows Removed by Index Recheck": 0, "Exact Heap Blocks": 0, "Lossy Heap Blocks": 0, "Plans": [{"Node Type": "Bitmap Index Scan", "Parent Relationship": "Outer", "Index Name": "movie_id_movie_link", "Startup Cost": 0.0, "Total Cost": 0.29, "Plan Rows": 5, "Plan Width": 0, "Actual Startup Time": 0.0, "Actual Total Time": 0.0, "Index Cond": "(movie_id = mk.movie_id)"}]}]}, {"Node Type": "Hash", "Parent Relationship": "Inner", "Startup Cost": 1.21, "Total Cost": 1.21, "Plan Rows": 1, "Plan Width": 16, "Actual Startup Time": 0.032, "Actual Total Time": 0.032, "Actual Rows": 0, "Actual Loops": 1, "Hash Buckets": 32768, "Hash Batches": 1, "Original Hash Batches": 1, "Peak Memory Usage": 0, "Plans": [{"Node Type": "Seq Scan", "Parent Relationship": "Outer", "Relation Name": "link_type", "Alias": "lt", "Startup Cost": 0.0, "Total Cost": 1.21, "Plan Rows": 1, "Plan Width": 16, "Actual Startup Time": 0.029, "Actual Total Time": 0.029, "Actual Rows": 0, "Actual Loops": 1, "Filter": "((link)::text ~~ '%follows%'::text)", "Rows Removed by Filter": 17}]}]}]}, "Triggers": [], "Planner Runtime": 108.695, "Total Runtime": 0.454, "Unique SQL Id": 4121279504}}, "(16, 99)": {"explain_plan": {"Plan": {"Node Type": "Aggregate", "Strategy": "Plain", "Startup Cost": 3451.4, "Total Cost": 3451.41, "Plan Rows": 1, "Plan Width": 144, "Plans": [{"Node Type": "Nested Loop", "Parent Relationship": "Outer", "Join Type": "Inner", "Startup Cost": 725.2, "Total Cost": 3451.4, "Plan Rows": 1, "Plan Width": 48, "Inner Unique": true, "Plans": [{"Node Type": "Nested Loop", "Parent Relationship": "Outer", "Join Type": "Inner", "Startup Cost": 724.95, "Total Cost": 3447.11, "Plan Rows": 1, "Plan Width": 40, "Inner Unique": false, "Join Filter": "(t.id = ml.movie_id)", "Plans": [{"Node Type": "Nested Loop", "Parent Relationship": "Outer", "Join Type": "Inner", "Startup Cost": 724.66, "Total Cost": 3442.7, "Plan Rows": 1, "Plan Width": 48, "Inner Unique": true, "Plans": [{"Node Type": "Nested Loop", "Parent Relationship": "Outer", "Join Type": "Inner", "Startup Cost": 724.4, "Total Cost": 3438.42, "Plan Rows": 1, "Plan Width": 52, "Inner Unique": true, "Plans": [{"Node Type": "Nested Loop", "Parent Relationship": "Outer", "Join Type": "Inner", "Startup Cost": 724.14, "Total Cost": 3434.13, "Plan Rows": 1, "Plan Width": 37, "Inner Unique": false, "Join Filter": "(t.id = mc.movie_id)", "Plans": [{"Node Type": "Nested Loop", "Parent Relationship": "Outer", "Join Type": "Inner", "Startup Cost": 723.87, "Total Cost": 3429.8, "Plan Rows": 1, "Plan Width": 25, "Inner Unique": true, "Plans": [{"Node Type": "Nested Loop", "Parent Relationship": "Outer", "Join Type": "Inner", "Startup Cost": 723.6, "Total Cost": 3288.12, "Plan Rows": 33, "Plan Width": 4, "Inner Unique": false, "Plans": [{"Node Type": "Bitmap Heap Scan", "Parent Relationship": "Outer", "Relation Name": "keyword", "Alias": "k", "Startup Cost": 719.1, "Total Cost": 3155.21, "Plan Rows": 1, "Plan Width": 4, "Filter": "((keyword)::text = 'sequel'::text)", "Plans": [{"Node Type": "Bitmap Index Scan", "Parent Relationship": "Outer", "Index Name": "keyword_pkey", "Startup Cost": 0.0, "Total Cost": 719.1, "Plan Rows": 134169, "Plan Width": 0}]}, {"Node Type": "Bitmap Heap Scan", "Parent Relationship": "Inner", "Relation Name": "movie_keyword", "Alias": "mk", "Startup Cost": 4.51, "Total Cost": 132.58, "Plan Rows": 33, "Plan Width": 8, "Recheck Cond": "(keyword_id = k.id)", "Plans": [{"Node Type": "Bitmap Index Scan", "Parent Relationship": "Outer", "Index Name": "keyword_id_movie_keyword", "Startup Cost": 0.0, "Total Cost": 4.5, "Plan Rows": 33, "Plan Width": 0, "Index Cond": "(keyword_id = k.id)"}]}]}, {"Node Type": "Bitmap Heap Scan", "Parent Relationship": "Inner", "Relation Name": "title", "Alias": "t", "Startup Cost": 0.27, "Total Cost": 4.28, "Plan Rows": 1, "Plan Width": 21, "Recheck Cond": "(id = mk.movie_id)", "Filter": "(((title)::text ~~ '%Money%'::text) AND (production_year = 1998))", "Plans": [{"Node Type": "Bitmap Index Scan", "Parent Relationship": "Outer", "Index Name": "title_pkey", "Startup Cost": 0.0, "Total Cost": 0.27, "Plan Rows": 1, "Plan Width": 0, "Index Cond": "(id = mk.movie_id)"}]}]}, {"Node Type": "Bitmap Heap Scan", "Parent Relationship": "Inner", "Relation Name": "movie_companies", "Alias": "mc", "Startup Cost": 0.27, "Total Cost": 4.3, "Plan Rows": 2, "Plan Width": 12, "Recheck Cond": "(movie_id = mk.movie_id)", "Filter": "(note IS NULL)", "Plans": [{"Node Type": "Bitmap Index Scan", "Parent Relationship": "Outer", "Index Name": "movie_id_movie_companies", "Startup Cost": 0.0, "Total Cost": 0.27, "Plan Rows": 2, "Plan Width": 0, "Index Cond": "(movie_id = mk.movie_id)"}]}]}, {"Node Type": "Bitmap Heap Scan", "Parent Relationship": "Inner", "Relation Name": "company_name", "Alias": "cn", "Startup Cost": 0.26, "Total Cost": 4.28, "Plan Rows": 1, "Plan Width": 23, "Recheck Cond": "(id = mc.company_id)", "Filter": "(((country_code)::text <> '[pl]'::text) AND (((name)::text ~~ '%Film%'::text) OR ((name)::text ~~ '%Warner%'::text)))", "Plans": [{"Node Type": "Bitmap Index Scan", "Parent Relationship": "Outer", "Index Name": "company_name_pkey", "Startup Cost": 0.0, "Total Cost": 0.26, "Plan Rows": 1, "Plan Width": 0, "Index Cond": "(id = mc.company_id)"}]}]}, {"Node Type": "Bitmap Heap Scan", "Parent Relationship": "Inner", "Relation Name": "company_type", "Alias": "ct", "Startup Cost": 0.26, "Total Cost": 4.27, "Plan Rows": 1, "Plan Width": 4, "Recheck Cond": "(id = mc.company_type_id)", "Filter": "((kind)::text = 'production companies'::text)", "Plans": [{"Node Type": "Bitmap Index Scan", "Parent Relationship": "Outer", "Index Name": "company_type_pkey", "Startup Cost": 0.0, "Total Cost": 0.26, "Plan Rows": 1, "Plan Width": 0, "Index Cond": "(id = mc.company_type_id)"}]}]}, {"Node Type": "Bitmap Heap Scan", "Parent Relationship": "Inner", "Relation Name": "movie_link", "Alias": "ml", "Startup Cost": 0.29, "Total Cost": 4.35, "Plan Rows": 5, "Plan Width": 8, "Recheck Cond": "(movie_id = mk.movie_id)", "Plans": [{"Node Type": "Bitmap Index Scan", "Parent Relationship": "Outer", "Index Name": "movie_id_movie_link", "Startup Cost": 0.0, "Total Cost": 0.29, "Plan Rows": 5, "Plan Width": 0, "Index Cond": "(movie_id = mk.movie_id)"}]}]}, {"Node Type": "Bitmap Heap Scan", "Parent Relationship": "Inner", "Relation Name": "link_type", "Alias": "lt", "Startup Cost": 0.26, "Total Cost": 4.27, "Plan Rows": 1, "Plan Width": 16, "Recheck Cond": "(id = ml.link_type_id)", "Filter": "((link)::text ~~ '%follows%'::text)", "Plans": [{"Node Type": "Bitmap Index Scan", "Parent Relationship": "Outer", "Index Name": "link_type_pkey", "Startup Cost": 0.0, "Total Cost": 0.26, "Plan Rows": 1, "Plan Width": 0, "Index Cond": "(id = ml.link_type_id)"}]}]}]}, "Unique SQL Id": 4121279504}, "explain_analyze_plan": {"Plan": {"Node Type": "Aggregate", "Strategy": "Plain", "Startup Cost": 3451.4, "Total Cost": 3451.41, "Plan Rows": 1, "Plan Width": 144, "Actual Startup Time": 152.6, "Actual Total Time": 152.601, "Actual Rows": 1, "Actual Loops": 1, "Plans": [{"Node Type": "Nested Loop", "Parent Relationship": "Outer", "Join Type": "Inner", "Startup Cost": 725.2, "Total Cost": 3451.4, "Plan Rows": 1, "Plan Width": 48, "Actual Startup Time": 152.588, "Actual Total Time": 152.588, "Actual Rows": 0, "Actual Loops": 1, "Inner Unique": true, "Plans": [{"Node Type": "Nested Loop", "Parent Relationship": "Outer", "Join Type": "Inner", "Startup Cost": 724.95, "Total Cost": 3447.11, "Plan Rows": 1, "Plan Width": 40, "Actual Startup Time": 18.148, "Actual Total Time": 152.437, "Actual Rows": 38, "Actual Loops": 1, "Inner Unique": false, "Join Filter": "(t.id = ml.movie_id)", "Rows Removed by Join Filter": 0, "Plans": [{"Node Type": "Nested Loop", "Parent Relationship": "Outer", "Join Type": "Inner", "Startup Cost": 724.66, "Total Cost": 3442.7, "Plan Rows": 1, "Plan Width": 48, "Actual Startup Time": 18.12, "Actual Total Time": 152.376, "Actual Rows": 2, "Actual Loops": 1, "Inner Unique": true, "Plans": [{"Node Type": "Nested Loop", "Parent Relationship": "Outer", "Join Type": "Inner", "Startup Cost": 724.4, "Total Cost": 3438.42, "Plan Rows": 1, "Plan Width": 52, "Actual Startup Time": 18.104, "Actual Total Time": 152.355, "Actual Rows": 2, "Actual Loops": 1, "Inner Unique": true, "Plans": [{"Node Type": "Nested Loop", "Parent Relationship": "Outer", "Join Type": "Inner", "Startup Cost": 724.14, "Total Cost": 3434.13, "Plan Rows": 1, "Plan Width": 37, "Actual Startup Time": 18.071, "Actual Total Time": 152.299, "Actual Rows": 3, "Actual Loops": 1, "Inner Unique": false, "Join Filter": "(t.id = mc.movie_id)", "Rows Removed by Join Filter": 0, "Plans": [{"Node Type": "Nested Loop", "Parent Relationship": "Outer", "Join Type": "Inner", "Startup Cost": 723.87, "Total Cost": 3429.8, "Plan Rows": 1, "Plan Width": 25, "Actual Startup Time": 18.038, "Actual Total Time": 152.263, "Actual Rows": 1, "Actual Loops": 1, "Inner Unique": true, "Plans": [{"Node Type": "Nested Loop", "Parent Relationship": "Outer", "Join Type": "Inner", "Startup Cost": 723.6, "Total Cost": 3288.12, "Plan Rows": 33, "Plan Width": 4, "Actual Startup Time": 17.628, "Actual Total Time": 80.585, "Actual Rows": 10544, "Actual Loops": 1, "Inner Unique": false, "Plans": [{"Node Type": "Bitmap Heap Scan", "Parent Relationship": "Outer", "Relation Name": "keyword", "Alias": "k", "Startup Cost": 719.1, "Total Cost": 3155.21, "Plan Rows": 1, "Plan Width": 4, "Actual Startup Time": 14.469, "Actual Total Time": 61.131, "Actual Rows": 1, "Actual Loops": 1, "Filter": "((keyword)::text = 'sequel'::text)", "Rows Removed by Filter": 134168, "Exact Heap Blocks": 759, "Lossy Heap Blocks": 759, "Plans": [{"Node Type": "Bitmap Index Scan", "Parent Relationship": "Outer", "Index Name": "keyword_pkey", "Startup Cost": 0.0, "Total Cost": 719.1, "Plan Rows": 134169, "Plan Width": 0, "Actual Startup Time": 11.259, "Actual Total Time": 11.259, "Actual Rows": 134169, "Actual Loops": 1}]}, {"Node Type": "Bitmap Heap Scan", "Parent Relationship": "Inner", "Relation Name": "movie_keyword", "Alias": "mk", "Startup Cost": 4.51, "Total Cost": 132.58, "Plan Rows": 33, "Plan Width": 8, "Actual Startup Time": 3.147, "Actual Total Time": 17.278, "Actual Rows": 10544, "Actual Loops": 1, "Recheck Cond": "(keyword_id = k.id)", "Rows Removed by Index Recheck": 0, "Exact Heap Blocks": 5090, "Lossy Heap Blocks": 5090, "Plans": [{"Node Type": "Bitmap Index Scan", "Parent Relationship": "Outer", "Index Name": "keyword_id_movie_keyword", "Startup Cost": 0.0, "Total Cost": 4.5, "Plan Rows": 33, "Plan Width": 0, "Actual Startup Time": 2.26, "Actual Total Time": 2.26, "Actual Rows": 10544, "Actual Loops": 1, "Index Cond": "(keyword_id = k.id)"}]}]}, {"Node Type": "Bitmap Heap Scan", "Parent Relationship": "Inner", "Relation Name": "title", "Alias": "t", "Startup Cost": 0.27, "Total Cost": 4.28, "Plan Rows": 1, "Plan Width": 21, "Actual Startup Time": 59.935, "Actual Total Time": 59.935, "Actual Rows": 1, "Actual Loops": 10544, "Recheck Cond": "(id = mk.movie_id)", "Rows Removed by Index Recheck": 0, "Filter": "(((title)::text ~~ '%Money%'::text) AND (production_year = 1998))", "Rows Removed by Filter": 10543, "Exact Heap Blocks": 10544, "Lossy Heap Blocks": 10544, "Plans": [{"Node Type": "Bitmap Index Scan", "Parent Relationship": "Outer", "Index Name": "title_pkey", "Startup Cost": 0.0, "Total Cost": 0.27, "Plan Rows": 1, "Plan Width": 0, "Actual Startup Time": 30.49, "Actual Total Time": 30.49, "Actual Rows": 10544, "Actual Loops": 10544, "Index Cond": "(id = mk.movie_id)"}]}]}, {"Node Type": "Bitmap Heap Scan", "Parent Relationship": "Inner", "Relation Name": "movie_companies", "Alias": "mc", "Startup Cost": 0.27, "Total Cost": 4.3, "Plan Rows": 2, "Plan Width": 12, "Actual Startup Time": 0.027, "Actual Total Time": 0.028, "Actual Rows": 3, "Actual Loops": 1, "Recheck Cond": "(movie_id = mk.movie_id)", "Rows Removed by Index Recheck": 0, "Filter": "(note IS NULL)", "Rows Removed by Filter": 1, "Exact Heap Blocks": 2, "Lossy Heap Blocks": 2, "Plans": [{"Node Type": "Bitmap Index Scan", "Parent Relationship": "Outer", "Index Name": "movie_id_movie_companies", "Startup Cost": 0.0, "Total Cost": 0.27, "Plan Rows": 2, "Plan Width": 0, "Actual Startup Time": 0.012, "Actual Total Time": 0.012, "Actual Rows": 4, "Actual Loops": 1, "Index Cond": "(movie_id = mk.movie_id)"}]}]}, {"Node Type": "Bitmap Heap Scan", "Parent Relationship": "Inner", "Relation Name": "company_name", "Alias": "cn", "Startup Cost": 0.26, "Total Cost": 4.28, "Plan Rows": 1, "Plan Width": 23, "Actual Startup Time": 0.047, "Actual Total Time": 0.047, "Actual Rows": 2, "Actual Loops": 3, "Recheck Cond": "(id = mc.company_id)", "Rows Removed by Index Recheck": 0, "Filter": "(((country_code)::text <> '[pl]'::text) AND (((name)::text ~~ '%Film%'::text) OR ((name)::text ~~ '%Warner%'::text)))", "Rows Removed by Filter": 1, "Exact Heap Blocks": 3, "Lossy Heap Blocks": 3, "Plans": [{"Node Type": "Bitmap Index Scan", "Parent Relationship": "Outer", "Index Name": "company_name_pkey", "Startup Cost": 0.0, "Total Cost": 0.26, "Plan Rows": 1, "Plan Width": 0, "Actual Startup Time": 0.02, "Actual Total Time": 0.02, "Actual Rows": 3, "Actual Loops": 3, "Index Cond": "(id = mc.company_id)"}]}]}, {"Node Type": "Bitmap Heap Scan", "Parent Relationship": "Inner", "Relation Name": "company_type", "Alias": "ct", "Startup Cost": 0.26, "Total Cost": 4.27, "Plan Rows": 1, "Plan Width": 4, "Actual Startup Time": 0.015, "Actual Total Time": 0.015, "Actual Rows": 2, "Actual Loops": 2, "Recheck Cond": "(id = mc.company_type_id)", "Rows Removed by Index Recheck": 0, "Filter": "((kind)::text = 'production companies'::text)", "Rows Removed by Filter": 0, "Exact Heap Blocks": 2, "Lossy Heap Blocks": 2, "Plans": [{"Node Type": "Bitmap Index Scan", "Parent Relationship": "Outer", "Index Name": "company_type_pkey", "Startup Cost": 0.0, "Total Cost": 0.26, "Plan Rows": 1, "Plan Width": 0, "Actual Startup Time": 0.004, "Actual Total Time": 0.004, "Actual Rows": 2, "Actual Loops": 2, "Index Cond": "(id = mc.company_type_id)"}]}]}, {"Node Type": "Bitmap Heap Scan", "Parent Relationship": "Inner", "Relation Name": "movie_link", "Alias": "ml", "Startup Cost": 0.29, "Total Cost": 4.35, "Plan Rows": 5, "Plan Width": 8, "Actual Startup Time": 0.027, "Actual Total Time": 0.031, "Actual Rows": 38, "Actual Loops": 2, "Recheck Cond": "(movie_id = mk.movie_id)", "Rows Removed by Index Recheck": 0, "Exact Heap Blocks": 2, "Lossy Heap Blocks": 2, "Plans": [{"Node Type": "Bitmap Index Scan", "Parent Relationship": "Outer", "Index Name": "movie_id_movie_link", "Startup Cost": 0.0, "Total Cost": 0.29, "Plan Rows": 5, "Plan Width": 0, "Actual Startup Time": 0.013, "Actual Total Time": 0.013, "Actual Rows": 38, "Actual Loops": 2, "Index Cond": "(movie_id = mk.movie_id)"}]}]}, {"Node Type": "Bitmap Heap Scan", "Parent Relationship": "Inner", "Relation Name": "link_type", "Alias": "lt", "Startup Cost": 0.26, "Total Cost": 4.27, "Plan Rows": 1, "Plan Width": 16, "Actual Startup Time": 0.11, "Actual Total Time": 0.11, "Actual Rows": 0, "Actual Loops": 38, "Recheck Cond": "(id = ml.link_type_id)", "Rows Removed by Index Recheck": 0, "Filter": "((link)::text ~~ '%follows%'::text)", "Rows Removed by Filter": 24, "Exact Heap Blocks": 24, "Lossy Heap Blocks": 24, "Plans": [{"Node Type": "Bitmap Index Scan", "Parent Relationship": "Outer", "Index Name": "link_type_pkey", "Startup Cost": 0.0, "Total Cost": 0.26, "Plan Rows": 1, "Plan Width": 0, "Actual Startup Time": 0.037, "Actual Total Time": 0.037, "Actual Rows": 24, "Actual Loops": 38, "Index Cond": "(id = ml.link_type_id)"}]}]}]}, "Triggers": [], "Planner Runtime": 60.8, "Total Runtime": 153.166, "Unique SQL Id": 4121279504}}, "(16, 100)": {"explain_plan": {"Plan": {"Node Type": "Aggregate", "Strategy": "Plain", "Startup Cost": 2581.34, "Total Cost": 2581.35, "Plan Rows": 1, "Plan Width": 144, "Plans": [{"Node Type": "Nested Loop", "Parent Relationship": "Outer", "Join Type": "Inner", "Startup Cost": 4.51, "Total Cost": 2581.33, "Plan Rows": 1, "Plan Width": 48, "Inner Unique": true, "Plans": [{"Node Type": "Nested Loop", "Parent Relationship": "Outer", "Join Type": "Inner", "Startup Cost": 4.51, "Total Cost": 2581.05, "Plan Rows": 1, "Plan Width": 40, "Inner Unique": false, "Join Filter": "(t.id = ml.movie_id)", "Plans": [{"Node Type": "Nested Loop", "Parent Relationship": "Outer", "Join Type": "Inner", "Startup Cost": 4.51, "Total Cost": 2580.63, "Plan Rows": 1, "Plan Width": 48, "Inner Unique": true, "Plans": [{"Node Type": "Nested Loop", "Parent Relationship": "Outer", "Join Type": "Inner", "Startup Cost": 4.51, "Total Cost": 2580.35, "Plan Rows": 1, "Plan Width": 52, "Inner Unique": true, "Plans": [{"Node Type": "Nested Loop", "Parent Relationship": "Outer", "Join Type": "Inner", "Startup Cost": 4.51, "Total Cost": 2580.05, "Plan Rows": 1, "Plan Width": 37, "Inner Unique": false, "Join Filter": "(t.id = mc.movie_id)", "Plans": [{"Node Type": "Nested Loop", "Parent Relationship": "Outer", "Join Type": "Inner", "Startup Cost": 4.51, "Total Cost": 2579.71, "Plan Rows": 1, "Plan Width": 25, "Inner Unique": true, "Plans": [{"Node Type": "Nested Loop", "Parent Relationship": "Outer", "Join Type": "Inner", "Startup Cost": 4.51, "Total Cost": 2569.02, "Plan Rows": 33, "Plan Width": 4, "Inner Unique": false, "Plans": [{"Node Type": "Seq Scan", "Parent Relationship": "Outer", "Relation Name": "keyword", "Alias": "k", "Startup Cost": 0.0, "Total Cost": 2436.11, "Plan Rows": 1, "Plan Width": 4, "Filter": "((keyword)::text = 'sequel'::text)"}, {"Node Type": "Bitmap Heap Scan", "Parent Relationship": "Inner", "Relation Name": "movie_keyword", "Alias": "mk", "Startup Cost": 4.51, "Total Cost": 132.58, "Plan Rows": 33, "Plan Width": 8, "Recheck Cond": "(keyword_id = k.id)", "Plans": [{"Node Type": "Bitmap Index Scan", "Parent Relationship": "Outer", "Index Name": "keyword_id_movie_keyword", "Startup Cost": 0.0, "Total Cost": 4.5, "Plan Rows": 33, "Plan Width": 0, "Index Cond": "(keyword_id = k.id)"}]}]}, {"Node Type": "Index Scan", "Parent Relationship": "Inner", "Scan Direction": "Forward", "Index Name": "title_pkey", "Relation Name": "title", "Alias": "t", "Startup Cost": 0.0, "Total Cost": 0.31, "Plan Rows": 1, "Plan Width": 21, "Index Cond": "(id = mk.movie_id)", "Filter": "(((title)::text ~~ '%Money%'::text) AND (production_year = 1998))"}]}, {"Node Type": "Index Scan", "Parent Relationship": "Inner", "Scan Direction": "Forward", "Index Name": "movie_id_movie_companies", "Relation Name": "movie_companies", "Alias": "mc", "Startup Cost": 0.0, "Total Cost": 0.31, "Plan Rows": 2, "Plan Width": 12, "Index Cond": "(movie_id = mk.movie_id)", "Filter": "(note IS NULL)"}]}, {"Node Type": "Index Scan", "Parent Relationship": "Inner", "Scan Direction": "Forward", "Index Name": "company_name_pkey", "Relation Name": "company_name", "Alias": "cn", "Startup Cost": 0.0, "Total Cost": 0.29, "Plan Rows": 1, "Plan Width": 23, "Index Cond": "(id = mc.company_id)", "Filter": "(((country_code)::text <> '[pl]'::text) AND (((name)::text ~~ '%Film%'::text) OR ((name)::text ~~ '%Warner%'::text)))"}]}, {"Node Type": "Index Scan", "Parent Relationship": "Inner", "Scan Direction": "Forward", "Index Name": "company_type_pkey", "Relation Name": "company_type", "Alias": "ct", "Startup Cost": 0.0, "Total Cost": 0.27, "Plan Rows": 1, "Plan Width": 4, "Index Cond": "(id = mc.company_type_id)", "Filter": "((kind)::text = 'production companies'::text)"}]}, {"Node Type": "Index Scan", "Parent Relationship": "Inner", "Scan Direction": "Forward", "Index Name": "movie_id_movie_link", "Relation Name": "movie_link", "Alias": "ml", "Startup Cost": 0.0, "Total Cost": 0.35, "Plan Rows": 5, "Plan Width": 8, "Index Cond": "(movie_id = mk.movie_id)"}]}, {"Node Type": "Index Scan", "Parent Relationship": "Inner", "Scan Direction": "Forward", "Index Name": "link_type_pkey", "Relation Name": "link_type", "Alias": "lt", "Startup Cost": 0.0, "Total Cost": 0.27, "Plan Rows": 1, "Plan Width": 16, "Index Cond": "(id = ml.link_type_id)", "Filter": "((link)::text ~~ '%follows%'::text)"}]}]}, "Unique SQL Id": 4121279504}, "explain_analyze_plan": {"Plan": {"Node Type": "Aggregate", "Strategy": "Plain", "Startup Cost": 2581.34, "Total Cost": 2581.35, "Plan Rows": 1, "Plan Width": 144, "Actual Startup Time": 126.718, "Actual Total Time": 126.718, "Actual Rows": 1, "Actual Loops": 1, "Plans": [{"Node Type": "Nested Loop", "Parent Relationship": "Outer", "Join Type": "Inner", "Startup Cost": 4.51, "Total Cost": 2581.33, "Plan Rows": 1, "Plan Width": 48, "Actual Startup Time": 126.712, "Actual Total Time": 126.712, "Actual Rows": 0, "Actual Loops": 1, "Inner Unique": true, "Plans": [{"Node Type": "Nested Loop", "Parent Relationship": "Outer", "Join Type": "Inner", "Startup Cost": 4.51, "Total Cost": 2581.05, "Plan Rows": 1, "Plan Width": 40, "Actual Startup Time": 6.094, "Actual Total Time": 126.628, "Actual Rows": 38, "Actual Loops": 1, "Inner Unique": false, "Join Filter": "(t.id = ml.movie_id)", "Rows Removed by Join Filter": 0, "Plans": [{"Node Type": "Nested Loop", "Parent Relationship": "Outer", "Join Type": "Inner", "Startup Cost": 4.51, "Total Cost": 2580.63, "Plan Rows": 1, "Plan Width": 48, "Actual Startup Time": 6.079, "Actual Total Time": 126.579, "Actual Rows": 2, "Actual Loops": 1, "Inner Unique": true, "Plans": [{"Node Type": "Nested Loop", "Parent Relationship": "Outer", "Join Type": "Inner", "Startup Cost": 4.51, "Total Cost": 2580.35, "Plan Rows": 1, "Plan Width": 52, "Actual Startup Time": 6.07, "Actual Total Time": 126.566, "Actual Rows": 2, "Actual Loops": 1, "Inner Unique": true, "Plans": [{"Node Type": "Nested Loop", "Parent Relationship": "Outer", "Join Type": "Inner", "Startup Cost": 4.51, "Total Cost": 2580.05, "Plan Rows": 1, "Plan Width": 37, "Actual Startup Time": 6.053, "Actual Total Time": 126.529, "Actual Rows": 3, "Actual Loops": 1, "Inner Unique": false, "Join Filter": "(t.id = mc.movie_id)", "Rows Removed by Join Filter": 0, "Plans": [{"Node Type": "Nested Loop", "Parent Relationship": "Outer", "Join Type": "Inner", "Startup Cost": 4.51, "Total Cost": 2579.71, "Plan Rows": 1, "Plan Width": 25, "Actual Startup Time": 6.03, "Actual Total Time": 126.501, "Actual Rows": 1, "Actual Loops": 1, "Inner Unique": true, "Plans": [{"Node Type": "Nested Loop", "Parent Relationship": "Outer", "Join Type": "Inner", "Startup Cost": 4.51, "Total Cost": 2569.02, "Plan Rows": 33, "Plan Width": 4, "Actual Startup Time": 5.681, "Actual Total Time": 64.348, "Actual Rows": 10544, "Actual Loops": 1, "Inner Unique": false, "Plans": [{"Node Type": "Seq Scan", "Parent Relationship": "Outer", "Relation Name": "keyword", "Alias": "k", "Startup Cost": 0.0, "Total Cost": 2436.11, "Plan Rows": 1, "Plan Width": 4, "Actual Startup Time": 2.377, "Actual Total Time": 41.877, "Actual Rows": 1, "Actual Loops": 1, "Filter": "((keyword)::text = 'sequel'::text)", "Rows Removed by Filter": 134168}, {"Node Type": "Bitmap Heap Scan", "Parent Relationship": "Inner", "Relation Name": "movie_keyword", "Alias": "mk", "Startup Cost": 4.51, "Total Cost": 132.58, "Plan Rows": 33, "Plan Width": 8, "Actual Startup Time": 3.296, "Actual Total Time": 20.334, "Actual Rows": 10544, "Actual Loops": 1, "Recheck Cond": "(keyword_id = k.id)", "Rows Removed by Index Recheck": 0, "Exact Heap Blocks": 5090, "Lossy Heap Blocks": 5090, "Plans": [{"Node Type": "Bitmap Index Scan", "Parent Relationship": "Outer", "Index Name": "keyword_id_movie_keyword", "Startup Cost": 0.0, "Total Cost": 4.5, "Plan Rows": 33, "Plan Width": 0, "Actual Startup Time": 2.369, "Actual Total Time": 2.369, "Actual Rows": 10544, "Actual Loops": 1, "Index Cond": "(keyword_id = k.id)"}]}]}, {"Node Type": "Index Scan", "Parent Relationship": "Inner", "Scan Direction": "Forward", "Index Name": "title_pkey", "Relation Name": "title", "Alias": "t", "Startup Cost": 0.0, "Total Cost": 0.31, "Plan Rows": 1, "Plan Width": 21, "Actual Startup Time": 56.882, "Actual Total Time": 56.882, "Actual Rows": 1, "Actual Loops": 10544, "Index Cond": "(id = mk.movie_id)", "Rows Removed by Index Recheck": 0, "Filter": "(((title)::text ~~ '%Money%'::text) AND (production_year = 1998))", "Rows Removed by Filter": 10543}]}, {"Node Type": "Index Scan", "Parent Relationship": "Inner", "Scan Direction": "Forward", "Index Name": "movie_id_movie_companies", "Relation Name": "movie_companies", "Alias": "mc", "Startup Cost": 0.0, "Total Cost": 0.31, "Plan Rows": 2, "Plan Width": 12, "Actual Startup Time": 0.018, "Actual Total Time": 0.02, "Actual Rows": 3, "Actual Loops": 1, "Index Cond": "(movie_id = mk.movie_id)", "Rows Removed by Index Recheck": 0, "Filter": "(note IS NULL)", "Rows Removed by Filter": 1}]}, {"Node Type": "Index Scan", "Parent Relationship": "Inner", "Scan Direction": "Forward", "Index Name": "company_name_pkey", "Relation Name": "company_name", "Alias": "cn", "Startup Cost": 0.0, "Total Cost": 0.29, "Plan Rows": 1, "Plan Width": 23, "Actual Startup Time": 0.032, "Actual Total Time": 0.032, "Actual Rows": 2, "Actual Loops": 3, "Index Cond": "(id = mc.company_id)", "Rows Removed by Index Recheck": 0, "Filter": "(((country_code)::text <> '[pl]'::text) AND (((name)::text ~~ '%Film%'::text) OR ((name)::text ~~ '%Warner%'::text)))", "Rows Removed by Filter": 1}]}, {"Node Type": "Index Scan", "Parent Relationship": "Inner", "Scan Direction": "Forward", "Index Name": "company_type_pkey", "Relation Name": "company_type", "Alias": "ct", "Startup Cost": 0.0, "Total Cost": 0.27, "Plan Rows": 1, "Plan Width": 4, "Actual Startup Time": 0.008, "Actual Total Time": 0.008, "Actual Rows": 2, "Actual Loops": 2, "Index Cond": "(id = mc.company_type_id)", "Rows Removed by Index Recheck": 0, "Filter": "((kind)::text = 'production companies'::text)", "Rows Removed by Filter": 0}]}, {"Node Type": "Index Scan", "Parent Relationship": "Inner", "Scan Direction": "Forward", "Index Name": "movie_id_movie_link", "Relation Name": "movie_link", "Alias": "ml", "Startup Cost": 0.0, "Total Cost": 0.35, "Plan Rows": 5, "Plan Width": 8, "Actual Startup Time": 0.016, "Actual Total Time": 0.031, "Actual Rows": 38, "Actual Loops": 2, "Index Cond": "(movie_id = mk.movie_id)", "Rows Removed by Index Recheck": 0}]}, {"Node Type": "Index Scan", "Parent Relationship": "Inner", "Scan Direction": "Forward", "Index Name": "link_type_pkey", "Relation Name": "link_type", "Alias": "lt", "Startup Cost": 0.0, "Total Cost": 0.27, "Plan Rows": 1, "Plan Width": 16, "Actual Startup Time": 0.064, "Actual Total Time": 0.064, "Actual Rows": 0, "Actual Loops": 38, "Index Cond": "(id = ml.link_type_id)", "Rows Removed by Index Recheck": 0, "Filter": "((link)::text ~~ '%follows%'::text)", "Rows Removed by Filter": 24}]}]}, "Triggers": [], "Planner Runtime": 87.526, "Total Runtime": 127.163, "Unique SQL Id": 4121279504}}, "(16, 101)": {"explain_plan": {"Plan": {"Node Type": "Aggregate", "Strategy": "Plain", "Startup Cost": 3327.94, "Total Cost": 3327.95, "Plan Rows": 1, "Plan Width": 144, "Plans": [{"Node Type": "Nested Loop", "Parent Relationship": "Outer", "Join Type": "Inner", "Startup Cost": 4.51, "Total Cost": 3327.93, "Plan Rows": 1, "Plan Width": 48, "Inner Unique": true, "Plans": [{"Node Type": "Nested Loop", "Parent Relationship": "Outer", "Join Type": "Inner", "Startup Cost": 4.51, "Total Cost": 3327.65, "Plan Rows": 1, "Plan Width": 40, "Inner Unique": false, "Join Filter": "(t.id = ml.movie_id)", "Plans": [{"Node Type": "Nested Loop", "Parent Relationship": "Outer", "Join Type": "Inner", "Startup Cost": 4.51, "Total Cost": 3327.24, "Plan Rows": 1, "Plan Width": 48, "Inner Unique": true, "Plans": [{"Node Type": "Nested Loop", "Parent Relationship": "Outer", "Join Type": "Inner", "Startup Cost": 4.51, "Total Cost": 3326.95, "Plan Rows": 1, "Plan Width": 52, "Inner Unique": true, "Plans": [{"Node Type": "Nested Loop", "Parent Relationship": "Outer", "Join Type": "Inner", "Startup Cost": 4.51, "Total Cost": 3326.66, "Plan Rows": 1, "Plan Width": 37, "Inner Unique": false, "Join Filter": "(t.id = mc.movie_id)", "Plans": [{"Node Type": "Nested Loop", "Parent Relationship": "Outer", "Join Type": "Inner", "Startup Cost": 4.51, "Total Cost": 3326.32, "Plan Rows": 1, "Plan Width": 25, "Inner Unique": true, "Plans": [{"Node Type": "Nested Loop", "Parent Relationship": "Outer", "Join Type": "Inner", "Startup Cost": 4.51, "Total Cost": 3315.63, "Plan Rows": 33, "Plan Width": 4, "Inner Unique": false, "Plans": [{"Node Type": "Index Scan", "Parent Relationship": "Outer", "Scan Direction": "Forward", "Index Name": "keyword_pkey", "Relation Name": "keyword", "Alias": "k", "Startup Cost": 0.0, "Total Cost": 3182.72, "Plan Rows": 1, "Plan Width": 4, "Filter": "((keyword)::text = 'sequel'::text)"}, {"Node Type": "Bitmap Heap Scan", "Parent Relationship": "Inner", "Relation Name": "movie_keyword", "Alias": "mk", "Startup Cost": 4.51, "Total Cost": 132.58, "Plan Rows": 33, "Plan Width": 8, "Recheck Cond": "(keyword_id = k.id)", "Plans": [{"Node Type": "Bitmap Index Scan", "Parent Relationship": "Outer", "Index Name": "keyword_id_movie_keyword", "Startup Cost": 0.0, "Total Cost": 4.5, "Plan Rows": 33, "Plan Width": 0, "Index Cond": "(keyword_id = k.id)"}]}]}, {"Node Type": "Index Scan", "Parent Relationship": "Inner", "Scan Direction": "Forward", "Index Name": "title_pkey", "Relation Name": "title", "Alias": "t", "Startup Cost": 0.0, "Total Cost": 0.31, "Plan Rows": 1, "Plan Width": 21, "Index Cond": "(id = mk.movie_id)", "Filter": "(((title)::text ~~ '%Money%'::text) AND (production_year = 1998))"}]}, {"Node Type": "Index Scan", "Parent Relationship": "Inner", "Scan Direction": "Forward", "Index Name": "movie_id_movie_companies", "Relation Name": "movie_companies", "Alias": "mc", "Startup Cost": 0.0, "Total Cost": 0.31, "Plan Rows": 2, "Plan Width": 12, "Index Cond": "(movie_id = mk.movie_id)", "Filter": "(note IS NULL)"}]}, {"Node Type": "Index Scan", "Parent Relationship": "Inner", "Scan Direction": "Forward", "Index Name": "company_name_pkey", "Relation Name": "company_name", "Alias": "cn", "Startup Cost": 0.0, "Total Cost": 0.29, "Plan Rows": 1, "Plan Width": 23, "Index Cond": "(id = mc.company_id)", "Filter": "(((country_code)::text <> '[pl]'::text) AND (((name)::text ~~ '%Film%'::text) OR ((name)::text ~~ '%Warner%'::text)))"}]}, {"Node Type": "Index Scan", "Parent Relationship": "Inner", "Scan Direction": "Forward", "Index Name": "company_type_pkey", "Relation Name": "company_type", "Alias": "ct", "Startup Cost": 0.0, "Total Cost": 0.27, "Plan Rows": 1, "Plan Width": 4, "Index Cond": "(id = mc.company_type_id)", "Filter": "((kind)::text = 'production companies'::text)"}]}, {"Node Type": "Index Scan", "Parent Relationship": "Inner", "Scan Direction": "Forward", "Index Name": "movie_id_movie_link", "Relation Name": "movie_link", "Alias": "ml", "Startup Cost": 0.0, "Total Cost": 0.35, "Plan Rows": 5, "Plan Width": 8, "Index Cond": "(movie_id = mk.movie_id)"}]}, {"Node Type": "Index Scan", "Parent Relationship": "Inner", "Scan Direction": "Forward", "Index Name": "link_type_pkey", "Relation Name": "link_type", "Alias": "lt", "Startup Cost": 0.0, "Total Cost": 0.27, "Plan Rows": 1, "Plan Width": 16, "Index Cond": "(id = ml.link_type_id)", "Filter": "((link)::text ~~ '%follows%'::text)"}]}]}, "Unique SQL Id": 4121279504}, "explain_analyze_plan": {"Plan": {"Node Type": "Aggregate", "Strategy": "Plain", "Startup Cost": 3327.94, "Total Cost": 3327.95, "Plan Rows": 1, "Plan Width": 144, "Actual Startup Time": 210.021, "Actual Total Time": 210.022, "Actual Rows": 1, "Actual Loops": 1, "Plans": [{"Node Type": "Nested Loop", "Parent Relationship": "Outer", "Join Type": "Inner", "Startup Cost": 4.51, "Total Cost": 3327.93, "Plan Rows": 1, "Plan Width": 48, "Actual Startup Time": 210.015, "Actual Total Time": 210.015, "Actual Rows": 0, "Actual Loops": 1, "Inner Unique": true, "Plans": [{"Node Type": "Nested Loop", "Parent Relationship": "Outer", "Join Type": "Inner", "Startup Cost": 4.51, "Total Cost": 3327.65, "Plan Rows": 1, "Plan Width": 40, "Actual Startup Time": 4.252, "Actual Total Time": 209.927, "Actual Rows": 38, "Actual Loops": 1, "Inner Unique": false, "Join Filter": "(t.id = ml.movie_id)", "Rows Removed by Join Filter": 0, "Plans": [{"Node Type": "Nested Loop", "Parent Relationship": "Outer", "Join Type": "Inner", "Startup Cost": 4.51, "Total Cost": 3327.24, "Plan Rows": 1, "Plan Width": 48, "Actual Startup Time": 4.237, "Actual Total Time": 209.878, "Actual Rows": 2, "Actual Loops": 1, "Inner Unique": true, "Plans": [{"Node Type": "Nested Loop", "Parent Relationship": "Outer", "Join Type": "Inner", "Startup Cost": 4.51, "Total Cost": 3326.95, "Plan Rows": 1, "Plan Width": 52, "Actual Startup Time": 4.228, "Actual Total Time": 209.865, "Actual Rows": 2, "Actual Loops": 1, "Inner Unique": true, "Plans": [{"Node Type": "Nested Loop", "Parent Relationship": "Outer", "Join Type": "Inner", "Startup Cost": 4.51, "Total Cost": 3326.66, "Plan Rows": 1, "Plan Width": 37, "Actual Startup Time": 4.21, "Actual Total Time": 209.826, "Actual Rows": 3, "Actual Loops": 1, "Inner Unique": false, "Join Filter": "(t.id = mc.movie_id)", "Rows Removed by Join Filter": 0, "Plans": [{"Node Type": "Nested Loop", "Parent Relationship": "Outer", "Join Type": "Inner", "Startup Cost": 4.51, "Total Cost": 3326.32, "Plan Rows": 1, "Plan Width": 25, "Actual Startup Time": 4.189, "Actual Total Time": 209.801, "Actual Rows": 1, "Actual Loops": 1, "Inner Unique": true, "Plans": [{"Node Type": "Nested Loop", "Parent Relationship": "Outer", "Join Type": "Inner", "Startup Cost": 4.51, "Total Cost": 3315.63, "Plan Rows": 33, "Plan Width": 4, "Actual Startup Time": 3.839, "Actual Total Time": 145.857, "Actual Rows": 10544, "Actual Loops": 1, "Inner Unique": false, "Plans": [{"Node Type": "Index Scan", "Parent Relationship": "Outer", "Scan Direction": "Forward", "Index Name": "keyword_pkey", "Relation Name": "keyword", "Alias": "k", "Startup Cost": 0.0, "Total Cost": 3182.72, "Plan Rows": 1, "Plan Width": 4, "Actual Startup Time": 0.526, "Actual Total Time": 122.744, "Actual Rows": 1, "Actual Loops": 1, "Filter": "((keyword)::text = 'sequel'::text)", "Rows Removed by Filter": 134168}, {"Node Type": "Bitmap Heap Scan", "Parent Relationship": "Inner", "Relation Name": "movie_keyword", "Alias": "mk", "Startup Cost": 4.51, "Total Cost": 132.58, "Plan Rows": 33, "Plan Width": 8, "Actual Startup Time": 3.306, "Actual Total Time": 20.899, "Actual Rows": 10544, "Actual Loops": 1, "Recheck Cond": "(keyword_id = k.id)", "Rows Removed by Index Recheck": 0, "Exact Heap Blocks": 5090, "Lossy Heap Blocks": 5090, "Plans": [{"Node Type": "Bitmap Index Scan", "Parent Relationship": "Outer", "Index Name": "keyword_id_movie_keyword", "Startup Cost": 0.0, "Total Cost": 4.5, "Plan Rows": 33, "Plan Width": 0, "Actual Startup Time": 2.388, "Actual Total Time": 2.388, "Actual Rows": 10544, "Actual Loops": 1, "Index Cond": "(keyword_id = k.id)"}]}]}, {"Node Type": "Index Scan", "Parent Relationship": "Inner", "Scan Direction": "Forward", "Index Name": "title_pkey", "Relation Name": "title", "Alias": "t", "Startup Cost": 0.0, "Total Cost": 0.31, "Plan Rows": 1, "Plan Width": 21, "Actual Startup Time": 58.603, "Actual Total Time": 58.603, "Actual Rows": 1, "Actual Loops": 10544, "Index Cond": "(id = mk.movie_id)", "Rows Removed by Index Recheck": 0, "Filter": "(((title)::text ~~ '%Money%'::text) AND (production_year = 1998))", "Rows Removed by Filter": 10543}]}, {"Node Type": "Index Scan", "Parent Relationship": "Inner", "Scan Direction": "Forward", "Index Name": "movie_id_movie_companies", "Relation Name": "movie_companies", "Alias": "mc", "Startup Cost": 0.0, "Total Cost": 0.31, "Plan Rows": 2, "Plan Width": 12, "Actual Startup Time": 0.017, "Actual Total Time": 0.019, "Actual Rows": 3, "Actual Loops": 1, "Index Cond": "(movie_id = mk.movie_id)", "Rows Removed by Index Recheck": 0, "Filter": "(note IS NULL)", "Rows Removed by Filter": 1}]}, {"Node Type": "Index Scan", "Parent Relationship": "Inner", "Scan Direction": "Forward", "Index Name": "company_name_pkey", "Relation Name": "company_name", "Alias": "cn", "Startup Cost": 0.0, "Total Cost": 0.29, "Plan Rows": 1, "Plan Width": 23, "Actual Startup Time": 0.034, "Actual Total Time": 0.034, "Actual Rows": 2, "Actual Loops": 3, "Index Cond": "(id = mc.company_id)", "Rows Removed by Index Recheck": 0, "Filter": "(((country_code)::text <> '[pl]'::text) AND (((name)::text ~~ '%Film%'::text) OR ((name)::text ~~ '%Warner%'::text)))", "Rows Removed by Filter": 1}]}, {"Node Type": "Index Scan", "Parent Relationship": "Inner", "Scan Direction": "Forward", "Index Name": "company_type_pkey", "Relation Name": "company_type", "Alias": "ct", "Startup Cost": 0.0, "Total Cost": 0.27, "Plan Rows": 1, "Plan Width": 4, "Actual Startup Time": 0.009, "Actual Total Time": 0.009, "Actual Rows": 2, "Actual Loops": 2, "Index Cond": "(id = mc.company_type_id)", "Rows Removed by Index Recheck": 0, "Filter": "((kind)::text = 'production companies'::text)", "Rows Removed by Filter": 0}]}, {"Node Type": "Index Scan", "Parent Relationship": "Inner", "Scan Direction": "Forward", "Index Name": "movie_id_movie_link", "Relation Name": "movie_link", "Alias": "ml", "Startup Cost": 0.0, "Total Cost": 0.35, "Plan Rows": 5, "Plan Width": 8, "Actual Startup Time": 0.016, "Actual Total Time": 0.029, "Actual Rows": 38, "Actual Loops": 2, "Index Cond": "(movie_id = mk.movie_id)", "Rows Removed by Index Recheck": 0}]}, {"Node Type": "Index Scan", "Parent Relationship": "Inner", "Scan Direction": "Forward", "Index Name": "link_type_pkey", "Relation Name": "link_type", "Alias": "lt", "Startup Cost": 0.0, "Total Cost": 0.27, "Plan Rows": 1, "Plan Width": 16, "Actual Startup Time": 0.063, "Actual Total Time": 0.063, "Actual Rows": 0, "Actual Loops": 38, "Index Cond": "(id = ml.link_type_id)", "Rows Removed by Index Recheck": 0, "Filter": "((link)::text ~~ '%follows%'::text)", "Rows Removed by Filter": 24}]}]}, "Triggers": [], "Planner Runtime": 75.74, "Total Runtime": 210.444, "Unique SQL Id": 4121279504}}, "(16, 102)": {"explain_plan": {"Plan": {"Node Type": "Aggregate", "Strategy": "Plain", "Startup Cost": 2726.04, "Total Cost": 2726.05, "Plan Rows": 1, "Plan Width": 144, "Plans": [{"Node Type": "Hash Join", "Parent Relationship": "Outer", "Join Type": "Inner", "Startup Cost": 7.87, "Total Cost": 2726.04, "Plan Rows": 1, "Plan Width": 48, "Inner Unique": true, "Hash Cond": "(ml.link_type_id = lt.id)", "Plans": [{"Node Type": "Nested Loop", "Parent Relationship": "Outer", "Join Type": "Inner", "Startup Cost": 6.64, "Total Cost": 2724.8, "Plan Rows": 1, "Plan Width": 40, "Inner Unique": false, "Join Filter": "(t.id = ml.movie_id)", "Plans": [{"Node Type": "Hash Join", "Parent Relationship": "Outer", "Join Type": "Inner", "Startup Cost": 6.35, "Total Cost": 2720.38, "Plan Rows": 1, "Plan Width": 48, "Inner Unique": true, "Hash Cond": "(mc.company_type_id = ct.id)", "Plans": [{"Node Type": "Nested Loop", "Parent Relationship": "Outer", "Join Type": "Inner", "Startup Cost": 5.3, "Total Cost": 2719.32, "Plan Rows": 1, "Plan Width": 52, "Inner Unique": true, "Plans": [{"Node Type": "Nested Loop", "Parent Relationship": "Outer", "Join Type": "Inner", "Startup Cost": 5.05, "Total Cost": 2715.03, "Plan Rows": 1, "Plan Width": 37, "Inner Unique": false, "Join Filter": "(t.id = mc.movie_id)", "Plans": [{"Node Type": "Nested Loop", "Parent Relationship": "Outer", "Join Type": "Inner", "Startup Cost": 4.77, "Total Cost": 2710.71, "Plan Rows": 1, "Plan Width": 25, "Inner Unique": true, "Plans": [{"Node Type": "Nested Loop", "Parent Relationship": "Outer", "Join Type": "Inner", "Startup Cost": 4.51, "Total Cost": 2569.02, "Plan Rows": 33, "Plan Width": 4, "Inner Unique": false, "Plans": [{"Node Type": "Seq Scan", "Parent Relationship": "Outer", "Relation Name": "keyword", "Alias": "k", "Startup Cost": 0.0, "Total Cost": 2436.11, "Plan Rows": 1, "Plan Width": 4, "Filter": "((keyword)::text = 'sequel'::text)"}, {"Node Type": "Bitmap Heap Scan", "Parent Relationship": "Inner", "Relation Name": "movie_keyword", "Alias": "mk", "Startup Cost": 4.51, "Total Cost": 132.58, "Plan Rows": 33, "Plan Width": 8, "Recheck Cond": "(keyword_id = k.id)", "Plans": [{"Node Type": "Bitmap Index Scan", "Parent Relationship": "Outer", "Index Name": "keyword_id_movie_keyword", "Startup Cost": 0.0, "Total Cost": 4.5, "Plan Rows": 33, "Plan Width": 0, "Index Cond": "(keyword_id = k.id)"}]}]}, {"Node Type": "Bitmap Heap Scan", "Parent Relationship": "Inner", "Relation Name": "title", "Alias": "t", "Startup Cost": 0.27, "Total Cost": 4.28, "Plan Rows": 1, "Plan Width": 21, "Recheck Cond": "(id = mk.movie_id)", "Filter": "(((title)::text ~~ '%Money%'::text) AND (production_year = 1998))", "Plans": [{"Node Type": "Bitmap Index Scan", "Parent Relationship": "Outer", "Index Name": "title_pkey", "Startup Cost": 0.0, "Total Cost": 0.27, "Plan Rows": 1, "Plan Width": 0, "Index Cond": "(id = mk.movie_id)"}]}]}, {"Node Type": "Bitmap Heap Scan", "Parent Relationship": "Inner", "Relation Name": "movie_companies", "Alias": "mc", "Startup Cost": 0.27, "Total Cost": 4.3, "Plan Rows": 2, "Plan Width": 12, "Recheck Cond": "(movie_id = mk.movie_id)", "Filter": "(note IS NULL)", "Plans": [{"Node Type": "Bitmap Index Scan", "Parent Relationship": "Outer", "Index Name": "movie_id_movie_companies", "Startup Cost": 0.0, "Total Cost": 0.27, "Plan Rows": 2, "Plan Width": 0, "Index Cond": "(movie_id = mk.movie_id)"}]}]}, {"Node Type": "Bitmap Heap Scan", "Parent Relationship": "Inner", "Relation Name": "company_name", "Alias": "cn", "Startup Cost": 0.26, "Total Cost": 4.28, "Plan Rows": 1, "Plan Width": 23, "Recheck Cond": "(id = mc.company_id)", "Filter": "(((country_code)::text <> '[pl]'::text) AND (((name)::text ~~ '%Film%'::text) OR ((name)::text ~~ '%Warner%'::text)))", "Plans": [{"Node Type": "Bitmap Index Scan", "Parent Relationship": "Outer", "Index Name": "company_name_pkey", "Startup Cost": 0.0, "Total Cost": 0.26, "Plan Rows": 1, "Plan Width": 0, "Index Cond": "(id = mc.company_id)"}]}]}, {"Node Type": "Hash", "Parent Relationship": "Inner", "Startup Cost": 1.04, "Total Cost": 1.04, "Plan Rows": 1, "Plan Width": 4, "Plans": [{"Node Type": "Seq Scan", "Parent Relationship": "Outer", "Relation Name": "company_type", "Alias": "ct", "Startup Cost": 0.0, "Total Cost": 1.04, "Plan Rows": 1, "Plan Width": 4, "Filter": "((kind)::text = 'production companies'::text)"}]}]}, {"Node Type": "Bitmap Heap Scan", "Parent Relationship": "Inner", "Relation Name": "movie_link", "Alias": "ml", "Startup Cost": 0.29, "Total Cost": 4.35, "Plan Rows": 5, "Plan Width": 8, "Recheck Cond": "(movie_id = mk.movie_id)", "Plans": [{"Node Type": "Bitmap Index Scan", "Parent Relationship": "Outer", "Index Name": "movie_id_movie_link", "Startup Cost": 0.0, "Total Cost": 0.29, "Plan Rows": 5, "Plan Width": 0, "Index Cond": "(movie_id = mk.movie_id)"}]}]}, {"Node Type": "Hash", "Parent Relationship": "Inner", "Startup Cost": 1.21, "Total Cost": 1.21, "Plan Rows": 1, "Plan Width": 16, "Plans": [{"Node Type": "Seq Scan", "Parent Relationship": "Outer", "Relation Name": "link_type", "Alias": "lt", "Startup Cost": 0.0, "Total Cost": 1.21, "Plan Rows": 1, "Plan Width": 16, "Filter": "((link)::text ~~ '%follows%'::text)"}]}]}]}, "Unique SQL Id": 4121279504}, "explain_analyze_plan": {"Plan": {"Node Type": "Aggregate", "Strategy": "Plain", "Startup Cost": 2726.04, "Total Cost": 2726.05, "Plan Rows": 1, "Plan Width": 144, "Actual Startup Time": 0.082, "Actual Total Time": 0.082, "Actual Rows": 1, "Actual Loops": 1, "Plans": [{"Node Type": "Hash Join", "Parent Relationship": "Outer", "Join Type": "Inner", "Startup Cost": 7.87, "Total Cost": 2726.04, "Plan Rows": 1, "Plan Width": 48, "Actual Startup Time": 0.076, "Actual Total Time": 0.076, "Actual Rows": 0, "Actual Loops": 1, "Inner Unique": true, "Hash Cond": "(ml.link_type_id = lt.id)", "Plans": [{"Node Type": "Nested Loop", "Parent Relationship": "Outer", "Join Type": "Inner", "Startup Cost": 6.64, "Total Cost": 2724.8, "Plan Rows": 1, "Plan Width": 40, "Actual Startup Time": 0.0, "Actual Total Time": 0.0, "Inner Unique": false, "Join Filter": "(t.id = ml.movie_id)", "Rows Removed by Join Filter": 0, "Plans": [{"Node Type": "Hash Join", "Parent Relationship": "Outer", "Join Type": "Inner", "Startup Cost": 6.35, "Total Cost": 2720.38, "Plan Rows": 1, "Plan Width": 48, "Actual Startup Time": 0.0, "Actual Total Time": 0.0, "Inner Unique": true, "Hash Cond": "(mc.company_type_id = ct.id)", "Plans": [{"Node Type": "Nested Loop", "Parent Relationship": "Outer", "Join Type": "Inner", "Startup Cost": 5.3, "Total Cost": 2719.32, "Plan Rows": 1, "Plan Width": 52, "Actual Startup Time": 0.0, "Actual Total Time": 0.0, "Inner Unique": true, "Plans": [{"Node Type": "Nested Loop", "Parent Relationship": "Outer", "Join Type": "Inner", "Startup Cost": 5.05, "Total Cost": 2715.03, "Plan Rows": 1, "Plan Width": 37, "Actual Startup Time": 0.0, "Actual Total Time": 0.0, "Inner Unique": false, "Join Filter": "(t.id = mc.movie_id)", "Rows Removed by Join Filter": 0, "Plans": [{"Node Type": "Nested Loop", "Parent Relationship": "Outer", "Join Type": "Inner", "Startup Cost": 4.77, "Total Cost": 2710.71, "Plan Rows": 1, "Plan Width": 25, "Actual Startup Time": 0.0, "Actual Total Time": 0.0, "Inner Unique": true, "Plans": [{"Node Type": "Nested Loop", "Parent Relationship": "Outer", "Join Type": "Inner", "Startup Cost": 4.51, "Total Cost": 2569.02, "Plan Rows": 33, "Plan Width": 4, "Actual Startup Time": 0.0, "Actual Total Time": 0.0, "Inner Unique": false, "Plans": [{"Node Type": "Seq Scan", "Parent Relationship": "Outer", "Relation Name": "keyword", "Alias": "k", "Startup Cost": 0.0, "Total Cost": 2436.11, "Plan Rows": 1, "Plan Width": 4, "Actual Startup Time": 0.0, "Actual Total Time": 0.0, "Filter": "((keyword)::text = 'sequel'::text)", "Rows Removed by Filter": 0}, {"Node Type": "Bitmap Heap Scan", "Parent Relationship": "Inner", "Relation Name": "movie_keyword", "Alias": "mk", "Startup Cost": 4.51, "Total Cost": 132.58, "Plan Rows": 33, "Plan Width": 8, "Actual Startup Time": 0.0, "Actual Total Time": 0.0, "Recheck Cond": "(keyword_id = k.id)", "Rows Removed by Index Recheck": 0, "Exact Heap Blocks": 0, "Lossy Heap Blocks": 0, "Plans": [{"Node Type": "Bitmap Index Scan", "Parent Relationship": "Outer", "Index Name": "keyword_id_movie_keyword", "Startup Cost": 0.0, "Total Cost": 4.5, "Plan Rows": 33, "Plan Width": 0, "Actual Startup Time": 0.0, "Actual Total Time": 0.0, "Index Cond": "(keyword_id = k.id)"}]}]}, {"Node Type": "Bitmap Heap Scan", "Parent Relationship": "Inner", "Relation Name": "title", "Alias": "t", "Startup Cost": 0.27, "Total Cost": 4.28, "Plan Rows": 1, "Plan Width": 21, "Actual Startup Time": 0.0, "Actual Total Time": 0.0, "Recheck Cond": "(id = mk.movie_id)", "Rows Removed by Index Recheck": 0, "Filter": "(((title)::text ~~ '%Money%'::text) AND (production_year = 1998))", "Rows Removed by Filter": 0, "Exact Heap Blocks": 0, "Lossy Heap Blocks": 0, "Plans": [{"Node Type": "Bitmap Index Scan", "Parent Relationship": "Outer", "Index Name": "title_pkey", "Startup Cost": 0.0, "Total Cost": 0.27, "Plan Rows": 1, "Plan Width": 0, "Actual Startup Time": 0.0, "Actual Total Time": 0.0, "Index Cond": "(id = mk.movie_id)"}]}]}, {"Node Type": "Bitmap Heap Scan", "Parent Relationship": "Inner", "Relation Name": "movie_companies", "Alias": "mc", "Startup Cost": 0.27, "Total Cost": 4.3, "Plan Rows": 2, "Plan Width": 12, "Actual Startup Time": 0.0, "Actual Total Time": 0.0, "Recheck Cond": "(movie_id = mk.movie_id)", "Rows Removed by Index Recheck": 0, "Filter": "(note IS NULL)", "Rows Removed by Filter": 0, "Exact Heap Blocks": 0, "Lossy Heap Blocks": 0, "Plans": [{"Node Type": "Bitmap Index Scan", "Parent Relationship": "Outer", "Index Name": "movie_id_movie_companies", "Startup Cost": 0.0, "Total Cost": 0.27, "Plan Rows": 2, "Plan Width": 0, "Actual Startup Time": 0.0, "Actual Total Time": 0.0, "Index Cond": "(movie_id = mk.movie_id)"}]}]}, {"Node Type": "Bitmap Heap Scan", "Parent Relationship": "Inner", "Relation Name": "company_name", "Alias": "cn", "Startup Cost": 0.26, "Total Cost": 4.28, "Plan Rows": 1, "Plan Width": 23, "Actual Startup Time": 0.0, "Actual Total Time": 0.0, "Recheck Cond": "(id = mc.company_id)", "Rows Removed by Index Recheck": 0, "Filter": "(((country_code)::text <> '[pl]'::text) AND (((name)::text ~~ '%Film%'::text) OR ((name)::text ~~ '%Warner%'::text)))", "Rows Removed by Filter": 0, "Exact Heap Blocks": 0, "Lossy Heap Blocks": 0, "Plans": [{"Node Type": "Bitmap Index Scan", "Parent Relationship": "Outer", "Index Name": "company_name_pkey", "Startup Cost": 0.0, "Total Cost": 0.26, "Plan Rows": 1, "Plan Width": 0, "Actual Startup Time": 0.0, "Actual Total Time": 0.0, "Index Cond": "(id = mc.company_id)"}]}]}, {"Node Type": "Hash", "Parent Relationship": "Inner", "Startup Cost": 1.04, "Total Cost": 1.04, "Plan Rows": 1, "Plan Width": 4, "Actual Startup Time": 0.0, "Actual Total Time": 0.0, "Hash Buckets": 0, "Hash Batches": 0, "Original Hash Batches": 0, "Peak Memory Usage": 0, "Plans": [{"Node Type": "Seq Scan", "Parent Relationship": "Outer", "Relation Name": "company_type", "Alias": "ct", "Startup Cost": 0.0, "Total Cost": 1.04, "Plan Rows": 1, "Plan Width": 4, "Actual Startup Time": 0.0, "Actual Total Time": 0.0, "Filter": "((kind)::text = 'production companies'::text)", "Rows Removed by Filter": 0}]}]}, {"Node Type": "Bitmap Heap Scan", "Parent Relationship": "Inner", "Relation Name": "movie_link", "Alias": "ml", "Startup Cost": 0.29, "Total Cost": 4.35, "Plan Rows": 5, "Plan Width": 8, "Actual Startup Time": 0.0, "Actual Total Time": 0.0, "Recheck Cond": "(movie_id = mk.movie_id)", "Rows Removed by Index Recheck": 0, "Exact Heap Blocks": 0, "Lossy Heap Blocks": 0, "Plans": [{"Node Type": "Bitmap Index Scan", "Parent Relationship": "Outer", "Index Name": "movie_id_movie_link", "Startup Cost": 0.0, "Total Cost": 0.29, "Plan Rows": 5, "Plan Width": 0, "Actual Startup Time": 0.0, "Actual Total Time": 0.0, "Index Cond": "(movie_id = mk.movie_id)"}]}]}, {"Node Type": "Hash", "Parent Relationship": "Inner", "Startup Cost": 1.21, "Total Cost": 1.21, "Plan Rows": 1, "Plan Width": 16, "Actual Startup Time": 0.032, "Actual Total Time": 0.032, "Actual Rows": 0, "Actual Loops": 1, "Hash Buckets": 32768, "Hash Batches": 1, "Original Hash Batches": 1, "Peak Memory Usage": 0, "Plans": [{"Node Type": "Seq Scan", "Parent Relationship": "Outer", "Relation Name": "link_type", "Alias": "lt", "Startup Cost": 0.0, "Total Cost": 1.21, "Plan Rows": 1, "Plan Width": 16, "Actual Startup Time": 0.029, "Actual Total Time": 0.029, "Actual Rows": 0, "Actual Loops": 1, "Filter": "((link)::text ~~ '%follows%'::text)", "Rows Removed by Filter": 17}]}]}]}, "Triggers": [], "Planner Runtime": 108.695, "Total Runtime": 0.454, "Unique SQL Id": 4121279504}}, "(16, 103)": {"explain_plan": {"Plan": {"Node Type": "Aggregate", "Strategy": "Plain", "Startup Cost": 3451.4, "Total Cost": 3451.41, "Plan Rows": 1, "Plan Width": 144, "Plans": [{"Node Type": "Nested Loop", "Parent Relationship": "Outer", "Join Type": "Inner", "Startup Cost": 725.2, "Total Cost": 3451.4, "Plan Rows": 1, "Plan Width": 48, "Inner Unique": true, "Plans": [{"Node Type": "Nested Loop", "Parent Relationship": "Outer", "Join Type": "Inner", "Startup Cost": 724.95, "Total Cost": 3447.11, "Plan Rows": 1, "Plan Width": 40, "Inner Unique": false, "Join Filter": "(t.id = ml.movie_id)", "Plans": [{"Node Type": "Nested Loop", "Parent Relationship": "Outer", "Join Type": "Inner", "Startup Cost": 724.66, "Total Cost": 3442.7, "Plan Rows": 1, "Plan Width": 48, "Inner Unique": true, "Plans": [{"Node Type": "Nested Loop", "Parent Relationship": "Outer", "Join Type": "Inner", "Startup Cost": 724.4, "Total Cost": 3438.42, "Plan Rows": 1, "Plan Width": 52, "Inner Unique": true, "Plans": [{"Node Type": "Nested Loop", "Parent Relationship": "Outer", "Join Type": "Inner", "Startup Cost": 724.14, "Total Cost": 3434.13, "Plan Rows": 1, "Plan Width": 37, "Inner Unique": false, "Join Filter": "(t.id = mc.movie_id)", "Plans": [{"Node Type": "Nested Loop", "Parent Relationship": "Outer", "Join Type": "Inner", "Startup Cost": 723.87, "Total Cost": 3429.8, "Plan Rows": 1, "Plan Width": 25, "Inner Unique": true, "Plans": [{"Node Type": "Nested Loop", "Parent Relationship": "Outer", "Join Type": "Inner", "Startup Cost": 723.6, "Total Cost": 3288.12, "Plan Rows": 33, "Plan Width": 4, "Inner Unique": false, "Plans": [{"Node Type": "Bitmap Heap Scan", "Parent Relationship": "Outer", "Relation Name": "keyword", "Alias": "k", "Startup Cost": 719.1, "Total Cost": 3155.21, "Plan Rows": 1, "Plan Width": 4, "Filter": "((keyword)::text = 'sequel'::text)", "Plans": [{"Node Type": "Bitmap Index Scan", "Parent Relationship": "Outer", "Index Name": "keyword_pkey", "Startup Cost": 0.0, "Total Cost": 719.1, "Plan Rows": 134169, "Plan Width": 0}]}, {"Node Type": "Bitmap Heap Scan", "Parent Relationship": "Inner", "Relation Name": "movie_keyword", "Alias": "mk", "Startup Cost": 4.51, "Total Cost": 132.58, "Plan Rows": 33, "Plan Width": 8, "Recheck Cond": "(keyword_id = k.id)", "Plans": [{"Node Type": "Bitmap Index Scan", "Parent Relationship": "Outer", "Index Name": "keyword_id_movie_keyword", "Startup Cost": 0.0, "Total Cost": 4.5, "Plan Rows": 33, "Plan Width": 0, "Index Cond": "(keyword_id = k.id)"}]}]}, {"Node Type": "Bitmap Heap Scan", "Parent Relationship": "Inner", "Relation Name": "title", "Alias": "t", "Startup Cost": 0.27, "Total Cost": 4.28, "Plan Rows": 1, "Plan Width": 21, "Recheck Cond": "(id = mk.movie_id)", "Filter": "(((title)::text ~~ '%Money%'::text) AND (production_year = 1998))", "Plans": [{"Node Type": "Bitmap Index Scan", "Parent Relationship": "Outer", "Index Name": "title_pkey", "Startup Cost": 0.0, "Total Cost": 0.27, "Plan Rows": 1, "Plan Width": 0, "Index Cond": "(id = mk.movie_id)"}]}]}, {"Node Type": "Bitmap Heap Scan", "Parent Relationship": "Inner", "Relation Name": "movie_companies", "Alias": "mc", "Startup Cost": 0.27, "Total Cost": 4.3, "Plan Rows": 2, "Plan Width": 12, "Recheck Cond": "(movie_id = mk.movie_id)", "Filter": "(note IS NULL)", "Plans": [{"Node Type": "Bitmap Index Scan", "Parent Relationship": "Outer", "Index Name": "movie_id_movie_companies", "Startup Cost": 0.0, "Total Cost": 0.27, "Plan Rows": 2, "Plan Width": 0, "Index Cond": "(movie_id = mk.movie_id)"}]}]}, {"Node Type": "Bitmap Heap Scan", "Parent Relationship": "Inner", "Relation Name": "company_name", "Alias": "cn", "Startup Cost": 0.26, "Total Cost": 4.28, "Plan Rows": 1, "Plan Width": 23, "Recheck Cond": "(id = mc.company_id)", "Filter": "(((country_code)::text <> '[pl]'::text) AND (((name)::text ~~ '%Film%'::text) OR ((name)::text ~~ '%Warner%'::text)))", "Plans": [{"Node Type": "Bitmap Index Scan", "Parent Relationship": "Outer", "Index Name": "company_name_pkey", "Startup Cost": 0.0, "Total Cost": 0.26, "Plan Rows": 1, "Plan Width": 0, "Index Cond": "(id = mc.company_id)"}]}]}, {"Node Type": "Bitmap Heap Scan", "Parent Relationship": "Inner", "Relation Name": "company_type", "Alias": "ct", "Startup Cost": 0.26, "Total Cost": 4.27, "Plan Rows": 1, "Plan Width": 4, "Recheck Cond": "(id = mc.company_type_id)", "Filter": "((kind)::text = 'production companies'::text)", "Plans": [{"Node Type": "Bitmap Index Scan", "Parent Relationship": "Outer", "Index Name": "company_type_pkey", "Startup Cost": 0.0, "Total Cost": 0.26, "Plan Rows": 1, "Plan Width": 0, "Index Cond": "(id = mc.company_type_id)"}]}]}, {"Node Type": "Bitmap Heap Scan", "Parent Relationship": "Inner", "Relation Name": "movie_link", "Alias": "ml", "Startup Cost": 0.29, "Total Cost": 4.35, "Plan Rows": 5, "Plan Width": 8, "Recheck Cond": "(movie_id = mk.movie_id)", "Plans": [{"Node Type": "Bitmap Index Scan", "Parent Relationship": "Outer", "Index Name": "movie_id_movie_link", "Startup Cost": 0.0, "Total Cost": 0.29, "Plan Rows": 5, "Plan Width": 0, "Index Cond": "(movie_id = mk.movie_id)"}]}]}, {"Node Type": "Bitmap Heap Scan", "Parent Relationship": "Inner", "Relation Name": "link_type", "Alias": "lt", "Startup Cost": 0.26, "Total Cost": 4.27, "Plan Rows": 1, "Plan Width": 16, "Recheck Cond": "(id = ml.link_type_id)", "Filter": "((link)::text ~~ '%follows%'::text)", "Plans": [{"Node Type": "Bitmap Index Scan", "Parent Relationship": "Outer", "Index Name": "link_type_pkey", "Startup Cost": 0.0, "Total Cost": 0.26, "Plan Rows": 1, "Plan Width": 0, "Index Cond": "(id = ml.link_type_id)"}]}]}]}, "Unique SQL Id": 4121279504}, "explain_analyze_plan": {"Plan": {"Node Type": "Aggregate", "Strategy": "Plain", "Startup Cost": 3451.4, "Total Cost": 3451.41, "Plan Rows": 1, "Plan Width": 144, "Actual Startup Time": 152.6, "Actual Total Time": 152.601, "Actual Rows": 1, "Actual Loops": 1, "Plans": [{"Node Type": "Nested Loop", "Parent Relationship": "Outer", "Join Type": "Inner", "Startup Cost": 725.2, "Total Cost": 3451.4, "Plan Rows": 1, "Plan Width": 48, "Actual Startup Time": 152.588, "Actual Total Time": 152.588, "Actual Rows": 0, "Actual Loops": 1, "Inner Unique": true, "Plans": [{"Node Type": "Nested Loop", "Parent Relationship": "Outer", "Join Type": "Inner", "Startup Cost": 724.95, "Total Cost": 3447.11, "Plan Rows": 1, "Plan Width": 40, "Actual Startup Time": 18.148, "Actual Total Time": 152.437, "Actual Rows": 38, "Actual Loops": 1, "Inner Unique": false, "Join Filter": "(t.id = ml.movie_id)", "Rows Removed by Join Filter": 0, "Plans": [{"Node Type": "Nested Loop", "Parent Relationship": "Outer", "Join Type": "Inner", "Startup Cost": 724.66, "Total Cost": 3442.7, "Plan Rows": 1, "Plan Width": 48, "Actual Startup Time": 18.12, "Actual Total Time": 152.376, "Actual Rows": 2, "Actual Loops": 1, "Inner Unique": true, "Plans": [{"Node Type": "Nested Loop", "Parent Relationship": "Outer", "Join Type": "Inner", "Startup Cost": 724.4, "Total Cost": 3438.42, "Plan Rows": 1, "Plan Width": 52, "Actual Startup Time": 18.104, "Actual Total Time": 152.355, "Actual Rows": 2, "Actual Loops": 1, "Inner Unique": true, "Plans": [{"Node Type": "Nested Loop", "Parent Relationship": "Outer", "Join Type": "Inner", "Startup Cost": 724.14, "Total Cost": 3434.13, "Plan Rows": 1, "Plan Width": 37, "Actual Startup Time": 18.071, "Actual Total Time": 152.299, "Actual Rows": 3, "Actual Loops": 1, "Inner Unique": false, "Join Filter": "(t.id = mc.movie_id)", "Rows Removed by Join Filter": 0, "Plans": [{"Node Type": "Nested Loop", "Parent Relationship": "Outer", "Join Type": "Inner", "Startup Cost": 723.87, "Total Cost": 3429.8, "Plan Rows": 1, "Plan Width": 25, "Actual Startup Time": 18.038, "Actual Total Time": 152.263, "Actual Rows": 1, "Actual Loops": 1, "Inner Unique": true, "Plans": [{"Node Type": "Nested Loop", "Parent Relationship": "Outer", "Join Type": "Inner", "Startup Cost": 723.6, "Total Cost": 3288.12, "Plan Rows": 33, "Plan Width": 4, "Actual Startup Time": 17.628, "Actual Total Time": 80.585, "Actual Rows": 10544, "Actual Loops": 1, "Inner Unique": false, "Plans": [{"Node Type": "Bitmap Heap Scan", "Parent Relationship": "Outer", "Relation Name": "keyword", "Alias": "k", "Startup Cost": 719.1, "Total Cost": 3155.21, "Plan Rows": 1, "Plan Width": 4, "Actual Startup Time": 14.469, "Actual Total Time": 61.131, "Actual Rows": 1, "Actual Loops": 1, "Filter": "((keyword)::text = 'sequel'::text)", "Rows Removed by Filter": 134168, "Exact Heap Blocks": 759, "Lossy Heap Blocks": 759, "Plans": [{"Node Type": "Bitmap Index Scan", "Parent Relationship": "Outer", "Index Name": "keyword_pkey", "Startup Cost": 0.0, "Total Cost": 719.1, "Plan Rows": 134169, "Plan Width": 0, "Actual Startup Time": 11.259, "Actual Total Time": 11.259, "Actual Rows": 134169, "Actual Loops": 1}]}, {"Node Type": "Bitmap Heap Scan", "Parent Relationship": "Inner", "Relation Name": "movie_keyword", "Alias": "mk", "Startup Cost": 4.51, "Total Cost": 132.58, "Plan Rows": 33, "Plan Width": 8, "Actual Startup Time": 3.147, "Actual Total Time": 17.278, "Actual Rows": 10544, "Actual Loops": 1, "Recheck Cond": "(keyword_id = k.id)", "Rows Removed by Index Recheck": 0, "Exact Heap Blocks": 5090, "Lossy Heap Blocks": 5090, "Plans": [{"Node Type": "Bitmap Index Scan", "Parent Relationship": "Outer", "Index Name": "keyword_id_movie_keyword", "Startup Cost": 0.0, "Total Cost": 4.5, "Plan Rows": 33, "Plan Width": 0, "Actual Startup Time": 2.26, "Actual Total Time": 2.26, "Actual Rows": 10544, "Actual Loops": 1, "Index Cond": "(keyword_id = k.id)"}]}]}, {"Node Type": "Bitmap Heap Scan", "Parent Relationship": "Inner", "Relation Name": "title", "Alias": "t", "Startup Cost": 0.27, "Total Cost": 4.28, "Plan Rows": 1, "Plan Width": 21, "Actual Startup Time": 59.935, "Actual Total Time": 59.935, "Actual Rows": 1, "Actual Loops": 10544, "Recheck Cond": "(id = mk.movie_id)", "Rows Removed by Index Recheck": 0, "Filter": "(((title)::text ~~ '%Money%'::text) AND (production_year = 1998))", "Rows Removed by Filter": 10543, "Exact Heap Blocks": 10544, "Lossy Heap Blocks": 10544, "Plans": [{"Node Type": "Bitmap Index Scan", "Parent Relationship": "Outer", "Index Name": "title_pkey", "Startup Cost": 0.0, "Total Cost": 0.27, "Plan Rows": 1, "Plan Width": 0, "Actual Startup Time": 30.49, "Actual Total Time": 30.49, "Actual Rows": 10544, "Actual Loops": 10544, "Index Cond": "(id = mk.movie_id)"}]}]}, {"Node Type": "Bitmap Heap Scan", "Parent Relationship": "Inner", "Relation Name": "movie_companies", "Alias": "mc", "Startup Cost": 0.27, "Total Cost": 4.3, "Plan Rows": 2, "Plan Width": 12, "Actual Startup Time": 0.027, "Actual Total Time": 0.028, "Actual Rows": 3, "Actual Loops": 1, "Recheck Cond": "(movie_id = mk.movie_id)", "Rows Removed by Index Recheck": 0, "Filter": "(note IS NULL)", "Rows Removed by Filter": 1, "Exact Heap Blocks": 2, "Lossy Heap Blocks": 2, "Plans": [{"Node Type": "Bitmap Index Scan", "Parent Relationship": "Outer", "Index Name": "movie_id_movie_companies", "Startup Cost": 0.0, "Total Cost": 0.27, "Plan Rows": 2, "Plan Width": 0, "Actual Startup Time": 0.012, "Actual Total Time": 0.012, "Actual Rows": 4, "Actual Loops": 1, "Index Cond": "(movie_id = mk.movie_id)"}]}]}, {"Node Type": "Bitmap Heap Scan", "Parent Relationship": "Inner", "Relation Name": "company_name", "Alias": "cn", "Startup Cost": 0.26, "Total Cost": 4.28, "Plan Rows": 1, "Plan Width": 23, "Actual Startup Time": 0.047, "Actual Total Time": 0.047, "Actual Rows": 2, "Actual Loops": 3, "Recheck Cond": "(id = mc.company_id)", "Rows Removed by Index Recheck": 0, "Filter": "(((country_code)::text <> '[pl]'::text) AND (((name)::text ~~ '%Film%'::text) OR ((name)::text ~~ '%Warner%'::text)))", "Rows Removed by Filter": 1, "Exact Heap Blocks": 3, "Lossy Heap Blocks": 3, "Plans": [{"Node Type": "Bitmap Index Scan", "Parent Relationship": "Outer", "Index Name": "company_name_pkey", "Startup Cost": 0.0, "Total Cost": 0.26, "Plan Rows": 1, "Plan Width": 0, "Actual Startup Time": 0.02, "Actual Total Time": 0.02, "Actual Rows": 3, "Actual Loops": 3, "Index Cond": "(id = mc.company_id)"}]}]}, {"Node Type": "Bitmap Heap Scan", "Parent Relationship": "Inner", "Relation Name": "company_type", "Alias": "ct", "Startup Cost": 0.26, "Total Cost": 4.27, "Plan Rows": 1, "Plan Width": 4, "Actual Startup Time": 0.015, "Actual Total Time": 0.015, "Actual Rows": 2, "Actual Loops": 2, "Recheck Cond": "(id = mc.company_type_id)", "Rows Removed by Index Recheck": 0, "Filter": "((kind)::text = 'production companies'::text)", "Rows Removed by Filter": 0, "Exact Heap Blocks": 2, "Lossy Heap Blocks": 2, "Plans": [{"Node Type": "Bitmap Index Scan", "Parent Relationship": "Outer", "Index Name": "company_type_pkey", "Startup Cost": 0.0, "Total Cost": 0.26, "Plan Rows": 1, "Plan Width": 0, "Actual Startup Time": 0.004, "Actual Total Time": 0.004, "Actual Rows": 2, "Actual Loops": 2, "Index Cond": "(id = mc.company_type_id)"}]}]}, {"Node Type": "Bitmap Heap Scan", "Parent Relationship": "Inner", "Relation Name": "movie_link", "Alias": "ml", "Startup Cost": 0.29, "Total Cost": 4.35, "Plan Rows": 5, "Plan Width": 8, "Actual Startup Time": 0.027, "Actual Total Time": 0.031, "Actual Rows": 38, "Actual Loops": 2, "Recheck Cond": "(movie_id = mk.movie_id)", "Rows Removed by Index Recheck": 0, "Exact Heap Blocks": 2, "Lossy Heap Blocks": 2, "Plans": [{"Node Type": "Bitmap Index Scan", "Parent Relationship": "Outer", "Index Name": "movie_id_movie_link", "Startup Cost": 0.0, "Total Cost": 0.29, "Plan Rows": 5, "Plan Width": 0, "Actual Startup Time": 0.013, "Actual Total Time": 0.013, "Actual Rows": 38, "Actual Loops": 2, "Index Cond": "(movie_id = mk.movie_id)"}]}]}, {"Node Type": "Bitmap Heap Scan", "Parent Relationship": "Inner", "Relation Name": "link_type", "Alias": "lt", "Startup Cost": 0.26, "Total Cost": 4.27, "Plan Rows": 1, "Plan Width": 16, "Actual Startup Time": 0.11, "Actual Total Time": 0.11, "Actual Rows": 0, "Actual Loops": 38, "Recheck Cond": "(id = ml.link_type_id)", "Rows Removed by Index Recheck": 0, "Filter": "((link)::text ~~ '%follows%'::text)", "Rows Removed by Filter": 24, "Exact Heap Blocks": 24, "Lossy Heap Blocks": 24, "Plans": [{"Node Type": "Bitmap Index Scan", "Parent Relationship": "Outer", "Index Name": "link_type_pkey", "Startup Cost": 0.0, "Total Cost": 0.26, "Plan Rows": 1, "Plan Width": 0, "Actual Startup Time": 0.037, "Actual Total Time": 0.037, "Actual Rows": 24, "Actual Loops": 38, "Index Cond": "(id = ml.link_type_id)"}]}]}]}, "Triggers": [], "Planner Runtime": 60.8, "Total Runtime": 153.166, "Unique SQL Id": 4121279504}}, "(16, 104)": {"explain_plan": {"Plan": {"Node Type": "Aggregate", "Strategy": "Plain", "Startup Cost": 2585.63, "Total Cost": 2585.64, "Plan Rows": 1, "Plan Width": 144, "Plans": [{"Node Type": "Nested Loop", "Parent Relationship": "Outer", "Join Type": "Inner", "Startup Cost": 0.0, "Total Cost": 2585.62, "Plan Rows": 1, "Plan Width": 48, "Inner Unique": true, "Plans": [{"Node Type": "Nested Loop", "Parent Relationship": "Outer", "Join Type": "Inner", "Startup Cost": 0.0, "Total Cost": 2585.34, "Plan Rows": 1, "Plan Width": 40, "Inner Unique": false, "Join Filter": "(t.id = ml.movie_id)", "Plans": [{"Node Type": "Nested Loop", "Parent Relationship": "Outer", "Join Type": "Inner", "Startup Cost": 0.0, "Total Cost": 2584.93, "Plan Rows": 1, "Plan Width": 48, "Inner Unique": true, "Plans": [{"Node Type": "Nested Loop", "Parent Relationship": "Outer", "Join Type": "Inner", "Startup Cost": 0.0, "Total Cost": 2584.64, "Plan Rows": 1, "Plan Width": 52, "Inner Unique": true, "Plans": [{"Node Type": "Nested Loop", "Parent Relationship": "Outer", "Join Type": "Inner", "Startup Cost": 0.0, "Total Cost": 2584.35, "Plan Rows": 1, "Plan Width": 37, "Inner Unique": false, "Join Filter": "(t.id = mc.movie_id)", "Plans": [{"Node Type": "Nested Loop", "Parent Relationship": "Outer", "Join Type": "Inner", "Startup Cost": 0.0, "Total Cost": 2584.01, "Plan Rows": 1, "Plan Width": 25, "Inner Unique": true, "Plans": [{"Node Type": "Nested Loop", "Parent Relationship": "Outer", "Join Type": "Inner", "Startup Cost": 0.0, "Total Cost": 2573.32, "Plan Rows": 33, "Plan Width": 4, "Inner Unique": false, "Plans": [{"Node Type": "Seq Scan", "Parent Relationship": "Outer", "Relation Name": "keyword", "Alias": "k", "Startup Cost": 0.0, "Total Cost": 2436.11, "Plan Rows": 1, "Plan Width": 4, "Filter": "((keyword)::text = 'sequel'::text)"}, {"Node Type": "Index Scan", "Parent Relationship": "Inner", "Scan Direction": "Forward", "Index Name": "keyword_id_movie_keyword", "Relation Name": "movie_keyword", "Alias": "mk", "Startup Cost": 0.0, "Total Cost": 136.88, "Plan Rows": 33, "Plan Width": 8, "Index Cond": "(keyword_id = k.id)"}]}, {"Node Type": "Index Scan", "Parent Relationship": "Inner", "Scan Direction": "Forward", "Index Name": "title_pkey", "Relation Name": "title", "Alias": "t", "Startup Cost": 0.0, "Total Cost": 0.31, "Plan Rows": 1, "Plan Width": 21, "Index Cond": "(id = mk.movie_id)", "Filter": "(((title)::text ~~ '%Money%'::text) AND (production_year = 1998))"}]}, {"Node Type": "Index Scan", "Parent Relationship": "Inner", "Scan Direction": "Forward", "Index Name": "movie_id_movie_companies", "Relation Name": "movie_companies", "Alias": "mc", "Startup Cost": 0.0, "Total Cost": 0.31, "Plan Rows": 2, "Plan Width": 12, "Index Cond": "(movie_id = mk.movie_id)", "Filter": "(note IS NULL)"}]}, {"Node Type": "Index Scan", "Parent Relationship": "Inner", "Scan Direction": "Forward", "Index Name": "company_name_pkey", "Relation Name": "company_name", "Alias": "cn", "Startup Cost": 0.0, "Total Cost": 0.29, "Plan Rows": 1, "Plan Width": 23, "Index Cond": "(id = mc.company_id)", "Filter": "(((country_code)::text <> '[pl]'::text) AND (((name)::text ~~ '%Film%'::text) OR ((name)::text ~~ '%Warner%'::text)))"}]}, {"Node Type": "Index Scan", "Parent Relationship": "Inner", "Scan Direction": "Forward", "Index Name": "company_type_pkey", "Relation Name": "company_type", "Alias": "ct", "Startup Cost": 0.0, "Total Cost": 0.27, "Plan Rows": 1, "Plan Width": 4, "Index Cond": "(id = mc.company_type_id)", "Filter": "((kind)::text = 'production companies'::text)"}]}, {"Node Type": "Index Scan", "Parent Relationship": "Inner", "Scan Direction": "Forward", "Index Name": "movie_id_movie_link", "Relation Name": "movie_link", "Alias": "ml", "Startup Cost": 0.0, "Total Cost": 0.35, "Plan Rows": 5, "Plan Width": 8, "Index Cond": "(movie_id = mk.movie_id)"}]}, {"Node Type": "Index Scan", "Parent Relationship": "Inner", "Scan Direction": "Forward", "Index Name": "link_type_pkey", "Relation Name": "link_type", "Alias": "lt", "Startup Cost": 0.0, "Total Cost": 0.27, "Plan Rows": 1, "Plan Width": 16, "Index Cond": "(id = ml.link_type_id)", "Filter": "((link)::text ~~ '%follows%'::text)"}]}]}, "Unique SQL Id": 4121279504}, "explain_analyze_plan": {"Plan": {"Node Type": "Aggregate", "Strategy": "Plain", "Startup Cost": 2585.63, "Total Cost": 2585.64, "Plan Rows": 1, "Plan Width": 144, "Actual Startup Time": 103.307, "Actual Total Time": 103.307, "Actual Rows": 1, "Actual Loops": 1, "Plans": [{"Node Type": "Nested Loop", "Parent Relationship": "Outer", "Join Type": "Inner", "Startup Cost": 0.0, "Total Cost": 2585.62, "Plan Rows": 1, "Plan Width": 48, "Actual Startup Time": 103.297, "Actual Total Time": 103.297, "Actual Rows": 0, "Actual Loops": 1, "Inner Unique": true, "Plans": [{"Node Type": "Nested Loop", "Parent Relationship": "Outer", "Join Type": "Inner", "Startup Cost": 0.0, "Total Cost": 2585.34, "Plan Rows": 1, "Plan Width": 40, "Actual Startup Time": 2.639, "Actual Total Time": 103.212, "Actual Rows": 38, "Actual Loops": 1, "Inner Unique": false, "Join Filter": "(t.id = ml.movie_id)", "Rows Removed by Join Filter": 0, "Plans": [{"Node Type": "Nested Loop", "Parent Relationship": "Outer", "Join Type": "Inner", "Startup Cost": 0.0, "Total Cost": 2584.93, "Plan Rows": 1, "Plan Width": 48, "Actual Startup Time": 2.628, "Actual Total Time": 103.169, "Actual Rows": 2, "Actual Loops": 1, "Inner Unique": true, "Plans": [{"Node Type": "Nested Loop", "Parent Relationship": "Outer", "Join Type": "Inner", "Startup Cost": 0.0, "Total Cost": 2584.64, "Plan Rows": 1, "Plan Width": 52, "Actual Startup Time": 2.62, "Actual Total Time": 103.156, "Actual Rows": 2, "Actual Loops": 1, "Inner Unique": true, "Plans": [{"Node Type": "Nested Loop", "Parent Relationship": "Outer", "Join Type": "Inner", "Startup Cost": 0.0, "Total Cost": 2584.35, "Plan Rows": 1, "Plan Width": 37, "Actual Startup Time": 2.606, "Actual Total Time": 103.125, "Actual Rows": 3, "Actual Loops": 1, "Inner Unique": false, "Join Filter": "(t.id = mc.movie_id)", "Rows Removed by Join Filter": 0, "Plans": [{"Node Type": "Nested Loop", "Parent Relationship": "Outer", "Join Type": "Inner", "Startup Cost": 0.0, "Total Cost": 2584.01, "Plan Rows": 1, "Plan Width": 25, "Actual Startup Time": 2.585, "Actual Total Time": 103.101, "Actual Rows": 1, "Actual Loops": 1, "Inner Unique": true, "Plans": [{"Node Type": "Nested Loop", "Parent Relationship": "Outer", "Join Type": "Inner", "Startup Cost": 0.0, "Total Cost": 2573.32, "Plan Rows": 33, "Plan Width": 4, "Actual Startup Time": 2.346, "Actual Total Time": 53.642, "Actual Rows": 10544, "Actual Loops": 1, "Inner Unique": false, "Plans": [{"Node Type": "Seq Scan", "Parent Relationship": "Outer", "Relation Name": "keyword", "Alias": "k", "Startup Cost": 0.0, "Total Cost": 2436.11, "Plan Rows": 1, "Plan Width": 4, "Actual Startup Time": 2.306, "Actual Total Time": 40.515, "Actual Rows": 1, "Actual Loops": 1, "Filter": "((keyword)::text = 'sequel'::text)", "Rows Removed by Filter": 134168}, {"Node Type": "Index Scan", "Parent Relationship": "Inner", "Scan Direction": "Forward", "Index Name": "keyword_id_movie_keyword", "Relation Name": "movie_keyword", "Alias": "mk", "Startup Cost": 0.0, "Total Cost": 136.88, "Plan Rows": 33, "Plan Width": 8, "Actual Startup Time": 0.034, "Actual Total Time": 10.877, "Actual Rows": 10544, "Actual Loops": 1, "Index Cond": "(keyword_id = k.id)", "Rows Removed by Index Recheck": 0}]}, {"Node Type": "Index Scan", "Parent Relationship": "Inner", "Scan Direction": "Forward", "Index Name": "title_pkey", "Relation Name": "title", "Alias": "t", "Startup Cost": 0.0, "Total Cost": 0.31, "Plan Rows": 1, "Plan Width": 21, "Actual Startup Time": 44.242, "Actual Total Time": 44.242, "Actual Rows": 1, "Actual Loops": 10544, "Index Cond": "(id = mk.movie_id)", "Rows Removed by Index Recheck": 0, "Filter": "(((title)::text ~~ '%Money%'::text) AND (production_year = 1998))", "Rows Removed by Filter": 10543}]}, {"Node Type": "Index Scan", "Parent Relationship": "Inner", "Scan Direction": "Forward", "Index Name": "movie_id_movie_companies", "Relation Name": "movie_companies", "Alias": "mc", "Startup Cost": 0.0, "Total Cost": 0.31, "Plan Rows": 2, "Plan Width": 12, "Actual Startup Time": 0.011, "Actual Total Time": 0.013, "Actual Rows": 3, "Actual Loops": 1, "Index Cond": "(movie_id = mk.movie_id)", "Rows Removed by Index Recheck": 0, "Filter": "(note IS NULL)", "Rows Removed by Filter": 1}]}, {"Node Type": "Index Scan", "Parent Relationship": "Inner", "Scan Direction": "Forward", "Index Name": "company_name_pkey", "Relation Name": "company_name", "Alias": "cn", "Startup Cost": 0.0, "Total Cost": 0.29, "Plan Rows": 1, "Plan Width": 23, "Actual Startup Time": 0.026, "Actual Total Time": 0.026, "Actual Rows": 2, "Actual Loops": 3, "Index Cond": "(id = mc.company_id)", "Rows Removed by Index Recheck": 0, "Filter": "(((country_code)::text <> '[pl]'::text) AND (((name)::text ~~ '%Film%'::text) OR ((name)::text ~~ '%Warner%'::text)))", "Rows Removed by Filter": 1}]}, {"Node Type": "Index Scan", "Parent Relationship": "Inner", "Scan Direction": "Forward", "Index Name": "company_type_pkey", "Relation Name": "company_type", "Alias": "ct", "Startup Cost": 0.0, "Total Cost": 0.27, "Plan Rows": 1, "Plan Width": 4, "Actual Startup Time": 0.008, "Actual Total Time": 0.008, "Actual Rows": 2, "Actual Loops": 2, "Index Cond": "(id = mc.company_type_id)", "Rows Removed by Index Recheck": 0, "Filter": "((kind)::text = 'production companies'::text)", "Rows Removed by Filter": 0}]}, {"Node Type": "Index Scan", "Parent Relationship": "Inner", "Scan Direction": "Forward", "Index Name": "movie_id_movie_link", "Relation Name": "movie_link", "Alias": "ml", "Startup Cost": 0.0, "Total Cost": 0.35, "Plan Rows": 5, "Plan Width": 8, "Actual Startup Time": 0.012, "Actual Total Time": 0.025, "Actual Rows": 38, "Actual Loops": 2, "Index Cond": "(movie_id = mk.movie_id)", "Rows Removed by Index Recheck": 0}]}, {"Node Type": "Index Scan", "Parent Relationship": "Inner", "Scan Direction": "Forward", "Index Name": "link_type_pkey", "Relation Name": "link_type", "Alias": "lt", "Startup Cost": 0.0, "Total Cost": 0.27, "Plan Rows": 1, "Plan Width": 16, "Actual Startup Time": 0.065, "Actual Total Time": 0.065, "Actual Rows": 0, "Actual Loops": 38, "Index Cond": "(id = ml.link_type_id)", "Rows Removed by Index Recheck": 0, "Filter": "((link)::text ~~ '%follows%'::text)", "Rows Removed by Filter": 24}]}]}, "Triggers": [], "Planner Runtime": 83.831, "Total Runtime": 103.68, "Unique SQL Id": 4121279504}}, "(16, 105)": {"explain_plan": {"Plan": {"Node Type": "Aggregate", "Strategy": "Plain", "Startup Cost": 3332.23, "Total Cost": 3332.24, "Plan Rows": 1, "Plan Width": 144, "Plans": [{"Node Type": "Nested Loop", "Parent Relationship": "Outer", "Join Type": "Inner", "Startup Cost": 0.0, "Total Cost": 3332.23, "Plan Rows": 1, "Plan Width": 48, "Inner Unique": true, "Plans": [{"Node Type": "Nested Loop", "Parent Relationship": "Outer", "Join Type": "Inner", "Startup Cost": 0.0, "Total Cost": 3331.94, "Plan Rows": 1, "Plan Width": 40, "Inner Unique": false, "Join Filter": "(t.id = ml.movie_id)", "Plans": [{"Node Type": "Nested Loop", "Parent Relationship": "Outer", "Join Type": "Inner", "Startup Cost": 0.0, "Total Cost": 3331.53, "Plan Rows": 1, "Plan Width": 48, "Inner Unique": true, "Plans": [{"Node Type": "Nested Loop", "Parent Relationship": "Outer", "Join Type": "Inner", "Startup Cost": 0.0, "Total Cost": 3331.25, "Plan Rows": 1, "Plan Width": 52, "Inner Unique": true, "Plans": [{"Node Type": "Nested Loop", "Parent Relationship": "Outer", "Join Type": "Inner", "Startup Cost": 0.0, "Total Cost": 3330.95, "Plan Rows": 1, "Plan Width": 37, "Inner Unique": false, "Join Filter": "(t.id = mc.movie_id)", "Plans": [{"Node Type": "Nested Loop", "Parent Relationship": "Outer", "Join Type": "Inner", "Startup Cost": 0.0, "Total Cost": 3330.61, "Plan Rows": 1, "Plan Width": 25, "Inner Unique": true, "Plans": [{"Node Type": "Nested Loop", "Parent Relationship": "Outer", "Join Type": "Inner", "Startup Cost": 0.0, "Total Cost": 3319.92, "Plan Rows": 33, "Plan Width": 4, "Inner Unique": false, "Plans": [{"Node Type": "Index Scan", "Parent Relationship": "Outer", "Scan Direction": "Forward", "Index Name": "keyword_pkey", "Relation Name": "keyword", "Alias": "k", "Startup Cost": 0.0, "Total Cost": 3182.72, "Plan Rows": 1, "Plan Width": 4, "Filter": "((keyword)::text = 'sequel'::text)"}, {"Node Type": "Index Scan", "Parent Relationship": "Inner", "Scan Direction": "Forward", "Index Name": "keyword_id_movie_keyword", "Relation Name": "movie_keyword", "Alias": "mk", "Startup Cost": 0.0, "Total Cost": 136.88, "Plan Rows": 33, "Plan Width": 8, "Index Cond": "(keyword_id = k.id)"}]}, {"Node Type": "Index Scan", "Parent Relationship": "Inner", "Scan Direction": "Forward", "Index Name": "title_pkey", "Relation Name": "title", "Alias": "t", "Startup Cost": 0.0, "Total Cost": 0.31, "Plan Rows": 1, "Plan Width": 21, "Index Cond": "(id = mk.movie_id)", "Filter": "(((title)::text ~~ '%Money%'::text) AND (production_year = 1998))"}]}, {"Node Type": "Index Scan", "Parent Relationship": "Inner", "Scan Direction": "Forward", "Index Name": "movie_id_movie_companies", "Relation Name": "movie_companies", "Alias": "mc", "Startup Cost": 0.0, "Total Cost": 0.31, "Plan Rows": 2, "Plan Width": 12, "Index Cond": "(movie_id = mk.movie_id)", "Filter": "(note IS NULL)"}]}, {"Node Type": "Index Scan", "Parent Relationship": "Inner", "Scan Direction": "Forward", "Index Name": "company_name_pkey", "Relation Name": "company_name", "Alias": "cn", "Startup Cost": 0.0, "Total Cost": 0.29, "Plan Rows": 1, "Plan Width": 23, "Index Cond": "(id = mc.company_id)", "Filter": "(((country_code)::text <> '[pl]'::text) AND (((name)::text ~~ '%Film%'::text) OR ((name)::text ~~ '%Warner%'::text)))"}]}, {"Node Type": "Index Scan", "Parent Relationship": "Inner", "Scan Direction": "Forward", "Index Name": "company_type_pkey", "Relation Name": "company_type", "Alias": "ct", "Startup Cost": 0.0, "Total Cost": 0.27, "Plan Rows": 1, "Plan Width": 4, "Index Cond": "(id = mc.company_type_id)", "Filter": "((kind)::text = 'production companies'::text)"}]}, {"Node Type": "Index Scan", "Parent Relationship": "Inner", "Scan Direction": "Forward", "Index Name": "movie_id_movie_link", "Relation Name": "movie_link", "Alias": "ml", "Startup Cost": 0.0, "Total Cost": 0.35, "Plan Rows": 5, "Plan Width": 8, "Index Cond": "(movie_id = mk.movie_id)"}]}, {"Node Type": "Index Scan", "Parent Relationship": "Inner", "Scan Direction": "Forward", "Index Name": "link_type_pkey", "Relation Name": "link_type", "Alias": "lt", "Startup Cost": 0.0, "Total Cost": 0.27, "Plan Rows": 1, "Plan Width": 16, "Index Cond": "(id = ml.link_type_id)", "Filter": "((link)::text ~~ '%follows%'::text)"}]}]}, "Unique SQL Id": 4121279504}, "explain_analyze_plan": {"Plan": {"Node Type": "Aggregate", "Strategy": "Plain", "Startup Cost": 3332.23, "Total Cost": 3332.24, "Plan Rows": 1, "Plan Width": 144, "Actual Startup Time": 178.629, "Actual Total Time": 178.63, "Actual Rows": 1, "Actual Loops": 1, "Plans": [{"Node Type": "Nested Loop", "Parent Relationship": "Outer", "Join Type": "Inner", "Startup Cost": 0.0, "Total Cost": 3332.23, "Plan Rows": 1, "Plan Width": 48, "Actual Startup Time": 178.619, "Actual Total Time": 178.619, "Actual Rows": 0, "Actual Loops": 1, "Inner Unique": true, "Plans": [{"Node Type": "Nested Loop", "Parent Relationship": "Outer", "Join Type": "Inner", "Startup Cost": 0.0, "Total Cost": 3331.94, "Plan Rows": 1, "Plan Width": 40, "Actual Startup Time": 0.759, "Actual Total Time": 178.535, "Actual Rows": 38, "Actual Loops": 1, "Inner Unique": false, "Join Filter": "(t.id = ml.movie_id)", "Rows Removed by Join Filter": 0, "Plans": [{"Node Type": "Nested Loop", "Parent Relationship": "Outer", "Join Type": "Inner", "Startup Cost": 0.0, "Total Cost": 3331.53, "Plan Rows": 1, "Plan Width": 48, "Actual Startup Time": 0.75, "Actual Total Time": 178.493, "Actual Rows": 2, "Actual Loops": 1, "Inner Unique": true, "Plans": [{"Node Type": "Nested Loop", "Parent Relationship": "Outer", "Join Type": "Inner", "Startup Cost": 0.0, "Total Cost": 3331.25, "Plan Rows": 1, "Plan Width": 52, "Actual Startup Time": 0.743, "Actual Total Time": 178.481, "Actual Rows": 2, "Actual Loops": 1, "Inner Unique": true, "Plans": [{"Node Type": "Nested Loop", "Parent Relationship": "Outer", "Join Type": "Inner", "Startup Cost": 0.0, "Total Cost": 3330.95, "Plan Rows": 1, "Plan Width": 37, "Actual Startup Time": 0.723, "Actual Total Time": 178.447, "Actual Rows": 3, "Actual Loops": 1, "Inner Unique": false, "Join Filter": "(t.id = mc.movie_id)", "Rows Removed by Join Filter": 0, "Plans": [{"Node Type": "Nested Loop", "Parent Relationship": "Outer", "Join Type": "Inner", "Startup Cost": 0.0, "Total Cost": 3330.61, "Plan Rows": 1, "Plan Width": 25, "Actual Startup Time": 0.709, "Actual Total Time": 178.428, "Actual Rows": 1, "Actual Loops": 1, "Inner Unique": true, "Plans": [{"Node Type": "Nested Loop", "Parent Relationship": "Outer", "Join Type": "Inner", "Startup Cost": 0.0, "Total Cost": 3319.92, "Plan Rows": 33, "Plan Width": 4, "Actual Startup Time": 0.479, "Actual Total Time": 127.522, "Actual Rows": 10544, "Actual Loops": 1, "Inner Unique": false, "Plans": [{"Node Type": "Index Scan", "Parent Relationship": "Outer", "Scan Direction": "Forward", "Index Name": "keyword_pkey", "Relation Name": "keyword", "Alias": "k", "Startup Cost": 0.0, "Total Cost": 3182.72, "Plan Rows": 1, "Plan Width": 4, "Actual Startup Time": 0.446, "Actual Total Time": 114.274, "Actual Rows": 1, "Actual Loops": 1, "Filter": "((keyword)::text = 'sequel'::text)", "Rows Removed by Filter": 134168}, {"Node Type": "Index Scan", "Parent Relationship": "Inner", "Scan Direction": "Forward", "Index Name": "keyword_id_movie_keyword", "Relation Name": "movie_keyword", "Alias": "mk", "Startup Cost": 0.0, "Total Cost": 136.88, "Plan Rows": 33, "Plan Width": 8, "Actual Startup Time": 0.026, "Actual Total Time": 10.894, "Actual Rows": 10544, "Actual Loops": 1, "Index Cond": "(keyword_id = k.id)", "Rows Removed by Index Recheck": 0}]}, {"Node Type": "Index Scan", "Parent Relationship": "Inner", "Scan Direction": "Forward", "Index Name": "title_pkey", "Relation Name": "title", "Alias": "t", "Startup Cost": 0.0, "Total Cost": 0.31, "Plan Rows": 1, "Plan Width": 21, "Actual Startup Time": 45.684, "Actual Total Time": 45.684, "Actual Rows": 1, "Actual Loops": 10544, "Index Cond": "(id = mk.movie_id)", "Rows Removed by Index Recheck": 0, "Filter": "(((title)::text ~~ '%Money%'::text) AND (production_year = 1998))", "Rows Removed by Filter": 10543}]}, {"Node Type": "Index Scan", "Parent Relationship": "Inner", "Scan Direction": "Forward", "Index Name": "movie_id_movie_companies", "Relation Name": "movie_companies", "Alias": "mc", "Startup Cost": 0.0, "Total Cost": 0.31, "Plan Rows": 2, "Plan Width": 12, "Actual Startup Time": 0.011, "Actual Total Time": 0.012, "Actual Rows": 3, "Actual Loops": 1, "Index Cond": "(movie_id = mk.movie_id)", "Rows Removed by Index Recheck": 0, "Filter": "(note IS NULL)", "Rows Removed by Filter": 1}]}, {"Node Type": "Index Scan", "Parent Relationship": "Inner", "Scan Direction": "Forward", "Index Name": "company_name_pkey", "Relation Name": "company_name", "Alias": "cn", "Startup Cost": 0.0, "Total Cost": 0.29, "Plan Rows": 1, "Plan Width": 23, "Actual Startup Time": 0.031, "Actual Total Time": 0.031, "Actual Rows": 2, "Actual Loops": 3, "Index Cond": "(id = mc.company_id)", "Rows Removed by Index Recheck": 0, "Filter": "(((country_code)::text <> '[pl]'::text) AND (((name)::text ~~ '%Film%'::text) OR ((name)::text ~~ '%Warner%'::text)))", "Rows Removed by Filter": 1}]}, {"Node Type": "Index Scan", "Parent Relationship": "Inner", "Scan Direction": "Forward", "Index Name": "company_type_pkey", "Relation Name": "company_type", "Alias": "ct", "Startup Cost": 0.0, "Total Cost": 0.27, "Plan Rows": 1, "Plan Width": 4, "Actual Startup Time": 0.007, "Actual Total Time": 0.007, "Actual Rows": 2, "Actual Loops": 2, "Index Cond": "(id = mc.company_type_id)", "Rows Removed by Index Recheck": 0, "Filter": "((kind)::text = 'production companies'::text)", "Rows Removed by Filter": 0}]}, {"Node Type": "Index Scan", "Parent Relationship": "Inner", "Scan Direction": "Forward", "Index Name": "movie_id_movie_link", "Relation Name": "movie_link", "Alias": "ml", "Startup Cost": 0.0, "Total Cost": 0.35, "Plan Rows": 5, "Plan Width": 8, "Actual Startup Time": 0.011, "Actual Total Time": 0.023, "Actual Rows": 38, "Actual Loops": 2, "Index Cond": "(movie_id = mk.movie_id)", "Rows Removed by Index Recheck": 0}]}, {"Node Type": "Index Scan", "Parent Relationship": "Inner", "Scan Direction": "Forward", "Index Name": "link_type_pkey", "Relation Name": "link_type", "Alias": "lt", "Startup Cost": 0.0, "Total Cost": 0.27, "Plan Rows": 1, "Plan Width": 16, "Actual Startup Time": 0.062, "Actual Total Time": 0.062, "Actual Rows": 0, "Actual Loops": 38, "Index Cond": "(id = ml.link_type_id)", "Rows Removed by Index Recheck": 0, "Filter": "((link)::text ~~ '%follows%'::text)", "Rows Removed by Filter": 24}]}]}, "Triggers": [], "Planner Runtime": 72.754, "Total Runtime": 179.024, "Unique SQL Id": 4121279504}}, "(16, 106)": {"explain_plan": {"Plan": {"Node Type": "Aggregate", "Strategy": "Plain", "Startup Cost": 98506.76, "Total Cost": 98506.77, "Plan Rows": 1, "Plan Width": 144, "Plans": [{"Node Type": "Hash Join", "Parent Relationship": "Outer", "Join Type": "Inner", "Startup Cost": 63894.21, "Total Cost": 98506.75, "Plan Rows": 1, "Plan Width": 48, "Inner Unique": true, "Hash Cond": "(mc.company_type_id = ct.id)", "Plans": [{"Node Type": "Hash Join", "Parent Relationship": "Outer", "Join Type": "Inner", "Startup Cost": 63893.16, "Total Cost": 98505.69, "Plan Rows": 1, "Plan Width": 52, "Inner Unique": true, "Hash Cond": "(mc.company_id = cn.id)", "Plans": [{"Node Type": "Streaming(type: LOCAL GATHER dop: 1/16)", "Parent Relationship": "Outer", "Startup Cost": 56094.74, "Total Cost": 90707.25, "Plan Rows": 1, "Plan Width": 37, "Plans": [{"Node Type": "Hash Join", "Parent Relationship": "Outer", "Join Type": "Inner", "Startup Cost": 56094.74, "Total Cost": 90707.23, "Plan Rows": 1, "Plan Width": 37, "Inner Unique": false, "Hash Cond": "(ml.movie_id = mc.movie_id)", "Plans": [{"Node Type": "Streaming(type: BROADCAST dop: 16/1)", "Parent Relationship": "Outer", "Startup Cost": 37489.38, "Total Cost": 72101.84, "Plan Rows": 16, "Plan Width": 41, "Plans": [{"Node Type": "Hash Join", "Parent Relationship": "Outer", "Join Type": "Inner", "Startup Cost": 37489.38, "Total Cost": 57101.49, "Plan Rows": 1, "Plan Width": 41, "Inner Unique": true, "Hash Cond": "(ml.link_type_id = lt.id)", "Plans": [{"Node Type": "Hash Join", "Parent Relationship": "Outer", "Join Type": "Inner", "Startup Cost": 37488.15, "Total Cost": 57100.25, "Plan Rows": 3, "Plan Width": 33, "Inner Unique": false, "Hash Cond": "(mk.movie_id = ml.movie_id)", "Plans": [{"Node Type": "Streaming(type: LOCAL GATHER dop: 1/16)", "Parent Relationship": "Outer", "Startup Cost": 17436.47, "Total Cost": 37048.41, "Plan Rows": 33, "Plan Width": 4, "Plans": [{"Node Type": "Hash Join", "Parent Relationship": "Outer", "Join Type": "Inner", "Startup Cost": 17436.47, "Total Cost": 37047.7, "Plan Rows": 33, "Plan Width": 4, "Inner Unique": true, "Hash Cond": "(mk.keyword_id = k.id)", "Plans": [{"Node Type": "Seq Scan", "Parent Relationship": "Outer", "Relation Name": "movie_keyword", "Alias": "mk", "Startup Cost": 0.0, "Total Cost": 18902.58, "Plan Rows": 4523929, "Plan Width": 8}, {"Node Type": "Hash", "Parent Relationship": "Inner", "Startup Cost": 17436.46, "Total Cost": 17436.46, "Plan Rows": 16, "Plan Width": 4, "Plans": [{"Node Type": "Streaming(type: BROADCAST dop: 16/1)", "Parent Relationship": "Outer", "Startup Cost": 0.0, "Total Cost": 17436.46, "Plan Rows": 16, "Plan Width": 4, "Plans": [{"Node Type": "Seq Scan", "Parent Relationship": "Outer", "Relation Name": "keyword", "Alias": "k", "Startup Cost": 0.0, "Total Cost": 2436.11, "Plan Rows": 1, "Plan Width": 4, "Filter": "((keyword)::text = 'sequel'::text)"}]}]}]}]}, {"Node Type": "Hash", "Parent Relationship": "Inner", "Startup Cost": 20051.44, "Total Cost": 20051.44, "Plan Rows": 19, "Plan Width": 29, "Plans": [{"Node Type": "Hash Join", "Parent Relationship": "Outer", "Join Type": "Inner", "Startup Cost": 19544.55, "Total Cost": 20051.44, "Plan Rows": 19, "Plan Width": 29, "Inner Unique": true, "Hash Cond": "(ml.movie_id = t.id)", "Plans": [{"Node Type": "Seq Scan", "Parent Relationship": "Outer", "Relation Name": "movie_link", "Alias": "ml", "Startup Cost": 0.0, "Total Cost": 430.96, "Plan Rows": 29996, "Plan Width": 8}, {"Node Type": "Hash", "Parent Relationship": "Inner", "Startup Cost": 19544.5, "Total Cost": 19544.5, "Plan Rows": 4, "Plan Width": 21, "Plans": [{"Node Type": "Streaming(type: LOCAL GATHER dop: 1/16)", "Parent Relationship": "Outer", "Startup Cost": 0.0, "Total Cost": 19544.5, "Plan Rows": 4, "Plan Width": 21, "Plans": [{"Node Type": "Seq Scan", "Parent Relationship": "Outer", "Relation Name": "title", "Alias": "t", "Startup Cost": 0.0, "Total Cost": 19544.42, "Plan Rows": 4, "Plan Width": 21, "Filter": "(((title)::text ~~ '%Money%'::text) AND (production_year = 1998))"}]}]}]}]}]}, {"Node Type": "Hash", "Parent Relationship": "Inner", "Startup Cost": 1.21, "Total Cost": 1.21, "Plan Rows": 1, "Plan Width": 16, "Plans": [{"Node Type": "Seq Scan", "Parent Relationship": "Outer", "Relation Name": "link_type", "Alias": "lt", "Startup Cost": 0.0, "Total Cost": 1.21, "Plan Rows": 1, "Plan Width": 16, "Filter": "((link)::text ~~ '%follows%'::text)"}]}]}]}, {"Node Type": "Hash", "Parent Relationship": "Inner", "Startup Cost": 17613.58, "Total Cost": 17613.58, "Plan Rows": 1269486, "Plan Width": 12, "Plans": [{"Node Type": "Seq Scan", "Parent Relationship": "Outer", "Relation Name": "movie_companies", "Alias": "mc", "Startup Cost": 0.0, "Total Cost": 17613.58, "Plan Rows": 1269486, "Plan Width": 12, "Filter": "(note IS NULL), (LLVM Optimized)"}]}]}]}, {"Node Type": "Hash", "Parent Relationship": "Inner", "Startup Cost": 7078.43, "Total Cost": 7078.43, "Plan Rows": 57599, "Plan Width": 23, "Plans": [{"Node Type": "Seq Scan", "Parent Relationship": "Outer", "Relation Name": "company_name", "Alias": "cn", "Startup Cost": 0.0, "Total Cost": 7078.43, "Plan Rows": 57599, "Plan Width": 23, "Filter": "(((country_code)::text <> '[pl]'::text) AND (((name)::text ~~ '%Film%'::text) OR ((name)::text ~~ '%Warner%'::text)))"}]}]}, {"Node Type": "Hash", "Parent Relationship": "Inner", "Startup Cost": 1.04, "Total Cost": 1.04, "Plan Rows": 1, "Plan Width": 4, "Plans": [{"Node Type": "Seq Scan", "Parent Relationship": "Outer", "Relation Name": "company_type", "Alias": "ct", "Startup Cost": 0.0, "Total Cost": 1.04, "Plan Rows": 1, "Plan Width": 4, "Filter": "((kind)::text = 'production companies'::text)"}]}]}]}, "Unique SQL Id": 4121279504}, "explain_analyze_plan": {"Plan": {"Node Type": "Aggregate", "Strategy": "Plain", "Startup Cost": 98506.76, "Total Cost": 98506.77, "Plan Rows": 1, "Plan Width": 144, "Actual Min Startup Time": 180.854, "Actual Max Startup Time": 180.854, "Actual Min Total Time": 180.855, "Actual Max Total Time": 180.855, "Actual Total Rows": 1, "Plans": [{"Node Type": "Hash Join", "Parent Relationship": "Outer", "Join Type": "Inner", "Startup Cost": 63894.21, "Total Cost": 98506.75, "Plan Rows": 1, "Plan Width": 48, "Actual Min Startup Time": 180.843, "Actual Max Startup Time": 180.843, "Actual Min Total Time": 180.843, "Actual Max Total Time": 180.843, "Actual Total Rows": 0, "Inner Unique": true, "Hash Cond": "(mc.company_type_id = ct.id)", "Plans": [{"Node Type": "Hash Join", "Parent Relationship": "Outer", "Join Type": "Inner", "Startup Cost": 63893.16, "Total Cost": 98505.69, "Plan Rows": 1, "Plan Width": 52, "Actual Min Startup Time": 180.601, "Actual Max Startup Time": 180.601, "Actual Min Total Time": 180.601, "Actual Max Total Time": 180.601, "Actual Total Rows": 0, "Inner Unique": true, "Hash Cond": "(mc.company_id = cn.id)", "Plans": [{"Node Type": "Streaming(type: LOCAL GATHER dop: 1/16)", "Parent Relationship": "Outer", "Startup Cost": 56094.74, "Total Cost": 90707.25, "Plan Rows": 1, "Plan Width": 37, "Actual Min Startup Time": 0.029, "Actual Max Startup Time": 0.029, "Actual Min Total Time": 0.029, "Actual Max Total Time": 0.029, "Actual Total Rows": 0, "Plans": [{"Node Type": "Hash Join", "Parent Relationship": "Outer", "Join Type": "Inner", "Startup Cost": 56094.74, "Total Cost": 90707.23, "Plan Rows": 1, "Plan Width": 37, "Actual Min Startup Time": 58.496, "Actual Max Startup Time": 73.277, "Actual Min Total Time": 58.496, "Actual Max Total Time": 73.277, "Actual Total Rows": 0, "Inner Unique": false, "Hash Cond": "(ml.movie_id = mc.movie_id)", "Plans": [{"Node Type": "Streaming(type: BROADCAST dop: 16/1)", "Parent Relationship": "Outer", "Startup Cost": 37489.38, "Total Cost": 72101.84, "Plan Rows": 16, "Plan Width": 41, "Actual Min Startup Time": 0.003, "Actual Max Startup Time": 0.008, "Actual Min Total Time": 0.003, "Actual Max Total Time": 0.008, "Actual Total Rows": 0, "Plans": [{"Node Type": "Hash Join", "Parent Relationship": "Outer", "Join Type": "Inner", "Startup Cost": 37489.38, "Total Cost": 57101.49, "Plan Rows": 1, "Plan Width": 41, "Actual Min Startup Time": 0.107, "Actual Max Startup Time": 0.107, "Actual Min Total Time": 0.107, "Actual Max Total Time": 0.107, "Actual Total Rows": 0, "Inner Unique": true, "Hash Cond": "(ml.link_type_id = lt.id)", "Plans": [{"Node Type": "Hash Join", "Parent Relationship": "Outer", "Join Type": "Inner", "Startup Cost": 37488.15, "Total Cost": 57100.25, "Plan Rows": 3, "Plan Width": 33, "Actual Startup Time": 0.0, "Actual Total Time": 0.0, "Inner Unique": false, "Hash Cond": "(mk.movie_id = ml.movie_id)", "Plans": [{"Node Type": "Streaming(type: LOCAL GATHER dop: 1/16)", "Parent Relationship": "Outer", "Startup Cost": 17436.47, "Total Cost": 37048.41, "Plan Rows": 33, "Plan Width": 4, "Actual Startup Time": 0.0, "Actual Total Time": 0.0, "Plans": [{"Node Type": "Hash Join", "Parent Relationship": "Outer", "Join Type": "Inner", "Startup Cost": 17436.47, "Total Cost": 37047.7, "Plan Rows": 33, "Plan Width": 4, "Actual Min Startup Time": 39.452, "Actual Max Startup Time": 61.641, "Actual Min Total Time": 39.452, "Actual Max Total Time": 61.641, "Actual Total Rows": 16, "Inner Unique": true, "Hash Cond": "(mk.keyword_id = k.id)", "Plans": [{"Node Type": "Seq Scan", "Parent Relationship": "Outer", "Relation Name": "movie_keyword", "Alias": "mk", "Startup Cost": 0.0, "Total Cost": 18902.58, "Plan Rows": 4523929, "Plan Width": 8, "Actual Min Startup Time": 0.053, "Actual Max Startup Time": 0.076, "Actual Min Total Time": 0.063, "Actual Max Total Time": 6.195, "Actual Total Rows": 91562}, {"Node Type": "Hash", "Parent Relationship": "Inner", "Startup Cost": 17436.46, "Total Cost": 17436.46, "Plan Rows": 16, "Plan Width": 4, "Actual Min Startup Time": 38.945, "Actual Max Startup Time": 60.674, "Actual Min Total Time": 38.945, "Actual Max Total Time": 60.674, "Actual Total Rows": 16, "Max Hash Buckets": 32768, "Min Hash Buckets": 32768, "Max Hash Batches": 1, "Min Hash Batches": 1, "Max Original Hash Batches": 1, "Min Original Hash Batches": 1, "Max Peak Memory Usage": 1, "min Peak Memory Usage": 1, "Plans": [{"Node Type": "Streaming(type: BROADCAST dop: 16/1)", "Parent Relationship": "Outer", "Startup Cost": 0.0, "Total Cost": 17436.46, "Plan Rows": 16, "Plan Width": 4, "Actual Min Startup Time": 38.931, "Actual Max Startup Time": 60.664, "Actual Min Total Time": 38.932, "Actual Max Total Time": 60.665, "Actual Total Rows": 16, "Plans": [{"Node Type": "Seq Scan", "Parent Relationship": "Outer", "Relation Name": "keyword", "Alias": "k", "Startup Cost": 0.0, "Total Cost": 2436.11, "Plan Rows": 1, "Plan Width": 4, "Actual Min Startup Time": 2.418, "Actual Max Startup Time": 2.418, "Actual Min Total Time": 41.255, "Actual Max Total Time": 41.255, "Actual Total Rows": 1, "Filter": "((keyword)::text = 'sequel'::text)", "Rows Removed by Filter": 134168}]}]}]}]}, {"Node Type": "Hash", "Parent Relationship": "Inner", "Startup Cost": 20051.44, "Total Cost": 20051.44, "Plan Rows": 19, "Plan Width": 29, "Actual Startup Time": 0.0, "Actual Total Time": 0.0, "Max Hash Buckets": 0, "Min Hash Buckets": 0, "Max Hash Batches": 0, "Min Hash Batches": 0, "Max Original Hash Batches": 0, "Min Original Hash Batches": 0, "Max Peak Memory Usage": 0, "min Peak Memory Usage": 0, "Plans": [{"Node Type": "Hash Join", "Parent Relationship": "Outer", "Join Type": "Inner", "Startup Cost": 19544.55, "Total Cost": 20051.44, "Plan Rows": 19, "Plan Width": 29, "Actual Startup Time": 0.0, "Actual Total Time": 0.0, "Inner Unique": true, "Hash Cond": "(ml.movie_id = t.id)", "Plans": [{"Node Type": "Seq Scan", "Parent Relationship": "Outer", "Relation Name": "movie_link", "Alias": "ml", "Startup Cost": 0.0, "Total Cost": 430.96, "Plan Rows": 29996, "Plan Width": 8, "Actual Startup Time": 0.0, "Actual Total Time": 0.0}, {"Node Type": "Hash", "Parent Relationship": "Inner", "Startup Cost": 19544.5, "Total Cost": 19544.5, "Plan Rows": 4, "Plan Width": 21, "Actual Startup Time": 0.0, "Actual Total Time": 0.0, "Max Hash Buckets": 0, "Min Hash Buckets": 0, "Max Hash Batches": 0, "Min Hash Batches": 0, "Max Original Hash Batches": 0, "Min Original Hash Batches": 0, "Max Peak Memory Usage": 0, "min Peak Memory Usage": 0, "Plans": [{"Node Type": "Streaming(type: LOCAL GATHER dop: 1/16)", "Parent Relationship": "Outer", "Startup Cost": 0.0, "Total Cost": 19544.5, "Plan Rows": 4, "Plan Width": 21, "Actual Startup Time": 0.0, "Actual Total Time": 0.0, "Plans": [{"Node Type": "Seq Scan", "Parent Relationship": "Outer", "Relation Name": "title", "Alias": "t", "Startup Cost": 0.0, "Total Cost": 19544.42, "Plan Rows": 4, "Plan Width": 21, "Actual Min Startup Time": 1.458, "Actual Max Startup Time": 64.188, "Actual Min Total Time": 8.373, "Actual Max Total Time": 64.188, "Actual Total Rows": 16, "Filter": "(((title)::text ~~ '%Money%'::text) AND (production_year = 1998))", "Rows Removed by Filter": 1196505}]}]}]}]}]}, {"Node Type": "Hash", "Parent Relationship": "Inner", "Startup Cost": 1.21, "Total Cost": 1.21, "Plan Rows": 1, "Plan Width": 16, "Actual Min Startup Time": 0.039, "Actual Max Startup Time": 0.039, "Actual Min Total Time": 0.039, "Actual Max Total Time": 0.039, "Actual Total Rows": 0, "Max Hash Buckets": 32768, "Min Hash Buckets": 32768, "Max Hash Batches": 1, "Min Hash Batches": 1, "Max Original Hash Batches": 1, "Min Original Hash Batches": 1, "Max Peak Memory Usage": 0, "min Peak Memory Usage": 0, "Plans": [{"Node Type": "Seq Scan", "Parent Relationship": "Outer", "Relation Name": "link_type", "Alias": "lt", "Startup Cost": 0.0, "Total Cost": 1.21, "Plan Rows": 1, "Plan Width": 16, "Actual Min Startup Time": 0.036, "Actual Max Startup Time": 0.036, "Actual Min Total Time": 0.036, "Actual Max Total Time": 0.036, "Actual Total Rows": 0, "Filter": "((link)::text ~~ '%follows%'::text)", "Rows Removed by Filter": 17}]}]}]}, {"Node Type": "Hash", "Parent Relationship": "Inner", "Startup Cost": 17613.58, "Total Cost": 17613.58, "Plan Rows": 1269486, "Plan Width": 12, "Actual Min Startup Time": 58.363, "Actual Max Startup Time": 73.139, "Actual Min Total Time": 58.363, "Actual Max Total Time": 73.139, "Actual Total Rows": 1271989, "Max Hash Buckets": 131072, "Min Hash Buckets": 131072, "Max Hash Batches": 1, "Min Hash Batches": 1, "Max Original Hash Batches": 1, "Min Original Hash Batches": 1, "Max Peak Memory Usage": 3560, "min Peak Memory Usage": 3560, "Plans": [{"Node Type": "Seq Scan", "Parent Relationship": "Outer", "Relation Name": "movie_companies", "Alias": "mc", "Startup Cost": 0.0, "Total Cost": 17613.58, "Plan Rows": 1269486, "Plan Width": 12, "Actual Min Startup Time": 0.026, "Actual Max Startup Time": 0.14, "Actual Min Total Time": 40.995, "Actual Max Total Time": 50.611, "Actual Total Rows": 1271989, "Filter": "(note IS NULL), (LLVM Optimized)", "Rows Removed by Filter": 1337139}]}]}]}, {"Node Type": "Hash", "Parent Relationship": "Inner", "Startup Cost": 7078.43, "Total Cost": 7078.43, "Plan Rows": 57599, "Plan Width": 23, "Actual Min Startup Time": 180.511, "Actual Max Startup Time": 180.511, "Actual Min Total Time": 180.511, "Actual Max Total Time": 180.511, "Actual Total Rows": 48302, "Max Hash Buckets": 65536, "Min Hash Buckets": 65536, "Max Hash Batches": 1, "Min Hash Batches": 1, "Max Original Hash Batches": 1, "Min Original Hash Batches": 1, "Max Peak Memory Usage": 2625, "min Peak Memory Usage": 2625, "Plans": [{"Node Type": "Seq Scan", "Parent Relationship": "Outer", "Relation Name": "company_name", "Alias": "cn", "Startup Cost": 0.0, "Total Cost": 7078.43, "Plan Rows": 57599, "Plan Width": 23, "Actual Min Startup Time": 0.036, "Actual Max Startup Time": 0.036, "Actual Min Total Time": 164.519, "Actual Max Total Time": 164.519, "Actual Total Rows": 48302, "Filter": "(((country_code)::text <> '[pl]'::text) AND (((name)::text ~~ '%Film%'::text) OR ((name)::text ~~ '%Warner%'::text)))", "Rows Removed by Filter": 186694}]}]}, {"Node Type": "Hash", "Parent Relationship": "Inner", "Startup Cost": 1.04, "Total Cost": 1.04, "Plan Rows": 1, "Plan Width": 4, "Actual Min Startup Time": 0.089, "Actual Max Startup Time": 0.089, "Actual Min Total Time": 0.089, "Actual Max Total Time": 0.089, "Actual Total Rows": 1, "Max Hash Buckets": 32768, "Min Hash Buckets": 32768, "Max Hash Batches": 1, "Min Hash Batches": 1, "Max Original Hash Batches": 1, "Min Original Hash Batches": 1, "Max Peak Memory Usage": 1, "min Peak Memory Usage": 1, "Plans": [{"Node Type": "Seq Scan", "Parent Relationship": "Outer", "Relation Name": "company_type", "Alias": "ct", "Startup Cost": 0.0, "Total Cost": 1.04, "Plan Rows": 1, "Plan Width": 4, "Actual Min Startup Time": 0.065, "Actual Max Startup Time": 0.065, "Actual Min Total Time": 0.07, "Actual Max Total Time": 0.07, "Actual Total Rows": 1, "Filter": "((kind)::text = 'production companies'::text)", "Rows Removed by Filter": 2}]}]}]}, "Triggers": [], "Planner Runtime": 364.143, "Total Runtime": 201.218, "Unique SQL Id": 4121279504}}, "(16, 107)": {"explain_plan": {"Plan": {"Node Type": "Aggregate", "Strategy": "Plain", "Startup Cost": 8000012610315.01, "Total Cost": 8000012610315.02, "Plan Rows": 1, "Plan Width": 144, "Plans": [{"Node Type": "Hash Join", "Parent Relationship": "Outer", "Join Type": "Inner", "Startup Cost": 3050012278694.0, "Total Cost": 8000012610315.0, "Plan Rows": 1, "Plan Width": 48, "Inner Unique": true, "Hash Cond": "(ml.link_type_id = lt.id)", "Plans": [{"Node Type": "Nested Loop", "Parent Relationship": "Outer", "Join Type": "Inner", "Startup Cost": 2050012277439.23, "Total Cost": 7000012609060.23, "Plan Rows": 1, "Plan Width": 40, "Inner Unique": false, "Join Filter": "(t.id = ml.movie_id)", "Plans": [{"Node Type": "Hash Join", "Parent Relationship": "Outer", "Join Type": "Inner", "Startup Cost": 2040012277439.23, "Total Cost": 6000012609025.14, "Plan Rows": 1, "Plan Width": 48, "Inner Unique": true, "Hash Cond": "(mc.company_type_id = ct.id)", "Plans": [{"Node Type": "Nested Loop", "Parent Relationship": "Outer", "Join Type": "Inner", "Startup Cost": 1040012276208.97, "Total Cost": 5000012607794.87, "Plan Rows": 1, "Plan Width": 52, "Inner Unique": true, "Plans": [{"Node Type": "Nested Loop", "Parent Relationship": "Outer", "Join Type": "Inner", "Startup Cost": 1030012276208.97, "Total Cost": 4000012607766.05, "Plan Rows": 1, "Plan Width": 37, "Inner Unique": false, "Join Filter": "(t.id = mc.movie_id)", "Plans": [{"Node Type": "Hash Join", "Parent Relationship": "Outer", "Join Type": "Inner", "Startup Cost": 1020012276208.97, "Total Cost": 3000012607734.78, "Plan Rows": 1, "Plan Width": 25, "Inner Unique": true, "Hash Cond": "(mk.movie_id = t.id)", "Plans": [{"Node Type": "Nested Loop", "Parent Relationship": "Outer", "Join Type": "Inner", "Startup Cost": 20000000004.51, "Total Cost": 2000000331530.23, "Plan Rows": 33, "Plan Width": 4, "Inner Unique": false, "Plans": [{"Node Type": "Index Scan", "Parent Relationship": "Outer", "Scan Direction": "Forward", "Index Name": "keyword_pkey", "Relation Name": "keyword", "Alias": "k", "Startup Cost": 10000000000.0, "Total Cost": 1000000318271.68, "Plan Rows": 1, "Plan Width": 4, "Filter": "((keyword)::text = 'sequel'::text)"}, {"Node Type": "Bitmap Heap Scan", "Parent Relationship": "Inner", "Relation Name": "movie_keyword", "Alias": "mk", "Startup Cost": 10000000004.51, "Total Cost": 1000000013258.21, "Plan Rows": 33, "Plan Width": 8, "Recheck Cond": "(keyword_id = k.id)", "Plans": [{"Node Type": "Bitmap Index Scan", "Parent Relationship": "Outer", "Index Name": "keyword_id_movie_keyword", "Startup Cost": 0.0, "Total Cost": 4.5, "Plan Rows": 33, "Plan Width": 0, "Index Cond": "(keyword_id = k.id)"}]}]}, {"Node Type": "Hash", "Parent Relationship": "Inner", "Startup Cost": 1000012276204.41, "Total Cost": 1000012276204.41, "Plan Rows": 4, "Plan Width": 21, "Plans": [{"Node Type": "Index Scan", "Parent Relationship": "Outer", "Scan Direction": "Forward", "Index Name": "title_pkey", "Relation Name": "title", "Alias": "t", "Startup Cost": 10000000000.0, "Total Cost": 1000012276204.41, "Plan Rows": 4, "Plan Width": 21, "Filter": "(((title)::text ~~ '%Money%'::text) AND (production_year = 1998))"}]}]}, {"Node Type": "Index Scan", "Parent Relationship": "Inner", "Scan Direction": "Forward", "Index Name": "movie_id_movie_companies", "Relation Name": "movie_companies", "Alias": "mc", "Startup Cost": 10000000000.0, "Total Cost": 1000000000031.24, "Plan Rows": 2, "Plan Width": 12, "Index Cond": "(movie_id = mk.movie_id)", "Filter": "(note IS NULL)"}]}, {"Node Type": "Index Scan", "Parent Relationship": "Inner", "Scan Direction": "Forward", "Index Name": "company_name_pkey", "Relation Name": "company_name", "Alias": "cn", "Startup Cost": 10000000000.0, "Total Cost": 1000000000028.81, "Plan Rows": 1, "Plan Width": 23, "Index Cond": "(id = mc.company_id)", "Filter": "(((country_code)::text <> '[pl]'::text) AND (((name)::text ~~ '%Film%'::text) OR ((name)::text ~~ '%Warner%'::text)))"}]}, {"Node Type": "Hash", "Parent Relationship": "Inner", "Startup Cost": 1000000001230.25, "Total Cost": 1000000001230.25, "Plan Rows": 1, "Plan Width": 4, "Plans": [{"Node Type": "Index Scan", "Parent Relationship": "Outer", "Scan Direction": "Forward", "Index Name": "company_type_pkey", "Relation Name": "company_type", "Alias": "ct", "Startup Cost": 10000000000.0, "Total Cost": 1000000001230.25, "Plan Rows": 1, "Plan Width": 4, "Filter": "((kind)::text = 'production companies'::text)"}]}]}, {"Node Type": "Index Scan", "Parent Relationship": "Inner", "Scan Direction": "Forward", "Index Name": "movie_id_movie_link", "Relation Name": "movie_link", "Alias": "ml", "Startup Cost": 10000000000.0, "Total Cost": 1000000000035.02, "Plan Rows": 5, "Plan Width": 8, "Index Cond": "(movie_id = mk.movie_id)"}]}, {"Node Type": "Hash", "Parent Relationship": "Inner", "Startup Cost": 1000000001254.75, "Total Cost": 1000000001254.75, "Plan Rows": 1, "Plan Width": 16, "Plans": [{"Node Type": "Index Scan", "Parent Relationship": "Outer", "Scan Direction": "Forward", "Index Name": "link_type_pkey", "Relation Name": "link_type", "Alias": "lt", "Startup Cost": 10000000000.0, "Total Cost": 1000000001254.75, "Plan Rows": 1, "Plan Width": 16, "Filter": "((link)::text ~~ '%follows%'::text)"}]}]}]}, "Unique SQL Id": 4121279504}, "explain_analyze_plan": {"Plan": {"Node Type": "Aggregate", "Strategy": "Plain", "Startup Cost": 8000012610315.01, "Total Cost": 8000012610315.02, "Plan Rows": 1, "Plan Width": 144, "Actual Startup Time": 0.115, "Actual Total Time": 0.115, "Actual Rows": 1, "Actual Loops": 1, "Plans": [{"Node Type": "Hash Join", "Parent Relationship": "Outer", "Join Type": "Inner", "Startup Cost": 3050012278694.0, "Total Cost": 8000012610315.0, "Plan Rows": 1, "Plan Width": 48, "Actual Startup Time": 0.107, "Actual Total Time": 0.107, "Actual Rows": 0, "Actual Loops": 1, "Inner Unique": true, "Hash Cond": "(ml.link_type_id = lt.id)", "Plans": [{"Node Type": "Nested Loop", "Parent Relationship": "Outer", "Join Type": "Inner", "Startup Cost": 2050012277439.23, "Total Cost": 7000012609060.23, "Plan Rows": 1, "Plan Width": 40, "Actual Startup Time": 0.0, "Actual Total Time": 0.0, "Inner Unique": false, "Join Filter": "(t.id = ml.movie_id)", "Rows Removed by Join Filter": 0, "Plans": [{"Node Type": "Hash Join", "Parent Relationship": "Outer", "Join Type": "Inner", "Startup Cost": 2040012277439.23, "Total Cost": 6000012609025.14, "Plan Rows": 1, "Plan Width": 48, "Actual Startup Time": 0.0, "Actual Total Time": 0.0, "Inner Unique": true, "Hash Cond": "(mc.company_type_id = ct.id)", "Plans": [{"Node Type": "Nested Loop", "Parent Relationship": "Outer", "Join Type": "Inner", "Startup Cost": 1040012276208.97, "Total Cost": 5000012607794.87, "Plan Rows": 1, "Plan Width": 52, "Actual Startup Time": 0.0, "Actual Total Time": 0.0, "Inner Unique": true, "Plans": [{"Node Type": "Nested Loop", "Parent Relationship": "Outer", "Join Type": "Inner", "Startup Cost": 1030012276208.97, "Total Cost": 4000012607766.05, "Plan Rows": 1, "Plan Width": 37, "Actual Startup Time": 0.0, "Actual Total Time": 0.0, "Inner Unique": false, "Join Filter": "(t.id = mc.movie_id)", "Rows Removed by Join Filter": 0, "Plans": [{"Node Type": "Hash Join", "Parent Relationship": "Outer", "Join Type": "Inner", "Startup Cost": 1020012276208.97, "Total Cost": 3000012607734.78, "Plan Rows": 1, "Plan Width": 25, "Actual Startup Time": 0.0, "Actual Total Time": 0.0, "Inner Unique": true, "Hash Cond": "(mk.movie_id = t.id)", "Plans": [{"Node Type": "Nested Loop", "Parent Relationship": "Outer", "Join Type": "Inner", "Startup Cost": 20000000004.51, "Total Cost": 2000000331530.23, "Plan Rows": 33, "Plan Width": 4, "Actual Startup Time": 0.0, "Actual Total Time": 0.0, "Inner Unique": false, "Plans": [{"Node Type": "Index Scan", "Parent Relationship": "Outer", "Scan Direction": "Forward", "Index Name": "keyword_pkey", "Relation Name": "keyword", "Alias": "k", "Startup Cost": 10000000000.0, "Total Cost": 1000000318271.68, "Plan Rows": 1, "Plan Width": 4, "Actual Startup Time": 0.0, "Actual Total Time": 0.0, "Filter": "((keyword)::text = 'sequel'::text)", "Rows Removed by Filter": 0}, {"Node Type": "Bitmap Heap Scan", "Parent Relationship": "Inner", "Relation Name": "movie_keyword", "Alias": "mk", "Startup Cost": 10000000004.51, "Total Cost": 1000000013258.21, "Plan Rows": 33, "Plan Width": 8, "Actual Startup Time": 0.0, "Actual Total Time": 0.0, "Recheck Cond": "(keyword_id = k.id)", "Rows Removed by Index Recheck": 0, "Exact Heap Blocks": 0, "Lossy Heap Blocks": 0, "Plans": [{"Node Type": "Bitmap Index Scan", "Parent Relationship": "Outer", "Index Name": "keyword_id_movie_keyword", "Startup Cost": 0.0, "Total Cost": 4.5, "Plan Rows": 33, "Plan Width": 0, "Actual Startup Time": 0.0, "Actual Total Time": 0.0, "Index Cond": "(keyword_id = k.id)"}]}]}, {"Node Type": "Hash", "Parent Relationship": "Inner", "Startup Cost": 1000012276204.41, "Total Cost": 1000012276204.41, "Plan Rows": 4, "Plan Width": 21, "Actual Startup Time": 0.0, "Actual Total Time": 0.0, "Hash Buckets": 0, "Hash Batches": 0, "Original Hash Batches": 0, "Peak Memory Usage": 0, "Plans": [{"Node Type": "Index Scan", "Parent Relationship": "Outer", "Scan Direction": "Forward", "Index Name": "title_pkey", "Relation Name": "title", "Alias": "t", "Startup Cost": 10000000000.0, "Total Cost": 1000012276204.41, "Plan Rows": 4, "Plan Width": 21, "Actual Startup Time": 0.0, "Actual Total Time": 0.0, "Filter": "(((title)::text ~~ '%Money%'::text) AND (production_year = 1998))", "Rows Removed by Filter": 0}]}]}, {"Node Type": "Index Scan", "Parent Relationship": "Inner", "Scan Direction": "Forward", "Index Name": "movie_id_movie_companies", "Relation Name": "movie_companies", "Alias": "mc", "Startup Cost": 10000000000.0, "Total Cost": 1000000000031.24, "Plan Rows": 2, "Plan Width": 12, "Actual Startup Time": 0.0, "Actual Total Time": 0.0, "Index Cond": "(movie_id = mk.movie_id)", "Rows Removed by Index Recheck": 0, "Filter": "(note IS NULL)", "Rows Removed by Filter": 0}]}, {"Node Type": "Index Scan", "Parent Relationship": "Inner", "Scan Direction": "Forward", "Index Name": "company_name_pkey", "Relation Name": "company_name", "Alias": "cn", "Startup Cost": 10000000000.0, "Total Cost": 1000000000028.81, "Plan Rows": 1, "Plan Width": 23, "Actual Startup Time": 0.0, "Actual Total Time": 0.0, "Index Cond": "(id = mc.company_id)", "Rows Removed by Index Recheck": 0, "Filter": "(((country_code)::text <> '[pl]'::text) AND (((name)::text ~~ '%Film%'::text) OR ((name)::text ~~ '%Warner%'::text)))", "Rows Removed by Filter": 0}]}, {"Node Type": "Hash", "Parent Relationship": "Inner", "Startup Cost": 1000000001230.25, "Total Cost": 1000000001230.25, "Plan Rows": 1, "Plan Width": 4, "Actual Startup Time": 0.0, "Actual Total Time": 0.0, "Hash Buckets": 0, "Hash Batches": 0, "Original Hash Batches": 0, "Peak Memory Usage": 0, "Plans": [{"Node Type": "Index Scan", "Parent Relationship": "Outer", "Scan Direction": "Forward", "Index Name": "company_type_pkey", "Relation Name": "company_type", "Alias": "ct", "Startup Cost": 10000000000.0, "Total Cost": 1000000001230.25, "Plan Rows": 1, "Plan Width": 4, "Actual Startup Time": 0.0, "Actual Total Time": 0.0, "Filter": "((kind)::text = 'production companies'::text)", "Rows Removed by Filter": 0}]}]}, {"Node Type": "Index Scan", "Parent Relationship": "Inner", "Scan Direction": "Forward", "Index Name": "movie_id_movie_link", "Relation Name": "movie_link", "Alias": "ml", "Startup Cost": 10000000000.0, "Total Cost": 1000000000035.02, "Plan Rows": 5, "Plan Width": 8, "Actual Startup Time": 0.0, "Actual Total Time": 0.0, "Index Cond": "(movie_id = mk.movie_id)", "Rows Removed by Index Recheck": 0}]}, {"Node Type": "Hash", "Parent Relationship": "Inner", "Startup Cost": 1000000001254.75, "Total Cost": 1000000001254.75, "Plan Rows": 1, "Plan Width": 16, "Actual Startup Time": 0.054, "Actual Total Time": 0.054, "Actual Rows": 0, "Actual Loops": 1, "Hash Buckets": 32768, "Hash Batches": 1, "Original Hash Batches": 1, "Peak Memory Usage": 0, "Plans": [{"Node Type": "Index Scan", "Parent Relationship": "Outer", "Scan Direction": "Forward", "Index Name": "link_type_pkey", "Relation Name": "link_type", "Alias": "lt", "Startup Cost": 10000000000.0, "Total Cost": 1000000001254.75, "Plan Rows": 1, "Plan Width": 16, "Actual Startup Time": 0.051, "Actual Total Time": 0.051, "Actual Rows": 0, "Actual Loops": 1, "Filter": "((link)::text ~~ '%follows%'::text)", "Rows Removed by Filter": 17}]}]}]}, "Triggers": [], "Planner Runtime": 124.193, "Total Runtime": 0.478, "Unique SQL Id": 4121279504}}, "(16, 108)": {"explain_plan": {"Plan": {"Node Type": "Aggregate", "Strategy": "Plain", "Startup Cost": 2585.63, "Total Cost": 2585.64, "Plan Rows": 1, "Plan Width": 144, "Plans": [{"Node Type": "Nested Loop", "Parent Relationship": "Outer", "Join Type": "Inner", "Startup Cost": 0.0, "Total Cost": 2585.62, "Plan Rows": 1, "Plan Width": 48, "Inner Unique": true, "Plans": [{"Node Type": "Nested Loop", "Parent Relationship": "Outer", "Join Type": "Inner", "Startup Cost": 0.0, "Total Cost": 2585.34, "Plan Rows": 1, "Plan Width": 40, "Inner Unique": false, "Join Filter": "(t.id = ml.movie_id)", "Plans": [{"Node Type": "Nested Loop", "Parent Relationship": "Outer", "Join Type": "Inner", "Startup Cost": 0.0, "Total Cost": 2584.93, "Plan Rows": 1, "Plan Width": 48, "Inner Unique": true, "Plans": [{"Node Type": "Nested Loop", "Parent Relationship": "Outer", "Join Type": "Inner", "Startup Cost": 0.0, "Total Cost": 2584.64, "Plan Rows": 1, "Plan Width": 52, "Inner Unique": true, "Plans": [{"Node Type": "Nested Loop", "Parent Relationship": "Outer", "Join Type": "Inner", "Startup Cost": 0.0, "Total Cost": 2584.35, "Plan Rows": 1, "Plan Width": 37, "Inner Unique": false, "Join Filter": "(t.id = mc.movie_id)", "Plans": [{"Node Type": "Nested Loop", "Parent Relationship": "Outer", "Join Type": "Inner", "Startup Cost": 0.0, "Total Cost": 2584.01, "Plan Rows": 1, "Plan Width": 25, "Inner Unique": true, "Plans": [{"Node Type": "Nested Loop", "Parent Relationship": "Outer", "Join Type": "Inner", "Startup Cost": 0.0, "Total Cost": 2573.32, "Plan Rows": 33, "Plan Width": 4, "Inner Unique": false, "Plans": [{"Node Type": "Seq Scan", "Parent Relationship": "Outer", "Relation Name": "keyword", "Alias": "k", "Startup Cost": 0.0, "Total Cost": 2436.11, "Plan Rows": 1, "Plan Width": 4, "Filter": "((keyword)::text = 'sequel'::text)"}, {"Node Type": "Index Scan", "Parent Relationship": "Inner", "Scan Direction": "Forward", "Index Name": "keyword_id_movie_keyword", "Relation Name": "movie_keyword", "Alias": "mk", "Startup Cost": 0.0, "Total Cost": 136.88, "Plan Rows": 33, "Plan Width": 8, "Index Cond": "(keyword_id = k.id)"}]}, {"Node Type": "Index Scan", "Parent Relationship": "Inner", "Scan Direction": "Forward", "Index Name": "title_pkey", "Relation Name": "title", "Alias": "t", "Startup Cost": 0.0, "Total Cost": 0.31, "Plan Rows": 1, "Plan Width": 21, "Index Cond": "(id = mk.movie_id)", "Filter": "(((title)::text ~~ '%Money%'::text) AND (production_year = 1998))"}]}, {"Node Type": "Index Scan", "Parent Relationship": "Inner", "Scan Direction": "Forward", "Index Name": "movie_id_movie_companies", "Relation Name": "movie_companies", "Alias": "mc", "Startup Cost": 0.0, "Total Cost": 0.31, "Plan Rows": 2, "Plan Width": 12, "Index Cond": "(movie_id = mk.movie_id)", "Filter": "(note IS NULL)"}]}, {"Node Type": "Index Scan", "Parent Relationship": "Inner", "Scan Direction": "Forward", "Index Name": "company_name_pkey", "Relation Name": "company_name", "Alias": "cn", "Startup Cost": 0.0, "Total Cost": 0.29, "Plan Rows": 1, "Plan Width": 23, "Index Cond": "(id = mc.company_id)", "Filter": "(((country_code)::text <> '[pl]'::text) AND (((name)::text ~~ '%Film%'::text) OR ((name)::text ~~ '%Warner%'::text)))"}]}, {"Node Type": "Index Scan", "Parent Relationship": "Inner", "Scan Direction": "Forward", "Index Name": "company_type_pkey", "Relation Name": "company_type", "Alias": "ct", "Startup Cost": 0.0, "Total Cost": 0.27, "Plan Rows": 1, "Plan Width": 4, "Index Cond": "(id = mc.company_type_id)", "Filter": "((kind)::text = 'production companies'::text)"}]}, {"Node Type": "Index Scan", "Parent Relationship": "Inner", "Scan Direction": "Forward", "Index Name": "movie_id_movie_link", "Relation Name": "movie_link", "Alias": "ml", "Startup Cost": 0.0, "Total Cost": 0.35, "Plan Rows": 5, "Plan Width": 8, "Index Cond": "(movie_id = mk.movie_id)"}]}, {"Node Type": "Index Scan", "Parent Relationship": "Inner", "Scan Direction": "Forward", "Index Name": "link_type_pkey", "Relation Name": "link_type", "Alias": "lt", "Startup Cost": 0.0, "Total Cost": 0.27, "Plan Rows": 1, "Plan Width": 16, "Index Cond": "(id = ml.link_type_id)", "Filter": "((link)::text ~~ '%follows%'::text)"}]}]}, "Unique SQL Id": 4121279504}, "explain_analyze_plan": {"Plan": {"Node Type": "Aggregate", "Strategy": "Plain", "Startup Cost": 2585.63, "Total Cost": 2585.64, "Plan Rows": 1, "Plan Width": 144, "Actual Startup Time": 103.307, "Actual Total Time": 103.307, "Actual Rows": 1, "Actual Loops": 1, "Plans": [{"Node Type": "Nested Loop", "Parent Relationship": "Outer", "Join Type": "Inner", "Startup Cost": 0.0, "Total Cost": 2585.62, "Plan Rows": 1, "Plan Width": 48, "Actual Startup Time": 103.297, "Actual Total Time": 103.297, "Actual Rows": 0, "Actual Loops": 1, "Inner Unique": true, "Plans": [{"Node Type": "Nested Loop", "Parent Relationship": "Outer", "Join Type": "Inner", "Startup Cost": 0.0, "Total Cost": 2585.34, "Plan Rows": 1, "Plan Width": 40, "Actual Startup Time": 2.639, "Actual Total Time": 103.212, "Actual Rows": 38, "Actual Loops": 1, "Inner Unique": false, "Join Filter": "(t.id = ml.movie_id)", "Rows Removed by Join Filter": 0, "Plans": [{"Node Type": "Nested Loop", "Parent Relationship": "Outer", "Join Type": "Inner", "Startup Cost": 0.0, "Total Cost": 2584.93, "Plan Rows": 1, "Plan Width": 48, "Actual Startup Time": 2.628, "Actual Total Time": 103.169, "Actual Rows": 2, "Actual Loops": 1, "Inner Unique": true, "Plans": [{"Node Type": "Nested Loop", "Parent Relationship": "Outer", "Join Type": "Inner", "Startup Cost": 0.0, "Total Cost": 2584.64, "Plan Rows": 1, "Plan Width": 52, "Actual Startup Time": 2.62, "Actual Total Time": 103.156, "Actual Rows": 2, "Actual Loops": 1, "Inner Unique": true, "Plans": [{"Node Type": "Nested Loop", "Parent Relationship": "Outer", "Join Type": "Inner", "Startup Cost": 0.0, "Total Cost": 2584.35, "Plan Rows": 1, "Plan Width": 37, "Actual Startup Time": 2.606, "Actual Total Time": 103.125, "Actual Rows": 3, "Actual Loops": 1, "Inner Unique": false, "Join Filter": "(t.id = mc.movie_id)", "Rows Removed by Join Filter": 0, "Plans": [{"Node Type": "Nested Loop", "Parent Relationship": "Outer", "Join Type": "Inner", "Startup Cost": 0.0, "Total Cost": 2584.01, "Plan Rows": 1, "Plan Width": 25, "Actual Startup Time": 2.585, "Actual Total Time": 103.101, "Actual Rows": 1, "Actual Loops": 1, "Inner Unique": true, "Plans": [{"Node Type": "Nested Loop", "Parent Relationship": "Outer", "Join Type": "Inner", "Startup Cost": 0.0, "Total Cost": 2573.32, "Plan Rows": 33, "Plan Width": 4, "Actual Startup Time": 2.346, "Actual Total Time": 53.642, "Actual Rows": 10544, "Actual Loops": 1, "Inner Unique": false, "Plans": [{"Node Type": "Seq Scan", "Parent Relationship": "Outer", "Relation Name": "keyword", "Alias": "k", "Startup Cost": 0.0, "Total Cost": 2436.11, "Plan Rows": 1, "Plan Width": 4, "Actual Startup Time": 2.306, "Actual Total Time": 40.515, "Actual Rows": 1, "Actual Loops": 1, "Filter": "((keyword)::text = 'sequel'::text)", "Rows Removed by Filter": 134168}, {"Node Type": "Index Scan", "Parent Relationship": "Inner", "Scan Direction": "Forward", "Index Name": "keyword_id_movie_keyword", "Relation Name": "movie_keyword", "Alias": "mk", "Startup Cost": 0.0, "Total Cost": 136.88, "Plan Rows": 33, "Plan Width": 8, "Actual Startup Time": 0.034, "Actual Total Time": 10.877, "Actual Rows": 10544, "Actual Loops": 1, "Index Cond": "(keyword_id = k.id)", "Rows Removed by Index Recheck": 0}]}, {"Node Type": "Index Scan", "Parent Relationship": "Inner", "Scan Direction": "Forward", "Index Name": "title_pkey", "Relation Name": "title", "Alias": "t", "Startup Cost": 0.0, "Total Cost": 0.31, "Plan Rows": 1, "Plan Width": 21, "Actual Startup Time": 44.242, "Actual Total Time": 44.242, "Actual Rows": 1, "Actual Loops": 10544, "Index Cond": "(id = mk.movie_id)", "Rows Removed by Index Recheck": 0, "Filter": "(((title)::text ~~ '%Money%'::text) AND (production_year = 1998))", "Rows Removed by Filter": 10543}]}, {"Node Type": "Index Scan", "Parent Relationship": "Inner", "Scan Direction": "Forward", "Index Name": "movie_id_movie_companies", "Relation Name": "movie_companies", "Alias": "mc", "Startup Cost": 0.0, "Total Cost": 0.31, "Plan Rows": 2, "Plan Width": 12, "Actual Startup Time": 0.011, "Actual Total Time": 0.013, "Actual Rows": 3, "Actual Loops": 1, "Index Cond": "(movie_id = mk.movie_id)", "Rows Removed by Index Recheck": 0, "Filter": "(note IS NULL)", "Rows Removed by Filter": 1}]}, {"Node Type": "Index Scan", "Parent Relationship": "Inner", "Scan Direction": "Forward", "Index Name": "company_name_pkey", "Relation Name": "company_name", "Alias": "cn", "Startup Cost": 0.0, "Total Cost": 0.29, "Plan Rows": 1, "Plan Width": 23, "Actual Startup Time": 0.026, "Actual Total Time": 0.026, "Actual Rows": 2, "Actual Loops": 3, "Index Cond": "(id = mc.company_id)", "Rows Removed by Index Recheck": 0, "Filter": "(((country_code)::text <> '[pl]'::text) AND (((name)::text ~~ '%Film%'::text) OR ((name)::text ~~ '%Warner%'::text)))", "Rows Removed by Filter": 1}]}, {"Node Type": "Index Scan", "Parent Relationship": "Inner", "Scan Direction": "Forward", "Index Name": "company_type_pkey", "Relation Name": "company_type", "Alias": "ct", "Startup Cost": 0.0, "Total Cost": 0.27, "Plan Rows": 1, "Plan Width": 4, "Actual Startup Time": 0.008, "Actual Total Time": 0.008, "Actual Rows": 2, "Actual Loops": 2, "Index Cond": "(id = mc.company_type_id)", "Rows Removed by Index Recheck": 0, "Filter": "((kind)::text = 'production companies'::text)", "Rows Removed by Filter": 0}]}, {"Node Type": "Index Scan", "Parent Relationship": "Inner", "Scan Direction": "Forward", "Index Name": "movie_id_movie_link", "Relation Name": "movie_link", "Alias": "ml", "Startup Cost": 0.0, "Total Cost": 0.35, "Plan Rows": 5, "Plan Width": 8, "Actual Startup Time": 0.012, "Actual Total Time": 0.025, "Actual Rows": 38, "Actual Loops": 2, "Index Cond": "(movie_id = mk.movie_id)", "Rows Removed by Index Recheck": 0}]}, {"Node Type": "Index Scan", "Parent Relationship": "Inner", "Scan Direction": "Forward", "Index Name": "link_type_pkey", "Relation Name": "link_type", "Alias": "lt", "Startup Cost": 0.0, "Total Cost": 0.27, "Plan Rows": 1, "Plan Width": 16, "Actual Startup Time": 0.065, "Actual Total Time": 0.065, "Actual Rows": 0, "Actual Loops": 38, "Index Cond": "(id = ml.link_type_id)", "Rows Removed by Index Recheck": 0, "Filter": "((link)::text ~~ '%follows%'::text)", "Rows Removed by Filter": 24}]}]}, "Triggers": [], "Planner Runtime": 83.831, "Total Runtime": 103.68, "Unique SQL Id": 4121279504}}, "(16, 109)": {"explain_plan": {"Plan": {"Node Type": "Aggregate", "Strategy": "Plain", "Startup Cost": 3332.23, "Total Cost": 3332.24, "Plan Rows": 1, "Plan Width": 144, "Plans": [{"Node Type": "Nested Loop", "Parent Relationship": "Outer", "Join Type": "Inner", "Startup Cost": 0.0, "Total Cost": 3332.23, "Plan Rows": 1, "Plan Width": 48, "Inner Unique": true, "Plans": [{"Node Type": "Nested Loop", "Parent Relationship": "Outer", "Join Type": "Inner", "Startup Cost": 0.0, "Total Cost": 3331.94, "Plan Rows": 1, "Plan Width": 40, "Inner Unique": false, "Join Filter": "(t.id = ml.movie_id)", "Plans": [{"Node Type": "Nested Loop", "Parent Relationship": "Outer", "Join Type": "Inner", "Startup Cost": 0.0, "Total Cost": 3331.53, "Plan Rows": 1, "Plan Width": 48, "Inner Unique": true, "Plans": [{"Node Type": "Nested Loop", "Parent Relationship": "Outer", "Join Type": "Inner", "Startup Cost": 0.0, "Total Cost": 3331.25, "Plan Rows": 1, "Plan Width": 52, "Inner Unique": true, "Plans": [{"Node Type": "Nested Loop", "Parent Relationship": "Outer", "Join Type": "Inner", "Startup Cost": 0.0, "Total Cost": 3330.95, "Plan Rows": 1, "Plan Width": 37, "Inner Unique": false, "Join Filter": "(t.id = mc.movie_id)", "Plans": [{"Node Type": "Nested Loop", "Parent Relationship": "Outer", "Join Type": "Inner", "Startup Cost": 0.0, "Total Cost": 3330.61, "Plan Rows": 1, "Plan Width": 25, "Inner Unique": true, "Plans": [{"Node Type": "Nested Loop", "Parent Relationship": "Outer", "Join Type": "Inner", "Startup Cost": 0.0, "Total Cost": 3319.92, "Plan Rows": 33, "Plan Width": 4, "Inner Unique": false, "Plans": [{"Node Type": "Index Scan", "Parent Relationship": "Outer", "Scan Direction": "Forward", "Index Name": "keyword_pkey", "Relation Name": "keyword", "Alias": "k", "Startup Cost": 0.0, "Total Cost": 3182.72, "Plan Rows": 1, "Plan Width": 4, "Filter": "((keyword)::text = 'sequel'::text)"}, {"Node Type": "Index Scan", "Parent Relationship": "Inner", "Scan Direction": "Forward", "Index Name": "keyword_id_movie_keyword", "Relation Name": "movie_keyword", "Alias": "mk", "Startup Cost": 0.0, "Total Cost": 136.88, "Plan Rows": 33, "Plan Width": 8, "Index Cond": "(keyword_id = k.id)"}]}, {"Node Type": "Index Scan", "Parent Relationship": "Inner", "Scan Direction": "Forward", "Index Name": "title_pkey", "Relation Name": "title", "Alias": "t", "Startup Cost": 0.0, "Total Cost": 0.31, "Plan Rows": 1, "Plan Width": 21, "Index Cond": "(id = mk.movie_id)", "Filter": "(((title)::text ~~ '%Money%'::text) AND (production_year = 1998))"}]}, {"Node Type": "Index Scan", "Parent Relationship": "Inner", "Scan Direction": "Forward", "Index Name": "movie_id_movie_companies", "Relation Name": "movie_companies", "Alias": "mc", "Startup Cost": 0.0, "Total Cost": 0.31, "Plan Rows": 2, "Plan Width": 12, "Index Cond": "(movie_id = mk.movie_id)", "Filter": "(note IS NULL)"}]}, {"Node Type": "Index Scan", "Parent Relationship": "Inner", "Scan Direction": "Forward", "Index Name": "company_name_pkey", "Relation Name": "company_name", "Alias": "cn", "Startup Cost": 0.0, "Total Cost": 0.29, "Plan Rows": 1, "Plan Width": 23, "Index Cond": "(id = mc.company_id)", "Filter": "(((country_code)::text <> '[pl]'::text) AND (((name)::text ~~ '%Film%'::text) OR ((name)::text ~~ '%Warner%'::text)))"}]}, {"Node Type": "Index Scan", "Parent Relationship": "Inner", "Scan Direction": "Forward", "Index Name": "company_type_pkey", "Relation Name": "company_type", "Alias": "ct", "Startup Cost": 0.0, "Total Cost": 0.27, "Plan Rows": 1, "Plan Width": 4, "Index Cond": "(id = mc.company_type_id)", "Filter": "((kind)::text = 'production companies'::text)"}]}, {"Node Type": "Index Scan", "Parent Relationship": "Inner", "Scan Direction": "Forward", "Index Name": "movie_id_movie_link", "Relation Name": "movie_link", "Alias": "ml", "Startup Cost": 0.0, "Total Cost": 0.35, "Plan Rows": 5, "Plan Width": 8, "Index Cond": "(movie_id = mk.movie_id)"}]}, {"Node Type": "Index Scan", "Parent Relationship": "Inner", "Scan Direction": "Forward", "Index Name": "link_type_pkey", "Relation Name": "link_type", "Alias": "lt", "Startup Cost": 0.0, "Total Cost": 0.27, "Plan Rows": 1, "Plan Width": 16, "Index Cond": "(id = ml.link_type_id)", "Filter": "((link)::text ~~ '%follows%'::text)"}]}]}, "Unique SQL Id": 4121279504}, "explain_analyze_plan": {"Plan": {"Node Type": "Aggregate", "Strategy": "Plain", "Startup Cost": 3332.23, "Total Cost": 3332.24, "Plan Rows": 1, "Plan Width": 144, "Actual Startup Time": 178.629, "Actual Total Time": 178.63, "Actual Rows": 1, "Actual Loops": 1, "Plans": [{"Node Type": "Nested Loop", "Parent Relationship": "Outer", "Join Type": "Inner", "Startup Cost": 0.0, "Total Cost": 3332.23, "Plan Rows": 1, "Plan Width": 48, "Actual Startup Time": 178.619, "Actual Total Time": 178.619, "Actual Rows": 0, "Actual Loops": 1, "Inner Unique": true, "Plans": [{"Node Type": "Nested Loop", "Parent Relationship": "Outer", "Join Type": "Inner", "Startup Cost": 0.0, "Total Cost": 3331.94, "Plan Rows": 1, "Plan Width": 40, "Actual Startup Time": 0.759, "Actual Total Time": 178.535, "Actual Rows": 38, "Actual Loops": 1, "Inner Unique": false, "Join Filter": "(t.id = ml.movie_id)", "Rows Removed by Join Filter": 0, "Plans": [{"Node Type": "Nested Loop", "Parent Relationship": "Outer", "Join Type": "Inner", "Startup Cost": 0.0, "Total Cost": 3331.53, "Plan Rows": 1, "Plan Width": 48, "Actual Startup Time": 0.75, "Actual Total Time": 178.493, "Actual Rows": 2, "Actual Loops": 1, "Inner Unique": true, "Plans": [{"Node Type": "Nested Loop", "Parent Relationship": "Outer", "Join Type": "Inner", "Startup Cost": 0.0, "Total Cost": 3331.25, "Plan Rows": 1, "Plan Width": 52, "Actual Startup Time": 0.743, "Actual Total Time": 178.481, "Actual Rows": 2, "Actual Loops": 1, "Inner Unique": true, "Plans": [{"Node Type": "Nested Loop", "Parent Relationship": "Outer", "Join Type": "Inner", "Startup Cost": 0.0, "Total Cost": 3330.95, "Plan Rows": 1, "Plan Width": 37, "Actual Startup Time": 0.723, "Actual Total Time": 178.447, "Actual Rows": 3, "Actual Loops": 1, "Inner Unique": false, "Join Filter": "(t.id = mc.movie_id)", "Rows Removed by Join Filter": 0, "Plans": [{"Node Type": "Nested Loop", "Parent Relationship": "Outer", "Join Type": "Inner", "Startup Cost": 0.0, "Total Cost": 3330.61, "Plan Rows": 1, "Plan Width": 25, "Actual Startup Time": 0.709, "Actual Total Time": 178.428, "Actual Rows": 1, "Actual Loops": 1, "Inner Unique": true, "Plans": [{"Node Type": "Nested Loop", "Parent Relationship": "Outer", "Join Type": "Inner", "Startup Cost": 0.0, "Total Cost": 3319.92, "Plan Rows": 33, "Plan Width": 4, "Actual Startup Time": 0.479, "Actual Total Time": 127.522, "Actual Rows": 10544, "Actual Loops": 1, "Inner Unique": false, "Plans": [{"Node Type": "Index Scan", "Parent Relationship": "Outer", "Scan Direction": "Forward", "Index Name": "keyword_pkey", "Relation Name": "keyword", "Alias": "k", "Startup Cost": 0.0, "Total Cost": 3182.72, "Plan Rows": 1, "Plan Width": 4, "Actual Startup Time": 0.446, "Actual Total Time": 114.274, "Actual Rows": 1, "Actual Loops": 1, "Filter": "((keyword)::text = 'sequel'::text)", "Rows Removed by Filter": 134168}, {"Node Type": "Index Scan", "Parent Relationship": "Inner", "Scan Direction": "Forward", "Index Name": "keyword_id_movie_keyword", "Relation Name": "movie_keyword", "Alias": "mk", "Startup Cost": 0.0, "Total Cost": 136.88, "Plan Rows": 33, "Plan Width": 8, "Actual Startup Time": 0.026, "Actual Total Time": 10.894, "Actual Rows": 10544, "Actual Loops": 1, "Index Cond": "(keyword_id = k.id)", "Rows Removed by Index Recheck": 0}]}, {"Node Type": "Index Scan", "Parent Relationship": "Inner", "Scan Direction": "Forward", "Index Name": "title_pkey", "Relation Name": "title", "Alias": "t", "Startup Cost": 0.0, "Total Cost": 0.31, "Plan Rows": 1, "Plan Width": 21, "Actual Startup Time": 45.684, "Actual Total Time": 45.684, "Actual Rows": 1, "Actual Loops": 10544, "Index Cond": "(id = mk.movie_id)", "Rows Removed by Index Recheck": 0, "Filter": "(((title)::text ~~ '%Money%'::text) AND (production_year = 1998))", "Rows Removed by Filter": 10543}]}, {"Node Type": "Index Scan", "Parent Relationship": "Inner", "Scan Direction": "Forward", "Index Name": "movie_id_movie_companies", "Relation Name": "movie_companies", "Alias": "mc", "Startup Cost": 0.0, "Total Cost": 0.31, "Plan Rows": 2, "Plan Width": 12, "Actual Startup Time": 0.011, "Actual Total Time": 0.012, "Actual Rows": 3, "Actual Loops": 1, "Index Cond": "(movie_id = mk.movie_id)", "Rows Removed by Index Recheck": 0, "Filter": "(note IS NULL)", "Rows Removed by Filter": 1}]}, {"Node Type": "Index Scan", "Parent Relationship": "Inner", "Scan Direction": "Forward", "Index Name": "company_name_pkey", "Relation Name": "company_name", "Alias": "cn", "Startup Cost": 0.0, "Total Cost": 0.29, "Plan Rows": 1, "Plan Width": 23, "Actual Startup Time": 0.031, "Actual Total Time": 0.031, "Actual Rows": 2, "Actual Loops": 3, "Index Cond": "(id = mc.company_id)", "Rows Removed by Index Recheck": 0, "Filter": "(((country_code)::text <> '[pl]'::text) AND (((name)::text ~~ '%Film%'::text) OR ((name)::text ~~ '%Warner%'::text)))", "Rows Removed by Filter": 1}]}, {"Node Type": "Index Scan", "Parent Relationship": "Inner", "Scan Direction": "Forward", "Index Name": "company_type_pkey", "Relation Name": "company_type", "Alias": "ct", "Startup Cost": 0.0, "Total Cost": 0.27, "Plan Rows": 1, "Plan Width": 4, "Actual Startup Time": 0.007, "Actual Total Time": 0.007, "Actual Rows": 2, "Actual Loops": 2, "Index Cond": "(id = mc.company_type_id)", "Rows Removed by Index Recheck": 0, "Filter": "((kind)::text = 'production companies'::text)", "Rows Removed by Filter": 0}]}, {"Node Type": "Index Scan", "Parent Relationship": "Inner", "Scan Direction": "Forward", "Index Name": "movie_id_movie_link", "Relation Name": "movie_link", "Alias": "ml", "Startup Cost": 0.0, "Total Cost": 0.35, "Plan Rows": 5, "Plan Width": 8, "Actual Startup Time": 0.011, "Actual Total Time": 0.023, "Actual Rows": 38, "Actual Loops": 2, "Index Cond": "(movie_id = mk.movie_id)", "Rows Removed by Index Recheck": 0}]}, {"Node Type": "Index Scan", "Parent Relationship": "Inner", "Scan Direction": "Forward", "Index Name": "link_type_pkey", "Relation Name": "link_type", "Alias": "lt", "Startup Cost": 0.0, "Total Cost": 0.27, "Plan Rows": 1, "Plan Width": 16, "Actual Startup Time": 0.062, "Actual Total Time": 0.062, "Actual Rows": 0, "Actual Loops": 38, "Index Cond": "(id = ml.link_type_id)", "Rows Removed by Index Recheck": 0, "Filter": "((link)::text ~~ '%follows%'::text)", "Rows Removed by Filter": 24}]}]}, "Triggers": [], "Planner Runtime": 72.754, "Total Runtime": 179.024, "Unique SQL Id": 4121279504}}, "(16, 110)": {"explain_plan": {"Plan": {"Node Type": "Aggregate", "Strategy": "Plain", "Startup Cost": 98506.76, "Total Cost": 98506.77, "Plan Rows": 1, "Plan Width": 144, "Plans": [{"Node Type": "Hash Join", "Parent Relationship": "Outer", "Join Type": "Inner", "Startup Cost": 63894.21, "Total Cost": 98506.75, "Plan Rows": 1, "Plan Width": 48, "Inner Unique": true, "Hash Cond": "(mc.company_type_id = ct.id)", "Plans": [{"Node Type": "Hash Join", "Parent Relationship": "Outer", "Join Type": "Inner", "Startup Cost": 63893.16, "Total Cost": 98505.69, "Plan Rows": 1, "Plan Width": 52, "Inner Unique": true, "Hash Cond": "(mc.company_id = cn.id)", "Plans": [{"Node Type": "Streaming(type: LOCAL GATHER dop: 1/16)", "Parent Relationship": "Outer", "Startup Cost": 56094.74, "Total Cost": 90707.25, "Plan Rows": 1, "Plan Width": 37, "Plans": [{"Node Type": "Hash Join", "Parent Relationship": "Outer", "Join Type": "Inner", "Startup Cost": 56094.74, "Total Cost": 90707.23, "Plan Rows": 1, "Plan Width": 37, "Inner Unique": false, "Hash Cond": "(ml.movie_id = mc.movie_id)", "Plans": [{"Node Type": "Streaming(type: BROADCAST dop: 16/1)", "Parent Relationship": "Outer", "Startup Cost": 37489.38, "Total Cost": 72101.84, "Plan Rows": 16, "Plan Width": 41, "Plans": [{"Node Type": "Hash Join", "Parent Relationship": "Outer", "Join Type": "Inner", "Startup Cost": 37489.38, "Total Cost": 57101.49, "Plan Rows": 1, "Plan Width": 41, "Inner Unique": true, "Hash Cond": "(ml.link_type_id = lt.id)", "Plans": [{"Node Type": "Hash Join", "Parent Relationship": "Outer", "Join Type": "Inner", "Startup Cost": 37488.15, "Total Cost": 57100.25, "Plan Rows": 3, "Plan Width": 33, "Inner Unique": false, "Hash Cond": "(mk.movie_id = ml.movie_id)", "Plans": [{"Node Type": "Streaming(type: LOCAL GATHER dop: 1/16)", "Parent Relationship": "Outer", "Startup Cost": 17436.47, "Total Cost": 37048.41, "Plan Rows": 33, "Plan Width": 4, "Plans": [{"Node Type": "Hash Join", "Parent Relationship": "Outer", "Join Type": "Inner", "Startup Cost": 17436.47, "Total Cost": 37047.7, "Plan Rows": 33, "Plan Width": 4, "Inner Unique": true, "Hash Cond": "(mk.keyword_id = k.id)", "Plans": [{"Node Type": "Seq Scan", "Parent Relationship": "Outer", "Relation Name": "movie_keyword", "Alias": "mk", "Startup Cost": 0.0, "Total Cost": 18902.58, "Plan Rows": 4523929, "Plan Width": 8}, {"Node Type": "Hash", "Parent Relationship": "Inner", "Startup Cost": 17436.46, "Total Cost": 17436.46, "Plan Rows": 16, "Plan Width": 4, "Plans": [{"Node Type": "Streaming(type: BROADCAST dop: 16/1)", "Parent Relationship": "Outer", "Startup Cost": 0.0, "Total Cost": 17436.46, "Plan Rows": 16, "Plan Width": 4, "Plans": [{"Node Type": "Seq Scan", "Parent Relationship": "Outer", "Relation Name": "keyword", "Alias": "k", "Startup Cost": 0.0, "Total Cost": 2436.11, "Plan Rows": 1, "Plan Width": 4, "Filter": "((keyword)::text = 'sequel'::text)"}]}]}]}]}, {"Node Type": "Hash", "Parent Relationship": "Inner", "Startup Cost": 20051.44, "Total Cost": 20051.44, "Plan Rows": 19, "Plan Width": 29, "Plans": [{"Node Type": "Hash Join", "Parent Relationship": "Outer", "Join Type": "Inner", "Startup Cost": 19544.55, "Total Cost": 20051.44, "Plan Rows": 19, "Plan Width": 29, "Inner Unique": true, "Hash Cond": "(ml.movie_id = t.id)", "Plans": [{"Node Type": "Seq Scan", "Parent Relationship": "Outer", "Relation Name": "movie_link", "Alias": "ml", "Startup Cost": 0.0, "Total Cost": 430.96, "Plan Rows": 29996, "Plan Width": 8}, {"Node Type": "Hash", "Parent Relationship": "Inner", "Startup Cost": 19544.5, "Total Cost": 19544.5, "Plan Rows": 4, "Plan Width": 21, "Plans": [{"Node Type": "Streaming(type: LOCAL GATHER dop: 1/16)", "Parent Relationship": "Outer", "Startup Cost": 0.0, "Total Cost": 19544.5, "Plan Rows": 4, "Plan Width": 21, "Plans": [{"Node Type": "Seq Scan", "Parent Relationship": "Outer", "Relation Name": "title", "Alias": "t", "Startup Cost": 0.0, "Total Cost": 19544.42, "Plan Rows": 4, "Plan Width": 21, "Filter": "(((title)::text ~~ '%Money%'::text) AND (production_year = 1998))"}]}]}]}]}]}, {"Node Type": "Hash", "Parent Relationship": "Inner", "Startup Cost": 1.21, "Total Cost": 1.21, "Plan Rows": 1, "Plan Width": 16, "Plans": [{"Node Type": "Seq Scan", "Parent Relationship": "Outer", "Relation Name": "link_type", "Alias": "lt", "Startup Cost": 0.0, "Total Cost": 1.21, "Plan Rows": 1, "Plan Width": 16, "Filter": "((link)::text ~~ '%follows%'::text)"}]}]}]}, {"Node Type": "Hash", "Parent Relationship": "Inner", "Startup Cost": 17613.58, "Total Cost": 17613.58, "Plan Rows": 1269486, "Plan Width": 12, "Plans": [{"Node Type": "Seq Scan", "Parent Relationship": "Outer", "Relation Name": "movie_companies", "Alias": "mc", "Startup Cost": 0.0, "Total Cost": 17613.58, "Plan Rows": 1269486, "Plan Width": 12, "Filter": "(note IS NULL), (LLVM Optimized)"}]}]}]}, {"Node Type": "Hash", "Parent Relationship": "Inner", "Startup Cost": 7078.43, "Total Cost": 7078.43, "Plan Rows": 57599, "Plan Width": 23, "Plans": [{"Node Type": "Seq Scan", "Parent Relationship": "Outer", "Relation Name": "company_name", "Alias": "cn", "Startup Cost": 0.0, "Total Cost": 7078.43, "Plan Rows": 57599, "Plan Width": 23, "Filter": "(((country_code)::text <> '[pl]'::text) AND (((name)::text ~~ '%Film%'::text) OR ((name)::text ~~ '%Warner%'::text)))"}]}]}, {"Node Type": "Hash", "Parent Relationship": "Inner", "Startup Cost": 1.04, "Total Cost": 1.04, "Plan Rows": 1, "Plan Width": 4, "Plans": [{"Node Type": "Seq Scan", "Parent Relationship": "Outer", "Relation Name": "company_type", "Alias": "ct", "Startup Cost": 0.0, "Total Cost": 1.04, "Plan Rows": 1, "Plan Width": 4, "Filter": "((kind)::text = 'production companies'::text)"}]}]}]}, "Unique SQL Id": 4121279504}, "explain_analyze_plan": {"Plan": {"Node Type": "Aggregate", "Strategy": "Plain", "Startup Cost": 98506.76, "Total Cost": 98506.77, "Plan Rows": 1, "Plan Width": 144, "Actual Min Startup Time": 180.854, "Actual Max Startup Time": 180.854, "Actual Min Total Time": 180.855, "Actual Max Total Time": 180.855, "Actual Total Rows": 1, "Plans": [{"Node Type": "Hash Join", "Parent Relationship": "Outer", "Join Type": "Inner", "Startup Cost": 63894.21, "Total Cost": 98506.75, "Plan Rows": 1, "Plan Width": 48, "Actual Min Startup Time": 180.843, "Actual Max Startup Time": 180.843, "Actual Min Total Time": 180.843, "Actual Max Total Time": 180.843, "Actual Total Rows": 0, "Inner Unique": true, "Hash Cond": "(mc.company_type_id = ct.id)", "Plans": [{"Node Type": "Hash Join", "Parent Relationship": "Outer", "Join Type": "Inner", "Startup Cost": 63893.16, "Total Cost": 98505.69, "Plan Rows": 1, "Plan Width": 52, "Actual Min Startup Time": 180.601, "Actual Max Startup Time": 180.601, "Actual Min Total Time": 180.601, "Actual Max Total Time": 180.601, "Actual Total Rows": 0, "Inner Unique": true, "Hash Cond": "(mc.company_id = cn.id)", "Plans": [{"Node Type": "Streaming(type: LOCAL GATHER dop: 1/16)", "Parent Relationship": "Outer", "Startup Cost": 56094.74, "Total Cost": 90707.25, "Plan Rows": 1, "Plan Width": 37, "Actual Min Startup Time": 0.029, "Actual Max Startup Time": 0.029, "Actual Min Total Time": 0.029, "Actual Max Total Time": 0.029, "Actual Total Rows": 0, "Plans": [{"Node Type": "Hash Join", "Parent Relationship": "Outer", "Join Type": "Inner", "Startup Cost": 56094.74, "Total Cost": 90707.23, "Plan Rows": 1, "Plan Width": 37, "Actual Min Startup Time": 58.496, "Actual Max Startup Time": 73.277, "Actual Min Total Time": 58.496, "Actual Max Total Time": 73.277, "Actual Total Rows": 0, "Inner Unique": false, "Hash Cond": "(ml.movie_id = mc.movie_id)", "Plans": [{"Node Type": "Streaming(type: BROADCAST dop: 16/1)", "Parent Relationship": "Outer", "Startup Cost": 37489.38, "Total Cost": 72101.84, "Plan Rows": 16, "Plan Width": 41, "Actual Min Startup Time": 0.003, "Actual Max Startup Time": 0.008, "Actual Min Total Time": 0.003, "Actual Max Total Time": 0.008, "Actual Total Rows": 0, "Plans": [{"Node Type": "Hash Join", "Parent Relationship": "Outer", "Join Type": "Inner", "Startup Cost": 37489.38, "Total Cost": 57101.49, "Plan Rows": 1, "Plan Width": 41, "Actual Min Startup Time": 0.107, "Actual Max Startup Time": 0.107, "Actual Min Total Time": 0.107, "Actual Max Total Time": 0.107, "Actual Total Rows": 0, "Inner Unique": true, "Hash Cond": "(ml.link_type_id = lt.id)", "Plans": [{"Node Type": "Hash Join", "Parent Relationship": "Outer", "Join Type": "Inner", "Startup Cost": 37488.15, "Total Cost": 57100.25, "Plan Rows": 3, "Plan Width": 33, "Actual Startup Time": 0.0, "Actual Total Time": 0.0, "Inner Unique": false, "Hash Cond": "(mk.movie_id = ml.movie_id)", "Plans": [{"Node Type": "Streaming(type: LOCAL GATHER dop: 1/16)", "Parent Relationship": "Outer", "Startup Cost": 17436.47, "Total Cost": 37048.41, "Plan Rows": 33, "Plan Width": 4, "Actual Startup Time": 0.0, "Actual Total Time": 0.0, "Plans": [{"Node Type": "Hash Join", "Parent Relationship": "Outer", "Join Type": "Inner", "Startup Cost": 17436.47, "Total Cost": 37047.7, "Plan Rows": 33, "Plan Width": 4, "Actual Min Startup Time": 39.452, "Actual Max Startup Time": 61.641, "Actual Min Total Time": 39.452, "Actual Max Total Time": 61.641, "Actual Total Rows": 16, "Inner Unique": true, "Hash Cond": "(mk.keyword_id = k.id)", "Plans": [{"Node Type": "Seq Scan", "Parent Relationship": "Outer", "Relation Name": "movie_keyword", "Alias": "mk", "Startup Cost": 0.0, "Total Cost": 18902.58, "Plan Rows": 4523929, "Plan Width": 8, "Actual Min Startup Time": 0.053, "Actual Max Startup Time": 0.076, "Actual Min Total Time": 0.063, "Actual Max Total Time": 6.195, "Actual Total Rows": 91562}, {"Node Type": "Hash", "Parent Relationship": "Inner", "Startup Cost": 17436.46, "Total Cost": 17436.46, "Plan Rows": 16, "Plan Width": 4, "Actual Min Startup Time": 38.945, "Actual Max Startup Time": 60.674, "Actual Min Total Time": 38.945, "Actual Max Total Time": 60.674, "Actual Total Rows": 16, "Max Hash Buckets": 32768, "Min Hash Buckets": 32768, "Max Hash Batches": 1, "Min Hash Batches": 1, "Max Original Hash Batches": 1, "Min Original Hash Batches": 1, "Max Peak Memory Usage": 1, "min Peak Memory Usage": 1, "Plans": [{"Node Type": "Streaming(type: BROADCAST dop: 16/1)", "Parent Relationship": "Outer", "Startup Cost": 0.0, "Total Cost": 17436.46, "Plan Rows": 16, "Plan Width": 4, "Actual Min Startup Time": 38.931, "Actual Max Startup Time": 60.664, "Actual Min Total Time": 38.932, "Actual Max Total Time": 60.665, "Actual Total Rows": 16, "Plans": [{"Node Type": "Seq Scan", "Parent Relationship": "Outer", "Relation Name": "keyword", "Alias": "k", "Startup Cost": 0.0, "Total Cost": 2436.11, "Plan Rows": 1, "Plan Width": 4, "Actual Min Startup Time": 2.418, "Actual Max Startup Time": 2.418, "Actual Min Total Time": 41.255, "Actual Max Total Time": 41.255, "Actual Total Rows": 1, "Filter": "((keyword)::text = 'sequel'::text)", "Rows Removed by Filter": 134168}]}]}]}]}, {"Node Type": "Hash", "Parent Relationship": "Inner", "Startup Cost": 20051.44, "Total Cost": 20051.44, "Plan Rows": 19, "Plan Width": 29, "Actual Startup Time": 0.0, "Actual Total Time": 0.0, "Max Hash Buckets": 0, "Min Hash Buckets": 0, "Max Hash Batches": 0, "Min Hash Batches": 0, "Max Original Hash Batches": 0, "Min Original Hash Batches": 0, "Max Peak Memory Usage": 0, "min Peak Memory Usage": 0, "Plans": [{"Node Type": "Hash Join", "Parent Relationship": "Outer", "Join Type": "Inner", "Startup Cost": 19544.55, "Total Cost": 20051.44, "Plan Rows": 19, "Plan Width": 29, "Actual Startup Time": 0.0, "Actual Total Time": 0.0, "Inner Unique": true, "Hash Cond": "(ml.movie_id = t.id)", "Plans": [{"Node Type": "Seq Scan", "Parent Relationship": "Outer", "Relation Name": "movie_link", "Alias": "ml", "Startup Cost": 0.0, "Total Cost": 430.96, "Plan Rows": 29996, "Plan Width": 8, "Actual Startup Time": 0.0, "Actual Total Time": 0.0}, {"Node Type": "Hash", "Parent Relationship": "Inner", "Startup Cost": 19544.5, "Total Cost": 19544.5, "Plan Rows": 4, "Plan Width": 21, "Actual Startup Time": 0.0, "Actual Total Time": 0.0, "Max Hash Buckets": 0, "Min Hash Buckets": 0, "Max Hash Batches": 0, "Min Hash Batches": 0, "Max Original Hash Batches": 0, "Min Original Hash Batches": 0, "Max Peak Memory Usage": 0, "min Peak Memory Usage": 0, "Plans": [{"Node Type": "Streaming(type: LOCAL GATHER dop: 1/16)", "Parent Relationship": "Outer", "Startup Cost": 0.0, "Total Cost": 19544.5, "Plan Rows": 4, "Plan Width": 21, "Actual Startup Time": 0.0, "Actual Total Time": 0.0, "Plans": [{"Node Type": "Seq Scan", "Parent Relationship": "Outer", "Relation Name": "title", "Alias": "t", "Startup Cost": 0.0, "Total Cost": 19544.42, "Plan Rows": 4, "Plan Width": 21, "Actual Min Startup Time": 1.458, "Actual Max Startup Time": 64.188, "Actual Min Total Time": 8.373, "Actual Max Total Time": 64.188, "Actual Total Rows": 16, "Filter": "(((title)::text ~~ '%Money%'::text) AND (production_year = 1998))", "Rows Removed by Filter": 1196505}]}]}]}]}]}, {"Node Type": "Hash", "Parent Relationship": "Inner", "Startup Cost": 1.21, "Total Cost": 1.21, "Plan Rows": 1, "Plan Width": 16, "Actual Min Startup Time": 0.039, "Actual Max Startup Time": 0.039, "Actual Min Total Time": 0.039, "Actual Max Total Time": 0.039, "Actual Total Rows": 0, "Max Hash Buckets": 32768, "Min Hash Buckets": 32768, "Max Hash Batches": 1, "Min Hash Batches": 1, "Max Original Hash Batches": 1, "Min Original Hash Batches": 1, "Max Peak Memory Usage": 0, "min Peak Memory Usage": 0, "Plans": [{"Node Type": "Seq Scan", "Parent Relationship": "Outer", "Relation Name": "link_type", "Alias": "lt", "Startup Cost": 0.0, "Total Cost": 1.21, "Plan Rows": 1, "Plan Width": 16, "Actual Min Startup Time": 0.036, "Actual Max Startup Time": 0.036, "Actual Min Total Time": 0.036, "Actual Max Total Time": 0.036, "Actual Total Rows": 0, "Filter": "((link)::text ~~ '%follows%'::text)", "Rows Removed by Filter": 17}]}]}]}, {"Node Type": "Hash", "Parent Relationship": "Inner", "Startup Cost": 17613.58, "Total Cost": 17613.58, "Plan Rows": 1269486, "Plan Width": 12, "Actual Min Startup Time": 58.363, "Actual Max Startup Time": 73.139, "Actual Min Total Time": 58.363, "Actual Max Total Time": 73.139, "Actual Total Rows": 1271989, "Max Hash Buckets": 131072, "Min Hash Buckets": 131072, "Max Hash Batches": 1, "Min Hash Batches": 1, "Max Original Hash Batches": 1, "Min Original Hash Batches": 1, "Max Peak Memory Usage": 3560, "min Peak Memory Usage": 3560, "Plans": [{"Node Type": "Seq Scan", "Parent Relationship": "Outer", "Relation Name": "movie_companies", "Alias": "mc", "Startup Cost": 0.0, "Total Cost": 17613.58, "Plan Rows": 1269486, "Plan Width": 12, "Actual Min Startup Time": 0.026, "Actual Max Startup Time": 0.14, "Actual Min Total Time": 40.995, "Actual Max Total Time": 50.611, "Actual Total Rows": 1271989, "Filter": "(note IS NULL), (LLVM Optimized)", "Rows Removed by Filter": 1337139}]}]}]}, {"Node Type": "Hash", "Parent Relationship": "Inner", "Startup Cost": 7078.43, "Total Cost": 7078.43, "Plan Rows": 57599, "Plan Width": 23, "Actual Min Startup Time": 180.511, "Actual Max Startup Time": 180.511, "Actual Min Total Time": 180.511, "Actual Max Total Time": 180.511, "Actual Total Rows": 48302, "Max Hash Buckets": 65536, "Min Hash Buckets": 65536, "Max Hash Batches": 1, "Min Hash Batches": 1, "Max Original Hash Batches": 1, "Min Original Hash Batches": 1, "Max Peak Memory Usage": 2625, "min Peak Memory Usage": 2625, "Plans": [{"Node Type": "Seq Scan", "Parent Relationship": "Outer", "Relation Name": "company_name", "Alias": "cn", "Startup Cost": 0.0, "Total Cost": 7078.43, "Plan Rows": 57599, "Plan Width": 23, "Actual Min Startup Time": 0.036, "Actual Max Startup Time": 0.036, "Actual Min Total Time": 164.519, "Actual Max Total Time": 164.519, "Actual Total Rows": 48302, "Filter": "(((country_code)::text <> '[pl]'::text) AND (((name)::text ~~ '%Film%'::text) OR ((name)::text ~~ '%Warner%'::text)))", "Rows Removed by Filter": 186694}]}]}, {"Node Type": "Hash", "Parent Relationship": "Inner", "Startup Cost": 1.04, "Total Cost": 1.04, "Plan Rows": 1, "Plan Width": 4, "Actual Min Startup Time": 0.089, "Actual Max Startup Time": 0.089, "Actual Min Total Time": 0.089, "Actual Max Total Time": 0.089, "Actual Total Rows": 1, "Max Hash Buckets": 32768, "Min Hash Buckets": 32768, "Max Hash Batches": 1, "Min Hash Batches": 1, "Max Original Hash Batches": 1, "Min Original Hash Batches": 1, "Max Peak Memory Usage": 1, "min Peak Memory Usage": 1, "Plans": [{"Node Type": "Seq Scan", "Parent Relationship": "Outer", "Relation Name": "company_type", "Alias": "ct", "Startup Cost": 0.0, "Total Cost": 1.04, "Plan Rows": 1, "Plan Width": 4, "Actual Min Startup Time": 0.065, "Actual Max Startup Time": 0.065, "Actual Min Total Time": 0.07, "Actual Max Total Time": 0.07, "Actual Total Rows": 1, "Filter": "((kind)::text = 'production companies'::text)", "Rows Removed by Filter": 2}]}]}]}, "Triggers": [], "Planner Runtime": 364.143, "Total Runtime": 201.218, "Unique SQL Id": 4121279504}}, "(16, 111)": {"explain_plan": {"Plan": {"Node Type": "Aggregate", "Strategy": "Plain", "Startup Cost": 8000012610315.01, "Total Cost": 8000012610315.02, "Plan Rows": 1, "Plan Width": 144, "Plans": [{"Node Type": "Hash Join", "Parent Relationship": "Outer", "Join Type": "Inner", "Startup Cost": 3050012278694.0, "Total Cost": 8000012610315.0, "Plan Rows": 1, "Plan Width": 48, "Inner Unique": true, "Hash Cond": "(ml.link_type_id = lt.id)", "Plans": [{"Node Type": "Nested Loop", "Parent Relationship": "Outer", "Join Type": "Inner", "Startup Cost": 2050012277439.23, "Total Cost": 7000012609060.23, "Plan Rows": 1, "Plan Width": 40, "Inner Unique": false, "Join Filter": "(t.id = ml.movie_id)", "Plans": [{"Node Type": "Hash Join", "Parent Relationship": "Outer", "Join Type": "Inner", "Startup Cost": 2040012277439.23, "Total Cost": 6000012609025.14, "Plan Rows": 1, "Plan Width": 48, "Inner Unique": true, "Hash Cond": "(mc.company_type_id = ct.id)", "Plans": [{"Node Type": "Nested Loop", "Parent Relationship": "Outer", "Join Type": "Inner", "Startup Cost": 1040012276208.97, "Total Cost": 5000012607794.87, "Plan Rows": 1, "Plan Width": 52, "Inner Unique": true, "Plans": [{"Node Type": "Nested Loop", "Parent Relationship": "Outer", "Join Type": "Inner", "Startup Cost": 1030012276208.97, "Total Cost": 4000012607766.05, "Plan Rows": 1, "Plan Width": 37, "Inner Unique": false, "Join Filter": "(t.id = mc.movie_id)", "Plans": [{"Node Type": "Hash Join", "Parent Relationship": "Outer", "Join Type": "Inner", "Startup Cost": 1020012276208.97, "Total Cost": 3000012607734.78, "Plan Rows": 1, "Plan Width": 25, "Inner Unique": true, "Hash Cond": "(mk.movie_id = t.id)", "Plans": [{"Node Type": "Nested Loop", "Parent Relationship": "Outer", "Join Type": "Inner", "Startup Cost": 20000000004.51, "Total Cost": 2000000331530.23, "Plan Rows": 33, "Plan Width": 4, "Inner Unique": false, "Plans": [{"Node Type": "Index Scan", "Parent Relationship": "Outer", "Scan Direction": "Forward", "Index Name": "keyword_pkey", "Relation Name": "keyword", "Alias": "k", "Startup Cost": 10000000000.0, "Total Cost": 1000000318271.68, "Plan Rows": 1, "Plan Width": 4, "Filter": "((keyword)::text = 'sequel'::text)"}, {"Node Type": "Bitmap Heap Scan", "Parent Relationship": "Inner", "Relation Name": "movie_keyword", "Alias": "mk", "Startup Cost": 10000000004.51, "Total Cost": 1000000013258.21, "Plan Rows": 33, "Plan Width": 8, "Recheck Cond": "(keyword_id = k.id)", "Plans": [{"Node Type": "Bitmap Index Scan", "Parent Relationship": "Outer", "Index Name": "keyword_id_movie_keyword", "Startup Cost": 0.0, "Total Cost": 4.5, "Plan Rows": 33, "Plan Width": 0, "Index Cond": "(keyword_id = k.id)"}]}]}, {"Node Type": "Hash", "Parent Relationship": "Inner", "Startup Cost": 1000012276204.41, "Total Cost": 1000012276204.41, "Plan Rows": 4, "Plan Width": 21, "Plans": [{"Node Type": "Index Scan", "Parent Relationship": "Outer", "Scan Direction": "Forward", "Index Name": "title_pkey", "Relation Name": "title", "Alias": "t", "Startup Cost": 10000000000.0, "Total Cost": 1000012276204.41, "Plan Rows": 4, "Plan Width": 21, "Filter": "(((title)::text ~~ '%Money%'::text) AND (production_year = 1998))"}]}]}, {"Node Type": "Index Scan", "Parent Relationship": "Inner", "Scan Direction": "Forward", "Index Name": "movie_id_movie_companies", "Relation Name": "movie_companies", "Alias": "mc", "Startup Cost": 10000000000.0, "Total Cost": 1000000000031.24, "Plan Rows": 2, "Plan Width": 12, "Index Cond": "(movie_id = mk.movie_id)", "Filter": "(note IS NULL)"}]}, {"Node Type": "Index Scan", "Parent Relationship": "Inner", "Scan Direction": "Forward", "Index Name": "company_name_pkey", "Relation Name": "company_name", "Alias": "cn", "Startup Cost": 10000000000.0, "Total Cost": 1000000000028.81, "Plan Rows": 1, "Plan Width": 23, "Index Cond": "(id = mc.company_id)", "Filter": "(((country_code)::text <> '[pl]'::text) AND (((name)::text ~~ '%Film%'::text) OR ((name)::text ~~ '%Warner%'::text)))"}]}, {"Node Type": "Hash", "Parent Relationship": "Inner", "Startup Cost": 1000000001230.25, "Total Cost": 1000000001230.25, "Plan Rows": 1, "Plan Width": 4, "Plans": [{"Node Type": "Index Scan", "Parent Relationship": "Outer", "Scan Direction": "Forward", "Index Name": "company_type_pkey", "Relation Name": "company_type", "Alias": "ct", "Startup Cost": 10000000000.0, "Total Cost": 1000000001230.25, "Plan Rows": 1, "Plan Width": 4, "Filter": "((kind)::text = 'production companies'::text)"}]}]}, {"Node Type": "Index Scan", "Parent Relationship": "Inner", "Scan Direction": "Forward", "Index Name": "movie_id_movie_link", "Relation Name": "movie_link", "Alias": "ml", "Startup Cost": 10000000000.0, "Total Cost": 1000000000035.02, "Plan Rows": 5, "Plan Width": 8, "Index Cond": "(movie_id = mk.movie_id)"}]}, {"Node Type": "Hash", "Parent Relationship": "Inner", "Startup Cost": 1000000001254.75, "Total Cost": 1000000001254.75, "Plan Rows": 1, "Plan Width": 16, "Plans": [{"Node Type": "Index Scan", "Parent Relationship": "Outer", "Scan Direction": "Forward", "Index Name": "link_type_pkey", "Relation Name": "link_type", "Alias": "lt", "Startup Cost": 10000000000.0, "Total Cost": 1000000001254.75, "Plan Rows": 1, "Plan Width": 16, "Filter": "((link)::text ~~ '%follows%'::text)"}]}]}]}, "Unique SQL Id": 4121279504}, "explain_analyze_plan": {"Plan": {"Node Type": "Aggregate", "Strategy": "Plain", "Startup Cost": 8000012610315.01, "Total Cost": 8000012610315.02, "Plan Rows": 1, "Plan Width": 144, "Actual Startup Time": 0.115, "Actual Total Time": 0.115, "Actual Rows": 1, "Actual Loops": 1, "Plans": [{"Node Type": "Hash Join", "Parent Relationship": "Outer", "Join Type": "Inner", "Startup Cost": 3050012278694.0, "Total Cost": 8000012610315.0, "Plan Rows": 1, "Plan Width": 48, "Actual Startup Time": 0.107, "Actual Total Time": 0.107, "Actual Rows": 0, "Actual Loops": 1, "Inner Unique": true, "Hash Cond": "(ml.link_type_id = lt.id)", "Plans": [{"Node Type": "Nested Loop", "Parent Relationship": "Outer", "Join Type": "Inner", "Startup Cost": 2050012277439.23, "Total Cost": 7000012609060.23, "Plan Rows": 1, "Plan Width": 40, "Actual Startup Time": 0.0, "Actual Total Time": 0.0, "Inner Unique": false, "Join Filter": "(t.id = ml.movie_id)", "Rows Removed by Join Filter": 0, "Plans": [{"Node Type": "Hash Join", "Parent Relationship": "Outer", "Join Type": "Inner", "Startup Cost": 2040012277439.23, "Total Cost": 6000012609025.14, "Plan Rows": 1, "Plan Width": 48, "Actual Startup Time": 0.0, "Actual Total Time": 0.0, "Inner Unique": true, "Hash Cond": "(mc.company_type_id = ct.id)", "Plans": [{"Node Type": "Nested Loop", "Parent Relationship": "Outer", "Join Type": "Inner", "Startup Cost": 1040012276208.97, "Total Cost": 5000012607794.87, "Plan Rows": 1, "Plan Width": 52, "Actual Startup Time": 0.0, "Actual Total Time": 0.0, "Inner Unique": true, "Plans": [{"Node Type": "Nested Loop", "Parent Relationship": "Outer", "Join Type": "Inner", "Startup Cost": 1030012276208.97, "Total Cost": 4000012607766.05, "Plan Rows": 1, "Plan Width": 37, "Actual Startup Time": 0.0, "Actual Total Time": 0.0, "Inner Unique": false, "Join Filter": "(t.id = mc.movie_id)", "Rows Removed by Join Filter": 0, "Plans": [{"Node Type": "Hash Join", "Parent Relationship": "Outer", "Join Type": "Inner", "Startup Cost": 1020012276208.97, "Total Cost": 3000012607734.78, "Plan Rows": 1, "Plan Width": 25, "Actual Startup Time": 0.0, "Actual Total Time": 0.0, "Inner Unique": true, "Hash Cond": "(mk.movie_id = t.id)", "Plans": [{"Node Type": "Nested Loop", "Parent Relationship": "Outer", "Join Type": "Inner", "Startup Cost": 20000000004.51, "Total Cost": 2000000331530.23, "Plan Rows": 33, "Plan Width": 4, "Actual Startup Time": 0.0, "Actual Total Time": 0.0, "Inner Unique": false, "Plans": [{"Node Type": "Index Scan", "Parent Relationship": "Outer", "Scan Direction": "Forward", "Index Name": "keyword_pkey", "Relation Name": "keyword", "Alias": "k", "Startup Cost": 10000000000.0, "Total Cost": 1000000318271.68, "Plan Rows": 1, "Plan Width": 4, "Actual Startup Time": 0.0, "Actual Total Time": 0.0, "Filter": "((keyword)::text = 'sequel'::text)", "Rows Removed by Filter": 0}, {"Node Type": "Bitmap Heap Scan", "Parent Relationship": "Inner", "Relation Name": "movie_keyword", "Alias": "mk", "Startup Cost": 10000000004.51, "Total Cost": 1000000013258.21, "Plan Rows": 33, "Plan Width": 8, "Actual Startup Time": 0.0, "Actual Total Time": 0.0, "Recheck Cond": "(keyword_id = k.id)", "Rows Removed by Index Recheck": 0, "Exact Heap Blocks": 0, "Lossy Heap Blocks": 0, "Plans": [{"Node Type": "Bitmap Index Scan", "Parent Relationship": "Outer", "Index Name": "keyword_id_movie_keyword", "Startup Cost": 0.0, "Total Cost": 4.5, "Plan Rows": 33, "Plan Width": 0, "Actual Startup Time": 0.0, "Actual Total Time": 0.0, "Index Cond": "(keyword_id = k.id)"}]}]}, {"Node Type": "Hash", "Parent Relationship": "Inner", "Startup Cost": 1000012276204.41, "Total Cost": 1000012276204.41, "Plan Rows": 4, "Plan Width": 21, "Actual Startup Time": 0.0, "Actual Total Time": 0.0, "Hash Buckets": 0, "Hash Batches": 0, "Original Hash Batches": 0, "Peak Memory Usage": 0, "Plans": [{"Node Type": "Index Scan", "Parent Relationship": "Outer", "Scan Direction": "Forward", "Index Name": "title_pkey", "Relation Name": "title", "Alias": "t", "Startup Cost": 10000000000.0, "Total Cost": 1000012276204.41, "Plan Rows": 4, "Plan Width": 21, "Actual Startup Time": 0.0, "Actual Total Time": 0.0, "Filter": "(((title)::text ~~ '%Money%'::text) AND (production_year = 1998))", "Rows Removed by Filter": 0}]}]}, {"Node Type": "Index Scan", "Parent Relationship": "Inner", "Scan Direction": "Forward", "Index Name": "movie_id_movie_companies", "Relation Name": "movie_companies", "Alias": "mc", "Startup Cost": 10000000000.0, "Total Cost": 1000000000031.24, "Plan Rows": 2, "Plan Width": 12, "Actual Startup Time": 0.0, "Actual Total Time": 0.0, "Index Cond": "(movie_id = mk.movie_id)", "Rows Removed by Index Recheck": 0, "Filter": "(note IS NULL)", "Rows Removed by Filter": 0}]}, {"Node Type": "Index Scan", "Parent Relationship": "Inner", "Scan Direction": "Forward", "Index Name": "company_name_pkey", "Relation Name": "company_name", "Alias": "cn", "Startup Cost": 10000000000.0, "Total Cost": 1000000000028.81, "Plan Rows": 1, "Plan Width": 23, "Actual Startup Time": 0.0, "Actual Total Time": 0.0, "Index Cond": "(id = mc.company_id)", "Rows Removed by Index Recheck": 0, "Filter": "(((country_code)::text <> '[pl]'::text) AND (((name)::text ~~ '%Film%'::text) OR ((name)::text ~~ '%Warner%'::text)))", "Rows Removed by Filter": 0}]}, {"Node Type": "Hash", "Parent Relationship": "Inner", "Startup Cost": 1000000001230.25, "Total Cost": 1000000001230.25, "Plan Rows": 1, "Plan Width": 4, "Actual Startup Time": 0.0, "Actual Total Time": 0.0, "Hash Buckets": 0, "Hash Batches": 0, "Original Hash Batches": 0, "Peak Memory Usage": 0, "Plans": [{"Node Type": "Index Scan", "Parent Relationship": "Outer", "Scan Direction": "Forward", "Index Name": "company_type_pkey", "Relation Name": "company_type", "Alias": "ct", "Startup Cost": 10000000000.0, "Total Cost": 1000000001230.25, "Plan Rows": 1, "Plan Width": 4, "Actual Startup Time": 0.0, "Actual Total Time": 0.0, "Filter": "((kind)::text = 'production companies'::text)", "Rows Removed by Filter": 0}]}]}, {"Node Type": "Index Scan", "Parent Relationship": "Inner", "Scan Direction": "Forward", "Index Name": "movie_id_movie_link", "Relation Name": "movie_link", "Alias": "ml", "Startup Cost": 10000000000.0, "Total Cost": 1000000000035.02, "Plan Rows": 5, "Plan Width": 8, "Actual Startup Time": 0.0, "Actual Total Time": 0.0, "Index Cond": "(movie_id = mk.movie_id)", "Rows Removed by Index Recheck": 0}]}, {"Node Type": "Hash", "Parent Relationship": "Inner", "Startup Cost": 1000000001254.75, "Total Cost": 1000000001254.75, "Plan Rows": 1, "Plan Width": 16, "Actual Startup Time": 0.054, "Actual Total Time": 0.054, "Actual Rows": 0, "Actual Loops": 1, "Hash Buckets": 32768, "Hash Batches": 1, "Original Hash Batches": 1, "Peak Memory Usage": 0, "Plans": [{"Node Type": "Index Scan", "Parent Relationship": "Outer", "Scan Direction": "Forward", "Index Name": "link_type_pkey", "Relation Name": "link_type", "Alias": "lt", "Startup Cost": 10000000000.0, "Total Cost": 1000000001254.75, "Plan Rows": 1, "Plan Width": 16, "Actual Startup Time": 0.051, "Actual Total Time": 0.051, "Actual Rows": 0, "Actual Loops": 1, "Filter": "((link)::text ~~ '%follows%'::text)", "Rows Removed by Filter": 17}]}]}]}, "Triggers": [], "Planner Runtime": 124.193, "Total Runtime": 0.478, "Unique SQL Id": 4121279504}}, "(16, 112)": {"explain_plan": {"Plan": {"Node Type": "Aggregate", "Strategy": "Plain", "Startup Cost": 2581.34, "Total Cost": 2581.35, "Plan Rows": 1, "Plan Width": 144, "Plans": [{"Node Type": "Nested Loop", "Parent Relationship": "Outer", "Join Type": "Inner", "Startup Cost": 4.51, "Total Cost": 2581.33, "Plan Rows": 1, "Plan Width": 48, "Inner Unique": true, "Plans": [{"Node Type": "Nested Loop", "Parent Relationship": "Outer", "Join Type": "Inner", "Startup Cost": 4.51, "Total Cost": 2581.05, "Plan Rows": 1, "Plan Width": 40, "Inner Unique": false, "Join Filter": "(t.id = ml.movie_id)", "Plans": [{"Node Type": "Nested Loop", "Parent Relationship": "Outer", "Join Type": "Inner", "Startup Cost": 4.51, "Total Cost": 2580.63, "Plan Rows": 1, "Plan Width": 48, "Inner Unique": true, "Plans": [{"Node Type": "Nested Loop", "Parent Relationship": "Outer", "Join Type": "Inner", "Startup Cost": 4.51, "Total Cost": 2580.35, "Plan Rows": 1, "Plan Width": 52, "Inner Unique": true, "Plans": [{"Node Type": "Nested Loop", "Parent Relationship": "Outer", "Join Type": "Inner", "Startup Cost": 4.51, "Total Cost": 2580.05, "Plan Rows": 1, "Plan Width": 37, "Inner Unique": false, "Join Filter": "(t.id = mc.movie_id)", "Plans": [{"Node Type": "Nested Loop", "Parent Relationship": "Outer", "Join Type": "Inner", "Startup Cost": 4.51, "Total Cost": 2579.71, "Plan Rows": 1, "Plan Width": 25, "Inner Unique": true, "Plans": [{"Node Type": "Nested Loop", "Parent Relationship": "Outer", "Join Type": "Inner", "Startup Cost": 4.51, "Total Cost": 2569.02, "Plan Rows": 33, "Plan Width": 4, "Inner Unique": false, "Plans": [{"Node Type": "Seq Scan", "Parent Relationship": "Outer", "Relation Name": "keyword", "Alias": "k", "Startup Cost": 0.0, "Total Cost": 2436.11, "Plan Rows": 1, "Plan Width": 4, "Filter": "((keyword)::text = 'sequel'::text)"}, {"Node Type": "Bitmap Heap Scan", "Parent Relationship": "Inner", "Relation Name": "movie_keyword", "Alias": "mk", "Startup Cost": 4.51, "Total Cost": 132.58, "Plan Rows": 33, "Plan Width": 8, "Recheck Cond": "(keyword_id = k.id)", "Plans": [{"Node Type": "Bitmap Index Scan", "Parent Relationship": "Outer", "Index Name": "keyword_id_movie_keyword", "Startup Cost": 0.0, "Total Cost": 4.5, "Plan Rows": 33, "Plan Width": 0, "Index Cond": "(keyword_id = k.id)"}]}]}, {"Node Type": "Index Scan", "Parent Relationship": "Inner", "Scan Direction": "Forward", "Index Name": "title_pkey", "Relation Name": "title", "Alias": "t", "Startup Cost": 0.0, "Total Cost": 0.31, "Plan Rows": 1, "Plan Width": 21, "Index Cond": "(id = mk.movie_id)", "Filter": "(((title)::text ~~ '%Money%'::text) AND (production_year = 1998))"}]}, {"Node Type": "Index Scan", "Parent Relationship": "Inner", "Scan Direction": "Forward", "Index Name": "movie_id_movie_companies", "Relation Name": "movie_companies", "Alias": "mc", "Startup Cost": 0.0, "Total Cost": 0.31, "Plan Rows": 2, "Plan Width": 12, "Index Cond": "(movie_id = mk.movie_id)", "Filter": "(note IS NULL)"}]}, {"Node Type": "Index Scan", "Parent Relationship": "Inner", "Scan Direction": "Forward", "Index Name": "company_name_pkey", "Relation Name": "company_name", "Alias": "cn", "Startup Cost": 0.0, "Total Cost": 0.29, "Plan Rows": 1, "Plan Width": 23, "Index Cond": "(id = mc.company_id)", "Filter": "(((country_code)::text <> '[pl]'::text) AND (((name)::text ~~ '%Film%'::text) OR ((name)::text ~~ '%Warner%'::text)))"}]}, {"Node Type": "Index Scan", "Parent Relationship": "Inner", "Scan Direction": "Forward", "Index Name": "company_type_pkey", "Relation Name": "company_type", "Alias": "ct", "Startup Cost": 0.0, "Total Cost": 0.27, "Plan Rows": 1, "Plan Width": 4, "Index Cond": "(id = mc.company_type_id)", "Filter": "((kind)::text = 'production companies'::text)"}]}, {"Node Type": "Index Scan", "Parent Relationship": "Inner", "Scan Direction": "Forward", "Index Name": "movie_id_movie_link", "Relation Name": "movie_link", "Alias": "ml", "Startup Cost": 0.0, "Total Cost": 0.35, "Plan Rows": 5, "Plan Width": 8, "Index Cond": "(movie_id = mk.movie_id)"}]}, {"Node Type": "Index Scan", "Parent Relationship": "Inner", "Scan Direction": "Forward", "Index Name": "link_type_pkey", "Relation Name": "link_type", "Alias": "lt", "Startup Cost": 0.0, "Total Cost": 0.27, "Plan Rows": 1, "Plan Width": 16, "Index Cond": "(id = ml.link_type_id)", "Filter": "((link)::text ~~ '%follows%'::text)"}]}]}, "Unique SQL Id": 4121279504}, "explain_analyze_plan": {"Plan": {"Node Type": "Aggregate", "Strategy": "Plain", "Startup Cost": 2581.34, "Total Cost": 2581.35, "Plan Rows": 1, "Plan Width": 144, "Actual Startup Time": 126.718, "Actual Total Time": 126.718, "Actual Rows": 1, "Actual Loops": 1, "Plans": [{"Node Type": "Nested Loop", "Parent Relationship": "Outer", "Join Type": "Inner", "Startup Cost": 4.51, "Total Cost": 2581.33, "Plan Rows": 1, "Plan Width": 48, "Actual Startup Time": 126.712, "Actual Total Time": 126.712, "Actual Rows": 0, "Actual Loops": 1, "Inner Unique": true, "Plans": [{"Node Type": "Nested Loop", "Parent Relationship": "Outer", "Join Type": "Inner", "Startup Cost": 4.51, "Total Cost": 2581.05, "Plan Rows": 1, "Plan Width": 40, "Actual Startup Time": 6.094, "Actual Total Time": 126.628, "Actual Rows": 38, "Actual Loops": 1, "Inner Unique": false, "Join Filter": "(t.id = ml.movie_id)", "Rows Removed by Join Filter": 0, "Plans": [{"Node Type": "Nested Loop", "Parent Relationship": "Outer", "Join Type": "Inner", "Startup Cost": 4.51, "Total Cost": 2580.63, "Plan Rows": 1, "Plan Width": 48, "Actual Startup Time": 6.079, "Actual Total Time": 126.579, "Actual Rows": 2, "Actual Loops": 1, "Inner Unique": true, "Plans": [{"Node Type": "Nested Loop", "Parent Relationship": "Outer", "Join Type": "Inner", "Startup Cost": 4.51, "Total Cost": 2580.35, "Plan Rows": 1, "Plan Width": 52, "Actual Startup Time": 6.07, "Actual Total Time": 126.566, "Actual Rows": 2, "Actual Loops": 1, "Inner Unique": true, "Plans": [{"Node Type": "Nested Loop", "Parent Relationship": "Outer", "Join Type": "Inner", "Startup Cost": 4.51, "Total Cost": 2580.05, "Plan Rows": 1, "Plan Width": 37, "Actual Startup Time": 6.053, "Actual Total Time": 126.529, "Actual Rows": 3, "Actual Loops": 1, "Inner Unique": false, "Join Filter": "(t.id = mc.movie_id)", "Rows Removed by Join Filter": 0, "Plans": [{"Node Type": "Nested Loop", "Parent Relationship": "Outer", "Join Type": "Inner", "Startup Cost": 4.51, "Total Cost": 2579.71, "Plan Rows": 1, "Plan Width": 25, "Actual Startup Time": 6.03, "Actual Total Time": 126.501, "Actual Rows": 1, "Actual Loops": 1, "Inner Unique": true, "Plans": [{"Node Type": "Nested Loop", "Parent Relationship": "Outer", "Join Type": "Inner", "Startup Cost": 4.51, "Total Cost": 2569.02, "Plan Rows": 33, "Plan Width": 4, "Actual Startup Time": 5.681, "Actual Total Time": 64.348, "Actual Rows": 10544, "Actual Loops": 1, "Inner Unique": false, "Plans": [{"Node Type": "Seq Scan", "Parent Relationship": "Outer", "Relation Name": "keyword", "Alias": "k", "Startup Cost": 0.0, "Total Cost": 2436.11, "Plan Rows": 1, "Plan Width": 4, "Actual Startup Time": 2.377, "Actual Total Time": 41.877, "Actual Rows": 1, "Actual Loops": 1, "Filter": "((keyword)::text = 'sequel'::text)", "Rows Removed by Filter": 134168}, {"Node Type": "Bitmap Heap Scan", "Parent Relationship": "Inner", "Relation Name": "movie_keyword", "Alias": "mk", "Startup Cost": 4.51, "Total Cost": 132.58, "Plan Rows": 33, "Plan Width": 8, "Actual Startup Time": 3.296, "Actual Total Time": 20.334, "Actual Rows": 10544, "Actual Loops": 1, "Recheck Cond": "(keyword_id = k.id)", "Rows Removed by Index Recheck": 0, "Exact Heap Blocks": 5090, "Lossy Heap Blocks": 5090, "Plans": [{"Node Type": "Bitmap Index Scan", "Parent Relationship": "Outer", "Index Name": "keyword_id_movie_keyword", "Startup Cost": 0.0, "Total Cost": 4.5, "Plan Rows": 33, "Plan Width": 0, "Actual Startup Time": 2.369, "Actual Total Time": 2.369, "Actual Rows": 10544, "Actual Loops": 1, "Index Cond": "(keyword_id = k.id)"}]}]}, {"Node Type": "Index Scan", "Parent Relationship": "Inner", "Scan Direction": "Forward", "Index Name": "title_pkey", "Relation Name": "title", "Alias": "t", "Startup Cost": 0.0, "Total Cost": 0.31, "Plan Rows": 1, "Plan Width": 21, "Actual Startup Time": 56.882, "Actual Total Time": 56.882, "Actual Rows": 1, "Actual Loops": 10544, "Index Cond": "(id = mk.movie_id)", "Rows Removed by Index Recheck": 0, "Filter": "(((title)::text ~~ '%Money%'::text) AND (production_year = 1998))", "Rows Removed by Filter": 10543}]}, {"Node Type": "Index Scan", "Parent Relationship": "Inner", "Scan Direction": "Forward", "Index Name": "movie_id_movie_companies", "Relation Name": "movie_companies", "Alias": "mc", "Startup Cost": 0.0, "Total Cost": 0.31, "Plan Rows": 2, "Plan Width": 12, "Actual Startup Time": 0.018, "Actual Total Time": 0.02, "Actual Rows": 3, "Actual Loops": 1, "Index Cond": "(movie_id = mk.movie_id)", "Rows Removed by Index Recheck": 0, "Filter": "(note IS NULL)", "Rows Removed by Filter": 1}]}, {"Node Type": "Index Scan", "Parent Relationship": "Inner", "Scan Direction": "Forward", "Index Name": "company_name_pkey", "Relation Name": "company_name", "Alias": "cn", "Startup Cost": 0.0, "Total Cost": 0.29, "Plan Rows": 1, "Plan Width": 23, "Actual Startup Time": 0.032, "Actual Total Time": 0.032, "Actual Rows": 2, "Actual Loops": 3, "Index Cond": "(id = mc.company_id)", "Rows Removed by Index Recheck": 0, "Filter": "(((country_code)::text <> '[pl]'::text) AND (((name)::text ~~ '%Film%'::text) OR ((name)::text ~~ '%Warner%'::text)))", "Rows Removed by Filter": 1}]}, {"Node Type": "Index Scan", "Parent Relationship": "Inner", "Scan Direction": "Forward", "Index Name": "company_type_pkey", "Relation Name": "company_type", "Alias": "ct", "Startup Cost": 0.0, "Total Cost": 0.27, "Plan Rows": 1, "Plan Width": 4, "Actual Startup Time": 0.008, "Actual Total Time": 0.008, "Actual Rows": 2, "Actual Loops": 2, "Index Cond": "(id = mc.company_type_id)", "Rows Removed by Index Recheck": 0, "Filter": "((kind)::text = 'production companies'::text)", "Rows Removed by Filter": 0}]}, {"Node Type": "Index Scan", "Parent Relationship": "Inner", "Scan Direction": "Forward", "Index Name": "movie_id_movie_link", "Relation Name": "movie_link", "Alias": "ml", "Startup Cost": 0.0, "Total Cost": 0.35, "Plan Rows": 5, "Plan Width": 8, "Actual Startup Time": 0.016, "Actual Total Time": 0.031, "Actual Rows": 38, "Actual Loops": 2, "Index Cond": "(movie_id = mk.movie_id)", "Rows Removed by Index Recheck": 0}]}, {"Node Type": "Index Scan", "Parent Relationship": "Inner", "Scan Direction": "Forward", "Index Name": "link_type_pkey", "Relation Name": "link_type", "Alias": "lt", "Startup Cost": 0.0, "Total Cost": 0.27, "Plan Rows": 1, "Plan Width": 16, "Actual Startup Time": 0.064, "Actual Total Time": 0.064, "Actual Rows": 0, "Actual Loops": 38, "Index Cond": "(id = ml.link_type_id)", "Rows Removed by Index Recheck": 0, "Filter": "((link)::text ~~ '%follows%'::text)", "Rows Removed by Filter": 24}]}]}, "Triggers": [], "Planner Runtime": 87.526, "Total Runtime": 127.163, "Unique SQL Id": 4121279504}}, "(16, 113)": {"explain_plan": {"Plan": {"Node Type": "Aggregate", "Strategy": "Plain", "Startup Cost": 3327.94, "Total Cost": 3327.95, "Plan Rows": 1, "Plan Width": 144, "Plans": [{"Node Type": "Nested Loop", "Parent Relationship": "Outer", "Join Type": "Inner", "Startup Cost": 4.51, "Total Cost": 3327.93, "Plan Rows": 1, "Plan Width": 48, "Inner Unique": true, "Plans": [{"Node Type": "Nested Loop", "Parent Relationship": "Outer", "Join Type": "Inner", "Startup Cost": 4.51, "Total Cost": 3327.65, "Plan Rows": 1, "Plan Width": 40, "Inner Unique": false, "Join Filter": "(t.id = ml.movie_id)", "Plans": [{"Node Type": "Nested Loop", "Parent Relationship": "Outer", "Join Type": "Inner", "Startup Cost": 4.51, "Total Cost": 3327.24, "Plan Rows": 1, "Plan Width": 48, "Inner Unique": true, "Plans": [{"Node Type": "Nested Loop", "Parent Relationship": "Outer", "Join Type": "Inner", "Startup Cost": 4.51, "Total Cost": 3326.95, "Plan Rows": 1, "Plan Width": 52, "Inner Unique": true, "Plans": [{"Node Type": "Nested Loop", "Parent Relationship": "Outer", "Join Type": "Inner", "Startup Cost": 4.51, "Total Cost": 3326.66, "Plan Rows": 1, "Plan Width": 37, "Inner Unique": false, "Join Filter": "(t.id = mc.movie_id)", "Plans": [{"Node Type": "Nested Loop", "Parent Relationship": "Outer", "Join Type": "Inner", "Startup Cost": 4.51, "Total Cost": 3326.32, "Plan Rows": 1, "Plan Width": 25, "Inner Unique": true, "Plans": [{"Node Type": "Nested Loop", "Parent Relationship": "Outer", "Join Type": "Inner", "Startup Cost": 4.51, "Total Cost": 3315.63, "Plan Rows": 33, "Plan Width": 4, "Inner Unique": false, "Plans": [{"Node Type": "Index Scan", "Parent Relationship": "Outer", "Scan Direction": "Forward", "Index Name": "keyword_pkey", "Relation Name": "keyword", "Alias": "k", "Startup Cost": 0.0, "Total Cost": 3182.72, "Plan Rows": 1, "Plan Width": 4, "Filter": "((keyword)::text = 'sequel'::text)"}, {"Node Type": "Bitmap Heap Scan", "Parent Relationship": "Inner", "Relation Name": "movie_keyword", "Alias": "mk", "Startup Cost": 4.51, "Total Cost": 132.58, "Plan Rows": 33, "Plan Width": 8, "Recheck Cond": "(keyword_id = k.id)", "Plans": [{"Node Type": "Bitmap Index Scan", "Parent Relationship": "Outer", "Index Name": "keyword_id_movie_keyword", "Startup Cost": 0.0, "Total Cost": 4.5, "Plan Rows": 33, "Plan Width": 0, "Index Cond": "(keyword_id = k.id)"}]}]}, {"Node Type": "Index Scan", "Parent Relationship": "Inner", "Scan Direction": "Forward", "Index Name": "title_pkey", "Relation Name": "title", "Alias": "t", "Startup Cost": 0.0, "Total Cost": 0.31, "Plan Rows": 1, "Plan Width": 21, "Index Cond": "(id = mk.movie_id)", "Filter": "(((title)::text ~~ '%Money%'::text) AND (production_year = 1998))"}]}, {"Node Type": "Index Scan", "Parent Relationship": "Inner", "Scan Direction": "Forward", "Index Name": "movie_id_movie_companies", "Relation Name": "movie_companies", "Alias": "mc", "Startup Cost": 0.0, "Total Cost": 0.31, "Plan Rows": 2, "Plan Width": 12, "Index Cond": "(movie_id = mk.movie_id)", "Filter": "(note IS NULL)"}]}, {"Node Type": "Index Scan", "Parent Relationship": "Inner", "Scan Direction": "Forward", "Index Name": "company_name_pkey", "Relation Name": "company_name", "Alias": "cn", "Startup Cost": 0.0, "Total Cost": 0.29, "Plan Rows": 1, "Plan Width": 23, "Index Cond": "(id = mc.company_id)", "Filter": "(((country_code)::text <> '[pl]'::text) AND (((name)::text ~~ '%Film%'::text) OR ((name)::text ~~ '%Warner%'::text)))"}]}, {"Node Type": "Index Scan", "Parent Relationship": "Inner", "Scan Direction": "Forward", "Index Name": "company_type_pkey", "Relation Name": "company_type", "Alias": "ct", "Startup Cost": 0.0, "Total Cost": 0.27, "Plan Rows": 1, "Plan Width": 4, "Index Cond": "(id = mc.company_type_id)", "Filter": "((kind)::text = 'production companies'::text)"}]}, {"Node Type": "Index Scan", "Parent Relationship": "Inner", "Scan Direction": "Forward", "Index Name": "movie_id_movie_link", "Relation Name": "movie_link", "Alias": "ml", "Startup Cost": 0.0, "Total Cost": 0.35, "Plan Rows": 5, "Plan Width": 8, "Index Cond": "(movie_id = mk.movie_id)"}]}, {"Node Type": "Index Scan", "Parent Relationship": "Inner", "Scan Direction": "Forward", "Index Name": "link_type_pkey", "Relation Name": "link_type", "Alias": "lt", "Startup Cost": 0.0, "Total Cost": 0.27, "Plan Rows": 1, "Plan Width": 16, "Index Cond": "(id = ml.link_type_id)", "Filter": "((link)::text ~~ '%follows%'::text)"}]}]}, "Unique SQL Id": 4121279504}, "explain_analyze_plan": {"Plan": {"Node Type": "Aggregate", "Strategy": "Plain", "Startup Cost": 3327.94, "Total Cost": 3327.95, "Plan Rows": 1, "Plan Width": 144, "Actual Startup Time": 210.021, "Actual Total Time": 210.022, "Actual Rows": 1, "Actual Loops": 1, "Plans": [{"Node Type": "Nested Loop", "Parent Relationship": "Outer", "Join Type": "Inner", "Startup Cost": 4.51, "Total Cost": 3327.93, "Plan Rows": 1, "Plan Width": 48, "Actual Startup Time": 210.015, "Actual Total Time": 210.015, "Actual Rows": 0, "Actual Loops": 1, "Inner Unique": true, "Plans": [{"Node Type": "Nested Loop", "Parent Relationship": "Outer", "Join Type": "Inner", "Startup Cost": 4.51, "Total Cost": 3327.65, "Plan Rows": 1, "Plan Width": 40, "Actual Startup Time": 4.252, "Actual Total Time": 209.927, "Actual Rows": 38, "Actual Loops": 1, "Inner Unique": false, "Join Filter": "(t.id = ml.movie_id)", "Rows Removed by Join Filter": 0, "Plans": [{"Node Type": "Nested Loop", "Parent Relationship": "Outer", "Join Type": "Inner", "Startup Cost": 4.51, "Total Cost": 3327.24, "Plan Rows": 1, "Plan Width": 48, "Actual Startup Time": 4.237, "Actual Total Time": 209.878, "Actual Rows": 2, "Actual Loops": 1, "Inner Unique": true, "Plans": [{"Node Type": "Nested Loop", "Parent Relationship": "Outer", "Join Type": "Inner", "Startup Cost": 4.51, "Total Cost": 3326.95, "Plan Rows": 1, "Plan Width": 52, "Actual Startup Time": 4.228, "Actual Total Time": 209.865, "Actual Rows": 2, "Actual Loops": 1, "Inner Unique": true, "Plans": [{"Node Type": "Nested Loop", "Parent Relationship": "Outer", "Join Type": "Inner", "Startup Cost": 4.51, "Total Cost": 3326.66, "Plan Rows": 1, "Plan Width": 37, "Actual Startup Time": 4.21, "Actual Total Time": 209.826, "Actual Rows": 3, "Actual Loops": 1, "Inner Unique": false, "Join Filter": "(t.id = mc.movie_id)", "Rows Removed by Join Filter": 0, "Plans": [{"Node Type": "Nested Loop", "Parent Relationship": "Outer", "Join Type": "Inner", "Startup Cost": 4.51, "Total Cost": 3326.32, "Plan Rows": 1, "Plan Width": 25, "Actual Startup Time": 4.189, "Actual Total Time": 209.801, "Actual Rows": 1, "Actual Loops": 1, "Inner Unique": true, "Plans": [{"Node Type": "Nested Loop", "Parent Relationship": "Outer", "Join Type": "Inner", "Startup Cost": 4.51, "Total Cost": 3315.63, "Plan Rows": 33, "Plan Width": 4, "Actual Startup Time": 3.839, "Actual Total Time": 145.857, "Actual Rows": 10544, "Actual Loops": 1, "Inner Unique": false, "Plans": [{"Node Type": "Index Scan", "Parent Relationship": "Outer", "Scan Direction": "Forward", "Index Name": "keyword_pkey", "Relation Name": "keyword", "Alias": "k", "Startup Cost": 0.0, "Total Cost": 3182.72, "Plan Rows": 1, "Plan Width": 4, "Actual Startup Time": 0.526, "Actual Total Time": 122.744, "Actual Rows": 1, "Actual Loops": 1, "Filter": "((keyword)::text = 'sequel'::text)", "Rows Removed by Filter": 134168}, {"Node Type": "Bitmap Heap Scan", "Parent Relationship": "Inner", "Relation Name": "movie_keyword", "Alias": "mk", "Startup Cost": 4.51, "Total Cost": 132.58, "Plan Rows": 33, "Plan Width": 8, "Actual Startup Time": 3.306, "Actual Total Time": 20.899, "Actual Rows": 10544, "Actual Loops": 1, "Recheck Cond": "(keyword_id = k.id)", "Rows Removed by Index Recheck": 0, "Exact Heap Blocks": 5090, "Lossy Heap Blocks": 5090, "Plans": [{"Node Type": "Bitmap Index Scan", "Parent Relationship": "Outer", "Index Name": "keyword_id_movie_keyword", "Startup Cost": 0.0, "Total Cost": 4.5, "Plan Rows": 33, "Plan Width": 0, "Actual Startup Time": 2.388, "Actual Total Time": 2.388, "Actual Rows": 10544, "Actual Loops": 1, "Index Cond": "(keyword_id = k.id)"}]}]}, {"Node Type": "Index Scan", "Parent Relationship": "Inner", "Scan Direction": "Forward", "Index Name": "title_pkey", "Relation Name": "title", "Alias": "t", "Startup Cost": 0.0, "Total Cost": 0.31, "Plan Rows": 1, "Plan Width": 21, "Actual Startup Time": 58.603, "Actual Total Time": 58.603, "Actual Rows": 1, "Actual Loops": 10544, "Index Cond": "(id = mk.movie_id)", "Rows Removed by Index Recheck": 0, "Filter": "(((title)::text ~~ '%Money%'::text) AND (production_year = 1998))", "Rows Removed by Filter": 10543}]}, {"Node Type": "Index Scan", "Parent Relationship": "Inner", "Scan Direction": "Forward", "Index Name": "movie_id_movie_companies", "Relation Name": "movie_companies", "Alias": "mc", "Startup Cost": 0.0, "Total Cost": 0.31, "Plan Rows": 2, "Plan Width": 12, "Actual Startup Time": 0.017, "Actual Total Time": 0.019, "Actual Rows": 3, "Actual Loops": 1, "Index Cond": "(movie_id = mk.movie_id)", "Rows Removed by Index Recheck": 0, "Filter": "(note IS NULL)", "Rows Removed by Filter": 1}]}, {"Node Type": "Index Scan", "Parent Relationship": "Inner", "Scan Direction": "Forward", "Index Name": "company_name_pkey", "Relation Name": "company_name", "Alias": "cn", "Startup Cost": 0.0, "Total Cost": 0.29, "Plan Rows": 1, "Plan Width": 23, "Actual Startup Time": 0.034, "Actual Total Time": 0.034, "Actual Rows": 2, "Actual Loops": 3, "Index Cond": "(id = mc.company_id)", "Rows Removed by Index Recheck": 0, "Filter": "(((country_code)::text <> '[pl]'::text) AND (((name)::text ~~ '%Film%'::text) OR ((name)::text ~~ '%Warner%'::text)))", "Rows Removed by Filter": 1}]}, {"Node Type": "Index Scan", "Parent Relationship": "Inner", "Scan Direction": "Forward", "Index Name": "company_type_pkey", "Relation Name": "company_type", "Alias": "ct", "Startup Cost": 0.0, "Total Cost": 0.27, "Plan Rows": 1, "Plan Width": 4, "Actual Startup Time": 0.009, "Actual Total Time": 0.009, "Actual Rows": 2, "Actual Loops": 2, "Index Cond": "(id = mc.company_type_id)", "Rows Removed by Index Recheck": 0, "Filter": "((kind)::text = 'production companies'::text)", "Rows Removed by Filter": 0}]}, {"Node Type": "Index Scan", "Parent Relationship": "Inner", "Scan Direction": "Forward", "Index Name": "movie_id_movie_link", "Relation Name": "movie_link", "Alias": "ml", "Startup Cost": 0.0, "Total Cost": 0.35, "Plan Rows": 5, "Plan Width": 8, "Actual Startup Time": 0.016, "Actual Total Time": 0.029, "Actual Rows": 38, "Actual Loops": 2, "Index Cond": "(movie_id = mk.movie_id)", "Rows Removed by Index Recheck": 0}]}, {"Node Type": "Index Scan", "Parent Relationship": "Inner", "Scan Direction": "Forward", "Index Name": "link_type_pkey", "Relation Name": "link_type", "Alias": "lt", "Startup Cost": 0.0, "Total Cost": 0.27, "Plan Rows": 1, "Plan Width": 16, "Actual Startup Time": 0.063, "Actual Total Time": 0.063, "Actual Rows": 0, "Actual Loops": 38, "Index Cond": "(id = ml.link_type_id)", "Rows Removed by Index Recheck": 0, "Filter": "((link)::text ~~ '%follows%'::text)", "Rows Removed by Filter": 24}]}]}, "Triggers": [], "Planner Runtime": 75.74, "Total Runtime": 210.444, "Unique SQL Id": 4121279504}}, "(16, 114)": {"explain_plan": {"Plan": {"Node Type": "Aggregate", "Strategy": "Plain", "Startup Cost": 2726.02, "Total Cost": 2726.03, "Plan Rows": 1, "Plan Width": 144, "Plans": [{"Node Type": "Nested Loop", "Parent Relationship": "Outer", "Join Type": "Inner", "Startup Cost": 5.59, "Total Cost": 2726.01, "Plan Rows": 1, "Plan Width": 48, "Inner Unique": true, "Join Filter": "(ml.link_type_id = lt.id)", "Plans": [{"Node Type": "Nested Loop", "Parent Relationship": "Outer", "Join Type": "Inner", "Startup Cost": 5.59, "Total Cost": 2724.78, "Plan Rows": 1, "Plan Width": 40, "Inner Unique": false, "Join Filter": "(t.id = ml.movie_id)", "Plans": [{"Node Type": "Nested Loop", "Parent Relationship": "Outer", "Join Type": "Inner", "Startup Cost": 5.3, "Total Cost": 2720.37, "Plan Rows": 1, "Plan Width": 48, "Inner Unique": true, "Join Filter": "(mc.company_type_id = ct.id)", "Plans": [{"Node Type": "Nested Loop", "Parent Relationship": "Outer", "Join Type": "Inner", "Startup Cost": 5.3, "Total Cost": 2719.32, "Plan Rows": 1, "Plan Width": 52, "Inner Unique": true, "Plans": [{"Node Type": "Nested Loop", "Parent Relationship": "Outer", "Join Type": "Inner", "Startup Cost": 5.05, "Total Cost": 2715.03, "Plan Rows": 1, "Plan Width": 37, "Inner Unique": false, "Join Filter": "(t.id = mc.movie_id)", "Plans": [{"Node Type": "Nested Loop", "Parent Relationship": "Outer", "Join Type": "Inner", "Startup Cost": 4.77, "Total Cost": 2710.71, "Plan Rows": 1, "Plan Width": 25, "Inner Unique": true, "Plans": [{"Node Type": "Nested Loop", "Parent Relationship": "Outer", "Join Type": "Inner", "Startup Cost": 4.51, "Total Cost": 2569.02, "Plan Rows": 33, "Plan Width": 4, "Inner Unique": false, "Plans": [{"Node Type": "Seq Scan", "Parent Relationship": "Outer", "Relation Name": "keyword", "Alias": "k", "Startup Cost": 0.0, "Total Cost": 2436.11, "Plan Rows": 1, "Plan Width": 4, "Filter": "((keyword)::text = 'sequel'::text)"}, {"Node Type": "Bitmap Heap Scan", "Parent Relationship": "Inner", "Relation Name": "movie_keyword", "Alias": "mk", "Startup Cost": 4.51, "Total Cost": 132.58, "Plan Rows": 33, "Plan Width": 8, "Recheck Cond": "(keyword_id = k.id)", "Plans": [{"Node Type": "Bitmap Index Scan", "Parent Relationship": "Outer", "Index Name": "keyword_id_movie_keyword", "Startup Cost": 0.0, "Total Cost": 4.5, "Plan Rows": 33, "Plan Width": 0, "Index Cond": "(keyword_id = k.id)"}]}]}, {"Node Type": "Bitmap Heap Scan", "Parent Relationship": "Inner", "Relation Name": "title", "Alias": "t", "Startup Cost": 0.27, "Total Cost": 4.28, "Plan Rows": 1, "Plan Width": 21, "Recheck Cond": "(id = mk.movie_id)", "Filter": "(((title)::text ~~ '%Money%'::text) AND (production_year = 1998))", "Plans": [{"Node Type": "Bitmap Index Scan", "Parent Relationship": "Outer", "Index Name": "title_pkey", "Startup Cost": 0.0, "Total Cost": 0.27, "Plan Rows": 1, "Plan Width": 0, "Index Cond": "(id = mk.movie_id)"}]}]}, {"Node Type": "Bitmap Heap Scan", "Parent Relationship": "Inner", "Relation Name": "movie_companies", "Alias": "mc", "Startup Cost": 0.27, "Total Cost": 4.3, "Plan Rows": 2, "Plan Width": 12, "Recheck Cond": "(movie_id = mk.movie_id)", "Filter": "(note IS NULL)", "Plans": [{"Node Type": "Bitmap Index Scan", "Parent Relationship": "Outer", "Index Name": "movie_id_movie_companies", "Startup Cost": 0.0, "Total Cost": 0.27, "Plan Rows": 2, "Plan Width": 0, "Index Cond": "(movie_id = mk.movie_id)"}]}]}, {"Node Type": "Bitmap Heap Scan", "Parent Relationship": "Inner", "Relation Name": "company_name", "Alias": "cn", "Startup Cost": 0.26, "Total Cost": 4.28, "Plan Rows": 1, "Plan Width": 23, "Recheck Cond": "(id = mc.company_id)", "Filter": "(((country_code)::text <> '[pl]'::text) AND (((name)::text ~~ '%Film%'::text) OR ((name)::text ~~ '%Warner%'::text)))", "Plans": [{"Node Type": "Bitmap Index Scan", "Parent Relationship": "Outer", "Index Name": "company_name_pkey", "Startup Cost": 0.0, "Total Cost": 0.26, "Plan Rows": 1, "Plan Width": 0, "Index Cond": "(id = mc.company_id)"}]}]}, {"Node Type": "Seq Scan", "Parent Relationship": "Inner", "Relation Name": "company_type", "Alias": "ct", "Startup Cost": 0.0, "Total Cost": 1.04, "Plan Rows": 1, "Plan Width": 4, "Filter": "((kind)::text = 'production companies'::text)"}]}, {"Node Type": "Bitmap Heap Scan", "Parent Relationship": "Inner", "Relation Name": "movie_link", "Alias": "ml", "Startup Cost": 0.29, "Total Cost": 4.35, "Plan Rows": 5, "Plan Width": 8, "Recheck Cond": "(movie_id = mk.movie_id)", "Plans": [{"Node Type": "Bitmap Index Scan", "Parent Relationship": "Outer", "Index Name": "movie_id_movie_link", "Startup Cost": 0.0, "Total Cost": 0.29, "Plan Rows": 5, "Plan Width": 0, "Index Cond": "(movie_id = mk.movie_id)"}]}]}, {"Node Type": "Seq Scan", "Parent Relationship": "Inner", "Relation Name": "link_type", "Alias": "lt", "Startup Cost": 0.0, "Total Cost": 1.21, "Plan Rows": 1, "Plan Width": 16, "Filter": "((link)::text ~~ '%follows%'::text)"}]}]}, "Unique SQL Id": 4121279504}, "explain_analyze_plan": {"Plan": {"Node Type": "Aggregate", "Strategy": "Plain", "Startup Cost": 2726.02, "Total Cost": 2726.03, "Plan Rows": 1, "Plan Width": 144, "Actual Startup Time": 139.006, "Actual Total Time": 139.007, "Actual Rows": 1, "Actual Loops": 1, "Plans": [{"Node Type": "Nested Loop", "Parent Relationship": "Outer", "Join Type": "Inner", "Startup Cost": 5.59, "Total Cost": 2726.01, "Plan Rows": 1, "Plan Width": 48, "Actual Startup Time": 138.995, "Actual Total Time": 138.995, "Actual Rows": 0, "Actual Loops": 1, "Inner Unique": true, "Join Filter": "(ml.link_type_id = lt.id)", "Rows Removed by Join Filter": 0, "Plans": [{"Node Type": "Nested Loop", "Parent Relationship": "Outer", "Join Type": "Inner", "Startup Cost": 5.59, "Total Cost": 2724.78, "Plan Rows": 1, "Plan Width": 40, "Actual Startup Time": 6.154, "Actual Total Time": 138.668, "Actual Rows": 38, "Actual Loops": 1, "Inner Unique": false, "Join Filter": "(t.id = ml.movie_id)", "Rows Removed by Join Filter": 0, "Plans": [{"Node Type": "Nested Loop", "Parent Relationship": "Outer", "Join Type": "Inner", "Startup Cost": 5.3, "Total Cost": 2720.37, "Plan Rows": 1, "Plan Width": 48, "Actual Startup Time": 6.124, "Actual Total Time": 138.609, "Actual Rows": 2, "Actual Loops": 1, "Inner Unique": true, "Join Filter": "(mc.company_type_id = ct.id)", "Rows Removed by Join Filter": 0, "Plans": [{"Node Type": "Nested Loop", "Parent Relationship": "Outer", "Join Type": "Inner", "Startup Cost": 5.3, "Total Cost": 2719.32, "Plan Rows": 1, "Plan Width": 52, "Actual Startup Time": 6.112, "Actual Total Time": 138.593, "Actual Rows": 2, "Actual Loops": 1, "Inner Unique": true, "Plans": [{"Node Type": "Nested Loop", "Parent Relationship": "Outer", "Join Type": "Inner", "Startup Cost": 5.05, "Total Cost": 2715.03, "Plan Rows": 1, "Plan Width": 37, "Actual Startup Time": 6.09, "Actual Total Time": 138.545, "Actual Rows": 3, "Actual Loops": 1, "Inner Unique": false, "Join Filter": "(t.id = mc.movie_id)", "Rows Removed by Join Filter": 0, "Plans": [{"Node Type": "Nested Loop", "Parent Relationship": "Outer", "Join Type": "Inner", "Startup Cost": 4.77, "Total Cost": 2710.71, "Plan Rows": 1, "Plan Width": 25, "Actual Startup Time": 6.057, "Actual Total Time": 138.508, "Actual Rows": 1, "Actual Loops": 1, "Inner Unique": true, "Plans": [{"Node Type": "Nested Loop", "Parent Relationship": "Outer", "Join Type": "Inner", "Startup Cost": 4.51, "Total Cost": 2569.02, "Plan Rows": 33, "Plan Width": 4, "Actual Startup Time": 5.644, "Actual Total Time": 62.51, "Actual Rows": 10544, "Actual Loops": 1, "Inner Unique": false, "Plans": [{"Node Type": "Seq Scan", "Parent Relationship": "Outer", "Relation Name": "keyword", "Alias": "k", "Startup Cost": 0.0, "Total Cost": 2436.11, "Plan Rows": 1, "Plan Width": 4, "Actual Startup Time": 2.306, "Actual Total Time": 41.335, "Actual Rows": 1, "Actual Loops": 1, "Filter": "((keyword)::text = 'sequel'::text)", "Rows Removed by Filter": 134168}, {"Node Type": "Bitmap Heap Scan", "Parent Relationship": "Inner", "Relation Name": "movie_keyword", "Alias": "mk", "Startup Cost": 4.51, "Total Cost": 132.58, "Plan Rows": 33, "Plan Width": 8, "Actual Startup Time": 3.331, "Actual Total Time": 19.008, "Actual Rows": 10544, "Actual Loops": 1, "Recheck Cond": "(keyword_id = k.id)", "Rows Removed by Index Recheck": 0, "Exact Heap Blocks": 5090, "Lossy Heap Blocks": 5090, "Plans": [{"Node Type": "Bitmap Index Scan", "Parent Relationship": "Outer", "Index Name": "keyword_id_movie_keyword", "Startup Cost": 0.0, "Total Cost": 4.5, "Plan Rows": 33, "Plan Width": 0, "Actual Startup Time": 2.404, "Actual Total Time": 2.404, "Actual Rows": 10544, "Actual Loops": 1, "Index Cond": "(keyword_id = k.id)"}]}]}, {"Node Type": "Bitmap Heap Scan", "Parent Relationship": "Inner", "Relation Name": "title", "Alias": "t", "Startup Cost": 0.27, "Total Cost": 4.28, "Plan Rows": 1, "Plan Width": 21, "Actual Startup Time": 64.166, "Actual Total Time": 64.166, "Actual Rows": 1, "Actual Loops": 10544, "Recheck Cond": "(id = mk.movie_id)", "Rows Removed by Index Recheck": 0, "Filter": "(((title)::text ~~ '%Money%'::text) AND (production_year = 1998))", "Rows Removed by Filter": 10543, "Exact Heap Blocks": 10544, "Lossy Heap Blocks": 10544, "Plans": [{"Node Type": "Bitmap Index Scan", "Parent Relationship": "Outer", "Index Name": "title_pkey", "Startup Cost": 0.0, "Total Cost": 0.27, "Plan Rows": 1, "Plan Width": 0, "Actual Startup Time": 31.869, "Actual Total Time": 31.869, "Actual Rows": 10544, "Actual Loops": 10544, "Index Cond": "(id = mk.movie_id)"}]}]}, {"Node Type": "Bitmap Heap Scan", "Parent Relationship": "Inner", "Relation Name": "movie_companies", "Alias": "mc", "Startup Cost": 0.27, "Total Cost": 4.3, "Plan Rows": 2, "Plan Width": 12, "Actual Startup Time": 0.029, "Actual Total Time": 0.032, "Actual Rows": 3, "Actual Loops": 1, "Recheck Cond": "(movie_id = mk.movie_id)", "Rows Removed by Index Recheck": 0, "Filter": "(note IS NULL)", "Rows Removed by Filter": 1, "Exact Heap Blocks": 2, "Lossy Heap Blocks": 2, "Plans": [{"Node Type": "Bitmap Index Scan", "Parent Relationship": "Outer", "Index Name": "movie_id_movie_companies", "Startup Cost": 0.0, "Total Cost": 0.27, "Plan Rows": 2, "Plan Width": 0, "Actual Startup Time": 0.011, "Actual Total Time": 0.011, "Actual Rows": 4, "Actual Loops": 1, "Index Cond": "(movie_id = mk.movie_id)"}]}]}, {"Node Type": "Bitmap Heap Scan", "Parent Relationship": "Inner", "Relation Name": "company_name", "Alias": "cn", "Startup Cost": 0.26, "Total Cost": 4.28, "Plan Rows": 1, "Plan Width": 23, "Actual Startup Time": 0.039, "Actual Total Time": 0.039, "Actual Rows": 2, "Actual Loops": 3, "Recheck Cond": "(id = mc.company_id)", "Rows Removed by Index Recheck": 0, "Filter": "(((country_code)::text <> '[pl]'::text) AND (((name)::text ~~ '%Film%'::text) OR ((name)::text ~~ '%Warner%'::text)))", "Rows Removed by Filter": 1, "Exact Heap Blocks": 3, "Lossy Heap Blocks": 3, "Plans": [{"Node Type": "Bitmap Index Scan", "Parent Relationship": "Outer", "Index Name": "company_name_pkey", "Startup Cost": 0.0, "Total Cost": 0.26, "Plan Rows": 1, "Plan Width": 0, "Actual Startup Time": 0.02, "Actual Total Time": 0.02, "Actual Rows": 3, "Actual Loops": 3, "Index Cond": "(id = mc.company_id)"}]}]}, {"Node Type": "Seq Scan", "Parent Relationship": "Inner", "Relation Name": "company_type", "Alias": "ct", "Startup Cost": 0.0, "Total Cost": 1.04, "Plan Rows": 1, "Plan Width": 4, "Actual Startup Time": 0.01, "Actual Total Time": 0.01, "Actual Rows": 2, "Actual Loops": 2, "Filter": "((kind)::text = 'production companies'::text)", "Rows Removed by Filter": 0}]}, {"Node Type": "Bitmap Heap Scan", "Parent Relationship": "Inner", "Relation Name": "movie_link", "Alias": "ml", "Startup Cost": 0.29, "Total Cost": 4.35, "Plan Rows": 5, "Plan Width": 8, "Actual Startup Time": 0.031, "Actual Total Time": 0.035, "Actual Rows": 38, "Actual Loops": 2, "Recheck Cond": "(movie_id = mk.movie_id)", "Rows Removed by Index Recheck": 0, "Exact Heap Blocks": 2, "Lossy Heap Blocks": 2, "Plans": [{"Node Type": "Bitmap Index Scan", "Parent Relationship": "Outer", "Index Name": "movie_id_movie_link", "Startup Cost": 0.0, "Total Cost": 0.29, "Plan Rows": 5, "Plan Width": 0, "Actual Startup Time": 0.013, "Actual Total Time": 0.013, "Actual Rows": 38, "Actual Loops": 2, "Index Cond": "(movie_id = mk.movie_id)"}]}]}, {"Node Type": "Seq Scan", "Parent Relationship": "Inner", "Relation Name": "link_type", "Alias": "lt", "Startup Cost": 0.0, "Total Cost": 1.21, "Plan Rows": 1, "Plan Width": 16, "Actual Startup Time": 0.293, "Actual Total Time": 0.293, "Actual Rows": 0, "Actual Loops": 38, "Filter": "((link)::text ~~ '%follows%'::text)", "Rows Removed by Filter": 646}]}]}, "Triggers": [], "Planner Runtime": 115.353, "Total Runtime": 139.543, "Unique SQL Id": 4121279504}}, "(16, 115)": {"explain_plan": {"Plan": {"Node Type": "Aggregate", "Strategy": "Plain", "Startup Cost": 3451.4, "Total Cost": 3451.41, "Plan Rows": 1, "Plan Width": 144, "Plans": [{"Node Type": "Nested Loop", "Parent Relationship": "Outer", "Join Type": "Inner", "Startup Cost": 725.2, "Total Cost": 3451.4, "Plan Rows": 1, "Plan Width": 48, "Inner Unique": true, "Plans": [{"Node Type": "Nested Loop", "Parent Relationship": "Outer", "Join Type": "Inner", "Startup Cost": 724.95, "Total Cost": 3447.11, "Plan Rows": 1, "Plan Width": 40, "Inner Unique": false, "Join Filter": "(t.id = ml.movie_id)", "Plans": [{"Node Type": "Nested Loop", "Parent Relationship": "Outer", "Join Type": "Inner", "Startup Cost": 724.66, "Total Cost": 3442.7, "Plan Rows": 1, "Plan Width": 48, "Inner Unique": true, "Plans": [{"Node Type": "Nested Loop", "Parent Relationship": "Outer", "Join Type": "Inner", "Startup Cost": 724.4, "Total Cost": 3438.42, "Plan Rows": 1, "Plan Width": 52, "Inner Unique": true, "Plans": [{"Node Type": "Nested Loop", "Parent Relationship": "Outer", "Join Type": "Inner", "Startup Cost": 724.14, "Total Cost": 3434.13, "Plan Rows": 1, "Plan Width": 37, "Inner Unique": false, "Join Filter": "(t.id = mc.movie_id)", "Plans": [{"Node Type": "Nested Loop", "Parent Relationship": "Outer", "Join Type": "Inner", "Startup Cost": 723.87, "Total Cost": 3429.8, "Plan Rows": 1, "Plan Width": 25, "Inner Unique": true, "Plans": [{"Node Type": "Nested Loop", "Parent Relationship": "Outer", "Join Type": "Inner", "Startup Cost": 723.6, "Total Cost": 3288.12, "Plan Rows": 33, "Plan Width": 4, "Inner Unique": false, "Plans": [{"Node Type": "Bitmap Heap Scan", "Parent Relationship": "Outer", "Relation Name": "keyword", "Alias": "k", "Startup Cost": 719.1, "Total Cost": 3155.21, "Plan Rows": 1, "Plan Width": 4, "Filter": "((keyword)::text = 'sequel'::text)", "Plans": [{"Node Type": "Bitmap Index Scan", "Parent Relationship": "Outer", "Index Name": "keyword_pkey", "Startup Cost": 0.0, "Total Cost": 719.1, "Plan Rows": 134169, "Plan Width": 0}]}, {"Node Type": "Bitmap Heap Scan", "Parent Relationship": "Inner", "Relation Name": "movie_keyword", "Alias": "mk", "Startup Cost": 4.51, "Total Cost": 132.58, "Plan Rows": 33, "Plan Width": 8, "Recheck Cond": "(keyword_id = k.id)", "Plans": [{"Node Type": "Bitmap Index Scan", "Parent Relationship": "Outer", "Index Name": "keyword_id_movie_keyword", "Startup Cost": 0.0, "Total Cost": 4.5, "Plan Rows": 33, "Plan Width": 0, "Index Cond": "(keyword_id = k.id)"}]}]}, {"Node Type": "Bitmap Heap Scan", "Parent Relationship": "Inner", "Relation Name": "title", "Alias": "t", "Startup Cost": 0.27, "Total Cost": 4.28, "Plan Rows": 1, "Plan Width": 21, "Recheck Cond": "(id = mk.movie_id)", "Filter": "(((title)::text ~~ '%Money%'::text) AND (production_year = 1998))", "Plans": [{"Node Type": "Bitmap Index Scan", "Parent Relationship": "Outer", "Index Name": "title_pkey", "Startup Cost": 0.0, "Total Cost": 0.27, "Plan Rows": 1, "Plan Width": 0, "Index Cond": "(id = mk.movie_id)"}]}]}, {"Node Type": "Bitmap Heap Scan", "Parent Relationship": "Inner", "Relation Name": "movie_companies", "Alias": "mc", "Startup Cost": 0.27, "Total Cost": 4.3, "Plan Rows": 2, "Plan Width": 12, "Recheck Cond": "(movie_id = mk.movie_id)", "Filter": "(note IS NULL)", "Plans": [{"Node Type": "Bitmap Index Scan", "Parent Relationship": "Outer", "Index Name": "movie_id_movie_companies", "Startup Cost": 0.0, "Total Cost": 0.27, "Plan Rows": 2, "Plan Width": 0, "Index Cond": "(movie_id = mk.movie_id)"}]}]}, {"Node Type": "Bitmap Heap Scan", "Parent Relationship": "Inner", "Relation Name": "company_name", "Alias": "cn", "Startup Cost": 0.26, "Total Cost": 4.28, "Plan Rows": 1, "Plan Width": 23, "Recheck Cond": "(id = mc.company_id)", "Filter": "(((country_code)::text <> '[pl]'::text) AND (((name)::text ~~ '%Film%'::text) OR ((name)::text ~~ '%Warner%'::text)))", "Plans": [{"Node Type": "Bitmap Index Scan", "Parent Relationship": "Outer", "Index Name": "company_name_pkey", "Startup Cost": 0.0, "Total Cost": 0.26, "Plan Rows": 1, "Plan Width": 0, "Index Cond": "(id = mc.company_id)"}]}]}, {"Node Type": "Bitmap Heap Scan", "Parent Relationship": "Inner", "Relation Name": "company_type", "Alias": "ct", "Startup Cost": 0.26, "Total Cost": 4.27, "Plan Rows": 1, "Plan Width": 4, "Recheck Cond": "(id = mc.company_type_id)", "Filter": "((kind)::text = 'production companies'::text)", "Plans": [{"Node Type": "Bitmap Index Scan", "Parent Relationship": "Outer", "Index Name": "company_type_pkey", "Startup Cost": 0.0, "Total Cost": 0.26, "Plan Rows": 1, "Plan Width": 0, "Index Cond": "(id = mc.company_type_id)"}]}]}, {"Node Type": "Bitmap Heap Scan", "Parent Relationship": "Inner", "Relation Name": "movie_link", "Alias": "ml", "Startup Cost": 0.29, "Total Cost": 4.35, "Plan Rows": 5, "Plan Width": 8, "Recheck Cond": "(movie_id = mk.movie_id)", "Plans": [{"Node Type": "Bitmap Index Scan", "Parent Relationship": "Outer", "Index Name": "movie_id_movie_link", "Startup Cost": 0.0, "Total Cost": 0.29, "Plan Rows": 5, "Plan Width": 0, "Index Cond": "(movie_id = mk.movie_id)"}]}]}, {"Node Type": "Bitmap Heap Scan", "Parent Relationship": "Inner", "Relation Name": "link_type", "Alias": "lt", "Startup Cost": 0.26, "Total Cost": 4.27, "Plan Rows": 1, "Plan Width": 16, "Recheck Cond": "(id = ml.link_type_id)", "Filter": "((link)::text ~~ '%follows%'::text)", "Plans": [{"Node Type": "Bitmap Index Scan", "Parent Relationship": "Outer", "Index Name": "link_type_pkey", "Startup Cost": 0.0, "Total Cost": 0.26, "Plan Rows": 1, "Plan Width": 0, "Index Cond": "(id = ml.link_type_id)"}]}]}]}, "Unique SQL Id": 4121279504}, "explain_analyze_plan": {"Plan": {"Node Type": "Aggregate", "Strategy": "Plain", "Startup Cost": 3451.4, "Total Cost": 3451.41, "Plan Rows": 1, "Plan Width": 144, "Actual Startup Time": 152.6, "Actual Total Time": 152.601, "Actual Rows": 1, "Actual Loops": 1, "Plans": [{"Node Type": "Nested Loop", "Parent Relationship": "Outer", "Join Type": "Inner", "Startup Cost": 725.2, "Total Cost": 3451.4, "Plan Rows": 1, "Plan Width": 48, "Actual Startup Time": 152.588, "Actual Total Time": 152.588, "Actual Rows": 0, "Actual Loops": 1, "Inner Unique": true, "Plans": [{"Node Type": "Nested Loop", "Parent Relationship": "Outer", "Join Type": "Inner", "Startup Cost": 724.95, "Total Cost": 3447.11, "Plan Rows": 1, "Plan Width": 40, "Actual Startup Time": 18.148, "Actual Total Time": 152.437, "Actual Rows": 38, "Actual Loops": 1, "Inner Unique": false, "Join Filter": "(t.id = ml.movie_id)", "Rows Removed by Join Filter": 0, "Plans": [{"Node Type": "Nested Loop", "Parent Relationship": "Outer", "Join Type": "Inner", "Startup Cost": 724.66, "Total Cost": 3442.7, "Plan Rows": 1, "Plan Width": 48, "Actual Startup Time": 18.12, "Actual Total Time": 152.376, "Actual Rows": 2, "Actual Loops": 1, "Inner Unique": true, "Plans": [{"Node Type": "Nested Loop", "Parent Relationship": "Outer", "Join Type": "Inner", "Startup Cost": 724.4, "Total Cost": 3438.42, "Plan Rows": 1, "Plan Width": 52, "Actual Startup Time": 18.104, "Actual Total Time": 152.355, "Actual Rows": 2, "Actual Loops": 1, "Inner Unique": true, "Plans": [{"Node Type": "Nested Loop", "Parent Relationship": "Outer", "Join Type": "Inner", "Startup Cost": 724.14, "Total Cost": 3434.13, "Plan Rows": 1, "Plan Width": 37, "Actual Startup Time": 18.071, "Actual Total Time": 152.299, "Actual Rows": 3, "Actual Loops": 1, "Inner Unique": false, "Join Filter": "(t.id = mc.movie_id)", "Rows Removed by Join Filter": 0, "Plans": [{"Node Type": "Nested Loop", "Parent Relationship": "Outer", "Join Type": "Inner", "Startup Cost": 723.87, "Total Cost": 3429.8, "Plan Rows": 1, "Plan Width": 25, "Actual Startup Time": 18.038, "Actual Total Time": 152.263, "Actual Rows": 1, "Actual Loops": 1, "Inner Unique": true, "Plans": [{"Node Type": "Nested Loop", "Parent Relationship": "Outer", "Join Type": "Inner", "Startup Cost": 723.6, "Total Cost": 3288.12, "Plan Rows": 33, "Plan Width": 4, "Actual Startup Time": 17.628, "Actual Total Time": 80.585, "Actual Rows": 10544, "Actual Loops": 1, "Inner Unique": false, "Plans": [{"Node Type": "Bitmap Heap Scan", "Parent Relationship": "Outer", "Relation Name": "keyword", "Alias": "k", "Startup Cost": 719.1, "Total Cost": 3155.21, "Plan Rows": 1, "Plan Width": 4, "Actual Startup Time": 14.469, "Actual Total Time": 61.131, "Actual Rows": 1, "Actual Loops": 1, "Filter": "((keyword)::text = 'sequel'::text)", "Rows Removed by Filter": 134168, "Exact Heap Blocks": 759, "Lossy Heap Blocks": 759, "Plans": [{"Node Type": "Bitmap Index Scan", "Parent Relationship": "Outer", "Index Name": "keyword_pkey", "Startup Cost": 0.0, "Total Cost": 719.1, "Plan Rows": 134169, "Plan Width": 0, "Actual Startup Time": 11.259, "Actual Total Time": 11.259, "Actual Rows": 134169, "Actual Loops": 1}]}, {"Node Type": "Bitmap Heap Scan", "Parent Relationship": "Inner", "Relation Name": "movie_keyword", "Alias": "mk", "Startup Cost": 4.51, "Total Cost": 132.58, "Plan Rows": 33, "Plan Width": 8, "Actual Startup Time": 3.147, "Actual Total Time": 17.278, "Actual Rows": 10544, "Actual Loops": 1, "Recheck Cond": "(keyword_id = k.id)", "Rows Removed by Index Recheck": 0, "Exact Heap Blocks": 5090, "Lossy Heap Blocks": 5090, "Plans": [{"Node Type": "Bitmap Index Scan", "Parent Relationship": "Outer", "Index Name": "keyword_id_movie_keyword", "Startup Cost": 0.0, "Total Cost": 4.5, "Plan Rows": 33, "Plan Width": 0, "Actual Startup Time": 2.26, "Actual Total Time": 2.26, "Actual Rows": 10544, "Actual Loops": 1, "Index Cond": "(keyword_id = k.id)"}]}]}, {"Node Type": "Bitmap Heap Scan", "Parent Relationship": "Inner", "Relation Name": "title", "Alias": "t", "Startup Cost": 0.27, "Total Cost": 4.28, "Plan Rows": 1, "Plan Width": 21, "Actual Startup Time": 59.935, "Actual Total Time": 59.935, "Actual Rows": 1, "Actual Loops": 10544, "Recheck Cond": "(id = mk.movie_id)", "Rows Removed by Index Recheck": 0, "Filter": "(((title)::text ~~ '%Money%'::text) AND (production_year = 1998))", "Rows Removed by Filter": 10543, "Exact Heap Blocks": 10544, "Lossy Heap Blocks": 10544, "Plans": [{"Node Type": "Bitmap Index Scan", "Parent Relationship": "Outer", "Index Name": "title_pkey", "Startup Cost": 0.0, "Total Cost": 0.27, "Plan Rows": 1, "Plan Width": 0, "Actual Startup Time": 30.49, "Actual Total Time": 30.49, "Actual Rows": 10544, "Actual Loops": 10544, "Index Cond": "(id = mk.movie_id)"}]}]}, {"Node Type": "Bitmap Heap Scan", "Parent Relationship": "Inner", "Relation Name": "movie_companies", "Alias": "mc", "Startup Cost": 0.27, "Total Cost": 4.3, "Plan Rows": 2, "Plan Width": 12, "Actual Startup Time": 0.027, "Actual Total Time": 0.028, "Actual Rows": 3, "Actual Loops": 1, "Recheck Cond": "(movie_id = mk.movie_id)", "Rows Removed by Index Recheck": 0, "Filter": "(note IS NULL)", "Rows Removed by Filter": 1, "Exact Heap Blocks": 2, "Lossy Heap Blocks": 2, "Plans": [{"Node Type": "Bitmap Index Scan", "Parent Relationship": "Outer", "Index Name": "movie_id_movie_companies", "Startup Cost": 0.0, "Total Cost": 0.27, "Plan Rows": 2, "Plan Width": 0, "Actual Startup Time": 0.012, "Actual Total Time": 0.012, "Actual Rows": 4, "Actual Loops": 1, "Index Cond": "(movie_id = mk.movie_id)"}]}]}, {"Node Type": "Bitmap Heap Scan", "Parent Relationship": "Inner", "Relation Name": "company_name", "Alias": "cn", "Startup Cost": 0.26, "Total Cost": 4.28, "Plan Rows": 1, "Plan Width": 23, "Actual Startup Time": 0.047, "Actual Total Time": 0.047, "Actual Rows": 2, "Actual Loops": 3, "Recheck Cond": "(id = mc.company_id)", "Rows Removed by Index Recheck": 0, "Filter": "(((country_code)::text <> '[pl]'::text) AND (((name)::text ~~ '%Film%'::text) OR ((name)::text ~~ '%Warner%'::text)))", "Rows Removed by Filter": 1, "Exact Heap Blocks": 3, "Lossy Heap Blocks": 3, "Plans": [{"Node Type": "Bitmap Index Scan", "Parent Relationship": "Outer", "Index Name": "company_name_pkey", "Startup Cost": 0.0, "Total Cost": 0.26, "Plan Rows": 1, "Plan Width": 0, "Actual Startup Time": 0.02, "Actual Total Time": 0.02, "Actual Rows": 3, "Actual Loops": 3, "Index Cond": "(id = mc.company_id)"}]}]}, {"Node Type": "Bitmap Heap Scan", "Parent Relationship": "Inner", "Relation Name": "company_type", "Alias": "ct", "Startup Cost": 0.26, "Total Cost": 4.27, "Plan Rows": 1, "Plan Width": 4, "Actual Startup Time": 0.015, "Actual Total Time": 0.015, "Actual Rows": 2, "Actual Loops": 2, "Recheck Cond": "(id = mc.company_type_id)", "Rows Removed by Index Recheck": 0, "Filter": "((kind)::text = 'production companies'::text)", "Rows Removed by Filter": 0, "Exact Heap Blocks": 2, "Lossy Heap Blocks": 2, "Plans": [{"Node Type": "Bitmap Index Scan", "Parent Relationship": "Outer", "Index Name": "company_type_pkey", "Startup Cost": 0.0, "Total Cost": 0.26, "Plan Rows": 1, "Plan Width": 0, "Actual Startup Time": 0.004, "Actual Total Time": 0.004, "Actual Rows": 2, "Actual Loops": 2, "Index Cond": "(id = mc.company_type_id)"}]}]}, {"Node Type": "Bitmap Heap Scan", "Parent Relationship": "Inner", "Relation Name": "movie_link", "Alias": "ml", "Startup Cost": 0.29, "Total Cost": 4.35, "Plan Rows": 5, "Plan Width": 8, "Actual Startup Time": 0.027, "Actual Total Time": 0.031, "Actual Rows": 38, "Actual Loops": 2, "Recheck Cond": "(movie_id = mk.movie_id)", "Rows Removed by Index Recheck": 0, "Exact Heap Blocks": 2, "Lossy Heap Blocks": 2, "Plans": [{"Node Type": "Bitmap Index Scan", "Parent Relationship": "Outer", "Index Name": "movie_id_movie_link", "Startup Cost": 0.0, "Total Cost": 0.29, "Plan Rows": 5, "Plan Width": 0, "Actual Startup Time": 0.013, "Actual Total Time": 0.013, "Actual Rows": 38, "Actual Loops": 2, "Index Cond": "(movie_id = mk.movie_id)"}]}]}, {"Node Type": "Bitmap Heap Scan", "Parent Relationship": "Inner", "Relation Name": "link_type", "Alias": "lt", "Startup Cost": 0.26, "Total Cost": 4.27, "Plan Rows": 1, "Plan Width": 16, "Actual Startup Time": 0.11, "Actual Total Time": 0.11, "Actual Rows": 0, "Actual Loops": 38, "Recheck Cond": "(id = ml.link_type_id)", "Rows Removed by Index Recheck": 0, "Filter": "((link)::text ~~ '%follows%'::text)", "Rows Removed by Filter": 24, "Exact Heap Blocks": 24, "Lossy Heap Blocks": 24, "Plans": [{"Node Type": "Bitmap Index Scan", "Parent Relationship": "Outer", "Index Name": "link_type_pkey", "Startup Cost": 0.0, "Total Cost": 0.26, "Plan Rows": 1, "Plan Width": 0, "Actual Startup Time": 0.037, "Actual Total Time": 0.037, "Actual Rows": 24, "Actual Loops": 38, "Index Cond": "(id = ml.link_type_id)"}]}]}]}, "Triggers": [], "Planner Runtime": 60.8, "Total Runtime": 153.166, "Unique SQL Id": 4121279504}}, "(16, 116)": {"explain_plan": {"Plan": {"Node Type": "Aggregate", "Strategy": "Plain", "Startup Cost": 2581.34, "Total Cost": 2581.35, "Plan Rows": 1, "Plan Width": 144, "Plans": [{"Node Type": "Nested Loop", "Parent Relationship": "Outer", "Join Type": "Inner", "Startup Cost": 4.51, "Total Cost": 2581.33, "Plan Rows": 1, "Plan Width": 48, "Inner Unique": true, "Plans": [{"Node Type": "Nested Loop", "Parent Relationship": "Outer", "Join Type": "Inner", "Startup Cost": 4.51, "Total Cost": 2581.05, "Plan Rows": 1, "Plan Width": 40, "Inner Unique": false, "Join Filter": "(t.id = ml.movie_id)", "Plans": [{"Node Type": "Nested Loop", "Parent Relationship": "Outer", "Join Type": "Inner", "Startup Cost": 4.51, "Total Cost": 2580.63, "Plan Rows": 1, "Plan Width": 48, "Inner Unique": true, "Plans": [{"Node Type": "Nested Loop", "Parent Relationship": "Outer", "Join Type": "Inner", "Startup Cost": 4.51, "Total Cost": 2580.35, "Plan Rows": 1, "Plan Width": 52, "Inner Unique": true, "Plans": [{"Node Type": "Nested Loop", "Parent Relationship": "Outer", "Join Type": "Inner", "Startup Cost": 4.51, "Total Cost": 2580.05, "Plan Rows": 1, "Plan Width": 37, "Inner Unique": false, "Join Filter": "(t.id = mc.movie_id)", "Plans": [{"Node Type": "Nested Loop", "Parent Relationship": "Outer", "Join Type": "Inner", "Startup Cost": 4.51, "Total Cost": 2579.71, "Plan Rows": 1, "Plan Width": 25, "Inner Unique": true, "Plans": [{"Node Type": "Nested Loop", "Parent Relationship": "Outer", "Join Type": "Inner", "Startup Cost": 4.51, "Total Cost": 2569.02, "Plan Rows": 33, "Plan Width": 4, "Inner Unique": false, "Plans": [{"Node Type": "Seq Scan", "Parent Relationship": "Outer", "Relation Name": "keyword", "Alias": "k", "Startup Cost": 0.0, "Total Cost": 2436.11, "Plan Rows": 1, "Plan Width": 4, "Filter": "((keyword)::text = 'sequel'::text)"}, {"Node Type": "Bitmap Heap Scan", "Parent Relationship": "Inner", "Relation Name": "movie_keyword", "Alias": "mk", "Startup Cost": 4.51, "Total Cost": 132.58, "Plan Rows": 33, "Plan Width": 8, "Recheck Cond": "(keyword_id = k.id)", "Plans": [{"Node Type": "Bitmap Index Scan", "Parent Relationship": "Outer", "Index Name": "keyword_id_movie_keyword", "Startup Cost": 0.0, "Total Cost": 4.5, "Plan Rows": 33, "Plan Width": 0, "Index Cond": "(keyword_id = k.id)"}]}]}, {"Node Type": "Index Scan", "Parent Relationship": "Inner", "Scan Direction": "Forward", "Index Name": "title_pkey", "Relation Name": "title", "Alias": "t", "Startup Cost": 0.0, "Total Cost": 0.31, "Plan Rows": 1, "Plan Width": 21, "Index Cond": "(id = mk.movie_id)", "Filter": "(((title)::text ~~ '%Money%'::text) AND (production_year = 1998))"}]}, {"Node Type": "Index Scan", "Parent Relationship": "Inner", "Scan Direction": "Forward", "Index Name": "movie_id_movie_companies", "Relation Name": "movie_companies", "Alias": "mc", "Startup Cost": 0.0, "Total Cost": 0.31, "Plan Rows": 2, "Plan Width": 12, "Index Cond": "(movie_id = mk.movie_id)", "Filter": "(note IS NULL)"}]}, {"Node Type": "Index Scan", "Parent Relationship": "Inner", "Scan Direction": "Forward", "Index Name": "company_name_pkey", "Relation Name": "company_name", "Alias": "cn", "Startup Cost": 0.0, "Total Cost": 0.29, "Plan Rows": 1, "Plan Width": 23, "Index Cond": "(id = mc.company_id)", "Filter": "(((country_code)::text <> '[pl]'::text) AND (((name)::text ~~ '%Film%'::text) OR ((name)::text ~~ '%Warner%'::text)))"}]}, {"Node Type": "Index Scan", "Parent Relationship": "Inner", "Scan Direction": "Forward", "Index Name": "company_type_pkey", "Relation Name": "company_type", "Alias": "ct", "Startup Cost": 0.0, "Total Cost": 0.27, "Plan Rows": 1, "Plan Width": 4, "Index Cond": "(id = mc.company_type_id)", "Filter": "((kind)::text = 'production companies'::text)"}]}, {"Node Type": "Index Scan", "Parent Relationship": "Inner", "Scan Direction": "Forward", "Index Name": "movie_id_movie_link", "Relation Name": "movie_link", "Alias": "ml", "Startup Cost": 0.0, "Total Cost": 0.35, "Plan Rows": 5, "Plan Width": 8, "Index Cond": "(movie_id = mk.movie_id)"}]}, {"Node Type": "Index Scan", "Parent Relationship": "Inner", "Scan Direction": "Forward", "Index Name": "link_type_pkey", "Relation Name": "link_type", "Alias": "lt", "Startup Cost": 0.0, "Total Cost": 0.27, "Plan Rows": 1, "Plan Width": 16, "Index Cond": "(id = ml.link_type_id)", "Filter": "((link)::text ~~ '%follows%'::text)"}]}]}, "Unique SQL Id": 4121279504}, "explain_analyze_plan": {"Plan": {"Node Type": "Aggregate", "Strategy": "Plain", "Startup Cost": 2581.34, "Total Cost": 2581.35, "Plan Rows": 1, "Plan Width": 144, "Actual Startup Time": 126.718, "Actual Total Time": 126.718, "Actual Rows": 1, "Actual Loops": 1, "Plans": [{"Node Type": "Nested Loop", "Parent Relationship": "Outer", "Join Type": "Inner", "Startup Cost": 4.51, "Total Cost": 2581.33, "Plan Rows": 1, "Plan Width": 48, "Actual Startup Time": 126.712, "Actual Total Time": 126.712, "Actual Rows": 0, "Actual Loops": 1, "Inner Unique": true, "Plans": [{"Node Type": "Nested Loop", "Parent Relationship": "Outer", "Join Type": "Inner", "Startup Cost": 4.51, "Total Cost": 2581.05, "Plan Rows": 1, "Plan Width": 40, "Actual Startup Time": 6.094, "Actual Total Time": 126.628, "Actual Rows": 38, "Actual Loops": 1, "Inner Unique": false, "Join Filter": "(t.id = ml.movie_id)", "Rows Removed by Join Filter": 0, "Plans": [{"Node Type": "Nested Loop", "Parent Relationship": "Outer", "Join Type": "Inner", "Startup Cost": 4.51, "Total Cost": 2580.63, "Plan Rows": 1, "Plan Width": 48, "Actual Startup Time": 6.079, "Actual Total Time": 126.579, "Actual Rows": 2, "Actual Loops": 1, "Inner Unique": true, "Plans": [{"Node Type": "Nested Loop", "Parent Relationship": "Outer", "Join Type": "Inner", "Startup Cost": 4.51, "Total Cost": 2580.35, "Plan Rows": 1, "Plan Width": 52, "Actual Startup Time": 6.07, "Actual Total Time": 126.566, "Actual Rows": 2, "Actual Loops": 1, "Inner Unique": true, "Plans": [{"Node Type": "Nested Loop", "Parent Relationship": "Outer", "Join Type": "Inner", "Startup Cost": 4.51, "Total Cost": 2580.05, "Plan Rows": 1, "Plan Width": 37, "Actual Startup Time": 6.053, "Actual Total Time": 126.529, "Actual Rows": 3, "Actual Loops": 1, "Inner Unique": false, "Join Filter": "(t.id = mc.movie_id)", "Rows Removed by Join Filter": 0, "Plans": [{"Node Type": "Nested Loop", "Parent Relationship": "Outer", "Join Type": "Inner", "Startup Cost": 4.51, "Total Cost": 2579.71, "Plan Rows": 1, "Plan Width": 25, "Actual Startup Time": 6.03, "Actual Total Time": 126.501, "Actual Rows": 1, "Actual Loops": 1, "Inner Unique": true, "Plans": [{"Node Type": "Nested Loop", "Parent Relationship": "Outer", "Join Type": "Inner", "Startup Cost": 4.51, "Total Cost": 2569.02, "Plan Rows": 33, "Plan Width": 4, "Actual Startup Time": 5.681, "Actual Total Time": 64.348, "Actual Rows": 10544, "Actual Loops": 1, "Inner Unique": false, "Plans": [{"Node Type": "Seq Scan", "Parent Relationship": "Outer", "Relation Name": "keyword", "Alias": "k", "Startup Cost": 0.0, "Total Cost": 2436.11, "Plan Rows": 1, "Plan Width": 4, "Actual Startup Time": 2.377, "Actual Total Time": 41.877, "Actual Rows": 1, "Actual Loops": 1, "Filter": "((keyword)::text = 'sequel'::text)", "Rows Removed by Filter": 134168}, {"Node Type": "Bitmap Heap Scan", "Parent Relationship": "Inner", "Relation Name": "movie_keyword", "Alias": "mk", "Startup Cost": 4.51, "Total Cost": 132.58, "Plan Rows": 33, "Plan Width": 8, "Actual Startup Time": 3.296, "Actual Total Time": 20.334, "Actual Rows": 10544, "Actual Loops": 1, "Recheck Cond": "(keyword_id = k.id)", "Rows Removed by Index Recheck": 0, "Exact Heap Blocks": 5090, "Lossy Heap Blocks": 5090, "Plans": [{"Node Type": "Bitmap Index Scan", "Parent Relationship": "Outer", "Index Name": "keyword_id_movie_keyword", "Startup Cost": 0.0, "Total Cost": 4.5, "Plan Rows": 33, "Plan Width": 0, "Actual Startup Time": 2.369, "Actual Total Time": 2.369, "Actual Rows": 10544, "Actual Loops": 1, "Index Cond": "(keyword_id = k.id)"}]}]}, {"Node Type": "Index Scan", "Parent Relationship": "Inner", "Scan Direction": "Forward", "Index Name": "title_pkey", "Relation Name": "title", "Alias": "t", "Startup Cost": 0.0, "Total Cost": 0.31, "Plan Rows": 1, "Plan Width": 21, "Actual Startup Time": 56.882, "Actual Total Time": 56.882, "Actual Rows": 1, "Actual Loops": 10544, "Index Cond": "(id = mk.movie_id)", "Rows Removed by Index Recheck": 0, "Filter": "(((title)::text ~~ '%Money%'::text) AND (production_year = 1998))", "Rows Removed by Filter": 10543}]}, {"Node Type": "Index Scan", "Parent Relationship": "Inner", "Scan Direction": "Forward", "Index Name": "movie_id_movie_companies", "Relation Name": "movie_companies", "Alias": "mc", "Startup Cost": 0.0, "Total Cost": 0.31, "Plan Rows": 2, "Plan Width": 12, "Actual Startup Time": 0.018, "Actual Total Time": 0.02, "Actual Rows": 3, "Actual Loops": 1, "Index Cond": "(movie_id = mk.movie_id)", "Rows Removed by Index Recheck": 0, "Filter": "(note IS NULL)", "Rows Removed by Filter": 1}]}, {"Node Type": "Index Scan", "Parent Relationship": "Inner", "Scan Direction": "Forward", "Index Name": "company_name_pkey", "Relation Name": "company_name", "Alias": "cn", "Startup Cost": 0.0, "Total Cost": 0.29, "Plan Rows": 1, "Plan Width": 23, "Actual Startup Time": 0.032, "Actual Total Time": 0.032, "Actual Rows": 2, "Actual Loops": 3, "Index Cond": "(id = mc.company_id)", "Rows Removed by Index Recheck": 0, "Filter": "(((country_code)::text <> '[pl]'::text) AND (((name)::text ~~ '%Film%'::text) OR ((name)::text ~~ '%Warner%'::text)))", "Rows Removed by Filter": 1}]}, {"Node Type": "Index Scan", "Parent Relationship": "Inner", "Scan Direction": "Forward", "Index Name": "company_type_pkey", "Relation Name": "company_type", "Alias": "ct", "Startup Cost": 0.0, "Total Cost": 0.27, "Plan Rows": 1, "Plan Width": 4, "Actual Startup Time": 0.008, "Actual Total Time": 0.008, "Actual Rows": 2, "Actual Loops": 2, "Index Cond": "(id = mc.company_type_id)", "Rows Removed by Index Recheck": 0, "Filter": "((kind)::text = 'production companies'::text)", "Rows Removed by Filter": 0}]}, {"Node Type": "Index Scan", "Parent Relationship": "Inner", "Scan Direction": "Forward", "Index Name": "movie_id_movie_link", "Relation Name": "movie_link", "Alias": "ml", "Startup Cost": 0.0, "Total Cost": 0.35, "Plan Rows": 5, "Plan Width": 8, "Actual Startup Time": 0.016, "Actual Total Time": 0.031, "Actual Rows": 38, "Actual Loops": 2, "Index Cond": "(movie_id = mk.movie_id)", "Rows Removed by Index Recheck": 0}]}, {"Node Type": "Index Scan", "Parent Relationship": "Inner", "Scan Direction": "Forward", "Index Name": "link_type_pkey", "Relation Name": "link_type", "Alias": "lt", "Startup Cost": 0.0, "Total Cost": 0.27, "Plan Rows": 1, "Plan Width": 16, "Actual Startup Time": 0.064, "Actual Total Time": 0.064, "Actual Rows": 0, "Actual Loops": 38, "Index Cond": "(id = ml.link_type_id)", "Rows Removed by Index Recheck": 0, "Filter": "((link)::text ~~ '%follows%'::text)", "Rows Removed by Filter": 24}]}]}, "Triggers": [], "Planner Runtime": 87.526, "Total Runtime": 127.163, "Unique SQL Id": 4121279504}}, "(16, 117)": {"explain_plan": {"Plan": {"Node Type": "Aggregate", "Strategy": "Plain", "Startup Cost": 3327.94, "Total Cost": 3327.95, "Plan Rows": 1, "Plan Width": 144, "Plans": [{"Node Type": "Nested Loop", "Parent Relationship": "Outer", "Join Type": "Inner", "Startup Cost": 4.51, "Total Cost": 3327.93, "Plan Rows": 1, "Plan Width": 48, "Inner Unique": true, "Plans": [{"Node Type": "Nested Loop", "Parent Relationship": "Outer", "Join Type": "Inner", "Startup Cost": 4.51, "Total Cost": 3327.65, "Plan Rows": 1, "Plan Width": 40, "Inner Unique": false, "Join Filter": "(t.id = ml.movie_id)", "Plans": [{"Node Type": "Nested Loop", "Parent Relationship": "Outer", "Join Type": "Inner", "Startup Cost": 4.51, "Total Cost": 3327.24, "Plan Rows": 1, "Plan Width": 48, "Inner Unique": true, "Plans": [{"Node Type": "Nested Loop", "Parent Relationship": "Outer", "Join Type": "Inner", "Startup Cost": 4.51, "Total Cost": 3326.95, "Plan Rows": 1, "Plan Width": 52, "Inner Unique": true, "Plans": [{"Node Type": "Nested Loop", "Parent Relationship": "Outer", "Join Type": "Inner", "Startup Cost": 4.51, "Total Cost": 3326.66, "Plan Rows": 1, "Plan Width": 37, "Inner Unique": false, "Join Filter": "(t.id = mc.movie_id)", "Plans": [{"Node Type": "Nested Loop", "Parent Relationship": "Outer", "Join Type": "Inner", "Startup Cost": 4.51, "Total Cost": 3326.32, "Plan Rows": 1, "Plan Width": 25, "Inner Unique": true, "Plans": [{"Node Type": "Nested Loop", "Parent Relationship": "Outer", "Join Type": "Inner", "Startup Cost": 4.51, "Total Cost": 3315.63, "Plan Rows": 33, "Plan Width": 4, "Inner Unique": false, "Plans": [{"Node Type": "Index Scan", "Parent Relationship": "Outer", "Scan Direction": "Forward", "Index Name": "keyword_pkey", "Relation Name": "keyword", "Alias": "k", "Startup Cost": 0.0, "Total Cost": 3182.72, "Plan Rows": 1, "Plan Width": 4, "Filter": "((keyword)::text = 'sequel'::text)"}, {"Node Type": "Bitmap Heap Scan", "Parent Relationship": "Inner", "Relation Name": "movie_keyword", "Alias": "mk", "Startup Cost": 4.51, "Total Cost": 132.58, "Plan Rows": 33, "Plan Width": 8, "Recheck Cond": "(keyword_id = k.id)", "Plans": [{"Node Type": "Bitmap Index Scan", "Parent Relationship": "Outer", "Index Name": "keyword_id_movie_keyword", "Startup Cost": 0.0, "Total Cost": 4.5, "Plan Rows": 33, "Plan Width": 0, "Index Cond": "(keyword_id = k.id)"}]}]}, {"Node Type": "Index Scan", "Parent Relationship": "Inner", "Scan Direction": "Forward", "Index Name": "title_pkey", "Relation Name": "title", "Alias": "t", "Startup Cost": 0.0, "Total Cost": 0.31, "Plan Rows": 1, "Plan Width": 21, "Index Cond": "(id = mk.movie_id)", "Filter": "(((title)::text ~~ '%Money%'::text) AND (production_year = 1998))"}]}, {"Node Type": "Index Scan", "Parent Relationship": "Inner", "Scan Direction": "Forward", "Index Name": "movie_id_movie_companies", "Relation Name": "movie_companies", "Alias": "mc", "Startup Cost": 0.0, "Total Cost": 0.31, "Plan Rows": 2, "Plan Width": 12, "Index Cond": "(movie_id = mk.movie_id)", "Filter": "(note IS NULL)"}]}, {"Node Type": "Index Scan", "Parent Relationship": "Inner", "Scan Direction": "Forward", "Index Name": "company_name_pkey", "Relation Name": "company_name", "Alias": "cn", "Startup Cost": 0.0, "Total Cost": 0.29, "Plan Rows": 1, "Plan Width": 23, "Index Cond": "(id = mc.company_id)", "Filter": "(((country_code)::text <> '[pl]'::text) AND (((name)::text ~~ '%Film%'::text) OR ((name)::text ~~ '%Warner%'::text)))"}]}, {"Node Type": "Index Scan", "Parent Relationship": "Inner", "Scan Direction": "Forward", "Index Name": "company_type_pkey", "Relation Name": "company_type", "Alias": "ct", "Startup Cost": 0.0, "Total Cost": 0.27, "Plan Rows": 1, "Plan Width": 4, "Index Cond": "(id = mc.company_type_id)", "Filter": "((kind)::text = 'production companies'::text)"}]}, {"Node Type": "Index Scan", "Parent Relationship": "Inner", "Scan Direction": "Forward", "Index Name": "movie_id_movie_link", "Relation Name": "movie_link", "Alias": "ml", "Startup Cost": 0.0, "Total Cost": 0.35, "Plan Rows": 5, "Plan Width": 8, "Index Cond": "(movie_id = mk.movie_id)"}]}, {"Node Type": "Index Scan", "Parent Relationship": "Inner", "Scan Direction": "Forward", "Index Name": "link_type_pkey", "Relation Name": "link_type", "Alias": "lt", "Startup Cost": 0.0, "Total Cost": 0.27, "Plan Rows": 1, "Plan Width": 16, "Index Cond": "(id = ml.link_type_id)", "Filter": "((link)::text ~~ '%follows%'::text)"}]}]}, "Unique SQL Id": 4121279504}, "explain_analyze_plan": {"Plan": {"Node Type": "Aggregate", "Strategy": "Plain", "Startup Cost": 3327.94, "Total Cost": 3327.95, "Plan Rows": 1, "Plan Width": 144, "Actual Startup Time": 210.021, "Actual Total Time": 210.022, "Actual Rows": 1, "Actual Loops": 1, "Plans": [{"Node Type": "Nested Loop", "Parent Relationship": "Outer", "Join Type": "Inner", "Startup Cost": 4.51, "Total Cost": 3327.93, "Plan Rows": 1, "Plan Width": 48, "Actual Startup Time": 210.015, "Actual Total Time": 210.015, "Actual Rows": 0, "Actual Loops": 1, "Inner Unique": true, "Plans": [{"Node Type": "Nested Loop", "Parent Relationship": "Outer", "Join Type": "Inner", "Startup Cost": 4.51, "Total Cost": 3327.65, "Plan Rows": 1, "Plan Width": 40, "Actual Startup Time": 4.252, "Actual Total Time": 209.927, "Actual Rows": 38, "Actual Loops": 1, "Inner Unique": false, "Join Filter": "(t.id = ml.movie_id)", "Rows Removed by Join Filter": 0, "Plans": [{"Node Type": "Nested Loop", "Parent Relationship": "Outer", "Join Type": "Inner", "Startup Cost": 4.51, "Total Cost": 3327.24, "Plan Rows": 1, "Plan Width": 48, "Actual Startup Time": 4.237, "Actual Total Time": 209.878, "Actual Rows": 2, "Actual Loops": 1, "Inner Unique": true, "Plans": [{"Node Type": "Nested Loop", "Parent Relationship": "Outer", "Join Type": "Inner", "Startup Cost": 4.51, "Total Cost": 3326.95, "Plan Rows": 1, "Plan Width": 52, "Actual Startup Time": 4.228, "Actual Total Time": 209.865, "Actual Rows": 2, "Actual Loops": 1, "Inner Unique": true, "Plans": [{"Node Type": "Nested Loop", "Parent Relationship": "Outer", "Join Type": "Inner", "Startup Cost": 4.51, "Total Cost": 3326.66, "Plan Rows": 1, "Plan Width": 37, "Actual Startup Time": 4.21, "Actual Total Time": 209.826, "Actual Rows": 3, "Actual Loops": 1, "Inner Unique": false, "Join Filter": "(t.id = mc.movie_id)", "Rows Removed by Join Filter": 0, "Plans": [{"Node Type": "Nested Loop", "Parent Relationship": "Outer", "Join Type": "Inner", "Startup Cost": 4.51, "Total Cost": 3326.32, "Plan Rows": 1, "Plan Width": 25, "Actual Startup Time": 4.189, "Actual Total Time": 209.801, "Actual Rows": 1, "Actual Loops": 1, "Inner Unique": true, "Plans": [{"Node Type": "Nested Loop", "Parent Relationship": "Outer", "Join Type": "Inner", "Startup Cost": 4.51, "Total Cost": 3315.63, "Plan Rows": 33, "Plan Width": 4, "Actual Startup Time": 3.839, "Actual Total Time": 145.857, "Actual Rows": 10544, "Actual Loops": 1, "Inner Unique": false, "Plans": [{"Node Type": "Index Scan", "Parent Relationship": "Outer", "Scan Direction": "Forward", "Index Name": "keyword_pkey", "Relation Name": "keyword", "Alias": "k", "Startup Cost": 0.0, "Total Cost": 3182.72, "Plan Rows": 1, "Plan Width": 4, "Actual Startup Time": 0.526, "Actual Total Time": 122.744, "Actual Rows": 1, "Actual Loops": 1, "Filter": "((keyword)::text = 'sequel'::text)", "Rows Removed by Filter": 134168}, {"Node Type": "Bitmap Heap Scan", "Parent Relationship": "Inner", "Relation Name": "movie_keyword", "Alias": "mk", "Startup Cost": 4.51, "Total Cost": 132.58, "Plan Rows": 33, "Plan Width": 8, "Actual Startup Time": 3.306, "Actual Total Time": 20.899, "Actual Rows": 10544, "Actual Loops": 1, "Recheck Cond": "(keyword_id = k.id)", "Rows Removed by Index Recheck": 0, "Exact Heap Blocks": 5090, "Lossy Heap Blocks": 5090, "Plans": [{"Node Type": "Bitmap Index Scan", "Parent Relationship": "Outer", "Index Name": "keyword_id_movie_keyword", "Startup Cost": 0.0, "Total Cost": 4.5, "Plan Rows": 33, "Plan Width": 0, "Actual Startup Time": 2.388, "Actual Total Time": 2.388, "Actual Rows": 10544, "Actual Loops": 1, "Index Cond": "(keyword_id = k.id)"}]}]}, {"Node Type": "Index Scan", "Parent Relationship": "Inner", "Scan Direction": "Forward", "Index Name": "title_pkey", "Relation Name": "title", "Alias": "t", "Startup Cost": 0.0, "Total Cost": 0.31, "Plan Rows": 1, "Plan Width": 21, "Actual Startup Time": 58.603, "Actual Total Time": 58.603, "Actual Rows": 1, "Actual Loops": 10544, "Index Cond": "(id = mk.movie_id)", "Rows Removed by Index Recheck": 0, "Filter": "(((title)::text ~~ '%Money%'::text) AND (production_year = 1998))", "Rows Removed by Filter": 10543}]}, {"Node Type": "Index Scan", "Parent Relationship": "Inner", "Scan Direction": "Forward", "Index Name": "movie_id_movie_companies", "Relation Name": "movie_companies", "Alias": "mc", "Startup Cost": 0.0, "Total Cost": 0.31, "Plan Rows": 2, "Plan Width": 12, "Actual Startup Time": 0.017, "Actual Total Time": 0.019, "Actual Rows": 3, "Actual Loops": 1, "Index Cond": "(movie_id = mk.movie_id)", "Rows Removed by Index Recheck": 0, "Filter": "(note IS NULL)", "Rows Removed by Filter": 1}]}, {"Node Type": "Index Scan", "Parent Relationship": "Inner", "Scan Direction": "Forward", "Index Name": "company_name_pkey", "Relation Name": "company_name", "Alias": "cn", "Startup Cost": 0.0, "Total Cost": 0.29, "Plan Rows": 1, "Plan Width": 23, "Actual Startup Time": 0.034, "Actual Total Time": 0.034, "Actual Rows": 2, "Actual Loops": 3, "Index Cond": "(id = mc.company_id)", "Rows Removed by Index Recheck": 0, "Filter": "(((country_code)::text <> '[pl]'::text) AND (((name)::text ~~ '%Film%'::text) OR ((name)::text ~~ '%Warner%'::text)))", "Rows Removed by Filter": 1}]}, {"Node Type": "Index Scan", "Parent Relationship": "Inner", "Scan Direction": "Forward", "Index Name": "company_type_pkey", "Relation Name": "company_type", "Alias": "ct", "Startup Cost": 0.0, "Total Cost": 0.27, "Plan Rows": 1, "Plan Width": 4, "Actual Startup Time": 0.009, "Actual Total Time": 0.009, "Actual Rows": 2, "Actual Loops": 2, "Index Cond": "(id = mc.company_type_id)", "Rows Removed by Index Recheck": 0, "Filter": "((kind)::text = 'production companies'::text)", "Rows Removed by Filter": 0}]}, {"Node Type": "Index Scan", "Parent Relationship": "Inner", "Scan Direction": "Forward", "Index Name": "movie_id_movie_link", "Relation Name": "movie_link", "Alias": "ml", "Startup Cost": 0.0, "Total Cost": 0.35, "Plan Rows": 5, "Plan Width": 8, "Actual Startup Time": 0.016, "Actual Total Time": 0.029, "Actual Rows": 38, "Actual Loops": 2, "Index Cond": "(movie_id = mk.movie_id)", "Rows Removed by Index Recheck": 0}]}, {"Node Type": "Index Scan", "Parent Relationship": "Inner", "Scan Direction": "Forward", "Index Name": "link_type_pkey", "Relation Name": "link_type", "Alias": "lt", "Startup Cost": 0.0, "Total Cost": 0.27, "Plan Rows": 1, "Plan Width": 16, "Actual Startup Time": 0.063, "Actual Total Time": 0.063, "Actual Rows": 0, "Actual Loops": 38, "Index Cond": "(id = ml.link_type_id)", "Rows Removed by Index Recheck": 0, "Filter": "((link)::text ~~ '%follows%'::text)", "Rows Removed by Filter": 24}]}]}, "Triggers": [], "Planner Runtime": 75.74, "Total Runtime": 210.444, "Unique SQL Id": 4121279504}}, "(16, 118)": {"explain_plan": {"Plan": {"Node Type": "Aggregate", "Strategy": "Plain", "Startup Cost": 2726.02, "Total Cost": 2726.03, "Plan Rows": 1, "Plan Width": 144, "Plans": [{"Node Type": "Nested Loop", "Parent Relationship": "Outer", "Join Type": "Inner", "Startup Cost": 5.59, "Total Cost": 2726.01, "Plan Rows": 1, "Plan Width": 48, "Inner Unique": true, "Join Filter": "(ml.link_type_id = lt.id)", "Plans": [{"Node Type": "Nested Loop", "Parent Relationship": "Outer", "Join Type": "Inner", "Startup Cost": 5.59, "Total Cost": 2724.78, "Plan Rows": 1, "Plan Width": 40, "Inner Unique": false, "Join Filter": "(t.id = ml.movie_id)", "Plans": [{"Node Type": "Nested Loop", "Parent Relationship": "Outer", "Join Type": "Inner", "Startup Cost": 5.3, "Total Cost": 2720.37, "Plan Rows": 1, "Plan Width": 48, "Inner Unique": true, "Join Filter": "(mc.company_type_id = ct.id)", "Plans": [{"Node Type": "Nested Loop", "Parent Relationship": "Outer", "Join Type": "Inner", "Startup Cost": 5.3, "Total Cost": 2719.32, "Plan Rows": 1, "Plan Width": 52, "Inner Unique": true, "Plans": [{"Node Type": "Nested Loop", "Parent Relationship": "Outer", "Join Type": "Inner", "Startup Cost": 5.05, "Total Cost": 2715.03, "Plan Rows": 1, "Plan Width": 37, "Inner Unique": false, "Join Filter": "(t.id = mc.movie_id)", "Plans": [{"Node Type": "Nested Loop", "Parent Relationship": "Outer", "Join Type": "Inner", "Startup Cost": 4.77, "Total Cost": 2710.71, "Plan Rows": 1, "Plan Width": 25, "Inner Unique": true, "Plans": [{"Node Type": "Nested Loop", "Parent Relationship": "Outer", "Join Type": "Inner", "Startup Cost": 4.51, "Total Cost": 2569.02, "Plan Rows": 33, "Plan Width": 4, "Inner Unique": false, "Plans": [{"Node Type": "Seq Scan", "Parent Relationship": "Outer", "Relation Name": "keyword", "Alias": "k", "Startup Cost": 0.0, "Total Cost": 2436.11, "Plan Rows": 1, "Plan Width": 4, "Filter": "((keyword)::text = 'sequel'::text)"}, {"Node Type": "Bitmap Heap Scan", "Parent Relationship": "Inner", "Relation Name": "movie_keyword", "Alias": "mk", "Startup Cost": 4.51, "Total Cost": 132.58, "Plan Rows": 33, "Plan Width": 8, "Recheck Cond": "(keyword_id = k.id)", "Plans": [{"Node Type": "Bitmap Index Scan", "Parent Relationship": "Outer", "Index Name": "keyword_id_movie_keyword", "Startup Cost": 0.0, "Total Cost": 4.5, "Plan Rows": 33, "Plan Width": 0, "Index Cond": "(keyword_id = k.id)"}]}]}, {"Node Type": "Bitmap Heap Scan", "Parent Relationship": "Inner", "Relation Name": "title", "Alias": "t", "Startup Cost": 0.27, "Total Cost": 4.28, "Plan Rows": 1, "Plan Width": 21, "Recheck Cond": "(id = mk.movie_id)", "Filter": "(((title)::text ~~ '%Money%'::text) AND (production_year = 1998))", "Plans": [{"Node Type": "Bitmap Index Scan", "Parent Relationship": "Outer", "Index Name": "title_pkey", "Startup Cost": 0.0, "Total Cost": 0.27, "Plan Rows": 1, "Plan Width": 0, "Index Cond": "(id = mk.movie_id)"}]}]}, {"Node Type": "Bitmap Heap Scan", "Parent Relationship": "Inner", "Relation Name": "movie_companies", "Alias": "mc", "Startup Cost": 0.27, "Total Cost": 4.3, "Plan Rows": 2, "Plan Width": 12, "Recheck Cond": "(movie_id = mk.movie_id)", "Filter": "(note IS NULL)", "Plans": [{"Node Type": "Bitmap Index Scan", "Parent Relationship": "Outer", "Index Name": "movie_id_movie_companies", "Startup Cost": 0.0, "Total Cost": 0.27, "Plan Rows": 2, "Plan Width": 0, "Index Cond": "(movie_id = mk.movie_id)"}]}]}, {"Node Type": "Bitmap Heap Scan", "Parent Relationship": "Inner", "Relation Name": "company_name", "Alias": "cn", "Startup Cost": 0.26, "Total Cost": 4.28, "Plan Rows": 1, "Plan Width": 23, "Recheck Cond": "(id = mc.company_id)", "Filter": "(((country_code)::text <> '[pl]'::text) AND (((name)::text ~~ '%Film%'::text) OR ((name)::text ~~ '%Warner%'::text)))", "Plans": [{"Node Type": "Bitmap Index Scan", "Parent Relationship": "Outer", "Index Name": "company_name_pkey", "Startup Cost": 0.0, "Total Cost": 0.26, "Plan Rows": 1, "Plan Width": 0, "Index Cond": "(id = mc.company_id)"}]}]}, {"Node Type": "Seq Scan", "Parent Relationship": "Inner", "Relation Name": "company_type", "Alias": "ct", "Startup Cost": 0.0, "Total Cost": 1.04, "Plan Rows": 1, "Plan Width": 4, "Filter": "((kind)::text = 'production companies'::text)"}]}, {"Node Type": "Bitmap Heap Scan", "Parent Relationship": "Inner", "Relation Name": "movie_link", "Alias": "ml", "Startup Cost": 0.29, "Total Cost": 4.35, "Plan Rows": 5, "Plan Width": 8, "Recheck Cond": "(movie_id = mk.movie_id)", "Plans": [{"Node Type": "Bitmap Index Scan", "Parent Relationship": "Outer", "Index Name": "movie_id_movie_link", "Startup Cost": 0.0, "Total Cost": 0.29, "Plan Rows": 5, "Plan Width": 0, "Index Cond": "(movie_id = mk.movie_id)"}]}]}, {"Node Type": "Seq Scan", "Parent Relationship": "Inner", "Relation Name": "link_type", "Alias": "lt", "Startup Cost": 0.0, "Total Cost": 1.21, "Plan Rows": 1, "Plan Width": 16, "Filter": "((link)::text ~~ '%follows%'::text)"}]}]}, "Unique SQL Id": 4121279504}, "explain_analyze_plan": {"Plan": {"Node Type": "Aggregate", "Strategy": "Plain", "Startup Cost": 2726.02, "Total Cost": 2726.03, "Plan Rows": 1, "Plan Width": 144, "Actual Startup Time": 139.006, "Actual Total Time": 139.007, "Actual Rows": 1, "Actual Loops": 1, "Plans": [{"Node Type": "Nested Loop", "Parent Relationship": "Outer", "Join Type": "Inner", "Startup Cost": 5.59, "Total Cost": 2726.01, "Plan Rows": 1, "Plan Width": 48, "Actual Startup Time": 138.995, "Actual Total Time": 138.995, "Actual Rows": 0, "Actual Loops": 1, "Inner Unique": true, "Join Filter": "(ml.link_type_id = lt.id)", "Rows Removed by Join Filter": 0, "Plans": [{"Node Type": "Nested Loop", "Parent Relationship": "Outer", "Join Type": "Inner", "Startup Cost": 5.59, "Total Cost": 2724.78, "Plan Rows": 1, "Plan Width": 40, "Actual Startup Time": 6.154, "Actual Total Time": 138.668, "Actual Rows": 38, "Actual Loops": 1, "Inner Unique": false, "Join Filter": "(t.id = ml.movie_id)", "Rows Removed by Join Filter": 0, "Plans": [{"Node Type": "Nested Loop", "Parent Relationship": "Outer", "Join Type": "Inner", "Startup Cost": 5.3, "Total Cost": 2720.37, "Plan Rows": 1, "Plan Width": 48, "Actual Startup Time": 6.124, "Actual Total Time": 138.609, "Actual Rows": 2, "Actual Loops": 1, "Inner Unique": true, "Join Filter": "(mc.company_type_id = ct.id)", "Rows Removed by Join Filter": 0, "Plans": [{"Node Type": "Nested Loop", "Parent Relationship": "Outer", "Join Type": "Inner", "Startup Cost": 5.3, "Total Cost": 2719.32, "Plan Rows": 1, "Plan Width": 52, "Actual Startup Time": 6.112, "Actual Total Time": 138.593, "Actual Rows": 2, "Actual Loops": 1, "Inner Unique": true, "Plans": [{"Node Type": "Nested Loop", "Parent Relationship": "Outer", "Join Type": "Inner", "Startup Cost": 5.05, "Total Cost": 2715.03, "Plan Rows": 1, "Plan Width": 37, "Actual Startup Time": 6.09, "Actual Total Time": 138.545, "Actual Rows": 3, "Actual Loops": 1, "Inner Unique": false, "Join Filter": "(t.id = mc.movie_id)", "Rows Removed by Join Filter": 0, "Plans": [{"Node Type": "Nested Loop", "Parent Relationship": "Outer", "Join Type": "Inner", "Startup Cost": 4.77, "Total Cost": 2710.71, "Plan Rows": 1, "Plan Width": 25, "Actual Startup Time": 6.057, "Actual Total Time": 138.508, "Actual Rows": 1, "Actual Loops": 1, "Inner Unique": true, "Plans": [{"Node Type": "Nested Loop", "Parent Relationship": "Outer", "Join Type": "Inner", "Startup Cost": 4.51, "Total Cost": 2569.02, "Plan Rows": 33, "Plan Width": 4, "Actual Startup Time": 5.644, "Actual Total Time": 62.51, "Actual Rows": 10544, "Actual Loops": 1, "Inner Unique": false, "Plans": [{"Node Type": "Seq Scan", "Parent Relationship": "Outer", "Relation Name": "keyword", "Alias": "k", "Startup Cost": 0.0, "Total Cost": 2436.11, "Plan Rows": 1, "Plan Width": 4, "Actual Startup Time": 2.306, "Actual Total Time": 41.335, "Actual Rows": 1, "Actual Loops": 1, "Filter": "((keyword)::text = 'sequel'::text)", "Rows Removed by Filter": 134168}, {"Node Type": "Bitmap Heap Scan", "Parent Relationship": "Inner", "Relation Name": "movie_keyword", "Alias": "mk", "Startup Cost": 4.51, "Total Cost": 132.58, "Plan Rows": 33, "Plan Width": 8, "Actual Startup Time": 3.331, "Actual Total Time": 19.008, "Actual Rows": 10544, "Actual Loops": 1, "Recheck Cond": "(keyword_id = k.id)", "Rows Removed by Index Recheck": 0, "Exact Heap Blocks": 5090, "Lossy Heap Blocks": 5090, "Plans": [{"Node Type": "Bitmap Index Scan", "Parent Relationship": "Outer", "Index Name": "keyword_id_movie_keyword", "Startup Cost": 0.0, "Total Cost": 4.5, "Plan Rows": 33, "Plan Width": 0, "Actual Startup Time": 2.404, "Actual Total Time": 2.404, "Actual Rows": 10544, "Actual Loops": 1, "Index Cond": "(keyword_id = k.id)"}]}]}, {"Node Type": "Bitmap Heap Scan", "Parent Relationship": "Inner", "Relation Name": "title", "Alias": "t", "Startup Cost": 0.27, "Total Cost": 4.28, "Plan Rows": 1, "Plan Width": 21, "Actual Startup Time": 64.166, "Actual Total Time": 64.166, "Actual Rows": 1, "Actual Loops": 10544, "Recheck Cond": "(id = mk.movie_id)", "Rows Removed by Index Recheck": 0, "Filter": "(((title)::text ~~ '%Money%'::text) AND (production_year = 1998))", "Rows Removed by Filter": 10543, "Exact Heap Blocks": 10544, "Lossy Heap Blocks": 10544, "Plans": [{"Node Type": "Bitmap Index Scan", "Parent Relationship": "Outer", "Index Name": "title_pkey", "Startup Cost": 0.0, "Total Cost": 0.27, "Plan Rows": 1, "Plan Width": 0, "Actual Startup Time": 31.869, "Actual Total Time": 31.869, "Actual Rows": 10544, "Actual Loops": 10544, "Index Cond": "(id = mk.movie_id)"}]}]}, {"Node Type": "Bitmap Heap Scan", "Parent Relationship": "Inner", "Relation Name": "movie_companies", "Alias": "mc", "Startup Cost": 0.27, "Total Cost": 4.3, "Plan Rows": 2, "Plan Width": 12, "Actual Startup Time": 0.029, "Actual Total Time": 0.032, "Actual Rows": 3, "Actual Loops": 1, "Recheck Cond": "(movie_id = mk.movie_id)", "Rows Removed by Index Recheck": 0, "Filter": "(note IS NULL)", "Rows Removed by Filter": 1, "Exact Heap Blocks": 2, "Lossy Heap Blocks": 2, "Plans": [{"Node Type": "Bitmap Index Scan", "Parent Relationship": "Outer", "Index Name": "movie_id_movie_companies", "Startup Cost": 0.0, "Total Cost": 0.27, "Plan Rows": 2, "Plan Width": 0, "Actual Startup Time": 0.011, "Actual Total Time": 0.011, "Actual Rows": 4, "Actual Loops": 1, "Index Cond": "(movie_id = mk.movie_id)"}]}]}, {"Node Type": "Bitmap Heap Scan", "Parent Relationship": "Inner", "Relation Name": "company_name", "Alias": "cn", "Startup Cost": 0.26, "Total Cost": 4.28, "Plan Rows": 1, "Plan Width": 23, "Actual Startup Time": 0.039, "Actual Total Time": 0.039, "Actual Rows": 2, "Actual Loops": 3, "Recheck Cond": "(id = mc.company_id)", "Rows Removed by Index Recheck": 0, "Filter": "(((country_code)::text <> '[pl]'::text) AND (((name)::text ~~ '%Film%'::text) OR ((name)::text ~~ '%Warner%'::text)))", "Rows Removed by Filter": 1, "Exact Heap Blocks": 3, "Lossy Heap Blocks": 3, "Plans": [{"Node Type": "Bitmap Index Scan", "Parent Relationship": "Outer", "Index Name": "company_name_pkey", "Startup Cost": 0.0, "Total Cost": 0.26, "Plan Rows": 1, "Plan Width": 0, "Actual Startup Time": 0.02, "Actual Total Time": 0.02, "Actual Rows": 3, "Actual Loops": 3, "Index Cond": "(id = mc.company_id)"}]}]}, {"Node Type": "Seq Scan", "Parent Relationship": "Inner", "Relation Name": "company_type", "Alias": "ct", "Startup Cost": 0.0, "Total Cost": 1.04, "Plan Rows": 1, "Plan Width": 4, "Actual Startup Time": 0.01, "Actual Total Time": 0.01, "Actual Rows": 2, "Actual Loops": 2, "Filter": "((kind)::text = 'production companies'::text)", "Rows Removed by Filter": 0}]}, {"Node Type": "Bitmap Heap Scan", "Parent Relationship": "Inner", "Relation Name": "movie_link", "Alias": "ml", "Startup Cost": 0.29, "Total Cost": 4.35, "Plan Rows": 5, "Plan Width": 8, "Actual Startup Time": 0.031, "Actual Total Time": 0.035, "Actual Rows": 38, "Actual Loops": 2, "Recheck Cond": "(movie_id = mk.movie_id)", "Rows Removed by Index Recheck": 0, "Exact Heap Blocks": 2, "Lossy Heap Blocks": 2, "Plans": [{"Node Type": "Bitmap Index Scan", "Parent Relationship": "Outer", "Index Name": "movie_id_movie_link", "Startup Cost": 0.0, "Total Cost": 0.29, "Plan Rows": 5, "Plan Width": 0, "Actual Startup Time": 0.013, "Actual Total Time": 0.013, "Actual Rows": 38, "Actual Loops": 2, "Index Cond": "(movie_id = mk.movie_id)"}]}]}, {"Node Type": "Seq Scan", "Parent Relationship": "Inner", "Relation Name": "link_type", "Alias": "lt", "Startup Cost": 0.0, "Total Cost": 1.21, "Plan Rows": 1, "Plan Width": 16, "Actual Startup Time": 0.293, "Actual Total Time": 0.293, "Actual Rows": 0, "Actual Loops": 38, "Filter": "((link)::text ~~ '%follows%'::text)", "Rows Removed by Filter": 646}]}]}, "Triggers": [], "Planner Runtime": 115.353, "Total Runtime": 139.543, "Unique SQL Id": 4121279504}}, "(16, 119)": {"explain_plan": {"Plan": {"Node Type": "Aggregate", "Strategy": "Plain", "Startup Cost": 3451.4, "Total Cost": 3451.41, "Plan Rows": 1, "Plan Width": 144, "Plans": [{"Node Type": "Nested Loop", "Parent Relationship": "Outer", "Join Type": "Inner", "Startup Cost": 725.2, "Total Cost": 3451.4, "Plan Rows": 1, "Plan Width": 48, "Inner Unique": true, "Plans": [{"Node Type": "Nested Loop", "Parent Relationship": "Outer", "Join Type": "Inner", "Startup Cost": 724.95, "Total Cost": 3447.11, "Plan Rows": 1, "Plan Width": 40, "Inner Unique": false, "Join Filter": "(t.id = ml.movie_id)", "Plans": [{"Node Type": "Nested Loop", "Parent Relationship": "Outer", "Join Type": "Inner", "Startup Cost": 724.66, "Total Cost": 3442.7, "Plan Rows": 1, "Plan Width": 48, "Inner Unique": true, "Plans": [{"Node Type": "Nested Loop", "Parent Relationship": "Outer", "Join Type": "Inner", "Startup Cost": 724.4, "Total Cost": 3438.42, "Plan Rows": 1, "Plan Width": 52, "Inner Unique": true, "Plans": [{"Node Type": "Nested Loop", "Parent Relationship": "Outer", "Join Type": "Inner", "Startup Cost": 724.14, "Total Cost": 3434.13, "Plan Rows": 1, "Plan Width": 37, "Inner Unique": false, "Join Filter": "(t.id = mc.movie_id)", "Plans": [{"Node Type": "Nested Loop", "Parent Relationship": "Outer", "Join Type": "Inner", "Startup Cost": 723.87, "Total Cost": 3429.8, "Plan Rows": 1, "Plan Width": 25, "Inner Unique": true, "Plans": [{"Node Type": "Nested Loop", "Parent Relationship": "Outer", "Join Type": "Inner", "Startup Cost": 723.6, "Total Cost": 3288.12, "Plan Rows": 33, "Plan Width": 4, "Inner Unique": false, "Plans": [{"Node Type": "Bitmap Heap Scan", "Parent Relationship": "Outer", "Relation Name": "keyword", "Alias": "k", "Startup Cost": 719.1, "Total Cost": 3155.21, "Plan Rows": 1, "Plan Width": 4, "Filter": "((keyword)::text = 'sequel'::text)", "Plans": [{"Node Type": "Bitmap Index Scan", "Parent Relationship": "Outer", "Index Name": "keyword_pkey", "Startup Cost": 0.0, "Total Cost": 719.1, "Plan Rows": 134169, "Plan Width": 0}]}, {"Node Type": "Bitmap Heap Scan", "Parent Relationship": "Inner", "Relation Name": "movie_keyword", "Alias": "mk", "Startup Cost": 4.51, "Total Cost": 132.58, "Plan Rows": 33, "Plan Width": 8, "Recheck Cond": "(keyword_id = k.id)", "Plans": [{"Node Type": "Bitmap Index Scan", "Parent Relationship": "Outer", "Index Name": "keyword_id_movie_keyword", "Startup Cost": 0.0, "Total Cost": 4.5, "Plan Rows": 33, "Plan Width": 0, "Index Cond": "(keyword_id = k.id)"}]}]}, {"Node Type": "Bitmap Heap Scan", "Parent Relationship": "Inner", "Relation Name": "title", "Alias": "t", "Startup Cost": 0.27, "Total Cost": 4.28, "Plan Rows": 1, "Plan Width": 21, "Recheck Cond": "(id = mk.movie_id)", "Filter": "(((title)::text ~~ '%Money%'::text) AND (production_year = 1998))", "Plans": [{"Node Type": "Bitmap Index Scan", "Parent Relationship": "Outer", "Index Name": "title_pkey", "Startup Cost": 0.0, "Total Cost": 0.27, "Plan Rows": 1, "Plan Width": 0, "Index Cond": "(id = mk.movie_id)"}]}]}, {"Node Type": "Bitmap Heap Scan", "Parent Relationship": "Inner", "Relation Name": "movie_companies", "Alias": "mc", "Startup Cost": 0.27, "Total Cost": 4.3, "Plan Rows": 2, "Plan Width": 12, "Recheck Cond": "(movie_id = mk.movie_id)", "Filter": "(note IS NULL)", "Plans": [{"Node Type": "Bitmap Index Scan", "Parent Relationship": "Outer", "Index Name": "movie_id_movie_companies", "Startup Cost": 0.0, "Total Cost": 0.27, "Plan Rows": 2, "Plan Width": 0, "Index Cond": "(movie_id = mk.movie_id)"}]}]}, {"Node Type": "Bitmap Heap Scan", "Parent Relationship": "Inner", "Relation Name": "company_name", "Alias": "cn", "Startup Cost": 0.26, "Total Cost": 4.28, "Plan Rows": 1, "Plan Width": 23, "Recheck Cond": "(id = mc.company_id)", "Filter": "(((country_code)::text <> '[pl]'::text) AND (((name)::text ~~ '%Film%'::text) OR ((name)::text ~~ '%Warner%'::text)))", "Plans": [{"Node Type": "Bitmap Index Scan", "Parent Relationship": "Outer", "Index Name": "company_name_pkey", "Startup Cost": 0.0, "Total Cost": 0.26, "Plan Rows": 1, "Plan Width": 0, "Index Cond": "(id = mc.company_id)"}]}]}, {"Node Type": "Bitmap Heap Scan", "Parent Relationship": "Inner", "Relation Name": "company_type", "Alias": "ct", "Startup Cost": 0.26, "Total Cost": 4.27, "Plan Rows": 1, "Plan Width": 4, "Recheck Cond": "(id = mc.company_type_id)", "Filter": "((kind)::text = 'production companies'::text)", "Plans": [{"Node Type": "Bitmap Index Scan", "Parent Relationship": "Outer", "Index Name": "company_type_pkey", "Startup Cost": 0.0, "Total Cost": 0.26, "Plan Rows": 1, "Plan Width": 0, "Index Cond": "(id = mc.company_type_id)"}]}]}, {"Node Type": "Bitmap Heap Scan", "Parent Relationship": "Inner", "Relation Name": "movie_link", "Alias": "ml", "Startup Cost": 0.29, "Total Cost": 4.35, "Plan Rows": 5, "Plan Width": 8, "Recheck Cond": "(movie_id = mk.movie_id)", "Plans": [{"Node Type": "Bitmap Index Scan", "Parent Relationship": "Outer", "Index Name": "movie_id_movie_link", "Startup Cost": 0.0, "Total Cost": 0.29, "Plan Rows": 5, "Plan Width": 0, "Index Cond": "(movie_id = mk.movie_id)"}]}]}, {"Node Type": "Bitmap Heap Scan", "Parent Relationship": "Inner", "Relation Name": "link_type", "Alias": "lt", "Startup Cost": 0.26, "Total Cost": 4.27, "Plan Rows": 1, "Plan Width": 16, "Recheck Cond": "(id = ml.link_type_id)", "Filter": "((link)::text ~~ '%follows%'::text)", "Plans": [{"Node Type": "Bitmap Index Scan", "Parent Relationship": "Outer", "Index Name": "link_type_pkey", "Startup Cost": 0.0, "Total Cost": 0.26, "Plan Rows": 1, "Plan Width": 0, "Index Cond": "(id = ml.link_type_id)"}]}]}]}, "Unique SQL Id": 4121279504}, "explain_analyze_plan": {"Plan": {"Node Type": "Aggregate", "Strategy": "Plain", "Startup Cost": 3451.4, "Total Cost": 3451.41, "Plan Rows": 1, "Plan Width": 144, "Actual Startup Time": 152.6, "Actual Total Time": 152.601, "Actual Rows": 1, "Actual Loops": 1, "Plans": [{"Node Type": "Nested Loop", "Parent Relationship": "Outer", "Join Type": "Inner", "Startup Cost": 725.2, "Total Cost": 3451.4, "Plan Rows": 1, "Plan Width": 48, "Actual Startup Time": 152.588, "Actual Total Time": 152.588, "Actual Rows": 0, "Actual Loops": 1, "Inner Unique": true, "Plans": [{"Node Type": "Nested Loop", "Parent Relationship": "Outer", "Join Type": "Inner", "Startup Cost": 724.95, "Total Cost": 3447.11, "Plan Rows": 1, "Plan Width": 40, "Actual Startup Time": 18.148, "Actual Total Time": 152.437, "Actual Rows": 38, "Actual Loops": 1, "Inner Unique": false, "Join Filter": "(t.id = ml.movie_id)", "Rows Removed by Join Filter": 0, "Plans": [{"Node Type": "Nested Loop", "Parent Relationship": "Outer", "Join Type": "Inner", "Startup Cost": 724.66, "Total Cost": 3442.7, "Plan Rows": 1, "Plan Width": 48, "Actual Startup Time": 18.12, "Actual Total Time": 152.376, "Actual Rows": 2, "Actual Loops": 1, "Inner Unique": true, "Plans": [{"Node Type": "Nested Loop", "Parent Relationship": "Outer", "Join Type": "Inner", "Startup Cost": 724.4, "Total Cost": 3438.42, "Plan Rows": 1, "Plan Width": 52, "Actual Startup Time": 18.104, "Actual Total Time": 152.355, "Actual Rows": 2, "Actual Loops": 1, "Inner Unique": true, "Plans": [{"Node Type": "Nested Loop", "Parent Relationship": "Outer", "Join Type": "Inner", "Startup Cost": 724.14, "Total Cost": 3434.13, "Plan Rows": 1, "Plan Width": 37, "Actual Startup Time": 18.071, "Actual Total Time": 152.299, "Actual Rows": 3, "Actual Loops": 1, "Inner Unique": false, "Join Filter": "(t.id = mc.movie_id)", "Rows Removed by Join Filter": 0, "Plans": [{"Node Type": "Nested Loop", "Parent Relationship": "Outer", "Join Type": "Inner", "Startup Cost": 723.87, "Total Cost": 3429.8, "Plan Rows": 1, "Plan Width": 25, "Actual Startup Time": 18.038, "Actual Total Time": 152.263, "Actual Rows": 1, "Actual Loops": 1, "Inner Unique": true, "Plans": [{"Node Type": "Nested Loop", "Parent Relationship": "Outer", "Join Type": "Inner", "Startup Cost": 723.6, "Total Cost": 3288.12, "Plan Rows": 33, "Plan Width": 4, "Actual Startup Time": 17.628, "Actual Total Time": 80.585, "Actual Rows": 10544, "Actual Loops": 1, "Inner Unique": false, "Plans": [{"Node Type": "Bitmap Heap Scan", "Parent Relationship": "Outer", "Relation Name": "keyword", "Alias": "k", "Startup Cost": 719.1, "Total Cost": 3155.21, "Plan Rows": 1, "Plan Width": 4, "Actual Startup Time": 14.469, "Actual Total Time": 61.131, "Actual Rows": 1, "Actual Loops": 1, "Filter": "((keyword)::text = 'sequel'::text)", "Rows Removed by Filter": 134168, "Exact Heap Blocks": 759, "Lossy Heap Blocks": 759, "Plans": [{"Node Type": "Bitmap Index Scan", "Parent Relationship": "Outer", "Index Name": "keyword_pkey", "Startup Cost": 0.0, "Total Cost": 719.1, "Plan Rows": 134169, "Plan Width": 0, "Actual Startup Time": 11.259, "Actual Total Time": 11.259, "Actual Rows": 134169, "Actual Loops": 1}]}, {"Node Type": "Bitmap Heap Scan", "Parent Relationship": "Inner", "Relation Name": "movie_keyword", "Alias": "mk", "Startup Cost": 4.51, "Total Cost": 132.58, "Plan Rows": 33, "Plan Width": 8, "Actual Startup Time": 3.147, "Actual Total Time": 17.278, "Actual Rows": 10544, "Actual Loops": 1, "Recheck Cond": "(keyword_id = k.id)", "Rows Removed by Index Recheck": 0, "Exact Heap Blocks": 5090, "Lossy Heap Blocks": 5090, "Plans": [{"Node Type": "Bitmap Index Scan", "Parent Relationship": "Outer", "Index Name": "keyword_id_movie_keyword", "Startup Cost": 0.0, "Total Cost": 4.5, "Plan Rows": 33, "Plan Width": 0, "Actual Startup Time": 2.26, "Actual Total Time": 2.26, "Actual Rows": 10544, "Actual Loops": 1, "Index Cond": "(keyword_id = k.id)"}]}]}, {"Node Type": "Bitmap Heap Scan", "Parent Relationship": "Inner", "Relation Name": "title", "Alias": "t", "Startup Cost": 0.27, "Total Cost": 4.28, "Plan Rows": 1, "Plan Width": 21, "Actual Startup Time": 59.935, "Actual Total Time": 59.935, "Actual Rows": 1, "Actual Loops": 10544, "Recheck Cond": "(id = mk.movie_id)", "Rows Removed by Index Recheck": 0, "Filter": "(((title)::text ~~ '%Money%'::text) AND (production_year = 1998))", "Rows Removed by Filter": 10543, "Exact Heap Blocks": 10544, "Lossy Heap Blocks": 10544, "Plans": [{"Node Type": "Bitmap Index Scan", "Parent Relationship": "Outer", "Index Name": "title_pkey", "Startup Cost": 0.0, "Total Cost": 0.27, "Plan Rows": 1, "Plan Width": 0, "Actual Startup Time": 30.49, "Actual Total Time": 30.49, "Actual Rows": 10544, "Actual Loops": 10544, "Index Cond": "(id = mk.movie_id)"}]}]}, {"Node Type": "Bitmap Heap Scan", "Parent Relationship": "Inner", "Relation Name": "movie_companies", "Alias": "mc", "Startup Cost": 0.27, "Total Cost": 4.3, "Plan Rows": 2, "Plan Width": 12, "Actual Startup Time": 0.027, "Actual Total Time": 0.028, "Actual Rows": 3, "Actual Loops": 1, "Recheck Cond": "(movie_id = mk.movie_id)", "Rows Removed by Index Recheck": 0, "Filter": "(note IS NULL)", "Rows Removed by Filter": 1, "Exact Heap Blocks": 2, "Lossy Heap Blocks": 2, "Plans": [{"Node Type": "Bitmap Index Scan", "Parent Relationship": "Outer", "Index Name": "movie_id_movie_companies", "Startup Cost": 0.0, "Total Cost": 0.27, "Plan Rows": 2, "Plan Width": 0, "Actual Startup Time": 0.012, "Actual Total Time": 0.012, "Actual Rows": 4, "Actual Loops": 1, "Index Cond": "(movie_id = mk.movie_id)"}]}]}, {"Node Type": "Bitmap Heap Scan", "Parent Relationship": "Inner", "Relation Name": "company_name", "Alias": "cn", "Startup Cost": 0.26, "Total Cost": 4.28, "Plan Rows": 1, "Plan Width": 23, "Actual Startup Time": 0.047, "Actual Total Time": 0.047, "Actual Rows": 2, "Actual Loops": 3, "Recheck Cond": "(id = mc.company_id)", "Rows Removed by Index Recheck": 0, "Filter": "(((country_code)::text <> '[pl]'::text) AND (((name)::text ~~ '%Film%'::text) OR ((name)::text ~~ '%Warner%'::text)))", "Rows Removed by Filter": 1, "Exact Heap Blocks": 3, "Lossy Heap Blocks": 3, "Plans": [{"Node Type": "Bitmap Index Scan", "Parent Relationship": "Outer", "Index Name": "company_name_pkey", "Startup Cost": 0.0, "Total Cost": 0.26, "Plan Rows": 1, "Plan Width": 0, "Actual Startup Time": 0.02, "Actual Total Time": 0.02, "Actual Rows": 3, "Actual Loops": 3, "Index Cond": "(id = mc.company_id)"}]}]}, {"Node Type": "Bitmap Heap Scan", "Parent Relationship": "Inner", "Relation Name": "company_type", "Alias": "ct", "Startup Cost": 0.26, "Total Cost": 4.27, "Plan Rows": 1, "Plan Width": 4, "Actual Startup Time": 0.015, "Actual Total Time": 0.015, "Actual Rows": 2, "Actual Loops": 2, "Recheck Cond": "(id = mc.company_type_id)", "Rows Removed by Index Recheck": 0, "Filter": "((kind)::text = 'production companies'::text)", "Rows Removed by Filter": 0, "Exact Heap Blocks": 2, "Lossy Heap Blocks": 2, "Plans": [{"Node Type": "Bitmap Index Scan", "Parent Relationship": "Outer", "Index Name": "company_type_pkey", "Startup Cost": 0.0, "Total Cost": 0.26, "Plan Rows": 1, "Plan Width": 0, "Actual Startup Time": 0.004, "Actual Total Time": 0.004, "Actual Rows": 2, "Actual Loops": 2, "Index Cond": "(id = mc.company_type_id)"}]}]}, {"Node Type": "Bitmap Heap Scan", "Parent Relationship": "Inner", "Relation Name": "movie_link", "Alias": "ml", "Startup Cost": 0.29, "Total Cost": 4.35, "Plan Rows": 5, "Plan Width": 8, "Actual Startup Time": 0.027, "Actual Total Time": 0.031, "Actual Rows": 38, "Actual Loops": 2, "Recheck Cond": "(movie_id = mk.movie_id)", "Rows Removed by Index Recheck": 0, "Exact Heap Blocks": 2, "Lossy Heap Blocks": 2, "Plans": [{"Node Type": "Bitmap Index Scan", "Parent Relationship": "Outer", "Index Name": "movie_id_movie_link", "Startup Cost": 0.0, "Total Cost": 0.29, "Plan Rows": 5, "Plan Width": 0, "Actual Startup Time": 0.013, "Actual Total Time": 0.013, "Actual Rows": 38, "Actual Loops": 2, "Index Cond": "(movie_id = mk.movie_id)"}]}]}, {"Node Type": "Bitmap Heap Scan", "Parent Relationship": "Inner", "Relation Name": "link_type", "Alias": "lt", "Startup Cost": 0.26, "Total Cost": 4.27, "Plan Rows": 1, "Plan Width": 16, "Actual Startup Time": 0.11, "Actual Total Time": 0.11, "Actual Rows": 0, "Actual Loops": 38, "Recheck Cond": "(id = ml.link_type_id)", "Rows Removed by Index Recheck": 0, "Filter": "((link)::text ~~ '%follows%'::text)", "Rows Removed by Filter": 24, "Exact Heap Blocks": 24, "Lossy Heap Blocks": 24, "Plans": [{"Node Type": "Bitmap Index Scan", "Parent Relationship": "Outer", "Index Name": "link_type_pkey", "Startup Cost": 0.0, "Total Cost": 0.26, "Plan Rows": 1, "Plan Width": 0, "Actual Startup Time": 0.037, "Actual Total Time": 0.037, "Actual Rows": 24, "Actual Loops": 38, "Index Cond": "(id = ml.link_type_id)"}]}]}]}, "Triggers": [], "Planner Runtime": 60.8, "Total Runtime": 153.166, "Unique SQL Id": 4121279504}}, "(16, 120)": {"explain_plan": {"Plan": {"Node Type": "Aggregate", "Strategy": "Plain", "Startup Cost": 2585.63, "Total Cost": 2585.64, "Plan Rows": 1, "Plan Width": 144, "Plans": [{"Node Type": "Nested Loop", "Parent Relationship": "Outer", "Join Type": "Inner", "Startup Cost": 0.0, "Total Cost": 2585.62, "Plan Rows": 1, "Plan Width": 48, "Inner Unique": true, "Plans": [{"Node Type": "Nested Loop", "Parent Relationship": "Outer", "Join Type": "Inner", "Startup Cost": 0.0, "Total Cost": 2585.34, "Plan Rows": 1, "Plan Width": 40, "Inner Unique": false, "Join Filter": "(t.id = ml.movie_id)", "Plans": [{"Node Type": "Nested Loop", "Parent Relationship": "Outer", "Join Type": "Inner", "Startup Cost": 0.0, "Total Cost": 2584.93, "Plan Rows": 1, "Plan Width": 48, "Inner Unique": true, "Plans": [{"Node Type": "Nested Loop", "Parent Relationship": "Outer", "Join Type": "Inner", "Startup Cost": 0.0, "Total Cost": 2584.64, "Plan Rows": 1, "Plan Width": 52, "Inner Unique": true, "Plans": [{"Node Type": "Nested Loop", "Parent Relationship": "Outer", "Join Type": "Inner", "Startup Cost": 0.0, "Total Cost": 2584.35, "Plan Rows": 1, "Plan Width": 37, "Inner Unique": false, "Join Filter": "(t.id = mc.movie_id)", "Plans": [{"Node Type": "Nested Loop", "Parent Relationship": "Outer", "Join Type": "Inner", "Startup Cost": 0.0, "Total Cost": 2584.01, "Plan Rows": 1, "Plan Width": 25, "Inner Unique": true, "Plans": [{"Node Type": "Nested Loop", "Parent Relationship": "Outer", "Join Type": "Inner", "Startup Cost": 0.0, "Total Cost": 2573.32, "Plan Rows": 33, "Plan Width": 4, "Inner Unique": false, "Plans": [{"Node Type": "Seq Scan", "Parent Relationship": "Outer", "Relation Name": "keyword", "Alias": "k", "Startup Cost": 0.0, "Total Cost": 2436.11, "Plan Rows": 1, "Plan Width": 4, "Filter": "((keyword)::text = 'sequel'::text)"}, {"Node Type": "Index Scan", "Parent Relationship": "Inner", "Scan Direction": "Forward", "Index Name": "keyword_id_movie_keyword", "Relation Name": "movie_keyword", "Alias": "mk", "Startup Cost": 0.0, "Total Cost": 136.88, "Plan Rows": 33, "Plan Width": 8, "Index Cond": "(keyword_id = k.id)"}]}, {"Node Type": "Index Scan", "Parent Relationship": "Inner", "Scan Direction": "Forward", "Index Name": "title_pkey", "Relation Name": "title", "Alias": "t", "Startup Cost": 0.0, "Total Cost": 0.31, "Plan Rows": 1, "Plan Width": 21, "Index Cond": "(id = mk.movie_id)", "Filter": "(((title)::text ~~ '%Money%'::text) AND (production_year = 1998))"}]}, {"Node Type": "Index Scan", "Parent Relationship": "Inner", "Scan Direction": "Forward", "Index Name": "movie_id_movie_companies", "Relation Name": "movie_companies", "Alias": "mc", "Startup Cost": 0.0, "Total Cost": 0.31, "Plan Rows": 2, "Plan Width": 12, "Index Cond": "(movie_id = mk.movie_id)", "Filter": "(note IS NULL)"}]}, {"Node Type": "Index Scan", "Parent Relationship": "Inner", "Scan Direction": "Forward", "Index Name": "company_name_pkey", "Relation Name": "company_name", "Alias": "cn", "Startup Cost": 0.0, "Total Cost": 0.29, "Plan Rows": 1, "Plan Width": 23, "Index Cond": "(id = mc.company_id)", "Filter": "(((country_code)::text <> '[pl]'::text) AND (((name)::text ~~ '%Film%'::text) OR ((name)::text ~~ '%Warner%'::text)))"}]}, {"Node Type": "Index Scan", "Parent Relationship": "Inner", "Scan Direction": "Forward", "Index Name": "company_type_pkey", "Relation Name": "company_type", "Alias": "ct", "Startup Cost": 0.0, "Total Cost": 0.27, "Plan Rows": 1, "Plan Width": 4, "Index Cond": "(id = mc.company_type_id)", "Filter": "((kind)::text = 'production companies'::text)"}]}, {"Node Type": "Index Scan", "Parent Relationship": "Inner", "Scan Direction": "Forward", "Index Name": "movie_id_movie_link", "Relation Name": "movie_link", "Alias": "ml", "Startup Cost": 0.0, "Total Cost": 0.35, "Plan Rows": 5, "Plan Width": 8, "Index Cond": "(movie_id = mk.movie_id)"}]}, {"Node Type": "Index Scan", "Parent Relationship": "Inner", "Scan Direction": "Forward", "Index Name": "link_type_pkey", "Relation Name": "link_type", "Alias": "lt", "Startup Cost": 0.0, "Total Cost": 0.27, "Plan Rows": 1, "Plan Width": 16, "Index Cond": "(id = ml.link_type_id)", "Filter": "((link)::text ~~ '%follows%'::text)"}]}]}, "Unique SQL Id": 4121279504}, "explain_analyze_plan": {"Plan": {"Node Type": "Aggregate", "Strategy": "Plain", "Startup Cost": 2585.63, "Total Cost": 2585.64, "Plan Rows": 1, "Plan Width": 144, "Actual Startup Time": 103.307, "Actual Total Time": 103.307, "Actual Rows": 1, "Actual Loops": 1, "Plans": [{"Node Type": "Nested Loop", "Parent Relationship": "Outer", "Join Type": "Inner", "Startup Cost": 0.0, "Total Cost": 2585.62, "Plan Rows": 1, "Plan Width": 48, "Actual Startup Time": 103.297, "Actual Total Time": 103.297, "Actual Rows": 0, "Actual Loops": 1, "Inner Unique": true, "Plans": [{"Node Type": "Nested Loop", "Parent Relationship": "Outer", "Join Type": "Inner", "Startup Cost": 0.0, "Total Cost": 2585.34, "Plan Rows": 1, "Plan Width": 40, "Actual Startup Time": 2.639, "Actual Total Time": 103.212, "Actual Rows": 38, "Actual Loops": 1, "Inner Unique": false, "Join Filter": "(t.id = ml.movie_id)", "Rows Removed by Join Filter": 0, "Plans": [{"Node Type": "Nested Loop", "Parent Relationship": "Outer", "Join Type": "Inner", "Startup Cost": 0.0, "Total Cost": 2584.93, "Plan Rows": 1, "Plan Width": 48, "Actual Startup Time": 2.628, "Actual Total Time": 103.169, "Actual Rows": 2, "Actual Loops": 1, "Inner Unique": true, "Plans": [{"Node Type": "Nested Loop", "Parent Relationship": "Outer", "Join Type": "Inner", "Startup Cost": 0.0, "Total Cost": 2584.64, "Plan Rows": 1, "Plan Width": 52, "Actual Startup Time": 2.62, "Actual Total Time": 103.156, "Actual Rows": 2, "Actual Loops": 1, "Inner Unique": true, "Plans": [{"Node Type": "Nested Loop", "Parent Relationship": "Outer", "Join Type": "Inner", "Startup Cost": 0.0, "Total Cost": 2584.35, "Plan Rows": 1, "Plan Width": 37, "Actual Startup Time": 2.606, "Actual Total Time": 103.125, "Actual Rows": 3, "Actual Loops": 1, "Inner Unique": false, "Join Filter": "(t.id = mc.movie_id)", "Rows Removed by Join Filter": 0, "Plans": [{"Node Type": "Nested Loop", "Parent Relationship": "Outer", "Join Type": "Inner", "Startup Cost": 0.0, "Total Cost": 2584.01, "Plan Rows": 1, "Plan Width": 25, "Actual Startup Time": 2.585, "Actual Total Time": 103.101, "Actual Rows": 1, "Actual Loops": 1, "Inner Unique": true, "Plans": [{"Node Type": "Nested Loop", "Parent Relationship": "Outer", "Join Type": "Inner", "Startup Cost": 0.0, "Total Cost": 2573.32, "Plan Rows": 33, "Plan Width": 4, "Actual Startup Time": 2.346, "Actual Total Time": 53.642, "Actual Rows": 10544, "Actual Loops": 1, "Inner Unique": false, "Plans": [{"Node Type": "Seq Scan", "Parent Relationship": "Outer", "Relation Name": "keyword", "Alias": "k", "Startup Cost": 0.0, "Total Cost": 2436.11, "Plan Rows": 1, "Plan Width": 4, "Actual Startup Time": 2.306, "Actual Total Time": 40.515, "Actual Rows": 1, "Actual Loops": 1, "Filter": "((keyword)::text = 'sequel'::text)", "Rows Removed by Filter": 134168}, {"Node Type": "Index Scan", "Parent Relationship": "Inner", "Scan Direction": "Forward", "Index Name": "keyword_id_movie_keyword", "Relation Name": "movie_keyword", "Alias": "mk", "Startup Cost": 0.0, "Total Cost": 136.88, "Plan Rows": 33, "Plan Width": 8, "Actual Startup Time": 0.034, "Actual Total Time": 10.877, "Actual Rows": 10544, "Actual Loops": 1, "Index Cond": "(keyword_id = k.id)", "Rows Removed by Index Recheck": 0}]}, {"Node Type": "Index Scan", "Parent Relationship": "Inner", "Scan Direction": "Forward", "Index Name": "title_pkey", "Relation Name": "title", "Alias": "t", "Startup Cost": 0.0, "Total Cost": 0.31, "Plan Rows": 1, "Plan Width": 21, "Actual Startup Time": 44.242, "Actual Total Time": 44.242, "Actual Rows": 1, "Actual Loops": 10544, "Index Cond": "(id = mk.movie_id)", "Rows Removed by Index Recheck": 0, "Filter": "(((title)::text ~~ '%Money%'::text) AND (production_year = 1998))", "Rows Removed by Filter": 10543}]}, {"Node Type": "Index Scan", "Parent Relationship": "Inner", "Scan Direction": "Forward", "Index Name": "movie_id_movie_companies", "Relation Name": "movie_companies", "Alias": "mc", "Startup Cost": 0.0, "Total Cost": 0.31, "Plan Rows": 2, "Plan Width": 12, "Actual Startup Time": 0.011, "Actual Total Time": 0.013, "Actual Rows": 3, "Actual Loops": 1, "Index Cond": "(movie_id = mk.movie_id)", "Rows Removed by Index Recheck": 0, "Filter": "(note IS NULL)", "Rows Removed by Filter": 1}]}, {"Node Type": "Index Scan", "Parent Relationship": "Inner", "Scan Direction": "Forward", "Index Name": "company_name_pkey", "Relation Name": "company_name", "Alias": "cn", "Startup Cost": 0.0, "Total Cost": 0.29, "Plan Rows": 1, "Plan Width": 23, "Actual Startup Time": 0.026, "Actual Total Time": 0.026, "Actual Rows": 2, "Actual Loops": 3, "Index Cond": "(id = mc.company_id)", "Rows Removed by Index Recheck": 0, "Filter": "(((country_code)::text <> '[pl]'::text) AND (((name)::text ~~ '%Film%'::text) OR ((name)::text ~~ '%Warner%'::text)))", "Rows Removed by Filter": 1}]}, {"Node Type": "Index Scan", "Parent Relationship": "Inner", "Scan Direction": "Forward", "Index Name": "company_type_pkey", "Relation Name": "company_type", "Alias": "ct", "Startup Cost": 0.0, "Total Cost": 0.27, "Plan Rows": 1, "Plan Width": 4, "Actual Startup Time": 0.008, "Actual Total Time": 0.008, "Actual Rows": 2, "Actual Loops": 2, "Index Cond": "(id = mc.company_type_id)", "Rows Removed by Index Recheck": 0, "Filter": "((kind)::text = 'production companies'::text)", "Rows Removed by Filter": 0}]}, {"Node Type": "Index Scan", "Parent Relationship": "Inner", "Scan Direction": "Forward", "Index Name": "movie_id_movie_link", "Relation Name": "movie_link", "Alias": "ml", "Startup Cost": 0.0, "Total Cost": 0.35, "Plan Rows": 5, "Plan Width": 8, "Actual Startup Time": 0.012, "Actual Total Time": 0.025, "Actual Rows": 38, "Actual Loops": 2, "Index Cond": "(movie_id = mk.movie_id)", "Rows Removed by Index Recheck": 0}]}, {"Node Type": "Index Scan", "Parent Relationship": "Inner", "Scan Direction": "Forward", "Index Name": "link_type_pkey", "Relation Name": "link_type", "Alias": "lt", "Startup Cost": 0.0, "Total Cost": 0.27, "Plan Rows": 1, "Plan Width": 16, "Actual Startup Time": 0.065, "Actual Total Time": 0.065, "Actual Rows": 0, "Actual Loops": 38, "Index Cond": "(id = ml.link_type_id)", "Rows Removed by Index Recheck": 0, "Filter": "((link)::text ~~ '%follows%'::text)", "Rows Removed by Filter": 24}]}]}, "Triggers": [], "Planner Runtime": 83.831, "Total Runtime": 103.68, "Unique SQL Id": 4121279504}}, "(16, 121)": {"explain_plan": {"Plan": {"Node Type": "Aggregate", "Strategy": "Plain", "Startup Cost": 3332.23, "Total Cost": 3332.24, "Plan Rows": 1, "Plan Width": 144, "Plans": [{"Node Type": "Nested Loop", "Parent Relationship": "Outer", "Join Type": "Inner", "Startup Cost": 0.0, "Total Cost": 3332.23, "Plan Rows": 1, "Plan Width": 48, "Inner Unique": true, "Plans": [{"Node Type": "Nested Loop", "Parent Relationship": "Outer", "Join Type": "Inner", "Startup Cost": 0.0, "Total Cost": 3331.94, "Plan Rows": 1, "Plan Width": 40, "Inner Unique": false, "Join Filter": "(t.id = ml.movie_id)", "Plans": [{"Node Type": "Nested Loop", "Parent Relationship": "Outer", "Join Type": "Inner", "Startup Cost": 0.0, "Total Cost": 3331.53, "Plan Rows": 1, "Plan Width": 48, "Inner Unique": true, "Plans": [{"Node Type": "Nested Loop", "Parent Relationship": "Outer", "Join Type": "Inner", "Startup Cost": 0.0, "Total Cost": 3331.25, "Plan Rows": 1, "Plan Width": 52, "Inner Unique": true, "Plans": [{"Node Type": "Nested Loop", "Parent Relationship": "Outer", "Join Type": "Inner", "Startup Cost": 0.0, "Total Cost": 3330.95, "Plan Rows": 1, "Plan Width": 37, "Inner Unique": false, "Join Filter": "(t.id = mc.movie_id)", "Plans": [{"Node Type": "Nested Loop", "Parent Relationship": "Outer", "Join Type": "Inner", "Startup Cost": 0.0, "Total Cost": 3330.61, "Plan Rows": 1, "Plan Width": 25, "Inner Unique": true, "Plans": [{"Node Type": "Nested Loop", "Parent Relationship": "Outer", "Join Type": "Inner", "Startup Cost": 0.0, "Total Cost": 3319.92, "Plan Rows": 33, "Plan Width": 4, "Inner Unique": false, "Plans": [{"Node Type": "Index Scan", "Parent Relationship": "Outer", "Scan Direction": "Forward", "Index Name": "keyword_pkey", "Relation Name": "keyword", "Alias": "k", "Startup Cost": 0.0, "Total Cost": 3182.72, "Plan Rows": 1, "Plan Width": 4, "Filter": "((keyword)::text = 'sequel'::text)"}, {"Node Type": "Index Scan", "Parent Relationship": "Inner", "Scan Direction": "Forward", "Index Name": "keyword_id_movie_keyword", "Relation Name": "movie_keyword", "Alias": "mk", "Startup Cost": 0.0, "Total Cost": 136.88, "Plan Rows": 33, "Plan Width": 8, "Index Cond": "(keyword_id = k.id)"}]}, {"Node Type": "Index Scan", "Parent Relationship": "Inner", "Scan Direction": "Forward", "Index Name": "title_pkey", "Relation Name": "title", "Alias": "t", "Startup Cost": 0.0, "Total Cost": 0.31, "Plan Rows": 1, "Plan Width": 21, "Index Cond": "(id = mk.movie_id)", "Filter": "(((title)::text ~~ '%Money%'::text) AND (production_year = 1998))"}]}, {"Node Type": "Index Scan", "Parent Relationship": "Inner", "Scan Direction": "Forward", "Index Name": "movie_id_movie_companies", "Relation Name": "movie_companies", "Alias": "mc", "Startup Cost": 0.0, "Total Cost": 0.31, "Plan Rows": 2, "Plan Width": 12, "Index Cond": "(movie_id = mk.movie_id)", "Filter": "(note IS NULL)"}]}, {"Node Type": "Index Scan", "Parent Relationship": "Inner", "Scan Direction": "Forward", "Index Name": "company_name_pkey", "Relation Name": "company_name", "Alias": "cn", "Startup Cost": 0.0, "Total Cost": 0.29, "Plan Rows": 1, "Plan Width": 23, "Index Cond": "(id = mc.company_id)", "Filter": "(((country_code)::text <> '[pl]'::text) AND (((name)::text ~~ '%Film%'::text) OR ((name)::text ~~ '%Warner%'::text)))"}]}, {"Node Type": "Index Scan", "Parent Relationship": "Inner", "Scan Direction": "Forward", "Index Name": "company_type_pkey", "Relation Name": "company_type", "Alias": "ct", "Startup Cost": 0.0, "Total Cost": 0.27, "Plan Rows": 1, "Plan Width": 4, "Index Cond": "(id = mc.company_type_id)", "Filter": "((kind)::text = 'production companies'::text)"}]}, {"Node Type": "Index Scan", "Parent Relationship": "Inner", "Scan Direction": "Forward", "Index Name": "movie_id_movie_link", "Relation Name": "movie_link", "Alias": "ml", "Startup Cost": 0.0, "Total Cost": 0.35, "Plan Rows": 5, "Plan Width": 8, "Index Cond": "(movie_id = mk.movie_id)"}]}, {"Node Type": "Index Scan", "Parent Relationship": "Inner", "Scan Direction": "Forward", "Index Name": "link_type_pkey", "Relation Name": "link_type", "Alias": "lt", "Startup Cost": 0.0, "Total Cost": 0.27, "Plan Rows": 1, "Plan Width": 16, "Index Cond": "(id = ml.link_type_id)", "Filter": "((link)::text ~~ '%follows%'::text)"}]}]}, "Unique SQL Id": 4121279504}, "explain_analyze_plan": {"Plan": {"Node Type": "Aggregate", "Strategy": "Plain", "Startup Cost": 3332.23, "Total Cost": 3332.24, "Plan Rows": 1, "Plan Width": 144, "Actual Startup Time": 178.629, "Actual Total Time": 178.63, "Actual Rows": 1, "Actual Loops": 1, "Plans": [{"Node Type": "Nested Loop", "Parent Relationship": "Outer", "Join Type": "Inner", "Startup Cost": 0.0, "Total Cost": 3332.23, "Plan Rows": 1, "Plan Width": 48, "Actual Startup Time": 178.619, "Actual Total Time": 178.619, "Actual Rows": 0, "Actual Loops": 1, "Inner Unique": true, "Plans": [{"Node Type": "Nested Loop", "Parent Relationship": "Outer", "Join Type": "Inner", "Startup Cost": 0.0, "Total Cost": 3331.94, "Plan Rows": 1, "Plan Width": 40, "Actual Startup Time": 0.759, "Actual Total Time": 178.535, "Actual Rows": 38, "Actual Loops": 1, "Inner Unique": false, "Join Filter": "(t.id = ml.movie_id)", "Rows Removed by Join Filter": 0, "Plans": [{"Node Type": "Nested Loop", "Parent Relationship": "Outer", "Join Type": "Inner", "Startup Cost": 0.0, "Total Cost": 3331.53, "Plan Rows": 1, "Plan Width": 48, "Actual Startup Time": 0.75, "Actual Total Time": 178.493, "Actual Rows": 2, "Actual Loops": 1, "Inner Unique": true, "Plans": [{"Node Type": "Nested Loop", "Parent Relationship": "Outer", "Join Type": "Inner", "Startup Cost": 0.0, "Total Cost": 3331.25, "Plan Rows": 1, "Plan Width": 52, "Actual Startup Time": 0.743, "Actual Total Time": 178.481, "Actual Rows": 2, "Actual Loops": 1, "Inner Unique": true, "Plans": [{"Node Type": "Nested Loop", "Parent Relationship": "Outer", "Join Type": "Inner", "Startup Cost": 0.0, "Total Cost": 3330.95, "Plan Rows": 1, "Plan Width": 37, "Actual Startup Time": 0.723, "Actual Total Time": 178.447, "Actual Rows": 3, "Actual Loops": 1, "Inner Unique": false, "Join Filter": "(t.id = mc.movie_id)", "Rows Removed by Join Filter": 0, "Plans": [{"Node Type": "Nested Loop", "Parent Relationship": "Outer", "Join Type": "Inner", "Startup Cost": 0.0, "Total Cost": 3330.61, "Plan Rows": 1, "Plan Width": 25, "Actual Startup Time": 0.709, "Actual Total Time": 178.428, "Actual Rows": 1, "Actual Loops": 1, "Inner Unique": true, "Plans": [{"Node Type": "Nested Loop", "Parent Relationship": "Outer", "Join Type": "Inner", "Startup Cost": 0.0, "Total Cost": 3319.92, "Plan Rows": 33, "Plan Width": 4, "Actual Startup Time": 0.479, "Actual Total Time": 127.522, "Actual Rows": 10544, "Actual Loops": 1, "Inner Unique": false, "Plans": [{"Node Type": "Index Scan", "Parent Relationship": "Outer", "Scan Direction": "Forward", "Index Name": "keyword_pkey", "Relation Name": "keyword", "Alias": "k", "Startup Cost": 0.0, "Total Cost": 3182.72, "Plan Rows": 1, "Plan Width": 4, "Actual Startup Time": 0.446, "Actual Total Time": 114.274, "Actual Rows": 1, "Actual Loops": 1, "Filter": "((keyword)::text = 'sequel'::text)", "Rows Removed by Filter": 134168}, {"Node Type": "Index Scan", "Parent Relationship": "Inner", "Scan Direction": "Forward", "Index Name": "keyword_id_movie_keyword", "Relation Name": "movie_keyword", "Alias": "mk", "Startup Cost": 0.0, "Total Cost": 136.88, "Plan Rows": 33, "Plan Width": 8, "Actual Startup Time": 0.026, "Actual Total Time": 10.894, "Actual Rows": 10544, "Actual Loops": 1, "Index Cond": "(keyword_id = k.id)", "Rows Removed by Index Recheck": 0}]}, {"Node Type": "Index Scan", "Parent Relationship": "Inner", "Scan Direction": "Forward", "Index Name": "title_pkey", "Relation Name": "title", "Alias": "t", "Startup Cost": 0.0, "Total Cost": 0.31, "Plan Rows": 1, "Plan Width": 21, "Actual Startup Time": 45.684, "Actual Total Time": 45.684, "Actual Rows": 1, "Actual Loops": 10544, "Index Cond": "(id = mk.movie_id)", "Rows Removed by Index Recheck": 0, "Filter": "(((title)::text ~~ '%Money%'::text) AND (production_year = 1998))", "Rows Removed by Filter": 10543}]}, {"Node Type": "Index Scan", "Parent Relationship": "Inner", "Scan Direction": "Forward", "Index Name": "movie_id_movie_companies", "Relation Name": "movie_companies", "Alias": "mc", "Startup Cost": 0.0, "Total Cost": 0.31, "Plan Rows": 2, "Plan Width": 12, "Actual Startup Time": 0.011, "Actual Total Time": 0.012, "Actual Rows": 3, "Actual Loops": 1, "Index Cond": "(movie_id = mk.movie_id)", "Rows Removed by Index Recheck": 0, "Filter": "(note IS NULL)", "Rows Removed by Filter": 1}]}, {"Node Type": "Index Scan", "Parent Relationship": "Inner", "Scan Direction": "Forward", "Index Name": "company_name_pkey", "Relation Name": "company_name", "Alias": "cn", "Startup Cost": 0.0, "Total Cost": 0.29, "Plan Rows": 1, "Plan Width": 23, "Actual Startup Time": 0.031, "Actual Total Time": 0.031, "Actual Rows": 2, "Actual Loops": 3, "Index Cond": "(id = mc.company_id)", "Rows Removed by Index Recheck": 0, "Filter": "(((country_code)::text <> '[pl]'::text) AND (((name)::text ~~ '%Film%'::text) OR ((name)::text ~~ '%Warner%'::text)))", "Rows Removed by Filter": 1}]}, {"Node Type": "Index Scan", "Parent Relationship": "Inner", "Scan Direction": "Forward", "Index Name": "company_type_pkey", "Relation Name": "company_type", "Alias": "ct", "Startup Cost": 0.0, "Total Cost": 0.27, "Plan Rows": 1, "Plan Width": 4, "Actual Startup Time": 0.007, "Actual Total Time": 0.007, "Actual Rows": 2, "Actual Loops": 2, "Index Cond": "(id = mc.company_type_id)", "Rows Removed by Index Recheck": 0, "Filter": "((kind)::text = 'production companies'::text)", "Rows Removed by Filter": 0}]}, {"Node Type": "Index Scan", "Parent Relationship": "Inner", "Scan Direction": "Forward", "Index Name": "movie_id_movie_link", "Relation Name": "movie_link", "Alias": "ml", "Startup Cost": 0.0, "Total Cost": 0.35, "Plan Rows": 5, "Plan Width": 8, "Actual Startup Time": 0.011, "Actual Total Time": 0.023, "Actual Rows": 38, "Actual Loops": 2, "Index Cond": "(movie_id = mk.movie_id)", "Rows Removed by Index Recheck": 0}]}, {"Node Type": "Index Scan", "Parent Relationship": "Inner", "Scan Direction": "Forward", "Index Name": "link_type_pkey", "Relation Name": "link_type", "Alias": "lt", "Startup Cost": 0.0, "Total Cost": 0.27, "Plan Rows": 1, "Plan Width": 16, "Actual Startup Time": 0.062, "Actual Total Time": 0.062, "Actual Rows": 0, "Actual Loops": 38, "Index Cond": "(id = ml.link_type_id)", "Rows Removed by Index Recheck": 0, "Filter": "((link)::text ~~ '%follows%'::text)", "Rows Removed by Filter": 24}]}]}, "Triggers": [], "Planner Runtime": 72.754, "Total Runtime": 179.024, "Unique SQL Id": 4121279504}}, "(16, 122)": {"explain_plan": {"Plan": {"Node Type": "Aggregate", "Strategy": "Plain", "Startup Cost": 101632.91, "Total Cost": 101632.92, "Plan Rows": 1, "Plan Width": 144, "Plans": [{"Node Type": "Nested Loop", "Parent Relationship": "Outer", "Join Type": "Inner", "Startup Cost": 0.0, "Total Cost": 101632.9, "Plan Rows": 1, "Plan Width": 48, "Inner Unique": true, "Join Filter": "(ml.link_type_id = lt.id)", "Plans": [{"Node Type": "Nested Loop", "Parent Relationship": "Outer", "Join Type": "Inner", "Startup Cost": 0.0, "Total Cost": 101631.67, "Plan Rows": 1, "Plan Width": 40, "Inner Unique": false, "Join Filter": "(t.id = ml.movie_id)", "Plans": [{"Node Type": "Nested Loop", "Parent Relationship": "Outer", "Join Type": "Inner", "Startup Cost": 0.0, "Total Cost": 100825.76, "Plan Rows": 1, "Plan Width": 48, "Inner Unique": true, "Join Filter": "(mc.company_type_id = ct.id)", "Plans": [{"Node Type": "Nested Loop", "Parent Relationship": "Outer", "Join Type": "Inner", "Startup Cost": 0.0, "Total Cost": 100824.71, "Plan Rows": 1, "Plan Width": 52, "Inner Unique": true, "Join Filter": "(mc.company_id = cn.id)", "Plans": [{"Node Type": "Streaming(type: LOCAL GATHER dop: 1/16)", "Parent Relationship": "Outer", "Startup Cost": 0.0, "Total Cost": 93026.3, "Plan Rows": 1, "Plan Width": 37, "Plans": [{"Node Type": "Nested Loop", "Parent Relationship": "Outer", "Join Type": "Inner", "Startup Cost": 0.0, "Total Cost": 93026.27, "Plan Rows": 1, "Plan Width": 37, "Inner Unique": false, "Join Filter": "(t.id = mc.movie_id)", "Plans": [{"Node Type": "Streaming(type: BROADCAST dop: 16/1)", "Parent Relationship": "Outer", "Startup Cost": 0.0, "Total Cost": 74420.91, "Plan Rows": 16, "Plan Width": 25, "Plans": [{"Node Type": "Nested Loop", "Parent Relationship": "Outer", "Join Type": "Inner", "Startup Cost": 0.0, "Total Cost": 59420.56, "Plan Rows": 1, "Plan Width": 25, "Inner Unique": true, "Join Filter": "(mk.movie_id = t.id)", "Plans": [{"Node Type": "Streaming(type: LOCAL GATHER dop: 1/16)", "Parent Relationship": "Outer", "Startup Cost": 0.0, "Total Cost": 39874.07, "Plan Rows": 33, "Plan Width": 4, "Plans": [{"Node Type": "Nested Loop", "Parent Relationship": "Outer", "Join Type": "Inner", "Startup Cost": 0.0, "Total Cost": 39873.36, "Plan Rows": 33, "Plan Width": 4, "Inner Unique": false, "Join Filter": "(k.id = mk.keyword_id)", "Plans": [{"Node Type": "Streaming(type: BROADCAST dop: 16/1)", "Parent Relationship": "Outer", "Startup Cost": 0.0, "Total Cost": 17436.46, "Plan Rows": 16, "Plan Width": 4, "Plans": [{"Node Type": "Seq Scan", "Parent Relationship": "Outer", "Relation Name": "keyword", "Alias": "k", "Startup Cost": 0.0, "Total Cost": 2436.11, "Plan Rows": 1, "Plan Width": 4, "Filter": "((keyword)::text = 'sequel'::text)"}]}, {"Node Type": "Seq Scan", "Parent Relationship": "Inner", "Relation Name": "movie_keyword", "Alias": "mk", "Startup Cost": 0.0, "Total Cost": 18902.58, "Plan Rows": 4523929, "Plan Width": 8}]}]}, {"Node Type": "Materialize", "Parent Relationship": "Inner", "Startup Cost": 0.0, "Total Cost": 19544.52, "Plan Rows": 4, "Plan Width": 21, "Plans": [{"Node Type": "Streaming(type: LOCAL GATHER dop: 1/16)", "Parent Relationship": "Outer", "Startup Cost": 0.0, "Total Cost": 19544.5, "Plan Rows": 4, "Plan Width": 21, "Plans": [{"Node Type": "Seq Scan", "Parent Relationship": "Outer", "Relation Name": "title", "Alias": "t", "Startup Cost": 0.0, "Total Cost": 19544.42, "Plan Rows": 4, "Plan Width": 21, "Filter": "(((title)::text ~~ '%Money%'::text) AND (production_year = 1998))"}]}]}]}]}, {"Node Type": "Seq Scan", "Parent Relationship": "Inner", "Relation Name": "movie_companies", "Alias": "mc", "Startup Cost": 0.0, "Total Cost": 17613.58, "Plan Rows": 1269486, "Plan Width": 12, "Filter": "(note IS NULL), (LLVM Optimized)"}]}]}, {"Node Type": "Seq Scan", "Parent Relationship": "Inner", "Relation Name": "company_name", "Alias": "cn", "Startup Cost": 0.0, "Total Cost": 7078.43, "Plan Rows": 57599, "Plan Width": 23, "Filter": "(((country_code)::text <> '[pl]'::text) AND (((name)::text ~~ '%Film%'::text) OR ((name)::text ~~ '%Warner%'::text)))"}]}, {"Node Type": "Seq Scan", "Parent Relationship": "Inner", "Relation Name": "company_type", "Alias": "ct", "Startup Cost": 0.0, "Total Cost": 1.04, "Plan Rows": 1, "Plan Width": 4, "Filter": "((kind)::text = 'production companies'::text)"}]}, {"Node Type": "Seq Scan", "Parent Relationship": "Inner", "Relation Name": "movie_link", "Alias": "ml", "Startup Cost": 0.0, "Total Cost": 430.96, "Plan Rows": 29996, "Plan Width": 8}]}, {"Node Type": "Seq Scan", "Parent Relationship": "Inner", "Relation Name": "link_type", "Alias": "lt", "Startup Cost": 0.0, "Total Cost": 1.21, "Plan Rows": 1, "Plan Width": 16, "Filter": "((link)::text ~~ '%follows%'::text)"}]}]}, "Unique SQL Id": 4121279504}, "explain_analyze_plan": null}, "(16, 123)": {"explain_plan": {"Plan": {"Node Type": "Aggregate", "Strategy": "Plain", "Startup Cost": 8000025305535.09, "Total Cost": 8000025305535.1, "Plan Rows": 1, "Plan Width": 144, "Plans": [{"Node Type": "Nested Loop", "Parent Relationship": "Outer", "Join Type": "Inner", "Startup Cost": 80000000000.0, "Total Cost": 8000025305535.08, "Plan Rows": 1, "Plan Width": 48, "Inner Unique": true, "Join Filter": "(mc.company_type_id = ct.id)", "Plans": [{"Node Type": "Nested Loop", "Parent Relationship": "Outer", "Join Type": "Inner", "Startup Cost": 70000000000.0, "Total Cost": 7000025304304.82, "Plan Rows": 1, "Plan Width": 52, "Inner Unique": true, "Plans": [{"Node Type": "Nested Loop", "Parent Relationship": "Outer", "Join Type": "Inner", "Startup Cost": 60000000000.0, "Total Cost": 6000025304276.0, "Plan Rows": 1, "Plan Width": 37, "Inner Unique": true, "Join Filter": "(ml.movie_id = t.id)", "Plans": [{"Node Type": "Nested Loop", "Parent Relationship": "Outer", "Join Type": "Inner", "Startup Cost": 50000000000.0, "Total Cost": 5000025304244.59, "Plan Rows": 1, "Plan Width": 32, "Inner Unique": false, "Join Filter": "(ml.movie_id = mc.movie_id)", "Plans": [{"Node Type": "Index Scan", "Parent Relationship": "Outer", "Scan Direction": "Forward", "Index Name": "company_type_id_movie_companies", "Relation Name": "movie_companies", "Alias": "mc", "Startup Cost": 10000000000.0, "Total Cost": 1000009318217.0, "Plan Rows": 1269486, "Plan Width": 12, "Filter": "(note IS NULL), (LLVM Optimized)"}, {"Node Type": "Materialize", "Parent Relationship": "Inner", "Startup Cost": 40000000000.0, "Total Cost": 4000015795604.72, "Plan Rows": 10, "Plan Width": 20, "Plans": [{"Node Type": "Nested Loop", "Parent Relationship": "Outer", "Join Type": "Inner", "Startup Cost": 40000000000.0, "Total Cost": 4000015795604.67, "Plan Rows": 10, "Plan Width": 20, "Inner Unique": false, "Join Filter": "(mk.movie_id = ml.movie_id)", "Plans": [{"Node Type": "Nested Loop", "Parent Relationship": "Outer", "Join Type": "Inner", "Startup Cost": 20000000000.0, "Total Cost": 2000015686764.79, "Plan Rows": 33, "Plan Width": 4, "Inner Unique": true, "Join Filter": "(k.id = mk.keyword_id)", "Plans": [{"Node Type": "Index Scan", "Parent Relationship": "Outer", "Scan Direction": "Forward", "Index Name": "movie_id_movie_keyword", "Relation Name": "movie_keyword", "Alias": "mk", "Startup Cost": 10000000000.0, "Total Cost": 1000015300634.17, "Plan Rows": 4523929, "Plan Width": 8}, {"Node Type": "Materialize", "Parent Relationship": "Inner", "Startup Cost": 10000000000.0, "Total Cost": 1000000318271.69, "Plan Rows": 1, "Plan Width": 4, "Plans": [{"Node Type": "Index Scan", "Parent Relationship": "Outer", "Scan Direction": "Forward", "Index Name": "keyword_pkey", "Relation Name": "keyword", "Alias": "k", "Startup Cost": 10000000000.0, "Total Cost": 1000000318271.68, "Plan Rows": 1, "Plan Width": 4, "Filter": "((keyword)::text = 'sequel'::text)"}]}]}, {"Node Type": "Materialize", "Parent Relationship": "Inner", "Startup Cost": 20000000000.0, "Total Cost": 2000000107916.44, "Plan Rows": 1875, "Plan Width": 16, "Plans": [{"Node Type": "Nested Loop", "Parent Relationship": "Outer", "Join Type": "Inner", "Startup Cost": 20000000000.0, "Total Cost": 2000000107907.07, "Plan Rows": 1875, "Plan Width": 16, "Inner Unique": true, "Join Filter": "(lt.id = ml.link_type_id)", "Plans": [{"Node Type": "Index Scan", "Parent Relationship": "Outer", "Scan Direction": "Forward", "Index Name": "movie_id_movie_link", "Relation Name": "movie_link", "Alias": "ml", "Startup Cost": 10000000000.0, "Total Cost": 1000000106202.37, "Plan Rows": 29996, "Plan Width": 8}, {"Node Type": "Materialize", "Parent Relationship": "Inner", "Startup Cost": 10000000000.0, "Total Cost": 1000000001254.76, "Plan Rows": 1, "Plan Width": 16, "Plans": [{"Node Type": "Index Scan", "Parent Relationship": "Outer", "Scan Direction": "Forward", "Index Name": "link_type_pkey", "Relation Name": "link_type", "Alias": "lt", "Startup Cost": 10000000000.0, "Total Cost": 1000000001254.75, "Plan Rows": 1, "Plan Width": 16, "Filter": "((link)::text ~~ '%follows%'::text)"}]}]}]}]}]}]}, {"Node Type": "Index Scan", "Parent Relationship": "Inner", "Scan Direction": "Forward", "Index Name": "title_pkey", "Relation Name": "title", "Alias": "t", "Startup Cost": 10000000000.0, "Total Cost": 1000000000031.39, "Plan Rows": 1, "Plan Width": 21, "Index Cond": "(id = mk.movie_id)", "Filter": "(((title)::text ~~ '%Money%'::text) AND (production_year = 1998))"}]}, {"Node Type": "Index Scan", "Parent Relationship": "Inner", "Scan Direction": "Forward", "Index Name": "company_name_pkey", "Relation Name": "company_name", "Alias": "cn", "Startup Cost": 10000000000.0, "Total Cost": 1000000000028.81, "Plan Rows": 1, "Plan Width": 23, "Index Cond": "(id = mc.company_id)", "Filter": "(((country_code)::text <> '[pl]'::text) AND (((name)::text ~~ '%Film%'::text) OR ((name)::text ~~ '%Warner%'::text)))"}]}, {"Node Type": "Index Scan", "Parent Relationship": "Inner", "Scan Direction": "Forward", "Index Name": "company_type_pkey", "Relation Name": "company_type", "Alias": "ct", "Startup Cost": 10000000000.0, "Total Cost": 1000000001230.25, "Plan Rows": 1, "Plan Width": 4, "Filter": "((kind)::text = 'production companies'::text)"}]}]}, "Unique SQL Id": 4121279504}, "explain_analyze_plan": null}, "(16, 124)": {"explain_plan": {"Plan": {"Node Type": "Aggregate", "Strategy": "Plain", "Startup Cost": 2585.63, "Total Cost": 2585.64, "Plan Rows": 1, "Plan Width": 144, "Plans": [{"Node Type": "Nested Loop", "Parent Relationship": "Outer", "Join Type": "Inner", "Startup Cost": 0.0, "Total Cost": 2585.62, "Plan Rows": 1, "Plan Width": 48, "Inner Unique": true, "Plans": [{"Node Type": "Nested Loop", "Parent Relationship": "Outer", "Join Type": "Inner", "Startup Cost": 0.0, "Total Cost": 2585.34, "Plan Rows": 1, "Plan Width": 40, "Inner Unique": false, "Join Filter": "(t.id = ml.movie_id)", "Plans": [{"Node Type": "Nested Loop", "Parent Relationship": "Outer", "Join Type": "Inner", "Startup Cost": 0.0, "Total Cost": 2584.93, "Plan Rows": 1, "Plan Width": 48, "Inner Unique": true, "Plans": [{"Node Type": "Nested Loop", "Parent Relationship": "Outer", "Join Type": "Inner", "Startup Cost": 0.0, "Total Cost": 2584.64, "Plan Rows": 1, "Plan Width": 52, "Inner Unique": true, "Plans": [{"Node Type": "Nested Loop", "Parent Relationship": "Outer", "Join Type": "Inner", "Startup Cost": 0.0, "Total Cost": 2584.35, "Plan Rows": 1, "Plan Width": 37, "Inner Unique": false, "Join Filter": "(t.id = mc.movie_id)", "Plans": [{"Node Type": "Nested Loop", "Parent Relationship": "Outer", "Join Type": "Inner", "Startup Cost": 0.0, "Total Cost": 2584.01, "Plan Rows": 1, "Plan Width": 25, "Inner Unique": true, "Plans": [{"Node Type": "Nested Loop", "Parent Relationship": "Outer", "Join Type": "Inner", "Startup Cost": 0.0, "Total Cost": 2573.32, "Plan Rows": 33, "Plan Width": 4, "Inner Unique": false, "Plans": [{"Node Type": "Seq Scan", "Parent Relationship": "Outer", "Relation Name": "keyword", "Alias": "k", "Startup Cost": 0.0, "Total Cost": 2436.11, "Plan Rows": 1, "Plan Width": 4, "Filter": "((keyword)::text = 'sequel'::text)"}, {"Node Type": "Index Scan", "Parent Relationship": "Inner", "Scan Direction": "Forward", "Index Name": "keyword_id_movie_keyword", "Relation Name": "movie_keyword", "Alias": "mk", "Startup Cost": 0.0, "Total Cost": 136.88, "Plan Rows": 33, "Plan Width": 8, "Index Cond": "(keyword_id = k.id)"}]}, {"Node Type": "Index Scan", "Parent Relationship": "Inner", "Scan Direction": "Forward", "Index Name": "title_pkey", "Relation Name": "title", "Alias": "t", "Startup Cost": 0.0, "Total Cost": 0.31, "Plan Rows": 1, "Plan Width": 21, "Index Cond": "(id = mk.movie_id)", "Filter": "(((title)::text ~~ '%Money%'::text) AND (production_year = 1998))"}]}, {"Node Type": "Index Scan", "Parent Relationship": "Inner", "Scan Direction": "Forward", "Index Name": "movie_id_movie_companies", "Relation Name": "movie_companies", "Alias": "mc", "Startup Cost": 0.0, "Total Cost": 0.31, "Plan Rows": 2, "Plan Width": 12, "Index Cond": "(movie_id = mk.movie_id)", "Filter": "(note IS NULL)"}]}, {"Node Type": "Index Scan", "Parent Relationship": "Inner", "Scan Direction": "Forward", "Index Name": "company_name_pkey", "Relation Name": "company_name", "Alias": "cn", "Startup Cost": 0.0, "Total Cost": 0.29, "Plan Rows": 1, "Plan Width": 23, "Index Cond": "(id = mc.company_id)", "Filter": "(((country_code)::text <> '[pl]'::text) AND (((name)::text ~~ '%Film%'::text) OR ((name)::text ~~ '%Warner%'::text)))"}]}, {"Node Type": "Index Scan", "Parent Relationship": "Inner", "Scan Direction": "Forward", "Index Name": "company_type_pkey", "Relation Name": "company_type", "Alias": "ct", "Startup Cost": 0.0, "Total Cost": 0.27, "Plan Rows": 1, "Plan Width": 4, "Index Cond": "(id = mc.company_type_id)", "Filter": "((kind)::text = 'production companies'::text)"}]}, {"Node Type": "Index Scan", "Parent Relationship": "Inner", "Scan Direction": "Forward", "Index Name": "movie_id_movie_link", "Relation Name": "movie_link", "Alias": "ml", "Startup Cost": 0.0, "Total Cost": 0.35, "Plan Rows": 5, "Plan Width": 8, "Index Cond": "(movie_id = mk.movie_id)"}]}, {"Node Type": "Index Scan", "Parent Relationship": "Inner", "Scan Direction": "Forward", "Index Name": "link_type_pkey", "Relation Name": "link_type", "Alias": "lt", "Startup Cost": 0.0, "Total Cost": 0.27, "Plan Rows": 1, "Plan Width": 16, "Index Cond": "(id = ml.link_type_id)", "Filter": "((link)::text ~~ '%follows%'::text)"}]}]}, "Unique SQL Id": 4121279504}, "explain_analyze_plan": {"Plan": {"Node Type": "Aggregate", "Strategy": "Plain", "Startup Cost": 2585.63, "Total Cost": 2585.64, "Plan Rows": 1, "Plan Width": 144, "Actual Startup Time": 103.307, "Actual Total Time": 103.307, "Actual Rows": 1, "Actual Loops": 1, "Plans": [{"Node Type": "Nested Loop", "Parent Relationship": "Outer", "Join Type": "Inner", "Startup Cost": 0.0, "Total Cost": 2585.62, "Plan Rows": 1, "Plan Width": 48, "Actual Startup Time": 103.297, "Actual Total Time": 103.297, "Actual Rows": 0, "Actual Loops": 1, "Inner Unique": true, "Plans": [{"Node Type": "Nested Loop", "Parent Relationship": "Outer", "Join Type": "Inner", "Startup Cost": 0.0, "Total Cost": 2585.34, "Plan Rows": 1, "Plan Width": 40, "Actual Startup Time": 2.639, "Actual Total Time": 103.212, "Actual Rows": 38, "Actual Loops": 1, "Inner Unique": false, "Join Filter": "(t.id = ml.movie_id)", "Rows Removed by Join Filter": 0, "Plans": [{"Node Type": "Nested Loop", "Parent Relationship": "Outer", "Join Type": "Inner", "Startup Cost": 0.0, "Total Cost": 2584.93, "Plan Rows": 1, "Plan Width": 48, "Actual Startup Time": 2.628, "Actual Total Time": 103.169, "Actual Rows": 2, "Actual Loops": 1, "Inner Unique": true, "Plans": [{"Node Type": "Nested Loop", "Parent Relationship": "Outer", "Join Type": "Inner", "Startup Cost": 0.0, "Total Cost": 2584.64, "Plan Rows": 1, "Plan Width": 52, "Actual Startup Time": 2.62, "Actual Total Time": 103.156, "Actual Rows": 2, "Actual Loops": 1, "Inner Unique": true, "Plans": [{"Node Type": "Nested Loop", "Parent Relationship": "Outer", "Join Type": "Inner", "Startup Cost": 0.0, "Total Cost": 2584.35, "Plan Rows": 1, "Plan Width": 37, "Actual Startup Time": 2.606, "Actual Total Time": 103.125, "Actual Rows": 3, "Actual Loops": 1, "Inner Unique": false, "Join Filter": "(t.id = mc.movie_id)", "Rows Removed by Join Filter": 0, "Plans": [{"Node Type": "Nested Loop", "Parent Relationship": "Outer", "Join Type": "Inner", "Startup Cost": 0.0, "Total Cost": 2584.01, "Plan Rows": 1, "Plan Width": 25, "Actual Startup Time": 2.585, "Actual Total Time": 103.101, "Actual Rows": 1, "Actual Loops": 1, "Inner Unique": true, "Plans": [{"Node Type": "Nested Loop", "Parent Relationship": "Outer", "Join Type": "Inner", "Startup Cost": 0.0, "Total Cost": 2573.32, "Plan Rows": 33, "Plan Width": 4, "Actual Startup Time": 2.346, "Actual Total Time": 53.642, "Actual Rows": 10544, "Actual Loops": 1, "Inner Unique": false, "Plans": [{"Node Type": "Seq Scan", "Parent Relationship": "Outer", "Relation Name": "keyword", "Alias": "k", "Startup Cost": 0.0, "Total Cost": 2436.11, "Plan Rows": 1, "Plan Width": 4, "Actual Startup Time": 2.306, "Actual Total Time": 40.515, "Actual Rows": 1, "Actual Loops": 1, "Filter": "((keyword)::text = 'sequel'::text)", "Rows Removed by Filter": 134168}, {"Node Type": "Index Scan", "Parent Relationship": "Inner", "Scan Direction": "Forward", "Index Name": "keyword_id_movie_keyword", "Relation Name": "movie_keyword", "Alias": "mk", "Startup Cost": 0.0, "Total Cost": 136.88, "Plan Rows": 33, "Plan Width": 8, "Actual Startup Time": 0.034, "Actual Total Time": 10.877, "Actual Rows": 10544, "Actual Loops": 1, "Index Cond": "(keyword_id = k.id)", "Rows Removed by Index Recheck": 0}]}, {"Node Type": "Index Scan", "Parent Relationship": "Inner", "Scan Direction": "Forward", "Index Name": "title_pkey", "Relation Name": "title", "Alias": "t", "Startup Cost": 0.0, "Total Cost": 0.31, "Plan Rows": 1, "Plan Width": 21, "Actual Startup Time": 44.242, "Actual Total Time": 44.242, "Actual Rows": 1, "Actual Loops": 10544, "Index Cond": "(id = mk.movie_id)", "Rows Removed by Index Recheck": 0, "Filter": "(((title)::text ~~ '%Money%'::text) AND (production_year = 1998))", "Rows Removed by Filter": 10543}]}, {"Node Type": "Index Scan", "Parent Relationship": "Inner", "Scan Direction": "Forward", "Index Name": "movie_id_movie_companies", "Relation Name": "movie_companies", "Alias": "mc", "Startup Cost": 0.0, "Total Cost": 0.31, "Plan Rows": 2, "Plan Width": 12, "Actual Startup Time": 0.011, "Actual Total Time": 0.013, "Actual Rows": 3, "Actual Loops": 1, "Index Cond": "(movie_id = mk.movie_id)", "Rows Removed by Index Recheck": 0, "Filter": "(note IS NULL)", "Rows Removed by Filter": 1}]}, {"Node Type": "Index Scan", "Parent Relationship": "Inner", "Scan Direction": "Forward", "Index Name": "company_name_pkey", "Relation Name": "company_name", "Alias": "cn", "Startup Cost": 0.0, "Total Cost": 0.29, "Plan Rows": 1, "Plan Width": 23, "Actual Startup Time": 0.026, "Actual Total Time": 0.026, "Actual Rows": 2, "Actual Loops": 3, "Index Cond": "(id = mc.company_id)", "Rows Removed by Index Recheck": 0, "Filter": "(((country_code)::text <> '[pl]'::text) AND (((name)::text ~~ '%Film%'::text) OR ((name)::text ~~ '%Warner%'::text)))", "Rows Removed by Filter": 1}]}, {"Node Type": "Index Scan", "Parent Relationship": "Inner", "Scan Direction": "Forward", "Index Name": "company_type_pkey", "Relation Name": "company_type", "Alias": "ct", "Startup Cost": 0.0, "Total Cost": 0.27, "Plan Rows": 1, "Plan Width": 4, "Actual Startup Time": 0.008, "Actual Total Time": 0.008, "Actual Rows": 2, "Actual Loops": 2, "Index Cond": "(id = mc.company_type_id)", "Rows Removed by Index Recheck": 0, "Filter": "((kind)::text = 'production companies'::text)", "Rows Removed by Filter": 0}]}, {"Node Type": "Index Scan", "Parent Relationship": "Inner", "Scan Direction": "Forward", "Index Name": "movie_id_movie_link", "Relation Name": "movie_link", "Alias": "ml", "Startup Cost": 0.0, "Total Cost": 0.35, "Plan Rows": 5, "Plan Width": 8, "Actual Startup Time": 0.012, "Actual Total Time": 0.025, "Actual Rows": 38, "Actual Loops": 2, "Index Cond": "(movie_id = mk.movie_id)", "Rows Removed by Index Recheck": 0}]}, {"Node Type": "Index Scan", "Parent Relationship": "Inner", "Scan Direction": "Forward", "Index Name": "link_type_pkey", "Relation Name": "link_type", "Alias": "lt", "Startup Cost": 0.0, "Total Cost": 0.27, "Plan Rows": 1, "Plan Width": 16, "Actual Startup Time": 0.065, "Actual Total Time": 0.065, "Actual Rows": 0, "Actual Loops": 38, "Index Cond": "(id = ml.link_type_id)", "Rows Removed by Index Recheck": 0, "Filter": "((link)::text ~~ '%follows%'::text)", "Rows Removed by Filter": 24}]}]}, "Triggers": [], "Planner Runtime": 83.831, "Total Runtime": 103.68, "Unique SQL Id": 4121279504}}, "(16, 125)": {"explain_plan": {"Plan": {"Node Type": "Aggregate", "Strategy": "Plain", "Startup Cost": 3332.23, "Total Cost": 3332.24, "Plan Rows": 1, "Plan Width": 144, "Plans": [{"Node Type": "Nested Loop", "Parent Relationship": "Outer", "Join Type": "Inner", "Startup Cost": 0.0, "Total Cost": 3332.23, "Plan Rows": 1, "Plan Width": 48, "Inner Unique": true, "Plans": [{"Node Type": "Nested Loop", "Parent Relationship": "Outer", "Join Type": "Inner", "Startup Cost": 0.0, "Total Cost": 3331.94, "Plan Rows": 1, "Plan Width": 40, "Inner Unique": false, "Join Filter": "(t.id = ml.movie_id)", "Plans": [{"Node Type": "Nested Loop", "Parent Relationship": "Outer", "Join Type": "Inner", "Startup Cost": 0.0, "Total Cost": 3331.53, "Plan Rows": 1, "Plan Width": 48, "Inner Unique": true, "Plans": [{"Node Type": "Nested Loop", "Parent Relationship": "Outer", "Join Type": "Inner", "Startup Cost": 0.0, "Total Cost": 3331.25, "Plan Rows": 1, "Plan Width": 52, "Inner Unique": true, "Plans": [{"Node Type": "Nested Loop", "Parent Relationship": "Outer", "Join Type": "Inner", "Startup Cost": 0.0, "Total Cost": 3330.95, "Plan Rows": 1, "Plan Width": 37, "Inner Unique": false, "Join Filter": "(t.id = mc.movie_id)", "Plans": [{"Node Type": "Nested Loop", "Parent Relationship": "Outer", "Join Type": "Inner", "Startup Cost": 0.0, "Total Cost": 3330.61, "Plan Rows": 1, "Plan Width": 25, "Inner Unique": true, "Plans": [{"Node Type": "Nested Loop", "Parent Relationship": "Outer", "Join Type": "Inner", "Startup Cost": 0.0, "Total Cost": 3319.92, "Plan Rows": 33, "Plan Width": 4, "Inner Unique": false, "Plans": [{"Node Type": "Index Scan", "Parent Relationship": "Outer", "Scan Direction": "Forward", "Index Name": "keyword_pkey", "Relation Name": "keyword", "Alias": "k", "Startup Cost": 0.0, "Total Cost": 3182.72, "Plan Rows": 1, "Plan Width": 4, "Filter": "((keyword)::text = 'sequel'::text)"}, {"Node Type": "Index Scan", "Parent Relationship": "Inner", "Scan Direction": "Forward", "Index Name": "keyword_id_movie_keyword", "Relation Name": "movie_keyword", "Alias": "mk", "Startup Cost": 0.0, "Total Cost": 136.88, "Plan Rows": 33, "Plan Width": 8, "Index Cond": "(keyword_id = k.id)"}]}, {"Node Type": "Index Scan", "Parent Relationship": "Inner", "Scan Direction": "Forward", "Index Name": "title_pkey", "Relation Name": "title", "Alias": "t", "Startup Cost": 0.0, "Total Cost": 0.31, "Plan Rows": 1, "Plan Width": 21, "Index Cond": "(id = mk.movie_id)", "Filter": "(((title)::text ~~ '%Money%'::text) AND (production_year = 1998))"}]}, {"Node Type": "Index Scan", "Parent Relationship": "Inner", "Scan Direction": "Forward", "Index Name": "movie_id_movie_companies", "Relation Name": "movie_companies", "Alias": "mc", "Startup Cost": 0.0, "Total Cost": 0.31, "Plan Rows": 2, "Plan Width": 12, "Index Cond": "(movie_id = mk.movie_id)", "Filter": "(note IS NULL)"}]}, {"Node Type": "Index Scan", "Parent Relationship": "Inner", "Scan Direction": "Forward", "Index Name": "company_name_pkey", "Relation Name": "company_name", "Alias": "cn", "Startup Cost": 0.0, "Total Cost": 0.29, "Plan Rows": 1, "Plan Width": 23, "Index Cond": "(id = mc.company_id)", "Filter": "(((country_code)::text <> '[pl]'::text) AND (((name)::text ~~ '%Film%'::text) OR ((name)::text ~~ '%Warner%'::text)))"}]}, {"Node Type": "Index Scan", "Parent Relationship": "Inner", "Scan Direction": "Forward", "Index Name": "company_type_pkey", "Relation Name": "company_type", "Alias": "ct", "Startup Cost": 0.0, "Total Cost": 0.27, "Plan Rows": 1, "Plan Width": 4, "Index Cond": "(id = mc.company_type_id)", "Filter": "((kind)::text = 'production companies'::text)"}]}, {"Node Type": "Index Scan", "Parent Relationship": "Inner", "Scan Direction": "Forward", "Index Name": "movie_id_movie_link", "Relation Name": "movie_link", "Alias": "ml", "Startup Cost": 0.0, "Total Cost": 0.35, "Plan Rows": 5, "Plan Width": 8, "Index Cond": "(movie_id = mk.movie_id)"}]}, {"Node Type": "Index Scan", "Parent Relationship": "Inner", "Scan Direction": "Forward", "Index Name": "link_type_pkey", "Relation Name": "link_type", "Alias": "lt", "Startup Cost": 0.0, "Total Cost": 0.27, "Plan Rows": 1, "Plan Width": 16, "Index Cond": "(id = ml.link_type_id)", "Filter": "((link)::text ~~ '%follows%'::text)"}]}]}, "Unique SQL Id": 4121279504}, "explain_analyze_plan": {"Plan": {"Node Type": "Aggregate", "Strategy": "Plain", "Startup Cost": 3332.23, "Total Cost": 3332.24, "Plan Rows": 1, "Plan Width": 144, "Actual Startup Time": 178.629, "Actual Total Time": 178.63, "Actual Rows": 1, "Actual Loops": 1, "Plans": [{"Node Type": "Nested Loop", "Parent Relationship": "Outer", "Join Type": "Inner", "Startup Cost": 0.0, "Total Cost": 3332.23, "Plan Rows": 1, "Plan Width": 48, "Actual Startup Time": 178.619, "Actual Total Time": 178.619, "Actual Rows": 0, "Actual Loops": 1, "Inner Unique": true, "Plans": [{"Node Type": "Nested Loop", "Parent Relationship": "Outer", "Join Type": "Inner", "Startup Cost": 0.0, "Total Cost": 3331.94, "Plan Rows": 1, "Plan Width": 40, "Actual Startup Time": 0.759, "Actual Total Time": 178.535, "Actual Rows": 38, "Actual Loops": 1, "Inner Unique": false, "Join Filter": "(t.id = ml.movie_id)", "Rows Removed by Join Filter": 0, "Plans": [{"Node Type": "Nested Loop", "Parent Relationship": "Outer", "Join Type": "Inner", "Startup Cost": 0.0, "Total Cost": 3331.53, "Plan Rows": 1, "Plan Width": 48, "Actual Startup Time": 0.75, "Actual Total Time": 178.493, "Actual Rows": 2, "Actual Loops": 1, "Inner Unique": true, "Plans": [{"Node Type": "Nested Loop", "Parent Relationship": "Outer", "Join Type": "Inner", "Startup Cost": 0.0, "Total Cost": 3331.25, "Plan Rows": 1, "Plan Width": 52, "Actual Startup Time": 0.743, "Actual Total Time": 178.481, "Actual Rows": 2, "Actual Loops": 1, "Inner Unique": true, "Plans": [{"Node Type": "Nested Loop", "Parent Relationship": "Outer", "Join Type": "Inner", "Startup Cost": 0.0, "Total Cost": 3330.95, "Plan Rows": 1, "Plan Width": 37, "Actual Startup Time": 0.723, "Actual Total Time": 178.447, "Actual Rows": 3, "Actual Loops": 1, "Inner Unique": false, "Join Filter": "(t.id = mc.movie_id)", "Rows Removed by Join Filter": 0, "Plans": [{"Node Type": "Nested Loop", "Parent Relationship": "Outer", "Join Type": "Inner", "Startup Cost": 0.0, "Total Cost": 3330.61, "Plan Rows": 1, "Plan Width": 25, "Actual Startup Time": 0.709, "Actual Total Time": 178.428, "Actual Rows": 1, "Actual Loops": 1, "Inner Unique": true, "Plans": [{"Node Type": "Nested Loop", "Parent Relationship": "Outer", "Join Type": "Inner", "Startup Cost": 0.0, "Total Cost": 3319.92, "Plan Rows": 33, "Plan Width": 4, "Actual Startup Time": 0.479, "Actual Total Time": 127.522, "Actual Rows": 10544, "Actual Loops": 1, "Inner Unique": false, "Plans": [{"Node Type": "Index Scan", "Parent Relationship": "Outer", "Scan Direction": "Forward", "Index Name": "keyword_pkey", "Relation Name": "keyword", "Alias": "k", "Startup Cost": 0.0, "Total Cost": 3182.72, "Plan Rows": 1, "Plan Width": 4, "Actual Startup Time": 0.446, "Actual Total Time": 114.274, "Actual Rows": 1, "Actual Loops": 1, "Filter": "((keyword)::text = 'sequel'::text)", "Rows Removed by Filter": 134168}, {"Node Type": "Index Scan", "Parent Relationship": "Inner", "Scan Direction": "Forward", "Index Name": "keyword_id_movie_keyword", "Relation Name": "movie_keyword", "Alias": "mk", "Startup Cost": 0.0, "Total Cost": 136.88, "Plan Rows": 33, "Plan Width": 8, "Actual Startup Time": 0.026, "Actual Total Time": 10.894, "Actual Rows": 10544, "Actual Loops": 1, "Index Cond": "(keyword_id = k.id)", "Rows Removed by Index Recheck": 0}]}, {"Node Type": "Index Scan", "Parent Relationship": "Inner", "Scan Direction": "Forward", "Index Name": "title_pkey", "Relation Name": "title", "Alias": "t", "Startup Cost": 0.0, "Total Cost": 0.31, "Plan Rows": 1, "Plan Width": 21, "Actual Startup Time": 45.684, "Actual Total Time": 45.684, "Actual Rows": 1, "Actual Loops": 10544, "Index Cond": "(id = mk.movie_id)", "Rows Removed by Index Recheck": 0, "Filter": "(((title)::text ~~ '%Money%'::text) AND (production_year = 1998))", "Rows Removed by Filter": 10543}]}, {"Node Type": "Index Scan", "Parent Relationship": "Inner", "Scan Direction": "Forward", "Index Name": "movie_id_movie_companies", "Relation Name": "movie_companies", "Alias": "mc", "Startup Cost": 0.0, "Total Cost": 0.31, "Plan Rows": 2, "Plan Width": 12, "Actual Startup Time": 0.011, "Actual Total Time": 0.012, "Actual Rows": 3, "Actual Loops": 1, "Index Cond": "(movie_id = mk.movie_id)", "Rows Removed by Index Recheck": 0, "Filter": "(note IS NULL)", "Rows Removed by Filter": 1}]}, {"Node Type": "Index Scan", "Parent Relationship": "Inner", "Scan Direction": "Forward", "Index Name": "company_name_pkey", "Relation Name": "company_name", "Alias": "cn", "Startup Cost": 0.0, "Total Cost": 0.29, "Plan Rows": 1, "Plan Width": 23, "Actual Startup Time": 0.031, "Actual Total Time": 0.031, "Actual Rows": 2, "Actual Loops": 3, "Index Cond": "(id = mc.company_id)", "Rows Removed by Index Recheck": 0, "Filter": "(((country_code)::text <> '[pl]'::text) AND (((name)::text ~~ '%Film%'::text) OR ((name)::text ~~ '%Warner%'::text)))", "Rows Removed by Filter": 1}]}, {"Node Type": "Index Scan", "Parent Relationship": "Inner", "Scan Direction": "Forward", "Index Name": "company_type_pkey", "Relation Name": "company_type", "Alias": "ct", "Startup Cost": 0.0, "Total Cost": 0.27, "Plan Rows": 1, "Plan Width": 4, "Actual Startup Time": 0.007, "Actual Total Time": 0.007, "Actual Rows": 2, "Actual Loops": 2, "Index Cond": "(id = mc.company_type_id)", "Rows Removed by Index Recheck": 0, "Filter": "((kind)::text = 'production companies'::text)", "Rows Removed by Filter": 0}]}, {"Node Type": "Index Scan", "Parent Relationship": "Inner", "Scan Direction": "Forward", "Index Name": "movie_id_movie_link", "Relation Name": "movie_link", "Alias": "ml", "Startup Cost": 0.0, "Total Cost": 0.35, "Plan Rows": 5, "Plan Width": 8, "Actual Startup Time": 0.011, "Actual Total Time": 0.023, "Actual Rows": 38, "Actual Loops": 2, "Index Cond": "(movie_id = mk.movie_id)", "Rows Removed by Index Recheck": 0}]}, {"Node Type": "Index Scan", "Parent Relationship": "Inner", "Scan Direction": "Forward", "Index Name": "link_type_pkey", "Relation Name": "link_type", "Alias": "lt", "Startup Cost": 0.0, "Total Cost": 0.27, "Plan Rows": 1, "Plan Width": 16, "Actual Startup Time": 0.062, "Actual Total Time": 0.062, "Actual Rows": 0, "Actual Loops": 38, "Index Cond": "(id = ml.link_type_id)", "Rows Removed by Index Recheck": 0, "Filter": "((link)::text ~~ '%follows%'::text)", "Rows Removed by Filter": 24}]}]}, "Triggers": [], "Planner Runtime": 72.754, "Total Runtime": 179.024, "Unique SQL Id": 4121279504}}, "(16, 126)": {"explain_plan": {"Plan": {"Node Type": "Aggregate", "Strategy": "Plain", "Startup Cost": 101632.91, "Total Cost": 101632.92, "Plan Rows": 1, "Plan Width": 144, "Plans": [{"Node Type": "Nested Loop", "Parent Relationship": "Outer", "Join Type": "Inner", "Startup Cost": 0.0, "Total Cost": 101632.9, "Plan Rows": 1, "Plan Width": 48, "Inner Unique": true, "Join Filter": "(ml.link_type_id = lt.id)", "Plans": [{"Node Type": "Nested Loop", "Parent Relationship": "Outer", "Join Type": "Inner", "Startup Cost": 0.0, "Total Cost": 101631.67, "Plan Rows": 1, "Plan Width": 40, "Inner Unique": false, "Join Filter": "(t.id = ml.movie_id)", "Plans": [{"Node Type": "Nested Loop", "Parent Relationship": "Outer", "Join Type": "Inner", "Startup Cost": 0.0, "Total Cost": 100825.76, "Plan Rows": 1, "Plan Width": 48, "Inner Unique": true, "Join Filter": "(mc.company_type_id = ct.id)", "Plans": [{"Node Type": "Nested Loop", "Parent Relationship": "Outer", "Join Type": "Inner", "Startup Cost": 0.0, "Total Cost": 100824.71, "Plan Rows": 1, "Plan Width": 52, "Inner Unique": true, "Join Filter": "(mc.company_id = cn.id)", "Plans": [{"Node Type": "Streaming(type: LOCAL GATHER dop: 1/16)", "Parent Relationship": "Outer", "Startup Cost": 0.0, "Total Cost": 93026.3, "Plan Rows": 1, "Plan Width": 37, "Plans": [{"Node Type": "Nested Loop", "Parent Relationship": "Outer", "Join Type": "Inner", "Startup Cost": 0.0, "Total Cost": 93026.27, "Plan Rows": 1, "Plan Width": 37, "Inner Unique": false, "Join Filter": "(t.id = mc.movie_id)", "Plans": [{"Node Type": "Streaming(type: BROADCAST dop: 16/1)", "Parent Relationship": "Outer", "Startup Cost": 0.0, "Total Cost": 74420.91, "Plan Rows": 16, "Plan Width": 25, "Plans": [{"Node Type": "Nested Loop", "Parent Relationship": "Outer", "Join Type": "Inner", "Startup Cost": 0.0, "Total Cost": 59420.56, "Plan Rows": 1, "Plan Width": 25, "Inner Unique": true, "Join Filter": "(mk.movie_id = t.id)", "Plans": [{"Node Type": "Streaming(type: LOCAL GATHER dop: 1/16)", "Parent Relationship": "Outer", "Startup Cost": 0.0, "Total Cost": 39874.07, "Plan Rows": 33, "Plan Width": 4, "Plans": [{"Node Type": "Nested Loop", "Parent Relationship": "Outer", "Join Type": "Inner", "Startup Cost": 0.0, "Total Cost": 39873.36, "Plan Rows": 33, "Plan Width": 4, "Inner Unique": false, "Join Filter": "(k.id = mk.keyword_id)", "Plans": [{"Node Type": "Streaming(type: BROADCAST dop: 16/1)", "Parent Relationship": "Outer", "Startup Cost": 0.0, "Total Cost": 17436.46, "Plan Rows": 16, "Plan Width": 4, "Plans": [{"Node Type": "Seq Scan", "Parent Relationship": "Outer", "Relation Name": "keyword", "Alias": "k", "Startup Cost": 0.0, "Total Cost": 2436.11, "Plan Rows": 1, "Plan Width": 4, "Filter": "((keyword)::text = 'sequel'::text)"}]}, {"Node Type": "Seq Scan", "Parent Relationship": "Inner", "Relation Name": "movie_keyword", "Alias": "mk", "Startup Cost": 0.0, "Total Cost": 18902.58, "Plan Rows": 4523929, "Plan Width": 8}]}]}, {"Node Type": "Materialize", "Parent Relationship": "Inner", "Startup Cost": 0.0, "Total Cost": 19544.52, "Plan Rows": 4, "Plan Width": 21, "Plans": [{"Node Type": "Streaming(type: LOCAL GATHER dop: 1/16)", "Parent Relationship": "Outer", "Startup Cost": 0.0, "Total Cost": 19544.5, "Plan Rows": 4, "Plan Width": 21, "Plans": [{"Node Type": "Seq Scan", "Parent Relationship": "Outer", "Relation Name": "title", "Alias": "t", "Startup Cost": 0.0, "Total Cost": 19544.42, "Plan Rows": 4, "Plan Width": 21, "Filter": "(((title)::text ~~ '%Money%'::text) AND (production_year = 1998))"}]}]}]}]}, {"Node Type": "Seq Scan", "Parent Relationship": "Inner", "Relation Name": "movie_companies", "Alias": "mc", "Startup Cost": 0.0, "Total Cost": 17613.58, "Plan Rows": 1269486, "Plan Width": 12, "Filter": "(note IS NULL), (LLVM Optimized)"}]}]}, {"Node Type": "Seq Scan", "Parent Relationship": "Inner", "Relation Name": "company_name", "Alias": "cn", "Startup Cost": 0.0, "Total Cost": 7078.43, "Plan Rows": 57599, "Plan Width": 23, "Filter": "(((country_code)::text <> '[pl]'::text) AND (((name)::text ~~ '%Film%'::text) OR ((name)::text ~~ '%Warner%'::text)))"}]}, {"Node Type": "Seq Scan", "Parent Relationship": "Inner", "Relation Name": "company_type", "Alias": "ct", "Startup Cost": 0.0, "Total Cost": 1.04, "Plan Rows": 1, "Plan Width": 4, "Filter": "((kind)::text = 'production companies'::text)"}]}, {"Node Type": "Seq Scan", "Parent Relationship": "Inner", "Relation Name": "movie_link", "Alias": "ml", "Startup Cost": 0.0, "Total Cost": 430.96, "Plan Rows": 29996, "Plan Width": 8}]}, {"Node Type": "Seq Scan", "Parent Relationship": "Inner", "Relation Name": "link_type", "Alias": "lt", "Startup Cost": 0.0, "Total Cost": 1.21, "Plan Rows": 1, "Plan Width": 16, "Filter": "((link)::text ~~ '%follows%'::text)"}]}]}, "Unique SQL Id": 4121279504}, "explain_analyze_plan": null}, "(16, 127)": {"explain_plan": {"Plan": {"Node Type": "Aggregate", "Strategy": "Plain", "Startup Cost": 8000025305535.09, "Total Cost": 8000025305535.1, "Plan Rows": 1, "Plan Width": 144, "Plans": [{"Node Type": "Nested Loop", "Parent Relationship": "Outer", "Join Type": "Inner", "Startup Cost": 80000000000.0, "Total Cost": 8000025305535.08, "Plan Rows": 1, "Plan Width": 48, "Inner Unique": true, "Join Filter": "(mc.company_type_id = ct.id)", "Plans": [{"Node Type": "Nested Loop", "Parent Relationship": "Outer", "Join Type": "Inner", "Startup Cost": 70000000000.0, "Total Cost": 7000025304304.82, "Plan Rows": 1, "Plan Width": 52, "Inner Unique": true, "Plans": [{"Node Type": "Nested Loop", "Parent Relationship": "Outer", "Join Type": "Inner", "Startup Cost": 60000000000.0, "Total Cost": 6000025304276.0, "Plan Rows": 1, "Plan Width": 37, "Inner Unique": true, "Join Filter": "(ml.movie_id = t.id)", "Plans": [{"Node Type": "Nested Loop", "Parent Relationship": "Outer", "Join Type": "Inner", "Startup Cost": 50000000000.0, "Total Cost": 5000025304244.59, "Plan Rows": 1, "Plan Width": 32, "Inner Unique": false, "Join Filter": "(ml.movie_id = mc.movie_id)", "Plans": [{"Node Type": "Index Scan", "Parent Relationship": "Outer", "Scan Direction": "Forward", "Index Name": "company_type_id_movie_companies", "Relation Name": "movie_companies", "Alias": "mc", "Startup Cost": 10000000000.0, "Total Cost": 1000009318217.0, "Plan Rows": 1269486, "Plan Width": 12, "Filter": "(note IS NULL), (LLVM Optimized)"}, {"Node Type": "Materialize", "Parent Relationship": "Inner", "Startup Cost": 40000000000.0, "Total Cost": 4000015795604.72, "Plan Rows": 10, "Plan Width": 20, "Plans": [{"Node Type": "Nested Loop", "Parent Relationship": "Outer", "Join Type": "Inner", "Startup Cost": 40000000000.0, "Total Cost": 4000015795604.67, "Plan Rows": 10, "Plan Width": 20, "Inner Unique": false, "Join Filter": "(mk.movie_id = ml.movie_id)", "Plans": [{"Node Type": "Nested Loop", "Parent Relationship": "Outer", "Join Type": "Inner", "Startup Cost": 20000000000.0, "Total Cost": 2000015686764.79, "Plan Rows": 33, "Plan Width": 4, "Inner Unique": true, "Join Filter": "(k.id = mk.keyword_id)", "Plans": [{"Node Type": "Index Scan", "Parent Relationship": "Outer", "Scan Direction": "Forward", "Index Name": "movie_id_movie_keyword", "Relation Name": "movie_keyword", "Alias": "mk", "Startup Cost": 10000000000.0, "Total Cost": 1000015300634.17, "Plan Rows": 4523929, "Plan Width": 8}, {"Node Type": "Materialize", "Parent Relationship": "Inner", "Startup Cost": 10000000000.0, "Total Cost": 1000000318271.69, "Plan Rows": 1, "Plan Width": 4, "Plans": [{"Node Type": "Index Scan", "Parent Relationship": "Outer", "Scan Direction": "Forward", "Index Name": "keyword_pkey", "Relation Name": "keyword", "Alias": "k", "Startup Cost": 10000000000.0, "Total Cost": 1000000318271.68, "Plan Rows": 1, "Plan Width": 4, "Filter": "((keyword)::text = 'sequel'::text)"}]}]}, {"Node Type": "Materialize", "Parent Relationship": "Inner", "Startup Cost": 20000000000.0, "Total Cost": 2000000107916.44, "Plan Rows": 1875, "Plan Width": 16, "Plans": [{"Node Type": "Nested Loop", "Parent Relationship": "Outer", "Join Type": "Inner", "Startup Cost": 20000000000.0, "Total Cost": 2000000107907.07, "Plan Rows": 1875, "Plan Width": 16, "Inner Unique": true, "Join Filter": "(lt.id = ml.link_type_id)", "Plans": [{"Node Type": "Index Scan", "Parent Relationship": "Outer", "Scan Direction": "Forward", "Index Name": "movie_id_movie_link", "Relation Name": "movie_link", "Alias": "ml", "Startup Cost": 10000000000.0, "Total Cost": 1000000106202.37, "Plan Rows": 29996, "Plan Width": 8}, {"Node Type": "Materialize", "Parent Relationship": "Inner", "Startup Cost": 10000000000.0, "Total Cost": 1000000001254.76, "Plan Rows": 1, "Plan Width": 16, "Plans": [{"Node Type": "Index Scan", "Parent Relationship": "Outer", "Scan Direction": "Forward", "Index Name": "link_type_pkey", "Relation Name": "link_type", "Alias": "lt", "Startup Cost": 10000000000.0, "Total Cost": 1000000001254.75, "Plan Rows": 1, "Plan Width": 16, "Filter": "((link)::text ~~ '%follows%'::text)"}]}]}]}]}]}]}, {"Node Type": "Index Scan", "Parent Relationship": "Inner", "Scan Direction": "Forward", "Index Name": "title_pkey", "Relation Name": "title", "Alias": "t", "Startup Cost": 10000000000.0, "Total Cost": 1000000000031.39, "Plan Rows": 1, "Plan Width": 21, "Index Cond": "(id = mk.movie_id)", "Filter": "(((title)::text ~~ '%Money%'::text) AND (production_year = 1998))"}]}, {"Node Type": "Index Scan", "Parent Relationship": "Inner", "Scan Direction": "Forward", "Index Name": "company_name_pkey", "Relation Name": "company_name", "Alias": "cn", "Startup Cost": 10000000000.0, "Total Cost": 1000000000028.81, "Plan Rows": 1, "Plan Width": 23, "Index Cond": "(id = mc.company_id)", "Filter": "(((country_code)::text <> '[pl]'::text) AND (((name)::text ~~ '%Film%'::text) OR ((name)::text ~~ '%Warner%'::text)))"}]}, {"Node Type": "Index Scan", "Parent Relationship": "Inner", "Scan Direction": "Forward", "Index Name": "company_type_pkey", "Relation Name": "company_type", "Alias": "ct", "Startup Cost": 10000000000.0, "Total Cost": 1000000001230.25, "Plan Rows": 1, "Plan Width": 4, "Filter": "((kind)::text = 'production companies'::text)"}]}]}, "Unique SQL Id": 4121279504}, "explain_analyze_plan": null}, "(64, 0)": {"explain_plan": {"Plan": {"Node Type": "Aggregate", "Strategy": "Plain", "Startup Cost": 2581.34, "Total Cost": 2581.35, "Plan Rows": 1, "Plan Width": 144, "Plans": [{"Node Type": "Nested Loop", "Parent Relationship": "Outer", "Join Type": "Inner", "Startup Cost": 4.51, "Total Cost": 2581.33, "Plan Rows": 1, "Plan Width": 48, "Inner Unique": true, "Plans": [{"Node Type": "Nested Loop", "Parent Relationship": "Outer", "Join Type": "Inner", "Startup Cost": 4.51, "Total Cost": 2581.05, "Plan Rows": 1, "Plan Width": 40, "Inner Unique": false, "Join Filter": "(t.id = ml.movie_id)", "Plans": [{"Node Type": "Nested Loop", "Parent Relationship": "Outer", "Join Type": "Inner", "Startup Cost": 4.51, "Total Cost": 2580.63, "Plan Rows": 1, "Plan Width": 48, "Inner Unique": true, "Plans": [{"Node Type": "Nested Loop", "Parent Relationship": "Outer", "Join Type": "Inner", "Startup Cost": 4.51, "Total Cost": 2580.35, "Plan Rows": 1, "Plan Width": 52, "Inner Unique": true, "Plans": [{"Node Type": "Nested Loop", "Parent Relationship": "Outer", "Join Type": "Inner", "Startup Cost": 4.51, "Total Cost": 2580.05, "Plan Rows": 1, "Plan Width": 37, "Inner Unique": false, "Join Filter": "(t.id = mc.movie_id)", "Plans": [{"Node Type": "Nested Loop", "Parent Relationship": "Outer", "Join Type": "Inner", "Startup Cost": 4.51, "Total Cost": 2579.71, "Plan Rows": 1, "Plan Width": 25, "Inner Unique": true, "Plans": [{"Node Type": "Nested Loop", "Parent Relationship": "Outer", "Join Type": "Inner", "Startup Cost": 4.51, "Total Cost": 2569.02, "Plan Rows": 33, "Plan Width": 4, "Inner Unique": false, "Plans": [{"Node Type": "Seq Scan", "Parent Relationship": "Outer", "Relation Name": "keyword", "Alias": "k", "Startup Cost": 0.0, "Total Cost": 2436.11, "Plan Rows": 1, "Plan Width": 4, "Filter": "((keyword)::text = 'sequel'::text)"}, {"Node Type": "Bitmap Heap Scan", "Parent Relationship": "Inner", "Relation Name": "movie_keyword", "Alias": "mk", "Startup Cost": 4.51, "Total Cost": 132.58, "Plan Rows": 33, "Plan Width": 8, "Recheck Cond": "(keyword_id = k.id)", "Plans": [{"Node Type": "Bitmap Index Scan", "Parent Relationship": "Outer", "Index Name": "keyword_id_movie_keyword", "Startup Cost": 0.0, "Total Cost": 4.5, "Plan Rows": 33, "Plan Width": 0, "Index Cond": "(keyword_id = k.id)"}]}]}, {"Node Type": "Index Scan", "Parent Relationship": "Inner", "Scan Direction": "Forward", "Index Name": "title_pkey", "Relation Name": "title", "Alias": "t", "Startup Cost": 0.0, "Total Cost": 0.31, "Plan Rows": 1, "Plan Width": 21, "Index Cond": "(id = mk.movie_id)", "Filter": "(((title)::text ~~ '%Money%'::text) AND (production_year = 1998))"}]}, {"Node Type": "Index Scan", "Parent Relationship": "Inner", "Scan Direction": "Forward", "Index Name": "movie_id_movie_companies", "Relation Name": "movie_companies", "Alias": "mc", "Startup Cost": 0.0, "Total Cost": 0.31, "Plan Rows": 2, "Plan Width": 12, "Index Cond": "(movie_id = mk.movie_id)", "Filter": "(note IS NULL)"}]}, {"Node Type": "Index Scan", "Parent Relationship": "Inner", "Scan Direction": "Forward", "Index Name": "company_name_pkey", "Relation Name": "company_name", "Alias": "cn", "Startup Cost": 0.0, "Total Cost": 0.29, "Plan Rows": 1, "Plan Width": 23, "Index Cond": "(id = mc.company_id)", "Filter": "(((country_code)::text <> '[pl]'::text) AND (((name)::text ~~ '%Film%'::text) OR ((name)::text ~~ '%Warner%'::text)))"}]}, {"Node Type": "Index Scan", "Parent Relationship": "Inner", "Scan Direction": "Forward", "Index Name": "company_type_pkey", "Relation Name": "company_type", "Alias": "ct", "Startup Cost": 0.0, "Total Cost": 0.27, "Plan Rows": 1, "Plan Width": 4, "Index Cond": "(id = mc.company_type_id)", "Filter": "((kind)::text = 'production companies'::text)"}]}, {"Node Type": "Index Scan", "Parent Relationship": "Inner", "Scan Direction": "Forward", "Index Name": "movie_id_movie_link", "Relation Name": "movie_link", "Alias": "ml", "Startup Cost": 0.0, "Total Cost": 0.35, "Plan Rows": 5, "Plan Width": 8, "Index Cond": "(movie_id = mk.movie_id)"}]}, {"Node Type": "Index Scan", "Parent Relationship": "Inner", "Scan Direction": "Forward", "Index Name": "link_type_pkey", "Relation Name": "link_type", "Alias": "lt", "Startup Cost": 0.0, "Total Cost": 0.27, "Plan Rows": 1, "Plan Width": 16, "Index Cond": "(id = ml.link_type_id)", "Filter": "((link)::text ~~ '%follows%'::text)"}]}]}, "Unique SQL Id": 4121279504}, "explain_analyze_plan": {"Plan": {"Node Type": "Aggregate", "Strategy": "Plain", "Startup Cost": 2581.34, "Total Cost": 2581.35, "Plan Rows": 1, "Plan Width": 144, "Actual Startup Time": 123.557, "Actual Total Time": 123.557, "Actual Rows": 1, "Actual Loops": 1, "Plans": [{"Node Type": "Nested Loop", "Parent Relationship": "Outer", "Join Type": "Inner", "Startup Cost": 4.51, "Total Cost": 2581.33, "Plan Rows": 1, "Plan Width": 48, "Actual Startup Time": 123.547, "Actual Total Time": 123.547, "Actual Rows": 0, "Actual Loops": 1, "Inner Unique": true, "Plans": [{"Node Type": "Nested Loop", "Parent Relationship": "Outer", "Join Type": "Inner", "Startup Cost": 4.51, "Total Cost": 2581.05, "Plan Rows": 1, "Plan Width": 40, "Actual Startup Time": 5.886, "Actual Total Time": 123.447, "Actual Rows": 38, "Actual Loops": 1, "Inner Unique": false, "Join Filter": "(t.id = ml.movie_id)", "Rows Removed by Join Filter": 0, "Plans": [{"Node Type": "Nested Loop", "Parent Relationship": "Outer", "Join Type": "Inner", "Startup Cost": 4.51, "Total Cost": 2580.63, "Plan Rows": 1, "Plan Width": 48, "Actual Startup Time": 5.866, "Actual Total Time": 123.392, "Actual Rows": 2, "Actual Loops": 1, "Inner Unique": true, "Plans": [{"Node Type": "Nested Loop", "Parent Relationship": "Outer", "Join Type": "Inner", "Startup Cost": 4.51, "Total Cost": 2580.35, "Plan Rows": 1, "Plan Width": 52, "Actual Startup Time": 5.855, "Actual Total Time": 123.377, "Actual Rows": 2, "Actual Loops": 1, "Inner Unique": true, "Plans": [{"Node Type": "Nested Loop", "Parent Relationship": "Outer", "Join Type": "Inner", "Startup Cost": 4.51, "Total Cost": 2580.05, "Plan Rows": 1, "Plan Width": 37, "Actual Startup Time": 5.834, "Actual Total Time": 123.335, "Actual Rows": 3, "Actual Loops": 1, "Inner Unique": false, "Join Filter": "(t.id = mc.movie_id)", "Rows Removed by Join Filter": 0, "Plans": [{"Node Type": "Nested Loop", "Parent Relationship": "Outer", "Join Type": "Inner", "Startup Cost": 4.51, "Total Cost": 2579.71, "Plan Rows": 1, "Plan Width": 25, "Actual Startup Time": 5.809, "Actual Total Time": 123.305, "Actual Rows": 1, "Actual Loops": 1, "Inner Unique": true, "Plans": [{"Node Type": "Nested Loop", "Parent Relationship": "Outer", "Join Type": "Inner", "Startup Cost": 4.51, "Total Cost": 2569.02, "Plan Rows": 33, "Plan Width": 4, "Actual Startup Time": 5.443, "Actual Total Time": 62.982, "Actual Rows": 10544, "Actual Loops": 1, "Inner Unique": false, "Plans": [{"Node Type": "Seq Scan", "Parent Relationship": "Outer", "Relation Name": "keyword", "Alias": "k", "Startup Cost": 0.0, "Total Cost": 2436.11, "Plan Rows": 1, "Plan Width": 4, "Actual Startup Time": 2.358, "Actual Total Time": 41.641, "Actual Rows": 1, "Actual Loops": 1, "Filter": "((keyword)::text = 'sequel'::text)", "Rows Removed by Filter": 134168}, {"Node Type": "Bitmap Heap Scan", "Parent Relationship": "Inner", "Relation Name": "movie_keyword", "Alias": "mk", "Startup Cost": 4.51, "Total Cost": 132.58, "Plan Rows": 33, "Plan Width": 8, "Actual Startup Time": 3.074, "Actual Total Time": 19.121, "Actual Rows": 10544, "Actual Loops": 1, "Recheck Cond": "(keyword_id = k.id)", "Rows Removed by Index Recheck": 0, "Exact Heap Blocks": 5090, "Lossy Heap Blocks": 5090, "Plans": [{"Node Type": "Bitmap Index Scan", "Parent Relationship": "Outer", "Index Name": "keyword_id_movie_keyword", "Startup Cost": 0.0, "Total Cost": 4.5, "Plan Rows": 33, "Plan Width": 0, "Actual Startup Time": 2.162, "Actual Total Time": 2.162, "Actual Rows": 10544, "Actual Loops": 1, "Index Cond": "(keyword_id = k.id)"}]}]}, {"Node Type": "Index Scan", "Parent Relationship": "Inner", "Scan Direction": "Forward", "Index Name": "title_pkey", "Relation Name": "title", "Alias": "t", "Startup Cost": 0.0, "Total Cost": 0.31, "Plan Rows": 1, "Plan Width": 21, "Actual Startup Time": 54.966, "Actual Total Time": 54.966, "Actual Rows": 1, "Actual Loops": 10544, "Index Cond": "(id = mk.movie_id)", "Rows Removed by Index Recheck": 0, "Filter": "(((title)::text ~~ '%Money%'::text) AND (production_year = 1998))", "Rows Removed by Filter": 10543}]}, {"Node Type": "Index Scan", "Parent Relationship": "Inner", "Scan Direction": "Forward", "Index Name": "movie_id_movie_companies", "Relation Name": "movie_companies", "Alias": "mc", "Startup Cost": 0.0, "Total Cost": 0.31, "Plan Rows": 2, "Plan Width": 12, "Actual Startup Time": 0.019, "Actual Total Time": 0.022, "Actual Rows": 3, "Actual Loops": 1, "Index Cond": "(movie_id = mk.movie_id)", "Rows Removed by Index Recheck": 0, "Filter": "(note IS NULL)", "Rows Removed by Filter": 1}]}, {"Node Type": "Index Scan", "Parent Relationship": "Inner", "Scan Direction": "Forward", "Index Name": "company_name_pkey", "Relation Name": "company_name", "Alias": "cn", "Startup Cost": 0.0, "Total Cost": 0.29, "Plan Rows": 1, "Plan Width": 23, "Actual Startup Time": 0.037, "Actual Total Time": 0.037, "Actual Rows": 2, "Actual Loops": 3, "Index Cond": "(id = mc.company_id)", "Rows Removed by Index Recheck": 0, "Filter": "(((country_code)::text <> '[pl]'::text) AND (((name)::text ~~ '%Film%'::text) OR ((name)::text ~~ '%Warner%'::text)))", "Rows Removed by Filter": 1}]}, {"Node Type": "Index Scan", "Parent Relationship": "Inner", "Scan Direction": "Forward", "Index Name": "company_type_pkey", "Relation Name": "company_type", "Alias": "ct", "Startup Cost": 0.0, "Total Cost": 0.27, "Plan Rows": 1, "Plan Width": 4, "Actual Startup Time": 0.011, "Actual Total Time": 0.011, "Actual Rows": 2, "Actual Loops": 2, "Index Cond": "(id = mc.company_type_id)", "Rows Removed by Index Recheck": 0, "Filter": "((kind)::text = 'production companies'::text)", "Rows Removed by Filter": 0}]}, {"Node Type": "Index Scan", "Parent Relationship": "Inner", "Scan Direction": "Forward", "Index Name": "movie_id_movie_link", "Relation Name": "movie_link", "Alias": "ml", "Startup Cost": 0.0, "Total Cost": 0.35, "Plan Rows": 5, "Plan Width": 8, "Actual Startup Time": 0.016, "Actual Total Time": 0.029, "Actual Rows": 38, "Actual Loops": 2, "Index Cond": "(movie_id = mk.movie_id)", "Rows Removed by Index Recheck": 0}]}, {"Node Type": "Index Scan", "Parent Relationship": "Inner", "Scan Direction": "Forward", "Index Name": "link_type_pkey", "Relation Name": "link_type", "Alias": "lt", "Startup Cost": 0.0, "Total Cost": 0.27, "Plan Rows": 1, "Plan Width": 16, "Actual Startup Time": 0.076, "Actual Total Time": 0.076, "Actual Rows": 0, "Actual Loops": 38, "Index Cond": "(id = ml.link_type_id)", "Rows Removed by Index Recheck": 0, "Filter": "((link)::text ~~ '%follows%'::text)", "Rows Removed by Filter": 24}]}]}, "Triggers": [], "Planner Runtime": 80.823, "Total Runtime": 124.133, "Unique SQL Id": 4121279504}}, "(64, 1)": {"explain_plan": {"Plan": {"Node Type": "Aggregate", "Strategy": "Plain", "Startup Cost": 3327.94, "Total Cost": 3327.95, "Plan Rows": 1, "Plan Width": 144, "Plans": [{"Node Type": "Nested Loop", "Parent Relationship": "Outer", "Join Type": "Inner", "Startup Cost": 4.51, "Total Cost": 3327.93, "Plan Rows": 1, "Plan Width": 48, "Inner Unique": true, "Plans": [{"Node Type": "Nested Loop", "Parent Relationship": "Outer", "Join Type": "Inner", "Startup Cost": 4.51, "Total Cost": 3327.65, "Plan Rows": 1, "Plan Width": 40, "Inner Unique": false, "Join Filter": "(t.id = ml.movie_id)", "Plans": [{"Node Type": "Nested Loop", "Parent Relationship": "Outer", "Join Type": "Inner", "Startup Cost": 4.51, "Total Cost": 3327.24, "Plan Rows": 1, "Plan Width": 48, "Inner Unique": true, "Plans": [{"Node Type": "Nested Loop", "Parent Relationship": "Outer", "Join Type": "Inner", "Startup Cost": 4.51, "Total Cost": 3326.95, "Plan Rows": 1, "Plan Width": 52, "Inner Unique": true, "Plans": [{"Node Type": "Nested Loop", "Parent Relationship": "Outer", "Join Type": "Inner", "Startup Cost": 4.51, "Total Cost": 3326.66, "Plan Rows": 1, "Plan Width": 37, "Inner Unique": false, "Join Filter": "(t.id = mc.movie_id)", "Plans": [{"Node Type": "Nested Loop", "Parent Relationship": "Outer", "Join Type": "Inner", "Startup Cost": 4.51, "Total Cost": 3326.32, "Plan Rows": 1, "Plan Width": 25, "Inner Unique": true, "Plans": [{"Node Type": "Nested Loop", "Parent Relationship": "Outer", "Join Type": "Inner", "Startup Cost": 4.51, "Total Cost": 3315.63, "Plan Rows": 33, "Plan Width": 4, "Inner Unique": false, "Plans": [{"Node Type": "Index Scan", "Parent Relationship": "Outer", "Scan Direction": "Forward", "Index Name": "keyword_pkey", "Relation Name": "keyword", "Alias": "k", "Startup Cost": 0.0, "Total Cost": 3182.72, "Plan Rows": 1, "Plan Width": 4, "Filter": "((keyword)::text = 'sequel'::text)"}, {"Node Type": "Bitmap Heap Scan", "Parent Relationship": "Inner", "Relation Name": "movie_keyword", "Alias": "mk", "Startup Cost": 4.51, "Total Cost": 132.58, "Plan Rows": 33, "Plan Width": 8, "Recheck Cond": "(keyword_id = k.id)", "Plans": [{"Node Type": "Bitmap Index Scan", "Parent Relationship": "Outer", "Index Name": "keyword_id_movie_keyword", "Startup Cost": 0.0, "Total Cost": 4.5, "Plan Rows": 33, "Plan Width": 0, "Index Cond": "(keyword_id = k.id)"}]}]}, {"Node Type": "Index Scan", "Parent Relationship": "Inner", "Scan Direction": "Forward", "Index Name": "title_pkey", "Relation Name": "title", "Alias": "t", "Startup Cost": 0.0, "Total Cost": 0.31, "Plan Rows": 1, "Plan Width": 21, "Index Cond": "(id = mk.movie_id)", "Filter": "(((title)::text ~~ '%Money%'::text) AND (production_year = 1998))"}]}, {"Node Type": "Index Scan", "Parent Relationship": "Inner", "Scan Direction": "Forward", "Index Name": "movie_id_movie_companies", "Relation Name": "movie_companies", "Alias": "mc", "Startup Cost": 0.0, "Total Cost": 0.31, "Plan Rows": 2, "Plan Width": 12, "Index Cond": "(movie_id = mk.movie_id)", "Filter": "(note IS NULL)"}]}, {"Node Type": "Index Scan", "Parent Relationship": "Inner", "Scan Direction": "Forward", "Index Name": "company_name_pkey", "Relation Name": "company_name", "Alias": "cn", "Startup Cost": 0.0, "Total Cost": 0.29, "Plan Rows": 1, "Plan Width": 23, "Index Cond": "(id = mc.company_id)", "Filter": "(((country_code)::text <> '[pl]'::text) AND (((name)::text ~~ '%Film%'::text) OR ((name)::text ~~ '%Warner%'::text)))"}]}, {"Node Type": "Index Scan", "Parent Relationship": "Inner", "Scan Direction": "Forward", "Index Name": "company_type_pkey", "Relation Name": "company_type", "Alias": "ct", "Startup Cost": 0.0, "Total Cost": 0.27, "Plan Rows": 1, "Plan Width": 4, "Index Cond": "(id = mc.company_type_id)", "Filter": "((kind)::text = 'production companies'::text)"}]}, {"Node Type": "Index Scan", "Parent Relationship": "Inner", "Scan Direction": "Forward", "Index Name": "movie_id_movie_link", "Relation Name": "movie_link", "Alias": "ml", "Startup Cost": 0.0, "Total Cost": 0.35, "Plan Rows": 5, "Plan Width": 8, "Index Cond": "(movie_id = mk.movie_id)"}]}, {"Node Type": "Index Scan", "Parent Relationship": "Inner", "Scan Direction": "Forward", "Index Name": "link_type_pkey", "Relation Name": "link_type", "Alias": "lt", "Startup Cost": 0.0, "Total Cost": 0.27, "Plan Rows": 1, "Plan Width": 16, "Index Cond": "(id = ml.link_type_id)", "Filter": "((link)::text ~~ '%follows%'::text)"}]}]}, "Unique SQL Id": 4121279504}, "explain_analyze_plan": {"Plan": {"Node Type": "Aggregate", "Strategy": "Plain", "Startup Cost": 3327.94, "Total Cost": 3327.95, "Plan Rows": 1, "Plan Width": 144, "Actual Startup Time": 206.836, "Actual Total Time": 206.836, "Actual Rows": 1, "Actual Loops": 1, "Plans": [{"Node Type": "Nested Loop", "Parent Relationship": "Outer", "Join Type": "Inner", "Startup Cost": 4.51, "Total Cost": 3327.93, "Plan Rows": 1, "Plan Width": 48, "Actual Startup Time": 206.83, "Actual Total Time": 206.83, "Actual Rows": 0, "Actual Loops": 1, "Inner Unique": true, "Plans": [{"Node Type": "Nested Loop", "Parent Relationship": "Outer", "Join Type": "Inner", "Startup Cost": 4.51, "Total Cost": 3327.65, "Plan Rows": 1, "Plan Width": 40, "Actual Startup Time": 4.134, "Actual Total Time": 206.74, "Actual Rows": 38, "Actual Loops": 1, "Inner Unique": false, "Join Filter": "(t.id = ml.movie_id)", "Rows Removed by Join Filter": 0, "Plans": [{"Node Type": "Nested Loop", "Parent Relationship": "Outer", "Join Type": "Inner", "Startup Cost": 4.51, "Total Cost": 3327.24, "Plan Rows": 1, "Plan Width": 48, "Actual Startup Time": 4.119, "Actual Total Time": 206.686, "Actual Rows": 2, "Actual Loops": 1, "Inner Unique": true, "Plans": [{"Node Type": "Nested Loop", "Parent Relationship": "Outer", "Join Type": "Inner", "Startup Cost": 4.51, "Total Cost": 3326.95, "Plan Rows": 1, "Plan Width": 52, "Actual Startup Time": 4.11, "Actual Total Time": 206.673, "Actual Rows": 2, "Actual Loops": 1, "Inner Unique": true, "Plans": [{"Node Type": "Nested Loop", "Parent Relationship": "Outer", "Join Type": "Inner", "Startup Cost": 4.51, "Total Cost": 3326.66, "Plan Rows": 1, "Plan Width": 37, "Actual Startup Time": 4.093, "Actual Total Time": 206.639, "Actual Rows": 3, "Actual Loops": 1, "Inner Unique": false, "Join Filter": "(t.id = mc.movie_id)", "Rows Removed by Join Filter": 0, "Plans": [{"Node Type": "Nested Loop", "Parent Relationship": "Outer", "Join Type": "Inner", "Startup Cost": 4.51, "Total Cost": 3326.32, "Plan Rows": 1, "Plan Width": 25, "Actual Startup Time": 4.075, "Actual Total Time": 206.617, "Actual Rows": 1, "Actual Loops": 1, "Inner Unique": true, "Plans": [{"Node Type": "Nested Loop", "Parent Relationship": "Outer", "Join Type": "Inner", "Startup Cost": 4.51, "Total Cost": 3315.63, "Plan Rows": 33, "Plan Width": 4, "Actual Startup Time": 3.756, "Actual Total Time": 147.383, "Actual Rows": 10544, "Actual Loops": 1, "Inner Unique": false, "Plans": [{"Node Type": "Index Scan", "Parent Relationship": "Outer", "Scan Direction": "Forward", "Index Name": "keyword_pkey", "Relation Name": "keyword", "Alias": "k", "Startup Cost": 0.0, "Total Cost": 3182.72, "Plan Rows": 1, "Plan Width": 4, "Actual Startup Time": 0.512, "Actual Total Time": 126.311, "Actual Rows": 1, "Actual Loops": 1, "Filter": "((keyword)::text = 'sequel'::text)", "Rows Removed by Filter": 134168}, {"Node Type": "Bitmap Heap Scan", "Parent Relationship": "Inner", "Relation Name": "movie_keyword", "Alias": "mk", "Startup Cost": 4.51, "Total Cost": 132.58, "Plan Rows": 33, "Plan Width": 8, "Actual Startup Time": 3.236, "Actual Total Time": 18.868, "Actual Rows": 10544, "Actual Loops": 1, "Recheck Cond": "(keyword_id = k.id)", "Rows Removed by Index Recheck": 0, "Exact Heap Blocks": 5090, "Lossy Heap Blocks": 5090, "Plans": [{"Node Type": "Bitmap Index Scan", "Parent Relationship": "Outer", "Index Name": "keyword_id_movie_keyword", "Startup Cost": 0.0, "Total Cost": 4.5, "Plan Rows": 33, "Plan Width": 0, "Actual Startup Time": 2.291, "Actual Total Time": 2.291, "Actual Rows": 10544, "Actual Loops": 1, "Index Cond": "(keyword_id = k.id)"}]}]}, {"Node Type": "Index Scan", "Parent Relationship": "Inner", "Scan Direction": "Forward", "Index Name": "title_pkey", "Relation Name": "title", "Alias": "t", "Startup Cost": 0.0, "Total Cost": 0.31, "Plan Rows": 1, "Plan Width": 21, "Actual Startup Time": 53.865, "Actual Total Time": 53.865, "Actual Rows": 1, "Actual Loops": 10544, "Index Cond": "(id = mk.movie_id)", "Rows Removed by Index Recheck": 0, "Filter": "(((title)::text ~~ '%Money%'::text) AND (production_year = 1998))", "Rows Removed by Filter": 10543}]}, {"Node Type": "Index Scan", "Parent Relationship": "Inner", "Scan Direction": "Forward", "Index Name": "movie_id_movie_companies", "Relation Name": "movie_companies", "Alias": "mc", "Startup Cost": 0.0, "Total Cost": 0.31, "Plan Rows": 2, "Plan Width": 12, "Actual Startup Time": 0.015, "Actual Total Time": 0.018, "Actual Rows": 3, "Actual Loops": 1, "Index Cond": "(movie_id = mk.movie_id)", "Rows Removed by Index Recheck": 0, "Filter": "(note IS NULL)", "Rows Removed by Filter": 1}]}, {"Node Type": "Index Scan", "Parent Relationship": "Inner", "Scan Direction": "Forward", "Index Name": "company_name_pkey", "Relation Name": "company_name", "Alias": "cn", "Startup Cost": 0.0, "Total Cost": 0.29, "Plan Rows": 1, "Plan Width": 23, "Actual Startup Time": 0.028, "Actual Total Time": 0.028, "Actual Rows": 2, "Actual Loops": 3, "Index Cond": "(id = mc.company_id)", "Rows Removed by Index Recheck": 0, "Filter": "(((country_code)::text <> '[pl]'::text) AND (((name)::text ~~ '%Film%'::text) OR ((name)::text ~~ '%Warner%'::text)))", "Rows Removed by Filter": 1}]}, {"Node Type": "Index Scan", "Parent Relationship": "Inner", "Scan Direction": "Forward", "Index Name": "company_type_pkey", "Relation Name": "company_type", "Alias": "ct", "Startup Cost": 0.0, "Total Cost": 0.27, "Plan Rows": 1, "Plan Width": 4, "Actual Startup Time": 0.009, "Actual Total Time": 0.009, "Actual Rows": 2, "Actual Loops": 2, "Index Cond": "(id = mc.company_type_id)", "Rows Removed by Index Recheck": 0, "Filter": "((kind)::text = 'production companies'::text)", "Rows Removed by Filter": 0}]}, {"Node Type": "Index Scan", "Parent Relationship": "Inner", "Scan Direction": "Forward", "Index Name": "movie_id_movie_link", "Relation Name": "movie_link", "Alias": "ml", "Startup Cost": 0.0, "Total Cost": 0.35, "Plan Rows": 5, "Plan Width": 8, "Actual Startup Time": 0.013, "Actual Total Time": 0.03, "Actual Rows": 38, "Actual Loops": 2, "Index Cond": "(movie_id = mk.movie_id)", "Rows Removed by Index Recheck": 0}]}, {"Node Type": "Index Scan", "Parent Relationship": "Inner", "Scan Direction": "Forward", "Index Name": "link_type_pkey", "Relation Name": "link_type", "Alias": "lt", "Startup Cost": 0.0, "Total Cost": 0.27, "Plan Rows": 1, "Plan Width": 16, "Actual Startup Time": 0.072, "Actual Total Time": 0.072, "Actual Rows": 0, "Actual Loops": 38, "Index Cond": "(id = ml.link_type_id)", "Rows Removed by Index Recheck": 0, "Filter": "((link)::text ~~ '%follows%'::text)", "Rows Removed by Filter": 24}]}]}, "Triggers": [], "Planner Runtime": 70.618, "Total Runtime": 207.306, "Unique SQL Id": 4121279504}}, "(64, 2)": {"explain_plan": {"Plan": {"Node Type": "Aggregate", "Strategy": "Plain", "Startup Cost": 2726.02, "Total Cost": 2726.03, "Plan Rows": 1, "Plan Width": 144, "Plans": [{"Node Type": "Nested Loop", "Parent Relationship": "Outer", "Join Type": "Inner", "Startup Cost": 5.59, "Total Cost": 2726.01, "Plan Rows": 1, "Plan Width": 48, "Inner Unique": true, "Join Filter": "(ml.link_type_id = lt.id)", "Plans": [{"Node Type": "Nested Loop", "Parent Relationship": "Outer", "Join Type": "Inner", "Startup Cost": 5.59, "Total Cost": 2724.78, "Plan Rows": 1, "Plan Width": 40, "Inner Unique": false, "Join Filter": "(t.id = ml.movie_id)", "Plans": [{"Node Type": "Nested Loop", "Parent Relationship": "Outer", "Join Type": "Inner", "Startup Cost": 5.3, "Total Cost": 2720.37, "Plan Rows": 1, "Plan Width": 48, "Inner Unique": true, "Join Filter": "(mc.company_type_id = ct.id)", "Plans": [{"Node Type": "Nested Loop", "Parent Relationship": "Outer", "Join Type": "Inner", "Startup Cost": 5.3, "Total Cost": 2719.32, "Plan Rows": 1, "Plan Width": 52, "Inner Unique": true, "Plans": [{"Node Type": "Nested Loop", "Parent Relationship": "Outer", "Join Type": "Inner", "Startup Cost": 5.05, "Total Cost": 2715.03, "Plan Rows": 1, "Plan Width": 37, "Inner Unique": false, "Join Filter": "(t.id = mc.movie_id)", "Plans": [{"Node Type": "Nested Loop", "Parent Relationship": "Outer", "Join Type": "Inner", "Startup Cost": 4.77, "Total Cost": 2710.71, "Plan Rows": 1, "Plan Width": 25, "Inner Unique": true, "Plans": [{"Node Type": "Nested Loop", "Parent Relationship": "Outer", "Join Type": "Inner", "Startup Cost": 4.51, "Total Cost": 2569.02, "Plan Rows": 33, "Plan Width": 4, "Inner Unique": false, "Plans": [{"Node Type": "Seq Scan", "Parent Relationship": "Outer", "Relation Name": "keyword", "Alias": "k", "Startup Cost": 0.0, "Total Cost": 2436.11, "Plan Rows": 1, "Plan Width": 4, "Filter": "((keyword)::text = 'sequel'::text)"}, {"Node Type": "Bitmap Heap Scan", "Parent Relationship": "Inner", "Relation Name": "movie_keyword", "Alias": "mk", "Startup Cost": 4.51, "Total Cost": 132.58, "Plan Rows": 33, "Plan Width": 8, "Recheck Cond": "(keyword_id = k.id)", "Plans": [{"Node Type": "Bitmap Index Scan", "Parent Relationship": "Outer", "Index Name": "keyword_id_movie_keyword", "Startup Cost": 0.0, "Total Cost": 4.5, "Plan Rows": 33, "Plan Width": 0, "Index Cond": "(keyword_id = k.id)"}]}]}, {"Node Type": "Bitmap Heap Scan", "Parent Relationship": "Inner", "Relation Name": "title", "Alias": "t", "Startup Cost": 0.27, "Total Cost": 4.28, "Plan Rows": 1, "Plan Width": 21, "Recheck Cond": "(id = mk.movie_id)", "Filter": "(((title)::text ~~ '%Money%'::text) AND (production_year = 1998))", "Plans": [{"Node Type": "Bitmap Index Scan", "Parent Relationship": "Outer", "Index Name": "title_pkey", "Startup Cost": 0.0, "Total Cost": 0.27, "Plan Rows": 1, "Plan Width": 0, "Index Cond": "(id = mk.movie_id)"}]}]}, {"Node Type": "Bitmap Heap Scan", "Parent Relationship": "Inner", "Relation Name": "movie_companies", "Alias": "mc", "Startup Cost": 0.27, "Total Cost": 4.3, "Plan Rows": 2, "Plan Width": 12, "Recheck Cond": "(movie_id = mk.movie_id)", "Filter": "(note IS NULL)", "Plans": [{"Node Type": "Bitmap Index Scan", "Parent Relationship": "Outer", "Index Name": "movie_id_movie_companies", "Startup Cost": 0.0, "Total Cost": 0.27, "Plan Rows": 2, "Plan Width": 0, "Index Cond": "(movie_id = mk.movie_id)"}]}]}, {"Node Type": "Bitmap Heap Scan", "Parent Relationship": "Inner", "Relation Name": "company_name", "Alias": "cn", "Startup Cost": 0.26, "Total Cost": 4.28, "Plan Rows": 1, "Plan Width": 23, "Recheck Cond": "(id = mc.company_id)", "Filter": "(((country_code)::text <> '[pl]'::text) AND (((name)::text ~~ '%Film%'::text) OR ((name)::text ~~ '%Warner%'::text)))", "Plans": [{"Node Type": "Bitmap Index Scan", "Parent Relationship": "Outer", "Index Name": "company_name_pkey", "Startup Cost": 0.0, "Total Cost": 0.26, "Plan Rows": 1, "Plan Width": 0, "Index Cond": "(id = mc.company_id)"}]}]}, {"Node Type": "Seq Scan", "Parent Relationship": "Inner", "Relation Name": "company_type", "Alias": "ct", "Startup Cost": 0.0, "Total Cost": 1.04, "Plan Rows": 1, "Plan Width": 4, "Filter": "((kind)::text = 'production companies'::text)"}]}, {"Node Type": "Bitmap Heap Scan", "Parent Relationship": "Inner", "Relation Name": "movie_link", "Alias": "ml", "Startup Cost": 0.29, "Total Cost": 4.35, "Plan Rows": 5, "Plan Width": 8, "Recheck Cond": "(movie_id = mk.movie_id)", "Plans": [{"Node Type": "Bitmap Index Scan", "Parent Relationship": "Outer", "Index Name": "movie_id_movie_link", "Startup Cost": 0.0, "Total Cost": 0.29, "Plan Rows": 5, "Plan Width": 0, "Index Cond": "(movie_id = mk.movie_id)"}]}]}, {"Node Type": "Seq Scan", "Parent Relationship": "Inner", "Relation Name": "link_type", "Alias": "lt", "Startup Cost": 0.0, "Total Cost": 1.21, "Plan Rows": 1, "Plan Width": 16, "Filter": "((link)::text ~~ '%follows%'::text)"}]}]}, "Unique SQL Id": 4121279504}, "explain_analyze_plan": {"Plan": {"Node Type": "Aggregate", "Strategy": "Plain", "Startup Cost": 2726.02, "Total Cost": 2726.03, "Plan Rows": 1, "Plan Width": 144, "Actual Startup Time": 139.861, "Actual Total Time": 139.862, "Actual Rows": 1, "Actual Loops": 1, "Plans": [{"Node Type": "Nested Loop", "Parent Relationship": "Outer", "Join Type": "Inner", "Startup Cost": 5.59, "Total Cost": 2726.01, "Plan Rows": 1, "Plan Width": 48, "Actual Startup Time": 139.85, "Actual Total Time": 139.85, "Actual Rows": 0, "Actual Loops": 1, "Inner Unique": true, "Join Filter": "(ml.link_type_id = lt.id)", "Rows Removed by Join Filter": 0, "Plans": [{"Node Type": "Nested Loop", "Parent Relationship": "Outer", "Join Type": "Inner", "Startup Cost": 5.59, "Total Cost": 2724.78, "Plan Rows": 1, "Plan Width": 40, "Actual Startup Time": 5.83, "Actual Total Time": 139.523, "Actual Rows": 38, "Actual Loops": 1, "Inner Unique": false, "Join Filter": "(t.id = ml.movie_id)", "Rows Removed by Join Filter": 0, "Plans": [{"Node Type": "Nested Loop", "Parent Relationship": "Outer", "Join Type": "Inner", "Startup Cost": 5.3, "Total Cost": 2720.37, "Plan Rows": 1, "Plan Width": 48, "Actual Startup Time": 5.81, "Actual Total Time": 139.475, "Actual Rows": 2, "Actual Loops": 1, "Inner Unique": true, "Join Filter": "(mc.company_type_id = ct.id)", "Rows Removed by Join Filter": 0, "Plans": [{"Node Type": "Nested Loop", "Parent Relationship": "Outer", "Join Type": "Inner", "Startup Cost": 5.3, "Total Cost": 2719.32, "Plan Rows": 1, "Plan Width": 52, "Actual Startup Time": 5.795, "Actual Total Time": 139.457, "Actual Rows": 2, "Actual Loops": 1, "Inner Unique": true, "Plans": [{"Node Type": "Nested Loop", "Parent Relationship": "Outer", "Join Type": "Inner", "Startup Cost": 5.05, "Total Cost": 2715.03, "Plan Rows": 1, "Plan Width": 37, "Actual Startup Time": 5.772, "Actual Total Time": 139.409, "Actual Rows": 3, "Actual Loops": 1, "Inner Unique": false, "Join Filter": "(t.id = mc.movie_id)", "Rows Removed by Join Filter": 0, "Plans": [{"Node Type": "Nested Loop", "Parent Relationship": "Outer", "Join Type": "Inner", "Startup Cost": 4.77, "Total Cost": 2710.71, "Plan Rows": 1, "Plan Width": 25, "Actual Startup Time": 5.729, "Actual Total Time": 139.363, "Actual Rows": 1, "Actual Loops": 1, "Inner Unique": true, "Plans": [{"Node Type": "Nested Loop", "Parent Relationship": "Outer", "Join Type": "Inner", "Startup Cost": 4.51, "Total Cost": 2569.02, "Plan Rows": 33, "Plan Width": 4, "Actual Startup Time": 5.307, "Actual Total Time": 62.033, "Actual Rows": 10544, "Actual Loops": 1, "Inner Unique": false, "Plans": [{"Node Type": "Seq Scan", "Parent Relationship": "Outer", "Relation Name": "keyword", "Alias": "k", "Startup Cost": 0.0, "Total Cost": 2436.11, "Plan Rows": 1, "Plan Width": 4, "Actual Startup Time": 2.376, "Actual Total Time": 41.622, "Actual Rows": 1, "Actual Loops": 1, "Filter": "((keyword)::text = 'sequel'::text)", "Rows Removed by Filter": 134168}, {"Node Type": "Bitmap Heap Scan", "Parent Relationship": "Inner", "Relation Name": "movie_keyword", "Alias": "mk", "Startup Cost": 4.51, "Total Cost": 132.58, "Plan Rows": 33, "Plan Width": 8, "Actual Startup Time": 2.922, "Actual Total Time": 18.246, "Actual Rows": 10544, "Actual Loops": 1, "Recheck Cond": "(keyword_id = k.id)", "Rows Removed by Index Recheck": 0, "Exact Heap Blocks": 5090, "Lossy Heap Blocks": 5090, "Plans": [{"Node Type": "Bitmap Index Scan", "Parent Relationship": "Outer", "Index Name": "keyword_id_movie_keyword", "Startup Cost": 0.0, "Total Cost": 4.5, "Plan Rows": 33, "Plan Width": 0, "Actual Startup Time": 1.992, "Actual Total Time": 1.992, "Actual Rows": 10544, "Actual Loops": 1, "Index Cond": "(keyword_id = k.id)"}]}]}, {"Node Type": "Bitmap Heap Scan", "Parent Relationship": "Inner", "Relation Name": "title", "Alias": "t", "Startup Cost": 0.27, "Total Cost": 4.28, "Plan Rows": 1, "Plan Width": 21, "Actual Startup Time": 65.637, "Actual Total Time": 65.637, "Actual Rows": 1, "Actual Loops": 10544, "Recheck Cond": "(id = mk.movie_id)", "Rows Removed by Index Recheck": 0, "Filter": "(((title)::text ~~ '%Money%'::text) AND (production_year = 1998))", "Rows Removed by Filter": 10543, "Exact Heap Blocks": 10544, "Lossy Heap Blocks": 10544, "Plans": [{"Node Type": "Bitmap Index Scan", "Parent Relationship": "Outer", "Index Name": "title_pkey", "Startup Cost": 0.0, "Total Cost": 0.27, "Plan Rows": 1, "Plan Width": 0, "Actual Startup Time": 31.501, "Actual Total Time": 31.501, "Actual Rows": 10544, "Actual Loops": 10544, "Index Cond": "(id = mk.movie_id)"}]}]}, {"Node Type": "Bitmap Heap Scan", "Parent Relationship": "Inner", "Relation Name": "movie_companies", "Alias": "mc", "Startup Cost": 0.27, "Total Cost": 4.3, "Plan Rows": 2, "Plan Width": 12, "Actual Startup Time": 0.035, "Actual Total Time": 0.036, "Actual Rows": 3, "Actual Loops": 1, "Recheck Cond": "(movie_id = mk.movie_id)", "Rows Removed by Index Recheck": 0, "Filter": "(note IS NULL)", "Rows Removed by Filter": 1, "Exact Heap Blocks": 2, "Lossy Heap Blocks": 2, "Plans": [{"Node Type": "Bitmap Index Scan", "Parent Relationship": "Outer", "Index Name": "movie_id_movie_companies", "Startup Cost": 0.0, "Total Cost": 0.27, "Plan Rows": 2, "Plan Width": 0, "Actual Startup Time": 0.011, "Actual Total Time": 0.011, "Actual Rows": 4, "Actual Loops": 1, "Index Cond": "(movie_id = mk.movie_id)"}]}]}, {"Node Type": "Bitmap Heap Scan", "Parent Relationship": "Inner", "Relation Name": "company_name", "Alias": "cn", "Startup Cost": 0.26, "Total Cost": 4.28, "Plan Rows": 1, "Plan Width": 23, "Actual Startup Time": 0.042, "Actual Total Time": 0.042, "Actual Rows": 2, "Actual Loops": 3, "Recheck Cond": "(id = mc.company_id)", "Rows Removed by Index Recheck": 0, "Filter": "(((country_code)::text <> '[pl]'::text) AND (((name)::text ~~ '%Film%'::text) OR ((name)::text ~~ '%Warner%'::text)))", "Rows Removed by Filter": 1, "Exact Heap Blocks": 3, "Lossy Heap Blocks": 3, "Plans": [{"Node Type": "Bitmap Index Scan", "Parent Relationship": "Outer", "Index Name": "company_name_pkey", "Startup Cost": 0.0, "Total Cost": 0.26, "Plan Rows": 1, "Plan Width": 0, "Actual Startup Time": 0.021, "Actual Total Time": 0.021, "Actual Rows": 3, "Actual Loops": 3, "Index Cond": "(id = mc.company_id)"}]}]}, {"Node Type": "Seq Scan", "Parent Relationship": "Inner", "Relation Name": "company_type", "Alias": "ct", "Startup Cost": 0.0, "Total Cost": 1.04, "Plan Rows": 1, "Plan Width": 4, "Actual Startup Time": 0.012, "Actual Total Time": 0.012, "Actual Rows": 2, "Actual Loops": 2, "Filter": "((kind)::text = 'production companies'::text)", "Rows Removed by Filter": 0}]}, {"Node Type": "Bitmap Heap Scan", "Parent Relationship": "Inner", "Relation Name": "movie_link", "Alias": "ml", "Startup Cost": 0.29, "Total Cost": 4.35, "Plan Rows": 5, "Plan Width": 8, "Actual Startup Time": 0.024, "Actual Total Time": 0.031, "Actual Rows": 38, "Actual Loops": 2, "Recheck Cond": "(movie_id = mk.movie_id)", "Rows Removed by Index Recheck": 0, "Exact Heap Blocks": 2, "Lossy Heap Blocks": 2, "Plans": [{"Node Type": "Bitmap Index Scan", "Parent Relationship": "Outer", "Index Name": "movie_id_movie_link", "Startup Cost": 0.0, "Total Cost": 0.29, "Plan Rows": 5, "Plan Width": 0, "Actual Startup Time": 0.012, "Actual Total Time": 0.012, "Actual Rows": 38, "Actual Loops": 2, "Index Cond": "(movie_id = mk.movie_id)"}]}]}, {"Node Type": "Seq Scan", "Parent Relationship": "Inner", "Relation Name": "link_type", "Alias": "lt", "Startup Cost": 0.0, "Total Cost": 1.21, "Plan Rows": 1, "Plan Width": 16, "Actual Startup Time": 0.292, "Actual Total Time": 0.292, "Actual Rows": 0, "Actual Loops": 38, "Filter": "((link)::text ~~ '%follows%'::text)", "Rows Removed by Filter": 646}]}]}, "Triggers": [], "Planner Runtime": 80.894, "Total Runtime": 140.522, "Unique SQL Id": 4121279504}}, "(64, 3)": {"explain_plan": {"Plan": {"Node Type": "Aggregate", "Strategy": "Plain", "Startup Cost": 3451.4, "Total Cost": 3451.41, "Plan Rows": 1, "Plan Width": 144, "Plans": [{"Node Type": "Nested Loop", "Parent Relationship": "Outer", "Join Type": "Inner", "Startup Cost": 725.2, "Total Cost": 3451.4, "Plan Rows": 1, "Plan Width": 48, "Inner Unique": true, "Plans": [{"Node Type": "Nested Loop", "Parent Relationship": "Outer", "Join Type": "Inner", "Startup Cost": 724.95, "Total Cost": 3447.11, "Plan Rows": 1, "Plan Width": 40, "Inner Unique": false, "Join Filter": "(t.id = ml.movie_id)", "Plans": [{"Node Type": "Nested Loop", "Parent Relationship": "Outer", "Join Type": "Inner", "Startup Cost": 724.66, "Total Cost": 3442.7, "Plan Rows": 1, "Plan Width": 48, "Inner Unique": true, "Plans": [{"Node Type": "Nested Loop", "Parent Relationship": "Outer", "Join Type": "Inner", "Startup Cost": 724.4, "Total Cost": 3438.42, "Plan Rows": 1, "Plan Width": 52, "Inner Unique": true, "Plans": [{"Node Type": "Nested Loop", "Parent Relationship": "Outer", "Join Type": "Inner", "Startup Cost": 724.14, "Total Cost": 3434.13, "Plan Rows": 1, "Plan Width": 37, "Inner Unique": false, "Join Filter": "(t.id = mc.movie_id)", "Plans": [{"Node Type": "Nested Loop", "Parent Relationship": "Outer", "Join Type": "Inner", "Startup Cost": 723.87, "Total Cost": 3429.8, "Plan Rows": 1, "Plan Width": 25, "Inner Unique": true, "Plans": [{"Node Type": "Nested Loop", "Parent Relationship": "Outer", "Join Type": "Inner", "Startup Cost": 723.6, "Total Cost": 3288.12, "Plan Rows": 33, "Plan Width": 4, "Inner Unique": false, "Plans": [{"Node Type": "Bitmap Heap Scan", "Parent Relationship": "Outer", "Relation Name": "keyword", "Alias": "k", "Startup Cost": 719.1, "Total Cost": 3155.21, "Plan Rows": 1, "Plan Width": 4, "Filter": "((keyword)::text = 'sequel'::text)", "Plans": [{"Node Type": "Bitmap Index Scan", "Parent Relationship": "Outer", "Index Name": "keyword_pkey", "Startup Cost": 0.0, "Total Cost": 719.1, "Plan Rows": 134169, "Plan Width": 0}]}, {"Node Type": "Bitmap Heap Scan", "Parent Relationship": "Inner", "Relation Name": "movie_keyword", "Alias": "mk", "Startup Cost": 4.51, "Total Cost": 132.58, "Plan Rows": 33, "Plan Width": 8, "Recheck Cond": "(keyword_id = k.id)", "Plans": [{"Node Type": "Bitmap Index Scan", "Parent Relationship": "Outer", "Index Name": "keyword_id_movie_keyword", "Startup Cost": 0.0, "Total Cost": 4.5, "Plan Rows": 33, "Plan Width": 0, "Index Cond": "(keyword_id = k.id)"}]}]}, {"Node Type": "Bitmap Heap Scan", "Parent Relationship": "Inner", "Relation Name": "title", "Alias": "t", "Startup Cost": 0.27, "Total Cost": 4.28, "Plan Rows": 1, "Plan Width": 21, "Recheck Cond": "(id = mk.movie_id)", "Filter": "(((title)::text ~~ '%Money%'::text) AND (production_year = 1998))", "Plans": [{"Node Type": "Bitmap Index Scan", "Parent Relationship": "Outer", "Index Name": "title_pkey", "Startup Cost": 0.0, "Total Cost": 0.27, "Plan Rows": 1, "Plan Width": 0, "Index Cond": "(id = mk.movie_id)"}]}]}, {"Node Type": "Bitmap Heap Scan", "Parent Relationship": "Inner", "Relation Name": "movie_companies", "Alias": "mc", "Startup Cost": 0.27, "Total Cost": 4.3, "Plan Rows": 2, "Plan Width": 12, "Recheck Cond": "(movie_id = mk.movie_id)", "Filter": "(note IS NULL)", "Plans": [{"Node Type": "Bitmap Index Scan", "Parent Relationship": "Outer", "Index Name": "movie_id_movie_companies", "Startup Cost": 0.0, "Total Cost": 0.27, "Plan Rows": 2, "Plan Width": 0, "Index Cond": "(movie_id = mk.movie_id)"}]}]}, {"Node Type": "Bitmap Heap Scan", "Parent Relationship": "Inner", "Relation Name": "company_name", "Alias": "cn", "Startup Cost": 0.26, "Total Cost": 4.28, "Plan Rows": 1, "Plan Width": 23, "Recheck Cond": "(id = mc.company_id)", "Filter": "(((country_code)::text <> '[pl]'::text) AND (((name)::text ~~ '%Film%'::text) OR ((name)::text ~~ '%Warner%'::text)))", "Plans": [{"Node Type": "Bitmap Index Scan", "Parent Relationship": "Outer", "Index Name": "company_name_pkey", "Startup Cost": 0.0, "Total Cost": 0.26, "Plan Rows": 1, "Plan Width": 0, "Index Cond": "(id = mc.company_id)"}]}]}, {"Node Type": "Bitmap Heap Scan", "Parent Relationship": "Inner", "Relation Name": "company_type", "Alias": "ct", "Startup Cost": 0.26, "Total Cost": 4.27, "Plan Rows": 1, "Plan Width": 4, "Recheck Cond": "(id = mc.company_type_id)", "Filter": "((kind)::text = 'production companies'::text)", "Plans": [{"Node Type": "Bitmap Index Scan", "Parent Relationship": "Outer", "Index Name": "company_type_pkey", "Startup Cost": 0.0, "Total Cost": 0.26, "Plan Rows": 1, "Plan Width": 0, "Index Cond": "(id = mc.company_type_id)"}]}]}, {"Node Type": "Bitmap Heap Scan", "Parent Relationship": "Inner", "Relation Name": "movie_link", "Alias": "ml", "Startup Cost": 0.29, "Total Cost": 4.35, "Plan Rows": 5, "Plan Width": 8, "Recheck Cond": "(movie_id = mk.movie_id)", "Plans": [{"Node Type": "Bitmap Index Scan", "Parent Relationship": "Outer", "Index Name": "movie_id_movie_link", "Startup Cost": 0.0, "Total Cost": 0.29, "Plan Rows": 5, "Plan Width": 0, "Index Cond": "(movie_id = mk.movie_id)"}]}]}, {"Node Type": "Bitmap Heap Scan", "Parent Relationship": "Inner", "Relation Name": "link_type", "Alias": "lt", "Startup Cost": 0.26, "Total Cost": 4.27, "Plan Rows": 1, "Plan Width": 16, "Recheck Cond": "(id = ml.link_type_id)", "Filter": "((link)::text ~~ '%follows%'::text)", "Plans": [{"Node Type": "Bitmap Index Scan", "Parent Relationship": "Outer", "Index Name": "link_type_pkey", "Startup Cost": 0.0, "Total Cost": 0.26, "Plan Rows": 1, "Plan Width": 0, "Index Cond": "(id = ml.link_type_id)"}]}]}]}, "Unique SQL Id": 4121279504}, "explain_analyze_plan": {"Plan": {"Node Type": "Aggregate", "Strategy": "Plain", "Startup Cost": 3451.4, "Total Cost": 3451.41, "Plan Rows": 1, "Plan Width": 144, "Actual Startup Time": 161.722, "Actual Total Time": 161.723, "Actual Rows": 1, "Actual Loops": 1, "Plans": [{"Node Type": "Nested Loop", "Parent Relationship": "Outer", "Join Type": "Inner", "Startup Cost": 725.2, "Total Cost": 3451.4, "Plan Rows": 1, "Plan Width": 48, "Actual Startup Time": 161.712, "Actual Total Time": 161.712, "Actual Rows": 0, "Actual Loops": 1, "Inner Unique": true, "Plans": [{"Node Type": "Nested Loop", "Parent Relationship": "Outer", "Join Type": "Inner", "Startup Cost": 724.95, "Total Cost": 3447.11, "Plan Rows": 1, "Plan Width": 40, "Actual Startup Time": 19.997, "Actual Total Time": 161.571, "Actual Rows": 38, "Actual Loops": 1, "Inner Unique": false, "Join Filter": "(t.id = ml.movie_id)", "Rows Removed by Join Filter": 0, "Plans": [{"Node Type": "Nested Loop", "Parent Relationship": "Outer", "Join Type": "Inner", "Startup Cost": 724.66, "Total Cost": 3442.7, "Plan Rows": 1, "Plan Width": 48, "Actual Startup Time": 19.97, "Actual Total Time": 161.514, "Actual Rows": 2, "Actual Loops": 1, "Inner Unique": true, "Plans": [{"Node Type": "Nested Loop", "Parent Relationship": "Outer", "Join Type": "Inner", "Startup Cost": 724.4, "Total Cost": 3438.42, "Plan Rows": 1, "Plan Width": 52, "Actual Startup Time": 19.958, "Actual Total Time": 161.497, "Actual Rows": 2, "Actual Loops": 1, "Inner Unique": true, "Plans": [{"Node Type": "Nested Loop", "Parent Relationship": "Outer", "Join Type": "Inner", "Startup Cost": 724.14, "Total Cost": 3434.13, "Plan Rows": 1, "Plan Width": 37, "Actual Startup Time": 19.933, "Actual Total Time": 161.449, "Actual Rows": 3, "Actual Loops": 1, "Inner Unique": false, "Join Filter": "(t.id = mc.movie_id)", "Rows Removed by Join Filter": 0, "Plans": [{"Node Type": "Nested Loop", "Parent Relationship": "Outer", "Join Type": "Inner", "Startup Cost": 723.87, "Total Cost": 3429.8, "Plan Rows": 1, "Plan Width": 25, "Actual Startup Time": 19.903, "Actual Total Time": 161.415, "Actual Rows": 1, "Actual Loops": 1, "Inner Unique": true, "Plans": [{"Node Type": "Nested Loop", "Parent Relationship": "Outer", "Join Type": "Inner", "Startup Cost": 723.6, "Total Cost": 3288.12, "Plan Rows": 33, "Plan Width": 4, "Actual Startup Time": 19.48, "Actual Total Time": 84.809, "Actual Rows": 10544, "Actual Loops": 1, "Inner Unique": false, "Plans": [{"Node Type": "Bitmap Heap Scan", "Parent Relationship": "Outer", "Relation Name": "keyword", "Alias": "k", "Startup Cost": 719.1, "Total Cost": 3155.21, "Plan Rows": 1, "Plan Width": 4, "Actual Startup Time": 16.533, "Actual Total Time": 64.286, "Actual Rows": 1, "Actual Loops": 1, "Filter": "((keyword)::text = 'sequel'::text)", "Rows Removed by Filter": 134168, "Exact Heap Blocks": 759, "Lossy Heap Blocks": 759, "Plans": [{"Node Type": "Bitmap Index Scan", "Parent Relationship": "Outer", "Index Name": "keyword_pkey", "Startup Cost": 0.0, "Total Cost": 719.1, "Plan Rows": 134169, "Plan Width": 0, "Actual Startup Time": 13.54, "Actual Total Time": 13.54, "Actual Rows": 134169, "Actual Loops": 1}]}, {"Node Type": "Bitmap Heap Scan", "Parent Relationship": "Inner", "Relation Name": "movie_keyword", "Alias": "mk", "Startup Cost": 4.51, "Total Cost": 132.58, "Plan Rows": 33, "Plan Width": 8, "Actual Startup Time": 2.933, "Actual Total Time": 18.397, "Actual Rows": 10544, "Actual Loops": 1, "Recheck Cond": "(keyword_id = k.id)", "Rows Removed by Index Recheck": 0, "Exact Heap Blocks": 5090, "Lossy Heap Blocks": 5090, "Plans": [{"Node Type": "Bitmap Index Scan", "Parent Relationship": "Outer", "Index Name": "keyword_id_movie_keyword", "Startup Cost": 0.0, "Total Cost": 4.5, "Plan Rows": 33, "Plan Width": 0, "Actual Startup Time": 2.017, "Actual Total Time": 2.017, "Actual Rows": 10544, "Actual Loops": 1, "Index Cond": "(keyword_id = k.id)"}]}]}, {"Node Type": "Bitmap Heap Scan", "Parent Relationship": "Inner", "Relation Name": "title", "Alias": "t", "Startup Cost": 0.27, "Total Cost": 4.28, "Plan Rows": 1, "Plan Width": 21, "Actual Startup Time": 64.824, "Actual Total Time": 64.824, "Actual Rows": 1, "Actual Loops": 10544, "Recheck Cond": "(id = mk.movie_id)", "Rows Removed by Index Recheck": 0, "Filter": "(((title)::text ~~ '%Money%'::text) AND (production_year = 1998))", "Rows Removed by Filter": 10543, "Exact Heap Blocks": 10544, "Lossy Heap Blocks": 10544, "Plans": [{"Node Type": "Bitmap Index Scan", "Parent Relationship": "Outer", "Index Name": "title_pkey", "Startup Cost": 0.0, "Total Cost": 0.27, "Plan Rows": 1, "Plan Width": 0, "Actual Startup Time": 31.063, "Actual Total Time": 31.063, "Actual Rows": 10544, "Actual Loops": 10544, "Index Cond": "(id = mk.movie_id)"}]}]}, {"Node Type": "Bitmap Heap Scan", "Parent Relationship": "Inner", "Relation Name": "movie_companies", "Alias": "mc", "Startup Cost": 0.27, "Total Cost": 4.3, "Plan Rows": 2, "Plan Width": 12, "Actual Startup Time": 0.024, "Actual Total Time": 0.025, "Actual Rows": 3, "Actual Loops": 1, "Recheck Cond": "(movie_id = mk.movie_id)", "Rows Removed by Index Recheck": 0, "Filter": "(note IS NULL)", "Rows Removed by Filter": 1, "Exact Heap Blocks": 2, "Lossy Heap Blocks": 2, "Plans": [{"Node Type": "Bitmap Index Scan", "Parent Relationship": "Outer", "Index Name": "movie_id_movie_companies", "Startup Cost": 0.0, "Total Cost": 0.27, "Plan Rows": 2, "Plan Width": 0, "Actual Startup Time": 0.012, "Actual Total Time": 0.012, "Actual Rows": 4, "Actual Loops": 1, "Index Cond": "(movie_id = mk.movie_id)"}]}]}, {"Node Type": "Bitmap Heap Scan", "Parent Relationship": "Inner", "Relation Name": "company_name", "Alias": "cn", "Startup Cost": 0.26, "Total Cost": 4.28, "Plan Rows": 1, "Plan Width": 23, "Actual Startup Time": 0.041, "Actual Total Time": 0.041, "Actual Rows": 2, "Actual Loops": 3, "Recheck Cond": "(id = mc.company_id)", "Rows Removed by Index Recheck": 0, "Filter": "(((country_code)::text <> '[pl]'::text) AND (((name)::text ~~ '%Film%'::text) OR ((name)::text ~~ '%Warner%'::text)))", "Rows Removed by Filter": 1, "Exact Heap Blocks": 3, "Lossy Heap Blocks": 3, "Plans": [{"Node Type": "Bitmap Index Scan", "Parent Relationship": "Outer", "Index Name": "company_name_pkey", "Startup Cost": 0.0, "Total Cost": 0.26, "Plan Rows": 1, "Plan Width": 0, "Actual Startup Time": 0.02, "Actual Total Time": 0.02, "Actual Rows": 3, "Actual Loops": 3, "Index Cond": "(id = mc.company_id)"}]}]}, {"Node Type": "Bitmap Heap Scan", "Parent Relationship": "Inner", "Relation Name": "company_type", "Alias": "ct", "Startup Cost": 0.26, "Total Cost": 4.27, "Plan Rows": 1, "Plan Width": 4, "Actual Startup Time": 0.013, "Actual Total Time": 0.013, "Actual Rows": 2, "Actual Loops": 2, "Recheck Cond": "(id = mc.company_type_id)", "Rows Removed by Index Recheck": 0, "Filter": "((kind)::text = 'production companies'::text)", "Rows Removed by Filter": 0, "Exact Heap Blocks": 2, "Lossy Heap Blocks": 2, "Plans": [{"Node Type": "Bitmap Index Scan", "Parent Relationship": "Outer", "Index Name": "company_type_pkey", "Startup Cost": 0.0, "Total Cost": 0.26, "Plan Rows": 1, "Plan Width": 0, "Actual Startup Time": 0.004, "Actual Total Time": 0.004, "Actual Rows": 2, "Actual Loops": 2, "Index Cond": "(id = mc.company_type_id)"}]}]}, {"Node Type": "Bitmap Heap Scan", "Parent Relationship": "Inner", "Relation Name": "movie_link", "Alias": "ml", "Startup Cost": 0.29, "Total Cost": 4.35, "Plan Rows": 5, "Plan Width": 8, "Actual Startup Time": 0.025, "Actual Total Time": 0.028, "Actual Rows": 38, "Actual Loops": 2, "Recheck Cond": "(movie_id = mk.movie_id)", "Rows Removed by Index Recheck": 0, "Exact Heap Blocks": 2, "Lossy Heap Blocks": 2, "Plans": [{"Node Type": "Bitmap Index Scan", "Parent Relationship": "Outer", "Index Name": "movie_id_movie_link", "Startup Cost": 0.0, "Total Cost": 0.29, "Plan Rows": 5, "Plan Width": 0, "Actual Startup Time": 0.013, "Actual Total Time": 0.013, "Actual Rows": 38, "Actual Loops": 2, "Index Cond": "(movie_id = mk.movie_id)"}]}]}, {"Node Type": "Bitmap Heap Scan", "Parent Relationship": "Inner", "Relation Name": "link_type", "Alias": "lt", "Startup Cost": 0.26, "Total Cost": 4.27, "Plan Rows": 1, "Plan Width": 16, "Actual Startup Time": 0.097, "Actual Total Time": 0.097, "Actual Rows": 0, "Actual Loops": 38, "Recheck Cond": "(id = ml.link_type_id)", "Rows Removed by Index Recheck": 0, "Filter": "((link)::text ~~ '%follows%'::text)", "Rows Removed by Filter": 24, "Exact Heap Blocks": 24, "Lossy Heap Blocks": 24, "Plans": [{"Node Type": "Bitmap Index Scan", "Parent Relationship": "Outer", "Index Name": "link_type_pkey", "Startup Cost": 0.0, "Total Cost": 0.26, "Plan Rows": 1, "Plan Width": 0, "Actual Startup Time": 0.039, "Actual Total Time": 0.039, "Actual Rows": 24, "Actual Loops": 38, "Index Cond": "(id = ml.link_type_id)"}]}]}]}, "Triggers": [], "Planner Runtime": 60.458, "Total Runtime": 162.221, "Unique SQL Id": 4121279504}}, "(64, 4)": {"explain_plan": {"Plan": {"Node Type": "Aggregate", "Strategy": "Plain", "Startup Cost": 2581.34, "Total Cost": 2581.35, "Plan Rows": 1, "Plan Width": 144, "Plans": [{"Node Type": "Nested Loop", "Parent Relationship": "Outer", "Join Type": "Inner", "Startup Cost": 4.51, "Total Cost": 2581.33, "Plan Rows": 1, "Plan Width": 48, "Inner Unique": true, "Plans": [{"Node Type": "Nested Loop", "Parent Relationship": "Outer", "Join Type": "Inner", "Startup Cost": 4.51, "Total Cost": 2581.05, "Plan Rows": 1, "Plan Width": 40, "Inner Unique": false, "Join Filter": "(t.id = ml.movie_id)", "Plans": [{"Node Type": "Nested Loop", "Parent Relationship": "Outer", "Join Type": "Inner", "Startup Cost": 4.51, "Total Cost": 2580.63, "Plan Rows": 1, "Plan Width": 48, "Inner Unique": true, "Plans": [{"Node Type": "Nested Loop", "Parent Relationship": "Outer", "Join Type": "Inner", "Startup Cost": 4.51, "Total Cost": 2580.35, "Plan Rows": 1, "Plan Width": 52, "Inner Unique": true, "Plans": [{"Node Type": "Nested Loop", "Parent Relationship": "Outer", "Join Type": "Inner", "Startup Cost": 4.51, "Total Cost": 2580.05, "Plan Rows": 1, "Plan Width": 37, "Inner Unique": false, "Join Filter": "(t.id = mc.movie_id)", "Plans": [{"Node Type": "Nested Loop", "Parent Relationship": "Outer", "Join Type": "Inner", "Startup Cost": 4.51, "Total Cost": 2579.71, "Plan Rows": 1, "Plan Width": 25, "Inner Unique": true, "Plans": [{"Node Type": "Nested Loop", "Parent Relationship": "Outer", "Join Type": "Inner", "Startup Cost": 4.51, "Total Cost": 2569.02, "Plan Rows": 33, "Plan Width": 4, "Inner Unique": false, "Plans": [{"Node Type": "Seq Scan", "Parent Relationship": "Outer", "Relation Name": "keyword", "Alias": "k", "Startup Cost": 0.0, "Total Cost": 2436.11, "Plan Rows": 1, "Plan Width": 4, "Filter": "((keyword)::text = 'sequel'::text)"}, {"Node Type": "Bitmap Heap Scan", "Parent Relationship": "Inner", "Relation Name": "movie_keyword", "Alias": "mk", "Startup Cost": 4.51, "Total Cost": 132.58, "Plan Rows": 33, "Plan Width": 8, "Recheck Cond": "(keyword_id = k.id)", "Plans": [{"Node Type": "Bitmap Index Scan", "Parent Relationship": "Outer", "Index Name": "keyword_id_movie_keyword", "Startup Cost": 0.0, "Total Cost": 4.5, "Plan Rows": 33, "Plan Width": 0, "Index Cond": "(keyword_id = k.id)"}]}]}, {"Node Type": "Index Scan", "Parent Relationship": "Inner", "Scan Direction": "Forward", "Index Name": "title_pkey", "Relation Name": "title", "Alias": "t", "Startup Cost": 0.0, "Total Cost": 0.31, "Plan Rows": 1, "Plan Width": 21, "Index Cond": "(id = mk.movie_id)", "Filter": "(((title)::text ~~ '%Money%'::text) AND (production_year = 1998))"}]}, {"Node Type": "Index Scan", "Parent Relationship": "Inner", "Scan Direction": "Forward", "Index Name": "movie_id_movie_companies", "Relation Name": "movie_companies", "Alias": "mc", "Startup Cost": 0.0, "Total Cost": 0.31, "Plan Rows": 2, "Plan Width": 12, "Index Cond": "(movie_id = mk.movie_id)", "Filter": "(note IS NULL)"}]}, {"Node Type": "Index Scan", "Parent Relationship": "Inner", "Scan Direction": "Forward", "Index Name": "company_name_pkey", "Relation Name": "company_name", "Alias": "cn", "Startup Cost": 0.0, "Total Cost": 0.29, "Plan Rows": 1, "Plan Width": 23, "Index Cond": "(id = mc.company_id)", "Filter": "(((country_code)::text <> '[pl]'::text) AND (((name)::text ~~ '%Film%'::text) OR ((name)::text ~~ '%Warner%'::text)))"}]}, {"Node Type": "Index Scan", "Parent Relationship": "Inner", "Scan Direction": "Forward", "Index Name": "company_type_pkey", "Relation Name": "company_type", "Alias": "ct", "Startup Cost": 0.0, "Total Cost": 0.27, "Plan Rows": 1, "Plan Width": 4, "Index Cond": "(id = mc.company_type_id)", "Filter": "((kind)::text = 'production companies'::text)"}]}, {"Node Type": "Index Scan", "Parent Relationship": "Inner", "Scan Direction": "Forward", "Index Name": "movie_id_movie_link", "Relation Name": "movie_link", "Alias": "ml", "Startup Cost": 0.0, "Total Cost": 0.35, "Plan Rows": 5, "Plan Width": 8, "Index Cond": "(movie_id = mk.movie_id)"}]}, {"Node Type": "Index Scan", "Parent Relationship": "Inner", "Scan Direction": "Forward", "Index Name": "link_type_pkey", "Relation Name": "link_type", "Alias": "lt", "Startup Cost": 0.0, "Total Cost": 0.27, "Plan Rows": 1, "Plan Width": 16, "Index Cond": "(id = ml.link_type_id)", "Filter": "((link)::text ~~ '%follows%'::text)"}]}]}, "Unique SQL Id": 4121279504}, "explain_analyze_plan": {"Plan": {"Node Type": "Aggregate", "Strategy": "Plain", "Startup Cost": 2581.34, "Total Cost": 2581.35, "Plan Rows": 1, "Plan Width": 144, "Actual Startup Time": 123.557, "Actual Total Time": 123.557, "Actual Rows": 1, "Actual Loops": 1, "Plans": [{"Node Type": "Nested Loop", "Parent Relationship": "Outer", "Join Type": "Inner", "Startup Cost": 4.51, "Total Cost": 2581.33, "Plan Rows": 1, "Plan Width": 48, "Actual Startup Time": 123.547, "Actual Total Time": 123.547, "Actual Rows": 0, "Actual Loops": 1, "Inner Unique": true, "Plans": [{"Node Type": "Nested Loop", "Parent Relationship": "Outer", "Join Type": "Inner", "Startup Cost": 4.51, "Total Cost": 2581.05, "Plan Rows": 1, "Plan Width": 40, "Actual Startup Time": 5.886, "Actual Total Time": 123.447, "Actual Rows": 38, "Actual Loops": 1, "Inner Unique": false, "Join Filter": "(t.id = ml.movie_id)", "Rows Removed by Join Filter": 0, "Plans": [{"Node Type": "Nested Loop", "Parent Relationship": "Outer", "Join Type": "Inner", "Startup Cost": 4.51, "Total Cost": 2580.63, "Plan Rows": 1, "Plan Width": 48, "Actual Startup Time": 5.866, "Actual Total Time": 123.392, "Actual Rows": 2, "Actual Loops": 1, "Inner Unique": true, "Plans": [{"Node Type": "Nested Loop", "Parent Relationship": "Outer", "Join Type": "Inner", "Startup Cost": 4.51, "Total Cost": 2580.35, "Plan Rows": 1, "Plan Width": 52, "Actual Startup Time": 5.855, "Actual Total Time": 123.377, "Actual Rows": 2, "Actual Loops": 1, "Inner Unique": true, "Plans": [{"Node Type": "Nested Loop", "Parent Relationship": "Outer", "Join Type": "Inner", "Startup Cost": 4.51, "Total Cost": 2580.05, "Plan Rows": 1, "Plan Width": 37, "Actual Startup Time": 5.834, "Actual Total Time": 123.335, "Actual Rows": 3, "Actual Loops": 1, "Inner Unique": false, "Join Filter": "(t.id = mc.movie_id)", "Rows Removed by Join Filter": 0, "Plans": [{"Node Type": "Nested Loop", "Parent Relationship": "Outer", "Join Type": "Inner", "Startup Cost": 4.51, "Total Cost": 2579.71, "Plan Rows": 1, "Plan Width": 25, "Actual Startup Time": 5.809, "Actual Total Time": 123.305, "Actual Rows": 1, "Actual Loops": 1, "Inner Unique": true, "Plans": [{"Node Type": "Nested Loop", "Parent Relationship": "Outer", "Join Type": "Inner", "Startup Cost": 4.51, "Total Cost": 2569.02, "Plan Rows": 33, "Plan Width": 4, "Actual Startup Time": 5.443, "Actual Total Time": 62.982, "Actual Rows": 10544, "Actual Loops": 1, "Inner Unique": false, "Plans": [{"Node Type": "Seq Scan", "Parent Relationship": "Outer", "Relation Name": "keyword", "Alias": "k", "Startup Cost": 0.0, "Total Cost": 2436.11, "Plan Rows": 1, "Plan Width": 4, "Actual Startup Time": 2.358, "Actual Total Time": 41.641, "Actual Rows": 1, "Actual Loops": 1, "Filter": "((keyword)::text = 'sequel'::text)", "Rows Removed by Filter": 134168}, {"Node Type": "Bitmap Heap Scan", "Parent Relationship": "Inner", "Relation Name": "movie_keyword", "Alias": "mk", "Startup Cost": 4.51, "Total Cost": 132.58, "Plan Rows": 33, "Plan Width": 8, "Actual Startup Time": 3.074, "Actual Total Time": 19.121, "Actual Rows": 10544, "Actual Loops": 1, "Recheck Cond": "(keyword_id = k.id)", "Rows Removed by Index Recheck": 0, "Exact Heap Blocks": 5090, "Lossy Heap Blocks": 5090, "Plans": [{"Node Type": "Bitmap Index Scan", "Parent Relationship": "Outer", "Index Name": "keyword_id_movie_keyword", "Startup Cost": 0.0, "Total Cost": 4.5, "Plan Rows": 33, "Plan Width": 0, "Actual Startup Time": 2.162, "Actual Total Time": 2.162, "Actual Rows": 10544, "Actual Loops": 1, "Index Cond": "(keyword_id = k.id)"}]}]}, {"Node Type": "Index Scan", "Parent Relationship": "Inner", "Scan Direction": "Forward", "Index Name": "title_pkey", "Relation Name": "title", "Alias": "t", "Startup Cost": 0.0, "Total Cost": 0.31, "Plan Rows": 1, "Plan Width": 21, "Actual Startup Time": 54.966, "Actual Total Time": 54.966, "Actual Rows": 1, "Actual Loops": 10544, "Index Cond": "(id = mk.movie_id)", "Rows Removed by Index Recheck": 0, "Filter": "(((title)::text ~~ '%Money%'::text) AND (production_year = 1998))", "Rows Removed by Filter": 10543}]}, {"Node Type": "Index Scan", "Parent Relationship": "Inner", "Scan Direction": "Forward", "Index Name": "movie_id_movie_companies", "Relation Name": "movie_companies", "Alias": "mc", "Startup Cost": 0.0, "Total Cost": 0.31, "Plan Rows": 2, "Plan Width": 12, "Actual Startup Time": 0.019, "Actual Total Time": 0.022, "Actual Rows": 3, "Actual Loops": 1, "Index Cond": "(movie_id = mk.movie_id)", "Rows Removed by Index Recheck": 0, "Filter": "(note IS NULL)", "Rows Removed by Filter": 1}]}, {"Node Type": "Index Scan", "Parent Relationship": "Inner", "Scan Direction": "Forward", "Index Name": "company_name_pkey", "Relation Name": "company_name", "Alias": "cn", "Startup Cost": 0.0, "Total Cost": 0.29, "Plan Rows": 1, "Plan Width": 23, "Actual Startup Time": 0.037, "Actual Total Time": 0.037, "Actual Rows": 2, "Actual Loops": 3, "Index Cond": "(id = mc.company_id)", "Rows Removed by Index Recheck": 0, "Filter": "(((country_code)::text <> '[pl]'::text) AND (((name)::text ~~ '%Film%'::text) OR ((name)::text ~~ '%Warner%'::text)))", "Rows Removed by Filter": 1}]}, {"Node Type": "Index Scan", "Parent Relationship": "Inner", "Scan Direction": "Forward", "Index Name": "company_type_pkey", "Relation Name": "company_type", "Alias": "ct", "Startup Cost": 0.0, "Total Cost": 0.27, "Plan Rows": 1, "Plan Width": 4, "Actual Startup Time": 0.011, "Actual Total Time": 0.011, "Actual Rows": 2, "Actual Loops": 2, "Index Cond": "(id = mc.company_type_id)", "Rows Removed by Index Recheck": 0, "Filter": "((kind)::text = 'production companies'::text)", "Rows Removed by Filter": 0}]}, {"Node Type": "Index Scan", "Parent Relationship": "Inner", "Scan Direction": "Forward", "Index Name": "movie_id_movie_link", "Relation Name": "movie_link", "Alias": "ml", "Startup Cost": 0.0, "Total Cost": 0.35, "Plan Rows": 5, "Plan Width": 8, "Actual Startup Time": 0.016, "Actual Total Time": 0.029, "Actual Rows": 38, "Actual Loops": 2, "Index Cond": "(movie_id = mk.movie_id)", "Rows Removed by Index Recheck": 0}]}, {"Node Type": "Index Scan", "Parent Relationship": "Inner", "Scan Direction": "Forward", "Index Name": "link_type_pkey", "Relation Name": "link_type", "Alias": "lt", "Startup Cost": 0.0, "Total Cost": 0.27, "Plan Rows": 1, "Plan Width": 16, "Actual Startup Time": 0.076, "Actual Total Time": 0.076, "Actual Rows": 0, "Actual Loops": 38, "Index Cond": "(id = ml.link_type_id)", "Rows Removed by Index Recheck": 0, "Filter": "((link)::text ~~ '%follows%'::text)", "Rows Removed by Filter": 24}]}]}, "Triggers": [], "Planner Runtime": 80.823, "Total Runtime": 124.133, "Unique SQL Id": 4121279504}}, "(64, 5)": {"explain_plan": {"Plan": {"Node Type": "Aggregate", "Strategy": "Plain", "Startup Cost": 3327.94, "Total Cost": 3327.95, "Plan Rows": 1, "Plan Width": 144, "Plans": [{"Node Type": "Nested Loop", "Parent Relationship": "Outer", "Join Type": "Inner", "Startup Cost": 4.51, "Total Cost": 3327.93, "Plan Rows": 1, "Plan Width": 48, "Inner Unique": true, "Plans": [{"Node Type": "Nested Loop", "Parent Relationship": "Outer", "Join Type": "Inner", "Startup Cost": 4.51, "Total Cost": 3327.65, "Plan Rows": 1, "Plan Width": 40, "Inner Unique": false, "Join Filter": "(t.id = ml.movie_id)", "Plans": [{"Node Type": "Nested Loop", "Parent Relationship": "Outer", "Join Type": "Inner", "Startup Cost": 4.51, "Total Cost": 3327.24, "Plan Rows": 1, "Plan Width": 48, "Inner Unique": true, "Plans": [{"Node Type": "Nested Loop", "Parent Relationship": "Outer", "Join Type": "Inner", "Startup Cost": 4.51, "Total Cost": 3326.95, "Plan Rows": 1, "Plan Width": 52, "Inner Unique": true, "Plans": [{"Node Type": "Nested Loop", "Parent Relationship": "Outer", "Join Type": "Inner", "Startup Cost": 4.51, "Total Cost": 3326.66, "Plan Rows": 1, "Plan Width": 37, "Inner Unique": false, "Join Filter": "(t.id = mc.movie_id)", "Plans": [{"Node Type": "Nested Loop", "Parent Relationship": "Outer", "Join Type": "Inner", "Startup Cost": 4.51, "Total Cost": 3326.32, "Plan Rows": 1, "Plan Width": 25, "Inner Unique": true, "Plans": [{"Node Type": "Nested Loop", "Parent Relationship": "Outer", "Join Type": "Inner", "Startup Cost": 4.51, "Total Cost": 3315.63, "Plan Rows": 33, "Plan Width": 4, "Inner Unique": false, "Plans": [{"Node Type": "Index Scan", "Parent Relationship": "Outer", "Scan Direction": "Forward", "Index Name": "keyword_pkey", "Relation Name": "keyword", "Alias": "k", "Startup Cost": 0.0, "Total Cost": 3182.72, "Plan Rows": 1, "Plan Width": 4, "Filter": "((keyword)::text = 'sequel'::text)"}, {"Node Type": "Bitmap Heap Scan", "Parent Relationship": "Inner", "Relation Name": "movie_keyword", "Alias": "mk", "Startup Cost": 4.51, "Total Cost": 132.58, "Plan Rows": 33, "Plan Width": 8, "Recheck Cond": "(keyword_id = k.id)", "Plans": [{"Node Type": "Bitmap Index Scan", "Parent Relationship": "Outer", "Index Name": "keyword_id_movie_keyword", "Startup Cost": 0.0, "Total Cost": 4.5, "Plan Rows": 33, "Plan Width": 0, "Index Cond": "(keyword_id = k.id)"}]}]}, {"Node Type": "Index Scan", "Parent Relationship": "Inner", "Scan Direction": "Forward", "Index Name": "title_pkey", "Relation Name": "title", "Alias": "t", "Startup Cost": 0.0, "Total Cost": 0.31, "Plan Rows": 1, "Plan Width": 21, "Index Cond": "(id = mk.movie_id)", "Filter": "(((title)::text ~~ '%Money%'::text) AND (production_year = 1998))"}]}, {"Node Type": "Index Scan", "Parent Relationship": "Inner", "Scan Direction": "Forward", "Index Name": "movie_id_movie_companies", "Relation Name": "movie_companies", "Alias": "mc", "Startup Cost": 0.0, "Total Cost": 0.31, "Plan Rows": 2, "Plan Width": 12, "Index Cond": "(movie_id = mk.movie_id)", "Filter": "(note IS NULL)"}]}, {"Node Type": "Index Scan", "Parent Relationship": "Inner", "Scan Direction": "Forward", "Index Name": "company_name_pkey", "Relation Name": "company_name", "Alias": "cn", "Startup Cost": 0.0, "Total Cost": 0.29, "Plan Rows": 1, "Plan Width": 23, "Index Cond": "(id = mc.company_id)", "Filter": "(((country_code)::text <> '[pl]'::text) AND (((name)::text ~~ '%Film%'::text) OR ((name)::text ~~ '%Warner%'::text)))"}]}, {"Node Type": "Index Scan", "Parent Relationship": "Inner", "Scan Direction": "Forward", "Index Name": "company_type_pkey", "Relation Name": "company_type", "Alias": "ct", "Startup Cost": 0.0, "Total Cost": 0.27, "Plan Rows": 1, "Plan Width": 4, "Index Cond": "(id = mc.company_type_id)", "Filter": "((kind)::text = 'production companies'::text)"}]}, {"Node Type": "Index Scan", "Parent Relationship": "Inner", "Scan Direction": "Forward", "Index Name": "movie_id_movie_link", "Relation Name": "movie_link", "Alias": "ml", "Startup Cost": 0.0, "Total Cost": 0.35, "Plan Rows": 5, "Plan Width": 8, "Index Cond": "(movie_id = mk.movie_id)"}]}, {"Node Type": "Index Scan", "Parent Relationship": "Inner", "Scan Direction": "Forward", "Index Name": "link_type_pkey", "Relation Name": "link_type", "Alias": "lt", "Startup Cost": 0.0, "Total Cost": 0.27, "Plan Rows": 1, "Plan Width": 16, "Index Cond": "(id = ml.link_type_id)", "Filter": "((link)::text ~~ '%follows%'::text)"}]}]}, "Unique SQL Id": 4121279504}, "explain_analyze_plan": {"Plan": {"Node Type": "Aggregate", "Strategy": "Plain", "Startup Cost": 3327.94, "Total Cost": 3327.95, "Plan Rows": 1, "Plan Width": 144, "Actual Startup Time": 206.836, "Actual Total Time": 206.836, "Actual Rows": 1, "Actual Loops": 1, "Plans": [{"Node Type": "Nested Loop", "Parent Relationship": "Outer", "Join Type": "Inner", "Startup Cost": 4.51, "Total Cost": 3327.93, "Plan Rows": 1, "Plan Width": 48, "Actual Startup Time": 206.83, "Actual Total Time": 206.83, "Actual Rows": 0, "Actual Loops": 1, "Inner Unique": true, "Plans": [{"Node Type": "Nested Loop", "Parent Relationship": "Outer", "Join Type": "Inner", "Startup Cost": 4.51, "Total Cost": 3327.65, "Plan Rows": 1, "Plan Width": 40, "Actual Startup Time": 4.134, "Actual Total Time": 206.74, "Actual Rows": 38, "Actual Loops": 1, "Inner Unique": false, "Join Filter": "(t.id = ml.movie_id)", "Rows Removed by Join Filter": 0, "Plans": [{"Node Type": "Nested Loop", "Parent Relationship": "Outer", "Join Type": "Inner", "Startup Cost": 4.51, "Total Cost": 3327.24, "Plan Rows": 1, "Plan Width": 48, "Actual Startup Time": 4.119, "Actual Total Time": 206.686, "Actual Rows": 2, "Actual Loops": 1, "Inner Unique": true, "Plans": [{"Node Type": "Nested Loop", "Parent Relationship": "Outer", "Join Type": "Inner", "Startup Cost": 4.51, "Total Cost": 3326.95, "Plan Rows": 1, "Plan Width": 52, "Actual Startup Time": 4.11, "Actual Total Time": 206.673, "Actual Rows": 2, "Actual Loops": 1, "Inner Unique": true, "Plans": [{"Node Type": "Nested Loop", "Parent Relationship": "Outer", "Join Type": "Inner", "Startup Cost": 4.51, "Total Cost": 3326.66, "Plan Rows": 1, "Plan Width": 37, "Actual Startup Time": 4.093, "Actual Total Time": 206.639, "Actual Rows": 3, "Actual Loops": 1, "Inner Unique": false, "Join Filter": "(t.id = mc.movie_id)", "Rows Removed by Join Filter": 0, "Plans": [{"Node Type": "Nested Loop", "Parent Relationship": "Outer", "Join Type": "Inner", "Startup Cost": 4.51, "Total Cost": 3326.32, "Plan Rows": 1, "Plan Width": 25, "Actual Startup Time": 4.075, "Actual Total Time": 206.617, "Actual Rows": 1, "Actual Loops": 1, "Inner Unique": true, "Plans": [{"Node Type": "Nested Loop", "Parent Relationship": "Outer", "Join Type": "Inner", "Startup Cost": 4.51, "Total Cost": 3315.63, "Plan Rows": 33, "Plan Width": 4, "Actual Startup Time": 3.756, "Actual Total Time": 147.383, "Actual Rows": 10544, "Actual Loops": 1, "Inner Unique": false, "Plans": [{"Node Type": "Index Scan", "Parent Relationship": "Outer", "Scan Direction": "Forward", "Index Name": "keyword_pkey", "Relation Name": "keyword", "Alias": "k", "Startup Cost": 0.0, "Total Cost": 3182.72, "Plan Rows": 1, "Plan Width": 4, "Actual Startup Time": 0.512, "Actual Total Time": 126.311, "Actual Rows": 1, "Actual Loops": 1, "Filter": "((keyword)::text = 'sequel'::text)", "Rows Removed by Filter": 134168}, {"Node Type": "Bitmap Heap Scan", "Parent Relationship": "Inner", "Relation Name": "movie_keyword", "Alias": "mk", "Startup Cost": 4.51, "Total Cost": 132.58, "Plan Rows": 33, "Plan Width": 8, "Actual Startup Time": 3.236, "Actual Total Time": 18.868, "Actual Rows": 10544, "Actual Loops": 1, "Recheck Cond": "(keyword_id = k.id)", "Rows Removed by Index Recheck": 0, "Exact Heap Blocks": 5090, "Lossy Heap Blocks": 5090, "Plans": [{"Node Type": "Bitmap Index Scan", "Parent Relationship": "Outer", "Index Name": "keyword_id_movie_keyword", "Startup Cost": 0.0, "Total Cost": 4.5, "Plan Rows": 33, "Plan Width": 0, "Actual Startup Time": 2.291, "Actual Total Time": 2.291, "Actual Rows": 10544, "Actual Loops": 1, "Index Cond": "(keyword_id = k.id)"}]}]}, {"Node Type": "Index Scan", "Parent Relationship": "Inner", "Scan Direction": "Forward", "Index Name": "title_pkey", "Relation Name": "title", "Alias": "t", "Startup Cost": 0.0, "Total Cost": 0.31, "Plan Rows": 1, "Plan Width": 21, "Actual Startup Time": 53.865, "Actual Total Time": 53.865, "Actual Rows": 1, "Actual Loops": 10544, "Index Cond": "(id = mk.movie_id)", "Rows Removed by Index Recheck": 0, "Filter": "(((title)::text ~~ '%Money%'::text) AND (production_year = 1998))", "Rows Removed by Filter": 10543}]}, {"Node Type": "Index Scan", "Parent Relationship": "Inner", "Scan Direction": "Forward", "Index Name": "movie_id_movie_companies", "Relation Name": "movie_companies", "Alias": "mc", "Startup Cost": 0.0, "Total Cost": 0.31, "Plan Rows": 2, "Plan Width": 12, "Actual Startup Time": 0.015, "Actual Total Time": 0.018, "Actual Rows": 3, "Actual Loops": 1, "Index Cond": "(movie_id = mk.movie_id)", "Rows Removed by Index Recheck": 0, "Filter": "(note IS NULL)", "Rows Removed by Filter": 1}]}, {"Node Type": "Index Scan", "Parent Relationship": "Inner", "Scan Direction": "Forward", "Index Name": "company_name_pkey", "Relation Name": "company_name", "Alias": "cn", "Startup Cost": 0.0, "Total Cost": 0.29, "Plan Rows": 1, "Plan Width": 23, "Actual Startup Time": 0.028, "Actual Total Time": 0.028, "Actual Rows": 2, "Actual Loops": 3, "Index Cond": "(id = mc.company_id)", "Rows Removed by Index Recheck": 0, "Filter": "(((country_code)::text <> '[pl]'::text) AND (((name)::text ~~ '%Film%'::text) OR ((name)::text ~~ '%Warner%'::text)))", "Rows Removed by Filter": 1}]}, {"Node Type": "Index Scan", "Parent Relationship": "Inner", "Scan Direction": "Forward", "Index Name": "company_type_pkey", "Relation Name": "company_type", "Alias": "ct", "Startup Cost": 0.0, "Total Cost": 0.27, "Plan Rows": 1, "Plan Width": 4, "Actual Startup Time": 0.009, "Actual Total Time": 0.009, "Actual Rows": 2, "Actual Loops": 2, "Index Cond": "(id = mc.company_type_id)", "Rows Removed by Index Recheck": 0, "Filter": "((kind)::text = 'production companies'::text)", "Rows Removed by Filter": 0}]}, {"Node Type": "Index Scan", "Parent Relationship": "Inner", "Scan Direction": "Forward", "Index Name": "movie_id_movie_link", "Relation Name": "movie_link", "Alias": "ml", "Startup Cost": 0.0, "Total Cost": 0.35, "Plan Rows": 5, "Plan Width": 8, "Actual Startup Time": 0.013, "Actual Total Time": 0.03, "Actual Rows": 38, "Actual Loops": 2, "Index Cond": "(movie_id = mk.movie_id)", "Rows Removed by Index Recheck": 0}]}, {"Node Type": "Index Scan", "Parent Relationship": "Inner", "Scan Direction": "Forward", "Index Name": "link_type_pkey", "Relation Name": "link_type", "Alias": "lt", "Startup Cost": 0.0, "Total Cost": 0.27, "Plan Rows": 1, "Plan Width": 16, "Actual Startup Time": 0.072, "Actual Total Time": 0.072, "Actual Rows": 0, "Actual Loops": 38, "Index Cond": "(id = ml.link_type_id)", "Rows Removed by Index Recheck": 0, "Filter": "((link)::text ~~ '%follows%'::text)", "Rows Removed by Filter": 24}]}]}, "Triggers": [], "Planner Runtime": 70.618, "Total Runtime": 207.306, "Unique SQL Id": 4121279504}}, "(64, 6)": {"explain_plan": {"Plan": {"Node Type": "Aggregate", "Strategy": "Plain", "Startup Cost": 2726.02, "Total Cost": 2726.03, "Plan Rows": 1, "Plan Width": 144, "Plans": [{"Node Type": "Nested Loop", "Parent Relationship": "Outer", "Join Type": "Inner", "Startup Cost": 5.59, "Total Cost": 2726.01, "Plan Rows": 1, "Plan Width": 48, "Inner Unique": true, "Join Filter": "(ml.link_type_id = lt.id)", "Plans": [{"Node Type": "Nested Loop", "Parent Relationship": "Outer", "Join Type": "Inner", "Startup Cost": 5.59, "Total Cost": 2724.78, "Plan Rows": 1, "Plan Width": 40, "Inner Unique": false, "Join Filter": "(t.id = ml.movie_id)", "Plans": [{"Node Type": "Nested Loop", "Parent Relationship": "Outer", "Join Type": "Inner", "Startup Cost": 5.3, "Total Cost": 2720.37, "Plan Rows": 1, "Plan Width": 48, "Inner Unique": true, "Join Filter": "(mc.company_type_id = ct.id)", "Plans": [{"Node Type": "Nested Loop", "Parent Relationship": "Outer", "Join Type": "Inner", "Startup Cost": 5.3, "Total Cost": 2719.32, "Plan Rows": 1, "Plan Width": 52, "Inner Unique": true, "Plans": [{"Node Type": "Nested Loop", "Parent Relationship": "Outer", "Join Type": "Inner", "Startup Cost": 5.05, "Total Cost": 2715.03, "Plan Rows": 1, "Plan Width": 37, "Inner Unique": false, "Join Filter": "(t.id = mc.movie_id)", "Plans": [{"Node Type": "Nested Loop", "Parent Relationship": "Outer", "Join Type": "Inner", "Startup Cost": 4.77, "Total Cost": 2710.71, "Plan Rows": 1, "Plan Width": 25, "Inner Unique": true, "Plans": [{"Node Type": "Nested Loop", "Parent Relationship": "Outer", "Join Type": "Inner", "Startup Cost": 4.51, "Total Cost": 2569.02, "Plan Rows": 33, "Plan Width": 4, "Inner Unique": false, "Plans": [{"Node Type": "Seq Scan", "Parent Relationship": "Outer", "Relation Name": "keyword", "Alias": "k", "Startup Cost": 0.0, "Total Cost": 2436.11, "Plan Rows": 1, "Plan Width": 4, "Filter": "((keyword)::text = 'sequel'::text)"}, {"Node Type": "Bitmap Heap Scan", "Parent Relationship": "Inner", "Relation Name": "movie_keyword", "Alias": "mk", "Startup Cost": 4.51, "Total Cost": 132.58, "Plan Rows": 33, "Plan Width": 8, "Recheck Cond": "(keyword_id = k.id)", "Plans": [{"Node Type": "Bitmap Index Scan", "Parent Relationship": "Outer", "Index Name": "keyword_id_movie_keyword", "Startup Cost": 0.0, "Total Cost": 4.5, "Plan Rows": 33, "Plan Width": 0, "Index Cond": "(keyword_id = k.id)"}]}]}, {"Node Type": "Bitmap Heap Scan", "Parent Relationship": "Inner", "Relation Name": "title", "Alias": "t", "Startup Cost": 0.27, "Total Cost": 4.28, "Plan Rows": 1, "Plan Width": 21, "Recheck Cond": "(id = mk.movie_id)", "Filter": "(((title)::text ~~ '%Money%'::text) AND (production_year = 1998))", "Plans": [{"Node Type": "Bitmap Index Scan", "Parent Relationship": "Outer", "Index Name": "title_pkey", "Startup Cost": 0.0, "Total Cost": 0.27, "Plan Rows": 1, "Plan Width": 0, "Index Cond": "(id = mk.movie_id)"}]}]}, {"Node Type": "Bitmap Heap Scan", "Parent Relationship": "Inner", "Relation Name": "movie_companies", "Alias": "mc", "Startup Cost": 0.27, "Total Cost": 4.3, "Plan Rows": 2, "Plan Width": 12, "Recheck Cond": "(movie_id = mk.movie_id)", "Filter": "(note IS NULL)", "Plans": [{"Node Type": "Bitmap Index Scan", "Parent Relationship": "Outer", "Index Name": "movie_id_movie_companies", "Startup Cost": 0.0, "Total Cost": 0.27, "Plan Rows": 2, "Plan Width": 0, "Index Cond": "(movie_id = mk.movie_id)"}]}]}, {"Node Type": "Bitmap Heap Scan", "Parent Relationship": "Inner", "Relation Name": "company_name", "Alias": "cn", "Startup Cost": 0.26, "Total Cost": 4.28, "Plan Rows": 1, "Plan Width": 23, "Recheck Cond": "(id = mc.company_id)", "Filter": "(((country_code)::text <> '[pl]'::text) AND (((name)::text ~~ '%Film%'::text) OR ((name)::text ~~ '%Warner%'::text)))", "Plans": [{"Node Type": "Bitmap Index Scan", "Parent Relationship": "Outer", "Index Name": "company_name_pkey", "Startup Cost": 0.0, "Total Cost": 0.26, "Plan Rows": 1, "Plan Width": 0, "Index Cond": "(id = mc.company_id)"}]}]}, {"Node Type": "Seq Scan", "Parent Relationship": "Inner", "Relation Name": "company_type", "Alias": "ct", "Startup Cost": 0.0, "Total Cost": 1.04, "Plan Rows": 1, "Plan Width": 4, "Filter": "((kind)::text = 'production companies'::text)"}]}, {"Node Type": "Bitmap Heap Scan", "Parent Relationship": "Inner", "Relation Name": "movie_link", "Alias": "ml", "Startup Cost": 0.29, "Total Cost": 4.35, "Plan Rows": 5, "Plan Width": 8, "Recheck Cond": "(movie_id = mk.movie_id)", "Plans": [{"Node Type": "Bitmap Index Scan", "Parent Relationship": "Outer", "Index Name": "movie_id_movie_link", "Startup Cost": 0.0, "Total Cost": 0.29, "Plan Rows": 5, "Plan Width": 0, "Index Cond": "(movie_id = mk.movie_id)"}]}]}, {"Node Type": "Seq Scan", "Parent Relationship": "Inner", "Relation Name": "link_type", "Alias": "lt", "Startup Cost": 0.0, "Total Cost": 1.21, "Plan Rows": 1, "Plan Width": 16, "Filter": "((link)::text ~~ '%follows%'::text)"}]}]}, "Unique SQL Id": 4121279504}, "explain_analyze_plan": {"Plan": {"Node Type": "Aggregate", "Strategy": "Plain", "Startup Cost": 2726.02, "Total Cost": 2726.03, "Plan Rows": 1, "Plan Width": 144, "Actual Startup Time": 139.861, "Actual Total Time": 139.862, "Actual Rows": 1, "Actual Loops": 1, "Plans": [{"Node Type": "Nested Loop", "Parent Relationship": "Outer", "Join Type": "Inner", "Startup Cost": 5.59, "Total Cost": 2726.01, "Plan Rows": 1, "Plan Width": 48, "Actual Startup Time": 139.85, "Actual Total Time": 139.85, "Actual Rows": 0, "Actual Loops": 1, "Inner Unique": true, "Join Filter": "(ml.link_type_id = lt.id)", "Rows Removed by Join Filter": 0, "Plans": [{"Node Type": "Nested Loop", "Parent Relationship": "Outer", "Join Type": "Inner", "Startup Cost": 5.59, "Total Cost": 2724.78, "Plan Rows": 1, "Plan Width": 40, "Actual Startup Time": 5.83, "Actual Total Time": 139.523, "Actual Rows": 38, "Actual Loops": 1, "Inner Unique": false, "Join Filter": "(t.id = ml.movie_id)", "Rows Removed by Join Filter": 0, "Plans": [{"Node Type": "Nested Loop", "Parent Relationship": "Outer", "Join Type": "Inner", "Startup Cost": 5.3, "Total Cost": 2720.37, "Plan Rows": 1, "Plan Width": 48, "Actual Startup Time": 5.81, "Actual Total Time": 139.475, "Actual Rows": 2, "Actual Loops": 1, "Inner Unique": true, "Join Filter": "(mc.company_type_id = ct.id)", "Rows Removed by Join Filter": 0, "Plans": [{"Node Type": "Nested Loop", "Parent Relationship": "Outer", "Join Type": "Inner", "Startup Cost": 5.3, "Total Cost": 2719.32, "Plan Rows": 1, "Plan Width": 52, "Actual Startup Time": 5.795, "Actual Total Time": 139.457, "Actual Rows": 2, "Actual Loops": 1, "Inner Unique": true, "Plans": [{"Node Type": "Nested Loop", "Parent Relationship": "Outer", "Join Type": "Inner", "Startup Cost": 5.05, "Total Cost": 2715.03, "Plan Rows": 1, "Plan Width": 37, "Actual Startup Time": 5.772, "Actual Total Time": 139.409, "Actual Rows": 3, "Actual Loops": 1, "Inner Unique": false, "Join Filter": "(t.id = mc.movie_id)", "Rows Removed by Join Filter": 0, "Plans": [{"Node Type": "Nested Loop", "Parent Relationship": "Outer", "Join Type": "Inner", "Startup Cost": 4.77, "Total Cost": 2710.71, "Plan Rows": 1, "Plan Width": 25, "Actual Startup Time": 5.729, "Actual Total Time": 139.363, "Actual Rows": 1, "Actual Loops": 1, "Inner Unique": true, "Plans": [{"Node Type": "Nested Loop", "Parent Relationship": "Outer", "Join Type": "Inner", "Startup Cost": 4.51, "Total Cost": 2569.02, "Plan Rows": 33, "Plan Width": 4, "Actual Startup Time": 5.307, "Actual Total Time": 62.033, "Actual Rows": 10544, "Actual Loops": 1, "Inner Unique": false, "Plans": [{"Node Type": "Seq Scan", "Parent Relationship": "Outer", "Relation Name": "keyword", "Alias": "k", "Startup Cost": 0.0, "Total Cost": 2436.11, "Plan Rows": 1, "Plan Width": 4, "Actual Startup Time": 2.376, "Actual Total Time": 41.622, "Actual Rows": 1, "Actual Loops": 1, "Filter": "((keyword)::text = 'sequel'::text)", "Rows Removed by Filter": 134168}, {"Node Type": "Bitmap Heap Scan", "Parent Relationship": "Inner", "Relation Name": "movie_keyword", "Alias": "mk", "Startup Cost": 4.51, "Total Cost": 132.58, "Plan Rows": 33, "Plan Width": 8, "Actual Startup Time": 2.922, "Actual Total Time": 18.246, "Actual Rows": 10544, "Actual Loops": 1, "Recheck Cond": "(keyword_id = k.id)", "Rows Removed by Index Recheck": 0, "Exact Heap Blocks": 5090, "Lossy Heap Blocks": 5090, "Plans": [{"Node Type": "Bitmap Index Scan", "Parent Relationship": "Outer", "Index Name": "keyword_id_movie_keyword", "Startup Cost": 0.0, "Total Cost": 4.5, "Plan Rows": 33, "Plan Width": 0, "Actual Startup Time": 1.992, "Actual Total Time": 1.992, "Actual Rows": 10544, "Actual Loops": 1, "Index Cond": "(keyword_id = k.id)"}]}]}, {"Node Type": "Bitmap Heap Scan", "Parent Relationship": "Inner", "Relation Name": "title", "Alias": "t", "Startup Cost": 0.27, "Total Cost": 4.28, "Plan Rows": 1, "Plan Width": 21, "Actual Startup Time": 65.637, "Actual Total Time": 65.637, "Actual Rows": 1, "Actual Loops": 10544, "Recheck Cond": "(id = mk.movie_id)", "Rows Removed by Index Recheck": 0, "Filter": "(((title)::text ~~ '%Money%'::text) AND (production_year = 1998))", "Rows Removed by Filter": 10543, "Exact Heap Blocks": 10544, "Lossy Heap Blocks": 10544, "Plans": [{"Node Type": "Bitmap Index Scan", "Parent Relationship": "Outer", "Index Name": "title_pkey", "Startup Cost": 0.0, "Total Cost": 0.27, "Plan Rows": 1, "Plan Width": 0, "Actual Startup Time": 31.501, "Actual Total Time": 31.501, "Actual Rows": 10544, "Actual Loops": 10544, "Index Cond": "(id = mk.movie_id)"}]}]}, {"Node Type": "Bitmap Heap Scan", "Parent Relationship": "Inner", "Relation Name": "movie_companies", "Alias": "mc", "Startup Cost": 0.27, "Total Cost": 4.3, "Plan Rows": 2, "Plan Width": 12, "Actual Startup Time": 0.035, "Actual Total Time": 0.036, "Actual Rows": 3, "Actual Loops": 1, "Recheck Cond": "(movie_id = mk.movie_id)", "Rows Removed by Index Recheck": 0, "Filter": "(note IS NULL)", "Rows Removed by Filter": 1, "Exact Heap Blocks": 2, "Lossy Heap Blocks": 2, "Plans": [{"Node Type": "Bitmap Index Scan", "Parent Relationship": "Outer", "Index Name": "movie_id_movie_companies", "Startup Cost": 0.0, "Total Cost": 0.27, "Plan Rows": 2, "Plan Width": 0, "Actual Startup Time": 0.011, "Actual Total Time": 0.011, "Actual Rows": 4, "Actual Loops": 1, "Index Cond": "(movie_id = mk.movie_id)"}]}]}, {"Node Type": "Bitmap Heap Scan", "Parent Relationship": "Inner", "Relation Name": "company_name", "Alias": "cn", "Startup Cost": 0.26, "Total Cost": 4.28, "Plan Rows": 1, "Plan Width": 23, "Actual Startup Time": 0.042, "Actual Total Time": 0.042, "Actual Rows": 2, "Actual Loops": 3, "Recheck Cond": "(id = mc.company_id)", "Rows Removed by Index Recheck": 0, "Filter": "(((country_code)::text <> '[pl]'::text) AND (((name)::text ~~ '%Film%'::text) OR ((name)::text ~~ '%Warner%'::text)))", "Rows Removed by Filter": 1, "Exact Heap Blocks": 3, "Lossy Heap Blocks": 3, "Plans": [{"Node Type": "Bitmap Index Scan", "Parent Relationship": "Outer", "Index Name": "company_name_pkey", "Startup Cost": 0.0, "Total Cost": 0.26, "Plan Rows": 1, "Plan Width": 0, "Actual Startup Time": 0.021, "Actual Total Time": 0.021, "Actual Rows": 3, "Actual Loops": 3, "Index Cond": "(id = mc.company_id)"}]}]}, {"Node Type": "Seq Scan", "Parent Relationship": "Inner", "Relation Name": "company_type", "Alias": "ct", "Startup Cost": 0.0, "Total Cost": 1.04, "Plan Rows": 1, "Plan Width": 4, "Actual Startup Time": 0.012, "Actual Total Time": 0.012, "Actual Rows": 2, "Actual Loops": 2, "Filter": "((kind)::text = 'production companies'::text)", "Rows Removed by Filter": 0}]}, {"Node Type": "Bitmap Heap Scan", "Parent Relationship": "Inner", "Relation Name": "movie_link", "Alias": "ml", "Startup Cost": 0.29, "Total Cost": 4.35, "Plan Rows": 5, "Plan Width": 8, "Actual Startup Time": 0.024, "Actual Total Time": 0.031, "Actual Rows": 38, "Actual Loops": 2, "Recheck Cond": "(movie_id = mk.movie_id)", "Rows Removed by Index Recheck": 0, "Exact Heap Blocks": 2, "Lossy Heap Blocks": 2, "Plans": [{"Node Type": "Bitmap Index Scan", "Parent Relationship": "Outer", "Index Name": "movie_id_movie_link", "Startup Cost": 0.0, "Total Cost": 0.29, "Plan Rows": 5, "Plan Width": 0, "Actual Startup Time": 0.012, "Actual Total Time": 0.012, "Actual Rows": 38, "Actual Loops": 2, "Index Cond": "(movie_id = mk.movie_id)"}]}]}, {"Node Type": "Seq Scan", "Parent Relationship": "Inner", "Relation Name": "link_type", "Alias": "lt", "Startup Cost": 0.0, "Total Cost": 1.21, "Plan Rows": 1, "Plan Width": 16, "Actual Startup Time": 0.292, "Actual Total Time": 0.292, "Actual Rows": 0, "Actual Loops": 38, "Filter": "((link)::text ~~ '%follows%'::text)", "Rows Removed by Filter": 646}]}]}, "Triggers": [], "Planner Runtime": 80.894, "Total Runtime": 140.522, "Unique SQL Id": 4121279504}}, "(64, 7)": {"explain_plan": {"Plan": {"Node Type": "Aggregate", "Strategy": "Plain", "Startup Cost": 3451.4, "Total Cost": 3451.41, "Plan Rows": 1, "Plan Width": 144, "Plans": [{"Node Type": "Nested Loop", "Parent Relationship": "Outer", "Join Type": "Inner", "Startup Cost": 725.2, "Total Cost": 3451.4, "Plan Rows": 1, "Plan Width": 48, "Inner Unique": true, "Plans": [{"Node Type": "Nested Loop", "Parent Relationship": "Outer", "Join Type": "Inner", "Startup Cost": 724.95, "Total Cost": 3447.11, "Plan Rows": 1, "Plan Width": 40, "Inner Unique": false, "Join Filter": "(t.id = ml.movie_id)", "Plans": [{"Node Type": "Nested Loop", "Parent Relationship": "Outer", "Join Type": "Inner", "Startup Cost": 724.66, "Total Cost": 3442.7, "Plan Rows": 1, "Plan Width": 48, "Inner Unique": true, "Plans": [{"Node Type": "Nested Loop", "Parent Relationship": "Outer", "Join Type": "Inner", "Startup Cost": 724.4, "Total Cost": 3438.42, "Plan Rows": 1, "Plan Width": 52, "Inner Unique": true, "Plans": [{"Node Type": "Nested Loop", "Parent Relationship": "Outer", "Join Type": "Inner", "Startup Cost": 724.14, "Total Cost": 3434.13, "Plan Rows": 1, "Plan Width": 37, "Inner Unique": false, "Join Filter": "(t.id = mc.movie_id)", "Plans": [{"Node Type": "Nested Loop", "Parent Relationship": "Outer", "Join Type": "Inner", "Startup Cost": 723.87, "Total Cost": 3429.8, "Plan Rows": 1, "Plan Width": 25, "Inner Unique": true, "Plans": [{"Node Type": "Nested Loop", "Parent Relationship": "Outer", "Join Type": "Inner", "Startup Cost": 723.6, "Total Cost": 3288.12, "Plan Rows": 33, "Plan Width": 4, "Inner Unique": false, "Plans": [{"Node Type": "Bitmap Heap Scan", "Parent Relationship": "Outer", "Relation Name": "keyword", "Alias": "k", "Startup Cost": 719.1, "Total Cost": 3155.21, "Plan Rows": 1, "Plan Width": 4, "Filter": "((keyword)::text = 'sequel'::text)", "Plans": [{"Node Type": "Bitmap Index Scan", "Parent Relationship": "Outer", "Index Name": "keyword_pkey", "Startup Cost": 0.0, "Total Cost": 719.1, "Plan Rows": 134169, "Plan Width": 0}]}, {"Node Type": "Bitmap Heap Scan", "Parent Relationship": "Inner", "Relation Name": "movie_keyword", "Alias": "mk", "Startup Cost": 4.51, "Total Cost": 132.58, "Plan Rows": 33, "Plan Width": 8, "Recheck Cond": "(keyword_id = k.id)", "Plans": [{"Node Type": "Bitmap Index Scan", "Parent Relationship": "Outer", "Index Name": "keyword_id_movie_keyword", "Startup Cost": 0.0, "Total Cost": 4.5, "Plan Rows": 33, "Plan Width": 0, "Index Cond": "(keyword_id = k.id)"}]}]}, {"Node Type": "Bitmap Heap Scan", "Parent Relationship": "Inner", "Relation Name": "title", "Alias": "t", "Startup Cost": 0.27, "Total Cost": 4.28, "Plan Rows": 1, "Plan Width": 21, "Recheck Cond": "(id = mk.movie_id)", "Filter": "(((title)::text ~~ '%Money%'::text) AND (production_year = 1998))", "Plans": [{"Node Type": "Bitmap Index Scan", "Parent Relationship": "Outer", "Index Name": "title_pkey", "Startup Cost": 0.0, "Total Cost": 0.27, "Plan Rows": 1, "Plan Width": 0, "Index Cond": "(id = mk.movie_id)"}]}]}, {"Node Type": "Bitmap Heap Scan", "Parent Relationship": "Inner", "Relation Name": "movie_companies", "Alias": "mc", "Startup Cost": 0.27, "Total Cost": 4.3, "Plan Rows": 2, "Plan Width": 12, "Recheck Cond": "(movie_id = mk.movie_id)", "Filter": "(note IS NULL)", "Plans": [{"Node Type": "Bitmap Index Scan", "Parent Relationship": "Outer", "Index Name": "movie_id_movie_companies", "Startup Cost": 0.0, "Total Cost": 0.27, "Plan Rows": 2, "Plan Width": 0, "Index Cond": "(movie_id = mk.movie_id)"}]}]}, {"Node Type": "Bitmap Heap Scan", "Parent Relationship": "Inner", "Relation Name": "company_name", "Alias": "cn", "Startup Cost": 0.26, "Total Cost": 4.28, "Plan Rows": 1, "Plan Width": 23, "Recheck Cond": "(id = mc.company_id)", "Filter": "(((country_code)::text <> '[pl]'::text) AND (((name)::text ~~ '%Film%'::text) OR ((name)::text ~~ '%Warner%'::text)))", "Plans": [{"Node Type": "Bitmap Index Scan", "Parent Relationship": "Outer", "Index Name": "company_name_pkey", "Startup Cost": 0.0, "Total Cost": 0.26, "Plan Rows": 1, "Plan Width": 0, "Index Cond": "(id = mc.company_id)"}]}]}, {"Node Type": "Bitmap Heap Scan", "Parent Relationship": "Inner", "Relation Name": "company_type", "Alias": "ct", "Startup Cost": 0.26, "Total Cost": 4.27, "Plan Rows": 1, "Plan Width": 4, "Recheck Cond": "(id = mc.company_type_id)", "Filter": "((kind)::text = 'production companies'::text)", "Plans": [{"Node Type": "Bitmap Index Scan", "Parent Relationship": "Outer", "Index Name": "company_type_pkey", "Startup Cost": 0.0, "Total Cost": 0.26, "Plan Rows": 1, "Plan Width": 0, "Index Cond": "(id = mc.company_type_id)"}]}]}, {"Node Type": "Bitmap Heap Scan", "Parent Relationship": "Inner", "Relation Name": "movie_link", "Alias": "ml", "Startup Cost": 0.29, "Total Cost": 4.35, "Plan Rows": 5, "Plan Width": 8, "Recheck Cond": "(movie_id = mk.movie_id)", "Plans": [{"Node Type": "Bitmap Index Scan", "Parent Relationship": "Outer", "Index Name": "movie_id_movie_link", "Startup Cost": 0.0, "Total Cost": 0.29, "Plan Rows": 5, "Plan Width": 0, "Index Cond": "(movie_id = mk.movie_id)"}]}]}, {"Node Type": "Bitmap Heap Scan", "Parent Relationship": "Inner", "Relation Name": "link_type", "Alias": "lt", "Startup Cost": 0.26, "Total Cost": 4.27, "Plan Rows": 1, "Plan Width": 16, "Recheck Cond": "(id = ml.link_type_id)", "Filter": "((link)::text ~~ '%follows%'::text)", "Plans": [{"Node Type": "Bitmap Index Scan", "Parent Relationship": "Outer", "Index Name": "link_type_pkey", "Startup Cost": 0.0, "Total Cost": 0.26, "Plan Rows": 1, "Plan Width": 0, "Index Cond": "(id = ml.link_type_id)"}]}]}]}, "Unique SQL Id": 4121279504}, "explain_analyze_plan": {"Plan": {"Node Type": "Aggregate", "Strategy": "Plain", "Startup Cost": 3451.4, "Total Cost": 3451.41, "Plan Rows": 1, "Plan Width": 144, "Actual Startup Time": 161.722, "Actual Total Time": 161.723, "Actual Rows": 1, "Actual Loops": 1, "Plans": [{"Node Type": "Nested Loop", "Parent Relationship": "Outer", "Join Type": "Inner", "Startup Cost": 725.2, "Total Cost": 3451.4, "Plan Rows": 1, "Plan Width": 48, "Actual Startup Time": 161.712, "Actual Total Time": 161.712, "Actual Rows": 0, "Actual Loops": 1, "Inner Unique": true, "Plans": [{"Node Type": "Nested Loop", "Parent Relationship": "Outer", "Join Type": "Inner", "Startup Cost": 724.95, "Total Cost": 3447.11, "Plan Rows": 1, "Plan Width": 40, "Actual Startup Time": 19.997, "Actual Total Time": 161.571, "Actual Rows": 38, "Actual Loops": 1, "Inner Unique": false, "Join Filter": "(t.id = ml.movie_id)", "Rows Removed by Join Filter": 0, "Plans": [{"Node Type": "Nested Loop", "Parent Relationship": "Outer", "Join Type": "Inner", "Startup Cost": 724.66, "Total Cost": 3442.7, "Plan Rows": 1, "Plan Width": 48, "Actual Startup Time": 19.97, "Actual Total Time": 161.514, "Actual Rows": 2, "Actual Loops": 1, "Inner Unique": true, "Plans": [{"Node Type": "Nested Loop", "Parent Relationship": "Outer", "Join Type": "Inner", "Startup Cost": 724.4, "Total Cost": 3438.42, "Plan Rows": 1, "Plan Width": 52, "Actual Startup Time": 19.958, "Actual Total Time": 161.497, "Actual Rows": 2, "Actual Loops": 1, "Inner Unique": true, "Plans": [{"Node Type": "Nested Loop", "Parent Relationship": "Outer", "Join Type": "Inner", "Startup Cost": 724.14, "Total Cost": 3434.13, "Plan Rows": 1, "Plan Width": 37, "Actual Startup Time": 19.933, "Actual Total Time": 161.449, "Actual Rows": 3, "Actual Loops": 1, "Inner Unique": false, "Join Filter": "(t.id = mc.movie_id)", "Rows Removed by Join Filter": 0, "Plans": [{"Node Type": "Nested Loop", "Parent Relationship": "Outer", "Join Type": "Inner", "Startup Cost": 723.87, "Total Cost": 3429.8, "Plan Rows": 1, "Plan Width": 25, "Actual Startup Time": 19.903, "Actual Total Time": 161.415, "Actual Rows": 1, "Actual Loops": 1, "Inner Unique": true, "Plans": [{"Node Type": "Nested Loop", "Parent Relationship": "Outer", "Join Type": "Inner", "Startup Cost": 723.6, "Total Cost": 3288.12, "Plan Rows": 33, "Plan Width": 4, "Actual Startup Time": 19.48, "Actual Total Time": 84.809, "Actual Rows": 10544, "Actual Loops": 1, "Inner Unique": false, "Plans": [{"Node Type": "Bitmap Heap Scan", "Parent Relationship": "Outer", "Relation Name": "keyword", "Alias": "k", "Startup Cost": 719.1, "Total Cost": 3155.21, "Plan Rows": 1, "Plan Width": 4, "Actual Startup Time": 16.533, "Actual Total Time": 64.286, "Actual Rows": 1, "Actual Loops": 1, "Filter": "((keyword)::text = 'sequel'::text)", "Rows Removed by Filter": 134168, "Exact Heap Blocks": 759, "Lossy Heap Blocks": 759, "Plans": [{"Node Type": "Bitmap Index Scan", "Parent Relationship": "Outer", "Index Name": "keyword_pkey", "Startup Cost": 0.0, "Total Cost": 719.1, "Plan Rows": 134169, "Plan Width": 0, "Actual Startup Time": 13.54, "Actual Total Time": 13.54, "Actual Rows": 134169, "Actual Loops": 1}]}, {"Node Type": "Bitmap Heap Scan", "Parent Relationship": "Inner", "Relation Name": "movie_keyword", "Alias": "mk", "Startup Cost": 4.51, "Total Cost": 132.58, "Plan Rows": 33, "Plan Width": 8, "Actual Startup Time": 2.933, "Actual Total Time": 18.397, "Actual Rows": 10544, "Actual Loops": 1, "Recheck Cond": "(keyword_id = k.id)", "Rows Removed by Index Recheck": 0, "Exact Heap Blocks": 5090, "Lossy Heap Blocks": 5090, "Plans": [{"Node Type": "Bitmap Index Scan", "Parent Relationship": "Outer", "Index Name": "keyword_id_movie_keyword", "Startup Cost": 0.0, "Total Cost": 4.5, "Plan Rows": 33, "Plan Width": 0, "Actual Startup Time": 2.017, "Actual Total Time": 2.017, "Actual Rows": 10544, "Actual Loops": 1, "Index Cond": "(keyword_id = k.id)"}]}]}, {"Node Type": "Bitmap Heap Scan", "Parent Relationship": "Inner", "Relation Name": "title", "Alias": "t", "Startup Cost": 0.27, "Total Cost": 4.28, "Plan Rows": 1, "Plan Width": 21, "Actual Startup Time": 64.824, "Actual Total Time": 64.824, "Actual Rows": 1, "Actual Loops": 10544, "Recheck Cond": "(id = mk.movie_id)", "Rows Removed by Index Recheck": 0, "Filter": "(((title)::text ~~ '%Money%'::text) AND (production_year = 1998))", "Rows Removed by Filter": 10543, "Exact Heap Blocks": 10544, "Lossy Heap Blocks": 10544, "Plans": [{"Node Type": "Bitmap Index Scan", "Parent Relationship": "Outer", "Index Name": "title_pkey", "Startup Cost": 0.0, "Total Cost": 0.27, "Plan Rows": 1, "Plan Width": 0, "Actual Startup Time": 31.063, "Actual Total Time": 31.063, "Actual Rows": 10544, "Actual Loops": 10544, "Index Cond": "(id = mk.movie_id)"}]}]}, {"Node Type": "Bitmap Heap Scan", "Parent Relationship": "Inner", "Relation Name": "movie_companies", "Alias": "mc", "Startup Cost": 0.27, "Total Cost": 4.3, "Plan Rows": 2, "Plan Width": 12, "Actual Startup Time": 0.024, "Actual Total Time": 0.025, "Actual Rows": 3, "Actual Loops": 1, "Recheck Cond": "(movie_id = mk.movie_id)", "Rows Removed by Index Recheck": 0, "Filter": "(note IS NULL)", "Rows Removed by Filter": 1, "Exact Heap Blocks": 2, "Lossy Heap Blocks": 2, "Plans": [{"Node Type": "Bitmap Index Scan", "Parent Relationship": "Outer", "Index Name": "movie_id_movie_companies", "Startup Cost": 0.0, "Total Cost": 0.27, "Plan Rows": 2, "Plan Width": 0, "Actual Startup Time": 0.012, "Actual Total Time": 0.012, "Actual Rows": 4, "Actual Loops": 1, "Index Cond": "(movie_id = mk.movie_id)"}]}]}, {"Node Type": "Bitmap Heap Scan", "Parent Relationship": "Inner", "Relation Name": "company_name", "Alias": "cn", "Startup Cost": 0.26, "Total Cost": 4.28, "Plan Rows": 1, "Plan Width": 23, "Actual Startup Time": 0.041, "Actual Total Time": 0.041, "Actual Rows": 2, "Actual Loops": 3, "Recheck Cond": "(id = mc.company_id)", "Rows Removed by Index Recheck": 0, "Filter": "(((country_code)::text <> '[pl]'::text) AND (((name)::text ~~ '%Film%'::text) OR ((name)::text ~~ '%Warner%'::text)))", "Rows Removed by Filter": 1, "Exact Heap Blocks": 3, "Lossy Heap Blocks": 3, "Plans": [{"Node Type": "Bitmap Index Scan", "Parent Relationship": "Outer", "Index Name": "company_name_pkey", "Startup Cost": 0.0, "Total Cost": 0.26, "Plan Rows": 1, "Plan Width": 0, "Actual Startup Time": 0.02, "Actual Total Time": 0.02, "Actual Rows": 3, "Actual Loops": 3, "Index Cond": "(id = mc.company_id)"}]}]}, {"Node Type": "Bitmap Heap Scan", "Parent Relationship": "Inner", "Relation Name": "company_type", "Alias": "ct", "Startup Cost": 0.26, "Total Cost": 4.27, "Plan Rows": 1, "Plan Width": 4, "Actual Startup Time": 0.013, "Actual Total Time": 0.013, "Actual Rows": 2, "Actual Loops": 2, "Recheck Cond": "(id = mc.company_type_id)", "Rows Removed by Index Recheck": 0, "Filter": "((kind)::text = 'production companies'::text)", "Rows Removed by Filter": 0, "Exact Heap Blocks": 2, "Lossy Heap Blocks": 2, "Plans": [{"Node Type": "Bitmap Index Scan", "Parent Relationship": "Outer", "Index Name": "company_type_pkey", "Startup Cost": 0.0, "Total Cost": 0.26, "Plan Rows": 1, "Plan Width": 0, "Actual Startup Time": 0.004, "Actual Total Time": 0.004, "Actual Rows": 2, "Actual Loops": 2, "Index Cond": "(id = mc.company_type_id)"}]}]}, {"Node Type": "Bitmap Heap Scan", "Parent Relationship": "Inner", "Relation Name": "movie_link", "Alias": "ml", "Startup Cost": 0.29, "Total Cost": 4.35, "Plan Rows": 5, "Plan Width": 8, "Actual Startup Time": 0.025, "Actual Total Time": 0.028, "Actual Rows": 38, "Actual Loops": 2, "Recheck Cond": "(movie_id = mk.movie_id)", "Rows Removed by Index Recheck": 0, "Exact Heap Blocks": 2, "Lossy Heap Blocks": 2, "Plans": [{"Node Type": "Bitmap Index Scan", "Parent Relationship": "Outer", "Index Name": "movie_id_movie_link", "Startup Cost": 0.0, "Total Cost": 0.29, "Plan Rows": 5, "Plan Width": 0, "Actual Startup Time": 0.013, "Actual Total Time": 0.013, "Actual Rows": 38, "Actual Loops": 2, "Index Cond": "(movie_id = mk.movie_id)"}]}]}, {"Node Type": "Bitmap Heap Scan", "Parent Relationship": "Inner", "Relation Name": "link_type", "Alias": "lt", "Startup Cost": 0.26, "Total Cost": 4.27, "Plan Rows": 1, "Plan Width": 16, "Actual Startup Time": 0.097, "Actual Total Time": 0.097, "Actual Rows": 0, "Actual Loops": 38, "Recheck Cond": "(id = ml.link_type_id)", "Rows Removed by Index Recheck": 0, "Filter": "((link)::text ~~ '%follows%'::text)", "Rows Removed by Filter": 24, "Exact Heap Blocks": 24, "Lossy Heap Blocks": 24, "Plans": [{"Node Type": "Bitmap Index Scan", "Parent Relationship": "Outer", "Index Name": "link_type_pkey", "Startup Cost": 0.0, "Total Cost": 0.26, "Plan Rows": 1, "Plan Width": 0, "Actual Startup Time": 0.039, "Actual Total Time": 0.039, "Actual Rows": 24, "Actual Loops": 38, "Index Cond": "(id = ml.link_type_id)"}]}]}]}, "Triggers": [], "Planner Runtime": 60.458, "Total Runtime": 162.221, "Unique SQL Id": 4121279504}}, "(64, 8)": {"explain_plan": {"Plan": {"Node Type": "Aggregate", "Strategy": "Plain", "Startup Cost": 2585.63, "Total Cost": 2585.64, "Plan Rows": 1, "Plan Width": 144, "Plans": [{"Node Type": "Nested Loop", "Parent Relationship": "Outer", "Join Type": "Inner", "Startup Cost": 0.0, "Total Cost": 2585.62, "Plan Rows": 1, "Plan Width": 48, "Inner Unique": true, "Plans": [{"Node Type": "Nested Loop", "Parent Relationship": "Outer", "Join Type": "Inner", "Startup Cost": 0.0, "Total Cost": 2585.34, "Plan Rows": 1, "Plan Width": 40, "Inner Unique": false, "Join Filter": "(t.id = ml.movie_id)", "Plans": [{"Node Type": "Nested Loop", "Parent Relationship": "Outer", "Join Type": "Inner", "Startup Cost": 0.0, "Total Cost": 2584.93, "Plan Rows": 1, "Plan Width": 48, "Inner Unique": true, "Plans": [{"Node Type": "Nested Loop", "Parent Relationship": "Outer", "Join Type": "Inner", "Startup Cost": 0.0, "Total Cost": 2584.64, "Plan Rows": 1, "Plan Width": 52, "Inner Unique": true, "Plans": [{"Node Type": "Nested Loop", "Parent Relationship": "Outer", "Join Type": "Inner", "Startup Cost": 0.0, "Total Cost": 2584.35, "Plan Rows": 1, "Plan Width": 37, "Inner Unique": false, "Join Filter": "(t.id = mc.movie_id)", "Plans": [{"Node Type": "Nested Loop", "Parent Relationship": "Outer", "Join Type": "Inner", "Startup Cost": 0.0, "Total Cost": 2584.01, "Plan Rows": 1, "Plan Width": 25, "Inner Unique": true, "Plans": [{"Node Type": "Nested Loop", "Parent Relationship": "Outer", "Join Type": "Inner", "Startup Cost": 0.0, "Total Cost": 2573.32, "Plan Rows": 33, "Plan Width": 4, "Inner Unique": false, "Plans": [{"Node Type": "Seq Scan", "Parent Relationship": "Outer", "Relation Name": "keyword", "Alias": "k", "Startup Cost": 0.0, "Total Cost": 2436.11, "Plan Rows": 1, "Plan Width": 4, "Filter": "((keyword)::text = 'sequel'::text)"}, {"Node Type": "Index Scan", "Parent Relationship": "Inner", "Scan Direction": "Forward", "Index Name": "keyword_id_movie_keyword", "Relation Name": "movie_keyword", "Alias": "mk", "Startup Cost": 0.0, "Total Cost": 136.88, "Plan Rows": 33, "Plan Width": 8, "Index Cond": "(keyword_id = k.id)"}]}, {"Node Type": "Index Scan", "Parent Relationship": "Inner", "Scan Direction": "Forward", "Index Name": "title_pkey", "Relation Name": "title", "Alias": "t", "Startup Cost": 0.0, "Total Cost": 0.31, "Plan Rows": 1, "Plan Width": 21, "Index Cond": "(id = mk.movie_id)", "Filter": "(((title)::text ~~ '%Money%'::text) AND (production_year = 1998))"}]}, {"Node Type": "Index Scan", "Parent Relationship": "Inner", "Scan Direction": "Forward", "Index Name": "movie_id_movie_companies", "Relation Name": "movie_companies", "Alias": "mc", "Startup Cost": 0.0, "Total Cost": 0.31, "Plan Rows": 2, "Plan Width": 12, "Index Cond": "(movie_id = mk.movie_id)", "Filter": "(note IS NULL)"}]}, {"Node Type": "Index Scan", "Parent Relationship": "Inner", "Scan Direction": "Forward", "Index Name": "company_name_pkey", "Relation Name": "company_name", "Alias": "cn", "Startup Cost": 0.0, "Total Cost": 0.29, "Plan Rows": 1, "Plan Width": 23, "Index Cond": "(id = mc.company_id)", "Filter": "(((country_code)::text <> '[pl]'::text) AND (((name)::text ~~ '%Film%'::text) OR ((name)::text ~~ '%Warner%'::text)))"}]}, {"Node Type": "Index Scan", "Parent Relationship": "Inner", "Scan Direction": "Forward", "Index Name": "company_type_pkey", "Relation Name": "company_type", "Alias": "ct", "Startup Cost": 0.0, "Total Cost": 0.27, "Plan Rows": 1, "Plan Width": 4, "Index Cond": "(id = mc.company_type_id)", "Filter": "((kind)::text = 'production companies'::text)"}]}, {"Node Type": "Index Scan", "Parent Relationship": "Inner", "Scan Direction": "Forward", "Index Name": "movie_id_movie_link", "Relation Name": "movie_link", "Alias": "ml", "Startup Cost": 0.0, "Total Cost": 0.35, "Plan Rows": 5, "Plan Width": 8, "Index Cond": "(movie_id = mk.movie_id)"}]}, {"Node Type": "Index Scan", "Parent Relationship": "Inner", "Scan Direction": "Forward", "Index Name": "link_type_pkey", "Relation Name": "link_type", "Alias": "lt", "Startup Cost": 0.0, "Total Cost": 0.27, "Plan Rows": 1, "Plan Width": 16, "Index Cond": "(id = ml.link_type_id)", "Filter": "((link)::text ~~ '%follows%'::text)"}]}]}, "Unique SQL Id": 4121279504}, "explain_analyze_plan": {"Plan": {"Node Type": "Aggregate", "Strategy": "Plain", "Startup Cost": 2585.63, "Total Cost": 2585.64, "Plan Rows": 1, "Plan Width": 144, "Actual Startup Time": 120.206, "Actual Total Time": 120.207, "Actual Rows": 1, "Actual Loops": 1, "Plans": [{"Node Type": "Nested Loop", "Parent Relationship": "Outer", "Join Type": "Inner", "Startup Cost": 0.0, "Total Cost": 2585.62, "Plan Rows": 1, "Plan Width": 48, "Actual Startup Time": 120.199, "Actual Total Time": 120.199, "Actual Rows": 0, "Actual Loops": 1, "Inner Unique": true, "Plans": [{"Node Type": "Nested Loop", "Parent Relationship": "Outer", "Join Type": "Inner", "Startup Cost": 0.0, "Total Cost": 2585.34, "Plan Rows": 1, "Plan Width": 40, "Actual Startup Time": 2.804, "Actual Total Time": 120.112, "Actual Rows": 38, "Actual Loops": 1, "Inner Unique": false, "Join Filter": "(t.id = ml.movie_id)", "Rows Removed by Join Filter": 0, "Plans": [{"Node Type": "Nested Loop", "Parent Relationship": "Outer", "Join Type": "Inner", "Startup Cost": 0.0, "Total Cost": 2584.93, "Plan Rows": 1, "Plan Width": 48, "Actual Startup Time": 2.79, "Actual Total Time": 120.066, "Actual Rows": 2, "Actual Loops": 1, "Inner Unique": true, "Plans": [{"Node Type": "Nested Loop", "Parent Relationship": "Outer", "Join Type": "Inner", "Startup Cost": 0.0, "Total Cost": 2584.64, "Plan Rows": 1, "Plan Width": 52, "Actual Startup Time": 2.781, "Actual Total Time": 120.052, "Actual Rows": 2, "Actual Loops": 1, "Inner Unique": true, "Plans": [{"Node Type": "Nested Loop", "Parent Relationship": "Outer", "Join Type": "Inner", "Startup Cost": 0.0, "Total Cost": 2584.35, "Plan Rows": 1, "Plan Width": 37, "Actual Startup Time": 2.759, "Actual Total Time": 120.009, "Actual Rows": 3, "Actual Loops": 1, "Inner Unique": false, "Join Filter": "(t.id = mc.movie_id)", "Rows Removed by Join Filter": 0, "Plans": [{"Node Type": "Nested Loop", "Parent Relationship": "Outer", "Join Type": "Inner", "Startup Cost": 0.0, "Total Cost": 2584.01, "Plan Rows": 1, "Plan Width": 25, "Actual Startup Time": 2.739, "Actual Total Time": 119.985, "Actual Rows": 1, "Actual Loops": 1, "Inner Unique": true, "Plans": [{"Node Type": "Nested Loop", "Parent Relationship": "Outer", "Join Type": "Inner", "Startup Cost": 0.0, "Total Cost": 2573.32, "Plan Rows": 33, "Plan Width": 4, "Actual Startup Time": 2.392, "Actual Total Time": 59.078, "Actual Rows": 10544, "Actual Loops": 1, "Inner Unique": false, "Plans": [{"Node Type": "Seq Scan", "Parent Relationship": "Outer", "Relation Name": "keyword", "Alias": "k", "Startup Cost": 0.0, "Total Cost": 2436.11, "Plan Rows": 1, "Plan Width": 4, "Actual Startup Time": 2.347, "Actual Total Time": 41.646, "Actual Rows": 1, "Actual Loops": 1, "Filter": "((keyword)::text = 'sequel'::text)", "Rows Removed by Filter": 134168}, {"Node Type": "Index Scan", "Parent Relationship": "Inner", "Scan Direction": "Forward", "Index Name": "keyword_id_movie_keyword", "Relation Name": "movie_keyword", "Alias": "mk", "Startup Cost": 0.0, "Total Cost": 136.88, "Plan Rows": 33, "Plan Width": 8, "Actual Startup Time": 0.038, "Actual Total Time": 15.158, "Actual Rows": 10544, "Actual Loops": 1, "Index Cond": "(keyword_id = k.id)", "Rows Removed by Index Recheck": 0}]}, {"Node Type": "Index Scan", "Parent Relationship": "Inner", "Scan Direction": "Forward", "Index Name": "title_pkey", "Relation Name": "title", "Alias": "t", "Startup Cost": 0.0, "Total Cost": 0.31, "Plan Rows": 1, "Plan Width": 21, "Actual Startup Time": 55.67, "Actual Total Time": 55.67, "Actual Rows": 1, "Actual Loops": 10544, "Index Cond": "(id = mk.movie_id)", "Rows Removed by Index Recheck": 0, "Filter": "(((title)::text ~~ '%Money%'::text) AND (production_year = 1998))", "Rows Removed by Filter": 10543}]}, {"Node Type": "Index Scan", "Parent Relationship": "Inner", "Scan Direction": "Forward", "Index Name": "movie_id_movie_companies", "Relation Name": "movie_companies", "Alias": "mc", "Startup Cost": 0.0, "Total Cost": 0.31, "Plan Rows": 2, "Plan Width": 12, "Actual Startup Time": 0.016, "Actual Total Time": 0.017, "Actual Rows": 3, "Actual Loops": 1, "Index Cond": "(movie_id = mk.movie_id)", "Rows Removed by Index Recheck": 0, "Filter": "(note IS NULL)", "Rows Removed by Filter": 1}]}, {"Node Type": "Index Scan", "Parent Relationship": "Inner", "Scan Direction": "Forward", "Index Name": "company_name_pkey", "Relation Name": "company_name", "Alias": "cn", "Startup Cost": 0.0, "Total Cost": 0.29, "Plan Rows": 1, "Plan Width": 23, "Actual Startup Time": 0.038, "Actual Total Time": 0.038, "Actual Rows": 2, "Actual Loops": 3, "Index Cond": "(id = mc.company_id)", "Rows Removed by Index Recheck": 0, "Filter": "(((country_code)::text <> '[pl]'::text) AND (((name)::text ~~ '%Film%'::text) OR ((name)::text ~~ '%Warner%'::text)))", "Rows Removed by Filter": 1}]}, {"Node Type": "Index Scan", "Parent Relationship": "Inner", "Scan Direction": "Forward", "Index Name": "company_type_pkey", "Relation Name": "company_type", "Alias": "ct", "Startup Cost": 0.0, "Total Cost": 0.27, "Plan Rows": 1, "Plan Width": 4, "Actual Startup Time": 0.01, "Actual Total Time": 0.01, "Actual Rows": 2, "Actual Loops": 2, "Index Cond": "(id = mc.company_type_id)", "Rows Removed by Index Recheck": 0, "Filter": "((kind)::text = 'production companies'::text)", "Rows Removed by Filter": 0}]}, {"Node Type": "Index Scan", "Parent Relationship": "Inner", "Scan Direction": "Forward", "Index Name": "movie_id_movie_link", "Relation Name": "movie_link", "Alias": "ml", "Startup Cost": 0.0, "Total Cost": 0.35, "Plan Rows": 5, "Plan Width": 8, "Actual Startup Time": 0.015, "Actual Total Time": 0.031, "Actual Rows": 38, "Actual Loops": 2, "Index Cond": "(movie_id = mk.movie_id)", "Rows Removed by Index Recheck": 0}]}, {"Node Type": "Index Scan", "Parent Relationship": "Inner", "Scan Direction": "Forward", "Index Name": "link_type_pkey", "Relation Name": "link_type", "Alias": "lt", "Startup Cost": 0.0, "Total Cost": 0.27, "Plan Rows": 1, "Plan Width": 16, "Actual Startup Time": 0.063, "Actual Total Time": 0.063, "Actual Rows": 0, "Actual Loops": 38, "Index Cond": "(id = ml.link_type_id)", "Rows Removed by Index Recheck": 0, "Filter": "((link)::text ~~ '%follows%'::text)", "Rows Removed by Filter": 24}]}]}, "Triggers": [], "Planner Runtime": 76.567, "Total Runtime": 120.592, "Unique SQL Id": 4121279504}}, "(64, 9)": {"explain_plan": {"Plan": {"Node Type": "Aggregate", "Strategy": "Plain", "Startup Cost": 3332.23, "Total Cost": 3332.24, "Plan Rows": 1, "Plan Width": 144, "Plans": [{"Node Type": "Nested Loop", "Parent Relationship": "Outer", "Join Type": "Inner", "Startup Cost": 0.0, "Total Cost": 3332.23, "Plan Rows": 1, "Plan Width": 48, "Inner Unique": true, "Plans": [{"Node Type": "Nested Loop", "Parent Relationship": "Outer", "Join Type": "Inner", "Startup Cost": 0.0, "Total Cost": 3331.94, "Plan Rows": 1, "Plan Width": 40, "Inner Unique": false, "Join Filter": "(t.id = ml.movie_id)", "Plans": [{"Node Type": "Nested Loop", "Parent Relationship": "Outer", "Join Type": "Inner", "Startup Cost": 0.0, "Total Cost": 3331.53, "Plan Rows": 1, "Plan Width": 48, "Inner Unique": true, "Plans": [{"Node Type": "Nested Loop", "Parent Relationship": "Outer", "Join Type": "Inner", "Startup Cost": 0.0, "Total Cost": 3331.25, "Plan Rows": 1, "Plan Width": 52, "Inner Unique": true, "Plans": [{"Node Type": "Nested Loop", "Parent Relationship": "Outer", "Join Type": "Inner", "Startup Cost": 0.0, "Total Cost": 3330.95, "Plan Rows": 1, "Plan Width": 37, "Inner Unique": false, "Join Filter": "(t.id = mc.movie_id)", "Plans": [{"Node Type": "Nested Loop", "Parent Relationship": "Outer", "Join Type": "Inner", "Startup Cost": 0.0, "Total Cost": 3330.61, "Plan Rows": 1, "Plan Width": 25, "Inner Unique": true, "Plans": [{"Node Type": "Nested Loop", "Parent Relationship": "Outer", "Join Type": "Inner", "Startup Cost": 0.0, "Total Cost": 3319.92, "Plan Rows": 33, "Plan Width": 4, "Inner Unique": false, "Plans": [{"Node Type": "Index Scan", "Parent Relationship": "Outer", "Scan Direction": "Forward", "Index Name": "keyword_pkey", "Relation Name": "keyword", "Alias": "k", "Startup Cost": 0.0, "Total Cost": 3182.72, "Plan Rows": 1, "Plan Width": 4, "Filter": "((keyword)::text = 'sequel'::text)"}, {"Node Type": "Index Scan", "Parent Relationship": "Inner", "Scan Direction": "Forward", "Index Name": "keyword_id_movie_keyword", "Relation Name": "movie_keyword", "Alias": "mk", "Startup Cost": 0.0, "Total Cost": 136.88, "Plan Rows": 33, "Plan Width": 8, "Index Cond": "(keyword_id = k.id)"}]}, {"Node Type": "Index Scan", "Parent Relationship": "Inner", "Scan Direction": "Forward", "Index Name": "title_pkey", "Relation Name": "title", "Alias": "t", "Startup Cost": 0.0, "Total Cost": 0.31, "Plan Rows": 1, "Plan Width": 21, "Index Cond": "(id = mk.movie_id)", "Filter": "(((title)::text ~~ '%Money%'::text) AND (production_year = 1998))"}]}, {"Node Type": "Index Scan", "Parent Relationship": "Inner", "Scan Direction": "Forward", "Index Name": "movie_id_movie_companies", "Relation Name": "movie_companies", "Alias": "mc", "Startup Cost": 0.0, "Total Cost": 0.31, "Plan Rows": 2, "Plan Width": 12, "Index Cond": "(movie_id = mk.movie_id)", "Filter": "(note IS NULL)"}]}, {"Node Type": "Index Scan", "Parent Relationship": "Inner", "Scan Direction": "Forward", "Index Name": "company_name_pkey", "Relation Name": "company_name", "Alias": "cn", "Startup Cost": 0.0, "Total Cost": 0.29, "Plan Rows": 1, "Plan Width": 23, "Index Cond": "(id = mc.company_id)", "Filter": "(((country_code)::text <> '[pl]'::text) AND (((name)::text ~~ '%Film%'::text) OR ((name)::text ~~ '%Warner%'::text)))"}]}, {"Node Type": "Index Scan", "Parent Relationship": "Inner", "Scan Direction": "Forward", "Index Name": "company_type_pkey", "Relation Name": "company_type", "Alias": "ct", "Startup Cost": 0.0, "Total Cost": 0.27, "Plan Rows": 1, "Plan Width": 4, "Index Cond": "(id = mc.company_type_id)", "Filter": "((kind)::text = 'production companies'::text)"}]}, {"Node Type": "Index Scan", "Parent Relationship": "Inner", "Scan Direction": "Forward", "Index Name": "movie_id_movie_link", "Relation Name": "movie_link", "Alias": "ml", "Startup Cost": 0.0, "Total Cost": 0.35, "Plan Rows": 5, "Plan Width": 8, "Index Cond": "(movie_id = mk.movie_id)"}]}, {"Node Type": "Index Scan", "Parent Relationship": "Inner", "Scan Direction": "Forward", "Index Name": "link_type_pkey", "Relation Name": "link_type", "Alias": "lt", "Startup Cost": 0.0, "Total Cost": 0.27, "Plan Rows": 1, "Plan Width": 16, "Index Cond": "(id = ml.link_type_id)", "Filter": "((link)::text ~~ '%follows%'::text)"}]}]}, "Unique SQL Id": 4121279504}, "explain_analyze_plan": {"Plan": {"Node Type": "Aggregate", "Strategy": "Plain", "Startup Cost": 3332.23, "Total Cost": 3332.24, "Plan Rows": 1, "Plan Width": 144, "Actual Startup Time": 195.478, "Actual Total Time": 195.479, "Actual Rows": 1, "Actual Loops": 1, "Plans": [{"Node Type": "Nested Loop", "Parent Relationship": "Outer", "Join Type": "Inner", "Startup Cost": 0.0, "Total Cost": 3332.23, "Plan Rows": 1, "Plan Width": 48, "Actual Startup Time": 195.466, "Actual Total Time": 195.466, "Actual Rows": 0, "Actual Loops": 1, "Inner Unique": true, "Plans": [{"Node Type": "Nested Loop", "Parent Relationship": "Outer", "Join Type": "Inner", "Startup Cost": 0.0, "Total Cost": 3331.94, "Plan Rows": 1, "Plan Width": 40, "Actual Startup Time": 1.022, "Actual Total Time": 195.379, "Actual Rows": 38, "Actual Loops": 1, "Inner Unique": false, "Join Filter": "(t.id = ml.movie_id)", "Rows Removed by Join Filter": 0, "Plans": [{"Node Type": "Nested Loop", "Parent Relationship": "Outer", "Join Type": "Inner", "Startup Cost": 0.0, "Total Cost": 3331.53, "Plan Rows": 1, "Plan Width": 48, "Actual Startup Time": 1.006, "Actual Total Time": 195.329, "Actual Rows": 2, "Actual Loops": 1, "Inner Unique": true, "Plans": [{"Node Type": "Nested Loop", "Parent Relationship": "Outer", "Join Type": "Inner", "Startup Cost": 0.0, "Total Cost": 3331.25, "Plan Rows": 1, "Plan Width": 52, "Actual Startup Time": 0.993, "Actual Total Time": 195.312, "Actual Rows": 2, "Actual Loops": 1, "Inner Unique": true, "Plans": [{"Node Type": "Nested Loop", "Parent Relationship": "Outer", "Join Type": "Inner", "Startup Cost": 0.0, "Total Cost": 3330.95, "Plan Rows": 1, "Plan Width": 37, "Actual Startup Time": 0.971, "Actual Total Time": 195.27, "Actual Rows": 3, "Actual Loops": 1, "Inner Unique": false, "Join Filter": "(t.id = mc.movie_id)", "Rows Removed by Join Filter": 0, "Plans": [{"Node Type": "Nested Loop", "Parent Relationship": "Outer", "Join Type": "Inner", "Startup Cost": 0.0, "Total Cost": 3330.61, "Plan Rows": 1, "Plan Width": 25, "Actual Startup Time": 0.949, "Actual Total Time": 195.245, "Actual Rows": 1, "Actual Loops": 1, "Inner Unique": true, "Plans": [{"Node Type": "Nested Loop", "Parent Relationship": "Outer", "Join Type": "Inner", "Startup Cost": 0.0, "Total Cost": 3319.92, "Plan Rows": 33, "Plan Width": 4, "Actual Startup Time": 0.597, "Actual Total Time": 133.24, "Actual Rows": 10544, "Actual Loops": 1, "Inner Unique": false, "Plans": [{"Node Type": "Index Scan", "Parent Relationship": "Outer", "Scan Direction": "Forward", "Index Name": "keyword_pkey", "Relation Name": "keyword", "Alias": "k", "Startup Cost": 0.0, "Total Cost": 3182.72, "Plan Rows": 1, "Plan Width": 4, "Actual Startup Time": 0.557, "Actual Total Time": 115.424, "Actual Rows": 1, "Actual Loops": 1, "Filter": "((keyword)::text = 'sequel'::text)", "Rows Removed by Filter": 134168}, {"Node Type": "Index Scan", "Parent Relationship": "Inner", "Scan Direction": "Forward", "Index Name": "keyword_id_movie_keyword", "Relation Name": "movie_keyword", "Alias": "mk", "Startup Cost": 0.0, "Total Cost": 136.88, "Plan Rows": 33, "Plan Width": 8, "Actual Startup Time": 0.033, "Actual Total Time": 15.557, "Actual Rows": 10544, "Actual Loops": 1, "Index Cond": "(keyword_id = k.id)", "Rows Removed by Index Recheck": 0}]}, {"Node Type": "Index Scan", "Parent Relationship": "Inner", "Scan Direction": "Forward", "Index Name": "title_pkey", "Relation Name": "title", "Alias": "t", "Startup Cost": 0.0, "Total Cost": 0.31, "Plan Rows": 1, "Plan Width": 21, "Actual Startup Time": 56.68, "Actual Total Time": 56.68, "Actual Rows": 1, "Actual Loops": 10544, "Index Cond": "(id = mk.movie_id)", "Rows Removed by Index Recheck": 0, "Filter": "(((title)::text ~~ '%Money%'::text) AND (production_year = 1998))", "Rows Removed by Filter": 10543}]}, {"Node Type": "Index Scan", "Parent Relationship": "Inner", "Scan Direction": "Forward", "Index Name": "movie_id_movie_companies", "Relation Name": "movie_companies", "Alias": "mc", "Startup Cost": 0.0, "Total Cost": 0.31, "Plan Rows": 2, "Plan Width": 12, "Actual Startup Time": 0.019, "Actual Total Time": 0.022, "Actual Rows": 3, "Actual Loops": 1, "Index Cond": "(movie_id = mk.movie_id)", "Rows Removed by Index Recheck": 0, "Filter": "(note IS NULL)", "Rows Removed by Filter": 1}]}, {"Node Type": "Index Scan", "Parent Relationship": "Inner", "Scan Direction": "Forward", "Index Name": "company_name_pkey", "Relation Name": "company_name", "Alias": "cn", "Startup Cost": 0.0, "Total Cost": 0.29, "Plan Rows": 1, "Plan Width": 23, "Actual Startup Time": 0.038, "Actual Total Time": 0.038, "Actual Rows": 2, "Actual Loops": 3, "Index Cond": "(id = mc.company_id)", "Rows Removed by Index Recheck": 0, "Filter": "(((country_code)::text <> '[pl]'::text) AND (((name)::text ~~ '%Film%'::text) OR ((name)::text ~~ '%Warner%'::text)))", "Rows Removed by Filter": 1}]}, {"Node Type": "Index Scan", "Parent Relationship": "Inner", "Scan Direction": "Forward", "Index Name": "company_type_pkey", "Relation Name": "company_type", "Alias": "ct", "Startup Cost": 0.0, "Total Cost": 0.27, "Plan Rows": 1, "Plan Width": 4, "Actual Startup Time": 0.013, "Actual Total Time": 0.013, "Actual Rows": 2, "Actual Loops": 2, "Index Cond": "(id = mc.company_type_id)", "Rows Removed by Index Recheck": 0, "Filter": "((kind)::text = 'production companies'::text)", "Rows Removed by Filter": 0}]}, {"Node Type": "Index Scan", "Parent Relationship": "Inner", "Scan Direction": "Forward", "Index Name": "movie_id_movie_link", "Relation Name": "movie_link", "Alias": "ml", "Startup Cost": 0.0, "Total Cost": 0.35, "Plan Rows": 5, "Plan Width": 8, "Actual Startup Time": 0.017, "Actual Total Time": 0.028, "Actual Rows": 38, "Actual Loops": 2, "Index Cond": "(movie_id = mk.movie_id)", "Rows Removed by Index Recheck": 0}]}, {"Node Type": "Index Scan", "Parent Relationship": "Inner", "Scan Direction": "Forward", "Index Name": "link_type_pkey", "Relation Name": "link_type", "Alias": "lt", "Startup Cost": 0.0, "Total Cost": 0.27, "Plan Rows": 1, "Plan Width": 16, "Actual Startup Time": 0.066, "Actual Total Time": 0.066, "Actual Rows": 0, "Actual Loops": 38, "Index Cond": "(id = ml.link_type_id)", "Rows Removed by Index Recheck": 0, "Filter": "((link)::text ~~ '%follows%'::text)", "Rows Removed by Filter": 24}]}]}, "Triggers": [], "Planner Runtime": 69.692, "Total Runtime": 195.978, "Unique SQL Id": 4121279504}}, "(64, 10)": {"explain_plan": {"Plan": {"Node Type": "Aggregate", "Strategy": "Plain", "Startup Cost": 193984.03, "Total Cost": 193984.04, "Plan Rows": 1, "Plan Width": 144, "Plans": [{"Node Type": "Nested Loop", "Parent Relationship": "Outer", "Join Type": "Inner", "Startup Cost": 66572.36, "Total Cost": 193984.02, "Plan Rows": 1, "Plan Width": 48, "Inner Unique": true, "Join Filter": "(ml.link_type_id = lt.id)", "Plans": [{"Node Type": "Nested Loop", "Parent Relationship": "Outer", "Join Type": "Inner", "Startup Cost": 66572.36, "Total Cost": 193982.8, "Plan Rows": 1, "Plan Width": 40, "Inner Unique": false, "Join Filter": "(t.id = ml.movie_id)", "Plans": [{"Node Type": "Nested Loop", "Parent Relationship": "Outer", "Join Type": "Inner", "Startup Cost": 66572.36, "Total Cost": 193176.89, "Plan Rows": 1, "Plan Width": 48, "Inner Unique": true, "Join Filter": "(mc.company_id = cn.id)", "Plans": [{"Node Type": "Nested Loop", "Parent Relationship": "Outer", "Join Type": "Inner", "Startup Cost": 66572.36, "Total Cost": 185378.47, "Plan Rows": 1, "Plan Width": 33, "Inner Unique": false, "Join Filter": "(mk.movie_id = t.id)", "Plans": [{"Node Type": "Hash Join", "Parent Relationship": "Outer", "Join Type": "Inner", "Startup Cost": 2436.12, "Total Cost": 76215.84, "Plan Rows": 33, "Plan Width": 4, "Inner Unique": true, "Hash Cond": "(mk.keyword_id = k.id)", "Plans": [{"Node Type": "Seq Scan", "Parent Relationship": "Outer", "Relation Name": "movie_keyword", "Alias": "mk", "Startup Cost": 0.0, "Total Cost": 62441.29, "Plan Rows": 4523929, "Plan Width": 8}, {"Node Type": "Hash", "Parent Relationship": "Inner", "Startup Cost": 2436.11, "Total Cost": 2436.11, "Plan Rows": 1, "Plan Width": 4, "Plans": [{"Node Type": "Seq Scan", "Parent Relationship": "Outer", "Relation Name": "keyword", "Alias": "k", "Startup Cost": 0.0, "Total Cost": 2436.11, "Plan Rows": 1, "Plan Width": 4, "Filter": "((keyword)::text = 'sequel'::text)"}]}]}, {"Node Type": "Materialize", "Parent Relationship": "Inner", "Startup Cost": 64136.24, "Total Cost": 109160.17, "Plan Rows": 5, "Plan Width": 29, "Plans": [{"Node Type": "Nested Loop", "Parent Relationship": "Outer", "Join Type": "Inner", "Startup Cost": 64136.24, "Total Cost": 109160.14, "Plan Rows": 5, "Plan Width": 29, "Inner Unique": false, "Join Filter": "(mc.company_type_id = ct.id)", "Plans": [{"Node Type": "Seq Scan", "Parent Relationship": "Outer", "Relation Name": "company_type", "Alias": "ct", "Startup Cost": 0.0, "Total Cost": 1.04, "Plan Rows": 1, "Plan Width": 4, "Filter": "((kind)::text = 'production companies'::text)"}, {"Node Type": "Materialize", "Parent Relationship": "Inner", "Startup Cost": 64136.24, "Total Cost": 109159.04, "Plan Rows": 6, "Plan Width": 33, "Plans": [{"Node Type": "Hash Join", "Parent Relationship": "Outer", "Join Type": "Inner", "Startup Cost": 64136.24, "Total Cost": 109159.03, "Plan Rows": 6, "Plan Width": 33, "Inner Unique": true, "Hash Cond": "(mc.movie_id = t.id)", "Plans": [{"Node Type": "Seq Scan", "Parent Relationship": "Outer", "Relation Name": "movie_companies", "Alias": "mc", "Startup Cost": 0.0, "Total Cost": 41817.28, "Plan Rows": 1269486, "Plan Width": 12, "Filter": "(note IS NULL), (LLVM Optimized)"}, {"Node Type": "Hash", "Parent Relationship": "Inner", "Startup Cost": 64136.19, "Total Cost": 64136.19, "Plan Rows": 4, "Plan Width": 21, "Plans": [{"Node Type": "Streaming(type: LOCAL GATHER dop: 1/64)", "Parent Relationship": "Outer", "Startup Cost": 0.0, "Total Cost": 64136.19, "Plan Rows": 4, "Plan Width": 21, "Plans": [{"Node Type": "Seq Scan", "Parent Relationship": "Outer", "Relation Name": "title", "Alias": "t", "Startup Cost": 0.0, "Total Cost": 64136.1, "Plan Rows": 4, "Plan Width": 21, "Filter": "(((title)::text ~~ '%Money%'::text) AND (production_year = 1998))"}]}]}]}]}]}]}]}, {"Node Type": "Seq Scan", "Parent Relationship": "Inner", "Relation Name": "company_name", "Alias": "cn", "Startup Cost": 0.0, "Total Cost": 7078.43, "Plan Rows": 57599, "Plan Width": 23, "Filter": "(((country_code)::text <> '[pl]'::text) AND (((name)::text ~~ '%Film%'::text) OR ((name)::text ~~ '%Warner%'::text)))"}]}, {"Node Type": "Seq Scan", "Parent Relationship": "Inner", "Relation Name": "movie_link", "Alias": "ml", "Startup Cost": 0.0, "Total Cost": 430.96, "Plan Rows": 29996, "Plan Width": 8}]}, {"Node Type": "Seq Scan", "Parent Relationship": "Inner", "Relation Name": "link_type", "Alias": "lt", "Startup Cost": 0.0, "Total Cost": 1.21, "Plan Rows": 1, "Plan Width": 16, "Filter": "((link)::text ~~ '%follows%'::text)"}]}]}, "Unique SQL Id": 4121279504}, "explain_analyze_plan": null}, "(64, 11)": {"explain_plan": {"Plan": {"Node Type": "Aggregate", "Strategy": "Plain", "Startup Cost": 2483351514613.15, "Total Cost": 2483351514613.16, "Plan Rows": 1, "Plan Width": 144, "Plans": [{"Node Type": "Nested Loop", "Parent Relationship": "Outer", "Join Type": "Inner", "Startup Cost": 80042213480.87, "Total Cost": 2483351514613.14, "Plan Rows": 1, "Plan Width": 48, "Inner Unique": true, "Join Filter": "(ml.link_type_id = lt.id)", "Plans": [{"Node Type": "Merge Join", "Parent Relationship": "Outer", "Join Type": "Inner", "Startup Cost": 70042213480.87, "Total Cost": 1483351513358.38, "Plan Rows": 1, "Plan Width": 40, "Inner Unique": false, "Merge Cond": "(mk.movie_id = ml.movie_id)", "Plans": [{"Node Type": "Nested Loop", "Parent Relationship": "Outer", "Join Type": "Inner", "Startup Cost": 20000000000.0, "Total Cost": 2000015686764.79, "Plan Rows": 33, "Plan Width": 4, "Inner Unique": true, "Join Filter": "(k.id = mk.keyword_id)", "Plans": [{"Node Type": "Index Scan", "Parent Relationship": "Outer", "Scan Direction": "Forward", "Index Name": "movie_id_movie_keyword", "Relation Name": "movie_keyword", "Alias": "mk", "Startup Cost": 10000000000.0, "Total Cost": 1000015300634.17, "Plan Rows": 4523929, "Plan Width": 8}, {"Node Type": "Materialize", "Parent Relationship": "Inner", "Startup Cost": 10000000000.0, "Total Cost": 1000000318271.69, "Plan Rows": 1, "Plan Width": 4, "Plans": [{"Node Type": "Index Scan", "Parent Relationship": "Outer", "Scan Direction": "Forward", "Index Name": "keyword_pkey", "Relation Name": "keyword", "Alias": "k", "Startup Cost": 10000000000.0, "Total Cost": 1000000318271.68, "Plan Rows": 1, "Plan Width": 4, "Filter": "((keyword)::text = 'sequel'::text)"}]}]}, {"Node Type": "Materialize", "Parent Relationship": "Inner", "Startup Cost": 50042213480.87, "Total Cost": 1403351038001.82, "Plan Rows": 12, "Plan Width": 52, "Plans": [{"Node Type": "Merge Join", "Parent Relationship": "Outer", "Join Type": "Inner", "Startup Cost": 50042213480.87, "Total Cost": 1403351038001.79, "Plan Rows": 12, "Plan Width": 52, "Inner Unique": false, "Merge Cond": "(mc.movie_id = ml.movie_id)", "Plans": [{"Node Type": "Nested Loop", "Parent Relationship": "Outer", "Join Type": "Inner", "Startup Cost": 30000000000.0, "Total Cost": 3000562648430.49, "Plan Rows": 211110, "Plan Width": 23, "Inner Unique": true, "Join Filter": "(mc.company_id = cn.id), (LLVM Optimized)", "Plans": [{"Node Type": "Nested Loop", "Parent Relationship": "Outer", "Join Type": "Inner", "Startup Cost": 20000000000.0, "Total Cost": 2000013072218.67, "Plan Rows": 634743, "Plan Width": 8, "Inner Unique": true, "Join Filter": "(ct.id = mc.company_type_id), (LLVM Optimized)", "Plans": [{"Node Type": "Index Scan", "Parent Relationship": "Outer", "Scan Direction": "Forward", "Index Name": "movie_id_movie_companies", "Relation Name": "movie_companies", "Alias": "mc", "Startup Cost": 10000000000.0, "Total Cost": 1000013051946.13, "Plan Rows": 1269486, "Plan Width": 12, "Filter": "(note IS NULL), (LLVM Optimized)"}, {"Node Type": "Materialize", "Parent Relationship": "Inner", "Startup Cost": 10000000000.0, "Total Cost": 1000000001230.26, "Plan Rows": 1, "Plan Width": 4, "Plans": [{"Node Type": "Index Scan", "Parent Relationship": "Outer", "Scan Direction": "Forward", "Index Name": "company_type_pkey", "Relation Name": "company_type", "Alias": "ct", "Startup Cost": 10000000000.0, "Total Cost": 1000000001230.25, "Plan Rows": 1, "Plan Width": 4, "Filter": "((kind)::text = 'production companies'::text)"}]}]}, {"Node Type": "Materialize", "Parent Relationship": "Inner", "Startup Cost": 10000000000.0, "Total Cost": 1000001167924.96, "Plan Rows": 57599, "Plan Width": 23, "Plans": [{"Node Type": "Index Scan", "Parent Relationship": "Outer", "Scan Direction": "Forward", "Index Name": "company_name_pkey", "Relation Name": "company_name", "Alias": "cn", "Startup Cost": 10000000000.0, "Total Cost": 1000001167636.97, "Plan Rows": 57599, "Plan Width": 23, "Filter": "(((country_code)::text <> '[pl]'::text) AND (((name)::text ~~ '%Film%'::text) OR ((name)::text ~~ '%Warner%'::text)))"}]}]}, {"Node Type": "Materialize", "Parent Relationship": "Inner", "Startup Cost": 20000000000.0, "Total Cost": 1257503175328.76, "Plan Rows": 19, "Plan Width": 29, "Plans": [{"Node Type": "Merge Join", "Parent Relationship": "Outer", "Join Type": "Inner", "Startup Cost": 20000000000.0, "Total Cost": 1257503175328.72, "Plan Rows": 19, "Plan Width": 29, "Inner Unique": true, "Merge Cond": "(ml.movie_id = t.id)", "Plans": [{"Node Type": "Index Scan", "Parent Relationship": "Outer", "Scan Direction": "Forward", "Index Name": "movie_id_movie_link", "Relation Name": "movie_link", "Alias": "ml", "Startup Cost": 10000000000.0, "Total Cost": 1000000106202.37, "Plan Rows": 29996, "Plan Width": 8}, {"Node Type": "Materialize", "Parent Relationship": "Inner", "Startup Cost": 10000000000.0, "Total Cost": 1000012276204.42, "Plan Rows": 4, "Plan Width": 21, "Plans": [{"Node Type": "Index Scan", "Parent Relationship": "Outer", "Scan Direction": "Forward", "Index Name": "title_pkey", "Relation Name": "title", "Alias": "t", "Startup Cost": 10000000000.0, "Total Cost": 1000012276204.41, "Plan Rows": 4, "Plan Width": 21, "Filter": "(((title)::text ~~ '%Money%'::text) AND (production_year = 1998))"}]}]}]}]}]}]}, {"Node Type": "Index Scan", "Parent Relationship": "Inner", "Scan Direction": "Forward", "Index Name": "link_type_pkey", "Relation Name": "link_type", "Alias": "lt", "Startup Cost": 10000000000.0, "Total Cost": 1000000001254.75, "Plan Rows": 1, "Plan Width": 16, "Filter": "((link)::text ~~ '%follows%'::text)"}]}]}, "Unique SQL Id": 4121279504}, "explain_analyze_plan": null}, "(64, 12)": {"explain_plan": {"Plan": {"Node Type": "Aggregate", "Strategy": "Plain", "Startup Cost": 2585.63, "Total Cost": 2585.64, "Plan Rows": 1, "Plan Width": 144, "Plans": [{"Node Type": "Nested Loop", "Parent Relationship": "Outer", "Join Type": "Inner", "Startup Cost": 0.0, "Total Cost": 2585.62, "Plan Rows": 1, "Plan Width": 48, "Inner Unique": true, "Plans": [{"Node Type": "Nested Loop", "Parent Relationship": "Outer", "Join Type": "Inner", "Startup Cost": 0.0, "Total Cost": 2585.34, "Plan Rows": 1, "Plan Width": 40, "Inner Unique": false, "Join Filter": "(t.id = ml.movie_id)", "Plans": [{"Node Type": "Nested Loop", "Parent Relationship": "Outer", "Join Type": "Inner", "Startup Cost": 0.0, "Total Cost": 2584.93, "Plan Rows": 1, "Plan Width": 48, "Inner Unique": true, "Plans": [{"Node Type": "Nested Loop", "Parent Relationship": "Outer", "Join Type": "Inner", "Startup Cost": 0.0, "Total Cost": 2584.64, "Plan Rows": 1, "Plan Width": 52, "Inner Unique": true, "Plans": [{"Node Type": "Nested Loop", "Parent Relationship": "Outer", "Join Type": "Inner", "Startup Cost": 0.0, "Total Cost": 2584.35, "Plan Rows": 1, "Plan Width": 37, "Inner Unique": false, "Join Filter": "(t.id = mc.movie_id)", "Plans": [{"Node Type": "Nested Loop", "Parent Relationship": "Outer", "Join Type": "Inner", "Startup Cost": 0.0, "Total Cost": 2584.01, "Plan Rows": 1, "Plan Width": 25, "Inner Unique": true, "Plans": [{"Node Type": "Nested Loop", "Parent Relationship": "Outer", "Join Type": "Inner", "Startup Cost": 0.0, "Total Cost": 2573.32, "Plan Rows": 33, "Plan Width": 4, "Inner Unique": false, "Plans": [{"Node Type": "Seq Scan", "Parent Relationship": "Outer", "Relation Name": "keyword", "Alias": "k", "Startup Cost": 0.0, "Total Cost": 2436.11, "Plan Rows": 1, "Plan Width": 4, "Filter": "((keyword)::text = 'sequel'::text)"}, {"Node Type": "Index Scan", "Parent Relationship": "Inner", "Scan Direction": "Forward", "Index Name": "keyword_id_movie_keyword", "Relation Name": "movie_keyword", "Alias": "mk", "Startup Cost": 0.0, "Total Cost": 136.88, "Plan Rows": 33, "Plan Width": 8, "Index Cond": "(keyword_id = k.id)"}]}, {"Node Type": "Index Scan", "Parent Relationship": "Inner", "Scan Direction": "Forward", "Index Name": "title_pkey", "Relation Name": "title", "Alias": "t", "Startup Cost": 0.0, "Total Cost": 0.31, "Plan Rows": 1, "Plan Width": 21, "Index Cond": "(id = mk.movie_id)", "Filter": "(((title)::text ~~ '%Money%'::text) AND (production_year = 1998))"}]}, {"Node Type": "Index Scan", "Parent Relationship": "Inner", "Scan Direction": "Forward", "Index Name": "movie_id_movie_companies", "Relation Name": "movie_companies", "Alias": "mc", "Startup Cost": 0.0, "Total Cost": 0.31, "Plan Rows": 2, "Plan Width": 12, "Index Cond": "(movie_id = mk.movie_id)", "Filter": "(note IS NULL)"}]}, {"Node Type": "Index Scan", "Parent Relationship": "Inner", "Scan Direction": "Forward", "Index Name": "company_name_pkey", "Relation Name": "company_name", "Alias": "cn", "Startup Cost": 0.0, "Total Cost": 0.29, "Plan Rows": 1, "Plan Width": 23, "Index Cond": "(id = mc.company_id)", "Filter": "(((country_code)::text <> '[pl]'::text) AND (((name)::text ~~ '%Film%'::text) OR ((name)::text ~~ '%Warner%'::text)))"}]}, {"Node Type": "Index Scan", "Parent Relationship": "Inner", "Scan Direction": "Forward", "Index Name": "company_type_pkey", "Relation Name": "company_type", "Alias": "ct", "Startup Cost": 0.0, "Total Cost": 0.27, "Plan Rows": 1, "Plan Width": 4, "Index Cond": "(id = mc.company_type_id)", "Filter": "((kind)::text = 'production companies'::text)"}]}, {"Node Type": "Index Scan", "Parent Relationship": "Inner", "Scan Direction": "Forward", "Index Name": "movie_id_movie_link", "Relation Name": "movie_link", "Alias": "ml", "Startup Cost": 0.0, "Total Cost": 0.35, "Plan Rows": 5, "Plan Width": 8, "Index Cond": "(movie_id = mk.movie_id)"}]}, {"Node Type": "Index Scan", "Parent Relationship": "Inner", "Scan Direction": "Forward", "Index Name": "link_type_pkey", "Relation Name": "link_type", "Alias": "lt", "Startup Cost": 0.0, "Total Cost": 0.27, "Plan Rows": 1, "Plan Width": 16, "Index Cond": "(id = ml.link_type_id)", "Filter": "((link)::text ~~ '%follows%'::text)"}]}]}, "Unique SQL Id": 4121279504}, "explain_analyze_plan": {"Plan": {"Node Type": "Aggregate", "Strategy": "Plain", "Startup Cost": 2585.63, "Total Cost": 2585.64, "Plan Rows": 1, "Plan Width": 144, "Actual Startup Time": 120.206, "Actual Total Time": 120.207, "Actual Rows": 1, "Actual Loops": 1, "Plans": [{"Node Type": "Nested Loop", "Parent Relationship": "Outer", "Join Type": "Inner", "Startup Cost": 0.0, "Total Cost": 2585.62, "Plan Rows": 1, "Plan Width": 48, "Actual Startup Time": 120.199, "Actual Total Time": 120.199, "Actual Rows": 0, "Actual Loops": 1, "Inner Unique": true, "Plans": [{"Node Type": "Nested Loop", "Parent Relationship": "Outer", "Join Type": "Inner", "Startup Cost": 0.0, "Total Cost": 2585.34, "Plan Rows": 1, "Plan Width": 40, "Actual Startup Time": 2.804, "Actual Total Time": 120.112, "Actual Rows": 38, "Actual Loops": 1, "Inner Unique": false, "Join Filter": "(t.id = ml.movie_id)", "Rows Removed by Join Filter": 0, "Plans": [{"Node Type": "Nested Loop", "Parent Relationship": "Outer", "Join Type": "Inner", "Startup Cost": 0.0, "Total Cost": 2584.93, "Plan Rows": 1, "Plan Width": 48, "Actual Startup Time": 2.79, "Actual Total Time": 120.066, "Actual Rows": 2, "Actual Loops": 1, "Inner Unique": true, "Plans": [{"Node Type": "Nested Loop", "Parent Relationship": "Outer", "Join Type": "Inner", "Startup Cost": 0.0, "Total Cost": 2584.64, "Plan Rows": 1, "Plan Width": 52, "Actual Startup Time": 2.781, "Actual Total Time": 120.052, "Actual Rows": 2, "Actual Loops": 1, "Inner Unique": true, "Plans": [{"Node Type": "Nested Loop", "Parent Relationship": "Outer", "Join Type": "Inner", "Startup Cost": 0.0, "Total Cost": 2584.35, "Plan Rows": 1, "Plan Width": 37, "Actual Startup Time": 2.759, "Actual Total Time": 120.009, "Actual Rows": 3, "Actual Loops": 1, "Inner Unique": false, "Join Filter": "(t.id = mc.movie_id)", "Rows Removed by Join Filter": 0, "Plans": [{"Node Type": "Nested Loop", "Parent Relationship": "Outer", "Join Type": "Inner", "Startup Cost": 0.0, "Total Cost": 2584.01, "Plan Rows": 1, "Plan Width": 25, "Actual Startup Time": 2.739, "Actual Total Time": 119.985, "Actual Rows": 1, "Actual Loops": 1, "Inner Unique": true, "Plans": [{"Node Type": "Nested Loop", "Parent Relationship": "Outer", "Join Type": "Inner", "Startup Cost": 0.0, "Total Cost": 2573.32, "Plan Rows": 33, "Plan Width": 4, "Actual Startup Time": 2.392, "Actual Total Time": 59.078, "Actual Rows": 10544, "Actual Loops": 1, "Inner Unique": false, "Plans": [{"Node Type": "Seq Scan", "Parent Relationship": "Outer", "Relation Name": "keyword", "Alias": "k", "Startup Cost": 0.0, "Total Cost": 2436.11, "Plan Rows": 1, "Plan Width": 4, "Actual Startup Time": 2.347, "Actual Total Time": 41.646, "Actual Rows": 1, "Actual Loops": 1, "Filter": "((keyword)::text = 'sequel'::text)", "Rows Removed by Filter": 134168}, {"Node Type": "Index Scan", "Parent Relationship": "Inner", "Scan Direction": "Forward", "Index Name": "keyword_id_movie_keyword", "Relation Name": "movie_keyword", "Alias": "mk", "Startup Cost": 0.0, "Total Cost": 136.88, "Plan Rows": 33, "Plan Width": 8, "Actual Startup Time": 0.038, "Actual Total Time": 15.158, "Actual Rows": 10544, "Actual Loops": 1, "Index Cond": "(keyword_id = k.id)", "Rows Removed by Index Recheck": 0}]}, {"Node Type": "Index Scan", "Parent Relationship": "Inner", "Scan Direction": "Forward", "Index Name": "title_pkey", "Relation Name": "title", "Alias": "t", "Startup Cost": 0.0, "Total Cost": 0.31, "Plan Rows": 1, "Plan Width": 21, "Actual Startup Time": 55.67, "Actual Total Time": 55.67, "Actual Rows": 1, "Actual Loops": 10544, "Index Cond": "(id = mk.movie_id)", "Rows Removed by Index Recheck": 0, "Filter": "(((title)::text ~~ '%Money%'::text) AND (production_year = 1998))", "Rows Removed by Filter": 10543}]}, {"Node Type": "Index Scan", "Parent Relationship": "Inner", "Scan Direction": "Forward", "Index Name": "movie_id_movie_companies", "Relation Name": "movie_companies", "Alias": "mc", "Startup Cost": 0.0, "Total Cost": 0.31, "Plan Rows": 2, "Plan Width": 12, "Actual Startup Time": 0.016, "Actual Total Time": 0.017, "Actual Rows": 3, "Actual Loops": 1, "Index Cond": "(movie_id = mk.movie_id)", "Rows Removed by Index Recheck": 0, "Filter": "(note IS NULL)", "Rows Removed by Filter": 1}]}, {"Node Type": "Index Scan", "Parent Relationship": "Inner", "Scan Direction": "Forward", "Index Name": "company_name_pkey", "Relation Name": "company_name", "Alias": "cn", "Startup Cost": 0.0, "Total Cost": 0.29, "Plan Rows": 1, "Plan Width": 23, "Actual Startup Time": 0.038, "Actual Total Time": 0.038, "Actual Rows": 2, "Actual Loops": 3, "Index Cond": "(id = mc.company_id)", "Rows Removed by Index Recheck": 0, "Filter": "(((country_code)::text <> '[pl]'::text) AND (((name)::text ~~ '%Film%'::text) OR ((name)::text ~~ '%Warner%'::text)))", "Rows Removed by Filter": 1}]}, {"Node Type": "Index Scan", "Parent Relationship": "Inner", "Scan Direction": "Forward", "Index Name": "company_type_pkey", "Relation Name": "company_type", "Alias": "ct", "Startup Cost": 0.0, "Total Cost": 0.27, "Plan Rows": 1, "Plan Width": 4, "Actual Startup Time": 0.01, "Actual Total Time": 0.01, "Actual Rows": 2, "Actual Loops": 2, "Index Cond": "(id = mc.company_type_id)", "Rows Removed by Index Recheck": 0, "Filter": "((kind)::text = 'production companies'::text)", "Rows Removed by Filter": 0}]}, {"Node Type": "Index Scan", "Parent Relationship": "Inner", "Scan Direction": "Forward", "Index Name": "movie_id_movie_link", "Relation Name": "movie_link", "Alias": "ml", "Startup Cost": 0.0, "Total Cost": 0.35, "Plan Rows": 5, "Plan Width": 8, "Actual Startup Time": 0.015, "Actual Total Time": 0.031, "Actual Rows": 38, "Actual Loops": 2, "Index Cond": "(movie_id = mk.movie_id)", "Rows Removed by Index Recheck": 0}]}, {"Node Type": "Index Scan", "Parent Relationship": "Inner", "Scan Direction": "Forward", "Index Name": "link_type_pkey", "Relation Name": "link_type", "Alias": "lt", "Startup Cost": 0.0, "Total Cost": 0.27, "Plan Rows": 1, "Plan Width": 16, "Actual Startup Time": 0.063, "Actual Total Time": 0.063, "Actual Rows": 0, "Actual Loops": 38, "Index Cond": "(id = ml.link_type_id)", "Rows Removed by Index Recheck": 0, "Filter": "((link)::text ~~ '%follows%'::text)", "Rows Removed by Filter": 24}]}]}, "Triggers": [], "Planner Runtime": 76.567, "Total Runtime": 120.592, "Unique SQL Id": 4121279504}}, "(64, 13)": {"explain_plan": {"Plan": {"Node Type": "Aggregate", "Strategy": "Plain", "Startup Cost": 3332.23, "Total Cost": 3332.24, "Plan Rows": 1, "Plan Width": 144, "Plans": [{"Node Type": "Nested Loop", "Parent Relationship": "Outer", "Join Type": "Inner", "Startup Cost": 0.0, "Total Cost": 3332.23, "Plan Rows": 1, "Plan Width": 48, "Inner Unique": true, "Plans": [{"Node Type": "Nested Loop", "Parent Relationship": "Outer", "Join Type": "Inner", "Startup Cost": 0.0, "Total Cost": 3331.94, "Plan Rows": 1, "Plan Width": 40, "Inner Unique": false, "Join Filter": "(t.id = ml.movie_id)", "Plans": [{"Node Type": "Nested Loop", "Parent Relationship": "Outer", "Join Type": "Inner", "Startup Cost": 0.0, "Total Cost": 3331.53, "Plan Rows": 1, "Plan Width": 48, "Inner Unique": true, "Plans": [{"Node Type": "Nested Loop", "Parent Relationship": "Outer", "Join Type": "Inner", "Startup Cost": 0.0, "Total Cost": 3331.25, "Plan Rows": 1, "Plan Width": 52, "Inner Unique": true, "Plans": [{"Node Type": "Nested Loop", "Parent Relationship": "Outer", "Join Type": "Inner", "Startup Cost": 0.0, "Total Cost": 3330.95, "Plan Rows": 1, "Plan Width": 37, "Inner Unique": false, "Join Filter": "(t.id = mc.movie_id)", "Plans": [{"Node Type": "Nested Loop", "Parent Relationship": "Outer", "Join Type": "Inner", "Startup Cost": 0.0, "Total Cost": 3330.61, "Plan Rows": 1, "Plan Width": 25, "Inner Unique": true, "Plans": [{"Node Type": "Nested Loop", "Parent Relationship": "Outer", "Join Type": "Inner", "Startup Cost": 0.0, "Total Cost": 3319.92, "Plan Rows": 33, "Plan Width": 4, "Inner Unique": false, "Plans": [{"Node Type": "Index Scan", "Parent Relationship": "Outer", "Scan Direction": "Forward", "Index Name": "keyword_pkey", "Relation Name": "keyword", "Alias": "k", "Startup Cost": 0.0, "Total Cost": 3182.72, "Plan Rows": 1, "Plan Width": 4, "Filter": "((keyword)::text = 'sequel'::text)"}, {"Node Type": "Index Scan", "Parent Relationship": "Inner", "Scan Direction": "Forward", "Index Name": "keyword_id_movie_keyword", "Relation Name": "movie_keyword", "Alias": "mk", "Startup Cost": 0.0, "Total Cost": 136.88, "Plan Rows": 33, "Plan Width": 8, "Index Cond": "(keyword_id = k.id)"}]}, {"Node Type": "Index Scan", "Parent Relationship": "Inner", "Scan Direction": "Forward", "Index Name": "title_pkey", "Relation Name": "title", "Alias": "t", "Startup Cost": 0.0, "Total Cost": 0.31, "Plan Rows": 1, "Plan Width": 21, "Index Cond": "(id = mk.movie_id)", "Filter": "(((title)::text ~~ '%Money%'::text) AND (production_year = 1998))"}]}, {"Node Type": "Index Scan", "Parent Relationship": "Inner", "Scan Direction": "Forward", "Index Name": "movie_id_movie_companies", "Relation Name": "movie_companies", "Alias": "mc", "Startup Cost": 0.0, "Total Cost": 0.31, "Plan Rows": 2, "Plan Width": 12, "Index Cond": "(movie_id = mk.movie_id)", "Filter": "(note IS NULL)"}]}, {"Node Type": "Index Scan", "Parent Relationship": "Inner", "Scan Direction": "Forward", "Index Name": "company_name_pkey", "Relation Name": "company_name", "Alias": "cn", "Startup Cost": 0.0, "Total Cost": 0.29, "Plan Rows": 1, "Plan Width": 23, "Index Cond": "(id = mc.company_id)", "Filter": "(((country_code)::text <> '[pl]'::text) AND (((name)::text ~~ '%Film%'::text) OR ((name)::text ~~ '%Warner%'::text)))"}]}, {"Node Type": "Index Scan", "Parent Relationship": "Inner", "Scan Direction": "Forward", "Index Name": "company_type_pkey", "Relation Name": "company_type", "Alias": "ct", "Startup Cost": 0.0, "Total Cost": 0.27, "Plan Rows": 1, "Plan Width": 4, "Index Cond": "(id = mc.company_type_id)", "Filter": "((kind)::text = 'production companies'::text)"}]}, {"Node Type": "Index Scan", "Parent Relationship": "Inner", "Scan Direction": "Forward", "Index Name": "movie_id_movie_link", "Relation Name": "movie_link", "Alias": "ml", "Startup Cost": 0.0, "Total Cost": 0.35, "Plan Rows": 5, "Plan Width": 8, "Index Cond": "(movie_id = mk.movie_id)"}]}, {"Node Type": "Index Scan", "Parent Relationship": "Inner", "Scan Direction": "Forward", "Index Name": "link_type_pkey", "Relation Name": "link_type", "Alias": "lt", "Startup Cost": 0.0, "Total Cost": 0.27, "Plan Rows": 1, "Plan Width": 16, "Index Cond": "(id = ml.link_type_id)", "Filter": "((link)::text ~~ '%follows%'::text)"}]}]}, "Unique SQL Id": 4121279504}, "explain_analyze_plan": {"Plan": {"Node Type": "Aggregate", "Strategy": "Plain", "Startup Cost": 3332.23, "Total Cost": 3332.24, "Plan Rows": 1, "Plan Width": 144, "Actual Startup Time": 195.478, "Actual Total Time": 195.479, "Actual Rows": 1, "Actual Loops": 1, "Plans": [{"Node Type": "Nested Loop", "Parent Relationship": "Outer", "Join Type": "Inner", "Startup Cost": 0.0, "Total Cost": 3332.23, "Plan Rows": 1, "Plan Width": 48, "Actual Startup Time": 195.466, "Actual Total Time": 195.466, "Actual Rows": 0, "Actual Loops": 1, "Inner Unique": true, "Plans": [{"Node Type": "Nested Loop", "Parent Relationship": "Outer", "Join Type": "Inner", "Startup Cost": 0.0, "Total Cost": 3331.94, "Plan Rows": 1, "Plan Width": 40, "Actual Startup Time": 1.022, "Actual Total Time": 195.379, "Actual Rows": 38, "Actual Loops": 1, "Inner Unique": false, "Join Filter": "(t.id = ml.movie_id)", "Rows Removed by Join Filter": 0, "Plans": [{"Node Type": "Nested Loop", "Parent Relationship": "Outer", "Join Type": "Inner", "Startup Cost": 0.0, "Total Cost": 3331.53, "Plan Rows": 1, "Plan Width": 48, "Actual Startup Time": 1.006, "Actual Total Time": 195.329, "Actual Rows": 2, "Actual Loops": 1, "Inner Unique": true, "Plans": [{"Node Type": "Nested Loop", "Parent Relationship": "Outer", "Join Type": "Inner", "Startup Cost": 0.0, "Total Cost": 3331.25, "Plan Rows": 1, "Plan Width": 52, "Actual Startup Time": 0.993, "Actual Total Time": 195.312, "Actual Rows": 2, "Actual Loops": 1, "Inner Unique": true, "Plans": [{"Node Type": "Nested Loop", "Parent Relationship": "Outer", "Join Type": "Inner", "Startup Cost": 0.0, "Total Cost": 3330.95, "Plan Rows": 1, "Plan Width": 37, "Actual Startup Time": 0.971, "Actual Total Time": 195.27, "Actual Rows": 3, "Actual Loops": 1, "Inner Unique": false, "Join Filter": "(t.id = mc.movie_id)", "Rows Removed by Join Filter": 0, "Plans": [{"Node Type": "Nested Loop", "Parent Relationship": "Outer", "Join Type": "Inner", "Startup Cost": 0.0, "Total Cost": 3330.61, "Plan Rows": 1, "Plan Width": 25, "Actual Startup Time": 0.949, "Actual Total Time": 195.245, "Actual Rows": 1, "Actual Loops": 1, "Inner Unique": true, "Plans": [{"Node Type": "Nested Loop", "Parent Relationship": "Outer", "Join Type": "Inner", "Startup Cost": 0.0, "Total Cost": 3319.92, "Plan Rows": 33, "Plan Width": 4, "Actual Startup Time": 0.597, "Actual Total Time": 133.24, "Actual Rows": 10544, "Actual Loops": 1, "Inner Unique": false, "Plans": [{"Node Type": "Index Scan", "Parent Relationship": "Outer", "Scan Direction": "Forward", "Index Name": "keyword_pkey", "Relation Name": "keyword", "Alias": "k", "Startup Cost": 0.0, "Total Cost": 3182.72, "Plan Rows": 1, "Plan Width": 4, "Actual Startup Time": 0.557, "Actual Total Time": 115.424, "Actual Rows": 1, "Actual Loops": 1, "Filter": "((keyword)::text = 'sequel'::text)", "Rows Removed by Filter": 134168}, {"Node Type": "Index Scan", "Parent Relationship": "Inner", "Scan Direction": "Forward", "Index Name": "keyword_id_movie_keyword", "Relation Name": "movie_keyword", "Alias": "mk", "Startup Cost": 0.0, "Total Cost": 136.88, "Plan Rows": 33, "Plan Width": 8, "Actual Startup Time": 0.033, "Actual Total Time": 15.557, "Actual Rows": 10544, "Actual Loops": 1, "Index Cond": "(keyword_id = k.id)", "Rows Removed by Index Recheck": 0}]}, {"Node Type": "Index Scan", "Parent Relationship": "Inner", "Scan Direction": "Forward", "Index Name": "title_pkey", "Relation Name": "title", "Alias": "t", "Startup Cost": 0.0, "Total Cost": 0.31, "Plan Rows": 1, "Plan Width": 21, "Actual Startup Time": 56.68, "Actual Total Time": 56.68, "Actual Rows": 1, "Actual Loops": 10544, "Index Cond": "(id = mk.movie_id)", "Rows Removed by Index Recheck": 0, "Filter": "(((title)::text ~~ '%Money%'::text) AND (production_year = 1998))", "Rows Removed by Filter": 10543}]}, {"Node Type": "Index Scan", "Parent Relationship": "Inner", "Scan Direction": "Forward", "Index Name": "movie_id_movie_companies", "Relation Name": "movie_companies", "Alias": "mc", "Startup Cost": 0.0, "Total Cost": 0.31, "Plan Rows": 2, "Plan Width": 12, "Actual Startup Time": 0.019, "Actual Total Time": 0.022, "Actual Rows": 3, "Actual Loops": 1, "Index Cond": "(movie_id = mk.movie_id)", "Rows Removed by Index Recheck": 0, "Filter": "(note IS NULL)", "Rows Removed by Filter": 1}]}, {"Node Type": "Index Scan", "Parent Relationship": "Inner", "Scan Direction": "Forward", "Index Name": "company_name_pkey", "Relation Name": "company_name", "Alias": "cn", "Startup Cost": 0.0, "Total Cost": 0.29, "Plan Rows": 1, "Plan Width": 23, "Actual Startup Time": 0.038, "Actual Total Time": 0.038, "Actual Rows": 2, "Actual Loops": 3, "Index Cond": "(id = mc.company_id)", "Rows Removed by Index Recheck": 0, "Filter": "(((country_code)::text <> '[pl]'::text) AND (((name)::text ~~ '%Film%'::text) OR ((name)::text ~~ '%Warner%'::text)))", "Rows Removed by Filter": 1}]}, {"Node Type": "Index Scan", "Parent Relationship": "Inner", "Scan Direction": "Forward", "Index Name": "company_type_pkey", "Relation Name": "company_type", "Alias": "ct", "Startup Cost": 0.0, "Total Cost": 0.27, "Plan Rows": 1, "Plan Width": 4, "Actual Startup Time": 0.013, "Actual Total Time": 0.013, "Actual Rows": 2, "Actual Loops": 2, "Index Cond": "(id = mc.company_type_id)", "Rows Removed by Index Recheck": 0, "Filter": "((kind)::text = 'production companies'::text)", "Rows Removed by Filter": 0}]}, {"Node Type": "Index Scan", "Parent Relationship": "Inner", "Scan Direction": "Forward", "Index Name": "movie_id_movie_link", "Relation Name": "movie_link", "Alias": "ml", "Startup Cost": 0.0, "Total Cost": 0.35, "Plan Rows": 5, "Plan Width": 8, "Actual Startup Time": 0.017, "Actual Total Time": 0.028, "Actual Rows": 38, "Actual Loops": 2, "Index Cond": "(movie_id = mk.movie_id)", "Rows Removed by Index Recheck": 0}]}, {"Node Type": "Index Scan", "Parent Relationship": "Inner", "Scan Direction": "Forward", "Index Name": "link_type_pkey", "Relation Name": "link_type", "Alias": "lt", "Startup Cost": 0.0, "Total Cost": 0.27, "Plan Rows": 1, "Plan Width": 16, "Actual Startup Time": 0.066, "Actual Total Time": 0.066, "Actual Rows": 0, "Actual Loops": 38, "Index Cond": "(id = ml.link_type_id)", "Rows Removed by Index Recheck": 0, "Filter": "((link)::text ~~ '%follows%'::text)", "Rows Removed by Filter": 24}]}]}, "Triggers": [], "Planner Runtime": 69.692, "Total Runtime": 195.978, "Unique SQL Id": 4121279504}}, "(64, 14)": {"explain_plan": {"Plan": {"Node Type": "Aggregate", "Strategy": "Plain", "Startup Cost": 193984.03, "Total Cost": 193984.04, "Plan Rows": 1, "Plan Width": 144, "Plans": [{"Node Type": "Nested Loop", "Parent Relationship": "Outer", "Join Type": "Inner", "Startup Cost": 66572.36, "Total Cost": 193984.02, "Plan Rows": 1, "Plan Width": 48, "Inner Unique": true, "Join Filter": "(ml.link_type_id = lt.id)", "Plans": [{"Node Type": "Nested Loop", "Parent Relationship": "Outer", "Join Type": "Inner", "Startup Cost": 66572.36, "Total Cost": 193982.8, "Plan Rows": 1, "Plan Width": 40, "Inner Unique": false, "Join Filter": "(t.id = ml.movie_id)", "Plans": [{"Node Type": "Nested Loop", "Parent Relationship": "Outer", "Join Type": "Inner", "Startup Cost": 66572.36, "Total Cost": 193176.89, "Plan Rows": 1, "Plan Width": 48, "Inner Unique": true, "Join Filter": "(mc.company_id = cn.id)", "Plans": [{"Node Type": "Nested Loop", "Parent Relationship": "Outer", "Join Type": "Inner", "Startup Cost": 66572.36, "Total Cost": 185378.47, "Plan Rows": 1, "Plan Width": 33, "Inner Unique": false, "Join Filter": "(mk.movie_id = t.id)", "Plans": [{"Node Type": "Hash Join", "Parent Relationship": "Outer", "Join Type": "Inner", "Startup Cost": 2436.12, "Total Cost": 76215.84, "Plan Rows": 33, "Plan Width": 4, "Inner Unique": true, "Hash Cond": "(mk.keyword_id = k.id)", "Plans": [{"Node Type": "Seq Scan", "Parent Relationship": "Outer", "Relation Name": "movie_keyword", "Alias": "mk", "Startup Cost": 0.0, "Total Cost": 62441.29, "Plan Rows": 4523929, "Plan Width": 8}, {"Node Type": "Hash", "Parent Relationship": "Inner", "Startup Cost": 2436.11, "Total Cost": 2436.11, "Plan Rows": 1, "Plan Width": 4, "Plans": [{"Node Type": "Seq Scan", "Parent Relationship": "Outer", "Relation Name": "keyword", "Alias": "k", "Startup Cost": 0.0, "Total Cost": 2436.11, "Plan Rows": 1, "Plan Width": 4, "Filter": "((keyword)::text = 'sequel'::text)"}]}]}, {"Node Type": "Materialize", "Parent Relationship": "Inner", "Startup Cost": 64136.24, "Total Cost": 109160.17, "Plan Rows": 5, "Plan Width": 29, "Plans": [{"Node Type": "Nested Loop", "Parent Relationship": "Outer", "Join Type": "Inner", "Startup Cost": 64136.24, "Total Cost": 109160.14, "Plan Rows": 5, "Plan Width": 29, "Inner Unique": false, "Join Filter": "(mc.company_type_id = ct.id)", "Plans": [{"Node Type": "Seq Scan", "Parent Relationship": "Outer", "Relation Name": "company_type", "Alias": "ct", "Startup Cost": 0.0, "Total Cost": 1.04, "Plan Rows": 1, "Plan Width": 4, "Filter": "((kind)::text = 'production companies'::text)"}, {"Node Type": "Materialize", "Parent Relationship": "Inner", "Startup Cost": 64136.24, "Total Cost": 109159.04, "Plan Rows": 6, "Plan Width": 33, "Plans": [{"Node Type": "Hash Join", "Parent Relationship": "Outer", "Join Type": "Inner", "Startup Cost": 64136.24, "Total Cost": 109159.03, "Plan Rows": 6, "Plan Width": 33, "Inner Unique": true, "Hash Cond": "(mc.movie_id = t.id)", "Plans": [{"Node Type": "Seq Scan", "Parent Relationship": "Outer", "Relation Name": "movie_companies", "Alias": "mc", "Startup Cost": 0.0, "Total Cost": 41817.28, "Plan Rows": 1269486, "Plan Width": 12, "Filter": "(note IS NULL), (LLVM Optimized)"}, {"Node Type": "Hash", "Parent Relationship": "Inner", "Startup Cost": 64136.19, "Total Cost": 64136.19, "Plan Rows": 4, "Plan Width": 21, "Plans": [{"Node Type": "Streaming(type: LOCAL GATHER dop: 1/64)", "Parent Relationship": "Outer", "Startup Cost": 0.0, "Total Cost": 64136.19, "Plan Rows": 4, "Plan Width": 21, "Plans": [{"Node Type": "Seq Scan", "Parent Relationship": "Outer", "Relation Name": "title", "Alias": "t", "Startup Cost": 0.0, "Total Cost": 64136.1, "Plan Rows": 4, "Plan Width": 21, "Filter": "(((title)::text ~~ '%Money%'::text) AND (production_year = 1998))"}]}]}]}]}]}]}]}, {"Node Type": "Seq Scan", "Parent Relationship": "Inner", "Relation Name": "company_name", "Alias": "cn", "Startup Cost": 0.0, "Total Cost": 7078.43, "Plan Rows": 57599, "Plan Width": 23, "Filter": "(((country_code)::text <> '[pl]'::text) AND (((name)::text ~~ '%Film%'::text) OR ((name)::text ~~ '%Warner%'::text)))"}]}, {"Node Type": "Seq Scan", "Parent Relationship": "Inner", "Relation Name": "movie_link", "Alias": "ml", "Startup Cost": 0.0, "Total Cost": 430.96, "Plan Rows": 29996, "Plan Width": 8}]}, {"Node Type": "Seq Scan", "Parent Relationship": "Inner", "Relation Name": "link_type", "Alias": "lt", "Startup Cost": 0.0, "Total Cost": 1.21, "Plan Rows": 1, "Plan Width": 16, "Filter": "((link)::text ~~ '%follows%'::text)"}]}]}, "Unique SQL Id": 4121279504}, "explain_analyze_plan": null}, "(64, 15)": {"explain_plan": {"Plan": {"Node Type": "Aggregate", "Strategy": "Plain", "Startup Cost": 2483351514613.15, "Total Cost": 2483351514613.16, "Plan Rows": 1, "Plan Width": 144, "Plans": [{"Node Type": "Nested Loop", "Parent Relationship": "Outer", "Join Type": "Inner", "Startup Cost": 80042213480.87, "Total Cost": 2483351514613.14, "Plan Rows": 1, "Plan Width": 48, "Inner Unique": true, "Join Filter": "(ml.link_type_id = lt.id)", "Plans": [{"Node Type": "Merge Join", "Parent Relationship": "Outer", "Join Type": "Inner", "Startup Cost": 70042213480.87, "Total Cost": 1483351513358.38, "Plan Rows": 1, "Plan Width": 40, "Inner Unique": false, "Merge Cond": "(mk.movie_id = ml.movie_id)", "Plans": [{"Node Type": "Nested Loop", "Parent Relationship": "Outer", "Join Type": "Inner", "Startup Cost": 20000000000.0, "Total Cost": 2000015686764.79, "Plan Rows": 33, "Plan Width": 4, "Inner Unique": true, "Join Filter": "(k.id = mk.keyword_id)", "Plans": [{"Node Type": "Index Scan", "Parent Relationship": "Outer", "Scan Direction": "Forward", "Index Name": "movie_id_movie_keyword", "Relation Name": "movie_keyword", "Alias": "mk", "Startup Cost": 10000000000.0, "Total Cost": 1000015300634.17, "Plan Rows": 4523929, "Plan Width": 8}, {"Node Type": "Materialize", "Parent Relationship": "Inner", "Startup Cost": 10000000000.0, "Total Cost": 1000000318271.69, "Plan Rows": 1, "Plan Width": 4, "Plans": [{"Node Type": "Index Scan", "Parent Relationship": "Outer", "Scan Direction": "Forward", "Index Name": "keyword_pkey", "Relation Name": "keyword", "Alias": "k", "Startup Cost": 10000000000.0, "Total Cost": 1000000318271.68, "Plan Rows": 1, "Plan Width": 4, "Filter": "((keyword)::text = 'sequel'::text)"}]}]}, {"Node Type": "Materialize", "Parent Relationship": "Inner", "Startup Cost": 50042213480.87, "Total Cost": 1403351038001.82, "Plan Rows": 12, "Plan Width": 52, "Plans": [{"Node Type": "Merge Join", "Parent Relationship": "Outer", "Join Type": "Inner", "Startup Cost": 50042213480.87, "Total Cost": 1403351038001.79, "Plan Rows": 12, "Plan Width": 52, "Inner Unique": false, "Merge Cond": "(mc.movie_id = ml.movie_id)", "Plans": [{"Node Type": "Nested Loop", "Parent Relationship": "Outer", "Join Type": "Inner", "Startup Cost": 30000000000.0, "Total Cost": 3000562648430.49, "Plan Rows": 211110, "Plan Width": 23, "Inner Unique": true, "Join Filter": "(mc.company_id = cn.id), (LLVM Optimized)", "Plans": [{"Node Type": "Nested Loop", "Parent Relationship": "Outer", "Join Type": "Inner", "Startup Cost": 20000000000.0, "Total Cost": 2000013072218.67, "Plan Rows": 634743, "Plan Width": 8, "Inner Unique": true, "Join Filter": "(ct.id = mc.company_type_id), (LLVM Optimized)", "Plans": [{"Node Type": "Index Scan", "Parent Relationship": "Outer", "Scan Direction": "Forward", "Index Name": "movie_id_movie_companies", "Relation Name": "movie_companies", "Alias": "mc", "Startup Cost": 10000000000.0, "Total Cost": 1000013051946.13, "Plan Rows": 1269486, "Plan Width": 12, "Filter": "(note IS NULL), (LLVM Optimized)"}, {"Node Type": "Materialize", "Parent Relationship": "Inner", "Startup Cost": 10000000000.0, "Total Cost": 1000000001230.26, "Plan Rows": 1, "Plan Width": 4, "Plans": [{"Node Type": "Index Scan", "Parent Relationship": "Outer", "Scan Direction": "Forward", "Index Name": "company_type_pkey", "Relation Name": "company_type", "Alias": "ct", "Startup Cost": 10000000000.0, "Total Cost": 1000000001230.25, "Plan Rows": 1, "Plan Width": 4, "Filter": "((kind)::text = 'production companies'::text)"}]}]}, {"Node Type": "Materialize", "Parent Relationship": "Inner", "Startup Cost": 10000000000.0, "Total Cost": 1000001167924.96, "Plan Rows": 57599, "Plan Width": 23, "Plans": [{"Node Type": "Index Scan", "Parent Relationship": "Outer", "Scan Direction": "Forward", "Index Name": "company_name_pkey", "Relation Name": "company_name", "Alias": "cn", "Startup Cost": 10000000000.0, "Total Cost": 1000001167636.97, "Plan Rows": 57599, "Plan Width": 23, "Filter": "(((country_code)::text <> '[pl]'::text) AND (((name)::text ~~ '%Film%'::text) OR ((name)::text ~~ '%Warner%'::text)))"}]}]}, {"Node Type": "Materialize", "Parent Relationship": "Inner", "Startup Cost": 20000000000.0, "Total Cost": 1257503175328.76, "Plan Rows": 19, "Plan Width": 29, "Plans": [{"Node Type": "Merge Join", "Parent Relationship": "Outer", "Join Type": "Inner", "Startup Cost": 20000000000.0, "Total Cost": 1257503175328.72, "Plan Rows": 19, "Plan Width": 29, "Inner Unique": true, "Merge Cond": "(ml.movie_id = t.id)", "Plans": [{"Node Type": "Index Scan", "Parent Relationship": "Outer", "Scan Direction": "Forward", "Index Name": "movie_id_movie_link", "Relation Name": "movie_link", "Alias": "ml", "Startup Cost": 10000000000.0, "Total Cost": 1000000106202.37, "Plan Rows": 29996, "Plan Width": 8}, {"Node Type": "Materialize", "Parent Relationship": "Inner", "Startup Cost": 10000000000.0, "Total Cost": 1000012276204.42, "Plan Rows": 4, "Plan Width": 21, "Plans": [{"Node Type": "Index Scan", "Parent Relationship": "Outer", "Scan Direction": "Forward", "Index Name": "title_pkey", "Relation Name": "title", "Alias": "t", "Startup Cost": 10000000000.0, "Total Cost": 1000012276204.41, "Plan Rows": 4, "Plan Width": 21, "Filter": "(((title)::text ~~ '%Money%'::text) AND (production_year = 1998))"}]}]}]}]}]}]}, {"Node Type": "Index Scan", "Parent Relationship": "Inner", "Scan Direction": "Forward", "Index Name": "link_type_pkey", "Relation Name": "link_type", "Alias": "lt", "Startup Cost": 10000000000.0, "Total Cost": 1000000001254.75, "Plan Rows": 1, "Plan Width": 16, "Filter": "((link)::text ~~ '%follows%'::text)"}]}]}, "Unique SQL Id": 4121279504}, "explain_analyze_plan": null}, "(64, 16)": {"explain_plan": {"Plan": {"Node Type": "Aggregate", "Strategy": "Plain", "Startup Cost": 2581.34, "Total Cost": 2581.35, "Plan Rows": 1, "Plan Width": 144, "Plans": [{"Node Type": "Nested Loop", "Parent Relationship": "Outer", "Join Type": "Inner", "Startup Cost": 4.51, "Total Cost": 2581.33, "Plan Rows": 1, "Plan Width": 48, "Inner Unique": true, "Plans": [{"Node Type": "Nested Loop", "Parent Relationship": "Outer", "Join Type": "Inner", "Startup Cost": 4.51, "Total Cost": 2581.05, "Plan Rows": 1, "Plan Width": 40, "Inner Unique": false, "Join Filter": "(t.id = ml.movie_id)", "Plans": [{"Node Type": "Nested Loop", "Parent Relationship": "Outer", "Join Type": "Inner", "Startup Cost": 4.51, "Total Cost": 2580.63, "Plan Rows": 1, "Plan Width": 48, "Inner Unique": true, "Plans": [{"Node Type": "Nested Loop", "Parent Relationship": "Outer", "Join Type": "Inner", "Startup Cost": 4.51, "Total Cost": 2580.35, "Plan Rows": 1, "Plan Width": 52, "Inner Unique": true, "Plans": [{"Node Type": "Nested Loop", "Parent Relationship": "Outer", "Join Type": "Inner", "Startup Cost": 4.51, "Total Cost": 2580.05, "Plan Rows": 1, "Plan Width": 37, "Inner Unique": false, "Join Filter": "(t.id = mc.movie_id)", "Plans": [{"Node Type": "Nested Loop", "Parent Relationship": "Outer", "Join Type": "Inner", "Startup Cost": 4.51, "Total Cost": 2579.71, "Plan Rows": 1, "Plan Width": 25, "Inner Unique": true, "Plans": [{"Node Type": "Nested Loop", "Parent Relationship": "Outer", "Join Type": "Inner", "Startup Cost": 4.51, "Total Cost": 2569.02, "Plan Rows": 33, "Plan Width": 4, "Inner Unique": false, "Plans": [{"Node Type": "Seq Scan", "Parent Relationship": "Outer", "Relation Name": "keyword", "Alias": "k", "Startup Cost": 0.0, "Total Cost": 2436.11, "Plan Rows": 1, "Plan Width": 4, "Filter": "((keyword)::text = 'sequel'::text)"}, {"Node Type": "Bitmap Heap Scan", "Parent Relationship": "Inner", "Relation Name": "movie_keyword", "Alias": "mk", "Startup Cost": 4.51, "Total Cost": 132.58, "Plan Rows": 33, "Plan Width": 8, "Recheck Cond": "(keyword_id = k.id)", "Plans": [{"Node Type": "Bitmap Index Scan", "Parent Relationship": "Outer", "Index Name": "keyword_id_movie_keyword", "Startup Cost": 0.0, "Total Cost": 4.5, "Plan Rows": 33, "Plan Width": 0, "Index Cond": "(keyword_id = k.id)"}]}]}, {"Node Type": "Index Scan", "Parent Relationship": "Inner", "Scan Direction": "Forward", "Index Name": "title_pkey", "Relation Name": "title", "Alias": "t", "Startup Cost": 0.0, "Total Cost": 0.31, "Plan Rows": 1, "Plan Width": 21, "Index Cond": "(id = mk.movie_id)", "Filter": "(((title)::text ~~ '%Money%'::text) AND (production_year = 1998))"}]}, {"Node Type": "Index Scan", "Parent Relationship": "Inner", "Scan Direction": "Forward", "Index Name": "movie_id_movie_companies", "Relation Name": "movie_companies", "Alias": "mc", "Startup Cost": 0.0, "Total Cost": 0.31, "Plan Rows": 2, "Plan Width": 12, "Index Cond": "(movie_id = mk.movie_id)", "Filter": "(note IS NULL)"}]}, {"Node Type": "Index Scan", "Parent Relationship": "Inner", "Scan Direction": "Forward", "Index Name": "company_name_pkey", "Relation Name": "company_name", "Alias": "cn", "Startup Cost": 0.0, "Total Cost": 0.29, "Plan Rows": 1, "Plan Width": 23, "Index Cond": "(id = mc.company_id)", "Filter": "(((country_code)::text <> '[pl]'::text) AND (((name)::text ~~ '%Film%'::text) OR ((name)::text ~~ '%Warner%'::text)))"}]}, {"Node Type": "Index Scan", "Parent Relationship": "Inner", "Scan Direction": "Forward", "Index Name": "company_type_pkey", "Relation Name": "company_type", "Alias": "ct", "Startup Cost": 0.0, "Total Cost": 0.27, "Plan Rows": 1, "Plan Width": 4, "Index Cond": "(id = mc.company_type_id)", "Filter": "((kind)::text = 'production companies'::text)"}]}, {"Node Type": "Index Scan", "Parent Relationship": "Inner", "Scan Direction": "Forward", "Index Name": "movie_id_movie_link", "Relation Name": "movie_link", "Alias": "ml", "Startup Cost": 0.0, "Total Cost": 0.35, "Plan Rows": 5, "Plan Width": 8, "Index Cond": "(movie_id = mk.movie_id)"}]}, {"Node Type": "Index Scan", "Parent Relationship": "Inner", "Scan Direction": "Forward", "Index Name": "link_type_pkey", "Relation Name": "link_type", "Alias": "lt", "Startup Cost": 0.0, "Total Cost": 0.27, "Plan Rows": 1, "Plan Width": 16, "Index Cond": "(id = ml.link_type_id)", "Filter": "((link)::text ~~ '%follows%'::text)"}]}]}, "Unique SQL Id": 4121279504}, "explain_analyze_plan": {"Plan": {"Node Type": "Aggregate", "Strategy": "Plain", "Startup Cost": 2581.34, "Total Cost": 2581.35, "Plan Rows": 1, "Plan Width": 144, "Actual Startup Time": 123.557, "Actual Total Time": 123.557, "Actual Rows": 1, "Actual Loops": 1, "Plans": [{"Node Type": "Nested Loop", "Parent Relationship": "Outer", "Join Type": "Inner", "Startup Cost": 4.51, "Total Cost": 2581.33, "Plan Rows": 1, "Plan Width": 48, "Actual Startup Time": 123.547, "Actual Total Time": 123.547, "Actual Rows": 0, "Actual Loops": 1, "Inner Unique": true, "Plans": [{"Node Type": "Nested Loop", "Parent Relationship": "Outer", "Join Type": "Inner", "Startup Cost": 4.51, "Total Cost": 2581.05, "Plan Rows": 1, "Plan Width": 40, "Actual Startup Time": 5.886, "Actual Total Time": 123.447, "Actual Rows": 38, "Actual Loops": 1, "Inner Unique": false, "Join Filter": "(t.id = ml.movie_id)", "Rows Removed by Join Filter": 0, "Plans": [{"Node Type": "Nested Loop", "Parent Relationship": "Outer", "Join Type": "Inner", "Startup Cost": 4.51, "Total Cost": 2580.63, "Plan Rows": 1, "Plan Width": 48, "Actual Startup Time": 5.866, "Actual Total Time": 123.392, "Actual Rows": 2, "Actual Loops": 1, "Inner Unique": true, "Plans": [{"Node Type": "Nested Loop", "Parent Relationship": "Outer", "Join Type": "Inner", "Startup Cost": 4.51, "Total Cost": 2580.35, "Plan Rows": 1, "Plan Width": 52, "Actual Startup Time": 5.855, "Actual Total Time": 123.377, "Actual Rows": 2, "Actual Loops": 1, "Inner Unique": true, "Plans": [{"Node Type": "Nested Loop", "Parent Relationship": "Outer", "Join Type": "Inner", "Startup Cost": 4.51, "Total Cost": 2580.05, "Plan Rows": 1, "Plan Width": 37, "Actual Startup Time": 5.834, "Actual Total Time": 123.335, "Actual Rows": 3, "Actual Loops": 1, "Inner Unique": false, "Join Filter": "(t.id = mc.movie_id)", "Rows Removed by Join Filter": 0, "Plans": [{"Node Type": "Nested Loop", "Parent Relationship": "Outer", "Join Type": "Inner", "Startup Cost": 4.51, "Total Cost": 2579.71, "Plan Rows": 1, "Plan Width": 25, "Actual Startup Time": 5.809, "Actual Total Time": 123.305, "Actual Rows": 1, "Actual Loops": 1, "Inner Unique": true, "Plans": [{"Node Type": "Nested Loop", "Parent Relationship": "Outer", "Join Type": "Inner", "Startup Cost": 4.51, "Total Cost": 2569.02, "Plan Rows": 33, "Plan Width": 4, "Actual Startup Time": 5.443, "Actual Total Time": 62.982, "Actual Rows": 10544, "Actual Loops": 1, "Inner Unique": false, "Plans": [{"Node Type": "Seq Scan", "Parent Relationship": "Outer", "Relation Name": "keyword", "Alias": "k", "Startup Cost": 0.0, "Total Cost": 2436.11, "Plan Rows": 1, "Plan Width": 4, "Actual Startup Time": 2.358, "Actual Total Time": 41.641, "Actual Rows": 1, "Actual Loops": 1, "Filter": "((keyword)::text = 'sequel'::text)", "Rows Removed by Filter": 134168}, {"Node Type": "Bitmap Heap Scan", "Parent Relationship": "Inner", "Relation Name": "movie_keyword", "Alias": "mk", "Startup Cost": 4.51, "Total Cost": 132.58, "Plan Rows": 33, "Plan Width": 8, "Actual Startup Time": 3.074, "Actual Total Time": 19.121, "Actual Rows": 10544, "Actual Loops": 1, "Recheck Cond": "(keyword_id = k.id)", "Rows Removed by Index Recheck": 0, "Exact Heap Blocks": 5090, "Lossy Heap Blocks": 5090, "Plans": [{"Node Type": "Bitmap Index Scan", "Parent Relationship": "Outer", "Index Name": "keyword_id_movie_keyword", "Startup Cost": 0.0, "Total Cost": 4.5, "Plan Rows": 33, "Plan Width": 0, "Actual Startup Time": 2.162, "Actual Total Time": 2.162, "Actual Rows": 10544, "Actual Loops": 1, "Index Cond": "(keyword_id = k.id)"}]}]}, {"Node Type": "Index Scan", "Parent Relationship": "Inner", "Scan Direction": "Forward", "Index Name": "title_pkey", "Relation Name": "title", "Alias": "t", "Startup Cost": 0.0, "Total Cost": 0.31, "Plan Rows": 1, "Plan Width": 21, "Actual Startup Time": 54.966, "Actual Total Time": 54.966, "Actual Rows": 1, "Actual Loops": 10544, "Index Cond": "(id = mk.movie_id)", "Rows Removed by Index Recheck": 0, "Filter": "(((title)::text ~~ '%Money%'::text) AND (production_year = 1998))", "Rows Removed by Filter": 10543}]}, {"Node Type": "Index Scan", "Parent Relationship": "Inner", "Scan Direction": "Forward", "Index Name": "movie_id_movie_companies", "Relation Name": "movie_companies", "Alias": "mc", "Startup Cost": 0.0, "Total Cost": 0.31, "Plan Rows": 2, "Plan Width": 12, "Actual Startup Time": 0.019, "Actual Total Time": 0.022, "Actual Rows": 3, "Actual Loops": 1, "Index Cond": "(movie_id = mk.movie_id)", "Rows Removed by Index Recheck": 0, "Filter": "(note IS NULL)", "Rows Removed by Filter": 1}]}, {"Node Type": "Index Scan", "Parent Relationship": "Inner", "Scan Direction": "Forward", "Index Name": "company_name_pkey", "Relation Name": "company_name", "Alias": "cn", "Startup Cost": 0.0, "Total Cost": 0.29, "Plan Rows": 1, "Plan Width": 23, "Actual Startup Time": 0.037, "Actual Total Time": 0.037, "Actual Rows": 2, "Actual Loops": 3, "Index Cond": "(id = mc.company_id)", "Rows Removed by Index Recheck": 0, "Filter": "(((country_code)::text <> '[pl]'::text) AND (((name)::text ~~ '%Film%'::text) OR ((name)::text ~~ '%Warner%'::text)))", "Rows Removed by Filter": 1}]}, {"Node Type": "Index Scan", "Parent Relationship": "Inner", "Scan Direction": "Forward", "Index Name": "company_type_pkey", "Relation Name": "company_type", "Alias": "ct", "Startup Cost": 0.0, "Total Cost": 0.27, "Plan Rows": 1, "Plan Width": 4, "Actual Startup Time": 0.011, "Actual Total Time": 0.011, "Actual Rows": 2, "Actual Loops": 2, "Index Cond": "(id = mc.company_type_id)", "Rows Removed by Index Recheck": 0, "Filter": "((kind)::text = 'production companies'::text)", "Rows Removed by Filter": 0}]}, {"Node Type": "Index Scan", "Parent Relationship": "Inner", "Scan Direction": "Forward", "Index Name": "movie_id_movie_link", "Relation Name": "movie_link", "Alias": "ml", "Startup Cost": 0.0, "Total Cost": 0.35, "Plan Rows": 5, "Plan Width": 8, "Actual Startup Time": 0.016, "Actual Total Time": 0.029, "Actual Rows": 38, "Actual Loops": 2, "Index Cond": "(movie_id = mk.movie_id)", "Rows Removed by Index Recheck": 0}]}, {"Node Type": "Index Scan", "Parent Relationship": "Inner", "Scan Direction": "Forward", "Index Name": "link_type_pkey", "Relation Name": "link_type", "Alias": "lt", "Startup Cost": 0.0, "Total Cost": 0.27, "Plan Rows": 1, "Plan Width": 16, "Actual Startup Time": 0.076, "Actual Total Time": 0.076, "Actual Rows": 0, "Actual Loops": 38, "Index Cond": "(id = ml.link_type_id)", "Rows Removed by Index Recheck": 0, "Filter": "((link)::text ~~ '%follows%'::text)", "Rows Removed by Filter": 24}]}]}, "Triggers": [], "Planner Runtime": 80.823, "Total Runtime": 124.133, "Unique SQL Id": 4121279504}}, "(64, 17)": {"explain_plan": {"Plan": {"Node Type": "Aggregate", "Strategy": "Plain", "Startup Cost": 3327.94, "Total Cost": 3327.95, "Plan Rows": 1, "Plan Width": 144, "Plans": [{"Node Type": "Nested Loop", "Parent Relationship": "Outer", "Join Type": "Inner", "Startup Cost": 4.51, "Total Cost": 3327.93, "Plan Rows": 1, "Plan Width": 48, "Inner Unique": true, "Plans": [{"Node Type": "Nested Loop", "Parent Relationship": "Outer", "Join Type": "Inner", "Startup Cost": 4.51, "Total Cost": 3327.65, "Plan Rows": 1, "Plan Width": 40, "Inner Unique": false, "Join Filter": "(t.id = ml.movie_id)", "Plans": [{"Node Type": "Nested Loop", "Parent Relationship": "Outer", "Join Type": "Inner", "Startup Cost": 4.51, "Total Cost": 3327.24, "Plan Rows": 1, "Plan Width": 48, "Inner Unique": true, "Plans": [{"Node Type": "Nested Loop", "Parent Relationship": "Outer", "Join Type": "Inner", "Startup Cost": 4.51, "Total Cost": 3326.95, "Plan Rows": 1, "Plan Width": 52, "Inner Unique": true, "Plans": [{"Node Type": "Nested Loop", "Parent Relationship": "Outer", "Join Type": "Inner", "Startup Cost": 4.51, "Total Cost": 3326.66, "Plan Rows": 1, "Plan Width": 37, "Inner Unique": false, "Join Filter": "(t.id = mc.movie_id)", "Plans": [{"Node Type": "Nested Loop", "Parent Relationship": "Outer", "Join Type": "Inner", "Startup Cost": 4.51, "Total Cost": 3326.32, "Plan Rows": 1, "Plan Width": 25, "Inner Unique": true, "Plans": [{"Node Type": "Nested Loop", "Parent Relationship": "Outer", "Join Type": "Inner", "Startup Cost": 4.51, "Total Cost": 3315.63, "Plan Rows": 33, "Plan Width": 4, "Inner Unique": false, "Plans": [{"Node Type": "Index Scan", "Parent Relationship": "Outer", "Scan Direction": "Forward", "Index Name": "keyword_pkey", "Relation Name": "keyword", "Alias": "k", "Startup Cost": 0.0, "Total Cost": 3182.72, "Plan Rows": 1, "Plan Width": 4, "Filter": "((keyword)::text = 'sequel'::text)"}, {"Node Type": "Bitmap Heap Scan", "Parent Relationship": "Inner", "Relation Name": "movie_keyword", "Alias": "mk", "Startup Cost": 4.51, "Total Cost": 132.58, "Plan Rows": 33, "Plan Width": 8, "Recheck Cond": "(keyword_id = k.id)", "Plans": [{"Node Type": "Bitmap Index Scan", "Parent Relationship": "Outer", "Index Name": "keyword_id_movie_keyword", "Startup Cost": 0.0, "Total Cost": 4.5, "Plan Rows": 33, "Plan Width": 0, "Index Cond": "(keyword_id = k.id)"}]}]}, {"Node Type": "Index Scan", "Parent Relationship": "Inner", "Scan Direction": "Forward", "Index Name": "title_pkey", "Relation Name": "title", "Alias": "t", "Startup Cost": 0.0, "Total Cost": 0.31, "Plan Rows": 1, "Plan Width": 21, "Index Cond": "(id = mk.movie_id)", "Filter": "(((title)::text ~~ '%Money%'::text) AND (production_year = 1998))"}]}, {"Node Type": "Index Scan", "Parent Relationship": "Inner", "Scan Direction": "Forward", "Index Name": "movie_id_movie_companies", "Relation Name": "movie_companies", "Alias": "mc", "Startup Cost": 0.0, "Total Cost": 0.31, "Plan Rows": 2, "Plan Width": 12, "Index Cond": "(movie_id = mk.movie_id)", "Filter": "(note IS NULL)"}]}, {"Node Type": "Index Scan", "Parent Relationship": "Inner", "Scan Direction": "Forward", "Index Name": "company_name_pkey", "Relation Name": "company_name", "Alias": "cn", "Startup Cost": 0.0, "Total Cost": 0.29, "Plan Rows": 1, "Plan Width": 23, "Index Cond": "(id = mc.company_id)", "Filter": "(((country_code)::text <> '[pl]'::text) AND (((name)::text ~~ '%Film%'::text) OR ((name)::text ~~ '%Warner%'::text)))"}]}, {"Node Type": "Index Scan", "Parent Relationship": "Inner", "Scan Direction": "Forward", "Index Name": "company_type_pkey", "Relation Name": "company_type", "Alias": "ct", "Startup Cost": 0.0, "Total Cost": 0.27, "Plan Rows": 1, "Plan Width": 4, "Index Cond": "(id = mc.company_type_id)", "Filter": "((kind)::text = 'production companies'::text)"}]}, {"Node Type": "Index Scan", "Parent Relationship": "Inner", "Scan Direction": "Forward", "Index Name": "movie_id_movie_link", "Relation Name": "movie_link", "Alias": "ml", "Startup Cost": 0.0, "Total Cost": 0.35, "Plan Rows": 5, "Plan Width": 8, "Index Cond": "(movie_id = mk.movie_id)"}]}, {"Node Type": "Index Scan", "Parent Relationship": "Inner", "Scan Direction": "Forward", "Index Name": "link_type_pkey", "Relation Name": "link_type", "Alias": "lt", "Startup Cost": 0.0, "Total Cost": 0.27, "Plan Rows": 1, "Plan Width": 16, "Index Cond": "(id = ml.link_type_id)", "Filter": "((link)::text ~~ '%follows%'::text)"}]}]}, "Unique SQL Id": 4121279504}, "explain_analyze_plan": {"Plan": {"Node Type": "Aggregate", "Strategy": "Plain", "Startup Cost": 3327.94, "Total Cost": 3327.95, "Plan Rows": 1, "Plan Width": 144, "Actual Startup Time": 206.836, "Actual Total Time": 206.836, "Actual Rows": 1, "Actual Loops": 1, "Plans": [{"Node Type": "Nested Loop", "Parent Relationship": "Outer", "Join Type": "Inner", "Startup Cost": 4.51, "Total Cost": 3327.93, "Plan Rows": 1, "Plan Width": 48, "Actual Startup Time": 206.83, "Actual Total Time": 206.83, "Actual Rows": 0, "Actual Loops": 1, "Inner Unique": true, "Plans": [{"Node Type": "Nested Loop", "Parent Relationship": "Outer", "Join Type": "Inner", "Startup Cost": 4.51, "Total Cost": 3327.65, "Plan Rows": 1, "Plan Width": 40, "Actual Startup Time": 4.134, "Actual Total Time": 206.74, "Actual Rows": 38, "Actual Loops": 1, "Inner Unique": false, "Join Filter": "(t.id = ml.movie_id)", "Rows Removed by Join Filter": 0, "Plans": [{"Node Type": "Nested Loop", "Parent Relationship": "Outer", "Join Type": "Inner", "Startup Cost": 4.51, "Total Cost": 3327.24, "Plan Rows": 1, "Plan Width": 48, "Actual Startup Time": 4.119, "Actual Total Time": 206.686, "Actual Rows": 2, "Actual Loops": 1, "Inner Unique": true, "Plans": [{"Node Type": "Nested Loop", "Parent Relationship": "Outer", "Join Type": "Inner", "Startup Cost": 4.51, "Total Cost": 3326.95, "Plan Rows": 1, "Plan Width": 52, "Actual Startup Time": 4.11, "Actual Total Time": 206.673, "Actual Rows": 2, "Actual Loops": 1, "Inner Unique": true, "Plans": [{"Node Type": "Nested Loop", "Parent Relationship": "Outer", "Join Type": "Inner", "Startup Cost": 4.51, "Total Cost": 3326.66, "Plan Rows": 1, "Plan Width": 37, "Actual Startup Time": 4.093, "Actual Total Time": 206.639, "Actual Rows": 3, "Actual Loops": 1, "Inner Unique": false, "Join Filter": "(t.id = mc.movie_id)", "Rows Removed by Join Filter": 0, "Plans": [{"Node Type": "Nested Loop", "Parent Relationship": "Outer", "Join Type": "Inner", "Startup Cost": 4.51, "Total Cost": 3326.32, "Plan Rows": 1, "Plan Width": 25, "Actual Startup Time": 4.075, "Actual Total Time": 206.617, "Actual Rows": 1, "Actual Loops": 1, "Inner Unique": true, "Plans": [{"Node Type": "Nested Loop", "Parent Relationship": "Outer", "Join Type": "Inner", "Startup Cost": 4.51, "Total Cost": 3315.63, "Plan Rows": 33, "Plan Width": 4, "Actual Startup Time": 3.756, "Actual Total Time": 147.383, "Actual Rows": 10544, "Actual Loops": 1, "Inner Unique": false, "Plans": [{"Node Type": "Index Scan", "Parent Relationship": "Outer", "Scan Direction": "Forward", "Index Name": "keyword_pkey", "Relation Name": "keyword", "Alias": "k", "Startup Cost": 0.0, "Total Cost": 3182.72, "Plan Rows": 1, "Plan Width": 4, "Actual Startup Time": 0.512, "Actual Total Time": 126.311, "Actual Rows": 1, "Actual Loops": 1, "Filter": "((keyword)::text = 'sequel'::text)", "Rows Removed by Filter": 134168}, {"Node Type": "Bitmap Heap Scan", "Parent Relationship": "Inner", "Relation Name": "movie_keyword", "Alias": "mk", "Startup Cost": 4.51, "Total Cost": 132.58, "Plan Rows": 33, "Plan Width": 8, "Actual Startup Time": 3.236, "Actual Total Time": 18.868, "Actual Rows": 10544, "Actual Loops": 1, "Recheck Cond": "(keyword_id = k.id)", "Rows Removed by Index Recheck": 0, "Exact Heap Blocks": 5090, "Lossy Heap Blocks": 5090, "Plans": [{"Node Type": "Bitmap Index Scan", "Parent Relationship": "Outer", "Index Name": "keyword_id_movie_keyword", "Startup Cost": 0.0, "Total Cost": 4.5, "Plan Rows": 33, "Plan Width": 0, "Actual Startup Time": 2.291, "Actual Total Time": 2.291, "Actual Rows": 10544, "Actual Loops": 1, "Index Cond": "(keyword_id = k.id)"}]}]}, {"Node Type": "Index Scan", "Parent Relationship": "Inner", "Scan Direction": "Forward", "Index Name": "title_pkey", "Relation Name": "title", "Alias": "t", "Startup Cost": 0.0, "Total Cost": 0.31, "Plan Rows": 1, "Plan Width": 21, "Actual Startup Time": 53.865, "Actual Total Time": 53.865, "Actual Rows": 1, "Actual Loops": 10544, "Index Cond": "(id = mk.movie_id)", "Rows Removed by Index Recheck": 0, "Filter": "(((title)::text ~~ '%Money%'::text) AND (production_year = 1998))", "Rows Removed by Filter": 10543}]}, {"Node Type": "Index Scan", "Parent Relationship": "Inner", "Scan Direction": "Forward", "Index Name": "movie_id_movie_companies", "Relation Name": "movie_companies", "Alias": "mc", "Startup Cost": 0.0, "Total Cost": 0.31, "Plan Rows": 2, "Plan Width": 12, "Actual Startup Time": 0.015, "Actual Total Time": 0.018, "Actual Rows": 3, "Actual Loops": 1, "Index Cond": "(movie_id = mk.movie_id)", "Rows Removed by Index Recheck": 0, "Filter": "(note IS NULL)", "Rows Removed by Filter": 1}]}, {"Node Type": "Index Scan", "Parent Relationship": "Inner", "Scan Direction": "Forward", "Index Name": "company_name_pkey", "Relation Name": "company_name", "Alias": "cn", "Startup Cost": 0.0, "Total Cost": 0.29, "Plan Rows": 1, "Plan Width": 23, "Actual Startup Time": 0.028, "Actual Total Time": 0.028, "Actual Rows": 2, "Actual Loops": 3, "Index Cond": "(id = mc.company_id)", "Rows Removed by Index Recheck": 0, "Filter": "(((country_code)::text <> '[pl]'::text) AND (((name)::text ~~ '%Film%'::text) OR ((name)::text ~~ '%Warner%'::text)))", "Rows Removed by Filter": 1}]}, {"Node Type": "Index Scan", "Parent Relationship": "Inner", "Scan Direction": "Forward", "Index Name": "company_type_pkey", "Relation Name": "company_type", "Alias": "ct", "Startup Cost": 0.0, "Total Cost": 0.27, "Plan Rows": 1, "Plan Width": 4, "Actual Startup Time": 0.009, "Actual Total Time": 0.009, "Actual Rows": 2, "Actual Loops": 2, "Index Cond": "(id = mc.company_type_id)", "Rows Removed by Index Recheck": 0, "Filter": "((kind)::text = 'production companies'::text)", "Rows Removed by Filter": 0}]}, {"Node Type": "Index Scan", "Parent Relationship": "Inner", "Scan Direction": "Forward", "Index Name": "movie_id_movie_link", "Relation Name": "movie_link", "Alias": "ml", "Startup Cost": 0.0, "Total Cost": 0.35, "Plan Rows": 5, "Plan Width": 8, "Actual Startup Time": 0.013, "Actual Total Time": 0.03, "Actual Rows": 38, "Actual Loops": 2, "Index Cond": "(movie_id = mk.movie_id)", "Rows Removed by Index Recheck": 0}]}, {"Node Type": "Index Scan", "Parent Relationship": "Inner", "Scan Direction": "Forward", "Index Name": "link_type_pkey", "Relation Name": "link_type", "Alias": "lt", "Startup Cost": 0.0, "Total Cost": 0.27, "Plan Rows": 1, "Plan Width": 16, "Actual Startup Time": 0.072, "Actual Total Time": 0.072, "Actual Rows": 0, "Actual Loops": 38, "Index Cond": "(id = ml.link_type_id)", "Rows Removed by Index Recheck": 0, "Filter": "((link)::text ~~ '%follows%'::text)", "Rows Removed by Filter": 24}]}]}, "Triggers": [], "Planner Runtime": 70.618, "Total Runtime": 207.306, "Unique SQL Id": 4121279504}}, "(64, 18)": {"explain_plan": {"Plan": {"Node Type": "Aggregate", "Strategy": "Plain", "Startup Cost": 2726.02, "Total Cost": 2726.03, "Plan Rows": 1, "Plan Width": 144, "Plans": [{"Node Type": "Nested Loop", "Parent Relationship": "Outer", "Join Type": "Inner", "Startup Cost": 5.59, "Total Cost": 2726.01, "Plan Rows": 1, "Plan Width": 48, "Inner Unique": true, "Join Filter": "(ml.link_type_id = lt.id)", "Plans": [{"Node Type": "Nested Loop", "Parent Relationship": "Outer", "Join Type": "Inner", "Startup Cost": 5.59, "Total Cost": 2724.78, "Plan Rows": 1, "Plan Width": 40, "Inner Unique": false, "Join Filter": "(t.id = ml.movie_id)", "Plans": [{"Node Type": "Nested Loop", "Parent Relationship": "Outer", "Join Type": "Inner", "Startup Cost": 5.3, "Total Cost": 2720.37, "Plan Rows": 1, "Plan Width": 48, "Inner Unique": true, "Join Filter": "(mc.company_type_id = ct.id)", "Plans": [{"Node Type": "Nested Loop", "Parent Relationship": "Outer", "Join Type": "Inner", "Startup Cost": 5.3, "Total Cost": 2719.32, "Plan Rows": 1, "Plan Width": 52, "Inner Unique": true, "Plans": [{"Node Type": "Nested Loop", "Parent Relationship": "Outer", "Join Type": "Inner", "Startup Cost": 5.05, "Total Cost": 2715.03, "Plan Rows": 1, "Plan Width": 37, "Inner Unique": false, "Join Filter": "(t.id = mc.movie_id)", "Plans": [{"Node Type": "Nested Loop", "Parent Relationship": "Outer", "Join Type": "Inner", "Startup Cost": 4.77, "Total Cost": 2710.71, "Plan Rows": 1, "Plan Width": 25, "Inner Unique": true, "Plans": [{"Node Type": "Nested Loop", "Parent Relationship": "Outer", "Join Type": "Inner", "Startup Cost": 4.51, "Total Cost": 2569.02, "Plan Rows": 33, "Plan Width": 4, "Inner Unique": false, "Plans": [{"Node Type": "Seq Scan", "Parent Relationship": "Outer", "Relation Name": "keyword", "Alias": "k", "Startup Cost": 0.0, "Total Cost": 2436.11, "Plan Rows": 1, "Plan Width": 4, "Filter": "((keyword)::text = 'sequel'::text)"}, {"Node Type": "Bitmap Heap Scan", "Parent Relationship": "Inner", "Relation Name": "movie_keyword", "Alias": "mk", "Startup Cost": 4.51, "Total Cost": 132.58, "Plan Rows": 33, "Plan Width": 8, "Recheck Cond": "(keyword_id = k.id)", "Plans": [{"Node Type": "Bitmap Index Scan", "Parent Relationship": "Outer", "Index Name": "keyword_id_movie_keyword", "Startup Cost": 0.0, "Total Cost": 4.5, "Plan Rows": 33, "Plan Width": 0, "Index Cond": "(keyword_id = k.id)"}]}]}, {"Node Type": "Bitmap Heap Scan", "Parent Relationship": "Inner", "Relation Name": "title", "Alias": "t", "Startup Cost": 0.27, "Total Cost": 4.28, "Plan Rows": 1, "Plan Width": 21, "Recheck Cond": "(id = mk.movie_id)", "Filter": "(((title)::text ~~ '%Money%'::text) AND (production_year = 1998))", "Plans": [{"Node Type": "Bitmap Index Scan", "Parent Relationship": "Outer", "Index Name": "title_pkey", "Startup Cost": 0.0, "Total Cost": 0.27, "Plan Rows": 1, "Plan Width": 0, "Index Cond": "(id = mk.movie_id)"}]}]}, {"Node Type": "Bitmap Heap Scan", "Parent Relationship": "Inner", "Relation Name": "movie_companies", "Alias": "mc", "Startup Cost": 0.27, "Total Cost": 4.3, "Plan Rows": 2, "Plan Width": 12, "Recheck Cond": "(movie_id = mk.movie_id)", "Filter": "(note IS NULL)", "Plans": [{"Node Type": "Bitmap Index Scan", "Parent Relationship": "Outer", "Index Name": "movie_id_movie_companies", "Startup Cost": 0.0, "Total Cost": 0.27, "Plan Rows": 2, "Plan Width": 0, "Index Cond": "(movie_id = mk.movie_id)"}]}]}, {"Node Type": "Bitmap Heap Scan", "Parent Relationship": "Inner", "Relation Name": "company_name", "Alias": "cn", "Startup Cost": 0.26, "Total Cost": 4.28, "Plan Rows": 1, "Plan Width": 23, "Recheck Cond": "(id = mc.company_id)", "Filter": "(((country_code)::text <> '[pl]'::text) AND (((name)::text ~~ '%Film%'::text) OR ((name)::text ~~ '%Warner%'::text)))", "Plans": [{"Node Type": "Bitmap Index Scan", "Parent Relationship": "Outer", "Index Name": "company_name_pkey", "Startup Cost": 0.0, "Total Cost": 0.26, "Plan Rows": 1, "Plan Width": 0, "Index Cond": "(id = mc.company_id)"}]}]}, {"Node Type": "Seq Scan", "Parent Relationship": "Inner", "Relation Name": "company_type", "Alias": "ct", "Startup Cost": 0.0, "Total Cost": 1.04, "Plan Rows": 1, "Plan Width": 4, "Filter": "((kind)::text = 'production companies'::text)"}]}, {"Node Type": "Bitmap Heap Scan", "Parent Relationship": "Inner", "Relation Name": "movie_link", "Alias": "ml", "Startup Cost": 0.29, "Total Cost": 4.35, "Plan Rows": 5, "Plan Width": 8, "Recheck Cond": "(movie_id = mk.movie_id)", "Plans": [{"Node Type": "Bitmap Index Scan", "Parent Relationship": "Outer", "Index Name": "movie_id_movie_link", "Startup Cost": 0.0, "Total Cost": 0.29, "Plan Rows": 5, "Plan Width": 0, "Index Cond": "(movie_id = mk.movie_id)"}]}]}, {"Node Type": "Seq Scan", "Parent Relationship": "Inner", "Relation Name": "link_type", "Alias": "lt", "Startup Cost": 0.0, "Total Cost": 1.21, "Plan Rows": 1, "Plan Width": 16, "Filter": "((link)::text ~~ '%follows%'::text)"}]}]}, "Unique SQL Id": 4121279504}, "explain_analyze_plan": {"Plan": {"Node Type": "Aggregate", "Strategy": "Plain", "Startup Cost": 2726.02, "Total Cost": 2726.03, "Plan Rows": 1, "Plan Width": 144, "Actual Startup Time": 139.861, "Actual Total Time": 139.862, "Actual Rows": 1, "Actual Loops": 1, "Plans": [{"Node Type": "Nested Loop", "Parent Relationship": "Outer", "Join Type": "Inner", "Startup Cost": 5.59, "Total Cost": 2726.01, "Plan Rows": 1, "Plan Width": 48, "Actual Startup Time": 139.85, "Actual Total Time": 139.85, "Actual Rows": 0, "Actual Loops": 1, "Inner Unique": true, "Join Filter": "(ml.link_type_id = lt.id)", "Rows Removed by Join Filter": 0, "Plans": [{"Node Type": "Nested Loop", "Parent Relationship": "Outer", "Join Type": "Inner", "Startup Cost": 5.59, "Total Cost": 2724.78, "Plan Rows": 1, "Plan Width": 40, "Actual Startup Time": 5.83, "Actual Total Time": 139.523, "Actual Rows": 38, "Actual Loops": 1, "Inner Unique": false, "Join Filter": "(t.id = ml.movie_id)", "Rows Removed by Join Filter": 0, "Plans": [{"Node Type": "Nested Loop", "Parent Relationship": "Outer", "Join Type": "Inner", "Startup Cost": 5.3, "Total Cost": 2720.37, "Plan Rows": 1, "Plan Width": 48, "Actual Startup Time": 5.81, "Actual Total Time": 139.475, "Actual Rows": 2, "Actual Loops": 1, "Inner Unique": true, "Join Filter": "(mc.company_type_id = ct.id)", "Rows Removed by Join Filter": 0, "Plans": [{"Node Type": "Nested Loop", "Parent Relationship": "Outer", "Join Type": "Inner", "Startup Cost": 5.3, "Total Cost": 2719.32, "Plan Rows": 1, "Plan Width": 52, "Actual Startup Time": 5.795, "Actual Total Time": 139.457, "Actual Rows": 2, "Actual Loops": 1, "Inner Unique": true, "Plans": [{"Node Type": "Nested Loop", "Parent Relationship": "Outer", "Join Type": "Inner", "Startup Cost": 5.05, "Total Cost": 2715.03, "Plan Rows": 1, "Plan Width": 37, "Actual Startup Time": 5.772, "Actual Total Time": 139.409, "Actual Rows": 3, "Actual Loops": 1, "Inner Unique": false, "Join Filter": "(t.id = mc.movie_id)", "Rows Removed by Join Filter": 0, "Plans": [{"Node Type": "Nested Loop", "Parent Relationship": "Outer", "Join Type": "Inner", "Startup Cost": 4.77, "Total Cost": 2710.71, "Plan Rows": 1, "Plan Width": 25, "Actual Startup Time": 5.729, "Actual Total Time": 139.363, "Actual Rows": 1, "Actual Loops": 1, "Inner Unique": true, "Plans": [{"Node Type": "Nested Loop", "Parent Relationship": "Outer", "Join Type": "Inner", "Startup Cost": 4.51, "Total Cost": 2569.02, "Plan Rows": 33, "Plan Width": 4, "Actual Startup Time": 5.307, "Actual Total Time": 62.033, "Actual Rows": 10544, "Actual Loops": 1, "Inner Unique": false, "Plans": [{"Node Type": "Seq Scan", "Parent Relationship": "Outer", "Relation Name": "keyword", "Alias": "k", "Startup Cost": 0.0, "Total Cost": 2436.11, "Plan Rows": 1, "Plan Width": 4, "Actual Startup Time": 2.376, "Actual Total Time": 41.622, "Actual Rows": 1, "Actual Loops": 1, "Filter": "((keyword)::text = 'sequel'::text)", "Rows Removed by Filter": 134168}, {"Node Type": "Bitmap Heap Scan", "Parent Relationship": "Inner", "Relation Name": "movie_keyword", "Alias": "mk", "Startup Cost": 4.51, "Total Cost": 132.58, "Plan Rows": 33, "Plan Width": 8, "Actual Startup Time": 2.922, "Actual Total Time": 18.246, "Actual Rows": 10544, "Actual Loops": 1, "Recheck Cond": "(keyword_id = k.id)", "Rows Removed by Index Recheck": 0, "Exact Heap Blocks": 5090, "Lossy Heap Blocks": 5090, "Plans": [{"Node Type": "Bitmap Index Scan", "Parent Relationship": "Outer", "Index Name": "keyword_id_movie_keyword", "Startup Cost": 0.0, "Total Cost": 4.5, "Plan Rows": 33, "Plan Width": 0, "Actual Startup Time": 1.992, "Actual Total Time": 1.992, "Actual Rows": 10544, "Actual Loops": 1, "Index Cond": "(keyword_id = k.id)"}]}]}, {"Node Type": "Bitmap Heap Scan", "Parent Relationship": "Inner", "Relation Name": "title", "Alias": "t", "Startup Cost": 0.27, "Total Cost": 4.28, "Plan Rows": 1, "Plan Width": 21, "Actual Startup Time": 65.637, "Actual Total Time": 65.637, "Actual Rows": 1, "Actual Loops": 10544, "Recheck Cond": "(id = mk.movie_id)", "Rows Removed by Index Recheck": 0, "Filter": "(((title)::text ~~ '%Money%'::text) AND (production_year = 1998))", "Rows Removed by Filter": 10543, "Exact Heap Blocks": 10544, "Lossy Heap Blocks": 10544, "Plans": [{"Node Type": "Bitmap Index Scan", "Parent Relationship": "Outer", "Index Name": "title_pkey", "Startup Cost": 0.0, "Total Cost": 0.27, "Plan Rows": 1, "Plan Width": 0, "Actual Startup Time": 31.501, "Actual Total Time": 31.501, "Actual Rows": 10544, "Actual Loops": 10544, "Index Cond": "(id = mk.movie_id)"}]}]}, {"Node Type": "Bitmap Heap Scan", "Parent Relationship": "Inner", "Relation Name": "movie_companies", "Alias": "mc", "Startup Cost": 0.27, "Total Cost": 4.3, "Plan Rows": 2, "Plan Width": 12, "Actual Startup Time": 0.035, "Actual Total Time": 0.036, "Actual Rows": 3, "Actual Loops": 1, "Recheck Cond": "(movie_id = mk.movie_id)", "Rows Removed by Index Recheck": 0, "Filter": "(note IS NULL)", "Rows Removed by Filter": 1, "Exact Heap Blocks": 2, "Lossy Heap Blocks": 2, "Plans": [{"Node Type": "Bitmap Index Scan", "Parent Relationship": "Outer", "Index Name": "movie_id_movie_companies", "Startup Cost": 0.0, "Total Cost": 0.27, "Plan Rows": 2, "Plan Width": 0, "Actual Startup Time": 0.011, "Actual Total Time": 0.011, "Actual Rows": 4, "Actual Loops": 1, "Index Cond": "(movie_id = mk.movie_id)"}]}]}, {"Node Type": "Bitmap Heap Scan", "Parent Relationship": "Inner", "Relation Name": "company_name", "Alias": "cn", "Startup Cost": 0.26, "Total Cost": 4.28, "Plan Rows": 1, "Plan Width": 23, "Actual Startup Time": 0.042, "Actual Total Time": 0.042, "Actual Rows": 2, "Actual Loops": 3, "Recheck Cond": "(id = mc.company_id)", "Rows Removed by Index Recheck": 0, "Filter": "(((country_code)::text <> '[pl]'::text) AND (((name)::text ~~ '%Film%'::text) OR ((name)::text ~~ '%Warner%'::text)))", "Rows Removed by Filter": 1, "Exact Heap Blocks": 3, "Lossy Heap Blocks": 3, "Plans": [{"Node Type": "Bitmap Index Scan", "Parent Relationship": "Outer", "Index Name": "company_name_pkey", "Startup Cost": 0.0, "Total Cost": 0.26, "Plan Rows": 1, "Plan Width": 0, "Actual Startup Time": 0.021, "Actual Total Time": 0.021, "Actual Rows": 3, "Actual Loops": 3, "Index Cond": "(id = mc.company_id)"}]}]}, {"Node Type": "Seq Scan", "Parent Relationship": "Inner", "Relation Name": "company_type", "Alias": "ct", "Startup Cost": 0.0, "Total Cost": 1.04, "Plan Rows": 1, "Plan Width": 4, "Actual Startup Time": 0.012, "Actual Total Time": 0.012, "Actual Rows": 2, "Actual Loops": 2, "Filter": "((kind)::text = 'production companies'::text)", "Rows Removed by Filter": 0}]}, {"Node Type": "Bitmap Heap Scan", "Parent Relationship": "Inner", "Relation Name": "movie_link", "Alias": "ml", "Startup Cost": 0.29, "Total Cost": 4.35, "Plan Rows": 5, "Plan Width": 8, "Actual Startup Time": 0.024, "Actual Total Time": 0.031, "Actual Rows": 38, "Actual Loops": 2, "Recheck Cond": "(movie_id = mk.movie_id)", "Rows Removed by Index Recheck": 0, "Exact Heap Blocks": 2, "Lossy Heap Blocks": 2, "Plans": [{"Node Type": "Bitmap Index Scan", "Parent Relationship": "Outer", "Index Name": "movie_id_movie_link", "Startup Cost": 0.0, "Total Cost": 0.29, "Plan Rows": 5, "Plan Width": 0, "Actual Startup Time": 0.012, "Actual Total Time": 0.012, "Actual Rows": 38, "Actual Loops": 2, "Index Cond": "(movie_id = mk.movie_id)"}]}]}, {"Node Type": "Seq Scan", "Parent Relationship": "Inner", "Relation Name": "link_type", "Alias": "lt", "Startup Cost": 0.0, "Total Cost": 1.21, "Plan Rows": 1, "Plan Width": 16, "Actual Startup Time": 0.292, "Actual Total Time": 0.292, "Actual Rows": 0, "Actual Loops": 38, "Filter": "((link)::text ~~ '%follows%'::text)", "Rows Removed by Filter": 646}]}]}, "Triggers": [], "Planner Runtime": 80.894, "Total Runtime": 140.522, "Unique SQL Id": 4121279504}}, "(64, 19)": {"explain_plan": {"Plan": {"Node Type": "Aggregate", "Strategy": "Plain", "Startup Cost": 3451.4, "Total Cost": 3451.41, "Plan Rows": 1, "Plan Width": 144, "Plans": [{"Node Type": "Nested Loop", "Parent Relationship": "Outer", "Join Type": "Inner", "Startup Cost": 725.2, "Total Cost": 3451.4, "Plan Rows": 1, "Plan Width": 48, "Inner Unique": true, "Plans": [{"Node Type": "Nested Loop", "Parent Relationship": "Outer", "Join Type": "Inner", "Startup Cost": 724.95, "Total Cost": 3447.11, "Plan Rows": 1, "Plan Width": 40, "Inner Unique": false, "Join Filter": "(t.id = ml.movie_id)", "Plans": [{"Node Type": "Nested Loop", "Parent Relationship": "Outer", "Join Type": "Inner", "Startup Cost": 724.66, "Total Cost": 3442.7, "Plan Rows": 1, "Plan Width": 48, "Inner Unique": true, "Plans": [{"Node Type": "Nested Loop", "Parent Relationship": "Outer", "Join Type": "Inner", "Startup Cost": 724.4, "Total Cost": 3438.42, "Plan Rows": 1, "Plan Width": 52, "Inner Unique": true, "Plans": [{"Node Type": "Nested Loop", "Parent Relationship": "Outer", "Join Type": "Inner", "Startup Cost": 724.14, "Total Cost": 3434.13, "Plan Rows": 1, "Plan Width": 37, "Inner Unique": false, "Join Filter": "(t.id = mc.movie_id)", "Plans": [{"Node Type": "Nested Loop", "Parent Relationship": "Outer", "Join Type": "Inner", "Startup Cost": 723.87, "Total Cost": 3429.8, "Plan Rows": 1, "Plan Width": 25, "Inner Unique": true, "Plans": [{"Node Type": "Nested Loop", "Parent Relationship": "Outer", "Join Type": "Inner", "Startup Cost": 723.6, "Total Cost": 3288.12, "Plan Rows": 33, "Plan Width": 4, "Inner Unique": false, "Plans": [{"Node Type": "Bitmap Heap Scan", "Parent Relationship": "Outer", "Relation Name": "keyword", "Alias": "k", "Startup Cost": 719.1, "Total Cost": 3155.21, "Plan Rows": 1, "Plan Width": 4, "Filter": "((keyword)::text = 'sequel'::text)", "Plans": [{"Node Type": "Bitmap Index Scan", "Parent Relationship": "Outer", "Index Name": "keyword_pkey", "Startup Cost": 0.0, "Total Cost": 719.1, "Plan Rows": 134169, "Plan Width": 0}]}, {"Node Type": "Bitmap Heap Scan", "Parent Relationship": "Inner", "Relation Name": "movie_keyword", "Alias": "mk", "Startup Cost": 4.51, "Total Cost": 132.58, "Plan Rows": 33, "Plan Width": 8, "Recheck Cond": "(keyword_id = k.id)", "Plans": [{"Node Type": "Bitmap Index Scan", "Parent Relationship": "Outer", "Index Name": "keyword_id_movie_keyword", "Startup Cost": 0.0, "Total Cost": 4.5, "Plan Rows": 33, "Plan Width": 0, "Index Cond": "(keyword_id = k.id)"}]}]}, {"Node Type": "Bitmap Heap Scan", "Parent Relationship": "Inner", "Relation Name": "title", "Alias": "t", "Startup Cost": 0.27, "Total Cost": 4.28, "Plan Rows": 1, "Plan Width": 21, "Recheck Cond": "(id = mk.movie_id)", "Filter": "(((title)::text ~~ '%Money%'::text) AND (production_year = 1998))", "Plans": [{"Node Type": "Bitmap Index Scan", "Parent Relationship": "Outer", "Index Name": "title_pkey", "Startup Cost": 0.0, "Total Cost": 0.27, "Plan Rows": 1, "Plan Width": 0, "Index Cond": "(id = mk.movie_id)"}]}]}, {"Node Type": "Bitmap Heap Scan", "Parent Relationship": "Inner", "Relation Name": "movie_companies", "Alias": "mc", "Startup Cost": 0.27, "Total Cost": 4.3, "Plan Rows": 2, "Plan Width": 12, "Recheck Cond": "(movie_id = mk.movie_id)", "Filter": "(note IS NULL)", "Plans": [{"Node Type": "Bitmap Index Scan", "Parent Relationship": "Outer", "Index Name": "movie_id_movie_companies", "Startup Cost": 0.0, "Total Cost": 0.27, "Plan Rows": 2, "Plan Width": 0, "Index Cond": "(movie_id = mk.movie_id)"}]}]}, {"Node Type": "Bitmap Heap Scan", "Parent Relationship": "Inner", "Relation Name": "company_name", "Alias": "cn", "Startup Cost": 0.26, "Total Cost": 4.28, "Plan Rows": 1, "Plan Width": 23, "Recheck Cond": "(id = mc.company_id)", "Filter": "(((country_code)::text <> '[pl]'::text) AND (((name)::text ~~ '%Film%'::text) OR ((name)::text ~~ '%Warner%'::text)))", "Plans": [{"Node Type": "Bitmap Index Scan", "Parent Relationship": "Outer", "Index Name": "company_name_pkey", "Startup Cost": 0.0, "Total Cost": 0.26, "Plan Rows": 1, "Plan Width": 0, "Index Cond": "(id = mc.company_id)"}]}]}, {"Node Type": "Bitmap Heap Scan", "Parent Relationship": "Inner", "Relation Name": "company_type", "Alias": "ct", "Startup Cost": 0.26, "Total Cost": 4.27, "Plan Rows": 1, "Plan Width": 4, "Recheck Cond": "(id = mc.company_type_id)", "Filter": "((kind)::text = 'production companies'::text)", "Plans": [{"Node Type": "Bitmap Index Scan", "Parent Relationship": "Outer", "Index Name": "company_type_pkey", "Startup Cost": 0.0, "Total Cost": 0.26, "Plan Rows": 1, "Plan Width": 0, "Index Cond": "(id = mc.company_type_id)"}]}]}, {"Node Type": "Bitmap Heap Scan", "Parent Relationship": "Inner", "Relation Name": "movie_link", "Alias": "ml", "Startup Cost": 0.29, "Total Cost": 4.35, "Plan Rows": 5, "Plan Width": 8, "Recheck Cond": "(movie_id = mk.movie_id)", "Plans": [{"Node Type": "Bitmap Index Scan", "Parent Relationship": "Outer", "Index Name": "movie_id_movie_link", "Startup Cost": 0.0, "Total Cost": 0.29, "Plan Rows": 5, "Plan Width": 0, "Index Cond": "(movie_id = mk.movie_id)"}]}]}, {"Node Type": "Bitmap Heap Scan", "Parent Relationship": "Inner", "Relation Name": "link_type", "Alias": "lt", "Startup Cost": 0.26, "Total Cost": 4.27, "Plan Rows": 1, "Plan Width": 16, "Recheck Cond": "(id = ml.link_type_id)", "Filter": "((link)::text ~~ '%follows%'::text)", "Plans": [{"Node Type": "Bitmap Index Scan", "Parent Relationship": "Outer", "Index Name": "link_type_pkey", "Startup Cost": 0.0, "Total Cost": 0.26, "Plan Rows": 1, "Plan Width": 0, "Index Cond": "(id = ml.link_type_id)"}]}]}]}, "Unique SQL Id": 4121279504}, "explain_analyze_plan": {"Plan": {"Node Type": "Aggregate", "Strategy": "Plain", "Startup Cost": 3451.4, "Total Cost": 3451.41, "Plan Rows": 1, "Plan Width": 144, "Actual Startup Time": 161.722, "Actual Total Time": 161.723, "Actual Rows": 1, "Actual Loops": 1, "Plans": [{"Node Type": "Nested Loop", "Parent Relationship": "Outer", "Join Type": "Inner", "Startup Cost": 725.2, "Total Cost": 3451.4, "Plan Rows": 1, "Plan Width": 48, "Actual Startup Time": 161.712, "Actual Total Time": 161.712, "Actual Rows": 0, "Actual Loops": 1, "Inner Unique": true, "Plans": [{"Node Type": "Nested Loop", "Parent Relationship": "Outer", "Join Type": "Inner", "Startup Cost": 724.95, "Total Cost": 3447.11, "Plan Rows": 1, "Plan Width": 40, "Actual Startup Time": 19.997, "Actual Total Time": 161.571, "Actual Rows": 38, "Actual Loops": 1, "Inner Unique": false, "Join Filter": "(t.id = ml.movie_id)", "Rows Removed by Join Filter": 0, "Plans": [{"Node Type": "Nested Loop", "Parent Relationship": "Outer", "Join Type": "Inner", "Startup Cost": 724.66, "Total Cost": 3442.7, "Plan Rows": 1, "Plan Width": 48, "Actual Startup Time": 19.97, "Actual Total Time": 161.514, "Actual Rows": 2, "Actual Loops": 1, "Inner Unique": true, "Plans": [{"Node Type": "Nested Loop", "Parent Relationship": "Outer", "Join Type": "Inner", "Startup Cost": 724.4, "Total Cost": 3438.42, "Plan Rows": 1, "Plan Width": 52, "Actual Startup Time": 19.958, "Actual Total Time": 161.497, "Actual Rows": 2, "Actual Loops": 1, "Inner Unique": true, "Plans": [{"Node Type": "Nested Loop", "Parent Relationship": "Outer", "Join Type": "Inner", "Startup Cost": 724.14, "Total Cost": 3434.13, "Plan Rows": 1, "Plan Width": 37, "Actual Startup Time": 19.933, "Actual Total Time": 161.449, "Actual Rows": 3, "Actual Loops": 1, "Inner Unique": false, "Join Filter": "(t.id = mc.movie_id)", "Rows Removed by Join Filter": 0, "Plans": [{"Node Type": "Nested Loop", "Parent Relationship": "Outer", "Join Type": "Inner", "Startup Cost": 723.87, "Total Cost": 3429.8, "Plan Rows": 1, "Plan Width": 25, "Actual Startup Time": 19.903, "Actual Total Time": 161.415, "Actual Rows": 1, "Actual Loops": 1, "Inner Unique": true, "Plans": [{"Node Type": "Nested Loop", "Parent Relationship": "Outer", "Join Type": "Inner", "Startup Cost": 723.6, "Total Cost": 3288.12, "Plan Rows": 33, "Plan Width": 4, "Actual Startup Time": 19.48, "Actual Total Time": 84.809, "Actual Rows": 10544, "Actual Loops": 1, "Inner Unique": false, "Plans": [{"Node Type": "Bitmap Heap Scan", "Parent Relationship": "Outer", "Relation Name": "keyword", "Alias": "k", "Startup Cost": 719.1, "Total Cost": 3155.21, "Plan Rows": 1, "Plan Width": 4, "Actual Startup Time": 16.533, "Actual Total Time": 64.286, "Actual Rows": 1, "Actual Loops": 1, "Filter": "((keyword)::text = 'sequel'::text)", "Rows Removed by Filter": 134168, "Exact Heap Blocks": 759, "Lossy Heap Blocks": 759, "Plans": [{"Node Type": "Bitmap Index Scan", "Parent Relationship": "Outer", "Index Name": "keyword_pkey", "Startup Cost": 0.0, "Total Cost": 719.1, "Plan Rows": 134169, "Plan Width": 0, "Actual Startup Time": 13.54, "Actual Total Time": 13.54, "Actual Rows": 134169, "Actual Loops": 1}]}, {"Node Type": "Bitmap Heap Scan", "Parent Relationship": "Inner", "Relation Name": "movie_keyword", "Alias": "mk", "Startup Cost": 4.51, "Total Cost": 132.58, "Plan Rows": 33, "Plan Width": 8, "Actual Startup Time": 2.933, "Actual Total Time": 18.397, "Actual Rows": 10544, "Actual Loops": 1, "Recheck Cond": "(keyword_id = k.id)", "Rows Removed by Index Recheck": 0, "Exact Heap Blocks": 5090, "Lossy Heap Blocks": 5090, "Plans": [{"Node Type": "Bitmap Index Scan", "Parent Relationship": "Outer", "Index Name": "keyword_id_movie_keyword", "Startup Cost": 0.0, "Total Cost": 4.5, "Plan Rows": 33, "Plan Width": 0, "Actual Startup Time": 2.017, "Actual Total Time": 2.017, "Actual Rows": 10544, "Actual Loops": 1, "Index Cond": "(keyword_id = k.id)"}]}]}, {"Node Type": "Bitmap Heap Scan", "Parent Relationship": "Inner", "Relation Name": "title", "Alias": "t", "Startup Cost": 0.27, "Total Cost": 4.28, "Plan Rows": 1, "Plan Width": 21, "Actual Startup Time": 64.824, "Actual Total Time": 64.824, "Actual Rows": 1, "Actual Loops": 10544, "Recheck Cond": "(id = mk.movie_id)", "Rows Removed by Index Recheck": 0, "Filter": "(((title)::text ~~ '%Money%'::text) AND (production_year = 1998))", "Rows Removed by Filter": 10543, "Exact Heap Blocks": 10544, "Lossy Heap Blocks": 10544, "Plans": [{"Node Type": "Bitmap Index Scan", "Parent Relationship": "Outer", "Index Name": "title_pkey", "Startup Cost": 0.0, "Total Cost": 0.27, "Plan Rows": 1, "Plan Width": 0, "Actual Startup Time": 31.063, "Actual Total Time": 31.063, "Actual Rows": 10544, "Actual Loops": 10544, "Index Cond": "(id = mk.movie_id)"}]}]}, {"Node Type": "Bitmap Heap Scan", "Parent Relationship": "Inner", "Relation Name": "movie_companies", "Alias": "mc", "Startup Cost": 0.27, "Total Cost": 4.3, "Plan Rows": 2, "Plan Width": 12, "Actual Startup Time": 0.024, "Actual Total Time": 0.025, "Actual Rows": 3, "Actual Loops": 1, "Recheck Cond": "(movie_id = mk.movie_id)", "Rows Removed by Index Recheck": 0, "Filter": "(note IS NULL)", "Rows Removed by Filter": 1, "Exact Heap Blocks": 2, "Lossy Heap Blocks": 2, "Plans": [{"Node Type": "Bitmap Index Scan", "Parent Relationship": "Outer", "Index Name": "movie_id_movie_companies", "Startup Cost": 0.0, "Total Cost": 0.27, "Plan Rows": 2, "Plan Width": 0, "Actual Startup Time": 0.012, "Actual Total Time": 0.012, "Actual Rows": 4, "Actual Loops": 1, "Index Cond": "(movie_id = mk.movie_id)"}]}]}, {"Node Type": "Bitmap Heap Scan", "Parent Relationship": "Inner", "Relation Name": "company_name", "Alias": "cn", "Startup Cost": 0.26, "Total Cost": 4.28, "Plan Rows": 1, "Plan Width": 23, "Actual Startup Time": 0.041, "Actual Total Time": 0.041, "Actual Rows": 2, "Actual Loops": 3, "Recheck Cond": "(id = mc.company_id)", "Rows Removed by Index Recheck": 0, "Filter": "(((country_code)::text <> '[pl]'::text) AND (((name)::text ~~ '%Film%'::text) OR ((name)::text ~~ '%Warner%'::text)))", "Rows Removed by Filter": 1, "Exact Heap Blocks": 3, "Lossy Heap Blocks": 3, "Plans": [{"Node Type": "Bitmap Index Scan", "Parent Relationship": "Outer", "Index Name": "company_name_pkey", "Startup Cost": 0.0, "Total Cost": 0.26, "Plan Rows": 1, "Plan Width": 0, "Actual Startup Time": 0.02, "Actual Total Time": 0.02, "Actual Rows": 3, "Actual Loops": 3, "Index Cond": "(id = mc.company_id)"}]}]}, {"Node Type": "Bitmap Heap Scan", "Parent Relationship": "Inner", "Relation Name": "company_type", "Alias": "ct", "Startup Cost": 0.26, "Total Cost": 4.27, "Plan Rows": 1, "Plan Width": 4, "Actual Startup Time": 0.013, "Actual Total Time": 0.013, "Actual Rows": 2, "Actual Loops": 2, "Recheck Cond": "(id = mc.company_type_id)", "Rows Removed by Index Recheck": 0, "Filter": "((kind)::text = 'production companies'::text)", "Rows Removed by Filter": 0, "Exact Heap Blocks": 2, "Lossy Heap Blocks": 2, "Plans": [{"Node Type": "Bitmap Index Scan", "Parent Relationship": "Outer", "Index Name": "company_type_pkey", "Startup Cost": 0.0, "Total Cost": 0.26, "Plan Rows": 1, "Plan Width": 0, "Actual Startup Time": 0.004, "Actual Total Time": 0.004, "Actual Rows": 2, "Actual Loops": 2, "Index Cond": "(id = mc.company_type_id)"}]}]}, {"Node Type": "Bitmap Heap Scan", "Parent Relationship": "Inner", "Relation Name": "movie_link", "Alias": "ml", "Startup Cost": 0.29, "Total Cost": 4.35, "Plan Rows": 5, "Plan Width": 8, "Actual Startup Time": 0.025, "Actual Total Time": 0.028, "Actual Rows": 38, "Actual Loops": 2, "Recheck Cond": "(movie_id = mk.movie_id)", "Rows Removed by Index Recheck": 0, "Exact Heap Blocks": 2, "Lossy Heap Blocks": 2, "Plans": [{"Node Type": "Bitmap Index Scan", "Parent Relationship": "Outer", "Index Name": "movie_id_movie_link", "Startup Cost": 0.0, "Total Cost": 0.29, "Plan Rows": 5, "Plan Width": 0, "Actual Startup Time": 0.013, "Actual Total Time": 0.013, "Actual Rows": 38, "Actual Loops": 2, "Index Cond": "(movie_id = mk.movie_id)"}]}]}, {"Node Type": "Bitmap Heap Scan", "Parent Relationship": "Inner", "Relation Name": "link_type", "Alias": "lt", "Startup Cost": 0.26, "Total Cost": 4.27, "Plan Rows": 1, "Plan Width": 16, "Actual Startup Time": 0.097, "Actual Total Time": 0.097, "Actual Rows": 0, "Actual Loops": 38, "Recheck Cond": "(id = ml.link_type_id)", "Rows Removed by Index Recheck": 0, "Filter": "((link)::text ~~ '%follows%'::text)", "Rows Removed by Filter": 24, "Exact Heap Blocks": 24, "Lossy Heap Blocks": 24, "Plans": [{"Node Type": "Bitmap Index Scan", "Parent Relationship": "Outer", "Index Name": "link_type_pkey", "Startup Cost": 0.0, "Total Cost": 0.26, "Plan Rows": 1, "Plan Width": 0, "Actual Startup Time": 0.039, "Actual Total Time": 0.039, "Actual Rows": 24, "Actual Loops": 38, "Index Cond": "(id = ml.link_type_id)"}]}]}]}, "Triggers": [], "Planner Runtime": 60.458, "Total Runtime": 162.221, "Unique SQL Id": 4121279504}}, "(64, 20)": {"explain_plan": {"Plan": {"Node Type": "Aggregate", "Strategy": "Plain", "Startup Cost": 2581.34, "Total Cost": 2581.35, "Plan Rows": 1, "Plan Width": 144, "Plans": [{"Node Type": "Nested Loop", "Parent Relationship": "Outer", "Join Type": "Inner", "Startup Cost": 4.51, "Total Cost": 2581.33, "Plan Rows": 1, "Plan Width": 48, "Inner Unique": true, "Plans": [{"Node Type": "Nested Loop", "Parent Relationship": "Outer", "Join Type": "Inner", "Startup Cost": 4.51, "Total Cost": 2581.05, "Plan Rows": 1, "Plan Width": 40, "Inner Unique": false, "Join Filter": "(t.id = ml.movie_id)", "Plans": [{"Node Type": "Nested Loop", "Parent Relationship": "Outer", "Join Type": "Inner", "Startup Cost": 4.51, "Total Cost": 2580.63, "Plan Rows": 1, "Plan Width": 48, "Inner Unique": true, "Plans": [{"Node Type": "Nested Loop", "Parent Relationship": "Outer", "Join Type": "Inner", "Startup Cost": 4.51, "Total Cost": 2580.35, "Plan Rows": 1, "Plan Width": 52, "Inner Unique": true, "Plans": [{"Node Type": "Nested Loop", "Parent Relationship": "Outer", "Join Type": "Inner", "Startup Cost": 4.51, "Total Cost": 2580.05, "Plan Rows": 1, "Plan Width": 37, "Inner Unique": false, "Join Filter": "(t.id = mc.movie_id)", "Plans": [{"Node Type": "Nested Loop", "Parent Relationship": "Outer", "Join Type": "Inner", "Startup Cost": 4.51, "Total Cost": 2579.71, "Plan Rows": 1, "Plan Width": 25, "Inner Unique": true, "Plans": [{"Node Type": "Nested Loop", "Parent Relationship": "Outer", "Join Type": "Inner", "Startup Cost": 4.51, "Total Cost": 2569.02, "Plan Rows": 33, "Plan Width": 4, "Inner Unique": false, "Plans": [{"Node Type": "Seq Scan", "Parent Relationship": "Outer", "Relation Name": "keyword", "Alias": "k", "Startup Cost": 0.0, "Total Cost": 2436.11, "Plan Rows": 1, "Plan Width": 4, "Filter": "((keyword)::text = 'sequel'::text)"}, {"Node Type": "Bitmap Heap Scan", "Parent Relationship": "Inner", "Relation Name": "movie_keyword", "Alias": "mk", "Startup Cost": 4.51, "Total Cost": 132.58, "Plan Rows": 33, "Plan Width": 8, "Recheck Cond": "(keyword_id = k.id)", "Plans": [{"Node Type": "Bitmap Index Scan", "Parent Relationship": "Outer", "Index Name": "keyword_id_movie_keyword", "Startup Cost": 0.0, "Total Cost": 4.5, "Plan Rows": 33, "Plan Width": 0, "Index Cond": "(keyword_id = k.id)"}]}]}, {"Node Type": "Index Scan", "Parent Relationship": "Inner", "Scan Direction": "Forward", "Index Name": "title_pkey", "Relation Name": "title", "Alias": "t", "Startup Cost": 0.0, "Total Cost": 0.31, "Plan Rows": 1, "Plan Width": 21, "Index Cond": "(id = mk.movie_id)", "Filter": "(((title)::text ~~ '%Money%'::text) AND (production_year = 1998))"}]}, {"Node Type": "Index Scan", "Parent Relationship": "Inner", "Scan Direction": "Forward", "Index Name": "movie_id_movie_companies", "Relation Name": "movie_companies", "Alias": "mc", "Startup Cost": 0.0, "Total Cost": 0.31, "Plan Rows": 2, "Plan Width": 12, "Index Cond": "(movie_id = mk.movie_id)", "Filter": "(note IS NULL)"}]}, {"Node Type": "Index Scan", "Parent Relationship": "Inner", "Scan Direction": "Forward", "Index Name": "company_name_pkey", "Relation Name": "company_name", "Alias": "cn", "Startup Cost": 0.0, "Total Cost": 0.29, "Plan Rows": 1, "Plan Width": 23, "Index Cond": "(id = mc.company_id)", "Filter": "(((country_code)::text <> '[pl]'::text) AND (((name)::text ~~ '%Film%'::text) OR ((name)::text ~~ '%Warner%'::text)))"}]}, {"Node Type": "Index Scan", "Parent Relationship": "Inner", "Scan Direction": "Forward", "Index Name": "company_type_pkey", "Relation Name": "company_type", "Alias": "ct", "Startup Cost": 0.0, "Total Cost": 0.27, "Plan Rows": 1, "Plan Width": 4, "Index Cond": "(id = mc.company_type_id)", "Filter": "((kind)::text = 'production companies'::text)"}]}, {"Node Type": "Index Scan", "Parent Relationship": "Inner", "Scan Direction": "Forward", "Index Name": "movie_id_movie_link", "Relation Name": "movie_link", "Alias": "ml", "Startup Cost": 0.0, "Total Cost": 0.35, "Plan Rows": 5, "Plan Width": 8, "Index Cond": "(movie_id = mk.movie_id)"}]}, {"Node Type": "Index Scan", "Parent Relationship": "Inner", "Scan Direction": "Forward", "Index Name": "link_type_pkey", "Relation Name": "link_type", "Alias": "lt", "Startup Cost": 0.0, "Total Cost": 0.27, "Plan Rows": 1, "Plan Width": 16, "Index Cond": "(id = ml.link_type_id)", "Filter": "((link)::text ~~ '%follows%'::text)"}]}]}, "Unique SQL Id": 4121279504}, "explain_analyze_plan": {"Plan": {"Node Type": "Aggregate", "Strategy": "Plain", "Startup Cost": 2581.34, "Total Cost": 2581.35, "Plan Rows": 1, "Plan Width": 144, "Actual Startup Time": 123.557, "Actual Total Time": 123.557, "Actual Rows": 1, "Actual Loops": 1, "Plans": [{"Node Type": "Nested Loop", "Parent Relationship": "Outer", "Join Type": "Inner", "Startup Cost": 4.51, "Total Cost": 2581.33, "Plan Rows": 1, "Plan Width": 48, "Actual Startup Time": 123.547, "Actual Total Time": 123.547, "Actual Rows": 0, "Actual Loops": 1, "Inner Unique": true, "Plans": [{"Node Type": "Nested Loop", "Parent Relationship": "Outer", "Join Type": "Inner", "Startup Cost": 4.51, "Total Cost": 2581.05, "Plan Rows": 1, "Plan Width": 40, "Actual Startup Time": 5.886, "Actual Total Time": 123.447, "Actual Rows": 38, "Actual Loops": 1, "Inner Unique": false, "Join Filter": "(t.id = ml.movie_id)", "Rows Removed by Join Filter": 0, "Plans": [{"Node Type": "Nested Loop", "Parent Relationship": "Outer", "Join Type": "Inner", "Startup Cost": 4.51, "Total Cost": 2580.63, "Plan Rows": 1, "Plan Width": 48, "Actual Startup Time": 5.866, "Actual Total Time": 123.392, "Actual Rows": 2, "Actual Loops": 1, "Inner Unique": true, "Plans": [{"Node Type": "Nested Loop", "Parent Relationship": "Outer", "Join Type": "Inner", "Startup Cost": 4.51, "Total Cost": 2580.35, "Plan Rows": 1, "Plan Width": 52, "Actual Startup Time": 5.855, "Actual Total Time": 123.377, "Actual Rows": 2, "Actual Loops": 1, "Inner Unique": true, "Plans": [{"Node Type": "Nested Loop", "Parent Relationship": "Outer", "Join Type": "Inner", "Startup Cost": 4.51, "Total Cost": 2580.05, "Plan Rows": 1, "Plan Width": 37, "Actual Startup Time": 5.834, "Actual Total Time": 123.335, "Actual Rows": 3, "Actual Loops": 1, "Inner Unique": false, "Join Filter": "(t.id = mc.movie_id)", "Rows Removed by Join Filter": 0, "Plans": [{"Node Type": "Nested Loop", "Parent Relationship": "Outer", "Join Type": "Inner", "Startup Cost": 4.51, "Total Cost": 2579.71, "Plan Rows": 1, "Plan Width": 25, "Actual Startup Time": 5.809, "Actual Total Time": 123.305, "Actual Rows": 1, "Actual Loops": 1, "Inner Unique": true, "Plans": [{"Node Type": "Nested Loop", "Parent Relationship": "Outer", "Join Type": "Inner", "Startup Cost": 4.51, "Total Cost": 2569.02, "Plan Rows": 33, "Plan Width": 4, "Actual Startup Time": 5.443, "Actual Total Time": 62.982, "Actual Rows": 10544, "Actual Loops": 1, "Inner Unique": false, "Plans": [{"Node Type": "Seq Scan", "Parent Relationship": "Outer", "Relation Name": "keyword", "Alias": "k", "Startup Cost": 0.0, "Total Cost": 2436.11, "Plan Rows": 1, "Plan Width": 4, "Actual Startup Time": 2.358, "Actual Total Time": 41.641, "Actual Rows": 1, "Actual Loops": 1, "Filter": "((keyword)::text = 'sequel'::text)", "Rows Removed by Filter": 134168}, {"Node Type": "Bitmap Heap Scan", "Parent Relationship": "Inner", "Relation Name": "movie_keyword", "Alias": "mk", "Startup Cost": 4.51, "Total Cost": 132.58, "Plan Rows": 33, "Plan Width": 8, "Actual Startup Time": 3.074, "Actual Total Time": 19.121, "Actual Rows": 10544, "Actual Loops": 1, "Recheck Cond": "(keyword_id = k.id)", "Rows Removed by Index Recheck": 0, "Exact Heap Blocks": 5090, "Lossy Heap Blocks": 5090, "Plans": [{"Node Type": "Bitmap Index Scan", "Parent Relationship": "Outer", "Index Name": "keyword_id_movie_keyword", "Startup Cost": 0.0, "Total Cost": 4.5, "Plan Rows": 33, "Plan Width": 0, "Actual Startup Time": 2.162, "Actual Total Time": 2.162, "Actual Rows": 10544, "Actual Loops": 1, "Index Cond": "(keyword_id = k.id)"}]}]}, {"Node Type": "Index Scan", "Parent Relationship": "Inner", "Scan Direction": "Forward", "Index Name": "title_pkey", "Relation Name": "title", "Alias": "t", "Startup Cost": 0.0, "Total Cost": 0.31, "Plan Rows": 1, "Plan Width": 21, "Actual Startup Time": 54.966, "Actual Total Time": 54.966, "Actual Rows": 1, "Actual Loops": 10544, "Index Cond": "(id = mk.movie_id)", "Rows Removed by Index Recheck": 0, "Filter": "(((title)::text ~~ '%Money%'::text) AND (production_year = 1998))", "Rows Removed by Filter": 10543}]}, {"Node Type": "Index Scan", "Parent Relationship": "Inner", "Scan Direction": "Forward", "Index Name": "movie_id_movie_companies", "Relation Name": "movie_companies", "Alias": "mc", "Startup Cost": 0.0, "Total Cost": 0.31, "Plan Rows": 2, "Plan Width": 12, "Actual Startup Time": 0.019, "Actual Total Time": 0.022, "Actual Rows": 3, "Actual Loops": 1, "Index Cond": "(movie_id = mk.movie_id)", "Rows Removed by Index Recheck": 0, "Filter": "(note IS NULL)", "Rows Removed by Filter": 1}]}, {"Node Type": "Index Scan", "Parent Relationship": "Inner", "Scan Direction": "Forward", "Index Name": "company_name_pkey", "Relation Name": "company_name", "Alias": "cn", "Startup Cost": 0.0, "Total Cost": 0.29, "Plan Rows": 1, "Plan Width": 23, "Actual Startup Time": 0.037, "Actual Total Time": 0.037, "Actual Rows": 2, "Actual Loops": 3, "Index Cond": "(id = mc.company_id)", "Rows Removed by Index Recheck": 0, "Filter": "(((country_code)::text <> '[pl]'::text) AND (((name)::text ~~ '%Film%'::text) OR ((name)::text ~~ '%Warner%'::text)))", "Rows Removed by Filter": 1}]}, {"Node Type": "Index Scan", "Parent Relationship": "Inner", "Scan Direction": "Forward", "Index Name": "company_type_pkey", "Relation Name": "company_type", "Alias": "ct", "Startup Cost": 0.0, "Total Cost": 0.27, "Plan Rows": 1, "Plan Width": 4, "Actual Startup Time": 0.011, "Actual Total Time": 0.011, "Actual Rows": 2, "Actual Loops": 2, "Index Cond": "(id = mc.company_type_id)", "Rows Removed by Index Recheck": 0, "Filter": "((kind)::text = 'production companies'::text)", "Rows Removed by Filter": 0}]}, {"Node Type": "Index Scan", "Parent Relationship": "Inner", "Scan Direction": "Forward", "Index Name": "movie_id_movie_link", "Relation Name": "movie_link", "Alias": "ml", "Startup Cost": 0.0, "Total Cost": 0.35, "Plan Rows": 5, "Plan Width": 8, "Actual Startup Time": 0.016, "Actual Total Time": 0.029, "Actual Rows": 38, "Actual Loops": 2, "Index Cond": "(movie_id = mk.movie_id)", "Rows Removed by Index Recheck": 0}]}, {"Node Type": "Index Scan", "Parent Relationship": "Inner", "Scan Direction": "Forward", "Index Name": "link_type_pkey", "Relation Name": "link_type", "Alias": "lt", "Startup Cost": 0.0, "Total Cost": 0.27, "Plan Rows": 1, "Plan Width": 16, "Actual Startup Time": 0.076, "Actual Total Time": 0.076, "Actual Rows": 0, "Actual Loops": 38, "Index Cond": "(id = ml.link_type_id)", "Rows Removed by Index Recheck": 0, "Filter": "((link)::text ~~ '%follows%'::text)", "Rows Removed by Filter": 24}]}]}, "Triggers": [], "Planner Runtime": 80.823, "Total Runtime": 124.133, "Unique SQL Id": 4121279504}}, "(64, 21)": {"explain_plan": {"Plan": {"Node Type": "Aggregate", "Strategy": "Plain", "Startup Cost": 3327.94, "Total Cost": 3327.95, "Plan Rows": 1, "Plan Width": 144, "Plans": [{"Node Type": "Nested Loop", "Parent Relationship": "Outer", "Join Type": "Inner", "Startup Cost": 4.51, "Total Cost": 3327.93, "Plan Rows": 1, "Plan Width": 48, "Inner Unique": true, "Plans": [{"Node Type": "Nested Loop", "Parent Relationship": "Outer", "Join Type": "Inner", "Startup Cost": 4.51, "Total Cost": 3327.65, "Plan Rows": 1, "Plan Width": 40, "Inner Unique": false, "Join Filter": "(t.id = ml.movie_id)", "Plans": [{"Node Type": "Nested Loop", "Parent Relationship": "Outer", "Join Type": "Inner", "Startup Cost": 4.51, "Total Cost": 3327.24, "Plan Rows": 1, "Plan Width": 48, "Inner Unique": true, "Plans": [{"Node Type": "Nested Loop", "Parent Relationship": "Outer", "Join Type": "Inner", "Startup Cost": 4.51, "Total Cost": 3326.95, "Plan Rows": 1, "Plan Width": 52, "Inner Unique": true, "Plans": [{"Node Type": "Nested Loop", "Parent Relationship": "Outer", "Join Type": "Inner", "Startup Cost": 4.51, "Total Cost": 3326.66, "Plan Rows": 1, "Plan Width": 37, "Inner Unique": false, "Join Filter": "(t.id = mc.movie_id)", "Plans": [{"Node Type": "Nested Loop", "Parent Relationship": "Outer", "Join Type": "Inner", "Startup Cost": 4.51, "Total Cost": 3326.32, "Plan Rows": 1, "Plan Width": 25, "Inner Unique": true, "Plans": [{"Node Type": "Nested Loop", "Parent Relationship": "Outer", "Join Type": "Inner", "Startup Cost": 4.51, "Total Cost": 3315.63, "Plan Rows": 33, "Plan Width": 4, "Inner Unique": false, "Plans": [{"Node Type": "Index Scan", "Parent Relationship": "Outer", "Scan Direction": "Forward", "Index Name": "keyword_pkey", "Relation Name": "keyword", "Alias": "k", "Startup Cost": 0.0, "Total Cost": 3182.72, "Plan Rows": 1, "Plan Width": 4, "Filter": "((keyword)::text = 'sequel'::text)"}, {"Node Type": "Bitmap Heap Scan", "Parent Relationship": "Inner", "Relation Name": "movie_keyword", "Alias": "mk", "Startup Cost": 4.51, "Total Cost": 132.58, "Plan Rows": 33, "Plan Width": 8, "Recheck Cond": "(keyword_id = k.id)", "Plans": [{"Node Type": "Bitmap Index Scan", "Parent Relationship": "Outer", "Index Name": "keyword_id_movie_keyword", "Startup Cost": 0.0, "Total Cost": 4.5, "Plan Rows": 33, "Plan Width": 0, "Index Cond": "(keyword_id = k.id)"}]}]}, {"Node Type": "Index Scan", "Parent Relationship": "Inner", "Scan Direction": "Forward", "Index Name": "title_pkey", "Relation Name": "title", "Alias": "t", "Startup Cost": 0.0, "Total Cost": 0.31, "Plan Rows": 1, "Plan Width": 21, "Index Cond": "(id = mk.movie_id)", "Filter": "(((title)::text ~~ '%Money%'::text) AND (production_year = 1998))"}]}, {"Node Type": "Index Scan", "Parent Relationship": "Inner", "Scan Direction": "Forward", "Index Name": "movie_id_movie_companies", "Relation Name": "movie_companies", "Alias": "mc", "Startup Cost": 0.0, "Total Cost": 0.31, "Plan Rows": 2, "Plan Width": 12, "Index Cond": "(movie_id = mk.movie_id)", "Filter": "(note IS NULL)"}]}, {"Node Type": "Index Scan", "Parent Relationship": "Inner", "Scan Direction": "Forward", "Index Name": "company_name_pkey", "Relation Name": "company_name", "Alias": "cn", "Startup Cost": 0.0, "Total Cost": 0.29, "Plan Rows": 1, "Plan Width": 23, "Index Cond": "(id = mc.company_id)", "Filter": "(((country_code)::text <> '[pl]'::text) AND (((name)::text ~~ '%Film%'::text) OR ((name)::text ~~ '%Warner%'::text)))"}]}, {"Node Type": "Index Scan", "Parent Relationship": "Inner", "Scan Direction": "Forward", "Index Name": "company_type_pkey", "Relation Name": "company_type", "Alias": "ct", "Startup Cost": 0.0, "Total Cost": 0.27, "Plan Rows": 1, "Plan Width": 4, "Index Cond": "(id = mc.company_type_id)", "Filter": "((kind)::text = 'production companies'::text)"}]}, {"Node Type": "Index Scan", "Parent Relationship": "Inner", "Scan Direction": "Forward", "Index Name": "movie_id_movie_link", "Relation Name": "movie_link", "Alias": "ml", "Startup Cost": 0.0, "Total Cost": 0.35, "Plan Rows": 5, "Plan Width": 8, "Index Cond": "(movie_id = mk.movie_id)"}]}, {"Node Type": "Index Scan", "Parent Relationship": "Inner", "Scan Direction": "Forward", "Index Name": "link_type_pkey", "Relation Name": "link_type", "Alias": "lt", "Startup Cost": 0.0, "Total Cost": 0.27, "Plan Rows": 1, "Plan Width": 16, "Index Cond": "(id = ml.link_type_id)", "Filter": "((link)::text ~~ '%follows%'::text)"}]}]}, "Unique SQL Id": 4121279504}, "explain_analyze_plan": {"Plan": {"Node Type": "Aggregate", "Strategy": "Plain", "Startup Cost": 3327.94, "Total Cost": 3327.95, "Plan Rows": 1, "Plan Width": 144, "Actual Startup Time": 206.836, "Actual Total Time": 206.836, "Actual Rows": 1, "Actual Loops": 1, "Plans": [{"Node Type": "Nested Loop", "Parent Relationship": "Outer", "Join Type": "Inner", "Startup Cost": 4.51, "Total Cost": 3327.93, "Plan Rows": 1, "Plan Width": 48, "Actual Startup Time": 206.83, "Actual Total Time": 206.83, "Actual Rows": 0, "Actual Loops": 1, "Inner Unique": true, "Plans": [{"Node Type": "Nested Loop", "Parent Relationship": "Outer", "Join Type": "Inner", "Startup Cost": 4.51, "Total Cost": 3327.65, "Plan Rows": 1, "Plan Width": 40, "Actual Startup Time": 4.134, "Actual Total Time": 206.74, "Actual Rows": 38, "Actual Loops": 1, "Inner Unique": false, "Join Filter": "(t.id = ml.movie_id)", "Rows Removed by Join Filter": 0, "Plans": [{"Node Type": "Nested Loop", "Parent Relationship": "Outer", "Join Type": "Inner", "Startup Cost": 4.51, "Total Cost": 3327.24, "Plan Rows": 1, "Plan Width": 48, "Actual Startup Time": 4.119, "Actual Total Time": 206.686, "Actual Rows": 2, "Actual Loops": 1, "Inner Unique": true, "Plans": [{"Node Type": "Nested Loop", "Parent Relationship": "Outer", "Join Type": "Inner", "Startup Cost": 4.51, "Total Cost": 3326.95, "Plan Rows": 1, "Plan Width": 52, "Actual Startup Time": 4.11, "Actual Total Time": 206.673, "Actual Rows": 2, "Actual Loops": 1, "Inner Unique": true, "Plans": [{"Node Type": "Nested Loop", "Parent Relationship": "Outer", "Join Type": "Inner", "Startup Cost": 4.51, "Total Cost": 3326.66, "Plan Rows": 1, "Plan Width": 37, "Actual Startup Time": 4.093, "Actual Total Time": 206.639, "Actual Rows": 3, "Actual Loops": 1, "Inner Unique": false, "Join Filter": "(t.id = mc.movie_id)", "Rows Removed by Join Filter": 0, "Plans": [{"Node Type": "Nested Loop", "Parent Relationship": "Outer", "Join Type": "Inner", "Startup Cost": 4.51, "Total Cost": 3326.32, "Plan Rows": 1, "Plan Width": 25, "Actual Startup Time": 4.075, "Actual Total Time": 206.617, "Actual Rows": 1, "Actual Loops": 1, "Inner Unique": true, "Plans": [{"Node Type": "Nested Loop", "Parent Relationship": "Outer", "Join Type": "Inner", "Startup Cost": 4.51, "Total Cost": 3315.63, "Plan Rows": 33, "Plan Width": 4, "Actual Startup Time": 3.756, "Actual Total Time": 147.383, "Actual Rows": 10544, "Actual Loops": 1, "Inner Unique": false, "Plans": [{"Node Type": "Index Scan", "Parent Relationship": "Outer", "Scan Direction": "Forward", "Index Name": "keyword_pkey", "Relation Name": "keyword", "Alias": "k", "Startup Cost": 0.0, "Total Cost": 3182.72, "Plan Rows": 1, "Plan Width": 4, "Actual Startup Time": 0.512, "Actual Total Time": 126.311, "Actual Rows": 1, "Actual Loops": 1, "Filter": "((keyword)::text = 'sequel'::text)", "Rows Removed by Filter": 134168}, {"Node Type": "Bitmap Heap Scan", "Parent Relationship": "Inner", "Relation Name": "movie_keyword", "Alias": "mk", "Startup Cost": 4.51, "Total Cost": 132.58, "Plan Rows": 33, "Plan Width": 8, "Actual Startup Time": 3.236, "Actual Total Time": 18.868, "Actual Rows": 10544, "Actual Loops": 1, "Recheck Cond": "(keyword_id = k.id)", "Rows Removed by Index Recheck": 0, "Exact Heap Blocks": 5090, "Lossy Heap Blocks": 5090, "Plans": [{"Node Type": "Bitmap Index Scan", "Parent Relationship": "Outer", "Index Name": "keyword_id_movie_keyword", "Startup Cost": 0.0, "Total Cost": 4.5, "Plan Rows": 33, "Plan Width": 0, "Actual Startup Time": 2.291, "Actual Total Time": 2.291, "Actual Rows": 10544, "Actual Loops": 1, "Index Cond": "(keyword_id = k.id)"}]}]}, {"Node Type": "Index Scan", "Parent Relationship": "Inner", "Scan Direction": "Forward", "Index Name": "title_pkey", "Relation Name": "title", "Alias": "t", "Startup Cost": 0.0, "Total Cost": 0.31, "Plan Rows": 1, "Plan Width": 21, "Actual Startup Time": 53.865, "Actual Total Time": 53.865, "Actual Rows": 1, "Actual Loops": 10544, "Index Cond": "(id = mk.movie_id)", "Rows Removed by Index Recheck": 0, "Filter": "(((title)::text ~~ '%Money%'::text) AND (production_year = 1998))", "Rows Removed by Filter": 10543}]}, {"Node Type": "Index Scan", "Parent Relationship": "Inner", "Scan Direction": "Forward", "Index Name": "movie_id_movie_companies", "Relation Name": "movie_companies", "Alias": "mc", "Startup Cost": 0.0, "Total Cost": 0.31, "Plan Rows": 2, "Plan Width": 12, "Actual Startup Time": 0.015, "Actual Total Time": 0.018, "Actual Rows": 3, "Actual Loops": 1, "Index Cond": "(movie_id = mk.movie_id)", "Rows Removed by Index Recheck": 0, "Filter": "(note IS NULL)", "Rows Removed by Filter": 1}]}, {"Node Type": "Index Scan", "Parent Relationship": "Inner", "Scan Direction": "Forward", "Index Name": "company_name_pkey", "Relation Name": "company_name", "Alias": "cn", "Startup Cost": 0.0, "Total Cost": 0.29, "Plan Rows": 1, "Plan Width": 23, "Actual Startup Time": 0.028, "Actual Total Time": 0.028, "Actual Rows": 2, "Actual Loops": 3, "Index Cond": "(id = mc.company_id)", "Rows Removed by Index Recheck": 0, "Filter": "(((country_code)::text <> '[pl]'::text) AND (((name)::text ~~ '%Film%'::text) OR ((name)::text ~~ '%Warner%'::text)))", "Rows Removed by Filter": 1}]}, {"Node Type": "Index Scan", "Parent Relationship": "Inner", "Scan Direction": "Forward", "Index Name": "company_type_pkey", "Relation Name": "company_type", "Alias": "ct", "Startup Cost": 0.0, "Total Cost": 0.27, "Plan Rows": 1, "Plan Width": 4, "Actual Startup Time": 0.009, "Actual Total Time": 0.009, "Actual Rows": 2, "Actual Loops": 2, "Index Cond": "(id = mc.company_type_id)", "Rows Removed by Index Recheck": 0, "Filter": "((kind)::text = 'production companies'::text)", "Rows Removed by Filter": 0}]}, {"Node Type": "Index Scan", "Parent Relationship": "Inner", "Scan Direction": "Forward", "Index Name": "movie_id_movie_link", "Relation Name": "movie_link", "Alias": "ml", "Startup Cost": 0.0, "Total Cost": 0.35, "Plan Rows": 5, "Plan Width": 8, "Actual Startup Time": 0.013, "Actual Total Time": 0.03, "Actual Rows": 38, "Actual Loops": 2, "Index Cond": "(movie_id = mk.movie_id)", "Rows Removed by Index Recheck": 0}]}, {"Node Type": "Index Scan", "Parent Relationship": "Inner", "Scan Direction": "Forward", "Index Name": "link_type_pkey", "Relation Name": "link_type", "Alias": "lt", "Startup Cost": 0.0, "Total Cost": 0.27, "Plan Rows": 1, "Plan Width": 16, "Actual Startup Time": 0.072, "Actual Total Time": 0.072, "Actual Rows": 0, "Actual Loops": 38, "Index Cond": "(id = ml.link_type_id)", "Rows Removed by Index Recheck": 0, "Filter": "((link)::text ~~ '%follows%'::text)", "Rows Removed by Filter": 24}]}]}, "Triggers": [], "Planner Runtime": 70.618, "Total Runtime": 207.306, "Unique SQL Id": 4121279504}}, "(64, 22)": {"explain_plan": {"Plan": {"Node Type": "Aggregate", "Strategy": "Plain", "Startup Cost": 2726.02, "Total Cost": 2726.03, "Plan Rows": 1, "Plan Width": 144, "Plans": [{"Node Type": "Nested Loop", "Parent Relationship": "Outer", "Join Type": "Inner", "Startup Cost": 5.59, "Total Cost": 2726.01, "Plan Rows": 1, "Plan Width": 48, "Inner Unique": true, "Join Filter": "(ml.link_type_id = lt.id)", "Plans": [{"Node Type": "Nested Loop", "Parent Relationship": "Outer", "Join Type": "Inner", "Startup Cost": 5.59, "Total Cost": 2724.78, "Plan Rows": 1, "Plan Width": 40, "Inner Unique": false, "Join Filter": "(t.id = ml.movie_id)", "Plans": [{"Node Type": "Nested Loop", "Parent Relationship": "Outer", "Join Type": "Inner", "Startup Cost": 5.3, "Total Cost": 2720.37, "Plan Rows": 1, "Plan Width": 48, "Inner Unique": true, "Join Filter": "(mc.company_type_id = ct.id)", "Plans": [{"Node Type": "Nested Loop", "Parent Relationship": "Outer", "Join Type": "Inner", "Startup Cost": 5.3, "Total Cost": 2719.32, "Plan Rows": 1, "Plan Width": 52, "Inner Unique": true, "Plans": [{"Node Type": "Nested Loop", "Parent Relationship": "Outer", "Join Type": "Inner", "Startup Cost": 5.05, "Total Cost": 2715.03, "Plan Rows": 1, "Plan Width": 37, "Inner Unique": false, "Join Filter": "(t.id = mc.movie_id)", "Plans": [{"Node Type": "Nested Loop", "Parent Relationship": "Outer", "Join Type": "Inner", "Startup Cost": 4.77, "Total Cost": 2710.71, "Plan Rows": 1, "Plan Width": 25, "Inner Unique": true, "Plans": [{"Node Type": "Nested Loop", "Parent Relationship": "Outer", "Join Type": "Inner", "Startup Cost": 4.51, "Total Cost": 2569.02, "Plan Rows": 33, "Plan Width": 4, "Inner Unique": false, "Plans": [{"Node Type": "Seq Scan", "Parent Relationship": "Outer", "Relation Name": "keyword", "Alias": "k", "Startup Cost": 0.0, "Total Cost": 2436.11, "Plan Rows": 1, "Plan Width": 4, "Filter": "((keyword)::text = 'sequel'::text)"}, {"Node Type": "Bitmap Heap Scan", "Parent Relationship": "Inner", "Relation Name": "movie_keyword", "Alias": "mk", "Startup Cost": 4.51, "Total Cost": 132.58, "Plan Rows": 33, "Plan Width": 8, "Recheck Cond": "(keyword_id = k.id)", "Plans": [{"Node Type": "Bitmap Index Scan", "Parent Relationship": "Outer", "Index Name": "keyword_id_movie_keyword", "Startup Cost": 0.0, "Total Cost": 4.5, "Plan Rows": 33, "Plan Width": 0, "Index Cond": "(keyword_id = k.id)"}]}]}, {"Node Type": "Bitmap Heap Scan", "Parent Relationship": "Inner", "Relation Name": "title", "Alias": "t", "Startup Cost": 0.27, "Total Cost": 4.28, "Plan Rows": 1, "Plan Width": 21, "Recheck Cond": "(id = mk.movie_id)", "Filter": "(((title)::text ~~ '%Money%'::text) AND (production_year = 1998))", "Plans": [{"Node Type": "Bitmap Index Scan", "Parent Relationship": "Outer", "Index Name": "title_pkey", "Startup Cost": 0.0, "Total Cost": 0.27, "Plan Rows": 1, "Plan Width": 0, "Index Cond": "(id = mk.movie_id)"}]}]}, {"Node Type": "Bitmap Heap Scan", "Parent Relationship": "Inner", "Relation Name": "movie_companies", "Alias": "mc", "Startup Cost": 0.27, "Total Cost": 4.3, "Plan Rows": 2, "Plan Width": 12, "Recheck Cond": "(movie_id = mk.movie_id)", "Filter": "(note IS NULL)", "Plans": [{"Node Type": "Bitmap Index Scan", "Parent Relationship": "Outer", "Index Name": "movie_id_movie_companies", "Startup Cost": 0.0, "Total Cost": 0.27, "Plan Rows": 2, "Plan Width": 0, "Index Cond": "(movie_id = mk.movie_id)"}]}]}, {"Node Type": "Bitmap Heap Scan", "Parent Relationship": "Inner", "Relation Name": "company_name", "Alias": "cn", "Startup Cost": 0.26, "Total Cost": 4.28, "Plan Rows": 1, "Plan Width": 23, "Recheck Cond": "(id = mc.company_id)", "Filter": "(((country_code)::text <> '[pl]'::text) AND (((name)::text ~~ '%Film%'::text) OR ((name)::text ~~ '%Warner%'::text)))", "Plans": [{"Node Type": "Bitmap Index Scan", "Parent Relationship": "Outer", "Index Name": "company_name_pkey", "Startup Cost": 0.0, "Total Cost": 0.26, "Plan Rows": 1, "Plan Width": 0, "Index Cond": "(id = mc.company_id)"}]}]}, {"Node Type": "Seq Scan", "Parent Relationship": "Inner", "Relation Name": "company_type", "Alias": "ct", "Startup Cost": 0.0, "Total Cost": 1.04, "Plan Rows": 1, "Plan Width": 4, "Filter": "((kind)::text = 'production companies'::text)"}]}, {"Node Type": "Bitmap Heap Scan", "Parent Relationship": "Inner", "Relation Name": "movie_link", "Alias": "ml", "Startup Cost": 0.29, "Total Cost": 4.35, "Plan Rows": 5, "Plan Width": 8, "Recheck Cond": "(movie_id = mk.movie_id)", "Plans": [{"Node Type": "Bitmap Index Scan", "Parent Relationship": "Outer", "Index Name": "movie_id_movie_link", "Startup Cost": 0.0, "Total Cost": 0.29, "Plan Rows": 5, "Plan Width": 0, "Index Cond": "(movie_id = mk.movie_id)"}]}]}, {"Node Type": "Seq Scan", "Parent Relationship": "Inner", "Relation Name": "link_type", "Alias": "lt", "Startup Cost": 0.0, "Total Cost": 1.21, "Plan Rows": 1, "Plan Width": 16, "Filter": "((link)::text ~~ '%follows%'::text)"}]}]}, "Unique SQL Id": 4121279504}, "explain_analyze_plan": {"Plan": {"Node Type": "Aggregate", "Strategy": "Plain", "Startup Cost": 2726.02, "Total Cost": 2726.03, "Plan Rows": 1, "Plan Width": 144, "Actual Startup Time": 139.861, "Actual Total Time": 139.862, "Actual Rows": 1, "Actual Loops": 1, "Plans": [{"Node Type": "Nested Loop", "Parent Relationship": "Outer", "Join Type": "Inner", "Startup Cost": 5.59, "Total Cost": 2726.01, "Plan Rows": 1, "Plan Width": 48, "Actual Startup Time": 139.85, "Actual Total Time": 139.85, "Actual Rows": 0, "Actual Loops": 1, "Inner Unique": true, "Join Filter": "(ml.link_type_id = lt.id)", "Rows Removed by Join Filter": 0, "Plans": [{"Node Type": "Nested Loop", "Parent Relationship": "Outer", "Join Type": "Inner", "Startup Cost": 5.59, "Total Cost": 2724.78, "Plan Rows": 1, "Plan Width": 40, "Actual Startup Time": 5.83, "Actual Total Time": 139.523, "Actual Rows": 38, "Actual Loops": 1, "Inner Unique": false, "Join Filter": "(t.id = ml.movie_id)", "Rows Removed by Join Filter": 0, "Plans": [{"Node Type": "Nested Loop", "Parent Relationship": "Outer", "Join Type": "Inner", "Startup Cost": 5.3, "Total Cost": 2720.37, "Plan Rows": 1, "Plan Width": 48, "Actual Startup Time": 5.81, "Actual Total Time": 139.475, "Actual Rows": 2, "Actual Loops": 1, "Inner Unique": true, "Join Filter": "(mc.company_type_id = ct.id)", "Rows Removed by Join Filter": 0, "Plans": [{"Node Type": "Nested Loop", "Parent Relationship": "Outer", "Join Type": "Inner", "Startup Cost": 5.3, "Total Cost": 2719.32, "Plan Rows": 1, "Plan Width": 52, "Actual Startup Time": 5.795, "Actual Total Time": 139.457, "Actual Rows": 2, "Actual Loops": 1, "Inner Unique": true, "Plans": [{"Node Type": "Nested Loop", "Parent Relationship": "Outer", "Join Type": "Inner", "Startup Cost": 5.05, "Total Cost": 2715.03, "Plan Rows": 1, "Plan Width": 37, "Actual Startup Time": 5.772, "Actual Total Time": 139.409, "Actual Rows": 3, "Actual Loops": 1, "Inner Unique": false, "Join Filter": "(t.id = mc.movie_id)", "Rows Removed by Join Filter": 0, "Plans": [{"Node Type": "Nested Loop", "Parent Relationship": "Outer", "Join Type": "Inner", "Startup Cost": 4.77, "Total Cost": 2710.71, "Plan Rows": 1, "Plan Width": 25, "Actual Startup Time": 5.729, "Actual Total Time": 139.363, "Actual Rows": 1, "Actual Loops": 1, "Inner Unique": true, "Plans": [{"Node Type": "Nested Loop", "Parent Relationship": "Outer", "Join Type": "Inner", "Startup Cost": 4.51, "Total Cost": 2569.02, "Plan Rows": 33, "Plan Width": 4, "Actual Startup Time": 5.307, "Actual Total Time": 62.033, "Actual Rows": 10544, "Actual Loops": 1, "Inner Unique": false, "Plans": [{"Node Type": "Seq Scan", "Parent Relationship": "Outer", "Relation Name": "keyword", "Alias": "k", "Startup Cost": 0.0, "Total Cost": 2436.11, "Plan Rows": 1, "Plan Width": 4, "Actual Startup Time": 2.376, "Actual Total Time": 41.622, "Actual Rows": 1, "Actual Loops": 1, "Filter": "((keyword)::text = 'sequel'::text)", "Rows Removed by Filter": 134168}, {"Node Type": "Bitmap Heap Scan", "Parent Relationship": "Inner", "Relation Name": "movie_keyword", "Alias": "mk", "Startup Cost": 4.51, "Total Cost": 132.58, "Plan Rows": 33, "Plan Width": 8, "Actual Startup Time": 2.922, "Actual Total Time": 18.246, "Actual Rows": 10544, "Actual Loops": 1, "Recheck Cond": "(keyword_id = k.id)", "Rows Removed by Index Recheck": 0, "Exact Heap Blocks": 5090, "Lossy Heap Blocks": 5090, "Plans": [{"Node Type": "Bitmap Index Scan", "Parent Relationship": "Outer", "Index Name": "keyword_id_movie_keyword", "Startup Cost": 0.0, "Total Cost": 4.5, "Plan Rows": 33, "Plan Width": 0, "Actual Startup Time": 1.992, "Actual Total Time": 1.992, "Actual Rows": 10544, "Actual Loops": 1, "Index Cond": "(keyword_id = k.id)"}]}]}, {"Node Type": "Bitmap Heap Scan", "Parent Relationship": "Inner", "Relation Name": "title", "Alias": "t", "Startup Cost": 0.27, "Total Cost": 4.28, "Plan Rows": 1, "Plan Width": 21, "Actual Startup Time": 65.637, "Actual Total Time": 65.637, "Actual Rows": 1, "Actual Loops": 10544, "Recheck Cond": "(id = mk.movie_id)", "Rows Removed by Index Recheck": 0, "Filter": "(((title)::text ~~ '%Money%'::text) AND (production_year = 1998))", "Rows Removed by Filter": 10543, "Exact Heap Blocks": 10544, "Lossy Heap Blocks": 10544, "Plans": [{"Node Type": "Bitmap Index Scan", "Parent Relationship": "Outer", "Index Name": "title_pkey", "Startup Cost": 0.0, "Total Cost": 0.27, "Plan Rows": 1, "Plan Width": 0, "Actual Startup Time": 31.501, "Actual Total Time": 31.501, "Actual Rows": 10544, "Actual Loops": 10544, "Index Cond": "(id = mk.movie_id)"}]}]}, {"Node Type": "Bitmap Heap Scan", "Parent Relationship": "Inner", "Relation Name": "movie_companies", "Alias": "mc", "Startup Cost": 0.27, "Total Cost": 4.3, "Plan Rows": 2, "Plan Width": 12, "Actual Startup Time": 0.035, "Actual Total Time": 0.036, "Actual Rows": 3, "Actual Loops": 1, "Recheck Cond": "(movie_id = mk.movie_id)", "Rows Removed by Index Recheck": 0, "Filter": "(note IS NULL)", "Rows Removed by Filter": 1, "Exact Heap Blocks": 2, "Lossy Heap Blocks": 2, "Plans": [{"Node Type": "Bitmap Index Scan", "Parent Relationship": "Outer", "Index Name": "movie_id_movie_companies", "Startup Cost": 0.0, "Total Cost": 0.27, "Plan Rows": 2, "Plan Width": 0, "Actual Startup Time": 0.011, "Actual Total Time": 0.011, "Actual Rows": 4, "Actual Loops": 1, "Index Cond": "(movie_id = mk.movie_id)"}]}]}, {"Node Type": "Bitmap Heap Scan", "Parent Relationship": "Inner", "Relation Name": "company_name", "Alias": "cn", "Startup Cost": 0.26, "Total Cost": 4.28, "Plan Rows": 1, "Plan Width": 23, "Actual Startup Time": 0.042, "Actual Total Time": 0.042, "Actual Rows": 2, "Actual Loops": 3, "Recheck Cond": "(id = mc.company_id)", "Rows Removed by Index Recheck": 0, "Filter": "(((country_code)::text <> '[pl]'::text) AND (((name)::text ~~ '%Film%'::text) OR ((name)::text ~~ '%Warner%'::text)))", "Rows Removed by Filter": 1, "Exact Heap Blocks": 3, "Lossy Heap Blocks": 3, "Plans": [{"Node Type": "Bitmap Index Scan", "Parent Relationship": "Outer", "Index Name": "company_name_pkey", "Startup Cost": 0.0, "Total Cost": 0.26, "Plan Rows": 1, "Plan Width": 0, "Actual Startup Time": 0.021, "Actual Total Time": 0.021, "Actual Rows": 3, "Actual Loops": 3, "Index Cond": "(id = mc.company_id)"}]}]}, {"Node Type": "Seq Scan", "Parent Relationship": "Inner", "Relation Name": "company_type", "Alias": "ct", "Startup Cost": 0.0, "Total Cost": 1.04, "Plan Rows": 1, "Plan Width": 4, "Actual Startup Time": 0.012, "Actual Total Time": 0.012, "Actual Rows": 2, "Actual Loops": 2, "Filter": "((kind)::text = 'production companies'::text)", "Rows Removed by Filter": 0}]}, {"Node Type": "Bitmap Heap Scan", "Parent Relationship": "Inner", "Relation Name": "movie_link", "Alias": "ml", "Startup Cost": 0.29, "Total Cost": 4.35, "Plan Rows": 5, "Plan Width": 8, "Actual Startup Time": 0.024, "Actual Total Time": 0.031, "Actual Rows": 38, "Actual Loops": 2, "Recheck Cond": "(movie_id = mk.movie_id)", "Rows Removed by Index Recheck": 0, "Exact Heap Blocks": 2, "Lossy Heap Blocks": 2, "Plans": [{"Node Type": "Bitmap Index Scan", "Parent Relationship": "Outer", "Index Name": "movie_id_movie_link", "Startup Cost": 0.0, "Total Cost": 0.29, "Plan Rows": 5, "Plan Width": 0, "Actual Startup Time": 0.012, "Actual Total Time": 0.012, "Actual Rows": 38, "Actual Loops": 2, "Index Cond": "(movie_id = mk.movie_id)"}]}]}, {"Node Type": "Seq Scan", "Parent Relationship": "Inner", "Relation Name": "link_type", "Alias": "lt", "Startup Cost": 0.0, "Total Cost": 1.21, "Plan Rows": 1, "Plan Width": 16, "Actual Startup Time": 0.292, "Actual Total Time": 0.292, "Actual Rows": 0, "Actual Loops": 38, "Filter": "((link)::text ~~ '%follows%'::text)", "Rows Removed by Filter": 646}]}]}, "Triggers": [], "Planner Runtime": 80.894, "Total Runtime": 140.522, "Unique SQL Id": 4121279504}}, "(64, 23)": {"explain_plan": {"Plan": {"Node Type": "Aggregate", "Strategy": "Plain", "Startup Cost": 3451.4, "Total Cost": 3451.41, "Plan Rows": 1, "Plan Width": 144, "Plans": [{"Node Type": "Nested Loop", "Parent Relationship": "Outer", "Join Type": "Inner", "Startup Cost": 725.2, "Total Cost": 3451.4, "Plan Rows": 1, "Plan Width": 48, "Inner Unique": true, "Plans": [{"Node Type": "Nested Loop", "Parent Relationship": "Outer", "Join Type": "Inner", "Startup Cost": 724.95, "Total Cost": 3447.11, "Plan Rows": 1, "Plan Width": 40, "Inner Unique": false, "Join Filter": "(t.id = ml.movie_id)", "Plans": [{"Node Type": "Nested Loop", "Parent Relationship": "Outer", "Join Type": "Inner", "Startup Cost": 724.66, "Total Cost": 3442.7, "Plan Rows": 1, "Plan Width": 48, "Inner Unique": true, "Plans": [{"Node Type": "Nested Loop", "Parent Relationship": "Outer", "Join Type": "Inner", "Startup Cost": 724.4, "Total Cost": 3438.42, "Plan Rows": 1, "Plan Width": 52, "Inner Unique": true, "Plans": [{"Node Type": "Nested Loop", "Parent Relationship": "Outer", "Join Type": "Inner", "Startup Cost": 724.14, "Total Cost": 3434.13, "Plan Rows": 1, "Plan Width": 37, "Inner Unique": false, "Join Filter": "(t.id = mc.movie_id)", "Plans": [{"Node Type": "Nested Loop", "Parent Relationship": "Outer", "Join Type": "Inner", "Startup Cost": 723.87, "Total Cost": 3429.8, "Plan Rows": 1, "Plan Width": 25, "Inner Unique": true, "Plans": [{"Node Type": "Nested Loop", "Parent Relationship": "Outer", "Join Type": "Inner", "Startup Cost": 723.6, "Total Cost": 3288.12, "Plan Rows": 33, "Plan Width": 4, "Inner Unique": false, "Plans": [{"Node Type": "Bitmap Heap Scan", "Parent Relationship": "Outer", "Relation Name": "keyword", "Alias": "k", "Startup Cost": 719.1, "Total Cost": 3155.21, "Plan Rows": 1, "Plan Width": 4, "Filter": "((keyword)::text = 'sequel'::text)", "Plans": [{"Node Type": "Bitmap Index Scan", "Parent Relationship": "Outer", "Index Name": "keyword_pkey", "Startup Cost": 0.0, "Total Cost": 719.1, "Plan Rows": 134169, "Plan Width": 0}]}, {"Node Type": "Bitmap Heap Scan", "Parent Relationship": "Inner", "Relation Name": "movie_keyword", "Alias": "mk", "Startup Cost": 4.51, "Total Cost": 132.58, "Plan Rows": 33, "Plan Width": 8, "Recheck Cond": "(keyword_id = k.id)", "Plans": [{"Node Type": "Bitmap Index Scan", "Parent Relationship": "Outer", "Index Name": "keyword_id_movie_keyword", "Startup Cost": 0.0, "Total Cost": 4.5, "Plan Rows": 33, "Plan Width": 0, "Index Cond": "(keyword_id = k.id)"}]}]}, {"Node Type": "Bitmap Heap Scan", "Parent Relationship": "Inner", "Relation Name": "title", "Alias": "t", "Startup Cost": 0.27, "Total Cost": 4.28, "Plan Rows": 1, "Plan Width": 21, "Recheck Cond": "(id = mk.movie_id)", "Filter": "(((title)::text ~~ '%Money%'::text) AND (production_year = 1998))", "Plans": [{"Node Type": "Bitmap Index Scan", "Parent Relationship": "Outer", "Index Name": "title_pkey", "Startup Cost": 0.0, "Total Cost": 0.27, "Plan Rows": 1, "Plan Width": 0, "Index Cond": "(id = mk.movie_id)"}]}]}, {"Node Type": "Bitmap Heap Scan", "Parent Relationship": "Inner", "Relation Name": "movie_companies", "Alias": "mc", "Startup Cost": 0.27, "Total Cost": 4.3, "Plan Rows": 2, "Plan Width": 12, "Recheck Cond": "(movie_id = mk.movie_id)", "Filter": "(note IS NULL)", "Plans": [{"Node Type": "Bitmap Index Scan", "Parent Relationship": "Outer", "Index Name": "movie_id_movie_companies", "Startup Cost": 0.0, "Total Cost": 0.27, "Plan Rows": 2, "Plan Width": 0, "Index Cond": "(movie_id = mk.movie_id)"}]}]}, {"Node Type": "Bitmap Heap Scan", "Parent Relationship": "Inner", "Relation Name": "company_name", "Alias": "cn", "Startup Cost": 0.26, "Total Cost": 4.28, "Plan Rows": 1, "Plan Width": 23, "Recheck Cond": "(id = mc.company_id)", "Filter": "(((country_code)::text <> '[pl]'::text) AND (((name)::text ~~ '%Film%'::text) OR ((name)::text ~~ '%Warner%'::text)))", "Plans": [{"Node Type": "Bitmap Index Scan", "Parent Relationship": "Outer", "Index Name": "company_name_pkey", "Startup Cost": 0.0, "Total Cost": 0.26, "Plan Rows": 1, "Plan Width": 0, "Index Cond": "(id = mc.company_id)"}]}]}, {"Node Type": "Bitmap Heap Scan", "Parent Relationship": "Inner", "Relation Name": "company_type", "Alias": "ct", "Startup Cost": 0.26, "Total Cost": 4.27, "Plan Rows": 1, "Plan Width": 4, "Recheck Cond": "(id = mc.company_type_id)", "Filter": "((kind)::text = 'production companies'::text)", "Plans": [{"Node Type": "Bitmap Index Scan", "Parent Relationship": "Outer", "Index Name": "company_type_pkey", "Startup Cost": 0.0, "Total Cost": 0.26, "Plan Rows": 1, "Plan Width": 0, "Index Cond": "(id = mc.company_type_id)"}]}]}, {"Node Type": "Bitmap Heap Scan", "Parent Relationship": "Inner", "Relation Name": "movie_link", "Alias": "ml", "Startup Cost": 0.29, "Total Cost": 4.35, "Plan Rows": 5, "Plan Width": 8, "Recheck Cond": "(movie_id = mk.movie_id)", "Plans": [{"Node Type": "Bitmap Index Scan", "Parent Relationship": "Outer", "Index Name": "movie_id_movie_link", "Startup Cost": 0.0, "Total Cost": 0.29, "Plan Rows": 5, "Plan Width": 0, "Index Cond": "(movie_id = mk.movie_id)"}]}]}, {"Node Type": "Bitmap Heap Scan", "Parent Relationship": "Inner", "Relation Name": "link_type", "Alias": "lt", "Startup Cost": 0.26, "Total Cost": 4.27, "Plan Rows": 1, "Plan Width": 16, "Recheck Cond": "(id = ml.link_type_id)", "Filter": "((link)::text ~~ '%follows%'::text)", "Plans": [{"Node Type": "Bitmap Index Scan", "Parent Relationship": "Outer", "Index Name": "link_type_pkey", "Startup Cost": 0.0, "Total Cost": 0.26, "Plan Rows": 1, "Plan Width": 0, "Index Cond": "(id = ml.link_type_id)"}]}]}]}, "Unique SQL Id": 4121279504}, "explain_analyze_plan": {"Plan": {"Node Type": "Aggregate", "Strategy": "Plain", "Startup Cost": 3451.4, "Total Cost": 3451.41, "Plan Rows": 1, "Plan Width": 144, "Actual Startup Time": 161.722, "Actual Total Time": 161.723, "Actual Rows": 1, "Actual Loops": 1, "Plans": [{"Node Type": "Nested Loop", "Parent Relationship": "Outer", "Join Type": "Inner", "Startup Cost": 725.2, "Total Cost": 3451.4, "Plan Rows": 1, "Plan Width": 48, "Actual Startup Time": 161.712, "Actual Total Time": 161.712, "Actual Rows": 0, "Actual Loops": 1, "Inner Unique": true, "Plans": [{"Node Type": "Nested Loop", "Parent Relationship": "Outer", "Join Type": "Inner", "Startup Cost": 724.95, "Total Cost": 3447.11, "Plan Rows": 1, "Plan Width": 40, "Actual Startup Time": 19.997, "Actual Total Time": 161.571, "Actual Rows": 38, "Actual Loops": 1, "Inner Unique": false, "Join Filter": "(t.id = ml.movie_id)", "Rows Removed by Join Filter": 0, "Plans": [{"Node Type": "Nested Loop", "Parent Relationship": "Outer", "Join Type": "Inner", "Startup Cost": 724.66, "Total Cost": 3442.7, "Plan Rows": 1, "Plan Width": 48, "Actual Startup Time": 19.97, "Actual Total Time": 161.514, "Actual Rows": 2, "Actual Loops": 1, "Inner Unique": true, "Plans": [{"Node Type": "Nested Loop", "Parent Relationship": "Outer", "Join Type": "Inner", "Startup Cost": 724.4, "Total Cost": 3438.42, "Plan Rows": 1, "Plan Width": 52, "Actual Startup Time": 19.958, "Actual Total Time": 161.497, "Actual Rows": 2, "Actual Loops": 1, "Inner Unique": true, "Plans": [{"Node Type": "Nested Loop", "Parent Relationship": "Outer", "Join Type": "Inner", "Startup Cost": 724.14, "Total Cost": 3434.13, "Plan Rows": 1, "Plan Width": 37, "Actual Startup Time": 19.933, "Actual Total Time": 161.449, "Actual Rows": 3, "Actual Loops": 1, "Inner Unique": false, "Join Filter": "(t.id = mc.movie_id)", "Rows Removed by Join Filter": 0, "Plans": [{"Node Type": "Nested Loop", "Parent Relationship": "Outer", "Join Type": "Inner", "Startup Cost": 723.87, "Total Cost": 3429.8, "Plan Rows": 1, "Plan Width": 25, "Actual Startup Time": 19.903, "Actual Total Time": 161.415, "Actual Rows": 1, "Actual Loops": 1, "Inner Unique": true, "Plans": [{"Node Type": "Nested Loop", "Parent Relationship": "Outer", "Join Type": "Inner", "Startup Cost": 723.6, "Total Cost": 3288.12, "Plan Rows": 33, "Plan Width": 4, "Actual Startup Time": 19.48, "Actual Total Time": 84.809, "Actual Rows": 10544, "Actual Loops": 1, "Inner Unique": false, "Plans": [{"Node Type": "Bitmap Heap Scan", "Parent Relationship": "Outer", "Relation Name": "keyword", "Alias": "k", "Startup Cost": 719.1, "Total Cost": 3155.21, "Plan Rows": 1, "Plan Width": 4, "Actual Startup Time": 16.533, "Actual Total Time": 64.286, "Actual Rows": 1, "Actual Loops": 1, "Filter": "((keyword)::text = 'sequel'::text)", "Rows Removed by Filter": 134168, "Exact Heap Blocks": 759, "Lossy Heap Blocks": 759, "Plans": [{"Node Type": "Bitmap Index Scan", "Parent Relationship": "Outer", "Index Name": "keyword_pkey", "Startup Cost": 0.0, "Total Cost": 719.1, "Plan Rows": 134169, "Plan Width": 0, "Actual Startup Time": 13.54, "Actual Total Time": 13.54, "Actual Rows": 134169, "Actual Loops": 1}]}, {"Node Type": "Bitmap Heap Scan", "Parent Relationship": "Inner", "Relation Name": "movie_keyword", "Alias": "mk", "Startup Cost": 4.51, "Total Cost": 132.58, "Plan Rows": 33, "Plan Width": 8, "Actual Startup Time": 2.933, "Actual Total Time": 18.397, "Actual Rows": 10544, "Actual Loops": 1, "Recheck Cond": "(keyword_id = k.id)", "Rows Removed by Index Recheck": 0, "Exact Heap Blocks": 5090, "Lossy Heap Blocks": 5090, "Plans": [{"Node Type": "Bitmap Index Scan", "Parent Relationship": "Outer", "Index Name": "keyword_id_movie_keyword", "Startup Cost": 0.0, "Total Cost": 4.5, "Plan Rows": 33, "Plan Width": 0, "Actual Startup Time": 2.017, "Actual Total Time": 2.017, "Actual Rows": 10544, "Actual Loops": 1, "Index Cond": "(keyword_id = k.id)"}]}]}, {"Node Type": "Bitmap Heap Scan", "Parent Relationship": "Inner", "Relation Name": "title", "Alias": "t", "Startup Cost": 0.27, "Total Cost": 4.28, "Plan Rows": 1, "Plan Width": 21, "Actual Startup Time": 64.824, "Actual Total Time": 64.824, "Actual Rows": 1, "Actual Loops": 10544, "Recheck Cond": "(id = mk.movie_id)", "Rows Removed by Index Recheck": 0, "Filter": "(((title)::text ~~ '%Money%'::text) AND (production_year = 1998))", "Rows Removed by Filter": 10543, "Exact Heap Blocks": 10544, "Lossy Heap Blocks": 10544, "Plans": [{"Node Type": "Bitmap Index Scan", "Parent Relationship": "Outer", "Index Name": "title_pkey", "Startup Cost": 0.0, "Total Cost": 0.27, "Plan Rows": 1, "Plan Width": 0, "Actual Startup Time": 31.063, "Actual Total Time": 31.063, "Actual Rows": 10544, "Actual Loops": 10544, "Index Cond": "(id = mk.movie_id)"}]}]}, {"Node Type": "Bitmap Heap Scan", "Parent Relationship": "Inner", "Relation Name": "movie_companies", "Alias": "mc", "Startup Cost": 0.27, "Total Cost": 4.3, "Plan Rows": 2, "Plan Width": 12, "Actual Startup Time": 0.024, "Actual Total Time": 0.025, "Actual Rows": 3, "Actual Loops": 1, "Recheck Cond": "(movie_id = mk.movie_id)", "Rows Removed by Index Recheck": 0, "Filter": "(note IS NULL)", "Rows Removed by Filter": 1, "Exact Heap Blocks": 2, "Lossy Heap Blocks": 2, "Plans": [{"Node Type": "Bitmap Index Scan", "Parent Relationship": "Outer", "Index Name": "movie_id_movie_companies", "Startup Cost": 0.0, "Total Cost": 0.27, "Plan Rows": 2, "Plan Width": 0, "Actual Startup Time": 0.012, "Actual Total Time": 0.012, "Actual Rows": 4, "Actual Loops": 1, "Index Cond": "(movie_id = mk.movie_id)"}]}]}, {"Node Type": "Bitmap Heap Scan", "Parent Relationship": "Inner", "Relation Name": "company_name", "Alias": "cn", "Startup Cost": 0.26, "Total Cost": 4.28, "Plan Rows": 1, "Plan Width": 23, "Actual Startup Time": 0.041, "Actual Total Time": 0.041, "Actual Rows": 2, "Actual Loops": 3, "Recheck Cond": "(id = mc.company_id)", "Rows Removed by Index Recheck": 0, "Filter": "(((country_code)::text <> '[pl]'::text) AND (((name)::text ~~ '%Film%'::text) OR ((name)::text ~~ '%Warner%'::text)))", "Rows Removed by Filter": 1, "Exact Heap Blocks": 3, "Lossy Heap Blocks": 3, "Plans": [{"Node Type": "Bitmap Index Scan", "Parent Relationship": "Outer", "Index Name": "company_name_pkey", "Startup Cost": 0.0, "Total Cost": 0.26, "Plan Rows": 1, "Plan Width": 0, "Actual Startup Time": 0.02, "Actual Total Time": 0.02, "Actual Rows": 3, "Actual Loops": 3, "Index Cond": "(id = mc.company_id)"}]}]}, {"Node Type": "Bitmap Heap Scan", "Parent Relationship": "Inner", "Relation Name": "company_type", "Alias": "ct", "Startup Cost": 0.26, "Total Cost": 4.27, "Plan Rows": 1, "Plan Width": 4, "Actual Startup Time": 0.013, "Actual Total Time": 0.013, "Actual Rows": 2, "Actual Loops": 2, "Recheck Cond": "(id = mc.company_type_id)", "Rows Removed by Index Recheck": 0, "Filter": "((kind)::text = 'production companies'::text)", "Rows Removed by Filter": 0, "Exact Heap Blocks": 2, "Lossy Heap Blocks": 2, "Plans": [{"Node Type": "Bitmap Index Scan", "Parent Relationship": "Outer", "Index Name": "company_type_pkey", "Startup Cost": 0.0, "Total Cost": 0.26, "Plan Rows": 1, "Plan Width": 0, "Actual Startup Time": 0.004, "Actual Total Time": 0.004, "Actual Rows": 2, "Actual Loops": 2, "Index Cond": "(id = mc.company_type_id)"}]}]}, {"Node Type": "Bitmap Heap Scan", "Parent Relationship": "Inner", "Relation Name": "movie_link", "Alias": "ml", "Startup Cost": 0.29, "Total Cost": 4.35, "Plan Rows": 5, "Plan Width": 8, "Actual Startup Time": 0.025, "Actual Total Time": 0.028, "Actual Rows": 38, "Actual Loops": 2, "Recheck Cond": "(movie_id = mk.movie_id)", "Rows Removed by Index Recheck": 0, "Exact Heap Blocks": 2, "Lossy Heap Blocks": 2, "Plans": [{"Node Type": "Bitmap Index Scan", "Parent Relationship": "Outer", "Index Name": "movie_id_movie_link", "Startup Cost": 0.0, "Total Cost": 0.29, "Plan Rows": 5, "Plan Width": 0, "Actual Startup Time": 0.013, "Actual Total Time": 0.013, "Actual Rows": 38, "Actual Loops": 2, "Index Cond": "(movie_id = mk.movie_id)"}]}]}, {"Node Type": "Bitmap Heap Scan", "Parent Relationship": "Inner", "Relation Name": "link_type", "Alias": "lt", "Startup Cost": 0.26, "Total Cost": 4.27, "Plan Rows": 1, "Plan Width": 16, "Actual Startup Time": 0.097, "Actual Total Time": 0.097, "Actual Rows": 0, "Actual Loops": 38, "Recheck Cond": "(id = ml.link_type_id)", "Rows Removed by Index Recheck": 0, "Filter": "((link)::text ~~ '%follows%'::text)", "Rows Removed by Filter": 24, "Exact Heap Blocks": 24, "Lossy Heap Blocks": 24, "Plans": [{"Node Type": "Bitmap Index Scan", "Parent Relationship": "Outer", "Index Name": "link_type_pkey", "Startup Cost": 0.0, "Total Cost": 0.26, "Plan Rows": 1, "Plan Width": 0, "Actual Startup Time": 0.039, "Actual Total Time": 0.039, "Actual Rows": 24, "Actual Loops": 38, "Index Cond": "(id = ml.link_type_id)"}]}]}]}, "Triggers": [], "Planner Runtime": 60.458, "Total Runtime": 162.221, "Unique SQL Id": 4121279504}}, "(64, 24)": {"explain_plan": {"Plan": {"Node Type": "Aggregate", "Strategy": "Plain", "Startup Cost": 2585.63, "Total Cost": 2585.64, "Plan Rows": 1, "Plan Width": 144, "Plans": [{"Node Type": "Nested Loop", "Parent Relationship": "Outer", "Join Type": "Inner", "Startup Cost": 0.0, "Total Cost": 2585.62, "Plan Rows": 1, "Plan Width": 48, "Inner Unique": true, "Plans": [{"Node Type": "Nested Loop", "Parent Relationship": "Outer", "Join Type": "Inner", "Startup Cost": 0.0, "Total Cost": 2585.34, "Plan Rows": 1, "Plan Width": 40, "Inner Unique": false, "Join Filter": "(t.id = ml.movie_id)", "Plans": [{"Node Type": "Nested Loop", "Parent Relationship": "Outer", "Join Type": "Inner", "Startup Cost": 0.0, "Total Cost": 2584.93, "Plan Rows": 1, "Plan Width": 48, "Inner Unique": true, "Plans": [{"Node Type": "Nested Loop", "Parent Relationship": "Outer", "Join Type": "Inner", "Startup Cost": 0.0, "Total Cost": 2584.64, "Plan Rows": 1, "Plan Width": 52, "Inner Unique": true, "Plans": [{"Node Type": "Nested Loop", "Parent Relationship": "Outer", "Join Type": "Inner", "Startup Cost": 0.0, "Total Cost": 2584.35, "Plan Rows": 1, "Plan Width": 37, "Inner Unique": false, "Join Filter": "(t.id = mc.movie_id)", "Plans": [{"Node Type": "Nested Loop", "Parent Relationship": "Outer", "Join Type": "Inner", "Startup Cost": 0.0, "Total Cost": 2584.01, "Plan Rows": 1, "Plan Width": 25, "Inner Unique": true, "Plans": [{"Node Type": "Nested Loop", "Parent Relationship": "Outer", "Join Type": "Inner", "Startup Cost": 0.0, "Total Cost": 2573.32, "Plan Rows": 33, "Plan Width": 4, "Inner Unique": false, "Plans": [{"Node Type": "Seq Scan", "Parent Relationship": "Outer", "Relation Name": "keyword", "Alias": "k", "Startup Cost": 0.0, "Total Cost": 2436.11, "Plan Rows": 1, "Plan Width": 4, "Filter": "((keyword)::text = 'sequel'::text)"}, {"Node Type": "Index Scan", "Parent Relationship": "Inner", "Scan Direction": "Forward", "Index Name": "keyword_id_movie_keyword", "Relation Name": "movie_keyword", "Alias": "mk", "Startup Cost": 0.0, "Total Cost": 136.88, "Plan Rows": 33, "Plan Width": 8, "Index Cond": "(keyword_id = k.id)"}]}, {"Node Type": "Index Scan", "Parent Relationship": "Inner", "Scan Direction": "Forward", "Index Name": "title_pkey", "Relation Name": "title", "Alias": "t", "Startup Cost": 0.0, "Total Cost": 0.31, "Plan Rows": 1, "Plan Width": 21, "Index Cond": "(id = mk.movie_id)", "Filter": "(((title)::text ~~ '%Money%'::text) AND (production_year = 1998))"}]}, {"Node Type": "Index Scan", "Parent Relationship": "Inner", "Scan Direction": "Forward", "Index Name": "movie_id_movie_companies", "Relation Name": "movie_companies", "Alias": "mc", "Startup Cost": 0.0, "Total Cost": 0.31, "Plan Rows": 2, "Plan Width": 12, "Index Cond": "(movie_id = mk.movie_id)", "Filter": "(note IS NULL)"}]}, {"Node Type": "Index Scan", "Parent Relationship": "Inner", "Scan Direction": "Forward", "Index Name": "company_name_pkey", "Relation Name": "company_name", "Alias": "cn", "Startup Cost": 0.0, "Total Cost": 0.29, "Plan Rows": 1, "Plan Width": 23, "Index Cond": "(id = mc.company_id)", "Filter": "(((country_code)::text <> '[pl]'::text) AND (((name)::text ~~ '%Film%'::text) OR ((name)::text ~~ '%Warner%'::text)))"}]}, {"Node Type": "Index Scan", "Parent Relationship": "Inner", "Scan Direction": "Forward", "Index Name": "company_type_pkey", "Relation Name": "company_type", "Alias": "ct", "Startup Cost": 0.0, "Total Cost": 0.27, "Plan Rows": 1, "Plan Width": 4, "Index Cond": "(id = mc.company_type_id)", "Filter": "((kind)::text = 'production companies'::text)"}]}, {"Node Type": "Index Scan", "Parent Relationship": "Inner", "Scan Direction": "Forward", "Index Name": "movie_id_movie_link", "Relation Name": "movie_link", "Alias": "ml", "Startup Cost": 0.0, "Total Cost": 0.35, "Plan Rows": 5, "Plan Width": 8, "Index Cond": "(movie_id = mk.movie_id)"}]}, {"Node Type": "Index Scan", "Parent Relationship": "Inner", "Scan Direction": "Forward", "Index Name": "link_type_pkey", "Relation Name": "link_type", "Alias": "lt", "Startup Cost": 0.0, "Total Cost": 0.27, "Plan Rows": 1, "Plan Width": 16, "Index Cond": "(id = ml.link_type_id)", "Filter": "((link)::text ~~ '%follows%'::text)"}]}]}, "Unique SQL Id": 4121279504}, "explain_analyze_plan": {"Plan": {"Node Type": "Aggregate", "Strategy": "Plain", "Startup Cost": 2585.63, "Total Cost": 2585.64, "Plan Rows": 1, "Plan Width": 144, "Actual Startup Time": 120.206, "Actual Total Time": 120.207, "Actual Rows": 1, "Actual Loops": 1, "Plans": [{"Node Type": "Nested Loop", "Parent Relationship": "Outer", "Join Type": "Inner", "Startup Cost": 0.0, "Total Cost": 2585.62, "Plan Rows": 1, "Plan Width": 48, "Actual Startup Time": 120.199, "Actual Total Time": 120.199, "Actual Rows": 0, "Actual Loops": 1, "Inner Unique": true, "Plans": [{"Node Type": "Nested Loop", "Parent Relationship": "Outer", "Join Type": "Inner", "Startup Cost": 0.0, "Total Cost": 2585.34, "Plan Rows": 1, "Plan Width": 40, "Actual Startup Time": 2.804, "Actual Total Time": 120.112, "Actual Rows": 38, "Actual Loops": 1, "Inner Unique": false, "Join Filter": "(t.id = ml.movie_id)", "Rows Removed by Join Filter": 0, "Plans": [{"Node Type": "Nested Loop", "Parent Relationship": "Outer", "Join Type": "Inner", "Startup Cost": 0.0, "Total Cost": 2584.93, "Plan Rows": 1, "Plan Width": 48, "Actual Startup Time": 2.79, "Actual Total Time": 120.066, "Actual Rows": 2, "Actual Loops": 1, "Inner Unique": true, "Plans": [{"Node Type": "Nested Loop", "Parent Relationship": "Outer", "Join Type": "Inner", "Startup Cost": 0.0, "Total Cost": 2584.64, "Plan Rows": 1, "Plan Width": 52, "Actual Startup Time": 2.781, "Actual Total Time": 120.052, "Actual Rows": 2, "Actual Loops": 1, "Inner Unique": true, "Plans": [{"Node Type": "Nested Loop", "Parent Relationship": "Outer", "Join Type": "Inner", "Startup Cost": 0.0, "Total Cost": 2584.35, "Plan Rows": 1, "Plan Width": 37, "Actual Startup Time": 2.759, "Actual Total Time": 120.009, "Actual Rows": 3, "Actual Loops": 1, "Inner Unique": false, "Join Filter": "(t.id = mc.movie_id)", "Rows Removed by Join Filter": 0, "Plans": [{"Node Type": "Nested Loop", "Parent Relationship": "Outer", "Join Type": "Inner", "Startup Cost": 0.0, "Total Cost": 2584.01, "Plan Rows": 1, "Plan Width": 25, "Actual Startup Time": 2.739, "Actual Total Time": 119.985, "Actual Rows": 1, "Actual Loops": 1, "Inner Unique": true, "Plans": [{"Node Type": "Nested Loop", "Parent Relationship": "Outer", "Join Type": "Inner", "Startup Cost": 0.0, "Total Cost": 2573.32, "Plan Rows": 33, "Plan Width": 4, "Actual Startup Time": 2.392, "Actual Total Time": 59.078, "Actual Rows": 10544, "Actual Loops": 1, "Inner Unique": false, "Plans": [{"Node Type": "Seq Scan", "Parent Relationship": "Outer", "Relation Name": "keyword", "Alias": "k", "Startup Cost": 0.0, "Total Cost": 2436.11, "Plan Rows": 1, "Plan Width": 4, "Actual Startup Time": 2.347, "Actual Total Time": 41.646, "Actual Rows": 1, "Actual Loops": 1, "Filter": "((keyword)::text = 'sequel'::text)", "Rows Removed by Filter": 134168}, {"Node Type": "Index Scan", "Parent Relationship": "Inner", "Scan Direction": "Forward", "Index Name": "keyword_id_movie_keyword", "Relation Name": "movie_keyword", "Alias": "mk", "Startup Cost": 0.0, "Total Cost": 136.88, "Plan Rows": 33, "Plan Width": 8, "Actual Startup Time": 0.038, "Actual Total Time": 15.158, "Actual Rows": 10544, "Actual Loops": 1, "Index Cond": "(keyword_id = k.id)", "Rows Removed by Index Recheck": 0}]}, {"Node Type": "Index Scan", "Parent Relationship": "Inner", "Scan Direction": "Forward", "Index Name": "title_pkey", "Relation Name": "title", "Alias": "t", "Startup Cost": 0.0, "Total Cost": 0.31, "Plan Rows": 1, "Plan Width": 21, "Actual Startup Time": 55.67, "Actual Total Time": 55.67, "Actual Rows": 1, "Actual Loops": 10544, "Index Cond": "(id = mk.movie_id)", "Rows Removed by Index Recheck": 0, "Filter": "(((title)::text ~~ '%Money%'::text) AND (production_year = 1998))", "Rows Removed by Filter": 10543}]}, {"Node Type": "Index Scan", "Parent Relationship": "Inner", "Scan Direction": "Forward", "Index Name": "movie_id_movie_companies", "Relation Name": "movie_companies", "Alias": "mc", "Startup Cost": 0.0, "Total Cost": 0.31, "Plan Rows": 2, "Plan Width": 12, "Actual Startup Time": 0.016, "Actual Total Time": 0.017, "Actual Rows": 3, "Actual Loops": 1, "Index Cond": "(movie_id = mk.movie_id)", "Rows Removed by Index Recheck": 0, "Filter": "(note IS NULL)", "Rows Removed by Filter": 1}]}, {"Node Type": "Index Scan", "Parent Relationship": "Inner", "Scan Direction": "Forward", "Index Name": "company_name_pkey", "Relation Name": "company_name", "Alias": "cn", "Startup Cost": 0.0, "Total Cost": 0.29, "Plan Rows": 1, "Plan Width": 23, "Actual Startup Time": 0.038, "Actual Total Time": 0.038, "Actual Rows": 2, "Actual Loops": 3, "Index Cond": "(id = mc.company_id)", "Rows Removed by Index Recheck": 0, "Filter": "(((country_code)::text <> '[pl]'::text) AND (((name)::text ~~ '%Film%'::text) OR ((name)::text ~~ '%Warner%'::text)))", "Rows Removed by Filter": 1}]}, {"Node Type": "Index Scan", "Parent Relationship": "Inner", "Scan Direction": "Forward", "Index Name": "company_type_pkey", "Relation Name": "company_type", "Alias": "ct", "Startup Cost": 0.0, "Total Cost": 0.27, "Plan Rows": 1, "Plan Width": 4, "Actual Startup Time": 0.01, "Actual Total Time": 0.01, "Actual Rows": 2, "Actual Loops": 2, "Index Cond": "(id = mc.company_type_id)", "Rows Removed by Index Recheck": 0, "Filter": "((kind)::text = 'production companies'::text)", "Rows Removed by Filter": 0}]}, {"Node Type": "Index Scan", "Parent Relationship": "Inner", "Scan Direction": "Forward", "Index Name": "movie_id_movie_link", "Relation Name": "movie_link", "Alias": "ml", "Startup Cost": 0.0, "Total Cost": 0.35, "Plan Rows": 5, "Plan Width": 8, "Actual Startup Time": 0.015, "Actual Total Time": 0.031, "Actual Rows": 38, "Actual Loops": 2, "Index Cond": "(movie_id = mk.movie_id)", "Rows Removed by Index Recheck": 0}]}, {"Node Type": "Index Scan", "Parent Relationship": "Inner", "Scan Direction": "Forward", "Index Name": "link_type_pkey", "Relation Name": "link_type", "Alias": "lt", "Startup Cost": 0.0, "Total Cost": 0.27, "Plan Rows": 1, "Plan Width": 16, "Actual Startup Time": 0.063, "Actual Total Time": 0.063, "Actual Rows": 0, "Actual Loops": 38, "Index Cond": "(id = ml.link_type_id)", "Rows Removed by Index Recheck": 0, "Filter": "((link)::text ~~ '%follows%'::text)", "Rows Removed by Filter": 24}]}]}, "Triggers": [], "Planner Runtime": 76.567, "Total Runtime": 120.592, "Unique SQL Id": 4121279504}}, "(64, 25)": {"explain_plan": {"Plan": {"Node Type": "Aggregate", "Strategy": "Plain", "Startup Cost": 3332.23, "Total Cost": 3332.24, "Plan Rows": 1, "Plan Width": 144, "Plans": [{"Node Type": "Nested Loop", "Parent Relationship": "Outer", "Join Type": "Inner", "Startup Cost": 0.0, "Total Cost": 3332.23, "Plan Rows": 1, "Plan Width": 48, "Inner Unique": true, "Plans": [{"Node Type": "Nested Loop", "Parent Relationship": "Outer", "Join Type": "Inner", "Startup Cost": 0.0, "Total Cost": 3331.94, "Plan Rows": 1, "Plan Width": 40, "Inner Unique": false, "Join Filter": "(t.id = ml.movie_id)", "Plans": [{"Node Type": "Nested Loop", "Parent Relationship": "Outer", "Join Type": "Inner", "Startup Cost": 0.0, "Total Cost": 3331.53, "Plan Rows": 1, "Plan Width": 48, "Inner Unique": true, "Plans": [{"Node Type": "Nested Loop", "Parent Relationship": "Outer", "Join Type": "Inner", "Startup Cost": 0.0, "Total Cost": 3331.25, "Plan Rows": 1, "Plan Width": 52, "Inner Unique": true, "Plans": [{"Node Type": "Nested Loop", "Parent Relationship": "Outer", "Join Type": "Inner", "Startup Cost": 0.0, "Total Cost": 3330.95, "Plan Rows": 1, "Plan Width": 37, "Inner Unique": false, "Join Filter": "(t.id = mc.movie_id)", "Plans": [{"Node Type": "Nested Loop", "Parent Relationship": "Outer", "Join Type": "Inner", "Startup Cost": 0.0, "Total Cost": 3330.61, "Plan Rows": 1, "Plan Width": 25, "Inner Unique": true, "Plans": [{"Node Type": "Nested Loop", "Parent Relationship": "Outer", "Join Type": "Inner", "Startup Cost": 0.0, "Total Cost": 3319.92, "Plan Rows": 33, "Plan Width": 4, "Inner Unique": false, "Plans": [{"Node Type": "Index Scan", "Parent Relationship": "Outer", "Scan Direction": "Forward", "Index Name": "keyword_pkey", "Relation Name": "keyword", "Alias": "k", "Startup Cost": 0.0, "Total Cost": 3182.72, "Plan Rows": 1, "Plan Width": 4, "Filter": "((keyword)::text = 'sequel'::text)"}, {"Node Type": "Index Scan", "Parent Relationship": "Inner", "Scan Direction": "Forward", "Index Name": "keyword_id_movie_keyword", "Relation Name": "movie_keyword", "Alias": "mk", "Startup Cost": 0.0, "Total Cost": 136.88, "Plan Rows": 33, "Plan Width": 8, "Index Cond": "(keyword_id = k.id)"}]}, {"Node Type": "Index Scan", "Parent Relationship": "Inner", "Scan Direction": "Forward", "Index Name": "title_pkey", "Relation Name": "title", "Alias": "t", "Startup Cost": 0.0, "Total Cost": 0.31, "Plan Rows": 1, "Plan Width": 21, "Index Cond": "(id = mk.movie_id)", "Filter": "(((title)::text ~~ '%Money%'::text) AND (production_year = 1998))"}]}, {"Node Type": "Index Scan", "Parent Relationship": "Inner", "Scan Direction": "Forward", "Index Name": "movie_id_movie_companies", "Relation Name": "movie_companies", "Alias": "mc", "Startup Cost": 0.0, "Total Cost": 0.31, "Plan Rows": 2, "Plan Width": 12, "Index Cond": "(movie_id = mk.movie_id)", "Filter": "(note IS NULL)"}]}, {"Node Type": "Index Scan", "Parent Relationship": "Inner", "Scan Direction": "Forward", "Index Name": "company_name_pkey", "Relation Name": "company_name", "Alias": "cn", "Startup Cost": 0.0, "Total Cost": 0.29, "Plan Rows": 1, "Plan Width": 23, "Index Cond": "(id = mc.company_id)", "Filter": "(((country_code)::text <> '[pl]'::text) AND (((name)::text ~~ '%Film%'::text) OR ((name)::text ~~ '%Warner%'::text)))"}]}, {"Node Type": "Index Scan", "Parent Relationship": "Inner", "Scan Direction": "Forward", "Index Name": "company_type_pkey", "Relation Name": "company_type", "Alias": "ct", "Startup Cost": 0.0, "Total Cost": 0.27, "Plan Rows": 1, "Plan Width": 4, "Index Cond": "(id = mc.company_type_id)", "Filter": "((kind)::text = 'production companies'::text)"}]}, {"Node Type": "Index Scan", "Parent Relationship": "Inner", "Scan Direction": "Forward", "Index Name": "movie_id_movie_link", "Relation Name": "movie_link", "Alias": "ml", "Startup Cost": 0.0, "Total Cost": 0.35, "Plan Rows": 5, "Plan Width": 8, "Index Cond": "(movie_id = mk.movie_id)"}]}, {"Node Type": "Index Scan", "Parent Relationship": "Inner", "Scan Direction": "Forward", "Index Name": "link_type_pkey", "Relation Name": "link_type", "Alias": "lt", "Startup Cost": 0.0, "Total Cost": 0.27, "Plan Rows": 1, "Plan Width": 16, "Index Cond": "(id = ml.link_type_id)", "Filter": "((link)::text ~~ '%follows%'::text)"}]}]}, "Unique SQL Id": 4121279504}, "explain_analyze_plan": {"Plan": {"Node Type": "Aggregate", "Strategy": "Plain", "Startup Cost": 3332.23, "Total Cost": 3332.24, "Plan Rows": 1, "Plan Width": 144, "Actual Startup Time": 195.478, "Actual Total Time": 195.479, "Actual Rows": 1, "Actual Loops": 1, "Plans": [{"Node Type": "Nested Loop", "Parent Relationship": "Outer", "Join Type": "Inner", "Startup Cost": 0.0, "Total Cost": 3332.23, "Plan Rows": 1, "Plan Width": 48, "Actual Startup Time": 195.466, "Actual Total Time": 195.466, "Actual Rows": 0, "Actual Loops": 1, "Inner Unique": true, "Plans": [{"Node Type": "Nested Loop", "Parent Relationship": "Outer", "Join Type": "Inner", "Startup Cost": 0.0, "Total Cost": 3331.94, "Plan Rows": 1, "Plan Width": 40, "Actual Startup Time": 1.022, "Actual Total Time": 195.379, "Actual Rows": 38, "Actual Loops": 1, "Inner Unique": false, "Join Filter": "(t.id = ml.movie_id)", "Rows Removed by Join Filter": 0, "Plans": [{"Node Type": "Nested Loop", "Parent Relationship": "Outer", "Join Type": "Inner", "Startup Cost": 0.0, "Total Cost": 3331.53, "Plan Rows": 1, "Plan Width": 48, "Actual Startup Time": 1.006, "Actual Total Time": 195.329, "Actual Rows": 2, "Actual Loops": 1, "Inner Unique": true, "Plans": [{"Node Type": "Nested Loop", "Parent Relationship": "Outer", "Join Type": "Inner", "Startup Cost": 0.0, "Total Cost": 3331.25, "Plan Rows": 1, "Plan Width": 52, "Actual Startup Time": 0.993, "Actual Total Time": 195.312, "Actual Rows": 2, "Actual Loops": 1, "Inner Unique": true, "Plans": [{"Node Type": "Nested Loop", "Parent Relationship": "Outer", "Join Type": "Inner", "Startup Cost": 0.0, "Total Cost": 3330.95, "Plan Rows": 1, "Plan Width": 37, "Actual Startup Time": 0.971, "Actual Total Time": 195.27, "Actual Rows": 3, "Actual Loops": 1, "Inner Unique": false, "Join Filter": "(t.id = mc.movie_id)", "Rows Removed by Join Filter": 0, "Plans": [{"Node Type": "Nested Loop", "Parent Relationship": "Outer", "Join Type": "Inner", "Startup Cost": 0.0, "Total Cost": 3330.61, "Plan Rows": 1, "Plan Width": 25, "Actual Startup Time": 0.949, "Actual Total Time": 195.245, "Actual Rows": 1, "Actual Loops": 1, "Inner Unique": true, "Plans": [{"Node Type": "Nested Loop", "Parent Relationship": "Outer", "Join Type": "Inner", "Startup Cost": 0.0, "Total Cost": 3319.92, "Plan Rows": 33, "Plan Width": 4, "Actual Startup Time": 0.597, "Actual Total Time": 133.24, "Actual Rows": 10544, "Actual Loops": 1, "Inner Unique": false, "Plans": [{"Node Type": "Index Scan", "Parent Relationship": "Outer", "Scan Direction": "Forward", "Index Name": "keyword_pkey", "Relation Name": "keyword", "Alias": "k", "Startup Cost": 0.0, "Total Cost": 3182.72, "Plan Rows": 1, "Plan Width": 4, "Actual Startup Time": 0.557, "Actual Total Time": 115.424, "Actual Rows": 1, "Actual Loops": 1, "Filter": "((keyword)::text = 'sequel'::text)", "Rows Removed by Filter": 134168}, {"Node Type": "Index Scan", "Parent Relationship": "Inner", "Scan Direction": "Forward", "Index Name": "keyword_id_movie_keyword", "Relation Name": "movie_keyword", "Alias": "mk", "Startup Cost": 0.0, "Total Cost": 136.88, "Plan Rows": 33, "Plan Width": 8, "Actual Startup Time": 0.033, "Actual Total Time": 15.557, "Actual Rows": 10544, "Actual Loops": 1, "Index Cond": "(keyword_id = k.id)", "Rows Removed by Index Recheck": 0}]}, {"Node Type": "Index Scan", "Parent Relationship": "Inner", "Scan Direction": "Forward", "Index Name": "title_pkey", "Relation Name": "title", "Alias": "t", "Startup Cost": 0.0, "Total Cost": 0.31, "Plan Rows": 1, "Plan Width": 21, "Actual Startup Time": 56.68, "Actual Total Time": 56.68, "Actual Rows": 1, "Actual Loops": 10544, "Index Cond": "(id = mk.movie_id)", "Rows Removed by Index Recheck": 0, "Filter": "(((title)::text ~~ '%Money%'::text) AND (production_year = 1998))", "Rows Removed by Filter": 10543}]}, {"Node Type": "Index Scan", "Parent Relationship": "Inner", "Scan Direction": "Forward", "Index Name": "movie_id_movie_companies", "Relation Name": "movie_companies", "Alias": "mc", "Startup Cost": 0.0, "Total Cost": 0.31, "Plan Rows": 2, "Plan Width": 12, "Actual Startup Time": 0.019, "Actual Total Time": 0.022, "Actual Rows": 3, "Actual Loops": 1, "Index Cond": "(movie_id = mk.movie_id)", "Rows Removed by Index Recheck": 0, "Filter": "(note IS NULL)", "Rows Removed by Filter": 1}]}, {"Node Type": "Index Scan", "Parent Relationship": "Inner", "Scan Direction": "Forward", "Index Name": "company_name_pkey", "Relation Name": "company_name", "Alias": "cn", "Startup Cost": 0.0, "Total Cost": 0.29, "Plan Rows": 1, "Plan Width": 23, "Actual Startup Time": 0.038, "Actual Total Time": 0.038, "Actual Rows": 2, "Actual Loops": 3, "Index Cond": "(id = mc.company_id)", "Rows Removed by Index Recheck": 0, "Filter": "(((country_code)::text <> '[pl]'::text) AND (((name)::text ~~ '%Film%'::text) OR ((name)::text ~~ '%Warner%'::text)))", "Rows Removed by Filter": 1}]}, {"Node Type": "Index Scan", "Parent Relationship": "Inner", "Scan Direction": "Forward", "Index Name": "company_type_pkey", "Relation Name": "company_type", "Alias": "ct", "Startup Cost": 0.0, "Total Cost": 0.27, "Plan Rows": 1, "Plan Width": 4, "Actual Startup Time": 0.013, "Actual Total Time": 0.013, "Actual Rows": 2, "Actual Loops": 2, "Index Cond": "(id = mc.company_type_id)", "Rows Removed by Index Recheck": 0, "Filter": "((kind)::text = 'production companies'::text)", "Rows Removed by Filter": 0}]}, {"Node Type": "Index Scan", "Parent Relationship": "Inner", "Scan Direction": "Forward", "Index Name": "movie_id_movie_link", "Relation Name": "movie_link", "Alias": "ml", "Startup Cost": 0.0, "Total Cost": 0.35, "Plan Rows": 5, "Plan Width": 8, "Actual Startup Time": 0.017, "Actual Total Time": 0.028, "Actual Rows": 38, "Actual Loops": 2, "Index Cond": "(movie_id = mk.movie_id)", "Rows Removed by Index Recheck": 0}]}, {"Node Type": "Index Scan", "Parent Relationship": "Inner", "Scan Direction": "Forward", "Index Name": "link_type_pkey", "Relation Name": "link_type", "Alias": "lt", "Startup Cost": 0.0, "Total Cost": 0.27, "Plan Rows": 1, "Plan Width": 16, "Actual Startup Time": 0.066, "Actual Total Time": 0.066, "Actual Rows": 0, "Actual Loops": 38, "Index Cond": "(id = ml.link_type_id)", "Rows Removed by Index Recheck": 0, "Filter": "((link)::text ~~ '%follows%'::text)", "Rows Removed by Filter": 24}]}]}, "Triggers": [], "Planner Runtime": 69.692, "Total Runtime": 195.978, "Unique SQL Id": 4121279504}}, "(64, 26)": {"explain_plan": {"Plan": {"Node Type": "Aggregate", "Strategy": "Plain", "Startup Cost": 251857.16, "Total Cost": 251857.17, "Plan Rows": 1, "Plan Width": 144, "Plans": [{"Node Type": "Nested Loop", "Parent Relationship": "Outer", "Join Type": "Inner", "Startup Cost": 0.0, "Total Cost": 251857.15, "Plan Rows": 1, "Plan Width": 48, "Inner Unique": true, "Join Filter": "(ml.link_type_id = lt.id)", "Plans": [{"Node Type": "Nested Loop", "Parent Relationship": "Outer", "Join Type": "Inner", "Startup Cost": 0.0, "Total Cost": 251855.92, "Plan Rows": 1, "Plan Width": 40, "Inner Unique": false, "Join Filter": "(t.id = ml.movie_id)", "Plans": [{"Node Type": "Nested Loop", "Parent Relationship": "Outer", "Join Type": "Inner", "Startup Cost": 0.0, "Total Cost": 251050.01, "Plan Rows": 1, "Plan Width": 48, "Inner Unique": true, "Join Filter": "(mc.company_type_id = ct.id)", "Plans": [{"Node Type": "Nested Loop", "Parent Relationship": "Outer", "Join Type": "Inner", "Startup Cost": 0.0, "Total Cost": 251048.96, "Plan Rows": 1, "Plan Width": 52, "Inner Unique": true, "Join Filter": "(mc.company_id = cn.id)", "Plans": [{"Node Type": "Nested Loop", "Parent Relationship": "Outer", "Join Type": "Inner", "Startup Cost": 0.0, "Total Cost": 243250.55, "Plan Rows": 1, "Plan Width": 37, "Inner Unique": false, "Join Filter": "(t.id = mc.movie_id)", "Plans": [{"Node Type": "Nested Loop", "Parent Relationship": "Outer", "Join Type": "Inner", "Startup Cost": 0.0, "Total Cost": 185564.69, "Plan Rows": 1, "Plan Width": 25, "Inner Unique": true, "Join Filter": "(mk.movie_id = t.id)", "Plans": [{"Node Type": "Nested Loop", "Parent Relationship": "Outer", "Join Type": "Inner", "Startup Cost": 0.0, "Total Cost": 121426.52, "Plan Rows": 33, "Plan Width": 4, "Inner Unique": false, "Join Filter": "(k.id = mk.keyword_id)", "Plans": [{"Node Type": "Seq Scan", "Parent Relationship": "Outer", "Relation Name": "keyword", "Alias": "k", "Startup Cost": 0.0, "Total Cost": 2436.11, "Plan Rows": 1, "Plan Width": 4, "Filter": "((keyword)::text = 'sequel'::text)"}, {"Node Type": "Seq Scan", "Parent Relationship": "Inner", "Relation Name": "movie_keyword", "Alias": "mk", "Startup Cost": 0.0, "Total Cost": 62441.29, "Plan Rows": 4523929, "Plan Width": 8}]}, {"Node Type": "Materialize", "Parent Relationship": "Inner", "Startup Cost": 0.0, "Total Cost": 64136.21, "Plan Rows": 4, "Plan Width": 21, "Plans": [{"Node Type": "Streaming(type: LOCAL GATHER dop: 1/64)", "Parent Relationship": "Outer", "Startup Cost": 0.0, "Total Cost": 64136.19, "Plan Rows": 4, "Plan Width": 21, "Plans": [{"Node Type": "Seq Scan", "Parent Relationship": "Outer", "Relation Name": "title", "Alias": "t", "Startup Cost": 0.0, "Total Cost": 64136.1, "Plan Rows": 4, "Plan Width": 21, "Filter": "(((title)::text ~~ '%Money%'::text) AND (production_year = 1998))"}]}]}]}, {"Node Type": "Seq Scan", "Parent Relationship": "Inner", "Relation Name": "movie_companies", "Alias": "mc", "Startup Cost": 0.0, "Total Cost": 41817.28, "Plan Rows": 1269486, "Plan Width": 12, "Filter": "(note IS NULL), (LLVM Optimized)"}]}, {"Node Type": "Seq Scan", "Parent Relationship": "Inner", "Relation Name": "company_name", "Alias": "cn", "Startup Cost": 0.0, "Total Cost": 7078.43, "Plan Rows": 57599, "Plan Width": 23, "Filter": "(((country_code)::text <> '[pl]'::text) AND (((name)::text ~~ '%Film%'::text) OR ((name)::text ~~ '%Warner%'::text)))"}]}, {"Node Type": "Seq Scan", "Parent Relationship": "Inner", "Relation Name": "company_type", "Alias": "ct", "Startup Cost": 0.0, "Total Cost": 1.04, "Plan Rows": 1, "Plan Width": 4, "Filter": "((kind)::text = 'production companies'::text)"}]}, {"Node Type": "Seq Scan", "Parent Relationship": "Inner", "Relation Name": "movie_link", "Alias": "ml", "Startup Cost": 0.0, "Total Cost": 430.96, "Plan Rows": 29996, "Plan Width": 8}]}, {"Node Type": "Seq Scan", "Parent Relationship": "Inner", "Relation Name": "link_type", "Alias": "lt", "Startup Cost": 0.0, "Total Cost": 1.21, "Plan Rows": 1, "Plan Width": 16, "Filter": "((link)::text ~~ '%follows%'::text)"}]}]}, "Unique SQL Id": 4121279504}, "explain_analyze_plan": null}, "(64, 27)": {"explain_plan": {"Plan": {"Node Type": "Aggregate", "Strategy": "Plain", "Startup Cost": 2483351514613.15, "Total Cost": 2483351514613.16, "Plan Rows": 1, "Plan Width": 144, "Plans": [{"Node Type": "Nested Loop", "Parent Relationship": "Outer", "Join Type": "Inner", "Startup Cost": 80042213480.87, "Total Cost": 2483351514613.14, "Plan Rows": 1, "Plan Width": 48, "Inner Unique": true, "Join Filter": "(ml.link_type_id = lt.id)", "Plans": [{"Node Type": "Merge Join", "Parent Relationship": "Outer", "Join Type": "Inner", "Startup Cost": 70042213480.87, "Total Cost": 1483351513358.38, "Plan Rows": 1, "Plan Width": 40, "Inner Unique": false, "Merge Cond": "(mk.movie_id = ml.movie_id)", "Plans": [{"Node Type": "Nested Loop", "Parent Relationship": "Outer", "Join Type": "Inner", "Startup Cost": 20000000000.0, "Total Cost": 2000015686764.79, "Plan Rows": 33, "Plan Width": 4, "Inner Unique": true, "Join Filter": "(k.id = mk.keyword_id)", "Plans": [{"Node Type": "Index Scan", "Parent Relationship": "Outer", "Scan Direction": "Forward", "Index Name": "movie_id_movie_keyword", "Relation Name": "movie_keyword", "Alias": "mk", "Startup Cost": 10000000000.0, "Total Cost": 1000015300634.17, "Plan Rows": 4523929, "Plan Width": 8}, {"Node Type": "Materialize", "Parent Relationship": "Inner", "Startup Cost": 10000000000.0, "Total Cost": 1000000318271.69, "Plan Rows": 1, "Plan Width": 4, "Plans": [{"Node Type": "Index Scan", "Parent Relationship": "Outer", "Scan Direction": "Forward", "Index Name": "keyword_pkey", "Relation Name": "keyword", "Alias": "k", "Startup Cost": 10000000000.0, "Total Cost": 1000000318271.68, "Plan Rows": 1, "Plan Width": 4, "Filter": "((keyword)::text = 'sequel'::text)"}]}]}, {"Node Type": "Materialize", "Parent Relationship": "Inner", "Startup Cost": 50042213480.87, "Total Cost": 1403351038001.82, "Plan Rows": 12, "Plan Width": 52, "Plans": [{"Node Type": "Merge Join", "Parent Relationship": "Outer", "Join Type": "Inner", "Startup Cost": 50042213480.87, "Total Cost": 1403351038001.79, "Plan Rows": 12, "Plan Width": 52, "Inner Unique": false, "Merge Cond": "(mc.movie_id = ml.movie_id)", "Plans": [{"Node Type": "Nested Loop", "Parent Relationship": "Outer", "Join Type": "Inner", "Startup Cost": 30000000000.0, "Total Cost": 3000562648430.49, "Plan Rows": 211110, "Plan Width": 23, "Inner Unique": true, "Join Filter": "(mc.company_id = cn.id), (LLVM Optimized)", "Plans": [{"Node Type": "Nested Loop", "Parent Relationship": "Outer", "Join Type": "Inner", "Startup Cost": 20000000000.0, "Total Cost": 2000013072218.67, "Plan Rows": 634743, "Plan Width": 8, "Inner Unique": true, "Join Filter": "(ct.id = mc.company_type_id), (LLVM Optimized)", "Plans": [{"Node Type": "Index Scan", "Parent Relationship": "Outer", "Scan Direction": "Forward", "Index Name": "movie_id_movie_companies", "Relation Name": "movie_companies", "Alias": "mc", "Startup Cost": 10000000000.0, "Total Cost": 1000013051946.13, "Plan Rows": 1269486, "Plan Width": 12, "Filter": "(note IS NULL), (LLVM Optimized)"}, {"Node Type": "Materialize", "Parent Relationship": "Inner", "Startup Cost": 10000000000.0, "Total Cost": 1000000001230.26, "Plan Rows": 1, "Plan Width": 4, "Plans": [{"Node Type": "Index Scan", "Parent Relationship": "Outer", "Scan Direction": "Forward", "Index Name": "company_type_pkey", "Relation Name": "company_type", "Alias": "ct", "Startup Cost": 10000000000.0, "Total Cost": 1000000001230.25, "Plan Rows": 1, "Plan Width": 4, "Filter": "((kind)::text = 'production companies'::text)"}]}]}, {"Node Type": "Materialize", "Parent Relationship": "Inner", "Startup Cost": 10000000000.0, "Total Cost": 1000001167924.96, "Plan Rows": 57599, "Plan Width": 23, "Plans": [{"Node Type": "Index Scan", "Parent Relationship": "Outer", "Scan Direction": "Forward", "Index Name": "company_name_pkey", "Relation Name": "company_name", "Alias": "cn", "Startup Cost": 10000000000.0, "Total Cost": 1000001167636.97, "Plan Rows": 57599, "Plan Width": 23, "Filter": "(((country_code)::text <> '[pl]'::text) AND (((name)::text ~~ '%Film%'::text) OR ((name)::text ~~ '%Warner%'::text)))"}]}]}, {"Node Type": "Materialize", "Parent Relationship": "Inner", "Startup Cost": 20000000000.0, "Total Cost": 1257503175328.76, "Plan Rows": 19, "Plan Width": 29, "Plans": [{"Node Type": "Merge Join", "Parent Relationship": "Outer", "Join Type": "Inner", "Startup Cost": 20000000000.0, "Total Cost": 1257503175328.72, "Plan Rows": 19, "Plan Width": 29, "Inner Unique": true, "Merge Cond": "(ml.movie_id = t.id)", "Plans": [{"Node Type": "Index Scan", "Parent Relationship": "Outer", "Scan Direction": "Forward", "Index Name": "movie_id_movie_link", "Relation Name": "movie_link", "Alias": "ml", "Startup Cost": 10000000000.0, "Total Cost": 1000000106202.37, "Plan Rows": 29996, "Plan Width": 8}, {"Node Type": "Materialize", "Parent Relationship": "Inner", "Startup Cost": 10000000000.0, "Total Cost": 1000012276204.42, "Plan Rows": 4, "Plan Width": 21, "Plans": [{"Node Type": "Index Scan", "Parent Relationship": "Outer", "Scan Direction": "Forward", "Index Name": "title_pkey", "Relation Name": "title", "Alias": "t", "Startup Cost": 10000000000.0, "Total Cost": 1000012276204.41, "Plan Rows": 4, "Plan Width": 21, "Filter": "(((title)::text ~~ '%Money%'::text) AND (production_year = 1998))"}]}]}]}]}]}]}, {"Node Type": "Index Scan", "Parent Relationship": "Inner", "Scan Direction": "Forward", "Index Name": "link_type_pkey", "Relation Name": "link_type", "Alias": "lt", "Startup Cost": 10000000000.0, "Total Cost": 1000000001254.75, "Plan Rows": 1, "Plan Width": 16, "Filter": "((link)::text ~~ '%follows%'::text)"}]}]}, "Unique SQL Id": 4121279504}, "explain_analyze_plan": null}, "(64, 28)": {"explain_plan": {"Plan": {"Node Type": "Aggregate", "Strategy": "Plain", "Startup Cost": 2585.63, "Total Cost": 2585.64, "Plan Rows": 1, "Plan Width": 144, "Plans": [{"Node Type": "Nested Loop", "Parent Relationship": "Outer", "Join Type": "Inner", "Startup Cost": 0.0, "Total Cost": 2585.62, "Plan Rows": 1, "Plan Width": 48, "Inner Unique": true, "Plans": [{"Node Type": "Nested Loop", "Parent Relationship": "Outer", "Join Type": "Inner", "Startup Cost": 0.0, "Total Cost": 2585.34, "Plan Rows": 1, "Plan Width": 40, "Inner Unique": false, "Join Filter": "(t.id = ml.movie_id)", "Plans": [{"Node Type": "Nested Loop", "Parent Relationship": "Outer", "Join Type": "Inner", "Startup Cost": 0.0, "Total Cost": 2584.93, "Plan Rows": 1, "Plan Width": 48, "Inner Unique": true, "Plans": [{"Node Type": "Nested Loop", "Parent Relationship": "Outer", "Join Type": "Inner", "Startup Cost": 0.0, "Total Cost": 2584.64, "Plan Rows": 1, "Plan Width": 52, "Inner Unique": true, "Plans": [{"Node Type": "Nested Loop", "Parent Relationship": "Outer", "Join Type": "Inner", "Startup Cost": 0.0, "Total Cost": 2584.35, "Plan Rows": 1, "Plan Width": 37, "Inner Unique": false, "Join Filter": "(t.id = mc.movie_id)", "Plans": [{"Node Type": "Nested Loop", "Parent Relationship": "Outer", "Join Type": "Inner", "Startup Cost": 0.0, "Total Cost": 2584.01, "Plan Rows": 1, "Plan Width": 25, "Inner Unique": true, "Plans": [{"Node Type": "Nested Loop", "Parent Relationship": "Outer", "Join Type": "Inner", "Startup Cost": 0.0, "Total Cost": 2573.32, "Plan Rows": 33, "Plan Width": 4, "Inner Unique": false, "Plans": [{"Node Type": "Seq Scan", "Parent Relationship": "Outer", "Relation Name": "keyword", "Alias": "k", "Startup Cost": 0.0, "Total Cost": 2436.11, "Plan Rows": 1, "Plan Width": 4, "Filter": "((keyword)::text = 'sequel'::text)"}, {"Node Type": "Index Scan", "Parent Relationship": "Inner", "Scan Direction": "Forward", "Index Name": "keyword_id_movie_keyword", "Relation Name": "movie_keyword", "Alias": "mk", "Startup Cost": 0.0, "Total Cost": 136.88, "Plan Rows": 33, "Plan Width": 8, "Index Cond": "(keyword_id = k.id)"}]}, {"Node Type": "Index Scan", "Parent Relationship": "Inner", "Scan Direction": "Forward", "Index Name": "title_pkey", "Relation Name": "title", "Alias": "t", "Startup Cost": 0.0, "Total Cost": 0.31, "Plan Rows": 1, "Plan Width": 21, "Index Cond": "(id = mk.movie_id)", "Filter": "(((title)::text ~~ '%Money%'::text) AND (production_year = 1998))"}]}, {"Node Type": "Index Scan", "Parent Relationship": "Inner", "Scan Direction": "Forward", "Index Name": "movie_id_movie_companies", "Relation Name": "movie_companies", "Alias": "mc", "Startup Cost": 0.0, "Total Cost": 0.31, "Plan Rows": 2, "Plan Width": 12, "Index Cond": "(movie_id = mk.movie_id)", "Filter": "(note IS NULL)"}]}, {"Node Type": "Index Scan", "Parent Relationship": "Inner", "Scan Direction": "Forward", "Index Name": "company_name_pkey", "Relation Name": "company_name", "Alias": "cn", "Startup Cost": 0.0, "Total Cost": 0.29, "Plan Rows": 1, "Plan Width": 23, "Index Cond": "(id = mc.company_id)", "Filter": "(((country_code)::text <> '[pl]'::text) AND (((name)::text ~~ '%Film%'::text) OR ((name)::text ~~ '%Warner%'::text)))"}]}, {"Node Type": "Index Scan", "Parent Relationship": "Inner", "Scan Direction": "Forward", "Index Name": "company_type_pkey", "Relation Name": "company_type", "Alias": "ct", "Startup Cost": 0.0, "Total Cost": 0.27, "Plan Rows": 1, "Plan Width": 4, "Index Cond": "(id = mc.company_type_id)", "Filter": "((kind)::text = 'production companies'::text)"}]}, {"Node Type": "Index Scan", "Parent Relationship": "Inner", "Scan Direction": "Forward", "Index Name": "movie_id_movie_link", "Relation Name": "movie_link", "Alias": "ml", "Startup Cost": 0.0, "Total Cost": 0.35, "Plan Rows": 5, "Plan Width": 8, "Index Cond": "(movie_id = mk.movie_id)"}]}, {"Node Type": "Index Scan", "Parent Relationship": "Inner", "Scan Direction": "Forward", "Index Name": "link_type_pkey", "Relation Name": "link_type", "Alias": "lt", "Startup Cost": 0.0, "Total Cost": 0.27, "Plan Rows": 1, "Plan Width": 16, "Index Cond": "(id = ml.link_type_id)", "Filter": "((link)::text ~~ '%follows%'::text)"}]}]}, "Unique SQL Id": 4121279504}, "explain_analyze_plan": {"Plan": {"Node Type": "Aggregate", "Strategy": "Plain", "Startup Cost": 2585.63, "Total Cost": 2585.64, "Plan Rows": 1, "Plan Width": 144, "Actual Startup Time": 120.206, "Actual Total Time": 120.207, "Actual Rows": 1, "Actual Loops": 1, "Plans": [{"Node Type": "Nested Loop", "Parent Relationship": "Outer", "Join Type": "Inner", "Startup Cost": 0.0, "Total Cost": 2585.62, "Plan Rows": 1, "Plan Width": 48, "Actual Startup Time": 120.199, "Actual Total Time": 120.199, "Actual Rows": 0, "Actual Loops": 1, "Inner Unique": true, "Plans": [{"Node Type": "Nested Loop", "Parent Relationship": "Outer", "Join Type": "Inner", "Startup Cost": 0.0, "Total Cost": 2585.34, "Plan Rows": 1, "Plan Width": 40, "Actual Startup Time": 2.804, "Actual Total Time": 120.112, "Actual Rows": 38, "Actual Loops": 1, "Inner Unique": false, "Join Filter": "(t.id = ml.movie_id)", "Rows Removed by Join Filter": 0, "Plans": [{"Node Type": "Nested Loop", "Parent Relationship": "Outer", "Join Type": "Inner", "Startup Cost": 0.0, "Total Cost": 2584.93, "Plan Rows": 1, "Plan Width": 48, "Actual Startup Time": 2.79, "Actual Total Time": 120.066, "Actual Rows": 2, "Actual Loops": 1, "Inner Unique": true, "Plans": [{"Node Type": "Nested Loop", "Parent Relationship": "Outer", "Join Type": "Inner", "Startup Cost": 0.0, "Total Cost": 2584.64, "Plan Rows": 1, "Plan Width": 52, "Actual Startup Time": 2.781, "Actual Total Time": 120.052, "Actual Rows": 2, "Actual Loops": 1, "Inner Unique": true, "Plans": [{"Node Type": "Nested Loop", "Parent Relationship": "Outer", "Join Type": "Inner", "Startup Cost": 0.0, "Total Cost": 2584.35, "Plan Rows": 1, "Plan Width": 37, "Actual Startup Time": 2.759, "Actual Total Time": 120.009, "Actual Rows": 3, "Actual Loops": 1, "Inner Unique": false, "Join Filter": "(t.id = mc.movie_id)", "Rows Removed by Join Filter": 0, "Plans": [{"Node Type": "Nested Loop", "Parent Relationship": "Outer", "Join Type": "Inner", "Startup Cost": 0.0, "Total Cost": 2584.01, "Plan Rows": 1, "Plan Width": 25, "Actual Startup Time": 2.739, "Actual Total Time": 119.985, "Actual Rows": 1, "Actual Loops": 1, "Inner Unique": true, "Plans": [{"Node Type": "Nested Loop", "Parent Relationship": "Outer", "Join Type": "Inner", "Startup Cost": 0.0, "Total Cost": 2573.32, "Plan Rows": 33, "Plan Width": 4, "Actual Startup Time": 2.392, "Actual Total Time": 59.078, "Actual Rows": 10544, "Actual Loops": 1, "Inner Unique": false, "Plans": [{"Node Type": "Seq Scan", "Parent Relationship": "Outer", "Relation Name": "keyword", "Alias": "k", "Startup Cost": 0.0, "Total Cost": 2436.11, "Plan Rows": 1, "Plan Width": 4, "Actual Startup Time": 2.347, "Actual Total Time": 41.646, "Actual Rows": 1, "Actual Loops": 1, "Filter": "((keyword)::text = 'sequel'::text)", "Rows Removed by Filter": 134168}, {"Node Type": "Index Scan", "Parent Relationship": "Inner", "Scan Direction": "Forward", "Index Name": "keyword_id_movie_keyword", "Relation Name": "movie_keyword", "Alias": "mk", "Startup Cost": 0.0, "Total Cost": 136.88, "Plan Rows": 33, "Plan Width": 8, "Actual Startup Time": 0.038, "Actual Total Time": 15.158, "Actual Rows": 10544, "Actual Loops": 1, "Index Cond": "(keyword_id = k.id)", "Rows Removed by Index Recheck": 0}]}, {"Node Type": "Index Scan", "Parent Relationship": "Inner", "Scan Direction": "Forward", "Index Name": "title_pkey", "Relation Name": "title", "Alias": "t", "Startup Cost": 0.0, "Total Cost": 0.31, "Plan Rows": 1, "Plan Width": 21, "Actual Startup Time": 55.67, "Actual Total Time": 55.67, "Actual Rows": 1, "Actual Loops": 10544, "Index Cond": "(id = mk.movie_id)", "Rows Removed by Index Recheck": 0, "Filter": "(((title)::text ~~ '%Money%'::text) AND (production_year = 1998))", "Rows Removed by Filter": 10543}]}, {"Node Type": "Index Scan", "Parent Relationship": "Inner", "Scan Direction": "Forward", "Index Name": "movie_id_movie_companies", "Relation Name": "movie_companies", "Alias": "mc", "Startup Cost": 0.0, "Total Cost": 0.31, "Plan Rows": 2, "Plan Width": 12, "Actual Startup Time": 0.016, "Actual Total Time": 0.017, "Actual Rows": 3, "Actual Loops": 1, "Index Cond": "(movie_id = mk.movie_id)", "Rows Removed by Index Recheck": 0, "Filter": "(note IS NULL)", "Rows Removed by Filter": 1}]}, {"Node Type": "Index Scan", "Parent Relationship": "Inner", "Scan Direction": "Forward", "Index Name": "company_name_pkey", "Relation Name": "company_name", "Alias": "cn", "Startup Cost": 0.0, "Total Cost": 0.29, "Plan Rows": 1, "Plan Width": 23, "Actual Startup Time": 0.038, "Actual Total Time": 0.038, "Actual Rows": 2, "Actual Loops": 3, "Index Cond": "(id = mc.company_id)", "Rows Removed by Index Recheck": 0, "Filter": "(((country_code)::text <> '[pl]'::text) AND (((name)::text ~~ '%Film%'::text) OR ((name)::text ~~ '%Warner%'::text)))", "Rows Removed by Filter": 1}]}, {"Node Type": "Index Scan", "Parent Relationship": "Inner", "Scan Direction": "Forward", "Index Name": "company_type_pkey", "Relation Name": "company_type", "Alias": "ct", "Startup Cost": 0.0, "Total Cost": 0.27, "Plan Rows": 1, "Plan Width": 4, "Actual Startup Time": 0.01, "Actual Total Time": 0.01, "Actual Rows": 2, "Actual Loops": 2, "Index Cond": "(id = mc.company_type_id)", "Rows Removed by Index Recheck": 0, "Filter": "((kind)::text = 'production companies'::text)", "Rows Removed by Filter": 0}]}, {"Node Type": "Index Scan", "Parent Relationship": "Inner", "Scan Direction": "Forward", "Index Name": "movie_id_movie_link", "Relation Name": "movie_link", "Alias": "ml", "Startup Cost": 0.0, "Total Cost": 0.35, "Plan Rows": 5, "Plan Width": 8, "Actual Startup Time": 0.015, "Actual Total Time": 0.031, "Actual Rows": 38, "Actual Loops": 2, "Index Cond": "(movie_id = mk.movie_id)", "Rows Removed by Index Recheck": 0}]}, {"Node Type": "Index Scan", "Parent Relationship": "Inner", "Scan Direction": "Forward", "Index Name": "link_type_pkey", "Relation Name": "link_type", "Alias": "lt", "Startup Cost": 0.0, "Total Cost": 0.27, "Plan Rows": 1, "Plan Width": 16, "Actual Startup Time": 0.063, "Actual Total Time": 0.063, "Actual Rows": 0, "Actual Loops": 38, "Index Cond": "(id = ml.link_type_id)", "Rows Removed by Index Recheck": 0, "Filter": "((link)::text ~~ '%follows%'::text)", "Rows Removed by Filter": 24}]}]}, "Triggers": [], "Planner Runtime": 76.567, "Total Runtime": 120.592, "Unique SQL Id": 4121279504}}, "(64, 29)": {"explain_plan": {"Plan": {"Node Type": "Aggregate", "Strategy": "Plain", "Startup Cost": 3332.23, "Total Cost": 3332.24, "Plan Rows": 1, "Plan Width": 144, "Plans": [{"Node Type": "Nested Loop", "Parent Relationship": "Outer", "Join Type": "Inner", "Startup Cost": 0.0, "Total Cost": 3332.23, "Plan Rows": 1, "Plan Width": 48, "Inner Unique": true, "Plans": [{"Node Type": "Nested Loop", "Parent Relationship": "Outer", "Join Type": "Inner", "Startup Cost": 0.0, "Total Cost": 3331.94, "Plan Rows": 1, "Plan Width": 40, "Inner Unique": false, "Join Filter": "(t.id = ml.movie_id)", "Plans": [{"Node Type": "Nested Loop", "Parent Relationship": "Outer", "Join Type": "Inner", "Startup Cost": 0.0, "Total Cost": 3331.53, "Plan Rows": 1, "Plan Width": 48, "Inner Unique": true, "Plans": [{"Node Type": "Nested Loop", "Parent Relationship": "Outer", "Join Type": "Inner", "Startup Cost": 0.0, "Total Cost": 3331.25, "Plan Rows": 1, "Plan Width": 52, "Inner Unique": true, "Plans": [{"Node Type": "Nested Loop", "Parent Relationship": "Outer", "Join Type": "Inner", "Startup Cost": 0.0, "Total Cost": 3330.95, "Plan Rows": 1, "Plan Width": 37, "Inner Unique": false, "Join Filter": "(t.id = mc.movie_id)", "Plans": [{"Node Type": "Nested Loop", "Parent Relationship": "Outer", "Join Type": "Inner", "Startup Cost": 0.0, "Total Cost": 3330.61, "Plan Rows": 1, "Plan Width": 25, "Inner Unique": true, "Plans": [{"Node Type": "Nested Loop", "Parent Relationship": "Outer", "Join Type": "Inner", "Startup Cost": 0.0, "Total Cost": 3319.92, "Plan Rows": 33, "Plan Width": 4, "Inner Unique": false, "Plans": [{"Node Type": "Index Scan", "Parent Relationship": "Outer", "Scan Direction": "Forward", "Index Name": "keyword_pkey", "Relation Name": "keyword", "Alias": "k", "Startup Cost": 0.0, "Total Cost": 3182.72, "Plan Rows": 1, "Plan Width": 4, "Filter": "((keyword)::text = 'sequel'::text)"}, {"Node Type": "Index Scan", "Parent Relationship": "Inner", "Scan Direction": "Forward", "Index Name": "keyword_id_movie_keyword", "Relation Name": "movie_keyword", "Alias": "mk", "Startup Cost": 0.0, "Total Cost": 136.88, "Plan Rows": 33, "Plan Width": 8, "Index Cond": "(keyword_id = k.id)"}]}, {"Node Type": "Index Scan", "Parent Relationship": "Inner", "Scan Direction": "Forward", "Index Name": "title_pkey", "Relation Name": "title", "Alias": "t", "Startup Cost": 0.0, "Total Cost": 0.31, "Plan Rows": 1, "Plan Width": 21, "Index Cond": "(id = mk.movie_id)", "Filter": "(((title)::text ~~ '%Money%'::text) AND (production_year = 1998))"}]}, {"Node Type": "Index Scan", "Parent Relationship": "Inner", "Scan Direction": "Forward", "Index Name": "movie_id_movie_companies", "Relation Name": "movie_companies", "Alias": "mc", "Startup Cost": 0.0, "Total Cost": 0.31, "Plan Rows": 2, "Plan Width": 12, "Index Cond": "(movie_id = mk.movie_id)", "Filter": "(note IS NULL)"}]}, {"Node Type": "Index Scan", "Parent Relationship": "Inner", "Scan Direction": "Forward", "Index Name": "company_name_pkey", "Relation Name": "company_name", "Alias": "cn", "Startup Cost": 0.0, "Total Cost": 0.29, "Plan Rows": 1, "Plan Width": 23, "Index Cond": "(id = mc.company_id)", "Filter": "(((country_code)::text <> '[pl]'::text) AND (((name)::text ~~ '%Film%'::text) OR ((name)::text ~~ '%Warner%'::text)))"}]}, {"Node Type": "Index Scan", "Parent Relationship": "Inner", "Scan Direction": "Forward", "Index Name": "company_type_pkey", "Relation Name": "company_type", "Alias": "ct", "Startup Cost": 0.0, "Total Cost": 0.27, "Plan Rows": 1, "Plan Width": 4, "Index Cond": "(id = mc.company_type_id)", "Filter": "((kind)::text = 'production companies'::text)"}]}, {"Node Type": "Index Scan", "Parent Relationship": "Inner", "Scan Direction": "Forward", "Index Name": "movie_id_movie_link", "Relation Name": "movie_link", "Alias": "ml", "Startup Cost": 0.0, "Total Cost": 0.35, "Plan Rows": 5, "Plan Width": 8, "Index Cond": "(movie_id = mk.movie_id)"}]}, {"Node Type": "Index Scan", "Parent Relationship": "Inner", "Scan Direction": "Forward", "Index Name": "link_type_pkey", "Relation Name": "link_type", "Alias": "lt", "Startup Cost": 0.0, "Total Cost": 0.27, "Plan Rows": 1, "Plan Width": 16, "Index Cond": "(id = ml.link_type_id)", "Filter": "((link)::text ~~ '%follows%'::text)"}]}]}, "Unique SQL Id": 4121279504}, "explain_analyze_plan": {"Plan": {"Node Type": "Aggregate", "Strategy": "Plain", "Startup Cost": 3332.23, "Total Cost": 3332.24, "Plan Rows": 1, "Plan Width": 144, "Actual Startup Time": 195.478, "Actual Total Time": 195.479, "Actual Rows": 1, "Actual Loops": 1, "Plans": [{"Node Type": "Nested Loop", "Parent Relationship": "Outer", "Join Type": "Inner", "Startup Cost": 0.0, "Total Cost": 3332.23, "Plan Rows": 1, "Plan Width": 48, "Actual Startup Time": 195.466, "Actual Total Time": 195.466, "Actual Rows": 0, "Actual Loops": 1, "Inner Unique": true, "Plans": [{"Node Type": "Nested Loop", "Parent Relationship": "Outer", "Join Type": "Inner", "Startup Cost": 0.0, "Total Cost": 3331.94, "Plan Rows": 1, "Plan Width": 40, "Actual Startup Time": 1.022, "Actual Total Time": 195.379, "Actual Rows": 38, "Actual Loops": 1, "Inner Unique": false, "Join Filter": "(t.id = ml.movie_id)", "Rows Removed by Join Filter": 0, "Plans": [{"Node Type": "Nested Loop", "Parent Relationship": "Outer", "Join Type": "Inner", "Startup Cost": 0.0, "Total Cost": 3331.53, "Plan Rows": 1, "Plan Width": 48, "Actual Startup Time": 1.006, "Actual Total Time": 195.329, "Actual Rows": 2, "Actual Loops": 1, "Inner Unique": true, "Plans": [{"Node Type": "Nested Loop", "Parent Relationship": "Outer", "Join Type": "Inner", "Startup Cost": 0.0, "Total Cost": 3331.25, "Plan Rows": 1, "Plan Width": 52, "Actual Startup Time": 0.993, "Actual Total Time": 195.312, "Actual Rows": 2, "Actual Loops": 1, "Inner Unique": true, "Plans": [{"Node Type": "Nested Loop", "Parent Relationship": "Outer", "Join Type": "Inner", "Startup Cost": 0.0, "Total Cost": 3330.95, "Plan Rows": 1, "Plan Width": 37, "Actual Startup Time": 0.971, "Actual Total Time": 195.27, "Actual Rows": 3, "Actual Loops": 1, "Inner Unique": false, "Join Filter": "(t.id = mc.movie_id)", "Rows Removed by Join Filter": 0, "Plans": [{"Node Type": "Nested Loop", "Parent Relationship": "Outer", "Join Type": "Inner", "Startup Cost": 0.0, "Total Cost": 3330.61, "Plan Rows": 1, "Plan Width": 25, "Actual Startup Time": 0.949, "Actual Total Time": 195.245, "Actual Rows": 1, "Actual Loops": 1, "Inner Unique": true, "Plans": [{"Node Type": "Nested Loop", "Parent Relationship": "Outer", "Join Type": "Inner", "Startup Cost": 0.0, "Total Cost": 3319.92, "Plan Rows": 33, "Plan Width": 4, "Actual Startup Time": 0.597, "Actual Total Time": 133.24, "Actual Rows": 10544, "Actual Loops": 1, "Inner Unique": false, "Plans": [{"Node Type": "Index Scan", "Parent Relationship": "Outer", "Scan Direction": "Forward", "Index Name": "keyword_pkey", "Relation Name": "keyword", "Alias": "k", "Startup Cost": 0.0, "Total Cost": 3182.72, "Plan Rows": 1, "Plan Width": 4, "Actual Startup Time": 0.557, "Actual Total Time": 115.424, "Actual Rows": 1, "Actual Loops": 1, "Filter": "((keyword)::text = 'sequel'::text)", "Rows Removed by Filter": 134168}, {"Node Type": "Index Scan", "Parent Relationship": "Inner", "Scan Direction": "Forward", "Index Name": "keyword_id_movie_keyword", "Relation Name": "movie_keyword", "Alias": "mk", "Startup Cost": 0.0, "Total Cost": 136.88, "Plan Rows": 33, "Plan Width": 8, "Actual Startup Time": 0.033, "Actual Total Time": 15.557, "Actual Rows": 10544, "Actual Loops": 1, "Index Cond": "(keyword_id = k.id)", "Rows Removed by Index Recheck": 0}]}, {"Node Type": "Index Scan", "Parent Relationship": "Inner", "Scan Direction": "Forward", "Index Name": "title_pkey", "Relation Name": "title", "Alias": "t", "Startup Cost": 0.0, "Total Cost": 0.31, "Plan Rows": 1, "Plan Width": 21, "Actual Startup Time": 56.68, "Actual Total Time": 56.68, "Actual Rows": 1, "Actual Loops": 10544, "Index Cond": "(id = mk.movie_id)", "Rows Removed by Index Recheck": 0, "Filter": "(((title)::text ~~ '%Money%'::text) AND (production_year = 1998))", "Rows Removed by Filter": 10543}]}, {"Node Type": "Index Scan", "Parent Relationship": "Inner", "Scan Direction": "Forward", "Index Name": "movie_id_movie_companies", "Relation Name": "movie_companies", "Alias": "mc", "Startup Cost": 0.0, "Total Cost": 0.31, "Plan Rows": 2, "Plan Width": 12, "Actual Startup Time": 0.019, "Actual Total Time": 0.022, "Actual Rows": 3, "Actual Loops": 1, "Index Cond": "(movie_id = mk.movie_id)", "Rows Removed by Index Recheck": 0, "Filter": "(note IS NULL)", "Rows Removed by Filter": 1}]}, {"Node Type": "Index Scan", "Parent Relationship": "Inner", "Scan Direction": "Forward", "Index Name": "company_name_pkey", "Relation Name": "company_name", "Alias": "cn", "Startup Cost": 0.0, "Total Cost": 0.29, "Plan Rows": 1, "Plan Width": 23, "Actual Startup Time": 0.038, "Actual Total Time": 0.038, "Actual Rows": 2, "Actual Loops": 3, "Index Cond": "(id = mc.company_id)", "Rows Removed by Index Recheck": 0, "Filter": "(((country_code)::text <> '[pl]'::text) AND (((name)::text ~~ '%Film%'::text) OR ((name)::text ~~ '%Warner%'::text)))", "Rows Removed by Filter": 1}]}, {"Node Type": "Index Scan", "Parent Relationship": "Inner", "Scan Direction": "Forward", "Index Name": "company_type_pkey", "Relation Name": "company_type", "Alias": "ct", "Startup Cost": 0.0, "Total Cost": 0.27, "Plan Rows": 1, "Plan Width": 4, "Actual Startup Time": 0.013, "Actual Total Time": 0.013, "Actual Rows": 2, "Actual Loops": 2, "Index Cond": "(id = mc.company_type_id)", "Rows Removed by Index Recheck": 0, "Filter": "((kind)::text = 'production companies'::text)", "Rows Removed by Filter": 0}]}, {"Node Type": "Index Scan", "Parent Relationship": "Inner", "Scan Direction": "Forward", "Index Name": "movie_id_movie_link", "Relation Name": "movie_link", "Alias": "ml", "Startup Cost": 0.0, "Total Cost": 0.35, "Plan Rows": 5, "Plan Width": 8, "Actual Startup Time": 0.017, "Actual Total Time": 0.028, "Actual Rows": 38, "Actual Loops": 2, "Index Cond": "(movie_id = mk.movie_id)", "Rows Removed by Index Recheck": 0}]}, {"Node Type": "Index Scan", "Parent Relationship": "Inner", "Scan Direction": "Forward", "Index Name": "link_type_pkey", "Relation Name": "link_type", "Alias": "lt", "Startup Cost": 0.0, "Total Cost": 0.27, "Plan Rows": 1, "Plan Width": 16, "Actual Startup Time": 0.066, "Actual Total Time": 0.066, "Actual Rows": 0, "Actual Loops": 38, "Index Cond": "(id = ml.link_type_id)", "Rows Removed by Index Recheck": 0, "Filter": "((link)::text ~~ '%follows%'::text)", "Rows Removed by Filter": 24}]}]}, "Triggers": [], "Planner Runtime": 69.692, "Total Runtime": 195.978, "Unique SQL Id": 4121279504}}, "(64, 30)": {"explain_plan": {"Plan": {"Node Type": "Aggregate", "Strategy": "Plain", "Startup Cost": 251857.16, "Total Cost": 251857.17, "Plan Rows": 1, "Plan Width": 144, "Plans": [{"Node Type": "Nested Loop", "Parent Relationship": "Outer", "Join Type": "Inner", "Startup Cost": 0.0, "Total Cost": 251857.15, "Plan Rows": 1, "Plan Width": 48, "Inner Unique": true, "Join Filter": "(ml.link_type_id = lt.id)", "Plans": [{"Node Type": "Nested Loop", "Parent Relationship": "Outer", "Join Type": "Inner", "Startup Cost": 0.0, "Total Cost": 251855.92, "Plan Rows": 1, "Plan Width": 40, "Inner Unique": false, "Join Filter": "(t.id = ml.movie_id)", "Plans": [{"Node Type": "Nested Loop", "Parent Relationship": "Outer", "Join Type": "Inner", "Startup Cost": 0.0, "Total Cost": 251050.01, "Plan Rows": 1, "Plan Width": 48, "Inner Unique": true, "Join Filter": "(mc.company_type_id = ct.id)", "Plans": [{"Node Type": "Nested Loop", "Parent Relationship": "Outer", "Join Type": "Inner", "Startup Cost": 0.0, "Total Cost": 251048.96, "Plan Rows": 1, "Plan Width": 52, "Inner Unique": true, "Join Filter": "(mc.company_id = cn.id)", "Plans": [{"Node Type": "Nested Loop", "Parent Relationship": "Outer", "Join Type": "Inner", "Startup Cost": 0.0, "Total Cost": 243250.55, "Plan Rows": 1, "Plan Width": 37, "Inner Unique": false, "Join Filter": "(t.id = mc.movie_id)", "Plans": [{"Node Type": "Nested Loop", "Parent Relationship": "Outer", "Join Type": "Inner", "Startup Cost": 0.0, "Total Cost": 185564.69, "Plan Rows": 1, "Plan Width": 25, "Inner Unique": true, "Join Filter": "(mk.movie_id = t.id)", "Plans": [{"Node Type": "Nested Loop", "Parent Relationship": "Outer", "Join Type": "Inner", "Startup Cost": 0.0, "Total Cost": 121426.52, "Plan Rows": 33, "Plan Width": 4, "Inner Unique": false, "Join Filter": "(k.id = mk.keyword_id)", "Plans": [{"Node Type": "Seq Scan", "Parent Relationship": "Outer", "Relation Name": "keyword", "Alias": "k", "Startup Cost": 0.0, "Total Cost": 2436.11, "Plan Rows": 1, "Plan Width": 4, "Filter": "((keyword)::text = 'sequel'::text)"}, {"Node Type": "Seq Scan", "Parent Relationship": "Inner", "Relation Name": "movie_keyword", "Alias": "mk", "Startup Cost": 0.0, "Total Cost": 62441.29, "Plan Rows": 4523929, "Plan Width": 8}]}, {"Node Type": "Materialize", "Parent Relationship": "Inner", "Startup Cost": 0.0, "Total Cost": 64136.21, "Plan Rows": 4, "Plan Width": 21, "Plans": [{"Node Type": "Streaming(type: LOCAL GATHER dop: 1/64)", "Parent Relationship": "Outer", "Startup Cost": 0.0, "Total Cost": 64136.19, "Plan Rows": 4, "Plan Width": 21, "Plans": [{"Node Type": "Seq Scan", "Parent Relationship": "Outer", "Relation Name": "title", "Alias": "t", "Startup Cost": 0.0, "Total Cost": 64136.1, "Plan Rows": 4, "Plan Width": 21, "Filter": "(((title)::text ~~ '%Money%'::text) AND (production_year = 1998))"}]}]}]}, {"Node Type": "Seq Scan", "Parent Relationship": "Inner", "Relation Name": "movie_companies", "Alias": "mc", "Startup Cost": 0.0, "Total Cost": 41817.28, "Plan Rows": 1269486, "Plan Width": 12, "Filter": "(note IS NULL), (LLVM Optimized)"}]}, {"Node Type": "Seq Scan", "Parent Relationship": "Inner", "Relation Name": "company_name", "Alias": "cn", "Startup Cost": 0.0, "Total Cost": 7078.43, "Plan Rows": 57599, "Plan Width": 23, "Filter": "(((country_code)::text <> '[pl]'::text) AND (((name)::text ~~ '%Film%'::text) OR ((name)::text ~~ '%Warner%'::text)))"}]}, {"Node Type": "Seq Scan", "Parent Relationship": "Inner", "Relation Name": "company_type", "Alias": "ct", "Startup Cost": 0.0, "Total Cost": 1.04, "Plan Rows": 1, "Plan Width": 4, "Filter": "((kind)::text = 'production companies'::text)"}]}, {"Node Type": "Seq Scan", "Parent Relationship": "Inner", "Relation Name": "movie_link", "Alias": "ml", "Startup Cost": 0.0, "Total Cost": 430.96, "Plan Rows": 29996, "Plan Width": 8}]}, {"Node Type": "Seq Scan", "Parent Relationship": "Inner", "Relation Name": "link_type", "Alias": "lt", "Startup Cost": 0.0, "Total Cost": 1.21, "Plan Rows": 1, "Plan Width": 16, "Filter": "((link)::text ~~ '%follows%'::text)"}]}]}, "Unique SQL Id": 4121279504}, "explain_analyze_plan": null}, "(64, 31)": {"explain_plan": {"Plan": {"Node Type": "Aggregate", "Strategy": "Plain", "Startup Cost": 2483351514613.15, "Total Cost": 2483351514613.16, "Plan Rows": 1, "Plan Width": 144, "Plans": [{"Node Type": "Nested Loop", "Parent Relationship": "Outer", "Join Type": "Inner", "Startup Cost": 80042213480.87, "Total Cost": 2483351514613.14, "Plan Rows": 1, "Plan Width": 48, "Inner Unique": true, "Join Filter": "(ml.link_type_id = lt.id)", "Plans": [{"Node Type": "Merge Join", "Parent Relationship": "Outer", "Join Type": "Inner", "Startup Cost": 70042213480.87, "Total Cost": 1483351513358.38, "Plan Rows": 1, "Plan Width": 40, "Inner Unique": false, "Merge Cond": "(mk.movie_id = ml.movie_id)", "Plans": [{"Node Type": "Nested Loop", "Parent Relationship": "Outer", "Join Type": "Inner", "Startup Cost": 20000000000.0, "Total Cost": 2000015686764.79, "Plan Rows": 33, "Plan Width": 4, "Inner Unique": true, "Join Filter": "(k.id = mk.keyword_id)", "Plans": [{"Node Type": "Index Scan", "Parent Relationship": "Outer", "Scan Direction": "Forward", "Index Name": "movie_id_movie_keyword", "Relation Name": "movie_keyword", "Alias": "mk", "Startup Cost": 10000000000.0, "Total Cost": 1000015300634.17, "Plan Rows": 4523929, "Plan Width": 8}, {"Node Type": "Materialize", "Parent Relationship": "Inner", "Startup Cost": 10000000000.0, "Total Cost": 1000000318271.69, "Plan Rows": 1, "Plan Width": 4, "Plans": [{"Node Type": "Index Scan", "Parent Relationship": "Outer", "Scan Direction": "Forward", "Index Name": "keyword_pkey", "Relation Name": "keyword", "Alias": "k", "Startup Cost": 10000000000.0, "Total Cost": 1000000318271.68, "Plan Rows": 1, "Plan Width": 4, "Filter": "((keyword)::text = 'sequel'::text)"}]}]}, {"Node Type": "Materialize", "Parent Relationship": "Inner", "Startup Cost": 50042213480.87, "Total Cost": 1403351038001.82, "Plan Rows": 12, "Plan Width": 52, "Plans": [{"Node Type": "Merge Join", "Parent Relationship": "Outer", "Join Type": "Inner", "Startup Cost": 50042213480.87, "Total Cost": 1403351038001.79, "Plan Rows": 12, "Plan Width": 52, "Inner Unique": false, "Merge Cond": "(mc.movie_id = ml.movie_id)", "Plans": [{"Node Type": "Nested Loop", "Parent Relationship": "Outer", "Join Type": "Inner", "Startup Cost": 30000000000.0, "Total Cost": 3000562648430.49, "Plan Rows": 211110, "Plan Width": 23, "Inner Unique": true, "Join Filter": "(mc.company_id = cn.id), (LLVM Optimized)", "Plans": [{"Node Type": "Nested Loop", "Parent Relationship": "Outer", "Join Type": "Inner", "Startup Cost": 20000000000.0, "Total Cost": 2000013072218.67, "Plan Rows": 634743, "Plan Width": 8, "Inner Unique": true, "Join Filter": "(ct.id = mc.company_type_id), (LLVM Optimized)", "Plans": [{"Node Type": "Index Scan", "Parent Relationship": "Outer", "Scan Direction": "Forward", "Index Name": "movie_id_movie_companies", "Relation Name": "movie_companies", "Alias": "mc", "Startup Cost": 10000000000.0, "Total Cost": 1000013051946.13, "Plan Rows": 1269486, "Plan Width": 12, "Filter": "(note IS NULL), (LLVM Optimized)"}, {"Node Type": "Materialize", "Parent Relationship": "Inner", "Startup Cost": 10000000000.0, "Total Cost": 1000000001230.26, "Plan Rows": 1, "Plan Width": 4, "Plans": [{"Node Type": "Index Scan", "Parent Relationship": "Outer", "Scan Direction": "Forward", "Index Name": "company_type_pkey", "Relation Name": "company_type", "Alias": "ct", "Startup Cost": 10000000000.0, "Total Cost": 1000000001230.25, "Plan Rows": 1, "Plan Width": 4, "Filter": "((kind)::text = 'production companies'::text)"}]}]}, {"Node Type": "Materialize", "Parent Relationship": "Inner", "Startup Cost": 10000000000.0, "Total Cost": 1000001167924.96, "Plan Rows": 57599, "Plan Width": 23, "Plans": [{"Node Type": "Index Scan", "Parent Relationship": "Outer", "Scan Direction": "Forward", "Index Name": "company_name_pkey", "Relation Name": "company_name", "Alias": "cn", "Startup Cost": 10000000000.0, "Total Cost": 1000001167636.97, "Plan Rows": 57599, "Plan Width": 23, "Filter": "(((country_code)::text <> '[pl]'::text) AND (((name)::text ~~ '%Film%'::text) OR ((name)::text ~~ '%Warner%'::text)))"}]}]}, {"Node Type": "Materialize", "Parent Relationship": "Inner", "Startup Cost": 20000000000.0, "Total Cost": 1257503175328.76, "Plan Rows": 19, "Plan Width": 29, "Plans": [{"Node Type": "Merge Join", "Parent Relationship": "Outer", "Join Type": "Inner", "Startup Cost": 20000000000.0, "Total Cost": 1257503175328.72, "Plan Rows": 19, "Plan Width": 29, "Inner Unique": true, "Merge Cond": "(ml.movie_id = t.id)", "Plans": [{"Node Type": "Index Scan", "Parent Relationship": "Outer", "Scan Direction": "Forward", "Index Name": "movie_id_movie_link", "Relation Name": "movie_link", "Alias": "ml", "Startup Cost": 10000000000.0, "Total Cost": 1000000106202.37, "Plan Rows": 29996, "Plan Width": 8}, {"Node Type": "Materialize", "Parent Relationship": "Inner", "Startup Cost": 10000000000.0, "Total Cost": 1000012276204.42, "Plan Rows": 4, "Plan Width": 21, "Plans": [{"Node Type": "Index Scan", "Parent Relationship": "Outer", "Scan Direction": "Forward", "Index Name": "title_pkey", "Relation Name": "title", "Alias": "t", "Startup Cost": 10000000000.0, "Total Cost": 1000012276204.41, "Plan Rows": 4, "Plan Width": 21, "Filter": "(((title)::text ~~ '%Money%'::text) AND (production_year = 1998))"}]}]}]}]}]}]}, {"Node Type": "Index Scan", "Parent Relationship": "Inner", "Scan Direction": "Forward", "Index Name": "link_type_pkey", "Relation Name": "link_type", "Alias": "lt", "Startup Cost": 10000000000.0, "Total Cost": 1000000001254.75, "Plan Rows": 1, "Plan Width": 16, "Filter": "((link)::text ~~ '%follows%'::text)"}]}]}, "Unique SQL Id": 4121279504}, "explain_analyze_plan": null}, "(64, 32)": {"explain_plan": {"Plan": {"Node Type": "Aggregate", "Strategy": "Plain", "Startup Cost": 2581.34, "Total Cost": 2581.35, "Plan Rows": 1, "Plan Width": 144, "Plans": [{"Node Type": "Nested Loop", "Parent Relationship": "Outer", "Join Type": "Inner", "Startup Cost": 4.51, "Total Cost": 2581.33, "Plan Rows": 1, "Plan Width": 48, "Inner Unique": true, "Plans": [{"Node Type": "Nested Loop", "Parent Relationship": "Outer", "Join Type": "Inner", "Startup Cost": 4.51, "Total Cost": 2581.05, "Plan Rows": 1, "Plan Width": 40, "Inner Unique": false, "Join Filter": "(t.id = ml.movie_id)", "Plans": [{"Node Type": "Nested Loop", "Parent Relationship": "Outer", "Join Type": "Inner", "Startup Cost": 4.51, "Total Cost": 2580.63, "Plan Rows": 1, "Plan Width": 48, "Inner Unique": true, "Plans": [{"Node Type": "Nested Loop", "Parent Relationship": "Outer", "Join Type": "Inner", "Startup Cost": 4.51, "Total Cost": 2580.35, "Plan Rows": 1, "Plan Width": 52, "Inner Unique": true, "Plans": [{"Node Type": "Nested Loop", "Parent Relationship": "Outer", "Join Type": "Inner", "Startup Cost": 4.51, "Total Cost": 2580.05, "Plan Rows": 1, "Plan Width": 37, "Inner Unique": false, "Join Filter": "(t.id = mc.movie_id)", "Plans": [{"Node Type": "Nested Loop", "Parent Relationship": "Outer", "Join Type": "Inner", "Startup Cost": 4.51, "Total Cost": 2579.71, "Plan Rows": 1, "Plan Width": 25, "Inner Unique": true, "Plans": [{"Node Type": "Nested Loop", "Parent Relationship": "Outer", "Join Type": "Inner", "Startup Cost": 4.51, "Total Cost": 2569.02, "Plan Rows": 33, "Plan Width": 4, "Inner Unique": false, "Plans": [{"Node Type": "Seq Scan", "Parent Relationship": "Outer", "Relation Name": "keyword", "Alias": "k", "Startup Cost": 0.0, "Total Cost": 2436.11, "Plan Rows": 1, "Plan Width": 4, "Filter": "((keyword)::text = 'sequel'::text)"}, {"Node Type": "Bitmap Heap Scan", "Parent Relationship": "Inner", "Relation Name": "movie_keyword", "Alias": "mk", "Startup Cost": 4.51, "Total Cost": 132.58, "Plan Rows": 33, "Plan Width": 8, "Recheck Cond": "(keyword_id = k.id)", "Plans": [{"Node Type": "Bitmap Index Scan", "Parent Relationship": "Outer", "Index Name": "keyword_id_movie_keyword", "Startup Cost": 0.0, "Total Cost": 4.5, "Plan Rows": 33, "Plan Width": 0, "Index Cond": "(keyword_id = k.id)"}]}]}, {"Node Type": "Index Scan", "Parent Relationship": "Inner", "Scan Direction": "Forward", "Index Name": "title_pkey", "Relation Name": "title", "Alias": "t", "Startup Cost": 0.0, "Total Cost": 0.31, "Plan Rows": 1, "Plan Width": 21, "Index Cond": "(id = mk.movie_id)", "Filter": "(((title)::text ~~ '%Money%'::text) AND (production_year = 1998))"}]}, {"Node Type": "Index Scan", "Parent Relationship": "Inner", "Scan Direction": "Forward", "Index Name": "movie_id_movie_companies", "Relation Name": "movie_companies", "Alias": "mc", "Startup Cost": 0.0, "Total Cost": 0.31, "Plan Rows": 2, "Plan Width": 12, "Index Cond": "(movie_id = mk.movie_id)", "Filter": "(note IS NULL)"}]}, {"Node Type": "Index Scan", "Parent Relationship": "Inner", "Scan Direction": "Forward", "Index Name": "company_name_pkey", "Relation Name": "company_name", "Alias": "cn", "Startup Cost": 0.0, "Total Cost": 0.29, "Plan Rows": 1, "Plan Width": 23, "Index Cond": "(id = mc.company_id)", "Filter": "(((country_code)::text <> '[pl]'::text) AND (((name)::text ~~ '%Film%'::text) OR ((name)::text ~~ '%Warner%'::text)))"}]}, {"Node Type": "Index Scan", "Parent Relationship": "Inner", "Scan Direction": "Forward", "Index Name": "company_type_pkey", "Relation Name": "company_type", "Alias": "ct", "Startup Cost": 0.0, "Total Cost": 0.27, "Plan Rows": 1, "Plan Width": 4, "Index Cond": "(id = mc.company_type_id)", "Filter": "((kind)::text = 'production companies'::text)"}]}, {"Node Type": "Index Scan", "Parent Relationship": "Inner", "Scan Direction": "Forward", "Index Name": "movie_id_movie_link", "Relation Name": "movie_link", "Alias": "ml", "Startup Cost": 0.0, "Total Cost": 0.35, "Plan Rows": 5, "Plan Width": 8, "Index Cond": "(movie_id = mk.movie_id)"}]}, {"Node Type": "Index Scan", "Parent Relationship": "Inner", "Scan Direction": "Forward", "Index Name": "link_type_pkey", "Relation Name": "link_type", "Alias": "lt", "Startup Cost": 0.0, "Total Cost": 0.27, "Plan Rows": 1, "Plan Width": 16, "Index Cond": "(id = ml.link_type_id)", "Filter": "((link)::text ~~ '%follows%'::text)"}]}]}, "Unique SQL Id": 4121279504}, "explain_analyze_plan": {"Plan": {"Node Type": "Aggregate", "Strategy": "Plain", "Startup Cost": 2581.34, "Total Cost": 2581.35, "Plan Rows": 1, "Plan Width": 144, "Actual Startup Time": 123.557, "Actual Total Time": 123.557, "Actual Rows": 1, "Actual Loops": 1, "Plans": [{"Node Type": "Nested Loop", "Parent Relationship": "Outer", "Join Type": "Inner", "Startup Cost": 4.51, "Total Cost": 2581.33, "Plan Rows": 1, "Plan Width": 48, "Actual Startup Time": 123.547, "Actual Total Time": 123.547, "Actual Rows": 0, "Actual Loops": 1, "Inner Unique": true, "Plans": [{"Node Type": "Nested Loop", "Parent Relationship": "Outer", "Join Type": "Inner", "Startup Cost": 4.51, "Total Cost": 2581.05, "Plan Rows": 1, "Plan Width": 40, "Actual Startup Time": 5.886, "Actual Total Time": 123.447, "Actual Rows": 38, "Actual Loops": 1, "Inner Unique": false, "Join Filter": "(t.id = ml.movie_id)", "Rows Removed by Join Filter": 0, "Plans": [{"Node Type": "Nested Loop", "Parent Relationship": "Outer", "Join Type": "Inner", "Startup Cost": 4.51, "Total Cost": 2580.63, "Plan Rows": 1, "Plan Width": 48, "Actual Startup Time": 5.866, "Actual Total Time": 123.392, "Actual Rows": 2, "Actual Loops": 1, "Inner Unique": true, "Plans": [{"Node Type": "Nested Loop", "Parent Relationship": "Outer", "Join Type": "Inner", "Startup Cost": 4.51, "Total Cost": 2580.35, "Plan Rows": 1, "Plan Width": 52, "Actual Startup Time": 5.855, "Actual Total Time": 123.377, "Actual Rows": 2, "Actual Loops": 1, "Inner Unique": true, "Plans": [{"Node Type": "Nested Loop", "Parent Relationship": "Outer", "Join Type": "Inner", "Startup Cost": 4.51, "Total Cost": 2580.05, "Plan Rows": 1, "Plan Width": 37, "Actual Startup Time": 5.834, "Actual Total Time": 123.335, "Actual Rows": 3, "Actual Loops": 1, "Inner Unique": false, "Join Filter": "(t.id = mc.movie_id)", "Rows Removed by Join Filter": 0, "Plans": [{"Node Type": "Nested Loop", "Parent Relationship": "Outer", "Join Type": "Inner", "Startup Cost": 4.51, "Total Cost": 2579.71, "Plan Rows": 1, "Plan Width": 25, "Actual Startup Time": 5.809, "Actual Total Time": 123.305, "Actual Rows": 1, "Actual Loops": 1, "Inner Unique": true, "Plans": [{"Node Type": "Nested Loop", "Parent Relationship": "Outer", "Join Type": "Inner", "Startup Cost": 4.51, "Total Cost": 2569.02, "Plan Rows": 33, "Plan Width": 4, "Actual Startup Time": 5.443, "Actual Total Time": 62.982, "Actual Rows": 10544, "Actual Loops": 1, "Inner Unique": false, "Plans": [{"Node Type": "Seq Scan", "Parent Relationship": "Outer", "Relation Name": "keyword", "Alias": "k", "Startup Cost": 0.0, "Total Cost": 2436.11, "Plan Rows": 1, "Plan Width": 4, "Actual Startup Time": 2.358, "Actual Total Time": 41.641, "Actual Rows": 1, "Actual Loops": 1, "Filter": "((keyword)::text = 'sequel'::text)", "Rows Removed by Filter": 134168}, {"Node Type": "Bitmap Heap Scan", "Parent Relationship": "Inner", "Relation Name": "movie_keyword", "Alias": "mk", "Startup Cost": 4.51, "Total Cost": 132.58, "Plan Rows": 33, "Plan Width": 8, "Actual Startup Time": 3.074, "Actual Total Time": 19.121, "Actual Rows": 10544, "Actual Loops": 1, "Recheck Cond": "(keyword_id = k.id)", "Rows Removed by Index Recheck": 0, "Exact Heap Blocks": 5090, "Lossy Heap Blocks": 5090, "Plans": [{"Node Type": "Bitmap Index Scan", "Parent Relationship": "Outer", "Index Name": "keyword_id_movie_keyword", "Startup Cost": 0.0, "Total Cost": 4.5, "Plan Rows": 33, "Plan Width": 0, "Actual Startup Time": 2.162, "Actual Total Time": 2.162, "Actual Rows": 10544, "Actual Loops": 1, "Index Cond": "(keyword_id = k.id)"}]}]}, {"Node Type": "Index Scan", "Parent Relationship": "Inner", "Scan Direction": "Forward", "Index Name": "title_pkey", "Relation Name": "title", "Alias": "t", "Startup Cost": 0.0, "Total Cost": 0.31, "Plan Rows": 1, "Plan Width": 21, "Actual Startup Time": 54.966, "Actual Total Time": 54.966, "Actual Rows": 1, "Actual Loops": 10544, "Index Cond": "(id = mk.movie_id)", "Rows Removed by Index Recheck": 0, "Filter": "(((title)::text ~~ '%Money%'::text) AND (production_year = 1998))", "Rows Removed by Filter": 10543}]}, {"Node Type": "Index Scan", "Parent Relationship": "Inner", "Scan Direction": "Forward", "Index Name": "movie_id_movie_companies", "Relation Name": "movie_companies", "Alias": "mc", "Startup Cost": 0.0, "Total Cost": 0.31, "Plan Rows": 2, "Plan Width": 12, "Actual Startup Time": 0.019, "Actual Total Time": 0.022, "Actual Rows": 3, "Actual Loops": 1, "Index Cond": "(movie_id = mk.movie_id)", "Rows Removed by Index Recheck": 0, "Filter": "(note IS NULL)", "Rows Removed by Filter": 1}]}, {"Node Type": "Index Scan", "Parent Relationship": "Inner", "Scan Direction": "Forward", "Index Name": "company_name_pkey", "Relation Name": "company_name", "Alias": "cn", "Startup Cost": 0.0, "Total Cost": 0.29, "Plan Rows": 1, "Plan Width": 23, "Actual Startup Time": 0.037, "Actual Total Time": 0.037, "Actual Rows": 2, "Actual Loops": 3, "Index Cond": "(id = mc.company_id)", "Rows Removed by Index Recheck": 0, "Filter": "(((country_code)::text <> '[pl]'::text) AND (((name)::text ~~ '%Film%'::text) OR ((name)::text ~~ '%Warner%'::text)))", "Rows Removed by Filter": 1}]}, {"Node Type": "Index Scan", "Parent Relationship": "Inner", "Scan Direction": "Forward", "Index Name": "company_type_pkey", "Relation Name": "company_type", "Alias": "ct", "Startup Cost": 0.0, "Total Cost": 0.27, "Plan Rows": 1, "Plan Width": 4, "Actual Startup Time": 0.011, "Actual Total Time": 0.011, "Actual Rows": 2, "Actual Loops": 2, "Index Cond": "(id = mc.company_type_id)", "Rows Removed by Index Recheck": 0, "Filter": "((kind)::text = 'production companies'::text)", "Rows Removed by Filter": 0}]}, {"Node Type": "Index Scan", "Parent Relationship": "Inner", "Scan Direction": "Forward", "Index Name": "movie_id_movie_link", "Relation Name": "movie_link", "Alias": "ml", "Startup Cost": 0.0, "Total Cost": 0.35, "Plan Rows": 5, "Plan Width": 8, "Actual Startup Time": 0.016, "Actual Total Time": 0.029, "Actual Rows": 38, "Actual Loops": 2, "Index Cond": "(movie_id = mk.movie_id)", "Rows Removed by Index Recheck": 0}]}, {"Node Type": "Index Scan", "Parent Relationship": "Inner", "Scan Direction": "Forward", "Index Name": "link_type_pkey", "Relation Name": "link_type", "Alias": "lt", "Startup Cost": 0.0, "Total Cost": 0.27, "Plan Rows": 1, "Plan Width": 16, "Actual Startup Time": 0.076, "Actual Total Time": 0.076, "Actual Rows": 0, "Actual Loops": 38, "Index Cond": "(id = ml.link_type_id)", "Rows Removed by Index Recheck": 0, "Filter": "((link)::text ~~ '%follows%'::text)", "Rows Removed by Filter": 24}]}]}, "Triggers": [], "Planner Runtime": 80.823, "Total Runtime": 124.133, "Unique SQL Id": 4121279504}}, "(64, 33)": {"explain_plan": {"Plan": {"Node Type": "Aggregate", "Strategy": "Plain", "Startup Cost": 3327.94, "Total Cost": 3327.95, "Plan Rows": 1, "Plan Width": 144, "Plans": [{"Node Type": "Nested Loop", "Parent Relationship": "Outer", "Join Type": "Inner", "Startup Cost": 4.51, "Total Cost": 3327.93, "Plan Rows": 1, "Plan Width": 48, "Inner Unique": true, "Plans": [{"Node Type": "Nested Loop", "Parent Relationship": "Outer", "Join Type": "Inner", "Startup Cost": 4.51, "Total Cost": 3327.65, "Plan Rows": 1, "Plan Width": 40, "Inner Unique": false, "Join Filter": "(t.id = ml.movie_id)", "Plans": [{"Node Type": "Nested Loop", "Parent Relationship": "Outer", "Join Type": "Inner", "Startup Cost": 4.51, "Total Cost": 3327.24, "Plan Rows": 1, "Plan Width": 48, "Inner Unique": true, "Plans": [{"Node Type": "Nested Loop", "Parent Relationship": "Outer", "Join Type": "Inner", "Startup Cost": 4.51, "Total Cost": 3326.95, "Plan Rows": 1, "Plan Width": 52, "Inner Unique": true, "Plans": [{"Node Type": "Nested Loop", "Parent Relationship": "Outer", "Join Type": "Inner", "Startup Cost": 4.51, "Total Cost": 3326.66, "Plan Rows": 1, "Plan Width": 37, "Inner Unique": false, "Join Filter": "(t.id = mc.movie_id)", "Plans": [{"Node Type": "Nested Loop", "Parent Relationship": "Outer", "Join Type": "Inner", "Startup Cost": 4.51, "Total Cost": 3326.32, "Plan Rows": 1, "Plan Width": 25, "Inner Unique": true, "Plans": [{"Node Type": "Nested Loop", "Parent Relationship": "Outer", "Join Type": "Inner", "Startup Cost": 4.51, "Total Cost": 3315.63, "Plan Rows": 33, "Plan Width": 4, "Inner Unique": false, "Plans": [{"Node Type": "Index Scan", "Parent Relationship": "Outer", "Scan Direction": "Forward", "Index Name": "keyword_pkey", "Relation Name": "keyword", "Alias": "k", "Startup Cost": 0.0, "Total Cost": 3182.72, "Plan Rows": 1, "Plan Width": 4, "Filter": "((keyword)::text = 'sequel'::text)"}, {"Node Type": "Bitmap Heap Scan", "Parent Relationship": "Inner", "Relation Name": "movie_keyword", "Alias": "mk", "Startup Cost": 4.51, "Total Cost": 132.58, "Plan Rows": 33, "Plan Width": 8, "Recheck Cond": "(keyword_id = k.id)", "Plans": [{"Node Type": "Bitmap Index Scan", "Parent Relationship": "Outer", "Index Name": "keyword_id_movie_keyword", "Startup Cost": 0.0, "Total Cost": 4.5, "Plan Rows": 33, "Plan Width": 0, "Index Cond": "(keyword_id = k.id)"}]}]}, {"Node Type": "Index Scan", "Parent Relationship": "Inner", "Scan Direction": "Forward", "Index Name": "title_pkey", "Relation Name": "title", "Alias": "t", "Startup Cost": 0.0, "Total Cost": 0.31, "Plan Rows": 1, "Plan Width": 21, "Index Cond": "(id = mk.movie_id)", "Filter": "(((title)::text ~~ '%Money%'::text) AND (production_year = 1998))"}]}, {"Node Type": "Index Scan", "Parent Relationship": "Inner", "Scan Direction": "Forward", "Index Name": "movie_id_movie_companies", "Relation Name": "movie_companies", "Alias": "mc", "Startup Cost": 0.0, "Total Cost": 0.31, "Plan Rows": 2, "Plan Width": 12, "Index Cond": "(movie_id = mk.movie_id)", "Filter": "(note IS NULL)"}]}, {"Node Type": "Index Scan", "Parent Relationship": "Inner", "Scan Direction": "Forward", "Index Name": "company_name_pkey", "Relation Name": "company_name", "Alias": "cn", "Startup Cost": 0.0, "Total Cost": 0.29, "Plan Rows": 1, "Plan Width": 23, "Index Cond": "(id = mc.company_id)", "Filter": "(((country_code)::text <> '[pl]'::text) AND (((name)::text ~~ '%Film%'::text) OR ((name)::text ~~ '%Warner%'::text)))"}]}, {"Node Type": "Index Scan", "Parent Relationship": "Inner", "Scan Direction": "Forward", "Index Name": "company_type_pkey", "Relation Name": "company_type", "Alias": "ct", "Startup Cost": 0.0, "Total Cost": 0.27, "Plan Rows": 1, "Plan Width": 4, "Index Cond": "(id = mc.company_type_id)", "Filter": "((kind)::text = 'production companies'::text)"}]}, {"Node Type": "Index Scan", "Parent Relationship": "Inner", "Scan Direction": "Forward", "Index Name": "movie_id_movie_link", "Relation Name": "movie_link", "Alias": "ml", "Startup Cost": 0.0, "Total Cost": 0.35, "Plan Rows": 5, "Plan Width": 8, "Index Cond": "(movie_id = mk.movie_id)"}]}, {"Node Type": "Index Scan", "Parent Relationship": "Inner", "Scan Direction": "Forward", "Index Name": "link_type_pkey", "Relation Name": "link_type", "Alias": "lt", "Startup Cost": 0.0, "Total Cost": 0.27, "Plan Rows": 1, "Plan Width": 16, "Index Cond": "(id = ml.link_type_id)", "Filter": "((link)::text ~~ '%follows%'::text)"}]}]}, "Unique SQL Id": 4121279504}, "explain_analyze_plan": {"Plan": {"Node Type": "Aggregate", "Strategy": "Plain", "Startup Cost": 3327.94, "Total Cost": 3327.95, "Plan Rows": 1, "Plan Width": 144, "Actual Startup Time": 206.836, "Actual Total Time": 206.836, "Actual Rows": 1, "Actual Loops": 1, "Plans": [{"Node Type": "Nested Loop", "Parent Relationship": "Outer", "Join Type": "Inner", "Startup Cost": 4.51, "Total Cost": 3327.93, "Plan Rows": 1, "Plan Width": 48, "Actual Startup Time": 206.83, "Actual Total Time": 206.83, "Actual Rows": 0, "Actual Loops": 1, "Inner Unique": true, "Plans": [{"Node Type": "Nested Loop", "Parent Relationship": "Outer", "Join Type": "Inner", "Startup Cost": 4.51, "Total Cost": 3327.65, "Plan Rows": 1, "Plan Width": 40, "Actual Startup Time": 4.134, "Actual Total Time": 206.74, "Actual Rows": 38, "Actual Loops": 1, "Inner Unique": false, "Join Filter": "(t.id = ml.movie_id)", "Rows Removed by Join Filter": 0, "Plans": [{"Node Type": "Nested Loop", "Parent Relationship": "Outer", "Join Type": "Inner", "Startup Cost": 4.51, "Total Cost": 3327.24, "Plan Rows": 1, "Plan Width": 48, "Actual Startup Time": 4.119, "Actual Total Time": 206.686, "Actual Rows": 2, "Actual Loops": 1, "Inner Unique": true, "Plans": [{"Node Type": "Nested Loop", "Parent Relationship": "Outer", "Join Type": "Inner", "Startup Cost": 4.51, "Total Cost": 3326.95, "Plan Rows": 1, "Plan Width": 52, "Actual Startup Time": 4.11, "Actual Total Time": 206.673, "Actual Rows": 2, "Actual Loops": 1, "Inner Unique": true, "Plans": [{"Node Type": "Nested Loop", "Parent Relationship": "Outer", "Join Type": "Inner", "Startup Cost": 4.51, "Total Cost": 3326.66, "Plan Rows": 1, "Plan Width": 37, "Actual Startup Time": 4.093, "Actual Total Time": 206.639, "Actual Rows": 3, "Actual Loops": 1, "Inner Unique": false, "Join Filter": "(t.id = mc.movie_id)", "Rows Removed by Join Filter": 0, "Plans": [{"Node Type": "Nested Loop", "Parent Relationship": "Outer", "Join Type": "Inner", "Startup Cost": 4.51, "Total Cost": 3326.32, "Plan Rows": 1, "Plan Width": 25, "Actual Startup Time": 4.075, "Actual Total Time": 206.617, "Actual Rows": 1, "Actual Loops": 1, "Inner Unique": true, "Plans": [{"Node Type": "Nested Loop", "Parent Relationship": "Outer", "Join Type": "Inner", "Startup Cost": 4.51, "Total Cost": 3315.63, "Plan Rows": 33, "Plan Width": 4, "Actual Startup Time": 3.756, "Actual Total Time": 147.383, "Actual Rows": 10544, "Actual Loops": 1, "Inner Unique": false, "Plans": [{"Node Type": "Index Scan", "Parent Relationship": "Outer", "Scan Direction": "Forward", "Index Name": "keyword_pkey", "Relation Name": "keyword", "Alias": "k", "Startup Cost": 0.0, "Total Cost": 3182.72, "Plan Rows": 1, "Plan Width": 4, "Actual Startup Time": 0.512, "Actual Total Time": 126.311, "Actual Rows": 1, "Actual Loops": 1, "Filter": "((keyword)::text = 'sequel'::text)", "Rows Removed by Filter": 134168}, {"Node Type": "Bitmap Heap Scan", "Parent Relationship": "Inner", "Relation Name": "movie_keyword", "Alias": "mk", "Startup Cost": 4.51, "Total Cost": 132.58, "Plan Rows": 33, "Plan Width": 8, "Actual Startup Time": 3.236, "Actual Total Time": 18.868, "Actual Rows": 10544, "Actual Loops": 1, "Recheck Cond": "(keyword_id = k.id)", "Rows Removed by Index Recheck": 0, "Exact Heap Blocks": 5090, "Lossy Heap Blocks": 5090, "Plans": [{"Node Type": "Bitmap Index Scan", "Parent Relationship": "Outer", "Index Name": "keyword_id_movie_keyword", "Startup Cost": 0.0, "Total Cost": 4.5, "Plan Rows": 33, "Plan Width": 0, "Actual Startup Time": 2.291, "Actual Total Time": 2.291, "Actual Rows": 10544, "Actual Loops": 1, "Index Cond": "(keyword_id = k.id)"}]}]}, {"Node Type": "Index Scan", "Parent Relationship": "Inner", "Scan Direction": "Forward", "Index Name": "title_pkey", "Relation Name": "title", "Alias": "t", "Startup Cost": 0.0, "Total Cost": 0.31, "Plan Rows": 1, "Plan Width": 21, "Actual Startup Time": 53.865, "Actual Total Time": 53.865, "Actual Rows": 1, "Actual Loops": 10544, "Index Cond": "(id = mk.movie_id)", "Rows Removed by Index Recheck": 0, "Filter": "(((title)::text ~~ '%Money%'::text) AND (production_year = 1998))", "Rows Removed by Filter": 10543}]}, {"Node Type": "Index Scan", "Parent Relationship": "Inner", "Scan Direction": "Forward", "Index Name": "movie_id_movie_companies", "Relation Name": "movie_companies", "Alias": "mc", "Startup Cost": 0.0, "Total Cost": 0.31, "Plan Rows": 2, "Plan Width": 12, "Actual Startup Time": 0.015, "Actual Total Time": 0.018, "Actual Rows": 3, "Actual Loops": 1, "Index Cond": "(movie_id = mk.movie_id)", "Rows Removed by Index Recheck": 0, "Filter": "(note IS NULL)", "Rows Removed by Filter": 1}]}, {"Node Type": "Index Scan", "Parent Relationship": "Inner", "Scan Direction": "Forward", "Index Name": "company_name_pkey", "Relation Name": "company_name", "Alias": "cn", "Startup Cost": 0.0, "Total Cost": 0.29, "Plan Rows": 1, "Plan Width": 23, "Actual Startup Time": 0.028, "Actual Total Time": 0.028, "Actual Rows": 2, "Actual Loops": 3, "Index Cond": "(id = mc.company_id)", "Rows Removed by Index Recheck": 0, "Filter": "(((country_code)::text <> '[pl]'::text) AND (((name)::text ~~ '%Film%'::text) OR ((name)::text ~~ '%Warner%'::text)))", "Rows Removed by Filter": 1}]}, {"Node Type": "Index Scan", "Parent Relationship": "Inner", "Scan Direction": "Forward", "Index Name": "company_type_pkey", "Relation Name": "company_type", "Alias": "ct", "Startup Cost": 0.0, "Total Cost": 0.27, "Plan Rows": 1, "Plan Width": 4, "Actual Startup Time": 0.009, "Actual Total Time": 0.009, "Actual Rows": 2, "Actual Loops": 2, "Index Cond": "(id = mc.company_type_id)", "Rows Removed by Index Recheck": 0, "Filter": "((kind)::text = 'production companies'::text)", "Rows Removed by Filter": 0}]}, {"Node Type": "Index Scan", "Parent Relationship": "Inner", "Scan Direction": "Forward", "Index Name": "movie_id_movie_link", "Relation Name": "movie_link", "Alias": "ml", "Startup Cost": 0.0, "Total Cost": 0.35, "Plan Rows": 5, "Plan Width": 8, "Actual Startup Time": 0.013, "Actual Total Time": 0.03, "Actual Rows": 38, "Actual Loops": 2, "Index Cond": "(movie_id = mk.movie_id)", "Rows Removed by Index Recheck": 0}]}, {"Node Type": "Index Scan", "Parent Relationship": "Inner", "Scan Direction": "Forward", "Index Name": "link_type_pkey", "Relation Name": "link_type", "Alias": "lt", "Startup Cost": 0.0, "Total Cost": 0.27, "Plan Rows": 1, "Plan Width": 16, "Actual Startup Time": 0.072, "Actual Total Time": 0.072, "Actual Rows": 0, "Actual Loops": 38, "Index Cond": "(id = ml.link_type_id)", "Rows Removed by Index Recheck": 0, "Filter": "((link)::text ~~ '%follows%'::text)", "Rows Removed by Filter": 24}]}]}, "Triggers": [], "Planner Runtime": 70.618, "Total Runtime": 207.306, "Unique SQL Id": 4121279504}}, "(64, 34)": {"explain_plan": {"Plan": {"Node Type": "Aggregate", "Strategy": "Plain", "Startup Cost": 2726.02, "Total Cost": 2726.03, "Plan Rows": 1, "Plan Width": 144, "Plans": [{"Node Type": "Nested Loop", "Parent Relationship": "Outer", "Join Type": "Inner", "Startup Cost": 5.59, "Total Cost": 2726.01, "Plan Rows": 1, "Plan Width": 48, "Inner Unique": true, "Join Filter": "(ml.link_type_id = lt.id)", "Plans": [{"Node Type": "Nested Loop", "Parent Relationship": "Outer", "Join Type": "Inner", "Startup Cost": 5.59, "Total Cost": 2724.78, "Plan Rows": 1, "Plan Width": 40, "Inner Unique": false, "Join Filter": "(t.id = ml.movie_id)", "Plans": [{"Node Type": "Nested Loop", "Parent Relationship": "Outer", "Join Type": "Inner", "Startup Cost": 5.3, "Total Cost": 2720.37, "Plan Rows": 1, "Plan Width": 48, "Inner Unique": true, "Join Filter": "(mc.company_type_id = ct.id)", "Plans": [{"Node Type": "Nested Loop", "Parent Relationship": "Outer", "Join Type": "Inner", "Startup Cost": 5.3, "Total Cost": 2719.32, "Plan Rows": 1, "Plan Width": 52, "Inner Unique": true, "Plans": [{"Node Type": "Nested Loop", "Parent Relationship": "Outer", "Join Type": "Inner", "Startup Cost": 5.05, "Total Cost": 2715.03, "Plan Rows": 1, "Plan Width": 37, "Inner Unique": false, "Join Filter": "(t.id = mc.movie_id)", "Plans": [{"Node Type": "Nested Loop", "Parent Relationship": "Outer", "Join Type": "Inner", "Startup Cost": 4.77, "Total Cost": 2710.71, "Plan Rows": 1, "Plan Width": 25, "Inner Unique": true, "Plans": [{"Node Type": "Nested Loop", "Parent Relationship": "Outer", "Join Type": "Inner", "Startup Cost": 4.51, "Total Cost": 2569.02, "Plan Rows": 33, "Plan Width": 4, "Inner Unique": false, "Plans": [{"Node Type": "Seq Scan", "Parent Relationship": "Outer", "Relation Name": "keyword", "Alias": "k", "Startup Cost": 0.0, "Total Cost": 2436.11, "Plan Rows": 1, "Plan Width": 4, "Filter": "((keyword)::text = 'sequel'::text)"}, {"Node Type": "Bitmap Heap Scan", "Parent Relationship": "Inner", "Relation Name": "movie_keyword", "Alias": "mk", "Startup Cost": 4.51, "Total Cost": 132.58, "Plan Rows": 33, "Plan Width": 8, "Recheck Cond": "(keyword_id = k.id)", "Plans": [{"Node Type": "Bitmap Index Scan", "Parent Relationship": "Outer", "Index Name": "keyword_id_movie_keyword", "Startup Cost": 0.0, "Total Cost": 4.5, "Plan Rows": 33, "Plan Width": 0, "Index Cond": "(keyword_id = k.id)"}]}]}, {"Node Type": "Bitmap Heap Scan", "Parent Relationship": "Inner", "Relation Name": "title", "Alias": "t", "Startup Cost": 0.27, "Total Cost": 4.28, "Plan Rows": 1, "Plan Width": 21, "Recheck Cond": "(id = mk.movie_id)", "Filter": "(((title)::text ~~ '%Money%'::text) AND (production_year = 1998))", "Plans": [{"Node Type": "Bitmap Index Scan", "Parent Relationship": "Outer", "Index Name": "title_pkey", "Startup Cost": 0.0, "Total Cost": 0.27, "Plan Rows": 1, "Plan Width": 0, "Index Cond": "(id = mk.movie_id)"}]}]}, {"Node Type": "Bitmap Heap Scan", "Parent Relationship": "Inner", "Relation Name": "movie_companies", "Alias": "mc", "Startup Cost": 0.27, "Total Cost": 4.3, "Plan Rows": 2, "Plan Width": 12, "Recheck Cond": "(movie_id = mk.movie_id)", "Filter": "(note IS NULL)", "Plans": [{"Node Type": "Bitmap Index Scan", "Parent Relationship": "Outer", "Index Name": "movie_id_movie_companies", "Startup Cost": 0.0, "Total Cost": 0.27, "Plan Rows": 2, "Plan Width": 0, "Index Cond": "(movie_id = mk.movie_id)"}]}]}, {"Node Type": "Bitmap Heap Scan", "Parent Relationship": "Inner", "Relation Name": "company_name", "Alias": "cn", "Startup Cost": 0.26, "Total Cost": 4.28, "Plan Rows": 1, "Plan Width": 23, "Recheck Cond": "(id = mc.company_id)", "Filter": "(((country_code)::text <> '[pl]'::text) AND (((name)::text ~~ '%Film%'::text) OR ((name)::text ~~ '%Warner%'::text)))", "Plans": [{"Node Type": "Bitmap Index Scan", "Parent Relationship": "Outer", "Index Name": "company_name_pkey", "Startup Cost": 0.0, "Total Cost": 0.26, "Plan Rows": 1, "Plan Width": 0, "Index Cond": "(id = mc.company_id)"}]}]}, {"Node Type": "Seq Scan", "Parent Relationship": "Inner", "Relation Name": "company_type", "Alias": "ct", "Startup Cost": 0.0, "Total Cost": 1.04, "Plan Rows": 1, "Plan Width": 4, "Filter": "((kind)::text = 'production companies'::text)"}]}, {"Node Type": "Bitmap Heap Scan", "Parent Relationship": "Inner", "Relation Name": "movie_link", "Alias": "ml", "Startup Cost": 0.29, "Total Cost": 4.35, "Plan Rows": 5, "Plan Width": 8, "Recheck Cond": "(movie_id = mk.movie_id)", "Plans": [{"Node Type": "Bitmap Index Scan", "Parent Relationship": "Outer", "Index Name": "movie_id_movie_link", "Startup Cost": 0.0, "Total Cost": 0.29, "Plan Rows": 5, "Plan Width": 0, "Index Cond": "(movie_id = mk.movie_id)"}]}]}, {"Node Type": "Seq Scan", "Parent Relationship": "Inner", "Relation Name": "link_type", "Alias": "lt", "Startup Cost": 0.0, "Total Cost": 1.21, "Plan Rows": 1, "Plan Width": 16, "Filter": "((link)::text ~~ '%follows%'::text)"}]}]}, "Unique SQL Id": 4121279504}, "explain_analyze_plan": {"Plan": {"Node Type": "Aggregate", "Strategy": "Plain", "Startup Cost": 2726.02, "Total Cost": 2726.03, "Plan Rows": 1, "Plan Width": 144, "Actual Startup Time": 139.861, "Actual Total Time": 139.862, "Actual Rows": 1, "Actual Loops": 1, "Plans": [{"Node Type": "Nested Loop", "Parent Relationship": "Outer", "Join Type": "Inner", "Startup Cost": 5.59, "Total Cost": 2726.01, "Plan Rows": 1, "Plan Width": 48, "Actual Startup Time": 139.85, "Actual Total Time": 139.85, "Actual Rows": 0, "Actual Loops": 1, "Inner Unique": true, "Join Filter": "(ml.link_type_id = lt.id)", "Rows Removed by Join Filter": 0, "Plans": [{"Node Type": "Nested Loop", "Parent Relationship": "Outer", "Join Type": "Inner", "Startup Cost": 5.59, "Total Cost": 2724.78, "Plan Rows": 1, "Plan Width": 40, "Actual Startup Time": 5.83, "Actual Total Time": 139.523, "Actual Rows": 38, "Actual Loops": 1, "Inner Unique": false, "Join Filter": "(t.id = ml.movie_id)", "Rows Removed by Join Filter": 0, "Plans": [{"Node Type": "Nested Loop", "Parent Relationship": "Outer", "Join Type": "Inner", "Startup Cost": 5.3, "Total Cost": 2720.37, "Plan Rows": 1, "Plan Width": 48, "Actual Startup Time": 5.81, "Actual Total Time": 139.475, "Actual Rows": 2, "Actual Loops": 1, "Inner Unique": true, "Join Filter": "(mc.company_type_id = ct.id)", "Rows Removed by Join Filter": 0, "Plans": [{"Node Type": "Nested Loop", "Parent Relationship": "Outer", "Join Type": "Inner", "Startup Cost": 5.3, "Total Cost": 2719.32, "Plan Rows": 1, "Plan Width": 52, "Actual Startup Time": 5.795, "Actual Total Time": 139.457, "Actual Rows": 2, "Actual Loops": 1, "Inner Unique": true, "Plans": [{"Node Type": "Nested Loop", "Parent Relationship": "Outer", "Join Type": "Inner", "Startup Cost": 5.05, "Total Cost": 2715.03, "Plan Rows": 1, "Plan Width": 37, "Actual Startup Time": 5.772, "Actual Total Time": 139.409, "Actual Rows": 3, "Actual Loops": 1, "Inner Unique": false, "Join Filter": "(t.id = mc.movie_id)", "Rows Removed by Join Filter": 0, "Plans": [{"Node Type": "Nested Loop", "Parent Relationship": "Outer", "Join Type": "Inner", "Startup Cost": 4.77, "Total Cost": 2710.71, "Plan Rows": 1, "Plan Width": 25, "Actual Startup Time": 5.729, "Actual Total Time": 139.363, "Actual Rows": 1, "Actual Loops": 1, "Inner Unique": true, "Plans": [{"Node Type": "Nested Loop", "Parent Relationship": "Outer", "Join Type": "Inner", "Startup Cost": 4.51, "Total Cost": 2569.02, "Plan Rows": 33, "Plan Width": 4, "Actual Startup Time": 5.307, "Actual Total Time": 62.033, "Actual Rows": 10544, "Actual Loops": 1, "Inner Unique": false, "Plans": [{"Node Type": "Seq Scan", "Parent Relationship": "Outer", "Relation Name": "keyword", "Alias": "k", "Startup Cost": 0.0, "Total Cost": 2436.11, "Plan Rows": 1, "Plan Width": 4, "Actual Startup Time": 2.376, "Actual Total Time": 41.622, "Actual Rows": 1, "Actual Loops": 1, "Filter": "((keyword)::text = 'sequel'::text)", "Rows Removed by Filter": 134168}, {"Node Type": "Bitmap Heap Scan", "Parent Relationship": "Inner", "Relation Name": "movie_keyword", "Alias": "mk", "Startup Cost": 4.51, "Total Cost": 132.58, "Plan Rows": 33, "Plan Width": 8, "Actual Startup Time": 2.922, "Actual Total Time": 18.246, "Actual Rows": 10544, "Actual Loops": 1, "Recheck Cond": "(keyword_id = k.id)", "Rows Removed by Index Recheck": 0, "Exact Heap Blocks": 5090, "Lossy Heap Blocks": 5090, "Plans": [{"Node Type": "Bitmap Index Scan", "Parent Relationship": "Outer", "Index Name": "keyword_id_movie_keyword", "Startup Cost": 0.0, "Total Cost": 4.5, "Plan Rows": 33, "Plan Width": 0, "Actual Startup Time": 1.992, "Actual Total Time": 1.992, "Actual Rows": 10544, "Actual Loops": 1, "Index Cond": "(keyword_id = k.id)"}]}]}, {"Node Type": "Bitmap Heap Scan", "Parent Relationship": "Inner", "Relation Name": "title", "Alias": "t", "Startup Cost": 0.27, "Total Cost": 4.28, "Plan Rows": 1, "Plan Width": 21, "Actual Startup Time": 65.637, "Actual Total Time": 65.637, "Actual Rows": 1, "Actual Loops": 10544, "Recheck Cond": "(id = mk.movie_id)", "Rows Removed by Index Recheck": 0, "Filter": "(((title)::text ~~ '%Money%'::text) AND (production_year = 1998))", "Rows Removed by Filter": 10543, "Exact Heap Blocks": 10544, "Lossy Heap Blocks": 10544, "Plans": [{"Node Type": "Bitmap Index Scan", "Parent Relationship": "Outer", "Index Name": "title_pkey", "Startup Cost": 0.0, "Total Cost": 0.27, "Plan Rows": 1, "Plan Width": 0, "Actual Startup Time": 31.501, "Actual Total Time": 31.501, "Actual Rows": 10544, "Actual Loops": 10544, "Index Cond": "(id = mk.movie_id)"}]}]}, {"Node Type": "Bitmap Heap Scan", "Parent Relationship": "Inner", "Relation Name": "movie_companies", "Alias": "mc", "Startup Cost": 0.27, "Total Cost": 4.3, "Plan Rows": 2, "Plan Width": 12, "Actual Startup Time": 0.035, "Actual Total Time": 0.036, "Actual Rows": 3, "Actual Loops": 1, "Recheck Cond": "(movie_id = mk.movie_id)", "Rows Removed by Index Recheck": 0, "Filter": "(note IS NULL)", "Rows Removed by Filter": 1, "Exact Heap Blocks": 2, "Lossy Heap Blocks": 2, "Plans": [{"Node Type": "Bitmap Index Scan", "Parent Relationship": "Outer", "Index Name": "movie_id_movie_companies", "Startup Cost": 0.0, "Total Cost": 0.27, "Plan Rows": 2, "Plan Width": 0, "Actual Startup Time": 0.011, "Actual Total Time": 0.011, "Actual Rows": 4, "Actual Loops": 1, "Index Cond": "(movie_id = mk.movie_id)"}]}]}, {"Node Type": "Bitmap Heap Scan", "Parent Relationship": "Inner", "Relation Name": "company_name", "Alias": "cn", "Startup Cost": 0.26, "Total Cost": 4.28, "Plan Rows": 1, "Plan Width": 23, "Actual Startup Time": 0.042, "Actual Total Time": 0.042, "Actual Rows": 2, "Actual Loops": 3, "Recheck Cond": "(id = mc.company_id)", "Rows Removed by Index Recheck": 0, "Filter": "(((country_code)::text <> '[pl]'::text) AND (((name)::text ~~ '%Film%'::text) OR ((name)::text ~~ '%Warner%'::text)))", "Rows Removed by Filter": 1, "Exact Heap Blocks": 3, "Lossy Heap Blocks": 3, "Plans": [{"Node Type": "Bitmap Index Scan", "Parent Relationship": "Outer", "Index Name": "company_name_pkey", "Startup Cost": 0.0, "Total Cost": 0.26, "Plan Rows": 1, "Plan Width": 0, "Actual Startup Time": 0.021, "Actual Total Time": 0.021, "Actual Rows": 3, "Actual Loops": 3, "Index Cond": "(id = mc.company_id)"}]}]}, {"Node Type": "Seq Scan", "Parent Relationship": "Inner", "Relation Name": "company_type", "Alias": "ct", "Startup Cost": 0.0, "Total Cost": 1.04, "Plan Rows": 1, "Plan Width": 4, "Actual Startup Time": 0.012, "Actual Total Time": 0.012, "Actual Rows": 2, "Actual Loops": 2, "Filter": "((kind)::text = 'production companies'::text)", "Rows Removed by Filter": 0}]}, {"Node Type": "Bitmap Heap Scan", "Parent Relationship": "Inner", "Relation Name": "movie_link", "Alias": "ml", "Startup Cost": 0.29, "Total Cost": 4.35, "Plan Rows": 5, "Plan Width": 8, "Actual Startup Time": 0.024, "Actual Total Time": 0.031, "Actual Rows": 38, "Actual Loops": 2, "Recheck Cond": "(movie_id = mk.movie_id)", "Rows Removed by Index Recheck": 0, "Exact Heap Blocks": 2, "Lossy Heap Blocks": 2, "Plans": [{"Node Type": "Bitmap Index Scan", "Parent Relationship": "Outer", "Index Name": "movie_id_movie_link", "Startup Cost": 0.0, "Total Cost": 0.29, "Plan Rows": 5, "Plan Width": 0, "Actual Startup Time": 0.012, "Actual Total Time": 0.012, "Actual Rows": 38, "Actual Loops": 2, "Index Cond": "(movie_id = mk.movie_id)"}]}]}, {"Node Type": "Seq Scan", "Parent Relationship": "Inner", "Relation Name": "link_type", "Alias": "lt", "Startup Cost": 0.0, "Total Cost": 1.21, "Plan Rows": 1, "Plan Width": 16, "Actual Startup Time": 0.292, "Actual Total Time": 0.292, "Actual Rows": 0, "Actual Loops": 38, "Filter": "((link)::text ~~ '%follows%'::text)", "Rows Removed by Filter": 646}]}]}, "Triggers": [], "Planner Runtime": 80.894, "Total Runtime": 140.522, "Unique SQL Id": 4121279504}}, "(64, 35)": {"explain_plan": {"Plan": {"Node Type": "Aggregate", "Strategy": "Plain", "Startup Cost": 3451.4, "Total Cost": 3451.41, "Plan Rows": 1, "Plan Width": 144, "Plans": [{"Node Type": "Nested Loop", "Parent Relationship": "Outer", "Join Type": "Inner", "Startup Cost": 725.2, "Total Cost": 3451.4, "Plan Rows": 1, "Plan Width": 48, "Inner Unique": true, "Plans": [{"Node Type": "Nested Loop", "Parent Relationship": "Outer", "Join Type": "Inner", "Startup Cost": 724.95, "Total Cost": 3447.11, "Plan Rows": 1, "Plan Width": 40, "Inner Unique": false, "Join Filter": "(t.id = ml.movie_id)", "Plans": [{"Node Type": "Nested Loop", "Parent Relationship": "Outer", "Join Type": "Inner", "Startup Cost": 724.66, "Total Cost": 3442.7, "Plan Rows": 1, "Plan Width": 48, "Inner Unique": true, "Plans": [{"Node Type": "Nested Loop", "Parent Relationship": "Outer", "Join Type": "Inner", "Startup Cost": 724.4, "Total Cost": 3438.42, "Plan Rows": 1, "Plan Width": 52, "Inner Unique": true, "Plans": [{"Node Type": "Nested Loop", "Parent Relationship": "Outer", "Join Type": "Inner", "Startup Cost": 724.14, "Total Cost": 3434.13, "Plan Rows": 1, "Plan Width": 37, "Inner Unique": false, "Join Filter": "(t.id = mc.movie_id)", "Plans": [{"Node Type": "Nested Loop", "Parent Relationship": "Outer", "Join Type": "Inner", "Startup Cost": 723.87, "Total Cost": 3429.8, "Plan Rows": 1, "Plan Width": 25, "Inner Unique": true, "Plans": [{"Node Type": "Nested Loop", "Parent Relationship": "Outer", "Join Type": "Inner", "Startup Cost": 723.6, "Total Cost": 3288.12, "Plan Rows": 33, "Plan Width": 4, "Inner Unique": false, "Plans": [{"Node Type": "Bitmap Heap Scan", "Parent Relationship": "Outer", "Relation Name": "keyword", "Alias": "k", "Startup Cost": 719.1, "Total Cost": 3155.21, "Plan Rows": 1, "Plan Width": 4, "Filter": "((keyword)::text = 'sequel'::text)", "Plans": [{"Node Type": "Bitmap Index Scan", "Parent Relationship": "Outer", "Index Name": "keyword_pkey", "Startup Cost": 0.0, "Total Cost": 719.1, "Plan Rows": 134169, "Plan Width": 0}]}, {"Node Type": "Bitmap Heap Scan", "Parent Relationship": "Inner", "Relation Name": "movie_keyword", "Alias": "mk", "Startup Cost": 4.51, "Total Cost": 132.58, "Plan Rows": 33, "Plan Width": 8, "Recheck Cond": "(keyword_id = k.id)", "Plans": [{"Node Type": "Bitmap Index Scan", "Parent Relationship": "Outer", "Index Name": "keyword_id_movie_keyword", "Startup Cost": 0.0, "Total Cost": 4.5, "Plan Rows": 33, "Plan Width": 0, "Index Cond": "(keyword_id = k.id)"}]}]}, {"Node Type": "Bitmap Heap Scan", "Parent Relationship": "Inner", "Relation Name": "title", "Alias": "t", "Startup Cost": 0.27, "Total Cost": 4.28, "Plan Rows": 1, "Plan Width": 21, "Recheck Cond": "(id = mk.movie_id)", "Filter": "(((title)::text ~~ '%Money%'::text) AND (production_year = 1998))", "Plans": [{"Node Type": "Bitmap Index Scan", "Parent Relationship": "Outer", "Index Name": "title_pkey", "Startup Cost": 0.0, "Total Cost": 0.27, "Plan Rows": 1, "Plan Width": 0, "Index Cond": "(id = mk.movie_id)"}]}]}, {"Node Type": "Bitmap Heap Scan", "Parent Relationship": "Inner", "Relation Name": "movie_companies", "Alias": "mc", "Startup Cost": 0.27, "Total Cost": 4.3, "Plan Rows": 2, "Plan Width": 12, "Recheck Cond": "(movie_id = mk.movie_id)", "Filter": "(note IS NULL)", "Plans": [{"Node Type": "Bitmap Index Scan", "Parent Relationship": "Outer", "Index Name": "movie_id_movie_companies", "Startup Cost": 0.0, "Total Cost": 0.27, "Plan Rows": 2, "Plan Width": 0, "Index Cond": "(movie_id = mk.movie_id)"}]}]}, {"Node Type": "Bitmap Heap Scan", "Parent Relationship": "Inner", "Relation Name": "company_name", "Alias": "cn", "Startup Cost": 0.26, "Total Cost": 4.28, "Plan Rows": 1, "Plan Width": 23, "Recheck Cond": "(id = mc.company_id)", "Filter": "(((country_code)::text <> '[pl]'::text) AND (((name)::text ~~ '%Film%'::text) OR ((name)::text ~~ '%Warner%'::text)))", "Plans": [{"Node Type": "Bitmap Index Scan", "Parent Relationship": "Outer", "Index Name": "company_name_pkey", "Startup Cost": 0.0, "Total Cost": 0.26, "Plan Rows": 1, "Plan Width": 0, "Index Cond": "(id = mc.company_id)"}]}]}, {"Node Type": "Bitmap Heap Scan", "Parent Relationship": "Inner", "Relation Name": "company_type", "Alias": "ct", "Startup Cost": 0.26, "Total Cost": 4.27, "Plan Rows": 1, "Plan Width": 4, "Recheck Cond": "(id = mc.company_type_id)", "Filter": "((kind)::text = 'production companies'::text)", "Plans": [{"Node Type": "Bitmap Index Scan", "Parent Relationship": "Outer", "Index Name": "company_type_pkey", "Startup Cost": 0.0, "Total Cost": 0.26, "Plan Rows": 1, "Plan Width": 0, "Index Cond": "(id = mc.company_type_id)"}]}]}, {"Node Type": "Bitmap Heap Scan", "Parent Relationship": "Inner", "Relation Name": "movie_link", "Alias": "ml", "Startup Cost": 0.29, "Total Cost": 4.35, "Plan Rows": 5, "Plan Width": 8, "Recheck Cond": "(movie_id = mk.movie_id)", "Plans": [{"Node Type": "Bitmap Index Scan", "Parent Relationship": "Outer", "Index Name": "movie_id_movie_link", "Startup Cost": 0.0, "Total Cost": 0.29, "Plan Rows": 5, "Plan Width": 0, "Index Cond": "(movie_id = mk.movie_id)"}]}]}, {"Node Type": "Bitmap Heap Scan", "Parent Relationship": "Inner", "Relation Name": "link_type", "Alias": "lt", "Startup Cost": 0.26, "Total Cost": 4.27, "Plan Rows": 1, "Plan Width": 16, "Recheck Cond": "(id = ml.link_type_id)", "Filter": "((link)::text ~~ '%follows%'::text)", "Plans": [{"Node Type": "Bitmap Index Scan", "Parent Relationship": "Outer", "Index Name": "link_type_pkey", "Startup Cost": 0.0, "Total Cost": 0.26, "Plan Rows": 1, "Plan Width": 0, "Index Cond": "(id = ml.link_type_id)"}]}]}]}, "Unique SQL Id": 4121279504}, "explain_analyze_plan": {"Plan": {"Node Type": "Aggregate", "Strategy": "Plain", "Startup Cost": 3451.4, "Total Cost": 3451.41, "Plan Rows": 1, "Plan Width": 144, "Actual Startup Time": 161.722, "Actual Total Time": 161.723, "Actual Rows": 1, "Actual Loops": 1, "Plans": [{"Node Type": "Nested Loop", "Parent Relationship": "Outer", "Join Type": "Inner", "Startup Cost": 725.2, "Total Cost": 3451.4, "Plan Rows": 1, "Plan Width": 48, "Actual Startup Time": 161.712, "Actual Total Time": 161.712, "Actual Rows": 0, "Actual Loops": 1, "Inner Unique": true, "Plans": [{"Node Type": "Nested Loop", "Parent Relationship": "Outer", "Join Type": "Inner", "Startup Cost": 724.95, "Total Cost": 3447.11, "Plan Rows": 1, "Plan Width": 40, "Actual Startup Time": 19.997, "Actual Total Time": 161.571, "Actual Rows": 38, "Actual Loops": 1, "Inner Unique": false, "Join Filter": "(t.id = ml.movie_id)", "Rows Removed by Join Filter": 0, "Plans": [{"Node Type": "Nested Loop", "Parent Relationship": "Outer", "Join Type": "Inner", "Startup Cost": 724.66, "Total Cost": 3442.7, "Plan Rows": 1, "Plan Width": 48, "Actual Startup Time": 19.97, "Actual Total Time": 161.514, "Actual Rows": 2, "Actual Loops": 1, "Inner Unique": true, "Plans": [{"Node Type": "Nested Loop", "Parent Relationship": "Outer", "Join Type": "Inner", "Startup Cost": 724.4, "Total Cost": 3438.42, "Plan Rows": 1, "Plan Width": 52, "Actual Startup Time": 19.958, "Actual Total Time": 161.497, "Actual Rows": 2, "Actual Loops": 1, "Inner Unique": true, "Plans": [{"Node Type": "Nested Loop", "Parent Relationship": "Outer", "Join Type": "Inner", "Startup Cost": 724.14, "Total Cost": 3434.13, "Plan Rows": 1, "Plan Width": 37, "Actual Startup Time": 19.933, "Actual Total Time": 161.449, "Actual Rows": 3, "Actual Loops": 1, "Inner Unique": false, "Join Filter": "(t.id = mc.movie_id)", "Rows Removed by Join Filter": 0, "Plans": [{"Node Type": "Nested Loop", "Parent Relationship": "Outer", "Join Type": "Inner", "Startup Cost": 723.87, "Total Cost": 3429.8, "Plan Rows": 1, "Plan Width": 25, "Actual Startup Time": 19.903, "Actual Total Time": 161.415, "Actual Rows": 1, "Actual Loops": 1, "Inner Unique": true, "Plans": [{"Node Type": "Nested Loop", "Parent Relationship": "Outer", "Join Type": "Inner", "Startup Cost": 723.6, "Total Cost": 3288.12, "Plan Rows": 33, "Plan Width": 4, "Actual Startup Time": 19.48, "Actual Total Time": 84.809, "Actual Rows": 10544, "Actual Loops": 1, "Inner Unique": false, "Plans": [{"Node Type": "Bitmap Heap Scan", "Parent Relationship": "Outer", "Relation Name": "keyword", "Alias": "k", "Startup Cost": 719.1, "Total Cost": 3155.21, "Plan Rows": 1, "Plan Width": 4, "Actual Startup Time": 16.533, "Actual Total Time": 64.286, "Actual Rows": 1, "Actual Loops": 1, "Filter": "((keyword)::text = 'sequel'::text)", "Rows Removed by Filter": 134168, "Exact Heap Blocks": 759, "Lossy Heap Blocks": 759, "Plans": [{"Node Type": "Bitmap Index Scan", "Parent Relationship": "Outer", "Index Name": "keyword_pkey", "Startup Cost": 0.0, "Total Cost": 719.1, "Plan Rows": 134169, "Plan Width": 0, "Actual Startup Time": 13.54, "Actual Total Time": 13.54, "Actual Rows": 134169, "Actual Loops": 1}]}, {"Node Type": "Bitmap Heap Scan", "Parent Relationship": "Inner", "Relation Name": "movie_keyword", "Alias": "mk", "Startup Cost": 4.51, "Total Cost": 132.58, "Plan Rows": 33, "Plan Width": 8, "Actual Startup Time": 2.933, "Actual Total Time": 18.397, "Actual Rows": 10544, "Actual Loops": 1, "Recheck Cond": "(keyword_id = k.id)", "Rows Removed by Index Recheck": 0, "Exact Heap Blocks": 5090, "Lossy Heap Blocks": 5090, "Plans": [{"Node Type": "Bitmap Index Scan", "Parent Relationship": "Outer", "Index Name": "keyword_id_movie_keyword", "Startup Cost": 0.0, "Total Cost": 4.5, "Plan Rows": 33, "Plan Width": 0, "Actual Startup Time": 2.017, "Actual Total Time": 2.017, "Actual Rows": 10544, "Actual Loops": 1, "Index Cond": "(keyword_id = k.id)"}]}]}, {"Node Type": "Bitmap Heap Scan", "Parent Relationship": "Inner", "Relation Name": "title", "Alias": "t", "Startup Cost": 0.27, "Total Cost": 4.28, "Plan Rows": 1, "Plan Width": 21, "Actual Startup Time": 64.824, "Actual Total Time": 64.824, "Actual Rows": 1, "Actual Loops": 10544, "Recheck Cond": "(id = mk.movie_id)", "Rows Removed by Index Recheck": 0, "Filter": "(((title)::text ~~ '%Money%'::text) AND (production_year = 1998))", "Rows Removed by Filter": 10543, "Exact Heap Blocks": 10544, "Lossy Heap Blocks": 10544, "Plans": [{"Node Type": "Bitmap Index Scan", "Parent Relationship": "Outer", "Index Name": "title_pkey", "Startup Cost": 0.0, "Total Cost": 0.27, "Plan Rows": 1, "Plan Width": 0, "Actual Startup Time": 31.063, "Actual Total Time": 31.063, "Actual Rows": 10544, "Actual Loops": 10544, "Index Cond": "(id = mk.movie_id)"}]}]}, {"Node Type": "Bitmap Heap Scan", "Parent Relationship": "Inner", "Relation Name": "movie_companies", "Alias": "mc", "Startup Cost": 0.27, "Total Cost": 4.3, "Plan Rows": 2, "Plan Width": 12, "Actual Startup Time": 0.024, "Actual Total Time": 0.025, "Actual Rows": 3, "Actual Loops": 1, "Recheck Cond": "(movie_id = mk.movie_id)", "Rows Removed by Index Recheck": 0, "Filter": "(note IS NULL)", "Rows Removed by Filter": 1, "Exact Heap Blocks": 2, "Lossy Heap Blocks": 2, "Plans": [{"Node Type": "Bitmap Index Scan", "Parent Relationship": "Outer", "Index Name": "movie_id_movie_companies", "Startup Cost": 0.0, "Total Cost": 0.27, "Plan Rows": 2, "Plan Width": 0, "Actual Startup Time": 0.012, "Actual Total Time": 0.012, "Actual Rows": 4, "Actual Loops": 1, "Index Cond": "(movie_id = mk.movie_id)"}]}]}, {"Node Type": "Bitmap Heap Scan", "Parent Relationship": "Inner", "Relation Name": "company_name", "Alias": "cn", "Startup Cost": 0.26, "Total Cost": 4.28, "Plan Rows": 1, "Plan Width": 23, "Actual Startup Time": 0.041, "Actual Total Time": 0.041, "Actual Rows": 2, "Actual Loops": 3, "Recheck Cond": "(id = mc.company_id)", "Rows Removed by Index Recheck": 0, "Filter": "(((country_code)::text <> '[pl]'::text) AND (((name)::text ~~ '%Film%'::text) OR ((name)::text ~~ '%Warner%'::text)))", "Rows Removed by Filter": 1, "Exact Heap Blocks": 3, "Lossy Heap Blocks": 3, "Plans": [{"Node Type": "Bitmap Index Scan", "Parent Relationship": "Outer", "Index Name": "company_name_pkey", "Startup Cost": 0.0, "Total Cost": 0.26, "Plan Rows": 1, "Plan Width": 0, "Actual Startup Time": 0.02, "Actual Total Time": 0.02, "Actual Rows": 3, "Actual Loops": 3, "Index Cond": "(id = mc.company_id)"}]}]}, {"Node Type": "Bitmap Heap Scan", "Parent Relationship": "Inner", "Relation Name": "company_type", "Alias": "ct", "Startup Cost": 0.26, "Total Cost": 4.27, "Plan Rows": 1, "Plan Width": 4, "Actual Startup Time": 0.013, "Actual Total Time": 0.013, "Actual Rows": 2, "Actual Loops": 2, "Recheck Cond": "(id = mc.company_type_id)", "Rows Removed by Index Recheck": 0, "Filter": "((kind)::text = 'production companies'::text)", "Rows Removed by Filter": 0, "Exact Heap Blocks": 2, "Lossy Heap Blocks": 2, "Plans": [{"Node Type": "Bitmap Index Scan", "Parent Relationship": "Outer", "Index Name": "company_type_pkey", "Startup Cost": 0.0, "Total Cost": 0.26, "Plan Rows": 1, "Plan Width": 0, "Actual Startup Time": 0.004, "Actual Total Time": 0.004, "Actual Rows": 2, "Actual Loops": 2, "Index Cond": "(id = mc.company_type_id)"}]}]}, {"Node Type": "Bitmap Heap Scan", "Parent Relationship": "Inner", "Relation Name": "movie_link", "Alias": "ml", "Startup Cost": 0.29, "Total Cost": 4.35, "Plan Rows": 5, "Plan Width": 8, "Actual Startup Time": 0.025, "Actual Total Time": 0.028, "Actual Rows": 38, "Actual Loops": 2, "Recheck Cond": "(movie_id = mk.movie_id)", "Rows Removed by Index Recheck": 0, "Exact Heap Blocks": 2, "Lossy Heap Blocks": 2, "Plans": [{"Node Type": "Bitmap Index Scan", "Parent Relationship": "Outer", "Index Name": "movie_id_movie_link", "Startup Cost": 0.0, "Total Cost": 0.29, "Plan Rows": 5, "Plan Width": 0, "Actual Startup Time": 0.013, "Actual Total Time": 0.013, "Actual Rows": 38, "Actual Loops": 2, "Index Cond": "(movie_id = mk.movie_id)"}]}]}, {"Node Type": "Bitmap Heap Scan", "Parent Relationship": "Inner", "Relation Name": "link_type", "Alias": "lt", "Startup Cost": 0.26, "Total Cost": 4.27, "Plan Rows": 1, "Plan Width": 16, "Actual Startup Time": 0.097, "Actual Total Time": 0.097, "Actual Rows": 0, "Actual Loops": 38, "Recheck Cond": "(id = ml.link_type_id)", "Rows Removed by Index Recheck": 0, "Filter": "((link)::text ~~ '%follows%'::text)", "Rows Removed by Filter": 24, "Exact Heap Blocks": 24, "Lossy Heap Blocks": 24, "Plans": [{"Node Type": "Bitmap Index Scan", "Parent Relationship": "Outer", "Index Name": "link_type_pkey", "Startup Cost": 0.0, "Total Cost": 0.26, "Plan Rows": 1, "Plan Width": 0, "Actual Startup Time": 0.039, "Actual Total Time": 0.039, "Actual Rows": 24, "Actual Loops": 38, "Index Cond": "(id = ml.link_type_id)"}]}]}]}, "Triggers": [], "Planner Runtime": 60.458, "Total Runtime": 162.221, "Unique SQL Id": 4121279504}}, "(64, 36)": {"explain_plan": {"Plan": {"Node Type": "Aggregate", "Strategy": "Plain", "Startup Cost": 2581.34, "Total Cost": 2581.35, "Plan Rows": 1, "Plan Width": 144, "Plans": [{"Node Type": "Nested Loop", "Parent Relationship": "Outer", "Join Type": "Inner", "Startup Cost": 4.51, "Total Cost": 2581.33, "Plan Rows": 1, "Plan Width": 48, "Inner Unique": true, "Plans": [{"Node Type": "Nested Loop", "Parent Relationship": "Outer", "Join Type": "Inner", "Startup Cost": 4.51, "Total Cost": 2581.05, "Plan Rows": 1, "Plan Width": 40, "Inner Unique": false, "Join Filter": "(t.id = ml.movie_id)", "Plans": [{"Node Type": "Nested Loop", "Parent Relationship": "Outer", "Join Type": "Inner", "Startup Cost": 4.51, "Total Cost": 2580.63, "Plan Rows": 1, "Plan Width": 48, "Inner Unique": true, "Plans": [{"Node Type": "Nested Loop", "Parent Relationship": "Outer", "Join Type": "Inner", "Startup Cost": 4.51, "Total Cost": 2580.35, "Plan Rows": 1, "Plan Width": 52, "Inner Unique": true, "Plans": [{"Node Type": "Nested Loop", "Parent Relationship": "Outer", "Join Type": "Inner", "Startup Cost": 4.51, "Total Cost": 2580.05, "Plan Rows": 1, "Plan Width": 37, "Inner Unique": false, "Join Filter": "(t.id = mc.movie_id)", "Plans": [{"Node Type": "Nested Loop", "Parent Relationship": "Outer", "Join Type": "Inner", "Startup Cost": 4.51, "Total Cost": 2579.71, "Plan Rows": 1, "Plan Width": 25, "Inner Unique": true, "Plans": [{"Node Type": "Nested Loop", "Parent Relationship": "Outer", "Join Type": "Inner", "Startup Cost": 4.51, "Total Cost": 2569.02, "Plan Rows": 33, "Plan Width": 4, "Inner Unique": false, "Plans": [{"Node Type": "Seq Scan", "Parent Relationship": "Outer", "Relation Name": "keyword", "Alias": "k", "Startup Cost": 0.0, "Total Cost": 2436.11, "Plan Rows": 1, "Plan Width": 4, "Filter": "((keyword)::text = 'sequel'::text)"}, {"Node Type": "Bitmap Heap Scan", "Parent Relationship": "Inner", "Relation Name": "movie_keyword", "Alias": "mk", "Startup Cost": 4.51, "Total Cost": 132.58, "Plan Rows": 33, "Plan Width": 8, "Recheck Cond": "(keyword_id = k.id)", "Plans": [{"Node Type": "Bitmap Index Scan", "Parent Relationship": "Outer", "Index Name": "keyword_id_movie_keyword", "Startup Cost": 0.0, "Total Cost": 4.5, "Plan Rows": 33, "Plan Width": 0, "Index Cond": "(keyword_id = k.id)"}]}]}, {"Node Type": "Index Scan", "Parent Relationship": "Inner", "Scan Direction": "Forward", "Index Name": "title_pkey", "Relation Name": "title", "Alias": "t", "Startup Cost": 0.0, "Total Cost": 0.31, "Plan Rows": 1, "Plan Width": 21, "Index Cond": "(id = mk.movie_id)", "Filter": "(((title)::text ~~ '%Money%'::text) AND (production_year = 1998))"}]}, {"Node Type": "Index Scan", "Parent Relationship": "Inner", "Scan Direction": "Forward", "Index Name": "movie_id_movie_companies", "Relation Name": "movie_companies", "Alias": "mc", "Startup Cost": 0.0, "Total Cost": 0.31, "Plan Rows": 2, "Plan Width": 12, "Index Cond": "(movie_id = mk.movie_id)", "Filter": "(note IS NULL)"}]}, {"Node Type": "Index Scan", "Parent Relationship": "Inner", "Scan Direction": "Forward", "Index Name": "company_name_pkey", "Relation Name": "company_name", "Alias": "cn", "Startup Cost": 0.0, "Total Cost": 0.29, "Plan Rows": 1, "Plan Width": 23, "Index Cond": "(id = mc.company_id)", "Filter": "(((country_code)::text <> '[pl]'::text) AND (((name)::text ~~ '%Film%'::text) OR ((name)::text ~~ '%Warner%'::text)))"}]}, {"Node Type": "Index Scan", "Parent Relationship": "Inner", "Scan Direction": "Forward", "Index Name": "company_type_pkey", "Relation Name": "company_type", "Alias": "ct", "Startup Cost": 0.0, "Total Cost": 0.27, "Plan Rows": 1, "Plan Width": 4, "Index Cond": "(id = mc.company_type_id)", "Filter": "((kind)::text = 'production companies'::text)"}]}, {"Node Type": "Index Scan", "Parent Relationship": "Inner", "Scan Direction": "Forward", "Index Name": "movie_id_movie_link", "Relation Name": "movie_link", "Alias": "ml", "Startup Cost": 0.0, "Total Cost": 0.35, "Plan Rows": 5, "Plan Width": 8, "Index Cond": "(movie_id = mk.movie_id)"}]}, {"Node Type": "Index Scan", "Parent Relationship": "Inner", "Scan Direction": "Forward", "Index Name": "link_type_pkey", "Relation Name": "link_type", "Alias": "lt", "Startup Cost": 0.0, "Total Cost": 0.27, "Plan Rows": 1, "Plan Width": 16, "Index Cond": "(id = ml.link_type_id)", "Filter": "((link)::text ~~ '%follows%'::text)"}]}]}, "Unique SQL Id": 4121279504}, "explain_analyze_plan": {"Plan": {"Node Type": "Aggregate", "Strategy": "Plain", "Startup Cost": 2581.34, "Total Cost": 2581.35, "Plan Rows": 1, "Plan Width": 144, "Actual Startup Time": 123.557, "Actual Total Time": 123.557, "Actual Rows": 1, "Actual Loops": 1, "Plans": [{"Node Type": "Nested Loop", "Parent Relationship": "Outer", "Join Type": "Inner", "Startup Cost": 4.51, "Total Cost": 2581.33, "Plan Rows": 1, "Plan Width": 48, "Actual Startup Time": 123.547, "Actual Total Time": 123.547, "Actual Rows": 0, "Actual Loops": 1, "Inner Unique": true, "Plans": [{"Node Type": "Nested Loop", "Parent Relationship": "Outer", "Join Type": "Inner", "Startup Cost": 4.51, "Total Cost": 2581.05, "Plan Rows": 1, "Plan Width": 40, "Actual Startup Time": 5.886, "Actual Total Time": 123.447, "Actual Rows": 38, "Actual Loops": 1, "Inner Unique": false, "Join Filter": "(t.id = ml.movie_id)", "Rows Removed by Join Filter": 0, "Plans": [{"Node Type": "Nested Loop", "Parent Relationship": "Outer", "Join Type": "Inner", "Startup Cost": 4.51, "Total Cost": 2580.63, "Plan Rows": 1, "Plan Width": 48, "Actual Startup Time": 5.866, "Actual Total Time": 123.392, "Actual Rows": 2, "Actual Loops": 1, "Inner Unique": true, "Plans": [{"Node Type": "Nested Loop", "Parent Relationship": "Outer", "Join Type": "Inner", "Startup Cost": 4.51, "Total Cost": 2580.35, "Plan Rows": 1, "Plan Width": 52, "Actual Startup Time": 5.855, "Actual Total Time": 123.377, "Actual Rows": 2, "Actual Loops": 1, "Inner Unique": true, "Plans": [{"Node Type": "Nested Loop", "Parent Relationship": "Outer", "Join Type": "Inner", "Startup Cost": 4.51, "Total Cost": 2580.05, "Plan Rows": 1, "Plan Width": 37, "Actual Startup Time": 5.834, "Actual Total Time": 123.335, "Actual Rows": 3, "Actual Loops": 1, "Inner Unique": false, "Join Filter": "(t.id = mc.movie_id)", "Rows Removed by Join Filter": 0, "Plans": [{"Node Type": "Nested Loop", "Parent Relationship": "Outer", "Join Type": "Inner", "Startup Cost": 4.51, "Total Cost": 2579.71, "Plan Rows": 1, "Plan Width": 25, "Actual Startup Time": 5.809, "Actual Total Time": 123.305, "Actual Rows": 1, "Actual Loops": 1, "Inner Unique": true, "Plans": [{"Node Type": "Nested Loop", "Parent Relationship": "Outer", "Join Type": "Inner", "Startup Cost": 4.51, "Total Cost": 2569.02, "Plan Rows": 33, "Plan Width": 4, "Actual Startup Time": 5.443, "Actual Total Time": 62.982, "Actual Rows": 10544, "Actual Loops": 1, "Inner Unique": false, "Plans": [{"Node Type": "Seq Scan", "Parent Relationship": "Outer", "Relation Name": "keyword", "Alias": "k", "Startup Cost": 0.0, "Total Cost": 2436.11, "Plan Rows": 1, "Plan Width": 4, "Actual Startup Time": 2.358, "Actual Total Time": 41.641, "Actual Rows": 1, "Actual Loops": 1, "Filter": "((keyword)::text = 'sequel'::text)", "Rows Removed by Filter": 134168}, {"Node Type": "Bitmap Heap Scan", "Parent Relationship": "Inner", "Relation Name": "movie_keyword", "Alias": "mk", "Startup Cost": 4.51, "Total Cost": 132.58, "Plan Rows": 33, "Plan Width": 8, "Actual Startup Time": 3.074, "Actual Total Time": 19.121, "Actual Rows": 10544, "Actual Loops": 1, "Recheck Cond": "(keyword_id = k.id)", "Rows Removed by Index Recheck": 0, "Exact Heap Blocks": 5090, "Lossy Heap Blocks": 5090, "Plans": [{"Node Type": "Bitmap Index Scan", "Parent Relationship": "Outer", "Index Name": "keyword_id_movie_keyword", "Startup Cost": 0.0, "Total Cost": 4.5, "Plan Rows": 33, "Plan Width": 0, "Actual Startup Time": 2.162, "Actual Total Time": 2.162, "Actual Rows": 10544, "Actual Loops": 1, "Index Cond": "(keyword_id = k.id)"}]}]}, {"Node Type": "Index Scan", "Parent Relationship": "Inner", "Scan Direction": "Forward", "Index Name": "title_pkey", "Relation Name": "title", "Alias": "t", "Startup Cost": 0.0, "Total Cost": 0.31, "Plan Rows": 1, "Plan Width": 21, "Actual Startup Time": 54.966, "Actual Total Time": 54.966, "Actual Rows": 1, "Actual Loops": 10544, "Index Cond": "(id = mk.movie_id)", "Rows Removed by Index Recheck": 0, "Filter": "(((title)::text ~~ '%Money%'::text) AND (production_year = 1998))", "Rows Removed by Filter": 10543}]}, {"Node Type": "Index Scan", "Parent Relationship": "Inner", "Scan Direction": "Forward", "Index Name": "movie_id_movie_companies", "Relation Name": "movie_companies", "Alias": "mc", "Startup Cost": 0.0, "Total Cost": 0.31, "Plan Rows": 2, "Plan Width": 12, "Actual Startup Time": 0.019, "Actual Total Time": 0.022, "Actual Rows": 3, "Actual Loops": 1, "Index Cond": "(movie_id = mk.movie_id)", "Rows Removed by Index Recheck": 0, "Filter": "(note IS NULL)", "Rows Removed by Filter": 1}]}, {"Node Type": "Index Scan", "Parent Relationship": "Inner", "Scan Direction": "Forward", "Index Name": "company_name_pkey", "Relation Name": "company_name", "Alias": "cn", "Startup Cost": 0.0, "Total Cost": 0.29, "Plan Rows": 1, "Plan Width": 23, "Actual Startup Time": 0.037, "Actual Total Time": 0.037, "Actual Rows": 2, "Actual Loops": 3, "Index Cond": "(id = mc.company_id)", "Rows Removed by Index Recheck": 0, "Filter": "(((country_code)::text <> '[pl]'::text) AND (((name)::text ~~ '%Film%'::text) OR ((name)::text ~~ '%Warner%'::text)))", "Rows Removed by Filter": 1}]}, {"Node Type": "Index Scan", "Parent Relationship": "Inner", "Scan Direction": "Forward", "Index Name": "company_type_pkey", "Relation Name": "company_type", "Alias": "ct", "Startup Cost": 0.0, "Total Cost": 0.27, "Plan Rows": 1, "Plan Width": 4, "Actual Startup Time": 0.011, "Actual Total Time": 0.011, "Actual Rows": 2, "Actual Loops": 2, "Index Cond": "(id = mc.company_type_id)", "Rows Removed by Index Recheck": 0, "Filter": "((kind)::text = 'production companies'::text)", "Rows Removed by Filter": 0}]}, {"Node Type": "Index Scan", "Parent Relationship": "Inner", "Scan Direction": "Forward", "Index Name": "movie_id_movie_link", "Relation Name": "movie_link", "Alias": "ml", "Startup Cost": 0.0, "Total Cost": 0.35, "Plan Rows": 5, "Plan Width": 8, "Actual Startup Time": 0.016, "Actual Total Time": 0.029, "Actual Rows": 38, "Actual Loops": 2, "Index Cond": "(movie_id = mk.movie_id)", "Rows Removed by Index Recheck": 0}]}, {"Node Type": "Index Scan", "Parent Relationship": "Inner", "Scan Direction": "Forward", "Index Name": "link_type_pkey", "Relation Name": "link_type", "Alias": "lt", "Startup Cost": 0.0, "Total Cost": 0.27, "Plan Rows": 1, "Plan Width": 16, "Actual Startup Time": 0.076, "Actual Total Time": 0.076, "Actual Rows": 0, "Actual Loops": 38, "Index Cond": "(id = ml.link_type_id)", "Rows Removed by Index Recheck": 0, "Filter": "((link)::text ~~ '%follows%'::text)", "Rows Removed by Filter": 24}]}]}, "Triggers": [], "Planner Runtime": 80.823, "Total Runtime": 124.133, "Unique SQL Id": 4121279504}}, "(64, 37)": {"explain_plan": {"Plan": {"Node Type": "Aggregate", "Strategy": "Plain", "Startup Cost": 3327.94, "Total Cost": 3327.95, "Plan Rows": 1, "Plan Width": 144, "Plans": [{"Node Type": "Nested Loop", "Parent Relationship": "Outer", "Join Type": "Inner", "Startup Cost": 4.51, "Total Cost": 3327.93, "Plan Rows": 1, "Plan Width": 48, "Inner Unique": true, "Plans": [{"Node Type": "Nested Loop", "Parent Relationship": "Outer", "Join Type": "Inner", "Startup Cost": 4.51, "Total Cost": 3327.65, "Plan Rows": 1, "Plan Width": 40, "Inner Unique": false, "Join Filter": "(t.id = ml.movie_id)", "Plans": [{"Node Type": "Nested Loop", "Parent Relationship": "Outer", "Join Type": "Inner", "Startup Cost": 4.51, "Total Cost": 3327.24, "Plan Rows": 1, "Plan Width": 48, "Inner Unique": true, "Plans": [{"Node Type": "Nested Loop", "Parent Relationship": "Outer", "Join Type": "Inner", "Startup Cost": 4.51, "Total Cost": 3326.95, "Plan Rows": 1, "Plan Width": 52, "Inner Unique": true, "Plans": [{"Node Type": "Nested Loop", "Parent Relationship": "Outer", "Join Type": "Inner", "Startup Cost": 4.51, "Total Cost": 3326.66, "Plan Rows": 1, "Plan Width": 37, "Inner Unique": false, "Join Filter": "(t.id = mc.movie_id)", "Plans": [{"Node Type": "Nested Loop", "Parent Relationship": "Outer", "Join Type": "Inner", "Startup Cost": 4.51, "Total Cost": 3326.32, "Plan Rows": 1, "Plan Width": 25, "Inner Unique": true, "Plans": [{"Node Type": "Nested Loop", "Parent Relationship": "Outer", "Join Type": "Inner", "Startup Cost": 4.51, "Total Cost": 3315.63, "Plan Rows": 33, "Plan Width": 4, "Inner Unique": false, "Plans": [{"Node Type": "Index Scan", "Parent Relationship": "Outer", "Scan Direction": "Forward", "Index Name": "keyword_pkey", "Relation Name": "keyword", "Alias": "k", "Startup Cost": 0.0, "Total Cost": 3182.72, "Plan Rows": 1, "Plan Width": 4, "Filter": "((keyword)::text = 'sequel'::text)"}, {"Node Type": "Bitmap Heap Scan", "Parent Relationship": "Inner", "Relation Name": "movie_keyword", "Alias": "mk", "Startup Cost": 4.51, "Total Cost": 132.58, "Plan Rows": 33, "Plan Width": 8, "Recheck Cond": "(keyword_id = k.id)", "Plans": [{"Node Type": "Bitmap Index Scan", "Parent Relationship": "Outer", "Index Name": "keyword_id_movie_keyword", "Startup Cost": 0.0, "Total Cost": 4.5, "Plan Rows": 33, "Plan Width": 0, "Index Cond": "(keyword_id = k.id)"}]}]}, {"Node Type": "Index Scan", "Parent Relationship": "Inner", "Scan Direction": "Forward", "Index Name": "title_pkey", "Relation Name": "title", "Alias": "t", "Startup Cost": 0.0, "Total Cost": 0.31, "Plan Rows": 1, "Plan Width": 21, "Index Cond": "(id = mk.movie_id)", "Filter": "(((title)::text ~~ '%Money%'::text) AND (production_year = 1998))"}]}, {"Node Type": "Index Scan", "Parent Relationship": "Inner", "Scan Direction": "Forward", "Index Name": "movie_id_movie_companies", "Relation Name": "movie_companies", "Alias": "mc", "Startup Cost": 0.0, "Total Cost": 0.31, "Plan Rows": 2, "Plan Width": 12, "Index Cond": "(movie_id = mk.movie_id)", "Filter": "(note IS NULL)"}]}, {"Node Type": "Index Scan", "Parent Relationship": "Inner", "Scan Direction": "Forward", "Index Name": "company_name_pkey", "Relation Name": "company_name", "Alias": "cn", "Startup Cost": 0.0, "Total Cost": 0.29, "Plan Rows": 1, "Plan Width": 23, "Index Cond": "(id = mc.company_id)", "Filter": "(((country_code)::text <> '[pl]'::text) AND (((name)::text ~~ '%Film%'::text) OR ((name)::text ~~ '%Warner%'::text)))"}]}, {"Node Type": "Index Scan", "Parent Relationship": "Inner", "Scan Direction": "Forward", "Index Name": "company_type_pkey", "Relation Name": "company_type", "Alias": "ct", "Startup Cost": 0.0, "Total Cost": 0.27, "Plan Rows": 1, "Plan Width": 4, "Index Cond": "(id = mc.company_type_id)", "Filter": "((kind)::text = 'production companies'::text)"}]}, {"Node Type": "Index Scan", "Parent Relationship": "Inner", "Scan Direction": "Forward", "Index Name": "movie_id_movie_link", "Relation Name": "movie_link", "Alias": "ml", "Startup Cost": 0.0, "Total Cost": 0.35, "Plan Rows": 5, "Plan Width": 8, "Index Cond": "(movie_id = mk.movie_id)"}]}, {"Node Type": "Index Scan", "Parent Relationship": "Inner", "Scan Direction": "Forward", "Index Name": "link_type_pkey", "Relation Name": "link_type", "Alias": "lt", "Startup Cost": 0.0, "Total Cost": 0.27, "Plan Rows": 1, "Plan Width": 16, "Index Cond": "(id = ml.link_type_id)", "Filter": "((link)::text ~~ '%follows%'::text)"}]}]}, "Unique SQL Id": 4121279504}, "explain_analyze_plan": {"Plan": {"Node Type": "Aggregate", "Strategy": "Plain", "Startup Cost": 3327.94, "Total Cost": 3327.95, "Plan Rows": 1, "Plan Width": 144, "Actual Startup Time": 206.836, "Actual Total Time": 206.836, "Actual Rows": 1, "Actual Loops": 1, "Plans": [{"Node Type": "Nested Loop", "Parent Relationship": "Outer", "Join Type": "Inner", "Startup Cost": 4.51, "Total Cost": 3327.93, "Plan Rows": 1, "Plan Width": 48, "Actual Startup Time": 206.83, "Actual Total Time": 206.83, "Actual Rows": 0, "Actual Loops": 1, "Inner Unique": true, "Plans": [{"Node Type": "Nested Loop", "Parent Relationship": "Outer", "Join Type": "Inner", "Startup Cost": 4.51, "Total Cost": 3327.65, "Plan Rows": 1, "Plan Width": 40, "Actual Startup Time": 4.134, "Actual Total Time": 206.74, "Actual Rows": 38, "Actual Loops": 1, "Inner Unique": false, "Join Filter": "(t.id = ml.movie_id)", "Rows Removed by Join Filter": 0, "Plans": [{"Node Type": "Nested Loop", "Parent Relationship": "Outer", "Join Type": "Inner", "Startup Cost": 4.51, "Total Cost": 3327.24, "Plan Rows": 1, "Plan Width": 48, "Actual Startup Time": 4.119, "Actual Total Time": 206.686, "Actual Rows": 2, "Actual Loops": 1, "Inner Unique": true, "Plans": [{"Node Type": "Nested Loop", "Parent Relationship": "Outer", "Join Type": "Inner", "Startup Cost": 4.51, "Total Cost": 3326.95, "Plan Rows": 1, "Plan Width": 52, "Actual Startup Time": 4.11, "Actual Total Time": 206.673, "Actual Rows": 2, "Actual Loops": 1, "Inner Unique": true, "Plans": [{"Node Type": "Nested Loop", "Parent Relationship": "Outer", "Join Type": "Inner", "Startup Cost": 4.51, "Total Cost": 3326.66, "Plan Rows": 1, "Plan Width": 37, "Actual Startup Time": 4.093, "Actual Total Time": 206.639, "Actual Rows": 3, "Actual Loops": 1, "Inner Unique": false, "Join Filter": "(t.id = mc.movie_id)", "Rows Removed by Join Filter": 0, "Plans": [{"Node Type": "Nested Loop", "Parent Relationship": "Outer", "Join Type": "Inner", "Startup Cost": 4.51, "Total Cost": 3326.32, "Plan Rows": 1, "Plan Width": 25, "Actual Startup Time": 4.075, "Actual Total Time": 206.617, "Actual Rows": 1, "Actual Loops": 1, "Inner Unique": true, "Plans": [{"Node Type": "Nested Loop", "Parent Relationship": "Outer", "Join Type": "Inner", "Startup Cost": 4.51, "Total Cost": 3315.63, "Plan Rows": 33, "Plan Width": 4, "Actual Startup Time": 3.756, "Actual Total Time": 147.383, "Actual Rows": 10544, "Actual Loops": 1, "Inner Unique": false, "Plans": [{"Node Type": "Index Scan", "Parent Relationship": "Outer", "Scan Direction": "Forward", "Index Name": "keyword_pkey", "Relation Name": "keyword", "Alias": "k", "Startup Cost": 0.0, "Total Cost": 3182.72, "Plan Rows": 1, "Plan Width": 4, "Actual Startup Time": 0.512, "Actual Total Time": 126.311, "Actual Rows": 1, "Actual Loops": 1, "Filter": "((keyword)::text = 'sequel'::text)", "Rows Removed by Filter": 134168}, {"Node Type": "Bitmap Heap Scan", "Parent Relationship": "Inner", "Relation Name": "movie_keyword", "Alias": "mk", "Startup Cost": 4.51, "Total Cost": 132.58, "Plan Rows": 33, "Plan Width": 8, "Actual Startup Time": 3.236, "Actual Total Time": 18.868, "Actual Rows": 10544, "Actual Loops": 1, "Recheck Cond": "(keyword_id = k.id)", "Rows Removed by Index Recheck": 0, "Exact Heap Blocks": 5090, "Lossy Heap Blocks": 5090, "Plans": [{"Node Type": "Bitmap Index Scan", "Parent Relationship": "Outer", "Index Name": "keyword_id_movie_keyword", "Startup Cost": 0.0, "Total Cost": 4.5, "Plan Rows": 33, "Plan Width": 0, "Actual Startup Time": 2.291, "Actual Total Time": 2.291, "Actual Rows": 10544, "Actual Loops": 1, "Index Cond": "(keyword_id = k.id)"}]}]}, {"Node Type": "Index Scan", "Parent Relationship": "Inner", "Scan Direction": "Forward", "Index Name": "title_pkey", "Relation Name": "title", "Alias": "t", "Startup Cost": 0.0, "Total Cost": 0.31, "Plan Rows": 1, "Plan Width": 21, "Actual Startup Time": 53.865, "Actual Total Time": 53.865, "Actual Rows": 1, "Actual Loops": 10544, "Index Cond": "(id = mk.movie_id)", "Rows Removed by Index Recheck": 0, "Filter": "(((title)::text ~~ '%Money%'::text) AND (production_year = 1998))", "Rows Removed by Filter": 10543}]}, {"Node Type": "Index Scan", "Parent Relationship": "Inner", "Scan Direction": "Forward", "Index Name": "movie_id_movie_companies", "Relation Name": "movie_companies", "Alias": "mc", "Startup Cost": 0.0, "Total Cost": 0.31, "Plan Rows": 2, "Plan Width": 12, "Actual Startup Time": 0.015, "Actual Total Time": 0.018, "Actual Rows": 3, "Actual Loops": 1, "Index Cond": "(movie_id = mk.movie_id)", "Rows Removed by Index Recheck": 0, "Filter": "(note IS NULL)", "Rows Removed by Filter": 1}]}, {"Node Type": "Index Scan", "Parent Relationship": "Inner", "Scan Direction": "Forward", "Index Name": "company_name_pkey", "Relation Name": "company_name", "Alias": "cn", "Startup Cost": 0.0, "Total Cost": 0.29, "Plan Rows": 1, "Plan Width": 23, "Actual Startup Time": 0.028, "Actual Total Time": 0.028, "Actual Rows": 2, "Actual Loops": 3, "Index Cond": "(id = mc.company_id)", "Rows Removed by Index Recheck": 0, "Filter": "(((country_code)::text <> '[pl]'::text) AND (((name)::text ~~ '%Film%'::text) OR ((name)::text ~~ '%Warner%'::text)))", "Rows Removed by Filter": 1}]}, {"Node Type": "Index Scan", "Parent Relationship": "Inner", "Scan Direction": "Forward", "Index Name": "company_type_pkey", "Relation Name": "company_type", "Alias": "ct", "Startup Cost": 0.0, "Total Cost": 0.27, "Plan Rows": 1, "Plan Width": 4, "Actual Startup Time": 0.009, "Actual Total Time": 0.009, "Actual Rows": 2, "Actual Loops": 2, "Index Cond": "(id = mc.company_type_id)", "Rows Removed by Index Recheck": 0, "Filter": "((kind)::text = 'production companies'::text)", "Rows Removed by Filter": 0}]}, {"Node Type": "Index Scan", "Parent Relationship": "Inner", "Scan Direction": "Forward", "Index Name": "movie_id_movie_link", "Relation Name": "movie_link", "Alias": "ml", "Startup Cost": 0.0, "Total Cost": 0.35, "Plan Rows": 5, "Plan Width": 8, "Actual Startup Time": 0.013, "Actual Total Time": 0.03, "Actual Rows": 38, "Actual Loops": 2, "Index Cond": "(movie_id = mk.movie_id)", "Rows Removed by Index Recheck": 0}]}, {"Node Type": "Index Scan", "Parent Relationship": "Inner", "Scan Direction": "Forward", "Index Name": "link_type_pkey", "Relation Name": "link_type", "Alias": "lt", "Startup Cost": 0.0, "Total Cost": 0.27, "Plan Rows": 1, "Plan Width": 16, "Actual Startup Time": 0.072, "Actual Total Time": 0.072, "Actual Rows": 0, "Actual Loops": 38, "Index Cond": "(id = ml.link_type_id)", "Rows Removed by Index Recheck": 0, "Filter": "((link)::text ~~ '%follows%'::text)", "Rows Removed by Filter": 24}]}]}, "Triggers": [], "Planner Runtime": 70.618, "Total Runtime": 207.306, "Unique SQL Id": 4121279504}}, "(64, 38)": {"explain_plan": {"Plan": {"Node Type": "Aggregate", "Strategy": "Plain", "Startup Cost": 2726.02, "Total Cost": 2726.03, "Plan Rows": 1, "Plan Width": 144, "Plans": [{"Node Type": "Nested Loop", "Parent Relationship": "Outer", "Join Type": "Inner", "Startup Cost": 5.59, "Total Cost": 2726.01, "Plan Rows": 1, "Plan Width": 48, "Inner Unique": true, "Join Filter": "(ml.link_type_id = lt.id)", "Plans": [{"Node Type": "Nested Loop", "Parent Relationship": "Outer", "Join Type": "Inner", "Startup Cost": 5.59, "Total Cost": 2724.78, "Plan Rows": 1, "Plan Width": 40, "Inner Unique": false, "Join Filter": "(t.id = ml.movie_id)", "Plans": [{"Node Type": "Nested Loop", "Parent Relationship": "Outer", "Join Type": "Inner", "Startup Cost": 5.3, "Total Cost": 2720.37, "Plan Rows": 1, "Plan Width": 48, "Inner Unique": true, "Join Filter": "(mc.company_type_id = ct.id)", "Plans": [{"Node Type": "Nested Loop", "Parent Relationship": "Outer", "Join Type": "Inner", "Startup Cost": 5.3, "Total Cost": 2719.32, "Plan Rows": 1, "Plan Width": 52, "Inner Unique": true, "Plans": [{"Node Type": "Nested Loop", "Parent Relationship": "Outer", "Join Type": "Inner", "Startup Cost": 5.05, "Total Cost": 2715.03, "Plan Rows": 1, "Plan Width": 37, "Inner Unique": false, "Join Filter": "(t.id = mc.movie_id)", "Plans": [{"Node Type": "Nested Loop", "Parent Relationship": "Outer", "Join Type": "Inner", "Startup Cost": 4.77, "Total Cost": 2710.71, "Plan Rows": 1, "Plan Width": 25, "Inner Unique": true, "Plans": [{"Node Type": "Nested Loop", "Parent Relationship": "Outer", "Join Type": "Inner", "Startup Cost": 4.51, "Total Cost": 2569.02, "Plan Rows": 33, "Plan Width": 4, "Inner Unique": false, "Plans": [{"Node Type": "Seq Scan", "Parent Relationship": "Outer", "Relation Name": "keyword", "Alias": "k", "Startup Cost": 0.0, "Total Cost": 2436.11, "Plan Rows": 1, "Plan Width": 4, "Filter": "((keyword)::text = 'sequel'::text)"}, {"Node Type": "Bitmap Heap Scan", "Parent Relationship": "Inner", "Relation Name": "movie_keyword", "Alias": "mk", "Startup Cost": 4.51, "Total Cost": 132.58, "Plan Rows": 33, "Plan Width": 8, "Recheck Cond": "(keyword_id = k.id)", "Plans": [{"Node Type": "Bitmap Index Scan", "Parent Relationship": "Outer", "Index Name": "keyword_id_movie_keyword", "Startup Cost": 0.0, "Total Cost": 4.5, "Plan Rows": 33, "Plan Width": 0, "Index Cond": "(keyword_id = k.id)"}]}]}, {"Node Type": "Bitmap Heap Scan", "Parent Relationship": "Inner", "Relation Name": "title", "Alias": "t", "Startup Cost": 0.27, "Total Cost": 4.28, "Plan Rows": 1, "Plan Width": 21, "Recheck Cond": "(id = mk.movie_id)", "Filter": "(((title)::text ~~ '%Money%'::text) AND (production_year = 1998))", "Plans": [{"Node Type": "Bitmap Index Scan", "Parent Relationship": "Outer", "Index Name": "title_pkey", "Startup Cost": 0.0, "Total Cost": 0.27, "Plan Rows": 1, "Plan Width": 0, "Index Cond": "(id = mk.movie_id)"}]}]}, {"Node Type": "Bitmap Heap Scan", "Parent Relationship": "Inner", "Relation Name": "movie_companies", "Alias": "mc", "Startup Cost": 0.27, "Total Cost": 4.3, "Plan Rows": 2, "Plan Width": 12, "Recheck Cond": "(movie_id = mk.movie_id)", "Filter": "(note IS NULL)", "Plans": [{"Node Type": "Bitmap Index Scan", "Parent Relationship": "Outer", "Index Name": "movie_id_movie_companies", "Startup Cost": 0.0, "Total Cost": 0.27, "Plan Rows": 2, "Plan Width": 0, "Index Cond": "(movie_id = mk.movie_id)"}]}]}, {"Node Type": "Bitmap Heap Scan", "Parent Relationship": "Inner", "Relation Name": "company_name", "Alias": "cn", "Startup Cost": 0.26, "Total Cost": 4.28, "Plan Rows": 1, "Plan Width": 23, "Recheck Cond": "(id = mc.company_id)", "Filter": "(((country_code)::text <> '[pl]'::text) AND (((name)::text ~~ '%Film%'::text) OR ((name)::text ~~ '%Warner%'::text)))", "Plans": [{"Node Type": "Bitmap Index Scan", "Parent Relationship": "Outer", "Index Name": "company_name_pkey", "Startup Cost": 0.0, "Total Cost": 0.26, "Plan Rows": 1, "Plan Width": 0, "Index Cond": "(id = mc.company_id)"}]}]}, {"Node Type": "Seq Scan", "Parent Relationship": "Inner", "Relation Name": "company_type", "Alias": "ct", "Startup Cost": 0.0, "Total Cost": 1.04, "Plan Rows": 1, "Plan Width": 4, "Filter": "((kind)::text = 'production companies'::text)"}]}, {"Node Type": "Bitmap Heap Scan", "Parent Relationship": "Inner", "Relation Name": "movie_link", "Alias": "ml", "Startup Cost": 0.29, "Total Cost": 4.35, "Plan Rows": 5, "Plan Width": 8, "Recheck Cond": "(movie_id = mk.movie_id)", "Plans": [{"Node Type": "Bitmap Index Scan", "Parent Relationship": "Outer", "Index Name": "movie_id_movie_link", "Startup Cost": 0.0, "Total Cost": 0.29, "Plan Rows": 5, "Plan Width": 0, "Index Cond": "(movie_id = mk.movie_id)"}]}]}, {"Node Type": "Seq Scan", "Parent Relationship": "Inner", "Relation Name": "link_type", "Alias": "lt", "Startup Cost": 0.0, "Total Cost": 1.21, "Plan Rows": 1, "Plan Width": 16, "Filter": "((link)::text ~~ '%follows%'::text)"}]}]}, "Unique SQL Id": 4121279504}, "explain_analyze_plan": {"Plan": {"Node Type": "Aggregate", "Strategy": "Plain", "Startup Cost": 2726.02, "Total Cost": 2726.03, "Plan Rows": 1, "Plan Width": 144, "Actual Startup Time": 139.861, "Actual Total Time": 139.862, "Actual Rows": 1, "Actual Loops": 1, "Plans": [{"Node Type": "Nested Loop", "Parent Relationship": "Outer", "Join Type": "Inner", "Startup Cost": 5.59, "Total Cost": 2726.01, "Plan Rows": 1, "Plan Width": 48, "Actual Startup Time": 139.85, "Actual Total Time": 139.85, "Actual Rows": 0, "Actual Loops": 1, "Inner Unique": true, "Join Filter": "(ml.link_type_id = lt.id)", "Rows Removed by Join Filter": 0, "Plans": [{"Node Type": "Nested Loop", "Parent Relationship": "Outer", "Join Type": "Inner", "Startup Cost": 5.59, "Total Cost": 2724.78, "Plan Rows": 1, "Plan Width": 40, "Actual Startup Time": 5.83, "Actual Total Time": 139.523, "Actual Rows": 38, "Actual Loops": 1, "Inner Unique": false, "Join Filter": "(t.id = ml.movie_id)", "Rows Removed by Join Filter": 0, "Plans": [{"Node Type": "Nested Loop", "Parent Relationship": "Outer", "Join Type": "Inner", "Startup Cost": 5.3, "Total Cost": 2720.37, "Plan Rows": 1, "Plan Width": 48, "Actual Startup Time": 5.81, "Actual Total Time": 139.475, "Actual Rows": 2, "Actual Loops": 1, "Inner Unique": true, "Join Filter": "(mc.company_type_id = ct.id)", "Rows Removed by Join Filter": 0, "Plans": [{"Node Type": "Nested Loop", "Parent Relationship": "Outer", "Join Type": "Inner", "Startup Cost": 5.3, "Total Cost": 2719.32, "Plan Rows": 1, "Plan Width": 52, "Actual Startup Time": 5.795, "Actual Total Time": 139.457, "Actual Rows": 2, "Actual Loops": 1, "Inner Unique": true, "Plans": [{"Node Type": "Nested Loop", "Parent Relationship": "Outer", "Join Type": "Inner", "Startup Cost": 5.05, "Total Cost": 2715.03, "Plan Rows": 1, "Plan Width": 37, "Actual Startup Time": 5.772, "Actual Total Time": 139.409, "Actual Rows": 3, "Actual Loops": 1, "Inner Unique": false, "Join Filter": "(t.id = mc.movie_id)", "Rows Removed by Join Filter": 0, "Plans": [{"Node Type": "Nested Loop", "Parent Relationship": "Outer", "Join Type": "Inner", "Startup Cost": 4.77, "Total Cost": 2710.71, "Plan Rows": 1, "Plan Width": 25, "Actual Startup Time": 5.729, "Actual Total Time": 139.363, "Actual Rows": 1, "Actual Loops": 1, "Inner Unique": true, "Plans": [{"Node Type": "Nested Loop", "Parent Relationship": "Outer", "Join Type": "Inner", "Startup Cost": 4.51, "Total Cost": 2569.02, "Plan Rows": 33, "Plan Width": 4, "Actual Startup Time": 5.307, "Actual Total Time": 62.033, "Actual Rows": 10544, "Actual Loops": 1, "Inner Unique": false, "Plans": [{"Node Type": "Seq Scan", "Parent Relationship": "Outer", "Relation Name": "keyword", "Alias": "k", "Startup Cost": 0.0, "Total Cost": 2436.11, "Plan Rows": 1, "Plan Width": 4, "Actual Startup Time": 2.376, "Actual Total Time": 41.622, "Actual Rows": 1, "Actual Loops": 1, "Filter": "((keyword)::text = 'sequel'::text)", "Rows Removed by Filter": 134168}, {"Node Type": "Bitmap Heap Scan", "Parent Relationship": "Inner", "Relation Name": "movie_keyword", "Alias": "mk", "Startup Cost": 4.51, "Total Cost": 132.58, "Plan Rows": 33, "Plan Width": 8, "Actual Startup Time": 2.922, "Actual Total Time": 18.246, "Actual Rows": 10544, "Actual Loops": 1, "Recheck Cond": "(keyword_id = k.id)", "Rows Removed by Index Recheck": 0, "Exact Heap Blocks": 5090, "Lossy Heap Blocks": 5090, "Plans": [{"Node Type": "Bitmap Index Scan", "Parent Relationship": "Outer", "Index Name": "keyword_id_movie_keyword", "Startup Cost": 0.0, "Total Cost": 4.5, "Plan Rows": 33, "Plan Width": 0, "Actual Startup Time": 1.992, "Actual Total Time": 1.992, "Actual Rows": 10544, "Actual Loops": 1, "Index Cond": "(keyword_id = k.id)"}]}]}, {"Node Type": "Bitmap Heap Scan", "Parent Relationship": "Inner", "Relation Name": "title", "Alias": "t", "Startup Cost": 0.27, "Total Cost": 4.28, "Plan Rows": 1, "Plan Width": 21, "Actual Startup Time": 65.637, "Actual Total Time": 65.637, "Actual Rows": 1, "Actual Loops": 10544, "Recheck Cond": "(id = mk.movie_id)", "Rows Removed by Index Recheck": 0, "Filter": "(((title)::text ~~ '%Money%'::text) AND (production_year = 1998))", "Rows Removed by Filter": 10543, "Exact Heap Blocks": 10544, "Lossy Heap Blocks": 10544, "Plans": [{"Node Type": "Bitmap Index Scan", "Parent Relationship": "Outer", "Index Name": "title_pkey", "Startup Cost": 0.0, "Total Cost": 0.27, "Plan Rows": 1, "Plan Width": 0, "Actual Startup Time": 31.501, "Actual Total Time": 31.501, "Actual Rows": 10544, "Actual Loops": 10544, "Index Cond": "(id = mk.movie_id)"}]}]}, {"Node Type": "Bitmap Heap Scan", "Parent Relationship": "Inner", "Relation Name": "movie_companies", "Alias": "mc", "Startup Cost": 0.27, "Total Cost": 4.3, "Plan Rows": 2, "Plan Width": 12, "Actual Startup Time": 0.035, "Actual Total Time": 0.036, "Actual Rows": 3, "Actual Loops": 1, "Recheck Cond": "(movie_id = mk.movie_id)", "Rows Removed by Index Recheck": 0, "Filter": "(note IS NULL)", "Rows Removed by Filter": 1, "Exact Heap Blocks": 2, "Lossy Heap Blocks": 2, "Plans": [{"Node Type": "Bitmap Index Scan", "Parent Relationship": "Outer", "Index Name": "movie_id_movie_companies", "Startup Cost": 0.0, "Total Cost": 0.27, "Plan Rows": 2, "Plan Width": 0, "Actual Startup Time": 0.011, "Actual Total Time": 0.011, "Actual Rows": 4, "Actual Loops": 1, "Index Cond": "(movie_id = mk.movie_id)"}]}]}, {"Node Type": "Bitmap Heap Scan", "Parent Relationship": "Inner", "Relation Name": "company_name", "Alias": "cn", "Startup Cost": 0.26, "Total Cost": 4.28, "Plan Rows": 1, "Plan Width": 23, "Actual Startup Time": 0.042, "Actual Total Time": 0.042, "Actual Rows": 2, "Actual Loops": 3, "Recheck Cond": "(id = mc.company_id)", "Rows Removed by Index Recheck": 0, "Filter": "(((country_code)::text <> '[pl]'::text) AND (((name)::text ~~ '%Film%'::text) OR ((name)::text ~~ '%Warner%'::text)))", "Rows Removed by Filter": 1, "Exact Heap Blocks": 3, "Lossy Heap Blocks": 3, "Plans": [{"Node Type": "Bitmap Index Scan", "Parent Relationship": "Outer", "Index Name": "company_name_pkey", "Startup Cost": 0.0, "Total Cost": 0.26, "Plan Rows": 1, "Plan Width": 0, "Actual Startup Time": 0.021, "Actual Total Time": 0.021, "Actual Rows": 3, "Actual Loops": 3, "Index Cond": "(id = mc.company_id)"}]}]}, {"Node Type": "Seq Scan", "Parent Relationship": "Inner", "Relation Name": "company_type", "Alias": "ct", "Startup Cost": 0.0, "Total Cost": 1.04, "Plan Rows": 1, "Plan Width": 4, "Actual Startup Time": 0.012, "Actual Total Time": 0.012, "Actual Rows": 2, "Actual Loops": 2, "Filter": "((kind)::text = 'production companies'::text)", "Rows Removed by Filter": 0}]}, {"Node Type": "Bitmap Heap Scan", "Parent Relationship": "Inner", "Relation Name": "movie_link", "Alias": "ml", "Startup Cost": 0.29, "Total Cost": 4.35, "Plan Rows": 5, "Plan Width": 8, "Actual Startup Time": 0.024, "Actual Total Time": 0.031, "Actual Rows": 38, "Actual Loops": 2, "Recheck Cond": "(movie_id = mk.movie_id)", "Rows Removed by Index Recheck": 0, "Exact Heap Blocks": 2, "Lossy Heap Blocks": 2, "Plans": [{"Node Type": "Bitmap Index Scan", "Parent Relationship": "Outer", "Index Name": "movie_id_movie_link", "Startup Cost": 0.0, "Total Cost": 0.29, "Plan Rows": 5, "Plan Width": 0, "Actual Startup Time": 0.012, "Actual Total Time": 0.012, "Actual Rows": 38, "Actual Loops": 2, "Index Cond": "(movie_id = mk.movie_id)"}]}]}, {"Node Type": "Seq Scan", "Parent Relationship": "Inner", "Relation Name": "link_type", "Alias": "lt", "Startup Cost": 0.0, "Total Cost": 1.21, "Plan Rows": 1, "Plan Width": 16, "Actual Startup Time": 0.292, "Actual Total Time": 0.292, "Actual Rows": 0, "Actual Loops": 38, "Filter": "((link)::text ~~ '%follows%'::text)", "Rows Removed by Filter": 646}]}]}, "Triggers": [], "Planner Runtime": 80.894, "Total Runtime": 140.522, "Unique SQL Id": 4121279504}}, "(64, 39)": {"explain_plan": {"Plan": {"Node Type": "Aggregate", "Strategy": "Plain", "Startup Cost": 3451.4, "Total Cost": 3451.41, "Plan Rows": 1, "Plan Width": 144, "Plans": [{"Node Type": "Nested Loop", "Parent Relationship": "Outer", "Join Type": "Inner", "Startup Cost": 725.2, "Total Cost": 3451.4, "Plan Rows": 1, "Plan Width": 48, "Inner Unique": true, "Plans": [{"Node Type": "Nested Loop", "Parent Relationship": "Outer", "Join Type": "Inner", "Startup Cost": 724.95, "Total Cost": 3447.11, "Plan Rows": 1, "Plan Width": 40, "Inner Unique": false, "Join Filter": "(t.id = ml.movie_id)", "Plans": [{"Node Type": "Nested Loop", "Parent Relationship": "Outer", "Join Type": "Inner", "Startup Cost": 724.66, "Total Cost": 3442.7, "Plan Rows": 1, "Plan Width": 48, "Inner Unique": true, "Plans": [{"Node Type": "Nested Loop", "Parent Relationship": "Outer", "Join Type": "Inner", "Startup Cost": 724.4, "Total Cost": 3438.42, "Plan Rows": 1, "Plan Width": 52, "Inner Unique": true, "Plans": [{"Node Type": "Nested Loop", "Parent Relationship": "Outer", "Join Type": "Inner", "Startup Cost": 724.14, "Total Cost": 3434.13, "Plan Rows": 1, "Plan Width": 37, "Inner Unique": false, "Join Filter": "(t.id = mc.movie_id)", "Plans": [{"Node Type": "Nested Loop", "Parent Relationship": "Outer", "Join Type": "Inner", "Startup Cost": 723.87, "Total Cost": 3429.8, "Plan Rows": 1, "Plan Width": 25, "Inner Unique": true, "Plans": [{"Node Type": "Nested Loop", "Parent Relationship": "Outer", "Join Type": "Inner", "Startup Cost": 723.6, "Total Cost": 3288.12, "Plan Rows": 33, "Plan Width": 4, "Inner Unique": false, "Plans": [{"Node Type": "Bitmap Heap Scan", "Parent Relationship": "Outer", "Relation Name": "keyword", "Alias": "k", "Startup Cost": 719.1, "Total Cost": 3155.21, "Plan Rows": 1, "Plan Width": 4, "Filter": "((keyword)::text = 'sequel'::text)", "Plans": [{"Node Type": "Bitmap Index Scan", "Parent Relationship": "Outer", "Index Name": "keyword_pkey", "Startup Cost": 0.0, "Total Cost": 719.1, "Plan Rows": 134169, "Plan Width": 0}]}, {"Node Type": "Bitmap Heap Scan", "Parent Relationship": "Inner", "Relation Name": "movie_keyword", "Alias": "mk", "Startup Cost": 4.51, "Total Cost": 132.58, "Plan Rows": 33, "Plan Width": 8, "Recheck Cond": "(keyword_id = k.id)", "Plans": [{"Node Type": "Bitmap Index Scan", "Parent Relationship": "Outer", "Index Name": "keyword_id_movie_keyword", "Startup Cost": 0.0, "Total Cost": 4.5, "Plan Rows": 33, "Plan Width": 0, "Index Cond": "(keyword_id = k.id)"}]}]}, {"Node Type": "Bitmap Heap Scan", "Parent Relationship": "Inner", "Relation Name": "title", "Alias": "t", "Startup Cost": 0.27, "Total Cost": 4.28, "Plan Rows": 1, "Plan Width": 21, "Recheck Cond": "(id = mk.movie_id)", "Filter": "(((title)::text ~~ '%Money%'::text) AND (production_year = 1998))", "Plans": [{"Node Type": "Bitmap Index Scan", "Parent Relationship": "Outer", "Index Name": "title_pkey", "Startup Cost": 0.0, "Total Cost": 0.27, "Plan Rows": 1, "Plan Width": 0, "Index Cond": "(id = mk.movie_id)"}]}]}, {"Node Type": "Bitmap Heap Scan", "Parent Relationship": "Inner", "Relation Name": "movie_companies", "Alias": "mc", "Startup Cost": 0.27, "Total Cost": 4.3, "Plan Rows": 2, "Plan Width": 12, "Recheck Cond": "(movie_id = mk.movie_id)", "Filter": "(note IS NULL)", "Plans": [{"Node Type": "Bitmap Index Scan", "Parent Relationship": "Outer", "Index Name": "movie_id_movie_companies", "Startup Cost": 0.0, "Total Cost": 0.27, "Plan Rows": 2, "Plan Width": 0, "Index Cond": "(movie_id = mk.movie_id)"}]}]}, {"Node Type": "Bitmap Heap Scan", "Parent Relationship": "Inner", "Relation Name": "company_name", "Alias": "cn", "Startup Cost": 0.26, "Total Cost": 4.28, "Plan Rows": 1, "Plan Width": 23, "Recheck Cond": "(id = mc.company_id)", "Filter": "(((country_code)::text <> '[pl]'::text) AND (((name)::text ~~ '%Film%'::text) OR ((name)::text ~~ '%Warner%'::text)))", "Plans": [{"Node Type": "Bitmap Index Scan", "Parent Relationship": "Outer", "Index Name": "company_name_pkey", "Startup Cost": 0.0, "Total Cost": 0.26, "Plan Rows": 1, "Plan Width": 0, "Index Cond": "(id = mc.company_id)"}]}]}, {"Node Type": "Bitmap Heap Scan", "Parent Relationship": "Inner", "Relation Name": "company_type", "Alias": "ct", "Startup Cost": 0.26, "Total Cost": 4.27, "Plan Rows": 1, "Plan Width": 4, "Recheck Cond": "(id = mc.company_type_id)", "Filter": "((kind)::text = 'production companies'::text)", "Plans": [{"Node Type": "Bitmap Index Scan", "Parent Relationship": "Outer", "Index Name": "company_type_pkey", "Startup Cost": 0.0, "Total Cost": 0.26, "Plan Rows": 1, "Plan Width": 0, "Index Cond": "(id = mc.company_type_id)"}]}]}, {"Node Type": "Bitmap Heap Scan", "Parent Relationship": "Inner", "Relation Name": "movie_link", "Alias": "ml", "Startup Cost": 0.29, "Total Cost": 4.35, "Plan Rows": 5, "Plan Width": 8, "Recheck Cond": "(movie_id = mk.movie_id)", "Plans": [{"Node Type": "Bitmap Index Scan", "Parent Relationship": "Outer", "Index Name": "movie_id_movie_link", "Startup Cost": 0.0, "Total Cost": 0.29, "Plan Rows": 5, "Plan Width": 0, "Index Cond": "(movie_id = mk.movie_id)"}]}]}, {"Node Type": "Bitmap Heap Scan", "Parent Relationship": "Inner", "Relation Name": "link_type", "Alias": "lt", "Startup Cost": 0.26, "Total Cost": 4.27, "Plan Rows": 1, "Plan Width": 16, "Recheck Cond": "(id = ml.link_type_id)", "Filter": "((link)::text ~~ '%follows%'::text)", "Plans": [{"Node Type": "Bitmap Index Scan", "Parent Relationship": "Outer", "Index Name": "link_type_pkey", "Startup Cost": 0.0, "Total Cost": 0.26, "Plan Rows": 1, "Plan Width": 0, "Index Cond": "(id = ml.link_type_id)"}]}]}]}, "Unique SQL Id": 4121279504}, "explain_analyze_plan": {"Plan": {"Node Type": "Aggregate", "Strategy": "Plain", "Startup Cost": 3451.4, "Total Cost": 3451.41, "Plan Rows": 1, "Plan Width": 144, "Actual Startup Time": 161.722, "Actual Total Time": 161.723, "Actual Rows": 1, "Actual Loops": 1, "Plans": [{"Node Type": "Nested Loop", "Parent Relationship": "Outer", "Join Type": "Inner", "Startup Cost": 725.2, "Total Cost": 3451.4, "Plan Rows": 1, "Plan Width": 48, "Actual Startup Time": 161.712, "Actual Total Time": 161.712, "Actual Rows": 0, "Actual Loops": 1, "Inner Unique": true, "Plans": [{"Node Type": "Nested Loop", "Parent Relationship": "Outer", "Join Type": "Inner", "Startup Cost": 724.95, "Total Cost": 3447.11, "Plan Rows": 1, "Plan Width": 40, "Actual Startup Time": 19.997, "Actual Total Time": 161.571, "Actual Rows": 38, "Actual Loops": 1, "Inner Unique": false, "Join Filter": "(t.id = ml.movie_id)", "Rows Removed by Join Filter": 0, "Plans": [{"Node Type": "Nested Loop", "Parent Relationship": "Outer", "Join Type": "Inner", "Startup Cost": 724.66, "Total Cost": 3442.7, "Plan Rows": 1, "Plan Width": 48, "Actual Startup Time": 19.97, "Actual Total Time": 161.514, "Actual Rows": 2, "Actual Loops": 1, "Inner Unique": true, "Plans": [{"Node Type": "Nested Loop", "Parent Relationship": "Outer", "Join Type": "Inner", "Startup Cost": 724.4, "Total Cost": 3438.42, "Plan Rows": 1, "Plan Width": 52, "Actual Startup Time": 19.958, "Actual Total Time": 161.497, "Actual Rows": 2, "Actual Loops": 1, "Inner Unique": true, "Plans": [{"Node Type": "Nested Loop", "Parent Relationship": "Outer", "Join Type": "Inner", "Startup Cost": 724.14, "Total Cost": 3434.13, "Plan Rows": 1, "Plan Width": 37, "Actual Startup Time": 19.933, "Actual Total Time": 161.449, "Actual Rows": 3, "Actual Loops": 1, "Inner Unique": false, "Join Filter": "(t.id = mc.movie_id)", "Rows Removed by Join Filter": 0, "Plans": [{"Node Type": "Nested Loop", "Parent Relationship": "Outer", "Join Type": "Inner", "Startup Cost": 723.87, "Total Cost": 3429.8, "Plan Rows": 1, "Plan Width": 25, "Actual Startup Time": 19.903, "Actual Total Time": 161.415, "Actual Rows": 1, "Actual Loops": 1, "Inner Unique": true, "Plans": [{"Node Type": "Nested Loop", "Parent Relationship": "Outer", "Join Type": "Inner", "Startup Cost": 723.6, "Total Cost": 3288.12, "Plan Rows": 33, "Plan Width": 4, "Actual Startup Time": 19.48, "Actual Total Time": 84.809, "Actual Rows": 10544, "Actual Loops": 1, "Inner Unique": false, "Plans": [{"Node Type": "Bitmap Heap Scan", "Parent Relationship": "Outer", "Relation Name": "keyword", "Alias": "k", "Startup Cost": 719.1, "Total Cost": 3155.21, "Plan Rows": 1, "Plan Width": 4, "Actual Startup Time": 16.533, "Actual Total Time": 64.286, "Actual Rows": 1, "Actual Loops": 1, "Filter": "((keyword)::text = 'sequel'::text)", "Rows Removed by Filter": 134168, "Exact Heap Blocks": 759, "Lossy Heap Blocks": 759, "Plans": [{"Node Type": "Bitmap Index Scan", "Parent Relationship": "Outer", "Index Name": "keyword_pkey", "Startup Cost": 0.0, "Total Cost": 719.1, "Plan Rows": 134169, "Plan Width": 0, "Actual Startup Time": 13.54, "Actual Total Time": 13.54, "Actual Rows": 134169, "Actual Loops": 1}]}, {"Node Type": "Bitmap Heap Scan", "Parent Relationship": "Inner", "Relation Name": "movie_keyword", "Alias": "mk", "Startup Cost": 4.51, "Total Cost": 132.58, "Plan Rows": 33, "Plan Width": 8, "Actual Startup Time": 2.933, "Actual Total Time": 18.397, "Actual Rows": 10544, "Actual Loops": 1, "Recheck Cond": "(keyword_id = k.id)", "Rows Removed by Index Recheck": 0, "Exact Heap Blocks": 5090, "Lossy Heap Blocks": 5090, "Plans": [{"Node Type": "Bitmap Index Scan", "Parent Relationship": "Outer", "Index Name": "keyword_id_movie_keyword", "Startup Cost": 0.0, "Total Cost": 4.5, "Plan Rows": 33, "Plan Width": 0, "Actual Startup Time": 2.017, "Actual Total Time": 2.017, "Actual Rows": 10544, "Actual Loops": 1, "Index Cond": "(keyword_id = k.id)"}]}]}, {"Node Type": "Bitmap Heap Scan", "Parent Relationship": "Inner", "Relation Name": "title", "Alias": "t", "Startup Cost": 0.27, "Total Cost": 4.28, "Plan Rows": 1, "Plan Width": 21, "Actual Startup Time": 64.824, "Actual Total Time": 64.824, "Actual Rows": 1, "Actual Loops": 10544, "Recheck Cond": "(id = mk.movie_id)", "Rows Removed by Index Recheck": 0, "Filter": "(((title)::text ~~ '%Money%'::text) AND (production_year = 1998))", "Rows Removed by Filter": 10543, "Exact Heap Blocks": 10544, "Lossy Heap Blocks": 10544, "Plans": [{"Node Type": "Bitmap Index Scan", "Parent Relationship": "Outer", "Index Name": "title_pkey", "Startup Cost": 0.0, "Total Cost": 0.27, "Plan Rows": 1, "Plan Width": 0, "Actual Startup Time": 31.063, "Actual Total Time": 31.063, "Actual Rows": 10544, "Actual Loops": 10544, "Index Cond": "(id = mk.movie_id)"}]}]}, {"Node Type": "Bitmap Heap Scan", "Parent Relationship": "Inner", "Relation Name": "movie_companies", "Alias": "mc", "Startup Cost": 0.27, "Total Cost": 4.3, "Plan Rows": 2, "Plan Width": 12, "Actual Startup Time": 0.024, "Actual Total Time": 0.025, "Actual Rows": 3, "Actual Loops": 1, "Recheck Cond": "(movie_id = mk.movie_id)", "Rows Removed by Index Recheck": 0, "Filter": "(note IS NULL)", "Rows Removed by Filter": 1, "Exact Heap Blocks": 2, "Lossy Heap Blocks": 2, "Plans": [{"Node Type": "Bitmap Index Scan", "Parent Relationship": "Outer", "Index Name": "movie_id_movie_companies", "Startup Cost": 0.0, "Total Cost": 0.27, "Plan Rows": 2, "Plan Width": 0, "Actual Startup Time": 0.012, "Actual Total Time": 0.012, "Actual Rows": 4, "Actual Loops": 1, "Index Cond": "(movie_id = mk.movie_id)"}]}]}, {"Node Type": "Bitmap Heap Scan", "Parent Relationship": "Inner", "Relation Name": "company_name", "Alias": "cn", "Startup Cost": 0.26, "Total Cost": 4.28, "Plan Rows": 1, "Plan Width": 23, "Actual Startup Time": 0.041, "Actual Total Time": 0.041, "Actual Rows": 2, "Actual Loops": 3, "Recheck Cond": "(id = mc.company_id)", "Rows Removed by Index Recheck": 0, "Filter": "(((country_code)::text <> '[pl]'::text) AND (((name)::text ~~ '%Film%'::text) OR ((name)::text ~~ '%Warner%'::text)))", "Rows Removed by Filter": 1, "Exact Heap Blocks": 3, "Lossy Heap Blocks": 3, "Plans": [{"Node Type": "Bitmap Index Scan", "Parent Relationship": "Outer", "Index Name": "company_name_pkey", "Startup Cost": 0.0, "Total Cost": 0.26, "Plan Rows": 1, "Plan Width": 0, "Actual Startup Time": 0.02, "Actual Total Time": 0.02, "Actual Rows": 3, "Actual Loops": 3, "Index Cond": "(id = mc.company_id)"}]}]}, {"Node Type": "Bitmap Heap Scan", "Parent Relationship": "Inner", "Relation Name": "company_type", "Alias": "ct", "Startup Cost": 0.26, "Total Cost": 4.27, "Plan Rows": 1, "Plan Width": 4, "Actual Startup Time": 0.013, "Actual Total Time": 0.013, "Actual Rows": 2, "Actual Loops": 2, "Recheck Cond": "(id = mc.company_type_id)", "Rows Removed by Index Recheck": 0, "Filter": "((kind)::text = 'production companies'::text)", "Rows Removed by Filter": 0, "Exact Heap Blocks": 2, "Lossy Heap Blocks": 2, "Plans": [{"Node Type": "Bitmap Index Scan", "Parent Relationship": "Outer", "Index Name": "company_type_pkey", "Startup Cost": 0.0, "Total Cost": 0.26, "Plan Rows": 1, "Plan Width": 0, "Actual Startup Time": 0.004, "Actual Total Time": 0.004, "Actual Rows": 2, "Actual Loops": 2, "Index Cond": "(id = mc.company_type_id)"}]}]}, {"Node Type": "Bitmap Heap Scan", "Parent Relationship": "Inner", "Relation Name": "movie_link", "Alias": "ml", "Startup Cost": 0.29, "Total Cost": 4.35, "Plan Rows": 5, "Plan Width": 8, "Actual Startup Time": 0.025, "Actual Total Time": 0.028, "Actual Rows": 38, "Actual Loops": 2, "Recheck Cond": "(movie_id = mk.movie_id)", "Rows Removed by Index Recheck": 0, "Exact Heap Blocks": 2, "Lossy Heap Blocks": 2, "Plans": [{"Node Type": "Bitmap Index Scan", "Parent Relationship": "Outer", "Index Name": "movie_id_movie_link", "Startup Cost": 0.0, "Total Cost": 0.29, "Plan Rows": 5, "Plan Width": 0, "Actual Startup Time": 0.013, "Actual Total Time": 0.013, "Actual Rows": 38, "Actual Loops": 2, "Index Cond": "(movie_id = mk.movie_id)"}]}]}, {"Node Type": "Bitmap Heap Scan", "Parent Relationship": "Inner", "Relation Name": "link_type", "Alias": "lt", "Startup Cost": 0.26, "Total Cost": 4.27, "Plan Rows": 1, "Plan Width": 16, "Actual Startup Time": 0.097, "Actual Total Time": 0.097, "Actual Rows": 0, "Actual Loops": 38, "Recheck Cond": "(id = ml.link_type_id)", "Rows Removed by Index Recheck": 0, "Filter": "((link)::text ~~ '%follows%'::text)", "Rows Removed by Filter": 24, "Exact Heap Blocks": 24, "Lossy Heap Blocks": 24, "Plans": [{"Node Type": "Bitmap Index Scan", "Parent Relationship": "Outer", "Index Name": "link_type_pkey", "Startup Cost": 0.0, "Total Cost": 0.26, "Plan Rows": 1, "Plan Width": 0, "Actual Startup Time": 0.039, "Actual Total Time": 0.039, "Actual Rows": 24, "Actual Loops": 38, "Index Cond": "(id = ml.link_type_id)"}]}]}]}, "Triggers": [], "Planner Runtime": 60.458, "Total Runtime": 162.221, "Unique SQL Id": 4121279504}}, "(64, 40)": {"explain_plan": {"Plan": {"Node Type": "Aggregate", "Strategy": "Plain", "Startup Cost": 2585.63, "Total Cost": 2585.64, "Plan Rows": 1, "Plan Width": 144, "Plans": [{"Node Type": "Nested Loop", "Parent Relationship": "Outer", "Join Type": "Inner", "Startup Cost": 0.0, "Total Cost": 2585.62, "Plan Rows": 1, "Plan Width": 48, "Inner Unique": true, "Plans": [{"Node Type": "Nested Loop", "Parent Relationship": "Outer", "Join Type": "Inner", "Startup Cost": 0.0, "Total Cost": 2585.34, "Plan Rows": 1, "Plan Width": 40, "Inner Unique": false, "Join Filter": "(t.id = ml.movie_id)", "Plans": [{"Node Type": "Nested Loop", "Parent Relationship": "Outer", "Join Type": "Inner", "Startup Cost": 0.0, "Total Cost": 2584.93, "Plan Rows": 1, "Plan Width": 48, "Inner Unique": true, "Plans": [{"Node Type": "Nested Loop", "Parent Relationship": "Outer", "Join Type": "Inner", "Startup Cost": 0.0, "Total Cost": 2584.64, "Plan Rows": 1, "Plan Width": 52, "Inner Unique": true, "Plans": [{"Node Type": "Nested Loop", "Parent Relationship": "Outer", "Join Type": "Inner", "Startup Cost": 0.0, "Total Cost": 2584.35, "Plan Rows": 1, "Plan Width": 37, "Inner Unique": false, "Join Filter": "(t.id = mc.movie_id)", "Plans": [{"Node Type": "Nested Loop", "Parent Relationship": "Outer", "Join Type": "Inner", "Startup Cost": 0.0, "Total Cost": 2584.01, "Plan Rows": 1, "Plan Width": 25, "Inner Unique": true, "Plans": [{"Node Type": "Nested Loop", "Parent Relationship": "Outer", "Join Type": "Inner", "Startup Cost": 0.0, "Total Cost": 2573.32, "Plan Rows": 33, "Plan Width": 4, "Inner Unique": false, "Plans": [{"Node Type": "Seq Scan", "Parent Relationship": "Outer", "Relation Name": "keyword", "Alias": "k", "Startup Cost": 0.0, "Total Cost": 2436.11, "Plan Rows": 1, "Plan Width": 4, "Filter": "((keyword)::text = 'sequel'::text)"}, {"Node Type": "Index Scan", "Parent Relationship": "Inner", "Scan Direction": "Forward", "Index Name": "keyword_id_movie_keyword", "Relation Name": "movie_keyword", "Alias": "mk", "Startup Cost": 0.0, "Total Cost": 136.88, "Plan Rows": 33, "Plan Width": 8, "Index Cond": "(keyword_id = k.id)"}]}, {"Node Type": "Index Scan", "Parent Relationship": "Inner", "Scan Direction": "Forward", "Index Name": "title_pkey", "Relation Name": "title", "Alias": "t", "Startup Cost": 0.0, "Total Cost": 0.31, "Plan Rows": 1, "Plan Width": 21, "Index Cond": "(id = mk.movie_id)", "Filter": "(((title)::text ~~ '%Money%'::text) AND (production_year = 1998))"}]}, {"Node Type": "Index Scan", "Parent Relationship": "Inner", "Scan Direction": "Forward", "Index Name": "movie_id_movie_companies", "Relation Name": "movie_companies", "Alias": "mc", "Startup Cost": 0.0, "Total Cost": 0.31, "Plan Rows": 2, "Plan Width": 12, "Index Cond": "(movie_id = mk.movie_id)", "Filter": "(note IS NULL)"}]}, {"Node Type": "Index Scan", "Parent Relationship": "Inner", "Scan Direction": "Forward", "Index Name": "company_name_pkey", "Relation Name": "company_name", "Alias": "cn", "Startup Cost": 0.0, "Total Cost": 0.29, "Plan Rows": 1, "Plan Width": 23, "Index Cond": "(id = mc.company_id)", "Filter": "(((country_code)::text <> '[pl]'::text) AND (((name)::text ~~ '%Film%'::text) OR ((name)::text ~~ '%Warner%'::text)))"}]}, {"Node Type": "Index Scan", "Parent Relationship": "Inner", "Scan Direction": "Forward", "Index Name": "company_type_pkey", "Relation Name": "company_type", "Alias": "ct", "Startup Cost": 0.0, "Total Cost": 0.27, "Plan Rows": 1, "Plan Width": 4, "Index Cond": "(id = mc.company_type_id)", "Filter": "((kind)::text = 'production companies'::text)"}]}, {"Node Type": "Index Scan", "Parent Relationship": "Inner", "Scan Direction": "Forward", "Index Name": "movie_id_movie_link", "Relation Name": "movie_link", "Alias": "ml", "Startup Cost": 0.0, "Total Cost": 0.35, "Plan Rows": 5, "Plan Width": 8, "Index Cond": "(movie_id = mk.movie_id)"}]}, {"Node Type": "Index Scan", "Parent Relationship": "Inner", "Scan Direction": "Forward", "Index Name": "link_type_pkey", "Relation Name": "link_type", "Alias": "lt", "Startup Cost": 0.0, "Total Cost": 0.27, "Plan Rows": 1, "Plan Width": 16, "Index Cond": "(id = ml.link_type_id)", "Filter": "((link)::text ~~ '%follows%'::text)"}]}]}, "Unique SQL Id": 4121279504}, "explain_analyze_plan": {"Plan": {"Node Type": "Aggregate", "Strategy": "Plain", "Startup Cost": 2585.63, "Total Cost": 2585.64, "Plan Rows": 1, "Plan Width": 144, "Actual Startup Time": 120.206, "Actual Total Time": 120.207, "Actual Rows": 1, "Actual Loops": 1, "Plans": [{"Node Type": "Nested Loop", "Parent Relationship": "Outer", "Join Type": "Inner", "Startup Cost": 0.0, "Total Cost": 2585.62, "Plan Rows": 1, "Plan Width": 48, "Actual Startup Time": 120.199, "Actual Total Time": 120.199, "Actual Rows": 0, "Actual Loops": 1, "Inner Unique": true, "Plans": [{"Node Type": "Nested Loop", "Parent Relationship": "Outer", "Join Type": "Inner", "Startup Cost": 0.0, "Total Cost": 2585.34, "Plan Rows": 1, "Plan Width": 40, "Actual Startup Time": 2.804, "Actual Total Time": 120.112, "Actual Rows": 38, "Actual Loops": 1, "Inner Unique": false, "Join Filter": "(t.id = ml.movie_id)", "Rows Removed by Join Filter": 0, "Plans": [{"Node Type": "Nested Loop", "Parent Relationship": "Outer", "Join Type": "Inner", "Startup Cost": 0.0, "Total Cost": 2584.93, "Plan Rows": 1, "Plan Width": 48, "Actual Startup Time": 2.79, "Actual Total Time": 120.066, "Actual Rows": 2, "Actual Loops": 1, "Inner Unique": true, "Plans": [{"Node Type": "Nested Loop", "Parent Relationship": "Outer", "Join Type": "Inner", "Startup Cost": 0.0, "Total Cost": 2584.64, "Plan Rows": 1, "Plan Width": 52, "Actual Startup Time": 2.781, "Actual Total Time": 120.052, "Actual Rows": 2, "Actual Loops": 1, "Inner Unique": true, "Plans": [{"Node Type": "Nested Loop", "Parent Relationship": "Outer", "Join Type": "Inner", "Startup Cost": 0.0, "Total Cost": 2584.35, "Plan Rows": 1, "Plan Width": 37, "Actual Startup Time": 2.759, "Actual Total Time": 120.009, "Actual Rows": 3, "Actual Loops": 1, "Inner Unique": false, "Join Filter": "(t.id = mc.movie_id)", "Rows Removed by Join Filter": 0, "Plans": [{"Node Type": "Nested Loop", "Parent Relationship": "Outer", "Join Type": "Inner", "Startup Cost": 0.0, "Total Cost": 2584.01, "Plan Rows": 1, "Plan Width": 25, "Actual Startup Time": 2.739, "Actual Total Time": 119.985, "Actual Rows": 1, "Actual Loops": 1, "Inner Unique": true, "Plans": [{"Node Type": "Nested Loop", "Parent Relationship": "Outer", "Join Type": "Inner", "Startup Cost": 0.0, "Total Cost": 2573.32, "Plan Rows": 33, "Plan Width": 4, "Actual Startup Time": 2.392, "Actual Total Time": 59.078, "Actual Rows": 10544, "Actual Loops": 1, "Inner Unique": false, "Plans": [{"Node Type": "Seq Scan", "Parent Relationship": "Outer", "Relation Name": "keyword", "Alias": "k", "Startup Cost": 0.0, "Total Cost": 2436.11, "Plan Rows": 1, "Plan Width": 4, "Actual Startup Time": 2.347, "Actual Total Time": 41.646, "Actual Rows": 1, "Actual Loops": 1, "Filter": "((keyword)::text = 'sequel'::text)", "Rows Removed by Filter": 134168}, {"Node Type": "Index Scan", "Parent Relationship": "Inner", "Scan Direction": "Forward", "Index Name": "keyword_id_movie_keyword", "Relation Name": "movie_keyword", "Alias": "mk", "Startup Cost": 0.0, "Total Cost": 136.88, "Plan Rows": 33, "Plan Width": 8, "Actual Startup Time": 0.038, "Actual Total Time": 15.158, "Actual Rows": 10544, "Actual Loops": 1, "Index Cond": "(keyword_id = k.id)", "Rows Removed by Index Recheck": 0}]}, {"Node Type": "Index Scan", "Parent Relationship": "Inner", "Scan Direction": "Forward", "Index Name": "title_pkey", "Relation Name": "title", "Alias": "t", "Startup Cost": 0.0, "Total Cost": 0.31, "Plan Rows": 1, "Plan Width": 21, "Actual Startup Time": 55.67, "Actual Total Time": 55.67, "Actual Rows": 1, "Actual Loops": 10544, "Index Cond": "(id = mk.movie_id)", "Rows Removed by Index Recheck": 0, "Filter": "(((title)::text ~~ '%Money%'::text) AND (production_year = 1998))", "Rows Removed by Filter": 10543}]}, {"Node Type": "Index Scan", "Parent Relationship": "Inner", "Scan Direction": "Forward", "Index Name": "movie_id_movie_companies", "Relation Name": "movie_companies", "Alias": "mc", "Startup Cost": 0.0, "Total Cost": 0.31, "Plan Rows": 2, "Plan Width": 12, "Actual Startup Time": 0.016, "Actual Total Time": 0.017, "Actual Rows": 3, "Actual Loops": 1, "Index Cond": "(movie_id = mk.movie_id)", "Rows Removed by Index Recheck": 0, "Filter": "(note IS NULL)", "Rows Removed by Filter": 1}]}, {"Node Type": "Index Scan", "Parent Relationship": "Inner", "Scan Direction": "Forward", "Index Name": "company_name_pkey", "Relation Name": "company_name", "Alias": "cn", "Startup Cost": 0.0, "Total Cost": 0.29, "Plan Rows": 1, "Plan Width": 23, "Actual Startup Time": 0.038, "Actual Total Time": 0.038, "Actual Rows": 2, "Actual Loops": 3, "Index Cond": "(id = mc.company_id)", "Rows Removed by Index Recheck": 0, "Filter": "(((country_code)::text <> '[pl]'::text) AND (((name)::text ~~ '%Film%'::text) OR ((name)::text ~~ '%Warner%'::text)))", "Rows Removed by Filter": 1}]}, {"Node Type": "Index Scan", "Parent Relationship": "Inner", "Scan Direction": "Forward", "Index Name": "company_type_pkey", "Relation Name": "company_type", "Alias": "ct", "Startup Cost": 0.0, "Total Cost": 0.27, "Plan Rows": 1, "Plan Width": 4, "Actual Startup Time": 0.01, "Actual Total Time": 0.01, "Actual Rows": 2, "Actual Loops": 2, "Index Cond": "(id = mc.company_type_id)", "Rows Removed by Index Recheck": 0, "Filter": "((kind)::text = 'production companies'::text)", "Rows Removed by Filter": 0}]}, {"Node Type": "Index Scan", "Parent Relationship": "Inner", "Scan Direction": "Forward", "Index Name": "movie_id_movie_link", "Relation Name": "movie_link", "Alias": "ml", "Startup Cost": 0.0, "Total Cost": 0.35, "Plan Rows": 5, "Plan Width": 8, "Actual Startup Time": 0.015, "Actual Total Time": 0.031, "Actual Rows": 38, "Actual Loops": 2, "Index Cond": "(movie_id = mk.movie_id)", "Rows Removed by Index Recheck": 0}]}, {"Node Type": "Index Scan", "Parent Relationship": "Inner", "Scan Direction": "Forward", "Index Name": "link_type_pkey", "Relation Name": "link_type", "Alias": "lt", "Startup Cost": 0.0, "Total Cost": 0.27, "Plan Rows": 1, "Plan Width": 16, "Actual Startup Time": 0.063, "Actual Total Time": 0.063, "Actual Rows": 0, "Actual Loops": 38, "Index Cond": "(id = ml.link_type_id)", "Rows Removed by Index Recheck": 0, "Filter": "((link)::text ~~ '%follows%'::text)", "Rows Removed by Filter": 24}]}]}, "Triggers": [], "Planner Runtime": 76.567, "Total Runtime": 120.592, "Unique SQL Id": 4121279504}}, "(64, 41)": {"explain_plan": {"Plan": {"Node Type": "Aggregate", "Strategy": "Plain", "Startup Cost": 3332.23, "Total Cost": 3332.24, "Plan Rows": 1, "Plan Width": 144, "Plans": [{"Node Type": "Nested Loop", "Parent Relationship": "Outer", "Join Type": "Inner", "Startup Cost": 0.0, "Total Cost": 3332.23, "Plan Rows": 1, "Plan Width": 48, "Inner Unique": true, "Plans": [{"Node Type": "Nested Loop", "Parent Relationship": "Outer", "Join Type": "Inner", "Startup Cost": 0.0, "Total Cost": 3331.94, "Plan Rows": 1, "Plan Width": 40, "Inner Unique": false, "Join Filter": "(t.id = ml.movie_id)", "Plans": [{"Node Type": "Nested Loop", "Parent Relationship": "Outer", "Join Type": "Inner", "Startup Cost": 0.0, "Total Cost": 3331.53, "Plan Rows": 1, "Plan Width": 48, "Inner Unique": true, "Plans": [{"Node Type": "Nested Loop", "Parent Relationship": "Outer", "Join Type": "Inner", "Startup Cost": 0.0, "Total Cost": 3331.25, "Plan Rows": 1, "Plan Width": 52, "Inner Unique": true, "Plans": [{"Node Type": "Nested Loop", "Parent Relationship": "Outer", "Join Type": "Inner", "Startup Cost": 0.0, "Total Cost": 3330.95, "Plan Rows": 1, "Plan Width": 37, "Inner Unique": false, "Join Filter": "(t.id = mc.movie_id)", "Plans": [{"Node Type": "Nested Loop", "Parent Relationship": "Outer", "Join Type": "Inner", "Startup Cost": 0.0, "Total Cost": 3330.61, "Plan Rows": 1, "Plan Width": 25, "Inner Unique": true, "Plans": [{"Node Type": "Nested Loop", "Parent Relationship": "Outer", "Join Type": "Inner", "Startup Cost": 0.0, "Total Cost": 3319.92, "Plan Rows": 33, "Plan Width": 4, "Inner Unique": false, "Plans": [{"Node Type": "Index Scan", "Parent Relationship": "Outer", "Scan Direction": "Forward", "Index Name": "keyword_pkey", "Relation Name": "keyword", "Alias": "k", "Startup Cost": 0.0, "Total Cost": 3182.72, "Plan Rows": 1, "Plan Width": 4, "Filter": "((keyword)::text = 'sequel'::text)"}, {"Node Type": "Index Scan", "Parent Relationship": "Inner", "Scan Direction": "Forward", "Index Name": "keyword_id_movie_keyword", "Relation Name": "movie_keyword", "Alias": "mk", "Startup Cost": 0.0, "Total Cost": 136.88, "Plan Rows": 33, "Plan Width": 8, "Index Cond": "(keyword_id = k.id)"}]}, {"Node Type": "Index Scan", "Parent Relationship": "Inner", "Scan Direction": "Forward", "Index Name": "title_pkey", "Relation Name": "title", "Alias": "t", "Startup Cost": 0.0, "Total Cost": 0.31, "Plan Rows": 1, "Plan Width": 21, "Index Cond": "(id = mk.movie_id)", "Filter": "(((title)::text ~~ '%Money%'::text) AND (production_year = 1998))"}]}, {"Node Type": "Index Scan", "Parent Relationship": "Inner", "Scan Direction": "Forward", "Index Name": "movie_id_movie_companies", "Relation Name": "movie_companies", "Alias": "mc", "Startup Cost": 0.0, "Total Cost": 0.31, "Plan Rows": 2, "Plan Width": 12, "Index Cond": "(movie_id = mk.movie_id)", "Filter": "(note IS NULL)"}]}, {"Node Type": "Index Scan", "Parent Relationship": "Inner", "Scan Direction": "Forward", "Index Name": "company_name_pkey", "Relation Name": "company_name", "Alias": "cn", "Startup Cost": 0.0, "Total Cost": 0.29, "Plan Rows": 1, "Plan Width": 23, "Index Cond": "(id = mc.company_id)", "Filter": "(((country_code)::text <> '[pl]'::text) AND (((name)::text ~~ '%Film%'::text) OR ((name)::text ~~ '%Warner%'::text)))"}]}, {"Node Type": "Index Scan", "Parent Relationship": "Inner", "Scan Direction": "Forward", "Index Name": "company_type_pkey", "Relation Name": "company_type", "Alias": "ct", "Startup Cost": 0.0, "Total Cost": 0.27, "Plan Rows": 1, "Plan Width": 4, "Index Cond": "(id = mc.company_type_id)", "Filter": "((kind)::text = 'production companies'::text)"}]}, {"Node Type": "Index Scan", "Parent Relationship": "Inner", "Scan Direction": "Forward", "Index Name": "movie_id_movie_link", "Relation Name": "movie_link", "Alias": "ml", "Startup Cost": 0.0, "Total Cost": 0.35, "Plan Rows": 5, "Plan Width": 8, "Index Cond": "(movie_id = mk.movie_id)"}]}, {"Node Type": "Index Scan", "Parent Relationship": "Inner", "Scan Direction": "Forward", "Index Name": "link_type_pkey", "Relation Name": "link_type", "Alias": "lt", "Startup Cost": 0.0, "Total Cost": 0.27, "Plan Rows": 1, "Plan Width": 16, "Index Cond": "(id = ml.link_type_id)", "Filter": "((link)::text ~~ '%follows%'::text)"}]}]}, "Unique SQL Id": 4121279504}, "explain_analyze_plan": {"Plan": {"Node Type": "Aggregate", "Strategy": "Plain", "Startup Cost": 3332.23, "Total Cost": 3332.24, "Plan Rows": 1, "Plan Width": 144, "Actual Startup Time": 195.478, "Actual Total Time": 195.479, "Actual Rows": 1, "Actual Loops": 1, "Plans": [{"Node Type": "Nested Loop", "Parent Relationship": "Outer", "Join Type": "Inner", "Startup Cost": 0.0, "Total Cost": 3332.23, "Plan Rows": 1, "Plan Width": 48, "Actual Startup Time": 195.466, "Actual Total Time": 195.466, "Actual Rows": 0, "Actual Loops": 1, "Inner Unique": true, "Plans": [{"Node Type": "Nested Loop", "Parent Relationship": "Outer", "Join Type": "Inner", "Startup Cost": 0.0, "Total Cost": 3331.94, "Plan Rows": 1, "Plan Width": 40, "Actual Startup Time": 1.022, "Actual Total Time": 195.379, "Actual Rows": 38, "Actual Loops": 1, "Inner Unique": false, "Join Filter": "(t.id = ml.movie_id)", "Rows Removed by Join Filter": 0, "Plans": [{"Node Type": "Nested Loop", "Parent Relationship": "Outer", "Join Type": "Inner", "Startup Cost": 0.0, "Total Cost": 3331.53, "Plan Rows": 1, "Plan Width": 48, "Actual Startup Time": 1.006, "Actual Total Time": 195.329, "Actual Rows": 2, "Actual Loops": 1, "Inner Unique": true, "Plans": [{"Node Type": "Nested Loop", "Parent Relationship": "Outer", "Join Type": "Inner", "Startup Cost": 0.0, "Total Cost": 3331.25, "Plan Rows": 1, "Plan Width": 52, "Actual Startup Time": 0.993, "Actual Total Time": 195.312, "Actual Rows": 2, "Actual Loops": 1, "Inner Unique": true, "Plans": [{"Node Type": "Nested Loop", "Parent Relationship": "Outer", "Join Type": "Inner", "Startup Cost": 0.0, "Total Cost": 3330.95, "Plan Rows": 1, "Plan Width": 37, "Actual Startup Time": 0.971, "Actual Total Time": 195.27, "Actual Rows": 3, "Actual Loops": 1, "Inner Unique": false, "Join Filter": "(t.id = mc.movie_id)", "Rows Removed by Join Filter": 0, "Plans": [{"Node Type": "Nested Loop", "Parent Relationship": "Outer", "Join Type": "Inner", "Startup Cost": 0.0, "Total Cost": 3330.61, "Plan Rows": 1, "Plan Width": 25, "Actual Startup Time": 0.949, "Actual Total Time": 195.245, "Actual Rows": 1, "Actual Loops": 1, "Inner Unique": true, "Plans": [{"Node Type": "Nested Loop", "Parent Relationship": "Outer", "Join Type": "Inner", "Startup Cost": 0.0, "Total Cost": 3319.92, "Plan Rows": 33, "Plan Width": 4, "Actual Startup Time": 0.597, "Actual Total Time": 133.24, "Actual Rows": 10544, "Actual Loops": 1, "Inner Unique": false, "Plans": [{"Node Type": "Index Scan", "Parent Relationship": "Outer", "Scan Direction": "Forward", "Index Name": "keyword_pkey", "Relation Name": "keyword", "Alias": "k", "Startup Cost": 0.0, "Total Cost": 3182.72, "Plan Rows": 1, "Plan Width": 4, "Actual Startup Time": 0.557, "Actual Total Time": 115.424, "Actual Rows": 1, "Actual Loops": 1, "Filter": "((keyword)::text = 'sequel'::text)", "Rows Removed by Filter": 134168}, {"Node Type": "Index Scan", "Parent Relationship": "Inner", "Scan Direction": "Forward", "Index Name": "keyword_id_movie_keyword", "Relation Name": "movie_keyword", "Alias": "mk", "Startup Cost": 0.0, "Total Cost": 136.88, "Plan Rows": 33, "Plan Width": 8, "Actual Startup Time": 0.033, "Actual Total Time": 15.557, "Actual Rows": 10544, "Actual Loops": 1, "Index Cond": "(keyword_id = k.id)", "Rows Removed by Index Recheck": 0}]}, {"Node Type": "Index Scan", "Parent Relationship": "Inner", "Scan Direction": "Forward", "Index Name": "title_pkey", "Relation Name": "title", "Alias": "t", "Startup Cost": 0.0, "Total Cost": 0.31, "Plan Rows": 1, "Plan Width": 21, "Actual Startup Time": 56.68, "Actual Total Time": 56.68, "Actual Rows": 1, "Actual Loops": 10544, "Index Cond": "(id = mk.movie_id)", "Rows Removed by Index Recheck": 0, "Filter": "(((title)::text ~~ '%Money%'::text) AND (production_year = 1998))", "Rows Removed by Filter": 10543}]}, {"Node Type": "Index Scan", "Parent Relationship": "Inner", "Scan Direction": "Forward", "Index Name": "movie_id_movie_companies", "Relation Name": "movie_companies", "Alias": "mc", "Startup Cost": 0.0, "Total Cost": 0.31, "Plan Rows": 2, "Plan Width": 12, "Actual Startup Time": 0.019, "Actual Total Time": 0.022, "Actual Rows": 3, "Actual Loops": 1, "Index Cond": "(movie_id = mk.movie_id)", "Rows Removed by Index Recheck": 0, "Filter": "(note IS NULL)", "Rows Removed by Filter": 1}]}, {"Node Type": "Index Scan", "Parent Relationship": "Inner", "Scan Direction": "Forward", "Index Name": "company_name_pkey", "Relation Name": "company_name", "Alias": "cn", "Startup Cost": 0.0, "Total Cost": 0.29, "Plan Rows": 1, "Plan Width": 23, "Actual Startup Time": 0.038, "Actual Total Time": 0.038, "Actual Rows": 2, "Actual Loops": 3, "Index Cond": "(id = mc.company_id)", "Rows Removed by Index Recheck": 0, "Filter": "(((country_code)::text <> '[pl]'::text) AND (((name)::text ~~ '%Film%'::text) OR ((name)::text ~~ '%Warner%'::text)))", "Rows Removed by Filter": 1}]}, {"Node Type": "Index Scan", "Parent Relationship": "Inner", "Scan Direction": "Forward", "Index Name": "company_type_pkey", "Relation Name": "company_type", "Alias": "ct", "Startup Cost": 0.0, "Total Cost": 0.27, "Plan Rows": 1, "Plan Width": 4, "Actual Startup Time": 0.013, "Actual Total Time": 0.013, "Actual Rows": 2, "Actual Loops": 2, "Index Cond": "(id = mc.company_type_id)", "Rows Removed by Index Recheck": 0, "Filter": "((kind)::text = 'production companies'::text)", "Rows Removed by Filter": 0}]}, {"Node Type": "Index Scan", "Parent Relationship": "Inner", "Scan Direction": "Forward", "Index Name": "movie_id_movie_link", "Relation Name": "movie_link", "Alias": "ml", "Startup Cost": 0.0, "Total Cost": 0.35, "Plan Rows": 5, "Plan Width": 8, "Actual Startup Time": 0.017, "Actual Total Time": 0.028, "Actual Rows": 38, "Actual Loops": 2, "Index Cond": "(movie_id = mk.movie_id)", "Rows Removed by Index Recheck": 0}]}, {"Node Type": "Index Scan", "Parent Relationship": "Inner", "Scan Direction": "Forward", "Index Name": "link_type_pkey", "Relation Name": "link_type", "Alias": "lt", "Startup Cost": 0.0, "Total Cost": 0.27, "Plan Rows": 1, "Plan Width": 16, "Actual Startup Time": 0.066, "Actual Total Time": 0.066, "Actual Rows": 0, "Actual Loops": 38, "Index Cond": "(id = ml.link_type_id)", "Rows Removed by Index Recheck": 0, "Filter": "((link)::text ~~ '%follows%'::text)", "Rows Removed by Filter": 24}]}]}, "Triggers": [], "Planner Runtime": 69.692, "Total Runtime": 195.978, "Unique SQL Id": 4121279504}}, "(64, 42)": {"explain_plan": {"Plan": {"Node Type": "Aggregate", "Strategy": "Plain", "Startup Cost": 193984.03, "Total Cost": 193984.04, "Plan Rows": 1, "Plan Width": 144, "Plans": [{"Node Type": "Nested Loop", "Parent Relationship": "Outer", "Join Type": "Inner", "Startup Cost": 66572.36, "Total Cost": 193984.02, "Plan Rows": 1, "Plan Width": 48, "Inner Unique": true, "Join Filter": "(ml.link_type_id = lt.id)", "Plans": [{"Node Type": "Nested Loop", "Parent Relationship": "Outer", "Join Type": "Inner", "Startup Cost": 66572.36, "Total Cost": 193982.8, "Plan Rows": 1, "Plan Width": 40, "Inner Unique": false, "Join Filter": "(t.id = ml.movie_id)", "Plans": [{"Node Type": "Nested Loop", "Parent Relationship": "Outer", "Join Type": "Inner", "Startup Cost": 66572.36, "Total Cost": 193176.89, "Plan Rows": 1, "Plan Width": 48, "Inner Unique": true, "Join Filter": "(mc.company_id = cn.id)", "Plans": [{"Node Type": "Nested Loop", "Parent Relationship": "Outer", "Join Type": "Inner", "Startup Cost": 66572.36, "Total Cost": 185378.47, "Plan Rows": 1, "Plan Width": 33, "Inner Unique": false, "Join Filter": "(mk.movie_id = t.id)", "Plans": [{"Node Type": "Hash Join", "Parent Relationship": "Outer", "Join Type": "Inner", "Startup Cost": 2436.12, "Total Cost": 76215.84, "Plan Rows": 33, "Plan Width": 4, "Inner Unique": true, "Hash Cond": "(mk.keyword_id = k.id)", "Plans": [{"Node Type": "Seq Scan", "Parent Relationship": "Outer", "Relation Name": "movie_keyword", "Alias": "mk", "Startup Cost": 0.0, "Total Cost": 62441.29, "Plan Rows": 4523929, "Plan Width": 8}, {"Node Type": "Hash", "Parent Relationship": "Inner", "Startup Cost": 2436.11, "Total Cost": 2436.11, "Plan Rows": 1, "Plan Width": 4, "Plans": [{"Node Type": "Seq Scan", "Parent Relationship": "Outer", "Relation Name": "keyword", "Alias": "k", "Startup Cost": 0.0, "Total Cost": 2436.11, "Plan Rows": 1, "Plan Width": 4, "Filter": "((keyword)::text = 'sequel'::text)"}]}]}, {"Node Type": "Materialize", "Parent Relationship": "Inner", "Startup Cost": 64136.24, "Total Cost": 109160.17, "Plan Rows": 5, "Plan Width": 29, "Plans": [{"Node Type": "Nested Loop", "Parent Relationship": "Outer", "Join Type": "Inner", "Startup Cost": 64136.24, "Total Cost": 109160.14, "Plan Rows": 5, "Plan Width": 29, "Inner Unique": false, "Join Filter": "(mc.company_type_id = ct.id)", "Plans": [{"Node Type": "Seq Scan", "Parent Relationship": "Outer", "Relation Name": "company_type", "Alias": "ct", "Startup Cost": 0.0, "Total Cost": 1.04, "Plan Rows": 1, "Plan Width": 4, "Filter": "((kind)::text = 'production companies'::text)"}, {"Node Type": "Materialize", "Parent Relationship": "Inner", "Startup Cost": 64136.24, "Total Cost": 109159.04, "Plan Rows": 6, "Plan Width": 33, "Plans": [{"Node Type": "Hash Join", "Parent Relationship": "Outer", "Join Type": "Inner", "Startup Cost": 64136.24, "Total Cost": 109159.03, "Plan Rows": 6, "Plan Width": 33, "Inner Unique": true, "Hash Cond": "(mc.movie_id = t.id)", "Plans": [{"Node Type": "Seq Scan", "Parent Relationship": "Outer", "Relation Name": "movie_companies", "Alias": "mc", "Startup Cost": 0.0, "Total Cost": 41817.28, "Plan Rows": 1269486, "Plan Width": 12, "Filter": "(note IS NULL), (LLVM Optimized)"}, {"Node Type": "Hash", "Parent Relationship": "Inner", "Startup Cost": 64136.19, "Total Cost": 64136.19, "Plan Rows": 4, "Plan Width": 21, "Plans": [{"Node Type": "Streaming(type: LOCAL GATHER dop: 1/64)", "Parent Relationship": "Outer", "Startup Cost": 0.0, "Total Cost": 64136.19, "Plan Rows": 4, "Plan Width": 21, "Plans": [{"Node Type": "Seq Scan", "Parent Relationship": "Outer", "Relation Name": "title", "Alias": "t", "Startup Cost": 0.0, "Total Cost": 64136.1, "Plan Rows": 4, "Plan Width": 21, "Filter": "(((title)::text ~~ '%Money%'::text) AND (production_year = 1998))"}]}]}]}]}]}]}]}, {"Node Type": "Seq Scan", "Parent Relationship": "Inner", "Relation Name": "company_name", "Alias": "cn", "Startup Cost": 0.0, "Total Cost": 7078.43, "Plan Rows": 57599, "Plan Width": 23, "Filter": "(((country_code)::text <> '[pl]'::text) AND (((name)::text ~~ '%Film%'::text) OR ((name)::text ~~ '%Warner%'::text)))"}]}, {"Node Type": "Seq Scan", "Parent Relationship": "Inner", "Relation Name": "movie_link", "Alias": "ml", "Startup Cost": 0.0, "Total Cost": 430.96, "Plan Rows": 29996, "Plan Width": 8}]}, {"Node Type": "Seq Scan", "Parent Relationship": "Inner", "Relation Name": "link_type", "Alias": "lt", "Startup Cost": 0.0, "Total Cost": 1.21, "Plan Rows": 1, "Plan Width": 16, "Filter": "((link)::text ~~ '%follows%'::text)"}]}]}, "Unique SQL Id": 4121279504}, "explain_analyze_plan": null}, "(64, 43)": {"explain_plan": {"Plan": {"Node Type": "Aggregate", "Strategy": "Plain", "Startup Cost": 8000028072196.74, "Total Cost": 8000028072196.75, "Plan Rows": 1, "Plan Width": 144, "Plans": [{"Node Type": "Nested Loop", "Parent Relationship": "Outer", "Join Type": "Inner", "Startup Cost": 80000000000.0, "Total Cost": 8000028072196.73, "Plan Rows": 1, "Plan Width": 48, "Inner Unique": false, "Join Filter": "(ml.movie_id = t.id)", "Plans": [{"Node Type": "Nested Loop", "Parent Relationship": "Outer", "Join Type": "Inner", "Startup Cost": 20000000000.0, "Total Cost": 2000000107907.07, "Plan Rows": 1875, "Plan Width": 16, "Inner Unique": true, "Join Filter": "(lt.id = ml.link_type_id)", "Plans": [{"Node Type": "Index Scan", "Parent Relationship": "Outer", "Scan Direction": "Forward", "Index Name": "movie_id_movie_link", "Relation Name": "movie_link", "Alias": "ml", "Startup Cost": 10000000000.0, "Total Cost": 1000000106202.37, "Plan Rows": 29996, "Plan Width": 8}, {"Node Type": "Materialize", "Parent Relationship": "Inner", "Startup Cost": 10000000000.0, "Total Cost": 1000000001254.76, "Plan Rows": 1, "Plan Width": 16, "Plans": [{"Node Type": "Index Scan", "Parent Relationship": "Outer", "Scan Direction": "Forward", "Index Name": "link_type_pkey", "Relation Name": "link_type", "Alias": "lt", "Startup Cost": 10000000000.0, "Total Cost": 1000000001254.75, "Plan Rows": 1, "Plan Width": 16, "Filter": "((link)::text ~~ '%follows%'::text)"}]}]}, {"Node Type": "Materialize", "Parent Relationship": "Inner", "Startup Cost": 60000000000.0, "Total Cost": 6000027964261.54, "Plan Rows": 1, "Plan Width": 48, "Plans": [{"Node Type": "Nested Loop", "Parent Relationship": "Outer", "Join Type": "Inner", "Startup Cost": 60000000000.0, "Total Cost": 6000027964261.54, "Plan Rows": 1, "Plan Width": 48, "Inner Unique": true, "Join Filter": "(mc.company_type_id = ct.id)", "Plans": [{"Node Type": "Nested Loop", "Parent Relationship": "Outer", "Join Type": "Inner", "Startup Cost": 50000000000.0, "Total Cost": 5000027963031.28, "Plan Rows": 1, "Plan Width": 52, "Inner Unique": true, "Plans": [{"Node Type": "Nested Loop", "Parent Relationship": "Outer", "Join Type": "Inner", "Startup Cost": 40000000000.0, "Total Cost": 4000027963002.46, "Plan Rows": 1, "Plan Width": 37, "Inner Unique": false, "Join Filter": "(t.id = mc.movie_id)", "Plans": [{"Node Type": "Nested Loop", "Parent Relationship": "Outer", "Join Type": "Inner", "Startup Cost": 30000000000.0, "Total Cost": 3000027962971.19, "Plan Rows": 1, "Plan Width": 25, "Inner Unique": true, "Join Filter": "(mk.movie_id = t.id)", "Plans": [{"Node Type": "Nested Loop", "Parent Relationship": "Outer", "Join Type": "Inner", "Startup Cost": 20000000000.0, "Total Cost": 2000015686764.79, "Plan Rows": 33, "Plan Width": 4, "Inner Unique": true, "Join Filter": "(k.id = mk.keyword_id)", "Plans": [{"Node Type": "Index Scan", "Parent Relationship": "Outer", "Scan Direction": "Forward", "Index Name": "movie_id_movie_keyword", "Relation Name": "movie_keyword", "Alias": "mk", "Startup Cost": 10000000000.0, "Total Cost": 1000015300634.17, "Plan Rows": 4523929, "Plan Width": 8}, {"Node Type": "Materialize", "Parent Relationship": "Inner", "Startup Cost": 10000000000.0, "Total Cost": 1000000318271.69, "Plan Rows": 1, "Plan Width": 4, "Plans": [{"Node Type": "Index Scan", "Parent Relationship": "Outer", "Scan Direction": "Forward", "Index Name": "keyword_pkey", "Relation Name": "keyword", "Alias": "k", "Startup Cost": 10000000000.0, "Total Cost": 1000000318271.68, "Plan Rows": 1, "Plan Width": 4, "Filter": "((keyword)::text = 'sequel'::text)"}]}]}, {"Node Type": "Materialize", "Parent Relationship": "Inner", "Startup Cost": 10000000000.0, "Total Cost": 1000012276204.43, "Plan Rows": 4, "Plan Width": 21, "Plans": [{"Node Type": "Index Scan", "Parent Relationship": "Outer", "Scan Direction": "Forward", "Index Name": "title_pkey", "Relation Name": "title", "Alias": "t", "Startup Cost": 10000000000.0, "Total Cost": 1000012276204.41, "Plan Rows": 4, "Plan Width": 21, "Filter": "(((title)::text ~~ '%Money%'::text) AND (production_year = 1998))"}]}]}, {"Node Type": "Index Scan", "Parent Relationship": "Inner", "Scan Direction": "Forward", "Index Name": "movie_id_movie_companies", "Relation Name": "movie_companies", "Alias": "mc", "Startup Cost": 10000000000.0, "Total Cost": 1000000000031.24, "Plan Rows": 2, "Plan Width": 12, "Index Cond": "(movie_id = mk.movie_id)", "Filter": "(note IS NULL)"}]}, {"Node Type": "Index Scan", "Parent Relationship": "Inner", "Scan Direction": "Forward", "Index Name": "company_name_pkey", "Relation Name": "company_name", "Alias": "cn", "Startup Cost": 10000000000.0, "Total Cost": 1000000000028.81, "Plan Rows": 1, "Plan Width": 23, "Index Cond": "(id = mc.company_id)", "Filter": "(((country_code)::text <> '[pl]'::text) AND (((name)::text ~~ '%Film%'::text) OR ((name)::text ~~ '%Warner%'::text)))"}]}, {"Node Type": "Index Scan", "Parent Relationship": "Inner", "Scan Direction": "Forward", "Index Name": "company_type_pkey", "Relation Name": "company_type", "Alias": "ct", "Startup Cost": 10000000000.0, "Total Cost": 1000000001230.25, "Plan Rows": 1, "Plan Width": 4, "Filter": "((kind)::text = 'production companies'::text)"}]}]}]}]}, "Unique SQL Id": 4121279504}, "explain_analyze_plan": {"Plan": {"Node Type": "Aggregate", "Strategy": "Plain", "Startup Cost": 8000028072196.74, "Total Cost": 8000028072196.75, "Plan Rows": 1, "Plan Width": 144, "Actual Startup Time": 21.101, "Actual Total Time": 21.101, "Actual Rows": 1, "Actual Loops": 1, "Plans": [{"Node Type": "Nested Loop", "Parent Relationship": "Outer", "Join Type": "Inner", "Startup Cost": 80000000000.0, "Total Cost": 8000028072196.73, "Plan Rows": 1, "Plan Width": 48, "Actual Startup Time": 21.091, "Actual Total Time": 21.091, "Actual Rows": 0, "Actual Loops": 1, "Inner Unique": false, "Join Filter": "(ml.movie_id = t.id)", "Rows Removed by Join Filter": 0, "Plans": [{"Node Type": "Nested Loop", "Parent Relationship": "Outer", "Join Type": "Inner", "Startup Cost": 20000000000.0, "Total Cost": 2000000107907.07, "Plan Rows": 1875, "Plan Width": 16, "Actual Startup Time": 21.088, "Actual Total Time": 21.088, "Actual Rows": 0, "Actual Loops": 1, "Inner Unique": true, "Join Filter": "(lt.id = ml.link_type_id)", "Rows Removed by Join Filter": 0, "Plans": [{"Node Type": "Index Scan", "Parent Relationship": "Outer", "Scan Direction": "Forward", "Index Name": "movie_id_movie_link", "Relation Name": "movie_link", "Alias": "ml", "Startup Cost": 10000000000.0, "Total Cost": 1000000106202.37, "Plan Rows": 29996, "Plan Width": 8, "Actual Startup Time": 0.054, "Actual Total Time": 12.918, "Actual Rows": 29996, "Actual Loops": 1}, {"Node Type": "Materialize", "Parent Relationship": "Inner", "Startup Cost": 10000000000.0, "Total Cost": 1000000001254.76, "Plan Rows": 1, "Plan Width": 16, "Actual Startup Time": 2.591, "Actual Total Time": 2.591, "Actual Rows": 0, "Actual Loops": 29996, "Plans": [{"Node Type": "Index Scan", "Parent Relationship": "Outer", "Scan Direction": "Forward", "Index Name": "link_type_pkey", "Relation Name": "link_type", "Alias": "lt", "Startup Cost": 10000000000.0, "Total Cost": 1000000001254.75, "Plan Rows": 1, "Plan Width": 16, "Actual Startup Time": 0.034, "Actual Total Time": 0.034, "Actual Rows": 0, "Actual Loops": 1, "Filter": "((link)::text ~~ '%follows%'::text)", "Rows Removed by Filter": 17}]}]}, {"Node Type": "Materialize", "Parent Relationship": "Inner", "Startup Cost": 60000000000.0, "Total Cost": 6000027964261.54, "Plan Rows": 1, "Plan Width": 48, "Actual Startup Time": 0.0, "Actual Total Time": 0.0, "Plans": [{"Node Type": "Nested Loop", "Parent Relationship": "Outer", "Join Type": "Inner", "Startup Cost": 60000000000.0, "Total Cost": 6000027964261.54, "Plan Rows": 1, "Plan Width": 48, "Actual Startup Time": 0.0, "Actual Total Time": 0.0, "Inner Unique": true, "Join Filter": "(mc.company_type_id = ct.id)", "Rows Removed by Join Filter": 0, "Plans": [{"Node Type": "Nested Loop", "Parent Relationship": "Outer", "Join Type": "Inner", "Startup Cost": 50000000000.0, "Total Cost": 5000027963031.28, "Plan Rows": 1, "Plan Width": 52, "Actual Startup Time": 0.0, "Actual Total Time": 0.0, "Inner Unique": true, "Plans": [{"Node Type": "Nested Loop", "Parent Relationship": "Outer", "Join Type": "Inner", "Startup Cost": 40000000000.0, "Total Cost": 4000027963002.46, "Plan Rows": 1, "Plan Width": 37, "Actual Startup Time": 0.0, "Actual Total Time": 0.0, "Inner Unique": false, "Join Filter": "(t.id = mc.movie_id)", "Rows Removed by Join Filter": 0, "Plans": [{"Node Type": "Nested Loop", "Parent Relationship": "Outer", "Join Type": "Inner", "Startup Cost": 30000000000.0, "Total Cost": 3000027962971.19, "Plan Rows": 1, "Plan Width": 25, "Actual Startup Time": 0.0, "Actual Total Time": 0.0, "Inner Unique": true, "Join Filter": "(mk.movie_id = t.id)", "Rows Removed by Join Filter": 0, "Plans": [{"Node Type": "Nested Loop", "Parent Relationship": "Outer", "Join Type": "Inner", "Startup Cost": 20000000000.0, "Total Cost": 2000015686764.79, "Plan Rows": 33, "Plan Width": 4, "Actual Startup Time": 0.0, "Actual Total Time": 0.0, "Inner Unique": true, "Join Filter": "(k.id = mk.keyword_id)", "Rows Removed by Join Filter": 0, "Plans": [{"Node Type": "Index Scan", "Parent Relationship": "Outer", "Scan Direction": "Forward", "Index Name": "movie_id_movie_keyword", "Relation Name": "movie_keyword", "Alias": "mk", "Startup Cost": 10000000000.0, "Total Cost": 1000015300634.17, "Plan Rows": 4523929, "Plan Width": 8, "Actual Startup Time": 0.0, "Actual Total Time": 0.0}, {"Node Type": "Materialize", "Parent Relationship": "Inner", "Startup Cost": 10000000000.0, "Total Cost": 1000000318271.69, "Plan Rows": 1, "Plan Width": 4, "Actual Startup Time": 0.0, "Actual Total Time": 0.0, "Plans": [{"Node Type": "Index Scan", "Parent Relationship": "Outer", "Scan Direction": "Forward", "Index Name": "keyword_pkey", "Relation Name": "keyword", "Alias": "k", "Startup Cost": 10000000000.0, "Total Cost": 1000000318271.68, "Plan Rows": 1, "Plan Width": 4, "Actual Startup Time": 0.0, "Actual Total Time": 0.0, "Filter": "((keyword)::text = 'sequel'::text)", "Rows Removed by Filter": 0}]}]}, {"Node Type": "Materialize", "Parent Relationship": "Inner", "Startup Cost": 10000000000.0, "Total Cost": 1000012276204.43, "Plan Rows": 4, "Plan Width": 21, "Actual Startup Time": 0.0, "Actual Total Time": 0.0, "Plans": [{"Node Type": "Index Scan", "Parent Relationship": "Outer", "Scan Direction": "Forward", "Index Name": "title_pkey", "Relation Name": "title", "Alias": "t", "Startup Cost": 10000000000.0, "Total Cost": 1000012276204.41, "Plan Rows": 4, "Plan Width": 21, "Actual Startup Time": 0.0, "Actual Total Time": 0.0, "Filter": "(((title)::text ~~ '%Money%'::text) AND (production_year = 1998))", "Rows Removed by Filter": 0}]}]}, {"Node Type": "Index Scan", "Parent Relationship": "Inner", "Scan Direction": "Forward", "Index Name": "movie_id_movie_companies", "Relation Name": "movie_companies", "Alias": "mc", "Startup Cost": 10000000000.0, "Total Cost": 1000000000031.24, "Plan Rows": 2, "Plan Width": 12, "Actual Startup Time": 0.0, "Actual Total Time": 0.0, "Index Cond": "(movie_id = mk.movie_id)", "Rows Removed by Index Recheck": 0, "Filter": "(note IS NULL)", "Rows Removed by Filter": 0}]}, {"Node Type": "Index Scan", "Parent Relationship": "Inner", "Scan Direction": "Forward", "Index Name": "company_name_pkey", "Relation Name": "company_name", "Alias": "cn", "Startup Cost": 10000000000.0, "Total Cost": 1000000000028.81, "Plan Rows": 1, "Plan Width": 23, "Actual Startup Time": 0.0, "Actual Total Time": 0.0, "Index Cond": "(id = mc.company_id)", "Rows Removed by Index Recheck": 0, "Filter": "(((country_code)::text <> '[pl]'::text) AND (((name)::text ~~ '%Film%'::text) OR ((name)::text ~~ '%Warner%'::text)))", "Rows Removed by Filter": 0}]}, {"Node Type": "Index Scan", "Parent Relationship": "Inner", "Scan Direction": "Forward", "Index Name": "company_type_pkey", "Relation Name": "company_type", "Alias": "ct", "Startup Cost": 10000000000.0, "Total Cost": 1000000001230.25, "Plan Rows": 1, "Plan Width": 4, "Actual Startup Time": 0.0, "Actual Total Time": 0.0, "Filter": "((kind)::text = 'production companies'::text)", "Rows Removed by Filter": 0}]}]}]}]}, "Triggers": [], "Planner Runtime": 103.069, "Total Runtime": 21.535, "Unique SQL Id": 4121279504}}, "(64, 44)": {"explain_plan": {"Plan": {"Node Type": "Aggregate", "Strategy": "Plain", "Startup Cost": 2585.63, "Total Cost": 2585.64, "Plan Rows": 1, "Plan Width": 144, "Plans": [{"Node Type": "Nested Loop", "Parent Relationship": "Outer", "Join Type": "Inner", "Startup Cost": 0.0, "Total Cost": 2585.62, "Plan Rows": 1, "Plan Width": 48, "Inner Unique": true, "Plans": [{"Node Type": "Nested Loop", "Parent Relationship": "Outer", "Join Type": "Inner", "Startup Cost": 0.0, "Total Cost": 2585.34, "Plan Rows": 1, "Plan Width": 40, "Inner Unique": false, "Join Filter": "(t.id = ml.movie_id)", "Plans": [{"Node Type": "Nested Loop", "Parent Relationship": "Outer", "Join Type": "Inner", "Startup Cost": 0.0, "Total Cost": 2584.93, "Plan Rows": 1, "Plan Width": 48, "Inner Unique": true, "Plans": [{"Node Type": "Nested Loop", "Parent Relationship": "Outer", "Join Type": "Inner", "Startup Cost": 0.0, "Total Cost": 2584.64, "Plan Rows": 1, "Plan Width": 52, "Inner Unique": true, "Plans": [{"Node Type": "Nested Loop", "Parent Relationship": "Outer", "Join Type": "Inner", "Startup Cost": 0.0, "Total Cost": 2584.35, "Plan Rows": 1, "Plan Width": 37, "Inner Unique": false, "Join Filter": "(t.id = mc.movie_id)", "Plans": [{"Node Type": "Nested Loop", "Parent Relationship": "Outer", "Join Type": "Inner", "Startup Cost": 0.0, "Total Cost": 2584.01, "Plan Rows": 1, "Plan Width": 25, "Inner Unique": true, "Plans": [{"Node Type": "Nested Loop", "Parent Relationship": "Outer", "Join Type": "Inner", "Startup Cost": 0.0, "Total Cost": 2573.32, "Plan Rows": 33, "Plan Width": 4, "Inner Unique": false, "Plans": [{"Node Type": "Seq Scan", "Parent Relationship": "Outer", "Relation Name": "keyword", "Alias": "k", "Startup Cost": 0.0, "Total Cost": 2436.11, "Plan Rows": 1, "Plan Width": 4, "Filter": "((keyword)::text = 'sequel'::text)"}, {"Node Type": "Index Scan", "Parent Relationship": "Inner", "Scan Direction": "Forward", "Index Name": "keyword_id_movie_keyword", "Relation Name": "movie_keyword", "Alias": "mk", "Startup Cost": 0.0, "Total Cost": 136.88, "Plan Rows": 33, "Plan Width": 8, "Index Cond": "(keyword_id = k.id)"}]}, {"Node Type": "Index Scan", "Parent Relationship": "Inner", "Scan Direction": "Forward", "Index Name": "title_pkey", "Relation Name": "title", "Alias": "t", "Startup Cost": 0.0, "Total Cost": 0.31, "Plan Rows": 1, "Plan Width": 21, "Index Cond": "(id = mk.movie_id)", "Filter": "(((title)::text ~~ '%Money%'::text) AND (production_year = 1998))"}]}, {"Node Type": "Index Scan", "Parent Relationship": "Inner", "Scan Direction": "Forward", "Index Name": "movie_id_movie_companies", "Relation Name": "movie_companies", "Alias": "mc", "Startup Cost": 0.0, "Total Cost": 0.31, "Plan Rows": 2, "Plan Width": 12, "Index Cond": "(movie_id = mk.movie_id)", "Filter": "(note IS NULL)"}]}, {"Node Type": "Index Scan", "Parent Relationship": "Inner", "Scan Direction": "Forward", "Index Name": "company_name_pkey", "Relation Name": "company_name", "Alias": "cn", "Startup Cost": 0.0, "Total Cost": 0.29, "Plan Rows": 1, "Plan Width": 23, "Index Cond": "(id = mc.company_id)", "Filter": "(((country_code)::text <> '[pl]'::text) AND (((name)::text ~~ '%Film%'::text) OR ((name)::text ~~ '%Warner%'::text)))"}]}, {"Node Type": "Index Scan", "Parent Relationship": "Inner", "Scan Direction": "Forward", "Index Name": "company_type_pkey", "Relation Name": "company_type", "Alias": "ct", "Startup Cost": 0.0, "Total Cost": 0.27, "Plan Rows": 1, "Plan Width": 4, "Index Cond": "(id = mc.company_type_id)", "Filter": "((kind)::text = 'production companies'::text)"}]}, {"Node Type": "Index Scan", "Parent Relationship": "Inner", "Scan Direction": "Forward", "Index Name": "movie_id_movie_link", "Relation Name": "movie_link", "Alias": "ml", "Startup Cost": 0.0, "Total Cost": 0.35, "Plan Rows": 5, "Plan Width": 8, "Index Cond": "(movie_id = mk.movie_id)"}]}, {"Node Type": "Index Scan", "Parent Relationship": "Inner", "Scan Direction": "Forward", "Index Name": "link_type_pkey", "Relation Name": "link_type", "Alias": "lt", "Startup Cost": 0.0, "Total Cost": 0.27, "Plan Rows": 1, "Plan Width": 16, "Index Cond": "(id = ml.link_type_id)", "Filter": "((link)::text ~~ '%follows%'::text)"}]}]}, "Unique SQL Id": 4121279504}, "explain_analyze_plan": {"Plan": {"Node Type": "Aggregate", "Strategy": "Plain", "Startup Cost": 2585.63, "Total Cost": 2585.64, "Plan Rows": 1, "Plan Width": 144, "Actual Startup Time": 120.206, "Actual Total Time": 120.207, "Actual Rows": 1, "Actual Loops": 1, "Plans": [{"Node Type": "Nested Loop", "Parent Relationship": "Outer", "Join Type": "Inner", "Startup Cost": 0.0, "Total Cost": 2585.62, "Plan Rows": 1, "Plan Width": 48, "Actual Startup Time": 120.199, "Actual Total Time": 120.199, "Actual Rows": 0, "Actual Loops": 1, "Inner Unique": true, "Plans": [{"Node Type": "Nested Loop", "Parent Relationship": "Outer", "Join Type": "Inner", "Startup Cost": 0.0, "Total Cost": 2585.34, "Plan Rows": 1, "Plan Width": 40, "Actual Startup Time": 2.804, "Actual Total Time": 120.112, "Actual Rows": 38, "Actual Loops": 1, "Inner Unique": false, "Join Filter": "(t.id = ml.movie_id)", "Rows Removed by Join Filter": 0, "Plans": [{"Node Type": "Nested Loop", "Parent Relationship": "Outer", "Join Type": "Inner", "Startup Cost": 0.0, "Total Cost": 2584.93, "Plan Rows": 1, "Plan Width": 48, "Actual Startup Time": 2.79, "Actual Total Time": 120.066, "Actual Rows": 2, "Actual Loops": 1, "Inner Unique": true, "Plans": [{"Node Type": "Nested Loop", "Parent Relationship": "Outer", "Join Type": "Inner", "Startup Cost": 0.0, "Total Cost": 2584.64, "Plan Rows": 1, "Plan Width": 52, "Actual Startup Time": 2.781, "Actual Total Time": 120.052, "Actual Rows": 2, "Actual Loops": 1, "Inner Unique": true, "Plans": [{"Node Type": "Nested Loop", "Parent Relationship": "Outer", "Join Type": "Inner", "Startup Cost": 0.0, "Total Cost": 2584.35, "Plan Rows": 1, "Plan Width": 37, "Actual Startup Time": 2.759, "Actual Total Time": 120.009, "Actual Rows": 3, "Actual Loops": 1, "Inner Unique": false, "Join Filter": "(t.id = mc.movie_id)", "Rows Removed by Join Filter": 0, "Plans": [{"Node Type": "Nested Loop", "Parent Relationship": "Outer", "Join Type": "Inner", "Startup Cost": 0.0, "Total Cost": 2584.01, "Plan Rows": 1, "Plan Width": 25, "Actual Startup Time": 2.739, "Actual Total Time": 119.985, "Actual Rows": 1, "Actual Loops": 1, "Inner Unique": true, "Plans": [{"Node Type": "Nested Loop", "Parent Relationship": "Outer", "Join Type": "Inner", "Startup Cost": 0.0, "Total Cost": 2573.32, "Plan Rows": 33, "Plan Width": 4, "Actual Startup Time": 2.392, "Actual Total Time": 59.078, "Actual Rows": 10544, "Actual Loops": 1, "Inner Unique": false, "Plans": [{"Node Type": "Seq Scan", "Parent Relationship": "Outer", "Relation Name": "keyword", "Alias": "k", "Startup Cost": 0.0, "Total Cost": 2436.11, "Plan Rows": 1, "Plan Width": 4, "Actual Startup Time": 2.347, "Actual Total Time": 41.646, "Actual Rows": 1, "Actual Loops": 1, "Filter": "((keyword)::text = 'sequel'::text)", "Rows Removed by Filter": 134168}, {"Node Type": "Index Scan", "Parent Relationship": "Inner", "Scan Direction": "Forward", "Index Name": "keyword_id_movie_keyword", "Relation Name": "movie_keyword", "Alias": "mk", "Startup Cost": 0.0, "Total Cost": 136.88, "Plan Rows": 33, "Plan Width": 8, "Actual Startup Time": 0.038, "Actual Total Time": 15.158, "Actual Rows": 10544, "Actual Loops": 1, "Index Cond": "(keyword_id = k.id)", "Rows Removed by Index Recheck": 0}]}, {"Node Type": "Index Scan", "Parent Relationship": "Inner", "Scan Direction": "Forward", "Index Name": "title_pkey", "Relation Name": "title", "Alias": "t", "Startup Cost": 0.0, "Total Cost": 0.31, "Plan Rows": 1, "Plan Width": 21, "Actual Startup Time": 55.67, "Actual Total Time": 55.67, "Actual Rows": 1, "Actual Loops": 10544, "Index Cond": "(id = mk.movie_id)", "Rows Removed by Index Recheck": 0, "Filter": "(((title)::text ~~ '%Money%'::text) AND (production_year = 1998))", "Rows Removed by Filter": 10543}]}, {"Node Type": "Index Scan", "Parent Relationship": "Inner", "Scan Direction": "Forward", "Index Name": "movie_id_movie_companies", "Relation Name": "movie_companies", "Alias": "mc", "Startup Cost": 0.0, "Total Cost": 0.31, "Plan Rows": 2, "Plan Width": 12, "Actual Startup Time": 0.016, "Actual Total Time": 0.017, "Actual Rows": 3, "Actual Loops": 1, "Index Cond": "(movie_id = mk.movie_id)", "Rows Removed by Index Recheck": 0, "Filter": "(note IS NULL)", "Rows Removed by Filter": 1}]}, {"Node Type": "Index Scan", "Parent Relationship": "Inner", "Scan Direction": "Forward", "Index Name": "company_name_pkey", "Relation Name": "company_name", "Alias": "cn", "Startup Cost": 0.0, "Total Cost": 0.29, "Plan Rows": 1, "Plan Width": 23, "Actual Startup Time": 0.038, "Actual Total Time": 0.038, "Actual Rows": 2, "Actual Loops": 3, "Index Cond": "(id = mc.company_id)", "Rows Removed by Index Recheck": 0, "Filter": "(((country_code)::text <> '[pl]'::text) AND (((name)::text ~~ '%Film%'::text) OR ((name)::text ~~ '%Warner%'::text)))", "Rows Removed by Filter": 1}]}, {"Node Type": "Index Scan", "Parent Relationship": "Inner", "Scan Direction": "Forward", "Index Name": "company_type_pkey", "Relation Name": "company_type", "Alias": "ct", "Startup Cost": 0.0, "Total Cost": 0.27, "Plan Rows": 1, "Plan Width": 4, "Actual Startup Time": 0.01, "Actual Total Time": 0.01, "Actual Rows": 2, "Actual Loops": 2, "Index Cond": "(id = mc.company_type_id)", "Rows Removed by Index Recheck": 0, "Filter": "((kind)::text = 'production companies'::text)", "Rows Removed by Filter": 0}]}, {"Node Type": "Index Scan", "Parent Relationship": "Inner", "Scan Direction": "Forward", "Index Name": "movie_id_movie_link", "Relation Name": "movie_link", "Alias": "ml", "Startup Cost": 0.0, "Total Cost": 0.35, "Plan Rows": 5, "Plan Width": 8, "Actual Startup Time": 0.015, "Actual Total Time": 0.031, "Actual Rows": 38, "Actual Loops": 2, "Index Cond": "(movie_id = mk.movie_id)", "Rows Removed by Index Recheck": 0}]}, {"Node Type": "Index Scan", "Parent Relationship": "Inner", "Scan Direction": "Forward", "Index Name": "link_type_pkey", "Relation Name": "link_type", "Alias": "lt", "Startup Cost": 0.0, "Total Cost": 0.27, "Plan Rows": 1, "Plan Width": 16, "Actual Startup Time": 0.063, "Actual Total Time": 0.063, "Actual Rows": 0, "Actual Loops": 38, "Index Cond": "(id = ml.link_type_id)", "Rows Removed by Index Recheck": 0, "Filter": "((link)::text ~~ '%follows%'::text)", "Rows Removed by Filter": 24}]}]}, "Triggers": [], "Planner Runtime": 76.567, "Total Runtime": 120.592, "Unique SQL Id": 4121279504}}, "(64, 45)": {"explain_plan": {"Plan": {"Node Type": "Aggregate", "Strategy": "Plain", "Startup Cost": 3332.23, "Total Cost": 3332.24, "Plan Rows": 1, "Plan Width": 144, "Plans": [{"Node Type": "Nested Loop", "Parent Relationship": "Outer", "Join Type": "Inner", "Startup Cost": 0.0, "Total Cost": 3332.23, "Plan Rows": 1, "Plan Width": 48, "Inner Unique": true, "Plans": [{"Node Type": "Nested Loop", "Parent Relationship": "Outer", "Join Type": "Inner", "Startup Cost": 0.0, "Total Cost": 3331.94, "Plan Rows": 1, "Plan Width": 40, "Inner Unique": false, "Join Filter": "(t.id = ml.movie_id)", "Plans": [{"Node Type": "Nested Loop", "Parent Relationship": "Outer", "Join Type": "Inner", "Startup Cost": 0.0, "Total Cost": 3331.53, "Plan Rows": 1, "Plan Width": 48, "Inner Unique": true, "Plans": [{"Node Type": "Nested Loop", "Parent Relationship": "Outer", "Join Type": "Inner", "Startup Cost": 0.0, "Total Cost": 3331.25, "Plan Rows": 1, "Plan Width": 52, "Inner Unique": true, "Plans": [{"Node Type": "Nested Loop", "Parent Relationship": "Outer", "Join Type": "Inner", "Startup Cost": 0.0, "Total Cost": 3330.95, "Plan Rows": 1, "Plan Width": 37, "Inner Unique": false, "Join Filter": "(t.id = mc.movie_id)", "Plans": [{"Node Type": "Nested Loop", "Parent Relationship": "Outer", "Join Type": "Inner", "Startup Cost": 0.0, "Total Cost": 3330.61, "Plan Rows": 1, "Plan Width": 25, "Inner Unique": true, "Plans": [{"Node Type": "Nested Loop", "Parent Relationship": "Outer", "Join Type": "Inner", "Startup Cost": 0.0, "Total Cost": 3319.92, "Plan Rows": 33, "Plan Width": 4, "Inner Unique": false, "Plans": [{"Node Type": "Index Scan", "Parent Relationship": "Outer", "Scan Direction": "Forward", "Index Name": "keyword_pkey", "Relation Name": "keyword", "Alias": "k", "Startup Cost": 0.0, "Total Cost": 3182.72, "Plan Rows": 1, "Plan Width": 4, "Filter": "((keyword)::text = 'sequel'::text)"}, {"Node Type": "Index Scan", "Parent Relationship": "Inner", "Scan Direction": "Forward", "Index Name": "keyword_id_movie_keyword", "Relation Name": "movie_keyword", "Alias": "mk", "Startup Cost": 0.0, "Total Cost": 136.88, "Plan Rows": 33, "Plan Width": 8, "Index Cond": "(keyword_id = k.id)"}]}, {"Node Type": "Index Scan", "Parent Relationship": "Inner", "Scan Direction": "Forward", "Index Name": "title_pkey", "Relation Name": "title", "Alias": "t", "Startup Cost": 0.0, "Total Cost": 0.31, "Plan Rows": 1, "Plan Width": 21, "Index Cond": "(id = mk.movie_id)", "Filter": "(((title)::text ~~ '%Money%'::text) AND (production_year = 1998))"}]}, {"Node Type": "Index Scan", "Parent Relationship": "Inner", "Scan Direction": "Forward", "Index Name": "movie_id_movie_companies", "Relation Name": "movie_companies", "Alias": "mc", "Startup Cost": 0.0, "Total Cost": 0.31, "Plan Rows": 2, "Plan Width": 12, "Index Cond": "(movie_id = mk.movie_id)", "Filter": "(note IS NULL)"}]}, {"Node Type": "Index Scan", "Parent Relationship": "Inner", "Scan Direction": "Forward", "Index Name": "company_name_pkey", "Relation Name": "company_name", "Alias": "cn", "Startup Cost": 0.0, "Total Cost": 0.29, "Plan Rows": 1, "Plan Width": 23, "Index Cond": "(id = mc.company_id)", "Filter": "(((country_code)::text <> '[pl]'::text) AND (((name)::text ~~ '%Film%'::text) OR ((name)::text ~~ '%Warner%'::text)))"}]}, {"Node Type": "Index Scan", "Parent Relationship": "Inner", "Scan Direction": "Forward", "Index Name": "company_type_pkey", "Relation Name": "company_type", "Alias": "ct", "Startup Cost": 0.0, "Total Cost": 0.27, "Plan Rows": 1, "Plan Width": 4, "Index Cond": "(id = mc.company_type_id)", "Filter": "((kind)::text = 'production companies'::text)"}]}, {"Node Type": "Index Scan", "Parent Relationship": "Inner", "Scan Direction": "Forward", "Index Name": "movie_id_movie_link", "Relation Name": "movie_link", "Alias": "ml", "Startup Cost": 0.0, "Total Cost": 0.35, "Plan Rows": 5, "Plan Width": 8, "Index Cond": "(movie_id = mk.movie_id)"}]}, {"Node Type": "Index Scan", "Parent Relationship": "Inner", "Scan Direction": "Forward", "Index Name": "link_type_pkey", "Relation Name": "link_type", "Alias": "lt", "Startup Cost": 0.0, "Total Cost": 0.27, "Plan Rows": 1, "Plan Width": 16, "Index Cond": "(id = ml.link_type_id)", "Filter": "((link)::text ~~ '%follows%'::text)"}]}]}, "Unique SQL Id": 4121279504}, "explain_analyze_plan": {"Plan": {"Node Type": "Aggregate", "Strategy": "Plain", "Startup Cost": 3332.23, "Total Cost": 3332.24, "Plan Rows": 1, "Plan Width": 144, "Actual Startup Time": 195.478, "Actual Total Time": 195.479, "Actual Rows": 1, "Actual Loops": 1, "Plans": [{"Node Type": "Nested Loop", "Parent Relationship": "Outer", "Join Type": "Inner", "Startup Cost": 0.0, "Total Cost": 3332.23, "Plan Rows": 1, "Plan Width": 48, "Actual Startup Time": 195.466, "Actual Total Time": 195.466, "Actual Rows": 0, "Actual Loops": 1, "Inner Unique": true, "Plans": [{"Node Type": "Nested Loop", "Parent Relationship": "Outer", "Join Type": "Inner", "Startup Cost": 0.0, "Total Cost": 3331.94, "Plan Rows": 1, "Plan Width": 40, "Actual Startup Time": 1.022, "Actual Total Time": 195.379, "Actual Rows": 38, "Actual Loops": 1, "Inner Unique": false, "Join Filter": "(t.id = ml.movie_id)", "Rows Removed by Join Filter": 0, "Plans": [{"Node Type": "Nested Loop", "Parent Relationship": "Outer", "Join Type": "Inner", "Startup Cost": 0.0, "Total Cost": 3331.53, "Plan Rows": 1, "Plan Width": 48, "Actual Startup Time": 1.006, "Actual Total Time": 195.329, "Actual Rows": 2, "Actual Loops": 1, "Inner Unique": true, "Plans": [{"Node Type": "Nested Loop", "Parent Relationship": "Outer", "Join Type": "Inner", "Startup Cost": 0.0, "Total Cost": 3331.25, "Plan Rows": 1, "Plan Width": 52, "Actual Startup Time": 0.993, "Actual Total Time": 195.312, "Actual Rows": 2, "Actual Loops": 1, "Inner Unique": true, "Plans": [{"Node Type": "Nested Loop", "Parent Relationship": "Outer", "Join Type": "Inner", "Startup Cost": 0.0, "Total Cost": 3330.95, "Plan Rows": 1, "Plan Width": 37, "Actual Startup Time": 0.971, "Actual Total Time": 195.27, "Actual Rows": 3, "Actual Loops": 1, "Inner Unique": false, "Join Filter": "(t.id = mc.movie_id)", "Rows Removed by Join Filter": 0, "Plans": [{"Node Type": "Nested Loop", "Parent Relationship": "Outer", "Join Type": "Inner", "Startup Cost": 0.0, "Total Cost": 3330.61, "Plan Rows": 1, "Plan Width": 25, "Actual Startup Time": 0.949, "Actual Total Time": 195.245, "Actual Rows": 1, "Actual Loops": 1, "Inner Unique": true, "Plans": [{"Node Type": "Nested Loop", "Parent Relationship": "Outer", "Join Type": "Inner", "Startup Cost": 0.0, "Total Cost": 3319.92, "Plan Rows": 33, "Plan Width": 4, "Actual Startup Time": 0.597, "Actual Total Time": 133.24, "Actual Rows": 10544, "Actual Loops": 1, "Inner Unique": false, "Plans": [{"Node Type": "Index Scan", "Parent Relationship": "Outer", "Scan Direction": "Forward", "Index Name": "keyword_pkey", "Relation Name": "keyword", "Alias": "k", "Startup Cost": 0.0, "Total Cost": 3182.72, "Plan Rows": 1, "Plan Width": 4, "Actual Startup Time": 0.557, "Actual Total Time": 115.424, "Actual Rows": 1, "Actual Loops": 1, "Filter": "((keyword)::text = 'sequel'::text)", "Rows Removed by Filter": 134168}, {"Node Type": "Index Scan", "Parent Relationship": "Inner", "Scan Direction": "Forward", "Index Name": "keyword_id_movie_keyword", "Relation Name": "movie_keyword", "Alias": "mk", "Startup Cost": 0.0, "Total Cost": 136.88, "Plan Rows": 33, "Plan Width": 8, "Actual Startup Time": 0.033, "Actual Total Time": 15.557, "Actual Rows": 10544, "Actual Loops": 1, "Index Cond": "(keyword_id = k.id)", "Rows Removed by Index Recheck": 0}]}, {"Node Type": "Index Scan", "Parent Relationship": "Inner", "Scan Direction": "Forward", "Index Name": "title_pkey", "Relation Name": "title", "Alias": "t", "Startup Cost": 0.0, "Total Cost": 0.31, "Plan Rows": 1, "Plan Width": 21, "Actual Startup Time": 56.68, "Actual Total Time": 56.68, "Actual Rows": 1, "Actual Loops": 10544, "Index Cond": "(id = mk.movie_id)", "Rows Removed by Index Recheck": 0, "Filter": "(((title)::text ~~ '%Money%'::text) AND (production_year = 1998))", "Rows Removed by Filter": 10543}]}, {"Node Type": "Index Scan", "Parent Relationship": "Inner", "Scan Direction": "Forward", "Index Name": "movie_id_movie_companies", "Relation Name": "movie_companies", "Alias": "mc", "Startup Cost": 0.0, "Total Cost": 0.31, "Plan Rows": 2, "Plan Width": 12, "Actual Startup Time": 0.019, "Actual Total Time": 0.022, "Actual Rows": 3, "Actual Loops": 1, "Index Cond": "(movie_id = mk.movie_id)", "Rows Removed by Index Recheck": 0, "Filter": "(note IS NULL)", "Rows Removed by Filter": 1}]}, {"Node Type": "Index Scan", "Parent Relationship": "Inner", "Scan Direction": "Forward", "Index Name": "company_name_pkey", "Relation Name": "company_name", "Alias": "cn", "Startup Cost": 0.0, "Total Cost": 0.29, "Plan Rows": 1, "Plan Width": 23, "Actual Startup Time": 0.038, "Actual Total Time": 0.038, "Actual Rows": 2, "Actual Loops": 3, "Index Cond": "(id = mc.company_id)", "Rows Removed by Index Recheck": 0, "Filter": "(((country_code)::text <> '[pl]'::text) AND (((name)::text ~~ '%Film%'::text) OR ((name)::text ~~ '%Warner%'::text)))", "Rows Removed by Filter": 1}]}, {"Node Type": "Index Scan", "Parent Relationship": "Inner", "Scan Direction": "Forward", "Index Name": "company_type_pkey", "Relation Name": "company_type", "Alias": "ct", "Startup Cost": 0.0, "Total Cost": 0.27, "Plan Rows": 1, "Plan Width": 4, "Actual Startup Time": 0.013, "Actual Total Time": 0.013, "Actual Rows": 2, "Actual Loops": 2, "Index Cond": "(id = mc.company_type_id)", "Rows Removed by Index Recheck": 0, "Filter": "((kind)::text = 'production companies'::text)", "Rows Removed by Filter": 0}]}, {"Node Type": "Index Scan", "Parent Relationship": "Inner", "Scan Direction": "Forward", "Index Name": "movie_id_movie_link", "Relation Name": "movie_link", "Alias": "ml", "Startup Cost": 0.0, "Total Cost": 0.35, "Plan Rows": 5, "Plan Width": 8, "Actual Startup Time": 0.017, "Actual Total Time": 0.028, "Actual Rows": 38, "Actual Loops": 2, "Index Cond": "(movie_id = mk.movie_id)", "Rows Removed by Index Recheck": 0}]}, {"Node Type": "Index Scan", "Parent Relationship": "Inner", "Scan Direction": "Forward", "Index Name": "link_type_pkey", "Relation Name": "link_type", "Alias": "lt", "Startup Cost": 0.0, "Total Cost": 0.27, "Plan Rows": 1, "Plan Width": 16, "Actual Startup Time": 0.066, "Actual Total Time": 0.066, "Actual Rows": 0, "Actual Loops": 38, "Index Cond": "(id = ml.link_type_id)", "Rows Removed by Index Recheck": 0, "Filter": "((link)::text ~~ '%follows%'::text)", "Rows Removed by Filter": 24}]}]}, "Triggers": [], "Planner Runtime": 69.692, "Total Runtime": 195.978, "Unique SQL Id": 4121279504}}, "(64, 46)": {"explain_plan": {"Plan": {"Node Type": "Aggregate", "Strategy": "Plain", "Startup Cost": 193984.03, "Total Cost": 193984.04, "Plan Rows": 1, "Plan Width": 144, "Plans": [{"Node Type": "Nested Loop", "Parent Relationship": "Outer", "Join Type": "Inner", "Startup Cost": 66572.36, "Total Cost": 193984.02, "Plan Rows": 1, "Plan Width": 48, "Inner Unique": true, "Join Filter": "(ml.link_type_id = lt.id)", "Plans": [{"Node Type": "Nested Loop", "Parent Relationship": "Outer", "Join Type": "Inner", "Startup Cost": 66572.36, "Total Cost": 193982.8, "Plan Rows": 1, "Plan Width": 40, "Inner Unique": false, "Join Filter": "(t.id = ml.movie_id)", "Plans": [{"Node Type": "Nested Loop", "Parent Relationship": "Outer", "Join Type": "Inner", "Startup Cost": 66572.36, "Total Cost": 193176.89, "Plan Rows": 1, "Plan Width": 48, "Inner Unique": true, "Join Filter": "(mc.company_id = cn.id)", "Plans": [{"Node Type": "Nested Loop", "Parent Relationship": "Outer", "Join Type": "Inner", "Startup Cost": 66572.36, "Total Cost": 185378.47, "Plan Rows": 1, "Plan Width": 33, "Inner Unique": false, "Join Filter": "(mk.movie_id = t.id)", "Plans": [{"Node Type": "Hash Join", "Parent Relationship": "Outer", "Join Type": "Inner", "Startup Cost": 2436.12, "Total Cost": 76215.84, "Plan Rows": 33, "Plan Width": 4, "Inner Unique": true, "Hash Cond": "(mk.keyword_id = k.id)", "Plans": [{"Node Type": "Seq Scan", "Parent Relationship": "Outer", "Relation Name": "movie_keyword", "Alias": "mk", "Startup Cost": 0.0, "Total Cost": 62441.29, "Plan Rows": 4523929, "Plan Width": 8}, {"Node Type": "Hash", "Parent Relationship": "Inner", "Startup Cost": 2436.11, "Total Cost": 2436.11, "Plan Rows": 1, "Plan Width": 4, "Plans": [{"Node Type": "Seq Scan", "Parent Relationship": "Outer", "Relation Name": "keyword", "Alias": "k", "Startup Cost": 0.0, "Total Cost": 2436.11, "Plan Rows": 1, "Plan Width": 4, "Filter": "((keyword)::text = 'sequel'::text)"}]}]}, {"Node Type": "Materialize", "Parent Relationship": "Inner", "Startup Cost": 64136.24, "Total Cost": 109160.17, "Plan Rows": 5, "Plan Width": 29, "Plans": [{"Node Type": "Nested Loop", "Parent Relationship": "Outer", "Join Type": "Inner", "Startup Cost": 64136.24, "Total Cost": 109160.14, "Plan Rows": 5, "Plan Width": 29, "Inner Unique": false, "Join Filter": "(mc.company_type_id = ct.id)", "Plans": [{"Node Type": "Seq Scan", "Parent Relationship": "Outer", "Relation Name": "company_type", "Alias": "ct", "Startup Cost": 0.0, "Total Cost": 1.04, "Plan Rows": 1, "Plan Width": 4, "Filter": "((kind)::text = 'production companies'::text)"}, {"Node Type": "Materialize", "Parent Relationship": "Inner", "Startup Cost": 64136.24, "Total Cost": 109159.04, "Plan Rows": 6, "Plan Width": 33, "Plans": [{"Node Type": "Hash Join", "Parent Relationship": "Outer", "Join Type": "Inner", "Startup Cost": 64136.24, "Total Cost": 109159.03, "Plan Rows": 6, "Plan Width": 33, "Inner Unique": true, "Hash Cond": "(mc.movie_id = t.id)", "Plans": [{"Node Type": "Seq Scan", "Parent Relationship": "Outer", "Relation Name": "movie_companies", "Alias": "mc", "Startup Cost": 0.0, "Total Cost": 41817.28, "Plan Rows": 1269486, "Plan Width": 12, "Filter": "(note IS NULL), (LLVM Optimized)"}, {"Node Type": "Hash", "Parent Relationship": "Inner", "Startup Cost": 64136.19, "Total Cost": 64136.19, "Plan Rows": 4, "Plan Width": 21, "Plans": [{"Node Type": "Streaming(type: LOCAL GATHER dop: 1/64)", "Parent Relationship": "Outer", "Startup Cost": 0.0, "Total Cost": 64136.19, "Plan Rows": 4, "Plan Width": 21, "Plans": [{"Node Type": "Seq Scan", "Parent Relationship": "Outer", "Relation Name": "title", "Alias": "t", "Startup Cost": 0.0, "Total Cost": 64136.1, "Plan Rows": 4, "Plan Width": 21, "Filter": "(((title)::text ~~ '%Money%'::text) AND (production_year = 1998))"}]}]}]}]}]}]}]}, {"Node Type": "Seq Scan", "Parent Relationship": "Inner", "Relation Name": "company_name", "Alias": "cn", "Startup Cost": 0.0, "Total Cost": 7078.43, "Plan Rows": 57599, "Plan Width": 23, "Filter": "(((country_code)::text <> '[pl]'::text) AND (((name)::text ~~ '%Film%'::text) OR ((name)::text ~~ '%Warner%'::text)))"}]}, {"Node Type": "Seq Scan", "Parent Relationship": "Inner", "Relation Name": "movie_link", "Alias": "ml", "Startup Cost": 0.0, "Total Cost": 430.96, "Plan Rows": 29996, "Plan Width": 8}]}, {"Node Type": "Seq Scan", "Parent Relationship": "Inner", "Relation Name": "link_type", "Alias": "lt", "Startup Cost": 0.0, "Total Cost": 1.21, "Plan Rows": 1, "Plan Width": 16, "Filter": "((link)::text ~~ '%follows%'::text)"}]}]}, "Unique SQL Id": 4121279504}, "explain_analyze_plan": null}, "(64, 47)": {"explain_plan": {"Plan": {"Node Type": "Aggregate", "Strategy": "Plain", "Startup Cost": 8000028072196.74, "Total Cost": 8000028072196.75, "Plan Rows": 1, "Plan Width": 144, "Plans": [{"Node Type": "Nested Loop", "Parent Relationship": "Outer", "Join Type": "Inner", "Startup Cost": 80000000000.0, "Total Cost": 8000028072196.73, "Plan Rows": 1, "Plan Width": 48, "Inner Unique": false, "Join Filter": "(ml.movie_id = t.id)", "Plans": [{"Node Type": "Nested Loop", "Parent Relationship": "Outer", "Join Type": "Inner", "Startup Cost": 20000000000.0, "Total Cost": 2000000107907.07, "Plan Rows": 1875, "Plan Width": 16, "Inner Unique": true, "Join Filter": "(lt.id = ml.link_type_id)", "Plans": [{"Node Type": "Index Scan", "Parent Relationship": "Outer", "Scan Direction": "Forward", "Index Name": "movie_id_movie_link", "Relation Name": "movie_link", "Alias": "ml", "Startup Cost": 10000000000.0, "Total Cost": 1000000106202.37, "Plan Rows": 29996, "Plan Width": 8}, {"Node Type": "Materialize", "Parent Relationship": "Inner", "Startup Cost": 10000000000.0, "Total Cost": 1000000001254.76, "Plan Rows": 1, "Plan Width": 16, "Plans": [{"Node Type": "Index Scan", "Parent Relationship": "Outer", "Scan Direction": "Forward", "Index Name": "link_type_pkey", "Relation Name": "link_type", "Alias": "lt", "Startup Cost": 10000000000.0, "Total Cost": 1000000001254.75, "Plan Rows": 1, "Plan Width": 16, "Filter": "((link)::text ~~ '%follows%'::text)"}]}]}, {"Node Type": "Materialize", "Parent Relationship": "Inner", "Startup Cost": 60000000000.0, "Total Cost": 6000027964261.54, "Plan Rows": 1, "Plan Width": 48, "Plans": [{"Node Type": "Nested Loop", "Parent Relationship": "Outer", "Join Type": "Inner", "Startup Cost": 60000000000.0, "Total Cost": 6000027964261.54, "Plan Rows": 1, "Plan Width": 48, "Inner Unique": true, "Join Filter": "(mc.company_type_id = ct.id)", "Plans": [{"Node Type": "Nested Loop", "Parent Relationship": "Outer", "Join Type": "Inner", "Startup Cost": 50000000000.0, "Total Cost": 5000027963031.28, "Plan Rows": 1, "Plan Width": 52, "Inner Unique": true, "Plans": [{"Node Type": "Nested Loop", "Parent Relationship": "Outer", "Join Type": "Inner", "Startup Cost": 40000000000.0, "Total Cost": 4000027963002.46, "Plan Rows": 1, "Plan Width": 37, "Inner Unique": false, "Join Filter": "(t.id = mc.movie_id)", "Plans": [{"Node Type": "Nested Loop", "Parent Relationship": "Outer", "Join Type": "Inner", "Startup Cost": 30000000000.0, "Total Cost": 3000027962971.19, "Plan Rows": 1, "Plan Width": 25, "Inner Unique": true, "Join Filter": "(mk.movie_id = t.id)", "Plans": [{"Node Type": "Nested Loop", "Parent Relationship": "Outer", "Join Type": "Inner", "Startup Cost": 20000000000.0, "Total Cost": 2000015686764.79, "Plan Rows": 33, "Plan Width": 4, "Inner Unique": true, "Join Filter": "(k.id = mk.keyword_id)", "Plans": [{"Node Type": "Index Scan", "Parent Relationship": "Outer", "Scan Direction": "Forward", "Index Name": "movie_id_movie_keyword", "Relation Name": "movie_keyword", "Alias": "mk", "Startup Cost": 10000000000.0, "Total Cost": 1000015300634.17, "Plan Rows": 4523929, "Plan Width": 8}, {"Node Type": "Materialize", "Parent Relationship": "Inner", "Startup Cost": 10000000000.0, "Total Cost": 1000000318271.69, "Plan Rows": 1, "Plan Width": 4, "Plans": [{"Node Type": "Index Scan", "Parent Relationship": "Outer", "Scan Direction": "Forward", "Index Name": "keyword_pkey", "Relation Name": "keyword", "Alias": "k", "Startup Cost": 10000000000.0, "Total Cost": 1000000318271.68, "Plan Rows": 1, "Plan Width": 4, "Filter": "((keyword)::text = 'sequel'::text)"}]}]}, {"Node Type": "Materialize", "Parent Relationship": "Inner", "Startup Cost": 10000000000.0, "Total Cost": 1000012276204.43, "Plan Rows": 4, "Plan Width": 21, "Plans": [{"Node Type": "Index Scan", "Parent Relationship": "Outer", "Scan Direction": "Forward", "Index Name": "title_pkey", "Relation Name": "title", "Alias": "t", "Startup Cost": 10000000000.0, "Total Cost": 1000012276204.41, "Plan Rows": 4, "Plan Width": 21, "Filter": "(((title)::text ~~ '%Money%'::text) AND (production_year = 1998))"}]}]}, {"Node Type": "Index Scan", "Parent Relationship": "Inner", "Scan Direction": "Forward", "Index Name": "movie_id_movie_companies", "Relation Name": "movie_companies", "Alias": "mc", "Startup Cost": 10000000000.0, "Total Cost": 1000000000031.24, "Plan Rows": 2, "Plan Width": 12, "Index Cond": "(movie_id = mk.movie_id)", "Filter": "(note IS NULL)"}]}, {"Node Type": "Index Scan", "Parent Relationship": "Inner", "Scan Direction": "Forward", "Index Name": "company_name_pkey", "Relation Name": "company_name", "Alias": "cn", "Startup Cost": 10000000000.0, "Total Cost": 1000000000028.81, "Plan Rows": 1, "Plan Width": 23, "Index Cond": "(id = mc.company_id)", "Filter": "(((country_code)::text <> '[pl]'::text) AND (((name)::text ~~ '%Film%'::text) OR ((name)::text ~~ '%Warner%'::text)))"}]}, {"Node Type": "Index Scan", "Parent Relationship": "Inner", "Scan Direction": "Forward", "Index Name": "company_type_pkey", "Relation Name": "company_type", "Alias": "ct", "Startup Cost": 10000000000.0, "Total Cost": 1000000001230.25, "Plan Rows": 1, "Plan Width": 4, "Filter": "((kind)::text = 'production companies'::text)"}]}]}]}]}, "Unique SQL Id": 4121279504}, "explain_analyze_plan": {"Plan": {"Node Type": "Aggregate", "Strategy": "Plain", "Startup Cost": 8000028072196.74, "Total Cost": 8000028072196.75, "Plan Rows": 1, "Plan Width": 144, "Actual Startup Time": 21.101, "Actual Total Time": 21.101, "Actual Rows": 1, "Actual Loops": 1, "Plans": [{"Node Type": "Nested Loop", "Parent Relationship": "Outer", "Join Type": "Inner", "Startup Cost": 80000000000.0, "Total Cost": 8000028072196.73, "Plan Rows": 1, "Plan Width": 48, "Actual Startup Time": 21.091, "Actual Total Time": 21.091, "Actual Rows": 0, "Actual Loops": 1, "Inner Unique": false, "Join Filter": "(ml.movie_id = t.id)", "Rows Removed by Join Filter": 0, "Plans": [{"Node Type": "Nested Loop", "Parent Relationship": "Outer", "Join Type": "Inner", "Startup Cost": 20000000000.0, "Total Cost": 2000000107907.07, "Plan Rows": 1875, "Plan Width": 16, "Actual Startup Time": 21.088, "Actual Total Time": 21.088, "Actual Rows": 0, "Actual Loops": 1, "Inner Unique": true, "Join Filter": "(lt.id = ml.link_type_id)", "Rows Removed by Join Filter": 0, "Plans": [{"Node Type": "Index Scan", "Parent Relationship": "Outer", "Scan Direction": "Forward", "Index Name": "movie_id_movie_link", "Relation Name": "movie_link", "Alias": "ml", "Startup Cost": 10000000000.0, "Total Cost": 1000000106202.37, "Plan Rows": 29996, "Plan Width": 8, "Actual Startup Time": 0.054, "Actual Total Time": 12.918, "Actual Rows": 29996, "Actual Loops": 1}, {"Node Type": "Materialize", "Parent Relationship": "Inner", "Startup Cost": 10000000000.0, "Total Cost": 1000000001254.76, "Plan Rows": 1, "Plan Width": 16, "Actual Startup Time": 2.591, "Actual Total Time": 2.591, "Actual Rows": 0, "Actual Loops": 29996, "Plans": [{"Node Type": "Index Scan", "Parent Relationship": "Outer", "Scan Direction": "Forward", "Index Name": "link_type_pkey", "Relation Name": "link_type", "Alias": "lt", "Startup Cost": 10000000000.0, "Total Cost": 1000000001254.75, "Plan Rows": 1, "Plan Width": 16, "Actual Startup Time": 0.034, "Actual Total Time": 0.034, "Actual Rows": 0, "Actual Loops": 1, "Filter": "((link)::text ~~ '%follows%'::text)", "Rows Removed by Filter": 17}]}]}, {"Node Type": "Materialize", "Parent Relationship": "Inner", "Startup Cost": 60000000000.0, "Total Cost": 6000027964261.54, "Plan Rows": 1, "Plan Width": 48, "Actual Startup Time": 0.0, "Actual Total Time": 0.0, "Plans": [{"Node Type": "Nested Loop", "Parent Relationship": "Outer", "Join Type": "Inner", "Startup Cost": 60000000000.0, "Total Cost": 6000027964261.54, "Plan Rows": 1, "Plan Width": 48, "Actual Startup Time": 0.0, "Actual Total Time": 0.0, "Inner Unique": true, "Join Filter": "(mc.company_type_id = ct.id)", "Rows Removed by Join Filter": 0, "Plans": [{"Node Type": "Nested Loop", "Parent Relationship": "Outer", "Join Type": "Inner", "Startup Cost": 50000000000.0, "Total Cost": 5000027963031.28, "Plan Rows": 1, "Plan Width": 52, "Actual Startup Time": 0.0, "Actual Total Time": 0.0, "Inner Unique": true, "Plans": [{"Node Type": "Nested Loop", "Parent Relationship": "Outer", "Join Type": "Inner", "Startup Cost": 40000000000.0, "Total Cost": 4000027963002.46, "Plan Rows": 1, "Plan Width": 37, "Actual Startup Time": 0.0, "Actual Total Time": 0.0, "Inner Unique": false, "Join Filter": "(t.id = mc.movie_id)", "Rows Removed by Join Filter": 0, "Plans": [{"Node Type": "Nested Loop", "Parent Relationship": "Outer", "Join Type": "Inner", "Startup Cost": 30000000000.0, "Total Cost": 3000027962971.19, "Plan Rows": 1, "Plan Width": 25, "Actual Startup Time": 0.0, "Actual Total Time": 0.0, "Inner Unique": true, "Join Filter": "(mk.movie_id = t.id)", "Rows Removed by Join Filter": 0, "Plans": [{"Node Type": "Nested Loop", "Parent Relationship": "Outer", "Join Type": "Inner", "Startup Cost": 20000000000.0, "Total Cost": 2000015686764.79, "Plan Rows": 33, "Plan Width": 4, "Actual Startup Time": 0.0, "Actual Total Time": 0.0, "Inner Unique": true, "Join Filter": "(k.id = mk.keyword_id)", "Rows Removed by Join Filter": 0, "Plans": [{"Node Type": "Index Scan", "Parent Relationship": "Outer", "Scan Direction": "Forward", "Index Name": "movie_id_movie_keyword", "Relation Name": "movie_keyword", "Alias": "mk", "Startup Cost": 10000000000.0, "Total Cost": 1000015300634.17, "Plan Rows": 4523929, "Plan Width": 8, "Actual Startup Time": 0.0, "Actual Total Time": 0.0}, {"Node Type": "Materialize", "Parent Relationship": "Inner", "Startup Cost": 10000000000.0, "Total Cost": 1000000318271.69, "Plan Rows": 1, "Plan Width": 4, "Actual Startup Time": 0.0, "Actual Total Time": 0.0, "Plans": [{"Node Type": "Index Scan", "Parent Relationship": "Outer", "Scan Direction": "Forward", "Index Name": "keyword_pkey", "Relation Name": "keyword", "Alias": "k", "Startup Cost": 10000000000.0, "Total Cost": 1000000318271.68, "Plan Rows": 1, "Plan Width": 4, "Actual Startup Time": 0.0, "Actual Total Time": 0.0, "Filter": "((keyword)::text = 'sequel'::text)", "Rows Removed by Filter": 0}]}]}, {"Node Type": "Materialize", "Parent Relationship": "Inner", "Startup Cost": 10000000000.0, "Total Cost": 1000012276204.43, "Plan Rows": 4, "Plan Width": 21, "Actual Startup Time": 0.0, "Actual Total Time": 0.0, "Plans": [{"Node Type": "Index Scan", "Parent Relationship": "Outer", "Scan Direction": "Forward", "Index Name": "title_pkey", "Relation Name": "title", "Alias": "t", "Startup Cost": 10000000000.0, "Total Cost": 1000012276204.41, "Plan Rows": 4, "Plan Width": 21, "Actual Startup Time": 0.0, "Actual Total Time": 0.0, "Filter": "(((title)::text ~~ '%Money%'::text) AND (production_year = 1998))", "Rows Removed by Filter": 0}]}]}, {"Node Type": "Index Scan", "Parent Relationship": "Inner", "Scan Direction": "Forward", "Index Name": "movie_id_movie_companies", "Relation Name": "movie_companies", "Alias": "mc", "Startup Cost": 10000000000.0, "Total Cost": 1000000000031.24, "Plan Rows": 2, "Plan Width": 12, "Actual Startup Time": 0.0, "Actual Total Time": 0.0, "Index Cond": "(movie_id = mk.movie_id)", "Rows Removed by Index Recheck": 0, "Filter": "(note IS NULL)", "Rows Removed by Filter": 0}]}, {"Node Type": "Index Scan", "Parent Relationship": "Inner", "Scan Direction": "Forward", "Index Name": "company_name_pkey", "Relation Name": "company_name", "Alias": "cn", "Startup Cost": 10000000000.0, "Total Cost": 1000000000028.81, "Plan Rows": 1, "Plan Width": 23, "Actual Startup Time": 0.0, "Actual Total Time": 0.0, "Index Cond": "(id = mc.company_id)", "Rows Removed by Index Recheck": 0, "Filter": "(((country_code)::text <> '[pl]'::text) AND (((name)::text ~~ '%Film%'::text) OR ((name)::text ~~ '%Warner%'::text)))", "Rows Removed by Filter": 0}]}, {"Node Type": "Index Scan", "Parent Relationship": "Inner", "Scan Direction": "Forward", "Index Name": "company_type_pkey", "Relation Name": "company_type", "Alias": "ct", "Startup Cost": 10000000000.0, "Total Cost": 1000000001230.25, "Plan Rows": 1, "Plan Width": 4, "Actual Startup Time": 0.0, "Actual Total Time": 0.0, "Filter": "((kind)::text = 'production companies'::text)", "Rows Removed by Filter": 0}]}]}]}]}, "Triggers": [], "Planner Runtime": 103.069, "Total Runtime": 21.535, "Unique SQL Id": 4121279504}}, "(64, 48)": {"explain_plan": {"Plan": {"Node Type": "Aggregate", "Strategy": "Plain", "Startup Cost": 2581.34, "Total Cost": 2581.35, "Plan Rows": 1, "Plan Width": 144, "Plans": [{"Node Type": "Nested Loop", "Parent Relationship": "Outer", "Join Type": "Inner", "Startup Cost": 4.51, "Total Cost": 2581.33, "Plan Rows": 1, "Plan Width": 48, "Inner Unique": true, "Plans": [{"Node Type": "Nested Loop", "Parent Relationship": "Outer", "Join Type": "Inner", "Startup Cost": 4.51, "Total Cost": 2581.05, "Plan Rows": 1, "Plan Width": 40, "Inner Unique": false, "Join Filter": "(t.id = ml.movie_id)", "Plans": [{"Node Type": "Nested Loop", "Parent Relationship": "Outer", "Join Type": "Inner", "Startup Cost": 4.51, "Total Cost": 2580.63, "Plan Rows": 1, "Plan Width": 48, "Inner Unique": true, "Plans": [{"Node Type": "Nested Loop", "Parent Relationship": "Outer", "Join Type": "Inner", "Startup Cost": 4.51, "Total Cost": 2580.35, "Plan Rows": 1, "Plan Width": 52, "Inner Unique": true, "Plans": [{"Node Type": "Nested Loop", "Parent Relationship": "Outer", "Join Type": "Inner", "Startup Cost": 4.51, "Total Cost": 2580.05, "Plan Rows": 1, "Plan Width": 37, "Inner Unique": false, "Join Filter": "(t.id = mc.movie_id)", "Plans": [{"Node Type": "Nested Loop", "Parent Relationship": "Outer", "Join Type": "Inner", "Startup Cost": 4.51, "Total Cost": 2579.71, "Plan Rows": 1, "Plan Width": 25, "Inner Unique": true, "Plans": [{"Node Type": "Nested Loop", "Parent Relationship": "Outer", "Join Type": "Inner", "Startup Cost": 4.51, "Total Cost": 2569.02, "Plan Rows": 33, "Plan Width": 4, "Inner Unique": false, "Plans": [{"Node Type": "Seq Scan", "Parent Relationship": "Outer", "Relation Name": "keyword", "Alias": "k", "Startup Cost": 0.0, "Total Cost": 2436.11, "Plan Rows": 1, "Plan Width": 4, "Filter": "((keyword)::text = 'sequel'::text)"}, {"Node Type": "Bitmap Heap Scan", "Parent Relationship": "Inner", "Relation Name": "movie_keyword", "Alias": "mk", "Startup Cost": 4.51, "Total Cost": 132.58, "Plan Rows": 33, "Plan Width": 8, "Recheck Cond": "(keyword_id = k.id)", "Plans": [{"Node Type": "Bitmap Index Scan", "Parent Relationship": "Outer", "Index Name": "keyword_id_movie_keyword", "Startup Cost": 0.0, "Total Cost": 4.5, "Plan Rows": 33, "Plan Width": 0, "Index Cond": "(keyword_id = k.id)"}]}]}, {"Node Type": "Index Scan", "Parent Relationship": "Inner", "Scan Direction": "Forward", "Index Name": "title_pkey", "Relation Name": "title", "Alias": "t", "Startup Cost": 0.0, "Total Cost": 0.31, "Plan Rows": 1, "Plan Width": 21, "Index Cond": "(id = mk.movie_id)", "Filter": "(((title)::text ~~ '%Money%'::text) AND (production_year = 1998))"}]}, {"Node Type": "Index Scan", "Parent Relationship": "Inner", "Scan Direction": "Forward", "Index Name": "movie_id_movie_companies", "Relation Name": "movie_companies", "Alias": "mc", "Startup Cost": 0.0, "Total Cost": 0.31, "Plan Rows": 2, "Plan Width": 12, "Index Cond": "(movie_id = mk.movie_id)", "Filter": "(note IS NULL)"}]}, {"Node Type": "Index Scan", "Parent Relationship": "Inner", "Scan Direction": "Forward", "Index Name": "company_name_pkey", "Relation Name": "company_name", "Alias": "cn", "Startup Cost": 0.0, "Total Cost": 0.29, "Plan Rows": 1, "Plan Width": 23, "Index Cond": "(id = mc.company_id)", "Filter": "(((country_code)::text <> '[pl]'::text) AND (((name)::text ~~ '%Film%'::text) OR ((name)::text ~~ '%Warner%'::text)))"}]}, {"Node Type": "Index Scan", "Parent Relationship": "Inner", "Scan Direction": "Forward", "Index Name": "company_type_pkey", "Relation Name": "company_type", "Alias": "ct", "Startup Cost": 0.0, "Total Cost": 0.27, "Plan Rows": 1, "Plan Width": 4, "Index Cond": "(id = mc.company_type_id)", "Filter": "((kind)::text = 'production companies'::text)"}]}, {"Node Type": "Index Scan", "Parent Relationship": "Inner", "Scan Direction": "Forward", "Index Name": "movie_id_movie_link", "Relation Name": "movie_link", "Alias": "ml", "Startup Cost": 0.0, "Total Cost": 0.35, "Plan Rows": 5, "Plan Width": 8, "Index Cond": "(movie_id = mk.movie_id)"}]}, {"Node Type": "Index Scan", "Parent Relationship": "Inner", "Scan Direction": "Forward", "Index Name": "link_type_pkey", "Relation Name": "link_type", "Alias": "lt", "Startup Cost": 0.0, "Total Cost": 0.27, "Plan Rows": 1, "Plan Width": 16, "Index Cond": "(id = ml.link_type_id)", "Filter": "((link)::text ~~ '%follows%'::text)"}]}]}, "Unique SQL Id": 4121279504}, "explain_analyze_plan": {"Plan": {"Node Type": "Aggregate", "Strategy": "Plain", "Startup Cost": 2581.34, "Total Cost": 2581.35, "Plan Rows": 1, "Plan Width": 144, "Actual Startup Time": 123.557, "Actual Total Time": 123.557, "Actual Rows": 1, "Actual Loops": 1, "Plans": [{"Node Type": "Nested Loop", "Parent Relationship": "Outer", "Join Type": "Inner", "Startup Cost": 4.51, "Total Cost": 2581.33, "Plan Rows": 1, "Plan Width": 48, "Actual Startup Time": 123.547, "Actual Total Time": 123.547, "Actual Rows": 0, "Actual Loops": 1, "Inner Unique": true, "Plans": [{"Node Type": "Nested Loop", "Parent Relationship": "Outer", "Join Type": "Inner", "Startup Cost": 4.51, "Total Cost": 2581.05, "Plan Rows": 1, "Plan Width": 40, "Actual Startup Time": 5.886, "Actual Total Time": 123.447, "Actual Rows": 38, "Actual Loops": 1, "Inner Unique": false, "Join Filter": "(t.id = ml.movie_id)", "Rows Removed by Join Filter": 0, "Plans": [{"Node Type": "Nested Loop", "Parent Relationship": "Outer", "Join Type": "Inner", "Startup Cost": 4.51, "Total Cost": 2580.63, "Plan Rows": 1, "Plan Width": 48, "Actual Startup Time": 5.866, "Actual Total Time": 123.392, "Actual Rows": 2, "Actual Loops": 1, "Inner Unique": true, "Plans": [{"Node Type": "Nested Loop", "Parent Relationship": "Outer", "Join Type": "Inner", "Startup Cost": 4.51, "Total Cost": 2580.35, "Plan Rows": 1, "Plan Width": 52, "Actual Startup Time": 5.855, "Actual Total Time": 123.377, "Actual Rows": 2, "Actual Loops": 1, "Inner Unique": true, "Plans": [{"Node Type": "Nested Loop", "Parent Relationship": "Outer", "Join Type": "Inner", "Startup Cost": 4.51, "Total Cost": 2580.05, "Plan Rows": 1, "Plan Width": 37, "Actual Startup Time": 5.834, "Actual Total Time": 123.335, "Actual Rows": 3, "Actual Loops": 1, "Inner Unique": false, "Join Filter": "(t.id = mc.movie_id)", "Rows Removed by Join Filter": 0, "Plans": [{"Node Type": "Nested Loop", "Parent Relationship": "Outer", "Join Type": "Inner", "Startup Cost": 4.51, "Total Cost": 2579.71, "Plan Rows": 1, "Plan Width": 25, "Actual Startup Time": 5.809, "Actual Total Time": 123.305, "Actual Rows": 1, "Actual Loops": 1, "Inner Unique": true, "Plans": [{"Node Type": "Nested Loop", "Parent Relationship": "Outer", "Join Type": "Inner", "Startup Cost": 4.51, "Total Cost": 2569.02, "Plan Rows": 33, "Plan Width": 4, "Actual Startup Time": 5.443, "Actual Total Time": 62.982, "Actual Rows": 10544, "Actual Loops": 1, "Inner Unique": false, "Plans": [{"Node Type": "Seq Scan", "Parent Relationship": "Outer", "Relation Name": "keyword", "Alias": "k", "Startup Cost": 0.0, "Total Cost": 2436.11, "Plan Rows": 1, "Plan Width": 4, "Actual Startup Time": 2.358, "Actual Total Time": 41.641, "Actual Rows": 1, "Actual Loops": 1, "Filter": "((keyword)::text = 'sequel'::text)", "Rows Removed by Filter": 134168}, {"Node Type": "Bitmap Heap Scan", "Parent Relationship": "Inner", "Relation Name": "movie_keyword", "Alias": "mk", "Startup Cost": 4.51, "Total Cost": 132.58, "Plan Rows": 33, "Plan Width": 8, "Actual Startup Time": 3.074, "Actual Total Time": 19.121, "Actual Rows": 10544, "Actual Loops": 1, "Recheck Cond": "(keyword_id = k.id)", "Rows Removed by Index Recheck": 0, "Exact Heap Blocks": 5090, "Lossy Heap Blocks": 5090, "Plans": [{"Node Type": "Bitmap Index Scan", "Parent Relationship": "Outer", "Index Name": "keyword_id_movie_keyword", "Startup Cost": 0.0, "Total Cost": 4.5, "Plan Rows": 33, "Plan Width": 0, "Actual Startup Time": 2.162, "Actual Total Time": 2.162, "Actual Rows": 10544, "Actual Loops": 1, "Index Cond": "(keyword_id = k.id)"}]}]}, {"Node Type": "Index Scan", "Parent Relationship": "Inner", "Scan Direction": "Forward", "Index Name": "title_pkey", "Relation Name": "title", "Alias": "t", "Startup Cost": 0.0, "Total Cost": 0.31, "Plan Rows": 1, "Plan Width": 21, "Actual Startup Time": 54.966, "Actual Total Time": 54.966, "Actual Rows": 1, "Actual Loops": 10544, "Index Cond": "(id = mk.movie_id)", "Rows Removed by Index Recheck": 0, "Filter": "(((title)::text ~~ '%Money%'::text) AND (production_year = 1998))", "Rows Removed by Filter": 10543}]}, {"Node Type": "Index Scan", "Parent Relationship": "Inner", "Scan Direction": "Forward", "Index Name": "movie_id_movie_companies", "Relation Name": "movie_companies", "Alias": "mc", "Startup Cost": 0.0, "Total Cost": 0.31, "Plan Rows": 2, "Plan Width": 12, "Actual Startup Time": 0.019, "Actual Total Time": 0.022, "Actual Rows": 3, "Actual Loops": 1, "Index Cond": "(movie_id = mk.movie_id)", "Rows Removed by Index Recheck": 0, "Filter": "(note IS NULL)", "Rows Removed by Filter": 1}]}, {"Node Type": "Index Scan", "Parent Relationship": "Inner", "Scan Direction": "Forward", "Index Name": "company_name_pkey", "Relation Name": "company_name", "Alias": "cn", "Startup Cost": 0.0, "Total Cost": 0.29, "Plan Rows": 1, "Plan Width": 23, "Actual Startup Time": 0.037, "Actual Total Time": 0.037, "Actual Rows": 2, "Actual Loops": 3, "Index Cond": "(id = mc.company_id)", "Rows Removed by Index Recheck": 0, "Filter": "(((country_code)::text <> '[pl]'::text) AND (((name)::text ~~ '%Film%'::text) OR ((name)::text ~~ '%Warner%'::text)))", "Rows Removed by Filter": 1}]}, {"Node Type": "Index Scan", "Parent Relationship": "Inner", "Scan Direction": "Forward", "Index Name": "company_type_pkey", "Relation Name": "company_type", "Alias": "ct", "Startup Cost": 0.0, "Total Cost": 0.27, "Plan Rows": 1, "Plan Width": 4, "Actual Startup Time": 0.011, "Actual Total Time": 0.011, "Actual Rows": 2, "Actual Loops": 2, "Index Cond": "(id = mc.company_type_id)", "Rows Removed by Index Recheck": 0, "Filter": "((kind)::text = 'production companies'::text)", "Rows Removed by Filter": 0}]}, {"Node Type": "Index Scan", "Parent Relationship": "Inner", "Scan Direction": "Forward", "Index Name": "movie_id_movie_link", "Relation Name": "movie_link", "Alias": "ml", "Startup Cost": 0.0, "Total Cost": 0.35, "Plan Rows": 5, "Plan Width": 8, "Actual Startup Time": 0.016, "Actual Total Time": 0.029, "Actual Rows": 38, "Actual Loops": 2, "Index Cond": "(movie_id = mk.movie_id)", "Rows Removed by Index Recheck": 0}]}, {"Node Type": "Index Scan", "Parent Relationship": "Inner", "Scan Direction": "Forward", "Index Name": "link_type_pkey", "Relation Name": "link_type", "Alias": "lt", "Startup Cost": 0.0, "Total Cost": 0.27, "Plan Rows": 1, "Plan Width": 16, "Actual Startup Time": 0.076, "Actual Total Time": 0.076, "Actual Rows": 0, "Actual Loops": 38, "Index Cond": "(id = ml.link_type_id)", "Rows Removed by Index Recheck": 0, "Filter": "((link)::text ~~ '%follows%'::text)", "Rows Removed by Filter": 24}]}]}, "Triggers": [], "Planner Runtime": 80.823, "Total Runtime": 124.133, "Unique SQL Id": 4121279504}}, "(64, 49)": {"explain_plan": {"Plan": {"Node Type": "Aggregate", "Strategy": "Plain", "Startup Cost": 3327.94, "Total Cost": 3327.95, "Plan Rows": 1, "Plan Width": 144, "Plans": [{"Node Type": "Nested Loop", "Parent Relationship": "Outer", "Join Type": "Inner", "Startup Cost": 4.51, "Total Cost": 3327.93, "Plan Rows": 1, "Plan Width": 48, "Inner Unique": true, "Plans": [{"Node Type": "Nested Loop", "Parent Relationship": "Outer", "Join Type": "Inner", "Startup Cost": 4.51, "Total Cost": 3327.65, "Plan Rows": 1, "Plan Width": 40, "Inner Unique": false, "Join Filter": "(t.id = ml.movie_id)", "Plans": [{"Node Type": "Nested Loop", "Parent Relationship": "Outer", "Join Type": "Inner", "Startup Cost": 4.51, "Total Cost": 3327.24, "Plan Rows": 1, "Plan Width": 48, "Inner Unique": true, "Plans": [{"Node Type": "Nested Loop", "Parent Relationship": "Outer", "Join Type": "Inner", "Startup Cost": 4.51, "Total Cost": 3326.95, "Plan Rows": 1, "Plan Width": 52, "Inner Unique": true, "Plans": [{"Node Type": "Nested Loop", "Parent Relationship": "Outer", "Join Type": "Inner", "Startup Cost": 4.51, "Total Cost": 3326.66, "Plan Rows": 1, "Plan Width": 37, "Inner Unique": false, "Join Filter": "(t.id = mc.movie_id)", "Plans": [{"Node Type": "Nested Loop", "Parent Relationship": "Outer", "Join Type": "Inner", "Startup Cost": 4.51, "Total Cost": 3326.32, "Plan Rows": 1, "Plan Width": 25, "Inner Unique": true, "Plans": [{"Node Type": "Nested Loop", "Parent Relationship": "Outer", "Join Type": "Inner", "Startup Cost": 4.51, "Total Cost": 3315.63, "Plan Rows": 33, "Plan Width": 4, "Inner Unique": false, "Plans": [{"Node Type": "Index Scan", "Parent Relationship": "Outer", "Scan Direction": "Forward", "Index Name": "keyword_pkey", "Relation Name": "keyword", "Alias": "k", "Startup Cost": 0.0, "Total Cost": 3182.72, "Plan Rows": 1, "Plan Width": 4, "Filter": "((keyword)::text = 'sequel'::text)"}, {"Node Type": "Bitmap Heap Scan", "Parent Relationship": "Inner", "Relation Name": "movie_keyword", "Alias": "mk", "Startup Cost": 4.51, "Total Cost": 132.58, "Plan Rows": 33, "Plan Width": 8, "Recheck Cond": "(keyword_id = k.id)", "Plans": [{"Node Type": "Bitmap Index Scan", "Parent Relationship": "Outer", "Index Name": "keyword_id_movie_keyword", "Startup Cost": 0.0, "Total Cost": 4.5, "Plan Rows": 33, "Plan Width": 0, "Index Cond": "(keyword_id = k.id)"}]}]}, {"Node Type": "Index Scan", "Parent Relationship": "Inner", "Scan Direction": "Forward", "Index Name": "title_pkey", "Relation Name": "title", "Alias": "t", "Startup Cost": 0.0, "Total Cost": 0.31, "Plan Rows": 1, "Plan Width": 21, "Index Cond": "(id = mk.movie_id)", "Filter": "(((title)::text ~~ '%Money%'::text) AND (production_year = 1998))"}]}, {"Node Type": "Index Scan", "Parent Relationship": "Inner", "Scan Direction": "Forward", "Index Name": "movie_id_movie_companies", "Relation Name": "movie_companies", "Alias": "mc", "Startup Cost": 0.0, "Total Cost": 0.31, "Plan Rows": 2, "Plan Width": 12, "Index Cond": "(movie_id = mk.movie_id)", "Filter": "(note IS NULL)"}]}, {"Node Type": "Index Scan", "Parent Relationship": "Inner", "Scan Direction": "Forward", "Index Name": "company_name_pkey", "Relation Name": "company_name", "Alias": "cn", "Startup Cost": 0.0, "Total Cost": 0.29, "Plan Rows": 1, "Plan Width": 23, "Index Cond": "(id = mc.company_id)", "Filter": "(((country_code)::text <> '[pl]'::text) AND (((name)::text ~~ '%Film%'::text) OR ((name)::text ~~ '%Warner%'::text)))"}]}, {"Node Type": "Index Scan", "Parent Relationship": "Inner", "Scan Direction": "Forward", "Index Name": "company_type_pkey", "Relation Name": "company_type", "Alias": "ct", "Startup Cost": 0.0, "Total Cost": 0.27, "Plan Rows": 1, "Plan Width": 4, "Index Cond": "(id = mc.company_type_id)", "Filter": "((kind)::text = 'production companies'::text)"}]}, {"Node Type": "Index Scan", "Parent Relationship": "Inner", "Scan Direction": "Forward", "Index Name": "movie_id_movie_link", "Relation Name": "movie_link", "Alias": "ml", "Startup Cost": 0.0, "Total Cost": 0.35, "Plan Rows": 5, "Plan Width": 8, "Index Cond": "(movie_id = mk.movie_id)"}]}, {"Node Type": "Index Scan", "Parent Relationship": "Inner", "Scan Direction": "Forward", "Index Name": "link_type_pkey", "Relation Name": "link_type", "Alias": "lt", "Startup Cost": 0.0, "Total Cost": 0.27, "Plan Rows": 1, "Plan Width": 16, "Index Cond": "(id = ml.link_type_id)", "Filter": "((link)::text ~~ '%follows%'::text)"}]}]}, "Unique SQL Id": 4121279504}, "explain_analyze_plan": {"Plan": {"Node Type": "Aggregate", "Strategy": "Plain", "Startup Cost": 3327.94, "Total Cost": 3327.95, "Plan Rows": 1, "Plan Width": 144, "Actual Startup Time": 206.836, "Actual Total Time": 206.836, "Actual Rows": 1, "Actual Loops": 1, "Plans": [{"Node Type": "Nested Loop", "Parent Relationship": "Outer", "Join Type": "Inner", "Startup Cost": 4.51, "Total Cost": 3327.93, "Plan Rows": 1, "Plan Width": 48, "Actual Startup Time": 206.83, "Actual Total Time": 206.83, "Actual Rows": 0, "Actual Loops": 1, "Inner Unique": true, "Plans": [{"Node Type": "Nested Loop", "Parent Relationship": "Outer", "Join Type": "Inner", "Startup Cost": 4.51, "Total Cost": 3327.65, "Plan Rows": 1, "Plan Width": 40, "Actual Startup Time": 4.134, "Actual Total Time": 206.74, "Actual Rows": 38, "Actual Loops": 1, "Inner Unique": false, "Join Filter": "(t.id = ml.movie_id)", "Rows Removed by Join Filter": 0, "Plans": [{"Node Type": "Nested Loop", "Parent Relationship": "Outer", "Join Type": "Inner", "Startup Cost": 4.51, "Total Cost": 3327.24, "Plan Rows": 1, "Plan Width": 48, "Actual Startup Time": 4.119, "Actual Total Time": 206.686, "Actual Rows": 2, "Actual Loops": 1, "Inner Unique": true, "Plans": [{"Node Type": "Nested Loop", "Parent Relationship": "Outer", "Join Type": "Inner", "Startup Cost": 4.51, "Total Cost": 3326.95, "Plan Rows": 1, "Plan Width": 52, "Actual Startup Time": 4.11, "Actual Total Time": 206.673, "Actual Rows": 2, "Actual Loops": 1, "Inner Unique": true, "Plans": [{"Node Type": "Nested Loop", "Parent Relationship": "Outer", "Join Type": "Inner", "Startup Cost": 4.51, "Total Cost": 3326.66, "Plan Rows": 1, "Plan Width": 37, "Actual Startup Time": 4.093, "Actual Total Time": 206.639, "Actual Rows": 3, "Actual Loops": 1, "Inner Unique": false, "Join Filter": "(t.id = mc.movie_id)", "Rows Removed by Join Filter": 0, "Plans": [{"Node Type": "Nested Loop", "Parent Relationship": "Outer", "Join Type": "Inner", "Startup Cost": 4.51, "Total Cost": 3326.32, "Plan Rows": 1, "Plan Width": 25, "Actual Startup Time": 4.075, "Actual Total Time": 206.617, "Actual Rows": 1, "Actual Loops": 1, "Inner Unique": true, "Plans": [{"Node Type": "Nested Loop", "Parent Relationship": "Outer", "Join Type": "Inner", "Startup Cost": 4.51, "Total Cost": 3315.63, "Plan Rows": 33, "Plan Width": 4, "Actual Startup Time": 3.756, "Actual Total Time": 147.383, "Actual Rows": 10544, "Actual Loops": 1, "Inner Unique": false, "Plans": [{"Node Type": "Index Scan", "Parent Relationship": "Outer", "Scan Direction": "Forward", "Index Name": "keyword_pkey", "Relation Name": "keyword", "Alias": "k", "Startup Cost": 0.0, "Total Cost": 3182.72, "Plan Rows": 1, "Plan Width": 4, "Actual Startup Time": 0.512, "Actual Total Time": 126.311, "Actual Rows": 1, "Actual Loops": 1, "Filter": "((keyword)::text = 'sequel'::text)", "Rows Removed by Filter": 134168}, {"Node Type": "Bitmap Heap Scan", "Parent Relationship": "Inner", "Relation Name": "movie_keyword", "Alias": "mk", "Startup Cost": 4.51, "Total Cost": 132.58, "Plan Rows": 33, "Plan Width": 8, "Actual Startup Time": 3.236, "Actual Total Time": 18.868, "Actual Rows": 10544, "Actual Loops": 1, "Recheck Cond": "(keyword_id = k.id)", "Rows Removed by Index Recheck": 0, "Exact Heap Blocks": 5090, "Lossy Heap Blocks": 5090, "Plans": [{"Node Type": "Bitmap Index Scan", "Parent Relationship": "Outer", "Index Name": "keyword_id_movie_keyword", "Startup Cost": 0.0, "Total Cost": 4.5, "Plan Rows": 33, "Plan Width": 0, "Actual Startup Time": 2.291, "Actual Total Time": 2.291, "Actual Rows": 10544, "Actual Loops": 1, "Index Cond": "(keyword_id = k.id)"}]}]}, {"Node Type": "Index Scan", "Parent Relationship": "Inner", "Scan Direction": "Forward", "Index Name": "title_pkey", "Relation Name": "title", "Alias": "t", "Startup Cost": 0.0, "Total Cost": 0.31, "Plan Rows": 1, "Plan Width": 21, "Actual Startup Time": 53.865, "Actual Total Time": 53.865, "Actual Rows": 1, "Actual Loops": 10544, "Index Cond": "(id = mk.movie_id)", "Rows Removed by Index Recheck": 0, "Filter": "(((title)::text ~~ '%Money%'::text) AND (production_year = 1998))", "Rows Removed by Filter": 10543}]}, {"Node Type": "Index Scan", "Parent Relationship": "Inner", "Scan Direction": "Forward", "Index Name": "movie_id_movie_companies", "Relation Name": "movie_companies", "Alias": "mc", "Startup Cost": 0.0, "Total Cost": 0.31, "Plan Rows": 2, "Plan Width": 12, "Actual Startup Time": 0.015, "Actual Total Time": 0.018, "Actual Rows": 3, "Actual Loops": 1, "Index Cond": "(movie_id = mk.movie_id)", "Rows Removed by Index Recheck": 0, "Filter": "(note IS NULL)", "Rows Removed by Filter": 1}]}, {"Node Type": "Index Scan", "Parent Relationship": "Inner", "Scan Direction": "Forward", "Index Name": "company_name_pkey", "Relation Name": "company_name", "Alias": "cn", "Startup Cost": 0.0, "Total Cost": 0.29, "Plan Rows": 1, "Plan Width": 23, "Actual Startup Time": 0.028, "Actual Total Time": 0.028, "Actual Rows": 2, "Actual Loops": 3, "Index Cond": "(id = mc.company_id)", "Rows Removed by Index Recheck": 0, "Filter": "(((country_code)::text <> '[pl]'::text) AND (((name)::text ~~ '%Film%'::text) OR ((name)::text ~~ '%Warner%'::text)))", "Rows Removed by Filter": 1}]}, {"Node Type": "Index Scan", "Parent Relationship": "Inner", "Scan Direction": "Forward", "Index Name": "company_type_pkey", "Relation Name": "company_type", "Alias": "ct", "Startup Cost": 0.0, "Total Cost": 0.27, "Plan Rows": 1, "Plan Width": 4, "Actual Startup Time": 0.009, "Actual Total Time": 0.009, "Actual Rows": 2, "Actual Loops": 2, "Index Cond": "(id = mc.company_type_id)", "Rows Removed by Index Recheck": 0, "Filter": "((kind)::text = 'production companies'::text)", "Rows Removed by Filter": 0}]}, {"Node Type": "Index Scan", "Parent Relationship": "Inner", "Scan Direction": "Forward", "Index Name": "movie_id_movie_link", "Relation Name": "movie_link", "Alias": "ml", "Startup Cost": 0.0, "Total Cost": 0.35, "Plan Rows": 5, "Plan Width": 8, "Actual Startup Time": 0.013, "Actual Total Time": 0.03, "Actual Rows": 38, "Actual Loops": 2, "Index Cond": "(movie_id = mk.movie_id)", "Rows Removed by Index Recheck": 0}]}, {"Node Type": "Index Scan", "Parent Relationship": "Inner", "Scan Direction": "Forward", "Index Name": "link_type_pkey", "Relation Name": "link_type", "Alias": "lt", "Startup Cost": 0.0, "Total Cost": 0.27, "Plan Rows": 1, "Plan Width": 16, "Actual Startup Time": 0.072, "Actual Total Time": 0.072, "Actual Rows": 0, "Actual Loops": 38, "Index Cond": "(id = ml.link_type_id)", "Rows Removed by Index Recheck": 0, "Filter": "((link)::text ~~ '%follows%'::text)", "Rows Removed by Filter": 24}]}]}, "Triggers": [], "Planner Runtime": 70.618, "Total Runtime": 207.306, "Unique SQL Id": 4121279504}}, "(64, 50)": {"explain_plan": {"Plan": {"Node Type": "Aggregate", "Strategy": "Plain", "Startup Cost": 2726.02, "Total Cost": 2726.03, "Plan Rows": 1, "Plan Width": 144, "Plans": [{"Node Type": "Nested Loop", "Parent Relationship": "Outer", "Join Type": "Inner", "Startup Cost": 5.59, "Total Cost": 2726.01, "Plan Rows": 1, "Plan Width": 48, "Inner Unique": true, "Join Filter": "(ml.link_type_id = lt.id)", "Plans": [{"Node Type": "Nested Loop", "Parent Relationship": "Outer", "Join Type": "Inner", "Startup Cost": 5.59, "Total Cost": 2724.78, "Plan Rows": 1, "Plan Width": 40, "Inner Unique": false, "Join Filter": "(t.id = ml.movie_id)", "Plans": [{"Node Type": "Nested Loop", "Parent Relationship": "Outer", "Join Type": "Inner", "Startup Cost": 5.3, "Total Cost": 2720.37, "Plan Rows": 1, "Plan Width": 48, "Inner Unique": true, "Join Filter": "(mc.company_type_id = ct.id)", "Plans": [{"Node Type": "Nested Loop", "Parent Relationship": "Outer", "Join Type": "Inner", "Startup Cost": 5.3, "Total Cost": 2719.32, "Plan Rows": 1, "Plan Width": 52, "Inner Unique": true, "Plans": [{"Node Type": "Nested Loop", "Parent Relationship": "Outer", "Join Type": "Inner", "Startup Cost": 5.05, "Total Cost": 2715.03, "Plan Rows": 1, "Plan Width": 37, "Inner Unique": false, "Join Filter": "(t.id = mc.movie_id)", "Plans": [{"Node Type": "Nested Loop", "Parent Relationship": "Outer", "Join Type": "Inner", "Startup Cost": 4.77, "Total Cost": 2710.71, "Plan Rows": 1, "Plan Width": 25, "Inner Unique": true, "Plans": [{"Node Type": "Nested Loop", "Parent Relationship": "Outer", "Join Type": "Inner", "Startup Cost": 4.51, "Total Cost": 2569.02, "Plan Rows": 33, "Plan Width": 4, "Inner Unique": false, "Plans": [{"Node Type": "Seq Scan", "Parent Relationship": "Outer", "Relation Name": "keyword", "Alias": "k", "Startup Cost": 0.0, "Total Cost": 2436.11, "Plan Rows": 1, "Plan Width": 4, "Filter": "((keyword)::text = 'sequel'::text)"}, {"Node Type": "Bitmap Heap Scan", "Parent Relationship": "Inner", "Relation Name": "movie_keyword", "Alias": "mk", "Startup Cost": 4.51, "Total Cost": 132.58, "Plan Rows": 33, "Plan Width": 8, "Recheck Cond": "(keyword_id = k.id)", "Plans": [{"Node Type": "Bitmap Index Scan", "Parent Relationship": "Outer", "Index Name": "keyword_id_movie_keyword", "Startup Cost": 0.0, "Total Cost": 4.5, "Plan Rows": 33, "Plan Width": 0, "Index Cond": "(keyword_id = k.id)"}]}]}, {"Node Type": "Bitmap Heap Scan", "Parent Relationship": "Inner", "Relation Name": "title", "Alias": "t", "Startup Cost": 0.27, "Total Cost": 4.28, "Plan Rows": 1, "Plan Width": 21, "Recheck Cond": "(id = mk.movie_id)", "Filter": "(((title)::text ~~ '%Money%'::text) AND (production_year = 1998))", "Plans": [{"Node Type": "Bitmap Index Scan", "Parent Relationship": "Outer", "Index Name": "title_pkey", "Startup Cost": 0.0, "Total Cost": 0.27, "Plan Rows": 1, "Plan Width": 0, "Index Cond": "(id = mk.movie_id)"}]}]}, {"Node Type": "Bitmap Heap Scan", "Parent Relationship": "Inner", "Relation Name": "movie_companies", "Alias": "mc", "Startup Cost": 0.27, "Total Cost": 4.3, "Plan Rows": 2, "Plan Width": 12, "Recheck Cond": "(movie_id = mk.movie_id)", "Filter": "(note IS NULL)", "Plans": [{"Node Type": "Bitmap Index Scan", "Parent Relationship": "Outer", "Index Name": "movie_id_movie_companies", "Startup Cost": 0.0, "Total Cost": 0.27, "Plan Rows": 2, "Plan Width": 0, "Index Cond": "(movie_id = mk.movie_id)"}]}]}, {"Node Type": "Bitmap Heap Scan", "Parent Relationship": "Inner", "Relation Name": "company_name", "Alias": "cn", "Startup Cost": 0.26, "Total Cost": 4.28, "Plan Rows": 1, "Plan Width": 23, "Recheck Cond": "(id = mc.company_id)", "Filter": "(((country_code)::text <> '[pl]'::text) AND (((name)::text ~~ '%Film%'::text) OR ((name)::text ~~ '%Warner%'::text)))", "Plans": [{"Node Type": "Bitmap Index Scan", "Parent Relationship": "Outer", "Index Name": "company_name_pkey", "Startup Cost": 0.0, "Total Cost": 0.26, "Plan Rows": 1, "Plan Width": 0, "Index Cond": "(id = mc.company_id)"}]}]}, {"Node Type": "Seq Scan", "Parent Relationship": "Inner", "Relation Name": "company_type", "Alias": "ct", "Startup Cost": 0.0, "Total Cost": 1.04, "Plan Rows": 1, "Plan Width": 4, "Filter": "((kind)::text = 'production companies'::text)"}]}, {"Node Type": "Bitmap Heap Scan", "Parent Relationship": "Inner", "Relation Name": "movie_link", "Alias": "ml", "Startup Cost": 0.29, "Total Cost": 4.35, "Plan Rows": 5, "Plan Width": 8, "Recheck Cond": "(movie_id = mk.movie_id)", "Plans": [{"Node Type": "Bitmap Index Scan", "Parent Relationship": "Outer", "Index Name": "movie_id_movie_link", "Startup Cost": 0.0, "Total Cost": 0.29, "Plan Rows": 5, "Plan Width": 0, "Index Cond": "(movie_id = mk.movie_id)"}]}]}, {"Node Type": "Seq Scan", "Parent Relationship": "Inner", "Relation Name": "link_type", "Alias": "lt", "Startup Cost": 0.0, "Total Cost": 1.21, "Plan Rows": 1, "Plan Width": 16, "Filter": "((link)::text ~~ '%follows%'::text)"}]}]}, "Unique SQL Id": 4121279504}, "explain_analyze_plan": {"Plan": {"Node Type": "Aggregate", "Strategy": "Plain", "Startup Cost": 2726.02, "Total Cost": 2726.03, "Plan Rows": 1, "Plan Width": 144, "Actual Startup Time": 139.861, "Actual Total Time": 139.862, "Actual Rows": 1, "Actual Loops": 1, "Plans": [{"Node Type": "Nested Loop", "Parent Relationship": "Outer", "Join Type": "Inner", "Startup Cost": 5.59, "Total Cost": 2726.01, "Plan Rows": 1, "Plan Width": 48, "Actual Startup Time": 139.85, "Actual Total Time": 139.85, "Actual Rows": 0, "Actual Loops": 1, "Inner Unique": true, "Join Filter": "(ml.link_type_id = lt.id)", "Rows Removed by Join Filter": 0, "Plans": [{"Node Type": "Nested Loop", "Parent Relationship": "Outer", "Join Type": "Inner", "Startup Cost": 5.59, "Total Cost": 2724.78, "Plan Rows": 1, "Plan Width": 40, "Actual Startup Time": 5.83, "Actual Total Time": 139.523, "Actual Rows": 38, "Actual Loops": 1, "Inner Unique": false, "Join Filter": "(t.id = ml.movie_id)", "Rows Removed by Join Filter": 0, "Plans": [{"Node Type": "Nested Loop", "Parent Relationship": "Outer", "Join Type": "Inner", "Startup Cost": 5.3, "Total Cost": 2720.37, "Plan Rows": 1, "Plan Width": 48, "Actual Startup Time": 5.81, "Actual Total Time": 139.475, "Actual Rows": 2, "Actual Loops": 1, "Inner Unique": true, "Join Filter": "(mc.company_type_id = ct.id)", "Rows Removed by Join Filter": 0, "Plans": [{"Node Type": "Nested Loop", "Parent Relationship": "Outer", "Join Type": "Inner", "Startup Cost": 5.3, "Total Cost": 2719.32, "Plan Rows": 1, "Plan Width": 52, "Actual Startup Time": 5.795, "Actual Total Time": 139.457, "Actual Rows": 2, "Actual Loops": 1, "Inner Unique": true, "Plans": [{"Node Type": "Nested Loop", "Parent Relationship": "Outer", "Join Type": "Inner", "Startup Cost": 5.05, "Total Cost": 2715.03, "Plan Rows": 1, "Plan Width": 37, "Actual Startup Time": 5.772, "Actual Total Time": 139.409, "Actual Rows": 3, "Actual Loops": 1, "Inner Unique": false, "Join Filter": "(t.id = mc.movie_id)", "Rows Removed by Join Filter": 0, "Plans": [{"Node Type": "Nested Loop", "Parent Relationship": "Outer", "Join Type": "Inner", "Startup Cost": 4.77, "Total Cost": 2710.71, "Plan Rows": 1, "Plan Width": 25, "Actual Startup Time": 5.729, "Actual Total Time": 139.363, "Actual Rows": 1, "Actual Loops": 1, "Inner Unique": true, "Plans": [{"Node Type": "Nested Loop", "Parent Relationship": "Outer", "Join Type": "Inner", "Startup Cost": 4.51, "Total Cost": 2569.02, "Plan Rows": 33, "Plan Width": 4, "Actual Startup Time": 5.307, "Actual Total Time": 62.033, "Actual Rows": 10544, "Actual Loops": 1, "Inner Unique": false, "Plans": [{"Node Type": "Seq Scan", "Parent Relationship": "Outer", "Relation Name": "keyword", "Alias": "k", "Startup Cost": 0.0, "Total Cost": 2436.11, "Plan Rows": 1, "Plan Width": 4, "Actual Startup Time": 2.376, "Actual Total Time": 41.622, "Actual Rows": 1, "Actual Loops": 1, "Filter": "((keyword)::text = 'sequel'::text)", "Rows Removed by Filter": 134168}, {"Node Type": "Bitmap Heap Scan", "Parent Relationship": "Inner", "Relation Name": "movie_keyword", "Alias": "mk", "Startup Cost": 4.51, "Total Cost": 132.58, "Plan Rows": 33, "Plan Width": 8, "Actual Startup Time": 2.922, "Actual Total Time": 18.246, "Actual Rows": 10544, "Actual Loops": 1, "Recheck Cond": "(keyword_id = k.id)", "Rows Removed by Index Recheck": 0, "Exact Heap Blocks": 5090, "Lossy Heap Blocks": 5090, "Plans": [{"Node Type": "Bitmap Index Scan", "Parent Relationship": "Outer", "Index Name": "keyword_id_movie_keyword", "Startup Cost": 0.0, "Total Cost": 4.5, "Plan Rows": 33, "Plan Width": 0, "Actual Startup Time": 1.992, "Actual Total Time": 1.992, "Actual Rows": 10544, "Actual Loops": 1, "Index Cond": "(keyword_id = k.id)"}]}]}, {"Node Type": "Bitmap Heap Scan", "Parent Relationship": "Inner", "Relation Name": "title", "Alias": "t", "Startup Cost": 0.27, "Total Cost": 4.28, "Plan Rows": 1, "Plan Width": 21, "Actual Startup Time": 65.637, "Actual Total Time": 65.637, "Actual Rows": 1, "Actual Loops": 10544, "Recheck Cond": "(id = mk.movie_id)", "Rows Removed by Index Recheck": 0, "Filter": "(((title)::text ~~ '%Money%'::text) AND (production_year = 1998))", "Rows Removed by Filter": 10543, "Exact Heap Blocks": 10544, "Lossy Heap Blocks": 10544, "Plans": [{"Node Type": "Bitmap Index Scan", "Parent Relationship": "Outer", "Index Name": "title_pkey", "Startup Cost": 0.0, "Total Cost": 0.27, "Plan Rows": 1, "Plan Width": 0, "Actual Startup Time": 31.501, "Actual Total Time": 31.501, "Actual Rows": 10544, "Actual Loops": 10544, "Index Cond": "(id = mk.movie_id)"}]}]}, {"Node Type": "Bitmap Heap Scan", "Parent Relationship": "Inner", "Relation Name": "movie_companies", "Alias": "mc", "Startup Cost": 0.27, "Total Cost": 4.3, "Plan Rows": 2, "Plan Width": 12, "Actual Startup Time": 0.035, "Actual Total Time": 0.036, "Actual Rows": 3, "Actual Loops": 1, "Recheck Cond": "(movie_id = mk.movie_id)", "Rows Removed by Index Recheck": 0, "Filter": "(note IS NULL)", "Rows Removed by Filter": 1, "Exact Heap Blocks": 2, "Lossy Heap Blocks": 2, "Plans": [{"Node Type": "Bitmap Index Scan", "Parent Relationship": "Outer", "Index Name": "movie_id_movie_companies", "Startup Cost": 0.0, "Total Cost": 0.27, "Plan Rows": 2, "Plan Width": 0, "Actual Startup Time": 0.011, "Actual Total Time": 0.011, "Actual Rows": 4, "Actual Loops": 1, "Index Cond": "(movie_id = mk.movie_id)"}]}]}, {"Node Type": "Bitmap Heap Scan", "Parent Relationship": "Inner", "Relation Name": "company_name", "Alias": "cn", "Startup Cost": 0.26, "Total Cost": 4.28, "Plan Rows": 1, "Plan Width": 23, "Actual Startup Time": 0.042, "Actual Total Time": 0.042, "Actual Rows": 2, "Actual Loops": 3, "Recheck Cond": "(id = mc.company_id)", "Rows Removed by Index Recheck": 0, "Filter": "(((country_code)::text <> '[pl]'::text) AND (((name)::text ~~ '%Film%'::text) OR ((name)::text ~~ '%Warner%'::text)))", "Rows Removed by Filter": 1, "Exact Heap Blocks": 3, "Lossy Heap Blocks": 3, "Plans": [{"Node Type": "Bitmap Index Scan", "Parent Relationship": "Outer", "Index Name": "company_name_pkey", "Startup Cost": 0.0, "Total Cost": 0.26, "Plan Rows": 1, "Plan Width": 0, "Actual Startup Time": 0.021, "Actual Total Time": 0.021, "Actual Rows": 3, "Actual Loops": 3, "Index Cond": "(id = mc.company_id)"}]}]}, {"Node Type": "Seq Scan", "Parent Relationship": "Inner", "Relation Name": "company_type", "Alias": "ct", "Startup Cost": 0.0, "Total Cost": 1.04, "Plan Rows": 1, "Plan Width": 4, "Actual Startup Time": 0.012, "Actual Total Time": 0.012, "Actual Rows": 2, "Actual Loops": 2, "Filter": "((kind)::text = 'production companies'::text)", "Rows Removed by Filter": 0}]}, {"Node Type": "Bitmap Heap Scan", "Parent Relationship": "Inner", "Relation Name": "movie_link", "Alias": "ml", "Startup Cost": 0.29, "Total Cost": 4.35, "Plan Rows": 5, "Plan Width": 8, "Actual Startup Time": 0.024, "Actual Total Time": 0.031, "Actual Rows": 38, "Actual Loops": 2, "Recheck Cond": "(movie_id = mk.movie_id)", "Rows Removed by Index Recheck": 0, "Exact Heap Blocks": 2, "Lossy Heap Blocks": 2, "Plans": [{"Node Type": "Bitmap Index Scan", "Parent Relationship": "Outer", "Index Name": "movie_id_movie_link", "Startup Cost": 0.0, "Total Cost": 0.29, "Plan Rows": 5, "Plan Width": 0, "Actual Startup Time": 0.012, "Actual Total Time": 0.012, "Actual Rows": 38, "Actual Loops": 2, "Index Cond": "(movie_id = mk.movie_id)"}]}]}, {"Node Type": "Seq Scan", "Parent Relationship": "Inner", "Relation Name": "link_type", "Alias": "lt", "Startup Cost": 0.0, "Total Cost": 1.21, "Plan Rows": 1, "Plan Width": 16, "Actual Startup Time": 0.292, "Actual Total Time": 0.292, "Actual Rows": 0, "Actual Loops": 38, "Filter": "((link)::text ~~ '%follows%'::text)", "Rows Removed by Filter": 646}]}]}, "Triggers": [], "Planner Runtime": 80.894, "Total Runtime": 140.522, "Unique SQL Id": 4121279504}}, "(64, 51)": {"explain_plan": {"Plan": {"Node Type": "Aggregate", "Strategy": "Plain", "Startup Cost": 3451.4, "Total Cost": 3451.41, "Plan Rows": 1, "Plan Width": 144, "Plans": [{"Node Type": "Nested Loop", "Parent Relationship": "Outer", "Join Type": "Inner", "Startup Cost": 725.2, "Total Cost": 3451.4, "Plan Rows": 1, "Plan Width": 48, "Inner Unique": true, "Plans": [{"Node Type": "Nested Loop", "Parent Relationship": "Outer", "Join Type": "Inner", "Startup Cost": 724.95, "Total Cost": 3447.11, "Plan Rows": 1, "Plan Width": 40, "Inner Unique": false, "Join Filter": "(t.id = ml.movie_id)", "Plans": [{"Node Type": "Nested Loop", "Parent Relationship": "Outer", "Join Type": "Inner", "Startup Cost": 724.66, "Total Cost": 3442.7, "Plan Rows": 1, "Plan Width": 48, "Inner Unique": true, "Plans": [{"Node Type": "Nested Loop", "Parent Relationship": "Outer", "Join Type": "Inner", "Startup Cost": 724.4, "Total Cost": 3438.42, "Plan Rows": 1, "Plan Width": 52, "Inner Unique": true, "Plans": [{"Node Type": "Nested Loop", "Parent Relationship": "Outer", "Join Type": "Inner", "Startup Cost": 724.14, "Total Cost": 3434.13, "Plan Rows": 1, "Plan Width": 37, "Inner Unique": false, "Join Filter": "(t.id = mc.movie_id)", "Plans": [{"Node Type": "Nested Loop", "Parent Relationship": "Outer", "Join Type": "Inner", "Startup Cost": 723.87, "Total Cost": 3429.8, "Plan Rows": 1, "Plan Width": 25, "Inner Unique": true, "Plans": [{"Node Type": "Nested Loop", "Parent Relationship": "Outer", "Join Type": "Inner", "Startup Cost": 723.6, "Total Cost": 3288.12, "Plan Rows": 33, "Plan Width": 4, "Inner Unique": false, "Plans": [{"Node Type": "Bitmap Heap Scan", "Parent Relationship": "Outer", "Relation Name": "keyword", "Alias": "k", "Startup Cost": 719.1, "Total Cost": 3155.21, "Plan Rows": 1, "Plan Width": 4, "Filter": "((keyword)::text = 'sequel'::text)", "Plans": [{"Node Type": "Bitmap Index Scan", "Parent Relationship": "Outer", "Index Name": "keyword_pkey", "Startup Cost": 0.0, "Total Cost": 719.1, "Plan Rows": 134169, "Plan Width": 0}]}, {"Node Type": "Bitmap Heap Scan", "Parent Relationship": "Inner", "Relation Name": "movie_keyword", "Alias": "mk", "Startup Cost": 4.51, "Total Cost": 132.58, "Plan Rows": 33, "Plan Width": 8, "Recheck Cond": "(keyword_id = k.id)", "Plans": [{"Node Type": "Bitmap Index Scan", "Parent Relationship": "Outer", "Index Name": "keyword_id_movie_keyword", "Startup Cost": 0.0, "Total Cost": 4.5, "Plan Rows": 33, "Plan Width": 0, "Index Cond": "(keyword_id = k.id)"}]}]}, {"Node Type": "Bitmap Heap Scan", "Parent Relationship": "Inner", "Relation Name": "title", "Alias": "t", "Startup Cost": 0.27, "Total Cost": 4.28, "Plan Rows": 1, "Plan Width": 21, "Recheck Cond": "(id = mk.movie_id)", "Filter": "(((title)::text ~~ '%Money%'::text) AND (production_year = 1998))", "Plans": [{"Node Type": "Bitmap Index Scan", "Parent Relationship": "Outer", "Index Name": "title_pkey", "Startup Cost": 0.0, "Total Cost": 0.27, "Plan Rows": 1, "Plan Width": 0, "Index Cond": "(id = mk.movie_id)"}]}]}, {"Node Type": "Bitmap Heap Scan", "Parent Relationship": "Inner", "Relation Name": "movie_companies", "Alias": "mc", "Startup Cost": 0.27, "Total Cost": 4.3, "Plan Rows": 2, "Plan Width": 12, "Recheck Cond": "(movie_id = mk.movie_id)", "Filter": "(note IS NULL)", "Plans": [{"Node Type": "Bitmap Index Scan", "Parent Relationship": "Outer", "Index Name": "movie_id_movie_companies", "Startup Cost": 0.0, "Total Cost": 0.27, "Plan Rows": 2, "Plan Width": 0, "Index Cond": "(movie_id = mk.movie_id)"}]}]}, {"Node Type": "Bitmap Heap Scan", "Parent Relationship": "Inner", "Relation Name": "company_name", "Alias": "cn", "Startup Cost": 0.26, "Total Cost": 4.28, "Plan Rows": 1, "Plan Width": 23, "Recheck Cond": "(id = mc.company_id)", "Filter": "(((country_code)::text <> '[pl]'::text) AND (((name)::text ~~ '%Film%'::text) OR ((name)::text ~~ '%Warner%'::text)))", "Plans": [{"Node Type": "Bitmap Index Scan", "Parent Relationship": "Outer", "Index Name": "company_name_pkey", "Startup Cost": 0.0, "Total Cost": 0.26, "Plan Rows": 1, "Plan Width": 0, "Index Cond": "(id = mc.company_id)"}]}]}, {"Node Type": "Bitmap Heap Scan", "Parent Relationship": "Inner", "Relation Name": "company_type", "Alias": "ct", "Startup Cost": 0.26, "Total Cost": 4.27, "Plan Rows": 1, "Plan Width": 4, "Recheck Cond": "(id = mc.company_type_id)", "Filter": "((kind)::text = 'production companies'::text)", "Plans": [{"Node Type": "Bitmap Index Scan", "Parent Relationship": "Outer", "Index Name": "company_type_pkey", "Startup Cost": 0.0, "Total Cost": 0.26, "Plan Rows": 1, "Plan Width": 0, "Index Cond": "(id = mc.company_type_id)"}]}]}, {"Node Type": "Bitmap Heap Scan", "Parent Relationship": "Inner", "Relation Name": "movie_link", "Alias": "ml", "Startup Cost": 0.29, "Total Cost": 4.35, "Plan Rows": 5, "Plan Width": 8, "Recheck Cond": "(movie_id = mk.movie_id)", "Plans": [{"Node Type": "Bitmap Index Scan", "Parent Relationship": "Outer", "Index Name": "movie_id_movie_link", "Startup Cost": 0.0, "Total Cost": 0.29, "Plan Rows": 5, "Plan Width": 0, "Index Cond": "(movie_id = mk.movie_id)"}]}]}, {"Node Type": "Bitmap Heap Scan", "Parent Relationship": "Inner", "Relation Name": "link_type", "Alias": "lt", "Startup Cost": 0.26, "Total Cost": 4.27, "Plan Rows": 1, "Plan Width": 16, "Recheck Cond": "(id = ml.link_type_id)", "Filter": "((link)::text ~~ '%follows%'::text)", "Plans": [{"Node Type": "Bitmap Index Scan", "Parent Relationship": "Outer", "Index Name": "link_type_pkey", "Startup Cost": 0.0, "Total Cost": 0.26, "Plan Rows": 1, "Plan Width": 0, "Index Cond": "(id = ml.link_type_id)"}]}]}]}, "Unique SQL Id": 4121279504}, "explain_analyze_plan": {"Plan": {"Node Type": "Aggregate", "Strategy": "Plain", "Startup Cost": 3451.4, "Total Cost": 3451.41, "Plan Rows": 1, "Plan Width": 144, "Actual Startup Time": 161.722, "Actual Total Time": 161.723, "Actual Rows": 1, "Actual Loops": 1, "Plans": [{"Node Type": "Nested Loop", "Parent Relationship": "Outer", "Join Type": "Inner", "Startup Cost": 725.2, "Total Cost": 3451.4, "Plan Rows": 1, "Plan Width": 48, "Actual Startup Time": 161.712, "Actual Total Time": 161.712, "Actual Rows": 0, "Actual Loops": 1, "Inner Unique": true, "Plans": [{"Node Type": "Nested Loop", "Parent Relationship": "Outer", "Join Type": "Inner", "Startup Cost": 724.95, "Total Cost": 3447.11, "Plan Rows": 1, "Plan Width": 40, "Actual Startup Time": 19.997, "Actual Total Time": 161.571, "Actual Rows": 38, "Actual Loops": 1, "Inner Unique": false, "Join Filter": "(t.id = ml.movie_id)", "Rows Removed by Join Filter": 0, "Plans": [{"Node Type": "Nested Loop", "Parent Relationship": "Outer", "Join Type": "Inner", "Startup Cost": 724.66, "Total Cost": 3442.7, "Plan Rows": 1, "Plan Width": 48, "Actual Startup Time": 19.97, "Actual Total Time": 161.514, "Actual Rows": 2, "Actual Loops": 1, "Inner Unique": true, "Plans": [{"Node Type": "Nested Loop", "Parent Relationship": "Outer", "Join Type": "Inner", "Startup Cost": 724.4, "Total Cost": 3438.42, "Plan Rows": 1, "Plan Width": 52, "Actual Startup Time": 19.958, "Actual Total Time": 161.497, "Actual Rows": 2, "Actual Loops": 1, "Inner Unique": true, "Plans": [{"Node Type": "Nested Loop", "Parent Relationship": "Outer", "Join Type": "Inner", "Startup Cost": 724.14, "Total Cost": 3434.13, "Plan Rows": 1, "Plan Width": 37, "Actual Startup Time": 19.933, "Actual Total Time": 161.449, "Actual Rows": 3, "Actual Loops": 1, "Inner Unique": false, "Join Filter": "(t.id = mc.movie_id)", "Rows Removed by Join Filter": 0, "Plans": [{"Node Type": "Nested Loop", "Parent Relationship": "Outer", "Join Type": "Inner", "Startup Cost": 723.87, "Total Cost": 3429.8, "Plan Rows": 1, "Plan Width": 25, "Actual Startup Time": 19.903, "Actual Total Time": 161.415, "Actual Rows": 1, "Actual Loops": 1, "Inner Unique": true, "Plans": [{"Node Type": "Nested Loop", "Parent Relationship": "Outer", "Join Type": "Inner", "Startup Cost": 723.6, "Total Cost": 3288.12, "Plan Rows": 33, "Plan Width": 4, "Actual Startup Time": 19.48, "Actual Total Time": 84.809, "Actual Rows": 10544, "Actual Loops": 1, "Inner Unique": false, "Plans": [{"Node Type": "Bitmap Heap Scan", "Parent Relationship": "Outer", "Relation Name": "keyword", "Alias": "k", "Startup Cost": 719.1, "Total Cost": 3155.21, "Plan Rows": 1, "Plan Width": 4, "Actual Startup Time": 16.533, "Actual Total Time": 64.286, "Actual Rows": 1, "Actual Loops": 1, "Filter": "((keyword)::text = 'sequel'::text)", "Rows Removed by Filter": 134168, "Exact Heap Blocks": 759, "Lossy Heap Blocks": 759, "Plans": [{"Node Type": "Bitmap Index Scan", "Parent Relationship": "Outer", "Index Name": "keyword_pkey", "Startup Cost": 0.0, "Total Cost": 719.1, "Plan Rows": 134169, "Plan Width": 0, "Actual Startup Time": 13.54, "Actual Total Time": 13.54, "Actual Rows": 134169, "Actual Loops": 1}]}, {"Node Type": "Bitmap Heap Scan", "Parent Relationship": "Inner", "Relation Name": "movie_keyword", "Alias": "mk", "Startup Cost": 4.51, "Total Cost": 132.58, "Plan Rows": 33, "Plan Width": 8, "Actual Startup Time": 2.933, "Actual Total Time": 18.397, "Actual Rows": 10544, "Actual Loops": 1, "Recheck Cond": "(keyword_id = k.id)", "Rows Removed by Index Recheck": 0, "Exact Heap Blocks": 5090, "Lossy Heap Blocks": 5090, "Plans": [{"Node Type": "Bitmap Index Scan", "Parent Relationship": "Outer", "Index Name": "keyword_id_movie_keyword", "Startup Cost": 0.0, "Total Cost": 4.5, "Plan Rows": 33, "Plan Width": 0, "Actual Startup Time": 2.017, "Actual Total Time": 2.017, "Actual Rows": 10544, "Actual Loops": 1, "Index Cond": "(keyword_id = k.id)"}]}]}, {"Node Type": "Bitmap Heap Scan", "Parent Relationship": "Inner", "Relation Name": "title", "Alias": "t", "Startup Cost": 0.27, "Total Cost": 4.28, "Plan Rows": 1, "Plan Width": 21, "Actual Startup Time": 64.824, "Actual Total Time": 64.824, "Actual Rows": 1, "Actual Loops": 10544, "Recheck Cond": "(id = mk.movie_id)", "Rows Removed by Index Recheck": 0, "Filter": "(((title)::text ~~ '%Money%'::text) AND (production_year = 1998))", "Rows Removed by Filter": 10543, "Exact Heap Blocks": 10544, "Lossy Heap Blocks": 10544, "Plans": [{"Node Type": "Bitmap Index Scan", "Parent Relationship": "Outer", "Index Name": "title_pkey", "Startup Cost": 0.0, "Total Cost": 0.27, "Plan Rows": 1, "Plan Width": 0, "Actual Startup Time": 31.063, "Actual Total Time": 31.063, "Actual Rows": 10544, "Actual Loops": 10544, "Index Cond": "(id = mk.movie_id)"}]}]}, {"Node Type": "Bitmap Heap Scan", "Parent Relationship": "Inner", "Relation Name": "movie_companies", "Alias": "mc", "Startup Cost": 0.27, "Total Cost": 4.3, "Plan Rows": 2, "Plan Width": 12, "Actual Startup Time": 0.024, "Actual Total Time": 0.025, "Actual Rows": 3, "Actual Loops": 1, "Recheck Cond": "(movie_id = mk.movie_id)", "Rows Removed by Index Recheck": 0, "Filter": "(note IS NULL)", "Rows Removed by Filter": 1, "Exact Heap Blocks": 2, "Lossy Heap Blocks": 2, "Plans": [{"Node Type": "Bitmap Index Scan", "Parent Relationship": "Outer", "Index Name": "movie_id_movie_companies", "Startup Cost": 0.0, "Total Cost": 0.27, "Plan Rows": 2, "Plan Width": 0, "Actual Startup Time": 0.012, "Actual Total Time": 0.012, "Actual Rows": 4, "Actual Loops": 1, "Index Cond": "(movie_id = mk.movie_id)"}]}]}, {"Node Type": "Bitmap Heap Scan", "Parent Relationship": "Inner", "Relation Name": "company_name", "Alias": "cn", "Startup Cost": 0.26, "Total Cost": 4.28, "Plan Rows": 1, "Plan Width": 23, "Actual Startup Time": 0.041, "Actual Total Time": 0.041, "Actual Rows": 2, "Actual Loops": 3, "Recheck Cond": "(id = mc.company_id)", "Rows Removed by Index Recheck": 0, "Filter": "(((country_code)::text <> '[pl]'::text) AND (((name)::text ~~ '%Film%'::text) OR ((name)::text ~~ '%Warner%'::text)))", "Rows Removed by Filter": 1, "Exact Heap Blocks": 3, "Lossy Heap Blocks": 3, "Plans": [{"Node Type": "Bitmap Index Scan", "Parent Relationship": "Outer", "Index Name": "company_name_pkey", "Startup Cost": 0.0, "Total Cost": 0.26, "Plan Rows": 1, "Plan Width": 0, "Actual Startup Time": 0.02, "Actual Total Time": 0.02, "Actual Rows": 3, "Actual Loops": 3, "Index Cond": "(id = mc.company_id)"}]}]}, {"Node Type": "Bitmap Heap Scan", "Parent Relationship": "Inner", "Relation Name": "company_type", "Alias": "ct", "Startup Cost": 0.26, "Total Cost": 4.27, "Plan Rows": 1, "Plan Width": 4, "Actual Startup Time": 0.013, "Actual Total Time": 0.013, "Actual Rows": 2, "Actual Loops": 2, "Recheck Cond": "(id = mc.company_type_id)", "Rows Removed by Index Recheck": 0, "Filter": "((kind)::text = 'production companies'::text)", "Rows Removed by Filter": 0, "Exact Heap Blocks": 2, "Lossy Heap Blocks": 2, "Plans": [{"Node Type": "Bitmap Index Scan", "Parent Relationship": "Outer", "Index Name": "company_type_pkey", "Startup Cost": 0.0, "Total Cost": 0.26, "Plan Rows": 1, "Plan Width": 0, "Actual Startup Time": 0.004, "Actual Total Time": 0.004, "Actual Rows": 2, "Actual Loops": 2, "Index Cond": "(id = mc.company_type_id)"}]}]}, {"Node Type": "Bitmap Heap Scan", "Parent Relationship": "Inner", "Relation Name": "movie_link", "Alias": "ml", "Startup Cost": 0.29, "Total Cost": 4.35, "Plan Rows": 5, "Plan Width": 8, "Actual Startup Time": 0.025, "Actual Total Time": 0.028, "Actual Rows": 38, "Actual Loops": 2, "Recheck Cond": "(movie_id = mk.movie_id)", "Rows Removed by Index Recheck": 0, "Exact Heap Blocks": 2, "Lossy Heap Blocks": 2, "Plans": [{"Node Type": "Bitmap Index Scan", "Parent Relationship": "Outer", "Index Name": "movie_id_movie_link", "Startup Cost": 0.0, "Total Cost": 0.29, "Plan Rows": 5, "Plan Width": 0, "Actual Startup Time": 0.013, "Actual Total Time": 0.013, "Actual Rows": 38, "Actual Loops": 2, "Index Cond": "(movie_id = mk.movie_id)"}]}]}, {"Node Type": "Bitmap Heap Scan", "Parent Relationship": "Inner", "Relation Name": "link_type", "Alias": "lt", "Startup Cost": 0.26, "Total Cost": 4.27, "Plan Rows": 1, "Plan Width": 16, "Actual Startup Time": 0.097, "Actual Total Time": 0.097, "Actual Rows": 0, "Actual Loops": 38, "Recheck Cond": "(id = ml.link_type_id)", "Rows Removed by Index Recheck": 0, "Filter": "((link)::text ~~ '%follows%'::text)", "Rows Removed by Filter": 24, "Exact Heap Blocks": 24, "Lossy Heap Blocks": 24, "Plans": [{"Node Type": "Bitmap Index Scan", "Parent Relationship": "Outer", "Index Name": "link_type_pkey", "Startup Cost": 0.0, "Total Cost": 0.26, "Plan Rows": 1, "Plan Width": 0, "Actual Startup Time": 0.039, "Actual Total Time": 0.039, "Actual Rows": 24, "Actual Loops": 38, "Index Cond": "(id = ml.link_type_id)"}]}]}]}, "Triggers": [], "Planner Runtime": 60.458, "Total Runtime": 162.221, "Unique SQL Id": 4121279504}}, "(64, 52)": {"explain_plan": {"Plan": {"Node Type": "Aggregate", "Strategy": "Plain", "Startup Cost": 2581.34, "Total Cost": 2581.35, "Plan Rows": 1, "Plan Width": 144, "Plans": [{"Node Type": "Nested Loop", "Parent Relationship": "Outer", "Join Type": "Inner", "Startup Cost": 4.51, "Total Cost": 2581.33, "Plan Rows": 1, "Plan Width": 48, "Inner Unique": true, "Plans": [{"Node Type": "Nested Loop", "Parent Relationship": "Outer", "Join Type": "Inner", "Startup Cost": 4.51, "Total Cost": 2581.05, "Plan Rows": 1, "Plan Width": 40, "Inner Unique": false, "Join Filter": "(t.id = ml.movie_id)", "Plans": [{"Node Type": "Nested Loop", "Parent Relationship": "Outer", "Join Type": "Inner", "Startup Cost": 4.51, "Total Cost": 2580.63, "Plan Rows": 1, "Plan Width": 48, "Inner Unique": true, "Plans": [{"Node Type": "Nested Loop", "Parent Relationship": "Outer", "Join Type": "Inner", "Startup Cost": 4.51, "Total Cost": 2580.35, "Plan Rows": 1, "Plan Width": 52, "Inner Unique": true, "Plans": [{"Node Type": "Nested Loop", "Parent Relationship": "Outer", "Join Type": "Inner", "Startup Cost": 4.51, "Total Cost": 2580.05, "Plan Rows": 1, "Plan Width": 37, "Inner Unique": false, "Join Filter": "(t.id = mc.movie_id)", "Plans": [{"Node Type": "Nested Loop", "Parent Relationship": "Outer", "Join Type": "Inner", "Startup Cost": 4.51, "Total Cost": 2579.71, "Plan Rows": 1, "Plan Width": 25, "Inner Unique": true, "Plans": [{"Node Type": "Nested Loop", "Parent Relationship": "Outer", "Join Type": "Inner", "Startup Cost": 4.51, "Total Cost": 2569.02, "Plan Rows": 33, "Plan Width": 4, "Inner Unique": false, "Plans": [{"Node Type": "Seq Scan", "Parent Relationship": "Outer", "Relation Name": "keyword", "Alias": "k", "Startup Cost": 0.0, "Total Cost": 2436.11, "Plan Rows": 1, "Plan Width": 4, "Filter": "((keyword)::text = 'sequel'::text)"}, {"Node Type": "Bitmap Heap Scan", "Parent Relationship": "Inner", "Relation Name": "movie_keyword", "Alias": "mk", "Startup Cost": 4.51, "Total Cost": 132.58, "Plan Rows": 33, "Plan Width": 8, "Recheck Cond": "(keyword_id = k.id)", "Plans": [{"Node Type": "Bitmap Index Scan", "Parent Relationship": "Outer", "Index Name": "keyword_id_movie_keyword", "Startup Cost": 0.0, "Total Cost": 4.5, "Plan Rows": 33, "Plan Width": 0, "Index Cond": "(keyword_id = k.id)"}]}]}, {"Node Type": "Index Scan", "Parent Relationship": "Inner", "Scan Direction": "Forward", "Index Name": "title_pkey", "Relation Name": "title", "Alias": "t", "Startup Cost": 0.0, "Total Cost": 0.31, "Plan Rows": 1, "Plan Width": 21, "Index Cond": "(id = mk.movie_id)", "Filter": "(((title)::text ~~ '%Money%'::text) AND (production_year = 1998))"}]}, {"Node Type": "Index Scan", "Parent Relationship": "Inner", "Scan Direction": "Forward", "Index Name": "movie_id_movie_companies", "Relation Name": "movie_companies", "Alias": "mc", "Startup Cost": 0.0, "Total Cost": 0.31, "Plan Rows": 2, "Plan Width": 12, "Index Cond": "(movie_id = mk.movie_id)", "Filter": "(note IS NULL)"}]}, {"Node Type": "Index Scan", "Parent Relationship": "Inner", "Scan Direction": "Forward", "Index Name": "company_name_pkey", "Relation Name": "company_name", "Alias": "cn", "Startup Cost": 0.0, "Total Cost": 0.29, "Plan Rows": 1, "Plan Width": 23, "Index Cond": "(id = mc.company_id)", "Filter": "(((country_code)::text <> '[pl]'::text) AND (((name)::text ~~ '%Film%'::text) OR ((name)::text ~~ '%Warner%'::text)))"}]}, {"Node Type": "Index Scan", "Parent Relationship": "Inner", "Scan Direction": "Forward", "Index Name": "company_type_pkey", "Relation Name": "company_type", "Alias": "ct", "Startup Cost": 0.0, "Total Cost": 0.27, "Plan Rows": 1, "Plan Width": 4, "Index Cond": "(id = mc.company_type_id)", "Filter": "((kind)::text = 'production companies'::text)"}]}, {"Node Type": "Index Scan", "Parent Relationship": "Inner", "Scan Direction": "Forward", "Index Name": "movie_id_movie_link", "Relation Name": "movie_link", "Alias": "ml", "Startup Cost": 0.0, "Total Cost": 0.35, "Plan Rows": 5, "Plan Width": 8, "Index Cond": "(movie_id = mk.movie_id)"}]}, {"Node Type": "Index Scan", "Parent Relationship": "Inner", "Scan Direction": "Forward", "Index Name": "link_type_pkey", "Relation Name": "link_type", "Alias": "lt", "Startup Cost": 0.0, "Total Cost": 0.27, "Plan Rows": 1, "Plan Width": 16, "Index Cond": "(id = ml.link_type_id)", "Filter": "((link)::text ~~ '%follows%'::text)"}]}]}, "Unique SQL Id": 4121279504}, "explain_analyze_plan": {"Plan": {"Node Type": "Aggregate", "Strategy": "Plain", "Startup Cost": 2581.34, "Total Cost": 2581.35, "Plan Rows": 1, "Plan Width": 144, "Actual Startup Time": 123.557, "Actual Total Time": 123.557, "Actual Rows": 1, "Actual Loops": 1, "Plans": [{"Node Type": "Nested Loop", "Parent Relationship": "Outer", "Join Type": "Inner", "Startup Cost": 4.51, "Total Cost": 2581.33, "Plan Rows": 1, "Plan Width": 48, "Actual Startup Time": 123.547, "Actual Total Time": 123.547, "Actual Rows": 0, "Actual Loops": 1, "Inner Unique": true, "Plans": [{"Node Type": "Nested Loop", "Parent Relationship": "Outer", "Join Type": "Inner", "Startup Cost": 4.51, "Total Cost": 2581.05, "Plan Rows": 1, "Plan Width": 40, "Actual Startup Time": 5.886, "Actual Total Time": 123.447, "Actual Rows": 38, "Actual Loops": 1, "Inner Unique": false, "Join Filter": "(t.id = ml.movie_id)", "Rows Removed by Join Filter": 0, "Plans": [{"Node Type": "Nested Loop", "Parent Relationship": "Outer", "Join Type": "Inner", "Startup Cost": 4.51, "Total Cost": 2580.63, "Plan Rows": 1, "Plan Width": 48, "Actual Startup Time": 5.866, "Actual Total Time": 123.392, "Actual Rows": 2, "Actual Loops": 1, "Inner Unique": true, "Plans": [{"Node Type": "Nested Loop", "Parent Relationship": "Outer", "Join Type": "Inner", "Startup Cost": 4.51, "Total Cost": 2580.35, "Plan Rows": 1, "Plan Width": 52, "Actual Startup Time": 5.855, "Actual Total Time": 123.377, "Actual Rows": 2, "Actual Loops": 1, "Inner Unique": true, "Plans": [{"Node Type": "Nested Loop", "Parent Relationship": "Outer", "Join Type": "Inner", "Startup Cost": 4.51, "Total Cost": 2580.05, "Plan Rows": 1, "Plan Width": 37, "Actual Startup Time": 5.834, "Actual Total Time": 123.335, "Actual Rows": 3, "Actual Loops": 1, "Inner Unique": false, "Join Filter": "(t.id = mc.movie_id)", "Rows Removed by Join Filter": 0, "Plans": [{"Node Type": "Nested Loop", "Parent Relationship": "Outer", "Join Type": "Inner", "Startup Cost": 4.51, "Total Cost": 2579.71, "Plan Rows": 1, "Plan Width": 25, "Actual Startup Time": 5.809, "Actual Total Time": 123.305, "Actual Rows": 1, "Actual Loops": 1, "Inner Unique": true, "Plans": [{"Node Type": "Nested Loop", "Parent Relationship": "Outer", "Join Type": "Inner", "Startup Cost": 4.51, "Total Cost": 2569.02, "Plan Rows": 33, "Plan Width": 4, "Actual Startup Time": 5.443, "Actual Total Time": 62.982, "Actual Rows": 10544, "Actual Loops": 1, "Inner Unique": false, "Plans": [{"Node Type": "Seq Scan", "Parent Relationship": "Outer", "Relation Name": "keyword", "Alias": "k", "Startup Cost": 0.0, "Total Cost": 2436.11, "Plan Rows": 1, "Plan Width": 4, "Actual Startup Time": 2.358, "Actual Total Time": 41.641, "Actual Rows": 1, "Actual Loops": 1, "Filter": "((keyword)::text = 'sequel'::text)", "Rows Removed by Filter": 134168}, {"Node Type": "Bitmap Heap Scan", "Parent Relationship": "Inner", "Relation Name": "movie_keyword", "Alias": "mk", "Startup Cost": 4.51, "Total Cost": 132.58, "Plan Rows": 33, "Plan Width": 8, "Actual Startup Time": 3.074, "Actual Total Time": 19.121, "Actual Rows": 10544, "Actual Loops": 1, "Recheck Cond": "(keyword_id = k.id)", "Rows Removed by Index Recheck": 0, "Exact Heap Blocks": 5090, "Lossy Heap Blocks": 5090, "Plans": [{"Node Type": "Bitmap Index Scan", "Parent Relationship": "Outer", "Index Name": "keyword_id_movie_keyword", "Startup Cost": 0.0, "Total Cost": 4.5, "Plan Rows": 33, "Plan Width": 0, "Actual Startup Time": 2.162, "Actual Total Time": 2.162, "Actual Rows": 10544, "Actual Loops": 1, "Index Cond": "(keyword_id = k.id)"}]}]}, {"Node Type": "Index Scan", "Parent Relationship": "Inner", "Scan Direction": "Forward", "Index Name": "title_pkey", "Relation Name": "title", "Alias": "t", "Startup Cost": 0.0, "Total Cost": 0.31, "Plan Rows": 1, "Plan Width": 21, "Actual Startup Time": 54.966, "Actual Total Time": 54.966, "Actual Rows": 1, "Actual Loops": 10544, "Index Cond": "(id = mk.movie_id)", "Rows Removed by Index Recheck": 0, "Filter": "(((title)::text ~~ '%Money%'::text) AND (production_year = 1998))", "Rows Removed by Filter": 10543}]}, {"Node Type": "Index Scan", "Parent Relationship": "Inner", "Scan Direction": "Forward", "Index Name": "movie_id_movie_companies", "Relation Name": "movie_companies", "Alias": "mc", "Startup Cost": 0.0, "Total Cost": 0.31, "Plan Rows": 2, "Plan Width": 12, "Actual Startup Time": 0.019, "Actual Total Time": 0.022, "Actual Rows": 3, "Actual Loops": 1, "Index Cond": "(movie_id = mk.movie_id)", "Rows Removed by Index Recheck": 0, "Filter": "(note IS NULL)", "Rows Removed by Filter": 1}]}, {"Node Type": "Index Scan", "Parent Relationship": "Inner", "Scan Direction": "Forward", "Index Name": "company_name_pkey", "Relation Name": "company_name", "Alias": "cn", "Startup Cost": 0.0, "Total Cost": 0.29, "Plan Rows": 1, "Plan Width": 23, "Actual Startup Time": 0.037, "Actual Total Time": 0.037, "Actual Rows": 2, "Actual Loops": 3, "Index Cond": "(id = mc.company_id)", "Rows Removed by Index Recheck": 0, "Filter": "(((country_code)::text <> '[pl]'::text) AND (((name)::text ~~ '%Film%'::text) OR ((name)::text ~~ '%Warner%'::text)))", "Rows Removed by Filter": 1}]}, {"Node Type": "Index Scan", "Parent Relationship": "Inner", "Scan Direction": "Forward", "Index Name": "company_type_pkey", "Relation Name": "company_type", "Alias": "ct", "Startup Cost": 0.0, "Total Cost": 0.27, "Plan Rows": 1, "Plan Width": 4, "Actual Startup Time": 0.011, "Actual Total Time": 0.011, "Actual Rows": 2, "Actual Loops": 2, "Index Cond": "(id = mc.company_type_id)", "Rows Removed by Index Recheck": 0, "Filter": "((kind)::text = 'production companies'::text)", "Rows Removed by Filter": 0}]}, {"Node Type": "Index Scan", "Parent Relationship": "Inner", "Scan Direction": "Forward", "Index Name": "movie_id_movie_link", "Relation Name": "movie_link", "Alias": "ml", "Startup Cost": 0.0, "Total Cost": 0.35, "Plan Rows": 5, "Plan Width": 8, "Actual Startup Time": 0.016, "Actual Total Time": 0.029, "Actual Rows": 38, "Actual Loops": 2, "Index Cond": "(movie_id = mk.movie_id)", "Rows Removed by Index Recheck": 0}]}, {"Node Type": "Index Scan", "Parent Relationship": "Inner", "Scan Direction": "Forward", "Index Name": "link_type_pkey", "Relation Name": "link_type", "Alias": "lt", "Startup Cost": 0.0, "Total Cost": 0.27, "Plan Rows": 1, "Plan Width": 16, "Actual Startup Time": 0.076, "Actual Total Time": 0.076, "Actual Rows": 0, "Actual Loops": 38, "Index Cond": "(id = ml.link_type_id)", "Rows Removed by Index Recheck": 0, "Filter": "((link)::text ~~ '%follows%'::text)", "Rows Removed by Filter": 24}]}]}, "Triggers": [], "Planner Runtime": 80.823, "Total Runtime": 124.133, "Unique SQL Id": 4121279504}}, "(64, 53)": {"explain_plan": {"Plan": {"Node Type": "Aggregate", "Strategy": "Plain", "Startup Cost": 3327.94, "Total Cost": 3327.95, "Plan Rows": 1, "Plan Width": 144, "Plans": [{"Node Type": "Nested Loop", "Parent Relationship": "Outer", "Join Type": "Inner", "Startup Cost": 4.51, "Total Cost": 3327.93, "Plan Rows": 1, "Plan Width": 48, "Inner Unique": true, "Plans": [{"Node Type": "Nested Loop", "Parent Relationship": "Outer", "Join Type": "Inner", "Startup Cost": 4.51, "Total Cost": 3327.65, "Plan Rows": 1, "Plan Width": 40, "Inner Unique": false, "Join Filter": "(t.id = ml.movie_id)", "Plans": [{"Node Type": "Nested Loop", "Parent Relationship": "Outer", "Join Type": "Inner", "Startup Cost": 4.51, "Total Cost": 3327.24, "Plan Rows": 1, "Plan Width": 48, "Inner Unique": true, "Plans": [{"Node Type": "Nested Loop", "Parent Relationship": "Outer", "Join Type": "Inner", "Startup Cost": 4.51, "Total Cost": 3326.95, "Plan Rows": 1, "Plan Width": 52, "Inner Unique": true, "Plans": [{"Node Type": "Nested Loop", "Parent Relationship": "Outer", "Join Type": "Inner", "Startup Cost": 4.51, "Total Cost": 3326.66, "Plan Rows": 1, "Plan Width": 37, "Inner Unique": false, "Join Filter": "(t.id = mc.movie_id)", "Plans": [{"Node Type": "Nested Loop", "Parent Relationship": "Outer", "Join Type": "Inner", "Startup Cost": 4.51, "Total Cost": 3326.32, "Plan Rows": 1, "Plan Width": 25, "Inner Unique": true, "Plans": [{"Node Type": "Nested Loop", "Parent Relationship": "Outer", "Join Type": "Inner", "Startup Cost": 4.51, "Total Cost": 3315.63, "Plan Rows": 33, "Plan Width": 4, "Inner Unique": false, "Plans": [{"Node Type": "Index Scan", "Parent Relationship": "Outer", "Scan Direction": "Forward", "Index Name": "keyword_pkey", "Relation Name": "keyword", "Alias": "k", "Startup Cost": 0.0, "Total Cost": 3182.72, "Plan Rows": 1, "Plan Width": 4, "Filter": "((keyword)::text = 'sequel'::text)"}, {"Node Type": "Bitmap Heap Scan", "Parent Relationship": "Inner", "Relation Name": "movie_keyword", "Alias": "mk", "Startup Cost": 4.51, "Total Cost": 132.58, "Plan Rows": 33, "Plan Width": 8, "Recheck Cond": "(keyword_id = k.id)", "Plans": [{"Node Type": "Bitmap Index Scan", "Parent Relationship": "Outer", "Index Name": "keyword_id_movie_keyword", "Startup Cost": 0.0, "Total Cost": 4.5, "Plan Rows": 33, "Plan Width": 0, "Index Cond": "(keyword_id = k.id)"}]}]}, {"Node Type": "Index Scan", "Parent Relationship": "Inner", "Scan Direction": "Forward", "Index Name": "title_pkey", "Relation Name": "title", "Alias": "t", "Startup Cost": 0.0, "Total Cost": 0.31, "Plan Rows": 1, "Plan Width": 21, "Index Cond": "(id = mk.movie_id)", "Filter": "(((title)::text ~~ '%Money%'::text) AND (production_year = 1998))"}]}, {"Node Type": "Index Scan", "Parent Relationship": "Inner", "Scan Direction": "Forward", "Index Name": "movie_id_movie_companies", "Relation Name": "movie_companies", "Alias": "mc", "Startup Cost": 0.0, "Total Cost": 0.31, "Plan Rows": 2, "Plan Width": 12, "Index Cond": "(movie_id = mk.movie_id)", "Filter": "(note IS NULL)"}]}, {"Node Type": "Index Scan", "Parent Relationship": "Inner", "Scan Direction": "Forward", "Index Name": "company_name_pkey", "Relation Name": "company_name", "Alias": "cn", "Startup Cost": 0.0, "Total Cost": 0.29, "Plan Rows": 1, "Plan Width": 23, "Index Cond": "(id = mc.company_id)", "Filter": "(((country_code)::text <> '[pl]'::text) AND (((name)::text ~~ '%Film%'::text) OR ((name)::text ~~ '%Warner%'::text)))"}]}, {"Node Type": "Index Scan", "Parent Relationship": "Inner", "Scan Direction": "Forward", "Index Name": "company_type_pkey", "Relation Name": "company_type", "Alias": "ct", "Startup Cost": 0.0, "Total Cost": 0.27, "Plan Rows": 1, "Plan Width": 4, "Index Cond": "(id = mc.company_type_id)", "Filter": "((kind)::text = 'production companies'::text)"}]}, {"Node Type": "Index Scan", "Parent Relationship": "Inner", "Scan Direction": "Forward", "Index Name": "movie_id_movie_link", "Relation Name": "movie_link", "Alias": "ml", "Startup Cost": 0.0, "Total Cost": 0.35, "Plan Rows": 5, "Plan Width": 8, "Index Cond": "(movie_id = mk.movie_id)"}]}, {"Node Type": "Index Scan", "Parent Relationship": "Inner", "Scan Direction": "Forward", "Index Name": "link_type_pkey", "Relation Name": "link_type", "Alias": "lt", "Startup Cost": 0.0, "Total Cost": 0.27, "Plan Rows": 1, "Plan Width": 16, "Index Cond": "(id = ml.link_type_id)", "Filter": "((link)::text ~~ '%follows%'::text)"}]}]}, "Unique SQL Id": 4121279504}, "explain_analyze_plan": {"Plan": {"Node Type": "Aggregate", "Strategy": "Plain", "Startup Cost": 3327.94, "Total Cost": 3327.95, "Plan Rows": 1, "Plan Width": 144, "Actual Startup Time": 206.836, "Actual Total Time": 206.836, "Actual Rows": 1, "Actual Loops": 1, "Plans": [{"Node Type": "Nested Loop", "Parent Relationship": "Outer", "Join Type": "Inner", "Startup Cost": 4.51, "Total Cost": 3327.93, "Plan Rows": 1, "Plan Width": 48, "Actual Startup Time": 206.83, "Actual Total Time": 206.83, "Actual Rows": 0, "Actual Loops": 1, "Inner Unique": true, "Plans": [{"Node Type": "Nested Loop", "Parent Relationship": "Outer", "Join Type": "Inner", "Startup Cost": 4.51, "Total Cost": 3327.65, "Plan Rows": 1, "Plan Width": 40, "Actual Startup Time": 4.134, "Actual Total Time": 206.74, "Actual Rows": 38, "Actual Loops": 1, "Inner Unique": false, "Join Filter": "(t.id = ml.movie_id)", "Rows Removed by Join Filter": 0, "Plans": [{"Node Type": "Nested Loop", "Parent Relationship": "Outer", "Join Type": "Inner", "Startup Cost": 4.51, "Total Cost": 3327.24, "Plan Rows": 1, "Plan Width": 48, "Actual Startup Time": 4.119, "Actual Total Time": 206.686, "Actual Rows": 2, "Actual Loops": 1, "Inner Unique": true, "Plans": [{"Node Type": "Nested Loop", "Parent Relationship": "Outer", "Join Type": "Inner", "Startup Cost": 4.51, "Total Cost": 3326.95, "Plan Rows": 1, "Plan Width": 52, "Actual Startup Time": 4.11, "Actual Total Time": 206.673, "Actual Rows": 2, "Actual Loops": 1, "Inner Unique": true, "Plans": [{"Node Type": "Nested Loop", "Parent Relationship": "Outer", "Join Type": "Inner", "Startup Cost": 4.51, "Total Cost": 3326.66, "Plan Rows": 1, "Plan Width": 37, "Actual Startup Time": 4.093, "Actual Total Time": 206.639, "Actual Rows": 3, "Actual Loops": 1, "Inner Unique": false, "Join Filter": "(t.id = mc.movie_id)", "Rows Removed by Join Filter": 0, "Plans": [{"Node Type": "Nested Loop", "Parent Relationship": "Outer", "Join Type": "Inner", "Startup Cost": 4.51, "Total Cost": 3326.32, "Plan Rows": 1, "Plan Width": 25, "Actual Startup Time": 4.075, "Actual Total Time": 206.617, "Actual Rows": 1, "Actual Loops": 1, "Inner Unique": true, "Plans": [{"Node Type": "Nested Loop", "Parent Relationship": "Outer", "Join Type": "Inner", "Startup Cost": 4.51, "Total Cost": 3315.63, "Plan Rows": 33, "Plan Width": 4, "Actual Startup Time": 3.756, "Actual Total Time": 147.383, "Actual Rows": 10544, "Actual Loops": 1, "Inner Unique": false, "Plans": [{"Node Type": "Index Scan", "Parent Relationship": "Outer", "Scan Direction": "Forward", "Index Name": "keyword_pkey", "Relation Name": "keyword", "Alias": "k", "Startup Cost": 0.0, "Total Cost": 3182.72, "Plan Rows": 1, "Plan Width": 4, "Actual Startup Time": 0.512, "Actual Total Time": 126.311, "Actual Rows": 1, "Actual Loops": 1, "Filter": "((keyword)::text = 'sequel'::text)", "Rows Removed by Filter": 134168}, {"Node Type": "Bitmap Heap Scan", "Parent Relationship": "Inner", "Relation Name": "movie_keyword", "Alias": "mk", "Startup Cost": 4.51, "Total Cost": 132.58, "Plan Rows": 33, "Plan Width": 8, "Actual Startup Time": 3.236, "Actual Total Time": 18.868, "Actual Rows": 10544, "Actual Loops": 1, "Recheck Cond": "(keyword_id = k.id)", "Rows Removed by Index Recheck": 0, "Exact Heap Blocks": 5090, "Lossy Heap Blocks": 5090, "Plans": [{"Node Type": "Bitmap Index Scan", "Parent Relationship": "Outer", "Index Name": "keyword_id_movie_keyword", "Startup Cost": 0.0, "Total Cost": 4.5, "Plan Rows": 33, "Plan Width": 0, "Actual Startup Time": 2.291, "Actual Total Time": 2.291, "Actual Rows": 10544, "Actual Loops": 1, "Index Cond": "(keyword_id = k.id)"}]}]}, {"Node Type": "Index Scan", "Parent Relationship": "Inner", "Scan Direction": "Forward", "Index Name": "title_pkey", "Relation Name": "title", "Alias": "t", "Startup Cost": 0.0, "Total Cost": 0.31, "Plan Rows": 1, "Plan Width": 21, "Actual Startup Time": 53.865, "Actual Total Time": 53.865, "Actual Rows": 1, "Actual Loops": 10544, "Index Cond": "(id = mk.movie_id)", "Rows Removed by Index Recheck": 0, "Filter": "(((title)::text ~~ '%Money%'::text) AND (production_year = 1998))", "Rows Removed by Filter": 10543}]}, {"Node Type": "Index Scan", "Parent Relationship": "Inner", "Scan Direction": "Forward", "Index Name": "movie_id_movie_companies", "Relation Name": "movie_companies", "Alias": "mc", "Startup Cost": 0.0, "Total Cost": 0.31, "Plan Rows": 2, "Plan Width": 12, "Actual Startup Time": 0.015, "Actual Total Time": 0.018, "Actual Rows": 3, "Actual Loops": 1, "Index Cond": "(movie_id = mk.movie_id)", "Rows Removed by Index Recheck": 0, "Filter": "(note IS NULL)", "Rows Removed by Filter": 1}]}, {"Node Type": "Index Scan", "Parent Relationship": "Inner", "Scan Direction": "Forward", "Index Name": "company_name_pkey", "Relation Name": "company_name", "Alias": "cn", "Startup Cost": 0.0, "Total Cost": 0.29, "Plan Rows": 1, "Plan Width": 23, "Actual Startup Time": 0.028, "Actual Total Time": 0.028, "Actual Rows": 2, "Actual Loops": 3, "Index Cond": "(id = mc.company_id)", "Rows Removed by Index Recheck": 0, "Filter": "(((country_code)::text <> '[pl]'::text) AND (((name)::text ~~ '%Film%'::text) OR ((name)::text ~~ '%Warner%'::text)))", "Rows Removed by Filter": 1}]}, {"Node Type": "Index Scan", "Parent Relationship": "Inner", "Scan Direction": "Forward", "Index Name": "company_type_pkey", "Relation Name": "company_type", "Alias": "ct", "Startup Cost": 0.0, "Total Cost": 0.27, "Plan Rows": 1, "Plan Width": 4, "Actual Startup Time": 0.009, "Actual Total Time": 0.009, "Actual Rows": 2, "Actual Loops": 2, "Index Cond": "(id = mc.company_type_id)", "Rows Removed by Index Recheck": 0, "Filter": "((kind)::text = 'production companies'::text)", "Rows Removed by Filter": 0}]}, {"Node Type": "Index Scan", "Parent Relationship": "Inner", "Scan Direction": "Forward", "Index Name": "movie_id_movie_link", "Relation Name": "movie_link", "Alias": "ml", "Startup Cost": 0.0, "Total Cost": 0.35, "Plan Rows": 5, "Plan Width": 8, "Actual Startup Time": 0.013, "Actual Total Time": 0.03, "Actual Rows": 38, "Actual Loops": 2, "Index Cond": "(movie_id = mk.movie_id)", "Rows Removed by Index Recheck": 0}]}, {"Node Type": "Index Scan", "Parent Relationship": "Inner", "Scan Direction": "Forward", "Index Name": "link_type_pkey", "Relation Name": "link_type", "Alias": "lt", "Startup Cost": 0.0, "Total Cost": 0.27, "Plan Rows": 1, "Plan Width": 16, "Actual Startup Time": 0.072, "Actual Total Time": 0.072, "Actual Rows": 0, "Actual Loops": 38, "Index Cond": "(id = ml.link_type_id)", "Rows Removed by Index Recheck": 0, "Filter": "((link)::text ~~ '%follows%'::text)", "Rows Removed by Filter": 24}]}]}, "Triggers": [], "Planner Runtime": 70.618, "Total Runtime": 207.306, "Unique SQL Id": 4121279504}}, "(64, 54)": {"explain_plan": {"Plan": {"Node Type": "Aggregate", "Strategy": "Plain", "Startup Cost": 2726.02, "Total Cost": 2726.03, "Plan Rows": 1, "Plan Width": 144, "Plans": [{"Node Type": "Nested Loop", "Parent Relationship": "Outer", "Join Type": "Inner", "Startup Cost": 5.59, "Total Cost": 2726.01, "Plan Rows": 1, "Plan Width": 48, "Inner Unique": true, "Join Filter": "(ml.link_type_id = lt.id)", "Plans": [{"Node Type": "Nested Loop", "Parent Relationship": "Outer", "Join Type": "Inner", "Startup Cost": 5.59, "Total Cost": 2724.78, "Plan Rows": 1, "Plan Width": 40, "Inner Unique": false, "Join Filter": "(t.id = ml.movie_id)", "Plans": [{"Node Type": "Nested Loop", "Parent Relationship": "Outer", "Join Type": "Inner", "Startup Cost": 5.3, "Total Cost": 2720.37, "Plan Rows": 1, "Plan Width": 48, "Inner Unique": true, "Join Filter": "(mc.company_type_id = ct.id)", "Plans": [{"Node Type": "Nested Loop", "Parent Relationship": "Outer", "Join Type": "Inner", "Startup Cost": 5.3, "Total Cost": 2719.32, "Plan Rows": 1, "Plan Width": 52, "Inner Unique": true, "Plans": [{"Node Type": "Nested Loop", "Parent Relationship": "Outer", "Join Type": "Inner", "Startup Cost": 5.05, "Total Cost": 2715.03, "Plan Rows": 1, "Plan Width": 37, "Inner Unique": false, "Join Filter": "(t.id = mc.movie_id)", "Plans": [{"Node Type": "Nested Loop", "Parent Relationship": "Outer", "Join Type": "Inner", "Startup Cost": 4.77, "Total Cost": 2710.71, "Plan Rows": 1, "Plan Width": 25, "Inner Unique": true, "Plans": [{"Node Type": "Nested Loop", "Parent Relationship": "Outer", "Join Type": "Inner", "Startup Cost": 4.51, "Total Cost": 2569.02, "Plan Rows": 33, "Plan Width": 4, "Inner Unique": false, "Plans": [{"Node Type": "Seq Scan", "Parent Relationship": "Outer", "Relation Name": "keyword", "Alias": "k", "Startup Cost": 0.0, "Total Cost": 2436.11, "Plan Rows": 1, "Plan Width": 4, "Filter": "((keyword)::text = 'sequel'::text)"}, {"Node Type": "Bitmap Heap Scan", "Parent Relationship": "Inner", "Relation Name": "movie_keyword", "Alias": "mk", "Startup Cost": 4.51, "Total Cost": 132.58, "Plan Rows": 33, "Plan Width": 8, "Recheck Cond": "(keyword_id = k.id)", "Plans": [{"Node Type": "Bitmap Index Scan", "Parent Relationship": "Outer", "Index Name": "keyword_id_movie_keyword", "Startup Cost": 0.0, "Total Cost": 4.5, "Plan Rows": 33, "Plan Width": 0, "Index Cond": "(keyword_id = k.id)"}]}]}, {"Node Type": "Bitmap Heap Scan", "Parent Relationship": "Inner", "Relation Name": "title", "Alias": "t", "Startup Cost": 0.27, "Total Cost": 4.28, "Plan Rows": 1, "Plan Width": 21, "Recheck Cond": "(id = mk.movie_id)", "Filter": "(((title)::text ~~ '%Money%'::text) AND (production_year = 1998))", "Plans": [{"Node Type": "Bitmap Index Scan", "Parent Relationship": "Outer", "Index Name": "title_pkey", "Startup Cost": 0.0, "Total Cost": 0.27, "Plan Rows": 1, "Plan Width": 0, "Index Cond": "(id = mk.movie_id)"}]}]}, {"Node Type": "Bitmap Heap Scan", "Parent Relationship": "Inner", "Relation Name": "movie_companies", "Alias": "mc", "Startup Cost": 0.27, "Total Cost": 4.3, "Plan Rows": 2, "Plan Width": 12, "Recheck Cond": "(movie_id = mk.movie_id)", "Filter": "(note IS NULL)", "Plans": [{"Node Type": "Bitmap Index Scan", "Parent Relationship": "Outer", "Index Name": "movie_id_movie_companies", "Startup Cost": 0.0, "Total Cost": 0.27, "Plan Rows": 2, "Plan Width": 0, "Index Cond": "(movie_id = mk.movie_id)"}]}]}, {"Node Type": "Bitmap Heap Scan", "Parent Relationship": "Inner", "Relation Name": "company_name", "Alias": "cn", "Startup Cost": 0.26, "Total Cost": 4.28, "Plan Rows": 1, "Plan Width": 23, "Recheck Cond": "(id = mc.company_id)", "Filter": "(((country_code)::text <> '[pl]'::text) AND (((name)::text ~~ '%Film%'::text) OR ((name)::text ~~ '%Warner%'::text)))", "Plans": [{"Node Type": "Bitmap Index Scan", "Parent Relationship": "Outer", "Index Name": "company_name_pkey", "Startup Cost": 0.0, "Total Cost": 0.26, "Plan Rows": 1, "Plan Width": 0, "Index Cond": "(id = mc.company_id)"}]}]}, {"Node Type": "Seq Scan", "Parent Relationship": "Inner", "Relation Name": "company_type", "Alias": "ct", "Startup Cost": 0.0, "Total Cost": 1.04, "Plan Rows": 1, "Plan Width": 4, "Filter": "((kind)::text = 'production companies'::text)"}]}, {"Node Type": "Bitmap Heap Scan", "Parent Relationship": "Inner", "Relation Name": "movie_link", "Alias": "ml", "Startup Cost": 0.29, "Total Cost": 4.35, "Plan Rows": 5, "Plan Width": 8, "Recheck Cond": "(movie_id = mk.movie_id)", "Plans": [{"Node Type": "Bitmap Index Scan", "Parent Relationship": "Outer", "Index Name": "movie_id_movie_link", "Startup Cost": 0.0, "Total Cost": 0.29, "Plan Rows": 5, "Plan Width": 0, "Index Cond": "(movie_id = mk.movie_id)"}]}]}, {"Node Type": "Seq Scan", "Parent Relationship": "Inner", "Relation Name": "link_type", "Alias": "lt", "Startup Cost": 0.0, "Total Cost": 1.21, "Plan Rows": 1, "Plan Width": 16, "Filter": "((link)::text ~~ '%follows%'::text)"}]}]}, "Unique SQL Id": 4121279504}, "explain_analyze_plan": {"Plan": {"Node Type": "Aggregate", "Strategy": "Plain", "Startup Cost": 2726.02, "Total Cost": 2726.03, "Plan Rows": 1, "Plan Width": 144, "Actual Startup Time": 139.861, "Actual Total Time": 139.862, "Actual Rows": 1, "Actual Loops": 1, "Plans": [{"Node Type": "Nested Loop", "Parent Relationship": "Outer", "Join Type": "Inner", "Startup Cost": 5.59, "Total Cost": 2726.01, "Plan Rows": 1, "Plan Width": 48, "Actual Startup Time": 139.85, "Actual Total Time": 139.85, "Actual Rows": 0, "Actual Loops": 1, "Inner Unique": true, "Join Filter": "(ml.link_type_id = lt.id)", "Rows Removed by Join Filter": 0, "Plans": [{"Node Type": "Nested Loop", "Parent Relationship": "Outer", "Join Type": "Inner", "Startup Cost": 5.59, "Total Cost": 2724.78, "Plan Rows": 1, "Plan Width": 40, "Actual Startup Time": 5.83, "Actual Total Time": 139.523, "Actual Rows": 38, "Actual Loops": 1, "Inner Unique": false, "Join Filter": "(t.id = ml.movie_id)", "Rows Removed by Join Filter": 0, "Plans": [{"Node Type": "Nested Loop", "Parent Relationship": "Outer", "Join Type": "Inner", "Startup Cost": 5.3, "Total Cost": 2720.37, "Plan Rows": 1, "Plan Width": 48, "Actual Startup Time": 5.81, "Actual Total Time": 139.475, "Actual Rows": 2, "Actual Loops": 1, "Inner Unique": true, "Join Filter": "(mc.company_type_id = ct.id)", "Rows Removed by Join Filter": 0, "Plans": [{"Node Type": "Nested Loop", "Parent Relationship": "Outer", "Join Type": "Inner", "Startup Cost": 5.3, "Total Cost": 2719.32, "Plan Rows": 1, "Plan Width": 52, "Actual Startup Time": 5.795, "Actual Total Time": 139.457, "Actual Rows": 2, "Actual Loops": 1, "Inner Unique": true, "Plans": [{"Node Type": "Nested Loop", "Parent Relationship": "Outer", "Join Type": "Inner", "Startup Cost": 5.05, "Total Cost": 2715.03, "Plan Rows": 1, "Plan Width": 37, "Actual Startup Time": 5.772, "Actual Total Time": 139.409, "Actual Rows": 3, "Actual Loops": 1, "Inner Unique": false, "Join Filter": "(t.id = mc.movie_id)", "Rows Removed by Join Filter": 0, "Plans": [{"Node Type": "Nested Loop", "Parent Relationship": "Outer", "Join Type": "Inner", "Startup Cost": 4.77, "Total Cost": 2710.71, "Plan Rows": 1, "Plan Width": 25, "Actual Startup Time": 5.729, "Actual Total Time": 139.363, "Actual Rows": 1, "Actual Loops": 1, "Inner Unique": true, "Plans": [{"Node Type": "Nested Loop", "Parent Relationship": "Outer", "Join Type": "Inner", "Startup Cost": 4.51, "Total Cost": 2569.02, "Plan Rows": 33, "Plan Width": 4, "Actual Startup Time": 5.307, "Actual Total Time": 62.033, "Actual Rows": 10544, "Actual Loops": 1, "Inner Unique": false, "Plans": [{"Node Type": "Seq Scan", "Parent Relationship": "Outer", "Relation Name": "keyword", "Alias": "k", "Startup Cost": 0.0, "Total Cost": 2436.11, "Plan Rows": 1, "Plan Width": 4, "Actual Startup Time": 2.376, "Actual Total Time": 41.622, "Actual Rows": 1, "Actual Loops": 1, "Filter": "((keyword)::text = 'sequel'::text)", "Rows Removed by Filter": 134168}, {"Node Type": "Bitmap Heap Scan", "Parent Relationship": "Inner", "Relation Name": "movie_keyword", "Alias": "mk", "Startup Cost": 4.51, "Total Cost": 132.58, "Plan Rows": 33, "Plan Width": 8, "Actual Startup Time": 2.922, "Actual Total Time": 18.246, "Actual Rows": 10544, "Actual Loops": 1, "Recheck Cond": "(keyword_id = k.id)", "Rows Removed by Index Recheck": 0, "Exact Heap Blocks": 5090, "Lossy Heap Blocks": 5090, "Plans": [{"Node Type": "Bitmap Index Scan", "Parent Relationship": "Outer", "Index Name": "keyword_id_movie_keyword", "Startup Cost": 0.0, "Total Cost": 4.5, "Plan Rows": 33, "Plan Width": 0, "Actual Startup Time": 1.992, "Actual Total Time": 1.992, "Actual Rows": 10544, "Actual Loops": 1, "Index Cond": "(keyword_id = k.id)"}]}]}, {"Node Type": "Bitmap Heap Scan", "Parent Relationship": "Inner", "Relation Name": "title", "Alias": "t", "Startup Cost": 0.27, "Total Cost": 4.28, "Plan Rows": 1, "Plan Width": 21, "Actual Startup Time": 65.637, "Actual Total Time": 65.637, "Actual Rows": 1, "Actual Loops": 10544, "Recheck Cond": "(id = mk.movie_id)", "Rows Removed by Index Recheck": 0, "Filter": "(((title)::text ~~ '%Money%'::text) AND (production_year = 1998))", "Rows Removed by Filter": 10543, "Exact Heap Blocks": 10544, "Lossy Heap Blocks": 10544, "Plans": [{"Node Type": "Bitmap Index Scan", "Parent Relationship": "Outer", "Index Name": "title_pkey", "Startup Cost": 0.0, "Total Cost": 0.27, "Plan Rows": 1, "Plan Width": 0, "Actual Startup Time": 31.501, "Actual Total Time": 31.501, "Actual Rows": 10544, "Actual Loops": 10544, "Index Cond": "(id = mk.movie_id)"}]}]}, {"Node Type": "Bitmap Heap Scan", "Parent Relationship": "Inner", "Relation Name": "movie_companies", "Alias": "mc", "Startup Cost": 0.27, "Total Cost": 4.3, "Plan Rows": 2, "Plan Width": 12, "Actual Startup Time": 0.035, "Actual Total Time": 0.036, "Actual Rows": 3, "Actual Loops": 1, "Recheck Cond": "(movie_id = mk.movie_id)", "Rows Removed by Index Recheck": 0, "Filter": "(note IS NULL)", "Rows Removed by Filter": 1, "Exact Heap Blocks": 2, "Lossy Heap Blocks": 2, "Plans": [{"Node Type": "Bitmap Index Scan", "Parent Relationship": "Outer", "Index Name": "movie_id_movie_companies", "Startup Cost": 0.0, "Total Cost": 0.27, "Plan Rows": 2, "Plan Width": 0, "Actual Startup Time": 0.011, "Actual Total Time": 0.011, "Actual Rows": 4, "Actual Loops": 1, "Index Cond": "(movie_id = mk.movie_id)"}]}]}, {"Node Type": "Bitmap Heap Scan", "Parent Relationship": "Inner", "Relation Name": "company_name", "Alias": "cn", "Startup Cost": 0.26, "Total Cost": 4.28, "Plan Rows": 1, "Plan Width": 23, "Actual Startup Time": 0.042, "Actual Total Time": 0.042, "Actual Rows": 2, "Actual Loops": 3, "Recheck Cond": "(id = mc.company_id)", "Rows Removed by Index Recheck": 0, "Filter": "(((country_code)::text <> '[pl]'::text) AND (((name)::text ~~ '%Film%'::text) OR ((name)::text ~~ '%Warner%'::text)))", "Rows Removed by Filter": 1, "Exact Heap Blocks": 3, "Lossy Heap Blocks": 3, "Plans": [{"Node Type": "Bitmap Index Scan", "Parent Relationship": "Outer", "Index Name": "company_name_pkey", "Startup Cost": 0.0, "Total Cost": 0.26, "Plan Rows": 1, "Plan Width": 0, "Actual Startup Time": 0.021, "Actual Total Time": 0.021, "Actual Rows": 3, "Actual Loops": 3, "Index Cond": "(id = mc.company_id)"}]}]}, {"Node Type": "Seq Scan", "Parent Relationship": "Inner", "Relation Name": "company_type", "Alias": "ct", "Startup Cost": 0.0, "Total Cost": 1.04, "Plan Rows": 1, "Plan Width": 4, "Actual Startup Time": 0.012, "Actual Total Time": 0.012, "Actual Rows": 2, "Actual Loops": 2, "Filter": "((kind)::text = 'production companies'::text)", "Rows Removed by Filter": 0}]}, {"Node Type": "Bitmap Heap Scan", "Parent Relationship": "Inner", "Relation Name": "movie_link", "Alias": "ml", "Startup Cost": 0.29, "Total Cost": 4.35, "Plan Rows": 5, "Plan Width": 8, "Actual Startup Time": 0.024, "Actual Total Time": 0.031, "Actual Rows": 38, "Actual Loops": 2, "Recheck Cond": "(movie_id = mk.movie_id)", "Rows Removed by Index Recheck": 0, "Exact Heap Blocks": 2, "Lossy Heap Blocks": 2, "Plans": [{"Node Type": "Bitmap Index Scan", "Parent Relationship": "Outer", "Index Name": "movie_id_movie_link", "Startup Cost": 0.0, "Total Cost": 0.29, "Plan Rows": 5, "Plan Width": 0, "Actual Startup Time": 0.012, "Actual Total Time": 0.012, "Actual Rows": 38, "Actual Loops": 2, "Index Cond": "(movie_id = mk.movie_id)"}]}]}, {"Node Type": "Seq Scan", "Parent Relationship": "Inner", "Relation Name": "link_type", "Alias": "lt", "Startup Cost": 0.0, "Total Cost": 1.21, "Plan Rows": 1, "Plan Width": 16, "Actual Startup Time": 0.292, "Actual Total Time": 0.292, "Actual Rows": 0, "Actual Loops": 38, "Filter": "((link)::text ~~ '%follows%'::text)", "Rows Removed by Filter": 646}]}]}, "Triggers": [], "Planner Runtime": 80.894, "Total Runtime": 140.522, "Unique SQL Id": 4121279504}}, "(64, 55)": {"explain_plan": {"Plan": {"Node Type": "Aggregate", "Strategy": "Plain", "Startup Cost": 3451.4, "Total Cost": 3451.41, "Plan Rows": 1, "Plan Width": 144, "Plans": [{"Node Type": "Nested Loop", "Parent Relationship": "Outer", "Join Type": "Inner", "Startup Cost": 725.2, "Total Cost": 3451.4, "Plan Rows": 1, "Plan Width": 48, "Inner Unique": true, "Plans": [{"Node Type": "Nested Loop", "Parent Relationship": "Outer", "Join Type": "Inner", "Startup Cost": 724.95, "Total Cost": 3447.11, "Plan Rows": 1, "Plan Width": 40, "Inner Unique": false, "Join Filter": "(t.id = ml.movie_id)", "Plans": [{"Node Type": "Nested Loop", "Parent Relationship": "Outer", "Join Type": "Inner", "Startup Cost": 724.66, "Total Cost": 3442.7, "Plan Rows": 1, "Plan Width": 48, "Inner Unique": true, "Plans": [{"Node Type": "Nested Loop", "Parent Relationship": "Outer", "Join Type": "Inner", "Startup Cost": 724.4, "Total Cost": 3438.42, "Plan Rows": 1, "Plan Width": 52, "Inner Unique": true, "Plans": [{"Node Type": "Nested Loop", "Parent Relationship": "Outer", "Join Type": "Inner", "Startup Cost": 724.14, "Total Cost": 3434.13, "Plan Rows": 1, "Plan Width": 37, "Inner Unique": false, "Join Filter": "(t.id = mc.movie_id)", "Plans": [{"Node Type": "Nested Loop", "Parent Relationship": "Outer", "Join Type": "Inner", "Startup Cost": 723.87, "Total Cost": 3429.8, "Plan Rows": 1, "Plan Width": 25, "Inner Unique": true, "Plans": [{"Node Type": "Nested Loop", "Parent Relationship": "Outer", "Join Type": "Inner", "Startup Cost": 723.6, "Total Cost": 3288.12, "Plan Rows": 33, "Plan Width": 4, "Inner Unique": false, "Plans": [{"Node Type": "Bitmap Heap Scan", "Parent Relationship": "Outer", "Relation Name": "keyword", "Alias": "k", "Startup Cost": 719.1, "Total Cost": 3155.21, "Plan Rows": 1, "Plan Width": 4, "Filter": "((keyword)::text = 'sequel'::text)", "Plans": [{"Node Type": "Bitmap Index Scan", "Parent Relationship": "Outer", "Index Name": "keyword_pkey", "Startup Cost": 0.0, "Total Cost": 719.1, "Plan Rows": 134169, "Plan Width": 0}]}, {"Node Type": "Bitmap Heap Scan", "Parent Relationship": "Inner", "Relation Name": "movie_keyword", "Alias": "mk", "Startup Cost": 4.51, "Total Cost": 132.58, "Plan Rows": 33, "Plan Width": 8, "Recheck Cond": "(keyword_id = k.id)", "Plans": [{"Node Type": "Bitmap Index Scan", "Parent Relationship": "Outer", "Index Name": "keyword_id_movie_keyword", "Startup Cost": 0.0, "Total Cost": 4.5, "Plan Rows": 33, "Plan Width": 0, "Index Cond": "(keyword_id = k.id)"}]}]}, {"Node Type": "Bitmap Heap Scan", "Parent Relationship": "Inner", "Relation Name": "title", "Alias": "t", "Startup Cost": 0.27, "Total Cost": 4.28, "Plan Rows": 1, "Plan Width": 21, "Recheck Cond": "(id = mk.movie_id)", "Filter": "(((title)::text ~~ '%Money%'::text) AND (production_year = 1998))", "Plans": [{"Node Type": "Bitmap Index Scan", "Parent Relationship": "Outer", "Index Name": "title_pkey", "Startup Cost": 0.0, "Total Cost": 0.27, "Plan Rows": 1, "Plan Width": 0, "Index Cond": "(id = mk.movie_id)"}]}]}, {"Node Type": "Bitmap Heap Scan", "Parent Relationship": "Inner", "Relation Name": "movie_companies", "Alias": "mc", "Startup Cost": 0.27, "Total Cost": 4.3, "Plan Rows": 2, "Plan Width": 12, "Recheck Cond": "(movie_id = mk.movie_id)", "Filter": "(note IS NULL)", "Plans": [{"Node Type": "Bitmap Index Scan", "Parent Relationship": "Outer", "Index Name": "movie_id_movie_companies", "Startup Cost": 0.0, "Total Cost": 0.27, "Plan Rows": 2, "Plan Width": 0, "Index Cond": "(movie_id = mk.movie_id)"}]}]}, {"Node Type": "Bitmap Heap Scan", "Parent Relationship": "Inner", "Relation Name": "company_name", "Alias": "cn", "Startup Cost": 0.26, "Total Cost": 4.28, "Plan Rows": 1, "Plan Width": 23, "Recheck Cond": "(id = mc.company_id)", "Filter": "(((country_code)::text <> '[pl]'::text) AND (((name)::text ~~ '%Film%'::text) OR ((name)::text ~~ '%Warner%'::text)))", "Plans": [{"Node Type": "Bitmap Index Scan", "Parent Relationship": "Outer", "Index Name": "company_name_pkey", "Startup Cost": 0.0, "Total Cost": 0.26, "Plan Rows": 1, "Plan Width": 0, "Index Cond": "(id = mc.company_id)"}]}]}, {"Node Type": "Bitmap Heap Scan", "Parent Relationship": "Inner", "Relation Name": "company_type", "Alias": "ct", "Startup Cost": 0.26, "Total Cost": 4.27, "Plan Rows": 1, "Plan Width": 4, "Recheck Cond": "(id = mc.company_type_id)", "Filter": "((kind)::text = 'production companies'::text)", "Plans": [{"Node Type": "Bitmap Index Scan", "Parent Relationship": "Outer", "Index Name": "company_type_pkey", "Startup Cost": 0.0, "Total Cost": 0.26, "Plan Rows": 1, "Plan Width": 0, "Index Cond": "(id = mc.company_type_id)"}]}]}, {"Node Type": "Bitmap Heap Scan", "Parent Relationship": "Inner", "Relation Name": "movie_link", "Alias": "ml", "Startup Cost": 0.29, "Total Cost": 4.35, "Plan Rows": 5, "Plan Width": 8, "Recheck Cond": "(movie_id = mk.movie_id)", "Plans": [{"Node Type": "Bitmap Index Scan", "Parent Relationship": "Outer", "Index Name": "movie_id_movie_link", "Startup Cost": 0.0, "Total Cost": 0.29, "Plan Rows": 5, "Plan Width": 0, "Index Cond": "(movie_id = mk.movie_id)"}]}]}, {"Node Type": "Bitmap Heap Scan", "Parent Relationship": "Inner", "Relation Name": "link_type", "Alias": "lt", "Startup Cost": 0.26, "Total Cost": 4.27, "Plan Rows": 1, "Plan Width": 16, "Recheck Cond": "(id = ml.link_type_id)", "Filter": "((link)::text ~~ '%follows%'::text)", "Plans": [{"Node Type": "Bitmap Index Scan", "Parent Relationship": "Outer", "Index Name": "link_type_pkey", "Startup Cost": 0.0, "Total Cost": 0.26, "Plan Rows": 1, "Plan Width": 0, "Index Cond": "(id = ml.link_type_id)"}]}]}]}, "Unique SQL Id": 4121279504}, "explain_analyze_plan": {"Plan": {"Node Type": "Aggregate", "Strategy": "Plain", "Startup Cost": 3451.4, "Total Cost": 3451.41, "Plan Rows": 1, "Plan Width": 144, "Actual Startup Time": 161.722, "Actual Total Time": 161.723, "Actual Rows": 1, "Actual Loops": 1, "Plans": [{"Node Type": "Nested Loop", "Parent Relationship": "Outer", "Join Type": "Inner", "Startup Cost": 725.2, "Total Cost": 3451.4, "Plan Rows": 1, "Plan Width": 48, "Actual Startup Time": 161.712, "Actual Total Time": 161.712, "Actual Rows": 0, "Actual Loops": 1, "Inner Unique": true, "Plans": [{"Node Type": "Nested Loop", "Parent Relationship": "Outer", "Join Type": "Inner", "Startup Cost": 724.95, "Total Cost": 3447.11, "Plan Rows": 1, "Plan Width": 40, "Actual Startup Time": 19.997, "Actual Total Time": 161.571, "Actual Rows": 38, "Actual Loops": 1, "Inner Unique": false, "Join Filter": "(t.id = ml.movie_id)", "Rows Removed by Join Filter": 0, "Plans": [{"Node Type": "Nested Loop", "Parent Relationship": "Outer", "Join Type": "Inner", "Startup Cost": 724.66, "Total Cost": 3442.7, "Plan Rows": 1, "Plan Width": 48, "Actual Startup Time": 19.97, "Actual Total Time": 161.514, "Actual Rows": 2, "Actual Loops": 1, "Inner Unique": true, "Plans": [{"Node Type": "Nested Loop", "Parent Relationship": "Outer", "Join Type": "Inner", "Startup Cost": 724.4, "Total Cost": 3438.42, "Plan Rows": 1, "Plan Width": 52, "Actual Startup Time": 19.958, "Actual Total Time": 161.497, "Actual Rows": 2, "Actual Loops": 1, "Inner Unique": true, "Plans": [{"Node Type": "Nested Loop", "Parent Relationship": "Outer", "Join Type": "Inner", "Startup Cost": 724.14, "Total Cost": 3434.13, "Plan Rows": 1, "Plan Width": 37, "Actual Startup Time": 19.933, "Actual Total Time": 161.449, "Actual Rows": 3, "Actual Loops": 1, "Inner Unique": false, "Join Filter": "(t.id = mc.movie_id)", "Rows Removed by Join Filter": 0, "Plans": [{"Node Type": "Nested Loop", "Parent Relationship": "Outer", "Join Type": "Inner", "Startup Cost": 723.87, "Total Cost": 3429.8, "Plan Rows": 1, "Plan Width": 25, "Actual Startup Time": 19.903, "Actual Total Time": 161.415, "Actual Rows": 1, "Actual Loops": 1, "Inner Unique": true, "Plans": [{"Node Type": "Nested Loop", "Parent Relationship": "Outer", "Join Type": "Inner", "Startup Cost": 723.6, "Total Cost": 3288.12, "Plan Rows": 33, "Plan Width": 4, "Actual Startup Time": 19.48, "Actual Total Time": 84.809, "Actual Rows": 10544, "Actual Loops": 1, "Inner Unique": false, "Plans": [{"Node Type": "Bitmap Heap Scan", "Parent Relationship": "Outer", "Relation Name": "keyword", "Alias": "k", "Startup Cost": 719.1, "Total Cost": 3155.21, "Plan Rows": 1, "Plan Width": 4, "Actual Startup Time": 16.533, "Actual Total Time": 64.286, "Actual Rows": 1, "Actual Loops": 1, "Filter": "((keyword)::text = 'sequel'::text)", "Rows Removed by Filter": 134168, "Exact Heap Blocks": 759, "Lossy Heap Blocks": 759, "Plans": [{"Node Type": "Bitmap Index Scan", "Parent Relationship": "Outer", "Index Name": "keyword_pkey", "Startup Cost": 0.0, "Total Cost": 719.1, "Plan Rows": 134169, "Plan Width": 0, "Actual Startup Time": 13.54, "Actual Total Time": 13.54, "Actual Rows": 134169, "Actual Loops": 1}]}, {"Node Type": "Bitmap Heap Scan", "Parent Relationship": "Inner", "Relation Name": "movie_keyword", "Alias": "mk", "Startup Cost": 4.51, "Total Cost": 132.58, "Plan Rows": 33, "Plan Width": 8, "Actual Startup Time": 2.933, "Actual Total Time": 18.397, "Actual Rows": 10544, "Actual Loops": 1, "Recheck Cond": "(keyword_id = k.id)", "Rows Removed by Index Recheck": 0, "Exact Heap Blocks": 5090, "Lossy Heap Blocks": 5090, "Plans": [{"Node Type": "Bitmap Index Scan", "Parent Relationship": "Outer", "Index Name": "keyword_id_movie_keyword", "Startup Cost": 0.0, "Total Cost": 4.5, "Plan Rows": 33, "Plan Width": 0, "Actual Startup Time": 2.017, "Actual Total Time": 2.017, "Actual Rows": 10544, "Actual Loops": 1, "Index Cond": "(keyword_id = k.id)"}]}]}, {"Node Type": "Bitmap Heap Scan", "Parent Relationship": "Inner", "Relation Name": "title", "Alias": "t", "Startup Cost": 0.27, "Total Cost": 4.28, "Plan Rows": 1, "Plan Width": 21, "Actual Startup Time": 64.824, "Actual Total Time": 64.824, "Actual Rows": 1, "Actual Loops": 10544, "Recheck Cond": "(id = mk.movie_id)", "Rows Removed by Index Recheck": 0, "Filter": "(((title)::text ~~ '%Money%'::text) AND (production_year = 1998))", "Rows Removed by Filter": 10543, "Exact Heap Blocks": 10544, "Lossy Heap Blocks": 10544, "Plans": [{"Node Type": "Bitmap Index Scan", "Parent Relationship": "Outer", "Index Name": "title_pkey", "Startup Cost": 0.0, "Total Cost": 0.27, "Plan Rows": 1, "Plan Width": 0, "Actual Startup Time": 31.063, "Actual Total Time": 31.063, "Actual Rows": 10544, "Actual Loops": 10544, "Index Cond": "(id = mk.movie_id)"}]}]}, {"Node Type": "Bitmap Heap Scan", "Parent Relationship": "Inner", "Relation Name": "movie_companies", "Alias": "mc", "Startup Cost": 0.27, "Total Cost": 4.3, "Plan Rows": 2, "Plan Width": 12, "Actual Startup Time": 0.024, "Actual Total Time": 0.025, "Actual Rows": 3, "Actual Loops": 1, "Recheck Cond": "(movie_id = mk.movie_id)", "Rows Removed by Index Recheck": 0, "Filter": "(note IS NULL)", "Rows Removed by Filter": 1, "Exact Heap Blocks": 2, "Lossy Heap Blocks": 2, "Plans": [{"Node Type": "Bitmap Index Scan", "Parent Relationship": "Outer", "Index Name": "movie_id_movie_companies", "Startup Cost": 0.0, "Total Cost": 0.27, "Plan Rows": 2, "Plan Width": 0, "Actual Startup Time": 0.012, "Actual Total Time": 0.012, "Actual Rows": 4, "Actual Loops": 1, "Index Cond": "(movie_id = mk.movie_id)"}]}]}, {"Node Type": "Bitmap Heap Scan", "Parent Relationship": "Inner", "Relation Name": "company_name", "Alias": "cn", "Startup Cost": 0.26, "Total Cost": 4.28, "Plan Rows": 1, "Plan Width": 23, "Actual Startup Time": 0.041, "Actual Total Time": 0.041, "Actual Rows": 2, "Actual Loops": 3, "Recheck Cond": "(id = mc.company_id)", "Rows Removed by Index Recheck": 0, "Filter": "(((country_code)::text <> '[pl]'::text) AND (((name)::text ~~ '%Film%'::text) OR ((name)::text ~~ '%Warner%'::text)))", "Rows Removed by Filter": 1, "Exact Heap Blocks": 3, "Lossy Heap Blocks": 3, "Plans": [{"Node Type": "Bitmap Index Scan", "Parent Relationship": "Outer", "Index Name": "company_name_pkey", "Startup Cost": 0.0, "Total Cost": 0.26, "Plan Rows": 1, "Plan Width": 0, "Actual Startup Time": 0.02, "Actual Total Time": 0.02, "Actual Rows": 3, "Actual Loops": 3, "Index Cond": "(id = mc.company_id)"}]}]}, {"Node Type": "Bitmap Heap Scan", "Parent Relationship": "Inner", "Relation Name": "company_type", "Alias": "ct", "Startup Cost": 0.26, "Total Cost": 4.27, "Plan Rows": 1, "Plan Width": 4, "Actual Startup Time": 0.013, "Actual Total Time": 0.013, "Actual Rows": 2, "Actual Loops": 2, "Recheck Cond": "(id = mc.company_type_id)", "Rows Removed by Index Recheck": 0, "Filter": "((kind)::text = 'production companies'::text)", "Rows Removed by Filter": 0, "Exact Heap Blocks": 2, "Lossy Heap Blocks": 2, "Plans": [{"Node Type": "Bitmap Index Scan", "Parent Relationship": "Outer", "Index Name": "company_type_pkey", "Startup Cost": 0.0, "Total Cost": 0.26, "Plan Rows": 1, "Plan Width": 0, "Actual Startup Time": 0.004, "Actual Total Time": 0.004, "Actual Rows": 2, "Actual Loops": 2, "Index Cond": "(id = mc.company_type_id)"}]}]}, {"Node Type": "Bitmap Heap Scan", "Parent Relationship": "Inner", "Relation Name": "movie_link", "Alias": "ml", "Startup Cost": 0.29, "Total Cost": 4.35, "Plan Rows": 5, "Plan Width": 8, "Actual Startup Time": 0.025, "Actual Total Time": 0.028, "Actual Rows": 38, "Actual Loops": 2, "Recheck Cond": "(movie_id = mk.movie_id)", "Rows Removed by Index Recheck": 0, "Exact Heap Blocks": 2, "Lossy Heap Blocks": 2, "Plans": [{"Node Type": "Bitmap Index Scan", "Parent Relationship": "Outer", "Index Name": "movie_id_movie_link", "Startup Cost": 0.0, "Total Cost": 0.29, "Plan Rows": 5, "Plan Width": 0, "Actual Startup Time": 0.013, "Actual Total Time": 0.013, "Actual Rows": 38, "Actual Loops": 2, "Index Cond": "(movie_id = mk.movie_id)"}]}]}, {"Node Type": "Bitmap Heap Scan", "Parent Relationship": "Inner", "Relation Name": "link_type", "Alias": "lt", "Startup Cost": 0.26, "Total Cost": 4.27, "Plan Rows": 1, "Plan Width": 16, "Actual Startup Time": 0.097, "Actual Total Time": 0.097, "Actual Rows": 0, "Actual Loops": 38, "Recheck Cond": "(id = ml.link_type_id)", "Rows Removed by Index Recheck": 0, "Filter": "((link)::text ~~ '%follows%'::text)", "Rows Removed by Filter": 24, "Exact Heap Blocks": 24, "Lossy Heap Blocks": 24, "Plans": [{"Node Type": "Bitmap Index Scan", "Parent Relationship": "Outer", "Index Name": "link_type_pkey", "Startup Cost": 0.0, "Total Cost": 0.26, "Plan Rows": 1, "Plan Width": 0, "Actual Startup Time": 0.039, "Actual Total Time": 0.039, "Actual Rows": 24, "Actual Loops": 38, "Index Cond": "(id = ml.link_type_id)"}]}]}]}, "Triggers": [], "Planner Runtime": 60.458, "Total Runtime": 162.221, "Unique SQL Id": 4121279504}}, "(64, 56)": {"explain_plan": {"Plan": {"Node Type": "Aggregate", "Strategy": "Plain", "Startup Cost": 2585.63, "Total Cost": 2585.64, "Plan Rows": 1, "Plan Width": 144, "Plans": [{"Node Type": "Nested Loop", "Parent Relationship": "Outer", "Join Type": "Inner", "Startup Cost": 0.0, "Total Cost": 2585.62, "Plan Rows": 1, "Plan Width": 48, "Inner Unique": true, "Plans": [{"Node Type": "Nested Loop", "Parent Relationship": "Outer", "Join Type": "Inner", "Startup Cost": 0.0, "Total Cost": 2585.34, "Plan Rows": 1, "Plan Width": 40, "Inner Unique": false, "Join Filter": "(t.id = ml.movie_id)", "Plans": [{"Node Type": "Nested Loop", "Parent Relationship": "Outer", "Join Type": "Inner", "Startup Cost": 0.0, "Total Cost": 2584.93, "Plan Rows": 1, "Plan Width": 48, "Inner Unique": true, "Plans": [{"Node Type": "Nested Loop", "Parent Relationship": "Outer", "Join Type": "Inner", "Startup Cost": 0.0, "Total Cost": 2584.64, "Plan Rows": 1, "Plan Width": 52, "Inner Unique": true, "Plans": [{"Node Type": "Nested Loop", "Parent Relationship": "Outer", "Join Type": "Inner", "Startup Cost": 0.0, "Total Cost": 2584.35, "Plan Rows": 1, "Plan Width": 37, "Inner Unique": false, "Join Filter": "(t.id = mc.movie_id)", "Plans": [{"Node Type": "Nested Loop", "Parent Relationship": "Outer", "Join Type": "Inner", "Startup Cost": 0.0, "Total Cost": 2584.01, "Plan Rows": 1, "Plan Width": 25, "Inner Unique": true, "Plans": [{"Node Type": "Nested Loop", "Parent Relationship": "Outer", "Join Type": "Inner", "Startup Cost": 0.0, "Total Cost": 2573.32, "Plan Rows": 33, "Plan Width": 4, "Inner Unique": false, "Plans": [{"Node Type": "Seq Scan", "Parent Relationship": "Outer", "Relation Name": "keyword", "Alias": "k", "Startup Cost": 0.0, "Total Cost": 2436.11, "Plan Rows": 1, "Plan Width": 4, "Filter": "((keyword)::text = 'sequel'::text)"}, {"Node Type": "Index Scan", "Parent Relationship": "Inner", "Scan Direction": "Forward", "Index Name": "keyword_id_movie_keyword", "Relation Name": "movie_keyword", "Alias": "mk", "Startup Cost": 0.0, "Total Cost": 136.88, "Plan Rows": 33, "Plan Width": 8, "Index Cond": "(keyword_id = k.id)"}]}, {"Node Type": "Index Scan", "Parent Relationship": "Inner", "Scan Direction": "Forward", "Index Name": "title_pkey", "Relation Name": "title", "Alias": "t", "Startup Cost": 0.0, "Total Cost": 0.31, "Plan Rows": 1, "Plan Width": 21, "Index Cond": "(id = mk.movie_id)", "Filter": "(((title)::text ~~ '%Money%'::text) AND (production_year = 1998))"}]}, {"Node Type": "Index Scan", "Parent Relationship": "Inner", "Scan Direction": "Forward", "Index Name": "movie_id_movie_companies", "Relation Name": "movie_companies", "Alias": "mc", "Startup Cost": 0.0, "Total Cost": 0.31, "Plan Rows": 2, "Plan Width": 12, "Index Cond": "(movie_id = mk.movie_id)", "Filter": "(note IS NULL)"}]}, {"Node Type": "Index Scan", "Parent Relationship": "Inner", "Scan Direction": "Forward", "Index Name": "company_name_pkey", "Relation Name": "company_name", "Alias": "cn", "Startup Cost": 0.0, "Total Cost": 0.29, "Plan Rows": 1, "Plan Width": 23, "Index Cond": "(id = mc.company_id)", "Filter": "(((country_code)::text <> '[pl]'::text) AND (((name)::text ~~ '%Film%'::text) OR ((name)::text ~~ '%Warner%'::text)))"}]}, {"Node Type": "Index Scan", "Parent Relationship": "Inner", "Scan Direction": "Forward", "Index Name": "company_type_pkey", "Relation Name": "company_type", "Alias": "ct", "Startup Cost": 0.0, "Total Cost": 0.27, "Plan Rows": 1, "Plan Width": 4, "Index Cond": "(id = mc.company_type_id)", "Filter": "((kind)::text = 'production companies'::text)"}]}, {"Node Type": "Index Scan", "Parent Relationship": "Inner", "Scan Direction": "Forward", "Index Name": "movie_id_movie_link", "Relation Name": "movie_link", "Alias": "ml", "Startup Cost": 0.0, "Total Cost": 0.35, "Plan Rows": 5, "Plan Width": 8, "Index Cond": "(movie_id = mk.movie_id)"}]}, {"Node Type": "Index Scan", "Parent Relationship": "Inner", "Scan Direction": "Forward", "Index Name": "link_type_pkey", "Relation Name": "link_type", "Alias": "lt", "Startup Cost": 0.0, "Total Cost": 0.27, "Plan Rows": 1, "Plan Width": 16, "Index Cond": "(id = ml.link_type_id)", "Filter": "((link)::text ~~ '%follows%'::text)"}]}]}, "Unique SQL Id": 4121279504}, "explain_analyze_plan": {"Plan": {"Node Type": "Aggregate", "Strategy": "Plain", "Startup Cost": 2585.63, "Total Cost": 2585.64, "Plan Rows": 1, "Plan Width": 144, "Actual Startup Time": 120.206, "Actual Total Time": 120.207, "Actual Rows": 1, "Actual Loops": 1, "Plans": [{"Node Type": "Nested Loop", "Parent Relationship": "Outer", "Join Type": "Inner", "Startup Cost": 0.0, "Total Cost": 2585.62, "Plan Rows": 1, "Plan Width": 48, "Actual Startup Time": 120.199, "Actual Total Time": 120.199, "Actual Rows": 0, "Actual Loops": 1, "Inner Unique": true, "Plans": [{"Node Type": "Nested Loop", "Parent Relationship": "Outer", "Join Type": "Inner", "Startup Cost": 0.0, "Total Cost": 2585.34, "Plan Rows": 1, "Plan Width": 40, "Actual Startup Time": 2.804, "Actual Total Time": 120.112, "Actual Rows": 38, "Actual Loops": 1, "Inner Unique": false, "Join Filter": "(t.id = ml.movie_id)", "Rows Removed by Join Filter": 0, "Plans": [{"Node Type": "Nested Loop", "Parent Relationship": "Outer", "Join Type": "Inner", "Startup Cost": 0.0, "Total Cost": 2584.93, "Plan Rows": 1, "Plan Width": 48, "Actual Startup Time": 2.79, "Actual Total Time": 120.066, "Actual Rows": 2, "Actual Loops": 1, "Inner Unique": true, "Plans": [{"Node Type": "Nested Loop", "Parent Relationship": "Outer", "Join Type": "Inner", "Startup Cost": 0.0, "Total Cost": 2584.64, "Plan Rows": 1, "Plan Width": 52, "Actual Startup Time": 2.781, "Actual Total Time": 120.052, "Actual Rows": 2, "Actual Loops": 1, "Inner Unique": true, "Plans": [{"Node Type": "Nested Loop", "Parent Relationship": "Outer", "Join Type": "Inner", "Startup Cost": 0.0, "Total Cost": 2584.35, "Plan Rows": 1, "Plan Width": 37, "Actual Startup Time": 2.759, "Actual Total Time": 120.009, "Actual Rows": 3, "Actual Loops": 1, "Inner Unique": false, "Join Filter": "(t.id = mc.movie_id)", "Rows Removed by Join Filter": 0, "Plans": [{"Node Type": "Nested Loop", "Parent Relationship": "Outer", "Join Type": "Inner", "Startup Cost": 0.0, "Total Cost": 2584.01, "Plan Rows": 1, "Plan Width": 25, "Actual Startup Time": 2.739, "Actual Total Time": 119.985, "Actual Rows": 1, "Actual Loops": 1, "Inner Unique": true, "Plans": [{"Node Type": "Nested Loop", "Parent Relationship": "Outer", "Join Type": "Inner", "Startup Cost": 0.0, "Total Cost": 2573.32, "Plan Rows": 33, "Plan Width": 4, "Actual Startup Time": 2.392, "Actual Total Time": 59.078, "Actual Rows": 10544, "Actual Loops": 1, "Inner Unique": false, "Plans": [{"Node Type": "Seq Scan", "Parent Relationship": "Outer", "Relation Name": "keyword", "Alias": "k", "Startup Cost": 0.0, "Total Cost": 2436.11, "Plan Rows": 1, "Plan Width": 4, "Actual Startup Time": 2.347, "Actual Total Time": 41.646, "Actual Rows": 1, "Actual Loops": 1, "Filter": "((keyword)::text = 'sequel'::text)", "Rows Removed by Filter": 134168}, {"Node Type": "Index Scan", "Parent Relationship": "Inner", "Scan Direction": "Forward", "Index Name": "keyword_id_movie_keyword", "Relation Name": "movie_keyword", "Alias": "mk", "Startup Cost": 0.0, "Total Cost": 136.88, "Plan Rows": 33, "Plan Width": 8, "Actual Startup Time": 0.038, "Actual Total Time": 15.158, "Actual Rows": 10544, "Actual Loops": 1, "Index Cond": "(keyword_id = k.id)", "Rows Removed by Index Recheck": 0}]}, {"Node Type": "Index Scan", "Parent Relationship": "Inner", "Scan Direction": "Forward", "Index Name": "title_pkey", "Relation Name": "title", "Alias": "t", "Startup Cost": 0.0, "Total Cost": 0.31, "Plan Rows": 1, "Plan Width": 21, "Actual Startup Time": 55.67, "Actual Total Time": 55.67, "Actual Rows": 1, "Actual Loops": 10544, "Index Cond": "(id = mk.movie_id)", "Rows Removed by Index Recheck": 0, "Filter": "(((title)::text ~~ '%Money%'::text) AND (production_year = 1998))", "Rows Removed by Filter": 10543}]}, {"Node Type": "Index Scan", "Parent Relationship": "Inner", "Scan Direction": "Forward", "Index Name": "movie_id_movie_companies", "Relation Name": "movie_companies", "Alias": "mc", "Startup Cost": 0.0, "Total Cost": 0.31, "Plan Rows": 2, "Plan Width": 12, "Actual Startup Time": 0.016, "Actual Total Time": 0.017, "Actual Rows": 3, "Actual Loops": 1, "Index Cond": "(movie_id = mk.movie_id)", "Rows Removed by Index Recheck": 0, "Filter": "(note IS NULL)", "Rows Removed by Filter": 1}]}, {"Node Type": "Index Scan", "Parent Relationship": "Inner", "Scan Direction": "Forward", "Index Name": "company_name_pkey", "Relation Name": "company_name", "Alias": "cn", "Startup Cost": 0.0, "Total Cost": 0.29, "Plan Rows": 1, "Plan Width": 23, "Actual Startup Time": 0.038, "Actual Total Time": 0.038, "Actual Rows": 2, "Actual Loops": 3, "Index Cond": "(id = mc.company_id)", "Rows Removed by Index Recheck": 0, "Filter": "(((country_code)::text <> '[pl]'::text) AND (((name)::text ~~ '%Film%'::text) OR ((name)::text ~~ '%Warner%'::text)))", "Rows Removed by Filter": 1}]}, {"Node Type": "Index Scan", "Parent Relationship": "Inner", "Scan Direction": "Forward", "Index Name": "company_type_pkey", "Relation Name": "company_type", "Alias": "ct", "Startup Cost": 0.0, "Total Cost": 0.27, "Plan Rows": 1, "Plan Width": 4, "Actual Startup Time": 0.01, "Actual Total Time": 0.01, "Actual Rows": 2, "Actual Loops": 2, "Index Cond": "(id = mc.company_type_id)", "Rows Removed by Index Recheck": 0, "Filter": "((kind)::text = 'production companies'::text)", "Rows Removed by Filter": 0}]}, {"Node Type": "Index Scan", "Parent Relationship": "Inner", "Scan Direction": "Forward", "Index Name": "movie_id_movie_link", "Relation Name": "movie_link", "Alias": "ml", "Startup Cost": 0.0, "Total Cost": 0.35, "Plan Rows": 5, "Plan Width": 8, "Actual Startup Time": 0.015, "Actual Total Time": 0.031, "Actual Rows": 38, "Actual Loops": 2, "Index Cond": "(movie_id = mk.movie_id)", "Rows Removed by Index Recheck": 0}]}, {"Node Type": "Index Scan", "Parent Relationship": "Inner", "Scan Direction": "Forward", "Index Name": "link_type_pkey", "Relation Name": "link_type", "Alias": "lt", "Startup Cost": 0.0, "Total Cost": 0.27, "Plan Rows": 1, "Plan Width": 16, "Actual Startup Time": 0.063, "Actual Total Time": 0.063, "Actual Rows": 0, "Actual Loops": 38, "Index Cond": "(id = ml.link_type_id)", "Rows Removed by Index Recheck": 0, "Filter": "((link)::text ~~ '%follows%'::text)", "Rows Removed by Filter": 24}]}]}, "Triggers": [], "Planner Runtime": 76.567, "Total Runtime": 120.592, "Unique SQL Id": 4121279504}}, "(64, 57)": {"explain_plan": {"Plan": {"Node Type": "Aggregate", "Strategy": "Plain", "Startup Cost": 3332.23, "Total Cost": 3332.24, "Plan Rows": 1, "Plan Width": 144, "Plans": [{"Node Type": "Nested Loop", "Parent Relationship": "Outer", "Join Type": "Inner", "Startup Cost": 0.0, "Total Cost": 3332.23, "Plan Rows": 1, "Plan Width": 48, "Inner Unique": true, "Plans": [{"Node Type": "Nested Loop", "Parent Relationship": "Outer", "Join Type": "Inner", "Startup Cost": 0.0, "Total Cost": 3331.94, "Plan Rows": 1, "Plan Width": 40, "Inner Unique": false, "Join Filter": "(t.id = ml.movie_id)", "Plans": [{"Node Type": "Nested Loop", "Parent Relationship": "Outer", "Join Type": "Inner", "Startup Cost": 0.0, "Total Cost": 3331.53, "Plan Rows": 1, "Plan Width": 48, "Inner Unique": true, "Plans": [{"Node Type": "Nested Loop", "Parent Relationship": "Outer", "Join Type": "Inner", "Startup Cost": 0.0, "Total Cost": 3331.25, "Plan Rows": 1, "Plan Width": 52, "Inner Unique": true, "Plans": [{"Node Type": "Nested Loop", "Parent Relationship": "Outer", "Join Type": "Inner", "Startup Cost": 0.0, "Total Cost": 3330.95, "Plan Rows": 1, "Plan Width": 37, "Inner Unique": false, "Join Filter": "(t.id = mc.movie_id)", "Plans": [{"Node Type": "Nested Loop", "Parent Relationship": "Outer", "Join Type": "Inner", "Startup Cost": 0.0, "Total Cost": 3330.61, "Plan Rows": 1, "Plan Width": 25, "Inner Unique": true, "Plans": [{"Node Type": "Nested Loop", "Parent Relationship": "Outer", "Join Type": "Inner", "Startup Cost": 0.0, "Total Cost": 3319.92, "Plan Rows": 33, "Plan Width": 4, "Inner Unique": false, "Plans": [{"Node Type": "Index Scan", "Parent Relationship": "Outer", "Scan Direction": "Forward", "Index Name": "keyword_pkey", "Relation Name": "keyword", "Alias": "k", "Startup Cost": 0.0, "Total Cost": 3182.72, "Plan Rows": 1, "Plan Width": 4, "Filter": "((keyword)::text = 'sequel'::text)"}, {"Node Type": "Index Scan", "Parent Relationship": "Inner", "Scan Direction": "Forward", "Index Name": "keyword_id_movie_keyword", "Relation Name": "movie_keyword", "Alias": "mk", "Startup Cost": 0.0, "Total Cost": 136.88, "Plan Rows": 33, "Plan Width": 8, "Index Cond": "(keyword_id = k.id)"}]}, {"Node Type": "Index Scan", "Parent Relationship": "Inner", "Scan Direction": "Forward", "Index Name": "title_pkey", "Relation Name": "title", "Alias": "t", "Startup Cost": 0.0, "Total Cost": 0.31, "Plan Rows": 1, "Plan Width": 21, "Index Cond": "(id = mk.movie_id)", "Filter": "(((title)::text ~~ '%Money%'::text) AND (production_year = 1998))"}]}, {"Node Type": "Index Scan", "Parent Relationship": "Inner", "Scan Direction": "Forward", "Index Name": "movie_id_movie_companies", "Relation Name": "movie_companies", "Alias": "mc", "Startup Cost": 0.0, "Total Cost": 0.31, "Plan Rows": 2, "Plan Width": 12, "Index Cond": "(movie_id = mk.movie_id)", "Filter": "(note IS NULL)"}]}, {"Node Type": "Index Scan", "Parent Relationship": "Inner", "Scan Direction": "Forward", "Index Name": "company_name_pkey", "Relation Name": "company_name", "Alias": "cn", "Startup Cost": 0.0, "Total Cost": 0.29, "Plan Rows": 1, "Plan Width": 23, "Index Cond": "(id = mc.company_id)", "Filter": "(((country_code)::text <> '[pl]'::text) AND (((name)::text ~~ '%Film%'::text) OR ((name)::text ~~ '%Warner%'::text)))"}]}, {"Node Type": "Index Scan", "Parent Relationship": "Inner", "Scan Direction": "Forward", "Index Name": "company_type_pkey", "Relation Name": "company_type", "Alias": "ct", "Startup Cost": 0.0, "Total Cost": 0.27, "Plan Rows": 1, "Plan Width": 4, "Index Cond": "(id = mc.company_type_id)", "Filter": "((kind)::text = 'production companies'::text)"}]}, {"Node Type": "Index Scan", "Parent Relationship": "Inner", "Scan Direction": "Forward", "Index Name": "movie_id_movie_link", "Relation Name": "movie_link", "Alias": "ml", "Startup Cost": 0.0, "Total Cost": 0.35, "Plan Rows": 5, "Plan Width": 8, "Index Cond": "(movie_id = mk.movie_id)"}]}, {"Node Type": "Index Scan", "Parent Relationship": "Inner", "Scan Direction": "Forward", "Index Name": "link_type_pkey", "Relation Name": "link_type", "Alias": "lt", "Startup Cost": 0.0, "Total Cost": 0.27, "Plan Rows": 1, "Plan Width": 16, "Index Cond": "(id = ml.link_type_id)", "Filter": "((link)::text ~~ '%follows%'::text)"}]}]}, "Unique SQL Id": 4121279504}, "explain_analyze_plan": {"Plan": {"Node Type": "Aggregate", "Strategy": "Plain", "Startup Cost": 3332.23, "Total Cost": 3332.24, "Plan Rows": 1, "Plan Width": 144, "Actual Startup Time": 195.478, "Actual Total Time": 195.479, "Actual Rows": 1, "Actual Loops": 1, "Plans": [{"Node Type": "Nested Loop", "Parent Relationship": "Outer", "Join Type": "Inner", "Startup Cost": 0.0, "Total Cost": 3332.23, "Plan Rows": 1, "Plan Width": 48, "Actual Startup Time": 195.466, "Actual Total Time": 195.466, "Actual Rows": 0, "Actual Loops": 1, "Inner Unique": true, "Plans": [{"Node Type": "Nested Loop", "Parent Relationship": "Outer", "Join Type": "Inner", "Startup Cost": 0.0, "Total Cost": 3331.94, "Plan Rows": 1, "Plan Width": 40, "Actual Startup Time": 1.022, "Actual Total Time": 195.379, "Actual Rows": 38, "Actual Loops": 1, "Inner Unique": false, "Join Filter": "(t.id = ml.movie_id)", "Rows Removed by Join Filter": 0, "Plans": [{"Node Type": "Nested Loop", "Parent Relationship": "Outer", "Join Type": "Inner", "Startup Cost": 0.0, "Total Cost": 3331.53, "Plan Rows": 1, "Plan Width": 48, "Actual Startup Time": 1.006, "Actual Total Time": 195.329, "Actual Rows": 2, "Actual Loops": 1, "Inner Unique": true, "Plans": [{"Node Type": "Nested Loop", "Parent Relationship": "Outer", "Join Type": "Inner", "Startup Cost": 0.0, "Total Cost": 3331.25, "Plan Rows": 1, "Plan Width": 52, "Actual Startup Time": 0.993, "Actual Total Time": 195.312, "Actual Rows": 2, "Actual Loops": 1, "Inner Unique": true, "Plans": [{"Node Type": "Nested Loop", "Parent Relationship": "Outer", "Join Type": "Inner", "Startup Cost": 0.0, "Total Cost": 3330.95, "Plan Rows": 1, "Plan Width": 37, "Actual Startup Time": 0.971, "Actual Total Time": 195.27, "Actual Rows": 3, "Actual Loops": 1, "Inner Unique": false, "Join Filter": "(t.id = mc.movie_id)", "Rows Removed by Join Filter": 0, "Plans": [{"Node Type": "Nested Loop", "Parent Relationship": "Outer", "Join Type": "Inner", "Startup Cost": 0.0, "Total Cost": 3330.61, "Plan Rows": 1, "Plan Width": 25, "Actual Startup Time": 0.949, "Actual Total Time": 195.245, "Actual Rows": 1, "Actual Loops": 1, "Inner Unique": true, "Plans": [{"Node Type": "Nested Loop", "Parent Relationship": "Outer", "Join Type": "Inner", "Startup Cost": 0.0, "Total Cost": 3319.92, "Plan Rows": 33, "Plan Width": 4, "Actual Startup Time": 0.597, "Actual Total Time": 133.24, "Actual Rows": 10544, "Actual Loops": 1, "Inner Unique": false, "Plans": [{"Node Type": "Index Scan", "Parent Relationship": "Outer", "Scan Direction": "Forward", "Index Name": "keyword_pkey", "Relation Name": "keyword", "Alias": "k", "Startup Cost": 0.0, "Total Cost": 3182.72, "Plan Rows": 1, "Plan Width": 4, "Actual Startup Time": 0.557, "Actual Total Time": 115.424, "Actual Rows": 1, "Actual Loops": 1, "Filter": "((keyword)::text = 'sequel'::text)", "Rows Removed by Filter": 134168}, {"Node Type": "Index Scan", "Parent Relationship": "Inner", "Scan Direction": "Forward", "Index Name": "keyword_id_movie_keyword", "Relation Name": "movie_keyword", "Alias": "mk", "Startup Cost": 0.0, "Total Cost": 136.88, "Plan Rows": 33, "Plan Width": 8, "Actual Startup Time": 0.033, "Actual Total Time": 15.557, "Actual Rows": 10544, "Actual Loops": 1, "Index Cond": "(keyword_id = k.id)", "Rows Removed by Index Recheck": 0}]}, {"Node Type": "Index Scan", "Parent Relationship": "Inner", "Scan Direction": "Forward", "Index Name": "title_pkey", "Relation Name": "title", "Alias": "t", "Startup Cost": 0.0, "Total Cost": 0.31, "Plan Rows": 1, "Plan Width": 21, "Actual Startup Time": 56.68, "Actual Total Time": 56.68, "Actual Rows": 1, "Actual Loops": 10544, "Index Cond": "(id = mk.movie_id)", "Rows Removed by Index Recheck": 0, "Filter": "(((title)::text ~~ '%Money%'::text) AND (production_year = 1998))", "Rows Removed by Filter": 10543}]}, {"Node Type": "Index Scan", "Parent Relationship": "Inner", "Scan Direction": "Forward", "Index Name": "movie_id_movie_companies", "Relation Name": "movie_companies", "Alias": "mc", "Startup Cost": 0.0, "Total Cost": 0.31, "Plan Rows": 2, "Plan Width": 12, "Actual Startup Time": 0.019, "Actual Total Time": 0.022, "Actual Rows": 3, "Actual Loops": 1, "Index Cond": "(movie_id = mk.movie_id)", "Rows Removed by Index Recheck": 0, "Filter": "(note IS NULL)", "Rows Removed by Filter": 1}]}, {"Node Type": "Index Scan", "Parent Relationship": "Inner", "Scan Direction": "Forward", "Index Name": "company_name_pkey", "Relation Name": "company_name", "Alias": "cn", "Startup Cost": 0.0, "Total Cost": 0.29, "Plan Rows": 1, "Plan Width": 23, "Actual Startup Time": 0.038, "Actual Total Time": 0.038, "Actual Rows": 2, "Actual Loops": 3, "Index Cond": "(id = mc.company_id)", "Rows Removed by Index Recheck": 0, "Filter": "(((country_code)::text <> '[pl]'::text) AND (((name)::text ~~ '%Film%'::text) OR ((name)::text ~~ '%Warner%'::text)))", "Rows Removed by Filter": 1}]}, {"Node Type": "Index Scan", "Parent Relationship": "Inner", "Scan Direction": "Forward", "Index Name": "company_type_pkey", "Relation Name": "company_type", "Alias": "ct", "Startup Cost": 0.0, "Total Cost": 0.27, "Plan Rows": 1, "Plan Width": 4, "Actual Startup Time": 0.013, "Actual Total Time": 0.013, "Actual Rows": 2, "Actual Loops": 2, "Index Cond": "(id = mc.company_type_id)", "Rows Removed by Index Recheck": 0, "Filter": "((kind)::text = 'production companies'::text)", "Rows Removed by Filter": 0}]}, {"Node Type": "Index Scan", "Parent Relationship": "Inner", "Scan Direction": "Forward", "Index Name": "movie_id_movie_link", "Relation Name": "movie_link", "Alias": "ml", "Startup Cost": 0.0, "Total Cost": 0.35, "Plan Rows": 5, "Plan Width": 8, "Actual Startup Time": 0.017, "Actual Total Time": 0.028, "Actual Rows": 38, "Actual Loops": 2, "Index Cond": "(movie_id = mk.movie_id)", "Rows Removed by Index Recheck": 0}]}, {"Node Type": "Index Scan", "Parent Relationship": "Inner", "Scan Direction": "Forward", "Index Name": "link_type_pkey", "Relation Name": "link_type", "Alias": "lt", "Startup Cost": 0.0, "Total Cost": 0.27, "Plan Rows": 1, "Plan Width": 16, "Actual Startup Time": 0.066, "Actual Total Time": 0.066, "Actual Rows": 0, "Actual Loops": 38, "Index Cond": "(id = ml.link_type_id)", "Rows Removed by Index Recheck": 0, "Filter": "((link)::text ~~ '%follows%'::text)", "Rows Removed by Filter": 24}]}]}, "Triggers": [], "Planner Runtime": 69.692, "Total Runtime": 195.978, "Unique SQL Id": 4121279504}}, "(64, 58)": {"explain_plan": {"Plan": {"Node Type": "Aggregate", "Strategy": "Plain", "Startup Cost": 251857.16, "Total Cost": 251857.17, "Plan Rows": 1, "Plan Width": 144, "Plans": [{"Node Type": "Nested Loop", "Parent Relationship": "Outer", "Join Type": "Inner", "Startup Cost": 0.0, "Total Cost": 251857.15, "Plan Rows": 1, "Plan Width": 48, "Inner Unique": true, "Join Filter": "(ml.link_type_id = lt.id)", "Plans": [{"Node Type": "Nested Loop", "Parent Relationship": "Outer", "Join Type": "Inner", "Startup Cost": 0.0, "Total Cost": 251855.92, "Plan Rows": 1, "Plan Width": 40, "Inner Unique": false, "Join Filter": "(t.id = ml.movie_id)", "Plans": [{"Node Type": "Nested Loop", "Parent Relationship": "Outer", "Join Type": "Inner", "Startup Cost": 0.0, "Total Cost": 251050.01, "Plan Rows": 1, "Plan Width": 48, "Inner Unique": true, "Join Filter": "(mc.company_type_id = ct.id)", "Plans": [{"Node Type": "Nested Loop", "Parent Relationship": "Outer", "Join Type": "Inner", "Startup Cost": 0.0, "Total Cost": 251048.96, "Plan Rows": 1, "Plan Width": 52, "Inner Unique": true, "Join Filter": "(mc.company_id = cn.id)", "Plans": [{"Node Type": "Nested Loop", "Parent Relationship": "Outer", "Join Type": "Inner", "Startup Cost": 0.0, "Total Cost": 243250.55, "Plan Rows": 1, "Plan Width": 37, "Inner Unique": false, "Join Filter": "(t.id = mc.movie_id)", "Plans": [{"Node Type": "Nested Loop", "Parent Relationship": "Outer", "Join Type": "Inner", "Startup Cost": 0.0, "Total Cost": 185564.69, "Plan Rows": 1, "Plan Width": 25, "Inner Unique": true, "Join Filter": "(mk.movie_id = t.id)", "Plans": [{"Node Type": "Nested Loop", "Parent Relationship": "Outer", "Join Type": "Inner", "Startup Cost": 0.0, "Total Cost": 121426.52, "Plan Rows": 33, "Plan Width": 4, "Inner Unique": false, "Join Filter": "(k.id = mk.keyword_id)", "Plans": [{"Node Type": "Seq Scan", "Parent Relationship": "Outer", "Relation Name": "keyword", "Alias": "k", "Startup Cost": 0.0, "Total Cost": 2436.11, "Plan Rows": 1, "Plan Width": 4, "Filter": "((keyword)::text = 'sequel'::text)"}, {"Node Type": "Seq Scan", "Parent Relationship": "Inner", "Relation Name": "movie_keyword", "Alias": "mk", "Startup Cost": 0.0, "Total Cost": 62441.29, "Plan Rows": 4523929, "Plan Width": 8}]}, {"Node Type": "Materialize", "Parent Relationship": "Inner", "Startup Cost": 0.0, "Total Cost": 64136.21, "Plan Rows": 4, "Plan Width": 21, "Plans": [{"Node Type": "Streaming(type: LOCAL GATHER dop: 1/64)", "Parent Relationship": "Outer", "Startup Cost": 0.0, "Total Cost": 64136.19, "Plan Rows": 4, "Plan Width": 21, "Plans": [{"Node Type": "Seq Scan", "Parent Relationship": "Outer", "Relation Name": "title", "Alias": "t", "Startup Cost": 0.0, "Total Cost": 64136.1, "Plan Rows": 4, "Plan Width": 21, "Filter": "(((title)::text ~~ '%Money%'::text) AND (production_year = 1998))"}]}]}]}, {"Node Type": "Seq Scan", "Parent Relationship": "Inner", "Relation Name": "movie_companies", "Alias": "mc", "Startup Cost": 0.0, "Total Cost": 41817.28, "Plan Rows": 1269486, "Plan Width": 12, "Filter": "(note IS NULL), (LLVM Optimized)"}]}, {"Node Type": "Seq Scan", "Parent Relationship": "Inner", "Relation Name": "company_name", "Alias": "cn", "Startup Cost": 0.0, "Total Cost": 7078.43, "Plan Rows": 57599, "Plan Width": 23, "Filter": "(((country_code)::text <> '[pl]'::text) AND (((name)::text ~~ '%Film%'::text) OR ((name)::text ~~ '%Warner%'::text)))"}]}, {"Node Type": "Seq Scan", "Parent Relationship": "Inner", "Relation Name": "company_type", "Alias": "ct", "Startup Cost": 0.0, "Total Cost": 1.04, "Plan Rows": 1, "Plan Width": 4, "Filter": "((kind)::text = 'production companies'::text)"}]}, {"Node Type": "Seq Scan", "Parent Relationship": "Inner", "Relation Name": "movie_link", "Alias": "ml", "Startup Cost": 0.0, "Total Cost": 430.96, "Plan Rows": 29996, "Plan Width": 8}]}, {"Node Type": "Seq Scan", "Parent Relationship": "Inner", "Relation Name": "link_type", "Alias": "lt", "Startup Cost": 0.0, "Total Cost": 1.21, "Plan Rows": 1, "Plan Width": 16, "Filter": "((link)::text ~~ '%follows%'::text)"}]}]}, "Unique SQL Id": 4121279504}, "explain_analyze_plan": null}, "(64, 59)": {"explain_plan": {"Plan": {"Node Type": "Aggregate", "Strategy": "Plain", "Startup Cost": 8000025305535.09, "Total Cost": 8000025305535.1, "Plan Rows": 1, "Plan Width": 144, "Plans": [{"Node Type": "Nested Loop", "Parent Relationship": "Outer", "Join Type": "Inner", "Startup Cost": 80000000000.0, "Total Cost": 8000025305535.08, "Plan Rows": 1, "Plan Width": 48, "Inner Unique": true, "Join Filter": "(mc.company_type_id = ct.id)", "Plans": [{"Node Type": "Nested Loop", "Parent Relationship": "Outer", "Join Type": "Inner", "Startup Cost": 70000000000.0, "Total Cost": 7000025304304.82, "Plan Rows": 1, "Plan Width": 52, "Inner Unique": true, "Plans": [{"Node Type": "Nested Loop", "Parent Relationship": "Outer", "Join Type": "Inner", "Startup Cost": 60000000000.0, "Total Cost": 6000025304276.0, "Plan Rows": 1, "Plan Width": 37, "Inner Unique": true, "Join Filter": "(ml.movie_id = t.id)", "Plans": [{"Node Type": "Nested Loop", "Parent Relationship": "Outer", "Join Type": "Inner", "Startup Cost": 50000000000.0, "Total Cost": 5000025304244.59, "Plan Rows": 1, "Plan Width": 32, "Inner Unique": false, "Join Filter": "(ml.movie_id = mc.movie_id)", "Plans": [{"Node Type": "Index Scan", "Parent Relationship": "Outer", "Scan Direction": "Forward", "Index Name": "company_type_id_movie_companies", "Relation Name": "movie_companies", "Alias": "mc", "Startup Cost": 10000000000.0, "Total Cost": 1000009318217.0, "Plan Rows": 1269486, "Plan Width": 12, "Filter": "(note IS NULL), (LLVM Optimized)"}, {"Node Type": "Materialize", "Parent Relationship": "Inner", "Startup Cost": 40000000000.0, "Total Cost": 4000015795604.72, "Plan Rows": 10, "Plan Width": 20, "Plans": [{"Node Type": "Nested Loop", "Parent Relationship": "Outer", "Join Type": "Inner", "Startup Cost": 40000000000.0, "Total Cost": 4000015795604.67, "Plan Rows": 10, "Plan Width": 20, "Inner Unique": false, "Join Filter": "(mk.movie_id = ml.movie_id)", "Plans": [{"Node Type": "Nested Loop", "Parent Relationship": "Outer", "Join Type": "Inner", "Startup Cost": 20000000000.0, "Total Cost": 2000015686764.79, "Plan Rows": 33, "Plan Width": 4, "Inner Unique": true, "Join Filter": "(k.id = mk.keyword_id)", "Plans": [{"Node Type": "Index Scan", "Parent Relationship": "Outer", "Scan Direction": "Forward", "Index Name": "movie_id_movie_keyword", "Relation Name": "movie_keyword", "Alias": "mk", "Startup Cost": 10000000000.0, "Total Cost": 1000015300634.17, "Plan Rows": 4523929, "Plan Width": 8}, {"Node Type": "Materialize", "Parent Relationship": "Inner", "Startup Cost": 10000000000.0, "Total Cost": 1000000318271.69, "Plan Rows": 1, "Plan Width": 4, "Plans": [{"Node Type": "Index Scan", "Parent Relationship": "Outer", "Scan Direction": "Forward", "Index Name": "keyword_pkey", "Relation Name": "keyword", "Alias": "k", "Startup Cost": 10000000000.0, "Total Cost": 1000000318271.68, "Plan Rows": 1, "Plan Width": 4, "Filter": "((keyword)::text = 'sequel'::text)"}]}]}, {"Node Type": "Materialize", "Parent Relationship": "Inner", "Startup Cost": 20000000000.0, "Total Cost": 2000000107916.44, "Plan Rows": 1875, "Plan Width": 16, "Plans": [{"Node Type": "Nested Loop", "Parent Relationship": "Outer", "Join Type": "Inner", "Startup Cost": 20000000000.0, "Total Cost": 2000000107907.07, "Plan Rows": 1875, "Plan Width": 16, "Inner Unique": true, "Join Filter": "(lt.id = ml.link_type_id)", "Plans": [{"Node Type": "Index Scan", "Parent Relationship": "Outer", "Scan Direction": "Forward", "Index Name": "movie_id_movie_link", "Relation Name": "movie_link", "Alias": "ml", "Startup Cost": 10000000000.0, "Total Cost": 1000000106202.37, "Plan Rows": 29996, "Plan Width": 8}, {"Node Type": "Materialize", "Parent Relationship": "Inner", "Startup Cost": 10000000000.0, "Total Cost": 1000000001254.76, "Plan Rows": 1, "Plan Width": 16, "Plans": [{"Node Type": "Index Scan", "Parent Relationship": "Outer", "Scan Direction": "Forward", "Index Name": "link_type_pkey", "Relation Name": "link_type", "Alias": "lt", "Startup Cost": 10000000000.0, "Total Cost": 1000000001254.75, "Plan Rows": 1, "Plan Width": 16, "Filter": "((link)::text ~~ '%follows%'::text)"}]}]}]}]}]}]}, {"Node Type": "Index Scan", "Parent Relationship": "Inner", "Scan Direction": "Forward", "Index Name": "title_pkey", "Relation Name": "title", "Alias": "t", "Startup Cost": 10000000000.0, "Total Cost": 1000000000031.39, "Plan Rows": 1, "Plan Width": 21, "Index Cond": "(id = mk.movie_id)", "Filter": "(((title)::text ~~ '%Money%'::text) AND (production_year = 1998))"}]}, {"Node Type": "Index Scan", "Parent Relationship": "Inner", "Scan Direction": "Forward", "Index Name": "company_name_pkey", "Relation Name": "company_name", "Alias": "cn", "Startup Cost": 10000000000.0, "Total Cost": 1000000000028.81, "Plan Rows": 1, "Plan Width": 23, "Index Cond": "(id = mc.company_id)", "Filter": "(((country_code)::text <> '[pl]'::text) AND (((name)::text ~~ '%Film%'::text) OR ((name)::text ~~ '%Warner%'::text)))"}]}, {"Node Type": "Index Scan", "Parent Relationship": "Inner", "Scan Direction": "Forward", "Index Name": "company_type_pkey", "Relation Name": "company_type", "Alias": "ct", "Startup Cost": 10000000000.0, "Total Cost": 1000000001230.25, "Plan Rows": 1, "Plan Width": 4, "Filter": "((kind)::text = 'production companies'::text)"}]}]}, "Unique SQL Id": 4121279504}, "explain_analyze_plan": null}, "(64, 60)": {"explain_plan": {"Plan": {"Node Type": "Aggregate", "Strategy": "Plain", "Startup Cost": 2585.63, "Total Cost": 2585.64, "Plan Rows": 1, "Plan Width": 144, "Plans": [{"Node Type": "Nested Loop", "Parent Relationship": "Outer", "Join Type": "Inner", "Startup Cost": 0.0, "Total Cost": 2585.62, "Plan Rows": 1, "Plan Width": 48, "Inner Unique": true, "Plans": [{"Node Type": "Nested Loop", "Parent Relationship": "Outer", "Join Type": "Inner", "Startup Cost": 0.0, "Total Cost": 2585.34, "Plan Rows": 1, "Plan Width": 40, "Inner Unique": false, "Join Filter": "(t.id = ml.movie_id)", "Plans": [{"Node Type": "Nested Loop", "Parent Relationship": "Outer", "Join Type": "Inner", "Startup Cost": 0.0, "Total Cost": 2584.93, "Plan Rows": 1, "Plan Width": 48, "Inner Unique": true, "Plans": [{"Node Type": "Nested Loop", "Parent Relationship": "Outer", "Join Type": "Inner", "Startup Cost": 0.0, "Total Cost": 2584.64, "Plan Rows": 1, "Plan Width": 52, "Inner Unique": true, "Plans": [{"Node Type": "Nested Loop", "Parent Relationship": "Outer", "Join Type": "Inner", "Startup Cost": 0.0, "Total Cost": 2584.35, "Plan Rows": 1, "Plan Width": 37, "Inner Unique": false, "Join Filter": "(t.id = mc.movie_id)", "Plans": [{"Node Type": "Nested Loop", "Parent Relationship": "Outer", "Join Type": "Inner", "Startup Cost": 0.0, "Total Cost": 2584.01, "Plan Rows": 1, "Plan Width": 25, "Inner Unique": true, "Plans": [{"Node Type": "Nested Loop", "Parent Relationship": "Outer", "Join Type": "Inner", "Startup Cost": 0.0, "Total Cost": 2573.32, "Plan Rows": 33, "Plan Width": 4, "Inner Unique": false, "Plans": [{"Node Type": "Seq Scan", "Parent Relationship": "Outer", "Relation Name": "keyword", "Alias": "k", "Startup Cost": 0.0, "Total Cost": 2436.11, "Plan Rows": 1, "Plan Width": 4, "Filter": "((keyword)::text = 'sequel'::text)"}, {"Node Type": "Index Scan", "Parent Relationship": "Inner", "Scan Direction": "Forward", "Index Name": "keyword_id_movie_keyword", "Relation Name": "movie_keyword", "Alias": "mk", "Startup Cost": 0.0, "Total Cost": 136.88, "Plan Rows": 33, "Plan Width": 8, "Index Cond": "(keyword_id = k.id)"}]}, {"Node Type": "Index Scan", "Parent Relationship": "Inner", "Scan Direction": "Forward", "Index Name": "title_pkey", "Relation Name": "title", "Alias": "t", "Startup Cost": 0.0, "Total Cost": 0.31, "Plan Rows": 1, "Plan Width": 21, "Index Cond": "(id = mk.movie_id)", "Filter": "(((title)::text ~~ '%Money%'::text) AND (production_year = 1998))"}]}, {"Node Type": "Index Scan", "Parent Relationship": "Inner", "Scan Direction": "Forward", "Index Name": "movie_id_movie_companies", "Relation Name": "movie_companies", "Alias": "mc", "Startup Cost": 0.0, "Total Cost": 0.31, "Plan Rows": 2, "Plan Width": 12, "Index Cond": "(movie_id = mk.movie_id)", "Filter": "(note IS NULL)"}]}, {"Node Type": "Index Scan", "Parent Relationship": "Inner", "Scan Direction": "Forward", "Index Name": "company_name_pkey", "Relation Name": "company_name", "Alias": "cn", "Startup Cost": 0.0, "Total Cost": 0.29, "Plan Rows": 1, "Plan Width": 23, "Index Cond": "(id = mc.company_id)", "Filter": "(((country_code)::text <> '[pl]'::text) AND (((name)::text ~~ '%Film%'::text) OR ((name)::text ~~ '%Warner%'::text)))"}]}, {"Node Type": "Index Scan", "Parent Relationship": "Inner", "Scan Direction": "Forward", "Index Name": "company_type_pkey", "Relation Name": "company_type", "Alias": "ct", "Startup Cost": 0.0, "Total Cost": 0.27, "Plan Rows": 1, "Plan Width": 4, "Index Cond": "(id = mc.company_type_id)", "Filter": "((kind)::text = 'production companies'::text)"}]}, {"Node Type": "Index Scan", "Parent Relationship": "Inner", "Scan Direction": "Forward", "Index Name": "movie_id_movie_link", "Relation Name": "movie_link", "Alias": "ml", "Startup Cost": 0.0, "Total Cost": 0.35, "Plan Rows": 5, "Plan Width": 8, "Index Cond": "(movie_id = mk.movie_id)"}]}, {"Node Type": "Index Scan", "Parent Relationship": "Inner", "Scan Direction": "Forward", "Index Name": "link_type_pkey", "Relation Name": "link_type", "Alias": "lt", "Startup Cost": 0.0, "Total Cost": 0.27, "Plan Rows": 1, "Plan Width": 16, "Index Cond": "(id = ml.link_type_id)", "Filter": "((link)::text ~~ '%follows%'::text)"}]}]}, "Unique SQL Id": 4121279504}, "explain_analyze_plan": {"Plan": {"Node Type": "Aggregate", "Strategy": "Plain", "Startup Cost": 2585.63, "Total Cost": 2585.64, "Plan Rows": 1, "Plan Width": 144, "Actual Startup Time": 120.206, "Actual Total Time": 120.207, "Actual Rows": 1, "Actual Loops": 1, "Plans": [{"Node Type": "Nested Loop", "Parent Relationship": "Outer", "Join Type": "Inner", "Startup Cost": 0.0, "Total Cost": 2585.62, "Plan Rows": 1, "Plan Width": 48, "Actual Startup Time": 120.199, "Actual Total Time": 120.199, "Actual Rows": 0, "Actual Loops": 1, "Inner Unique": true, "Plans": [{"Node Type": "Nested Loop", "Parent Relationship": "Outer", "Join Type": "Inner", "Startup Cost": 0.0, "Total Cost": 2585.34, "Plan Rows": 1, "Plan Width": 40, "Actual Startup Time": 2.804, "Actual Total Time": 120.112, "Actual Rows": 38, "Actual Loops": 1, "Inner Unique": false, "Join Filter": "(t.id = ml.movie_id)", "Rows Removed by Join Filter": 0, "Plans": [{"Node Type": "Nested Loop", "Parent Relationship": "Outer", "Join Type": "Inner", "Startup Cost": 0.0, "Total Cost": 2584.93, "Plan Rows": 1, "Plan Width": 48, "Actual Startup Time": 2.79, "Actual Total Time": 120.066, "Actual Rows": 2, "Actual Loops": 1, "Inner Unique": true, "Plans": [{"Node Type": "Nested Loop", "Parent Relationship": "Outer", "Join Type": "Inner", "Startup Cost": 0.0, "Total Cost": 2584.64, "Plan Rows": 1, "Plan Width": 52, "Actual Startup Time": 2.781, "Actual Total Time": 120.052, "Actual Rows": 2, "Actual Loops": 1, "Inner Unique": true, "Plans": [{"Node Type": "Nested Loop", "Parent Relationship": "Outer", "Join Type": "Inner", "Startup Cost": 0.0, "Total Cost": 2584.35, "Plan Rows": 1, "Plan Width": 37, "Actual Startup Time": 2.759, "Actual Total Time": 120.009, "Actual Rows": 3, "Actual Loops": 1, "Inner Unique": false, "Join Filter": "(t.id = mc.movie_id)", "Rows Removed by Join Filter": 0, "Plans": [{"Node Type": "Nested Loop", "Parent Relationship": "Outer", "Join Type": "Inner", "Startup Cost": 0.0, "Total Cost": 2584.01, "Plan Rows": 1, "Plan Width": 25, "Actual Startup Time": 2.739, "Actual Total Time": 119.985, "Actual Rows": 1, "Actual Loops": 1, "Inner Unique": true, "Plans": [{"Node Type": "Nested Loop", "Parent Relationship": "Outer", "Join Type": "Inner", "Startup Cost": 0.0, "Total Cost": 2573.32, "Plan Rows": 33, "Plan Width": 4, "Actual Startup Time": 2.392, "Actual Total Time": 59.078, "Actual Rows": 10544, "Actual Loops": 1, "Inner Unique": false, "Plans": [{"Node Type": "Seq Scan", "Parent Relationship": "Outer", "Relation Name": "keyword", "Alias": "k", "Startup Cost": 0.0, "Total Cost": 2436.11, "Plan Rows": 1, "Plan Width": 4, "Actual Startup Time": 2.347, "Actual Total Time": 41.646, "Actual Rows": 1, "Actual Loops": 1, "Filter": "((keyword)::text = 'sequel'::text)", "Rows Removed by Filter": 134168}, {"Node Type": "Index Scan", "Parent Relationship": "Inner", "Scan Direction": "Forward", "Index Name": "keyword_id_movie_keyword", "Relation Name": "movie_keyword", "Alias": "mk", "Startup Cost": 0.0, "Total Cost": 136.88, "Plan Rows": 33, "Plan Width": 8, "Actual Startup Time": 0.038, "Actual Total Time": 15.158, "Actual Rows": 10544, "Actual Loops": 1, "Index Cond": "(keyword_id = k.id)", "Rows Removed by Index Recheck": 0}]}, {"Node Type": "Index Scan", "Parent Relationship": "Inner", "Scan Direction": "Forward", "Index Name": "title_pkey", "Relation Name": "title", "Alias": "t", "Startup Cost": 0.0, "Total Cost": 0.31, "Plan Rows": 1, "Plan Width": 21, "Actual Startup Time": 55.67, "Actual Total Time": 55.67, "Actual Rows": 1, "Actual Loops": 10544, "Index Cond": "(id = mk.movie_id)", "Rows Removed by Index Recheck": 0, "Filter": "(((title)::text ~~ '%Money%'::text) AND (production_year = 1998))", "Rows Removed by Filter": 10543}]}, {"Node Type": "Index Scan", "Parent Relationship": "Inner", "Scan Direction": "Forward", "Index Name": "movie_id_movie_companies", "Relation Name": "movie_companies", "Alias": "mc", "Startup Cost": 0.0, "Total Cost": 0.31, "Plan Rows": 2, "Plan Width": 12, "Actual Startup Time": 0.016, "Actual Total Time": 0.017, "Actual Rows": 3, "Actual Loops": 1, "Index Cond": "(movie_id = mk.movie_id)", "Rows Removed by Index Recheck": 0, "Filter": "(note IS NULL)", "Rows Removed by Filter": 1}]}, {"Node Type": "Index Scan", "Parent Relationship": "Inner", "Scan Direction": "Forward", "Index Name": "company_name_pkey", "Relation Name": "company_name", "Alias": "cn", "Startup Cost": 0.0, "Total Cost": 0.29, "Plan Rows": 1, "Plan Width": 23, "Actual Startup Time": 0.038, "Actual Total Time": 0.038, "Actual Rows": 2, "Actual Loops": 3, "Index Cond": "(id = mc.company_id)", "Rows Removed by Index Recheck": 0, "Filter": "(((country_code)::text <> '[pl]'::text) AND (((name)::text ~~ '%Film%'::text) OR ((name)::text ~~ '%Warner%'::text)))", "Rows Removed by Filter": 1}]}, {"Node Type": "Index Scan", "Parent Relationship": "Inner", "Scan Direction": "Forward", "Index Name": "company_type_pkey", "Relation Name": "company_type", "Alias": "ct", "Startup Cost": 0.0, "Total Cost": 0.27, "Plan Rows": 1, "Plan Width": 4, "Actual Startup Time": 0.01, "Actual Total Time": 0.01, "Actual Rows": 2, "Actual Loops": 2, "Index Cond": "(id = mc.company_type_id)", "Rows Removed by Index Recheck": 0, "Filter": "((kind)::text = 'production companies'::text)", "Rows Removed by Filter": 0}]}, {"Node Type": "Index Scan", "Parent Relationship": "Inner", "Scan Direction": "Forward", "Index Name": "movie_id_movie_link", "Relation Name": "movie_link", "Alias": "ml", "Startup Cost": 0.0, "Total Cost": 0.35, "Plan Rows": 5, "Plan Width": 8, "Actual Startup Time": 0.015, "Actual Total Time": 0.031, "Actual Rows": 38, "Actual Loops": 2, "Index Cond": "(movie_id = mk.movie_id)", "Rows Removed by Index Recheck": 0}]}, {"Node Type": "Index Scan", "Parent Relationship": "Inner", "Scan Direction": "Forward", "Index Name": "link_type_pkey", "Relation Name": "link_type", "Alias": "lt", "Startup Cost": 0.0, "Total Cost": 0.27, "Plan Rows": 1, "Plan Width": 16, "Actual Startup Time": 0.063, "Actual Total Time": 0.063, "Actual Rows": 0, "Actual Loops": 38, "Index Cond": "(id = ml.link_type_id)", "Rows Removed by Index Recheck": 0, "Filter": "((link)::text ~~ '%follows%'::text)", "Rows Removed by Filter": 24}]}]}, "Triggers": [], "Planner Runtime": 76.567, "Total Runtime": 120.592, "Unique SQL Id": 4121279504}}, "(64, 61)": {"explain_plan": {"Plan": {"Node Type": "Aggregate", "Strategy": "Plain", "Startup Cost": 3332.23, "Total Cost": 3332.24, "Plan Rows": 1, "Plan Width": 144, "Plans": [{"Node Type": "Nested Loop", "Parent Relationship": "Outer", "Join Type": "Inner", "Startup Cost": 0.0, "Total Cost": 3332.23, "Plan Rows": 1, "Plan Width": 48, "Inner Unique": true, "Plans": [{"Node Type": "Nested Loop", "Parent Relationship": "Outer", "Join Type": "Inner", "Startup Cost": 0.0, "Total Cost": 3331.94, "Plan Rows": 1, "Plan Width": 40, "Inner Unique": false, "Join Filter": "(t.id = ml.movie_id)", "Plans": [{"Node Type": "Nested Loop", "Parent Relationship": "Outer", "Join Type": "Inner", "Startup Cost": 0.0, "Total Cost": 3331.53, "Plan Rows": 1, "Plan Width": 48, "Inner Unique": true, "Plans": [{"Node Type": "Nested Loop", "Parent Relationship": "Outer", "Join Type": "Inner", "Startup Cost": 0.0, "Total Cost": 3331.25, "Plan Rows": 1, "Plan Width": 52, "Inner Unique": true, "Plans": [{"Node Type": "Nested Loop", "Parent Relationship": "Outer", "Join Type": "Inner", "Startup Cost": 0.0, "Total Cost": 3330.95, "Plan Rows": 1, "Plan Width": 37, "Inner Unique": false, "Join Filter": "(t.id = mc.movie_id)", "Plans": [{"Node Type": "Nested Loop", "Parent Relationship": "Outer", "Join Type": "Inner", "Startup Cost": 0.0, "Total Cost": 3330.61, "Plan Rows": 1, "Plan Width": 25, "Inner Unique": true, "Plans": [{"Node Type": "Nested Loop", "Parent Relationship": "Outer", "Join Type": "Inner", "Startup Cost": 0.0, "Total Cost": 3319.92, "Plan Rows": 33, "Plan Width": 4, "Inner Unique": false, "Plans": [{"Node Type": "Index Scan", "Parent Relationship": "Outer", "Scan Direction": "Forward", "Index Name": "keyword_pkey", "Relation Name": "keyword", "Alias": "k", "Startup Cost": 0.0, "Total Cost": 3182.72, "Plan Rows": 1, "Plan Width": 4, "Filter": "((keyword)::text = 'sequel'::text)"}, {"Node Type": "Index Scan", "Parent Relationship": "Inner", "Scan Direction": "Forward", "Index Name": "keyword_id_movie_keyword", "Relation Name": "movie_keyword", "Alias": "mk", "Startup Cost": 0.0, "Total Cost": 136.88, "Plan Rows": 33, "Plan Width": 8, "Index Cond": "(keyword_id = k.id)"}]}, {"Node Type": "Index Scan", "Parent Relationship": "Inner", "Scan Direction": "Forward", "Index Name": "title_pkey", "Relation Name": "title", "Alias": "t", "Startup Cost": 0.0, "Total Cost": 0.31, "Plan Rows": 1, "Plan Width": 21, "Index Cond": "(id = mk.movie_id)", "Filter": "(((title)::text ~~ '%Money%'::text) AND (production_year = 1998))"}]}, {"Node Type": "Index Scan", "Parent Relationship": "Inner", "Scan Direction": "Forward", "Index Name": "movie_id_movie_companies", "Relation Name": "movie_companies", "Alias": "mc", "Startup Cost": 0.0, "Total Cost": 0.31, "Plan Rows": 2, "Plan Width": 12, "Index Cond": "(movie_id = mk.movie_id)", "Filter": "(note IS NULL)"}]}, {"Node Type": "Index Scan", "Parent Relationship": "Inner", "Scan Direction": "Forward", "Index Name": "company_name_pkey", "Relation Name": "company_name", "Alias": "cn", "Startup Cost": 0.0, "Total Cost": 0.29, "Plan Rows": 1, "Plan Width": 23, "Index Cond": "(id = mc.company_id)", "Filter": "(((country_code)::text <> '[pl]'::text) AND (((name)::text ~~ '%Film%'::text) OR ((name)::text ~~ '%Warner%'::text)))"}]}, {"Node Type": "Index Scan", "Parent Relationship": "Inner", "Scan Direction": "Forward", "Index Name": "company_type_pkey", "Relation Name": "company_type", "Alias": "ct", "Startup Cost": 0.0, "Total Cost": 0.27, "Plan Rows": 1, "Plan Width": 4, "Index Cond": "(id = mc.company_type_id)", "Filter": "((kind)::text = 'production companies'::text)"}]}, {"Node Type": "Index Scan", "Parent Relationship": "Inner", "Scan Direction": "Forward", "Index Name": "movie_id_movie_link", "Relation Name": "movie_link", "Alias": "ml", "Startup Cost": 0.0, "Total Cost": 0.35, "Plan Rows": 5, "Plan Width": 8, "Index Cond": "(movie_id = mk.movie_id)"}]}, {"Node Type": "Index Scan", "Parent Relationship": "Inner", "Scan Direction": "Forward", "Index Name": "link_type_pkey", "Relation Name": "link_type", "Alias": "lt", "Startup Cost": 0.0, "Total Cost": 0.27, "Plan Rows": 1, "Plan Width": 16, "Index Cond": "(id = ml.link_type_id)", "Filter": "((link)::text ~~ '%follows%'::text)"}]}]}, "Unique SQL Id": 4121279504}, "explain_analyze_plan": {"Plan": {"Node Type": "Aggregate", "Strategy": "Plain", "Startup Cost": 3332.23, "Total Cost": 3332.24, "Plan Rows": 1, "Plan Width": 144, "Actual Startup Time": 195.478, "Actual Total Time": 195.479, "Actual Rows": 1, "Actual Loops": 1, "Plans": [{"Node Type": "Nested Loop", "Parent Relationship": "Outer", "Join Type": "Inner", "Startup Cost": 0.0, "Total Cost": 3332.23, "Plan Rows": 1, "Plan Width": 48, "Actual Startup Time": 195.466, "Actual Total Time": 195.466, "Actual Rows": 0, "Actual Loops": 1, "Inner Unique": true, "Plans": [{"Node Type": "Nested Loop", "Parent Relationship": "Outer", "Join Type": "Inner", "Startup Cost": 0.0, "Total Cost": 3331.94, "Plan Rows": 1, "Plan Width": 40, "Actual Startup Time": 1.022, "Actual Total Time": 195.379, "Actual Rows": 38, "Actual Loops": 1, "Inner Unique": false, "Join Filter": "(t.id = ml.movie_id)", "Rows Removed by Join Filter": 0, "Plans": [{"Node Type": "Nested Loop", "Parent Relationship": "Outer", "Join Type": "Inner", "Startup Cost": 0.0, "Total Cost": 3331.53, "Plan Rows": 1, "Plan Width": 48, "Actual Startup Time": 1.006, "Actual Total Time": 195.329, "Actual Rows": 2, "Actual Loops": 1, "Inner Unique": true, "Plans": [{"Node Type": "Nested Loop", "Parent Relationship": "Outer", "Join Type": "Inner", "Startup Cost": 0.0, "Total Cost": 3331.25, "Plan Rows": 1, "Plan Width": 52, "Actual Startup Time": 0.993, "Actual Total Time": 195.312, "Actual Rows": 2, "Actual Loops": 1, "Inner Unique": true, "Plans": [{"Node Type": "Nested Loop", "Parent Relationship": "Outer", "Join Type": "Inner", "Startup Cost": 0.0, "Total Cost": 3330.95, "Plan Rows": 1, "Plan Width": 37, "Actual Startup Time": 0.971, "Actual Total Time": 195.27, "Actual Rows": 3, "Actual Loops": 1, "Inner Unique": false, "Join Filter": "(t.id = mc.movie_id)", "Rows Removed by Join Filter": 0, "Plans": [{"Node Type": "Nested Loop", "Parent Relationship": "Outer", "Join Type": "Inner", "Startup Cost": 0.0, "Total Cost": 3330.61, "Plan Rows": 1, "Plan Width": 25, "Actual Startup Time": 0.949, "Actual Total Time": 195.245, "Actual Rows": 1, "Actual Loops": 1, "Inner Unique": true, "Plans": [{"Node Type": "Nested Loop", "Parent Relationship": "Outer", "Join Type": "Inner", "Startup Cost": 0.0, "Total Cost": 3319.92, "Plan Rows": 33, "Plan Width": 4, "Actual Startup Time": 0.597, "Actual Total Time": 133.24, "Actual Rows": 10544, "Actual Loops": 1, "Inner Unique": false, "Plans": [{"Node Type": "Index Scan", "Parent Relationship": "Outer", "Scan Direction": "Forward", "Index Name": "keyword_pkey", "Relation Name": "keyword", "Alias": "k", "Startup Cost": 0.0, "Total Cost": 3182.72, "Plan Rows": 1, "Plan Width": 4, "Actual Startup Time": 0.557, "Actual Total Time": 115.424, "Actual Rows": 1, "Actual Loops": 1, "Filter": "((keyword)::text = 'sequel'::text)", "Rows Removed by Filter": 134168}, {"Node Type": "Index Scan", "Parent Relationship": "Inner", "Scan Direction": "Forward", "Index Name": "keyword_id_movie_keyword", "Relation Name": "movie_keyword", "Alias": "mk", "Startup Cost": 0.0, "Total Cost": 136.88, "Plan Rows": 33, "Plan Width": 8, "Actual Startup Time": 0.033, "Actual Total Time": 15.557, "Actual Rows": 10544, "Actual Loops": 1, "Index Cond": "(keyword_id = k.id)", "Rows Removed by Index Recheck": 0}]}, {"Node Type": "Index Scan", "Parent Relationship": "Inner", "Scan Direction": "Forward", "Index Name": "title_pkey", "Relation Name": "title", "Alias": "t", "Startup Cost": 0.0, "Total Cost": 0.31, "Plan Rows": 1, "Plan Width": 21, "Actual Startup Time": 56.68, "Actual Total Time": 56.68, "Actual Rows": 1, "Actual Loops": 10544, "Index Cond": "(id = mk.movie_id)", "Rows Removed by Index Recheck": 0, "Filter": "(((title)::text ~~ '%Money%'::text) AND (production_year = 1998))", "Rows Removed by Filter": 10543}]}, {"Node Type": "Index Scan", "Parent Relationship": "Inner", "Scan Direction": "Forward", "Index Name": "movie_id_movie_companies", "Relation Name": "movie_companies", "Alias": "mc", "Startup Cost": 0.0, "Total Cost": 0.31, "Plan Rows": 2, "Plan Width": 12, "Actual Startup Time": 0.019, "Actual Total Time": 0.022, "Actual Rows": 3, "Actual Loops": 1, "Index Cond": "(movie_id = mk.movie_id)", "Rows Removed by Index Recheck": 0, "Filter": "(note IS NULL)", "Rows Removed by Filter": 1}]}, {"Node Type": "Index Scan", "Parent Relationship": "Inner", "Scan Direction": "Forward", "Index Name": "company_name_pkey", "Relation Name": "company_name", "Alias": "cn", "Startup Cost": 0.0, "Total Cost": 0.29, "Plan Rows": 1, "Plan Width": 23, "Actual Startup Time": 0.038, "Actual Total Time": 0.038, "Actual Rows": 2, "Actual Loops": 3, "Index Cond": "(id = mc.company_id)", "Rows Removed by Index Recheck": 0, "Filter": "(((country_code)::text <> '[pl]'::text) AND (((name)::text ~~ '%Film%'::text) OR ((name)::text ~~ '%Warner%'::text)))", "Rows Removed by Filter": 1}]}, {"Node Type": "Index Scan", "Parent Relationship": "Inner", "Scan Direction": "Forward", "Index Name": "company_type_pkey", "Relation Name": "company_type", "Alias": "ct", "Startup Cost": 0.0, "Total Cost": 0.27, "Plan Rows": 1, "Plan Width": 4, "Actual Startup Time": 0.013, "Actual Total Time": 0.013, "Actual Rows": 2, "Actual Loops": 2, "Index Cond": "(id = mc.company_type_id)", "Rows Removed by Index Recheck": 0, "Filter": "((kind)::text = 'production companies'::text)", "Rows Removed by Filter": 0}]}, {"Node Type": "Index Scan", "Parent Relationship": "Inner", "Scan Direction": "Forward", "Index Name": "movie_id_movie_link", "Relation Name": "movie_link", "Alias": "ml", "Startup Cost": 0.0, "Total Cost": 0.35, "Plan Rows": 5, "Plan Width": 8, "Actual Startup Time": 0.017, "Actual Total Time": 0.028, "Actual Rows": 38, "Actual Loops": 2, "Index Cond": "(movie_id = mk.movie_id)", "Rows Removed by Index Recheck": 0}]}, {"Node Type": "Index Scan", "Parent Relationship": "Inner", "Scan Direction": "Forward", "Index Name": "link_type_pkey", "Relation Name": "link_type", "Alias": "lt", "Startup Cost": 0.0, "Total Cost": 0.27, "Plan Rows": 1, "Plan Width": 16, "Actual Startup Time": 0.066, "Actual Total Time": 0.066, "Actual Rows": 0, "Actual Loops": 38, "Index Cond": "(id = ml.link_type_id)", "Rows Removed by Index Recheck": 0, "Filter": "((link)::text ~~ '%follows%'::text)", "Rows Removed by Filter": 24}]}]}, "Triggers": [], "Planner Runtime": 69.692, "Total Runtime": 195.978, "Unique SQL Id": 4121279504}}, "(64, 62)": {"explain_plan": {"Plan": {"Node Type": "Aggregate", "Strategy": "Plain", "Startup Cost": 251857.16, "Total Cost": 251857.17, "Plan Rows": 1, "Plan Width": 144, "Plans": [{"Node Type": "Nested Loop", "Parent Relationship": "Outer", "Join Type": "Inner", "Startup Cost": 0.0, "Total Cost": 251857.15, "Plan Rows": 1, "Plan Width": 48, "Inner Unique": true, "Join Filter": "(ml.link_type_id = lt.id)", "Plans": [{"Node Type": "Nested Loop", "Parent Relationship": "Outer", "Join Type": "Inner", "Startup Cost": 0.0, "Total Cost": 251855.92, "Plan Rows": 1, "Plan Width": 40, "Inner Unique": false, "Join Filter": "(t.id = ml.movie_id)", "Plans": [{"Node Type": "Nested Loop", "Parent Relationship": "Outer", "Join Type": "Inner", "Startup Cost": 0.0, "Total Cost": 251050.01, "Plan Rows": 1, "Plan Width": 48, "Inner Unique": true, "Join Filter": "(mc.company_type_id = ct.id)", "Plans": [{"Node Type": "Nested Loop", "Parent Relationship": "Outer", "Join Type": "Inner", "Startup Cost": 0.0, "Total Cost": 251048.96, "Plan Rows": 1, "Plan Width": 52, "Inner Unique": true, "Join Filter": "(mc.company_id = cn.id)", "Plans": [{"Node Type": "Nested Loop", "Parent Relationship": "Outer", "Join Type": "Inner", "Startup Cost": 0.0, "Total Cost": 243250.55, "Plan Rows": 1, "Plan Width": 37, "Inner Unique": false, "Join Filter": "(t.id = mc.movie_id)", "Plans": [{"Node Type": "Nested Loop", "Parent Relationship": "Outer", "Join Type": "Inner", "Startup Cost": 0.0, "Total Cost": 185564.69, "Plan Rows": 1, "Plan Width": 25, "Inner Unique": true, "Join Filter": "(mk.movie_id = t.id)", "Plans": [{"Node Type": "Nested Loop", "Parent Relationship": "Outer", "Join Type": "Inner", "Startup Cost": 0.0, "Total Cost": 121426.52, "Plan Rows": 33, "Plan Width": 4, "Inner Unique": false, "Join Filter": "(k.id = mk.keyword_id)", "Plans": [{"Node Type": "Seq Scan", "Parent Relationship": "Outer", "Relation Name": "keyword", "Alias": "k", "Startup Cost": 0.0, "Total Cost": 2436.11, "Plan Rows": 1, "Plan Width": 4, "Filter": "((keyword)::text = 'sequel'::text)"}, {"Node Type": "Seq Scan", "Parent Relationship": "Inner", "Relation Name": "movie_keyword", "Alias": "mk", "Startup Cost": 0.0, "Total Cost": 62441.29, "Plan Rows": 4523929, "Plan Width": 8}]}, {"Node Type": "Materialize", "Parent Relationship": "Inner", "Startup Cost": 0.0, "Total Cost": 64136.21, "Plan Rows": 4, "Plan Width": 21, "Plans": [{"Node Type": "Streaming(type: LOCAL GATHER dop: 1/64)", "Parent Relationship": "Outer", "Startup Cost": 0.0, "Total Cost": 64136.19, "Plan Rows": 4, "Plan Width": 21, "Plans": [{"Node Type": "Seq Scan", "Parent Relationship": "Outer", "Relation Name": "title", "Alias": "t", "Startup Cost": 0.0, "Total Cost": 64136.1, "Plan Rows": 4, "Plan Width": 21, "Filter": "(((title)::text ~~ '%Money%'::text) AND (production_year = 1998))"}]}]}]}, {"Node Type": "Seq Scan", "Parent Relationship": "Inner", "Relation Name": "movie_companies", "Alias": "mc", "Startup Cost": 0.0, "Total Cost": 41817.28, "Plan Rows": 1269486, "Plan Width": 12, "Filter": "(note IS NULL), (LLVM Optimized)"}]}, {"Node Type": "Seq Scan", "Parent Relationship": "Inner", "Relation Name": "company_name", "Alias": "cn", "Startup Cost": 0.0, "Total Cost": 7078.43, "Plan Rows": 57599, "Plan Width": 23, "Filter": "(((country_code)::text <> '[pl]'::text) AND (((name)::text ~~ '%Film%'::text) OR ((name)::text ~~ '%Warner%'::text)))"}]}, {"Node Type": "Seq Scan", "Parent Relationship": "Inner", "Relation Name": "company_type", "Alias": "ct", "Startup Cost": 0.0, "Total Cost": 1.04, "Plan Rows": 1, "Plan Width": 4, "Filter": "((kind)::text = 'production companies'::text)"}]}, {"Node Type": "Seq Scan", "Parent Relationship": "Inner", "Relation Name": "movie_link", "Alias": "ml", "Startup Cost": 0.0, "Total Cost": 430.96, "Plan Rows": 29996, "Plan Width": 8}]}, {"Node Type": "Seq Scan", "Parent Relationship": "Inner", "Relation Name": "link_type", "Alias": "lt", "Startup Cost": 0.0, "Total Cost": 1.21, "Plan Rows": 1, "Plan Width": 16, "Filter": "((link)::text ~~ '%follows%'::text)"}]}]}, "Unique SQL Id": 4121279504}, "explain_analyze_plan": null}, "(64, 63)": {"explain_plan": {"Plan": {"Node Type": "Aggregate", "Strategy": "Plain", "Startup Cost": 8000025305535.09, "Total Cost": 8000025305535.1, "Plan Rows": 1, "Plan Width": 144, "Plans": [{"Node Type": "Nested Loop", "Parent Relationship": "Outer", "Join Type": "Inner", "Startup Cost": 80000000000.0, "Total Cost": 8000025305535.08, "Plan Rows": 1, "Plan Width": 48, "Inner Unique": true, "Join Filter": "(mc.company_type_id = ct.id)", "Plans": [{"Node Type": "Nested Loop", "Parent Relationship": "Outer", "Join Type": "Inner", "Startup Cost": 70000000000.0, "Total Cost": 7000025304304.82, "Plan Rows": 1, "Plan Width": 52, "Inner Unique": true, "Plans": [{"Node Type": "Nested Loop", "Parent Relationship": "Outer", "Join Type": "Inner", "Startup Cost": 60000000000.0, "Total Cost": 6000025304276.0, "Plan Rows": 1, "Plan Width": 37, "Inner Unique": true, "Join Filter": "(ml.movie_id = t.id)", "Plans": [{"Node Type": "Nested Loop", "Parent Relationship": "Outer", "Join Type": "Inner", "Startup Cost": 50000000000.0, "Total Cost": 5000025304244.59, "Plan Rows": 1, "Plan Width": 32, "Inner Unique": false, "Join Filter": "(ml.movie_id = mc.movie_id)", "Plans": [{"Node Type": "Index Scan", "Parent Relationship": "Outer", "Scan Direction": "Forward", "Index Name": "company_type_id_movie_companies", "Relation Name": "movie_companies", "Alias": "mc", "Startup Cost": 10000000000.0, "Total Cost": 1000009318217.0, "Plan Rows": 1269486, "Plan Width": 12, "Filter": "(note IS NULL), (LLVM Optimized)"}, {"Node Type": "Materialize", "Parent Relationship": "Inner", "Startup Cost": 40000000000.0, "Total Cost": 4000015795604.72, "Plan Rows": 10, "Plan Width": 20, "Plans": [{"Node Type": "Nested Loop", "Parent Relationship": "Outer", "Join Type": "Inner", "Startup Cost": 40000000000.0, "Total Cost": 4000015795604.67, "Plan Rows": 10, "Plan Width": 20, "Inner Unique": false, "Join Filter": "(mk.movie_id = ml.movie_id)", "Plans": [{"Node Type": "Nested Loop", "Parent Relationship": "Outer", "Join Type": "Inner", "Startup Cost": 20000000000.0, "Total Cost": 2000015686764.79, "Plan Rows": 33, "Plan Width": 4, "Inner Unique": true, "Join Filter": "(k.id = mk.keyword_id)", "Plans": [{"Node Type": "Index Scan", "Parent Relationship": "Outer", "Scan Direction": "Forward", "Index Name": "movie_id_movie_keyword", "Relation Name": "movie_keyword", "Alias": "mk", "Startup Cost": 10000000000.0, "Total Cost": 1000015300634.17, "Plan Rows": 4523929, "Plan Width": 8}, {"Node Type": "Materialize", "Parent Relationship": "Inner", "Startup Cost": 10000000000.0, "Total Cost": 1000000318271.69, "Plan Rows": 1, "Plan Width": 4, "Plans": [{"Node Type": "Index Scan", "Parent Relationship": "Outer", "Scan Direction": "Forward", "Index Name": "keyword_pkey", "Relation Name": "keyword", "Alias": "k", "Startup Cost": 10000000000.0, "Total Cost": 1000000318271.68, "Plan Rows": 1, "Plan Width": 4, "Filter": "((keyword)::text = 'sequel'::text)"}]}]}, {"Node Type": "Materialize", "Parent Relationship": "Inner", "Startup Cost": 20000000000.0, "Total Cost": 2000000107916.44, "Plan Rows": 1875, "Plan Width": 16, "Plans": [{"Node Type": "Nested Loop", "Parent Relationship": "Outer", "Join Type": "Inner", "Startup Cost": 20000000000.0, "Total Cost": 2000000107907.07, "Plan Rows": 1875, "Plan Width": 16, "Inner Unique": true, "Join Filter": "(lt.id = ml.link_type_id)", "Plans": [{"Node Type": "Index Scan", "Parent Relationship": "Outer", "Scan Direction": "Forward", "Index Name": "movie_id_movie_link", "Relation Name": "movie_link", "Alias": "ml", "Startup Cost": 10000000000.0, "Total Cost": 1000000106202.37, "Plan Rows": 29996, "Plan Width": 8}, {"Node Type": "Materialize", "Parent Relationship": "Inner", "Startup Cost": 10000000000.0, "Total Cost": 1000000001254.76, "Plan Rows": 1, "Plan Width": 16, "Plans": [{"Node Type": "Index Scan", "Parent Relationship": "Outer", "Scan Direction": "Forward", "Index Name": "link_type_pkey", "Relation Name": "link_type", "Alias": "lt", "Startup Cost": 10000000000.0, "Total Cost": 1000000001254.75, "Plan Rows": 1, "Plan Width": 16, "Filter": "((link)::text ~~ '%follows%'::text)"}]}]}]}]}]}]}, {"Node Type": "Index Scan", "Parent Relationship": "Inner", "Scan Direction": "Forward", "Index Name": "title_pkey", "Relation Name": "title", "Alias": "t", "Startup Cost": 10000000000.0, "Total Cost": 1000000000031.39, "Plan Rows": 1, "Plan Width": 21, "Index Cond": "(id = mk.movie_id)", "Filter": "(((title)::text ~~ '%Money%'::text) AND (production_year = 1998))"}]}, {"Node Type": "Index Scan", "Parent Relationship": "Inner", "Scan Direction": "Forward", "Index Name": "company_name_pkey", "Relation Name": "company_name", "Alias": "cn", "Startup Cost": 10000000000.0, "Total Cost": 1000000000028.81, "Plan Rows": 1, "Plan Width": 23, "Index Cond": "(id = mc.company_id)", "Filter": "(((country_code)::text <> '[pl]'::text) AND (((name)::text ~~ '%Film%'::text) OR ((name)::text ~~ '%Warner%'::text)))"}]}, {"Node Type": "Index Scan", "Parent Relationship": "Inner", "Scan Direction": "Forward", "Index Name": "company_type_pkey", "Relation Name": "company_type", "Alias": "ct", "Startup Cost": 10000000000.0, "Total Cost": 1000000001230.25, "Plan Rows": 1, "Plan Width": 4, "Filter": "((kind)::text = 'production companies'::text)"}]}]}, "Unique SQL Id": 4121279504}, "explain_analyze_plan": null}, "(64, 64)": {"explain_plan": {"Plan": {"Node Type": "Aggregate", "Strategy": "Plain", "Startup Cost": 2581.34, "Total Cost": 2581.35, "Plan Rows": 1, "Plan Width": 144, "Plans": [{"Node Type": "Nested Loop", "Parent Relationship": "Outer", "Join Type": "Inner", "Startup Cost": 4.51, "Total Cost": 2581.33, "Plan Rows": 1, "Plan Width": 48, "Inner Unique": true, "Plans": [{"Node Type": "Nested Loop", "Parent Relationship": "Outer", "Join Type": "Inner", "Startup Cost": 4.51, "Total Cost": 2581.05, "Plan Rows": 1, "Plan Width": 40, "Inner Unique": false, "Join Filter": "(t.id = ml.movie_id)", "Plans": [{"Node Type": "Nested Loop", "Parent Relationship": "Outer", "Join Type": "Inner", "Startup Cost": 4.51, "Total Cost": 2580.63, "Plan Rows": 1, "Plan Width": 48, "Inner Unique": true, "Plans": [{"Node Type": "Nested Loop", "Parent Relationship": "Outer", "Join Type": "Inner", "Startup Cost": 4.51, "Total Cost": 2580.35, "Plan Rows": 1, "Plan Width": 52, "Inner Unique": true, "Plans": [{"Node Type": "Nested Loop", "Parent Relationship": "Outer", "Join Type": "Inner", "Startup Cost": 4.51, "Total Cost": 2580.05, "Plan Rows": 1, "Plan Width": 37, "Inner Unique": false, "Join Filter": "(t.id = mc.movie_id)", "Plans": [{"Node Type": "Nested Loop", "Parent Relationship": "Outer", "Join Type": "Inner", "Startup Cost": 4.51, "Total Cost": 2579.71, "Plan Rows": 1, "Plan Width": 25, "Inner Unique": true, "Plans": [{"Node Type": "Nested Loop", "Parent Relationship": "Outer", "Join Type": "Inner", "Startup Cost": 4.51, "Total Cost": 2569.02, "Plan Rows": 33, "Plan Width": 4, "Inner Unique": false, "Plans": [{"Node Type": "Seq Scan", "Parent Relationship": "Outer", "Relation Name": "keyword", "Alias": "k", "Startup Cost": 0.0, "Total Cost": 2436.11, "Plan Rows": 1, "Plan Width": 4, "Filter": "((keyword)::text = 'sequel'::text)"}, {"Node Type": "Bitmap Heap Scan", "Parent Relationship": "Inner", "Relation Name": "movie_keyword", "Alias": "mk", "Startup Cost": 4.51, "Total Cost": 132.58, "Plan Rows": 33, "Plan Width": 8, "Recheck Cond": "(keyword_id = k.id)", "Plans": [{"Node Type": "Bitmap Index Scan", "Parent Relationship": "Outer", "Index Name": "keyword_id_movie_keyword", "Startup Cost": 0.0, "Total Cost": 4.5, "Plan Rows": 33, "Plan Width": 0, "Index Cond": "(keyword_id = k.id)"}]}]}, {"Node Type": "Index Scan", "Parent Relationship": "Inner", "Scan Direction": "Forward", "Index Name": "title_pkey", "Relation Name": "title", "Alias": "t", "Startup Cost": 0.0, "Total Cost": 0.31, "Plan Rows": 1, "Plan Width": 21, "Index Cond": "(id = mk.movie_id)", "Filter": "(((title)::text ~~ '%Money%'::text) AND (production_year = 1998))"}]}, {"Node Type": "Index Scan", "Parent Relationship": "Inner", "Scan Direction": "Forward", "Index Name": "movie_id_movie_companies", "Relation Name": "movie_companies", "Alias": "mc", "Startup Cost": 0.0, "Total Cost": 0.31, "Plan Rows": 2, "Plan Width": 12, "Index Cond": "(movie_id = mk.movie_id)", "Filter": "(note IS NULL)"}]}, {"Node Type": "Index Scan", "Parent Relationship": "Inner", "Scan Direction": "Forward", "Index Name": "company_name_pkey", "Relation Name": "company_name", "Alias": "cn", "Startup Cost": 0.0, "Total Cost": 0.29, "Plan Rows": 1, "Plan Width": 23, "Index Cond": "(id = mc.company_id)", "Filter": "(((country_code)::text <> '[pl]'::text) AND (((name)::text ~~ '%Film%'::text) OR ((name)::text ~~ '%Warner%'::text)))"}]}, {"Node Type": "Index Scan", "Parent Relationship": "Inner", "Scan Direction": "Forward", "Index Name": "company_type_pkey", "Relation Name": "company_type", "Alias": "ct", "Startup Cost": 0.0, "Total Cost": 0.27, "Plan Rows": 1, "Plan Width": 4, "Index Cond": "(id = mc.company_type_id)", "Filter": "((kind)::text = 'production companies'::text)"}]}, {"Node Type": "Index Scan", "Parent Relationship": "Inner", "Scan Direction": "Forward", "Index Name": "movie_id_movie_link", "Relation Name": "movie_link", "Alias": "ml", "Startup Cost": 0.0, "Total Cost": 0.35, "Plan Rows": 5, "Plan Width": 8, "Index Cond": "(movie_id = mk.movie_id)"}]}, {"Node Type": "Index Scan", "Parent Relationship": "Inner", "Scan Direction": "Forward", "Index Name": "link_type_pkey", "Relation Name": "link_type", "Alias": "lt", "Startup Cost": 0.0, "Total Cost": 0.27, "Plan Rows": 1, "Plan Width": 16, "Index Cond": "(id = ml.link_type_id)", "Filter": "((link)::text ~~ '%follows%'::text)"}]}]}, "Unique SQL Id": 4121279504}, "explain_analyze_plan": {"Plan": {"Node Type": "Aggregate", "Strategy": "Plain", "Startup Cost": 2581.34, "Total Cost": 2581.35, "Plan Rows": 1, "Plan Width": 144, "Actual Startup Time": 123.557, "Actual Total Time": 123.557, "Actual Rows": 1, "Actual Loops": 1, "Plans": [{"Node Type": "Nested Loop", "Parent Relationship": "Outer", "Join Type": "Inner", "Startup Cost": 4.51, "Total Cost": 2581.33, "Plan Rows": 1, "Plan Width": 48, "Actual Startup Time": 123.547, "Actual Total Time": 123.547, "Actual Rows": 0, "Actual Loops": 1, "Inner Unique": true, "Plans": [{"Node Type": "Nested Loop", "Parent Relationship": "Outer", "Join Type": "Inner", "Startup Cost": 4.51, "Total Cost": 2581.05, "Plan Rows": 1, "Plan Width": 40, "Actual Startup Time": 5.886, "Actual Total Time": 123.447, "Actual Rows": 38, "Actual Loops": 1, "Inner Unique": false, "Join Filter": "(t.id = ml.movie_id)", "Rows Removed by Join Filter": 0, "Plans": [{"Node Type": "Nested Loop", "Parent Relationship": "Outer", "Join Type": "Inner", "Startup Cost": 4.51, "Total Cost": 2580.63, "Plan Rows": 1, "Plan Width": 48, "Actual Startup Time": 5.866, "Actual Total Time": 123.392, "Actual Rows": 2, "Actual Loops": 1, "Inner Unique": true, "Plans": [{"Node Type": "Nested Loop", "Parent Relationship": "Outer", "Join Type": "Inner", "Startup Cost": 4.51, "Total Cost": 2580.35, "Plan Rows": 1, "Plan Width": 52, "Actual Startup Time": 5.855, "Actual Total Time": 123.377, "Actual Rows": 2, "Actual Loops": 1, "Inner Unique": true, "Plans": [{"Node Type": "Nested Loop", "Parent Relationship": "Outer", "Join Type": "Inner", "Startup Cost": 4.51, "Total Cost": 2580.05, "Plan Rows": 1, "Plan Width": 37, "Actual Startup Time": 5.834, "Actual Total Time": 123.335, "Actual Rows": 3, "Actual Loops": 1, "Inner Unique": false, "Join Filter": "(t.id = mc.movie_id)", "Rows Removed by Join Filter": 0, "Plans": [{"Node Type": "Nested Loop", "Parent Relationship": "Outer", "Join Type": "Inner", "Startup Cost": 4.51, "Total Cost": 2579.71, "Plan Rows": 1, "Plan Width": 25, "Actual Startup Time": 5.809, "Actual Total Time": 123.305, "Actual Rows": 1, "Actual Loops": 1, "Inner Unique": true, "Plans": [{"Node Type": "Nested Loop", "Parent Relationship": "Outer", "Join Type": "Inner", "Startup Cost": 4.51, "Total Cost": 2569.02, "Plan Rows": 33, "Plan Width": 4, "Actual Startup Time": 5.443, "Actual Total Time": 62.982, "Actual Rows": 10544, "Actual Loops": 1, "Inner Unique": false, "Plans": [{"Node Type": "Seq Scan", "Parent Relationship": "Outer", "Relation Name": "keyword", "Alias": "k", "Startup Cost": 0.0, "Total Cost": 2436.11, "Plan Rows": 1, "Plan Width": 4, "Actual Startup Time": 2.358, "Actual Total Time": 41.641, "Actual Rows": 1, "Actual Loops": 1, "Filter": "((keyword)::text = 'sequel'::text)", "Rows Removed by Filter": 134168}, {"Node Type": "Bitmap Heap Scan", "Parent Relationship": "Inner", "Relation Name": "movie_keyword", "Alias": "mk", "Startup Cost": 4.51, "Total Cost": 132.58, "Plan Rows": 33, "Plan Width": 8, "Actual Startup Time": 3.074, "Actual Total Time": 19.121, "Actual Rows": 10544, "Actual Loops": 1, "Recheck Cond": "(keyword_id = k.id)", "Rows Removed by Index Recheck": 0, "Exact Heap Blocks": 5090, "Lossy Heap Blocks": 5090, "Plans": [{"Node Type": "Bitmap Index Scan", "Parent Relationship": "Outer", "Index Name": "keyword_id_movie_keyword", "Startup Cost": 0.0, "Total Cost": 4.5, "Plan Rows": 33, "Plan Width": 0, "Actual Startup Time": 2.162, "Actual Total Time": 2.162, "Actual Rows": 10544, "Actual Loops": 1, "Index Cond": "(keyword_id = k.id)"}]}]}, {"Node Type": "Index Scan", "Parent Relationship": "Inner", "Scan Direction": "Forward", "Index Name": "title_pkey", "Relation Name": "title", "Alias": "t", "Startup Cost": 0.0, "Total Cost": 0.31, "Plan Rows": 1, "Plan Width": 21, "Actual Startup Time": 54.966, "Actual Total Time": 54.966, "Actual Rows": 1, "Actual Loops": 10544, "Index Cond": "(id = mk.movie_id)", "Rows Removed by Index Recheck": 0, "Filter": "(((title)::text ~~ '%Money%'::text) AND (production_year = 1998))", "Rows Removed by Filter": 10543}]}, {"Node Type": "Index Scan", "Parent Relationship": "Inner", "Scan Direction": "Forward", "Index Name": "movie_id_movie_companies", "Relation Name": "movie_companies", "Alias": "mc", "Startup Cost": 0.0, "Total Cost": 0.31, "Plan Rows": 2, "Plan Width": 12, "Actual Startup Time": 0.019, "Actual Total Time": 0.022, "Actual Rows": 3, "Actual Loops": 1, "Index Cond": "(movie_id = mk.movie_id)", "Rows Removed by Index Recheck": 0, "Filter": "(note IS NULL)", "Rows Removed by Filter": 1}]}, {"Node Type": "Index Scan", "Parent Relationship": "Inner", "Scan Direction": "Forward", "Index Name": "company_name_pkey", "Relation Name": "company_name", "Alias": "cn", "Startup Cost": 0.0, "Total Cost": 0.29, "Plan Rows": 1, "Plan Width": 23, "Actual Startup Time": 0.037, "Actual Total Time": 0.037, "Actual Rows": 2, "Actual Loops": 3, "Index Cond": "(id = mc.company_id)", "Rows Removed by Index Recheck": 0, "Filter": "(((country_code)::text <> '[pl]'::text) AND (((name)::text ~~ '%Film%'::text) OR ((name)::text ~~ '%Warner%'::text)))", "Rows Removed by Filter": 1}]}, {"Node Type": "Index Scan", "Parent Relationship": "Inner", "Scan Direction": "Forward", "Index Name": "company_type_pkey", "Relation Name": "company_type", "Alias": "ct", "Startup Cost": 0.0, "Total Cost": 0.27, "Plan Rows": 1, "Plan Width": 4, "Actual Startup Time": 0.011, "Actual Total Time": 0.011, "Actual Rows": 2, "Actual Loops": 2, "Index Cond": "(id = mc.company_type_id)", "Rows Removed by Index Recheck": 0, "Filter": "((kind)::text = 'production companies'::text)", "Rows Removed by Filter": 0}]}, {"Node Type": "Index Scan", "Parent Relationship": "Inner", "Scan Direction": "Forward", "Index Name": "movie_id_movie_link", "Relation Name": "movie_link", "Alias": "ml", "Startup Cost": 0.0, "Total Cost": 0.35, "Plan Rows": 5, "Plan Width": 8, "Actual Startup Time": 0.016, "Actual Total Time": 0.029, "Actual Rows": 38, "Actual Loops": 2, "Index Cond": "(movie_id = mk.movie_id)", "Rows Removed by Index Recheck": 0}]}, {"Node Type": "Index Scan", "Parent Relationship": "Inner", "Scan Direction": "Forward", "Index Name": "link_type_pkey", "Relation Name": "link_type", "Alias": "lt", "Startup Cost": 0.0, "Total Cost": 0.27, "Plan Rows": 1, "Plan Width": 16, "Actual Startup Time": 0.076, "Actual Total Time": 0.076, "Actual Rows": 0, "Actual Loops": 38, "Index Cond": "(id = ml.link_type_id)", "Rows Removed by Index Recheck": 0, "Filter": "((link)::text ~~ '%follows%'::text)", "Rows Removed by Filter": 24}]}]}, "Triggers": [], "Planner Runtime": 80.823, "Total Runtime": 124.133, "Unique SQL Id": 4121279504}}, "(64, 65)": {"explain_plan": {"Plan": {"Node Type": "Aggregate", "Strategy": "Plain", "Startup Cost": 3327.94, "Total Cost": 3327.95, "Plan Rows": 1, "Plan Width": 144, "Plans": [{"Node Type": "Nested Loop", "Parent Relationship": "Outer", "Join Type": "Inner", "Startup Cost": 4.51, "Total Cost": 3327.93, "Plan Rows": 1, "Plan Width": 48, "Inner Unique": true, "Plans": [{"Node Type": "Nested Loop", "Parent Relationship": "Outer", "Join Type": "Inner", "Startup Cost": 4.51, "Total Cost": 3327.65, "Plan Rows": 1, "Plan Width": 40, "Inner Unique": false, "Join Filter": "(t.id = ml.movie_id)", "Plans": [{"Node Type": "Nested Loop", "Parent Relationship": "Outer", "Join Type": "Inner", "Startup Cost": 4.51, "Total Cost": 3327.24, "Plan Rows": 1, "Plan Width": 48, "Inner Unique": true, "Plans": [{"Node Type": "Nested Loop", "Parent Relationship": "Outer", "Join Type": "Inner", "Startup Cost": 4.51, "Total Cost": 3326.95, "Plan Rows": 1, "Plan Width": 52, "Inner Unique": true, "Plans": [{"Node Type": "Nested Loop", "Parent Relationship": "Outer", "Join Type": "Inner", "Startup Cost": 4.51, "Total Cost": 3326.66, "Plan Rows": 1, "Plan Width": 37, "Inner Unique": false, "Join Filter": "(t.id = mc.movie_id)", "Plans": [{"Node Type": "Nested Loop", "Parent Relationship": "Outer", "Join Type": "Inner", "Startup Cost": 4.51, "Total Cost": 3326.32, "Plan Rows": 1, "Plan Width": 25, "Inner Unique": true, "Plans": [{"Node Type": "Nested Loop", "Parent Relationship": "Outer", "Join Type": "Inner", "Startup Cost": 4.51, "Total Cost": 3315.63, "Plan Rows": 33, "Plan Width": 4, "Inner Unique": false, "Plans": [{"Node Type": "Index Scan", "Parent Relationship": "Outer", "Scan Direction": "Forward", "Index Name": "keyword_pkey", "Relation Name": "keyword", "Alias": "k", "Startup Cost": 0.0, "Total Cost": 3182.72, "Plan Rows": 1, "Plan Width": 4, "Filter": "((keyword)::text = 'sequel'::text)"}, {"Node Type": "Bitmap Heap Scan", "Parent Relationship": "Inner", "Relation Name": "movie_keyword", "Alias": "mk", "Startup Cost": 4.51, "Total Cost": 132.58, "Plan Rows": 33, "Plan Width": 8, "Recheck Cond": "(keyword_id = k.id)", "Plans": [{"Node Type": "Bitmap Index Scan", "Parent Relationship": "Outer", "Index Name": "keyword_id_movie_keyword", "Startup Cost": 0.0, "Total Cost": 4.5, "Plan Rows": 33, "Plan Width": 0, "Index Cond": "(keyword_id = k.id)"}]}]}, {"Node Type": "Index Scan", "Parent Relationship": "Inner", "Scan Direction": "Forward", "Index Name": "title_pkey", "Relation Name": "title", "Alias": "t", "Startup Cost": 0.0, "Total Cost": 0.31, "Plan Rows": 1, "Plan Width": 21, "Index Cond": "(id = mk.movie_id)", "Filter": "(((title)::text ~~ '%Money%'::text) AND (production_year = 1998))"}]}, {"Node Type": "Index Scan", "Parent Relationship": "Inner", "Scan Direction": "Forward", "Index Name": "movie_id_movie_companies", "Relation Name": "movie_companies", "Alias": "mc", "Startup Cost": 0.0, "Total Cost": 0.31, "Plan Rows": 2, "Plan Width": 12, "Index Cond": "(movie_id = mk.movie_id)", "Filter": "(note IS NULL)"}]}, {"Node Type": "Index Scan", "Parent Relationship": "Inner", "Scan Direction": "Forward", "Index Name": "company_name_pkey", "Relation Name": "company_name", "Alias": "cn", "Startup Cost": 0.0, "Total Cost": 0.29, "Plan Rows": 1, "Plan Width": 23, "Index Cond": "(id = mc.company_id)", "Filter": "(((country_code)::text <> '[pl]'::text) AND (((name)::text ~~ '%Film%'::text) OR ((name)::text ~~ '%Warner%'::text)))"}]}, {"Node Type": "Index Scan", "Parent Relationship": "Inner", "Scan Direction": "Forward", "Index Name": "company_type_pkey", "Relation Name": "company_type", "Alias": "ct", "Startup Cost": 0.0, "Total Cost": 0.27, "Plan Rows": 1, "Plan Width": 4, "Index Cond": "(id = mc.company_type_id)", "Filter": "((kind)::text = 'production companies'::text)"}]}, {"Node Type": "Index Scan", "Parent Relationship": "Inner", "Scan Direction": "Forward", "Index Name": "movie_id_movie_link", "Relation Name": "movie_link", "Alias": "ml", "Startup Cost": 0.0, "Total Cost": 0.35, "Plan Rows": 5, "Plan Width": 8, "Index Cond": "(movie_id = mk.movie_id)"}]}, {"Node Type": "Index Scan", "Parent Relationship": "Inner", "Scan Direction": "Forward", "Index Name": "link_type_pkey", "Relation Name": "link_type", "Alias": "lt", "Startup Cost": 0.0, "Total Cost": 0.27, "Plan Rows": 1, "Plan Width": 16, "Index Cond": "(id = ml.link_type_id)", "Filter": "((link)::text ~~ '%follows%'::text)"}]}]}, "Unique SQL Id": 4121279504}, "explain_analyze_plan": {"Plan": {"Node Type": "Aggregate", "Strategy": "Plain", "Startup Cost": 3327.94, "Total Cost": 3327.95, "Plan Rows": 1, "Plan Width": 144, "Actual Startup Time": 206.836, "Actual Total Time": 206.836, "Actual Rows": 1, "Actual Loops": 1, "Plans": [{"Node Type": "Nested Loop", "Parent Relationship": "Outer", "Join Type": "Inner", "Startup Cost": 4.51, "Total Cost": 3327.93, "Plan Rows": 1, "Plan Width": 48, "Actual Startup Time": 206.83, "Actual Total Time": 206.83, "Actual Rows": 0, "Actual Loops": 1, "Inner Unique": true, "Plans": [{"Node Type": "Nested Loop", "Parent Relationship": "Outer", "Join Type": "Inner", "Startup Cost": 4.51, "Total Cost": 3327.65, "Plan Rows": 1, "Plan Width": 40, "Actual Startup Time": 4.134, "Actual Total Time": 206.74, "Actual Rows": 38, "Actual Loops": 1, "Inner Unique": false, "Join Filter": "(t.id = ml.movie_id)", "Rows Removed by Join Filter": 0, "Plans": [{"Node Type": "Nested Loop", "Parent Relationship": "Outer", "Join Type": "Inner", "Startup Cost": 4.51, "Total Cost": 3327.24, "Plan Rows": 1, "Plan Width": 48, "Actual Startup Time": 4.119, "Actual Total Time": 206.686, "Actual Rows": 2, "Actual Loops": 1, "Inner Unique": true, "Plans": [{"Node Type": "Nested Loop", "Parent Relationship": "Outer", "Join Type": "Inner", "Startup Cost": 4.51, "Total Cost": 3326.95, "Plan Rows": 1, "Plan Width": 52, "Actual Startup Time": 4.11, "Actual Total Time": 206.673, "Actual Rows": 2, "Actual Loops": 1, "Inner Unique": true, "Plans": [{"Node Type": "Nested Loop", "Parent Relationship": "Outer", "Join Type": "Inner", "Startup Cost": 4.51, "Total Cost": 3326.66, "Plan Rows": 1, "Plan Width": 37, "Actual Startup Time": 4.093, "Actual Total Time": 206.639, "Actual Rows": 3, "Actual Loops": 1, "Inner Unique": false, "Join Filter": "(t.id = mc.movie_id)", "Rows Removed by Join Filter": 0, "Plans": [{"Node Type": "Nested Loop", "Parent Relationship": "Outer", "Join Type": "Inner", "Startup Cost": 4.51, "Total Cost": 3326.32, "Plan Rows": 1, "Plan Width": 25, "Actual Startup Time": 4.075, "Actual Total Time": 206.617, "Actual Rows": 1, "Actual Loops": 1, "Inner Unique": true, "Plans": [{"Node Type": "Nested Loop", "Parent Relationship": "Outer", "Join Type": "Inner", "Startup Cost": 4.51, "Total Cost": 3315.63, "Plan Rows": 33, "Plan Width": 4, "Actual Startup Time": 3.756, "Actual Total Time": 147.383, "Actual Rows": 10544, "Actual Loops": 1, "Inner Unique": false, "Plans": [{"Node Type": "Index Scan", "Parent Relationship": "Outer", "Scan Direction": "Forward", "Index Name": "keyword_pkey", "Relation Name": "keyword", "Alias": "k", "Startup Cost": 0.0, "Total Cost": 3182.72, "Plan Rows": 1, "Plan Width": 4, "Actual Startup Time": 0.512, "Actual Total Time": 126.311, "Actual Rows": 1, "Actual Loops": 1, "Filter": "((keyword)::text = 'sequel'::text)", "Rows Removed by Filter": 134168}, {"Node Type": "Bitmap Heap Scan", "Parent Relationship": "Inner", "Relation Name": "movie_keyword", "Alias": "mk", "Startup Cost": 4.51, "Total Cost": 132.58, "Plan Rows": 33, "Plan Width": 8, "Actual Startup Time": 3.236, "Actual Total Time": 18.868, "Actual Rows": 10544, "Actual Loops": 1, "Recheck Cond": "(keyword_id = k.id)", "Rows Removed by Index Recheck": 0, "Exact Heap Blocks": 5090, "Lossy Heap Blocks": 5090, "Plans": [{"Node Type": "Bitmap Index Scan", "Parent Relationship": "Outer", "Index Name": "keyword_id_movie_keyword", "Startup Cost": 0.0, "Total Cost": 4.5, "Plan Rows": 33, "Plan Width": 0, "Actual Startup Time": 2.291, "Actual Total Time": 2.291, "Actual Rows": 10544, "Actual Loops": 1, "Index Cond": "(keyword_id = k.id)"}]}]}, {"Node Type": "Index Scan", "Parent Relationship": "Inner", "Scan Direction": "Forward", "Index Name": "title_pkey", "Relation Name": "title", "Alias": "t", "Startup Cost": 0.0, "Total Cost": 0.31, "Plan Rows": 1, "Plan Width": 21, "Actual Startup Time": 53.865, "Actual Total Time": 53.865, "Actual Rows": 1, "Actual Loops": 10544, "Index Cond": "(id = mk.movie_id)", "Rows Removed by Index Recheck": 0, "Filter": "(((title)::text ~~ '%Money%'::text) AND (production_year = 1998))", "Rows Removed by Filter": 10543}]}, {"Node Type": "Index Scan", "Parent Relationship": "Inner", "Scan Direction": "Forward", "Index Name": "movie_id_movie_companies", "Relation Name": "movie_companies", "Alias": "mc", "Startup Cost": 0.0, "Total Cost": 0.31, "Plan Rows": 2, "Plan Width": 12, "Actual Startup Time": 0.015, "Actual Total Time": 0.018, "Actual Rows": 3, "Actual Loops": 1, "Index Cond": "(movie_id = mk.movie_id)", "Rows Removed by Index Recheck": 0, "Filter": "(note IS NULL)", "Rows Removed by Filter": 1}]}, {"Node Type": "Index Scan", "Parent Relationship": "Inner", "Scan Direction": "Forward", "Index Name": "company_name_pkey", "Relation Name": "company_name", "Alias": "cn", "Startup Cost": 0.0, "Total Cost": 0.29, "Plan Rows": 1, "Plan Width": 23, "Actual Startup Time": 0.028, "Actual Total Time": 0.028, "Actual Rows": 2, "Actual Loops": 3, "Index Cond": "(id = mc.company_id)", "Rows Removed by Index Recheck": 0, "Filter": "(((country_code)::text <> '[pl]'::text) AND (((name)::text ~~ '%Film%'::text) OR ((name)::text ~~ '%Warner%'::text)))", "Rows Removed by Filter": 1}]}, {"Node Type": "Index Scan", "Parent Relationship": "Inner", "Scan Direction": "Forward", "Index Name": "company_type_pkey", "Relation Name": "company_type", "Alias": "ct", "Startup Cost": 0.0, "Total Cost": 0.27, "Plan Rows": 1, "Plan Width": 4, "Actual Startup Time": 0.009, "Actual Total Time": 0.009, "Actual Rows": 2, "Actual Loops": 2, "Index Cond": "(id = mc.company_type_id)", "Rows Removed by Index Recheck": 0, "Filter": "((kind)::text = 'production companies'::text)", "Rows Removed by Filter": 0}]}, {"Node Type": "Index Scan", "Parent Relationship": "Inner", "Scan Direction": "Forward", "Index Name": "movie_id_movie_link", "Relation Name": "movie_link", "Alias": "ml", "Startup Cost": 0.0, "Total Cost": 0.35, "Plan Rows": 5, "Plan Width": 8, "Actual Startup Time": 0.013, "Actual Total Time": 0.03, "Actual Rows": 38, "Actual Loops": 2, "Index Cond": "(movie_id = mk.movie_id)", "Rows Removed by Index Recheck": 0}]}, {"Node Type": "Index Scan", "Parent Relationship": "Inner", "Scan Direction": "Forward", "Index Name": "link_type_pkey", "Relation Name": "link_type", "Alias": "lt", "Startup Cost": 0.0, "Total Cost": 0.27, "Plan Rows": 1, "Plan Width": 16, "Actual Startup Time": 0.072, "Actual Total Time": 0.072, "Actual Rows": 0, "Actual Loops": 38, "Index Cond": "(id = ml.link_type_id)", "Rows Removed by Index Recheck": 0, "Filter": "((link)::text ~~ '%follows%'::text)", "Rows Removed by Filter": 24}]}]}, "Triggers": [], "Planner Runtime": 70.618, "Total Runtime": 207.306, "Unique SQL Id": 4121279504}}, "(64, 66)": {"explain_plan": {"Plan": {"Node Type": "Aggregate", "Strategy": "Plain", "Startup Cost": 2726.04, "Total Cost": 2726.05, "Plan Rows": 1, "Plan Width": 144, "Plans": [{"Node Type": "Hash Join", "Parent Relationship": "Outer", "Join Type": "Inner", "Startup Cost": 7.87, "Total Cost": 2726.04, "Plan Rows": 1, "Plan Width": 48, "Inner Unique": true, "Hash Cond": "(ml.link_type_id = lt.id)", "Plans": [{"Node Type": "Nested Loop", "Parent Relationship": "Outer", "Join Type": "Inner", "Startup Cost": 6.64, "Total Cost": 2724.8, "Plan Rows": 1, "Plan Width": 40, "Inner Unique": false, "Join Filter": "(t.id = ml.movie_id)", "Plans": [{"Node Type": "Hash Join", "Parent Relationship": "Outer", "Join Type": "Inner", "Startup Cost": 6.35, "Total Cost": 2720.38, "Plan Rows": 1, "Plan Width": 48, "Inner Unique": true, "Hash Cond": "(mc.company_type_id = ct.id)", "Plans": [{"Node Type": "Nested Loop", "Parent Relationship": "Outer", "Join Type": "Inner", "Startup Cost": 5.3, "Total Cost": 2719.32, "Plan Rows": 1, "Plan Width": 52, "Inner Unique": true, "Plans": [{"Node Type": "Nested Loop", "Parent Relationship": "Outer", "Join Type": "Inner", "Startup Cost": 5.05, "Total Cost": 2715.03, "Plan Rows": 1, "Plan Width": 37, "Inner Unique": false, "Join Filter": "(t.id = mc.movie_id)", "Plans": [{"Node Type": "Nested Loop", "Parent Relationship": "Outer", "Join Type": "Inner", "Startup Cost": 4.77, "Total Cost": 2710.71, "Plan Rows": 1, "Plan Width": 25, "Inner Unique": true, "Plans": [{"Node Type": "Nested Loop", "Parent Relationship": "Outer", "Join Type": "Inner", "Startup Cost": 4.51, "Total Cost": 2569.02, "Plan Rows": 33, "Plan Width": 4, "Inner Unique": false, "Plans": [{"Node Type": "Seq Scan", "Parent Relationship": "Outer", "Relation Name": "keyword", "Alias": "k", "Startup Cost": 0.0, "Total Cost": 2436.11, "Plan Rows": 1, "Plan Width": 4, "Filter": "((keyword)::text = 'sequel'::text)"}, {"Node Type": "Bitmap Heap Scan", "Parent Relationship": "Inner", "Relation Name": "movie_keyword", "Alias": "mk", "Startup Cost": 4.51, "Total Cost": 132.58, "Plan Rows": 33, "Plan Width": 8, "Recheck Cond": "(keyword_id = k.id)", "Plans": [{"Node Type": "Bitmap Index Scan", "Parent Relationship": "Outer", "Index Name": "keyword_id_movie_keyword", "Startup Cost": 0.0, "Total Cost": 4.5, "Plan Rows": 33, "Plan Width": 0, "Index Cond": "(keyword_id = k.id)"}]}]}, {"Node Type": "Bitmap Heap Scan", "Parent Relationship": "Inner", "Relation Name": "title", "Alias": "t", "Startup Cost": 0.27, "Total Cost": 4.28, "Plan Rows": 1, "Plan Width": 21, "Recheck Cond": "(id = mk.movie_id)", "Filter": "(((title)::text ~~ '%Money%'::text) AND (production_year = 1998))", "Plans": [{"Node Type": "Bitmap Index Scan", "Parent Relationship": "Outer", "Index Name": "title_pkey", "Startup Cost": 0.0, "Total Cost": 0.27, "Plan Rows": 1, "Plan Width": 0, "Index Cond": "(id = mk.movie_id)"}]}]}, {"Node Type": "Bitmap Heap Scan", "Parent Relationship": "Inner", "Relation Name": "movie_companies", "Alias": "mc", "Startup Cost": 0.27, "Total Cost": 4.3, "Plan Rows": 2, "Plan Width": 12, "Recheck Cond": "(movie_id = mk.movie_id)", "Filter": "(note IS NULL)", "Plans": [{"Node Type": "Bitmap Index Scan", "Parent Relationship": "Outer", "Index Name": "movie_id_movie_companies", "Startup Cost": 0.0, "Total Cost": 0.27, "Plan Rows": 2, "Plan Width": 0, "Index Cond": "(movie_id = mk.movie_id)"}]}]}, {"Node Type": "Bitmap Heap Scan", "Parent Relationship": "Inner", "Relation Name": "company_name", "Alias": "cn", "Startup Cost": 0.26, "Total Cost": 4.28, "Plan Rows": 1, "Plan Width": 23, "Recheck Cond": "(id = mc.company_id)", "Filter": "(((country_code)::text <> '[pl]'::text) AND (((name)::text ~~ '%Film%'::text) OR ((name)::text ~~ '%Warner%'::text)))", "Plans": [{"Node Type": "Bitmap Index Scan", "Parent Relationship": "Outer", "Index Name": "company_name_pkey", "Startup Cost": 0.0, "Total Cost": 0.26, "Plan Rows": 1, "Plan Width": 0, "Index Cond": "(id = mc.company_id)"}]}]}, {"Node Type": "Hash", "Parent Relationship": "Inner", "Startup Cost": 1.04, "Total Cost": 1.04, "Plan Rows": 1, "Plan Width": 4, "Plans": [{"Node Type": "Seq Scan", "Parent Relationship": "Outer", "Relation Name": "company_type", "Alias": "ct", "Startup Cost": 0.0, "Total Cost": 1.04, "Plan Rows": 1, "Plan Width": 4, "Filter": "((kind)::text = 'production companies'::text)"}]}]}, {"Node Type": "Bitmap Heap Scan", "Parent Relationship": "Inner", "Relation Name": "movie_link", "Alias": "ml", "Startup Cost": 0.29, "Total Cost": 4.35, "Plan Rows": 5, "Plan Width": 8, "Recheck Cond": "(movie_id = mk.movie_id)", "Plans": [{"Node Type": "Bitmap Index Scan", "Parent Relationship": "Outer", "Index Name": "movie_id_movie_link", "Startup Cost": 0.0, "Total Cost": 0.29, "Plan Rows": 5, "Plan Width": 0, "Index Cond": "(movie_id = mk.movie_id)"}]}]}, {"Node Type": "Hash", "Parent Relationship": "Inner", "Startup Cost": 1.21, "Total Cost": 1.21, "Plan Rows": 1, "Plan Width": 16, "Plans": [{"Node Type": "Seq Scan", "Parent Relationship": "Outer", "Relation Name": "link_type", "Alias": "lt", "Startup Cost": 0.0, "Total Cost": 1.21, "Plan Rows": 1, "Plan Width": 16, "Filter": "((link)::text ~~ '%follows%'::text)"}]}]}]}, "Unique SQL Id": 4121279504}, "explain_analyze_plan": {"Plan": {"Node Type": "Aggregate", "Strategy": "Plain", "Startup Cost": 2726.04, "Total Cost": 2726.05, "Plan Rows": 1, "Plan Width": 144, "Actual Startup Time": 0.098, "Actual Total Time": 0.098, "Actual Rows": 1, "Actual Loops": 1, "Plans": [{"Node Type": "Hash Join", "Parent Relationship": "Outer", "Join Type": "Inner", "Startup Cost": 7.87, "Total Cost": 2726.04, "Plan Rows": 1, "Plan Width": 48, "Actual Startup Time": 0.089, "Actual Total Time": 0.089, "Actual Rows": 0, "Actual Loops": 1, "Inner Unique": true, "Hash Cond": "(ml.link_type_id = lt.id)", "Plans": [{"Node Type": "Nested Loop", "Parent Relationship": "Outer", "Join Type": "Inner", "Startup Cost": 6.64, "Total Cost": 2724.8, "Plan Rows": 1, "Plan Width": 40, "Actual Startup Time": 0.0, "Actual Total Time": 0.0, "Inner Unique": false, "Join Filter": "(t.id = ml.movie_id)", "Rows Removed by Join Filter": 0, "Plans": [{"Node Type": "Hash Join", "Parent Relationship": "Outer", "Join Type": "Inner", "Startup Cost": 6.35, "Total Cost": 2720.38, "Plan Rows": 1, "Plan Width": 48, "Actual Startup Time": 0.0, "Actual Total Time": 0.0, "Inner Unique": true, "Hash Cond": "(mc.company_type_id = ct.id)", "Plans": [{"Node Type": "Nested Loop", "Parent Relationship": "Outer", "Join Type": "Inner", "Startup Cost": 5.3, "Total Cost": 2719.32, "Plan Rows": 1, "Plan Width": 52, "Actual Startup Time": 0.0, "Actual Total Time": 0.0, "Inner Unique": true, "Plans": [{"Node Type": "Nested Loop", "Parent Relationship": "Outer", "Join Type": "Inner", "Startup Cost": 5.05, "Total Cost": 2715.03, "Plan Rows": 1, "Plan Width": 37, "Actual Startup Time": 0.0, "Actual Total Time": 0.0, "Inner Unique": false, "Join Filter": "(t.id = mc.movie_id)", "Rows Removed by Join Filter": 0, "Plans": [{"Node Type": "Nested Loop", "Parent Relationship": "Outer", "Join Type": "Inner", "Startup Cost": 4.77, "Total Cost": 2710.71, "Plan Rows": 1, "Plan Width": 25, "Actual Startup Time": 0.0, "Actual Total Time": 0.0, "Inner Unique": true, "Plans": [{"Node Type": "Nested Loop", "Parent Relationship": "Outer", "Join Type": "Inner", "Startup Cost": 4.51, "Total Cost": 2569.02, "Plan Rows": 33, "Plan Width": 4, "Actual Startup Time": 0.0, "Actual Total Time": 0.0, "Inner Unique": false, "Plans": [{"Node Type": "Seq Scan", "Parent Relationship": "Outer", "Relation Name": "keyword", "Alias": "k", "Startup Cost": 0.0, "Total Cost": 2436.11, "Plan Rows": 1, "Plan Width": 4, "Actual Startup Time": 0.0, "Actual Total Time": 0.0, "Filter": "((keyword)::text = 'sequel'::text)", "Rows Removed by Filter": 0}, {"Node Type": "Bitmap Heap Scan", "Parent Relationship": "Inner", "Relation Name": "movie_keyword", "Alias": "mk", "Startup Cost": 4.51, "Total Cost": 132.58, "Plan Rows": 33, "Plan Width": 8, "Actual Startup Time": 0.0, "Actual Total Time": 0.0, "Recheck Cond": "(keyword_id = k.id)", "Rows Removed by Index Recheck": 0, "Exact Heap Blocks": 0, "Lossy Heap Blocks": 0, "Plans": [{"Node Type": "Bitmap Index Scan", "Parent Relationship": "Outer", "Index Name": "keyword_id_movie_keyword", "Startup Cost": 0.0, "Total Cost": 4.5, "Plan Rows": 33, "Plan Width": 0, "Actual Startup Time": 0.0, "Actual Total Time": 0.0, "Index Cond": "(keyword_id = k.id)"}]}]}, {"Node Type": "Bitmap Heap Scan", "Parent Relationship": "Inner", "Relation Name": "title", "Alias": "t", "Startup Cost": 0.27, "Total Cost": 4.28, "Plan Rows": 1, "Plan Width": 21, "Actual Startup Time": 0.0, "Actual Total Time": 0.0, "Recheck Cond": "(id = mk.movie_id)", "Rows Removed by Index Recheck": 0, "Filter": "(((title)::text ~~ '%Money%'::text) AND (production_year = 1998))", "Rows Removed by Filter": 0, "Exact Heap Blocks": 0, "Lossy Heap Blocks": 0, "Plans": [{"Node Type": "Bitmap Index Scan", "Parent Relationship": "Outer", "Index Name": "title_pkey", "Startup Cost": 0.0, "Total Cost": 0.27, "Plan Rows": 1, "Plan Width": 0, "Actual Startup Time": 0.0, "Actual Total Time": 0.0, "Index Cond": "(id = mk.movie_id)"}]}]}, {"Node Type": "Bitmap Heap Scan", "Parent Relationship": "Inner", "Relation Name": "movie_companies", "Alias": "mc", "Startup Cost": 0.27, "Total Cost": 4.3, "Plan Rows": 2, "Plan Width": 12, "Actual Startup Time": 0.0, "Actual Total Time": 0.0, "Recheck Cond": "(movie_id = mk.movie_id)", "Rows Removed by Index Recheck": 0, "Filter": "(note IS NULL)", "Rows Removed by Filter": 0, "Exact Heap Blocks": 0, "Lossy Heap Blocks": 0, "Plans": [{"Node Type": "Bitmap Index Scan", "Parent Relationship": "Outer", "Index Name": "movie_id_movie_companies", "Startup Cost": 0.0, "Total Cost": 0.27, "Plan Rows": 2, "Plan Width": 0, "Actual Startup Time": 0.0, "Actual Total Time": 0.0, "Index Cond": "(movie_id = mk.movie_id)"}]}]}, {"Node Type": "Bitmap Heap Scan", "Parent Relationship": "Inner", "Relation Name": "company_name", "Alias": "cn", "Startup Cost": 0.26, "Total Cost": 4.28, "Plan Rows": 1, "Plan Width": 23, "Actual Startup Time": 0.0, "Actual Total Time": 0.0, "Recheck Cond": "(id = mc.company_id)", "Rows Removed by Index Recheck": 0, "Filter": "(((country_code)::text <> '[pl]'::text) AND (((name)::text ~~ '%Film%'::text) OR ((name)::text ~~ '%Warner%'::text)))", "Rows Removed by Filter": 0, "Exact Heap Blocks": 0, "Lossy Heap Blocks": 0, "Plans": [{"Node Type": "Bitmap Index Scan", "Parent Relationship": "Outer", "Index Name": "company_name_pkey", "Startup Cost": 0.0, "Total Cost": 0.26, "Plan Rows": 1, "Plan Width": 0, "Actual Startup Time": 0.0, "Actual Total Time": 0.0, "Index Cond": "(id = mc.company_id)"}]}]}, {"Node Type": "Hash", "Parent Relationship": "Inner", "Startup Cost": 1.04, "Total Cost": 1.04, "Plan Rows": 1, "Plan Width": 4, "Actual Startup Time": 0.0, "Actual Total Time": 0.0, "Hash Buckets": 0, "Hash Batches": 0, "Original Hash Batches": 0, "Peak Memory Usage": 0, "Plans": [{"Node Type": "Seq Scan", "Parent Relationship": "Outer", "Relation Name": "company_type", "Alias": "ct", "Startup Cost": 0.0, "Total Cost": 1.04, "Plan Rows": 1, "Plan Width": 4, "Actual Startup Time": 0.0, "Actual Total Time": 0.0, "Filter": "((kind)::text = 'production companies'::text)", "Rows Removed by Filter": 0}]}]}, {"Node Type": "Bitmap Heap Scan", "Parent Relationship": "Inner", "Relation Name": "movie_link", "Alias": "ml", "Startup Cost": 0.29, "Total Cost": 4.35, "Plan Rows": 5, "Plan Width": 8, "Actual Startup Time": 0.0, "Actual Total Time": 0.0, "Recheck Cond": "(movie_id = mk.movie_id)", "Rows Removed by Index Recheck": 0, "Exact Heap Blocks": 0, "Lossy Heap Blocks": 0, "Plans": [{"Node Type": "Bitmap Index Scan", "Parent Relationship": "Outer", "Index Name": "movie_id_movie_link", "Startup Cost": 0.0, "Total Cost": 0.29, "Plan Rows": 5, "Plan Width": 0, "Actual Startup Time": 0.0, "Actual Total Time": 0.0, "Index Cond": "(movie_id = mk.movie_id)"}]}]}, {"Node Type": "Hash", "Parent Relationship": "Inner", "Startup Cost": 1.21, "Total Cost": 1.21, "Plan Rows": 1, "Plan Width": 16, "Actual Startup Time": 0.044, "Actual Total Time": 0.044, "Actual Rows": 0, "Actual Loops": 1, "Hash Buckets": 32768, "Hash Batches": 1, "Original Hash Batches": 1, "Peak Memory Usage": 0, "Plans": [{"Node Type": "Seq Scan", "Parent Relationship": "Outer", "Relation Name": "link_type", "Alias": "lt", "Startup Cost": 0.0, "Total Cost": 1.21, "Plan Rows": 1, "Plan Width": 16, "Actual Startup Time": 0.04, "Actual Total Time": 0.04, "Actual Rows": 0, "Actual Loops": 1, "Filter": "((link)::text ~~ '%follows%'::text)", "Rows Removed by Filter": 17}]}]}]}, "Triggers": [], "Planner Runtime": 77.65, "Total Runtime": 0.483, "Unique SQL Id": 4121279504}}, "(64, 67)": {"explain_plan": {"Plan": {"Node Type": "Aggregate", "Strategy": "Plain", "Startup Cost": 3451.4, "Total Cost": 3451.41, "Plan Rows": 1, "Plan Width": 144, "Plans": [{"Node Type": "Nested Loop", "Parent Relationship": "Outer", "Join Type": "Inner", "Startup Cost": 725.2, "Total Cost": 3451.4, "Plan Rows": 1, "Plan Width": 48, "Inner Unique": true, "Plans": [{"Node Type": "Nested Loop", "Parent Relationship": "Outer", "Join Type": "Inner", "Startup Cost": 724.95, "Total Cost": 3447.11, "Plan Rows": 1, "Plan Width": 40, "Inner Unique": false, "Join Filter": "(t.id = ml.movie_id)", "Plans": [{"Node Type": "Nested Loop", "Parent Relationship": "Outer", "Join Type": "Inner", "Startup Cost": 724.66, "Total Cost": 3442.7, "Plan Rows": 1, "Plan Width": 48, "Inner Unique": true, "Plans": [{"Node Type": "Nested Loop", "Parent Relationship": "Outer", "Join Type": "Inner", "Startup Cost": 724.4, "Total Cost": 3438.42, "Plan Rows": 1, "Plan Width": 52, "Inner Unique": true, "Plans": [{"Node Type": "Nested Loop", "Parent Relationship": "Outer", "Join Type": "Inner", "Startup Cost": 724.14, "Total Cost": 3434.13, "Plan Rows": 1, "Plan Width": 37, "Inner Unique": false, "Join Filter": "(t.id = mc.movie_id)", "Plans": [{"Node Type": "Nested Loop", "Parent Relationship": "Outer", "Join Type": "Inner", "Startup Cost": 723.87, "Total Cost": 3429.8, "Plan Rows": 1, "Plan Width": 25, "Inner Unique": true, "Plans": [{"Node Type": "Nested Loop", "Parent Relationship": "Outer", "Join Type": "Inner", "Startup Cost": 723.6, "Total Cost": 3288.12, "Plan Rows": 33, "Plan Width": 4, "Inner Unique": false, "Plans": [{"Node Type": "Bitmap Heap Scan", "Parent Relationship": "Outer", "Relation Name": "keyword", "Alias": "k", "Startup Cost": 719.1, "Total Cost": 3155.21, "Plan Rows": 1, "Plan Width": 4, "Filter": "((keyword)::text = 'sequel'::text)", "Plans": [{"Node Type": "Bitmap Index Scan", "Parent Relationship": "Outer", "Index Name": "keyword_pkey", "Startup Cost": 0.0, "Total Cost": 719.1, "Plan Rows": 134169, "Plan Width": 0}]}, {"Node Type": "Bitmap Heap Scan", "Parent Relationship": "Inner", "Relation Name": "movie_keyword", "Alias": "mk", "Startup Cost": 4.51, "Total Cost": 132.58, "Plan Rows": 33, "Plan Width": 8, "Recheck Cond": "(keyword_id = k.id)", "Plans": [{"Node Type": "Bitmap Index Scan", "Parent Relationship": "Outer", "Index Name": "keyword_id_movie_keyword", "Startup Cost": 0.0, "Total Cost": 4.5, "Plan Rows": 33, "Plan Width": 0, "Index Cond": "(keyword_id = k.id)"}]}]}, {"Node Type": "Bitmap Heap Scan", "Parent Relationship": "Inner", "Relation Name": "title", "Alias": "t", "Startup Cost": 0.27, "Total Cost": 4.28, "Plan Rows": 1, "Plan Width": 21, "Recheck Cond": "(id = mk.movie_id)", "Filter": "(((title)::text ~~ '%Money%'::text) AND (production_year = 1998))", "Plans": [{"Node Type": "Bitmap Index Scan", "Parent Relationship": "Outer", "Index Name": "title_pkey", "Startup Cost": 0.0, "Total Cost": 0.27, "Plan Rows": 1, "Plan Width": 0, "Index Cond": "(id = mk.movie_id)"}]}]}, {"Node Type": "Bitmap Heap Scan", "Parent Relationship": "Inner", "Relation Name": "movie_companies", "Alias": "mc", "Startup Cost": 0.27, "Total Cost": 4.3, "Plan Rows": 2, "Plan Width": 12, "Recheck Cond": "(movie_id = mk.movie_id)", "Filter": "(note IS NULL)", "Plans": [{"Node Type": "Bitmap Index Scan", "Parent Relationship": "Outer", "Index Name": "movie_id_movie_companies", "Startup Cost": 0.0, "Total Cost": 0.27, "Plan Rows": 2, "Plan Width": 0, "Index Cond": "(movie_id = mk.movie_id)"}]}]}, {"Node Type": "Bitmap Heap Scan", "Parent Relationship": "Inner", "Relation Name": "company_name", "Alias": "cn", "Startup Cost": 0.26, "Total Cost": 4.28, "Plan Rows": 1, "Plan Width": 23, "Recheck Cond": "(id = mc.company_id)", "Filter": "(((country_code)::text <> '[pl]'::text) AND (((name)::text ~~ '%Film%'::text) OR ((name)::text ~~ '%Warner%'::text)))", "Plans": [{"Node Type": "Bitmap Index Scan", "Parent Relationship": "Outer", "Index Name": "company_name_pkey", "Startup Cost": 0.0, "Total Cost": 0.26, "Plan Rows": 1, "Plan Width": 0, "Index Cond": "(id = mc.company_id)"}]}]}, {"Node Type": "Bitmap Heap Scan", "Parent Relationship": "Inner", "Relation Name": "company_type", "Alias": "ct", "Startup Cost": 0.26, "Total Cost": 4.27, "Plan Rows": 1, "Plan Width": 4, "Recheck Cond": "(id = mc.company_type_id)", "Filter": "((kind)::text = 'production companies'::text)", "Plans": [{"Node Type": "Bitmap Index Scan", "Parent Relationship": "Outer", "Index Name": "company_type_pkey", "Startup Cost": 0.0, "Total Cost": 0.26, "Plan Rows": 1, "Plan Width": 0, "Index Cond": "(id = mc.company_type_id)"}]}]}, {"Node Type": "Bitmap Heap Scan", "Parent Relationship": "Inner", "Relation Name": "movie_link", "Alias": "ml", "Startup Cost": 0.29, "Total Cost": 4.35, "Plan Rows": 5, "Plan Width": 8, "Recheck Cond": "(movie_id = mk.movie_id)", "Plans": [{"Node Type": "Bitmap Index Scan", "Parent Relationship": "Outer", "Index Name": "movie_id_movie_link", "Startup Cost": 0.0, "Total Cost": 0.29, "Plan Rows": 5, "Plan Width": 0, "Index Cond": "(movie_id = mk.movie_id)"}]}]}, {"Node Type": "Bitmap Heap Scan", "Parent Relationship": "Inner", "Relation Name": "link_type", "Alias": "lt", "Startup Cost": 0.26, "Total Cost": 4.27, "Plan Rows": 1, "Plan Width": 16, "Recheck Cond": "(id = ml.link_type_id)", "Filter": "((link)::text ~~ '%follows%'::text)", "Plans": [{"Node Type": "Bitmap Index Scan", "Parent Relationship": "Outer", "Index Name": "link_type_pkey", "Startup Cost": 0.0, "Total Cost": 0.26, "Plan Rows": 1, "Plan Width": 0, "Index Cond": "(id = ml.link_type_id)"}]}]}]}, "Unique SQL Id": 4121279504}, "explain_analyze_plan": {"Plan": {"Node Type": "Aggregate", "Strategy": "Plain", "Startup Cost": 3451.4, "Total Cost": 3451.41, "Plan Rows": 1, "Plan Width": 144, "Actual Startup Time": 161.722, "Actual Total Time": 161.723, "Actual Rows": 1, "Actual Loops": 1, "Plans": [{"Node Type": "Nested Loop", "Parent Relationship": "Outer", "Join Type": "Inner", "Startup Cost": 725.2, "Total Cost": 3451.4, "Plan Rows": 1, "Plan Width": 48, "Actual Startup Time": 161.712, "Actual Total Time": 161.712, "Actual Rows": 0, "Actual Loops": 1, "Inner Unique": true, "Plans": [{"Node Type": "Nested Loop", "Parent Relationship": "Outer", "Join Type": "Inner", "Startup Cost": 724.95, "Total Cost": 3447.11, "Plan Rows": 1, "Plan Width": 40, "Actual Startup Time": 19.997, "Actual Total Time": 161.571, "Actual Rows": 38, "Actual Loops": 1, "Inner Unique": false, "Join Filter": "(t.id = ml.movie_id)", "Rows Removed by Join Filter": 0, "Plans": [{"Node Type": "Nested Loop", "Parent Relationship": "Outer", "Join Type": "Inner", "Startup Cost": 724.66, "Total Cost": 3442.7, "Plan Rows": 1, "Plan Width": 48, "Actual Startup Time": 19.97, "Actual Total Time": 161.514, "Actual Rows": 2, "Actual Loops": 1, "Inner Unique": true, "Plans": [{"Node Type": "Nested Loop", "Parent Relationship": "Outer", "Join Type": "Inner", "Startup Cost": 724.4, "Total Cost": 3438.42, "Plan Rows": 1, "Plan Width": 52, "Actual Startup Time": 19.958, "Actual Total Time": 161.497, "Actual Rows": 2, "Actual Loops": 1, "Inner Unique": true, "Plans": [{"Node Type": "Nested Loop", "Parent Relationship": "Outer", "Join Type": "Inner", "Startup Cost": 724.14, "Total Cost": 3434.13, "Plan Rows": 1, "Plan Width": 37, "Actual Startup Time": 19.933, "Actual Total Time": 161.449, "Actual Rows": 3, "Actual Loops": 1, "Inner Unique": false, "Join Filter": "(t.id = mc.movie_id)", "Rows Removed by Join Filter": 0, "Plans": [{"Node Type": "Nested Loop", "Parent Relationship": "Outer", "Join Type": "Inner", "Startup Cost": 723.87, "Total Cost": 3429.8, "Plan Rows": 1, "Plan Width": 25, "Actual Startup Time": 19.903, "Actual Total Time": 161.415, "Actual Rows": 1, "Actual Loops": 1, "Inner Unique": true, "Plans": [{"Node Type": "Nested Loop", "Parent Relationship": "Outer", "Join Type": "Inner", "Startup Cost": 723.6, "Total Cost": 3288.12, "Plan Rows": 33, "Plan Width": 4, "Actual Startup Time": 19.48, "Actual Total Time": 84.809, "Actual Rows": 10544, "Actual Loops": 1, "Inner Unique": false, "Plans": [{"Node Type": "Bitmap Heap Scan", "Parent Relationship": "Outer", "Relation Name": "keyword", "Alias": "k", "Startup Cost": 719.1, "Total Cost": 3155.21, "Plan Rows": 1, "Plan Width": 4, "Actual Startup Time": 16.533, "Actual Total Time": 64.286, "Actual Rows": 1, "Actual Loops": 1, "Filter": "((keyword)::text = 'sequel'::text)", "Rows Removed by Filter": 134168, "Exact Heap Blocks": 759, "Lossy Heap Blocks": 759, "Plans": [{"Node Type": "Bitmap Index Scan", "Parent Relationship": "Outer", "Index Name": "keyword_pkey", "Startup Cost": 0.0, "Total Cost": 719.1, "Plan Rows": 134169, "Plan Width": 0, "Actual Startup Time": 13.54, "Actual Total Time": 13.54, "Actual Rows": 134169, "Actual Loops": 1}]}, {"Node Type": "Bitmap Heap Scan", "Parent Relationship": "Inner", "Relation Name": "movie_keyword", "Alias": "mk", "Startup Cost": 4.51, "Total Cost": 132.58, "Plan Rows": 33, "Plan Width": 8, "Actual Startup Time": 2.933, "Actual Total Time": 18.397, "Actual Rows": 10544, "Actual Loops": 1, "Recheck Cond": "(keyword_id = k.id)", "Rows Removed by Index Recheck": 0, "Exact Heap Blocks": 5090, "Lossy Heap Blocks": 5090, "Plans": [{"Node Type": "Bitmap Index Scan", "Parent Relationship": "Outer", "Index Name": "keyword_id_movie_keyword", "Startup Cost": 0.0, "Total Cost": 4.5, "Plan Rows": 33, "Plan Width": 0, "Actual Startup Time": 2.017, "Actual Total Time": 2.017, "Actual Rows": 10544, "Actual Loops": 1, "Index Cond": "(keyword_id = k.id)"}]}]}, {"Node Type": "Bitmap Heap Scan", "Parent Relationship": "Inner", "Relation Name": "title", "Alias": "t", "Startup Cost": 0.27, "Total Cost": 4.28, "Plan Rows": 1, "Plan Width": 21, "Actual Startup Time": 64.824, "Actual Total Time": 64.824, "Actual Rows": 1, "Actual Loops": 10544, "Recheck Cond": "(id = mk.movie_id)", "Rows Removed by Index Recheck": 0, "Filter": "(((title)::text ~~ '%Money%'::text) AND (production_year = 1998))", "Rows Removed by Filter": 10543, "Exact Heap Blocks": 10544, "Lossy Heap Blocks": 10544, "Plans": [{"Node Type": "Bitmap Index Scan", "Parent Relationship": "Outer", "Index Name": "title_pkey", "Startup Cost": 0.0, "Total Cost": 0.27, "Plan Rows": 1, "Plan Width": 0, "Actual Startup Time": 31.063, "Actual Total Time": 31.063, "Actual Rows": 10544, "Actual Loops": 10544, "Index Cond": "(id = mk.movie_id)"}]}]}, {"Node Type": "Bitmap Heap Scan", "Parent Relationship": "Inner", "Relation Name": "movie_companies", "Alias": "mc", "Startup Cost": 0.27, "Total Cost": 4.3, "Plan Rows": 2, "Plan Width": 12, "Actual Startup Time": 0.024, "Actual Total Time": 0.025, "Actual Rows": 3, "Actual Loops": 1, "Recheck Cond": "(movie_id = mk.movie_id)", "Rows Removed by Index Recheck": 0, "Filter": "(note IS NULL)", "Rows Removed by Filter": 1, "Exact Heap Blocks": 2, "Lossy Heap Blocks": 2, "Plans": [{"Node Type": "Bitmap Index Scan", "Parent Relationship": "Outer", "Index Name": "movie_id_movie_companies", "Startup Cost": 0.0, "Total Cost": 0.27, "Plan Rows": 2, "Plan Width": 0, "Actual Startup Time": 0.012, "Actual Total Time": 0.012, "Actual Rows": 4, "Actual Loops": 1, "Index Cond": "(movie_id = mk.movie_id)"}]}]}, {"Node Type": "Bitmap Heap Scan", "Parent Relationship": "Inner", "Relation Name": "company_name", "Alias": "cn", "Startup Cost": 0.26, "Total Cost": 4.28, "Plan Rows": 1, "Plan Width": 23, "Actual Startup Time": 0.041, "Actual Total Time": 0.041, "Actual Rows": 2, "Actual Loops": 3, "Recheck Cond": "(id = mc.company_id)", "Rows Removed by Index Recheck": 0, "Filter": "(((country_code)::text <> '[pl]'::text) AND (((name)::text ~~ '%Film%'::text) OR ((name)::text ~~ '%Warner%'::text)))", "Rows Removed by Filter": 1, "Exact Heap Blocks": 3, "Lossy Heap Blocks": 3, "Plans": [{"Node Type": "Bitmap Index Scan", "Parent Relationship": "Outer", "Index Name": "company_name_pkey", "Startup Cost": 0.0, "Total Cost": 0.26, "Plan Rows": 1, "Plan Width": 0, "Actual Startup Time": 0.02, "Actual Total Time": 0.02, "Actual Rows": 3, "Actual Loops": 3, "Index Cond": "(id = mc.company_id)"}]}]}, {"Node Type": "Bitmap Heap Scan", "Parent Relationship": "Inner", "Relation Name": "company_type", "Alias": "ct", "Startup Cost": 0.26, "Total Cost": 4.27, "Plan Rows": 1, "Plan Width": 4, "Actual Startup Time": 0.013, "Actual Total Time": 0.013, "Actual Rows": 2, "Actual Loops": 2, "Recheck Cond": "(id = mc.company_type_id)", "Rows Removed by Index Recheck": 0, "Filter": "((kind)::text = 'production companies'::text)", "Rows Removed by Filter": 0, "Exact Heap Blocks": 2, "Lossy Heap Blocks": 2, "Plans": [{"Node Type": "Bitmap Index Scan", "Parent Relationship": "Outer", "Index Name": "company_type_pkey", "Startup Cost": 0.0, "Total Cost": 0.26, "Plan Rows": 1, "Plan Width": 0, "Actual Startup Time": 0.004, "Actual Total Time": 0.004, "Actual Rows": 2, "Actual Loops": 2, "Index Cond": "(id = mc.company_type_id)"}]}]}, {"Node Type": "Bitmap Heap Scan", "Parent Relationship": "Inner", "Relation Name": "movie_link", "Alias": "ml", "Startup Cost": 0.29, "Total Cost": 4.35, "Plan Rows": 5, "Plan Width": 8, "Actual Startup Time": 0.025, "Actual Total Time": 0.028, "Actual Rows": 38, "Actual Loops": 2, "Recheck Cond": "(movie_id = mk.movie_id)", "Rows Removed by Index Recheck": 0, "Exact Heap Blocks": 2, "Lossy Heap Blocks": 2, "Plans": [{"Node Type": "Bitmap Index Scan", "Parent Relationship": "Outer", "Index Name": "movie_id_movie_link", "Startup Cost": 0.0, "Total Cost": 0.29, "Plan Rows": 5, "Plan Width": 0, "Actual Startup Time": 0.013, "Actual Total Time": 0.013, "Actual Rows": 38, "Actual Loops": 2, "Index Cond": "(movie_id = mk.movie_id)"}]}]}, {"Node Type": "Bitmap Heap Scan", "Parent Relationship": "Inner", "Relation Name": "link_type", "Alias": "lt", "Startup Cost": 0.26, "Total Cost": 4.27, "Plan Rows": 1, "Plan Width": 16, "Actual Startup Time": 0.097, "Actual Total Time": 0.097, "Actual Rows": 0, "Actual Loops": 38, "Recheck Cond": "(id = ml.link_type_id)", "Rows Removed by Index Recheck": 0, "Filter": "((link)::text ~~ '%follows%'::text)", "Rows Removed by Filter": 24, "Exact Heap Blocks": 24, "Lossy Heap Blocks": 24, "Plans": [{"Node Type": "Bitmap Index Scan", "Parent Relationship": "Outer", "Index Name": "link_type_pkey", "Startup Cost": 0.0, "Total Cost": 0.26, "Plan Rows": 1, "Plan Width": 0, "Actual Startup Time": 0.039, "Actual Total Time": 0.039, "Actual Rows": 24, "Actual Loops": 38, "Index Cond": "(id = ml.link_type_id)"}]}]}]}, "Triggers": [], "Planner Runtime": 60.458, "Total Runtime": 162.221, "Unique SQL Id": 4121279504}}, "(64, 68)": {"explain_plan": {"Plan": {"Node Type": "Aggregate", "Strategy": "Plain", "Startup Cost": 2581.34, "Total Cost": 2581.35, "Plan Rows": 1, "Plan Width": 144, "Plans": [{"Node Type": "Nested Loop", "Parent Relationship": "Outer", "Join Type": "Inner", "Startup Cost": 4.51, "Total Cost": 2581.33, "Plan Rows": 1, "Plan Width": 48, "Inner Unique": true, "Plans": [{"Node Type": "Nested Loop", "Parent Relationship": "Outer", "Join Type": "Inner", "Startup Cost": 4.51, "Total Cost": 2581.05, "Plan Rows": 1, "Plan Width": 40, "Inner Unique": false, "Join Filter": "(t.id = ml.movie_id)", "Plans": [{"Node Type": "Nested Loop", "Parent Relationship": "Outer", "Join Type": "Inner", "Startup Cost": 4.51, "Total Cost": 2580.63, "Plan Rows": 1, "Plan Width": 48, "Inner Unique": true, "Plans": [{"Node Type": "Nested Loop", "Parent Relationship": "Outer", "Join Type": "Inner", "Startup Cost": 4.51, "Total Cost": 2580.35, "Plan Rows": 1, "Plan Width": 52, "Inner Unique": true, "Plans": [{"Node Type": "Nested Loop", "Parent Relationship": "Outer", "Join Type": "Inner", "Startup Cost": 4.51, "Total Cost": 2580.05, "Plan Rows": 1, "Plan Width": 37, "Inner Unique": false, "Join Filter": "(t.id = mc.movie_id)", "Plans": [{"Node Type": "Nested Loop", "Parent Relationship": "Outer", "Join Type": "Inner", "Startup Cost": 4.51, "Total Cost": 2579.71, "Plan Rows": 1, "Plan Width": 25, "Inner Unique": true, "Plans": [{"Node Type": "Nested Loop", "Parent Relationship": "Outer", "Join Type": "Inner", "Startup Cost": 4.51, "Total Cost": 2569.02, "Plan Rows": 33, "Plan Width": 4, "Inner Unique": false, "Plans": [{"Node Type": "Seq Scan", "Parent Relationship": "Outer", "Relation Name": "keyword", "Alias": "k", "Startup Cost": 0.0, "Total Cost": 2436.11, "Plan Rows": 1, "Plan Width": 4, "Filter": "((keyword)::text = 'sequel'::text)"}, {"Node Type": "Bitmap Heap Scan", "Parent Relationship": "Inner", "Relation Name": "movie_keyword", "Alias": "mk", "Startup Cost": 4.51, "Total Cost": 132.58, "Plan Rows": 33, "Plan Width": 8, "Recheck Cond": "(keyword_id = k.id)", "Plans": [{"Node Type": "Bitmap Index Scan", "Parent Relationship": "Outer", "Index Name": "keyword_id_movie_keyword", "Startup Cost": 0.0, "Total Cost": 4.5, "Plan Rows": 33, "Plan Width": 0, "Index Cond": "(keyword_id = k.id)"}]}]}, {"Node Type": "Index Scan", "Parent Relationship": "Inner", "Scan Direction": "Forward", "Index Name": "title_pkey", "Relation Name": "title", "Alias": "t", "Startup Cost": 0.0, "Total Cost": 0.31, "Plan Rows": 1, "Plan Width": 21, "Index Cond": "(id = mk.movie_id)", "Filter": "(((title)::text ~~ '%Money%'::text) AND (production_year = 1998))"}]}, {"Node Type": "Index Scan", "Parent Relationship": "Inner", "Scan Direction": "Forward", "Index Name": "movie_id_movie_companies", "Relation Name": "movie_companies", "Alias": "mc", "Startup Cost": 0.0, "Total Cost": 0.31, "Plan Rows": 2, "Plan Width": 12, "Index Cond": "(movie_id = mk.movie_id)", "Filter": "(note IS NULL)"}]}, {"Node Type": "Index Scan", "Parent Relationship": "Inner", "Scan Direction": "Forward", "Index Name": "company_name_pkey", "Relation Name": "company_name", "Alias": "cn", "Startup Cost": 0.0, "Total Cost": 0.29, "Plan Rows": 1, "Plan Width": 23, "Index Cond": "(id = mc.company_id)", "Filter": "(((country_code)::text <> '[pl]'::text) AND (((name)::text ~~ '%Film%'::text) OR ((name)::text ~~ '%Warner%'::text)))"}]}, {"Node Type": "Index Scan", "Parent Relationship": "Inner", "Scan Direction": "Forward", "Index Name": "company_type_pkey", "Relation Name": "company_type", "Alias": "ct", "Startup Cost": 0.0, "Total Cost": 0.27, "Plan Rows": 1, "Plan Width": 4, "Index Cond": "(id = mc.company_type_id)", "Filter": "((kind)::text = 'production companies'::text)"}]}, {"Node Type": "Index Scan", "Parent Relationship": "Inner", "Scan Direction": "Forward", "Index Name": "movie_id_movie_link", "Relation Name": "movie_link", "Alias": "ml", "Startup Cost": 0.0, "Total Cost": 0.35, "Plan Rows": 5, "Plan Width": 8, "Index Cond": "(movie_id = mk.movie_id)"}]}, {"Node Type": "Index Scan", "Parent Relationship": "Inner", "Scan Direction": "Forward", "Index Name": "link_type_pkey", "Relation Name": "link_type", "Alias": "lt", "Startup Cost": 0.0, "Total Cost": 0.27, "Plan Rows": 1, "Plan Width": 16, "Index Cond": "(id = ml.link_type_id)", "Filter": "((link)::text ~~ '%follows%'::text)"}]}]}, "Unique SQL Id": 4121279504}, "explain_analyze_plan": {"Plan": {"Node Type": "Aggregate", "Strategy": "Plain", "Startup Cost": 2581.34, "Total Cost": 2581.35, "Plan Rows": 1, "Plan Width": 144, "Actual Startup Time": 123.557, "Actual Total Time": 123.557, "Actual Rows": 1, "Actual Loops": 1, "Plans": [{"Node Type": "Nested Loop", "Parent Relationship": "Outer", "Join Type": "Inner", "Startup Cost": 4.51, "Total Cost": 2581.33, "Plan Rows": 1, "Plan Width": 48, "Actual Startup Time": 123.547, "Actual Total Time": 123.547, "Actual Rows": 0, "Actual Loops": 1, "Inner Unique": true, "Plans": [{"Node Type": "Nested Loop", "Parent Relationship": "Outer", "Join Type": "Inner", "Startup Cost": 4.51, "Total Cost": 2581.05, "Plan Rows": 1, "Plan Width": 40, "Actual Startup Time": 5.886, "Actual Total Time": 123.447, "Actual Rows": 38, "Actual Loops": 1, "Inner Unique": false, "Join Filter": "(t.id = ml.movie_id)", "Rows Removed by Join Filter": 0, "Plans": [{"Node Type": "Nested Loop", "Parent Relationship": "Outer", "Join Type": "Inner", "Startup Cost": 4.51, "Total Cost": 2580.63, "Plan Rows": 1, "Plan Width": 48, "Actual Startup Time": 5.866, "Actual Total Time": 123.392, "Actual Rows": 2, "Actual Loops": 1, "Inner Unique": true, "Plans": [{"Node Type": "Nested Loop", "Parent Relationship": "Outer", "Join Type": "Inner", "Startup Cost": 4.51, "Total Cost": 2580.35, "Plan Rows": 1, "Plan Width": 52, "Actual Startup Time": 5.855, "Actual Total Time": 123.377, "Actual Rows": 2, "Actual Loops": 1, "Inner Unique": true, "Plans": [{"Node Type": "Nested Loop", "Parent Relationship": "Outer", "Join Type": "Inner", "Startup Cost": 4.51, "Total Cost": 2580.05, "Plan Rows": 1, "Plan Width": 37, "Actual Startup Time": 5.834, "Actual Total Time": 123.335, "Actual Rows": 3, "Actual Loops": 1, "Inner Unique": false, "Join Filter": "(t.id = mc.movie_id)", "Rows Removed by Join Filter": 0, "Plans": [{"Node Type": "Nested Loop", "Parent Relationship": "Outer", "Join Type": "Inner", "Startup Cost": 4.51, "Total Cost": 2579.71, "Plan Rows": 1, "Plan Width": 25, "Actual Startup Time": 5.809, "Actual Total Time": 123.305, "Actual Rows": 1, "Actual Loops": 1, "Inner Unique": true, "Plans": [{"Node Type": "Nested Loop", "Parent Relationship": "Outer", "Join Type": "Inner", "Startup Cost": 4.51, "Total Cost": 2569.02, "Plan Rows": 33, "Plan Width": 4, "Actual Startup Time": 5.443, "Actual Total Time": 62.982, "Actual Rows": 10544, "Actual Loops": 1, "Inner Unique": false, "Plans": [{"Node Type": "Seq Scan", "Parent Relationship": "Outer", "Relation Name": "keyword", "Alias": "k", "Startup Cost": 0.0, "Total Cost": 2436.11, "Plan Rows": 1, "Plan Width": 4, "Actual Startup Time": 2.358, "Actual Total Time": 41.641, "Actual Rows": 1, "Actual Loops": 1, "Filter": "((keyword)::text = 'sequel'::text)", "Rows Removed by Filter": 134168}, {"Node Type": "Bitmap Heap Scan", "Parent Relationship": "Inner", "Relation Name": "movie_keyword", "Alias": "mk", "Startup Cost": 4.51, "Total Cost": 132.58, "Plan Rows": 33, "Plan Width": 8, "Actual Startup Time": 3.074, "Actual Total Time": 19.121, "Actual Rows": 10544, "Actual Loops": 1, "Recheck Cond": "(keyword_id = k.id)", "Rows Removed by Index Recheck": 0, "Exact Heap Blocks": 5090, "Lossy Heap Blocks": 5090, "Plans": [{"Node Type": "Bitmap Index Scan", "Parent Relationship": "Outer", "Index Name": "keyword_id_movie_keyword", "Startup Cost": 0.0, "Total Cost": 4.5, "Plan Rows": 33, "Plan Width": 0, "Actual Startup Time": 2.162, "Actual Total Time": 2.162, "Actual Rows": 10544, "Actual Loops": 1, "Index Cond": "(keyword_id = k.id)"}]}]}, {"Node Type": "Index Scan", "Parent Relationship": "Inner", "Scan Direction": "Forward", "Index Name": "title_pkey", "Relation Name": "title", "Alias": "t", "Startup Cost": 0.0, "Total Cost": 0.31, "Plan Rows": 1, "Plan Width": 21, "Actual Startup Time": 54.966, "Actual Total Time": 54.966, "Actual Rows": 1, "Actual Loops": 10544, "Index Cond": "(id = mk.movie_id)", "Rows Removed by Index Recheck": 0, "Filter": "(((title)::text ~~ '%Money%'::text) AND (production_year = 1998))", "Rows Removed by Filter": 10543}]}, {"Node Type": "Index Scan", "Parent Relationship": "Inner", "Scan Direction": "Forward", "Index Name": "movie_id_movie_companies", "Relation Name": "movie_companies", "Alias": "mc", "Startup Cost": 0.0, "Total Cost": 0.31, "Plan Rows": 2, "Plan Width": 12, "Actual Startup Time": 0.019, "Actual Total Time": 0.022, "Actual Rows": 3, "Actual Loops": 1, "Index Cond": "(movie_id = mk.movie_id)", "Rows Removed by Index Recheck": 0, "Filter": "(note IS NULL)", "Rows Removed by Filter": 1}]}, {"Node Type": "Index Scan", "Parent Relationship": "Inner", "Scan Direction": "Forward", "Index Name": "company_name_pkey", "Relation Name": "company_name", "Alias": "cn", "Startup Cost": 0.0, "Total Cost": 0.29, "Plan Rows": 1, "Plan Width": 23, "Actual Startup Time": 0.037, "Actual Total Time": 0.037, "Actual Rows": 2, "Actual Loops": 3, "Index Cond": "(id = mc.company_id)", "Rows Removed by Index Recheck": 0, "Filter": "(((country_code)::text <> '[pl]'::text) AND (((name)::text ~~ '%Film%'::text) OR ((name)::text ~~ '%Warner%'::text)))", "Rows Removed by Filter": 1}]}, {"Node Type": "Index Scan", "Parent Relationship": "Inner", "Scan Direction": "Forward", "Index Name": "company_type_pkey", "Relation Name": "company_type", "Alias": "ct", "Startup Cost": 0.0, "Total Cost": 0.27, "Plan Rows": 1, "Plan Width": 4, "Actual Startup Time": 0.011, "Actual Total Time": 0.011, "Actual Rows": 2, "Actual Loops": 2, "Index Cond": "(id = mc.company_type_id)", "Rows Removed by Index Recheck": 0, "Filter": "((kind)::text = 'production companies'::text)", "Rows Removed by Filter": 0}]}, {"Node Type": "Index Scan", "Parent Relationship": "Inner", "Scan Direction": "Forward", "Index Name": "movie_id_movie_link", "Relation Name": "movie_link", "Alias": "ml", "Startup Cost": 0.0, "Total Cost": 0.35, "Plan Rows": 5, "Plan Width": 8, "Actual Startup Time": 0.016, "Actual Total Time": 0.029, "Actual Rows": 38, "Actual Loops": 2, "Index Cond": "(movie_id = mk.movie_id)", "Rows Removed by Index Recheck": 0}]}, {"Node Type": "Index Scan", "Parent Relationship": "Inner", "Scan Direction": "Forward", "Index Name": "link_type_pkey", "Relation Name": "link_type", "Alias": "lt", "Startup Cost": 0.0, "Total Cost": 0.27, "Plan Rows": 1, "Plan Width": 16, "Actual Startup Time": 0.076, "Actual Total Time": 0.076, "Actual Rows": 0, "Actual Loops": 38, "Index Cond": "(id = ml.link_type_id)", "Rows Removed by Index Recheck": 0, "Filter": "((link)::text ~~ '%follows%'::text)", "Rows Removed by Filter": 24}]}]}, "Triggers": [], "Planner Runtime": 80.823, "Total Runtime": 124.133, "Unique SQL Id": 4121279504}}, "(64, 69)": {"explain_plan": {"Plan": {"Node Type": "Aggregate", "Strategy": "Plain", "Startup Cost": 3327.94, "Total Cost": 3327.95, "Plan Rows": 1, "Plan Width": 144, "Plans": [{"Node Type": "Nested Loop", "Parent Relationship": "Outer", "Join Type": "Inner", "Startup Cost": 4.51, "Total Cost": 3327.93, "Plan Rows": 1, "Plan Width": 48, "Inner Unique": true, "Plans": [{"Node Type": "Nested Loop", "Parent Relationship": "Outer", "Join Type": "Inner", "Startup Cost": 4.51, "Total Cost": 3327.65, "Plan Rows": 1, "Plan Width": 40, "Inner Unique": false, "Join Filter": "(t.id = ml.movie_id)", "Plans": [{"Node Type": "Nested Loop", "Parent Relationship": "Outer", "Join Type": "Inner", "Startup Cost": 4.51, "Total Cost": 3327.24, "Plan Rows": 1, "Plan Width": 48, "Inner Unique": true, "Plans": [{"Node Type": "Nested Loop", "Parent Relationship": "Outer", "Join Type": "Inner", "Startup Cost": 4.51, "Total Cost": 3326.95, "Plan Rows": 1, "Plan Width": 52, "Inner Unique": true, "Plans": [{"Node Type": "Nested Loop", "Parent Relationship": "Outer", "Join Type": "Inner", "Startup Cost": 4.51, "Total Cost": 3326.66, "Plan Rows": 1, "Plan Width": 37, "Inner Unique": false, "Join Filter": "(t.id = mc.movie_id)", "Plans": [{"Node Type": "Nested Loop", "Parent Relationship": "Outer", "Join Type": "Inner", "Startup Cost": 4.51, "Total Cost": 3326.32, "Plan Rows": 1, "Plan Width": 25, "Inner Unique": true, "Plans": [{"Node Type": "Nested Loop", "Parent Relationship": "Outer", "Join Type": "Inner", "Startup Cost": 4.51, "Total Cost": 3315.63, "Plan Rows": 33, "Plan Width": 4, "Inner Unique": false, "Plans": [{"Node Type": "Index Scan", "Parent Relationship": "Outer", "Scan Direction": "Forward", "Index Name": "keyword_pkey", "Relation Name": "keyword", "Alias": "k", "Startup Cost": 0.0, "Total Cost": 3182.72, "Plan Rows": 1, "Plan Width": 4, "Filter": "((keyword)::text = 'sequel'::text)"}, {"Node Type": "Bitmap Heap Scan", "Parent Relationship": "Inner", "Relation Name": "movie_keyword", "Alias": "mk", "Startup Cost": 4.51, "Total Cost": 132.58, "Plan Rows": 33, "Plan Width": 8, "Recheck Cond": "(keyword_id = k.id)", "Plans": [{"Node Type": "Bitmap Index Scan", "Parent Relationship": "Outer", "Index Name": "keyword_id_movie_keyword", "Startup Cost": 0.0, "Total Cost": 4.5, "Plan Rows": 33, "Plan Width": 0, "Index Cond": "(keyword_id = k.id)"}]}]}, {"Node Type": "Index Scan", "Parent Relationship": "Inner", "Scan Direction": "Forward", "Index Name": "title_pkey", "Relation Name": "title", "Alias": "t", "Startup Cost": 0.0, "Total Cost": 0.31, "Plan Rows": 1, "Plan Width": 21, "Index Cond": "(id = mk.movie_id)", "Filter": "(((title)::text ~~ '%Money%'::text) AND (production_year = 1998))"}]}, {"Node Type": "Index Scan", "Parent Relationship": "Inner", "Scan Direction": "Forward", "Index Name": "movie_id_movie_companies", "Relation Name": "movie_companies", "Alias": "mc", "Startup Cost": 0.0, "Total Cost": 0.31, "Plan Rows": 2, "Plan Width": 12, "Index Cond": "(movie_id = mk.movie_id)", "Filter": "(note IS NULL)"}]}, {"Node Type": "Index Scan", "Parent Relationship": "Inner", "Scan Direction": "Forward", "Index Name": "company_name_pkey", "Relation Name": "company_name", "Alias": "cn", "Startup Cost": 0.0, "Total Cost": 0.29, "Plan Rows": 1, "Plan Width": 23, "Index Cond": "(id = mc.company_id)", "Filter": "(((country_code)::text <> '[pl]'::text) AND (((name)::text ~~ '%Film%'::text) OR ((name)::text ~~ '%Warner%'::text)))"}]}, {"Node Type": "Index Scan", "Parent Relationship": "Inner", "Scan Direction": "Forward", "Index Name": "company_type_pkey", "Relation Name": "company_type", "Alias": "ct", "Startup Cost": 0.0, "Total Cost": 0.27, "Plan Rows": 1, "Plan Width": 4, "Index Cond": "(id = mc.company_type_id)", "Filter": "((kind)::text = 'production companies'::text)"}]}, {"Node Type": "Index Scan", "Parent Relationship": "Inner", "Scan Direction": "Forward", "Index Name": "movie_id_movie_link", "Relation Name": "movie_link", "Alias": "ml", "Startup Cost": 0.0, "Total Cost": 0.35, "Plan Rows": 5, "Plan Width": 8, "Index Cond": "(movie_id = mk.movie_id)"}]}, {"Node Type": "Index Scan", "Parent Relationship": "Inner", "Scan Direction": "Forward", "Index Name": "link_type_pkey", "Relation Name": "link_type", "Alias": "lt", "Startup Cost": 0.0, "Total Cost": 0.27, "Plan Rows": 1, "Plan Width": 16, "Index Cond": "(id = ml.link_type_id)", "Filter": "((link)::text ~~ '%follows%'::text)"}]}]}, "Unique SQL Id": 4121279504}, "explain_analyze_plan": {"Plan": {"Node Type": "Aggregate", "Strategy": "Plain", "Startup Cost": 3327.94, "Total Cost": 3327.95, "Plan Rows": 1, "Plan Width": 144, "Actual Startup Time": 206.836, "Actual Total Time": 206.836, "Actual Rows": 1, "Actual Loops": 1, "Plans": [{"Node Type": "Nested Loop", "Parent Relationship": "Outer", "Join Type": "Inner", "Startup Cost": 4.51, "Total Cost": 3327.93, "Plan Rows": 1, "Plan Width": 48, "Actual Startup Time": 206.83, "Actual Total Time": 206.83, "Actual Rows": 0, "Actual Loops": 1, "Inner Unique": true, "Plans": [{"Node Type": "Nested Loop", "Parent Relationship": "Outer", "Join Type": "Inner", "Startup Cost": 4.51, "Total Cost": 3327.65, "Plan Rows": 1, "Plan Width": 40, "Actual Startup Time": 4.134, "Actual Total Time": 206.74, "Actual Rows": 38, "Actual Loops": 1, "Inner Unique": false, "Join Filter": "(t.id = ml.movie_id)", "Rows Removed by Join Filter": 0, "Plans": [{"Node Type": "Nested Loop", "Parent Relationship": "Outer", "Join Type": "Inner", "Startup Cost": 4.51, "Total Cost": 3327.24, "Plan Rows": 1, "Plan Width": 48, "Actual Startup Time": 4.119, "Actual Total Time": 206.686, "Actual Rows": 2, "Actual Loops": 1, "Inner Unique": true, "Plans": [{"Node Type": "Nested Loop", "Parent Relationship": "Outer", "Join Type": "Inner", "Startup Cost": 4.51, "Total Cost": 3326.95, "Plan Rows": 1, "Plan Width": 52, "Actual Startup Time": 4.11, "Actual Total Time": 206.673, "Actual Rows": 2, "Actual Loops": 1, "Inner Unique": true, "Plans": [{"Node Type": "Nested Loop", "Parent Relationship": "Outer", "Join Type": "Inner", "Startup Cost": 4.51, "Total Cost": 3326.66, "Plan Rows": 1, "Plan Width": 37, "Actual Startup Time": 4.093, "Actual Total Time": 206.639, "Actual Rows": 3, "Actual Loops": 1, "Inner Unique": false, "Join Filter": "(t.id = mc.movie_id)", "Rows Removed by Join Filter": 0, "Plans": [{"Node Type": "Nested Loop", "Parent Relationship": "Outer", "Join Type": "Inner", "Startup Cost": 4.51, "Total Cost": 3326.32, "Plan Rows": 1, "Plan Width": 25, "Actual Startup Time": 4.075, "Actual Total Time": 206.617, "Actual Rows": 1, "Actual Loops": 1, "Inner Unique": true, "Plans": [{"Node Type": "Nested Loop", "Parent Relationship": "Outer", "Join Type": "Inner", "Startup Cost": 4.51, "Total Cost": 3315.63, "Plan Rows": 33, "Plan Width": 4, "Actual Startup Time": 3.756, "Actual Total Time": 147.383, "Actual Rows": 10544, "Actual Loops": 1, "Inner Unique": false, "Plans": [{"Node Type": "Index Scan", "Parent Relationship": "Outer", "Scan Direction": "Forward", "Index Name": "keyword_pkey", "Relation Name": "keyword", "Alias": "k", "Startup Cost": 0.0, "Total Cost": 3182.72, "Plan Rows": 1, "Plan Width": 4, "Actual Startup Time": 0.512, "Actual Total Time": 126.311, "Actual Rows": 1, "Actual Loops": 1, "Filter": "((keyword)::text = 'sequel'::text)", "Rows Removed by Filter": 134168}, {"Node Type": "Bitmap Heap Scan", "Parent Relationship": "Inner", "Relation Name": "movie_keyword", "Alias": "mk", "Startup Cost": 4.51, "Total Cost": 132.58, "Plan Rows": 33, "Plan Width": 8, "Actual Startup Time": 3.236, "Actual Total Time": 18.868, "Actual Rows": 10544, "Actual Loops": 1, "Recheck Cond": "(keyword_id = k.id)", "Rows Removed by Index Recheck": 0, "Exact Heap Blocks": 5090, "Lossy Heap Blocks": 5090, "Plans": [{"Node Type": "Bitmap Index Scan", "Parent Relationship": "Outer", "Index Name": "keyword_id_movie_keyword", "Startup Cost": 0.0, "Total Cost": 4.5, "Plan Rows": 33, "Plan Width": 0, "Actual Startup Time": 2.291, "Actual Total Time": 2.291, "Actual Rows": 10544, "Actual Loops": 1, "Index Cond": "(keyword_id = k.id)"}]}]}, {"Node Type": "Index Scan", "Parent Relationship": "Inner", "Scan Direction": "Forward", "Index Name": "title_pkey", "Relation Name": "title", "Alias": "t", "Startup Cost": 0.0, "Total Cost": 0.31, "Plan Rows": 1, "Plan Width": 21, "Actual Startup Time": 53.865, "Actual Total Time": 53.865, "Actual Rows": 1, "Actual Loops": 10544, "Index Cond": "(id = mk.movie_id)", "Rows Removed by Index Recheck": 0, "Filter": "(((title)::text ~~ '%Money%'::text) AND (production_year = 1998))", "Rows Removed by Filter": 10543}]}, {"Node Type": "Index Scan", "Parent Relationship": "Inner", "Scan Direction": "Forward", "Index Name": "movie_id_movie_companies", "Relation Name": "movie_companies", "Alias": "mc", "Startup Cost": 0.0, "Total Cost": 0.31, "Plan Rows": 2, "Plan Width": 12, "Actual Startup Time": 0.015, "Actual Total Time": 0.018, "Actual Rows": 3, "Actual Loops": 1, "Index Cond": "(movie_id = mk.movie_id)", "Rows Removed by Index Recheck": 0, "Filter": "(note IS NULL)", "Rows Removed by Filter": 1}]}, {"Node Type": "Index Scan", "Parent Relationship": "Inner", "Scan Direction": "Forward", "Index Name": "company_name_pkey", "Relation Name": "company_name", "Alias": "cn", "Startup Cost": 0.0, "Total Cost": 0.29, "Plan Rows": 1, "Plan Width": 23, "Actual Startup Time": 0.028, "Actual Total Time": 0.028, "Actual Rows": 2, "Actual Loops": 3, "Index Cond": "(id = mc.company_id)", "Rows Removed by Index Recheck": 0, "Filter": "(((country_code)::text <> '[pl]'::text) AND (((name)::text ~~ '%Film%'::text) OR ((name)::text ~~ '%Warner%'::text)))", "Rows Removed by Filter": 1}]}, {"Node Type": "Index Scan", "Parent Relationship": "Inner", "Scan Direction": "Forward", "Index Name": "company_type_pkey", "Relation Name": "company_type", "Alias": "ct", "Startup Cost": 0.0, "Total Cost": 0.27, "Plan Rows": 1, "Plan Width": 4, "Actual Startup Time": 0.009, "Actual Total Time": 0.009, "Actual Rows": 2, "Actual Loops": 2, "Index Cond": "(id = mc.company_type_id)", "Rows Removed by Index Recheck": 0, "Filter": "((kind)::text = 'production companies'::text)", "Rows Removed by Filter": 0}]}, {"Node Type": "Index Scan", "Parent Relationship": "Inner", "Scan Direction": "Forward", "Index Name": "movie_id_movie_link", "Relation Name": "movie_link", "Alias": "ml", "Startup Cost": 0.0, "Total Cost": 0.35, "Plan Rows": 5, "Plan Width": 8, "Actual Startup Time": 0.013, "Actual Total Time": 0.03, "Actual Rows": 38, "Actual Loops": 2, "Index Cond": "(movie_id = mk.movie_id)", "Rows Removed by Index Recheck": 0}]}, {"Node Type": "Index Scan", "Parent Relationship": "Inner", "Scan Direction": "Forward", "Index Name": "link_type_pkey", "Relation Name": "link_type", "Alias": "lt", "Startup Cost": 0.0, "Total Cost": 0.27, "Plan Rows": 1, "Plan Width": 16, "Actual Startup Time": 0.072, "Actual Total Time": 0.072, "Actual Rows": 0, "Actual Loops": 38, "Index Cond": "(id = ml.link_type_id)", "Rows Removed by Index Recheck": 0, "Filter": "((link)::text ~~ '%follows%'::text)", "Rows Removed by Filter": 24}]}]}, "Triggers": [], "Planner Runtime": 70.618, "Total Runtime": 207.306, "Unique SQL Id": 4121279504}}, "(64, 70)": {"explain_plan": {"Plan": {"Node Type": "Aggregate", "Strategy": "Plain", "Startup Cost": 2726.04, "Total Cost": 2726.05, "Plan Rows": 1, "Plan Width": 144, "Plans": [{"Node Type": "Hash Join", "Parent Relationship": "Outer", "Join Type": "Inner", "Startup Cost": 7.87, "Total Cost": 2726.04, "Plan Rows": 1, "Plan Width": 48, "Inner Unique": true, "Hash Cond": "(ml.link_type_id = lt.id)", "Plans": [{"Node Type": "Nested Loop", "Parent Relationship": "Outer", "Join Type": "Inner", "Startup Cost": 6.64, "Total Cost": 2724.8, "Plan Rows": 1, "Plan Width": 40, "Inner Unique": false, "Join Filter": "(t.id = ml.movie_id)", "Plans": [{"Node Type": "Hash Join", "Parent Relationship": "Outer", "Join Type": "Inner", "Startup Cost": 6.35, "Total Cost": 2720.38, "Plan Rows": 1, "Plan Width": 48, "Inner Unique": true, "Hash Cond": "(mc.company_type_id = ct.id)", "Plans": [{"Node Type": "Nested Loop", "Parent Relationship": "Outer", "Join Type": "Inner", "Startup Cost": 5.3, "Total Cost": 2719.32, "Plan Rows": 1, "Plan Width": 52, "Inner Unique": true, "Plans": [{"Node Type": "Nested Loop", "Parent Relationship": "Outer", "Join Type": "Inner", "Startup Cost": 5.05, "Total Cost": 2715.03, "Plan Rows": 1, "Plan Width": 37, "Inner Unique": false, "Join Filter": "(t.id = mc.movie_id)", "Plans": [{"Node Type": "Nested Loop", "Parent Relationship": "Outer", "Join Type": "Inner", "Startup Cost": 4.77, "Total Cost": 2710.71, "Plan Rows": 1, "Plan Width": 25, "Inner Unique": true, "Plans": [{"Node Type": "Nested Loop", "Parent Relationship": "Outer", "Join Type": "Inner", "Startup Cost": 4.51, "Total Cost": 2569.02, "Plan Rows": 33, "Plan Width": 4, "Inner Unique": false, "Plans": [{"Node Type": "Seq Scan", "Parent Relationship": "Outer", "Relation Name": "keyword", "Alias": "k", "Startup Cost": 0.0, "Total Cost": 2436.11, "Plan Rows": 1, "Plan Width": 4, "Filter": "((keyword)::text = 'sequel'::text)"}, {"Node Type": "Bitmap Heap Scan", "Parent Relationship": "Inner", "Relation Name": "movie_keyword", "Alias": "mk", "Startup Cost": 4.51, "Total Cost": 132.58, "Plan Rows": 33, "Plan Width": 8, "Recheck Cond": "(keyword_id = k.id)", "Plans": [{"Node Type": "Bitmap Index Scan", "Parent Relationship": "Outer", "Index Name": "keyword_id_movie_keyword", "Startup Cost": 0.0, "Total Cost": 4.5, "Plan Rows": 33, "Plan Width": 0, "Index Cond": "(keyword_id = k.id)"}]}]}, {"Node Type": "Bitmap Heap Scan", "Parent Relationship": "Inner", "Relation Name": "title", "Alias": "t", "Startup Cost": 0.27, "Total Cost": 4.28, "Plan Rows": 1, "Plan Width": 21, "Recheck Cond": "(id = mk.movie_id)", "Filter": "(((title)::text ~~ '%Money%'::text) AND (production_year = 1998))", "Plans": [{"Node Type": "Bitmap Index Scan", "Parent Relationship": "Outer", "Index Name": "title_pkey", "Startup Cost": 0.0, "Total Cost": 0.27, "Plan Rows": 1, "Plan Width": 0, "Index Cond": "(id = mk.movie_id)"}]}]}, {"Node Type": "Bitmap Heap Scan", "Parent Relationship": "Inner", "Relation Name": "movie_companies", "Alias": "mc", "Startup Cost": 0.27, "Total Cost": 4.3, "Plan Rows": 2, "Plan Width": 12, "Recheck Cond": "(movie_id = mk.movie_id)", "Filter": "(note IS NULL)", "Plans": [{"Node Type": "Bitmap Index Scan", "Parent Relationship": "Outer", "Index Name": "movie_id_movie_companies", "Startup Cost": 0.0, "Total Cost": 0.27, "Plan Rows": 2, "Plan Width": 0, "Index Cond": "(movie_id = mk.movie_id)"}]}]}, {"Node Type": "Bitmap Heap Scan", "Parent Relationship": "Inner", "Relation Name": "company_name", "Alias": "cn", "Startup Cost": 0.26, "Total Cost": 4.28, "Plan Rows": 1, "Plan Width": 23, "Recheck Cond": "(id = mc.company_id)", "Filter": "(((country_code)::text <> '[pl]'::text) AND (((name)::text ~~ '%Film%'::text) OR ((name)::text ~~ '%Warner%'::text)))", "Plans": [{"Node Type": "Bitmap Index Scan", "Parent Relationship": "Outer", "Index Name": "company_name_pkey", "Startup Cost": 0.0, "Total Cost": 0.26, "Plan Rows": 1, "Plan Width": 0, "Index Cond": "(id = mc.company_id)"}]}]}, {"Node Type": "Hash", "Parent Relationship": "Inner", "Startup Cost": 1.04, "Total Cost": 1.04, "Plan Rows": 1, "Plan Width": 4, "Plans": [{"Node Type": "Seq Scan", "Parent Relationship": "Outer", "Relation Name": "company_type", "Alias": "ct", "Startup Cost": 0.0, "Total Cost": 1.04, "Plan Rows": 1, "Plan Width": 4, "Filter": "((kind)::text = 'production companies'::text)"}]}]}, {"Node Type": "Bitmap Heap Scan", "Parent Relationship": "Inner", "Relation Name": "movie_link", "Alias": "ml", "Startup Cost": 0.29, "Total Cost": 4.35, "Plan Rows": 5, "Plan Width": 8, "Recheck Cond": "(movie_id = mk.movie_id)", "Plans": [{"Node Type": "Bitmap Index Scan", "Parent Relationship": "Outer", "Index Name": "movie_id_movie_link", "Startup Cost": 0.0, "Total Cost": 0.29, "Plan Rows": 5, "Plan Width": 0, "Index Cond": "(movie_id = mk.movie_id)"}]}]}, {"Node Type": "Hash", "Parent Relationship": "Inner", "Startup Cost": 1.21, "Total Cost": 1.21, "Plan Rows": 1, "Plan Width": 16, "Plans": [{"Node Type": "Seq Scan", "Parent Relationship": "Outer", "Relation Name": "link_type", "Alias": "lt", "Startup Cost": 0.0, "Total Cost": 1.21, "Plan Rows": 1, "Plan Width": 16, "Filter": "((link)::text ~~ '%follows%'::text)"}]}]}]}, "Unique SQL Id": 4121279504}, "explain_analyze_plan": {"Plan": {"Node Type": "Aggregate", "Strategy": "Plain", "Startup Cost": 2726.04, "Total Cost": 2726.05, "Plan Rows": 1, "Plan Width": 144, "Actual Startup Time": 0.098, "Actual Total Time": 0.098, "Actual Rows": 1, "Actual Loops": 1, "Plans": [{"Node Type": "Hash Join", "Parent Relationship": "Outer", "Join Type": "Inner", "Startup Cost": 7.87, "Total Cost": 2726.04, "Plan Rows": 1, "Plan Width": 48, "Actual Startup Time": 0.089, "Actual Total Time": 0.089, "Actual Rows": 0, "Actual Loops": 1, "Inner Unique": true, "Hash Cond": "(ml.link_type_id = lt.id)", "Plans": [{"Node Type": "Nested Loop", "Parent Relationship": "Outer", "Join Type": "Inner", "Startup Cost": 6.64, "Total Cost": 2724.8, "Plan Rows": 1, "Plan Width": 40, "Actual Startup Time": 0.0, "Actual Total Time": 0.0, "Inner Unique": false, "Join Filter": "(t.id = ml.movie_id)", "Rows Removed by Join Filter": 0, "Plans": [{"Node Type": "Hash Join", "Parent Relationship": "Outer", "Join Type": "Inner", "Startup Cost": 6.35, "Total Cost": 2720.38, "Plan Rows": 1, "Plan Width": 48, "Actual Startup Time": 0.0, "Actual Total Time": 0.0, "Inner Unique": true, "Hash Cond": "(mc.company_type_id = ct.id)", "Plans": [{"Node Type": "Nested Loop", "Parent Relationship": "Outer", "Join Type": "Inner", "Startup Cost": 5.3, "Total Cost": 2719.32, "Plan Rows": 1, "Plan Width": 52, "Actual Startup Time": 0.0, "Actual Total Time": 0.0, "Inner Unique": true, "Plans": [{"Node Type": "Nested Loop", "Parent Relationship": "Outer", "Join Type": "Inner", "Startup Cost": 5.05, "Total Cost": 2715.03, "Plan Rows": 1, "Plan Width": 37, "Actual Startup Time": 0.0, "Actual Total Time": 0.0, "Inner Unique": false, "Join Filter": "(t.id = mc.movie_id)", "Rows Removed by Join Filter": 0, "Plans": [{"Node Type": "Nested Loop", "Parent Relationship": "Outer", "Join Type": "Inner", "Startup Cost": 4.77, "Total Cost": 2710.71, "Plan Rows": 1, "Plan Width": 25, "Actual Startup Time": 0.0, "Actual Total Time": 0.0, "Inner Unique": true, "Plans": [{"Node Type": "Nested Loop", "Parent Relationship": "Outer", "Join Type": "Inner", "Startup Cost": 4.51, "Total Cost": 2569.02, "Plan Rows": 33, "Plan Width": 4, "Actual Startup Time": 0.0, "Actual Total Time": 0.0, "Inner Unique": false, "Plans": [{"Node Type": "Seq Scan", "Parent Relationship": "Outer", "Relation Name": "keyword", "Alias": "k", "Startup Cost": 0.0, "Total Cost": 2436.11, "Plan Rows": 1, "Plan Width": 4, "Actual Startup Time": 0.0, "Actual Total Time": 0.0, "Filter": "((keyword)::text = 'sequel'::text)", "Rows Removed by Filter": 0}, {"Node Type": "Bitmap Heap Scan", "Parent Relationship": "Inner", "Relation Name": "movie_keyword", "Alias": "mk", "Startup Cost": 4.51, "Total Cost": 132.58, "Plan Rows": 33, "Plan Width": 8, "Actual Startup Time": 0.0, "Actual Total Time": 0.0, "Recheck Cond": "(keyword_id = k.id)", "Rows Removed by Index Recheck": 0, "Exact Heap Blocks": 0, "Lossy Heap Blocks": 0, "Plans": [{"Node Type": "Bitmap Index Scan", "Parent Relationship": "Outer", "Index Name": "keyword_id_movie_keyword", "Startup Cost": 0.0, "Total Cost": 4.5, "Plan Rows": 33, "Plan Width": 0, "Actual Startup Time": 0.0, "Actual Total Time": 0.0, "Index Cond": "(keyword_id = k.id)"}]}]}, {"Node Type": "Bitmap Heap Scan", "Parent Relationship": "Inner", "Relation Name": "title", "Alias": "t", "Startup Cost": 0.27, "Total Cost": 4.28, "Plan Rows": 1, "Plan Width": 21, "Actual Startup Time": 0.0, "Actual Total Time": 0.0, "Recheck Cond": "(id = mk.movie_id)", "Rows Removed by Index Recheck": 0, "Filter": "(((title)::text ~~ '%Money%'::text) AND (production_year = 1998))", "Rows Removed by Filter": 0, "Exact Heap Blocks": 0, "Lossy Heap Blocks": 0, "Plans": [{"Node Type": "Bitmap Index Scan", "Parent Relationship": "Outer", "Index Name": "title_pkey", "Startup Cost": 0.0, "Total Cost": 0.27, "Plan Rows": 1, "Plan Width": 0, "Actual Startup Time": 0.0, "Actual Total Time": 0.0, "Index Cond": "(id = mk.movie_id)"}]}]}, {"Node Type": "Bitmap Heap Scan", "Parent Relationship": "Inner", "Relation Name": "movie_companies", "Alias": "mc", "Startup Cost": 0.27, "Total Cost": 4.3, "Plan Rows": 2, "Plan Width": 12, "Actual Startup Time": 0.0, "Actual Total Time": 0.0, "Recheck Cond": "(movie_id = mk.movie_id)", "Rows Removed by Index Recheck": 0, "Filter": "(note IS NULL)", "Rows Removed by Filter": 0, "Exact Heap Blocks": 0, "Lossy Heap Blocks": 0, "Plans": [{"Node Type": "Bitmap Index Scan", "Parent Relationship": "Outer", "Index Name": "movie_id_movie_companies", "Startup Cost": 0.0, "Total Cost": 0.27, "Plan Rows": 2, "Plan Width": 0, "Actual Startup Time": 0.0, "Actual Total Time": 0.0, "Index Cond": "(movie_id = mk.movie_id)"}]}]}, {"Node Type": "Bitmap Heap Scan", "Parent Relationship": "Inner", "Relation Name": "company_name", "Alias": "cn", "Startup Cost": 0.26, "Total Cost": 4.28, "Plan Rows": 1, "Plan Width": 23, "Actual Startup Time": 0.0, "Actual Total Time": 0.0, "Recheck Cond": "(id = mc.company_id)", "Rows Removed by Index Recheck": 0, "Filter": "(((country_code)::text <> '[pl]'::text) AND (((name)::text ~~ '%Film%'::text) OR ((name)::text ~~ '%Warner%'::text)))", "Rows Removed by Filter": 0, "Exact Heap Blocks": 0, "Lossy Heap Blocks": 0, "Plans": [{"Node Type": "Bitmap Index Scan", "Parent Relationship": "Outer", "Index Name": "company_name_pkey", "Startup Cost": 0.0, "Total Cost": 0.26, "Plan Rows": 1, "Plan Width": 0, "Actual Startup Time": 0.0, "Actual Total Time": 0.0, "Index Cond": "(id = mc.company_id)"}]}]}, {"Node Type": "Hash", "Parent Relationship": "Inner", "Startup Cost": 1.04, "Total Cost": 1.04, "Plan Rows": 1, "Plan Width": 4, "Actual Startup Time": 0.0, "Actual Total Time": 0.0, "Hash Buckets": 0, "Hash Batches": 0, "Original Hash Batches": 0, "Peak Memory Usage": 0, "Plans": [{"Node Type": "Seq Scan", "Parent Relationship": "Outer", "Relation Name": "company_type", "Alias": "ct", "Startup Cost": 0.0, "Total Cost": 1.04, "Plan Rows": 1, "Plan Width": 4, "Actual Startup Time": 0.0, "Actual Total Time": 0.0, "Filter": "((kind)::text = 'production companies'::text)", "Rows Removed by Filter": 0}]}]}, {"Node Type": "Bitmap Heap Scan", "Parent Relationship": "Inner", "Relation Name": "movie_link", "Alias": "ml", "Startup Cost": 0.29, "Total Cost": 4.35, "Plan Rows": 5, "Plan Width": 8, "Actual Startup Time": 0.0, "Actual Total Time": 0.0, "Recheck Cond": "(movie_id = mk.movie_id)", "Rows Removed by Index Recheck": 0, "Exact Heap Blocks": 0, "Lossy Heap Blocks": 0, "Plans": [{"Node Type": "Bitmap Index Scan", "Parent Relationship": "Outer", "Index Name": "movie_id_movie_link", "Startup Cost": 0.0, "Total Cost": 0.29, "Plan Rows": 5, "Plan Width": 0, "Actual Startup Time": 0.0, "Actual Total Time": 0.0, "Index Cond": "(movie_id = mk.movie_id)"}]}]}, {"Node Type": "Hash", "Parent Relationship": "Inner", "Startup Cost": 1.21, "Total Cost": 1.21, "Plan Rows": 1, "Plan Width": 16, "Actual Startup Time": 0.044, "Actual Total Time": 0.044, "Actual Rows": 0, "Actual Loops": 1, "Hash Buckets": 32768, "Hash Batches": 1, "Original Hash Batches": 1, "Peak Memory Usage": 0, "Plans": [{"Node Type": "Seq Scan", "Parent Relationship": "Outer", "Relation Name": "link_type", "Alias": "lt", "Startup Cost": 0.0, "Total Cost": 1.21, "Plan Rows": 1, "Plan Width": 16, "Actual Startup Time": 0.04, "Actual Total Time": 0.04, "Actual Rows": 0, "Actual Loops": 1, "Filter": "((link)::text ~~ '%follows%'::text)", "Rows Removed by Filter": 17}]}]}]}, "Triggers": [], "Planner Runtime": 77.65, "Total Runtime": 0.483, "Unique SQL Id": 4121279504}}, "(64, 71)": {"explain_plan": {"Plan": {"Node Type": "Aggregate", "Strategy": "Plain", "Startup Cost": 3451.4, "Total Cost": 3451.41, "Plan Rows": 1, "Plan Width": 144, "Plans": [{"Node Type": "Nested Loop", "Parent Relationship": "Outer", "Join Type": "Inner", "Startup Cost": 725.2, "Total Cost": 3451.4, "Plan Rows": 1, "Plan Width": 48, "Inner Unique": true, "Plans": [{"Node Type": "Nested Loop", "Parent Relationship": "Outer", "Join Type": "Inner", "Startup Cost": 724.95, "Total Cost": 3447.11, "Plan Rows": 1, "Plan Width": 40, "Inner Unique": false, "Join Filter": "(t.id = ml.movie_id)", "Plans": [{"Node Type": "Nested Loop", "Parent Relationship": "Outer", "Join Type": "Inner", "Startup Cost": 724.66, "Total Cost": 3442.7, "Plan Rows": 1, "Plan Width": 48, "Inner Unique": true, "Plans": [{"Node Type": "Nested Loop", "Parent Relationship": "Outer", "Join Type": "Inner", "Startup Cost": 724.4, "Total Cost": 3438.42, "Plan Rows": 1, "Plan Width": 52, "Inner Unique": true, "Plans": [{"Node Type": "Nested Loop", "Parent Relationship": "Outer", "Join Type": "Inner", "Startup Cost": 724.14, "Total Cost": 3434.13, "Plan Rows": 1, "Plan Width": 37, "Inner Unique": false, "Join Filter": "(t.id = mc.movie_id)", "Plans": [{"Node Type": "Nested Loop", "Parent Relationship": "Outer", "Join Type": "Inner", "Startup Cost": 723.87, "Total Cost": 3429.8, "Plan Rows": 1, "Plan Width": 25, "Inner Unique": true, "Plans": [{"Node Type": "Nested Loop", "Parent Relationship": "Outer", "Join Type": "Inner", "Startup Cost": 723.6, "Total Cost": 3288.12, "Plan Rows": 33, "Plan Width": 4, "Inner Unique": false, "Plans": [{"Node Type": "Bitmap Heap Scan", "Parent Relationship": "Outer", "Relation Name": "keyword", "Alias": "k", "Startup Cost": 719.1, "Total Cost": 3155.21, "Plan Rows": 1, "Plan Width": 4, "Filter": "((keyword)::text = 'sequel'::text)", "Plans": [{"Node Type": "Bitmap Index Scan", "Parent Relationship": "Outer", "Index Name": "keyword_pkey", "Startup Cost": 0.0, "Total Cost": 719.1, "Plan Rows": 134169, "Plan Width": 0}]}, {"Node Type": "Bitmap Heap Scan", "Parent Relationship": "Inner", "Relation Name": "movie_keyword", "Alias": "mk", "Startup Cost": 4.51, "Total Cost": 132.58, "Plan Rows": 33, "Plan Width": 8, "Recheck Cond": "(keyword_id = k.id)", "Plans": [{"Node Type": "Bitmap Index Scan", "Parent Relationship": "Outer", "Index Name": "keyword_id_movie_keyword", "Startup Cost": 0.0, "Total Cost": 4.5, "Plan Rows": 33, "Plan Width": 0, "Index Cond": "(keyword_id = k.id)"}]}]}, {"Node Type": "Bitmap Heap Scan", "Parent Relationship": "Inner", "Relation Name": "title", "Alias": "t", "Startup Cost": 0.27, "Total Cost": 4.28, "Plan Rows": 1, "Plan Width": 21, "Recheck Cond": "(id = mk.movie_id)", "Filter": "(((title)::text ~~ '%Money%'::text) AND (production_year = 1998))", "Plans": [{"Node Type": "Bitmap Index Scan", "Parent Relationship": "Outer", "Index Name": "title_pkey", "Startup Cost": 0.0, "Total Cost": 0.27, "Plan Rows": 1, "Plan Width": 0, "Index Cond": "(id = mk.movie_id)"}]}]}, {"Node Type": "Bitmap Heap Scan", "Parent Relationship": "Inner", "Relation Name": "movie_companies", "Alias": "mc", "Startup Cost": 0.27, "Total Cost": 4.3, "Plan Rows": 2, "Plan Width": 12, "Recheck Cond": "(movie_id = mk.movie_id)", "Filter": "(note IS NULL)", "Plans": [{"Node Type": "Bitmap Index Scan", "Parent Relationship": "Outer", "Index Name": "movie_id_movie_companies", "Startup Cost": 0.0, "Total Cost": 0.27, "Plan Rows": 2, "Plan Width": 0, "Index Cond": "(movie_id = mk.movie_id)"}]}]}, {"Node Type": "Bitmap Heap Scan", "Parent Relationship": "Inner", "Relation Name": "company_name", "Alias": "cn", "Startup Cost": 0.26, "Total Cost": 4.28, "Plan Rows": 1, "Plan Width": 23, "Recheck Cond": "(id = mc.company_id)", "Filter": "(((country_code)::text <> '[pl]'::text) AND (((name)::text ~~ '%Film%'::text) OR ((name)::text ~~ '%Warner%'::text)))", "Plans": [{"Node Type": "Bitmap Index Scan", "Parent Relationship": "Outer", "Index Name": "company_name_pkey", "Startup Cost": 0.0, "Total Cost": 0.26, "Plan Rows": 1, "Plan Width": 0, "Index Cond": "(id = mc.company_id)"}]}]}, {"Node Type": "Bitmap Heap Scan", "Parent Relationship": "Inner", "Relation Name": "company_type", "Alias": "ct", "Startup Cost": 0.26, "Total Cost": 4.27, "Plan Rows": 1, "Plan Width": 4, "Recheck Cond": "(id = mc.company_type_id)", "Filter": "((kind)::text = 'production companies'::text)", "Plans": [{"Node Type": "Bitmap Index Scan", "Parent Relationship": "Outer", "Index Name": "company_type_pkey", "Startup Cost": 0.0, "Total Cost": 0.26, "Plan Rows": 1, "Plan Width": 0, "Index Cond": "(id = mc.company_type_id)"}]}]}, {"Node Type": "Bitmap Heap Scan", "Parent Relationship": "Inner", "Relation Name": "movie_link", "Alias": "ml", "Startup Cost": 0.29, "Total Cost": 4.35, "Plan Rows": 5, "Plan Width": 8, "Recheck Cond": "(movie_id = mk.movie_id)", "Plans": [{"Node Type": "Bitmap Index Scan", "Parent Relationship": "Outer", "Index Name": "movie_id_movie_link", "Startup Cost": 0.0, "Total Cost": 0.29, "Plan Rows": 5, "Plan Width": 0, "Index Cond": "(movie_id = mk.movie_id)"}]}]}, {"Node Type": "Bitmap Heap Scan", "Parent Relationship": "Inner", "Relation Name": "link_type", "Alias": "lt", "Startup Cost": 0.26, "Total Cost": 4.27, "Plan Rows": 1, "Plan Width": 16, "Recheck Cond": "(id = ml.link_type_id)", "Filter": "((link)::text ~~ '%follows%'::text)", "Plans": [{"Node Type": "Bitmap Index Scan", "Parent Relationship": "Outer", "Index Name": "link_type_pkey", "Startup Cost": 0.0, "Total Cost": 0.26, "Plan Rows": 1, "Plan Width": 0, "Index Cond": "(id = ml.link_type_id)"}]}]}]}, "Unique SQL Id": 4121279504}, "explain_analyze_plan": {"Plan": {"Node Type": "Aggregate", "Strategy": "Plain", "Startup Cost": 3451.4, "Total Cost": 3451.41, "Plan Rows": 1, "Plan Width": 144, "Actual Startup Time": 161.722, "Actual Total Time": 161.723, "Actual Rows": 1, "Actual Loops": 1, "Plans": [{"Node Type": "Nested Loop", "Parent Relationship": "Outer", "Join Type": "Inner", "Startup Cost": 725.2, "Total Cost": 3451.4, "Plan Rows": 1, "Plan Width": 48, "Actual Startup Time": 161.712, "Actual Total Time": 161.712, "Actual Rows": 0, "Actual Loops": 1, "Inner Unique": true, "Plans": [{"Node Type": "Nested Loop", "Parent Relationship": "Outer", "Join Type": "Inner", "Startup Cost": 724.95, "Total Cost": 3447.11, "Plan Rows": 1, "Plan Width": 40, "Actual Startup Time": 19.997, "Actual Total Time": 161.571, "Actual Rows": 38, "Actual Loops": 1, "Inner Unique": false, "Join Filter": "(t.id = ml.movie_id)", "Rows Removed by Join Filter": 0, "Plans": [{"Node Type": "Nested Loop", "Parent Relationship": "Outer", "Join Type": "Inner", "Startup Cost": 724.66, "Total Cost": 3442.7, "Plan Rows": 1, "Plan Width": 48, "Actual Startup Time": 19.97, "Actual Total Time": 161.514, "Actual Rows": 2, "Actual Loops": 1, "Inner Unique": true, "Plans": [{"Node Type": "Nested Loop", "Parent Relationship": "Outer", "Join Type": "Inner", "Startup Cost": 724.4, "Total Cost": 3438.42, "Plan Rows": 1, "Plan Width": 52, "Actual Startup Time": 19.958, "Actual Total Time": 161.497, "Actual Rows": 2, "Actual Loops": 1, "Inner Unique": true, "Plans": [{"Node Type": "Nested Loop", "Parent Relationship": "Outer", "Join Type": "Inner", "Startup Cost": 724.14, "Total Cost": 3434.13, "Plan Rows": 1, "Plan Width": 37, "Actual Startup Time": 19.933, "Actual Total Time": 161.449, "Actual Rows": 3, "Actual Loops": 1, "Inner Unique": false, "Join Filter": "(t.id = mc.movie_id)", "Rows Removed by Join Filter": 0, "Plans": [{"Node Type": "Nested Loop", "Parent Relationship": "Outer", "Join Type": "Inner", "Startup Cost": 723.87, "Total Cost": 3429.8, "Plan Rows": 1, "Plan Width": 25, "Actual Startup Time": 19.903, "Actual Total Time": 161.415, "Actual Rows": 1, "Actual Loops": 1, "Inner Unique": true, "Plans": [{"Node Type": "Nested Loop", "Parent Relationship": "Outer", "Join Type": "Inner", "Startup Cost": 723.6, "Total Cost": 3288.12, "Plan Rows": 33, "Plan Width": 4, "Actual Startup Time": 19.48, "Actual Total Time": 84.809, "Actual Rows": 10544, "Actual Loops": 1, "Inner Unique": false, "Plans": [{"Node Type": "Bitmap Heap Scan", "Parent Relationship": "Outer", "Relation Name": "keyword", "Alias": "k", "Startup Cost": 719.1, "Total Cost": 3155.21, "Plan Rows": 1, "Plan Width": 4, "Actual Startup Time": 16.533, "Actual Total Time": 64.286, "Actual Rows": 1, "Actual Loops": 1, "Filter": "((keyword)::text = 'sequel'::text)", "Rows Removed by Filter": 134168, "Exact Heap Blocks": 759, "Lossy Heap Blocks": 759, "Plans": [{"Node Type": "Bitmap Index Scan", "Parent Relationship": "Outer", "Index Name": "keyword_pkey", "Startup Cost": 0.0, "Total Cost": 719.1, "Plan Rows": 134169, "Plan Width": 0, "Actual Startup Time": 13.54, "Actual Total Time": 13.54, "Actual Rows": 134169, "Actual Loops": 1}]}, {"Node Type": "Bitmap Heap Scan", "Parent Relationship": "Inner", "Relation Name": "movie_keyword", "Alias": "mk", "Startup Cost": 4.51, "Total Cost": 132.58, "Plan Rows": 33, "Plan Width": 8, "Actual Startup Time": 2.933, "Actual Total Time": 18.397, "Actual Rows": 10544, "Actual Loops": 1, "Recheck Cond": "(keyword_id = k.id)", "Rows Removed by Index Recheck": 0, "Exact Heap Blocks": 5090, "Lossy Heap Blocks": 5090, "Plans": [{"Node Type": "Bitmap Index Scan", "Parent Relationship": "Outer", "Index Name": "keyword_id_movie_keyword", "Startup Cost": 0.0, "Total Cost": 4.5, "Plan Rows": 33, "Plan Width": 0, "Actual Startup Time": 2.017, "Actual Total Time": 2.017, "Actual Rows": 10544, "Actual Loops": 1, "Index Cond": "(keyword_id = k.id)"}]}]}, {"Node Type": "Bitmap Heap Scan", "Parent Relationship": "Inner", "Relation Name": "title", "Alias": "t", "Startup Cost": 0.27, "Total Cost": 4.28, "Plan Rows": 1, "Plan Width": 21, "Actual Startup Time": 64.824, "Actual Total Time": 64.824, "Actual Rows": 1, "Actual Loops": 10544, "Recheck Cond": "(id = mk.movie_id)", "Rows Removed by Index Recheck": 0, "Filter": "(((title)::text ~~ '%Money%'::text) AND (production_year = 1998))", "Rows Removed by Filter": 10543, "Exact Heap Blocks": 10544, "Lossy Heap Blocks": 10544, "Plans": [{"Node Type": "Bitmap Index Scan", "Parent Relationship": "Outer", "Index Name": "title_pkey", "Startup Cost": 0.0, "Total Cost": 0.27, "Plan Rows": 1, "Plan Width": 0, "Actual Startup Time": 31.063, "Actual Total Time": 31.063, "Actual Rows": 10544, "Actual Loops": 10544, "Index Cond": "(id = mk.movie_id)"}]}]}, {"Node Type": "Bitmap Heap Scan", "Parent Relationship": "Inner", "Relation Name": "movie_companies", "Alias": "mc", "Startup Cost": 0.27, "Total Cost": 4.3, "Plan Rows": 2, "Plan Width": 12, "Actual Startup Time": 0.024, "Actual Total Time": 0.025, "Actual Rows": 3, "Actual Loops": 1, "Recheck Cond": "(movie_id = mk.movie_id)", "Rows Removed by Index Recheck": 0, "Filter": "(note IS NULL)", "Rows Removed by Filter": 1, "Exact Heap Blocks": 2, "Lossy Heap Blocks": 2, "Plans": [{"Node Type": "Bitmap Index Scan", "Parent Relationship": "Outer", "Index Name": "movie_id_movie_companies", "Startup Cost": 0.0, "Total Cost": 0.27, "Plan Rows": 2, "Plan Width": 0, "Actual Startup Time": 0.012, "Actual Total Time": 0.012, "Actual Rows": 4, "Actual Loops": 1, "Index Cond": "(movie_id = mk.movie_id)"}]}]}, {"Node Type": "Bitmap Heap Scan", "Parent Relationship": "Inner", "Relation Name": "company_name", "Alias": "cn", "Startup Cost": 0.26, "Total Cost": 4.28, "Plan Rows": 1, "Plan Width": 23, "Actual Startup Time": 0.041, "Actual Total Time": 0.041, "Actual Rows": 2, "Actual Loops": 3, "Recheck Cond": "(id = mc.company_id)", "Rows Removed by Index Recheck": 0, "Filter": "(((country_code)::text <> '[pl]'::text) AND (((name)::text ~~ '%Film%'::text) OR ((name)::text ~~ '%Warner%'::text)))", "Rows Removed by Filter": 1, "Exact Heap Blocks": 3, "Lossy Heap Blocks": 3, "Plans": [{"Node Type": "Bitmap Index Scan", "Parent Relationship": "Outer", "Index Name": "company_name_pkey", "Startup Cost": 0.0, "Total Cost": 0.26, "Plan Rows": 1, "Plan Width": 0, "Actual Startup Time": 0.02, "Actual Total Time": 0.02, "Actual Rows": 3, "Actual Loops": 3, "Index Cond": "(id = mc.company_id)"}]}]}, {"Node Type": "Bitmap Heap Scan", "Parent Relationship": "Inner", "Relation Name": "company_type", "Alias": "ct", "Startup Cost": 0.26, "Total Cost": 4.27, "Plan Rows": 1, "Plan Width": 4, "Actual Startup Time": 0.013, "Actual Total Time": 0.013, "Actual Rows": 2, "Actual Loops": 2, "Recheck Cond": "(id = mc.company_type_id)", "Rows Removed by Index Recheck": 0, "Filter": "((kind)::text = 'production companies'::text)", "Rows Removed by Filter": 0, "Exact Heap Blocks": 2, "Lossy Heap Blocks": 2, "Plans": [{"Node Type": "Bitmap Index Scan", "Parent Relationship": "Outer", "Index Name": "company_type_pkey", "Startup Cost": 0.0, "Total Cost": 0.26, "Plan Rows": 1, "Plan Width": 0, "Actual Startup Time": 0.004, "Actual Total Time": 0.004, "Actual Rows": 2, "Actual Loops": 2, "Index Cond": "(id = mc.company_type_id)"}]}]}, {"Node Type": "Bitmap Heap Scan", "Parent Relationship": "Inner", "Relation Name": "movie_link", "Alias": "ml", "Startup Cost": 0.29, "Total Cost": 4.35, "Plan Rows": 5, "Plan Width": 8, "Actual Startup Time": 0.025, "Actual Total Time": 0.028, "Actual Rows": 38, "Actual Loops": 2, "Recheck Cond": "(movie_id = mk.movie_id)", "Rows Removed by Index Recheck": 0, "Exact Heap Blocks": 2, "Lossy Heap Blocks": 2, "Plans": [{"Node Type": "Bitmap Index Scan", "Parent Relationship": "Outer", "Index Name": "movie_id_movie_link", "Startup Cost": 0.0, "Total Cost": 0.29, "Plan Rows": 5, "Plan Width": 0, "Actual Startup Time": 0.013, "Actual Total Time": 0.013, "Actual Rows": 38, "Actual Loops": 2, "Index Cond": "(movie_id = mk.movie_id)"}]}]}, {"Node Type": "Bitmap Heap Scan", "Parent Relationship": "Inner", "Relation Name": "link_type", "Alias": "lt", "Startup Cost": 0.26, "Total Cost": 4.27, "Plan Rows": 1, "Plan Width": 16, "Actual Startup Time": 0.097, "Actual Total Time": 0.097, "Actual Rows": 0, "Actual Loops": 38, "Recheck Cond": "(id = ml.link_type_id)", "Rows Removed by Index Recheck": 0, "Filter": "((link)::text ~~ '%follows%'::text)", "Rows Removed by Filter": 24, "Exact Heap Blocks": 24, "Lossy Heap Blocks": 24, "Plans": [{"Node Type": "Bitmap Index Scan", "Parent Relationship": "Outer", "Index Name": "link_type_pkey", "Startup Cost": 0.0, "Total Cost": 0.26, "Plan Rows": 1, "Plan Width": 0, "Actual Startup Time": 0.039, "Actual Total Time": 0.039, "Actual Rows": 24, "Actual Loops": 38, "Index Cond": "(id = ml.link_type_id)"}]}]}]}, "Triggers": [], "Planner Runtime": 60.458, "Total Runtime": 162.221, "Unique SQL Id": 4121279504}}, "(64, 72)": {"explain_plan": {"Plan": {"Node Type": "Aggregate", "Strategy": "Plain", "Startup Cost": 2585.63, "Total Cost": 2585.64, "Plan Rows": 1, "Plan Width": 144, "Plans": [{"Node Type": "Nested Loop", "Parent Relationship": "Outer", "Join Type": "Inner", "Startup Cost": 0.0, "Total Cost": 2585.62, "Plan Rows": 1, "Plan Width": 48, "Inner Unique": true, "Plans": [{"Node Type": "Nested Loop", "Parent Relationship": "Outer", "Join Type": "Inner", "Startup Cost": 0.0, "Total Cost": 2585.34, "Plan Rows": 1, "Plan Width": 40, "Inner Unique": false, "Join Filter": "(t.id = ml.movie_id)", "Plans": [{"Node Type": "Nested Loop", "Parent Relationship": "Outer", "Join Type": "Inner", "Startup Cost": 0.0, "Total Cost": 2584.93, "Plan Rows": 1, "Plan Width": 48, "Inner Unique": true, "Plans": [{"Node Type": "Nested Loop", "Parent Relationship": "Outer", "Join Type": "Inner", "Startup Cost": 0.0, "Total Cost": 2584.64, "Plan Rows": 1, "Plan Width": 52, "Inner Unique": true, "Plans": [{"Node Type": "Nested Loop", "Parent Relationship": "Outer", "Join Type": "Inner", "Startup Cost": 0.0, "Total Cost": 2584.35, "Plan Rows": 1, "Plan Width": 37, "Inner Unique": false, "Join Filter": "(t.id = mc.movie_id)", "Plans": [{"Node Type": "Nested Loop", "Parent Relationship": "Outer", "Join Type": "Inner", "Startup Cost": 0.0, "Total Cost": 2584.01, "Plan Rows": 1, "Plan Width": 25, "Inner Unique": true, "Plans": [{"Node Type": "Nested Loop", "Parent Relationship": "Outer", "Join Type": "Inner", "Startup Cost": 0.0, "Total Cost": 2573.32, "Plan Rows": 33, "Plan Width": 4, "Inner Unique": false, "Plans": [{"Node Type": "Seq Scan", "Parent Relationship": "Outer", "Relation Name": "keyword", "Alias": "k", "Startup Cost": 0.0, "Total Cost": 2436.11, "Plan Rows": 1, "Plan Width": 4, "Filter": "((keyword)::text = 'sequel'::text)"}, {"Node Type": "Index Scan", "Parent Relationship": "Inner", "Scan Direction": "Forward", "Index Name": "keyword_id_movie_keyword", "Relation Name": "movie_keyword", "Alias": "mk", "Startup Cost": 0.0, "Total Cost": 136.88, "Plan Rows": 33, "Plan Width": 8, "Index Cond": "(keyword_id = k.id)"}]}, {"Node Type": "Index Scan", "Parent Relationship": "Inner", "Scan Direction": "Forward", "Index Name": "title_pkey", "Relation Name": "title", "Alias": "t", "Startup Cost": 0.0, "Total Cost": 0.31, "Plan Rows": 1, "Plan Width": 21, "Index Cond": "(id = mk.movie_id)", "Filter": "(((title)::text ~~ '%Money%'::text) AND (production_year = 1998))"}]}, {"Node Type": "Index Scan", "Parent Relationship": "Inner", "Scan Direction": "Forward", "Index Name": "movie_id_movie_companies", "Relation Name": "movie_companies", "Alias": "mc", "Startup Cost": 0.0, "Total Cost": 0.31, "Plan Rows": 2, "Plan Width": 12, "Index Cond": "(movie_id = mk.movie_id)", "Filter": "(note IS NULL)"}]}, {"Node Type": "Index Scan", "Parent Relationship": "Inner", "Scan Direction": "Forward", "Index Name": "company_name_pkey", "Relation Name": "company_name", "Alias": "cn", "Startup Cost": 0.0, "Total Cost": 0.29, "Plan Rows": 1, "Plan Width": 23, "Index Cond": "(id = mc.company_id)", "Filter": "(((country_code)::text <> '[pl]'::text) AND (((name)::text ~~ '%Film%'::text) OR ((name)::text ~~ '%Warner%'::text)))"}]}, {"Node Type": "Index Scan", "Parent Relationship": "Inner", "Scan Direction": "Forward", "Index Name": "company_type_pkey", "Relation Name": "company_type", "Alias": "ct", "Startup Cost": 0.0, "Total Cost": 0.27, "Plan Rows": 1, "Plan Width": 4, "Index Cond": "(id = mc.company_type_id)", "Filter": "((kind)::text = 'production companies'::text)"}]}, {"Node Type": "Index Scan", "Parent Relationship": "Inner", "Scan Direction": "Forward", "Index Name": "movie_id_movie_link", "Relation Name": "movie_link", "Alias": "ml", "Startup Cost": 0.0, "Total Cost": 0.35, "Plan Rows": 5, "Plan Width": 8, "Index Cond": "(movie_id = mk.movie_id)"}]}, {"Node Type": "Index Scan", "Parent Relationship": "Inner", "Scan Direction": "Forward", "Index Name": "link_type_pkey", "Relation Name": "link_type", "Alias": "lt", "Startup Cost": 0.0, "Total Cost": 0.27, "Plan Rows": 1, "Plan Width": 16, "Index Cond": "(id = ml.link_type_id)", "Filter": "((link)::text ~~ '%follows%'::text)"}]}]}, "Unique SQL Id": 4121279504}, "explain_analyze_plan": {"Plan": {"Node Type": "Aggregate", "Strategy": "Plain", "Startup Cost": 2585.63, "Total Cost": 2585.64, "Plan Rows": 1, "Plan Width": 144, "Actual Startup Time": 120.206, "Actual Total Time": 120.207, "Actual Rows": 1, "Actual Loops": 1, "Plans": [{"Node Type": "Nested Loop", "Parent Relationship": "Outer", "Join Type": "Inner", "Startup Cost": 0.0, "Total Cost": 2585.62, "Plan Rows": 1, "Plan Width": 48, "Actual Startup Time": 120.199, "Actual Total Time": 120.199, "Actual Rows": 0, "Actual Loops": 1, "Inner Unique": true, "Plans": [{"Node Type": "Nested Loop", "Parent Relationship": "Outer", "Join Type": "Inner", "Startup Cost": 0.0, "Total Cost": 2585.34, "Plan Rows": 1, "Plan Width": 40, "Actual Startup Time": 2.804, "Actual Total Time": 120.112, "Actual Rows": 38, "Actual Loops": 1, "Inner Unique": false, "Join Filter": "(t.id = ml.movie_id)", "Rows Removed by Join Filter": 0, "Plans": [{"Node Type": "Nested Loop", "Parent Relationship": "Outer", "Join Type": "Inner", "Startup Cost": 0.0, "Total Cost": 2584.93, "Plan Rows": 1, "Plan Width": 48, "Actual Startup Time": 2.79, "Actual Total Time": 120.066, "Actual Rows": 2, "Actual Loops": 1, "Inner Unique": true, "Plans": [{"Node Type": "Nested Loop", "Parent Relationship": "Outer", "Join Type": "Inner", "Startup Cost": 0.0, "Total Cost": 2584.64, "Plan Rows": 1, "Plan Width": 52, "Actual Startup Time": 2.781, "Actual Total Time": 120.052, "Actual Rows": 2, "Actual Loops": 1, "Inner Unique": true, "Plans": [{"Node Type": "Nested Loop", "Parent Relationship": "Outer", "Join Type": "Inner", "Startup Cost": 0.0, "Total Cost": 2584.35, "Plan Rows": 1, "Plan Width": 37, "Actual Startup Time": 2.759, "Actual Total Time": 120.009, "Actual Rows": 3, "Actual Loops": 1, "Inner Unique": false, "Join Filter": "(t.id = mc.movie_id)", "Rows Removed by Join Filter": 0, "Plans": [{"Node Type": "Nested Loop", "Parent Relationship": "Outer", "Join Type": "Inner", "Startup Cost": 0.0, "Total Cost": 2584.01, "Plan Rows": 1, "Plan Width": 25, "Actual Startup Time": 2.739, "Actual Total Time": 119.985, "Actual Rows": 1, "Actual Loops": 1, "Inner Unique": true, "Plans": [{"Node Type": "Nested Loop", "Parent Relationship": "Outer", "Join Type": "Inner", "Startup Cost": 0.0, "Total Cost": 2573.32, "Plan Rows": 33, "Plan Width": 4, "Actual Startup Time": 2.392, "Actual Total Time": 59.078, "Actual Rows": 10544, "Actual Loops": 1, "Inner Unique": false, "Plans": [{"Node Type": "Seq Scan", "Parent Relationship": "Outer", "Relation Name": "keyword", "Alias": "k", "Startup Cost": 0.0, "Total Cost": 2436.11, "Plan Rows": 1, "Plan Width": 4, "Actual Startup Time": 2.347, "Actual Total Time": 41.646, "Actual Rows": 1, "Actual Loops": 1, "Filter": "((keyword)::text = 'sequel'::text)", "Rows Removed by Filter": 134168}, {"Node Type": "Index Scan", "Parent Relationship": "Inner", "Scan Direction": "Forward", "Index Name": "keyword_id_movie_keyword", "Relation Name": "movie_keyword", "Alias": "mk", "Startup Cost": 0.0, "Total Cost": 136.88, "Plan Rows": 33, "Plan Width": 8, "Actual Startup Time": 0.038, "Actual Total Time": 15.158, "Actual Rows": 10544, "Actual Loops": 1, "Index Cond": "(keyword_id = k.id)", "Rows Removed by Index Recheck": 0}]}, {"Node Type": "Index Scan", "Parent Relationship": "Inner", "Scan Direction": "Forward", "Index Name": "title_pkey", "Relation Name": "title", "Alias": "t", "Startup Cost": 0.0, "Total Cost": 0.31, "Plan Rows": 1, "Plan Width": 21, "Actual Startup Time": 55.67, "Actual Total Time": 55.67, "Actual Rows": 1, "Actual Loops": 10544, "Index Cond": "(id = mk.movie_id)", "Rows Removed by Index Recheck": 0, "Filter": "(((title)::text ~~ '%Money%'::text) AND (production_year = 1998))", "Rows Removed by Filter": 10543}]}, {"Node Type": "Index Scan", "Parent Relationship": "Inner", "Scan Direction": "Forward", "Index Name": "movie_id_movie_companies", "Relation Name": "movie_companies", "Alias": "mc", "Startup Cost": 0.0, "Total Cost": 0.31, "Plan Rows": 2, "Plan Width": 12, "Actual Startup Time": 0.016, "Actual Total Time": 0.017, "Actual Rows": 3, "Actual Loops": 1, "Index Cond": "(movie_id = mk.movie_id)", "Rows Removed by Index Recheck": 0, "Filter": "(note IS NULL)", "Rows Removed by Filter": 1}]}, {"Node Type": "Index Scan", "Parent Relationship": "Inner", "Scan Direction": "Forward", "Index Name": "company_name_pkey", "Relation Name": "company_name", "Alias": "cn", "Startup Cost": 0.0, "Total Cost": 0.29, "Plan Rows": 1, "Plan Width": 23, "Actual Startup Time": 0.038, "Actual Total Time": 0.038, "Actual Rows": 2, "Actual Loops": 3, "Index Cond": "(id = mc.company_id)", "Rows Removed by Index Recheck": 0, "Filter": "(((country_code)::text <> '[pl]'::text) AND (((name)::text ~~ '%Film%'::text) OR ((name)::text ~~ '%Warner%'::text)))", "Rows Removed by Filter": 1}]}, {"Node Type": "Index Scan", "Parent Relationship": "Inner", "Scan Direction": "Forward", "Index Name": "company_type_pkey", "Relation Name": "company_type", "Alias": "ct", "Startup Cost": 0.0, "Total Cost": 0.27, "Plan Rows": 1, "Plan Width": 4, "Actual Startup Time": 0.01, "Actual Total Time": 0.01, "Actual Rows": 2, "Actual Loops": 2, "Index Cond": "(id = mc.company_type_id)", "Rows Removed by Index Recheck": 0, "Filter": "((kind)::text = 'production companies'::text)", "Rows Removed by Filter": 0}]}, {"Node Type": "Index Scan", "Parent Relationship": "Inner", "Scan Direction": "Forward", "Index Name": "movie_id_movie_link", "Relation Name": "movie_link", "Alias": "ml", "Startup Cost": 0.0, "Total Cost": 0.35, "Plan Rows": 5, "Plan Width": 8, "Actual Startup Time": 0.015, "Actual Total Time": 0.031, "Actual Rows": 38, "Actual Loops": 2, "Index Cond": "(movie_id = mk.movie_id)", "Rows Removed by Index Recheck": 0}]}, {"Node Type": "Index Scan", "Parent Relationship": "Inner", "Scan Direction": "Forward", "Index Name": "link_type_pkey", "Relation Name": "link_type", "Alias": "lt", "Startup Cost": 0.0, "Total Cost": 0.27, "Plan Rows": 1, "Plan Width": 16, "Actual Startup Time": 0.063, "Actual Total Time": 0.063, "Actual Rows": 0, "Actual Loops": 38, "Index Cond": "(id = ml.link_type_id)", "Rows Removed by Index Recheck": 0, "Filter": "((link)::text ~~ '%follows%'::text)", "Rows Removed by Filter": 24}]}]}, "Triggers": [], "Planner Runtime": 76.567, "Total Runtime": 120.592, "Unique SQL Id": 4121279504}}, "(64, 73)": {"explain_plan": {"Plan": {"Node Type": "Aggregate", "Strategy": "Plain", "Startup Cost": 3332.23, "Total Cost": 3332.24, "Plan Rows": 1, "Plan Width": 144, "Plans": [{"Node Type": "Nested Loop", "Parent Relationship": "Outer", "Join Type": "Inner", "Startup Cost": 0.0, "Total Cost": 3332.23, "Plan Rows": 1, "Plan Width": 48, "Inner Unique": true, "Plans": [{"Node Type": "Nested Loop", "Parent Relationship": "Outer", "Join Type": "Inner", "Startup Cost": 0.0, "Total Cost": 3331.94, "Plan Rows": 1, "Plan Width": 40, "Inner Unique": false, "Join Filter": "(t.id = ml.movie_id)", "Plans": [{"Node Type": "Nested Loop", "Parent Relationship": "Outer", "Join Type": "Inner", "Startup Cost": 0.0, "Total Cost": 3331.53, "Plan Rows": 1, "Plan Width": 48, "Inner Unique": true, "Plans": [{"Node Type": "Nested Loop", "Parent Relationship": "Outer", "Join Type": "Inner", "Startup Cost": 0.0, "Total Cost": 3331.25, "Plan Rows": 1, "Plan Width": 52, "Inner Unique": true, "Plans": [{"Node Type": "Nested Loop", "Parent Relationship": "Outer", "Join Type": "Inner", "Startup Cost": 0.0, "Total Cost": 3330.95, "Plan Rows": 1, "Plan Width": 37, "Inner Unique": false, "Join Filter": "(t.id = mc.movie_id)", "Plans": [{"Node Type": "Nested Loop", "Parent Relationship": "Outer", "Join Type": "Inner", "Startup Cost": 0.0, "Total Cost": 3330.61, "Plan Rows": 1, "Plan Width": 25, "Inner Unique": true, "Plans": [{"Node Type": "Nested Loop", "Parent Relationship": "Outer", "Join Type": "Inner", "Startup Cost": 0.0, "Total Cost": 3319.92, "Plan Rows": 33, "Plan Width": 4, "Inner Unique": false, "Plans": [{"Node Type": "Index Scan", "Parent Relationship": "Outer", "Scan Direction": "Forward", "Index Name": "keyword_pkey", "Relation Name": "keyword", "Alias": "k", "Startup Cost": 0.0, "Total Cost": 3182.72, "Plan Rows": 1, "Plan Width": 4, "Filter": "((keyword)::text = 'sequel'::text)"}, {"Node Type": "Index Scan", "Parent Relationship": "Inner", "Scan Direction": "Forward", "Index Name": "keyword_id_movie_keyword", "Relation Name": "movie_keyword", "Alias": "mk", "Startup Cost": 0.0, "Total Cost": 136.88, "Plan Rows": 33, "Plan Width": 8, "Index Cond": "(keyword_id = k.id)"}]}, {"Node Type": "Index Scan", "Parent Relationship": "Inner", "Scan Direction": "Forward", "Index Name": "title_pkey", "Relation Name": "title", "Alias": "t", "Startup Cost": 0.0, "Total Cost": 0.31, "Plan Rows": 1, "Plan Width": 21, "Index Cond": "(id = mk.movie_id)", "Filter": "(((title)::text ~~ '%Money%'::text) AND (production_year = 1998))"}]}, {"Node Type": "Index Scan", "Parent Relationship": "Inner", "Scan Direction": "Forward", "Index Name": "movie_id_movie_companies", "Relation Name": "movie_companies", "Alias": "mc", "Startup Cost": 0.0, "Total Cost": 0.31, "Plan Rows": 2, "Plan Width": 12, "Index Cond": "(movie_id = mk.movie_id)", "Filter": "(note IS NULL)"}]}, {"Node Type": "Index Scan", "Parent Relationship": "Inner", "Scan Direction": "Forward", "Index Name": "company_name_pkey", "Relation Name": "company_name", "Alias": "cn", "Startup Cost": 0.0, "Total Cost": 0.29, "Plan Rows": 1, "Plan Width": 23, "Index Cond": "(id = mc.company_id)", "Filter": "(((country_code)::text <> '[pl]'::text) AND (((name)::text ~~ '%Film%'::text) OR ((name)::text ~~ '%Warner%'::text)))"}]}, {"Node Type": "Index Scan", "Parent Relationship": "Inner", "Scan Direction": "Forward", "Index Name": "company_type_pkey", "Relation Name": "company_type", "Alias": "ct", "Startup Cost": 0.0, "Total Cost": 0.27, "Plan Rows": 1, "Plan Width": 4, "Index Cond": "(id = mc.company_type_id)", "Filter": "((kind)::text = 'production companies'::text)"}]}, {"Node Type": "Index Scan", "Parent Relationship": "Inner", "Scan Direction": "Forward", "Index Name": "movie_id_movie_link", "Relation Name": "movie_link", "Alias": "ml", "Startup Cost": 0.0, "Total Cost": 0.35, "Plan Rows": 5, "Plan Width": 8, "Index Cond": "(movie_id = mk.movie_id)"}]}, {"Node Type": "Index Scan", "Parent Relationship": "Inner", "Scan Direction": "Forward", "Index Name": "link_type_pkey", "Relation Name": "link_type", "Alias": "lt", "Startup Cost": 0.0, "Total Cost": 0.27, "Plan Rows": 1, "Plan Width": 16, "Index Cond": "(id = ml.link_type_id)", "Filter": "((link)::text ~~ '%follows%'::text)"}]}]}, "Unique SQL Id": 4121279504}, "explain_analyze_plan": {"Plan": {"Node Type": "Aggregate", "Strategy": "Plain", "Startup Cost": 3332.23, "Total Cost": 3332.24, "Plan Rows": 1, "Plan Width": 144, "Actual Startup Time": 195.478, "Actual Total Time": 195.479, "Actual Rows": 1, "Actual Loops": 1, "Plans": [{"Node Type": "Nested Loop", "Parent Relationship": "Outer", "Join Type": "Inner", "Startup Cost": 0.0, "Total Cost": 3332.23, "Plan Rows": 1, "Plan Width": 48, "Actual Startup Time": 195.466, "Actual Total Time": 195.466, "Actual Rows": 0, "Actual Loops": 1, "Inner Unique": true, "Plans": [{"Node Type": "Nested Loop", "Parent Relationship": "Outer", "Join Type": "Inner", "Startup Cost": 0.0, "Total Cost": 3331.94, "Plan Rows": 1, "Plan Width": 40, "Actual Startup Time": 1.022, "Actual Total Time": 195.379, "Actual Rows": 38, "Actual Loops": 1, "Inner Unique": false, "Join Filter": "(t.id = ml.movie_id)", "Rows Removed by Join Filter": 0, "Plans": [{"Node Type": "Nested Loop", "Parent Relationship": "Outer", "Join Type": "Inner", "Startup Cost": 0.0, "Total Cost": 3331.53, "Plan Rows": 1, "Plan Width": 48, "Actual Startup Time": 1.006, "Actual Total Time": 195.329, "Actual Rows": 2, "Actual Loops": 1, "Inner Unique": true, "Plans": [{"Node Type": "Nested Loop", "Parent Relationship": "Outer", "Join Type": "Inner", "Startup Cost": 0.0, "Total Cost": 3331.25, "Plan Rows": 1, "Plan Width": 52, "Actual Startup Time": 0.993, "Actual Total Time": 195.312, "Actual Rows": 2, "Actual Loops": 1, "Inner Unique": true, "Plans": [{"Node Type": "Nested Loop", "Parent Relationship": "Outer", "Join Type": "Inner", "Startup Cost": 0.0, "Total Cost": 3330.95, "Plan Rows": 1, "Plan Width": 37, "Actual Startup Time": 0.971, "Actual Total Time": 195.27, "Actual Rows": 3, "Actual Loops": 1, "Inner Unique": false, "Join Filter": "(t.id = mc.movie_id)", "Rows Removed by Join Filter": 0, "Plans": [{"Node Type": "Nested Loop", "Parent Relationship": "Outer", "Join Type": "Inner", "Startup Cost": 0.0, "Total Cost": 3330.61, "Plan Rows": 1, "Plan Width": 25, "Actual Startup Time": 0.949, "Actual Total Time": 195.245, "Actual Rows": 1, "Actual Loops": 1, "Inner Unique": true, "Plans": [{"Node Type": "Nested Loop", "Parent Relationship": "Outer", "Join Type": "Inner", "Startup Cost": 0.0, "Total Cost": 3319.92, "Plan Rows": 33, "Plan Width": 4, "Actual Startup Time": 0.597, "Actual Total Time": 133.24, "Actual Rows": 10544, "Actual Loops": 1, "Inner Unique": false, "Plans": [{"Node Type": "Index Scan", "Parent Relationship": "Outer", "Scan Direction": "Forward", "Index Name": "keyword_pkey", "Relation Name": "keyword", "Alias": "k", "Startup Cost": 0.0, "Total Cost": 3182.72, "Plan Rows": 1, "Plan Width": 4, "Actual Startup Time": 0.557, "Actual Total Time": 115.424, "Actual Rows": 1, "Actual Loops": 1, "Filter": "((keyword)::text = 'sequel'::text)", "Rows Removed by Filter": 134168}, {"Node Type": "Index Scan", "Parent Relationship": "Inner", "Scan Direction": "Forward", "Index Name": "keyword_id_movie_keyword", "Relation Name": "movie_keyword", "Alias": "mk", "Startup Cost": 0.0, "Total Cost": 136.88, "Plan Rows": 33, "Plan Width": 8, "Actual Startup Time": 0.033, "Actual Total Time": 15.557, "Actual Rows": 10544, "Actual Loops": 1, "Index Cond": "(keyword_id = k.id)", "Rows Removed by Index Recheck": 0}]}, {"Node Type": "Index Scan", "Parent Relationship": "Inner", "Scan Direction": "Forward", "Index Name": "title_pkey", "Relation Name": "title", "Alias": "t", "Startup Cost": 0.0, "Total Cost": 0.31, "Plan Rows": 1, "Plan Width": 21, "Actual Startup Time": 56.68, "Actual Total Time": 56.68, "Actual Rows": 1, "Actual Loops": 10544, "Index Cond": "(id = mk.movie_id)", "Rows Removed by Index Recheck": 0, "Filter": "(((title)::text ~~ '%Money%'::text) AND (production_year = 1998))", "Rows Removed by Filter": 10543}]}, {"Node Type": "Index Scan", "Parent Relationship": "Inner", "Scan Direction": "Forward", "Index Name": "movie_id_movie_companies", "Relation Name": "movie_companies", "Alias": "mc", "Startup Cost": 0.0, "Total Cost": 0.31, "Plan Rows": 2, "Plan Width": 12, "Actual Startup Time": 0.019, "Actual Total Time": 0.022, "Actual Rows": 3, "Actual Loops": 1, "Index Cond": "(movie_id = mk.movie_id)", "Rows Removed by Index Recheck": 0, "Filter": "(note IS NULL)", "Rows Removed by Filter": 1}]}, {"Node Type": "Index Scan", "Parent Relationship": "Inner", "Scan Direction": "Forward", "Index Name": "company_name_pkey", "Relation Name": "company_name", "Alias": "cn", "Startup Cost": 0.0, "Total Cost": 0.29, "Plan Rows": 1, "Plan Width": 23, "Actual Startup Time": 0.038, "Actual Total Time": 0.038, "Actual Rows": 2, "Actual Loops": 3, "Index Cond": "(id = mc.company_id)", "Rows Removed by Index Recheck": 0, "Filter": "(((country_code)::text <> '[pl]'::text) AND (((name)::text ~~ '%Film%'::text) OR ((name)::text ~~ '%Warner%'::text)))", "Rows Removed by Filter": 1}]}, {"Node Type": "Index Scan", "Parent Relationship": "Inner", "Scan Direction": "Forward", "Index Name": "company_type_pkey", "Relation Name": "company_type", "Alias": "ct", "Startup Cost": 0.0, "Total Cost": 0.27, "Plan Rows": 1, "Plan Width": 4, "Actual Startup Time": 0.013, "Actual Total Time": 0.013, "Actual Rows": 2, "Actual Loops": 2, "Index Cond": "(id = mc.company_type_id)", "Rows Removed by Index Recheck": 0, "Filter": "((kind)::text = 'production companies'::text)", "Rows Removed by Filter": 0}]}, {"Node Type": "Index Scan", "Parent Relationship": "Inner", "Scan Direction": "Forward", "Index Name": "movie_id_movie_link", "Relation Name": "movie_link", "Alias": "ml", "Startup Cost": 0.0, "Total Cost": 0.35, "Plan Rows": 5, "Plan Width": 8, "Actual Startup Time": 0.017, "Actual Total Time": 0.028, "Actual Rows": 38, "Actual Loops": 2, "Index Cond": "(movie_id = mk.movie_id)", "Rows Removed by Index Recheck": 0}]}, {"Node Type": "Index Scan", "Parent Relationship": "Inner", "Scan Direction": "Forward", "Index Name": "link_type_pkey", "Relation Name": "link_type", "Alias": "lt", "Startup Cost": 0.0, "Total Cost": 0.27, "Plan Rows": 1, "Plan Width": 16, "Actual Startup Time": 0.066, "Actual Total Time": 0.066, "Actual Rows": 0, "Actual Loops": 38, "Index Cond": "(id = ml.link_type_id)", "Rows Removed by Index Recheck": 0, "Filter": "((link)::text ~~ '%follows%'::text)", "Rows Removed by Filter": 24}]}]}, "Triggers": [], "Planner Runtime": 69.692, "Total Runtime": 195.978, "Unique SQL Id": 4121279504}}, "(64, 74)": {"explain_plan": {"Plan": {"Node Type": "Aggregate", "Strategy": "Plain", "Startup Cost": 193724.13, "Total Cost": 193724.14, "Plan Rows": 1, "Plan Width": 144, "Plans": [{"Node Type": "Hash Join", "Parent Relationship": "Outer", "Join Type": "Inner", "Startup Cost": 119944.24, "Total Cost": 193724.12, "Plan Rows": 1, "Plan Width": 48, "Inner Unique": true, "Hash Cond": "(mc.company_type_id = ct.id)", "Plans": [{"Node Type": "Hash Join", "Parent Relationship": "Outer", "Join Type": "Inner", "Startup Cost": 119943.19, "Total Cost": 193723.06, "Plan Rows": 1, "Plan Width": 52, "Inner Unique": false, "Hash Cond": "(t.id = ml.movie_id)", "Plans": [{"Node Type": "Hash Join", "Parent Relationship": "Outer", "Join Type": "Inner", "Startup Cost": 119393.64, "Total Cost": 193173.45, "Plan Rows": 1, "Plan Width": 52, "Inner Unique": false, "Hash Cond": "(mk.movie_id = t.id)", "Plans": [{"Node Type": "Hash Join", "Parent Relationship": "Outer", "Join Type": "Inner", "Startup Cost": 2436.12, "Total Cost": 76215.84, "Plan Rows": 33, "Plan Width": 4, "Inner Unique": true, "Hash Cond": "(mk.keyword_id = k.id)", "Plans": [{"Node Type": "Seq Scan", "Parent Relationship": "Outer", "Relation Name": "movie_keyword", "Alias": "mk", "Startup Cost": 0.0, "Total Cost": 62441.29, "Plan Rows": 4523929, "Plan Width": 8}, {"Node Type": "Hash", "Parent Relationship": "Inner", "Startup Cost": 2436.11, "Total Cost": 2436.11, "Plan Rows": 1, "Plan Width": 4, "Plans": [{"Node Type": "Seq Scan", "Parent Relationship": "Outer", "Relation Name": "keyword", "Alias": "k", "Startup Cost": 0.0, "Total Cost": 2436.11, "Plan Rows": 1, "Plan Width": 4, "Filter": "((keyword)::text = 'sequel'::text)"}]}]}, {"Node Type": "Hash", "Parent Relationship": "Inner", "Startup Cost": 116957.49, "Total Cost": 116957.49, "Plan Rows": 2, "Plan Width": 48, "Plans": [{"Node Type": "Hash Join", "Parent Relationship": "Outer", "Join Type": "Inner", "Startup Cost": 71934.65, "Total Cost": 116957.49, "Plan Rows": 2, "Plan Width": 48, "Inner Unique": true, "Hash Cond": "(mc.company_id = cn.id)", "Plans": [{"Node Type": "Hash Join", "Parent Relationship": "Outer", "Join Type": "Inner", "Startup Cost": 64136.24, "Total Cost": 109159.03, "Plan Rows": 6, "Plan Width": 33, "Inner Unique": true, "Hash Cond": "(mc.movie_id = t.id)", "Plans": [{"Node Type": "Seq Scan", "Parent Relationship": "Outer", "Relation Name": "movie_companies", "Alias": "mc", "Startup Cost": 0.0, "Total Cost": 41817.28, "Plan Rows": 1269486, "Plan Width": 12, "Filter": "(note IS NULL), (LLVM Optimized)"}, {"Node Type": "Hash", "Parent Relationship": "Inner", "Startup Cost": 64136.19, "Total Cost": 64136.19, "Plan Rows": 4, "Plan Width": 21, "Plans": [{"Node Type": "Streaming(type: LOCAL GATHER dop: 1/64)", "Parent Relationship": "Outer", "Startup Cost": 0.0, "Total Cost": 64136.19, "Plan Rows": 4, "Plan Width": 21, "Plans": [{"Node Type": "Seq Scan", "Parent Relationship": "Outer", "Relation Name": "title", "Alias": "t", "Startup Cost": 0.0, "Total Cost": 64136.1, "Plan Rows": 4, "Plan Width": 21, "Filter": "(((title)::text ~~ '%Money%'::text) AND (production_year = 1998))"}]}]}]}, {"Node Type": "Hash", "Parent Relationship": "Inner", "Startup Cost": 7078.43, "Total Cost": 7078.43, "Plan Rows": 57599, "Plan Width": 23, "Plans": [{"Node Type": "Seq Scan", "Parent Relationship": "Outer", "Relation Name": "company_name", "Alias": "cn", "Startup Cost": 0.0, "Total Cost": 7078.43, "Plan Rows": 57599, "Plan Width": 23, "Filter": "(((country_code)::text <> '[pl]'::text) AND (((name)::text ~~ '%Film%'::text) OR ((name)::text ~~ '%Warner%'::text)))"}]}]}]}]}, {"Node Type": "Hash", "Parent Relationship": "Inner", "Startup Cost": 526.11, "Total Cost": 526.11, "Plan Rows": 1875, "Plan Width": 16, "Plans": [{"Node Type": "Hash Join", "Parent Relationship": "Outer", "Join Type": "Inner", "Startup Cost": 1.22, "Total Cost": 526.11, "Plan Rows": 1875, "Plan Width": 16, "Inner Unique": true, "Hash Cond": "(ml.link_type_id = lt.id)", "Plans": [{"Node Type": "Seq Scan", "Parent Relationship": "Outer", "Relation Name": "movie_link", "Alias": "ml", "Startup Cost": 0.0, "Total Cost": 430.96, "Plan Rows": 29996, "Plan Width": 8}, {"Node Type": "Hash", "Parent Relationship": "Inner", "Startup Cost": 1.21, "Total Cost": 1.21, "Plan Rows": 1, "Plan Width": 16, "Plans": [{"Node Type": "Seq Scan", "Parent Relationship": "Outer", "Relation Name": "link_type", "Alias": "lt", "Startup Cost": 0.0, "Total Cost": 1.21, "Plan Rows": 1, "Plan Width": 16, "Filter": "((link)::text ~~ '%follows%'::text)"}]}]}]}]}, {"Node Type": "Hash", "Parent Relationship": "Inner", "Startup Cost": 1.04, "Total Cost": 1.04, "Plan Rows": 1, "Plan Width": 4, "Plans": [{"Node Type": "Seq Scan", "Parent Relationship": "Outer", "Relation Name": "company_type", "Alias": "ct", "Startup Cost": 0.0, "Total Cost": 1.04, "Plan Rows": 1, "Plan Width": 4, "Filter": "((kind)::text = 'production companies'::text)"}]}]}]}, "Unique SQL Id": 4121279504}, "explain_analyze_plan": {"Plan": {"Node Type": "Aggregate", "Strategy": "Plain", "Startup Cost": 193724.13, "Total Cost": 193724.14, "Plan Rows": 1, "Plan Width": 144, "Actual Min Startup Time": 0.367, "Actual Max Startup Time": 0.367, "Actual Min Total Time": 0.367, "Actual Max Total Time": 0.367, "Actual Total Rows": 1, "Plans": [{"Node Type": "Hash Join", "Parent Relationship": "Outer", "Join Type": "Inner", "Startup Cost": 119944.24, "Total Cost": 193724.12, "Plan Rows": 1, "Plan Width": 48, "Actual Min Startup Time": 0.356, "Actual Max Startup Time": 0.356, "Actual Min Total Time": 0.356, "Actual Max Total Time": 0.356, "Actual Total Rows": 0, "Inner Unique": true, "Hash Cond": "(mc.company_type_id = ct.id)", "Plans": [{"Node Type": "Hash Join", "Parent Relationship": "Outer", "Join Type": "Inner", "Startup Cost": 119943.19, "Total Cost": 193723.06, "Plan Rows": 1, "Plan Width": 52, "Actual Min Startup Time": 0.203, "Actual Max Startup Time": 0.203, "Actual Min Total Time": 0.203, "Actual Max Total Time": 0.203, "Actual Total Rows": 0, "Inner Unique": false, "Hash Cond": "(t.id = ml.movie_id)", "Plans": [{"Node Type": "Hash Join", "Parent Relationship": "Outer", "Join Type": "Inner", "Startup Cost": 119393.64, "Total Cost": 193173.45, "Plan Rows": 1, "Plan Width": 52, "Actual Startup Time": 0.0, "Actual Total Time": 0.0, "Inner Unique": false, "Hash Cond": "(mk.movie_id = t.id)", "Plans": [{"Node Type": "Hash Join", "Parent Relationship": "Outer", "Join Type": "Inner", "Startup Cost": 2436.12, "Total Cost": 76215.84, "Plan Rows": 33, "Plan Width": 4, "Actual Startup Time": 0.0, "Actual Total Time": 0.0, "Inner Unique": true, "Hash Cond": "(mk.keyword_id = k.id)", "Plans": [{"Node Type": "Seq Scan", "Parent Relationship": "Outer", "Relation Name": "movie_keyword", "Alias": "mk", "Startup Cost": 0.0, "Total Cost": 62441.29, "Plan Rows": 4523929, "Plan Width": 8, "Actual Startup Time": 0.0, "Actual Total Time": 0.0}, {"Node Type": "Hash", "Parent Relationship": "Inner", "Startup Cost": 2436.11, "Total Cost": 2436.11, "Plan Rows": 1, "Plan Width": 4, "Actual Startup Time": 0.0, "Actual Total Time": 0.0, "Max Hash Buckets": 0, "Min Hash Buckets": 0, "Max Hash Batches": 0, "Min Hash Batches": 0, "Max Original Hash Batches": 0, "Min Original Hash Batches": 0, "Max Peak Memory Usage": 0, "min Peak Memory Usage": 0, "Plans": [{"Node Type": "Seq Scan", "Parent Relationship": "Outer", "Relation Name": "keyword", "Alias": "k", "Startup Cost": 0.0, "Total Cost": 2436.11, "Plan Rows": 1, "Plan Width": 4, "Actual Startup Time": 0.0, "Actual Total Time": 0.0, "Filter": "((keyword)::text = 'sequel'::text)", "Rows Removed by Filter": 0}]}]}, {"Node Type": "Hash", "Parent Relationship": "Inner", "Startup Cost": 116957.49, "Total Cost": 116957.49, "Plan Rows": 2, "Plan Width": 48, "Actual Startup Time": 0.0, "Actual Total Time": 0.0, "Max Hash Buckets": 0, "Min Hash Buckets": 0, "Max Hash Batches": 0, "Min Hash Batches": 0, "Max Original Hash Batches": 0, "Min Original Hash Batches": 0, "Max Peak Memory Usage": 0, "min Peak Memory Usage": 0, "Plans": [{"Node Type": "Hash Join", "Parent Relationship": "Outer", "Join Type": "Inner", "Startup Cost": 71934.65, "Total Cost": 116957.49, "Plan Rows": 2, "Plan Width": 48, "Actual Startup Time": 0.0, "Actual Total Time": 0.0, "Inner Unique": true, "Hash Cond": "(mc.company_id = cn.id)", "Plans": [{"Node Type": "Hash Join", "Parent Relationship": "Outer", "Join Type": "Inner", "Startup Cost": 64136.24, "Total Cost": 109159.03, "Plan Rows": 6, "Plan Width": 33, "Actual Startup Time": 0.0, "Actual Total Time": 0.0, "Inner Unique": true, "Hash Cond": "(mc.movie_id = t.id)", "Plans": [{"Node Type": "Seq Scan", "Parent Relationship": "Outer", "Relation Name": "movie_companies", "Alias": "mc", "Startup Cost": 0.0, "Total Cost": 41817.28, "Plan Rows": 1269486, "Plan Width": 12, "Actual Startup Time": 0.0, "Actual Total Time": 0.0, "Filter": "(note IS NULL), (LLVM Optimized)", "Rows Removed by Filter": 0}, {"Node Type": "Hash", "Parent Relationship": "Inner", "Startup Cost": 64136.19, "Total Cost": 64136.19, "Plan Rows": 4, "Plan Width": 21, "Actual Startup Time": 0.0, "Actual Total Time": 0.0, "Max Hash Buckets": 0, "Min Hash Buckets": 0, "Max Hash Batches": 0, "Min Hash Batches": 0, "Max Original Hash Batches": 0, "Min Original Hash Batches": 0, "Max Peak Memory Usage": 0, "min Peak Memory Usage": 0, "Plans": [{"Node Type": "Streaming(type: LOCAL GATHER dop: 1/64)", "Parent Relationship": "Outer", "Startup Cost": 0.0, "Total Cost": 64136.19, "Plan Rows": 4, "Plan Width": 21, "Actual Startup Time": 0.0, "Actual Total Time": 0.0, "Plans": [{"Node Type": "Seq Scan", "Parent Relationship": "Outer", "Relation Name": "title", "Alias": "t", "Startup Cost": 0.0, "Total Cost": 64136.1, "Plan Rows": 4, "Plan Width": 21, "Actual Min Startup Time": 0.638, "Actual Max Startup Time": 18.128, "Actual Min Total Time": 0.638, "Actual Max Total Time": 18.128, "Actual Total Rows": 11, "Filter": "(((title)::text ~~ '%Money%'::text) AND (production_year = 1998))", "Rows Removed by Filter": 792886}]}]}]}, {"Node Type": "Hash", "Parent Relationship": "Inner", "Startup Cost": 7078.43, "Total Cost": 7078.43, "Plan Rows": 57599, "Plan Width": 23, "Actual Startup Time": 0.0, "Actual Total Time": 0.0, "Max Hash Buckets": 0, "Min Hash Buckets": 0, "Max Hash Batches": 0, "Min Hash Batches": 0, "Max Original Hash Batches": 0, "Min Original Hash Batches": 0, "Max Peak Memory Usage": 0, "min Peak Memory Usage": 0, "Plans": [{"Node Type": "Seq Scan", "Parent Relationship": "Outer", "Relation Name": "company_name", "Alias": "cn", "Startup Cost": 0.0, "Total Cost": 7078.43, "Plan Rows": 57599, "Plan Width": 23, "Actual Startup Time": 0.0, "Actual Total Time": 0.0, "Filter": "(((country_code)::text <> '[pl]'::text) AND (((name)::text ~~ '%Film%'::text) OR ((name)::text ~~ '%Warner%'::text)))", "Rows Removed by Filter": 0}]}]}]}]}, {"Node Type": "Hash", "Parent Relationship": "Inner", "Startup Cost": 526.11, "Total Cost": 526.11, "Plan Rows": 1875, "Plan Width": 16, "Actual Min Startup Time": 0.105, "Actual Max Startup Time": 0.105, "Actual Min Total Time": 0.105, "Actual Max Total Time": 0.105, "Actual Total Rows": 0, "Max Hash Buckets": 32768, "Min Hash Buckets": 32768, "Max Hash Batches": 1, "Min Hash Batches": 1, "Max Original Hash Batches": 1, "Min Original Hash Batches": 1, "Max Peak Memory Usage": 0, "min Peak Memory Usage": 0, "Plans": [{"Node Type": "Hash Join", "Parent Relationship": "Outer", "Join Type": "Inner", "Startup Cost": 1.22, "Total Cost": 526.11, "Plan Rows": 1875, "Plan Width": 16, "Actual Min Startup Time": 0.104, "Actual Max Startup Time": 0.104, "Actual Min Total Time": 0.104, "Actual Max Total Time": 0.104, "Actual Total Rows": 0, "Inner Unique": true, "Hash Cond": "(ml.link_type_id = lt.id)", "Plans": [{"Node Type": "Seq Scan", "Parent Relationship": "Outer", "Relation Name": "movie_link", "Alias": "ml", "Startup Cost": 0.0, "Total Cost": 430.96, "Plan Rows": 29996, "Plan Width": 8, "Actual Min Startup Time": 0.045, "Actual Max Startup Time": 0.045, "Actual Min Total Time": 0.045, "Actual Max Total Time": 0.045, "Actual Total Rows": 1}, {"Node Type": "Hash", "Parent Relationship": "Inner", "Startup Cost": 1.21, "Total Cost": 1.21, "Plan Rows": 1, "Plan Width": 16, "Actual Min Startup Time": 0.021, "Actual Max Startup Time": 0.021, "Actual Min Total Time": 0.021, "Actual Max Total Time": 0.021, "Actual Total Rows": 0, "Max Hash Buckets": 32768, "Min Hash Buckets": 32768, "Max Hash Batches": 1, "Min Hash Batches": 1, "Max Original Hash Batches": 1, "Min Original Hash Batches": 1, "Max Peak Memory Usage": 0, "min Peak Memory Usage": 0, "Plans": [{"Node Type": "Seq Scan", "Parent Relationship": "Outer", "Relation Name": "link_type", "Alias": "lt", "Startup Cost": 0.0, "Total Cost": 1.21, "Plan Rows": 1, "Plan Width": 16, "Actual Min Startup Time": 0.02, "Actual Max Startup Time": 0.02, "Actual Min Total Time": 0.02, "Actual Max Total Time": 0.02, "Actual Total Rows": 0, "Filter": "((link)::text ~~ '%follows%'::text)", "Rows Removed by Filter": 17}]}]}]}]}, {"Node Type": "Hash", "Parent Relationship": "Inner", "Startup Cost": 1.04, "Total Cost": 1.04, "Plan Rows": 1, "Plan Width": 4, "Actual Min Startup Time": 0.076, "Actual Max Startup Time": 0.076, "Actual Min Total Time": 0.076, "Actual Max Total Time": 0.076, "Actual Total Rows": 1, "Max Hash Buckets": 32768, "Min Hash Buckets": 32768, "Max Hash Batches": 1, "Min Hash Batches": 1, "Max Original Hash Batches": 1, "Min Original Hash Batches": 1, "Max Peak Memory Usage": 1, "min Peak Memory Usage": 1, "Plans": [{"Node Type": "Seq Scan", "Parent Relationship": "Outer", "Relation Name": "company_type", "Alias": "ct", "Startup Cost": 0.0, "Total Cost": 1.04, "Plan Rows": 1, "Plan Width": 4, "Actual Min Startup Time": 0.058, "Actual Max Startup Time": 0.058, "Actual Min Total Time": 0.063, "Actual Max Total Time": 0.063, "Actual Total Rows": 1, "Filter": "((kind)::text = 'production companies'::text)", "Rows Removed by Filter": 2}]}]}]}, "Triggers": [], "Planner Runtime": 159.411, "Total Runtime": 185.542, "Unique SQL Id": 4121279504}}, "(64, 75)": {"explain_plan": {"Plan": {"Node Type": "Aggregate", "Strategy": "Plain", "Startup Cost": 4403914050540.74, "Total Cost": 4403914050540.75, "Plan Rows": 1, "Plan Width": 144, "Plans": [{"Node Type": "Nested Loop", "Parent Relationship": "Outer", "Join Type": "Inner", "Startup Cost": 1091580966363.77, "Total Cost": 4403914050540.73, "Plan Rows": 1, "Plan Width": 48, "Inner Unique": true, "Plans": [{"Node Type": "Hash Join", "Parent Relationship": "Outer", "Join Type": "Inner", "Startup Cost": 1081580966363.77, "Total Cost": 3403914050511.91, "Plan Rows": 1, "Plan Width": 33, "Inner Unique": true, "Hash Cond": "(ml.link_type_id = lt.id)", "Plans": [{"Node Type": "Merge Join", "Parent Relationship": "Outer", "Join Type": "Inner", "Startup Cost": 81580965109.01, "Total Cost": 2403914049257.13, "Plan Rows": 3, "Plan Width": 25, "Inner Unique": false, "Merge Cond": "(mk.movie_id = ml.movie_id)", "Plans": [{"Node Type": "Merge Join", "Parent Relationship": "Outer", "Join Type": "Inner", "Startup Cost": 61580965109.01, "Total Cost": 40200287591422.09, "Plan Rows": 37, "Plan Width": 12, "Inner Unique": false, "Merge Cond": "(mc.movie_id = mk.movie_id)", "Plans": [{"Node Type": "Nested Loop", "Parent Relationship": "Outer", "Join Type": "Inner", "Startup Cost": 30000000000.0, "Total Cost": 20100130722186.7, "Plan Rows": 634743, "Plan Width": 8, "Inner Unique": true, "Join Filter": "(ct.id = mc.company_type_id), (LLVM Optimized)", "Plans": [{"Node Type": "Index Scan", "Parent Relationship": "Outer", "Scan Direction": "Forward", "Index Name": "movie_id_movie_companies", "Relation Name": "movie_companies", "Alias": "mc", "Startup Cost": 10000000000.0, "Total Cost": 1000013051946.13, "Plan Rows": 1269486, "Plan Width": 12, "Filter": "(note IS NULL), (LLVM Optimized)"}, {"Node Type": "Materialize", "Parent Relationship": "Inner", "Startup Cost": 10000000000.0, "Total Cost": 1000000001230.26, "Plan Rows": 1, "Plan Width": 4, "Plans": [{"Node Type": "Index Scan", "Parent Relationship": "Outer", "Scan Direction": "Forward", "Index Name": "company_type_pkey", "Relation Name": "company_type", "Alias": "ct", "Startup Cost": 10000000000.0, "Total Cost": 1000000001230.25, "Plan Rows": 1, "Plan Width": 4, "Filter": "((kind)::text = 'production companies'::text)"}]}]}, {"Node Type": "Materialize", "Parent Relationship": "Inner", "Startup Cost": 30000000000.0, "Total Cost": 20100156867647.98, "Plan Rows": 33, "Plan Width": 4, "Plans": [{"Node Type": "Nested Loop", "Parent Relationship": "Outer", "Join Type": "Inner", "Startup Cost": 30000000000.0, "Total Cost": 20100156867647.9, "Plan Rows": 33, "Plan Width": 4, "Inner Unique": true, "Join Filter": "(k.id = mk.keyword_id)", "Plans": [{"Node Type": "Index Scan", "Parent Relationship": "Outer", "Scan Direction": "Forward", "Index Name": "movie_id_movie_keyword", "Relation Name": "movie_keyword", "Alias": "mk", "Startup Cost": 10000000000.0, "Total Cost": 1000015300634.17, "Plan Rows": 4523929, "Plan Width": 8}, {"Node Type": "Materialize", "Parent Relationship": "Inner", "Startup Cost": 10000000000.0, "Total Cost": 1000000318271.69, "Plan Rows": 1, "Plan Width": 4, "Plans": [{"Node Type": "Index Scan", "Parent Relationship": "Outer", "Scan Direction": "Forward", "Index Name": "keyword_pkey", "Relation Name": "keyword", "Alias": "k", "Startup Cost": 10000000000.0, "Total Cost": 1000000318271.68, "Plan Rows": 1, "Plan Width": 4, "Filter": "((keyword)::text = 'sequel'::text)"}]}]}]}]}, {"Node Type": "Materialize", "Parent Relationship": "Inner", "Startup Cost": 20000000000.0, "Total Cost": 1257503175328.76, "Plan Rows": 19, "Plan Width": 29, "Plans": [{"Node Type": "Merge Join", "Parent Relationship": "Outer", "Join Type": "Inner", "Startup Cost": 20000000000.0, "Total Cost": 1257503175328.72, "Plan Rows": 19, "Plan Width": 29, "Inner Unique": true, "Merge Cond": "(ml.movie_id = t.id)", "Plans": [{"Node Type": "Index Scan", "Parent Relationship": "Outer", "Scan Direction": "Forward", "Index Name": "movie_id_movie_link", "Relation Name": "movie_link", "Alias": "ml", "Startup Cost": 10000000000.0, "Total Cost": 1000000106202.37, "Plan Rows": 29996, "Plan Width": 8}, {"Node Type": "Materialize", "Parent Relationship": "Inner", "Startup Cost": 10000000000.0, "Total Cost": 1000012276204.42, "Plan Rows": 4, "Plan Width": 21, "Plans": [{"Node Type": "Index Scan", "Parent Relationship": "Outer", "Scan Direction": "Forward", "Index Name": "title_pkey", "Relation Name": "title", "Alias": "t", "Startup Cost": 10000000000.0, "Total Cost": 1000012276204.41, "Plan Rows": 4, "Plan Width": 21, "Filter": "(((title)::text ~~ '%Money%'::text) AND (production_year = 1998))"}]}]}]}]}, {"Node Type": "Hash", "Parent Relationship": "Inner", "Startup Cost": 1000000001254.75, "Total Cost": 1000000001254.75, "Plan Rows": 1, "Plan Width": 16, "Plans": [{"Node Type": "Index Scan", "Parent Relationship": "Outer", "Scan Direction": "Forward", "Index Name": "link_type_pkey", "Relation Name": "link_type", "Alias": "lt", "Startup Cost": 10000000000.0, "Total Cost": 1000000001254.75, "Plan Rows": 1, "Plan Width": 16, "Filter": "((link)::text ~~ '%follows%'::text)"}]}]}, {"Node Type": "Index Scan", "Parent Relationship": "Inner", "Scan Direction": "Forward", "Index Name": "company_name_pkey", "Relation Name": "company_name", "Alias": "cn", "Startup Cost": 10000000000.0, "Total Cost": 1000000000028.81, "Plan Rows": 1, "Plan Width": 23, "Index Cond": "(id = mc.company_id)", "Filter": "(((country_code)::text <> '[pl]'::text) AND (((name)::text ~~ '%Film%'::text) OR ((name)::text ~~ '%Warner%'::text)))"}]}]}, "Unique SQL Id": 4121279504}, "explain_analyze_plan": {"Plan": {"Node Type": "Aggregate", "Strategy": "Plain", "Startup Cost": 4403914050540.74, "Total Cost": 4403914050540.75, "Plan Rows": 1, "Plan Width": 144, "Actual Startup Time": 465.227, "Actual Total Time": 465.228, "Actual Rows": 1, "Actual Loops": 1, "Plans": [{"Node Type": "Nested Loop", "Parent Relationship": "Outer", "Join Type": "Inner", "Startup Cost": 1091580966363.77, "Total Cost": 4403914050540.73, "Plan Rows": 1, "Plan Width": 48, "Actual Startup Time": 465.216, "Actual Total Time": 465.216, "Actual Rows": 0, "Actual Loops": 1, "Inner Unique": true, "Plans": [{"Node Type": "Hash Join", "Parent Relationship": "Outer", "Join Type": "Inner", "Startup Cost": 1081580966363.77, "Total Cost": 3403914050511.91, "Plan Rows": 1, "Plan Width": 33, "Actual Startup Time": 465.18, "Actual Total Time": 465.18, "Actual Rows": 0, "Actual Loops": 1, "Inner Unique": true, "Hash Cond": "(ml.link_type_id = lt.id)", "Plans": [{"Node Type": "Merge Join", "Parent Relationship": "Outer", "Join Type": "Inner", "Startup Cost": 81580965109.01, "Total Cost": 2403914049257.13, "Plan Rows": 3, "Plan Width": 25, "Actual Startup Time": 465.042, "Actual Total Time": 465.042, "Actual Rows": 1, "Actual Loops": 1, "Inner Unique": false, "Merge Cond": "(mk.movie_id = ml.movie_id)", "Plans": [{"Node Type": "Merge Join", "Parent Relationship": "Outer", "Join Type": "Inner", "Startup Cost": 61580965109.01, "Total Cost": 40200287591422.09, "Plan Rows": 37, "Plan Width": 12, "Actual Startup Time": 118.472, "Actual Total Time": 254.715, "Actual Rows": 69, "Actual Loops": 1, "Inner Unique": false, "Merge Cond": "(mc.movie_id = mk.movie_id)", "Plans": [{"Node Type": "Nested Loop", "Parent Relationship": "Outer", "Join Type": "Inner", "Startup Cost": 30000000000.0, "Total Cost": 20100130722186.7, "Plan Rows": 634743, "Plan Width": 8, "Actual Startup Time": 0.085, "Actual Total Time": 62.73, "Actual Rows": 32455, "Actual Loops": 1, "Inner Unique": true, "Join Filter": "(ct.id = mc.company_type_id), (LLVM Optimized)", "Rows Removed by Join Filter": 1034, "Plans": [{"Node Type": "Index Scan", "Parent Relationship": "Outer", "Scan Direction": "Forward", "Index Name": "movie_id_movie_companies", "Relation Name": "movie_companies", "Alias": "mc", "Startup Cost": 10000000000.0, "Total Cost": 1000013051946.13, "Plan Rows": 1269486, "Plan Width": 12, "Actual Startup Time": 0.053, "Actual Total Time": 43.912, "Actual Rows": 33489, "Actual Loops": 1, "Filter": "(note IS NULL), (LLVM Optimized)", "Rows Removed by Filter": 34709}, {"Node Type": "Materialize", "Parent Relationship": "Inner", "Startup Cost": 10000000000.0, "Total Cost": 1000000001230.26, "Plan Rows": 1, "Plan Width": 4, "Actual Startup Time": 2.829, "Actual Total Time": 2.907, "Actual Rows": 33489, "Actual Loops": 33489, "Plans": [{"Node Type": "Index Scan", "Parent Relationship": "Outer", "Scan Direction": "Forward", "Index Name": "company_type_pkey", "Relation Name": "company_type", "Alias": "ct", "Startup Cost": 10000000000.0, "Total Cost": 1000000001230.25, "Plan Rows": 1, "Plan Width": 4, "Actual Startup Time": 0.015, "Actual Total Time": 0.021, "Actual Rows": 1, "Actual Loops": 1, "Filter": "((kind)::text = 'production companies'::text)", "Rows Removed by Filter": 2}]}]}, {"Node Type": "Materialize", "Parent Relationship": "Inner", "Startup Cost": 30000000000.0, "Total Cost": 20100156867647.98, "Plan Rows": 33, "Plan Width": 4, "Actual Startup Time": 117.415, "Actual Total Time": 187.724, "Actual Rows": 73, "Actual Loops": 1, "Plans": [{"Node Type": "Nested Loop", "Parent Relationship": "Outer", "Join Type": "Inner", "Startup Cost": 30000000000.0, "Total Cost": 20100156867647.9, "Plan Rows": 33, "Plan Width": 4, "Actual Startup Time": 117.408, "Actual Total Time": 187.686, "Actual Rows": 30, "Actual Loops": 1, "Inner Unique": true, "Join Filter": "(k.id = mk.keyword_id)", "Rows Removed by Join Filter": 69385, "Plans": [{"Node Type": "Index Scan", "Parent Relationship": "Outer", "Scan Direction": "Forward", "Index Name": "movie_id_movie_keyword", "Relation Name": "movie_keyword", "Alias": "mk", "Startup Cost": 10000000000.0, "Total Cost": 1000015300634.17, "Plan Rows": 4523929, "Plan Width": 8, "Actual Startup Time": 0.026, "Actual Total Time": 30.977, "Actual Rows": 69415, "Actual Loops": 1}, {"Node Type": "Materialize", "Parent Relationship": "Inner", "Startup Cost": 10000000000.0, "Total Cost": 1000000318271.69, "Plan Rows": 1, "Plan Width": 4, "Actual Startup Time": 6.249, "Actual Total Time": 128.246, "Actual Rows": 69415, "Actual Loops": 69415, "Plans": [{"Node Type": "Index Scan", "Parent Relationship": "Outer", "Scan Direction": "Forward", "Index Name": "keyword_pkey", "Relation Name": "keyword", "Alias": "k", "Startup Cost": 10000000000.0, "Total Cost": 1000000318271.68, "Plan Rows": 1, "Plan Width": 4, "Actual Startup Time": 0.506, "Actual Total Time": 116.784, "Actual Rows": 1, "Actual Loops": 1, "Filter": "((keyword)::text = 'sequel'::text)", "Rows Removed by Filter": 134168}]}]}]}]}, {"Node Type": "Materialize", "Parent Relationship": "Inner", "Startup Cost": 20000000000.0, "Total Cost": 1257503175328.76, "Plan Rows": 19, "Plan Width": 29, "Actual Startup Time": 210.309, "Actual Total Time": 210.309, "Actual Rows": 1, "Actual Loops": 1, "Plans": [{"Node Type": "Merge Join", "Parent Relationship": "Outer", "Join Type": "Inner", "Startup Cost": 20000000000.0, "Total Cost": 1257503175328.72, "Plan Rows": 19, "Plan Width": 29, "Actual Startup Time": 210.3, "Actual Total Time": 210.3, "Actual Rows": 1, "Actual Loops": 1, "Inner Unique": true, "Merge Cond": "(ml.movie_id = t.id)", "Plans": [{"Node Type": "Index Scan", "Parent Relationship": "Outer", "Scan Direction": "Forward", "Index Name": "movie_id_movie_link", "Relation Name": "movie_link", "Alias": "ml", "Startup Cost": 10000000000.0, "Total Cost": 1000000106202.37, "Plan Rows": 29996, "Plan Width": 8, "Actual Startup Time": 0.032, "Actual Total Time": 10.351, "Actual Rows": 25481, "Actual Loops": 1}, {"Node Type": "Materialize", "Parent Relationship": "Inner", "Startup Cost": 10000000000.0, "Total Cost": 1000012276204.42, "Plan Rows": 4, "Plan Width": 21, "Actual Startup Time": 196.218, "Actual Total Time": 196.218, "Actual Rows": 1, "Actual Loops": 1, "Plans": [{"Node Type": "Index Scan", "Parent Relationship": "Outer", "Scan Direction": "Forward", "Index Name": "title_pkey", "Relation Name": "title", "Alias": "t", "Startup Cost": 10000000000.0, "Total Cost": 1000012276204.41, "Plan Rows": 4, "Plan Width": 21, "Actual Startup Time": 196.215, "Actual Total Time": 196.215, "Actual Rows": 1, "Actual Loops": 1, "Filter": "(((title)::text ~~ '%Money%'::text) AND (production_year = 1998))", "Rows Removed by Filter": 138931}]}]}]}]}, {"Node Type": "Hash", "Parent Relationship": "Inner", "Startup Cost": 1000000001254.75, "Total Cost": 1000000001254.75, "Plan Rows": 1, "Plan Width": 16, "Actual Startup Time": 0.054, "Actual Total Time": 0.054, "Actual Rows": 0, "Actual Loops": 1, "Hash Buckets": 32768, "Hash Batches": 1, "Original Hash Batches": 1, "Peak Memory Usage": 0, "Plans": [{"Node Type": "Index Scan", "Parent Relationship": "Outer", "Scan Direction": "Forward", "Index Name": "link_type_pkey", "Relation Name": "link_type", "Alias": "lt", "Startup Cost": 10000000000.0, "Total Cost": 1000000001254.75, "Plan Rows": 1, "Plan Width": 16, "Actual Startup Time": 0.049, "Actual Total Time": 0.049, "Actual Rows": 0, "Actual Loops": 1, "Filter": "((link)::text ~~ '%follows%'::text)", "Rows Removed by Filter": 17}]}]}, {"Node Type": "Index Scan", "Parent Relationship": "Inner", "Scan Direction": "Forward", "Index Name": "company_name_pkey", "Relation Name": "company_name", "Alias": "cn", "Startup Cost": 10000000000.0, "Total Cost": 1000000000028.81, "Plan Rows": 1, "Plan Width": 23, "Actual Startup Time": 0.0, "Actual Total Time": 0.0, "Index Cond": "(id = mc.company_id)", "Rows Removed by Index Recheck": 0, "Filter": "(((country_code)::text <> '[pl]'::text) AND (((name)::text ~~ '%Film%'::text) OR ((name)::text ~~ '%Warner%'::text)))", "Rows Removed by Filter": 0}]}]}, "Triggers": [], "Planner Runtime": 178.523, "Total Runtime": 474.963, "Unique SQL Id": 4121279504}}, "(64, 76)": {"explain_plan": {"Plan": {"Node Type": "Aggregate", "Strategy": "Plain", "Startup Cost": 2585.63, "Total Cost": 2585.64, "Plan Rows": 1, "Plan Width": 144, "Plans": [{"Node Type": "Nested Loop", "Parent Relationship": "Outer", "Join Type": "Inner", "Startup Cost": 0.0, "Total Cost": 2585.62, "Plan Rows": 1, "Plan Width": 48, "Inner Unique": true, "Plans": [{"Node Type": "Nested Loop", "Parent Relationship": "Outer", "Join Type": "Inner", "Startup Cost": 0.0, "Total Cost": 2585.34, "Plan Rows": 1, "Plan Width": 40, "Inner Unique": false, "Join Filter": "(t.id = ml.movie_id)", "Plans": [{"Node Type": "Nested Loop", "Parent Relationship": "Outer", "Join Type": "Inner", "Startup Cost": 0.0, "Total Cost": 2584.93, "Plan Rows": 1, "Plan Width": 48, "Inner Unique": true, "Plans": [{"Node Type": "Nested Loop", "Parent Relationship": "Outer", "Join Type": "Inner", "Startup Cost": 0.0, "Total Cost": 2584.64, "Plan Rows": 1, "Plan Width": 52, "Inner Unique": true, "Plans": [{"Node Type": "Nested Loop", "Parent Relationship": "Outer", "Join Type": "Inner", "Startup Cost": 0.0, "Total Cost": 2584.35, "Plan Rows": 1, "Plan Width": 37, "Inner Unique": false, "Join Filter": "(t.id = mc.movie_id)", "Plans": [{"Node Type": "Nested Loop", "Parent Relationship": "Outer", "Join Type": "Inner", "Startup Cost": 0.0, "Total Cost": 2584.01, "Plan Rows": 1, "Plan Width": 25, "Inner Unique": true, "Plans": [{"Node Type": "Nested Loop", "Parent Relationship": "Outer", "Join Type": "Inner", "Startup Cost": 0.0, "Total Cost": 2573.32, "Plan Rows": 33, "Plan Width": 4, "Inner Unique": false, "Plans": [{"Node Type": "Seq Scan", "Parent Relationship": "Outer", "Relation Name": "keyword", "Alias": "k", "Startup Cost": 0.0, "Total Cost": 2436.11, "Plan Rows": 1, "Plan Width": 4, "Filter": "((keyword)::text = 'sequel'::text)"}, {"Node Type": "Index Scan", "Parent Relationship": "Inner", "Scan Direction": "Forward", "Index Name": "keyword_id_movie_keyword", "Relation Name": "movie_keyword", "Alias": "mk", "Startup Cost": 0.0, "Total Cost": 136.88, "Plan Rows": 33, "Plan Width": 8, "Index Cond": "(keyword_id = k.id)"}]}, {"Node Type": "Index Scan", "Parent Relationship": "Inner", "Scan Direction": "Forward", "Index Name": "title_pkey", "Relation Name": "title", "Alias": "t", "Startup Cost": 0.0, "Total Cost": 0.31, "Plan Rows": 1, "Plan Width": 21, "Index Cond": "(id = mk.movie_id)", "Filter": "(((title)::text ~~ '%Money%'::text) AND (production_year = 1998))"}]}, {"Node Type": "Index Scan", "Parent Relationship": "Inner", "Scan Direction": "Forward", "Index Name": "movie_id_movie_companies", "Relation Name": "movie_companies", "Alias": "mc", "Startup Cost": 0.0, "Total Cost": 0.31, "Plan Rows": 2, "Plan Width": 12, "Index Cond": "(movie_id = mk.movie_id)", "Filter": "(note IS NULL)"}]}, {"Node Type": "Index Scan", "Parent Relationship": "Inner", "Scan Direction": "Forward", "Index Name": "company_name_pkey", "Relation Name": "company_name", "Alias": "cn", "Startup Cost": 0.0, "Total Cost": 0.29, "Plan Rows": 1, "Plan Width": 23, "Index Cond": "(id = mc.company_id)", "Filter": "(((country_code)::text <> '[pl]'::text) AND (((name)::text ~~ '%Film%'::text) OR ((name)::text ~~ '%Warner%'::text)))"}]}, {"Node Type": "Index Scan", "Parent Relationship": "Inner", "Scan Direction": "Forward", "Index Name": "company_type_pkey", "Relation Name": "company_type", "Alias": "ct", "Startup Cost": 0.0, "Total Cost": 0.27, "Plan Rows": 1, "Plan Width": 4, "Index Cond": "(id = mc.company_type_id)", "Filter": "((kind)::text = 'production companies'::text)"}]}, {"Node Type": "Index Scan", "Parent Relationship": "Inner", "Scan Direction": "Forward", "Index Name": "movie_id_movie_link", "Relation Name": "movie_link", "Alias": "ml", "Startup Cost": 0.0, "Total Cost": 0.35, "Plan Rows": 5, "Plan Width": 8, "Index Cond": "(movie_id = mk.movie_id)"}]}, {"Node Type": "Index Scan", "Parent Relationship": "Inner", "Scan Direction": "Forward", "Index Name": "link_type_pkey", "Relation Name": "link_type", "Alias": "lt", "Startup Cost": 0.0, "Total Cost": 0.27, "Plan Rows": 1, "Plan Width": 16, "Index Cond": "(id = ml.link_type_id)", "Filter": "((link)::text ~~ '%follows%'::text)"}]}]}, "Unique SQL Id": 4121279504}, "explain_analyze_plan": {"Plan": {"Node Type": "Aggregate", "Strategy": "Plain", "Startup Cost": 2585.63, "Total Cost": 2585.64, "Plan Rows": 1, "Plan Width": 144, "Actual Startup Time": 120.206, "Actual Total Time": 120.207, "Actual Rows": 1, "Actual Loops": 1, "Plans": [{"Node Type": "Nested Loop", "Parent Relationship": "Outer", "Join Type": "Inner", "Startup Cost": 0.0, "Total Cost": 2585.62, "Plan Rows": 1, "Plan Width": 48, "Actual Startup Time": 120.199, "Actual Total Time": 120.199, "Actual Rows": 0, "Actual Loops": 1, "Inner Unique": true, "Plans": [{"Node Type": "Nested Loop", "Parent Relationship": "Outer", "Join Type": "Inner", "Startup Cost": 0.0, "Total Cost": 2585.34, "Plan Rows": 1, "Plan Width": 40, "Actual Startup Time": 2.804, "Actual Total Time": 120.112, "Actual Rows": 38, "Actual Loops": 1, "Inner Unique": false, "Join Filter": "(t.id = ml.movie_id)", "Rows Removed by Join Filter": 0, "Plans": [{"Node Type": "Nested Loop", "Parent Relationship": "Outer", "Join Type": "Inner", "Startup Cost": 0.0, "Total Cost": 2584.93, "Plan Rows": 1, "Plan Width": 48, "Actual Startup Time": 2.79, "Actual Total Time": 120.066, "Actual Rows": 2, "Actual Loops": 1, "Inner Unique": true, "Plans": [{"Node Type": "Nested Loop", "Parent Relationship": "Outer", "Join Type": "Inner", "Startup Cost": 0.0, "Total Cost": 2584.64, "Plan Rows": 1, "Plan Width": 52, "Actual Startup Time": 2.781, "Actual Total Time": 120.052, "Actual Rows": 2, "Actual Loops": 1, "Inner Unique": true, "Plans": [{"Node Type": "Nested Loop", "Parent Relationship": "Outer", "Join Type": "Inner", "Startup Cost": 0.0, "Total Cost": 2584.35, "Plan Rows": 1, "Plan Width": 37, "Actual Startup Time": 2.759, "Actual Total Time": 120.009, "Actual Rows": 3, "Actual Loops": 1, "Inner Unique": false, "Join Filter": "(t.id = mc.movie_id)", "Rows Removed by Join Filter": 0, "Plans": [{"Node Type": "Nested Loop", "Parent Relationship": "Outer", "Join Type": "Inner", "Startup Cost": 0.0, "Total Cost": 2584.01, "Plan Rows": 1, "Plan Width": 25, "Actual Startup Time": 2.739, "Actual Total Time": 119.985, "Actual Rows": 1, "Actual Loops": 1, "Inner Unique": true, "Plans": [{"Node Type": "Nested Loop", "Parent Relationship": "Outer", "Join Type": "Inner", "Startup Cost": 0.0, "Total Cost": 2573.32, "Plan Rows": 33, "Plan Width": 4, "Actual Startup Time": 2.392, "Actual Total Time": 59.078, "Actual Rows": 10544, "Actual Loops": 1, "Inner Unique": false, "Plans": [{"Node Type": "Seq Scan", "Parent Relationship": "Outer", "Relation Name": "keyword", "Alias": "k", "Startup Cost": 0.0, "Total Cost": 2436.11, "Plan Rows": 1, "Plan Width": 4, "Actual Startup Time": 2.347, "Actual Total Time": 41.646, "Actual Rows": 1, "Actual Loops": 1, "Filter": "((keyword)::text = 'sequel'::text)", "Rows Removed by Filter": 134168}, {"Node Type": "Index Scan", "Parent Relationship": "Inner", "Scan Direction": "Forward", "Index Name": "keyword_id_movie_keyword", "Relation Name": "movie_keyword", "Alias": "mk", "Startup Cost": 0.0, "Total Cost": 136.88, "Plan Rows": 33, "Plan Width": 8, "Actual Startup Time": 0.038, "Actual Total Time": 15.158, "Actual Rows": 10544, "Actual Loops": 1, "Index Cond": "(keyword_id = k.id)", "Rows Removed by Index Recheck": 0}]}, {"Node Type": "Index Scan", "Parent Relationship": "Inner", "Scan Direction": "Forward", "Index Name": "title_pkey", "Relation Name": "title", "Alias": "t", "Startup Cost": 0.0, "Total Cost": 0.31, "Plan Rows": 1, "Plan Width": 21, "Actual Startup Time": 55.67, "Actual Total Time": 55.67, "Actual Rows": 1, "Actual Loops": 10544, "Index Cond": "(id = mk.movie_id)", "Rows Removed by Index Recheck": 0, "Filter": "(((title)::text ~~ '%Money%'::text) AND (production_year = 1998))", "Rows Removed by Filter": 10543}]}, {"Node Type": "Index Scan", "Parent Relationship": "Inner", "Scan Direction": "Forward", "Index Name": "movie_id_movie_companies", "Relation Name": "movie_companies", "Alias": "mc", "Startup Cost": 0.0, "Total Cost": 0.31, "Plan Rows": 2, "Plan Width": 12, "Actual Startup Time": 0.016, "Actual Total Time": 0.017, "Actual Rows": 3, "Actual Loops": 1, "Index Cond": "(movie_id = mk.movie_id)", "Rows Removed by Index Recheck": 0, "Filter": "(note IS NULL)", "Rows Removed by Filter": 1}]}, {"Node Type": "Index Scan", "Parent Relationship": "Inner", "Scan Direction": "Forward", "Index Name": "company_name_pkey", "Relation Name": "company_name", "Alias": "cn", "Startup Cost": 0.0, "Total Cost": 0.29, "Plan Rows": 1, "Plan Width": 23, "Actual Startup Time": 0.038, "Actual Total Time": 0.038, "Actual Rows": 2, "Actual Loops": 3, "Index Cond": "(id = mc.company_id)", "Rows Removed by Index Recheck": 0, "Filter": "(((country_code)::text <> '[pl]'::text) AND (((name)::text ~~ '%Film%'::text) OR ((name)::text ~~ '%Warner%'::text)))", "Rows Removed by Filter": 1}]}, {"Node Type": "Index Scan", "Parent Relationship": "Inner", "Scan Direction": "Forward", "Index Name": "company_type_pkey", "Relation Name": "company_type", "Alias": "ct", "Startup Cost": 0.0, "Total Cost": 0.27, "Plan Rows": 1, "Plan Width": 4, "Actual Startup Time": 0.01, "Actual Total Time": 0.01, "Actual Rows": 2, "Actual Loops": 2, "Index Cond": "(id = mc.company_type_id)", "Rows Removed by Index Recheck": 0, "Filter": "((kind)::text = 'production companies'::text)", "Rows Removed by Filter": 0}]}, {"Node Type": "Index Scan", "Parent Relationship": "Inner", "Scan Direction": "Forward", "Index Name": "movie_id_movie_link", "Relation Name": "movie_link", "Alias": "ml", "Startup Cost": 0.0, "Total Cost": 0.35, "Plan Rows": 5, "Plan Width": 8, "Actual Startup Time": 0.015, "Actual Total Time": 0.031, "Actual Rows": 38, "Actual Loops": 2, "Index Cond": "(movie_id = mk.movie_id)", "Rows Removed by Index Recheck": 0}]}, {"Node Type": "Index Scan", "Parent Relationship": "Inner", "Scan Direction": "Forward", "Index Name": "link_type_pkey", "Relation Name": "link_type", "Alias": "lt", "Startup Cost": 0.0, "Total Cost": 0.27, "Plan Rows": 1, "Plan Width": 16, "Actual Startup Time": 0.063, "Actual Total Time": 0.063, "Actual Rows": 0, "Actual Loops": 38, "Index Cond": "(id = ml.link_type_id)", "Rows Removed by Index Recheck": 0, "Filter": "((link)::text ~~ '%follows%'::text)", "Rows Removed by Filter": 24}]}]}, "Triggers": [], "Planner Runtime": 76.567, "Total Runtime": 120.592, "Unique SQL Id": 4121279504}}, "(64, 77)": {"explain_plan": {"Plan": {"Node Type": "Aggregate", "Strategy": "Plain", "Startup Cost": 3332.23, "Total Cost": 3332.24, "Plan Rows": 1, "Plan Width": 144, "Plans": [{"Node Type": "Nested Loop", "Parent Relationship": "Outer", "Join Type": "Inner", "Startup Cost": 0.0, "Total Cost": 3332.23, "Plan Rows": 1, "Plan Width": 48, "Inner Unique": true, "Plans": [{"Node Type": "Nested Loop", "Parent Relationship": "Outer", "Join Type": "Inner", "Startup Cost": 0.0, "Total Cost": 3331.94, "Plan Rows": 1, "Plan Width": 40, "Inner Unique": false, "Join Filter": "(t.id = ml.movie_id)", "Plans": [{"Node Type": "Nested Loop", "Parent Relationship": "Outer", "Join Type": "Inner", "Startup Cost": 0.0, "Total Cost": 3331.53, "Plan Rows": 1, "Plan Width": 48, "Inner Unique": true, "Plans": [{"Node Type": "Nested Loop", "Parent Relationship": "Outer", "Join Type": "Inner", "Startup Cost": 0.0, "Total Cost": 3331.25, "Plan Rows": 1, "Plan Width": 52, "Inner Unique": true, "Plans": [{"Node Type": "Nested Loop", "Parent Relationship": "Outer", "Join Type": "Inner", "Startup Cost": 0.0, "Total Cost": 3330.95, "Plan Rows": 1, "Plan Width": 37, "Inner Unique": false, "Join Filter": "(t.id = mc.movie_id)", "Plans": [{"Node Type": "Nested Loop", "Parent Relationship": "Outer", "Join Type": "Inner", "Startup Cost": 0.0, "Total Cost": 3330.61, "Plan Rows": 1, "Plan Width": 25, "Inner Unique": true, "Plans": [{"Node Type": "Nested Loop", "Parent Relationship": "Outer", "Join Type": "Inner", "Startup Cost": 0.0, "Total Cost": 3319.92, "Plan Rows": 33, "Plan Width": 4, "Inner Unique": false, "Plans": [{"Node Type": "Index Scan", "Parent Relationship": "Outer", "Scan Direction": "Forward", "Index Name": "keyword_pkey", "Relation Name": "keyword", "Alias": "k", "Startup Cost": 0.0, "Total Cost": 3182.72, "Plan Rows": 1, "Plan Width": 4, "Filter": "((keyword)::text = 'sequel'::text)"}, {"Node Type": "Index Scan", "Parent Relationship": "Inner", "Scan Direction": "Forward", "Index Name": "keyword_id_movie_keyword", "Relation Name": "movie_keyword", "Alias": "mk", "Startup Cost": 0.0, "Total Cost": 136.88, "Plan Rows": 33, "Plan Width": 8, "Index Cond": "(keyword_id = k.id)"}]}, {"Node Type": "Index Scan", "Parent Relationship": "Inner", "Scan Direction": "Forward", "Index Name": "title_pkey", "Relation Name": "title", "Alias": "t", "Startup Cost": 0.0, "Total Cost": 0.31, "Plan Rows": 1, "Plan Width": 21, "Index Cond": "(id = mk.movie_id)", "Filter": "(((title)::text ~~ '%Money%'::text) AND (production_year = 1998))"}]}, {"Node Type": "Index Scan", "Parent Relationship": "Inner", "Scan Direction": "Forward", "Index Name": "movie_id_movie_companies", "Relation Name": "movie_companies", "Alias": "mc", "Startup Cost": 0.0, "Total Cost": 0.31, "Plan Rows": 2, "Plan Width": 12, "Index Cond": "(movie_id = mk.movie_id)", "Filter": "(note IS NULL)"}]}, {"Node Type": "Index Scan", "Parent Relationship": "Inner", "Scan Direction": "Forward", "Index Name": "company_name_pkey", "Relation Name": "company_name", "Alias": "cn", "Startup Cost": 0.0, "Total Cost": 0.29, "Plan Rows": 1, "Plan Width": 23, "Index Cond": "(id = mc.company_id)", "Filter": "(((country_code)::text <> '[pl]'::text) AND (((name)::text ~~ '%Film%'::text) OR ((name)::text ~~ '%Warner%'::text)))"}]}, {"Node Type": "Index Scan", "Parent Relationship": "Inner", "Scan Direction": "Forward", "Index Name": "company_type_pkey", "Relation Name": "company_type", "Alias": "ct", "Startup Cost": 0.0, "Total Cost": 0.27, "Plan Rows": 1, "Plan Width": 4, "Index Cond": "(id = mc.company_type_id)", "Filter": "((kind)::text = 'production companies'::text)"}]}, {"Node Type": "Index Scan", "Parent Relationship": "Inner", "Scan Direction": "Forward", "Index Name": "movie_id_movie_link", "Relation Name": "movie_link", "Alias": "ml", "Startup Cost": 0.0, "Total Cost": 0.35, "Plan Rows": 5, "Plan Width": 8, "Index Cond": "(movie_id = mk.movie_id)"}]}, {"Node Type": "Index Scan", "Parent Relationship": "Inner", "Scan Direction": "Forward", "Index Name": "link_type_pkey", "Relation Name": "link_type", "Alias": "lt", "Startup Cost": 0.0, "Total Cost": 0.27, "Plan Rows": 1, "Plan Width": 16, "Index Cond": "(id = ml.link_type_id)", "Filter": "((link)::text ~~ '%follows%'::text)"}]}]}, "Unique SQL Id": 4121279504}, "explain_analyze_plan": {"Plan": {"Node Type": "Aggregate", "Strategy": "Plain", "Startup Cost": 3332.23, "Total Cost": 3332.24, "Plan Rows": 1, "Plan Width": 144, "Actual Startup Time": 195.478, "Actual Total Time": 195.479, "Actual Rows": 1, "Actual Loops": 1, "Plans": [{"Node Type": "Nested Loop", "Parent Relationship": "Outer", "Join Type": "Inner", "Startup Cost": 0.0, "Total Cost": 3332.23, "Plan Rows": 1, "Plan Width": 48, "Actual Startup Time": 195.466, "Actual Total Time": 195.466, "Actual Rows": 0, "Actual Loops": 1, "Inner Unique": true, "Plans": [{"Node Type": "Nested Loop", "Parent Relationship": "Outer", "Join Type": "Inner", "Startup Cost": 0.0, "Total Cost": 3331.94, "Plan Rows": 1, "Plan Width": 40, "Actual Startup Time": 1.022, "Actual Total Time": 195.379, "Actual Rows": 38, "Actual Loops": 1, "Inner Unique": false, "Join Filter": "(t.id = ml.movie_id)", "Rows Removed by Join Filter": 0, "Plans": [{"Node Type": "Nested Loop", "Parent Relationship": "Outer", "Join Type": "Inner", "Startup Cost": 0.0, "Total Cost": 3331.53, "Plan Rows": 1, "Plan Width": 48, "Actual Startup Time": 1.006, "Actual Total Time": 195.329, "Actual Rows": 2, "Actual Loops": 1, "Inner Unique": true, "Plans": [{"Node Type": "Nested Loop", "Parent Relationship": "Outer", "Join Type": "Inner", "Startup Cost": 0.0, "Total Cost": 3331.25, "Plan Rows": 1, "Plan Width": 52, "Actual Startup Time": 0.993, "Actual Total Time": 195.312, "Actual Rows": 2, "Actual Loops": 1, "Inner Unique": true, "Plans": [{"Node Type": "Nested Loop", "Parent Relationship": "Outer", "Join Type": "Inner", "Startup Cost": 0.0, "Total Cost": 3330.95, "Plan Rows": 1, "Plan Width": 37, "Actual Startup Time": 0.971, "Actual Total Time": 195.27, "Actual Rows": 3, "Actual Loops": 1, "Inner Unique": false, "Join Filter": "(t.id = mc.movie_id)", "Rows Removed by Join Filter": 0, "Plans": [{"Node Type": "Nested Loop", "Parent Relationship": "Outer", "Join Type": "Inner", "Startup Cost": 0.0, "Total Cost": 3330.61, "Plan Rows": 1, "Plan Width": 25, "Actual Startup Time": 0.949, "Actual Total Time": 195.245, "Actual Rows": 1, "Actual Loops": 1, "Inner Unique": true, "Plans": [{"Node Type": "Nested Loop", "Parent Relationship": "Outer", "Join Type": "Inner", "Startup Cost": 0.0, "Total Cost": 3319.92, "Plan Rows": 33, "Plan Width": 4, "Actual Startup Time": 0.597, "Actual Total Time": 133.24, "Actual Rows": 10544, "Actual Loops": 1, "Inner Unique": false, "Plans": [{"Node Type": "Index Scan", "Parent Relationship": "Outer", "Scan Direction": "Forward", "Index Name": "keyword_pkey", "Relation Name": "keyword", "Alias": "k", "Startup Cost": 0.0, "Total Cost": 3182.72, "Plan Rows": 1, "Plan Width": 4, "Actual Startup Time": 0.557, "Actual Total Time": 115.424, "Actual Rows": 1, "Actual Loops": 1, "Filter": "((keyword)::text = 'sequel'::text)", "Rows Removed by Filter": 134168}, {"Node Type": "Index Scan", "Parent Relationship": "Inner", "Scan Direction": "Forward", "Index Name": "keyword_id_movie_keyword", "Relation Name": "movie_keyword", "Alias": "mk", "Startup Cost": 0.0, "Total Cost": 136.88, "Plan Rows": 33, "Plan Width": 8, "Actual Startup Time": 0.033, "Actual Total Time": 15.557, "Actual Rows": 10544, "Actual Loops": 1, "Index Cond": "(keyword_id = k.id)", "Rows Removed by Index Recheck": 0}]}, {"Node Type": "Index Scan", "Parent Relationship": "Inner", "Scan Direction": "Forward", "Index Name": "title_pkey", "Relation Name": "title", "Alias": "t", "Startup Cost": 0.0, "Total Cost": 0.31, "Plan Rows": 1, "Plan Width": 21, "Actual Startup Time": 56.68, "Actual Total Time": 56.68, "Actual Rows": 1, "Actual Loops": 10544, "Index Cond": "(id = mk.movie_id)", "Rows Removed by Index Recheck": 0, "Filter": "(((title)::text ~~ '%Money%'::text) AND (production_year = 1998))", "Rows Removed by Filter": 10543}]}, {"Node Type": "Index Scan", "Parent Relationship": "Inner", "Scan Direction": "Forward", "Index Name": "movie_id_movie_companies", "Relation Name": "movie_companies", "Alias": "mc", "Startup Cost": 0.0, "Total Cost": 0.31, "Plan Rows": 2, "Plan Width": 12, "Actual Startup Time": 0.019, "Actual Total Time": 0.022, "Actual Rows": 3, "Actual Loops": 1, "Index Cond": "(movie_id = mk.movie_id)", "Rows Removed by Index Recheck": 0, "Filter": "(note IS NULL)", "Rows Removed by Filter": 1}]}, {"Node Type": "Index Scan", "Parent Relationship": "Inner", "Scan Direction": "Forward", "Index Name": "company_name_pkey", "Relation Name": "company_name", "Alias": "cn", "Startup Cost": 0.0, "Total Cost": 0.29, "Plan Rows": 1, "Plan Width": 23, "Actual Startup Time": 0.038, "Actual Total Time": 0.038, "Actual Rows": 2, "Actual Loops": 3, "Index Cond": "(id = mc.company_id)", "Rows Removed by Index Recheck": 0, "Filter": "(((country_code)::text <> '[pl]'::text) AND (((name)::text ~~ '%Film%'::text) OR ((name)::text ~~ '%Warner%'::text)))", "Rows Removed by Filter": 1}]}, {"Node Type": "Index Scan", "Parent Relationship": "Inner", "Scan Direction": "Forward", "Index Name": "company_type_pkey", "Relation Name": "company_type", "Alias": "ct", "Startup Cost": 0.0, "Total Cost": 0.27, "Plan Rows": 1, "Plan Width": 4, "Actual Startup Time": 0.013, "Actual Total Time": 0.013, "Actual Rows": 2, "Actual Loops": 2, "Index Cond": "(id = mc.company_type_id)", "Rows Removed by Index Recheck": 0, "Filter": "((kind)::text = 'production companies'::text)", "Rows Removed by Filter": 0}]}, {"Node Type": "Index Scan", "Parent Relationship": "Inner", "Scan Direction": "Forward", "Index Name": "movie_id_movie_link", "Relation Name": "movie_link", "Alias": "ml", "Startup Cost": 0.0, "Total Cost": 0.35, "Plan Rows": 5, "Plan Width": 8, "Actual Startup Time": 0.017, "Actual Total Time": 0.028, "Actual Rows": 38, "Actual Loops": 2, "Index Cond": "(movie_id = mk.movie_id)", "Rows Removed by Index Recheck": 0}]}, {"Node Type": "Index Scan", "Parent Relationship": "Inner", "Scan Direction": "Forward", "Index Name": "link_type_pkey", "Relation Name": "link_type", "Alias": "lt", "Startup Cost": 0.0, "Total Cost": 0.27, "Plan Rows": 1, "Plan Width": 16, "Actual Startup Time": 0.066, "Actual Total Time": 0.066, "Actual Rows": 0, "Actual Loops": 38, "Index Cond": "(id = ml.link_type_id)", "Rows Removed by Index Recheck": 0, "Filter": "((link)::text ~~ '%follows%'::text)", "Rows Removed by Filter": 24}]}]}, "Triggers": [], "Planner Runtime": 69.692, "Total Runtime": 195.978, "Unique SQL Id": 4121279504}}, "(64, 78)": {"explain_plan": {"Plan": {"Node Type": "Aggregate", "Strategy": "Plain", "Startup Cost": 193724.13, "Total Cost": 193724.14, "Plan Rows": 1, "Plan Width": 144, "Plans": [{"Node Type": "Hash Join", "Parent Relationship": "Outer", "Join Type": "Inner", "Startup Cost": 119944.24, "Total Cost": 193724.12, "Plan Rows": 1, "Plan Width": 48, "Inner Unique": true, "Hash Cond": "(mc.company_type_id = ct.id)", "Plans": [{"Node Type": "Hash Join", "Parent Relationship": "Outer", "Join Type": "Inner", "Startup Cost": 119943.19, "Total Cost": 193723.06, "Plan Rows": 1, "Plan Width": 52, "Inner Unique": false, "Hash Cond": "(t.id = ml.movie_id)", "Plans": [{"Node Type": "Hash Join", "Parent Relationship": "Outer", "Join Type": "Inner", "Startup Cost": 119393.64, "Total Cost": 193173.45, "Plan Rows": 1, "Plan Width": 52, "Inner Unique": false, "Hash Cond": "(mk.movie_id = t.id)", "Plans": [{"Node Type": "Hash Join", "Parent Relationship": "Outer", "Join Type": "Inner", "Startup Cost": 2436.12, "Total Cost": 76215.84, "Plan Rows": 33, "Plan Width": 4, "Inner Unique": true, "Hash Cond": "(mk.keyword_id = k.id)", "Plans": [{"Node Type": "Seq Scan", "Parent Relationship": "Outer", "Relation Name": "movie_keyword", "Alias": "mk", "Startup Cost": 0.0, "Total Cost": 62441.29, "Plan Rows": 4523929, "Plan Width": 8}, {"Node Type": "Hash", "Parent Relationship": "Inner", "Startup Cost": 2436.11, "Total Cost": 2436.11, "Plan Rows": 1, "Plan Width": 4, "Plans": [{"Node Type": "Seq Scan", "Parent Relationship": "Outer", "Relation Name": "keyword", "Alias": "k", "Startup Cost": 0.0, "Total Cost": 2436.11, "Plan Rows": 1, "Plan Width": 4, "Filter": "((keyword)::text = 'sequel'::text)"}]}]}, {"Node Type": "Hash", "Parent Relationship": "Inner", "Startup Cost": 116957.49, "Total Cost": 116957.49, "Plan Rows": 2, "Plan Width": 48, "Plans": [{"Node Type": "Hash Join", "Parent Relationship": "Outer", "Join Type": "Inner", "Startup Cost": 71934.65, "Total Cost": 116957.49, "Plan Rows": 2, "Plan Width": 48, "Inner Unique": true, "Hash Cond": "(mc.company_id = cn.id)", "Plans": [{"Node Type": "Hash Join", "Parent Relationship": "Outer", "Join Type": "Inner", "Startup Cost": 64136.24, "Total Cost": 109159.03, "Plan Rows": 6, "Plan Width": 33, "Inner Unique": true, "Hash Cond": "(mc.movie_id = t.id)", "Plans": [{"Node Type": "Seq Scan", "Parent Relationship": "Outer", "Relation Name": "movie_companies", "Alias": "mc", "Startup Cost": 0.0, "Total Cost": 41817.28, "Plan Rows": 1269486, "Plan Width": 12, "Filter": "(note IS NULL), (LLVM Optimized)"}, {"Node Type": "Hash", "Parent Relationship": "Inner", "Startup Cost": 64136.19, "Total Cost": 64136.19, "Plan Rows": 4, "Plan Width": 21, "Plans": [{"Node Type": "Streaming(type: LOCAL GATHER dop: 1/64)", "Parent Relationship": "Outer", "Startup Cost": 0.0, "Total Cost": 64136.19, "Plan Rows": 4, "Plan Width": 21, "Plans": [{"Node Type": "Seq Scan", "Parent Relationship": "Outer", "Relation Name": "title", "Alias": "t", "Startup Cost": 0.0, "Total Cost": 64136.1, "Plan Rows": 4, "Plan Width": 21, "Filter": "(((title)::text ~~ '%Money%'::text) AND (production_year = 1998))"}]}]}]}, {"Node Type": "Hash", "Parent Relationship": "Inner", "Startup Cost": 7078.43, "Total Cost": 7078.43, "Plan Rows": 57599, "Plan Width": 23, "Plans": [{"Node Type": "Seq Scan", "Parent Relationship": "Outer", "Relation Name": "company_name", "Alias": "cn", "Startup Cost": 0.0, "Total Cost": 7078.43, "Plan Rows": 57599, "Plan Width": 23, "Filter": "(((country_code)::text <> '[pl]'::text) AND (((name)::text ~~ '%Film%'::text) OR ((name)::text ~~ '%Warner%'::text)))"}]}]}]}]}, {"Node Type": "Hash", "Parent Relationship": "Inner", "Startup Cost": 526.11, "Total Cost": 526.11, "Plan Rows": 1875, "Plan Width": 16, "Plans": [{"Node Type": "Hash Join", "Parent Relationship": "Outer", "Join Type": "Inner", "Startup Cost": 1.22, "Total Cost": 526.11, "Plan Rows": 1875, "Plan Width": 16, "Inner Unique": true, "Hash Cond": "(ml.link_type_id = lt.id)", "Plans": [{"Node Type": "Seq Scan", "Parent Relationship": "Outer", "Relation Name": "movie_link", "Alias": "ml", "Startup Cost": 0.0, "Total Cost": 430.96, "Plan Rows": 29996, "Plan Width": 8}, {"Node Type": "Hash", "Parent Relationship": "Inner", "Startup Cost": 1.21, "Total Cost": 1.21, "Plan Rows": 1, "Plan Width": 16, "Plans": [{"Node Type": "Seq Scan", "Parent Relationship": "Outer", "Relation Name": "link_type", "Alias": "lt", "Startup Cost": 0.0, "Total Cost": 1.21, "Plan Rows": 1, "Plan Width": 16, "Filter": "((link)::text ~~ '%follows%'::text)"}]}]}]}]}, {"Node Type": "Hash", "Parent Relationship": "Inner", "Startup Cost": 1.04, "Total Cost": 1.04, "Plan Rows": 1, "Plan Width": 4, "Plans": [{"Node Type": "Seq Scan", "Parent Relationship": "Outer", "Relation Name": "company_type", "Alias": "ct", "Startup Cost": 0.0, "Total Cost": 1.04, "Plan Rows": 1, "Plan Width": 4, "Filter": "((kind)::text = 'production companies'::text)"}]}]}]}, "Unique SQL Id": 4121279504}, "explain_analyze_plan": {"Plan": {"Node Type": "Aggregate", "Strategy": "Plain", "Startup Cost": 193724.13, "Total Cost": 193724.14, "Plan Rows": 1, "Plan Width": 144, "Actual Min Startup Time": 0.367, "Actual Max Startup Time": 0.367, "Actual Min Total Time": 0.367, "Actual Max Total Time": 0.367, "Actual Total Rows": 1, "Plans": [{"Node Type": "Hash Join", "Parent Relationship": "Outer", "Join Type": "Inner", "Startup Cost": 119944.24, "Total Cost": 193724.12, "Plan Rows": 1, "Plan Width": 48, "Actual Min Startup Time": 0.356, "Actual Max Startup Time": 0.356, "Actual Min Total Time": 0.356, "Actual Max Total Time": 0.356, "Actual Total Rows": 0, "Inner Unique": true, "Hash Cond": "(mc.company_type_id = ct.id)", "Plans": [{"Node Type": "Hash Join", "Parent Relationship": "Outer", "Join Type": "Inner", "Startup Cost": 119943.19, "Total Cost": 193723.06, "Plan Rows": 1, "Plan Width": 52, "Actual Min Startup Time": 0.203, "Actual Max Startup Time": 0.203, "Actual Min Total Time": 0.203, "Actual Max Total Time": 0.203, "Actual Total Rows": 0, "Inner Unique": false, "Hash Cond": "(t.id = ml.movie_id)", "Plans": [{"Node Type": "Hash Join", "Parent Relationship": "Outer", "Join Type": "Inner", "Startup Cost": 119393.64, "Total Cost": 193173.45, "Plan Rows": 1, "Plan Width": 52, "Actual Startup Time": 0.0, "Actual Total Time": 0.0, "Inner Unique": false, "Hash Cond": "(mk.movie_id = t.id)", "Plans": [{"Node Type": "Hash Join", "Parent Relationship": "Outer", "Join Type": "Inner", "Startup Cost": 2436.12, "Total Cost": 76215.84, "Plan Rows": 33, "Plan Width": 4, "Actual Startup Time": 0.0, "Actual Total Time": 0.0, "Inner Unique": true, "Hash Cond": "(mk.keyword_id = k.id)", "Plans": [{"Node Type": "Seq Scan", "Parent Relationship": "Outer", "Relation Name": "movie_keyword", "Alias": "mk", "Startup Cost": 0.0, "Total Cost": 62441.29, "Plan Rows": 4523929, "Plan Width": 8, "Actual Startup Time": 0.0, "Actual Total Time": 0.0}, {"Node Type": "Hash", "Parent Relationship": "Inner", "Startup Cost": 2436.11, "Total Cost": 2436.11, "Plan Rows": 1, "Plan Width": 4, "Actual Startup Time": 0.0, "Actual Total Time": 0.0, "Max Hash Buckets": 0, "Min Hash Buckets": 0, "Max Hash Batches": 0, "Min Hash Batches": 0, "Max Original Hash Batches": 0, "Min Original Hash Batches": 0, "Max Peak Memory Usage": 0, "min Peak Memory Usage": 0, "Plans": [{"Node Type": "Seq Scan", "Parent Relationship": "Outer", "Relation Name": "keyword", "Alias": "k", "Startup Cost": 0.0, "Total Cost": 2436.11, "Plan Rows": 1, "Plan Width": 4, "Actual Startup Time": 0.0, "Actual Total Time": 0.0, "Filter": "((keyword)::text = 'sequel'::text)", "Rows Removed by Filter": 0}]}]}, {"Node Type": "Hash", "Parent Relationship": "Inner", "Startup Cost": 116957.49, "Total Cost": 116957.49, "Plan Rows": 2, "Plan Width": 48, "Actual Startup Time": 0.0, "Actual Total Time": 0.0, "Max Hash Buckets": 0, "Min Hash Buckets": 0, "Max Hash Batches": 0, "Min Hash Batches": 0, "Max Original Hash Batches": 0, "Min Original Hash Batches": 0, "Max Peak Memory Usage": 0, "min Peak Memory Usage": 0, "Plans": [{"Node Type": "Hash Join", "Parent Relationship": "Outer", "Join Type": "Inner", "Startup Cost": 71934.65, "Total Cost": 116957.49, "Plan Rows": 2, "Plan Width": 48, "Actual Startup Time": 0.0, "Actual Total Time": 0.0, "Inner Unique": true, "Hash Cond": "(mc.company_id = cn.id)", "Plans": [{"Node Type": "Hash Join", "Parent Relationship": "Outer", "Join Type": "Inner", "Startup Cost": 64136.24, "Total Cost": 109159.03, "Plan Rows": 6, "Plan Width": 33, "Actual Startup Time": 0.0, "Actual Total Time": 0.0, "Inner Unique": true, "Hash Cond": "(mc.movie_id = t.id)", "Plans": [{"Node Type": "Seq Scan", "Parent Relationship": "Outer", "Relation Name": "movie_companies", "Alias": "mc", "Startup Cost": 0.0, "Total Cost": 41817.28, "Plan Rows": 1269486, "Plan Width": 12, "Actual Startup Time": 0.0, "Actual Total Time": 0.0, "Filter": "(note IS NULL), (LLVM Optimized)", "Rows Removed by Filter": 0}, {"Node Type": "Hash", "Parent Relationship": "Inner", "Startup Cost": 64136.19, "Total Cost": 64136.19, "Plan Rows": 4, "Plan Width": 21, "Actual Startup Time": 0.0, "Actual Total Time": 0.0, "Max Hash Buckets": 0, "Min Hash Buckets": 0, "Max Hash Batches": 0, "Min Hash Batches": 0, "Max Original Hash Batches": 0, "Min Original Hash Batches": 0, "Max Peak Memory Usage": 0, "min Peak Memory Usage": 0, "Plans": [{"Node Type": "Streaming(type: LOCAL GATHER dop: 1/64)", "Parent Relationship": "Outer", "Startup Cost": 0.0, "Total Cost": 64136.19, "Plan Rows": 4, "Plan Width": 21, "Actual Startup Time": 0.0, "Actual Total Time": 0.0, "Plans": [{"Node Type": "Seq Scan", "Parent Relationship": "Outer", "Relation Name": "title", "Alias": "t", "Startup Cost": 0.0, "Total Cost": 64136.1, "Plan Rows": 4, "Plan Width": 21, "Actual Min Startup Time": 0.638, "Actual Max Startup Time": 18.128, "Actual Min Total Time": 0.638, "Actual Max Total Time": 18.128, "Actual Total Rows": 11, "Filter": "(((title)::text ~~ '%Money%'::text) AND (production_year = 1998))", "Rows Removed by Filter": 792886}]}]}]}, {"Node Type": "Hash", "Parent Relationship": "Inner", "Startup Cost": 7078.43, "Total Cost": 7078.43, "Plan Rows": 57599, "Plan Width": 23, "Actual Startup Time": 0.0, "Actual Total Time": 0.0, "Max Hash Buckets": 0, "Min Hash Buckets": 0, "Max Hash Batches": 0, "Min Hash Batches": 0, "Max Original Hash Batches": 0, "Min Original Hash Batches": 0, "Max Peak Memory Usage": 0, "min Peak Memory Usage": 0, "Plans": [{"Node Type": "Seq Scan", "Parent Relationship": "Outer", "Relation Name": "company_name", "Alias": "cn", "Startup Cost": 0.0, "Total Cost": 7078.43, "Plan Rows": 57599, "Plan Width": 23, "Actual Startup Time": 0.0, "Actual Total Time": 0.0, "Filter": "(((country_code)::text <> '[pl]'::text) AND (((name)::text ~~ '%Film%'::text) OR ((name)::text ~~ '%Warner%'::text)))", "Rows Removed by Filter": 0}]}]}]}]}, {"Node Type": "Hash", "Parent Relationship": "Inner", "Startup Cost": 526.11, "Total Cost": 526.11, "Plan Rows": 1875, "Plan Width": 16, "Actual Min Startup Time": 0.105, "Actual Max Startup Time": 0.105, "Actual Min Total Time": 0.105, "Actual Max Total Time": 0.105, "Actual Total Rows": 0, "Max Hash Buckets": 32768, "Min Hash Buckets": 32768, "Max Hash Batches": 1, "Min Hash Batches": 1, "Max Original Hash Batches": 1, "Min Original Hash Batches": 1, "Max Peak Memory Usage": 0, "min Peak Memory Usage": 0, "Plans": [{"Node Type": "Hash Join", "Parent Relationship": "Outer", "Join Type": "Inner", "Startup Cost": 1.22, "Total Cost": 526.11, "Plan Rows": 1875, "Plan Width": 16, "Actual Min Startup Time": 0.104, "Actual Max Startup Time": 0.104, "Actual Min Total Time": 0.104, "Actual Max Total Time": 0.104, "Actual Total Rows": 0, "Inner Unique": true, "Hash Cond": "(ml.link_type_id = lt.id)", "Plans": [{"Node Type": "Seq Scan", "Parent Relationship": "Outer", "Relation Name": "movie_link", "Alias": "ml", "Startup Cost": 0.0, "Total Cost": 430.96, "Plan Rows": 29996, "Plan Width": 8, "Actual Min Startup Time": 0.045, "Actual Max Startup Time": 0.045, "Actual Min Total Time": 0.045, "Actual Max Total Time": 0.045, "Actual Total Rows": 1}, {"Node Type": "Hash", "Parent Relationship": "Inner", "Startup Cost": 1.21, "Total Cost": 1.21, "Plan Rows": 1, "Plan Width": 16, "Actual Min Startup Time": 0.021, "Actual Max Startup Time": 0.021, "Actual Min Total Time": 0.021, "Actual Max Total Time": 0.021, "Actual Total Rows": 0, "Max Hash Buckets": 32768, "Min Hash Buckets": 32768, "Max Hash Batches": 1, "Min Hash Batches": 1, "Max Original Hash Batches": 1, "Min Original Hash Batches": 1, "Max Peak Memory Usage": 0, "min Peak Memory Usage": 0, "Plans": [{"Node Type": "Seq Scan", "Parent Relationship": "Outer", "Relation Name": "link_type", "Alias": "lt", "Startup Cost": 0.0, "Total Cost": 1.21, "Plan Rows": 1, "Plan Width": 16, "Actual Min Startup Time": 0.02, "Actual Max Startup Time": 0.02, "Actual Min Total Time": 0.02, "Actual Max Total Time": 0.02, "Actual Total Rows": 0, "Filter": "((link)::text ~~ '%follows%'::text)", "Rows Removed by Filter": 17}]}]}]}]}, {"Node Type": "Hash", "Parent Relationship": "Inner", "Startup Cost": 1.04, "Total Cost": 1.04, "Plan Rows": 1, "Plan Width": 4, "Actual Min Startup Time": 0.076, "Actual Max Startup Time": 0.076, "Actual Min Total Time": 0.076, "Actual Max Total Time": 0.076, "Actual Total Rows": 1, "Max Hash Buckets": 32768, "Min Hash Buckets": 32768, "Max Hash Batches": 1, "Min Hash Batches": 1, "Max Original Hash Batches": 1, "Min Original Hash Batches": 1, "Max Peak Memory Usage": 1, "min Peak Memory Usage": 1, "Plans": [{"Node Type": "Seq Scan", "Parent Relationship": "Outer", "Relation Name": "company_type", "Alias": "ct", "Startup Cost": 0.0, "Total Cost": 1.04, "Plan Rows": 1, "Plan Width": 4, "Actual Min Startup Time": 0.058, "Actual Max Startup Time": 0.058, "Actual Min Total Time": 0.063, "Actual Max Total Time": 0.063, "Actual Total Rows": 1, "Filter": "((kind)::text = 'production companies'::text)", "Rows Removed by Filter": 2}]}]}]}, "Triggers": [], "Planner Runtime": 159.411, "Total Runtime": 185.542, "Unique SQL Id": 4121279504}}, "(64, 79)": {"explain_plan": {"Plan": {"Node Type": "Aggregate", "Strategy": "Plain", "Startup Cost": 4403914050540.74, "Total Cost": 4403914050540.75, "Plan Rows": 1, "Plan Width": 144, "Plans": [{"Node Type": "Nested Loop", "Parent Relationship": "Outer", "Join Type": "Inner", "Startup Cost": 1091580966363.77, "Total Cost": 4403914050540.73, "Plan Rows": 1, "Plan Width": 48, "Inner Unique": true, "Plans": [{"Node Type": "Hash Join", "Parent Relationship": "Outer", "Join Type": "Inner", "Startup Cost": 1081580966363.77, "Total Cost": 3403914050511.91, "Plan Rows": 1, "Plan Width": 33, "Inner Unique": true, "Hash Cond": "(ml.link_type_id = lt.id)", "Plans": [{"Node Type": "Merge Join", "Parent Relationship": "Outer", "Join Type": "Inner", "Startup Cost": 81580965109.01, "Total Cost": 2403914049257.13, "Plan Rows": 3, "Plan Width": 25, "Inner Unique": false, "Merge Cond": "(mk.movie_id = ml.movie_id)", "Plans": [{"Node Type": "Merge Join", "Parent Relationship": "Outer", "Join Type": "Inner", "Startup Cost": 61580965109.01, "Total Cost": 40200287591422.09, "Plan Rows": 37, "Plan Width": 12, "Inner Unique": false, "Merge Cond": "(mc.movie_id = mk.movie_id)", "Plans": [{"Node Type": "Nested Loop", "Parent Relationship": "Outer", "Join Type": "Inner", "Startup Cost": 30000000000.0, "Total Cost": 20100130722186.7, "Plan Rows": 634743, "Plan Width": 8, "Inner Unique": true, "Join Filter": "(ct.id = mc.company_type_id), (LLVM Optimized)", "Plans": [{"Node Type": "Index Scan", "Parent Relationship": "Outer", "Scan Direction": "Forward", "Index Name": "movie_id_movie_companies", "Relation Name": "movie_companies", "Alias": "mc", "Startup Cost": 10000000000.0, "Total Cost": 1000013051946.13, "Plan Rows": 1269486, "Plan Width": 12, "Filter": "(note IS NULL), (LLVM Optimized)"}, {"Node Type": "Materialize", "Parent Relationship": "Inner", "Startup Cost": 10000000000.0, "Total Cost": 1000000001230.26, "Plan Rows": 1, "Plan Width": 4, "Plans": [{"Node Type": "Index Scan", "Parent Relationship": "Outer", "Scan Direction": "Forward", "Index Name": "company_type_pkey", "Relation Name": "company_type", "Alias": "ct", "Startup Cost": 10000000000.0, "Total Cost": 1000000001230.25, "Plan Rows": 1, "Plan Width": 4, "Filter": "((kind)::text = 'production companies'::text)"}]}]}, {"Node Type": "Materialize", "Parent Relationship": "Inner", "Startup Cost": 30000000000.0, "Total Cost": 20100156867647.98, "Plan Rows": 33, "Plan Width": 4, "Plans": [{"Node Type": "Nested Loop", "Parent Relationship": "Outer", "Join Type": "Inner", "Startup Cost": 30000000000.0, "Total Cost": 20100156867647.9, "Plan Rows": 33, "Plan Width": 4, "Inner Unique": true, "Join Filter": "(k.id = mk.keyword_id)", "Plans": [{"Node Type": "Index Scan", "Parent Relationship": "Outer", "Scan Direction": "Forward", "Index Name": "movie_id_movie_keyword", "Relation Name": "movie_keyword", "Alias": "mk", "Startup Cost": 10000000000.0, "Total Cost": 1000015300634.17, "Plan Rows": 4523929, "Plan Width": 8}, {"Node Type": "Materialize", "Parent Relationship": "Inner", "Startup Cost": 10000000000.0, "Total Cost": 1000000318271.69, "Plan Rows": 1, "Plan Width": 4, "Plans": [{"Node Type": "Index Scan", "Parent Relationship": "Outer", "Scan Direction": "Forward", "Index Name": "keyword_pkey", "Relation Name": "keyword", "Alias": "k", "Startup Cost": 10000000000.0, "Total Cost": 1000000318271.68, "Plan Rows": 1, "Plan Width": 4, "Filter": "((keyword)::text = 'sequel'::text)"}]}]}]}]}, {"Node Type": "Materialize", "Parent Relationship": "Inner", "Startup Cost": 20000000000.0, "Total Cost": 1257503175328.76, "Plan Rows": 19, "Plan Width": 29, "Plans": [{"Node Type": "Merge Join", "Parent Relationship": "Outer", "Join Type": "Inner", "Startup Cost": 20000000000.0, "Total Cost": 1257503175328.72, "Plan Rows": 19, "Plan Width": 29, "Inner Unique": true, "Merge Cond": "(ml.movie_id = t.id)", "Plans": [{"Node Type": "Index Scan", "Parent Relationship": "Outer", "Scan Direction": "Forward", "Index Name": "movie_id_movie_link", "Relation Name": "movie_link", "Alias": "ml", "Startup Cost": 10000000000.0, "Total Cost": 1000000106202.37, "Plan Rows": 29996, "Plan Width": 8}, {"Node Type": "Materialize", "Parent Relationship": "Inner", "Startup Cost": 10000000000.0, "Total Cost": 1000012276204.42, "Plan Rows": 4, "Plan Width": 21, "Plans": [{"Node Type": "Index Scan", "Parent Relationship": "Outer", "Scan Direction": "Forward", "Index Name": "title_pkey", "Relation Name": "title", "Alias": "t", "Startup Cost": 10000000000.0, "Total Cost": 1000012276204.41, "Plan Rows": 4, "Plan Width": 21, "Filter": "(((title)::text ~~ '%Money%'::text) AND (production_year = 1998))"}]}]}]}]}, {"Node Type": "Hash", "Parent Relationship": "Inner", "Startup Cost": 1000000001254.75, "Total Cost": 1000000001254.75, "Plan Rows": 1, "Plan Width": 16, "Plans": [{"Node Type": "Index Scan", "Parent Relationship": "Outer", "Scan Direction": "Forward", "Index Name": "link_type_pkey", "Relation Name": "link_type", "Alias": "lt", "Startup Cost": 10000000000.0, "Total Cost": 1000000001254.75, "Plan Rows": 1, "Plan Width": 16, "Filter": "((link)::text ~~ '%follows%'::text)"}]}]}, {"Node Type": "Index Scan", "Parent Relationship": "Inner", "Scan Direction": "Forward", "Index Name": "company_name_pkey", "Relation Name": "company_name", "Alias": "cn", "Startup Cost": 10000000000.0, "Total Cost": 1000000000028.81, "Plan Rows": 1, "Plan Width": 23, "Index Cond": "(id = mc.company_id)", "Filter": "(((country_code)::text <> '[pl]'::text) AND (((name)::text ~~ '%Film%'::text) OR ((name)::text ~~ '%Warner%'::text)))"}]}]}, "Unique SQL Id": 4121279504}, "explain_analyze_plan": {"Plan": {"Node Type": "Aggregate", "Strategy": "Plain", "Startup Cost": 4403914050540.74, "Total Cost": 4403914050540.75, "Plan Rows": 1, "Plan Width": 144, "Actual Startup Time": 465.227, "Actual Total Time": 465.228, "Actual Rows": 1, "Actual Loops": 1, "Plans": [{"Node Type": "Nested Loop", "Parent Relationship": "Outer", "Join Type": "Inner", "Startup Cost": 1091580966363.77, "Total Cost": 4403914050540.73, "Plan Rows": 1, "Plan Width": 48, "Actual Startup Time": 465.216, "Actual Total Time": 465.216, "Actual Rows": 0, "Actual Loops": 1, "Inner Unique": true, "Plans": [{"Node Type": "Hash Join", "Parent Relationship": "Outer", "Join Type": "Inner", "Startup Cost": 1081580966363.77, "Total Cost": 3403914050511.91, "Plan Rows": 1, "Plan Width": 33, "Actual Startup Time": 465.18, "Actual Total Time": 465.18, "Actual Rows": 0, "Actual Loops": 1, "Inner Unique": true, "Hash Cond": "(ml.link_type_id = lt.id)", "Plans": [{"Node Type": "Merge Join", "Parent Relationship": "Outer", "Join Type": "Inner", "Startup Cost": 81580965109.01, "Total Cost": 2403914049257.13, "Plan Rows": 3, "Plan Width": 25, "Actual Startup Time": 465.042, "Actual Total Time": 465.042, "Actual Rows": 1, "Actual Loops": 1, "Inner Unique": false, "Merge Cond": "(mk.movie_id = ml.movie_id)", "Plans": [{"Node Type": "Merge Join", "Parent Relationship": "Outer", "Join Type": "Inner", "Startup Cost": 61580965109.01, "Total Cost": 40200287591422.09, "Plan Rows": 37, "Plan Width": 12, "Actual Startup Time": 118.472, "Actual Total Time": 254.715, "Actual Rows": 69, "Actual Loops": 1, "Inner Unique": false, "Merge Cond": "(mc.movie_id = mk.movie_id)", "Plans": [{"Node Type": "Nested Loop", "Parent Relationship": "Outer", "Join Type": "Inner", "Startup Cost": 30000000000.0, "Total Cost": 20100130722186.7, "Plan Rows": 634743, "Plan Width": 8, "Actual Startup Time": 0.085, "Actual Total Time": 62.73, "Actual Rows": 32455, "Actual Loops": 1, "Inner Unique": true, "Join Filter": "(ct.id = mc.company_type_id), (LLVM Optimized)", "Rows Removed by Join Filter": 1034, "Plans": [{"Node Type": "Index Scan", "Parent Relationship": "Outer", "Scan Direction": "Forward", "Index Name": "movie_id_movie_companies", "Relation Name": "movie_companies", "Alias": "mc", "Startup Cost": 10000000000.0, "Total Cost": 1000013051946.13, "Plan Rows": 1269486, "Plan Width": 12, "Actual Startup Time": 0.053, "Actual Total Time": 43.912, "Actual Rows": 33489, "Actual Loops": 1, "Filter": "(note IS NULL), (LLVM Optimized)", "Rows Removed by Filter": 34709}, {"Node Type": "Materialize", "Parent Relationship": "Inner", "Startup Cost": 10000000000.0, "Total Cost": 1000000001230.26, "Plan Rows": 1, "Plan Width": 4, "Actual Startup Time": 2.829, "Actual Total Time": 2.907, "Actual Rows": 33489, "Actual Loops": 33489, "Plans": [{"Node Type": "Index Scan", "Parent Relationship": "Outer", "Scan Direction": "Forward", "Index Name": "company_type_pkey", "Relation Name": "company_type", "Alias": "ct", "Startup Cost": 10000000000.0, "Total Cost": 1000000001230.25, "Plan Rows": 1, "Plan Width": 4, "Actual Startup Time": 0.015, "Actual Total Time": 0.021, "Actual Rows": 1, "Actual Loops": 1, "Filter": "((kind)::text = 'production companies'::text)", "Rows Removed by Filter": 2}]}]}, {"Node Type": "Materialize", "Parent Relationship": "Inner", "Startup Cost": 30000000000.0, "Total Cost": 20100156867647.98, "Plan Rows": 33, "Plan Width": 4, "Actual Startup Time": 117.415, "Actual Total Time": 187.724, "Actual Rows": 73, "Actual Loops": 1, "Plans": [{"Node Type": "Nested Loop", "Parent Relationship": "Outer", "Join Type": "Inner", "Startup Cost": 30000000000.0, "Total Cost": 20100156867647.9, "Plan Rows": 33, "Plan Width": 4, "Actual Startup Time": 117.408, "Actual Total Time": 187.686, "Actual Rows": 30, "Actual Loops": 1, "Inner Unique": true, "Join Filter": "(k.id = mk.keyword_id)", "Rows Removed by Join Filter": 69385, "Plans": [{"Node Type": "Index Scan", "Parent Relationship": "Outer", "Scan Direction": "Forward", "Index Name": "movie_id_movie_keyword", "Relation Name": "movie_keyword", "Alias": "mk", "Startup Cost": 10000000000.0, "Total Cost": 1000015300634.17, "Plan Rows": 4523929, "Plan Width": 8, "Actual Startup Time": 0.026, "Actual Total Time": 30.977, "Actual Rows": 69415, "Actual Loops": 1}, {"Node Type": "Materialize", "Parent Relationship": "Inner", "Startup Cost": 10000000000.0, "Total Cost": 1000000318271.69, "Plan Rows": 1, "Plan Width": 4, "Actual Startup Time": 6.249, "Actual Total Time": 128.246, "Actual Rows": 69415, "Actual Loops": 69415, "Plans": [{"Node Type": "Index Scan", "Parent Relationship": "Outer", "Scan Direction": "Forward", "Index Name": "keyword_pkey", "Relation Name": "keyword", "Alias": "k", "Startup Cost": 10000000000.0, "Total Cost": 1000000318271.68, "Plan Rows": 1, "Plan Width": 4, "Actual Startup Time": 0.506, "Actual Total Time": 116.784, "Actual Rows": 1, "Actual Loops": 1, "Filter": "((keyword)::text = 'sequel'::text)", "Rows Removed by Filter": 134168}]}]}]}]}, {"Node Type": "Materialize", "Parent Relationship": "Inner", "Startup Cost": 20000000000.0, "Total Cost": 1257503175328.76, "Plan Rows": 19, "Plan Width": 29, "Actual Startup Time": 210.309, "Actual Total Time": 210.309, "Actual Rows": 1, "Actual Loops": 1, "Plans": [{"Node Type": "Merge Join", "Parent Relationship": "Outer", "Join Type": "Inner", "Startup Cost": 20000000000.0, "Total Cost": 1257503175328.72, "Plan Rows": 19, "Plan Width": 29, "Actual Startup Time": 210.3, "Actual Total Time": 210.3, "Actual Rows": 1, "Actual Loops": 1, "Inner Unique": true, "Merge Cond": "(ml.movie_id = t.id)", "Plans": [{"Node Type": "Index Scan", "Parent Relationship": "Outer", "Scan Direction": "Forward", "Index Name": "movie_id_movie_link", "Relation Name": "movie_link", "Alias": "ml", "Startup Cost": 10000000000.0, "Total Cost": 1000000106202.37, "Plan Rows": 29996, "Plan Width": 8, "Actual Startup Time": 0.032, "Actual Total Time": 10.351, "Actual Rows": 25481, "Actual Loops": 1}, {"Node Type": "Materialize", "Parent Relationship": "Inner", "Startup Cost": 10000000000.0, "Total Cost": 1000012276204.42, "Plan Rows": 4, "Plan Width": 21, "Actual Startup Time": 196.218, "Actual Total Time": 196.218, "Actual Rows": 1, "Actual Loops": 1, "Plans": [{"Node Type": "Index Scan", "Parent Relationship": "Outer", "Scan Direction": "Forward", "Index Name": "title_pkey", "Relation Name": "title", "Alias": "t", "Startup Cost": 10000000000.0, "Total Cost": 1000012276204.41, "Plan Rows": 4, "Plan Width": 21, "Actual Startup Time": 196.215, "Actual Total Time": 196.215, "Actual Rows": 1, "Actual Loops": 1, "Filter": "(((title)::text ~~ '%Money%'::text) AND (production_year = 1998))", "Rows Removed by Filter": 138931}]}]}]}]}, {"Node Type": "Hash", "Parent Relationship": "Inner", "Startup Cost": 1000000001254.75, "Total Cost": 1000000001254.75, "Plan Rows": 1, "Plan Width": 16, "Actual Startup Time": 0.054, "Actual Total Time": 0.054, "Actual Rows": 0, "Actual Loops": 1, "Hash Buckets": 32768, "Hash Batches": 1, "Original Hash Batches": 1, "Peak Memory Usage": 0, "Plans": [{"Node Type": "Index Scan", "Parent Relationship": "Outer", "Scan Direction": "Forward", "Index Name": "link_type_pkey", "Relation Name": "link_type", "Alias": "lt", "Startup Cost": 10000000000.0, "Total Cost": 1000000001254.75, "Plan Rows": 1, "Plan Width": 16, "Actual Startup Time": 0.049, "Actual Total Time": 0.049, "Actual Rows": 0, "Actual Loops": 1, "Filter": "((link)::text ~~ '%follows%'::text)", "Rows Removed by Filter": 17}]}]}, {"Node Type": "Index Scan", "Parent Relationship": "Inner", "Scan Direction": "Forward", "Index Name": "company_name_pkey", "Relation Name": "company_name", "Alias": "cn", "Startup Cost": 10000000000.0, "Total Cost": 1000000000028.81, "Plan Rows": 1, "Plan Width": 23, "Actual Startup Time": 0.0, "Actual Total Time": 0.0, "Index Cond": "(id = mc.company_id)", "Rows Removed by Index Recheck": 0, "Filter": "(((country_code)::text <> '[pl]'::text) AND (((name)::text ~~ '%Film%'::text) OR ((name)::text ~~ '%Warner%'::text)))", "Rows Removed by Filter": 0}]}]}, "Triggers": [], "Planner Runtime": 178.523, "Total Runtime": 474.963, "Unique SQL Id": 4121279504}}, "(64, 80)": {"explain_plan": {"Plan": {"Node Type": "Aggregate", "Strategy": "Plain", "Startup Cost": 2581.34, "Total Cost": 2581.35, "Plan Rows": 1, "Plan Width": 144, "Plans": [{"Node Type": "Nested Loop", "Parent Relationship": "Outer", "Join Type": "Inner", "Startup Cost": 4.51, "Total Cost": 2581.33, "Plan Rows": 1, "Plan Width": 48, "Inner Unique": true, "Plans": [{"Node Type": "Nested Loop", "Parent Relationship": "Outer", "Join Type": "Inner", "Startup Cost": 4.51, "Total Cost": 2581.05, "Plan Rows": 1, "Plan Width": 40, "Inner Unique": false, "Join Filter": "(t.id = ml.movie_id)", "Plans": [{"Node Type": "Nested Loop", "Parent Relationship": "Outer", "Join Type": "Inner", "Startup Cost": 4.51, "Total Cost": 2580.63, "Plan Rows": 1, "Plan Width": 48, "Inner Unique": true, "Plans": [{"Node Type": "Nested Loop", "Parent Relationship": "Outer", "Join Type": "Inner", "Startup Cost": 4.51, "Total Cost": 2580.35, "Plan Rows": 1, "Plan Width": 52, "Inner Unique": true, "Plans": [{"Node Type": "Nested Loop", "Parent Relationship": "Outer", "Join Type": "Inner", "Startup Cost": 4.51, "Total Cost": 2580.05, "Plan Rows": 1, "Plan Width": 37, "Inner Unique": false, "Join Filter": "(t.id = mc.movie_id)", "Plans": [{"Node Type": "Nested Loop", "Parent Relationship": "Outer", "Join Type": "Inner", "Startup Cost": 4.51, "Total Cost": 2579.71, "Plan Rows": 1, "Plan Width": 25, "Inner Unique": true, "Plans": [{"Node Type": "Nested Loop", "Parent Relationship": "Outer", "Join Type": "Inner", "Startup Cost": 4.51, "Total Cost": 2569.02, "Plan Rows": 33, "Plan Width": 4, "Inner Unique": false, "Plans": [{"Node Type": "Seq Scan", "Parent Relationship": "Outer", "Relation Name": "keyword", "Alias": "k", "Startup Cost": 0.0, "Total Cost": 2436.11, "Plan Rows": 1, "Plan Width": 4, "Filter": "((keyword)::text = 'sequel'::text)"}, {"Node Type": "Bitmap Heap Scan", "Parent Relationship": "Inner", "Relation Name": "movie_keyword", "Alias": "mk", "Startup Cost": 4.51, "Total Cost": 132.58, "Plan Rows": 33, "Plan Width": 8, "Recheck Cond": "(keyword_id = k.id)", "Plans": [{"Node Type": "Bitmap Index Scan", "Parent Relationship": "Outer", "Index Name": "keyword_id_movie_keyword", "Startup Cost": 0.0, "Total Cost": 4.5, "Plan Rows": 33, "Plan Width": 0, "Index Cond": "(keyword_id = k.id)"}]}]}, {"Node Type": "Index Scan", "Parent Relationship": "Inner", "Scan Direction": "Forward", "Index Name": "title_pkey", "Relation Name": "title", "Alias": "t", "Startup Cost": 0.0, "Total Cost": 0.31, "Plan Rows": 1, "Plan Width": 21, "Index Cond": "(id = mk.movie_id)", "Filter": "(((title)::text ~~ '%Money%'::text) AND (production_year = 1998))"}]}, {"Node Type": "Index Scan", "Parent Relationship": "Inner", "Scan Direction": "Forward", "Index Name": "movie_id_movie_companies", "Relation Name": "movie_companies", "Alias": "mc", "Startup Cost": 0.0, "Total Cost": 0.31, "Plan Rows": 2, "Plan Width": 12, "Index Cond": "(movie_id = mk.movie_id)", "Filter": "(note IS NULL)"}]}, {"Node Type": "Index Scan", "Parent Relationship": "Inner", "Scan Direction": "Forward", "Index Name": "company_name_pkey", "Relation Name": "company_name", "Alias": "cn", "Startup Cost": 0.0, "Total Cost": 0.29, "Plan Rows": 1, "Plan Width": 23, "Index Cond": "(id = mc.company_id)", "Filter": "(((country_code)::text <> '[pl]'::text) AND (((name)::text ~~ '%Film%'::text) OR ((name)::text ~~ '%Warner%'::text)))"}]}, {"Node Type": "Index Scan", "Parent Relationship": "Inner", "Scan Direction": "Forward", "Index Name": "company_type_pkey", "Relation Name": "company_type", "Alias": "ct", "Startup Cost": 0.0, "Total Cost": 0.27, "Plan Rows": 1, "Plan Width": 4, "Index Cond": "(id = mc.company_type_id)", "Filter": "((kind)::text = 'production companies'::text)"}]}, {"Node Type": "Index Scan", "Parent Relationship": "Inner", "Scan Direction": "Forward", "Index Name": "movie_id_movie_link", "Relation Name": "movie_link", "Alias": "ml", "Startup Cost": 0.0, "Total Cost": 0.35, "Plan Rows": 5, "Plan Width": 8, "Index Cond": "(movie_id = mk.movie_id)"}]}, {"Node Type": "Index Scan", "Parent Relationship": "Inner", "Scan Direction": "Forward", "Index Name": "link_type_pkey", "Relation Name": "link_type", "Alias": "lt", "Startup Cost": 0.0, "Total Cost": 0.27, "Plan Rows": 1, "Plan Width": 16, "Index Cond": "(id = ml.link_type_id)", "Filter": "((link)::text ~~ '%follows%'::text)"}]}]}, "Unique SQL Id": 4121279504}, "explain_analyze_plan": {"Plan": {"Node Type": "Aggregate", "Strategy": "Plain", "Startup Cost": 2581.34, "Total Cost": 2581.35, "Plan Rows": 1, "Plan Width": 144, "Actual Startup Time": 123.557, "Actual Total Time": 123.557, "Actual Rows": 1, "Actual Loops": 1, "Plans": [{"Node Type": "Nested Loop", "Parent Relationship": "Outer", "Join Type": "Inner", "Startup Cost": 4.51, "Total Cost": 2581.33, "Plan Rows": 1, "Plan Width": 48, "Actual Startup Time": 123.547, "Actual Total Time": 123.547, "Actual Rows": 0, "Actual Loops": 1, "Inner Unique": true, "Plans": [{"Node Type": "Nested Loop", "Parent Relationship": "Outer", "Join Type": "Inner", "Startup Cost": 4.51, "Total Cost": 2581.05, "Plan Rows": 1, "Plan Width": 40, "Actual Startup Time": 5.886, "Actual Total Time": 123.447, "Actual Rows": 38, "Actual Loops": 1, "Inner Unique": false, "Join Filter": "(t.id = ml.movie_id)", "Rows Removed by Join Filter": 0, "Plans": [{"Node Type": "Nested Loop", "Parent Relationship": "Outer", "Join Type": "Inner", "Startup Cost": 4.51, "Total Cost": 2580.63, "Plan Rows": 1, "Plan Width": 48, "Actual Startup Time": 5.866, "Actual Total Time": 123.392, "Actual Rows": 2, "Actual Loops": 1, "Inner Unique": true, "Plans": [{"Node Type": "Nested Loop", "Parent Relationship": "Outer", "Join Type": "Inner", "Startup Cost": 4.51, "Total Cost": 2580.35, "Plan Rows": 1, "Plan Width": 52, "Actual Startup Time": 5.855, "Actual Total Time": 123.377, "Actual Rows": 2, "Actual Loops": 1, "Inner Unique": true, "Plans": [{"Node Type": "Nested Loop", "Parent Relationship": "Outer", "Join Type": "Inner", "Startup Cost": 4.51, "Total Cost": 2580.05, "Plan Rows": 1, "Plan Width": 37, "Actual Startup Time": 5.834, "Actual Total Time": 123.335, "Actual Rows": 3, "Actual Loops": 1, "Inner Unique": false, "Join Filter": "(t.id = mc.movie_id)", "Rows Removed by Join Filter": 0, "Plans": [{"Node Type": "Nested Loop", "Parent Relationship": "Outer", "Join Type": "Inner", "Startup Cost": 4.51, "Total Cost": 2579.71, "Plan Rows": 1, "Plan Width": 25, "Actual Startup Time": 5.809, "Actual Total Time": 123.305, "Actual Rows": 1, "Actual Loops": 1, "Inner Unique": true, "Plans": [{"Node Type": "Nested Loop", "Parent Relationship": "Outer", "Join Type": "Inner", "Startup Cost": 4.51, "Total Cost": 2569.02, "Plan Rows": 33, "Plan Width": 4, "Actual Startup Time": 5.443, "Actual Total Time": 62.982, "Actual Rows": 10544, "Actual Loops": 1, "Inner Unique": false, "Plans": [{"Node Type": "Seq Scan", "Parent Relationship": "Outer", "Relation Name": "keyword", "Alias": "k", "Startup Cost": 0.0, "Total Cost": 2436.11, "Plan Rows": 1, "Plan Width": 4, "Actual Startup Time": 2.358, "Actual Total Time": 41.641, "Actual Rows": 1, "Actual Loops": 1, "Filter": "((keyword)::text = 'sequel'::text)", "Rows Removed by Filter": 134168}, {"Node Type": "Bitmap Heap Scan", "Parent Relationship": "Inner", "Relation Name": "movie_keyword", "Alias": "mk", "Startup Cost": 4.51, "Total Cost": 132.58, "Plan Rows": 33, "Plan Width": 8, "Actual Startup Time": 3.074, "Actual Total Time": 19.121, "Actual Rows": 10544, "Actual Loops": 1, "Recheck Cond": "(keyword_id = k.id)", "Rows Removed by Index Recheck": 0, "Exact Heap Blocks": 5090, "Lossy Heap Blocks": 5090, "Plans": [{"Node Type": "Bitmap Index Scan", "Parent Relationship": "Outer", "Index Name": "keyword_id_movie_keyword", "Startup Cost": 0.0, "Total Cost": 4.5, "Plan Rows": 33, "Plan Width": 0, "Actual Startup Time": 2.162, "Actual Total Time": 2.162, "Actual Rows": 10544, "Actual Loops": 1, "Index Cond": "(keyword_id = k.id)"}]}]}, {"Node Type": "Index Scan", "Parent Relationship": "Inner", "Scan Direction": "Forward", "Index Name": "title_pkey", "Relation Name": "title", "Alias": "t", "Startup Cost": 0.0, "Total Cost": 0.31, "Plan Rows": 1, "Plan Width": 21, "Actual Startup Time": 54.966, "Actual Total Time": 54.966, "Actual Rows": 1, "Actual Loops": 10544, "Index Cond": "(id = mk.movie_id)", "Rows Removed by Index Recheck": 0, "Filter": "(((title)::text ~~ '%Money%'::text) AND (production_year = 1998))", "Rows Removed by Filter": 10543}]}, {"Node Type": "Index Scan", "Parent Relationship": "Inner", "Scan Direction": "Forward", "Index Name": "movie_id_movie_companies", "Relation Name": "movie_companies", "Alias": "mc", "Startup Cost": 0.0, "Total Cost": 0.31, "Plan Rows": 2, "Plan Width": 12, "Actual Startup Time": 0.019, "Actual Total Time": 0.022, "Actual Rows": 3, "Actual Loops": 1, "Index Cond": "(movie_id = mk.movie_id)", "Rows Removed by Index Recheck": 0, "Filter": "(note IS NULL)", "Rows Removed by Filter": 1}]}, {"Node Type": "Index Scan", "Parent Relationship": "Inner", "Scan Direction": "Forward", "Index Name": "company_name_pkey", "Relation Name": "company_name", "Alias": "cn", "Startup Cost": 0.0, "Total Cost": 0.29, "Plan Rows": 1, "Plan Width": 23, "Actual Startup Time": 0.037, "Actual Total Time": 0.037, "Actual Rows": 2, "Actual Loops": 3, "Index Cond": "(id = mc.company_id)", "Rows Removed by Index Recheck": 0, "Filter": "(((country_code)::text <> '[pl]'::text) AND (((name)::text ~~ '%Film%'::text) OR ((name)::text ~~ '%Warner%'::text)))", "Rows Removed by Filter": 1}]}, {"Node Type": "Index Scan", "Parent Relationship": "Inner", "Scan Direction": "Forward", "Index Name": "company_type_pkey", "Relation Name": "company_type", "Alias": "ct", "Startup Cost": 0.0, "Total Cost": 0.27, "Plan Rows": 1, "Plan Width": 4, "Actual Startup Time": 0.011, "Actual Total Time": 0.011, "Actual Rows": 2, "Actual Loops": 2, "Index Cond": "(id = mc.company_type_id)", "Rows Removed by Index Recheck": 0, "Filter": "((kind)::text = 'production companies'::text)", "Rows Removed by Filter": 0}]}, {"Node Type": "Index Scan", "Parent Relationship": "Inner", "Scan Direction": "Forward", "Index Name": "movie_id_movie_link", "Relation Name": "movie_link", "Alias": "ml", "Startup Cost": 0.0, "Total Cost": 0.35, "Plan Rows": 5, "Plan Width": 8, "Actual Startup Time": 0.016, "Actual Total Time": 0.029, "Actual Rows": 38, "Actual Loops": 2, "Index Cond": "(movie_id = mk.movie_id)", "Rows Removed by Index Recheck": 0}]}, {"Node Type": "Index Scan", "Parent Relationship": "Inner", "Scan Direction": "Forward", "Index Name": "link_type_pkey", "Relation Name": "link_type", "Alias": "lt", "Startup Cost": 0.0, "Total Cost": 0.27, "Plan Rows": 1, "Plan Width": 16, "Actual Startup Time": 0.076, "Actual Total Time": 0.076, "Actual Rows": 0, "Actual Loops": 38, "Index Cond": "(id = ml.link_type_id)", "Rows Removed by Index Recheck": 0, "Filter": "((link)::text ~~ '%follows%'::text)", "Rows Removed by Filter": 24}]}]}, "Triggers": [], "Planner Runtime": 80.823, "Total Runtime": 124.133, "Unique SQL Id": 4121279504}}, "(64, 81)": {"explain_plan": {"Plan": {"Node Type": "Aggregate", "Strategy": "Plain", "Startup Cost": 3327.94, "Total Cost": 3327.95, "Plan Rows": 1, "Plan Width": 144, "Plans": [{"Node Type": "Nested Loop", "Parent Relationship": "Outer", "Join Type": "Inner", "Startup Cost": 4.51, "Total Cost": 3327.93, "Plan Rows": 1, "Plan Width": 48, "Inner Unique": true, "Plans": [{"Node Type": "Nested Loop", "Parent Relationship": "Outer", "Join Type": "Inner", "Startup Cost": 4.51, "Total Cost": 3327.65, "Plan Rows": 1, "Plan Width": 40, "Inner Unique": false, "Join Filter": "(t.id = ml.movie_id)", "Plans": [{"Node Type": "Nested Loop", "Parent Relationship": "Outer", "Join Type": "Inner", "Startup Cost": 4.51, "Total Cost": 3327.24, "Plan Rows": 1, "Plan Width": 48, "Inner Unique": true, "Plans": [{"Node Type": "Nested Loop", "Parent Relationship": "Outer", "Join Type": "Inner", "Startup Cost": 4.51, "Total Cost": 3326.95, "Plan Rows": 1, "Plan Width": 52, "Inner Unique": true, "Plans": [{"Node Type": "Nested Loop", "Parent Relationship": "Outer", "Join Type": "Inner", "Startup Cost": 4.51, "Total Cost": 3326.66, "Plan Rows": 1, "Plan Width": 37, "Inner Unique": false, "Join Filter": "(t.id = mc.movie_id)", "Plans": [{"Node Type": "Nested Loop", "Parent Relationship": "Outer", "Join Type": "Inner", "Startup Cost": 4.51, "Total Cost": 3326.32, "Plan Rows": 1, "Plan Width": 25, "Inner Unique": true, "Plans": [{"Node Type": "Nested Loop", "Parent Relationship": "Outer", "Join Type": "Inner", "Startup Cost": 4.51, "Total Cost": 3315.63, "Plan Rows": 33, "Plan Width": 4, "Inner Unique": false, "Plans": [{"Node Type": "Index Scan", "Parent Relationship": "Outer", "Scan Direction": "Forward", "Index Name": "keyword_pkey", "Relation Name": "keyword", "Alias": "k", "Startup Cost": 0.0, "Total Cost": 3182.72, "Plan Rows": 1, "Plan Width": 4, "Filter": "((keyword)::text = 'sequel'::text)"}, {"Node Type": "Bitmap Heap Scan", "Parent Relationship": "Inner", "Relation Name": "movie_keyword", "Alias": "mk", "Startup Cost": 4.51, "Total Cost": 132.58, "Plan Rows": 33, "Plan Width": 8, "Recheck Cond": "(keyword_id = k.id)", "Plans": [{"Node Type": "Bitmap Index Scan", "Parent Relationship": "Outer", "Index Name": "keyword_id_movie_keyword", "Startup Cost": 0.0, "Total Cost": 4.5, "Plan Rows": 33, "Plan Width": 0, "Index Cond": "(keyword_id = k.id)"}]}]}, {"Node Type": "Index Scan", "Parent Relationship": "Inner", "Scan Direction": "Forward", "Index Name": "title_pkey", "Relation Name": "title", "Alias": "t", "Startup Cost": 0.0, "Total Cost": 0.31, "Plan Rows": 1, "Plan Width": 21, "Index Cond": "(id = mk.movie_id)", "Filter": "(((title)::text ~~ '%Money%'::text) AND (production_year = 1998))"}]}, {"Node Type": "Index Scan", "Parent Relationship": "Inner", "Scan Direction": "Forward", "Index Name": "movie_id_movie_companies", "Relation Name": "movie_companies", "Alias": "mc", "Startup Cost": 0.0, "Total Cost": 0.31, "Plan Rows": 2, "Plan Width": 12, "Index Cond": "(movie_id = mk.movie_id)", "Filter": "(note IS NULL)"}]}, {"Node Type": "Index Scan", "Parent Relationship": "Inner", "Scan Direction": "Forward", "Index Name": "company_name_pkey", "Relation Name": "company_name", "Alias": "cn", "Startup Cost": 0.0, "Total Cost": 0.29, "Plan Rows": 1, "Plan Width": 23, "Index Cond": "(id = mc.company_id)", "Filter": "(((country_code)::text <> '[pl]'::text) AND (((name)::text ~~ '%Film%'::text) OR ((name)::text ~~ '%Warner%'::text)))"}]}, {"Node Type": "Index Scan", "Parent Relationship": "Inner", "Scan Direction": "Forward", "Index Name": "company_type_pkey", "Relation Name": "company_type", "Alias": "ct", "Startup Cost": 0.0, "Total Cost": 0.27, "Plan Rows": 1, "Plan Width": 4, "Index Cond": "(id = mc.company_type_id)", "Filter": "((kind)::text = 'production companies'::text)"}]}, {"Node Type": "Index Scan", "Parent Relationship": "Inner", "Scan Direction": "Forward", "Index Name": "movie_id_movie_link", "Relation Name": "movie_link", "Alias": "ml", "Startup Cost": 0.0, "Total Cost": 0.35, "Plan Rows": 5, "Plan Width": 8, "Index Cond": "(movie_id = mk.movie_id)"}]}, {"Node Type": "Index Scan", "Parent Relationship": "Inner", "Scan Direction": "Forward", "Index Name": "link_type_pkey", "Relation Name": "link_type", "Alias": "lt", "Startup Cost": 0.0, "Total Cost": 0.27, "Plan Rows": 1, "Plan Width": 16, "Index Cond": "(id = ml.link_type_id)", "Filter": "((link)::text ~~ '%follows%'::text)"}]}]}, "Unique SQL Id": 4121279504}, "explain_analyze_plan": {"Plan": {"Node Type": "Aggregate", "Strategy": "Plain", "Startup Cost": 3327.94, "Total Cost": 3327.95, "Plan Rows": 1, "Plan Width": 144, "Actual Startup Time": 206.836, "Actual Total Time": 206.836, "Actual Rows": 1, "Actual Loops": 1, "Plans": [{"Node Type": "Nested Loop", "Parent Relationship": "Outer", "Join Type": "Inner", "Startup Cost": 4.51, "Total Cost": 3327.93, "Plan Rows": 1, "Plan Width": 48, "Actual Startup Time": 206.83, "Actual Total Time": 206.83, "Actual Rows": 0, "Actual Loops": 1, "Inner Unique": true, "Plans": [{"Node Type": "Nested Loop", "Parent Relationship": "Outer", "Join Type": "Inner", "Startup Cost": 4.51, "Total Cost": 3327.65, "Plan Rows": 1, "Plan Width": 40, "Actual Startup Time": 4.134, "Actual Total Time": 206.74, "Actual Rows": 38, "Actual Loops": 1, "Inner Unique": false, "Join Filter": "(t.id = ml.movie_id)", "Rows Removed by Join Filter": 0, "Plans": [{"Node Type": "Nested Loop", "Parent Relationship": "Outer", "Join Type": "Inner", "Startup Cost": 4.51, "Total Cost": 3327.24, "Plan Rows": 1, "Plan Width": 48, "Actual Startup Time": 4.119, "Actual Total Time": 206.686, "Actual Rows": 2, "Actual Loops": 1, "Inner Unique": true, "Plans": [{"Node Type": "Nested Loop", "Parent Relationship": "Outer", "Join Type": "Inner", "Startup Cost": 4.51, "Total Cost": 3326.95, "Plan Rows": 1, "Plan Width": 52, "Actual Startup Time": 4.11, "Actual Total Time": 206.673, "Actual Rows": 2, "Actual Loops": 1, "Inner Unique": true, "Plans": [{"Node Type": "Nested Loop", "Parent Relationship": "Outer", "Join Type": "Inner", "Startup Cost": 4.51, "Total Cost": 3326.66, "Plan Rows": 1, "Plan Width": 37, "Actual Startup Time": 4.093, "Actual Total Time": 206.639, "Actual Rows": 3, "Actual Loops": 1, "Inner Unique": false, "Join Filter": "(t.id = mc.movie_id)", "Rows Removed by Join Filter": 0, "Plans": [{"Node Type": "Nested Loop", "Parent Relationship": "Outer", "Join Type": "Inner", "Startup Cost": 4.51, "Total Cost": 3326.32, "Plan Rows": 1, "Plan Width": 25, "Actual Startup Time": 4.075, "Actual Total Time": 206.617, "Actual Rows": 1, "Actual Loops": 1, "Inner Unique": true, "Plans": [{"Node Type": "Nested Loop", "Parent Relationship": "Outer", "Join Type": "Inner", "Startup Cost": 4.51, "Total Cost": 3315.63, "Plan Rows": 33, "Plan Width": 4, "Actual Startup Time": 3.756, "Actual Total Time": 147.383, "Actual Rows": 10544, "Actual Loops": 1, "Inner Unique": false, "Plans": [{"Node Type": "Index Scan", "Parent Relationship": "Outer", "Scan Direction": "Forward", "Index Name": "keyword_pkey", "Relation Name": "keyword", "Alias": "k", "Startup Cost": 0.0, "Total Cost": 3182.72, "Plan Rows": 1, "Plan Width": 4, "Actual Startup Time": 0.512, "Actual Total Time": 126.311, "Actual Rows": 1, "Actual Loops": 1, "Filter": "((keyword)::text = 'sequel'::text)", "Rows Removed by Filter": 134168}, {"Node Type": "Bitmap Heap Scan", "Parent Relationship": "Inner", "Relation Name": "movie_keyword", "Alias": "mk", "Startup Cost": 4.51, "Total Cost": 132.58, "Plan Rows": 33, "Plan Width": 8, "Actual Startup Time": 3.236, "Actual Total Time": 18.868, "Actual Rows": 10544, "Actual Loops": 1, "Recheck Cond": "(keyword_id = k.id)", "Rows Removed by Index Recheck": 0, "Exact Heap Blocks": 5090, "Lossy Heap Blocks": 5090, "Plans": [{"Node Type": "Bitmap Index Scan", "Parent Relationship": "Outer", "Index Name": "keyword_id_movie_keyword", "Startup Cost": 0.0, "Total Cost": 4.5, "Plan Rows": 33, "Plan Width": 0, "Actual Startup Time": 2.291, "Actual Total Time": 2.291, "Actual Rows": 10544, "Actual Loops": 1, "Index Cond": "(keyword_id = k.id)"}]}]}, {"Node Type": "Index Scan", "Parent Relationship": "Inner", "Scan Direction": "Forward", "Index Name": "title_pkey", "Relation Name": "title", "Alias": "t", "Startup Cost": 0.0, "Total Cost": 0.31, "Plan Rows": 1, "Plan Width": 21, "Actual Startup Time": 53.865, "Actual Total Time": 53.865, "Actual Rows": 1, "Actual Loops": 10544, "Index Cond": "(id = mk.movie_id)", "Rows Removed by Index Recheck": 0, "Filter": "(((title)::text ~~ '%Money%'::text) AND (production_year = 1998))", "Rows Removed by Filter": 10543}]}, {"Node Type": "Index Scan", "Parent Relationship": "Inner", "Scan Direction": "Forward", "Index Name": "movie_id_movie_companies", "Relation Name": "movie_companies", "Alias": "mc", "Startup Cost": 0.0, "Total Cost": 0.31, "Plan Rows": 2, "Plan Width": 12, "Actual Startup Time": 0.015, "Actual Total Time": 0.018, "Actual Rows": 3, "Actual Loops": 1, "Index Cond": "(movie_id = mk.movie_id)", "Rows Removed by Index Recheck": 0, "Filter": "(note IS NULL)", "Rows Removed by Filter": 1}]}, {"Node Type": "Index Scan", "Parent Relationship": "Inner", "Scan Direction": "Forward", "Index Name": "company_name_pkey", "Relation Name": "company_name", "Alias": "cn", "Startup Cost": 0.0, "Total Cost": 0.29, "Plan Rows": 1, "Plan Width": 23, "Actual Startup Time": 0.028, "Actual Total Time": 0.028, "Actual Rows": 2, "Actual Loops": 3, "Index Cond": "(id = mc.company_id)", "Rows Removed by Index Recheck": 0, "Filter": "(((country_code)::text <> '[pl]'::text) AND (((name)::text ~~ '%Film%'::text) OR ((name)::text ~~ '%Warner%'::text)))", "Rows Removed by Filter": 1}]}, {"Node Type": "Index Scan", "Parent Relationship": "Inner", "Scan Direction": "Forward", "Index Name": "company_type_pkey", "Relation Name": "company_type", "Alias": "ct", "Startup Cost": 0.0, "Total Cost": 0.27, "Plan Rows": 1, "Plan Width": 4, "Actual Startup Time": 0.009, "Actual Total Time": 0.009, "Actual Rows": 2, "Actual Loops": 2, "Index Cond": "(id = mc.company_type_id)", "Rows Removed by Index Recheck": 0, "Filter": "((kind)::text = 'production companies'::text)", "Rows Removed by Filter": 0}]}, {"Node Type": "Index Scan", "Parent Relationship": "Inner", "Scan Direction": "Forward", "Index Name": "movie_id_movie_link", "Relation Name": "movie_link", "Alias": "ml", "Startup Cost": 0.0, "Total Cost": 0.35, "Plan Rows": 5, "Plan Width": 8, "Actual Startup Time": 0.013, "Actual Total Time": 0.03, "Actual Rows": 38, "Actual Loops": 2, "Index Cond": "(movie_id = mk.movie_id)", "Rows Removed by Index Recheck": 0}]}, {"Node Type": "Index Scan", "Parent Relationship": "Inner", "Scan Direction": "Forward", "Index Name": "link_type_pkey", "Relation Name": "link_type", "Alias": "lt", "Startup Cost": 0.0, "Total Cost": 0.27, "Plan Rows": 1, "Plan Width": 16, "Actual Startup Time": 0.072, "Actual Total Time": 0.072, "Actual Rows": 0, "Actual Loops": 38, "Index Cond": "(id = ml.link_type_id)", "Rows Removed by Index Recheck": 0, "Filter": "((link)::text ~~ '%follows%'::text)", "Rows Removed by Filter": 24}]}]}, "Triggers": [], "Planner Runtime": 70.618, "Total Runtime": 207.306, "Unique SQL Id": 4121279504}}, "(64, 82)": {"explain_plan": {"Plan": {"Node Type": "Aggregate", "Strategy": "Plain", "Startup Cost": 2726.08, "Total Cost": 2726.09, "Plan Rows": 1, "Plan Width": 144, "Plans": [{"Node Type": "Nested Loop", "Parent Relationship": "Outer", "Join Type": "Inner", "Startup Cost": 2722.02, "Total Cost": 2726.07, "Plan Rows": 1, "Plan Width": 48, "Inner Unique": true, "Plans": [{"Node Type": "Merge Join", "Parent Relationship": "Outer", "Join Type": "Inner", "Startup Cost": 2721.76, "Total Cost": 2721.79, "Plan Rows": 1, "Plan Width": 33, "Inner Unique": true, "Merge Cond": "(mc.company_type_id = ct.id)", "Plans": [{"Node Type": "Sort", "Parent Relationship": "Outer", "Startup Cost": 2720.71, "Total Cost": 2720.72, "Plan Rows": 1, "Plan Width": 37, "Sort Key": ["mc.company_type_id"], "Plans": [{"Node Type": "Merge Join", "Parent Relationship": "Outer", "Join Type": "Inner", "Startup Cost": 2720.68, "Total Cost": 2720.7, "Plan Rows": 1, "Plan Width": 37, "Inner Unique": true, "Merge Cond": "(ml.link_type_id = lt.id)", "Plans": [{"Node Type": "Sort", "Parent Relationship": "Outer", "Startup Cost": 2719.46, "Total Cost": 2719.46, "Plan Rows": 1, "Plan Width": 29, "Sort Key": ["ml.link_type_id"], "Plans": [{"Node Type": "Nested Loop", "Parent Relationship": "Outer", "Join Type": "Inner", "Startup Cost": 5.33, "Total Cost": 2719.45, "Plan Rows": 1, "Plan Width": 29, "Inner Unique": false, "Join Filter": "(t.id = ml.movie_id)", "Plans": [{"Node Type": "Nested Loop", "Parent Relationship": "Outer", "Join Type": "Inner", "Startup Cost": 5.05, "Total Cost": 2715.03, "Plan Rows": 1, "Plan Width": 37, "Inner Unique": false, "Join Filter": "(t.id = mc.movie_id)", "Plans": [{"Node Type": "Nested Loop", "Parent Relationship": "Outer", "Join Type": "Inner", "Startup Cost": 4.77, "Total Cost": 2710.71, "Plan Rows": 1, "Plan Width": 25, "Inner Unique": true, "Plans": [{"Node Type": "Nested Loop", "Parent Relationship": "Outer", "Join Type": "Inner", "Startup Cost": 4.51, "Total Cost": 2569.02, "Plan Rows": 33, "Plan Width": 4, "Inner Unique": false, "Plans": [{"Node Type": "Seq Scan", "Parent Relationship": "Outer", "Relation Name": "keyword", "Alias": "k", "Startup Cost": 0.0, "Total Cost": 2436.11, "Plan Rows": 1, "Plan Width": 4, "Filter": "((keyword)::text = 'sequel'::text)"}, {"Node Type": "Bitmap Heap Scan", "Parent Relationship": "Inner", "Relation Name": "movie_keyword", "Alias": "mk", "Startup Cost": 4.51, "Total Cost": 132.58, "Plan Rows": 33, "Plan Width": 8, "Recheck Cond": "(keyword_id = k.id)", "Plans": [{"Node Type": "Bitmap Index Scan", "Parent Relationship": "Outer", "Index Name": "keyword_id_movie_keyword", "Startup Cost": 0.0, "Total Cost": 4.5, "Plan Rows": 33, "Plan Width": 0, "Index Cond": "(keyword_id = k.id)"}]}]}, {"Node Type": "Bitmap Heap Scan", "Parent Relationship": "Inner", "Relation Name": "title", "Alias": "t", "Startup Cost": 0.27, "Total Cost": 4.28, "Plan Rows": 1, "Plan Width": 21, "Recheck Cond": "(id = mk.movie_id)", "Filter": "(((title)::text ~~ '%Money%'::text) AND (production_year = 1998))", "Plans": [{"Node Type": "Bitmap Index Scan", "Parent Relationship": "Outer", "Index Name": "title_pkey", "Startup Cost": 0.0, "Total Cost": 0.27, "Plan Rows": 1, "Plan Width": 0, "Index Cond": "(id = mk.movie_id)"}]}]}, {"Node Type": "Bitmap Heap Scan", "Parent Relationship": "Inner", "Relation Name": "movie_companies", "Alias": "mc", "Startup Cost": 0.27, "Total Cost": 4.3, "Plan Rows": 2, "Plan Width": 12, "Recheck Cond": "(movie_id = mk.movie_id)", "Filter": "(note IS NULL)", "Plans": [{"Node Type": "Bitmap Index Scan", "Parent Relationship": "Outer", "Index Name": "movie_id_movie_companies", "Startup Cost": 0.0, "Total Cost": 0.27, "Plan Rows": 2, "Plan Width": 0, "Index Cond": "(movie_id = mk.movie_id)"}]}]}, {"Node Type": "Bitmap Heap Scan", "Parent Relationship": "Inner", "Relation Name": "movie_link", "Alias": "ml", "Startup Cost": 0.29, "Total Cost": 4.35, "Plan Rows": 5, "Plan Width": 8, "Recheck Cond": "(movie_id = mk.movie_id)", "Plans": [{"Node Type": "Bitmap Index Scan", "Parent Relationship": "Outer", "Index Name": "movie_id_movie_link", "Startup Cost": 0.0, "Total Cost": 0.29, "Plan Rows": 5, "Plan Width": 0, "Index Cond": "(movie_id = mk.movie_id)"}]}]}]}, {"Node Type": "Sort", "Parent Relationship": "Inner", "Startup Cost": 1.22, "Total Cost": 1.23, "Plan Rows": 1, "Plan Width": 16, "Sort Key": ["lt.id"], "Plans": [{"Node Type": "Seq Scan", "Parent Relationship": "Outer", "Relation Name": "link_type", "Alias": "lt", "Startup Cost": 0.0, "Total Cost": 1.21, "Plan Rows": 1, "Plan Width": 16, "Filter": "((link)::text ~~ '%follows%'::text)"}]}]}]}, {"Node Type": "Sort", "Parent Relationship": "Inner", "Startup Cost": 1.05, "Total Cost": 1.05, "Plan Rows": 1, "Plan Width": 4, "Sort Key": ["ct.id"], "Plans": [{"Node Type": "Seq Scan", "Parent Relationship": "Outer", "Relation Name": "company_type", "Alias": "ct", "Startup Cost": 0.0, "Total Cost": 1.04, "Plan Rows": 1, "Plan Width": 4, "Filter": "((kind)::text = 'production companies'::text)"}]}]}, {"Node Type": "Bitmap Heap Scan", "Parent Relationship": "Inner", "Relation Name": "company_name", "Alias": "cn", "Startup Cost": 0.26, "Total Cost": 4.28, "Plan Rows": 1, "Plan Width": 23, "Recheck Cond": "(id = mc.company_id)", "Filter": "(((country_code)::text <> '[pl]'::text) AND (((name)::text ~~ '%Film%'::text) OR ((name)::text ~~ '%Warner%'::text)))", "Plans": [{"Node Type": "Bitmap Index Scan", "Parent Relationship": "Outer", "Index Name": "company_name_pkey", "Startup Cost": 0.0, "Total Cost": 0.26, "Plan Rows": 1, "Plan Width": 0, "Index Cond": "(id = mc.company_id)"}]}]}]}, "Unique SQL Id": 4121279504}, "explain_analyze_plan": {"Plan": {"Node Type": "Aggregate", "Strategy": "Plain", "Startup Cost": 2726.08, "Total Cost": 2726.09, "Plan Rows": 1, "Plan Width": 144, "Actual Startup Time": 138.159, "Actual Total Time": 138.159, "Actual Rows": 1, "Actual Loops": 1, "Plans": [{"Node Type": "Nested Loop", "Parent Relationship": "Outer", "Join Type": "Inner", "Startup Cost": 2722.02, "Total Cost": 2726.07, "Plan Rows": 1, "Plan Width": 48, "Actual Startup Time": 138.149, "Actual Total Time": 138.149, "Actual Rows": 0, "Actual Loops": 1, "Inner Unique": true, "Plans": [{"Node Type": "Merge Join", "Parent Relationship": "Outer", "Join Type": "Inner", "Startup Cost": 2721.76, "Total Cost": 2721.79, "Plan Rows": 1, "Plan Width": 33, "Actual Startup Time": 138.147, "Actual Total Time": 138.147, "Actual Rows": 0, "Actual Loops": 1, "Inner Unique": true, "Merge Cond": "(mc.company_type_id = ct.id)", "Plans": [{"Node Type": "Sort", "Parent Relationship": "Outer", "Startup Cost": 2720.71, "Total Cost": 2720.72, "Plan Rows": 1, "Plan Width": 37, "Actual Startup Time": 138.143, "Actual Total Time": 138.143, "Actual Rows": 0, "Actual Loops": 1, "Sort Key": ["mc.company_type_id"], "Sort Method": "quicksort", "Sort Space Used": 25, "Sort Space Type": "Memory", "Plans": [{"Node Type": "Merge Join", "Parent Relationship": "Outer", "Join Type": "Inner", "Startup Cost": 2720.68, "Total Cost": 2720.7, "Plan Rows": 1, "Plan Width": 37, "Actual Startup Time": 138.134, "Actual Total Time": 138.134, "Actual Rows": 0, "Actual Loops": 1, "Inner Unique": true, "Merge Cond": "(ml.link_type_id = lt.id)", "Plans": [{"Node Type": "Sort", "Parent Relationship": "Outer", "Startup Cost": 2719.46, "Total Cost": 2719.46, "Plan Rows": 1, "Plan Width": 29, "Actual Startup Time": 138.039, "Actual Total Time": 138.039, "Actual Rows": 1, "Actual Loops": 1, "Sort Key": ["ml.link_type_id"], "Sort Method": "quicksort", "Sort Space Used": 30, "Sort Space Type": "Memory", "Plans": [{"Node Type": "Nested Loop", "Parent Relationship": "Outer", "Join Type": "Inner", "Startup Cost": 5.33, "Total Cost": 2719.45, "Plan Rows": 1, "Plan Width": 29, "Actual Startup Time": 5.724, "Actual Total Time": 138.007, "Actual Rows": 57, "Actual Loops": 1, "Inner Unique": false, "Join Filter": "(t.id = ml.movie_id)", "Rows Removed by Join Filter": 0, "Plans": [{"Node Type": "Nested Loop", "Parent Relationship": "Outer", "Join Type": "Inner", "Startup Cost": 5.05, "Total Cost": 2715.03, "Plan Rows": 1, "Plan Width": 37, "Actual Startup Time": 5.695, "Actual Total Time": 137.933, "Actual Rows": 3, "Actual Loops": 1, "Inner Unique": false, "Join Filter": "(t.id = mc.movie_id)", "Rows Removed by Join Filter": 0, "Plans": [{"Node Type": "Nested Loop", "Parent Relationship": "Outer", "Join Type": "Inner", "Startup Cost": 4.77, "Total Cost": 2710.71, "Plan Rows": 1, "Plan Width": 25, "Actual Startup Time": 5.667, "Actual Total Time": 137.901, "Actual Rows": 1, "Actual Loops": 1, "Inner Unique": true, "Plans": [{"Node Type": "Nested Loop", "Parent Relationship": "Outer", "Join Type": "Inner", "Startup Cost": 4.51, "Total Cost": 2569.02, "Plan Rows": 33, "Plan Width": 4, "Actual Startup Time": 5.236, "Actual Total Time": 61.266, "Actual Rows": 10544, "Actual Loops": 1, "Inner Unique": false, "Plans": [{"Node Type": "Seq Scan", "Parent Relationship": "Outer", "Relation Name": "keyword", "Alias": "k", "Startup Cost": 0.0, "Total Cost": 2436.11, "Plan Rows": 1, "Plan Width": 4, "Actual Startup Time": 2.354, "Actual Total Time": 41.097, "Actual Rows": 1, "Actual Loops": 1, "Filter": "((keyword)::text = 'sequel'::text)", "Rows Removed by Filter": 134168}, {"Node Type": "Bitmap Heap Scan", "Parent Relationship": "Inner", "Relation Name": "movie_keyword", "Alias": "mk", "Startup Cost": 4.51, "Total Cost": 132.58, "Plan Rows": 33, "Plan Width": 8, "Actual Startup Time": 2.873, "Actual Total Time": 18.081, "Actual Rows": 10544, "Actual Loops": 1, "Recheck Cond": "(keyword_id = k.id)", "Rows Removed by Index Recheck": 0, "Exact Heap Blocks": 5090, "Lossy Heap Blocks": 5090, "Plans": [{"Node Type": "Bitmap Index Scan", "Parent Relationship": "Outer", "Index Name": "keyword_id_movie_keyword", "Startup Cost": 0.0, "Total Cost": 4.5, "Plan Rows": 33, "Plan Width": 0, "Actual Startup Time": 1.947, "Actual Total Time": 1.947, "Actual Rows": 10544, "Actual Loops": 1, "Index Cond": "(keyword_id = k.id)"}]}]}, {"Node Type": "Bitmap Heap Scan", "Parent Relationship": "Inner", "Relation Name": "title", "Alias": "t", "Startup Cost": 0.27, "Total Cost": 4.28, "Plan Rows": 1, "Plan Width": 21, "Actual Startup Time": 64.969, "Actual Total Time": 64.969, "Actual Rows": 1, "Actual Loops": 10544, "Recheck Cond": "(id = mk.movie_id)", "Rows Removed by Index Recheck": 0, "Filter": "(((title)::text ~~ '%Money%'::text) AND (production_year = 1998))", "Rows Removed by Filter": 10543, "Exact Heap Blocks": 10544, "Lossy Heap Blocks": 10544, "Plans": [{"Node Type": "Bitmap Index Scan", "Parent Relationship": "Outer", "Index Name": "title_pkey", "Startup Cost": 0.0, "Total Cost": 0.27, "Plan Rows": 1, "Plan Width": 0, "Actual Startup Time": 31.46, "Actual Total Time": 31.46, "Actual Rows": 10544, "Actual Loops": 10544, "Index Cond": "(id = mk.movie_id)"}]}]}, {"Node Type": "Bitmap Heap Scan", "Parent Relationship": "Inner", "Relation Name": "movie_companies", "Alias": "mc", "Startup Cost": 0.27, "Total Cost": 4.3, "Plan Rows": 2, "Plan Width": 12, "Actual Startup Time": 0.024, "Actual Total Time": 0.024, "Actual Rows": 3, "Actual Loops": 1, "Recheck Cond": "(movie_id = mk.movie_id)", "Rows Removed by Index Recheck": 0, "Filter": "(note IS NULL)", "Rows Removed by Filter": 1, "Exact Heap Blocks": 2, "Lossy Heap Blocks": 2, "Plans": [{"Node Type": "Bitmap Index Scan", "Parent Relationship": "Outer", "Index Name": "movie_id_movie_companies", "Startup Cost": 0.0, "Total Cost": 0.27, "Plan Rows": 2, "Plan Width": 0, "Actual Startup Time": 0.012, "Actual Total Time": 0.012, "Actual Rows": 4, "Actual Loops": 1, "Index Cond": "(movie_id = mk.movie_id)"}]}]}, {"Node Type": "Bitmap Heap Scan", "Parent Relationship": "Inner", "Relation Name": "movie_link", "Alias": "ml", "Startup Cost": 0.29, "Total Cost": 4.35, "Plan Rows": 5, "Plan Width": 8, "Actual Startup Time": 0.04, "Actual Total Time": 0.047, "Actual Rows": 57, "Actual Loops": 3, "Recheck Cond": "(movie_id = mk.movie_id)", "Rows Removed by Index Recheck": 0, "Exact Heap Blocks": 3, "Lossy Heap Blocks": 3, "Plans": [{"Node Type": "Bitmap Index Scan", "Parent Relationship": "Outer", "Index Name": "movie_id_movie_link", "Startup Cost": 0.0, "Total Cost": 0.29, "Plan Rows": 5, "Plan Width": 0, "Actual Startup Time": 0.018, "Actual Total Time": 0.018, "Actual Rows": 57, "Actual Loops": 3, "Index Cond": "(movie_id = mk.movie_id)"}]}]}]}, {"Node Type": "Sort", "Parent Relationship": "Inner", "Startup Cost": 1.22, "Total Cost": 1.23, "Plan Rows": 1, "Plan Width": 16, "Actual Startup Time": 0.078, "Actual Total Time": 0.078, "Actual Rows": 0, "Actual Loops": 1, "Sort Key": ["lt.id"], "Sort Method": "quicksort", "Sort Space Used": 25, "Sort Space Type": "Memory", "Plans": [{"Node Type": "Seq Scan", "Parent Relationship": "Outer", "Relation Name": "link_type", "Alias": "lt", "Startup Cost": 0.0, "Total Cost": 1.21, "Plan Rows": 1, "Plan Width": 16, "Actual Startup Time": 0.036, "Actual Total Time": 0.036, "Actual Rows": 0, "Actual Loops": 1, "Filter": "((link)::text ~~ '%follows%'::text)", "Rows Removed by Filter": 17}]}]}]}, {"Node Type": "Sort", "Parent Relationship": "Inner", "Startup Cost": 1.05, "Total Cost": 1.05, "Plan Rows": 1, "Plan Width": 4, "Actual Startup Time": 0.0, "Actual Total Time": 0.0, "Sort Key": ["ct.id"], "Plans": [{"Node Type": "Seq Scan", "Parent Relationship": "Outer", "Relation Name": "company_type", "Alias": "ct", "Startup Cost": 0.0, "Total Cost": 1.04, "Plan Rows": 1, "Plan Width": 4, "Actual Startup Time": 0.0, "Actual Total Time": 0.0, "Filter": "((kind)::text = 'production companies'::text)", "Rows Removed by Filter": 0}]}]}, {"Node Type": "Bitmap Heap Scan", "Parent Relationship": "Inner", "Relation Name": "company_name", "Alias": "cn", "Startup Cost": 0.26, "Total Cost": 4.28, "Plan Rows": 1, "Plan Width": 23, "Actual Startup Time": 0.0, "Actual Total Time": 0.0, "Recheck Cond": "(id = mc.company_id)", "Rows Removed by Index Recheck": 0, "Filter": "(((country_code)::text <> '[pl]'::text) AND (((name)::text ~~ '%Film%'::text) OR ((name)::text ~~ '%Warner%'::text)))", "Rows Removed by Filter": 0, "Exact Heap Blocks": 0, "Lossy Heap Blocks": 0, "Plans": [{"Node Type": "Bitmap Index Scan", "Parent Relationship": "Outer", "Index Name": "company_name_pkey", "Startup Cost": 0.0, "Total Cost": 0.26, "Plan Rows": 1, "Plan Width": 0, "Actual Startup Time": 0.0, "Actual Total Time": 0.0, "Index Cond": "(id = mc.company_id)"}]}]}]}, "Triggers": [], "Planner Runtime": 56.653, "Total Runtime": 138.655, "Unique SQL Id": 4121279504}}, "(64, 83)": {"explain_plan": {"Plan": {"Node Type": "Aggregate", "Strategy": "Plain", "Startup Cost": 3451.4, "Total Cost": 3451.41, "Plan Rows": 1, "Plan Width": 144, "Plans": [{"Node Type": "Nested Loop", "Parent Relationship": "Outer", "Join Type": "Inner", "Startup Cost": 725.2, "Total Cost": 3451.4, "Plan Rows": 1, "Plan Width": 48, "Inner Unique": true, "Plans": [{"Node Type": "Nested Loop", "Parent Relationship": "Outer", "Join Type": "Inner", "Startup Cost": 724.95, "Total Cost": 3447.11, "Plan Rows": 1, "Plan Width": 40, "Inner Unique": false, "Join Filter": "(t.id = ml.movie_id)", "Plans": [{"Node Type": "Nested Loop", "Parent Relationship": "Outer", "Join Type": "Inner", "Startup Cost": 724.66, "Total Cost": 3442.7, "Plan Rows": 1, "Plan Width": 48, "Inner Unique": true, "Plans": [{"Node Type": "Nested Loop", "Parent Relationship": "Outer", "Join Type": "Inner", "Startup Cost": 724.4, "Total Cost": 3438.42, "Plan Rows": 1, "Plan Width": 52, "Inner Unique": true, "Plans": [{"Node Type": "Nested Loop", "Parent Relationship": "Outer", "Join Type": "Inner", "Startup Cost": 724.14, "Total Cost": 3434.13, "Plan Rows": 1, "Plan Width": 37, "Inner Unique": false, "Join Filter": "(t.id = mc.movie_id)", "Plans": [{"Node Type": "Nested Loop", "Parent Relationship": "Outer", "Join Type": "Inner", "Startup Cost": 723.87, "Total Cost": 3429.8, "Plan Rows": 1, "Plan Width": 25, "Inner Unique": true, "Plans": [{"Node Type": "Nested Loop", "Parent Relationship": "Outer", "Join Type": "Inner", "Startup Cost": 723.6, "Total Cost": 3288.12, "Plan Rows": 33, "Plan Width": 4, "Inner Unique": false, "Plans": [{"Node Type": "Bitmap Heap Scan", "Parent Relationship": "Outer", "Relation Name": "keyword", "Alias": "k", "Startup Cost": 719.1, "Total Cost": 3155.21, "Plan Rows": 1, "Plan Width": 4, "Filter": "((keyword)::text = 'sequel'::text)", "Plans": [{"Node Type": "Bitmap Index Scan", "Parent Relationship": "Outer", "Index Name": "keyword_pkey", "Startup Cost": 0.0, "Total Cost": 719.1, "Plan Rows": 134169, "Plan Width": 0}]}, {"Node Type": "Bitmap Heap Scan", "Parent Relationship": "Inner", "Relation Name": "movie_keyword", "Alias": "mk", "Startup Cost": 4.51, "Total Cost": 132.58, "Plan Rows": 33, "Plan Width": 8, "Recheck Cond": "(keyword_id = k.id)", "Plans": [{"Node Type": "Bitmap Index Scan", "Parent Relationship": "Outer", "Index Name": "keyword_id_movie_keyword", "Startup Cost": 0.0, "Total Cost": 4.5, "Plan Rows": 33, "Plan Width": 0, "Index Cond": "(keyword_id = k.id)"}]}]}, {"Node Type": "Bitmap Heap Scan", "Parent Relationship": "Inner", "Relation Name": "title", "Alias": "t", "Startup Cost": 0.27, "Total Cost": 4.28, "Plan Rows": 1, "Plan Width": 21, "Recheck Cond": "(id = mk.movie_id)", "Filter": "(((title)::text ~~ '%Money%'::text) AND (production_year = 1998))", "Plans": [{"Node Type": "Bitmap Index Scan", "Parent Relationship": "Outer", "Index Name": "title_pkey", "Startup Cost": 0.0, "Total Cost": 0.27, "Plan Rows": 1, "Plan Width": 0, "Index Cond": "(id = mk.movie_id)"}]}]}, {"Node Type": "Bitmap Heap Scan", "Parent Relationship": "Inner", "Relation Name": "movie_companies", "Alias": "mc", "Startup Cost": 0.27, "Total Cost": 4.3, "Plan Rows": 2, "Plan Width": 12, "Recheck Cond": "(movie_id = mk.movie_id)", "Filter": "(note IS NULL)", "Plans": [{"Node Type": "Bitmap Index Scan", "Parent Relationship": "Outer", "Index Name": "movie_id_movie_companies", "Startup Cost": 0.0, "Total Cost": 0.27, "Plan Rows": 2, "Plan Width": 0, "Index Cond": "(movie_id = mk.movie_id)"}]}]}, {"Node Type": "Bitmap Heap Scan", "Parent Relationship": "Inner", "Relation Name": "company_name", "Alias": "cn", "Startup Cost": 0.26, "Total Cost": 4.28, "Plan Rows": 1, "Plan Width": 23, "Recheck Cond": "(id = mc.company_id)", "Filter": "(((country_code)::text <> '[pl]'::text) AND (((name)::text ~~ '%Film%'::text) OR ((name)::text ~~ '%Warner%'::text)))", "Plans": [{"Node Type": "Bitmap Index Scan", "Parent Relationship": "Outer", "Index Name": "company_name_pkey", "Startup Cost": 0.0, "Total Cost": 0.26, "Plan Rows": 1, "Plan Width": 0, "Index Cond": "(id = mc.company_id)"}]}]}, {"Node Type": "Bitmap Heap Scan", "Parent Relationship": "Inner", "Relation Name": "company_type", "Alias": "ct", "Startup Cost": 0.26, "Total Cost": 4.27, "Plan Rows": 1, "Plan Width": 4, "Recheck Cond": "(id = mc.company_type_id)", "Filter": "((kind)::text = 'production companies'::text)", "Plans": [{"Node Type": "Bitmap Index Scan", "Parent Relationship": "Outer", "Index Name": "company_type_pkey", "Startup Cost": 0.0, "Total Cost": 0.26, "Plan Rows": 1, "Plan Width": 0, "Index Cond": "(id = mc.company_type_id)"}]}]}, {"Node Type": "Bitmap Heap Scan", "Parent Relationship": "Inner", "Relation Name": "movie_link", "Alias": "ml", "Startup Cost": 0.29, "Total Cost": 4.35, "Plan Rows": 5, "Plan Width": 8, "Recheck Cond": "(movie_id = mk.movie_id)", "Plans": [{"Node Type": "Bitmap Index Scan", "Parent Relationship": "Outer", "Index Name": "movie_id_movie_link", "Startup Cost": 0.0, "Total Cost": 0.29, "Plan Rows": 5, "Plan Width": 0, "Index Cond": "(movie_id = mk.movie_id)"}]}]}, {"Node Type": "Bitmap Heap Scan", "Parent Relationship": "Inner", "Relation Name": "link_type", "Alias": "lt", "Startup Cost": 0.26, "Total Cost": 4.27, "Plan Rows": 1, "Plan Width": 16, "Recheck Cond": "(id = ml.link_type_id)", "Filter": "((link)::text ~~ '%follows%'::text)", "Plans": [{"Node Type": "Bitmap Index Scan", "Parent Relationship": "Outer", "Index Name": "link_type_pkey", "Startup Cost": 0.0, "Total Cost": 0.26, "Plan Rows": 1, "Plan Width": 0, "Index Cond": "(id = ml.link_type_id)"}]}]}]}, "Unique SQL Id": 4121279504}, "explain_analyze_plan": {"Plan": {"Node Type": "Aggregate", "Strategy": "Plain", "Startup Cost": 3451.4, "Total Cost": 3451.41, "Plan Rows": 1, "Plan Width": 144, "Actual Startup Time": 161.722, "Actual Total Time": 161.723, "Actual Rows": 1, "Actual Loops": 1, "Plans": [{"Node Type": "Nested Loop", "Parent Relationship": "Outer", "Join Type": "Inner", "Startup Cost": 725.2, "Total Cost": 3451.4, "Plan Rows": 1, "Plan Width": 48, "Actual Startup Time": 161.712, "Actual Total Time": 161.712, "Actual Rows": 0, "Actual Loops": 1, "Inner Unique": true, "Plans": [{"Node Type": "Nested Loop", "Parent Relationship": "Outer", "Join Type": "Inner", "Startup Cost": 724.95, "Total Cost": 3447.11, "Plan Rows": 1, "Plan Width": 40, "Actual Startup Time": 19.997, "Actual Total Time": 161.571, "Actual Rows": 38, "Actual Loops": 1, "Inner Unique": false, "Join Filter": "(t.id = ml.movie_id)", "Rows Removed by Join Filter": 0, "Plans": [{"Node Type": "Nested Loop", "Parent Relationship": "Outer", "Join Type": "Inner", "Startup Cost": 724.66, "Total Cost": 3442.7, "Plan Rows": 1, "Plan Width": 48, "Actual Startup Time": 19.97, "Actual Total Time": 161.514, "Actual Rows": 2, "Actual Loops": 1, "Inner Unique": true, "Plans": [{"Node Type": "Nested Loop", "Parent Relationship": "Outer", "Join Type": "Inner", "Startup Cost": 724.4, "Total Cost": 3438.42, "Plan Rows": 1, "Plan Width": 52, "Actual Startup Time": 19.958, "Actual Total Time": 161.497, "Actual Rows": 2, "Actual Loops": 1, "Inner Unique": true, "Plans": [{"Node Type": "Nested Loop", "Parent Relationship": "Outer", "Join Type": "Inner", "Startup Cost": 724.14, "Total Cost": 3434.13, "Plan Rows": 1, "Plan Width": 37, "Actual Startup Time": 19.933, "Actual Total Time": 161.449, "Actual Rows": 3, "Actual Loops": 1, "Inner Unique": false, "Join Filter": "(t.id = mc.movie_id)", "Rows Removed by Join Filter": 0, "Plans": [{"Node Type": "Nested Loop", "Parent Relationship": "Outer", "Join Type": "Inner", "Startup Cost": 723.87, "Total Cost": 3429.8, "Plan Rows": 1, "Plan Width": 25, "Actual Startup Time": 19.903, "Actual Total Time": 161.415, "Actual Rows": 1, "Actual Loops": 1, "Inner Unique": true, "Plans": [{"Node Type": "Nested Loop", "Parent Relationship": "Outer", "Join Type": "Inner", "Startup Cost": 723.6, "Total Cost": 3288.12, "Plan Rows": 33, "Plan Width": 4, "Actual Startup Time": 19.48, "Actual Total Time": 84.809, "Actual Rows": 10544, "Actual Loops": 1, "Inner Unique": false, "Plans": [{"Node Type": "Bitmap Heap Scan", "Parent Relationship": "Outer", "Relation Name": "keyword", "Alias": "k", "Startup Cost": 719.1, "Total Cost": 3155.21, "Plan Rows": 1, "Plan Width": 4, "Actual Startup Time": 16.533, "Actual Total Time": 64.286, "Actual Rows": 1, "Actual Loops": 1, "Filter": "((keyword)::text = 'sequel'::text)", "Rows Removed by Filter": 134168, "Exact Heap Blocks": 759, "Lossy Heap Blocks": 759, "Plans": [{"Node Type": "Bitmap Index Scan", "Parent Relationship": "Outer", "Index Name": "keyword_pkey", "Startup Cost": 0.0, "Total Cost": 719.1, "Plan Rows": 134169, "Plan Width": 0, "Actual Startup Time": 13.54, "Actual Total Time": 13.54, "Actual Rows": 134169, "Actual Loops": 1}]}, {"Node Type": "Bitmap Heap Scan", "Parent Relationship": "Inner", "Relation Name": "movie_keyword", "Alias": "mk", "Startup Cost": 4.51, "Total Cost": 132.58, "Plan Rows": 33, "Plan Width": 8, "Actual Startup Time": 2.933, "Actual Total Time": 18.397, "Actual Rows": 10544, "Actual Loops": 1, "Recheck Cond": "(keyword_id = k.id)", "Rows Removed by Index Recheck": 0, "Exact Heap Blocks": 5090, "Lossy Heap Blocks": 5090, "Plans": [{"Node Type": "Bitmap Index Scan", "Parent Relationship": "Outer", "Index Name": "keyword_id_movie_keyword", "Startup Cost": 0.0, "Total Cost": 4.5, "Plan Rows": 33, "Plan Width": 0, "Actual Startup Time": 2.017, "Actual Total Time": 2.017, "Actual Rows": 10544, "Actual Loops": 1, "Index Cond": "(keyword_id = k.id)"}]}]}, {"Node Type": "Bitmap Heap Scan", "Parent Relationship": "Inner", "Relation Name": "title", "Alias": "t", "Startup Cost": 0.27, "Total Cost": 4.28, "Plan Rows": 1, "Plan Width": 21, "Actual Startup Time": 64.824, "Actual Total Time": 64.824, "Actual Rows": 1, "Actual Loops": 10544, "Recheck Cond": "(id = mk.movie_id)", "Rows Removed by Index Recheck": 0, "Filter": "(((title)::text ~~ '%Money%'::text) AND (production_year = 1998))", "Rows Removed by Filter": 10543, "Exact Heap Blocks": 10544, "Lossy Heap Blocks": 10544, "Plans": [{"Node Type": "Bitmap Index Scan", "Parent Relationship": "Outer", "Index Name": "title_pkey", "Startup Cost": 0.0, "Total Cost": 0.27, "Plan Rows": 1, "Plan Width": 0, "Actual Startup Time": 31.063, "Actual Total Time": 31.063, "Actual Rows": 10544, "Actual Loops": 10544, "Index Cond": "(id = mk.movie_id)"}]}]}, {"Node Type": "Bitmap Heap Scan", "Parent Relationship": "Inner", "Relation Name": "movie_companies", "Alias": "mc", "Startup Cost": 0.27, "Total Cost": 4.3, "Plan Rows": 2, "Plan Width": 12, "Actual Startup Time": 0.024, "Actual Total Time": 0.025, "Actual Rows": 3, "Actual Loops": 1, "Recheck Cond": "(movie_id = mk.movie_id)", "Rows Removed by Index Recheck": 0, "Filter": "(note IS NULL)", "Rows Removed by Filter": 1, "Exact Heap Blocks": 2, "Lossy Heap Blocks": 2, "Plans": [{"Node Type": "Bitmap Index Scan", "Parent Relationship": "Outer", "Index Name": "movie_id_movie_companies", "Startup Cost": 0.0, "Total Cost": 0.27, "Plan Rows": 2, "Plan Width": 0, "Actual Startup Time": 0.012, "Actual Total Time": 0.012, "Actual Rows": 4, "Actual Loops": 1, "Index Cond": "(movie_id = mk.movie_id)"}]}]}, {"Node Type": "Bitmap Heap Scan", "Parent Relationship": "Inner", "Relation Name": "company_name", "Alias": "cn", "Startup Cost": 0.26, "Total Cost": 4.28, "Plan Rows": 1, "Plan Width": 23, "Actual Startup Time": 0.041, "Actual Total Time": 0.041, "Actual Rows": 2, "Actual Loops": 3, "Recheck Cond": "(id = mc.company_id)", "Rows Removed by Index Recheck": 0, "Filter": "(((country_code)::text <> '[pl]'::text) AND (((name)::text ~~ '%Film%'::text) OR ((name)::text ~~ '%Warner%'::text)))", "Rows Removed by Filter": 1, "Exact Heap Blocks": 3, "Lossy Heap Blocks": 3, "Plans": [{"Node Type": "Bitmap Index Scan", "Parent Relationship": "Outer", "Index Name": "company_name_pkey", "Startup Cost": 0.0, "Total Cost": 0.26, "Plan Rows": 1, "Plan Width": 0, "Actual Startup Time": 0.02, "Actual Total Time": 0.02, "Actual Rows": 3, "Actual Loops": 3, "Index Cond": "(id = mc.company_id)"}]}]}, {"Node Type": "Bitmap Heap Scan", "Parent Relationship": "Inner", "Relation Name": "company_type", "Alias": "ct", "Startup Cost": 0.26, "Total Cost": 4.27, "Plan Rows": 1, "Plan Width": 4, "Actual Startup Time": 0.013, "Actual Total Time": 0.013, "Actual Rows": 2, "Actual Loops": 2, "Recheck Cond": "(id = mc.company_type_id)", "Rows Removed by Index Recheck": 0, "Filter": "((kind)::text = 'production companies'::text)", "Rows Removed by Filter": 0, "Exact Heap Blocks": 2, "Lossy Heap Blocks": 2, "Plans": [{"Node Type": "Bitmap Index Scan", "Parent Relationship": "Outer", "Index Name": "company_type_pkey", "Startup Cost": 0.0, "Total Cost": 0.26, "Plan Rows": 1, "Plan Width": 0, "Actual Startup Time": 0.004, "Actual Total Time": 0.004, "Actual Rows": 2, "Actual Loops": 2, "Index Cond": "(id = mc.company_type_id)"}]}]}, {"Node Type": "Bitmap Heap Scan", "Parent Relationship": "Inner", "Relation Name": "movie_link", "Alias": "ml", "Startup Cost": 0.29, "Total Cost": 4.35, "Plan Rows": 5, "Plan Width": 8, "Actual Startup Time": 0.025, "Actual Total Time": 0.028, "Actual Rows": 38, "Actual Loops": 2, "Recheck Cond": "(movie_id = mk.movie_id)", "Rows Removed by Index Recheck": 0, "Exact Heap Blocks": 2, "Lossy Heap Blocks": 2, "Plans": [{"Node Type": "Bitmap Index Scan", "Parent Relationship": "Outer", "Index Name": "movie_id_movie_link", "Startup Cost": 0.0, "Total Cost": 0.29, "Plan Rows": 5, "Plan Width": 0, "Actual Startup Time": 0.013, "Actual Total Time": 0.013, "Actual Rows": 38, "Actual Loops": 2, "Index Cond": "(movie_id = mk.movie_id)"}]}]}, {"Node Type": "Bitmap Heap Scan", "Parent Relationship": "Inner", "Relation Name": "link_type", "Alias": "lt", "Startup Cost": 0.26, "Total Cost": 4.27, "Plan Rows": 1, "Plan Width": 16, "Actual Startup Time": 0.097, "Actual Total Time": 0.097, "Actual Rows": 0, "Actual Loops": 38, "Recheck Cond": "(id = ml.link_type_id)", "Rows Removed by Index Recheck": 0, "Filter": "((link)::text ~~ '%follows%'::text)", "Rows Removed by Filter": 24, "Exact Heap Blocks": 24, "Lossy Heap Blocks": 24, "Plans": [{"Node Type": "Bitmap Index Scan", "Parent Relationship": "Outer", "Index Name": "link_type_pkey", "Startup Cost": 0.0, "Total Cost": 0.26, "Plan Rows": 1, "Plan Width": 0, "Actual Startup Time": 0.039, "Actual Total Time": 0.039, "Actual Rows": 24, "Actual Loops": 38, "Index Cond": "(id = ml.link_type_id)"}]}]}]}, "Triggers": [], "Planner Runtime": 60.458, "Total Runtime": 162.221, "Unique SQL Id": 4121279504}}, "(64, 84)": {"explain_plan": {"Plan": {"Node Type": "Aggregate", "Strategy": "Plain", "Startup Cost": 2581.34, "Total Cost": 2581.35, "Plan Rows": 1, "Plan Width": 144, "Plans": [{"Node Type": "Nested Loop", "Parent Relationship": "Outer", "Join Type": "Inner", "Startup Cost": 4.51, "Total Cost": 2581.33, "Plan Rows": 1, "Plan Width": 48, "Inner Unique": true, "Plans": [{"Node Type": "Nested Loop", "Parent Relationship": "Outer", "Join Type": "Inner", "Startup Cost": 4.51, "Total Cost": 2581.05, "Plan Rows": 1, "Plan Width": 40, "Inner Unique": false, "Join Filter": "(t.id = ml.movie_id)", "Plans": [{"Node Type": "Nested Loop", "Parent Relationship": "Outer", "Join Type": "Inner", "Startup Cost": 4.51, "Total Cost": 2580.63, "Plan Rows": 1, "Plan Width": 48, "Inner Unique": true, "Plans": [{"Node Type": "Nested Loop", "Parent Relationship": "Outer", "Join Type": "Inner", "Startup Cost": 4.51, "Total Cost": 2580.35, "Plan Rows": 1, "Plan Width": 52, "Inner Unique": true, "Plans": [{"Node Type": "Nested Loop", "Parent Relationship": "Outer", "Join Type": "Inner", "Startup Cost": 4.51, "Total Cost": 2580.05, "Plan Rows": 1, "Plan Width": 37, "Inner Unique": false, "Join Filter": "(t.id = mc.movie_id)", "Plans": [{"Node Type": "Nested Loop", "Parent Relationship": "Outer", "Join Type": "Inner", "Startup Cost": 4.51, "Total Cost": 2579.71, "Plan Rows": 1, "Plan Width": 25, "Inner Unique": true, "Plans": [{"Node Type": "Nested Loop", "Parent Relationship": "Outer", "Join Type": "Inner", "Startup Cost": 4.51, "Total Cost": 2569.02, "Plan Rows": 33, "Plan Width": 4, "Inner Unique": false, "Plans": [{"Node Type": "Seq Scan", "Parent Relationship": "Outer", "Relation Name": "keyword", "Alias": "k", "Startup Cost": 0.0, "Total Cost": 2436.11, "Plan Rows": 1, "Plan Width": 4, "Filter": "((keyword)::text = 'sequel'::text)"}, {"Node Type": "Bitmap Heap Scan", "Parent Relationship": "Inner", "Relation Name": "movie_keyword", "Alias": "mk", "Startup Cost": 4.51, "Total Cost": 132.58, "Plan Rows": 33, "Plan Width": 8, "Recheck Cond": "(keyword_id = k.id)", "Plans": [{"Node Type": "Bitmap Index Scan", "Parent Relationship": "Outer", "Index Name": "keyword_id_movie_keyword", "Startup Cost": 0.0, "Total Cost": 4.5, "Plan Rows": 33, "Plan Width": 0, "Index Cond": "(keyword_id = k.id)"}]}]}, {"Node Type": "Index Scan", "Parent Relationship": "Inner", "Scan Direction": "Forward", "Index Name": "title_pkey", "Relation Name": "title", "Alias": "t", "Startup Cost": 0.0, "Total Cost": 0.31, "Plan Rows": 1, "Plan Width": 21, "Index Cond": "(id = mk.movie_id)", "Filter": "(((title)::text ~~ '%Money%'::text) AND (production_year = 1998))"}]}, {"Node Type": "Index Scan", "Parent Relationship": "Inner", "Scan Direction": "Forward", "Index Name": "movie_id_movie_companies", "Relation Name": "movie_companies", "Alias": "mc", "Startup Cost": 0.0, "Total Cost": 0.31, "Plan Rows": 2, "Plan Width": 12, "Index Cond": "(movie_id = mk.movie_id)", "Filter": "(note IS NULL)"}]}, {"Node Type": "Index Scan", "Parent Relationship": "Inner", "Scan Direction": "Forward", "Index Name": "company_name_pkey", "Relation Name": "company_name", "Alias": "cn", "Startup Cost": 0.0, "Total Cost": 0.29, "Plan Rows": 1, "Plan Width": 23, "Index Cond": "(id = mc.company_id)", "Filter": "(((country_code)::text <> '[pl]'::text) AND (((name)::text ~~ '%Film%'::text) OR ((name)::text ~~ '%Warner%'::text)))"}]}, {"Node Type": "Index Scan", "Parent Relationship": "Inner", "Scan Direction": "Forward", "Index Name": "company_type_pkey", "Relation Name": "company_type", "Alias": "ct", "Startup Cost": 0.0, "Total Cost": 0.27, "Plan Rows": 1, "Plan Width": 4, "Index Cond": "(id = mc.company_type_id)", "Filter": "((kind)::text = 'production companies'::text)"}]}, {"Node Type": "Index Scan", "Parent Relationship": "Inner", "Scan Direction": "Forward", "Index Name": "movie_id_movie_link", "Relation Name": "movie_link", "Alias": "ml", "Startup Cost": 0.0, "Total Cost": 0.35, "Plan Rows": 5, "Plan Width": 8, "Index Cond": "(movie_id = mk.movie_id)"}]}, {"Node Type": "Index Scan", "Parent Relationship": "Inner", "Scan Direction": "Forward", "Index Name": "link_type_pkey", "Relation Name": "link_type", "Alias": "lt", "Startup Cost": 0.0, "Total Cost": 0.27, "Plan Rows": 1, "Plan Width": 16, "Index Cond": "(id = ml.link_type_id)", "Filter": "((link)::text ~~ '%follows%'::text)"}]}]}, "Unique SQL Id": 4121279504}, "explain_analyze_plan": {"Plan": {"Node Type": "Aggregate", "Strategy": "Plain", "Startup Cost": 2581.34, "Total Cost": 2581.35, "Plan Rows": 1, "Plan Width": 144, "Actual Startup Time": 123.557, "Actual Total Time": 123.557, "Actual Rows": 1, "Actual Loops": 1, "Plans": [{"Node Type": "Nested Loop", "Parent Relationship": "Outer", "Join Type": "Inner", "Startup Cost": 4.51, "Total Cost": 2581.33, "Plan Rows": 1, "Plan Width": 48, "Actual Startup Time": 123.547, "Actual Total Time": 123.547, "Actual Rows": 0, "Actual Loops": 1, "Inner Unique": true, "Plans": [{"Node Type": "Nested Loop", "Parent Relationship": "Outer", "Join Type": "Inner", "Startup Cost": 4.51, "Total Cost": 2581.05, "Plan Rows": 1, "Plan Width": 40, "Actual Startup Time": 5.886, "Actual Total Time": 123.447, "Actual Rows": 38, "Actual Loops": 1, "Inner Unique": false, "Join Filter": "(t.id = ml.movie_id)", "Rows Removed by Join Filter": 0, "Plans": [{"Node Type": "Nested Loop", "Parent Relationship": "Outer", "Join Type": "Inner", "Startup Cost": 4.51, "Total Cost": 2580.63, "Plan Rows": 1, "Plan Width": 48, "Actual Startup Time": 5.866, "Actual Total Time": 123.392, "Actual Rows": 2, "Actual Loops": 1, "Inner Unique": true, "Plans": [{"Node Type": "Nested Loop", "Parent Relationship": "Outer", "Join Type": "Inner", "Startup Cost": 4.51, "Total Cost": 2580.35, "Plan Rows": 1, "Plan Width": 52, "Actual Startup Time": 5.855, "Actual Total Time": 123.377, "Actual Rows": 2, "Actual Loops": 1, "Inner Unique": true, "Plans": [{"Node Type": "Nested Loop", "Parent Relationship": "Outer", "Join Type": "Inner", "Startup Cost": 4.51, "Total Cost": 2580.05, "Plan Rows": 1, "Plan Width": 37, "Actual Startup Time": 5.834, "Actual Total Time": 123.335, "Actual Rows": 3, "Actual Loops": 1, "Inner Unique": false, "Join Filter": "(t.id = mc.movie_id)", "Rows Removed by Join Filter": 0, "Plans": [{"Node Type": "Nested Loop", "Parent Relationship": "Outer", "Join Type": "Inner", "Startup Cost": 4.51, "Total Cost": 2579.71, "Plan Rows": 1, "Plan Width": 25, "Actual Startup Time": 5.809, "Actual Total Time": 123.305, "Actual Rows": 1, "Actual Loops": 1, "Inner Unique": true, "Plans": [{"Node Type": "Nested Loop", "Parent Relationship": "Outer", "Join Type": "Inner", "Startup Cost": 4.51, "Total Cost": 2569.02, "Plan Rows": 33, "Plan Width": 4, "Actual Startup Time": 5.443, "Actual Total Time": 62.982, "Actual Rows": 10544, "Actual Loops": 1, "Inner Unique": false, "Plans": [{"Node Type": "Seq Scan", "Parent Relationship": "Outer", "Relation Name": "keyword", "Alias": "k", "Startup Cost": 0.0, "Total Cost": 2436.11, "Plan Rows": 1, "Plan Width": 4, "Actual Startup Time": 2.358, "Actual Total Time": 41.641, "Actual Rows": 1, "Actual Loops": 1, "Filter": "((keyword)::text = 'sequel'::text)", "Rows Removed by Filter": 134168}, {"Node Type": "Bitmap Heap Scan", "Parent Relationship": "Inner", "Relation Name": "movie_keyword", "Alias": "mk", "Startup Cost": 4.51, "Total Cost": 132.58, "Plan Rows": 33, "Plan Width": 8, "Actual Startup Time": 3.074, "Actual Total Time": 19.121, "Actual Rows": 10544, "Actual Loops": 1, "Recheck Cond": "(keyword_id = k.id)", "Rows Removed by Index Recheck": 0, "Exact Heap Blocks": 5090, "Lossy Heap Blocks": 5090, "Plans": [{"Node Type": "Bitmap Index Scan", "Parent Relationship": "Outer", "Index Name": "keyword_id_movie_keyword", "Startup Cost": 0.0, "Total Cost": 4.5, "Plan Rows": 33, "Plan Width": 0, "Actual Startup Time": 2.162, "Actual Total Time": 2.162, "Actual Rows": 10544, "Actual Loops": 1, "Index Cond": "(keyword_id = k.id)"}]}]}, {"Node Type": "Index Scan", "Parent Relationship": "Inner", "Scan Direction": "Forward", "Index Name": "title_pkey", "Relation Name": "title", "Alias": "t", "Startup Cost": 0.0, "Total Cost": 0.31, "Plan Rows": 1, "Plan Width": 21, "Actual Startup Time": 54.966, "Actual Total Time": 54.966, "Actual Rows": 1, "Actual Loops": 10544, "Index Cond": "(id = mk.movie_id)", "Rows Removed by Index Recheck": 0, "Filter": "(((title)::text ~~ '%Money%'::text) AND (production_year = 1998))", "Rows Removed by Filter": 10543}]}, {"Node Type": "Index Scan", "Parent Relationship": "Inner", "Scan Direction": "Forward", "Index Name": "movie_id_movie_companies", "Relation Name": "movie_companies", "Alias": "mc", "Startup Cost": 0.0, "Total Cost": 0.31, "Plan Rows": 2, "Plan Width": 12, "Actual Startup Time": 0.019, "Actual Total Time": 0.022, "Actual Rows": 3, "Actual Loops": 1, "Index Cond": "(movie_id = mk.movie_id)", "Rows Removed by Index Recheck": 0, "Filter": "(note IS NULL)", "Rows Removed by Filter": 1}]}, {"Node Type": "Index Scan", "Parent Relationship": "Inner", "Scan Direction": "Forward", "Index Name": "company_name_pkey", "Relation Name": "company_name", "Alias": "cn", "Startup Cost": 0.0, "Total Cost": 0.29, "Plan Rows": 1, "Plan Width": 23, "Actual Startup Time": 0.037, "Actual Total Time": 0.037, "Actual Rows": 2, "Actual Loops": 3, "Index Cond": "(id = mc.company_id)", "Rows Removed by Index Recheck": 0, "Filter": "(((country_code)::text <> '[pl]'::text) AND (((name)::text ~~ '%Film%'::text) OR ((name)::text ~~ '%Warner%'::text)))", "Rows Removed by Filter": 1}]}, {"Node Type": "Index Scan", "Parent Relationship": "Inner", "Scan Direction": "Forward", "Index Name": "company_type_pkey", "Relation Name": "company_type", "Alias": "ct", "Startup Cost": 0.0, "Total Cost": 0.27, "Plan Rows": 1, "Plan Width": 4, "Actual Startup Time": 0.011, "Actual Total Time": 0.011, "Actual Rows": 2, "Actual Loops": 2, "Index Cond": "(id = mc.company_type_id)", "Rows Removed by Index Recheck": 0, "Filter": "((kind)::text = 'production companies'::text)", "Rows Removed by Filter": 0}]}, {"Node Type": "Index Scan", "Parent Relationship": "Inner", "Scan Direction": "Forward", "Index Name": "movie_id_movie_link", "Relation Name": "movie_link", "Alias": "ml", "Startup Cost": 0.0, "Total Cost": 0.35, "Plan Rows": 5, "Plan Width": 8, "Actual Startup Time": 0.016, "Actual Total Time": 0.029, "Actual Rows": 38, "Actual Loops": 2, "Index Cond": "(movie_id = mk.movie_id)", "Rows Removed by Index Recheck": 0}]}, {"Node Type": "Index Scan", "Parent Relationship": "Inner", "Scan Direction": "Forward", "Index Name": "link_type_pkey", "Relation Name": "link_type", "Alias": "lt", "Startup Cost": 0.0, "Total Cost": 0.27, "Plan Rows": 1, "Plan Width": 16, "Actual Startup Time": 0.076, "Actual Total Time": 0.076, "Actual Rows": 0, "Actual Loops": 38, "Index Cond": "(id = ml.link_type_id)", "Rows Removed by Index Recheck": 0, "Filter": "((link)::text ~~ '%follows%'::text)", "Rows Removed by Filter": 24}]}]}, "Triggers": [], "Planner Runtime": 80.823, "Total Runtime": 124.133, "Unique SQL Id": 4121279504}}, "(64, 85)": {"explain_plan": {"Plan": {"Node Type": "Aggregate", "Strategy": "Plain", "Startup Cost": 3327.94, "Total Cost": 3327.95, "Plan Rows": 1, "Plan Width": 144, "Plans": [{"Node Type": "Nested Loop", "Parent Relationship": "Outer", "Join Type": "Inner", "Startup Cost": 4.51, "Total Cost": 3327.93, "Plan Rows": 1, "Plan Width": 48, "Inner Unique": true, "Plans": [{"Node Type": "Nested Loop", "Parent Relationship": "Outer", "Join Type": "Inner", "Startup Cost": 4.51, "Total Cost": 3327.65, "Plan Rows": 1, "Plan Width": 40, "Inner Unique": false, "Join Filter": "(t.id = ml.movie_id)", "Plans": [{"Node Type": "Nested Loop", "Parent Relationship": "Outer", "Join Type": "Inner", "Startup Cost": 4.51, "Total Cost": 3327.24, "Plan Rows": 1, "Plan Width": 48, "Inner Unique": true, "Plans": [{"Node Type": "Nested Loop", "Parent Relationship": "Outer", "Join Type": "Inner", "Startup Cost": 4.51, "Total Cost": 3326.95, "Plan Rows": 1, "Plan Width": 52, "Inner Unique": true, "Plans": [{"Node Type": "Nested Loop", "Parent Relationship": "Outer", "Join Type": "Inner", "Startup Cost": 4.51, "Total Cost": 3326.66, "Plan Rows": 1, "Plan Width": 37, "Inner Unique": false, "Join Filter": "(t.id = mc.movie_id)", "Plans": [{"Node Type": "Nested Loop", "Parent Relationship": "Outer", "Join Type": "Inner", "Startup Cost": 4.51, "Total Cost": 3326.32, "Plan Rows": 1, "Plan Width": 25, "Inner Unique": true, "Plans": [{"Node Type": "Nested Loop", "Parent Relationship": "Outer", "Join Type": "Inner", "Startup Cost": 4.51, "Total Cost": 3315.63, "Plan Rows": 33, "Plan Width": 4, "Inner Unique": false, "Plans": [{"Node Type": "Index Scan", "Parent Relationship": "Outer", "Scan Direction": "Forward", "Index Name": "keyword_pkey", "Relation Name": "keyword", "Alias": "k", "Startup Cost": 0.0, "Total Cost": 3182.72, "Plan Rows": 1, "Plan Width": 4, "Filter": "((keyword)::text = 'sequel'::text)"}, {"Node Type": "Bitmap Heap Scan", "Parent Relationship": "Inner", "Relation Name": "movie_keyword", "Alias": "mk", "Startup Cost": 4.51, "Total Cost": 132.58, "Plan Rows": 33, "Plan Width": 8, "Recheck Cond": "(keyword_id = k.id)", "Plans": [{"Node Type": "Bitmap Index Scan", "Parent Relationship": "Outer", "Index Name": "keyword_id_movie_keyword", "Startup Cost": 0.0, "Total Cost": 4.5, "Plan Rows": 33, "Plan Width": 0, "Index Cond": "(keyword_id = k.id)"}]}]}, {"Node Type": "Index Scan", "Parent Relationship": "Inner", "Scan Direction": "Forward", "Index Name": "title_pkey", "Relation Name": "title", "Alias": "t", "Startup Cost": 0.0, "Total Cost": 0.31, "Plan Rows": 1, "Plan Width": 21, "Index Cond": "(id = mk.movie_id)", "Filter": "(((title)::text ~~ '%Money%'::text) AND (production_year = 1998))"}]}, {"Node Type": "Index Scan", "Parent Relationship": "Inner", "Scan Direction": "Forward", "Index Name": "movie_id_movie_companies", "Relation Name": "movie_companies", "Alias": "mc", "Startup Cost": 0.0, "Total Cost": 0.31, "Plan Rows": 2, "Plan Width": 12, "Index Cond": "(movie_id = mk.movie_id)", "Filter": "(note IS NULL)"}]}, {"Node Type": "Index Scan", "Parent Relationship": "Inner", "Scan Direction": "Forward", "Index Name": "company_name_pkey", "Relation Name": "company_name", "Alias": "cn", "Startup Cost": 0.0, "Total Cost": 0.29, "Plan Rows": 1, "Plan Width": 23, "Index Cond": "(id = mc.company_id)", "Filter": "(((country_code)::text <> '[pl]'::text) AND (((name)::text ~~ '%Film%'::text) OR ((name)::text ~~ '%Warner%'::text)))"}]}, {"Node Type": "Index Scan", "Parent Relationship": "Inner", "Scan Direction": "Forward", "Index Name": "company_type_pkey", "Relation Name": "company_type", "Alias": "ct", "Startup Cost": 0.0, "Total Cost": 0.27, "Plan Rows": 1, "Plan Width": 4, "Index Cond": "(id = mc.company_type_id)", "Filter": "((kind)::text = 'production companies'::text)"}]}, {"Node Type": "Index Scan", "Parent Relationship": "Inner", "Scan Direction": "Forward", "Index Name": "movie_id_movie_link", "Relation Name": "movie_link", "Alias": "ml", "Startup Cost": 0.0, "Total Cost": 0.35, "Plan Rows": 5, "Plan Width": 8, "Index Cond": "(movie_id = mk.movie_id)"}]}, {"Node Type": "Index Scan", "Parent Relationship": "Inner", "Scan Direction": "Forward", "Index Name": "link_type_pkey", "Relation Name": "link_type", "Alias": "lt", "Startup Cost": 0.0, "Total Cost": 0.27, "Plan Rows": 1, "Plan Width": 16, "Index Cond": "(id = ml.link_type_id)", "Filter": "((link)::text ~~ '%follows%'::text)"}]}]}, "Unique SQL Id": 4121279504}, "explain_analyze_plan": {"Plan": {"Node Type": "Aggregate", "Strategy": "Plain", "Startup Cost": 3327.94, "Total Cost": 3327.95, "Plan Rows": 1, "Plan Width": 144, "Actual Startup Time": 206.836, "Actual Total Time": 206.836, "Actual Rows": 1, "Actual Loops": 1, "Plans": [{"Node Type": "Nested Loop", "Parent Relationship": "Outer", "Join Type": "Inner", "Startup Cost": 4.51, "Total Cost": 3327.93, "Plan Rows": 1, "Plan Width": 48, "Actual Startup Time": 206.83, "Actual Total Time": 206.83, "Actual Rows": 0, "Actual Loops": 1, "Inner Unique": true, "Plans": [{"Node Type": "Nested Loop", "Parent Relationship": "Outer", "Join Type": "Inner", "Startup Cost": 4.51, "Total Cost": 3327.65, "Plan Rows": 1, "Plan Width": 40, "Actual Startup Time": 4.134, "Actual Total Time": 206.74, "Actual Rows": 38, "Actual Loops": 1, "Inner Unique": false, "Join Filter": "(t.id = ml.movie_id)", "Rows Removed by Join Filter": 0, "Plans": [{"Node Type": "Nested Loop", "Parent Relationship": "Outer", "Join Type": "Inner", "Startup Cost": 4.51, "Total Cost": 3327.24, "Plan Rows": 1, "Plan Width": 48, "Actual Startup Time": 4.119, "Actual Total Time": 206.686, "Actual Rows": 2, "Actual Loops": 1, "Inner Unique": true, "Plans": [{"Node Type": "Nested Loop", "Parent Relationship": "Outer", "Join Type": "Inner", "Startup Cost": 4.51, "Total Cost": 3326.95, "Plan Rows": 1, "Plan Width": 52, "Actual Startup Time": 4.11, "Actual Total Time": 206.673, "Actual Rows": 2, "Actual Loops": 1, "Inner Unique": true, "Plans": [{"Node Type": "Nested Loop", "Parent Relationship": "Outer", "Join Type": "Inner", "Startup Cost": 4.51, "Total Cost": 3326.66, "Plan Rows": 1, "Plan Width": 37, "Actual Startup Time": 4.093, "Actual Total Time": 206.639, "Actual Rows": 3, "Actual Loops": 1, "Inner Unique": false, "Join Filter": "(t.id = mc.movie_id)", "Rows Removed by Join Filter": 0, "Plans": [{"Node Type": "Nested Loop", "Parent Relationship": "Outer", "Join Type": "Inner", "Startup Cost": 4.51, "Total Cost": 3326.32, "Plan Rows": 1, "Plan Width": 25, "Actual Startup Time": 4.075, "Actual Total Time": 206.617, "Actual Rows": 1, "Actual Loops": 1, "Inner Unique": true, "Plans": [{"Node Type": "Nested Loop", "Parent Relationship": "Outer", "Join Type": "Inner", "Startup Cost": 4.51, "Total Cost": 3315.63, "Plan Rows": 33, "Plan Width": 4, "Actual Startup Time": 3.756, "Actual Total Time": 147.383, "Actual Rows": 10544, "Actual Loops": 1, "Inner Unique": false, "Plans": [{"Node Type": "Index Scan", "Parent Relationship": "Outer", "Scan Direction": "Forward", "Index Name": "keyword_pkey", "Relation Name": "keyword", "Alias": "k", "Startup Cost": 0.0, "Total Cost": 3182.72, "Plan Rows": 1, "Plan Width": 4, "Actual Startup Time": 0.512, "Actual Total Time": 126.311, "Actual Rows": 1, "Actual Loops": 1, "Filter": "((keyword)::text = 'sequel'::text)", "Rows Removed by Filter": 134168}, {"Node Type": "Bitmap Heap Scan", "Parent Relationship": "Inner", "Relation Name": "movie_keyword", "Alias": "mk", "Startup Cost": 4.51, "Total Cost": 132.58, "Plan Rows": 33, "Plan Width": 8, "Actual Startup Time": 3.236, "Actual Total Time": 18.868, "Actual Rows": 10544, "Actual Loops": 1, "Recheck Cond": "(keyword_id = k.id)", "Rows Removed by Index Recheck": 0, "Exact Heap Blocks": 5090, "Lossy Heap Blocks": 5090, "Plans": [{"Node Type": "Bitmap Index Scan", "Parent Relationship": "Outer", "Index Name": "keyword_id_movie_keyword", "Startup Cost": 0.0, "Total Cost": 4.5, "Plan Rows": 33, "Plan Width": 0, "Actual Startup Time": 2.291, "Actual Total Time": 2.291, "Actual Rows": 10544, "Actual Loops": 1, "Index Cond": "(keyword_id = k.id)"}]}]}, {"Node Type": "Index Scan", "Parent Relationship": "Inner", "Scan Direction": "Forward", "Index Name": "title_pkey", "Relation Name": "title", "Alias": "t", "Startup Cost": 0.0, "Total Cost": 0.31, "Plan Rows": 1, "Plan Width": 21, "Actual Startup Time": 53.865, "Actual Total Time": 53.865, "Actual Rows": 1, "Actual Loops": 10544, "Index Cond": "(id = mk.movie_id)", "Rows Removed by Index Recheck": 0, "Filter": "(((title)::text ~~ '%Money%'::text) AND (production_year = 1998))", "Rows Removed by Filter": 10543}]}, {"Node Type": "Index Scan", "Parent Relationship": "Inner", "Scan Direction": "Forward", "Index Name": "movie_id_movie_companies", "Relation Name": "movie_companies", "Alias": "mc", "Startup Cost": 0.0, "Total Cost": 0.31, "Plan Rows": 2, "Plan Width": 12, "Actual Startup Time": 0.015, "Actual Total Time": 0.018, "Actual Rows": 3, "Actual Loops": 1, "Index Cond": "(movie_id = mk.movie_id)", "Rows Removed by Index Recheck": 0, "Filter": "(note IS NULL)", "Rows Removed by Filter": 1}]}, {"Node Type": "Index Scan", "Parent Relationship": "Inner", "Scan Direction": "Forward", "Index Name": "company_name_pkey", "Relation Name": "company_name", "Alias": "cn", "Startup Cost": 0.0, "Total Cost": 0.29, "Plan Rows": 1, "Plan Width": 23, "Actual Startup Time": 0.028, "Actual Total Time": 0.028, "Actual Rows": 2, "Actual Loops": 3, "Index Cond": "(id = mc.company_id)", "Rows Removed by Index Recheck": 0, "Filter": "(((country_code)::text <> '[pl]'::text) AND (((name)::text ~~ '%Film%'::text) OR ((name)::text ~~ '%Warner%'::text)))", "Rows Removed by Filter": 1}]}, {"Node Type": "Index Scan", "Parent Relationship": "Inner", "Scan Direction": "Forward", "Index Name": "company_type_pkey", "Relation Name": "company_type", "Alias": "ct", "Startup Cost": 0.0, "Total Cost": 0.27, "Plan Rows": 1, "Plan Width": 4, "Actual Startup Time": 0.009, "Actual Total Time": 0.009, "Actual Rows": 2, "Actual Loops": 2, "Index Cond": "(id = mc.company_type_id)", "Rows Removed by Index Recheck": 0, "Filter": "((kind)::text = 'production companies'::text)", "Rows Removed by Filter": 0}]}, {"Node Type": "Index Scan", "Parent Relationship": "Inner", "Scan Direction": "Forward", "Index Name": "movie_id_movie_link", "Relation Name": "movie_link", "Alias": "ml", "Startup Cost": 0.0, "Total Cost": 0.35, "Plan Rows": 5, "Plan Width": 8, "Actual Startup Time": 0.013, "Actual Total Time": 0.03, "Actual Rows": 38, "Actual Loops": 2, "Index Cond": "(movie_id = mk.movie_id)", "Rows Removed by Index Recheck": 0}]}, {"Node Type": "Index Scan", "Parent Relationship": "Inner", "Scan Direction": "Forward", "Index Name": "link_type_pkey", "Relation Name": "link_type", "Alias": "lt", "Startup Cost": 0.0, "Total Cost": 0.27, "Plan Rows": 1, "Plan Width": 16, "Actual Startup Time": 0.072, "Actual Total Time": 0.072, "Actual Rows": 0, "Actual Loops": 38, "Index Cond": "(id = ml.link_type_id)", "Rows Removed by Index Recheck": 0, "Filter": "((link)::text ~~ '%follows%'::text)", "Rows Removed by Filter": 24}]}]}, "Triggers": [], "Planner Runtime": 70.618, "Total Runtime": 207.306, "Unique SQL Id": 4121279504}}, "(64, 86)": {"explain_plan": {"Plan": {"Node Type": "Aggregate", "Strategy": "Plain", "Startup Cost": 2726.08, "Total Cost": 2726.09, "Plan Rows": 1, "Plan Width": 144, "Plans": [{"Node Type": "Nested Loop", "Parent Relationship": "Outer", "Join Type": "Inner", "Startup Cost": 2722.02, "Total Cost": 2726.07, "Plan Rows": 1, "Plan Width": 48, "Inner Unique": true, "Plans": [{"Node Type": "Merge Join", "Parent Relationship": "Outer", "Join Type": "Inner", "Startup Cost": 2721.76, "Total Cost": 2721.79, "Plan Rows": 1, "Plan Width": 33, "Inner Unique": true, "Merge Cond": "(mc.company_type_id = ct.id)", "Plans": [{"Node Type": "Sort", "Parent Relationship": "Outer", "Startup Cost": 2720.71, "Total Cost": 2720.72, "Plan Rows": 1, "Plan Width": 37, "Sort Key": ["mc.company_type_id"], "Plans": [{"Node Type": "Merge Join", "Parent Relationship": "Outer", "Join Type": "Inner", "Startup Cost": 2720.68, "Total Cost": 2720.7, "Plan Rows": 1, "Plan Width": 37, "Inner Unique": true, "Merge Cond": "(ml.link_type_id = lt.id)", "Plans": [{"Node Type": "Sort", "Parent Relationship": "Outer", "Startup Cost": 2719.46, "Total Cost": 2719.46, "Plan Rows": 1, "Plan Width": 29, "Sort Key": ["ml.link_type_id"], "Plans": [{"Node Type": "Nested Loop", "Parent Relationship": "Outer", "Join Type": "Inner", "Startup Cost": 5.33, "Total Cost": 2719.45, "Plan Rows": 1, "Plan Width": 29, "Inner Unique": false, "Join Filter": "(t.id = ml.movie_id)", "Plans": [{"Node Type": "Nested Loop", "Parent Relationship": "Outer", "Join Type": "Inner", "Startup Cost": 5.05, "Total Cost": 2715.03, "Plan Rows": 1, "Plan Width": 37, "Inner Unique": false, "Join Filter": "(t.id = mc.movie_id)", "Plans": [{"Node Type": "Nested Loop", "Parent Relationship": "Outer", "Join Type": "Inner", "Startup Cost": 4.77, "Total Cost": 2710.71, "Plan Rows": 1, "Plan Width": 25, "Inner Unique": true, "Plans": [{"Node Type": "Nested Loop", "Parent Relationship": "Outer", "Join Type": "Inner", "Startup Cost": 4.51, "Total Cost": 2569.02, "Plan Rows": 33, "Plan Width": 4, "Inner Unique": false, "Plans": [{"Node Type": "Seq Scan", "Parent Relationship": "Outer", "Relation Name": "keyword", "Alias": "k", "Startup Cost": 0.0, "Total Cost": 2436.11, "Plan Rows": 1, "Plan Width": 4, "Filter": "((keyword)::text = 'sequel'::text)"}, {"Node Type": "Bitmap Heap Scan", "Parent Relationship": "Inner", "Relation Name": "movie_keyword", "Alias": "mk", "Startup Cost": 4.51, "Total Cost": 132.58, "Plan Rows": 33, "Plan Width": 8, "Recheck Cond": "(keyword_id = k.id)", "Plans": [{"Node Type": "Bitmap Index Scan", "Parent Relationship": "Outer", "Index Name": "keyword_id_movie_keyword", "Startup Cost": 0.0, "Total Cost": 4.5, "Plan Rows": 33, "Plan Width": 0, "Index Cond": "(keyword_id = k.id)"}]}]}, {"Node Type": "Bitmap Heap Scan", "Parent Relationship": "Inner", "Relation Name": "title", "Alias": "t", "Startup Cost": 0.27, "Total Cost": 4.28, "Plan Rows": 1, "Plan Width": 21, "Recheck Cond": "(id = mk.movie_id)", "Filter": "(((title)::text ~~ '%Money%'::text) AND (production_year = 1998))", "Plans": [{"Node Type": "Bitmap Index Scan", "Parent Relationship": "Outer", "Index Name": "title_pkey", "Startup Cost": 0.0, "Total Cost": 0.27, "Plan Rows": 1, "Plan Width": 0, "Index Cond": "(id = mk.movie_id)"}]}]}, {"Node Type": "Bitmap Heap Scan", "Parent Relationship": "Inner", "Relation Name": "movie_companies", "Alias": "mc", "Startup Cost": 0.27, "Total Cost": 4.3, "Plan Rows": 2, "Plan Width": 12, "Recheck Cond": "(movie_id = mk.movie_id)", "Filter": "(note IS NULL)", "Plans": [{"Node Type": "Bitmap Index Scan", "Parent Relationship": "Outer", "Index Name": "movie_id_movie_companies", "Startup Cost": 0.0, "Total Cost": 0.27, "Plan Rows": 2, "Plan Width": 0, "Index Cond": "(movie_id = mk.movie_id)"}]}]}, {"Node Type": "Bitmap Heap Scan", "Parent Relationship": "Inner", "Relation Name": "movie_link", "Alias": "ml", "Startup Cost": 0.29, "Total Cost": 4.35, "Plan Rows": 5, "Plan Width": 8, "Recheck Cond": "(movie_id = mk.movie_id)", "Plans": [{"Node Type": "Bitmap Index Scan", "Parent Relationship": "Outer", "Index Name": "movie_id_movie_link", "Startup Cost": 0.0, "Total Cost": 0.29, "Plan Rows": 5, "Plan Width": 0, "Index Cond": "(movie_id = mk.movie_id)"}]}]}]}, {"Node Type": "Sort", "Parent Relationship": "Inner", "Startup Cost": 1.22, "Total Cost": 1.23, "Plan Rows": 1, "Plan Width": 16, "Sort Key": ["lt.id"], "Plans": [{"Node Type": "Seq Scan", "Parent Relationship": "Outer", "Relation Name": "link_type", "Alias": "lt", "Startup Cost": 0.0, "Total Cost": 1.21, "Plan Rows": 1, "Plan Width": 16, "Filter": "((link)::text ~~ '%follows%'::text)"}]}]}]}, {"Node Type": "Sort", "Parent Relationship": "Inner", "Startup Cost": 1.05, "Total Cost": 1.05, "Plan Rows": 1, "Plan Width": 4, "Sort Key": ["ct.id"], "Plans": [{"Node Type": "Seq Scan", "Parent Relationship": "Outer", "Relation Name": "company_type", "Alias": "ct", "Startup Cost": 0.0, "Total Cost": 1.04, "Plan Rows": 1, "Plan Width": 4, "Filter": "((kind)::text = 'production companies'::text)"}]}]}, {"Node Type": "Bitmap Heap Scan", "Parent Relationship": "Inner", "Relation Name": "company_name", "Alias": "cn", "Startup Cost": 0.26, "Total Cost": 4.28, "Plan Rows": 1, "Plan Width": 23, "Recheck Cond": "(id = mc.company_id)", "Filter": "(((country_code)::text <> '[pl]'::text) AND (((name)::text ~~ '%Film%'::text) OR ((name)::text ~~ '%Warner%'::text)))", "Plans": [{"Node Type": "Bitmap Index Scan", "Parent Relationship": "Outer", "Index Name": "company_name_pkey", "Startup Cost": 0.0, "Total Cost": 0.26, "Plan Rows": 1, "Plan Width": 0, "Index Cond": "(id = mc.company_id)"}]}]}]}, "Unique SQL Id": 4121279504}, "explain_analyze_plan": {"Plan": {"Node Type": "Aggregate", "Strategy": "Plain", "Startup Cost": 2726.08, "Total Cost": 2726.09, "Plan Rows": 1, "Plan Width": 144, "Actual Startup Time": 138.159, "Actual Total Time": 138.159, "Actual Rows": 1, "Actual Loops": 1, "Plans": [{"Node Type": "Nested Loop", "Parent Relationship": "Outer", "Join Type": "Inner", "Startup Cost": 2722.02, "Total Cost": 2726.07, "Plan Rows": 1, "Plan Width": 48, "Actual Startup Time": 138.149, "Actual Total Time": 138.149, "Actual Rows": 0, "Actual Loops": 1, "Inner Unique": true, "Plans": [{"Node Type": "Merge Join", "Parent Relationship": "Outer", "Join Type": "Inner", "Startup Cost": 2721.76, "Total Cost": 2721.79, "Plan Rows": 1, "Plan Width": 33, "Actual Startup Time": 138.147, "Actual Total Time": 138.147, "Actual Rows": 0, "Actual Loops": 1, "Inner Unique": true, "Merge Cond": "(mc.company_type_id = ct.id)", "Plans": [{"Node Type": "Sort", "Parent Relationship": "Outer", "Startup Cost": 2720.71, "Total Cost": 2720.72, "Plan Rows": 1, "Plan Width": 37, "Actual Startup Time": 138.143, "Actual Total Time": 138.143, "Actual Rows": 0, "Actual Loops": 1, "Sort Key": ["mc.company_type_id"], "Sort Method": "quicksort", "Sort Space Used": 25, "Sort Space Type": "Memory", "Plans": [{"Node Type": "Merge Join", "Parent Relationship": "Outer", "Join Type": "Inner", "Startup Cost": 2720.68, "Total Cost": 2720.7, "Plan Rows": 1, "Plan Width": 37, "Actual Startup Time": 138.134, "Actual Total Time": 138.134, "Actual Rows": 0, "Actual Loops": 1, "Inner Unique": true, "Merge Cond": "(ml.link_type_id = lt.id)", "Plans": [{"Node Type": "Sort", "Parent Relationship": "Outer", "Startup Cost": 2719.46, "Total Cost": 2719.46, "Plan Rows": 1, "Plan Width": 29, "Actual Startup Time": 138.039, "Actual Total Time": 138.039, "Actual Rows": 1, "Actual Loops": 1, "Sort Key": ["ml.link_type_id"], "Sort Method": "quicksort", "Sort Space Used": 30, "Sort Space Type": "Memory", "Plans": [{"Node Type": "Nested Loop", "Parent Relationship": "Outer", "Join Type": "Inner", "Startup Cost": 5.33, "Total Cost": 2719.45, "Plan Rows": 1, "Plan Width": 29, "Actual Startup Time": 5.724, "Actual Total Time": 138.007, "Actual Rows": 57, "Actual Loops": 1, "Inner Unique": false, "Join Filter": "(t.id = ml.movie_id)", "Rows Removed by Join Filter": 0, "Plans": [{"Node Type": "Nested Loop", "Parent Relationship": "Outer", "Join Type": "Inner", "Startup Cost": 5.05, "Total Cost": 2715.03, "Plan Rows": 1, "Plan Width": 37, "Actual Startup Time": 5.695, "Actual Total Time": 137.933, "Actual Rows": 3, "Actual Loops": 1, "Inner Unique": false, "Join Filter": "(t.id = mc.movie_id)", "Rows Removed by Join Filter": 0, "Plans": [{"Node Type": "Nested Loop", "Parent Relationship": "Outer", "Join Type": "Inner", "Startup Cost": 4.77, "Total Cost": 2710.71, "Plan Rows": 1, "Plan Width": 25, "Actual Startup Time": 5.667, "Actual Total Time": 137.901, "Actual Rows": 1, "Actual Loops": 1, "Inner Unique": true, "Plans": [{"Node Type": "Nested Loop", "Parent Relationship": "Outer", "Join Type": "Inner", "Startup Cost": 4.51, "Total Cost": 2569.02, "Plan Rows": 33, "Plan Width": 4, "Actual Startup Time": 5.236, "Actual Total Time": 61.266, "Actual Rows": 10544, "Actual Loops": 1, "Inner Unique": false, "Plans": [{"Node Type": "Seq Scan", "Parent Relationship": "Outer", "Relation Name": "keyword", "Alias": "k", "Startup Cost": 0.0, "Total Cost": 2436.11, "Plan Rows": 1, "Plan Width": 4, "Actual Startup Time": 2.354, "Actual Total Time": 41.097, "Actual Rows": 1, "Actual Loops": 1, "Filter": "((keyword)::text = 'sequel'::text)", "Rows Removed by Filter": 134168}, {"Node Type": "Bitmap Heap Scan", "Parent Relationship": "Inner", "Relation Name": "movie_keyword", "Alias": "mk", "Startup Cost": 4.51, "Total Cost": 132.58, "Plan Rows": 33, "Plan Width": 8, "Actual Startup Time": 2.873, "Actual Total Time": 18.081, "Actual Rows": 10544, "Actual Loops": 1, "Recheck Cond": "(keyword_id = k.id)", "Rows Removed by Index Recheck": 0, "Exact Heap Blocks": 5090, "Lossy Heap Blocks": 5090, "Plans": [{"Node Type": "Bitmap Index Scan", "Parent Relationship": "Outer", "Index Name": "keyword_id_movie_keyword", "Startup Cost": 0.0, "Total Cost": 4.5, "Plan Rows": 33, "Plan Width": 0, "Actual Startup Time": 1.947, "Actual Total Time": 1.947, "Actual Rows": 10544, "Actual Loops": 1, "Index Cond": "(keyword_id = k.id)"}]}]}, {"Node Type": "Bitmap Heap Scan", "Parent Relationship": "Inner", "Relation Name": "title", "Alias": "t", "Startup Cost": 0.27, "Total Cost": 4.28, "Plan Rows": 1, "Plan Width": 21, "Actual Startup Time": 64.969, "Actual Total Time": 64.969, "Actual Rows": 1, "Actual Loops": 10544, "Recheck Cond": "(id = mk.movie_id)", "Rows Removed by Index Recheck": 0, "Filter": "(((title)::text ~~ '%Money%'::text) AND (production_year = 1998))", "Rows Removed by Filter": 10543, "Exact Heap Blocks": 10544, "Lossy Heap Blocks": 10544, "Plans": [{"Node Type": "Bitmap Index Scan", "Parent Relationship": "Outer", "Index Name": "title_pkey", "Startup Cost": 0.0, "Total Cost": 0.27, "Plan Rows": 1, "Plan Width": 0, "Actual Startup Time": 31.46, "Actual Total Time": 31.46, "Actual Rows": 10544, "Actual Loops": 10544, "Index Cond": "(id = mk.movie_id)"}]}]}, {"Node Type": "Bitmap Heap Scan", "Parent Relationship": "Inner", "Relation Name": "movie_companies", "Alias": "mc", "Startup Cost": 0.27, "Total Cost": 4.3, "Plan Rows": 2, "Plan Width": 12, "Actual Startup Time": 0.024, "Actual Total Time": 0.024, "Actual Rows": 3, "Actual Loops": 1, "Recheck Cond": "(movie_id = mk.movie_id)", "Rows Removed by Index Recheck": 0, "Filter": "(note IS NULL)", "Rows Removed by Filter": 1, "Exact Heap Blocks": 2, "Lossy Heap Blocks": 2, "Plans": [{"Node Type": "Bitmap Index Scan", "Parent Relationship": "Outer", "Index Name": "movie_id_movie_companies", "Startup Cost": 0.0, "Total Cost": 0.27, "Plan Rows": 2, "Plan Width": 0, "Actual Startup Time": 0.012, "Actual Total Time": 0.012, "Actual Rows": 4, "Actual Loops": 1, "Index Cond": "(movie_id = mk.movie_id)"}]}]}, {"Node Type": "Bitmap Heap Scan", "Parent Relationship": "Inner", "Relation Name": "movie_link", "Alias": "ml", "Startup Cost": 0.29, "Total Cost": 4.35, "Plan Rows": 5, "Plan Width": 8, "Actual Startup Time": 0.04, "Actual Total Time": 0.047, "Actual Rows": 57, "Actual Loops": 3, "Recheck Cond": "(movie_id = mk.movie_id)", "Rows Removed by Index Recheck": 0, "Exact Heap Blocks": 3, "Lossy Heap Blocks": 3, "Plans": [{"Node Type": "Bitmap Index Scan", "Parent Relationship": "Outer", "Index Name": "movie_id_movie_link", "Startup Cost": 0.0, "Total Cost": 0.29, "Plan Rows": 5, "Plan Width": 0, "Actual Startup Time": 0.018, "Actual Total Time": 0.018, "Actual Rows": 57, "Actual Loops": 3, "Index Cond": "(movie_id = mk.movie_id)"}]}]}]}, {"Node Type": "Sort", "Parent Relationship": "Inner", "Startup Cost": 1.22, "Total Cost": 1.23, "Plan Rows": 1, "Plan Width": 16, "Actual Startup Time": 0.078, "Actual Total Time": 0.078, "Actual Rows": 0, "Actual Loops": 1, "Sort Key": ["lt.id"], "Sort Method": "quicksort", "Sort Space Used": 25, "Sort Space Type": "Memory", "Plans": [{"Node Type": "Seq Scan", "Parent Relationship": "Outer", "Relation Name": "link_type", "Alias": "lt", "Startup Cost": 0.0, "Total Cost": 1.21, "Plan Rows": 1, "Plan Width": 16, "Actual Startup Time": 0.036, "Actual Total Time": 0.036, "Actual Rows": 0, "Actual Loops": 1, "Filter": "((link)::text ~~ '%follows%'::text)", "Rows Removed by Filter": 17}]}]}]}, {"Node Type": "Sort", "Parent Relationship": "Inner", "Startup Cost": 1.05, "Total Cost": 1.05, "Plan Rows": 1, "Plan Width": 4, "Actual Startup Time": 0.0, "Actual Total Time": 0.0, "Sort Key": ["ct.id"], "Plans": [{"Node Type": "Seq Scan", "Parent Relationship": "Outer", "Relation Name": "company_type", "Alias": "ct", "Startup Cost": 0.0, "Total Cost": 1.04, "Plan Rows": 1, "Plan Width": 4, "Actual Startup Time": 0.0, "Actual Total Time": 0.0, "Filter": "((kind)::text = 'production companies'::text)", "Rows Removed by Filter": 0}]}]}, {"Node Type": "Bitmap Heap Scan", "Parent Relationship": "Inner", "Relation Name": "company_name", "Alias": "cn", "Startup Cost": 0.26, "Total Cost": 4.28, "Plan Rows": 1, "Plan Width": 23, "Actual Startup Time": 0.0, "Actual Total Time": 0.0, "Recheck Cond": "(id = mc.company_id)", "Rows Removed by Index Recheck": 0, "Filter": "(((country_code)::text <> '[pl]'::text) AND (((name)::text ~~ '%Film%'::text) OR ((name)::text ~~ '%Warner%'::text)))", "Rows Removed by Filter": 0, "Exact Heap Blocks": 0, "Lossy Heap Blocks": 0, "Plans": [{"Node Type": "Bitmap Index Scan", "Parent Relationship": "Outer", "Index Name": "company_name_pkey", "Startup Cost": 0.0, "Total Cost": 0.26, "Plan Rows": 1, "Plan Width": 0, "Actual Startup Time": 0.0, "Actual Total Time": 0.0, "Index Cond": "(id = mc.company_id)"}]}]}]}, "Triggers": [], "Planner Runtime": 56.653, "Total Runtime": 138.655, "Unique SQL Id": 4121279504}}, "(64, 87)": {"explain_plan": {"Plan": {"Node Type": "Aggregate", "Strategy": "Plain", "Startup Cost": 3451.4, "Total Cost": 3451.41, "Plan Rows": 1, "Plan Width": 144, "Plans": [{"Node Type": "Nested Loop", "Parent Relationship": "Outer", "Join Type": "Inner", "Startup Cost": 725.2, "Total Cost": 3451.4, "Plan Rows": 1, "Plan Width": 48, "Inner Unique": true, "Plans": [{"Node Type": "Nested Loop", "Parent Relationship": "Outer", "Join Type": "Inner", "Startup Cost": 724.95, "Total Cost": 3447.11, "Plan Rows": 1, "Plan Width": 40, "Inner Unique": false, "Join Filter": "(t.id = ml.movie_id)", "Plans": [{"Node Type": "Nested Loop", "Parent Relationship": "Outer", "Join Type": "Inner", "Startup Cost": 724.66, "Total Cost": 3442.7, "Plan Rows": 1, "Plan Width": 48, "Inner Unique": true, "Plans": [{"Node Type": "Nested Loop", "Parent Relationship": "Outer", "Join Type": "Inner", "Startup Cost": 724.4, "Total Cost": 3438.42, "Plan Rows": 1, "Plan Width": 52, "Inner Unique": true, "Plans": [{"Node Type": "Nested Loop", "Parent Relationship": "Outer", "Join Type": "Inner", "Startup Cost": 724.14, "Total Cost": 3434.13, "Plan Rows": 1, "Plan Width": 37, "Inner Unique": false, "Join Filter": "(t.id = mc.movie_id)", "Plans": [{"Node Type": "Nested Loop", "Parent Relationship": "Outer", "Join Type": "Inner", "Startup Cost": 723.87, "Total Cost": 3429.8, "Plan Rows": 1, "Plan Width": 25, "Inner Unique": true, "Plans": [{"Node Type": "Nested Loop", "Parent Relationship": "Outer", "Join Type": "Inner", "Startup Cost": 723.6, "Total Cost": 3288.12, "Plan Rows": 33, "Plan Width": 4, "Inner Unique": false, "Plans": [{"Node Type": "Bitmap Heap Scan", "Parent Relationship": "Outer", "Relation Name": "keyword", "Alias": "k", "Startup Cost": 719.1, "Total Cost": 3155.21, "Plan Rows": 1, "Plan Width": 4, "Filter": "((keyword)::text = 'sequel'::text)", "Plans": [{"Node Type": "Bitmap Index Scan", "Parent Relationship": "Outer", "Index Name": "keyword_pkey", "Startup Cost": 0.0, "Total Cost": 719.1, "Plan Rows": 134169, "Plan Width": 0}]}, {"Node Type": "Bitmap Heap Scan", "Parent Relationship": "Inner", "Relation Name": "movie_keyword", "Alias": "mk", "Startup Cost": 4.51, "Total Cost": 132.58, "Plan Rows": 33, "Plan Width": 8, "Recheck Cond": "(keyword_id = k.id)", "Plans": [{"Node Type": "Bitmap Index Scan", "Parent Relationship": "Outer", "Index Name": "keyword_id_movie_keyword", "Startup Cost": 0.0, "Total Cost": 4.5, "Plan Rows": 33, "Plan Width": 0, "Index Cond": "(keyword_id = k.id)"}]}]}, {"Node Type": "Bitmap Heap Scan", "Parent Relationship": "Inner", "Relation Name": "title", "Alias": "t", "Startup Cost": 0.27, "Total Cost": 4.28, "Plan Rows": 1, "Plan Width": 21, "Recheck Cond": "(id = mk.movie_id)", "Filter": "(((title)::text ~~ '%Money%'::text) AND (production_year = 1998))", "Plans": [{"Node Type": "Bitmap Index Scan", "Parent Relationship": "Outer", "Index Name": "title_pkey", "Startup Cost": 0.0, "Total Cost": 0.27, "Plan Rows": 1, "Plan Width": 0, "Index Cond": "(id = mk.movie_id)"}]}]}, {"Node Type": "Bitmap Heap Scan", "Parent Relationship": "Inner", "Relation Name": "movie_companies", "Alias": "mc", "Startup Cost": 0.27, "Total Cost": 4.3, "Plan Rows": 2, "Plan Width": 12, "Recheck Cond": "(movie_id = mk.movie_id)", "Filter": "(note IS NULL)", "Plans": [{"Node Type": "Bitmap Index Scan", "Parent Relationship": "Outer", "Index Name": "movie_id_movie_companies", "Startup Cost": 0.0, "Total Cost": 0.27, "Plan Rows": 2, "Plan Width": 0, "Index Cond": "(movie_id = mk.movie_id)"}]}]}, {"Node Type": "Bitmap Heap Scan", "Parent Relationship": "Inner", "Relation Name": "company_name", "Alias": "cn", "Startup Cost": 0.26, "Total Cost": 4.28, "Plan Rows": 1, "Plan Width": 23, "Recheck Cond": "(id = mc.company_id)", "Filter": "(((country_code)::text <> '[pl]'::text) AND (((name)::text ~~ '%Film%'::text) OR ((name)::text ~~ '%Warner%'::text)))", "Plans": [{"Node Type": "Bitmap Index Scan", "Parent Relationship": "Outer", "Index Name": "company_name_pkey", "Startup Cost": 0.0, "Total Cost": 0.26, "Plan Rows": 1, "Plan Width": 0, "Index Cond": "(id = mc.company_id)"}]}]}, {"Node Type": "Bitmap Heap Scan", "Parent Relationship": "Inner", "Relation Name": "company_type", "Alias": "ct", "Startup Cost": 0.26, "Total Cost": 4.27, "Plan Rows": 1, "Plan Width": 4, "Recheck Cond": "(id = mc.company_type_id)", "Filter": "((kind)::text = 'production companies'::text)", "Plans": [{"Node Type": "Bitmap Index Scan", "Parent Relationship": "Outer", "Index Name": "company_type_pkey", "Startup Cost": 0.0, "Total Cost": 0.26, "Plan Rows": 1, "Plan Width": 0, "Index Cond": "(id = mc.company_type_id)"}]}]}, {"Node Type": "Bitmap Heap Scan", "Parent Relationship": "Inner", "Relation Name": "movie_link", "Alias": "ml", "Startup Cost": 0.29, "Total Cost": 4.35, "Plan Rows": 5, "Plan Width": 8, "Recheck Cond": "(movie_id = mk.movie_id)", "Plans": [{"Node Type": "Bitmap Index Scan", "Parent Relationship": "Outer", "Index Name": "movie_id_movie_link", "Startup Cost": 0.0, "Total Cost": 0.29, "Plan Rows": 5, "Plan Width": 0, "Index Cond": "(movie_id = mk.movie_id)"}]}]}, {"Node Type": "Bitmap Heap Scan", "Parent Relationship": "Inner", "Relation Name": "link_type", "Alias": "lt", "Startup Cost": 0.26, "Total Cost": 4.27, "Plan Rows": 1, "Plan Width": 16, "Recheck Cond": "(id = ml.link_type_id)", "Filter": "((link)::text ~~ '%follows%'::text)", "Plans": [{"Node Type": "Bitmap Index Scan", "Parent Relationship": "Outer", "Index Name": "link_type_pkey", "Startup Cost": 0.0, "Total Cost": 0.26, "Plan Rows": 1, "Plan Width": 0, "Index Cond": "(id = ml.link_type_id)"}]}]}]}, "Unique SQL Id": 4121279504}, "explain_analyze_plan": {"Plan": {"Node Type": "Aggregate", "Strategy": "Plain", "Startup Cost": 3451.4, "Total Cost": 3451.41, "Plan Rows": 1, "Plan Width": 144, "Actual Startup Time": 161.722, "Actual Total Time": 161.723, "Actual Rows": 1, "Actual Loops": 1, "Plans": [{"Node Type": "Nested Loop", "Parent Relationship": "Outer", "Join Type": "Inner", "Startup Cost": 725.2, "Total Cost": 3451.4, "Plan Rows": 1, "Plan Width": 48, "Actual Startup Time": 161.712, "Actual Total Time": 161.712, "Actual Rows": 0, "Actual Loops": 1, "Inner Unique": true, "Plans": [{"Node Type": "Nested Loop", "Parent Relationship": "Outer", "Join Type": "Inner", "Startup Cost": 724.95, "Total Cost": 3447.11, "Plan Rows": 1, "Plan Width": 40, "Actual Startup Time": 19.997, "Actual Total Time": 161.571, "Actual Rows": 38, "Actual Loops": 1, "Inner Unique": false, "Join Filter": "(t.id = ml.movie_id)", "Rows Removed by Join Filter": 0, "Plans": [{"Node Type": "Nested Loop", "Parent Relationship": "Outer", "Join Type": "Inner", "Startup Cost": 724.66, "Total Cost": 3442.7, "Plan Rows": 1, "Plan Width": 48, "Actual Startup Time": 19.97, "Actual Total Time": 161.514, "Actual Rows": 2, "Actual Loops": 1, "Inner Unique": true, "Plans": [{"Node Type": "Nested Loop", "Parent Relationship": "Outer", "Join Type": "Inner", "Startup Cost": 724.4, "Total Cost": 3438.42, "Plan Rows": 1, "Plan Width": 52, "Actual Startup Time": 19.958, "Actual Total Time": 161.497, "Actual Rows": 2, "Actual Loops": 1, "Inner Unique": true, "Plans": [{"Node Type": "Nested Loop", "Parent Relationship": "Outer", "Join Type": "Inner", "Startup Cost": 724.14, "Total Cost": 3434.13, "Plan Rows": 1, "Plan Width": 37, "Actual Startup Time": 19.933, "Actual Total Time": 161.449, "Actual Rows": 3, "Actual Loops": 1, "Inner Unique": false, "Join Filter": "(t.id = mc.movie_id)", "Rows Removed by Join Filter": 0, "Plans": [{"Node Type": "Nested Loop", "Parent Relationship": "Outer", "Join Type": "Inner", "Startup Cost": 723.87, "Total Cost": 3429.8, "Plan Rows": 1, "Plan Width": 25, "Actual Startup Time": 19.903, "Actual Total Time": 161.415, "Actual Rows": 1, "Actual Loops": 1, "Inner Unique": true, "Plans": [{"Node Type": "Nested Loop", "Parent Relationship": "Outer", "Join Type": "Inner", "Startup Cost": 723.6, "Total Cost": 3288.12, "Plan Rows": 33, "Plan Width": 4, "Actual Startup Time": 19.48, "Actual Total Time": 84.809, "Actual Rows": 10544, "Actual Loops": 1, "Inner Unique": false, "Plans": [{"Node Type": "Bitmap Heap Scan", "Parent Relationship": "Outer", "Relation Name": "keyword", "Alias": "k", "Startup Cost": 719.1, "Total Cost": 3155.21, "Plan Rows": 1, "Plan Width": 4, "Actual Startup Time": 16.533, "Actual Total Time": 64.286, "Actual Rows": 1, "Actual Loops": 1, "Filter": "((keyword)::text = 'sequel'::text)", "Rows Removed by Filter": 134168, "Exact Heap Blocks": 759, "Lossy Heap Blocks": 759, "Plans": [{"Node Type": "Bitmap Index Scan", "Parent Relationship": "Outer", "Index Name": "keyword_pkey", "Startup Cost": 0.0, "Total Cost": 719.1, "Plan Rows": 134169, "Plan Width": 0, "Actual Startup Time": 13.54, "Actual Total Time": 13.54, "Actual Rows": 134169, "Actual Loops": 1}]}, {"Node Type": "Bitmap Heap Scan", "Parent Relationship": "Inner", "Relation Name": "movie_keyword", "Alias": "mk", "Startup Cost": 4.51, "Total Cost": 132.58, "Plan Rows": 33, "Plan Width": 8, "Actual Startup Time": 2.933, "Actual Total Time": 18.397, "Actual Rows": 10544, "Actual Loops": 1, "Recheck Cond": "(keyword_id = k.id)", "Rows Removed by Index Recheck": 0, "Exact Heap Blocks": 5090, "Lossy Heap Blocks": 5090, "Plans": [{"Node Type": "Bitmap Index Scan", "Parent Relationship": "Outer", "Index Name": "keyword_id_movie_keyword", "Startup Cost": 0.0, "Total Cost": 4.5, "Plan Rows": 33, "Plan Width": 0, "Actual Startup Time": 2.017, "Actual Total Time": 2.017, "Actual Rows": 10544, "Actual Loops": 1, "Index Cond": "(keyword_id = k.id)"}]}]}, {"Node Type": "Bitmap Heap Scan", "Parent Relationship": "Inner", "Relation Name": "title", "Alias": "t", "Startup Cost": 0.27, "Total Cost": 4.28, "Plan Rows": 1, "Plan Width": 21, "Actual Startup Time": 64.824, "Actual Total Time": 64.824, "Actual Rows": 1, "Actual Loops": 10544, "Recheck Cond": "(id = mk.movie_id)", "Rows Removed by Index Recheck": 0, "Filter": "(((title)::text ~~ '%Money%'::text) AND (production_year = 1998))", "Rows Removed by Filter": 10543, "Exact Heap Blocks": 10544, "Lossy Heap Blocks": 10544, "Plans": [{"Node Type": "Bitmap Index Scan", "Parent Relationship": "Outer", "Index Name": "title_pkey", "Startup Cost": 0.0, "Total Cost": 0.27, "Plan Rows": 1, "Plan Width": 0, "Actual Startup Time": 31.063, "Actual Total Time": 31.063, "Actual Rows": 10544, "Actual Loops": 10544, "Index Cond": "(id = mk.movie_id)"}]}]}, {"Node Type": "Bitmap Heap Scan", "Parent Relationship": "Inner", "Relation Name": "movie_companies", "Alias": "mc", "Startup Cost": 0.27, "Total Cost": 4.3, "Plan Rows": 2, "Plan Width": 12, "Actual Startup Time": 0.024, "Actual Total Time": 0.025, "Actual Rows": 3, "Actual Loops": 1, "Recheck Cond": "(movie_id = mk.movie_id)", "Rows Removed by Index Recheck": 0, "Filter": "(note IS NULL)", "Rows Removed by Filter": 1, "Exact Heap Blocks": 2, "Lossy Heap Blocks": 2, "Plans": [{"Node Type": "Bitmap Index Scan", "Parent Relationship": "Outer", "Index Name": "movie_id_movie_companies", "Startup Cost": 0.0, "Total Cost": 0.27, "Plan Rows": 2, "Plan Width": 0, "Actual Startup Time": 0.012, "Actual Total Time": 0.012, "Actual Rows": 4, "Actual Loops": 1, "Index Cond": "(movie_id = mk.movie_id)"}]}]}, {"Node Type": "Bitmap Heap Scan", "Parent Relationship": "Inner", "Relation Name": "company_name", "Alias": "cn", "Startup Cost": 0.26, "Total Cost": 4.28, "Plan Rows": 1, "Plan Width": 23, "Actual Startup Time": 0.041, "Actual Total Time": 0.041, "Actual Rows": 2, "Actual Loops": 3, "Recheck Cond": "(id = mc.company_id)", "Rows Removed by Index Recheck": 0, "Filter": "(((country_code)::text <> '[pl]'::text) AND (((name)::text ~~ '%Film%'::text) OR ((name)::text ~~ '%Warner%'::text)))", "Rows Removed by Filter": 1, "Exact Heap Blocks": 3, "Lossy Heap Blocks": 3, "Plans": [{"Node Type": "Bitmap Index Scan", "Parent Relationship": "Outer", "Index Name": "company_name_pkey", "Startup Cost": 0.0, "Total Cost": 0.26, "Plan Rows": 1, "Plan Width": 0, "Actual Startup Time": 0.02, "Actual Total Time": 0.02, "Actual Rows": 3, "Actual Loops": 3, "Index Cond": "(id = mc.company_id)"}]}]}, {"Node Type": "Bitmap Heap Scan", "Parent Relationship": "Inner", "Relation Name": "company_type", "Alias": "ct", "Startup Cost": 0.26, "Total Cost": 4.27, "Plan Rows": 1, "Plan Width": 4, "Actual Startup Time": 0.013, "Actual Total Time": 0.013, "Actual Rows": 2, "Actual Loops": 2, "Recheck Cond": "(id = mc.company_type_id)", "Rows Removed by Index Recheck": 0, "Filter": "((kind)::text = 'production companies'::text)", "Rows Removed by Filter": 0, "Exact Heap Blocks": 2, "Lossy Heap Blocks": 2, "Plans": [{"Node Type": "Bitmap Index Scan", "Parent Relationship": "Outer", "Index Name": "company_type_pkey", "Startup Cost": 0.0, "Total Cost": 0.26, "Plan Rows": 1, "Plan Width": 0, "Actual Startup Time": 0.004, "Actual Total Time": 0.004, "Actual Rows": 2, "Actual Loops": 2, "Index Cond": "(id = mc.company_type_id)"}]}]}, {"Node Type": "Bitmap Heap Scan", "Parent Relationship": "Inner", "Relation Name": "movie_link", "Alias": "ml", "Startup Cost": 0.29, "Total Cost": 4.35, "Plan Rows": 5, "Plan Width": 8, "Actual Startup Time": 0.025, "Actual Total Time": 0.028, "Actual Rows": 38, "Actual Loops": 2, "Recheck Cond": "(movie_id = mk.movie_id)", "Rows Removed by Index Recheck": 0, "Exact Heap Blocks": 2, "Lossy Heap Blocks": 2, "Plans": [{"Node Type": "Bitmap Index Scan", "Parent Relationship": "Outer", "Index Name": "movie_id_movie_link", "Startup Cost": 0.0, "Total Cost": 0.29, "Plan Rows": 5, "Plan Width": 0, "Actual Startup Time": 0.013, "Actual Total Time": 0.013, "Actual Rows": 38, "Actual Loops": 2, "Index Cond": "(movie_id = mk.movie_id)"}]}]}, {"Node Type": "Bitmap Heap Scan", "Parent Relationship": "Inner", "Relation Name": "link_type", "Alias": "lt", "Startup Cost": 0.26, "Total Cost": 4.27, "Plan Rows": 1, "Plan Width": 16, "Actual Startup Time": 0.097, "Actual Total Time": 0.097, "Actual Rows": 0, "Actual Loops": 38, "Recheck Cond": "(id = ml.link_type_id)", "Rows Removed by Index Recheck": 0, "Filter": "((link)::text ~~ '%follows%'::text)", "Rows Removed by Filter": 24, "Exact Heap Blocks": 24, "Lossy Heap Blocks": 24, "Plans": [{"Node Type": "Bitmap Index Scan", "Parent Relationship": "Outer", "Index Name": "link_type_pkey", "Startup Cost": 0.0, "Total Cost": 0.26, "Plan Rows": 1, "Plan Width": 0, "Actual Startup Time": 0.039, "Actual Total Time": 0.039, "Actual Rows": 24, "Actual Loops": 38, "Index Cond": "(id = ml.link_type_id)"}]}]}]}, "Triggers": [], "Planner Runtime": 60.458, "Total Runtime": 162.221, "Unique SQL Id": 4121279504}}, "(64, 88)": {"explain_plan": {"Plan": {"Node Type": "Aggregate", "Strategy": "Plain", "Startup Cost": 2585.63, "Total Cost": 2585.64, "Plan Rows": 1, "Plan Width": 144, "Plans": [{"Node Type": "Nested Loop", "Parent Relationship": "Outer", "Join Type": "Inner", "Startup Cost": 0.0, "Total Cost": 2585.62, "Plan Rows": 1, "Plan Width": 48, "Inner Unique": true, "Plans": [{"Node Type": "Nested Loop", "Parent Relationship": "Outer", "Join Type": "Inner", "Startup Cost": 0.0, "Total Cost": 2585.34, "Plan Rows": 1, "Plan Width": 40, "Inner Unique": false, "Join Filter": "(t.id = ml.movie_id)", "Plans": [{"Node Type": "Nested Loop", "Parent Relationship": "Outer", "Join Type": "Inner", "Startup Cost": 0.0, "Total Cost": 2584.93, "Plan Rows": 1, "Plan Width": 48, "Inner Unique": true, "Plans": [{"Node Type": "Nested Loop", "Parent Relationship": "Outer", "Join Type": "Inner", "Startup Cost": 0.0, "Total Cost": 2584.64, "Plan Rows": 1, "Plan Width": 52, "Inner Unique": true, "Plans": [{"Node Type": "Nested Loop", "Parent Relationship": "Outer", "Join Type": "Inner", "Startup Cost": 0.0, "Total Cost": 2584.35, "Plan Rows": 1, "Plan Width": 37, "Inner Unique": false, "Join Filter": "(t.id = mc.movie_id)", "Plans": [{"Node Type": "Nested Loop", "Parent Relationship": "Outer", "Join Type": "Inner", "Startup Cost": 0.0, "Total Cost": 2584.01, "Plan Rows": 1, "Plan Width": 25, "Inner Unique": true, "Plans": [{"Node Type": "Nested Loop", "Parent Relationship": "Outer", "Join Type": "Inner", "Startup Cost": 0.0, "Total Cost": 2573.32, "Plan Rows": 33, "Plan Width": 4, "Inner Unique": false, "Plans": [{"Node Type": "Seq Scan", "Parent Relationship": "Outer", "Relation Name": "keyword", "Alias": "k", "Startup Cost": 0.0, "Total Cost": 2436.11, "Plan Rows": 1, "Plan Width": 4, "Filter": "((keyword)::text = 'sequel'::text)"}, {"Node Type": "Index Scan", "Parent Relationship": "Inner", "Scan Direction": "Forward", "Index Name": "keyword_id_movie_keyword", "Relation Name": "movie_keyword", "Alias": "mk", "Startup Cost": 0.0, "Total Cost": 136.88, "Plan Rows": 33, "Plan Width": 8, "Index Cond": "(keyword_id = k.id)"}]}, {"Node Type": "Index Scan", "Parent Relationship": "Inner", "Scan Direction": "Forward", "Index Name": "title_pkey", "Relation Name": "title", "Alias": "t", "Startup Cost": 0.0, "Total Cost": 0.31, "Plan Rows": 1, "Plan Width": 21, "Index Cond": "(id = mk.movie_id)", "Filter": "(((title)::text ~~ '%Money%'::text) AND (production_year = 1998))"}]}, {"Node Type": "Index Scan", "Parent Relationship": "Inner", "Scan Direction": "Forward", "Index Name": "movie_id_movie_companies", "Relation Name": "movie_companies", "Alias": "mc", "Startup Cost": 0.0, "Total Cost": 0.31, "Plan Rows": 2, "Plan Width": 12, "Index Cond": "(movie_id = mk.movie_id)", "Filter": "(note IS NULL)"}]}, {"Node Type": "Index Scan", "Parent Relationship": "Inner", "Scan Direction": "Forward", "Index Name": "company_name_pkey", "Relation Name": "company_name", "Alias": "cn", "Startup Cost": 0.0, "Total Cost": 0.29, "Plan Rows": 1, "Plan Width": 23, "Index Cond": "(id = mc.company_id)", "Filter": "(((country_code)::text <> '[pl]'::text) AND (((name)::text ~~ '%Film%'::text) OR ((name)::text ~~ '%Warner%'::text)))"}]}, {"Node Type": "Index Scan", "Parent Relationship": "Inner", "Scan Direction": "Forward", "Index Name": "company_type_pkey", "Relation Name": "company_type", "Alias": "ct", "Startup Cost": 0.0, "Total Cost": 0.27, "Plan Rows": 1, "Plan Width": 4, "Index Cond": "(id = mc.company_type_id)", "Filter": "((kind)::text = 'production companies'::text)"}]}, {"Node Type": "Index Scan", "Parent Relationship": "Inner", "Scan Direction": "Forward", "Index Name": "movie_id_movie_link", "Relation Name": "movie_link", "Alias": "ml", "Startup Cost": 0.0, "Total Cost": 0.35, "Plan Rows": 5, "Plan Width": 8, "Index Cond": "(movie_id = mk.movie_id)"}]}, {"Node Type": "Index Scan", "Parent Relationship": "Inner", "Scan Direction": "Forward", "Index Name": "link_type_pkey", "Relation Name": "link_type", "Alias": "lt", "Startup Cost": 0.0, "Total Cost": 0.27, "Plan Rows": 1, "Plan Width": 16, "Index Cond": "(id = ml.link_type_id)", "Filter": "((link)::text ~~ '%follows%'::text)"}]}]}, "Unique SQL Id": 4121279504}, "explain_analyze_plan": {"Plan": {"Node Type": "Aggregate", "Strategy": "Plain", "Startup Cost": 2585.63, "Total Cost": 2585.64, "Plan Rows": 1, "Plan Width": 144, "Actual Startup Time": 120.206, "Actual Total Time": 120.207, "Actual Rows": 1, "Actual Loops": 1, "Plans": [{"Node Type": "Nested Loop", "Parent Relationship": "Outer", "Join Type": "Inner", "Startup Cost": 0.0, "Total Cost": 2585.62, "Plan Rows": 1, "Plan Width": 48, "Actual Startup Time": 120.199, "Actual Total Time": 120.199, "Actual Rows": 0, "Actual Loops": 1, "Inner Unique": true, "Plans": [{"Node Type": "Nested Loop", "Parent Relationship": "Outer", "Join Type": "Inner", "Startup Cost": 0.0, "Total Cost": 2585.34, "Plan Rows": 1, "Plan Width": 40, "Actual Startup Time": 2.804, "Actual Total Time": 120.112, "Actual Rows": 38, "Actual Loops": 1, "Inner Unique": false, "Join Filter": "(t.id = ml.movie_id)", "Rows Removed by Join Filter": 0, "Plans": [{"Node Type": "Nested Loop", "Parent Relationship": "Outer", "Join Type": "Inner", "Startup Cost": 0.0, "Total Cost": 2584.93, "Plan Rows": 1, "Plan Width": 48, "Actual Startup Time": 2.79, "Actual Total Time": 120.066, "Actual Rows": 2, "Actual Loops": 1, "Inner Unique": true, "Plans": [{"Node Type": "Nested Loop", "Parent Relationship": "Outer", "Join Type": "Inner", "Startup Cost": 0.0, "Total Cost": 2584.64, "Plan Rows": 1, "Plan Width": 52, "Actual Startup Time": 2.781, "Actual Total Time": 120.052, "Actual Rows": 2, "Actual Loops": 1, "Inner Unique": true, "Plans": [{"Node Type": "Nested Loop", "Parent Relationship": "Outer", "Join Type": "Inner", "Startup Cost": 0.0, "Total Cost": 2584.35, "Plan Rows": 1, "Plan Width": 37, "Actual Startup Time": 2.759, "Actual Total Time": 120.009, "Actual Rows": 3, "Actual Loops": 1, "Inner Unique": false, "Join Filter": "(t.id = mc.movie_id)", "Rows Removed by Join Filter": 0, "Plans": [{"Node Type": "Nested Loop", "Parent Relationship": "Outer", "Join Type": "Inner", "Startup Cost": 0.0, "Total Cost": 2584.01, "Plan Rows": 1, "Plan Width": 25, "Actual Startup Time": 2.739, "Actual Total Time": 119.985, "Actual Rows": 1, "Actual Loops": 1, "Inner Unique": true, "Plans": [{"Node Type": "Nested Loop", "Parent Relationship": "Outer", "Join Type": "Inner", "Startup Cost": 0.0, "Total Cost": 2573.32, "Plan Rows": 33, "Plan Width": 4, "Actual Startup Time": 2.392, "Actual Total Time": 59.078, "Actual Rows": 10544, "Actual Loops": 1, "Inner Unique": false, "Plans": [{"Node Type": "Seq Scan", "Parent Relationship": "Outer", "Relation Name": "keyword", "Alias": "k", "Startup Cost": 0.0, "Total Cost": 2436.11, "Plan Rows": 1, "Plan Width": 4, "Actual Startup Time": 2.347, "Actual Total Time": 41.646, "Actual Rows": 1, "Actual Loops": 1, "Filter": "((keyword)::text = 'sequel'::text)", "Rows Removed by Filter": 134168}, {"Node Type": "Index Scan", "Parent Relationship": "Inner", "Scan Direction": "Forward", "Index Name": "keyword_id_movie_keyword", "Relation Name": "movie_keyword", "Alias": "mk", "Startup Cost": 0.0, "Total Cost": 136.88, "Plan Rows": 33, "Plan Width": 8, "Actual Startup Time": 0.038, "Actual Total Time": 15.158, "Actual Rows": 10544, "Actual Loops": 1, "Index Cond": "(keyword_id = k.id)", "Rows Removed by Index Recheck": 0}]}, {"Node Type": "Index Scan", "Parent Relationship": "Inner", "Scan Direction": "Forward", "Index Name": "title_pkey", "Relation Name": "title", "Alias": "t", "Startup Cost": 0.0, "Total Cost": 0.31, "Plan Rows": 1, "Plan Width": 21, "Actual Startup Time": 55.67, "Actual Total Time": 55.67, "Actual Rows": 1, "Actual Loops": 10544, "Index Cond": "(id = mk.movie_id)", "Rows Removed by Index Recheck": 0, "Filter": "(((title)::text ~~ '%Money%'::text) AND (production_year = 1998))", "Rows Removed by Filter": 10543}]}, {"Node Type": "Index Scan", "Parent Relationship": "Inner", "Scan Direction": "Forward", "Index Name": "movie_id_movie_companies", "Relation Name": "movie_companies", "Alias": "mc", "Startup Cost": 0.0, "Total Cost": 0.31, "Plan Rows": 2, "Plan Width": 12, "Actual Startup Time": 0.016, "Actual Total Time": 0.017, "Actual Rows": 3, "Actual Loops": 1, "Index Cond": "(movie_id = mk.movie_id)", "Rows Removed by Index Recheck": 0, "Filter": "(note IS NULL)", "Rows Removed by Filter": 1}]}, {"Node Type": "Index Scan", "Parent Relationship": "Inner", "Scan Direction": "Forward", "Index Name": "company_name_pkey", "Relation Name": "company_name", "Alias": "cn", "Startup Cost": 0.0, "Total Cost": 0.29, "Plan Rows": 1, "Plan Width": 23, "Actual Startup Time": 0.038, "Actual Total Time": 0.038, "Actual Rows": 2, "Actual Loops": 3, "Index Cond": "(id = mc.company_id)", "Rows Removed by Index Recheck": 0, "Filter": "(((country_code)::text <> '[pl]'::text) AND (((name)::text ~~ '%Film%'::text) OR ((name)::text ~~ '%Warner%'::text)))", "Rows Removed by Filter": 1}]}, {"Node Type": "Index Scan", "Parent Relationship": "Inner", "Scan Direction": "Forward", "Index Name": "company_type_pkey", "Relation Name": "company_type", "Alias": "ct", "Startup Cost": 0.0, "Total Cost": 0.27, "Plan Rows": 1, "Plan Width": 4, "Actual Startup Time": 0.01, "Actual Total Time": 0.01, "Actual Rows": 2, "Actual Loops": 2, "Index Cond": "(id = mc.company_type_id)", "Rows Removed by Index Recheck": 0, "Filter": "((kind)::text = 'production companies'::text)", "Rows Removed by Filter": 0}]}, {"Node Type": "Index Scan", "Parent Relationship": "Inner", "Scan Direction": "Forward", "Index Name": "movie_id_movie_link", "Relation Name": "movie_link", "Alias": "ml", "Startup Cost": 0.0, "Total Cost": 0.35, "Plan Rows": 5, "Plan Width": 8, "Actual Startup Time": 0.015, "Actual Total Time": 0.031, "Actual Rows": 38, "Actual Loops": 2, "Index Cond": "(movie_id = mk.movie_id)", "Rows Removed by Index Recheck": 0}]}, {"Node Type": "Index Scan", "Parent Relationship": "Inner", "Scan Direction": "Forward", "Index Name": "link_type_pkey", "Relation Name": "link_type", "Alias": "lt", "Startup Cost": 0.0, "Total Cost": 0.27, "Plan Rows": 1, "Plan Width": 16, "Actual Startup Time": 0.063, "Actual Total Time": 0.063, "Actual Rows": 0, "Actual Loops": 38, "Index Cond": "(id = ml.link_type_id)", "Rows Removed by Index Recheck": 0, "Filter": "((link)::text ~~ '%follows%'::text)", "Rows Removed by Filter": 24}]}]}, "Triggers": [], "Planner Runtime": 76.567, "Total Runtime": 120.592, "Unique SQL Id": 4121279504}}, "(64, 89)": {"explain_plan": {"Plan": {"Node Type": "Aggregate", "Strategy": "Plain", "Startup Cost": 3332.23, "Total Cost": 3332.24, "Plan Rows": 1, "Plan Width": 144, "Plans": [{"Node Type": "Nested Loop", "Parent Relationship": "Outer", "Join Type": "Inner", "Startup Cost": 0.0, "Total Cost": 3332.23, "Plan Rows": 1, "Plan Width": 48, "Inner Unique": true, "Plans": [{"Node Type": "Nested Loop", "Parent Relationship": "Outer", "Join Type": "Inner", "Startup Cost": 0.0, "Total Cost": 3331.94, "Plan Rows": 1, "Plan Width": 40, "Inner Unique": false, "Join Filter": "(t.id = ml.movie_id)", "Plans": [{"Node Type": "Nested Loop", "Parent Relationship": "Outer", "Join Type": "Inner", "Startup Cost": 0.0, "Total Cost": 3331.53, "Plan Rows": 1, "Plan Width": 48, "Inner Unique": true, "Plans": [{"Node Type": "Nested Loop", "Parent Relationship": "Outer", "Join Type": "Inner", "Startup Cost": 0.0, "Total Cost": 3331.25, "Plan Rows": 1, "Plan Width": 52, "Inner Unique": true, "Plans": [{"Node Type": "Nested Loop", "Parent Relationship": "Outer", "Join Type": "Inner", "Startup Cost": 0.0, "Total Cost": 3330.95, "Plan Rows": 1, "Plan Width": 37, "Inner Unique": false, "Join Filter": "(t.id = mc.movie_id)", "Plans": [{"Node Type": "Nested Loop", "Parent Relationship": "Outer", "Join Type": "Inner", "Startup Cost": 0.0, "Total Cost": 3330.61, "Plan Rows": 1, "Plan Width": 25, "Inner Unique": true, "Plans": [{"Node Type": "Nested Loop", "Parent Relationship": "Outer", "Join Type": "Inner", "Startup Cost": 0.0, "Total Cost": 3319.92, "Plan Rows": 33, "Plan Width": 4, "Inner Unique": false, "Plans": [{"Node Type": "Index Scan", "Parent Relationship": "Outer", "Scan Direction": "Forward", "Index Name": "keyword_pkey", "Relation Name": "keyword", "Alias": "k", "Startup Cost": 0.0, "Total Cost": 3182.72, "Plan Rows": 1, "Plan Width": 4, "Filter": "((keyword)::text = 'sequel'::text)"}, {"Node Type": "Index Scan", "Parent Relationship": "Inner", "Scan Direction": "Forward", "Index Name": "keyword_id_movie_keyword", "Relation Name": "movie_keyword", "Alias": "mk", "Startup Cost": 0.0, "Total Cost": 136.88, "Plan Rows": 33, "Plan Width": 8, "Index Cond": "(keyword_id = k.id)"}]}, {"Node Type": "Index Scan", "Parent Relationship": "Inner", "Scan Direction": "Forward", "Index Name": "title_pkey", "Relation Name": "title", "Alias": "t", "Startup Cost": 0.0, "Total Cost": 0.31, "Plan Rows": 1, "Plan Width": 21, "Index Cond": "(id = mk.movie_id)", "Filter": "(((title)::text ~~ '%Money%'::text) AND (production_year = 1998))"}]}, {"Node Type": "Index Scan", "Parent Relationship": "Inner", "Scan Direction": "Forward", "Index Name": "movie_id_movie_companies", "Relation Name": "movie_companies", "Alias": "mc", "Startup Cost": 0.0, "Total Cost": 0.31, "Plan Rows": 2, "Plan Width": 12, "Index Cond": "(movie_id = mk.movie_id)", "Filter": "(note IS NULL)"}]}, {"Node Type": "Index Scan", "Parent Relationship": "Inner", "Scan Direction": "Forward", "Index Name": "company_name_pkey", "Relation Name": "company_name", "Alias": "cn", "Startup Cost": 0.0, "Total Cost": 0.29, "Plan Rows": 1, "Plan Width": 23, "Index Cond": "(id = mc.company_id)", "Filter": "(((country_code)::text <> '[pl]'::text) AND (((name)::text ~~ '%Film%'::text) OR ((name)::text ~~ '%Warner%'::text)))"}]}, {"Node Type": "Index Scan", "Parent Relationship": "Inner", "Scan Direction": "Forward", "Index Name": "company_type_pkey", "Relation Name": "company_type", "Alias": "ct", "Startup Cost": 0.0, "Total Cost": 0.27, "Plan Rows": 1, "Plan Width": 4, "Index Cond": "(id = mc.company_type_id)", "Filter": "((kind)::text = 'production companies'::text)"}]}, {"Node Type": "Index Scan", "Parent Relationship": "Inner", "Scan Direction": "Forward", "Index Name": "movie_id_movie_link", "Relation Name": "movie_link", "Alias": "ml", "Startup Cost": 0.0, "Total Cost": 0.35, "Plan Rows": 5, "Plan Width": 8, "Index Cond": "(movie_id = mk.movie_id)"}]}, {"Node Type": "Index Scan", "Parent Relationship": "Inner", "Scan Direction": "Forward", "Index Name": "link_type_pkey", "Relation Name": "link_type", "Alias": "lt", "Startup Cost": 0.0, "Total Cost": 0.27, "Plan Rows": 1, "Plan Width": 16, "Index Cond": "(id = ml.link_type_id)", "Filter": "((link)::text ~~ '%follows%'::text)"}]}]}, "Unique SQL Id": 4121279504}, "explain_analyze_plan": {"Plan": {"Node Type": "Aggregate", "Strategy": "Plain", "Startup Cost": 3332.23, "Total Cost": 3332.24, "Plan Rows": 1, "Plan Width": 144, "Actual Startup Time": 195.478, "Actual Total Time": 195.479, "Actual Rows": 1, "Actual Loops": 1, "Plans": [{"Node Type": "Nested Loop", "Parent Relationship": "Outer", "Join Type": "Inner", "Startup Cost": 0.0, "Total Cost": 3332.23, "Plan Rows": 1, "Plan Width": 48, "Actual Startup Time": 195.466, "Actual Total Time": 195.466, "Actual Rows": 0, "Actual Loops": 1, "Inner Unique": true, "Plans": [{"Node Type": "Nested Loop", "Parent Relationship": "Outer", "Join Type": "Inner", "Startup Cost": 0.0, "Total Cost": 3331.94, "Plan Rows": 1, "Plan Width": 40, "Actual Startup Time": 1.022, "Actual Total Time": 195.379, "Actual Rows": 38, "Actual Loops": 1, "Inner Unique": false, "Join Filter": "(t.id = ml.movie_id)", "Rows Removed by Join Filter": 0, "Plans": [{"Node Type": "Nested Loop", "Parent Relationship": "Outer", "Join Type": "Inner", "Startup Cost": 0.0, "Total Cost": 3331.53, "Plan Rows": 1, "Plan Width": 48, "Actual Startup Time": 1.006, "Actual Total Time": 195.329, "Actual Rows": 2, "Actual Loops": 1, "Inner Unique": true, "Plans": [{"Node Type": "Nested Loop", "Parent Relationship": "Outer", "Join Type": "Inner", "Startup Cost": 0.0, "Total Cost": 3331.25, "Plan Rows": 1, "Plan Width": 52, "Actual Startup Time": 0.993, "Actual Total Time": 195.312, "Actual Rows": 2, "Actual Loops": 1, "Inner Unique": true, "Plans": [{"Node Type": "Nested Loop", "Parent Relationship": "Outer", "Join Type": "Inner", "Startup Cost": 0.0, "Total Cost": 3330.95, "Plan Rows": 1, "Plan Width": 37, "Actual Startup Time": 0.971, "Actual Total Time": 195.27, "Actual Rows": 3, "Actual Loops": 1, "Inner Unique": false, "Join Filter": "(t.id = mc.movie_id)", "Rows Removed by Join Filter": 0, "Plans": [{"Node Type": "Nested Loop", "Parent Relationship": "Outer", "Join Type": "Inner", "Startup Cost": 0.0, "Total Cost": 3330.61, "Plan Rows": 1, "Plan Width": 25, "Actual Startup Time": 0.949, "Actual Total Time": 195.245, "Actual Rows": 1, "Actual Loops": 1, "Inner Unique": true, "Plans": [{"Node Type": "Nested Loop", "Parent Relationship": "Outer", "Join Type": "Inner", "Startup Cost": 0.0, "Total Cost": 3319.92, "Plan Rows": 33, "Plan Width": 4, "Actual Startup Time": 0.597, "Actual Total Time": 133.24, "Actual Rows": 10544, "Actual Loops": 1, "Inner Unique": false, "Plans": [{"Node Type": "Index Scan", "Parent Relationship": "Outer", "Scan Direction": "Forward", "Index Name": "keyword_pkey", "Relation Name": "keyword", "Alias": "k", "Startup Cost": 0.0, "Total Cost": 3182.72, "Plan Rows": 1, "Plan Width": 4, "Actual Startup Time": 0.557, "Actual Total Time": 115.424, "Actual Rows": 1, "Actual Loops": 1, "Filter": "((keyword)::text = 'sequel'::text)", "Rows Removed by Filter": 134168}, {"Node Type": "Index Scan", "Parent Relationship": "Inner", "Scan Direction": "Forward", "Index Name": "keyword_id_movie_keyword", "Relation Name": "movie_keyword", "Alias": "mk", "Startup Cost": 0.0, "Total Cost": 136.88, "Plan Rows": 33, "Plan Width": 8, "Actual Startup Time": 0.033, "Actual Total Time": 15.557, "Actual Rows": 10544, "Actual Loops": 1, "Index Cond": "(keyword_id = k.id)", "Rows Removed by Index Recheck": 0}]}, {"Node Type": "Index Scan", "Parent Relationship": "Inner", "Scan Direction": "Forward", "Index Name": "title_pkey", "Relation Name": "title", "Alias": "t", "Startup Cost": 0.0, "Total Cost": 0.31, "Plan Rows": 1, "Plan Width": 21, "Actual Startup Time": 56.68, "Actual Total Time": 56.68, "Actual Rows": 1, "Actual Loops": 10544, "Index Cond": "(id = mk.movie_id)", "Rows Removed by Index Recheck": 0, "Filter": "(((title)::text ~~ '%Money%'::text) AND (production_year = 1998))", "Rows Removed by Filter": 10543}]}, {"Node Type": "Index Scan", "Parent Relationship": "Inner", "Scan Direction": "Forward", "Index Name": "movie_id_movie_companies", "Relation Name": "movie_companies", "Alias": "mc", "Startup Cost": 0.0, "Total Cost": 0.31, "Plan Rows": 2, "Plan Width": 12, "Actual Startup Time": 0.019, "Actual Total Time": 0.022, "Actual Rows": 3, "Actual Loops": 1, "Index Cond": "(movie_id = mk.movie_id)", "Rows Removed by Index Recheck": 0, "Filter": "(note IS NULL)", "Rows Removed by Filter": 1}]}, {"Node Type": "Index Scan", "Parent Relationship": "Inner", "Scan Direction": "Forward", "Index Name": "company_name_pkey", "Relation Name": "company_name", "Alias": "cn", "Startup Cost": 0.0, "Total Cost": 0.29, "Plan Rows": 1, "Plan Width": 23, "Actual Startup Time": 0.038, "Actual Total Time": 0.038, "Actual Rows": 2, "Actual Loops": 3, "Index Cond": "(id = mc.company_id)", "Rows Removed by Index Recheck": 0, "Filter": "(((country_code)::text <> '[pl]'::text) AND (((name)::text ~~ '%Film%'::text) OR ((name)::text ~~ '%Warner%'::text)))", "Rows Removed by Filter": 1}]}, {"Node Type": "Index Scan", "Parent Relationship": "Inner", "Scan Direction": "Forward", "Index Name": "company_type_pkey", "Relation Name": "company_type", "Alias": "ct", "Startup Cost": 0.0, "Total Cost": 0.27, "Plan Rows": 1, "Plan Width": 4, "Actual Startup Time": 0.013, "Actual Total Time": 0.013, "Actual Rows": 2, "Actual Loops": 2, "Index Cond": "(id = mc.company_type_id)", "Rows Removed by Index Recheck": 0, "Filter": "((kind)::text = 'production companies'::text)", "Rows Removed by Filter": 0}]}, {"Node Type": "Index Scan", "Parent Relationship": "Inner", "Scan Direction": "Forward", "Index Name": "movie_id_movie_link", "Relation Name": "movie_link", "Alias": "ml", "Startup Cost": 0.0, "Total Cost": 0.35, "Plan Rows": 5, "Plan Width": 8, "Actual Startup Time": 0.017, "Actual Total Time": 0.028, "Actual Rows": 38, "Actual Loops": 2, "Index Cond": "(movie_id = mk.movie_id)", "Rows Removed by Index Recheck": 0}]}, {"Node Type": "Index Scan", "Parent Relationship": "Inner", "Scan Direction": "Forward", "Index Name": "link_type_pkey", "Relation Name": "link_type", "Alias": "lt", "Startup Cost": 0.0, "Total Cost": 0.27, "Plan Rows": 1, "Plan Width": 16, "Actual Startup Time": 0.066, "Actual Total Time": 0.066, "Actual Rows": 0, "Actual Loops": 38, "Index Cond": "(id = ml.link_type_id)", "Rows Removed by Index Recheck": 0, "Filter": "((link)::text ~~ '%follows%'::text)", "Rows Removed by Filter": 24}]}]}, "Triggers": [], "Planner Runtime": 69.692, "Total Runtime": 195.978, "Unique SQL Id": 4121279504}}, "(64, 90)": {"explain_plan": {"Plan": {"Node Type": "Aggregate", "Strategy": "Plain", "Startup Cost": 14501298689.04, "Total Cost": 14501298689.05, "Plan Rows": 1, "Plan Width": 144, "Plans": [{"Node Type": "Merge Join", "Parent Relationship": "Outer", "Join Type": "Inner", "Startup Cost": 14501298689.01, "Total Cost": 14501298689.03, "Plan Rows": 1, "Plan Width": 48, "Inner Unique": true, "Merge Cond": "(ml.link_type_id = lt.id)", "Plans": [{"Node Type": "Sort", "Parent Relationship": "Outer", "Startup Cost": 14501298687.79, "Total Cost": 14501298687.79, "Plan Rows": 1, "Plan Width": 40, "Sort Key": ["ml.link_type_id"], "Plans": [{"Node Type": "Merge Join", "Parent Relationship": "Outer", "Join Type": "Inner", "Startup Cost": 14501298687.75, "Total Cost": 14501298687.78, "Plan Rows": 1, "Plan Width": 40, "Inner Unique": true, "Merge Cond": "(mc.company_type_id = ct.id)", "Plans": [{"Node Type": "Sort", "Parent Relationship": "Outer", "Startup Cost": 14501298686.7, "Total Cost": 14501298686.71, "Plan Rows": 2, "Plan Width": 44, "Sort Key": ["mc.company_type_id"], "Plans": [{"Node Type": "Merge Join", "Parent Relationship": "Outer", "Join Type": "Inner", "Startup Cost": 14501298686.05, "Total Cost": 14501298686.69, "Plan Rows": 2, "Plan Width": 44, "Inner Unique": true, "Merge Cond": "(mk.keyword_id = k.id)", "Plans": [{"Node Type": "Sort", "Parent Relationship": "Outer", "Startup Cost": 14501296249.93, "Total Cost": 14501296250.24, "Plan Rows": 124, "Plan Width": 48, "Sort Key": ["mk.keyword_id"], "Plans": [{"Node Type": "Merge Join", "Parent Relationship": "Outer", "Join Type": "Inner", "Startup Cost": 10000797662.5, "Total Cost": 14501296245.62, "Plan Rows": 124, "Plan Width": 48, "Inner Unique": false, "Merge Cond": "(t.id = ml.movie_id)", "Plans": [{"Node Type": "Nested Loop", "Parent Relationship": "Outer", "Join Type": "Inner", "Startup Cost": 10000795000.96, "Total Cost": 100010763644.94, "Plan Rows": 20, "Plan Width": 56, "Inner Unique": true, "Join Filter": "(mk.movie_id = t.id)", "Plans": [{"Node Type": "Merge Join", "Parent Relationship": "Outer", "Join Type": "Inner", "Startup Cost": 795000.96, "Total Cost": 847228.0, "Plan Rows": 2750005, "Plan Width": 35, "Inner Unique": false, "Merge Cond": "(mc.movie_id = mk.movie_id)", "Plans": [{"Node Type": "Sort", "Parent Relationship": "Outer", "Startup Cost": 232458.5, "Total Cost": 233514.05, "Plan Rows": 422221, "Plan Width": 27, "Sort Key": ["mc.movie_id"], "Plans": [{"Node Type": "Merge Join", "Parent Relationship": "Outer", "Join Type": "Inner", "Startup Cost": 182314.23, "Total Cost": 193006.93, "Plan Rows": 422221, "Plan Width": 27, "Inner Unique": false, "Merge Cond": "(cn.id = mc.company_id)", "Plans": [{"Node Type": "Sort", "Parent Relationship": "Outer", "Startup Cost": 11632.71, "Total Cost": 11776.71, "Plan Rows": 57599, "Plan Width": 23, "Sort Key": ["cn.id"], "Plans": [{"Node Type": "Seq Scan", "Parent Relationship": "Outer", "Relation Name": "company_name", "Alias": "cn", "Startup Cost": 0.0, "Total Cost": 7078.43, "Plan Rows": 57599, "Plan Width": 23, "Filter": "(((country_code)::text <> '[pl]'::text) AND (((name)::text ~~ '%Film%'::text) OR ((name)::text ~~ '%Warner%'::text)))"}]}, {"Node Type": "Sort", "Parent Relationship": "Inner", "Startup Cost": 170516.58, "Total Cost": 173690.3, "Plan Rows": 1269486, "Plan Width": 12, "Sort Key": ["mc.company_id"], "Plans": [{"Node Type": "Seq Scan", "Parent Relationship": "Outer", "Relation Name": "movie_companies", "Alias": "mc", "Startup Cost": 0.0, "Total Cost": 41817.28, "Plan Rows": 1269486, "Plan Width": 12, "Filter": "(note IS NULL), (LLVM Optimized)"}]}]}]}, {"Node Type": "Sort", "Parent Relationship": "Inner", "Startup Cost": 562542.3, "Total Cost": 573852.12, "Plan Rows": 4523929, "Plan Width": 8, "Sort Key": ["mk.movie_id"], "Plans": [{"Node Type": "Seq Scan", "Parent Relationship": "Outer", "Relation Name": "movie_keyword", "Alias": "mk", "Startup Cost": 0.0, "Total Cost": 62441.29, "Plan Rows": 4523929, "Plan Width": 8}]}]}, {"Node Type": "Materialize", "Parent Relationship": "Inner", "Startup Cost": 0.0, "Total Cost": 64136.21, "Plan Rows": 4, "Plan Width": 21, "Plans": [{"Node Type": "Streaming(type: LOCAL GATHER dop: 1/64)", "Parent Relationship": "Outer", "Startup Cost": 0.0, "Total Cost": 64136.19, "Plan Rows": 4, "Plan Width": 21, "Plans": [{"Node Type": "Seq Scan", "Parent Relationship": "Outer", "Relation Name": "title", "Alias": "t", "Startup Cost": 0.0, "Total Cost": 64136.1, "Plan Rows": 4, "Plan Width": 21, "Filter": "(((title)::text ~~ '%Money%'::text) AND (production_year = 1998))"}]}]}]}, {"Node Type": "Sort", "Parent Relationship": "Inner", "Startup Cost": 2661.53, "Total Cost": 2736.52, "Plan Rows": 29996, "Plan Width": 8, "Sort Key": ["ml.movie_id"], "Plans": [{"Node Type": "Seq Scan", "Parent Relationship": "Outer", "Relation Name": "movie_link", "Alias": "ml", "Startup Cost": 0.0, "Total Cost": 430.96, "Plan Rows": 29996, "Plan Width": 8}]}]}]}, {"Node Type": "Sort", "Parent Relationship": "Inner", "Startup Cost": 2436.12, "Total Cost": 2436.13, "Plan Rows": 1, "Plan Width": 4, "Sort Key": ["k.id"], "Plans": [{"Node Type": "Seq Scan", "Parent Relationship": "Outer", "Relation Name": "keyword", "Alias": "k", "Startup Cost": 0.0, "Total Cost": 2436.11, "Plan Rows": 1, "Plan Width": 4, "Filter": "((keyword)::text = 'sequel'::text)"}]}]}]}, {"Node Type": "Sort", "Parent Relationship": "Inner", "Startup Cost": 1.05, "Total Cost": 1.05, "Plan Rows": 1, "Plan Width": 4, "Sort Key": ["ct.id"], "Plans": [{"Node Type": "Seq Scan", "Parent Relationship": "Outer", "Relation Name": "company_type", "Alias": "ct", "Startup Cost": 0.0, "Total Cost": 1.04, "Plan Rows": 1, "Plan Width": 4, "Filter": "((kind)::text = 'production companies'::text)"}]}]}]}, {"Node Type": "Sort", "Parent Relationship": "Inner", "Startup Cost": 1.22, "Total Cost": 1.23, "Plan Rows": 1, "Plan Width": 16, "Sort Key": ["lt.id"], "Plans": [{"Node Type": "Seq Scan", "Parent Relationship": "Outer", "Relation Name": "link_type", "Alias": "lt", "Startup Cost": 0.0, "Total Cost": 1.21, "Plan Rows": 1, "Plan Width": 16, "Filter": "((link)::text ~~ '%follows%'::text)"}]}]}]}, "Unique SQL Id": 4121279504}, "explain_analyze_plan": null}, "(64, 91)": {"explain_plan": {"Plan": {"Node Type": "Aggregate", "Strategy": "Plain", "Startup Cost": 4403913964515.37, "Total Cost": 4403913964515.38, "Plan Rows": 1, "Plan Width": 144, "Plans": [{"Node Type": "Nested Loop", "Parent Relationship": "Outer", "Join Type": "Inner", "Startup Cost": 2081580986606.33, "Total Cost": 4403913964515.36, "Plan Rows": 1, "Plan Width": 48, "Inner Unique": true, "Plans": [{"Node Type": "Merge Join", "Parent Relationship": "Outer", "Join Type": "Inner", "Startup Cost": 2071580986606.33, "Total Cost": 3403913964486.54, "Plan Rows": 1, "Plan Width": 33, "Inner Unique": true, "Merge Cond": "(ml.movie_id = t.id)", "Plans": [{"Node Type": "Merge Join", "Parent Relationship": "Outer", "Join Type": "Inner", "Startup Cost": 2061580986606.33, "Total Cost": 3146410895435.4, "Plan Rows": 11, "Plan Width": 28, "Inner Unique": false, "Merge Cond": "(mk.movie_id = ml.movie_id)", "Plans": [{"Node Type": "Merge Join", "Parent Relationship": "Outer", "Join Type": "Inner", "Startup Cost": 61580965109.01, "Total Cost": 40200287591422.09, "Plan Rows": 37, "Plan Width": 12, "Inner Unique": false, "Merge Cond": "(mc.movie_id = mk.movie_id)", "Plans": [{"Node Type": "Nested Loop", "Parent Relationship": "Outer", "Join Type": "Inner", "Startup Cost": 30000000000.0, "Total Cost": 20100130722186.7, "Plan Rows": 634743, "Plan Width": 8, "Inner Unique": true, "Join Filter": "(ct.id = mc.company_type_id), (LLVM Optimized)", "Plans": [{"Node Type": "Index Scan", "Parent Relationship": "Outer", "Scan Direction": "Forward", "Index Name": "movie_id_movie_companies", "Relation Name": "movie_companies", "Alias": "mc", "Startup Cost": 10000000000.0, "Total Cost": 1000013051946.13, "Plan Rows": 1269486, "Plan Width": 12, "Filter": "(note IS NULL), (LLVM Optimized)"}, {"Node Type": "Materialize", "Parent Relationship": "Inner", "Startup Cost": 10000000000.0, "Total Cost": 1000000001230.26, "Plan Rows": 1, "Plan Width": 4, "Plans": [{"Node Type": "Index Scan", "Parent Relationship": "Outer", "Scan Direction": "Forward", "Index Name": "company_type_pkey", "Relation Name": "company_type", "Alias": "ct", "Startup Cost": 10000000000.0, "Total Cost": 1000000001230.25, "Plan Rows": 1, "Plan Width": 4, "Filter": "((kind)::text = 'production companies'::text)"}]}]}, {"Node Type": "Materialize", "Parent Relationship": "Inner", "Startup Cost": 30000000000.0, "Total Cost": 20100156867647.98, "Plan Rows": 33, "Plan Width": 4, "Plans": [{"Node Type": "Nested Loop", "Parent Relationship": "Outer", "Join Type": "Inner", "Startup Cost": 30000000000.0, "Total Cost": 20100156867647.9, "Plan Rows": 33, "Plan Width": 4, "Inner Unique": true, "Join Filter": "(k.id = mk.keyword_id)", "Plans": [{"Node Type": "Index Scan", "Parent Relationship": "Outer", "Scan Direction": "Forward", "Index Name": "movie_id_movie_keyword", "Relation Name": "movie_keyword", "Alias": "mk", "Startup Cost": 10000000000.0, "Total Cost": 1000015300634.17, "Plan Rows": 4523929, "Plan Width": 8}, {"Node Type": "Materialize", "Parent Relationship": "Inner", "Startup Cost": 10000000000.0, "Total Cost": 1000000318271.69, "Plan Rows": 1, "Plan Width": 4, "Plans": [{"Node Type": "Index Scan", "Parent Relationship": "Outer", "Scan Direction": "Forward", "Index Name": "keyword_pkey", "Relation Name": "keyword", "Alias": "k", "Startup Cost": 10000000000.0, "Total Cost": 1000000318271.68, "Plan Rows": 1, "Plan Width": 4, "Filter": "((keyword)::text = 'sequel'::text)"}]}]}]}]}, {"Node Type": "Sort", "Parent Relationship": "Inner", "Startup Cost": 2000000021497.31, "Total Cost": 2000000021501.99, "Plan Rows": 1875, "Plan Width": 16, "Sort Key": ["ml.movie_id"], "Plans": [{"Node Type": "Nested Loop", "Parent Relationship": "Outer", "Join Type": "Inner", "Startup Cost": 20000000046.78, "Total Cost": 2000000021395.38, "Plan Rows": 1875, "Plan Width": 16, "Inner Unique": false, "Plans": [{"Node Type": "Index Scan", "Parent Relationship": "Outer", "Scan Direction": "Forward", "Index Name": "link_type_pkey", "Relation Name": "link_type", "Alias": "lt", "Startup Cost": 10000000000.0, "Total Cost": 1000000001254.75, "Plan Rows": 1, "Plan Width": 16, "Filter": "((link)::text ~~ '%follows%'::text)"}, {"Node Type": "Bitmap Heap Scan", "Parent Relationship": "Inner", "Relation Name": "movie_link", "Alias": "ml", "Startup Cost": 10000000046.78, "Total Cost": 1000000020121.88, "Plan Rows": 1875, "Plan Width": 8, "Recheck Cond": "(link_type_id = lt.id)", "Plans": [{"Node Type": "Bitmap Index Scan", "Parent Relationship": "Outer", "Index Name": "link_type_id_movie_link", "Startup Cost": 0.0, "Total Cost": 46.31, "Plan Rows": 1875, "Plan Width": 0, "Index Cond": "(link_type_id = lt.id)"}]}]}]}]}, {"Node Type": "Index Scan", "Parent Relationship": "Inner", "Scan Direction": "Forward", "Index Name": "title_pkey", "Relation Name": "title", "Alias": "t", "Startup Cost": 10000000000.0, "Total Cost": 1000012276204.41, "Plan Rows": 4, "Plan Width": 21, "Filter": "(((title)::text ~~ '%Money%'::text) AND (production_year = 1998))"}]}, {"Node Type": "Index Scan", "Parent Relationship": "Inner", "Scan Direction": "Forward", "Index Name": "company_name_pkey", "Relation Name": "company_name", "Alias": "cn", "Startup Cost": 10000000000.0, "Total Cost": 1000000000028.81, "Plan Rows": 1, "Plan Width": 23, "Index Cond": "(id = mc.company_id)", "Filter": "(((country_code)::text <> '[pl]'::text) AND (((name)::text ~~ '%Film%'::text) OR ((name)::text ~~ '%Warner%'::text)))"}]}]}, "Unique SQL Id": 4121279504}, "explain_analyze_plan": {"Plan": {"Node Type": "Aggregate", "Strategy": "Plain", "Startup Cost": 4403913964515.37, "Total Cost": 4403913964515.38, "Plan Rows": 1, "Plan Width": 144, "Actual Startup Time": 119.137, "Actual Total Time": 119.138, "Actual Rows": 1, "Actual Loops": 1, "Plans": [{"Node Type": "Nested Loop", "Parent Relationship": "Outer", "Join Type": "Inner", "Startup Cost": 2081580986606.33, "Total Cost": 4403913964515.36, "Plan Rows": 1, "Plan Width": 48, "Actual Startup Time": 119.128, "Actual Total Time": 119.128, "Actual Rows": 0, "Actual Loops": 1, "Inner Unique": true, "Plans": [{"Node Type": "Merge Join", "Parent Relationship": "Outer", "Join Type": "Inner", "Startup Cost": 2071580986606.33, "Total Cost": 3403913964486.54, "Plan Rows": 1, "Plan Width": 33, "Actual Startup Time": 119.126, "Actual Total Time": 119.126, "Actual Rows": 0, "Actual Loops": 1, "Inner Unique": true, "Merge Cond": "(ml.movie_id = t.id)", "Plans": [{"Node Type": "Merge Join", "Parent Relationship": "Outer", "Join Type": "Inner", "Startup Cost": 2061580986606.33, "Total Cost": 3146410895435.4, "Plan Rows": 11, "Plan Width": 28, "Actual Startup Time": 119.121, "Actual Total Time": 119.121, "Actual Rows": 0, "Actual Loops": 1, "Inner Unique": false, "Merge Cond": "(mk.movie_id = ml.movie_id)", "Plans": [{"Node Type": "Merge Join", "Parent Relationship": "Outer", "Join Type": "Inner", "Startup Cost": 61580965109.01, "Total Cost": 40200287591422.09, "Plan Rows": 37, "Plan Width": 12, "Actual Startup Time": 119.025, "Actual Total Time": 119.025, "Actual Rows": 1, "Actual Loops": 1, "Inner Unique": false, "Merge Cond": "(mc.movie_id = mk.movie_id)", "Plans": [{"Node Type": "Nested Loop", "Parent Relationship": "Outer", "Join Type": "Inner", "Startup Cost": 30000000000.0, "Total Cost": 20100130722186.7, "Plan Rows": 634743, "Plan Width": 8, "Actual Startup Time": 0.097, "Actual Total Time": 0.996, "Actual Rows": 447, "Actual Loops": 1, "Inner Unique": true, "Join Filter": "(ct.id = mc.company_type_id), (LLVM Optimized)", "Rows Removed by Join Filter": 3, "Plans": [{"Node Type": "Index Scan", "Parent Relationship": "Outer", "Scan Direction": "Forward", "Index Name": "movie_id_movie_companies", "Relation Name": "movie_companies", "Alias": "mc", "Startup Cost": 10000000000.0, "Total Cost": 1000013051946.13, "Plan Rows": 1269486, "Plan Width": 12, "Actual Startup Time": 0.063, "Actual Total Time": 0.698, "Actual Rows": 450, "Actual Loops": 1, "Filter": "(note IS NULL), (LLVM Optimized)", "Rows Removed by Filter": 628}, {"Node Type": "Materialize", "Parent Relationship": "Inner", "Startup Cost": 10000000000.0, "Total Cost": 1000000001230.26, "Plan Rows": 1, "Plan Width": 4, "Actual Startup Time": 0.067, "Actual Total Time": 0.074, "Actual Rows": 450, "Actual Loops": 450, "Plans": [{"Node Type": "Index Scan", "Parent Relationship": "Outer", "Scan Direction": "Forward", "Index Name": "company_type_pkey", "Relation Name": "company_type", "Alias": "ct", "Startup Cost": 10000000000.0, "Total Cost": 1000000001230.25, "Plan Rows": 1, "Plan Width": 4, "Actual Startup Time": 0.016, "Actual Total Time": 0.022, "Actual Rows": 1, "Actual Loops": 1, "Filter": "((kind)::text = 'production companies'::text)", "Rows Removed by Filter": 2}]}]}, {"Node Type": "Materialize", "Parent Relationship": "Inner", "Startup Cost": 30000000000.0, "Total Cost": 20100156867647.98, "Plan Rows": 33, "Plan Width": 4, "Actual Startup Time": 117.959, "Actual Total Time": 117.959, "Actual Rows": 1, "Actual Loops": 1, "Plans": [{"Node Type": "Nested Loop", "Parent Relationship": "Outer", "Join Type": "Inner", "Startup Cost": 30000000000.0, "Total Cost": 20100156867647.9, "Plan Rows": 33, "Plan Width": 4, "Actual Startup Time": 117.952, "Actual Total Time": 117.952, "Actual Rows": 1, "Actual Loops": 1, "Inner Unique": true, "Join Filter": "(k.id = mk.keyword_id)", "Rows Removed by Join Filter": 573, "Plans": [{"Node Type": "Index Scan", "Parent Relationship": "Outer", "Scan Direction": "Forward", "Index Name": "movie_id_movie_keyword", "Relation Name": "movie_keyword", "Alias": "mk", "Startup Cost": 10000000000.0, "Total Cost": 1000015300634.17, "Plan Rows": 4523929, "Plan Width": 8, "Actual Startup Time": 0.028, "Actual Total Time": 0.289, "Actual Rows": 574, "Actual Loops": 1}, {"Node Type": "Materialize", "Parent Relationship": "Inner", "Startup Cost": 10000000000.0, "Total Cost": 1000000318271.69, "Plan Rows": 1, "Plan Width": 4, "Actual Startup Time": 0.573, "Actual Total Time": 117.406, "Actual Rows": 574, "Actual Loops": 574, "Plans": [{"Node Type": "Index Scan", "Parent Relationship": "Outer", "Scan Direction": "Forward", "Index Name": "keyword_pkey", "Relation Name": "keyword", "Alias": "k", "Startup Cost": 10000000000.0, "Total Cost": 1000000318271.68, "Plan Rows": 1, "Plan Width": 4, "Actual Startup Time": 0.517, "Actual Total Time": 117.307, "Actual Rows": 1, "Actual Loops": 1, "Filter": "((keyword)::text = 'sequel'::text)", "Rows Removed by Filter": 134168}]}]}]}]}, {"Node Type": "Sort", "Parent Relationship": "Inner", "Startup Cost": 2000000021497.31, "Total Cost": 2000000021501.99, "Plan Rows": 1875, "Plan Width": 16, "Actual Startup Time": 0.077, "Actual Total Time": 0.077, "Actual Rows": 0, "Actual Loops": 1, "Sort Key": ["ml.movie_id"], "Sort Method": "quicksort", "Sort Space Used": 25, "Sort Space Type": "Memory", "Plans": [{"Node Type": "Nested Loop", "Parent Relationship": "Outer", "Join Type": "Inner", "Startup Cost": 20000000046.78, "Total Cost": 2000000021395.38, "Plan Rows": 1875, "Plan Width": 16, "Actual Startup Time": 0.048, "Actual Total Time": 0.048, "Actual Rows": 0, "Actual Loops": 1, "Inner Unique": false, "Plans": [{"Node Type": "Index Scan", "Parent Relationship": "Outer", "Scan Direction": "Forward", "Index Name": "link_type_pkey", "Relation Name": "link_type", "Alias": "lt", "Startup Cost": 10000000000.0, "Total Cost": 1000000001254.75, "Plan Rows": 1, "Plan Width": 16, "Actual Startup Time": 0.045, "Actual Total Time": 0.045, "Actual Rows": 0, "Actual Loops": 1, "Filter": "((link)::text ~~ '%follows%'::text)", "Rows Removed by Filter": 17}, {"Node Type": "Bitmap Heap Scan", "Parent Relationship": "Inner", "Relation Name": "movie_link", "Alias": "ml", "Startup Cost": 10000000046.78, "Total Cost": 1000000020121.88, "Plan Rows": 1875, "Plan Width": 8, "Actual Startup Time": 0.0, "Actual Total Time": 0.0, "Recheck Cond": "(link_type_id = lt.id)", "Rows Removed by Index Recheck": 0, "Exact Heap Blocks": 0, "Lossy Heap Blocks": 0, "Plans": [{"Node Type": "Bitmap Index Scan", "Parent Relationship": "Outer", "Index Name": "link_type_id_movie_link", "Startup Cost": 0.0, "Total Cost": 46.31, "Plan Rows": 1875, "Plan Width": 0, "Actual Startup Time": 0.0, "Actual Total Time": 0.0, "Index Cond": "(link_type_id = lt.id)"}]}]}]}]}, {"Node Type": "Index Scan", "Parent Relationship": "Inner", "Scan Direction": "Forward", "Index Name": "title_pkey", "Relation Name": "title", "Alias": "t", "Startup Cost": 10000000000.0, "Total Cost": 1000012276204.41, "Plan Rows": 4, "Plan Width": 21, "Actual Startup Time": 0.0, "Actual Total Time": 0.0, "Filter": "(((title)::text ~~ '%Money%'::text) AND (production_year = 1998))", "Rows Removed by Filter": 0}]}, {"Node Type": "Index Scan", "Parent Relationship": "Inner", "Scan Direction": "Forward", "Index Name": "company_name_pkey", "Relation Name": "company_name", "Alias": "cn", "Startup Cost": 10000000000.0, "Total Cost": 1000000000028.81, "Plan Rows": 1, "Plan Width": 23, "Actual Startup Time": 0.0, "Actual Total Time": 0.0, "Index Cond": "(id = mc.company_id)", "Rows Removed by Index Recheck": 0, "Filter": "(((country_code)::text <> '[pl]'::text) AND (((name)::text ~~ '%Film%'::text) OR ((name)::text ~~ '%Warner%'::text)))", "Rows Removed by Filter": 0}]}]}, "Triggers": [], "Planner Runtime": 172.851, "Total Runtime": 129.12, "Unique SQL Id": 4121279504}}, "(64, 92)": {"explain_plan": {"Plan": {"Node Type": "Aggregate", "Strategy": "Plain", "Startup Cost": 2585.63, "Total Cost": 2585.64, "Plan Rows": 1, "Plan Width": 144, "Plans": [{"Node Type": "Nested Loop", "Parent Relationship": "Outer", "Join Type": "Inner", "Startup Cost": 0.0, "Total Cost": 2585.62, "Plan Rows": 1, "Plan Width": 48, "Inner Unique": true, "Plans": [{"Node Type": "Nested Loop", "Parent Relationship": "Outer", "Join Type": "Inner", "Startup Cost": 0.0, "Total Cost": 2585.34, "Plan Rows": 1, "Plan Width": 40, "Inner Unique": false, "Join Filter": "(t.id = ml.movie_id)", "Plans": [{"Node Type": "Nested Loop", "Parent Relationship": "Outer", "Join Type": "Inner", "Startup Cost": 0.0, "Total Cost": 2584.93, "Plan Rows": 1, "Plan Width": 48, "Inner Unique": true, "Plans": [{"Node Type": "Nested Loop", "Parent Relationship": "Outer", "Join Type": "Inner", "Startup Cost": 0.0, "Total Cost": 2584.64, "Plan Rows": 1, "Plan Width": 52, "Inner Unique": true, "Plans": [{"Node Type": "Nested Loop", "Parent Relationship": "Outer", "Join Type": "Inner", "Startup Cost": 0.0, "Total Cost": 2584.35, "Plan Rows": 1, "Plan Width": 37, "Inner Unique": false, "Join Filter": "(t.id = mc.movie_id)", "Plans": [{"Node Type": "Nested Loop", "Parent Relationship": "Outer", "Join Type": "Inner", "Startup Cost": 0.0, "Total Cost": 2584.01, "Plan Rows": 1, "Plan Width": 25, "Inner Unique": true, "Plans": [{"Node Type": "Nested Loop", "Parent Relationship": "Outer", "Join Type": "Inner", "Startup Cost": 0.0, "Total Cost": 2573.32, "Plan Rows": 33, "Plan Width": 4, "Inner Unique": false, "Plans": [{"Node Type": "Seq Scan", "Parent Relationship": "Outer", "Relation Name": "keyword", "Alias": "k", "Startup Cost": 0.0, "Total Cost": 2436.11, "Plan Rows": 1, "Plan Width": 4, "Filter": "((keyword)::text = 'sequel'::text)"}, {"Node Type": "Index Scan", "Parent Relationship": "Inner", "Scan Direction": "Forward", "Index Name": "keyword_id_movie_keyword", "Relation Name": "movie_keyword", "Alias": "mk", "Startup Cost": 0.0, "Total Cost": 136.88, "Plan Rows": 33, "Plan Width": 8, "Index Cond": "(keyword_id = k.id)"}]}, {"Node Type": "Index Scan", "Parent Relationship": "Inner", "Scan Direction": "Forward", "Index Name": "title_pkey", "Relation Name": "title", "Alias": "t", "Startup Cost": 0.0, "Total Cost": 0.31, "Plan Rows": 1, "Plan Width": 21, "Index Cond": "(id = mk.movie_id)", "Filter": "(((title)::text ~~ '%Money%'::text) AND (production_year = 1998))"}]}, {"Node Type": "Index Scan", "Parent Relationship": "Inner", "Scan Direction": "Forward", "Index Name": "movie_id_movie_companies", "Relation Name": "movie_companies", "Alias": "mc", "Startup Cost": 0.0, "Total Cost": 0.31, "Plan Rows": 2, "Plan Width": 12, "Index Cond": "(movie_id = mk.movie_id)", "Filter": "(note IS NULL)"}]}, {"Node Type": "Index Scan", "Parent Relationship": "Inner", "Scan Direction": "Forward", "Index Name": "company_name_pkey", "Relation Name": "company_name", "Alias": "cn", "Startup Cost": 0.0, "Total Cost": 0.29, "Plan Rows": 1, "Plan Width": 23, "Index Cond": "(id = mc.company_id)", "Filter": "(((country_code)::text <> '[pl]'::text) AND (((name)::text ~~ '%Film%'::text) OR ((name)::text ~~ '%Warner%'::text)))"}]}, {"Node Type": "Index Scan", "Parent Relationship": "Inner", "Scan Direction": "Forward", "Index Name": "company_type_pkey", "Relation Name": "company_type", "Alias": "ct", "Startup Cost": 0.0, "Total Cost": 0.27, "Plan Rows": 1, "Plan Width": 4, "Index Cond": "(id = mc.company_type_id)", "Filter": "((kind)::text = 'production companies'::text)"}]}, {"Node Type": "Index Scan", "Parent Relationship": "Inner", "Scan Direction": "Forward", "Index Name": "movie_id_movie_link", "Relation Name": "movie_link", "Alias": "ml", "Startup Cost": 0.0, "Total Cost": 0.35, "Plan Rows": 5, "Plan Width": 8, "Index Cond": "(movie_id = mk.movie_id)"}]}, {"Node Type": "Index Scan", "Parent Relationship": "Inner", "Scan Direction": "Forward", "Index Name": "link_type_pkey", "Relation Name": "link_type", "Alias": "lt", "Startup Cost": 0.0, "Total Cost": 0.27, "Plan Rows": 1, "Plan Width": 16, "Index Cond": "(id = ml.link_type_id)", "Filter": "((link)::text ~~ '%follows%'::text)"}]}]}, "Unique SQL Id": 4121279504}, "explain_analyze_plan": {"Plan": {"Node Type": "Aggregate", "Strategy": "Plain", "Startup Cost": 2585.63, "Total Cost": 2585.64, "Plan Rows": 1, "Plan Width": 144, "Actual Startup Time": 120.206, "Actual Total Time": 120.207, "Actual Rows": 1, "Actual Loops": 1, "Plans": [{"Node Type": "Nested Loop", "Parent Relationship": "Outer", "Join Type": "Inner", "Startup Cost": 0.0, "Total Cost": 2585.62, "Plan Rows": 1, "Plan Width": 48, "Actual Startup Time": 120.199, "Actual Total Time": 120.199, "Actual Rows": 0, "Actual Loops": 1, "Inner Unique": true, "Plans": [{"Node Type": "Nested Loop", "Parent Relationship": "Outer", "Join Type": "Inner", "Startup Cost": 0.0, "Total Cost": 2585.34, "Plan Rows": 1, "Plan Width": 40, "Actual Startup Time": 2.804, "Actual Total Time": 120.112, "Actual Rows": 38, "Actual Loops": 1, "Inner Unique": false, "Join Filter": "(t.id = ml.movie_id)", "Rows Removed by Join Filter": 0, "Plans": [{"Node Type": "Nested Loop", "Parent Relationship": "Outer", "Join Type": "Inner", "Startup Cost": 0.0, "Total Cost": 2584.93, "Plan Rows": 1, "Plan Width": 48, "Actual Startup Time": 2.79, "Actual Total Time": 120.066, "Actual Rows": 2, "Actual Loops": 1, "Inner Unique": true, "Plans": [{"Node Type": "Nested Loop", "Parent Relationship": "Outer", "Join Type": "Inner", "Startup Cost": 0.0, "Total Cost": 2584.64, "Plan Rows": 1, "Plan Width": 52, "Actual Startup Time": 2.781, "Actual Total Time": 120.052, "Actual Rows": 2, "Actual Loops": 1, "Inner Unique": true, "Plans": [{"Node Type": "Nested Loop", "Parent Relationship": "Outer", "Join Type": "Inner", "Startup Cost": 0.0, "Total Cost": 2584.35, "Plan Rows": 1, "Plan Width": 37, "Actual Startup Time": 2.759, "Actual Total Time": 120.009, "Actual Rows": 3, "Actual Loops": 1, "Inner Unique": false, "Join Filter": "(t.id = mc.movie_id)", "Rows Removed by Join Filter": 0, "Plans": [{"Node Type": "Nested Loop", "Parent Relationship": "Outer", "Join Type": "Inner", "Startup Cost": 0.0, "Total Cost": 2584.01, "Plan Rows": 1, "Plan Width": 25, "Actual Startup Time": 2.739, "Actual Total Time": 119.985, "Actual Rows": 1, "Actual Loops": 1, "Inner Unique": true, "Plans": [{"Node Type": "Nested Loop", "Parent Relationship": "Outer", "Join Type": "Inner", "Startup Cost": 0.0, "Total Cost": 2573.32, "Plan Rows": 33, "Plan Width": 4, "Actual Startup Time": 2.392, "Actual Total Time": 59.078, "Actual Rows": 10544, "Actual Loops": 1, "Inner Unique": false, "Plans": [{"Node Type": "Seq Scan", "Parent Relationship": "Outer", "Relation Name": "keyword", "Alias": "k", "Startup Cost": 0.0, "Total Cost": 2436.11, "Plan Rows": 1, "Plan Width": 4, "Actual Startup Time": 2.347, "Actual Total Time": 41.646, "Actual Rows": 1, "Actual Loops": 1, "Filter": "((keyword)::text = 'sequel'::text)", "Rows Removed by Filter": 134168}, {"Node Type": "Index Scan", "Parent Relationship": "Inner", "Scan Direction": "Forward", "Index Name": "keyword_id_movie_keyword", "Relation Name": "movie_keyword", "Alias": "mk", "Startup Cost": 0.0, "Total Cost": 136.88, "Plan Rows": 33, "Plan Width": 8, "Actual Startup Time": 0.038, "Actual Total Time": 15.158, "Actual Rows": 10544, "Actual Loops": 1, "Index Cond": "(keyword_id = k.id)", "Rows Removed by Index Recheck": 0}]}, {"Node Type": "Index Scan", "Parent Relationship": "Inner", "Scan Direction": "Forward", "Index Name": "title_pkey", "Relation Name": "title", "Alias": "t", "Startup Cost": 0.0, "Total Cost": 0.31, "Plan Rows": 1, "Plan Width": 21, "Actual Startup Time": 55.67, "Actual Total Time": 55.67, "Actual Rows": 1, "Actual Loops": 10544, "Index Cond": "(id = mk.movie_id)", "Rows Removed by Index Recheck": 0, "Filter": "(((title)::text ~~ '%Money%'::text) AND (production_year = 1998))", "Rows Removed by Filter": 10543}]}, {"Node Type": "Index Scan", "Parent Relationship": "Inner", "Scan Direction": "Forward", "Index Name": "movie_id_movie_companies", "Relation Name": "movie_companies", "Alias": "mc", "Startup Cost": 0.0, "Total Cost": 0.31, "Plan Rows": 2, "Plan Width": 12, "Actual Startup Time": 0.016, "Actual Total Time": 0.017, "Actual Rows": 3, "Actual Loops": 1, "Index Cond": "(movie_id = mk.movie_id)", "Rows Removed by Index Recheck": 0, "Filter": "(note IS NULL)", "Rows Removed by Filter": 1}]}, {"Node Type": "Index Scan", "Parent Relationship": "Inner", "Scan Direction": "Forward", "Index Name": "company_name_pkey", "Relation Name": "company_name", "Alias": "cn", "Startup Cost": 0.0, "Total Cost": 0.29, "Plan Rows": 1, "Plan Width": 23, "Actual Startup Time": 0.038, "Actual Total Time": 0.038, "Actual Rows": 2, "Actual Loops": 3, "Index Cond": "(id = mc.company_id)", "Rows Removed by Index Recheck": 0, "Filter": "(((country_code)::text <> '[pl]'::text) AND (((name)::text ~~ '%Film%'::text) OR ((name)::text ~~ '%Warner%'::text)))", "Rows Removed by Filter": 1}]}, {"Node Type": "Index Scan", "Parent Relationship": "Inner", "Scan Direction": "Forward", "Index Name": "company_type_pkey", "Relation Name": "company_type", "Alias": "ct", "Startup Cost": 0.0, "Total Cost": 0.27, "Plan Rows": 1, "Plan Width": 4, "Actual Startup Time": 0.01, "Actual Total Time": 0.01, "Actual Rows": 2, "Actual Loops": 2, "Index Cond": "(id = mc.company_type_id)", "Rows Removed by Index Recheck": 0, "Filter": "((kind)::text = 'production companies'::text)", "Rows Removed by Filter": 0}]}, {"Node Type": "Index Scan", "Parent Relationship": "Inner", "Scan Direction": "Forward", "Index Name": "movie_id_movie_link", "Relation Name": "movie_link", "Alias": "ml", "Startup Cost": 0.0, "Total Cost": 0.35, "Plan Rows": 5, "Plan Width": 8, "Actual Startup Time": 0.015, "Actual Total Time": 0.031, "Actual Rows": 38, "Actual Loops": 2, "Index Cond": "(movie_id = mk.movie_id)", "Rows Removed by Index Recheck": 0}]}, {"Node Type": "Index Scan", "Parent Relationship": "Inner", "Scan Direction": "Forward", "Index Name": "link_type_pkey", "Relation Name": "link_type", "Alias": "lt", "Startup Cost": 0.0, "Total Cost": 0.27, "Plan Rows": 1, "Plan Width": 16, "Actual Startup Time": 0.063, "Actual Total Time": 0.063, "Actual Rows": 0, "Actual Loops": 38, "Index Cond": "(id = ml.link_type_id)", "Rows Removed by Index Recheck": 0, "Filter": "((link)::text ~~ '%follows%'::text)", "Rows Removed by Filter": 24}]}]}, "Triggers": [], "Planner Runtime": 76.567, "Total Runtime": 120.592, "Unique SQL Id": 4121279504}}, "(64, 93)": {"explain_plan": {"Plan": {"Node Type": "Aggregate", "Strategy": "Plain", "Startup Cost": 3332.23, "Total Cost": 3332.24, "Plan Rows": 1, "Plan Width": 144, "Plans": [{"Node Type": "Nested Loop", "Parent Relationship": "Outer", "Join Type": "Inner", "Startup Cost": 0.0, "Total Cost": 3332.23, "Plan Rows": 1, "Plan Width": 48, "Inner Unique": true, "Plans": [{"Node Type": "Nested Loop", "Parent Relationship": "Outer", "Join Type": "Inner", "Startup Cost": 0.0, "Total Cost": 3331.94, "Plan Rows": 1, "Plan Width": 40, "Inner Unique": false, "Join Filter": "(t.id = ml.movie_id)", "Plans": [{"Node Type": "Nested Loop", "Parent Relationship": "Outer", "Join Type": "Inner", "Startup Cost": 0.0, "Total Cost": 3331.53, "Plan Rows": 1, "Plan Width": 48, "Inner Unique": true, "Plans": [{"Node Type": "Nested Loop", "Parent Relationship": "Outer", "Join Type": "Inner", "Startup Cost": 0.0, "Total Cost": 3331.25, "Plan Rows": 1, "Plan Width": 52, "Inner Unique": true, "Plans": [{"Node Type": "Nested Loop", "Parent Relationship": "Outer", "Join Type": "Inner", "Startup Cost": 0.0, "Total Cost": 3330.95, "Plan Rows": 1, "Plan Width": 37, "Inner Unique": false, "Join Filter": "(t.id = mc.movie_id)", "Plans": [{"Node Type": "Nested Loop", "Parent Relationship": "Outer", "Join Type": "Inner", "Startup Cost": 0.0, "Total Cost": 3330.61, "Plan Rows": 1, "Plan Width": 25, "Inner Unique": true, "Plans": [{"Node Type": "Nested Loop", "Parent Relationship": "Outer", "Join Type": "Inner", "Startup Cost": 0.0, "Total Cost": 3319.92, "Plan Rows": 33, "Plan Width": 4, "Inner Unique": false, "Plans": [{"Node Type": "Index Scan", "Parent Relationship": "Outer", "Scan Direction": "Forward", "Index Name": "keyword_pkey", "Relation Name": "keyword", "Alias": "k", "Startup Cost": 0.0, "Total Cost": 3182.72, "Plan Rows": 1, "Plan Width": 4, "Filter": "((keyword)::text = 'sequel'::text)"}, {"Node Type": "Index Scan", "Parent Relationship": "Inner", "Scan Direction": "Forward", "Index Name": "keyword_id_movie_keyword", "Relation Name": "movie_keyword", "Alias": "mk", "Startup Cost": 0.0, "Total Cost": 136.88, "Plan Rows": 33, "Plan Width": 8, "Index Cond": "(keyword_id = k.id)"}]}, {"Node Type": "Index Scan", "Parent Relationship": "Inner", "Scan Direction": "Forward", "Index Name": "title_pkey", "Relation Name": "title", "Alias": "t", "Startup Cost": 0.0, "Total Cost": 0.31, "Plan Rows": 1, "Plan Width": 21, "Index Cond": "(id = mk.movie_id)", "Filter": "(((title)::text ~~ '%Money%'::text) AND (production_year = 1998))"}]}, {"Node Type": "Index Scan", "Parent Relationship": "Inner", "Scan Direction": "Forward", "Index Name": "movie_id_movie_companies", "Relation Name": "movie_companies", "Alias": "mc", "Startup Cost": 0.0, "Total Cost": 0.31, "Plan Rows": 2, "Plan Width": 12, "Index Cond": "(movie_id = mk.movie_id)", "Filter": "(note IS NULL)"}]}, {"Node Type": "Index Scan", "Parent Relationship": "Inner", "Scan Direction": "Forward", "Index Name": "company_name_pkey", "Relation Name": "company_name", "Alias": "cn", "Startup Cost": 0.0, "Total Cost": 0.29, "Plan Rows": 1, "Plan Width": 23, "Index Cond": "(id = mc.company_id)", "Filter": "(((country_code)::text <> '[pl]'::text) AND (((name)::text ~~ '%Film%'::text) OR ((name)::text ~~ '%Warner%'::text)))"}]}, {"Node Type": "Index Scan", "Parent Relationship": "Inner", "Scan Direction": "Forward", "Index Name": "company_type_pkey", "Relation Name": "company_type", "Alias": "ct", "Startup Cost": 0.0, "Total Cost": 0.27, "Plan Rows": 1, "Plan Width": 4, "Index Cond": "(id = mc.company_type_id)", "Filter": "((kind)::text = 'production companies'::text)"}]}, {"Node Type": "Index Scan", "Parent Relationship": "Inner", "Scan Direction": "Forward", "Index Name": "movie_id_movie_link", "Relation Name": "movie_link", "Alias": "ml", "Startup Cost": 0.0, "Total Cost": 0.35, "Plan Rows": 5, "Plan Width": 8, "Index Cond": "(movie_id = mk.movie_id)"}]}, {"Node Type": "Index Scan", "Parent Relationship": "Inner", "Scan Direction": "Forward", "Index Name": "link_type_pkey", "Relation Name": "link_type", "Alias": "lt", "Startup Cost": 0.0, "Total Cost": 0.27, "Plan Rows": 1, "Plan Width": 16, "Index Cond": "(id = ml.link_type_id)", "Filter": "((link)::text ~~ '%follows%'::text)"}]}]}, "Unique SQL Id": 4121279504}, "explain_analyze_plan": {"Plan": {"Node Type": "Aggregate", "Strategy": "Plain", "Startup Cost": 3332.23, "Total Cost": 3332.24, "Plan Rows": 1, "Plan Width": 144, "Actual Startup Time": 195.478, "Actual Total Time": 195.479, "Actual Rows": 1, "Actual Loops": 1, "Plans": [{"Node Type": "Nested Loop", "Parent Relationship": "Outer", "Join Type": "Inner", "Startup Cost": 0.0, "Total Cost": 3332.23, "Plan Rows": 1, "Plan Width": 48, "Actual Startup Time": 195.466, "Actual Total Time": 195.466, "Actual Rows": 0, "Actual Loops": 1, "Inner Unique": true, "Plans": [{"Node Type": "Nested Loop", "Parent Relationship": "Outer", "Join Type": "Inner", "Startup Cost": 0.0, "Total Cost": 3331.94, "Plan Rows": 1, "Plan Width": 40, "Actual Startup Time": 1.022, "Actual Total Time": 195.379, "Actual Rows": 38, "Actual Loops": 1, "Inner Unique": false, "Join Filter": "(t.id = ml.movie_id)", "Rows Removed by Join Filter": 0, "Plans": [{"Node Type": "Nested Loop", "Parent Relationship": "Outer", "Join Type": "Inner", "Startup Cost": 0.0, "Total Cost": 3331.53, "Plan Rows": 1, "Plan Width": 48, "Actual Startup Time": 1.006, "Actual Total Time": 195.329, "Actual Rows": 2, "Actual Loops": 1, "Inner Unique": true, "Plans": [{"Node Type": "Nested Loop", "Parent Relationship": "Outer", "Join Type": "Inner", "Startup Cost": 0.0, "Total Cost": 3331.25, "Plan Rows": 1, "Plan Width": 52, "Actual Startup Time": 0.993, "Actual Total Time": 195.312, "Actual Rows": 2, "Actual Loops": 1, "Inner Unique": true, "Plans": [{"Node Type": "Nested Loop", "Parent Relationship": "Outer", "Join Type": "Inner", "Startup Cost": 0.0, "Total Cost": 3330.95, "Plan Rows": 1, "Plan Width": 37, "Actual Startup Time": 0.971, "Actual Total Time": 195.27, "Actual Rows": 3, "Actual Loops": 1, "Inner Unique": false, "Join Filter": "(t.id = mc.movie_id)", "Rows Removed by Join Filter": 0, "Plans": [{"Node Type": "Nested Loop", "Parent Relationship": "Outer", "Join Type": "Inner", "Startup Cost": 0.0, "Total Cost": 3330.61, "Plan Rows": 1, "Plan Width": 25, "Actual Startup Time": 0.949, "Actual Total Time": 195.245, "Actual Rows": 1, "Actual Loops": 1, "Inner Unique": true, "Plans": [{"Node Type": "Nested Loop", "Parent Relationship": "Outer", "Join Type": "Inner", "Startup Cost": 0.0, "Total Cost": 3319.92, "Plan Rows": 33, "Plan Width": 4, "Actual Startup Time": 0.597, "Actual Total Time": 133.24, "Actual Rows": 10544, "Actual Loops": 1, "Inner Unique": false, "Plans": [{"Node Type": "Index Scan", "Parent Relationship": "Outer", "Scan Direction": "Forward", "Index Name": "keyword_pkey", "Relation Name": "keyword", "Alias": "k", "Startup Cost": 0.0, "Total Cost": 3182.72, "Plan Rows": 1, "Plan Width": 4, "Actual Startup Time": 0.557, "Actual Total Time": 115.424, "Actual Rows": 1, "Actual Loops": 1, "Filter": "((keyword)::text = 'sequel'::text)", "Rows Removed by Filter": 134168}, {"Node Type": "Index Scan", "Parent Relationship": "Inner", "Scan Direction": "Forward", "Index Name": "keyword_id_movie_keyword", "Relation Name": "movie_keyword", "Alias": "mk", "Startup Cost": 0.0, "Total Cost": 136.88, "Plan Rows": 33, "Plan Width": 8, "Actual Startup Time": 0.033, "Actual Total Time": 15.557, "Actual Rows": 10544, "Actual Loops": 1, "Index Cond": "(keyword_id = k.id)", "Rows Removed by Index Recheck": 0}]}, {"Node Type": "Index Scan", "Parent Relationship": "Inner", "Scan Direction": "Forward", "Index Name": "title_pkey", "Relation Name": "title", "Alias": "t", "Startup Cost": 0.0, "Total Cost": 0.31, "Plan Rows": 1, "Plan Width": 21, "Actual Startup Time": 56.68, "Actual Total Time": 56.68, "Actual Rows": 1, "Actual Loops": 10544, "Index Cond": "(id = mk.movie_id)", "Rows Removed by Index Recheck": 0, "Filter": "(((title)::text ~~ '%Money%'::text) AND (production_year = 1998))", "Rows Removed by Filter": 10543}]}, {"Node Type": "Index Scan", "Parent Relationship": "Inner", "Scan Direction": "Forward", "Index Name": "movie_id_movie_companies", "Relation Name": "movie_companies", "Alias": "mc", "Startup Cost": 0.0, "Total Cost": 0.31, "Plan Rows": 2, "Plan Width": 12, "Actual Startup Time": 0.019, "Actual Total Time": 0.022, "Actual Rows": 3, "Actual Loops": 1, "Index Cond": "(movie_id = mk.movie_id)", "Rows Removed by Index Recheck": 0, "Filter": "(note IS NULL)", "Rows Removed by Filter": 1}]}, {"Node Type": "Index Scan", "Parent Relationship": "Inner", "Scan Direction": "Forward", "Index Name": "company_name_pkey", "Relation Name": "company_name", "Alias": "cn", "Startup Cost": 0.0, "Total Cost": 0.29, "Plan Rows": 1, "Plan Width": 23, "Actual Startup Time": 0.038, "Actual Total Time": 0.038, "Actual Rows": 2, "Actual Loops": 3, "Index Cond": "(id = mc.company_id)", "Rows Removed by Index Recheck": 0, "Filter": "(((country_code)::text <> '[pl]'::text) AND (((name)::text ~~ '%Film%'::text) OR ((name)::text ~~ '%Warner%'::text)))", "Rows Removed by Filter": 1}]}, {"Node Type": "Index Scan", "Parent Relationship": "Inner", "Scan Direction": "Forward", "Index Name": "company_type_pkey", "Relation Name": "company_type", "Alias": "ct", "Startup Cost": 0.0, "Total Cost": 0.27, "Plan Rows": 1, "Plan Width": 4, "Actual Startup Time": 0.013, "Actual Total Time": 0.013, "Actual Rows": 2, "Actual Loops": 2, "Index Cond": "(id = mc.company_type_id)", "Rows Removed by Index Recheck": 0, "Filter": "((kind)::text = 'production companies'::text)", "Rows Removed by Filter": 0}]}, {"Node Type": "Index Scan", "Parent Relationship": "Inner", "Scan Direction": "Forward", "Index Name": "movie_id_movie_link", "Relation Name": "movie_link", "Alias": "ml", "Startup Cost": 0.0, "Total Cost": 0.35, "Plan Rows": 5, "Plan Width": 8, "Actual Startup Time": 0.017, "Actual Total Time": 0.028, "Actual Rows": 38, "Actual Loops": 2, "Index Cond": "(movie_id = mk.movie_id)", "Rows Removed by Index Recheck": 0}]}, {"Node Type": "Index Scan", "Parent Relationship": "Inner", "Scan Direction": "Forward", "Index Name": "link_type_pkey", "Relation Name": "link_type", "Alias": "lt", "Startup Cost": 0.0, "Total Cost": 0.27, "Plan Rows": 1, "Plan Width": 16, "Actual Startup Time": 0.066, "Actual Total Time": 0.066, "Actual Rows": 0, "Actual Loops": 38, "Index Cond": "(id = ml.link_type_id)", "Rows Removed by Index Recheck": 0, "Filter": "((link)::text ~~ '%follows%'::text)", "Rows Removed by Filter": 24}]}]}, "Triggers": [], "Planner Runtime": 69.692, "Total Runtime": 195.978, "Unique SQL Id": 4121279504}}, "(64, 94)": {"explain_plan": {"Plan": {"Node Type": "Aggregate", "Strategy": "Plain", "Startup Cost": 14501298689.04, "Total Cost": 14501298689.05, "Plan Rows": 1, "Plan Width": 144, "Plans": [{"Node Type": "Merge Join", "Parent Relationship": "Outer", "Join Type": "Inner", "Startup Cost": 14501298689.01, "Total Cost": 14501298689.03, "Plan Rows": 1, "Plan Width": 48, "Inner Unique": true, "Merge Cond": "(ml.link_type_id = lt.id)", "Plans": [{"Node Type": "Sort", "Parent Relationship": "Outer", "Startup Cost": 14501298687.79, "Total Cost": 14501298687.79, "Plan Rows": 1, "Plan Width": 40, "Sort Key": ["ml.link_type_id"], "Plans": [{"Node Type": "Merge Join", "Parent Relationship": "Outer", "Join Type": "Inner", "Startup Cost": 14501298687.75, "Total Cost": 14501298687.78, "Plan Rows": 1, "Plan Width": 40, "Inner Unique": true, "Merge Cond": "(mc.company_type_id = ct.id)", "Plans": [{"Node Type": "Sort", "Parent Relationship": "Outer", "Startup Cost": 14501298686.7, "Total Cost": 14501298686.71, "Plan Rows": 2, "Plan Width": 44, "Sort Key": ["mc.company_type_id"], "Plans": [{"Node Type": "Merge Join", "Parent Relationship": "Outer", "Join Type": "Inner", "Startup Cost": 14501298686.05, "Total Cost": 14501298686.69, "Plan Rows": 2, "Plan Width": 44, "Inner Unique": true, "Merge Cond": "(mk.keyword_id = k.id)", "Plans": [{"Node Type": "Sort", "Parent Relationship": "Outer", "Startup Cost": 14501296249.93, "Total Cost": 14501296250.24, "Plan Rows": 124, "Plan Width": 48, "Sort Key": ["mk.keyword_id"], "Plans": [{"Node Type": "Merge Join", "Parent Relationship": "Outer", "Join Type": "Inner", "Startup Cost": 10000797662.5, "Total Cost": 14501296245.62, "Plan Rows": 124, "Plan Width": 48, "Inner Unique": false, "Merge Cond": "(t.id = ml.movie_id)", "Plans": [{"Node Type": "Nested Loop", "Parent Relationship": "Outer", "Join Type": "Inner", "Startup Cost": 10000795000.96, "Total Cost": 100010763644.94, "Plan Rows": 20, "Plan Width": 56, "Inner Unique": true, "Join Filter": "(mk.movie_id = t.id)", "Plans": [{"Node Type": "Merge Join", "Parent Relationship": "Outer", "Join Type": "Inner", "Startup Cost": 795000.96, "Total Cost": 847228.0, "Plan Rows": 2750005, "Plan Width": 35, "Inner Unique": false, "Merge Cond": "(mc.movie_id = mk.movie_id)", "Plans": [{"Node Type": "Sort", "Parent Relationship": "Outer", "Startup Cost": 232458.5, "Total Cost": 233514.05, "Plan Rows": 422221, "Plan Width": 27, "Sort Key": ["mc.movie_id"], "Plans": [{"Node Type": "Merge Join", "Parent Relationship": "Outer", "Join Type": "Inner", "Startup Cost": 182314.23, "Total Cost": 193006.93, "Plan Rows": 422221, "Plan Width": 27, "Inner Unique": false, "Merge Cond": "(cn.id = mc.company_id)", "Plans": [{"Node Type": "Sort", "Parent Relationship": "Outer", "Startup Cost": 11632.71, "Total Cost": 11776.71, "Plan Rows": 57599, "Plan Width": 23, "Sort Key": ["cn.id"], "Plans": [{"Node Type": "Seq Scan", "Parent Relationship": "Outer", "Relation Name": "company_name", "Alias": "cn", "Startup Cost": 0.0, "Total Cost": 7078.43, "Plan Rows": 57599, "Plan Width": 23, "Filter": "(((country_code)::text <> '[pl]'::text) AND (((name)::text ~~ '%Film%'::text) OR ((name)::text ~~ '%Warner%'::text)))"}]}, {"Node Type": "Sort", "Parent Relationship": "Inner", "Startup Cost": 170516.58, "Total Cost": 173690.3, "Plan Rows": 1269486, "Plan Width": 12, "Sort Key": ["mc.company_id"], "Plans": [{"Node Type": "Seq Scan", "Parent Relationship": "Outer", "Relation Name": "movie_companies", "Alias": "mc", "Startup Cost": 0.0, "Total Cost": 41817.28, "Plan Rows": 1269486, "Plan Width": 12, "Filter": "(note IS NULL), (LLVM Optimized)"}]}]}]}, {"Node Type": "Sort", "Parent Relationship": "Inner", "Startup Cost": 562542.3, "Total Cost": 573852.12, "Plan Rows": 4523929, "Plan Width": 8, "Sort Key": ["mk.movie_id"], "Plans": [{"Node Type": "Seq Scan", "Parent Relationship": "Outer", "Relation Name": "movie_keyword", "Alias": "mk", "Startup Cost": 0.0, "Total Cost": 62441.29, "Plan Rows": 4523929, "Plan Width": 8}]}]}, {"Node Type": "Materialize", "Parent Relationship": "Inner", "Startup Cost": 0.0, "Total Cost": 64136.21, "Plan Rows": 4, "Plan Width": 21, "Plans": [{"Node Type": "Streaming(type: LOCAL GATHER dop: 1/64)", "Parent Relationship": "Outer", "Startup Cost": 0.0, "Total Cost": 64136.19, "Plan Rows": 4, "Plan Width": 21, "Plans": [{"Node Type": "Seq Scan", "Parent Relationship": "Outer", "Relation Name": "title", "Alias": "t", "Startup Cost": 0.0, "Total Cost": 64136.1, "Plan Rows": 4, "Plan Width": 21, "Filter": "(((title)::text ~~ '%Money%'::text) AND (production_year = 1998))"}]}]}]}, {"Node Type": "Sort", "Parent Relationship": "Inner", "Startup Cost": 2661.53, "Total Cost": 2736.52, "Plan Rows": 29996, "Plan Width": 8, "Sort Key": ["ml.movie_id"], "Plans": [{"Node Type": "Seq Scan", "Parent Relationship": "Outer", "Relation Name": "movie_link", "Alias": "ml", "Startup Cost": 0.0, "Total Cost": 430.96, "Plan Rows": 29996, "Plan Width": 8}]}]}]}, {"Node Type": "Sort", "Parent Relationship": "Inner", "Startup Cost": 2436.12, "Total Cost": 2436.13, "Plan Rows": 1, "Plan Width": 4, "Sort Key": ["k.id"], "Plans": [{"Node Type": "Seq Scan", "Parent Relationship": "Outer", "Relation Name": "keyword", "Alias": "k", "Startup Cost": 0.0, "Total Cost": 2436.11, "Plan Rows": 1, "Plan Width": 4, "Filter": "((keyword)::text = 'sequel'::text)"}]}]}]}, {"Node Type": "Sort", "Parent Relationship": "Inner", "Startup Cost": 1.05, "Total Cost": 1.05, "Plan Rows": 1, "Plan Width": 4, "Sort Key": ["ct.id"], "Plans": [{"Node Type": "Seq Scan", "Parent Relationship": "Outer", "Relation Name": "company_type", "Alias": "ct", "Startup Cost": 0.0, "Total Cost": 1.04, "Plan Rows": 1, "Plan Width": 4, "Filter": "((kind)::text = 'production companies'::text)"}]}]}]}, {"Node Type": "Sort", "Parent Relationship": "Inner", "Startup Cost": 1.22, "Total Cost": 1.23, "Plan Rows": 1, "Plan Width": 16, "Sort Key": ["lt.id"], "Plans": [{"Node Type": "Seq Scan", "Parent Relationship": "Outer", "Relation Name": "link_type", "Alias": "lt", "Startup Cost": 0.0, "Total Cost": 1.21, "Plan Rows": 1, "Plan Width": 16, "Filter": "((link)::text ~~ '%follows%'::text)"}]}]}]}, "Unique SQL Id": 4121279504}, "explain_analyze_plan": null}, "(64, 95)": {"explain_plan": {"Plan": {"Node Type": "Aggregate", "Strategy": "Plain", "Startup Cost": 4403913964515.37, "Total Cost": 4403913964515.38, "Plan Rows": 1, "Plan Width": 144, "Plans": [{"Node Type": "Nested Loop", "Parent Relationship": "Outer", "Join Type": "Inner", "Startup Cost": 2081580986606.33, "Total Cost": 4403913964515.36, "Plan Rows": 1, "Plan Width": 48, "Inner Unique": true, "Plans": [{"Node Type": "Merge Join", "Parent Relationship": "Outer", "Join Type": "Inner", "Startup Cost": 2071580986606.33, "Total Cost": 3403913964486.54, "Plan Rows": 1, "Plan Width": 33, "Inner Unique": true, "Merge Cond": "(ml.movie_id = t.id)", "Plans": [{"Node Type": "Merge Join", "Parent Relationship": "Outer", "Join Type": "Inner", "Startup Cost": 2061580986606.33, "Total Cost": 3146410895435.4, "Plan Rows": 11, "Plan Width": 28, "Inner Unique": false, "Merge Cond": "(mk.movie_id = ml.movie_id)", "Plans": [{"Node Type": "Merge Join", "Parent Relationship": "Outer", "Join Type": "Inner", "Startup Cost": 61580965109.01, "Total Cost": 40200287591422.09, "Plan Rows": 37, "Plan Width": 12, "Inner Unique": false, "Merge Cond": "(mc.movie_id = mk.movie_id)", "Plans": [{"Node Type": "Nested Loop", "Parent Relationship": "Outer", "Join Type": "Inner", "Startup Cost": 30000000000.0, "Total Cost": 20100130722186.7, "Plan Rows": 634743, "Plan Width": 8, "Inner Unique": true, "Join Filter": "(ct.id = mc.company_type_id), (LLVM Optimized)", "Plans": [{"Node Type": "Index Scan", "Parent Relationship": "Outer", "Scan Direction": "Forward", "Index Name": "movie_id_movie_companies", "Relation Name": "movie_companies", "Alias": "mc", "Startup Cost": 10000000000.0, "Total Cost": 1000013051946.13, "Plan Rows": 1269486, "Plan Width": 12, "Filter": "(note IS NULL), (LLVM Optimized)"}, {"Node Type": "Materialize", "Parent Relationship": "Inner", "Startup Cost": 10000000000.0, "Total Cost": 1000000001230.26, "Plan Rows": 1, "Plan Width": 4, "Plans": [{"Node Type": "Index Scan", "Parent Relationship": "Outer", "Scan Direction": "Forward", "Index Name": "company_type_pkey", "Relation Name": "company_type", "Alias": "ct", "Startup Cost": 10000000000.0, "Total Cost": 1000000001230.25, "Plan Rows": 1, "Plan Width": 4, "Filter": "((kind)::text = 'production companies'::text)"}]}]}, {"Node Type": "Materialize", "Parent Relationship": "Inner", "Startup Cost": 30000000000.0, "Total Cost": 20100156867647.98, "Plan Rows": 33, "Plan Width": 4, "Plans": [{"Node Type": "Nested Loop", "Parent Relationship": "Outer", "Join Type": "Inner", "Startup Cost": 30000000000.0, "Total Cost": 20100156867647.9, "Plan Rows": 33, "Plan Width": 4, "Inner Unique": true, "Join Filter": "(k.id = mk.keyword_id)", "Plans": [{"Node Type": "Index Scan", "Parent Relationship": "Outer", "Scan Direction": "Forward", "Index Name": "movie_id_movie_keyword", "Relation Name": "movie_keyword", "Alias": "mk", "Startup Cost": 10000000000.0, "Total Cost": 1000015300634.17, "Plan Rows": 4523929, "Plan Width": 8}, {"Node Type": "Materialize", "Parent Relationship": "Inner", "Startup Cost": 10000000000.0, "Total Cost": 1000000318271.69, "Plan Rows": 1, "Plan Width": 4, "Plans": [{"Node Type": "Index Scan", "Parent Relationship": "Outer", "Scan Direction": "Forward", "Index Name": "keyword_pkey", "Relation Name": "keyword", "Alias": "k", "Startup Cost": 10000000000.0, "Total Cost": 1000000318271.68, "Plan Rows": 1, "Plan Width": 4, "Filter": "((keyword)::text = 'sequel'::text)"}]}]}]}]}, {"Node Type": "Sort", "Parent Relationship": "Inner", "Startup Cost": 2000000021497.31, "Total Cost": 2000000021501.99, "Plan Rows": 1875, "Plan Width": 16, "Sort Key": ["ml.movie_id"], "Plans": [{"Node Type": "Nested Loop", "Parent Relationship": "Outer", "Join Type": "Inner", "Startup Cost": 20000000046.78, "Total Cost": 2000000021395.38, "Plan Rows": 1875, "Plan Width": 16, "Inner Unique": false, "Plans": [{"Node Type": "Index Scan", "Parent Relationship": "Outer", "Scan Direction": "Forward", "Index Name": "link_type_pkey", "Relation Name": "link_type", "Alias": "lt", "Startup Cost": 10000000000.0, "Total Cost": 1000000001254.75, "Plan Rows": 1, "Plan Width": 16, "Filter": "((link)::text ~~ '%follows%'::text)"}, {"Node Type": "Bitmap Heap Scan", "Parent Relationship": "Inner", "Relation Name": "movie_link", "Alias": "ml", "Startup Cost": 10000000046.78, "Total Cost": 1000000020121.88, "Plan Rows": 1875, "Plan Width": 8, "Recheck Cond": "(link_type_id = lt.id)", "Plans": [{"Node Type": "Bitmap Index Scan", "Parent Relationship": "Outer", "Index Name": "link_type_id_movie_link", "Startup Cost": 0.0, "Total Cost": 46.31, "Plan Rows": 1875, "Plan Width": 0, "Index Cond": "(link_type_id = lt.id)"}]}]}]}]}, {"Node Type": "Index Scan", "Parent Relationship": "Inner", "Scan Direction": "Forward", "Index Name": "title_pkey", "Relation Name": "title", "Alias": "t", "Startup Cost": 10000000000.0, "Total Cost": 1000012276204.41, "Plan Rows": 4, "Plan Width": 21, "Filter": "(((title)::text ~~ '%Money%'::text) AND (production_year = 1998))"}]}, {"Node Type": "Index Scan", "Parent Relationship": "Inner", "Scan Direction": "Forward", "Index Name": "company_name_pkey", "Relation Name": "company_name", "Alias": "cn", "Startup Cost": 10000000000.0, "Total Cost": 1000000000028.81, "Plan Rows": 1, "Plan Width": 23, "Index Cond": "(id = mc.company_id)", "Filter": "(((country_code)::text <> '[pl]'::text) AND (((name)::text ~~ '%Film%'::text) OR ((name)::text ~~ '%Warner%'::text)))"}]}]}, "Unique SQL Id": 4121279504}, "explain_analyze_plan": {"Plan": {"Node Type": "Aggregate", "Strategy": "Plain", "Startup Cost": 4403913964515.37, "Total Cost": 4403913964515.38, "Plan Rows": 1, "Plan Width": 144, "Actual Startup Time": 119.137, "Actual Total Time": 119.138, "Actual Rows": 1, "Actual Loops": 1, "Plans": [{"Node Type": "Nested Loop", "Parent Relationship": "Outer", "Join Type": "Inner", "Startup Cost": 2081580986606.33, "Total Cost": 4403913964515.36, "Plan Rows": 1, "Plan Width": 48, "Actual Startup Time": 119.128, "Actual Total Time": 119.128, "Actual Rows": 0, "Actual Loops": 1, "Inner Unique": true, "Plans": [{"Node Type": "Merge Join", "Parent Relationship": "Outer", "Join Type": "Inner", "Startup Cost": 2071580986606.33, "Total Cost": 3403913964486.54, "Plan Rows": 1, "Plan Width": 33, "Actual Startup Time": 119.126, "Actual Total Time": 119.126, "Actual Rows": 0, "Actual Loops": 1, "Inner Unique": true, "Merge Cond": "(ml.movie_id = t.id)", "Plans": [{"Node Type": "Merge Join", "Parent Relationship": "Outer", "Join Type": "Inner", "Startup Cost": 2061580986606.33, "Total Cost": 3146410895435.4, "Plan Rows": 11, "Plan Width": 28, "Actual Startup Time": 119.121, "Actual Total Time": 119.121, "Actual Rows": 0, "Actual Loops": 1, "Inner Unique": false, "Merge Cond": "(mk.movie_id = ml.movie_id)", "Plans": [{"Node Type": "Merge Join", "Parent Relationship": "Outer", "Join Type": "Inner", "Startup Cost": 61580965109.01, "Total Cost": 40200287591422.09, "Plan Rows": 37, "Plan Width": 12, "Actual Startup Time": 119.025, "Actual Total Time": 119.025, "Actual Rows": 1, "Actual Loops": 1, "Inner Unique": false, "Merge Cond": "(mc.movie_id = mk.movie_id)", "Plans": [{"Node Type": "Nested Loop", "Parent Relationship": "Outer", "Join Type": "Inner", "Startup Cost": 30000000000.0, "Total Cost": 20100130722186.7, "Plan Rows": 634743, "Plan Width": 8, "Actual Startup Time": 0.097, "Actual Total Time": 0.996, "Actual Rows": 447, "Actual Loops": 1, "Inner Unique": true, "Join Filter": "(ct.id = mc.company_type_id), (LLVM Optimized)", "Rows Removed by Join Filter": 3, "Plans": [{"Node Type": "Index Scan", "Parent Relationship": "Outer", "Scan Direction": "Forward", "Index Name": "movie_id_movie_companies", "Relation Name": "movie_companies", "Alias": "mc", "Startup Cost": 10000000000.0, "Total Cost": 1000013051946.13, "Plan Rows": 1269486, "Plan Width": 12, "Actual Startup Time": 0.063, "Actual Total Time": 0.698, "Actual Rows": 450, "Actual Loops": 1, "Filter": "(note IS NULL), (LLVM Optimized)", "Rows Removed by Filter": 628}, {"Node Type": "Materialize", "Parent Relationship": "Inner", "Startup Cost": 10000000000.0, "Total Cost": 1000000001230.26, "Plan Rows": 1, "Plan Width": 4, "Actual Startup Time": 0.067, "Actual Total Time": 0.074, "Actual Rows": 450, "Actual Loops": 450, "Plans": [{"Node Type": "Index Scan", "Parent Relationship": "Outer", "Scan Direction": "Forward", "Index Name": "company_type_pkey", "Relation Name": "company_type", "Alias": "ct", "Startup Cost": 10000000000.0, "Total Cost": 1000000001230.25, "Plan Rows": 1, "Plan Width": 4, "Actual Startup Time": 0.016, "Actual Total Time": 0.022, "Actual Rows": 1, "Actual Loops": 1, "Filter": "((kind)::text = 'production companies'::text)", "Rows Removed by Filter": 2}]}]}, {"Node Type": "Materialize", "Parent Relationship": "Inner", "Startup Cost": 30000000000.0, "Total Cost": 20100156867647.98, "Plan Rows": 33, "Plan Width": 4, "Actual Startup Time": 117.959, "Actual Total Time": 117.959, "Actual Rows": 1, "Actual Loops": 1, "Plans": [{"Node Type": "Nested Loop", "Parent Relationship": "Outer", "Join Type": "Inner", "Startup Cost": 30000000000.0, "Total Cost": 20100156867647.9, "Plan Rows": 33, "Plan Width": 4, "Actual Startup Time": 117.952, "Actual Total Time": 117.952, "Actual Rows": 1, "Actual Loops": 1, "Inner Unique": true, "Join Filter": "(k.id = mk.keyword_id)", "Rows Removed by Join Filter": 573, "Plans": [{"Node Type": "Index Scan", "Parent Relationship": "Outer", "Scan Direction": "Forward", "Index Name": "movie_id_movie_keyword", "Relation Name": "movie_keyword", "Alias": "mk", "Startup Cost": 10000000000.0, "Total Cost": 1000015300634.17, "Plan Rows": 4523929, "Plan Width": 8, "Actual Startup Time": 0.028, "Actual Total Time": 0.289, "Actual Rows": 574, "Actual Loops": 1}, {"Node Type": "Materialize", "Parent Relationship": "Inner", "Startup Cost": 10000000000.0, "Total Cost": 1000000318271.69, "Plan Rows": 1, "Plan Width": 4, "Actual Startup Time": 0.573, "Actual Total Time": 117.406, "Actual Rows": 574, "Actual Loops": 574, "Plans": [{"Node Type": "Index Scan", "Parent Relationship": "Outer", "Scan Direction": "Forward", "Index Name": "keyword_pkey", "Relation Name": "keyword", "Alias": "k", "Startup Cost": 10000000000.0, "Total Cost": 1000000318271.68, "Plan Rows": 1, "Plan Width": 4, "Actual Startup Time": 0.517, "Actual Total Time": 117.307, "Actual Rows": 1, "Actual Loops": 1, "Filter": "((keyword)::text = 'sequel'::text)", "Rows Removed by Filter": 134168}]}]}]}]}, {"Node Type": "Sort", "Parent Relationship": "Inner", "Startup Cost": 2000000021497.31, "Total Cost": 2000000021501.99, "Plan Rows": 1875, "Plan Width": 16, "Actual Startup Time": 0.077, "Actual Total Time": 0.077, "Actual Rows": 0, "Actual Loops": 1, "Sort Key": ["ml.movie_id"], "Sort Method": "quicksort", "Sort Space Used": 25, "Sort Space Type": "Memory", "Plans": [{"Node Type": "Nested Loop", "Parent Relationship": "Outer", "Join Type": "Inner", "Startup Cost": 20000000046.78, "Total Cost": 2000000021395.38, "Plan Rows": 1875, "Plan Width": 16, "Actual Startup Time": 0.048, "Actual Total Time": 0.048, "Actual Rows": 0, "Actual Loops": 1, "Inner Unique": false, "Plans": [{"Node Type": "Index Scan", "Parent Relationship": "Outer", "Scan Direction": "Forward", "Index Name": "link_type_pkey", "Relation Name": "link_type", "Alias": "lt", "Startup Cost": 10000000000.0, "Total Cost": 1000000001254.75, "Plan Rows": 1, "Plan Width": 16, "Actual Startup Time": 0.045, "Actual Total Time": 0.045, "Actual Rows": 0, "Actual Loops": 1, "Filter": "((link)::text ~~ '%follows%'::text)", "Rows Removed by Filter": 17}, {"Node Type": "Bitmap Heap Scan", "Parent Relationship": "Inner", "Relation Name": "movie_link", "Alias": "ml", "Startup Cost": 10000000046.78, "Total Cost": 1000000020121.88, "Plan Rows": 1875, "Plan Width": 8, "Actual Startup Time": 0.0, "Actual Total Time": 0.0, "Recheck Cond": "(link_type_id = lt.id)", "Rows Removed by Index Recheck": 0, "Exact Heap Blocks": 0, "Lossy Heap Blocks": 0, "Plans": [{"Node Type": "Bitmap Index Scan", "Parent Relationship": "Outer", "Index Name": "link_type_id_movie_link", "Startup Cost": 0.0, "Total Cost": 46.31, "Plan Rows": 1875, "Plan Width": 0, "Actual Startup Time": 0.0, "Actual Total Time": 0.0, "Index Cond": "(link_type_id = lt.id)"}]}]}]}]}, {"Node Type": "Index Scan", "Parent Relationship": "Inner", "Scan Direction": "Forward", "Index Name": "title_pkey", "Relation Name": "title", "Alias": "t", "Startup Cost": 10000000000.0, "Total Cost": 1000012276204.41, "Plan Rows": 4, "Plan Width": 21, "Actual Startup Time": 0.0, "Actual Total Time": 0.0, "Filter": "(((title)::text ~~ '%Money%'::text) AND (production_year = 1998))", "Rows Removed by Filter": 0}]}, {"Node Type": "Index Scan", "Parent Relationship": "Inner", "Scan Direction": "Forward", "Index Name": "company_name_pkey", "Relation Name": "company_name", "Alias": "cn", "Startup Cost": 10000000000.0, "Total Cost": 1000000000028.81, "Plan Rows": 1, "Plan Width": 23, "Actual Startup Time": 0.0, "Actual Total Time": 0.0, "Index Cond": "(id = mc.company_id)", "Rows Removed by Index Recheck": 0, "Filter": "(((country_code)::text <> '[pl]'::text) AND (((name)::text ~~ '%Film%'::text) OR ((name)::text ~~ '%Warner%'::text)))", "Rows Removed by Filter": 0}]}]}, "Triggers": [], "Planner Runtime": 172.851, "Total Runtime": 129.12, "Unique SQL Id": 4121279504}}, "(64, 96)": {"explain_plan": {"Plan": {"Node Type": "Aggregate", "Strategy": "Plain", "Startup Cost": 2581.34, "Total Cost": 2581.35, "Plan Rows": 1, "Plan Width": 144, "Plans": [{"Node Type": "Nested Loop", "Parent Relationship": "Outer", "Join Type": "Inner", "Startup Cost": 4.51, "Total Cost": 2581.33, "Plan Rows": 1, "Plan Width": 48, "Inner Unique": true, "Plans": [{"Node Type": "Nested Loop", "Parent Relationship": "Outer", "Join Type": "Inner", "Startup Cost": 4.51, "Total Cost": 2581.05, "Plan Rows": 1, "Plan Width": 40, "Inner Unique": false, "Join Filter": "(t.id = ml.movie_id)", "Plans": [{"Node Type": "Nested Loop", "Parent Relationship": "Outer", "Join Type": "Inner", "Startup Cost": 4.51, "Total Cost": 2580.63, "Plan Rows": 1, "Plan Width": 48, "Inner Unique": true, "Plans": [{"Node Type": "Nested Loop", "Parent Relationship": "Outer", "Join Type": "Inner", "Startup Cost": 4.51, "Total Cost": 2580.35, "Plan Rows": 1, "Plan Width": 52, "Inner Unique": true, "Plans": [{"Node Type": "Nested Loop", "Parent Relationship": "Outer", "Join Type": "Inner", "Startup Cost": 4.51, "Total Cost": 2580.05, "Plan Rows": 1, "Plan Width": 37, "Inner Unique": false, "Join Filter": "(t.id = mc.movie_id)", "Plans": [{"Node Type": "Nested Loop", "Parent Relationship": "Outer", "Join Type": "Inner", "Startup Cost": 4.51, "Total Cost": 2579.71, "Plan Rows": 1, "Plan Width": 25, "Inner Unique": true, "Plans": [{"Node Type": "Nested Loop", "Parent Relationship": "Outer", "Join Type": "Inner", "Startup Cost": 4.51, "Total Cost": 2569.02, "Plan Rows": 33, "Plan Width": 4, "Inner Unique": false, "Plans": [{"Node Type": "Seq Scan", "Parent Relationship": "Outer", "Relation Name": "keyword", "Alias": "k", "Startup Cost": 0.0, "Total Cost": 2436.11, "Plan Rows": 1, "Plan Width": 4, "Filter": "((keyword)::text = 'sequel'::text)"}, {"Node Type": "Bitmap Heap Scan", "Parent Relationship": "Inner", "Relation Name": "movie_keyword", "Alias": "mk", "Startup Cost": 4.51, "Total Cost": 132.58, "Plan Rows": 33, "Plan Width": 8, "Recheck Cond": "(keyword_id = k.id)", "Plans": [{"Node Type": "Bitmap Index Scan", "Parent Relationship": "Outer", "Index Name": "keyword_id_movie_keyword", "Startup Cost": 0.0, "Total Cost": 4.5, "Plan Rows": 33, "Plan Width": 0, "Index Cond": "(keyword_id = k.id)"}]}]}, {"Node Type": "Index Scan", "Parent Relationship": "Inner", "Scan Direction": "Forward", "Index Name": "title_pkey", "Relation Name": "title", "Alias": "t", "Startup Cost": 0.0, "Total Cost": 0.31, "Plan Rows": 1, "Plan Width": 21, "Index Cond": "(id = mk.movie_id)", "Filter": "(((title)::text ~~ '%Money%'::text) AND (production_year = 1998))"}]}, {"Node Type": "Index Scan", "Parent Relationship": "Inner", "Scan Direction": "Forward", "Index Name": "movie_id_movie_companies", "Relation Name": "movie_companies", "Alias": "mc", "Startup Cost": 0.0, "Total Cost": 0.31, "Plan Rows": 2, "Plan Width": 12, "Index Cond": "(movie_id = mk.movie_id)", "Filter": "(note IS NULL)"}]}, {"Node Type": "Index Scan", "Parent Relationship": "Inner", "Scan Direction": "Forward", "Index Name": "company_name_pkey", "Relation Name": "company_name", "Alias": "cn", "Startup Cost": 0.0, "Total Cost": 0.29, "Plan Rows": 1, "Plan Width": 23, "Index Cond": "(id = mc.company_id)", "Filter": "(((country_code)::text <> '[pl]'::text) AND (((name)::text ~~ '%Film%'::text) OR ((name)::text ~~ '%Warner%'::text)))"}]}, {"Node Type": "Index Scan", "Parent Relationship": "Inner", "Scan Direction": "Forward", "Index Name": "company_type_pkey", "Relation Name": "company_type", "Alias": "ct", "Startup Cost": 0.0, "Total Cost": 0.27, "Plan Rows": 1, "Plan Width": 4, "Index Cond": "(id = mc.company_type_id)", "Filter": "((kind)::text = 'production companies'::text)"}]}, {"Node Type": "Index Scan", "Parent Relationship": "Inner", "Scan Direction": "Forward", "Index Name": "movie_id_movie_link", "Relation Name": "movie_link", "Alias": "ml", "Startup Cost": 0.0, "Total Cost": 0.35, "Plan Rows": 5, "Plan Width": 8, "Index Cond": "(movie_id = mk.movie_id)"}]}, {"Node Type": "Index Scan", "Parent Relationship": "Inner", "Scan Direction": "Forward", "Index Name": "link_type_pkey", "Relation Name": "link_type", "Alias": "lt", "Startup Cost": 0.0, "Total Cost": 0.27, "Plan Rows": 1, "Plan Width": 16, "Index Cond": "(id = ml.link_type_id)", "Filter": "((link)::text ~~ '%follows%'::text)"}]}]}, "Unique SQL Id": 4121279504}, "explain_analyze_plan": {"Plan": {"Node Type": "Aggregate", "Strategy": "Plain", "Startup Cost": 2581.34, "Total Cost": 2581.35, "Plan Rows": 1, "Plan Width": 144, "Actual Startup Time": 123.557, "Actual Total Time": 123.557, "Actual Rows": 1, "Actual Loops": 1, "Plans": [{"Node Type": "Nested Loop", "Parent Relationship": "Outer", "Join Type": "Inner", "Startup Cost": 4.51, "Total Cost": 2581.33, "Plan Rows": 1, "Plan Width": 48, "Actual Startup Time": 123.547, "Actual Total Time": 123.547, "Actual Rows": 0, "Actual Loops": 1, "Inner Unique": true, "Plans": [{"Node Type": "Nested Loop", "Parent Relationship": "Outer", "Join Type": "Inner", "Startup Cost": 4.51, "Total Cost": 2581.05, "Plan Rows": 1, "Plan Width": 40, "Actual Startup Time": 5.886, "Actual Total Time": 123.447, "Actual Rows": 38, "Actual Loops": 1, "Inner Unique": false, "Join Filter": "(t.id = ml.movie_id)", "Rows Removed by Join Filter": 0, "Plans": [{"Node Type": "Nested Loop", "Parent Relationship": "Outer", "Join Type": "Inner", "Startup Cost": 4.51, "Total Cost": 2580.63, "Plan Rows": 1, "Plan Width": 48, "Actual Startup Time": 5.866, "Actual Total Time": 123.392, "Actual Rows": 2, "Actual Loops": 1, "Inner Unique": true, "Plans": [{"Node Type": "Nested Loop", "Parent Relationship": "Outer", "Join Type": "Inner", "Startup Cost": 4.51, "Total Cost": 2580.35, "Plan Rows": 1, "Plan Width": 52, "Actual Startup Time": 5.855, "Actual Total Time": 123.377, "Actual Rows": 2, "Actual Loops": 1, "Inner Unique": true, "Plans": [{"Node Type": "Nested Loop", "Parent Relationship": "Outer", "Join Type": "Inner", "Startup Cost": 4.51, "Total Cost": 2580.05, "Plan Rows": 1, "Plan Width": 37, "Actual Startup Time": 5.834, "Actual Total Time": 123.335, "Actual Rows": 3, "Actual Loops": 1, "Inner Unique": false, "Join Filter": "(t.id = mc.movie_id)", "Rows Removed by Join Filter": 0, "Plans": [{"Node Type": "Nested Loop", "Parent Relationship": "Outer", "Join Type": "Inner", "Startup Cost": 4.51, "Total Cost": 2579.71, "Plan Rows": 1, "Plan Width": 25, "Actual Startup Time": 5.809, "Actual Total Time": 123.305, "Actual Rows": 1, "Actual Loops": 1, "Inner Unique": true, "Plans": [{"Node Type": "Nested Loop", "Parent Relationship": "Outer", "Join Type": "Inner", "Startup Cost": 4.51, "Total Cost": 2569.02, "Plan Rows": 33, "Plan Width": 4, "Actual Startup Time": 5.443, "Actual Total Time": 62.982, "Actual Rows": 10544, "Actual Loops": 1, "Inner Unique": false, "Plans": [{"Node Type": "Seq Scan", "Parent Relationship": "Outer", "Relation Name": "keyword", "Alias": "k", "Startup Cost": 0.0, "Total Cost": 2436.11, "Plan Rows": 1, "Plan Width": 4, "Actual Startup Time": 2.358, "Actual Total Time": 41.641, "Actual Rows": 1, "Actual Loops": 1, "Filter": "((keyword)::text = 'sequel'::text)", "Rows Removed by Filter": 134168}, {"Node Type": "Bitmap Heap Scan", "Parent Relationship": "Inner", "Relation Name": "movie_keyword", "Alias": "mk", "Startup Cost": 4.51, "Total Cost": 132.58, "Plan Rows": 33, "Plan Width": 8, "Actual Startup Time": 3.074, "Actual Total Time": 19.121, "Actual Rows": 10544, "Actual Loops": 1, "Recheck Cond": "(keyword_id = k.id)", "Rows Removed by Index Recheck": 0, "Exact Heap Blocks": 5090, "Lossy Heap Blocks": 5090, "Plans": [{"Node Type": "Bitmap Index Scan", "Parent Relationship": "Outer", "Index Name": "keyword_id_movie_keyword", "Startup Cost": 0.0, "Total Cost": 4.5, "Plan Rows": 33, "Plan Width": 0, "Actual Startup Time": 2.162, "Actual Total Time": 2.162, "Actual Rows": 10544, "Actual Loops": 1, "Index Cond": "(keyword_id = k.id)"}]}]}, {"Node Type": "Index Scan", "Parent Relationship": "Inner", "Scan Direction": "Forward", "Index Name": "title_pkey", "Relation Name": "title", "Alias": "t", "Startup Cost": 0.0, "Total Cost": 0.31, "Plan Rows": 1, "Plan Width": 21, "Actual Startup Time": 54.966, "Actual Total Time": 54.966, "Actual Rows": 1, "Actual Loops": 10544, "Index Cond": "(id = mk.movie_id)", "Rows Removed by Index Recheck": 0, "Filter": "(((title)::text ~~ '%Money%'::text) AND (production_year = 1998))", "Rows Removed by Filter": 10543}]}, {"Node Type": "Index Scan", "Parent Relationship": "Inner", "Scan Direction": "Forward", "Index Name": "movie_id_movie_companies", "Relation Name": "movie_companies", "Alias": "mc", "Startup Cost": 0.0, "Total Cost": 0.31, "Plan Rows": 2, "Plan Width": 12, "Actual Startup Time": 0.019, "Actual Total Time": 0.022, "Actual Rows": 3, "Actual Loops": 1, "Index Cond": "(movie_id = mk.movie_id)", "Rows Removed by Index Recheck": 0, "Filter": "(note IS NULL)", "Rows Removed by Filter": 1}]}, {"Node Type": "Index Scan", "Parent Relationship": "Inner", "Scan Direction": "Forward", "Index Name": "company_name_pkey", "Relation Name": "company_name", "Alias": "cn", "Startup Cost": 0.0, "Total Cost": 0.29, "Plan Rows": 1, "Plan Width": 23, "Actual Startup Time": 0.037, "Actual Total Time": 0.037, "Actual Rows": 2, "Actual Loops": 3, "Index Cond": "(id = mc.company_id)", "Rows Removed by Index Recheck": 0, "Filter": "(((country_code)::text <> '[pl]'::text) AND (((name)::text ~~ '%Film%'::text) OR ((name)::text ~~ '%Warner%'::text)))", "Rows Removed by Filter": 1}]}, {"Node Type": "Index Scan", "Parent Relationship": "Inner", "Scan Direction": "Forward", "Index Name": "company_type_pkey", "Relation Name": "company_type", "Alias": "ct", "Startup Cost": 0.0, "Total Cost": 0.27, "Plan Rows": 1, "Plan Width": 4, "Actual Startup Time": 0.011, "Actual Total Time": 0.011, "Actual Rows": 2, "Actual Loops": 2, "Index Cond": "(id = mc.company_type_id)", "Rows Removed by Index Recheck": 0, "Filter": "((kind)::text = 'production companies'::text)", "Rows Removed by Filter": 0}]}, {"Node Type": "Index Scan", "Parent Relationship": "Inner", "Scan Direction": "Forward", "Index Name": "movie_id_movie_link", "Relation Name": "movie_link", "Alias": "ml", "Startup Cost": 0.0, "Total Cost": 0.35, "Plan Rows": 5, "Plan Width": 8, "Actual Startup Time": 0.016, "Actual Total Time": 0.029, "Actual Rows": 38, "Actual Loops": 2, "Index Cond": "(movie_id = mk.movie_id)", "Rows Removed by Index Recheck": 0}]}, {"Node Type": "Index Scan", "Parent Relationship": "Inner", "Scan Direction": "Forward", "Index Name": "link_type_pkey", "Relation Name": "link_type", "Alias": "lt", "Startup Cost": 0.0, "Total Cost": 0.27, "Plan Rows": 1, "Plan Width": 16, "Actual Startup Time": 0.076, "Actual Total Time": 0.076, "Actual Rows": 0, "Actual Loops": 38, "Index Cond": "(id = ml.link_type_id)", "Rows Removed by Index Recheck": 0, "Filter": "((link)::text ~~ '%follows%'::text)", "Rows Removed by Filter": 24}]}]}, "Triggers": [], "Planner Runtime": 80.823, "Total Runtime": 124.133, "Unique SQL Id": 4121279504}}, "(64, 97)": {"explain_plan": {"Plan": {"Node Type": "Aggregate", "Strategy": "Plain", "Startup Cost": 3327.94, "Total Cost": 3327.95, "Plan Rows": 1, "Plan Width": 144, "Plans": [{"Node Type": "Nested Loop", "Parent Relationship": "Outer", "Join Type": "Inner", "Startup Cost": 4.51, "Total Cost": 3327.93, "Plan Rows": 1, "Plan Width": 48, "Inner Unique": true, "Plans": [{"Node Type": "Nested Loop", "Parent Relationship": "Outer", "Join Type": "Inner", "Startup Cost": 4.51, "Total Cost": 3327.65, "Plan Rows": 1, "Plan Width": 40, "Inner Unique": false, "Join Filter": "(t.id = ml.movie_id)", "Plans": [{"Node Type": "Nested Loop", "Parent Relationship": "Outer", "Join Type": "Inner", "Startup Cost": 4.51, "Total Cost": 3327.24, "Plan Rows": 1, "Plan Width": 48, "Inner Unique": true, "Plans": [{"Node Type": "Nested Loop", "Parent Relationship": "Outer", "Join Type": "Inner", "Startup Cost": 4.51, "Total Cost": 3326.95, "Plan Rows": 1, "Plan Width": 52, "Inner Unique": true, "Plans": [{"Node Type": "Nested Loop", "Parent Relationship": "Outer", "Join Type": "Inner", "Startup Cost": 4.51, "Total Cost": 3326.66, "Plan Rows": 1, "Plan Width": 37, "Inner Unique": false, "Join Filter": "(t.id = mc.movie_id)", "Plans": [{"Node Type": "Nested Loop", "Parent Relationship": "Outer", "Join Type": "Inner", "Startup Cost": 4.51, "Total Cost": 3326.32, "Plan Rows": 1, "Plan Width": 25, "Inner Unique": true, "Plans": [{"Node Type": "Nested Loop", "Parent Relationship": "Outer", "Join Type": "Inner", "Startup Cost": 4.51, "Total Cost": 3315.63, "Plan Rows": 33, "Plan Width": 4, "Inner Unique": false, "Plans": [{"Node Type": "Index Scan", "Parent Relationship": "Outer", "Scan Direction": "Forward", "Index Name": "keyword_pkey", "Relation Name": "keyword", "Alias": "k", "Startup Cost": 0.0, "Total Cost": 3182.72, "Plan Rows": 1, "Plan Width": 4, "Filter": "((keyword)::text = 'sequel'::text)"}, {"Node Type": "Bitmap Heap Scan", "Parent Relationship": "Inner", "Relation Name": "movie_keyword", "Alias": "mk", "Startup Cost": 4.51, "Total Cost": 132.58, "Plan Rows": 33, "Plan Width": 8, "Recheck Cond": "(keyword_id = k.id)", "Plans": [{"Node Type": "Bitmap Index Scan", "Parent Relationship": "Outer", "Index Name": "keyword_id_movie_keyword", "Startup Cost": 0.0, "Total Cost": 4.5, "Plan Rows": 33, "Plan Width": 0, "Index Cond": "(keyword_id = k.id)"}]}]}, {"Node Type": "Index Scan", "Parent Relationship": "Inner", "Scan Direction": "Forward", "Index Name": "title_pkey", "Relation Name": "title", "Alias": "t", "Startup Cost": 0.0, "Total Cost": 0.31, "Plan Rows": 1, "Plan Width": 21, "Index Cond": "(id = mk.movie_id)", "Filter": "(((title)::text ~~ '%Money%'::text) AND (production_year = 1998))"}]}, {"Node Type": "Index Scan", "Parent Relationship": "Inner", "Scan Direction": "Forward", "Index Name": "movie_id_movie_companies", "Relation Name": "movie_companies", "Alias": "mc", "Startup Cost": 0.0, "Total Cost": 0.31, "Plan Rows": 2, "Plan Width": 12, "Index Cond": "(movie_id = mk.movie_id)", "Filter": "(note IS NULL)"}]}, {"Node Type": "Index Scan", "Parent Relationship": "Inner", "Scan Direction": "Forward", "Index Name": "company_name_pkey", "Relation Name": "company_name", "Alias": "cn", "Startup Cost": 0.0, "Total Cost": 0.29, "Plan Rows": 1, "Plan Width": 23, "Index Cond": "(id = mc.company_id)", "Filter": "(((country_code)::text <> '[pl]'::text) AND (((name)::text ~~ '%Film%'::text) OR ((name)::text ~~ '%Warner%'::text)))"}]}, {"Node Type": "Index Scan", "Parent Relationship": "Inner", "Scan Direction": "Forward", "Index Name": "company_type_pkey", "Relation Name": "company_type", "Alias": "ct", "Startup Cost": 0.0, "Total Cost": 0.27, "Plan Rows": 1, "Plan Width": 4, "Index Cond": "(id = mc.company_type_id)", "Filter": "((kind)::text = 'production companies'::text)"}]}, {"Node Type": "Index Scan", "Parent Relationship": "Inner", "Scan Direction": "Forward", "Index Name": "movie_id_movie_link", "Relation Name": "movie_link", "Alias": "ml", "Startup Cost": 0.0, "Total Cost": 0.35, "Plan Rows": 5, "Plan Width": 8, "Index Cond": "(movie_id = mk.movie_id)"}]}, {"Node Type": "Index Scan", "Parent Relationship": "Inner", "Scan Direction": "Forward", "Index Name": "link_type_pkey", "Relation Name": "link_type", "Alias": "lt", "Startup Cost": 0.0, "Total Cost": 0.27, "Plan Rows": 1, "Plan Width": 16, "Index Cond": "(id = ml.link_type_id)", "Filter": "((link)::text ~~ '%follows%'::text)"}]}]}, "Unique SQL Id": 4121279504}, "explain_analyze_plan": {"Plan": {"Node Type": "Aggregate", "Strategy": "Plain", "Startup Cost": 3327.94, "Total Cost": 3327.95, "Plan Rows": 1, "Plan Width": 144, "Actual Startup Time": 206.836, "Actual Total Time": 206.836, "Actual Rows": 1, "Actual Loops": 1, "Plans": [{"Node Type": "Nested Loop", "Parent Relationship": "Outer", "Join Type": "Inner", "Startup Cost": 4.51, "Total Cost": 3327.93, "Plan Rows": 1, "Plan Width": 48, "Actual Startup Time": 206.83, "Actual Total Time": 206.83, "Actual Rows": 0, "Actual Loops": 1, "Inner Unique": true, "Plans": [{"Node Type": "Nested Loop", "Parent Relationship": "Outer", "Join Type": "Inner", "Startup Cost": 4.51, "Total Cost": 3327.65, "Plan Rows": 1, "Plan Width": 40, "Actual Startup Time": 4.134, "Actual Total Time": 206.74, "Actual Rows": 38, "Actual Loops": 1, "Inner Unique": false, "Join Filter": "(t.id = ml.movie_id)", "Rows Removed by Join Filter": 0, "Plans": [{"Node Type": "Nested Loop", "Parent Relationship": "Outer", "Join Type": "Inner", "Startup Cost": 4.51, "Total Cost": 3327.24, "Plan Rows": 1, "Plan Width": 48, "Actual Startup Time": 4.119, "Actual Total Time": 206.686, "Actual Rows": 2, "Actual Loops": 1, "Inner Unique": true, "Plans": [{"Node Type": "Nested Loop", "Parent Relationship": "Outer", "Join Type": "Inner", "Startup Cost": 4.51, "Total Cost": 3326.95, "Plan Rows": 1, "Plan Width": 52, "Actual Startup Time": 4.11, "Actual Total Time": 206.673, "Actual Rows": 2, "Actual Loops": 1, "Inner Unique": true, "Plans": [{"Node Type": "Nested Loop", "Parent Relationship": "Outer", "Join Type": "Inner", "Startup Cost": 4.51, "Total Cost": 3326.66, "Plan Rows": 1, "Plan Width": 37, "Actual Startup Time": 4.093, "Actual Total Time": 206.639, "Actual Rows": 3, "Actual Loops": 1, "Inner Unique": false, "Join Filter": "(t.id = mc.movie_id)", "Rows Removed by Join Filter": 0, "Plans": [{"Node Type": "Nested Loop", "Parent Relationship": "Outer", "Join Type": "Inner", "Startup Cost": 4.51, "Total Cost": 3326.32, "Plan Rows": 1, "Plan Width": 25, "Actual Startup Time": 4.075, "Actual Total Time": 206.617, "Actual Rows": 1, "Actual Loops": 1, "Inner Unique": true, "Plans": [{"Node Type": "Nested Loop", "Parent Relationship": "Outer", "Join Type": "Inner", "Startup Cost": 4.51, "Total Cost": 3315.63, "Plan Rows": 33, "Plan Width": 4, "Actual Startup Time": 3.756, "Actual Total Time": 147.383, "Actual Rows": 10544, "Actual Loops": 1, "Inner Unique": false, "Plans": [{"Node Type": "Index Scan", "Parent Relationship": "Outer", "Scan Direction": "Forward", "Index Name": "keyword_pkey", "Relation Name": "keyword", "Alias": "k", "Startup Cost": 0.0, "Total Cost": 3182.72, "Plan Rows": 1, "Plan Width": 4, "Actual Startup Time": 0.512, "Actual Total Time": 126.311, "Actual Rows": 1, "Actual Loops": 1, "Filter": "((keyword)::text = 'sequel'::text)", "Rows Removed by Filter": 134168}, {"Node Type": "Bitmap Heap Scan", "Parent Relationship": "Inner", "Relation Name": "movie_keyword", "Alias": "mk", "Startup Cost": 4.51, "Total Cost": 132.58, "Plan Rows": 33, "Plan Width": 8, "Actual Startup Time": 3.236, "Actual Total Time": 18.868, "Actual Rows": 10544, "Actual Loops": 1, "Recheck Cond": "(keyword_id = k.id)", "Rows Removed by Index Recheck": 0, "Exact Heap Blocks": 5090, "Lossy Heap Blocks": 5090, "Plans": [{"Node Type": "Bitmap Index Scan", "Parent Relationship": "Outer", "Index Name": "keyword_id_movie_keyword", "Startup Cost": 0.0, "Total Cost": 4.5, "Plan Rows": 33, "Plan Width": 0, "Actual Startup Time": 2.291, "Actual Total Time": 2.291, "Actual Rows": 10544, "Actual Loops": 1, "Index Cond": "(keyword_id = k.id)"}]}]}, {"Node Type": "Index Scan", "Parent Relationship": "Inner", "Scan Direction": "Forward", "Index Name": "title_pkey", "Relation Name": "title", "Alias": "t", "Startup Cost": 0.0, "Total Cost": 0.31, "Plan Rows": 1, "Plan Width": 21, "Actual Startup Time": 53.865, "Actual Total Time": 53.865, "Actual Rows": 1, "Actual Loops": 10544, "Index Cond": "(id = mk.movie_id)", "Rows Removed by Index Recheck": 0, "Filter": "(((title)::text ~~ '%Money%'::text) AND (production_year = 1998))", "Rows Removed by Filter": 10543}]}, {"Node Type": "Index Scan", "Parent Relationship": "Inner", "Scan Direction": "Forward", "Index Name": "movie_id_movie_companies", "Relation Name": "movie_companies", "Alias": "mc", "Startup Cost": 0.0, "Total Cost": 0.31, "Plan Rows": 2, "Plan Width": 12, "Actual Startup Time": 0.015, "Actual Total Time": 0.018, "Actual Rows": 3, "Actual Loops": 1, "Index Cond": "(movie_id = mk.movie_id)", "Rows Removed by Index Recheck": 0, "Filter": "(note IS NULL)", "Rows Removed by Filter": 1}]}, {"Node Type": "Index Scan", "Parent Relationship": "Inner", "Scan Direction": "Forward", "Index Name": "company_name_pkey", "Relation Name": "company_name", "Alias": "cn", "Startup Cost": 0.0, "Total Cost": 0.29, "Plan Rows": 1, "Plan Width": 23, "Actual Startup Time": 0.028, "Actual Total Time": 0.028, "Actual Rows": 2, "Actual Loops": 3, "Index Cond": "(id = mc.company_id)", "Rows Removed by Index Recheck": 0, "Filter": "(((country_code)::text <> '[pl]'::text) AND (((name)::text ~~ '%Film%'::text) OR ((name)::text ~~ '%Warner%'::text)))", "Rows Removed by Filter": 1}]}, {"Node Type": "Index Scan", "Parent Relationship": "Inner", "Scan Direction": "Forward", "Index Name": "company_type_pkey", "Relation Name": "company_type", "Alias": "ct", "Startup Cost": 0.0, "Total Cost": 0.27, "Plan Rows": 1, "Plan Width": 4, "Actual Startup Time": 0.009, "Actual Total Time": 0.009, "Actual Rows": 2, "Actual Loops": 2, "Index Cond": "(id = mc.company_type_id)", "Rows Removed by Index Recheck": 0, "Filter": "((kind)::text = 'production companies'::text)", "Rows Removed by Filter": 0}]}, {"Node Type": "Index Scan", "Parent Relationship": "Inner", "Scan Direction": "Forward", "Index Name": "movie_id_movie_link", "Relation Name": "movie_link", "Alias": "ml", "Startup Cost": 0.0, "Total Cost": 0.35, "Plan Rows": 5, "Plan Width": 8, "Actual Startup Time": 0.013, "Actual Total Time": 0.03, "Actual Rows": 38, "Actual Loops": 2, "Index Cond": "(movie_id = mk.movie_id)", "Rows Removed by Index Recheck": 0}]}, {"Node Type": "Index Scan", "Parent Relationship": "Inner", "Scan Direction": "Forward", "Index Name": "link_type_pkey", "Relation Name": "link_type", "Alias": "lt", "Startup Cost": 0.0, "Total Cost": 0.27, "Plan Rows": 1, "Plan Width": 16, "Actual Startup Time": 0.072, "Actual Total Time": 0.072, "Actual Rows": 0, "Actual Loops": 38, "Index Cond": "(id = ml.link_type_id)", "Rows Removed by Index Recheck": 0, "Filter": "((link)::text ~~ '%follows%'::text)", "Rows Removed by Filter": 24}]}]}, "Triggers": [], "Planner Runtime": 70.618, "Total Runtime": 207.306, "Unique SQL Id": 4121279504}}, "(64, 98)": {"explain_plan": {"Plan": {"Node Type": "Aggregate", "Strategy": "Plain", "Startup Cost": 2726.04, "Total Cost": 2726.05, "Plan Rows": 1, "Plan Width": 144, "Plans": [{"Node Type": "Hash Join", "Parent Relationship": "Outer", "Join Type": "Inner", "Startup Cost": 7.87, "Total Cost": 2726.04, "Plan Rows": 1, "Plan Width": 48, "Inner Unique": true, "Hash Cond": "(ml.link_type_id = lt.id)", "Plans": [{"Node Type": "Nested Loop", "Parent Relationship": "Outer", "Join Type": "Inner", "Startup Cost": 6.64, "Total Cost": 2724.8, "Plan Rows": 1, "Plan Width": 40, "Inner Unique": false, "Join Filter": "(t.id = ml.movie_id)", "Plans": [{"Node Type": "Hash Join", "Parent Relationship": "Outer", "Join Type": "Inner", "Startup Cost": 6.35, "Total Cost": 2720.38, "Plan Rows": 1, "Plan Width": 48, "Inner Unique": true, "Hash Cond": "(mc.company_type_id = ct.id)", "Plans": [{"Node Type": "Nested Loop", "Parent Relationship": "Outer", "Join Type": "Inner", "Startup Cost": 5.3, "Total Cost": 2719.32, "Plan Rows": 1, "Plan Width": 52, "Inner Unique": true, "Plans": [{"Node Type": "Nested Loop", "Parent Relationship": "Outer", "Join Type": "Inner", "Startup Cost": 5.05, "Total Cost": 2715.03, "Plan Rows": 1, "Plan Width": 37, "Inner Unique": false, "Join Filter": "(t.id = mc.movie_id)", "Plans": [{"Node Type": "Nested Loop", "Parent Relationship": "Outer", "Join Type": "Inner", "Startup Cost": 4.77, "Total Cost": 2710.71, "Plan Rows": 1, "Plan Width": 25, "Inner Unique": true, "Plans": [{"Node Type": "Nested Loop", "Parent Relationship": "Outer", "Join Type": "Inner", "Startup Cost": 4.51, "Total Cost": 2569.02, "Plan Rows": 33, "Plan Width": 4, "Inner Unique": false, "Plans": [{"Node Type": "Seq Scan", "Parent Relationship": "Outer", "Relation Name": "keyword", "Alias": "k", "Startup Cost": 0.0, "Total Cost": 2436.11, "Plan Rows": 1, "Plan Width": 4, "Filter": "((keyword)::text = 'sequel'::text)"}, {"Node Type": "Bitmap Heap Scan", "Parent Relationship": "Inner", "Relation Name": "movie_keyword", "Alias": "mk", "Startup Cost": 4.51, "Total Cost": 132.58, "Plan Rows": 33, "Plan Width": 8, "Recheck Cond": "(keyword_id = k.id)", "Plans": [{"Node Type": "Bitmap Index Scan", "Parent Relationship": "Outer", "Index Name": "keyword_id_movie_keyword", "Startup Cost": 0.0, "Total Cost": 4.5, "Plan Rows": 33, "Plan Width": 0, "Index Cond": "(keyword_id = k.id)"}]}]}, {"Node Type": "Bitmap Heap Scan", "Parent Relationship": "Inner", "Relation Name": "title", "Alias": "t", "Startup Cost": 0.27, "Total Cost": 4.28, "Plan Rows": 1, "Plan Width": 21, "Recheck Cond": "(id = mk.movie_id)", "Filter": "(((title)::text ~~ '%Money%'::text) AND (production_year = 1998))", "Plans": [{"Node Type": "Bitmap Index Scan", "Parent Relationship": "Outer", "Index Name": "title_pkey", "Startup Cost": 0.0, "Total Cost": 0.27, "Plan Rows": 1, "Plan Width": 0, "Index Cond": "(id = mk.movie_id)"}]}]}, {"Node Type": "Bitmap Heap Scan", "Parent Relationship": "Inner", "Relation Name": "movie_companies", "Alias": "mc", "Startup Cost": 0.27, "Total Cost": 4.3, "Plan Rows": 2, "Plan Width": 12, "Recheck Cond": "(movie_id = mk.movie_id)", "Filter": "(note IS NULL)", "Plans": [{"Node Type": "Bitmap Index Scan", "Parent Relationship": "Outer", "Index Name": "movie_id_movie_companies", "Startup Cost": 0.0, "Total Cost": 0.27, "Plan Rows": 2, "Plan Width": 0, "Index Cond": "(movie_id = mk.movie_id)"}]}]}, {"Node Type": "Bitmap Heap Scan", "Parent Relationship": "Inner", "Relation Name": "company_name", "Alias": "cn", "Startup Cost": 0.26, "Total Cost": 4.28, "Plan Rows": 1, "Plan Width": 23, "Recheck Cond": "(id = mc.company_id)", "Filter": "(((country_code)::text <> '[pl]'::text) AND (((name)::text ~~ '%Film%'::text) OR ((name)::text ~~ '%Warner%'::text)))", "Plans": [{"Node Type": "Bitmap Index Scan", "Parent Relationship": "Outer", "Index Name": "company_name_pkey", "Startup Cost": 0.0, "Total Cost": 0.26, "Plan Rows": 1, "Plan Width": 0, "Index Cond": "(id = mc.company_id)"}]}]}, {"Node Type": "Hash", "Parent Relationship": "Inner", "Startup Cost": 1.04, "Total Cost": 1.04, "Plan Rows": 1, "Plan Width": 4, "Plans": [{"Node Type": "Seq Scan", "Parent Relationship": "Outer", "Relation Name": "company_type", "Alias": "ct", "Startup Cost": 0.0, "Total Cost": 1.04, "Plan Rows": 1, "Plan Width": 4, "Filter": "((kind)::text = 'production companies'::text)"}]}]}, {"Node Type": "Bitmap Heap Scan", "Parent Relationship": "Inner", "Relation Name": "movie_link", "Alias": "ml", "Startup Cost": 0.29, "Total Cost": 4.35, "Plan Rows": 5, "Plan Width": 8, "Recheck Cond": "(movie_id = mk.movie_id)", "Plans": [{"Node Type": "Bitmap Index Scan", "Parent Relationship": "Outer", "Index Name": "movie_id_movie_link", "Startup Cost": 0.0, "Total Cost": 0.29, "Plan Rows": 5, "Plan Width": 0, "Index Cond": "(movie_id = mk.movie_id)"}]}]}, {"Node Type": "Hash", "Parent Relationship": "Inner", "Startup Cost": 1.21, "Total Cost": 1.21, "Plan Rows": 1, "Plan Width": 16, "Plans": [{"Node Type": "Seq Scan", "Parent Relationship": "Outer", "Relation Name": "link_type", "Alias": "lt", "Startup Cost": 0.0, "Total Cost": 1.21, "Plan Rows": 1, "Plan Width": 16, "Filter": "((link)::text ~~ '%follows%'::text)"}]}]}]}, "Unique SQL Id": 4121279504}, "explain_analyze_plan": {"Plan": {"Node Type": "Aggregate", "Strategy": "Plain", "Startup Cost": 2726.04, "Total Cost": 2726.05, "Plan Rows": 1, "Plan Width": 144, "Actual Startup Time": 0.098, "Actual Total Time": 0.098, "Actual Rows": 1, "Actual Loops": 1, "Plans": [{"Node Type": "Hash Join", "Parent Relationship": "Outer", "Join Type": "Inner", "Startup Cost": 7.87, "Total Cost": 2726.04, "Plan Rows": 1, "Plan Width": 48, "Actual Startup Time": 0.089, "Actual Total Time": 0.089, "Actual Rows": 0, "Actual Loops": 1, "Inner Unique": true, "Hash Cond": "(ml.link_type_id = lt.id)", "Plans": [{"Node Type": "Nested Loop", "Parent Relationship": "Outer", "Join Type": "Inner", "Startup Cost": 6.64, "Total Cost": 2724.8, "Plan Rows": 1, "Plan Width": 40, "Actual Startup Time": 0.0, "Actual Total Time": 0.0, "Inner Unique": false, "Join Filter": "(t.id = ml.movie_id)", "Rows Removed by Join Filter": 0, "Plans": [{"Node Type": "Hash Join", "Parent Relationship": "Outer", "Join Type": "Inner", "Startup Cost": 6.35, "Total Cost": 2720.38, "Plan Rows": 1, "Plan Width": 48, "Actual Startup Time": 0.0, "Actual Total Time": 0.0, "Inner Unique": true, "Hash Cond": "(mc.company_type_id = ct.id)", "Plans": [{"Node Type": "Nested Loop", "Parent Relationship": "Outer", "Join Type": "Inner", "Startup Cost": 5.3, "Total Cost": 2719.32, "Plan Rows": 1, "Plan Width": 52, "Actual Startup Time": 0.0, "Actual Total Time": 0.0, "Inner Unique": true, "Plans": [{"Node Type": "Nested Loop", "Parent Relationship": "Outer", "Join Type": "Inner", "Startup Cost": 5.05, "Total Cost": 2715.03, "Plan Rows": 1, "Plan Width": 37, "Actual Startup Time": 0.0, "Actual Total Time": 0.0, "Inner Unique": false, "Join Filter": "(t.id = mc.movie_id)", "Rows Removed by Join Filter": 0, "Plans": [{"Node Type": "Nested Loop", "Parent Relationship": "Outer", "Join Type": "Inner", "Startup Cost": 4.77, "Total Cost": 2710.71, "Plan Rows": 1, "Plan Width": 25, "Actual Startup Time": 0.0, "Actual Total Time": 0.0, "Inner Unique": true, "Plans": [{"Node Type": "Nested Loop", "Parent Relationship": "Outer", "Join Type": "Inner", "Startup Cost": 4.51, "Total Cost": 2569.02, "Plan Rows": 33, "Plan Width": 4, "Actual Startup Time": 0.0, "Actual Total Time": 0.0, "Inner Unique": false, "Plans": [{"Node Type": "Seq Scan", "Parent Relationship": "Outer", "Relation Name": "keyword", "Alias": "k", "Startup Cost": 0.0, "Total Cost": 2436.11, "Plan Rows": 1, "Plan Width": 4, "Actual Startup Time": 0.0, "Actual Total Time": 0.0, "Filter": "((keyword)::text = 'sequel'::text)", "Rows Removed by Filter": 0}, {"Node Type": "Bitmap Heap Scan", "Parent Relationship": "Inner", "Relation Name": "movie_keyword", "Alias": "mk", "Startup Cost": 4.51, "Total Cost": 132.58, "Plan Rows": 33, "Plan Width": 8, "Actual Startup Time": 0.0, "Actual Total Time": 0.0, "Recheck Cond": "(keyword_id = k.id)", "Rows Removed by Index Recheck": 0, "Exact Heap Blocks": 0, "Lossy Heap Blocks": 0, "Plans": [{"Node Type": "Bitmap Index Scan", "Parent Relationship": "Outer", "Index Name": "keyword_id_movie_keyword", "Startup Cost": 0.0, "Total Cost": 4.5, "Plan Rows": 33, "Plan Width": 0, "Actual Startup Time": 0.0, "Actual Total Time": 0.0, "Index Cond": "(keyword_id = k.id)"}]}]}, {"Node Type": "Bitmap Heap Scan", "Parent Relationship": "Inner", "Relation Name": "title", "Alias": "t", "Startup Cost": 0.27, "Total Cost": 4.28, "Plan Rows": 1, "Plan Width": 21, "Actual Startup Time": 0.0, "Actual Total Time": 0.0, "Recheck Cond": "(id = mk.movie_id)", "Rows Removed by Index Recheck": 0, "Filter": "(((title)::text ~~ '%Money%'::text) AND (production_year = 1998))", "Rows Removed by Filter": 0, "Exact Heap Blocks": 0, "Lossy Heap Blocks": 0, "Plans": [{"Node Type": "Bitmap Index Scan", "Parent Relationship": "Outer", "Index Name": "title_pkey", "Startup Cost": 0.0, "Total Cost": 0.27, "Plan Rows": 1, "Plan Width": 0, "Actual Startup Time": 0.0, "Actual Total Time": 0.0, "Index Cond": "(id = mk.movie_id)"}]}]}, {"Node Type": "Bitmap Heap Scan", "Parent Relationship": "Inner", "Relation Name": "movie_companies", "Alias": "mc", "Startup Cost": 0.27, "Total Cost": 4.3, "Plan Rows": 2, "Plan Width": 12, "Actual Startup Time": 0.0, "Actual Total Time": 0.0, "Recheck Cond": "(movie_id = mk.movie_id)", "Rows Removed by Index Recheck": 0, "Filter": "(note IS NULL)", "Rows Removed by Filter": 0, "Exact Heap Blocks": 0, "Lossy Heap Blocks": 0, "Plans": [{"Node Type": "Bitmap Index Scan", "Parent Relationship": "Outer", "Index Name": "movie_id_movie_companies", "Startup Cost": 0.0, "Total Cost": 0.27, "Plan Rows": 2, "Plan Width": 0, "Actual Startup Time": 0.0, "Actual Total Time": 0.0, "Index Cond": "(movie_id = mk.movie_id)"}]}]}, {"Node Type": "Bitmap Heap Scan", "Parent Relationship": "Inner", "Relation Name": "company_name", "Alias": "cn", "Startup Cost": 0.26, "Total Cost": 4.28, "Plan Rows": 1, "Plan Width": 23, "Actual Startup Time": 0.0, "Actual Total Time": 0.0, "Recheck Cond": "(id = mc.company_id)", "Rows Removed by Index Recheck": 0, "Filter": "(((country_code)::text <> '[pl]'::text) AND (((name)::text ~~ '%Film%'::text) OR ((name)::text ~~ '%Warner%'::text)))", "Rows Removed by Filter": 0, "Exact Heap Blocks": 0, "Lossy Heap Blocks": 0, "Plans": [{"Node Type": "Bitmap Index Scan", "Parent Relationship": "Outer", "Index Name": "company_name_pkey", "Startup Cost": 0.0, "Total Cost": 0.26, "Plan Rows": 1, "Plan Width": 0, "Actual Startup Time": 0.0, "Actual Total Time": 0.0, "Index Cond": "(id = mc.company_id)"}]}]}, {"Node Type": "Hash", "Parent Relationship": "Inner", "Startup Cost": 1.04, "Total Cost": 1.04, "Plan Rows": 1, "Plan Width": 4, "Actual Startup Time": 0.0, "Actual Total Time": 0.0, "Hash Buckets": 0, "Hash Batches": 0, "Original Hash Batches": 0, "Peak Memory Usage": 0, "Plans": [{"Node Type": "Seq Scan", "Parent Relationship": "Outer", "Relation Name": "company_type", "Alias": "ct", "Startup Cost": 0.0, "Total Cost": 1.04, "Plan Rows": 1, "Plan Width": 4, "Actual Startup Time": 0.0, "Actual Total Time": 0.0, "Filter": "((kind)::text = 'production companies'::text)", "Rows Removed by Filter": 0}]}]}, {"Node Type": "Bitmap Heap Scan", "Parent Relationship": "Inner", "Relation Name": "movie_link", "Alias": "ml", "Startup Cost": 0.29, "Total Cost": 4.35, "Plan Rows": 5, "Plan Width": 8, "Actual Startup Time": 0.0, "Actual Total Time": 0.0, "Recheck Cond": "(movie_id = mk.movie_id)", "Rows Removed by Index Recheck": 0, "Exact Heap Blocks": 0, "Lossy Heap Blocks": 0, "Plans": [{"Node Type": "Bitmap Index Scan", "Parent Relationship": "Outer", "Index Name": "movie_id_movie_link", "Startup Cost": 0.0, "Total Cost": 0.29, "Plan Rows": 5, "Plan Width": 0, "Actual Startup Time": 0.0, "Actual Total Time": 0.0, "Index Cond": "(movie_id = mk.movie_id)"}]}]}, {"Node Type": "Hash", "Parent Relationship": "Inner", "Startup Cost": 1.21, "Total Cost": 1.21, "Plan Rows": 1, "Plan Width": 16, "Actual Startup Time": 0.044, "Actual Total Time": 0.044, "Actual Rows": 0, "Actual Loops": 1, "Hash Buckets": 32768, "Hash Batches": 1, "Original Hash Batches": 1, "Peak Memory Usage": 0, "Plans": [{"Node Type": "Seq Scan", "Parent Relationship": "Outer", "Relation Name": "link_type", "Alias": "lt", "Startup Cost": 0.0, "Total Cost": 1.21, "Plan Rows": 1, "Plan Width": 16, "Actual Startup Time": 0.04, "Actual Total Time": 0.04, "Actual Rows": 0, "Actual Loops": 1, "Filter": "((link)::text ~~ '%follows%'::text)", "Rows Removed by Filter": 17}]}]}]}, "Triggers": [], "Planner Runtime": 77.65, "Total Runtime": 0.483, "Unique SQL Id": 4121279504}}, "(64, 99)": {"explain_plan": {"Plan": {"Node Type": "Aggregate", "Strategy": "Plain", "Startup Cost": 3451.4, "Total Cost": 3451.41, "Plan Rows": 1, "Plan Width": 144, "Plans": [{"Node Type": "Nested Loop", "Parent Relationship": "Outer", "Join Type": "Inner", "Startup Cost": 725.2, "Total Cost": 3451.4, "Plan Rows": 1, "Plan Width": 48, "Inner Unique": true, "Plans": [{"Node Type": "Nested Loop", "Parent Relationship": "Outer", "Join Type": "Inner", "Startup Cost": 724.95, "Total Cost": 3447.11, "Plan Rows": 1, "Plan Width": 40, "Inner Unique": false, "Join Filter": "(t.id = ml.movie_id)", "Plans": [{"Node Type": "Nested Loop", "Parent Relationship": "Outer", "Join Type": "Inner", "Startup Cost": 724.66, "Total Cost": 3442.7, "Plan Rows": 1, "Plan Width": 48, "Inner Unique": true, "Plans": [{"Node Type": "Nested Loop", "Parent Relationship": "Outer", "Join Type": "Inner", "Startup Cost": 724.4, "Total Cost": 3438.42, "Plan Rows": 1, "Plan Width": 52, "Inner Unique": true, "Plans": [{"Node Type": "Nested Loop", "Parent Relationship": "Outer", "Join Type": "Inner", "Startup Cost": 724.14, "Total Cost": 3434.13, "Plan Rows": 1, "Plan Width": 37, "Inner Unique": false, "Join Filter": "(t.id = mc.movie_id)", "Plans": [{"Node Type": "Nested Loop", "Parent Relationship": "Outer", "Join Type": "Inner", "Startup Cost": 723.87, "Total Cost": 3429.8, "Plan Rows": 1, "Plan Width": 25, "Inner Unique": true, "Plans": [{"Node Type": "Nested Loop", "Parent Relationship": "Outer", "Join Type": "Inner", "Startup Cost": 723.6, "Total Cost": 3288.12, "Plan Rows": 33, "Plan Width": 4, "Inner Unique": false, "Plans": [{"Node Type": "Bitmap Heap Scan", "Parent Relationship": "Outer", "Relation Name": "keyword", "Alias": "k", "Startup Cost": 719.1, "Total Cost": 3155.21, "Plan Rows": 1, "Plan Width": 4, "Filter": "((keyword)::text = 'sequel'::text)", "Plans": [{"Node Type": "Bitmap Index Scan", "Parent Relationship": "Outer", "Index Name": "keyword_pkey", "Startup Cost": 0.0, "Total Cost": 719.1, "Plan Rows": 134169, "Plan Width": 0}]}, {"Node Type": "Bitmap Heap Scan", "Parent Relationship": "Inner", "Relation Name": "movie_keyword", "Alias": "mk", "Startup Cost": 4.51, "Total Cost": 132.58, "Plan Rows": 33, "Plan Width": 8, "Recheck Cond": "(keyword_id = k.id)", "Plans": [{"Node Type": "Bitmap Index Scan", "Parent Relationship": "Outer", "Index Name": "keyword_id_movie_keyword", "Startup Cost": 0.0, "Total Cost": 4.5, "Plan Rows": 33, "Plan Width": 0, "Index Cond": "(keyword_id = k.id)"}]}]}, {"Node Type": "Bitmap Heap Scan", "Parent Relationship": "Inner", "Relation Name": "title", "Alias": "t", "Startup Cost": 0.27, "Total Cost": 4.28, "Plan Rows": 1, "Plan Width": 21, "Recheck Cond": "(id = mk.movie_id)", "Filter": "(((title)::text ~~ '%Money%'::text) AND (production_year = 1998))", "Plans": [{"Node Type": "Bitmap Index Scan", "Parent Relationship": "Outer", "Index Name": "title_pkey", "Startup Cost": 0.0, "Total Cost": 0.27, "Plan Rows": 1, "Plan Width": 0, "Index Cond": "(id = mk.movie_id)"}]}]}, {"Node Type": "Bitmap Heap Scan", "Parent Relationship": "Inner", "Relation Name": "movie_companies", "Alias": "mc", "Startup Cost": 0.27, "Total Cost": 4.3, "Plan Rows": 2, "Plan Width": 12, "Recheck Cond": "(movie_id = mk.movie_id)", "Filter": "(note IS NULL)", "Plans": [{"Node Type": "Bitmap Index Scan", "Parent Relationship": "Outer", "Index Name": "movie_id_movie_companies", "Startup Cost": 0.0, "Total Cost": 0.27, "Plan Rows": 2, "Plan Width": 0, "Index Cond": "(movie_id = mk.movie_id)"}]}]}, {"Node Type": "Bitmap Heap Scan", "Parent Relationship": "Inner", "Relation Name": "company_name", "Alias": "cn", "Startup Cost": 0.26, "Total Cost": 4.28, "Plan Rows": 1, "Plan Width": 23, "Recheck Cond": "(id = mc.company_id)", "Filter": "(((country_code)::text <> '[pl]'::text) AND (((name)::text ~~ '%Film%'::text) OR ((name)::text ~~ '%Warner%'::text)))", "Plans": [{"Node Type": "Bitmap Index Scan", "Parent Relationship": "Outer", "Index Name": "company_name_pkey", "Startup Cost": 0.0, "Total Cost": 0.26, "Plan Rows": 1, "Plan Width": 0, "Index Cond": "(id = mc.company_id)"}]}]}, {"Node Type": "Bitmap Heap Scan", "Parent Relationship": "Inner", "Relation Name": "company_type", "Alias": "ct", "Startup Cost": 0.26, "Total Cost": 4.27, "Plan Rows": 1, "Plan Width": 4, "Recheck Cond": "(id = mc.company_type_id)", "Filter": "((kind)::text = 'production companies'::text)", "Plans": [{"Node Type": "Bitmap Index Scan", "Parent Relationship": "Outer", "Index Name": "company_type_pkey", "Startup Cost": 0.0, "Total Cost": 0.26, "Plan Rows": 1, "Plan Width": 0, "Index Cond": "(id = mc.company_type_id)"}]}]}, {"Node Type": "Bitmap Heap Scan", "Parent Relationship": "Inner", "Relation Name": "movie_link", "Alias": "ml", "Startup Cost": 0.29, "Total Cost": 4.35, "Plan Rows": 5, "Plan Width": 8, "Recheck Cond": "(movie_id = mk.movie_id)", "Plans": [{"Node Type": "Bitmap Index Scan", "Parent Relationship": "Outer", "Index Name": "movie_id_movie_link", "Startup Cost": 0.0, "Total Cost": 0.29, "Plan Rows": 5, "Plan Width": 0, "Index Cond": "(movie_id = mk.movie_id)"}]}]}, {"Node Type": "Bitmap Heap Scan", "Parent Relationship": "Inner", "Relation Name": "link_type", "Alias": "lt", "Startup Cost": 0.26, "Total Cost": 4.27, "Plan Rows": 1, "Plan Width": 16, "Recheck Cond": "(id = ml.link_type_id)", "Filter": "((link)::text ~~ '%follows%'::text)", "Plans": [{"Node Type": "Bitmap Index Scan", "Parent Relationship": "Outer", "Index Name": "link_type_pkey", "Startup Cost": 0.0, "Total Cost": 0.26, "Plan Rows": 1, "Plan Width": 0, "Index Cond": "(id = ml.link_type_id)"}]}]}]}, "Unique SQL Id": 4121279504}, "explain_analyze_plan": {"Plan": {"Node Type": "Aggregate", "Strategy": "Plain", "Startup Cost": 3451.4, "Total Cost": 3451.41, "Plan Rows": 1, "Plan Width": 144, "Actual Startup Time": 161.722, "Actual Total Time": 161.723, "Actual Rows": 1, "Actual Loops": 1, "Plans": [{"Node Type": "Nested Loop", "Parent Relationship": "Outer", "Join Type": "Inner", "Startup Cost": 725.2, "Total Cost": 3451.4, "Plan Rows": 1, "Plan Width": 48, "Actual Startup Time": 161.712, "Actual Total Time": 161.712, "Actual Rows": 0, "Actual Loops": 1, "Inner Unique": true, "Plans": [{"Node Type": "Nested Loop", "Parent Relationship": "Outer", "Join Type": "Inner", "Startup Cost": 724.95, "Total Cost": 3447.11, "Plan Rows": 1, "Plan Width": 40, "Actual Startup Time": 19.997, "Actual Total Time": 161.571, "Actual Rows": 38, "Actual Loops": 1, "Inner Unique": false, "Join Filter": "(t.id = ml.movie_id)", "Rows Removed by Join Filter": 0, "Plans": [{"Node Type": "Nested Loop", "Parent Relationship": "Outer", "Join Type": "Inner", "Startup Cost": 724.66, "Total Cost": 3442.7, "Plan Rows": 1, "Plan Width": 48, "Actual Startup Time": 19.97, "Actual Total Time": 161.514, "Actual Rows": 2, "Actual Loops": 1, "Inner Unique": true, "Plans": [{"Node Type": "Nested Loop", "Parent Relationship": "Outer", "Join Type": "Inner", "Startup Cost": 724.4, "Total Cost": 3438.42, "Plan Rows": 1, "Plan Width": 52, "Actual Startup Time": 19.958, "Actual Total Time": 161.497, "Actual Rows": 2, "Actual Loops": 1, "Inner Unique": true, "Plans": [{"Node Type": "Nested Loop", "Parent Relationship": "Outer", "Join Type": "Inner", "Startup Cost": 724.14, "Total Cost": 3434.13, "Plan Rows": 1, "Plan Width": 37, "Actual Startup Time": 19.933, "Actual Total Time": 161.449, "Actual Rows": 3, "Actual Loops": 1, "Inner Unique": false, "Join Filter": "(t.id = mc.movie_id)", "Rows Removed by Join Filter": 0, "Plans": [{"Node Type": "Nested Loop", "Parent Relationship": "Outer", "Join Type": "Inner", "Startup Cost": 723.87, "Total Cost": 3429.8, "Plan Rows": 1, "Plan Width": 25, "Actual Startup Time": 19.903, "Actual Total Time": 161.415, "Actual Rows": 1, "Actual Loops": 1, "Inner Unique": true, "Plans": [{"Node Type": "Nested Loop", "Parent Relationship": "Outer", "Join Type": "Inner", "Startup Cost": 723.6, "Total Cost": 3288.12, "Plan Rows": 33, "Plan Width": 4, "Actual Startup Time": 19.48, "Actual Total Time": 84.809, "Actual Rows": 10544, "Actual Loops": 1, "Inner Unique": false, "Plans": [{"Node Type": "Bitmap Heap Scan", "Parent Relationship": "Outer", "Relation Name": "keyword", "Alias": "k", "Startup Cost": 719.1, "Total Cost": 3155.21, "Plan Rows": 1, "Plan Width": 4, "Actual Startup Time": 16.533, "Actual Total Time": 64.286, "Actual Rows": 1, "Actual Loops": 1, "Filter": "((keyword)::text = 'sequel'::text)", "Rows Removed by Filter": 134168, "Exact Heap Blocks": 759, "Lossy Heap Blocks": 759, "Plans": [{"Node Type": "Bitmap Index Scan", "Parent Relationship": "Outer", "Index Name": "keyword_pkey", "Startup Cost": 0.0, "Total Cost": 719.1, "Plan Rows": 134169, "Plan Width": 0, "Actual Startup Time": 13.54, "Actual Total Time": 13.54, "Actual Rows": 134169, "Actual Loops": 1}]}, {"Node Type": "Bitmap Heap Scan", "Parent Relationship": "Inner", "Relation Name": "movie_keyword", "Alias": "mk", "Startup Cost": 4.51, "Total Cost": 132.58, "Plan Rows": 33, "Plan Width": 8, "Actual Startup Time": 2.933, "Actual Total Time": 18.397, "Actual Rows": 10544, "Actual Loops": 1, "Recheck Cond": "(keyword_id = k.id)", "Rows Removed by Index Recheck": 0, "Exact Heap Blocks": 5090, "Lossy Heap Blocks": 5090, "Plans": [{"Node Type": "Bitmap Index Scan", "Parent Relationship": "Outer", "Index Name": "keyword_id_movie_keyword", "Startup Cost": 0.0, "Total Cost": 4.5, "Plan Rows": 33, "Plan Width": 0, "Actual Startup Time": 2.017, "Actual Total Time": 2.017, "Actual Rows": 10544, "Actual Loops": 1, "Index Cond": "(keyword_id = k.id)"}]}]}, {"Node Type": "Bitmap Heap Scan", "Parent Relationship": "Inner", "Relation Name": "title", "Alias": "t", "Startup Cost": 0.27, "Total Cost": 4.28, "Plan Rows": 1, "Plan Width": 21, "Actual Startup Time": 64.824, "Actual Total Time": 64.824, "Actual Rows": 1, "Actual Loops": 10544, "Recheck Cond": "(id = mk.movie_id)", "Rows Removed by Index Recheck": 0, "Filter": "(((title)::text ~~ '%Money%'::text) AND (production_year = 1998))", "Rows Removed by Filter": 10543, "Exact Heap Blocks": 10544, "Lossy Heap Blocks": 10544, "Plans": [{"Node Type": "Bitmap Index Scan", "Parent Relationship": "Outer", "Index Name": "title_pkey", "Startup Cost": 0.0, "Total Cost": 0.27, "Plan Rows": 1, "Plan Width": 0, "Actual Startup Time": 31.063, "Actual Total Time": 31.063, "Actual Rows": 10544, "Actual Loops": 10544, "Index Cond": "(id = mk.movie_id)"}]}]}, {"Node Type": "Bitmap Heap Scan", "Parent Relationship": "Inner", "Relation Name": "movie_companies", "Alias": "mc", "Startup Cost": 0.27, "Total Cost": 4.3, "Plan Rows": 2, "Plan Width": 12, "Actual Startup Time": 0.024, "Actual Total Time": 0.025, "Actual Rows": 3, "Actual Loops": 1, "Recheck Cond": "(movie_id = mk.movie_id)", "Rows Removed by Index Recheck": 0, "Filter": "(note IS NULL)", "Rows Removed by Filter": 1, "Exact Heap Blocks": 2, "Lossy Heap Blocks": 2, "Plans": [{"Node Type": "Bitmap Index Scan", "Parent Relationship": "Outer", "Index Name": "movie_id_movie_companies", "Startup Cost": 0.0, "Total Cost": 0.27, "Plan Rows": 2, "Plan Width": 0, "Actual Startup Time": 0.012, "Actual Total Time": 0.012, "Actual Rows": 4, "Actual Loops": 1, "Index Cond": "(movie_id = mk.movie_id)"}]}]}, {"Node Type": "Bitmap Heap Scan", "Parent Relationship": "Inner", "Relation Name": "company_name", "Alias": "cn", "Startup Cost": 0.26, "Total Cost": 4.28, "Plan Rows": 1, "Plan Width": 23, "Actual Startup Time": 0.041, "Actual Total Time": 0.041, "Actual Rows": 2, "Actual Loops": 3, "Recheck Cond": "(id = mc.company_id)", "Rows Removed by Index Recheck": 0, "Filter": "(((country_code)::text <> '[pl]'::text) AND (((name)::text ~~ '%Film%'::text) OR ((name)::text ~~ '%Warner%'::text)))", "Rows Removed by Filter": 1, "Exact Heap Blocks": 3, "Lossy Heap Blocks": 3, "Plans": [{"Node Type": "Bitmap Index Scan", "Parent Relationship": "Outer", "Index Name": "company_name_pkey", "Startup Cost": 0.0, "Total Cost": 0.26, "Plan Rows": 1, "Plan Width": 0, "Actual Startup Time": 0.02, "Actual Total Time": 0.02, "Actual Rows": 3, "Actual Loops": 3, "Index Cond": "(id = mc.company_id)"}]}]}, {"Node Type": "Bitmap Heap Scan", "Parent Relationship": "Inner", "Relation Name": "company_type", "Alias": "ct", "Startup Cost": 0.26, "Total Cost": 4.27, "Plan Rows": 1, "Plan Width": 4, "Actual Startup Time": 0.013, "Actual Total Time": 0.013, "Actual Rows": 2, "Actual Loops": 2, "Recheck Cond": "(id = mc.company_type_id)", "Rows Removed by Index Recheck": 0, "Filter": "((kind)::text = 'production companies'::text)", "Rows Removed by Filter": 0, "Exact Heap Blocks": 2, "Lossy Heap Blocks": 2, "Plans": [{"Node Type": "Bitmap Index Scan", "Parent Relationship": "Outer", "Index Name": "company_type_pkey", "Startup Cost": 0.0, "Total Cost": 0.26, "Plan Rows": 1, "Plan Width": 0, "Actual Startup Time": 0.004, "Actual Total Time": 0.004, "Actual Rows": 2, "Actual Loops": 2, "Index Cond": "(id = mc.company_type_id)"}]}]}, {"Node Type": "Bitmap Heap Scan", "Parent Relationship": "Inner", "Relation Name": "movie_link", "Alias": "ml", "Startup Cost": 0.29, "Total Cost": 4.35, "Plan Rows": 5, "Plan Width": 8, "Actual Startup Time": 0.025, "Actual Total Time": 0.028, "Actual Rows": 38, "Actual Loops": 2, "Recheck Cond": "(movie_id = mk.movie_id)", "Rows Removed by Index Recheck": 0, "Exact Heap Blocks": 2, "Lossy Heap Blocks": 2, "Plans": [{"Node Type": "Bitmap Index Scan", "Parent Relationship": "Outer", "Index Name": "movie_id_movie_link", "Startup Cost": 0.0, "Total Cost": 0.29, "Plan Rows": 5, "Plan Width": 0, "Actual Startup Time": 0.013, "Actual Total Time": 0.013, "Actual Rows": 38, "Actual Loops": 2, "Index Cond": "(movie_id = mk.movie_id)"}]}]}, {"Node Type": "Bitmap Heap Scan", "Parent Relationship": "Inner", "Relation Name": "link_type", "Alias": "lt", "Startup Cost": 0.26, "Total Cost": 4.27, "Plan Rows": 1, "Plan Width": 16, "Actual Startup Time": 0.097, "Actual Total Time": 0.097, "Actual Rows": 0, "Actual Loops": 38, "Recheck Cond": "(id = ml.link_type_id)", "Rows Removed by Index Recheck": 0, "Filter": "((link)::text ~~ '%follows%'::text)", "Rows Removed by Filter": 24, "Exact Heap Blocks": 24, "Lossy Heap Blocks": 24, "Plans": [{"Node Type": "Bitmap Index Scan", "Parent Relationship": "Outer", "Index Name": "link_type_pkey", "Startup Cost": 0.0, "Total Cost": 0.26, "Plan Rows": 1, "Plan Width": 0, "Actual Startup Time": 0.039, "Actual Total Time": 0.039, "Actual Rows": 24, "Actual Loops": 38, "Index Cond": "(id = ml.link_type_id)"}]}]}]}, "Triggers": [], "Planner Runtime": 60.458, "Total Runtime": 162.221, "Unique SQL Id": 4121279504}}, "(64, 100)": {"explain_plan": {"Plan": {"Node Type": "Aggregate", "Strategy": "Plain", "Startup Cost": 2581.34, "Total Cost": 2581.35, "Plan Rows": 1, "Plan Width": 144, "Plans": [{"Node Type": "Nested Loop", "Parent Relationship": "Outer", "Join Type": "Inner", "Startup Cost": 4.51, "Total Cost": 2581.33, "Plan Rows": 1, "Plan Width": 48, "Inner Unique": true, "Plans": [{"Node Type": "Nested Loop", "Parent Relationship": "Outer", "Join Type": "Inner", "Startup Cost": 4.51, "Total Cost": 2581.05, "Plan Rows": 1, "Plan Width": 40, "Inner Unique": false, "Join Filter": "(t.id = ml.movie_id)", "Plans": [{"Node Type": "Nested Loop", "Parent Relationship": "Outer", "Join Type": "Inner", "Startup Cost": 4.51, "Total Cost": 2580.63, "Plan Rows": 1, "Plan Width": 48, "Inner Unique": true, "Plans": [{"Node Type": "Nested Loop", "Parent Relationship": "Outer", "Join Type": "Inner", "Startup Cost": 4.51, "Total Cost": 2580.35, "Plan Rows": 1, "Plan Width": 52, "Inner Unique": true, "Plans": [{"Node Type": "Nested Loop", "Parent Relationship": "Outer", "Join Type": "Inner", "Startup Cost": 4.51, "Total Cost": 2580.05, "Plan Rows": 1, "Plan Width": 37, "Inner Unique": false, "Join Filter": "(t.id = mc.movie_id)", "Plans": [{"Node Type": "Nested Loop", "Parent Relationship": "Outer", "Join Type": "Inner", "Startup Cost": 4.51, "Total Cost": 2579.71, "Plan Rows": 1, "Plan Width": 25, "Inner Unique": true, "Plans": [{"Node Type": "Nested Loop", "Parent Relationship": "Outer", "Join Type": "Inner", "Startup Cost": 4.51, "Total Cost": 2569.02, "Plan Rows": 33, "Plan Width": 4, "Inner Unique": false, "Plans": [{"Node Type": "Seq Scan", "Parent Relationship": "Outer", "Relation Name": "keyword", "Alias": "k", "Startup Cost": 0.0, "Total Cost": 2436.11, "Plan Rows": 1, "Plan Width": 4, "Filter": "((keyword)::text = 'sequel'::text)"}, {"Node Type": "Bitmap Heap Scan", "Parent Relationship": "Inner", "Relation Name": "movie_keyword", "Alias": "mk", "Startup Cost": 4.51, "Total Cost": 132.58, "Plan Rows": 33, "Plan Width": 8, "Recheck Cond": "(keyword_id = k.id)", "Plans": [{"Node Type": "Bitmap Index Scan", "Parent Relationship": "Outer", "Index Name": "keyword_id_movie_keyword", "Startup Cost": 0.0, "Total Cost": 4.5, "Plan Rows": 33, "Plan Width": 0, "Index Cond": "(keyword_id = k.id)"}]}]}, {"Node Type": "Index Scan", "Parent Relationship": "Inner", "Scan Direction": "Forward", "Index Name": "title_pkey", "Relation Name": "title", "Alias": "t", "Startup Cost": 0.0, "Total Cost": 0.31, "Plan Rows": 1, "Plan Width": 21, "Index Cond": "(id = mk.movie_id)", "Filter": "(((title)::text ~~ '%Money%'::text) AND (production_year = 1998))"}]}, {"Node Type": "Index Scan", "Parent Relationship": "Inner", "Scan Direction": "Forward", "Index Name": "movie_id_movie_companies", "Relation Name": "movie_companies", "Alias": "mc", "Startup Cost": 0.0, "Total Cost": 0.31, "Plan Rows": 2, "Plan Width": 12, "Index Cond": "(movie_id = mk.movie_id)", "Filter": "(note IS NULL)"}]}, {"Node Type": "Index Scan", "Parent Relationship": "Inner", "Scan Direction": "Forward", "Index Name": "company_name_pkey", "Relation Name": "company_name", "Alias": "cn", "Startup Cost": 0.0, "Total Cost": 0.29, "Plan Rows": 1, "Plan Width": 23, "Index Cond": "(id = mc.company_id)", "Filter": "(((country_code)::text <> '[pl]'::text) AND (((name)::text ~~ '%Film%'::text) OR ((name)::text ~~ '%Warner%'::text)))"}]}, {"Node Type": "Index Scan", "Parent Relationship": "Inner", "Scan Direction": "Forward", "Index Name": "company_type_pkey", "Relation Name": "company_type", "Alias": "ct", "Startup Cost": 0.0, "Total Cost": 0.27, "Plan Rows": 1, "Plan Width": 4, "Index Cond": "(id = mc.company_type_id)", "Filter": "((kind)::text = 'production companies'::text)"}]}, {"Node Type": "Index Scan", "Parent Relationship": "Inner", "Scan Direction": "Forward", "Index Name": "movie_id_movie_link", "Relation Name": "movie_link", "Alias": "ml", "Startup Cost": 0.0, "Total Cost": 0.35, "Plan Rows": 5, "Plan Width": 8, "Index Cond": "(movie_id = mk.movie_id)"}]}, {"Node Type": "Index Scan", "Parent Relationship": "Inner", "Scan Direction": "Forward", "Index Name": "link_type_pkey", "Relation Name": "link_type", "Alias": "lt", "Startup Cost": 0.0, "Total Cost": 0.27, "Plan Rows": 1, "Plan Width": 16, "Index Cond": "(id = ml.link_type_id)", "Filter": "((link)::text ~~ '%follows%'::text)"}]}]}, "Unique SQL Id": 4121279504}, "explain_analyze_plan": {"Plan": {"Node Type": "Aggregate", "Strategy": "Plain", "Startup Cost": 2581.34, "Total Cost": 2581.35, "Plan Rows": 1, "Plan Width": 144, "Actual Startup Time": 123.557, "Actual Total Time": 123.557, "Actual Rows": 1, "Actual Loops": 1, "Plans": [{"Node Type": "Nested Loop", "Parent Relationship": "Outer", "Join Type": "Inner", "Startup Cost": 4.51, "Total Cost": 2581.33, "Plan Rows": 1, "Plan Width": 48, "Actual Startup Time": 123.547, "Actual Total Time": 123.547, "Actual Rows": 0, "Actual Loops": 1, "Inner Unique": true, "Plans": [{"Node Type": "Nested Loop", "Parent Relationship": "Outer", "Join Type": "Inner", "Startup Cost": 4.51, "Total Cost": 2581.05, "Plan Rows": 1, "Plan Width": 40, "Actual Startup Time": 5.886, "Actual Total Time": 123.447, "Actual Rows": 38, "Actual Loops": 1, "Inner Unique": false, "Join Filter": "(t.id = ml.movie_id)", "Rows Removed by Join Filter": 0, "Plans": [{"Node Type": "Nested Loop", "Parent Relationship": "Outer", "Join Type": "Inner", "Startup Cost": 4.51, "Total Cost": 2580.63, "Plan Rows": 1, "Plan Width": 48, "Actual Startup Time": 5.866, "Actual Total Time": 123.392, "Actual Rows": 2, "Actual Loops": 1, "Inner Unique": true, "Plans": [{"Node Type": "Nested Loop", "Parent Relationship": "Outer", "Join Type": "Inner", "Startup Cost": 4.51, "Total Cost": 2580.35, "Plan Rows": 1, "Plan Width": 52, "Actual Startup Time": 5.855, "Actual Total Time": 123.377, "Actual Rows": 2, "Actual Loops": 1, "Inner Unique": true, "Plans": [{"Node Type": "Nested Loop", "Parent Relationship": "Outer", "Join Type": "Inner", "Startup Cost": 4.51, "Total Cost": 2580.05, "Plan Rows": 1, "Plan Width": 37, "Actual Startup Time": 5.834, "Actual Total Time": 123.335, "Actual Rows": 3, "Actual Loops": 1, "Inner Unique": false, "Join Filter": "(t.id = mc.movie_id)", "Rows Removed by Join Filter": 0, "Plans": [{"Node Type": "Nested Loop", "Parent Relationship": "Outer", "Join Type": "Inner", "Startup Cost": 4.51, "Total Cost": 2579.71, "Plan Rows": 1, "Plan Width": 25, "Actual Startup Time": 5.809, "Actual Total Time": 123.305, "Actual Rows": 1, "Actual Loops": 1, "Inner Unique": true, "Plans": [{"Node Type": "Nested Loop", "Parent Relationship": "Outer", "Join Type": "Inner", "Startup Cost": 4.51, "Total Cost": 2569.02, "Plan Rows": 33, "Plan Width": 4, "Actual Startup Time": 5.443, "Actual Total Time": 62.982, "Actual Rows": 10544, "Actual Loops": 1, "Inner Unique": false, "Plans": [{"Node Type": "Seq Scan", "Parent Relationship": "Outer", "Relation Name": "keyword", "Alias": "k", "Startup Cost": 0.0, "Total Cost": 2436.11, "Plan Rows": 1, "Plan Width": 4, "Actual Startup Time": 2.358, "Actual Total Time": 41.641, "Actual Rows": 1, "Actual Loops": 1, "Filter": "((keyword)::text = 'sequel'::text)", "Rows Removed by Filter": 134168}, {"Node Type": "Bitmap Heap Scan", "Parent Relationship": "Inner", "Relation Name": "movie_keyword", "Alias": "mk", "Startup Cost": 4.51, "Total Cost": 132.58, "Plan Rows": 33, "Plan Width": 8, "Actual Startup Time": 3.074, "Actual Total Time": 19.121, "Actual Rows": 10544, "Actual Loops": 1, "Recheck Cond": "(keyword_id = k.id)", "Rows Removed by Index Recheck": 0, "Exact Heap Blocks": 5090, "Lossy Heap Blocks": 5090, "Plans": [{"Node Type": "Bitmap Index Scan", "Parent Relationship": "Outer", "Index Name": "keyword_id_movie_keyword", "Startup Cost": 0.0, "Total Cost": 4.5, "Plan Rows": 33, "Plan Width": 0, "Actual Startup Time": 2.162, "Actual Total Time": 2.162, "Actual Rows": 10544, "Actual Loops": 1, "Index Cond": "(keyword_id = k.id)"}]}]}, {"Node Type": "Index Scan", "Parent Relationship": "Inner", "Scan Direction": "Forward", "Index Name": "title_pkey", "Relation Name": "title", "Alias": "t", "Startup Cost": 0.0, "Total Cost": 0.31, "Plan Rows": 1, "Plan Width": 21, "Actual Startup Time": 54.966, "Actual Total Time": 54.966, "Actual Rows": 1, "Actual Loops": 10544, "Index Cond": "(id = mk.movie_id)", "Rows Removed by Index Recheck": 0, "Filter": "(((title)::text ~~ '%Money%'::text) AND (production_year = 1998))", "Rows Removed by Filter": 10543}]}, {"Node Type": "Index Scan", "Parent Relationship": "Inner", "Scan Direction": "Forward", "Index Name": "movie_id_movie_companies", "Relation Name": "movie_companies", "Alias": "mc", "Startup Cost": 0.0, "Total Cost": 0.31, "Plan Rows": 2, "Plan Width": 12, "Actual Startup Time": 0.019, "Actual Total Time": 0.022, "Actual Rows": 3, "Actual Loops": 1, "Index Cond": "(movie_id = mk.movie_id)", "Rows Removed by Index Recheck": 0, "Filter": "(note IS NULL)", "Rows Removed by Filter": 1}]}, {"Node Type": "Index Scan", "Parent Relationship": "Inner", "Scan Direction": "Forward", "Index Name": "company_name_pkey", "Relation Name": "company_name", "Alias": "cn", "Startup Cost": 0.0, "Total Cost": 0.29, "Plan Rows": 1, "Plan Width": 23, "Actual Startup Time": 0.037, "Actual Total Time": 0.037, "Actual Rows": 2, "Actual Loops": 3, "Index Cond": "(id = mc.company_id)", "Rows Removed by Index Recheck": 0, "Filter": "(((country_code)::text <> '[pl]'::text) AND (((name)::text ~~ '%Film%'::text) OR ((name)::text ~~ '%Warner%'::text)))", "Rows Removed by Filter": 1}]}, {"Node Type": "Index Scan", "Parent Relationship": "Inner", "Scan Direction": "Forward", "Index Name": "company_type_pkey", "Relation Name": "company_type", "Alias": "ct", "Startup Cost": 0.0, "Total Cost": 0.27, "Plan Rows": 1, "Plan Width": 4, "Actual Startup Time": 0.011, "Actual Total Time": 0.011, "Actual Rows": 2, "Actual Loops": 2, "Index Cond": "(id = mc.company_type_id)", "Rows Removed by Index Recheck": 0, "Filter": "((kind)::text = 'production companies'::text)", "Rows Removed by Filter": 0}]}, {"Node Type": "Index Scan", "Parent Relationship": "Inner", "Scan Direction": "Forward", "Index Name": "movie_id_movie_link", "Relation Name": "movie_link", "Alias": "ml", "Startup Cost": 0.0, "Total Cost": 0.35, "Plan Rows": 5, "Plan Width": 8, "Actual Startup Time": 0.016, "Actual Total Time": 0.029, "Actual Rows": 38, "Actual Loops": 2, "Index Cond": "(movie_id = mk.movie_id)", "Rows Removed by Index Recheck": 0}]}, {"Node Type": "Index Scan", "Parent Relationship": "Inner", "Scan Direction": "Forward", "Index Name": "link_type_pkey", "Relation Name": "link_type", "Alias": "lt", "Startup Cost": 0.0, "Total Cost": 0.27, "Plan Rows": 1, "Plan Width": 16, "Actual Startup Time": 0.076, "Actual Total Time": 0.076, "Actual Rows": 0, "Actual Loops": 38, "Index Cond": "(id = ml.link_type_id)", "Rows Removed by Index Recheck": 0, "Filter": "((link)::text ~~ '%follows%'::text)", "Rows Removed by Filter": 24}]}]}, "Triggers": [], "Planner Runtime": 80.823, "Total Runtime": 124.133, "Unique SQL Id": 4121279504}}, "(64, 101)": {"explain_plan": {"Plan": {"Node Type": "Aggregate", "Strategy": "Plain", "Startup Cost": 3327.94, "Total Cost": 3327.95, "Plan Rows": 1, "Plan Width": 144, "Plans": [{"Node Type": "Nested Loop", "Parent Relationship": "Outer", "Join Type": "Inner", "Startup Cost": 4.51, "Total Cost": 3327.93, "Plan Rows": 1, "Plan Width": 48, "Inner Unique": true, "Plans": [{"Node Type": "Nested Loop", "Parent Relationship": "Outer", "Join Type": "Inner", "Startup Cost": 4.51, "Total Cost": 3327.65, "Plan Rows": 1, "Plan Width": 40, "Inner Unique": false, "Join Filter": "(t.id = ml.movie_id)", "Plans": [{"Node Type": "Nested Loop", "Parent Relationship": "Outer", "Join Type": "Inner", "Startup Cost": 4.51, "Total Cost": 3327.24, "Plan Rows": 1, "Plan Width": 48, "Inner Unique": true, "Plans": [{"Node Type": "Nested Loop", "Parent Relationship": "Outer", "Join Type": "Inner", "Startup Cost": 4.51, "Total Cost": 3326.95, "Plan Rows": 1, "Plan Width": 52, "Inner Unique": true, "Plans": [{"Node Type": "Nested Loop", "Parent Relationship": "Outer", "Join Type": "Inner", "Startup Cost": 4.51, "Total Cost": 3326.66, "Plan Rows": 1, "Plan Width": 37, "Inner Unique": false, "Join Filter": "(t.id = mc.movie_id)", "Plans": [{"Node Type": "Nested Loop", "Parent Relationship": "Outer", "Join Type": "Inner", "Startup Cost": 4.51, "Total Cost": 3326.32, "Plan Rows": 1, "Plan Width": 25, "Inner Unique": true, "Plans": [{"Node Type": "Nested Loop", "Parent Relationship": "Outer", "Join Type": "Inner", "Startup Cost": 4.51, "Total Cost": 3315.63, "Plan Rows": 33, "Plan Width": 4, "Inner Unique": false, "Plans": [{"Node Type": "Index Scan", "Parent Relationship": "Outer", "Scan Direction": "Forward", "Index Name": "keyword_pkey", "Relation Name": "keyword", "Alias": "k", "Startup Cost": 0.0, "Total Cost": 3182.72, "Plan Rows": 1, "Plan Width": 4, "Filter": "((keyword)::text = 'sequel'::text)"}, {"Node Type": "Bitmap Heap Scan", "Parent Relationship": "Inner", "Relation Name": "movie_keyword", "Alias": "mk", "Startup Cost": 4.51, "Total Cost": 132.58, "Plan Rows": 33, "Plan Width": 8, "Recheck Cond": "(keyword_id = k.id)", "Plans": [{"Node Type": "Bitmap Index Scan", "Parent Relationship": "Outer", "Index Name": "keyword_id_movie_keyword", "Startup Cost": 0.0, "Total Cost": 4.5, "Plan Rows": 33, "Plan Width": 0, "Index Cond": "(keyword_id = k.id)"}]}]}, {"Node Type": "Index Scan", "Parent Relationship": "Inner", "Scan Direction": "Forward", "Index Name": "title_pkey", "Relation Name": "title", "Alias": "t", "Startup Cost": 0.0, "Total Cost": 0.31, "Plan Rows": 1, "Plan Width": 21, "Index Cond": "(id = mk.movie_id)", "Filter": "(((title)::text ~~ '%Money%'::text) AND (production_year = 1998))"}]}, {"Node Type": "Index Scan", "Parent Relationship": "Inner", "Scan Direction": "Forward", "Index Name": "movie_id_movie_companies", "Relation Name": "movie_companies", "Alias": "mc", "Startup Cost": 0.0, "Total Cost": 0.31, "Plan Rows": 2, "Plan Width": 12, "Index Cond": "(movie_id = mk.movie_id)", "Filter": "(note IS NULL)"}]}, {"Node Type": "Index Scan", "Parent Relationship": "Inner", "Scan Direction": "Forward", "Index Name": "company_name_pkey", "Relation Name": "company_name", "Alias": "cn", "Startup Cost": 0.0, "Total Cost": 0.29, "Plan Rows": 1, "Plan Width": 23, "Index Cond": "(id = mc.company_id)", "Filter": "(((country_code)::text <> '[pl]'::text) AND (((name)::text ~~ '%Film%'::text) OR ((name)::text ~~ '%Warner%'::text)))"}]}, {"Node Type": "Index Scan", "Parent Relationship": "Inner", "Scan Direction": "Forward", "Index Name": "company_type_pkey", "Relation Name": "company_type", "Alias": "ct", "Startup Cost": 0.0, "Total Cost": 0.27, "Plan Rows": 1, "Plan Width": 4, "Index Cond": "(id = mc.company_type_id)", "Filter": "((kind)::text = 'production companies'::text)"}]}, {"Node Type": "Index Scan", "Parent Relationship": "Inner", "Scan Direction": "Forward", "Index Name": "movie_id_movie_link", "Relation Name": "movie_link", "Alias": "ml", "Startup Cost": 0.0, "Total Cost": 0.35, "Plan Rows": 5, "Plan Width": 8, "Index Cond": "(movie_id = mk.movie_id)"}]}, {"Node Type": "Index Scan", "Parent Relationship": "Inner", "Scan Direction": "Forward", "Index Name": "link_type_pkey", "Relation Name": "link_type", "Alias": "lt", "Startup Cost": 0.0, "Total Cost": 0.27, "Plan Rows": 1, "Plan Width": 16, "Index Cond": "(id = ml.link_type_id)", "Filter": "((link)::text ~~ '%follows%'::text)"}]}]}, "Unique SQL Id": 4121279504}, "explain_analyze_plan": {"Plan": {"Node Type": "Aggregate", "Strategy": "Plain", "Startup Cost": 3327.94, "Total Cost": 3327.95, "Plan Rows": 1, "Plan Width": 144, "Actual Startup Time": 206.836, "Actual Total Time": 206.836, "Actual Rows": 1, "Actual Loops": 1, "Plans": [{"Node Type": "Nested Loop", "Parent Relationship": "Outer", "Join Type": "Inner", "Startup Cost": 4.51, "Total Cost": 3327.93, "Plan Rows": 1, "Plan Width": 48, "Actual Startup Time": 206.83, "Actual Total Time": 206.83, "Actual Rows": 0, "Actual Loops": 1, "Inner Unique": true, "Plans": [{"Node Type": "Nested Loop", "Parent Relationship": "Outer", "Join Type": "Inner", "Startup Cost": 4.51, "Total Cost": 3327.65, "Plan Rows": 1, "Plan Width": 40, "Actual Startup Time": 4.134, "Actual Total Time": 206.74, "Actual Rows": 38, "Actual Loops": 1, "Inner Unique": false, "Join Filter": "(t.id = ml.movie_id)", "Rows Removed by Join Filter": 0, "Plans": [{"Node Type": "Nested Loop", "Parent Relationship": "Outer", "Join Type": "Inner", "Startup Cost": 4.51, "Total Cost": 3327.24, "Plan Rows": 1, "Plan Width": 48, "Actual Startup Time": 4.119, "Actual Total Time": 206.686, "Actual Rows": 2, "Actual Loops": 1, "Inner Unique": true, "Plans": [{"Node Type": "Nested Loop", "Parent Relationship": "Outer", "Join Type": "Inner", "Startup Cost": 4.51, "Total Cost": 3326.95, "Plan Rows": 1, "Plan Width": 52, "Actual Startup Time": 4.11, "Actual Total Time": 206.673, "Actual Rows": 2, "Actual Loops": 1, "Inner Unique": true, "Plans": [{"Node Type": "Nested Loop", "Parent Relationship": "Outer", "Join Type": "Inner", "Startup Cost": 4.51, "Total Cost": 3326.66, "Plan Rows": 1, "Plan Width": 37, "Actual Startup Time": 4.093, "Actual Total Time": 206.639, "Actual Rows": 3, "Actual Loops": 1, "Inner Unique": false, "Join Filter": "(t.id = mc.movie_id)", "Rows Removed by Join Filter": 0, "Plans": [{"Node Type": "Nested Loop", "Parent Relationship": "Outer", "Join Type": "Inner", "Startup Cost": 4.51, "Total Cost": 3326.32, "Plan Rows": 1, "Plan Width": 25, "Actual Startup Time": 4.075, "Actual Total Time": 206.617, "Actual Rows": 1, "Actual Loops": 1, "Inner Unique": true, "Plans": [{"Node Type": "Nested Loop", "Parent Relationship": "Outer", "Join Type": "Inner", "Startup Cost": 4.51, "Total Cost": 3315.63, "Plan Rows": 33, "Plan Width": 4, "Actual Startup Time": 3.756, "Actual Total Time": 147.383, "Actual Rows": 10544, "Actual Loops": 1, "Inner Unique": false, "Plans": [{"Node Type": "Index Scan", "Parent Relationship": "Outer", "Scan Direction": "Forward", "Index Name": "keyword_pkey", "Relation Name": "keyword", "Alias": "k", "Startup Cost": 0.0, "Total Cost": 3182.72, "Plan Rows": 1, "Plan Width": 4, "Actual Startup Time": 0.512, "Actual Total Time": 126.311, "Actual Rows": 1, "Actual Loops": 1, "Filter": "((keyword)::text = 'sequel'::text)", "Rows Removed by Filter": 134168}, {"Node Type": "Bitmap Heap Scan", "Parent Relationship": "Inner", "Relation Name": "movie_keyword", "Alias": "mk", "Startup Cost": 4.51, "Total Cost": 132.58, "Plan Rows": 33, "Plan Width": 8, "Actual Startup Time": 3.236, "Actual Total Time": 18.868, "Actual Rows": 10544, "Actual Loops": 1, "Recheck Cond": "(keyword_id = k.id)", "Rows Removed by Index Recheck": 0, "Exact Heap Blocks": 5090, "Lossy Heap Blocks": 5090, "Plans": [{"Node Type": "Bitmap Index Scan", "Parent Relationship": "Outer", "Index Name": "keyword_id_movie_keyword", "Startup Cost": 0.0, "Total Cost": 4.5, "Plan Rows": 33, "Plan Width": 0, "Actual Startup Time": 2.291, "Actual Total Time": 2.291, "Actual Rows": 10544, "Actual Loops": 1, "Index Cond": "(keyword_id = k.id)"}]}]}, {"Node Type": "Index Scan", "Parent Relationship": "Inner", "Scan Direction": "Forward", "Index Name": "title_pkey", "Relation Name": "title", "Alias": "t", "Startup Cost": 0.0, "Total Cost": 0.31, "Plan Rows": 1, "Plan Width": 21, "Actual Startup Time": 53.865, "Actual Total Time": 53.865, "Actual Rows": 1, "Actual Loops": 10544, "Index Cond": "(id = mk.movie_id)", "Rows Removed by Index Recheck": 0, "Filter": "(((title)::text ~~ '%Money%'::text) AND (production_year = 1998))", "Rows Removed by Filter": 10543}]}, {"Node Type": "Index Scan", "Parent Relationship": "Inner", "Scan Direction": "Forward", "Index Name": "movie_id_movie_companies", "Relation Name": "movie_companies", "Alias": "mc", "Startup Cost": 0.0, "Total Cost": 0.31, "Plan Rows": 2, "Plan Width": 12, "Actual Startup Time": 0.015, "Actual Total Time": 0.018, "Actual Rows": 3, "Actual Loops": 1, "Index Cond": "(movie_id = mk.movie_id)", "Rows Removed by Index Recheck": 0, "Filter": "(note IS NULL)", "Rows Removed by Filter": 1}]}, {"Node Type": "Index Scan", "Parent Relationship": "Inner", "Scan Direction": "Forward", "Index Name": "company_name_pkey", "Relation Name": "company_name", "Alias": "cn", "Startup Cost": 0.0, "Total Cost": 0.29, "Plan Rows": 1, "Plan Width": 23, "Actual Startup Time": 0.028, "Actual Total Time": 0.028, "Actual Rows": 2, "Actual Loops": 3, "Index Cond": "(id = mc.company_id)", "Rows Removed by Index Recheck": 0, "Filter": "(((country_code)::text <> '[pl]'::text) AND (((name)::text ~~ '%Film%'::text) OR ((name)::text ~~ '%Warner%'::text)))", "Rows Removed by Filter": 1}]}, {"Node Type": "Index Scan", "Parent Relationship": "Inner", "Scan Direction": "Forward", "Index Name": "company_type_pkey", "Relation Name": "company_type", "Alias": "ct", "Startup Cost": 0.0, "Total Cost": 0.27, "Plan Rows": 1, "Plan Width": 4, "Actual Startup Time": 0.009, "Actual Total Time": 0.009, "Actual Rows": 2, "Actual Loops": 2, "Index Cond": "(id = mc.company_type_id)", "Rows Removed by Index Recheck": 0, "Filter": "((kind)::text = 'production companies'::text)", "Rows Removed by Filter": 0}]}, {"Node Type": "Index Scan", "Parent Relationship": "Inner", "Scan Direction": "Forward", "Index Name": "movie_id_movie_link", "Relation Name": "movie_link", "Alias": "ml", "Startup Cost": 0.0, "Total Cost": 0.35, "Plan Rows": 5, "Plan Width": 8, "Actual Startup Time": 0.013, "Actual Total Time": 0.03, "Actual Rows": 38, "Actual Loops": 2, "Index Cond": "(movie_id = mk.movie_id)", "Rows Removed by Index Recheck": 0}]}, {"Node Type": "Index Scan", "Parent Relationship": "Inner", "Scan Direction": "Forward", "Index Name": "link_type_pkey", "Relation Name": "link_type", "Alias": "lt", "Startup Cost": 0.0, "Total Cost": 0.27, "Plan Rows": 1, "Plan Width": 16, "Actual Startup Time": 0.072, "Actual Total Time": 0.072, "Actual Rows": 0, "Actual Loops": 38, "Index Cond": "(id = ml.link_type_id)", "Rows Removed by Index Recheck": 0, "Filter": "((link)::text ~~ '%follows%'::text)", "Rows Removed by Filter": 24}]}]}, "Triggers": [], "Planner Runtime": 70.618, "Total Runtime": 207.306, "Unique SQL Id": 4121279504}}, "(64, 102)": {"explain_plan": {"Plan": {"Node Type": "Aggregate", "Strategy": "Plain", "Startup Cost": 2726.04, "Total Cost": 2726.05, "Plan Rows": 1, "Plan Width": 144, "Plans": [{"Node Type": "Hash Join", "Parent Relationship": "Outer", "Join Type": "Inner", "Startup Cost": 7.87, "Total Cost": 2726.04, "Plan Rows": 1, "Plan Width": 48, "Inner Unique": true, "Hash Cond": "(ml.link_type_id = lt.id)", "Plans": [{"Node Type": "Nested Loop", "Parent Relationship": "Outer", "Join Type": "Inner", "Startup Cost": 6.64, "Total Cost": 2724.8, "Plan Rows": 1, "Plan Width": 40, "Inner Unique": false, "Join Filter": "(t.id = ml.movie_id)", "Plans": [{"Node Type": "Hash Join", "Parent Relationship": "Outer", "Join Type": "Inner", "Startup Cost": 6.35, "Total Cost": 2720.38, "Plan Rows": 1, "Plan Width": 48, "Inner Unique": true, "Hash Cond": "(mc.company_type_id = ct.id)", "Plans": [{"Node Type": "Nested Loop", "Parent Relationship": "Outer", "Join Type": "Inner", "Startup Cost": 5.3, "Total Cost": 2719.32, "Plan Rows": 1, "Plan Width": 52, "Inner Unique": true, "Plans": [{"Node Type": "Nested Loop", "Parent Relationship": "Outer", "Join Type": "Inner", "Startup Cost": 5.05, "Total Cost": 2715.03, "Plan Rows": 1, "Plan Width": 37, "Inner Unique": false, "Join Filter": "(t.id = mc.movie_id)", "Plans": [{"Node Type": "Nested Loop", "Parent Relationship": "Outer", "Join Type": "Inner", "Startup Cost": 4.77, "Total Cost": 2710.71, "Plan Rows": 1, "Plan Width": 25, "Inner Unique": true, "Plans": [{"Node Type": "Nested Loop", "Parent Relationship": "Outer", "Join Type": "Inner", "Startup Cost": 4.51, "Total Cost": 2569.02, "Plan Rows": 33, "Plan Width": 4, "Inner Unique": false, "Plans": [{"Node Type": "Seq Scan", "Parent Relationship": "Outer", "Relation Name": "keyword", "Alias": "k", "Startup Cost": 0.0, "Total Cost": 2436.11, "Plan Rows": 1, "Plan Width": 4, "Filter": "((keyword)::text = 'sequel'::text)"}, {"Node Type": "Bitmap Heap Scan", "Parent Relationship": "Inner", "Relation Name": "movie_keyword", "Alias": "mk", "Startup Cost": 4.51, "Total Cost": 132.58, "Plan Rows": 33, "Plan Width": 8, "Recheck Cond": "(keyword_id = k.id)", "Plans": [{"Node Type": "Bitmap Index Scan", "Parent Relationship": "Outer", "Index Name": "keyword_id_movie_keyword", "Startup Cost": 0.0, "Total Cost": 4.5, "Plan Rows": 33, "Plan Width": 0, "Index Cond": "(keyword_id = k.id)"}]}]}, {"Node Type": "Bitmap Heap Scan", "Parent Relationship": "Inner", "Relation Name": "title", "Alias": "t", "Startup Cost": 0.27, "Total Cost": 4.28, "Plan Rows": 1, "Plan Width": 21, "Recheck Cond": "(id = mk.movie_id)", "Filter": "(((title)::text ~~ '%Money%'::text) AND (production_year = 1998))", "Plans": [{"Node Type": "Bitmap Index Scan", "Parent Relationship": "Outer", "Index Name": "title_pkey", "Startup Cost": 0.0, "Total Cost": 0.27, "Plan Rows": 1, "Plan Width": 0, "Index Cond": "(id = mk.movie_id)"}]}]}, {"Node Type": "Bitmap Heap Scan", "Parent Relationship": "Inner", "Relation Name": "movie_companies", "Alias": "mc", "Startup Cost": 0.27, "Total Cost": 4.3, "Plan Rows": 2, "Plan Width": 12, "Recheck Cond": "(movie_id = mk.movie_id)", "Filter": "(note IS NULL)", "Plans": [{"Node Type": "Bitmap Index Scan", "Parent Relationship": "Outer", "Index Name": "movie_id_movie_companies", "Startup Cost": 0.0, "Total Cost": 0.27, "Plan Rows": 2, "Plan Width": 0, "Index Cond": "(movie_id = mk.movie_id)"}]}]}, {"Node Type": "Bitmap Heap Scan", "Parent Relationship": "Inner", "Relation Name": "company_name", "Alias": "cn", "Startup Cost": 0.26, "Total Cost": 4.28, "Plan Rows": 1, "Plan Width": 23, "Recheck Cond": "(id = mc.company_id)", "Filter": "(((country_code)::text <> '[pl]'::text) AND (((name)::text ~~ '%Film%'::text) OR ((name)::text ~~ '%Warner%'::text)))", "Plans": [{"Node Type": "Bitmap Index Scan", "Parent Relationship": "Outer", "Index Name": "company_name_pkey", "Startup Cost": 0.0, "Total Cost": 0.26, "Plan Rows": 1, "Plan Width": 0, "Index Cond": "(id = mc.company_id)"}]}]}, {"Node Type": "Hash", "Parent Relationship": "Inner", "Startup Cost": 1.04, "Total Cost": 1.04, "Plan Rows": 1, "Plan Width": 4, "Plans": [{"Node Type": "Seq Scan", "Parent Relationship": "Outer", "Relation Name": "company_type", "Alias": "ct", "Startup Cost": 0.0, "Total Cost": 1.04, "Plan Rows": 1, "Plan Width": 4, "Filter": "((kind)::text = 'production companies'::text)"}]}]}, {"Node Type": "Bitmap Heap Scan", "Parent Relationship": "Inner", "Relation Name": "movie_link", "Alias": "ml", "Startup Cost": 0.29, "Total Cost": 4.35, "Plan Rows": 5, "Plan Width": 8, "Recheck Cond": "(movie_id = mk.movie_id)", "Plans": [{"Node Type": "Bitmap Index Scan", "Parent Relationship": "Outer", "Index Name": "movie_id_movie_link", "Startup Cost": 0.0, "Total Cost": 0.29, "Plan Rows": 5, "Plan Width": 0, "Index Cond": "(movie_id = mk.movie_id)"}]}]}, {"Node Type": "Hash", "Parent Relationship": "Inner", "Startup Cost": 1.21, "Total Cost": 1.21, "Plan Rows": 1, "Plan Width": 16, "Plans": [{"Node Type": "Seq Scan", "Parent Relationship": "Outer", "Relation Name": "link_type", "Alias": "lt", "Startup Cost": 0.0, "Total Cost": 1.21, "Plan Rows": 1, "Plan Width": 16, "Filter": "((link)::text ~~ '%follows%'::text)"}]}]}]}, "Unique SQL Id": 4121279504}, "explain_analyze_plan": {"Plan": {"Node Type": "Aggregate", "Strategy": "Plain", "Startup Cost": 2726.04, "Total Cost": 2726.05, "Plan Rows": 1, "Plan Width": 144, "Actual Startup Time": 0.098, "Actual Total Time": 0.098, "Actual Rows": 1, "Actual Loops": 1, "Plans": [{"Node Type": "Hash Join", "Parent Relationship": "Outer", "Join Type": "Inner", "Startup Cost": 7.87, "Total Cost": 2726.04, "Plan Rows": 1, "Plan Width": 48, "Actual Startup Time": 0.089, "Actual Total Time": 0.089, "Actual Rows": 0, "Actual Loops": 1, "Inner Unique": true, "Hash Cond": "(ml.link_type_id = lt.id)", "Plans": [{"Node Type": "Nested Loop", "Parent Relationship": "Outer", "Join Type": "Inner", "Startup Cost": 6.64, "Total Cost": 2724.8, "Plan Rows": 1, "Plan Width": 40, "Actual Startup Time": 0.0, "Actual Total Time": 0.0, "Inner Unique": false, "Join Filter": "(t.id = ml.movie_id)", "Rows Removed by Join Filter": 0, "Plans": [{"Node Type": "Hash Join", "Parent Relationship": "Outer", "Join Type": "Inner", "Startup Cost": 6.35, "Total Cost": 2720.38, "Plan Rows": 1, "Plan Width": 48, "Actual Startup Time": 0.0, "Actual Total Time": 0.0, "Inner Unique": true, "Hash Cond": "(mc.company_type_id = ct.id)", "Plans": [{"Node Type": "Nested Loop", "Parent Relationship": "Outer", "Join Type": "Inner", "Startup Cost": 5.3, "Total Cost": 2719.32, "Plan Rows": 1, "Plan Width": 52, "Actual Startup Time": 0.0, "Actual Total Time": 0.0, "Inner Unique": true, "Plans": [{"Node Type": "Nested Loop", "Parent Relationship": "Outer", "Join Type": "Inner", "Startup Cost": 5.05, "Total Cost": 2715.03, "Plan Rows": 1, "Plan Width": 37, "Actual Startup Time": 0.0, "Actual Total Time": 0.0, "Inner Unique": false, "Join Filter": "(t.id = mc.movie_id)", "Rows Removed by Join Filter": 0, "Plans": [{"Node Type": "Nested Loop", "Parent Relationship": "Outer", "Join Type": "Inner", "Startup Cost": 4.77, "Total Cost": 2710.71, "Plan Rows": 1, "Plan Width": 25, "Actual Startup Time": 0.0, "Actual Total Time": 0.0, "Inner Unique": true, "Plans": [{"Node Type": "Nested Loop", "Parent Relationship": "Outer", "Join Type": "Inner", "Startup Cost": 4.51, "Total Cost": 2569.02, "Plan Rows": 33, "Plan Width": 4, "Actual Startup Time": 0.0, "Actual Total Time": 0.0, "Inner Unique": false, "Plans": [{"Node Type": "Seq Scan", "Parent Relationship": "Outer", "Relation Name": "keyword", "Alias": "k", "Startup Cost": 0.0, "Total Cost": 2436.11, "Plan Rows": 1, "Plan Width": 4, "Actual Startup Time": 0.0, "Actual Total Time": 0.0, "Filter": "((keyword)::text = 'sequel'::text)", "Rows Removed by Filter": 0}, {"Node Type": "Bitmap Heap Scan", "Parent Relationship": "Inner", "Relation Name": "movie_keyword", "Alias": "mk", "Startup Cost": 4.51, "Total Cost": 132.58, "Plan Rows": 33, "Plan Width": 8, "Actual Startup Time": 0.0, "Actual Total Time": 0.0, "Recheck Cond": "(keyword_id = k.id)", "Rows Removed by Index Recheck": 0, "Exact Heap Blocks": 0, "Lossy Heap Blocks": 0, "Plans": [{"Node Type": "Bitmap Index Scan", "Parent Relationship": "Outer", "Index Name": "keyword_id_movie_keyword", "Startup Cost": 0.0, "Total Cost": 4.5, "Plan Rows": 33, "Plan Width": 0, "Actual Startup Time": 0.0, "Actual Total Time": 0.0, "Index Cond": "(keyword_id = k.id)"}]}]}, {"Node Type": "Bitmap Heap Scan", "Parent Relationship": "Inner", "Relation Name": "title", "Alias": "t", "Startup Cost": 0.27, "Total Cost": 4.28, "Plan Rows": 1, "Plan Width": 21, "Actual Startup Time": 0.0, "Actual Total Time": 0.0, "Recheck Cond": "(id = mk.movie_id)", "Rows Removed by Index Recheck": 0, "Filter": "(((title)::text ~~ '%Money%'::text) AND (production_year = 1998))", "Rows Removed by Filter": 0, "Exact Heap Blocks": 0, "Lossy Heap Blocks": 0, "Plans": [{"Node Type": "Bitmap Index Scan", "Parent Relationship": "Outer", "Index Name": "title_pkey", "Startup Cost": 0.0, "Total Cost": 0.27, "Plan Rows": 1, "Plan Width": 0, "Actual Startup Time": 0.0, "Actual Total Time": 0.0, "Index Cond": "(id = mk.movie_id)"}]}]}, {"Node Type": "Bitmap Heap Scan", "Parent Relationship": "Inner", "Relation Name": "movie_companies", "Alias": "mc", "Startup Cost": 0.27, "Total Cost": 4.3, "Plan Rows": 2, "Plan Width": 12, "Actual Startup Time": 0.0, "Actual Total Time": 0.0, "Recheck Cond": "(movie_id = mk.movie_id)", "Rows Removed by Index Recheck": 0, "Filter": "(note IS NULL)", "Rows Removed by Filter": 0, "Exact Heap Blocks": 0, "Lossy Heap Blocks": 0, "Plans": [{"Node Type": "Bitmap Index Scan", "Parent Relationship": "Outer", "Index Name": "movie_id_movie_companies", "Startup Cost": 0.0, "Total Cost": 0.27, "Plan Rows": 2, "Plan Width": 0, "Actual Startup Time": 0.0, "Actual Total Time": 0.0, "Index Cond": "(movie_id = mk.movie_id)"}]}]}, {"Node Type": "Bitmap Heap Scan", "Parent Relationship": "Inner", "Relation Name": "company_name", "Alias": "cn", "Startup Cost": 0.26, "Total Cost": 4.28, "Plan Rows": 1, "Plan Width": 23, "Actual Startup Time": 0.0, "Actual Total Time": 0.0, "Recheck Cond": "(id = mc.company_id)", "Rows Removed by Index Recheck": 0, "Filter": "(((country_code)::text <> '[pl]'::text) AND (((name)::text ~~ '%Film%'::text) OR ((name)::text ~~ '%Warner%'::text)))", "Rows Removed by Filter": 0, "Exact Heap Blocks": 0, "Lossy Heap Blocks": 0, "Plans": [{"Node Type": "Bitmap Index Scan", "Parent Relationship": "Outer", "Index Name": "company_name_pkey", "Startup Cost": 0.0, "Total Cost": 0.26, "Plan Rows": 1, "Plan Width": 0, "Actual Startup Time": 0.0, "Actual Total Time": 0.0, "Index Cond": "(id = mc.company_id)"}]}]}, {"Node Type": "Hash", "Parent Relationship": "Inner", "Startup Cost": 1.04, "Total Cost": 1.04, "Plan Rows": 1, "Plan Width": 4, "Actual Startup Time": 0.0, "Actual Total Time": 0.0, "Hash Buckets": 0, "Hash Batches": 0, "Original Hash Batches": 0, "Peak Memory Usage": 0, "Plans": [{"Node Type": "Seq Scan", "Parent Relationship": "Outer", "Relation Name": "company_type", "Alias": "ct", "Startup Cost": 0.0, "Total Cost": 1.04, "Plan Rows": 1, "Plan Width": 4, "Actual Startup Time": 0.0, "Actual Total Time": 0.0, "Filter": "((kind)::text = 'production companies'::text)", "Rows Removed by Filter": 0}]}]}, {"Node Type": "Bitmap Heap Scan", "Parent Relationship": "Inner", "Relation Name": "movie_link", "Alias": "ml", "Startup Cost": 0.29, "Total Cost": 4.35, "Plan Rows": 5, "Plan Width": 8, "Actual Startup Time": 0.0, "Actual Total Time": 0.0, "Recheck Cond": "(movie_id = mk.movie_id)", "Rows Removed by Index Recheck": 0, "Exact Heap Blocks": 0, "Lossy Heap Blocks": 0, "Plans": [{"Node Type": "Bitmap Index Scan", "Parent Relationship": "Outer", "Index Name": "movie_id_movie_link", "Startup Cost": 0.0, "Total Cost": 0.29, "Plan Rows": 5, "Plan Width": 0, "Actual Startup Time": 0.0, "Actual Total Time": 0.0, "Index Cond": "(movie_id = mk.movie_id)"}]}]}, {"Node Type": "Hash", "Parent Relationship": "Inner", "Startup Cost": 1.21, "Total Cost": 1.21, "Plan Rows": 1, "Plan Width": 16, "Actual Startup Time": 0.044, "Actual Total Time": 0.044, "Actual Rows": 0, "Actual Loops": 1, "Hash Buckets": 32768, "Hash Batches": 1, "Original Hash Batches": 1, "Peak Memory Usage": 0, "Plans": [{"Node Type": "Seq Scan", "Parent Relationship": "Outer", "Relation Name": "link_type", "Alias": "lt", "Startup Cost": 0.0, "Total Cost": 1.21, "Plan Rows": 1, "Plan Width": 16, "Actual Startup Time": 0.04, "Actual Total Time": 0.04, "Actual Rows": 0, "Actual Loops": 1, "Filter": "((link)::text ~~ '%follows%'::text)", "Rows Removed by Filter": 17}]}]}]}, "Triggers": [], "Planner Runtime": 77.65, "Total Runtime": 0.483, "Unique SQL Id": 4121279504}}, "(64, 103)": {"explain_plan": {"Plan": {"Node Type": "Aggregate", "Strategy": "Plain", "Startup Cost": 3451.4, "Total Cost": 3451.41, "Plan Rows": 1, "Plan Width": 144, "Plans": [{"Node Type": "Nested Loop", "Parent Relationship": "Outer", "Join Type": "Inner", "Startup Cost": 725.2, "Total Cost": 3451.4, "Plan Rows": 1, "Plan Width": 48, "Inner Unique": true, "Plans": [{"Node Type": "Nested Loop", "Parent Relationship": "Outer", "Join Type": "Inner", "Startup Cost": 724.95, "Total Cost": 3447.11, "Plan Rows": 1, "Plan Width": 40, "Inner Unique": false, "Join Filter": "(t.id = ml.movie_id)", "Plans": [{"Node Type": "Nested Loop", "Parent Relationship": "Outer", "Join Type": "Inner", "Startup Cost": 724.66, "Total Cost": 3442.7, "Plan Rows": 1, "Plan Width": 48, "Inner Unique": true, "Plans": [{"Node Type": "Nested Loop", "Parent Relationship": "Outer", "Join Type": "Inner", "Startup Cost": 724.4, "Total Cost": 3438.42, "Plan Rows": 1, "Plan Width": 52, "Inner Unique": true, "Plans": [{"Node Type": "Nested Loop", "Parent Relationship": "Outer", "Join Type": "Inner", "Startup Cost": 724.14, "Total Cost": 3434.13, "Plan Rows": 1, "Plan Width": 37, "Inner Unique": false, "Join Filter": "(t.id = mc.movie_id)", "Plans": [{"Node Type": "Nested Loop", "Parent Relationship": "Outer", "Join Type": "Inner", "Startup Cost": 723.87, "Total Cost": 3429.8, "Plan Rows": 1, "Plan Width": 25, "Inner Unique": true, "Plans": [{"Node Type": "Nested Loop", "Parent Relationship": "Outer", "Join Type": "Inner", "Startup Cost": 723.6, "Total Cost": 3288.12, "Plan Rows": 33, "Plan Width": 4, "Inner Unique": false, "Plans": [{"Node Type": "Bitmap Heap Scan", "Parent Relationship": "Outer", "Relation Name": "keyword", "Alias": "k", "Startup Cost": 719.1, "Total Cost": 3155.21, "Plan Rows": 1, "Plan Width": 4, "Filter": "((keyword)::text = 'sequel'::text)", "Plans": [{"Node Type": "Bitmap Index Scan", "Parent Relationship": "Outer", "Index Name": "keyword_pkey", "Startup Cost": 0.0, "Total Cost": 719.1, "Plan Rows": 134169, "Plan Width": 0}]}, {"Node Type": "Bitmap Heap Scan", "Parent Relationship": "Inner", "Relation Name": "movie_keyword", "Alias": "mk", "Startup Cost": 4.51, "Total Cost": 132.58, "Plan Rows": 33, "Plan Width": 8, "Recheck Cond": "(keyword_id = k.id)", "Plans": [{"Node Type": "Bitmap Index Scan", "Parent Relationship": "Outer", "Index Name": "keyword_id_movie_keyword", "Startup Cost": 0.0, "Total Cost": 4.5, "Plan Rows": 33, "Plan Width": 0, "Index Cond": "(keyword_id = k.id)"}]}]}, {"Node Type": "Bitmap Heap Scan", "Parent Relationship": "Inner", "Relation Name": "title", "Alias": "t", "Startup Cost": 0.27, "Total Cost": 4.28, "Plan Rows": 1, "Plan Width": 21, "Recheck Cond": "(id = mk.movie_id)", "Filter": "(((title)::text ~~ '%Money%'::text) AND (production_year = 1998))", "Plans": [{"Node Type": "Bitmap Index Scan", "Parent Relationship": "Outer", "Index Name": "title_pkey", "Startup Cost": 0.0, "Total Cost": 0.27, "Plan Rows": 1, "Plan Width": 0, "Index Cond": "(id = mk.movie_id)"}]}]}, {"Node Type": "Bitmap Heap Scan", "Parent Relationship": "Inner", "Relation Name": "movie_companies", "Alias": "mc", "Startup Cost": 0.27, "Total Cost": 4.3, "Plan Rows": 2, "Plan Width": 12, "Recheck Cond": "(movie_id = mk.movie_id)", "Filter": "(note IS NULL)", "Plans": [{"Node Type": "Bitmap Index Scan", "Parent Relationship": "Outer", "Index Name": "movie_id_movie_companies", "Startup Cost": 0.0, "Total Cost": 0.27, "Plan Rows": 2, "Plan Width": 0, "Index Cond": "(movie_id = mk.movie_id)"}]}]}, {"Node Type": "Bitmap Heap Scan", "Parent Relationship": "Inner", "Relation Name": "company_name", "Alias": "cn", "Startup Cost": 0.26, "Total Cost": 4.28, "Plan Rows": 1, "Plan Width": 23, "Recheck Cond": "(id = mc.company_id)", "Filter": "(((country_code)::text <> '[pl]'::text) AND (((name)::text ~~ '%Film%'::text) OR ((name)::text ~~ '%Warner%'::text)))", "Plans": [{"Node Type": "Bitmap Index Scan", "Parent Relationship": "Outer", "Index Name": "company_name_pkey", "Startup Cost": 0.0, "Total Cost": 0.26, "Plan Rows": 1, "Plan Width": 0, "Index Cond": "(id = mc.company_id)"}]}]}, {"Node Type": "Bitmap Heap Scan", "Parent Relationship": "Inner", "Relation Name": "company_type", "Alias": "ct", "Startup Cost": 0.26, "Total Cost": 4.27, "Plan Rows": 1, "Plan Width": 4, "Recheck Cond": "(id = mc.company_type_id)", "Filter": "((kind)::text = 'production companies'::text)", "Plans": [{"Node Type": "Bitmap Index Scan", "Parent Relationship": "Outer", "Index Name": "company_type_pkey", "Startup Cost": 0.0, "Total Cost": 0.26, "Plan Rows": 1, "Plan Width": 0, "Index Cond": "(id = mc.company_type_id)"}]}]}, {"Node Type": "Bitmap Heap Scan", "Parent Relationship": "Inner", "Relation Name": "movie_link", "Alias": "ml", "Startup Cost": 0.29, "Total Cost": 4.35, "Plan Rows": 5, "Plan Width": 8, "Recheck Cond": "(movie_id = mk.movie_id)", "Plans": [{"Node Type": "Bitmap Index Scan", "Parent Relationship": "Outer", "Index Name": "movie_id_movie_link", "Startup Cost": 0.0, "Total Cost": 0.29, "Plan Rows": 5, "Plan Width": 0, "Index Cond": "(movie_id = mk.movie_id)"}]}]}, {"Node Type": "Bitmap Heap Scan", "Parent Relationship": "Inner", "Relation Name": "link_type", "Alias": "lt", "Startup Cost": 0.26, "Total Cost": 4.27, "Plan Rows": 1, "Plan Width": 16, "Recheck Cond": "(id = ml.link_type_id)", "Filter": "((link)::text ~~ '%follows%'::text)", "Plans": [{"Node Type": "Bitmap Index Scan", "Parent Relationship": "Outer", "Index Name": "link_type_pkey", "Startup Cost": 0.0, "Total Cost": 0.26, "Plan Rows": 1, "Plan Width": 0, "Index Cond": "(id = ml.link_type_id)"}]}]}]}, "Unique SQL Id": 4121279504}, "explain_analyze_plan": {"Plan": {"Node Type": "Aggregate", "Strategy": "Plain", "Startup Cost": 3451.4, "Total Cost": 3451.41, "Plan Rows": 1, "Plan Width": 144, "Actual Startup Time": 161.722, "Actual Total Time": 161.723, "Actual Rows": 1, "Actual Loops": 1, "Plans": [{"Node Type": "Nested Loop", "Parent Relationship": "Outer", "Join Type": "Inner", "Startup Cost": 725.2, "Total Cost": 3451.4, "Plan Rows": 1, "Plan Width": 48, "Actual Startup Time": 161.712, "Actual Total Time": 161.712, "Actual Rows": 0, "Actual Loops": 1, "Inner Unique": true, "Plans": [{"Node Type": "Nested Loop", "Parent Relationship": "Outer", "Join Type": "Inner", "Startup Cost": 724.95, "Total Cost": 3447.11, "Plan Rows": 1, "Plan Width": 40, "Actual Startup Time": 19.997, "Actual Total Time": 161.571, "Actual Rows": 38, "Actual Loops": 1, "Inner Unique": false, "Join Filter": "(t.id = ml.movie_id)", "Rows Removed by Join Filter": 0, "Plans": [{"Node Type": "Nested Loop", "Parent Relationship": "Outer", "Join Type": "Inner", "Startup Cost": 724.66, "Total Cost": 3442.7, "Plan Rows": 1, "Plan Width": 48, "Actual Startup Time": 19.97, "Actual Total Time": 161.514, "Actual Rows": 2, "Actual Loops": 1, "Inner Unique": true, "Plans": [{"Node Type": "Nested Loop", "Parent Relationship": "Outer", "Join Type": "Inner", "Startup Cost": 724.4, "Total Cost": 3438.42, "Plan Rows": 1, "Plan Width": 52, "Actual Startup Time": 19.958, "Actual Total Time": 161.497, "Actual Rows": 2, "Actual Loops": 1, "Inner Unique": true, "Plans": [{"Node Type": "Nested Loop", "Parent Relationship": "Outer", "Join Type": "Inner", "Startup Cost": 724.14, "Total Cost": 3434.13, "Plan Rows": 1, "Plan Width": 37, "Actual Startup Time": 19.933, "Actual Total Time": 161.449, "Actual Rows": 3, "Actual Loops": 1, "Inner Unique": false, "Join Filter": "(t.id = mc.movie_id)", "Rows Removed by Join Filter": 0, "Plans": [{"Node Type": "Nested Loop", "Parent Relationship": "Outer", "Join Type": "Inner", "Startup Cost": 723.87, "Total Cost": 3429.8, "Plan Rows": 1, "Plan Width": 25, "Actual Startup Time": 19.903, "Actual Total Time": 161.415, "Actual Rows": 1, "Actual Loops": 1, "Inner Unique": true, "Plans": [{"Node Type": "Nested Loop", "Parent Relationship": "Outer", "Join Type": "Inner", "Startup Cost": 723.6, "Total Cost": 3288.12, "Plan Rows": 33, "Plan Width": 4, "Actual Startup Time": 19.48, "Actual Total Time": 84.809, "Actual Rows": 10544, "Actual Loops": 1, "Inner Unique": false, "Plans": [{"Node Type": "Bitmap Heap Scan", "Parent Relationship": "Outer", "Relation Name": "keyword", "Alias": "k", "Startup Cost": 719.1, "Total Cost": 3155.21, "Plan Rows": 1, "Plan Width": 4, "Actual Startup Time": 16.533, "Actual Total Time": 64.286, "Actual Rows": 1, "Actual Loops": 1, "Filter": "((keyword)::text = 'sequel'::text)", "Rows Removed by Filter": 134168, "Exact Heap Blocks": 759, "Lossy Heap Blocks": 759, "Plans": [{"Node Type": "Bitmap Index Scan", "Parent Relationship": "Outer", "Index Name": "keyword_pkey", "Startup Cost": 0.0, "Total Cost": 719.1, "Plan Rows": 134169, "Plan Width": 0, "Actual Startup Time": 13.54, "Actual Total Time": 13.54, "Actual Rows": 134169, "Actual Loops": 1}]}, {"Node Type": "Bitmap Heap Scan", "Parent Relationship": "Inner", "Relation Name": "movie_keyword", "Alias": "mk", "Startup Cost": 4.51, "Total Cost": 132.58, "Plan Rows": 33, "Plan Width": 8, "Actual Startup Time": 2.933, "Actual Total Time": 18.397, "Actual Rows": 10544, "Actual Loops": 1, "Recheck Cond": "(keyword_id = k.id)", "Rows Removed by Index Recheck": 0, "Exact Heap Blocks": 5090, "Lossy Heap Blocks": 5090, "Plans": [{"Node Type": "Bitmap Index Scan", "Parent Relationship": "Outer", "Index Name": "keyword_id_movie_keyword", "Startup Cost": 0.0, "Total Cost": 4.5, "Plan Rows": 33, "Plan Width": 0, "Actual Startup Time": 2.017, "Actual Total Time": 2.017, "Actual Rows": 10544, "Actual Loops": 1, "Index Cond": "(keyword_id = k.id)"}]}]}, {"Node Type": "Bitmap Heap Scan", "Parent Relationship": "Inner", "Relation Name": "title", "Alias": "t", "Startup Cost": 0.27, "Total Cost": 4.28, "Plan Rows": 1, "Plan Width": 21, "Actual Startup Time": 64.824, "Actual Total Time": 64.824, "Actual Rows": 1, "Actual Loops": 10544, "Recheck Cond": "(id = mk.movie_id)", "Rows Removed by Index Recheck": 0, "Filter": "(((title)::text ~~ '%Money%'::text) AND (production_year = 1998))", "Rows Removed by Filter": 10543, "Exact Heap Blocks": 10544, "Lossy Heap Blocks": 10544, "Plans": [{"Node Type": "Bitmap Index Scan", "Parent Relationship": "Outer", "Index Name": "title_pkey", "Startup Cost": 0.0, "Total Cost": 0.27, "Plan Rows": 1, "Plan Width": 0, "Actual Startup Time": 31.063, "Actual Total Time": 31.063, "Actual Rows": 10544, "Actual Loops": 10544, "Index Cond": "(id = mk.movie_id)"}]}]}, {"Node Type": "Bitmap Heap Scan", "Parent Relationship": "Inner", "Relation Name": "movie_companies", "Alias": "mc", "Startup Cost": 0.27, "Total Cost": 4.3, "Plan Rows": 2, "Plan Width": 12, "Actual Startup Time": 0.024, "Actual Total Time": 0.025, "Actual Rows": 3, "Actual Loops": 1, "Recheck Cond": "(movie_id = mk.movie_id)", "Rows Removed by Index Recheck": 0, "Filter": "(note IS NULL)", "Rows Removed by Filter": 1, "Exact Heap Blocks": 2, "Lossy Heap Blocks": 2, "Plans": [{"Node Type": "Bitmap Index Scan", "Parent Relationship": "Outer", "Index Name": "movie_id_movie_companies", "Startup Cost": 0.0, "Total Cost": 0.27, "Plan Rows": 2, "Plan Width": 0, "Actual Startup Time": 0.012, "Actual Total Time": 0.012, "Actual Rows": 4, "Actual Loops": 1, "Index Cond": "(movie_id = mk.movie_id)"}]}]}, {"Node Type": "Bitmap Heap Scan", "Parent Relationship": "Inner", "Relation Name": "company_name", "Alias": "cn", "Startup Cost": 0.26, "Total Cost": 4.28, "Plan Rows": 1, "Plan Width": 23, "Actual Startup Time": 0.041, "Actual Total Time": 0.041, "Actual Rows": 2, "Actual Loops": 3, "Recheck Cond": "(id = mc.company_id)", "Rows Removed by Index Recheck": 0, "Filter": "(((country_code)::text <> '[pl]'::text) AND (((name)::text ~~ '%Film%'::text) OR ((name)::text ~~ '%Warner%'::text)))", "Rows Removed by Filter": 1, "Exact Heap Blocks": 3, "Lossy Heap Blocks": 3, "Plans": [{"Node Type": "Bitmap Index Scan", "Parent Relationship": "Outer", "Index Name": "company_name_pkey", "Startup Cost": 0.0, "Total Cost": 0.26, "Plan Rows": 1, "Plan Width": 0, "Actual Startup Time": 0.02, "Actual Total Time": 0.02, "Actual Rows": 3, "Actual Loops": 3, "Index Cond": "(id = mc.company_id)"}]}]}, {"Node Type": "Bitmap Heap Scan", "Parent Relationship": "Inner", "Relation Name": "company_type", "Alias": "ct", "Startup Cost": 0.26, "Total Cost": 4.27, "Plan Rows": 1, "Plan Width": 4, "Actual Startup Time": 0.013, "Actual Total Time": 0.013, "Actual Rows": 2, "Actual Loops": 2, "Recheck Cond": "(id = mc.company_type_id)", "Rows Removed by Index Recheck": 0, "Filter": "((kind)::text = 'production companies'::text)", "Rows Removed by Filter": 0, "Exact Heap Blocks": 2, "Lossy Heap Blocks": 2, "Plans": [{"Node Type": "Bitmap Index Scan", "Parent Relationship": "Outer", "Index Name": "company_type_pkey", "Startup Cost": 0.0, "Total Cost": 0.26, "Plan Rows": 1, "Plan Width": 0, "Actual Startup Time": 0.004, "Actual Total Time": 0.004, "Actual Rows": 2, "Actual Loops": 2, "Index Cond": "(id = mc.company_type_id)"}]}]}, {"Node Type": "Bitmap Heap Scan", "Parent Relationship": "Inner", "Relation Name": "movie_link", "Alias": "ml", "Startup Cost": 0.29, "Total Cost": 4.35, "Plan Rows": 5, "Plan Width": 8, "Actual Startup Time": 0.025, "Actual Total Time": 0.028, "Actual Rows": 38, "Actual Loops": 2, "Recheck Cond": "(movie_id = mk.movie_id)", "Rows Removed by Index Recheck": 0, "Exact Heap Blocks": 2, "Lossy Heap Blocks": 2, "Plans": [{"Node Type": "Bitmap Index Scan", "Parent Relationship": "Outer", "Index Name": "movie_id_movie_link", "Startup Cost": 0.0, "Total Cost": 0.29, "Plan Rows": 5, "Plan Width": 0, "Actual Startup Time": 0.013, "Actual Total Time": 0.013, "Actual Rows": 38, "Actual Loops": 2, "Index Cond": "(movie_id = mk.movie_id)"}]}]}, {"Node Type": "Bitmap Heap Scan", "Parent Relationship": "Inner", "Relation Name": "link_type", "Alias": "lt", "Startup Cost": 0.26, "Total Cost": 4.27, "Plan Rows": 1, "Plan Width": 16, "Actual Startup Time": 0.097, "Actual Total Time": 0.097, "Actual Rows": 0, "Actual Loops": 38, "Recheck Cond": "(id = ml.link_type_id)", "Rows Removed by Index Recheck": 0, "Filter": "((link)::text ~~ '%follows%'::text)", "Rows Removed by Filter": 24, "Exact Heap Blocks": 24, "Lossy Heap Blocks": 24, "Plans": [{"Node Type": "Bitmap Index Scan", "Parent Relationship": "Outer", "Index Name": "link_type_pkey", "Startup Cost": 0.0, "Total Cost": 0.26, "Plan Rows": 1, "Plan Width": 0, "Actual Startup Time": 0.039, "Actual Total Time": 0.039, "Actual Rows": 24, "Actual Loops": 38, "Index Cond": "(id = ml.link_type_id)"}]}]}]}, "Triggers": [], "Planner Runtime": 60.458, "Total Runtime": 162.221, "Unique SQL Id": 4121279504}}, "(64, 104)": {"explain_plan": {"Plan": {"Node Type": "Aggregate", "Strategy": "Plain", "Startup Cost": 2585.63, "Total Cost": 2585.64, "Plan Rows": 1, "Plan Width": 144, "Plans": [{"Node Type": "Nested Loop", "Parent Relationship": "Outer", "Join Type": "Inner", "Startup Cost": 0.0, "Total Cost": 2585.62, "Plan Rows": 1, "Plan Width": 48, "Inner Unique": true, "Plans": [{"Node Type": "Nested Loop", "Parent Relationship": "Outer", "Join Type": "Inner", "Startup Cost": 0.0, "Total Cost": 2585.34, "Plan Rows": 1, "Plan Width": 40, "Inner Unique": false, "Join Filter": "(t.id = ml.movie_id)", "Plans": [{"Node Type": "Nested Loop", "Parent Relationship": "Outer", "Join Type": "Inner", "Startup Cost": 0.0, "Total Cost": 2584.93, "Plan Rows": 1, "Plan Width": 48, "Inner Unique": true, "Plans": [{"Node Type": "Nested Loop", "Parent Relationship": "Outer", "Join Type": "Inner", "Startup Cost": 0.0, "Total Cost": 2584.64, "Plan Rows": 1, "Plan Width": 52, "Inner Unique": true, "Plans": [{"Node Type": "Nested Loop", "Parent Relationship": "Outer", "Join Type": "Inner", "Startup Cost": 0.0, "Total Cost": 2584.35, "Plan Rows": 1, "Plan Width": 37, "Inner Unique": false, "Join Filter": "(t.id = mc.movie_id)", "Plans": [{"Node Type": "Nested Loop", "Parent Relationship": "Outer", "Join Type": "Inner", "Startup Cost": 0.0, "Total Cost": 2584.01, "Plan Rows": 1, "Plan Width": 25, "Inner Unique": true, "Plans": [{"Node Type": "Nested Loop", "Parent Relationship": "Outer", "Join Type": "Inner", "Startup Cost": 0.0, "Total Cost": 2573.32, "Plan Rows": 33, "Plan Width": 4, "Inner Unique": false, "Plans": [{"Node Type": "Seq Scan", "Parent Relationship": "Outer", "Relation Name": "keyword", "Alias": "k", "Startup Cost": 0.0, "Total Cost": 2436.11, "Plan Rows": 1, "Plan Width": 4, "Filter": "((keyword)::text = 'sequel'::text)"}, {"Node Type": "Index Scan", "Parent Relationship": "Inner", "Scan Direction": "Forward", "Index Name": "keyword_id_movie_keyword", "Relation Name": "movie_keyword", "Alias": "mk", "Startup Cost": 0.0, "Total Cost": 136.88, "Plan Rows": 33, "Plan Width": 8, "Index Cond": "(keyword_id = k.id)"}]}, {"Node Type": "Index Scan", "Parent Relationship": "Inner", "Scan Direction": "Forward", "Index Name": "title_pkey", "Relation Name": "title", "Alias": "t", "Startup Cost": 0.0, "Total Cost": 0.31, "Plan Rows": 1, "Plan Width": 21, "Index Cond": "(id = mk.movie_id)", "Filter": "(((title)::text ~~ '%Money%'::text) AND (production_year = 1998))"}]}, {"Node Type": "Index Scan", "Parent Relationship": "Inner", "Scan Direction": "Forward", "Index Name": "movie_id_movie_companies", "Relation Name": "movie_companies", "Alias": "mc", "Startup Cost": 0.0, "Total Cost": 0.31, "Plan Rows": 2, "Plan Width": 12, "Index Cond": "(movie_id = mk.movie_id)", "Filter": "(note IS NULL)"}]}, {"Node Type": "Index Scan", "Parent Relationship": "Inner", "Scan Direction": "Forward", "Index Name": "company_name_pkey", "Relation Name": "company_name", "Alias": "cn", "Startup Cost": 0.0, "Total Cost": 0.29, "Plan Rows": 1, "Plan Width": 23, "Index Cond": "(id = mc.company_id)", "Filter": "(((country_code)::text <> '[pl]'::text) AND (((name)::text ~~ '%Film%'::text) OR ((name)::text ~~ '%Warner%'::text)))"}]}, {"Node Type": "Index Scan", "Parent Relationship": "Inner", "Scan Direction": "Forward", "Index Name": "company_type_pkey", "Relation Name": "company_type", "Alias": "ct", "Startup Cost": 0.0, "Total Cost": 0.27, "Plan Rows": 1, "Plan Width": 4, "Index Cond": "(id = mc.company_type_id)", "Filter": "((kind)::text = 'production companies'::text)"}]}, {"Node Type": "Index Scan", "Parent Relationship": "Inner", "Scan Direction": "Forward", "Index Name": "movie_id_movie_link", "Relation Name": "movie_link", "Alias": "ml", "Startup Cost": 0.0, "Total Cost": 0.35, "Plan Rows": 5, "Plan Width": 8, "Index Cond": "(movie_id = mk.movie_id)"}]}, {"Node Type": "Index Scan", "Parent Relationship": "Inner", "Scan Direction": "Forward", "Index Name": "link_type_pkey", "Relation Name": "link_type", "Alias": "lt", "Startup Cost": 0.0, "Total Cost": 0.27, "Plan Rows": 1, "Plan Width": 16, "Index Cond": "(id = ml.link_type_id)", "Filter": "((link)::text ~~ '%follows%'::text)"}]}]}, "Unique SQL Id": 4121279504}, "explain_analyze_plan": {"Plan": {"Node Type": "Aggregate", "Strategy": "Plain", "Startup Cost": 2585.63, "Total Cost": 2585.64, "Plan Rows": 1, "Plan Width": 144, "Actual Startup Time": 120.206, "Actual Total Time": 120.207, "Actual Rows": 1, "Actual Loops": 1, "Plans": [{"Node Type": "Nested Loop", "Parent Relationship": "Outer", "Join Type": "Inner", "Startup Cost": 0.0, "Total Cost": 2585.62, "Plan Rows": 1, "Plan Width": 48, "Actual Startup Time": 120.199, "Actual Total Time": 120.199, "Actual Rows": 0, "Actual Loops": 1, "Inner Unique": true, "Plans": [{"Node Type": "Nested Loop", "Parent Relationship": "Outer", "Join Type": "Inner", "Startup Cost": 0.0, "Total Cost": 2585.34, "Plan Rows": 1, "Plan Width": 40, "Actual Startup Time": 2.804, "Actual Total Time": 120.112, "Actual Rows": 38, "Actual Loops": 1, "Inner Unique": false, "Join Filter": "(t.id = ml.movie_id)", "Rows Removed by Join Filter": 0, "Plans": [{"Node Type": "Nested Loop", "Parent Relationship": "Outer", "Join Type": "Inner", "Startup Cost": 0.0, "Total Cost": 2584.93, "Plan Rows": 1, "Plan Width": 48, "Actual Startup Time": 2.79, "Actual Total Time": 120.066, "Actual Rows": 2, "Actual Loops": 1, "Inner Unique": true, "Plans": [{"Node Type": "Nested Loop", "Parent Relationship": "Outer", "Join Type": "Inner", "Startup Cost": 0.0, "Total Cost": 2584.64, "Plan Rows": 1, "Plan Width": 52, "Actual Startup Time": 2.781, "Actual Total Time": 120.052, "Actual Rows": 2, "Actual Loops": 1, "Inner Unique": true, "Plans": [{"Node Type": "Nested Loop", "Parent Relationship": "Outer", "Join Type": "Inner", "Startup Cost": 0.0, "Total Cost": 2584.35, "Plan Rows": 1, "Plan Width": 37, "Actual Startup Time": 2.759, "Actual Total Time": 120.009, "Actual Rows": 3, "Actual Loops": 1, "Inner Unique": false, "Join Filter": "(t.id = mc.movie_id)", "Rows Removed by Join Filter": 0, "Plans": [{"Node Type": "Nested Loop", "Parent Relationship": "Outer", "Join Type": "Inner", "Startup Cost": 0.0, "Total Cost": 2584.01, "Plan Rows": 1, "Plan Width": 25, "Actual Startup Time": 2.739, "Actual Total Time": 119.985, "Actual Rows": 1, "Actual Loops": 1, "Inner Unique": true, "Plans": [{"Node Type": "Nested Loop", "Parent Relationship": "Outer", "Join Type": "Inner", "Startup Cost": 0.0, "Total Cost": 2573.32, "Plan Rows": 33, "Plan Width": 4, "Actual Startup Time": 2.392, "Actual Total Time": 59.078, "Actual Rows": 10544, "Actual Loops": 1, "Inner Unique": false, "Plans": [{"Node Type": "Seq Scan", "Parent Relationship": "Outer", "Relation Name": "keyword", "Alias": "k", "Startup Cost": 0.0, "Total Cost": 2436.11, "Plan Rows": 1, "Plan Width": 4, "Actual Startup Time": 2.347, "Actual Total Time": 41.646, "Actual Rows": 1, "Actual Loops": 1, "Filter": "((keyword)::text = 'sequel'::text)", "Rows Removed by Filter": 134168}, {"Node Type": "Index Scan", "Parent Relationship": "Inner", "Scan Direction": "Forward", "Index Name": "keyword_id_movie_keyword", "Relation Name": "movie_keyword", "Alias": "mk", "Startup Cost": 0.0, "Total Cost": 136.88, "Plan Rows": 33, "Plan Width": 8, "Actual Startup Time": 0.038, "Actual Total Time": 15.158, "Actual Rows": 10544, "Actual Loops": 1, "Index Cond": "(keyword_id = k.id)", "Rows Removed by Index Recheck": 0}]}, {"Node Type": "Index Scan", "Parent Relationship": "Inner", "Scan Direction": "Forward", "Index Name": "title_pkey", "Relation Name": "title", "Alias": "t", "Startup Cost": 0.0, "Total Cost": 0.31, "Plan Rows": 1, "Plan Width": 21, "Actual Startup Time": 55.67, "Actual Total Time": 55.67, "Actual Rows": 1, "Actual Loops": 10544, "Index Cond": "(id = mk.movie_id)", "Rows Removed by Index Recheck": 0, "Filter": "(((title)::text ~~ '%Money%'::text) AND (production_year = 1998))", "Rows Removed by Filter": 10543}]}, {"Node Type": "Index Scan", "Parent Relationship": "Inner", "Scan Direction": "Forward", "Index Name": "movie_id_movie_companies", "Relation Name": "movie_companies", "Alias": "mc", "Startup Cost": 0.0, "Total Cost": 0.31, "Plan Rows": 2, "Plan Width": 12, "Actual Startup Time": 0.016, "Actual Total Time": 0.017, "Actual Rows": 3, "Actual Loops": 1, "Index Cond": "(movie_id = mk.movie_id)", "Rows Removed by Index Recheck": 0, "Filter": "(note IS NULL)", "Rows Removed by Filter": 1}]}, {"Node Type": "Index Scan", "Parent Relationship": "Inner", "Scan Direction": "Forward", "Index Name": "company_name_pkey", "Relation Name": "company_name", "Alias": "cn", "Startup Cost": 0.0, "Total Cost": 0.29, "Plan Rows": 1, "Plan Width": 23, "Actual Startup Time": 0.038, "Actual Total Time": 0.038, "Actual Rows": 2, "Actual Loops": 3, "Index Cond": "(id = mc.company_id)", "Rows Removed by Index Recheck": 0, "Filter": "(((country_code)::text <> '[pl]'::text) AND (((name)::text ~~ '%Film%'::text) OR ((name)::text ~~ '%Warner%'::text)))", "Rows Removed by Filter": 1}]}, {"Node Type": "Index Scan", "Parent Relationship": "Inner", "Scan Direction": "Forward", "Index Name": "company_type_pkey", "Relation Name": "company_type", "Alias": "ct", "Startup Cost": 0.0, "Total Cost": 0.27, "Plan Rows": 1, "Plan Width": 4, "Actual Startup Time": 0.01, "Actual Total Time": 0.01, "Actual Rows": 2, "Actual Loops": 2, "Index Cond": "(id = mc.company_type_id)", "Rows Removed by Index Recheck": 0, "Filter": "((kind)::text = 'production companies'::text)", "Rows Removed by Filter": 0}]}, {"Node Type": "Index Scan", "Parent Relationship": "Inner", "Scan Direction": "Forward", "Index Name": "movie_id_movie_link", "Relation Name": "movie_link", "Alias": "ml", "Startup Cost": 0.0, "Total Cost": 0.35, "Plan Rows": 5, "Plan Width": 8, "Actual Startup Time": 0.015, "Actual Total Time": 0.031, "Actual Rows": 38, "Actual Loops": 2, "Index Cond": "(movie_id = mk.movie_id)", "Rows Removed by Index Recheck": 0}]}, {"Node Type": "Index Scan", "Parent Relationship": "Inner", "Scan Direction": "Forward", "Index Name": "link_type_pkey", "Relation Name": "link_type", "Alias": "lt", "Startup Cost": 0.0, "Total Cost": 0.27, "Plan Rows": 1, "Plan Width": 16, "Actual Startup Time": 0.063, "Actual Total Time": 0.063, "Actual Rows": 0, "Actual Loops": 38, "Index Cond": "(id = ml.link_type_id)", "Rows Removed by Index Recheck": 0, "Filter": "((link)::text ~~ '%follows%'::text)", "Rows Removed by Filter": 24}]}]}, "Triggers": [], "Planner Runtime": 76.567, "Total Runtime": 120.592, "Unique SQL Id": 4121279504}}, "(64, 105)": {"explain_plan": {"Plan": {"Node Type": "Aggregate", "Strategy": "Plain", "Startup Cost": 3332.23, "Total Cost": 3332.24, "Plan Rows": 1, "Plan Width": 144, "Plans": [{"Node Type": "Nested Loop", "Parent Relationship": "Outer", "Join Type": "Inner", "Startup Cost": 0.0, "Total Cost": 3332.23, "Plan Rows": 1, "Plan Width": 48, "Inner Unique": true, "Plans": [{"Node Type": "Nested Loop", "Parent Relationship": "Outer", "Join Type": "Inner", "Startup Cost": 0.0, "Total Cost": 3331.94, "Plan Rows": 1, "Plan Width": 40, "Inner Unique": false, "Join Filter": "(t.id = ml.movie_id)", "Plans": [{"Node Type": "Nested Loop", "Parent Relationship": "Outer", "Join Type": "Inner", "Startup Cost": 0.0, "Total Cost": 3331.53, "Plan Rows": 1, "Plan Width": 48, "Inner Unique": true, "Plans": [{"Node Type": "Nested Loop", "Parent Relationship": "Outer", "Join Type": "Inner", "Startup Cost": 0.0, "Total Cost": 3331.25, "Plan Rows": 1, "Plan Width": 52, "Inner Unique": true, "Plans": [{"Node Type": "Nested Loop", "Parent Relationship": "Outer", "Join Type": "Inner", "Startup Cost": 0.0, "Total Cost": 3330.95, "Plan Rows": 1, "Plan Width": 37, "Inner Unique": false, "Join Filter": "(t.id = mc.movie_id)", "Plans": [{"Node Type": "Nested Loop", "Parent Relationship": "Outer", "Join Type": "Inner", "Startup Cost": 0.0, "Total Cost": 3330.61, "Plan Rows": 1, "Plan Width": 25, "Inner Unique": true, "Plans": [{"Node Type": "Nested Loop", "Parent Relationship": "Outer", "Join Type": "Inner", "Startup Cost": 0.0, "Total Cost": 3319.92, "Plan Rows": 33, "Plan Width": 4, "Inner Unique": false, "Plans": [{"Node Type": "Index Scan", "Parent Relationship": "Outer", "Scan Direction": "Forward", "Index Name": "keyword_pkey", "Relation Name": "keyword", "Alias": "k", "Startup Cost": 0.0, "Total Cost": 3182.72, "Plan Rows": 1, "Plan Width": 4, "Filter": "((keyword)::text = 'sequel'::text)"}, {"Node Type": "Index Scan", "Parent Relationship": "Inner", "Scan Direction": "Forward", "Index Name": "keyword_id_movie_keyword", "Relation Name": "movie_keyword", "Alias": "mk", "Startup Cost": 0.0, "Total Cost": 136.88, "Plan Rows": 33, "Plan Width": 8, "Index Cond": "(keyword_id = k.id)"}]}, {"Node Type": "Index Scan", "Parent Relationship": "Inner", "Scan Direction": "Forward", "Index Name": "title_pkey", "Relation Name": "title", "Alias": "t", "Startup Cost": 0.0, "Total Cost": 0.31, "Plan Rows": 1, "Plan Width": 21, "Index Cond": "(id = mk.movie_id)", "Filter": "(((title)::text ~~ '%Money%'::text) AND (production_year = 1998))"}]}, {"Node Type": "Index Scan", "Parent Relationship": "Inner", "Scan Direction": "Forward", "Index Name": "movie_id_movie_companies", "Relation Name": "movie_companies", "Alias": "mc", "Startup Cost": 0.0, "Total Cost": 0.31, "Plan Rows": 2, "Plan Width": 12, "Index Cond": "(movie_id = mk.movie_id)", "Filter": "(note IS NULL)"}]}, {"Node Type": "Index Scan", "Parent Relationship": "Inner", "Scan Direction": "Forward", "Index Name": "company_name_pkey", "Relation Name": "company_name", "Alias": "cn", "Startup Cost": 0.0, "Total Cost": 0.29, "Plan Rows": 1, "Plan Width": 23, "Index Cond": "(id = mc.company_id)", "Filter": "(((country_code)::text <> '[pl]'::text) AND (((name)::text ~~ '%Film%'::text) OR ((name)::text ~~ '%Warner%'::text)))"}]}, {"Node Type": "Index Scan", "Parent Relationship": "Inner", "Scan Direction": "Forward", "Index Name": "company_type_pkey", "Relation Name": "company_type", "Alias": "ct", "Startup Cost": 0.0, "Total Cost": 0.27, "Plan Rows": 1, "Plan Width": 4, "Index Cond": "(id = mc.company_type_id)", "Filter": "((kind)::text = 'production companies'::text)"}]}, {"Node Type": "Index Scan", "Parent Relationship": "Inner", "Scan Direction": "Forward", "Index Name": "movie_id_movie_link", "Relation Name": "movie_link", "Alias": "ml", "Startup Cost": 0.0, "Total Cost": 0.35, "Plan Rows": 5, "Plan Width": 8, "Index Cond": "(movie_id = mk.movie_id)"}]}, {"Node Type": "Index Scan", "Parent Relationship": "Inner", "Scan Direction": "Forward", "Index Name": "link_type_pkey", "Relation Name": "link_type", "Alias": "lt", "Startup Cost": 0.0, "Total Cost": 0.27, "Plan Rows": 1, "Plan Width": 16, "Index Cond": "(id = ml.link_type_id)", "Filter": "((link)::text ~~ '%follows%'::text)"}]}]}, "Unique SQL Id": 4121279504}, "explain_analyze_plan": {"Plan": {"Node Type": "Aggregate", "Strategy": "Plain", "Startup Cost": 3332.23, "Total Cost": 3332.24, "Plan Rows": 1, "Plan Width": 144, "Actual Startup Time": 195.478, "Actual Total Time": 195.479, "Actual Rows": 1, "Actual Loops": 1, "Plans": [{"Node Type": "Nested Loop", "Parent Relationship": "Outer", "Join Type": "Inner", "Startup Cost": 0.0, "Total Cost": 3332.23, "Plan Rows": 1, "Plan Width": 48, "Actual Startup Time": 195.466, "Actual Total Time": 195.466, "Actual Rows": 0, "Actual Loops": 1, "Inner Unique": true, "Plans": [{"Node Type": "Nested Loop", "Parent Relationship": "Outer", "Join Type": "Inner", "Startup Cost": 0.0, "Total Cost": 3331.94, "Plan Rows": 1, "Plan Width": 40, "Actual Startup Time": 1.022, "Actual Total Time": 195.379, "Actual Rows": 38, "Actual Loops": 1, "Inner Unique": false, "Join Filter": "(t.id = ml.movie_id)", "Rows Removed by Join Filter": 0, "Plans": [{"Node Type": "Nested Loop", "Parent Relationship": "Outer", "Join Type": "Inner", "Startup Cost": 0.0, "Total Cost": 3331.53, "Plan Rows": 1, "Plan Width": 48, "Actual Startup Time": 1.006, "Actual Total Time": 195.329, "Actual Rows": 2, "Actual Loops": 1, "Inner Unique": true, "Plans": [{"Node Type": "Nested Loop", "Parent Relationship": "Outer", "Join Type": "Inner", "Startup Cost": 0.0, "Total Cost": 3331.25, "Plan Rows": 1, "Plan Width": 52, "Actual Startup Time": 0.993, "Actual Total Time": 195.312, "Actual Rows": 2, "Actual Loops": 1, "Inner Unique": true, "Plans": [{"Node Type": "Nested Loop", "Parent Relationship": "Outer", "Join Type": "Inner", "Startup Cost": 0.0, "Total Cost": 3330.95, "Plan Rows": 1, "Plan Width": 37, "Actual Startup Time": 0.971, "Actual Total Time": 195.27, "Actual Rows": 3, "Actual Loops": 1, "Inner Unique": false, "Join Filter": "(t.id = mc.movie_id)", "Rows Removed by Join Filter": 0, "Plans": [{"Node Type": "Nested Loop", "Parent Relationship": "Outer", "Join Type": "Inner", "Startup Cost": 0.0, "Total Cost": 3330.61, "Plan Rows": 1, "Plan Width": 25, "Actual Startup Time": 0.949, "Actual Total Time": 195.245, "Actual Rows": 1, "Actual Loops": 1, "Inner Unique": true, "Plans": [{"Node Type": "Nested Loop", "Parent Relationship": "Outer", "Join Type": "Inner", "Startup Cost": 0.0, "Total Cost": 3319.92, "Plan Rows": 33, "Plan Width": 4, "Actual Startup Time": 0.597, "Actual Total Time": 133.24, "Actual Rows": 10544, "Actual Loops": 1, "Inner Unique": false, "Plans": [{"Node Type": "Index Scan", "Parent Relationship": "Outer", "Scan Direction": "Forward", "Index Name": "keyword_pkey", "Relation Name": "keyword", "Alias": "k", "Startup Cost": 0.0, "Total Cost": 3182.72, "Plan Rows": 1, "Plan Width": 4, "Actual Startup Time": 0.557, "Actual Total Time": 115.424, "Actual Rows": 1, "Actual Loops": 1, "Filter": "((keyword)::text = 'sequel'::text)", "Rows Removed by Filter": 134168}, {"Node Type": "Index Scan", "Parent Relationship": "Inner", "Scan Direction": "Forward", "Index Name": "keyword_id_movie_keyword", "Relation Name": "movie_keyword", "Alias": "mk", "Startup Cost": 0.0, "Total Cost": 136.88, "Plan Rows": 33, "Plan Width": 8, "Actual Startup Time": 0.033, "Actual Total Time": 15.557, "Actual Rows": 10544, "Actual Loops": 1, "Index Cond": "(keyword_id = k.id)", "Rows Removed by Index Recheck": 0}]}, {"Node Type": "Index Scan", "Parent Relationship": "Inner", "Scan Direction": "Forward", "Index Name": "title_pkey", "Relation Name": "title", "Alias": "t", "Startup Cost": 0.0, "Total Cost": 0.31, "Plan Rows": 1, "Plan Width": 21, "Actual Startup Time": 56.68, "Actual Total Time": 56.68, "Actual Rows": 1, "Actual Loops": 10544, "Index Cond": "(id = mk.movie_id)", "Rows Removed by Index Recheck": 0, "Filter": "(((title)::text ~~ '%Money%'::text) AND (production_year = 1998))", "Rows Removed by Filter": 10543}]}, {"Node Type": "Index Scan", "Parent Relationship": "Inner", "Scan Direction": "Forward", "Index Name": "movie_id_movie_companies", "Relation Name": "movie_companies", "Alias": "mc", "Startup Cost": 0.0, "Total Cost": 0.31, "Plan Rows": 2, "Plan Width": 12, "Actual Startup Time": 0.019, "Actual Total Time": 0.022, "Actual Rows": 3, "Actual Loops": 1, "Index Cond": "(movie_id = mk.movie_id)", "Rows Removed by Index Recheck": 0, "Filter": "(note IS NULL)", "Rows Removed by Filter": 1}]}, {"Node Type": "Index Scan", "Parent Relationship": "Inner", "Scan Direction": "Forward", "Index Name": "company_name_pkey", "Relation Name": "company_name", "Alias": "cn", "Startup Cost": 0.0, "Total Cost": 0.29, "Plan Rows": 1, "Plan Width": 23, "Actual Startup Time": 0.038, "Actual Total Time": 0.038, "Actual Rows": 2, "Actual Loops": 3, "Index Cond": "(id = mc.company_id)", "Rows Removed by Index Recheck": 0, "Filter": "(((country_code)::text <> '[pl]'::text) AND (((name)::text ~~ '%Film%'::text) OR ((name)::text ~~ '%Warner%'::text)))", "Rows Removed by Filter": 1}]}, {"Node Type": "Index Scan", "Parent Relationship": "Inner", "Scan Direction": "Forward", "Index Name": "company_type_pkey", "Relation Name": "company_type", "Alias": "ct", "Startup Cost": 0.0, "Total Cost": 0.27, "Plan Rows": 1, "Plan Width": 4, "Actual Startup Time": 0.013, "Actual Total Time": 0.013, "Actual Rows": 2, "Actual Loops": 2, "Index Cond": "(id = mc.company_type_id)", "Rows Removed by Index Recheck": 0, "Filter": "((kind)::text = 'production companies'::text)", "Rows Removed by Filter": 0}]}, {"Node Type": "Index Scan", "Parent Relationship": "Inner", "Scan Direction": "Forward", "Index Name": "movie_id_movie_link", "Relation Name": "movie_link", "Alias": "ml", "Startup Cost": 0.0, "Total Cost": 0.35, "Plan Rows": 5, "Plan Width": 8, "Actual Startup Time": 0.017, "Actual Total Time": 0.028, "Actual Rows": 38, "Actual Loops": 2, "Index Cond": "(movie_id = mk.movie_id)", "Rows Removed by Index Recheck": 0}]}, {"Node Type": "Index Scan", "Parent Relationship": "Inner", "Scan Direction": "Forward", "Index Name": "link_type_pkey", "Relation Name": "link_type", "Alias": "lt", "Startup Cost": 0.0, "Total Cost": 0.27, "Plan Rows": 1, "Plan Width": 16, "Actual Startup Time": 0.066, "Actual Total Time": 0.066, "Actual Rows": 0, "Actual Loops": 38, "Index Cond": "(id = ml.link_type_id)", "Rows Removed by Index Recheck": 0, "Filter": "((link)::text ~~ '%follows%'::text)", "Rows Removed by Filter": 24}]}]}, "Triggers": [], "Planner Runtime": 69.692, "Total Runtime": 195.978, "Unique SQL Id": 4121279504}}, "(64, 106)": {"explain_plan": {"Plan": {"Node Type": "Aggregate", "Strategy": "Plain", "Startup Cost": 193724.13, "Total Cost": 193724.14, "Plan Rows": 1, "Plan Width": 144, "Plans": [{"Node Type": "Hash Join", "Parent Relationship": "Outer", "Join Type": "Inner", "Startup Cost": 119944.24, "Total Cost": 193724.12, "Plan Rows": 1, "Plan Width": 48, "Inner Unique": true, "Hash Cond": "(mc.company_type_id = ct.id)", "Plans": [{"Node Type": "Hash Join", "Parent Relationship": "Outer", "Join Type": "Inner", "Startup Cost": 119943.19, "Total Cost": 193723.06, "Plan Rows": 1, "Plan Width": 52, "Inner Unique": false, "Hash Cond": "(t.id = ml.movie_id)", "Plans": [{"Node Type": "Hash Join", "Parent Relationship": "Outer", "Join Type": "Inner", "Startup Cost": 119393.64, "Total Cost": 193173.45, "Plan Rows": 1, "Plan Width": 52, "Inner Unique": false, "Hash Cond": "(mk.movie_id = t.id)", "Plans": [{"Node Type": "Hash Join", "Parent Relationship": "Outer", "Join Type": "Inner", "Startup Cost": 2436.12, "Total Cost": 76215.84, "Plan Rows": 33, "Plan Width": 4, "Inner Unique": true, "Hash Cond": "(mk.keyword_id = k.id)", "Plans": [{"Node Type": "Seq Scan", "Parent Relationship": "Outer", "Relation Name": "movie_keyword", "Alias": "mk", "Startup Cost": 0.0, "Total Cost": 62441.29, "Plan Rows": 4523929, "Plan Width": 8}, {"Node Type": "Hash", "Parent Relationship": "Inner", "Startup Cost": 2436.11, "Total Cost": 2436.11, "Plan Rows": 1, "Plan Width": 4, "Plans": [{"Node Type": "Seq Scan", "Parent Relationship": "Outer", "Relation Name": "keyword", "Alias": "k", "Startup Cost": 0.0, "Total Cost": 2436.11, "Plan Rows": 1, "Plan Width": 4, "Filter": "((keyword)::text = 'sequel'::text)"}]}]}, {"Node Type": "Hash", "Parent Relationship": "Inner", "Startup Cost": 116957.49, "Total Cost": 116957.49, "Plan Rows": 2, "Plan Width": 48, "Plans": [{"Node Type": "Hash Join", "Parent Relationship": "Outer", "Join Type": "Inner", "Startup Cost": 71934.65, "Total Cost": 116957.49, "Plan Rows": 2, "Plan Width": 48, "Inner Unique": true, "Hash Cond": "(mc.company_id = cn.id)", "Plans": [{"Node Type": "Hash Join", "Parent Relationship": "Outer", "Join Type": "Inner", "Startup Cost": 64136.24, "Total Cost": 109159.03, "Plan Rows": 6, "Plan Width": 33, "Inner Unique": true, "Hash Cond": "(mc.movie_id = t.id)", "Plans": [{"Node Type": "Seq Scan", "Parent Relationship": "Outer", "Relation Name": "movie_companies", "Alias": "mc", "Startup Cost": 0.0, "Total Cost": 41817.28, "Plan Rows": 1269486, "Plan Width": 12, "Filter": "(note IS NULL), (LLVM Optimized)"}, {"Node Type": "Hash", "Parent Relationship": "Inner", "Startup Cost": 64136.19, "Total Cost": 64136.19, "Plan Rows": 4, "Plan Width": 21, "Plans": [{"Node Type": "Streaming(type: LOCAL GATHER dop: 1/64)", "Parent Relationship": "Outer", "Startup Cost": 0.0, "Total Cost": 64136.19, "Plan Rows": 4, "Plan Width": 21, "Plans": [{"Node Type": "Seq Scan", "Parent Relationship": "Outer", "Relation Name": "title", "Alias": "t", "Startup Cost": 0.0, "Total Cost": 64136.1, "Plan Rows": 4, "Plan Width": 21, "Filter": "(((title)::text ~~ '%Money%'::text) AND (production_year = 1998))"}]}]}]}, {"Node Type": "Hash", "Parent Relationship": "Inner", "Startup Cost": 7078.43, "Total Cost": 7078.43, "Plan Rows": 57599, "Plan Width": 23, "Plans": [{"Node Type": "Seq Scan", "Parent Relationship": "Outer", "Relation Name": "company_name", "Alias": "cn", "Startup Cost": 0.0, "Total Cost": 7078.43, "Plan Rows": 57599, "Plan Width": 23, "Filter": "(((country_code)::text <> '[pl]'::text) AND (((name)::text ~~ '%Film%'::text) OR ((name)::text ~~ '%Warner%'::text)))"}]}]}]}]}, {"Node Type": "Hash", "Parent Relationship": "Inner", "Startup Cost": 526.11, "Total Cost": 526.11, "Plan Rows": 1875, "Plan Width": 16, "Plans": [{"Node Type": "Hash Join", "Parent Relationship": "Outer", "Join Type": "Inner", "Startup Cost": 1.22, "Total Cost": 526.11, "Plan Rows": 1875, "Plan Width": 16, "Inner Unique": true, "Hash Cond": "(ml.link_type_id = lt.id)", "Plans": [{"Node Type": "Seq Scan", "Parent Relationship": "Outer", "Relation Name": "movie_link", "Alias": "ml", "Startup Cost": 0.0, "Total Cost": 430.96, "Plan Rows": 29996, "Plan Width": 8}, {"Node Type": "Hash", "Parent Relationship": "Inner", "Startup Cost": 1.21, "Total Cost": 1.21, "Plan Rows": 1, "Plan Width": 16, "Plans": [{"Node Type": "Seq Scan", "Parent Relationship": "Outer", "Relation Name": "link_type", "Alias": "lt", "Startup Cost": 0.0, "Total Cost": 1.21, "Plan Rows": 1, "Plan Width": 16, "Filter": "((link)::text ~~ '%follows%'::text)"}]}]}]}]}, {"Node Type": "Hash", "Parent Relationship": "Inner", "Startup Cost": 1.04, "Total Cost": 1.04, "Plan Rows": 1, "Plan Width": 4, "Plans": [{"Node Type": "Seq Scan", "Parent Relationship": "Outer", "Relation Name": "company_type", "Alias": "ct", "Startup Cost": 0.0, "Total Cost": 1.04, "Plan Rows": 1, "Plan Width": 4, "Filter": "((kind)::text = 'production companies'::text)"}]}]}]}, "Unique SQL Id": 4121279504}, "explain_analyze_plan": {"Plan": {"Node Type": "Aggregate", "Strategy": "Plain", "Startup Cost": 193724.13, "Total Cost": 193724.14, "Plan Rows": 1, "Plan Width": 144, "Actual Min Startup Time": 0.367, "Actual Max Startup Time": 0.367, "Actual Min Total Time": 0.367, "Actual Max Total Time": 0.367, "Actual Total Rows": 1, "Plans": [{"Node Type": "Hash Join", "Parent Relationship": "Outer", "Join Type": "Inner", "Startup Cost": 119944.24, "Total Cost": 193724.12, "Plan Rows": 1, "Plan Width": 48, "Actual Min Startup Time": 0.356, "Actual Max Startup Time": 0.356, "Actual Min Total Time": 0.356, "Actual Max Total Time": 0.356, "Actual Total Rows": 0, "Inner Unique": true, "Hash Cond": "(mc.company_type_id = ct.id)", "Plans": [{"Node Type": "Hash Join", "Parent Relationship": "Outer", "Join Type": "Inner", "Startup Cost": 119943.19, "Total Cost": 193723.06, "Plan Rows": 1, "Plan Width": 52, "Actual Min Startup Time": 0.203, "Actual Max Startup Time": 0.203, "Actual Min Total Time": 0.203, "Actual Max Total Time": 0.203, "Actual Total Rows": 0, "Inner Unique": false, "Hash Cond": "(t.id = ml.movie_id)", "Plans": [{"Node Type": "Hash Join", "Parent Relationship": "Outer", "Join Type": "Inner", "Startup Cost": 119393.64, "Total Cost": 193173.45, "Plan Rows": 1, "Plan Width": 52, "Actual Startup Time": 0.0, "Actual Total Time": 0.0, "Inner Unique": false, "Hash Cond": "(mk.movie_id = t.id)", "Plans": [{"Node Type": "Hash Join", "Parent Relationship": "Outer", "Join Type": "Inner", "Startup Cost": 2436.12, "Total Cost": 76215.84, "Plan Rows": 33, "Plan Width": 4, "Actual Startup Time": 0.0, "Actual Total Time": 0.0, "Inner Unique": true, "Hash Cond": "(mk.keyword_id = k.id)", "Plans": [{"Node Type": "Seq Scan", "Parent Relationship": "Outer", "Relation Name": "movie_keyword", "Alias": "mk", "Startup Cost": 0.0, "Total Cost": 62441.29, "Plan Rows": 4523929, "Plan Width": 8, "Actual Startup Time": 0.0, "Actual Total Time": 0.0}, {"Node Type": "Hash", "Parent Relationship": "Inner", "Startup Cost": 2436.11, "Total Cost": 2436.11, "Plan Rows": 1, "Plan Width": 4, "Actual Startup Time": 0.0, "Actual Total Time": 0.0, "Max Hash Buckets": 0, "Min Hash Buckets": 0, "Max Hash Batches": 0, "Min Hash Batches": 0, "Max Original Hash Batches": 0, "Min Original Hash Batches": 0, "Max Peak Memory Usage": 0, "min Peak Memory Usage": 0, "Plans": [{"Node Type": "Seq Scan", "Parent Relationship": "Outer", "Relation Name": "keyword", "Alias": "k", "Startup Cost": 0.0, "Total Cost": 2436.11, "Plan Rows": 1, "Plan Width": 4, "Actual Startup Time": 0.0, "Actual Total Time": 0.0, "Filter": "((keyword)::text = 'sequel'::text)", "Rows Removed by Filter": 0}]}]}, {"Node Type": "Hash", "Parent Relationship": "Inner", "Startup Cost": 116957.49, "Total Cost": 116957.49, "Plan Rows": 2, "Plan Width": 48, "Actual Startup Time": 0.0, "Actual Total Time": 0.0, "Max Hash Buckets": 0, "Min Hash Buckets": 0, "Max Hash Batches": 0, "Min Hash Batches": 0, "Max Original Hash Batches": 0, "Min Original Hash Batches": 0, "Max Peak Memory Usage": 0, "min Peak Memory Usage": 0, "Plans": [{"Node Type": "Hash Join", "Parent Relationship": "Outer", "Join Type": "Inner", "Startup Cost": 71934.65, "Total Cost": 116957.49, "Plan Rows": 2, "Plan Width": 48, "Actual Startup Time": 0.0, "Actual Total Time": 0.0, "Inner Unique": true, "Hash Cond": "(mc.company_id = cn.id)", "Plans": [{"Node Type": "Hash Join", "Parent Relationship": "Outer", "Join Type": "Inner", "Startup Cost": 64136.24, "Total Cost": 109159.03, "Plan Rows": 6, "Plan Width": 33, "Actual Startup Time": 0.0, "Actual Total Time": 0.0, "Inner Unique": true, "Hash Cond": "(mc.movie_id = t.id)", "Plans": [{"Node Type": "Seq Scan", "Parent Relationship": "Outer", "Relation Name": "movie_companies", "Alias": "mc", "Startup Cost": 0.0, "Total Cost": 41817.28, "Plan Rows": 1269486, "Plan Width": 12, "Actual Startup Time": 0.0, "Actual Total Time": 0.0, "Filter": "(note IS NULL), (LLVM Optimized)", "Rows Removed by Filter": 0}, {"Node Type": "Hash", "Parent Relationship": "Inner", "Startup Cost": 64136.19, "Total Cost": 64136.19, "Plan Rows": 4, "Plan Width": 21, "Actual Startup Time": 0.0, "Actual Total Time": 0.0, "Max Hash Buckets": 0, "Min Hash Buckets": 0, "Max Hash Batches": 0, "Min Hash Batches": 0, "Max Original Hash Batches": 0, "Min Original Hash Batches": 0, "Max Peak Memory Usage": 0, "min Peak Memory Usage": 0, "Plans": [{"Node Type": "Streaming(type: LOCAL GATHER dop: 1/64)", "Parent Relationship": "Outer", "Startup Cost": 0.0, "Total Cost": 64136.19, "Plan Rows": 4, "Plan Width": 21, "Actual Startup Time": 0.0, "Actual Total Time": 0.0, "Plans": [{"Node Type": "Seq Scan", "Parent Relationship": "Outer", "Relation Name": "title", "Alias": "t", "Startup Cost": 0.0, "Total Cost": 64136.1, "Plan Rows": 4, "Plan Width": 21, "Actual Min Startup Time": 0.638, "Actual Max Startup Time": 18.128, "Actual Min Total Time": 0.638, "Actual Max Total Time": 18.128, "Actual Total Rows": 11, "Filter": "(((title)::text ~~ '%Money%'::text) AND (production_year = 1998))", "Rows Removed by Filter": 792886}]}]}]}, {"Node Type": "Hash", "Parent Relationship": "Inner", "Startup Cost": 7078.43, "Total Cost": 7078.43, "Plan Rows": 57599, "Plan Width": 23, "Actual Startup Time": 0.0, "Actual Total Time": 0.0, "Max Hash Buckets": 0, "Min Hash Buckets": 0, "Max Hash Batches": 0, "Min Hash Batches": 0, "Max Original Hash Batches": 0, "Min Original Hash Batches": 0, "Max Peak Memory Usage": 0, "min Peak Memory Usage": 0, "Plans": [{"Node Type": "Seq Scan", "Parent Relationship": "Outer", "Relation Name": "company_name", "Alias": "cn", "Startup Cost": 0.0, "Total Cost": 7078.43, "Plan Rows": 57599, "Plan Width": 23, "Actual Startup Time": 0.0, "Actual Total Time": 0.0, "Filter": "(((country_code)::text <> '[pl]'::text) AND (((name)::text ~~ '%Film%'::text) OR ((name)::text ~~ '%Warner%'::text)))", "Rows Removed by Filter": 0}]}]}]}]}, {"Node Type": "Hash", "Parent Relationship": "Inner", "Startup Cost": 526.11, "Total Cost": 526.11, "Plan Rows": 1875, "Plan Width": 16, "Actual Min Startup Time": 0.105, "Actual Max Startup Time": 0.105, "Actual Min Total Time": 0.105, "Actual Max Total Time": 0.105, "Actual Total Rows": 0, "Max Hash Buckets": 32768, "Min Hash Buckets": 32768, "Max Hash Batches": 1, "Min Hash Batches": 1, "Max Original Hash Batches": 1, "Min Original Hash Batches": 1, "Max Peak Memory Usage": 0, "min Peak Memory Usage": 0, "Plans": [{"Node Type": "Hash Join", "Parent Relationship": "Outer", "Join Type": "Inner", "Startup Cost": 1.22, "Total Cost": 526.11, "Plan Rows": 1875, "Plan Width": 16, "Actual Min Startup Time": 0.104, "Actual Max Startup Time": 0.104, "Actual Min Total Time": 0.104, "Actual Max Total Time": 0.104, "Actual Total Rows": 0, "Inner Unique": true, "Hash Cond": "(ml.link_type_id = lt.id)", "Plans": [{"Node Type": "Seq Scan", "Parent Relationship": "Outer", "Relation Name": "movie_link", "Alias": "ml", "Startup Cost": 0.0, "Total Cost": 430.96, "Plan Rows": 29996, "Plan Width": 8, "Actual Min Startup Time": 0.045, "Actual Max Startup Time": 0.045, "Actual Min Total Time": 0.045, "Actual Max Total Time": 0.045, "Actual Total Rows": 1}, {"Node Type": "Hash", "Parent Relationship": "Inner", "Startup Cost": 1.21, "Total Cost": 1.21, "Plan Rows": 1, "Plan Width": 16, "Actual Min Startup Time": 0.021, "Actual Max Startup Time": 0.021, "Actual Min Total Time": 0.021, "Actual Max Total Time": 0.021, "Actual Total Rows": 0, "Max Hash Buckets": 32768, "Min Hash Buckets": 32768, "Max Hash Batches": 1, "Min Hash Batches": 1, "Max Original Hash Batches": 1, "Min Original Hash Batches": 1, "Max Peak Memory Usage": 0, "min Peak Memory Usage": 0, "Plans": [{"Node Type": "Seq Scan", "Parent Relationship": "Outer", "Relation Name": "link_type", "Alias": "lt", "Startup Cost": 0.0, "Total Cost": 1.21, "Plan Rows": 1, "Plan Width": 16, "Actual Min Startup Time": 0.02, "Actual Max Startup Time": 0.02, "Actual Min Total Time": 0.02, "Actual Max Total Time": 0.02, "Actual Total Rows": 0, "Filter": "((link)::text ~~ '%follows%'::text)", "Rows Removed by Filter": 17}]}]}]}]}, {"Node Type": "Hash", "Parent Relationship": "Inner", "Startup Cost": 1.04, "Total Cost": 1.04, "Plan Rows": 1, "Plan Width": 4, "Actual Min Startup Time": 0.076, "Actual Max Startup Time": 0.076, "Actual Min Total Time": 0.076, "Actual Max Total Time": 0.076, "Actual Total Rows": 1, "Max Hash Buckets": 32768, "Min Hash Buckets": 32768, "Max Hash Batches": 1, "Min Hash Batches": 1, "Max Original Hash Batches": 1, "Min Original Hash Batches": 1, "Max Peak Memory Usage": 1, "min Peak Memory Usage": 1, "Plans": [{"Node Type": "Seq Scan", "Parent Relationship": "Outer", "Relation Name": "company_type", "Alias": "ct", "Startup Cost": 0.0, "Total Cost": 1.04, "Plan Rows": 1, "Plan Width": 4, "Actual Min Startup Time": 0.058, "Actual Max Startup Time": 0.058, "Actual Min Total Time": 0.063, "Actual Max Total Time": 0.063, "Actual Total Rows": 1, "Filter": "((kind)::text = 'production companies'::text)", "Rows Removed by Filter": 2}]}]}]}, "Triggers": [], "Planner Runtime": 159.411, "Total Runtime": 185.542, "Unique SQL Id": 4121279504}}, "(64, 107)": {"explain_plan": {"Plan": {"Node Type": "Aggregate", "Strategy": "Plain", "Startup Cost": 8000012610315.01, "Total Cost": 8000012610315.02, "Plan Rows": 1, "Plan Width": 144, "Plans": [{"Node Type": "Hash Join", "Parent Relationship": "Outer", "Join Type": "Inner", "Startup Cost": 3050012278694.0, "Total Cost": 8000012610315.0, "Plan Rows": 1, "Plan Width": 48, "Inner Unique": true, "Hash Cond": "(ml.link_type_id = lt.id)", "Plans": [{"Node Type": "Nested Loop", "Parent Relationship": "Outer", "Join Type": "Inner", "Startup Cost": 2050012277439.23, "Total Cost": 7000012609060.23, "Plan Rows": 1, "Plan Width": 40, "Inner Unique": false, "Join Filter": "(t.id = ml.movie_id)", "Plans": [{"Node Type": "Hash Join", "Parent Relationship": "Outer", "Join Type": "Inner", "Startup Cost": 2040012277439.23, "Total Cost": 6000012609025.14, "Plan Rows": 1, "Plan Width": 48, "Inner Unique": true, "Hash Cond": "(mc.company_type_id = ct.id)", "Plans": [{"Node Type": "Nested Loop", "Parent Relationship": "Outer", "Join Type": "Inner", "Startup Cost": 1040012276208.97, "Total Cost": 5000012607794.87, "Plan Rows": 1, "Plan Width": 52, "Inner Unique": true, "Plans": [{"Node Type": "Nested Loop", "Parent Relationship": "Outer", "Join Type": "Inner", "Startup Cost": 1030012276208.97, "Total Cost": 4000012607766.05, "Plan Rows": 1, "Plan Width": 37, "Inner Unique": false, "Join Filter": "(t.id = mc.movie_id)", "Plans": [{"Node Type": "Hash Join", "Parent Relationship": "Outer", "Join Type": "Inner", "Startup Cost": 1020012276208.97, "Total Cost": 3000012607734.78, "Plan Rows": 1, "Plan Width": 25, "Inner Unique": true, "Hash Cond": "(mk.movie_id = t.id)", "Plans": [{"Node Type": "Nested Loop", "Parent Relationship": "Outer", "Join Type": "Inner", "Startup Cost": 20000000004.51, "Total Cost": 2000000331530.23, "Plan Rows": 33, "Plan Width": 4, "Inner Unique": false, "Plans": [{"Node Type": "Index Scan", "Parent Relationship": "Outer", "Scan Direction": "Forward", "Index Name": "keyword_pkey", "Relation Name": "keyword", "Alias": "k", "Startup Cost": 10000000000.0, "Total Cost": 1000000318271.68, "Plan Rows": 1, "Plan Width": 4, "Filter": "((keyword)::text = 'sequel'::text)"}, {"Node Type": "Bitmap Heap Scan", "Parent Relationship": "Inner", "Relation Name": "movie_keyword", "Alias": "mk", "Startup Cost": 10000000004.51, "Total Cost": 1000000013258.21, "Plan Rows": 33, "Plan Width": 8, "Recheck Cond": "(keyword_id = k.id)", "Plans": [{"Node Type": "Bitmap Index Scan", "Parent Relationship": "Outer", "Index Name": "keyword_id_movie_keyword", "Startup Cost": 0.0, "Total Cost": 4.5, "Plan Rows": 33, "Plan Width": 0, "Index Cond": "(keyword_id = k.id)"}]}]}, {"Node Type": "Hash", "Parent Relationship": "Inner", "Startup Cost": 1000012276204.41, "Total Cost": 1000012276204.41, "Plan Rows": 4, "Plan Width": 21, "Plans": [{"Node Type": "Index Scan", "Parent Relationship": "Outer", "Scan Direction": "Forward", "Index Name": "title_pkey", "Relation Name": "title", "Alias": "t", "Startup Cost": 10000000000.0, "Total Cost": 1000012276204.41, "Plan Rows": 4, "Plan Width": 21, "Filter": "(((title)::text ~~ '%Money%'::text) AND (production_year = 1998))"}]}]}, {"Node Type": "Index Scan", "Parent Relationship": "Inner", "Scan Direction": "Forward", "Index Name": "movie_id_movie_companies", "Relation Name": "movie_companies", "Alias": "mc", "Startup Cost": 10000000000.0, "Total Cost": 1000000000031.24, "Plan Rows": 2, "Plan Width": 12, "Index Cond": "(movie_id = mk.movie_id)", "Filter": "(note IS NULL)"}]}, {"Node Type": "Index Scan", "Parent Relationship": "Inner", "Scan Direction": "Forward", "Index Name": "company_name_pkey", "Relation Name": "company_name", "Alias": "cn", "Startup Cost": 10000000000.0, "Total Cost": 1000000000028.81, "Plan Rows": 1, "Plan Width": 23, "Index Cond": "(id = mc.company_id)", "Filter": "(((country_code)::text <> '[pl]'::text) AND (((name)::text ~~ '%Film%'::text) OR ((name)::text ~~ '%Warner%'::text)))"}]}, {"Node Type": "Hash", "Parent Relationship": "Inner", "Startup Cost": 1000000001230.25, "Total Cost": 1000000001230.25, "Plan Rows": 1, "Plan Width": 4, "Plans": [{"Node Type": "Index Scan", "Parent Relationship": "Outer", "Scan Direction": "Forward", "Index Name": "company_type_pkey", "Relation Name": "company_type", "Alias": "ct", "Startup Cost": 10000000000.0, "Total Cost": 1000000001230.25, "Plan Rows": 1, "Plan Width": 4, "Filter": "((kind)::text = 'production companies'::text)"}]}]}, {"Node Type": "Index Scan", "Parent Relationship": "Inner", "Scan Direction": "Forward", "Index Name": "movie_id_movie_link", "Relation Name": "movie_link", "Alias": "ml", "Startup Cost": 10000000000.0, "Total Cost": 1000000000035.02, "Plan Rows": 5, "Plan Width": 8, "Index Cond": "(movie_id = mk.movie_id)"}]}, {"Node Type": "Hash", "Parent Relationship": "Inner", "Startup Cost": 1000000001254.75, "Total Cost": 1000000001254.75, "Plan Rows": 1, "Plan Width": 16, "Plans": [{"Node Type": "Index Scan", "Parent Relationship": "Outer", "Scan Direction": "Forward", "Index Name": "link_type_pkey", "Relation Name": "link_type", "Alias": "lt", "Startup Cost": 10000000000.0, "Total Cost": 1000000001254.75, "Plan Rows": 1, "Plan Width": 16, "Filter": "((link)::text ~~ '%follows%'::text)"}]}]}]}, "Unique SQL Id": 4121279504}, "explain_analyze_plan": {"Plan": {"Node Type": "Aggregate", "Strategy": "Plain", "Startup Cost": 8000012610315.01, "Total Cost": 8000012610315.02, "Plan Rows": 1, "Plan Width": 144, "Actual Startup Time": 0.263, "Actual Total Time": 0.263, "Actual Rows": 1, "Actual Loops": 1, "Plans": [{"Node Type": "Hash Join", "Parent Relationship": "Outer", "Join Type": "Inner", "Startup Cost": 3050012278694.0, "Total Cost": 8000012610315.0, "Plan Rows": 1, "Plan Width": 48, "Actual Startup Time": 0.252, "Actual Total Time": 0.252, "Actual Rows": 0, "Actual Loops": 1, "Inner Unique": true, "Hash Cond": "(ml.link_type_id = lt.id)", "Plans": [{"Node Type": "Nested Loop", "Parent Relationship": "Outer", "Join Type": "Inner", "Startup Cost": 2050012277439.23, "Total Cost": 7000012609060.23, "Plan Rows": 1, "Plan Width": 40, "Actual Startup Time": 0.0, "Actual Total Time": 0.0, "Inner Unique": false, "Join Filter": "(t.id = ml.movie_id)", "Rows Removed by Join Filter": 0, "Plans": [{"Node Type": "Hash Join", "Parent Relationship": "Outer", "Join Type": "Inner", "Startup Cost": 2040012277439.23, "Total Cost": 6000012609025.14, "Plan Rows": 1, "Plan Width": 48, "Actual Startup Time": 0.0, "Actual Total Time": 0.0, "Inner Unique": true, "Hash Cond": "(mc.company_type_id = ct.id)", "Plans": [{"Node Type": "Nested Loop", "Parent Relationship": "Outer", "Join Type": "Inner", "Startup Cost": 1040012276208.97, "Total Cost": 5000012607794.87, "Plan Rows": 1, "Plan Width": 52, "Actual Startup Time": 0.0, "Actual Total Time": 0.0, "Inner Unique": true, "Plans": [{"Node Type": "Nested Loop", "Parent Relationship": "Outer", "Join Type": "Inner", "Startup Cost": 1030012276208.97, "Total Cost": 4000012607766.05, "Plan Rows": 1, "Plan Width": 37, "Actual Startup Time": 0.0, "Actual Total Time": 0.0, "Inner Unique": false, "Join Filter": "(t.id = mc.movie_id)", "Rows Removed by Join Filter": 0, "Plans": [{"Node Type": "Hash Join", "Parent Relationship": "Outer", "Join Type": "Inner", "Startup Cost": 1020012276208.97, "Total Cost": 3000012607734.78, "Plan Rows": 1, "Plan Width": 25, "Actual Startup Time": 0.0, "Actual Total Time": 0.0, "Inner Unique": true, "Hash Cond": "(mk.movie_id = t.id)", "Plans": [{"Node Type": "Nested Loop", "Parent Relationship": "Outer", "Join Type": "Inner", "Startup Cost": 20000000004.51, "Total Cost": 2000000331530.23, "Plan Rows": 33, "Plan Width": 4, "Actual Startup Time": 0.0, "Actual Total Time": 0.0, "Inner Unique": false, "Plans": [{"Node Type": "Index Scan", "Parent Relationship": "Outer", "Scan Direction": "Forward", "Index Name": "keyword_pkey", "Relation Name": "keyword", "Alias": "k", "Startup Cost": 10000000000.0, "Total Cost": 1000000318271.68, "Plan Rows": 1, "Plan Width": 4, "Actual Startup Time": 0.0, "Actual Total Time": 0.0, "Filter": "((keyword)::text = 'sequel'::text)", "Rows Removed by Filter": 0}, {"Node Type": "Bitmap Heap Scan", "Parent Relationship": "Inner", "Relation Name": "movie_keyword", "Alias": "mk", "Startup Cost": 10000000004.51, "Total Cost": 1000000013258.21, "Plan Rows": 33, "Plan Width": 8, "Actual Startup Time": 0.0, "Actual Total Time": 0.0, "Recheck Cond": "(keyword_id = k.id)", "Rows Removed by Index Recheck": 0, "Exact Heap Blocks": 0, "Lossy Heap Blocks": 0, "Plans": [{"Node Type": "Bitmap Index Scan", "Parent Relationship": "Outer", "Index Name": "keyword_id_movie_keyword", "Startup Cost": 0.0, "Total Cost": 4.5, "Plan Rows": 33, "Plan Width": 0, "Actual Startup Time": 0.0, "Actual Total Time": 0.0, "Index Cond": "(keyword_id = k.id)"}]}]}, {"Node Type": "Hash", "Parent Relationship": "Inner", "Startup Cost": 1000012276204.41, "Total Cost": 1000012276204.41, "Plan Rows": 4, "Plan Width": 21, "Actual Startup Time": 0.0, "Actual Total Time": 0.0, "Hash Buckets": 0, "Hash Batches": 0, "Original Hash Batches": 0, "Peak Memory Usage": 0, "Plans": [{"Node Type": "Index Scan", "Parent Relationship": "Outer", "Scan Direction": "Forward", "Index Name": "title_pkey", "Relation Name": "title", "Alias": "t", "Startup Cost": 10000000000.0, "Total Cost": 1000012276204.41, "Plan Rows": 4, "Plan Width": 21, "Actual Startup Time": 0.0, "Actual Total Time": 0.0, "Filter": "(((title)::text ~~ '%Money%'::text) AND (production_year = 1998))", "Rows Removed by Filter": 0}]}]}, {"Node Type": "Index Scan", "Parent Relationship": "Inner", "Scan Direction": "Forward", "Index Name": "movie_id_movie_companies", "Relation Name": "movie_companies", "Alias": "mc", "Startup Cost": 10000000000.0, "Total Cost": 1000000000031.24, "Plan Rows": 2, "Plan Width": 12, "Actual Startup Time": 0.0, "Actual Total Time": 0.0, "Index Cond": "(movie_id = mk.movie_id)", "Rows Removed by Index Recheck": 0, "Filter": "(note IS NULL)", "Rows Removed by Filter": 0}]}, {"Node Type": "Index Scan", "Parent Relationship": "Inner", "Scan Direction": "Forward", "Index Name": "company_name_pkey", "Relation Name": "company_name", "Alias": "cn", "Startup Cost": 10000000000.0, "Total Cost": 1000000000028.81, "Plan Rows": 1, "Plan Width": 23, "Actual Startup Time": 0.0, "Actual Total Time": 0.0, "Index Cond": "(id = mc.company_id)", "Rows Removed by Index Recheck": 0, "Filter": "(((country_code)::text <> '[pl]'::text) AND (((name)::text ~~ '%Film%'::text) OR ((name)::text ~~ '%Warner%'::text)))", "Rows Removed by Filter": 0}]}, {"Node Type": "Hash", "Parent Relationship": "Inner", "Startup Cost": 1000000001230.25, "Total Cost": 1000000001230.25, "Plan Rows": 1, "Plan Width": 4, "Actual Startup Time": 0.0, "Actual Total Time": 0.0, "Hash Buckets": 0, "Hash Batches": 0, "Original Hash Batches": 0, "Peak Memory Usage": 0, "Plans": [{"Node Type": "Index Scan", "Parent Relationship": "Outer", "Scan Direction": "Forward", "Index Name": "company_type_pkey", "Relation Name": "company_type", "Alias": "ct", "Startup Cost": 10000000000.0, "Total Cost": 1000000001230.25, "Plan Rows": 1, "Plan Width": 4, "Actual Startup Time": 0.0, "Actual Total Time": 0.0, "Filter": "((kind)::text = 'production companies'::text)", "Rows Removed by Filter": 0}]}]}, {"Node Type": "Index Scan", "Parent Relationship": "Inner", "Scan Direction": "Forward", "Index Name": "movie_id_movie_link", "Relation Name": "movie_link", "Alias": "ml", "Startup Cost": 10000000000.0, "Total Cost": 1000000000035.02, "Plan Rows": 5, "Plan Width": 8, "Actual Startup Time": 0.0, "Actual Total Time": 0.0, "Index Cond": "(movie_id = mk.movie_id)", "Rows Removed by Index Recheck": 0}]}, {"Node Type": "Hash", "Parent Relationship": "Inner", "Startup Cost": 1000000001254.75, "Total Cost": 1000000001254.75, "Plan Rows": 1, "Plan Width": 16, "Actual Startup Time": 0.092, "Actual Total Time": 0.092, "Actual Rows": 0, "Actual Loops": 1, "Hash Buckets": 32768, "Hash Batches": 1, "Original Hash Batches": 1, "Peak Memory Usage": 0, "Plans": [{"Node Type": "Index Scan", "Parent Relationship": "Outer", "Scan Direction": "Forward", "Index Name": "link_type_pkey", "Relation Name": "link_type", "Alias": "lt", "Startup Cost": 10000000000.0, "Total Cost": 1000000001254.75, "Plan Rows": 1, "Plan Width": 16, "Actual Startup Time": 0.085, "Actual Total Time": 0.085, "Actual Rows": 0, "Actual Loops": 1, "Filter": "((link)::text ~~ '%follows%'::text)", "Rows Removed by Filter": 17}]}]}]}, "Triggers": [], "Planner Runtime": 123.432, "Total Runtime": 0.694, "Unique SQL Id": 4121279504}}, "(64, 108)": {"explain_plan": {"Plan": {"Node Type": "Aggregate", "Strategy": "Plain", "Startup Cost": 2585.63, "Total Cost": 2585.64, "Plan Rows": 1, "Plan Width": 144, "Plans": [{"Node Type": "Nested Loop", "Parent Relationship": "Outer", "Join Type": "Inner", "Startup Cost": 0.0, "Total Cost": 2585.62, "Plan Rows": 1, "Plan Width": 48, "Inner Unique": true, "Plans": [{"Node Type": "Nested Loop", "Parent Relationship": "Outer", "Join Type": "Inner", "Startup Cost": 0.0, "Total Cost": 2585.34, "Plan Rows": 1, "Plan Width": 40, "Inner Unique": false, "Join Filter": "(t.id = ml.movie_id)", "Plans": [{"Node Type": "Nested Loop", "Parent Relationship": "Outer", "Join Type": "Inner", "Startup Cost": 0.0, "Total Cost": 2584.93, "Plan Rows": 1, "Plan Width": 48, "Inner Unique": true, "Plans": [{"Node Type": "Nested Loop", "Parent Relationship": "Outer", "Join Type": "Inner", "Startup Cost": 0.0, "Total Cost": 2584.64, "Plan Rows": 1, "Plan Width": 52, "Inner Unique": true, "Plans": [{"Node Type": "Nested Loop", "Parent Relationship": "Outer", "Join Type": "Inner", "Startup Cost": 0.0, "Total Cost": 2584.35, "Plan Rows": 1, "Plan Width": 37, "Inner Unique": false, "Join Filter": "(t.id = mc.movie_id)", "Plans": [{"Node Type": "Nested Loop", "Parent Relationship": "Outer", "Join Type": "Inner", "Startup Cost": 0.0, "Total Cost": 2584.01, "Plan Rows": 1, "Plan Width": 25, "Inner Unique": true, "Plans": [{"Node Type": "Nested Loop", "Parent Relationship": "Outer", "Join Type": "Inner", "Startup Cost": 0.0, "Total Cost": 2573.32, "Plan Rows": 33, "Plan Width": 4, "Inner Unique": false, "Plans": [{"Node Type": "Seq Scan", "Parent Relationship": "Outer", "Relation Name": "keyword", "Alias": "k", "Startup Cost": 0.0, "Total Cost": 2436.11, "Plan Rows": 1, "Plan Width": 4, "Filter": "((keyword)::text = 'sequel'::text)"}, {"Node Type": "Index Scan", "Parent Relationship": "Inner", "Scan Direction": "Forward", "Index Name": "keyword_id_movie_keyword", "Relation Name": "movie_keyword", "Alias": "mk", "Startup Cost": 0.0, "Total Cost": 136.88, "Plan Rows": 33, "Plan Width": 8, "Index Cond": "(keyword_id = k.id)"}]}, {"Node Type": "Index Scan", "Parent Relationship": "Inner", "Scan Direction": "Forward", "Index Name": "title_pkey", "Relation Name": "title", "Alias": "t", "Startup Cost": 0.0, "Total Cost": 0.31, "Plan Rows": 1, "Plan Width": 21, "Index Cond": "(id = mk.movie_id)", "Filter": "(((title)::text ~~ '%Money%'::text) AND (production_year = 1998))"}]}, {"Node Type": "Index Scan", "Parent Relationship": "Inner", "Scan Direction": "Forward", "Index Name": "movie_id_movie_companies", "Relation Name": "movie_companies", "Alias": "mc", "Startup Cost": 0.0, "Total Cost": 0.31, "Plan Rows": 2, "Plan Width": 12, "Index Cond": "(movie_id = mk.movie_id)", "Filter": "(note IS NULL)"}]}, {"Node Type": "Index Scan", "Parent Relationship": "Inner", "Scan Direction": "Forward", "Index Name": "company_name_pkey", "Relation Name": "company_name", "Alias": "cn", "Startup Cost": 0.0, "Total Cost": 0.29, "Plan Rows": 1, "Plan Width": 23, "Index Cond": "(id = mc.company_id)", "Filter": "(((country_code)::text <> '[pl]'::text) AND (((name)::text ~~ '%Film%'::text) OR ((name)::text ~~ '%Warner%'::text)))"}]}, {"Node Type": "Index Scan", "Parent Relationship": "Inner", "Scan Direction": "Forward", "Index Name": "company_type_pkey", "Relation Name": "company_type", "Alias": "ct", "Startup Cost": 0.0, "Total Cost": 0.27, "Plan Rows": 1, "Plan Width": 4, "Index Cond": "(id = mc.company_type_id)", "Filter": "((kind)::text = 'production companies'::text)"}]}, {"Node Type": "Index Scan", "Parent Relationship": "Inner", "Scan Direction": "Forward", "Index Name": "movie_id_movie_link", "Relation Name": "movie_link", "Alias": "ml", "Startup Cost": 0.0, "Total Cost": 0.35, "Plan Rows": 5, "Plan Width": 8, "Index Cond": "(movie_id = mk.movie_id)"}]}, {"Node Type": "Index Scan", "Parent Relationship": "Inner", "Scan Direction": "Forward", "Index Name": "link_type_pkey", "Relation Name": "link_type", "Alias": "lt", "Startup Cost": 0.0, "Total Cost": 0.27, "Plan Rows": 1, "Plan Width": 16, "Index Cond": "(id = ml.link_type_id)", "Filter": "((link)::text ~~ '%follows%'::text)"}]}]}, "Unique SQL Id": 4121279504}, "explain_analyze_plan": {"Plan": {"Node Type": "Aggregate", "Strategy": "Plain", "Startup Cost": 2585.63, "Total Cost": 2585.64, "Plan Rows": 1, "Plan Width": 144, "Actual Startup Time": 120.206, "Actual Total Time": 120.207, "Actual Rows": 1, "Actual Loops": 1, "Plans": [{"Node Type": "Nested Loop", "Parent Relationship": "Outer", "Join Type": "Inner", "Startup Cost": 0.0, "Total Cost": 2585.62, "Plan Rows": 1, "Plan Width": 48, "Actual Startup Time": 120.199, "Actual Total Time": 120.199, "Actual Rows": 0, "Actual Loops": 1, "Inner Unique": true, "Plans": [{"Node Type": "Nested Loop", "Parent Relationship": "Outer", "Join Type": "Inner", "Startup Cost": 0.0, "Total Cost": 2585.34, "Plan Rows": 1, "Plan Width": 40, "Actual Startup Time": 2.804, "Actual Total Time": 120.112, "Actual Rows": 38, "Actual Loops": 1, "Inner Unique": false, "Join Filter": "(t.id = ml.movie_id)", "Rows Removed by Join Filter": 0, "Plans": [{"Node Type": "Nested Loop", "Parent Relationship": "Outer", "Join Type": "Inner", "Startup Cost": 0.0, "Total Cost": 2584.93, "Plan Rows": 1, "Plan Width": 48, "Actual Startup Time": 2.79, "Actual Total Time": 120.066, "Actual Rows": 2, "Actual Loops": 1, "Inner Unique": true, "Plans": [{"Node Type": "Nested Loop", "Parent Relationship": "Outer", "Join Type": "Inner", "Startup Cost": 0.0, "Total Cost": 2584.64, "Plan Rows": 1, "Plan Width": 52, "Actual Startup Time": 2.781, "Actual Total Time": 120.052, "Actual Rows": 2, "Actual Loops": 1, "Inner Unique": true, "Plans": [{"Node Type": "Nested Loop", "Parent Relationship": "Outer", "Join Type": "Inner", "Startup Cost": 0.0, "Total Cost": 2584.35, "Plan Rows": 1, "Plan Width": 37, "Actual Startup Time": 2.759, "Actual Total Time": 120.009, "Actual Rows": 3, "Actual Loops": 1, "Inner Unique": false, "Join Filter": "(t.id = mc.movie_id)", "Rows Removed by Join Filter": 0, "Plans": [{"Node Type": "Nested Loop", "Parent Relationship": "Outer", "Join Type": "Inner", "Startup Cost": 0.0, "Total Cost": 2584.01, "Plan Rows": 1, "Plan Width": 25, "Actual Startup Time": 2.739, "Actual Total Time": 119.985, "Actual Rows": 1, "Actual Loops": 1, "Inner Unique": true, "Plans": [{"Node Type": "Nested Loop", "Parent Relationship": "Outer", "Join Type": "Inner", "Startup Cost": 0.0, "Total Cost": 2573.32, "Plan Rows": 33, "Plan Width": 4, "Actual Startup Time": 2.392, "Actual Total Time": 59.078, "Actual Rows": 10544, "Actual Loops": 1, "Inner Unique": false, "Plans": [{"Node Type": "Seq Scan", "Parent Relationship": "Outer", "Relation Name": "keyword", "Alias": "k", "Startup Cost": 0.0, "Total Cost": 2436.11, "Plan Rows": 1, "Plan Width": 4, "Actual Startup Time": 2.347, "Actual Total Time": 41.646, "Actual Rows": 1, "Actual Loops": 1, "Filter": "((keyword)::text = 'sequel'::text)", "Rows Removed by Filter": 134168}, {"Node Type": "Index Scan", "Parent Relationship": "Inner", "Scan Direction": "Forward", "Index Name": "keyword_id_movie_keyword", "Relation Name": "movie_keyword", "Alias": "mk", "Startup Cost": 0.0, "Total Cost": 136.88, "Plan Rows": 33, "Plan Width": 8, "Actual Startup Time": 0.038, "Actual Total Time": 15.158, "Actual Rows": 10544, "Actual Loops": 1, "Index Cond": "(keyword_id = k.id)", "Rows Removed by Index Recheck": 0}]}, {"Node Type": "Index Scan", "Parent Relationship": "Inner", "Scan Direction": "Forward", "Index Name": "title_pkey", "Relation Name": "title", "Alias": "t", "Startup Cost": 0.0, "Total Cost": 0.31, "Plan Rows": 1, "Plan Width": 21, "Actual Startup Time": 55.67, "Actual Total Time": 55.67, "Actual Rows": 1, "Actual Loops": 10544, "Index Cond": "(id = mk.movie_id)", "Rows Removed by Index Recheck": 0, "Filter": "(((title)::text ~~ '%Money%'::text) AND (production_year = 1998))", "Rows Removed by Filter": 10543}]}, {"Node Type": "Index Scan", "Parent Relationship": "Inner", "Scan Direction": "Forward", "Index Name": "movie_id_movie_companies", "Relation Name": "movie_companies", "Alias": "mc", "Startup Cost": 0.0, "Total Cost": 0.31, "Plan Rows": 2, "Plan Width": 12, "Actual Startup Time": 0.016, "Actual Total Time": 0.017, "Actual Rows": 3, "Actual Loops": 1, "Index Cond": "(movie_id = mk.movie_id)", "Rows Removed by Index Recheck": 0, "Filter": "(note IS NULL)", "Rows Removed by Filter": 1}]}, {"Node Type": "Index Scan", "Parent Relationship": "Inner", "Scan Direction": "Forward", "Index Name": "company_name_pkey", "Relation Name": "company_name", "Alias": "cn", "Startup Cost": 0.0, "Total Cost": 0.29, "Plan Rows": 1, "Plan Width": 23, "Actual Startup Time": 0.038, "Actual Total Time": 0.038, "Actual Rows": 2, "Actual Loops": 3, "Index Cond": "(id = mc.company_id)", "Rows Removed by Index Recheck": 0, "Filter": "(((country_code)::text <> '[pl]'::text) AND (((name)::text ~~ '%Film%'::text) OR ((name)::text ~~ '%Warner%'::text)))", "Rows Removed by Filter": 1}]}, {"Node Type": "Index Scan", "Parent Relationship": "Inner", "Scan Direction": "Forward", "Index Name": "company_type_pkey", "Relation Name": "company_type", "Alias": "ct", "Startup Cost": 0.0, "Total Cost": 0.27, "Plan Rows": 1, "Plan Width": 4, "Actual Startup Time": 0.01, "Actual Total Time": 0.01, "Actual Rows": 2, "Actual Loops": 2, "Index Cond": "(id = mc.company_type_id)", "Rows Removed by Index Recheck": 0, "Filter": "((kind)::text = 'production companies'::text)", "Rows Removed by Filter": 0}]}, {"Node Type": "Index Scan", "Parent Relationship": "Inner", "Scan Direction": "Forward", "Index Name": "movie_id_movie_link", "Relation Name": "movie_link", "Alias": "ml", "Startup Cost": 0.0, "Total Cost": 0.35, "Plan Rows": 5, "Plan Width": 8, "Actual Startup Time": 0.015, "Actual Total Time": 0.031, "Actual Rows": 38, "Actual Loops": 2, "Index Cond": "(movie_id = mk.movie_id)", "Rows Removed by Index Recheck": 0}]}, {"Node Type": "Index Scan", "Parent Relationship": "Inner", "Scan Direction": "Forward", "Index Name": "link_type_pkey", "Relation Name": "link_type", "Alias": "lt", "Startup Cost": 0.0, "Total Cost": 0.27, "Plan Rows": 1, "Plan Width": 16, "Actual Startup Time": 0.063, "Actual Total Time": 0.063, "Actual Rows": 0, "Actual Loops": 38, "Index Cond": "(id = ml.link_type_id)", "Rows Removed by Index Recheck": 0, "Filter": "((link)::text ~~ '%follows%'::text)", "Rows Removed by Filter": 24}]}]}, "Triggers": [], "Planner Runtime": 76.567, "Total Runtime": 120.592, "Unique SQL Id": 4121279504}}, "(64, 109)": {"explain_plan": {"Plan": {"Node Type": "Aggregate", "Strategy": "Plain", "Startup Cost": 3332.23, "Total Cost": 3332.24, "Plan Rows": 1, "Plan Width": 144, "Plans": [{"Node Type": "Nested Loop", "Parent Relationship": "Outer", "Join Type": "Inner", "Startup Cost": 0.0, "Total Cost": 3332.23, "Plan Rows": 1, "Plan Width": 48, "Inner Unique": true, "Plans": [{"Node Type": "Nested Loop", "Parent Relationship": "Outer", "Join Type": "Inner", "Startup Cost": 0.0, "Total Cost": 3331.94, "Plan Rows": 1, "Plan Width": 40, "Inner Unique": false, "Join Filter": "(t.id = ml.movie_id)", "Plans": [{"Node Type": "Nested Loop", "Parent Relationship": "Outer", "Join Type": "Inner", "Startup Cost": 0.0, "Total Cost": 3331.53, "Plan Rows": 1, "Plan Width": 48, "Inner Unique": true, "Plans": [{"Node Type": "Nested Loop", "Parent Relationship": "Outer", "Join Type": "Inner", "Startup Cost": 0.0, "Total Cost": 3331.25, "Plan Rows": 1, "Plan Width": 52, "Inner Unique": true, "Plans": [{"Node Type": "Nested Loop", "Parent Relationship": "Outer", "Join Type": "Inner", "Startup Cost": 0.0, "Total Cost": 3330.95, "Plan Rows": 1, "Plan Width": 37, "Inner Unique": false, "Join Filter": "(t.id = mc.movie_id)", "Plans": [{"Node Type": "Nested Loop", "Parent Relationship": "Outer", "Join Type": "Inner", "Startup Cost": 0.0, "Total Cost": 3330.61, "Plan Rows": 1, "Plan Width": 25, "Inner Unique": true, "Plans": [{"Node Type": "Nested Loop", "Parent Relationship": "Outer", "Join Type": "Inner", "Startup Cost": 0.0, "Total Cost": 3319.92, "Plan Rows": 33, "Plan Width": 4, "Inner Unique": false, "Plans": [{"Node Type": "Index Scan", "Parent Relationship": "Outer", "Scan Direction": "Forward", "Index Name": "keyword_pkey", "Relation Name": "keyword", "Alias": "k", "Startup Cost": 0.0, "Total Cost": 3182.72, "Plan Rows": 1, "Plan Width": 4, "Filter": "((keyword)::text = 'sequel'::text)"}, {"Node Type": "Index Scan", "Parent Relationship": "Inner", "Scan Direction": "Forward", "Index Name": "keyword_id_movie_keyword", "Relation Name": "movie_keyword", "Alias": "mk", "Startup Cost": 0.0, "Total Cost": 136.88, "Plan Rows": 33, "Plan Width": 8, "Index Cond": "(keyword_id = k.id)"}]}, {"Node Type": "Index Scan", "Parent Relationship": "Inner", "Scan Direction": "Forward", "Index Name": "title_pkey", "Relation Name": "title", "Alias": "t", "Startup Cost": 0.0, "Total Cost": 0.31, "Plan Rows": 1, "Plan Width": 21, "Index Cond": "(id = mk.movie_id)", "Filter": "(((title)::text ~~ '%Money%'::text) AND (production_year = 1998))"}]}, {"Node Type": "Index Scan", "Parent Relationship": "Inner", "Scan Direction": "Forward", "Index Name": "movie_id_movie_companies", "Relation Name": "movie_companies", "Alias": "mc", "Startup Cost": 0.0, "Total Cost": 0.31, "Plan Rows": 2, "Plan Width": 12, "Index Cond": "(movie_id = mk.movie_id)", "Filter": "(note IS NULL)"}]}, {"Node Type": "Index Scan", "Parent Relationship": "Inner", "Scan Direction": "Forward", "Index Name": "company_name_pkey", "Relation Name": "company_name", "Alias": "cn", "Startup Cost": 0.0, "Total Cost": 0.29, "Plan Rows": 1, "Plan Width": 23, "Index Cond": "(id = mc.company_id)", "Filter": "(((country_code)::text <> '[pl]'::text) AND (((name)::text ~~ '%Film%'::text) OR ((name)::text ~~ '%Warner%'::text)))"}]}, {"Node Type": "Index Scan", "Parent Relationship": "Inner", "Scan Direction": "Forward", "Index Name": "company_type_pkey", "Relation Name": "company_type", "Alias": "ct", "Startup Cost": 0.0, "Total Cost": 0.27, "Plan Rows": 1, "Plan Width": 4, "Index Cond": "(id = mc.company_type_id)", "Filter": "((kind)::text = 'production companies'::text)"}]}, {"Node Type": "Index Scan", "Parent Relationship": "Inner", "Scan Direction": "Forward", "Index Name": "movie_id_movie_link", "Relation Name": "movie_link", "Alias": "ml", "Startup Cost": 0.0, "Total Cost": 0.35, "Plan Rows": 5, "Plan Width": 8, "Index Cond": "(movie_id = mk.movie_id)"}]}, {"Node Type": "Index Scan", "Parent Relationship": "Inner", "Scan Direction": "Forward", "Index Name": "link_type_pkey", "Relation Name": "link_type", "Alias": "lt", "Startup Cost": 0.0, "Total Cost": 0.27, "Plan Rows": 1, "Plan Width": 16, "Index Cond": "(id = ml.link_type_id)", "Filter": "((link)::text ~~ '%follows%'::text)"}]}]}, "Unique SQL Id": 4121279504}, "explain_analyze_plan": {"Plan": {"Node Type": "Aggregate", "Strategy": "Plain", "Startup Cost": 3332.23, "Total Cost": 3332.24, "Plan Rows": 1, "Plan Width": 144, "Actual Startup Time": 195.478, "Actual Total Time": 195.479, "Actual Rows": 1, "Actual Loops": 1, "Plans": [{"Node Type": "Nested Loop", "Parent Relationship": "Outer", "Join Type": "Inner", "Startup Cost": 0.0, "Total Cost": 3332.23, "Plan Rows": 1, "Plan Width": 48, "Actual Startup Time": 195.466, "Actual Total Time": 195.466, "Actual Rows": 0, "Actual Loops": 1, "Inner Unique": true, "Plans": [{"Node Type": "Nested Loop", "Parent Relationship": "Outer", "Join Type": "Inner", "Startup Cost": 0.0, "Total Cost": 3331.94, "Plan Rows": 1, "Plan Width": 40, "Actual Startup Time": 1.022, "Actual Total Time": 195.379, "Actual Rows": 38, "Actual Loops": 1, "Inner Unique": false, "Join Filter": "(t.id = ml.movie_id)", "Rows Removed by Join Filter": 0, "Plans": [{"Node Type": "Nested Loop", "Parent Relationship": "Outer", "Join Type": "Inner", "Startup Cost": 0.0, "Total Cost": 3331.53, "Plan Rows": 1, "Plan Width": 48, "Actual Startup Time": 1.006, "Actual Total Time": 195.329, "Actual Rows": 2, "Actual Loops": 1, "Inner Unique": true, "Plans": [{"Node Type": "Nested Loop", "Parent Relationship": "Outer", "Join Type": "Inner", "Startup Cost": 0.0, "Total Cost": 3331.25, "Plan Rows": 1, "Plan Width": 52, "Actual Startup Time": 0.993, "Actual Total Time": 195.312, "Actual Rows": 2, "Actual Loops": 1, "Inner Unique": true, "Plans": [{"Node Type": "Nested Loop", "Parent Relationship": "Outer", "Join Type": "Inner", "Startup Cost": 0.0, "Total Cost": 3330.95, "Plan Rows": 1, "Plan Width": 37, "Actual Startup Time": 0.971, "Actual Total Time": 195.27, "Actual Rows": 3, "Actual Loops": 1, "Inner Unique": false, "Join Filter": "(t.id = mc.movie_id)", "Rows Removed by Join Filter": 0, "Plans": [{"Node Type": "Nested Loop", "Parent Relationship": "Outer", "Join Type": "Inner", "Startup Cost": 0.0, "Total Cost": 3330.61, "Plan Rows": 1, "Plan Width": 25, "Actual Startup Time": 0.949, "Actual Total Time": 195.245, "Actual Rows": 1, "Actual Loops": 1, "Inner Unique": true, "Plans": [{"Node Type": "Nested Loop", "Parent Relationship": "Outer", "Join Type": "Inner", "Startup Cost": 0.0, "Total Cost": 3319.92, "Plan Rows": 33, "Plan Width": 4, "Actual Startup Time": 0.597, "Actual Total Time": 133.24, "Actual Rows": 10544, "Actual Loops": 1, "Inner Unique": false, "Plans": [{"Node Type": "Index Scan", "Parent Relationship": "Outer", "Scan Direction": "Forward", "Index Name": "keyword_pkey", "Relation Name": "keyword", "Alias": "k", "Startup Cost": 0.0, "Total Cost": 3182.72, "Plan Rows": 1, "Plan Width": 4, "Actual Startup Time": 0.557, "Actual Total Time": 115.424, "Actual Rows": 1, "Actual Loops": 1, "Filter": "((keyword)::text = 'sequel'::text)", "Rows Removed by Filter": 134168}, {"Node Type": "Index Scan", "Parent Relationship": "Inner", "Scan Direction": "Forward", "Index Name": "keyword_id_movie_keyword", "Relation Name": "movie_keyword", "Alias": "mk", "Startup Cost": 0.0, "Total Cost": 136.88, "Plan Rows": 33, "Plan Width": 8, "Actual Startup Time": 0.033, "Actual Total Time": 15.557, "Actual Rows": 10544, "Actual Loops": 1, "Index Cond": "(keyword_id = k.id)", "Rows Removed by Index Recheck": 0}]}, {"Node Type": "Index Scan", "Parent Relationship": "Inner", "Scan Direction": "Forward", "Index Name": "title_pkey", "Relation Name": "title", "Alias": "t", "Startup Cost": 0.0, "Total Cost": 0.31, "Plan Rows": 1, "Plan Width": 21, "Actual Startup Time": 56.68, "Actual Total Time": 56.68, "Actual Rows": 1, "Actual Loops": 10544, "Index Cond": "(id = mk.movie_id)", "Rows Removed by Index Recheck": 0, "Filter": "(((title)::text ~~ '%Money%'::text) AND (production_year = 1998))", "Rows Removed by Filter": 10543}]}, {"Node Type": "Index Scan", "Parent Relationship": "Inner", "Scan Direction": "Forward", "Index Name": "movie_id_movie_companies", "Relation Name": "movie_companies", "Alias": "mc", "Startup Cost": 0.0, "Total Cost": 0.31, "Plan Rows": 2, "Plan Width": 12, "Actual Startup Time": 0.019, "Actual Total Time": 0.022, "Actual Rows": 3, "Actual Loops": 1, "Index Cond": "(movie_id = mk.movie_id)", "Rows Removed by Index Recheck": 0, "Filter": "(note IS NULL)", "Rows Removed by Filter": 1}]}, {"Node Type": "Index Scan", "Parent Relationship": "Inner", "Scan Direction": "Forward", "Index Name": "company_name_pkey", "Relation Name": "company_name", "Alias": "cn", "Startup Cost": 0.0, "Total Cost": 0.29, "Plan Rows": 1, "Plan Width": 23, "Actual Startup Time": 0.038, "Actual Total Time": 0.038, "Actual Rows": 2, "Actual Loops": 3, "Index Cond": "(id = mc.company_id)", "Rows Removed by Index Recheck": 0, "Filter": "(((country_code)::text <> '[pl]'::text) AND (((name)::text ~~ '%Film%'::text) OR ((name)::text ~~ '%Warner%'::text)))", "Rows Removed by Filter": 1}]}, {"Node Type": "Index Scan", "Parent Relationship": "Inner", "Scan Direction": "Forward", "Index Name": "company_type_pkey", "Relation Name": "company_type", "Alias": "ct", "Startup Cost": 0.0, "Total Cost": 0.27, "Plan Rows": 1, "Plan Width": 4, "Actual Startup Time": 0.013, "Actual Total Time": 0.013, "Actual Rows": 2, "Actual Loops": 2, "Index Cond": "(id = mc.company_type_id)", "Rows Removed by Index Recheck": 0, "Filter": "((kind)::text = 'production companies'::text)", "Rows Removed by Filter": 0}]}, {"Node Type": "Index Scan", "Parent Relationship": "Inner", "Scan Direction": "Forward", "Index Name": "movie_id_movie_link", "Relation Name": "movie_link", "Alias": "ml", "Startup Cost": 0.0, "Total Cost": 0.35, "Plan Rows": 5, "Plan Width": 8, "Actual Startup Time": 0.017, "Actual Total Time": 0.028, "Actual Rows": 38, "Actual Loops": 2, "Index Cond": "(movie_id = mk.movie_id)", "Rows Removed by Index Recheck": 0}]}, {"Node Type": "Index Scan", "Parent Relationship": "Inner", "Scan Direction": "Forward", "Index Name": "link_type_pkey", "Relation Name": "link_type", "Alias": "lt", "Startup Cost": 0.0, "Total Cost": 0.27, "Plan Rows": 1, "Plan Width": 16, "Actual Startup Time": 0.066, "Actual Total Time": 0.066, "Actual Rows": 0, "Actual Loops": 38, "Index Cond": "(id = ml.link_type_id)", "Rows Removed by Index Recheck": 0, "Filter": "((link)::text ~~ '%follows%'::text)", "Rows Removed by Filter": 24}]}]}, "Triggers": [], "Planner Runtime": 69.692, "Total Runtime": 195.978, "Unique SQL Id": 4121279504}}, "(64, 110)": {"explain_plan": {"Plan": {"Node Type": "Aggregate", "Strategy": "Plain", "Startup Cost": 193724.13, "Total Cost": 193724.14, "Plan Rows": 1, "Plan Width": 144, "Plans": [{"Node Type": "Hash Join", "Parent Relationship": "Outer", "Join Type": "Inner", "Startup Cost": 119944.24, "Total Cost": 193724.12, "Plan Rows": 1, "Plan Width": 48, "Inner Unique": true, "Hash Cond": "(mc.company_type_id = ct.id)", "Plans": [{"Node Type": "Hash Join", "Parent Relationship": "Outer", "Join Type": "Inner", "Startup Cost": 119943.19, "Total Cost": 193723.06, "Plan Rows": 1, "Plan Width": 52, "Inner Unique": false, "Hash Cond": "(t.id = ml.movie_id)", "Plans": [{"Node Type": "Hash Join", "Parent Relationship": "Outer", "Join Type": "Inner", "Startup Cost": 119393.64, "Total Cost": 193173.45, "Plan Rows": 1, "Plan Width": 52, "Inner Unique": false, "Hash Cond": "(mk.movie_id = t.id)", "Plans": [{"Node Type": "Hash Join", "Parent Relationship": "Outer", "Join Type": "Inner", "Startup Cost": 2436.12, "Total Cost": 76215.84, "Plan Rows": 33, "Plan Width": 4, "Inner Unique": true, "Hash Cond": "(mk.keyword_id = k.id)", "Plans": [{"Node Type": "Seq Scan", "Parent Relationship": "Outer", "Relation Name": "movie_keyword", "Alias": "mk", "Startup Cost": 0.0, "Total Cost": 62441.29, "Plan Rows": 4523929, "Plan Width": 8}, {"Node Type": "Hash", "Parent Relationship": "Inner", "Startup Cost": 2436.11, "Total Cost": 2436.11, "Plan Rows": 1, "Plan Width": 4, "Plans": [{"Node Type": "Seq Scan", "Parent Relationship": "Outer", "Relation Name": "keyword", "Alias": "k", "Startup Cost": 0.0, "Total Cost": 2436.11, "Plan Rows": 1, "Plan Width": 4, "Filter": "((keyword)::text = 'sequel'::text)"}]}]}, {"Node Type": "Hash", "Parent Relationship": "Inner", "Startup Cost": 116957.49, "Total Cost": 116957.49, "Plan Rows": 2, "Plan Width": 48, "Plans": [{"Node Type": "Hash Join", "Parent Relationship": "Outer", "Join Type": "Inner", "Startup Cost": 71934.65, "Total Cost": 116957.49, "Plan Rows": 2, "Plan Width": 48, "Inner Unique": true, "Hash Cond": "(mc.company_id = cn.id)", "Plans": [{"Node Type": "Hash Join", "Parent Relationship": "Outer", "Join Type": "Inner", "Startup Cost": 64136.24, "Total Cost": 109159.03, "Plan Rows": 6, "Plan Width": 33, "Inner Unique": true, "Hash Cond": "(mc.movie_id = t.id)", "Plans": [{"Node Type": "Seq Scan", "Parent Relationship": "Outer", "Relation Name": "movie_companies", "Alias": "mc", "Startup Cost": 0.0, "Total Cost": 41817.28, "Plan Rows": 1269486, "Plan Width": 12, "Filter": "(note IS NULL), (LLVM Optimized)"}, {"Node Type": "Hash", "Parent Relationship": "Inner", "Startup Cost": 64136.19, "Total Cost": 64136.19, "Plan Rows": 4, "Plan Width": 21, "Plans": [{"Node Type": "Streaming(type: LOCAL GATHER dop: 1/64)", "Parent Relationship": "Outer", "Startup Cost": 0.0, "Total Cost": 64136.19, "Plan Rows": 4, "Plan Width": 21, "Plans": [{"Node Type": "Seq Scan", "Parent Relationship": "Outer", "Relation Name": "title", "Alias": "t", "Startup Cost": 0.0, "Total Cost": 64136.1, "Plan Rows": 4, "Plan Width": 21, "Filter": "(((title)::text ~~ '%Money%'::text) AND (production_year = 1998))"}]}]}]}, {"Node Type": "Hash", "Parent Relationship": "Inner", "Startup Cost": 7078.43, "Total Cost": 7078.43, "Plan Rows": 57599, "Plan Width": 23, "Plans": [{"Node Type": "Seq Scan", "Parent Relationship": "Outer", "Relation Name": "company_name", "Alias": "cn", "Startup Cost": 0.0, "Total Cost": 7078.43, "Plan Rows": 57599, "Plan Width": 23, "Filter": "(((country_code)::text <> '[pl]'::text) AND (((name)::text ~~ '%Film%'::text) OR ((name)::text ~~ '%Warner%'::text)))"}]}]}]}]}, {"Node Type": "Hash", "Parent Relationship": "Inner", "Startup Cost": 526.11, "Total Cost": 526.11, "Plan Rows": 1875, "Plan Width": 16, "Plans": [{"Node Type": "Hash Join", "Parent Relationship": "Outer", "Join Type": "Inner", "Startup Cost": 1.22, "Total Cost": 526.11, "Plan Rows": 1875, "Plan Width": 16, "Inner Unique": true, "Hash Cond": "(ml.link_type_id = lt.id)", "Plans": [{"Node Type": "Seq Scan", "Parent Relationship": "Outer", "Relation Name": "movie_link", "Alias": "ml", "Startup Cost": 0.0, "Total Cost": 430.96, "Plan Rows": 29996, "Plan Width": 8}, {"Node Type": "Hash", "Parent Relationship": "Inner", "Startup Cost": 1.21, "Total Cost": 1.21, "Plan Rows": 1, "Plan Width": 16, "Plans": [{"Node Type": "Seq Scan", "Parent Relationship": "Outer", "Relation Name": "link_type", "Alias": "lt", "Startup Cost": 0.0, "Total Cost": 1.21, "Plan Rows": 1, "Plan Width": 16, "Filter": "((link)::text ~~ '%follows%'::text)"}]}]}]}]}, {"Node Type": "Hash", "Parent Relationship": "Inner", "Startup Cost": 1.04, "Total Cost": 1.04, "Plan Rows": 1, "Plan Width": 4, "Plans": [{"Node Type": "Seq Scan", "Parent Relationship": "Outer", "Relation Name": "company_type", "Alias": "ct", "Startup Cost": 0.0, "Total Cost": 1.04, "Plan Rows": 1, "Plan Width": 4, "Filter": "((kind)::text = 'production companies'::text)"}]}]}]}, "Unique SQL Id": 4121279504}, "explain_analyze_plan": {"Plan": {"Node Type": "Aggregate", "Strategy": "Plain", "Startup Cost": 193724.13, "Total Cost": 193724.14, "Plan Rows": 1, "Plan Width": 144, "Actual Min Startup Time": 0.367, "Actual Max Startup Time": 0.367, "Actual Min Total Time": 0.367, "Actual Max Total Time": 0.367, "Actual Total Rows": 1, "Plans": [{"Node Type": "Hash Join", "Parent Relationship": "Outer", "Join Type": "Inner", "Startup Cost": 119944.24, "Total Cost": 193724.12, "Plan Rows": 1, "Plan Width": 48, "Actual Min Startup Time": 0.356, "Actual Max Startup Time": 0.356, "Actual Min Total Time": 0.356, "Actual Max Total Time": 0.356, "Actual Total Rows": 0, "Inner Unique": true, "Hash Cond": "(mc.company_type_id = ct.id)", "Plans": [{"Node Type": "Hash Join", "Parent Relationship": "Outer", "Join Type": "Inner", "Startup Cost": 119943.19, "Total Cost": 193723.06, "Plan Rows": 1, "Plan Width": 52, "Actual Min Startup Time": 0.203, "Actual Max Startup Time": 0.203, "Actual Min Total Time": 0.203, "Actual Max Total Time": 0.203, "Actual Total Rows": 0, "Inner Unique": false, "Hash Cond": "(t.id = ml.movie_id)", "Plans": [{"Node Type": "Hash Join", "Parent Relationship": "Outer", "Join Type": "Inner", "Startup Cost": 119393.64, "Total Cost": 193173.45, "Plan Rows": 1, "Plan Width": 52, "Actual Startup Time": 0.0, "Actual Total Time": 0.0, "Inner Unique": false, "Hash Cond": "(mk.movie_id = t.id)", "Plans": [{"Node Type": "Hash Join", "Parent Relationship": "Outer", "Join Type": "Inner", "Startup Cost": 2436.12, "Total Cost": 76215.84, "Plan Rows": 33, "Plan Width": 4, "Actual Startup Time": 0.0, "Actual Total Time": 0.0, "Inner Unique": true, "Hash Cond": "(mk.keyword_id = k.id)", "Plans": [{"Node Type": "Seq Scan", "Parent Relationship": "Outer", "Relation Name": "movie_keyword", "Alias": "mk", "Startup Cost": 0.0, "Total Cost": 62441.29, "Plan Rows": 4523929, "Plan Width": 8, "Actual Startup Time": 0.0, "Actual Total Time": 0.0}, {"Node Type": "Hash", "Parent Relationship": "Inner", "Startup Cost": 2436.11, "Total Cost": 2436.11, "Plan Rows": 1, "Plan Width": 4, "Actual Startup Time": 0.0, "Actual Total Time": 0.0, "Max Hash Buckets": 0, "Min Hash Buckets": 0, "Max Hash Batches": 0, "Min Hash Batches": 0, "Max Original Hash Batches": 0, "Min Original Hash Batches": 0, "Max Peak Memory Usage": 0, "min Peak Memory Usage": 0, "Plans": [{"Node Type": "Seq Scan", "Parent Relationship": "Outer", "Relation Name": "keyword", "Alias": "k", "Startup Cost": 0.0, "Total Cost": 2436.11, "Plan Rows": 1, "Plan Width": 4, "Actual Startup Time": 0.0, "Actual Total Time": 0.0, "Filter": "((keyword)::text = 'sequel'::text)", "Rows Removed by Filter": 0}]}]}, {"Node Type": "Hash", "Parent Relationship": "Inner", "Startup Cost": 116957.49, "Total Cost": 116957.49, "Plan Rows": 2, "Plan Width": 48, "Actual Startup Time": 0.0, "Actual Total Time": 0.0, "Max Hash Buckets": 0, "Min Hash Buckets": 0, "Max Hash Batches": 0, "Min Hash Batches": 0, "Max Original Hash Batches": 0, "Min Original Hash Batches": 0, "Max Peak Memory Usage": 0, "min Peak Memory Usage": 0, "Plans": [{"Node Type": "Hash Join", "Parent Relationship": "Outer", "Join Type": "Inner", "Startup Cost": 71934.65, "Total Cost": 116957.49, "Plan Rows": 2, "Plan Width": 48, "Actual Startup Time": 0.0, "Actual Total Time": 0.0, "Inner Unique": true, "Hash Cond": "(mc.company_id = cn.id)", "Plans": [{"Node Type": "Hash Join", "Parent Relationship": "Outer", "Join Type": "Inner", "Startup Cost": 64136.24, "Total Cost": 109159.03, "Plan Rows": 6, "Plan Width": 33, "Actual Startup Time": 0.0, "Actual Total Time": 0.0, "Inner Unique": true, "Hash Cond": "(mc.movie_id = t.id)", "Plans": [{"Node Type": "Seq Scan", "Parent Relationship": "Outer", "Relation Name": "movie_companies", "Alias": "mc", "Startup Cost": 0.0, "Total Cost": 41817.28, "Plan Rows": 1269486, "Plan Width": 12, "Actual Startup Time": 0.0, "Actual Total Time": 0.0, "Filter": "(note IS NULL), (LLVM Optimized)", "Rows Removed by Filter": 0}, {"Node Type": "Hash", "Parent Relationship": "Inner", "Startup Cost": 64136.19, "Total Cost": 64136.19, "Plan Rows": 4, "Plan Width": 21, "Actual Startup Time": 0.0, "Actual Total Time": 0.0, "Max Hash Buckets": 0, "Min Hash Buckets": 0, "Max Hash Batches": 0, "Min Hash Batches": 0, "Max Original Hash Batches": 0, "Min Original Hash Batches": 0, "Max Peak Memory Usage": 0, "min Peak Memory Usage": 0, "Plans": [{"Node Type": "Streaming(type: LOCAL GATHER dop: 1/64)", "Parent Relationship": "Outer", "Startup Cost": 0.0, "Total Cost": 64136.19, "Plan Rows": 4, "Plan Width": 21, "Actual Startup Time": 0.0, "Actual Total Time": 0.0, "Plans": [{"Node Type": "Seq Scan", "Parent Relationship": "Outer", "Relation Name": "title", "Alias": "t", "Startup Cost": 0.0, "Total Cost": 64136.1, "Plan Rows": 4, "Plan Width": 21, "Actual Min Startup Time": 0.638, "Actual Max Startup Time": 18.128, "Actual Min Total Time": 0.638, "Actual Max Total Time": 18.128, "Actual Total Rows": 11, "Filter": "(((title)::text ~~ '%Money%'::text) AND (production_year = 1998))", "Rows Removed by Filter": 792886}]}]}]}, {"Node Type": "Hash", "Parent Relationship": "Inner", "Startup Cost": 7078.43, "Total Cost": 7078.43, "Plan Rows": 57599, "Plan Width": 23, "Actual Startup Time": 0.0, "Actual Total Time": 0.0, "Max Hash Buckets": 0, "Min Hash Buckets": 0, "Max Hash Batches": 0, "Min Hash Batches": 0, "Max Original Hash Batches": 0, "Min Original Hash Batches": 0, "Max Peak Memory Usage": 0, "min Peak Memory Usage": 0, "Plans": [{"Node Type": "Seq Scan", "Parent Relationship": "Outer", "Relation Name": "company_name", "Alias": "cn", "Startup Cost": 0.0, "Total Cost": 7078.43, "Plan Rows": 57599, "Plan Width": 23, "Actual Startup Time": 0.0, "Actual Total Time": 0.0, "Filter": "(((country_code)::text <> '[pl]'::text) AND (((name)::text ~~ '%Film%'::text) OR ((name)::text ~~ '%Warner%'::text)))", "Rows Removed by Filter": 0}]}]}]}]}, {"Node Type": "Hash", "Parent Relationship": "Inner", "Startup Cost": 526.11, "Total Cost": 526.11, "Plan Rows": 1875, "Plan Width": 16, "Actual Min Startup Time": 0.105, "Actual Max Startup Time": 0.105, "Actual Min Total Time": 0.105, "Actual Max Total Time": 0.105, "Actual Total Rows": 0, "Max Hash Buckets": 32768, "Min Hash Buckets": 32768, "Max Hash Batches": 1, "Min Hash Batches": 1, "Max Original Hash Batches": 1, "Min Original Hash Batches": 1, "Max Peak Memory Usage": 0, "min Peak Memory Usage": 0, "Plans": [{"Node Type": "Hash Join", "Parent Relationship": "Outer", "Join Type": "Inner", "Startup Cost": 1.22, "Total Cost": 526.11, "Plan Rows": 1875, "Plan Width": 16, "Actual Min Startup Time": 0.104, "Actual Max Startup Time": 0.104, "Actual Min Total Time": 0.104, "Actual Max Total Time": 0.104, "Actual Total Rows": 0, "Inner Unique": true, "Hash Cond": "(ml.link_type_id = lt.id)", "Plans": [{"Node Type": "Seq Scan", "Parent Relationship": "Outer", "Relation Name": "movie_link", "Alias": "ml", "Startup Cost": 0.0, "Total Cost": 430.96, "Plan Rows": 29996, "Plan Width": 8, "Actual Min Startup Time": 0.045, "Actual Max Startup Time": 0.045, "Actual Min Total Time": 0.045, "Actual Max Total Time": 0.045, "Actual Total Rows": 1}, {"Node Type": "Hash", "Parent Relationship": "Inner", "Startup Cost": 1.21, "Total Cost": 1.21, "Plan Rows": 1, "Plan Width": 16, "Actual Min Startup Time": 0.021, "Actual Max Startup Time": 0.021, "Actual Min Total Time": 0.021, "Actual Max Total Time": 0.021, "Actual Total Rows": 0, "Max Hash Buckets": 32768, "Min Hash Buckets": 32768, "Max Hash Batches": 1, "Min Hash Batches": 1, "Max Original Hash Batches": 1, "Min Original Hash Batches": 1, "Max Peak Memory Usage": 0, "min Peak Memory Usage": 0, "Plans": [{"Node Type": "Seq Scan", "Parent Relationship": "Outer", "Relation Name": "link_type", "Alias": "lt", "Startup Cost": 0.0, "Total Cost": 1.21, "Plan Rows": 1, "Plan Width": 16, "Actual Min Startup Time": 0.02, "Actual Max Startup Time": 0.02, "Actual Min Total Time": 0.02, "Actual Max Total Time": 0.02, "Actual Total Rows": 0, "Filter": "((link)::text ~~ '%follows%'::text)", "Rows Removed by Filter": 17}]}]}]}]}, {"Node Type": "Hash", "Parent Relationship": "Inner", "Startup Cost": 1.04, "Total Cost": 1.04, "Plan Rows": 1, "Plan Width": 4, "Actual Min Startup Time": 0.076, "Actual Max Startup Time": 0.076, "Actual Min Total Time": 0.076, "Actual Max Total Time": 0.076, "Actual Total Rows": 1, "Max Hash Buckets": 32768, "Min Hash Buckets": 32768, "Max Hash Batches": 1, "Min Hash Batches": 1, "Max Original Hash Batches": 1, "Min Original Hash Batches": 1, "Max Peak Memory Usage": 1, "min Peak Memory Usage": 1, "Plans": [{"Node Type": "Seq Scan", "Parent Relationship": "Outer", "Relation Name": "company_type", "Alias": "ct", "Startup Cost": 0.0, "Total Cost": 1.04, "Plan Rows": 1, "Plan Width": 4, "Actual Min Startup Time": 0.058, "Actual Max Startup Time": 0.058, "Actual Min Total Time": 0.063, "Actual Max Total Time": 0.063, "Actual Total Rows": 1, "Filter": "((kind)::text = 'production companies'::text)", "Rows Removed by Filter": 2}]}]}]}, "Triggers": [], "Planner Runtime": 159.411, "Total Runtime": 185.542, "Unique SQL Id": 4121279504}}, "(64, 111)": {"explain_plan": {"Plan": {"Node Type": "Aggregate", "Strategy": "Plain", "Startup Cost": 8000012610315.01, "Total Cost": 8000012610315.02, "Plan Rows": 1, "Plan Width": 144, "Plans": [{"Node Type": "Hash Join", "Parent Relationship": "Outer", "Join Type": "Inner", "Startup Cost": 3050012278694.0, "Total Cost": 8000012610315.0, "Plan Rows": 1, "Plan Width": 48, "Inner Unique": true, "Hash Cond": "(ml.link_type_id = lt.id)", "Plans": [{"Node Type": "Nested Loop", "Parent Relationship": "Outer", "Join Type": "Inner", "Startup Cost": 2050012277439.23, "Total Cost": 7000012609060.23, "Plan Rows": 1, "Plan Width": 40, "Inner Unique": false, "Join Filter": "(t.id = ml.movie_id)", "Plans": [{"Node Type": "Hash Join", "Parent Relationship": "Outer", "Join Type": "Inner", "Startup Cost": 2040012277439.23, "Total Cost": 6000012609025.14, "Plan Rows": 1, "Plan Width": 48, "Inner Unique": true, "Hash Cond": "(mc.company_type_id = ct.id)", "Plans": [{"Node Type": "Nested Loop", "Parent Relationship": "Outer", "Join Type": "Inner", "Startup Cost": 1040012276208.97, "Total Cost": 5000012607794.87, "Plan Rows": 1, "Plan Width": 52, "Inner Unique": true, "Plans": [{"Node Type": "Nested Loop", "Parent Relationship": "Outer", "Join Type": "Inner", "Startup Cost": 1030012276208.97, "Total Cost": 4000012607766.05, "Plan Rows": 1, "Plan Width": 37, "Inner Unique": false, "Join Filter": "(t.id = mc.movie_id)", "Plans": [{"Node Type": "Hash Join", "Parent Relationship": "Outer", "Join Type": "Inner", "Startup Cost": 1020012276208.97, "Total Cost": 3000012607734.78, "Plan Rows": 1, "Plan Width": 25, "Inner Unique": true, "Hash Cond": "(mk.movie_id = t.id)", "Plans": [{"Node Type": "Nested Loop", "Parent Relationship": "Outer", "Join Type": "Inner", "Startup Cost": 20000000004.51, "Total Cost": 2000000331530.23, "Plan Rows": 33, "Plan Width": 4, "Inner Unique": false, "Plans": [{"Node Type": "Index Scan", "Parent Relationship": "Outer", "Scan Direction": "Forward", "Index Name": "keyword_pkey", "Relation Name": "keyword", "Alias": "k", "Startup Cost": 10000000000.0, "Total Cost": 1000000318271.68, "Plan Rows": 1, "Plan Width": 4, "Filter": "((keyword)::text = 'sequel'::text)"}, {"Node Type": "Bitmap Heap Scan", "Parent Relationship": "Inner", "Relation Name": "movie_keyword", "Alias": "mk", "Startup Cost": 10000000004.51, "Total Cost": 1000000013258.21, "Plan Rows": 33, "Plan Width": 8, "Recheck Cond": "(keyword_id = k.id)", "Plans": [{"Node Type": "Bitmap Index Scan", "Parent Relationship": "Outer", "Index Name": "keyword_id_movie_keyword", "Startup Cost": 0.0, "Total Cost": 4.5, "Plan Rows": 33, "Plan Width": 0, "Index Cond": "(keyword_id = k.id)"}]}]}, {"Node Type": "Hash", "Parent Relationship": "Inner", "Startup Cost": 1000012276204.41, "Total Cost": 1000012276204.41, "Plan Rows": 4, "Plan Width": 21, "Plans": [{"Node Type": "Index Scan", "Parent Relationship": "Outer", "Scan Direction": "Forward", "Index Name": "title_pkey", "Relation Name": "title", "Alias": "t", "Startup Cost": 10000000000.0, "Total Cost": 1000012276204.41, "Plan Rows": 4, "Plan Width": 21, "Filter": "(((title)::text ~~ '%Money%'::text) AND (production_year = 1998))"}]}]}, {"Node Type": "Index Scan", "Parent Relationship": "Inner", "Scan Direction": "Forward", "Index Name": "movie_id_movie_companies", "Relation Name": "movie_companies", "Alias": "mc", "Startup Cost": 10000000000.0, "Total Cost": 1000000000031.24, "Plan Rows": 2, "Plan Width": 12, "Index Cond": "(movie_id = mk.movie_id)", "Filter": "(note IS NULL)"}]}, {"Node Type": "Index Scan", "Parent Relationship": "Inner", "Scan Direction": "Forward", "Index Name": "company_name_pkey", "Relation Name": "company_name", "Alias": "cn", "Startup Cost": 10000000000.0, "Total Cost": 1000000000028.81, "Plan Rows": 1, "Plan Width": 23, "Index Cond": "(id = mc.company_id)", "Filter": "(((country_code)::text <> '[pl]'::text) AND (((name)::text ~~ '%Film%'::text) OR ((name)::text ~~ '%Warner%'::text)))"}]}, {"Node Type": "Hash", "Parent Relationship": "Inner", "Startup Cost": 1000000001230.25, "Total Cost": 1000000001230.25, "Plan Rows": 1, "Plan Width": 4, "Plans": [{"Node Type": "Index Scan", "Parent Relationship": "Outer", "Scan Direction": "Forward", "Index Name": "company_type_pkey", "Relation Name": "company_type", "Alias": "ct", "Startup Cost": 10000000000.0, "Total Cost": 1000000001230.25, "Plan Rows": 1, "Plan Width": 4, "Filter": "((kind)::text = 'production companies'::text)"}]}]}, {"Node Type": "Index Scan", "Parent Relationship": "Inner", "Scan Direction": "Forward", "Index Name": "movie_id_movie_link", "Relation Name": "movie_link", "Alias": "ml", "Startup Cost": 10000000000.0, "Total Cost": 1000000000035.02, "Plan Rows": 5, "Plan Width": 8, "Index Cond": "(movie_id = mk.movie_id)"}]}, {"Node Type": "Hash", "Parent Relationship": "Inner", "Startup Cost": 1000000001254.75, "Total Cost": 1000000001254.75, "Plan Rows": 1, "Plan Width": 16, "Plans": [{"Node Type": "Index Scan", "Parent Relationship": "Outer", "Scan Direction": "Forward", "Index Name": "link_type_pkey", "Relation Name": "link_type", "Alias": "lt", "Startup Cost": 10000000000.0, "Total Cost": 1000000001254.75, "Plan Rows": 1, "Plan Width": 16, "Filter": "((link)::text ~~ '%follows%'::text)"}]}]}]}, "Unique SQL Id": 4121279504}, "explain_analyze_plan": {"Plan": {"Node Type": "Aggregate", "Strategy": "Plain", "Startup Cost": 8000012610315.01, "Total Cost": 8000012610315.02, "Plan Rows": 1, "Plan Width": 144, "Actual Startup Time": 0.263, "Actual Total Time": 0.263, "Actual Rows": 1, "Actual Loops": 1, "Plans": [{"Node Type": "Hash Join", "Parent Relationship": "Outer", "Join Type": "Inner", "Startup Cost": 3050012278694.0, "Total Cost": 8000012610315.0, "Plan Rows": 1, "Plan Width": 48, "Actual Startup Time": 0.252, "Actual Total Time": 0.252, "Actual Rows": 0, "Actual Loops": 1, "Inner Unique": true, "Hash Cond": "(ml.link_type_id = lt.id)", "Plans": [{"Node Type": "Nested Loop", "Parent Relationship": "Outer", "Join Type": "Inner", "Startup Cost": 2050012277439.23, "Total Cost": 7000012609060.23, "Plan Rows": 1, "Plan Width": 40, "Actual Startup Time": 0.0, "Actual Total Time": 0.0, "Inner Unique": false, "Join Filter": "(t.id = ml.movie_id)", "Rows Removed by Join Filter": 0, "Plans": [{"Node Type": "Hash Join", "Parent Relationship": "Outer", "Join Type": "Inner", "Startup Cost": 2040012277439.23, "Total Cost": 6000012609025.14, "Plan Rows": 1, "Plan Width": 48, "Actual Startup Time": 0.0, "Actual Total Time": 0.0, "Inner Unique": true, "Hash Cond": "(mc.company_type_id = ct.id)", "Plans": [{"Node Type": "Nested Loop", "Parent Relationship": "Outer", "Join Type": "Inner", "Startup Cost": 1040012276208.97, "Total Cost": 5000012607794.87, "Plan Rows": 1, "Plan Width": 52, "Actual Startup Time": 0.0, "Actual Total Time": 0.0, "Inner Unique": true, "Plans": [{"Node Type": "Nested Loop", "Parent Relationship": "Outer", "Join Type": "Inner", "Startup Cost": 1030012276208.97, "Total Cost": 4000012607766.05, "Plan Rows": 1, "Plan Width": 37, "Actual Startup Time": 0.0, "Actual Total Time": 0.0, "Inner Unique": false, "Join Filter": "(t.id = mc.movie_id)", "Rows Removed by Join Filter": 0, "Plans": [{"Node Type": "Hash Join", "Parent Relationship": "Outer", "Join Type": "Inner", "Startup Cost": 1020012276208.97, "Total Cost": 3000012607734.78, "Plan Rows": 1, "Plan Width": 25, "Actual Startup Time": 0.0, "Actual Total Time": 0.0, "Inner Unique": true, "Hash Cond": "(mk.movie_id = t.id)", "Plans": [{"Node Type": "Nested Loop", "Parent Relationship": "Outer", "Join Type": "Inner", "Startup Cost": 20000000004.51, "Total Cost": 2000000331530.23, "Plan Rows": 33, "Plan Width": 4, "Actual Startup Time": 0.0, "Actual Total Time": 0.0, "Inner Unique": false, "Plans": [{"Node Type": "Index Scan", "Parent Relationship": "Outer", "Scan Direction": "Forward", "Index Name": "keyword_pkey", "Relation Name": "keyword", "Alias": "k", "Startup Cost": 10000000000.0, "Total Cost": 1000000318271.68, "Plan Rows": 1, "Plan Width": 4, "Actual Startup Time": 0.0, "Actual Total Time": 0.0, "Filter": "((keyword)::text = 'sequel'::text)", "Rows Removed by Filter": 0}, {"Node Type": "Bitmap Heap Scan", "Parent Relationship": "Inner", "Relation Name": "movie_keyword", "Alias": "mk", "Startup Cost": 10000000004.51, "Total Cost": 1000000013258.21, "Plan Rows": 33, "Plan Width": 8, "Actual Startup Time": 0.0, "Actual Total Time": 0.0, "Recheck Cond": "(keyword_id = k.id)", "Rows Removed by Index Recheck": 0, "Exact Heap Blocks": 0, "Lossy Heap Blocks": 0, "Plans": [{"Node Type": "Bitmap Index Scan", "Parent Relationship": "Outer", "Index Name": "keyword_id_movie_keyword", "Startup Cost": 0.0, "Total Cost": 4.5, "Plan Rows": 33, "Plan Width": 0, "Actual Startup Time": 0.0, "Actual Total Time": 0.0, "Index Cond": "(keyword_id = k.id)"}]}]}, {"Node Type": "Hash", "Parent Relationship": "Inner", "Startup Cost": 1000012276204.41, "Total Cost": 1000012276204.41, "Plan Rows": 4, "Plan Width": 21, "Actual Startup Time": 0.0, "Actual Total Time": 0.0, "Hash Buckets": 0, "Hash Batches": 0, "Original Hash Batches": 0, "Peak Memory Usage": 0, "Plans": [{"Node Type": "Index Scan", "Parent Relationship": "Outer", "Scan Direction": "Forward", "Index Name": "title_pkey", "Relation Name": "title", "Alias": "t", "Startup Cost": 10000000000.0, "Total Cost": 1000012276204.41, "Plan Rows": 4, "Plan Width": 21, "Actual Startup Time": 0.0, "Actual Total Time": 0.0, "Filter": "(((title)::text ~~ '%Money%'::text) AND (production_year = 1998))", "Rows Removed by Filter": 0}]}]}, {"Node Type": "Index Scan", "Parent Relationship": "Inner", "Scan Direction": "Forward", "Index Name": "movie_id_movie_companies", "Relation Name": "movie_companies", "Alias": "mc", "Startup Cost": 10000000000.0, "Total Cost": 1000000000031.24, "Plan Rows": 2, "Plan Width": 12, "Actual Startup Time": 0.0, "Actual Total Time": 0.0, "Index Cond": "(movie_id = mk.movie_id)", "Rows Removed by Index Recheck": 0, "Filter": "(note IS NULL)", "Rows Removed by Filter": 0}]}, {"Node Type": "Index Scan", "Parent Relationship": "Inner", "Scan Direction": "Forward", "Index Name": "company_name_pkey", "Relation Name": "company_name", "Alias": "cn", "Startup Cost": 10000000000.0, "Total Cost": 1000000000028.81, "Plan Rows": 1, "Plan Width": 23, "Actual Startup Time": 0.0, "Actual Total Time": 0.0, "Index Cond": "(id = mc.company_id)", "Rows Removed by Index Recheck": 0, "Filter": "(((country_code)::text <> '[pl]'::text) AND (((name)::text ~~ '%Film%'::text) OR ((name)::text ~~ '%Warner%'::text)))", "Rows Removed by Filter": 0}]}, {"Node Type": "Hash", "Parent Relationship": "Inner", "Startup Cost": 1000000001230.25, "Total Cost": 1000000001230.25, "Plan Rows": 1, "Plan Width": 4, "Actual Startup Time": 0.0, "Actual Total Time": 0.0, "Hash Buckets": 0, "Hash Batches": 0, "Original Hash Batches": 0, "Peak Memory Usage": 0, "Plans": [{"Node Type": "Index Scan", "Parent Relationship": "Outer", "Scan Direction": "Forward", "Index Name": "company_type_pkey", "Relation Name": "company_type", "Alias": "ct", "Startup Cost": 10000000000.0, "Total Cost": 1000000001230.25, "Plan Rows": 1, "Plan Width": 4, "Actual Startup Time": 0.0, "Actual Total Time": 0.0, "Filter": "((kind)::text = 'production companies'::text)", "Rows Removed by Filter": 0}]}]}, {"Node Type": "Index Scan", "Parent Relationship": "Inner", "Scan Direction": "Forward", "Index Name": "movie_id_movie_link", "Relation Name": "movie_link", "Alias": "ml", "Startup Cost": 10000000000.0, "Total Cost": 1000000000035.02, "Plan Rows": 5, "Plan Width": 8, "Actual Startup Time": 0.0, "Actual Total Time": 0.0, "Index Cond": "(movie_id = mk.movie_id)", "Rows Removed by Index Recheck": 0}]}, {"Node Type": "Hash", "Parent Relationship": "Inner", "Startup Cost": 1000000001254.75, "Total Cost": 1000000001254.75, "Plan Rows": 1, "Plan Width": 16, "Actual Startup Time": 0.092, "Actual Total Time": 0.092, "Actual Rows": 0, "Actual Loops": 1, "Hash Buckets": 32768, "Hash Batches": 1, "Original Hash Batches": 1, "Peak Memory Usage": 0, "Plans": [{"Node Type": "Index Scan", "Parent Relationship": "Outer", "Scan Direction": "Forward", "Index Name": "link_type_pkey", "Relation Name": "link_type", "Alias": "lt", "Startup Cost": 10000000000.0, "Total Cost": 1000000001254.75, "Plan Rows": 1, "Plan Width": 16, "Actual Startup Time": 0.085, "Actual Total Time": 0.085, "Actual Rows": 0, "Actual Loops": 1, "Filter": "((link)::text ~~ '%follows%'::text)", "Rows Removed by Filter": 17}]}]}]}, "Triggers": [], "Planner Runtime": 123.432, "Total Runtime": 0.694, "Unique SQL Id": 4121279504}}, "(64, 112)": {"explain_plan": {"Plan": {"Node Type": "Aggregate", "Strategy": "Plain", "Startup Cost": 2581.34, "Total Cost": 2581.35, "Plan Rows": 1, "Plan Width": 144, "Plans": [{"Node Type": "Nested Loop", "Parent Relationship": "Outer", "Join Type": "Inner", "Startup Cost": 4.51, "Total Cost": 2581.33, "Plan Rows": 1, "Plan Width": 48, "Inner Unique": true, "Plans": [{"Node Type": "Nested Loop", "Parent Relationship": "Outer", "Join Type": "Inner", "Startup Cost": 4.51, "Total Cost": 2581.05, "Plan Rows": 1, "Plan Width": 40, "Inner Unique": false, "Join Filter": "(t.id = ml.movie_id)", "Plans": [{"Node Type": "Nested Loop", "Parent Relationship": "Outer", "Join Type": "Inner", "Startup Cost": 4.51, "Total Cost": 2580.63, "Plan Rows": 1, "Plan Width": 48, "Inner Unique": true, "Plans": [{"Node Type": "Nested Loop", "Parent Relationship": "Outer", "Join Type": "Inner", "Startup Cost": 4.51, "Total Cost": 2580.35, "Plan Rows": 1, "Plan Width": 52, "Inner Unique": true, "Plans": [{"Node Type": "Nested Loop", "Parent Relationship": "Outer", "Join Type": "Inner", "Startup Cost": 4.51, "Total Cost": 2580.05, "Plan Rows": 1, "Plan Width": 37, "Inner Unique": false, "Join Filter": "(t.id = mc.movie_id)", "Plans": [{"Node Type": "Nested Loop", "Parent Relationship": "Outer", "Join Type": "Inner", "Startup Cost": 4.51, "Total Cost": 2579.71, "Plan Rows": 1, "Plan Width": 25, "Inner Unique": true, "Plans": [{"Node Type": "Nested Loop", "Parent Relationship": "Outer", "Join Type": "Inner", "Startup Cost": 4.51, "Total Cost": 2569.02, "Plan Rows": 33, "Plan Width": 4, "Inner Unique": false, "Plans": [{"Node Type": "Seq Scan", "Parent Relationship": "Outer", "Relation Name": "keyword", "Alias": "k", "Startup Cost": 0.0, "Total Cost": 2436.11, "Plan Rows": 1, "Plan Width": 4, "Filter": "((keyword)::text = 'sequel'::text)"}, {"Node Type": "Bitmap Heap Scan", "Parent Relationship": "Inner", "Relation Name": "movie_keyword", "Alias": "mk", "Startup Cost": 4.51, "Total Cost": 132.58, "Plan Rows": 33, "Plan Width": 8, "Recheck Cond": "(keyword_id = k.id)", "Plans": [{"Node Type": "Bitmap Index Scan", "Parent Relationship": "Outer", "Index Name": "keyword_id_movie_keyword", "Startup Cost": 0.0, "Total Cost": 4.5, "Plan Rows": 33, "Plan Width": 0, "Index Cond": "(keyword_id = k.id)"}]}]}, {"Node Type": "Index Scan", "Parent Relationship": "Inner", "Scan Direction": "Forward", "Index Name": "title_pkey", "Relation Name": "title", "Alias": "t", "Startup Cost": 0.0, "Total Cost": 0.31, "Plan Rows": 1, "Plan Width": 21, "Index Cond": "(id = mk.movie_id)", "Filter": "(((title)::text ~~ '%Money%'::text) AND (production_year = 1998))"}]}, {"Node Type": "Index Scan", "Parent Relationship": "Inner", "Scan Direction": "Forward", "Index Name": "movie_id_movie_companies", "Relation Name": "movie_companies", "Alias": "mc", "Startup Cost": 0.0, "Total Cost": 0.31, "Plan Rows": 2, "Plan Width": 12, "Index Cond": "(movie_id = mk.movie_id)", "Filter": "(note IS NULL)"}]}, {"Node Type": "Index Scan", "Parent Relationship": "Inner", "Scan Direction": "Forward", "Index Name": "company_name_pkey", "Relation Name": "company_name", "Alias": "cn", "Startup Cost": 0.0, "Total Cost": 0.29, "Plan Rows": 1, "Plan Width": 23, "Index Cond": "(id = mc.company_id)", "Filter": "(((country_code)::text <> '[pl]'::text) AND (((name)::text ~~ '%Film%'::text) OR ((name)::text ~~ '%Warner%'::text)))"}]}, {"Node Type": "Index Scan", "Parent Relationship": "Inner", "Scan Direction": "Forward", "Index Name": "company_type_pkey", "Relation Name": "company_type", "Alias": "ct", "Startup Cost": 0.0, "Total Cost": 0.27, "Plan Rows": 1, "Plan Width": 4, "Index Cond": "(id = mc.company_type_id)", "Filter": "((kind)::text = 'production companies'::text)"}]}, {"Node Type": "Index Scan", "Parent Relationship": "Inner", "Scan Direction": "Forward", "Index Name": "movie_id_movie_link", "Relation Name": "movie_link", "Alias": "ml", "Startup Cost": 0.0, "Total Cost": 0.35, "Plan Rows": 5, "Plan Width": 8, "Index Cond": "(movie_id = mk.movie_id)"}]}, {"Node Type": "Index Scan", "Parent Relationship": "Inner", "Scan Direction": "Forward", "Index Name": "link_type_pkey", "Relation Name": "link_type", "Alias": "lt", "Startup Cost": 0.0, "Total Cost": 0.27, "Plan Rows": 1, "Plan Width": 16, "Index Cond": "(id = ml.link_type_id)", "Filter": "((link)::text ~~ '%follows%'::text)"}]}]}, "Unique SQL Id": 4121279504}, "explain_analyze_plan": {"Plan": {"Node Type": "Aggregate", "Strategy": "Plain", "Startup Cost": 2581.34, "Total Cost": 2581.35, "Plan Rows": 1, "Plan Width": 144, "Actual Startup Time": 123.557, "Actual Total Time": 123.557, "Actual Rows": 1, "Actual Loops": 1, "Plans": [{"Node Type": "Nested Loop", "Parent Relationship": "Outer", "Join Type": "Inner", "Startup Cost": 4.51, "Total Cost": 2581.33, "Plan Rows": 1, "Plan Width": 48, "Actual Startup Time": 123.547, "Actual Total Time": 123.547, "Actual Rows": 0, "Actual Loops": 1, "Inner Unique": true, "Plans": [{"Node Type": "Nested Loop", "Parent Relationship": "Outer", "Join Type": "Inner", "Startup Cost": 4.51, "Total Cost": 2581.05, "Plan Rows": 1, "Plan Width": 40, "Actual Startup Time": 5.886, "Actual Total Time": 123.447, "Actual Rows": 38, "Actual Loops": 1, "Inner Unique": false, "Join Filter": "(t.id = ml.movie_id)", "Rows Removed by Join Filter": 0, "Plans": [{"Node Type": "Nested Loop", "Parent Relationship": "Outer", "Join Type": "Inner", "Startup Cost": 4.51, "Total Cost": 2580.63, "Plan Rows": 1, "Plan Width": 48, "Actual Startup Time": 5.866, "Actual Total Time": 123.392, "Actual Rows": 2, "Actual Loops": 1, "Inner Unique": true, "Plans": [{"Node Type": "Nested Loop", "Parent Relationship": "Outer", "Join Type": "Inner", "Startup Cost": 4.51, "Total Cost": 2580.35, "Plan Rows": 1, "Plan Width": 52, "Actual Startup Time": 5.855, "Actual Total Time": 123.377, "Actual Rows": 2, "Actual Loops": 1, "Inner Unique": true, "Plans": [{"Node Type": "Nested Loop", "Parent Relationship": "Outer", "Join Type": "Inner", "Startup Cost": 4.51, "Total Cost": 2580.05, "Plan Rows": 1, "Plan Width": 37, "Actual Startup Time": 5.834, "Actual Total Time": 123.335, "Actual Rows": 3, "Actual Loops": 1, "Inner Unique": false, "Join Filter": "(t.id = mc.movie_id)", "Rows Removed by Join Filter": 0, "Plans": [{"Node Type": "Nested Loop", "Parent Relationship": "Outer", "Join Type": "Inner", "Startup Cost": 4.51, "Total Cost": 2579.71, "Plan Rows": 1, "Plan Width": 25, "Actual Startup Time": 5.809, "Actual Total Time": 123.305, "Actual Rows": 1, "Actual Loops": 1, "Inner Unique": true, "Plans": [{"Node Type": "Nested Loop", "Parent Relationship": "Outer", "Join Type": "Inner", "Startup Cost": 4.51, "Total Cost": 2569.02, "Plan Rows": 33, "Plan Width": 4, "Actual Startup Time": 5.443, "Actual Total Time": 62.982, "Actual Rows": 10544, "Actual Loops": 1, "Inner Unique": false, "Plans": [{"Node Type": "Seq Scan", "Parent Relationship": "Outer", "Relation Name": "keyword", "Alias": "k", "Startup Cost": 0.0, "Total Cost": 2436.11, "Plan Rows": 1, "Plan Width": 4, "Actual Startup Time": 2.358, "Actual Total Time": 41.641, "Actual Rows": 1, "Actual Loops": 1, "Filter": "((keyword)::text = 'sequel'::text)", "Rows Removed by Filter": 134168}, {"Node Type": "Bitmap Heap Scan", "Parent Relationship": "Inner", "Relation Name": "movie_keyword", "Alias": "mk", "Startup Cost": 4.51, "Total Cost": 132.58, "Plan Rows": 33, "Plan Width": 8, "Actual Startup Time": 3.074, "Actual Total Time": 19.121, "Actual Rows": 10544, "Actual Loops": 1, "Recheck Cond": "(keyword_id = k.id)", "Rows Removed by Index Recheck": 0, "Exact Heap Blocks": 5090, "Lossy Heap Blocks": 5090, "Plans": [{"Node Type": "Bitmap Index Scan", "Parent Relationship": "Outer", "Index Name": "keyword_id_movie_keyword", "Startup Cost": 0.0, "Total Cost": 4.5, "Plan Rows": 33, "Plan Width": 0, "Actual Startup Time": 2.162, "Actual Total Time": 2.162, "Actual Rows": 10544, "Actual Loops": 1, "Index Cond": "(keyword_id = k.id)"}]}]}, {"Node Type": "Index Scan", "Parent Relationship": "Inner", "Scan Direction": "Forward", "Index Name": "title_pkey", "Relation Name": "title", "Alias": "t", "Startup Cost": 0.0, "Total Cost": 0.31, "Plan Rows": 1, "Plan Width": 21, "Actual Startup Time": 54.966, "Actual Total Time": 54.966, "Actual Rows": 1, "Actual Loops": 10544, "Index Cond": "(id = mk.movie_id)", "Rows Removed by Index Recheck": 0, "Filter": "(((title)::text ~~ '%Money%'::text) AND (production_year = 1998))", "Rows Removed by Filter": 10543}]}, {"Node Type": "Index Scan", "Parent Relationship": "Inner", "Scan Direction": "Forward", "Index Name": "movie_id_movie_companies", "Relation Name": "movie_companies", "Alias": "mc", "Startup Cost": 0.0, "Total Cost": 0.31, "Plan Rows": 2, "Plan Width": 12, "Actual Startup Time": 0.019, "Actual Total Time": 0.022, "Actual Rows": 3, "Actual Loops": 1, "Index Cond": "(movie_id = mk.movie_id)", "Rows Removed by Index Recheck": 0, "Filter": "(note IS NULL)", "Rows Removed by Filter": 1}]}, {"Node Type": "Index Scan", "Parent Relationship": "Inner", "Scan Direction": "Forward", "Index Name": "company_name_pkey", "Relation Name": "company_name", "Alias": "cn", "Startup Cost": 0.0, "Total Cost": 0.29, "Plan Rows": 1, "Plan Width": 23, "Actual Startup Time": 0.037, "Actual Total Time": 0.037, "Actual Rows": 2, "Actual Loops": 3, "Index Cond": "(id = mc.company_id)", "Rows Removed by Index Recheck": 0, "Filter": "(((country_code)::text <> '[pl]'::text) AND (((name)::text ~~ '%Film%'::text) OR ((name)::text ~~ '%Warner%'::text)))", "Rows Removed by Filter": 1}]}, {"Node Type": "Index Scan", "Parent Relationship": "Inner", "Scan Direction": "Forward", "Index Name": "company_type_pkey", "Relation Name": "company_type", "Alias": "ct", "Startup Cost": 0.0, "Total Cost": 0.27, "Plan Rows": 1, "Plan Width": 4, "Actual Startup Time": 0.011, "Actual Total Time": 0.011, "Actual Rows": 2, "Actual Loops": 2, "Index Cond": "(id = mc.company_type_id)", "Rows Removed by Index Recheck": 0, "Filter": "((kind)::text = 'production companies'::text)", "Rows Removed by Filter": 0}]}, {"Node Type": "Index Scan", "Parent Relationship": "Inner", "Scan Direction": "Forward", "Index Name": "movie_id_movie_link", "Relation Name": "movie_link", "Alias": "ml", "Startup Cost": 0.0, "Total Cost": 0.35, "Plan Rows": 5, "Plan Width": 8, "Actual Startup Time": 0.016, "Actual Total Time": 0.029, "Actual Rows": 38, "Actual Loops": 2, "Index Cond": "(movie_id = mk.movie_id)", "Rows Removed by Index Recheck": 0}]}, {"Node Type": "Index Scan", "Parent Relationship": "Inner", "Scan Direction": "Forward", "Index Name": "link_type_pkey", "Relation Name": "link_type", "Alias": "lt", "Startup Cost": 0.0, "Total Cost": 0.27, "Plan Rows": 1, "Plan Width": 16, "Actual Startup Time": 0.076, "Actual Total Time": 0.076, "Actual Rows": 0, "Actual Loops": 38, "Index Cond": "(id = ml.link_type_id)", "Rows Removed by Index Recheck": 0, "Filter": "((link)::text ~~ '%follows%'::text)", "Rows Removed by Filter": 24}]}]}, "Triggers": [], "Planner Runtime": 80.823, "Total Runtime": 124.133, "Unique SQL Id": 4121279504}}, "(64, 113)": {"explain_plan": {"Plan": {"Node Type": "Aggregate", "Strategy": "Plain", "Startup Cost": 3327.94, "Total Cost": 3327.95, "Plan Rows": 1, "Plan Width": 144, "Plans": [{"Node Type": "Nested Loop", "Parent Relationship": "Outer", "Join Type": "Inner", "Startup Cost": 4.51, "Total Cost": 3327.93, "Plan Rows": 1, "Plan Width": 48, "Inner Unique": true, "Plans": [{"Node Type": "Nested Loop", "Parent Relationship": "Outer", "Join Type": "Inner", "Startup Cost": 4.51, "Total Cost": 3327.65, "Plan Rows": 1, "Plan Width": 40, "Inner Unique": false, "Join Filter": "(t.id = ml.movie_id)", "Plans": [{"Node Type": "Nested Loop", "Parent Relationship": "Outer", "Join Type": "Inner", "Startup Cost": 4.51, "Total Cost": 3327.24, "Plan Rows": 1, "Plan Width": 48, "Inner Unique": true, "Plans": [{"Node Type": "Nested Loop", "Parent Relationship": "Outer", "Join Type": "Inner", "Startup Cost": 4.51, "Total Cost": 3326.95, "Plan Rows": 1, "Plan Width": 52, "Inner Unique": true, "Plans": [{"Node Type": "Nested Loop", "Parent Relationship": "Outer", "Join Type": "Inner", "Startup Cost": 4.51, "Total Cost": 3326.66, "Plan Rows": 1, "Plan Width": 37, "Inner Unique": false, "Join Filter": "(t.id = mc.movie_id)", "Plans": [{"Node Type": "Nested Loop", "Parent Relationship": "Outer", "Join Type": "Inner", "Startup Cost": 4.51, "Total Cost": 3326.32, "Plan Rows": 1, "Plan Width": 25, "Inner Unique": true, "Plans": [{"Node Type": "Nested Loop", "Parent Relationship": "Outer", "Join Type": "Inner", "Startup Cost": 4.51, "Total Cost": 3315.63, "Plan Rows": 33, "Plan Width": 4, "Inner Unique": false, "Plans": [{"Node Type": "Index Scan", "Parent Relationship": "Outer", "Scan Direction": "Forward", "Index Name": "keyword_pkey", "Relation Name": "keyword", "Alias": "k", "Startup Cost": 0.0, "Total Cost": 3182.72, "Plan Rows": 1, "Plan Width": 4, "Filter": "((keyword)::text = 'sequel'::text)"}, {"Node Type": "Bitmap Heap Scan", "Parent Relationship": "Inner", "Relation Name": "movie_keyword", "Alias": "mk", "Startup Cost": 4.51, "Total Cost": 132.58, "Plan Rows": 33, "Plan Width": 8, "Recheck Cond": "(keyword_id = k.id)", "Plans": [{"Node Type": "Bitmap Index Scan", "Parent Relationship": "Outer", "Index Name": "keyword_id_movie_keyword", "Startup Cost": 0.0, "Total Cost": 4.5, "Plan Rows": 33, "Plan Width": 0, "Index Cond": "(keyword_id = k.id)"}]}]}, {"Node Type": "Index Scan", "Parent Relationship": "Inner", "Scan Direction": "Forward", "Index Name": "title_pkey", "Relation Name": "title", "Alias": "t", "Startup Cost": 0.0, "Total Cost": 0.31, "Plan Rows": 1, "Plan Width": 21, "Index Cond": "(id = mk.movie_id)", "Filter": "(((title)::text ~~ '%Money%'::text) AND (production_year = 1998))"}]}, {"Node Type": "Index Scan", "Parent Relationship": "Inner", "Scan Direction": "Forward", "Index Name": "movie_id_movie_companies", "Relation Name": "movie_companies", "Alias": "mc", "Startup Cost": 0.0, "Total Cost": 0.31, "Plan Rows": 2, "Plan Width": 12, "Index Cond": "(movie_id = mk.movie_id)", "Filter": "(note IS NULL)"}]}, {"Node Type": "Index Scan", "Parent Relationship": "Inner", "Scan Direction": "Forward", "Index Name": "company_name_pkey", "Relation Name": "company_name", "Alias": "cn", "Startup Cost": 0.0, "Total Cost": 0.29, "Plan Rows": 1, "Plan Width": 23, "Index Cond": "(id = mc.company_id)", "Filter": "(((country_code)::text <> '[pl]'::text) AND (((name)::text ~~ '%Film%'::text) OR ((name)::text ~~ '%Warner%'::text)))"}]}, {"Node Type": "Index Scan", "Parent Relationship": "Inner", "Scan Direction": "Forward", "Index Name": "company_type_pkey", "Relation Name": "company_type", "Alias": "ct", "Startup Cost": 0.0, "Total Cost": 0.27, "Plan Rows": 1, "Plan Width": 4, "Index Cond": "(id = mc.company_type_id)", "Filter": "((kind)::text = 'production companies'::text)"}]}, {"Node Type": "Index Scan", "Parent Relationship": "Inner", "Scan Direction": "Forward", "Index Name": "movie_id_movie_link", "Relation Name": "movie_link", "Alias": "ml", "Startup Cost": 0.0, "Total Cost": 0.35, "Plan Rows": 5, "Plan Width": 8, "Index Cond": "(movie_id = mk.movie_id)"}]}, {"Node Type": "Index Scan", "Parent Relationship": "Inner", "Scan Direction": "Forward", "Index Name": "link_type_pkey", "Relation Name": "link_type", "Alias": "lt", "Startup Cost": 0.0, "Total Cost": 0.27, "Plan Rows": 1, "Plan Width": 16, "Index Cond": "(id = ml.link_type_id)", "Filter": "((link)::text ~~ '%follows%'::text)"}]}]}, "Unique SQL Id": 4121279504}, "explain_analyze_plan": {"Plan": {"Node Type": "Aggregate", "Strategy": "Plain", "Startup Cost": 3327.94, "Total Cost": 3327.95, "Plan Rows": 1, "Plan Width": 144, "Actual Startup Time": 206.836, "Actual Total Time": 206.836, "Actual Rows": 1, "Actual Loops": 1, "Plans": [{"Node Type": "Nested Loop", "Parent Relationship": "Outer", "Join Type": "Inner", "Startup Cost": 4.51, "Total Cost": 3327.93, "Plan Rows": 1, "Plan Width": 48, "Actual Startup Time": 206.83, "Actual Total Time": 206.83, "Actual Rows": 0, "Actual Loops": 1, "Inner Unique": true, "Plans": [{"Node Type": "Nested Loop", "Parent Relationship": "Outer", "Join Type": "Inner", "Startup Cost": 4.51, "Total Cost": 3327.65, "Plan Rows": 1, "Plan Width": 40, "Actual Startup Time": 4.134, "Actual Total Time": 206.74, "Actual Rows": 38, "Actual Loops": 1, "Inner Unique": false, "Join Filter": "(t.id = ml.movie_id)", "Rows Removed by Join Filter": 0, "Plans": [{"Node Type": "Nested Loop", "Parent Relationship": "Outer", "Join Type": "Inner", "Startup Cost": 4.51, "Total Cost": 3327.24, "Plan Rows": 1, "Plan Width": 48, "Actual Startup Time": 4.119, "Actual Total Time": 206.686, "Actual Rows": 2, "Actual Loops": 1, "Inner Unique": true, "Plans": [{"Node Type": "Nested Loop", "Parent Relationship": "Outer", "Join Type": "Inner", "Startup Cost": 4.51, "Total Cost": 3326.95, "Plan Rows": 1, "Plan Width": 52, "Actual Startup Time": 4.11, "Actual Total Time": 206.673, "Actual Rows": 2, "Actual Loops": 1, "Inner Unique": true, "Plans": [{"Node Type": "Nested Loop", "Parent Relationship": "Outer", "Join Type": "Inner", "Startup Cost": 4.51, "Total Cost": 3326.66, "Plan Rows": 1, "Plan Width": 37, "Actual Startup Time": 4.093, "Actual Total Time": 206.639, "Actual Rows": 3, "Actual Loops": 1, "Inner Unique": false, "Join Filter": "(t.id = mc.movie_id)", "Rows Removed by Join Filter": 0, "Plans": [{"Node Type": "Nested Loop", "Parent Relationship": "Outer", "Join Type": "Inner", "Startup Cost": 4.51, "Total Cost": 3326.32, "Plan Rows": 1, "Plan Width": 25, "Actual Startup Time": 4.075, "Actual Total Time": 206.617, "Actual Rows": 1, "Actual Loops": 1, "Inner Unique": true, "Plans": [{"Node Type": "Nested Loop", "Parent Relationship": "Outer", "Join Type": "Inner", "Startup Cost": 4.51, "Total Cost": 3315.63, "Plan Rows": 33, "Plan Width": 4, "Actual Startup Time": 3.756, "Actual Total Time": 147.383, "Actual Rows": 10544, "Actual Loops": 1, "Inner Unique": false, "Plans": [{"Node Type": "Index Scan", "Parent Relationship": "Outer", "Scan Direction": "Forward", "Index Name": "keyword_pkey", "Relation Name": "keyword", "Alias": "k", "Startup Cost": 0.0, "Total Cost": 3182.72, "Plan Rows": 1, "Plan Width": 4, "Actual Startup Time": 0.512, "Actual Total Time": 126.311, "Actual Rows": 1, "Actual Loops": 1, "Filter": "((keyword)::text = 'sequel'::text)", "Rows Removed by Filter": 134168}, {"Node Type": "Bitmap Heap Scan", "Parent Relationship": "Inner", "Relation Name": "movie_keyword", "Alias": "mk", "Startup Cost": 4.51, "Total Cost": 132.58, "Plan Rows": 33, "Plan Width": 8, "Actual Startup Time": 3.236, "Actual Total Time": 18.868, "Actual Rows": 10544, "Actual Loops": 1, "Recheck Cond": "(keyword_id = k.id)", "Rows Removed by Index Recheck": 0, "Exact Heap Blocks": 5090, "Lossy Heap Blocks": 5090, "Plans": [{"Node Type": "Bitmap Index Scan", "Parent Relationship": "Outer", "Index Name": "keyword_id_movie_keyword", "Startup Cost": 0.0, "Total Cost": 4.5, "Plan Rows": 33, "Plan Width": 0, "Actual Startup Time": 2.291, "Actual Total Time": 2.291, "Actual Rows": 10544, "Actual Loops": 1, "Index Cond": "(keyword_id = k.id)"}]}]}, {"Node Type": "Index Scan", "Parent Relationship": "Inner", "Scan Direction": "Forward", "Index Name": "title_pkey", "Relation Name": "title", "Alias": "t", "Startup Cost": 0.0, "Total Cost": 0.31, "Plan Rows": 1, "Plan Width": 21, "Actual Startup Time": 53.865, "Actual Total Time": 53.865, "Actual Rows": 1, "Actual Loops": 10544, "Index Cond": "(id = mk.movie_id)", "Rows Removed by Index Recheck": 0, "Filter": "(((title)::text ~~ '%Money%'::text) AND (production_year = 1998))", "Rows Removed by Filter": 10543}]}, {"Node Type": "Index Scan", "Parent Relationship": "Inner", "Scan Direction": "Forward", "Index Name": "movie_id_movie_companies", "Relation Name": "movie_companies", "Alias": "mc", "Startup Cost": 0.0, "Total Cost": 0.31, "Plan Rows": 2, "Plan Width": 12, "Actual Startup Time": 0.015, "Actual Total Time": 0.018, "Actual Rows": 3, "Actual Loops": 1, "Index Cond": "(movie_id = mk.movie_id)", "Rows Removed by Index Recheck": 0, "Filter": "(note IS NULL)", "Rows Removed by Filter": 1}]}, {"Node Type": "Index Scan", "Parent Relationship": "Inner", "Scan Direction": "Forward", "Index Name": "company_name_pkey", "Relation Name": "company_name", "Alias": "cn", "Startup Cost": 0.0, "Total Cost": 0.29, "Plan Rows": 1, "Plan Width": 23, "Actual Startup Time": 0.028, "Actual Total Time": 0.028, "Actual Rows": 2, "Actual Loops": 3, "Index Cond": "(id = mc.company_id)", "Rows Removed by Index Recheck": 0, "Filter": "(((country_code)::text <> '[pl]'::text) AND (((name)::text ~~ '%Film%'::text) OR ((name)::text ~~ '%Warner%'::text)))", "Rows Removed by Filter": 1}]}, {"Node Type": "Index Scan", "Parent Relationship": "Inner", "Scan Direction": "Forward", "Index Name": "company_type_pkey", "Relation Name": "company_type", "Alias": "ct", "Startup Cost": 0.0, "Total Cost": 0.27, "Plan Rows": 1, "Plan Width": 4, "Actual Startup Time": 0.009, "Actual Total Time": 0.009, "Actual Rows": 2, "Actual Loops": 2, "Index Cond": "(id = mc.company_type_id)", "Rows Removed by Index Recheck": 0, "Filter": "((kind)::text = 'production companies'::text)", "Rows Removed by Filter": 0}]}, {"Node Type": "Index Scan", "Parent Relationship": "Inner", "Scan Direction": "Forward", "Index Name": "movie_id_movie_link", "Relation Name": "movie_link", "Alias": "ml", "Startup Cost": 0.0, "Total Cost": 0.35, "Plan Rows": 5, "Plan Width": 8, "Actual Startup Time": 0.013, "Actual Total Time": 0.03, "Actual Rows": 38, "Actual Loops": 2, "Index Cond": "(movie_id = mk.movie_id)", "Rows Removed by Index Recheck": 0}]}, {"Node Type": "Index Scan", "Parent Relationship": "Inner", "Scan Direction": "Forward", "Index Name": "link_type_pkey", "Relation Name": "link_type", "Alias": "lt", "Startup Cost": 0.0, "Total Cost": 0.27, "Plan Rows": 1, "Plan Width": 16, "Actual Startup Time": 0.072, "Actual Total Time": 0.072, "Actual Rows": 0, "Actual Loops": 38, "Index Cond": "(id = ml.link_type_id)", "Rows Removed by Index Recheck": 0, "Filter": "((link)::text ~~ '%follows%'::text)", "Rows Removed by Filter": 24}]}]}, "Triggers": [], "Planner Runtime": 70.618, "Total Runtime": 207.306, "Unique SQL Id": 4121279504}}, "(64, 114)": {"explain_plan": {"Plan": {"Node Type": "Aggregate", "Strategy": "Plain", "Startup Cost": 2726.02, "Total Cost": 2726.03, "Plan Rows": 1, "Plan Width": 144, "Plans": [{"Node Type": "Nested Loop", "Parent Relationship": "Outer", "Join Type": "Inner", "Startup Cost": 5.59, "Total Cost": 2726.01, "Plan Rows": 1, "Plan Width": 48, "Inner Unique": true, "Join Filter": "(ml.link_type_id = lt.id)", "Plans": [{"Node Type": "Nested Loop", "Parent Relationship": "Outer", "Join Type": "Inner", "Startup Cost": 5.59, "Total Cost": 2724.78, "Plan Rows": 1, "Plan Width": 40, "Inner Unique": false, "Join Filter": "(t.id = ml.movie_id)", "Plans": [{"Node Type": "Nested Loop", "Parent Relationship": "Outer", "Join Type": "Inner", "Startup Cost": 5.3, "Total Cost": 2720.37, "Plan Rows": 1, "Plan Width": 48, "Inner Unique": true, "Join Filter": "(mc.company_type_id = ct.id)", "Plans": [{"Node Type": "Nested Loop", "Parent Relationship": "Outer", "Join Type": "Inner", "Startup Cost": 5.3, "Total Cost": 2719.32, "Plan Rows": 1, "Plan Width": 52, "Inner Unique": true, "Plans": [{"Node Type": "Nested Loop", "Parent Relationship": "Outer", "Join Type": "Inner", "Startup Cost": 5.05, "Total Cost": 2715.03, "Plan Rows": 1, "Plan Width": 37, "Inner Unique": false, "Join Filter": "(t.id = mc.movie_id)", "Plans": [{"Node Type": "Nested Loop", "Parent Relationship": "Outer", "Join Type": "Inner", "Startup Cost": 4.77, "Total Cost": 2710.71, "Plan Rows": 1, "Plan Width": 25, "Inner Unique": true, "Plans": [{"Node Type": "Nested Loop", "Parent Relationship": "Outer", "Join Type": "Inner", "Startup Cost": 4.51, "Total Cost": 2569.02, "Plan Rows": 33, "Plan Width": 4, "Inner Unique": false, "Plans": [{"Node Type": "Seq Scan", "Parent Relationship": "Outer", "Relation Name": "keyword", "Alias": "k", "Startup Cost": 0.0, "Total Cost": 2436.11, "Plan Rows": 1, "Plan Width": 4, "Filter": "((keyword)::text = 'sequel'::text)"}, {"Node Type": "Bitmap Heap Scan", "Parent Relationship": "Inner", "Relation Name": "movie_keyword", "Alias": "mk", "Startup Cost": 4.51, "Total Cost": 132.58, "Plan Rows": 33, "Plan Width": 8, "Recheck Cond": "(keyword_id = k.id)", "Plans": [{"Node Type": "Bitmap Index Scan", "Parent Relationship": "Outer", "Index Name": "keyword_id_movie_keyword", "Startup Cost": 0.0, "Total Cost": 4.5, "Plan Rows": 33, "Plan Width": 0, "Index Cond": "(keyword_id = k.id)"}]}]}, {"Node Type": "Bitmap Heap Scan", "Parent Relationship": "Inner", "Relation Name": "title", "Alias": "t", "Startup Cost": 0.27, "Total Cost": 4.28, "Plan Rows": 1, "Plan Width": 21, "Recheck Cond": "(id = mk.movie_id)", "Filter": "(((title)::text ~~ '%Money%'::text) AND (production_year = 1998))", "Plans": [{"Node Type": "Bitmap Index Scan", "Parent Relationship": "Outer", "Index Name": "title_pkey", "Startup Cost": 0.0, "Total Cost": 0.27, "Plan Rows": 1, "Plan Width": 0, "Index Cond": "(id = mk.movie_id)"}]}]}, {"Node Type": "Bitmap Heap Scan", "Parent Relationship": "Inner", "Relation Name": "movie_companies", "Alias": "mc", "Startup Cost": 0.27, "Total Cost": 4.3, "Plan Rows": 2, "Plan Width": 12, "Recheck Cond": "(movie_id = mk.movie_id)", "Filter": "(note IS NULL)", "Plans": [{"Node Type": "Bitmap Index Scan", "Parent Relationship": "Outer", "Index Name": "movie_id_movie_companies", "Startup Cost": 0.0, "Total Cost": 0.27, "Plan Rows": 2, "Plan Width": 0, "Index Cond": "(movie_id = mk.movie_id)"}]}]}, {"Node Type": "Bitmap Heap Scan", "Parent Relationship": "Inner", "Relation Name": "company_name", "Alias": "cn", "Startup Cost": 0.26, "Total Cost": 4.28, "Plan Rows": 1, "Plan Width": 23, "Recheck Cond": "(id = mc.company_id)", "Filter": "(((country_code)::text <> '[pl]'::text) AND (((name)::text ~~ '%Film%'::text) OR ((name)::text ~~ '%Warner%'::text)))", "Plans": [{"Node Type": "Bitmap Index Scan", "Parent Relationship": "Outer", "Index Name": "company_name_pkey", "Startup Cost": 0.0, "Total Cost": 0.26, "Plan Rows": 1, "Plan Width": 0, "Index Cond": "(id = mc.company_id)"}]}]}, {"Node Type": "Seq Scan", "Parent Relationship": "Inner", "Relation Name": "company_type", "Alias": "ct", "Startup Cost": 0.0, "Total Cost": 1.04, "Plan Rows": 1, "Plan Width": 4, "Filter": "((kind)::text = 'production companies'::text)"}]}, {"Node Type": "Bitmap Heap Scan", "Parent Relationship": "Inner", "Relation Name": "movie_link", "Alias": "ml", "Startup Cost": 0.29, "Total Cost": 4.35, "Plan Rows": 5, "Plan Width": 8, "Recheck Cond": "(movie_id = mk.movie_id)", "Plans": [{"Node Type": "Bitmap Index Scan", "Parent Relationship": "Outer", "Index Name": "movie_id_movie_link", "Startup Cost": 0.0, "Total Cost": 0.29, "Plan Rows": 5, "Plan Width": 0, "Index Cond": "(movie_id = mk.movie_id)"}]}]}, {"Node Type": "Seq Scan", "Parent Relationship": "Inner", "Relation Name": "link_type", "Alias": "lt", "Startup Cost": 0.0, "Total Cost": 1.21, "Plan Rows": 1, "Plan Width": 16, "Filter": "((link)::text ~~ '%follows%'::text)"}]}]}, "Unique SQL Id": 4121279504}, "explain_analyze_plan": {"Plan": {"Node Type": "Aggregate", "Strategy": "Plain", "Startup Cost": 2726.02, "Total Cost": 2726.03, "Plan Rows": 1, "Plan Width": 144, "Actual Startup Time": 139.861, "Actual Total Time": 139.862, "Actual Rows": 1, "Actual Loops": 1, "Plans": [{"Node Type": "Nested Loop", "Parent Relationship": "Outer", "Join Type": "Inner", "Startup Cost": 5.59, "Total Cost": 2726.01, "Plan Rows": 1, "Plan Width": 48, "Actual Startup Time": 139.85, "Actual Total Time": 139.85, "Actual Rows": 0, "Actual Loops": 1, "Inner Unique": true, "Join Filter": "(ml.link_type_id = lt.id)", "Rows Removed by Join Filter": 0, "Plans": [{"Node Type": "Nested Loop", "Parent Relationship": "Outer", "Join Type": "Inner", "Startup Cost": 5.59, "Total Cost": 2724.78, "Plan Rows": 1, "Plan Width": 40, "Actual Startup Time": 5.83, "Actual Total Time": 139.523, "Actual Rows": 38, "Actual Loops": 1, "Inner Unique": false, "Join Filter": "(t.id = ml.movie_id)", "Rows Removed by Join Filter": 0, "Plans": [{"Node Type": "Nested Loop", "Parent Relationship": "Outer", "Join Type": "Inner", "Startup Cost": 5.3, "Total Cost": 2720.37, "Plan Rows": 1, "Plan Width": 48, "Actual Startup Time": 5.81, "Actual Total Time": 139.475, "Actual Rows": 2, "Actual Loops": 1, "Inner Unique": true, "Join Filter": "(mc.company_type_id = ct.id)", "Rows Removed by Join Filter": 0, "Plans": [{"Node Type": "Nested Loop", "Parent Relationship": "Outer", "Join Type": "Inner", "Startup Cost": 5.3, "Total Cost": 2719.32, "Plan Rows": 1, "Plan Width": 52, "Actual Startup Time": 5.795, "Actual Total Time": 139.457, "Actual Rows": 2, "Actual Loops": 1, "Inner Unique": true, "Plans": [{"Node Type": "Nested Loop", "Parent Relationship": "Outer", "Join Type": "Inner", "Startup Cost": 5.05, "Total Cost": 2715.03, "Plan Rows": 1, "Plan Width": 37, "Actual Startup Time": 5.772, "Actual Total Time": 139.409, "Actual Rows": 3, "Actual Loops": 1, "Inner Unique": false, "Join Filter": "(t.id = mc.movie_id)", "Rows Removed by Join Filter": 0, "Plans": [{"Node Type": "Nested Loop", "Parent Relationship": "Outer", "Join Type": "Inner", "Startup Cost": 4.77, "Total Cost": 2710.71, "Plan Rows": 1, "Plan Width": 25, "Actual Startup Time": 5.729, "Actual Total Time": 139.363, "Actual Rows": 1, "Actual Loops": 1, "Inner Unique": true, "Plans": [{"Node Type": "Nested Loop", "Parent Relationship": "Outer", "Join Type": "Inner", "Startup Cost": 4.51, "Total Cost": 2569.02, "Plan Rows": 33, "Plan Width": 4, "Actual Startup Time": 5.307, "Actual Total Time": 62.033, "Actual Rows": 10544, "Actual Loops": 1, "Inner Unique": false, "Plans": [{"Node Type": "Seq Scan", "Parent Relationship": "Outer", "Relation Name": "keyword", "Alias": "k", "Startup Cost": 0.0, "Total Cost": 2436.11, "Plan Rows": 1, "Plan Width": 4, "Actual Startup Time": 2.376, "Actual Total Time": 41.622, "Actual Rows": 1, "Actual Loops": 1, "Filter": "((keyword)::text = 'sequel'::text)", "Rows Removed by Filter": 134168}, {"Node Type": "Bitmap Heap Scan", "Parent Relationship": "Inner", "Relation Name": "movie_keyword", "Alias": "mk", "Startup Cost": 4.51, "Total Cost": 132.58, "Plan Rows": 33, "Plan Width": 8, "Actual Startup Time": 2.922, "Actual Total Time": 18.246, "Actual Rows": 10544, "Actual Loops": 1, "Recheck Cond": "(keyword_id = k.id)", "Rows Removed by Index Recheck": 0, "Exact Heap Blocks": 5090, "Lossy Heap Blocks": 5090, "Plans": [{"Node Type": "Bitmap Index Scan", "Parent Relationship": "Outer", "Index Name": "keyword_id_movie_keyword", "Startup Cost": 0.0, "Total Cost": 4.5, "Plan Rows": 33, "Plan Width": 0, "Actual Startup Time": 1.992, "Actual Total Time": 1.992, "Actual Rows": 10544, "Actual Loops": 1, "Index Cond": "(keyword_id = k.id)"}]}]}, {"Node Type": "Bitmap Heap Scan", "Parent Relationship": "Inner", "Relation Name": "title", "Alias": "t", "Startup Cost": 0.27, "Total Cost": 4.28, "Plan Rows": 1, "Plan Width": 21, "Actual Startup Time": 65.637, "Actual Total Time": 65.637, "Actual Rows": 1, "Actual Loops": 10544, "Recheck Cond": "(id = mk.movie_id)", "Rows Removed by Index Recheck": 0, "Filter": "(((title)::text ~~ '%Money%'::text) AND (production_year = 1998))", "Rows Removed by Filter": 10543, "Exact Heap Blocks": 10544, "Lossy Heap Blocks": 10544, "Plans": [{"Node Type": "Bitmap Index Scan", "Parent Relationship": "Outer", "Index Name": "title_pkey", "Startup Cost": 0.0, "Total Cost": 0.27, "Plan Rows": 1, "Plan Width": 0, "Actual Startup Time": 31.501, "Actual Total Time": 31.501, "Actual Rows": 10544, "Actual Loops": 10544, "Index Cond": "(id = mk.movie_id)"}]}]}, {"Node Type": "Bitmap Heap Scan", "Parent Relationship": "Inner", "Relation Name": "movie_companies", "Alias": "mc", "Startup Cost": 0.27, "Total Cost": 4.3, "Plan Rows": 2, "Plan Width": 12, "Actual Startup Time": 0.035, "Actual Total Time": 0.036, "Actual Rows": 3, "Actual Loops": 1, "Recheck Cond": "(movie_id = mk.movie_id)", "Rows Removed by Index Recheck": 0, "Filter": "(note IS NULL)", "Rows Removed by Filter": 1, "Exact Heap Blocks": 2, "Lossy Heap Blocks": 2, "Plans": [{"Node Type": "Bitmap Index Scan", "Parent Relationship": "Outer", "Index Name": "movie_id_movie_companies", "Startup Cost": 0.0, "Total Cost": 0.27, "Plan Rows": 2, "Plan Width": 0, "Actual Startup Time": 0.011, "Actual Total Time": 0.011, "Actual Rows": 4, "Actual Loops": 1, "Index Cond": "(movie_id = mk.movie_id)"}]}]}, {"Node Type": "Bitmap Heap Scan", "Parent Relationship": "Inner", "Relation Name": "company_name", "Alias": "cn", "Startup Cost": 0.26, "Total Cost": 4.28, "Plan Rows": 1, "Plan Width": 23, "Actual Startup Time": 0.042, "Actual Total Time": 0.042, "Actual Rows": 2, "Actual Loops": 3, "Recheck Cond": "(id = mc.company_id)", "Rows Removed by Index Recheck": 0, "Filter": "(((country_code)::text <> '[pl]'::text) AND (((name)::text ~~ '%Film%'::text) OR ((name)::text ~~ '%Warner%'::text)))", "Rows Removed by Filter": 1, "Exact Heap Blocks": 3, "Lossy Heap Blocks": 3, "Plans": [{"Node Type": "Bitmap Index Scan", "Parent Relationship": "Outer", "Index Name": "company_name_pkey", "Startup Cost": 0.0, "Total Cost": 0.26, "Plan Rows": 1, "Plan Width": 0, "Actual Startup Time": 0.021, "Actual Total Time": 0.021, "Actual Rows": 3, "Actual Loops": 3, "Index Cond": "(id = mc.company_id)"}]}]}, {"Node Type": "Seq Scan", "Parent Relationship": "Inner", "Relation Name": "company_type", "Alias": "ct", "Startup Cost": 0.0, "Total Cost": 1.04, "Plan Rows": 1, "Plan Width": 4, "Actual Startup Time": 0.012, "Actual Total Time": 0.012, "Actual Rows": 2, "Actual Loops": 2, "Filter": "((kind)::text = 'production companies'::text)", "Rows Removed by Filter": 0}]}, {"Node Type": "Bitmap Heap Scan", "Parent Relationship": "Inner", "Relation Name": "movie_link", "Alias": "ml", "Startup Cost": 0.29, "Total Cost": 4.35, "Plan Rows": 5, "Plan Width": 8, "Actual Startup Time": 0.024, "Actual Total Time": 0.031, "Actual Rows": 38, "Actual Loops": 2, "Recheck Cond": "(movie_id = mk.movie_id)", "Rows Removed by Index Recheck": 0, "Exact Heap Blocks": 2, "Lossy Heap Blocks": 2, "Plans": [{"Node Type": "Bitmap Index Scan", "Parent Relationship": "Outer", "Index Name": "movie_id_movie_link", "Startup Cost": 0.0, "Total Cost": 0.29, "Plan Rows": 5, "Plan Width": 0, "Actual Startup Time": 0.012, "Actual Total Time": 0.012, "Actual Rows": 38, "Actual Loops": 2, "Index Cond": "(movie_id = mk.movie_id)"}]}]}, {"Node Type": "Seq Scan", "Parent Relationship": "Inner", "Relation Name": "link_type", "Alias": "lt", "Startup Cost": 0.0, "Total Cost": 1.21, "Plan Rows": 1, "Plan Width": 16, "Actual Startup Time": 0.292, "Actual Total Time": 0.292, "Actual Rows": 0, "Actual Loops": 38, "Filter": "((link)::text ~~ '%follows%'::text)", "Rows Removed by Filter": 646}]}]}, "Triggers": [], "Planner Runtime": 80.894, "Total Runtime": 140.522, "Unique SQL Id": 4121279504}}, "(64, 115)": {"explain_plan": {"Plan": {"Node Type": "Aggregate", "Strategy": "Plain", "Startup Cost": 3451.4, "Total Cost": 3451.41, "Plan Rows": 1, "Plan Width": 144, "Plans": [{"Node Type": "Nested Loop", "Parent Relationship": "Outer", "Join Type": "Inner", "Startup Cost": 725.2, "Total Cost": 3451.4, "Plan Rows": 1, "Plan Width": 48, "Inner Unique": true, "Plans": [{"Node Type": "Nested Loop", "Parent Relationship": "Outer", "Join Type": "Inner", "Startup Cost": 724.95, "Total Cost": 3447.11, "Plan Rows": 1, "Plan Width": 40, "Inner Unique": false, "Join Filter": "(t.id = ml.movie_id)", "Plans": [{"Node Type": "Nested Loop", "Parent Relationship": "Outer", "Join Type": "Inner", "Startup Cost": 724.66, "Total Cost": 3442.7, "Plan Rows": 1, "Plan Width": 48, "Inner Unique": true, "Plans": [{"Node Type": "Nested Loop", "Parent Relationship": "Outer", "Join Type": "Inner", "Startup Cost": 724.4, "Total Cost": 3438.42, "Plan Rows": 1, "Plan Width": 52, "Inner Unique": true, "Plans": [{"Node Type": "Nested Loop", "Parent Relationship": "Outer", "Join Type": "Inner", "Startup Cost": 724.14, "Total Cost": 3434.13, "Plan Rows": 1, "Plan Width": 37, "Inner Unique": false, "Join Filter": "(t.id = mc.movie_id)", "Plans": [{"Node Type": "Nested Loop", "Parent Relationship": "Outer", "Join Type": "Inner", "Startup Cost": 723.87, "Total Cost": 3429.8, "Plan Rows": 1, "Plan Width": 25, "Inner Unique": true, "Plans": [{"Node Type": "Nested Loop", "Parent Relationship": "Outer", "Join Type": "Inner", "Startup Cost": 723.6, "Total Cost": 3288.12, "Plan Rows": 33, "Plan Width": 4, "Inner Unique": false, "Plans": [{"Node Type": "Bitmap Heap Scan", "Parent Relationship": "Outer", "Relation Name": "keyword", "Alias": "k", "Startup Cost": 719.1, "Total Cost": 3155.21, "Plan Rows": 1, "Plan Width": 4, "Filter": "((keyword)::text = 'sequel'::text)", "Plans": [{"Node Type": "Bitmap Index Scan", "Parent Relationship": "Outer", "Index Name": "keyword_pkey", "Startup Cost": 0.0, "Total Cost": 719.1, "Plan Rows": 134169, "Plan Width": 0}]}, {"Node Type": "Bitmap Heap Scan", "Parent Relationship": "Inner", "Relation Name": "movie_keyword", "Alias": "mk", "Startup Cost": 4.51, "Total Cost": 132.58, "Plan Rows": 33, "Plan Width": 8, "Recheck Cond": "(keyword_id = k.id)", "Plans": [{"Node Type": "Bitmap Index Scan", "Parent Relationship": "Outer", "Index Name": "keyword_id_movie_keyword", "Startup Cost": 0.0, "Total Cost": 4.5, "Plan Rows": 33, "Plan Width": 0, "Index Cond": "(keyword_id = k.id)"}]}]}, {"Node Type": "Bitmap Heap Scan", "Parent Relationship": "Inner", "Relation Name": "title", "Alias": "t", "Startup Cost": 0.27, "Total Cost": 4.28, "Plan Rows": 1, "Plan Width": 21, "Recheck Cond": "(id = mk.movie_id)", "Filter": "(((title)::text ~~ '%Money%'::text) AND (production_year = 1998))", "Plans": [{"Node Type": "Bitmap Index Scan", "Parent Relationship": "Outer", "Index Name": "title_pkey", "Startup Cost": 0.0, "Total Cost": 0.27, "Plan Rows": 1, "Plan Width": 0, "Index Cond": "(id = mk.movie_id)"}]}]}, {"Node Type": "Bitmap Heap Scan", "Parent Relationship": "Inner", "Relation Name": "movie_companies", "Alias": "mc", "Startup Cost": 0.27, "Total Cost": 4.3, "Plan Rows": 2, "Plan Width": 12, "Recheck Cond": "(movie_id = mk.movie_id)", "Filter": "(note IS NULL)", "Plans": [{"Node Type": "Bitmap Index Scan", "Parent Relationship": "Outer", "Index Name": "movie_id_movie_companies", "Startup Cost": 0.0, "Total Cost": 0.27, "Plan Rows": 2, "Plan Width": 0, "Index Cond": "(movie_id = mk.movie_id)"}]}]}, {"Node Type": "Bitmap Heap Scan", "Parent Relationship": "Inner", "Relation Name": "company_name", "Alias": "cn", "Startup Cost": 0.26, "Total Cost": 4.28, "Plan Rows": 1, "Plan Width": 23, "Recheck Cond": "(id = mc.company_id)", "Filter": "(((country_code)::text <> '[pl]'::text) AND (((name)::text ~~ '%Film%'::text) OR ((name)::text ~~ '%Warner%'::text)))", "Plans": [{"Node Type": "Bitmap Index Scan", "Parent Relationship": "Outer", "Index Name": "company_name_pkey", "Startup Cost": 0.0, "Total Cost": 0.26, "Plan Rows": 1, "Plan Width": 0, "Index Cond": "(id = mc.company_id)"}]}]}, {"Node Type": "Bitmap Heap Scan", "Parent Relationship": "Inner", "Relation Name": "company_type", "Alias": "ct", "Startup Cost": 0.26, "Total Cost": 4.27, "Plan Rows": 1, "Plan Width": 4, "Recheck Cond": "(id = mc.company_type_id)", "Filter": "((kind)::text = 'production companies'::text)", "Plans": [{"Node Type": "Bitmap Index Scan", "Parent Relationship": "Outer", "Index Name": "company_type_pkey", "Startup Cost": 0.0, "Total Cost": 0.26, "Plan Rows": 1, "Plan Width": 0, "Index Cond": "(id = mc.company_type_id)"}]}]}, {"Node Type": "Bitmap Heap Scan", "Parent Relationship": "Inner", "Relation Name": "movie_link", "Alias": "ml", "Startup Cost": 0.29, "Total Cost": 4.35, "Plan Rows": 5, "Plan Width": 8, "Recheck Cond": "(movie_id = mk.movie_id)", "Plans": [{"Node Type": "Bitmap Index Scan", "Parent Relationship": "Outer", "Index Name": "movie_id_movie_link", "Startup Cost": 0.0, "Total Cost": 0.29, "Plan Rows": 5, "Plan Width": 0, "Index Cond": "(movie_id = mk.movie_id)"}]}]}, {"Node Type": "Bitmap Heap Scan", "Parent Relationship": "Inner", "Relation Name": "link_type", "Alias": "lt", "Startup Cost": 0.26, "Total Cost": 4.27, "Plan Rows": 1, "Plan Width": 16, "Recheck Cond": "(id = ml.link_type_id)", "Filter": "((link)::text ~~ '%follows%'::text)", "Plans": [{"Node Type": "Bitmap Index Scan", "Parent Relationship": "Outer", "Index Name": "link_type_pkey", "Startup Cost": 0.0, "Total Cost": 0.26, "Plan Rows": 1, "Plan Width": 0, "Index Cond": "(id = ml.link_type_id)"}]}]}]}, "Unique SQL Id": 4121279504}, "explain_analyze_plan": {"Plan": {"Node Type": "Aggregate", "Strategy": "Plain", "Startup Cost": 3451.4, "Total Cost": 3451.41, "Plan Rows": 1, "Plan Width": 144, "Actual Startup Time": 161.722, "Actual Total Time": 161.723, "Actual Rows": 1, "Actual Loops": 1, "Plans": [{"Node Type": "Nested Loop", "Parent Relationship": "Outer", "Join Type": "Inner", "Startup Cost": 725.2, "Total Cost": 3451.4, "Plan Rows": 1, "Plan Width": 48, "Actual Startup Time": 161.712, "Actual Total Time": 161.712, "Actual Rows": 0, "Actual Loops": 1, "Inner Unique": true, "Plans": [{"Node Type": "Nested Loop", "Parent Relationship": "Outer", "Join Type": "Inner", "Startup Cost": 724.95, "Total Cost": 3447.11, "Plan Rows": 1, "Plan Width": 40, "Actual Startup Time": 19.997, "Actual Total Time": 161.571, "Actual Rows": 38, "Actual Loops": 1, "Inner Unique": false, "Join Filter": "(t.id = ml.movie_id)", "Rows Removed by Join Filter": 0, "Plans": [{"Node Type": "Nested Loop", "Parent Relationship": "Outer", "Join Type": "Inner", "Startup Cost": 724.66, "Total Cost": 3442.7, "Plan Rows": 1, "Plan Width": 48, "Actual Startup Time": 19.97, "Actual Total Time": 161.514, "Actual Rows": 2, "Actual Loops": 1, "Inner Unique": true, "Plans": [{"Node Type": "Nested Loop", "Parent Relationship": "Outer", "Join Type": "Inner", "Startup Cost": 724.4, "Total Cost": 3438.42, "Plan Rows": 1, "Plan Width": 52, "Actual Startup Time": 19.958, "Actual Total Time": 161.497, "Actual Rows": 2, "Actual Loops": 1, "Inner Unique": true, "Plans": [{"Node Type": "Nested Loop", "Parent Relationship": "Outer", "Join Type": "Inner", "Startup Cost": 724.14, "Total Cost": 3434.13, "Plan Rows": 1, "Plan Width": 37, "Actual Startup Time": 19.933, "Actual Total Time": 161.449, "Actual Rows": 3, "Actual Loops": 1, "Inner Unique": false, "Join Filter": "(t.id = mc.movie_id)", "Rows Removed by Join Filter": 0, "Plans": [{"Node Type": "Nested Loop", "Parent Relationship": "Outer", "Join Type": "Inner", "Startup Cost": 723.87, "Total Cost": 3429.8, "Plan Rows": 1, "Plan Width": 25, "Actual Startup Time": 19.903, "Actual Total Time": 161.415, "Actual Rows": 1, "Actual Loops": 1, "Inner Unique": true, "Plans": [{"Node Type": "Nested Loop", "Parent Relationship": "Outer", "Join Type": "Inner", "Startup Cost": 723.6, "Total Cost": 3288.12, "Plan Rows": 33, "Plan Width": 4, "Actual Startup Time": 19.48, "Actual Total Time": 84.809, "Actual Rows": 10544, "Actual Loops": 1, "Inner Unique": false, "Plans": [{"Node Type": "Bitmap Heap Scan", "Parent Relationship": "Outer", "Relation Name": "keyword", "Alias": "k", "Startup Cost": 719.1, "Total Cost": 3155.21, "Plan Rows": 1, "Plan Width": 4, "Actual Startup Time": 16.533, "Actual Total Time": 64.286, "Actual Rows": 1, "Actual Loops": 1, "Filter": "((keyword)::text = 'sequel'::text)", "Rows Removed by Filter": 134168, "Exact Heap Blocks": 759, "Lossy Heap Blocks": 759, "Plans": [{"Node Type": "Bitmap Index Scan", "Parent Relationship": "Outer", "Index Name": "keyword_pkey", "Startup Cost": 0.0, "Total Cost": 719.1, "Plan Rows": 134169, "Plan Width": 0, "Actual Startup Time": 13.54, "Actual Total Time": 13.54, "Actual Rows": 134169, "Actual Loops": 1}]}, {"Node Type": "Bitmap Heap Scan", "Parent Relationship": "Inner", "Relation Name": "movie_keyword", "Alias": "mk", "Startup Cost": 4.51, "Total Cost": 132.58, "Plan Rows": 33, "Plan Width": 8, "Actual Startup Time": 2.933, "Actual Total Time": 18.397, "Actual Rows": 10544, "Actual Loops": 1, "Recheck Cond": "(keyword_id = k.id)", "Rows Removed by Index Recheck": 0, "Exact Heap Blocks": 5090, "Lossy Heap Blocks": 5090, "Plans": [{"Node Type": "Bitmap Index Scan", "Parent Relationship": "Outer", "Index Name": "keyword_id_movie_keyword", "Startup Cost": 0.0, "Total Cost": 4.5, "Plan Rows": 33, "Plan Width": 0, "Actual Startup Time": 2.017, "Actual Total Time": 2.017, "Actual Rows": 10544, "Actual Loops": 1, "Index Cond": "(keyword_id = k.id)"}]}]}, {"Node Type": "Bitmap Heap Scan", "Parent Relationship": "Inner", "Relation Name": "title", "Alias": "t", "Startup Cost": 0.27, "Total Cost": 4.28, "Plan Rows": 1, "Plan Width": 21, "Actual Startup Time": 64.824, "Actual Total Time": 64.824, "Actual Rows": 1, "Actual Loops": 10544, "Recheck Cond": "(id = mk.movie_id)", "Rows Removed by Index Recheck": 0, "Filter": "(((title)::text ~~ '%Money%'::text) AND (production_year = 1998))", "Rows Removed by Filter": 10543, "Exact Heap Blocks": 10544, "Lossy Heap Blocks": 10544, "Plans": [{"Node Type": "Bitmap Index Scan", "Parent Relationship": "Outer", "Index Name": "title_pkey", "Startup Cost": 0.0, "Total Cost": 0.27, "Plan Rows": 1, "Plan Width": 0, "Actual Startup Time": 31.063, "Actual Total Time": 31.063, "Actual Rows": 10544, "Actual Loops": 10544, "Index Cond": "(id = mk.movie_id)"}]}]}, {"Node Type": "Bitmap Heap Scan", "Parent Relationship": "Inner", "Relation Name": "movie_companies", "Alias": "mc", "Startup Cost": 0.27, "Total Cost": 4.3, "Plan Rows": 2, "Plan Width": 12, "Actual Startup Time": 0.024, "Actual Total Time": 0.025, "Actual Rows": 3, "Actual Loops": 1, "Recheck Cond": "(movie_id = mk.movie_id)", "Rows Removed by Index Recheck": 0, "Filter": "(note IS NULL)", "Rows Removed by Filter": 1, "Exact Heap Blocks": 2, "Lossy Heap Blocks": 2, "Plans": [{"Node Type": "Bitmap Index Scan", "Parent Relationship": "Outer", "Index Name": "movie_id_movie_companies", "Startup Cost": 0.0, "Total Cost": 0.27, "Plan Rows": 2, "Plan Width": 0, "Actual Startup Time": 0.012, "Actual Total Time": 0.012, "Actual Rows": 4, "Actual Loops": 1, "Index Cond": "(movie_id = mk.movie_id)"}]}]}, {"Node Type": "Bitmap Heap Scan", "Parent Relationship": "Inner", "Relation Name": "company_name", "Alias": "cn", "Startup Cost": 0.26, "Total Cost": 4.28, "Plan Rows": 1, "Plan Width": 23, "Actual Startup Time": 0.041, "Actual Total Time": 0.041, "Actual Rows": 2, "Actual Loops": 3, "Recheck Cond": "(id = mc.company_id)", "Rows Removed by Index Recheck": 0, "Filter": "(((country_code)::text <> '[pl]'::text) AND (((name)::text ~~ '%Film%'::text) OR ((name)::text ~~ '%Warner%'::text)))", "Rows Removed by Filter": 1, "Exact Heap Blocks": 3, "Lossy Heap Blocks": 3, "Plans": [{"Node Type": "Bitmap Index Scan", "Parent Relationship": "Outer", "Index Name": "company_name_pkey", "Startup Cost": 0.0, "Total Cost": 0.26, "Plan Rows": 1, "Plan Width": 0, "Actual Startup Time": 0.02, "Actual Total Time": 0.02, "Actual Rows": 3, "Actual Loops": 3, "Index Cond": "(id = mc.company_id)"}]}]}, {"Node Type": "Bitmap Heap Scan", "Parent Relationship": "Inner", "Relation Name": "company_type", "Alias": "ct", "Startup Cost": 0.26, "Total Cost": 4.27, "Plan Rows": 1, "Plan Width": 4, "Actual Startup Time": 0.013, "Actual Total Time": 0.013, "Actual Rows": 2, "Actual Loops": 2, "Recheck Cond": "(id = mc.company_type_id)", "Rows Removed by Index Recheck": 0, "Filter": "((kind)::text = 'production companies'::text)", "Rows Removed by Filter": 0, "Exact Heap Blocks": 2, "Lossy Heap Blocks": 2, "Plans": [{"Node Type": "Bitmap Index Scan", "Parent Relationship": "Outer", "Index Name": "company_type_pkey", "Startup Cost": 0.0, "Total Cost": 0.26, "Plan Rows": 1, "Plan Width": 0, "Actual Startup Time": 0.004, "Actual Total Time": 0.004, "Actual Rows": 2, "Actual Loops": 2, "Index Cond": "(id = mc.company_type_id)"}]}]}, {"Node Type": "Bitmap Heap Scan", "Parent Relationship": "Inner", "Relation Name": "movie_link", "Alias": "ml", "Startup Cost": 0.29, "Total Cost": 4.35, "Plan Rows": 5, "Plan Width": 8, "Actual Startup Time": 0.025, "Actual Total Time": 0.028, "Actual Rows": 38, "Actual Loops": 2, "Recheck Cond": "(movie_id = mk.movie_id)", "Rows Removed by Index Recheck": 0, "Exact Heap Blocks": 2, "Lossy Heap Blocks": 2, "Plans": [{"Node Type": "Bitmap Index Scan", "Parent Relationship": "Outer", "Index Name": "movie_id_movie_link", "Startup Cost": 0.0, "Total Cost": 0.29, "Plan Rows": 5, "Plan Width": 0, "Actual Startup Time": 0.013, "Actual Total Time": 0.013, "Actual Rows": 38, "Actual Loops": 2, "Index Cond": "(movie_id = mk.movie_id)"}]}]}, {"Node Type": "Bitmap Heap Scan", "Parent Relationship": "Inner", "Relation Name": "link_type", "Alias": "lt", "Startup Cost": 0.26, "Total Cost": 4.27, "Plan Rows": 1, "Plan Width": 16, "Actual Startup Time": 0.097, "Actual Total Time": 0.097, "Actual Rows": 0, "Actual Loops": 38, "Recheck Cond": "(id = ml.link_type_id)", "Rows Removed by Index Recheck": 0, "Filter": "((link)::text ~~ '%follows%'::text)", "Rows Removed by Filter": 24, "Exact Heap Blocks": 24, "Lossy Heap Blocks": 24, "Plans": [{"Node Type": "Bitmap Index Scan", "Parent Relationship": "Outer", "Index Name": "link_type_pkey", "Startup Cost": 0.0, "Total Cost": 0.26, "Plan Rows": 1, "Plan Width": 0, "Actual Startup Time": 0.039, "Actual Total Time": 0.039, "Actual Rows": 24, "Actual Loops": 38, "Index Cond": "(id = ml.link_type_id)"}]}]}]}, "Triggers": [], "Planner Runtime": 60.458, "Total Runtime": 162.221, "Unique SQL Id": 4121279504}}, "(64, 116)": {"explain_plan": {"Plan": {"Node Type": "Aggregate", "Strategy": "Plain", "Startup Cost": 2581.34, "Total Cost": 2581.35, "Plan Rows": 1, "Plan Width": 144, "Plans": [{"Node Type": "Nested Loop", "Parent Relationship": "Outer", "Join Type": "Inner", "Startup Cost": 4.51, "Total Cost": 2581.33, "Plan Rows": 1, "Plan Width": 48, "Inner Unique": true, "Plans": [{"Node Type": "Nested Loop", "Parent Relationship": "Outer", "Join Type": "Inner", "Startup Cost": 4.51, "Total Cost": 2581.05, "Plan Rows": 1, "Plan Width": 40, "Inner Unique": false, "Join Filter": "(t.id = ml.movie_id)", "Plans": [{"Node Type": "Nested Loop", "Parent Relationship": "Outer", "Join Type": "Inner", "Startup Cost": 4.51, "Total Cost": 2580.63, "Plan Rows": 1, "Plan Width": 48, "Inner Unique": true, "Plans": [{"Node Type": "Nested Loop", "Parent Relationship": "Outer", "Join Type": "Inner", "Startup Cost": 4.51, "Total Cost": 2580.35, "Plan Rows": 1, "Plan Width": 52, "Inner Unique": true, "Plans": [{"Node Type": "Nested Loop", "Parent Relationship": "Outer", "Join Type": "Inner", "Startup Cost": 4.51, "Total Cost": 2580.05, "Plan Rows": 1, "Plan Width": 37, "Inner Unique": false, "Join Filter": "(t.id = mc.movie_id)", "Plans": [{"Node Type": "Nested Loop", "Parent Relationship": "Outer", "Join Type": "Inner", "Startup Cost": 4.51, "Total Cost": 2579.71, "Plan Rows": 1, "Plan Width": 25, "Inner Unique": true, "Plans": [{"Node Type": "Nested Loop", "Parent Relationship": "Outer", "Join Type": "Inner", "Startup Cost": 4.51, "Total Cost": 2569.02, "Plan Rows": 33, "Plan Width": 4, "Inner Unique": false, "Plans": [{"Node Type": "Seq Scan", "Parent Relationship": "Outer", "Relation Name": "keyword", "Alias": "k", "Startup Cost": 0.0, "Total Cost": 2436.11, "Plan Rows": 1, "Plan Width": 4, "Filter": "((keyword)::text = 'sequel'::text)"}, {"Node Type": "Bitmap Heap Scan", "Parent Relationship": "Inner", "Relation Name": "movie_keyword", "Alias": "mk", "Startup Cost": 4.51, "Total Cost": 132.58, "Plan Rows": 33, "Plan Width": 8, "Recheck Cond": "(keyword_id = k.id)", "Plans": [{"Node Type": "Bitmap Index Scan", "Parent Relationship": "Outer", "Index Name": "keyword_id_movie_keyword", "Startup Cost": 0.0, "Total Cost": 4.5, "Plan Rows": 33, "Plan Width": 0, "Index Cond": "(keyword_id = k.id)"}]}]}, {"Node Type": "Index Scan", "Parent Relationship": "Inner", "Scan Direction": "Forward", "Index Name": "title_pkey", "Relation Name": "title", "Alias": "t", "Startup Cost": 0.0, "Total Cost": 0.31, "Plan Rows": 1, "Plan Width": 21, "Index Cond": "(id = mk.movie_id)", "Filter": "(((title)::text ~~ '%Money%'::text) AND (production_year = 1998))"}]}, {"Node Type": "Index Scan", "Parent Relationship": "Inner", "Scan Direction": "Forward", "Index Name": "movie_id_movie_companies", "Relation Name": "movie_companies", "Alias": "mc", "Startup Cost": 0.0, "Total Cost": 0.31, "Plan Rows": 2, "Plan Width": 12, "Index Cond": "(movie_id = mk.movie_id)", "Filter": "(note IS NULL)"}]}, {"Node Type": "Index Scan", "Parent Relationship": "Inner", "Scan Direction": "Forward", "Index Name": "company_name_pkey", "Relation Name": "company_name", "Alias": "cn", "Startup Cost": 0.0, "Total Cost": 0.29, "Plan Rows": 1, "Plan Width": 23, "Index Cond": "(id = mc.company_id)", "Filter": "(((country_code)::text <> '[pl]'::text) AND (((name)::text ~~ '%Film%'::text) OR ((name)::text ~~ '%Warner%'::text)))"}]}, {"Node Type": "Index Scan", "Parent Relationship": "Inner", "Scan Direction": "Forward", "Index Name": "company_type_pkey", "Relation Name": "company_type", "Alias": "ct", "Startup Cost": 0.0, "Total Cost": 0.27, "Plan Rows": 1, "Plan Width": 4, "Index Cond": "(id = mc.company_type_id)", "Filter": "((kind)::text = 'production companies'::text)"}]}, {"Node Type": "Index Scan", "Parent Relationship": "Inner", "Scan Direction": "Forward", "Index Name": "movie_id_movie_link", "Relation Name": "movie_link", "Alias": "ml", "Startup Cost": 0.0, "Total Cost": 0.35, "Plan Rows": 5, "Plan Width": 8, "Index Cond": "(movie_id = mk.movie_id)"}]}, {"Node Type": "Index Scan", "Parent Relationship": "Inner", "Scan Direction": "Forward", "Index Name": "link_type_pkey", "Relation Name": "link_type", "Alias": "lt", "Startup Cost": 0.0, "Total Cost": 0.27, "Plan Rows": 1, "Plan Width": 16, "Index Cond": "(id = ml.link_type_id)", "Filter": "((link)::text ~~ '%follows%'::text)"}]}]}, "Unique SQL Id": 4121279504}, "explain_analyze_plan": {"Plan": {"Node Type": "Aggregate", "Strategy": "Plain", "Startup Cost": 2581.34, "Total Cost": 2581.35, "Plan Rows": 1, "Plan Width": 144, "Actual Startup Time": 123.557, "Actual Total Time": 123.557, "Actual Rows": 1, "Actual Loops": 1, "Plans": [{"Node Type": "Nested Loop", "Parent Relationship": "Outer", "Join Type": "Inner", "Startup Cost": 4.51, "Total Cost": 2581.33, "Plan Rows": 1, "Plan Width": 48, "Actual Startup Time": 123.547, "Actual Total Time": 123.547, "Actual Rows": 0, "Actual Loops": 1, "Inner Unique": true, "Plans": [{"Node Type": "Nested Loop", "Parent Relationship": "Outer", "Join Type": "Inner", "Startup Cost": 4.51, "Total Cost": 2581.05, "Plan Rows": 1, "Plan Width": 40, "Actual Startup Time": 5.886, "Actual Total Time": 123.447, "Actual Rows": 38, "Actual Loops": 1, "Inner Unique": false, "Join Filter": "(t.id = ml.movie_id)", "Rows Removed by Join Filter": 0, "Plans": [{"Node Type": "Nested Loop", "Parent Relationship": "Outer", "Join Type": "Inner", "Startup Cost": 4.51, "Total Cost": 2580.63, "Plan Rows": 1, "Plan Width": 48, "Actual Startup Time": 5.866, "Actual Total Time": 123.392, "Actual Rows": 2, "Actual Loops": 1, "Inner Unique": true, "Plans": [{"Node Type": "Nested Loop", "Parent Relationship": "Outer", "Join Type": "Inner", "Startup Cost": 4.51, "Total Cost": 2580.35, "Plan Rows": 1, "Plan Width": 52, "Actual Startup Time": 5.855, "Actual Total Time": 123.377, "Actual Rows": 2, "Actual Loops": 1, "Inner Unique": true, "Plans": [{"Node Type": "Nested Loop", "Parent Relationship": "Outer", "Join Type": "Inner", "Startup Cost": 4.51, "Total Cost": 2580.05, "Plan Rows": 1, "Plan Width": 37, "Actual Startup Time": 5.834, "Actual Total Time": 123.335, "Actual Rows": 3, "Actual Loops": 1, "Inner Unique": false, "Join Filter": "(t.id = mc.movie_id)", "Rows Removed by Join Filter": 0, "Plans": [{"Node Type": "Nested Loop", "Parent Relationship": "Outer", "Join Type": "Inner", "Startup Cost": 4.51, "Total Cost": 2579.71, "Plan Rows": 1, "Plan Width": 25, "Actual Startup Time": 5.809, "Actual Total Time": 123.305, "Actual Rows": 1, "Actual Loops": 1, "Inner Unique": true, "Plans": [{"Node Type": "Nested Loop", "Parent Relationship": "Outer", "Join Type": "Inner", "Startup Cost": 4.51, "Total Cost": 2569.02, "Plan Rows": 33, "Plan Width": 4, "Actual Startup Time": 5.443, "Actual Total Time": 62.982, "Actual Rows": 10544, "Actual Loops": 1, "Inner Unique": false, "Plans": [{"Node Type": "Seq Scan", "Parent Relationship": "Outer", "Relation Name": "keyword", "Alias": "k", "Startup Cost": 0.0, "Total Cost": 2436.11, "Plan Rows": 1, "Plan Width": 4, "Actual Startup Time": 2.358, "Actual Total Time": 41.641, "Actual Rows": 1, "Actual Loops": 1, "Filter": "((keyword)::text = 'sequel'::text)", "Rows Removed by Filter": 134168}, {"Node Type": "Bitmap Heap Scan", "Parent Relationship": "Inner", "Relation Name": "movie_keyword", "Alias": "mk", "Startup Cost": 4.51, "Total Cost": 132.58, "Plan Rows": 33, "Plan Width": 8, "Actual Startup Time": 3.074, "Actual Total Time": 19.121, "Actual Rows": 10544, "Actual Loops": 1, "Recheck Cond": "(keyword_id = k.id)", "Rows Removed by Index Recheck": 0, "Exact Heap Blocks": 5090, "Lossy Heap Blocks": 5090, "Plans": [{"Node Type": "Bitmap Index Scan", "Parent Relationship": "Outer", "Index Name": "keyword_id_movie_keyword", "Startup Cost": 0.0, "Total Cost": 4.5, "Plan Rows": 33, "Plan Width": 0, "Actual Startup Time": 2.162, "Actual Total Time": 2.162, "Actual Rows": 10544, "Actual Loops": 1, "Index Cond": "(keyword_id = k.id)"}]}]}, {"Node Type": "Index Scan", "Parent Relationship": "Inner", "Scan Direction": "Forward", "Index Name": "title_pkey", "Relation Name": "title", "Alias": "t", "Startup Cost": 0.0, "Total Cost": 0.31, "Plan Rows": 1, "Plan Width": 21, "Actual Startup Time": 54.966, "Actual Total Time": 54.966, "Actual Rows": 1, "Actual Loops": 10544, "Index Cond": "(id = mk.movie_id)", "Rows Removed by Index Recheck": 0, "Filter": "(((title)::text ~~ '%Money%'::text) AND (production_year = 1998))", "Rows Removed by Filter": 10543}]}, {"Node Type": "Index Scan", "Parent Relationship": "Inner", "Scan Direction": "Forward", "Index Name": "movie_id_movie_companies", "Relation Name": "movie_companies", "Alias": "mc", "Startup Cost": 0.0, "Total Cost": 0.31, "Plan Rows": 2, "Plan Width": 12, "Actual Startup Time": 0.019, "Actual Total Time": 0.022, "Actual Rows": 3, "Actual Loops": 1, "Index Cond": "(movie_id = mk.movie_id)", "Rows Removed by Index Recheck": 0, "Filter": "(note IS NULL)", "Rows Removed by Filter": 1}]}, {"Node Type": "Index Scan", "Parent Relationship": "Inner", "Scan Direction": "Forward", "Index Name": "company_name_pkey", "Relation Name": "company_name", "Alias": "cn", "Startup Cost": 0.0, "Total Cost": 0.29, "Plan Rows": 1, "Plan Width": 23, "Actual Startup Time": 0.037, "Actual Total Time": 0.037, "Actual Rows": 2, "Actual Loops": 3, "Index Cond": "(id = mc.company_id)", "Rows Removed by Index Recheck": 0, "Filter": "(((country_code)::text <> '[pl]'::text) AND (((name)::text ~~ '%Film%'::text) OR ((name)::text ~~ '%Warner%'::text)))", "Rows Removed by Filter": 1}]}, {"Node Type": "Index Scan", "Parent Relationship": "Inner", "Scan Direction": "Forward", "Index Name": "company_type_pkey", "Relation Name": "company_type", "Alias": "ct", "Startup Cost": 0.0, "Total Cost": 0.27, "Plan Rows": 1, "Plan Width": 4, "Actual Startup Time": 0.011, "Actual Total Time": 0.011, "Actual Rows": 2, "Actual Loops": 2, "Index Cond": "(id = mc.company_type_id)", "Rows Removed by Index Recheck": 0, "Filter": "((kind)::text = 'production companies'::text)", "Rows Removed by Filter": 0}]}, {"Node Type": "Index Scan", "Parent Relationship": "Inner", "Scan Direction": "Forward", "Index Name": "movie_id_movie_link", "Relation Name": "movie_link", "Alias": "ml", "Startup Cost": 0.0, "Total Cost": 0.35, "Plan Rows": 5, "Plan Width": 8, "Actual Startup Time": 0.016, "Actual Total Time": 0.029, "Actual Rows": 38, "Actual Loops": 2, "Index Cond": "(movie_id = mk.movie_id)", "Rows Removed by Index Recheck": 0}]}, {"Node Type": "Index Scan", "Parent Relationship": "Inner", "Scan Direction": "Forward", "Index Name": "link_type_pkey", "Relation Name": "link_type", "Alias": "lt", "Startup Cost": 0.0, "Total Cost": 0.27, "Plan Rows": 1, "Plan Width": 16, "Actual Startup Time": 0.076, "Actual Total Time": 0.076, "Actual Rows": 0, "Actual Loops": 38, "Index Cond": "(id = ml.link_type_id)", "Rows Removed by Index Recheck": 0, "Filter": "((link)::text ~~ '%follows%'::text)", "Rows Removed by Filter": 24}]}]}, "Triggers": [], "Planner Runtime": 80.823, "Total Runtime": 124.133, "Unique SQL Id": 4121279504}}, "(64, 117)": {"explain_plan": {"Plan": {"Node Type": "Aggregate", "Strategy": "Plain", "Startup Cost": 3327.94, "Total Cost": 3327.95, "Plan Rows": 1, "Plan Width": 144, "Plans": [{"Node Type": "Nested Loop", "Parent Relationship": "Outer", "Join Type": "Inner", "Startup Cost": 4.51, "Total Cost": 3327.93, "Plan Rows": 1, "Plan Width": 48, "Inner Unique": true, "Plans": [{"Node Type": "Nested Loop", "Parent Relationship": "Outer", "Join Type": "Inner", "Startup Cost": 4.51, "Total Cost": 3327.65, "Plan Rows": 1, "Plan Width": 40, "Inner Unique": false, "Join Filter": "(t.id = ml.movie_id)", "Plans": [{"Node Type": "Nested Loop", "Parent Relationship": "Outer", "Join Type": "Inner", "Startup Cost": 4.51, "Total Cost": 3327.24, "Plan Rows": 1, "Plan Width": 48, "Inner Unique": true, "Plans": [{"Node Type": "Nested Loop", "Parent Relationship": "Outer", "Join Type": "Inner", "Startup Cost": 4.51, "Total Cost": 3326.95, "Plan Rows": 1, "Plan Width": 52, "Inner Unique": true, "Plans": [{"Node Type": "Nested Loop", "Parent Relationship": "Outer", "Join Type": "Inner", "Startup Cost": 4.51, "Total Cost": 3326.66, "Plan Rows": 1, "Plan Width": 37, "Inner Unique": false, "Join Filter": "(t.id = mc.movie_id)", "Plans": [{"Node Type": "Nested Loop", "Parent Relationship": "Outer", "Join Type": "Inner", "Startup Cost": 4.51, "Total Cost": 3326.32, "Plan Rows": 1, "Plan Width": 25, "Inner Unique": true, "Plans": [{"Node Type": "Nested Loop", "Parent Relationship": "Outer", "Join Type": "Inner", "Startup Cost": 4.51, "Total Cost": 3315.63, "Plan Rows": 33, "Plan Width": 4, "Inner Unique": false, "Plans": [{"Node Type": "Index Scan", "Parent Relationship": "Outer", "Scan Direction": "Forward", "Index Name": "keyword_pkey", "Relation Name": "keyword", "Alias": "k", "Startup Cost": 0.0, "Total Cost": 3182.72, "Plan Rows": 1, "Plan Width": 4, "Filter": "((keyword)::text = 'sequel'::text)"}, {"Node Type": "Bitmap Heap Scan", "Parent Relationship": "Inner", "Relation Name": "movie_keyword", "Alias": "mk", "Startup Cost": 4.51, "Total Cost": 132.58, "Plan Rows": 33, "Plan Width": 8, "Recheck Cond": "(keyword_id = k.id)", "Plans": [{"Node Type": "Bitmap Index Scan", "Parent Relationship": "Outer", "Index Name": "keyword_id_movie_keyword", "Startup Cost": 0.0, "Total Cost": 4.5, "Plan Rows": 33, "Plan Width": 0, "Index Cond": "(keyword_id = k.id)"}]}]}, {"Node Type": "Index Scan", "Parent Relationship": "Inner", "Scan Direction": "Forward", "Index Name": "title_pkey", "Relation Name": "title", "Alias": "t", "Startup Cost": 0.0, "Total Cost": 0.31, "Plan Rows": 1, "Plan Width": 21, "Index Cond": "(id = mk.movie_id)", "Filter": "(((title)::text ~~ '%Money%'::text) AND (production_year = 1998))"}]}, {"Node Type": "Index Scan", "Parent Relationship": "Inner", "Scan Direction": "Forward", "Index Name": "movie_id_movie_companies", "Relation Name": "movie_companies", "Alias": "mc", "Startup Cost": 0.0, "Total Cost": 0.31, "Plan Rows": 2, "Plan Width": 12, "Index Cond": "(movie_id = mk.movie_id)", "Filter": "(note IS NULL)"}]}, {"Node Type": "Index Scan", "Parent Relationship": "Inner", "Scan Direction": "Forward", "Index Name": "company_name_pkey", "Relation Name": "company_name", "Alias": "cn", "Startup Cost": 0.0, "Total Cost": 0.29, "Plan Rows": 1, "Plan Width": 23, "Index Cond": "(id = mc.company_id)", "Filter": "(((country_code)::text <> '[pl]'::text) AND (((name)::text ~~ '%Film%'::text) OR ((name)::text ~~ '%Warner%'::text)))"}]}, {"Node Type": "Index Scan", "Parent Relationship": "Inner", "Scan Direction": "Forward", "Index Name": "company_type_pkey", "Relation Name": "company_type", "Alias": "ct", "Startup Cost": 0.0, "Total Cost": 0.27, "Plan Rows": 1, "Plan Width": 4, "Index Cond": "(id = mc.company_type_id)", "Filter": "((kind)::text = 'production companies'::text)"}]}, {"Node Type": "Index Scan", "Parent Relationship": "Inner", "Scan Direction": "Forward", "Index Name": "movie_id_movie_link", "Relation Name": "movie_link", "Alias": "ml", "Startup Cost": 0.0, "Total Cost": 0.35, "Plan Rows": 5, "Plan Width": 8, "Index Cond": "(movie_id = mk.movie_id)"}]}, {"Node Type": "Index Scan", "Parent Relationship": "Inner", "Scan Direction": "Forward", "Index Name": "link_type_pkey", "Relation Name": "link_type", "Alias": "lt", "Startup Cost": 0.0, "Total Cost": 0.27, "Plan Rows": 1, "Plan Width": 16, "Index Cond": "(id = ml.link_type_id)", "Filter": "((link)::text ~~ '%follows%'::text)"}]}]}, "Unique SQL Id": 4121279504}, "explain_analyze_plan": {"Plan": {"Node Type": "Aggregate", "Strategy": "Plain", "Startup Cost": 3327.94, "Total Cost": 3327.95, "Plan Rows": 1, "Plan Width": 144, "Actual Startup Time": 206.836, "Actual Total Time": 206.836, "Actual Rows": 1, "Actual Loops": 1, "Plans": [{"Node Type": "Nested Loop", "Parent Relationship": "Outer", "Join Type": "Inner", "Startup Cost": 4.51, "Total Cost": 3327.93, "Plan Rows": 1, "Plan Width": 48, "Actual Startup Time": 206.83, "Actual Total Time": 206.83, "Actual Rows": 0, "Actual Loops": 1, "Inner Unique": true, "Plans": [{"Node Type": "Nested Loop", "Parent Relationship": "Outer", "Join Type": "Inner", "Startup Cost": 4.51, "Total Cost": 3327.65, "Plan Rows": 1, "Plan Width": 40, "Actual Startup Time": 4.134, "Actual Total Time": 206.74, "Actual Rows": 38, "Actual Loops": 1, "Inner Unique": false, "Join Filter": "(t.id = ml.movie_id)", "Rows Removed by Join Filter": 0, "Plans": [{"Node Type": "Nested Loop", "Parent Relationship": "Outer", "Join Type": "Inner", "Startup Cost": 4.51, "Total Cost": 3327.24, "Plan Rows": 1, "Plan Width": 48, "Actual Startup Time": 4.119, "Actual Total Time": 206.686, "Actual Rows": 2, "Actual Loops": 1, "Inner Unique": true, "Plans": [{"Node Type": "Nested Loop", "Parent Relationship": "Outer", "Join Type": "Inner", "Startup Cost": 4.51, "Total Cost": 3326.95, "Plan Rows": 1, "Plan Width": 52, "Actual Startup Time": 4.11, "Actual Total Time": 206.673, "Actual Rows": 2, "Actual Loops": 1, "Inner Unique": true, "Plans": [{"Node Type": "Nested Loop", "Parent Relationship": "Outer", "Join Type": "Inner", "Startup Cost": 4.51, "Total Cost": 3326.66, "Plan Rows": 1, "Plan Width": 37, "Actual Startup Time": 4.093, "Actual Total Time": 206.639, "Actual Rows": 3, "Actual Loops": 1, "Inner Unique": false, "Join Filter": "(t.id = mc.movie_id)", "Rows Removed by Join Filter": 0, "Plans": [{"Node Type": "Nested Loop", "Parent Relationship": "Outer", "Join Type": "Inner", "Startup Cost": 4.51, "Total Cost": 3326.32, "Plan Rows": 1, "Plan Width": 25, "Actual Startup Time": 4.075, "Actual Total Time": 206.617, "Actual Rows": 1, "Actual Loops": 1, "Inner Unique": true, "Plans": [{"Node Type": "Nested Loop", "Parent Relationship": "Outer", "Join Type": "Inner", "Startup Cost": 4.51, "Total Cost": 3315.63, "Plan Rows": 33, "Plan Width": 4, "Actual Startup Time": 3.756, "Actual Total Time": 147.383, "Actual Rows": 10544, "Actual Loops": 1, "Inner Unique": false, "Plans": [{"Node Type": "Index Scan", "Parent Relationship": "Outer", "Scan Direction": "Forward", "Index Name": "keyword_pkey", "Relation Name": "keyword", "Alias": "k", "Startup Cost": 0.0, "Total Cost": 3182.72, "Plan Rows": 1, "Plan Width": 4, "Actual Startup Time": 0.512, "Actual Total Time": 126.311, "Actual Rows": 1, "Actual Loops": 1, "Filter": "((keyword)::text = 'sequel'::text)", "Rows Removed by Filter": 134168}, {"Node Type": "Bitmap Heap Scan", "Parent Relationship": "Inner", "Relation Name": "movie_keyword", "Alias": "mk", "Startup Cost": 4.51, "Total Cost": 132.58, "Plan Rows": 33, "Plan Width": 8, "Actual Startup Time": 3.236, "Actual Total Time": 18.868, "Actual Rows": 10544, "Actual Loops": 1, "Recheck Cond": "(keyword_id = k.id)", "Rows Removed by Index Recheck": 0, "Exact Heap Blocks": 5090, "Lossy Heap Blocks": 5090, "Plans": [{"Node Type": "Bitmap Index Scan", "Parent Relationship": "Outer", "Index Name": "keyword_id_movie_keyword", "Startup Cost": 0.0, "Total Cost": 4.5, "Plan Rows": 33, "Plan Width": 0, "Actual Startup Time": 2.291, "Actual Total Time": 2.291, "Actual Rows": 10544, "Actual Loops": 1, "Index Cond": "(keyword_id = k.id)"}]}]}, {"Node Type": "Index Scan", "Parent Relationship": "Inner", "Scan Direction": "Forward", "Index Name": "title_pkey", "Relation Name": "title", "Alias": "t", "Startup Cost": 0.0, "Total Cost": 0.31, "Plan Rows": 1, "Plan Width": 21, "Actual Startup Time": 53.865, "Actual Total Time": 53.865, "Actual Rows": 1, "Actual Loops": 10544, "Index Cond": "(id = mk.movie_id)", "Rows Removed by Index Recheck": 0, "Filter": "(((title)::text ~~ '%Money%'::text) AND (production_year = 1998))", "Rows Removed by Filter": 10543}]}, {"Node Type": "Index Scan", "Parent Relationship": "Inner", "Scan Direction": "Forward", "Index Name": "movie_id_movie_companies", "Relation Name": "movie_companies", "Alias": "mc", "Startup Cost": 0.0, "Total Cost": 0.31, "Plan Rows": 2, "Plan Width": 12, "Actual Startup Time": 0.015, "Actual Total Time": 0.018, "Actual Rows": 3, "Actual Loops": 1, "Index Cond": "(movie_id = mk.movie_id)", "Rows Removed by Index Recheck": 0, "Filter": "(note IS NULL)", "Rows Removed by Filter": 1}]}, {"Node Type": "Index Scan", "Parent Relationship": "Inner", "Scan Direction": "Forward", "Index Name": "company_name_pkey", "Relation Name": "company_name", "Alias": "cn", "Startup Cost": 0.0, "Total Cost": 0.29, "Plan Rows": 1, "Plan Width": 23, "Actual Startup Time": 0.028, "Actual Total Time": 0.028, "Actual Rows": 2, "Actual Loops": 3, "Index Cond": "(id = mc.company_id)", "Rows Removed by Index Recheck": 0, "Filter": "(((country_code)::text <> '[pl]'::text) AND (((name)::text ~~ '%Film%'::text) OR ((name)::text ~~ '%Warner%'::text)))", "Rows Removed by Filter": 1}]}, {"Node Type": "Index Scan", "Parent Relationship": "Inner", "Scan Direction": "Forward", "Index Name": "company_type_pkey", "Relation Name": "company_type", "Alias": "ct", "Startup Cost": 0.0, "Total Cost": 0.27, "Plan Rows": 1, "Plan Width": 4, "Actual Startup Time": 0.009, "Actual Total Time": 0.009, "Actual Rows": 2, "Actual Loops": 2, "Index Cond": "(id = mc.company_type_id)", "Rows Removed by Index Recheck": 0, "Filter": "((kind)::text = 'production companies'::text)", "Rows Removed by Filter": 0}]}, {"Node Type": "Index Scan", "Parent Relationship": "Inner", "Scan Direction": "Forward", "Index Name": "movie_id_movie_link", "Relation Name": "movie_link", "Alias": "ml", "Startup Cost": 0.0, "Total Cost": 0.35, "Plan Rows": 5, "Plan Width": 8, "Actual Startup Time": 0.013, "Actual Total Time": 0.03, "Actual Rows": 38, "Actual Loops": 2, "Index Cond": "(movie_id = mk.movie_id)", "Rows Removed by Index Recheck": 0}]}, {"Node Type": "Index Scan", "Parent Relationship": "Inner", "Scan Direction": "Forward", "Index Name": "link_type_pkey", "Relation Name": "link_type", "Alias": "lt", "Startup Cost": 0.0, "Total Cost": 0.27, "Plan Rows": 1, "Plan Width": 16, "Actual Startup Time": 0.072, "Actual Total Time": 0.072, "Actual Rows": 0, "Actual Loops": 38, "Index Cond": "(id = ml.link_type_id)", "Rows Removed by Index Recheck": 0, "Filter": "((link)::text ~~ '%follows%'::text)", "Rows Removed by Filter": 24}]}]}, "Triggers": [], "Planner Runtime": 70.618, "Total Runtime": 207.306, "Unique SQL Id": 4121279504}}, "(64, 118)": {"explain_plan": {"Plan": {"Node Type": "Aggregate", "Strategy": "Plain", "Startup Cost": 2726.02, "Total Cost": 2726.03, "Plan Rows": 1, "Plan Width": 144, "Plans": [{"Node Type": "Nested Loop", "Parent Relationship": "Outer", "Join Type": "Inner", "Startup Cost": 5.59, "Total Cost": 2726.01, "Plan Rows": 1, "Plan Width": 48, "Inner Unique": true, "Join Filter": "(ml.link_type_id = lt.id)", "Plans": [{"Node Type": "Nested Loop", "Parent Relationship": "Outer", "Join Type": "Inner", "Startup Cost": 5.59, "Total Cost": 2724.78, "Plan Rows": 1, "Plan Width": 40, "Inner Unique": false, "Join Filter": "(t.id = ml.movie_id)", "Plans": [{"Node Type": "Nested Loop", "Parent Relationship": "Outer", "Join Type": "Inner", "Startup Cost": 5.3, "Total Cost": 2720.37, "Plan Rows": 1, "Plan Width": 48, "Inner Unique": true, "Join Filter": "(mc.company_type_id = ct.id)", "Plans": [{"Node Type": "Nested Loop", "Parent Relationship": "Outer", "Join Type": "Inner", "Startup Cost": 5.3, "Total Cost": 2719.32, "Plan Rows": 1, "Plan Width": 52, "Inner Unique": true, "Plans": [{"Node Type": "Nested Loop", "Parent Relationship": "Outer", "Join Type": "Inner", "Startup Cost": 5.05, "Total Cost": 2715.03, "Plan Rows": 1, "Plan Width": 37, "Inner Unique": false, "Join Filter": "(t.id = mc.movie_id)", "Plans": [{"Node Type": "Nested Loop", "Parent Relationship": "Outer", "Join Type": "Inner", "Startup Cost": 4.77, "Total Cost": 2710.71, "Plan Rows": 1, "Plan Width": 25, "Inner Unique": true, "Plans": [{"Node Type": "Nested Loop", "Parent Relationship": "Outer", "Join Type": "Inner", "Startup Cost": 4.51, "Total Cost": 2569.02, "Plan Rows": 33, "Plan Width": 4, "Inner Unique": false, "Plans": [{"Node Type": "Seq Scan", "Parent Relationship": "Outer", "Relation Name": "keyword", "Alias": "k", "Startup Cost": 0.0, "Total Cost": 2436.11, "Plan Rows": 1, "Plan Width": 4, "Filter": "((keyword)::text = 'sequel'::text)"}, {"Node Type": "Bitmap Heap Scan", "Parent Relationship": "Inner", "Relation Name": "movie_keyword", "Alias": "mk", "Startup Cost": 4.51, "Total Cost": 132.58, "Plan Rows": 33, "Plan Width": 8, "Recheck Cond": "(keyword_id = k.id)", "Plans": [{"Node Type": "Bitmap Index Scan", "Parent Relationship": "Outer", "Index Name": "keyword_id_movie_keyword", "Startup Cost": 0.0, "Total Cost": 4.5, "Plan Rows": 33, "Plan Width": 0, "Index Cond": "(keyword_id = k.id)"}]}]}, {"Node Type": "Bitmap Heap Scan", "Parent Relationship": "Inner", "Relation Name": "title", "Alias": "t", "Startup Cost": 0.27, "Total Cost": 4.28, "Plan Rows": 1, "Plan Width": 21, "Recheck Cond": "(id = mk.movie_id)", "Filter": "(((title)::text ~~ '%Money%'::text) AND (production_year = 1998))", "Plans": [{"Node Type": "Bitmap Index Scan", "Parent Relationship": "Outer", "Index Name": "title_pkey", "Startup Cost": 0.0, "Total Cost": 0.27, "Plan Rows": 1, "Plan Width": 0, "Index Cond": "(id = mk.movie_id)"}]}]}, {"Node Type": "Bitmap Heap Scan", "Parent Relationship": "Inner", "Relation Name": "movie_companies", "Alias": "mc", "Startup Cost": 0.27, "Total Cost": 4.3, "Plan Rows": 2, "Plan Width": 12, "Recheck Cond": "(movie_id = mk.movie_id)", "Filter": "(note IS NULL)", "Plans": [{"Node Type": "Bitmap Index Scan", "Parent Relationship": "Outer", "Index Name": "movie_id_movie_companies", "Startup Cost": 0.0, "Total Cost": 0.27, "Plan Rows": 2, "Plan Width": 0, "Index Cond": "(movie_id = mk.movie_id)"}]}]}, {"Node Type": "Bitmap Heap Scan", "Parent Relationship": "Inner", "Relation Name": "company_name", "Alias": "cn", "Startup Cost": 0.26, "Total Cost": 4.28, "Plan Rows": 1, "Plan Width": 23, "Recheck Cond": "(id = mc.company_id)", "Filter": "(((country_code)::text <> '[pl]'::text) AND (((name)::text ~~ '%Film%'::text) OR ((name)::text ~~ '%Warner%'::text)))", "Plans": [{"Node Type": "Bitmap Index Scan", "Parent Relationship": "Outer", "Index Name": "company_name_pkey", "Startup Cost": 0.0, "Total Cost": 0.26, "Plan Rows": 1, "Plan Width": 0, "Index Cond": "(id = mc.company_id)"}]}]}, {"Node Type": "Seq Scan", "Parent Relationship": "Inner", "Relation Name": "company_type", "Alias": "ct", "Startup Cost": 0.0, "Total Cost": 1.04, "Plan Rows": 1, "Plan Width": 4, "Filter": "((kind)::text = 'production companies'::text)"}]}, {"Node Type": "Bitmap Heap Scan", "Parent Relationship": "Inner", "Relation Name": "movie_link", "Alias": "ml", "Startup Cost": 0.29, "Total Cost": 4.35, "Plan Rows": 5, "Plan Width": 8, "Recheck Cond": "(movie_id = mk.movie_id)", "Plans": [{"Node Type": "Bitmap Index Scan", "Parent Relationship": "Outer", "Index Name": "movie_id_movie_link", "Startup Cost": 0.0, "Total Cost": 0.29, "Plan Rows": 5, "Plan Width": 0, "Index Cond": "(movie_id = mk.movie_id)"}]}]}, {"Node Type": "Seq Scan", "Parent Relationship": "Inner", "Relation Name": "link_type", "Alias": "lt", "Startup Cost": 0.0, "Total Cost": 1.21, "Plan Rows": 1, "Plan Width": 16, "Filter": "((link)::text ~~ '%follows%'::text)"}]}]}, "Unique SQL Id": 4121279504}, "explain_analyze_plan": {"Plan": {"Node Type": "Aggregate", "Strategy": "Plain", "Startup Cost": 2726.02, "Total Cost": 2726.03, "Plan Rows": 1, "Plan Width": 144, "Actual Startup Time": 139.861, "Actual Total Time": 139.862, "Actual Rows": 1, "Actual Loops": 1, "Plans": [{"Node Type": "Nested Loop", "Parent Relationship": "Outer", "Join Type": "Inner", "Startup Cost": 5.59, "Total Cost": 2726.01, "Plan Rows": 1, "Plan Width": 48, "Actual Startup Time": 139.85, "Actual Total Time": 139.85, "Actual Rows": 0, "Actual Loops": 1, "Inner Unique": true, "Join Filter": "(ml.link_type_id = lt.id)", "Rows Removed by Join Filter": 0, "Plans": [{"Node Type": "Nested Loop", "Parent Relationship": "Outer", "Join Type": "Inner", "Startup Cost": 5.59, "Total Cost": 2724.78, "Plan Rows": 1, "Plan Width": 40, "Actual Startup Time": 5.83, "Actual Total Time": 139.523, "Actual Rows": 38, "Actual Loops": 1, "Inner Unique": false, "Join Filter": "(t.id = ml.movie_id)", "Rows Removed by Join Filter": 0, "Plans": [{"Node Type": "Nested Loop", "Parent Relationship": "Outer", "Join Type": "Inner", "Startup Cost": 5.3, "Total Cost": 2720.37, "Plan Rows": 1, "Plan Width": 48, "Actual Startup Time": 5.81, "Actual Total Time": 139.475, "Actual Rows": 2, "Actual Loops": 1, "Inner Unique": true, "Join Filter": "(mc.company_type_id = ct.id)", "Rows Removed by Join Filter": 0, "Plans": [{"Node Type": "Nested Loop", "Parent Relationship": "Outer", "Join Type": "Inner", "Startup Cost": 5.3, "Total Cost": 2719.32, "Plan Rows": 1, "Plan Width": 52, "Actual Startup Time": 5.795, "Actual Total Time": 139.457, "Actual Rows": 2, "Actual Loops": 1, "Inner Unique": true, "Plans": [{"Node Type": "Nested Loop", "Parent Relationship": "Outer", "Join Type": "Inner", "Startup Cost": 5.05, "Total Cost": 2715.03, "Plan Rows": 1, "Plan Width": 37, "Actual Startup Time": 5.772, "Actual Total Time": 139.409, "Actual Rows": 3, "Actual Loops": 1, "Inner Unique": false, "Join Filter": "(t.id = mc.movie_id)", "Rows Removed by Join Filter": 0, "Plans": [{"Node Type": "Nested Loop", "Parent Relationship": "Outer", "Join Type": "Inner", "Startup Cost": 4.77, "Total Cost": 2710.71, "Plan Rows": 1, "Plan Width": 25, "Actual Startup Time": 5.729, "Actual Total Time": 139.363, "Actual Rows": 1, "Actual Loops": 1, "Inner Unique": true, "Plans": [{"Node Type": "Nested Loop", "Parent Relationship": "Outer", "Join Type": "Inner", "Startup Cost": 4.51, "Total Cost": 2569.02, "Plan Rows": 33, "Plan Width": 4, "Actual Startup Time": 5.307, "Actual Total Time": 62.033, "Actual Rows": 10544, "Actual Loops": 1, "Inner Unique": false, "Plans": [{"Node Type": "Seq Scan", "Parent Relationship": "Outer", "Relation Name": "keyword", "Alias": "k", "Startup Cost": 0.0, "Total Cost": 2436.11, "Plan Rows": 1, "Plan Width": 4, "Actual Startup Time": 2.376, "Actual Total Time": 41.622, "Actual Rows": 1, "Actual Loops": 1, "Filter": "((keyword)::text = 'sequel'::text)", "Rows Removed by Filter": 134168}, {"Node Type": "Bitmap Heap Scan", "Parent Relationship": "Inner", "Relation Name": "movie_keyword", "Alias": "mk", "Startup Cost": 4.51, "Total Cost": 132.58, "Plan Rows": 33, "Plan Width": 8, "Actual Startup Time": 2.922, "Actual Total Time": 18.246, "Actual Rows": 10544, "Actual Loops": 1, "Recheck Cond": "(keyword_id = k.id)", "Rows Removed by Index Recheck": 0, "Exact Heap Blocks": 5090, "Lossy Heap Blocks": 5090, "Plans": [{"Node Type": "Bitmap Index Scan", "Parent Relationship": "Outer", "Index Name": "keyword_id_movie_keyword", "Startup Cost": 0.0, "Total Cost": 4.5, "Plan Rows": 33, "Plan Width": 0, "Actual Startup Time": 1.992, "Actual Total Time": 1.992, "Actual Rows": 10544, "Actual Loops": 1, "Index Cond": "(keyword_id = k.id)"}]}]}, {"Node Type": "Bitmap Heap Scan", "Parent Relationship": "Inner", "Relation Name": "title", "Alias": "t", "Startup Cost": 0.27, "Total Cost": 4.28, "Plan Rows": 1, "Plan Width": 21, "Actual Startup Time": 65.637, "Actual Total Time": 65.637, "Actual Rows": 1, "Actual Loops": 10544, "Recheck Cond": "(id = mk.movie_id)", "Rows Removed by Index Recheck": 0, "Filter": "(((title)::text ~~ '%Money%'::text) AND (production_year = 1998))", "Rows Removed by Filter": 10543, "Exact Heap Blocks": 10544, "Lossy Heap Blocks": 10544, "Plans": [{"Node Type": "Bitmap Index Scan", "Parent Relationship": "Outer", "Index Name": "title_pkey", "Startup Cost": 0.0, "Total Cost": 0.27, "Plan Rows": 1, "Plan Width": 0, "Actual Startup Time": 31.501, "Actual Total Time": 31.501, "Actual Rows": 10544, "Actual Loops": 10544, "Index Cond": "(id = mk.movie_id)"}]}]}, {"Node Type": "Bitmap Heap Scan", "Parent Relationship": "Inner", "Relation Name": "movie_companies", "Alias": "mc", "Startup Cost": 0.27, "Total Cost": 4.3, "Plan Rows": 2, "Plan Width": 12, "Actual Startup Time": 0.035, "Actual Total Time": 0.036, "Actual Rows": 3, "Actual Loops": 1, "Recheck Cond": "(movie_id = mk.movie_id)", "Rows Removed by Index Recheck": 0, "Filter": "(note IS NULL)", "Rows Removed by Filter": 1, "Exact Heap Blocks": 2, "Lossy Heap Blocks": 2, "Plans": [{"Node Type": "Bitmap Index Scan", "Parent Relationship": "Outer", "Index Name": "movie_id_movie_companies", "Startup Cost": 0.0, "Total Cost": 0.27, "Plan Rows": 2, "Plan Width": 0, "Actual Startup Time": 0.011, "Actual Total Time": 0.011, "Actual Rows": 4, "Actual Loops": 1, "Index Cond": "(movie_id = mk.movie_id)"}]}]}, {"Node Type": "Bitmap Heap Scan", "Parent Relationship": "Inner", "Relation Name": "company_name", "Alias": "cn", "Startup Cost": 0.26, "Total Cost": 4.28, "Plan Rows": 1, "Plan Width": 23, "Actual Startup Time": 0.042, "Actual Total Time": 0.042, "Actual Rows": 2, "Actual Loops": 3, "Recheck Cond": "(id = mc.company_id)", "Rows Removed by Index Recheck": 0, "Filter": "(((country_code)::text <> '[pl]'::text) AND (((name)::text ~~ '%Film%'::text) OR ((name)::text ~~ '%Warner%'::text)))", "Rows Removed by Filter": 1, "Exact Heap Blocks": 3, "Lossy Heap Blocks": 3, "Plans": [{"Node Type": "Bitmap Index Scan", "Parent Relationship": "Outer", "Index Name": "company_name_pkey", "Startup Cost": 0.0, "Total Cost": 0.26, "Plan Rows": 1, "Plan Width": 0, "Actual Startup Time": 0.021, "Actual Total Time": 0.021, "Actual Rows": 3, "Actual Loops": 3, "Index Cond": "(id = mc.company_id)"}]}]}, {"Node Type": "Seq Scan", "Parent Relationship": "Inner", "Relation Name": "company_type", "Alias": "ct", "Startup Cost": 0.0, "Total Cost": 1.04, "Plan Rows": 1, "Plan Width": 4, "Actual Startup Time": 0.012, "Actual Total Time": 0.012, "Actual Rows": 2, "Actual Loops": 2, "Filter": "((kind)::text = 'production companies'::text)", "Rows Removed by Filter": 0}]}, {"Node Type": "Bitmap Heap Scan", "Parent Relationship": "Inner", "Relation Name": "movie_link", "Alias": "ml", "Startup Cost": 0.29, "Total Cost": 4.35, "Plan Rows": 5, "Plan Width": 8, "Actual Startup Time": 0.024, "Actual Total Time": 0.031, "Actual Rows": 38, "Actual Loops": 2, "Recheck Cond": "(movie_id = mk.movie_id)", "Rows Removed by Index Recheck": 0, "Exact Heap Blocks": 2, "Lossy Heap Blocks": 2, "Plans": [{"Node Type": "Bitmap Index Scan", "Parent Relationship": "Outer", "Index Name": "movie_id_movie_link", "Startup Cost": 0.0, "Total Cost": 0.29, "Plan Rows": 5, "Plan Width": 0, "Actual Startup Time": 0.012, "Actual Total Time": 0.012, "Actual Rows": 38, "Actual Loops": 2, "Index Cond": "(movie_id = mk.movie_id)"}]}]}, {"Node Type": "Seq Scan", "Parent Relationship": "Inner", "Relation Name": "link_type", "Alias": "lt", "Startup Cost": 0.0, "Total Cost": 1.21, "Plan Rows": 1, "Plan Width": 16, "Actual Startup Time": 0.292, "Actual Total Time": 0.292, "Actual Rows": 0, "Actual Loops": 38, "Filter": "((link)::text ~~ '%follows%'::text)", "Rows Removed by Filter": 646}]}]}, "Triggers": [], "Planner Runtime": 80.894, "Total Runtime": 140.522, "Unique SQL Id": 4121279504}}, "(64, 119)": {"explain_plan": {"Plan": {"Node Type": "Aggregate", "Strategy": "Plain", "Startup Cost": 3451.4, "Total Cost": 3451.41, "Plan Rows": 1, "Plan Width": 144, "Plans": [{"Node Type": "Nested Loop", "Parent Relationship": "Outer", "Join Type": "Inner", "Startup Cost": 725.2, "Total Cost": 3451.4, "Plan Rows": 1, "Plan Width": 48, "Inner Unique": true, "Plans": [{"Node Type": "Nested Loop", "Parent Relationship": "Outer", "Join Type": "Inner", "Startup Cost": 724.95, "Total Cost": 3447.11, "Plan Rows": 1, "Plan Width": 40, "Inner Unique": false, "Join Filter": "(t.id = ml.movie_id)", "Plans": [{"Node Type": "Nested Loop", "Parent Relationship": "Outer", "Join Type": "Inner", "Startup Cost": 724.66, "Total Cost": 3442.7, "Plan Rows": 1, "Plan Width": 48, "Inner Unique": true, "Plans": [{"Node Type": "Nested Loop", "Parent Relationship": "Outer", "Join Type": "Inner", "Startup Cost": 724.4, "Total Cost": 3438.42, "Plan Rows": 1, "Plan Width": 52, "Inner Unique": true, "Plans": [{"Node Type": "Nested Loop", "Parent Relationship": "Outer", "Join Type": "Inner", "Startup Cost": 724.14, "Total Cost": 3434.13, "Plan Rows": 1, "Plan Width": 37, "Inner Unique": false, "Join Filter": "(t.id = mc.movie_id)", "Plans": [{"Node Type": "Nested Loop", "Parent Relationship": "Outer", "Join Type": "Inner", "Startup Cost": 723.87, "Total Cost": 3429.8, "Plan Rows": 1, "Plan Width": 25, "Inner Unique": true, "Plans": [{"Node Type": "Nested Loop", "Parent Relationship": "Outer", "Join Type": "Inner", "Startup Cost": 723.6, "Total Cost": 3288.12, "Plan Rows": 33, "Plan Width": 4, "Inner Unique": false, "Plans": [{"Node Type": "Bitmap Heap Scan", "Parent Relationship": "Outer", "Relation Name": "keyword", "Alias": "k", "Startup Cost": 719.1, "Total Cost": 3155.21, "Plan Rows": 1, "Plan Width": 4, "Filter": "((keyword)::text = 'sequel'::text)", "Plans": [{"Node Type": "Bitmap Index Scan", "Parent Relationship": "Outer", "Index Name": "keyword_pkey", "Startup Cost": 0.0, "Total Cost": 719.1, "Plan Rows": 134169, "Plan Width": 0}]}, {"Node Type": "Bitmap Heap Scan", "Parent Relationship": "Inner", "Relation Name": "movie_keyword", "Alias": "mk", "Startup Cost": 4.51, "Total Cost": 132.58, "Plan Rows": 33, "Plan Width": 8, "Recheck Cond": "(keyword_id = k.id)", "Plans": [{"Node Type": "Bitmap Index Scan", "Parent Relationship": "Outer", "Index Name": "keyword_id_movie_keyword", "Startup Cost": 0.0, "Total Cost": 4.5, "Plan Rows": 33, "Plan Width": 0, "Index Cond": "(keyword_id = k.id)"}]}]}, {"Node Type": "Bitmap Heap Scan", "Parent Relationship": "Inner", "Relation Name": "title", "Alias": "t", "Startup Cost": 0.27, "Total Cost": 4.28, "Plan Rows": 1, "Plan Width": 21, "Recheck Cond": "(id = mk.movie_id)", "Filter": "(((title)::text ~~ '%Money%'::text) AND (production_year = 1998))", "Plans": [{"Node Type": "Bitmap Index Scan", "Parent Relationship": "Outer", "Index Name": "title_pkey", "Startup Cost": 0.0, "Total Cost": 0.27, "Plan Rows": 1, "Plan Width": 0, "Index Cond": "(id = mk.movie_id)"}]}]}, {"Node Type": "Bitmap Heap Scan", "Parent Relationship": "Inner", "Relation Name": "movie_companies", "Alias": "mc", "Startup Cost": 0.27, "Total Cost": 4.3, "Plan Rows": 2, "Plan Width": 12, "Recheck Cond": "(movie_id = mk.movie_id)", "Filter": "(note IS NULL)", "Plans": [{"Node Type": "Bitmap Index Scan", "Parent Relationship": "Outer", "Index Name": "movie_id_movie_companies", "Startup Cost": 0.0, "Total Cost": 0.27, "Plan Rows": 2, "Plan Width": 0, "Index Cond": "(movie_id = mk.movie_id)"}]}]}, {"Node Type": "Bitmap Heap Scan", "Parent Relationship": "Inner", "Relation Name": "company_name", "Alias": "cn", "Startup Cost": 0.26, "Total Cost": 4.28, "Plan Rows": 1, "Plan Width": 23, "Recheck Cond": "(id = mc.company_id)", "Filter": "(((country_code)::text <> '[pl]'::text) AND (((name)::text ~~ '%Film%'::text) OR ((name)::text ~~ '%Warner%'::text)))", "Plans": [{"Node Type": "Bitmap Index Scan", "Parent Relationship": "Outer", "Index Name": "company_name_pkey", "Startup Cost": 0.0, "Total Cost": 0.26, "Plan Rows": 1, "Plan Width": 0, "Index Cond": "(id = mc.company_id)"}]}]}, {"Node Type": "Bitmap Heap Scan", "Parent Relationship": "Inner", "Relation Name": "company_type", "Alias": "ct", "Startup Cost": 0.26, "Total Cost": 4.27, "Plan Rows": 1, "Plan Width": 4, "Recheck Cond": "(id = mc.company_type_id)", "Filter": "((kind)::text = 'production companies'::text)", "Plans": [{"Node Type": "Bitmap Index Scan", "Parent Relationship": "Outer", "Index Name": "company_type_pkey", "Startup Cost": 0.0, "Total Cost": 0.26, "Plan Rows": 1, "Plan Width": 0, "Index Cond": "(id = mc.company_type_id)"}]}]}, {"Node Type": "Bitmap Heap Scan", "Parent Relationship": "Inner", "Relation Name": "movie_link", "Alias": "ml", "Startup Cost": 0.29, "Total Cost": 4.35, "Plan Rows": 5, "Plan Width": 8, "Recheck Cond": "(movie_id = mk.movie_id)", "Plans": [{"Node Type": "Bitmap Index Scan", "Parent Relationship": "Outer", "Index Name": "movie_id_movie_link", "Startup Cost": 0.0, "Total Cost": 0.29, "Plan Rows": 5, "Plan Width": 0, "Index Cond": "(movie_id = mk.movie_id)"}]}]}, {"Node Type": "Bitmap Heap Scan", "Parent Relationship": "Inner", "Relation Name": "link_type", "Alias": "lt", "Startup Cost": 0.26, "Total Cost": 4.27, "Plan Rows": 1, "Plan Width": 16, "Recheck Cond": "(id = ml.link_type_id)", "Filter": "((link)::text ~~ '%follows%'::text)", "Plans": [{"Node Type": "Bitmap Index Scan", "Parent Relationship": "Outer", "Index Name": "link_type_pkey", "Startup Cost": 0.0, "Total Cost": 0.26, "Plan Rows": 1, "Plan Width": 0, "Index Cond": "(id = ml.link_type_id)"}]}]}]}, "Unique SQL Id": 4121279504}, "explain_analyze_plan": {"Plan": {"Node Type": "Aggregate", "Strategy": "Plain", "Startup Cost": 3451.4, "Total Cost": 3451.41, "Plan Rows": 1, "Plan Width": 144, "Actual Startup Time": 161.722, "Actual Total Time": 161.723, "Actual Rows": 1, "Actual Loops": 1, "Plans": [{"Node Type": "Nested Loop", "Parent Relationship": "Outer", "Join Type": "Inner", "Startup Cost": 725.2, "Total Cost": 3451.4, "Plan Rows": 1, "Plan Width": 48, "Actual Startup Time": 161.712, "Actual Total Time": 161.712, "Actual Rows": 0, "Actual Loops": 1, "Inner Unique": true, "Plans": [{"Node Type": "Nested Loop", "Parent Relationship": "Outer", "Join Type": "Inner", "Startup Cost": 724.95, "Total Cost": 3447.11, "Plan Rows": 1, "Plan Width": 40, "Actual Startup Time": 19.997, "Actual Total Time": 161.571, "Actual Rows": 38, "Actual Loops": 1, "Inner Unique": false, "Join Filter": "(t.id = ml.movie_id)", "Rows Removed by Join Filter": 0, "Plans": [{"Node Type": "Nested Loop", "Parent Relationship": "Outer", "Join Type": "Inner", "Startup Cost": 724.66, "Total Cost": 3442.7, "Plan Rows": 1, "Plan Width": 48, "Actual Startup Time": 19.97, "Actual Total Time": 161.514, "Actual Rows": 2, "Actual Loops": 1, "Inner Unique": true, "Plans": [{"Node Type": "Nested Loop", "Parent Relationship": "Outer", "Join Type": "Inner", "Startup Cost": 724.4, "Total Cost": 3438.42, "Plan Rows": 1, "Plan Width": 52, "Actual Startup Time": 19.958, "Actual Total Time": 161.497, "Actual Rows": 2, "Actual Loops": 1, "Inner Unique": true, "Plans": [{"Node Type": "Nested Loop", "Parent Relationship": "Outer", "Join Type": "Inner", "Startup Cost": 724.14, "Total Cost": 3434.13, "Plan Rows": 1, "Plan Width": 37, "Actual Startup Time": 19.933, "Actual Total Time": 161.449, "Actual Rows": 3, "Actual Loops": 1, "Inner Unique": false, "Join Filter": "(t.id = mc.movie_id)", "Rows Removed by Join Filter": 0, "Plans": [{"Node Type": "Nested Loop", "Parent Relationship": "Outer", "Join Type": "Inner", "Startup Cost": 723.87, "Total Cost": 3429.8, "Plan Rows": 1, "Plan Width": 25, "Actual Startup Time": 19.903, "Actual Total Time": 161.415, "Actual Rows": 1, "Actual Loops": 1, "Inner Unique": true, "Plans": [{"Node Type": "Nested Loop", "Parent Relationship": "Outer", "Join Type": "Inner", "Startup Cost": 723.6, "Total Cost": 3288.12, "Plan Rows": 33, "Plan Width": 4, "Actual Startup Time": 19.48, "Actual Total Time": 84.809, "Actual Rows": 10544, "Actual Loops": 1, "Inner Unique": false, "Plans": [{"Node Type": "Bitmap Heap Scan", "Parent Relationship": "Outer", "Relation Name": "keyword", "Alias": "k", "Startup Cost": 719.1, "Total Cost": 3155.21, "Plan Rows": 1, "Plan Width": 4, "Actual Startup Time": 16.533, "Actual Total Time": 64.286, "Actual Rows": 1, "Actual Loops": 1, "Filter": "((keyword)::text = 'sequel'::text)", "Rows Removed by Filter": 134168, "Exact Heap Blocks": 759, "Lossy Heap Blocks": 759, "Plans": [{"Node Type": "Bitmap Index Scan", "Parent Relationship": "Outer", "Index Name": "keyword_pkey", "Startup Cost": 0.0, "Total Cost": 719.1, "Plan Rows": 134169, "Plan Width": 0, "Actual Startup Time": 13.54, "Actual Total Time": 13.54, "Actual Rows": 134169, "Actual Loops": 1}]}, {"Node Type": "Bitmap Heap Scan", "Parent Relationship": "Inner", "Relation Name": "movie_keyword", "Alias": "mk", "Startup Cost": 4.51, "Total Cost": 132.58, "Plan Rows": 33, "Plan Width": 8, "Actual Startup Time": 2.933, "Actual Total Time": 18.397, "Actual Rows": 10544, "Actual Loops": 1, "Recheck Cond": "(keyword_id = k.id)", "Rows Removed by Index Recheck": 0, "Exact Heap Blocks": 5090, "Lossy Heap Blocks": 5090, "Plans": [{"Node Type": "Bitmap Index Scan", "Parent Relationship": "Outer", "Index Name": "keyword_id_movie_keyword", "Startup Cost": 0.0, "Total Cost": 4.5, "Plan Rows": 33, "Plan Width": 0, "Actual Startup Time": 2.017, "Actual Total Time": 2.017, "Actual Rows": 10544, "Actual Loops": 1, "Index Cond": "(keyword_id = k.id)"}]}]}, {"Node Type": "Bitmap Heap Scan", "Parent Relationship": "Inner", "Relation Name": "title", "Alias": "t", "Startup Cost": 0.27, "Total Cost": 4.28, "Plan Rows": 1, "Plan Width": 21, "Actual Startup Time": 64.824, "Actual Total Time": 64.824, "Actual Rows": 1, "Actual Loops": 10544, "Recheck Cond": "(id = mk.movie_id)", "Rows Removed by Index Recheck": 0, "Filter": "(((title)::text ~~ '%Money%'::text) AND (production_year = 1998))", "Rows Removed by Filter": 10543, "Exact Heap Blocks": 10544, "Lossy Heap Blocks": 10544, "Plans": [{"Node Type": "Bitmap Index Scan", "Parent Relationship": "Outer", "Index Name": "title_pkey", "Startup Cost": 0.0, "Total Cost": 0.27, "Plan Rows": 1, "Plan Width": 0, "Actual Startup Time": 31.063, "Actual Total Time": 31.063, "Actual Rows": 10544, "Actual Loops": 10544, "Index Cond": "(id = mk.movie_id)"}]}]}, {"Node Type": "Bitmap Heap Scan", "Parent Relationship": "Inner", "Relation Name": "movie_companies", "Alias": "mc", "Startup Cost": 0.27, "Total Cost": 4.3, "Plan Rows": 2, "Plan Width": 12, "Actual Startup Time": 0.024, "Actual Total Time": 0.025, "Actual Rows": 3, "Actual Loops": 1, "Recheck Cond": "(movie_id = mk.movie_id)", "Rows Removed by Index Recheck": 0, "Filter": "(note IS NULL)", "Rows Removed by Filter": 1, "Exact Heap Blocks": 2, "Lossy Heap Blocks": 2, "Plans": [{"Node Type": "Bitmap Index Scan", "Parent Relationship": "Outer", "Index Name": "movie_id_movie_companies", "Startup Cost": 0.0, "Total Cost": 0.27, "Plan Rows": 2, "Plan Width": 0, "Actual Startup Time": 0.012, "Actual Total Time": 0.012, "Actual Rows": 4, "Actual Loops": 1, "Index Cond": "(movie_id = mk.movie_id)"}]}]}, {"Node Type": "Bitmap Heap Scan", "Parent Relationship": "Inner", "Relation Name": "company_name", "Alias": "cn", "Startup Cost": 0.26, "Total Cost": 4.28, "Plan Rows": 1, "Plan Width": 23, "Actual Startup Time": 0.041, "Actual Total Time": 0.041, "Actual Rows": 2, "Actual Loops": 3, "Recheck Cond": "(id = mc.company_id)", "Rows Removed by Index Recheck": 0, "Filter": "(((country_code)::text <> '[pl]'::text) AND (((name)::text ~~ '%Film%'::text) OR ((name)::text ~~ '%Warner%'::text)))", "Rows Removed by Filter": 1, "Exact Heap Blocks": 3, "Lossy Heap Blocks": 3, "Plans": [{"Node Type": "Bitmap Index Scan", "Parent Relationship": "Outer", "Index Name": "company_name_pkey", "Startup Cost": 0.0, "Total Cost": 0.26, "Plan Rows": 1, "Plan Width": 0, "Actual Startup Time": 0.02, "Actual Total Time": 0.02, "Actual Rows": 3, "Actual Loops": 3, "Index Cond": "(id = mc.company_id)"}]}]}, {"Node Type": "Bitmap Heap Scan", "Parent Relationship": "Inner", "Relation Name": "company_type", "Alias": "ct", "Startup Cost": 0.26, "Total Cost": 4.27, "Plan Rows": 1, "Plan Width": 4, "Actual Startup Time": 0.013, "Actual Total Time": 0.013, "Actual Rows": 2, "Actual Loops": 2, "Recheck Cond": "(id = mc.company_type_id)", "Rows Removed by Index Recheck": 0, "Filter": "((kind)::text = 'production companies'::text)", "Rows Removed by Filter": 0, "Exact Heap Blocks": 2, "Lossy Heap Blocks": 2, "Plans": [{"Node Type": "Bitmap Index Scan", "Parent Relationship": "Outer", "Index Name": "company_type_pkey", "Startup Cost": 0.0, "Total Cost": 0.26, "Plan Rows": 1, "Plan Width": 0, "Actual Startup Time": 0.004, "Actual Total Time": 0.004, "Actual Rows": 2, "Actual Loops": 2, "Index Cond": "(id = mc.company_type_id)"}]}]}, {"Node Type": "Bitmap Heap Scan", "Parent Relationship": "Inner", "Relation Name": "movie_link", "Alias": "ml", "Startup Cost": 0.29, "Total Cost": 4.35, "Plan Rows": 5, "Plan Width": 8, "Actual Startup Time": 0.025, "Actual Total Time": 0.028, "Actual Rows": 38, "Actual Loops": 2, "Recheck Cond": "(movie_id = mk.movie_id)", "Rows Removed by Index Recheck": 0, "Exact Heap Blocks": 2, "Lossy Heap Blocks": 2, "Plans": [{"Node Type": "Bitmap Index Scan", "Parent Relationship": "Outer", "Index Name": "movie_id_movie_link", "Startup Cost": 0.0, "Total Cost": 0.29, "Plan Rows": 5, "Plan Width": 0, "Actual Startup Time": 0.013, "Actual Total Time": 0.013, "Actual Rows": 38, "Actual Loops": 2, "Index Cond": "(movie_id = mk.movie_id)"}]}]}, {"Node Type": "Bitmap Heap Scan", "Parent Relationship": "Inner", "Relation Name": "link_type", "Alias": "lt", "Startup Cost": 0.26, "Total Cost": 4.27, "Plan Rows": 1, "Plan Width": 16, "Actual Startup Time": 0.097, "Actual Total Time": 0.097, "Actual Rows": 0, "Actual Loops": 38, "Recheck Cond": "(id = ml.link_type_id)", "Rows Removed by Index Recheck": 0, "Filter": "((link)::text ~~ '%follows%'::text)", "Rows Removed by Filter": 24, "Exact Heap Blocks": 24, "Lossy Heap Blocks": 24, "Plans": [{"Node Type": "Bitmap Index Scan", "Parent Relationship": "Outer", "Index Name": "link_type_pkey", "Startup Cost": 0.0, "Total Cost": 0.26, "Plan Rows": 1, "Plan Width": 0, "Actual Startup Time": 0.039, "Actual Total Time": 0.039, "Actual Rows": 24, "Actual Loops": 38, "Index Cond": "(id = ml.link_type_id)"}]}]}]}, "Triggers": [], "Planner Runtime": 60.458, "Total Runtime": 162.221, "Unique SQL Id": 4121279504}}, "(64, 120)": {"explain_plan": {"Plan": {"Node Type": "Aggregate", "Strategy": "Plain", "Startup Cost": 2585.63, "Total Cost": 2585.64, "Plan Rows": 1, "Plan Width": 144, "Plans": [{"Node Type": "Nested Loop", "Parent Relationship": "Outer", "Join Type": "Inner", "Startup Cost": 0.0, "Total Cost": 2585.62, "Plan Rows": 1, "Plan Width": 48, "Inner Unique": true, "Plans": [{"Node Type": "Nested Loop", "Parent Relationship": "Outer", "Join Type": "Inner", "Startup Cost": 0.0, "Total Cost": 2585.34, "Plan Rows": 1, "Plan Width": 40, "Inner Unique": false, "Join Filter": "(t.id = ml.movie_id)", "Plans": [{"Node Type": "Nested Loop", "Parent Relationship": "Outer", "Join Type": "Inner", "Startup Cost": 0.0, "Total Cost": 2584.93, "Plan Rows": 1, "Plan Width": 48, "Inner Unique": true, "Plans": [{"Node Type": "Nested Loop", "Parent Relationship": "Outer", "Join Type": "Inner", "Startup Cost": 0.0, "Total Cost": 2584.64, "Plan Rows": 1, "Plan Width": 52, "Inner Unique": true, "Plans": [{"Node Type": "Nested Loop", "Parent Relationship": "Outer", "Join Type": "Inner", "Startup Cost": 0.0, "Total Cost": 2584.35, "Plan Rows": 1, "Plan Width": 37, "Inner Unique": false, "Join Filter": "(t.id = mc.movie_id)", "Plans": [{"Node Type": "Nested Loop", "Parent Relationship": "Outer", "Join Type": "Inner", "Startup Cost": 0.0, "Total Cost": 2584.01, "Plan Rows": 1, "Plan Width": 25, "Inner Unique": true, "Plans": [{"Node Type": "Nested Loop", "Parent Relationship": "Outer", "Join Type": "Inner", "Startup Cost": 0.0, "Total Cost": 2573.32, "Plan Rows": 33, "Plan Width": 4, "Inner Unique": false, "Plans": [{"Node Type": "Seq Scan", "Parent Relationship": "Outer", "Relation Name": "keyword", "Alias": "k", "Startup Cost": 0.0, "Total Cost": 2436.11, "Plan Rows": 1, "Plan Width": 4, "Filter": "((keyword)::text = 'sequel'::text)"}, {"Node Type": "Index Scan", "Parent Relationship": "Inner", "Scan Direction": "Forward", "Index Name": "keyword_id_movie_keyword", "Relation Name": "movie_keyword", "Alias": "mk", "Startup Cost": 0.0, "Total Cost": 136.88, "Plan Rows": 33, "Plan Width": 8, "Index Cond": "(keyword_id = k.id)"}]}, {"Node Type": "Index Scan", "Parent Relationship": "Inner", "Scan Direction": "Forward", "Index Name": "title_pkey", "Relation Name": "title", "Alias": "t", "Startup Cost": 0.0, "Total Cost": 0.31, "Plan Rows": 1, "Plan Width": 21, "Index Cond": "(id = mk.movie_id)", "Filter": "(((title)::text ~~ '%Money%'::text) AND (production_year = 1998))"}]}, {"Node Type": "Index Scan", "Parent Relationship": "Inner", "Scan Direction": "Forward", "Index Name": "movie_id_movie_companies", "Relation Name": "movie_companies", "Alias": "mc", "Startup Cost": 0.0, "Total Cost": 0.31, "Plan Rows": 2, "Plan Width": 12, "Index Cond": "(movie_id = mk.movie_id)", "Filter": "(note IS NULL)"}]}, {"Node Type": "Index Scan", "Parent Relationship": "Inner", "Scan Direction": "Forward", "Index Name": "company_name_pkey", "Relation Name": "company_name", "Alias": "cn", "Startup Cost": 0.0, "Total Cost": 0.29, "Plan Rows": 1, "Plan Width": 23, "Index Cond": "(id = mc.company_id)", "Filter": "(((country_code)::text <> '[pl]'::text) AND (((name)::text ~~ '%Film%'::text) OR ((name)::text ~~ '%Warner%'::text)))"}]}, {"Node Type": "Index Scan", "Parent Relationship": "Inner", "Scan Direction": "Forward", "Index Name": "company_type_pkey", "Relation Name": "company_type", "Alias": "ct", "Startup Cost": 0.0, "Total Cost": 0.27, "Plan Rows": 1, "Plan Width": 4, "Index Cond": "(id = mc.company_type_id)", "Filter": "((kind)::text = 'production companies'::text)"}]}, {"Node Type": "Index Scan", "Parent Relationship": "Inner", "Scan Direction": "Forward", "Index Name": "movie_id_movie_link", "Relation Name": "movie_link", "Alias": "ml", "Startup Cost": 0.0, "Total Cost": 0.35, "Plan Rows": 5, "Plan Width": 8, "Index Cond": "(movie_id = mk.movie_id)"}]}, {"Node Type": "Index Scan", "Parent Relationship": "Inner", "Scan Direction": "Forward", "Index Name": "link_type_pkey", "Relation Name": "link_type", "Alias": "lt", "Startup Cost": 0.0, "Total Cost": 0.27, "Plan Rows": 1, "Plan Width": 16, "Index Cond": "(id = ml.link_type_id)", "Filter": "((link)::text ~~ '%follows%'::text)"}]}]}, "Unique SQL Id": 4121279504}, "explain_analyze_plan": {"Plan": {"Node Type": "Aggregate", "Strategy": "Plain", "Startup Cost": 2585.63, "Total Cost": 2585.64, "Plan Rows": 1, "Plan Width": 144, "Actual Startup Time": 120.206, "Actual Total Time": 120.207, "Actual Rows": 1, "Actual Loops": 1, "Plans": [{"Node Type": "Nested Loop", "Parent Relationship": "Outer", "Join Type": "Inner", "Startup Cost": 0.0, "Total Cost": 2585.62, "Plan Rows": 1, "Plan Width": 48, "Actual Startup Time": 120.199, "Actual Total Time": 120.199, "Actual Rows": 0, "Actual Loops": 1, "Inner Unique": true, "Plans": [{"Node Type": "Nested Loop", "Parent Relationship": "Outer", "Join Type": "Inner", "Startup Cost": 0.0, "Total Cost": 2585.34, "Plan Rows": 1, "Plan Width": 40, "Actual Startup Time": 2.804, "Actual Total Time": 120.112, "Actual Rows": 38, "Actual Loops": 1, "Inner Unique": false, "Join Filter": "(t.id = ml.movie_id)", "Rows Removed by Join Filter": 0, "Plans": [{"Node Type": "Nested Loop", "Parent Relationship": "Outer", "Join Type": "Inner", "Startup Cost": 0.0, "Total Cost": 2584.93, "Plan Rows": 1, "Plan Width": 48, "Actual Startup Time": 2.79, "Actual Total Time": 120.066, "Actual Rows": 2, "Actual Loops": 1, "Inner Unique": true, "Plans": [{"Node Type": "Nested Loop", "Parent Relationship": "Outer", "Join Type": "Inner", "Startup Cost": 0.0, "Total Cost": 2584.64, "Plan Rows": 1, "Plan Width": 52, "Actual Startup Time": 2.781, "Actual Total Time": 120.052, "Actual Rows": 2, "Actual Loops": 1, "Inner Unique": true, "Plans": [{"Node Type": "Nested Loop", "Parent Relationship": "Outer", "Join Type": "Inner", "Startup Cost": 0.0, "Total Cost": 2584.35, "Plan Rows": 1, "Plan Width": 37, "Actual Startup Time": 2.759, "Actual Total Time": 120.009, "Actual Rows": 3, "Actual Loops": 1, "Inner Unique": false, "Join Filter": "(t.id = mc.movie_id)", "Rows Removed by Join Filter": 0, "Plans": [{"Node Type": "Nested Loop", "Parent Relationship": "Outer", "Join Type": "Inner", "Startup Cost": 0.0, "Total Cost": 2584.01, "Plan Rows": 1, "Plan Width": 25, "Actual Startup Time": 2.739, "Actual Total Time": 119.985, "Actual Rows": 1, "Actual Loops": 1, "Inner Unique": true, "Plans": [{"Node Type": "Nested Loop", "Parent Relationship": "Outer", "Join Type": "Inner", "Startup Cost": 0.0, "Total Cost": 2573.32, "Plan Rows": 33, "Plan Width": 4, "Actual Startup Time": 2.392, "Actual Total Time": 59.078, "Actual Rows": 10544, "Actual Loops": 1, "Inner Unique": false, "Plans": [{"Node Type": "Seq Scan", "Parent Relationship": "Outer", "Relation Name": "keyword", "Alias": "k", "Startup Cost": 0.0, "Total Cost": 2436.11, "Plan Rows": 1, "Plan Width": 4, "Actual Startup Time": 2.347, "Actual Total Time": 41.646, "Actual Rows": 1, "Actual Loops": 1, "Filter": "((keyword)::text = 'sequel'::text)", "Rows Removed by Filter": 134168}, {"Node Type": "Index Scan", "Parent Relationship": "Inner", "Scan Direction": "Forward", "Index Name": "keyword_id_movie_keyword", "Relation Name": "movie_keyword", "Alias": "mk", "Startup Cost": 0.0, "Total Cost": 136.88, "Plan Rows": 33, "Plan Width": 8, "Actual Startup Time": 0.038, "Actual Total Time": 15.158, "Actual Rows": 10544, "Actual Loops": 1, "Index Cond": "(keyword_id = k.id)", "Rows Removed by Index Recheck": 0}]}, {"Node Type": "Index Scan", "Parent Relationship": "Inner", "Scan Direction": "Forward", "Index Name": "title_pkey", "Relation Name": "title", "Alias": "t", "Startup Cost": 0.0, "Total Cost": 0.31, "Plan Rows": 1, "Plan Width": 21, "Actual Startup Time": 55.67, "Actual Total Time": 55.67, "Actual Rows": 1, "Actual Loops": 10544, "Index Cond": "(id = mk.movie_id)", "Rows Removed by Index Recheck": 0, "Filter": "(((title)::text ~~ '%Money%'::text) AND (production_year = 1998))", "Rows Removed by Filter": 10543}]}, {"Node Type": "Index Scan", "Parent Relationship": "Inner", "Scan Direction": "Forward", "Index Name": "movie_id_movie_companies", "Relation Name": "movie_companies", "Alias": "mc", "Startup Cost": 0.0, "Total Cost": 0.31, "Plan Rows": 2, "Plan Width": 12, "Actual Startup Time": 0.016, "Actual Total Time": 0.017, "Actual Rows": 3, "Actual Loops": 1, "Index Cond": "(movie_id = mk.movie_id)", "Rows Removed by Index Recheck": 0, "Filter": "(note IS NULL)", "Rows Removed by Filter": 1}]}, {"Node Type": "Index Scan", "Parent Relationship": "Inner", "Scan Direction": "Forward", "Index Name": "company_name_pkey", "Relation Name": "company_name", "Alias": "cn", "Startup Cost": 0.0, "Total Cost": 0.29, "Plan Rows": 1, "Plan Width": 23, "Actual Startup Time": 0.038, "Actual Total Time": 0.038, "Actual Rows": 2, "Actual Loops": 3, "Index Cond": "(id = mc.company_id)", "Rows Removed by Index Recheck": 0, "Filter": "(((country_code)::text <> '[pl]'::text) AND (((name)::text ~~ '%Film%'::text) OR ((name)::text ~~ '%Warner%'::text)))", "Rows Removed by Filter": 1}]}, {"Node Type": "Index Scan", "Parent Relationship": "Inner", "Scan Direction": "Forward", "Index Name": "company_type_pkey", "Relation Name": "company_type", "Alias": "ct", "Startup Cost": 0.0, "Total Cost": 0.27, "Plan Rows": 1, "Plan Width": 4, "Actual Startup Time": 0.01, "Actual Total Time": 0.01, "Actual Rows": 2, "Actual Loops": 2, "Index Cond": "(id = mc.company_type_id)", "Rows Removed by Index Recheck": 0, "Filter": "((kind)::text = 'production companies'::text)", "Rows Removed by Filter": 0}]}, {"Node Type": "Index Scan", "Parent Relationship": "Inner", "Scan Direction": "Forward", "Index Name": "movie_id_movie_link", "Relation Name": "movie_link", "Alias": "ml", "Startup Cost": 0.0, "Total Cost": 0.35, "Plan Rows": 5, "Plan Width": 8, "Actual Startup Time": 0.015, "Actual Total Time": 0.031, "Actual Rows": 38, "Actual Loops": 2, "Index Cond": "(movie_id = mk.movie_id)", "Rows Removed by Index Recheck": 0}]}, {"Node Type": "Index Scan", "Parent Relationship": "Inner", "Scan Direction": "Forward", "Index Name": "link_type_pkey", "Relation Name": "link_type", "Alias": "lt", "Startup Cost": 0.0, "Total Cost": 0.27, "Plan Rows": 1, "Plan Width": 16, "Actual Startup Time": 0.063, "Actual Total Time": 0.063, "Actual Rows": 0, "Actual Loops": 38, "Index Cond": "(id = ml.link_type_id)", "Rows Removed by Index Recheck": 0, "Filter": "((link)::text ~~ '%follows%'::text)", "Rows Removed by Filter": 24}]}]}, "Triggers": [], "Planner Runtime": 76.567, "Total Runtime": 120.592, "Unique SQL Id": 4121279504}}, "(64, 121)": {"explain_plan": {"Plan": {"Node Type": "Aggregate", "Strategy": "Plain", "Startup Cost": 3332.23, "Total Cost": 3332.24, "Plan Rows": 1, "Plan Width": 144, "Plans": [{"Node Type": "Nested Loop", "Parent Relationship": "Outer", "Join Type": "Inner", "Startup Cost": 0.0, "Total Cost": 3332.23, "Plan Rows": 1, "Plan Width": 48, "Inner Unique": true, "Plans": [{"Node Type": "Nested Loop", "Parent Relationship": "Outer", "Join Type": "Inner", "Startup Cost": 0.0, "Total Cost": 3331.94, "Plan Rows": 1, "Plan Width": 40, "Inner Unique": false, "Join Filter": "(t.id = ml.movie_id)", "Plans": [{"Node Type": "Nested Loop", "Parent Relationship": "Outer", "Join Type": "Inner", "Startup Cost": 0.0, "Total Cost": 3331.53, "Plan Rows": 1, "Plan Width": 48, "Inner Unique": true, "Plans": [{"Node Type": "Nested Loop", "Parent Relationship": "Outer", "Join Type": "Inner", "Startup Cost": 0.0, "Total Cost": 3331.25, "Plan Rows": 1, "Plan Width": 52, "Inner Unique": true, "Plans": [{"Node Type": "Nested Loop", "Parent Relationship": "Outer", "Join Type": "Inner", "Startup Cost": 0.0, "Total Cost": 3330.95, "Plan Rows": 1, "Plan Width": 37, "Inner Unique": false, "Join Filter": "(t.id = mc.movie_id)", "Plans": [{"Node Type": "Nested Loop", "Parent Relationship": "Outer", "Join Type": "Inner", "Startup Cost": 0.0, "Total Cost": 3330.61, "Plan Rows": 1, "Plan Width": 25, "Inner Unique": true, "Plans": [{"Node Type": "Nested Loop", "Parent Relationship": "Outer", "Join Type": "Inner", "Startup Cost": 0.0, "Total Cost": 3319.92, "Plan Rows": 33, "Plan Width": 4, "Inner Unique": false, "Plans": [{"Node Type": "Index Scan", "Parent Relationship": "Outer", "Scan Direction": "Forward", "Index Name": "keyword_pkey", "Relation Name": "keyword", "Alias": "k", "Startup Cost": 0.0, "Total Cost": 3182.72, "Plan Rows": 1, "Plan Width": 4, "Filter": "((keyword)::text = 'sequel'::text)"}, {"Node Type": "Index Scan", "Parent Relationship": "Inner", "Scan Direction": "Forward", "Index Name": "keyword_id_movie_keyword", "Relation Name": "movie_keyword", "Alias": "mk", "Startup Cost": 0.0, "Total Cost": 136.88, "Plan Rows": 33, "Plan Width": 8, "Index Cond": "(keyword_id = k.id)"}]}, {"Node Type": "Index Scan", "Parent Relationship": "Inner", "Scan Direction": "Forward", "Index Name": "title_pkey", "Relation Name": "title", "Alias": "t", "Startup Cost": 0.0, "Total Cost": 0.31, "Plan Rows": 1, "Plan Width": 21, "Index Cond": "(id = mk.movie_id)", "Filter": "(((title)::text ~~ '%Money%'::text) AND (production_year = 1998))"}]}, {"Node Type": "Index Scan", "Parent Relationship": "Inner", "Scan Direction": "Forward", "Index Name": "movie_id_movie_companies", "Relation Name": "movie_companies", "Alias": "mc", "Startup Cost": 0.0, "Total Cost": 0.31, "Plan Rows": 2, "Plan Width": 12, "Index Cond": "(movie_id = mk.movie_id)", "Filter": "(note IS NULL)"}]}, {"Node Type": "Index Scan", "Parent Relationship": "Inner", "Scan Direction": "Forward", "Index Name": "company_name_pkey", "Relation Name": "company_name", "Alias": "cn", "Startup Cost": 0.0, "Total Cost": 0.29, "Plan Rows": 1, "Plan Width": 23, "Index Cond": "(id = mc.company_id)", "Filter": "(((country_code)::text <> '[pl]'::text) AND (((name)::text ~~ '%Film%'::text) OR ((name)::text ~~ '%Warner%'::text)))"}]}, {"Node Type": "Index Scan", "Parent Relationship": "Inner", "Scan Direction": "Forward", "Index Name": "company_type_pkey", "Relation Name": "company_type", "Alias": "ct", "Startup Cost": 0.0, "Total Cost": 0.27, "Plan Rows": 1, "Plan Width": 4, "Index Cond": "(id = mc.company_type_id)", "Filter": "((kind)::text = 'production companies'::text)"}]}, {"Node Type": "Index Scan", "Parent Relationship": "Inner", "Scan Direction": "Forward", "Index Name": "movie_id_movie_link", "Relation Name": "movie_link", "Alias": "ml", "Startup Cost": 0.0, "Total Cost": 0.35, "Plan Rows": 5, "Plan Width": 8, "Index Cond": "(movie_id = mk.movie_id)"}]}, {"Node Type": "Index Scan", "Parent Relationship": "Inner", "Scan Direction": "Forward", "Index Name": "link_type_pkey", "Relation Name": "link_type", "Alias": "lt", "Startup Cost": 0.0, "Total Cost": 0.27, "Plan Rows": 1, "Plan Width": 16, "Index Cond": "(id = ml.link_type_id)", "Filter": "((link)::text ~~ '%follows%'::text)"}]}]}, "Unique SQL Id": 4121279504}, "explain_analyze_plan": {"Plan": {"Node Type": "Aggregate", "Strategy": "Plain", "Startup Cost": 3332.23, "Total Cost": 3332.24, "Plan Rows": 1, "Plan Width": 144, "Actual Startup Time": 195.478, "Actual Total Time": 195.479, "Actual Rows": 1, "Actual Loops": 1, "Plans": [{"Node Type": "Nested Loop", "Parent Relationship": "Outer", "Join Type": "Inner", "Startup Cost": 0.0, "Total Cost": 3332.23, "Plan Rows": 1, "Plan Width": 48, "Actual Startup Time": 195.466, "Actual Total Time": 195.466, "Actual Rows": 0, "Actual Loops": 1, "Inner Unique": true, "Plans": [{"Node Type": "Nested Loop", "Parent Relationship": "Outer", "Join Type": "Inner", "Startup Cost": 0.0, "Total Cost": 3331.94, "Plan Rows": 1, "Plan Width": 40, "Actual Startup Time": 1.022, "Actual Total Time": 195.379, "Actual Rows": 38, "Actual Loops": 1, "Inner Unique": false, "Join Filter": "(t.id = ml.movie_id)", "Rows Removed by Join Filter": 0, "Plans": [{"Node Type": "Nested Loop", "Parent Relationship": "Outer", "Join Type": "Inner", "Startup Cost": 0.0, "Total Cost": 3331.53, "Plan Rows": 1, "Plan Width": 48, "Actual Startup Time": 1.006, "Actual Total Time": 195.329, "Actual Rows": 2, "Actual Loops": 1, "Inner Unique": true, "Plans": [{"Node Type": "Nested Loop", "Parent Relationship": "Outer", "Join Type": "Inner", "Startup Cost": 0.0, "Total Cost": 3331.25, "Plan Rows": 1, "Plan Width": 52, "Actual Startup Time": 0.993, "Actual Total Time": 195.312, "Actual Rows": 2, "Actual Loops": 1, "Inner Unique": true, "Plans": [{"Node Type": "Nested Loop", "Parent Relationship": "Outer", "Join Type": "Inner", "Startup Cost": 0.0, "Total Cost": 3330.95, "Plan Rows": 1, "Plan Width": 37, "Actual Startup Time": 0.971, "Actual Total Time": 195.27, "Actual Rows": 3, "Actual Loops": 1, "Inner Unique": false, "Join Filter": "(t.id = mc.movie_id)", "Rows Removed by Join Filter": 0, "Plans": [{"Node Type": "Nested Loop", "Parent Relationship": "Outer", "Join Type": "Inner", "Startup Cost": 0.0, "Total Cost": 3330.61, "Plan Rows": 1, "Plan Width": 25, "Actual Startup Time": 0.949, "Actual Total Time": 195.245, "Actual Rows": 1, "Actual Loops": 1, "Inner Unique": true, "Plans": [{"Node Type": "Nested Loop", "Parent Relationship": "Outer", "Join Type": "Inner", "Startup Cost": 0.0, "Total Cost": 3319.92, "Plan Rows": 33, "Plan Width": 4, "Actual Startup Time": 0.597, "Actual Total Time": 133.24, "Actual Rows": 10544, "Actual Loops": 1, "Inner Unique": false, "Plans": [{"Node Type": "Index Scan", "Parent Relationship": "Outer", "Scan Direction": "Forward", "Index Name": "keyword_pkey", "Relation Name": "keyword", "Alias": "k", "Startup Cost": 0.0, "Total Cost": 3182.72, "Plan Rows": 1, "Plan Width": 4, "Actual Startup Time": 0.557, "Actual Total Time": 115.424, "Actual Rows": 1, "Actual Loops": 1, "Filter": "((keyword)::text = 'sequel'::text)", "Rows Removed by Filter": 134168}, {"Node Type": "Index Scan", "Parent Relationship": "Inner", "Scan Direction": "Forward", "Index Name": "keyword_id_movie_keyword", "Relation Name": "movie_keyword", "Alias": "mk", "Startup Cost": 0.0, "Total Cost": 136.88, "Plan Rows": 33, "Plan Width": 8, "Actual Startup Time": 0.033, "Actual Total Time": 15.557, "Actual Rows": 10544, "Actual Loops": 1, "Index Cond": "(keyword_id = k.id)", "Rows Removed by Index Recheck": 0}]}, {"Node Type": "Index Scan", "Parent Relationship": "Inner", "Scan Direction": "Forward", "Index Name": "title_pkey", "Relation Name": "title", "Alias": "t", "Startup Cost": 0.0, "Total Cost": 0.31, "Plan Rows": 1, "Plan Width": 21, "Actual Startup Time": 56.68, "Actual Total Time": 56.68, "Actual Rows": 1, "Actual Loops": 10544, "Index Cond": "(id = mk.movie_id)", "Rows Removed by Index Recheck": 0, "Filter": "(((title)::text ~~ '%Money%'::text) AND (production_year = 1998))", "Rows Removed by Filter": 10543}]}, {"Node Type": "Index Scan", "Parent Relationship": "Inner", "Scan Direction": "Forward", "Index Name": "movie_id_movie_companies", "Relation Name": "movie_companies", "Alias": "mc", "Startup Cost": 0.0, "Total Cost": 0.31, "Plan Rows": 2, "Plan Width": 12, "Actual Startup Time": 0.019, "Actual Total Time": 0.022, "Actual Rows": 3, "Actual Loops": 1, "Index Cond": "(movie_id = mk.movie_id)", "Rows Removed by Index Recheck": 0, "Filter": "(note IS NULL)", "Rows Removed by Filter": 1}]}, {"Node Type": "Index Scan", "Parent Relationship": "Inner", "Scan Direction": "Forward", "Index Name": "company_name_pkey", "Relation Name": "company_name", "Alias": "cn", "Startup Cost": 0.0, "Total Cost": 0.29, "Plan Rows": 1, "Plan Width": 23, "Actual Startup Time": 0.038, "Actual Total Time": 0.038, "Actual Rows": 2, "Actual Loops": 3, "Index Cond": "(id = mc.company_id)", "Rows Removed by Index Recheck": 0, "Filter": "(((country_code)::text <> '[pl]'::text) AND (((name)::text ~~ '%Film%'::text) OR ((name)::text ~~ '%Warner%'::text)))", "Rows Removed by Filter": 1}]}, {"Node Type": "Index Scan", "Parent Relationship": "Inner", "Scan Direction": "Forward", "Index Name": "company_type_pkey", "Relation Name": "company_type", "Alias": "ct", "Startup Cost": 0.0, "Total Cost": 0.27, "Plan Rows": 1, "Plan Width": 4, "Actual Startup Time": 0.013, "Actual Total Time": 0.013, "Actual Rows": 2, "Actual Loops": 2, "Index Cond": "(id = mc.company_type_id)", "Rows Removed by Index Recheck": 0, "Filter": "((kind)::text = 'production companies'::text)", "Rows Removed by Filter": 0}]}, {"Node Type": "Index Scan", "Parent Relationship": "Inner", "Scan Direction": "Forward", "Index Name": "movie_id_movie_link", "Relation Name": "movie_link", "Alias": "ml", "Startup Cost": 0.0, "Total Cost": 0.35, "Plan Rows": 5, "Plan Width": 8, "Actual Startup Time": 0.017, "Actual Total Time": 0.028, "Actual Rows": 38, "Actual Loops": 2, "Index Cond": "(movie_id = mk.movie_id)", "Rows Removed by Index Recheck": 0}]}, {"Node Type": "Index Scan", "Parent Relationship": "Inner", "Scan Direction": "Forward", "Index Name": "link_type_pkey", "Relation Name": "link_type", "Alias": "lt", "Startup Cost": 0.0, "Total Cost": 0.27, "Plan Rows": 1, "Plan Width": 16, "Actual Startup Time": 0.066, "Actual Total Time": 0.066, "Actual Rows": 0, "Actual Loops": 38, "Index Cond": "(id = ml.link_type_id)", "Rows Removed by Index Recheck": 0, "Filter": "((link)::text ~~ '%follows%'::text)", "Rows Removed by Filter": 24}]}]}, "Triggers": [], "Planner Runtime": 69.692, "Total Runtime": 195.978, "Unique SQL Id": 4121279504}}, "(64, 122)": {"explain_plan": {"Plan": {"Node Type": "Aggregate", "Strategy": "Plain", "Startup Cost": 251857.16, "Total Cost": 251857.17, "Plan Rows": 1, "Plan Width": 144, "Plans": [{"Node Type": "Nested Loop", "Parent Relationship": "Outer", "Join Type": "Inner", "Startup Cost": 0.0, "Total Cost": 251857.15, "Plan Rows": 1, "Plan Width": 48, "Inner Unique": true, "Join Filter": "(ml.link_type_id = lt.id)", "Plans": [{"Node Type": "Nested Loop", "Parent Relationship": "Outer", "Join Type": "Inner", "Startup Cost": 0.0, "Total Cost": 251855.92, "Plan Rows": 1, "Plan Width": 40, "Inner Unique": false, "Join Filter": "(t.id = ml.movie_id)", "Plans": [{"Node Type": "Nested Loop", "Parent Relationship": "Outer", "Join Type": "Inner", "Startup Cost": 0.0, "Total Cost": 251050.01, "Plan Rows": 1, "Plan Width": 48, "Inner Unique": true, "Join Filter": "(mc.company_type_id = ct.id)", "Plans": [{"Node Type": "Nested Loop", "Parent Relationship": "Outer", "Join Type": "Inner", "Startup Cost": 0.0, "Total Cost": 251048.96, "Plan Rows": 1, "Plan Width": 52, "Inner Unique": true, "Join Filter": "(mc.company_id = cn.id)", "Plans": [{"Node Type": "Nested Loop", "Parent Relationship": "Outer", "Join Type": "Inner", "Startup Cost": 0.0, "Total Cost": 243250.55, "Plan Rows": 1, "Plan Width": 37, "Inner Unique": false, "Join Filter": "(t.id = mc.movie_id)", "Plans": [{"Node Type": "Nested Loop", "Parent Relationship": "Outer", "Join Type": "Inner", "Startup Cost": 0.0, "Total Cost": 185564.69, "Plan Rows": 1, "Plan Width": 25, "Inner Unique": true, "Join Filter": "(mk.movie_id = t.id)", "Plans": [{"Node Type": "Nested Loop", "Parent Relationship": "Outer", "Join Type": "Inner", "Startup Cost": 0.0, "Total Cost": 121426.52, "Plan Rows": 33, "Plan Width": 4, "Inner Unique": false, "Join Filter": "(k.id = mk.keyword_id)", "Plans": [{"Node Type": "Seq Scan", "Parent Relationship": "Outer", "Relation Name": "keyword", "Alias": "k", "Startup Cost": 0.0, "Total Cost": 2436.11, "Plan Rows": 1, "Plan Width": 4, "Filter": "((keyword)::text = 'sequel'::text)"}, {"Node Type": "Seq Scan", "Parent Relationship": "Inner", "Relation Name": "movie_keyword", "Alias": "mk", "Startup Cost": 0.0, "Total Cost": 62441.29, "Plan Rows": 4523929, "Plan Width": 8}]}, {"Node Type": "Materialize", "Parent Relationship": "Inner", "Startup Cost": 0.0, "Total Cost": 64136.21, "Plan Rows": 4, "Plan Width": 21, "Plans": [{"Node Type": "Streaming(type: LOCAL GATHER dop: 1/64)", "Parent Relationship": "Outer", "Startup Cost": 0.0, "Total Cost": 64136.19, "Plan Rows": 4, "Plan Width": 21, "Plans": [{"Node Type": "Seq Scan", "Parent Relationship": "Outer", "Relation Name": "title", "Alias": "t", "Startup Cost": 0.0, "Total Cost": 64136.1, "Plan Rows": 4, "Plan Width": 21, "Filter": "(((title)::text ~~ '%Money%'::text) AND (production_year = 1998))"}]}]}]}, {"Node Type": "Seq Scan", "Parent Relationship": "Inner", "Relation Name": "movie_companies", "Alias": "mc", "Startup Cost": 0.0, "Total Cost": 41817.28, "Plan Rows": 1269486, "Plan Width": 12, "Filter": "(note IS NULL), (LLVM Optimized)"}]}, {"Node Type": "Seq Scan", "Parent Relationship": "Inner", "Relation Name": "company_name", "Alias": "cn", "Startup Cost": 0.0, "Total Cost": 7078.43, "Plan Rows": 57599, "Plan Width": 23, "Filter": "(((country_code)::text <> '[pl]'::text) AND (((name)::text ~~ '%Film%'::text) OR ((name)::text ~~ '%Warner%'::text)))"}]}, {"Node Type": "Seq Scan", "Parent Relationship": "Inner", "Relation Name": "company_type", "Alias": "ct", "Startup Cost": 0.0, "Total Cost": 1.04, "Plan Rows": 1, "Plan Width": 4, "Filter": "((kind)::text = 'production companies'::text)"}]}, {"Node Type": "Seq Scan", "Parent Relationship": "Inner", "Relation Name": "movie_link", "Alias": "ml", "Startup Cost": 0.0, "Total Cost": 430.96, "Plan Rows": 29996, "Plan Width": 8}]}, {"Node Type": "Seq Scan", "Parent Relationship": "Inner", "Relation Name": "link_type", "Alias": "lt", "Startup Cost": 0.0, "Total Cost": 1.21, "Plan Rows": 1, "Plan Width": 16, "Filter": "((link)::text ~~ '%follows%'::text)"}]}]}, "Unique SQL Id": 4121279504}, "explain_analyze_plan": null}, "(64, 123)": {"explain_plan": {"Plan": {"Node Type": "Aggregate", "Strategy": "Plain", "Startup Cost": 8000025305535.09, "Total Cost": 8000025305535.1, "Plan Rows": 1, "Plan Width": 144, "Plans": [{"Node Type": "Nested Loop", "Parent Relationship": "Outer", "Join Type": "Inner", "Startup Cost": 80000000000.0, "Total Cost": 8000025305535.08, "Plan Rows": 1, "Plan Width": 48, "Inner Unique": true, "Join Filter": "(mc.company_type_id = ct.id)", "Plans": [{"Node Type": "Nested Loop", "Parent Relationship": "Outer", "Join Type": "Inner", "Startup Cost": 70000000000.0, "Total Cost": 7000025304304.82, "Plan Rows": 1, "Plan Width": 52, "Inner Unique": true, "Plans": [{"Node Type": "Nested Loop", "Parent Relationship": "Outer", "Join Type": "Inner", "Startup Cost": 60000000000.0, "Total Cost": 6000025304276.0, "Plan Rows": 1, "Plan Width": 37, "Inner Unique": true, "Join Filter": "(ml.movie_id = t.id)", "Plans": [{"Node Type": "Nested Loop", "Parent Relationship": "Outer", "Join Type": "Inner", "Startup Cost": 50000000000.0, "Total Cost": 5000025304244.59, "Plan Rows": 1, "Plan Width": 32, "Inner Unique": false, "Join Filter": "(ml.movie_id = mc.movie_id)", "Plans": [{"Node Type": "Index Scan", "Parent Relationship": "Outer", "Scan Direction": "Forward", "Index Name": "company_type_id_movie_companies", "Relation Name": "movie_companies", "Alias": "mc", "Startup Cost": 10000000000.0, "Total Cost": 1000009318217.0, "Plan Rows": 1269486, "Plan Width": 12, "Filter": "(note IS NULL), (LLVM Optimized)"}, {"Node Type": "Materialize", "Parent Relationship": "Inner", "Startup Cost": 40000000000.0, "Total Cost": 4000015795604.72, "Plan Rows": 10, "Plan Width": 20, "Plans": [{"Node Type": "Nested Loop", "Parent Relationship": "Outer", "Join Type": "Inner", "Startup Cost": 40000000000.0, "Total Cost": 4000015795604.67, "Plan Rows": 10, "Plan Width": 20, "Inner Unique": false, "Join Filter": "(mk.movie_id = ml.movie_id)", "Plans": [{"Node Type": "Nested Loop", "Parent Relationship": "Outer", "Join Type": "Inner", "Startup Cost": 20000000000.0, "Total Cost": 2000015686764.79, "Plan Rows": 33, "Plan Width": 4, "Inner Unique": true, "Join Filter": "(k.id = mk.keyword_id)", "Plans": [{"Node Type": "Index Scan", "Parent Relationship": "Outer", "Scan Direction": "Forward", "Index Name": "movie_id_movie_keyword", "Relation Name": "movie_keyword", "Alias": "mk", "Startup Cost": 10000000000.0, "Total Cost": 1000015300634.17, "Plan Rows": 4523929, "Plan Width": 8}, {"Node Type": "Materialize", "Parent Relationship": "Inner", "Startup Cost": 10000000000.0, "Total Cost": 1000000318271.69, "Plan Rows": 1, "Plan Width": 4, "Plans": [{"Node Type": "Index Scan", "Parent Relationship": "Outer", "Scan Direction": "Forward", "Index Name": "keyword_pkey", "Relation Name": "keyword", "Alias": "k", "Startup Cost": 10000000000.0, "Total Cost": 1000000318271.68, "Plan Rows": 1, "Plan Width": 4, "Filter": "((keyword)::text = 'sequel'::text)"}]}]}, {"Node Type": "Materialize", "Parent Relationship": "Inner", "Startup Cost": 20000000000.0, "Total Cost": 2000000107916.44, "Plan Rows": 1875, "Plan Width": 16, "Plans": [{"Node Type": "Nested Loop", "Parent Relationship": "Outer", "Join Type": "Inner", "Startup Cost": 20000000000.0, "Total Cost": 2000000107907.07, "Plan Rows": 1875, "Plan Width": 16, "Inner Unique": true, "Join Filter": "(lt.id = ml.link_type_id)", "Plans": [{"Node Type": "Index Scan", "Parent Relationship": "Outer", "Scan Direction": "Forward", "Index Name": "movie_id_movie_link", "Relation Name": "movie_link", "Alias": "ml", "Startup Cost": 10000000000.0, "Total Cost": 1000000106202.37, "Plan Rows": 29996, "Plan Width": 8}, {"Node Type": "Materialize", "Parent Relationship": "Inner", "Startup Cost": 10000000000.0, "Total Cost": 1000000001254.76, "Plan Rows": 1, "Plan Width": 16, "Plans": [{"Node Type": "Index Scan", "Parent Relationship": "Outer", "Scan Direction": "Forward", "Index Name": "link_type_pkey", "Relation Name": "link_type", "Alias": "lt", "Startup Cost": 10000000000.0, "Total Cost": 1000000001254.75, "Plan Rows": 1, "Plan Width": 16, "Filter": "((link)::text ~~ '%follows%'::text)"}]}]}]}]}]}]}, {"Node Type": "Index Scan", "Parent Relationship": "Inner", "Scan Direction": "Forward", "Index Name": "title_pkey", "Relation Name": "title", "Alias": "t", "Startup Cost": 10000000000.0, "Total Cost": 1000000000031.39, "Plan Rows": 1, "Plan Width": 21, "Index Cond": "(id = mk.movie_id)", "Filter": "(((title)::text ~~ '%Money%'::text) AND (production_year = 1998))"}]}, {"Node Type": "Index Scan", "Parent Relationship": "Inner", "Scan Direction": "Forward", "Index Name": "company_name_pkey", "Relation Name": "company_name", "Alias": "cn", "Startup Cost": 10000000000.0, "Total Cost": 1000000000028.81, "Plan Rows": 1, "Plan Width": 23, "Index Cond": "(id = mc.company_id)", "Filter": "(((country_code)::text <> '[pl]'::text) AND (((name)::text ~~ '%Film%'::text) OR ((name)::text ~~ '%Warner%'::text)))"}]}, {"Node Type": "Index Scan", "Parent Relationship": "Inner", "Scan Direction": "Forward", "Index Name": "company_type_pkey", "Relation Name": "company_type", "Alias": "ct", "Startup Cost": 10000000000.0, "Total Cost": 1000000001230.25, "Plan Rows": 1, "Plan Width": 4, "Filter": "((kind)::text = 'production companies'::text)"}]}]}, "Unique SQL Id": 4121279504}, "explain_analyze_plan": null}, "(64, 124)": {"explain_plan": {"Plan": {"Node Type": "Aggregate", "Strategy": "Plain", "Startup Cost": 2585.63, "Total Cost": 2585.64, "Plan Rows": 1, "Plan Width": 144, "Plans": [{"Node Type": "Nested Loop", "Parent Relationship": "Outer", "Join Type": "Inner", "Startup Cost": 0.0, "Total Cost": 2585.62, "Plan Rows": 1, "Plan Width": 48, "Inner Unique": true, "Plans": [{"Node Type": "Nested Loop", "Parent Relationship": "Outer", "Join Type": "Inner", "Startup Cost": 0.0, "Total Cost": 2585.34, "Plan Rows": 1, "Plan Width": 40, "Inner Unique": false, "Join Filter": "(t.id = ml.movie_id)", "Plans": [{"Node Type": "Nested Loop", "Parent Relationship": "Outer", "Join Type": "Inner", "Startup Cost": 0.0, "Total Cost": 2584.93, "Plan Rows": 1, "Plan Width": 48, "Inner Unique": true, "Plans": [{"Node Type": "Nested Loop", "Parent Relationship": "Outer", "Join Type": "Inner", "Startup Cost": 0.0, "Total Cost": 2584.64, "Plan Rows": 1, "Plan Width": 52, "Inner Unique": true, "Plans": [{"Node Type": "Nested Loop", "Parent Relationship": "Outer", "Join Type": "Inner", "Startup Cost": 0.0, "Total Cost": 2584.35, "Plan Rows": 1, "Plan Width": 37, "Inner Unique": false, "Join Filter": "(t.id = mc.movie_id)", "Plans": [{"Node Type": "Nested Loop", "Parent Relationship": "Outer", "Join Type": "Inner", "Startup Cost": 0.0, "Total Cost": 2584.01, "Plan Rows": 1, "Plan Width": 25, "Inner Unique": true, "Plans": [{"Node Type": "Nested Loop", "Parent Relationship": "Outer", "Join Type": "Inner", "Startup Cost": 0.0, "Total Cost": 2573.32, "Plan Rows": 33, "Plan Width": 4, "Inner Unique": false, "Plans": [{"Node Type": "Seq Scan", "Parent Relationship": "Outer", "Relation Name": "keyword", "Alias": "k", "Startup Cost": 0.0, "Total Cost": 2436.11, "Plan Rows": 1, "Plan Width": 4, "Filter": "((keyword)::text = 'sequel'::text)"}, {"Node Type": "Index Scan", "Parent Relationship": "Inner", "Scan Direction": "Forward", "Index Name": "keyword_id_movie_keyword", "Relation Name": "movie_keyword", "Alias": "mk", "Startup Cost": 0.0, "Total Cost": 136.88, "Plan Rows": 33, "Plan Width": 8, "Index Cond": "(keyword_id = k.id)"}]}, {"Node Type": "Index Scan", "Parent Relationship": "Inner", "Scan Direction": "Forward", "Index Name": "title_pkey", "Relation Name": "title", "Alias": "t", "Startup Cost": 0.0, "Total Cost": 0.31, "Plan Rows": 1, "Plan Width": 21, "Index Cond": "(id = mk.movie_id)", "Filter": "(((title)::text ~~ '%Money%'::text) AND (production_year = 1998))"}]}, {"Node Type": "Index Scan", "Parent Relationship": "Inner", "Scan Direction": "Forward", "Index Name": "movie_id_movie_companies", "Relation Name": "movie_companies", "Alias": "mc", "Startup Cost": 0.0, "Total Cost": 0.31, "Plan Rows": 2, "Plan Width": 12, "Index Cond": "(movie_id = mk.movie_id)", "Filter": "(note IS NULL)"}]}, {"Node Type": "Index Scan", "Parent Relationship": "Inner", "Scan Direction": "Forward", "Index Name": "company_name_pkey", "Relation Name": "company_name", "Alias": "cn", "Startup Cost": 0.0, "Total Cost": 0.29, "Plan Rows": 1, "Plan Width": 23, "Index Cond": "(id = mc.company_id)", "Filter": "(((country_code)::text <> '[pl]'::text) AND (((name)::text ~~ '%Film%'::text) OR ((name)::text ~~ '%Warner%'::text)))"}]}, {"Node Type": "Index Scan", "Parent Relationship": "Inner", "Scan Direction": "Forward", "Index Name": "company_type_pkey", "Relation Name": "company_type", "Alias": "ct", "Startup Cost": 0.0, "Total Cost": 0.27, "Plan Rows": 1, "Plan Width": 4, "Index Cond": "(id = mc.company_type_id)", "Filter": "((kind)::text = 'production companies'::text)"}]}, {"Node Type": "Index Scan", "Parent Relationship": "Inner", "Scan Direction": "Forward", "Index Name": "movie_id_movie_link", "Relation Name": "movie_link", "Alias": "ml", "Startup Cost": 0.0, "Total Cost": 0.35, "Plan Rows": 5, "Plan Width": 8, "Index Cond": "(movie_id = mk.movie_id)"}]}, {"Node Type": "Index Scan", "Parent Relationship": "Inner", "Scan Direction": "Forward", "Index Name": "link_type_pkey", "Relation Name": "link_type", "Alias": "lt", "Startup Cost": 0.0, "Total Cost": 0.27, "Plan Rows": 1, "Plan Width": 16, "Index Cond": "(id = ml.link_type_id)", "Filter": "((link)::text ~~ '%follows%'::text)"}]}]}, "Unique SQL Id": 4121279504}, "explain_analyze_plan": {"Plan": {"Node Type": "Aggregate", "Strategy": "Plain", "Startup Cost": 2585.63, "Total Cost": 2585.64, "Plan Rows": 1, "Plan Width": 144, "Actual Startup Time": 120.206, "Actual Total Time": 120.207, "Actual Rows": 1, "Actual Loops": 1, "Plans": [{"Node Type": "Nested Loop", "Parent Relationship": "Outer", "Join Type": "Inner", "Startup Cost": 0.0, "Total Cost": 2585.62, "Plan Rows": 1, "Plan Width": 48, "Actual Startup Time": 120.199, "Actual Total Time": 120.199, "Actual Rows": 0, "Actual Loops": 1, "Inner Unique": true, "Plans": [{"Node Type": "Nested Loop", "Parent Relationship": "Outer", "Join Type": "Inner", "Startup Cost": 0.0, "Total Cost": 2585.34, "Plan Rows": 1, "Plan Width": 40, "Actual Startup Time": 2.804, "Actual Total Time": 120.112, "Actual Rows": 38, "Actual Loops": 1, "Inner Unique": false, "Join Filter": "(t.id = ml.movie_id)", "Rows Removed by Join Filter": 0, "Plans": [{"Node Type": "Nested Loop", "Parent Relationship": "Outer", "Join Type": "Inner", "Startup Cost": 0.0, "Total Cost": 2584.93, "Plan Rows": 1, "Plan Width": 48, "Actual Startup Time": 2.79, "Actual Total Time": 120.066, "Actual Rows": 2, "Actual Loops": 1, "Inner Unique": true, "Plans": [{"Node Type": "Nested Loop", "Parent Relationship": "Outer", "Join Type": "Inner", "Startup Cost": 0.0, "Total Cost": 2584.64, "Plan Rows": 1, "Plan Width": 52, "Actual Startup Time": 2.781, "Actual Total Time": 120.052, "Actual Rows": 2, "Actual Loops": 1, "Inner Unique": true, "Plans": [{"Node Type": "Nested Loop", "Parent Relationship": "Outer", "Join Type": "Inner", "Startup Cost": 0.0, "Total Cost": 2584.35, "Plan Rows": 1, "Plan Width": 37, "Actual Startup Time": 2.759, "Actual Total Time": 120.009, "Actual Rows": 3, "Actual Loops": 1, "Inner Unique": false, "Join Filter": "(t.id = mc.movie_id)", "Rows Removed by Join Filter": 0, "Plans": [{"Node Type": "Nested Loop", "Parent Relationship": "Outer", "Join Type": "Inner", "Startup Cost": 0.0, "Total Cost": 2584.01, "Plan Rows": 1, "Plan Width": 25, "Actual Startup Time": 2.739, "Actual Total Time": 119.985, "Actual Rows": 1, "Actual Loops": 1, "Inner Unique": true, "Plans": [{"Node Type": "Nested Loop", "Parent Relationship": "Outer", "Join Type": "Inner", "Startup Cost": 0.0, "Total Cost": 2573.32, "Plan Rows": 33, "Plan Width": 4, "Actual Startup Time": 2.392, "Actual Total Time": 59.078, "Actual Rows": 10544, "Actual Loops": 1, "Inner Unique": false, "Plans": [{"Node Type": "Seq Scan", "Parent Relationship": "Outer", "Relation Name": "keyword", "Alias": "k", "Startup Cost": 0.0, "Total Cost": 2436.11, "Plan Rows": 1, "Plan Width": 4, "Actual Startup Time": 2.347, "Actual Total Time": 41.646, "Actual Rows": 1, "Actual Loops": 1, "Filter": "((keyword)::text = 'sequel'::text)", "Rows Removed by Filter": 134168}, {"Node Type": "Index Scan", "Parent Relationship": "Inner", "Scan Direction": "Forward", "Index Name": "keyword_id_movie_keyword", "Relation Name": "movie_keyword", "Alias": "mk", "Startup Cost": 0.0, "Total Cost": 136.88, "Plan Rows": 33, "Plan Width": 8, "Actual Startup Time": 0.038, "Actual Total Time": 15.158, "Actual Rows": 10544, "Actual Loops": 1, "Index Cond": "(keyword_id = k.id)", "Rows Removed by Index Recheck": 0}]}, {"Node Type": "Index Scan", "Parent Relationship": "Inner", "Scan Direction": "Forward", "Index Name": "title_pkey", "Relation Name": "title", "Alias": "t", "Startup Cost": 0.0, "Total Cost": 0.31, "Plan Rows": 1, "Plan Width": 21, "Actual Startup Time": 55.67, "Actual Total Time": 55.67, "Actual Rows": 1, "Actual Loops": 10544, "Index Cond": "(id = mk.movie_id)", "Rows Removed by Index Recheck": 0, "Filter": "(((title)::text ~~ '%Money%'::text) AND (production_year = 1998))", "Rows Removed by Filter": 10543}]}, {"Node Type": "Index Scan", "Parent Relationship": "Inner", "Scan Direction": "Forward", "Index Name": "movie_id_movie_companies", "Relation Name": "movie_companies", "Alias": "mc", "Startup Cost": 0.0, "Total Cost": 0.31, "Plan Rows": 2, "Plan Width": 12, "Actual Startup Time": 0.016, "Actual Total Time": 0.017, "Actual Rows": 3, "Actual Loops": 1, "Index Cond": "(movie_id = mk.movie_id)", "Rows Removed by Index Recheck": 0, "Filter": "(note IS NULL)", "Rows Removed by Filter": 1}]}, {"Node Type": "Index Scan", "Parent Relationship": "Inner", "Scan Direction": "Forward", "Index Name": "company_name_pkey", "Relation Name": "company_name", "Alias": "cn", "Startup Cost": 0.0, "Total Cost": 0.29, "Plan Rows": 1, "Plan Width": 23, "Actual Startup Time": 0.038, "Actual Total Time": 0.038, "Actual Rows": 2, "Actual Loops": 3, "Index Cond": "(id = mc.company_id)", "Rows Removed by Index Recheck": 0, "Filter": "(((country_code)::text <> '[pl]'::text) AND (((name)::text ~~ '%Film%'::text) OR ((name)::text ~~ '%Warner%'::text)))", "Rows Removed by Filter": 1}]}, {"Node Type": "Index Scan", "Parent Relationship": "Inner", "Scan Direction": "Forward", "Index Name": "company_type_pkey", "Relation Name": "company_type", "Alias": "ct", "Startup Cost": 0.0, "Total Cost": 0.27, "Plan Rows": 1, "Plan Width": 4, "Actual Startup Time": 0.01, "Actual Total Time": 0.01, "Actual Rows": 2, "Actual Loops": 2, "Index Cond": "(id = mc.company_type_id)", "Rows Removed by Index Recheck": 0, "Filter": "((kind)::text = 'production companies'::text)", "Rows Removed by Filter": 0}]}, {"Node Type": "Index Scan", "Parent Relationship": "Inner", "Scan Direction": "Forward", "Index Name": "movie_id_movie_link", "Relation Name": "movie_link", "Alias": "ml", "Startup Cost": 0.0, "Total Cost": 0.35, "Plan Rows": 5, "Plan Width": 8, "Actual Startup Time": 0.015, "Actual Total Time": 0.031, "Actual Rows": 38, "Actual Loops": 2, "Index Cond": "(movie_id = mk.movie_id)", "Rows Removed by Index Recheck": 0}]}, {"Node Type": "Index Scan", "Parent Relationship": "Inner", "Scan Direction": "Forward", "Index Name": "link_type_pkey", "Relation Name": "link_type", "Alias": "lt", "Startup Cost": 0.0, "Total Cost": 0.27, "Plan Rows": 1, "Plan Width": 16, "Actual Startup Time": 0.063, "Actual Total Time": 0.063, "Actual Rows": 0, "Actual Loops": 38, "Index Cond": "(id = ml.link_type_id)", "Rows Removed by Index Recheck": 0, "Filter": "((link)::text ~~ '%follows%'::text)", "Rows Removed by Filter": 24}]}]}, "Triggers": [], "Planner Runtime": 76.567, "Total Runtime": 120.592, "Unique SQL Id": 4121279504}}, "(64, 125)": {"explain_plan": {"Plan": {"Node Type": "Aggregate", "Strategy": "Plain", "Startup Cost": 3332.23, "Total Cost": 3332.24, "Plan Rows": 1, "Plan Width": 144, "Plans": [{"Node Type": "Nested Loop", "Parent Relationship": "Outer", "Join Type": "Inner", "Startup Cost": 0.0, "Total Cost": 3332.23, "Plan Rows": 1, "Plan Width": 48, "Inner Unique": true, "Plans": [{"Node Type": "Nested Loop", "Parent Relationship": "Outer", "Join Type": "Inner", "Startup Cost": 0.0, "Total Cost": 3331.94, "Plan Rows": 1, "Plan Width": 40, "Inner Unique": false, "Join Filter": "(t.id = ml.movie_id)", "Plans": [{"Node Type": "Nested Loop", "Parent Relationship": "Outer", "Join Type": "Inner", "Startup Cost": 0.0, "Total Cost": 3331.53, "Plan Rows": 1, "Plan Width": 48, "Inner Unique": true, "Plans": [{"Node Type": "Nested Loop", "Parent Relationship": "Outer", "Join Type": "Inner", "Startup Cost": 0.0, "Total Cost": 3331.25, "Plan Rows": 1, "Plan Width": 52, "Inner Unique": true, "Plans": [{"Node Type": "Nested Loop", "Parent Relationship": "Outer", "Join Type": "Inner", "Startup Cost": 0.0, "Total Cost": 3330.95, "Plan Rows": 1, "Plan Width": 37, "Inner Unique": false, "Join Filter": "(t.id = mc.movie_id)", "Plans": [{"Node Type": "Nested Loop", "Parent Relationship": "Outer", "Join Type": "Inner", "Startup Cost": 0.0, "Total Cost": 3330.61, "Plan Rows": 1, "Plan Width": 25, "Inner Unique": true, "Plans": [{"Node Type": "Nested Loop", "Parent Relationship": "Outer", "Join Type": "Inner", "Startup Cost": 0.0, "Total Cost": 3319.92, "Plan Rows": 33, "Plan Width": 4, "Inner Unique": false, "Plans": [{"Node Type": "Index Scan", "Parent Relationship": "Outer", "Scan Direction": "Forward", "Index Name": "keyword_pkey", "Relation Name": "keyword", "Alias": "k", "Startup Cost": 0.0, "Total Cost": 3182.72, "Plan Rows": 1, "Plan Width": 4, "Filter": "((keyword)::text = 'sequel'::text)"}, {"Node Type": "Index Scan", "Parent Relationship": "Inner", "Scan Direction": "Forward", "Index Name": "keyword_id_movie_keyword", "Relation Name": "movie_keyword", "Alias": "mk", "Startup Cost": 0.0, "Total Cost": 136.88, "Plan Rows": 33, "Plan Width": 8, "Index Cond": "(keyword_id = k.id)"}]}, {"Node Type": "Index Scan", "Parent Relationship": "Inner", "Scan Direction": "Forward", "Index Name": "title_pkey", "Relation Name": "title", "Alias": "t", "Startup Cost": 0.0, "Total Cost": 0.31, "Plan Rows": 1, "Plan Width": 21, "Index Cond": "(id = mk.movie_id)", "Filter": "(((title)::text ~~ '%Money%'::text) AND (production_year = 1998))"}]}, {"Node Type": "Index Scan", "Parent Relationship": "Inner", "Scan Direction": "Forward", "Index Name": "movie_id_movie_companies", "Relation Name": "movie_companies", "Alias": "mc", "Startup Cost": 0.0, "Total Cost": 0.31, "Plan Rows": 2, "Plan Width": 12, "Index Cond": "(movie_id = mk.movie_id)", "Filter": "(note IS NULL)"}]}, {"Node Type": "Index Scan", "Parent Relationship": "Inner", "Scan Direction": "Forward", "Index Name": "company_name_pkey", "Relation Name": "company_name", "Alias": "cn", "Startup Cost": 0.0, "Total Cost": 0.29, "Plan Rows": 1, "Plan Width": 23, "Index Cond": "(id = mc.company_id)", "Filter": "(((country_code)::text <> '[pl]'::text) AND (((name)::text ~~ '%Film%'::text) OR ((name)::text ~~ '%Warner%'::text)))"}]}, {"Node Type": "Index Scan", "Parent Relationship": "Inner", "Scan Direction": "Forward", "Index Name": "company_type_pkey", "Relation Name": "company_type", "Alias": "ct", "Startup Cost": 0.0, "Total Cost": 0.27, "Plan Rows": 1, "Plan Width": 4, "Index Cond": "(id = mc.company_type_id)", "Filter": "((kind)::text = 'production companies'::text)"}]}, {"Node Type": "Index Scan", "Parent Relationship": "Inner", "Scan Direction": "Forward", "Index Name": "movie_id_movie_link", "Relation Name": "movie_link", "Alias": "ml", "Startup Cost": 0.0, "Total Cost": 0.35, "Plan Rows": 5, "Plan Width": 8, "Index Cond": "(movie_id = mk.movie_id)"}]}, {"Node Type": "Index Scan", "Parent Relationship": "Inner", "Scan Direction": "Forward", "Index Name": "link_type_pkey", "Relation Name": "link_type", "Alias": "lt", "Startup Cost": 0.0, "Total Cost": 0.27, "Plan Rows": 1, "Plan Width": 16, "Index Cond": "(id = ml.link_type_id)", "Filter": "((link)::text ~~ '%follows%'::text)"}]}]}, "Unique SQL Id": 4121279504}, "explain_analyze_plan": {"Plan": {"Node Type": "Aggregate", "Strategy": "Plain", "Startup Cost": 3332.23, "Total Cost": 3332.24, "Plan Rows": 1, "Plan Width": 144, "Actual Startup Time": 195.478, "Actual Total Time": 195.479, "Actual Rows": 1, "Actual Loops": 1, "Plans": [{"Node Type": "Nested Loop", "Parent Relationship": "Outer", "Join Type": "Inner", "Startup Cost": 0.0, "Total Cost": 3332.23, "Plan Rows": 1, "Plan Width": 48, "Actual Startup Time": 195.466, "Actual Total Time": 195.466, "Actual Rows": 0, "Actual Loops": 1, "Inner Unique": true, "Plans": [{"Node Type": "Nested Loop", "Parent Relationship": "Outer", "Join Type": "Inner", "Startup Cost": 0.0, "Total Cost": 3331.94, "Plan Rows": 1, "Plan Width": 40, "Actual Startup Time": 1.022, "Actual Total Time": 195.379, "Actual Rows": 38, "Actual Loops": 1, "Inner Unique": false, "Join Filter": "(t.id = ml.movie_id)", "Rows Removed by Join Filter": 0, "Plans": [{"Node Type": "Nested Loop", "Parent Relationship": "Outer", "Join Type": "Inner", "Startup Cost": 0.0, "Total Cost": 3331.53, "Plan Rows": 1, "Plan Width": 48, "Actual Startup Time": 1.006, "Actual Total Time": 195.329, "Actual Rows": 2, "Actual Loops": 1, "Inner Unique": true, "Plans": [{"Node Type": "Nested Loop", "Parent Relationship": "Outer", "Join Type": "Inner", "Startup Cost": 0.0, "Total Cost": 3331.25, "Plan Rows": 1, "Plan Width": 52, "Actual Startup Time": 0.993, "Actual Total Time": 195.312, "Actual Rows": 2, "Actual Loops": 1, "Inner Unique": true, "Plans": [{"Node Type": "Nested Loop", "Parent Relationship": "Outer", "Join Type": "Inner", "Startup Cost": 0.0, "Total Cost": 3330.95, "Plan Rows": 1, "Plan Width": 37, "Actual Startup Time": 0.971, "Actual Total Time": 195.27, "Actual Rows": 3, "Actual Loops": 1, "Inner Unique": false, "Join Filter": "(t.id = mc.movie_id)", "Rows Removed by Join Filter": 0, "Plans": [{"Node Type": "Nested Loop", "Parent Relationship": "Outer", "Join Type": "Inner", "Startup Cost": 0.0, "Total Cost": 3330.61, "Plan Rows": 1, "Plan Width": 25, "Actual Startup Time": 0.949, "Actual Total Time": 195.245, "Actual Rows": 1, "Actual Loops": 1, "Inner Unique": true, "Plans": [{"Node Type": "Nested Loop", "Parent Relationship": "Outer", "Join Type": "Inner", "Startup Cost": 0.0, "Total Cost": 3319.92, "Plan Rows": 33, "Plan Width": 4, "Actual Startup Time": 0.597, "Actual Total Time": 133.24, "Actual Rows": 10544, "Actual Loops": 1, "Inner Unique": false, "Plans": [{"Node Type": "Index Scan", "Parent Relationship": "Outer", "Scan Direction": "Forward", "Index Name": "keyword_pkey", "Relation Name": "keyword", "Alias": "k", "Startup Cost": 0.0, "Total Cost": 3182.72, "Plan Rows": 1, "Plan Width": 4, "Actual Startup Time": 0.557, "Actual Total Time": 115.424, "Actual Rows": 1, "Actual Loops": 1, "Filter": "((keyword)::text = 'sequel'::text)", "Rows Removed by Filter": 134168}, {"Node Type": "Index Scan", "Parent Relationship": "Inner", "Scan Direction": "Forward", "Index Name": "keyword_id_movie_keyword", "Relation Name": "movie_keyword", "Alias": "mk", "Startup Cost": 0.0, "Total Cost": 136.88, "Plan Rows": 33, "Plan Width": 8, "Actual Startup Time": 0.033, "Actual Total Time": 15.557, "Actual Rows": 10544, "Actual Loops": 1, "Index Cond": "(keyword_id = k.id)", "Rows Removed by Index Recheck": 0}]}, {"Node Type": "Index Scan", "Parent Relationship": "Inner", "Scan Direction": "Forward", "Index Name": "title_pkey", "Relation Name": "title", "Alias": "t", "Startup Cost": 0.0, "Total Cost": 0.31, "Plan Rows": 1, "Plan Width": 21, "Actual Startup Time": 56.68, "Actual Total Time": 56.68, "Actual Rows": 1, "Actual Loops": 10544, "Index Cond": "(id = mk.movie_id)", "Rows Removed by Index Recheck": 0, "Filter": "(((title)::text ~~ '%Money%'::text) AND (production_year = 1998))", "Rows Removed by Filter": 10543}]}, {"Node Type": "Index Scan", "Parent Relationship": "Inner", "Scan Direction": "Forward", "Index Name": "movie_id_movie_companies", "Relation Name": "movie_companies", "Alias": "mc", "Startup Cost": 0.0, "Total Cost": 0.31, "Plan Rows": 2, "Plan Width": 12, "Actual Startup Time": 0.019, "Actual Total Time": 0.022, "Actual Rows": 3, "Actual Loops": 1, "Index Cond": "(movie_id = mk.movie_id)", "Rows Removed by Index Recheck": 0, "Filter": "(note IS NULL)", "Rows Removed by Filter": 1}]}, {"Node Type": "Index Scan", "Parent Relationship": "Inner", "Scan Direction": "Forward", "Index Name": "company_name_pkey", "Relation Name": "company_name", "Alias": "cn", "Startup Cost": 0.0, "Total Cost": 0.29, "Plan Rows": 1, "Plan Width": 23, "Actual Startup Time": 0.038, "Actual Total Time": 0.038, "Actual Rows": 2, "Actual Loops": 3, "Index Cond": "(id = mc.company_id)", "Rows Removed by Index Recheck": 0, "Filter": "(((country_code)::text <> '[pl]'::text) AND (((name)::text ~~ '%Film%'::text) OR ((name)::text ~~ '%Warner%'::text)))", "Rows Removed by Filter": 1}]}, {"Node Type": "Index Scan", "Parent Relationship": "Inner", "Scan Direction": "Forward", "Index Name": "company_type_pkey", "Relation Name": "company_type", "Alias": "ct", "Startup Cost": 0.0, "Total Cost": 0.27, "Plan Rows": 1, "Plan Width": 4, "Actual Startup Time": 0.013, "Actual Total Time": 0.013, "Actual Rows": 2, "Actual Loops": 2, "Index Cond": "(id = mc.company_type_id)", "Rows Removed by Index Recheck": 0, "Filter": "((kind)::text = 'production companies'::text)", "Rows Removed by Filter": 0}]}, {"Node Type": "Index Scan", "Parent Relationship": "Inner", "Scan Direction": "Forward", "Index Name": "movie_id_movie_link", "Relation Name": "movie_link", "Alias": "ml", "Startup Cost": 0.0, "Total Cost": 0.35, "Plan Rows": 5, "Plan Width": 8, "Actual Startup Time": 0.017, "Actual Total Time": 0.028, "Actual Rows": 38, "Actual Loops": 2, "Index Cond": "(movie_id = mk.movie_id)", "Rows Removed by Index Recheck": 0}]}, {"Node Type": "Index Scan", "Parent Relationship": "Inner", "Scan Direction": "Forward", "Index Name": "link_type_pkey", "Relation Name": "link_type", "Alias": "lt", "Startup Cost": 0.0, "Total Cost": 0.27, "Plan Rows": 1, "Plan Width": 16, "Actual Startup Time": 0.066, "Actual Total Time": 0.066, "Actual Rows": 0, "Actual Loops": 38, "Index Cond": "(id = ml.link_type_id)", "Rows Removed by Index Recheck": 0, "Filter": "((link)::text ~~ '%follows%'::text)", "Rows Removed by Filter": 24}]}]}, "Triggers": [], "Planner Runtime": 69.692, "Total Runtime": 195.978, "Unique SQL Id": 4121279504}}, "(64, 126)": {"explain_plan": {"Plan": {"Node Type": "Aggregate", "Strategy": "Plain", "Startup Cost": 251857.16, "Total Cost": 251857.17, "Plan Rows": 1, "Plan Width": 144, "Plans": [{"Node Type": "Nested Loop", "Parent Relationship": "Outer", "Join Type": "Inner", "Startup Cost": 0.0, "Total Cost": 251857.15, "Plan Rows": 1, "Plan Width": 48, "Inner Unique": true, "Join Filter": "(ml.link_type_id = lt.id)", "Plans": [{"Node Type": "Nested Loop", "Parent Relationship": "Outer", "Join Type": "Inner", "Startup Cost": 0.0, "Total Cost": 251855.92, "Plan Rows": 1, "Plan Width": 40, "Inner Unique": false, "Join Filter": "(t.id = ml.movie_id)", "Plans": [{"Node Type": "Nested Loop", "Parent Relationship": "Outer", "Join Type": "Inner", "Startup Cost": 0.0, "Total Cost": 251050.01, "Plan Rows": 1, "Plan Width": 48, "Inner Unique": true, "Join Filter": "(mc.company_type_id = ct.id)", "Plans": [{"Node Type": "Nested Loop", "Parent Relationship": "Outer", "Join Type": "Inner", "Startup Cost": 0.0, "Total Cost": 251048.96, "Plan Rows": 1, "Plan Width": 52, "Inner Unique": true, "Join Filter": "(mc.company_id = cn.id)", "Plans": [{"Node Type": "Nested Loop", "Parent Relationship": "Outer", "Join Type": "Inner", "Startup Cost": 0.0, "Total Cost": 243250.55, "Plan Rows": 1, "Plan Width": 37, "Inner Unique": false, "Join Filter": "(t.id = mc.movie_id)", "Plans": [{"Node Type": "Nested Loop", "Parent Relationship": "Outer", "Join Type": "Inner", "Startup Cost": 0.0, "Total Cost": 185564.69, "Plan Rows": 1, "Plan Width": 25, "Inner Unique": true, "Join Filter": "(mk.movie_id = t.id)", "Plans": [{"Node Type": "Nested Loop", "Parent Relationship": "Outer", "Join Type": "Inner", "Startup Cost": 0.0, "Total Cost": 121426.52, "Plan Rows": 33, "Plan Width": 4, "Inner Unique": false, "Join Filter": "(k.id = mk.keyword_id)", "Plans": [{"Node Type": "Seq Scan", "Parent Relationship": "Outer", "Relation Name": "keyword", "Alias": "k", "Startup Cost": 0.0, "Total Cost": 2436.11, "Plan Rows": 1, "Plan Width": 4, "Filter": "((keyword)::text = 'sequel'::text)"}, {"Node Type": "Seq Scan", "Parent Relationship": "Inner", "Relation Name": "movie_keyword", "Alias": "mk", "Startup Cost": 0.0, "Total Cost": 62441.29, "Plan Rows": 4523929, "Plan Width": 8}]}, {"Node Type": "Materialize", "Parent Relationship": "Inner", "Startup Cost": 0.0, "Total Cost": 64136.21, "Plan Rows": 4, "Plan Width": 21, "Plans": [{"Node Type": "Streaming(type: LOCAL GATHER dop: 1/64)", "Parent Relationship": "Outer", "Startup Cost": 0.0, "Total Cost": 64136.19, "Plan Rows": 4, "Plan Width": 21, "Plans": [{"Node Type": "Seq Scan", "Parent Relationship": "Outer", "Relation Name": "title", "Alias": "t", "Startup Cost": 0.0, "Total Cost": 64136.1, "Plan Rows": 4, "Plan Width": 21, "Filter": "(((title)::text ~~ '%Money%'::text) AND (production_year = 1998))"}]}]}]}, {"Node Type": "Seq Scan", "Parent Relationship": "Inner", "Relation Name": "movie_companies", "Alias": "mc", "Startup Cost": 0.0, "Total Cost": 41817.28, "Plan Rows": 1269486, "Plan Width": 12, "Filter": "(note IS NULL), (LLVM Optimized)"}]}, {"Node Type": "Seq Scan", "Parent Relationship": "Inner", "Relation Name": "company_name", "Alias": "cn", "Startup Cost": 0.0, "Total Cost": 7078.43, "Plan Rows": 57599, "Plan Width": 23, "Filter": "(((country_code)::text <> '[pl]'::text) AND (((name)::text ~~ '%Film%'::text) OR ((name)::text ~~ '%Warner%'::text)))"}]}, {"Node Type": "Seq Scan", "Parent Relationship": "Inner", "Relation Name": "company_type", "Alias": "ct", "Startup Cost": 0.0, "Total Cost": 1.04, "Plan Rows": 1, "Plan Width": 4, "Filter": "((kind)::text = 'production companies'::text)"}]}, {"Node Type": "Seq Scan", "Parent Relationship": "Inner", "Relation Name": "movie_link", "Alias": "ml", "Startup Cost": 0.0, "Total Cost": 430.96, "Plan Rows": 29996, "Plan Width": 8}]}, {"Node Type": "Seq Scan", "Parent Relationship": "Inner", "Relation Name": "link_type", "Alias": "lt", "Startup Cost": 0.0, "Total Cost": 1.21, "Plan Rows": 1, "Plan Width": 16, "Filter": "((link)::text ~~ '%follows%'::text)"}]}]}, "Unique SQL Id": 4121279504}, "explain_analyze_plan": null}, "(64, 127)": {"explain_plan": {"Plan": {"Node Type": "Aggregate", "Strategy": "Plain", "Startup Cost": 8000025305535.09, "Total Cost": 8000025305535.1, "Plan Rows": 1, "Plan Width": 144, "Plans": [{"Node Type": "Nested Loop", "Parent Relationship": "Outer", "Join Type": "Inner", "Startup Cost": 80000000000.0, "Total Cost": 8000025305535.08, "Plan Rows": 1, "Plan Width": 48, "Inner Unique": true, "Join Filter": "(mc.company_type_id = ct.id)", "Plans": [{"Node Type": "Nested Loop", "Parent Relationship": "Outer", "Join Type": "Inner", "Startup Cost": 70000000000.0, "Total Cost": 7000025304304.82, "Plan Rows": 1, "Plan Width": 52, "Inner Unique": true, "Plans": [{"Node Type": "Nested Loop", "Parent Relationship": "Outer", "Join Type": "Inner", "Startup Cost": 60000000000.0, "Total Cost": 6000025304276.0, "Plan Rows": 1, "Plan Width": 37, "Inner Unique": true, "Join Filter": "(ml.movie_id = t.id)", "Plans": [{"Node Type": "Nested Loop", "Parent Relationship": "Outer", "Join Type": "Inner", "Startup Cost": 50000000000.0, "Total Cost": 5000025304244.59, "Plan Rows": 1, "Plan Width": 32, "Inner Unique": false, "Join Filter": "(ml.movie_id = mc.movie_id)", "Plans": [{"Node Type": "Index Scan", "Parent Relationship": "Outer", "Scan Direction": "Forward", "Index Name": "company_type_id_movie_companies", "Relation Name": "movie_companies", "Alias": "mc", "Startup Cost": 10000000000.0, "Total Cost": 1000009318217.0, "Plan Rows": 1269486, "Plan Width": 12, "Filter": "(note IS NULL), (LLVM Optimized)"}, {"Node Type": "Materialize", "Parent Relationship": "Inner", "Startup Cost": 40000000000.0, "Total Cost": 4000015795604.72, "Plan Rows": 10, "Plan Width": 20, "Plans": [{"Node Type": "Nested Loop", "Parent Relationship": "Outer", "Join Type": "Inner", "Startup Cost": 40000000000.0, "Total Cost": 4000015795604.67, "Plan Rows": 10, "Plan Width": 20, "Inner Unique": false, "Join Filter": "(mk.movie_id = ml.movie_id)", "Plans": [{"Node Type": "Nested Loop", "Parent Relationship": "Outer", "Join Type": "Inner", "Startup Cost": 20000000000.0, "Total Cost": 2000015686764.79, "Plan Rows": 33, "Plan Width": 4, "Inner Unique": true, "Join Filter": "(k.id = mk.keyword_id)", "Plans": [{"Node Type": "Index Scan", "Parent Relationship": "Outer", "Scan Direction": "Forward", "Index Name": "movie_id_movie_keyword", "Relation Name": "movie_keyword", "Alias": "mk", "Startup Cost": 10000000000.0, "Total Cost": 1000015300634.17, "Plan Rows": 4523929, "Plan Width": 8}, {"Node Type": "Materialize", "Parent Relationship": "Inner", "Startup Cost": 10000000000.0, "Total Cost": 1000000318271.69, "Plan Rows": 1, "Plan Width": 4, "Plans": [{"Node Type": "Index Scan", "Parent Relationship": "Outer", "Scan Direction": "Forward", "Index Name": "keyword_pkey", "Relation Name": "keyword", "Alias": "k", "Startup Cost": 10000000000.0, "Total Cost": 1000000318271.68, "Plan Rows": 1, "Plan Width": 4, "Filter": "((keyword)::text = 'sequel'::text)"}]}]}, {"Node Type": "Materialize", "Parent Relationship": "Inner", "Startup Cost": 20000000000.0, "Total Cost": 2000000107916.44, "Plan Rows": 1875, "Plan Width": 16, "Plans": [{"Node Type": "Nested Loop", "Parent Relationship": "Outer", "Join Type": "Inner", "Startup Cost": 20000000000.0, "Total Cost": 2000000107907.07, "Plan Rows": 1875, "Plan Width": 16, "Inner Unique": true, "Join Filter": "(lt.id = ml.link_type_id)", "Plans": [{"Node Type": "Index Scan", "Parent Relationship": "Outer", "Scan Direction": "Forward", "Index Name": "movie_id_movie_link", "Relation Name": "movie_link", "Alias": "ml", "Startup Cost": 10000000000.0, "Total Cost": 1000000106202.37, "Plan Rows": 29996, "Plan Width": 8}, {"Node Type": "Materialize", "Parent Relationship": "Inner", "Startup Cost": 10000000000.0, "Total Cost": 1000000001254.76, "Plan Rows": 1, "Plan Width": 16, "Plans": [{"Node Type": "Index Scan", "Parent Relationship": "Outer", "Scan Direction": "Forward", "Index Name": "link_type_pkey", "Relation Name": "link_type", "Alias": "lt", "Startup Cost": 10000000000.0, "Total Cost": 1000000001254.75, "Plan Rows": 1, "Plan Width": 16, "Filter": "((link)::text ~~ '%follows%'::text)"}]}]}]}]}]}]}, {"Node Type": "Index Scan", "Parent Relationship": "Inner", "Scan Direction": "Forward", "Index Name": "title_pkey", "Relation Name": "title", "Alias": "t", "Startup Cost": 10000000000.0, "Total Cost": 1000000000031.39, "Plan Rows": 1, "Plan Width": 21, "Index Cond": "(id = mk.movie_id)", "Filter": "(((title)::text ~~ '%Money%'::text) AND (production_year = 1998))"}]}, {"Node Type": "Index Scan", "Parent Relationship": "Inner", "Scan Direction": "Forward", "Index Name": "company_name_pkey", "Relation Name": "company_name", "Alias": "cn", "Startup Cost": 10000000000.0, "Total Cost": 1000000000028.81, "Plan Rows": 1, "Plan Width": 23, "Index Cond": "(id = mc.company_id)", "Filter": "(((country_code)::text <> '[pl]'::text) AND (((name)::text ~~ '%Film%'::text) OR ((name)::text ~~ '%Warner%'::text)))"}]}, {"Node Type": "Index Scan", "Parent Relationship": "Inner", "Scan Direction": "Forward", "Index Name": "company_type_pkey", "Relation Name": "company_type", "Alias": "ct", "Startup Cost": 10000000000.0, "Total Cost": 1000000001230.25, "Plan Rows": 1, "Plan Width": 4, "Filter": "((kind)::text = 'production companies'::text)"}]}]}, "Unique SQL Id": 4121279504}, "explain_analyze_plan": null}}